TRXV5
3
4
4
9
string Extension=J
integer IsArchMeasurement=1
integer IsSpherical=1
string Generator=SPM
string GeneratorVersion=1.3.1 Dev
double ArchRadius=0.449999988079071
integer FrequencyAxisIndex=0
integer AzimuthAxisIndex=1
integer ElevationAxisIndex=2
Frequency
5 136 690000000 960000000 LIN
Azimuth
7 8 0 2.74889357189107 LIN
Elevation
7 15 -2.74889357189107 2.74889357189107 LIN
Polar H Real Part
13
Polar H Imaginary Part
14
Polar V Real Part
13
Polar V Imaginary Part
14
Polar H Magnitude (dB)
12 0xC0000002 0 1
Polar H Phase
7 0xC0000003 0 1
Polar V Magnitude (dB)
12 0xC0000002 2 3
Polar V Phase
7 0xC0000003 2 3
-0.0212135314941406 -0.0205535888671875 0.112190246582031 -0.0442123413085938
-0.0251178741455078 -0.0156040191650391 0.0694732666015625 -0.0345497131347656
-0.0280113220214844 0.00336265563964844 0.000848293304443357 -0.00752830505371094
-0.0155572891235352 0.0156145095825195 -0.0152359008789062 0.0409126281738281
-0.00394725799560547 0.0148506164550781 -0.00395965576171876 0.0705184936523438
0.00666618347167969 0.0123624801635742 0.0321121215820313 0.102523803710938
0.0142602920532227 0.0124111175537109 0.0721817016601563 0.111167907714844
0.0103788375854492 0.0117683410644531 0.085540771484375 0.100379943847656
0.0158481597900391 0.0116415023803711 0.0717391967773438 0.0938720703125
0.0143470764160156 0.0212669372558594 0.041778564453125 0.084869384765625
0.00570869445800781 0.0279827117919922 0.0256919860839844 0.0481414794921875
-0.00677108764648438 0.0323925018310547 0.0235652923583984 0.0158290863037109
-0.0249462127685547 0.0191364288330078 0.0540351867675781 -0.00741958618164062
-0.0257091522216797 0.00419998168945313 0.12872314453125 -0.017578125
-0.0149707794189453 0.00211429595947266 0.18505859375 0.03582763671875
-0.0888671875 -0.0259552001953125 0.100090026855469 -0.0403366088867188
-0.0903472900390625 -0.0150146484375 0.0650100708007813 -0.0296440124511719
-0.083831787109375 0.0141677856445313 0.00769805908203125 -0.00970077514648438
-0.0636215209960938 0.0447959899902344 -0.0152378082275391 0.0331497192382812
-0.0316238403320313 0.0554618835449219 -0.0103378295898437 0.0614089965820313
0.0030364990234375 0.0670394897460938 0.0227203369140625 0.098297119140625
0.0305099487304688 0.0619659423828125 0.0595703125 0.101203918457031
0.0258827209472656 0.0565910339355469 0.0746307373046875 0.088104248046875
0.0337677001953125 0.0581512451171875 0.0635223388671875 0.07928466796875
0.0270233154296875 0.0701522827148438 0.0391006469726562 0.0720977783203125
0.00339508056640625 0.073150634765625 0.0221538543701172 0.0337581634521484
-0.0234146118164063 0.0764694213867188 0.0220966339111328 0.00410842895507813
-0.0628433227539063 0.0530624389648437 0.057708740234375 -0.02020263671875
-0.0807342529296875 0.0254135131835938 0.119316101074219 -0.0236968994140625
-0.0805816650390625 0.0120697021484375 0.169906616210938 0.0300750732421875
-0.145370483398438 -0.0299530029296875 0.0652389526367187 -0.038970947265625
-0.145706176757813 -0.0157623291015625 0.0444869995117187 -0.0254096984863281
-0.133255004882813 0.0204544067382812 0.0116605758666992 -0.00952053070068359
-0.107841491699219 0.0657501220703125 -0.00936508178710938 0.0218830108642578
-0.0594100952148437 0.08795166015625 -0.00996017456054688 0.0423507690429688
-0.00488281250000001 0.112388610839844 0.01324462890625 0.0763626098632813
0.0398635864257812 0.102668762207031 0.0385589599609375 0.0746994018554687
0.0367584228515625 0.0928421020507813 0.0514183044433594 0.0622291564941406
0.0478286743164063 0.0954055786132813 0.0434799194335937 0.0561904907226563
0.0398101806640625 0.107246398925781 0.0265579223632813 0.0522384643554688
0.00576782226562501 0.108329772949219 0.0108642578125 0.0178070068359375
-0.0293045043945313 0.112556457519531 0.0160436630249023 -0.00678443908691406
-0.0851898193359375 0.08551025390625 0.0552444458007812 -0.0275421142578125
-0.11920166015625 0.0501937866210938 0.09796142578125 -0.018646240234375
-0.132980346679688 0.0247726440429687 0.134872436523438 0.0300140380859375
-0.17822265625 -0.025848388671875 0.0177574157714844 -0.0383338928222656
-0.180526733398438 -0.012664794921875 0.01239013671875 -0.0214385986328125
-0.1617431640625 0.0277252197265625 0.0102157592773437 -0.00819683074951172
-0.134544372558594 0.0793075561523437 -0.00306081771850587 0.00818872451782227
-0.0783920288085937 0.109100341796875 -0.00580978393554688 0.0180320739746094
-0.011810302734375 0.14215087890625 0.00621414184570312 0.0431175231933594
0.0432662963867187 0.128524780273438 0.0153999328613281 0.0361099243164063
0.041961669921875 0.114959716796875 0.0214023590087891 0.0271282196044922
0.0556106567382812 0.120315551757813 0.0145149230957031 0.025177001953125
0.0452346801757812 0.130760192871094 0.00739479064941406 0.0237903594970703
0.00494384765625 0.129066467285156 -0.0020378828048706 -0.00159823894500732
-0.0337982177734375 0.131881713867188 0.00889492034912109 -0.0147314071655273
-0.0965805053710937 0.104339599609375 0.0455818176269531 -0.0263557434082031
-0.140251159667969 0.0663375854492187 0.0656890869140625 -0.00666809082031249
-0.160842895507812 0.03515625 0.085418701171875 0.032470703125
-0.184310913085937 -0.016021728515625 -0.0400314331054688 -0.0366554260253906
-0.186248779296875 -0.00111389160156248 -0.0282402038574219 -0.0159053802490234
-0.162033081054688 0.0367279052734375 0.00401782989501952 -0.00549173355102539
-0.134544372558594 0.08416748046875 0.00298452377319335 -0.00751113891601562
-0.0792083740234375 0.11224365234375 -0.00056552886962891 -0.0112037658691406
-0.012939453125 0.147750854492188 -0.0023496150970459 0.0010058879852295
0.0417556762695313 0.132537841796875 -0.0109539031982422 -0.00916862487792968
0.0411376953125 0.119888305664063 -0.0122346878051758 -0.0118255615234375
0.0530166625976563 0.126670837402344 -0.0178813934326172 -0.00823211669921875
0.0409774780273438 0.136146545410156 -0.0154953002929688 -0.00681781768798827
-0.00121307373046874 0.131614685058594 -0.0162429809570312 -0.0209369659423828
-0.0392990112304688 0.1314697265625 0.00150871276855468 -0.0213241577148437
-0.0991363525390625 0.103134155273438 0.0340366363525391 -0.0192756652832031
-0.142807006835937 0.0673980712890625 0.0299015045166015 0.0125694274902344
-0.167373657226563 0.0366973876953125 0.0295867919921875 0.0373497009277344
-0.15997314453125 -0.00250244140625001 -0.097564697265625 -0.0329818725585938
-0.158462524414063 0.0128173828125 -0.06787109375 -0.00866317749023438
-0.130218505859375 0.0409164428710937 -0.00819778442382813 -0.00266075134277343
-0.106666564941406 0.0739593505859375 0.00331306457519531 -0.0222759246826172
-0.0625228881835938 0.0957794189453125 0.000251770019531249 -0.0385322570800781
-0.00949859619140626 0.127067565917969 -0.0139312744140625 -0.0412521362304687
0.0339431762695313 0.114601135253906 -0.0371475219726563 -0.0519180297851562
0.033111572265625 0.106231689453125 -0.0444259643554687 -0.0484771728515625
0.0412445068359375 0.114952087402344 -0.0464057922363281 -0.0410690307617188
0.0265274047851562 0.121040344238281 -0.0342636108398437 -0.038665771484375
-0.0123748779296875 0.114013671875 -0.0262870788574219 -0.0398521423339844
-0.044830322265625 0.109672546386719 -0.00331306457519531 -0.0275363922119141
-0.0919952392578125 0.081329345703125 0.0214862823486328 -0.0104713439941406
-0.127403259277344 0.0532989501953125 -0.00674438476562501 0.0305023193359375
-0.149932861328125 0.0294342041015625 -0.0251274108886719 0.0398597717285156
-0.109466552734375 0.0105056762695313 -0.142578125 -0.0255889892578125
-0.103141784667969 0.02117919921875 -0.0977859497070313 0.000663757324218736
-0.07647705078125 0.0335845947265625 -0.0224456787109375 0.0022125244140625
-0.0627670288085938 0.0477752685546875 -0.00142478942871094 -0.0309677124023437
-0.0376205444335937 0.0611114501953125 -0.003662109375 -0.0555381774902344
-0.00560760498046874 0.0860595703125 -0.0266571044921875 -0.07269287109375
0.020538330078125 0.0799102783203125 -0.0604095458984375 -0.0839080810546875
0.0207138061523437 0.0768890380859375 -0.0696868896484375 -0.0774688720703125
0.02337646484375 0.0861053466796875 -0.0663299560546875 -0.071319580078125
0.00857543945312499 0.0879592895507813 -0.043609619140625 -0.0680351257324219
-0.0215225219726563 0.0790176391601563 -0.0281257629394531 -0.0575599670410156
-0.04296875 0.0719223022460938 -0.00382232666015625 -0.0334300994873047
-0.0699882507324219 0.0480537414550781 0.00823307037353515 -0.00406694412231445
-0.0926513671875 0.0316925048828125 -0.0407180786132813 0.0390853881835938
-0.110435485839844 0.0182113647460938 -0.0722808837890625 0.037109375
-0.0420989990234375 0.0166549682617188 -0.168243408203125 -0.015960693359375
-0.0336380004882813 0.0171527862548828 -0.113967895507812 0.0113372802734375
-0.0176925659179688 0.0126686096191406 -0.0332298278808594 0.00929641723632813
-0.0171031951904297 0.0100746154785156 -0.00823974609375 -0.0314579010009766
-0.0143823623657227 0.016322135925293 -0.0106925964355469 -0.0607070922851563
-0.00692367553710937 0.0330410003662109 -0.038665771484375 -0.0887527465820313
0.00149345397949218 0.0337467193603516 -0.07574462890625 -0.10125732421875
0.00429534912109375 0.0353164672851563 -0.0850982666015625 -0.0948944091796875
0.00349044799804687 0.0431671142578125 -0.0742111206054687 -0.0926742553710938
-0.00481796264648438 0.0407447814941406 -0.0426483154296875 -0.0903472900390625
-0.0189208984375 0.0325298309326172 -0.0212860107421875 -0.0692634582519531
-0.0256023406982422 0.026947021484375 -0.000598907470703125 -0.0375213623046875
-0.0315799713134766 0.0166282653808594 -0.0036463737487793 -0.00135660171508789
-0.0415382385253906 0.0152015686035156 -0.0665702819824219 0.03814697265625
-0.0545921325683594 0.0109291076660156 -0.105453491210938 0.0282669067382812
-0.0226993560791016 -0.0186786651611328 0.113265991210938 -0.0516281127929688
-0.0264320373535156 -0.0144195556640625 0.0701789855957031 -0.0400466918945313
-0.0280323028564453 0.00475883483886718 0.0014643669128418 -0.00791835784912109
-0.0151309967041016 0.0170488357543945 -0.0129966735839844 0.0429534912109375
-0.00259780883789062 0.0157184600830078 0.000190734863281242 0.0726699829101563
0.00726413726806641 0.0129003524780273 0.0401382446289063 0.102699279785156
0.0156898498535156 0.0119705200195313 0.0823287963867188 0.108192443847656
0.0119524002075195 0.011383056640625 0.0945358276367187 0.09625244140625
0.0177783966064453 0.0110187530517578 0.080963134765625 0.0906448364257813
0.0159130096435547 0.0210590362548828 0.0482711791992188 0.08428955078125
0.00762176513671875 0.0281887054443359 0.0288887023925781 0.0473861694335938
-0.0050048828125 0.0326652526855469 0.0253620147705078 0.0148658752441406
-0.0246143341064453 0.0209808349609375 0.0555953979492188 -0.0100898742675781
-0.0260601043701172 0.00582313537597656 0.130912780761719 -0.0265274047851563
-0.0148801803588867 0.00278568267822266 0.190643310546875 0.02484130859375
-0.092132568359375 -0.0202560424804687 0.101188659667969 -0.0467147827148438
-0.09259033203125 -0.00994873046875 0.0660438537597656 -0.0344352722167969
-0.0843276977539063 0.018890380859375 0.00784206390380859 -0.0108432769775391
-0.0621376037597656 0.0500030517578125 -0.0130901336669922 0.0350303649902344
-0.0288009643554688 0.0592575073242187 -0.006378173828125 0.0638275146484375
0.00804901123046874 0.0677452087402344 0.0305633544921875 0.0983505249023438
0.0357780456542969 0.0605392456054688 0.06829833984375 0.098419189453125
0.0309562683105469 0.0562973022460937 0.0822296142578125 0.0840072631835938
0.038970947265625 0.0572509765625 0.0707855224609375 0.0764541625976563
0.0326881408691406 0.0694046020507813 0.0453720092773438 0.0705947875976563
0.00778961181640626 0.0749053955078125 0.0244960784912109 0.0332107543945313
-0.0192947387695312 0.080047607421875 0.0233249664306641 0.00314140319824219
-0.061065673828125 0.0580711364746094 0.0576324462890625 -0.0240707397460937
-0.0816192626953125 0.0303878784179688 0.120246887207031 -0.0326385498046875
-0.08184814453125 0.0167388916015625 0.174667358398437 0.020416259765625
-0.150558471679688 -0.021148681640625 0.0653076171875 -0.0435409545898438
-0.14910888671875 -0.00787353515624999 0.0452346801757812 -0.0280113220214844
-0.134170532226563 0.02874755859375 0.0109739303588867 -0.0109977722167969
-0.106704711914063 0.0738906860351563 -0.00857734680175782 0.0234966278076172
-0.0552291870117188 0.0935211181640625 -0.006591796875 0.0437126159667969
0.00297546386718749 0.114212036132813 0.0199356079101562 0.0761947631835938
0.0482635498046875 0.101348876953125 0.045623779296875 0.0732650756835938
0.0446014404296875 0.0928573608398438 0.0567359924316406 0.0589561462402344
0.05645751953125 0.0946731567382813 0.0488128662109375 0.0539283752441406
0.0484237670898438 0.107353210449219 0.0313835144042969 0.0512809753417969
0.0126113891601562 0.111228942871094 0.012446403503418 0.0171718597412109
-0.0226593017578125 0.117401123046875 0.0164222717285156 -0.00743770599365234
-0.0815048217773438 0.0918807983398438 0.0542335510253906 -0.0323219299316406
-0.1190185546875 0.0580368041992187 0.0986404418945312 -0.0260162353515625
-0.134658813476563 0.0341644287109375 0.138778686523438 0.0224456787109375
-0.184326171875 -0.015655517578125 0.0168075561523437 -0.0397796630859375
-0.183807373046875 -0.00236511230468754 0.0118999481201172 -0.0220584869384766
-0.163284301757813 0.0374298095703125 0.0100774765014648 -0.00955009460449219
-0.13275146484375 0.0897293090820313 -0.00286388397216798 0.00919818878173829
-0.073638916015625 0.116279602050781 -0.00336837768554688 0.0186309814453125
-0.00210571289062501 0.144821166992188 0.0106315612792969 0.043182373046875
0.0535125732421875 0.1268310546875 0.0184745788574219 0.0355224609375
0.0516433715820312 0.115135192871094 0.0237083435058594 0.0253124237060547
0.0655975341796875 0.118827819824219 0.0166645050048828 0.0242366790771484
0.0558013916015625 0.130691528320313 0.0101432800292969 0.0231742858886719
0.014129638671875 0.132301330566406 -0.00144505500793457 -0.001001238822937
-0.0255508422851562 0.13800048828125 0.00841712951660156 -0.0154829025268555
-0.0920944213867187 0.112205505371094 0.0442543029785156 -0.0308341979980469
-0.139541625976563 0.075714111328125 0.0665130615234375 -0.0112876892089844
-0.162811279296875 0.0465087890625 0.0895767211914062 0.0282974243164063
-0.190017700195313 -0.00517272949218747 -0.0422286987304688 -0.0344200134277344
-0.190139770507813 0.01007080078125 -0.0289859771728516 -0.0139617919921875
-0.163070678710938 0.04681396484375 0.00310087203979491 -0.00709152221679687
-0.132850646972656 0.0944061279296875 0.00164604187011718 -0.00771903991699218
-0.0745162963867188 0.120262145996094 -0.000503540039062505 -0.0117158889770508
-0.00325012207031249 0.150466918945313 -0.000517725944519043 0.000478923320770273
0.0521697998046875 0.131195068359375 -0.0114955902099609 -0.00825023651123046
0.05047607421875 0.119728088378906 -0.013300895690918 -0.0113658905029297
0.0640335083007813 0.125724792480469 -0.0183620452880859 -0.00784683227539062
0.0514144897460938 0.136665344238281 -0.0152416229248047 -0.00702667236328124
0.0073699951171875 0.13494873046875 -0.0170440673828125 -0.0200729370117187
-0.0310440063476562 0.13763427734375 0.000539779663085937 -0.0217990875244141
-0.0949020385742187 0.111427307128906 0.0327548980712891 -0.0231513977050781
-0.14239501953125 0.0775299072265625 0.0314903259277344 0.0105228424072266
-0.169113159179688 0.0480804443359375 0.0329170227050781 0.0365791320800781
-0.16436767578125 0.00712585449218752 -0.100486755371094 -0.027587890625
-0.1611328125 0.0220489501953125 -0.0698928833007813 -0.00375366210937499
-0.130767822265625 0.0491561889648438 -0.00937080383300782 -0.00278186798095703
-0.105072021484375 0.0832366943359375 0.00139808654785155 -0.0228023529052734
-0.0583724975585938 0.102035522460937 -0.00101089477539063 -0.0399055480957031
-0.00115966796874999 0.129470825195313 -0.0150909423828125 -0.0417137145996094
0.0425338745117188 0.113960266113281 -0.0409317016601563 -0.0504722595214844
0.0421371459960937 0.106338500976563 -0.0489349365234375 -0.0463409423828125
0.0514068603515625 0.114776611328125 -0.0499534606933594 -0.0395088195800781
0.0358123779296875 0.121749877929687 -0.0364608764648437 -0.0377540588378906
-0.00470733642578124 0.117431640625 -0.0285415649414063 -0.0387153625488281
-0.0381622314453125 0.116325378417969 -0.00467109680175782 -0.0274791717529297
-0.0889053344726563 0.08843994140625 0.0205955505371094 -0.0131435394287109
-0.127700805664063 0.06158447265625 -0.00574493408203126 0.0314807891845703
-0.15191650390625 0.0399627685546875 -0.0229568481445313 0.0430641174316406
-0.111587524414062 0.0169677734375 -0.146682739257813 -0.017608642578125
-0.104415893554688 0.0270614624023438 -0.10009765625 0.00765991210937499
-0.0765762329101563 0.038330078125 -0.0226306915283203 0.00334930419921875
-0.0607261657714844 0.0538215637207031 -0.00405693054199219 -0.0318698883056641
-0.0344810485839844 0.0649337768554688 -0.00643539428710938 -0.0576553344726562
6.10351562499985E-05 0.0875091552734375 -0.0307846069335937 -0.0732421875
0.0266952514648438 0.0795516967773438 -0.0668487548828125 -0.082183837890625
0.0272445678710938 0.0768966674804688 -0.0768814086914063 -0.074493408203125
0.0307540893554688 0.0865097045898438 -0.072845458984375 -0.0682449340820313
0.0145645141601562 0.0889892578125 -0.048858642578125 -0.0675048828125
-0.0164642333984375 0.0820770263671875 -0.0309410095214844 -0.0569572448730469
-0.038787841796875 0.0768890380859375 -0.00567245483398438 -0.033966064453125
-0.0683364868164063 0.0532569885253906 0.00696039199829101 -0.00593090057373047
-0.093658447265625 0.0380783081054688 -0.0391769409179687 0.0429115295410156
-0.112510681152344 0.0262222290039063 -0.0717086791992188 0.0420074462890625
-0.0419044494628906 0.01947021484375 -0.17205810546875 -0.00650024414062497
-0.0336418151855469 0.0186100006103516 -0.116043090820312 0.0189971923828125
-0.0170154571533203 0.0135498046875 -0.0342864990234375 0.0112991333007812
-0.0172948837280273 0.0114507675170898 -0.0113887786865234 -0.0315704345703125
-0.014103889465332 0.0174751281738281 -0.0137672424316406 -0.0618705749511719
-0.00471878051757812 0.0335121154785156 -0.0445175170898438 -0.08856201171875
0.00454902648925781 0.0341968536376953 -0.0847244262695312 -0.096649169921875
0.00761795043945313 0.0352935791015625 -0.0936508178710938 -0.0905609130859375
0.00667190551757813 0.0435905456542969 -0.0827789306640625 -0.0888671875
-0.0019683837890625 0.04156494140625 -0.0492095947265625 -0.0898590087890625
-0.0168552398681641 0.034454345703125 -0.0256881713867187 -0.0693130493164062
-0.0238094329833984 0.0288524627685547 -0.00316619873046876 -0.0385284423828125
-0.0307407379150391 0.01873779296875 -0.00500774383544922 -0.00213479995727539
-0.0422134399414063 0.0180168151855469 -0.0656509399414063 0.043426513671875
-0.0557365417480469 0.0150413513183594 -0.105979919433594 0.0362930297851562
-0.02264404296875 -0.0171775817871094 0.110359191894531 -0.0565414428710937
-0.0269889831542969 -0.0126399993896484 0.0683403015136719 -0.0434417724609375
-0.0272140502929688 0.00592231750488282 0.00149202346801758 -0.00772714614868164
-0.0143547058105469 0.0171136856079102 -0.00922393798828125 0.0428237915039063
-0.00169181823730469 0.0157842636108398 0.00379180908203125 0.0724258422851562
0.00839519500732422 0.0121116638183594 0.0453262329101563 0.0995101928710938
0.015955924987793 0.0118284225463867 0.087554931640625 0.10113525390625
0.012782096862793 0.0105247497558594 0.0995101928710938 0.0885086059570313
0.0175399780273438 0.00958633422851563 0.0856094360351563 0.0848388671875
0.0176620483398438 0.0198822021484375 0.0526504516601563 0.0810317993164063
0.00937461853027344 0.0278835296630859 0.0312614440917969 0.0455474853515625
-0.00345611572265625 0.0320987701416016 0.0262565612792969 0.0136623382568359
-0.0229244232177734 0.0220432281494141 0.0544853210449219 -0.0134391784667969
-0.0259475708007812 0.00687408447265626 0.127037048339844 -0.0341033935546875
-0.0134048461914062 0.00380897521972656 0.189483642578125 0.014434814453125
-0.0919265747070313 -0.0146865844726563 0.09808349609375 -0.0513763427734375
-0.091583251953125 -0.00493621826171876 0.0639991760253906 -0.0368270874023438
-0.0821990966796875 0.02301025390625 0.00733566284179687 -0.0113706588745117
-0.0588226318359375 0.0522232055664062 -0.0107765197753906 0.0357513427734375
-0.0251693725585938 0.0598945617675781 -0.0015716552734375 0.0637168884277344
0.0124130249023437 0.0658721923828125 0.036407470703125 0.0958099365234375
0.0386886596679688 0.0579605102539063 0.0738754272460937 0.093536376953125
0.0340118408203125 0.0542030334472656 0.0865936279296875 0.0766220092773438
0.0424728393554688 0.0549087524414063 0.0749740600585938 0.070709228515625
0.0368804931640625 0.0669937133789062 0.0492973327636719 0.06787109375
0.0116806030273437 0.0739898681640625 0.0264148712158203 0.0315380096435547
-0.0145111083984375 0.0801620483398438 0.0234050750732422 0.00238037109375001
-0.0572433471679688 0.0596809387207031 0.0564422607421875 -0.0271644592285156
-0.078887939453125 0.034027099609375 0.116691589355469 -0.0394515991210938
-0.0798797607421875 0.02142333984375 0.173477172851563 0.0111846923828125
-0.149826049804687 -0.0128936767578125 0.0635719299316406 -0.04571533203125
-0.14776611328125 0.000122070312499986 0.0434455871582031 -0.0298652648925781
-0.131195068359375 0.0340194702148438 0.010676383972168 -0.0114917755126953
-0.100799560546875 0.0793075561523437 -0.0067119598388672 0.0234756469726563
-0.0494766235351562 0.0955657958984375 -0.00341033935546876 0.0438804626464844
0.00943756103515624 0.11212158203125 0.0249404907226562 0.0740127563476562
0.0537033081054688 0.0967788696289063 0.0493011474609375 0.069488525390625
0.0503311157226563 0.0891876220703125 0.0598526000976563 0.0540962219238281
0.0615234375 0.0899887084960938 0.051361083984375 0.0501708984375
0.0545730590820312 0.103157043457031 0.0352592468261719 0.0480117797851563
0.0194015502929687 0.1094970703125 0.0143699645996094 0.0171880722045898
-0.0154190063476563 0.117919921875 0.0160646438598633 -0.0077075958251953
-0.0762557983398437 0.0947494506835938 0.0519180297851562 -0.0356788635253906
-0.115951538085938 0.062835693359375 0.0955047607421875 -0.0312118530273437
-0.131134033203125 0.0407257080078125 0.138389587402344 0.01544189453125
-0.183563232421875 -0.00514221191406253 0.0152435302734375 -0.0405960083007813
-0.182022094726563 0.00743103027343752 0.0110092163085937 -0.0215606689453125
-0.159561157226563 0.04461669921875 0.00923919677734374 -0.0103950500488281
-0.126487731933594 0.0962448120117187 -0.00213336944580079 0.00951766967773438
-0.0666122436523437 0.11883544921875 -0.00161170959472657 0.0191059112548828
0.00627136230468749 0.142333984375 0.0141372680664063 0.0413360595703125
0.0600128173828125 0.121322631835937 0.0206222534179688 0.03411865234375
0.0587234497070313 0.11077880859375 0.0250873565673828 0.0227718353271484
0.0732421875 0.113594055175781 0.0182933807373047 0.022216796875
0.0634765625 0.125823974609375 0.0122241973876953 0.021942138671875
0.0211639404296875 0.130256652832031 -0.000520825386047362 -0.00113987922668456
-0.0167160034179688 0.13848876953125 0.00816822052001953 -0.0151128768920898
-0.0852127075195312 0.114631652832031 0.0417594909667969 -0.0340080261230469
-0.134918212890625 0.08172607421875 0.0651969909667969 -0.0150413513183594
-0.15899658203125 0.054962158203125 0.089874267578125 0.0234527587890625
-0.188247680664063 0.00534057617187497 -0.042999267578125 -0.0316047668457031
-0.187576293945313 0.0193023681640625 -0.029754638671875 -0.0112571716308594
-0.159393310546875 0.054290771484375 0.00169372558593749 -0.00716590881347656
-0.126708984375 0.101043701171875 0.000553131103515618 -0.00737380981445312
-0.0668792724609375 0.123039245605469 -0.000521659851074222 -0.011591911315918
0.00518798828125 0.148300170898438 0.000899314880371094 -0.000176966190338126
0.0588531494140625 0.12548828125 -0.0113658905029297 -0.00840473175048827
0.058258056640625 0.115562438964844 -0.0140352249145508 -0.0111417770385742
0.0716018676757813 0.121147155761719 -0.0189228057861328 -0.00724411010742187
0.0599212646484375 0.131217956542969 -0.0144414901733398 -0.00638580322265624
0.0151138305664063 0.133750915527344 -0.0168209075927734 -0.0192298889160156
-0.022491455078125 0.138839721679688 0.00016212463378906 -0.0210208892822266
-0.0875244140625 0.113853454589844 0.0299491882324219 -0.0258502960205078
-0.137603759765625 0.0830612182617188 0.0315513610839844 0.00903511047363282
-0.1651611328125 0.0573577880859375 0.0345726013183594 0.0354652404785156
-0.162353515625 0.0157470703125 -0.0999908447265625 -0.0216598510742187
-0.15875244140625 0.029815673828125 -0.0699577331542969 0.000663757324218749
-0.127456665039062 0.0541229248046875 -0.00932502746582032 -0.00216293334960937
-0.0995864868164063 0.0880661010742187 -0.000562667846679692 -0.0223064422607422
-0.0531082153320313 0.10400390625 -0.00255584716796876 -0.039581298828125
0.00600433349609375 0.127685546875 -0.0156517028808594 -0.0414009094238281
0.049041748046875 0.109367370605469 -0.0434036254882812 -0.047271728515625
0.04888916015625 0.102684020996094 -0.0510597229003906 -0.0431327819824219
0.0587081909179688 0.11065673828125 -0.0522193908691406 -0.0363426208496094
0.04296875 0.118263244628906 -0.0375938415527344 -0.0364913940429687
0.00156402587890625 0.116905212402344 -0.0294876098632812 -0.0372047424316406
-0.0299606323242187 0.117851257324219 -0.00568008422851563 -0.0269508361816406
-0.082427978515625 0.0914382934570313 0.0180873870849609 -0.0151271820068359
-0.123748779296875 0.0666580200195313 -0.00377845764160157 0.0318126678466797
-0.148300170898438 0.0482025146484375 -0.0203590393066406 0.0442085266113281
-0.110092163085938 0.0224456787109375 -0.1444091796875 -0.00993347167968747
-0.102401733398438 0.0325927734375 -0.0991134643554688 0.01312255859375
-0.0736770629882813 0.042327880859375 -0.0228214263916016 0.0045013427734375
-0.0577163696289063 0.0568199157714844 -0.00591278076171876 -0.0311832427978516
-0.031524658203125 0.0660667419433594 -0.00941085815429688 -0.0570144653320312
0.00460052490234375 0.0860671997070313 -0.0339279174804687 -0.07147216796875
0.0313644409179688 0.0761032104492188 -0.0706329345703125 -0.0759735107421875
0.03216552734375 0.0740280151367188 -0.080047607421875 -0.06884765625
0.0361099243164063 0.0836334228515625 -0.0758285522460937 -0.0636444091796875
0.0206451416015625 0.0871963500976563 -0.0517082214355469 -0.0646400451660156
-0.0113449096679688 0.0820465087890625 -0.0334625244140625 -0.0546875
-0.0335617065429688 0.0788726806640625 -0.00741767883300781 -0.0335235595703125
-0.0643577575683594 0.0559844970703125 0.00553131103515625 -0.00690078735351562
-0.0909194946289062 0.04241943359375 -0.0365676879882813 0.0453262329101563
-0.110198974609375 0.0321426391601563 -0.0686531066894531 0.0460319519042969
-0.0402679443359375 0.020599365234375 -0.1702880859375 0.00263977050781253
-0.0337982177734375 0.0203533172607422 -0.114059448242187 0.0260696411132813
-0.0163583755493164 0.0140628814697266 -0.0327377319335938 0.0133399963378906
-0.016383171081543 0.0124435424804688 -0.0137519836425781 -0.0310001373291016
-0.0130939483642578 0.0178470611572266 -0.0171051025390625 -0.0614013671875
-0.00281143188476562 0.0335102081298828 -0.0492782592773438 -0.08587646484375
0.00645828247070312 0.0333404541015625 -0.0889816284179688 -0.0909881591796875
0.0100479125976562 0.0345306396484375 -0.0977706909179688 -0.0838241577148437
0.0100555419921875 0.0426483154296875 -0.0872650146484375 -0.0831832885742187
0.000484466552734374 0.0416297912597656 -0.0545425415039063 -0.0861968994140625
-0.0152740478515625 0.0352249145507813 -0.0286102294921875 -0.0670700073242188
-0.0212688446044922 0.0305843353271484 -0.00537109375 -0.0376014709472656
-0.0289230346679687 0.0203266143798828 -0.00578069686889649 -0.00209665298461914
-0.0409049987792969 0.0200843811035156 -0.0627708435058594 0.0466995239257813
-0.0544166564941406 0.01806640625 -0.103050231933594 0.0412750244140625
-0.0224075317382813 -0.0154972076416016 0.107048034667969 -0.0581588745117188
-0.0264244079589844 -0.0117988586425781 0.0659980773925781 -0.0447883605957031
-0.0261306762695313 0.00621414184570313 0.00178861618041992 -0.0080876350402832
-0.0139312744140625 0.0176792144775391 -0.00779342651367188 0.0427055358886719
-0.00125694274902344 0.0154962539672852 0.00655364990234375 0.0710067749023438
0.00913333892822265 0.0113306045532227 0.0468215942382812 0.0965728759765625
0.0162220001220703 0.0107784271240234 0.0889663696289063 0.095977783203125
0.0126552581787109 0.0101594924926758 0.0994949340820313 0.0825958251953125
0.0178031921386719 0.00904273986816406 0.0859222412109375 0.08013916015625
0.0174179077148438 0.0190753936767578 0.0545730590820313 0.0777740478515625
0.00961494445800781 0.0272197723388672 0.031494140625 0.0437088012695313
-0.00277519226074218 0.0318622589111328 0.0260696411132813 0.0129966735839844
-0.0222415924072266 0.0213298797607422 0.0530471801757813 -0.0138053894042969
-0.0244655609130859 0.00702095031738281 0.122734069824219 -0.0366897583007813
-0.0124778747558594 0.00331974029541016 0.184005737304688 0.010009765625
-0.090087890625 -0.0117568969726563 0.09539794921875 -0.0523452758789063
-0.0894088745117188 -0.00277709960937502 0.0620460510253906 -0.0377082824707031
-0.0798110961914063 0.0237579345703125 0.00711250305175781 -0.0112285614013672
-0.0563735961914063 0.0527915954589844 -0.00848770141601563 0.0354347229003906
-0.0233993530273438 0.0591659545898437 0.000129699707031253 0.0621910095214844
0.01385498046875 0.0636749267578125 0.0386734008789062 0.09185791015625
0.0397987365722656 0.0552177429199219 0.074676513671875 0.0887985229492188
0.0351524353027344 0.0518074035644531 0.086456298828125 0.070770263671875
0.0432891845703125 0.0525360107421875 0.0754623413085938 0.0662994384765625
0.0380096435546875 0.0646896362304688 0.0509872436523438 0.0646896362304688
0.01312255859375 0.0729827880859375 0.0269298553466797 0.0306301116943359
-0.0117874145507812 0.07916259765625 0.0233516693115234 0.00199890136718751
-0.0546760559082031 0.0592269897460937 0.0537071228027344 -0.0281448364257812
-0.0772171020507812 0.0342941284179687 0.112510681152344 -0.0414505004882813
-0.076690673828125 0.0222091674804688 0.169052124023438 0.0070953369140625
-0.146743774414063 -0.00775146484374998 0.0613975524902344 -0.0456504821777344
-0.143661499023437 0.00329589843749998 0.0424385070800781 -0.0297203063964844
-0.127151489257813 0.0352325439453125 0.0100374221801758 -0.0112457275390625
-0.0966262817382813 0.0801773071289062 -0.00522422790527345 0.0236968994140625
-0.0461959838867187 0.0946807861328125 -0.00168609619140625 0.0432090759277344
0.0125885009765625 0.108489990234375 0.0277862548828125 0.0710678100585938
0.0547256469726562 0.0922088623046875 0.0507469177246094 0.0666465759277344
0.0523681640625 0.085693359375 0.0597190856933594 0.050262451171875
0.0635299682617188 0.08642578125 0.05169677734375 0.0466651916503906
0.0565872192382813 0.09844970703125 0.0359420776367187 0.0452728271484375
0.0211257934570312 0.106819152832031 0.0150260925292969 0.0163373947143555
-0.0120010375976563 0.115798950195312 0.0162887573242188 -0.00777244567871093
-0.0728073120117188 0.0931320190429688 0.0492515563964844 -0.0365219116210937
-0.112342834472656 0.0639266967773438 0.09259033203125 -0.0332717895507812
-0.126457214355469 0.0432510375976563 0.135284423828125 0.0118408203125
-0.178848266601563 -6.10351562500296E-05 0.0150184631347656 -0.0384750366210938
-0.177108764648438 0.0108642578125 0.0108070373535156 -0.0209102630615234
-0.154891967773438 0.0458526611328125 0.00836658477783202 -0.0101146697998047
-0.121604919433594 0.0967330932617187 -0.00159645080566407 0.00971603393554688
-0.0625991821289063 0.117698669433594 -0.000339508056640629 0.0183563232421875
0.00938415527343751 0.138351440429688 0.0166130065917969 0.0390625
0.0618057250976563 0.115982055664063 0.0215339660644531 0.0322494506835938
0.0609054565429687 0.106620788574219 0.0246372222900391 0.0210437774658203
0.0755615234375 0.1087646484375 0.0181026458740234 0.0207328796386719
0.0659637451171875 0.120635986328125 0.0133419036865234 0.0203475952148438
0.0237350463867188 0.127655029296875 0.000138342380523683 -0.000918567180633537
-0.0129013061523437 0.135498046875 0.0084991455078125 -0.0146865844726562
-0.0808868408203125 0.112762451171875 0.0391616821289062 -0.0348854064941406
-0.13079833984375 0.0819320678710938 0.0633468627929687 -0.0166091918945312
-0.15313720703125 0.0576629638671875 0.0882720947265625 0.0211257934570313
-0.183853149414062 0.0103607177734375 -0.0412635803222656 -0.029083251953125
-0.182647705078125 0.0233306884765625 -0.0286026000976563 -0.00944328308105468
-0.154815673828125 0.0550079345703125 0.00175476074218749 -0.00663423538208007
-0.121017456054688 0.101913452148437 0.000840663909912103 -0.00660085678100585
-0.0630111694335937 0.122085571289063 8.10623168945286E-05 -0.0114307403564453
0.0086517333984375 0.144027709960938 0.00211167335510254 -0.00150966644287108
0.06036376953125 0.120018005371094 -0.0108184814453125 -0.00724220275878906
0.0606918334960937 0.110916137695312 -0.0145349502563477 -0.0104484558105469
0.0750656127929688 0.115768432617188 -0.0187339782714844 -0.00716400146484374
0.0626449584960938 0.126502990722656 -0.0136404037475586 -0.00656890869140624
0.0181961059570313 0.131126403808594 -0.0157623291015625 -0.0184116363525391
-0.0179061889648438 0.13677978515625 0.000175476074218747 -0.0204372406005859
-0.0833816528320313 0.112564086914062 0.0276107788085938 -0.0264625549316406
-0.1339111328125 0.0839080810546875 0.0308704376220703 0.00767135620117188
-0.159713745117188 0.0603179931640625 0.0350189208984375 0.0339603424072266
-0.15911865234375 0.0193939208984375 -0.0973052978515625 -0.0189895629882812
-0.154281616210938 0.032684326171875 -0.06719970703125 0.00327301025390626
-0.123031616210937 0.0554046630859375 -0.0100288391113281 -0.0021524429321289
-0.0952072143554688 0.088623046875 -0.00102615356445313 -0.0216159820556641
-0.0497360229492187 0.103530883789063 -0.00318527221679688 -0.0386848449707031
0.00920867919921874 0.124221801757813 -0.0160026550292969 -0.0409431457519531
0.0501785278320313 0.104728698730469 -0.0428199768066406 -0.0443840026855469
0.0514297485351562 0.0981826782226563 -0.0508880615234375 -0.0399513244628906
0.0612945556640625 0.105827331542969 -0.0519905090332031 -0.0341339111328125
0.0458755493164063 0.114158630371094 -0.0376358032226563 -0.0350532531738281
0.00472259521484375 0.114662170410156 -0.028961181640625 -0.035919189453125
-0.0257034301757812 0.115875244140625 -0.00566864013671875 -0.0262336730957031
-0.0788650512695312 0.0904159545898438 0.0161256790161133 -0.0160636901855469
-0.119804382324219 0.06787109375 -0.00266265869140626 0.0313568115234375
-0.144058227539063 0.051239013671875 -0.0189552307128906 0.0436553955078125
-0.107086181640625 0.0245590209960937 -0.140518188476563 -0.00593566894531248
-0.0998382568359375 0.0331802368164063 -0.0960159301757813 0.016326904296875
-0.0715179443359375 0.0419464111328125 -0.0223121643066406 0.00522804260253906
-0.0547447204589844 0.057281494140625 -0.00732421875 -0.0300483703613281
-0.0290260314941406 0.0662689208984375 -0.0107498168945313 -0.0556106567382812
0.00658416748046874 0.0839462280273438 -0.0341415405273438 -0.0691680908203125
0.031890869140625 0.072845458984375 -0.07012939453125 -0.0717544555664063
0.0340499877929687 0.0711441040039063 -0.0801544189453125 -0.0634307861328125
0.038665771484375 0.0800399780273438 -0.0761871337890625 -0.0594253540039062
0.022979736328125 0.0842971801757812 -0.0526237487792969 -0.0620002746582031
-0.009521484375 0.0810012817382813 -0.0333442687988281 -0.0528602600097656
-0.0301437377929688 0.0777206420898438 -0.00778388977050782 -0.0325889587402344
-0.0614471435546875 0.0554924011230469 0.00435972213745117 -0.00766658782958984
-0.0887222290039063 0.0429611206054688 -0.0338935852050781 0.0453720092773438
-0.106269836425781 0.0346755981445313 -0.0658073425292969 0.0470314025878906
-0.0393600463867188 0.0206756591796875 -0.165084838867188 0.00585937500000003
-0.0331611633300781 0.0199470520019531 -0.1103515625 0.0281982421875
-0.0156984329223633 0.0141391754150391 -0.0320262908935547 0.0138874053955078
-0.0157794952392578 0.0130558013916016 -0.0143451690673828 -0.0302848815917969
-0.0132160186767578 0.0182151794433594 -0.0189552307128906 -0.0598068237304688
-0.00247573852539063 0.033111572265625 -0.0501708984375 -0.0824127197265625
0.00698661804199219 0.0314273834228516 -0.0890579223632813 -0.0858230590820313
0.0114688873291016 0.0330772399902344 -0.0972671508789063 -0.0780487060546875
0.0119132995605469 0.0413017272949219 -0.0873794555664062 -0.0780487060546875
0.00189208984375 0.0406379699707031 -0.0555801391601563 -0.0831832885742188
-0.0135269165039063 0.0347328186035156 -0.0290298461914062 -0.0647659301757813
-0.0194587707519531 0.0304431915283203 -0.005859375 -0.0367088317871094
-0.0273914337158203 0.0198574066162109 -0.00627899169921875 -0.00198698043823242
-0.03997802734375 0.0206222534179687 -0.0594902038574219 0.0475997924804687
-0.0528526306152344 0.0195045471191406 -0.0991973876953125 0.0431747436523438
-0.0214748382568359 -0.0149402618408203 0.107246398925781 -0.057098388671875
-0.0256843566894531 -0.0120677947998047 0.0660171508789063 -0.0441093444824219
-0.0260124206542969 0.00580978393554687 0.00243186950683594 -0.00802803039550781
-0.0134906768798828 0.0180759429931641 -0.00681686401367188 0.0425910949707031
-0.00142765045166016 0.0152645111083984 0.0071258544921875 0.070556640625
0.00902271270751953 0.011383056640625 0.0465011596679687 0.0960464477539063
0.0165424346923828 0.0109472274780273 0.0879745483398438 0.0944671630859375
0.0125360488891602 0.0106945037841797 0.09844970703125 0.0806350708007812
0.0177192687988281 0.00859260559082031 0.084991455078125 0.0790939331054688
0.0168704986572266 0.0186481475830078 0.0536422729492187 0.0772476196289063
0.00903701782226562 0.0271701812744141 0.0308914184570313 0.0439567565917969
-0.00250816345214844 0.0309333801269531 0.0261898040771484 0.0133571624755859
-0.0221786499023438 0.0205936431884766 0.0531578063964844 -0.01287841796875
-0.0245189666748047 0.00705718994140625 0.121559143066406 -0.0355911254882813
-0.0121927261352539 0.00289058685302735 0.181503295898438 0.01141357421875
-0.0882644653320313 -0.0118331909179688 0.0956802368164063 -0.050323486328125
-0.0877609252929688 -0.00329589843749999 0.061859130859375 -0.0374336242675781
-0.0784225463867188 0.0216293334960938 0.00731754302978515 -0.0106697082519531
-0.0561447143554688 0.0516586303710938 -0.00805091857910157 0.0345535278320313
-0.0231971740722656 0.0582351684570313 0.000679016113281244 0.0620155334472656
0.0136871337890625 0.0621795654296875 0.038543701171875 0.0910263061523437
0.0394515991210937 0.0545234680175781 0.0738525390625 0.0869216918945313
0.0349922180175781 0.0516014099121094 0.0846633911132813 0.0695114135742188
0.0435104370117188 0.051788330078125 0.0747222900390625 0.0656890869140625
0.0373878479003906 0.0641098022460938 0.0506820678710937 0.0639266967773438
0.0131149291992188 0.0725479125976563 0.0266609191894531 0.0305118560791016
-0.0121612548828125 0.0785293579101562 0.023651123046875 0.00270271301269532
-0.0554771423339844 0.0573463439941406 0.0537567138671875 -0.0276832580566406
-0.0771560668945313 0.0331268310546875 0.11077880859375 -0.0405197143554688
-0.0749664306640625 0.021453857421875 0.166641235351563 0.0091094970703125
-0.1441650390625 -0.00878906249999998 0.0613441467285156 -0.0438652038574219
-0.141433715820313 0.00175476074218747 0.0428428649902344 -0.0290069580078125
-0.125953674316406 0.0329055786132812 0.010371208190918 -0.0106258392333984
-0.0960006713867188 0.0788650512695312 -0.0049724578857422 0.0240077972412109
-0.0465850830078125 0.09332275390625 -0.000671386718750007 0.0422477722167969
0.0118865966796875 0.106796264648438 0.0281295776367187 0.0698661804199219
0.052703857421875 0.0907058715820313 0.0498123168945313 0.0649147033691406
0.0517501831054688 0.0849151611328125 0.0581741333007813 0.0488777160644531
0.0637130737304688 0.0855178833007813 0.0505447387695313 0.0457305908203125
0.0560150146484375 0.0982589721679688 0.0358543395996094 0.0448799133300781
0.0202102661132813 0.10693359375 0.0150022506713867 0.0162982940673828
-0.0123748779296875 0.1153564453125 0.0163097381591797 -0.00718021392822265
-0.0728836059570312 0.09161376953125 0.0479049682617187 -0.0355873107910156
-0.113075256347656 0.0620574951171875 0.0912551879882813 -0.0319671630859375
-0.124847412109375 0.041473388671875 0.133514404296875 0.0134963989257813
-0.177017211914063 -0.000808715820312536 0.0159263610839844 -0.0372772216796875
-0.175491333007813 0.00946044921875001 0.0111408233642578 -0.0194778442382813
-0.153839111328125 0.0428924560546875 0.00869274139404296 -0.00919437408447265
-0.121414184570313 0.0946884155273437 -0.00145339965820313 0.00989246368408204
-0.0630416870117187 0.116195678710938 0.00067329406738281 0.0183296203613281
0.008148193359375 0.135688781738281 0.0172119140625 0.0377044677734375
0.0601272583007812 0.114341735839844 0.0224227905273438 0.0319499969482422
0.0609893798828125 0.10589599609375 0.0237216949462891 0.0205612182617188
0.0757675170898438 0.107864379882813 0.017669677734375 0.0206050872802734
0.0658035278320312 0.120140075683594 0.0138053894042969 0.0192890167236328
0.0233078002929687 0.12744140625 0.00102901458740235 -0.00125658512115478
-0.0129318237304687 0.135101318359375 0.00891208648681641 -0.0143470764160156
-0.0812835693359375 0.110450744628906 0.0374488830566406 -0.0348472595214844
-0.131332397460938 0.0799713134765625 0.0624275207519531 -0.0161933898925781
-0.151931762695313 0.0561676025390625 0.0868377685546875 0.0224761962890625
-0.182891845703125 0.00903320312499999 -0.0397148132324219 -0.0285797119140625
-0.180770874023438 0.0208282470703125 -0.0281600952148438 -0.00790214538574219
-0.154006958007812 0.0519561767578125 0.00187969207763671 -0.00585031509399414
-0.120635986328125 0.10028076171875 0.000924587249755852 -0.0057387351989746
-0.0633010864257812 0.120529174804688 0.000869750976562497 -0.0111007690429687
0.007415771484375 0.142440795898438 0.00297141075134277 -0.00231671333312987
0.0585250854492188 0.1187744140625 -0.00944805145263672 -0.00650596618652343
0.0604934692382813 0.109916687011719 -0.01434326171875 -0.0110683441162109
0.074249267578125 0.1143798828125 -0.0187225341796875 -0.00691223144531249
0.0620346069335938 0.125801086425781 -0.0131893157958984 -0.00748443603515624
0.0176467895507813 0.13006591796875 -0.0151004791259766 -0.018585205078125
-0.0179443359375 0.135231018066406 0.00113868713378906 -0.0201930999755859
-0.0844573974609375 0.109931945800781 0.0264453887939453 -0.0266036987304687
-0.134185791015625 0.0821762084960937 0.0305156707763672 0.00811004638671876
-0.158248901367188 0.0590362548828125 0.0342235565185547 0.0344352722167969
-0.157638549804687 0.0181121826171875 -0.09521484375 -0.018707275390625
-0.153411865234375 0.0308380126953125 -0.0665817260742188 0.00360488891601563
-0.123565673828125 0.0525283813476562 -0.010075569152832 -0.0014657974243164
-0.0951995849609375 0.0877456665039063 -0.00122451782226563 -0.0206813812255859
-0.050323486328125 0.103065490722656 -0.00201034545898438 -0.0391502380371094
0.00801086425781249 0.123130798339844 -0.0145530700683594 -0.0416908264160156
0.048797607421875 0.103172302246094 -0.0419273376464844 -0.0437278747558594
0.0511093139648437 0.097503662109375 -0.0505256652832031 -0.0395431518554687
0.0608139038085937 0.104484558105469 -0.05181884765625 -0.0333595275878906
0.0452880859375 0.112876892089844 -0.0369873046875 -0.0351104736328125
0.00496673583984375 0.1142578125 -0.0277290344238281 -0.0358390808105469
-0.025848388671875 0.115402221679688 -0.00504684448242188 -0.0258140563964844
-0.0789642333984375 0.0881881713867187 0.0148849487304687 -0.016082763671875
-0.120361328125 0.0663223266601562 -0.00269508361816407 0.0313472747802735
-0.142623901367188 0.0501251220703125 -0.0191459655761719 0.043548583984375
-0.106422424316406 0.0242233276367188 -0.138229370117188 -0.00695800781249997
-0.0997314453125 0.0330352783203125 -0.0950698852539063 0.0165557861328125
-0.0717010498046875 0.0402450561523438 -0.0223026275634766 0.00461578369140625
-0.0552978515625 0.0567131042480469 -0.00698471069335938 -0.0292186737060547
-0.0296516418457031 0.065887451171875 -0.0103340148925781 -0.0555381774902344
0.00628662109374999 0.083343505859375 -0.033203125 -0.0696182250976563
0.0310592651367187 0.071990966796875 -0.068878173828125 -0.070892333984375
0.0342216491699219 0.069793701171875 -0.0791244506835938 -0.0622940063476562
0.0392227172851563 0.07958984375 -0.0749969482421875 -0.0585098266601563
0.0225830078125 0.0838165283203125 -0.0518951416015625 -0.0617027282714844
-0.00962829589843751 0.0801544189453125 -0.0320281982421875 -0.0525932312011719
-0.02923583984375 0.076904296875 -0.00685501098632813 -0.0316619873046875
-0.0613555908203125 0.05377197265625 0.00308418273925781 -0.0072174072265625
-0.0886917114257813 0.0419769287109375 -0.0345230102539063 0.0450973510742188
-0.10565185546875 0.03387451171875 -0.0657539367675781 0.046112060546875
-0.0395164489746094 0.02001953125 -0.162826538085938 0.00366210937499997
-0.0328845977783203 0.0197124481201172 -0.109130859375 0.0279922485351563
-0.0158843994140625 0.0146017074584961 -0.0317859649658203 0.0129241943359375
-0.0153408050537109 0.0127964019775391 -0.0144405364990234 -0.0297508239746094
-0.0130348205566406 0.0188579559326172 -0.0180702209472656 -0.0593528747558594
-0.00279617309570313 0.0330562591552734 -0.048797607421875 -0.0826568603515625
0.00639915466308594 0.0316963195800781 -0.088409423828125 -0.0843048095703125
0.0115509033203125 0.0319404602050781 -0.0959930419921875 -0.0761260986328125
0.0118370056152344 0.0405120849609375 -0.0860443115234375 -0.0765457153320313
0.0012969970703125 0.0400428771972656 -0.0550308227539063 -0.0826263427734375
-0.0135307312011719 0.0342674255371094 -0.0281791687011719 -0.0648460388183594
-0.0192012786865234 0.0301113128662109 -0.00562667846679687 -0.0365371704101563
-0.0275688171386719 0.0188198089599609 -0.0070643424987793 -0.0020442008972168
-0.0409049987792969 0.0202407836914063 -0.0592269897460938 0.0468673706054688
-0.0524063110351563 0.0195388793945313 -0.09893798828125 0.0422210693359375
-0.0212917327880859 -0.0150966644287109 0.111167907714844 -0.0562667846679687
-0.0261344909667969 -0.0131206512451172 0.0689659118652344 -0.0448799133300781
-0.0267963409423828 0.00503540039062499 0.00313997268676758 -0.00800609588623047
-0.0141029357910156 0.0177974700927734 -0.0070037841796875 0.0428276062011719
-0.00186538696289062 0.0156431198120117 0.00590515136718751 0.0716018676757813
0.00914764404296875 0.0110387802124023 0.0464859008789062 0.0992202758789063
0.0171775817871094 0.0113954544067383 0.0885162353515625 0.0972518920898438
0.0128393173217773 0.0113658905029297 0.099151611328125 0.0826644897460937
0.0177135467529297 0.0093231201171875 0.0859756469726563 0.0810089111328125
0.0181198120117187 0.0199756622314453 0.0542678833007813 0.080230712890625
0.00919342041015625 0.0283870697021484 0.0309906005859375 0.0463371276855469
-0.00349807739257812 0.0316791534423828 0.0261878967285156 0.0147247314453125
-0.0232162475585937 0.0209808349609375 0.0547676086425781 -0.012542724609375
-0.0249919891357422 0.00583267211914063 0.124046325683594 -0.03497314453125
-0.0122489929199219 0.00264930725097656 0.184799194335938 0.016143798828125
-0.0889739990234375 -0.0126724243164063 0.0995101928710938 -0.0499038696289063
-0.089080810546875 -0.00567626953125 0.0644569396972656 -0.036163330078125
-0.0808563232421875 0.0199813842773438 0.00829792022705078 -0.0105838775634766
-0.0579986572265625 0.0522880554199219 -0.00873565673828126 0.0354804992675781
-0.0251007080078125 0.0588302612304688 1.90734863281225E-05 0.0627365112304688
0.0123138427734375 0.0638465881347656 0.0390853881835937 0.093170166015625
0.0390052795410156 0.0556831359863281 0.0749969482421875 0.0894851684570312
0.0357246398925781 0.0537872314453125 0.0847702026367188 0.0709304809570313
0.0442886352539063 0.0538215637207031 0.075531005859375 0.0672149658203125
0.0379905700683594 0.0663642883300781 0.0512733459472656 0.0658378601074219
0.0121917724609375 0.07470703125 0.0268707275390625 0.0323314666748047
-0.0135421752929687 0.0803756713867188 0.0239849090576172 0.00306892395019532
-0.0579414367675781 0.0578193664550781 0.0547904968261719 -0.0269584655761719
-0.0799713134765625 0.0323257446289062 0.114547729492187 -0.03973388671875
-0.0770111083984375 0.0196456909179688 0.169601440429687 0.0126190185546875
-0.146652221679688 -0.01092529296875 0.0645599365234375 -0.042724609375
-0.145477294921875 -0.00120544433593749 0.0441207885742187 -0.0279083251953125
-0.130195617675781 0.03009033203125 0.010645866394043 -0.0106115341186523
-0.0993270874023437 0.0788650512695313 -0.0047893524169922 0.0249519348144531
-0.049468994140625 0.0947036743164063 -0.000694274902343757 0.0432357788085938
0.0105361938476563 0.108711242675781 0.0288543701171875 0.0707473754882812
0.0535507202148438 0.0933456420898438 0.0504608154296875 0.066741943359375
0.0519332885742188 0.0877304077148437 0.0579948425292969 0.0503387451171875
0.0644760131835938 0.0881805419921875 0.0507774353027344 0.0473403930664063
0.056427001953125 0.101287841796875 0.036712646484375 0.0452384948730469
0.01953125 0.110206604003906 0.0159006118774414 0.0167760848999024
-0.0145111083984375 0.117622375488281 0.0179653167724609 -0.00670814514160156
-0.07733154296875 0.0912322998046875 0.0487213134765625 -0.0357208251953125
-0.117813110351563 0.0610809326171875 0.0934524536132813 -0.0315170288085937
-0.128135681152344 0.040252685546875 0.135986328125 0.0167694091796875
-0.180084228515625 -0.0030975341796875 0.0178680419921875 -0.0367813110351563
-0.179519653320313 0.00604248046874996 0.0118618011474609 -0.0190200805664062
-0.158889770507813 0.0390777587890625 0.00910758972167968 -0.00920677185058594
-0.125724792480469 0.095428466796875 -0.00127506256103516 0.0111608505249024
-0.0666351318359375 0.117897033691406 0.000759124755859372 0.0180778503417969
0.00618743896484375 0.139022827148438 0.0181083679199219 0.0375099182128906
0.0597763061523437 0.117607116699219 0.0224704742431641 0.0327548980712891
0.0608062744140625 0.108757019042969 0.023284912109375 0.0210895538330078
0.076171875 0.110557556152344 0.0172405242919922 0.0212917327880859
0.0661773681640625 0.124015808105469 0.0143203735351563 0.0192699432373047
0.0224685668945313 0.131011962890625 0.0012744665145874 -0.00140678882598876
-0.0150070190429687 0.13861083984375 0.00958919525146484 -0.0144767761230469
-0.0860595703125 0.111152648925781 0.0376358032226562 -0.0349349975585937
-0.136611938476563 0.0789718627929688 0.0636482238769531 -0.0154876708984375
-0.155914306640625 0.0548248291015625 0.0883712768554687 0.0253143310546875
-0.1868896484375 0.00677490234374998 -0.0388069152832031 -0.0291557312011719
-0.1854248046875 0.0187225341796875 -0.0277500152587891 -0.00777816772460938
-0.1593017578125 0.04949951171875 0.00236797332763671 -0.00556087493896484
-0.125617980957031 0.10125732421875 0.000998497009277337 -0.00527095794677734
-0.0677413940429687 0.123275756835938 0.0016946792602539 -0.0122976303100586
0.00538635253906249 0.145294189453125 0.0043482780456543 -0.00342535972595214
0.0578231811523438 0.122169494628906 -0.00956249237060547 -0.0072946548461914
0.0605850219726563 0.113029479980469 -0.0146255493164062 -0.00999069213867187
0.0762863159179688 0.118011474609375 -0.0192756652832031 -0.00632476806640624
0.0623245239257813 0.129180908203125 -0.0125999450683594 -0.00846099853515624
0.0165557861328125 0.134368896484375 -0.01483154296875 -0.0196018218994141
-0.019775390625 0.139152526855469 0.00199699401855469 -0.0200519561767578
-0.0889511108398438 0.110191345214844 0.0254936218261719 -0.0270652770996094
-0.140090942382812 0.0817184448242188 0.0305099487304687 0.00887489318847657
-0.162506103515625 0.057830810546875 0.0337104797363281 0.0360374450683594
-0.162078857421875 0.0166168212890625 -0.0963592529296875 -0.0208587646484375
-0.158157348632813 0.028961181640625 -0.0675163269042969 0.00382232666015624
-0.127967834472656 0.0507736206054688 -0.00979995727539063 -0.00111103057861328
-0.0997543334960937 0.08856201171875 -0.000806808471679692 -0.0200672149658203
-0.0532073974609375 0.105278015136719 -0.00158691406250001 -0.0401268005371094
0.00634765625 0.126296997070313 -0.0128440856933594 -0.0438041687011719
0.0475997924804688 0.106422424316406 -0.0416831970214844 -0.044830322265625
0.0511474609375 0.100051879882813 -0.0506324768066406 -0.0402374267578125
0.061920166015625 0.1075439453125 -0.0522880554199219 -0.0343399047851562
0.0458145141601562 0.1163330078125 -0.0370979309082031 -0.0367889404296875
0.00346374511718751 0.117179870605469 -0.0275154113769531 -0.0379142761230469
-0.0281829833984375 0.117874145507813 -0.00464057922363281 -0.026611328125
-0.0826568603515625 0.0890045166015625 0.0135583877563477 -0.016082763671875
-0.125823974609375 0.0664520263671875 -0.0028514862060547 0.0317859649658203
-0.14556884765625 0.0484161376953125 -0.0207176208496094 0.0448074340820313
-0.109397888183594 0.0220947265625 -0.139869689941406 -0.00970458984374999
-0.102981567382813 0.0318603515625 -0.0964431762695313 0.0160903930664063
-0.0740509033203125 0.0401153564453125 -0.0222835540771484 0.00484085083007813
-0.0574493408203125 0.057037353515625 -0.00722885131835938 -0.0294837951660156
-0.0315780639648437 0.0676498413085938 -0.00885391235351562 -0.0573043823242187
0.00495910644531251 0.0854110717773438 -0.032440185546875 -0.0723953247070313
0.030670166015625 0.0741653442382813 -0.06915283203125 -0.0727920532226562
0.0342559814453125 0.07220458984375 -0.0796432495117188 -0.0638427734375
0.038970947265625 0.0811386108398438 -0.0759353637695312 -0.0593414306640625
0.022369384765625 0.08575439453125 -0.0521430969238281 -0.0639801025390625
-0.0105361938476562 0.0826950073242188 -0.0323410034179688 -0.0550651550292969
-0.0305938720703125 0.0783309936523438 -0.00708770751953125 -0.0327072143554688
-0.0643157958984375 0.0531387329101562 0.00210189819335937 -0.0072793960571289
-0.0925827026367188 0.0421142578125 -0.0357170104980469 0.0452919006347656
-0.1082763671875 0.0332183837890625 -0.0677299499511719 0.0460281372070313
-0.0411605834960938 0.01971435546875 -0.1654052734375 0.000259399414062516
-0.0347824096679687 0.0199680328369141 -0.112190246582031 0.026885986328125
-0.0161256790161133 0.0143899917602539 -0.0322742462158203 0.0135498046875
-0.0165481567382813 0.012181282043457 -0.0151500701904297 -0.0304279327392578
-0.0142173767089844 0.0192623138427734 -0.01806640625 -0.0606231689453125
-0.00206756591796875 0.0339527130126953 -0.0490264892578125 -0.0846786499023438
0.00577163696289062 0.0325145721435547 -0.0881729125976563 -0.0870132446289063
0.0109291076660156 0.0331497192382813 -0.0960922241210938 -0.0782012939453125
0.0125389099121094 0.0414657592773438 -0.0874099731445313 -0.078094482421875
0.00121688842773437 0.0411300659179687 -0.0558242797851562 -0.08502197265625
-0.0143165588378906 0.0350341796875 -0.0286598205566406 -0.0666389465332031
-0.019927978515625 0.0301589965820313 -0.00479888916015625 -0.0374526977539062
-0.0290603637695313 0.019012451171875 -0.00849151611328125 -0.00224018096923828
-0.0418014526367188 0.0205917358398437 -0.0614814758300781 0.0474967956542969
-0.0537948608398438 0.0188751220703125 -0.101844787597656 0.0414505004882813
-0.0215797424316406 -0.0167522430419922 0.117507934570313 -0.058807373046875
-0.0269641876220703 -0.0144901275634766 0.0725326538085938 -0.0468597412109375
-0.0279407501220703 0.005218505859375 0.00379705429077148 -0.00856399536132813
-0.01470947265625 0.0188541412353516 -0.00663757324218751 0.0443382263183594
-0.00239658355712891 0.0161104202270508 0.0059967041015625 0.075408935546875
0.00919151306152344 0.0108642578125 0.0493087768554688 0.1038818359375
0.0184593200683594 0.0112438201904297 0.0935592651367188 0.101478576660156
0.0138387680053711 0.0124979019165039 0.103294372558594 0.0855789184570313
0.0190010070800781 0.00991058349609375 0.0904083251953125 0.0843429565429687
0.0187187194824219 0.0211715698242188 0.0578460693359375 0.083587646484375
0.00914192199707031 0.0306434631347656 0.032745361328125 0.0495033264160156
-0.00398063659667969 0.0334281921386719 0.0279197692871094 0.0155677795410156
-0.0240287780761719 0.0220851898193359 0.057586669921875 -0.012542724609375
-0.026458740234375 0.00591850280761718 0.129852294921875 -0.0371627807617188
-0.0127744674682617 0.00180149078369141 0.193008422851563 0.01751708984375
-0.0931396484375 -0.0138015747070313 0.105155944824219 -0.0518035888671875
-0.0939178466796875 -0.00694274902343748 0.0675239562988281 -0.0378189086914063
-0.0853195190429688 0.0199050903320312 0.00941276550292968 -0.0109758377075195
-0.0611801147460938 0.0553092956542969 -0.00774002075195313 0.0375900268554688
-0.0270843505859375 0.0621414184570312 0.00124359130859375 0.0657844543457031
0.0123481750488281 0.0659255981445313 0.0414810180664063 0.097320556640625
0.0409088134765625 0.0579833984375 0.0790023803710938 0.0936279296875
0.037811279296875 0.0562362670898438 0.0882415771484375 0.0739974975585938
0.0461616516113281 0.0559196472167969 0.0782623291015625 0.0700531005859375
0.0402603149414062 0.0696487426757813 0.0546379089355469 0.068603515625
0.0127792358398438 0.079864501953125 0.0288028717041016 0.0338897705078125
-0.0151138305664063 0.0846481323242188 0.0257129669189453 0.00384902954101563
-0.0618095397949219 0.0600967407226563 0.0571937561035156 -0.0282478332519531
-0.0854110717773438 0.0339508056640625 0.119476318359375 -0.0416107177734375
-0.0802230834960937 0.0201263427734375 0.177505493164063 0.014739990234375
-0.15350341796875 -0.01141357421875 0.06951904296875 -0.0440597534179688
-0.152862548828125 -0.00144958496093753 0.0473823547363281 -0.0283584594726562
-0.137130737304688 0.0297470092773438 0.0119190216064453 -0.0105772018432617
-0.104293823242188 0.08258056640625 -0.00518226623535157 0.0264148712158203
-0.053192138671875 0.0994873046875 -0.000316619873046876 0.0453071594238281
0.009765625 0.11346435546875 0.03057861328125 0.07354736328125
0.0555419921875 0.0979690551757813 0.0535736083984375 0.06988525390625
0.0557861328125 0.0919570922851563 0.0600738525390625 0.0523757934570313
0.0685195922851563 0.0922622680664063 0.0531158447265625 0.0498619079589844
0.0596084594726563 0.106124877929687 0.0389633178710938 0.047271728515625
0.020904541015625 0.117042541503906 0.0172309875488281 0.0176277160644531
-0.0145111083984375 0.124465942382813 0.0192413330078125 -0.00647354125976562
-0.082794189453125 0.0955123901367188 0.0502815246582031 -0.0375328063964844
-0.124443054199219 0.0637588500976562 0.09814453125 -0.03326416015625
-0.13427734375 0.0417251586914063 0.142471313476563 0.0187225341796875
-0.188583374023438 -0.00346374511718751 0.0199546813964844 -0.0382041931152344
-0.189178466796875 0.00653076171875002 0.0134906768798828 -0.0184535980224609
-0.168258666992188 0.0398406982421875 0.0099506378173828 -0.00873565673828125
-0.132469177246094 0.100257873535156 -0.000911712646484383 0.0124435424804688
-0.0710067749023438 0.124664306640625 0.00192832946777343 0.0182895660400391
0.00631713867187499 0.145126342773438 0.0201034545898438 0.0384864807128906
0.0620498657226563 0.123497009277344 0.0242710113525391 0.0337657928466797
0.0647964477539063 0.114883422851563 0.0238094329833984 0.0225124359130859
0.0812759399414063 0.116653442382813 0.0179729461669922 0.0229682922363281
0.07012939453125 0.129837036132813 0.0149211883544922 0.0190830230712891
0.023529052734375 0.138771057128906 0.00179946422576904 -0.00160348415374755
-0.0162506103515625 0.145904541015625 0.011021614074707 -0.0144529342651367
-0.0928115844726562 0.116355895996094 0.0381126403808594 -0.0363121032714844
-0.145660400390625 0.08367919921875 0.0667266845703125 -0.0155868530273437
-0.163421630859375 0.0569000244140625 0.0925750732421875 0.0274887084960938
-0.1954345703125 0.00657653808593752 -0.0399436950683594 -0.029510498046875
-0.195358276367187 0.0197601318359375 -0.0283889770507813 -0.00720977783203125
-0.168792724609375 0.050048828125 0.0022749900817871 -0.00535154342651367
-0.132820129394531 0.105995178222656 0.00122904777526855 -0.00436043739318847
-0.0716934204101563 0.130020141601563 0.00217342376708984 -0.0129642486572266
0.0054168701171875 0.1536865234375 0.00567865371704102 -0.00466346740722655
0.0605392456054687 0.128204345703125 -0.0091104507446289 -0.00780963897705077
0.064208984375 0.119071960449219 -0.0156402587890625 -0.0107326507568359
0.0807723999023438 0.123260498046875 -0.0204143524169922 -0.00633049011230468
0.0667648315429687 0.135810852050781 -0.0136985778808594 -0.00983715057373046
0.017852783203125 0.142135620117188 -0.0148601531982422 -0.0210609436035156
-0.0215606689453125 0.14654541015625 0.00264167785644531 -0.0214099884033203
-0.0945358276367188 0.115524291992187 0.0258731842041016 -0.0279922485351562
-0.148483276367188 0.0858612060546875 0.0318889617919922 0.00911521911621094
-0.169952392578125 0.060821533203125 0.0355644226074219 0.0394134521484375
-0.170074462890625 0.016815185546875 -0.0992355346679688 -0.0211944580078125
-0.166488647460938 0.031005859375 -0.06988525390625 0.00513839721679689
-0.136039733886719 0.0524826049804687 -0.00997352600097657 -0.000878334045410154
-0.105430603027344 0.0933685302734375 -0.000782012939453133 -0.0205669403076172
-0.0563430786132813 0.111572265625 -0.00118255615234375 -0.0427513122558594
0.00673675537109374 0.132781982421875 -0.013275146484375 -0.0469856262207031
0.0506057739257813 0.112060546875 -0.0428276062011719 -0.0474586486816406
0.054290771484375 0.105125427246094 -0.053619384765625 -0.0415000915527344
0.065826416015625 0.112640380859375 -0.0546722412109375 -0.0345954895019531
0.0489425659179687 0.122383117675781 -0.0393218994140625 -0.0390052795410156
0.00376129150390625 0.123687744140625 -0.0289268493652344 -0.0399246215820313
-0.0288925170898438 0.1239013671875 -0.0041961669921875 -0.0277690887451172
-0.088226318359375 0.0929641723632812 0.0129947662353516 -0.0167827606201172
-0.133155822753906 0.069793701171875 -0.00332069396972657 0.0340900421142578
-0.152938842773437 0.0512542724609375 -0.0220184326171875 0.0471076965332031
-0.11474609375 0.0237655639648438 -0.145706176757813 -0.010345458984375
-0.108871459960938 0.0340728759765625 -0.100830078125 0.0172805786132813
-0.079071044921875 0.0409698486328125 -0.0230979919433594 0.00561523437500001
-0.0612068176269531 0.0607452392578125 -0.00742340087890626 -0.0308876037597656
-0.0337600708007812 0.0718536376953125 -0.00947189331054687 -0.0601768493652344
0.00579071044921875 0.090667724609375 -0.0339126586914063 -0.0766677856445313
0.0321121215820313 0.0782318115234375 -0.0718994140625 -0.0762786865234375
0.035919189453125 0.0760726928710938 -0.082763671875 -0.0659332275390625
0.0415573120117188 0.085235595703125 -0.0790252685546875 -0.0610733032226562
0.0242538452148437 0.09027099609375 -0.0549697875976562 -0.0668258666992188
-0.0104904174804688 0.0870208740234375 -0.0343093872070313 -0.0581474304199219
-0.03240966796875 0.0832443237304688 -0.00724029541015625 -0.0338764190673828
-0.0684852600097656 0.0560569763183594 0.00162792205810546 -0.00760841369628906
-0.0983200073242188 0.044189453125 -0.0367279052734375 0.0479354858398438
-0.113983154296875 0.035675048828125 -0.0719680786132813 0.049041748046875
-0.0436935424804687 0.0209388732910156 -0.172409057617188 -0.00053405761718752
-0.0370330810546875 0.0215377807617188 -0.116889953613281 0.0285491943359375
-0.0181427001953125 0.0150527954101563 -0.0339736938476563 0.0140876770019531
-0.0179233551025391 0.0134906768798828 -0.0160942077636719 -0.0312690734863281
-0.0150241851806641 0.0206031799316406 -0.019195556640625 -0.0638313293457031
-0.0021209716796875 0.0355606079101563 -0.0514755249023437 -0.090057373046875
0.00649261474609375 0.0340499877929688 -0.0920257568359375 -0.0910110473632813
0.0117683410644531 0.0348339080810547 -0.100257873535156 -0.0811004638671875
0.0131492614746094 0.0432929992675781 -0.0901107788085938 -0.0807113647460937
0.0024566650390625 0.0435714721679688 -0.0590667724609375 -0.088592529296875
-0.0148277282714844 0.0368766784667969 -0.02996826171875 -0.0706253051757813
-0.0206336975097656 0.031707763671875 -0.00601959228515625 -0.0393867492675781
-0.0304012298583984 0.0205612182617188 -0.0091390609741211 -0.0022735595703125
-0.0451240539550781 0.0224533081054688 -0.0642662048339844 0.0499725341796875
-0.0563240051269531 0.0205192565917969 -0.10772705078125 0.0433425903320313
-0.023040771484375 -0.0160274505615234 0.122886657714844 -0.0652389526367188
-0.0289993286132812 -0.0152950286865234 0.0755996704101563 -0.0522613525390625
-0.0302505493164063 0.00635147094726562 0.00403881072998047 -0.00978660583496094
-0.0141506195068359 0.0207176208496094 -0.00421142578125 0.04638671875
-0.0017242431640625 0.0170478820800781 0.00908660888671876 0.0799484252929688
0.00982093811035156 0.0111055374145508 0.0569839477539063 0.109199523925781
0.0198116302490234 0.0114002227783203 0.101661682128906 0.102981567382813
0.0152215957641602 0.0126581192016602 0.11065673828125 0.0860061645507813
0.01934814453125 0.0101127624511719 0.0981292724609375 0.085784912109375
0.0208911895751953 0.0221462249755859 0.0637893676757813 0.086822509765625
0.0107192993164062 0.0317592620849609 0.0369377136230469 0.0517387390136719
-0.00288009643554688 0.0352592468261719 0.0302200317382812 0.0154438018798828
-0.0251865386962891 0.0243015289306641 0.0607986450195313 -0.0140876770019531
-0.0276546478271484 0.00679969787597657 0.136024475097656 -0.0439224243164063
-0.0121173858642578 0.00247383117675781 0.204437255859375 0.0126953125
-0.0982589721679688 -0.011444091796875 0.1104736328125 -0.0578384399414063
-0.099884033203125 -0.00337982177734377 0.0718841552734375 -0.0412063598632813
-0.09075927734375 0.0236892700195313 0.00947856903076171 -0.0121917724609375
-0.0618934631347656 0.06011962890625 -0.00629425048828125 0.0393600463867188
-0.0264129638671875 0.0665168762207031 0.00336837768554688 0.0694656372070313
0.0155601501464844 0.0697784423828125 0.047760009765625 0.101287841796875
0.0454063415527344 0.0601615905761719 0.0869903564453125 0.0956344604492188
0.04180908203125 0.0592041015625 0.095306396484375 0.0744552612304688
0.0513763427734375 0.0577621459960937 0.0843582153320313 0.071807861328125
0.045074462890625 0.0724716186523437 0.0593719482421875 0.0701904296875
0.0166015625 0.084686279296875 0.0316238403320313 0.0349216461181641
-0.0135421752929688 0.0902938842773438 0.0278167724609375 0.00349426269531251
-0.0642242431640625 0.0648574829101562 0.0586471557617187 -0.0317001342773437
-0.0893020629882813 0.0381927490234375 0.124168395996094 -0.0487594604492188
-0.084259033203125 0.0239791870117188 0.188186645507812 0.0110321044921875
-0.16168212890625 -0.00837707519531249 0.0743560791015625 -0.0488052368164063
-0.161392211914063 0.00268554687500003 0.0496406555175781 -0.0313529968261719
-0.145538330078125 0.0334320068359375 0.0123176574707031 -0.0118026733398437
-0.1085205078125 0.090728759765625 -0.00346946716308595 0.0280418395996094
-0.053558349609375 0.107833862304688 0.00144577026367188 0.0465545654296875
0.0135040283203125 0.119522094726563 0.0353927612304687 0.0760955810546875
0.0617218017578125 0.100944519042969 0.0589218139648438 0.0716934204101563
0.0632858276367188 0.095733642578125 0.06463623046875 0.0530548095703125
0.076812744140625 0.0952377319335937 0.0576133728027344 0.0514984130859375
0.0680694580078125 0.110916137695313 0.0436820983886719 0.0484085083007813
0.0260391235351563 0.122695922851563 0.0185070037841797 0.0182056427001953
-0.0114974975585938 0.132369995117188 0.021331787109375 -0.00720787048339843
-0.085357666015625 0.1033935546875 0.0509529113769531 -0.0406913757324219
-0.131484985351562 0.071502685546875 0.102790832519531 -0.0384597778320312
-0.141189575195313 0.048126220703125 0.150863647460938 0.0158843994140625
-0.199264526367187 0.0026092529296875 0.021697998046875 -0.0390968322753906
-0.199462890625 0.0132904052734375 0.0149002075195312 -0.0190620422363281
-0.178741455078125 0.0462646484375 0.0111207962036133 -0.00977897644042968
-0.136856079101562 0.110794067382812 1.52587890624916E-05 0.0131959915161133
-0.071624755859375 0.1346435546875 0.00206565856933593 0.0187606811523438
0.01116943359375 0.154937744140625 0.0226364135742188 0.0391998291015625
0.0692062377929687 0.128463745117188 0.0280017852783203 0.0348453521728516
0.073272705078125 0.118743896484375 0.0254077911376953 0.0234603881835938
0.0902099609375 0.120697021484375 0.0198116302490234 0.0238304138183594
0.0801849365234375 0.134765625 0.0166053771972656 0.0191993713378906
0.0296173095703125 0.146926879882813 0.00217843055725098 -0.00233840942382812
-0.01220703125 0.155532836914063 0.0113954544067383 -0.0155935287475586
-0.09564208984375 0.126388549804688 0.0376091003417969 -0.0393753051757812
-0.152786254882813 0.093658447265625 0.0703048706054687 -0.018829345703125
-0.171600341796875 0.0661468505859375 0.098846435546875 0.0270919799804688
-0.206253051757813 0.013275146484375 -0.0417556762695313 -0.029144287109375
-0.206619262695312 0.02783203125 -0.0292682647705078 -0.00501823425292969
-0.179595947265625 0.057769775390625 0.003725528717041 -0.00568342208862304
-0.137886047363281 0.117973327636719 0.00216317176818847 -0.00434207916259765
-0.0731048583984375 0.14141845703125 0.00171756744384765 -0.0154304504394531
0.010650634765625 0.162139892578125 0.00612354278564453 -0.00658893585205077
0.0680389404296875 0.133262634277344 -0.00919628143310546 -0.00834083557128905
0.0728607177734375 0.123809814453125 -0.0174541473388672 -0.00974559783935546
0.090240478515625 0.127418518066406 -0.0211429595947266 -0.00542449951171874
0.076080322265625 0.1412353515625 -0.0163917541503906 -0.00992393493652343
0.0242767333984375 0.150680541992187 -0.0165500640869141 -0.0222606658935547
-0.01708984375 0.15655517578125 0.0018463134765625 -0.0225677490234375
-0.098358154296875 0.125450134277344 0.0236606597900391 -0.0299320220947266
-0.155471801757813 0.0965118408203125 0.0337905883789062 0.00878143310546876
-0.178451538085937 0.0698089599609375 0.0384559631347656 0.0406455993652344
-0.178543090820313 0.023162841796875 -0.103645324707031 -0.0194473266601563
-0.175384521484375 0.038726806640625 -0.0731582641601563 0.00885772705078126
-0.143646240234375 0.0587615966796875 -0.00967407226562501 3.62396240234424E-05
-0.109001159667969 0.102729797363281 -0.00050544738769532 -0.0209789276123047
-0.056549072265625 0.120552062988281 -0.00271224975585937 -0.0454330444335937
0.0117950439453125 0.140594482421875 -0.0157546997070313 -0.0511016845703125
0.0572509765625 0.117431640625 -0.0460205078125 -0.0485458374023438
0.0617218017578125 0.109298706054688 -0.057769775390625 -0.0413055419921875
0.0745925903320313 0.116264343261719 -0.0585670471191406 -0.0342788696289063
0.0565032958984375 0.12835693359375 -0.043975830078125 -0.0400924682617187
0.008056640625 0.13153076171875 -0.03179931640625 -0.0414237976074219
-0.0267562866210937 0.132545471191406 -0.00568962097167969 -0.0295295715332031
-0.091583251953125 0.1005859375 0.0111827850341797 -0.0181732177734375
-0.138839721679688 0.0789642333984375 -0.00248718261718751 0.0364608764648438
-0.160369873046875 0.059600830078125 -0.0217666625976563 0.0518646240234375
-0.120880126953125 0.0283355712890625 -0.152587890625 -0.00689697265624997
-0.114654541015625 0.0384979248046875 -0.104789733886719 0.0219879150390625
-0.084991455078125 0.0459136962890625 -0.0240993499755859 0.00785064697265625
-0.0640373229980469 0.0666694641113281 -0.00934219360351563 -0.0317859649658203
-0.0338516235351563 0.0783920288085938 -0.0128898620605469 -0.0642471313476563
0.00998687744140626 0.0953903198242188 -0.03857421875 -0.0818939208984375
0.0372695922851563 0.0820388793945313 -0.0785598754882812 -0.0782623291015625
0.0407791137695313 0.0788192749023437 -0.0889358520507812 -0.06707763671875
0.048126220703125 0.0882110595703125 -0.0854721069335937 -0.0615768432617188
0.0292129516601562 0.0944442749023438 -0.0606536865234375 -0.06964111328125
-0.00877380371093749 0.0934219360351563 -0.0381355285644531 -0.0598869323730469
-0.0315399169921875 0.0884475708007812 -0.00911712646484375 -0.0363731384277344
-0.0702018737792969 0.0614128112792969 -0.00117921829223633 -0.00814056396484375
-0.102897644042969 0.0506439208984375 -0.0376815795898438 0.05279541015625
-0.119270324707031 0.0413360595703125 -0.074920654296875 0.0545730590820312
-0.0450477600097656 0.0234603881835937 -0.180984497070313 0.00514221191406248
-0.0391960144042969 0.0239791870117188 -0.123191833496094 0.0336761474609375
-0.0188369750976562 0.0161151885986328 -0.0346450805664063 0.0158576965332031
-0.01873779296875 0.0148639678955078 -0.019683837890625 -0.0314483642578125
-0.0144481658935547 0.0227985382080078 -0.0226058959960938 -0.0667572021484375
-0.000194549560546871 0.0387344360351563 -0.0577850341796875 -0.0935897827148437
0.00771331787109375 0.0357933044433594 -0.100196838378906 -0.0929489135742188
0.0143585205078125 0.0369415283203125 -0.107444763183594 -0.0804214477539062
0.015960693359375 0.0451164245605469 -0.0981674194335938 -0.0822525024414063
0.0034942626953125 0.0461311340332031 -0.0651473999023437 -0.0912551879882813
-0.0144538879394531 0.0410881042480469 -0.034698486328125 -0.0733566284179688
-0.0204181671142578 0.0347194671630859 -0.00732803344726562 -0.0416069030761719
-0.0318069458007813 0.0227565765380859 -0.0102424621582031 -0.00155925750732422
-0.0473251342773438 0.0262718200683594 -0.0658798217773437 0.0560874938964844
-0.0587196350097656 0.0241661071777344 -0.112457275390625 0.049530029296875
-0.0248088836669922 -0.0177574157714844 0.124664306640625 -0.0774002075195312
-0.0322246551513672 -0.0146236419677734 0.0738449096679688 -0.0589065551757813
-0.0313758850097656 0.00909042358398438 0.00428295135498047 -0.00970077514648438
-0.013275146484375 0.0221290588378906 -0.00225067138671875 0.0491981506347656
-0.00141811370849609 0.017155647277832 0.015106201171875 0.0817947387695313
0.0105981826782227 0.0121316909790039 0.0660171508789063 0.110015869140625
0.0212116241455078 0.00853347778320313 0.113334655761719 0.098907470703125
0.0147800445556641 0.0119476318359375 0.119705200195313 0.0827789306640625
0.0209846496582031 0.00946426391601563 0.105354309082031 0.0827255249023437
0.0228424072265625 0.0224189758300781 0.0711517333984375 0.0854034423828125
0.0151691436767578 0.0330810546875 0.04248046875 0.053070068359375
-0.000762939453125002 0.0381546020507813 0.0325984954833984 0.0153694152832031
-0.0275421142578125 0.0246505737304687 0.0622138977050781 -0.0183677673339844
-0.0293083190917969 0.0107917785644531 0.135147094726563 -0.0547637939453125
-0.0142230987548828 0.00365066528320313 0.211654663085938 0.0012054443359375
-0.102821350097656 -0.00686645507812498 0.113960266113281 -0.066497802734375
-0.104454040527344 0.00158691406249998 0.0734634399414063 -0.0461883544921875
-0.0932540893554688 0.0279006958007812 0.00835037231445312 -0.0125560760498047
-0.0617790222167969 0.0643157958984375 -0.0037689208984375 0.0402603149414063
-0.0239181518554687 0.0720367431640625 0.0068511962890625 0.0723495483398438
0.0189056396484375 0.0716476440429688 0.0562362670898438 0.101478576660156
0.0492630004882813 0.0584869384765625 0.0957183837890625 0.09173583984375
0.0472335815429687 0.0580024719238281 0.103561401367187 0.0713729858398438
0.0587882995605469 0.0555992126464844 0.0914382934570313 0.0694503784179688
0.0516281127929687 0.0735702514648438 0.067352294921875 0.0690422058105469
0.0216293334960937 0.0867919921875 0.0353775024414063 0.0345497131347656
-0.00872039794921874 0.09539794921875 0.0304145812988281 0.00359725952148438
-0.0635223388671875 0.0728225708007813 0.0581436157226563 -0.0356178283691406
-0.0904769897460938 0.0445480346679688 0.125152587890625 -0.059539794921875
-0.0850448608398438 0.0296630859375 0.1956787109375 -0.000839233398437498
-0.168930053710938 7.62939453125145E-05 0.0742568969726562 -0.053680419921875
-0.168289184570313 0.0119171142578125 0.0514335632324219 -0.0348320007324219
-0.1502685546875 0.043365478515625 0.0138397216796875 -0.0130147933959961
-0.107284545898438 0.100387573242188 -0.00080299377441407 0.0283260345458984
-0.0492095947265625 0.116485595703125 0.00530242919921874 0.0488090515136719
0.0206069946289063 0.123100280761719 0.041900634765625 0.0741195678710938
0.0687103271484375 0.100654602050781 0.065216064453125 0.0696792602539062
0.0722274780273438 0.0948333740234375 0.0694084167480469 0.0549507141113281
0.0861968994140625 0.0936660766601563 0.0642166137695313 0.0488014221191406
0.0764923095703125 0.111381530761719 0.0452499389648438 0.0464553833007813
0.0345458984375 0.128173828125 0.0207443237304688 0.0168209075927734
-0.00529479980468749 0.138412475585938 0.0199108123779297 -0.00882148742675781
-0.0830230712890625 0.112686157226563 0.0496368408203125 -0.0464820861816406
-0.131736755371094 0.0818252563476562 0.102653503417969 -0.0461654663085937
-0.142669677734375 0.05682373046875 0.15704345703125 0.00857543945312501
-0.205276489257813 0.013763427734375 0.0211830139160156 -0.0420417785644531
-0.205718994140625 0.023773193359375 0.0154800415039062 -0.0180568695068359
-0.185287475585938 0.0570220947265625 0.012263298034668 -0.0102987289428711
-0.135963439941406 0.123733520507813 0.000738143920898429 0.0140209197998047
-0.0657196044921875 0.144851684570313 0.00363731384277344 0.0187168121337891
0.0201416015625 0.159896850585938 0.0265960693359375 0.0379867553710938
0.078887939453125 0.128501892089844 0.0309028625488281 0.0336341857910156
0.0848159790039063 0.118339538574219 0.027496337890625 0.0228424072265625
0.101478576660156 0.117507934570312 0.0233325958251953 0.0243930816650391
0.0928421020507813 0.134002685546875 0.0173683166503906 0.0196819305419922
0.0400238037109375 0.153045654296875 0.00263428688049317 -0.00189948081970214
-0.00288391113281252 0.163528442382813 0.0115690231323242 -0.0172519683837891
-0.0923004150390625 0.136825561523438 0.0349655151367187 -0.0421943664550781
-0.153305053710938 0.1064453125 0.0698509216308594 -0.0242805480957031
-0.172866821289063 0.077545166015625 0.103721618652344 0.0217361450195313
-0.214401245117187 0.0260467529296875 -0.0436363220214844 -0.0280990600585938
-0.212814331054688 0.0413818359375 -0.029867172241211 -0.000946044921874992
-0.185165405273438 0.069610595703125 0.00344324111938475 -0.00595474243164062
-0.135612487792969 0.130401611328125 0.0014667510986328 -0.00347685813903808
-0.067230224609375 0.15240478515625 0.00172328948974609 -0.0159502029418945
0.0224609375 0.16650390625 0.00610828399658203 -0.0098438262939453
0.0784683227539062 0.136184692382813 -0.00852108001708984 -0.00738859176635741
0.0849685668945313 0.123863220214844 -0.0188198089599609 -0.00908851623535155
0.101058959960938 0.126472473144531 -0.0204925537109375 -0.00399208068847655
0.0877227783203125 0.141998291015625 -0.0175237655639648 -0.0105390548706055
0.034637451171875 0.156036376953125 -0.0192546844482422 -0.0210533142089844
-0.00817871093750002 0.164703369140625 0.000314712524414063 -0.0244579315185547
-0.0956497192382813 0.135185241699219 0.0219745635986328 -0.0315723419189453
-0.156158447265625 0.110519409179688 0.03521728515625 0.00678634643554688
-0.1800537109375 0.083251953125 0.04315185546875 0.04107666015625
-0.18328857421875 0.033203125 -0.106491088867188 -0.0135879516601562
-0.180450439453125 0.051422119140625 -0.0731277465820313 0.0149078369140625
-0.148178100585938 0.0685882568359375 -0.00847816467285157 0.000443935394287112
-0.108024597167969 0.114982604980469 -0.00250053405761719 -0.0206432342529297
-0.0516357421875 0.129287719726563 -0.00578308105468751 -0.0478286743164062
0.0221710205078125 0.144271850585938 -0.01837158203125 -0.0530662536621094
0.0658493041992188 0.119049072265625 -0.0520401000976562 -0.048095703125
0.0705795288085938 0.109901428222656 -0.0614395141601562 -0.0379104614257813
0.085662841796875 0.115676879882813 -0.0628929138183594 -0.0302391052246094
0.0674514770507813 0.128700256347656 -0.0469512939453125 -0.0396690368652344
0.015960693359375 0.137458801269531 -0.0365333557128906 -0.0405693054199219
-0.019378662109375 0.140701293945312 -0.00681495666503906 -0.030303955078125
-0.090301513671875 0.1102294921875 0.00968360900878906 -0.0189628601074219
-0.1407470703125 0.0921630859375 -0.00135803222656251 0.0387001037597656
-0.16156005859375 0.070343017578125 -0.019195556640625 0.0542526245117188
-0.124000549316406 0.0350570678710937 -0.159133911132813 0.000671386718749974
-0.116744995117188 0.0483016967773437 -0.108070373535156 0.0297393798828125
-0.0852737426757812 0.053070068359375 -0.0247077941894531 0.00830459594726563
-0.0623016357421875 0.0755767822265625 -0.0104808807373047 -0.0329265594482422
-0.0287399291992187 0.0854644775390625 -0.0172348022460938 -0.0668678283691406
0.0155715942382812 0.0988616943359375 -0.04656982421875 -0.083831787109375
0.0440292358398438 0.0831375122070312 -0.0869064331054688 -0.0767135620117187
0.0480728149414063 0.0808258056640625 -0.0948638916015625 -0.0629730224609375
0.0559463500976562 0.0881500244140625 -0.090911865234375 -0.0589675903320313
0.0368270874023437 0.0960464477539062 -0.0685386657714844 -0.0677566528320313
-0.00195312499999999 0.09814453125 -0.0425796508789063 -0.0613670349121094
-0.0262374877929687 0.0938644409179688 -0.009063720703125 -0.0371170043945312
-0.0706558227539063 0.0674591064453125 -0.00172472000122071 -0.00665521621704101
-0.105064392089844 0.059326171875 -0.0346412658691406 0.0568199157714844
-0.121437072753906 0.0505218505859375 -0.0729293823242188 0.0605010986328125
-0.0467681884765625 0.0279388427734375 -0.18621826171875 0.0122528076171875
-0.0386962890625 0.0274887084960938 -0.125419616699219 0.0456695556640625
-0.0207843780517578 0.0161724090576172 -0.0351238250732422 0.0174598693847656
-0.0181217193603516 0.0167827606201172 -0.0197257995605469 -0.0325279235839844
-0.0124950408935547 0.0239410400390625 -0.0279769897460938 -0.0687637329101562
0.00283050537109375 0.0397682189941406 -0.0662918090820313 -0.094573974609375
0.0121116638183594 0.0360260009765625 -0.110633850097656 -0.0894393920898437
0.0161666870117187 0.0356826782226563 -0.114509582519531 -0.0784912109375
0.0195236206054687 0.0469245910644531 -0.107086181640625 -0.0787353515625
0.00977325439453124 0.0474967956542969 -0.0748825073242188 -0.0891647338867188
-0.0137939453125 0.0436668395996094 -0.0400848388671875 -0.0757598876953125
-0.0195236206054688 0.03790283203125 -0.009765625 -0.042633056640625
-0.0295448303222656 0.0261268615722656 -0.0106897354125977 0.00139904022216797
-0.0476417541503906 0.0286979675292969 -0.06512451171875 0.0624923706054687
-0.0595626831054688 0.0272331237792969 -0.115608215332031 0.0572586059570313
-0.0256404876708984 -0.0153980255126953 0.12042236328125 -0.0835647583007813
-0.0326709747314453 -0.0130672454833984 0.0726776123046875 -0.063873291015625
-0.0308456420898438 0.00969505310058593 0.00365924835205078 -0.0105142593383789
-0.0123977661132813 0.0228099822998047 0.00244522094726563 0.0468673706054688
-0.000768661499023436 0.0168437957763672 0.0206069946289063 0.0811233520507812
0.0108013153076172 0.00986099243164063 0.0731964111328125 0.104476928710938
0.0203723907470703 0.00860977172851563 0.11883544921875 0.0920028686523438
0.0182456970214844 0.0109596252441406 0.124343872070312 0.0747756958007813
0.0219745635986328 0.00821685791015625 0.111412048339844 0.0779266357421875
0.0248699188232422 0.0208950042724609 0.0783309936523438 0.0829086303710938
0.0161705017089844 0.0328369140625 0.0445556640625 0.0483474731445312
0.000339508056640624 0.0382499694824219 0.0331287384033203 0.0130901336669922
-0.0249099731445313 0.0273761749267578 0.0613327026367188 -0.0223770141601563
-0.0290050506591797 0.0110626220703125 0.133895874023438 -0.0625991821289063
-0.0135526657104492 0.00422382354736328 0.212448120117188 -0.0098419189453125
-0.1041259765625 -0.00115966796874999 0.10888671875 -0.0724563598632813
-0.103813171386719 0.0063629150390625 0.0706710815429688 -0.0511093139648438
-0.0932464599609375 0.0337448120117187 0.00912284851074218 -0.0126237869262695
-0.0576400756835937 0.0678825378417969 0.000167846679687495 0.0416336059570313
-0.0208053588867187 0.0731582641601563 0.011444091796875 0.070526123046875
0.0232772827148438 0.0703353881835938 0.0628890991210938 0.0963363647460937
0.0538825988769531 0.057220458984375 0.102348327636719 0.0867233276367188
0.052459716796875 0.0554275512695313 0.106513977050781 0.06500244140625
0.0608062744140625 0.0533828735351563 0.0970840454101563 0.063873291015625
0.0568046569824219 0.0690536499023438 0.0703887939453125 0.0658111572265625
0.0280075073242187 0.0866470336914063 0.0376968383789063 0.0316047668457031
-0.00307464599609375 0.095947265625 0.0307388305664063 -0.000295639038085932
-0.0607986450195312 0.075469970703125 0.0562667846679687 -0.0386505126953125
-0.0898361206054688 0.0502471923828125 0.1214599609375 -0.0650634765625
-0.0848464965820313 0.0335159301757812 0.196014404296875 -0.0099639892578125
-0.16876220703125 0.010345458984375 0.0713348388671875 -0.0584640502929687
-0.165756225585938 0.02093505859375 0.0494918823242187 -0.0361709594726563
-0.151107788085937 0.0522918701171875 0.0132951736450195 -0.0130538940429687
-0.102622985839844 0.107147216796875 0.00119018554687499 0.0303363800048828
-0.042388916015625 0.119010925292969 0.00687026977539062 0.0471000671386719
0.0283126831054688 0.122062683105469 0.0472183227539063 0.0706787109375
0.0764007568359375 0.0984115600585938 0.0712661743164063 0.0648040771484375
0.079254150390625 0.0905380249023438 0.0720443725585938 0.0472793579101563
0.0921554565429688 0.08905029296875 0.0657157897949219 0.0467147827148438
0.0858154296875 0.104957580566406 0.0497093200683594 0.0444717407226563
0.0432891845703125 0.126426696777344 0.0230140686035156 0.0164775848388672
0.00317382812499999 0.140594482421875 0.0214366912841797 -0.0123176574707031
-0.07891845703125 0.11981201171875 0.0460128784179687 -0.0480613708496094
-0.131103515625 0.0907135009765625 0.0998992919921875 -0.0526580810546875
-0.14105224609375 0.06585693359375 0.158889770507812 0.000732421875000004
-0.206069946289062 0.024810791015625 0.0211410522460937 -0.04364013671875
-0.204925537109375 0.0367279052734375 0.0165233612060547 -0.018585205078125
-0.183792114257813 0.0669708251953125 0.0110988616943359 -0.0112953186035156
-0.131263732910156 0.1328125 0.00391674041748046 0.0143241882324219
-0.0582122802734375 0.151473999023437 0.00482177734375 0.0172519683837891
0.0294342041015625 0.159393310546875 0.028717041015625 0.033355712890625
0.0874786376953125 0.1260986328125 0.0328960418701172 0.0323448181152344
0.09320068359375 0.113922119140625 0.0288238525390625 0.022125244140625
0.111068725585938 0.112136840820313 0.0241127014160156 0.0224151611328125
0.101188659667969 0.130821228027344 0.0184268951416016 0.0176448822021484
0.050201416015625 0.1514892578125 0.00219154357910157 -0.00314927101135253
0.00640869140625 0.165420532226562 0.0114631652832031 -0.0198268890380859
-0.0870513916015625 0.143096923828125 0.0306587219238281 -0.0437660217285156
-0.149917602539062 0.11651611328125 0.0687675476074218 -0.0276603698730469
-0.16925048828125 0.0875396728515625 0.106208801269531 0.0177383422851563
-0.213226318359375 0.03631591796875 -0.0421981811523438 -0.0268135070800781
-0.210372924804688 0.0535888671875 -0.0274467468261719 -0.000848770141601558
-0.184783935546875 0.0794677734375 0.00434494018554686 -0.00734138488769531
-0.129936218261719 0.139671325683594 0.00262260437011718 -0.00394940376281737
-0.0576629638671875 0.157669067382813 -5.9127807617192E-05 -0.0179729461669922
0.031463623046875 0.16754150390625 0.00451946258544922 -0.01129150390625
0.0878524780273438 0.131278991699219 -0.0110139846801758 -0.00818157196044921
0.0925750732421875 0.119766235351562 -0.0183582305908203 -0.00672340393066406
0.110504150390625 0.120979309082031 -0.0221385955810547 -0.00338554382324218
0.098175048828125 0.137229919433594 -0.0179824829101562 -0.0081348419189453
0.0447845458984375 0.155014038085938 -0.0209693908691406 -0.0215110778808594
0.00288391113281251 0.166122436523438 -0.000110626220703124 -0.0244255065917969
-0.090301513671875 0.142913818359375 0.0198249816894531 -0.0314712524414062
-0.152389526367187 0.120223999023438 0.0362319946289062 0.00498199462890626
-0.17547607421875 0.093902587890625 0.0453529357910156 0.0387344360351563
-0.184036254882813 0.0450286865234375 -0.106292724609375 -0.00910949707031248
-0.177474975585938 0.061553955078125 -0.0722503662109375 0.0191726684570313
-0.147048950195313 0.07794189453125 -0.00873184204101563 -0.000338554382324215
-0.10272216796875 0.121566772460938 -0.00283622741699219 -0.0203990936279297
-0.0436477661132813 0.134506225585937 -0.00916290283203125 -0.0489044189453125
0.0301971435546875 0.144577026367187 -0.0236053466796875 -0.0532989501953125
0.0749664306640625 0.1162109375 -0.0545196533203125 -0.0457725524902344
0.0793304443359375 0.105552673339844 -0.0638160705566406 -0.0342636108398437
0.0933074951171875 0.110214233398438 -0.0631179809570313 -0.0282936096191406
0.0768585205078125 0.125167846679688 -0.0513038635253906 -0.0367317199707031
0.025146484375 0.137802124023438 -0.0388717651367188 -0.0399284362792969
-0.010955810546875 0.1409912109375 -0.00785446166992188 -0.0313644409179687
-0.0854949951171875 0.115669250488281 0.00737953186035156 -0.0183296203613281
-0.136558532714844 0.099945068359375 0.001312255859375 0.0382804870605469
-0.158584594726562 0.0802764892578125 -0.0159149169921875 0.0568618774414063
-0.123374938964844 0.0429153442382813 -0.156936645507813 0.00914001464843751
-0.114273071289062 0.05572509765625 -0.106193542480469 0.03753662109375
-0.085296630859375 0.0584259033203125 -0.0222606658935547 0.00843238830566407
-0.0589065551757812 0.0792465209960938 -0.0125694274902344 -0.0304336547851562
-0.0247421264648438 0.0885162353515625 -0.0215034484863281 -0.0669212341308594
0.023590087890625 0.0979843139648438 -0.0503997802734375 -0.0799407958984375
0.049835205078125 0.0813446044921875 -0.09075927734375 -0.0706100463867188
0.0527267456054688 0.076812744140625 -0.100387573242188 -0.05828857421875
0.06121826171875 0.0853805541992188 -0.09503173828125 -0.0538864135742188
0.0430068969726563 0.0952529907226562 -0.0733795166015625 -0.0642852783203125
0.002532958984375 0.0999298095703125 -0.0474205017089844 -0.05792236328125
-0.01983642578125 0.0968551635742188 -0.0123710632324219 -0.0375900268554687
-0.0674591064453125 0.0732879638671875 -0.00320243835449219 -0.00670719146728515
-0.102462768554688 0.066375732421875 -0.0320053100585938 0.0586357116699219
-0.11895751953125 0.057464599609375 -0.0704421997070313 0.0659713745117188
-0.0453834533691406 0.0302467346191406 -0.186447143554688 0.02349853515625
-0.0377845764160156 0.030548095703125 -0.123817443847656 0.050262451171875
-0.0190792083740234 0.0206794738769531 -0.0336818695068359 0.0203227996826172
-0.0192279815673828 0.0196437835693359 -0.0229568481445312 -0.0315647125244141
-0.0125713348388672 0.0284004211425781 -0.0320625305175781 -0.06756591796875
0.00494003295898438 0.0394668579101563 -0.0724945068359375 -0.0903778076171875
0.0141067504882812 0.037933349609375 -0.115058898925781 -0.082763671875
0.0185165405273438 0.0367851257324219 -0.120033264160156 -0.070556640625
0.0224838256835937 0.045440673828125 -0.109718322753906 -0.0723419189453125
0.0114555358886719 0.0470199584960938 -0.0796127319335938 -0.0862960815429687
-0.0106697082519531 0.0433883666992188 -0.045745849609375 -0.071441650390625
-0.0155067443847656 0.0391960144042969 -0.0127449035644531 -0.0421638488769531
-0.0309829711914063 0.0287017822265625 -0.0118913650512695 0.00111484527587891
-0.0459327697753906 0.0345458984375 -0.0619888305664062 0.0665740966796875
-0.0576896667480469 0.0327415466308594 -0.1116943359375 0.064208984375
-0.0262298583984375 -0.0146884918212891 0.115913391113281 -0.0869369506835937
-0.0331039428710938 -0.0114097595214844 0.0686607360839844 -0.0657234191894531
-0.0305233001708984 0.0100173950195312 0.00359916687011718 -0.0100564956665039
-0.01165771484375 0.0214958190917969 0.0042724609375 0.0467910766601563
-0.000295639038085937 0.0177803039550781 0.0232620239257813 0.0797271728515625
0.0104303359985352 0.0106220245361328 0.0778121948242187 0.100341796875
0.0209693908691406 0.00846290588378906 0.121040344238281 0.0867767333984375
0.0184860229492188 0.0102329254150391 0.125289916992188 0.0693511962890625
0.0213222503662109 0.00700187683105469 0.112319946289062 0.072265625
0.0244636535644531 0.0189933776855469 0.0800323486328125 0.0792160034179688
0.0173072814941406 0.0321521759033203 0.0458946228027344 0.0468711853027344
0.00148391723632813 0.0363349914550781 0.0335235595703125 0.0121860504150391
-0.0235309600830078 0.0283660888671875 0.0596733093261719 -0.0239639282226562
-0.0284900665283203 0.0111064910888672 0.129486083984375 -0.0665969848632813
-0.0129280090332031 0.00287055969238281 0.209701538085938 -0.016082763671875
-0.102455139160156 0.00170135498046875 0.106033325195312 -0.0759658813476562
-0.102264404296875 0.0101318359375 0.0682029724121094 -0.0531196594238281
-0.092559814453125 0.0362625122070313 0.00934791564941406 -0.0140762329101562
-0.0553054809570313 0.0704345703125 0.00199508666992187 0.039642333984375
-0.0178298950195312 0.0735092163085937 0.0147361755371094 0.0696144104003906
0.025177001953125 0.0694465637207031 0.0661392211914063 0.0924453735351563
0.0553932189941406 0.0547523498535156 0.103988647460937 0.081329345703125
0.0543594360351562 0.0525665283203125 0.107315063476563 0.0616531372070313
0.0628242492675781 0.0512123107910156 0.09808349609375 0.0598373413085937
0.0592002868652344 0.0669174194335938 0.0718231201171875 0.06207275390625
0.0314178466796875 0.0856857299804687 0.0390205383300781 0.030609130859375
0.000328063964843759 0.0955810546875 0.0296573638916016 -0.000951766967773432
-0.0593719482421875 0.077667236328125 0.05352783203125 -0.0400543212890625
-0.0886154174804687 0.0531158447265625 0.116767883300781 -0.06903076171875
-0.0823593139648438 0.0358963012695312 0.19305419921875 -0.015899658203125
-0.167129516601563 0.01495361328125 0.0701255798339844 -0.0604171752929688
-0.164169311523438 0.0270538330078125 0.04901123046875 -0.0376167297363281
-0.149444580078125 0.0566558837890625 0.0125799179077148 -0.0146360397338867
-0.0978622436523438 0.110092163085938 0.00335693359375 0.0284328460693359
-0.038330078125 0.120353698730469 0.00905227661132812 0.0462074279785156
0.0318527221679688 0.120620727539063 0.0484428405761719 0.0671310424804688
0.07867431640625 0.0946502685546875 0.0723648071289063 0.0612106323242188
0.0819854736328125 0.0869064331054688 0.0734939575195313 0.0453338623046875
0.095123291015625 0.0849838256835937 0.0673713684082031 0.0430488586425781
0.088775634765625 0.101356506347656 0.0505599975585938 0.0421333312988281
0.0483627319335937 0.124649047851563 0.0234909057617188 0.0147132873535156
0.00875091552734375 0.139518737792969 0.0211887359619141 -0.0119361877441406
-0.0765609741210938 0.120216369628906 0.042877197265625 -0.048065185546875
-0.127433776855469 0.0952987670898438 0.09613037109375 -0.0556488037109375
-0.136764526367188 0.0686721801757813 0.1575927734375 -0.004730224609375
-0.2049560546875 0.030670166015625 0.0206069946289062 -0.0441932678222656
-0.201461791992188 0.0431365966796875 0.0162734985351562 -0.0187625885009766
-0.18310546875 0.0729522705078125 0.0106410980224609 -0.0130138397216797
-0.12542724609375 0.135536193847656 0.00460815429687499 0.0140647888183594
-0.0524139404296875 0.152938842773437 0.00579357147216797 0.016819953918457
0.0348663330078125 0.15618896484375 0.0296096801757813 0.0303745269775391
0.0920333862304688 0.121681213378906 0.0337352752685547 0.0297012329101563
0.0973968505859375 0.109031677246094 0.0299205780029297 0.0211906433105469
0.114791870117187 0.107246398925781 0.0250892639160156 0.0220317840576172
0.106048583984375 0.124908447265625 0.0184326171875 0.0165271759033203
0.056365966796875 0.149124145507813 0.00259637832641602 -0.00389719009399413
0.013671875 0.16424560546875 0.0105991363525391 -0.0191993713378906
-0.08331298828125 0.145721435546875 0.0287399291992188 -0.0437278747558594
-0.145858764648438 0.121414184570313 0.0667724609375 -0.0306434631347656
-0.164764404296875 0.091796875 0.105415344238281 0.0137176513671875
-0.211044311523438 0.0434722900390625 -0.0415687561035156 -0.0248298645019531
-0.206787109375 0.05963134765625 -0.0267562866210938 0.00167655944824219
-0.1826171875 0.0849456787109375 0.00328493118286132 -0.0084242820739746
-0.12506103515625 0.144180297851563 0.00329613685607909 -0.00419402122497558
-0.05255126953125 0.160110473632813 -0.000823020935058597 -0.01708984375
0.0367431640625 0.164657592773438 0.00409889221191407 -0.013401985168457
0.0922622680664063 0.127578735351563 -0.0102376937866211 -0.00805473327636718
0.0979843139648437 0.114700317382812 -0.018096923828125 -0.0061187744140625
0.115425109863281 0.115226745605469 -0.0212554931640625 -0.00197982788085937
0.103569030761719 0.13177490234375 -0.0192356109619141 -0.00838661193847655
0.0502777099609375 0.153396606445313 -0.0208816528320313 -0.0208206176757812
0.0084686279296875 0.16534423828125 -0.000909805297851561 -0.0247859954833984
-0.0858154296875 0.14520263671875 0.0164775848388672 -0.0313072204589844
-0.147705078125 0.125091552734375 0.035308837890625 0.00386047363281251
-0.171234130859375 0.0975189208984375 0.0463027954101562 0.0377044677734375
-0.181243896484375 0.049560546875 -0.104148864746094 -0.00640106201171876
-0.172988891601563 0.0665740966796875 -0.0696640014648438 0.0218009948730469
-0.14599609375 0.0829925537109375 -0.00908088684082032 -0.000346183776855463
-0.0980987548828125 0.125358581542969 -0.00291061401367188 -0.0205287933349609
-0.0385360717773438 0.136329650878906 -0.0116233825683594 -0.0476570129394531
0.034912109375 0.141860961914063 -0.0255966186523438 -0.0534286499023437
0.0783767700195313 0.111480712890625 -0.0549430847167969 -0.0431175231933594
0.083251953125 0.101593017578125 -0.0640335083007813 -0.0313720703125
0.097076416015625 0.1055908203125 -0.0635604858398437 -0.0258369445800781
0.081329345703125 0.120338439941406 -0.0523834228515625 -0.0338325500488281
0.0308303833007813 0.1357421875 -0.0401573181152344 -0.0385551452636719
-0.00477600097656249 0.141143798828125 -0.0103225708007812 -0.0304374694824219
-0.081573486328125 0.118118286132812 0.0061502456665039 -0.0173892974853516
-0.132545471191406 0.104156494140625 0.00274276733398437 0.0373039245605469
-0.15435791015625 0.0849151611328125 -0.0139503479003906 0.0572013854980469
-0.121391296386719 0.0474472045898437 -0.15478515625 0.0127410888671875
-0.111228942871094 0.058502197265625 -0.101356506347656 0.0400314331054687
-0.0840377807617188 0.0607376098632813 -0.0226593017578125 0.008819580078125
-0.0561904907226562 0.081329345703125 -0.0138778686523438 -0.02984619140625
-0.0214385986328125 0.0883865356445313 -0.0251655578613281 -0.0642890930175781
0.0269012451171875 0.0960311889648438 -0.0538864135742188 -0.0780868530273438
0.0526504516601563 0.0785903930664063 -0.0918807983398438 -0.0676956176757812
0.0557479858398437 0.0735244750976562 -0.0996017456054688 -0.0529632568359375
0.0651016235351563 0.0818405151367188 -0.0947494506835938 -0.0491714477539063
0.0467605590820312 0.0917205810546875 -0.0739212036132813 -0.0593414306640625
0.006927490234375 0.0981674194335937 -0.0495643615722656 -0.0559234619140625
-0.0167922973632813 0.0961380004882813 -0.0153388977050781 -0.0366020202636719
-0.0655364990234375 0.07452392578125 -0.00415802001953125 -0.00587415695190429
-0.0985946655273437 0.0696563720703125 -0.0298690795898438 0.0593719482421875
-0.114646911621094 0.0600814819335938 -0.068084716796875 0.0678024291992188
-0.0441207885742188 0.0316047668457031 -0.182571411132813 0.028045654296875
-0.0366477966308594 0.0311660766601563 -0.11865234375 0.0548553466796875
-0.0185947418212891 0.0203094482421875 -0.0320339202880859 0.0208282470703125
-0.0170707702636719 0.0214691162109375 -0.0245819091796875 -0.0298690795898437
-0.0107173919677734 0.0281887054443359 -0.0359992980957031 -0.0652656555175781
0.00701522827148437 0.0386123657226563 -0.07513427734375 -0.086822509765625
0.0154609680175781 0.0364875793457031 -0.116546630859375 -0.0770645141601563
0.0212726593017578 0.0348548889160156 -0.120895385742188 -0.0652618408203125
0.0244560241699219 0.0434417724609375 -0.111541748046875 -0.0682754516601563
0.012603759765625 0.0458831787109375 -0.08172607421875 -0.082275390625
-0.00828933715820312 0.0443458557128906 -0.047637939453125 -0.0688247680664063
-0.0139007568359375 0.0387763977050781 -0.0149154663085937 -0.0407867431640625
-0.0289344787597656 0.0291652679443359 -0.0124340057373047 0.00142860412597656
-0.0451011657714844 0.035125732421875 -0.0581893920898438 0.0671920776367188
-0.0561485290527344 0.0339393615722656 -0.108283996582031 0.067962646484375
-0.0259857177734375 -0.0138359069824219 0.115203857421875 -0.0875244140625
-0.0334053039550781 -0.0114288330078125 0.0683479309082031 -0.0660171508789063
-0.0302333831787109 0.0101833343505859 0.00410938262939453 -0.00990867614746094
-0.0113773345947266 0.0214195251464844 0.00540924072265625 0.0454521179199219
-0.000505447387695311 0.017608642578125 0.0250320434570312 0.0788345336914063
0.0102815628051758 0.0106563568115234 0.0797195434570313 0.09814453125
0.0211467742919922 0.00832176208496094 0.121894836425781 0.084381103515625
0.0183639526367188 0.0103759765625 0.124923706054688 0.0675582885742188
0.0216484069824219 0.00689697265625 0.1134033203125 0.071044921875
0.0249824523925781 0.0184097290039063 0.0803985595703125 0.0782241821289063
0.0179500579833984 0.0317363739013672 0.0464134216308594 0.0471878051757813
0.000938415527343746 0.0366935729980469 0.0336036682128906 0.0116043090820313
-0.0235671997070313 0.0281867980957031 0.0598182678222656 -0.0242233276367188
-0.0283088684082031 0.0107059478759766 0.128074645996094 -0.0675811767578125
-0.0128774642944336 0.00249290466308594 0.207916259765625 -0.0175323486328125
-0.102851867675781 0.00263214111328123 0.105262756347656 -0.0761642456054688
-0.102775573730469 0.0102005004882813 0.0683135986328125 -0.0531234741210937
-0.0930862426757813 0.0368270874023437 0.0094919204711914 -0.0144309997558594
-0.0544662475585937 0.0706634521484375 0.00297546386718749 0.0391654968261719
-0.0168304443359375 0.0744552612304688 0.0155715942382812 0.0680732727050781
0.025604248046875 0.0691070556640625 0.0673828125 0.08953857421875
0.0560111999511719 0.0547370910644531 0.104957580566406 0.0790328979492188
0.0552825927734375 0.0515022277832031 0.107627868652344 0.0598297119140625
0.0634078979492188 0.0500259399414063 0.0988082885742187 0.0587081909179688
0.0605239868164063 0.0657691955566406 0.0733108520507813 0.0615234375
0.0331497192382813 0.0862655639648438 0.0396537780761719 0.0301094055175781
0.000846862792968753 0.095977783203125 0.0296840667724609 -0.00121116638183593
-0.0593719482421875 0.0783462524414063 0.0537147521972656 -0.04010009765625
-0.089019775390625 0.05401611328125 0.115325927734375 -0.0702438354492188
-0.0825042724609375 0.0359878540039063 0.19244384765625 -0.0167388916015625
-0.167587280273438 0.01666259765625 0.0701370239257812 -0.0604095458984375
-0.164016723632813 0.027862548828125 0.049560546875 -0.0371017456054687
-0.150726318359375 0.057586669921875 0.0126848220825195 -0.0154666900634766
-0.0970001220703125 0.110847473144531 0.0044879913330078 0.0281772613525391
-0.0371322631835938 0.121307373046875 0.00968551635742187 0.0453338623046875
0.0330657958984375 0.120651245117187 0.0493507385253906 0.0646209716796875
0.080322265625 0.0939178466796875 0.0729522705078125 0.0596466064453125
0.0833816528320312 0.0850143432617188 0.074371337890625 0.0448989868164063
0.0967636108398438 0.0833969116210938 0.0679893493652344 0.0423088073730469
0.09063720703125 0.100517272949219 0.0513725280761719 0.0418968200683594
0.0504074096679688 0.125099182128906 0.0235385894775391 0.013458251953125
0.010406494140625 0.139862060546875 0.0210170745849609 -0.0119857788085937
-0.0771865844726562 0.122535705566406 0.0421028137207031 -0.0470504760742187
-0.1275634765625 0.0966033935546875 0.094818115234375 -0.0564041137695312
-0.135894775390625 0.068756103515625 0.1575927734375 -0.00537109375
-0.205123901367188 0.03216552734375 0.0215225219726562 -0.0446586608886719
-0.200973510742188 0.0444183349609375 0.0171871185302734 -0.0190238952636719
-0.184432983398438 0.0746917724609375 0.010584831237793 -0.0134754180908203
-0.124473571777344 0.1373291015625 0.00565052032470702 0.0134811401367188
-0.0507659912109375 0.153549194335937 0.00524139404296874 0.0161886215209961
0.0365753173828125 0.156219482421875 0.0294589996337891 0.0283470153808594
0.0940475463867188 0.121391296386719 0.0343093872070313 0.0284709930419922
0.09979248046875 0.107856750488281 0.0304832458496094 0.0210990905761719
0.116981506347656 0.105506896972656 0.0258769989013672 0.02105712890625
0.108169555664063 0.123008728027344 0.0182762145996094 0.0172233581542969
0.058563232421875 0.149139404296875 0.00208497047424317 -0.00399231910705565
0.0149688720703125 0.164825439453125 0.010101318359375 -0.0196590423583984
-0.0837554931640625 0.1473388671875 0.0274543762207031 -0.0426025390625
-0.145721435546875 0.123748779296875 0.0650901794433593 -0.0310821533203125
-0.164047241210937 0.092315673828125 0.105644226074219 0.0138778686523438
-0.211181640625 0.0450439453125 -0.0401878356933594 -0.0255203247070312
-0.205902099609375 0.0610198974609375 -0.0253677368164063 0.00223922729492188
-0.184646606445313 0.087677001953125 0.00310325622558593 -0.00809812545776366
-0.124313354492188 0.146453857421875 0.00370097160339355 -0.00385427474975585
-0.0499725341796875 0.1612548828125 -0.00154781341552735 -0.017333984375
0.038604736328125 0.164291381835937 0.00308990478515625 -0.0143213272094726
0.094451904296875 0.127143859863281 -0.0105972290039062 -0.00811386108398437
0.0993804931640625 0.1129150390625 -0.0177783966064453 -0.00521278381347655
0.117401123046875 0.113250732421875 -0.0210971832275391 -0.00210380554199218
0.106422424316406 0.129844665527344 -0.0190353393554687 -0.00771522521972655
0.0528411865234375 0.153228759765625 -0.0211906433105469 -0.0210514068603515
0.010467529296875 0.166244506835937 -0.0011749267578125 -0.0252876281738281
-0.0852508544921875 0.147018432617188 0.0151786804199219 -0.0304183959960937
-0.147659301757813 0.12689208984375 0.0345993041992187 0.00391578674316407
-0.169967651367188 0.0985565185546875 0.0470466613769531 0.0373039245605469
-0.181671142578125 0.0519561767578125 -0.103019714355469 -0.0068817138671875
-0.172698974609375 0.0683746337890625 -0.0679054260253907 0.0227470397949219
-0.147659301757813 0.0848236083984375 -0.00997161865234376 -0.000289916992187497
-0.0967788696289062 0.127388000488281 -0.00218963623046875 -0.0199947357177734
-0.036376953125 0.1376953125 -0.0124282836914063 -0.0478401184082031
0.0367431640625 0.142074584960938 -0.0268974304199219 -0.0536537170410156
0.080474853515625 0.1109619140625 -0.0553054809570312 -0.0425758361816406
0.0850143432617188 0.100173950195313 -0.0637130737304688 -0.030548095703125
0.0989990234375 0.104751586914063 -0.063995361328125 -0.0255508422851562
0.0836715698242188 0.119697570800781 -0.052764892578125 -0.0328826904296875
0.0331268310546875 0.135917663574219 -0.0406455993652344 -0.0379447937011719
-0.00265502929687501 0.141921997070313 -0.0107650756835938 -0.0309848785400391
-0.0818557739257812 0.120277404785156 0.00505065917968749 -0.0166006088256836
-0.131919860839844 0.106796264648438 0.00269699096679687 0.0374870300292969
-0.1536865234375 0.0860443115234375 -0.01324462890625 0.0572128295898438
-0.121673583984375 0.0482101440429688 -0.152786254882813 0.01220703125
-0.110862731933594 0.0597915649414063 -0.100326538085938 0.0407257080078125
-0.0850677490234375 0.062408447265625 -0.0232505798339844 0.00874710083007813
-0.055084228515625 0.0830459594726562 -0.0137042999267578 -0.0294551849365234
-0.01959228515625 0.0897140502929688 -0.0259780883789062 -0.0632057189941406
0.0277175903320312 0.0957107543945313 -0.0554122924804687 -0.0779647827148438
0.0538787841796875 0.078643798828125 -0.091705322265625 -0.0660400390625
0.0580368041992188 0.0728225708007813 -0.0992507934570313 -0.0515060424804688
0.0665359497070313 0.0804901123046875 -0.0954513549804688 -0.0488204956054688
0.0490570068359375 0.0912246704101563 -0.0749969482421875 -0.0587921142578125
0.00828552246093749 0.0989761352539062 -0.0497817993164063 -0.0549659729003906
-0.0156784057617188 0.0965728759765625 -0.0153236389160156 -0.0367698669433594
-0.0647964477539063 0.075286865234375 -0.00456380844116211 -0.0054020881652832
-0.0984420776367188 0.0718917846679688 -0.0293464660644531 0.0594367980957031
-0.113800048828125 0.0613632202148437 -0.0670318603515625 0.0682525634765625
-0.0442123413085938 0.0325202941894531 -0.18206787109375 0.0279388427734375
-0.0363311767578125 0.0315971374511719 -0.117820739746094 0.0549163818359375
-0.0189399719238281 0.0212211608886719 -0.0318050384521484 0.020904541015625
-0.0166721343994141 0.0226669311523438 -0.0247402191162109 -0.0293216705322266
-0.00976371765136719 0.0287322998046875 -0.0367317199707031 -0.0642547607421875
0.00696945190429688 0.0379791259765625 -0.0766067504882813 -0.0856857299804688
0.0167350769042969 0.0357246398925781 -0.116775512695313 -0.075469970703125
0.022125244140625 0.03472900390625 -0.121574401855469 -0.0645751953125
0.0255928039550781 0.0426216125488281 -0.111587524414063 -0.067626953125
0.0136184692382812 0.0459022521972656 -0.0830612182617188 -0.0799789428710938
-0.00797653198242187 0.044525146484375 -0.0483283996582031 -0.06805419921875
-0.0139732360839844 0.0386581420898438 -0.0148239135742187 -0.0416908264160156
-0.0282726287841797 0.0292682647705078 -0.0132770538330078 0.00192832946777344
-0.044464111328125 0.0362472534179687 -0.0567092895507812 0.0675926208496094
-0.0553932189941406 0.03466796875 -0.107902526855469 0.0689010620117188
-0.0262660980224609 -0.0137004852294922 0.117630004882812 -0.0887374877929688
-0.0349979400634766 -0.0117130279541016 0.0700798034667969 -0.0673751831054688
-0.03125 0.0105533599853516 0.00361251831054687 -0.0111322402954102
-0.0117931365966797 0.0215587615966797 0.00599670410156249 0.0452308654785156
-0.000793457031250001 0.0187816619873047 0.0260772705078125 0.080169677734375
0.0107097625732422 0.0107183456420898 0.0824966430664063 0.0989532470703125
0.0212783813476563 0.00818824768066406 0.125129699707031 0.0846405029296875
0.0189895629882813 0.0104408264160156 0.128440856933594 0.0683135986328125
0.0225124359130859 0.00778579711914062 0.116539001464844 0.0721435546875
0.0258731842041016 0.0186519622802734 0.0839004516601563 0.0803756713867188
0.0186405181884766 0.0323753356933594 0.0476799011230469 0.0479316711425781
0.000164031982421878 0.0377998352050781 0.0342006683349609 0.0123119354248047
-0.0244884490966797 0.0290088653564453 0.0616607666015625 -0.0245399475097656
-0.0294818878173828 0.0101547241210938 0.130126953125 -0.0698394775390625
-0.013401985168457 0.00204944610595703 0.212875366210938 -0.017303466796875
-0.105583190917969 0.00305175781250002 0.108421325683594 -0.0774383544921875
-0.105522155761719 0.0107879638671875 0.0697517395019531 -0.0549736022949219
-0.0962905883789063 0.03875732421875 0.00961208343505859 -0.0150413513183594
-0.0559921264648437 0.0723953247070313 0.00337982177734374 0.0395240783691406
-0.0169906616210938 0.076202392578125 0.0160255432128906 0.069183349609375
0.0264663696289063 0.0710220336914063 0.0689773559570313 0.0899734497070313
0.0581779479980469 0.0559883117675781 0.107559204101563 0.0799789428710937
0.0575790405273438 0.0522613525390625 0.110397338867188 0.0608444213867188
0.06597900390625 0.0506973266601562 0.101531982421875 0.0592041015625
0.0628471374511719 0.0670661926269531 0.07562255859375 0.0630874633789063
0.035247802734375 0.08795166015625 0.0411186218261719 0.0305900573730469
0.0019989013671875 0.0987625122070313 0.03076171875 -0.00110626220703124
-0.0619659423828125 0.08160400390625 0.0543136596679688 -0.0407867431640625
-0.0917510986328125 0.0555419921875 0.116584777832031 -0.072021484375
-0.0849380493164063 0.0355682373046875 0.197128295898438 -0.0172271728515625
-0.172317504882813 0.0175933837890625 0.072296142578125 -0.062225341796875
-0.168136596679688 0.02874755859375 0.0517692565917969 -0.0377311706542969
-0.155960083007812 0.0600738525390625 0.0125303268432617 -0.0155696868896484
-0.0995864868164063 0.114189147949219 0.00506973266601562 0.0282363891601563
-0.0371551513671875 0.125 0.0102806091308594 0.0451622009277344
0.0341949462890625 0.12371826171875 0.0499763488769531 0.0641670227050781
0.08380126953125 0.0959548950195313 0.075042724609375 0.0601959228515625
0.0862350463867188 0.0868988037109375 0.077056884765625 0.0457534790039063
0.100669860839844 0.0844955444335938 0.0701446533203125 0.0430030822753906
0.0945968627929688 0.102012634277344 0.0529365539550781 0.042449951171875
0.0531005859375 0.128303527832031 0.0242328643798828 0.0139102935791016
0.01190185546875 0.144073486328125 0.0211963653564453 -0.0125885009765625
-0.0794525146484375 0.126785278320313 0.0420303344726562 -0.047210693359375
-0.131294250488281 0.100135803222656 0.0962677001953125 -0.0576324462890625
-0.139533996582031 0.0700149536132812 0.16107177734375 -0.005462646484375
-0.210235595703125 0.0341339111328125 0.0228462219238281 -0.0466461181640625
-0.205596923828125 0.045684814453125 0.0190467834472656 -0.0196456909179687
-0.191360473632812 0.0783538818359375 0.0106897354125976 -0.0141105651855469
-0.126922607421875 0.1424560546875 0.00635147094726562 0.0137214660644531
-0.0507659912109375 0.1585693359375 0.00497150421142578 0.0160865783691406
0.0379486083984375 0.160507202148438 0.0293560028076172 0.027496337890625
0.0970840454101562 0.123069763183594 0.0347175598144531 0.0283355712890625
0.103134155273438 0.10931396484375 0.0324821472167969 0.0220451354980469
0.121322631835938 0.107200622558594 0.0269985198974609 0.0211315155029297
0.11273193359375 0.124313354492188 0.0191249847412109 0.0176448822021484
0.0618743896484375 0.153533935546875 0.00229597091674805 -0.00465917587280272
0.0166015625 0.169601440429688 0.0100383758544922 -0.0207195281982422
-0.086090087890625 0.153167724609375 0.0280342102050781 -0.0424041748046875
-0.149246215820313 0.128341674804687 0.0664863586425781 -0.0318870544433594
-0.168212890625 0.094451904296875 0.109237670898437 0.0137939453125
-0.217529296875 0.0475616455078125 -0.0399627685546875 -0.0271186828613281
-0.210800170898438 0.0628662109375 -0.024648666381836 0.00178909301757812
-0.191680908203125 0.09136962890625 0.00320196151733397 -0.00814676284790039
-0.127059936523438 0.151168823242187 0.00504255294799804 -0.00397920608520507
-0.0493927001953125 0.166046142578125 -0.00205802917480469 -0.0183353424072266
0.0409088134765625 0.168243408203125 0.00221347808837891 -0.0164737701416016
0.0981063842773437 0.129379272460938 -0.0107202529907227 -0.00899696350097655
0.103370666503906 0.114410400390625 -0.0170183181762695 -0.00518321990966796
0.122207641601563 0.114753723144531 -0.0217723846435547 -0.00205612182617187
0.110588073730469 0.131568908691406 -0.0194244384765625 -0.00726890563964843
0.05615234375 0.1578369140625 -0.0218181610107422 -0.0221042633056641
0.0121002197265625 0.171096801757813 -0.00122833251953125 -0.0261974334716797
-0.0885009765625 0.1524658203125 0.0150089263916016 -0.0295963287353516
-0.151077270507813 0.13214111328125 0.0351009368896484 0.0041942596435547
-0.174560546875 0.100753784179688 0.0485763549804687 0.0385589599609375
-0.186798095703125 0.053375244140625 -0.104827880859375 -0.00814819335937499
-0.17706298828125 0.0700225830078125 -0.0675773620605469 0.0229263305664063
-0.153289794921875 0.0885162353515625 -0.00984573364257813 -0.000805854797363278
-0.0988922119140625 0.132644653320313 -0.00188446044921876 -0.0206890106201172
-0.0357666015625 0.142227172851562 -0.0134010314941406 -0.0480728149414063
0.038726806640625 0.145584106445312 -0.0285797119140625 -0.0553474426269531
0.0839462280273438 0.113441467285156 -0.056304931640625 -0.0435142517089844
0.0880966186523438 0.1014404296875 -0.0640830993652344 -0.0310859680175781
0.102867126464844 0.10552978515625 -0.0655326843261719 -0.0258979797363281
0.0873641967773438 0.121376037597656 -0.0541801452636719 -0.0327415466308594
0.0349884033203125 0.140052795410156 -0.0417251586914062 -0.0389900207519531
-0.001373291015625 0.14599609375 -0.0112190246582031 -0.0321159362792969
-0.084136962890625 0.124114990234375 0.00465297698974609 -0.015650749206543
-0.135482788085938 0.110565185546875 0.00274658203124999 0.0385932922363281
-0.157470703125 0.0878448486328125 -0.0132713317871094 0.0593490600585938
-0.125434875488281 0.0498733520507812 -0.156219482421875 0.010986328125
-0.113319396972656 0.0613174438476562 -0.101554870605469 0.0420379638671875
-0.0886993408203125 0.0651016235351563 -0.0230083465576172 0.00940132141113282
-0.0560684204101563 0.086273193359375 -0.0136089324951172 -0.0296516418457031
-0.0188751220703125 0.09246826171875 -0.0264701843261719 -0.0643157958984375
0.0290603637695313 0.098541259765625 -0.0571975708007813 -0.0801620483398438
0.0567474365234375 0.0799026489257813 -0.0942916870117187 -0.0672225952148438
0.0603561401367188 0.073486328125 -0.101249694824219 -0.0522232055664062
0.0689849853515625 0.08123779296875 -0.09783935546875 -0.0494766235351562
0.0517959594726563 0.0924911499023438 -0.0772323608398438 -0.0591354370117187
0.00994110107421874 0.1015625 -0.05194091796875 -0.0560951232910156
-0.0148696899414062 0.0997390747070313 -0.0160179138183594 -0.037506103515625
-0.067047119140625 0.078094482421875 -0.00511503219604493 -0.00475311279296875
-0.100868225097656 0.0748138427734375 -0.0300025939941406 0.0612678527832031
-0.116683959960938 0.0635833740234375 -0.0684547424316406 0.0700836181640625
-0.0459785461425781 0.0336189270019531 -0.186004638671875 0.026763916015625
-0.0372238159179687 0.0330123901367188 -0.119705200195312 0.0565643310546875
-0.0200614929199219 0.0222206115722656 -0.0320987701416016 0.0212249755859375
-0.0171375274658203 0.0233669281005859 -0.0252475738525391 -0.0288295745849609
-0.00870132446289063 0.0296802520751953 -0.0381202697753906 -0.06512451171875
0.00725555419921875 0.0386314392089844 -0.0792312622070313 -0.086273193359375
0.0174446105957031 0.0364265441894531 -0.119491577148438 -0.0777053833007812
0.023223876953125 0.0349502563476563 -0.123390197753906 -0.0657958984375
0.0264663696289063 0.042999267578125 -0.115226745605469 -0.0688018798828125
0.0145187377929688 0.0474586486816406 -0.0854263305664062 -0.0816802978515625
-0.00726699829101562 0.0462570190429688 -0.0501289367675781 -0.0694046020507812
-0.0132598876953125 0.0396270751953125 -0.0159492492675781 -0.04217529296875
-0.0291175842285156 0.0302753448486328 -0.0133724212646484 0.00292491912841797
-0.0454139709472656 0.0380706787109375 -0.0575942993164063 0.0695304870605469
-0.0565261840820313 0.0364189147949219 -0.109840393066406 0.0703506469726563
-0.0277156829833984 -0.0136985778808594 0.121597290039062 -0.0946731567382813
-0.0369148254394531 -0.012298583984375 0.0718841552734375 -0.07275390625
-0.0323581695556641 0.0117549896240234 0.003631591796875 -0.0118474960327148
-0.0122966766357422 0.0226631164550781 0.00667953491210937 0.0463371276855469
-0.000734329223632815 0.0196323394775391 0.029052734375 0.0818023681640625
0.0110015869140625 0.0112247467041016 0.0882949829101562 0.0995330810546875
0.0228233337402344 0.00825881958007812 0.132827758789063 0.084991455078125
0.0206470489501953 0.0102729797363281 0.135215759277344 0.0681304931640625
0.0237274169921875 0.00760078430175781 0.12371826171875 0.07275390625
0.0277328491210938 0.0191497802734375 0.090576171875 0.0815887451171875
0.0204486846923828 0.0337314605712891 0.0511398315429688 0.049407958984375
0.00133514404296875 0.039459228515625 0.0359992980957031 0.0128288269042969
-0.024810791015625 0.0310096740722656 0.0641937255859375 -0.0277824401855469
-0.0308876037597656 0.0111026763916016 0.133041381835937 -0.075897216796875
-0.0139169692993164 0.00176143646240234 0.22113037109375 -0.0211334228515625
-0.10980224609375 0.00598144531250002 0.111984252929688 -0.0822525024414063
-0.110137939453125 0.0133743286132812 0.0727462768554688 -0.0588150024414063
-0.100944519042969 0.0427322387695312 0.00980281829833984 -0.015960693359375
-0.0569076538085937 0.076934814453125 0.00475311279296874 0.0399131774902344
-0.0163497924804688 0.0802993774414062 0.0183563232421875 0.0708999633789063
0.0289993286132813 0.0737991333007813 0.073974609375 0.090606689453125
0.0624961853027344 0.0565910339355469 0.11395263671875 0.0802993774414063
0.0618133544921875 0.0528488159179687 0.117637634277344 0.0605316162109375
0.0705337524414063 0.0522308349609375 0.107765197753906 0.0599899291992188
0.0681343078613281 0.0688552856445313 0.0813369750976563 0.0647125244140625
0.0391769409179688 0.09149169921875 0.04339599609375 0.0315780639648438
0.00395965576171875 0.104423522949219 0.0328388214111328 -0.00145149230957031
-0.0630569458007812 0.0871963500976563 0.0564155578613281 -0.0431632995605469
-0.095611572265625 0.0601806640625 0.120071411132813 -0.0780181884765625
-0.0887680053710938 0.0384140014648437 0.205490112304688 -0.020843505859375
-0.1796875 0.0225372314453125 0.0750656127929687 -0.0660934448242188
-0.174972534179688 0.0337066650390625 0.0545120239257812 -0.0410842895507813
-0.16339111328125 0.06689453125 0.0127067565917969 -0.016697883605957
-0.101799011230469 0.121902465820312 0.00631332397460937 0.0288677215576172
-0.0357208251953125 0.131027221679688 0.0107955932617187 0.0470657348632813
0.0388031005859375 0.129302978515625 0.0519447326660156 0.064208984375
0.0899658203125 0.0981216430664062 0.0797042846679688 0.0606842041015625
0.0926589965820313 0.0877532958984375 0.0820693969726563 0.0456008911132813
0.107696533203125 0.0859298706054688 0.0746307373046875 0.0425186157226563
0.102287292480469 0.104438781738281 0.056976318359375 0.0431251525878906
0.059844970703125 0.133399963378906 0.0259799957275391 0.0144271850585938
0.0155029296875 0.15185546875 0.0225067138671875 -0.0136127471923828
-0.0810928344726563 0.135635375976563 0.0434837341308594 -0.0498199462890625
-0.136100769042969 0.108306884765625 0.098602294921875 -0.0627059936523438
-0.145370483398438 0.07525634765625 0.168670654296875 -0.00837707519531249
-0.218948364257812 0.0397491455078125 0.0241546630859375 -0.0487327575683594
-0.213851928710938 0.051513671875 0.0205078125 -0.0210819244384766
-0.200469970703125 0.0869293212890625 0.0104799270629883 -0.0145730972290039
-0.130035400390625 0.152145385742188 0.00776672363281249 0.0134792327880859
-0.049163818359375 0.167007446289062 0.00512981414794922 0.0162200927734375
0.0437469482421875 0.167236328125 0.0294837951660156 0.0266952514648438
0.1051025390625 0.126251220703125 0.0372314453125 0.0284576416015625
0.111129760742188 0.110328674316406 0.0350360870361328 0.0221805572509766
0.130302429199219 0.108261108398437 0.0283737182617188 0.0212593078613281
0.121978759765625 0.127593994140625 0.0207023620605469 0.0183277130126953
0.0695953369140625 0.159393310546875 0.00210857391357422 -0.00502824783325194
0.0221099853515625 0.1781005859375 0.0102558135986328 -0.0219688415527344
-0.0879364013671875 0.163299560546875 0.0279731750488281 -0.0436248779296875
-0.15472412109375 0.138107299804688 0.068023681640625 -0.0344161987304687
-0.174575805664062 0.101272583007813 0.11456298828125 0.0132217407226563
-0.226409912109375 0.0543975830078125 -0.041534423828125 -0.0285606384277344
-0.218551635742188 0.0696258544921876 -0.0242233276367188 0.00270652770996094
-0.200714111328125 0.101608276367187 0.00268650054931639 -0.00931358337402343
-0.12939453125 0.161407470703125 0.00610923767089843 -0.00463676452636718
-0.047576904296875 0.175201416015625 -0.0029296875 -0.0192184448242187
0.04681396484375 0.175277709960937 0.000903129577636722 -0.0174322128295898
0.10650634765625 0.133293151855469 -0.0112628936767578 -0.0095834732055664
0.111625671386719 0.115982055664063 -0.0173883438110352 -0.00498962402343749
0.131149291992188 0.116264343261719 -0.0224990844726562 -0.0022907257080078
0.119361877441406 0.134773254394531 -0.0202159881591797 -0.00747489929199218
0.06329345703125 0.164535522460938 -0.0236682891845703 -0.0230312347412109
0.01776123046875 0.179443359375 -0.00218009948730469 -0.0279617309570312
-0.0892791748046875 0.162765502929687 0.0146312713623047 -0.0302600860595703
-0.155990600585937 0.141876220703125 0.03558349609375 0.00395202636718751
-0.18072509765625 0.108291625976562 0.0514564514160156 0.039520263671875
-0.193923950195313 0.05963134765625 -0.108634948730469 -0.00802612304687502
-0.182968139648438 0.076507568359375 -0.0693855285644531 0.0251693725585938
-0.160308837890625 0.09747314453125 -0.0101461410522461 -0.000473976135253901
-0.100631713867188 0.1414794921875 -0.00148391723632813 -0.0210533142089844
-0.033935546875 0.149383544921875 -0.0145606994628906 -0.04998779296875
0.0439300537109375 0.151351928710937 -0.0320243835449219 -0.0573616027832031
0.0907440185546875 0.116050720214844 -0.0590972900390625 -0.0446090698242187
0.0949630737304688 0.102996826171875 -0.0667800903320313 -0.0307960510253906
0.11077880859375 0.107589721679687 -0.0687484741210938 -0.0257453918457031
0.0953521728515625 0.124183654785156 -0.0569915771484375 -0.0325775146484375
0.0416412353515625 0.145843505859375 -0.0448074340820313 -0.0400238037109375
0.002685546875 0.153488159179688 -0.0125579833984375 -0.0337562561035156
-0.0856781005859375 0.132926940917969 0.00449657440185546 -0.0155019760131836
-0.139358520507813 0.119384765625 0.00350189208984374 0.040435791015625
-0.162841796875 0.0944976806640625 -0.0125770568847656 0.0616874694824219
-0.130424499511719 0.0553054809570313 -0.162567138671875 0.0129241943359375
-0.117149353027344 0.0667190551757813 -0.104011535644531 0.045440673828125
-0.0925827026367188 0.0716171264648438 -0.0238094329833984 0.0100460052490234
-0.056427001953125 0.0926284790039063 -0.0139808654785156 -0.0306892395019531
-0.01666259765625 0.0975570678710938 -0.0297889709472656 -0.0663719177246094
0.0321731567382813 0.101837158203125 -0.0622100830078125 -0.0818634033203125
0.0613861083984375 0.0816116333007813 -0.0998687744140625 -0.0688323974609375
0.0648956298828125 0.0750198364257813 -0.106040954589844 -0.0527191162109375
0.0742263793945313 0.0826568603515625 -0.103866577148438 -0.04949951171875
0.0567855834960938 0.0949249267578125 -0.082122802734375 -0.0590438842773438
0.013824462890625 0.106407165527344 -0.0550537109375 -0.0574378967285156
-0.0118942260742188 0.104576110839844 -0.0177574157714844 -0.0394210815429687
-0.0683975219726563 0.0843887329101563 -0.0055994987487793 -0.00369215011596679
-0.103378295898438 0.080841064453125 -0.0297317504882813 0.0644912719726563
-0.120399475097656 0.0688095092773437 -0.0707168579101563 0.074127197265625
-0.0474662780761719 0.0363807678222656 -0.194137573242188 0.0299835205078125
-0.0383720397949219 0.0352096557617187 -0.122505187988281 0.0614547729492187
-0.0216083526611328 0.0248565673828125 -0.0333595275878906 0.0229110717773438
-0.0170402526855469 0.0258407592773438 -0.0263462066650391 -0.0295581817626953
-0.0078277587890625 0.0312843322753906 -0.0408859252929687 -0.0664253234863281
0.00857925415039063 0.0404472351074219 -0.0843353271484375 -0.0879058837890625
0.0198554992675781 0.0376510620117188 -0.12603759765625 -0.077606201171875
0.0247726440429688 0.0354881286621094 -0.129203796386719 -0.0654525756835938
0.0293540954589844 0.0440292358398438 -0.121681213378906 -0.0690994262695313
0.0168876647949219 0.0491485595703125 -0.0916824340820312 -0.0824661254882813
-0.00609207153320313 0.0488243103027344 -0.0540084838867188 -0.071075439453125
-0.0122642517089844 0.0418624877929688 -0.0178642272949219 -0.0439987182617188
-0.0301589965820312 0.0327510833740234 -0.0142660140991211 0.00336551666259766
-0.0459671020507812 0.0414695739746094 -0.0582427978515625 0.0739059448242188
-0.0586318969726563 0.0398292541503906 -0.113983154296875 0.07568359375
-0.0295314788818359 -0.0128097534179688 0.122512817382813 -0.103950500488281
-0.0392379760742188 -0.0104866027832031 0.0705108642578125 -0.0794143676757813
-0.033447265625 0.014373779296875 0.00339698791503906 -0.0123996734619141
-0.0113010406494141 0.0243015289306641 0.009033203125 0.047454833984375
-5.91278076171885E-05 0.020416259765625 0.0342254638671875 0.08270263671875
0.0120172500610352 0.0109834671020508 0.0967636108398437 0.09796142578125
0.0242671966552734 0.00708580017089844 0.141921997070313 0.0811767578125
0.0222377777099609 0.00976753234863281 0.143829345703125 0.0640411376953125
0.0258388519287109 0.00670623779296875 0.13360595703125 0.0689697265625
0.0300083160400391 0.0187568664550781 0.0988616943359375 0.08026123046875
0.0234165191650391 0.0336875915527344 0.0563926696777344 0.0496368408203125
0.00333786010742187 0.0419845581054687 0.0389022827148438 0.0123291015625
-0.0247554779052734 0.033782958984375 0.0660781860351563 -0.0321426391601563
-0.0324668884277344 0.0126361846923828 0.133453369140625 -0.08587646484375
-0.0154438018798828 0.00194931030273438 0.229766845703125 -0.03125
-0.114143371582031 0.0120391845703125 0.11370849609375 -0.090423583984375
-0.114219665527344 0.018829345703125 0.0729904174804687 -0.0643081665039063
-0.103729248046875 0.0504531860351563 0.00896549224853515 -0.0168733596801758
-0.0557937622070312 0.082733154296875 0.00671005249023437 0.0410614013671875
-0.0130386352539063 0.0844955444335937 0.0223541259765625 0.0718460083007812
0.0343704223632813 0.0757369995117188 0.0808181762695313 0.0893478393554688
0.0682449340820313 0.0554580688476563 0.122528076171875 0.0766983032226563
0.0672073364257813 0.0513839721679688 0.125282287597656 0.056732177734375
0.077423095703125 0.0502777099609375 0.115814208984375 0.056060791015625
0.074920654296875 0.0673828125 0.0891647338867188 0.0621871948242188
0.0461578369140625 0.0935897827148438 0.0475578308105469 0.0309638977050781
0.00943756103515625 0.108917236328125 0.0337085723876953 -0.00296592712402343
-0.0618667602539063 0.0949935913085938 0.05645751953125 -0.04754638671875
-0.0977630615234375 0.067962646484375 0.119087219238281 -0.0870742797851563
-0.0914688110351563 0.04376220703125 0.2132568359375 -0.030517578125
-0.186325073242188 0.0328369140625 0.0759811401367187 -0.0715103149414063
-0.18060302734375 0.0429229736328125 0.0554656982421875 -0.0454864501953125
-0.16845703125 0.07952880859375 0.0120067596435547 -0.0182170867919922
-0.100013732910156 0.132148742675781 0.00836563110351562 0.0291576385498047
-0.0300369262695313 0.139198303222656 0.0134201049804687 0.0474014282226563
0.0470504760742187 0.132789611816406 0.0558815002441406 0.0633430480957031
0.099212646484375 0.0971450805664062 0.0855789184570312 0.0580062866210938
0.101837158203125 0.0851898193359375 0.0877914428710937 0.0422821044921875
0.117965698242188 0.0832366943359375 0.079620361328125 0.0408248901367188
0.112617492675781 0.102142333984375 0.0625343322753906 0.0420761108398438
0.0703201293945313 0.136383056640625 0.0277500152587891 0.0131874084472656
0.0248565673828125 0.158172607421875 0.0227546691894531 -0.0150566101074219
-0.078887939453125 0.147109985351563 0.0428504943847656 -0.0532951354980469
-0.137481689453125 0.120307922363281 0.0984954833984375 -0.069183349609375
-0.148208618164063 0.0853729248046875 0.17559814453125 -0.0161895751953125
-0.22698974609375 0.053192138671875 0.023345947265625 -0.0524673461914063
-0.219940185546875 0.0647125244140625 0.0216751098632812 -0.0232391357421875
-0.206939697265625 0.102157592773437 0.0101070404052734 -0.0157299041748047
-0.128219604492187 0.166152954101563 0.00948715209960937 0.0136919021606445
-0.0421600341796875 0.176727294921875 0.00613021850585937 0.0162754058837891
0.0541229248046875 0.171905517578125 0.0303745269775391 0.0256214141845703
0.117385864257812 0.125762939453125 0.0402603149414063 0.0271377563476563
0.121742248535156 0.108200073242188 0.0385055541992188 0.0205535888671875
0.142333984375 0.105224609375 0.0304069519042969 0.0205154418945313
0.134971618652344 0.125823974609375 0.023223876953125 0.0177154541015625
0.08197021484375 0.163406372070313 0.00199890136718751 -0.00570678710937499
0.032989501953125 0.185455322265625 0.00977706909179688 -0.0236244201660156
-0.0838775634765625 0.175994873046875 0.0271987915039063 -0.045928955078125
-0.154739379882813 0.15264892578125 0.0681304931640625 -0.03802490234375
-0.177322387695313 0.113449096679687 0.119941711425781 0.00802612304687501
-0.233612060546875 0.0681610107421875 -0.043914794921875 -0.0289421081542969
-0.224197387695313 0.0827789306640625 -0.0235385894775391 0.00348281860351563
-0.206558227539063 0.117172241210937 0.0022144317626953 -0.00939846038818359
-0.127105712890625 0.17669677734375 0.00708007812499999 -0.00544166564941405
-0.0396728515625 0.185195922851563 -0.00403404235839844 -0.0198440551757812
0.058013916015625 0.181198120117188 -0.0018463134765625 -0.01885986328125
0.118453979492188 0.132331848144531 -0.0121250152587891 -0.00962352752685546
0.122787475585938 0.114128112792969 -0.0173072814941406 -0.00530624389648437
0.14385986328125 0.113632202148438 -0.0237846374511719 -0.00123786926269531
0.133018493652344 0.132919311523438 -0.0210914611816406 -0.00621032714843749
0.076080322265625 0.168258666992188 -0.0263442993164062 -0.0228328704833984
0.0286407470703125 0.187149047851562 -0.00436973571777344 -0.0291900634765625
-0.085479736328125 0.1761474609375 0.0142135620117187 -0.0311050415039062
-0.155197143554688 0.157119750976563 0.0366172790527344 0.00205612182617188
-0.183120727539063 0.121337890625 0.0556831359863281 0.0385551452636719
-0.200347900390625 0.072845458984375 -0.113410949707031 -0.00481414794921876
-0.187576293945313 0.08905029296875 -0.070068359375 0.0290107727050781
-0.164154052734375 0.111892700195312 -0.0106868743896484 2.76565551757873E-05
-0.0973968505859375 0.153778076171875 -0.00119972229003907 -0.0225543975830078
-0.026641845703125 0.157943725585938 -0.0177154541015625 -0.0510406494140625
0.053802490234375 0.156036376953125 -0.0367698669433594 -0.0587158203125
0.101699829101563 0.116058349609375 -0.0642547607421875 -0.0434722900390625
0.105216979980469 0.101554870605469 -0.070159912109375 -0.0293121337890625
0.121833801269531 0.105911254882813 -0.0735626220703125 -0.02337646484375
0.106590270996094 0.123344421386719 -0.0609397888183594 -0.0302314758300781
0.0518341064453125 0.15087890625 -0.0491256713867188 -0.0399017333984375
0.0116729736328125 0.160171508789063 -0.0154666900634766 -0.0346317291259765
-0.0829315185546875 0.143692016601563 0.00366020202636718 -0.015620231628418
-0.140052795410156 0.132331848144531 0.00524520874023437 0.0423507690429688
-0.165054321289062 0.10638427734375 -0.0101547241210938 0.0648078918457031
-0.133941650390625 0.0645523071289063 -0.168670654296875 0.019317626953125
-0.118949890136719 0.0754470825195312 -0.105438232421875 0.0513763427734375
-0.0944747924804688 0.0811080932617188 -0.0238094329833984 0.0115604400634766
-0.0540695190429688 0.100700378417969 -0.0153541564941406 -0.0315971374511719
-0.0113143920898438 0.102226257324219 -0.0340232849121094 -0.0669670104980469
0.0394668579101562 0.104621887207031 -0.0693435668945313 -0.08203125
0.0692062377929688 0.0821762084960938 -0.107292175292969 -0.0666427612304687
0.0718612670898437 0.0741348266601563 -0.11260986328125 -0.0494918823242187
0.08233642578125 0.081512451171875 -0.111129760742188 -0.0461273193359375
0.0651321411132813 0.095947265625 -0.0890655517578125 -0.0565948486328125
0.0205001831054687 0.110511779785156 -0.061004638671875 -0.0570793151855469
-0.0070343017578125 0.109535217285156 -0.0214500427246094 -0.0403480529785156
-0.0670318603515625 0.0914154052734375 -0.00647735595703125 -0.00312519073486328
-0.103485107421875 0.09002685546875 -0.0277671813964844 0.0687675476074219
-0.12188720703125 0.0775146484375 -0.0708541870117188 0.0806350708007813
-0.047454833984375 0.0407867431640625 -0.200729370117188 0.0392303466796875
-0.0385704040527344 0.0390129089355469 -0.12408447265625 0.0695724487304688
-0.02154541015625 0.0276222229003906 -0.0322055816650391 0.0246906280517578
-0.0158138275146484 0.0283832550048828 -0.0287818908691406 -0.0295963287353516
-0.00627326965332031 0.0330944061279297 -0.0458984375 -0.0666847229003906
0.0115318298339844 0.0416030883789063 -0.0920944213867187 -0.0867996215820312
0.0226058959960938 0.0380821228027344 -0.134666442871094 -0.0745010375976562
0.0278358459472656 0.0352859497070313 -0.137725830078125 -0.0614547729492188
0.0330238342285156 0.0439491271972656 -0.130111694335938 -0.06585693359375
0.0208206176757813 0.0496101379394531 -0.0996627807617188 -0.0803146362304687
-0.00341415405273438 0.0516204833984375 -0.0600128173828125 -0.0708236694335937
-0.0103378295898438 0.0439834594726563 -0.0216484069824219 -0.0451545715332031
-0.0294723510742188 0.0359001159667969 -0.0142555236816406 0.00441741943359375
-0.0454864501953125 0.0457191467285156 -0.0566024780273438 0.0797348022460937
-0.0583763122558594 0.0446281433105469 -0.116172790527344 0.0841217041015625
-0.0300865173339844 -0.0110015869140625 0.118171691894531 -0.111663818359375
-0.0411491394042969 -0.00823593139648437 0.0657577514648438 -0.084075927734375
-0.0328197479248047 0.0166549682617187 0.00256252288818359 -0.0124616622924805
-0.0104351043701172 0.0249786376953125 0.0123748779296875 0.0471687316894531
0.000993728637695312 0.0210514068603516 0.0399246215820313 0.08087158203125
0.012481689453125 0.0106992721557617 0.104591369628906 0.0915069580078125
0.0251941680908203 0.0058441162109375 0.148727416992188 0.071563720703125
0.0233421325683594 0.00786781311035156 0.150161743164063 0.0541839599609375
0.0268535614013672 0.00539970397949219 0.140411376953125 0.060394287109375
0.0319652557373047 0.0166549682617187 0.107879638671875 0.0738143920898438
0.0262165069580078 0.0325813293457031 0.0615959167480469 0.0464439392089844
0.00557327270507813 0.0428237915039063 0.0404434204101563 0.0105514526367188
-0.0228843688964844 0.0362701416015625 0.0651741027832031 -0.0371131896972656
-0.0329456329345703 0.0151748657226562 0.128860473632813 -0.0955352783203125
-0.0164861679077148 0.002532958984375 0.230255126953125 -0.0461578369140625
-0.115020751953125 0.02008056640625 0.109817504882813 -0.0983047485351563
-0.114547729492188 0.0273361206054688 0.0695419311523437 -0.07049560546875
-0.102485656738281 0.0587539672851563 0.00810813903808593 -0.0171146392822266
-0.0508346557617187 0.087860107421875 0.0099334716796875 0.0409736633300781
-0.00749206542968751 0.0871353149414063 0.0272216796875 0.0713653564453125
0.0402069091796875 0.0743179321289063 0.0868148803710938 0.0842971801757813
0.0730514526367188 0.0511016845703125 0.128814697265625 0.0681991577148437
0.0726089477539063 0.0467300415039063 0.13116455078125 0.0480728149414062
0.0826873779296875 0.0451812744140625 0.121788024902344 0.0485916137695312
0.0815582275390625 0.0628662109375 0.0959243774414063 0.05609130859375
0.0542526245117187 0.092193603515625 0.0505180358886719 0.0278434753417969
0.0175628662109375 0.110855102539063 0.0344257354736328 -0.00527763366699218
-0.0571975708007813 0.101364135742187 0.05401611328125 -0.051513671875
-0.095855712890625 0.0764007568359375 0.114295959472656 -0.0957489013671875
-0.091094970703125 0.0501327514648438 0.21441650390625 -0.0445709228515625
-0.186355590820313 0.0458831787109375 0.07354736328125 -0.0775146484375
-0.180130004882812 0.0560455322265625 0.0536727905273437 -0.0498809814453125
-0.167037963867188 0.0934295654296875 0.0109596252441406 -0.018707275390625
-0.0927276611328125 0.141510009765625 0.0107002258300781 0.0285987854003906
-0.0205841064453125 0.143524169921875 0.0163192749023438 0.0465507507324219
0.0569839477539063 0.13177490234375 0.059661865234375 0.0601310729980469
0.107887268066406 0.0912322998046875 0.090240478515625 0.0530014038085938
0.1097412109375 0.0787811279296875 0.0924301147460938 0.0365371704101563
0.126441955566406 0.0758819580078125 0.0841445922851563 0.0356063842773438
0.122611999511719 0.0955352783203125 0.0673904418945313 0.0379867553710938
0.081787109375 0.134010314941406 0.0293388366699219 0.0113658905029297
0.0363006591796875 0.160140991210937 0.0214309692382813 -0.0171012878417969
-0.0699920654296875 0.155731201171875 0.0395240783691406 -0.0562362670898437
-0.132514953613281 0.13232421875 0.0942230224609375 -0.0764999389648437
-0.14569091796875 0.0963134765625 0.177520751953125 -0.0276031494140625
-0.226715087890625 0.0697784423828125 0.02105712890625 -0.0551719665527344
-0.2191162109375 0.0801544189453125 0.02142333984375 -0.0250759124755859
-0.204757690429687 0.12017822265625 0.00918102264404296 -0.0157318115234375
-0.119171142578125 0.177764892578125 0.0105962753295898 0.0128965377807617
-0.030120849609375 0.182937622070312 0.00640678405761718 0.0157613754272461
0.06744384765625 0.17108154296875 0.0307674407958984 0.0238437652587891
0.128166198730469 0.11895751953125 0.0420570373535156 0.02423095703125
0.130950927734375 0.100730895996094 0.0409393310546875 0.0170402526855469
0.152969360351563 0.0969085693359375 0.0321083068847656 0.0183506011962891
0.146591186523438 0.116912841796875 0.0254631042480469 0.0159244537353516
0.0965728759765625 0.160720825195313 0.00160264968872071 -0.00620603561401366
0.047607421875 0.187225341796875 0.00771522521972656 -0.0250186920166016
-0.073486328125 0.186416625976563 0.0242271423339844 -0.04766845703125
-0.148284912109375 0.166549682617188 0.0653800964355469 -0.0427055358886719
-0.173507690429688 0.127716064453125 0.123100280761719 0.000724792480468758
-0.232940673828125 0.0859222412109376 -0.0458106994628906 -0.027130126953125
-0.22222900390625 0.0989532470703125 -0.0227947235107422 0.00434494018554688
-0.203460693359375 0.135787963867188 0.00137329101562499 -0.00938415527343749
-0.117279052734375 0.188735961914063 0.00705957412719726 -0.00620174407958983
-0.02703857421875 0.191055297851563 -0.00591468811035156 -0.0201091766357422
0.07147216796875 0.18048095703125 -0.00427436828613281 -0.0189571380615234
0.130226135253906 0.125663757324219 -0.0130825042724609 -0.00946331024169921
0.132583618164062 0.106216430664062 -0.0173025131225586 -0.00444316864013671
0.154937744140625 0.1041259765625 -0.0247268676757812 0.000436782836914066
0.145309448242188 0.125274658203125 -0.0212020874023437 -0.00476074218749999
0.09075927734375 0.16607666015625 -0.0284862518310547 -0.0217018127441406
0.042724609375 0.188613891601563 -0.00666427612304687 -0.0301742553710937
-0.075103759765625 0.185882568359375 0.0118885040283203 -0.0320014953613281
-0.148284912109375 0.171112060546875 0.0371284484863281 0.00096893310546876
-0.178207397460938 0.135848999023438 0.059234619140625 0.0355415344238281
-0.199020385742188 0.0876007080078125 -0.115333557128906 0.00122070312499999
-0.184249877929687 0.10260009765625 -0.0682754516601563 0.0333023071289063
-0.160446166992188 0.127471923828125 -0.0107479095458984 0.000405311584472665
-0.0887908935546875 0.164382934570313 -0.00287628173828126 -0.02362060546875
-0.0147705078125 0.162307739257813 -0.0217933654785156 -0.0505409240722656
0.0658111572265625 0.154647827148438 -0.0424118041992187 -0.0568389892578125
0.112167358398438 0.109870910644531 -0.0677986145019531 -0.0400314331054687
0.113861083984375 0.0950546264648438 -0.0725784301757812 -0.0255889892578125
0.131988525390625 0.0976104736328125 -0.0766372680664062 -0.0181198120117187
0.118087768554688 0.116928100585938 -0.0634307861328125 -0.0263481140136719
0.064727783203125 0.149658203125 -0.0532073974609375 -0.0369338989257812
0.023651123046875 0.162155151367188 -0.0188255310058594 -0.0345420837402344
-0.074951171875 0.1533203125 0.0023651123046875 -0.0149126052856445
-0.133407592773438 0.145156860351563 0.00823211669921874 0.0433998107910156
-0.160919189453125 0.119476318359375 -0.00625228881835938 0.0665054321289063
-0.131759643554688 0.0759124755859375 -0.1700439453125 0.0289459228515625
-0.115333557128906 0.0846176147460937 -0.102813720703125 0.058502197265625
-0.0913925170898438 0.0904464721679688 -0.0234622955322266 0.0122928619384766
-0.0476226806640625 0.106819152832031 -0.0172538757324219 -0.0313320159912109
-0.00403594970703126 0.104415893554688 -0.0389633178710937 -0.0657196044921875
0.0473480224609375 0.103752136230469 -0.0758819580078125 -0.0783615112304688
0.0757980346679688 0.0777053833007813 -0.112762451171875 -0.0604019165039062
0.0782546997070313 0.069580078125 -0.116950988769531 -0.0431060791015625
0.0899200439453125 0.0767974853515625 -0.116294860839844 -0.03863525390625
0.0735397338867187 0.0919342041015625 -0.0932769775390625 -0.0508651733398437
0.0293197631835938 0.111061096191406 -0.0667839050292969 -0.0539703369140625
0.00129699707031251 0.111610412597656 -0.0251922607421875 -0.0399856567382813
-0.0617523193359375 0.0986785888671875 -0.00677919387817383 -0.00192928314208984
-0.099151611328125 0.0994873046875 -0.0234527587890625 0.0723037719726563
-0.119232177734375 0.087615966796875 -0.06707763671875 0.0855789184570313
-0.0458946228027344 0.0452766418457031 -0.202102661132813 0.051177978515625
-0.0360832214355469 0.0424766540527344 -0.120933532714844 0.07733154296875
-0.0204200744628906 0.030792236328125 -0.0310440063476563 0.0262393951416016
-0.0137920379638672 0.0303020477294922 -0.0310096740722656 -0.0278167724609375
-0.00329017639160156 0.0336341857910156 -0.0509529113769531 -0.0642623901367187
0.0145454406738281 0.0418815612792969 -0.0987472534179688 -0.0816497802734375
0.026214599609375 0.0367507934570312 -0.141921997070313 -0.06646728515625
0.0308132171630859 0.0333003997802734 -0.143829345703125 -0.052947998046875
0.0365180969238281 0.0419731140136719 -0.137046813964844 -0.0571975708007813
0.0247840881347656 0.0490913391113281 -0.106666564941406 -0.0734024047851563
0.000534057617187496 0.0526885986328125 -0.0665855407714844 -0.0679550170898438
-0.00722503662109375 0.045166015625 -0.0251197814941406 -0.0438919067382812
-0.0271949768066406 0.0384674072265625 -0.0144128799438477 0.00612354278564453
-0.0428390502929687 0.0499267578125 -0.0519027709960937 0.0849075317382813
-0.0557441711425781 0.0494651794433594 -0.113418579101563 0.093048095703125
-0.0303974151611328 -0.00857353210449218 0.110862731933594 -0.115447998046875
-0.0410995483398438 -0.00541305541992188 0.0600357055664062 -0.086273193359375
-0.0313701629638672 0.0181522369384766 0.0020294189453125 -0.0114555358886719
-0.0089263916015625 0.0243034362792969 0.0144577026367187 0.0456352233886719
0.00184249877929687 0.0210075378417969 0.0441131591796875 0.0768814086914063
0.0127773284912109 0.010650634765625 0.106964111328125 0.08270263671875
0.0250720977783203 0.00419998168945313 0.149917602539063 0.06121826171875
0.024078369140625 0.00639915466308594 0.151077270507813 0.0445556640625
0.0270595550537109 0.0033111572265625 0.142135620117188 0.0504302978515625
0.0331058502197266 0.0141143798828125 0.110725402832031 0.0658187866210938
0.0274868011474609 0.0311050415039063 0.0640602111816406 0.0421142578125
0.00798797607421875 0.0418586730957031 0.0411453247070313 0.00815963745117188
-0.0211296081542969 0.03704833984375 0.061553955078125 -0.0405311584472656
-0.0321521759033203 0.0163803100585937 0.120346069335938 -0.100692749023438
-0.0169897079467773 0.00322151184082032 0.224411010742187 -0.0575103759765625
-0.111595153808594 0.0266265869140625 0.103279113769531 -0.102119445800781
-0.111557006835938 0.0334701538085937 0.0648269653320312 -0.072906494140625
-0.0977859497070313 0.06427001953125 0.00690460205078124 -0.0165739059448242
-0.0451431274414062 0.089508056640625 0.01190185546875 0.039398193359375
-0.0021209716796875 0.0858917236328125 0.0304145812988281 0.0678329467773438
0.044158935546875 0.0721282958984375 0.0889358520507812 0.0772476196289062
0.0750503540039062 0.0453567504882813 0.129966735839844 0.0598220825195312
0.07379150390625 0.0417022705078125 0.131324768066406 0.0391464233398438
0.0845794677734375 0.0387496948242188 0.122276306152344 0.0406570434570313
0.0846176147460938 0.0563812255859375 0.0981597900390625 0.0492706298828125
0.0595550537109375 0.0876846313476563 0.05206298828125 0.0242958068847656
0.0240402221679688 0.10894775390625 0.0336952209472656 -0.00706100463867187
-0.05035400390625 0.103836059570313 0.050323486328125 -0.053619384765625
-0.0912857055664063 0.08123779296875 0.106224060058594 -0.0998077392578125
-0.0879745483398437 0.05511474609375 0.20904541015625 -0.0548553466796875
-0.18096923828125 0.0559539794921875 0.0693130493164063 -0.079315185546875
-0.174606323242187 0.065521240234375 0.0509910583496094 -0.0520210266113281
-0.15960693359375 0.103073120117188 0.00975990295410155 -0.0176181793212891
-0.0830078125 0.145217895507813 0.0126094818115234 0.0270404815673828
-0.012176513671875 0.14227294921875 0.0180778503417969 0.0449104309082031
0.064453125 0.1270751953125 0.0605010986328125 0.0557861328125
0.112091064453125 0.0828933715820313 0.0910720825195312 0.0468978881835938
0.1121826171875 0.070159912109375 0.0927886962890625 0.0294036865234375
0.129913330078125 0.0662155151367188 0.0848922729492188 0.029693603515625
0.127021789550781 0.0856246948242188 0.0691680908203125 0.0328254699707031
0.089630126953125 0.127410888671875 0.029998779296875 0.00925064086914063
0.046295166015625 0.15576171875 0.0204677581787109 -0.0186443328857422
-0.060455322265625 0.158248901367188 0.0356178283691406 -0.0572013854980469
-0.124092102050781 0.139854431152344 0.0871429443359375 -0.0791397094726562
-0.138626098632813 0.103118896484375 0.173721313476563 -0.0370941162109375
-0.21942138671875 0.0820770263671875 0.0179977416992187 -0.0556106567382812
-0.210678100585937 0.090728759765625 0.0204906463623047 -0.0258407592773437
-0.195404052734375 0.132156372070312 0.00865650177001952 -0.0157384872436523
-0.107772827148437 0.182693481445313 0.0119991302490234 0.0110654830932617
-0.0189666748046875 0.181320190429688 0.00659656524658203 0.0148172378540039
0.0769500732421875 0.165512084960938 0.0306510925292969 0.0217323303222656
0.13372802734375 0.109481811523438 0.0426483154296875 0.0209732055664063
0.134597778320313 0.0901031494140625 0.0410690307617188 0.013427734375
0.157257080078125 0.0850067138671875 0.0323638916015625 0.0164165496826172
0.152328491210937 0.105667114257812 0.0265941619873047 0.01385498046875
0.105545043945313 0.152099609375 0.000647068023681647 -0.00647878646850585
0.0589752197265625 0.18212890625 0.00561332702636719 -0.0255355834960937
-0.0618743896484375 0.18890380859375 0.0208587646484375 -0.0476226806640625
-0.1375732421875 0.173828125 0.0611610412597656 -0.0449600219726562
-0.164260864257813 0.134902954101562 0.121376037597656 -0.00600433349609374
-0.224517822265625 0.0977630615234375 -0.0461235046386719 -0.0250129699707031
-0.212905883789063 0.109298706054688 -0.021535873413086 0.0047740936279297
-0.193588256835938 0.148361206054687 0.00107192993164061 -0.00887393951416015
-0.104949951171875 0.193878173828125 0.00687646865844726 -0.00754642486572264
-0.015380859375 0.18951416015625 -0.0076904296875 -0.0193233489990234
0.081695556640625 0.1734619140625 -0.00675964355468749 -0.0183639526367187
0.135139465332031 0.11572265625 -0.0142898559570312 -0.00905990600585936
0.136260986328125 0.096160888671875 -0.0174617767333984 -0.00478076934814452
0.1593017578125 0.09246826171875 -0.0248260498046875 0.00281906127929688
0.151641845703125 0.113327026367187 -0.0213031768798828 -0.00362014770507812
0.100112915039063 0.158554077148438 -0.029876708984375 -0.0200653076171875
0.054046630859375 0.183380126953125 -0.00899124145507812 -0.0292186737060547
-0.06329345703125 0.1888427734375 0.0101451873779297 -0.0313358306884765
-0.137054443359375 0.1787109375 0.0362510681152344 -0.000289916992187489
-0.168624877929688 0.143310546875 0.0609130859375 0.0316925048828125
-0.191009521484375 0.098541259765625 -0.113761901855469 0.00671386718749999
-0.175872802734375 0.111114501953125 -0.0648574829101563 0.0356903076171875
-0.152252197265625 0.136825561523437 -0.0103635787963867 0.00094032287597657
-0.077362060546875 0.168548583984375 -0.00384521484375 -0.0232715606689453
-0.004913330078125 0.160781860351562 -0.0251693725585938 -0.0487747192382812
0.074371337890625 0.149337768554688 -0.0457534790039063 -0.0529975891113281
0.116767883300781 0.100921630859375 -0.0693016052246093 -0.0360298156738281
0.117439270019531 0.086669921875 -0.0728836059570313 -0.0214385986328125
0.136192321777344 0.087646484375 -0.0769805908203125 -0.0128021240234375
0.124008178710938 0.107513427734375 -0.0636367797851562 -0.0217437744140625
0.0736236572265625 0.144134521484375 -0.0554237365722656 -0.0329856872558594
0.033355712890625 0.158554077148438 -0.0214309692382812 -0.0329704284667969
-0.0648193359375 0.155975341796875 0.00142192840576171 -0.0140619277954101
-0.123825073242188 0.151611328125 0.00983810424804687 0.0426254272460938
-0.151260375976563 0.126983642578125 -0.00241851806640626 0.0658798217773438
-0.124984741210938 0.0821075439453125 -0.166458129882813 0.0364227294921875
-0.109489440917969 0.0894699096679687 -0.0981521606445313 0.0625686645507813
-0.0854415893554688 0.0969161987304688 -0.0222988128662109 0.0130863189697266
-0.04052734375 0.109306335449219 -0.0184898376464844 -0.0309505462646484
0.00299835205078125 0.103012084960938 -0.0422325134277344 -0.0625190734863281
0.0532073974609375 0.0995712280273438 -0.0792770385742188 -0.0726089477539063
0.0794601440429687 0.071563720703125 -0.114944458007813 -0.0529327392578125
0.0812759399414063 0.0634689331054688 -0.117355346679687 -0.0364303588867188
0.0933074951171875 0.0698776245117188 -0.117012023925781 -0.0304946899414063
0.0786361694335938 0.0855636596679688 -0.0944290161132812 -0.043701171875
0.036407470703125 0.107711791992187 -0.0693588256835937 -0.048858642578125
0.00805664062500001 0.110061645507813 -0.0283889770507812 -0.0376129150390625
-0.0554428100585938 0.10101318359375 -0.00666999816894532 -0.0011606216430664
-0.092437744140625 0.10406494140625 -0.0192489624023438 0.072601318359375
-0.111259460449219 0.0925979614257813 -0.0615463256835938 0.0889968872070313
-0.0422248840332031 0.0475578308105469 -0.196929931640625 0.059814453125
-0.0334701538085938 0.0447845458984375 -0.114532470703125 0.0820388793945313
-0.0185680389404297 0.0325393676757813 -0.0291595458984375 0.0266304016113281
-0.0112800598144531 0.0314788818359375 -0.0319023132324219 -0.0267677307128906
-0.000776290893554687 0.0329933166503906 -0.0536384582519531 -0.0602912902832031
0.0169601440429688 0.0402679443359375 -0.1021728515625 -0.0738525390625
0.0281581878662109 0.0347576141357422 -0.14312744140625 -0.058074951171875
0.0326557159423828 0.0313053131103516 -0.144058227539063 -0.04437255859375
0.0384941101074219 0.0391311645507812 -0.138504028320313 -0.0471038818359375
0.0279579162597656 0.0464019775390625 -0.108345031738281 -0.0648651123046875
0.00436019897460938 0.0522880554199219 -0.0698165893554688 -0.0617332458496094
-0.00412368774414063 0.0443687438964844 -0.0283775329589844 -0.0418815612792969
-0.0242576599121094 0.0396385192871094 -0.0138072967529297 0.00703811645507813
-0.0384407043457031 0.0515098571777344 -0.0460052490234375 0.0867233276367188
-0.0510635375976563 0.0518722534179688 -0.107200622558594 0.09844970703125
-0.0300540924072266 -0.00732421874999999 0.106468200683594 -0.114036560058594
-0.0403900146484375 -0.00402069091796874 0.0558395385742188 -0.084747314453125
-0.0299777984619141 0.0182781219482422 0.00172615051269531 -0.0109748840332031
-0.00863838195800781 0.0238990783691406 0.015228271484375 0.0436325073242188
0.00168800354003906 0.0209980010986328 0.0446014404296875 0.0731201171875
0.0130491256713867 0.0102205276489258 0.105484008789063 0.0767822265625
0.0243759155273438 0.00302505493164063 0.146728515625 0.05499267578125
0.0231533050537109 0.0050201416015625 0.147125244140625 0.0386962890625
0.0268115997314453 0.00242424011230469 0.139137268066406 0.0446701049804688
0.0324211120605469 0.0129146575927734 0.109619140625 0.0598068237304688
0.0277862548828125 0.0296497344970703 0.0641059875488281 0.0389785766601563
0.00897216796875001 0.04095458984375 0.04058837890625 0.0068359375
-0.0193061828613281 0.0360069274902344 0.0581092834472656 -0.0408172607421875
-0.0315036773681641 0.0166473388671875 0.113883972167969 -0.100837707519531
-0.0171985626220703 0.00367164611816406 0.216964721679688 -0.0601959228515625
-0.107719421386719 0.0293350219726562 0.099609375 -0.100753784179688
-0.107933044433594 0.0355300903320313 0.0616226196289063 -0.0716323852539063
-0.0938873291015625 0.0667495727539063 0.00729751586914062 -0.0161685943603516
-0.041748046875 0.088531494140625 0.0132560729980469 0.0379447937011719
-0.000274658203124996 0.0839996337890625 0.0311279296875 0.0652275085449219
0.0452423095703125 0.0691642761230469 0.087249755859375 0.0726165771484375
0.0740509033203125 0.042205810546875 0.127311706542969 0.054046630859375
0.072998046875 0.0376663208007813 0.128135681152344 0.0338211059570313
0.0841293334960938 0.0347366333007813 0.119392395019531 0.0355606079101562
0.08477783203125 0.052337646484375 0.0967178344726563 0.0439224243164063
0.0610427856445313 0.0839614868164063 0.0519523620605469 0.0218391418457031
0.0265274047851562 0.105430603027344 0.0330448150634766 -0.00737953186035156
-0.0469131469726563 0.103118896484375 0.0468177795410156 -0.05267333984375
-0.0876541137695312 0.0819931030273438 0.100120544433594 -0.0989990234375
-0.0855026245117188 0.0555953979492188 0.202102661132813 -0.0578155517578125
-0.174301147460938 0.05877685546875 0.0655593872070312 -0.0780181884765625
-0.167877197265625 0.0682525634765625 0.0484771728515625 -0.0512504577636719
-0.153274536132813 0.106399536132813 0.00958824157714843 -0.0177326202392578
-0.0777587890625 0.143508911132813 0.0134010314941406 0.0258960723876953
-0.00811767578125001 0.139251708984375 0.0181198120117188 0.042938232421875
0.0668487548828125 0.122352600097656 0.0590438842773438 0.0529708862304688
0.111427307128906 0.077178955078125 0.0894393920898438 0.0428314208984375
0.110603332519531 0.0653305053710938 0.0905838012695313 0.0258636474609375
0.128753662109375 0.05999755859375 0.0831680297851563 0.0269927978515625
0.126762390136719 0.0788726806640625 0.0683631896972656 0.0288772583007813
0.0922164916992188 0.122047424316406 0.0291996002197266 0.0075054168701172
0.0499114990234375 0.151870727539063 0.0197086334228516 -0.0177516937255859
-0.0554656982421875 0.156845092773438 0.0327491760253906 -0.0552597045898437
-0.118621826171875 0.140899658203125 0.081817626953125 -0.078582763671875
-0.134376525878906 0.103889465332031 0.168365478515625 -0.0397491455078125
-0.211456298828125 0.0857849121093749 0.0171546936035156 -0.0546646118164062
-0.202728271484375 0.0927886962890625 0.0192642211914062 -0.0263500213623047
-0.188507080078125 0.136123657226562 0.0078592300415039 -0.0152835845947266
-0.100570678710938 0.181854248046875 0.0122537612915039 0.00997257232666017
-0.0140228271484375 0.177276611328125 0.00634956359863281 0.0144500732421875
0.0795745849609375 0.160003662109375 0.0292072296142578 0.0203800201416016
0.13311767578125 0.10186767578125 0.0414009094238281 0.0193214416503906
0.132987976074219 0.0836868286132813 0.0396232604980469 0.0113334655761719
0.156143188476563 0.076934814453125 0.0315666198730469 0.0151844024658203
0.152297973632813 0.096893310546875 0.0263290405273438 0.0120868682861328
0.108245849609375 0.14569091796875 0.0003957748413086 -0.00674724578857421
0.0630340576171875 0.176498413085938 0.00457382202148438 -0.0244522094726562
-0.0557403564453125 0.187362670898438 0.0191841125488281 -0.0458412170410156
-0.13055419921875 0.174819946289063 0.0583152770996094 -0.0438499450683594
-0.157577514648437 0.135848999023438 0.118202209472656 -0.00878906249999999
-0.216232299804688 0.101470947265625 -0.0456199645996094 -0.0236129760742187
-0.204620361328125 0.112075805664063 -0.0204658508300781 0.00434494018554689
-0.18548583984375 0.15216064453125 0.00108623504638671 -0.00891876220703124
-0.096923828125 0.193267822265625 0.00699424743652343 -0.00799179077148436
-0.00976562499999999 0.184463500976563 -0.00847625732421875 -0.0183620452880859
0.0850677490234375 0.16766357421875 -0.00812244415283202 -0.0172004699707031
0.135658264160156 0.108016967773438 -0.0143613815307617 -0.0083627700805664
0.135017395019531 0.0888900756835938 -0.0174722671508789 -0.00429534912109375
0.158248901367188 0.0846710205078125 -0.0236549377441406 0.00332832336425781
0.152359008789063 0.104263305664063 -0.0199012756347656 -0.00302314758300781
0.10382080078125 0.151611328125 -0.0306224822998047 -0.0185413360595703
0.0584716796875 0.177108764648438 -0.0102825164794922 -0.0279521942138672
-0.0578765869140625 0.186920166015625 0.0083160400390625 -0.0298309326171875
-0.129531860351563 0.179107666015625 0.035186767578125 -0.000160217285156239
-0.160537719726563 0.1441650390625 0.0599403381347656 0.0294151306152344
-0.18365478515625 0.10076904296875 -0.110923767089844 0.00781250000000002
-0.168655395507813 0.112686157226562 -0.0620536804199219 0.0356674194335938
-0.144927978515625 0.140213012695312 -0.0105152130126953 0.000666618347167978
-0.0713653564453125 0.167449951171875 -0.00396347045898438 -0.0231647491455078
-0.000625610351562492 0.156219482421875 -0.0256423950195312 -0.0465850830078125
0.0771942138671875 0.1441650390625 -0.0465164184570312 -0.050537109375
0.116523742675781 0.09515380859375 -0.0688438415527344 -0.0334205627441406
0.116416931152344 0.0805740356445313 -0.0715789794921875 -0.0200271606445313
0.135345458984375 0.0811080932617187 -0.0750885009765625 -0.0094146728515625
0.124649047851563 0.100044250488281 -0.0623779296875 -0.0192680358886719
0.076873779296875 0.13824462890625 -0.0555496215820312 -0.0302886962890625
0.0371551513671875 0.153289794921875 -0.0227832794189453 -0.0312519073486328
-0.059234619140625 0.15478515625 0.000848770141601558 -0.0126924514770508
-0.116531372070312 0.15203857421875 0.0110549926757812 0.0419692993164063
-0.143783569335938 0.126708984375 -0.00112533569335938 0.0637092590332032
-0.120040893554688 0.0839462280273438 -0.16259765625 0.0384674072265625
-0.104530334472656 0.0903396606445313 -0.0937652587890625 0.0620880126953125
-0.080780029296875 0.099090576171875 -0.0215892791748047 0.0127201080322266
-0.0362930297851562 0.10833740234375 -0.0189952850341797 -0.0294761657714844
0.00580596923828125 0.100318908691406 -0.0428352355957031 -0.0589103698730469
0.0550765991210938 0.0962600708007813 -0.079986572265625 -0.0688552856445313
0.079925537109375 0.0669326782226563 -0.113067626953125 -0.0489959716796875
0.0803756713867188 0.0589447021484375 -0.115463256835938 -0.0325393676757812
0.0934066772460938 0.0650100708007813 -0.113975524902344 -0.0254898071289063
0.0799942016601563 0.0800094604492188 -0.0929641723632812 -0.0395660400390625
0.0387802124023437 0.103569030761719 -0.06951904296875 -0.0445175170898437
0.0113525390625 0.106864929199219 -0.0294075012207031 -0.0352249145507812
-0.0516281127929688 0.100639343261719 -0.0069570541381836 -8.91685485839787E-05
-0.0867080688476563 0.104942321777344 -0.0165557861328125 0.0717315673828125
-0.105621337890625 0.0925521850585938 -0.0584487915039063 0.0875091552734375
-0.0400123596191406 0.04766845703125 -0.192413330078125 0.0619964599609375
-0.0320014953613281 0.0436019897460937 -0.110183715820312 0.081939697265625
-0.0173530578613281 0.0342178344726563 -0.0284042358398438 0.0260848999023438
-0.0097808837890625 0.0317649841308594 -0.0318355560302734 -0.0251865386962891
0.000556945800781248 0.0316429138183594 -0.0542869567871094 -0.0565414428710938
0.0175399780273438 0.0393943786621094 -0.101470947265625 -0.0694503784179688
0.0278244018554688 0.0321903228759766 -0.140396118164063 -0.05267333984375
0.0318603515625 0.0295906066894531 -0.1414794921875 -0.0392303466796875
0.0390815734863281 0.0364418029785156 -0.135589599609375 -0.0412063598632813
0.0285415649414062 0.0436172485351562 -0.106834411621094 -0.0595474243164062
0.00629043579101563 0.0501213073730469 -0.0697288513183594 -0.0569610595703125
-0.00286102294921875 0.0433120727539063 -0.0301589965820312 -0.0398330688476563
-0.022674560546875 0.0393104553222656 -0.0135269165039063 0.00774002075195313
-0.0358695983886719 0.0523643493652344 -0.0427169799804687 0.0855484008789062
-0.04754638671875 0.0515556335449219 -0.103004455566406 0.0981292724609375
-0.0294647216796875 -0.00703811645507813 0.106925964355469 -0.111572265625
-0.0400657653808594 -0.00357818603515626 0.0556716918945312 -0.083251953125
-0.0298175811767578 0.0179347991943359 0.00261783599853515 -0.010223388671875
-0.00864982604980469 0.0235519409179688 0.0154266357421875 0.0430641174316406
0.00214767456054688 0.0207080841064453 0.0440292358398438 0.0715408325195312
0.012812614440918 0.0105476379394531 0.103775024414062 0.0752944946289063
0.023712158203125 0.00301361083984375 0.144607543945312 0.054290771484375
0.0230903625488281 0.00427627563476563 0.14495849609375 0.037811279296875
0.0267963409423828 0.00182533264160156 0.137123107910156 0.0434341430664063
0.0321006774902344 0.0118865966796875 0.108360290527344 0.0576400756835938
0.0279598236083984 0.0288906097412109 0.0635871887207031 0.037994384765625
0.00912857055664063 0.0412940979003906 0.04052734375 0.00714874267578125
-0.0196075439453125 0.0358695983886719 0.0570793151855469 -0.0409164428710938
-0.0321254730224609 0.0168552398681641 0.110931396484375 -0.0987014770507813
-0.0177192687988281 0.00402450561523438 0.21435546875 -0.0580902099609375
-0.106124877929688 0.0291900634765625 0.100135803222656 -0.0984344482421875
-0.106369018554688 0.035064697265625 0.061065673828125 -0.0703811645507813
-0.0934295654296875 0.066162109375 0.00712871551513671 -0.0148715972900391
-0.0414581298828125 0.0876693725585938 0.0133628845214844 0.0370254516601563
9.15527343750002E-05 0.083526611328125 0.0302467346191406 0.0637702941894531
0.0452537536621094 0.0684013366699219 0.085357666015625 0.0711669921875
0.0733718872070313 0.0410537719726563 0.125030517578125 0.0534515380859375
0.0718536376953125 0.0367965698242188 0.125892639160156 0.0329208374023438
0.0834274291992188 0.0335845947265625 0.117835998535156 0.0346603393554688
0.083770751953125 0.0505599975585938 0.0959930419921875 0.0418472290039063
0.06158447265625 0.0828018188476563 0.0513496398925781 0.0205421447753906
0.026580810546875 0.105476379394531 0.0331325531005859 -0.00732803344726562
-0.0471954345703125 0.1024169921875 0.0461959838867188 -0.0522117614746094
-0.0876083374023438 0.0826950073242187 0.09765625 -0.0965652465820312
-0.084808349609375 0.0551223754882812 0.200241088867187 -0.05596923828125
-0.172103881835938 0.058197021484375 0.0662841796875 -0.0768890380859375
-0.166366577148438 0.0679168701171875 0.0483207702636719 -0.0510444641113281
-0.151275634765625 0.106903076171875 0.00999355316162109 -0.0169057846069336
-0.07666015625 0.142898559570313 0.0138111114501953 0.0248699188232422
-0.00804138183593751 0.137794494628906 0.0170860290527344 0.0421714782714844
0.0669937133789062 0.120704650878906 0.0573616027832031 0.0523223876953125
0.110092163085938 0.0760955810546875 0.0876617431640625 0.0417556762695313
0.109703063964844 0.0634078979492188 0.0892333984375 0.0245208740234375
0.128173828125 0.0573959350585937 0.081634521484375 0.025726318359375
0.126441955566406 0.0770187377929688 0.0677719116210938 0.0273208618164063
0.0923690795898438 0.120292663574219 0.0289726257324219 0.00632858276367188
0.0508575439453125 0.1500244140625 0.0189838409423828 -0.0182075500488281
-0.054779052734375 0.1568603515625 0.0319786071777344 -0.0541915893554687
-0.117599487304687 0.141204833984375 0.0804290771484375 -0.0765533447265625
-0.133018493652344 0.102127075195313 0.167465209960938 -0.0389862060546875
-0.208892822265625 0.0845794677734375 0.0173873901367187 -0.053924560546875
-0.200576782226563 0.09185791015625 0.0193386077880859 -0.0258121490478516
-0.185333251953125 0.136611938476563 0.00776958465576171 -0.0148801803588867
-0.0987701416015625 0.181243896484375 0.0123472213745117 0.00942611694335939
-0.0132598876953125 0.175384521484375 0.00576686859130859 0.0139074325561524
0.0804443359375 0.157882690429688 0.0274524688720703 0.0205554962158203
0.131988525390625 0.100357055664063 0.040283203125 0.0191574096679688
0.131690979003906 0.0818557739257813 0.0390052795410156 0.0109138488769531
0.154922485351563 0.0744476318359375 0.0315017700195313 0.0155868530273438
0.151947021484375 0.09405517578125 0.0258102416992188 0.0110301971435547
0.109619140625 0.143585205078125 -0.000131130218505853 -0.00726938247680663
0.063690185546875 0.174728393554688 0.00366401672363281 -0.0239372253417969
-0.0551605224609375 0.186477661132813 0.0182685852050781 -0.0437431335449219
-0.129257202148438 0.17510986328125 0.057281494140625 -0.0422439575195312
-0.155410766601563 0.133636474609375 0.116836547851562 -0.00885772705078124
-0.213607788085938 0.100662231445313 -0.0452346801757813 -0.0242042541503906
-0.20269775390625 0.110275268554688 -0.0199851989746094 0.00400733947753907
-0.183624267578125 0.153076171875 0.000690937042236317 -0.00841903686523437
-0.0949859619140625 0.192398071289063 0.00687408447265624 -0.00858402252197264
-0.00976562500000001 0.182693481445313 -0.00888633728027344 -0.018045425415039
0.0856475830078125 0.165985107421875 -0.0088663101196289 -0.0169095993041992
0.134109497070313 0.106307983398438 -0.0141849517822266 -0.00832843780517578
0.133476257324219 0.0877304077148437 -0.0173816680908203 -0.00469684600830078
0.157424926757813 0.0822906494140625 -0.0235404968261719 0.00407218933105469
0.15155029296875 0.100814819335938 -0.0196495056152344 -0.00336265563964843
0.104507446289062 0.149505615234375 -0.0306510925292969 -0.0182456970214844
0.059356689453125 0.17620849609375 -0.0114955902099609 -0.0272693634033203
-0.05657958984375 0.186447143554688 0.00820732116699218 -0.0277557373046875
-0.128143310546875 0.17962646484375 0.0346240997314453 0.000795364379882823
-0.159622192382813 0.141937255859375 0.0589179992675781 0.0285797119140625
-0.18109130859375 0.1004638671875 -0.110954284667969 0.00718688964843749
-0.166839599609375 0.111251831054688 -0.0617027282714844 0.0348091125488281
-0.143035888671875 0.141204833984375 -0.0106687545776367 0.000629425048828135
-0.069580078125 0.167160034179688 -0.00393104553222657 -0.023569107055664
-0.000457763671874996 0.154449462890625 -0.0258102416992187 -0.0454940795898437
0.0773468017578125 0.142196655273438 -0.0469284057617187 -0.0496482849121094
0.115524291992188 0.0930252075195313 -0.0684471130371094 -0.0333518981933594
0.114852905273438 0.0796661376953125 -0.0711288452148437 -0.0196075439453125
0.134819030761719 0.0782089233398438 -0.07366943359375 -0.0084228515625
0.124824523925781 0.0964202880859375 -0.0610275268554687 -0.0186538696289062
0.0777816772460938 0.136299133300781 -0.0558929443359375 -0.0294532775878906
0.03802490234375 0.151687622070313 -0.023956298828125 -0.0304355621337891
-0.0584716796875 0.154434204101563 0.000715255737304684 -0.0114965438842773
-0.114776611328125 0.152435302734375 0.0107917785644531 0.042266845703125
-0.142333984375 0.125106811523438 -0.00191879272460938 0.0623397827148438
-0.118453979492188 0.0827865600585937 -0.162094116210937 0.0368194580078125
-0.103958129882813 0.089019775390625 -0.0937118530273437 0.0606536865234375
-0.0791702270507812 0.100357055664063 -0.0220470428466797 0.0118446350097656
-0.0348892211914063 0.108688354492188 -0.0190658569335938 -0.0297908782958984
0.00612640380859375 0.098846435546875 -0.0426597595214844 -0.0580101013183594
0.0547866821289062 0.0950775146484375 -0.07958984375 -0.0677032470703125
0.079315185546875 0.0658340454101563 -0.112144470214844 -0.0491256713867187
0.0793914794921875 0.0583648681640625 -0.114120483398438 -0.03240966796875
0.09246826171875 0.063140869140625 -0.112602233886719 -0.0242233276367188
0.0800552368164063 0.07757568359375 -0.090972900390625 -0.0387115478515625
0.0397186279296875 0.102409362792969 -0.0695381164550781 -0.0431785583496094
0.0121536254882813 0.105308532714844 -0.0302677154541016 -0.034912109375
-0.0506210327148438 0.100227355957031 -0.00684881210327149 0.000410079956054693
-0.0853652954101563 0.104141235351562 -0.01617431640625 0.07098388671875
-0.10430908203125 0.0915679931640625 -0.0586318969726563 0.0859527587890625
-0.0394401550292969 0.0471267700195313 -0.192184448242188 0.060150146484375
-0.032012939453125 0.0435752868652344 -0.109527587890625 0.0797119140625
-0.0165081024169922 0.0350246429443359 -0.0285053253173828 0.0247974395751953
-0.00880241394042969 0.0315341949462891 -0.0318984985351562 -0.0248260498046875
0.000707626342773439 0.0306968688964844 -0.0531730651855469 -0.0555038452148437
0.0178909301757813 0.0385856628417969 -0.100379943847656 -0.068511962890625
0.0276775360107422 0.0313568115234375 -0.139450073242188 -0.0522079467773438
0.0318927764892578 0.0288162231445312 -0.139602661132813 -0.0393524169921875
0.0384559631347656 0.0356674194335938 -0.133468627929688 -0.0398025512695312
0.0285568237304688 0.0424613952636719 -0.105842590332031 -0.0576019287109375
0.00603103637695312 0.0496559143066406 -0.0696220397949219 -0.0556144714355469
-0.002655029296875 0.0426559448242188 -0.0306739807128906 -0.0389595031738281
-0.021881103515625 0.0390739440917969 -0.0135955810546875 0.00781917572021485
-0.0348129272460937 0.0515556335449219 -0.0421524047851563 0.0843048095703125
-0.0466232299804687 0.0503082275390625 -0.103019714355469 0.0968551635742188
-0.0293655395507813 -0.00780105590820312 0.111114501953125 -0.1112060546875
-0.0407791137695313 -0.00398254394531249 0.0577392578125 -0.0828857421875
-0.0307254791259766 0.0173397064208984 0.00292396545410156 -0.0100784301757813
-0.00982666015625 0.0235385894775391 0.0156898498535156 0.0432205200195313
0.00144004821777344 0.0210380554199219 0.0434646606445312 0.0717849731445313
0.0131902694702148 0.0108013153076172 0.103858947753906 0.076324462890625
0.0235576629638672 0.00344085693359375 0.145309448242188 0.0547943115234375
0.0230808258056641 0.004302978515625 0.145584106445313 0.0385284423828125
0.0270862579345703 0.00115966796875 0.138214111328125 0.0443267822265625
0.0327510833740234 0.0125312805175781 0.109474182128906 0.05859375
0.0286350250244141 0.0290813446044922 0.065185546875 0.0382347106933594
0.0085906982421875 0.0421524047851563 0.0418167114257813 0.00770950317382813
-0.0210189819335938 0.0359306335449219 0.0580368041992188 -0.0411033630371094
-0.0338134765625 0.0166110992431641 0.112197875976562 -0.0983963012695312
-0.0188579559326172 0.00446128845214843 0.218353271484375 -0.055816650390625
-0.10791015625 0.0290069580078125 0.103462219238281 -0.0974807739257812
-0.108367919921875 0.0352859497070312 0.0633506774902344 -0.0702552795410156
-0.0947723388671875 0.0670089721679688 0.00871753692626953 -0.0145711898803711
-0.0433349609375 0.0893783569335938 0.0139312744140625 0.0371627807617188
-0.000495910644531249 0.0850753784179688 0.0301284790039062 0.0645103454589844
0.0460052490234375 0.0698089599609375 0.0855560302734375 0.072723388671875
0.0738296508789062 0.0423507690429687 0.125762939453125 0.0548171997070313
0.07305908203125 0.0374374389648438 0.12713623046875 0.0345382690429688
0.0846939086914063 0.0338516235351563 0.11895751953125 0.0353164672851563
0.085113525390625 0.0504837036132813 0.0965652465820313 0.042266845703125
0.063018798828125 0.08416748046875 0.051727294921875 0.0204734802246094
0.0267333984375 0.1070556640625 0.0337791442871094 -0.00745201110839843
-0.0485000610351562 0.104133605957031 0.046630859375 -0.0524368286132813
-0.0904159545898437 0.0844879150390625 0.0986328125 -0.0962371826171875
-0.0874252319335938 0.0557327270507813 0.204879760742187 -0.0545654296875
-0.175399780273437 0.058013916015625 0.0696945190429687 -0.0766525268554688
-0.168594360351562 0.0667724609375 0.0498008728027344 -0.050140380859375
-0.153656005859375 0.108993530273438 0.0104732513427734 -0.0163383483886719
-0.0787506103515625 0.14581298828125 0.0141754150390625 0.0244617462158203
-0.00946807861328126 0.139701843261719 0.0171279907226562 0.0429840087890625
0.06817626953125 0.123390197753906 0.0576400756835938 0.0534820556640625
0.111297607421875 0.0776290893554688 0.0884552001953125 0.0434646606445313
0.11083984375 0.0644760131835938 0.0902481079101563 0.0255966186523438
0.129829406738281 0.0575637817382813 0.0823440551757813 0.0268707275390625
0.128402709960938 0.0771636962890625 0.0682182312011719 0.0278053283691406
0.0940704345703125 0.121795654296875 0.0293388366699219 0.00587463378906251
0.050323486328125 0.1531982421875 0.0195121765136719 -0.0176143646240234
-0.0576171875 0.160018920898437 0.0325660705566406 -0.0537681579589844
-0.120819091796875 0.145095825195313 0.0824127197265625 -0.0756454467773438
-0.136123657226563 0.102264404296875 0.170684814453125 -0.0379180908203125
-0.212722778320313 0.084197998046875 0.0188751220703125 -0.054443359375
-0.2044677734375 0.0913238525390625 0.0201168060302734 -0.0262203216552734
-0.189178466796875 0.140106201171875 0.00859832763671874 -0.014892578125
-0.100830078125 0.184356689453125 0.0129432678222656 0.00855159759521486
-0.014617919921875 0.1778564453125 0.00566196441650391 0.0146608352661133
0.0819091796875 0.160995483398438 0.0267982482910156 0.0217018127441406
0.133407592773438 0.102127075195313 0.0406951904296875 0.0198554992675781
0.133491516113281 0.0834197998046875 0.0388145446777344 0.0111122131347656
0.157363891601563 0.07525634765625 0.0318984985351563 0.0157890319824219
0.15460205078125 0.0945281982421875 0.0265274047851563 0.0106697082519531
0.111648559570313 0.146026611328125 -0.000953674316406243 -0.00781249999999999
0.0640869140625 0.177841186523438 0.00330924987792969 -0.0238876342773437
-0.0567474365234375 0.191268920898438 0.0190582275390625 -0.0435867309570312
-0.132186889648438 0.179046630859375 0.0580596923828125 -0.0413055419921875
-0.159698486328125 0.134033203125 0.119148254394531 -0.00817108154296874
-0.217269897460938 0.1004638671875 -0.0460243225097656 -0.0251197814941406
-0.207321166992188 0.11004638671875 -0.0206184387207031 0.00408172607421876
-0.186004638671875 0.1563720703125 0.000989913940429676 -0.00911617279052734
-0.097503662109375 0.196365356445313 0.00757503509521484 -0.00936508178710936
-0.010467529296875 0.185501098632813 -0.00901412963867188 -0.0182476043701172
0.087066650390625 0.1689453125 -0.00982475280761718 -0.0168647766113281
0.135787963867187 0.108489990234375 -0.0143642425537109 -0.00921916961669921
0.135551452636719 0.089202880859375 -0.0174951553344726 -0.00534629821777343
0.160079956054688 0.0826568603515625 -0.0230331420898437 0.00487136840820313
0.153823852539063 0.1005859375 -0.0197525024414062 -0.00425910949707031
0.10638427734375 0.151702880859375 -0.0315418243408203 -0.0184078216552734
0.06060791015625 0.179458618164063 -0.0119152069091797 -0.0273895263671875
-0.0590362548828125 0.190505981445313 0.00888633728027343 -0.0270175933837891
-0.130783081054687 0.18280029296875 0.0350456237792969 0.0014629364013672
-0.163192749023438 0.1422119140625 0.0592613220214844 0.0290451049804688
-0.184844970703125 0.10028076171875 -0.1134033203125 0.00566864013671876
-0.171188354492188 0.111663818359375 -0.063568115234375 0.0343399047851563
-0.145706176757813 0.144821166992188 -0.0114526748657227 0.000431060791015635
-0.0706024169921875 0.170578002929688 -0.00359344482421875 -0.0246238708496094
-0.00114440917968751 0.156600952148437 -0.0260047912597656 -0.0462570190429688
0.0792236328125 0.144805908203125 -0.0480155944824219 -0.0500640869140625
0.117424011230469 0.0950851440429688 -0.0699272155761719 -0.0342979431152344
0.116783142089844 0.0811386108398438 -0.0724334716796875 -0.0205764770507812
0.136886596679688 0.0795211791992188 -0.0745162963867187 -0.00917816162109376
0.12652587890625 0.0968170166015625 -0.06201171875 -0.0202293395996094
0.0795211791992188 0.138633728027344 -0.057342529296875 -0.0297470092773437
0.0392303466796875 0.154556274414063 -0.0249366760253906 -0.0307731628417969
-0.0608062744140625 0.157669067382813 0.000897407531738278 -0.010380744934082
-0.117202758789063 0.155044555664062 0.0110740661621094 0.0433845520019531
-0.14532470703125 0.12506103515625 -0.00342941284179688 0.0632553100585938
-0.120903015136719 0.0831756591796875 -0.166549682617187 0.0359039306640625
-0.106040954589844 0.0898284912109375 -0.0967254638671875 0.0604248046875
-0.0801467895507813 0.102867126464844 -0.0234375 0.0108261108398438
-0.034820556640625 0.110923767089844 -0.0190162658691406 -0.0309696197509766
0.00583648681640624 0.0996551513671875 -0.0423469543457031 -0.0587539672851562
0.056396484375 0.0961761474609375 -0.0802841186523438 -0.0684814453125
0.08038330078125 0.067169189453125 -0.113609313964844 -0.0507125854492187
0.0803909301757813 0.0593948364257812 -0.116012573242187 -0.0338821411132812
0.093414306640625 0.0635528564453125 -0.113662719726562 -0.025177001953125
0.0814285278320312 0.0772705078125 -0.0918350219726563 -0.039215087890625
0.0407257080078125 0.104217529296875 -0.0701332092285156 -0.0436058044433594
0.0117721557617187 0.10723876953125 -0.03125 -0.0351600646972656
-0.0517654418945312 0.102249145507813 -0.0064387321472168 0.00158834457397462
-0.087005615234375 0.106620788574219 -0.0168914794921875 0.072113037109375
-0.105873107910156 0.0912399291992188 -0.0620956420898438 0.0867538452148437
-0.0399932861328125 0.0479164123535156 -0.1968994140625 0.05853271484375
-0.0329170227050781 0.0441818237304688 -0.112693786621094 0.0794830322265625
-0.0164794921875 0.0366897583007813 -0.0300083160400391 0.0239238739013672
-0.00856590270996094 0.0322799682617188 -0.0327663421630859 -0.0256843566894531
0.000301361083984378 0.0305004119873047 -0.0530204772949219 -0.055877685546875
0.0178451538085938 0.0398178100585938 -0.101547241210938 -0.0704574584960937
0.0288944244384766 0.0317287445068359 -0.141250610351563 -0.054443359375
0.0325927734375 0.0290470123291016 -0.141937255859375 -0.040771484375
0.0386810302734375 0.0360450744628906 -0.134765625 -0.04107666015625
0.0293464660644531 0.043182373046875 -0.105697631835938 -0.0588836669921875
0.00659942626953125 0.0505790710449219 -0.0702896118164063 -0.0556411743164063
-0.002960205078125 0.0428962707519531 -0.0315513610839844 -0.0386848449707031
-0.022796630859375 0.0393104553222656 -0.0139350891113281 0.00809955596923828
-0.0352058410644531 0.0524559020996094 -0.04254150390625 0.0848922729492188
-0.0468177795410156 0.0504302978515625 -0.106842041015625 0.0972442626953125
-0.0299072265625 -0.00722122192382813 0.117759704589844 -0.115638732910156
-0.0426025390625 -0.0032806396484375 0.0597381591796875 -0.0864334106445313
-0.0326328277587891 0.0184288024902344 0.00417709350585937 -0.00991535186767578
-0.0109310150146484 0.0241870880126953 0.0169448852539063 0.0437088012695313
0.00174522399902344 0.0223102569580078 0.0454788208007812 0.0737075805664063
0.0135326385498047 0.0110559463500977 0.107635498046875 0.0772171020507813
0.0246734619140625 0.00304985046386719 0.1512451171875 0.055633544921875
0.0234775543212891 0.00333213806152344 0.150634765625 0.0384674072265625
0.0284423828125 0.00102424621582031 0.143081665039062 0.0447540283203125
0.0337734222412109 0.0120849609375 0.113716125488281 0.05889892578125
0.0298023223876953 0.0301475524902344 0.0672035217285156 0.0383872985839844
0.009246826171875 0.0441474914550781 0.0438804626464844 0.00752639770507813
-0.0214385986328125 0.037841796875 0.0595741271972656 -0.0429725646972656
-0.0354728698730469 0.01824951171875 0.114677429199219 -0.101654052734375
-0.0201759338378906 0.00544166564941406 0.227188110351563 -0.0577545166015625
-0.110893249511719 0.0305404663085937 0.10919189453125 -0.101692199707031
-0.111915588378906 0.037261962890625 0.066131591796875 -0.0727005004882813
-0.0976486206054688 0.0712738037109375 0.00936889648437499 -0.0150365829467773
-0.044189453125 0.0930099487304687 0.0145835876464844 0.0373077392578125
-4.5776367187502E-05 0.0882034301757813 0.0311279296875 0.0655403137207031
0.048919677734375 0.0717239379882813 0.0882186889648438 0.0743942260742188
0.0771560668945313 0.0422439575195313 0.130790710449219 0.0556259155273437
0.0756301879882812 0.0371475219726563 0.130897521972656 0.03466796875
0.0887985229492188 0.0334014892578125 0.123207092285156 0.0357131958007812
0.0892333984375 0.0508804321289063 0.100387573242188 0.0419692993164062
0.0665435791015625 0.08636474609375 0.053741455078125 0.0198822021484375
0.0293502807617188 0.112052917480469 0.0352935791015625 -0.00718688964843749
-0.0497665405273438 0.109718322753906 0.0481986999511719 -0.0537300109863281
-0.0937652587890625 0.0897064208984375 0.101737976074219 -0.0991058349609375
-0.0908660888671875 0.0585250854492188 0.212356567382813 -0.0573883056640625
-0.1806640625 0.061431884765625 0.072357177734375 -0.0786514282226563
-0.174560546875 0.0709991455078125 0.0520439147949219 -0.0516166687011719
-0.15826416015625 0.115554809570312 0.0113687515258789 -0.0171403884887695
-0.079925537109375 0.152450561523438 0.0144519805908203 0.0244293212890625
-0.008575439453125 0.14544677734375 0.0170326232910156 0.0445938110351563
0.0727767944335938 0.127265930175781 0.0587158203125 0.0553207397460938
0.116539001464844 0.0791397094726563 0.0917892456054688 0.0444869995117188
0.115463256835937 0.0662612915039063 0.0931320190429688 0.0256805419921875
0.136032104492188 0.0580520629882813 0.0860748291015625 0.027008056640625
0.134674072265625 0.0771408081054688 0.0710220336914063 0.0259323120117188
0.100578308105469 0.125015258789063 0.0297603607177734 0.00571823120117188
0.055938720703125 0.1590576171875 0.0200328826904297 -0.0187149047851562
-0.058074951171875 0.168075561523438 0.0332603454589844 -0.055145263671875
-0.124160766601563 0.152725219726563 0.0841751098632812 -0.078704833984375
-0.141738891601563 0.1075439453125 0.17742919921875 -0.040374755859375
-0.220001220703125 0.088623046875 0.0197715759277344 -0.0560836791992188
-0.21160888671875 0.0958099365234376 0.0209083557128906 -0.026153564453125
-0.193313598632813 0.148681640625 0.00891971588134764 -0.0152244567871094
-0.101913452148438 0.193634033203125 0.0133695602416992 0.00768661499023439
-0.013763427734375 0.184829711914063 0.00566959381103516 0.0151071548461914
0.0880126953125 0.165695190429688 0.0268211364746094 0.0223598480224609
0.139373779296875 0.104408264160156 0.0422439575195313 0.0205345153808594
0.138809204101563 0.085113525390625 0.0405197143554688 0.0111808776855469
0.164474487304688 0.0751190185546875 0.0332775115966797 0.0164451599121094
0.16156005859375 0.0936279296875 0.0276679992675781 0.00972557067871094
0.119110107421875 0.150039672851563 -0.00158357620239257 -0.00817584991455077
0.070220947265625 0.185165405273438 0.00277519226074219 -0.0239696502685547
-0.0577392578125 0.19964599609375 0.0198516845703125 -0.0436935424804687
-0.135330200195313 0.188980102539063 0.0598411560058594 -0.0419197082519531
-0.165634155273437 0.139434814453125 0.123359680175781 -0.00893402099609374
-0.224807739257813 0.105743408203125 -0.0476646423339844 -0.0257415771484375
-0.213958740234375 0.115859985351563 -0.0210552215576172 0.00487136840820313
-0.191024780273438 0.16656494140625 0.000147819519042958 -0.00864315032958983
-0.0980224609375 0.206085205078125 0.00800609588623046 -0.0106687545776367
-0.00965881347656249 0.192840576171875 -0.00967597961425781 -0.0190258026123047
0.0928497314453125 0.1741943359375 -0.0108356475830078 -0.0166749954223633
0.1429443359375 0.11065673828125 -0.0161170959472656 -0.00862503051757811
0.14111328125 0.090606689453125 -0.0180282592773437 -0.00535964965820312
0.167327880859375 0.0830535888671875 -0.0241451263427734 0.00500297546386719
0.161270141601563 0.101043701171875 -0.0207271575927734 -0.00426864624023436
0.113967895507813 0.155975341796875 -0.0337467193603516 -0.0187110900878906
0.065582275390625 0.185653686523438 -0.0136585235595703 -0.027261734008789
-0.0589599609375 0.199127197265625 0.00937652587890625 -0.0267696380615234
-0.13336181640625 0.192367553710937 0.036956787109375 0.00253677368164064
-0.168228149414062 0.147811889648438 0.0611343383789062 0.0294342041015625
-0.19140625 0.1051025390625 -0.1185302734375 0.00680541992187503
-0.176467895507812 0.116775512695313 -0.0658912658691406 0.0360488891601563
-0.148391723632813 0.153594970703125 -0.0127496719360352 0.000543594360351572
-0.0706329345703125 0.178970336914063 -0.004425048828125 -0.0261611938476562
0.000396728515625003 0.162643432617188 -0.0271530151367187 -0.0475883483886719
0.0848846435546875 0.149093627929688 -0.0507888793945313 -0.05133056640625
0.122825622558594 0.0973129272460938 -0.0727310180664063 -0.0350189208984375
0.121902465820313 0.08251953125 -0.0750808715820312 -0.021148681640625
0.143081665039063 0.0804290771484375 -0.0765151977539062 -0.00756072998046873
0.132865905761719 0.0969696044921875 -0.06341552734375 -0.0203514099121094
0.0849151611328125 0.141921997070313 -0.059814453125 -0.029693603515625
0.0423431396484375 0.16009521484375 -0.02734375 -0.0304756164550781
-0.0607452392578125 0.165206909179688 0.001312255859375 -0.0100412368774414
-0.119415283203125 0.163375854492188 0.012176513671875 0.0449562072753906
-0.15045166015625 0.129653930664063 -0.00425720214843751 0.0656814575195313
-0.125282287597656 0.0870437622070313 -0.1744384765625 0.0379486083984375
-0.109718322753906 0.0936965942382813 -0.100196838378906 0.0631484985351563
-0.0811996459960938 0.108573913574219 -0.0248126983642578 0.011932373046875
-0.0347442626953125 0.1156005859375 -0.02099609375 -0.0322246551513672
0.0067291259765625 0.103080749511719 -0.0444831848144531 -0.0603141784667969
0.060089111328125 0.0991897583007812 -0.0847320556640625 -0.0703048706054687
0.0843048095703125 0.0678863525390625 -0.11932373046875 -0.051544189453125
0.0842132568359375 0.0610122680664063 -0.120658874511719 -0.0339126586914063
0.0980453491210937 0.064697265625 -0.117774963378906 -0.0248184204101562
0.0848617553710938 0.0782318115234375 -0.09478759765625 -0.0393753051757812
0.044342041015625 0.107475280761719 -0.07373046875 -0.0434646606445312
0.0137481689453125 0.110527038574219 -0.0338954925537109 -0.0344696044921875
-0.0524826049804687 0.1075439453125 -0.00635004043579102 0.0021042823791504
-0.0881500244140625 0.111862182617188 -0.0160675048828125 0.0751266479492188
-0.109092712402344 0.094573974609375 -0.0649032592773437 0.0902786254882813
-0.0412521362304688 0.0491561889648438 -0.20623779296875 0.0614776611328125
-0.0345611572265625 0.0461616516113281 -0.117500305175781 0.0831985473632812
-0.0151596069335938 0.0379219055175781 -0.0322780609130859 0.0246353149414063
-0.00795936584472656 0.0329208374023438 -0.0346736907958984 -0.0264739990234375
0.000665664672851559 0.0311908721923828 -0.055450439453125 -0.0575065612792969
0.0192375183105469 0.0405616760253906 -0.106002807617187 -0.0719223022460937
0.0299758911132813 0.0325584411621094 -0.1475830078125 -0.0555419921875
0.0340309143066406 0.0296115875244141 -0.146942138671875 -0.0406646728515625
0.0404052734375 0.0367622375488281 -0.139984130859375 -0.0414199829101563
0.0307846069335937 0.0432205200195313 -0.108535766601563 -0.0589141845703125
0.00770187377929687 0.0520744323730469 -0.0732040405273437 -0.0557708740234375
-0.0022125244140625 0.0440826416015625 -0.0339851379394531 -0.0393600463867188
-0.0230026245117187 0.0418663024902344 -0.0138263702392578 0.0087881088256836
-0.0354881286621094 0.0551338195800781 -0.043426513671875 0.0882415771484375
-0.0478019714355469 0.0520858764648438 -0.111885070800781 0.102554321289062
-0.0307979583740234 -0.00641059875488281 0.120620727539062 -0.124267578125
-0.0446434020996094 -0.00163269042968749 0.0607070922851563 -0.090545654296875
-0.0329399108886719 0.0200614929199219 0.00565910339355469 -0.0108270645141602
-0.0106563568115234 0.0252418518066406 0.0193023681640625 0.0442161560058594
0.00205230712890625 0.0239887237548828 0.0491409301757813 0.074676513671875
0.0148687362670898 0.0112161636352539 0.113136291503906 0.0763397216796875
0.0256996154785156 0.00244712829589844 0.158157348632813 0.0529327392578125
0.0240192413330078 0.00314712524414063 0.157257080078125 0.0352783203125
0.0289669036865234 -0.00041961669921875 0.149612426757813 0.0415191650390625
0.0358047485351563 0.011016845703125 0.119560241699219 0.0565032958984375
0.0318717956542969 0.0297451019287109 0.0712738037109375 0.0368499755859375
0.0113601684570312 0.0458831787109375 0.0465240478515625 0.00617218017578125
-0.0218887329101562 0.0401458740234375 0.0599632263183594 -0.0466041564941406
-0.037506103515625 0.0209312438964844 0.11517333984375 -0.108566284179688
-0.0213775634765625 0.00710868835449219 0.234527587890625 -0.0667724609375
-0.113792419433594 0.0361099243164063 0.112396240234375 -0.108551025390625
-0.115005493164062 0.0425338745117188 0.0668487548828125 -0.0772171020507813
-0.0982666015625 0.0779953002929688 0.0104331970214844 -0.015955924987793
-0.04278564453125 0.0984268188476563 0.0167999267578125 0.03765869140625
0.00287628173828125 0.0917434692382813 0.0340805053710938 0.0669136047363281
0.05401611328125 0.0726318359375 0.0925674438476563 0.0739593505859375
0.0820465087890625 0.0411300659179687 0.13739013671875 0.0529937744140625
0.080078125 0.0356979370117188 0.137344360351563 0.0310592651367188
0.0929031372070313 0.0303115844726563 0.128746032714844 0.0332107543945313
0.094879150390625 0.0483779907226562 0.105171203613281 0.038787841796875
0.0728607177734375 0.0873641967773438 0.0561065673828125 0.0178337097167969
0.0355224609375 0.115837097167969 0.0367927551269531 -0.00863265991210937
-0.0478744506835937 0.11639404296875 0.0482749938964844 -0.0563430786132812
-0.0942001342773438 0.0978164672851562 0.101631164550781 -0.1048583984375
-0.0933609008789062 0.0643157958984375 0.2197265625 -0.0654754638671875
-0.185516357421875 0.0692596435546875 0.0754776000976562 -0.0832672119140625
-0.178604125976563 0.0793609619140625 0.0530433654785156 -0.0546150207519531
-0.159393310546875 0.126480102539063 0.0121307373046875 -0.0177326202392578
-0.0765380859375 0.161819458007813 0.0163688659667969 0.0242691040039063
-0.00375366210937501 0.151580810546875 0.0195083618164063 0.0446739196777344
0.0809326171875 0.128250122070313 0.0621147155761719 0.0557136535644531
0.123626708984375 0.0771560668945313 0.0969161987304688 0.0435638427734375
0.121879577636719 0.0632476806640625 0.0971908569335938 0.0238494873046875
0.142868041992188 0.054229736328125 0.0904769897460938 0.0260162353515625
0.142868041992188 0.07366943359375 0.0740814208984375 0.0244216918945313
0.11041259765625 0.125953674316406 0.0304069519042969 0.00398826599121095
0.0650787353515625 0.164154052734375 0.0202598571777344 -0.0190200805664062
-0.0537872314453125 0.177871704101563 0.0335845947265625 -0.0568046569824219
-0.123443603515625 0.164413452148438 0.084747314453125 -0.0825653076171875
-0.143905639648438 0.116455078125 0.183334350585938 -0.048095703125
-0.224716186523438 0.099395751953125 0.0199432373046875 -0.0575408935546875
-0.215957641601563 0.107666015625 0.0216064453125 -0.0272903442382812
-0.194671630859375 0.162002563476563 0.00895786285400389 -0.0160655975341797
-0.09783935546875 0.205459594726562 0.0141830444335937 0.00744247436523439
-0.00794982910156248 0.192657470703125 0.00621223449707031 0.015498161315918
0.0983123779296875 0.16815185546875 0.028045654296875 0.0232257843017578
0.14886474609375 0.102874755859375 0.0450820922851563 0.0198516845703125
0.147247314453125 0.0826263427734375 0.0426788330078125 0.00994873046875001
0.173995971679688 0.0707855224609375 0.0358428955078125 0.0162582397460938
0.171249389648438 0.089447021484375 0.028799057006836 0.00861740112304688
0.130722045898438 0.149993896484375 -0.00259733200073241 -0.00844907760620116
0.0809478759765625 0.190261840820313 0.00255393981933594 -0.0244655609130859
-0.0519561767578125 0.211868286132813 0.0201187133789062 -0.0449333190917969
-0.13262939453125 0.202728271484375 0.0619468688964844 -0.0446128845214844
-0.168060302734375 0.150588989257813 0.128143310546875 -0.014068603515625
-0.230545043945313 0.117202758789062 -0.0501480102539063 -0.0248565673828125
-0.218826293945313 0.127609252929688 -0.0215072631835938 0.00637435913085939
-0.191162109375 0.179885864257813 -0.000579357147216808 -0.0087747573852539
-0.0931854248046875 0.2181396484375 0.00731754302978515 -0.0113973617553711
-0.00312805175781251 0.200332641601563 -0.0102424621582031 -0.0191802978515625
0.104751586914063 0.176727294921875 -0.0126495361328125 -0.0158452987670898
0.152801513671875 0.109085083007813 -0.0161304473876953 -0.00795650482177734
0.150131225585938 0.0887451171875 -0.0187034606933594 -0.00530052185058593
0.176925659179688 0.07928466796875 -0.0242595672607422 0.00654220581054688
0.170883178710938 0.096588134765625 -0.0215015411376953 -0.00492668151855468
0.125320434570313 0.157379150390625 -0.0361671447753906 -0.0182647705078125
0.076934814453125 0.190887451171875 -0.0154552459716797 -0.0266857147216797
-0.0531768798828125 0.210968017578125 0.00996780395507812 -0.026885986328125
-0.130615234375 0.205825805664063 0.0389976501464844 0.00216293334960939
-0.1710205078125 0.15863037109375 0.0637168884277344 0.0287284851074219
-0.19512939453125 0.115890502929687 -0.123695373535156 0.01177978515625
-0.179977416992188 0.127532958984375 -0.0681838989257813 0.0402145385742188
-0.146987915039063 0.165451049804688 -0.0135993957519531 0.00125694274902345
-0.0658416748046875 0.18927001953125 -0.00566101074218751 -0.0280323028564453
0.0059814453125 0.16851806640625 -0.0293006896972656 -0.0488929748535156
0.09429931640625 0.15087890625 -0.0543975830078125 -0.0506134033203125
0.131553649902344 0.0958175659179688 -0.076904296875 -0.0335464477539062
0.129676818847656 0.080596923828125 -0.07861328125 -0.0196762084960937
0.151565551757813 0.076873779296875 -0.0793380737304688 -0.00537872314453123
0.141403198242188 0.0937042236328125 -0.0665969848632812 -0.0195732116699219
0.0948333740234375 0.143768310546875 -0.0635719299316406 -0.0281448364257812
0.051055908203125 0.164993286132813 -0.0292778015136719 -0.0292282104492187
-0.05718994140625 0.174957275390625 0.00249481201171875 -0.00926494598388671
-0.117202758789063 0.173980712890625 0.0145683288574219 0.0467033386230469
-0.152313232421875 0.138931274414063 -0.00310516357421876 0.0685920715332031
-0.127487182617188 0.0946578979492187 -0.1812744140625 0.0457611083984375
-0.111465454101563 0.101844787597656 -0.102706909179687 0.0693283081054688
-0.0794296264648438 0.11663818359375 -0.0261669158935547 0.0132884979248047
-0.0304794311523438 0.121513366699219 -0.0231895446777344 -0.0332756042480469
0.0108566284179687 0.106636047363281 -0.0476875305175781 -0.0611419677734375
0.0668716430664063 0.100982666015625 -0.0899887084960938 -0.0693588256835938
0.0903778076171875 0.0670089721679688 -0.126029968261719 -0.0495147705078125
0.0904617309570313 0.0602188110351562 -0.12615966796875 -0.0312881469726562
0.103851318359375 0.0624771118164063 -0.122489929199219 -0.0218887329101562
0.0916519165039063 0.0764999389648438 -0.0992584228515625 -0.037750244140625
0.0508651733398438 0.108734130859375 -0.0780258178710938 -0.0414199829101562
0.0192184448242187 0.11431884765625 -0.0370941162109375 -0.0338783264160156
-0.0502243041992188 0.113899230957031 -0.00623130798339844 0.00280761718750001
-0.0866317749023437 0.119384765625 -0.0144424438476563 0.0784835815429688
-0.110298156738281 0.1005859375 -0.0656356811523437 0.096710205078125
-0.0410728454589844 0.0528030395507813 -0.214279174804687 0.0711212158203125
-0.0345878601074219 0.0492362976074219 -0.120864868164062 0.0903472900390625
-0.0138206481933594 0.0409507751464844 -0.0332965850830078 0.0264492034912109
-0.00643730163574218 0.0347957611083984 -0.037078857421875 -0.0264015197753906
0.00103569030761719 0.0321445465087891 -0.0589790344238281 -0.0577354431152344
0.0218429565429688 0.0416755676269531 -0.112327575683594 -0.070770263671875
0.0323734283447266 0.0322456359863281 -0.155380249023437 -0.052764892578125
0.0361671447753906 0.029693603515625 -0.154464721679688 -0.0375213623046875
0.0434951782226563 0.0367622375488281 -0.14569091796875 -0.0379638671875
0.0341835021972656 0.0423927307128906 -0.114372253417969 -0.0572738647460938
0.0104560852050781 0.0539970397949219 -0.0772857666015625 -0.054443359375
-0.00142288208007812 0.0452156066894531 -0.0369453430175781 -0.0383338928222656
-0.0219841003417969 0.0442581176757812 -0.0131549835205078 0.00954627990722656
-0.033905029296875 0.0584678649902344 -0.0422592163085938 0.0925140380859375
-0.0478019714355469 0.0544090270996094 -0.114471435546875 0.110588073730469
-0.0305461883544922 -0.00554656982421875 0.119232177734375 -0.132720947265625
-0.0442466735839844 0.000476837158203116 0.0587539672851563 -0.0952377319335937
-0.0334320068359375 0.0221939086914063 0.00634765625 -0.0106973648071289
-0.0107707977294922 0.0264110565185547 0.0212516784667969 0.0431938171386719
0.003143310546875 0.0246849060058594 0.0529861450195313 0.0719528198242188
0.0157365798950195 0.0103282928466797 0.118255615234375 0.0702362060546875
0.0264892578125 0.00150299072265625 0.162933349609375 0.04559326171875
0.0251140594482422 0.00223159790039063 0.161712646484375 0.02899169921875
0.0294990539550781 -0.002532958984375 0.154037475585938 0.03448486328125
0.0362548828125 0.00908660888671875 0.123634338378906 0.0511703491210938
0.0344696044921875 0.0286636352539063 0.0743637084960938 0.0329666137695313
0.0146026611328125 0.0460205078125 0.0479354858398437 0.00356674194335938
-0.020233154296875 0.0423240661621094 0.0590248107910156 -0.0501785278320313
-0.0380172729492188 0.0231742858886719 0.111091613769531 -0.115150451660156
-0.0210189819335938 0.00844383239746094 0.237548828125 -0.0770721435546875
-0.113304138183594 0.0418548583984375 0.111648559570313 -0.116157531738281
-0.114707946777344 0.0490188598632812 0.0661468505859375 -0.0810089111328125
-0.0962371826171875 0.0843582153320313 0.0104713439941406 -0.0174884796142578
-0.0387725830078125 0.102912902832031 0.018280029296875 0.0371170043945313
0.00769805908203125 0.0936965942382813 0.0365638732910156 0.0662727355957031
0.058990478515625 0.0704421997070313 0.0968170166015625 0.0713653564453125
0.0857620239257812 0.0377883911132812 0.142074584960938 0.0478973388671875
0.0827407836914063 0.0315780639648438 0.140495300292969 0.0255813598632813
0.0969696044921875 0.0260696411132813 0.132980346679688 0.0271072387695313
0.0982131958007813 0.0430221557617188 0.109016418457031 0.0335540771484375
0.0791854858398438 0.08447265625 0.0564689636230469 0.0147895812988281
0.0426101684570312 0.116661071777344 0.0381965637207031 -0.0108184814453125
-0.0431594848632813 0.121620178222656 0.0465507507324219 -0.0593719482421875
-0.0914077758789062 0.105598449707031 0.0980682373046875 -0.110260009765625
-0.0919876098632812 0.0711746215820313 0.221725463867188 -0.0775299072265625
-0.184783935546875 0.079864501953125 0.0754470825195312 -0.0876922607421875
-0.17645263671875 0.089599609375 0.051971435546875 -0.05706787109375
-0.154327392578125 0.136962890625 0.0113086700439453 -0.0180683135986328
-0.07012939453125 0.169357299804688 0.017822265625 0.0236587524414063
0.00428771972656251 0.154998779296875 0.0222434997558594 0.0446701049804688
0.0898361206054688 0.126350402832031 0.0641250610351563 0.0550041198730469
0.130119323730469 0.0731201171875 0.1002197265625 0.0385971069335938
0.127761840820313 0.0584640502929687 0.101264953613281 0.01910400390625
0.148773193359375 0.0473785400390625 0.0935440063476563 0.02178955078125
0.148834228515625 0.0663299560546875 0.0764541625976563 0.0204238891601563
0.11871337890625 0.121841430664063 0.0301685333251953 0.00320434570312501
0.075469970703125 0.164627075195313 0.0206985473632813 -0.0207252502441406
-0.0456695556640625 0.18499755859375 0.0333213806152344 -0.0572891235351562
-0.117034912109375 0.17559814453125 0.0822982788085937 -0.0875320434570312
-0.141845703125 0.126983642578125 0.184646606445313 -0.0576629638671875
-0.224624633789063 0.112014770507813 0.0194244384765625 -0.0588760375976562
-0.214248657226563 0.120040893554687 0.0210590362548828 -0.028350830078125
-0.189498901367188 0.175491333007812 0.00924491882324217 -0.0151481628417969
-0.0884246826171875 0.214553833007813 0.0144424438476562 0.00596141815185548
0.00152587890625 0.197357177734375 0.00656604766845703 0.0150222778320313
0.110260009765625 0.165664672851563 0.0285205841064453 0.0234737396240235
0.157196044921875 0.0969390869140625 0.0467605590820313 0.0184173583984375
0.155136108398438 0.0770263671875 0.04498291015625 0.00799942016601563
0.180618286132813 0.063201904296875 0.0375404357910156 0.0152359008789063
0.178680419921875 0.0803070068359375 0.0288734436035156 0.00668907165527344
0.1419677734375 0.144790649414063 -0.0039839744567871 -0.00850725173950194
0.09344482421875 0.190017700195313 0.00141334533691407 -0.0240631103515625
-0.041046142578125 0.219985961914063 0.0191268920898438 -0.0452003479003906
-0.124481201171875 0.214080810546875 0.0615653991699219 -0.0472068786621094
-0.164642333984375 0.161468505859375 0.129714965820312 -0.0204391479492187
-0.22918701171875 0.13134765625 -0.0515327453613281 -0.02130126953125
-0.217819213867188 0.140106201171875 -0.021881103515625 0.00893974304199219
-0.184707641601563 0.19317626953125 -0.000451564788818371 -0.00818347930908202
-0.0822296142578125 0.227294921875 0.00705528259277343 -0.01348876953125
0.00651550292968749 0.20428466796875 -0.0124778747558594 -0.019287109375
0.11676025390625 0.173431396484375 -0.0139083862304687 -0.0146608352661133
0.16015625 0.103515625 -0.0172872543334961 -0.00755977630615234
0.158065795898437 0.0824127197265625 -0.0193252563476562 -0.00481033325195312
0.184295654296875 0.07061767578125 -0.0235023498535156 0.00852775573730469
0.179046630859375 0.088104248046875 -0.0226097106933594 -0.0039825439453125
0.137359619140625 0.153518676757813 -0.0383033752441406 -0.0155868530273437
0.0891571044921875 0.190994262695313 -0.0168209075927734 -0.0248832702636719
-0.0435638427734375 0.219039916992188 0.0101470947265625 -0.0273075103759765
-0.122329711914062 0.216812133789063 0.0396232604980469 0.00123214721679689
-0.16729736328125 0.169265747070312 0.065704345703125 0.0263481140136719
-0.193832397460937 0.127716064453125 -0.125358581542969 0.01873779296875
-0.177459716796875 0.1380615234375 -0.0670814514160156 0.0455780029296875
-0.140411376953125 0.175918579101562 -0.0139083862304688 0.00303745269775392
-0.0559844970703125 0.196121215820313 -0.00747299194335938 -0.0288200378417969
0.0144805908203125 0.172073364257813 -0.0325584411621094 -0.0480995178222656
0.10455322265625 0.1490478515625 -0.0580825805664062 -0.0484390258789062
0.139320373535156 0.089752197265625 -0.0801239013671875 -0.030303955078125
0.136619567871094 0.0752105712890625 -0.0800094604492187 -0.0166702270507813
0.158065795898437 0.0697479248046875 -0.0804977416992187 -0.000541687011718738
0.14801025390625 0.08612060546875 -0.0680999755859375 -0.0157737731933594
0.105575561523438 0.140838623046875 -0.0660133361816406 -0.0247344970703125
0.060791015625 0.1654052734375 -0.0317573547363281 -0.0269985198974609
-0.0485076904296875 0.18182373046875 0.00265026092529297 -0.00922203063964843
-0.109573364257812 0.183929443359375 0.0173835754394531 0.0468254089355469
-0.149642944335937 0.148391723632813 -0.00111770629882814 0.0697288513183594
-0.125701904296875 0.102935791015625 -0.18310546875 0.0557098388671875
-0.108940124511719 0.109413146972656 -0.103515625 0.0769119262695312
-0.0736541748046875 0.122833251953125 -0.0260963439941406 0.0156574249267578
-0.0240249633789063 0.12481689453125 -0.0256080627441406 -0.032745361328125
0.0160903930664063 0.1072998046875 -0.0509872436523438 -0.059661865234375
0.0746841430664063 0.0989990234375 -0.0956802368164063 -0.0656814575195312
0.09539794921875 0.0628814697265625 -0.131698608398438 -0.0441741943359375
0.0947494506835938 0.0559539794921875 -0.130508422851562 -0.025970458984375
0.108985900878906 0.0587692260742188 -0.1246337890625 -0.0153274536132812
0.096435546875 0.07135009765625 -0.102119445800781 -0.0326080322265625
0.0582122802734375 0.107322692871094 -0.0810775756835937 -0.0372543334960938
0.0248031616210938 0.114295959472656 -0.0393714904785156 -0.0318183898925781
-0.0456695556640625 0.119140625 -0.00563097000122071 0.00328588485717774
-0.0812835693359375 0.126251220703125 -0.0111770629882813 0.0795211791992188
-0.108711242675781 0.107192993164063 -0.0632095336914062 0.102561950683594
-0.0394401550292969 0.0559539794921875 -0.216278076171875 0.0836639404296875
-0.0322036743164062 0.0521507263183594 -0.12042236328125 0.098602294921875
-0.0110549926757812 0.0412406921386719 -0.0328369140625 0.0282917022705078
-0.00392341613769531 0.0350189208984375 -0.0404052734375 -0.0247535705566406
0.00209999084472656 0.0325736999511719 -0.0619125366210938 -0.0557594299316406
0.0244026184082031 0.0396461486816406 -0.117279052734375 -0.0658416748046875
0.0352935791015625 0.0312042236328125 -0.16070556640625 -0.045684814453125
0.0388832092285156 0.0280303955078125 -0.159011840820313 -0.0308685302734375
0.0456008911132813 0.0344963073730469 -0.14959716796875 -0.0323333740234375
0.0362892150878906 0.0414161682128906 -0.117996215820313 -0.0516204833984375
0.0132942199707031 0.0538101196289063 -0.0809555053710938 -0.0506820678710938
0.00112533569335938 0.045684814453125 -0.0391845703125 -0.0362167358398437
-0.020904541015625 0.0464591979980469 -0.0134086608886719 0.010920524597168
-0.0312042236328125 0.0611038208007812 -0.0374679565429688 0.095977783203125
-0.0460700988769531 0.0573616027832031 -0.113243103027344 0.119178771972656
-0.0304336547851563 -0.00399971008300781 0.1162109375 -0.137794494628906
-0.0445556640625 0.00323486328125001 0.0551986694335938 -0.097137451171875
-0.0328578948974609 0.0220832824707031 0.00735759735107422 -0.0131645202636719
-0.00943374633789063 0.0259208679199219 0.0210494995117187 0.0424728393554688
0.00381851196289063 0.0254440307617187 0.0561676025390625 0.0708084106445313
0.0176658630371094 0.00895881652832031 0.11761474609375 0.0653457641601563
0.0276584625244141 0.00135040283203125 0.165328979492188 0.039276123046875
0.0242347717285156 -0.000265121459960938 0.162704467773437 0.021514892578125
0.0275497436523438 -0.00488471984863281 0.156509399414063 0.0300445556640625
0.0365486145019531 0.00547409057617187 0.124481201171875 0.0465621948242188
0.0363502502441406 0.02734375 0.0744400024414063 0.0296401977539062
0.0174102783203125 0.0444602966308594 0.0498199462890625 0.00229263305664063
-0.0188636779785156 0.0437164306640625 0.0561485290527344 -0.0518951416015625
-0.0367164611816406 0.0238838195800781 0.104682922363281 -0.116104125976563
-0.0219974517822266 0.0111598968505859 0.23394775390625 -0.086700439453125
-0.111854553222656 0.04754638671875 0.110359191894531 -0.120681762695313
-0.111961364746094 0.0534439086914063 0.0641403198242188 -0.084259033203125
-0.09130859375 0.0875320434570313 0.00960540771484374 -0.0166540145874023
-0.0330886840820313 0.10479736328125 0.0206489562988281 0.0359268188476563
0.0113296508789062 0.093841552734375 0.038970947265625 0.0637435913085937
0.0608367919921875 0.0666160583496094 0.0983657836914063 0.0662994384765625
0.08636474609375 0.033966064453125 0.144256591796875 0.042938232421875
0.08367919921875 0.028076171875 0.142532348632813 0.0199127197265625
0.09771728515625 0.0223464965820313 0.132789611816406 0.0227890014648437
0.0994110107421875 0.037567138671875 0.106941223144531 0.0294036865234375
0.0833358764648437 0.08074951171875 0.05780029296875 0.0123062133789063
0.0476913452148438 0.115592956542969 0.0384292602539063 -0.0133285522460937
-0.037628173828125 0.123825073242187 0.0424537658691406 -0.0591659545898437
-0.0849990844726563 0.109359741210937 0.0947647094726563 -0.112213134765625
-0.0889129638671875 0.074249267578125 0.219894409179688 -0.0857391357421875
-0.181182861328125 0.0867156982421875 0.0736007690429687 -0.0915069580078125
-0.172027587890625 0.0973663330078125 0.0532112121582031 -0.0580863952636719
-0.148406982421875 0.143569946289063 0.0132274627685547 -0.0195274353027344
-0.0615386962890625 0.171035766601563 0.0184669494628906 0.023834228515625
0.0104522705078125 0.15191650390625 0.0236587524414063 0.0418586730957031
0.0952682495117188 0.122627258300781 0.0671806335449219 0.0523109436035156
0.132278442382813 0.0676498413085938 0.102546691894531 0.0344161987304688
0.131385803222656 0.0527801513671875 0.101058959960938 0.0143661499023438
0.15216064453125 0.0408477783203125 0.0950927734375 0.0188522338867188
0.149551391601563 0.0580596923828125 0.07568359375 0.0177078247070313
0.123512268066406 0.116943359375 0.0286846160888672 -9.91821289062428E-05
0.0826263427734375 0.162399291992188 0.0193691253662109 -0.0210762023925781
-0.0357513427734375 0.188720703125 0.0316925048828125 -0.0567283630371094
-0.10797119140625 0.17938232421875 0.0789718627929688 -0.0878829956054687
-0.137748718261719 0.13299560546875 0.181884765625 -0.0681610107421875
-0.217941284179688 0.121017456054688 0.0190162658691406 -0.0585098266601563
-0.21044921875 0.128189086914063 0.0210437774658203 -0.0286083221435547
-0.181533813476562 0.18341064453125 0.0088062286376953 -0.0160856246948242
-0.078155517578125 0.218658447265625 0.0151567459106445 0.0057802200317383
0.00926208496093751 0.19647216796875 0.00624275207519531 0.0146799087524414
0.117630004882813 0.15850830078125 0.0296840667724609 0.0225620269775391
0.160903930664063 0.090667724609375 0.0486793518066406 0.0154380798339844
0.158370971679688 0.069305419921875 0.0453910827636719 0.00604248046875
0.182403564453125 0.053863525390625 0.0392799377441406 0.0122756958007813
0.181594848632813 0.0710906982421875 0.0285816192626953 0.00416946411132813
0.149276733398438 0.138671875 -0.00506496429443359 -0.00778055191040038
0.104415893554688 0.184066772460938 0.00226974487304688 -0.0237617492675781
-0.0305633544921875 0.22003173828125 0.01849365234375 -0.0460433959960937
-0.112991333007812 0.21990966796875 0.059295654296875 -0.0465621948242187
-0.159133911132812 0.166366577148438 0.127799987792969 -0.02508544921875
-0.223373413085938 0.139144897460938 -0.0515403747558594 -0.0207672119140625
-0.210922241210938 0.148910522460937 -0.020650863647461 0.01092529296875
-0.176406860351563 0.2003173828125 -0.00140094757080079 -0.00706052780151366
-0.0715484619140625 0.230178833007813 0.00608730316162109 -0.0137825012207031
0.0132904052734375 0.204330444335938 -0.0123882293701172 -0.0190277099609375
0.125656127929688 0.166397094726563 -0.0133533477783203 -0.013422966003418
0.165206909179688 0.0955810546875 -0.0166196823120117 -0.0082406997680664
0.161148071289062 0.07464599609375 -0.0175151824951172 -0.00418376922607422
0.1859130859375 0.061676025390625 -0.0221118927001953 0.00798416137695313
0.18084716796875 0.0785064697265625 -0.0221290588378906 -0.00223159790039062
0.1456298828125 0.146240234375 -0.04095458984375 -0.0141525268554687
0.0973663330078125 0.186721801757813 -0.0177993774414062 -0.0234546661376953
-0.0323944091796875 0.22003173828125 0.0111141204833984 -0.0269813537597656
-0.111007690429687 0.220855712890625 0.0407905578613281 0.000850677490234389
-0.162017822265625 0.17462158203125 0.0661163330078125 0.0236320495605469
-0.186798095703125 0.136077880859375 -0.122383117675781 0.0230636596679688
-0.171524047851563 0.143844604492188 -0.0636711120605469 0.0491905212402344
-0.131393432617188 0.182144165039063 -0.012425422668457 0.00398159027099611
-0.04559326171875 0.197067260742188 -0.00919151306152344 -0.0281009674072266
0.02166748046875 0.170425415039063 -0.0326499938964844 -0.0471000671386719
0.112335205078125 0.141708374023438 -0.0590019226074219 -0.044219970703125
0.141204833984375 0.0842437744140625 -0.0813674926757812 -0.027069091796875
0.139640808105469 0.0685577392578125 -0.0804672241210937 -0.0154037475585938
0.162246704101563 0.0614471435546875 -0.0793914794921875 0.00136566162109376
0.15093994140625 0.07879638671875 -0.06842041015625 -0.0140380859375
0.112396240234375 0.135612487792969 -0.068084716796875 -0.0214385986328125
0.06829833984375 0.163192749023438 -0.0316581726074219 -0.0246257781982422
-0.0407867431640625 0.182785034179687 0.00282716751098633 -0.0082411766052246
-0.1007080078125 0.188400268554688 0.0199394226074219 0.0466079711914063
-0.143295288085937 0.153228759765625 0.00136184692382812 0.0701751708984375
-0.119544982910156 0.108375549316406 -0.18011474609375 0.0636138916015625
-0.104507446289062 0.114364624023438 -0.0981979370117188 0.0821609497070313
-0.0661468505859375 0.12451171875 -0.0271434783935547 0.0193195343017578
-0.0171890258789062 0.125877380371094 -0.0259666442871094 -0.0313568115234375
0.0197906494140625 0.10516357421875 -0.05377197265625 -0.0577735900878906
0.0766754150390625 0.0926666259765625 -0.0972900390625 -0.0592498779296875
0.0989990234375 0.0582122802734375 -0.133049011230469 -0.0371856689453125
0.0980072021484375 0.0504379272460938 -0.1300048828125 -0.0207977294921875
0.112388610839844 0.0511932373046875 -0.124771118164063 -0.00967407226562502
0.0981979370117187 0.0678253173828125 -0.103118896484375 -0.0287933349609375
0.0633621215820313 0.105010986328125 -0.081695556640625 -0.0341339111328125
0.0310287475585938 0.115150451660156 -0.0392189025878906 -0.0287208557128906
-0.0404281616210938 0.121185302734375 -0.00453042984008789 0.00370979309082032
-0.0765380859375 0.130233764648438 -0.0057525634765625 0.0799636840820313
-0.10504150390625 0.110321044921875 -0.0603485107421875 0.105094909667969
-0.0353240966796875 0.0568199157714844 -0.21270751953125 0.0920562744140624
-0.02978515625 0.054656982421875 -0.117172241210938 0.102653503417969
-0.00836944580078125 0.043243408203125 -0.0336685180664062 0.0316677093505859
-0.000965118408203124 0.0358390808105469 -0.0410881042480469 -0.0240211486816406
0.00454902648925781 0.0315341949462891 -0.0620574951171875 -0.0534477233886719
0.0264549255371094 0.0383529663085938 -0.11895751953125 -0.0604095458984375
0.0368232727050781 0.029693603515625 -0.162979125976563 -0.0385284423828125
0.0392608642578125 0.0280723571777344 -0.160537719726563 -0.0251312255859375
0.0467491149902344 0.0324211120605469 -0.151840209960938 -0.0248870849609375
0.0376815795898438 0.0382614135742187 -0.120697021484375 -0.0469207763671875
0.0156059265136719 0.0527420043945313 -0.0815505981445312 -0.04644775390625
0.00205230712890625 0.0458984375 -0.0397796630859375 -0.0334014892578125
-0.0175552368164063 0.0457382202148438 -0.0126276016235352 0.0103321075439453
-0.0280609130859375 0.0611457824707031 -0.0361251831054688 0.0970840454101562
-0.0440673828125 0.0591621398925781 -0.110641479492187 0.124069213867188
-0.0289154052734375 -0.00449562072753906 0.114608764648437 -0.140701293945313
-0.0442390441894531 0.00288009643554688 0.0535354614257812 -0.0983047485351563
-0.0324230194091797 0.0234794616699219 0.00681400299072266 -0.0129375457763672
-0.00946044921875 0.0282039642333984 0.0237274169921875 0.0415382385253906
0.00416755676269531 0.0261898040771484 0.0547981262207031 0.0681838989257813
0.0163211822509766 0.0102863311767578 0.120368957519531 0.0635986328125
0.0263614654541016 -0.0008697509765625 0.16363525390625 0.0362396240234375
0.0242691040039063 0.0005645751953125 0.160491943359375 0.0201873779296875
0.0285930633544922 -0.00523757934570313 0.153030395507813 0.0265350341796875
0.0368080139160156 0.00615692138671875 0.123908996582031 0.04302978515625
0.0350971221923828 0.0257911682128906 0.0739212036132813 0.0282974243164062
0.01727294921875 0.0452537536621094 0.0496444702148438 -0.000873565673828122
-0.0178947448730469 0.0426406860351563 0.0545845031738281 -0.0505599975585937
-0.0366935729980469 0.0253791809082031 0.103096008300781 -0.116195678710938
-0.0198688507080078 0.0121631622314453 0.233200073242188 -0.08941650390625
-0.109619140625 0.047454833984375 0.110671997070313 -0.1220703125
-0.10955810546875 0.0551681518554688 0.0632095336914063 -0.0826034545898438
-0.08917236328125 0.0883407592773438 0.0117692947387695 -0.0174140930175781
-0.03070068359375 0.104759216308594 0.0205764770507813 0.0354156494140625
0.0139236450195312 0.09326171875 0.0399398803710938 0.0619277954101563
0.0631065368652344 0.065582275390625 0.0985260009765625 0.0656814575195313
0.0870590209960938 0.0317459106445313 0.14453125 0.039337158203125
0.0837020874023438 0.0254364013671875 0.141845703125 0.0164337158203125
0.0969772338867188 0.0176239013671875 0.133338928222656 0.0202560424804688
0.0991592407226563 0.034637451171875 0.10791015625 0.0265655517578125
0.085235595703125 0.0780715942382813 0.0561943054199219 0.0109405517578125
0.051483154296875 0.112556457519531 0.0386848449707031 -0.0127525329589844
-0.034637451171875 0.1243896484375 0.0437049865722656 -0.0595474243164063
-0.083526611328125 0.112022399902344 0.09320068359375 -0.110496520996094
-0.0880661010742187 0.0765838623046875 0.21783447265625 -0.0880126953125
-0.178390502929688 0.0893096923828125 0.0757217407226562 -0.0921249389648438
-0.169692993164063 0.0989990234375 0.0525321960449219 -0.0594711303710937
-0.143905639648437 0.143936157226562 0.0133934020996094 -0.0197181701660156
-0.0570831298828125 0.173110961914063 0.0191555023193359 0.0206012725830078
0.012786865234375 0.154312133789063 0.0237693786621094 0.0422248840332031
0.0994338989257812 0.117301940917969 0.0674018859863281 0.0504493713378906
0.135086059570312 0.0630340576171875 0.104209899902344 0.0334091186523438
0.1302490234375 0.0482177734375 0.0995941162109375 0.0124359130859375
0.150436401367188 0.0360870361328125 0.0944290161132813 0.01788330078125
0.150421142578125 0.0522613525390625 0.0740585327148438 0.0130996704101563
0.128608703613281 0.111930847167969 0.0282745361328125 0.000232696533203132
0.08758544921875 0.158309936523438 0.0215702056884766 -0.0210933685302734
-0.03143310546875 0.18817138671875 0.0306549072265625 -0.0572090148925781
-0.103546142578125 0.18341064453125 0.079193115234375 -0.0871505737304688
-0.135696411132813 0.132804870605469 0.180206298828125 -0.0665283203125
-0.214675903320312 0.123306274414063 0.0198249816894531 -0.0603599548339844
-0.205963134765625 0.131088256835937 0.0231418609619141 -0.0266780853271484
-0.175460815429688 0.183120727539063 0.00957393646240234 -0.0152416229248047
-0.072509765625 0.217422485351563 0.0150909423828125 0.00452709197998048
0.014312744140625 0.195114135742188 0.00721073150634766 0.013671875
0.121047973632813 0.154144287109375 0.0303363800048828 0.023275375366211
0.162933349609375 0.085723876953125 0.0483055114746094 0.0149116516113281
0.156997680664063 0.0651092529296875 0.0464019775390625 0.00331497192382813
0.182937622070313 0.0491790771484375 0.0393791198730469 0.0132064819335938
0.1805419921875 0.0648040771484375 0.0275058746337891 0.0035552978515625
0.152877807617188 0.134109497070313 -0.00650358200073241 -0.00687265396118163
0.107421875 0.181732177734375 0.00204849243164063 -0.0226402282714844
-0.026580810546875 0.220291137695312 0.0196113586425781 -0.0449562072753906
-0.108932495117188 0.221298217773438 0.0594062805175781 -0.0483322143554687
-0.156600952148438 0.16900634765625 0.126632690429687 -0.0271148681640625
-0.218185424804687 0.142532348632813 -0.0495796203613281 -0.0190658569335937
-0.206298828125 0.149810791015625 -0.0175495147705078 0.0117082595825195
-0.169342041015625 0.202163696289062 0.00179004669189452 -0.00696325302124022
-0.0659332275390625 0.230514526367188 0.0062417984008789 -0.0140180587768555
0.0191192626953125 0.201995849609375 -0.0130081176757812 -0.0194473266601562
0.126922607421875 0.161788940429688 -0.014683723449707 -0.0123805999755859
0.166824340820313 0.0907135009765625 -0.0163345336914062 -0.00678539276123046
0.161178588867188 0.07086181640625 -0.0188198089599609 -0.00544548034667968
0.187896728515625 0.056488037109375 -0.0208225250244141 0.00953102111816406
0.180404663085938 0.0712890625 -0.0220088958740234 -0.00319480895996094
0.146926879882813 0.140914916992188 -0.0408172607421875 -0.0117607116699219
0.103286743164063 0.182952880859375 -0.0148296356201172 -0.0227756500244141
-0.0278167724609375 0.220352172851563 0.0120677947998047 -0.0272846221923828
-0.105422973632813 0.223373413085937 0.04095458984375 0.000759124755859389
-0.158172607421875 0.176589965820313 0.0643577575683594 0.0225639343261719
-0.183990478515625 0.138992309570312 -0.121284484863281 0.0255508422851563
-0.166595458984375 0.147567749023437 -0.0619735717773438 0.0506591796875
-0.127288818359375 0.182754516601562 -0.0128211975097656 0.00518226623535158
-0.041168212890625 0.197250366210937 -0.00976181030273438 -0.0288448333740234
0.023773193359375 0.168472290039063 -0.0342483520507812 -0.0465812683105469
0.11407470703125 0.137779235839844 -0.0592803955078125 -0.0418548583984375
0.143783569335938 0.0804595947265625 -0.0807647705078125 -0.0260848999023437
0.139732360839844 0.065277099609375 -0.08038330078125 -0.0135498046875
0.161727905273438 0.0582122802734375 -0.0771865844726563 0.00317382812499999
0.151092529296875 0.072784423828125 -0.0679283142089844 -0.0125045776367187
0.114921569824219 0.13128662109375 -0.0675010681152344 -0.0191116333007812
0.07373046875 0.159210205078125 -0.0299606323242188 -0.0224838256835937
-0.0357818603515625 0.1834716796875 0.00524139404296875 -0.00975799560546874
-0.0959930419921875 0.188812255859375 0.020904541015625 0.046142578125
-0.140838623046875 0.154876708984375 -0.000198364257812507 0.0697860717773438
-0.116104125976562 0.1109619140625 -0.177886962890625 0.0673828125
-0.100502014160156 0.1142578125 -0.0952224731445313 0.0834808349609375
-0.0638275146484375 0.125335693359375 -0.0244598388671875 0.0185909271240234
-0.0142822265625 0.124443054199219 -0.0277347564697266 -0.0323734283447265
0.021942138671875 0.104644775390625 -0.0545921325683594 -0.0576438903808594
0.0810470581054688 0.0908355712890625 -0.0975723266601563 -0.0582427978515625
0.0996627807617188 0.0555343627929688 -0.133064270019531 -0.035919189453125
0.0966415405273438 0.0496063232421875 -0.130538940429688 -0.0186614990234375
0.112686157226562 0.0504608154296875 -0.123222351074219 -0.00972747802734374
0.097930908203125 0.06292724609375 -0.100555419921875 -0.0287322998046875
0.0651779174804688 0.10113525390625 -0.0809478759765625 -0.0304794311523437
0.034210205078125 0.112457275390625 -0.0385704040527344 -0.0264358520507812
-0.0370635986328125 0.120376586914063 -0.0037989616394043 0.00393295288085938
-0.0709762573242188 0.128875732421875 -0.00598144531250001 0.0787506103515625
-0.101806640625 0.109695434570313 -0.0607070922851563 0.107254028320313
-0.0344963073730469 0.0584602355957031 -0.211334228515625 0.0965118408203125
-0.0288925170898438 0.0532455444335937 -0.113395690917969 0.105926513671875
-0.00706863403320312 0.0420570373535156 -0.0334968566894531 0.0307273864746094
-0.000926971435546877 0.0353355407714844 -0.0417594909667969 -0.0225563049316406
0.0044708251953125 0.0297603607177734 -0.0636749267578125 -0.0515861511230469
0.0286521911621094 0.0381622314453125 -0.1185302734375 -0.05792236328125
0.0362396240234375 0.0276336669921875 -0.163467407226562 -0.035858154296875
0.0406417846679688 0.0246849060058594 -0.160491943359375 -0.021514892578125
0.0477333068847656 0.0319709777832031 -0.150650024414063 -0.023773193359375
0.038848876953125 0.0369377136230469 -0.116676330566406 -0.0459136962890625
0.0176773071289063 0.0519676208496094 -0.0828170776367188 -0.0451278686523438
0.0035552978515625 0.0454139709472656 -0.0401344299316406 -0.0312232971191406
-0.0171585083007813 0.0465583801269531 -0.0120048522949219 0.0113925933837891
-0.0255546569824219 0.0600776672363281 -0.0320053100585938 0.0968780517578125
-0.0442619323730469 0.0568885803222656 -0.107620239257812 0.126068115234375
-0.0291328430175781 -0.00413513183593751 0.117706298828125 -0.142532348632813
-0.0446891784667969 0.00419616699218751 0.0554885864257812 -0.0992813110351563
-0.0325050354003906 0.0241355895996094 0.00746726989746094 -0.0134992599487305
-0.0101833343505859 0.0284404754638672 0.024322509765625 0.041046142578125
0.00535392761230468 0.0263500213623047 0.0549430847167969 0.0684318542480469
0.0166101455688477 0.0103664398193359 0.118736267089844 0.06341552734375
0.0265102386474609 -0.000812530517578125 0.166351318359375 0.035736083984375
0.0243759155273438 -0.00101089477539063 0.162216186523438 0.0196533203125
0.0289192199707031 -0.00558662414550781 0.15655517578125 0.027374267578125
0.0373039245605469 0.00513076782226562 0.124687194824219 0.0429000854492188
0.036285400390625 0.0263290405273437 0.07470703125 0.0272216796875
0.0186347961425781 0.0460243225097656 0.0496788024902344 -0.000720977783203122
-0.0191268920898438 0.0435791015625 0.0548973083496094 -0.0509490966796875
-0.0381011962890625 0.027862548828125 0.104576110839844 -0.116485595703125
-0.0202999114990234 0.0122528076171875 0.237640380859375 -0.0904541015625
-0.109214782714844 0.0475234985351563 0.112548828125 -0.124702453613281
-0.110298156738281 0.0557785034179687 0.0655746459960938 -0.08416748046875
-0.0900421142578125 0.0901565551757813 0.01226806640625 -0.0183219909667969
-0.0312423706054688 0.105491638183594 0.0216579437255859 0.0340843200683594
0.0143051147460938 0.095123291015625 0.0396270751953125 0.0626411437988281
0.0644073486328125 0.0653877258300781 0.0988311767578125 0.065948486328125
0.0887985229492188 0.0309906005859375 0.146087646484375 0.0388031005859375
0.084381103515625 0.025543212890625 0.142990112304688 0.016387939453125
0.098052978515625 0.0175552368164063 0.136039733886719 0.0207366943359375
0.100135803222656 0.0341644287109375 0.10809326171875 0.0263137817382813
0.0867996215820312 0.0785064697265625 0.05615234375 0.0107994079589844
0.0539627075195313 0.114212036132813 0.039794921875 -0.0142021179199219
-0.0352783203125 0.126335144042969 0.0444755554199219 -0.0591545104980469
-0.0844039916992188 0.114501953125 0.0936050415039062 -0.110855102539062
-0.0893783569335938 0.0781936645507812 0.220993041992188 -0.089263916015625
-0.1788330078125 0.090667724609375 0.0771560668945312 -0.0932998657226563
-0.1700439453125 0.0998992919921875 0.0551834106445312 -0.0585975646972656
-0.144699096679688 0.14520263671875 0.0137119293212891 -0.0190029144287109
-0.0556640625 0.173583984375 0.0197181701660156 0.0212440490722656
0.014404296875 0.1553955078125 0.0224418640136719 0.0421600341796875
0.0997695922851563 0.116989135742188 0.0672760009765625 0.0524711608886719
0.136238098144531 0.0629425048828125 0.104988098144531 0.032958984375
0.130844116210938 0.0486602783203125 0.102058410644531 0.0107803344726563
0.15203857421875 0.0349884033203125 0.0965347290039063 0.0163497924804688
0.15142822265625 0.0514373779296875 0.075439453125 0.0141220092773438
0.130828857421875 0.112159729003906 0.0281429290771484 0.00117492675781251
0.09075927734375 0.159072875976562 0.0228538513183594 -0.0219306945800781
-0.0316925048828125 0.190277099609375 0.031951904296875 -0.0576744079589844
-0.103164672851563 0.186126708984375 0.0797882080078125 -0.0874710083007812
-0.137092590332031 0.135452270507813 0.183059692382813 -0.0684356689453125
-0.216140747070313 0.124893188476562 0.0219459533691406 -0.0612258911132813
-0.206634521484375 0.131362915039062 0.0260810852050781 -0.0268402099609375
-0.17608642578125 0.185638427734375 0.0109109878540039 -0.0152673721313476
-0.0712890625 0.220046997070313 0.0152368545532227 0.00390911102294923
0.01458740234375 0.196853637695313 0.00625324249267578 0.0134677886962891
0.122314453125 0.153778076171875 0.0304470062255859 0.0239658355712891
0.165603637695312 0.08489990234375 0.0491828918457031 0.0150299072265625
0.159378051757812 0.064544677734375 0.0459480285644531 0.001312255859375
0.185928344726563 0.047393798828125 0.0410385131835938 0.0129280090332031
0.181594848632813 0.0627593994140625 0.0282611846923828 0.00352668762207032
0.154953002929688 0.133682250976563 -0.00656795501708983 -0.00612163543701171
0.11187744140625 0.182708740234375 0.00410842895507813 -0.0237789154052734
-0.0253753662109375 0.223495483398438 0.0208740234375 -0.0454826354980469
-0.108612060546875 0.224273681640625 0.0610084533691406 -0.047454833984375
-0.158294677734375 0.17132568359375 0.127845764160156 -0.0270233154296875
-0.220596313476562 0.144317626953125 -0.0479087829589844 -0.0190086364746094
-0.207244873046875 0.152679443359375 -0.0157403945922852 0.0123519897460938
-0.170501708984375 0.204025268554687 0.00233745574951171 -0.00666379928588866
-0.0636444091796875 0.231857299804688 0.00640201568603515 -0.0147085189819336
0.0193939208984375 0.203292846679688 -0.0130519866943359 -0.0200614929199219
0.129745483398438 0.160964965820313 -0.0143346786499023 -0.0114612579345703
0.169998168945313 0.0902252197265625 -0.0162353515625 -0.00748443603515625
0.162826538085938 0.0705108642578125 -0.0186901092529297 -0.00758934020996093
0.190032958984375 0.055419921875 -0.0206661224365234 0.00979423522949219
0.181732177734375 0.069366455078125 -0.0229148864746094 -0.00435638427734375
0.151092529296875 0.141281127929688 -0.04083251953125 -0.0111808776855469
0.106552124023438 0.183868408203125 -0.0142784118652344 -0.0229396820068359
-0.02606201171875 0.222305297851563 0.0124473571777344 -0.0277690887451172
-0.104965209960938 0.225830078125 0.0432243347167969 0.000801086425781264
-0.160430908203125 0.178421020507813 0.064697265625 0.0238113403320313
-0.185531616210938 0.139862060546875 -0.121818542480469 0.0258331298828125
-0.169723510742188 0.1484375 -0.0597343444824219 0.051483154296875
-0.127761840820313 0.1846923828125 -0.0116949081420899 0.0046520233154297
-0.0401611328125 0.199249267578125 -0.009765625 -0.0288066864013672
0.0238494873046875 0.170303344726563 -0.0352096557617188 -0.0472526550292969
0.116241455078125 0.137092590332031 -0.0602188110351563 -0.042724609375
0.147003173828125 0.079193115234375 -0.0818099975585937 -0.0261611938476563
0.141448974609375 0.06500244140625 -0.0807571411132812 -0.0150375366210937
0.164749145507813 0.056854248046875 -0.0778884887695312 0.00297546386718749
0.151535034179688 0.0708770751953125 -0.0681533813476562 -0.0138282775878906
0.117332458496094 0.131431579589844 -0.0677490234375 -0.0175628662109375
0.076171875 0.160079956054688 -0.0291366577148437 -0.0223255157470703
-0.0348968505859375 0.185501098632813 0.006072998046875 -0.0100393295288086
-0.095550537109375 0.19049072265625 0.021820068359375 0.0471267700195313
-0.142990112304688 0.154861450195313 -0.00110626220703127 0.0723037719726563
-0.118400573730469 0.111907958984375 -0.1806640625 0.0685272216796875
-0.102737426757812 0.115280151367188 -0.095367431640625 0.0842208862304687
-0.0640716552734375 0.126708984375 -0.024658203125 0.0177345275878906
-0.0125885009765625 0.126434326171875 -0.0285396575927734 -0.0320682525634765
0.0216522216796875 0.105331420898438 -0.0541343688964844 -0.0579109191894531
0.0818099975585938 0.090667724609375 -0.09771728515625 -0.0595169067382813
0.101066589355469 0.0557632446289063 -0.135360717773438 -0.0363006591796875
0.0994186401367187 0.0493545532226562 -0.131607055664063 -0.0205001831054687
0.114501953125 0.0497207641601562 -0.124343872070312 -0.00881195068359374
0.0987014770507813 0.061553955078125 -0.102073669433594 -0.029052734375
0.0670700073242188 0.101570129394531 -0.0813217163085937 -0.0302276611328125
0.0351791381835938 0.112342834472656 -0.0380821228027344 -0.0257759094238281
-0.0359573364257813 0.121284484863281 -0.00252413749694824 0.00278425216674805
-0.0708770751953125 0.129638671875 -0.00559234619140625 0.0804977416992188
-0.104667663574219 0.110649108886719 -0.0634002685546875 0.10931396484375
-0.0353240966796875 0.0583877563476563 -0.213470458984375 0.09869384765625
-0.0298194885253906 0.0548591613769531 -0.115066528320313 0.107147216796875
-0.006805419921875 0.0421028137207031 -0.0325431823730469 0.0315742492675781
-0.000650405883789065 0.0337009429931641 -0.0427932739257813 -0.0221443176269531
0.00351333618164063 0.0314064025878906 -0.063720703125 -0.0525779724121094
0.0286750793457031 0.0376663208007812 -0.119895935058594 -0.0593643188476563
0.0368881225585938 0.0269966125488281 -0.165054321289063 -0.0362396240234375
0.0414505004882813 0.0250091552734375 -0.161865234375 -0.022369384765625
0.049072265625 0.0317802429199219 -0.150909423828125 -0.023040771484375
0.0382652282714844 0.0370750427246094 -0.11822509765625 -0.0463409423828125
0.0183258056640625 0.0521392822265625 -0.0811996459960938 -0.043548583984375
0.00482559204101562 0.0462913513183594 -0.0397109985351563 -0.0300712585449219
-0.01641845703125 0.0478172302246094 -0.0116548538208008 0.0102958679199219
-0.0256614685058594 0.0598373413085937 -0.0330963134765625 0.096923828125
-0.0449256896972656 0.0570602416992188 -0.110969543457031 0.128913879394531
-0.0294628143310547 -0.00517654418945313 0.122604370117187 -0.149078369140625
-0.0459442138671875 0.00519180297851562 0.0577926635742188 -0.102317810058594
-0.0337715148925781 0.025604248046875 0.00837802886962891 -0.0149354934692383
-0.0104103088378906 0.0296211242675781 0.0256423950195313 0.0416183471679687
0.00614166259765625 0.0277557373046875 0.0565147399902344 0.0702781677246094
0.0171775817871094 0.0107402801513672 0.121482849121094 0.0655975341796875
0.0275421142578125 -0.0011749267578125 0.171630859375 0.0357666015625
0.0240879058837891 -0.00127983093261719 0.167816162109375 0.018829345703125
0.0294017791748047 -0.00610923767089844 0.162002563476563 0.027862548828125
0.0378684997558594 0.00511932373046875 0.128028869628906 0.044219970703125
0.0382843017578125 0.0267753601074219 0.0759735107421875 0.0277252197265625
0.0195236206054688 0.0472145080566406 0.0513954162597656 -0.00151443481445312
-0.0197372436523437 0.0451431274414063 0.0570220947265625 -0.0523338317871094
-0.0392189025878906 0.0296516418457031 0.10882568359375 -0.119049072265625
-0.0204887390136719 0.0135974884033203 0.246688842773437 -0.093658447265625
-0.112586975097656 0.04913330078125 0.118064880371094 -0.130477905273438
-0.11273193359375 0.0584182739257813 0.069183349609375 -0.0868072509765625
-0.0923843383789062 0.0930252075195313 0.0134487152099609 -0.0194511413574219
-0.030517578125 0.109504699707031 0.0227603912353516 0.0344924926757813
0.01568603515625 0.0979537963867188 0.0399894714355469 0.0635833740234375
0.06768798828125 0.0661430358886719 0.101539611816406 0.0682296752929688
0.0927810668945312 0.0308685302734375 0.150955200195312 0.03863525390625
0.0862350463867188 0.0254440307617188 0.146835327148438 0.015045166015625
0.101020812988281 0.0171890258789063 0.14093017578125 0.02081298828125
0.102767944335938 0.0331497192382813 0.110984802246094 0.0266952514648438
0.0908126831054688 0.0797653198242188 0.057373046875 0.01129150390625
0.0575332641601562 0.116447448730469 0.041290283203125 -0.0160484313964844
-0.0358963012695313 0.131362915039063 0.0464591979980469 -0.0606613159179687
-0.0859909057617188 0.119598388671875 0.0978317260742188 -0.113601684570312
-0.09210205078125 0.0816726684570312 0.229141235351563 -0.093505859375
-0.1837158203125 0.093292236328125 0.0819091796875 -0.097381591796875
-0.174392700195313 0.1036376953125 0.0590705871582031 -0.06097412109375
-0.148651123046875 0.150161743164062 0.0153789520263672 -0.0197505950927734
-0.055572509765625 0.179092407226563 0.0207252502441406 0.0202388763427734
0.0153656005859375 0.159683227539063 0.0222396850585938 0.0426902770996094
0.103630065917969 0.118644714355469 0.0694656372070313 0.0548553466796875
0.141250610351563 0.062591552734375 0.108169555664063 0.032745361328125
0.1346435546875 0.0489883422851563 0.105155944824219 0.008819580078125
0.157501220703125 0.0345001220703125 0.100631713867188 0.0162582397460938
0.155075073242187 0.050506591796875 0.0773544311523438 0.0129623413085938
0.136428833007813 0.113761901855469 0.0286540985107422 0.00174140930175782
0.0959320068359375 0.16229248046875 0.0250072479248047 -0.0238227844238281
-0.03155517578125 0.196502685546875 0.0338630676269531 -0.059539794921875
-0.104461669921875 0.192947387695312 0.0841751098632813 -0.0896759033203125
-0.141738891601562 0.140243530273438 0.188690185546875 -0.07159423828125
-0.222549438476563 0.12994384765625 0.0245628356933594 -0.0641403198242188
-0.212173461914062 0.135696411132813 0.0296115875244141 -0.0276374816894531
-0.181289672851563 0.191497802734375 0.012542724609375 -0.0163278579711914
-0.0709991455078125 0.226654052734375 0.0159969329833984 0.00347423553466798
0.0156707763671875 0.202407836914062 0.00547981262207031 0.0131988525390625
0.127227783203125 0.156021118164062 0.0317554473876953 0.0250930786132813
0.171768188476562 0.085052490234375 0.0511856079101563 0.0142936706542969
0.164306640625 0.065155029296875 0.0466690063476563 -0.000335693359374996
0.192947387695313 0.0467681884765625 0.0432701110839844 0.0126533508300781
0.186370849609375 0.061981201171875 0.0286769866943359 0.00245857238769532
0.162811279296875 0.135650634765625 -0.00708436965942382 -0.00611829757690429
0.11822509765625 0.1866455078125 0.00553512573242188 -0.0258827209472656
-0.0246124267578125 0.231430053710938 0.0222930908203125 -0.0474357604980469
-0.109527587890625 0.232528686523438 0.0642166137695313 -0.048431396484375
-0.163787841796875 0.176925659179688 0.131179809570312 -0.028411865234375
-0.226287841796875 0.149520874023437 -0.0483283996582031 -0.0204238891601562
-0.21368408203125 0.15673828125 -0.0137109756469727 0.0125799179077149
-0.174835205078125 0.210662841796875 0.00332260131835936 -0.00744915008544921
-0.0632171630859375 0.23919677734375 0.00557327270507812 -0.0155086517333984
0.020599365234375 0.20965576171875 -0.0147438049316406 -0.0208892822265625
0.134765625 0.163497924804688 -0.0140886306762695 -0.0113315582275391
0.1761474609375 0.090667724609375 -0.0169267654418945 -0.00748062133789062
0.168685913085937 0.0706634521484375 -0.0202045440673828 -0.00913810729980469
0.197662353515625 0.0546722412109375 -0.0202541351318359 0.00911903381347656
0.186813354492188 0.0684661865234375 -0.0238971710205078 -0.0049591064453125
0.158584594726562 0.142318725585938 -0.041778564453125 -0.0104751586914062
0.113616943359375 0.186813354492188 -0.0136299133300781 -0.0246353149414062
-0.025604248046875 0.230178833007813 0.0137863159179688 -0.0294170379638672
-0.106521606445313 0.233734130859375 0.0453567504882813 0.00130081176757814
-0.166351318359375 0.184402465820312 0.0663604736328125 0.0253219604492188
-0.190078735351562 0.144454956054688 -0.124420166015625 0.0268325805664063
-0.174087524414062 0.153640747070313 -0.060455322265625 0.0527305603027344
-0.130905151367187 0.190383911132812 -0.0110149383544922 0.00496959686279298
-0.03839111328125 0.204513549804688 -0.0107536315917969 -0.0293388366699219
0.025787353515625 0.175186157226563 -0.0372276306152344 -0.0492782592773437
0.120597839355469 0.138946533203125 -0.0616683959960937 -0.0433349609375
0.152328491210938 0.0796356201171875 -0.08453369140625 -0.026702880859375
0.147140502929688 0.0651397705078125 -0.0847320556640625 -0.0164413452148437
0.171051025390625 0.05621337890625 -0.0791015625 0.00299835205078126
0.155426025390625 0.07086181640625 -0.0703277587890625 -0.0144271850585937
0.1231689453125 0.132705688476563 -0.0690994262695312 -0.0172920227050781
0.0809326171875 0.163681030273437 -0.0292911529541016 -0.0238285064697265
-0.03411865234375 0.1920166015625 0.00709438323974609 -0.011296272277832
-0.096649169921875 0.196945190429688 0.0232429504394531 0.0488204956054688
-0.149688720703125 0.160263061523437 -0.00225830078125001 0.0761566162109375
-0.121009826660156 0.115280151367188 -0.185531616210937 0.0710906982421875
-0.105628967285156 0.119071960449219 -0.0976104736328125 0.0874557495117188
-0.0653076171875 0.130500793457031 -0.0255126953125 0.0184974670410156
-0.0118255615234375 0.129898071289063 -0.0308876037597656 -0.0319919586181641
0.0223312377929687 0.108917236328125 -0.0557975769042969 -0.0598945617675781
0.0850296020507813 0.09136962890625 -0.100631713867188 -0.0608901977539063
0.1043701171875 0.0555267333984375 -0.139404296875 -0.0367431640625
0.102546691894531 0.0492630004882813 -0.136749267578125 -0.0212326049804687
0.118766784667969 0.049346923828125 -0.127510070800781 -0.00862121582031249
0.101882934570313 0.0622177124023438 -0.104782104492188 -0.0302658081054688
0.070770263671875 0.103652954101563 -0.083648681640625 -0.0300369262695312
0.0376129150390625 0.115394592285156 -0.0386390686035156 -0.0265464782714844
-0.0361557006835938 0.125541687011719 -0.00214982032775879 0.00238204002380372
-0.072357177734375 0.133537292480469 -0.00501251220703125 0.0830917358398438
-0.107986450195312 0.114974975585938 -0.0654830932617188 0.115280151367188
-0.03533935546875 0.0605430603027344 -0.221160888671875 0.103042602539063
-0.0311622619628906 0.0564498901367188 -0.118354797363281 0.111053466796875
-0.0055389404296875 0.0428657531738281 -0.033905029296875 0.0325412750244141
-0.000591278076171871 0.03497314453125 -0.0449295043945313 -0.0220298767089844
0.00274276733398437 0.0323581695556641 -0.0663070678710937 -0.0539588928222656
0.0292205810546875 0.0378074645996094 -0.123435974121094 -0.0611495971679688
0.0381622314453125 0.0275802612304687 -0.171585083007813 -0.0362701416015625
0.0426597595214844 0.0250129699707031 -0.168350219726563 -0.022369384765625
0.0517768859863281 0.0319023132324219 -0.155776977539063 -0.0224609375
0.0398902893066406 0.0376472473144531 -0.1214599609375 -0.048004150390625
0.0198020935058594 0.0530967712402344 -0.0821075439453125 -0.0443649291992188
0.00545120239257813 0.0471611022949219 -0.0401268005371094 -0.0303230285644531
-0.0157966613769531 0.0485954284667969 -0.0115032196044922 0.0102109909057617
-0.0263023376464844 0.0620079040527344 -0.034637451171875 0.100051879882813
-0.0467567443847656 0.0580406188964844 -0.115203857421875 0.135780334472656
-0.0307102203369141 -0.00523948669433593 0.126083374023438 -0.161087036132813
-0.0467796325683594 0.007049560546875 0.0589752197265625 -0.108741760253906
-0.0346450805664063 0.0282707214355469 0.00846290588378906 -0.0165729522705078
-0.0100440979003906 0.0319557189941406 0.0284690856933594 0.0420761108398438
0.00781822204589844 0.0297298431396484 0.0603485107421875 0.0715484619140625
0.0195140838623047 0.0108184814453125 0.128227233886719 0.0656585693359375
0.0295581817626953 -0.002532958984375 0.179962158203125 0.033172607421875
0.0248355865478516 -0.00213623046875 0.175704956054687 0.015838623046875
0.0297966003417969 -0.00715065002441406 0.170867919921875 0.02490234375
0.0394821166992188 0.004119873046875 0.135215759277344 0.0431442260742188
0.0408134460449219 0.0263557434082031 0.07977294921875 0.02734375
0.0215606689453125 0.0488014221191406 0.0532798767089844 -0.00362014770507812
-0.019866943359375 0.0482940673828125 0.0582466125488281 -0.0556373596191406
-0.0404167175292969 0.0335693359375 0.112556457519531 -0.126091003417969
-0.0211086273193359 0.01519775390625 0.257278442382813 -0.105743408203125
-0.116020202636719 0.05340576171875 0.122039794921875 -0.140731811523438
-0.115837097167969 0.0638351440429688 0.0719757080078125 -0.0926513671875
-0.0941619873046875 0.0995941162109375 0.0143604278564453 -0.0218791961669922
-0.0286178588867188 0.114540100097656 0.0244789123535156 0.0339717864990235
0.0195541381835937 0.1015625 0.0422592163085938 0.06524658203125
0.0725326538085938 0.0661544799804688 0.107376098632813 0.0688934326171875
0.0982513427734375 0.0286102294921875 0.158889770507812 0.036163330078125
0.090301513671875 0.0240707397460937 0.153778076171875 0.0113525390625
0.105911254882813 0.0141677856445313 0.148834228515625 0.0175323486328125
0.1083984375 0.0307769775390625 0.1158447265625 0.0249557495117188
0.0977783203125 0.079254150390625 0.0593109130859375 0.0105056762695313
0.063629150390625 0.119728088378906 0.0432853698730469 -0.0186653137207031
-0.0345535278320313 0.138069152832031 0.0475883483886719 -0.0640869140625
-0.0860061645507813 0.128128051757812 0.101158142089844 -0.120552062988281
-0.094451904296875 0.0877838134765625 0.2373046875 -0.104263305664062
-0.189559936523438 0.101348876953125 0.0857086181640625 -0.105087280273438
-0.179122924804688 0.111770629882813 0.0622406005859375 -0.0653419494628906
-0.15179443359375 0.160751342773438 0.0160121917724609 -0.022308349609375
-0.0527801513671875 0.187652587890625 0.0219535827636719 0.019775390625
0.02044677734375 0.166168212890625 0.0235977172851562 0.0446014404296875
0.111572265625 0.119842529296875 0.074066162109375 0.0559158325195313
0.150222778320312 0.0603790283203125 0.114906311035156 0.0309677124023437
0.141311645507813 0.0473785400390625 0.109573364257813 0.00557708740234375
0.166122436523438 0.0308074951171875 0.1064453125 0.0134429931640625
0.162338256835938 0.0471038818359375 0.08050537109375 0.0114822387695313
0.146896362304688 0.11279296875 0.0291881561279297 0.00111198425292969
0.1063232421875 0.165283203125 0.0249252319335938 -0.027231216430664
-0.0282135009765625 0.206893920898437 0.0343475341796875 -0.0632667541503906
-0.104232788085938 0.205520629882812 0.0872650146484375 -0.09552001953125
-0.145736694335938 0.149856567382812 0.196624755859375 -0.0801544189453125
-0.228958129882813 0.14007568359375 0.0259475708007812 -0.0688133239746094
-0.217330932617188 0.147018432617187 0.0324668884277344 -0.0302047729492187
-0.18487548828125 0.204269409179688 0.0133190155029297 -0.0184097290039062
-0.0675811767578125 0.237411499023438 0.0170173645019531 0.0024700164794922
0.0211334228515625 0.21124267578125 0.00503063201904297 0.0135726928710938
0.136703491210938 0.157684326171875 0.0341739654541016 0.0268383026123047
0.182464599609375 0.0826416015625 0.0537452697753906 0.0132980346679688
0.173355102539063 0.0626678466796875 0.0474700927734375 -0.00312423706054687
0.203216552734375 0.04205322265625 0.0469017028808594 0.0110931396484375
0.195526123046875 0.057830810546875 0.0293521881103516 0.00139045715332032
0.174880981445313 0.135421752929688 -0.00761795043945311 -0.00542640686035156
0.13037109375 0.18975830078125 0.00550079345703126 -0.0289306640625
-0.019378662109375 0.243087768554688 0.0229301452636719 -0.0503578186035156
-0.107528686523438 0.247024536132813 0.0675392150878906 -0.0522537231445312
-0.168365478515625 0.189254760742188 0.137260437011719 -0.0328140258789062
-0.23223876953125 0.161422729492187 -0.0496177673339844 -0.0206375122070312
-0.219573974609375 0.169586181640625 -0.0118379592895508 0.0125436782836914
-0.1783447265625 0.22442626953125 0.00389385223388671 -0.0083036422729492
-0.058807373046875 0.250946044921875 0.00586223602294921 -0.0166587829589844
0.0262451171875 0.21868896484375 -0.0166893005371094 -0.0215282440185547
0.1446533203125 0.165542602539063 -0.0144100189208984 -0.0104007720947266
0.187149047851563 0.088348388671875 -0.0175933837890625 -0.00751495361328125
0.17803955078125 0.0688018798828125 -0.0226383209228516 -0.0105094909667969
0.209136962890625 0.0496368408203125 -0.0199546813964844 0.00946235656738281
0.1959228515625 0.0651702880859375 -0.0254096984863281 -0.00567245483398436
0.170516967773438 0.142578125 -0.0439376831054687 -0.00904083251953125
0.125030517578125 0.191085815429688 -0.0144004821777344 -0.0265979766845703
-0.0201416015625 0.241226196289063 0.0145206451416016 -0.0317192077636719
-0.104827880859375 0.246841430664063 0.0481414794921875 0.000297546386718765
-0.17059326171875 0.196914672851562 0.0695343017578125 0.0257720947265625
-0.194992065429688 0.155410766601563 -0.129531860351563 0.0306549072265625
-0.178466796875 0.164581298828125 -0.0605010986328125 0.0564308166503906
-0.13250732421875 0.201507568359375 -0.0111789703369141 0.00494480133056642
-0.0343170166015625 0.2144775390625 -0.0124416351318359 -0.030221939086914
0.0298309326171875 0.182464599609375 -0.0405082702636719 -0.0505638122558594
0.128974914550781 0.140167236328125 -0.0652198791503906 -0.0437278747558594
0.161697387695313 0.0778656005859375 -0.0896453857421875 -0.025665283203125
0.155059814453125 0.0633087158203125 -0.0906143188476562 -0.01568603515625
0.1812744140625 0.05316162109375 -0.0823440551757813 0.00443267822265624
0.163299560546875 0.0685272216796875 -0.0744552612304687 -0.014984130859375
0.133544921875 0.133995056152344 -0.0722122192382812 -0.0156021118164063
0.0904998779296875 0.16748046875 -0.0305500030517578 -0.0252513885498047
-0.0302581787109375 0.201736450195313 0.00693225860595703 -0.0135116577148437
-0.095611572265625 0.208267211914063 0.0268745422363281 0.0504035949707031
-0.15362548828125 0.171096801757813 -0.000656127929687511 0.0811843872070313
-0.123146057128906 0.122367858886719 -0.191879272460938 0.0789642333984375
-0.108070373535156 0.128242492675781 -0.0989913940429688 0.0933685302734375
-0.0639724731445312 0.136627197265625 -0.0257606506347656 0.0196151733398438
-0.00804901123046876 0.134757995605469 -0.0328845977783203 -0.0321922302246094
0.025146484375 0.112991333007813 -0.0603408813476563 -0.0613212585449219
0.0904083251953125 0.09246826171875 -0.105949401855469 -0.0613021850585937
0.110794067382813 0.0549850463867188 -0.14727783203125 -0.034576416015625
0.10858154296875 0.0477981567382813 -0.144821166992188 -0.019195556640625
0.126739501953125 0.0469436645507813 -0.133415222167969 -0.00648498535156247
0.107292175292969 0.0607681274414062 -0.110328674316406 -0.030059814453125
0.0776214599609375 0.105079650878906 -0.0869064331054688 -0.0295257568359375
0.0433502197265625 0.118560791015625 -0.0400428771972656 -0.0271987915039062
-0.0343093872070312 0.132003784179688 -0.00248408317565918 0.00127625465393067
-0.0720977783203125 0.141525268554687 -0.002471923828125 0.0875625610351563
-0.11199951171875 0.122718811035156 -0.0666580200195312 0.124198913574219
-0.0353050231933594 0.0634574890136719 -0.22869873046875 0.114288330078125
-0.0310745239257812 0.0602302551269531 -0.1209716796875 0.118919372558594
-0.00499725341796875 0.0439872741699219 -0.0344219207763672 0.0345344543457031
0.000976562500000002 0.0355911254882813 -0.0477676391601563 -0.0206871032714844
0.00350570678710938 0.0334930419921875 -0.0700607299804688 -0.0550613403320313
0.0314674377441406 0.03857421875 -0.130577087402344 -0.0613021850585938
0.040130615234375 0.0274505615234375 -0.1815185546875 -0.0333709716796875
0.0453300476074219 0.0248565673828125 -0.177261352539063 -0.0185394287109375
0.0554275512695313 0.0315666198730469 -0.163421630859375 -0.020599365234375
0.0424461364746094 0.0377464294433594 -0.127555847167969 -0.0482711791992188
0.0226593017578125 0.0540542602539063 -0.0864181518554688 -0.0439987182617188
0.00748443603515625 0.0481338500976563 -0.0419540405273438 -0.0312995910644531
-0.0152397155761719 0.051300048828125 -0.0120143890380859 0.010319709777832
-0.0264358520507813 0.0642929077148438 -0.0339889526367188 0.105567932128906
-0.0481681823730469 0.0619010925292969 -0.117752075195312 0.14776611328125
-0.032196044921875 -0.0046539306640625 0.123886108398438 -0.17449951171875
-0.0472602844238281 0.00939178466796875 0.05694580078125 -0.115707397460938
-0.0344734191894531 0.0310821533203125 0.00860023498535156 -0.0180282592773437
-0.00899314880371094 0.0336742401123047 0.0313186645507813 0.0411300659179688
0.0103187561035156 0.0297355651855469 0.0648651123046875 0.0705108642578125
0.0215320587158203 0.00940132141113281 0.135269165039062 0.061676025390625
0.0305080413818359 -0.00567054748535156 0.18792724609375 0.0240478515625
0.0250797271728516 -0.00319099426269531 0.18328857421875 0.0074005126953125
0.0298004150390625 -0.00919342041015625 0.178543090820313 0.0167388916015625
0.0406265258789063 0.00152206420898438 0.141769409179688 0.03802490234375
0.0437889099121094 0.0248260498046875 0.083465576171875 0.0237274169921875
0.0251312255859375 0.04925537109375 0.0549964904785156 -0.00728988647460937
-0.0182342529296875 0.0516357421875 0.0579948425292969 -0.0597991943359375
-0.0402565002441406 0.0377960205078125 0.11077880859375 -0.13555908203125
-0.0206260681152344 0.0163288116455078 0.262161254882813 -0.123916625976563
-0.11688232421875 0.059906005859375 0.12152099609375 -0.153274536132813
-0.115470886230469 0.0714035034179687 0.0718002319335937 -0.0999755859375
-0.0922088623046875 0.107933044433594 0.0138130187988281 -0.0243339538574219
-0.0235748291015625 0.119422912597656 0.0271739959716797 0.0331401824951172
0.0257949829101563 0.104408264160156 0.0459327697753906 0.065460205078125
0.0789108276367188 0.0635147094726563 0.114715576171875 0.0669784545898438
0.1026611328125 0.0234756469726563 0.166702270507813 0.0290374755859375
0.0945358276367188 0.020172119140625 0.158889770507813 0.0029754638671875
0.110687255859375 0.00803375244140625 0.155609130859375 0.0098876953125
0.112808227539063 0.0256500244140625 0.120292663574219 0.0196075439453125
0.106231689453125 0.0758819580078125 0.061492919921875 0.00822067260742188
0.0724334716796875 0.119049072265625 0.043182373046875 -0.0230445861816406
-0.0287017822265625 0.145309448242188 0.0466461181640625 -0.0687217712402344
-0.08221435546875 0.138618469238281 0.100166320800781 -0.12969970703125
-0.0934600830078125 0.0955734252929688 0.242019653320312 -0.121170043945313
-0.191162109375 0.113998413085937 0.085845947265625 -0.115226745605469
-0.178817749023438 0.124298095703125 0.0640792846679687 -0.0712966918945312
-0.149261474609375 0.173171997070312 0.0159034729003906 -0.0249710083007812
-0.0439300537109375 0.195602416992188 0.0233268737792969 0.0187911987304688
0.0299072265625 0.17083740234375 0.0249595642089844 0.0446281433105469
0.121414184570312 0.116371154785156 0.07958984375 0.0549774169921875
0.158599853515625 0.0531005859375 0.1207275390625 0.0256805419921875
0.148406982421875 0.0413818359375 0.112373352050781 -0.000686645507812497
0.174362182617188 0.0206298828125 0.111839294433594 0.00739288330078125
0.16949462890625 0.0390777587890625 0.0828628540039063 0.0077056884765625
0.15899658203125 0.107650756835938 0.0302791595458984 0.000307083129882819
0.119140625 0.164230346679688 0.0241069793701172 -0.0308589935302734
-0.0183868408203125 0.215805053710938 0.033477783203125 -0.06744384765625
-0.0966949462890625 0.21820068359375 0.0871047973632813 -0.103317260742187
-0.143890380859375 0.163375854492188 0.199966430664063 -0.09393310546875
-0.230300903320312 0.155792236328125 0.0252456665039062 -0.0739974975585937
-0.217391967773438 0.162994384765625 0.0346279144287109 -0.0343246459960937
-0.181503295898438 0.220535278320312 0.0131416320800781 -0.0205268859863281
-0.056549072265625 0.248001098632812 0.0170536041259766 0.000746726989746109
0.0317840576171875 0.218002319335938 0.00478172302246094 0.0137872695922852
0.149063110351562 0.154510498046875 0.0376815795898438 0.0261192321777344
0.19354248046875 0.0742645263671875 0.0569610595703125 0.0103378295898438
0.18231201171875 0.0557708740234375 0.0474319458007813 -0.00666046142578125
0.213348388671875 0.030029296875 0.0496749877929688 0.00773239135742188
0.203521728515625 0.04815673828125 0.0299434661865234 2.09808349609404E-05
0.189559936523438 0.1280517578125 -0.00830602645874022 -0.00467777252197265
0.145462036132813 0.187759399414063 0.00358200073242188 -0.0318775177001953
-0.00730895996093751 0.252731323242188 0.0219268798828125 -0.0541496276855469
-0.0979156494140625 0.26080322265625 0.0694007873535156 -0.05792236328125
-0.166107177734375 0.2044677734375 0.140731811523438 -0.04150390625
-0.2322998046875 0.177886962890625 -0.0507049560546875 -0.0198287963867188
-0.218734741210938 0.185836791992188 -0.00937461853027345 0.0123767852783203
-0.174240112304687 0.240951538085938 0.00387287139892577 -0.0103168487548828
-0.0475006103515625 0.26165771484375 0.00494194030761719 -0.0179901123046875
0.037353515625 0.225631713867188 -0.0195865631103516 -0.0215682983398437
0.156646728515625 0.162200927734375 -0.0142440795898437 -0.00998973846435545
0.19873046875 0.0800323486328125 -0.0183429718017578 -0.0081806182861328
0.187545776367188 0.0606842041015625 -0.0261821746826172 -0.0107250213623047
0.21917724609375 0.0380706787109375 -0.0199165344238281 0.00946998596191406
0.2041015625 0.0562896728515625 -0.0272636413574219 -0.00462150573730468
0.185104370117188 0.136062622070313 -0.0452766418457031 -0.00732421874999998
0.140518188476563 0.189163208007812 -0.0158195495605469 -0.0288333892822266
-0.008056640625 0.251190185546875 0.0138397216796875 -0.0347404479980469
-0.094757080078125 0.261383056640625 0.0520401000976563 -0.00238418579101561
-0.16845703125 0.212661743164063 0.0732040405273437 0.0230789184570313
-0.193649291992188 0.169845581054688 -0.131065368652344 0.038116455078125
-0.176437377929687 0.1795654296875 -0.0586280822753906 0.0604705810546875
-0.127578735351562 0.215133666992188 -0.0108861923217774 0.00478363037109376
-0.0236358642578125 0.222671508789062 -0.0141849517822266 -0.0309562683105469
0.0395965576171875 0.188186645507813 -0.0455780029296875 -0.0503921508789062
0.140083312988281 0.137443542480469 -0.0682144165039063 -0.04217529296875
0.171600341796875 0.0713043212890625 -0.0939102172851562 -0.0220108032226562
0.164077758789063 0.0569610595703125 -0.096099853515625 -0.0126113891601562
0.190780639648438 0.043212890625 -0.0851211547851562 0.00772857666015625
0.171234130859375 0.060943603515625 -0.0785446166992187 -0.0116729736328125
0.145538330078125 0.129852294921875 -0.0749359130859375 -0.0120086669921875
0.103103637695313 0.16680908203125 -0.0329055786132812 -0.0259475708007812
-0.020538330078125 0.20953369140625 0.00651168823242188 -0.0154523849487305
-0.08795166015625 0.219894409179688 0.0309028625488281 0.0504837036132813
-0.151809692382812 0.184783935546875 0.00329589843749998 0.085540771484375
-0.121261596679688 0.133148193359375 -0.194198608398438 0.0913543701171875
-0.105316162109375 0.137107849121094 -0.0981216430664063 0.101531982421875
-0.0610809326171875 0.144683837890625 -0.0258636474609375 0.0207691192626953
-0.000823974609375015 0.139289855957031 -0.0358238220214844 -0.031158447265625
0.0312347412109375 0.117263793945313 -0.0655479431152344 -0.0608139038085938
0.09747314453125 0.0899887084960938 -0.112205505371094 -0.0581130981445313
0.117668151855469 0.0504989624023438 -0.154449462890625 -0.027984619140625
0.114601135253906 0.042877197265625 -0.152862548828125 -0.012176513671875
0.13385009765625 0.0409469604492187 -0.138885498046875 -0.000442504882812515
0.113327026367188 0.056243896484375 -0.116256713867187 -0.0262908935546875
0.08642578125 0.103645324707031 -0.0907516479492188 -0.025360107421875
0.0516738891601562 0.119239807128906 -0.0427742004394531 -0.0268402099609375
-0.0283203125 0.138076782226563 -0.00242090225219727 0.000521183013916024
-0.0672760009765625 0.149124145507813 0.00211334228515625 0.0909500122070313
-0.11065673828125 0.132621765136719 -0.0627822875976562 0.134056091308594
-0.0320320129394531 0.0668869018554688 -0.23114013671875 0.13006591796875
-0.0296096801757813 0.0638465881347656 -0.120025634765625 0.12982177734375
-0.00312423706054688 0.0455169677734375 -0.0347023010253906 0.037353515625
0.00265121459960937 0.036773681640625 -0.0506706237792969 -0.018798828125
0.00463485717773438 0.035614013671875 -0.0747299194335938 -0.0543746948242188
0.0342178344726563 0.0378913879394531 -0.137947082519531 -0.057037353515625
0.0435218811035156 0.0264053344726563 -0.190567016601563 -0.0247650146484375
0.047515869140625 0.0225296020507813 -0.1854248046875 -0.00996398925781246
0.0594520568847656 0.0284271240234375 -0.171051025390625 -0.0126953125
0.0456695556640625 0.036376953125 -0.134727478027344 -0.0438613891601563
0.0264091491699219 0.0541954040527344 -0.090362548828125 -0.0416793823242188
0.0108451843261719 0.0495872497558594 -0.0445785522460938 -0.030181884765625
-0.0123214721679687 0.0532264709472656 -0.0122699737548828 0.0105915069580078
-0.0241966247558594 0.0673561096191406 -0.0296096801757812 0.110992431640625
-0.0475616455078125 0.0665168762207031 -0.115020751953125 0.160934448242187
-0.0328922271728516 -0.00394439697265625 0.116226196289063 -0.18536376953125
-0.0466957092285156 0.0122604370117188 0.0532684326171875 -0.120628356933594
-0.0324192047119141 0.0335044860839844 0.00710296630859375 -0.0193691253662109
-0.00697517395019532 0.03472900390625 0.03363037109375 0.0389671325683594
0.0133934020996094 0.0298576354980469 0.0693283081054688 0.0675621032714844
0.0224742889404297 0.00725936889648438 0.140068054199219 0.0554275512695312
0.0301761627197266 -0.00809669494628906 0.19134521484375 0.012786865234375
0.0250453948974609 -0.00469398498535156 0.185546875 -0.0031280517578125
0.0297813415527344 -0.0113964080810547 0.182861328125 0.0056610107421875
0.0412788391113281 -0.00123214721679688 0.1451416015625 0.0301666259765625
0.0461540222167969 0.0221023559570313 0.0849151611328125 0.0198822021484375
0.0282363891601562 0.0481605529785156 0.0552215576171875 -0.0109901428222656
-0.0164337158203125 0.0536613464355469 0.0558433532714844 -0.0637130737304688
-0.0376167297363281 0.0413169860839844 0.105484008789063 -0.143768310546875
-0.0196094512939453 0.0181293487548828 0.25811767578125 -0.141876220703125
-0.114654541015625 0.0663604736328125 0.115509033203125 -0.164215087890625
-0.111297607421875 0.0784072875976563 0.0692138671875 -0.106513977050781
-0.0872802734375 0.113876342773438 0.0126628875732422 -0.0261821746826172
-0.0164031982421875 0.121864318847656 0.0290622711181641 0.03057861328125
0.0325698852539063 0.103378295898438 0.0497322082519531 0.0633468627929688
0.0834274291992188 0.0581207275390625 0.119560241699219 0.0616378784179688
0.104820251464844 0.016265869140625 0.169921875 0.0189361572265625
0.0960235595703125 0.014495849609375 0.16009521484375 -0.0062408447265625
0.111862182617188 0.00070953369140625 0.158599853515625 -3.0517578125E-05
0.114822387695313 0.018157958984375 0.122383117675781 0.0132598876953125
0.111984252929687 0.0689926147460938 0.0622711181640625 0.0050811767578125
0.0806045532226562 0.11529541015625 0.0418624877929688 -0.0265541076660156
-0.0203857421875 0.148818969726563 0.0445404052734375 -0.0719223022460937
-0.07366943359375 0.145431518554688 0.0955123901367188 -0.137252807617188
-0.0894546508789063 0.102752685546875 0.237625122070313 -0.1380615234375
-0.18621826171875 0.124771118164063 0.0819015502929687 -0.123603820800781
-0.17169189453125 0.134567260742187 0.063568115234375 -0.0775604248046875
-0.140914916992188 0.1832275390625 0.0146293640136719 -0.0273494720458984
-0.032562255859375 0.199249267578125 0.0249309539794922 0.0164909362792969
0.0396728515625 0.170761108398438 0.0265693664550781 0.0440292358398438
0.128921508789063 0.109107971191406 0.0844955444335938 0.05145263671875
0.162384033203125 0.0427093505859375 0.1240234375 0.0184402465820313
0.152069091796875 0.032745361328125 0.112281799316406 -0.0079498291015625
0.176727294921875 0.00885009765625 0.113243103027344 -0.000213623046874999
0.172607421875 0.0285186767578125 0.083648681640625 0.00264739990234375
0.166976928710938 0.0975799560546875 0.0299758911132813 -0.00143814086914062
0.130294799804688 0.156967163085938 0.0218524932861328 -0.0340328216552734
-0.00607299804687499 0.219512939453125 0.0305404663085938 -0.0702285766601563
-0.083740234375 0.227203369140625 0.0836410522460938 -0.109542846679688
-0.137222290039063 0.173980712890625 0.196517944335937 -0.107528686523437
-0.223052978515625 0.169204711914062 0.0232925415039062 -0.0772552490234375
-0.208877563476563 0.175796508789062 0.0354347229003906 -0.0379753112792969
-0.171478271484375 0.233505249023438 0.0118408203125 -0.022796630859375
-0.0422515869140625 0.252822875976563 0.0173797607421875 -0.000554084777832016
0.0445709228515625 0.217681884765625 0.00443840026855469 0.0141115188598633
0.158660888671875 0.146041870117188 0.0409164428710938 0.0246963500976563
0.199127197265625 0.0617523193359375 0.0591506958007813 0.0062408447265625
0.1865234375 0.044647216796875 0.0459747314453125 -0.0100975036621094
0.216903686523437 0.0155792236328125 0.0507926940917969 0.00368881225585938
0.206695556640625 0.03570556640625 0.029388427734375 -0.00204658508300781
0.199127197265625 0.11627197265625 -0.00832557678222655 -0.00429773330688476
0.158660888671875 0.17889404296875 0.00104141235351563 -0.0337409973144531
0.007476806640625 0.25604248046875 0.0198326110839844 -0.0566024780273437
-0.0829315185546875 0.26971435546875 0.0680046081542969 -0.0628700256347656
-0.157684326171875 0.216690063476562 0.13983154296875 -0.05035400390625
-0.224960327148437 0.191268920898438 -0.0511970520019531 -0.0184288024902344
-0.209335327148438 0.199951171875 -0.0068187713623047 0.0117864608764649
-0.1627197265625 0.2540283203125 0.00299072265624999 -0.0117206573486328
-0.0328369140625 0.265640258789063 0.0037384033203125 -0.01910400390625
0.0504302978515625 0.226776123046875 -0.0216770172119141 -0.0201435089111328
0.167434692382813 0.15362548828125 -0.0137977600097656 -0.00949001312255859
0.205352783203125 0.0676727294921875 -0.018625259399414 -0.00763702392578124
0.192733764648438 0.0500335693359375 -0.0290699005126953 -0.0101146697998047
0.223968505859375 0.0225982666015625 -0.0194683074951172 0.00973892211914063
0.208663940429688 0.042999267578125 -0.0288734436035156 -0.00371170043945313
0.195388793945313 0.1241455078125 -0.0462379455566406 -0.00387954711914062
0.153106689453125 0.18048095703125 -0.0192928314208984 -0.0293197631835937
0.00672912597656249 0.254318237304687 0.0119972229003906 -0.0367279052734375
-0.079498291015625 0.269882202148438 0.05352783203125 -0.00589752197265623
-0.159744262695312 0.224945068359375 0.0756301879882812 0.0194854736328125
-0.185836791992188 0.1817626953125 -0.129905700683594 0.0453262329101563
-0.167953491210937 0.191574096679688 -0.0548973083496094 0.0638313293457031
-0.117050170898438 0.225296020507813 -0.0112085342407227 0.00459289550781251
-0.0108642578125 0.225082397460937 -0.0163555145263672 -0.0304985046386719
0.050506591796875 0.188644409179688 -0.0493927001953125 -0.0478630065917969
0.148178100585938 0.130279541015625 -0.0704421997070313 -0.038818359375
0.177658081054687 0.0603790283203125 -0.0959320068359375 -0.0175323486328125
0.167739868164063 0.0472412109375 -0.0996170043945312 -0.00694274902343749
0.195053100585938 0.0295562744140625 -0.0857620239257812 0.01226806640625
0.175094604492188 0.050384521484375 -0.0807037353515625 -0.00801086425781249
0.155380249023438 0.11968994140625 -0.0760345458984375 -0.00772094726562499
0.114730834960938 0.160415649414063 -0.0352210998535156 -0.0252876281738281
-0.00892639160156249 0.213241577148437 0.00547599792480469 -0.0165691375732422
-0.07537841796875 0.226837158203125 0.0351333618164062 0.0494003295898438
-0.143951416015625 0.195648193359375 0.00846862792968749 0.0867919921875
-0.114555358886719 0.140167236328125 -0.191055297851563 0.103179931640625
-0.098175048828125 0.145355224609375 -0.0931777954101562 0.1080322265625
-0.0535888671875 0.149856567382813 -0.0256671905517578 0.0222282409667969
0.00709533691406249 0.140022277832031 -0.03814697265625 -0.0290985107421875
0.03814697265625 0.116958618164063 -0.0701828002929688 -0.0576362609863281
0.103271484375 0.0849609375 -0.116096496582031 -0.0532989501953125
0.121841430664063 0.0426864624023438 -0.157852172851563 -0.0190277099609375
0.118453979492188 0.0363082885742188 -0.156570434570313 -0.00286865234374997
0.137924194335938 0.0318679809570313 -0.14080810546875 0.007568359375
0.116706848144531 0.0497207641601563 -0.119499206542969 -0.0201873779296875
0.0934066772460938 0.0976486206054688 -0.0925216674804688 -0.0199127197265625
0.0598068237304687 0.115959167480469 -0.045074462890625 -0.0250663757324219
-0.020111083984375 0.140960693359375 -0.00332999229431152 0.000155210494995126
-0.0593109130859375 0.154403686523437 0.00740814208984375 0.0916671752929688
-0.105438232421875 0.139991760253906 -0.0557174682617188 0.140426635742188
-0.0281524658203125 0.0686798095703125 -0.226104736328125 0.146148681640625
-0.0262184143066406 0.0672073364257813 -0.114082336425781 0.138687133789062
-0.00128936767578125 0.0454216003417969 -0.0337104797363281 0.039337158203125
0.00512313842773438 0.0364112854003906 -0.05206298828125 -0.0152816772460937
0.00670242309570313 0.0356216430664063 -0.0786285400390625 -0.0513153076171875
0.0362510681152344 0.0365753173828125 -0.142410278320313 -0.0507354736328125
0.0453109741210938 0.0240097045898438 -0.193771362304688 -0.013397216796875
0.0493888854980469 0.0196609497070313 -0.188735961914063 0.00204467773437497
0.0617752075195313 0.0244064331054688 -0.173690795898438 -0.00274658203125002
0.0480995178222656 0.0333938598632813 -0.138519287109375 -0.0377426147460938
0.030517578125 0.0526390075683594 -0.0928192138671875 -0.036346435546875
0.0140457153320312 0.0481300354003906 -0.0469245910644531 -0.0281333923339844
-0.00924682617187501 0.0538711547851563 -0.0128803253173828 0.011042594909668
-0.0205726623535156 0.0689582824707031 -0.0238113403320312 0.114265441894531
-0.0448455810546875 0.0694808959960938 -0.106246948242188 0.171157836914063
-0.0331859588623047 -0.00335311889648437 0.108978271484375 -0.190750122070313
-0.0446853637695313 0.01385498046875 0.0499343872070312 -0.123283386230469
-0.0307407379150391 0.0339374542236328 0.00701141357421875 -0.0203647613525391
-0.00477218627929688 0.0351676940917969 0.0352210998535156 0.0364608764648438
0.0155181884765625 0.0284175872802734 0.0703887939453125 0.0639724731445313
0.0233287811279297 0.00520706176757812 0.140525817871094 0.0492782592773438
0.0292892456054688 -0.0101051330566406 0.190261840820313 0.004150390625
0.0239543914794922 -0.00563430786132813 0.183975219726562 -0.0117340087890625
0.0287742614746094 -0.0126609802246094 0.1817626953125 -0.00274658203125
0.0403671264648438 -0.00324249267578125 0.145050048828125 0.024200439453125
0.0466766357421875 0.0193748474121094 0.0846099853515625 0.01611328125
0.0303497314453125 0.0466346740722656 0.0541305541992188 -0.0134963989257812
-0.01422119140625 0.0542831420898438 0.0535125732421875 -0.0648460388183594
-0.0354423522949219 0.0435447692871094 0.099853515625 -0.147079467773438
-0.0182285308837891 0.0186176300048828 0.250030517578125 -0.15179443359375
-0.111282348632812 0.06976318359375 0.10919189453125 -0.170333862304687
-0.105903625488281 0.0812606811523438 0.0667800903320313 -0.110733032226563
-0.081817626953125 0.11663818359375 0.0112838745117187 -0.0273952484130859
-0.010650634765625 0.120826721191406 0.0299892425537109 0.0283584594726563
0.0371551513671875 0.100791931152344 0.0508918762207031 0.061004638671875
0.0850830078125 0.0522384643554688 0.121566772460937 0.05621337890625
0.103965759277344 0.010101318359375 0.16986083984375 0.010345458984375
0.0953903198242188 0.0103378295898438 0.15838623046875 -0.0135345458984375
0.110885620117188 -0.0052490234375 0.157272338867188 -0.008026123046875
0.113533020019531 0.0123291015625 0.121307373046875 0.00788116455078125
0.114494323730469 0.0620346069335938 0.0612716674804688 0.00252532958984375
0.0843353271484375 0.109916687011719 0.0398597717285156 -0.0286140441894531
-0.0140380859375 0.14984130859375 0.0422592163085937 -0.0731353759765625
-0.0658416748046875 0.147735595703125 0.0904083251953125 -0.140174865722656
-0.0840225219726562 0.105064392089844 0.229904174804688 -0.147735595703125
-0.179840087890625 0.129989624023437 0.0782394409179687 -0.128387451171875
-0.1632080078125 0.138839721679688 0.0618667602539063 -0.0815582275390625
-0.132568359375 0.187820434570313 0.0130691528320312 -0.0282745361328125
-0.02374267578125 0.197128295898438 0.0253086090087891 0.0144023895263672
0.0465240478515625 0.167465209960938 0.0270805358886719 0.0427474975585938
0.131446838378906 0.100936889648437 0.08660888671875 0.0479202270507813
0.162811279296875 0.0333709716796875 0.123992919921875 0.0116043090820313
0.15203857421875 0.0257110595703125 0.109649658203125 -0.0129547119140625
0.174972534179687 -0.0004730224609375 0.112815856933594 -0.0067596435546875
0.170623779296875 0.0197906494140625 0.0820159912109375 -0.000740051269531249
0.170074462890625 0.087188720703125 0.0294666290283203 -0.00234031677246093
0.136123657226563 0.148773193359375 0.0194587707519531 -0.0353507995605469
0.00340270996093752 0.2186279296875 0.0283737182617188 -0.0706939697265625
-0.071868896484375 0.229232788085938 0.080078125 -0.113182067871094
-0.1287841796875 0.178115844726563 0.190170288085938 -0.116104125976563
-0.21429443359375 0.175567626953125 0.0216217041015625 -0.0800933837890625
-0.199172973632813 0.18121337890625 0.0359840393066406 -0.0410079956054687
-0.161026000976563 0.238174438476562 0.0106983184814453 -0.0240688323974609
-0.0313568115234375 0.25042724609375 0.0172529220581055 -0.0021543502807617
0.0529022216796875 0.214736938476563 0.00437736511230469 0.0145959854125977
0.16265869140625 0.136734008789063 0.0425987243652344 0.0224800109863281
0.199493408203125 0.051055908203125 0.0590934753417969 0.0022735595703125
0.186508178710938 0.0364990234375 0.0435638427734375 -0.0117073059082031
0.215591430664063 0.0037841796875 0.0505218505859375 0.0005340576171875
0.205474853515625 0.0253143310546875 0.0282344818115235 -0.00316238403320312
0.2030029296875 0.103775024414063 -0.0082263946533203 -0.00321817398071289
0.164932250976563 0.168563842773438 -0.00187301635742187 -0.0341796875
0.0186004638671875 0.254058837890625 0.0171318054199219 -0.0574073791503906
-0.069610595703125 0.271728515625 0.0666007995605469 -0.0663070678710937
-0.148117065429687 0.221893310546875 0.136070251464844 -0.0562286376953125
-0.214157104492187 0.197860717773438 -0.0504188537597656 -0.0179481506347656
-0.198532104492188 0.20587158203125 -0.00442504882812501 0.0103759765625
-0.151840209960938 0.258895874023438 0.00219440460205077 -0.0123014450073242
-0.02069091796875 0.263702392578125 0.00285530090332031 -0.0191173553466797
0.0594940185546875 0.223037719726563 -0.0236587524414062 -0.0187702178955078
0.171401977539062 0.144515991210938 -0.0125293731689453 -0.00953292846679687
0.206100463867188 0.0569915771484375 -0.0184612274169922 -0.00791358947753906
0.192550659179688 0.0411224365234375 -0.030649185180664 -0.008056640625
0.222366333007813 0.0108795166015625 -0.019052505493164 0.00930023193359375
0.207199096679687 0.0323944091796875 -0.0294837951660156 -0.00237464904785156
0.19921875 0.11175537109375 -0.04541015625 -0.00178909301757811
0.159942626953125 0.17034912109375 -0.0209465026855469 -0.0288009643554687
0.0180816650390625 0.252197265625 0.0106124877929688 -0.0379409790039062
-0.066864013671875 0.270782470703125 0.0545501708984375 -0.00926589965820311
-0.150238037109375 0.230484008789062 0.0750350952148437 0.0163421630859375
-0.177047729492188 0.187210083007813 -0.126029968261719 0.0494613647460938
-0.1578369140625 0.196014404296875 -0.0503273010253906 0.0645179748535156
-0.107894897460937 0.229293823242188 -0.0115766525268555 0.00411319732666017
-0.00115966796874998 0.222763061523438 -0.0176773071289063 -0.0295295715332031
0.057464599609375 0.186233520507813 -0.0520248413085937 -0.0451393127441406
0.15203857421875 0.122283935546875 -0.070831298828125 -0.0366668701171875
0.178176879882813 0.0511474609375 -0.0957565307617187 -0.0142593383789062
0.168807983398438 0.039398193359375 -0.100440979003906 -0.00193786621093749
0.1942138671875 0.01910400390625 -0.0845184326171875 0.01507568359375
0.174423217773438 0.0415191650390625 -0.0809173583984375 -0.00422668457031251
0.159332275390625 0.10992431640625 -0.0752410888671875 -0.003875732421875
0.120223999023438 0.152297973632813 -0.0368804931640625 -0.0238418579101562
0.001129150390625 0.211746215820313 0.00380611419677734 -0.0172405242919922
-0.0642852783203125 0.228530883789063 0.0379524230957031 0.0468368530273438
-0.135971069335938 0.200286865234375 0.0115737915039062 0.0865554809570313
-0.107330322265625 0.142196655273438 -0.184494018554688 0.110794067382813
-0.0911102294921875 0.148223876953125 -0.0867233276367188 0.110687255859375
-0.0475616455078125 0.15167236328125 -0.0249233245849609 0.0221805572509766
0.0133285522460937 0.138229370117188 -0.0391578674316406 -0.0269241333007812
0.0429534912109375 0.115089416503906 -0.0724411010742187 -0.0544891357421875
0.10577392578125 0.0798568725585938 -0.116729736328125 -0.0490570068359375
0.122360229492188 0.0367202758789063 -0.157470703125 -0.012451171875
0.1181640625 0.0305633544921875 -0.155960083007813 0.00471496582031247
0.137702941894531 0.0236282348632813 -0.139045715332031 0.013519287109375
0.117134094238281 0.04364013671875 -0.119476318359375 -0.015380859375
0.0966949462890625 0.091156005859375 -0.0916976928710937 -0.01580810546875
0.0640029907226563 0.111434936523438 -0.04547119140625 -0.0235214233398437
-0.0139923095703125 0.139961242675781 -0.00407099723815918 -0.000169515609741203
-0.0518951416015625 0.1551513671875 0.0120925903320312 0.0905914306640625
-0.0998382568359375 0.143447875976563 -0.04937744140625 0.142822265625
-0.0252265930175781 0.06805419921875 -0.216995239257813 0.154312133789062
-0.0225601196289063 0.0683517456054688 -0.10711669921875 0.142745971679687
0.000312805175781253 0.0448799133300781 -0.0324859619140625 0.0405731201171875
0.00618362426757813 0.0357246398925781 -0.0524406433105469 -0.0124664306640625
0.007965087890625 0.035888671875 -0.0802993774414062 -0.0476226806640625
0.0374870300292969 0.0350532531738281 -0.143508911132813 -0.0449066162109375
0.0461158752441406 0.0216178894042969 -0.192718505859375 -0.00416564941406252
0.0496673583984375 0.0172538757324219 -0.187225341796875 0.0106964111328125
0.0624046325683594 0.020294189453125 -0.172653198242188 0.00537109375000001
0.0485343933105469 0.0309791564941406 -0.138885498046875 -0.0316543579101563
0.0327301025390625 0.0495567321777344 -0.0924072265625 -0.0327606201171875
0.0155792236328125 0.0466423034667969 -0.0471229553222656 -0.025390625
-0.00662612915039062 0.0531120300292969 -0.0132036209106445 0.0109987258911133
-0.01715087890625 0.068939208984375 -0.0183639526367188 0.114036560058594
-0.0422286987304688 0.0705718994140625 -0.098052978515625 0.17529296875
-0.0328559875488281 -0.00371932983398437 0.10491943359375 -0.193099975585937
-0.0432624816894531 0.0140571594238281 0.049041748046875 -0.125595092773438
-0.0299797058105469 0.0342330932617188 0.00616264343261718 -0.0210685729980469
-0.00412178039550781 0.0346546173095703 0.0357208251953125 0.0342292785644531
0.0162925720214844 0.0278129577636719 0.0711517333984375 0.0615386962890625
0.0229644775390625 0.002960205078125 0.140426635742188 0.0463409423828125
0.0285606384277344 -0.0115642547607422 0.188690185546875 -0.000228881835937501
0.0243511199951172 -0.00564002990722656 0.182342529296875 -0.0156402587890625
0.0281734466552734 -0.0138339996337891 0.180404663085938 -0.0070037841796875
0.0395011901855469 -0.004486083984375 0.143600463867188 0.021636962890625
0.0467338562011719 0.0177154541015625 0.0835647583007813 0.0145111083984375
0.0310630798339844 0.0453872680664063 0.0525665283203125 -0.0144691467285156
-0.0134315490722656 0.0550880432128906 0.0526161193847656 -0.0652122497558594
-0.0335884094238281 0.0446357727050781 0.0973663330078125 -0.147537231445313
-0.0170383453369141 0.0186576843261719 0.245391845703125 -0.156036376953125
-0.109031677246094 0.0701980590820313 0.106094360351563 -0.1728515625
-0.1026611328125 0.0810470581054688 0.066070556640625 -0.113578796386719
-0.0787429809570312 0.11669921875 0.0107975006103516 -0.02813720703125
-0.00765228271484375 0.119491577148438 0.0308170318603516 0.0263004302978516
0.039093017578125 0.09912109375 0.0513916015625 0.0597496032714844
0.0844802856445313 0.04852294921875 0.122161865234375 0.0533370971679688
0.102767944335938 0.0062408447265625 0.168533325195313 0.00653076171875
0.095489501953125 0.008331298828125 0.155960083007812 -0.0166015625
0.109420776367187 -0.0089569091796875 0.155929565429688 -0.0117340087890625
0.111892700195312 0.00914764404296875 0.120170593261719 0.00583648681640625
0.114280700683594 0.0574874877929688 0.0601806640625 0.001495361328125
0.08599853515625 0.106880187988281 0.0380096435546875 -0.0297012329101562
-0.0111846923828125 0.149490356445313 0.0411224365234375 -0.0732269287109375
-0.0615386962890625 0.148513793945313 0.0888519287109375 -0.141799926757813
-0.0817489624023437 0.10614013671875 0.225296020507812 -0.151519775390625
-0.176422119140625 0.1309814453125 0.0765228271484375 -0.131179809570313
-0.158920288085937 0.138626098632813 0.0627899169921875 -0.08465576171875
-0.12841796875 0.189010620117188 0.0126724243164062 -0.029022216796875
-0.019378662109375 0.195297241210938 0.0251312255859375 0.0129203796386719
0.0493927001953125 0.164749145507813 0.0269279479980469 0.0425300598144531
0.131301879882813 0.0961837768554688 0.087860107421875 0.0455169677734375
0.161117553710938 0.0283050537109375 0.123527526855469 0.00791168212890625
0.150909423828125 0.022613525390625 0.107894897460938 -0.0147552490234375
0.172821044921875 -0.005889892578125 0.111564636230469 -0.00960540771484375
0.1683349609375 0.0156097412109375 0.0807418823242188 -0.0019378662109375
0.16937255859375 0.080780029296875 0.0289993286132813 -0.00258064270019531
0.137893676757812 0.143692016601563 0.0180587768554688 -0.0355567932128906
0.00755310058593751 0.217681884765625 0.0277023315429688 -0.0714569091796875
-0.065704345703125 0.229293823242188 0.0788040161132812 -0.114891052246094
-0.125457763671875 0.179489135742188 0.186019897460938 -0.119049072265625
-0.210006713867187 0.1766357421875 0.0211944580078125 -0.0818710327148437
-0.193710327148437 0.182098388671875 0.03704833984375 -0.043609619140625
-0.155731201171875 0.240386962890625 0.00977516174316405 -0.0244159698486328
-0.025909423828125 0.24786376953125 0.016636848449707 -0.00302791595458983
0.056549072265625 0.212356567382813 0.00335025787353516 0.0154361724853516
0.163253784179688 0.131332397460938 0.04425048828125 0.0207939147949219
0.198532104492188 0.044891357421875 0.0587425231933594 0.000194549560546878
0.1856689453125 0.0326690673828125 0.0414962768554688 -0.0127677917480469
0.213470458984375 -0.0029144287109375 0.0503196716308594 -0.0018157958984375
0.20257568359375 0.019561767578125 0.0274906158447266 -0.00338172912597656
0.202682495117188 0.09625244140625 -0.00867938995361327 -0.00315380096435546
0.166702270507813 0.162246704101563 -0.00314903259277343 -0.0342483520507812
0.0229339599609375 0.252685546875 0.0165824890136719 -0.0575065612792969
-0.0620574951171875 0.270782470703125 0.066192626953125 -0.0682945251464844
-0.143844604492188 0.22283935546875 0.133323669433594 -0.0586395263671875
-0.20916748046875 0.198928833007813 -0.0492515563964844 -0.0186996459960937
-0.1932373046875 0.206344604492188 -0.00225925445556642 0.00830316543579103
-0.14617919921875 0.260345458984375 0.00118827819824218 -0.0124874114990234
-0.0154266357421875 0.260818481445312 0.00200271606445313 -0.0195140838623047
0.062530517578125 0.221054077148438 -0.0245418548583984 -0.0164737701416015
0.172454833984375 0.139450073242188 -0.0117464065551758 -0.0099496841430664
0.20538330078125 0.0509796142578125 -0.0186634063720703 -0.00911331176757812
0.191543579101563 0.0368499755859375 -0.0314369201660156 -0.00712013244628906
0.220138549804688 0.003936767578125 -0.018075942993164 0.00870323181152344
0.204132080078125 0.027374267578125 -0.0296592712402344 -0.00139236450195313
0.199493408203125 0.104812622070312 -0.0448951721191406 -0.000469207763671871
0.161834716796875 0.164474487304688 -0.0225334167480469 -0.0282077789306641
0.0227508544921875 0.250274658203125 0.0098724365234375 -0.0378913879394531
-0.0596771240234375 0.269989013671875 0.0545806884765625 -0.0110206604003906
-0.145980834960938 0.231307983398438 0.0745391845703125 0.0149765014648438
-0.171981811523438 0.187057495117188 -0.123260498046875 0.0500259399414063
-0.152511596679688 0.19598388671875 -0.04742431640625 0.0635986328125
-0.103469848632813 0.230026245117188 -0.0117158889770508 0.00414085388183595
0.003631591796875 0.22113037109375 -0.0182132720947266 -0.0288944244384766
0.0611114501953125 0.183990478515625 -0.0524520874023437 -0.0427894592285156
0.153091430664063 0.118194580078125 -0.070343017578125 -0.0359649658203125
0.177963256835938 0.0464324951171875 -0.0954513549804688 -0.0127792358398437
0.167984008789063 0.0355377197265625 -0.100151062011719 0.000839233398437518
0.1929931640625 0.0126953125 -0.0834884643554687 0.01654052734375
0.172683715820312 0.0370025634765625 -0.0802841186523437 -0.00297546386718749
0.160140991210938 0.103775024414063 -0.0737380981445312 -0.00267791748046873
0.122360229492188 0.146987915039062 -0.0377769470214844 -0.0228958129882812
0.00491333007812501 0.2098388671875 0.00342750549316406 -0.0175590515136719
-0.058074951171875 0.227874755859375 0.0392990112304687 0.0451393127441406
-0.132781982421875 0.20166015625 0.01275634765625 0.0863265991210938
-0.103744506835937 0.141860961914063 -0.180130004882813 0.112319946289063
-0.0869293212890625 0.148086547851563 -0.0834808349609375 0.111602783203125
-0.0447845458984375 0.1514892578125 -0.0253486633300781 0.0228652954101563
0.0156021118164062 0.136077880859375 -0.0392532348632812 -0.0255050659179688
0.0442733764648438 0.114402770996094 -0.073089599609375 -0.0515365600585937
0.106239318847656 0.0769500732421875 -0.116989135742188 -0.046630859375
0.122222900390625 0.0337371826171875 -0.15673828125 -0.00947570800781251
0.117835998535156 0.0281982421875 -0.155319213867188 0.00880432128906251
0.136611938476563 0.0191802978515625 -0.13763427734375 0.0160369873046875
0.116203308105469 0.040740966796875 -0.119224548339844 -0.0130691528320313
0.0976333618164063 0.0872116088867188 -0.0901412963867187 -0.0141448974609375
0.0660324096679688 0.107307434082031 -0.0463142395019531 -0.0220794677734375
-0.011077880859375 0.138862609863281 -0.00462675094604492 -5.34057617187421E-05
-0.047760009765625 0.15484619140625 0.0139694213867187 0.08941650390625
-0.0975189208984375 0.143997192382813 -0.0465240478515625 0.1434326171875
-0.0233955383300781 0.0666351318359375 -0.2125244140625 0.15753173828125
-0.0206375122070313 0.0681800842285156 -0.103179931640625 0.144989013671875
0.000782012939453123 0.0443649291992187 -0.0317344665527344 0.0409660339355469
0.00657272338867187 0.0354766845703125 -0.0520362854003906 -0.0104713439941406
0.0079345703125 0.0358428955078125 -0.0803680419921875 -0.0455169677734375
0.0384368896484375 0.0340652465820313 -0.143447875976563 -0.0416717529296875
0.0460891723632813 0.0207099914550781 -0.191925048828125 4.5776367187479E-05
0.0496749877929688 0.0161552429199219 -0.185440063476563 0.0153350830078125
0.0619163513183594 0.0183906555175781 -0.170806884765625 0.00859069824218747
0.0486488342285156 0.029815673828125 -0.138420104980469 -0.028717041015625
0.0333709716796875 0.048187255859375 -0.0909042358398437 -0.0311355590820312
0.0162086486816406 0.0453147888183594 -0.0469818115234375 -0.0244331359863281
-0.0057525634765625 0.0520820617675781 -0.013676643371582 0.0115890502929688
-0.0157814025878906 0.0677680969238281 -0.0157852172851562 0.114273071289063
-0.0417404174804688 0.0707168579101563 -0.093780517578125 0.177093505859375
-0.0338935852050781 -0.00421333312988282 0.106201171875 -0.197906494140625
-0.0422286987304687 0.0137710571289063 0.0503005981445313 -0.129608154296875
-0.0294933319091797 0.0346088409423828 0.006072998046875 -0.0219173431396484
-0.00343704223632812 0.0354080200195313 0.0367774963378906 0.0335960388183594
0.017822265625 0.0280132293701172 0.0716094970703125 0.0614395141601562
0.0232067108154297 0.00226593017578125 0.142166137695313 0.045654296875
0.0276641845703125 -0.0130405426025391 0.191665649414063 -0.0015106201171875
0.0242557525634766 -0.00623321533203125 0.184097290039063 -0.017120361328125
0.0284328460693359 -0.0139217376708984 0.182510375976563 -0.008392333984375
0.0395622253417969 -0.00535964965820313 0.145263671875 0.021697998046875
0.0471343994140625 0.0166702270507813 0.0838165283203125 0.0149993896484375
0.0315322875976563 0.0458908081054688 0.0532569885253906 -0.015380859375
-0.0129051208496094 0.0562820434570312 0.0540084838867188 -0.0663032531738281
-0.0332107543945312 0.0464439392089844 0.0992431640625 -0.150405883789063
-0.0170669555664062 0.0189437866210938 0.247467041015625 -0.160736083984375
-0.110755920410156 0.0699462890625 0.107009887695313 -0.177352905273438
-0.102226257324219 0.0809402465820312 0.0679244995117188 -0.118675231933594
-0.0792007446289063 0.118255615234375 0.0101394653320312 -0.0288963317871094
-0.00704956054687499 0.119583129882813 0.0308132171630859 0.0258121490478516
0.0402450561523437 0.099517822265625 0.0513038635253906 0.0602912902832031
0.0849380493164063 0.0473785400390625 0.124137878417969 0.0527496337890625
0.10296630859375 0.0044097900390625 0.171127319335938 0.00439453125
0.0961685180664063 0.00734710693359375 0.157562255859375 -0.0176849365234375
0.110084533691406 -0.0104598999023438 0.15777587890625 -0.01312255859375
0.112030029296875 0.00823974609375 0.121315002441406 0.0055999755859375
0.115638732910156 0.05615234375 0.0602912902832031 0.0015716552734375
0.0877532958984375 0.106941223144531 0.0379829406738281 -0.0302162170410156
-0.0100860595703125 0.15228271484375 0.042633056640625 -0.0744171142578125
-0.0598602294921875 0.151138305664063 0.0905609130859375 -0.145156860351563
-0.0819778442382813 0.107719421386719 0.226776123046875 -0.155120849609375
-0.178558349609375 0.131851196289063 0.0774993896484375 -0.135597229003906
-0.159439086914062 0.138656616210938 0.0646438598632812 -0.0894393920898437
-0.129440307617188 0.191253662109375 0.0118694305419922 -0.0296897888183594
-0.0186309814453125 0.1959228515625 0.0253887176513672 0.0122413635253906
0.050689697265625 0.166671752929688 0.0271797180175781 0.0443878173828125
0.132667541503906 0.09503173828125 0.0899581909179688 0.0450057983398438
0.1624755859375 0.025970458984375 0.125099182128906 0.00572967529296875
0.153182983398437 0.021759033203125 0.108367919921875 -0.0158538818359375
0.174072265625 -0.0085601806640625 0.1129150390625 -0.0112686157226563
0.169189453125 0.0138397216796875 0.0815048217773438 -0.00196075439453125
0.171401977539063 0.0788726806640625 0.028839111328125 -0.00248336791992187
0.139373779296875 0.143768310546875 0.0173606872558594 -0.0361824035644531
0.009796142578125 0.221298217773437 0.0284423828125 -0.0724868774414062
-0.0632171630859375 0.232192993164063 0.0807571411132813 -0.117698669433594
-0.126922607421875 0.182235717773438 0.1871337890625 -0.121475219726562
-0.212356567382813 0.177703857421875 0.0221176147460937 -0.0849990844726562
-0.194686889648437 0.182525634765625 0.0390052795410156 -0.0476722717285156
-0.157119750976563 0.243911743164063 0.00963973999023436 -0.0249252319335937
-0.0246429443359375 0.250137329101563 0.016688346862793 -0.0036344528198242
0.05792236328125 0.215301513671875 0.00348281860351563 0.0167789459228516
0.164703369140625 0.130996704101563 0.0450859069824219 0.019927978515625
0.2000732421875 0.0428619384765625 0.0593948364257813 -0.00187301635742187
0.18804931640625 0.0313568115234375 0.0408935546875 -0.0130043029785156
0.214263916015625 -0.0060882568359375 0.0508079528808594 -0.00300216674804688
0.20355224609375 0.0177001953125 0.0276165008544922 -0.003143310546875
0.204574584960938 0.0941619873046875 -0.00872230529785155 -0.00268030166625976
0.169586181640625 0.161895751953125 -0.0042743682861328 -0.0347061157226562
0.0257110595703125 0.256820678710938 0.0171623229980469 -0.0584335327148437
-0.0596160888671875 0.274169921875 0.0680389404296875 -0.0705795288085937
-0.145889282226563 0.226760864257813 0.133926391601563 -0.0600509643554687
-0.2119140625 0.200057983398437 -0.0489959716796875 -0.0205421447753906
-0.193572998046875 0.20782470703125 -0.000856399536132824 0.006314754486084
-0.147567749023438 0.26531982421875 0.000453948974609366 -0.0129070281982422
-0.01422119140625 0.262893676757812 0.00218963623046875 -0.0190963745117187
0.0643310546875 0.224700927734375 -0.0248451232910156 -0.0153446197509765
0.174850463867188 0.138992309570313 -0.0105829238891601 -0.0105218887329101
0.207107543945312 0.049072265625 -0.0190067291259765 -0.0100688934326172
0.194244384765625 0.0360870361328125 -0.0328598022460937 -0.00658798217773437
0.221694946289062 0.0002593994140625 -0.0182266235351562 0.00797462463378906
0.205352783203125 0.0255279541015625 -0.0299835205078125 -0.00132942199707031
0.201156616210938 0.1025390625 -0.0452117919921875 -0.000343322753906249
0.164093017578125 0.163803100585938 -0.0235519409179687 -0.027933120727539
0.024810791015625 0.253692626953125 0.00952529907226563 -0.0383758544921875
-0.0575714111328125 0.274139404296875 0.0564384460449219 -0.0125885009765625
-0.14801025390625 0.235443115234375 0.074462890625 0.0154647827148438
-0.173553466796875 0.188003540039063 -0.123886108398438 0.0499267578125
-0.153228759765625 0.197830200195313 -0.0461044311523438 0.0631141662597656
-0.104171752929687 0.233978271484375 -0.0127668380737305 0.00426673889160158
0.00468444824218748 0.22186279296875 -0.0182533264160156 -0.0282840728759765
0.062286376953125 0.187164306640625 -0.0532875061035156 -0.0416946411132812
0.15496826171875 0.11810302734375 -0.070343017578125 -0.03631591796875
0.179611206054688 0.0449981689453125 -0.0973052978515625 -0.0126113891601563
0.169921875 0.0350494384765625 -0.10235595703125 0.0016326904296875
0.194244384765625 0.0098114013671875 -0.0838775634765625 0.0163650512695313
0.1741943359375 0.0353240966796875 -0.0814361572265625 -0.00266265869140624
0.161590576171875 0.102447509765625 -0.0743637084960938 -0.00232696533203123
0.124160766601563 0.146621704101563 -0.0389251708984375 -0.0226058959960937
0.006439208984375 0.212738037109375 0.00323009490966797 -0.0173244476318359
-0.0565643310546875 0.230239868164063 0.0407676696777344 0.0450439453125
-0.134628295898438 0.204803466796875 0.0129852294921875 0.0882110595703125
-0.104843139648438 0.142684936523438 -0.181350708007813 0.113922119140625
-0.0876922607421875 0.1494140625 -0.08282470703125 0.112701416015625
-0.0450286865234375 0.154022216796875 -0.0259971618652344 0.0231704711914063
0.0166778564453125 0.136917114257812 -0.0395698547363281 -0.0246200561523437
0.0454635620117187 0.116661071777344 -0.073822021484375 -0.0511627197265625
0.108230590820313 0.0776290893554687 -0.11773681640625 -0.046966552734375
0.12420654296875 0.03326416015625 -0.159500122070313 -0.00845336914062501
0.119354248046875 0.0276565551757813 -0.157302856445313 0.010528564453125
0.137886047363281 0.017303466796875 -0.138740539550781 0.01708984375
0.116844177246094 0.0396041870117187 -0.120407104492188 -0.0129547119140625
0.0986862182617188 0.0863113403320313 -0.0909271240234375 -0.0142135620117188
0.0671157836914063 0.107040405273438 -0.0467338562011719 -0.0217552185058594
-0.010406494140625 0.140312194824219 -0.0052785873413086 0.000873565673828133
-0.0471954345703125 0.156387329101563 0.01519775390625 0.0901031494140625
-0.09869384765625 0.146347045898438 -0.04638671875 0.146682739257813
-0.0236854553222656 0.0667152404785156 -0.214035034179687 0.160491943359375
-0.0201759338378906 0.0689849853515625 -0.10302734375 0.147216796875
0.000598907470703128 0.0448951721191406 -0.0327224731445312 0.0413284301757813
0.00679397583007813 0.0353660583496094 -0.0520553588867188 -0.00911331176757812
0.00872802734375 0.0371170043945313 -0.0811004638671875 -0.0453948974609375
0.0393943786621094 0.0348587036132813 -0.144805908203125 -0.041259765625
0.0475959777832031 0.0210342407226562 -0.194610595703125 0.00195312500000002
0.0504379272460938 0.0163116455078125 -0.187210083007813 0.017303466796875
0.0625953674316406 0.0177345275878906 -0.172607421875 0.010009765625
0.049560546875 0.0291481018066406 -0.139671325683594 -0.0290069580078125
0.0339775085449219 0.0482292175292969 -0.0916290283203125 -0.0315933227539062
0.0164833068847656 0.0449409484863281 -0.0474319458007813 -0.0239524841308594
-0.00530242919921876 0.0524940490722656 -0.0144529342651367 0.0125455856323242
-0.0154838562011719 0.0683212280273437 -0.0156784057617188 0.115699768066406
-0.0424118041992187 0.0714645385742188 -0.0934600830078125 0.181121826171875
-0.03558349609375 -0.00428390502929687 0.10650634765625 -0.207717895507813
-0.0426483154296875 0.013916015625 0.0504837036132813 -0.137252807617188
-0.02984619140625 0.0357284545898438 0.00549697875976562 -0.0227069854736328
-0.00273513793945312 0.0365562438964844 0.0384407043457031 0.0329627990722656
0.0194187164306641 0.0272598266601562 0.0742034912109375 0.0625534057617188
0.0232868194580078 0.00057220458984375 0.146743774414063 0.0449066162109375
0.0274486541748047 -0.0149612426757813 0.197860717773438 -0.0052947998046875
0.0249214172363281 -0.00666046142578125 0.190322875976563 -0.0202178955078125
0.0286788940429688 -0.0149822235107422 0.18878173828125 -0.0115509033203125
0.0401344299316406 -0.00662612915039063 0.150863647460938 0.0209503173828125
0.049346923828125 0.0159378051757813 0.0860214233398437 0.01495361328125
0.03375244140625 0.0467758178710938 0.0541191101074219 -0.0164527893066406
-0.0119209289550781 0.0594520568847656 0.0566215515136719 -0.0693359375
-0.0324935913085938 0.049163818359375 0.100906372070313 -0.157577514648438
-0.0170383453369141 0.0193252563476563 0.2537841796875 -0.169998168945313
-0.114166259765625 0.0729522705078125 0.10894775390625 -0.187210083007813
-0.103927612304688 0.0832748413085938 0.0692367553710938 -0.126060485839844
-0.0805435180664063 0.123146057128906 0.0100021362304687 -0.0297183990478516
-0.00526428222656249 0.123069763183594 0.0319156646728516 0.0250759124755859
0.0436935424804688 0.102134704589844 0.0530052185058594 0.0618400573730469
0.0879135131835938 0.0462265014648438 0.128471374511719 0.0519943237304688
0.104957580566406 0.001556396484375 0.17694091796875 0.0008697509765625
0.0994186401367188 0.0061798095703125 0.161865234375 -0.02069091796875
0.112907409667969 -0.0131759643554687 0.162918090820312 -0.0168609619140625
0.114990234375 0.00616455078125 0.125244140625 0.004913330078125
0.119659423828125 0.0552597045898437 0.0619544982910156 0.00145339965820313
0.0923233032226563 0.108589172363281 0.0384559631347656 -0.0315780639648437
-0.00790405273437499 0.158660888671875 0.0447235107421875 -0.07806396484375
-0.05816650390625 0.15740966796875 0.092987060546875 -0.152023315429688
-0.0835647583007813 0.11236572265625 0.232406616210937 -0.163558959960937
-0.183731079101563 0.137542724609375 0.0789642333984375 -0.142822265625
-0.162307739257813 0.143356323242188 0.066253662109375 -0.09625244140625
-0.13104248046875 0.199478149414062 0.0120334625244141 -0.0304946899414062
-0.0157470703125 0.201187133789063 0.0261363983154297 0.0113658905029297
0.05450439453125 0.171661376953125 0.0280609130859375 0.0462188720703125
0.137123107910156 0.0953903198242188 0.094085693359375 0.044464111328125
0.1663818359375 0.023162841796875 0.129020690917969 0.00350189208984375
0.15814208984375 0.0202484130859375 0.111335754394531 -0.0176620483398438
0.1790771484375 -0.0128173828125 0.116523742675781 -0.0139999389648438
0.173614501953125 0.011322021484375 0.0839004516601563 -0.00279998779296875
0.177139282226563 0.0780487060546875 0.0296382904052734 -0.00257301330566406
0.145751953125 0.145309448242188 0.0167198181152344 -0.037078857421875
0.0133209228515625 0.230224609375 0.0298385620117187 -0.0755996704101562
-0.060882568359375 0.240829467773437 0.0827102661132812 -0.124488830566406
-0.129318237304687 0.190643310546875 0.191375732421875 -0.128097534179688
-0.218490600585938 0.184341430664062 0.0219802856445312 -0.0904083251953125
-0.19866943359375 0.188934326171875 0.04052734375 -0.0527687072753906
-0.15911865234375 0.25439453125 0.00898551940917968 -0.0258464813232422
-0.0222320556640625 0.25726318359375 0.0174446105957031 -0.00394344329833983
0.0627593994140625 0.222686767578125 0.00403976440429688 0.0186386108398438
0.171310424804688 0.132049560546875 0.0481758117675781 0.0190620422363281
0.2064208984375 0.0405426025390625 0.0606765747070313 -0.003692626953125
0.194580078125 0.030303955078125 0.0412063598632813 -0.0137672424316406
0.220550537109375 -0.0113525390625 0.0528831481933594 -0.00424957275390625
0.209457397460938 0.014801025390625 0.028402328491211 -0.003509521484375
0.211883544921875 0.0926971435546875 -0.00899696350097655 -0.00202465057373046
0.176864624023438 0.164321899414063 -0.00546073913574217 -0.0347309112548828
0.030853271484375 0.265472412109375 0.0181198120117188 -0.0607986450195312
-0.05615234375 0.284576416015625 0.070220947265625 -0.0754623413085938
-0.148468017578125 0.236572265625 0.136528015136719 -0.0637741088867187
-0.217697143554687 0.207809448242188 -0.0508193969726563 -0.02264404296875
-0.197723388671875 0.215423583984375 -7.51018524170039E-05 0.00380754470825197
-0.149642944335938 0.276931762695313 -0.00034046173095704 -0.0132532119750976
-0.0117645263671875 0.271072387695312 0.00229263305664062 -0.0203762054443359
0.069793701171875 0.232711791992188 -0.0250873565673828 -0.0140933990478516
0.181808471679687 0.140670776367188 -0.0108118057250976 -0.0117454528808594
0.214599609375 0.046356201171875 -0.0207138061523437 -0.0112056732177734
0.201492309570313 0.034393310546875 -0.0353622436523437 -0.00608444213867188
0.22869873046875 -0.0049591064453125 -0.0185413360595703 0.008270263671875
0.211181640625 0.0227508544921875 -0.031198501586914 -0.00100326538085937
0.208602905273437 0.10162353515625 -0.046417236328125 0.000850677490234383
0.171783447265625 0.16571044921875 -0.0253887176513672 -0.0275421142578125
0.0298309326171875 0.262985229492188 0.0097808837890625 -0.0394744873046875
-0.054046630859375 0.283660888671875 0.0589561462402344 -0.0148239135742187
-0.151290893554688 0.245391845703125 0.0763320922851562 0.0156326293945313
-0.17816162109375 0.195175170898437 -0.127128601074219 0.051361083984375
-0.156341552734375 0.204681396484375 -0.0466423034667969 0.0640144348144531
-0.1051025390625 0.24407958984375 -0.0141420364379883 0.00509262084960939
0.00769042968750001 0.229171752929687 -0.0191898345947266 -0.0285511016845703
0.0674591064453125 0.194244384765625 -0.0550651550292969 -0.0409927368164062
0.161453247070313 0.119644165039063 -0.0721435546875 -0.0377273559570313
0.186996459960938 0.042938232421875 -0.101913452148437 -0.0123748779296875
0.176605224609375 0.0340118408203125 -0.106857299804687 0.004302978515625
0.199172973632813 0.005706787109375 -0.0867767333984375 0.0175704956054687
0.178955078125 0.03369140625 -0.0845413208007812 -0.00168609619140624
0.167816162109375 0.101638793945313 -0.0762710571289062 -0.000808715820312493
0.130340576171875 0.148605346679688 -0.0405769348144531 -0.021575927734375
0.010345458984375 0.220809936523438 0.00289344787597656 -0.0175046920776367
-0.0540618896484375 0.238067626953125 0.0434989929199219 0.0453414916992188
-0.137619018554687 0.213485717773438 0.0142898559570312 0.09228515625
-0.10711669921875 0.146926879882813 -0.185836791992187 0.11956787109375
-0.0881805419921875 0.154861450195313 -0.083770751953125 0.116996765136719
-0.0444488525390625 0.16082763671875 -0.0278434753417969 0.0244884490966797
0.0188140869140625 0.140625 -0.0407829284667969 -0.0241012573242187
0.0489730834960938 0.1204833984375 -0.0759506225585938 -0.051361083984375
0.112838745117188 0.078369140625 -0.1219482421875 -0.0476608276367188
0.129226684570313 0.0317535400390625 -0.165573120117188 -0.0061798095703125
0.123558044433594 0.0268020629882813 -0.162948608398437 0.0142974853515625
0.141876220703125 0.0151214599609375 -0.14312744140625 0.0194854736328125
0.121559143066406 0.0390853881835938 -0.125007629394531 -0.0121078491210937
0.102607727050781 0.0868988037109375 -0.093109130859375 -0.0131988525390625
0.06976318359375 0.10894775390625 -0.0488510131835937 -0.0212593078613281
-0.00840759277343749 0.145294189453125 -0.00553035736083985 0.00119829177856446
-0.046142578125 0.161666870117188 0.0170364379882812 0.0932693481445313
-0.101318359375 0.152877807617188 -0.04583740234375 0.15411376953125
-0.0246238708496094 0.0681228637695313 -0.218154907226563 0.168807983398438
-0.0192337036132813 0.0712051391601563 -0.103775024414063 0.154998779296875
0.00130081176757813 0.0471000671386719 -0.0342216491699219 0.0437469482421875
0.00760269165039063 0.0365219116210937 -0.0533866882324219 -0.00807571411132812
0.00985336303710938 0.0391159057617188 -0.0835494995117188 -0.0458755493164063
0.0414657592773438 0.0357475280761719 -0.149917602539063 -0.0416717529296875
0.0501289367675781 0.0211448669433594 -0.201675415039063 0.00624084472656254
0.0518035888671875 0.0162925720214844 -0.19305419921875 0.0217742919921875
0.0646286010742187 0.0171165466308594 -0.177322387695313 0.013153076171875
0.0518951416015625 0.0292549133300781 -0.145004272460938 -0.028900146484375
0.03546142578125 0.0491447448730469 -0.0942611694335937 -0.0315399169921875
0.017852783203125 0.0457763671875 -0.0489692687988281 -0.0237388610839844
-0.005279541015625 0.0542030334472656 -0.0150823593139648 0.0143709182739258
-0.0156097412109375 0.070648193359375 -0.013885498046875 0.120445251464844
-0.0440750122070312 0.0745391845703125 -0.0940093994140625 0.189987182617188
-0.0378684997558594 -0.00319290161132812 0.103103637695313 -0.221649169921875
-0.04296875 0.0150527954101563 0.0475311279296875 -0.147811889648438
-0.0298576354980469 0.0384941101074219 0.00525856018066406 -0.0240802764892578
-0.00117111206054687 0.0378837585449219 0.0410041809082031 0.0311737060546875
0.022186279296875 0.0273818969726563 0.0782852172851563 0.06207275390625
0.0233268737792969 -0.00043487548828125 0.153182983398438 0.04156494140625
0.0264072418212891 -0.0168228149414063 0.20526123046875 -0.013641357421875
0.0250358581542969 -0.00776863098144531 0.19708251953125 -0.02886962890625
0.0289325714111328 -0.0170040130615234 0.196365356445312 -0.0191497802734375
0.0405235290527344 -0.00814437866210937 0.157958984375 0.017181396484375
0.051422119140625 0.0142745971679688 0.0904769897460938 0.013641357421875
0.03680419921875 0.0473403930664063 0.0560264587402344 -0.0190658569335937
-0.00930404663085938 0.0629615783691406 0.0570831298828125 -0.0751724243164063
-0.030609130859375 0.0531005859375 0.100265502929688 -0.16851806640625
-0.0168361663818359 0.0206851959228516 0.257827758789063 -0.18701171875
-0.1171875 0.0795440673828125 0.1060791015625 -0.200302124023438
-0.10455322265625 0.0883865356445313 0.0667495727539063 -0.137290954589844
-0.0792617797851562 0.1314697265625 0.00951766967773437 -0.0316028594970703
-0.000579833984375013 0.127639770507813 0.0339260101318359 0.0234775543212891
0.049407958984375 0.104255676269531 0.0565834045410156 0.0630836486816406
0.0916519165039063 0.0437164306640625 0.135673522949219 0.0494155883789062
0.107124328613281 -0.0030059814453125 0.183303833007813 -0.0065765380859375
0.103927612304687 0.00225830078125 0.167953491210938 -0.0275421142578125
0.116111755371094 -0.0192642211914063 0.16925048828125 -0.023651123046875
0.118423461914063 0.00246429443359375 0.130897521972656 0.0018157958984375
0.126182556152344 0.0518798828125 0.0643119812011719 0.000255584716796878
0.0997161865234375 0.109138488769531 0.0384712219238281 -0.0337295532226562
-0.000854492187499997 0.166275024414062 0.0450820922851563 -0.0830764770507812
-0.0524139404296875 0.166000366210938 0.0915069580078125 -0.163528442382813
-0.0829315185546875 0.120391845703125 0.235275268554688 -0.179428100585937
-0.187759399414063 0.149505615234375 0.0769805908203125 -0.153518676757813
-0.16400146484375 0.152023315429687 0.0654678344726563 -0.106491088867187
-0.1292724609375 0.213363647460938 0.0114307403564453 -0.0320167541503906
-0.00935363769531249 0.209259033203125 0.0276012420654297 0.0102996826171875
0.0633087158203125 0.177093505859375 0.0306320190429688 0.0479507446289063
0.144699096679688 0.093292236328125 0.0998992919921875 0.0418319702148438
0.172454833984375 0.0170135498046875 0.133590698242188 -0.0032501220703125
0.165420532226563 0.014984130859375 0.114418029785156 -0.0223617553710938
0.184234619140625 -0.021331787109375 0.121513366699219 -0.01953125
0.179656982421875 0.004486083984375 0.0873565673828125 -0.00547027587890625
0.186767578125 0.0732574462890625 0.0305957794189453 -0.00292396545410156
0.156967163085938 0.145034790039063 0.0162506103515625 -0.0390968322753906
0.02410888671875 0.239334106445313 0.029998779296875 -0.0807113647460937
-0.051513671875 0.252593994140625 0.0818557739257812 -0.134483337402344
-0.128250122070313 0.203460693359375 0.194290161132812 -0.1405029296875
-0.222869873046875 0.1995849609375 0.0197830200195312 -0.096649169921875
-0.200164794921875 0.201034545898438 0.0407066345214844 -0.0595664978027344
-0.157684326171875 0.272537231445313 0.00804710388183593 -0.0263328552246094
-0.014404296875 0.267471313476562 0.0177192687988281 -0.00517654418945311
0.0738983154296875 0.230850219726563 0.00527191162109375 0.0206050872802735
0.181686401367188 0.129928588867188 0.0516357421875 0.0169258117675781
0.21490478515625 0.032623291015625 0.0615997314453125 -0.00767135620117187
0.203598022460938 0.0230712890625 0.0412826538085938 -0.0154266357421875
0.227645874023437 -0.0217742919921875 0.0551261901855469 -0.00749588012695313
0.216644287109375 0.00665283203125 0.0296077728271485 -0.00438690185546875
0.22283935546875 0.087127685546875 -0.00949096679687499 -0.00123023986816406
0.18994140625 0.162857055664063 -0.00696182250976562 -0.0351829528808594
0.043182373046875 0.276840209960938 0.0172348022460938 -0.0642242431640625
-0.045135498046875 0.2974853515625 0.0710296630859375 -0.0824508666992187
-0.147628784179687 0.252609252929688 0.140098571777344 -0.0709915161132813
-0.221298217773438 0.2232666015625 -0.053802490234375 -0.0228652954101562
-0.199188232421875 0.2293701171875 0.000550985336303699 0.00163161754608156
-0.14605712890625 0.295440673828125 -0.00142574310302735 -0.0124015808105469
-0.00228881835937499 0.281707763671875 0.0020751953125 -0.0205974578857422
0.0811309814453125 0.241867065429688 -0.0264091491699219 -0.0127315521240234
0.193984985351563 0.138885498046875 -0.0100927352905273 -0.0133686065673828
0.2242431640625 0.0389404296875 -0.0230865478515625 -0.0113487243652344
0.210845947265625 0.0281219482421875 -0.0382499694824219 -0.00429153442382813
0.234832763671875 -0.0152130126953125 -0.0187568664550781 0.0080413818359375
0.219207763671875 0.0144805908203125 -0.032562255859375 0.000204086303710934
0.2200927734375 0.0961456298828125 -0.0489616394042969 0.00293731689453126
0.184661865234375 0.164291381835937 -0.0274639129638672 -0.0275917053222656
0.041717529296875 0.273239135742188 0.00905990600585937 -0.0416450500488281
-0.043670654296875 0.296539306640625 0.0614204406738281 -0.0183486938476562
-0.1505126953125 0.261917114257813 0.0797882080078125 0.0142364501953125
-0.181045532226563 0.20806884765625 -0.130882263183594 0.05767822265625
-0.15618896484375 0.217926025390625 -0.0453453063964844 0.0668792724609375
-0.101165771484375 0.258956909179688 -0.0152387619018555 0.0067567825317383
0.01605224609375 0.237411499023438 -0.0207233428955078 -0.0282020568847656
0.0778045654296875 0.201675415039063 -0.0575675964355469 -0.0401039123535156
0.172409057617188 0.117477416992188 -0.0754776000976562 -0.0377578735351563
0.196075439453125 0.035980224609375 -0.107185363769531 -0.00868988037109373
0.185089111328125 0.0287933349609375 -0.11181640625 0.00913238525390623
0.206283569335938 -0.0032501220703125 -0.0888671875 0.0208282470703125
0.186111450195313 0.0276947021484375 -0.088165283203125 0.00128936767578125
0.17779541015625 0.098876953125 -0.07952880859375 0.00210571289062502
0.140518188476563 0.148956298828125 -0.0432815551757812 -0.0202674865722656
0.019561767578125 0.229583740234375 0.00278282165527344 -0.0178432464599609
-0.046478271484375 0.24945068359375 0.0476226806640625 0.0448799133300781
-0.136581420898437 0.228439331054688 0.017852783203125 0.0967178344726563
-0.107925415039063 0.156051635742188 -0.189010620117188 0.130111694335938
-0.0864410400390625 0.163101196289063 -0.08172607421875 0.124008178710938
-0.0414276123046875 0.169540405273438 -0.0286178588867188 0.0279788970947266
0.0252227783203125 0.145706176757813 -0.0429039001464844 -0.0224723815917969
0.0556411743164063 0.125144958496094 -0.0796356201171875 -0.0500640869140625
0.120620727539063 0.0769119262695313 -0.127670288085938 -0.046295166015625
0.136436462402344 0.027130126953125 -0.173324584960938 0.000488281250000019
0.130126953125 0.0235214233398438 -0.168975830078125 0.0218353271484375
0.146713256835938 0.0094146728515625 -0.14776611328125 0.025482177734375
0.1265869140625 0.035491943359375 -0.13067626953125 -0.00804138183593749
0.109848022460938 0.0860748291015625 -0.097381591796875 -0.0107192993164063
0.076629638671875 0.110084533691406 -0.0513954162597656 -0.0190620422363281
-0.00384521484374999 0.15167236328125 -0.00558567047119141 0.00249624252319337
-0.041259765625 0.169281005859375 0.0223007202148438 0.0961761474609375
-0.101470947265625 0.163223266601563 -0.0417327880859375 0.163986206054687
-0.0241470336914063 0.0707321166992187 -0.220535278320313 0.18359375
-0.0176620483398438 0.0752639770507813 -0.10150146484375 0.164581298828125
0.00227737426757812 0.0493698120117187 -0.0348701477050781 0.0476036071777344
0.0090789794921875 0.0381240844726563 -0.0554313659667969 -0.00500106811523437
0.0120468139648437 0.0414657592773437 -0.0873947143554688 -0.0445632934570312
0.0451469421386719 0.035430908203125 -0.156585693359375 -0.03826904296875
0.0535964965820313 0.0199699401855469 -0.209930419921875 0.0156402587890625
0.0547142028808594 0.01507568359375 -0.200088500976563 0.0309295654296875
0.0673294067382813 0.0151939392089844 -0.184783935546875 0.0208892822265625
0.0549049377441406 0.0283088684082031 -0.152969360351563 -0.02490234375
0.0380287170410156 0.0496978759765625 -0.0988922119140625 -0.0295562744140625
0.0194053649902344 0.0470085144042969 -0.0517082214355469 -0.0222015380859375
-0.0042877197265625 0.0565872192382813 -0.0153045654296875 0.0163717269897461
-0.0143203735351562 0.0735244750976563 -0.00943756103515625 0.126373291015625
-0.04412841796875 0.08013916015625 -0.090087890625 0.203262329101563
-0.0400009155273438 -0.000774383544921873 0.09185791015625 -0.234039306640625
-0.0432167053222656 0.0163040161132813 0.03814697265625 -0.156661987304688
-0.028289794921875 0.0411872863769531 0.00448036193847656 -0.0251522064208984
0.00176239013671875 0.0384635925292969 0.0432472229003906 0.0280265808105469
0.0248241424560547 0.0253829956054687 0.0830001831054688 0.0593490600585937
0.0227127075195312 -0.00316429138183594 0.159149169921875 0.0338287353515625
0.0237960815429688 -0.0187473297119141 0.210052490234375 -0.0273895263671875
0.0246810913085938 -0.00974845886230469 0.200698852539063 -0.0411224365234375
0.0287857055664063 -0.0193805694580078 0.200759887695313 -0.03155517578125
0.0406455993652344 -0.0099945068359375 0.164093017578125 0.009063720703125
0.05340576171875 0.0108871459960938 0.0930328369140625 0.00988006591796875
0.0412406921386719 0.0465469360351563 0.0557785034179688 -0.0227203369140625
-0.00421142578125 0.0657882690429687 0.0545501708984375 -0.0813522338867188
-0.0264511108398438 0.0565948486328125 0.092010498046875 -0.180770874023438
-0.0160427093505859 0.0223941802978516 0.25225830078125 -0.207931518554687
-0.117027282714844 0.0888900756835938 0.0964202880859375 -0.212936401367187
-0.102607727050781 0.095367431640625 0.059844970703125 -0.147216796875
-0.0730972290039063 0.139961242675781 0.00821113586425781 -0.0324420928955078
0.00684356689453126 0.130226135253906 0.0362586975097656 0.0208473205566406
0.0573272705078125 0.103019714355469 0.0611343383789063 0.0619773864746094
0.0948638916015625 0.0388870239257813 0.1414794921875 0.042205810546875
0.107330322265625 -0.0099639892578125 0.18670654296875 -0.0189208984375
0.105659484863281 -0.0032501220703125 0.1697998046875 -0.03826904296875
0.116844177246094 -0.0273590087890625 0.172988891601563 -0.0346832275390625
0.120460510253906 -0.00514984130859375 0.135124206542969 -0.005401611328125
0.130928039550781 0.0445098876953125 0.0659751892089844 -0.00211715698242187
0.108657836914062 0.105743408203125 0.0372810363769531 -0.0364265441894531
0.0110015869140625 0.171035766601563 0.0421218872070312 -0.0894927978515625
-0.041473388671875 0.173095703125 0.0836639404296875 -0.174484252929688
-0.0781173706054688 0.128173828125 0.230072021484375 -0.19879150390625
-0.185317993164062 0.164169311523438 0.0699920654296875 -0.163528442382813
-0.15997314453125 0.16387939453125 0.0604248046875 -0.115585327148438
-0.12042236328125 0.227188110351562 0.00989151000976561 -0.032989501953125
0.00209045410156249 0.213958740234375 0.0286312103271484 0.00805282592773439
0.07562255859375 0.178390502929688 0.034820556640625 0.0486297607421875
0.152679443359375 0.0864105224609375 0.1048583984375 0.0367813110351563
0.176177978515625 0.0060882568359375 0.135948181152344 -0.01226806640625
0.170257568359375 0.00537109375 0.115142822265625 -0.029510498046875
0.18695068359375 -0.0338592529296875 0.123313903808594 -0.028350830078125
0.183013916015625 -0.0062103271484375 0.08978271484375 -0.01043701171875
0.194305419921875 0.0624847412109375 0.0307998657226563 -0.00371551513671875
0.169692993164063 0.138671875 0.0140533447265625 -0.0402717590332031
0.04083251953125 0.245223999023438 0.0268325805664063 -0.0851974487304687
-0.0348052978515625 0.261260986328125 0.076019287109375 -0.144622802734375
-0.119903564453125 0.216827392578125 0.190155029296875 -0.155654907226563
-0.218490600585938 0.21771240234375 0.014617919921875 -0.101112365722656
-0.195281982421875 0.217071533203125 0.0380821228027344 -0.066375732421875
-0.145172119140625 0.2900390625 0.00605583190917968 -0.0263442993164062
0.00146484375000001 0.27386474609375 0.0183811187744141 -0.00661659240722655
0.0904388427734375 0.233154296875 0.00689697265625001 0.0219078063964844
0.193069458007813 0.122055053710938 0.0542182922363281 0.0131454467773438
0.220550537109375 0.0189361572265625 0.0622100830078125 -0.0117263793945312
0.21026611328125 0.011871337890625 0.040313720703125 -0.0172271728515625
0.230178833007813 -0.0374908447265625 0.05560302734375 -0.0121574401855469
0.220565795898438 -0.0066375732421875 0.0300388336181641 -0.00619888305664062
0.233078002929688 0.074127197265625 -0.00972557067871092 0.000230789184570316
0.203994750976563 0.1551513671875 -0.00919342041015623 -0.035308837890625
0.0627899169921875 0.28082275390625 0.0146293640136719 -0.0676460266113281
-0.026275634765625 0.30694580078125 0.06829833984375 -0.0904693603515625
-0.1380615234375 0.26885986328125 0.138526916503906 -0.0803070068359375
-0.21588134765625 0.24267578125 -0.0570945739746094 -0.0211601257324219
-0.191848754882813 0.245376586914063 0.00112748146057128 -0.000841856002807602
-0.132781982421875 0.312591552734375 -0.00255107879638673 -0.0117149353027344
0.013824462890625 0.287994384765625 0.00089073181152344 -0.020853042602539
0.09912109375 0.244354248046875 -0.0265693664550781 -0.010772705078125
0.2061767578125 0.130279541015625 -0.0110816955566406 -0.0145940780639648
0.230789184570313 0.02508544921875 -0.0253467559814453 -0.00971221923828125
0.217987060546875 0.0162200927734375 -0.0404853820800781 -0.000564575195312502
0.238845825195312 -0.03155517578125 -0.0194187164306641 0.00881195068359375
0.223983764648438 0.001068115234375 -0.0339946746826172 0.00195884704589843
0.22991943359375 0.0842742919921875 -0.0500564575195312 0.00714111328125001
0.19903564453125 0.156661987304688 -0.0297012329101562 -0.0254001617431641
0.0603485107421875 0.277557373046875 0.00789642333984376 -0.0433349609375
-0.024871826171875 0.305023193359375 0.0625953674316406 -0.0239219665527344
-0.139968872070313 0.278564453125 0.0829620361328125 0.0108261108398438
-0.174041748046875 0.22467041015625 -0.130477905273438 0.066558837890625
-0.148269653320312 0.231246948242188 -0.0419044494628906 0.0698280334472656
-0.08856201171875 0.273590087890625 -0.016016960144043 0.00922107696533205
0.030364990234375 0.24237060546875 -0.0224170684814453 -0.0273723602294922
0.092498779296875 0.203765869140625 -0.0604629516601563 -0.0376319885253906
0.18310546875 0.110015869140625 -0.0793075561523438 -0.0361862182617188
0.202133178710937 0.02362060546875 -0.111045837402344 -0.00202178955078123
0.191482543945313 0.018096923828125 -0.115196228027344 0.0177459716796875
0.2098388671875 -0.0168609619140625 -0.0906448364257812 0.0262908935546875
0.190948486328125 0.0164794921875 -0.09112548828125 0.00662231445312498
0.186874389648438 0.089385986328125 -0.0811309814453125 0.00734710693359374
0.152252197265625 0.14361572265625 -0.0453720092773437 -0.0177116394042969
0.0346221923828125 0.234146118164062 0.002471923828125 -0.0179500579833984
-0.031402587890625 0.257080078125 0.0522537231445312 0.0426177978515625
-0.12884521484375 0.243606567382812 0.0244064331054687 0.0998153686523438
-0.102951049804688 0.166168212890625 -0.18560791015625 0.144699096679687
-0.079559326171875 0.17242431640625 -0.07611083984375 0.131477355957031
-0.032379150390625 0.1771240234375 -0.0292472839355469 0.0312061309814453
0.0343780517578125 0.147979736328125 -0.0444450378417969 -0.0194740295410156
0.0658187866210938 0.126747131347656 -0.0843048095703125 -0.0469589233398438
0.1279296875 0.0712127685546875 -0.133262634277344 -0.0412826538085938
0.141220092773438 0.0180511474609375 -0.177597045898438 0.01214599609375
0.134979248046875 0.0164794921875 -0.172470092773437 0.034149169921875
0.149932861328125 0.0001220703125 -0.150344848632813 0.03472900390625
0.130828857421875 0.0280075073242188 -0.135345458984375 -0.000274658203124982
0.117050170898438 0.0810623168945313 -0.100051879882812 -0.00464630126953124
0.084136962890625 0.107681274414063 -0.0540237426757812 -0.0156173706054688
0.00555419921874999 0.156234741210937 -0.00525760650634766 0.00379133224487306
-0.031768798828125 0.175277709960937 0.0297012329101562 0.0975265502929688
-0.0960845947265625 0.17431640625 -0.032318115234375 0.172210693359375
-0.0218658447265625 0.0735855102539063 -0.214859008789063 0.201736450195313
-0.0136795043945312 0.0784835815429688 -0.093048095703125 0.175308227539063
0.00477218627929687 0.0510711669921875 -0.0341911315917969 0.0524940490722656
0.0111961364746094 0.0390357971191406 -0.0561065673828125 -0.000782012939453119
0.0150947570800781 0.0427780151367188 -0.0917587280273437 -0.0417404174804688
0.0487709045410156 0.033355712890625 -0.162841796875 -0.030517578125
0.0570411682128906 0.0160675048828125 -0.213851928710938 0.02978515625
0.0574607849121094 0.012603759765625 -0.20294189453125 0.04534912109375
0.0695762634277344 0.0115127563476562 -0.187911987304687 0.0325164794921875
0.0573387145996094 0.0253524780273438 -0.15863037109375 -0.0168304443359375
0.0424423217773437 0.0484046936035156 -0.10260009765625 -0.0248260498046875
0.0225181579589844 0.0472297668457031 -0.0539894104003906 -0.019683837890625
-0.00120162963867187 0.0583992004394531 -0.01434326171875 0.0185909271240234
-0.0104904174804688 0.0765762329101563 -0.00128173828125 0.13067626953125
-0.0416412353515625 0.0847396850585938 -0.079620361328125 0.215362548828125
-0.0406913757324219 0.00250625610351562 0.076507568359375 -0.238937377929687
-0.0416793823242187 0.0179977416992187 0.0266571044921875 -0.15960693359375
-0.0254135131835938 0.0433273315429688 0.00251960754394531 -0.0251216888427734
0.00373077392578125 0.0382156372070313 0.0440635681152344 0.0239410400390625
0.0261783599853516 0.0228691101074219 0.0852737426757813 0.0542984008789063
0.0213260650634766 -0.00461006164550781 0.158966064453125 0.0248260498046875
0.0207633972167969 -0.0192279815673828 0.20574951171875 -0.0408477783203125
0.0237884521484375 -0.0109539031982422 0.196701049804688 -0.053680419921875
0.0267753601074219 -0.0205669403076172 0.198196411132813 -0.04443359375
0.0392303466796875 -0.0125350952148438 0.164230346679687 -0.000640869140625001
0.0525932312011719 0.00704574584960938 0.0931396484375 0.00490570068359375
0.0438117980957031 0.0440902709960938 0.0541915893554688 -0.0256996154785156
0.000823974609374993 0.0659255981445313 0.0490341186523438 -0.08551025390625
-0.0216331481933594 0.0577850341796875 0.079986572265625 -0.186141967773438
-0.0144443511962891 0.0229911804199219 0.236709594726562 -0.222869873046875
-0.112022399902344 0.0959854125976562 0.08221435546875 -0.218017578125
-0.096435546875 0.0993270874023438 0.0486602783203125 -0.152618408203125
-0.06390380859375 0.143936157226562 0.00611114501953125 -0.0323810577392578
0.014404296875 0.128349304199219 0.0362701416015625 0.0181846618652344
0.0634613037109375 0.0986328125 0.0644798278808594 0.05908203125
0.0950164794921875 0.0321884155273438 0.142745971679688 0.033843994140625
0.104263305664063 -0.016448974609375 0.183746337890625 -0.0309600830078125
0.104484558105469 -0.009552001953125 0.166015625 -0.0482330322265625
0.113639831542969 -0.0345382690429687 0.169601440429688 -0.0462799072265625
0.118400573730469 -0.0116424560546875 0.134605407714844 -0.013336181640625
0.131828308105469 0.0354690551757813 0.0655288696289063 -0.00506591796875
0.114578247070313 0.0983963012695313 0.0355186462402344 -0.0382843017578125
0.02227783203125 0.16925048828125 0.0372161865234375 -0.0925140380859375
-0.0286102294921875 0.173309326171875 0.0726165771484375 -0.180435180664063
-0.0709915161132813 0.132850646972656 0.216461181640625 -0.211685180664063
-0.1761474609375 0.1751708984375 0.0592498779296875 -0.167510986328125
-0.15020751953125 0.171524047851563 0.0517959594726563 -0.121109008789062
-0.105056762695313 0.234634399414063 0.00786590576171874 -0.0322704315185547
0.0149688720703125 0.212066650390625 0.0286502838134766 0.00585937500000001
0.08740234375 0.17315673828125 0.0379180908203125 0.0474472045898438
0.155181884765625 0.0758819580078125 0.106353759765625 0.0291900634765625
0.173812866210938 -0.005126953125 0.133506774902344 -0.0209121704101563
0.169036865234375 -0.0052642822265625 0.111724853515625 -0.0355682373046875
0.182327270507813 -0.0460357666015625 0.120437622070313 -0.0364303588867187
0.179855346679688 -0.0170440673828125 0.0887985229492188 -0.0151290893554688
0.1962890625 0.0491790771484375 0.0301628112792969 -0.00428581237792968
0.17694091796875 0.127578735351563 0.0120925903320313 -0.0404205322265625
0.0572357177734375 0.240814208984375 0.0222930908203125 -0.0876083374023437
-0.0168914794921875 0.260299682617188 0.0666961669921875 -0.150558471679687
-0.107421875 0.223800659179688 0.178787231445313 -0.166458129882813
-0.205825805664063 0.230117797851563 0.00801849365234373 -0.102249145507813
-0.182235717773438 0.226119995117188 0.033233642578125 -0.0708389282226563
-0.127349853515625 0.299774169921875 0.00438308715820312 -0.0255470275878906
0.017333984375 0.272491455078125 0.0181198120117188 -0.00805282592773436
0.104827880859375 0.22808837890625 0.00936508178710938 0.0222301483154297
0.198196411132812 0.109039306640625 0.0550422668457031 0.00865173339843751
0.218658447265625 0.0041351318359375 0.0601272583007813 -0.0159225463867188
0.2095947265625 -0.0009918212890625 0.037994384765625 -0.0181846618652344
0.224502563476562 -0.05267333984375 0.0545272827148438 -0.0162277221679688
0.217575073242188 -0.02001953125 0.0288124084472656 -0.00800895690917969
0.235031127929688 0.0583953857421875 -0.0100326538085937 0.00236701965332032
0.212127685546875 0.140853881835938 -0.0106678009033203 -0.0337886810302734
0.08148193359375 0.276016235351563 0.0113410949707031 -0.0691490173339844
-0.00561523437500003 0.304901123046875 0.062103271484375 -0.0960311889648438
-0.121627807617188 0.277053833007813 0.132637023925781 -0.0882415771484375
-0.201950073242188 0.254409790039062 -0.0580825805664063 -0.0186614990234375
-0.177169799804688 0.25518798828125 0.000592708587646473 -0.00346255302429198
-0.11328125 0.3216552734375 -0.00379943847656251 -0.00937461853027342
0.031341552734375 0.285888671875 0.000129699707031254 -0.0205039978027344
0.114639282226563 0.238250732421875 -0.0259952545166016 -0.00858497619628905
0.211624145507813 0.116683959960938 -0.0117473602294922 -0.0158700942993164
0.229507446289063 0.009490966796875 -0.02655029296875 -0.00790214538574219
0.218246459960937 0.00250244140625 -0.0411796569824219 0.00350952148437501
0.23345947265625 -0.0466461181640625 -0.0193328857421875 0.00893402099609375
0.220535278320313 -0.0126190185546875 -0.0337390899658203 0.00493049621582032
0.23291015625 0.06817626953125 -0.0487327575683594 0.0112876892089844
0.207061767578125 0.1434326171875 -0.0306339263916016 -0.02264404296875
0.0785675048828125 0.272125244140625 0.00605010986328125 -0.0440826416015625
-0.00451660156249997 0.3031005859375 0.0610008239746094 -0.0290641784667969
-0.123870849609375 0.287567138671875 0.083099365234375 0.00655364990234377
-0.161819458007812 0.234054565429688 -0.125953674316406 0.0731964111328125
-0.134567260742188 0.238800048828125 -0.0380477905273437 0.0699844360351563
-0.071380615234375 0.279281616210938 -0.0157899856567383 0.0122728347778321
0.0449066162109375 0.2386474609375 -0.0229854583740234 -0.0253715515136719
0.106353759765625 0.19866943359375 -0.0613059997558594 -0.0335884094238281
0.18817138671875 0.0979461669921875 -0.0811004638671875 -0.0331573486328125
0.201751708984375 0.0099334716796875 -0.111160278320313 0.00563049316406249
0.191757202148438 0.006378173828125 -0.113861083984375 0.0269241333007812
0.206329345703125 -0.030181884765625 -0.0888214111328125 0.0317535400390625
0.188934326171875 0.004486083984375 -0.0910263061523437 0.0122756958007813
0.1912841796875 0.076629638671875 -0.08056640625 0.01318359375
0.159561157226563 0.133392333984375 -0.0457572937011719 -0.013885498046875
0.048858642578125 0.230087280273438 0.00217628479003907 -0.018341064453125
-0.014404296875 0.256668090820313 0.0550270080566406 0.0382575988769531
-0.114242553710938 0.251510620117188 0.030670166015625 0.098876953125
-0.093994140625 0.171920776367188 -0.175796508789063 0.155105590820312
-0.0693817138671875 0.1761474609375 -0.0673294067382813 0.134391784667969
-0.0222320556640625 0.180038452148438 -0.0267524719238281 0.0347728729248047
0.0425872802734375 0.145263671875 -0.0443191528320312 -0.016082763671875
0.074310302734375 0.122993469238281 -0.0858840942382813 -0.042022705078125
0.131690979003906 0.0628280639648438 -0.135353088378906 -0.0346221923828125
0.14093017578125 0.008514404296875 -0.176284790039063 0.0245361328125
0.135360717773438 0.00783538818359375 -0.169281005859375 0.04693603515625
0.148574829101563 -0.0093841552734375 -0.147628784179687 0.0443267822265625
0.13067626953125 0.0198974609375 -0.135993957519531 0.00802612304687502
0.120719909667969 0.0726776123046875 -0.0998458862304687 0.00172424316406249
0.0899505615234375 0.101943969726563 -0.0543746948242187 -0.0115280151367188
0.01507568359375 0.1552734375 -0.00428032875061035 0.00405669212341309
-0.0204315185546875 0.175674438476563 0.0363998413085937 0.0940170288085938
-0.0855865478515625 0.180618286132812 -0.02081298828125 0.1741943359375
-0.01885986328125 0.0740585327148438 -0.200668334960938 0.213211059570312
-0.008819580078125 0.0784378051757813 -0.081298828125 0.179946899414063
0.007659912109375 0.0516395568847656 -0.0310821533203125 0.0557861328125
0.0135002136230469 0.0383415222167969 -0.0548591613769531 0.00352478027343751
0.0181961059570313 0.0420646667480469 -0.0928955078125 -0.0368118286132812
0.0508079528808594 0.0301742553710938 -0.163284301757813 -0.022186279296875
0.0578231811523438 0.011138916015625 -0.210494995117188 0.04388427734375
0.05859375 0.00935745239257813 -0.198471069335938 0.0589447021484375
0.069915771484375 0.00653839111328125 -0.185592651367188 0.04449462890625
0.0580520629882813 0.0219612121582031 -0.159347534179688 -0.00691223144531253
0.0449943542480469 0.0452156066894531 -0.103530883789063 -0.0185165405273437
0.0244789123535156 0.0456657409667969 -0.0544471740722656 -0.0153579711914062
0.00187301635742188 0.0583229064941406 -0.0124855041503906 0.0204925537109375
-0.00595855712890624 0.0764999389648437 0.00787353515624999 0.129646301269531
-0.0371170043945313 0.088287353515625 -0.06512451171875 0.219970703125
-0.040191650390625 0.004302978515625 0.0661163330078125 -0.236053466796875
-0.0405807495117188 0.0183029174804688 0.0184173583984375 -0.158004760742188
-0.0231132507324219 0.0426826477050781 0.00185394287109375 -0.0247764587402344
0.00491714477539063 0.036590576171875 0.0429229736328125 0.0214118957519531
0.0262279510498047 0.0202140808105469 0.0846633911132813 0.0509109497070313
0.0198841094970703 -0.00540924072265625 0.15606689453125 0.019378662109375
0.0184249877929688 -0.0180854797363281 0.199172973632813 -0.04852294921875
0.0219821929931641 -0.0109348297119141 0.190719604492187 -0.0605010986328125
0.0250015258789062 -0.0214958190917969 0.192535400390625 -0.051116943359375
0.0376434326171875 -0.0133171081542969 0.161285400390625 -0.00616455078125
0.0511894226074219 0.00450515747070313 0.0914306640625 0.00232696533203125
0.044830322265625 0.041473388671875 0.0527000427246094 -0.0267295837402344
0.0041961669921875 0.0640296936035156 0.0449371337890625 -0.0857162475585938
-0.0176277160644531 0.0573081970214844 0.070892333984375 -0.185333251953125
-0.0140304565429687 0.0227241516113281 0.222564697265625 -0.226364135742188
-0.106819152832031 0.0991744995117188 0.072479248046875 -0.216903686523438
-0.0913162231445312 0.0995712280273438 0.0398712158203125 -0.151641845703125
-0.05682373046875 0.14361572265625 0.00514602661132812 -0.0315589904785156
0.0186996459960938 0.124038696289063 0.0353546142578125 0.0154800415039063
0.0660324096679688 0.0936279296875 0.0654792785644531 0.0562210083007813
0.0930557250976563 0.028167724609375 0.139732360839844 0.0288619995117187
0.099761962890625 -0.0189895629882813 0.177017211914063 -0.037078857421875
0.101119995117188 -0.0126571655273438 0.160324096679687 -0.0536651611328125
0.10870361328125 -0.0382614135742188 0.164688110351563 -0.052093505859375
0.114181518554688 -0.015777587890625 0.131820678710938 -0.0175857543945313
0.129158020019531 0.0297470092773438 0.0642166137695313 -0.00589370727539062
0.115303039550781 0.0917739868164063 0.0336875915527344 -0.0387344360351562
0.02923583984375 0.164337158203125 0.0328216552734375 -0.0931777954101562
-0.020233154296875 0.169097900390625 0.0632476806640625 -0.180419921875
-0.0645828247070313 0.13299560546875 0.201797485351563 -0.214645385742188
-0.166656494140625 0.179290771484375 0.0523681640625 -0.166549682617188
-0.141586303710938 0.171798706054688 0.0447616577148437 -0.122894287109375
-0.0943145751953125 0.234283447265625 0.00669479370117186 -0.0307445526123047
0.0218048095703125 0.206298828125 0.0281085968017578 0.0044231414794922
0.0921173095703125 0.166336059570313 0.0395851135253906 0.0453720092773438
0.153274536132813 0.068817138671875 0.104217529296875 0.0240936279296875
0.167312622070313 -0.011383056640625 0.129379272460938 -0.0256729125976563
0.165069580078125 -0.0105743408203125 0.107505798339844 -0.037994384765625
0.1749267578125 -0.0527191162109375 0.116165161132813 -0.0408401489257813
0.17315673828125 -0.02374267578125 0.0861434936523438 -0.0181045532226562
0.192047119140625 0.0406036376953125 0.0301322937011719 -0.00412559509277343
0.177154541015625 0.117828369140625 0.0107574462890625 -0.0400428771972656
0.0658721923828125 0.233154296875 0.0190200805664063 -0.08758544921875
-0.00529479980468752 0.25323486328125 0.0589141845703125 -0.149948120117187
-0.0977935791015625 0.223037719726562 0.167739868164063 -0.169189453125
-0.194686889648437 0.233566284179688 0.00442504882812499 -0.101142883300781
-0.171539306640625 0.227142333984375 0.0285263061523438 -0.0721359252929687
-0.113433837890625 0.299224853515625 0.00412940979003906 -0.0231781005859375
0.0260772705078125 0.26513671875 0.0177860260009766 -0.0084247589111328
0.112640380859375 0.219619750976563 0.0104351043701172 0.0220069885253906
0.196380615234375 0.09930419921875 0.0533294677734375 0.00540924072265626
0.212020874023438 -0.00396728515625 0.0576400756835938 -0.0174751281738281
0.20452880859375 -0.0084075927734375 0.0364875793457031 -0.0177383422851563
0.216400146484375 -0.0601348876953125 0.0516281127929688 -0.0187530517578125
0.209213256835937 -0.02777099609375 0.0278148651123047 -0.00835800170898438
0.230422973632813 0.047515869140625 -0.00890827178955077 0.00433540344238282
0.212142944335938 0.129745483398438 -0.011077880859375 -0.0323448181152344
0.0898895263671875 0.2664794921875 0.00913238525390625 -0.06903076171875
0.00717163085937497 0.295623779296875 0.0566253662109375 -0.0971908569335937
-0.110061645507812 0.277099609375 0.125663757324219 -0.0903472900390625
-0.189773559570312 0.256378173828125 -0.0569305419921875 -0.0168228149414062
-0.165130615234375 0.255111694335938 -0.000830650329589854 -0.00510692596435545
-0.098236083984375 0.32110595703125 -0.00366020202636719 -0.00724983215332029
0.0404815673828125 0.277923583984375 0.000198364257812503 -0.0203266143798828
0.122772216796875 0.229873657226563 -0.0247116088867187 -0.00724029541015624
0.210281372070313 0.106460571289063 -0.0130214691162109 -0.0171728134155273
0.222442626953125 0.00048828125 -0.0269908905029297 -0.00677871704101563
0.21337890625 -0.00518798828125 -0.0404167175292969 0.00670623779296875
0.224578857421875 -0.0548553466796875 -0.019256591796875 0.00937652587890625
0.212814331054687 -0.0208587646484375 -0.0335865020751953 0.00614166259765625
0.229644775390625 0.05718994140625 -0.0468902587890625 0.0145683288574219
0.206497192382813 0.131759643554688 -0.0299491882324219 -0.0203571319580078
0.08734130859375 0.263839721679687 0.00455093383789063 -0.0445556640625
0.00753784179687499 0.2947998046875 0.0582008361816406 -0.0316848754882812
-0.1119384765625 0.286376953125 0.0811691284179688 0.00424194335937502
-0.151809692382812 0.2347412109375 -0.120391845703125 0.0755462646484375
-0.124420166015625 0.237747192382812 -0.0354461669921875 0.06842041015625
-0.0594635009765625 0.278472900390625 -0.0148086547851563 0.014577865600586
0.052093505859375 0.232269287109375 -0.0221672058105469 -0.0232753753662109
0.112503051757812 0.19085693359375 -0.0604438781738281 -0.0305252075195312
0.186843872070313 0.088470458984375 -0.0819091796875 -0.0314865112304688
0.196365356445313 0.000762939453125 -0.108467102050781 0.00991821289062501
0.188095092773437 -0.001220703125 -0.109794616699219 0.03240966796875
0.198959350585938 -0.03759765625 -0.08648681640625 0.0337371826171875
0.182937622070313 -0.0031280517578125 -0.0891189575195313 0.0158538818359375
0.1888427734375 0.067138671875 -0.0774993896484375 0.0169601440429687
0.16070556640625 0.123748779296875 -0.0445976257324219 -0.0113639831542969
0.0569000244140625 0.223464965820313 0.00217247009277344 -0.0182342529296875
-0.003814697265625 0.24957275390625 0.0553054809570313 0.0346755981445313
-0.103729248046875 0.251800537109375 0.0341644287109375 0.0962142944335938
-0.0870819091796875 0.17156982421875 -0.166336059570313 0.157394409179687
-0.0619964599609375 0.174392700195313 -0.0614089965820313 0.132858276367188
-0.014495849609375 0.178863525390625 -0.0249061584472656 0.0373001098632813
0.046630859375 0.140884399414063 -0.0429000854492188 -0.0137825012207031
0.0779495239257812 0.118240356445313 -0.0850143432617188 -0.038787841796875
0.130096435546875 0.0565567016601563 -0.134918212890625 -0.0306015014648438
0.136802673339844 0.0016937255859375 -0.170913696289063 0.030914306640625
0.132705688476563 0.003082275390625 -0.163406372070312 0.0537567138671875
0.1439208984375 -0.015289306640625 -0.143310546875 0.0490875244140625
0.126983642578125 0.0146408081054688 -0.1326904296875 0.0132522583007812
0.120895385742188 0.0659942626953125 -0.0968399047851563 0.00597381591796876
0.0911026000976563 0.0959930419921875 -0.0528831481933594 -0.00873565673828125
0.02044677734375 0.151046752929688 -0.00309133529663086 0.00441122055053712
-0.01361083984375 0.171340942382813 0.0395355224609375 0.0904464721679688
-0.07818603515625 0.180694580078125 -0.0134124755859375 0.17242431640625
-0.0167388916015625 0.0726776123046875 -0.188262939453125 0.21527099609375
-0.00572204589843751 0.0775527954101563 -0.072998046875 0.178466796875
0.00883102416992187 0.0510520935058594 -0.0282363891601563 0.0574760437011719
0.0150146484375 0.0377655029296875 -0.0520744323730469 0.005889892578125
0.0203895568847656 0.0408859252929688 -0.0926132202148438 -0.0331573486328125
0.0504798889160156 0.0272369384765625 -0.161758422851563 -0.0172271728515625
0.0561714172363281 0.008056640625 -0.203262329101563 0.0515289306640625
0.0575180053710938 0.0064849853515625 -0.190902709960938 0.0665130615234375
0.0682258605957031 0.0041046142578125 -0.179519653320313 0.050994873046875
0.0567550659179688 0.0188865661621094 -0.156753540039063 3.05175781249799E-05
0.0457000732421875 0.0422019958496094 -0.101493835449219 -0.013824462890625
0.0256385803222656 0.04364013671875 -0.053466796875 -0.0123367309570312
0.00289535522460938 0.0575485229492187 -0.0103588104248047 0.0210247039794922
-0.00359344482421875 0.0750656127929688 0.0138168334960937 0.126762390136719
-0.0336151123046875 0.0883102416992188 -0.0547332763671875 0.218246459960938
-0.0396041870117188 0.00613403320312499 0.062591552734375 -0.232467651367188
-0.0402679443359375 0.0177497863769531 0.0150604248046875 -0.155120849609375
-0.0221290588378906 0.0418243408203125 0.00177574157714844 -0.0245094299316406
0.00522994995117187 0.0353431701660156 0.0415382385253906 0.01922607421875
0.0260086059570313 0.0189533233642578 0.083465576171875 0.0503158569335938
0.0184478759765625 -0.00492095947265625 0.1524658203125 0.019012451171875
0.0171146392822266 -0.0163841247558594 0.194488525390625 -0.0491943359375
0.0213088989257812 -0.010101318359375 0.186386108398437 -0.06134033203125
0.0238971710205078 -0.0211124420166016 0.189453125 -0.0526275634765625
0.0363998413085937 -0.0130119323730469 0.159561157226563 -0.0069122314453125
0.0494041442871094 0.00457000732421875 0.0902786254882813 0.002410888671875
0.0446205139160156 0.0398178100585938 0.0514945983886719 -0.0272102355957031
0.00536727905273437 0.062591552734375 0.0425949096679688 -0.0852813720703125
-0.0152740478515625 0.0557746887207031 0.066253662109375 -0.18280029296875
-0.0139560699462891 0.0228404998779297 0.21588134765625 -0.22503662109375
-0.104698181152344 0.0996017456054687 0.0697174072265625 -0.213729858398438
-0.0899276733398438 0.0980072021484375 0.0363922119140625 -0.1502685546875
-0.0542144775390625 0.142242431640625 0.0055084228515625 -0.0304431915283203
0.01904296875 0.120941162109375 0.0345344543457031 0.0139179229736328
0.0662002563476562 0.0910491943359375 0.065093994140625 0.0549507141113281
0.0901336669921875 0.0272369384765625 0.13702392578125 0.0271148681640625
0.0959548950195313 -0.0186767578125 0.173629760742188 -0.0385284423828125
0.0991058349609375 -0.0129013061523438 0.156890869140625 -0.0534820556640625
0.10528564453125 -0.0385971069335938 0.161041259765625 -0.0535125732421875
0.110877990722656 -0.0160903930664062 0.129814147949219 -0.01806640625
0.12591552734375 0.0278701782226562 0.0634040832519531 -0.00516891479492187
0.114120483398438 0.088958740234375 0.0332221984863281 -0.0381698608398437
0.03155517578125 0.160858154296875 0.0311737060546875 -0.092620849609375
-0.0169677734375 0.165023803710937 0.059234619140625 -0.17791748046875
-0.0631866455078125 0.131889343261719 0.196014404296875 -0.21295166015625
-0.162811279296875 0.1783447265625 0.050506591796875 -0.164398193359375
-0.138702392578125 0.170166015625 0.041290283203125 -0.121047973632813
-0.08966064453125 0.232101440429688 0.00730323791503906 -0.0294075012207031
0.022918701171875 0.201812744140625 0.0277061462402344 0.00308990478515626
0.0928192138671875 0.162612915039063 0.0397453308105469 0.0446739196777344
0.149826049804688 0.066131591796875 0.102272033691406 0.022735595703125
0.162857055664063 -0.011749267578125 0.125808715820313 -0.0264053344726563
0.16180419921875 -0.01190185546875 0.105201721191406 -0.0374603271484375
0.169891357421875 -0.0535736083984375 0.1138916015625 -0.0417709350585938
0.1683349609375 -0.024566650390625 0.0848159790039063 -0.0178756713867188
0.187606811523438 0.037139892578125 0.0300636291503906 -0.00313186645507812
0.1749267578125 0.113632202148438 0.0107688903808594 -0.0392913818359375
0.067840576171875 0.227859497070313 0.0181503295898438 -0.0874481201171875
-0.00225830078124998 0.246475219726563 0.0549774169921875 -0.149078369140625
-0.0946197509765625 0.222122192382812 0.162887573242188 -0.16729736328125
-0.190322875976563 0.232925415039063 0.00373077392578123 -0.100135803222656
-0.16717529296875 0.223922729492188 0.0259475708007812 -0.07281494140625
-0.107513427734375 0.296661376953125 0.00440979003906249 -0.0208892822265625
0.02783203125 0.2601318359375 0.0178337097167969 -0.00907325744628905
0.1138916015625 0.215499877929688 0.0111064910888672 0.021728515625
0.192428588867188 0.0960693359375 0.0513153076171875 0.00329971313476563
0.20587158203125 -0.006011962890625 0.0557823181152344 -0.0174407958984375
0.201400756835938 -0.010009765625 0.035552978515625 -0.0160484313964844
0.2103271484375 -0.0618438720703125 0.0504226684570313 -0.0192909240722656
0.203399658203125 -0.0286712646484375 0.0271224975585938 -0.00795364379882813
0.225921630859375 0.0437469482421875 -0.00807285308837889 0.0055227279663086
0.20977783203125 0.125228881835938 -0.0105876922607422 -0.0313396453857422
0.091949462890625 0.260650634765625 0.00830841064453126 -0.0692138671875
0.010833740234375 0.288330078125 0.0532760620117187 -0.0972900390625
-0.10675048828125 0.274932861328125 0.122146606445313 -0.0898513793945312
-0.185897827148438 0.255081176757813 -0.0562324523925781 -0.0165252685546875
-0.161666870117188 0.252120971679687 -0.00211763381958009 -0.00663089752197264
-0.09259033203125 0.318878173828125 -0.0026240348815918 -0.00496053695678709
0.0422821044921875 0.273162841796875 0.000528335571289063 -0.0200443267822265
0.123916625976563 0.225433349609375 -0.0239810943603516 -0.00722694396972655
0.206710815429688 0.101913452148438 -0.0142040252685547 -0.01812744140625
0.2166748046875 -0.002532958984375 -0.0271873474121094 -0.00597572326660156
0.210052490234375 -0.00726318359375 -0.0390968322753906 0.00936508178710938
0.219009399414063 -0.056915283203125 -0.0191192626953125 0.00934028625488281
0.206497192382813 -0.0221405029296875 -0.0337657928466797 0.00720024108886719
0.2252197265625 0.0533447265625 -0.0450668334960937 0.0158576965332031
0.204071044921875 0.127105712890625 -0.0293426513671875 -0.01953125
0.088836669921875 0.2574462890625 0.00403213500976563 -0.0444908142089844
0.0108642578125 0.2867431640625 0.0560455322265625 -0.0328254699707031
-0.108184814453125 0.284393310546875 0.0792922973632813 0.00363922119140627
-0.148605346679688 0.232467651367187 -0.117691040039063 0.0750579833984375
-0.121139526367188 0.23455810546875 -0.0350875854492188 0.0665359497070313
-0.0545806884765625 0.276443481445313 -0.0138092041015625 0.0171022415161133
0.053070068359375 0.2279052734375 -0.0210418701171875 -0.0228404998779297
0.113845825195313 0.18719482421875 -0.0596580505371094 -0.0301589965820312
0.183746337890625 0.08551025390625 -0.0824432373046875 -0.0313796997070312
0.190673828125 -0.001861572265625 -0.107139587402344 0.0113754272460938
0.18505859375 -0.0027008056640625 -0.107284545898437 0.0350570678710938
0.193496704101562 -0.0394439697265625 -0.0854034423828125 0.0347900390625
0.177749633789063 -0.00408935546875 -0.0881195068359375 0.0169143676757813
0.185028076171875 0.0628814697265625 -0.0753173828125 0.0182571411132812
0.158432006835938 0.12005615234375 -0.0431251525878906 -0.0100059509277344
0.0584716796875 0.219451904296875 0.00211715698242188 -0.0189647674560547
-0.00177001953125002 0.243438720703125 0.0545806884765625 0.0323829650878906
-0.100875854492188 0.250534057617188 0.0339889526367187 0.0953216552734375
-0.085968017578125 0.168777465820313 -0.162612915039063 0.156295776367188
-0.060089111328125 0.172393798828125 -0.05963134765625 0.13018798828125
-0.011962890625 0.177688598632813 -0.0236473083496094 0.0389785766601563
0.0472640991210938 0.13800048828125 -0.0408973693847656 -0.0127143859863281
0.0789794921875 0.115943908691406 -0.083892822265625 -0.0377349853515625
0.127601623535156 0.0540313720703125 -0.134765625 -0.0302200317382812
0.133049011230469 -0.001007080078125 -0.167831420898438 0.0330810546875
0.13067626953125 0.00099945068359375 -0.159408569335938 0.0561370849609375
0.140480041503906 -0.01629638671875 -0.140213012695313 0.0505523681640625
0.12335205078125 0.01336669921875 -0.131019592285156 0.0152206420898437
0.118873596191406 0.0628738403320312 -0.0945358276367187 0.00741577148437501
0.0902175903320313 0.0939788818359375 -0.0511474609375 -0.00734710693359373
0.0213470458984375 0.148727416992188 -0.00232958793640137 0.00419163703918458
-0.01202392578125 0.167572021484375 0.0403900146484375 0.0875701904296875
-0.0767974853515625 0.179733276367188 -0.0112457275390625 0.170120239257813
-0.017547607421875 0.0721206665039063 -0.183013916015625 0.213912963867187
-0.00518798828125 0.075927734375 -0.0699005126953125 0.175827026367188
0.00989913940429688 0.0507316589355469 -0.0269584655761719 0.0584182739257813
0.015045166015625 0.0372695922851562 -0.0501251220703125 0.00644683837890626
0.0208625793457031 0.0405769348144531 -0.091766357421875 -0.0328826904296875
0.0495681762695313 0.0260543823242187 -0.160614013671875 -0.0159912109375
0.0552406311035156 0.00635528564453125 -0.199081420898438 0.053863525390625
0.0563163757324219 0.00563812255859375 -0.186447143554688 0.0688323974609375
0.0664482116699219 0.00336456298828125 -0.176406860351563 0.0527191162109375
0.0550880432128906 0.0178375244140625 -0.154800415039063 0.00186157226562501
0.0450668334960937 0.0404129028320313 -0.0992584228515625 -0.0129241943359375
0.0250358581542969 0.0435409545898438 -0.0522422790527344 -0.0111465454101562
0.00343704223632813 0.0574302673339844 -0.00938987731933594 0.0208473205566406
-0.00359344482421875 0.073638916015625 0.0152206420898438 0.123649597167969
-0.0331268310546875 0.0878677368164062 -0.051025390625 0.21563720703125
-0.039520263671875 0.00722122192382813 0.0657501220703125 -0.233123779296875
-0.040374755859375 0.017120361328125 0.014923095703125 -0.155853271484375
-0.0230560302734375 0.0422096252441406 0.00229454040527344 -0.0248165130615234
0.00455856323242187 0.0356101989746094 0.0407447814941406 0.0190696716308594
0.0260505676269531 0.0188217163085938 0.083526611328125 0.0510330200195313
0.017791748046875 -0.00460052490234375 0.153411865234375 0.0215606689453125
0.0164804458618164 -0.014958381652832 0.194793701171875 -0.0489654541015625
0.0215606689453125 -0.00937461853027344 0.187637329101563 -0.0616912841796875
0.0236320495605469 -0.0210895538330078 0.19140625 -0.05242919921875
0.0364456176757813 -0.0123786926269531 0.161392211914063 -0.006103515625
0.0486221313476563 0.0047607421875 0.091461181640625 0.0037384033203125
0.0443153381347656 0.0401763916015625 0.0517539978027344 -0.0270881652832031
0.00537872314453125 0.0622749328613281 0.042938232421875 -0.0859222412109375
-0.0145797729492188 0.0551834106445313 0.066131591796875 -0.183364868164063
-0.0141067504882812 0.0233268737792969 0.217575073242188 -0.224349975585937
-0.105400085449219 0.100494384765625 0.0718841552734375 -0.21453857421875
-0.09112548828125 0.0972671508789063 0.036224365234375 -0.151351928710938
-0.05487060546875 0.14312744140625 0.00595283508300781 -0.0298995971679687
0.017852783203125 0.121620178222656 0.0340652465820313 0.0133457183837891
0.0658035278320312 0.091461181640625 0.0652732849121094 0.0561256408691406
0.0890350341796875 0.0280303955078125 0.137550354003906 0.0290756225585938
0.0954055786132813 -0.016937255859375 0.1739501953125 -0.03802490234375
0.100120544433594 -0.011505126953125 0.1580810546875 -0.0532684326171875
0.1053466796875 -0.0387344360351563 0.1632080078125 -0.05328369140625
0.110893249511719 -0.0150909423828125 0.1309814453125 -0.01654052734375
0.125389099121094 0.0283737182617188 0.0641517639160156 -0.0038299560546875
0.113945007324219 0.0900955200195313 0.0340309143066406 -0.0384483337402344
0.0306854248046875 0.161590576171875 0.031585693359375 -0.093994140625
-0.016845703125 0.164154052734375 0.0593719482421875 -0.179107666015625
-0.064910888671875 0.133193969726563 0.197830200195313 -0.213043212890625
-0.165206909179687 0.180038452148438 0.052703857421875 -0.166488647460938
-0.141128540039063 0.1688232421875 0.0408706665039062 -0.123313903808594
-0.09100341796875 0.233840942382813 0.00861549377441406 -0.0282039642333984
0.02056884765625 0.202804565429688 0.0274620056152344 0.00239562988281251
0.0930633544921875 0.163833618164062 0.0403327941894531 0.0452613830566406
0.149063110351563 0.06781005859375 0.102615356445313 0.0233230590820313
0.16180419921875 -0.0099334716796875 0.12628173828125 -0.0263290405273438
0.163131713867188 -0.01055908203125 0.106231689453125 -0.0362548828125
0.169876098632813 -0.0525665283203125 0.114845275878906 -0.0418624877929687
0.168212890625 -0.022308349609375 0.0858001708984375 -0.0164947509765625
0.188034057617188 0.0388946533203125 0.0311050415039063 -0.00167083740234375
0.175430297851563 0.11590576171875 0.0119514465332031 -0.0400466918945312
0.0665283203125 0.22900390625 0.01824951171875 -0.0890960693359375
-0.00341796875 0.245498657226562 0.05535888671875 -0.150299072265625
-0.0972747802734375 0.22381591796875 0.16473388671875 -0.167221069335938
-0.193923950195313 0.233673095703125 0.004913330078125 -0.101486206054687
-0.170791625976563 0.223907470703125 0.0248336791992187 -0.0742340087890625
-0.108062744140625 0.300048828125 0.00587272644042968 -0.0190143585205078
0.026123046875 0.261581420898438 0.0176677703857422 -0.0097064971923828
0.114120483398438 0.217880249023437 0.0116004943847656 0.0217037200927735
0.19183349609375 0.0980072021484375 0.0508575439453125 0.00323867797851563
0.205581665039063 -0.00408935546875 0.0552978515625 -0.0176620483398438
0.202835083007813 -0.00811767578125 0.0366325378417969 -0.0147209167480469
0.209518432617188 -0.061370849609375 0.0499992370605469 -0.0195388793945313
0.20269775390625 -0.026947021484375 0.0272560119628906 -0.00704574584960938
0.225372314453125 0.045196533203125 -0.00727987289428709 0.00684213638305665
0.209579467773437 0.127410888671875 -0.00985717773437498 -0.0319004058837891
0.0907135009765625 0.26220703125 0.0083770751953125 -0.0707321166992188
0.00830078124999998 0.2877197265625 0.0531845092773437 -0.0983810424804687
-0.110076904296875 0.277633666992188 0.122734069824219 -0.0888442993164062
-0.189682006835938 0.256546020507813 -0.056488037109375 -0.0174636840820312
-0.1649169921875 0.252120971679688 -0.00388669967651368 -0.007387638092041
-0.09320068359375 0.321563720703125 -0.00144982337951661 -0.00192332267761228
0.040771484375 0.275253295898438 0.000934600830078128 -0.0206756591796875
0.124908447265625 0.228103637695312 -0.0238857269287109 -0.00743865966796874
0.20648193359375 0.104583740234375 -0.0155315399169922 -0.0191879272460937
0.216262817382812 -0.0010833740234375 -0.0277252197265625 -0.00600624084472656
0.211395263671875 -0.0059814453125 -0.0388679504394531 0.0108871459960937
0.219070434570313 -0.0560760498046875 -0.0200843811035156 0.00897789001464843
0.206344604492187 -0.02001953125 -0.0339832305908203 0.00760269165039062
0.224502563476562 0.05352783203125 -0.0440788269042969 0.0166015625
0.204498291015625 0.12896728515625 -0.0282936096191406 -0.0193996429443359
0.0883026123046875 0.25958251953125 0.004364013671875 -0.0458908081054687
0.00854492187500002 0.28643798828125 0.0558624267578125 -0.0336494445800781
-0.112457275390625 0.287811279296875 0.079254150390625 0.00520324707031252
-0.152862548828125 0.233551025390625 -0.118705749511719 0.0738449096679688
-0.124374389648437 0.235488891601563 -0.0369529724121094 0.0660514831542969
-0.05560302734375 0.279342651367188 -0.0124721527099609 0.019552230834961
0.0523223876953125 0.229324340820313 -0.0206108093261719 -0.0237274169921875
0.114898681640625 0.189071655273438 -0.0597419738769531 -0.0310401916503906
0.183380126953125 0.0872344970703125 -0.0844268798828125 -0.0330810546875
0.18975830078125 -0.00067138671875 -0.108116149902344 0.0114517211914063
0.186233520507813 -0.0020294189453125 -0.107109069824219 0.0360946655273438
0.194091796875 -0.03851318359375 -0.0863418579101562 0.034698486328125
0.176971435546875 -0.002777099609375 -0.089447021484375 0.0179443359375
0.185150146484375 0.06396484375 -0.0748519897460937 0.0189437866210938
0.158554077148438 0.121368408203125 -0.0429039001464844 -0.01019287109375
0.0576934814453125 0.22100830078125 0.00209617614746094 -0.0199642181396484
-0.00369262695312502 0.243408203125 0.0542755126953125 0.0323753356933594
-0.104476928710938 0.2530517578125 0.0339126586914062 0.0965652465820313
-0.089752197265625 0.169723510742188 -0.164718627929688 0.156295776367188
-0.0622711181640625 0.173202514648438 -0.061279296875 0.130317687988281
-0.0115814208984375 0.179443359375 -0.0229835510253906 0.0413055419921875
0.04718017578125 0.139205932617188 -0.0403213500976562 -0.0129966735839844
0.0799331665039063 0.117424011230469 -0.08428955078125 -0.0393829345703125
0.127426147460938 0.0557937622070313 -0.137161254882813 -0.0320892333984375
0.132308959960937 -2.288818359375E-05 -0.1690673828125 0.03265380859375
0.131446838378906 0.0013885498046875 -0.15972900390625 0.0571441650390625
0.140419006347656 -0.015655517578125 -0.14227294921875 0.0506134033203125
0.122772216796875 0.0144271850585937 -0.132560729980469 0.015167236328125
0.118492126464844 0.0630035400390625 -0.09454345703125 0.00748443603515627
0.0897674560546875 0.0948104858398437 -0.0504379272460937 -0.00747299194335937
0.0205535888671875 0.149826049804688 -0.00205135345458984 0.00328779220581056
-0.013702392578125 0.167587280273438 0.0400924682617188 0.0874176025390625
-0.079132080078125 0.182113647460938 -0.0118408203125 0.171661376953125
-0.0199203491210937 0.0721511840820313 -0.185867309570312 0.21380615234375
-0.00539398193359375 0.0762710571289063 -0.0711822509765625 0.1761474609375
0.0103836059570312 0.0519371032714844 -0.0263404846191406 0.0603065490722656
0.0159645080566406 0.03802490234375 -0.0496063232421875 0.006439208984375
0.0213203430175781 0.0410957336425781 -0.09246826171875 -0.0342254638671875
0.0498390197753906 0.0267906188964844 -0.162857055664063 -0.017364501953125
0.0543251037597656 0.00652313232421875 -0.200592041015625 0.0540618896484375
0.0567970275878906 0.0057525634765625 -0.186904907226563 0.06939697265625
0.0666351318359375 0.00387954711914063 -0.177841186523438 0.05316162109375
0.0551490783691406 0.0184669494628906 -0.156112670898437 0.00140380859375001
0.0451698303222656 0.04071044921875 -0.0996780395507812 -0.0137176513671875
0.0250129699707031 0.0435028076171875 -0.051483154296875 -0.0111427307128906
0.00289154052734375 0.0583877563476563 -0.00906181335449219 0.0202808380126953
-0.004364013671875 0.0742950439453125 0.0148696899414062 0.123825073242188
-0.034637451171875 0.0892715454101563 -0.052398681640625 0.217254638671875
-0.040496826171875 0.00751495361328125 0.06878662109375 -0.2420654296875
-0.0418014526367188 0.0174102783203125 0.01409912109375 -0.161636352539063
-0.0236053466796875 0.0439186096191406 0.00242233276367187 -0.0257358551025391
0.00453948974609375 0.0367240905761719 0.0406608581542969 0.018646240234375
0.0260810852050781 0.0187320709228516 0.0857772827148438 0.052886962890625
0.0178012847900391 -0.00505638122558594 0.158493041992188 0.023193359375
0.0171003341674805 -0.0139503479003906 0.2005615234375 -0.0511322021484375
0.0225162506103516 -0.00890541076660156 0.193557739257813 -0.06475830078125
0.0238170623779297 -0.0213336944580078 0.198272705078125 -0.05560302734375
0.0373458862304688 -0.0124969482421875 0.167877197265625 -0.0056915283203125
0.0497360229492188 0.00539016723632813 0.0943984985351563 0.004180908203125
0.0462379455566406 0.0414047241210938 0.0533332824707031 -0.0283470153808594
0.00582122802734375 0.0633926391601563 0.0436019897460938 -0.0883026123046875
-0.0135498046875 0.0557022094726562 0.0677032470703125 -0.188995361328125
-0.0150394439697266 0.0246219635009766 0.223037719726563 -0.231613159179688
-0.108390808105469 0.104629516601562 0.07525634765625 -0.222518920898437
-0.0943603515625 0.099884033203125 0.035980224609375 -0.156723022460937
-0.055938720703125 0.148178100585937 0.00652503967285156 -0.030059814453125
0.01763916015625 0.125389099121094 0.0338134765625 0.0127964019775391
0.0683441162109375 0.09405517578125 0.0672874450683594 0.0580825805664063
0.0910720825195312 0.0292434692382812 0.141799926757813 0.0303802490234375
0.0976791381835938 -0.0158843994140625 0.179397583007812 -0.0390625
0.103370666503906 -0.0113983154296875 0.163314819335938 -0.0555572509765625
0.107818603515625 -0.0396881103515625 0.168838500976562 -0.056304931640625
0.113113403320313 -0.0146865844726563 0.136764526367188 -0.0169219970703125
0.128303527832031 0.02984619140625 0.0668411254882813 -0.003265380859375
0.117683410644531 0.0933074951171875 0.0353469848632813 -0.0405082702636719
0.031951904296875 0.165618896484375 0.0319442749023437 -0.0972061157226562
-0.016998291015625 0.166534423828125 0.060272216796875 -0.184616088867188
-0.0672836303710937 0.138595581054688 0.203109741210938 -0.219619750976563
-0.170074462890625 0.186676025390625 0.054656982421875 -0.173675537109375
-0.146392822265625 0.173782348632813 0.0407257080078125 -0.127632141113281
-0.092254638671875 0.243026733398438 0.0101051330566406 -0.0279216766357422
0.0206451416015625 0.209381103515625 0.027557373046875 0.00192832946777345
0.09649658203125 0.169570922851563 0.0414009094238281 0.0472946166992188
0.152481079101563 0.070953369140625 0.105072021484375 0.0242919921875
0.16558837890625 -0.0092620849609375 0.130027770996094 -0.0273895263671875
0.16912841796875 -0.010406494140625 0.110374450683594 -0.0370712280273437
0.17401123046875 -0.05511474609375 0.118492126464844 -0.0444488525390625
0.172210693359375 -0.0224456787109375 0.0887298583984375 -0.0171585083007813
0.192413330078125 0.0402069091796875 0.0330410003662109 -0.00097084045410156
0.181060791015625 0.119003295898438 0.0127334594726563 -0.0416297912597656
0.0692138671875 0.236740112304688 0.0179214477539063 -0.0927810668945312
-0.00323486328124999 0.2509765625 0.0551300048828125 -0.155288696289062
-0.100967407226562 0.233108520507813 0.168655395507813 -0.17266845703125
-0.20074462890625 0.243179321289062 0.00540924072265624 -0.106178283691406
-0.176895141601563 0.230514526367188 0.0244522094726563 -0.0773849487304688
-0.1103515625 0.311492919921875 0.00815773010253906 -0.0174589157104492
0.0263214111328125 0.27001953125 0.0180644989013672 -0.0106449127197265
0.11956787109375 0.225265502929688 0.0123023986816406 0.0227642059326172
0.196823120117188 0.101516723632813 0.0510978698730469 0.00286102294921876
0.210250854492187 -0.0034637451171875 0.0570945739746094 -0.0180244445800781
0.210296630859375 -0.00848388671875 0.03814697265625 -0.0141410827636719
0.215179443359375 -0.0633392333984375 0.0516853332519531 -0.0208702087402344
0.207260131835938 -0.027496337890625 0.0281944274902344 -0.00633621215820313
0.231414794921875 0.04608154296875 -0.00646781921386718 0.0080108642578125
0.216644287109375 0.131057739257813 -0.00986671447753905 -0.0331020355224609
0.0943450927734375 0.271148681640625 0.00765228271484375 -0.073486328125
0.00875854492187499 0.29461669921875 0.0538101196289063 -0.101890563964844
-0.1146240234375 0.289306640625 0.125968933105469 -0.0914154052734375
-0.197158813476563 0.265975952148438 -0.0581893920898438 -0.0188064575195312
-0.171859741210938 0.260299682617188 -0.00506210327148439 -0.00829219818115233
-0.094512939453125 0.33447265625 0.000452697277069086 0.000371366739273092
0.04248046875 0.283935546875 0.0017242431640625 -0.021524429321289
0.131088256835937 0.235687255859375 -0.0244598388671875 -0.00740432739257811
0.212249755859375 0.10858154296875 -0.0180225372314453 -0.0206756591796875
0.221221923828125 -0.0007476806640625 -0.0290565490722656 -0.00590324401855469
0.218963623046875 -0.0064239501953125 -0.0389060974121094 0.0128364562988281
0.224395751953125 -0.0587158203125 -0.0212249755859375 0.00893783569335938
0.210494995117188 -0.0204620361328125 -0.0355072021484375 0.00850296020507812
0.231216430664063 0.0540924072265625 -0.0444183349609375 0.0179405212402344
0.2117919921875 0.132843017578125 -0.0287799835205078 -0.0206470489501953
0.0910186767578125 0.2684326171875 0.002960205078125 -0.0480117797851562
0.00854492187500002 0.29437255859375 0.0566635131835937 -0.0350532531738281
-0.116455078125 0.299713134765625 0.0811080932617187 0.00579071044921877
-0.159286499023438 0.24298095703125 -0.122909545898437 0.0764236450195313
-0.129486083984375 0.243209838867188 -0.0387382507324219 0.0680732727050782
-0.055389404296875 0.2890625 -0.0103435516357422 0.0223731994628906
0.05450439453125 0.2366943359375 -0.0206050872802734 -0.0240612030029297
0.120330810546875 0.1959228515625 -0.0617408752441406 -0.0315933227539062
0.188995361328125 0.0904998779296875 -0.0891189575195312 -0.0346450805664062
0.194854736328125 -0.000518798828125 -0.111618041992187 0.0125732421875
0.192535400390625 -0.0025787353515625 -0.10955810546875 0.0390396118164063
0.198837280273438 -0.04034423828125 -0.0895614624023437 0.0360565185546875
0.18121337890625 -0.0018310546875 -0.092681884765625 0.0193939208984375
0.189712524414063 0.0650177001953125 -0.0757522583007812 0.0205307006835937
0.164276123046875 0.125198364257813 -0.0434532165527344 -0.0107650756835937
0.0600128173828125 0.228485107421875 0.00117874145507813 -0.0212783813476562
-0.00480651855468748 0.24957275390625 0.0558242797851563 0.0326576232910156
-0.108428955078125 0.263473510742188 0.0348434448242187 0.100357055664063
-0.0944671630859376 0.17681884765625 -0.169631958007813 0.16131591796875
-0.065216064453125 0.178680419921875 -0.0637969970703125 0.134574890136719
-0.0112457275390625 0.185195922851563 -0.0214347839355469 0.0442886352539063
0.048858642578125 0.143173217773438 -0.0409889221191406 -0.0135040283203125
0.0836029052734375 0.121620178222656 -0.0879592895507813 -0.0404815673828125
0.131446838378906 0.0573959350585937 -0.14337158203125 -0.0330963134765625
0.135154724121094 0.0001068115234375 -0.17486572265625 0.035308837890625
0.136253356933594 0.0012054443359375 -0.162826538085938 0.0604248046875
0.1441650390625 -0.01690673828125 -0.146621704101563 0.0530853271484375
0.125801086425781 0.015411376953125 -0.137184143066406 0.0166778564453125
0.1219482421875 0.0640945434570313 -0.0966796875 0.00857543945312501
0.0926666259765625 0.0980453491210937 -0.0516853332519531 -0.00749588012695312
0.020965576171875 0.155746459960937 -0.00232505798339844 0.00250267982482911
-0.01483154296875 0.17181396484375 0.0417327880859375 0.0895919799804688
-0.082366943359375 0.189544677734375 -0.0122833251953125 0.177719116210938
-0.022247314453125 0.0749664306640625 -0.190826416015625 0.221466064453125
-0.005889892578125 0.0791168212890625 -0.073150634765625 0.181976318359375
0.0112762451171875 0.0534934997558594 -0.0254631042480469 0.0634269714355469
0.0168724060058594 0.0388565063476562 -0.0499038696289063 0.00656509399414063
0.0224761962890625 0.0430335998535156 -0.09649658203125 -0.0356979370117187
0.0512199401855469 0.0279197692871094 -0.169891357421875 -0.018768310546875
0.0550079345703125 0.00613021850585938 -0.206680297851563 0.05718994140625
0.0584259033203125 0.005645751953125 -0.19122314453125 0.07281494140625
0.0684814453125 0.00429534912109375 -0.183135986328125 0.0557098388671875
0.0561866760253906 0.0194892883300781 -0.162246704101562 0.00202941894531251
0.0456390380859375 0.0410537719726563 -0.101783752441406 -0.013763427734375
0.0259056091308594 0.045501708984375 -0.0523109436035156 -0.0110244750976563
0.00281906127929688 0.0606689453125 -0.00926589965820313 0.0205764770507813
-0.00507354736328125 0.076904296875 0.01611328125 0.127235412597656
-0.0370712280273438 0.0929489135742187 -0.0538177490234375 0.224395751953125
-0.0412483215332031 0.00976562499999999 0.0663299560546875 -0.255401611328125
-0.0434150695800781 0.0187644958496094 0.00961303710937501 -0.16888427734375
-0.0234756469726562 0.0466957092285156 0.00157737731933594 -0.0269298553466797
0.00472640991210937 0.0383682250976563 0.041961669921875 0.0175628662109375
0.0272331237792969 0.0178680419921875 0.0906295776367188 0.0529098510742188
0.0171308517456055 -0.00559139251708984 0.1663818359375 0.0212554931640625
0.0176429748535156 -0.0138149261474609 0.207168579101563 -0.058197021484375
0.0233669281005859 -0.00920677185058594 0.199478149414063 -0.0732421875
0.0231590270996094 -0.0232391357421875 0.205612182617187 -0.064849853515625
0.0382652282714844 -0.0135498046875 0.176177978515625 -0.0103302001953125
0.0516548156738281 0.004791259765625 0.0989532470703125 0.00262451171875
0.0489921569824219 0.0420799255371094 0.0546913146972656 -0.03155517578125
0.00751113891601562 0.0653533935546875 0.0428848266601563 -0.0930252075195313
-0.0122604370117188 0.0572433471679687 0.06475830078125 -0.19818115234375
-0.0149440765380859 0.0267429351806641 0.225921630859375 -0.24755859375
-0.109970092773437 0.112922668457031 0.0731964111328125 -0.235946655273437
-0.0962677001953125 0.105796813964844 0.03204345703125 -0.1644287109375
-0.0540008544921875 0.156661987304688 0.00697517395019531 -0.0313091278076172
0.0210723876953125 0.130393981933594 0.0348148345947266 0.0117931365966797
0.0739059448242188 0.0956344604492188 0.0713272094726563 0.0589141845703125
0.0941543579101563 0.0284194946289063 0.148788452148437 0.0292205810546875
0.100296020507813 -0.0177383422851563 0.1851806640625 -0.04595947265625
0.107948303222656 -0.0142822265625 0.1688232421875 -0.0624237060546875
0.109642028808594 -0.0445175170898437 0.174880981445312 -0.065032958984375
0.116607666015625 -0.017364501953125 0.1427001953125 -0.021392822265625
0.133918762207031 0.0284881591796875 0.0702133178710938 -0.00433349609375
0.125473022460938 0.0940017700195313 0.0356025695800781 -0.0436286926269531
0.037841796875 0.171783447265625 0.0303421020507812 -0.102470397949219
-0.0134429931640625 0.172760009765625 0.0568695068359375 -0.194107055664063
-0.066802978515625 0.147445678710938 0.205245971679688 -0.235076904296875
-0.172134399414063 0.200790405273438 0.0528564453125 -0.1845703125
-0.149169921875 0.184219360351562 0.0373611450195312 -0.134719848632813
-0.0885009765625 0.2567138671875 0.0116481781005859 -0.0281715393066406
0.0271453857421875 0.217788696289062 0.0282726287841797 0.000822067260742201
0.106185913085938 0.174652099609375 0.0450706481933594 0.0486679077148438
0.159927368164063 0.070648193359375 0.110221862792969 0.022705078125
0.171615600585938 -0.0124969482421875 0.134353637695312 -0.0318603515625
0.176666259765625 -0.0150299072265625 0.113685607910156 -0.0417251586914063
0.178482055664063 -0.06195068359375 0.122146606445313 -0.0504379272460938
0.178131103515625 -0.026611328125 0.093292236328125 -0.019561767578125
0.201263427734375 0.0367279052734375 0.0347328186035156 -0.000843048095703123
0.1925048828125 0.119583129882813 0.0118484497070313 -0.0444869995117188
0.0783538818359375 0.244674682617187 0.014862060546875 -0.0973968505859375
0.00221252441406248 0.259933471679687 0.0518035888671875 -0.16302490234375
-0.0995941162109375 0.247817993164063 0.170242309570313 -0.18426513671875
-0.20306396484375 0.260787963867187 0.00331115722656248 -0.112411499023437
-0.180770874023438 0.244171142578125 0.0219955444335937 -0.081817626953125
-0.10467529296875 0.328826904296875 0.0108375549316406 -0.0167217254638672
0.034515380859375 0.281463623046875 0.0183887481689453 -0.0116748809814453
0.13165283203125 0.232086181640625 0.0138320922851563 0.0235671997070313
0.207382202148438 0.101211547851563 0.0526504516601563 0.00122833251953126
0.217987060546875 -0.007354736328125 0.0584793090820313 -0.0204200744628906
0.21990966796875 -0.0149383544921875 0.0401420593261719 -0.0149993896484375
0.221954345703125 -0.072723388671875 0.0529289245605469 -0.0235023498535156
0.2144775390625 -0.03240966796875 0.0298404693603516 -0.00714302062988281
0.242218017578125 0.0416259765625 -0.00498008728027342 0.00926971435546875
0.230331420898438 0.130279541015625 -0.0105056762695312 -0.0352096557617188
0.106094360351562 0.280563354492188 0.0045318603515625 -0.0777740478515625
0.016326904296875 0.305267333984375 0.0521163940429687 -0.107940673828125
-0.11199951171875 0.307647705078125 0.127975463867188 -0.0985260009765625
-0.199310302734375 0.28497314453125 -0.0613136291503906 -0.01873779296875
-0.173583984375 0.276016235351562 -0.00629901885986329 -0.00896072387695311
-0.087677001953125 0.351959228515625 0.00435352325439453 0.00200676918029787
0.051300048828125 0.29541015625 0.00106430053710938 -0.0223712921142578
0.144317626953125 0.242828369140625 -0.0256023406982422 -0.00670433044433592
0.223648071289062 0.108062744140625 -0.0209484100341797 -0.0213375091552734
0.228927612304688 -0.00579833984375 -0.0308895111083984 -0.00485610961914063
0.228713989257813 -0.0125885009765625 -0.0390167236328125 0.0152549743652344
0.231475830078125 -0.0674591064453125 -0.0224990844726562 0.0105781555175781
0.217803955078125 -0.025146484375 -0.036834716796875 0.0111923217773437
0.241561889648438 0.0500030517578125 -0.0440826416015625 0.0208206176757812
0.224716186523438 0.132171630859375 -0.0301761627197265 -0.0213394165039062
0.1026611328125 0.27801513671875 0.000728607177734383 -0.0503692626953125
0.015655517578125 0.305389404296875 0.0573501586914063 -0.038116455078125
-0.114013671875 0.318817138671875 0.0840988159179687 0.00479888916015627
-0.161087036132813 0.259475708007813 -0.126091003417969 0.0827178955078125
-0.129745483398437 0.257156372070313 -0.0390472412109375 0.0716552734375
-0.04827880859375 0.30419921875 -0.00654220581054688 0.0249309539794922
0.0631866455078125 0.245452880859375 -0.0213871002197266 -0.024505615234375
0.132415771484375 0.201644897460937 -0.0652389526367187 -0.0311508178710937
0.19940185546875 0.08990478515625 -0.0959625244140625 -0.0344161987304687
0.201309204101562 -0.0048675537109375 -0.116111755371094 0.0168075561523438
0.201583862304688 -0.0075531005859375 -0.111564636230469 0.0450363159179687
0.205337524414063 -0.0477447509765625 -0.0932998657226562 0.0408401489257813
0.18756103515625 -0.0057830810546875 -0.0962066650390625 0.023529052734375
0.199371337890625 0.061553955078125 -0.0771484375 0.0239334106445313
0.175079345703125 0.125106811523437 -0.0447883605957031 -0.0102348327636719
0.068695068359375 0.237762451171875 -0.00021553039550781 -0.0227298736572265
0.00103759765624998 0.259719848632813 0.05859375 0.0322799682617188
-0.106292724609375 0.280410766601563 0.0383148193359375 0.104942321777344
-0.095550537109375 0.188446044921875 -0.172134399414063 0.172805786132812
-0.0639801025390625 0.188430786132813 -0.0622100830078125 0.142013549804688
-0.00605773925781249 0.194320678710938 -0.0179405212402344 0.0478363037109375
0.0552520751953125 0.14837646484375 -0.0419349670410156 -0.0131797790527344
0.09136962890625 0.124885559082031 -0.0931930541992188 -0.0399246215820313
0.138389587402344 0.0573196411132812 -0.15234375 -0.03131103515625
0.140029907226563 -0.0034027099609375 -0.181076049804688 0.0415496826171875
0.142196655273438 -0.001953125 -0.166656494140625 0.068603515625
0.149642944335938 -0.0210723876953125 -0.151931762695313 0.06060791015625
0.130775451660156 0.0134048461914062 -0.143417358398438 0.0222625732421875
0.127479553222656 0.063232421875 -0.0991668701171875 0.0112991333007813
0.100517272949219 0.0994796752929688 -0.053070068359375 -0.00646591186523436
0.026214599609375 0.162155151367188 -0.0032048225402832 0.00217151641845704
-0.0108489990234375 0.179046630859375 0.0457687377929688 0.0920562744140625
-0.0812835693359375 0.20166015625 -0.00817871093750002 0.186981201171875
-0.022369384765625 0.0800704956054688 -0.192733764648438 0.236221313476563
-0.00434112548828125 0.0829238891601563 -0.07012939453125 0.191879272460938
0.0133285522460938 0.0554275512695313 -0.0235328674316406 0.0678977966308594
0.0191497802734375 0.0401535034179688 -0.0509567260742187 0.00817489624023439
0.0254592895507812 0.0442123413085938 -0.10223388671875 -0.0342025756835937
0.0542716979980469 0.0282325744628906 -0.179122924804688 -0.015106201171875
0.056884765625 0.00546646118164063 -0.21368408203125 0.0659637451171875
0.0611991882324219 0.00432968139648438 -0.196578979492188 0.0816802978515625
0.0714950561523438 0.0023651123046875 -0.189987182617188 0.064544677734375
0.0586662292480469 0.0191993713378906 -0.16943359375 0.00712585449218748
0.0482025146484375 0.040863037109375 -0.105484008789063 -0.0121612548828125
0.0286903381347656 0.0468482971191406 -0.0544281005859375 -0.0103607177734375
0.00540542602539063 0.0639915466308594 -0.00911331176757813 0.0213909149169922
-0.00353240966796874 0.0803146362304688 0.0213470458984375 0.131607055664063
-0.0366592407226563 0.099456787109375 -0.049957275390625 0.236419677734375
-0.041229248046875 0.0122642517089844 0.0550994873046875 -0.268020629882812
-0.0439796447753906 0.0205421447753906 -3.05175781250007E-05 -0.174530029296875
-0.0217781066894531 0.0497627258300781 0.000169754028320314 -0.0278072357177734
0.00693130493164062 0.0396995544433594 0.0429878234863281 0.0156211853027344
0.02838134765625 0.0161933898925781 0.0956039428710938 0.049896240234375
0.0162191390991211 -0.00636482238769531 0.173202514648438 0.0149078369140625
0.0177135467529297 -0.0140666961669922 0.210357666015625 -0.0713653564453125
0.0240364074707031 -0.0105056762695313 0.201614379882813 -0.0860443115234375
0.0221233367919922 -0.0248661041259766 0.209381103515625 -0.079498291015625
0.0387992858886719 -0.0156021118164063 0.182907104492187 -0.0198822021484375
0.053314208984375 0.00293350219726563 0.102462768554688 -0.00205230712890625
0.0524177551269531 0.0408477783203125 0.0538825988769531 -0.0357093811035156
0.0109901428222656 0.0664215087890625 0.0391845703125 -0.0983047485351563
-0.00949859619140625 0.0579681396484375 0.0559234619140625 -0.206527709960938
-0.0144691467285156 0.0288963317871094 0.21923828125 -0.267135620117188
-0.106864929199219 0.122665405273438 0.063720703125 -0.248199462890625
-0.0948333740234375 0.113128662109375 0.02301025390625 -0.171112060546875
-0.0466461181640625 0.164749145507812 0.00685691833496093 -0.0318660736083984
0.0278167724609375 0.134124755859375 0.0353469848632812 0.0102424621582031
0.08062744140625 0.09423828125 0.0757217407226562 0.0571365356445313
0.09722900390625 0.0251388549804687 0.155059814453125 0.02301025390625
0.102989196777344 -0.0221633911132813 0.188308715820313 -0.05706787109375
0.111595153808594 -0.0197677612304687 0.171127319335937 -0.0729217529296875
0.109878540039063 -0.0511016845703125 0.176834106445313 -0.077301025390625
0.119346618652344 -0.0229339599609375 0.14788818359375 -0.0290374755859375
0.138763427734375 0.022918701171875 0.0730209350585938 -0.00698089599609375
0.134025573730469 0.09063720703125 0.0342521667480469 -0.0475082397460937
0.0470733642578125 0.175308227539063 0.0254287719726562 -0.107223510742187
-0.00592041015624999 0.177169799804688 0.04754638671875 -0.202468872070312
-0.0620574951171875 0.157058715820312 0.198989868164063 -0.252578735351563
-0.167694091796875 0.216445922851563 0.044921875 -0.1944580078125
-0.1456298828125 0.196823120117188 0.0302276611328125 -0.140914916992188
-0.0765533447265625 0.269561767578125 0.012969970703125 -0.0293006896972656
0.0387420654296875 0.222915649414063 0.0285110473632813 -0.00106239318847655
0.11907958984375 0.173660278320313 0.0486030578613281 0.0482368469238281
0.1676025390625 0.0655059814453125 0.114578247070313 0.018310546875
0.175506591796875 -0.0200042724609375 0.136711120605469 -0.0398406982421875
0.18292236328125 -0.02435302734375 0.115890502929688 -0.048919677734375
0.179763793945313 -0.07281494140625 0.123001098632813 -0.0592880249023438
0.18218994140625 -0.0349578857421875 0.0961227416992188 -0.0246124267578125
0.208084106445313 0.0281219482421875 0.0371971130371094 -0.00191879272460937
0.204544067382813 0.113906860351562 0.00983810424804689 -0.0469474792480469
0.0929107666015625 0.248886108398437 0.00996398925781251 -0.101211547851562
0.014862060546875 0.266189575195313 0.0442657470703125 -0.170761108398438
-0.090301513671875 0.263015747070313 0.165435791015625 -0.1983642578125
-0.196365356445313 0.280487060546875 -0.00270080566406251 -0.117401123046875
-0.174758911132812 0.261505126953125 0.017364501953125 -0.086090087890625
-0.08935546875 0.34576416015625 0.0142612457275391 -0.0169687271118164
0.049957275390625 0.28875732421875 0.0186634063720703 -0.0133781433105469
0.1495361328125 0.232498168945312 0.0152626037597656 0.0244712829589844
0.218612670898438 0.09478759765625 0.0529365539550781 -0.00114822387695312
0.2236328125 -0.017333984375 0.0586204528808594 -0.024017333984375
0.22705078125 -0.026580810546875 0.0418243408203125 -0.0174674987792969
0.223419189453125 -0.0862274169921875 0.0521354675292969 -0.027252197265625
0.21832275390625 -0.0431365966796875 0.0309219360351563 -0.0082244873046875
0.250350952148438 0.0303192138671875 -0.00330924987792967 0.0104618072509766
0.244277954101562 0.121826171875 -0.0131263732910156 -0.0363044738769531
0.12353515625 0.2850341796875 -3.05175781249887E-05 -0.0802383422851562
0.030181884765625 0.313690185546875 0.04718017578125 -0.113304138183594
-0.099945068359375 0.325836181640625 0.1260986328125 -0.106925964355469
-0.191741943359375 0.304901123046875 -0.0642662048339844 -0.0177230834960937
-0.16650390625 0.292877197265625 -0.00817108154296876 -0.00958347320556639
-0.07122802734375 0.367828369140625 0.00882720947265624 0.00249195098876955
0.06787109375 0.301788330078125 0.00101089477539063 -0.0234756469726562
0.163177490234375 0.242935180664062 -0.0269050598144531 -0.00496673583984373
0.23577880859375 0.1005859375 -0.0243167877197265 -0.0210819244384766
0.234909057617188 -0.0167388916015625 -0.0322971343994141 -0.00312232971191406
0.236557006835938 -0.025238037109375 -0.03802490234375 0.0183944702148438
0.234146118164062 -0.0816650390625 -0.0233592987060547 0.0122718811035156
0.222183227539063 -0.0363311767578125 -0.0370864868164062 0.0143699645996094
0.249801635742188 0.038970947265625 -0.0426445007324219 0.0240287780761719
0.2386474609375 0.12408447265625 -0.0317058563232422 -0.0208950042724609
0.120574951171875 0.282318115234375 -0.00339126586914062 -0.0516738891601562
0.030609130859375 0.313232421875 0.056365966796875 -0.0422401428222656
-0.101409912109375 0.3380126953125 0.0862350463867188 0.00197601318359377
-0.153305053710937 0.277740478515625 -0.125518798828125 0.09112548828125
-0.121185302734375 0.271865844726563 -0.0372772216796875 0.075225830078125
-0.0328369140625 0.316314697265625 -0.00150489807128906 0.0266494750976563
0.07781982421875 0.249969482421875 -0.0223484039306641 -0.0240592956542969
0.148788452148438 0.200759887695313 -0.0688285827636719 -0.028076171875
0.210357666015625 0.0828399658203125 -0.102493286132812 -0.030853271484375
0.206390380859375 -0.0146331787109375 -0.119766235351562 0.0238113403320313
0.208160400390625 -0.0191650390625 -0.110755920410156 0.0526351928710938
0.209014892578125 -0.0600738525390625 -0.094329833984375 0.0484771728515625
0.191970825195313 -0.014923095703125 -0.0980148315429687 0.0304031372070313
0.20703125 0.0523223876953125 -0.0767898559570312 0.0284042358398438
0.187301635742188 0.119186401367187 -0.0461883544921875 -0.00843048095703123
0.083343505859375 0.242355346679688 -0.00257301330566406 -0.0228729248046875
0.01348876953125 0.26702880859375 0.0617027282714844 0.0298347473144531
-0.0955810546875 0.296600341796875 0.0448760986328125 0.107765197753906
-0.089324951171875 0.200897216796875 -0.167510986328125 0.186874389648438
-0.05670166015625 0.198211669921875 -0.0571746826171875 0.148635864257813
0.00473022460937499 0.200439453125 -0.01318359375 0.0495033264160156
0.0643463134765625 0.149566650390625 -0.0426979064941406 -0.011077880859375
0.102104187011719 0.124107360839844 -0.0979766845703125 -0.035552978515625
0.146209716796875 0.0521240234375 -0.160980224609375 -0.0245513916015625
0.143310546875 -0.01019287109375 -0.18438720703125 0.0535125732421875
0.146591186523438 -0.009552001953125 -0.166549682617187 0.079803466796875
0.1527099609375 -0.0298614501953125 -0.153244018554688 0.0715789794921875
0.134849548339844 0.0079803466796875 -0.146896362304688 0.031005859375
0.133628845214844 0.0581436157226563 -0.100349426269531 0.0165481567382812
0.1082763671875 0.0967788696289063 -0.0543174743652344 -0.00463485717773436
0.0358734130859375 0.166641235351563 -0.00413250923156738 0.0030198097229004
-0.00340270996093752 0.18524169921875 0.0522918701171875 0.0916595458984375
-0.073822021484375 0.214279174804687 0.00155639648437499 0.194046020507812
-0.0200576782226563 0.0851898193359375 -0.18463134765625 0.253509521484375
-9.1552734374999E-05 0.086029052734375 -0.062896728515625 0.20111083984375
0.0161476135253906 0.056365966796875 -0.0189056396484375 0.070526123046875
0.0218658447265625 0.0398368835449219 -0.0506782531738281 0.010894775390625
0.0292549133300781 0.0450096130371094 -0.107704162597656 -0.0299835205078125
0.0575637817382812 0.0262794494628906 -0.187332153320313 -0.00633239746093749
0.0586776733398438 0.00271987915039063 -0.216278076171875 0.0789642333984375
0.0634613037109375 0.00152587890625 -0.196517944335937 0.094757080078125
0.0748519897460938 -0.0012359619140625 -0.191970825195313 0.07818603515625
0.0609664916992187 0.0164451599121094 -0.174530029296875 0.0171356201171875
0.0516853332519531 0.0390815734863281 -0.108917236328125 -0.00772094726562497
0.0319900512695313 0.0461006164550781 -0.055877685546875 -0.00785446166992188
0.00899124145507812 0.0661582946777344 -0.00845527648925781 0.0224514007568359
0.000221252441406242 0.08319091796875 0.0290069580078125 0.134307861328125
-0.0329360961914063 0.10528564453125 -0.0385284423828125 0.247207641601563
-0.0401802062988281 0.014251708984375 0.04022216796875 -0.271881103515625
-0.0433845520019531 0.0231857299804688 -0.010772705078125 -0.173782348632813
-0.0187492370605469 0.0511054992675781 -0.000789642333984375 -0.0269985198974609
0.00878524780273437 0.0405082702636719 0.0424613952636719 0.0128364562988281
0.0284957885742187 0.014617919921875 0.0974044799804687 0.0451431274414063
0.0154991149902344 -0.00620651245117188 0.175308227539063 0.0067138671875
0.0173749923706055 -0.014129638671875 0.206893920898438 -0.08270263671875
0.0238857269287109 -0.0112552642822266 0.19683837890625 -0.098480224609375
0.0200595855712891 -0.0256404876708984 0.205154418945313 -0.09283447265625
0.038330078125 -0.0176429748535156 0.183563232421875 -0.0307769775390625
0.0535049438476563 0.00041961669921875 0.102706909179688 -0.00594329833984375
0.055145263671875 0.0380058288574219 0.0521316528320313 -0.03863525390625
0.014190673828125 0.0651664733886719 0.0340118408203125 -0.101234436035156
-0.0064697265625 0.0579414367675781 0.0438079833984375 -0.2095947265625
-0.0129203796386719 0.0306549072265625 0.204269409179688 -0.280670166015625
-0.100265502929688 0.129241943359375 0.049713134765625 -0.253463745117188
-0.0904998779296875 0.118362426757812 0.01239013671875 -0.172103881835938
-0.0371551513671875 0.168121337890625 0.00696372985839843 -0.0323314666748047
0.0355758666992188 0.133468627929688 0.0351829528808594 0.00806427001953126
0.0861282348632813 0.0897216796875 0.0787887573242188 0.053436279296875
0.0980758666992188 0.0204544067382813 0.157241821289063 0.0152130126953125
0.101837158203125 -0.0266036987304687 0.185379028320313 -0.067626953125
0.110992431640625 -0.0258102416992188 0.167587280273438 -0.0831146240234375
0.106346130371094 -0.0568084716796875 0.172760009765625 -0.0885009765625
0.118156433105469 -0.02886962890625 0.148178100585938 -0.0374908447265625
0.140182495117188 0.0158538818359375 0.0737075805664063 -0.01019287109375
0.139259338378906 0.083587646484375 0.03131103515625 -0.0498390197753906
0.0562286376953125 0.173370361328125 0.0189056396484375 -0.108901977539063
0.00260925292968752 0.176864624023438 0.0355377197265625 -0.205352783203125
-0.05303955078125 0.16229248046875 0.183944702148437 -0.264053344726562
-0.155410766601563 0.227264404296875 0.0334930419921875 -0.198593139648438
-0.136917114257813 0.205154418945312 0.021575927734375 -0.143051147460937
-0.0606842041015625 0.275299072265625 0.0147514343261719 -0.030160903930664
0.050811767578125 0.2225341796875 0.0280799865722656 -0.00242233276367186
0.130126953125 0.167770385742188 0.0513076782226563 0.0454750061035156
0.170654296875 0.056640625 0.115249633789063 0.0121688842773438
0.175048828125 -0.028289794921875 0.134063720703125 -0.0475387573242187
0.182586669921875 -0.034698486328125 0.114021301269531 -0.0559921264648438
0.1751708984375 -0.0830078125 0.119117736816406 -0.067108154296875
0.179672241210937 -0.0441436767578125 0.0962295532226563 -0.0301132202148438
0.209869384765625 0.0175018310546875 0.0387344360351563 -0.00297164916992187
0.211532592773437 0.102264404296875 0.00657653808593751 -0.0479660034179687
0.107086181640625 0.245880126953125 0.00341796875 -0.101432800292969
0.02789306640625 0.26507568359375 0.0341644287109375 -0.172927856445312
-0.07568359375 0.270736694335938 0.152786254882812 -0.207672119140625
-0.18145751953125 0.29364013671875 -0.00978851318359375 -0.118560791015625
-0.162155151367188 0.271240234375 0.0116729736328125 -0.0873031616210938
-0.069061279296875 0.3511962890625 0.0169677734375 -0.01861572265625
0.06610107421875 0.28680419921875 0.0182247161865234 -0.0145149230957031
0.164703369140625 0.224380493164063 0.0164604187011719 0.0238380432128906
0.223617553710937 0.08404541015625 0.0520820617675781 -0.00412368774414062
0.222824096679688 -0.028564453125 0.0572509765625 -0.0276718139648438
0.22747802734375 -0.039764404296875 0.0418624877929688 -0.0198173522949219
0.21826171875 -0.0990447998046875 0.0501594543457031 -0.0307197570800781
0.215850830078125 -0.05450439453125 0.0315666198730469 -0.00945854187011719
0.252044677734375 0.0168914794921875 -0.00111293792724608 0.0108623504638672
0.252090454101563 0.108184814453125 -0.015106201171875 -0.035888671875
0.14019775390625 0.2799072265625 -0.00502777099609374 -0.079376220703125
0.0462646484375 0.3114013671875 0.039947509765625 -0.115577697753906
-0.082183837890625 0.335052490234375 0.118949890136719 -0.112991333007812
-0.176055908203125 0.31817626953125 -0.0654106140136719 -0.0149765014648437
-0.152313232421875 0.303192138671875 -0.00932979583740235 -0.00973987579345701
-0.049407958984375 0.3731689453125 0.0132427215576172 0.000744819641113304
0.084442138671875 0.299285888671875 0.000518798828125005 -0.0238590240478515
0.179595947265625 0.2342529296875 -0.0266075134277344 -0.00328636169433592
0.241973876953125 0.0880889892578125 -0.0277652740478516 -0.0194187164306641
0.234329223632813 -0.0279998779296875 -0.0332717895507812 -0.00128173828125
0.236572265625 -0.03912353515625 -0.0359687805175781 0.0207290649414062
0.229080200195313 -0.0952606201171875 -0.0230178833007812 0.0141220092773437
0.219802856445313 -0.047271728515625 -0.0358810424804687 0.01727294921875
0.252212524414063 0.0250091552734375 -0.0400962829589844 0.0266036987304688
0.24652099609375 0.109817504882812 -0.0331382751464844 -0.0194206237792969
0.136962890625 0.277008056640625 -0.00700759887695311 -0.050628662109375
0.046630859375 0.3115234375 0.0534095764160156 -0.0450363159179687
-0.082305908203125 0.34771728515625 0.0858306884765625 -0.00125122070312498
-0.13873291015625 0.288909912109375 -0.120635986328125 0.0979843139648438
-0.108139038085938 0.279525756835938 -0.0340347290039063 0.07659912109375
-0.014617919921875 0.31964111328125 0.00314521789550781 0.0246410369873047
0.09130859375 0.246170043945312 -0.0223293304443359 -0.0233783721923828
0.162277221679688 0.193038940429688 -0.0701255798339844 -0.0243072509765625
0.215560913085937 0.071746826171875 -0.106475830078125 -0.0244674682617188
0.205886840820313 -0.025360107421875 -0.1187744140625 0.0309295654296875
0.20867919921875 -0.0307769775390625 -0.106742858886719 0.05889892578125
0.2056884765625 -0.072052001953125 -0.091522216796875 0.0547561645507813
0.191192626953125 -0.02435302734375 -0.0964279174804688 0.0369338989257812
0.209335327148438 0.04132080078125 -0.0739364624023437 0.0326690673828125
0.193954467773438 0.10797119140625 -0.0468177795410156 -0.00661849975585936
0.097412109375 0.239456176757812 -0.00454330444335937 -0.0217609405517578
0.027618408203125 0.266204833984375 0.0629959106445313 0.0267143249511719
-0.079010009765625 0.30596923828125 0.051116943359375 0.107109069824219
-0.0790863037109375 0.2078857421875 -0.15753173828125 0.196014404296875
-0.0459442138671875 0.201828002929688 -0.0489959716796875 0.151641845703125
0.0159759521484375 0.201309204101563 -0.0081939697265625 0.0493736267089844
0.0732879638671875 0.146591186523438 -0.0421104431152344 -0.00972366333007812
0.110328674316406 0.118698120117188 -0.0995864868164062 -0.0302658081054687
0.15008544921875 0.044677734375 -0.164382934570313 -0.0145721435546875
0.142868041992188 -0.0174102783203125 -0.181915283203125 0.0645599365234375
0.14764404296875 -0.018310546875 -0.160934448242188 0.089111328125
0.15203857421875 -0.03839111328125 -0.149002075195313 0.0822296142578125
0.135154724121094 0.0019989013671875 -0.145416259765625 0.0404815673828125
0.136161804199219 0.0510482788085938 -0.0985488891601562 0.0215606689453125
0.114349365234375 0.0900497436523437 -0.0546531677246094 -0.00135040283203125
0.0458831787109375 0.1661376953125 -0.00434184074401855 0.00410485267639161
0.0064544677734375 0.185699462890625 0.057708740234375 0.088775634765625
-0.0621795654296875 0.220687866210937 0.012939453125 0.195816040039063
-0.0157928466796875 0.0873641967773437 -0.170425415039063 0.26348876953125
0.00502777099609375 0.0860443115234375 -0.05084228515625 0.204116821289063
0.0195693969726563 0.0557403564453125 -0.013763427734375 0.0705413818359375
0.0244483947753906 0.0378646850585938 -0.0486717224121094 0.0130500793457031
0.0324935913085938 0.0434112548828125 -0.109062194824219 -0.0240097045898437
0.0604286193847656 0.023193359375 -0.189208984375 0.00489807128906253
0.0583877563476563 -0.000102996826171875 -0.212051391601563 0.0924224853515625
0.0641746520996094 -0.00200653076171875 -0.190048217773438 0.105728149414062
0.0751113891601562 -0.0056610107421875 -0.186813354492187 0.090667724609375
0.0618171691894531 0.0138473510742188 -0.174331665039062 0.027862548828125
0.0531082153320313 0.0363121032714844 -0.108901977539063 -0.00238800048828126
0.0349273681640625 0.0438308715820313 -0.0556793212890625 -0.00471115112304688
0.0130348205566406 0.0667190551757813 -0.00721359252929687 0.0231666564941406
0.00444793701171876 0.0833358764648438 0.0368881225585937 0.132156372070313
-0.0272140502929687 0.108657836914063 -0.024658203125 0.25079345703125
-0.0389366149902344 0.0152320861816406 0.0300140380859375 -0.270889282226563
-0.042877197265625 0.0240020751953125 -0.0167388916015625 -0.170501708984375
-0.0161972045898438 0.051666259765625 -0.00151443481445313 -0.0264568328857422
0.0104713439941406 0.0398406982421875 0.0407295227050781 0.0111236572265625
0.0278244018554688 0.0129451751708984 0.096710205078125 0.0415878295898438
0.0142145156860352 -0.00576972961425781 0.174209594726563 0.001251220703125
0.0170841217041016 -0.0141429901123047 0.201385498046875 -0.0896148681640625
0.0233230590820313 -0.0118789672851563 0.190399169921875 -0.104537963867188
0.0183315277099609 -0.0252342224121094 0.198837280273438 -0.100112915039063
0.0367012023925781 -0.0184974670410156 0.18157958984375 -0.03704833984375
0.0527000427246094 -0.00092315673828125 0.101966857910156 -0.00887298583984375
0.0555686950683594 0.0362510681152344 0.0492095947265625 -0.0399703979492188
0.0155830383300781 0.0642585754394531 0.02935791015625 -0.100753784179688
-0.00476455688476562 0.0565261840820313 0.0356597900390625 -0.2073974609375
-0.0109481811523437 0.0310077667236328 0.190185546875 -0.284088134765625
-0.0948562622070312 0.131019592285156 0.03961181640625 -0.252853393554688
-0.0861663818359375 0.119651794433594 0.00607299804687499 -0.169509887695313
-0.0299072265625 0.167617797851563 0.00695991516113281 -0.0323333740234375
0.0395584106445313 0.130683898925781 0.0335483551025391 0.00616264343261719
0.0882644653320313 0.0850448608398438 0.0790481567382813 0.0507583618164063
0.0967025756835938 0.0182952880859375 0.15625 0.0105743408203125
0.0997467041015625 -0.0283889770507813 0.180862426757813 -0.0741729736328125
0.109504699707031 -0.0295486450195313 0.162078857421875 -0.08843994140625
0.10223388671875 -0.0588226318359375 0.166488647460938 -0.0945892333984375
0.116004943847656 -0.0315399169921875 0.146377563476563 -0.04290771484375
0.138862609863281 0.01177978515625 0.0731124877929688 -0.0118026733398438
0.14007568359375 0.0778884887695313 0.0283584594726563 -0.0505752563476562
0.061492919921875 0.16961669921875 0.0150680541992188 -0.108024597167969
0.00775146484375001 0.173568725585938 0.028076171875 -0.202362060546875
-0.04644775390625 0.163314819335938 0.1712646484375 -0.266372680664063
-0.145187377929688 0.230117797851562 0.0255126953125 -0.19793701171875
-0.129837036132813 0.20684814453125 0.015594482421875 -0.141525268554688
-0.048583984375 0.27374267578125 0.0160732269287109 -0.0312252044677734
0.0578155517578125 0.217880249023437 0.0270061492919922 -0.00364303588867186
0.134979248046875 0.160171508789062 0.0522613525390625 0.0438690185546875
0.170074462890625 0.0509185791015625 0.113555908203125 0.0084381103515625
0.172088623046875 -0.0327606201171875 0.130828857421875 -0.052093505859375
0.180496215820313 -0.0409088134765625 0.110725402832031 -0.0594024658203125
0.169692993164063 -0.0876617431640625 0.114662170410156 -0.0715179443359375
0.175827026367188 -0.04876708984375 0.0949478149414063 -0.0334014892578125
0.207412719726563 0.010162353515625 0.0389213562011719 -0.00414276123046875
0.212326049804688 0.0932464599609375 0.00492477416992189 -0.0479087829589844
0.113845825195312 0.239944458007813 0.000320434570312498 -0.0994491577148437
0.0353240966796875 0.260208129882813 0.02716064453125 -0.17083740234375
-0.064971923828125 0.271942138671875 0.142715454101563 -0.208892822265625
-0.16827392578125 0.2965087890625 -0.0148544311523438 -0.117782592773437
-0.152908325195313 0.2735595703125 0.00757598876953124 -0.0863037109375
-0.054168701171875 0.3497314453125 0.0195751190185547 -0.0209274291992187
0.07513427734375 0.28131103515625 0.0176906585693359 -0.0154609680175781
0.17095947265625 0.214706420898438 0.0174808502197266 0.0234451293945313
0.223663330078125 0.0753326416015625 0.0497283935546875 -0.00521469116210937
0.219070434570313 -0.0345306396484375 0.0550613403320313 -0.0296249389648438
0.22418212890625 -0.0475921630859375 0.0411262512207031 -0.0218124389648438
0.211196899414063 -0.10479736328125 0.0479278564453125 -0.03192138671875
0.2110595703125 -0.0595245361328125 0.0313758850097656 -0.0106296539306641
0.248458862304688 0.0082244873046875 0.00075149536132814 0.0108547210693359
0.252182006835938 0.0975799560546875 -0.0162620544433594 -0.0356101989746094
0.14837646484375 0.272964477539063 -0.00856018066406248 -0.0767822265625
0.0562744140625 0.305450439453125 0.0351028442382813 -0.114395141601562
-0.069366455078125 0.3353271484375 0.112831115722656 -0.114234924316406
-0.162353515625 0.321258544921875 -0.0656700134277344 -0.013031005859375
-0.140716552734375 0.305023193359375 -0.0111627578735352 -0.00938224792480467
-0.03460693359375 0.370849609375 0.0163631439208984 -0.00161743164062498
0.093719482421875 0.2921142578125 0.000642776489257817 -0.024301528930664
0.18695068359375 0.224594116210937 -0.0257110595703125 -0.00195121765136717
0.241256713867188 0.0792694091796875 -0.0298423767089844 -0.0183658599853516
0.230255126953125 -0.0348052978515625 -0.0332050323486328 9.15527343750026E-05
0.233612060546875 -0.047393798828125 -0.0336170196533203 0.021453857421875
0.221755981445313 -0.10174560546875 -0.0224132537841797 0.0157279968261719
0.215377807617188 -0.0531158447265625 -0.03448486328125 0.0183963775634766
0.248779296875 0.016082763671875 -0.0373611450195312 0.0273933410644531
0.247039794921875 0.0991363525390625 -0.0333232879638672 -0.0182857513427734
0.14544677734375 0.270355224609375 -0.00836181640624999 -0.04803466796875
0.05572509765625 0.30584716796875 0.0508613586425781 -0.0459480285644531
-0.0692138671875 0.347747802734375 0.0843429565429688 -0.00262451171874998
-0.1273193359375 0.291107177734375 -0.116401672363281 0.100265502929688
-0.098297119140625 0.280517578125 -0.0317230224609375 0.0763702392578125
-0.00219726562500001 0.316070556640625 0.00645828247070313 0.0223159790039063
0.0985260009765625 0.239227294921875 -0.0219230651855469 -0.0231094360351562
0.16815185546875 0.184661865234375 -0.0689773559570312 -0.0214080810546875
0.215164184570312 0.063507080078125 -0.107948303222656 -0.020050048828125
0.2020263671875 -0.0306549072265625 -0.116676330566406 0.0353012084960938
0.206039428710938 -0.03857421875 -0.101882934570312 0.06195068359375
0.199966430664063 -0.0789642333984375 -0.087982177734375 0.0578765869140625
0.187026977539063 -0.0292816162109375 -0.0933990478515625 0.0403900146484375
0.207077026367188 0.0331268310546875 -0.0706710815429687 0.0344085693359375
0.195114135742188 0.09857177734375 -0.0462417602539062 -0.00501632690429687
0.105194091796875 0.233718872070313 -0.00535583496093749 -0.0200939178466797
0.0355987548828125 0.261871337890625 0.0631523132324219 0.0242843627929688
-0.067596435546875 0.306854248046875 0.0544586181640625 0.10540771484375
-0.0706329345703125 0.209091186523438 -0.148117065429688 0.197891235351562
-0.039642333984375 0.200942993164063 -0.0443878173828125 0.150909423828125
0.02288818359375 0.198348999023438 -0.00505828857421875 0.0472450256347656
0.076904296875 0.141250610351563 -0.0404167175292969 -0.00861740112304686
0.114501953125 0.113029479980469 -0.0984268188476562 -0.0262069702148437
0.149856567382813 0.0391082763671875 -0.164794921875 -0.0085296630859375
0.139839172363281 -0.0213241577148437 -0.177871704101563 0.0710601806640625
0.145462036132812 -0.02392578125 -0.154449462890625 0.0934295654296875
0.148452758789063 -0.044158935546875 -0.142730712890625 0.08740234375
0.133049011230469 -0.00218963623046875 -0.142074584960938 0.04608154296875
0.135414123535156 0.0457000732421875 -0.0961532592773437 0.0239334106445312
0.115585327148437 0.0839767456054688 -0.0536727905273437 0.000282287597656267
0.05181884765625 0.162689208984375 -0.00400686264038086 0.0050792694091797
0.011993408203125 0.182785034179688 0.060150146484375 0.0853500366210938
-0.0536956787109375 0.221511840820313 0.0196685791015625 0.193649291992188
-0.012176513671875 0.087921142578125 -0.158737182617188 0.265289306640625
0.00852203369140624 0.0845108032226563 -0.0440673828125 0.202606201171875
0.0206260681152344 0.0548820495605469 -0.0110664367675781 0.0686111450195313
0.0252265930175781 0.0360870361328125 -0.046234130859375 0.0136680603027344
0.0344505310058594 0.0413894653320313 -0.10797119140625 -0.0203170776367188
0.0607147216796875 0.0206985473632813 -0.18865966796875 0.0113067626953125
0.0575981140136719 -0.00143051147460938 -0.206985473632812 0.100006103515625
0.0634536743164062 -0.0043792724609375 -0.182754516601562 0.110870361328125
0.0746078491210938 -0.00878143310546875 -0.1798095703125 0.097503662109375
0.0611190795898437 0.0118331909179687 -0.17120361328125 0.0341644287109375
0.0529327392578125 0.0342521667480469 -0.107315063476563 0.000495910644531243
0.0357398986816406 0.0414581298828125 -0.0548477172851563 -0.00301742553710938
0.0160026550292969 0.0655288696289063 -0.00617218017578125 0.0236415863037109
0.00693511962890624 0.082611083984375 0.0416107177734375 0.128372192382813
-0.0240936279296875 0.10955810546875 -0.0152130126953125 0.249191284179688
-0.0388603210449219 0.0154342651367187 0.0270233154296875 -0.269821166992188
-0.0423431396484375 0.0243110656738281 -0.018707275390625 -0.168930053710938
-0.0149383544921875 0.0510139465332031 -0.00111007690429688 -0.0266399383544922
0.011016845703125 0.0399169921875 0.0392990112304687 0.0105361938476563
0.0270595550537109 0.0123538970947266 0.0950851440429688 0.0414276123046875
0.0129289627075195 -0.00561428070068359 0.173904418945312 -0.00067138671875
0.016911506652832 -0.0133180618286133 0.19879150390625 -0.092132568359375
0.0232868194580078 -0.0121574401855469 0.187652587890625 -0.106399536132813
0.0169200897216797 -0.0241336822509766 0.1949462890625 -0.103179931640625
0.0362281799316406 -0.0185699462890625 0.181137084960937 -0.0405426025390625
0.0522499084472656 -0.00117874145507813 0.101760864257813 -0.0085296630859375
0.0555839538574219 0.0356216430664063 0.0484733581542969 -0.0403823852539063
0.0155830383300781 0.0632591247558594 0.027740478515625 -0.100570678710938
-0.00465774536132812 0.0554389953613281 0.0328826904296875 -0.205276489257813
-0.0100593566894531 0.0314884185791016 0.18438720703125 -0.283203125
-0.0920486450195313 0.131439208984375 0.03631591796875 -0.25201416015625
-0.0851898193359375 0.120208740234375 0.00366210937499998 -0.1685791015625
-0.02667236328125 0.166534423828125 0.00888442993164062 -0.0332069396972656
0.0410232543945312 0.129127502441406 0.0322017669677734 0.0061473846435547
0.0884475708007813 0.08270263671875 0.077972412109375 0.05084228515625
0.0953216552734375 0.0174942016601562 0.155563354492188 0.009185791015625
0.0986328125 -0.028564453125 0.178359985351563 -0.076141357421875
0.109222412109375 -0.0306015014648437 0.159561157226563 -0.090850830078125
0.0999298095703125 -0.0587692260742188 0.16339111328125 -0.0967254638671875
0.114295959472656 -0.0319366455078125 0.145919799804688 -0.0451812744140625
0.137809753417969 0.0102920532226563 0.073760986328125 -0.0118637084960938
0.139915466308594 0.0759811401367188 0.0273399353027344 -0.0505828857421875
0.0625457763671875 0.168365478515625 0.0132904052734375 -0.107048034667969
0.00874328613281248 0.171524047851563 0.024749755859375 -0.200942993164062
-0.043731689453125 0.163375854492187 0.166122436523438 -0.264938354492188
-0.141952514648438 0.229934692382813 0.0218353271484375 -0.197845458984375
-0.128280639648438 0.207656860351562 0.012664794921875 -0.140823364257813
-0.0438232421875 0.27215576171875 0.0176868438720703 -0.0333690643310547
0.06005859375 0.21588134765625 0.0267257690429688 -0.00439262390136717
0.13623046875 0.156387329101563 0.0513992309570313 0.043365478515625
0.1678466796875 0.0494537353515625 0.112823486328125 0.0076141357421875
0.170211791992187 -0.0336151123046875 0.129081726074219 -0.0546188354492188
0.179672241210938 -0.043426513671875 0.109344482421875 -0.0608444213867188
0.16644287109375 -0.087890625 0.11236572265625 -0.0718612670898438
0.173812866210938 -0.0496978759765625 0.0949859619140625 -0.0348052978515625
0.205718994140625 0.0082855224609375 0.039825439453125 -0.00363540649414063
0.211700439453125 0.091033935546875 0.00401687622070314 -0.0482521057128906
0.116363525390625 0.237548828125 -0.00125885009765625 -0.097869873046875
0.0368194580078125 0.257675170898438 0.02447509765625 -0.169021606445312
-0.06097412109375 0.27264404296875 0.138320922851562 -0.207717895507812
-0.16339111328125 0.29693603515625 -0.0166473388671875 -0.117851257324219
-0.14971923828125 0.27410888671875 0.00502014160156248 -0.0867233276367187
-0.047454833984375 0.347900390625 0.0217838287353516 -0.0231285095214844
0.0782928466796875 0.278228759765625 0.0174665451049805 -0.0162239074707031
0.173355102539063 0.210235595703125 0.0180492401123047 0.023468017578125
0.22161865234375 0.07305908203125 0.0482940673828125 -0.00502777099609375
0.21697998046875 -0.03619384765625 0.0532188415527344 -0.0300178527832031
0.2236328125 -0.0509490966796875 0.0405387878417969 -0.0220985412597656
0.207748413085938 -0.1068115234375 0.0472984313964844 -0.0318641662597656
0.208770751953125 -0.0605621337890625 0.0314826965332031 -0.0107898712158203
0.246383666992188 0.0049896240234375 0.00186824798583986 0.0109214782714844
0.251205444335938 0.0928497314453125 -0.0167961120605469 -0.035247802734375
0.151565551757812 0.270767211914063 -0.00865936279296875 -0.0752487182617187
0.0577392578125 0.302154541015625 0.0329666137695313 -0.113433837890625
-0.06475830078125 0.33642578125 0.110160827636719 -0.112831115722656
-0.1572265625 0.321563720703125 -0.06610107421875 -0.0130691528320312
-0.138519287109375 0.3055419921875 -0.0125207901000977 -0.00956058502197264
-0.028350830078125 0.368499755859375 0.0185508728027344 -0.0043830871582031
0.09661865234375 0.288238525390625 0.000856399536132819 -0.0249271392822265
0.188796997070313 0.219711303710938 -0.0249099731445312 -0.00132179260253905
0.240554809570313 0.076812744140625 -0.0312538146972656 -0.01641845703125
0.2281494140625 -0.0362548828125 -0.0336742401123047 0.000978469848632806
0.232208251953125 -0.05126953125 -0.0327415466308594 0.0211563110351562
0.218536376953125 -0.104110717773438 -0.0216274261474609 0.0161056518554687
0.212509155273438 -0.0541534423828125 -0.0335655212402344 0.0188121795654297
0.245849609375 0.0125732421875 -0.0357551574707031 0.0273208618164063
0.24554443359375 0.09442138671875 -0.0332679748535156 -0.0189399719238281
0.149002075195313 0.268035888671875 -0.00873565673828124 -0.0464706420898437
0.0579833984375 0.302520751953125 0.0500144958496094 -0.0460090637207031
-0.063812255859375 0.348846435546875 0.0839309692382813 -0.00147247314453123
-0.12249755859375 0.2913818359375 -0.1146240234375 0.0995941162109375
-0.0948028564453125 0.279937744140625 -0.0324249267578125 0.07598876953125
0.00183105468749997 0.314788818359375 0.00796127319335937 0.0195808410644531
0.100570678710938 0.23651123046875 -0.0209121704101562 -0.0238761901855469
0.170379638671875 0.180374145507812 -0.068084716796875 -0.0203056335449219
0.214218139648437 0.0606231689453125 -0.109077453613281 -0.0174102783203125
0.200363159179688 -0.032196044921875 -0.116020202636719 0.0374679565429687
0.204971313476562 -0.0415496826171875 -0.0998458862304687 0.0621871948242188
0.197067260742188 -0.0810546875 -0.0853652954101562 0.0597763061523438
0.18487548828125 -0.030487060546875 -0.0921478271484375 0.0421524047851563
0.20550537109375 0.030548095703125 -0.06890869140625 0.0343971252441406
0.194442749023438 0.0947723388671875 -0.0455894470214844 -0.004974365234375
0.108291625976563 0.231597900390625 -0.00483322143554687 -0.0188255310058594
0.0371246337890625 0.259658813476563 0.06298828125 0.0234603881835938
-0.063079833984375 0.306884765625 0.055633544921875 0.105339050292969
-0.0675048828125 0.2091064453125 -0.14471435546875 0.19781494140625
-0.037841796875 0.200164794921875 -0.0436859130859375 0.149978637695312
0.0252227783203125 0.19757080078125 -0.00392913818359374 0.04486083984375
0.0775680541992188 0.139312744140625 -0.0389595031738281 -0.00913238525390624
0.115768432617188 0.11065673828125 -0.0972747802734375 -0.0257644653320313
0.149658203125 0.0367431640625 -0.165130615234375 -0.00547790527343752
0.138916015625 -0.0216598510742188 -0.175704956054688 0.073577880859375
0.1448974609375 -0.0258331298828125 -0.150741577148437 0.0946044921875
0.146591186523438 -0.0460357666015625 -0.139404296875 0.0887298583984375
0.131820678710938 -0.0028533935546875 -0.140090942382813 0.0481719970703125
0.134567260742188 0.0437469482421875 -0.0943145751953125 0.024261474609375
0.114959716796875 0.0809326171875 -0.0526084899902344 4.57763671874965E-05
0.054534912109375 0.16192626953125 -0.00338459014892578 0.00537681579589845
0.0134429931640625 0.181533813476563 0.0610580444335937 0.083709716796875
-0.0509796142578125 0.222244262695312 0.023040771484375 0.193130493164062
-0.0111160278320312 0.0885086059570313 -0.153961181640625 0.264663696289063
0.00870513916015626 0.0836181640625 -0.04205322265625 0.200912475585938
0.0207710266113281 0.05438232421875 -0.0101890563964844 0.067779541015625
0.025177001953125 0.0349617004394531 -0.0447044372558594 0.0132408142089844
0.0353927612304688 0.0405693054199219 -0.106834411621094 -0.01922607421875
0.0608673095703125 0.0195999145507812 -0.188064575195313 0.014434814453125
0.0571861267089844 -0.00173568725585937 -0.203475952148438 0.102981567382813
0.0632095336914063 -0.00522994995117188 -0.178451538085937 0.112289428710938
0.0741043090820312 -0.0105972290039062 -0.175430297851562 0.099456787109375
0.0608482360839844 0.0116004943847656 -0.169342041015625 0.037200927734375
0.0523605346679688 0.033538818359375 -0.106796264648437 0.00112915039062501
0.03558349609375 0.04034423828125 -0.0541877746582031 -0.00254058837890625
0.0173721313476562 0.0648918151855469 -0.00552558898925781 0.0233669281005859
0.00814056396484375 0.0818023681640625 0.0429611206054687 0.126296997070313
-0.0224990844726562 0.110107421875 -0.011810302734375 0.247299194335938
-0.0399398803710938 0.0154457092285156 0.027587890625 -0.274246215820312
-0.0428276062011719 0.0248260498046875 -0.01849365234375 -0.171798706054688
-0.0146636962890625 0.0520858764648438 -0.000503540039062499 -0.0272846221923828
0.0116462707519531 0.040557861328125 0.0381050109863281 0.0111198425292969
0.0267810821533203 0.0121517181396484 0.0956497192382813 0.043121337890625
0.0126972198486328 -0.00467205047607422 0.177490234375 -1.52587890625003E-05
0.0171775817871094 -0.013275146484375 0.201095581054687 -0.0951690673828125
0.0238819122314453 -0.0121192932128906 0.188888549804687 -0.109130859375
0.0174541473388672 -0.0238533020019531 0.19683837890625 -0.105926513671875
0.03662109375 -0.0184326171875 0.184982299804688 -0.0423431396484375
0.0532722473144531 -0.0011444091796875 0.103889465332031 -0.00777435302734375
0.0568656921386719 0.0363426208496094 0.048583984375 -0.0408287048339844
0.0151290893554687 0.0643272399902344 0.0279617309570312 -0.101875305175781
-0.00506591796875 0.0556602478027344 0.03277587890625 -0.207931518554688
-0.00996589660644531 0.0320320129394531 0.18511962890625 -0.2867431640625
-0.0939865112304687 0.13323974609375 0.036102294921875 -0.255950927734375
-0.0872879028320312 0.122100830078125 0.00332641601562499 -0.1707763671875
-0.02532958984375 0.169403076171875 0.0101585388183594 -0.0350914001464844
0.0423583984375 0.130859375 0.0320987701416016 0.00590515136718751
0.0887069702148438 0.0828628540039063 0.07879638671875 0.0521926879882813
0.0954360961914063 0.018310546875 0.157699584960938 0.01007080078125
0.100120544433594 -0.0277633666992188 0.180068969726562 -0.0788726806640625
0.111045837402344 -0.0318374633789063 0.161529541015625 -0.092498779296875
0.100906372070313 -0.0584869384765625 0.164794921875 -0.099700927734375
0.115669250488281 -0.0319366455078125 0.148666381835937 -0.0469207763671875
0.139183044433594 0.0106277465820312 0.075439453125 -0.0107955932617187
0.142349243164063 0.076934814453125 0.0277023315429688 -0.0517616271972656
0.0635833740234375 0.17156982421875 0.0133819580078125 -0.108245849609375
0.00833129882812499 0.173355102539062 0.0249786376953125 -0.202957153320313
-0.043914794921875 0.1666259765625 0.166473388671875 -0.269256591796875
-0.143463134765625 0.233657836914063 0.0216827392578125 -0.201202392578125
-0.13037109375 0.210693359375 0.012054443359375 -0.142745971679688
-0.0422821044921875 0.2760009765625 0.0196037292480469 -0.0356254577636719
0.0616912841796875 0.2186279296875 0.0264320373535156 -0.00496292114257811
0.138565063476563 0.157821655273438 0.0527534484863281 0.0453224182128906
0.169403076171875 0.050567626953125 0.114082336425781 0.0087432861328125
0.172622680664063 -0.033233642578125 0.129478454589844 -0.0560989379882812
0.182907104492188 -0.0453033447265625 0.110359191894531 -0.0627822875976563
0.167938232421875 -0.088958740234375 0.113487243652344 -0.074066162109375
0.175643920898438 -0.0494537353515625 0.0966949462890625 -0.0365142822265625
0.208755493164063 0.008636474609375 0.0419731140136719 -0.00354766845703125
0.21392822265625 0.091461181640625 0.00380325317382814 -0.0495109558105469
0.1187744140625 0.242340087890625 -0.000404357910156235 -0.0989837646484375
0.0360565185546875 0.260589599609375 0.0243072509765625 -0.171035766601562
-0.0608978271484375 0.277542114257813 0.1395263671875 -0.209625244140625
-0.165924072265625 0.3016357421875 -0.0176925659179688 -0.119682312011719
-0.15289306640625 0.278839111328125 0.00382232666015624 -0.08709716796875
-0.046630859375 0.352813720703125 0.0240230560302734 -0.0263347625732422
0.079620361328125 0.281402587890625 0.0181922912597656 -0.0171241760253906
0.176315307617187 0.21197509765625 0.0186767578125 0.0246505737304688
0.22418212890625 0.074249267578125 0.0478553771972656 -0.00408935546875
0.219802856445313 -0.03564453125 0.0530891418457031 -0.0307540893554688
0.227630615234375 -0.053314208984375 0.0412979125976563 -0.0230445861816406
0.209930419921875 -0.107421875 0.0478858947753906 -0.032440185546875
0.21087646484375 -0.060760498046875 0.0326652526855469 -0.0113639831542969
0.249359130859375 0.005615234375 0.00317382812500001 0.0110197067260742
0.25421142578125 0.093536376953125 -0.0169448852539062 -0.0370254516601562
0.15533447265625 0.275543212890625 -0.00759887695312499 -0.0754470825195312
0.05755615234375 0.305908203125 0.033416748046875 -0.114593505859375
-0.063232421875 0.34332275390625 0.111503601074219 -0.112884521484375
-0.159637451171875 0.326080322265625 -0.0676498413085938 -0.0134696960449219
-0.141510009765625 0.310211181640625 -0.0139179229736328 -0.00894641876220701
-0.026824951171875 0.37432861328125 0.0201168060302734 -0.00722694396972654
0.09857177734375 0.291748046875 0.00167465209960938 -0.0260543823242187
0.192367553710938 0.221511840820312 -0.0246200561523437 -0.00147438049316405
0.2431640625 0.078216552734375 -0.0333595275878906 -0.0153255462646484
0.230911254882813 -0.036102294921875 -0.0352058410644531 0.00155258178710937
0.236419677734375 -0.0531005859375 -0.0331439971923828 0.0209693908691406
0.220748901367188 -0.1064453125 -0.0212268829345703 0.0166645050048828
0.215469360351563 -0.054290771484375 -0.0333118438720703 0.0195732116699219
0.249038696289063 0.01300048828125 -0.0347862243652344 0.0273952484130859
0.2479248046875 0.0948028564453125 -0.0330753326416015 -0.0195693969726562
0.152984619140625 0.272613525390625 -0.00719070434570312 -0.0463905334472656
0.058135986328125 0.305816650390625 0.0508270263671875 -0.046112060546875
-0.063812255859375 0.35601806640625 0.0854568481445312 -0.000228881835937478
-0.1246337890625 0.29620361328125 -0.116653442382813 0.100555419921875
-0.097625732421875 0.284423828125 -0.0342483520507813 0.0776748657226563
0.003021240234375 0.318328857421875 0.00917816162109375 0.0179100036621094
0.101348876953125 0.23919677734375 -0.0205039978027344 -0.0250625610351562
0.173324584960938 0.182266235351563 -0.0679969787597656 -0.0214080810546875
0.217697143554688 0.061676025390625 -0.112228393554687 -0.0167083740234375
0.202957153320313 -0.0318145751953125 -0.117706298828125 0.0392913818359375
0.208343505859375 -0.0436248779296875 -0.100067138671875 0.06304931640625
0.199249267578125 -0.0827178955078125 -0.0853652954101562 0.0610733032226563
0.187652587890625 -0.02984619140625 -0.09283447265625 0.0435943603515625
0.20745849609375 0.0311126708984375 -0.0689430236816406 0.0339508056640625
0.19610595703125 0.0948028564453125 -0.0460548400878906 -0.00542831420898437
0.1116943359375 0.2354736328125 -0.00410079956054687 -0.0180950164794922
0.0370025634765625 0.262603759765625 0.0645713806152344 0.0235137939453125
-0.063201904296875 0.313720703125 0.0573196411132812 0.107635498046875
-0.068603515625 0.212493896484375 -0.146652221679687 0.199996948242188
-0.0389862060546875 0.203536987304687 -0.04547119140625 0.152847290039063
0.0254058837890625 0.20013427734375 -0.00373077392578125 0.0443229675292969
0.0776443481445313 0.140556335449219 -0.0385589599609375 -0.0108757019042969
0.118782043457031 0.110977172851563 -0.0980911254882812 -0.0272674560546875
0.151809692382813 0.037384033203125 -0.168975830078125 -0.00453186035156251
0.140548706054687 -0.0215301513671875 -0.17791748046875 0.0767059326171875
0.147552490234375 -0.027191162109375 -0.15191650390625 0.09588623046875
0.14862060546875 -0.04742431640625 -0.139495849609375 0.09088134765625
0.133689880371094 -0.0028533935546875 -0.141403198242188 0.0496673583984375
0.135673522949219 0.044464111328125 -0.0951004028320313 0.0239639282226563
0.115753173828125 0.0817031860351563 -0.0533332824707031 0.0001068115234375
0.0563507080078125 0.1639404296875 -0.00276374816894531 0.00630283355712892
0.0131378173828125 0.18377685546875 0.0620040893554688 0.0841217041015625
-0.0511322021484375 0.227706909179688 0.0241851806640625 0.196029663085938
-0.0117721557617187 0.089813232421875 -0.155609130859375 0.2669677734375
0.00903320312499999 0.0843048095703125 -0.043182373046875 0.203811645507813
0.0207443237304688 0.0554046630859375 -0.010650634765625 0.0681343078613281
0.0254020690917969 0.0350589752197266 -0.044342041015625 0.0124435424804687
0.0368232727050781 0.0409317016601563 -0.108367919921875 -0.0211181640625
0.0627250671386719 0.0193443298339844 -0.192520141601563 0.0154266357421875
0.0579376220703125 -0.00168991088867187 -0.205108642578125 0.106399536132813
0.0643806457519531 -0.0059051513671875 -0.1800537109375 0.11376953125
0.0748443603515625 -0.0117263793945313 -0.17596435546875 0.100967407226563
0.0616531372070312 0.011871337890625 -0.171722412109375 0.03875732421875
0.0530891418457031 0.0342636108398438 -0.107414245605469 0.000259399414062484
0.0355873107910156 0.0400962829589844 -0.0542640686035156 -0.00286483764648438
0.0183906555175781 0.0656852722167969 -0.00486183166503906 0.024383544921875
0.00779724121093749 0.0834426879882812 0.0442123413085938 0.127555847167969
-0.0229568481445312 0.113235473632813 -0.010589599609375 0.251449584960938
-0.0413551330566406 0.0170059204101563 0.025787353515625 -0.285614013671875
-0.0445480346679687 0.0260887145996094 -0.021453857421875 -0.178848266601563
-0.0137214660644531 0.0534515380859375 5.53131103515631E-05 -0.0290241241455078
0.0128746032714844 0.0422592163085938 0.0387115478515625 0.0117378234863281
0.0270957946777344 0.0123710632324219 0.0995254516601563 0.045654296875
0.0124826431274414 -0.00454044342041016 0.18505859375 -0.0022430419921875
0.0179824829101563 -0.0129661560058594 0.206985473632813 -0.102249145507813
0.0248146057128906 -0.0127277374267578 0.194427490234375 -0.116378784179688
0.0176563262939453 -0.0240058898925781 0.202301025390625 -0.113677978515625
0.0377120971679688 -0.019775390625 0.192626953125 -0.0471343994140625
0.0550155639648438 -0.00167083740234375 0.108848571777344 -0.00861358642578125
0.0594749450683594 0.0367660522460938 0.0493965148925781 -0.0430831909179688
0.0157356262207031 0.0669059753417969 0.0272369384765625 -0.106407165527344
-0.00455093383789062 0.0572509765625 0.0316314697265625 -0.21533203125
-0.00914573669433594 0.0333633422851562 0.187713623046875 -0.29931640625
-0.0964279174804687 0.139762878417969 0.0350189208984375 -0.26678466796875
-0.0890350341796875 0.127861022949219 0.000946044921875006 -0.177490234375
-0.0231170654296875 0.174545288085938 0.0109634399414062 -0.0383796691894531
0.0456161499023438 0.135025024414063 0.0323657989501953 0.00592041015625001
0.0922470092773438 0.0845947265625 0.082000732421875 0.0548934936523438
0.09832763671875 0.018890380859375 0.164566040039063 0.00897216796875
0.103851318359375 -0.0293502807617187 0.18487548828125 -0.0850067138671875
0.115684509277344 -0.034576416015625 0.165542602539062 -0.0984344482421875
0.104164123535156 -0.0610809326171875 0.1695556640625 -0.106704711914062
0.119560241699219 -0.0341033935546875 0.155075073242188 -0.052215576171875
0.144515991210937 0.00994873046875 0.0800094604492188 -0.0115737915039062
0.148513793945313 0.0786285400390625 0.02728271484375 -0.0543365478515625
0.068023681640625 0.178009033203125 0.012847900390625 -0.112495422363281
0.00946044921875001 0.1790771484375 0.0231170654296875 -0.2099609375
-0.0433349609375 0.174346923828125 0.16845703125 -0.279937744140625
-0.14752197265625 0.244903564453125 0.0194244384765625 -0.209396362304687
-0.133697509765625 0.221145629882812 0.0103759765625 -0.147857666015625
-0.039642333984375 0.285736083984375 0.0216026306152344 -0.039581298828125
0.066650390625 0.225311279296875 0.0274600982666016 -0.00559043884277342
0.144729614257813 0.160919189453125 0.05535888671875 0.0471687316894531
0.175735473632812 0.0514678955078125 0.118804931640625 0.008392333984375
0.178863525390625 -0.03570556640625 0.132637023925781 -0.0602645874023438
0.190017700195312 -0.050140380859375 0.113700866699219 -0.0666885375976563
0.173431396484375 -0.093963623046875 0.116706848144531 -0.07904052734375
0.18157958984375 -0.052947998046875 0.101089477539063 -0.0401611328125
0.216400146484375 0.006500244140625 0.0450477600097656 -0.00419998168945313
0.223709106445313 0.0927734375 0.00305175781250002 -0.0520744323730469
0.127105712890625 0.25128173828125 -0.000366210937499996 -0.102668762207031
0.03948974609375 0.2696533203125 0.0234527587890625 -0.177032470703125
-0.05914306640625 0.290740966796875 0.14178466796875 -0.217666625976562
-0.17010498046875 0.31500244140625 -0.0205154418945313 -0.124038696289062
-0.15679931640625 0.2919921875 0.0022125244140625 -0.0904388427734375
-0.043243408203125 0.36572265625 0.0256080627441406 -0.0305442810058594
0.086273193359375 0.290802001953125 0.0188407897949219 -0.019113540649414
0.185653686523438 0.217071533203125 0.0203208923339844 0.0253753662109375
0.23236083984375 0.0757904052734375 0.0493812561035156 -0.0037689208984375
0.2279052734375 -0.0386505126953125 0.0538864135742188 -0.0322418212890625
0.236007690429688 -0.059814453125 0.0427093505859375 -0.0250396728515625
0.215972900390625 -0.114837646484375 0.0496025085449219 -0.0351409912109375
0.2186279296875 -0.064544677734375 0.0341548919677735 -0.0128993988037109
0.258468627929688 0.0024871826171875 0.00525760650634767 0.0114583969116211
0.264633178710937 0.0937957763671875 -0.0184822082519531 -0.0392227172851562
0.165802001953125 0.285003662109375 -0.007537841796875 -0.0783233642578125
0.061553955078125 0.315948486328125 0.0334014892578125 -0.118888854980469
-0.061309814453125 0.359100341796875 0.114433288574219 -0.116920471191406
-0.16278076171875 0.341400146484375 -0.0710906982421875 -0.0135726928710937
-0.1435546875 0.324798583984375 -0.0160408020019531 -0.00898742675781248
-0.022491455078125 0.38848876953125 0.0222530364990234 -0.0107345581054687
0.10498046875 0.30126953125 0.00190925598144532 -0.0286483764648437
0.203033447265625 0.226577758789063 -0.024658203125 -0.00123023986816405
0.2530517578125 0.0787353515625 -0.0356636047363281 -0.0140342712402344
0.239990234375 -0.0388336181640625 -0.037200927734375 0.00257492065429688
0.245895385742187 -0.0596466064453125 -0.0333976745605469 0.0218467712402344
0.227005004882813 -0.112899780273438 -0.0208358764648437 0.0167293548583984
0.222549438476563 -0.05780029296875 -0.0338191986083984 0.0204734802246094
0.257797241210938 0.010284423828125 -0.0347709655761719 0.0282306671142578
0.257644653320313 0.095062255859375 -0.0354156494140625 -0.0209236145019531
0.1639404296875 0.281585693359375 -0.00621795654296874 -0.0479354858398437
0.06292724609375 0.3167724609375 0.0522727966308594 -0.0483894348144531
-0.060638427734375 0.3721923828125 0.0893630981445312 0.000236511230468773
-0.1263427734375 0.308929443359375 -0.120231628417969 0.106307983398438
-0.0980224609375 0.297393798828125 -0.0353317260742188 0.0819625854492188
0.00750732421874999 0.33160400390625 0.0102806091308594 0.0161676406860352
0.107406616210938 0.246841430664063 -0.0206851959228516 -0.0276699066162109
0.182861328125 0.18646240234375 -0.070068359375 -0.0222587585449219
0.226593017578125 0.0626983642578125 -0.118453979492187 -0.0143280029296875
0.210479736328125 -0.0346221923828125 -0.1214599609375 0.0437164306640625
0.216720581054688 -0.0497894287109375 -0.102432250976562 0.0665054321289063
0.205154418945313 -0.0892333984375 -0.0862350463867188 0.0639572143554688
0.194686889648438 -0.03265380859375 -0.0954513549804687 0.0466232299804687
0.21490478515625 0.0296783447265625 -0.0698127746582031 0.0351905822753906
0.203384399414063 0.095977783203125 -0.0477256774902344 -0.00605392456054688
0.120620727539063 0.24395751953125 -0.00257301330566405 -0.0183525085449219
0.0407257080078125 0.272064208984375 0.0675582885742188 0.0233726501464844
-0.060455322265625 0.328765869140625 0.0618057250976563 0.112068176269531
-0.0694427490234375 0.221282958984375 -0.150360107421875 0.208633422851562
-0.0381317138671875 0.212066650390625 -0.0456085205078125 0.159652709960938
0.029144287109375 0.20751953125 -0.00322723388671875 0.0451278686523438
0.0816192626953125 0.144515991210938 -0.0395965576171875 -0.0119285583496094
0.124839782714844 0.113533020019531 -0.10186767578125 -0.028533935546875
0.158447265625 0.037811279296875 -0.176834106445313 -0.00178527832031248
0.146377563476562 -0.0234832763671875 -0.182830810546875 0.0828704833984375
0.153427124023438 -0.03070068359375 -0.155380249023438 0.101165771484375
0.153549194335938 -0.0522003173828125 -0.141708374023438 0.0957794189453125
0.138984680175781 -0.0036773681640625 -0.146347045898438 0.054229736328125
0.14093017578125 0.0444488525390625 -0.0975494384765625 0.0248947143554688
0.120124816894531 0.0828094482421875 -0.054595947265625 -0.00010299682617188
0.0621337890625 0.169525146484375 -0.001190185546875 0.00679016113281251
0.0153045654296875 0.190353393554688 0.066070556640625 0.0861892700195313
-0.05029296875 0.238327026367188 0.02850341796875 0.203460693359375
-0.0112152099609375 0.0935287475585938 -0.158401489257812 0.278762817382813
0.00992584228515626 0.0872268676757813 -0.0428466796875 0.212844848632812
0.0219879150390625 0.0581779479980469 -0.0103988647460937 0.0711441040039063
0.0259933471679688 0.0359573364257813 -0.0457077026367188 0.0120162963867188
0.03924560546875 0.041534423828125 -0.112838745117188 -0.0222320556640625
0.0656776428222656 0.0191612243652344 -0.200836181640625 0.0186614990234375
0.0605430603027344 -0.00135040283203125 -0.210891723632812 0.113861083984375
0.0675888061523438 -0.00728988647460937 -0.184494018554687 0.120437622070313
0.077423095703125 -0.0133819580078125 -0.1795654296875 0.107040405273438
0.0644950866699219 0.0120010375976563 -0.177291870117188 0.0431976318359375
0.0551834106445313 0.0351333618164063 -0.112213134765625 0.00102996826171876
0.0368881225585938 0.0411643981933594 -0.0558929443359375 -0.00250625610351562
0.0208091735839844 0.0676307678222656 -0.0034637451171875 0.0250415802001953
0.00914001464843749 0.0865020751953125 0.0477218627929688 0.131034851074219
-0.0221633911132813 0.119361877441406 -0.007293701171875 0.260940551757813
-0.0428504943847656 0.0199356079101563 0.0159912109375 -0.30072021484375
-0.045318603515625 0.02838134765625 -0.0302886962890625 -0.186630249023438
-0.01190185546875 0.0553855895996094 -0.000846862792968752 -0.0315952301025391
0.015472412109375 0.0433425903320313 0.0394134521484375 0.0109291076660156
0.0276107788085938 0.0119686126708984 0.105239868164063 0.0456161499023438
0.0126371383666992 -0.00464248657226563 0.194686889648438 -0.008941650390625
0.0185661315917969 -0.0140800476074219 0.210708618164063 -0.11517333984375
0.0257911682128906 -0.0140552520751953 0.197006225585938 -0.129104614257813
0.0176563262939453 -0.0249080657958984 0.206283569335938 -0.127365112304688
0.0385551452636719 -0.0214271545410156 0.199874877929688 -0.0588836669921875
0.0576591491699219 -0.003265380859375 0.114547729492188 -0.0120697021484375
0.0641593933105469 0.0366973876953125 0.0491256713867188 -0.0464859008789062
0.0187721252441406 0.0697212219238281 0.0233993530273437 -0.111656188964844
-0.00302886962890626 0.0590705871582031 0.0241546630859375 -0.225250244140625
-0.00855255126953125 0.0350074768066406 0.183074951171875 -0.318328857421875
-0.0957183837890625 0.150070190429688 0.0260467529296875 -0.280303955078125
-0.0884552001953125 0.137001037597656 -0.0064544677734375 -0.186172485351563
-0.016448974609375 0.18182373046875 0.0102653503417969 -0.0422172546386719
0.05279541015625 0.137809753417969 0.0335540771484375 0.00457191467285157
0.0985870361328125 0.084014892578125 0.0882568359375 0.0553359985351563
0.102165222167969 0.017059326171875 0.173660278320313 0.00347900390625
0.1080322265625 -0.0338592529296875 0.188552856445313 -0.09637451171875
0.119888305664063 -0.041259765625 0.1678466796875 -0.110214233398438
0.106475830078125 -0.0673370361328125 0.171859741210937 -0.1187744140625
0.123619079589844 -0.0393753051757813 0.160690307617188 -0.0622100830078125
0.151077270507813 0.0052947998046875 0.084686279296875 -0.0145111083984375
0.1583251953125 0.07659912109375 0.0262985229492188 -0.05853271484375
0.0780487060546875 0.18365478515625 0.00965118408203126 -0.11810302734375
0.0159454345703125 0.185577392578125 0.0161285400390625 -0.21954345703125
-0.03802490234375 0.184112548828125 0.16387939453125 -0.298187255859375
-0.1448974609375 0.261703491210938 0.011962890625 -0.219635009765625
-0.13140869140625 0.236572265625 0.00421142578124999 -0.155197143554688
-0.029998779296875 0.298736572265625 0.0207977294921875 -0.0451545715332031
0.0776824951171875 0.23138427734375 0.0281867980957031 -0.00745201110839842
0.156417846679688 0.161636352539063 0.0601272583007813 0.0477676391601563
0.184295654296875 0.048614501953125 0.124565124511719 0.00492095947265625
0.18609619140625 -0.04296875 0.13525390625 -0.0679702758789063
0.196533203125 -0.0608978271484375 0.114799499511719 -0.0752487182617188
0.177017211914063 -0.104766845703125 0.118759155273438 -0.088409423828125
0.187515258789062 -0.0611572265625 0.104812622070313 -0.0469818115234375
0.225372314453125 -0.0011444091796875 0.0484046936035156 -0.00614166259765625
0.236618041992188 0.0880584716796875 0.000518798828125009 -0.0558128356933594
0.143875122070312 0.25836181640625 -0.00279235839843748 -0.107681274414062
0.050323486328125 0.279205322265625 0.017059326171875 -0.184982299804687
-0.05035400390625 0.306304931640625 0.139984130859375 -0.23187255859375
-0.166412353515625 0.3365478515625 -0.026519775390625 -0.129241943359375
-0.152618408203125 0.31134033203125 -0.00170135498046876 -0.0936737060546875
-0.029541015625 0.382659912109375 0.0268135070800781 -0.0351753234863281
0.10009765625 0.298370361328125 0.0188846588134766 -0.0216407775878906
0.202072143554687 0.2177734375 0.0227851867675781 0.0258655548095703
0.245361328125 0.0714569091796875 0.0515251159667969 -0.00469589233398437
0.237289428710937 -0.047332763671875 0.0537681579589844 -0.0358963012695313
0.24444580078125 -0.072998046875 0.0436134338378906 -0.0281410217285156
0.220718383789063 -0.127670288085938 0.0506591796875 -0.0398139953613281
0.225250244140625 -0.075347900390625 0.0355033874511719 -0.0157737731933594
0.269332885742188 -0.0066680908203125 0.00699710845947267 0.0104284286499023
0.279449462890625 0.0880584716796875 -0.0216941833496093 -0.0412330627441406
0.186370849609375 0.291229248046875 -0.00903320312499999 -0.0818328857421875
0.075164794921875 0.327545166015625 0.0303268432617188 -0.125190734863281
-0.049072265625 0.37884521484375 0.115486145019531 -0.125701904296875
-0.157745361328125 0.36297607421875 -0.0751953125 -0.0115814208984375
-0.138397216796875 0.34490966796875 -0.0170059204101563 -0.00781249999999998
-0.00820922851562501 0.405242919921875 0.0233001708984375 -0.0144081115722656
0.1201171875 0.309539794921875 0.00133514404296876 -0.0314750671386719
0.22039794921875 0.228240966796875 -0.0251617431640625 -0.00130462646484374
0.266525268554688 0.0738067626953125 -0.0380020141601562 -0.0123519897460937
0.249542236328125 -0.0487213134765625 -0.0388832092285156 0.00487899780273437
0.254074096679688 -0.0738983154296875 -0.0337028503417969 0.0234565734863281
0.232513427734375 -0.127273559570313 -0.0203304290771484 0.0176563262939453
0.229568481445313 -0.0680694580078125 -0.0338420867919922 0.0226421356201172
0.269088745117188 0.0011444091796875 -0.0339374542236328 0.0296573638916016
0.271835327148438 0.0886993408203125 -0.0383453369140625 -0.0216140747070312
0.18377685546875 0.28778076171875 -0.00650024414062499 -0.0503349304199218
0.07666015625 0.32843017578125 0.0533065795898438 -0.0526199340820312
-0.048309326171875 0.39288330078125 0.0936050415039063 -0.00267791748046873
-0.12115478515625 0.32757568359375 -0.121528625488281 0.114509582519531
-0.092376708984375 0.3148193359375 -0.0340805053710938 0.0874710083007813
0.021392822265625 0.3460693359375 0.011754035949707 0.0144948959350586
0.120452880859375 0.253326416015625 -0.0219879150390625 -0.0294914245605469
0.198623657226562 0.187347412109375 -0.0736083984375 -0.0215530395507812
0.238632202148438 0.0575103759765625 -0.124855041503906 -0.00940704345703123
0.219314575195313 -0.0427093505859375 -0.125267028808594 0.0507049560546875
0.224761962890625 -0.0614013671875 -0.103607177734375 0.0728836059570313
0.210220336914063 -0.102020263671875 -0.086151123046875 0.0688400268554688
0.201751708984375 -0.04046630859375 -0.0969772338867187 0.0527725219726563
0.224746704101563 0.0232696533203125 -0.070770263671875 0.038330078125
0.215133666992188 0.0923614501953125 -0.0500602722167969 -0.00534439086914061
0.136520385742187 0.249557495117188 -0.0015277862548828 -0.0192680358886719
0.05224609375 0.281890869140625 0.0719223022460938 0.0215606689453125
-0.049468994140625 0.34716796875 0.0694656372070312 0.115089416503906
-0.064208984375 0.234634399414062 -0.149124145507813 0.222793579101563
-0.0331268310546875 0.223175048828125 -0.0416259765625 0.169876098632813
0.0380096435546875 0.216812133789063 -0.0018157958984375 0.0464553833007813
0.090484619140625 0.147628784179688 -0.0414772033691406 -0.012176513671875
0.135665893554688 0.113037109375 -0.107330322265625 -0.0269851684570312
0.16668701171875 0.0334625244140625 -0.185455322265625 0.00585937500000004
0.152801513671875 -0.029388427734375 -0.186767578125 0.0949554443359375
0.159622192382813 -0.039154052734375 -0.157501220703125 0.1107177734375
0.157699584960938 -0.060943603515625 -0.142349243164063 0.104141235351562
0.144607543945313 -0.0080413818359375 -0.149642944335937 0.0630340576171875
0.148406982421875 0.0415191650390625 -0.100753784179688 0.0285873413085938
0.127639770507813 0.0815963745117188 -0.0568046569824219 0.00135421752929687
0.0719146728515625 0.174285888671875 0.000964641571044927 0.0066061019897461
0.0226287841796875 0.198165893554688 0.0731353759765625 0.0870285034179688
-0.041900634765625 0.25262451171875 0.0382843017578125 0.211380004882813
-0.00859069824218751 0.0977859497070313 -0.154083251953125 0.295501708984375
0.0137710571289062 0.0906600952148438 -0.0366363525390625 0.224853515625
0.0246429443359375 0.0612373352050781 -0.00769805908203126 0.0744857788085938
0.0281181335449219 0.0364570617675781 -0.04669189453125 0.01287841796875
0.0432701110839844 0.0414466857910156 -0.118904113769531 -0.0196075439453125
0.0695915222167969 0.0171661376953125 -0.210098266601562 0.0280914306640625
0.0635604858398438 -0.00403976440429688 -0.213912963867188 0.128646850585937
0.0707626342773438 -0.01025390625 -0.186355590820313 0.13232421875
0.0803451538085938 -0.0185089111328125 -0.181838989257813 0.118026733398437
0.0673751831054688 0.0106201171875 -0.182525634765625 0.0532684326171875
0.0586357116699219 0.0349464416503906 -0.116317749023438 0.00411224365234377
0.0389060974121094 0.0418510437011719 -0.0575675964355469 -0.00106430053710938
0.0249443054199219 0.0693206787109375 -0.00154495239257812 0.0257644653320313
0.0126113891601563 0.0897598266601563 0.0556716918945312 0.133354187011719
-0.0179519653320312 0.126640319824219 0.00321960449218752 0.2725830078125
-0.0431480407714844 0.0236663818359375 -0.001800537109375 -0.310577392578125
-0.0443611145019531 0.0312080383300781 -0.043548583984375 -0.190902709960938
-0.00872802734375 0.0561294555664063 -0.00264930725097656 -0.0338001251220703
0.0188026428222656 0.0427360534667969 0.0401191711425781 0.00928115844726563
0.0278263092041016 0.0106067657470703 0.111282348632813 0.0422821044921875
0.0118379592895508 -0.00465965270996094 0.200759887695312 -0.02130126953125
0.0188503265380859 -0.0150070190429688 0.208251953125 -0.131317138671875
0.0258655548095703 -0.0160846710205078 0.192703247070313 -0.145477294921875
0.0170936584472656 -0.0255870819091797 0.203201293945313 -0.144668579101563
0.0379867553710938 -0.0242919921875 0.201828002929688 -0.0742645263671875
0.05914306640625 -0.00701141357421875 0.118659973144531 -0.0181655883789063
0.0681571960449219 0.0335350036621094 0.0471076965332031 -0.0504531860351563
0.0228424072265625 0.071197509765625 0.0171737670898438 -0.1160888671875
-7.6293945312499E-06 0.06024169921875 0.0114898681640625 -0.231796264648438
-0.00591659545898437 0.0360794067382813 0.1673583984375 -0.33660888671875
-0.089691162109375 0.161178588867188 0.00997924804687497 -0.290374755859375
-0.0825958251953125 0.145538330078125 -0.018768310546875 -0.191146850585938
-0.00604248046875001 0.186325073242187 0.00774002075195313 -0.0459709167480469
0.0619277954101563 0.137252807617188 0.0335712432861328 0.00245857238769532
0.105667114257813 0.0799407958984375 0.09423828125 0.0524139404296875
0.105178833007812 0.0129241943359375 0.179656982421875 -0.00604248046875
0.109329223632813 -0.04046630859375 0.186111450195313 -0.110519409179688
0.120712280273438 -0.0498504638671875 0.164779663085938 -0.124130249023438
0.105728149414062 -0.0749664306640625 0.169387817382812 -0.134323120117187
0.12451171875 -0.0475234985351563 0.161514282226563 -0.0751495361328125
0.156005859375 -0.0031890869140625 0.08782958984375 -0.0201339721679688
0.167465209960938 0.0692291259765625 0.0224342346191406 -0.0617027282714844
0.0915985107421875 0.184860229492188 0.0033111572265625 -0.123046875
0.025848388671875 0.1898193359375 0.0031585693359375 -0.225433349609375
-0.0269012451171875 0.191879272460937 0.149383544921875 -0.313812255859375
-0.133743286132813 0.278900146484375 -0.00106811523437502 -0.227020263671875
-0.121688842773437 0.250900268554688 -0.00578308105468752 -0.159881591796875
-0.01171875 0.307525634765625 0.01904296875 -0.0499382019042968
0.0928802490234375 0.231689453125 0.0275936126708984 -0.0109825134277344
0.170089721679688 0.155960083007813 0.0657539367675782 0.0460128784179688
0.191436767578125 0.0406951904296875 0.128936767578125 -0.00182342529296875
0.189529418945312 -0.0543212890625 0.1329345703125 -0.0778884887695313
0.198486328125 -0.075775146484375 0.112953186035156 -0.0843658447265625
0.175933837890625 -0.117828369140625 0.115921020507813 -0.10003662109375
0.189132690429688 -0.0735321044921875 0.104507446289063 -0.0557022094726563
0.232177734375 -0.0139007568359375 0.0506744384765625 -0.009490966796875
0.24859619140625 0.076171875 -0.00385284423828123 -0.058135986328125
0.164199829101563 0.256622314453125 -0.00863647460937498 -0.111770629882812
0.066162109375 0.283660888671875 0.00686645507812501 -0.19024658203125
-0.031890869140625 0.318878173828125 0.128616333007813 -0.244903564453125
-0.150665283203125 0.356903076171875 -0.0354385375976563 -0.131797790527344
-0.1392822265625 0.329345703125 -0.0081024169921875 -0.0960540771484375
-0.00653076171875002 0.394073486328125 0.0248870849609375 -0.0409584045410156
0.119537353515625 0.299224853515625 0.0178451538085938 -0.0248146057128906
0.22039794921875 0.211288452148438 0.025970458984375 0.0249137878417969
0.256134033203125 0.060272216796875 0.052947998046875 -0.0070037841796875
0.2421875 -0.0614013671875 0.0523185729980469 -0.0392684936523438
0.246902465820313 -0.0916900634765625 0.0424423217773438 -0.0321731567382813
0.219085693359375 -0.145553588867188 0.0496406555175781 -0.0459632873535156
0.22705078125 -0.08941650390625 0.0357856750488281 -0.0191154479980469
0.275894165039063 -0.02294921875 0.00898551940917971 0.00967884063720703
0.29193115234375 0.07354736328125 -0.0256233215332031 -0.042388916015625
0.210235595703125 0.287628173828125 -0.0120925903320312 -0.0849380493164062
0.094970703125 0.331451416015625 0.024200439453125 -0.130241394042969
-0.025970458984375 0.393524169921875 0.110885620117188 -0.134811401367187
-0.140625 0.383697509765625 -0.0777359008789063 -0.00775909423828124
-0.122039794921875 0.36322021484375 -0.0183372497558594 -0.00585556030273435
0.017242431640625 0.417236328125 0.0230865478515625 -0.0184707641601562
0.141021728515625 0.31036376953125 -5.53131103515534E-05 -0.0344734191894531
0.240585327148437 0.2198486328125 -0.0256576538085937 -0.000637054443359365
0.278961181640625 0.06134033203125 -0.0397224426269531 -0.00918960571289061
0.25494384765625 -0.063079833984375 -0.0400810241699219 0.00863265991210937
0.256515502929688 -0.0928955078125 -0.0327339172363281 0.0255527496337891
0.230316162109375 -0.14569091796875 -0.0192394256591797 0.0170249938964844
0.232070922851563 -0.0825653076171875 -0.0329017639160156 0.0250415802001953
0.276092529296875 -0.01495361328125 -0.0321235656738281 0.0308952331542969
0.283843994140625 0.07476806640625 -0.0416679382324219 -0.0210990905761719
0.2078857421875 0.283843994140625 -0.00771713256835936 -0.0525093078613281
0.09661865234375 0.3319091796875 0.051910400390625 -0.0570831298828125
-0.023712158203125 0.407470703125 0.0967178344726563 -0.00759124755859372
-0.1058349609375 0.34466552734375 -0.117912292480469 0.124710083007813
-0.0765380859375 0.329132080078125 -0.0294952392578125 0.0929794311523438
0.042633056640625 0.35479736328125 0.0134210586547852 0.0127344131469727
0.137680053710938 0.252334594726563 -0.0237998962402344 -0.0309028625488281
0.215560913085938 0.179656982421875 -0.0769119262695312 -0.01922607421875
0.24969482421875 0.04595947265625 -0.128829956054687 -0.000946044921874982
0.224777221679688 -0.0557098388671875 -0.125289916992188 0.0610275268554688
0.227142333984375 -0.077606201171875 -0.101310729980469 0.0802154541015625
0.209197998046875 -0.118331909179688 -0.0833816528320312 0.0741195678710937
0.204681396484375 -0.0528564453125 -0.0956039428710937 0.0604171752929688
0.231658935546875 0.0103759765625 -0.070343017578125 0.0420379638671875
0.225418090820313 0.0818939208984375 -0.0519065856933594 -0.003631591796875
0.156448364257813 0.247283935546875 -0.000885009765624992 -0.0211219787597656
0.0687255859375 0.285980224609375 0.0756454467773438 0.0172653198242188
-0.028411865234375 0.361328125 0.079193115234375 0.113815307617188
-0.053009033203125 0.245254516601562 -0.13909912109375 0.237533569335938
-0.0209197998046875 0.231491088867187 -0.0318603515625 0.176727294921875
0.05316162109375 0.22137451171875 0.00133132934570313 0.0462684631347656
0.100112915039063 0.146347045898438 -0.0425071716308594 -0.0116615295410156
0.146728515625 0.1077880859375 -0.112312316894531 -0.0228805541992188
0.174331665039063 0.0249176025390625 -0.191009521484375 0.01861572265625
0.156219482421875 -0.0384979248046875 -0.185073852539063 0.10968017578125
0.161376953125 -0.051177978515625 -0.1531982421875 0.122711181640625
0.157608032226563 -0.0731353759765625 -0.138580322265625 0.114730834960938
0.148300170898438 -0.016448974609375 -0.148300170898438 0.0744476318359375
0.154052734375 0.033905029296875 -0.101516723632812 0.03424072265625
0.134857177734375 0.076812744140625 -0.0581588745117188 0.00395965576171875
0.085601806640625 0.174057006835938 0.00258541107177735 0.00573492050170899
0.034576416015625 0.202133178710938 0.0806045532226563 0.0831298828125
-0.027374267578125 0.263092041015625 0.0525054931640625 0.214630126953125
-0.00355529785156249 0.10089111328125 -0.140289306640625 0.312255859375
0.0193557739257813 0.0920181274414063 -0.0230560302734375 0.232818603515625
0.0295944213867188 0.0624198913574219 -0.00337982177734376 0.0763626098632812
0.0304908752441406 0.0361175537109375 -0.0465469360351563 0.0151290893554688
0.0480384826660156 0.0394401550292969 -0.123771667480469 -0.0147323608398438
0.0729446411132813 0.0135879516601563 -0.215484619140625 0.0424652099609375
0.06585693359375 -0.00696945190429687 -0.210418701171875 0.144775390625
0.0719070434570313 -0.0151901245117187 -0.181915283203125 0.146438598632812
0.0811614990234375 -0.0239028930664062 -0.177780151367188 0.131027221679688
0.0703811645507813 0.00719451904296875 -0.18328857421875 0.0659027099609375
0.0622596740722656 0.0326194763183594 -0.119766235351562 0.0100326538085938
0.0424461364746094 0.0407371520996094 -0.0588150024414063 0.00173187255859375
0.0301704406738281 0.0689582824707031 0.000715255737304691 0.0257148742675781
0.018280029296875 0.09130859375 0.0657119750976563 0.132301330566406
-0.0104827880859375 0.131996154785156 0.020355224609375 0.278823852539063
-0.0413284301757813 0.0269012451171875 -0.020050048828125 -0.311767578125
-0.0424575805664062 0.0330696105957031 -0.0555419921875 -0.1884765625
-0.005889892578125 0.0553817749023438 -0.00518989562988281 -0.0341758728027344
0.0214157104492188 0.0413436889648438 0.0399246215820313 0.00712966918945313
0.0278377532958984 0.0091094970703125 0.114387512207031 0.0364990234375
0.010951042175293 -0.00430011749267578 0.200912475585938 -0.0334014892578125
0.0184459686279297 -0.0162067413330078 0.199386596679688 -0.144073486328125
0.0252170562744141 -0.0176048278808594 0.183120727539063 -0.157272338867188
0.0164146423339844 -0.0260086059570313 0.193832397460937 -0.157989501953125
0.0368576049804687 -0.02618408203125 0.1978759765625 -0.08807373046875
0.0590629577636719 -0.0106773376464844 0.11962890625 -0.0251388549804688
0.07061767578125 0.0286636352539063 0.0438880920410156 -0.0528373718261719
0.0274162292480469 0.0700492858886719 0.00923919677734376 -0.116935729980469
0.00344467163085938 0.0600471496582031 -0.00205993652343752 -0.231414794921875
-0.00374603271484375 0.0360832214355469 0.145538330078125 -0.344970703125
-0.0797576904296875 0.167938232421875 -0.00805664062500003 -0.291259765625
-0.073638916015625 0.150253295898438 -0.0312957763671875 -0.190032958984375
0.00520324707031251 0.185714721679688 0.00457382202148437 -0.0480003356933594
0.0701828002929688 0.13330078125 0.0330181121826172 0.000293731689453133
0.109283447265625 0.0736007690429688 0.0980072021484375 0.0481033325195313
0.105308532714844 0.00782012939453125 0.180343627929688 -0.0173187255859375
0.108352661132813 -0.0470352172851563 0.178619384765625 -0.121429443359375
0.117988586425781 -0.058258056640625 0.155975341796875 -0.134765625
0.101768493652344 -0.0815277099609375 0.159652709960938 -0.14599609375
0.121650695800781 -0.0542984008789063 0.156906127929688 -0.0864715576171875
0.156402587890625 -0.0120849609375 0.0886459350585938 -0.0253982543945313
0.171875 0.059722900390625 0.018157958984375 -0.063568115234375
0.103515625 0.179824829101562 -0.0034942626953125 -0.124053955078125
0.0355377197265625 0.187942504882813 -0.01043701171875 -0.225112915039062
-0.0152587890625 0.193618774414063 0.130401611328125 -0.32177734375
-0.11627197265625 0.2882080078125 -0.0159149169921875 -0.227798461914062
-0.106597900390625 0.25750732421875 -0.01690673828125 -0.15899658203125
0.00692749023437499 0.30712890625 0.0152664184570312 -0.0536041259765625
0.105758666992188 0.225372314453125 0.0261783599853516 -0.0133762359619141
0.178466796875 0.145416259765625 0.0684356689453125 0.0422286987304688
0.193527221679688 0.0307464599609375 0.130050659179688 -0.009368896484375
0.187896728515625 -0.0649871826171875 0.128097534179688 -0.0857009887695313
0.194442749023438 -0.0887298583984375 0.10662841796875 -0.0914535522460938
0.168609619140625 -0.128692626953125 0.108734130859375 -0.108207702636719
0.185333251953125 -0.08404541015625 0.101448059082031 -0.0635604858398438
0.231765747070313 -0.028076171875 0.05194091796875 -0.0133705139160156
0.253707885742188 0.0625457763671875 -0.00857162475585936 -0.0583534240722656
0.180938720703125 0.24652099609375 -0.0142364501953125 -0.112648010253906
0.0811004638671875 0.279510498046875 -0.00460815429687498 -0.1905517578125
-0.0111083984375 0.321319580078125 0.114410400390625 -0.251724243164062
-0.129669189453125 0.367919921875 -0.04400634765625 -0.129287719726562
-0.11907958984375 0.3372802734375 -0.01446533203125 -0.0949859619140625
0.017303466796875 0.394989013671875 0.0225639343261719 -0.0442733764648437
0.136322021484375 0.29205322265625 0.0160636901855469 -0.0277309417724609
0.232086181640625 0.197677612304688 0.0277099609375 0.0229263305664063
0.259552001953125 0.0469207763671875 0.0528373718261719 -0.0102386474609375
0.241104125976563 -0.07568359375 0.0500144958496094 -0.041046142578125
0.2423095703125 -0.108001708984375 0.0401992797851563 -0.0355300903320313
0.210189819335938 -0.158859252929688 0.0461044311523438 -0.0506248474121094
0.221481323242188 -0.102188110351563 0.0353012084960938 -0.0223197937011719
0.275070190429687 -0.03955078125 0.0110092163085938 0.00800323486328125
0.29595947265625 0.056610107421875 -0.0299186706542969 -0.0419044494628906
0.228775024414063 0.275009155273438 -0.01568603515625 -0.0865478515625
0.1129150390625 0.325836181640625 0.016448974609375 -0.131675720214844
-0.000366210937500036 0.3958740234375 0.1033935546875 -0.140541076660156
-0.118316650390625 0.3929443359375 -0.0791854858398438 -0.00294494628906247
-0.1005859375 0.37139892578125 -0.0184116363525391 -0.00434303283691404
0.042510986328125 0.4173583984375 0.0224761962890625 -0.0220756530761719
0.157012939453125 0.301971435546875 -0.00265121459960936 -0.0364761352539062
0.254135131835938 0.2061767578125 -0.0257625579833984 0.000160217285156264
0.28326416015625 0.045989990234375 -0.0404167175292969 -0.00625228881835937
0.25384521484375 -0.0782318115234375 -0.0389366149902344 0.0118865966796875
0.251205444335937 -0.11004638671875 -0.0310649871826172 0.0269088745117187
0.221420288085938 -0.159805297851563 -0.0183525085449219 0.0167789459228516
0.227371215820312 -0.095367431640625 -0.0308818817138672 0.026681900024414
0.274978637695313 -0.0312652587890625 -0.0293426513671875 0.0318527221679688
0.287872314453125 0.058349609375 -0.04425048828125 -0.0197181701660156
0.226577758789063 0.270980834960938 -0.00939559936523436 -0.0543594360351562
0.114776611328125 0.32647705078125 0.0489845275878906 -0.06097412109375
0.00210571289062497 0.41094970703125 0.0967025756835938 -0.0129241943359375
-0.086151123046875 0.352996826171875 -0.110969543457031 0.13201904296875
-0.05706787109375 0.3350830078125 -0.0237503051757812 0.0949554443359375
0.06451416015625 0.35247802734375 0.0140647888183594 0.0105104446411133
0.151351928710938 0.243850708007812 -0.0259361267089844 -0.0313434600830078
0.22705078125 0.16632080078125 -0.078277587890625 -0.0159454345703125
0.253585815429688 0.0317840576171875 -0.129714965820312 0.0074920654296875
0.223068237304688 -0.0685882568359375 -0.12017822265625 0.0696868896484375
0.222549438476563 -0.0931243896484375 -0.0956954956054687 0.08544921875
0.20166015625 -0.131393432617188 -0.0787124633789063 0.0775222778320312
0.201934814453125 -0.0643157958984375 -0.0905914306640625 0.0660629272460937
0.232559204101563 -0.00347900390625 -0.0673904418945313 0.0453147888183594
0.229644775390625 0.069091796875 -0.0534095764160156 -0.00124359130859374
0.173095703125 0.236892700195313 -0.000909805297851553 -0.0234527587890625
0.08489990234375 0.283172607421875 0.0772857666015625 0.0115203857421875
-0.00543212890624998 0.364105224609375 0.0868301391601563 0.109031677246094
-0.039581298828125 0.249710083007812 -0.125564575195313 0.245712280273438
-0.00714111328125002 0.233245849609375 -0.020904541015625 0.179580688476563
0.067169189453125 0.219772338867188 0.00441741943359375 0.0455665588378906
0.107986450195313 0.140838623046875 -0.0435218811035156 -0.0108833312988281
0.1536865234375 0.0989532470703125 -0.114578247070313 -0.0173873901367187
0.17669677734375 0.014373779296875 -0.190765380859375 0.0307159423828125
0.155776977539063 -0.0475006103515625 -0.176773071289062 0.121124267578125
0.15899658203125 -0.06195068359375 -0.144851684570313 0.131195068359375
0.15283203125 -0.0833587646484375 -0.130844116210938 0.121078491210937
0.147689819335938 -0.0247039794921875 -0.142807006835938 0.083465576171875
0.15618896484375 0.025177001953125 -0.0999221801757813 0.0395431518554687
0.139022827148438 0.0685577392578125 -0.0581321716308594 0.00687408447265625
0.097076416015625 0.168212890625 0.0041804313659668 0.00409507751464845
0.0458831787109375 0.20001220703125 0.0861968994140625 0.077117919921875
-0.00988769531249998 0.266082763671875 0.0659942626953125 0.210556030273438
0.001373291015625 0.102096557617188 -0.121246337890625 0.31939697265625
0.0242767333984375 0.09100341796875 -0.00856018066406248 0.234664916992188
0.0341987609863281 0.0618362426757813 0.00152587890625001 0.0761184692382813
0.0320224761962891 0.0344963073730469 -0.0453414916992188 0.0163955688476562
0.0506401062011719 0.0360107421875 -0.126251220703125 -0.00861358642578124
0.0750579833984375 0.00858306884765625 -0.214035034179688 0.055877685546875
0.0668067932128906 -0.0107269287109375 -0.199966430664062 0.157943725585938
0.07086181640625 -0.0197219848632812 -0.17169189453125 0.156295776367188
0.079315185546875 -0.0294418334960937 -0.168502807617187 0.14044189453125
0.0712509155273438 0.00333404541015625 -0.178268432617188 0.077423095703125
0.064208984375 0.0291976928710938 -0.119834899902344 0.0165863037109375
0.0443305969238281 0.0385894775390625 -0.0586814880371094 0.00493621826171874
0.034698486328125 0.0669898986816406 0.00318527221679688 0.0241222381591797
0.0233535766601563 0.090576171875 0.0738525390625 0.126777648925781
-0.00218963623046875 0.133506774902344 0.0371856689453125 0.277191162109375
-0.0383872985839844 0.0289268493652344 -0.032806396484375 -0.30706787109375
-0.0409317016601563 0.0335502624511719 -0.064208984375 -0.1834716796875
-0.00416183471679688 0.0545997619628906 -0.00703239440917968 -0.0334358215332031
0.0230178833007813 0.0391960144042969 0.0386734008789063 0.00648880004882813
0.0267581939697266 0.00840568542480469 0.115486145019531 0.032958984375
0.0101509094238281 -0.00373649597167969 0.198348999023438 -0.041351318359375
0.0184364318847656 -0.0168304443359375 0.189453125 -0.15008544921875
0.0245647430419922 -0.0189170837402344 0.17279052734375 -0.162460327148438
0.0154190063476563 -0.0259723663330078 0.18310546875 -0.164443969726562
0.0353927612304688 -0.0273094177246094 0.191696166992188 -0.0963592529296875
0.0578727722167969 -0.013214111328125 0.118873596191406 -0.0292739868164063
0.0710601806640625 0.0255966186523438 0.0406036376953125 -0.0528793334960938
0.0301589965820312 0.0684089660644531 0.00430297851562501 -0.115127563476563
0.00545120239257813 0.0582771301269531 -0.011138916015625 -0.227401733398438
-0.002105712890625 0.0358734130859375 0.128875732421875 -0.344390869140625
-0.070770263671875 0.1697998046875 -0.019866943359375 -0.2874755859375
-0.0672454833984375 0.150711059570313 -0.0396881103515625 -0.185806274414063
0.012542724609375 0.181991577148437 0.00257492065429688 -0.0485496520996094
0.0736770629882813 0.127754211425781 0.0314922332763672 -0.00102615356445312
0.109603881835938 0.0687789916992188 0.099639892578125 0.0445709228515625
0.104034423828125 0.00524139404296875 0.178695678710938 -0.02459716796875
0.106033325195313 -0.0503311157226563 0.170822143554688 -0.126144409179688
0.114852905273438 -0.0624847412109375 0.1470947265625 -0.138748168945313
0.0973129272460937 -0.0844268798828125 0.150177001953125 -0.151153564453125
0.117744445800781 -0.0579376220703125 0.150955200195312 -0.0931854248046875
0.154190063476562 -0.0183258056640625 0.0882720947265625 -0.0290451049804687
0.171859741210938 0.052032470703125 0.014312744140625 -0.0636825561523438
0.110214233398438 0.173126220703125 -0.0084686279296875 -0.122550964355469
0.0412750244140625 0.183242797851563 -0.0186004638671875 -0.220703125
-0.00653076171874999 0.191146850585938 0.11505126953125 -0.321014404296875
-0.102294921875 0.290008544921875 -0.0248260498046875 -0.223846435546875
-0.0945281982421875 0.258209228515625 -0.0236968994140625 -0.155670166015625
0.020050048828125 0.302001953125 0.0126724243164063 -0.0547370910644531
0.1121826171875 0.217178344726563 0.0244960784912109 -0.0148677825927734
0.181503295898438 0.136672973632813 0.0699577331542969 0.0392608642578125
0.19256591796875 0.024169921875 0.128555297851563 -0.0145339965820312
0.1844482421875 -0.0720672607421875 0.122039794921875 -0.0887832641601563
0.189010620117188 -0.0972900390625 0.100410461425781 -0.0952224731445313
0.161117553710938 -0.134124755859375 0.101104736328125 -0.112930297851563
0.179214477539063 -0.0898895263671875 0.097412109375 -0.0681915283203125
0.227432250976563 -0.0366058349609375 0.0522537231445313 -0.0160980224609375
0.252685546875 0.0511932373046875 -0.0124969482421875 -0.0578155517578125
0.190277099609375 0.2357177734375 -0.0181655883789062 -0.112197875976563
0.089813232421875 0.272598266601563 -0.0117034912109375 -0.187179565429687
0.00277709960937502 0.317626953125 0.1026611328125 -0.251266479492188
-0.112518310546875 0.36895751953125 -0.0489044189453125 -0.125923156738281
-0.103759765625 0.33831787109375 -0.0184783935546875 -0.09283447265625
0.034088134765625 0.388153076171875 0.020111083984375 -0.0466537475585937
0.14434814453125 0.281890869140625 0.0136241912841797 -0.0296401977539062
0.237075805664063 0.185592651367188 0.0283317565917969 0.021575927734375
0.259017944335938 0.03759765625 0.0519905090332031 -0.0117340087890625
0.236099243164063 -0.08477783203125 0.0481491088867188 -0.0417022705078125
0.234222412109375 -0.117813110351563 0.0374107360839844 -0.0368423461914063
0.200210571289063 -0.166046142578125 0.0418281555175781 -0.0533638000488281
0.214431762695313 -0.108688354492188 0.0339107513427735 -0.0241889953613281
0.269821166992188 -0.0502777099609375 0.0117969512939453 0.00644397735595703
0.294189453125 0.044769287109375 -0.0329551696777344 -0.0406646728515625
0.23834228515625 0.260971069335938 -0.0186386108398437 -0.0867538452148437
0.122955322265625 0.31744384765625 0.011566162109375 -0.130996704101563
0.016387939453125 0.3907470703125 0.0965423583984375 -0.142044067382812
-0.10064697265625 0.394744873046875 -0.07843017578125 0.000503540039062511
-0.084228515625 0.370269775390625 -0.0185642242431641 -0.00328063964843748
0.06011962890625 0.409515380859375 0.0207653045654297 -0.0247802734375
0.165863037109375 0.291259765625 -0.00488281249999999 -0.0375175476074219
0.258590698242188 0.192230224609375 -0.0256519317626953 0.000495910644531256
0.28216552734375 0.034698486328125 -0.0406036376953125 -0.00385284423828125
0.2491455078125 -0.0875091552734375 -0.0368614196777344 0.0145034790039062
0.243728637695313 -0.120132446289063 -0.0296077728271484 0.0269222259521484
0.21112060546875 -0.167221069335937 -0.0185127258300781 0.0151195526123047
0.220123291015625 -0.102035522460938 -0.0285358428955078 0.0270309448242187
0.26995849609375 -0.041900634765625 -0.02728271484375 0.0314464569091797
0.28558349609375 0.04638671875 -0.0463905334472656 -0.0180625915527344
0.2354736328125 0.2569580078125 -0.0109100341796875 -0.055938720703125
0.124664306640625 0.31781005859375 0.0463790893554688 -0.0628623962402344
0.019927978515625 0.404815673828125 0.0954360961914063 -0.0166778564453125
-0.0704345703125 0.352691650390625 -0.104057312011719 0.134300231933594
-0.042938232421875 0.332427978515625 -0.019287109375 0.0949172973632813
0.07958984375 0.34600830078125 0.0144844055175781 0.00777435302734377
0.1575927734375 0.2354736328125 -0.0276832580566406 -0.0317840576171875
0.231201171875 0.154495239257813 -0.0789413452148437 -0.0129776000976562
0.252517700195313 0.022308349609375 -0.128486633300781 0.0133514404296875
0.220001220703125 -0.0770111083984375 -0.114273071289062 0.074493408203125
0.216171264648437 -0.102294921875 -0.0898208618164062 0.0874252319335938
0.19256591796875 -0.1380615234375 -0.0743560791015625 0.0778427124023437
0.197021484375 -0.070465087890625 -0.0861434936523437 0.06817626953125
0.228683471679688 -0.012451171875 -0.0644989013671875 0.0467567443847656
0.228759765625 0.059051513671875 -0.0536689758300781 0.000526428222656264
0.180908203125 0.22613525390625 -0.00126647949218749 -0.02520751953125
0.0939178466796875 0.275497436523438 0.0768890380859375 0.00734710693359377
0.010986328125 0.3599853515625 0.090240478515625 0.103797912597656
-0.0293731689453125 0.248733520507812 -0.113296508789063 0.24627685546875
0.00289916992187502 0.231201171875 -0.012847900390625 0.177825927734375
0.0761260986328125 0.214675903320313 0.00622177124023438 0.0437660217285156
0.111305236816406 0.135696411132813 -0.0437583923339844 -0.0108680725097656
0.156021118164063 0.0903167724609375 -0.114822387695312 -0.01373291015625
0.175872802734375 0.006927490234375 -0.188644409179688 0.039276123046875
0.15350341796875 -0.053192138671875 -0.167724609375 0.127243041992188
0.154373168945313 -0.0680694580078125 -0.136238098144531 0.133705139160156
0.146728515625 -0.0886993408203125 -0.123878479003906 0.123199462890625
0.14495849609375 -0.029449462890625 -0.136505126953125 0.0879364013671875
0.154876708984375 0.018798828125 -0.0967864990234375 0.0424118041992188
0.13946533203125 0.0626296997070313 -0.057525634765625 0.00855255126953124
0.103439331054688 0.16107177734375 0.00480699539184571 0.00175809860229493
0.052581787109375 0.195556640625 0.0882644653320313 0.071258544921875
0.00238037109375002 0.263763427734375 0.0742950439453125 0.20416259765625
0.0049591064453125 0.101051330566406 -0.10552978515625 0.31829833984375
0.028167724609375 0.0892257690429688 0.00245666503906253 0.230911254882813
0.0375251770019531 0.05999755859375 0.00484466552734375 0.0749053955078125
0.0327930450439453 0.0329475402832031 -0.0443115234375 0.0172157287597656
0.05206298828125 0.0322647094726563 -0.126144409179688 -0.00416564941406252
0.0745468139648437 0.00455474853515625 -0.210098266601563 0.0654754638671875
0.0664863586425781 -0.01348876953125 -0.189407348632813 0.164306640625
0.0698356628417969 -0.02276611328125 -0.161285400390625 0.160140991210938
0.076690673828125 -0.0324783325195313 -0.159500122070313 0.144119262695312
0.0708541870117187 0.0009307861328125 -0.171554565429688 0.0836639404296875
0.0645866394042969 0.0264625549316406 -0.118293762207031 0.0211639404296875
0.0449562072753906 0.0370941162109375 -0.0571823120117188 0.00709915161132813
0.0369186401367188 0.0638999938964844 0.00449371337890625 0.022125244140625
0.0263748168945313 0.0885772705078125 0.0779190063476563 0.120613098144531
0.00420379638671876 0.132843017578125 0.0477447509765625 0.27117919921875
-0.0368423461914063 0.0297966003417969 -0.038787841796875 -0.304229736328125
-0.040191650390625 0.0329704284667969 -0.0687713623046875 -0.180191040039063
-0.00429916381835937 0.0535850524902344 -0.00782012939453125 -0.0335121154785156
0.0234222412109375 0.0382270812988281 0.0384407043457031 0.0061798095703125
0.0256290435791016 0.00882339477539063 0.116767883300781 0.031005859375
0.00963020324707031 -0.0027313232421875 0.197769165039063 -0.046173095703125
0.0182704925537109 -0.0172824859619141 0.183609008789062 -0.153076171875
0.0248928070068359 -0.0198135375976563 0.1668701171875 -0.163955688476563
0.0156612396240234 -0.0261344909667969 0.1767578125 -0.16705322265625
0.0339679718017578 -0.0282821655273438 0.18780517578125 -0.100631713867188
0.0571556091308594 -0.014373779296875 0.11932373046875 -0.0319595336914063
0.0708160400390625 0.0243301391601563 0.0389366149902344 -0.0533256530761719
0.0311622619628906 0.0678672790527344 0.0016937255859375 -0.113555908203125
0.00630950927734375 0.0572166442871094 -0.0153961181640625 -0.224044799804688
-0.00143623352050781 0.0348300933837891 0.1204833984375 -0.34149169921875
-0.065826416015625 0.170318603515625 -0.025787353515625 -0.284698486328125
-0.0632476806640625 0.150299072265625 -0.0442047119140625 -0.182754516601563
0.01605224609375 0.179519653320313 0.00116348266601563 -0.0489044189453125
0.0749588012695313 0.124656677246094 0.0302886962890625 -0.00183105468749999
0.109504699707031 0.0666656494140625 0.100807189941406 0.0433502197265625
0.103446960449219 0.00531768798828125 0.178268432617187 -0.0288848876953125
0.104713439941406 -0.0526962280273438 0.166534423828125 -0.12890625
0.113067626953125 -0.0658340454101563 0.141647338867188 -0.140365600585938
0.0957565307617187 -0.0853805541992187 0.144027709960938 -0.154373168945313
0.115791320800781 -0.0595016479492188 0.148406982421875 -0.096954345703125
0.15313720703125 -0.0217742919921875 0.0889434814453125 -0.0311508178710938
0.1719970703125 0.04840087890625 0.0118331909179688 -0.0629310607910156
0.11297607421875 0.169403076171875 -0.01116943359375 -0.122169494628906
0.0441741943359375 0.181060791015625 -0.023040771484375 -0.217910766601562
-0.00263977050781248 0.189971923828125 0.1075439453125 -0.31890869140625
-0.0947265625 0.290802001953125 -0.0297088623046875 -0.22125244140625
-0.0882415771484375 0.257904052734375 -0.026947021484375 -0.152603149414062
0.026580810546875 0.298858642578125 0.0112800598144531 -0.0558052062988281
0.1141357421875 0.213058471679687 0.0226058959960938 -0.0164051055908203
0.182388305664063 0.132492065429688 0.07110595703125 0.0387496948242188
0.191741943359375 0.022247314453125 0.128036499023438 -0.0178146362304688
0.182525634765625 -0.0755157470703125 0.11956787109375 -0.0902557373046875
0.185409545898438 -0.101516723632813 0.0966796875 -0.0962371826171875
0.156936645507813 -0.136505126953125 0.0959854125976563 -0.115638732910156
0.17626953125 -0.0919342041015625 0.0948867797851563 -0.070770263671875
0.22540283203125 -0.0416259765625 0.0530014038085938 -0.0180702209472656
0.25213623046875 0.046356201171875 -0.0150337219238281 -0.0570259094238281
0.194198608398438 0.230056762695313 -0.0201797485351562 -0.113121032714844
0.0933837890625 0.268692016601563 -0.015594482421875 -0.18536376953125
0.00976562499999997 0.31414794921875 0.0966033935546875 -0.250091552734375
-0.1031494140625 0.36956787109375 -0.0513229370117188 -0.123092651367187
-0.095458984375 0.337493896484375 -0.020904541015625 -0.09100341796875
0.04327392578125 0.3837890625 0.0188331604003906 -0.0483245849609375
0.147659301757813 0.276809692382813 0.0118923187255859 -0.0309886932373047
0.238601684570312 0.1796875 0.0284290313720703 0.0213260650634766
0.258255004882813 0.0331573486328125 0.0515480041503906 -0.0122795104980469
0.234466552734375 -0.0897674560546875 0.0474472045898438 -0.0418663024902344
0.230056762695313 -0.123336791992188 0.0357818603515625 -0.03741455078125
0.194488525390625 -0.169357299804688 0.0387649536132813 -0.0550537109375
0.210830688476563 -0.111862182617188 0.0333938598632813 -0.0259895324707031
0.266403198242188 -0.055633544921875 0.0130376815795899 0.00496292114257812
0.29327392578125 0.03863525390625 -0.0353507995605468 -0.0395050048828125
0.2427978515625 0.25360107421875 -0.0203094482421875 -0.0882415771484375
0.12664794921875 0.31280517578125 0.00910186767578126 -0.129875183105469
0.02471923828125 0.38739013671875 0.09332275390625 -0.14190673828125
-0.091949462890625 0.395172119140625 -0.078094482421875 0.00227355957031253
-0.0760803222656251 0.369842529296875 -0.0185813903808594 -0.00265312194824216
0.070037841796875 0.40496826171875 0.0200634002685547 -0.02691650390625
0.1688232421875 0.286865234375 -0.00682067871093749 -0.0384712219238281
0.260833740234375 0.185943603515625 -0.0260257720947265 0.00144958496093751
0.281463623046875 0.02996826171875 -0.0409736633300781 -0.0023345947265625
0.247528076171875 -0.0933837890625 -0.0350723266601562 0.0158615112304688
0.239410400390625 -0.125900268554688 -0.0291404724121094 0.0272541046142578
0.2047119140625 -0.171051025390625 -0.0197372436523437 0.0143871307373047
0.21734619140625 -0.104843139648438 -0.0277671813964844 0.0265998840332031
0.267105102539063 -0.0472412109375 -0.0259170532226562 0.0306549072265625
0.284210205078125 0.040802001953125 -0.0474624633789062 -0.0166549682617188
0.240264892578125 0.249130249023438 -0.0119781494140625 -0.0571861267089844
0.12860107421875 0.3133544921875 0.0448837280273438 -0.0639915466308593
0.0296630859375 0.4013671875 0.094512939453125 -0.0177764892578125
-0.06268310546875 0.35272216796875 -0.100433349609375 0.135765075683594
-0.035491943359375 0.331634521484375 -0.0167465209960938 0.0946121215820313
0.08807373046875 0.341552734375 0.0142049789428711 0.00616455078125002
0.159530639648438 0.231826782226563 -0.0284385681152344 -0.0318965911865234
0.232940673828125 0.148529052734375 -0.0797271728515625 -0.0116424560546875
0.251571655273438 0.016815185546875 -0.128395080566406 0.0176162719726562
0.218673706054688 -0.082061767578125 -0.1099853515625 0.0764617919921875
0.2117919921875 -0.10748291015625 -0.0874404907226562 0.0871734619140625
0.186798095703125 -0.141983032226563 -0.0730743408203125 0.0771408081054688
0.194168090820313 -0.07281494140625 -0.0834503173828125 0.0690765380859375
0.22686767578125 -0.01727294921875 -0.0630226135253906 0.0465469360351562
0.22735595703125 0.0547943115234375 -0.0548095703125 0.00195693969726562
0.184814453125 0.219482421875 -0.00162124633789061 -0.0269355773925781
0.0977325439453125 0.27252197265625 0.0763015747070313 0.00485229492187502
0.019500732421875 0.357208251953125 0.0915756225585937 0.100357055664063
-0.0242767333984375 0.248199462890625 -0.106796264648437 0.246841430664063
0.00759887695312498 0.229049682617188 -0.00891113281249999 0.175827026367188
0.081298828125 0.2119140625 0.00746536254882813 0.0423812866210938
0.1123046875 0.1329345703125 -0.0439262390136719 -0.0113334655761719
0.157501220703125 0.0859527587890625 -0.115646362304687 -0.0115127563476563
0.175491333007813 0.0028839111328125 -0.18701171875 0.0441131591796875
0.152801513671875 -0.057342529296875 -0.161956787109375 0.129989624023437
0.152008056640625 -0.0716552734375 -0.131683349609375 0.133796691894531
0.143020629882812 -0.09173583984375 -0.120155334472656 0.123023986816406
0.144241333007813 -0.03155517578125 -0.132644653320313 0.0903396606445313
0.1546630859375 0.0152740478515625 -0.09552001953125 0.0430145263671875
0.139312744140625 0.0599136352539063 -0.0578384399414062 0.00946044921875001
0.105987548828125 0.157150268554688 0.00439119338989258 -0.000522375106811514
0.0553741455078125 0.19384765625 0.0891189575195313 0.0676956176757813
0.00837707519531249 0.261672973632813 0.077056884765625 0.200302124023438
0.00619506835937501 0.100921630859375 -0.098175048828125 0.31683349609375
0.0295639038085937 0.0879135131835937 0.00730895996093753 0.228240966796875
0.039215087890625 0.0588722229003906 0.00634002685546874 0.07379150390625
0.032806396484375 0.0326499938964844 -0.0437126159667969 0.0171966552734375
0.0527763366699219 0.0304298400878906 -0.127082824707031 -0.00154113769531252
0.07440185546875 0.00174713134765625 -0.207855224609375 0.071136474609375
0.0669517517089844 -0.0153846740722656 -0.18267822265625 0.1671142578125
0.0693817138671875 -0.0243186950683594 -0.156204223632812 0.160507202148438
0.0751113891601563 -0.0339584350585938 -0.154312133789063 0.14501953125
0.0707550048828125 -5.340576171875E-05 -0.167648315429688 0.0863800048828125
0.0646858215332031 0.024871826171875 -0.117118835449219 0.0229339599609375
0.0450859069824219 0.0363922119140625 -0.0567436218261719 0.00774002075195314
0.0376663208007812 0.0627708435058594 0.00485610961914063 0.0208816528320313
0.0278701782226563 0.0879974365234375 0.0801467895507813 0.11688232421875
0.00769805908203126 0.131935119628906 0.0516815185546875 0.2664794921875
-0.0355644226074219 0.0304222106933594 -0.04339599609375 -0.306427001953125
-0.0408554077148438 0.0333099365234375 -0.0725250244140625 -0.180068969726563
-0.00417327880859375 0.0541305541992188 -0.00860977172851563 -0.0340938568115234
0.0238914489746094 0.0376815795898437 0.0384101867675781 0.00647735595703125
0.0257949829101563 0.00905036926269531 0.119918823242187 0.0303726196289062
0.00963020324707031 -0.00105094909667969 0.200164794921875 -0.0499114990234375
0.0180492401123047 -0.017486572265625 0.182876586914063 -0.156509399414062
0.0250644683837891 -0.0207939147949219 0.164657592773438 -0.167388916015625
0.0165882110595703 -0.0267276763916016 0.1754150390625 -0.1707763671875
0.0337905883789063 -0.0286483764648438 0.188735961914063 -0.10577392578125
0.0579338073730469 -0.0151443481445312 0.122108459472656 -0.0339508056640625
0.072540283203125 0.0235824584960938 0.0385704040527344 -0.0536231994628906
0.0321846008300781 0.0682716369628906 -9.15527343750062E-05 -0.113922119140625
0.00662612915039063 0.0569267272949219 -0.0181427001953125 -0.224884033203125
-0.0014801025390625 0.0356216430664063 0.117095947265625 -0.344329833984375
-0.0633087158203125 0.172866821289063 -0.03009033203125 -0.28692626953125
-0.062347412109375 0.15228271484375 -0.0478973388671875 -0.18280029296875
0.0192108154296875 0.180908203125 0.000404357910156255 -0.0500755310058594
0.0763015747070312 0.124626159667969 0.02947998046875 -0.00185012817382812
0.110641479492187 0.066864013671875 0.10369873046875 0.0428466796875
0.104827880859375 0.00616455078125 0.180923461914063 -0.031890869140625
0.105682373046875 -0.054351806640625 0.166183471679688 -0.1322021484375
0.112991333007813 -0.0690994262695313 0.14007568359375 -0.142822265625
0.09625244140625 -0.0880050659179688 0.141342163085938 -0.157867431640625
0.116432189941406 -0.060699462890625 0.148239135742188 -0.10137939453125
0.15472412109375 -0.0239105224609375 0.0911636352539063 -0.0335922241210938
0.17523193359375 0.047149658203125 0.0101318359375 -0.0635910034179688
0.11676025390625 0.170028686523438 -0.0128326416015625 -0.124046325683594
0.0449676513671875 0.182449340820312 -0.025604248046875 -0.219512939453125
-0.000183105468749992 0.191940307617188 0.105010986328125 -0.32098388671875
-0.090972900390625 0.29510498046875 -0.0323486328125 -0.222061157226562
-0.086181640625 0.261810302734375 -0.0298309326171875 -0.153335571289062
0.031890869140625 0.300323486328125 0.0103111267089844 -0.0577774047851562
0.1165771484375 0.213424682617188 0.0214061737060547 -0.017333984375
0.184829711914063 0.131729125976563 0.0734710693359375 0.0387649536132813
0.194793701171875 0.021728515625 0.129592895507813 -0.019744873046875
0.184768676757813 -0.0791015625 0.119697570800781 -0.092620849609375
0.185317993164062 -0.10699462890625 0.0952682495117188 -0.0980300903320312
0.157394409179688 -0.140640258789063 0.0933761596679688 -0.118316650390625
0.176666259765625 -0.093963623046875 0.0949249267578125 -0.0740966796875
0.227828979492188 -0.0452880859375 0.0546188354492188 -0.019561767578125
0.2564697265625 0.043914794921875 -0.0172195434570312 -0.056976318359375
0.199188232421875 0.229217529296875 -0.0224075317382813 -0.115333557128906
0.0955657958984375 0.27093505859375 -0.0172882080078125 -0.186203002929687
0.0137939453125 0.317962646484375 0.0952606201171875 -0.252212524414063
-0.099456787109375 0.37548828125 -0.0539016723632813 -0.12286376953125
-0.092864990234375 0.341949462890625 -0.022186279296875 -0.090606689453125
0.049591064453125 0.386016845703125 0.0182151794433594 -0.0506858825683594
0.150314331054688 0.278701782226563 0.0101165771484375 -0.0326728820800781
0.243515014648438 0.178726196289063 0.0298042297363281 0.0217418670654297
0.262008666992188 0.0324249267578125 0.0518760681152344 -0.0127792358398437
0.237091064453125 -0.0940399169921875 0.0483016967773438 -0.0428886413574219
0.230209350585938 -0.129013061523438 0.0347480773925781 -0.0383872985839844
0.193954467773437 -0.173858642578125 0.0358734130859375 -0.0569610595703125
0.212326049804688 -0.114044189453125 0.0332813262939453 -0.0273017883300781
0.268936157226563 -0.0592803955078125 0.0141315460205078 0.00385379791259765
0.2969970703125 0.035980224609375 -0.0376396179199219 -0.0381355285644531
0.249420166015625 0.252761840820313 -0.0220184326171875 -0.0910568237304687
0.1302490234375 0.315521240234375 0.00812530517578127 -0.1319580078125
0.030670166015625 0.39129638671875 0.09271240234375 -0.143539428710937
-0.0873413085937501 0.401214599609375 -0.0785446166992188 0.00382995605468753
-0.071319580078125 0.374176025390625 -0.0190792083740234 -0.00169181823730466
0.077056884765625 0.407318115234375 0.0195522308349609 -0.0287532806396484
0.17230224609375 0.28887939453125 -0.00878906249999999 -0.0399703979492187
0.266433715820312 0.184616088867187 -0.0260734558105469 0.00203704833984376
0.285797119140625 0.028472900390625 -0.0416030883789062 -0.000392913818359365
0.250595092773438 -0.098480224609375 -0.0333938598632812 0.0166721343994141
0.239486694335938 -0.13177490234375 -0.0295124053955078 0.0273399353027344
0.203811645507813 -0.175430297851563 -0.0214424133300781 0.0134544372558594
0.218704223632813 -0.1072998046875 -0.0273017883300781 0.0264739990234375
0.268905639648438 -0.0513763427734375 -0.0256900787353516 0.0300006866455078
0.287384033203125 0.0386962890625 -0.0499229431152343 -0.01580810546875
0.245529174804688 0.2484130859375 -0.0135765075683594 -0.0599555969238281
0.13214111328125 0.315887451171875 0.0447959899902344 -0.0654144287109375
0.03460693359375 0.406005859375 0.0955123901367187 -0.0194320678710937
-0.0584716796875 0.3580322265625 -0.0995330810546875 0.137847900390625
-0.03118896484375 0.334625244140625 -0.01611328125 0.0958175659179688
0.093994140625 0.343597412109375 0.0141611099243164 0.00471591949462893
0.162887573242188 0.233963012695313 -0.0304431915283203 -0.0331134796142578
0.237503051757813 0.14697265625 -0.0807876586914062 -0.0106124877929687
0.255462646484375 0.0143280029296875 -0.129981994628906 0.020904541015625
0.221435546875 -0.0867919921875 -0.108360290527344 0.0785598754882813
0.212631225585938 -0.112350463867188 -0.086944580078125 0.0885772705078125
0.186752319335938 -0.145401000976563 -0.0742568969726562 0.077667236328125
0.196304321289062 -0.0744781494140625 -0.08270263671875 0.0704727172851563
0.228866577148437 -0.0204925537109375 -0.062957763671875 0.0469551086425781
0.230087280273437 0.052947998046875 -0.0560035705566406 0.00279998779296875
0.190032958984375 0.219039916992187 -0.0024738311767578 -0.0291500091552734
0.100250244140625 0.27459716796875 0.0775299072265625 0.00243377685546877
0.0245361328125 0.360626220703125 0.0933761596679687 0.100425720214844
-0.0218353271484375 0.252105712890625 -0.104965209960937 0.2489013671875
0.0107879638671875 0.231216430664063 -0.00677490234375002 0.177902221679688
0.0858612060546875 0.21240234375 0.00760269165039063 0.041778564453125
0.114265441894531 0.1348876953125 -0.0449104309082031 -0.0116043090820312
0.160415649414063 0.08441162109375 -0.1180419921875 -0.00997161865234373
0.178085327148438 0.0006866455078125 -0.188949584960938 0.04925537109375
0.155288696289063 -0.060760498046875 -0.159835815429688 0.132980346679688
0.15283203125 -0.0753631591796875 -0.130752563476562 0.136474609375
0.142333984375 -0.094207763671875 -0.120468139648437 0.12445068359375
0.14581298828125 -0.03228759765625 -0.132133483886719 0.09197998046875
0.156005859375 0.014068603515625 -0.0963897705078125 0.0446929931640625
0.140731811523438 0.0597686767578125 -0.0584449768066406 0.0106773376464844
0.10919189453125 0.157379150390625 0.00435972213745118 -0.00198197364807128
0.05792236328125 0.195541381835937 0.0904312133789063 0.0657196044921875
0.0118255615234375 0.264816284179688 0.079559326171875 0.20086669921875
0.00679779052734374 0.102912902832031 -0.095794677734375 0.31964111328125
0.0311737060546875 0.0882110595703125 0.0100250244140625 0.230209350585938
0.041229248046875 0.0587348937988281 0.00704193115234375 0.0741806030273438
0.0333538055419922 0.0341758728027344 -0.0443305969238281 0.0164222717285156
0.0537109375 0.0296440124511719 -0.1297607421875 -0.000160217285156241
0.0750732421875 0.00077056884765625 -0.2100830078125 0.0766448974609375
0.067901611328125 -0.0170478820800781 -0.180068969726562 0.170547485351563
0.0700454711914063 -0.0258674621582031 -0.15472412109375 0.16192626953125
0.0748367309570313 -0.0351333618164062 -0.153594970703125 0.146881103515625
0.0723800659179688 -0.00080108642578125 -0.167678833007813 0.089080810546875
0.0656051635742188 0.0248374938964844 -0.118461608886719 0.0243148803710938
0.0456657409667969 0.0364990234375 -0.0565948486328125 0.00860214233398437
0.0388641357421875 0.0624656677246094 0.00481414794921875 0.0191974639892578
0.0291595458984375 0.0890121459960938 0.0820999145507813 0.115501403808594
0.00965118408203125 0.134086608886719 0.0538787841796875 0.267852783203125
-0.0348777770996094 0.0319271087646484 -0.05133056640625 -0.31304931640625
-0.0419044494628906 0.0345115661621094 -0.0793609619140625 -0.182098388671875
-0.00391387939453124 0.0558242797851563 -0.00942039489746094 -0.0343990325927734
0.0253257751464844 0.0374488830566406 0.0388412475585938 0.00625991821289063
0.0259132385253906 0.00974464416503906 0.125442504882813 0.0289154052734375
0.00998401641845703 -3.814697265625E-05 0.205917358398437 -0.0574798583984375
0.0184078216552734 -0.0177841186523438 0.182861328125 -0.164642333984375
0.0252418518066406 -0.0223445892333984 0.16351318359375 -0.17449951171875
0.0164451599121094 -0.0278205871582031 0.174789428710938 -0.179534912109375
0.0340385437011719 -0.0298671722412109 0.190780639648438 -0.1136474609375
0.0584602355957031 -0.017181396484375 0.126258850097656 -0.0383453369140625
0.0749588012695313 0.0220489501953125 0.0379371643066406 -0.0554428100585938
0.0349311828613281 0.069580078125 -0.0024261474609375 -0.115982055664063
0.00745391845703125 0.0577201843261719 -0.02349853515625 -0.22900390625
-0.000751495361328126 0.0361213684082031 0.113128662109375 -0.35357666015625
-0.05987548828125 0.179367065429688 -0.037109375 -0.29248046875
-0.0606231689453125 0.157012939453125 -0.053955078125 -0.185104370117187
0.0239410400390625 0.1846923828125 -0.000820159912109373 -0.0518264770507812
0.0799331665039063 0.126129150390625 0.0293121337890625 -0.00293922424316406
0.114288330078125 0.0667266845703125 0.109367370605469 0.0417327880859375
0.108367919921875 0.0057373046875 0.18548583984375 -0.03839111328125
0.107559204101563 -0.0582962036132813 0.166549682617188 -0.139511108398438
0.114265441894531 -0.0747451782226563 0.138870239257813 -0.149124145507813
0.096435546875 -0.0932769775390625 0.140045166015625 -0.165451049804688
0.11834716796875 -0.0643234252929688 0.149276733398438 -0.1085205078125
0.158279418945313 -0.02825927734375 0.094696044921875 -0.0375518798828125
0.181381225585938 0.0447235107421875 0.00819778442382814 -0.0648422241210938
0.123703002929688 0.171661376953125 -0.0163116455078125 -0.127159118652344
0.04937744140625 0.186004638671875 -0.0312652587890625 -0.223159790039063
0.00355529785156249 0.1973876953125 0.100860595703125 -0.329742431640625
-0.085418701171875 0.305145263671875 -0.038909912109375 -0.226150512695312
-0.0820465087890625 0.268997192382812 -0.0348052978515625 -0.154891967773437
0.040313720703125 0.306304931640625 0.00893783569335938 -0.0605888366699219
0.122909545898438 0.216964721679687 0.0204868316650391 -0.018198013305664
0.192230224609375 0.130538940429688 0.0775146484375 0.0385665893554688
0.200958251953125 0.020660400390625 0.13311767578125 -0.0235595703125
0.1881103515625 -0.08636474609375 0.12103271484375 -0.0984344482421875
0.187469482421875 -0.115081787109375 0.09405517578125 -0.102127075195313
0.15838623046875 -0.148468017578125 0.090545654296875 -0.123870849609375
0.179718017578125 -0.0987548828125 0.0950469970703125 -0.0792388916015625
0.232254028320313 -0.05120849609375 0.0566329956054688 -0.023193359375
0.264511108398438 0.0408172607421875 -0.0202445983886719 -0.056884765625
0.210403442382813 0.230499267578125 -0.0265045166015625 -0.119148254394531
0.102493286132813 0.27703857421875 -0.0218048095703125 -0.190643310546875
0.021392822265625 0.326416015625 0.0922088623046875 -0.259506225585938
-0.092529296875 0.388580322265625 -0.057830810546875 -0.124229431152344
-0.0865478515625 0.352386474609375 -0.0248947143554688 -0.091217041015625
0.061614990234375 0.392913818359375 0.0168952941894531 -0.0546035766601562
0.15911865234375 0.28375244140625 0.00836944580078126 -0.0342922210693359
0.253402709960938 0.17767333984375 0.0322647094726563 0.0219573974609375
0.2703857421875 0.0293731689453125 0.0528335571289063 -0.0135421752929688
0.241439819335938 -0.103500366210938 0.0498008728027344 -0.0454750061035156
0.232284545898438 -0.13934326171875 0.0342178344726563 -0.0398292541503906
0.194549560546875 -0.18328857421875 0.0332794189453125 -0.0593528747558594
0.215087890625 -0.119766235351563 0.0334854125976563 -0.0300540924072266
0.274002075195312 -0.0682373046875 0.0151863098144531 0.0019693374633789
0.30584716796875 0.030426025390625 -0.0404739379882812 -0.0375099182128906
0.261581420898437 0.253005981445312 -0.0255889892578125 -0.0947647094726562
0.139373779296875 0.322052001953125 0.00530242919921875 -0.135391235351563
0.040618896484375 0.400970458984375 0.09259033203125 -0.148956298828125
-0.079742431640625 0.41400146484375 -0.0802459716796875 0.00661468505859376
-0.064910888671875 0.384521484375 -0.0192890167236328 2.28881835937703E-05
0.090667724609375 0.414581298828125 0.0187053680419922 -0.0313777923583984
0.1822509765625 0.29388427734375 -0.0109100341796875 -0.0417137145996094
0.277969360351563 0.183197021484375 -0.0258827209472656 0.00315093994140627
0.29498291015625 0.023956298828125 -0.0428543090820312 0.00172424316406251
0.255828857421875 -0.108016967773438 -0.0322494506835937 0.0167407989501953
0.242034912109375 -0.142318725585938 -0.029794692993164 0.0285015106201172
0.2044677734375 -0.185501098632813 -0.0239181518554687 0.0141925811767578
0.223175048828125 -0.113418579101562 -0.027618408203125 0.0270156860351562
0.274673461914063 -0.0595703125 -0.0254096984863281 0.0299949645996094
0.29620361328125 0.03375244140625 -0.0526580810546875 -0.0135154724121094
0.2584228515625 0.248336791992188 -0.0159378051757812 -0.0632705688476562
0.1419677734375 0.32257080078125 0.0443191528320313 -0.0694656372070312
0.045928955078125 0.416290283203125 0.0971603393554687 -0.0217514038085937
-0.05242919921875 0.369720458984375 -0.0984039306640625 0.143508911132813
-0.024566650390625 0.3433837890625 -0.0142593383789063 0.0996780395507813
0.105743408203125 0.349365234375 0.0138740539550781 0.00328826904296877
0.17138671875 0.238006591796875 -0.0325469970703125 -0.0343036651611328
0.247222900390625 0.145004272460938 -0.08355712890625 -0.00862121582031251
0.2633056640625 0.009613037109375 -0.13336181640625 0.0261459350585937
0.226150512695313 -0.0957794189453125 -0.107185363769531 0.0825881958007813
0.215301513671875 -0.121917724609375 -0.0872955322265625 0.0921173095703125
0.187591552734375 -0.154006958007812 -0.0759506225585937 0.08087158203125
0.200424194335938 -0.0803985595703125 -0.0835418701171875 0.07366943359375
0.233596801757813 -0.0262451171875 -0.0639190673828125 0.0489425659179687
0.2371826171875 0.050018310546875 -0.0576820373535156 0.00524520874023438
0.200393676757813 0.219619750976563 -0.00375938415527343 -0.0319023132324219
0.10882568359375 0.280624389648438 0.0797653198242188 -0.000526428222656233
0.033935546875 0.370849609375 0.0973739624023437 0.100395202636719
-0.016876220703125 0.260543823242188 -0.102249145507812 0.256149291992188
0.016143798828125 0.236343383789063 -0.0024261474609375 0.182388305664063
0.09442138671875 0.214981079101563 0.00795364379882813 0.0421257019042969
0.120025634765625 0.137100219726563 -0.0466690063476562 -0.0116691589355469
0.166610717773438 0.0825958251953125 -0.122596740722656 -0.0072174072265625
0.183059692382813 -0.0030670166015625 -0.193359375 0.056396484375
0.159103393554688 -0.0674896240234375 -0.15911865234375 0.13934326171875
0.154693603515625 -0.0816497802734375 -0.131256103515625 0.14154052734375
0.14373779296875 -0.100479125976563 -0.121223449707031 0.129615783691406
0.149749755859375 -0.03619384765625 -0.133331298828125 0.096832275390625
0.160110473632813 0.0103302001953125 -0.0980682373046875 0.0474777221679688
0.14581298828125 0.0588226318359375 -0.059783935546875 0.0127143859863281
0.115585327148438 0.157974243164063 0.00402045249938966 -0.00391435623168944
0.0632781982421875 0.200057983398438 0.0942916870117188 0.0635147094726563
0.0195465087890625 0.271804809570313 0.0847015380859375 0.204071044921875
0.0088653564453125 0.106391906738281 -0.0909423828125 0.327911376953125
0.0342254638671875 0.0891342163085938 0.015625 0.235443115234375
0.0445556640625 0.0588645935058594 0.0088958740234375 0.0755691528320313
0.0349864959716797 0.0344409942626953 -0.0450820922851563 0.0173683166503906
0.0559730529785156 0.0281410217285156 -0.134452819824219 0.00293731689453123
0.0766983032226563 -0.00189208984375 -0.2144775390625 0.0849609375
0.0703964233398438 -0.0200119018554688 -0.17913818359375 0.178482055664063
0.0713348388671875 -0.0284652709960938 -0.154388427734375 0.16876220703125
0.0758743286132813 -0.0380935668945313 -0.154541015625 0.152664184570313
0.0747756958007812 -0.0022430419921875 -0.169052124023438 0.0950927734375
0.0683670043945313 0.0242881774902344 -0.121429443359375 0.0278244018554688
0.0483131408691406 0.0371246337890625 -0.0577316284179688 0.0101814270019531
0.0411796569824219 0.0637931823730469 0.00537109375 0.0186119079589844
0.031829833984375 0.0909194946289063 0.086151123046875 0.114845275878906
0.0132064819335938 0.13812255859375 0.0597686767578125 0.273834228515625
0.0559516383107052 0.0460032003195792 0.240676488852252 -0.231792596065278
0.0688401171560349 0.0279293752326333 0.132710148794479 -0.179241736207074
0.0519836680047728 -0.0272632550051282 0.0149739785631713 -0.0353515718104638
0.0116155552557381 -0.0487639077945209 0.000400233976258831 0.0409944386831751
-0.0244745285480954 -0.0279904925106072 0.043255615060202 0.138824451437082
-0.0277577837318178 -0.00602340745034127 0.146772250218579 0.161886516270292
-0.037094006719578 0.00321152675084254 0.222942578787608 0.119764976948982
-0.0428289724216188 0.010049012738368 0.249639707446842 0.0779099433619496
-0.0503722050368165 0.0105675467405359 0.244000051778288 0.0917956828665898
-0.0541937875059023 0.0023806809906555 0.189931152901419 0.115079930602553
-0.0601305110792721 -0.0311568877670145 0.096789894390116 0.108574134265886
-0.0306448902338458 -0.0761503808285367 0.0582762356982412 0.0128356783104942
0.0197289872344581 -0.0661177045328137 0.0866420452250989 -0.0690674218292645
0.039583906252766 -0.0272624405679673 0.183892355725338 -0.140544328021926
0.0259959371322846 0.000129110187529705 0.339177645888337 -0.128079606209744
0.187371450065123 -0.0149888566506057 0.214720340718973 -0.223482987317616
0.178377712128673 -0.0349926936272072 0.130612379157639 -0.17437510807825
0.142467189441097 -0.126101317651287 0.00431145539967829 -0.0451696267452714
0.0504029836675296 -0.158837060202344 -0.0264974429243172 0.0301217085712265
-0.0467316866990978 -0.136585052758198 0.00984482562214957 0.142940780931255
-0.0832233661441357 -0.0880698603724273 0.11212108911182 0.165886692241215
-0.120593514993485 -0.0576182161715496 0.185307513615745 0.12754202645425
-0.137601904090172 -0.022930900066803 0.213280796552288 0.075831433483104
-0.151393593685647 -0.0212444921464786 0.213765028631355 0.0765390086845376
-0.134648566625126 -0.0435085584163202 0.159134536780034 0.0934420258500875
-0.135113853316507 -0.0969638722252416 0.0707750657974798 0.0893381166445242
-0.076084873081605 -0.182621685259135 0.0353633740890676 -0.0111378401052307
0.0242774514439394 -0.199835413069816 0.0746918554489536 -0.0883944318833022
0.113564668390257 -0.136517868290344 0.165317461677274 -0.155796054940893
0.149999330761674 -0.085597681179293 0.313715955373208 -0.140626411896305
0.304195851996637 -0.0695415111857634 0.141106167329618 -0.200876387982007
0.281773158477827 -0.0931544492093243 0.0970052713995162 -0.158766584775756
0.233688260134503 -0.211794526524918 -0.0118864145317388 -0.0505827026854665
0.0999745691628213 -0.26063660870887 -0.0459025234813107 0.0134782827133136
-0.0545359153361189 -0.242202953729113 -0.0167005746421181 0.121501332248639
-0.126651846034753 -0.170503981192571 0.0658674447226743 0.138362778726842
-0.186574199898742 -0.117110721256455 0.122545534320612 0.110872171893209
-0.211463462803977 -0.0540339490240843 0.146629579847973 0.0636145496822351
-0.231930976846394 -0.0434320690925621 0.152034280761233 0.0581701026562347
-0.200100162929907 -0.0728950516760025 0.102845905678469 0.0706812013761121
-0.202056013916706 -0.136564324356504 0.0323446001429806 0.0702177925740419
-0.130761904152047 -0.25107370179555 0.00391999083875335 -0.025064715854148
0.00183786413533289 -0.300929842625785 0.0526484407772307 -0.0907829289508662
0.150871624444306 -0.233820725652719 0.131528292844404 -0.138644946931297
0.242552548015388 -0.167623624827959 0.252071973257372 -0.118776211197606
0.376111993634724 -0.121186062533395 0.0314079740187574 -0.16644605514883
0.350623940563612 -0.149174471879862 0.0283271622402807 -0.128857726790196
0.293744061365752 -0.282422161193325 -0.0363686917117196 -0.0449734546005557
0.133842680611135 -0.338435498481352 -0.0597541981066443 -0.0048641159925522
-0.0613488878077418 -0.321226632838318 -0.0374332612664354 0.0776485395378425
-0.156308118388254 -0.229585018306298 0.0139944437507124 0.079457535396467
-0.227336719334483 -0.159741319706133 0.0415363404337928 0.0695283663572765
-0.25573591947566 -0.0760916396216872 0.0579333597140319 0.0407359946322113
-0.278386472935129 -0.0575378605455875 0.0668532686894956 0.0366755815115324
-0.237825971583695 -0.0912841689424074 0.0278754148522477 0.0469157791169104
-0.240214899300564 -0.156996533070876 -0.0153390862162311 0.0491468035351649
-0.16345836555753 -0.283004995605425 -0.0289378432119092 -0.0286995409102729
-0.0200404392133059 -0.354398956312925 0.0273254881112706 -0.0744073435449756
0.161726969792781 -0.291750282536714 0.091597825105733 -0.0905370497795654
0.290453197245849 -0.225870801161095 0.164599006718935 -0.0603579349357959
0.390808428159983 -0.160535090015987 -0.0985971835464427 -0.111638957118355
0.360602550475571 -0.196627373241948 -0.0629510343327288 -0.0788521133791021
0.294676039345401 -0.321083727033596 -0.0646627760385899 -0.0269231785442869
0.128795142491134 -0.36667757282263 -0.0681567227386633 -0.0219371624378439
-0.0699222873526348 -0.342224133333428 -0.0547650226523987 0.0157517079691264
-0.166718208241754 -0.245635560353331 -0.0452348876670015 0.00398957079789826
-0.235051159220731 -0.173993505841038 -0.0488287118880076 0.0159199949237834
-0.259997512735287 -0.0862949489760126 -0.0397733526314405 0.0128348486697833
-0.280642939578293 -0.0680906461861232 -0.0271608381596579 0.014929428531134
-0.234972743841236 -0.106091398054813 -0.0521133361864499 0.0224688604482429
-0.231718050392381 -0.164527576625199 -0.0634775621763526 0.0235887430735203
-0.153762506463475 -0.27795136937389 -0.0565831088857288 -0.0289894629668264
-0.0212777526621518 -0.351196158966303 0.00767695773836136 -0.0480593955220621
0.158696168672218 -0.297984754421453 0.0531120208682276 -0.023163436352752
0.298200424299403 -0.243864366376677 0.0689743546411482 0.0181941774742721
0.340080981447546 -0.174633175851205 -0.224118431610485 -0.0419455303783106
0.297756862969527 -0.212481159157175 -0.153391272530768 -0.0116871841393331
0.230023623317245 -0.298569228941982 -0.0878634639282508 -0.00096083545549992
0.0889646762758077 -0.31814856621699 -0.069500745919509 -0.0332739311147729
-0.069409159726634 -0.290841305366935 -0.0699443234710244 -0.049203040216676
-0.147422388363038 -0.212218160663431 -0.104792422652524 -0.0701841335817494
-0.203592913754583 -0.157324957732229 -0.135432213372391 -0.0369356867878994
-0.22454143712337 -0.0849649206332398 -0.130061081363059 -0.0161573596457489
-0.238607517652803 -0.0755126295447508 -0.11276666249699 -0.00939344484172215
-0.192579224613111 -0.113762617770314 -0.119713379997685 -0.00856557767321817
-0.176939751973719 -0.157334053020159 -0.099411221204557 -0.0104232516209661
-0.102033320285284 -0.238055708507311 -0.070550753733979 -0.0326336239443049
0.00176709523376188 -0.293218507976405 -0.0053261465602067 -0.0229491400576687
0.144643506041137 -0.252310010761047 0.0163778383240673 0.0443781368979863
0.267535060713338 -0.217485802285261 -0.0240972633620019 0.0962167856456926
0.230471799070698 -0.157977822026337 -0.312928587646415 0.0332992370295795
0.179705201511895 -0.183488841812052 -0.214304060501819 0.0609933685632833
0.122849728584647 -0.212440269516279 -0.0955640644407797 0.0278149079729108
0.0385096313506388 -0.203693861738403 -0.0643199334008591 -0.0353263382502158
-0.0512346118174368 -0.185634978145881 -0.081970018078247 -0.0957304575419494
-0.0994765000861186 -0.143123569243332 -0.152849141084994 -0.121704013754004
-0.138194848683949 -0.115353769248983 -0.20243451615549 -0.0762522717812847
-0.153488112611995 -0.0708258756323538 -0.200392998092561 -0.0419868116598272
-0.161119061055614 -0.071495894387337 -0.177890933899965 -0.03983705782159
-0.121508643107176 -0.104141626907389 -0.161736852517704 -0.049627698388692
-0.0972498121883629 -0.127946887364526 -0.111509114861869 -0.0548150689245669
-0.0363274764122681 -0.164603044258957 -0.0674081780797884 -0.0411739208607907
0.0221196179061698 -0.19364496279044 -0.0139978084231323 -0.00277210761039994
0.109608654411418 -0.17225505399369 -0.0237304648566291 0.0957027189696559
0.197717646664739 -0.162035048864306 -0.109819493019313 0.158893722646782
0.0884324879526089 -0.104137159243132 -0.350057622031728 0.0999742961390011
0.0442506435537608 -0.107720910593836 -0.233802097085803 0.126544881917922
0.0198932296680319 -0.0797753137007621 -0.0859191953070832 0.0533486686476811
0.0090960091142239 -0.0577517477635559 -0.0517687815727346 -0.0283030179323345
-0.00711739101445489 -0.0641391078933616 -0.08754669530734 -0.117087407446301
-0.0272876730742796 -0.0642100500330269 -0.181667547178886 -0.143200290918642
-0.0464419858158896 -0.063864371883658 -0.241057287676624 -0.0969444966975935
-0.0585626052347693 -0.0467419540884686 -0.239160890151431 -0.0617987793407252
-0.0646213069939203 -0.0508688908916944 -0.212404587224675 -0.0725328068063403
-0.0431618947387059 -0.0667092240876716 -0.172265310207777 -0.0924410060448816
-0.022567741072825 -0.0676913572714082 -0.0969289038498855 -0.0963672841079759
0.00652303147650829 -0.0660545883479413 -0.0479628168823686 -0.0482038942811924
0.0129268910664385 -0.07541295465767 -0.0193956801399975 0.0119328059124709
0.0460709606266605 -0.0855326362586406 -0.0641724241216206 0.124221443188032
0.0965278118035762 -0.0930248519325657 -0.177774333171956 0.195464144536638
0.0582474018421684 0.0432139717984732 0.231243146408047 -0.246566040935386
0.0712423897723107 0.0251465609925453 0.122730155254266 -0.188565316346438
0.0514611296536889 -0.0303264152755542 0.0136781762013748 -0.0365804715072509
0.00955579191026982 -0.0493364324803141 0.00192650451747407 0.0410858776002616
-0.0252353573229079 -0.0272516651241168 0.0521735127293631 0.138452238934834
-0.0278256970709989 -0.00562339832223606 0.159126720013705 0.155001450766849
-0.0376852493081997 0.00482247709549978 0.230769639070537 0.108146608809567
-0.0427328811654618 0.0128135682163843 0.254944691045291 0.0647809723899856
-0.0506220003231091 0.0133963260036135 0.251609187348372 0.0788150981223151
-0.0543825291021515 0.00549031859430592 0.199892248753967 0.105095095911394
-0.0624017545402493 -0.0273011705331413 0.105345296162422 0.105495657366483
-0.0355544692854742 -0.0751471096475896 0.0587667145142434 0.00974020274969904
0.0164734825706842 -0.0681737758091254 0.0831315712874707 -0.0743192115244969
0.0390067864519285 -0.0286222088323597 0.178436612391482 -0.150557461070347
0.0262299846330779 -0.0012996144430629 0.335319554230656 -0.146302193692984
0.188122350345281 -0.0256228323793259 0.20429773683041 -0.236354728693114
0.178453519847749 -0.0449679111939253 0.121271253353018 -0.18344855364097
0.136293785557126 -0.133998279291101 0.00265408314655693 -0.0464821641502419
0.0435060049213695 -0.162317611588044 -0.0258150190044017 0.0309382793357193
-0.054098044369135 -0.13572235541217 0.0194216347353233 0.144880389030812
-0.0891356221095753 -0.086961917320578 0.123301798350438 0.161850413677183
-0.125543085751811 -0.0514047326314519 0.194799539287761 0.117654960309204
-0.14015273985609 -0.0149205957784799 0.218453276014775 0.0646542192145426
-0.155270996866967 -0.0127531984099263 0.219496418747473 0.064497197338192
-0.138179901084212 -0.0378268428619091 0.16670917849228 0.0848442441238097
-0.141954367860118 -0.0899292607481254 0.0787225034015763 0.0869886295390002
-0.0875662076228796 -0.180833801241342 0.033638847150948 -0.0137866647838349
0.0136779467796001 -0.202842128240658 0.0710977552348132 -0.0941099593052087
0.108957772023234 -0.143635118176596 0.158314231236767 -0.165688260145551
0.147840915981232 -0.0951825634553506 0.308716172934785 -0.157967932518491
0.303094164842776 -0.0879563713154838 0.131538678543881 -0.209693783011602
0.279658418432237 -0.108581350178477 0.0884954510168891 -0.165078420706241
0.222825878791999 -0.226550744156566 -0.0136014306815696 -0.0513617528320297
0.0894392836646444 -0.26837702000893 -0.0462278132612706 0.0141805074393919
-0.0677462248046973 -0.24178403644074 -0.00960469148718915 0.124934411998877
-0.137114330884424 -0.167520196789876 0.0746254870345623 0.136117469248985
-0.195930137148132 -0.107939920887872 0.130506912693474 0.104319623787159
-0.217280675141501 -0.0415037362185312 0.150705711084052 0.0559582855114363
-0.23771402431097 -0.0304051132627786 0.155798067917953 0.0486895780534907
-0.205552113698367 -0.0640572628335192 0.108478193688008 0.0643772891575259
-0.21095618800366 -0.126096386641037 0.0388552090198197 0.0684716528107971
-0.146494543387755 -0.248326720265856 0.000711527425846339 -0.0248124593650233
-0.0140338434244529 -0.304955020485059 0.0483665221538666 -0.095946115935017
0.141660515562201 -0.243921004398791 0.125764121637436 -0.147560033905831
0.236075300391445 -0.183443521366615 0.247978250502113 -0.133256482434597
0.373529071972389 -0.143754395925352 0.0229614434311864 -0.168482563798154
0.345286575778157 -0.167617434696224 0.0215740822530343 -0.130763785753457
0.280191187176919 -0.30075686543027 -0.0378400640106319 -0.0450453452895079
0.118587840972652 -0.350335152265437 -0.0614320182940762 -0.00368091833609984
-0.0801200762089687 -0.321438521137941 -0.0321200267431194 0.0813389374959387
-0.170764801001462 -0.226534249851866 0.017948879552438 0.0803025265907044
-0.239685415679276 -0.149447740798796 0.0475536061103366 0.0671271056832115
-0.263174728237607 -0.0605782715181026 0.0598736069360486 0.0375068692626218
-0.285582412014902 -0.0416425113957351 0.0684582356821148 0.0319055938104433
-0.245580215506268 -0.0813286404616952 0.0310899259364003 0.044813382585597
-0.251285299246871 -0.144287131872158 -0.0106906700633323 0.0495889612811725
-0.181208143806153 -0.278714497575674 -0.0329666350145214 -0.0269890642663716
-0.040457594086705 -0.357607123935935 0.0242114385089819 -0.0785534104292037
0.149709692102872 -0.304666727614745 0.0879322980959157 -0.0969212870971173
0.281495964925319 -0.245109200856969 0.162769752892898 -0.0697258306196239
0.386598747457352 -0.184646169756463 -0.105625416406452 -0.106642918908061
0.352635865835606 -0.216538223319504 -0.0677648775964442 -0.0747861953215429
0.278730967481119 -0.340483243761316 -0.0661090488187591 -0.024311781781628
0.112360210635715 -0.379248121661234 -0.0706797114212885 -0.0203464871664525
-0.0895687594569784 -0.3419646377345 -0.0535704767713134 0.0195717665096627
-0.183102699743239 -0.240946049106486 -0.0464112404969643 0.00772667602289886
-0.248825334890936 -0.163084509547091 -0.0461665852427691 0.0186024557970557
-0.268401329727938 -0.0713725318763607 -0.0394399886602713 0.0144291186918023
-0.287861017556267 -0.0523566524032681 -0.027704870310279 0.0156108461525913
-0.243527396881657 -0.0956447800630493 -0.0515551333096216 0.0245832309306766
-0.243273952308096 -0.152520568065887 -0.0616707650402728 0.0262175299711326
-0.170091197357337 -0.273435775800043 -0.06031545903111 -0.025828255980559
-0.0407258825004699 -0.353983584987332 0.0056131768992732 -0.0516589325400231
0.145706114541205 -0.311294488886323 0.0529514328976298 -0.0276534393552479
0.288843461091321 -0.263571508480064 0.0701334517567531 0.0144500586811839
0.335467940855671 -0.196391264227552 -0.228586942755784 -0.0304310652250874
0.289089148150464 -0.229434789176899 -0.155049971639442 -0.00263643492003971
0.215250200997481 -0.313914196189893 -0.0874041880588415 0.00258116102967717
0.0743142439513834 -0.328588638940886 -0.072717181475812 -0.0316891550382721
-0.0866176606266686 -0.289904268998027 -0.0729599417882079 -0.0455317464610254
-0.161363639390319 -0.208077205768539 -0.110698431982716 -0.0638546997270374
-0.216840457139511 -0.147426792329281 -0.136189215423285 -0.0296053682504582
-0.232318552234161 -0.0721212610134115 -0.131650669801606 -0.00980575513078687
-0.245342880722826 -0.0621558088252332 -0.11518296488132 -0.00417720431776609
-0.201182406796225 -0.10606218232702 -0.121494437986885 -0.00221076597704511
-0.187419626449862 -0.149064461378084 -0.100237485400398 -0.00600859989081322
-0.115855546671449 -0.235955328144242 -0.0740228842710045 -0.0287375210568506
-0.0149442311583729 -0.296175597999138 -0.00610273270026251 -0.0250046423383429
0.133443052194782 -0.263181387319086 0.0194170748833205 0.0424672038876489
0.258554952223713 -0.236138831919769 -0.0199679741788846 0.0980569876744779
0.225712888795354 -0.172617754689006 -0.31347283390958 0.0496800079691392
0.17216367268457 -0.194263578595103 -0.212480527450585 0.0733719819492385
0.112490051162172 -0.220877570278146 -0.094457707483604 0.0316945096963807
0.0295561229809472 -0.208933655733167 -0.0670814251515914 -0.0341017557636837
-0.0621508013053847 -0.183855221404667 -0.0881338789215729 -0.0924921738844327
-0.108935043174132 -0.140353730574598 -0.162902910119195 -0.113351109375005
-0.147958653460544 -0.108588069695726 -0.207010697550461 -0.0656891705583353
-0.159183536665312 -0.0619893345575886 -0.203321303798725 -0.032359054466963
-0.166929982863767 -0.0635430873274277 -0.181790066017858 -0.0311047155481233
-0.129157512038816 -0.0997437578166212 -0.16636037231157 -0.0411252617077164
-0.105300004355241 -0.123916057860532 -0.115869646195059 -0.0493000148350534
-0.0455072118721185 -0.165428953952875 -0.07007484402509 -0.0373513161847456
0.0114817443663297 -0.196396645723197 -0.01349148395796 -0.00392568580626035
0.102154381177829 -0.180483788243819 -0.0178499596527617 0.0961507656621102
0.191033466730181 -0.174484825882091 -0.103520260617797 0.165412909345718
0.0847826798455953 -0.110336190264221 -0.348036170126267 0.118637782194677
0.0383538161886287 -0.110466188832248 -0.228419381040222 0.141024873780918
0.015828389058214 -0.0815405062635806 -0.083914787655111 0.0577699055229736
0.00659716480962758 -0.0597182670097416 -0.0542235400534755 -0.0267703065220749
-0.0112964767947453 -0.0642726513452827 -0.0961662144698631 -0.114138228818998
-0.0314586564153569 -0.0627473339678658 -0.191902826164104 -0.133390097904209
-0.0520828597304106 -0.0615861257693465 -0.246556921034418 -0.0840255186868524
-0.0622958757866235 -0.043518008140554 -0.242976921413297 -0.0501059702060338
-0.0680323181053106 -0.0478371718149284 -0.218756054041845 -0.0615409840863684
-0.0480839911840869 -0.0661231762718364 -0.179134539167635 -0.0835632294253133
-0.0265844388733695 -0.0676663471760557 -0.103705402087794 -0.0922852082684967
0.00276642914237677 -0.0677137171726865 -0.0505206651370992 -0.0452647823508486
0.00929563159922417 -0.0772277885087327 -0.0185179077929864 0.0116242502158008
0.0423767637434155 -0.0891450435723891 -0.0571535457765871 0.127159062376325
0.0930933297191467 -0.0999028405352629 -0.170163239631979 0.205890185988106
0.0588805363343604 0.0401246745671775 0.217904916305995 -0.25578747184367
0.0715338078656552 0.0220656336648536 0.111619015305573 -0.192487540755965
0.0496704766685631 -0.0323973449165754 0.0117136511817288 -0.0370843584735524
0.00768688478401095 -0.0490544759713431 0.00350047123915868 0.0409205785504752
-0.0260343141641407 -0.026513498110184 0.0597620971926358 0.135462571850133
-0.0274307310175953 -0.00536510168659093 0.166305020429905 0.145155215955472
-0.036676236656428 0.00648850128021893 0.232815764577824 0.0956215847392113
-0.0414419942945333 0.0152993257539233 0.253247397945922 0.0515943652979052
-0.0496053916897748 0.0161441580312289 0.25267878187769 0.0650859012851557
-0.0526531773549916 0.007787331878332 0.204034651302967 0.0936645659550522
-0.0635402482058346 -0.0239894009066192 0.111544388984851 0.0998778461167085
-0.0400745874463506 -0.0721494024635107 0.0576867490573455 0.00741419411907876
0.0133482029716386 -0.0684976361106605 0.0786879738185225 -0.0767216958938181
0.0377132456435681 -0.0294664895093343 0.168767112333552 -0.155934897908056
0.0262054289496328 -0.00223345242694097 0.32498563118516 -0.159562813216511
0.184709196622504 -0.0354025023230094 0.19166281550651 -0.243635430332557
0.17399450177247 -0.0517762268841074 0.110831299520334 -0.186228656769314
0.12779045121948 -0.139513803039556 0.00106904746594799 -0.0466190643187191
0.0367616768724069 -0.163295006456443 -0.0245862752354063 0.0310454033833654
-0.0594088930358124 -0.132429696143615 0.0274725213079491 0.143305746037217
-0.092481118495718 -0.0835398640751985 0.13041297253128 0.153937669455569
-0.126981773861959 -0.0450519579789566 0.198676475573008 0.106450493431961
-0.139431773364031 -0.00715737405435731 0.21807431815724 0.0534360176269654
-0.15489241476313 -0.00420423459720502 0.219916590200646 0.051965923778119
-0.13847113751638 -0.0316908229833657 0.169609845137654 0.0743466529493222
-0.144858127563036 -0.0821275604517729 0.0843418127885636 0.0821990726401345
-0.0958795518365167 -0.17502354574555 0.0317062514769533 -0.0147556686099426
0.0044375354981912 -0.202124778440676 0.0660088871495024 -0.0970457178514097
0.102348393355597 -0.146682214987459 0.148652329719812 -0.170719959076788
0.141366223468433 -0.101394814611033 0.298571713527518 -0.169689697578895
0.296199237396981 -0.102553523371239 0.120973963795492 -0.212451388936709
0.271052475521607 -0.119560013875442 0.0793422641457189 -0.16657213749588
0.208542780706606 -0.23415755203092 -0.015431537237359 -0.0513704917024701
0.0771318032058086 -0.270377803069305 -0.0460737816521073 0.0147172087181785
-0.0781629522085907 -0.23708747132668 -0.00160103386354526 0.124264639459159
-0.144872507350602 -0.162335354098966 0.0803298148247667 0.131215170631526
-0.200086654187509 -0.098860157578167 0.13515651797621 0.0959538903086865
-0.217250841929142 -0.0294709281873682 0.150684362741462 0.047325892883687
-0.236781196505725 -0.0174373877281941 0.155380196633939 0.039093038140916
-0.207189501199748 -0.0551140162660964 0.111141143533306 0.0575053178097525
-0.215235669657573 -0.114356085203303 0.044204754206617 0.0654908880000246
-0.157526891622272 -0.23946185876599 -0.00149622739624734 -0.0246592806808573
-0.028501844068128 -0.301423796928743 0.043164382103435 -0.0987459511635248
0.130818533756667 -0.248719012070499 0.117402354222314 -0.151764510930313
0.225837254310183 -0.193297801821896 0.239229076825722 -0.142743783108075
0.362863267786693 -0.161724714971637 0.014870425102496 -0.166963773281614
0.334138244674778 -0.18173665391034 0.0153302162914156 -0.129131794909825
0.261146728142182 -0.310350966427646 -0.0380954164481884 -0.0441201126760627
0.103378583493535 -0.353637182950669 -0.0618150224200196 -0.00275984274021631
-0.0942966177502729 -0.314948567516243 -0.0264764859953952 0.082214157740866
-0.181899108893612 -0.218231228424531 0.0214685728003786 0.0797027386272079
-0.246498452460852 -0.135743712973577 0.0517162694739481 0.0633741345222461
-0.263269597921179 -0.0458531939099333 0.0605066699689919 0.0335031287339143
-0.284497748158116 -0.0259316973415795 0.0672873849894934 0.0273368338464785
-0.247679074932086 -0.0705550423320904 0.0329798017021044 0.0418476005729446
-0.25497872559511 -0.131088513238419 -0.00715153540543678 0.0481279782565528
-0.193308370813881 -0.268019997873972 -0.0348526462222546 -0.0243544547596582
-0.0570144943230289 -0.351827851537701 0.0203799689220493 -0.0814276396175062
0.135500583144441 -0.309561606833553 0.0821753526638367 -0.101781348405811
0.267911526801472 -0.25762114266315 0.157228645026047 -0.0765787353092093
0.375266941415788 -0.20376358543379 -0.108871563605531 -0.0998535853775503
0.339513684584829 -0.229102682386749 -0.0695634060295985 -0.0703512045883196
0.257865713277982 -0.348962067199498 -0.0658235886031709 -0.0230893667615691
0.0956004958542244 -0.382037739463866 -0.0714593507905379 -0.0191363091263151
-0.105133158923612 -0.334888226050465 -0.0508973511568702 0.0218613904427136
-0.1932012681498 -0.232524038356687 -0.0466585414646355 0.0108184343673884
-0.256319415417062 -0.148469144063925 -0.0428605299470975 0.0193858044550266
-0.269443634857995 -0.0559004898558983 -0.0386291202065621 0.0151149974772653
-0.287432791765832 -0.0362384337787053 -0.0282651869100437 0.016004558847166
-0.246967035851265 -0.0849589477588504 -0.0500684310645208 0.0263543974098644
-0.246979991221418 -0.138552122474121 -0.0588433459083805 0.0278039999831176
-0.182345506220027 -0.263647810656733 -0.0615058858723523 -0.0218436835301156
-0.0579276750087381 -0.348647320670265 0.00339208266643267 -0.0537547103921424
0.130422666373256 -0.315632960403413 0.0512304278057344 -0.0313501048570952
0.273257755650621 -0.276556871488523 0.0690258584350247 0.0107679173242906
0.323115498692936 -0.21214596571962 -0.227297813647776 -0.0192365161976044
0.275504289698053 -0.2396186351136 -0.152432385307662 0.00511940526221731
0.197073483553953 -0.320964443798404 -0.086749798756353 0.00515587109096432
0.0602886756215136 -0.330118328089592 -0.074117972402417 -0.0299243521513194
-0.099148681469594 -0.283274667270223 -0.0742010502354605 -0.041726618274471
-0.171047040816087 -0.199945005828235 -0.113940115456924 -0.0568480040317496
-0.224023290947336 -0.135167983858213 -0.13435538989125 -0.0238234955227575
-0.234071538080534 -0.0587966576175675 -0.13003246246721 -0.00455511225993601
-0.245944114972088 -0.0481999819874031 -0.115087323701194 0.00095650347319529
-0.205121164334068 -0.0962902262689514 -0.120097181590089 0.0030714007181426
-0.191955489091481 -0.137827324032039 -0.099788721664077 -0.00228913903394179
-0.125874190272023 -0.228789759022542 -0.0750306417567228 -0.0245516836950982
-0.0286632815310818 -0.293001222082804 -0.00714760948695906 -0.0271076237841416
0.120552533180734 -0.268067747621385 0.0212963464996609 0.0391405915699152
0.245643662629706 -0.246867588380884 -0.0164603817645252 0.097585045084639
0.215992155401635 -0.183490105465583 -0.308257099332073 0.0637534344487896
0.16119794838572 -0.198901032304687 -0.205930419682426 0.0831561639488574
0.100649649284679 -0.223631812072192 -0.0920253207406123 0.0347446187550659
0.0200752214880875 -0.20953028431485 -0.068463328235603 -0.0318200553268469
-0.0707590462234169 -0.179057171536291 -0.0920716249652941 -0.0877263907717578
-0.115474816098146 -0.134279869296712 -0.167559453230421 -0.10303607686001
-0.153647269052189 -0.100537556542125 -0.20560877350081 -0.0555443180133644
-0.161631208829068 -0.0530950560382188 -0.201615922870915 -0.0232831134571447
-0.168559661436909 -0.0538645403176287 -0.181967508545156 -0.0229466495932157
-0.134152737181648 -0.0932430797138712 -0.167203288359097 -0.0322368866037014
-0.109257108774787 -0.117770477820463 -0.11723358200623 -0.0439207726315169
-0.0525300732588815 -0.161865914670673 -0.0707777768090297 -0.0335976132158249
0.00151473634340371 -0.195188303200523 -0.0134104142032409 -0.00549335016951252
0.0922660160805988 -0.183636985356764 -0.0133006712916087 0.094211821370863
0.181679875050453 -0.182960322777736 -0.0966871880192956 0.168502881865661
0.0801279695632915 -0.113896156572809 -0.338811631865073 0.132263257721347
0.0336559835571209 -0.10983430578244 -0.218716914674494 0.149780384174309
0.0119079938132344 -0.0815676791358719 -0.080220623540504 0.0605512253327727
0.00351608050021466 -0.060027435636673 -0.0547533900082486 -0.0249224983064661
-0.0141436814402182 -0.0625022257591215 -0.10050014417338 -0.109050023418433
-0.0345307325831504 -0.0609167855751049 -0.197715960936209 -0.121983505464187
-0.0554689723723507 -0.0578668364292467 -0.24652575125589 -0.0719013752653857
-0.0645958541618991 -0.0399050281180724 -0.241437984739736 -0.0385687653779508
-0.0701738771704927 -0.0438268086826703 -0.218948384332775 -0.0512663338853102
-0.0513342743312027 -0.0634789087554433 -0.180824598502716 -0.0737510796263659
-0.0294849596774267 -0.066512990106847 -0.107654657526125 -0.0866868169012187
2.07333885716139E-05 -0.0679059365446554 -0.0513008180084907 -0.0423975789238907
0.00544292995277614 -0.0766009018905381 -0.0175364154435586 0.010571843349704
0.0377538067598172 -0.0905702469712723 -0.0505371578008348 0.126764285367368
0.0879865312763402 -0.103818981742659 -0.160944369249889 0.211081199775521
0.068353969803464 0.0148176875310491 0.117939959993934 -0.309230593935182
0.0743036261751197 -0.00671458692565853 0.0377475019831951 -0.21370629397594
0.0349322988991152 -0.0476148816786295 0.000569678444403985 -0.0350936629672777
-0.00980357428170303 -0.0479060785320163 0.0196638489618375 0.0385376643571439
-0.0314902683094928 -0.0156522304950707 0.102289885556556 0.106538239478505
-0.0251271617191006 0.00474115227703889 0.204412843946277 0.0781484008496204
-0.0303877248059565 0.0187988637358122 0.249012070960654 0.00826299559951451
-0.0311923379956877 0.0275769191255889 0.249997239059455 -0.0382730437623534
-0.0405046663077847 0.0317440169992612 0.25425222349429 -0.0237639062144811
-0.0457863101148637 0.0231827110372782 0.220083871295801 0.0197151601546343
-0.066303375427475 -0.000972857065828908 0.13894970222266 0.0542587582782101
-0.0607146338983895 -0.0538872831627975 0.0566623148428398 -0.00973917999587885
-0.00942181122128177 -0.0677233104671309 0.0478389261962433 -0.0946906589753197
0.0248802546118496 -0.0379772604085679 0.107772536240195 -0.19735636029123
0.0223593860890307 -0.00889571255919427 0.251910267403282 -0.244546438217391
0.160873281412856 -0.101468500089113 0.0971443524886593 -0.282814443611174
0.143730721106044 -0.111491639762208 0.0406405915723526 -0.200803301528711
0.0702047583109796 -0.173497987917413 -0.00837779892705881 -0.034769697496557
-0.0241775274378027 -0.163877629205211 -0.00480820424686172 0.0418263500498479
-0.0980554846740022 -0.10209973741868 0.079361584050307 0.124086789244783
-0.112054642166236 -0.0464312756905095 0.177638108726956 0.0967231560659577
-0.134005318051067 8.1300934754152E-05 0.224741084580827 0.0300751225854123
-0.128271468949125 0.0384896848149186 0.218654597997287 -0.0265784770591113
-0.14370032938093 0.0475125249309894 0.219899783484087 -0.025496648623689
-0.139076503014692 0.0137046934084377 0.184378785475588 0.0122212527135495
-0.160152343709344 -0.0280074405432195 0.110302629982089 0.0453723141686609
-0.146578668085937 -0.131058352136214 0.0275677834077613 -0.019647773867124
-0.0603390531351299 -0.188947734296072 0.0280148673214539 -0.107900026209183
0.0471725315133013 -0.169109397433073 0.0819421617376649 -0.205103492078619
0.100834657024595 -0.138357890867543 0.218544691161902 -0.247584835730422
0.242902908590187 -0.203715487923811 0.0405223419205181 -0.22547901742652
0.211331971100651 -0.208684580898793 0.0180514692372396 -0.165493964680159
0.112118610482568 -0.289261060396196 -0.0207273234075841 -0.0278619760076461
-0.025249150349223 -0.277887136704179 -0.025201615192669 0.0375519190130816
-0.150447056919738 -0.192406485892971 0.0512367019912267 0.116649585410997
-0.187229754672749 -0.101891391510222 0.12627710097313 0.0921142671152876
-0.221542360287278 -0.0248150438049948 0.165345140729534 0.0423861014560823
-0.207003668014479 0.0431416555681595 0.156127671344034 -0.0115884345723548
-0.223576036589333 0.0625125049672232 0.156154550278173 -0.0175268746882992
-0.211005394802753 0.0141699285676127 0.125766629084555 0.0145584985273404
-0.235803839709834 -0.0349481570677915 0.0689674734135297 0.0428588774402777
-0.225113563614545 -0.171758963918496 -0.00525521201910593 -0.0171054454850104
-0.122783765056623 -0.270844768599419 0.00559549725805443 -0.101200646841122
0.0403758019679262 -0.27382034454569 0.0566442457487513 -0.177683555284222
0.151629217282318 -0.252038823365691 0.167870144171105 -0.205279456589851
0.285871001299449 -0.283633989815733 -0.0434003814465714 -0.1445004494523
0.248340674370051 -0.288261931627387 -0.0284305761472769 -0.105398976996157
0.13443330010878 -0.378387908782316 -0.0369898603190243 -0.00881887238785093
-0.0313045518044576 -0.363906759835029 -0.0419490930250032 0.0289531149025509
-0.19200042244588 -0.259103926416112 0.0178693179437606 0.0861656783708872
-0.240608476178263 -0.142645369553158 0.0565877696385463 0.0640933573836191
-0.279013702694572 -0.0452154753112512 0.0788788595148286 0.0406397667428565
-0.255254643519593 0.0425017357692877 0.069130633978067 0.00494605126367548
-0.270274769728585 0.0703574650669064 0.0712443107172903 -0.000688752236978125
-0.253443909350997 0.0131201213482025 0.0488867089562905 0.0253619689322421
-0.277810713325092 -0.0363590984222755 0.0171006029045752 0.0431436790132983
-0.267405391355545 -0.186211568842978 -0.0351313574337342 -0.00661615437950915
-0.165742757297793 -0.307427778657574 -0.010052871564624 -0.0769159251085228
0.0253193781578316 -0.332201559622441 0.0385240071201949 -0.119663330612532
0.171477633584664 -0.3260841471356 0.109311316088474 -0.119712816759869
0.283193957658089 -0.32462701905296 -0.135893103919793 -0.0406083918623414
0.236918856752994 -0.334432034400707 -0.0868381171568533 -0.0215323758323829
0.118859058840903 -0.413686291249384 -0.0532210069601733 0.0200698804582799
-0.0485252340519085 -0.388103230362336 -0.0551334432979217 0.0170135198399278
-0.208961812907215 -0.274333603278337 -0.023844786004533 0.0372221438116037
-0.257079927997107 -0.152014910388357 -0.0285147851045339 0.0226395962696988
-0.293952107039517 -0.0537639522212135 -0.0229201841786078 0.0328468812964283
-0.264839104805955 0.0364833354353035 -0.0272044160961981 0.0213039972175896
-0.276373627299113 0.0611866246840211 -0.020496962763298 0.0203054130754636
-0.257678069164462 0.00041641815232707 -0.0326708216666926 0.0381380978588577
-0.273017131729577 -0.0470162948958134 -0.0380888826793425 0.0418625430793243
-0.255506497796851 -0.185673603233786 -0.0585945286501426 0.00381067374991158
-0.165536197789543 -0.303871517512522 -0.0173203988824065 -0.0455656557261229
0.0181037225095921 -0.337073488338317 0.0312604473298633 -0.0449621452301235
0.170401299340955 -0.346582955017591 0.0536748519717773 -0.0122931559441438
0.231130713762095 -0.313844371673101 -0.218326922321171 0.0717388799543995
0.174701087160549 -0.319197210329863 -0.137708375481949 0.0725585874037151
0.0726028384468666 -0.365908991556499 -0.0642964695453861 0.0494662289462097
-0.0620094988405766 -0.327977667591731 -0.06282820841217 0.00499794392700444
-0.18727076133193 -0.228527436669846 -0.068280418627053 -0.015109902160808
-0.226649979575553 -0.129815027796861 -0.115613509396196 -0.0168002275830392
-0.25918091127298 -0.0511411089542096 -0.123062253063307 0.0239507296557817
-0.233867952827292 0.0223331155543129 -0.118379276192027 0.0344005442537666
-0.241880047675544 0.0361364363394864 -0.105274348414291 0.034811635337056
-0.222749427533958 -0.0233512611308216 -0.105879700437858 0.0406944740731296
-0.221200961363918 -0.0653226374516199 -0.0865540091430199 0.0289871072681796
-0.191004472577979 -0.172299823407704 -0.0729983739406259 0.00496502364908772
-0.121399076174918 -0.261849778899527 -0.0180638853277347 -0.0184614568118072
0.0243339387076917 -0.289350180667024 0.0259971090668591 0.0293656238670229
0.153291414778825 -0.311131354704721 0.00207691336340794 0.0940005237563788
0.140311498287972 -0.247615532707978 -0.265817610265716 0.170053091098971
0.0817739809936318 -0.241256613644349 -0.160901836146142 0.156477480278207
0.0164222955510786 -0.242887737903106 -0.0638872683815953 0.0719299568985512
-0.0568021729064738 -0.201758970889651 -0.0637846649959748 -0.00240385005874775
-0.125728154985277 -0.142015414623239 -0.105930127793819 -0.052370687319543
-0.153494540353863 -0.0879643173430971 -0.184422681260125 -0.0411383842561163
-0.181815869854526 -0.0417933583790706 -0.202520989753612 0.0184844681143454
-0.166648362643359 0.00433595259763232 -0.190929679379628 0.0416977645365759
-0.173302093315307 0.00589073980284549 -0.174888108750329 0.0362208254250084
-0.155483363344059 -0.0429609426057145 -0.160983218052015 0.023223437999747
-0.138970202815333 -0.0733218893375861 -0.118190160687348 -0.00181467322576158
-0.10140618741318 -0.134766374144393 -0.0739085408681033 -0.00577506153308875
-0.0609496599017205 -0.180960630890365 -0.0163938032472879 0.00118509347644552
0.0263921999207676 -0.202339181997056 0.0127771917669408 0.0908125748567426
0.113862309712341 -0.231492497696406 -0.0476417919446784 0.183745821688795
0.0363079157285826 -0.133512444143864 -0.271645961938589 0.237148555205458
-0.00710342163087101 -0.112101955660416 -0.152050058727401 0.21462187523014
-0.0174069202562471 -0.0792909025929121 -0.0515356627018703 0.0851605095984179
-0.0189351701679141 -0.0570179829688758 -0.0565314145702578 -0.00459059689243964
-0.0349370777790574 -0.0529323605293614 -0.127171968993863 -0.0687467225725838
-0.0544485346961966 -0.0462494616416586 -0.221939320385658 -0.046509894874043
-0.0744977141848064 -0.0357041932185831 -0.249722004130282 0.0177985541314243
-0.073796379229772 -0.0149138465398967 -0.233195367703505 0.0426567114833441
-0.0792744831078141 -0.01731465707554 -0.218306379724047 0.0222110095306409
-0.069112357619035 -0.0411384140692112 -0.189154159313589 -0.00945113318710653
-0.0488900636017971 -0.0522826788635748 -0.125587633629837 -0.0435573110485843
-0.0224733378508707 -0.0637132278643248 -0.0599643887521857 -0.0219720529350813
-0.0193694598938974 -0.0731206421776277 -0.0146604268218733 0.0154025700812115
0.00582908714267255 -0.0972123189057235 -0.00901314495982 0.132509206729311
0.0507680144321689 -0.127760629731598 -0.0899015751769934 0.243672103982293
0.0676406711862226 0.0142373546780202 0.114121550625425 -0.309462720241335
0.0738855201220891 -0.00731875083141241 0.0339704200043192 -0.212264311009899
0.0343237411455017 -0.0477463329441812 0.00067351821515148 -0.0359019553237728
-0.0105325114106278 -0.0478546916483153 0.0202176916976395 0.0374150059991641
-0.0314676027523549 -0.0157647439499376 0.104503927955238 0.10396454811666
-0.0252058537304371 0.0040815653817814 0.205428606454357 0.0735835258542664
-0.0304921917752922 0.0185330283216802 0.246919638127008 0.00510263254221158
-0.0301009487857546 0.0276699181116548 0.246432484449929 -0.0408844118161139
-0.0394000479148058 0.0325669205416057 0.25268628158813 -0.0282571586652673
-0.0455810027976745 0.023327512992545 0.219967013734787 0.0148597447798957
-0.0653779046684687 0.000754831821485935 0.140716003708932 0.0508871778763861
-0.0614706090881777 -0.0521567786725529 0.0559904536710346 -0.00934955977772203
-0.0101400233520135 -0.0678422044239352 0.0459804627312606 -0.094301655270365
0.0247177578191308 -0.0381825238575971 0.105018602258006 -0.197152827345987
0.0219866453442615 -0.0092391938814117 0.247035444513086 -0.24691383315298
0.157747136720165 -0.103759512488684 0.0930353595244027 -0.282484513937383
0.142456896104042 -0.112412056548076 0.0373129100109463 -0.199820024817996
0.0672108522123386 -0.173008678690639 -0.00833876010263614 -0.0356814368563137
-0.0256915460390273 -0.164138023707625 -0.00494241120302521 0.0408542048006165
-0.098709733033905 -0.100802066013425 0.082428794970623 0.121292679775409
-0.113556958677416 -0.0464087376732513 0.178369164667739 0.0941788423657383
-0.13386603911235 0.00225551714034772 0.222207765564851 0.0258390883983008
-0.126293476409955 0.0404992707581461 0.215567938793397 -0.0291697934671993
-0.141931443131775 0.049983886024503 0.216960338463791 -0.0300182099059093
-0.138644078968943 0.0146234893092372 0.183672138033109 0.00783440117543202
-0.15934403867421 -0.0254846401864944 0.111857225902739 0.042226405077628
-0.148652447107203 -0.128280480102375 0.0270201572528651 -0.0196216200690008
-0.0629481335545486 -0.187916672574038 0.025467737311891 -0.108566061253697
0.0458005204008064 -0.169766620115384 0.0783740346052123 -0.204318750347598
0.0986414184179897 -0.139871547653496 0.214707757832253 -0.24942253682685
0.23787369855635 -0.207420729438891 0.0378020480048565 -0.224173335411383
0.207775480074701 -0.209550518705031 0.0163151734406829 -0.164073557633212
0.106749334511913 -0.288019031241696 -0.0206636665335013 -0.0289128962736715
-0.0278191772192442 -0.277236192272934 -0.026057392876182 0.0366488302859139
-0.152539671530253 -0.189554454602554 0.0538819239313133 0.114985278957118
-0.189771466985223 -0.100551618809329 0.127840566764313 0.0905983280717736
-0.222438060741843 -0.0216367093110643 0.163876807498632 0.0386051434721185
-0.205010198505838 0.0467093529014165 0.153633889941185 -0.0133384658488156
-0.221259521016905 0.06658722802452 0.153371793323422 -0.0204438539254597
-0.211445026254849 0.0155812237252364 0.124624712696795 0.0115976506091012
-0.234761156985224 -0.0312613728186216 0.0699829635769106 0.0399377908036775
-0.227197931214282 -0.167822236325327 -0.0056182527155309 -0.0166435829922982
-0.12667658261472 -0.267766431727451 0.00332851378111118 -0.101853741749301
0.0373560838750081 -0.274374009387732 0.0533192839372892 -0.177450116119537
0.147377295675929 -0.254487938433002 0.164410693753217 -0.206131734585857
0.279307148128407 -0.286435817151326 -0.0440025418239985 -0.142019673949884
0.243887655004319 -0.288070776202129 -0.028674486252196 -0.104056506793576
0.127863900154572 -0.376449803979318 -0.0365670965332437 -0.00951354755874389
-0.0350465202951227 -0.363909932393921 -0.0434461557786137 0.0280470193811498
-0.194438543716668 -0.255512474132826 0.0196509426273512 0.0844650421224914
-0.243563945603003 -0.139485890692313 0.0575648098678478 0.0633606276190509
-0.280818000688932 -0.039660276061051 0.0783995598685075 0.0380894047895882
-0.2531095358466 0.0475348548757519 0.0678324392007393 0.0038966175570026
-0.266454098916016 0.0754774690910511 0.0694659746407914 -0.00183820661889101
-0.253844982421357 0.0158797395181151 0.0486529880791019 0.0235026615599996
-0.276034001298898 -0.032869194039509 0.0175415846508312 0.04148879434171
-0.269832258646413 -0.181601175012739 -0.0349790639783283 -0.00575348990292362
-0.169864490041344 -0.304720249058795 -0.012501807439013 -0.0778026096571133
0.0214675558956108 -0.33211232274482 0.0355718038893071 -0.119264091648831
0.166336841299916 -0.32958948979003 0.106622977218912 -0.120142347913338
0.275245674207876 -0.329419090317317 -0.135347369655028 -0.0376970706344887
0.231984101927044 -0.333983130601971 -0.0857415742759211 -0.0199762483867234
0.111785749163363 -0.411829768404041 -0.0528181007007579 0.0195848531116923
-0.0531339076657344 -0.387647080532714 -0.0562688907313464 0.0169811149873682
-0.211899900113472 -0.27015709099726 -0.0225121936527738 0.0367607113344734
-0.260884786341202 -0.148188573669926 -0.0283064982355275 0.0244162400443402
-0.295033257317844 -0.0476079423115508 -0.0224526058193178 0.0312020838904789
-0.262934389408819 0.041227705748669 -0.0276858311188966 0.0210628490213577
-0.273132601738866 0.0662108431986492 -0.0214395949228493 0.0202194736465486
-0.258100976620319 0.00361709177498277 -0.0325676120556016 0.0382474478036396
-0.271024312745254 -0.0430920029953455 -0.0372438201241165 0.040914917202515
-0.257447322161868 -0.181479569790621 -0.0584446879838879 0.00480545840903944
-0.169930484235203 -0.301098454393903 -0.0189993934104252 -0.0471172222006532
0.0140471506054086 -0.336723181663695 0.0290201429576776 -0.0454425495257301
0.165141426726447 -0.34975838679096 0.0523332435866897 -0.0124686026807931
0.224742458313984 -0.317469450817756 -0.216318140313068 0.0741663023101849
0.170657540198739 -0.319074117729248 -0.135108262228455 0.0735854900455796
0.0670599465303513 -0.364603670558063 -0.0635726355780106 0.0488624518065614
-0.0659242306336834 -0.327360897227413 -0.0632384386215364 0.00534147286821899
-0.189648530893714 -0.224296539702172 -0.0677565953039444 -0.0149922767790159
-0.229313776648497 -0.125819998196794 -0.115711797515207 -0.014153861709766
-0.26041888496368 -0.0454846847927684 -0.122134874371071 0.0235492484427787
-0.232065006997474 0.0266317630350357 -0.117804236988551 0.0345530635697674
-0.239824987743543 0.0407771453970347 -0.104858658838917 0.0357994628573515
-0.223768316519398 -0.0202736994050189 -0.104452779340738 0.0418637745328037
-0.220540928421655 -0.0620523740477063 -0.0860633675666052 0.0296333961894411
-0.193426500946721 -0.169438312222784 -0.0722899853907717 0.00625869034927864
-0.124963768802893 -0.258955579782478 -0.019733279775887 -0.0200968750192405
0.0202999826438897 -0.288928534543762 0.0252558730151295 0.0281467898120818
0.14856247890691 -0.313762400558513 0.00243845860369849 0.0943464839288739
0.135570759785718 -0.250010636827976 -0.262508153641167 0.172628978278167
0.0790296439685039 -0.240348467010266 -0.157511918958161 0.157157571024913
0.0129906868265617 -0.241546320527821 -0.0631888154754133 0.0725605103828785
-0.0586454121053034 -0.20109759960152 -0.0642098403197564 -0.00188615338099125
-0.127203108679267 -0.139142718618236 -0.105770496068255 -0.0514498838504064
-0.155556903268325 -0.0846049622897043 -0.183928098620179 -0.0378085277176143
-0.182629128119404 -0.0371458591523725 -0.200879366676545 0.0193589879887702
-0.165504380463852 0.00808877519317645 -0.18894229542222 0.0428370799753321
-0.172213946263384 0.0091221308749741 -0.17354596582847 0.0376706210149849
-0.156902419453814 -0.0404269877971489 -0.160026208550413 0.02546605458567
-0.139136985527594 -0.071009353305224 -0.117845244702652 -0.000568690892616981
-0.103699244622464 -0.133741883197636 -0.0726372666847498 -0.00479899269619007
-0.0633624904616589 -0.179711451391002 -0.0176336346445921 -0.000229575699857486
0.0234022280802487 -0.20200323803856 0.0133672936451641 0.0887807565568646
0.110324921914475 -0.233952795317173 -0.0463295791931241 0.184011056877215
0.0341513207090144 -0.134366571285711 -0.26734744300502 0.238988466381181
-0.00784314744222983 -0.110910708433915 -0.147802755176799 0.215132038753515
-0.0181182454452264 -0.078839658602619 -0.050676957991811 0.0858364202908504
-0.0194747407074155 -0.0566056301432618 -0.0566286034999523 -0.00349312570558189
-0.0354583860723723 -0.0515773237529697 -0.128011221071937 -0.0667058369739556
-0.0554387275759204 -0.0447092607251066 -0.222070812948567 -0.0423518315440902
-0.0757711550585216 -0.0328424861700448 -0.24711066017419 0.0197219483032058
-0.0740769026322834 -0.0129840412069706 -0.231265785906448 0.0436587175912593
-0.0796681509337618 -0.0154425356431615 -0.215949701592727 0.0250551414282421
-0.0706669544041209 -0.0402291970997192 -0.187561910093335 -0.00651055245450095
-0.0496853698990075 -0.0515761750856218 -0.125363584980571 -0.0412511605112447
-0.0236781115612217 -0.0638914209791784 -0.0594246852626316 -0.0216142279823449
-0.0206311939785359 -0.0724376414476663 -0.0152805467369709 0.0141278739916466
0.00466256928462401 -0.0967082740942175 -0.00737015584085135 0.13061188791897
0.0491446608441896 -0.129117765839197 -0.0880502780041004 0.24449697975538
0.0686546578144791 0.0134259227846627 0.112223287065082 -0.315632429809373
0.0755544101118839 -0.00792595631023984 0.0308852221792137 -0.215245883909916
0.0343557992629491 -0.0492566337859433 -5.99943377099298E-05 -0.0370282142039485
-0.0113580864436777 -0.0487028228395512 0.0210182253274777 0.036750976751865
-0.0325389246816604 -0.0168486381453924 0.108685518503307 0.10345439899191
-0.0260058534186691 0.0035205604031921 0.209848364869641 0.0710298221723804
-0.0308465747681166 0.018803065157273 0.249323330474453 0.00199994963007314
-0.0299889605970423 0.028578669136271 0.248305438262671 -0.0429947231113494
-0.0390503239001539 0.0336807209615601 0.255061338187565 -0.0328894878324626
-0.045377240905078 0.02396054835313 0.223240360967979 0.00958769101441163
-0.0658809886082054 0.00111489962271955 0.144674595565432 0.048543289389465
-0.063084990635355 -0.0515361983022158 0.0565671954318833 -0.00961185417279875
-0.0115327737378929 -0.0686917636875151 0.0459028565005598 -0.0952701089462046
0.0251166885131647 -0.0389097267186492 0.104449523605821 -0.200029139780412
0.0226383170135095 -0.00943123527725788 0.24834220481808 -0.252731379338791
0.157788133723599 -0.108056712263557 0.0911034164887374 -0.286766969378509
0.143154689087726 -0.11540979574687 0.0353869006443342 -0.202386435493067
0.0648083814890955 -0.175734975217315 -0.00861232647190557 -0.0368597390066304
-0.0277161897979572 -0.166558468962974 -0.00544627556713025 0.0402466271480257
-0.101522663143583 -0.101791968990506 0.085956290519958 0.120908464850987
-0.116766125101371 -0.0460407766451649 0.183362538471297 0.0918709685543785
-0.136472302591407 0.00409327850929331 0.224731438593145 0.0235649779291045
-0.127579283568101 0.0429922889960591 0.21649755619428 -0.0307984804422274
-0.142405233977275 0.0535883092048463 0.218659353036845 -0.0338348338667827
-0.141659268444135 0.0162308424683802 0.186479051093282 0.00393325867177055
-0.161664314038946 -0.0239478414691944 0.114644010277132 0.040044906273066
-0.152444729452554 -0.128487274286965 0.0271556969389267 -0.0195694021199066
-0.0660331723790504 -0.190098030887898 0.0237742003436899 -0.110659140151855
0.0453622325016646 -0.173429753336139 0.0766518153196334 -0.207370471473082
0.0986000197661841 -0.144312816089687 0.214498927948215 -0.255841919414838
0.236216819554533 -0.215414066835777 0.0360424090917011 -0.226556708690859
0.208518204435582 -0.214582737247743 0.0149921685761828 -0.165787498198123
0.103668544498828 -0.291977979923642 -0.0214289420546921 -0.0303608195997159
-0.0316086722380756 -0.281737527602653 -0.0279128893611421 0.0363314874218127
-0.157365421641407 -0.189854774573558 0.0574880107102705 0.114581246332653
-0.196083444799047 -0.100529833154562 0.13147307993476 0.0902317325994458
-0.227061929053701 -0.0180358214815668 0.165299942907987 0.035957474223509
-0.206798656851194 0.0505176224081464 0.154373591618544 -0.014806047389062
-0.222445411919566 0.0718651124313899 0.154184171166187 -0.0230472500915472
-0.215418380208152 0.017900143029487 0.126353062496455 0.00826185169482823
-0.237191441246548 -0.0286244838787811 0.0717458773022614 0.0376720434234736
-0.23297322219182 -0.167212701368511 -0.00567808520843545 -0.0166701450070196
-0.131954406751478 -0.271368299770212 0.000857208521152372 -0.103987952348674
0.0357907629374688 -0.279947491060525 0.0508778381499137 -0.179951805382711
0.146570607237161 -0.261277359787981 0.163595432148556 -0.211382165346998
0.278135181923795 -0.296083095737646 -0.0463879288902404 -0.143050226028148
0.244845945175392 -0.294451699080077 -0.0297770505974697 -0.105154797609582
0.123667375901433 -0.382482791171162 -0.0370125509474463 -0.0107950762747147
-0.039674042760026 -0.369861665781247 -0.0453578470629512 0.0282870532184641
-0.201260873703974 -0.256284217789236 0.0225351501045902 0.0841317228152945
-0.251688183059116 -0.138489554559626 0.0593927397229951 0.0645035350270044
-0.285989416687337 -0.0352182230098824 0.0787964334179099 0.0361213879741889
-0.255441095516808 0.0524290006753993 0.0672701373431262 0.00314765938313717
-0.268374629103693 0.0821608389482955 0.0692112667770446 -0.00325473017040644
-0.259006362384618 0.019081154690493 0.0486956637545008 0.0223604824174956
-0.279170127633704 -0.0292888149019115 0.0183477569403642 0.0402218797520859
-0.277071917655749 -0.181092158623472 -0.0353413953287446 -0.00509414929612398
-0.177062708047997 -0.307604751003341 -0.0149724918214428 -0.0800930262825141
0.0175582229758088 -0.338834872296363 0.0330875388752682 -0.121619182771899
0.163594264578191 -0.338189510482761 0.106017297485089 -0.122806947323447
0.273395893927834 -0.338587190684599 -0.136723776768876 -0.0360739395973961
0.232556197932299 -0.340791284952396 -0.0863818533277963 -0.0196490238839464
0.107639687454468 -0.417693156921137 -0.053275678136229 0.0192503105659132
-0.0580594813884685 -0.393574349308169 -0.058039212827584 0.0175374731999965
-0.21881826522583 -0.27086950276501 -0.0216003086662747 0.0362131622612575
-0.269109572076165 -0.147176075117054 -0.0284473468294552 0.0257614908326009
-0.301006519641685 -0.0423051982202693 -0.0231716813202901 0.0301236475585967
-0.265400866986745 0.047158244373433 -0.0283899010967411 0.0214122098355972
-0.274995075155757 0.072881919658162 -0.0219301295032966 0.0205521087788825
-0.263979711893209 0.00683178998220756 -0.0327798331429055 0.0385509158681161
-0.274960755695417 -0.0407022821692938 -0.0381132399612381 0.0417687938182927
-0.264413391109136 -0.181428345984991 -0.0592638045758054 0.00559020961883562
-0.176889398520189 -0.303656530148417 -0.0217015155186479 -0.0490511533859513
0.0108477417665757 -0.342900598061406 0.0276191205691414 -0.0469967063562784
0.162711919024306 -0.359367417252598 0.0520967521206633 -0.0128305475185111
0.222384884070303 -0.326015589761512 -0.21754105396316 0.0782768132862773
0.170352791025982 -0.325269973094834 -0.135498697659903 0.0758836795746119
0.063314360621233 -0.369788517589898 -0.0639099986111876 0.0498294906488269
-0.0704297018149358 -0.333169120807659 -0.0658255616118544 0.00578697100648142
-0.194897025073994 -0.22525804468643 -0.0689880895525043 -0.015695631709623
-0.236160498449026 -0.124580573537165 -0.117700165388058 -0.0114843024900908
-0.265994714377339 -0.040423912953184 -0.123832547516525 0.0238271704438938
-0.235290011644386 0.0320800559744803 -0.119191459080135 0.0356721645531069
-0.242152156717771 0.0456910256184383 -0.106546735446415 0.0379298171195604
-0.228487941550627 -0.0180829627905807 -0.105723484693588 0.0438173176726819
-0.223702938480002 -0.0600247941593164 -0.086906212012972 0.0306492693477744
-0.199094036858991 -0.170634209860848 -0.0729532286842163 0.00712864378055001
-0.130561023654512 -0.261311052471931 -0.0215601597295934 -0.0217898242462567
0.0176032676388094 -0.293109513598127 0.0248394292347457 0.0275148825191916
0.146442805959036 -0.32243577746486 0.00249818696726722 0.0964828898563479
0.133794844864025 -0.256136977633788 -0.263538081221752 0.177554805221663
0.0785650163640515 -0.243671125478093 -0.157089463696864 0.160148241432051
0.00991787091283585 -0.245078603329438 -0.0629406140220953 0.0738687754642189
-0.0617534506186154 -0.205058655664973 -0.0656142174198692 -0.00128388118497182
-0.129759559318588 -0.139052438924857 -0.1084623244491 -0.0513654805420516
-0.160596041922199 -0.0833599633028408 -0.187750086971626 -0.0343278700068592
-0.18654210594926 -0.033660629402631 -0.203658462259016 0.0210564500249419
-0.167684666290609 0.0122613767329255 -0.19125856482455 0.0441068944110856
-0.17419891165835 0.0132793363890554 -0.175294070847996 0.0403538785167757
-0.16136787879209 -0.0392180075442505 -0.161342221740196 0.0284217463966433
-0.14161790032153 -0.0701710695921755 -0.119234001683219 0.00108465555903101
-0.107047365203885 -0.134594804762862 -0.0738276957253972 -0.00471852227796136
-0.0673855953161219 -0.181337859192309 -0.0190613974398685 -0.00137667079295985
0.0216362983457566 -0.205731231363831 0.0134410107520066 0.088828310217572
0.108428680419436 -0.240742207196225 -0.0462783204858094 0.188624612940521
0.0330014109423906 -0.137467161064766 -0.267814165565119 0.244443798547854
-0.00847911577186545 -0.111685452816891 -0.146790027328788 0.219423238726857
-0.0194126098787538 -0.0800179909207915 -0.0506391754155963 0.0877328765517333
-0.0199338592356706 -0.0575065639383526 -0.057435004614 -0.00254379219529337
-0.0360942441776627 -0.0513894157178115 -0.131235305418592 -0.0662578275767614
-0.0575598700200169 -0.0444415962295768 -0.226758758096356 -0.0392540571486505
-0.0778512980305266 -0.0310151548163927 -0.249646941061785 0.0215680997073627
-0.0757366105595493 -0.0110336980163083 -0.233429221411091 0.045450915886392
-0.0812647954827585 -0.0137985303305142 -0.218777502418446 0.0277430688240019
-0.0730979637924347 -0.0395039708659487 -0.190054179859043 -0.00351812572432638
-0.0509081521608729 -0.0517278396221795 -0.126872837491324 -0.0400480871258012
-0.0256969912192161 -0.0651774036529233 -0.0599430460357535 -0.0213514423479792
-0.0221953137593537 -0.0732352655862984 -0.0159505680150881 0.013480183968414
0.00379042054030828 -0.0987522293429821 -0.00673000274142439 0.131665579926547
0.048013421170178 -0.132428303344805 -0.0878358628844369 0.250443831292004
0.0704173829317484 0.0116859766922384 0.10566488048379 -0.326013014914057
0.0773555974050654 -0.0107030898456314 0.0240496292678632 -0.221034992533351
0.0337376285196449 -0.051553550122558 -0.0011719235901715 -0.0384019095230667
-0.0135217987390012 -0.050013711189432 0.0218258718693789 0.0360449617060221
-0.0343520462534364 -0.0173397294917435 0.114695638308248 0.101634979388433
-0.0266685202163547 0.00320940803012339 0.218543098325798 0.0647854328140128
-0.0315592112202369 0.020190481660586 0.25496616511414 -0.00520793717778133
-0.0297021740515679 0.0294114464151162 0.251111340878999 -0.0499107744363025
-0.038209594834358 0.0359210145716719 0.258423865510368 -0.042696823179292
-0.0457871402332758 0.02553078852697 0.228406477019454 0.00182578470354251
-0.0671422005657524 0.00352101304980265 0.150204230112478 0.0438130677349393
-0.0659127105621571 -0.0506361380518497 0.057721509678859 -0.0109325386122198
-0.0138186541780569 -0.0704272309458646 0.0444006321270603 -0.0983603939272555
0.0246352589669228 -0.0411584471274948 0.101259405867757 -0.20637183579339
0.0224298691308393 -0.0104584966751793 0.24662440797574 -0.266732566493843
0.157457987839185 -0.116714187682942 0.0842968764299229 -0.295725873831062
0.143322811444055 -0.122508612936749 0.029034658416779 -0.207852642468566
0.0609847513606711 -0.179914325116538 -0.00993821186641177 -0.0390856201781424
-0.0328243401482697 -0.169849040507203 -0.00579211064270121 0.04029845492519
-0.107530065770609 -0.101411241595218 0.0925623771115347 0.120694355357456
-0.122483219075246 -0.0447795663313397 0.191642538712058 0.0879131700539222
-0.140753235222023 0.00884050799571535 0.230130290228796 0.0178093132870616
-0.129040698235602 0.0476706698218989 0.21940786018361 -0.037001137460154
-0.143374412781629 0.0597046062458753 0.221470746733165 -0.0421495014661537
-0.145352001813842 0.020255976919399 0.189788547993557 -0.00342688854077365
-0.165420961433648 -0.0197544244639795 0.118953559388431 0.0360886500705291
-0.160632834944932 -0.126920223584002 0.0273501726774874 -0.020841234501111
-0.0743076062300695 -0.193751303709683 0.0206786840051519 -0.113415940742011
0.0416182569840444 -0.180128281340569 0.0726270754285226 -0.213263602017977
0.0963517877911398 -0.151450140836974 0.212071224624221 -0.268518690480787
0.234315655311574 -0.228464852851637 0.0303434311732764 -0.232340053913249
0.207814682827174 -0.224092195105874 0.0102491089437217 -0.16994335719048
0.0971451799620972 -0.299351697807355 -0.0224982357338274 -0.0316725612870559
-0.0402149545805995 -0.2880748545757 -0.0293527330248066 0.0371445209598976
-0.166708918120563 -0.189814478757293 0.0624819620113546 0.113933988347759
-0.205424196702527 -0.0977384875499277 0.137939341202813 0.0883943942787923
-0.234692205709957 -0.0107778929727286 0.169465108818364 0.0317091060024999
-0.209712439824477 0.0587323915852822 0.155615190394653 -0.0182989875470105
-0.224274936868801 0.0810818320059662 0.15513317429813 -0.0290463145431249
-0.22252390164741 0.0243287593284659 0.127936304854517 0.00357672690997352
-0.243063883822446 -0.0224950187263944 0.0746211214713207 0.035527124803065
-0.244263413010497 -0.164221177011216 -0.00621123781844514 -0.0168759591078379
-0.144681920284371 -0.274396210975969 -0.00338123128518187 -0.107066800235001
0.0293244640219609 -0.289350534765795 0.04624829290206 -0.184869609032557
0.140995445261807 -0.27433232210879 0.160881550328652 -0.221152219482858
0.272985579422075 -0.313092208377212 -0.051324648747495 -0.14410485871997
0.242133492378138 -0.30745028690464 -0.0330686067899223 -0.106650068009929
0.114839699426151 -0.392515479461867 -0.0383666904658454 -0.0113232121756204
-0.050296050181314 -0.379185396255556 -0.0481864162443677 0.0295614644368206
-0.213580100805938 -0.256236395766662 0.026336342066624 0.0843681891086455
-0.26382106005347 -0.134425030336081 0.0631276834372323 0.0648628355262348
-0.295359666042063 -0.025741482625927 0.0811218454917445 0.0339897103988014
-0.258998540099516 0.0624838266938737 0.0674077759403741 0.00204868341290618
-0.271148865165985 0.0931760373879095 0.0689270954380499 -0.0053577005752042
-0.26663649501286 0.0273946215180822 0.049189826715291 0.0206516494886078
-0.285835546096692 -0.0224928198206069 0.0194516451086471 0.0396488238161159
-0.289870223636149 -0.177522497203551 -0.0367079715285861 -0.00405933959431395
-0.191393947817816 -0.310447425915131 -0.0198574109359019 -0.0824774887832678
0.00868004348708371 -0.349131803418546 0.0297063999127156 -0.124616980219836
0.157304943545765 -0.353573957399239 0.104448539789804 -0.128743737779409
0.267872860880424 -0.356375887550467 -0.141122740275634 -0.0316377755154054
0.228859950795729 -0.35409214049679 -0.0883882910226524 -0.017974409402601
0.0980308385668893 -0.429580684259193 -0.0546361216242563 0.0199647294746178
-0.0695980982786136 -0.404304651765983 -0.0612399174387444 0.0189400689124349
-0.232279596653583 -0.269764300059299 -0.0205640995843103 0.0366582890883285
-0.282423665530199 -0.142020238595046 -0.0282948833603834 0.0285758362335915
-0.31116696960414 -0.0318184582442518 -0.0237221414757954 0.0305614826542998
-0.269519519020539 0.0570744192845114 -0.0298482896352461 0.0227661484750163
-0.277885380813838 0.0840794990767912 -0.0231465898126846 0.0216661733829884
-0.271986571641899 0.0146729282273361 -0.0331064268675436 0.0403753756006943
-0.281008666893546 -0.0340342108867701 -0.0381655873031345 0.0428690913637062
-0.276917727383958 -0.178387176237839 -0.0601207902324692 0.00737918821616469
-0.191667728850068 -0.305857388508493 -0.0257196524792308 -0.0511225949374061
0.00176617502909921 -0.35297348362243 0.0256967612300108 -0.0485150991033549
0.15464696596486 -0.375884510112374 0.0519845989960207 -0.0138891905903151
0.216665062264605 -0.341200726192766 -0.21993226797765 0.0860684379585357
0.167205248084691 -0.336158317463266 -0.136186593570836 0.080323349994823
0.0536243510380652 -0.379659585942636 -0.0639982591042981 0.0520455462037222
-0.0817438054128772 -0.341075861578167 -0.068133374384659 0.00783105167089893
-0.20596895713388 -0.224593777138996 -0.0711947525253023 -0.0144050389347567
-0.247638570715393 -0.120094704214369 -0.121294586349428 -0.0069220196779609
-0.27523931405598 -0.0311316349003494 -0.126812057151323 0.027227490236402
-0.238839112542103 0.0413837723902458 -0.121652843402457 0.0394789341992456
-0.245428772682585 0.0564045820712943 -0.108367065009676 0.041202694791175
-0.236936084819419 -0.010940623798606 -0.107151094839873 0.04852685729226
-0.229615178313538 -0.0554972357339684 -0.0877869371836492 0.0335179074115629
-0.209563291878852 -0.169080731417692 -0.0742698771737429 0.00894613595483638
-0.142983635307883 -0.263608653645929 -0.0246621973541888 -0.0232007642038117
0.00957276630151956 -0.302512145292894 0.0248782682444034 0.0273685190877586
0.13939119549827 -0.337141984299121 0.00450023501444533 0.0996307631750024
0.128268271014534 -0.267268423748866 -0.264604565551636 0.189236880839757
0.0750689332035712 -0.251208445003372 -0.156142298241109 0.167154293874246
0.0035412314494065 -0.251419476073036 -0.0625204096281297 0.0771055417195058
-0.0688748813256151 -0.210046422182207 -0.0675077553655407 0.00065625453596556
-0.136733055980765 -0.138212478125333 -0.112903286211894 -0.0501589661969288
-0.167691176436984 -0.07982896915525 -0.193867268547352 -0.0284833170379774
-0.192569662750904 -0.0269522688316062 -0.207938326388811 0.0262853444014867
-0.171206552196488 0.0186355402777623 -0.195292323651261 0.0494711395035784
-0.177925110276923 0.0202201953967497 -0.177897187641595 0.0462269376299103
-0.16784670220262 -0.0351071764524939 -0.164264439848723 0.0347374118663688
-0.146572719446914 -0.0682585502793868 -0.121615064295656 0.00476833450223008
-0.114715224131524 -0.134367988995713 -0.0748893176325029 -0.00288969868002752
-0.0755710195138896 -0.183359508485587 -0.0214074573298126 -0.0021389354965363
0.0170858235730646 -0.211758631377526 0.0151880475308395 0.0906202705219128
0.102967266174418 -0.251340516075083 -0.0418153516573693 0.195677224017305
0.0294888807860429 -0.142415430660678 -0.267301465537026 0.257520206637584
-0.0112879558333493 -0.11317555427181 -0.143917913430101 0.227839487817128
-0.022046046970884 -0.0810954036474916 -0.0486621647690628 0.091397856784349
-0.021836423651185 -0.0592746403078225 -0.0581849298500227 -0.000804139429256027
-0.037349144679853 -0.0513377520611841 -0.137344950748616 -0.0635016553683455
-0.0607248607950998 -0.042920109097248 -0.234061014165013 -0.0316752348424386
-0.0811749642380623 -0.0286801720803038 -0.255110835080464 0.0286107189870312
-0.0779267967634879 -0.00786967272062765 -0.237692605811629 0.0517856232765801
-0.0841585279562723 -0.0105779482740181 -0.222184261114708 0.0347229411981664
-0.0770078427852523 -0.0381386678890861 -0.194121349794581 0.00285064415009064
-0.0537559039170751 -0.0514179134165442 -0.130744054534808 -0.0373287221137737
-0.0290963412740201 -0.0665362964789197 -0.0610688351005227 -0.020724701254231
-0.0251770350520744 -0.0748409068302815 -0.0175648170382436 0.0130251132333871
0.00143424266773363 -0.101872776287355 -0.00405350399536449 0.134155475947171
0.0453710970797446 -0.138586025109781 -0.0823507224783017 0.25994249839271
0.0710623322237295 0.00877392487736909 0.0923792755338881 -0.336763152004049
0.0777584413488311 -0.0151687108843571 0.0129865003453974 -0.224379418965738
0.0319543110627282 -0.0541622829788414 -0.00347938866709449 -0.0394318169426868
-0.0160915136524931 -0.0495987025532202 0.0230727669924833 0.0347656325581562
-0.0363493155837181 -0.0165727367356154 0.122052176812554 0.0968932950195888
-0.0276992117403309 0.00301865205437434 0.225321160191628 0.0535761189471099
-0.0314616206079832 0.0220879273107042 0.258985446358145 -0.0164709310023225
-0.0290604524574528 0.031035298158374 0.252092106883143 -0.0600316007274717
-0.0365050547957387 0.0376270159039158 0.259014879841045 -0.0555153808624477
-0.0450363712450074 0.028048518769179 0.231885215493818 -0.010487474991694
-0.0675323542030708 0.00632268435199447 0.155078120833284 0.0372994488636797
-0.0691985790349535 -0.0481839518198048 0.0576346338426647 -0.0133963809795789
-0.0172357464403866 -0.0711854307729142 0.0402975999677396 -0.10067407922625
0.0226819320416089 -0.0427640680767474 0.0941437968519621 -0.213113855711998
0.0221527965180047 -0.0112124060645675 0.236828628880553 -0.283081170262669
0.152264879174114 -0.12597264925415 0.0723536854810671 -0.30316001766319
0.139585606369044 -0.130949322504141 0.019599653500194 -0.210831685278469
0.0530959702519095 -0.184664264896578 -0.0119036472618403 -0.0400551829243609
-0.0410988391729477 -0.170971190585646 -0.00626143563403274 0.0404642382681797
-0.113413386602861 -0.098476880018913 0.100033389293331 0.116652590381296
-0.127826497324145 -0.0406359122446193 0.199317463875945 0.0793971712512453
-0.142669527041608 0.0164259371877122 0.23390947811481 0.00627121415970195
-0.128351688141727 0.0543196674800485 0.219619676685262 -0.0450831973509985
-0.141723876392169 0.067747448996664 0.2203874560254 -0.0535241269584626
-0.147645521984939 0.027278479225427 0.190510366587426 -0.0136916058741495
-0.168566011900763 -0.0129978185907197 0.122802667507545 0.0302629431711871
-0.169435223605235 -0.121314933807682 0.0259824157625415 -0.0220471340842631
-0.0848117145920937 -0.193512270463162 0.0150550366631869 -0.11533340684334
0.0343100757442322 -0.185434376007801 0.063610621194546 -0.218400757000872
0.0896270363676076 -0.159640726127024 0.201455647661062 -0.282142099024559
0.223687280343866 -0.244274835645252 0.0199806023152827 -0.235557982132194
0.200450933929915 -0.237318688313535 0.00299291426708499 -0.172452762724308
0.0840279411189246 -0.30699349656277 -0.0251018505912665 -0.0323553583283429
-0.0534206295431122 -0.291666271744094 -0.0305254280911616 0.0384575166881685
-0.17786009251013 -0.185606861151736 0.0689048601578795 0.111291586959768
-0.21531155524075 -0.09001642905145 0.144992370275019 0.0830834420038079
-0.239406114965839 0.00173839657071596 0.172790577332084 0.0236271400504824
-0.209518275756875 0.0699863545929681 0.155626971879893 -0.0237956930265167
-0.222479663975529 0.0940295182690282 0.15398887169387 -0.0364020075375912
-0.226161365567958 0.0351783887308095 0.128496051553367 -0.00320461530597673
-0.246984978433185 -0.0124910137312 0.0769519232108486 0.0316211223861244
-0.25655036080136 -0.155529845029539 -0.00763103554668012 -0.0166773154079094
-0.159611782316695 -0.271901937746108 -0.00966432375526635 -0.108388338418146
0.0163121293295002 -0.296948188858754 0.0380943193117774 -0.187953095878557
0.129620488330813 -0.286905184150598 0.151807391917476 -0.232539233856749
0.259571967646032 -0.331362551843099 -0.0580573959840467 -0.14201695851508
0.233115596538518 -0.322450305816348 -0.0383401818454915 -0.106584748535326
0.098566404793284 -0.402419369623954 -0.0400514138770164 -0.010685249863326
-0.0681544968297401 -0.384184698934967 -0.0498398917126597 0.0322181892690886
-0.227623940272992 -0.250601679591106 0.0300344182639171 0.0823991252618183
-0.276660141436377 -0.124451894679459 0.0671407126467356 0.0634198948240079
-0.302022832398373 -0.0100928071645228 0.0832468570063836 0.0297251717613257
-0.259404056926776 0.0762873526065249 0.0673881508712137 -3.40306621844524E-06
-0.26886005312792 0.108152445979306 0.0678963341664064 -0.00852927138014117
-0.271297566302147 0.0409049016019447 0.0498412318703845 0.0183054330818382
-0.290151054096631 -0.0103664457729137 0.021330022997352 0.0384731494201501
-0.303199528129845 -0.16730827170089 -0.037985446199717 -0.00296234427020211
-0.210356500256057 -0.305712227821926 -0.025563747284425 -0.0833828403758473
-0.00636020142644627 -0.356619801750065 0.023480610322174 -0.12682206592295
0.141047986260295 -0.369250089933884 0.098711936267088 -0.135407085807763
0.252357957715997 -0.374779531471363 -0.143575673367097 -0.025357767693899
0.217538097761417 -0.369537673430102 -0.0902791582544161 -0.0144303314533566
0.0799993099106572 -0.43851678824665 -0.0543358544187651 0.0213537061803123
-0.087715690791129 -0.409871474274141 -0.0635506276387845 0.0222293308000391
-0.24717256955282 -0.264091101707514 -0.0195738600802908 0.0366449050494472
-0.294229852875768 -0.130610339970902 -0.0274668340992235 0.031676834939572
-0.317753404434735 -0.015397160660765 -0.0230398829788592 0.0310475702476855
-0.269112669941779 0.0716164550069148 -0.0304548322077985 0.0246146621541696
-0.27609807466185 0.100074194756355 -0.0238488231716981 0.0232828378354537
-0.277735639598424 0.0284098755484401 -0.0326622863172419 0.0429308710558061
-0.285183821580342 -0.0217000818937999 -0.0367862527914059 0.0443862565052972
-0.289751596006121 -0.1684777458458 -0.0612538252695805 0.0100702070525406
-0.209443262535066 -0.300366666307205 -0.0304451479765651 -0.0511009497409129
-0.0143253713057988 -0.359806791551862 0.0232432088094115 -0.0494074559072247
0.137232419362879 -0.391112945658378 0.0513549586801431 -0.0162393166502217
0.201173891574169 -0.356869561810311 -0.218621644836883 0.0978837343813126
0.155753022680022 -0.348879426396435 -0.134473088470865 0.0873928947091454
0.0379440312383049 -0.387305276570013 -0.0631411670936111 0.0544522439572654
-0.0978555755665116 -0.345326243548275 -0.0701750712134842 0.0113776358058653
-0.218644122028749 -0.21894933979087 -0.0736924176473648 -0.0119551940444455
-0.258000852068609 -0.109396993429032 -0.123510864682081 0.000637399754189014
-0.281180642081531 -0.016431843038789 -0.12802168301665 0.0327088221104392
-0.239215054252238 0.054462428646207 -0.122886811257113 0.0453805666312782
-0.244717245133206 0.0707099680230081 -0.108648895422231 0.0472035597282972
-0.242689159125211 0.000759925732854077 -0.107184734639371 0.0545309191908482
-0.234791256194643 -0.0459109128504592 -0.0876930400577583 0.0378346113130006
-0.221993743904673 -0.162003385974776 -0.0750700074534701 0.0126945002690073
-0.158858913743733 -0.260093562006657 -0.0282572179737501 -0.0230612339538946
-0.0039235515271597 -0.308218721434445 0.0249970478182822 0.027001150495981
0.123759533385982 -0.350572726348262 0.00895993042099168 0.101344466034946
0.11651910896911 -0.277606799303368 -0.258962463363195 0.203405482872198
0.0658760174837114 -0.2578064923435 -0.150370943266265 0.176163792316878
-0.00714043416811875 -0.254809438734075 -0.0604429411675213 0.0803864872717148
-0.0791554220874494 -0.212263830123764 -0.068866445316609 0.00370500212095434
-0.144715054549833 -0.134665160820529 -0.117793346221033 -0.0457666346009217
-0.174783641893497 -0.072749877394234 -0.198350593429935 -0.0171942575301307
-0.197068466827668 -0.01651075643447 -0.210725596341095 0.0351196686605881
-0.171813917570412 0.0281177144347925 -0.196468682596895 0.0582961608088012
-0.178511051353257 0.0302384332856775 -0.178676038112906 0.0552884953284913
-0.173810100074284 -0.0272745737621875 -0.164323415385102 0.0434402565777089
-0.151808492495197 -0.0632308824980343 -0.123080812666563 0.00974914664592663
-0.123963196047698 -0.132044844261666 -0.0759307757107285 0.000346400727362038
-0.085846978613603 -0.181780585924649 -0.0240626588400064 -0.00215132596693355
0.00750767886691785 -0.217057324441108 0.018704915949723 0.0905632601123482
0.0913369025094598 -0.26201659513167 -0.0334861819946144 0.201469053583614
0.0235500762196244 -0.146138084441917 -0.259053365791342 0.271877158139051
-0.0150548314543922 -0.114271912134975 -0.135348696638017 0.236267790830448
-0.0255766868054925 -0.0815363954945731 -0.0453007182774063 0.0946950627734601
-0.025548321081426 -0.0602500052826292 -0.0582641803915581 0.00154553892012949
-0.0398300989609984 -0.0503600975431095 -0.14293848243903 -0.0582444819227304
-0.0634792437139743 -0.0399986771189911 -0.239012316289899 -0.0196061938781198
-0.0841500641279133 -0.0245143862937149 -0.257971978707778 0.0406387556609334
-0.0787871349354192 -0.00367720377491562 -0.239787842869063 0.0618650829647962
-0.0857895657613719 -0.00546594148417586 -0.223337290848856 0.0449175735341112
-0.0816271575016676 -0.0345702978670904 -0.195642080006167 0.01266570493677
-0.0575129865497178 -0.0505230123463851 -0.134347547405661 -0.031909130700003
-0.0334903709029662 -0.0665516857560767 -0.0624453388315356 -0.0189596171438604
-0.0294338344635898 -0.0747249086541468 -0.019045251461623 0.0131037704512368
-0.00314251744079615 -0.104136376501311 0.00120656094389722 0.136119772014473
0.0385958458906135 -0.143997066251775 -0.0713439651713853 0.269211809864692
0.0682004348997697 -0.0107172206436853 0.0364838186587314 -0.338508945862326
0.0697981393847192 -0.0331492716002252 -0.0225444325347673 -0.216723504398314
0.0213487712808829 -0.0593968829195023 -0.00775058583883914 -0.0352016315469111
-0.0229861164217406 -0.044985227774539 0.0284435575570172 0.0307541991868185
-0.0350327314679937 -0.0095676215415377 0.135927061210607 0.0737884622117807
-0.0219279635656744 0.00427079339855421 0.228537741123669 0.0148838376204774
-0.0241726551260052 0.02500779499269 0.251295509156243 -0.057321114380057
-0.021852184421744 0.0304579154428025 0.23653597451725 -0.0941591443166273
-0.0287613057757731 0.0392127757529241 0.246894268520764 -0.0899907935280859
-0.0402840179893561 0.0311498854741455 0.227949396894956 -0.0420220499532408
-0.0650828699361115 0.0150416987605095 0.159202077412155 0.0151276177418173
-0.0765947903154735 -0.0366431051312686 0.0569014478796236 -0.0190195345642915
-0.0293432579605103 -0.0675476681023976 0.0283329561108419 -0.101524064027679
0.0139391851701881 -0.0443462392835047 0.0658066220356381 -0.222785144807479
0.016893355952915 -0.0162110338785726 0.197593802213993 -0.305581414157803
0.122477277739987 -0.156616181056288 0.0260057704821825 -0.296215121951087
0.110470860678614 -0.156298722417069 -0.0105411286608623 -0.200192435952356
0.0199942616652317 -0.190622082150846 -0.0105812349401828 -0.030629526250121
-0.0695343528901965 -0.159657080641273 0.00750673509475232 0.0437243540619018
-0.124050957433364 -0.0772256339535876 0.121622512002593 0.0943231756874775
-0.126941860783344 -0.0214667874923081 0.208900205346307 0.0414141429537058
-0.13713394239923 0.0391564631478699 0.234829808008599 -0.0321572693753911
-0.115203421867594 0.0682190259671964 0.206370175712704 -0.0761816161691981
-0.127806755393759 0.0865516780653683 0.208867115880988 -0.082391923201075
-0.142773896875218 0.0474661759788924 0.188859803077887 -0.039515767674105
-0.166551466133604 0.0110149582144 0.12749523543361 0.0120724700405945
-0.188346190424001 -0.0940189203365798 0.0276662098584563 -0.021800808578961
-0.114549306110541 -0.17748573698179 0.00115440122511611 -0.110050469647883
0.00462831815836856 -0.187174348571778 0.0314549426040109 -0.223571813685659
0.0629152622294905 -0.173124970088681 0.157728473400442 -0.300420357243693
0.171605081451573 -0.282997747659775 -0.0109722826855674 -0.216345279622978
0.151546929927141 -0.26928215064702 -0.0167898973725191 -0.155151325253113
0.0299973745580667 -0.314722177421391 -0.0165777053316198 -0.016880495320401
-0.103123425374108 -0.276899813940933 -0.0110667175267345 0.0490001546977606
-0.200859330647843 -0.152216738429877 0.0946024199642041 0.0921112592583278
-0.220835577467107 -0.0550109702289256 0.159272650230384 0.0520877196705892
-0.236109723797298 0.0433016469370151 0.181365501038368 -0.0065132996436592
-0.192867663852696 0.0961577635489539 0.147307767440678 -0.0472202872653102
-0.203402384746446 0.126191313566447 0.145194528414714 -0.0573215042415301
-0.219851555759377 0.0691569520419287 0.129151676587623 -0.0216368932226672
-0.243734814424138 0.0238500848302824 0.0836156427296073 0.0183151880260067
-0.28039312326099 -0.114181474216428 -0.00299943039005875 -0.0119137296083249
-0.199869932330942 -0.2436381796808 -0.022197567374737 -0.098120146816976
-0.0290192387458531 -0.295061763261953 0.00632948587954936 -0.188854514321567
0.0845362503149405 -0.304890787342768 0.111970936918009 -0.245039118198739
0.19049727873653 -0.373051086613327 -0.0703004450285992 -0.110241080541877
0.169363859731507 -0.356406925726111 -0.0436496263605066 -0.0821874172644875
0.028372529806656 -0.409712552646945 -0.0234622971665979 0.00884000955335636
-0.135498038487046 -0.365065230923182 -0.0250669310601946 0.0477678028128541
-0.260926409580818 -0.207124122438813 0.0550619581422739 0.0687132504038884
-0.287519597462773 -0.0779833127900465 0.0827514206100215 0.0441488277429557
-0.301811551950126 0.0436344240065197 0.0967251297608854 0.0123375328877535
-0.240405427721499 0.110614547886108 0.0644484618751869 -0.0123228674333299
-0.246893809749397 0.149502575833242 0.064007192030466 -0.0190001265035578
-0.263457246124637 0.0820363855705787 0.0543650209044473 0.00962048504959917
-0.285365225771451 0.0334586080766905 0.0297394968392158 0.0322318701963674
-0.328916015056521 -0.117217560748019 -0.0299107331330626 0.00533702596769966
-0.25451361386965 -0.268554286274565 -0.0348383313951186 -0.0693762498593005
-0.06030630053255 -0.350820114601986 -0.00180111394885669 -0.124207725657413
0.0859421013819832 -0.387705028838081 0.068750600203987 -0.142526970181725
0.17601095700482 -0.410368685645072 -0.13454766636401 0.0168915933881486
0.147249564389614 -0.397553712917561 -0.0786906058123444 0.0159356420537198
0.00341957157886253 -0.442534111561538 -0.0302084168146643 0.0430845780992438
-0.160957623772811 -0.387529436496325 -0.0379146649536776 0.0396638957347535
-0.283533527669474 -0.218231622456698 -0.000165528201346628 0.0307024108617635
-0.30840419243459 -0.0809043624598163 -0.0140081548945792 0.0275104348191434
-0.319599718840306 0.0423043760694809 -0.00677593308044348 0.0296918385908613
-0.251405839879572 0.108500971235601 -0.0273162041980188 0.0246381251679293
-0.255201190842329 0.143954965811736 -0.0215565143394477 0.0243852563837633
-0.270911534560015 0.073065095987911 -0.023469329718069 0.0446293077976868
-0.282218798832624 0.0217328009122895 -0.026919546956466 0.0457496795915121
-0.31583013310996 -0.120334520162252 -0.0514209833010774 0.0211635940915452
-0.252782111050455 -0.263337753242796 -0.0361504352203535 -0.0373706458864235
-0.0671792031617003 -0.352800886319468 0.00692647088718455 -0.0480910074713325
0.0792373773795396 -0.408255340280317 0.0360795261564746 -0.0190748905773791
0.130346981563636 -0.381167902755954 -0.188095218127319 0.145177514691653
0.0914319328845298 -0.363861379981177 -0.106236710659606 0.119388742204476
-0.0287071165027748 -0.385322793499248 -0.0351963061436877 0.0734448506819471
-0.158373081034169 -0.323300963704923 -0.0487634006428633 0.0270800916738849
-0.2502023554736 -0.179427208864216 -0.0630292942186329 -0.00815264843033238
-0.271695816407304 -0.0652856568773454 -0.113805415046301 0.0137832046464001
-0.284021368916493 0.0356901625853001 -0.110730936194529 0.0473233541997118
-0.225319843550789 0.0891538644126779 -0.114522046036675 0.0580530354516114
-0.229549435005508 0.110722420549649 -0.101265487673348 0.0590584373390965
-0.240600177866697 0.0410215673924253 -0.0950347558740161 0.0664761320353291
-0.236858396777882 -0.00910729168640889 -0.0784437581454151 0.0469281319927386
-0.246893273080641 -0.124529047656765 -0.0662118481977972 0.0250317752449535
-0.195421838514164 -0.231445857851318 -0.0318200815795114 -0.0109546105318319
-0.0491497724229022 -0.305685104323258 0.0198372815046806 0.0270171956394018
0.0722501653658748 -0.367116634786939 0.00986015305282543 0.101103614273743
0.0629991614051555 -0.28658275566515 -0.212613990022281 0.247817380877298
0.0201999185339122 -0.258748625409073 -0.111290841529982 0.20263195624312
-0.0498607398848666 -0.248086028361297 -0.034271907830522 0.0928550317924745
-0.118012899562637 -0.195805346185031 -0.0545717737670404 0.016258744864828
-0.165213512160825 -0.109229733193721 -0.116410489874882 -0.0319452978480697
-0.186393542541115 -0.0409013970913186 -0.191162470533972 0.00969734088124173
-0.202483059377796 0.0216703947266821 -0.193711912238529 0.064380744500297
-0.164465959283133 0.0547084665583427 -0.184160411716232 0.0817257278454654
-0.170990329315562 0.0614279443686094 -0.1691423615511 0.075735467237202
-0.17712751067608 0.00371965822618687 -0.154060071427184 0.063755868124808
-0.158479876014484 -0.0380467201778633 -0.116910380733745 0.0248295871634567
-0.144915203857907 -0.110829432061317 -0.0711370653854297 0.0124082522675347
-0.111903370292139 -0.165524303067403 -0.0257620054722106 0.00623157066691685
-0.023811546818687 -0.216481397325925 0.0236897971740649 0.0898503853719896
0.0547708236216258 -0.274276230979176 -0.0172324153838939 0.204124950937605
-0.00453319332320758 -0.14049750994567 -0.205917544481077 0.307252416756537
-0.0328503699092122 -0.102865145104269 -0.0917724657774378 0.25365430225796
-0.0384860352024443 -0.0740582608209274 -0.0250138940180228 0.100500069763711
-0.0374819987849987 -0.0554865643502514 -0.0530425360968105 0.0108557635275688
-0.0496085940962564 -0.0432479188477605 -0.147894853226062 -0.0359326057018906
-0.0729573743533432 -0.0260466989254898 -0.233502378236115 0.0171720729510763
-0.0914671915046716 -0.00627119095408427 -0.243204439390455 0.0783354456609664
-0.0789211412512651 0.0111368292619529 -0.225513055408386 0.0921291900707949
-0.0867175167345301 0.011668592780287 -0.214611858214646 0.0728770023521845
-0.0868625811154867 -0.0178242623170257 -0.190124491958169 0.0376129511513729
-0.0648967788798379 -0.0392487811501082 -0.134627146032124 -0.0138605722081777
-0.0453157356669352 -0.0597455538395853 -0.0627771616046722 -0.00920443662848248
-0.040234160092398 -0.0689614908172469 -0.0189743368184204 0.0178901057596878
-0.0166500774025318 -0.104143837474433 0.0155587750070611 0.135366379676773
0.0202424082696954 -0.149600371797325 -0.0424696712034951 0.274654022367366
0.0658094290398742 -0.0122575761301443 0.0246429870574785 -0.332539076448996
0.0668147733276391 -0.0337812447266807 -0.0289898351913851 -0.210039525957225
0.0186276541583345 -0.058507125965528 -0.00930992522547967 -0.0343556777427421
-0.0234846557141558 -0.0431809089289404 0.0274802970866511 0.0294164368924934
-0.0353275066665558 -0.00850677073510609 0.135315781655063 0.066704658503369
-0.0226964280915777 0.00407268993746735 0.223462669911847 0.00547067713494455
-0.02209422595283 0.0253972759037681 0.243838066069494 -0.0643921035044446
-0.0207706243144787 0.030795263347296 0.229323060692576 -0.0976171482330687
-0.026486921463446 0.0391443604725004 0.237138716100995 -0.0952691149965399
-0.0382369984429458 0.0310889111312769 0.220693734970965 -0.0492180219267175
-0.0624957008906859 0.0170659879010491 0.157184960110132 0.00909726723886052
-0.0757368635896606 -0.0332562014392461 0.0548093639466999 -0.0190222152506496
-0.031227422698797 -0.0655646350653648 0.0252823596811703 -0.0999912399622538
0.0123377583146094 -0.0432019512751968 0.0586672605707668 -0.219722663105749
0.0160866521912853 -0.0160741991932412 0.182113520290896 -0.30413782379785
0.113509897933482 -0.156791823250546 0.0174184268472352 -0.29011931284372
0.102433172562911 -0.156214020198387 -0.0158180670670586 -0.194143667453695
0.0141314517068877 -0.185880380430726 -0.0119177880974506 -0.0299551538342639
-0.0730943372028894 -0.155071326622649 0.00690173869799036 0.0439753750195614
-0.123872266539204 -0.0720159928244119 0.121066805695905 0.0876060917420516
-0.127153237189786 -0.0175189989057407 0.20566284740979 0.0324891354416744
-0.1324536855646 0.044024573114238 0.227946791884621 -0.039334581908684
-0.110819618128423 0.0707857625415886 0.2004174134713 -0.0780260888478347
-0.121216207400381 0.0880448225080075 0.199346557938335 -0.0863898959960091
-0.138452919266994 0.0505251130314427 0.181700457014576 -0.0452169159366578
-0.162569276599133 0.0154900612634182 0.125333620161602 0.00673002773872138
-0.187281701152431 -0.0860091501868152 0.0254670996546584 -0.0215737514338082
-0.118101789785157 -0.170464109294377 -0.00210223156157336 -0.107467414620022
-0.00143983061427894 -0.183862676661167 0.0249762791053386 -0.218833393225959
0.0553184603178873 -0.17121600875582 0.143168003232298 -0.299204819620684
0.156058724317326 -0.282366213497673 -0.0163658548668763 -0.209730376277151
0.140519997402766 -0.267706053273499 -0.0208179102844041 -0.150629922936117
0.0206498299639897 -0.307302110336996 -0.0173581649562441 -0.016859313014182
-0.110277686452734 -0.26949718763879 -0.0114901057018112 0.0498745675418553
-0.20130615394789 -0.143439173223092 0.0941834692022738 0.0864244751598614
-0.220306186874206 -0.047088245863966 0.157781734246242 0.045799707066828
-0.229585512730241 0.0513702578726258 0.175776491975405 -0.0136577430323308
-0.185486125820834 0.0999229343429675 0.142513634436959 -0.0483814420816533
-0.193087697297015 0.129587794267867 0.138487110103274 -0.0593304246556975
-0.214134613480984 0.0744802455921806 0.124391648352823 -0.0251016947622382
-0.237528837774389 0.0298915664869811 0.0816719384475271 0.0147293253558556
-0.279106712274519 -0.102284952457462 -0.00393802682563448 -0.011439168333095
-0.204182318783734 -0.232236010710948 -0.0258289327271092 -0.0945688519979177
-0.0378089934259837 -0.289127849414385 0.00156182113208269 -0.183489014212245
0.0716011607610446 -0.30099569688077 0.0998641286817147 -0.242396266064933
0.171269129418669 -0.370213715407129 -0.0704232412759691 -0.104084581458966
0.155221318438202 -0.35426886962625 -0.0451764482497604 -0.0780678228251548
0.0169549117907341 -0.401340973925503 -0.0239001163155265 0.00855146826381302
-0.144747026750939 -0.356862093206098 -0.0253972262427662 0.049035044488941
-0.261655786463459 -0.196240205757413 0.0546154791007686 0.0649433351943636
-0.285743818263592 -0.0671192000041436 0.0827159496486329 0.0409821064338257
-0.293954296830635 0.0543263215812876 0.0933821109566113 0.00783223151708693
-0.231587974693164 0.116393896284761 0.06236641826497 -0.0120295224048635
-0.234413060217569 0.153595942655766 0.0604375452847643 -0.0196322580061
-0.256545192100621 0.0893828179781643 0.0527689215818064 0.00830107727888145
-0.278038839947786 0.0397378259906059 0.0292617783582826 0.0299201046386526
-0.326496323979655 -0.10432432488498 -0.0299921656808133 0.00604966956557123
-0.258048382311793 -0.254321063856662 -0.0379026821405989 -0.0661805651662279
-0.0701940440083319 -0.343361289418418 -0.00475801229805359 -0.120368760930502
0.068765423063717 -0.382239659071358 0.061031767672953 -0.140939599030938
0.156456312813694 -0.406804163277576 -0.129486334953952 0.021879755471627
0.133669890191813 -0.393523678985642 -0.0766408448107719 0.0185410409441294
-0.00824160321115467 -0.433147145097827 -0.0296006881500708 0.0422194929282442
-0.171239660114748 -0.377517938550466 -0.0375208218408978 0.0412846937125593
-0.284582668656355 -0.205891196410714 -0.000504698163514488 0.0294802427758992
-0.305033028112389 -0.0696039285481476 -0.0123484903790033 0.0285840163865258
-0.31114906139811 0.0537499686172595 -0.0074083983070059 0.0279807227003848
-0.242617565891273 0.115136612609207 -0.0269308811815814 0.0266621738618868
-0.242490199036731 0.148666818894604 -0.0214314938026373 0.0252789411119305
-0.264661047802262 0.0812139271684755 -0.0215054887646737 0.0454211447636605
-0.275965208895426 0.0287281727234912 -0.0254406625300564 0.0454735306261397
-0.31408871409401 -0.107767608081615 -0.0508661775898474 0.0221348958000249
-0.254910135414702 -0.249407963711069 -0.0390248000475784 -0.034950706740302
-0.0785683793545591 -0.345273110143394 0.00535021462763989 -0.0457068651165185
0.0624594334758401 -0.402694860907433 0.033412690324131 -0.0191536124318342
0.113168992223249 -0.377195801317249 -0.178399606918605 0.148641567932175
0.080175454842663 -0.359767510908015 -0.101069188071189 0.120457474197891
-0.0389284156432205 -0.377172937787792 -0.0337289724045122 0.072913342061866
-0.168002350562451 -0.314615384105987 -0.047622341904869 0.0285383184539119
-0.250125081087682 -0.169453356203387 -0.0631698473052233 -0.0062739312810633
-0.268951183797956 -0.0546516786768856 -0.109697102085104 0.0180581245387182
-0.276441487463065 0.046324974640672 -0.108234451236425 0.0484064269367876
-0.217334387048617 0.0946685532420706 -0.111348973115797 0.0605405389097552
-0.21899478402175 0.115961044712866 -0.0979082258130599 0.0609745419134184
-0.235295519479054 0.0489188031218184 -0.090709349958885 0.0690713203152142
-0.231816607324476 -0.00292967662064606 -0.0756859688664775 0.0476563583213107
-0.246705411548603 -0.11369356350961 -0.0646581569789417 0.0258956071034586
-0.198765111095354 -0.219277605977968 -0.0335484222470062 -0.00941337133350734
-0.058820403177901 -0.297910351748536 0.0200863722137936 0.0267509255595124
0.0566580938525842 -0.362081182666604 0.0117127197489211 0.0994685811783217
0.0510345464593703 -0.282242566256471 -0.200306183155303 0.249131256204994
0.0136782497993639 -0.25467001429688 -0.103516982497491 0.202329094309289
-0.0560941318651609 -0.242124999547583 -0.0311218926581423 0.0919486760865133
-0.122418361621722 -0.189787549405124 -0.0534238955209191 0.0173362962470264
-0.16495002116942 -0.103227466170156 -0.115606665852375 -0.026999519774938
-0.183735795951097 -0.0340308653113946 -0.186093204037586 0.0177396100801781
-0.19681824112598 0.0292529045771561 -0.189102254772018 0.0679860627243919
-0.15865337397386 0.0590854522055532 -0.17902847690379 0.0849896307275466
-0.164452200636078 0.0655327290575903 -0.163065467194557 0.0789814536496672
-0.17383907959683 0.0105766356275866 -0.148436637120311 0.0677760660601264
-0.156493995869735 -0.0331050425304222 -0.114113160802586 0.0276970335732325
-0.146691776066196 -0.103571711907757 -0.0696047710985285 0.0131391644365183
-0.114817974909134 -0.157899678365126 -0.0271236725803245 0.00748467953882409
-0.0305994424222531 -0.212229204309403 0.0256134130650514 0.087434680343103
0.0431592139820661 -0.270726150217536 -0.0109624184764363 0.200565906094074
-0.00863521909192979 -0.137865787103601 -0.192279244490177 0.306680180003735
-0.034116041341367 -0.100681794838035 -0.0825298804455905 0.250863944761048
-0.0395213994806317 -0.0721682706910907 -0.0217848563580498 0.0990092053045008
-0.0391641116864383 -0.0529580957709309 -0.0508140862237847 0.0113584754519707
-0.049480211406095 -0.041581603049174 -0.14623327867211 -0.0300573359535675
-0.071472588783511 -0.0229741093782192 -0.227343202715619 0.0256904830488216
-0.0900103785161696 -0.00130355572558374 -0.235727782498751 0.0841785469848946
-0.0768990165835478 0.0138437298251061 -0.219668540905379 0.0955237107215602
-0.0832945259593078 0.0153138368768037 -0.207241558983622 0.0767691062956421
-0.0860785259906224 -0.0133932593114227 -0.184020634708758 0.0425880852276942
-0.0650918920887826 -0.0366687559555349 -0.132245984834177 -0.00949842154900524
-0.0472408234926319 -0.0567514410510724 -0.061397191598806 -0.00832506445847106
-0.0415509401459048 -0.0664574095556123 -0.0201222476414377 0.0187728619108102
-0.0203747118844176 -0.10260441754947 0.0188710707420183 0.132119214888724
0.0144650941583866 -0.148504492201513 -0.0335854920550309 0.270474611189078
0.0643182153929206 -0.0117973338501474 0.0216827923135714 -0.327426939387578
0.0650938518455989 -0.0336624244120177 -0.0302426327445857 -0.206484305208676
0.0176322457985285 -0.0575758332982858 -0.00992652198509468 -0.0337683651909244
-0.0230638089498359 -0.0426250420480868 0.0261941917152958 0.0296116719124831
-0.0352312272983478 -0.00771407756220673 0.133671558649261 0.0637059979966892
-0.0241076255185792 0.00380918171706175 0.21912353551997 0.00214984516369903
-0.0212161073684996 0.0248268912531215 0.238978966886886 -0.0658922826295187
-0.0198477076630683 0.0307075098265054 0.226382250510729 -0.0957001565849516
-0.0258791272707604 0.0382221255992513 0.231473174497165 -0.0952182836236916
-0.0373151303776697 0.0301452300596454 0.216234371893922 -0.0516219669134952
-0.0610367859607853 0.0167470767986932 0.155167188968935 0.00658690346349386
-0.0741104064007475 -0.0324589093293979 0.0537925012524011 -0.0179288284438019
-0.031423317864029 -0.0639385079465652 0.0257655802502525 -0.0986546872847187
0.0119356802918703 -0.0423540249652158 0.0573922073030205 -0.216284193016379
0.015458001738841 -0.015579348497145 0.176266324311473 -0.300426513622073
0.108302036318875 -0.154151152580715 0.0150688607448829 -0.28525260992397
0.0991891212969765 -0.153897514571122 -0.0165185803550535 -0.190424718562287
0.0129920950890119 -0.182404762711963 -0.0128850578135097 -0.0296691546614494
-0.0728139766036665 -0.154210112781799 0.004930778926455 0.0440769666896286
-0.122810567016954 -0.0708512189429587 0.118882949333783 0.0848571251394903
-0.127601595689226 -0.016209493630148 0.202336959287061 0.0297986607975424
-0.129223418376116 0.0450872394237159 0.222369294582657 -0.0411927754646592
-0.108574398318981 0.0710662993814788 0.197714455389179 -0.0763336955682448
-0.118358316381316 0.0871966964216711 0.194554890013653 -0.0856150557517543
-0.136874735937329 0.0510567123897683 0.17758282107931 -0.0466387162252021
-0.160053068755455 0.0161643674315455 0.123405903683848 0.00488741672816681
-0.18531435838103 -0.0829976559506714 0.0244929890800423 -0.0209149349119452
-0.117674456056521 -0.166604013280607 -0.002529829539848 -0.105736044061478
-0.00245213701676504 -0.181511140431301 0.0242604969842147 -0.215539139851983
0.0525124104634488 -0.168855174316814 0.138149360902181 -0.294778597001486
0.149047764398173 -0.277788395771602 -0.015815222888981 -0.205433732562147
0.136420030825143 -0.264923846286813 -0.0204328203794048 -0.14776958746614
0.0192673243039982 -0.302810951461326 -0.0179705181052298 -0.016905274844919
-0.111458909792984 -0.267062344340773 -0.0123076630198348 0.0507938233238367
-0.200207431323116 -0.141092213306156 0.0918822865994596 0.0844889314532322
-0.220029998230362 -0.0442585637227193 0.155746808561388 0.0435664158774261
-0.224999486037065 0.0543378306635517 0.17129802584804 -0.0159129131077804
-0.181857715095306 0.100658632662201 0.140608183667131 -0.0462413946900211
-0.188338074713987 0.128677419332058 0.134448101148093 -0.0588279712459213
-0.211064557389082 0.0757178562790637 0.121282717021549 -0.025463087977191
-0.234351463179042 0.0301347929752523 0.0802530704290709 0.0131195201840131
-0.276404669019521 -0.0982771059041832 -0.00465520336846419 -0.0110887845442052
-0.20321450389191 -0.22720714033648 -0.0264774300641058 -0.0927072149200436
-0.0399559802302084 -0.285533658218031 0.00148100323658106 -0.179992692759406
0.0664280353590671 -0.29718168140471 0.0955948807046376 -0.238205574426687
0.162966034356257 -0.364023870591902 -0.0679498488945855 -0.100344266909935
0.1507141279775 -0.350409788285567 -0.0442494160588822 -0.0756152279607741
0.015229137202204 -0.394284227073784 -0.0249387791105074 0.00822035022668347
-0.146790934766513 -0.352641784863173 -0.026377109855438 0.0502029983018961
-0.26076374008658 -0.192770200301286 0.0527337871427855 0.0633498550489044
-0.284664681612063 -0.063833090571241 0.0821839490142458 0.0406093984301534
-0.288455780421071 0.0583375581942167 0.0897081439635224 0.00540790265020847
-0.227335854540799 0.116706729060317 0.0613725396258686 -0.010066183916028
-0.227726260561692 0.152553596976231 0.0578426447054925 -0.0184273775849152
-0.253176650122391 0.0918864528630955 0.051417118780008 0.00853596792271521
-0.274005079278218 0.0404282464766124 0.0281305039867686 0.0290518734861295
-0.323221161054907 -0.100233258210207 -0.03068212763317 0.00666830102614473
-0.25609021102875 -0.24920598194251 -0.0393295201240348 -0.064659286844024
-0.0724830518225179 -0.338818451360273 -0.00472060477007406 -0.118035444036834
0.0632756026979805 -0.376953228592581 0.0578018316953639 -0.138086335014967
0.14765404902359 -0.400085107481457 -0.124781542226145 0.0238156331561561
0.130141820150589 -0.389596582783911 -0.074758414970046 0.019851253027536
-0.00919167482515624 -0.427170874445828 -0.0306979106134127 0.0418808260200773
-0.172955719328052 -0.373531793289493 -0.0380324621402874 0.0422979777020205
-0.282457069828816 -0.202247821314502 -0.00225839949514207 0.0290751654314087
-0.303087581844919 -0.06540490299078 -0.0117640631738215 0.0297719397429635
-0.30517689190567 0.0584472808047501 -0.00918430675692684 0.0263775671197609
-0.237381819068666 0.116014121972721 -0.0265597880666597 0.0278824494333694
-0.235819660591758 0.147086840145037 -0.0220944578074327 0.0255667558418427
-0.260286125028073 0.0832242391432988 -0.0212891872647106 0.0460013006754211
-0.27189317097507 0.029327319963284 -0.0260332165320243 0.0446033112251139
-0.311569252871178 -0.103370284332357 -0.0510423295242891 0.0218677168662517
-0.25376582327404 -0.24370664654283 -0.040281374807919 -0.0332637072755799
-0.0802007508312273 -0.340817547883658 0.00612222172793783 -0.0447236325402603
0.0567244792251855 -0.397726017321369 0.0314158213647705 -0.0181086035582006
0.106160139566074 -0.371184890425359 -0.17294967450669 0.148010930020522
0.0775072641168196 -0.356684016743069 -0.0983137731662763 0.120068770474244
-0.0388283512478864 -0.371988714905405 -0.0344273022465118 0.0721335530525686
-0.169118176303513 -0.310899048017687 -0.0480161906220052 0.0290137564287264
-0.248312102894912 -0.165974063079394 -0.0637095590304988 -0.0055658793339589
-0.265863512767079 -0.0518904899804377 -0.107508623656353 0.0207518275738292
-0.271166636760675 0.0505465882004097 -0.108146712129987 0.0477358310842826
-0.213230863490902 0.0958372309628397 -0.109868473681938 0.06132690064207
-0.212806679683718 0.115299527951885 -0.0971173202609767 0.0606846754509982
-0.232459621109303 0.051763272581149 -0.0882452194444432 0.0694141348945628
-0.228702825978877 -0.00183755037079428 -0.074597428645619 0.0475034034213773
-0.244623646442906 -0.109681921717562 -0.0643961839398381 0.0253172331595078
-0.19726172138238 -0.214495878899358 -0.035196882163512 -0.00755638360600117
-0.0609891376779807 -0.294386947355654 0.0201475577929665 0.0263598900949187
0.0517564812554099 -0.357171719100586 0.0113503365169674 0.098445451944563
0.0465528111110327 -0.2787848754971 -0.194742055404873 0.247074067294788
0.0130176563812833 -0.252338515224849 -0.100644315976329 0.200553179936371
-0.0557102104018041 -0.239853052705364 -0.0316390820039158 0.0910573889765474
-0.123860601250693 -0.187710304071921 -0.0527099274321564 0.017947313538321
-0.163915243888948 -0.101180370235792 -0.115285510878436 -0.0254781705323782
-0.181182046309194 -0.0321089863049808 -0.182392879131599 0.02032886349313
-0.193153514334242 0.0328431802924179 -0.186321747883216 0.0674941573989988
-0.155865796258069 0.0601035468617862 -0.177472486319129 0.0852797836866882
-0.159319187594512 0.0667902341740852 -0.160826345138197 0.078457557780113
-0.171100525353935 0.0133414719507158 -0.144602285920615 0.0685013431795019
-0.15496515850548 -0.0322206836294555 -0.11236820295415 0.0278726130125874
-0.145958826330814 -0.0999369550291343 -0.0690547857366538 0.0126212696456514
-0.114178023171334 -0.154488876299214 -0.0285358320496669 0.00912507298900565
-0.0326221905382911 -0.209394791353463 0.0261988297058304 0.0860704309961091
0.0387283354512645 -0.267343255013139 -0.0101432958829065 0.19864403339474
-0.0106228603689192 -0.136126777646935 -0.186603289924135 0.302746522023633
-0.0335308996936727 -0.0994598108762534 -0.0801870741387235 0.248289304375259
-0.038962221289065 -0.0717697717414405 -0.0207548478714842 0.0981731281342143
-0.03998051448704 -0.052612215934867 -0.0500561041622929 0.0112050576188023
-0.0490572966544007 -0.0412883362023056 -0.144596176582842 -0.0284744692178222
-0.070005333758423 -0.0219811023560617 -0.222619018481683 0.0279947269188576
-0.0883048612628071 0.00130269076742502 -0.231890212905125 0.084496848666883
-0.0755673435546836 0.0146011907442364 -0.21733345558773 0.0951361498195381
-0.0809550942180584 0.015844156013308 -0.204230553246885 0.0761071327856851
-0.0855749864442888 -0.011565931758202 -0.180245508188042 0.0434257316920987
-0.0650953018929993 -0.0359315529294665 -0.129973586372973 -0.00894604126562139
-0.0479394978085837 -0.0552222962008589 -0.0612741353424609 -0.00873029264546271
-0.0417037207597799 -0.0656844327975045 -0.0210447426948896 0.0200328142045545
-0.0216909636810948 -0.101487096669443 0.0194311954774282 0.129996578057815
0.0124581338349491 -0.147055789459662 -0.0314367822540583 0.267062446514874
0.0650112739807325 -0.0111296052242555 0.0227333384211497 -0.329558699358876
0.0654696692710504 -0.0326918237079114 -0.0295693081648655 -0.207308943999971
0.0179358977579125 -0.0574964797116593 -0.0103312548347855 -0.0342565075372385
-0.0227684845016301 -0.0436796418541597 0.0251285589384187 0.0304523813621174
-0.035601368406983 -0.00806530552207852 0.133763203971828 0.0647099861488405
-0.0258218032980403 0.00394365262861161 0.219609574142587 0.00104152234945563
-0.0208296916610084 0.0241538560355224 0.239968293737535 -0.0661433393406494
-0.0199145725963076 0.0313446863869642 0.229530153744426 -0.0938162406690987
-0.0263234299373647 0.0379122328295502 0.23290348455851 -0.0938139618369667
-0.0377119839295824 0.0296996162024993 0.21603409085371 -0.0518448131372947
-0.0609659096137436 0.0165375903457654 0.156102741489126 0.00676894263649543
-0.0739363119227117 -0.0333260569265185 0.054533572834293 -0.0167650421714483
-0.0316596591701464 -0.0645098493342684 0.0273744908365632 -0.099110911772628
0.0131306873659764 -0.0421071653132939 0.0595393692589039 -0.217680730560462
0.016022072204891 -0.0152018491454137 0.177910265376805 -0.301469675425711
0.107912864845704 -0.153840524108959 0.0174857024104511 -0.285603180306942
0.100044298410182 -0.153937912493613 -0.0157076120711266 -0.191858165170219
0.0142521187274839 -0.183266632705914 -0.013611682228164 -0.0299782010921286
-0.0731838385252114 -0.15706344074177 0.00373507728827637 0.0459589083701439
-0.123947710675344 -0.0721069328557594 0.118458584056398 0.0851517435536063
-0.13085736660607 -0.0165803632238599 0.203033370117596 0.0300284750742301
-0.12921566344659 0.0455011298759715 0.222469810683091 -0.0419036659502939
-0.109422710413295 0.0717554015028375 0.200665923064306 -0.0740057499362808
-0.119000396720182 0.0870257125913478 0.195451280440168 -0.0838889738575846
-0.138988463404326 0.0505685034944094 0.177620402319512 -0.0462491114260142
-0.161311769163585 0.0149252495022593 0.124098859487857 0.0046726618682772
-0.186903906552225 -0.084496209095424 0.0244414192801097 -0.0201652578349045
-0.117904630911431 -0.168453479679738 -0.00173233092292008 -0.106802375021782
-0.00150416106979734 -0.18326714333568 0.0265731199937727 -0.216675548181404
0.0529123432701227 -0.169560281891564 0.138477849428347 -0.295339678719715
0.147286345569079 -0.277120009783012 -0.0130810637374376 -0.205297040138998
0.137909547933393 -0.265038465895102 -0.019153091853925 -0.148524062871586
0.0218983950870651 -0.304625344717411 -0.0194676467792507 -0.0170550424205835
-0.112357035364285 -0.271195857110847 -0.0141575962156922 0.0527767115447465
-0.201815468989449 -0.143443737836826 0.0911829068584949 0.0855349732285337
-0.223677374176197 -0.0445109825489897 0.156723076820059 0.044727769134023
-0.225322862847381 0.0545007854350669 0.169314645042907 -0.0162269334849963
-0.183683311409482 0.101540062573388 0.143328430766524 -0.0439662731773452
-0.189095124464223 0.128434675006236 0.133922724330267 -0.056501943883298
-0.214011897895045 0.0761352128570064 0.121192318303165 -0.0250964937230541
-0.236324062526064 0.0280297202197477 0.0800726539047702 0.0131154766424066
-0.278981125392665 -0.0998701009833587 -0.00562901380770794 -0.0107015884447714
-0.204030211703704 -0.22945631700833 -0.0266847637463956 -0.0933504118483226
-0.0392289717340935 -0.287690285486789 0.00377343471051538 -0.181575539936563
0.0673174514567103 -0.299839081813264 0.0954289246837605 -0.238264114881075
0.161383949294409 -0.363170767243368 -0.0650207710026551 -0.0999755561112844
0.153688679674172 -0.351973139669866 -0.0428495330251096 -0.0759277793796698
0.0185523495615651 -0.398452470037915 -0.0262296531945309 0.00856815367469082
-0.148307086666699 -0.357899788102906 -0.027692988655691 0.0523172477463766
-0.262673420814217 -0.196590652957753 0.0516504986924273 0.0645517803995412
-0.288560653917029 -0.0645599709607881 0.0829727890472012 0.042259965579153
-0.288465444222991 0.0591838643779724 0.0872003573677706 0.00491024613012309
-0.228833962535465 0.117867086450119 0.0625342308070151 -0.0080851599442681
-0.228360609665026 0.152547758802815 0.0572881318448611 -0.0169819165701526
-0.25612713589018 0.0923320328597344 0.0511245740636797 0.00931848305865331
-0.276583631142269 0.0386816408891388 0.0272728164653557 0.0289601516597505
-0.326648679798031 -0.100500055301167 -0.0320249473113285 0.00645786650459248
-0.256433480683914 -0.251641436704063 -0.0398272287374273 -0.0642969577074409
-0.0721651126961252 -0.342481023759647 -0.00355257219961981 -0.118627576991452
0.063943853544428 -0.379782327771591 0.0576393049065319 -0.137531698924564
0.146885058932997 -0.399828291466211 -0.122946292326793 0.0241762955339628
0.133731273325172 -0.392275958653079 -0.0743739403804804 0.0204628011458407
-0.00614965637121468 -0.431583016125853 -0.0325212972213485 0.0423140951222172
-0.175213488489975 -0.378497262117693 -0.0393741972396923 0.0442668444326157
-0.284604689798323 -0.206492194358801 -0.00387512774479303 0.0298674723017894
-0.30715857246839 -0.0664426013483633 -0.0107489734730784 0.0312941174680456
-0.305470701743036 0.0595326210284448 -0.0123715633913572 0.0250455330078699
-0.239414910296357 0.11727466664454 -0.0267760109900845 0.0296073626294262
-0.236235409747631 0.146638412716212 -0.0231117422355066 0.0263096131761608
-0.263027781280143 0.0843597317205623 -0.0215017532641615 0.0464373039302591
-0.274231644023977 0.0270338691323432 -0.0268296701564777 0.0450230477350547
-0.313818728497096 -0.103779141439322 -0.0528791044994107 0.0218608853363188
-0.25486369318015 -0.245884621965341 -0.0412924610758081 -0.0319858030530328
-0.0810092183871015 -0.343356918557199 0.00691669840590021 -0.0444575213676716
0.0566589501851941 -0.400103426648871 0.0306930690047597 -0.016937405279132
0.105981627601251 -0.371740981250624 -0.172407618513509 0.148069696166678
0.0813880812204634 -0.359581332300734 -0.0989037158436318 0.120992826154559
-0.0367147553205597 -0.376790185048724 -0.0359517440655525 0.0729461656746714
-0.171527793411531 -0.315310877733709 -0.048993546792347 0.0302979238595164
-0.250293155056048 -0.170242648715875 -0.0655240856737782 -0.00514221325344807
-0.269323141633345 -0.0532067172826243 -0.106824326693314 0.0218918535706703
-0.271608215586441 0.0523665742560896 -0.111826752766603 0.0466858577512979
-0.214527798293544 0.0969354024221173 -0.111984382471557 0.0626743189771738
-0.212462776421207 0.114796122090749 -0.0988740900381604 0.0608113456736981
-0.234417363759276 0.0525893177653528 -0.0882866253359324 0.0694629382583991
-0.231441266987515 -0.00380696058422324 -0.0765225252837272 0.0477468320016392
-0.246538867509305 -0.110838560717623 -0.066638670849382 0.0249124824367775
-0.197763516251087 -0.216372959739535 -0.0367849175526768 -0.00628597278159847
-0.0608418869779044 -0.296420916901309 0.0209639216867826 0.0267831993903909
0.0515559817729501 -0.359772332734262 0.00984565694241667 0.100081604389722
0.0459751890441097 -0.278924078567353 -0.195280238955353 0.24666959147795
0.0152425376393309 -0.255086314680399 -0.101930070772975 0.201743652252325
-0.0550131424691501 -0.243479918318384 -0.0326106893778883 0.0922889732957552
-0.125762338984524 -0.190078923547089 -0.0536194645527043 0.0177943905114014
-0.164753821135487 -0.103288108428127 -0.116638724510651 -0.0258234004760343
-0.183256012371682 -0.0333631030922251 -0.182474181257679 0.0211196881509067
-0.193510250839219 0.0343712977778632 -0.190032690371827 0.0671168207309584
-0.157235157704441 0.0608124890915831 -0.180215062380531 0.0852989779610604
-0.159436228056962 0.0659648805935374 -0.162788725085362 0.0774997324470822
-0.173253760793449 0.0142094456911152 -0.14450181783895 0.0681842044526315
-0.156737721203755 -0.0334279810113929 -0.113632017777252 0.027247706442766
-0.147415919892911 -0.100529255590519 -0.0708066687150391 0.0123303974981869
-0.114470257584939 -0.156591606191226 -0.0300510502757712 0.0107328310810289
-0.0332844201884277 -0.210918952246858 0.0263090983751475 0.0873507641182549
0.0394957859510684 -0.269659423921331 -0.0114175365046586 0.20035950559232
-0.0109015506570124 -0.137143546542733 -0.188691885127197 0.30261044502873
-0.0326498689146354 -0.10156229979073 -0.0812521112042329 0.249045176297757
-0.0393178285550866 -0.0738131299127548 -0.0221645453034095 0.0993188698518831
-0.0409008943119011 -0.0531382866908664 -0.0503621156780368 0.0102915860133775
-0.0494349799835037 -0.0421102950005413 -0.146063086145657 -0.0287995573093695
-0.0702327659189197 -0.0230535449082109 -0.223763765360636 0.0287517074963786
-0.0886586275742535 0.00217214501435065 -0.234155973215917 0.0836211147884484
-0.0762098477817687 0.0150235426275299 -0.221048406483332 0.0942509701735878
-0.0806218106398234 0.015949722337363 -0.206736180619662 0.0749438428925935
-0.0860570456048026 -0.0108769564068268 -0.180107313110664 0.0428154896857794
-0.0661750549958827 -0.0363412926490942 -0.130823641919179 -0.00996089857124005
-0.0488985999525769 -0.05464515172772 -0.0619827886940848 -0.00973866890122179
-0.0419982367203185 -0.0665252509040658 -0.0220300163716527 0.0213610790817122
-0.0221833436325377 -0.10255201900895 0.0189707116748765 0.130834463771947
0.0121451104871226 -0.148690471078875 -0.0328879373185897 0.269575575160857
0.0671791284073196 -0.0114845254711278 0.0214474043082188 -0.338656723951355
0.0672015519716293 -0.0335135144778747 -0.032188875685512 -0.213715932409077
0.0182225955168791 -0.058988047863483 -0.0111259123911691 -0.0349758944959703
-0.0231568117542969 -0.0459046491360896 0.0247429273261824 0.0325009104000009
-0.0376388870874947 -0.00854733663262132 0.137457546920003 0.0655477717732928
-0.0282157772296714 0.00431309690276513 0.225177958658876 -0.00122197200882121
-0.020662863817337 0.0244902510145759 0.245690958935913 -0.0694931929175608
-0.0201735264635403 0.0321673509686139 0.237711091910784 -0.0966435876240881
-0.0274485237784758 0.0391183947903201 0.239215020302563 -0.0967115623838279
-0.0390786819472969 0.0299397806497871 0.221486689801019 -0.0553726673661012
-0.0623040613355799 0.0169560679775389 0.161039637327011 0.00526858033852487
-0.0766925563438424 -0.0343766939557962 0.0564101009505936 -0.0166120254914131
-0.032658091138003 -0.0660315094513401 0.0293050095684468 -0.103581835042392
0.0138636228974312 -0.0433497442205024 0.0607978734841302 -0.224750655142503
0.0168540745935065 -0.0148957348377444 0.181104362553057 -0.31097472558971
0.108982369126792 -0.157582579515635 0.0182207369865428 -0.293779872082767
0.102118948102025 -0.158097135124419 -0.0161049450538807 -0.197562534925217
0.0146185203412264 -0.188990194823782 -0.0150955614030861 -0.0306355378631413
-0.0769045814116125 -0.162433297253964 0.00291824631613033 0.0486024677510448
-0.128680916796601 -0.0745786085610528 0.121237888989137 0.0882090153235289
-0.137225058343022 -0.0149538477049662 0.209083610652524 0.0297069071185692
-0.132329408894651 0.0472258849149024 0.226400145228221 -0.0436413275076794
-0.112411904792687 0.0751514552919783 0.208975379425162 -0.0758528004504074
-0.12239521475467 0.0901783755058875 0.200212885847368 -0.0863443761218581
-0.143725558661445 0.0527071513157229 0.181458585423413 -0.0485757633164031
-0.166311167747062 0.0151658762767338 0.127474012427344 0.00400771910580974
-0.193572822619293 -0.0865315582959264 0.0253121986364113 -0.0200708506607062
-0.122486208447286 -0.173400044063052 -0.00144103565402557 -0.110837602323612
-0.00249944006601258 -0.189458064124229 0.0278748094228546 -0.223935164631727
0.0537750748927765 -0.174996531361915 0.140351108825705 -0.303993255579357
0.14805737390512 -0.284726165229037 -0.012067944887382 -0.210846884910913
0.141004759637382 -0.27304298108481 -0.0195231649896134 -0.153131377255197
0.0217462766207428 -0.314530703779839 -0.0212191471995205 -0.0174449932678421
-0.118549463506496 -0.281254789259374 -0.0154575315660761 0.056266136792213
-0.20920360406421 -0.148281040093909 0.092960075873351 0.088528978503876
-0.233632192424418 -0.043931675459065 0.161904483942561 0.0455676031006359
-0.230746977277758 0.0581162770646312 0.170848233503175 -0.0175689663412254
-0.188772382426265 0.106965865775413 0.149398015873221 -0.0445014505426578
-0.194281301069474 0.132897250984628 0.137508468766542 -0.0573662823235256
-0.220855636783522 0.079691676408749 0.123570055089759 -0.0263825762238878
-0.244298220769574 0.0289863617999889 0.0822486506838129 0.0126430233415972
-0.288960658243094 -0.102118106638551 -0.00665100030089907 -0.00970717014469546
-0.212024958838476 -0.236907336990175 -0.0278809499105832 -0.0959713158036307
-0.0420733088456729 -0.298010847914778 0.00395385668955744 -0.187499080091372
0.0672658581648271 -0.308946234055092 0.0958765810763152 -0.245103211783295
0.162314469357915 -0.373337680163771 -0.0648781090924208 -0.10285619127239
0.157583910603125 -0.363350321404947 -0.0431114315901071 -0.0780573539096582
0.0176937060683175 -0.411568163900135 -0.0281179387377163 0.0093363075398147
-0.15683631060875 -0.370545327687438 -0.0291987183172929 0.0556106195778152
-0.272265043374143 -0.202139568323824 0.0519017737863686 0.0674239500948983
-0.30112860244267 -0.0639438587157651 0.0865719515279854 0.0441389497747022
-0.295872907570262 0.0639252281227187 0.0858777769032151 0.00480183381877295
-0.235147463393013 0.124232418501431 0.0660574180319615 -0.00722168433045646
-0.234868971692689 0.157322953307142 0.0585665987569224 -0.016257287021403
-0.264570892486307 0.0974828056434936 0.0526171258102489 0.00966885491016597
-0.285948981878746 0.0397861499779265 0.0275356301895641 0.0298160078908074
-0.338043294563702 -0.102919490544542 -0.0344207591697177 0.00761499049444425
-0.267088687959734 -0.258859097798449 -0.0419788611741184 -0.0661358132044983
-0.0766293266910369 -0.353731510157783 -0.00199217081844464 -0.122729715020281
0.0634450824083385 -0.392459637622908 0.0571102597258559 -0.140879518794069
0.147329205436003 -0.410202114867276 -0.123210287792932 0.0251358486985877
0.136639912477433 -0.405622518067431 -0.0756539641188077 0.0212393941579754
-0.00759163157395574 -0.447497557442825 -0.0348390269973273 0.0448129819241349
-0.184732807326943 -0.391967008696547 -0.0410233985621895 0.0466569912608597
-0.295434061777787 -0.212813119040268 -0.00503881492016104 0.0317408939837257
-0.319893786245482 -0.0667017809089564 -0.00968068455926233 0.0335455893441247
-0.313257868195995 0.0646168159424111 -0.0167866916393045 0.0261527852877933
-0.246606779869589 0.123553918367063 -0.0265566465229289 0.0317409828540841
-0.2428048961185 0.152572753411878 -0.0246080661207571 0.0287640248762603
-0.270900059874578 0.0892494140349588 -0.0218353777144841 0.0479723364190964
-0.283755541264673 0.0280558313550876 -0.0288842500196058 0.046860961661672
-0.325227366695266 -0.105865119112334 -0.0558211391121419 0.0235957446272049
-0.264035956915291 -0.253016839268375 -0.0434140440959467 -0.0323284989348902
-0.0854285605956522 -0.354250138789244 0.00820372648661872 -0.0459114011883493
0.0558528580895931 -0.413517392774232 0.0308111874839583 -0.0157881342324252
0.105265226500088 -0.380810881059411 -0.17461644945845 0.152786211151489
0.0828307755819502 -0.372086406549041 -0.100808827927164 0.125210357809433
-0.0392039377181083 -0.390878396006489 -0.0382205198387252 0.0763253036202522
-0.180731371499473 -0.326931348462574 -0.0507164127274173 0.0323211605790176
-0.25969791988867 -0.17545219418096 -0.0687305509276614 -0.00408684353309334
-0.279823179998083 -0.0535283292197844 -0.109395188793889 0.0243319626893158
-0.278387168870554 0.0576963903973757 -0.118194215955686 0.0484209541189826
-0.220482088595477 0.102413611179162 -0.11490601586208 0.0654291099955917
-0.218425473981411 0.118465171263094 -0.102164273210433 0.0633420507131528
-0.24185741264895 0.0567382638625421 -0.0900875296566287 0.0720164166414822
-0.239733709244365 -0.00404365015175044 -0.0798793581765 0.0494392653800576
-0.255895992228807 -0.11233874761671 -0.0698125177748294 0.0264578981812226
-0.20534789797195 -0.223091963848154 -0.0385460105382425 -0.004832837070241
-0.0650779298922034 -0.30597264724507 0.0225761699261902 0.0277109598476345
0.0507098619680297 -0.37208847277028 0.0102490136505092 0.104696296892214
0.0452256982720766 -0.286408507723034 -0.198403324750575 0.253605780275893
0.0155098093576467 -0.264360779335565 -0.103421693718639 0.209434265441631
-0.0573127329653385 -0.252713801795145 -0.0343110503368452 0.0961683061692379
-0.131690627766181 -0.196714295877666 -0.0555186790108833 0.0183958322680652
-0.171118262344952 -0.106949256919656 -0.121358231030611 -0.0258155966191738
-0.189118662882495 -0.0342122112342993 -0.187462170240315 0.023553810535326
-0.1980875414535 0.0382850726345924 -0.197563348282726 0.0689199664819154
-0.16112087169659 0.0648823399335053 -0.186612866692478 0.0889464807206936
-0.163769903566842 0.0683972169987516 -0.168770113989546 0.0808803142296167
-0.178839123634428 0.0167677888062673 -0.147798781003227 0.0700637899007874
-0.162626692880113 -0.0343294576356922 -0.117953438218223 0.0285572857925722
-0.152855811466541 -0.10220982663909 -0.0736248853635366 0.0129346753825584
-0.119333769118595 -0.161154920165497 -0.0313868180061086 0.012868689225483
-0.0356680701842359 -0.217220263650028 0.0278082195199485 0.0894510390194668
0.0378614581607646 -0.279134693945652 -0.0118623330599839 0.207427850353008
-0.0120219953673603 -0.140857311079336 -0.192679329272296 0.311129017552378
-0.0333731003040086 -0.105398345876994 -0.0822330138425185 0.258050401353775
-0.0411594361148068 -0.0774607916357291 -0.0228339403652774 0.103243064503956
-0.0426433762157352 -0.054502077974089 -0.0519218439311547 0.0105913626069051
-0.0507789610286074 -0.043734228023449 -0.151249948687882 -0.0292781542255491
-0.0724544051259917 -0.0242119641504893 -0.230194088902153 0.0317302754711223
-0.0904633909064368 0.00482143421674472 -0.242358210302468 0.0861594584183101
-0.0787806418094039 0.0168576503092799 -0.229859162148798 0.0982492904174204
-0.0825677817479299 0.0169681050116541 -0.213599545094392 0.0772784677554857
-0.0889493690428824 -0.00979248897064372 -0.184535003967449 0.0439637385033382
-0.0695363021717877 -0.0370057867503839 -0.135473562861605 -0.00988764671555205
-0.0511430246983792 -0.0558278890516727 -0.0645567770288415 -0.010146564879172
-0.0444474415273258 -0.0692969398370038 -0.0233087834859101 0.0235567481359505
-0.0238006246718372 -0.105562549915195 0.0206742105225863 0.134709432519061
0.0111978102845924 -0.15525118442093 -0.0332150865715807 0.278224097523711
0.0620172318231093 -0.0219698083133155 -0.000318545655578396 -0.346562600280034
0.0605832291129158 -0.0420635843998837 -0.0481404468933949 -0.214556566641639
0.0112914401481819 -0.0622709985722998 -0.0101996770422445 -0.0324429005184298
-0.0294632715696867 -0.0447405339419982 0.0314637087265311 0.03154007149695
-0.0370469155534143 -0.0058597131780994 0.147610501503134 0.0527654187701416
-0.0275132549953347 0.00505376519794258 0.231452307124692 -0.0224257050616105
-0.0174213133292455 0.0249559368743084 0.247151120013139 -0.0958706715716523
-0.0173292774670567 0.033357665951853 0.239446882148082 -0.121928408993864
-0.0234717817782015 0.0435872054738587 0.244072397096959 -0.123237671858741
-0.0376614730766919 0.0366692562172414 0.230236206863206 -0.0784997275772361
-0.0627169626662479 0.0256644503216004 0.172996723928228 -0.00984360716776577
-0.0830826691514172 -0.0258210047011952 0.0630886427137219 -0.0227742539511797
-0.0390967868372534 -0.0637293059805132 0.0251440901356873 -0.11087355844505
0.0147510363420508 -0.0439823701171459 0.0446441612441583 -0.244188479298758
0.0207991669004958 -0.0138573914293016 0.167450022005743 -0.339849020585365
0.0855892128872317 -0.173507243661908 0.0114629279939004 -0.295919853516702
0.0818439314092082 -0.172530159301668 -0.0225299441957674 -0.196825672479469
-0.00890165641514543 -0.194901949453371 -0.00216832471859923 -0.0266705902718778
-0.100196035037758 -0.156564914126183 0.0209928537404763 0.0484370990269082
-0.137746445625225 -0.063317523737424 0.137574500658486 0.0719417328626343
-0.141236623932767 -0.00338688483242699 0.220039429255489 0.00610647893726961
-0.129898600700976 0.063816828096905 0.232493348196653 -0.0745597588267976
-0.107785385329747 0.085479708147076 0.210434950049214 -0.0984368789953688
-0.115672394124615 0.106702861172649 0.204602735156467 -0.107230413041492
-0.143886062423866 0.0717708244401049 0.191279196764734 -0.0702606205642639
-0.169475403662986 0.0338299578141077 0.138669231616324 -0.0106298053490774
-0.210166948604985 -0.0668064421173955 0.0334573138682086 -0.0239026398034454
-0.143236637360726 -0.167157562684657 -0.00316985582809197 -0.111781868145647
-0.0167863368230839 -0.197674385705805 0.00530776067811177 -0.232517409761638
0.0458989900258706 -0.188318623836199 0.116226144854676 -0.322118537744889
0.109441923637984 -0.304177344960493 -0.00368698668311965 -0.205065892399828
0.108845503493938 -0.294076641080547 -0.0144346802313699 -0.14767061145558
-0.0167101855801221 -0.32424278931923 0.00363219659773393 -0.0106220227418843
-0.159229632913345 -0.272643809294664 0.0146597700645678 0.0566867721232337
-0.228637552267729 -0.128713916025902 0.113343511779856 0.0700452702171427
-0.24344670934422 -0.0227422858363795 0.174558489688694 0.0218306698577919
-0.230220066147053 0.0888276646698399 0.181293443939537 -0.0478668010090268
-0.182651522445511 0.125421577497806 0.150100784007328 -0.0613251789333057
-0.184287161021927 0.158126715453787 0.140173287943308 -0.0715280162801659
-0.220869172268892 0.108133655569857 0.132646130545395 -0.04201139364202
-0.248729793022322 0.055702179789237 0.0913715965431745 0.00188286259556153
-0.31094927142818 -0.0722000201901622 0.00300620296145072 -0.0119854995412328
-0.242769190816904 -0.223747879157177 -0.0258880677259017 -0.0921988009145489
-0.0696042464035922 -0.309303205019142 -0.0176308214522755 -0.184143542400049
0.048372766333045 -0.333648691796402 0.0679881140101736 -0.249408185059161
0.115331553761893 -0.393687513370675 -0.0438832241964816 -0.0885265136326982
0.116178459269779 -0.386947717028822 -0.0273791129472105 -0.0667492877545099
-0.0330396458776073 -0.424225545844315 0.0066589861812975 0.0179602219352219
-0.210252687594299 -0.35837041429783 0.00804184572043298 0.0553124157097648
-0.300098704901842 -0.177348928171572 0.0722053346188053 0.0474648970232081
-0.315373202752277 -0.0360040663270374 0.0985099437192016 0.0235804163451409
-0.297195992602224 0.10365725525596 0.0977399539480384 -0.021418677444877
-0.228947426540981 0.148262571235747 0.0655640382941551 -0.0154521520001564
-0.222131112278839 0.18806552416019 0.0609303986047856 -0.0209914162512653
-0.263918932644505 0.130676897416531 0.0600459314204685 0.00132964244600734
-0.290378768062522 0.0704043540757334 0.0351497676566047 0.0245386949158141
-0.361860439940865 -0.0672752998944857 -0.0239209028548449 0.00889133192546539
-0.302778600223582 -0.242069557304675 -0.0359998529837664 -0.0574816507607608
-0.112813368371297 -0.365381763584554 -0.019680500262819 -0.110106502750512
0.0344672169355438 -0.422770009421885 0.0315030992765336 -0.13210145508474
0.0977425332098406 -0.428047062967308 -0.0941765143019476 0.0455509590504702
0.0927305168682976 -0.426390395099528 -0.0504829701091732 0.0368865009802311
-0.0634837257147032 -0.45765244675676 0.00670719446068491 0.0530146595810719
-0.241902318217428 -0.376574425562646 -0.00229773817298722 0.0445416137686695
-0.325266612232055 -0.186000033737686 0.0108071517571336 0.0134966954803896
-0.33566803253767 -0.035700807979234 -0.00114972436954712 0.0200004242555272
-0.315629429074034 0.106877960172993 -0.00631869863039496 0.00914502143227155
-0.240616577065386 0.149057408884638 -0.0283218224489821 0.0329966959438877
-0.231285191084888 0.183285840167939 -0.0238157463339718 0.0330318690372937
-0.271560526939218 0.122568748181478 -0.0149668042603328 0.0484607702476353
-0.288686996688865 0.057650342412965 -0.0232903363720726 0.047264201103119
-0.348915355976224 -0.0725320023441275 -0.0457939714548351 0.0272183438128188
-0.300638771667176 -0.236215469014913 -0.0348038339379442 -0.0213913530591049
-0.123605105903247 -0.365552074772304 -0.00185184469901855 -0.028913980187137
0.0227709041224806 -0.445744658738338 0.0113466015727488 0.00290866101250707
0.0610960423418122 -0.392043482605363 -0.14184573691183 0.178177823912376
0.0429001138984056 -0.386207884520458 -0.07116305037518 0.143872387850897
-0.0879460005610212 -0.396304663164767 0.00102058800402396 0.0829681021800197
-0.229155011166927 -0.310973729577838 -0.0189515793889599 0.0293095861240357
-0.286165795720125 -0.150921091097318 -0.0605243846359293 -0.016069928533351
-0.294676239201133 -0.0257840360735565 -0.105691253260697 0.0204110262747275
-0.280286648264302 0.0960776959418096 -0.109739175651576 0.0434912987710388
-0.216315705856196 0.125998308129965 -0.117528368994413 0.0768774339908254
-0.210510943223099 0.14640491219709 -0.102998765292067 0.0767965921583421
-0.243925199149694 0.0850871859990798 -0.0856457889155673 0.0802497824295944
-0.246866933330813 0.0201051891936477 -0.0769171995558997 0.055553909748869
-0.277576963122487 -0.0883735134216451 -0.063028971787671 0.033538323592926
-0.23706632452913 -0.210993860611245 -0.0299778501881893 0.00729104820152839
-0.0993990427395915 -0.316331816540753 0.0208866126536473 0.046015493252042
0.0188287722928001 -0.401329118348935 0.000104043249494577 0.129792600804471
0.0127840368230841 -0.288906535373057 -0.167556101261945 0.278848682737547
-0.0121571408491045 -0.267865817173507 -0.074885946725803 0.226360883658421
-0.0901878824307805 -0.252242575668665 -0.00521919207844268 0.0997954757839958
-0.162065725203162 -0.183368826517765 -0.0368437540613333 0.016168226954018
-0.188911109669857 -0.0903626979800727 -0.121271866578788 -0.0278222506853631
-0.200722895444174 -0.0135371822098907 -0.1880508222359 0.0303623705933681
-0.200179656242309 0.0670192415119322 -0.192174940653212 0.0777296735384602
-0.159261486808061 0.0830478530950867 -0.189385854120906 0.108404132542388
-0.159645188120407 0.0889034886227909 -0.172333479087252 0.100442565381435
-0.182254667262355 0.0362925989482021 -0.148003480452586 0.0840351941859474
-0.170855200750219 -0.0192445111911211 -0.119987226647173 0.0382208033729052
-0.169836625901518 -0.088978033782914 -0.071454888951906 0.0204958018975334
-0.141018973296543 -0.155890023272298 -0.0254919600287487 0.0234387781949882
-0.0604013364365557 -0.226592654099523 0.0326444690146176 0.105656293400097
0.0120240357307525 -0.301988187239535 -0.0112935386861586 0.234900597456354
-0.026276685705459 -0.136145143131253 -0.169535693085 0.332795661441455
-0.0420738026168217 -0.100627430117297 -0.0595094410091762 0.271673964132471
-0.051428092614219 -0.073813448177317 -0.00769952274937689 0.105651226064127
-0.0514002058319575 -0.0495953502882678 -0.0471294696033818 0.0112266785649938
-0.0588362412499393 -0.0376621921472036 -0.156653508160284 -0.0207418535514486
-0.0787187731475905 -0.0144156138392156 -0.232569467856506 0.0476663847433895
-0.0936513602530785 0.0189806727744827 -0.239011184389218 0.104969631011746
-0.0792420490135553 0.0266085465340775 -0.232171051457443 0.122699945297759
-0.0827467678244624 0.0267338678411358 -0.220589714473947 0.101104352434561
-0.0919573458763266 -0.000784441208463665 -0.190921251364355 0.0604885186348691
-0.0748395056143158 -0.0318375187778786 -0.143402064502816 -4.68187657809394E-05
-0.058750512302521 -0.0520003338001154 -0.0673748123219722 -0.00487805954898603
-0.0542930382480174 -0.0680094788693396 -0.0198853516125141 0.0311514447913918
-0.038270421136608 -0.10990445559448 0.0317945186501938 0.148143095997414
-0.00672612966859089 -0.167471094923389 -0.0237952334668805 0.3056785950831
0.0624025282031193 -0.0261130669807416 -0.0206927693054482 -0.355235904445816
0.0600691187250633 -0.0460943705385959 -0.0640660356012466 -0.217046595738686
0.00795286498232113 -0.0648767330837418 -0.0120920467265953 -0.0320188539548473
-0.0341609076503512 -0.0449880393360044 0.0341330780370378 0.0319127142634239
-0.0391873988203184 -0.00342642949711712 0.15429905376871 0.0455008369248557
-0.0291148853285918 0.00788927455414046 0.235153377694885 -0.0372644055182334
-0.0168282174483717 0.0263364008773511 0.248086804136902 -0.112131751911618
-0.0149970968426749 0.0346429903404827 0.240761145209977 -0.139460022764917
-0.021545926764475 0.0466705951453613 0.244035807435573 -0.141030367998974
-0.0372165034467562 0.0395297129005155 0.231050976029389 -0.0941966912972915
-0.0629385249742358 0.0294681982027519 0.178236884018394 -0.0208927344159
-0.0871197790997172 -0.022025587417339 0.0642801268568908 -0.0266022125542989
-0.0434498594791621 -0.0630705204078867 0.0194513328580893 -0.116950650804166
0.0131746649316255 -0.0459765354312734 0.0312797643608531 -0.253894484921626
0.0214408756022098 -0.0154191369115314 0.15078223280547 -0.358006641350906
0.0772721714009027 -0.182366768584546 -0.00415005228130152 -0.304438916104238
0.0738715559558768 -0.180846737819895 -0.0352415332857051 -0.201090963296533
-0.0209225949327912 -0.200737132866206 -0.00380182275061026 -0.0264256691388204
-0.114425690735254 -0.155262015253279 0.0242680713227628 0.0497297895560878
-0.146096324402045 -0.0566745735905955 0.144704936575102 0.0665986019578655
-0.146692180099564 0.00635117373607687 0.225772758712581 -0.00744834538929273
-0.129501475669138 0.0727437818650473 0.232141069517528 -0.0876133825552616
-0.105037829066521 0.094495979580199 0.212021074829991 -0.11350786182022
-0.111894963288343 0.117206954442273 0.203838111306195 -0.122308031779595
-0.144242625506964 0.0828273370313621 0.191075656499208 -0.082845681632453
-0.173511632588527 0.0442834340104248 0.142056524774358 -0.0195092300229869
-0.220931259648152 -0.0563015552264824 0.0328431948095522 -0.0257734258055738
-0.157072235858628 -0.163637801947709 -0.0102563606405466 -0.116301616976245
-0.0286894215265682 -0.202581910899044 -0.00770740174125443 -0.239788795460588
0.0362057996601022 -0.196240671472564 0.0997926208229282 -0.336930410232716
0.0933108920184676 -0.316287182464118 -0.0132976289554654 -0.211343294772689
0.0948473256940224 -0.307732137165906 -0.0235384138048064 -0.151949838537476
-0.037199756102932 -0.33382058294429 0.00275882077127593 -0.00973491917038002
-0.181693457430832 -0.270392519091948 0.0177469673515407 0.0585447354835407
-0.244655666974007 -0.119646374811899 0.119405890620777 0.0670066771372723
-0.253940507486682 -0.00623828925092801 0.181826001899326 0.0126152321568118
-0.230522998419808 0.104741143433021 0.180626951532365 -0.0568167478297573
-0.179621982449027 0.140493239187756 0.152070274968928 -0.0719968171801101
-0.179154669504039 0.174577227505596 0.14064109132274 -0.0813238625962561
-0.221821290815474 0.125318687198041 0.132685669428151 -0.051226198987478
-0.253850705705573 0.0715253551674841 0.0941550254686072 -0.00274003519647966
-0.325846785955431 -0.0548294809151076 0.00210108183170672 -0.0114428764001522
-0.263889912773707 -0.216208274481914 -0.0326194234561971 -0.0941286819433619
-0.0906235070204424 -0.315741052846148 -0.0287983330902115 -0.189397719286575
0.0289694988293424 -0.345939504558948 0.0534658278939779 -0.258845582481752
0.0935727902969637 -0.407902470321503 -0.0478110959039161 -0.0897337466487423
0.0981234459392663 -0.403865440785964 -0.0313948336310468 -0.0686467116497704
-0.0605178961893415 -0.43532738711736 0.00826147235070363 0.0192333555065945
-0.239602386334846 -0.35653096922522 0.0110348134115245 0.0571812878384951
-0.320252409857117 -0.16542384887454 0.0758309621660674 0.0456589990266703
-0.32908229999682 -0.0156363675717174 0.104307265730092 0.0191257004849079
-0.297587173224133 0.125100365240002 0.0950725280417365 -0.024252104118147
-0.225376174691173 0.166912655118348 0.0682859925288126 -0.0197616203485055
-0.21713901712245 0.207278679093671 0.0617041550785348 -0.0244433218370235
-0.264189409835343 0.151951086591523 0.0612994151377619 -0.00209933024405277
-0.296022251744006 0.0891814180423618 0.0365145870683685 0.0238416194599349
-0.377487483429952 -0.0463574509157828 -0.0245955832806591 0.011608712049472
-0.327672338553365 -0.23082395284101 -0.0409183185543486 -0.0571312548713448
-0.138860341393744 -0.369874824490884 -0.0260279272621806 -0.113585445776787
0.00883648655455935 -0.437553550797813 0.0237649221472542 -0.135888923745698
0.0746027213830671 -0.441563821144637 -0.0919732150373802 0.0511680893634254
0.0718811618016384 -0.44406285508416 -0.0492523809369056 0.0399485316194228
-0.0936093553528341 -0.469166416487007 0.00974900078724551 0.0559396390325936
-0.274129395889676 -0.374647011960502 -0.000101456810668951 0.0470603569816917
-0.347358915221036 -0.17236091912425 0.0112605563105445 0.0151638367525481
-0.349989239896282 -0.0146440018161239 0.00198463885208011 0.0210527471081455
-0.316023705241819 0.130105602603373 -0.0100220029928838 0.0130501337234482
-0.236857384058253 0.168416233957449 -0.0262333606615905 0.0356794540391673
-0.226493417442764 0.202486838501873 -0.0217462092109138 0.0362722784629011
-0.272148772065292 0.144334136765 -0.0127791486801921 0.0504495103984978
-0.295959840870732 0.0762364910597882 -0.0219529332632631 0.0515653266230828
-0.364674461237962 -0.0528826359645216 -0.0463273131988047 0.0322870426927821
-0.324908525877354 -0.224495438863957 -0.0368593913610649 -0.0195878324465849
-0.150262385219723 -0.369200534139325 -0.00309781835928107 -0.0309553583129944
-0.00561693748131538 -0.460375005009409 0.0113538480654528 0.00395242990383306
0.0387178171549629 -0.403604108547984 -0.134078261408323 0.18882647856693
0.0228719772270347 -0.40011672728078 -0.0636071644904457 0.15086248152939
-0.115574840314147 -0.404139986612813 0.00588949660319386 0.0868843894016938
-0.256876055943683 -0.306740521532129 -0.0180822042719625 0.0313412825009765
-0.305282061117435 -0.139437743337782 -0.0641404479858045 -0.0115220132051863
-0.306789784856442 -0.0076016828539304 -0.105384134783807 0.0280353170629049
-0.281248735912595 0.11683798242612 -0.113886922101051 0.053559396337607
-0.213381381455055 0.144091585181968 -0.115898088142347 0.0863810997943044
-0.206800967614329 0.16337314565195 -0.101793237404399 0.0855880697682965
-0.245702461029094 0.104110387314025 -0.0838791328959833 0.0869053444371007
-0.254186415011524 0.0346139264284062 -0.0769879370689598 0.0630260274318837
-0.291930476058421 -0.0728536774845708 -0.0633202075227952 0.0390960879839401
-0.257625224269866 -0.202524447827048 -0.0306016157127786 0.00971560403079548
-0.121248815863096 -0.320073327083023 0.0243144504625199 0.0449657709809371
-0.00736330146669379 -0.415550964452593 0.00736046218638657 0.134827114984861
-0.0036647715521311 -0.296151100279533 -0.156306078777879 0.294348444966253
-0.0270517336989849 -0.275636395484892 -0.0620353573923409 0.236132297286593
-0.109031454361034 -0.255386675000499 0.000741146583063193 0.104284525818311
-0.179942583100905 -0.179933930240882 -0.0371826261070958 0.0188864195999611
-0.200300724811037 -0.0829245472185991 -0.126807315703081 -0.0204674435631696
-0.208188479462765 -0.00172680549142066 -0.190135272016957 0.0426280240486976
-0.200029743941927 0.0825364711177961 -0.196437584868097 0.092528789152134
-0.157872553564104 0.0956869079245589 -0.18879025058831 0.12302799000119
-0.158739169720339 0.101044060688694 -0.171347388945722 0.113167082935061
-0.185389152995146 0.0503891421956365 -0.147284539557951 0.0946023335371394
-0.177698246781819 -0.010035235753889 -0.122315654819627 0.0472511003217714
-0.180577911408248 -0.0802884761123733 -0.0728852335541526 0.0251272874428307
-0.156179717058271 -0.151558816041646 -0.0241399433272999 0.0265607594111514
-0.0764532120332221 -0.22969810884694 0.0402948274008855 0.106046703998243
-0.00802421507044609 -0.312167411367165 0.00278956765275081 0.243439770750051
-0.0349784533410401 -0.13741599235177 -0.155751508350555 0.350071080798654
-0.0488395715360695 -0.101596133154022 -0.0437612105086738 0.28174589345803
-0.0579581204512245 -0.0738326789088282 -0.0015798971902955 0.109104901717372
-0.0558374154060958 -0.0481352894581181 -0.0482451816057892 0.0138671144492555
-0.0627431278578019 -0.036091835795379 -0.163298456773599 -0.0114331256095095
-0.0827098037818473 -0.0105907629382769 -0.235919147012805 0.0634195482366262
-0.094068443764162 0.0263984527854665 -0.241751268405639 0.122929572790542
-0.0791934550956496 0.0332625574387434 -0.232892142337892 0.140537372467046
-0.0837415068457344 0.0332160157623693 -0.221675873211555 0.116601744823817
-0.0950623839060742 0.00588231926236545 -0.192553429215686 0.072781602509018
-0.0797774187517229 -0.027760823279462 -0.148045735503477 0.00874202853265556
-0.063994094587854 -0.0495189150723148 -0.0701568660931548 -0.00146253585763066
-0.0609480153199593 -0.0667319416569556 -0.0180942623709429 0.0342377119464507
-0.0463893984445954 -0.110720545476322 0.0413422950451807 0.149539009896663
-0.0187416971216855 -0.172970698717502 -0.00563404982814363 0.315974737184252
0.0602604666736805 -0.0303613089981588 -0.0428570615287636 -0.351446091868216
0.0566295654328663 -0.049325081492361 -0.0785046899563384 -0.210667198656757
0.00360660360834588 -0.0657012859446352 -0.0137926516142701 -0.030339788312707
-0.037898390855816 -0.0426334706062529 0.0359777981162185 0.0302595618046746
-0.0399772411456732 -0.000588605540714026 0.156205345828093 0.0353536459073862
-0.0294533662709784 0.010750317052186 0.231419157323525 -0.0525038583747391
-0.0158189941283204 0.0262709045393619 0.239982844125647 -0.126905599136344
-0.0128094331310699 0.0353440426291125 0.232844355513571 -0.155308710313557
-0.0183508748943169 0.047695190889101 0.23396213229534 -0.156902126457024
-0.0348600336509654 0.0414534211701438 0.224084376473426 -0.108627170839892
-0.0608215521140459 0.0332237159069552 0.177303341853346 -0.0335467731071524
-0.0882227477631384 -0.0159663945530354 0.0632902911136677 -0.030574111995756
-0.0470172601325074 -0.060232690499942 0.0113863147642938 -0.119410003223009
0.0102545643434635 -0.0467313708637379 0.0153208181530787 -0.255784369727514
0.0213149725992529 -0.0167244404725518 0.125839626779128 -0.366631649278008
0.0642266848220157 -0.185051293126099 -0.0223925889362501 -0.302829585190566
0.062211504582064 -0.184085345650655 -0.0493759037665109 -0.198058389257767
-0.0347801420279986 -0.198474511958924 -0.00529136522656091 -0.025474400866642
-0.125981571637929 -0.146987430152745 0.0271160786899832 0.0492304962113551
-0.150896850789057 -0.0472963615377495 0.148427145568092 0.0583647414019461
-0.147046408926476 0.0185044854920009 0.225048937377421 -0.0224758164751031
-0.124486924975873 0.0812889397261691 0.225869375229257 -0.100305144828912
-0.0976926890563835 0.101010480005826 0.206034161092369 -0.12814381565586
-0.103604205278818 0.123994629671668 0.195610868260616 -0.134709187925142
-0.139346912582367 0.0924790316414677 0.184806761159091 -0.0948334758535492
-0.171416785603001 0.0552191607679132 0.14088872666187 -0.0284467051675393
-0.224783718923384 -0.0411288615019778 0.0318698065009072 -0.0278548369212158
-0.167831717176126 -0.153403256794135 -0.0183304858103627 -0.116582684626321
-0.0418721459265561 -0.201284205595756 -0.0228150084983996 -0.239987787907748
0.0229612661654263 -0.198673496477967 0.0758305179764719 -0.340625573604642
0.0717393111271782 -0.319183787259864 -0.0248179812623707 -0.210703902343734
0.0754584618443671 -0.311585056522996 -0.0335943886221807 -0.150444481524996
-0.0598838322719521 -0.331533144517159 0.00255936125636375 -0.00898403109101389
-0.201623949403777 -0.258379758334125 0.0209233193375594 0.0585249362165252
-0.252997233865078 -0.104083171533645 0.123351370898695 0.060881981671364
-0.254973689761896 0.0130187693502442 0.183471158515149 0.000468775563809968
-0.222541989386469 0.120352074199236 0.175367527093731 -0.0652064486581639
-0.168685678815936 0.152692780189612 0.14878290425625 -0.0821436492555187
-0.167599479831324 0.186615692828016 0.135670626911463 -0.0892359238605774
-0.213378290642002 0.141011151865021 0.128411241257093 -0.0588892786195397
-0.250482908330537 0.0878034090796663 0.0938480778158219 -0.00868267626971173
-0.329686398481003 -0.0325906492822187 0.0018519465209863 -0.0115741785098567
-0.278812560055881 -0.199172918099778 -0.0397552013067509 -0.0928352131717784
-0.111530092386526 -0.309263822786584 -0.0410994257734801 -0.188672793560399
0.00469766587419782 -0.347974548221479 0.0355582546661165 -0.259892884134197
0.0657534459019122 -0.409536349773257 -0.0509248596932307 -0.0881271027397605
0.072800384236244 -0.408707575576751 -0.0356500892077861 -0.0679220234646588
-0.0898899627266834 -0.431845354559751 0.00980174695680588 0.0199964205924885
-0.265929648377194 -0.340407066936273 0.0143498679274206 0.0581862177175558
-0.332116681778758 -0.145414372097685 0.0784143706204882 0.043797949100967
-0.331019848061482 0.00878267258790927 0.107471805208576 0.0120662999931725
-0.288246249291522 0.144371858360467 0.0913733317635993 -0.0258131152578879
-0.212121250013644 0.182111973576017 0.0677024129175944 -0.0247616721572046
-0.202327153353175 0.222016041892056 0.0600615305382244 -0.0277310315305702
-0.253957116505735 0.170350607125399 0.060359361024985 -0.00555312010759744
-0.291779797470982 0.108190279979208 0.0381241350170039 0.0228824826749409
-0.381470556460225 -0.0208260521618495 -0.023938394589742 0.014301041794671
-0.343280256939861 -0.209794545404332 -0.0453480723715702 -0.0548207060904821
-0.163314139966644 -0.361673291644726 -0.0337913246277816 -0.113238238797542
-0.0221800665660098 -0.438984839048109 0.0137581414027877 -0.134630234658135
0.0453308225560208 -0.442344686309189 -0.0868926050737923 0.0545798819291228
0.0441492861871516 -0.448711828640972 -0.0459825841759605 0.0414118851065234
-0.12585894362779 -0.463441449950316 0.0137029273937183 0.0566667826723464
-0.302031620541477 -0.356454868411387 0.00230483691888762 0.0483809280573019
-0.359850087070451 -0.151215745626393 0.0116907896735855 0.0169138635418959
-0.352416638952153 0.0107876445240413 0.00564967055729368 0.0215254724765557
-0.305346914539459 0.151139774835499 -0.011344056226996 0.0181952267868115
-0.2234062603829 0.185247956109256 -0.0234537167764723 0.0371768187403307
-0.211413397241909 0.21801790212919 -0.0192689537713049 0.0380848066282636
-0.261607729199564 0.163470860749072 -0.0104536486825147 0.0516645891576351
-0.29195743092901 0.0948174618424427 -0.0186382734124641 0.0545040413091123
-0.36881196356313 -0.0277078155189678 -0.044793945450197 0.0361975961029945
-0.340463659913252 -0.203654376370782 -0.039574740912988 -0.0169816305719053
-0.175235991995018 -0.360065697702595 -0.00522416630090511 -0.0316141891317998
-0.038487220295236 -0.459969535227573 0.0109492066585387 0.00493569408201151
0.0135652286405486 -0.402136824657715 -0.120634556268084 0.194883952507803
-0.00108826244380618 -0.401908850535809 -0.0533229393973414 0.153141751405166
-0.143546696273509 -0.39774428620433 0.0116211759046273 0.087797263703739
-0.279382706490079 -0.290118690261453 -0.016899990436509 0.0336762396630283
-0.315541534547032 -0.121491380491978 -0.0651591926377122 -0.00520035722698067
-0.308179537862604 0.0147795717149019 -0.101345014767397 0.0349586479617429
-0.271225843625771 0.135185823761081 -0.112923177852029 0.0654608478019417
-0.201845848383989 0.158391854232296 -0.110397503062662 0.093643453693214
-0.194826123419493 0.178055583597092 -0.0956078968514015 0.0920414335449366
-0.238162517945199 0.122416523180857 -0.0782095324241156 0.0919180423225611
-0.25315980303843 0.0511333318378372 -0.0725887557093232 0.069497618318523
-0.296877829374301 -0.0522514740437438 -0.0608859500483853 0.0436050381530351
-0.271995607589234 -0.184888143866585 -0.0294560976865154 0.0123476863443855
-0.143350915375379 -0.311839477850429 0.0274495881938929 0.0425701133613368
-0.0378575829589369 -0.414083264563643 0.0163507089886035 0.135480373156454
-0.0221615273354317 -0.292913629560506 -0.137120001588554 0.301101373627103
-0.0431498338035294 -0.274564812716767 -0.04644078140677 0.237819389801242
-0.126865446651719 -0.24920098751875 0.0073358433767553 0.104645666143239
-0.192655752531859 -0.168644360817337 -0.0370957666981311 0.0212231681734566
-0.206665910004575 -0.0711076235776841 -0.128257496187945 -0.0108675244913226
-0.209306704893959 0.0128037043538218 -0.18585222074019 0.0550922026908261
-0.192712960028425 0.0958252794872359 -0.192007704837342 0.107721154673309
-0.149642592276056 0.106585200916345 -0.18152431513316 0.135668697760381
-0.150955304360143 0.111914794104533 -0.164384533618822 0.124773341252339
-0.180940397018665 0.0631279130489216 -0.14116171120366 0.103049496975996
-0.179315548735864 0.00114988874001898 -0.119224228941146 0.056322105830162
-0.186293993630316 -0.0677428823245335 -0.0718678306445095 0.0310493397800714
-0.166668047578809 -0.140808086849489 -0.0222539152953319 0.0285690200145901
-0.0922840125866019 -0.22418672688896 0.0472508779087063 0.102682729297493
-0.0316494512473579 -0.310748287691737 0.0186152363061371 0.243467156398497
-0.0431418480453678 -0.133897864945666 -0.133733448676874 0.357428145785863
-0.0545173425192076 -0.0992085865661423 -0.0250087229276394 0.283123680698279
-0.0636384799747087 -0.0702627991136283 0.00513487387996821 0.109410568181047
-0.0595432874092438 -0.0443985547508184 -0.0477986509689661 0.0165402011870074
-0.0655221399289171 -0.0331243549123821 -0.163206684357398 -7.85179593312863E-05
-0.0836912741368119 -0.00502171770722402 -0.230365544340357 0.0792022726736733
-0.0906143846312972 0.0333763337687223 -0.235123267428118 0.138691524050111
-0.0762267007479834 0.0389214592214391 -0.224807821722199 0.155762321608663
-0.0809011937366283 0.0393088982373193 -0.214332987957939 0.130823231161883
-0.0939952700106679 0.0132721417017973 -0.187924787235385 0.0836151512972668
-0.0818824753591367 -0.0222009734222149 -0.147480296010821 0.0184581550837114
-0.0678279179922034 -0.0439544236375643 -0.0703646947169314 0.00328881796892415
-0.0666495871067457 -0.062090049858214 -0.0153214452508333 0.0360321120425062
-0.0542578231440352 -0.107368696020028 0.0518527612071931 0.145581622998512
-0.0321913035199471 -0.17185949288379 0.0143459864377926 0.315802478504318
0.0572327453760675 -0.0327745574167943 -0.0562622383857121 -0.340212093759938
0.053099418286587 -0.0501158753745819 -0.0869094564322073 -0.200834997725921
1.90293312370849E-05 -0.0641679563330413 -0.0140232380292602 -0.0289886023347543
-0.0394128527293905 -0.0397063202487856 0.0362745453280172 0.0289846409779476
-0.0396961947300796 0.00161810091280848 0.153251840846008 0.0283474878806325
-0.0290585611917581 0.0129608424191418 0.222713710159803 -0.0618708245673766
-0.0148634968220858 0.0267164405716907 0.229556076121811 -0.134118156318186
-0.0108484890877875 0.0344355175147173 0.221972004770245 -0.161934403882063
-0.0156172861970142 0.0469127781208736 0.221518168249697 -0.163062252788287
-0.0326098949963557 0.0419744558473166 0.213536265293301 -0.116171454352418
-0.0579104290294268 0.0345309663032813 0.172083521717611 -0.0415277976188134
-0.0868444517458889 -0.0115486317666995 0.0612953088067305 -0.0323081678042846
-0.0478281107299867 -0.056718071831065 0.00555634404017231 -0.117952349962121
0.00898641916184935 -0.0458743584127584 0.0026372390908007 -0.251059298300501
0.0208799241214481 -0.0175053847037163 0.105319314245968 -0.360757724965957
0.0532862002274739 -0.181572698323221 -0.0332707740070034 -0.29370011341677
0.0533139772656277 -0.181683431131615 -0.0572930448132151 -0.190649193293859
-0.0434814846314779 -0.192493087591144 -0.00536731786515755 -0.0239199747442361
-0.131108537270165 -0.137575858681741 0.0284663423875026 0.0488970259079745
-0.15037867928789 -0.0395987765341518 0.147613307929762 0.0523653486604318
-0.143531367397948 0.0268099389285777 0.219188613627326 -0.0320205459276675
-0.118092053918922 0.0849614877842114 0.216920453998855 -0.105850221628167
-0.0905252047220332 0.103092221087416 0.196740136694841 -0.133976862023476
-0.0953226073846284 0.125841891419264 0.185216228652111 -0.139523739819493
-0.132195477557034 0.0969019795656899 0.175370491647213 -0.100539203368397
-0.166227833659433 0.0611989832430294 0.136777585830467 -0.0343869048433183
-0.22246821094008 -0.0291938474672712 0.0300823157632972 -0.0285949213401203
-0.170871470394085 -0.142857387305032 -0.0245584990128686 -0.11406840458827
-0.0498408998425383 -0.194975247823418 -0.0331758493283261 -0.233732610559147
0.0134056255254229 -0.195941243276127 0.0575050732344551 -0.333531518392178
0.0553505319007422 -0.311584749539801 -0.0316101366555685 -0.205892908426945
0.060886644743613 -0.306707477224811 -0.0394800319326237 -0.145770159153292
-0.0748059976198551 -0.320729937416737 0.00292388160090265 -0.00807531064282794
-0.211098152151015 -0.242582878797939 0.0228494175593686 0.0584072044821997
-0.253909942530108 -0.0911956415696295 0.12362190384739 0.0562249812713478
-0.249622071206607 0.0273575671422373 0.180864065335516 -0.0078666284986303
-0.211913310446394 0.12824525444732 0.168106833126869 -0.0675309713864797
-0.156884333205332 0.157313369969151 0.143049122462069 -0.0878816243074929
-0.153850470796314 0.190456734097903 0.128762999707327 -0.0932359927930219
-0.202590453564533 0.148905726103898 0.122176567909462 -0.0628507646646312
-0.242478672449733 0.0964823408719554 0.0916892514155379 -0.0119449786137382
-0.324567368642557 -0.0161347666312293 0.0012100503244008 -0.0103125645050242
-0.282233718713155 -0.182472226287603 -0.0441095742653001 -0.0893083355437635
-0.123597387855874 -0.297447319449684 -0.0486660749732859 -0.183583998198017
-0.0125641396032426 -0.340436468447709 0.0224717342992432 -0.252690928513292
0.0473550304743798 -0.398854180929131 -0.0518808502730197 -0.085753235446666
0.0544667509382721 -0.402152094054027 -0.0382854348950401 -0.0654934151133672
-0.10914194128333 -0.418668257254765 0.0115432103396516 0.0206818892043313
-0.27788171343078 -0.320121894163919 0.0169407513519061 0.0584382610934975
-0.333249371354774 -0.128219232871342 0.0796473901824374 0.04212808604256
-0.323489168871836 0.0263538513168239 0.107461481058867 0.00673636204934074
-0.27417655459098 0.154486151452948 0.0874820966928726 -0.0247210661923784
-0.197468097105269 0.188413264792559 0.0654275296716807 -0.0279278371704928
-0.18640696019265 0.226311951801643 0.057716584848756 -0.0294365990144806
-0.240234693877188 0.179065200929324 0.05802656323963 -0.00745051046413911
-0.282205196749939 0.119037638984931 0.0391151299238945 0.021811400188981
-0.374229145256609 -0.00176749443227197 -0.0230847665495272 0.0158092473420034
-0.346426971530543 -0.189242119033735 -0.0478030127399136 -0.0515525304988125
-0.177272667305814 -0.345165947088093 -0.0382202870483144 -0.109587609382261
-0.0441125270663155 -0.427110588542087 0.00709825786796073 -0.129905944641583
0.0258766743161765 -0.430476156109339 -0.0811364394329454 0.0550461682845694
0.0250248838258081 -0.44114179609178 -0.0440219309082041 0.0413320422824901
-0.14644484999517 -0.447327642543606 0.0171468769995847 0.0558262716460461
-0.313180992403324 -0.334965464514718 0.00443085740922907 0.049000890329416
-0.361628340344222 -0.132676460727193 0.013472551920743 0.0191754873076622
-0.344620077298487 0.0293137160346477 0.00901483621329135 0.0201041398211989
-0.289933792710349 0.161737671100809 -0.0115182232350125 0.0231389875831217
-0.208159002570896 0.191133873019702 -0.0213269660818121 0.0370498085009327
-0.195608811201661 0.223709081016326 -0.0172310102051674 0.0380749417986829
-0.248305746525591 0.172895166733208 -0.00804660564085237 0.0514264267345181
-0.282597844573028 0.106228243645068 -0.0149374694326468 0.055811248896529
-0.36149766036851 -0.00837292121415863 -0.0414964230586654 0.0382853362880756
-0.343126229209429 -0.182491490702017 -0.0395304007661866 -0.014703875262529
-0.188777444814818 -0.343051956239017 -0.00631983920746607 -0.0308213424243534
-0.0613470475191075 -0.447587081326722 0.0110987759455446 0.00642214181344007
-0.00298967777874428 -0.390118616990247 -0.109010534591295 0.192727228788561
-0.0169235339562026 -0.393782444028883 -0.0458240468497823 0.150786707997004
-0.160083877072809 -0.383217398020179 0.0159737143383423 0.0868326751362272
-0.288646259010234 -0.27201023933092 -0.0151001328665553 0.0350523052748579
-0.315937744784062 -0.105636182517552 -0.0626302218518462 0.000515658337794075
-0.301493296840528 0.029709828094695 -0.0953714875870964 0.0386039691858139
-0.257272474603628 0.145005266776361 -0.108189579958446 0.0730019155454519
-0.187771746446013 0.164400234011959 -0.10398826632089 0.0960633903702045
-0.181011356654626 0.183086013640838 -0.0896013329549248 0.0946184069068338
-0.225790211183405 0.130828629360044 -0.0729192533130256 0.0932238073511667
-0.246058996359248 0.06157513366459 -0.0675777889711037 0.0731505548639758
-0.292756565151713 -0.0361627563237015 -0.0576226764974835 0.0464961298912528
-0.275147523017481 -0.167965499219585 -0.0285228075834526 0.0139142127293967
-0.154585297967986 -0.298457983056862 0.0287795099168123 0.0391398680298409
-0.0589433365921355 -0.401980223628052 0.0218836708730502 0.132511847135827
-0.0333901690006388 -0.283275219778354 -0.121070440465811 0.298434441095782
-0.0534473276397526 -0.267668440977569 -0.0353677353387655 0.23365635224195
-0.136182430775001 -0.23910083247729 0.0126924735393422 0.103365746840288
-0.197319081745133 -0.156687016379506 -0.0351814078881052 0.0230518912402542
-0.206474652506684 -0.0615002897817602 -0.125419339840797 -0.00313733687465471
-0.204929417492135 0.0228566380938098 -0.177151847052551 0.0620290401932142
-0.182644158757762 0.102795136430403 -0.184451333654521 0.117124595133761
-0.139870605126814 0.111383624705624 -0.172258391715721 0.14052042520273
-0.140983260608878 0.117084321076759 -0.15519289846121 0.128839379971688
-0.173314174205084 0.0714035240214094 -0.133594472084383 0.107226935272551
-0.17620158988522 0.00984003521610631 -0.113660453544819 0.061321945008574
-0.185645897118836 -0.0572050093248028 -0.0688075756060326 0.0338792321856239
-0.170530788100727 -0.12927262579744 -0.0196544997484949 0.0297424666786011
-0.101522527964681 -0.214426693152199 0.0515790838335155 0.0969543456128919
-0.0473209818855507 -0.302023147378132 0.0285513253654737 0.23774165955004
-0.0473406560181685 -0.128133659832606 -0.116369770667836 0.353145069230439
-0.0571079529930953 -0.0952286042406585 -0.0118822586054871 0.276264482399055
-0.0658735187421389 -0.0666591567962175 0.0103413920665471 0.107781223379821
-0.0604697489186688 -0.0414729698700732 -0.0467653703610224 0.0177744473068115
-0.0656423455304887 -0.0308187091382613 -0.159085218974889 0.00709818311222313
-0.0827661487528385 -0.00168183366652137 -0.220987298786034 0.0877995913593611
-0.0861021610560135 0.036929144575682 -0.224794663500892 0.147475918141487
-0.0716778298925003 0.0418330946372855 -0.214193945966898 0.162588290885034
-0.0765067428223694 0.0423163645740231 -0.204245447969047 0.138072927248415
-0.0900731416597476 0.0178876264642581 -0.180429802964338 0.0898018461216119
-0.0820041723157589 -0.0175144525035646 -0.143463354996174 0.025343235231955
-0.068214067642538 -0.0391539298483027 -0.0690473366277816 0.00655222338710609
-0.0694109537471177 -0.0572309533652118 -0.0126847145225147 0.0367525825482518
-0.0590931726544617 -0.102555979009322 0.0579514725712912 0.138953859010901
-0.0412324369250408 -0.165963457076748 0.0289986207753554 0.308359008586658
0.054546136775719 -0.0334614287001972 -0.0597869761655967 -0.330700731642467
0.0513389868962957 -0.0490825150488158 -0.0885004390312651 -0.193783362327927
-0.00151419503922424 -0.0626594282135323 -0.0135094250664264 -0.0281425332737863
-0.0402653037383299 -0.0378360918151031 0.0365524731089599 0.0289855425901523
-0.0395275435543083 0.00318416791032198 0.151136543421645 0.025830899198094
-0.0286405771563377 0.0146458978434526 0.21647378196176 -0.0654784387964733
-0.0149822731280812 0.0263283376450774 0.223072231411411 -0.13547254084519
-0.0103673185511738 0.033872418419946 0.216076634855302 -0.163092742654065
-0.0143816954181062 0.0464284729042131 0.214413850550983 -0.162817782311227
-0.03188592026917 0.0413597099920268 0.206725353114846 -0.117662384358393
-0.0563943631417296 0.0350507855031616 0.16825744631204 -0.0454512148349034
-0.0853597944965834 -0.00969951234512894 0.0599938848327115 -0.0329039579566012
-0.0467297812554767 -0.0554931567724223 0.00222810232087154 -0.116519249221374
0.00822857113628034 -0.0450228777853254 -0.00187225204417011 -0.245256922720449
0.0206884124012205 -0.0179100490475404 0.0960774629624833 -0.353262284644562
0.047898263907922 -0.177256617441806 -0.035937009105072 -0.287383099275203
0.0494889357969882 -0.177255527092129 -0.059950541282466 -0.184646714228575
-0.0474232552391348 -0.187415258957606 -0.00473805131243945 -0.0228723793447508
-0.132843677031981 -0.131555790515743 0.0299147840652683 0.0491479318636903
-0.149555878863645 -0.0354698214596986 0.146714988975442 0.0500517626835524
-0.140375269308916 0.0312723661672898 0.214559190979615 -0.0357907389098163
-0.114114044290383 0.085337204546807 0.211107826463273 -0.105526013909354
-0.0863584172336878 0.102907882125527 0.192405282514597 -0.135227213907439
-0.090796246017887 0.125853995630878 0.178889088069277 -0.139618453640159
-0.128465744540707 0.0979503846082933 0.169885905246613 -0.10103118958156
-0.162963266966481 0.0632843526768734 0.133995587946081 -0.0363002428369178
-0.218877024264663 -0.0236520336952199 0.0295524516245657 -0.0282503608957511
-0.169868613739502 -0.137743851634928 -0.0271773815791029 -0.111709139463458
-0.0523227876966553 -0.190093523656396 -0.0371663901582287 -0.228724058627103
0.00890740008155977 -0.192198415544648 0.0502345361615724 -0.325425032600995
0.0479302110267948 -0.302413461480163 -0.0325110148496638 -0.201920827733809
0.0546009885944653 -0.301119433924909 -0.0423884590664686 -0.142512931856803
-0.080894176840708 -0.312134544961488 0.00468131356839174 -0.0076085398960039
-0.213661069593387 -0.232134288782837 0.0245487691989292 0.0588022297343007
-0.252317337643879 -0.0848843159894869 0.124211168025628 0.0553542649687252
-0.244103129551927 0.0342957343989024 0.179051262566468 -0.0120568330363327
-0.204363446768535 0.129823703045431 0.165002607331228 -0.0658320151891051
-0.149912350861417 0.1569583769778 0.13971109791176 -0.0888728665275306
-0.146251205928265 0.190228729697086 0.124367197634169 -0.0931971814326273
-0.196372205576892 0.150321435725205 0.118235360229621 -0.0625365632443308
-0.238403076608163 0.100015424068608 0.0905378334660774 -0.0131368465216958
-0.319282795671982 -0.0081597471294233 0.000731411871728029 -0.00976667153020427
-0.280770953848373 -0.174403532561604 -0.0461622143714016 -0.0865562669963345
-0.127099040195474 -0.289944424573618 -0.052363409751976 -0.17968872809135
-0.020681571226623 -0.333317888031929 0.0173767526304616 -0.245164132694932
0.0393348595043945 -0.387421455901365 -0.0509093267121413 -0.0847417843305158
0.0475823305174047 -0.395733271453204 -0.0395062411028733 -0.0637484391060647
-0.116360421550988 -0.408061256953809 0.0131866609972762 0.0205617590370452
-0.281566363223262 -0.307729063700475 0.0184183360156381 0.0586964773022122
-0.332158465881358 -0.119931244028887 0.0814473118795842 0.0422310905413514
-0.317489920917311 0.0349498292704674 0.108161820931067 0.00333441344922164
-0.264728344608651 0.156718916108214 0.0864799376261721 -0.0215152212082838
-0.18901456558034 0.187936910087737 0.0639989069519488 -0.0286763013854223
-0.176946608593414 0.226163118845891 0.0561090607114514 -0.0293241857873082
-0.232078006409686 0.181114021278688 0.0562916935917864 -0.00743010935739063
-0.276441665898341 0.121778794991777 0.0395775917536439 0.021336818563766
-0.367823522791942 0.00760865140388644 -0.0216330883630534 0.0162225624815746
-0.344526612133071 -0.179086204606676 -0.0490524121888221 -0.049547260368896
-0.181387980090052 -0.335737753807464 -0.0399855283175351 -0.107936576767582
-0.05385541919712 -0.417781865128691 0.00430511107348034 -0.125247853841247
0.0188106571415449 -0.417662929990873 -0.0776504790998581 0.0531219838623608
0.0173360404723524 -0.433371661653692 -0.0426851192062745 0.0407479964373831
-0.153851903234112 -0.436697192901097 0.0195519727901122 0.0558648431295356
-0.3171865868915 -0.320834454623972 0.00616715076569724 0.0497150774491168
-0.359823313810797 -0.12433319975491 0.0158582395764185 0.0201893126652408
-0.338105619234468 0.0380855277173491 0.0118504887097425 0.018325830935623
-0.280118414031385 0.165111689046876 -0.00982083283450931 0.0273831056047719
-0.198498682123634 0.190821518111396 -0.0208760435179536 0.0365961455202466
-0.185784108239203 0.222391836059755 -0.0161820006833323 0.0378752629067134
-0.240012994918565 0.174982998396345 -0.00746911733556718 0.0513565840944341
-0.276967148388794 0.109838167318149 -0.0122626476893011 0.0563442258294973
-0.355798497718797 0.000238381291955449 -0.039846147975287 0.0392481743460766
-0.341577900247367 -0.172565383065731 -0.0395875518421478 -0.0130866545357977
-0.192330161333471 -0.333169787938995 -0.00656548683839624 -0.031209811684318
-0.0717666845303866 -0.437092998551401 0.0113798858736088 0.00798833743327472
-0.0089017532892679 -0.379976321764305 -0.103311136142428 0.189325972007762
-0.02375442285702 -0.387849923073629 -0.0429297039167469 0.148070702724975
-0.165966522316974 -0.37348044256981 0.0190188054512066 0.0857983795570846
-0.291405310952288 -0.260360308381134 -0.0137449480459078 0.0361999727646803
-0.314935626227132 -0.0987275264845872 -0.059403373931939 0.00312153207188748
-0.295997490273459 0.0373289511495519 -0.0903377446011179 0.0383682816328672
-0.247340999471771 0.147204528796012 -0.104729355421818 0.0778354143831262
-0.179302893652268 0.164277341575687 -0.101161125955048 0.0969902432459983
-0.172323495571 0.18337025286572 -0.0868644049770201 0.0941270271257674
-0.218420225960988 0.133512358488321 -0.0701221697527841 0.0933706777742552
-0.241790046922231 0.0650475193817781 -0.0635730929585814 0.0739821867430173
-0.288631191578389 -0.0285191790025563 -0.0557147537785718 0.0473453547401624
-0.274362075089977 -0.159281603595562 -0.0277511836880874 0.014554116623981
-0.159309995204164 -0.288693618437183 0.0294683207677218 0.0370786754249593
-0.0688696687435218 -0.391691949532376 0.0241683704663696 0.131245762488844
-0.0359808763383793 -0.275294639883007 -0.114197893606594 0.293249067199322
-0.0567822073894832 -0.263645550906746 -0.0309845359797678 0.228519762684255
-0.139232149011417 -0.233005016240802 0.0149376972571116 0.102067146206908
-0.198706682969817 -0.149886108308673 -0.0338764929944842 0.0239202643737003
-0.206199996201522 -0.0573966118744732 -0.121096560711108 -0.00030553499458928
-0.201510654666892 0.027661748306788 -0.170860314017433 0.0633921423684371
-0.175274297768778 0.104854404997798 -0.178555352435876 0.121437623173282
-0.133716676263814 0.111881775582263 -0.167817749005683 0.141797872416817
-0.135013854155419 0.118153316655145 -0.150400817491962 0.129326493271437
-0.167703156910119 0.0736794787545143 -0.129734222117059 0.107155178172793
-0.173969648133582 0.0133125846544077 -0.109773799946623 0.0635256348774626
-0.183143360349691 -0.0511342910723737 -0.0666826401218741 0.0348316435767213
-0.170739218235658 -0.122304620293968 -0.0183325470206666 0.0294075282032967
-0.104629223884927 -0.20799034749245 0.0526734628000712 0.0927278622976396
-0.0552457372765132 -0.294119357583918 0.0323899741767287 0.233178691775154
-0.0477575354100786 -0.124677746333153 -0.109617517260307 0.34731302284536
-0.057618729420091 -0.0939148552168819 -0.00666988195499951 0.270378332673313
-0.0661605065470093 -0.0650582091897111 0.0120945535290598 0.106045721624913
-0.0613157130905252 -0.0398412850149505 -0.0452059956913659 0.0187156616652464
-0.0660290751867317 -0.0300838508539837 -0.155430349625354 0.0097665972210402
-0.081524266155304 -0.000107528865659297 -0.214203089045637 0.0899086006739017
-0.082510625050272 0.037547459926246 -0.218649024038259 0.15098763630499
-0.0686295568917054 0.0423767679817096 -0.208735055125074 0.164493691461237
-0.0735133763564137 0.0430557841825731 -0.19892897411442 0.139104881781081
-0.0879553528776887 0.020063924989401 -0.175541175109838 0.0914018399389863
-0.0811582029914503 -0.0151384307577032 -0.140317614874278 0.0279505908066562
-0.0681061433029374 -0.0360326978518517 -0.0674450233394866 0.0081499111276779
-0.0706644217416737 -0.0541054189209041 -0.0107587686606983 0.0365018701405729
-0.0605008285817506 -0.0992606345222738 0.0594754592515343 0.133789080314183
-0.044943818398629 -0.160982285962388 0.0332906398074964 0.301483348700371
0.0443428015233595 -0.0426972935067328 -0.120570019104917 -0.323452110565506
0.0374081089527525 -0.055152947956569 -0.123364654143196 -0.178190792015571
-0.0150855685366394 -0.0584668518943364 -0.0141446150042546 -0.0294534345331043
-0.0462384915989366 -0.0271500818610058 0.044410998356134 0.0185954109039117
-0.0361283328201643 0.00987968683536425 0.154069515797825 -0.00480296940774812
-0.024896664596115 0.0176988732188762 0.200773468143694 -0.105956297663288
-0.00855305877028066 0.0261853895079212 0.193816671184361 -0.175690238797823
-0.00382169381664609 0.0332970290349929 0.183991039955557 -0.203055609483403
-0.00377616514572373 0.0455879848331782 0.183715941747868 -0.206012447150418
-0.0217996725738096 0.0448006337420476 0.184439089845156 -0.16135944608873
-0.0454028152526715 0.0428408762634085 0.159535243543204 -0.0817119407798513
-0.0826454585886278 0.00661510159640701 0.0548416409403086 -0.0476792155727695
-0.0534525242842757 -0.0454268762524724 -0.0196771052331344 -0.119979125283575
0.00291862140221723 -0.0485211339186774 -0.0546298601352349 -0.243612170425705
0.0209526757196265 -0.0263044504459729 0.0273076476010033 -0.370038771110314
0.0129597366761411 -0.175465044308807 -0.0820913840076772 -0.291894324908992
0.0112149020527541 -0.178094638710936 -0.0880194704426749 -0.178827566963128
-0.0832743154220094 -0.166744406158789 0.00172280140419008 -0.0356136267152451
-0.153992328549076 -0.0957192291932815 0.0462434822902454 0.0299933332802311
-0.150038280699186 -0.00584270532448845 0.152749109772406 0.013055224072011
-0.128965603623566 0.0552909076350697 0.201015533997319 -0.0822829833563947
-0.0906870490233454 0.10346603843398 0.182633599219426 -0.149144298024999
-0.0648165115647397 0.112602456662791 0.164256629799082 -0.171861124629733
-0.0623237343965485 0.136444276267704 0.154551923108116 -0.176175979286378
-0.105184090328147 0.118684717340645 0.15178354281049 -0.140181817248526
-0.143368742144807 0.089283295020877 0.12717061357477 -0.0675203149516383
-0.214161597332377 0.0181195771480132 0.026760425425411 -0.0392961402694612
-0.18782225226922 -0.100813861812004 -0.0437151742576358 -0.112729364156193
-0.0869129939967913 -0.177871629386171 -0.079540908341761 -0.215191968092683
-0.0271101718755975 -0.194860003883544 -0.00669654268192707 -0.3244340622517
-0.00883482912679224 -0.292647798428193 -0.0561534147954245 -0.211036613567452
-0.00703633700087608 -0.297756909870144 -0.0572201504069888 -0.142929297289821
-0.140253593835484 -0.279410496679881 0.0209271052976912 -0.0298707788765249
-0.252410590327246 -0.174269201974198 0.0478152099794401 0.0312757627102146
-0.25930558606214 -0.0322688011142586 0.130006174573442 0.0147890677595799
-0.228171660216475 0.0790107161007911 0.166506159433374 -0.0574319037378288
-0.167307929390069 0.165049221094629 0.139194217288834 -0.106515727608607
-0.116155274911061 0.176418597092381 0.120277328536378 -0.115255938685801
-0.103825288403037 0.20864936640787 0.109862442031324 -0.120020970087567
-0.160845232507994 0.182555059806808 0.107875377259614 -0.0931560763435685
-0.209545314910253 0.137582290180458 0.088068986117991 -0.0358431817011616
-0.30850884013211 0.0524743764724232 0.00240324502131094 -0.0172711091688823
-0.301695290228966 -0.114106886765929 -0.0549918597148764 -0.087876362181946
-0.180773965738609 -0.259703633726292 -0.0762684339266172 -0.16070803124405
-0.0858970883496273 -0.327533038392585 -0.0183953168047281 -0.231801028890144
-0.0320245522230824 -0.371663915343809 -0.0486479765724669 -0.0930991325559768
-0.0325498788913649 -0.387275835144453 -0.0356491422376531 -0.0675167399078596
-0.193444401404738 -0.36245483169998 0.0399746621569557 -0.0104282882429413
-0.33395576779973 -0.231099163109623 0.0452026910402995 0.0247355730411696
-0.343986074320154 -0.0497217690927939 0.0823799376936968 0.00438754308798336
-0.298675911945744 0.0942890846857275 0.0972977878287674 -0.0322323512908888
-0.218906561707411 0.20494509742475 0.066481274674446 -0.0515190313975147
-0.148774964799137 0.213572689940644 0.0568159904940662 -0.0416310646531747
-0.126743841120453 0.249289609040896 0.0540537257818473 -0.0436210264109465
-0.190541272396343 0.219191501322599 0.0568240852092745 -0.0259352733210664
-0.242265608307275 0.166769063918764 0.0444237943812068 0.0086190371272858
-0.3522300382114 0.0768714026137455 -0.0147481522801818 0.0130603906411369
-0.364056772441653 -0.10649799075926 -0.0488044381541958 -0.0521846157556993
-0.245020390381349 -0.29189771518603 -0.0444327493162265 -0.0906376942309328
-0.136639435423078 -0.400550327719485 -0.00280703125314953 -0.105941764904762
-0.0561574513523711 -0.396227802830037 -0.0492239893515519 0.0505203182598803
-0.0681834452703644 -0.419325739799578 -0.0178166141718433 0.0372604949448071
-0.233917886687685 -0.383532129909296 0.0528320860341218 0.0203186133815771
-0.37114037942396 -0.236338267183858 0.0311606093100207 0.0146229163273541
-0.372113046431008 -0.0480049837043437 0.0113108301604767 -0.00698368961241122
-0.318506125976465 0.101574810261308 0.00342574623267622 -0.000180188001241221
-0.231592721767033 0.216228453008942 -0.0210747836005592 0.0136733422752135
-0.157704941726665 0.219338557997755 -0.0150296615077587 0.0396593030060394
-0.136522830809716 0.24811180128041 -0.00589696711087733 0.0381263599912985
-0.199221148891999 0.214648901480227 0.00459710706979114 0.0465160779005067
-0.245903373186865 0.15428382351869 -0.000988383421756439 0.0544531448926878
-0.342691412307303 0.0671561619568063 -0.0282434571091786 0.0401297517069042
-0.36032102863631 -0.0999528937199777 -0.0318293954897432 -0.0176997804694316
-0.255393171048521 -0.285813898358232 0.00549999012388057 -0.0216198181429768
-0.159755798864182 -0.413325989426943 0.0313417732024049 0.0264845260038335
-0.0754105676835445 -0.35583307720781 -0.0516849294420631 0.195241727169011
-0.0970719029548313 -0.367704411635584 -0.000241905599449814 0.146139842508824
-0.233934370399413 -0.321966902441572 0.0531857205320376 0.0534464121519696
-0.33360160990518 -0.184502098606734 0.00418545481032826 0.00834546702878961
-0.325003366894358 -0.032245564225946 -0.0669904776134778 -0.00638633077828713
-0.278605873151899 0.0948049771600259 -0.0938948908340399 0.0409951157868298
-0.204833120485346 0.193254966252662 -0.103643865202517 0.083122606270032
-0.144514933134947 0.190775736403214 -0.0834860332648072 0.114747104790103
-0.130975421357337 0.20759133223213 -0.0664793104231924 0.108579686744202
-0.187237733329059 0.170737394642348 -0.0500779339848315 0.102547381068345
-0.220679821600315 0.10649364933744 -0.0478709413665671 0.0840223426038159
-0.283761264292799 0.0276372810675423 -0.0421487428293294 0.0532405377375492
-0.293194156831982 -0.0985331954997489 -0.0149510087800752 0.00987858457698308
-0.214025196105335 -0.248471147640307 0.0537738184148354 0.0381128228032366
-0.147065613546513 -0.367734631562562 0.0663377613469205 0.144321394543027
-0.0830969634253439 -0.253068131381434 -0.0497205321516912 0.307067187732079
-0.104808201013682 -0.241956817366201 0.0212300207292317 0.227904290063038
-0.180206255403234 -0.193809724230419 0.0442350020471049 0.0790477554545119
-0.222261661711688 -0.0995832770292986 -0.0241409126484141 0.010932657438143
-0.211976994515558 -0.0137573734622516 -0.12782110119858 0.00966212203847907
-0.189026093001013 0.0677673689638484 -0.165974220727997 0.0863402755489987
-0.14515533192858 0.137515992229759 -0.165441350249951 0.143902449801019
-0.108909591592504 0.132370296945713 -0.140918589744734 0.17289296865306
-0.10830394225561 0.138537338663373 -0.124971474120995 0.158150577241549
-0.149207734110428 0.103475251767912 -0.107296575807951 0.130235233120929
-0.165217061802701 0.0448546624464679 -0.0957976228620959 0.0835979105641747
-0.186551262097654 -0.0142962714577372 -0.0565223146077486 0.0452566018671577
-0.187442639394643 -0.0834844478332837 -0.00455794010941739 0.0273633196462125
-0.144543135152275 -0.178943281828168 0.0848043228999451 0.0869453005035187
-0.115518332487781 -0.273058939132614 0.0906002911163534 0.240321642729558
-0.0670624235728175 -0.108121392118516 -0.0402906442839153 0.367739305178536
-0.0713495749851489 -0.0796181898771649 0.0469932134962387 0.270193427126127
-0.0763039466623823 -0.0490363408049824 0.0344261454734648 0.0969336712816057
-0.0679171550521376 -0.0242577722328628 -0.0414192767533909 0.0213293706199918
-0.0717290918298738 -0.0141550267833342 -0.155934145451754 0.0350531230487391
-0.0785994675176075 0.0185698792125177 -0.199317197614029 0.125449298825376
-0.069921142633525 0.0550719808775469 -0.194386661236691 0.185302777749677
-0.0585301392242569 0.0544931591853723 -0.176265587957987 0.203297184373497
-0.0634002051753956 0.0558091657837664 -0.17217033352739 0.177878443893637
-0.0827512439713136 0.0365485519136061 -0.158353198949184 0.125690157551548
-0.0814563021518943 0.000602642783952299 -0.134519960104766 0.0557366694410886
-0.0731352349534272 -0.0216859288837982 -0.0645019613860383 0.020881017496532
-0.0786093514798565 -0.0365220724675011 0.000125410115390809 0.0362605635552055
-0.0803611931929574 -0.0822718502665448 0.0945415958720548 0.123217803192544
-0.0791937691826956 -0.144636389482896 0.0993442412220856 0.302908174378579
0.0437071003540167 -0.0433306034440738 -0.12618098642383 -0.328951940890702
0.038355299275115 -0.0558855798377993 -0.129314173029435 -0.179103520773316
-0.016116180146941 -0.0582157487321073 -0.0144131305500083 -0.0305225700603959
-0.0484053987967651 -0.0265312887504459 0.0465081694493989 0.0185489577317674
-0.0365413908673322 0.0115006356769849 0.158447512896275 -0.00680766935001194
-0.025273381623326 0.0197840566112635 0.203155929772714 -0.111531689814158
-0.00917093462498527 0.0264923356846965 0.196351878439319 -0.182578192953872
-0.00359451573958208 0.0338331355932502 0.186779631043318 -0.211820592846101
-0.00311614067951481 0.046377530632941 0.18505608201578 -0.212743064505976
-0.0216516713214096 0.0465935039621589 0.185816149070224 -0.168526739367544
-0.0463016302952228 0.0442576764763356 0.161445115097333 -0.0866612857348796
-0.0845163597339434 0.00792489901153549 0.0558822553261121 -0.0499075218484546
-0.0551857498191535 -0.0467286586763198 -0.0226960810528003 -0.121696753833201
0.00271221911223694 -0.0502409614455939 -0.0599122809916626 -0.246832459651748
0.0209072100176227 -0.0279305071973618 0.0235517237900755 -0.375909194422857
0.0107707086534427 -0.177014314579115 -0.0868481840000399 -0.298396940550061
0.00966810034161823 -0.180711394751369 -0.0934143701926361 -0.180672132967654
-0.0885880034812822 -0.167471777910973 0.00213867033834099 -0.0373667456737593
-0.159807380856063 -0.0944328019409254 0.0492351142573868 0.0301497554533751
-0.154357409621873 -0.00234358364134157 0.158640712973265 0.0100901482069729
-0.130351545173331 0.060614111028876 0.204621961322306 -0.0881605354646348
-0.0914260251660905 0.107291576806742 0.186276373496147 -0.155177518552438
-0.0644257688369401 0.116420611028785 0.166891795785397 -0.178744261958474
-0.0603189048121613 0.140741250779035 0.156269724736874 -0.182804587456224
-0.106249872907667 0.12360744629072 0.153072973586788 -0.145455703717366
-0.145964406821454 0.0940057136015715 0.129289127070686 -0.0718419182892296
-0.218787579093933 0.0230132429436096 0.0268816898068068 -0.041044599033163
-0.193984927500637 -0.101021876165806 -0.0475188746133368 -0.114840981521445
-0.0922942519705369 -0.18080254734533 -0.0847419655407803 -0.218874971294344
-0.031965187988214 -0.199118929093627 -0.0107411126666688 -0.329498003574666
-0.0118656633387629 -0.296236660442933 -0.0597809461984004 -0.216683122977575
-0.011257227372464 -0.303273719483776 -0.0614475025433042 -0.144510266387728
-0.1492206578105 -0.28092708411179 0.0223407742287108 -0.0323089264483887
-0.263070642339473 -0.172175705027031 0.0515811729220812 0.0316786715496165
-0.267754090221997 -0.0273248142621297 0.135969737126803 0.012676034130706
-0.231230910130521 0.0865067877346556 0.170319482196887 -0.0635557557971019
-0.168004375201321 0.171678820526574 0.142748003311299 -0.109860067506883
-0.116089490802402 0.181681073668568 0.122285974036991 -0.120198510637069
-0.101214525557844 0.215293938423951 0.111287021638351 -0.124629248849398
-0.162791009057758 0.190497849267826 0.108928043800923 -0.0959234691832203
-0.213354548084547 0.145977975810664 0.0907102346509857 -0.0391339516762067
-0.314515960602746 0.0606120250049162 0.0028109958721587 -0.0182937333513715
-0.312216374804401 -0.112041540963945 -0.0587756632774842 -0.0884499321254252
-0.190159387933541 -0.262913563184249 -0.0818174981336686 -0.16323414958245
-0.0957336221349122 -0.332177699867941 -0.0204881236403804 -0.233841662259925
-0.035639513922109 -0.376778827699717 -0.0504798674112934 -0.0956695035967816
-0.038978317433892 -0.39620354755498 -0.0379851123145873 -0.0680837356740553
-0.206107036173731 -0.365736889195438 0.0424301249394221 -0.0127078617522111
-0.347051362252097 -0.227907830145777 0.0486298382365027 0.0246944693273822
-0.355136924670012 -0.0442813268167267 0.0874851085163275 0.00214076002248237
-0.303760996955636 0.103897921006258 0.0999512754572755 -0.0375309052471191
-0.219698281840422 0.21304695993581 0.070020491493082 -0.0517475709240928
-0.148072268995659 0.220313241852029 0.0576382941582735 -0.0432775433341132
-0.124146654385347 0.256570666046729 0.054703876343171 -0.0455937653488629
-0.191457185228328 0.228812177041632 0.0581390582569309 -0.0263463814102519
-0.247108424544768 0.175905553322299 0.0473371184619976 0.00819170924963847
-0.359141830405073 0.0860443541289555 -0.0145496347220821 0.013307511289377
-0.376556020231326 -0.102129885412282 -0.0515942696409104 -0.051866284144496
-0.256051838078325 -0.294359867240751 -0.0478005918695105 -0.0927352989857692
-0.149644981991008 -0.406181196672621 -0.00300525214462023 -0.105530639504575
-0.060609922458841 -0.402862901082101 -0.0488542011097692 0.0509516953449833
-0.0764946496833868 -0.428820792921422 -0.0183083612213945 0.0389159048815484
-0.248009208249628 -0.38712628006559 0.056085227451043 0.0187715476737427
-0.385654459234706 -0.233735400566221 0.0333888052430506 0.0146392814859629
-0.385609400351377 -0.0416062682406112 0.0143648959934841 -0.00797818409180184
-0.323896386047367 0.111515745472379 0.00411919195410153 -0.00335519342739994
-0.232374713729881 0.224504552655141 -0.0184688374120724 0.0171525264034807
-0.157013117972465 0.225816021739919 -0.0150804137430785 0.0418887657760341
-0.132745868055301 0.254970503962884 -0.00590010235865522 0.0392240991687701
-0.200004545766896 0.224012165147214 0.00597052049094131 0.0481004874525222
-0.25005285387744 0.164039533938672 0.00201731953356769 0.0559946568522316
-0.348628683139692 0.0764571813551887 -0.0273327083550406 0.0411157950619078
-0.371406021375832 -0.0951488731799371 -0.0329031433122831 -0.0170637448041408
-0.26746638580612 -0.287139861813579 0.00513752282051233 -0.023119603020799
-0.173028432901815 -0.417979897036539 0.033441111269916 0.0282696665274382
-0.0800093566829754 -0.362019572978648 -0.0507695721200904 0.199431503949306
-0.105843204461139 -0.375638688152059 0.00192324543631969 0.14974192664709
-0.247249540268833 -0.325355799645123 0.0573484636754772 0.0532074467035895
-0.347084424797397 -0.181943284589917 0.00595646799480742 0.00890801239273079
-0.336772076605843 -0.0266426751113877 -0.0670077095793311 -0.00601263275204964
-0.283833731252588 0.102705578520585 -0.0948067897407567 0.0410436124101763
-0.204970541303504 0.200858722727191 -0.102737413612232 0.0893923942027173
-0.143334418952951 0.196167014496815 -0.0844815014431191 0.120318627404206
-0.129342689967387 0.214581925571356 -0.0670558094131933 0.112911580896953
-0.188643895003728 0.179018911879805 -0.0492505637438636 0.106341872629966
-0.225298418078431 0.1136577601169 -0.0457162056199784 0.0863427154803502
-0.289281174092764 0.0341521377432301 -0.0418730372226708 0.0543169534763219
-0.303311800721672 -0.0940800975180073 -0.0147110557780891 0.0107415163665207
-0.224015387271156 -0.249553836749359 0.055382268182567 0.0367252605160546
-0.160241034814545 -0.37159292671153 0.0706871724170711 0.147873985347237
-0.0864089499334477 -0.257110339449266 -0.0466547561789876 0.314146133951368
-0.110955658100431 -0.247398068691171 0.0251171950511721 0.232758921042355
-0.189624657036972 -0.19505356178593 0.0477415005329881 0.0803315571075215
-0.231140406261057 -0.0977128481143801 -0.0240677101946848 0.0118000331443942
-0.220460973013966 -0.0100230926809463 -0.129736382058112 0.0115376897110474
-0.193130284232159 0.0730193457706485 -0.168724128202763 0.0893214498668888
-0.144891942098439 0.142827025478088 -0.165609579319874 0.152052349224257
-0.108893714433626 0.13642625448797 -0.141757712242751 0.181005364764558
-0.107093023439262 0.143327818673216 -0.125883381648372 0.164159629594327
-0.151036758125155 0.109374826212958 -0.107504046612979 0.135533601864514
-0.169049821179973 0.0497928264500367 -0.0952844533647947 0.0874305570915918
-0.191036253338557 -0.00979347425956653 -0.0566960933741447 0.0470469789474378
-0.193846011427953 -0.0803970449571918 -0.00377000605817023 0.0282468075182784
-0.151723507047372 -0.180010044631171 0.0878566179573991 0.0857982779245578
-0.124649773189511 -0.275924390461192 0.0962987096010015 0.245203423049315
-0.0690765256928581 -0.110006442582304 -0.0378454151032278 0.376972980400316
-0.0751061760367853 -0.0815310367487633 0.0523935211673191 0.275383227960855
-0.0805613501294269 -0.0497427051765098 0.0377964134650345 0.0992975795652475
-0.0706104902715714 -0.0236730718266216 -0.0419795334133479 0.0224126804119135
-0.0751501733932214 -0.0135131410645808 -0.159132583633382 0.0378509007625399
-0.0809923702413943 0.0205873282465024 -0.201813084629395 0.131260404372623
-0.0696023810212912 0.0575289873089065 -0.195238892442735 0.194913171995774
-0.0585650349315836 0.0560988806301808 -0.178588025119494 0.212911874637734
-0.0631573141882564 0.0585284552803389 -0.174055280073663 0.186298324608112
-0.0831682461552156 0.0391134959808092 -0.160771278716621 0.131122673098912
-0.0838610069476754 0.00233232149413775 -0.136463343694502 0.0595090647184553
-0.0746724942491043 -0.0200606263329087 -0.0660642452433798 0.0220216418460792
-0.0818914960905092 -0.0348426758853373 0.00137491713114886 0.0371294070832957
-0.0840995714987607 -0.0824203127050638 0.0980265944918421 0.122357238794108
-0.0839834173436046 -0.145471188740578 0.106169700992221 0.308344166215564
0.0424962870563594 -0.045292206389398 -0.14252833460831 -0.331862630864138
0.0379674175559541 -0.0575083314276805 -0.140833911071021 -0.176750386692918
-0.0185132592251741 -0.0579865293998816 -0.0163798651008151 -0.0318247530915383
-0.0506534312916933 -0.0240425412348198 0.0490993712853464 0.0172212506308105
-0.0371809144509713 0.0143470223858212 0.163382805984144 -0.0140407628876573
-0.0245503996241932 0.0226115754230566 0.202926781210091 -0.123237537155679
-0.0090762006463762 0.0282068733623547 0.194080847186254 -0.197414278230438
-0.0024857334260251 0.0347150814848071 0.184035795199487 -0.227559277657363
-0.000939193386884862 0.0475549486127646 0.181487768248285 -0.227278195813895
-0.0210835935347919 0.0488964110202786 0.183914894737872 -0.180666731773692
-0.0458828927713197 0.0477497026039157 0.161741797006724 -0.0978605660304164
-0.0862804333269065 0.0114902200072385 0.0552797983886145 -0.0539379282689461
-0.0587727794638241 -0.0464251570934885 -0.0297043301008852 -0.124200179963389
0.00111526148329783 -0.0520160007520215 -0.0717920670222925 -0.250176753827306
0.0195333232491005 -0.030030992592089 0.00831885906084205 -0.38510198655718
0.00397687012451673 -0.180153480661951 -0.0995385744262521 -0.303052649374338
0.00294637427622085 -0.184987223289427 -0.104604356224229 -0.179798285332553
-0.0976810759482485 -0.166297549766364 0.000513831879452494 -0.0402514344692284
-0.168807915687804 -0.0870707471838413 0.0524915623240727 0.0283527920388049
-0.159865548936816 0.00596568611207737 0.165476125693068 0.00339491821040222
-0.129811538076229 0.0692569468940192 0.205934957939921 -0.101042875215575
-0.089185816823655 0.114996593220526 0.185456517653934 -0.167879813135005
-0.0609665470538862 0.121873541189618 0.165379005023244 -0.192235246712659
-0.0549716981498814 0.146196391699751 0.152974721350863 -0.194576861593631
-0.10378011834842 0.132480880172265 0.151018201237655 -0.155693871906771
-0.14683309444138 0.104288762793248 0.130214012229628 -0.080331198723303
-0.222994825164076 0.0341588299575024 0.0260778778626169 -0.0442748480204888
-0.205234088717693 -0.0953295948553821 -0.0547535131425916 -0.115404437255666
-0.103088343714745 -0.181966605044974 -0.0968211073227971 -0.22016857586695
-0.043667387551474 -0.202425090602802 -0.0239024754052756 -0.334912055380796
-0.0232754604263802 -0.301092741182909 -0.069071528251642 -0.22119384721176
-0.0241065639045812 -0.310196618625989 -0.0702284902504552 -0.144870207971284
-0.166230942728538 -0.279460731513149 0.0217776472036177 -0.0364658449080327
-0.278567189109795 -0.16166799834041 0.0558681162936788 0.0295670352094187
-0.278229464895071 -0.0137048808478264 0.143002024581573 0.00534603401718497
-0.232550680673345 0.100750841393659 0.172360451210109 -0.0752270805185052
-0.164905379027996 0.184493677524541 0.144581289457609 -0.118783454676706
-0.110674031490084 0.191254479097703 0.121421386302286 -0.129387816515838
-0.0923037673613147 0.22459138899763 0.109096047768301 -0.132917606239075
-0.158619100086655 0.203982097590913 0.108346602040743 -0.102758463356056
-0.213343998363904 0.161117696903868 0.0923692298384595 -0.0445576138566212
-0.320494791391034 0.0771819338044237 0.0019382892785405 -0.0195560214057103
-0.327572108130388 -0.100911714581887 -0.0648976119576626 -0.0877130460440048
-0.208681864839349 -0.260826656154802 -0.0909868198945106 -0.164393525022856
-0.116118017871728 -0.335303487566797 -0.0297552917266103 -0.237235961202044
-0.0507700544642641 -0.383139228238731 -0.0541510791851461 -0.0979551402930882
-0.0567056370182742 -0.404157783679509 -0.0420826859616181 -0.0672608069666085
-0.228958382130016 -0.363895296667399 0.0439026714626861 -0.0166330887044589
-0.367850427006128 -0.215195563304481 0.0523369983201893 0.022629021139077
-0.369611314441539 -0.0269563585996414 0.0930225550817957 -0.00374176794569888
-0.30639133361443 0.121768467888841 0.101499021651996 -0.0461362033023448
-0.215345093026874 0.229032229591818 0.0728353093082264 -0.0550263808314838
-0.142336772146872 0.232022435649325 0.0583280220133282 -0.0464727369168379
-0.113508360586167 0.267687892345439 0.0539673741404898 -0.0491828112067826
-0.186505320152793 0.245060088850197 0.0592701914985437 -0.02855990668332
-0.246889199490508 0.193809013921123 0.0504646302468993 0.00518532047980426
-0.363519721778048 0.106064626790354 -0.0143737717835607 0.0132363485154664
-0.39255127291768 -0.0865992505617624 -0.056216183679684 -0.0507645814967085
-0.277274782991512 -0.290238942880816 -0.0532698932956195 -0.0931209249309828
-0.175580716278245 -0.407820729815297 -0.0062065945067628 -0.106698754271695
-0.0766385821147266 -0.409860403439375 -0.0471294681253166 0.0526679880971478
-0.0973529613118562 -0.436969887696962 -0.0168804409032342 0.0413938102725927
-0.274478707427414 -0.385113852618095 0.0602672517756387 0.0152074011274438
-0.408467193296879 -0.220516776150467 0.0368127714833549 0.0136157159280934
-0.401119767433555 -0.02310887697073 0.0169941596294464 -0.0105968841428652
-0.327246408716209 0.130639548320688 0.00384943402763984 -0.00655059969898173
-0.227623677183331 0.240476267505206 -0.0148708259076533 0.0205370197444753
-0.15055981456847 0.237753061766903 -0.0130480509077913 0.0448440624316774
-0.123451272767988 0.267207433136645 -0.00449758921911354 0.0409812345272545
-0.194780666389876 0.240654464463841 0.00867913791828101 0.0501421516874682
-0.250677252321625 0.181857553464089 0.00650057807001014 0.0566782062743287
-0.354337766822828 0.0959145775634988 -0.0266344224680293 0.042634617216717
-0.387282105004566 -0.0789441883509042 -0.0351369193146413 -0.0154324606392784
-0.288586182694569 -0.282617519166738 0.00341651857726828 -0.0250127442142983
-0.20009496979119 -0.417765178813396 0.0368763259054848 0.0289141450815536
-0.0943016897917986 -0.367736250922215 -0.0424416406363252 0.205670505584143
-0.126456726816 -0.381914250464437 0.00899714615275895 0.153698275494951
-0.270964329936206 -0.321275072812685 0.0631321245362 0.0505626440571475
-0.367705520322045 -0.169715300088643 0.0078213451060347 0.00855123521855464
-0.350366672685329 -0.00945381201203018 -0.0675813911823869 -0.0050939035730996
-0.286918676167303 0.119521241895971 -0.0962200912487471 0.0444152148664701
-0.200647404265243 0.215022698445674 -0.0985314694377974 0.0985268414227112
-0.137994097408367 0.207282641307863 -0.0810026595818643 0.129297741906348
-0.121233863083754 0.224602364566091 -0.0645298635113512 0.11976112262122
-0.184591292321899 0.192840419723278 -0.0448687907788674 0.112019638266843
-0.227036304109656 0.128720968529763 -0.0411871049267349 0.0907191734709551
-0.294967300757094 0.0497616211605135 -0.0404883731813416 0.0565289250426341
-0.316332890561497 -0.0812878090781999 -0.014679183042283 0.0119390004083433
-0.241345801509665 -0.244828833850486 0.0577339185637502 0.0342820712216744
-0.184030340632599 -0.371520973380988 0.080240213203429 0.149696438462944
-0.097843878906148 -0.260098740326741 -0.0338978362716738 0.323970274280019
-0.126134799658727 -0.251100489015969 0.0366710884496081 0.237375302746312
-0.206367057020452 -0.191800413598492 0.0542968168686885 0.0796369049989783
-0.243807332315208 -0.0886380025913417 -0.0232444009826484 0.0127514568855645
-0.229247861622641 0.000883059809765599 -0.13269768785837 0.0163316128149681
-0.195292105592558 0.0848333648988362 -0.169581086479544 0.0983114571202784
-0.141242066500141 0.152676376032247 -0.16151139770112 0.165471238285307
-0.105547000042704 0.144335628729617 -0.137897634913377 0.194598244065001
-0.102712916764535 0.15116523438646 -0.122893608937246 0.175558819148303
-0.149323033279944 0.119751170316332 -0.104648599511574 0.144286022691063
-0.172360522498711 0.0599583364275788 -0.0931629758498926 0.0937888362640397
-0.196077392508229 -0.000675679421687651 -0.0557921181192935 0.050003842201373
-0.203930876751542 -0.0722001084334829 -0.00244923846972165 0.0289527958871207
-0.164081639481074 -0.176807861613322 0.0925968199976238 0.0824442581059335
-0.141503134558021 -0.274665425996555 0.109695090936191 0.248160780466399
-0.0741310274128263 -0.110589377292243 -0.0225951388240892 0.387906082510596
-0.0818258815148093 -0.0814697997218996 0.0662078402626493 0.279983216172923
-0.0871866565042087 -0.0473612371215798 0.044619918323441 0.100173447259876
-0.0750920038908771 -0.0208997669386436 -0.0419381387915054 0.0247359660855592
-0.0791424725263309 -0.0102572365342691 -0.162713323685007 0.0456710813526131
-0.0827169364245346 0.0253471312424541 -0.202237558484948 0.143584901869848
-0.0682823998254363 0.0615942686324126 -0.191239030751445 0.210466066345597
-0.0571982521594435 0.0603883171568193 -0.174071009433339 0.229448017850364
-0.0615881716888464 0.0625020887093044 -0.17165950170695 0.200309171520486
-0.0832437280648926 0.0445461781552054 -0.159300859184456 0.142492029246563
-0.0861211663029394 0.00722913702626851 -0.137205397403107 0.0673977865714622
-0.0775269193748026 -0.0163091113416429 -0.0662880522753504 0.0251919501830318
-0.0863055581831535 -0.0305898800149738 0.00362686891257272 0.0375953983161917
-0.0898108572216336 -0.0800591492710776 0.105221797968632 0.119468957597701
-0.0944741384363738 -0.144749502675244 0.121763956499209 0.312809540373584
0.0392797533780841 -0.0472316972766871 -0.162344374762481 -0.323757501068889
0.0361156974616121 -0.0594869700097852 -0.152469937966287 -0.166129728460591
-0.0207023181693072 -0.055580807548131 -0.0193951586494852 -0.0313870818841226
-0.0521897786115293 -0.0198330517411318 0.0504860125928251 0.013501722198305
-0.0357412580878708 0.0172648628150346 0.163475654163395 -0.0247940147596465
-0.0221660719690882 0.0251854716141576 0.195106161508807 -0.137150362394666
-0.00775705826455309 0.0296678919183439 0.181294817271117 -0.211486697637776
-0.00023453856762734 0.0347731325301834 0.17057307202319 -0.241653415856188
0.00237420196153766 0.047578286862642 0.167181381814773 -0.239940157135483
-0.0184880040899719 0.0504912502823142 0.171628390630534 -0.193057333870261
-0.0431167687555416 0.0509952096607144 0.15481661525617 -0.109331081509252
-0.0853331902460706 0.0171561999724869 0.0519541601057797 -0.0583291578061931
-0.0618714726249758 -0.0439480633950772 -0.0385315422248802 -0.122125641113021
-0.00276022055614648 -0.0526898072506844 -0.087399503180044 -0.243472576925682
0.0171254769644784 -0.0310175481762217 -0.0150609033414483 -0.383800039025998
-0.00645060707584309 -0.179102944959646 -0.117709830423919 -0.29731860776495
-0.0070006923014926 -0.183749272950501 -0.116304296136167 -0.171600599115209
-0.107730475916369 -0.158000629264087 -0.00229292732384606 -0.0419183795737372
-0.174222562440838 -0.0747687085999873 0.055279213137428 0.0243868206944304
-0.159841897919946 0.0183178768446303 0.167267472601637 -0.00887514002128888
-0.124305183399564 0.0790274163143494 0.199022136933378 -0.116391455586173
-0.0815420319877682 0.121102552607237 0.176240450165564 -0.18034990052753
-0.0533187293851757 0.12571706327402 0.154429317925781 -0.204590056773696
-0.0444733663259441 0.14961647737857 0.141338700259425 -0.205212783807246
-0.0954050790258958 0.140762157177135 0.140961625560796 -0.165210788175616
-0.140993776133246 0.114533544396606 0.125632623016271 -0.0899621135655939
-0.221693862872544 0.0491853582494361 0.022908811840195 -0.0469038219514789
-0.21249495266177 -0.0827238710674418 -0.0634845537764611 -0.111608025558643
-0.115524251030492 -0.174938739239729 -0.111065447435999 -0.213270209813689
-0.0584950959610414 -0.198004640832233 -0.0439606145066396 -0.331847941506463
-0.0406611436911435 -0.298082072731027 -0.0820464807037165 -0.218275342921042
-0.0424489296849894 -0.307315815436317 -0.0796448228214301 -0.139183691904977
-0.184155434107342 -0.266043756933331 0.0195758743238112 -0.0393844992530847
-0.2888009353632 -0.140721274594241 0.0581787241955317 0.0252593836409982
-0.280571286214525 0.00649753967570461 0.145290919811406 -0.00622018801837562
-0.224995592513289 0.118069659752965 0.166961988143189 -0.0892195337837427
-0.152053742886334 0.19601163813824 0.139488876789464 -0.127916044095786
-0.0987772957381159 0.19856548356981 0.114143909468826 -0.138213284637639
-0.0765085171426863 0.229946215540529 0.101063355753581 -0.140398732792037
-0.145389069730611 0.216700898792744 0.102413107116726 -0.109197683422019
-0.203892633311571 0.177500974686002 0.0907721620769992 -0.0520586834385238
-0.314430286527783 0.099359261843836 -0.00046181769250629 -0.0206163424104746
-0.33496331018115 -0.0782001297656393 -0.0715227826435731 -0.0833024410426326
-0.226890697576302 -0.246894147869038 -0.10250567549385 -0.157713863823876
-0.141063567088112 -0.324933075270247 -0.0434489711507125 -0.233677254051444
-0.0722699149365781 -0.378787502189172 -0.0589670007711012 -0.0964261028075745
-0.0820207748322201 -0.40074833410974 -0.0460134680718497 -0.0635743056770177
-0.254022945444688 -0.346658109173052 0.0436918445792806 -0.0214879989130558
-0.38267663387997 -0.188144053369204 0.0547912976137968 0.0184926538464318
-0.374313083566012 0.000787297792463629 0.0941466276070536 -0.0117851180100738
-0.297613633506727 0.143997630882638 0.0971889449447543 -0.0561645380838878
-0.199405119436099 0.243767469412519 0.0722424910432518 -0.0593420744575674
-0.127445288486443 0.241252023083996 0.0564273698416915 -0.0499128714883633
-0.0944708497629437 0.274347805844085 0.0508762513649339 -0.0527757899628886
-0.169746697354316 0.259374861912536 0.0584560507532406 -0.0317992211290393
-0.234750281045097 0.21226772699711 0.0523733339929206 0.000943246103383114
-0.356867320322931 0.132053436992184 -0.0145495750238852 0.0130743734597033
-0.399791391913833 -0.0592998332860117 -0.0594645166678646 -0.0467322857920773
-0.298234832832035 -0.270734368872682 -0.0599329251428252 -0.0899787468399078
-0.205611013170965 -0.3923712854412 -0.0113101123212136 -0.104539676692679
-0.100346102394037 -0.404334248438698 -0.0423095108912242 0.0540073279398957
-0.125435862730973 -0.430964832739961 -0.0134076993885081 0.0429521763502776
-0.301378878002689 -0.36463793069286 0.0619066743537543 0.0097845718954339
-0.424676414239769 -0.190288976179421 0.0382729390097509 0.0102267091954169
-0.406030938400568 0.00682761636293084 0.0175433865491665 -0.0138533873253015
-0.319072147720113 0.154479469255996 0.0021748328168708 -0.00911788953005625
-0.210901825588758 0.255749713032688 -0.0101170814428077 0.0223418214312082
-0.135592342419829 0.247605384631109 -0.00894055086675091 0.0467179208584865
-0.103583620202306 0.273372885816772 -0.00215856344569228 0.0419111767281821
-0.177931765786168 0.254816169830745 0.0129649637478711 0.0501144037653417
-0.239312797788411 0.200614882655118 0.0122849620493237 0.0551251703657824
-0.347207540495993 0.12076353288022 -0.0247427856064639 0.0434259289770517
-0.393789602183825 -0.0507366785520294 -0.0356603261494733 -0.0133175977811097
-0.308131911708232 -0.26170140502009 0.00104764276210698 -0.0257663440017561
-0.230529453302352 -0.400532716732277 0.0407904879512198 0.0274142954935631
-0.116075580487522 -0.361858441371186 -0.02847264758893 0.206800264699942
-0.151839585045548 -0.375124553038498 0.0198250900734766 0.153247362211465
-0.294954960378699 -0.301818770191816 0.0675880624133738 0.0454189722210177
-0.380283226931685 -0.142552922940356 0.00923202521679029 0.00764634155974283
-0.354351226474422 0.0165053777819603 -0.0671875470987621 -0.00221681774788797
-0.279463560280528 0.140890280069165 -0.094192501460934 0.0485436611750708
-0.185123286226988 0.227943873045111 -0.0895604540957906 0.106937890531927
-0.124649323993424 0.216091468436625 -0.0719377619486841 0.13647934619532
-0.104951955674649 0.231424720037708 -0.0571999872409983 0.124947409306671
-0.171338827552099 0.206711601455314 -0.0370357548532317 0.115649520568909
-0.219537419146003 0.145751350426326 -0.0333361761290248 0.0918204011861345
-0.291502990770096 0.0700223584925702 -0.0371094096878035 0.0590262827175511
-0.323074975559917 -0.0578689490393098 -0.013625014945922 0.0125627012781609
-0.257912137910692 -0.227594533574907 0.0590927096788616 0.0291356041999115
-0.210152168386713 -0.354757693526102 0.0913368252870504 0.145500232701032
-0.11308708313848 -0.25533259924173 -0.0134708270412436 0.325294780974461
-0.143826804461254 -0.243501563895916 0.0529354426761331 0.234889983773748
-0.222133483571135 -0.177423150621882 0.0602704930095266 0.0753198163973795
-0.251940053514209 -0.0708759632592121 -0.0218740238081856 0.0144504402413353
-0.231625841753245 0.0178143050622262 -0.13235222401294 0.0241919745126441
-0.190741534685101 0.0987332609217141 -0.164273158191311 0.108211336336249
-0.130822620661176 0.161331068647272 -0.147954388967313 0.178458944621411
-0.0960111278080958 0.150966557886946 -0.124922804021381 0.206084541364543
-0.0920529907535602 0.157573036168669 -0.111963846227411 0.185076963988996
-0.14051041246741 0.130360003774308 -0.09484459631518 0.151901382964808
-0.168876849692612 0.0730649783444527 -0.0852496661532612 0.0989310655768265
-0.195903671644383 0.0135757217871907 -0.0528970372636663 0.0529732455788017
-0.209384588058723 -0.0568474495945901 -0.000258488692073021 0.029071443674404
-0.175446158869295 -0.165402764794957 0.0972996828105565 0.0752271461567022
-0.161736451711896 -0.2628305339814 0.126333649027397 0.241834307610678
-0.0809323671023311 -0.107071836611244 0.00136697247944827 0.389476653090803
-0.0883906895798703 -0.0765051615326795 0.0848458296729931 0.274606162460944
-0.0929212655935746 -0.0415308476062032 0.0521328400091542 0.0966983540405036
-0.0775635467743203 -0.0155867755724149 -0.0398547761445823 0.0274840378321453
-0.0813795971459364 -0.00411819469609588 -0.161126148203562 0.0561605549140383
-0.0819211969426035 0.0313975006233948 -0.193829321145319 0.156771691454625
-0.064021964770533 0.0653786223763839 -0.176732364351186 0.22523029640369
-0.053883214004062 0.0639097610464155 -0.159370992568696 0.243645936690245
-0.0573097256573545 0.0662880299449549 -0.159599323244181 0.213563341191479
-0.0794598051423546 0.0501883272550176 -0.150827210913225 0.153216238281259
-0.0861451500305735 0.0141480183220818 -0.132247458932761 0.0756177770300322
-0.07838578445526 -0.0100938398694557 -0.0649206665214479 0.0291715073421436
-0.0886627861026271 -0.0228023538865211 0.00660991414289838 0.0374463200791317
-0.0955256089250959 -0.0739493707112343 0.111032184589393 0.111458690695907
-0.105009934619378 -0.137137114887435 0.141852617031359 0.306642935167345
0.0344330790986934 -0.0465080305530894 -0.172613933857419 -0.303316914798964
0.0334376042529488 -0.0582123287766998 -0.156298547845062 -0.149677395068781
-0.0217655639826155 -0.0521489427408174 -0.0205724458138039 -0.0295349038312547
-0.0506715678279572 -0.0158969556386027 0.0493168855975592 0.0103171771903234
-0.0325630702654235 0.0190629779195971 0.157527580061998 -0.0332615986214875
-0.0189993455605557 0.0263530167203624 0.180357244500963 -0.142911638713069
-0.00637631198481966 0.0294758731259233 0.163336343634412 -0.214302839174454
0.00144233594508776 0.0337909473980662 0.152501247109667 -0.244651813317078
0.00541726998680731 0.0449440493330047 0.148963905552394 -0.2412376157342
-0.0156740194589092 0.0497890875567972 0.155084398642786 -0.195260998823133
-0.038963448782358 0.0514019440101955 0.143076795763734 -0.114139363434598
-0.0812609241990326 0.0211636955077508 0.0469984949487013 -0.0591121612525954
-0.0623716201119505 -0.0399317755228603 -0.0446003432805333 -0.115026619924127
-0.00544933349467096 -0.0502386044930799 -0.09629298475993 -0.229451700620375
0.0145586505339428 -0.0305265714446091 -0.0338614794981605 -0.367966669659396
-0.0151956066359402 -0.170622338022313 -0.127707151033554 -0.280827864004955
-0.0148278074732388 -0.176318029129566 -0.121683459049117 -0.156887393254409
-0.111193484618174 -0.145287412172605 -0.00526344698130556 -0.0407997598693106
-0.171872279858987 -0.0605813297743811 0.0549052023380469 0.0197069153729177
-0.153331161961766 0.0278311922454236 0.161786596304235 -0.0197237956793682
-0.114766507120279 0.0838160961781863 0.184768518036556 -0.124034257720774
-0.071873435614375 0.122472631843885 0.161367291767534 -0.18504441411312
-0.0450427045424873 0.124040794859113 0.139248494816221 -0.207530442660469
-0.0342879884369984 0.14568620640855 0.125797257667619 -0.206579695061088
-0.0844252869280423 0.141920874508053 0.128142612631057 -0.167020939288719
-0.129551372265025 0.119431958855536 0.116312452165922 -0.09514467616095
-0.210744687213859 0.0600944454472677 0.0185492402231429 -0.0468531596580179
-0.210858202119009 -0.0679573258167209 -0.067753225840385 -0.103937508574756
-0.121282601406662 -0.162078377871934 -0.117934457263569 -0.199571499886332
-0.0680176630412867 -0.185507313383426 -0.0585196518417239 -0.316089632560809
-0.0539139813833883 -0.283831986332558 -0.0884879840714877 -0.207986018211216
-0.0562664310805774 -0.293883720620997 -0.083777336458117 -0.128148921695275
-0.192510083163793 -0.244220884136764 0.0168291489796543 -0.0400985624321341
-0.286569338799177 -0.116928012127701 0.0581678854612795 0.0198647716822914
-0.27106971619894 0.0241961719948362 0.140669423375644 -0.0157380768244558
-0.209538985363803 0.127047383399673 0.154395860043534 -0.0972908905318116
-0.135374571100539 0.197872398219929 0.129647744872685 -0.13241256852468
-0.0849847625183529 0.197092577649829 0.104309187718823 -0.141133222316547
-0.0598610914063535 0.224814622209215 0.0897625235891858 -0.141278270834416
-0.127627709440618 0.217934127200418 0.0934070638179464 -0.110664534700048
-0.18764640796082 0.183945247766559 0.0855619375449868 -0.0566419634259582
-0.297430226990797 0.114070811825312 -0.00293078132327809 -0.0206111282992419
-0.329277547984058 -0.0564412785167784 -0.0739023672352588 -0.0756948998478974
-0.232737434000131 -0.224279041844176 -0.107010596042665 -0.146447249577161
-0.155319271124598 -0.30136928339829 -0.0521634838678283 -0.221513293597684
-0.0882063419945228 -0.360659225803757 -0.0603601328143777 -0.0922702454090437
-0.100177858072058 -0.381500476264973 -0.046624033341696 -0.0579893083666897
-0.263745801568884 -0.317458701467854 0.0411120430649484 -0.0245780165519187
-0.379753659987212 -0.157370763551229 0.0543367550043201 0.014037533807005
-0.362716519645839 0.0245528713795582 0.0910958771534058 -0.0187818267164869
-0.278137728335401 0.15689242346367 0.089110174864303 -0.0615388157849584
-0.178095761369666 0.245955334540371 0.0692543757974668 -0.0611672950747925
-0.109757181481484 0.239715957190241 0.052887406371831 -0.0511685727562714
-0.0742836197233783 0.267802677529468 0.0464366495283773 -0.0531935766683867
-0.148411246417036 0.260751575085034 0.0561179846626796 -0.0336057710964556
-0.215203739746575 0.219553250355067 0.0517359679939255 -0.00376298675577171
-0.335420751753643 0.147881056767875 -0.0150778821348721 0.0131743709423076
-0.390549515813632 -0.0334402778311846 -0.0600134521286843 -0.0414971169624661
-0.302260310116255 -0.243734670919131 -0.0631962676709288 -0.0836753206169781
-0.221033730020779 -0.362447863640035 -0.0143385951011859 -0.0994072400283574
-0.116588957579944 -0.384598875034125 -0.0365216345755068 0.0520121125639862
-0.143928416209828 -0.40891030623489 -0.00895403419010856 0.0419183285774877
-0.312125131318296 -0.33168215344003 0.0608036172913206 0.00400230525436565
-0.420460640593342 -0.157082566970453 0.0381098134509406 0.00734445184717221
-0.392674851680989 0.032700150601779 0.0166056469114443 -0.0157944505256489
-0.299074269569346 0.168115707751379 0.000271121326627879 -0.0112338161352156
-0.188637839747052 0.25814268132171 -0.00538200540050601 0.0221489012739805
-0.117489771157345 0.246248752891463 -0.00462968352844841 0.0460096445607157
-0.0837736156276047 0.267807083003393 4.05537268482002E-05 0.0410970536683079
-0.156801183074272 0.256366322982945 0.0168128485567012 0.0480097578978572
-0.220174871059321 0.208769639546545 0.0162683104793498 0.0507872925180434
-0.327810542823566 0.137045976022509 -0.0231345806431095 0.0431277476806822
-0.38337761928305 -0.0255792058522731 -0.0352477301252167 -0.0107338405415976
-0.310819335682423 -0.233396265615581 -0.000329847822431483 -0.0255255818593256
-0.245340250994155 -0.368011883596879 0.0423740535556095 0.0247560494626621
-0.129904412432419 -0.344349287121358 -0.015549808343954 0.198827464541221
-0.166583426733015 -0.354286790195768 0.0283778567433595 0.146115653911395
-0.30269701190815 -0.273338503356642 0.0680736094529732 0.0387625577984631
-0.376251110179724 -0.11397959700137 0.0100663604590784 0.00669642850384584
-0.342614501852308 0.0387265657594486 -0.0647198127108283 0.000503240431590365
-0.262281720167589 0.152733955072433 -0.0894463322897105 0.0510045513601927
-0.165542905934232 0.229618648445704 -0.0776605137069004 0.108039098740688
-0.108796736072005 0.214628056985219 -0.0606003721542218 0.137685105966795
-0.0878852090093003 0.227286521430729 -0.0489996521711329 0.125034997691833
-0.152755790716788 0.209047849293127 -0.0285211758824717 0.113984487196989
-0.203520082541962 0.154816601316075 -0.0257493059579188 0.0890295658567699
-0.276162129984984 0.0845140547169753 -0.0340421561051779 0.0581001469670809
-0.314657663877384 -0.0356356263906712 -0.01229536052921 0.0125653912492156
-0.261601828195847 -0.203440570286319 0.0579876420509107 0.0240263963972269
-0.223288267662643 -0.326676287396173 0.0971768025871567 0.136094974247309
-0.121549498207892 -0.241668576281078 0.00422523117245914 0.31306635127004
-0.152647768499196 -0.227772513649907 0.0641238330249561 0.222670043172268
-0.226058189947503 -0.157177385386121 0.062884355493283 0.068441113722678
-0.247806172358258 -0.0526022323401718 -0.0198708223779089 0.0145234258594813
-0.224579672045111 0.0329033309727926 -0.125987309209975 0.0299207107504956
-0.179379835841809 0.107425166522936 -0.152996379933418 0.112846701839619
-0.116947747496371 0.161995194457517 -0.131211975262303 0.181010231470332
-0.0844031580644052 0.151000669681639 -0.108153453035339 0.20753585606244
-0.0791494524903419 0.155929842707071 -0.0989164257936255 0.186132890735284
-0.127347945540212 0.133255370296876 -0.0834144099960199 0.151562613161156
-0.158774506723708 0.0808760092952015 -0.0761542084640571 0.0993404067821657
-0.187441779386892 0.0250266905040439 -0.0492195721627924 0.0532354452469782
-0.204865391548135 -0.0409345630969114 0.00198455544560738 0.0271605315896457
-0.17845789566176 -0.148673750800106 0.0966312941757344 0.0659126440977205
-0.17117435292868 -0.241671305268688 0.135255897751701 0.227359537279254
-0.0832635502438725 -0.100524073724866 0.0211792184659277 0.375493798650538
-0.0903593307564602 -0.0694726492071543 0.0967922484650269 0.258670483058932
-0.0940466660435977 -0.0339212090339738 0.056550576010526 0.0899982789834992
-0.0766351301937677 -0.00944148151491853 -0.0370172779881513 0.0286223767260926
-0.080188758891072 0.00155393388773697 -0.15286647029375 0.0634843175395015
-0.0781671921130274 0.0356998665778153 -0.178375828945688 0.162290589407914
-0.0571261800498779 0.0660669502816832 -0.157398987896001 0.228350804266511
-0.0477518579545121 0.0646869834706753 -0.140363999636131 0.245765479169061
-0.0509166004649977 0.0669194067086711 -0.142544908664626 0.216459707420658
-0.0729785999584524 0.0531921919775846 -0.137402002713789 0.156487699920787
-0.0821309761712182 0.0190452194752778 -0.122956450956908 0.079974822526822
-0.0753484284980239 -0.00489112358839604 -0.0616907461112126 0.0319098234114086
-0.0869507503019081 -0.0158522168329131 0.00893318825822156 0.0352075371955743
-0.0964635077513173 -0.0662773152492916 0.112287769823606 0.100610867928117
-0.109403786771574 -0.12532516089673 0.15364277172766 0.288381650908843
0.0199135145747786 -0.048242257007045 -0.207006474868763 -0.258195776781481
0.0216654466661046 -0.0565589123694565 -0.16987761351593 -0.116882509528954
-0.0257361298067188 -0.0452511625540119 -0.0252315160195681 -0.0289818532546322
-0.0477731166091226 -0.00802148139453797 0.0464998716051907 -0.000737175321593832
-0.0269319279413896 0.0188161626025509 0.142320943890163 -0.0561863642166678
-0.0158558630504607 0.0245877668103932 0.149758548011269 -0.161749994375896
-0.00389140364845827 0.0274452815873858 0.12646293996215 -0.228975411458111
0.00386371722873106 0.0298636150200168 0.109803996957146 -0.256412703569938
0.00847236362985648 0.0398267374869136 0.105670607861178 -0.254615204667078
-0.00890542413403212 0.0476006619471475 0.115753303050154 -0.211567649223207
-0.0306660877438253 0.0507886366956861 0.117196249919914 -0.131934949705072
-0.074134173482753 0.0289449947297406 0.0369123348767965 -0.0637864342152591
-0.0633035968761674 -0.0321967307711003 -0.0612420068382598 -0.102503192970718
-0.0114525320308076 -0.0491786633710697 -0.12452181626022 -0.198606221395333
0.0084751353864953 -0.0351317658361137 -0.0805802209640619 -0.340079463272047
-0.0385891984968436 -0.158170980830051 -0.16340570230758 -0.25188098037799
-0.0378417777757388 -0.159832174725374 -0.138605597505624 -0.134104943708642
-0.119842668530245 -0.118819011369621 -0.0165253052849936 -0.0498534612078628
-0.164755267059106 -0.0315514467747708 0.0474616987185798 -2.45229446929542E-05
-0.137553550072807 0.0433265390750101 0.140683606575389 -0.0443373612393682
-0.0978816961568655 0.0912215341272758 0.151816109109182 -0.143536083162588
-0.0523283407297384 0.122157655448917 0.124921688313302 -0.198240346234159
-0.0293626891908794 0.120560563767122 0.102005006331612 -0.219140279002345
-0.0150206070775576 0.139323736199094 0.0884512953837138 -0.219746554098558
-0.0617442161683928 0.143828947266663 0.0936943550161412 -0.182582791904743
-0.108687010581667 0.12555799281617 0.0960941249462896 -0.11055349662514
-0.191161593681873 0.082666669417342 0.0131171564903385 -0.0495514010587414
-0.204910009367764 -0.0409308975785484 -0.0822718465661449 -0.0901423660392678
-0.135272599421864 -0.13802796334976 -0.137318424478272 -0.167574968410706
-0.0883015701741765 -0.169857768280697 -0.0946611680732762 -0.288044809658597
-0.0854562754587153 -0.258998043383465 -0.116581675152797 -0.195866088567166
-0.0911104931330674 -0.263182773661927 -0.0988785962696094 -0.118316408020687
-0.207210760117219 -0.19881712352754 0.000156447903814841 -0.0615825676771913
-0.276835855622795 -0.0667237571821985 0.0458944179519524 -0.00823396127053021
-0.247197041689464 0.0573234866848502 0.113014861187644 -0.0391959928650696
-0.180891049791964 0.144058354190674 0.121777043205688 -0.111622557235279
-0.100272046471559 0.201022326828852 0.097820320318023 -0.141314295703916
-0.0582767253856359 0.193444471478062 0.0777823353484143 -0.149616799941887
-0.0289297082595155 0.21677398199708 0.0628653765848385 -0.153148124909957
-0.091976482209284 0.222042339874081 0.0686536110650896 -0.125411390992717
-0.156237220527139 0.193049552687009 0.0729541017379252 -0.0703912323958566
-0.266960230912175 0.145519747773262 -0.00178605280002232 -0.0224230050166307
-0.3139078599082 -0.0157694352258823 -0.0845717380559753 -0.0641803860211334
-0.247810905149119 -0.180349802442046 -0.116458683114056 -0.121663996911359
-0.184305739751982 -0.267129523616202 -0.0746812648657931 -0.200646078885365
-0.123564275153557 -0.325077459450321 -0.0731487078886096 -0.0961088223668776
-0.142507276456863 -0.338804959522523 -0.053118888081259 -0.0626666551535678
-0.282499203975324 -0.257072551070411 0.0226124530498485 -0.0566988149695022
-0.36851963442462 -0.0892460478320969 0.037388263488847 -0.0198587966801235
-0.331813198580234 0.0709548799936643 0.0596053317188622 -0.0345134836272346
-0.242544529792346 0.181780245175162 0.0614997051625657 -0.0663763050486009
-0.132868851390291 0.251688750080675 0.046955142957582 -0.0634273208213737
-0.0763903865776177 0.237170773568695 0.0415584299656435 -0.0564613286720751
-0.0361440557823622 0.25948050710078 0.0340323526773048 -0.0630364549363462
-0.105489268794534 0.265462147605752 0.0443245129217395 -0.0467478455802467
-0.178337179441423 0.230673266247022 0.050124761164698 -0.014892817685006
-0.298942138874664 0.182329181542462 -0.00800406370762972 0.0103515093197535
-0.36764541556219 0.0141833111943202 -0.0666911595615788 -0.0349274857501545
-0.315531533432155 -0.188253673974224 -0.0644646713394783 -0.0709327930879966
-0.252647560327798 -0.314429421685007 -0.0211457112166267 -0.0917646472168566
-0.150590178239276 -0.343265598282384 -0.0292372638924506 0.0335153655907378
-0.185231056266375 -0.358311168664619 -0.00313767058926544 0.0237511649144221
-0.328677663377149 -0.263958282867261 0.0435056527837014 -0.0344554848770677
-0.406508461217407 -0.0828224768864303 0.0187799750685431 -0.0248434135763536
-0.359236674556038 0.084164067233936 -0.0127487565556916 -0.0197478975147252
-0.259575552759231 0.196722409625887 -0.0163633906111258 -0.00488769657500152
-0.140413358295989 0.264662301115184 -0.0139486878239501 0.0281814285751945
-0.0825930143496032 0.244802336936095 0.000626370992677088 0.0448725435718458
-0.0447879001672863 0.260950984782111 0.00396654640485577 0.0350506932199285
-0.11364820011101 0.262575690760289 0.0200443263331812 0.036792176918102
-0.184107896002878 0.220800329664432 0.0247934585331539 0.0418968892120732
-0.291944029430375 0.171182248879071 -0.0113902113834626 0.0397274334699592
-0.359660271776512 0.0214759762686212 -0.0383851931456618 -0.0100992961195395
-0.321469804887405 -0.176226959118798 0.00335813635325456 -0.0275758861801541
-0.275069357369718 -0.315589186867544 0.0488597369256043 0.0167735666496575
-0.156011978708652 -0.302818125716781 0.0127051093160719 0.170142275314994
-0.197789476690671 -0.305564865768958 0.0471338713717633 0.117540653456815
-0.312626876055263 -0.211244958044309 0.0550375975501264 0.000997177618767956
-0.360179837478821 -0.049547416103536 -0.00681530078716119 -0.0169380555158739
-0.31239821619212 0.0851258010005088 -0.0842817976846052 0.0099053333004207
-0.227044660336135 0.178098390809271 -0.0904218676055239 0.0674347840228127
-0.122606161957381 0.235621079963195 -0.0696889593887487 0.120364693125041
-0.0775472173445504 0.215246889849258 -0.0393659528168891 0.140022134606877
-0.0528955296846487 0.224638096977379 -0.02924618443802 0.123186685318744
-0.116153628632807 0.218088159831207 -0.0121064753484216 0.107252955384054
-0.174792205307442 0.168554474922118 -0.00879062224372133 0.0856400569947059
-0.24970878152368 0.11623912872206 -0.0196039033310991 0.0566296529095561
-0.296678512146652 0.00432221568185527 -0.0120998514738996 0.00841899398361896
-0.270639433051015 -0.154531915461758 0.0647072655325448 0.01036396074391
-0.247776799092709 -0.277393712374303 0.114218017663121 0.11334010258256
-0.135871580564197 -0.207773809942011 0.0496570982543389 0.27928358677368
-0.16786171097947 -0.19050645810299 0.0926123982099086 0.189432916827305
-0.227312587812044 -0.114546937272325 0.0586496738116123 0.0394668358504663
-0.235316793758754 -0.0108705808698924 -0.0289691026161678 0.00375736726718511
-0.203989143132051 0.0645911465613394 -0.130148287911551 0.0485112926088615
-0.153740066386527 0.126419130163795 -0.138681492222897 0.134797768471317
-0.085590699295607 0.167507713033939 -0.107863505094958 0.197592945316966
-0.0612516147248573 0.152705565365169 -0.0738511866115714 0.214029946319753
-0.0534129917536745 0.157455627293693 -0.066822115545381 0.191383798884654
-0.102471251368207 0.144170805716402 -0.0570244507064198 0.153366309766511
-0.140571637979907 0.0949911152769458 -0.0556089949605511 0.104118101578553
-0.174089586926256 0.048020430635572 -0.0354681133526024 0.0559119714904437
-0.194710730534439 -0.0132009353654639 0.00476223027328693 0.0218456869303059
-0.185860977420388 -0.113793621952646 0.105104645217811 0.0443760747334651
-0.188348119495751 -0.203822076646874 0.161627996417649 0.194597388407088
-0.0832797476214856 -0.0798427165046127 0.0758646350697242 0.342503670264374
-0.0889204134930298 -0.0524353461246554 0.129525260868974 0.225150098035367
-0.0898130503177623 -0.0182147586534655 0.0623081068949205 0.0718003438366631
-0.0715070871271967 0.00465918576810172 -0.0349752871491709 0.0289492877240877
-0.0736413099448832 0.0164073845435663 -0.141559159008732 0.0841347265558341
-0.0669522996582029 0.0463505612145376 -0.150323190707715 0.182974234644608
-0.0425098538909284 0.0702926572038862 -0.122048858541552 0.244683384460859
-0.0361249844072399 0.0676006609743659 -0.0980318938881416 0.255824861574559
-0.0376278212463771 0.070808617653766 -0.103562134391708 0.228412280843035
-0.0618738889083129 0.0609984696230135 -0.106369931897186 0.169511099622285
-0.0756404740847159 0.028768653340456 -0.103346785805536 0.0946482176250579
-0.0720215904165687 0.00595710671719396 -0.0520253015163855 0.0387274795625608
-0.0821334480547219 -0.00303635949764464 0.0135438705912224 0.0297834890105668
-0.0985078223290154 -0.0470984517015616 0.122239777471858 0.0750520197783307
-0.115105117980242 -0.101030816300652 0.185547926200124 0.24975633243973
0.0202307827266539 -0.0448612992173407 -0.192593660800536 -0.25435288544728
0.0240557484299443 -0.0549849607128924 -0.160276694527157 -0.113971591095187
-0.0231825634573522 -0.0448977147592376 -0.0243992984599767 -0.0284830970671798
-0.0457156843742706 -0.00858491525331057 0.0450041658643023 -0.000154236241962552
-0.0260735670725977 0.0175343343142436 0.139002325485977 -0.0520450007605019
-0.0146050526583052 0.0242690048567609 0.14751942655467 -0.153293516201747
-0.0043931877273056 0.0268811728847445 0.125844363818157 -0.219109071890664
0.00281961790653004 0.0290149055790388 0.111631572750139 -0.247936616844753
0.00678377872416159 0.038483890120676 0.108013785801287 -0.244437695179682
-0.0103850736248614 0.0458752842898983 0.116330329243548 -0.201741031848721
-0.0307318416242164 0.0481284728186707 0.115663922810664 -0.125119069016969
-0.0727857578051111 0.0262040936746827 0.0365837605049358 -0.0610332835910869
-0.061392098360234 -0.03317708792737 -0.057119115135295 -0.0991201863433878
-0.00926831403218928 -0.0478551671418634 -0.115049487540621 -0.193766959148957
0.00949875328812222 -0.0335242245453917 -0.0697189110938123 -0.329678530369187
-0.0336259485469915 -0.152569359631344 -0.150790601988557 -0.248367717689677
-0.0313086179806314 -0.155742549039874 -0.129721505717717 -0.131143290869215
-0.112810778896952 -0.116956552602859 -0.0154324676489401 -0.0490577458968968
-0.157564722181959 -0.0329951155699844 0.0457278321874536 0.000754306588337404
-0.133850033028949 0.040300033014006 0.137265848340648 -0.0409186455218131
-0.0957354750378118 0.0865593875999281 0.148708929336239 -0.135276349154215
-0.0527267350362936 0.116840357139759 0.125451432714761 -0.190175430014472
-0.0312126107215805 0.116124884353601 0.103889726772425 -0.212450313346203
-0.0180720248076817 0.133609557190478 0.0905075402120478 -0.211148308601481
-0.0630048630376767 0.138430424796977 0.0945444504536479 -0.174849172987221
-0.107724708126441 0.120072652088006 0.0944998906027877 -0.105793826036098
-0.186346675724937 0.076134318529744 0.0130275823177651 -0.047164061556397
-0.197864790718893 -0.0434117074850674 -0.0777241989009748 -0.0880962212948727
-0.127255697417522 -0.135326011300609 -0.12827883485407 -0.165266635004232
-0.0808766952475472 -0.164229793657136 -0.0839955362508403 -0.280512029700698
-0.0764122653352872 -0.251037609375317 -0.106815312175179 -0.194356009143529
-0.0816710682337112 -0.256746096508918 -0.0913035844267439 -0.115321184755742
-0.195626309022238 -0.194629745803115 0.000738456750238233 -0.0602016258130117
-0.265511178994724 -0.0672892701517219 0.0447096314209107 -0.0074822832543874
-0.240293326905846 0.0529377979955759 0.110543453783658 -0.0361867372874117
-0.177142824056565 0.136781332931504 0.118367865143759 -0.105589012666047
-0.100443312873745 0.192365613531425 0.0982994358751907 -0.135626944262148
-0.0603664305768954 0.186485826516942 0.0794976955419542 -0.145252820194653
-0.0325802022527093 0.207875668224313 0.0644426284049907 -0.147106463422919
-0.0932211464590481 0.213052570513811 0.069944675912206 -0.119759616172369
-0.154804460329121 0.184766329590103 0.072077418198356 -0.0678560011837003
-0.260578165733564 0.135321359708333 -0.00290195185486706 -0.0209073219746294
-0.304384703679278 -0.0202432820564514 -0.0807834408177526 -0.0632465403702768
-0.235120204303134 -0.177898631313925 -0.10971501230149 -0.120040807282672
-0.171115524264097 -0.258755640822788 -0.0653913248052508 -0.195139078279627
-0.111994905745424 -0.316814102704695 -0.0677662880049068 -0.0972818557183143
-0.130256655306521 -0.330215117720614 -0.0488316508532397 -0.0618526512193022
-0.267830065552779 -0.251122284513732 0.022702629737942 -0.0556871748000494
-0.353780228507714 -0.0908186166326349 0.0373485309633052 -0.0177974791110197
-0.321792074909825 0.0654704835233275 0.0585617720175387 -0.0324577426665549
-0.237384100023184 0.172367948273908 0.0590425382411692 -0.0632419097550972
-0.132272388788972 0.240467279544928 0.0485076459672421 -0.0610906889452765
-0.0784130492440141 0.228570697337955 0.0426433142639302 -0.0549400109464702
-0.040676508796004 0.247916997983598 0.0349030086534777 -0.0594029191495447
-0.106804012451283 0.254449374655896 0.0452305674487941 -0.0450550766125444
-0.17636442636222 0.220808803120179 0.0488110712906362 -0.0157838003444657
-0.291608620413166 0.170587683038436 -0.00948995807886756 0.0110114078592755
-0.356191481800226 0.00848444771253079 -0.0636379690117627 -0.0351254119649114
-0.299952505264824 -0.186009351202421 -0.0608296463338097 -0.070618474705182
-0.236833497643143 -0.304868242103282 -0.0167201706467828 -0.0890058045900191
-0.13737535323819 -0.335178981277017 -0.028930305350389 0.0288024260699315
-0.172230823478669 -0.350569099322071 -0.00267141322762791 0.0218938039490651
-0.312349056921778 -0.25932788362403 0.0430758479366151 -0.0337040203928978
-0.391049935454494 -0.0856631242884111 0.0196355037225106 -0.0233511535726307
-0.34881219166142 0.0773230687700749 -0.0115672963387813 -0.0197419162662891
-0.254253593059968 0.186485935216346 -0.0174151111055622 -0.00505064317667567
-0.140466505384005 0.252460803502152 -0.0114850366564796 0.0264695042500773
-0.0843992571887436 0.235226724301189 0.00141658354289469 0.0433439290089679
-0.0486182987017797 0.249544432581895 0.00356891335617329 0.0350852993508016
-0.114348379649642 0.252275210824536 0.0202210848813553 0.0354063469612876
-0.181790595693663 0.211647932879087 0.0239086338026495 0.0389506078219758
-0.285066715952944 0.160271207314745 -0.0126457195072019 0.0395154935903543
-0.348289417415511 0.0151051046332766 -0.0371650767679242 -0.0106189787489119
-0.305638253020751 -0.175302020282614 0.00296359644129382 -0.0270939111892801
-0.257892339712558 -0.306131126428634 0.0484753357073561 0.0169849444014516
-0.144238149183852 -0.296687274018142 0.00811716353159125 0.161835238886204
-0.185573520442115 -0.299113551333082 0.0432819755802142 0.113357493950843
-0.298781736516183 -0.208101400081275 0.0540881055296239 0.00115573543435985
-0.347647002396207 -0.0528324607283132 -0.00508925145700822 -0.0164745854094481
-0.303816000920923 0.0788461389130495 -0.0813851549942709 0.0075235646650694
-0.223020653388979 0.169980565376086 -0.0899047651089942 0.0632407467161516
-0.122839572360653 0.224367687430408 -0.0671867502689118 0.114932405987422
-0.0792403207046073 0.206718149680617 -0.0390587951723823 0.135110082871798
-0.0556144594169522 0.214251538989286 -0.0303679056872389 0.120142015530325
-0.115637567281059 0.208110542856723 -0.012770661906057 0.10297522258382
-0.171424535067694 0.161604610486345 -0.00977598934102982 0.0807553564950389
-0.243621297184786 0.107023072063572 -0.0211532182906661 0.0556215920040707
-0.286252503970807 -0.000148646019938551 -0.0121514481373283 0.00751769077040917
-0.257434501731853 -0.153530282296444 0.0615824739533307 0.0105619434964733
-0.233353232816487 -0.269511973985071 0.109057955674623 0.111963423679557
-0.126970076437559 -0.205038356732567 0.0407484411574548 0.269991771977738
-0.1591565535379 -0.187576392368367 0.0848643051926674 0.183592855828515
-0.218961125688322 -0.112371259014634 0.0562253102972556 0.038137266645924
-0.227794565361121 -0.0136377332162865 -0.0268685220157141 0.00311277108797372
-0.198919390045552 0.0606078021512775 -0.127128011810988 0.0447179275351079
-0.151309969401197 0.120419120261561 -0.137423587860618 0.127602591508299
-0.0860436489312373 0.159458859751116 -0.106587418385166 0.189080533345095
-0.061908225386368 0.146731160298358 -0.074359190975031 0.207220868221695
-0.0545360532892033 0.149679357433499 -0.0679337077068097 0.185063123683637
-0.101052910839825 0.136938303671998 -0.0575046653883618 0.14725633295158
-0.137571887181655 0.0904282916959464 -0.0554024123398444 0.0978971643722673
-0.168490067613986 0.0431293191509561 -0.036306728311046 0.0540349538580671
-0.187332369782416 -0.0152831155728865 0.00407529449654096 0.0201407182055054
-0.177289207893567 -0.113160540645467 0.0998749924405665 0.0445457010311812
-0.177282468640889 -0.197322863474221 0.152475386859648 0.191523372426166
-0.0789345454709833 -0.0804484264467341 0.0651162930798476 0.332698771305028
-0.0856514140530832 -0.0525190302741323 0.119271933780196 0.218738926475767
-0.0877382609521048 -0.0175913661239368 0.0589548782863736 0.0698051476587911
-0.070022407500166 0.00394853969050947 -0.0337224233377842 0.0271362522917738
-0.0718328490892032 0.0151627596081731 -0.138697586041983 0.0789613103016032
-0.0661545461128205 0.0444874429544618 -0.149236471247711 0.174018284397559
-0.0424795773089769 0.0664575069621577 -0.121703008223596 0.235331740189849
-0.0361224830413961 0.0648020703896625 -0.0985909918277918 0.24803546781357
-0.0373317897332376 0.0669787810139726 -0.104182331010869 0.220590336564235
-0.0603159220105077 0.0580560737757174 -0.106420934600725 0.161956311086125
-0.0729263662479715 0.0272157766123247 -0.102073992284072 0.0887628270375746
-0.0690791684862415 0.00470049532815888 -0.0513200646425736 0.0365007353108111
-0.0786630018548915 -0.00292547243315061 0.0126345061636479 0.0281502229533879
-0.0951087241123746 -0.0473892678586713 0.116000451311307 0.0744594918302802
-0.10962171813562 -0.0981941113568716 0.174117882675993 0.245993167815469
0.0218762106487386 -0.0428856468395559 -0.181096758105161 -0.263503025147654
0.027324738131829 -0.0550364133741744 -0.154676165949943 -0.118200883728436
-0.0209872485812286 -0.046817688791342 -0.0238046166409135 -0.0291145103953369
-0.0453868720752229 -0.0106261981298482 0.0447440705949606 0.00142730429653433
-0.0270138686060748 0.0164689274604915 0.142388034490144 -0.0477641091108168
-0.0150550946356349 0.0238294546655548 0.153755745999532 -0.14803859965981
-0.00482235091171958 0.0273162886340027 0.134424559332721 -0.21571242371023
0.00166475248297041 0.029566728770277 0.121677302381215 -0.248027801030661
0.00483269273239421 0.0386025297888045 0.117653945751742 -0.242776537061665
-0.0127704349984985 0.0460995301012543 0.124833035701004 -0.197950161658667
-0.0332087284876788 0.0471357476627396 0.119885218600805 -0.12201064510193
-0.0738826744639607 0.0231113781735197 0.0386565211371798 -0.0599907836432475
-0.0615424202126469 -0.0363714290439106 -0.0537759742444233 -0.100630359171653
-0.00647578900412216 -0.0482009128079735 -0.107865585497986 -0.199108083045717
0.0116652619564983 -0.0336931866133197 -0.0557353495513696 -0.332224156346359
-0.0273942830797786 -0.152984885939239 -0.139803179112162 -0.256442406222803
-0.0247508007549757 -0.158213892390461 -0.122729468429304 -0.134587652933603
-0.108160691855297 -0.121417571304328 -0.0143574811488231 -0.0497831502997079
-0.15668343053982 -0.0379591782296804 0.0462081493549053 0.00249532243022068
-0.135746813066672 0.0367113094762936 0.139722937326657 -0.0365665207695275
-0.0984783897479652 0.0840899308478689 0.153176407494121 -0.129967724022809
-0.0566673387146103 0.115626554182651 0.13278916499807 -0.186429532550096
-0.0359310032898587 0.116330574030239 0.112742743207398 -0.211992253258058
-0.0234550541232398 0.132881344116207 0.0994645810194022 -0.209100812278373
-0.0685397732396608 0.137540830906957 0.102731296193408 -0.172230598447103
-0.112890139919931 0.117404457076345 0.099266432544108 -0.103575178871184
-0.190394796986874 0.0690778321655194 0.0141262624861991 -0.045749328142917
-0.198763742996068 -0.0504713232636017 -0.0744247979162889 -0.0904665992371355
-0.120985050986533 -0.140019969562808 -0.123000438581909 -0.171032411196444
-0.0738385758829469 -0.167241623464717 -0.07155162370776 -0.28354075798162
-0.0664149049477817 -0.253517193783655 -0.0996460726037609 -0.201877220731861
-0.0711182648883404 -0.261337601985575 -0.0856480868287497 -0.118693459707057
-0.188649978412017 -0.20074709286142 0.0030237946222763 -0.0610869070014927
-0.263134014894243 -0.0762776297858044 0.045349964466322 -0.00537032295462988
-0.24347144562702 0.0466548246117405 0.112843069024125 -0.0331398999618879
-0.18225378064344 0.132446899495201 0.121614875855248 -0.101506318187981
-0.107513279878009 0.189264185808674 0.105162104754102 -0.132884838734035
-0.0677851395775891 0.186075666347007 0.0858690488738046 -0.144848249031329
-0.0407232133704333 0.206140069172114 0.0710239881532042 -0.145367681871735
-0.10138969269645 0.211779158929997 0.0761438929877301 -0.118609723293116
-0.161985362052891 0.181528584960717 0.0749913946139733 -0.0670175401064459
-0.266381587477912 0.125665068984574 -0.00325076761330409 -0.0195428185911109
-0.30621714422921 -0.029475482817249 -0.0782106581850857 -0.0663636524249073
-0.227940734112855 -0.186771107216986 -0.10645949661659 -0.125007050744656
-0.16072818027885 -0.263997787983329 -0.0565804361785965 -0.197709650736775
-0.0995928640044247 -0.321262141587566 -0.0641689351507666 -0.103819859285939
-0.116970116942706 -0.336809276800465 -0.045435544170633 -0.0638189875330236
-0.258572599958843 -0.259393123257102 0.0252621763526373 -0.0559006501293793
-0.350923192997174 -0.102469854753251 0.038618041619134 -0.0165454966687668
-0.325808762809894 0.0566501095852834 0.0614062733787819 -0.0311127717297278
-0.24388349793736 0.165816924000672 0.0608239417607582 -0.0609611664239507
-0.141249491657954 0.235695305657261 0.0533072452030579 -0.0601173154964879
-0.0880070082195501 0.227321856414659 0.0465467511646925 -0.054586713490454
-0.0502940510865638 0.246331642310579 0.0375499849849441 -0.0578393082585219
-0.116589447075395 0.25200069215574 0.0483666428019817 -0.0436359786143426
-0.185200536529135 0.216685541242433 0.0499719037307068 -0.0155268418853764
-0.299178086214802 0.160097688810348 -0.0111048611788161 0.0129083665568847
-0.358534530741502 -0.00285400606264011 -0.063119931244904 -0.0380778496816044
-0.292904094448092 -0.19650531039473 -0.0588183480268514 -0.0738810067347158
-0.22433351816766 -0.310836805540404 -0.0120787546522453 -0.0899600880962037
-0.12544846055436 -0.342294777338073 -0.0308212746071027 0.024680144756319
-0.159113255669145 -0.359308671758676 -0.00287237874204639 0.0211112906381831
-0.302771680562505 -0.269341004859211 0.0446429801076841 -0.0330970542838992
-0.388866988767059 -0.0983434559635012 0.0220206435013504 -0.0228092056973602
-0.353348119638456 0.0675750527427606 -0.00955544932016814 -0.0201422684867883
-0.261999965142706 0.180114264251226 -0.0183560886458642 -0.005510033289795
-0.150248401408993 0.248188830016858 -0.00985110109872085 0.0256996301786672
-0.0933719509449001 0.233995062909181 0.00163391103530242 0.0433948167798367
-0.0587593052538053 0.246792015722531 0.00294768504497436 0.0365744973431836
-0.124323799893108 0.248695536270082 0.0201271787798645 0.0357576822083163
-0.189628540242386 0.207259200750727 0.0228070228580325 0.0385025297932667
-0.29178503008757 0.149546895895196 -0.0153548518107053 0.0408061131979639
-0.350170278049125 0.00482307306176149 -0.0370522322697127 -0.0124974051397419
-0.299884471842838 -0.186285837594618 0.00374618295260778 -0.0277872960462169
-0.246312590228744 -0.312968367952113 0.048971217532342 0.018914272329191
-0.133511986363536 -0.30438593269309 0.000408227421697308 0.160264292161934
-0.174779215140027 -0.307706133699887 0.0389202888941757 0.114037298933892
-0.292295090206218 -0.217623920148081 0.054671024356757 0.00203803917714927
-0.346518754368103 -0.0637034032768617 -0.00302510787673551 -0.0170457375072358
-0.308214608421103 0.0703059721659772 -0.0810723059627115 0.00485798549033894
-0.229808480595558 0.164122801408881 -0.0938737410185619 0.060057568853272
-0.131529030372159 0.219863175376208 -0.0692270088123651 0.112896229363178
-0.0870048026681905 0.205121793142801 -0.0417021065027435 0.135126650146356
-0.0644445301941067 0.211717508970619 -0.0343997816852107 0.121444165589204
-0.123960723354812 0.204499711136153 -0.0160343954295005 0.102539015720072
-0.177841053711657 0.156615887908585 -0.0128300985620822 0.0786488348330395
-0.247854668177642 0.0985742030368482 -0.0242584463791829 0.0563478356609306
-0.286718023373758 -0.00818457486111028 -0.0124692284681013 0.00607245116830068
-0.252387318722995 -0.162952381125944 0.0604619551413419 0.0121583091777202
-0.223107207070846 -0.275558233892765 0.105760516590654 0.116762572814614
-0.119791679694321 -0.212148300252203 0.0287213607539992 0.271254164349638
-0.15330604153683 -0.194858578044609 0.0767393473185574 0.18619711706922
-0.216580240550927 -0.119390796182053 0.0559179064527503 0.0397162531914454
-0.228319206429652 -0.0198611649418001 -0.0257105463251498 0.00158150650316422
-0.201722513899944 0.0557104111189592 -0.128972183550196 0.0404470544340293
-0.156639869944297 0.117105133415835 -0.143369806861173 0.123318022587645
-0.0921671914727971 0.156011855441602 -0.111845560381929 0.185749270086367
-0.0673203142743674 0.145405623130407 -0.0801522697305274 0.206365696684934
-0.060532407383629 0.14706743630705 -0.0750602460556473 0.185519361280784
-0.106276735603488 0.133581063234437 -0.0629851894017621 0.145630585012453
-0.14067543004523 0.0866434822342411 -0.0588334449365601 0.0951178036005777
-0.170330575447012 0.0373671804779198 -0.0393467622218844 0.0533783660381644
-0.186497228994795 -0.0198916229707836 0.00342538847822431 0.0198710926856367
-0.173829947662004 -0.119182927792833 0.0980416150780107 0.0474851992307541
-0.169562719528197 -0.202317042677158 0.146818937384821 0.198596289259576
-0.0771450728775857 -0.0852020323705808 0.0509315889260592 0.336925116679869
-0.0850123969764662 -0.0559598938270278 0.109662774899836 0.223478499536679
-0.0882643279788264 -0.0188162035395151 0.0574711829339261 0.0710128974842039
-0.0704144017377366 0.00304977313708776 -0.0341285502081661 0.0259186902128658
-0.0728219936137483 0.0141203869194274 -0.142565237062884 0.0749149862583882
-0.0680097908698756 0.0430461683034649 -0.156851334974785 0.169442963078205
-0.0452313130662695 0.064778448933403 -0.129668849534068 0.232150378546918
-0.0383015467914512 0.0638782197315616 -0.106141058353115 0.247011866481411
-0.0397552265906737 0.0650069215803265 -0.11257680706287 0.219380727497262
-0.0621536479169498 0.0559035818180367 -0.112722041681472 0.159012188901774
-0.0738398511854962 0.025271551248618 -0.10567612169942 0.0847246994151076
-0.0686231235848655 0.00242433670354378 -0.0532399563653474 0.0345949061400405
-0.0781353980511456 -0.0051318009164028 0.0117541389668713 0.0281746144595962
-0.0945183396864056 -0.0497731081733112 0.11359859784667 0.0781475505261672
-0.106783923364166 -0.10112984056082 0.166286694798059 0.254727969026865
0.024212375270815 -0.0425715033966799 -0.179704700241108 -0.281923172389834
0.031374985643624 -0.0577057836953315 -0.155838415750918 -0.125536452449921
-0.020232252243089 -0.0505879760876583 -0.0249850068038322 -0.0309323994571958
-0.0472016178315968 -0.0123094892200887 0.0466215009389606 0.00306071917736784
-0.0288736478079929 0.01658871981708 0.150519965657733 -0.0471510997154404
-0.0152396906041716 0.0244290128520663 0.164789866833886 -0.150850984519493
-0.00615491952198246 0.0289608764611399 0.14536652354509 -0.222246458056132
0.000579781806035828 0.0310007908937789 0.132450167311958 -0.258617725881503
0.00343301926389517 0.0405799035357152 0.130572673477567 -0.251575049666732
-0.0155127040524417 0.0483215008653205 0.136151736057087 -0.203972460806676
-0.0363457380852019 0.0481812180657799 0.128917381848708 -0.123746234618884
-0.078387418049476 0.0217985501908393 0.0422107751315245 -0.0609092100684446
-0.0640593766404213 -0.0400732919790543 -0.0530593212725472 -0.1058529355275
-0.0041683594712397 -0.0513991368209258 -0.106749901787269 -0.209590271419151
0.0136523013767262 -0.0356025778750837 -0.0475367974781985 -0.348524124434994
-0.0241790465549515 -0.158906366023657 -0.137529364543044 -0.274707305274578
-0.0205218659967671 -0.166583311659445 -0.122230445857767 -0.142187368493587
-0.109570537379113 -0.128839569726865 -0.0142308721891259 -0.0523671207800434
-0.162533614022845 -0.0430776423689724 0.0481290873184623 0.00381546518007446
-0.142697527078015 0.0360447089472794 0.147809731188846 -0.0357370481155926
-0.104221687260398 0.086018886739652 0.163529716793173 -0.131858043258894
-0.0620465172760727 0.119981836686101 0.144448408374393 -0.192294877301433
-0.0408928719310999 0.121104215437562 0.122308904140578 -0.221142494624151
-0.0287828607382104 0.137360079407489 0.110208976994531 -0.21743397982214
-0.0758082118022373 0.142778650869763 0.112641248339912 -0.178674354204133
-0.121351199891904 0.120055292291654 0.1065786953354 -0.106222203225291
-0.200799234998278 0.0664931242309207 0.015403611268456 -0.0462057282049684
-0.207690655336665 -0.0573146364278596 -0.0752841813636013 -0.0963260756126254
-0.121221783313155 -0.150387799045894 -0.124547266402616 -0.181163794030686
-0.072041626141444 -0.175794722996002 -0.0656007995246335 -0.297550918778759
-0.0617357809468461 -0.265319023199911 -0.0973687094985111 -0.216760862439676
-0.0665918680040491 -0.274953083074186 -0.0835461218856876 -0.125160418722202
-0.190956993538612 -0.213525463289894 0.00426232839111268 -0.0640648811962587
-0.272204175950673 -0.0856274915551184 0.0481895466489494 -0.00454596398477235
-0.255150212723701 0.0443999879471347 0.119992728285319 -0.0321990046519902
-0.193143537628474 0.134645703930054 0.129048462450987 -0.10276411564929
-0.117421531942676 0.194143266879782 0.115009716650276 -0.137084357167355
-0.0756332173204812 0.193290392205686 0.0939575016603652 -0.150759729077811
-0.0487274849164475 0.213574341569815 0.0788567436607117 -0.150329275681909
-0.111882822719956 0.219268802714677 0.0839978003268432 -0.122513319129336
-0.173871736006191 0.186479885275714 0.0802219071978874 -0.0690482689271932
-0.282080531169653 0.124071779724222 -0.00354875812825961 -0.0187754277141076
-0.319893713827764 -0.0375721658385165 -0.0803355877064163 -0.0715941517190244
-0.231737437590125 -0.200844379408397 -0.107990534196562 -0.133263890477702
-0.159645941523364 -0.278076556598725 -0.0524556046058093 -0.207687944980155
-0.094885550083584 -0.337636634438432 -0.06413625380571 -0.113302878684026
-0.11295019241563 -0.355653047909275 -0.0439735706646233 -0.0685431671968961
-0.263028395046655 -0.276264433506238 0.0274362478889818 -0.0586281349855099
-0.362892650557662 -0.114796848255489 0.0422308076425834 -0.0160191765652363
-0.341831167955165 0.0536848382366268 0.0664443198409374 -0.0313875354765462
-0.25890466766859 0.168495315688184 0.064037949738953 -0.0619238368773221
-0.154434139573927 0.242389218643394 0.0596604714264026 -0.0621884244078792
-0.097494538956835 0.235932198397252 0.0508848249581401 -0.0571441783473101
-0.060590456358573 0.25404076790479 0.0421286821292955 -0.058637360317153
-0.128359270754682 0.260999547348351 0.0529691405550781 -0.045621572110171
-0.198371608531289 0.223346729285765 0.0526000691637589 -0.0170106541976049
-0.317462411553347 0.158885109142606 -0.0126231922496418 0.0152672847557291
-0.374992345287678 -0.0105938805528525 -0.0657800032057263 -0.0415290265235933
-0.299662883850182 -0.212357656674556 -0.060418033256238 -0.0789442271526174
-0.22411712626234 -0.32907663448327 -0.00876259848188581 -0.09426347971188
-0.120185964746701 -0.360376089888515 -0.0344407613314175 0.0223759928137065
-0.156353134467507 -0.379565496080173 -0.00313591026026639 0.0209120102842306
-0.309382072035764 -0.286677218149592 0.0477102416590446 -0.0349350603223621
-0.403515036702454 -0.110888468600648 0.0261827878835587 -0.0237024475083236
-0.371163393532952 0.0650818773603217 -0.00824411353521785 -0.0216682052733637
-0.278245323942034 0.183016383365356 -0.0199613271264752 -0.00598334565062825
-0.163482879739011 0.254510871083507 -0.00861901689108704 0.0260649436141466
-0.103972019863865 0.242446118914562 0.00229738940532933 0.0447417403608645
-0.0689156622758561 0.254876282029238 0.00324245585671287 0.0398012045142078
-0.136598823710197 0.256863370653053 0.0209772561780563 0.0366106921706144
-0.2030229072845 0.212369705029497 0.0227233094985908 0.0388396788071679
-0.309016655305513 0.148645463775498 -0.0176504434109702 0.0445396760556973
-0.3656729977421 -0.00253262940730632 -0.0397704413569476 -0.0147017820289317
-0.306446435185021 -0.20150214291672 0.00391483481170565 -0.0297605886186156
-0.246735073956491 -0.330997641171371 0.0515586200331898 0.0212301259290193
-0.131621805215653 -0.322288518502763 -0.00541814360167823 0.166110709986519
-0.17446307857627 -0.327451553129881 0.0367539351127928 0.119332899138363
-0.300373004965132 -0.232549283153409 0.0578378814880365 0.00204126460196024
-0.360666282164018 -0.0735624911064595 -0.000637193650912875 -0.0189701417121381
-0.324005950492244 0.068594231548693 -0.0835655689263291 0.00262902304942124
-0.244406177950198 0.167958930419156 -0.100753942445171 0.0609056168680683
-0.143749507157845 0.226345247364925 -0.0730163193695457 0.11503663170087
-0.0956410751400458 0.212372092976323 -0.0453412367081426 0.140477420553397
-0.0730565277864363 0.217967610330617 -0.0386766122584531 0.1277979147594
-0.135019523073404 0.210673511203148 -0.0188255210860552 0.106027613262989
-0.189258247965135 0.160125318496282 -0.0155529687768348 0.0802412504335041
-0.262276556942544 0.0959708233771673 -0.0274391045328778 0.0601225080516076
-0.298797315605916 -0.0143928611582166 -0.0141810875219444 0.00562683925349019
-0.258162850362896 -0.175105243211152 0.0621029270541484 0.0128484173398283
-0.224476167268223 -0.29094849669456 0.108263704504723 0.125312058879682
-0.120476600767219 -0.226331303431767 0.0210336224680627 0.283813499032939
-0.155105703968125 -0.207920640003042 0.0735858490490867 0.195723876815001
-0.223326516244662 -0.128213842005265 0.0574693878008802 0.0410050733202318
-0.237700087894802 -0.0249890836292491 -0.0254168155205535 -3.88354576358865E-05
-0.212298992372964 0.0545393904238373 -0.135068372612503 0.0392259874427852
-0.166624721054376 0.120424014977976 -0.154212812173854 0.125812236939117
-0.100628434760452 0.160518054167891 -0.119656528200591 0.191002360585936
-0.0740856462810883 0.150364454899152 -0.0866260811424752 0.214936122363724
-0.0672188557914421 0.151575892207608 -0.0820627763988851 0.193947673903539
-0.114224923319328 0.137162071214336 -0.0695773703240918 0.150681951126208
-0.148707511348051 0.0881820771004339 -0.0645627280388908 0.0963794977153513
-0.178884296964542 0.0350687304383602 -0.0429347685434118 0.0559127969817741
-0.193832176076638 -0.0238728689387055 0.00239594540422895 0.0196888442112608
-0.178391253365282 -0.1277190645036 0.100812593570075 0.050656420839128
-0.170822116990468 -0.213410144135891 0.148137086311485 0.211610552141799
-0.0790986419594817 -0.0923584707052012 0.0423794814418818 0.353974745448245
-0.0881807619195378 -0.0604491760921126 0.106792149547891 0.236079115574689
-0.0922078688352713 -0.0203080157402413 0.0585443317664217 0.0749326082897275
-0.0731985994648522 0.00249580208061055 -0.0354974786743745 0.0249246961628649
-0.0765370683927584 0.0132497209504558 -0.151116139708449 0.0754704309150169
-0.072462088988106 0.0441538916955585 -0.169155693676008 0.173860890240723
-0.049114143798373 0.0662696191572073 -0.140345166513626 0.23989041098275
-0.0410157958204668 0.065740732477971 -0.115791152839071 0.257483924467382
-0.0432140958378089 0.0665413935421829 -0.121944804637264 0.228038849264647
-0.0658165036192632 0.0564386415618119 -0.122412872649327 0.163893581423424
-0.076984577955071 0.0250758461300915 -0.113099247048911 0.0852457564954483
-0.0715525541885894 0.00113889220353722 -0.0572827983552147 0.0348849346247225
-0.0805848400288761 -0.00587546546642434 0.011300410615819 0.0291351956941136
-0.0979634129019232 -0.0539489347861446 0.115472666649133 0.0833787922620383
-0.108302985557894 -0.10696402468899 0.166621644035234 0.271025363756933
0.0257915366315857 -0.0440246256207707 -0.19236448955155 -0.301823936794545
0.0335006404811104 -0.0635128485404956 -0.165074313453465 -0.130636625649174
-0.0219145002486758 -0.0549437257701277 -0.0280216472007585 -0.031764591707379
-0.0507904803800449 -0.0128985191594666 0.0493392044178653 0.00279479496994611
-0.0305786311327662 0.0179200661887945 0.160666841588939 -0.0541454965509208
-0.0152981372850966 0.0261451279111718 0.173978484835768 -0.163456892977809
-0.00532948346746952 0.0318345202922543 0.15165455732106 -0.239713274179745
0.000813487777600147 0.0332875106160475 0.136309135817088 -0.280803171978066
0.00358440685452959 0.0433491413136236 0.13611911026127 -0.272083177083834
-0.01620404016808 0.0523052946066415 0.143768658020029 -0.219516324963682
-0.0383227190746057 0.0519507778331536 0.135828291761351 -0.133789337473858
-0.0837098348414814 0.0238387459859081 0.0446466409137336 -0.0649678258659678
-0.0706189981421126 -0.0420788069406095 -0.05780774624024 -0.112135523508369
-0.00400336560775946 -0.0560034338687157 -0.116916816032212 -0.222215517371095
0.0140173326884305 -0.0391367864300878 -0.0539248142243738 -0.371136613604745
-0.0266053894513453 -0.168142579683308 -0.148444470872684 -0.295309216874722
-0.0236818091657698 -0.178846878330726 -0.129280331850566 -0.149602183162387
-0.118059005510164 -0.13619137631959 -0.0167636933980179 -0.0553847952073674
-0.173221259895395 -0.0434635771436843 0.0514553203024058 0.00362721041627927
-0.152578565308624 0.0418967510511267 0.158242398707822 -0.0416721001490888
-0.109513888433508 0.0938684254841618 0.172703071891051 -0.143347964761615
-0.0646619386380903 0.129335164665253 0.153064279484635 -0.207557623518037
-0.0419130941701876 0.130587587399936 0.127463991804386 -0.24076561022224
-0.0293577729741043 0.147555830697612 0.115197815704438 -0.235126396179563
-0.0798530112231975 0.1544721244292 0.119560209354809 -0.19302287762411
-0.128639375286398 0.130199525818746 0.112201785441629 -0.116208839216499
-0.214716677968539 0.0735883164884841 0.0154793156549823 -0.0482073587704908
-0.224092912159902 -0.0581164891213383 -0.0821229714123352 -0.101377377894921
-0.130325365044951 -0.159629682389634 -0.135881628526841 -0.191520678303022
-0.0786316786020552 -0.187307631769265 -0.0726429157376415 -0.317318149485224
-0.0679061642018521 -0.281592870804989 -0.105888036344939 -0.233958947577934
-0.0746233676837137 -0.293717550141276 -0.089051820211449 -0.132518246079042
-0.20629556389706 -0.224357699722141 0.00335458242843347 -0.0683925455028265
-0.291080115906721 -0.0862022534219116 0.0519631265659702 -0.00572371994669042
-0.27187124538083 0.0533909184176247 0.129361190881644 -0.037301555752188
-0.203731022375545 0.147844318363459 0.135966947534193 -0.11118558247948
-0.122149829418348 0.209659385041698 0.122991360752903 -0.149024103848263
-0.0783753333088678 0.208313587374197 0.0979984892556735 -0.164983615530762
-0.0499659949382017 0.22847926049012 0.082957331687793 -0.162213885299208
-0.117341252855876 0.237215746392215 0.0887821948996977 -0.133470426587126
-0.182797615862331 0.202722231713609 0.0845566137690136 -0.0766705789235464
-0.300797277084676 0.136488963205709 -0.00419167460345757 -0.0176187456137014
-0.343310698090889 -0.0343445222945154 -0.0870638362869456 -0.0751330826547027
-0.248407713254337 -0.212047676779154 -0.118206908017921 -0.14087191862774
-0.172816114899929 -0.29363499957608 -0.0568185627050716 -0.220968601196797
-0.104754636778333 -0.359209897346897 -0.0707775444765252 -0.123335535319735
-0.125402391815688 -0.379402684379837 -0.0465350847054988 -0.0725356218263008
-0.284437059772369 -0.289009921957742 0.0284756081356282 -0.0641468142535841
-0.38893665339459 -0.11551126657599 0.0458473752446693 -0.0186638483731518
-0.364350498792729 0.0647031913762007 0.0723422900253644 -0.0351712671596196
-0.273260372930453 0.185802940435868 0.0669887645963305 -0.0664676374693177
-0.16195497870396 0.261067259327011 0.0654245801443799 -0.0681281268372357
-0.100820996432566 0.254366792102815 0.0545087976690331 -0.0637493946759178
-0.0618667682868149 0.272074471328947 0.044802903187908 -0.0629999509719982
-0.134324054291428 0.281517883548264 0.0571384300240544 -0.0506926201329947
-0.207762453946569 0.242084695558104 0.0554433765823156 -0.020232381841513
-0.338117926890708 0.173593575785656 -0.0131097635389828 0.0194098396473882
-0.401563110551259 -0.00350203926332 -0.0716347024429432 -0.0437026950231925
-0.320914199882745 -0.223677756584379 -0.0667169649512621 -0.0837939333413607
-0.242898921838198 -0.346589330215592 -0.00923677165358189 -0.100204625827458
-0.132861333665219 -0.384248299286831 -0.03775124676725 0.0221744489393368
-0.172108833700901 -0.404063950266819 -0.00290098433202419 0.0218387569316042
-0.334876778889984 -0.299833508332255 0.0504764118089855 -0.039653790863663
-0.431228168770037 -0.111303789009819 0.0283599236861834 -0.0267670744529666
-0.395540552227746 0.0776485811869027 -0.00696187427220878 -0.0239300379348977
-0.293837868150168 0.202131521615104 -0.0225518202953367 -0.00528273252514297
-0.171919764599444 0.274369097994709 -0.00592723874245684 0.0269769435029139
-0.107511754147067 0.261084062100683 0.00518606660951804 0.0470109238800997
-0.0714515839795056 0.272382096750604 0.00511105388301921 0.0436569255410593
-0.143077097679819 0.277339218833874 0.0237073967898852 0.0380258284868269
-0.213887240722361 0.231024956807737 0.0242203622756403 0.0393691007103046
-0.329527132842696 0.162006464831257 -0.0184783075703457 0.0507781654115652
-0.390408479968156 0.00474618653368773 -0.0431668751380382 -0.0157892736918275
-0.329155932693705 -0.21167548425199 0.00184547700367585 -0.0321447390758258
-0.265807864118229 -0.348399814276654 0.0558995330612534 0.0226523762261374
-0.144821166391776 -0.344041541850291 -0.00607720925957273 0.176707686856391
-0.191654264922487 -0.347329737720075 0.0396654779218984 0.126550058909762
-0.323831289063786 -0.242414693095479 0.0614864928942 -0.000922958648380825
-0.385952906613397 -0.0717528704854149 0.000601499426223642 -0.0215878552263083
-0.345169938373474 0.0803580784295093 -0.0876093343153653 0.00352070321698075
-0.25891656363805 0.18559713341764 -0.107836901011706 0.067229068383192
-0.151362168239099 0.243656879905379 -0.0742201760210796 0.124000365510798
-0.0994016864323162 0.228633387973281 -0.0445744593239361 0.150411239060451
-0.0762409365535411 0.23365375986774 -0.0374739528991431 0.138783839535282
-0.141177026587693 0.227113794427391 -0.0188405450022096 0.112741249892887
-0.199630195959753 0.17451539413337 -0.0163822091004343 0.0843450126755712
-0.279573706461906 0.105851796037063 -0.0292072995926633 0.0668437239785338
-0.318574623509054 -0.00925978782413133 -0.0159125640921518 0.00562508128400178
-0.277245511299484 -0.182905549149472 0.0652504146935697 0.0118015579405738
-0.241518667378004 -0.305454942749704 0.117843794840367 0.133514462456115
-0.132582466052752 -0.241157257755946 0.0242110062429437 0.302920923166884
-0.169235239240372 -0.220950849655366 0.0798660851797626 0.208035509243312
-0.240668968926474 -0.131678154614397 0.0620301545407463 0.0405560928945156
-0.254975280417245 -0.0213454197247268 -0.0259908566674378 -0.00117445232095146
-0.226320310711846 0.0635736179044224 -0.14346054450439 0.0436977696315472
-0.176592335062413 0.132850459231961 -0.164104351421105 0.13782854109552
-0.106454015559693 0.172360083207838 -0.123408467504294 0.206074736215969
-0.0764745710129379 0.161405936467807 -0.0874765512813455 0.231553690276756
-0.0703497907172247 0.161974004379136 -0.083487198749627 0.210137662904292
-0.120480689312188 0.14803432376581 -0.0724934688419001 0.161592567987219
-0.157097742520804 0.0963060047992675 -0.0684720117457255 0.102739089359425
-0.190943225801908 0.0399478825433697 -0.0456094909590691 0.061519452622811
-0.206197257702941 -0.0216261984590227 0.00202181168578714 0.0202155342606956
-0.192155058890016 -0.133365594295504 0.106751609896177 0.0512172068584095
-0.18474936784098 -0.223429588793862 0.162089722701808 0.226301462972694
-0.0870986968372544 -0.0993045475678202 0.0489428095407766 0.379445743660656
-0.0952544430593784 -0.0635451195953649 0.115129324088217 0.251244876108638
-0.099455595344864 -0.0186493724811827 0.0632657839807629 0.0770532992610323
-0.0779819759248199 0.0048233088168301 -0.0373117379479271 0.026163670310175
-0.0817656834523392 0.016189874628686 -0.161147217404557 0.0836023113460261
-0.077151963619839 0.0498236415238405 -0.179523752605736 0.18912681379382
-0.0523531694840119 0.0708012028109588 -0.145481502465286 0.258790100018473
-0.0428271458642479 0.0705651686198604 -0.117725875933583 0.277722779229294
-0.0451293765659362 0.0713234314259909 -0.126213112560451 0.248071453591837
-0.0692953615705785 0.0613078622520724 -0.129177585207433 0.177663142305883
-0.0814597725019754 0.0284456872354494 -0.120865101468452 0.0918181914754509
-0.0758759092889426 0.00281097794868114 -0.0608747144935113 0.0382602430352151
-0.0855894692151819 -0.00405845545028738 0.0125456499079891 0.0299748369042486
-0.105857775674476 -0.0544865839670894 0.12387101846668 0.0857689424236044
-0.116801285407231 -0.111818169901518 0.182126381820561 0.28868612564861
0.0278519319298857 -0.0397316336223303 -0.14238774671466 -0.348068327412852
0.0437020475676204 -0.0579098821337486 -0.146624162990025 -0.16392975839299
-0.0121605984152388 -0.0609337768145835 -0.0257006165849073 -0.0392684692380621
-0.0495212254685004 -0.0229055292204089 0.0477075771598889 0.0101398269957996
-0.0346309798732867 0.00955690827583205 0.175979460163083 -0.0304155660219674
-0.0196022249316336 0.020982398094968 0.210096674479751 -0.143230248851725
-0.010458417850777 0.0309264722470573 0.199959240721931 -0.227989476849168
-0.00663713335175883 0.0326982660355914 0.189881166747062 -0.274565324325745
-0.00461113560231648 0.045913853830388 0.187747686608228 -0.268340219839953
-0.0269903939091143 0.0513092992445887 0.187014324678322 -0.210326328406219
-0.050655675353538 0.0455401937506851 0.164968158971184 -0.119599725816813
-0.0924328374839336 0.008838312270972 0.061831568533539 -0.0629396930232201
-0.0657690556162613 -0.0609845916002086 -0.0405110491427618 -0.123972034543403
0.00810450342624182 -0.0651071015156958 -0.0834961373538564 -0.245236238073633
0.0220935649117651 -0.0437682384974127 0.0130758477023018 -0.396696251852704
-0.00164720823591811 -0.17739510184 -0.100008326309186 -0.33986244424889
0.00597198552653845 -0.185816754673594 -0.10786506700313 -0.182173923435175
-0.0960591590073296 -0.160443909939352 -0.0158681713684305 -0.0682077117156274
-0.168896932538039 -0.0736189017903994 0.0433736428059607 0.00557811802621466
-0.163883808783989 0.0131713060072616 0.165390264372434 -0.0153500285895517
-0.129867452897678 0.0748173879099682 0.202040158803178 -0.120888421336831
-0.0884459309028973 0.121143233041725 0.192687162364515 -0.194145636089764
-0.0712044114376787 0.125440127307864 0.174385734291112 -0.234574511289713
-0.0591856056792756 0.14787834181379 0.158751680699204 -0.234001673560508
-0.112707828224159 0.146873812161321 0.15623111465484 -0.189129830725285
-0.161575349063273 0.10998675709573 0.140892522488538 -0.10873141489396
-0.239233569779092 0.0370990425067267 0.0349577427743659 -0.054964828145561
-0.223948046206424 -0.108933598092035 -0.0643766651512362 -0.116785559036445
-0.104774452956823 -0.198474728396094 -0.10337887272212 -0.212701775316718
-0.0472153360226512 -0.22125710369767 -0.015214458219468 -0.333838034609108
-0.0210963271586154 -0.301726285558077 -0.0687599745110903 -0.273823089571063
-0.026122985309142 -0.312578620608508 -0.0702143875501413 -0.162150528329609
-0.169600520371251 -0.265429821489545 0.00168596554400837 -0.0856259430000101
-0.280278918318511 -0.136601168894684 0.0395761970645262 -0.0100175216995271
-0.288656144140798 0.00548030752186205 0.128423609030143 -0.0142141183290273
-0.238314000120928 0.11457184158121 0.155021316889164 -0.0922025069488508
-0.162810390047666 0.194205195198025 0.148208168163843 -0.136260389651957
-0.12466464138513 0.19961949483076 0.131369991099812 -0.158645002700387
-0.0968641573396649 0.22779728017283 0.112603605031505 -0.162607373316283
-0.16665667218113 0.227061154370578 0.114200038856926 -0.134110453013757
-0.23447187375063 0.17436984652257 0.108055657303322 -0.0753824850911686
-0.342183053057046 0.088149536085736 0.0129747487865239 -0.0308249623980518
-0.352752186367138 -0.109165689237664 -0.0718292061879273 -0.0906062198882471
-0.218098825888624 -0.275260278262678 -0.0887865618616215 -0.155231920035671
-0.126331436134942 -0.353584561401115 -0.0148773867452628 -0.222114528049151
-0.0417682276439205 -0.387978066603535 -0.0528661250184415 -0.157304610107858
-0.0618546508215772 -0.408831548789588 -0.0381161826223226 -0.0960335798302693
-0.237147988690607 -0.346717926868349 0.0229087088618373 -0.0815886882748632
-0.375106349240297 -0.183001765458436 0.0302330994264073 -0.0298679595565198
-0.385782620047893 0.00124574783236539 0.0632404845462923 -0.0196645490188488
-0.317814162946583 0.143324034973351 0.0727490487500898 -0.0550871148414422
-0.212998727820951 0.240937257409044 0.0720072641148128 -0.0601428403147423
-0.157624848211093 0.243602152210406 0.0685455231655821 -0.0587034005137364
-0.11710054197698 0.270203658455914 0.0566891821343124 -0.0639202320574092
-0.193217286702449 0.269890365731042 0.0668250808343348 -0.0535449444735208
-0.269901211337435 0.210969135010649 0.069469172639601 -0.0222671506722386
-0.387559737415683 0.12185351916556 -0.00112896789536203 0.00360948482956104
-0.42053608352536 -0.0889558393057746 -0.0584231731079564 -0.0550037624105636
-0.291650436413336 -0.299767290952558 -0.0418374720460579 -0.0872306421285987
-0.188926456995654 -0.42338639442928 0.0146685470452166 -0.082616980027404
-0.0643945235444311 -0.417885891562528 -0.0456955237690752 -0.00216313492995864
-0.103655473747109 -0.443825632342595 -0.0107365429574307 0.00934428261808997
-0.285093577594628 -0.36724798252757 0.0384540544947507 -0.0532559227776148
-0.420563095101571 -0.184584468360749 0.0106891285702225 -0.0430301205496643
-0.421119544790223 0.0101984095955783 -0.0233672714461242 -0.0198012996378991
-0.343471352501209 0.158316020609516 -0.0317570556384232 -0.00460766864835296
-0.226527957860192 0.252964420643027 -0.0201232865354489 0.0290947289063135
-0.165669154174081 0.24965982371022 -0.00221635545451312 0.0496421646959309
-0.126729577371501 0.269559940439012 -0.00259719088061582 0.0423117684077185
-0.202130200896749 0.264083747001753 0.016935881408693 0.0351698639642044
-0.273770851044385 0.198320422378263 0.0269212345555431 0.0353413142032182
-0.377253733696915 0.11225688688657 -0.0121634086168238 0.0361443496087223
-0.410263044914414 -0.0766206384776294 -0.0335178017215094 -0.0217278247262349
-0.301769853274451 -0.286943346032208 0.020750223297224 -0.0233751062065533
-0.21324275037168 -0.428116685203742 0.0603916605312093 0.0590882310131855
-0.0811376035090067 -0.377634560602413 -0.0406749155994449 0.164734515594318
-0.132236587420618 -0.388907722656938 0.0147934323404336 0.12772916765324
-0.285193647661618 -0.305822373569402 0.0437621256110843 -0.00803405540706365
-0.381384429061865 -0.136302315100871 -0.0176391904038544 -0.0389603420542927
-0.368501500593125 0.0244346017835591 -0.110636870165275 -0.00392009121574224
-0.3035278129791 0.148943826295417 -0.13282121472866 0.0575506048943785
-0.200211430916167 0.225346400664519 -0.107119245547193 0.12084324545706
-0.150423189612456 0.218625431141968 -0.0709861560375604 0.150562663429731
-0.124566031951006 0.227520902432215 -0.0622739557548706 0.137701387952439
-0.190982198087774 0.212316596124395 -0.0392187306130638 0.108760529846109
-0.247005523642652 0.142680938702743 -0.0233856564036994 0.0776171613742227
-0.315041949895711 0.0621742747780266 -0.0274341100772274 0.0552925893324842
-0.331320141192899 -0.0761644969692218 -0.0104150659051299 0.00486541817021846
-0.253145417517151 -0.245334031288223 0.0765539405909828 0.031112281629106
-0.194179439746181 -0.375320550368769 0.103659740492358 0.183721855762016
-0.0858594291968413 -0.269458308638414 -0.0317233336559312 0.305874611858057
-0.130963165263686 -0.255815426714452 0.0426379718847925 0.223847089060294
-0.221068923032796 -0.177801482952031 0.0427879869182158 0.0424168384136156
-0.255242523610106 -0.0624773938614139 -0.0421582246010349 -0.0152810779975873
-0.243592165085376 0.0287259020045059 -0.169742812601378 0.0279780091510548
-0.207757354501669 0.11123495521891 -0.201393515806395 0.121962469473146
-0.140948341901752 0.160406549469429 -0.170703865711523 0.199393057597574
-0.112273511862529 0.154075825578075 -0.129790506322366 0.229269724111016
-0.104061152323465 0.154044570488733 -0.121793367943922 0.207211867384964
-0.154405883520339 0.133603976300691 -0.102962849397937 0.15427169937451
-0.1862990426107 0.0698535625725616 -0.0831746210172469 0.0923874073960028
-0.209146820287431 0.00827322364499386 -0.0482726170689851 0.051955412114141
-0.210745812571104 -0.0649940368030279 0.00338270488946363 0.0228137925150821
-0.173810003444294 -0.174854315549677 0.109079703729864 0.0761849867559619
-0.149194885544361 -0.275098655322921 0.131655509484827 0.283826154462536
-0.0649504539993115 -0.114876913996913 -0.0189415495318093 0.396057814274488
-0.0824668084090944 -0.0822208516806986 0.0747464433685229 0.279558013698695
-0.0965206423647036 -0.0360237673166045 0.0465279376547004 0.0878362617272394
-0.0795879199396967 -0.00590263670192353 -0.0484552315224973 0.0178813884237814
-0.0859360335768709 0.00653692541429043 -0.187589974494478 0.0641988506099683
-0.0886575624976893 0.0420482936464699 -0.223182236663329 0.172491823956167
-0.0672970322601667 0.0651363803923816 -0.199275937665683 0.251625899537678
-0.0579680066978665 0.0662748258101639 -0.169795151109099 0.273448198120345
-0.0607654712954 0.0648430163294376 -0.172369305115211 0.24173757160608
-0.0848338769623342 0.0521119241554317 -0.164911790455428 0.164938897236467
-0.0927436745091439 0.0141006083907574 -0.139357985624124 0.0756566078697295
-0.0803447815913859 -0.0103855037991158 -0.0666231000462809 0.0282484258749856
-0.0881687602665935 -0.0212117948862127 0.0101382367674899 0.0331366291944442
-0.0998175123734666 -0.074772129934454 0.117076532144484 0.110753251934978
-0.0992861709866128 -0.140778730281282 0.141084823649732 0.345826432620298
0.0264426989868004 -0.0408123433210801 -0.169988883341556 -0.344824499772119
0.040458979195714 -0.0631192712379906 -0.15843506431314 -0.154594105315254
-0.0174893854065314 -0.0613870827269995 -0.029350564652199 -0.0361626981308024
-0.052355955497977 -0.0197536982972701 0.0492991491209574 0.00743500415011282
-0.0346300771346942 0.012496141846326 0.175494721745731 -0.0464371551109326
-0.0172249632665067 0.0221486417084729 0.202220544540134 -0.162406575698736
-0.00748732609020642 0.0325383936481305 0.184631739539654 -0.247497283848819
-0.00440202058138951 0.0340111840876766 0.168739369206748 -0.295590775122185
-0.00143182806852315 0.0476289761352103 0.168352729906517 -0.288695668425556
-0.0240115485019288 0.0551028890875604 0.173078275271401 -0.229191348902599
-0.0475714607501578 0.0494334774000413 0.158015640602401 -0.134790533008493
-0.0932547997980279 0.0159094474386135 0.0584118471593754 -0.0684721723152225
-0.0728023716085227 -0.0563993828704147 -0.0512175155894275 -0.122197179104424
0.00351793377795679 -0.0683645092767883 -0.102747626217155 -0.240203410118356
0.0188611111805846 -0.0466951275684059 -0.0165915318286055 -0.403461161086883
-0.0139599642475507 -0.178655449417045 -0.127350937849031 -0.339524779699024
-0.00837372593078647 -0.189513409718442 -0.120828300790226 -0.17601885580289
-0.11031913575002 -0.154827073793302 -0.0215440315078703 -0.0670258806630478
-0.17611754281468 -0.0604839611756032 0.0443485060956201 0.00259227402890518
-0.165263130434234 0.0285851849581527 0.166552306526358 -0.0301986872885784
-0.124990683506348 0.0864111412193435 0.194787483542452 -0.138873335307544
-0.079870581329954 0.129817890684299 0.180887010561926 -0.21313143152047
-0.0621472097745674 0.133400749586759 0.156134152410553 -0.253252876082732
-0.0486398467443887 0.154550559456108 0.14225009375457 -0.251499502359096
-0.102866953242107 0.158925155717327 0.143812618919493 -0.205317074916548
-0.155193379005073 0.124664546021453 0.134543758284671 -0.122377372083033
-0.240898439645334 0.0569517799704505 0.0316117871388272 -0.0568658900108109
-0.23574291744456 -0.091152320663433 -0.0749776924870448 -0.113111990539823
-0.1202464524796 -0.194355269734254 -0.120967295095832 -0.205583641887108
-0.0654325105868693 -0.219727440975615 -0.0408429371982761 -0.335883296374842
-0.0440943766693944 -0.303524609483637 -0.0917362224428953 -0.275558903302768
-0.0504518939857158 -0.314817464548183 -0.0812318796855629 -0.159376181000578
-0.192611005344373 -0.253753202677583 -0.00571531732246901 -0.0867252061775517
-0.294152492936753 -0.114466675179821 0.039031462536091 -0.0136955824830842
-0.291664513408431 0.0314855507721756 0.129548021656649 -0.025812107330786
-0.230582230510155 0.136527253554026 0.149554542630364 -0.105552608252442
-0.149156216993095 0.210176875875614 0.141521341355254 -0.151685057808533
-0.11064975211853 0.213398907530712 0.119152698196364 -0.173515568288942
-0.0801199438157682 0.238126286929641 0.101710175884861 -0.174835341387865
-0.15103593010682 0.244222062517009 0.105024276091087 -0.146627166526191
-0.223402344107234 0.1965598331135 0.102934316161496 -0.0867386927462094
-0.341560373113843 0.116290854206435 0.0110225494579191 -0.0294713104495073
-0.366842850882612 -0.0798540331864822 -0.0803246006890092 -0.0857980640790991
-0.241644485854785 -0.262871109465018 -0.103132872388987 -0.148506231648048
-0.155348994579838 -0.346313295864134 -0.031460758947993 -0.223591446384904
-0.0717559223686946 -0.388864477314074 -0.067254397918481 -0.158202169162534
-0.0949124705447021 -0.409279405577437 -0.0450864012508851 -0.0951504041189022
-0.266718036827146 -0.329540158766759 0.0154442624699557 -0.0850190922165091
-0.393466807789774 -0.153262520678345 0.0287137823381551 -0.0335552735480664
-0.390348422009546 0.0363003688342225 0.0641396898304379 -0.0264155164306077
-0.309533148085491 0.172760692783456 0.0693786479861651 -0.0610107238691754
-0.196972302348549 0.261512368131685 0.0704517944652597 -0.0688203347833003
-0.140052074012685 0.260204191395176 0.0647937661217822 -0.0671273007568024
-0.0974602720671769 0.282845930266298 0.0534115716739724 -0.0696508389426229
-0.17448196124659 0.291025310784708 0.0631533426911761 -0.0602601387811479
-0.25626190951281 0.236155293716089 0.0678030953362946 -0.0307297392491927
-0.385165822351434 0.154447110699398 -0.000472958961394039 0.00683012952303933
-0.432812356530671 -0.0535622902863066 -0.0647814512476004 -0.0515135165470588
-0.31757755865639 -0.281408801371384 -0.0508030232661286 -0.0847290503214991
-0.224847522749054 -0.411531067862886 0.00929120035624591 -0.0839237734617049
-0.0976006614267094 -0.418115759149751 -0.0483003284793581 -0.000401563018445902
-0.140887636606149 -0.441337779853301 -0.0100406809854104 0.00947646022514026
-0.31822031619986 -0.346968548515341 0.033067368763481 -0.0588235168971842
-0.439978573497946 -0.152174866499712 0.00785715360872515 -0.0453862918085401
-0.423879430676627 0.0476121388245732 -0.0237557655838942 -0.0192111363610108
-0.334190184786034 0.190701061739866 -0.0326020716897568 -0.00124672230247083
-0.209884470665132 0.275113778556561 -0.0159664392043891 0.0293675478703585
-0.148192274079951 0.266837652291555 0.00262405005795825 0.0493080025584369
-0.107519977968354 0.282326775279201 0.00271223479708458 0.044223852408062
-0.183344640643935 0.284843364230168 0.0194682901514758 0.0335880459214793
-0.261737556096055 0.223010019783447 0.0287498849733295 0.0316140238768456
-0.374924807348983 0.143514942365051 -0.00854747742543558 0.0405203117902727
-0.421026891449821 -0.0419105354747883 -0.0370011900708789 -0.0194364107621978
-0.326687300440583 -0.267075207863401 0.017337572783139 -0.0256199888535228
-0.248651015916881 -0.413818597519043 0.0666625988909326 0.0556921302178919
-0.11324224361772 -0.376440673855968 -0.0299181496334125 0.170057901855421
-0.165470998413839 -0.384571569692976 0.0246221236645271 0.127605869511924
-0.312898304513561 -0.285153866545644 0.0422499238119402 -0.0129942454738828
-0.396547684546567 -0.10601237958247 -0.0205056847078463 -0.0397735206544764
-0.37124029984901 0.0563613068518274 -0.111172677514561 0.00404435229467606
-0.294446837657909 0.178429012139626 -0.130130440589129 0.0706729069103024
-0.185334819447893 0.244798484086688 -0.0973690398196468 0.129763083164649
-0.134531248816672 0.233759948308021 -0.0586973193615442 0.157265301805425
-0.108470407400655 0.239815787708464 -0.0508712843581133 0.145430118500961
-0.176641991752478 0.231899751903157 -0.0317512526680547 0.113332455934531
-0.23954165705504 0.165319775114081 -0.0189648915064142 0.0792046070492688
-0.314749906350759 0.089712439153607 -0.0229188793887753 0.0596628654591841
-0.340444467907993 -0.0481328615804776 -0.0117043781154059 0.00547702619246105
-0.274229930778159 -0.22834586538657 0.0778809202023551 0.0247545113686613
-0.226066690334901 -0.362500097550044 0.120752219028269 0.179595738071053
-0.110364468347364 -0.266640609588885 -0.00896390158372407 0.313152710737529
-0.153721112219542 -0.249006347995452 0.0594997451354278 0.223517286951653
-0.238585592219872 -0.160874473517776 0.0450323359215853 0.0380813661563608
-0.263600024767425 -0.0412711752102216 -0.0435714478042616 -0.0141915472195263
-0.2439645578793 0.0504618242080753 -0.169428406365549 0.0416699567106389
-0.201221620173902 0.131171619194689 -0.194871975985144 0.141573404025875
-0.131383542264851 0.174661611271782 -0.155781449276832 0.216050052983383
-0.101580538471956 0.164704103306587 -0.111591907184314 0.242861427789788
-0.09338734090364 0.164652483891775 -0.105796277660313 0.221140056150213
-0.145824771300528 0.148140116791106 -0.0927959729706435 0.165424907079127
-0.183476674990272 0.0863494236911454 -0.0784184410340931 0.0989510136453314
-0.21074797560567 0.0261082380110436 -0.0450914329101431 0.0575374687427436
-0.21763597036444 -0.0475691181414334 0.00421991084935093 0.0219030849234463
-0.188992647174467 -0.162354523949354 0.11418575682736 0.0670350984007523
-0.172583693633565 -0.264395419235665 0.156336234642446 0.277948079088998
-0.0768189074735144 -0.111712731417265 0.0117879670073018 0.404427843656686
-0.09111431972202 -0.0765471126678225 0.0959056449668671 0.277920965258815
-0.101068385797955 -0.0275606888161209 0.0523147467672518 0.0834633177874371
-0.0803727320691568 0.00199961355081156 -0.0480252081811051 0.0202354224790715
-0.0862025039311861 0.0142325356704944 -0.184312790324232 0.0809869287094588
-0.0859076175149501 0.051594005642527 -0.212500430437921 0.194710188749645
-0.0631150736442739 0.0716496462740721 -0.181054254457082 0.271741282489222
-0.0536769386943085 0.0716009928106137 -0.147718728222478 0.292554819674698
-0.0563220098183682 0.0705780914047768 -0.153866361434073 0.26001902681292
-0.0812472524211083 0.0591033090386524 -0.154125908053495 0.182007297000523
-0.0922479781866734 0.0223083724143138 -0.136832272850938 0.0873071711295105
-0.0816951137084427 -0.00332844363453743 -0.0661339488986256 0.0344806313073735
-0.0902504926944832 -0.0134337838363901 0.0123484979221887 0.0319377226088607
-0.107004136770403 -0.0667015469509862 0.125299329859944 0.101394842894582
-0.11165101742705 -0.133486790061327 0.170318761078395 0.340420785131502
0.0251231286046503 -0.0408811960709129 -0.186567359765257 -0.329985174393077
0.0364651348771991 -0.0653329395476702 -0.161364198663446 -0.141773674749144
-0.020502620233096 -0.0603210012486389 -0.0301339009205271 -0.0324401207544446
-0.0530372172913348 -0.0157695760816595 0.0480294280267917 0.005060282647523
-0.0331052699416401 0.0145812203928429 0.168367534874399 -0.0568580560867445
-0.0151061905064702 0.0215734258515122 0.187816691982803 -0.172106906358599
-0.00448182779380435 0.0322285299224309 0.165820039410858 -0.253845641892787
-0.00210110465249399 0.0343361211756142 0.145050713048969 -0.30012991017252
0.00102431701852022 0.0468273303406091 0.146019380022697 -0.293755228373982
-0.0203466036994637 0.0561626169968343 0.156352949909563 -0.235418988900293
-0.0440472825682168 0.0510973232261157 0.146347305459666 -0.141272796014534
-0.0910406841736404 0.0204499872696279 0.0534857819478265 -0.0698959515157033
-0.0748343541829025 -0.0503785463816027 -0.0573963319759182 -0.115676751591715
-5.61656911313123E-05 -0.0683893133985054 -0.112756654254845 -0.227176772814945
0.0151283833903823 -0.0475609704324606 -0.0386509102049732 -0.393106921694429
-0.0224630439018981 -0.172331529656108 -0.145084519961444 -0.327672604483606
-0.0189716424682964 -0.185015490770161 -0.126097025859808 -0.165685342450755
-0.116061695746664 -0.143761807839109 -0.025853929114019 -0.06339920921149
-0.175710439163569 -0.0477510975501056 0.0432712882288442 0.000549174275348975
-0.1588350259507 0.0389928519502185 0.160795107798338 -0.0412567432390929
-0.115612356244136 0.0919628892298024 0.182337607117846 -0.147979351865035
-0.0694689786113243 0.13204501111022 0.164435937506674 -0.220574785991145
-0.0529630800273554 0.134548861749689 0.135171217565997 -0.258622205642489
-0.038700631293615 0.154487525574651 0.123426045407971 -0.255632808739958
-0.0909227328467607 0.162941658130429 0.128533034205425 -0.211263696982918
-0.14473558307539 0.131249119159507 0.123926039071941 -0.12901660109959
-0.233592873155749 0.0697939533371883 0.027902157357465 -0.0559952251719242
-0.236293977183617 -0.073774590714788 -0.0807050576632604 -0.105914654002899
-0.128400193453561 -0.184137341969697 -0.129184929882102 -0.191723733346999
-0.0762906155177082 -0.210451576272005 -0.0575404417993708 -0.326859471800242
-0.059074752890726 -0.292551690627884 -0.106540104621766 -0.266767430933699
-0.0673254837842055 -0.304375844050432 -0.0871779849894854 -0.151802676306614
-0.201297929087007 -0.234119521854334 -0.0120225430653805 -0.0842241622618866
-0.29332864722323 -0.0931017505705116 0.0368100846232284 -0.0154710000794537
-0.281914354394149 0.0502437340915921 0.12594275543573 -0.0345309558226742
-0.216003864489664 0.148002358001827 0.140186876132622 -0.111937253925631
-0.132702439953221 0.214660537412787 0.130036425112475 -0.15951638804762
-0.0952095973232405 0.215325380601691 0.105295696461235 -0.178244017308016
-0.0643825317558168 0.237094478988709 0.0888613098185925 -0.178359843172941
-0.1329835082725 0.249599487703732 0.0936306067490401 -0.150741935331193
-0.207465440030373 0.206009006067458 0.0949572908790388 -0.0922396065216979
-0.328319743603096 0.134691680774644 0.0102350482222708 -0.027348930041605
-0.362738101659507 -0.0545406373305679 -0.0852583761651876 -0.0787510071662737
-0.2502018010788 -0.244473143460319 -0.110055606226437 -0.138018329333776
-0.171206701640019 -0.327232276154382 -0.0417451170192114 -0.216727613569269
-0.0923527750908169 -0.375204174459542 -0.0760256248576595 -0.152312836290795
-0.115673307118194 -0.394391993638264 -0.0481803664189874 -0.091613972925795
-0.278355742016847 -0.303321665857521 0.00831799586551646 -0.084058979890029
-0.391693461816696 -0.124529450813138 0.0254960358962437 -0.0347777619993924
-0.37694331738832 0.0608042336586782 0.0624059738955061 -0.0306252907413502
-0.290584827470256 0.188860627215414 0.0638238869143247 -0.0636826971640115
-0.176648589943115 0.26756523622075 0.0660745945935579 -0.0736705616367625
-0.120944016171194 0.262704715809212 0.0590717946864004 -0.070785243091015
-0.0789218944450443 0.281868123413552 0.0484520323266098 -0.0722489625781289
-0.152415092796481 0.295685511825966 0.0575511527973587 -0.0637840482396577
-0.236369072379637 0.246762006669407 0.063223471536229 -0.0358679105503824
-0.369035080784224 0.175423521737949 0.0017075583009865 0.00892759554815705
-0.424457203491026 -0.0241372717765623 -0.0683071747676775 -0.0458606521620394
-0.325762867942942 -0.258084201995547 -0.0563608933412974 -0.0788456212521082
-0.24155267592715 -0.386011469777652 0.00575705567312066 -0.0824873937498093
-0.119145091615724 -0.402960643810502 -0.0481303852904622 0.00103504830805972
-0.162655222824964 -0.423209174005229 -0.00928704554399351 0.00887208435881304
-0.329338180225604 -0.317236106075861 0.0270234799124304 -0.0595577431251473
-0.437191175962831 -0.121163649702975 0.00439064126244115 -0.046136479990396
-0.410159197371159 0.0744667984615526 -0.0230283117400899 -0.0185722172208871
-0.31291181054224 0.208728914337366 -0.0320005503181571 0.00149765083590267
-0.188883886714689 0.282093522514265 -0.0121843894029435 0.0276515662420042
-0.128223875043865 0.269691596954662 0.00552276461056361 0.0467519851252359
-0.0892496112580134 0.282121662451769 0.00630341496298134 0.0419488987536389
-0.16253113454213 0.29047269521574 0.0208004640618948 0.0312923016093092
-0.242522907573513 0.235253952717678 0.0286431428073934 0.0270952808636544
-0.359707000984954 0.164417164976518 -0.00457013750962785 0.0428277867965565
-0.412045461343774 -0.0142029236573071 -0.0392473377898174 -0.0168249808859186
-0.333460269312516 -0.241871233384548 0.0136708301611293 -0.0260048384972414
-0.265440232264601 -0.386468217243618 0.0700876781989094 0.0513091000112919
-0.133584428191979 -0.36192015862764 -0.0201767791602141 0.167488310786883
-0.185071173424102 -0.365881435944156 0.0310829671721455 0.123284705823234
-0.322689850250927 -0.257807299964355 0.0384357553695648 -0.0160163647531028
-0.392748942424027 -0.0783742351039792 -0.0229238548416621 -0.0391033410239955
-0.357775736230685 0.08015669296952 -0.107490981557815 0.00976156053930915
-0.275476575438887 0.194106655791425 -0.123207712899298 0.0778574262038502
-0.166811477912428 0.251633301996399 -0.085691747692612 0.131409949253733
-0.117877145026288 0.236744654341173 -0.0470889243630729 0.156614409347069
-0.0917341534348012 0.241001934317207 -0.0391747313372412 0.145118150011087
-0.158792789543482 0.237682191691158 -0.0244403641377628 0.113252166250998
-0.223939448223182 0.176675525728887 -0.015670076176437 0.0769924021285391
-0.302869791666463 0.106866019729553 -0.0181350530212266 0.0620041563606397
-0.334004407593925 -0.0256236174178772 -0.0126269781001877 0.00589702987403792
-0.279507189024023 -0.207313264629684 0.074774348585174 0.0189419194598589
-0.240267467862563 -0.33813461291128 0.129093185281444 0.169076809472798
-0.124505565950105 -0.254166772374525 0.00972307531156698 0.307514655974668
-0.165743379725571 -0.233786449693427 0.070957211451601 0.215561830440758
-0.242124689866886 -0.140959626380783 0.0439743845632816 0.0338986513195742
-0.259382063901274 -0.0226682631685353 -0.04454891475328 -0.0132303881801966
-0.234285882606472 0.0657700943005937 -0.162555837254915 0.05108129492586
-0.18709795473908 0.142746515877841 -0.181972446950416 0.15162539136033
-0.118141027896727 0.179925571295203 -0.138109570635839 0.220389251624825
-0.0897695547743983 0.16695926173718 -0.0935852377372291 0.243864214340109
-0.0817152433807927 0.166244006030043 -0.0875259031957689 0.223198368097164
-0.133310542339627 0.154069193618612 -0.0813625971830641 0.168265621708888
-0.173638428529681 0.0966129608245104 -0.0727119181763787 0.100818312702243
-0.204668502356735 0.0391677014018389 -0.0405220852977935 0.0600415402943099
-0.213773734067014 -0.0318164172277599 0.00434439911799958 0.0205417867492461
-0.193595394079878 -0.146948031255407 0.113448487790786 0.0578683762046754
-0.183250995441381 -0.246706112116433 0.170579800230674 0.263629643635467
-0.0831415977443853 -0.104496134093149 0.0357700281747311 0.394980841424838
-0.0938647985927433 -0.0686763384146854 0.109406428206869 0.26613719556551
-0.100014270726757 -0.0188433585401583 0.0545189630887544 0.0777419606701832
-0.0769938858231662 0.00734113217145575 -0.0461183178218504 0.0214571003092754
-0.0826357190829452 0.0194525515598398 -0.175463178462197 0.0909614894684331
-0.0797341763881756 0.0569377874645074 -0.195687419241677 0.205232225716749
-0.0579498971691337 0.0745839101991438 -0.159713094079949 0.27800013623746
-0.0479952004139197 0.0723393033458886 -0.125124635346286 0.294559991424015
-0.0505468622442068 0.0717699466443001 -0.132617877504705 0.264428977868739
-0.075723703876326 0.062752660352323 -0.140352965853816 0.18872086996412
-0.0879314731570227 0.0281261567845833 -0.130338070268083 0.0936951052197759
-0.0792719754431972 0.00232555718197458 -0.0626333928612762 0.0382958311693558
-0.088058082607632 -0.00701719700751478 0.0134871493704434 0.0298321236667806
-0.107585454618915 -0.0573867291439998 0.125922877609187 0.0899559724499452
-0.11603546294468 -0.122595404820117 0.18713193007203 0.323337488026964
0.0250080952542711 -0.0395413696229385 -0.189869380823463 -0.319436647217234
0.0347172279350485 -0.0653485492270679 -0.158354958303579 -0.1352701762029
-0.0214400785532287 -0.0585303340020767 -0.0296011844656795 -0.0295860270719364
-0.0517012681944465 -0.0136854086867226 0.0468244563421929 0.00477686039754989
-0.031929497214127 0.0149630157939803 0.161433488688992 -0.0604858190751324
-0.0138457693446967 0.0202340772344073 0.177988622343298 -0.173332162185872
-0.00274400578038675 0.0311406083018004 0.155131945498452 -0.251933146064311
-0.0010791906661594 0.0341688286881478 0.132119818463728 -0.296184531953156
0.00241841833553858 0.0459070792880135 0.134033236422675 -0.290440965741753
-0.0181660667771635 0.0561464831443938 0.147256146901599 -0.234022131660604
-0.0420247685561574 0.0504974894577122 0.139626291418664 -0.140972104683229
-0.0886964976209159 0.0218575218989245 0.0505046753971231 -0.0694413437132113
-0.0738203328720565 -0.0464821908303723 -0.0586535770178767 -0.110541422944472
-0.00187932551160105 -0.0675514108392615 -0.112740424099398 -0.216345449223482
0.0135105136396102 -0.0465047548899227 -0.0457582463670171 -0.381233099413799
-0.0244176120308101 -0.166275840484852 -0.149736847884683 -0.317650171468463
-0.0217025554718149 -0.179969147886229 -0.124347353404683 -0.159388492990859
-0.115506378023602 -0.136118278248024 -0.0268336208378009 -0.059797117159566
-0.171422822516439 -0.0413533530158127 0.0418257915903795 -4.93056765735241E-05
-0.152677710588835 0.0431116671036798 0.155248333878133 -0.0453645786398031
-0.109394072372986 0.0911398584889752 0.172970927402335 -0.149720962043626
-0.063337024610705 0.130142012680779 0.154910141113108 -0.220661858267716
-0.0479781750821595 0.133224990594042 0.123978266849837 -0.255577339972659
-0.0340074638635374 0.151034918401677 0.113183194015759 -0.253571658171405
-0.0840801462190671 0.161941310940871 0.119156611463742 -0.210410442024409
-0.137841273044991 0.131184442891334 0.117054410232978 -0.129434017662831
-0.226405346506481 0.0734302936783271 0.0264616733555839 -0.0545021073351997
-0.230398262828916 -0.0645130506102991 -0.0820013955098726 -0.100630248584257
-0.128328154256076 -0.177469425321676 -0.129725175417812 -0.182498394980795
-0.078433219429299 -0.201591889046992 -0.0630161257783476 -0.316407085449558
-0.0632597077909181 -0.282439603914894 -0.111383809615833 -0.259188451943209
-0.0711750534491709 -0.293612033815305 -0.0867614194517502 -0.146691943977502
-0.199812986281396 -0.220544376615289 -0.0145758409474374 -0.0804212197483122
-0.285763654541037 -0.082233279116826 0.0348352090544019 -0.0155493226327527
-0.270985880168258 0.0579410025254831 0.122217059826995 -0.0381277934172887
-0.204541116039831 0.149360463859621 0.133089204476688 -0.113218584310719
-0.123342878096906 0.212146034712739 0.122896298534507 -0.160222929932527
-0.0866267506267248 0.212572293097954 0.0967912273451926 -0.17687020562738
-0.0570248878529568 0.232256170636667 0.0817997603690629 -0.176896999175115
-0.122924118769456 0.24757875053014 0.0869166029983935 -0.150107682992841
-0.196357218420541 0.205753988752381 0.0882008371346302 -0.0938834909140864
-0.317410418447662 0.139572257005256 0.0101331798752501 -0.0255845196462393
-0.352842333156777 -0.0423165361737154 -0.0861066724316628 -0.0747953701148549
-0.248644409223087 -0.233132732040554 -0.109829505366168 -0.129916277621876
-0.173005652214618 -0.313165061469194 -0.0444827678785288 -0.209187379382555
-0.0973561420843828 -0.362112460425233 -0.0792286990503493 -0.148129459508618
-0.120784967143234 -0.380485779344318 -0.0490650137309971 -0.0889930578399965
-0.275913289623991 -0.285237533796233 0.00436109085978339 -0.0812486188178728
-0.381802145501028 -0.110277092805047 0.0235674507992698 -0.034609412899787
-0.362533562551675 0.0713703216692703 0.0608634358612024 -0.0331038918552616
-0.275569275286815 0.191524006614743 0.0608387963687421 -0.0632346710220286
-0.164743588085829 0.265482400489988 0.0630853855532691 -0.0757553487100738
-0.111419934555058 0.259147497718463 0.055159644518832 -0.0710591168042055
-0.0695636329612709 0.27542738356258 0.0459399833084231 -0.0722967950170439
-0.140873947915567 0.292640586176995 0.0541597110077006 -0.0642352368073269
-0.224483404512 0.246771307863215 0.0588647095673336 -0.0377972994774703
-0.355286262235921 0.180378422861701 0.00274886605745193 0.0104391472940025
-0.411674160006422 -0.0120295698140464 -0.0693493215489206 -0.0429468146861811
-0.320900148599379 -0.24468607655163 -0.0572396122269301 -0.0740613628985593
-0.242682701161481 -0.36749928532383 0.0051751658283402 -0.0796045841915453
-0.125447355668496 -0.388348272484802 -0.0482011259534282 0.00125506930077982
-0.167053604707187 -0.406840383750977 -0.00890253258284069 0.00805676832781546
-0.326622488724219 -0.298194134404565 0.0229230361347068 -0.058091435770251
-0.426316551345722 -0.104784378256681 0.0028730228256457 -0.0452769583275182
-0.394692119397158 0.0843547927794985 -0.0213059632206716 -0.018973726269404
-0.297351613101291 0.211570785093847 -0.0307549759595109 0.00218003640940539
-0.176624649041172 0.279667270106697 -0.0102059973474859 0.0249327349424542
-0.118023323347821 0.265491153349998 0.00671724579811892 0.0441326221803712
-0.0792079574566933 0.2757694894261 0.00749742746067195 0.0402272152871044
-0.149882270282369 0.287975145154813 0.0207142275846536 0.0294732948213885
-0.230224560913425 0.235698828168602 0.0262141797124881 0.0242733648943178
-0.346012044673974 0.169557421380092 -0.00260291467840964 0.0433089092248304
-0.399194665650705 -0.00282969924344685 -0.0405413417281265 -0.0151146713469075
-0.328475986088389 -0.228925194893048 0.010793754648089 -0.0249560985825416
-0.265205351093837 -0.368044044015953 0.0701508189186195 0.0490628925737124
-0.138157093557435 -0.347882319281806 -0.0162420203247899 0.162783895310373
-0.187638532590111 -0.351280947520544 0.0321239057818576 0.118862593725815
-0.318095993329778 -0.240281324998708 0.0348981022281496 -0.0160496340687536
-0.382702468594954 -0.065272141661367 -0.0238528272440291 -0.0390992635522017
-0.344663040395609 0.0887090541565642 -0.103027696326455 0.0110159218252625
-0.260892250021569 0.197396638769123 -0.117281960443443 0.0800584424350111
-0.155871985140049 0.250186837867276 -0.0796384054189717 0.128807349883833
-0.108456826599017 0.233012674150391 -0.0415807578358208 0.152527083129394
-0.0833009581691763 0.23606453696685 -0.0334872566993617 0.141749021528092
-0.148974508985042 0.235648232767815 -0.0211382078136932 0.111388682610556
-0.212755148422614 0.178654965746175 -0.0157088913071436 0.0742473840616577
-0.292292145024309 0.112629969892316 -0.0151501756672982 0.0620582577716952
-0.323469595243852 -0.0154870091872582 -0.0141042109215323 0.00575576680553754
-0.276210081618612 -0.195554627367778 0.0709347401085224 0.0169874895266419
-0.239776346670955 -0.320914073068379 0.130907183490514 0.162218528793299
-0.127737958458771 -0.24402379565373 0.0162877518628258 0.29849639701831
-0.16628762458439 -0.223637360550821 0.0728648988287684 0.208246159084423
-0.238125378441698 -0.128442535576289 0.0415229770025398 0.0320952359283687
-0.251210648493823 -0.0143110978631263 -0.0445117445453516 -0.0128988560663597
-0.225044598778704 0.0702884844338395 -0.156076690918473 0.0528581201522101
-0.176428941423014 0.144844000548699 -0.172630125386861 0.153189892579586
-0.110409500405019 0.178748628726275 -0.127866447108421 0.216728768390994
-0.0836700002500076 0.16420285405355 -0.083704826229395 0.238738771647531
-0.0750050748768716 0.163641714602869 -0.0775326597058123 0.219180621403105
-0.12569393152808 0.153617115744705 -0.0745971319349996 0.166373790652766
-0.166483872633212 0.0988470740328631 -0.0701448458904038 0.099841717012891
-0.197492096701329 0.0440399613584422 -0.0374127256127953 0.0604080966596922
-0.207767911525284 -0.0249416845179036 0.0036027240516323 0.019084504308737
-0.189939340674348 -0.138123748741038 0.108621341792311 0.0525751159926725
-0.182844025348108 -0.233926072609306 0.173171954535499 0.253511001135123
-0.0845019615056777 -0.0991262503002751 0.0459860572610706 0.384084444469778
-0.0932970764758294 -0.0640391493669794 0.112060631049558 0.25706788804799
-0.0972125122287924 -0.0142607887171079 0.05254908074861 0.0741315787779749
-0.0739924858055738 0.0101386070223483 -0.0449996306399939 0.0208828760796141
-0.0796359784875582 0.021327548051632 -0.168330987310633 0.0932296355590109
-0.0749082219795115 0.0584737772287518 -0.184939945008484 0.206111604317481
-0.0544059797671096 0.0744090469284545 -0.147832499530701 0.273607187556805
-0.0452804979118438 0.0711029285998496 -0.113164510267398 0.288883511378489
-0.0474152404325525 0.0707556184541963 -0.121086060876582 0.261109672197527
-0.0719722580714403 0.0632332142681449 -0.131006525818251 0.188568202234628
-0.0843098200973951 0.0302935809908387 -0.125969542414606 0.0951029186214178
-0.076253004539657 0.00443644370799675 -0.0599348064631709 0.0395000883418844
-0.0850294454647032 -0.00433566985753584 0.013448119818583 0.027798890233824
-0.105528851688246 -0.052321381950393 0.121909146587868 0.0838234370894697
-0.115534452996375 -0.115668514723432 0.191572195326128 0.310899859183738
0.0264958424613077 -0.0389916363874377 -0.189543838281149 -0.319721920483849
0.0347030185313245 -0.0659461762440355 -0.155169210017515 -0.135258519518054
-0.0213706861721217 -0.0589476568182992 -0.0284858476159012 -0.028386744487032
-0.05163140190669 -0.013518593140031 0.0465452165405058 0.00595577050012324
-0.0319694243140416 0.0157976233108144 0.159351553174636 -0.0614160964282191
-0.0140187520009846 0.0195266640650683 0.175814601554873 -0.173840033855825
-0.00191333586199443 0.0302892288918718 0.15408113423547 -0.250799546347536
-0.00038288370136874 0.0348399424091538 0.129444846393999 -0.294645149211148
0.0022109116259854 0.0459525588975318 0.131472435271596 -0.29036929313943
-0.0179251679112635 0.0568182652494556 0.144645824938563 -0.234040355181179
-0.042394148600118 0.0501212374053647 0.139295477927381 -0.140943999872466
-0.0885766381514942 0.0220139975578643 0.0501651269867718 -0.0692339879780988
-0.0732793071918836 -0.0456505674403836 -0.0586166119299231 -0.108973678653593
-0.00221115182546566 -0.0681660492384632 -0.109942522401379 -0.213813015990849
0.0130660927250314 -0.0463321276938527 -0.0442965181163209 -0.380108007917363
-0.0227502180701749 -0.165205348497736 -0.149159693330512 -0.317302126006206
-0.0212456570932714 -0.178967367065653 -0.12229676715887 -0.158873671451626
-0.113761015399143 -0.134814897877983 -0.0262588407349765 -0.0578633741024215
-0.169180080126867 -0.0402366414547039 0.0414598614360025 0.000795687827521425
-0.150329123334158 0.0444525299015749 0.154076386173885 -0.0467296877953774
-0.108099311854964 0.0903850791859678 0.171115842026406 -0.149499322715551
-0.0624553544175539 0.128557418430046 0.153427248237463 -0.221628973793928
-0.0466881720705254 0.133156742127291 0.12114027771432 -0.25517079584197
-0.0333545252060818 0.150615806825772 0.111153561719173 -0.253169427027302
-0.0830753001732577 0.162996492477431 0.118019341595096 -0.210164491529507
-0.137117559734915 0.131289746993859 0.115117775641895 -0.130451599283535
-0.225692799050923 0.0739762638441294 0.026728053403031 -0.0533880188902833
-0.22820187143126 -0.062832314355014 -0.0826057216239662 -0.0991254310583139
-0.127883019192794 -0.17787618467338 -0.12726181323802 -0.179332611846354
-0.0779551550598031 -0.199636382271925 -0.0610629850119922 -0.314678973255361
-0.0615953166790213 -0.279781858486217 -0.112544781124453 -0.25892856525264
-0.0703833991769911 -0.291658997230804 -0.0857173462302619 -0.14692505588003
-0.197184565047455 -0.21733273481355 -0.0149703619215283 -0.0782774304987285
-0.282022757619802 -0.0804457178784081 0.0345429644421651 -0.0151772332890354
-0.266806933303941 0.0601114555238269 0.121957424291792 -0.0393728019275
-0.201637954806763 0.148734951026228 0.131471063578881 -0.113002868850934
-0.120964021542132 0.210862797078828 0.122107739805748 -0.161815050746237
-0.0855730500387804 0.212369936075776 0.0943010555750589 -0.176795543070665
-0.0560442171754889 0.231130667295369 0.0801589892903498 -0.177146641240279
-0.121206053272674 0.248273965827546 0.0855317506486533 -0.150559375234252
-0.19491816839574 0.205065647717644 0.0859077778467059 -0.0947882860270371
-0.315421375054009 0.139299254570709 0.010640871015389 -0.0240197424274078
-0.349272331620057 -0.0405985884979494 -0.0877035564167239 -0.0731567020393633
-0.246329635743647 -0.233019160769642 -0.109058476641737 -0.127579235141697
-0.171408102891959 -0.309367462250147 -0.043198477178696 -0.207614580294494
-0.0959119539872197 -0.359039340762869 -0.0799358770440067 -0.14838009928294
-0.119191673120094 -0.377072026637796 -0.0484329275744207 -0.0896124881466424
-0.271883647561742 -0.281173484975604 0.00318488522353464 -0.0795528625805793
-0.377372715838037 -0.107880270000347 0.0230652211100583 -0.0339071419165577
-0.35773813832088 0.0726422694413351 0.0619177922933437 -0.0346977196477294
-0.271235892460816 0.191264159667249 0.0606141564529327 -0.0638703070443646
-0.162042579071931 0.264124622155701 0.0626863407131206 -0.0782353718097163
-0.109853639742189 0.257942653688853 0.0538517510171775 -0.0719629747359344
-0.0688489843327995 0.274016647383554 0.0449580581352753 -0.0732642750403686
-0.138997577176734 0.292943167575363 0.052764650385083 -0.0648176175441896
-0.222494176876999 0.245971161696246 0.0562862385966252 -0.0389406008791738
-0.353712716734985 0.181418330132684 0.0043477951051056 0.0118158321382851
-0.4073104652503 -0.0103337435669714 -0.0710297203491725 -0.0421024061483977
-0.318329673747151 -0.243498330135004 -0.0576048593683537 -0.0728705055931773
-0.239319656309611 -0.362622451931119 0.00651645190085726 -0.0791632495781623
-0.124513397087736 -0.384939924623543 -0.0486532998448943 0.000184314256808361
-0.165339174781149 -0.403636747547208 -0.00923703469842859 0.00737873459778687
-0.323041264272557 -0.293257311797244 0.0214567776282387 -0.0560016406698307
-0.421630919840463 -0.102302468826071 0.00220891981252633 -0.0454227156780041
-0.389113469231225 0.0859949689146259 -0.0196967642131141 -0.0205367661569368
-0.293260283061883 0.211068175458041 -0.0300048114214917 0.00222494775216259
-0.174744882008374 0.279132425405368 -0.00991748094668602 0.0227324040254808
-0.116953375291211 0.264972778058874 0.00662756254040788 0.0425644224681771
-0.0784587416595881 0.27395321878811 0.00797131219097442 0.0391008732520695
-0.148166228542642 0.287730102297256 0.0200002756232181 0.0289128649147403
-0.227532670182954 0.235440453448001 0.0236819745563059 0.0232978105196154
-0.344501832524267 0.170731583582702 -0.000544662379754195 0.0444138109309694
-0.394768644219632 -0.000758648361784412 -0.0422359857008101 -0.0146373739834953
-0.325751418555077 -0.228255649679559 0.00905501496889093 -0.0243023540128983
-0.261659538612701 -0.362305919451833 0.0713654710323172 0.0489423323907213
-0.138062410954835 -0.344876382570752 -0.016393966839409 0.160517990838033
-0.185880029227715 -0.348091206509464 0.031153302786262 0.117496403650218
-0.314780718004594 -0.235852851118506 0.0330436141860513 -0.0147737926461087
-0.377888249654192 -0.0625924234735739 -0.0241089463318826 -0.0397176438802415
-0.3402467529607 0.0897423327014332 -0.100921258473998 0.010002320885117
-0.256286655337514 0.197620438955508 -0.115918962184377 0.0796885426092844
-0.154307088511758 0.250090132862309 -0.0785159648111965 0.126433041940156
-0.107654563163169 0.232119541115502 -0.0405726397217941 0.150334808799526
-0.08248597250063 0.234734879483292 -0.0322397420091678 0.140408075919347
-0.147212718440518 0.235766328759615 -0.0205907538719083 0.110834066868216
-0.211392723943241 0.178559931744721 -0.0179714968256289 0.0731170190499691
-0.290106242529228 0.114030180880824 -0.0133048287379347 0.0632699492514382
-0.319851225243643 -0.0139919284150425 -0.0158415467876131 0.00554765716313384
-0.27438340429266 -0.194320181935099 0.0685153594328305 0.0167936818578931
-0.236665456070328 -0.316095204962505 0.132272410729041 0.161494061536427
-0.128139657524196 -0.24159088997329 0.0176271574297671 0.29626366674768
-0.16564314853915 -0.221456891433152 0.0721028503558986 0.20657378051684
-0.235848192942946 -0.125324401669008 0.039405312365421 0.032191666891735
-0.248046404664753 -0.0128155429385916 -0.0450731409133996 -0.0140167684811679
-0.222442065069747 0.0713152028480108 -0.15374910913178 0.0522381040453262
-0.172916113765006 0.144982166629504 -0.17028361158352 0.153143832100471
-0.109106348076335 0.178955372802601 -0.126241859113196 0.215123524377781
-0.082887963180764 0.163401826167764 -0.081432314863632 0.236361700139996
-0.0748871495595613 0.16211203019943 -0.0756336751916548 0.217573651540428
-0.124090176865824 0.154040517315664 -0.0735805331552223 0.166201862475094
-0.164176613576849 0.0995853473826578 -0.0717358065523153 0.0982654696864525
-0.195770744199985 0.045564874287329 -0.0354016777755829 0.060886490414867
-0.205121492938077 -0.0238933241658759 0.00224644566628907 0.0188501531778157
-0.187832451472896 -0.13678477383378 0.105677862008462 0.051988832641095
-0.180144025595544 -0.230449364443447 0.174482783100592 0.252000852716298
-0.0851421414437373 -0.0978766852920372 0.0474178163499695 0.381037243845315
-0.0928212040494718 -0.063347852087573 0.110523055897508 0.255309030822571
-0.0960480527865503 -0.0120538173849489 0.0508587577594272 0.0739789974701105
-0.0720173251930016 0.0106962652327957 -0.0456411077575577 0.0195894023261727
-0.0783778737955048 0.0212896791918399 -0.165956226180085 0.0931592650915847
-0.0728310370959307 0.0588850369659919 -0.182122039986941 0.20665707900624
-0.0540271952688528 0.0753960242021426 -0.145051211970521 0.273436767899309
-0.0450026652828304 0.0705224099652112 -0.109818780021019 0.287155761065811
-0.0472606580278714 0.0703952350888782 -0.117395987768598 0.259567633875295
-0.0709232279786172 0.0631090572406494 -0.128925131504531 0.188409098578833
-0.0829827082582953 0.0305783739011606 -0.126300146029917 0.0951757043642317
-0.0747624406187695 0.00510178354925218 -0.0590050549656115 0.0397651273579729
-0.0841241662293361 -0.00345001913419589 0.0123969984433626 0.0266969440204994
-0.104299984095676 -0.0513048443046898 0.118728184200415 0.0826439393138314
-0.114282630768087 -0.114007831748888 0.191799677200831 0.309327094701854
0.00873949586745118 -0.0408266437415938 -0.315290315763509 -0.220906447476624
0.00573648929385002 -0.0719358260475265 -0.203552815337928 -0.0603319190130506
-0.0445519084271595 -0.0458571728324035 -0.0405324879899927 -0.0134627989032938
-0.0526222632877196 0.00891855116387051 0.0443760242948172 -0.0127236760347088
-0.0250257520250908 0.0273530249652879 0.117943355020316 -0.126072832662338
-0.00771419476213507 0.0232704748837238 0.0834552586348707 -0.237787688662526
0.0116031746847198 0.0280933991015541 0.0307175534176633 -0.300069761612826
0.0135205572849787 0.0342523936975256 -0.0136030402883909 -0.329564309312214
0.0228950393297825 0.0420762400697299 -0.0101674481664397 -0.325909393204423
0.00772708067769262 0.0606750119100617 0.0261442948941632 -0.280597293425195
-0.0194325942759028 0.0646749353149025 0.0636965397529292 -0.192006437683963
-0.0725843071704618 0.0579600806812831 0.0112293283998688 -0.0908688852266411
-0.0886228222794452 -0.0127370424015307 -0.0992670743800082 -0.0768200953151396
-0.0333980331987836 -0.0665738817555052 -0.186520287010843 -0.150551195294034
-0.0103044729753173 -0.0528565507697145 -0.201587848869771 -0.333332935913306
-0.0882341683506863 -0.138322596124531 -0.28346813732981 -0.236045921681598
-0.0918220136702621 -0.15227763147902 -0.18743981523336 -0.0954353651330165
-0.158661547646219 -0.0766341968172392 -0.05652423177365 -0.0377875262972624
-0.168989042165581 0.0333299593487338 0.0320698604503412 -0.0119551344679779
-0.12038241186049 0.103156892164659 0.119098678304441 -0.105838058858255
-0.0635562503024883 0.128531564867738 0.08957556013034 -0.209759233381657
-0.00220011046910936 0.144094424034234 0.0430217058100305 -0.269805750793006
0.0107929693734703 0.147642161009966 -0.00463259111934316 -0.288606933319523
0.033425610196611 0.154707625290361 -0.0152349778300879 -0.282950191614054
-0.00768519499158469 0.187928739530421 0.00819780649958688 -0.245855280459502
-0.0735081480976264 0.182785349357961 0.0406966486991392 -0.175660240818831
-0.175850526491876 0.167129556138002 -0.011598237884761 -0.0727642586841839
-0.241954394942259 0.0373222930309082 -0.118503440321971 -0.0631093534650157
-0.199467887257014 -0.1135379470069 -0.182522259952804 -0.117641828376001
-0.167077185053507 -0.154951313326768 -0.178207691793334 -0.26925686461073
-0.170304091446183 -0.230685155129518 -0.227970521737218 -0.198561573894071
-0.181821093708414 -0.235686559385728 -0.152028617087587 -0.0992727576382402
-0.268122386813793 -0.118585128817562 -0.0603926004614032 -0.0584445977262528
-0.286405818472205 0.0437512159180356 0.0136987083499565 -0.0206863439562427
-0.219016706220827 0.165054969719986 0.0916129868699458 -0.0812501085078604
-0.123983901228057 0.222460082355337 0.0700495828679701 -0.155958696545706
-0.022391410147796 0.244840497394272 0.0395724368572727 -0.196451806068699
0.00727364638252367 0.237961815939464 0.00513835212363306 -0.20416861160677
0.0456771991548613 0.239719998611076 -0.0102588115805213 -0.198599905070586
-0.00650968312123111 0.283831996008376 0.0026482695819311 -0.17564759332793
-0.0957061183547748 0.278681855013429 0.0248686821143444 -0.132012622104006
-0.230141393839858 0.267641309462265 -0.0193792442727047 -0.0421571087358682
-0.346192855158129 0.110915105237689 -0.11424265410711 -0.041927013044859
-0.333861540216371 -0.113613740981891 -0.142878320704606 -0.083960810780272
-0.304908064306779 -0.214577758330094 -0.107543709212235 -0.182059280615584
-0.232480921865708 -0.291997297382115 -0.154349636249976 -0.109276594389655
-0.261988089656369 -0.294562869927523 -0.0954633557042516 -0.0603996129522314
-0.362815775189871 -0.146969205400773 -0.0480604705445967 -0.0643942942621672
-0.383945434349937 0.0582141021426728 -0.010017080181409 -0.0310473717860822
-0.295522640564935 0.21549157658529 0.038392739434952 -0.0464526153613401
-0.169016483592537 0.29150817179027 0.0266425143904967 -0.0764036777185965
-0.0373977212848467 0.311827000650805 0.0213672629480966 -0.0902495858585853
0.00387564971497862 0.291635621315266 0.0145837149425372 -0.0888971272626077
0.0512993418110384 0.285970728938973 0.00358700611864943 -0.0874997161741806
-0.00392274624913134 0.334569188238664 0.0102315907982 -0.0816640948210622
-0.103456606134662 0.328909279390156 0.0197291608462031 -0.0679652329070274
-0.247199589724852 0.322771619222671 -0.0133018514643389 -0.0071970938921992
-0.387571166783172 0.164920236964886 -0.0878847419005147 -0.0226363350279895
-0.405653743976894 -0.0913921841618844 -0.0722044360909872 -0.0580975772646694
-0.392487138097606 -0.232531187293276 -0.00320785886796315 -0.0861984746582168
-0.268640256213628 -0.306572020375573 -0.0631387940371355 0.0158625858042644
-0.31459538052582 -0.302824370269875 -0.0178737602789447 0.0133071490065846
-0.414490106011054 -0.137263882685102 -0.0231437135199674 -0.0492235117669277
-0.422017035663232 0.0821072723979564 -0.0358761936830718 -0.0309907552133131
-0.318739902949882 0.240948633235556 -0.02974417592009 0.00411487576211219
-0.178785567171888 0.319198411914126 -0.0271596316801995 0.0250304483514678
-0.0418175479208626 0.330811417650265 -0.00129691219020584 0.0365443048569847
-0.000144816073851204 0.3007377181035 0.0221398740108049 0.0373006774141173
0.0420278325403522 0.290567670656873 0.019870422346688 0.0319888014857085
-0.0141845456280056 0.333662878353455 0.0219104517672837 0.0188286516694504
-0.11374861402703 0.321181319196154 0.0174450654030515 0.0034359266039207
-0.241936082882149 0.308932223657758 -0.00287983597150432 0.0247859303129471
-0.371577744669247 0.168329644236175 -0.0500527965049837 -0.00952199773346504
-0.404763651708056 -0.0719681684460112 0.00849625290030323 -0.0423946444309725
-0.413135066522772 -0.220835359272463 0.112824750216777 0.00401757632929896
-0.263978484818818 -0.265505999153052 0.0366077797802722 0.152788032942962
-0.311171434324798 -0.245786078717958 0.0694065804157467 0.0984684027704874
-0.383959013242735 -0.0888031260273191 0.00785760876208896 -0.0151337602026514
-0.365746012151747 0.100612219237234 -0.0556981865776298 -0.0145085293804785
-0.270885377294776 0.224252689494539 -0.0905499826909015 0.0665040040025919
-0.149697706322819 0.291457830642107 -0.0708482628684048 0.133575357471794
-0.0358550750483538 0.295862578860355 -0.0170971555460103 0.162151204425501
-0.00513219416656786 0.264586224530154 0.0274080550572006 0.157159295155012
0.0211932468308086 0.254209476825459 0.0295787550019577 0.143323527734829
-0.0346343085407334 0.285015307999193 0.0225379551966987 0.111754704904887
-0.121966664227354 0.261089510587886 0.00430324283888164 0.0679429185953611
-0.217167125556711 0.233992517138703 -0.00102061580450875 0.0491435465546219
-0.306078658812071 0.125011381264025 -0.0156572192105423 -0.000611679667480751
-0.339804403601764 -0.0622552918740263 0.0782022113062049 -0.0271097612365195
-0.367960125671088 -0.187271710145172 0.214551426974491 0.0840936137828002
-0.213136013704435 -0.175695001373485 0.130811176876638 0.26619102026823
-0.240790619526197 -0.138780207489079 0.149942328962877 0.163762760708175
-0.266316401602494 -0.0193938223610246 0.0405815015726655 0.0230924061061206
-0.22720118974306 0.091695131808774 -0.0574859929135739 0.0148937060395054
-0.170453761219433 0.158480187647506 -0.11859784217092 0.125245074237519
-0.0939421521266057 0.207955808400698 -0.0875679145040694 0.223244490879078
-0.0244894241770927 0.211289537207469 -0.0216211280684506 0.262903407742401
-0.00954342922234962 0.188786174244937 0.0292270349094942 0.254725027565246
-0.0019671036631835 0.183837700914845 0.025526414241762 0.233907461575477
-0.0497337246184284 0.198413989771033 0.00229017591168043 0.185625515616152
-0.111251920673283 0.166608792747241 -0.0292566821782651 0.116798920431578
-0.159628788624322 0.129086495348844 -0.0151984789095947 0.0604465451768006
-0.202266758123549 0.0670730958237784 0.00823064901631256 0.00771187958615491
-0.233911927203848 -0.0445521847721575 0.124331979042528 -0.00660744939734209
-0.273920250402808 -0.13214097487382 0.286878201318301 0.152275170206531
-0.114600574070506 -0.0608797469637697 0.200898507298156 0.333441738066589
-0.109710707136714 -0.0243985630604788 0.212220402705741 0.191056670928785
-0.0914216181072104 0.0274617898149961 0.0753571614115454 0.0513088360180047
-0.0585583855722228 0.0399525591443465 -0.0364500374594274 0.0404623532484488
-0.059763570271137 0.0529108376007721 -0.111048866669172 0.162696014997159
-0.0385355651899346 0.0851641358973234 -0.0746137790800882 0.273702416056608
-0.0176111692746317 0.0932213017378345 -0.012802653129317 0.321086827445249
-0.0129962574004041 0.0849551552589756 0.0266201004558314 0.314170397916818
-0.0152138612969448 0.0863382549726057 0.00749608711238628 0.291266987784519
-0.0388435507773774 0.0907186374822434 -0.0355048162925218 0.231006673661017
-0.0642067477110848 0.065875370167507 -0.0766446663143193 0.140848482430382
-0.0668489992804211 0.0383269984889457 -0.03905475308745 0.057140828789014
-0.080279524831725 0.0343923611306313 0.0219303753014308 0.0150056630811526
-0.117801005273461 -0.0010148072077193 0.144867591838019 0.0205646354524697
-0.159115482814593 -0.052722052827561 0.320247625118268 0.200539906334228
0.00875344055205092 -0.0431439727897194 -0.334674566718583 -0.21950662012599
0.00337515709903743 -0.0755309868211158 -0.212310249153714 -0.0577687964777393
-0.0481845501817151 -0.0467805832907562 -0.0406826557320185 -0.0128420710562846
-0.0546111740818704 0.0108423224538853 0.0465008778036665 -0.0146368281941269
-0.0244449639546369 0.029645546246712 0.117648838050953 -0.134708340824871
-0.00761840487973395 0.0245275062964448 0.0781965647083906 -0.249300646351073
0.0130075900494083 0.0275780309590484 0.0224514599728619 -0.314231525893433
0.0161584845550504 0.0352525449379554 -0.0256818172994389 -0.340639545441383
0.025342201253964 0.0437322625745168 -0.0216988081174366 -0.338103894579622
0.0102597797511006 0.0628756033745313 0.0175390277806181 -0.292329912520339
-0.018811126217737 0.0678315634018372 0.0601535073047883 -0.201547020011322
-0.0742593029549755 0.0629522185451464 0.00879553528898611 -0.0944547559937339
-0.0911563887191429 -0.0112038831032143 -0.104722810900156 -0.0762317708755343
-0.0370119270907557 -0.0685204337236494 -0.194970185443422 -0.151604958011061
-0.0120132270948521 -0.0538679234313586 -0.218373081651704 -0.341071788862088
-0.0942184632313967 -0.141167882412005 -0.301790473101248 -0.237254177480667
-0.098994958190487 -0.154951148056833 -0.196984479240046 -0.0946532993291985
-0.166353936825995 -0.0744378642991256 -0.0579096769848602 -0.0373966742284947
-0.172928260597148 0.0392356447024824 0.0338960510438572 -0.0131608103901489
-0.119381648316362 0.11072579703602 0.1190608116112 -0.114915089806747
-0.0616863902776797 0.135388257114866 0.0857243905798508 -0.220238350062055
0.0021045282382834 0.149297378992614 0.0350889175899728 -0.282306891049546
0.0168640584628086 0.152617617120536 -0.0150185412450841 -0.298508520416812
0.040124413720316 0.159986682056278 -0.0261714460567544 -0.293176104970444
-0.000707354616843535 0.195874441325182 -2.88128290502777E-05 -0.255437524321037
-0.0712064469752386 0.191812182023263 0.0356317296917471 -0.183843395526278
-0.17780318742831 0.179043156617053 -0.0132604605956736 -0.0747417984899502
-0.247756756066603 0.0446731758288289 -0.125125313701926 -0.0601408147869651
-0.21082105728805 -0.113344287471082 -0.190254507403465 -0.116038760729282
-0.176475805769052 -0.154926372065706 -0.191733006451959 -0.274277424096245
-0.181777762333285 -0.233313092286783 -0.244438687568453 -0.199495204494629
-0.193673177618676 -0.238601236599568 -0.160411407717446 -0.0991782239313131
-0.278998132833047 -0.114406027424707 -0.0626144987497482 -0.0581827336582908
-0.293302746263296 0.0532271989787243 0.0140561638255855 -0.0219207445829947
-0.218533236857611 0.177780933507986 0.0920931949857471 -0.0894295070214794
-0.121309399406978 0.23405665422491 0.067159263069781 -0.163911292369778
-0.0155523463041636 0.25391160036487 0.0329152755940639 -0.207130415301207
0.015496961669041 0.246871992645973 -0.00187784821163389 -0.211646995406377
0.0550078739551487 0.24679172539972 -0.0184764362231244 -0.205872018924882
0.0039461463260852 0.295908379274742 -0.00375476029197297 -0.182605813168904
-0.0912480550445999 0.291942272972915 0.019683092343079 -0.137501721442656
-0.230394379128157 0.285657093746151 -0.0199657758896206 -0.0426077964364397
-0.352914533855075 0.123467945201822 -0.12098964256763 -0.0375109050750364
-0.349870327000689 -0.109137748788626 -0.148825619339301 -0.0825569980524047
-0.319490666216613 -0.212462533015063 -0.116127732764895 -0.186274974631003
-0.249039699840791 -0.295140179181827 -0.165009279056074 -0.109897741894097
-0.27793236359464 -0.297689775234118 -0.100863075171576 -0.060742300803375
-0.376899142208148 -0.140300779139789 -0.050729147618413 -0.0643179214674535
-0.393272870335475 0.0706279852767948 -0.0109219802375039 -0.0323897511865256
-0.296874705777021 0.231536852206947 0.0379507824307135 -0.0528903883693652
-0.165618123828081 0.307080289084876 0.0244207052475806 -0.0806697444918211
-0.0282515767313954 0.323696644300475 0.0173595140478502 -0.0961281979121645
0.0135347830810563 0.303198393633427 0.0115216807539552 -0.0934448257903903
0.0617656337901876 0.294321834100798 -0.000434798331946965 -0.0907613751049926
0.00842166268367981 0.347921938487063 0.00735941092182776 -0.085627796642427
-0.0973524426950012 0.344260566463908 0.0157542373484668 -0.0705128122631431
-0.245717748098882 0.344035784897724 -0.01179383839389 -0.00695298040777674
-0.394702721987891 0.181594140569803 -0.0936008100469724 -0.0178917167114566
-0.423523921916261 -0.0842550109913215 -0.0766204437532489 -0.0574732837231677
-0.410781009255415 -0.228015192310671 -0.0040573736943306 -0.0902512331958068
-0.286910258364332 -0.308253299677813 -0.066540192073055 0.0171199234182904
-0.333294406868214 -0.303978958481675 -0.0186423233473907 0.0140389342948018
-0.429423175982352 -0.129089730165172 -0.0243340953237292 -0.0490427079200722
-0.431879909555923 0.0967750953717104 -0.0382806208161802 -0.0316860109694164
-0.320273284938472 0.258651139909773 -0.0308432135567245 0.00192969138428837
-0.174679740750099 0.336289206318024 -0.0277815575461203 0.0259741914953019
-0.0325799201896589 0.344720911698299 -0.00141985561599918 0.0362913620244411
0.00872827666063991 0.312680905602513 0.0232066957919983 0.0375734539444174
0.0519585813591767 0.298836969857286 0.0208468471460591 0.0319894188222761
-0.00286171849456986 0.347315608113101 0.0229290520605525 0.018751412358056
-0.107471003277799 0.33730977820805 0.015926068683882 0.00360782807138604
-0.241862026415345 0.330065784304939 0.000444845763980676 0.0251507759298587
-0.378166539918506 0.184957009445006 -0.0537748534639443 -0.00602928934293662
-0.421779798068525 -0.0635867310480198 0.00696495543901276 -0.0432503512867394
-0.431401833222851 -0.215213367114269 0.118491597766676 -0.00023076334353779
-0.28056876883475 -0.265792670091229 0.0418789019920722 0.155381520185942
-0.327491886343237 -0.245793347567753 0.0747205901409917 0.100646000888951
-0.398257973429921 -0.0791065798060863 0.00813147057748735 -0.0151521952839692
-0.374313782935229 0.114711271287328 -0.0588778926499264 -0.0135981232467539
-0.272757223634831 0.240186638366123 -0.0921101642531417 0.0687313454984858
-0.14480423122686 0.306297382134816 -0.0695941361097306 0.139952392001201
-0.0269498451455721 0.308558584300098 -0.0138972242618296 0.167538375615726
0.00273381410853497 0.275275076098148 0.0335073240289689 0.161889093011529
0.0294207470720103 0.262838633704539 0.0353380745021109 0.146639371269869
-0.0258243088844428 0.297104904284597 0.0267474406333281 0.114740290706714
-0.118020068414702 0.274169189223549 0.0041947058866083 0.0718649731323456
-0.216308203810463 0.249871079893444 0.0020435400325413 0.0498838823771617
-0.311869084856869 0.138512612773408 -0.018020266372692 0.00168834393824563
-0.353044211661047 -0.0551885686226954 0.0785300045801827 -0.0295135604129445
-0.384334744472393 -0.181578826651873 0.227214534578951 0.0795453773271395
-0.226140874080325 -0.173151477944464 0.142838643537518 0.26964344876607
-0.25281972324549 -0.136623998391905 0.159913348464825 0.165262093651647
-0.273740928380146 -0.0110467937119233 0.0422416174478026 0.0238431254039759
-0.231246175595678 0.101354520524018 -0.0601470497774257 0.0163678240954926
-0.171113570017369 0.16915522986788 -0.119204696579832 0.131858059695267
-0.0908623502153393 0.218034075956347 -0.0832622087521428 0.234165624051955
-0.0173980566375625 0.220556623502383 -0.0131787010360553 0.272682043953615
-0.00452370657558484 0.19704110630746 0.0387754852404291 0.262439714584146
0.00280263818143499 0.190481910254921 0.034303879661553 0.240312894451495
-0.0441532421140016 0.208155574792002 0.00851487345772924 0.192098916649086
-0.109186310859238 0.176103975641636 -0.0279447758616972 0.123614446400768
-0.1606825467662 0.139056494745548 -0.0126308971686877 0.0622297549744918
-0.206298121073927 0.075776399869226 0.00648019628755181 0.00819624586407964
-0.243027291338816 -0.0400100166737576 0.126668418616644 -0.00902414683801235
-0.286876918057362 -0.127380274739668 0.304244928742399 0.147783446935201
-0.121107476017926 -0.0584751696040637 0.218205954622201 0.337059478890722
-0.114191540694909 -0.0215820102628979 0.225014289043112 0.191077632025324
-0.0922656792790517 0.0317146541464478 0.0795517688643604 0.0524010921555285
-0.0586444122954659 0.0428056629035792 -0.0377297234236514 0.0426994623170815
-0.0598461376827129 0.0563418371653553 -0.10922297599065 0.1716533073968
-0.0364689836796681 0.0892086231510708 -0.0681264458693084 0.285758321745624
-0.0140997343348184 0.0972334426991611 -0.00202012435196896 0.333130385335784
-0.0115256016118659 0.089002292146376 0.0380181023202213 0.32303591277668
-0.0138860247126232 0.089992234846347 0.0187718377146718 0.300495885897759
-0.0365798627074162 0.0956563914586416 -0.0283513331512646 0.2402086253335
-0.0635787554330735 0.0701635552844425 -0.0752162404589069 0.149945298565714
-0.0671191610969271 0.0417568547334953 -0.0379668518760381 0.0599689804963104
-0.0813884560541482 0.0390833598975915 0.0214819465800645 0.0141638396900298
-0.12202278132952 0.00279457628528986 0.148901311370306 0.0179769722766325
-0.165890584318891 -0.0493448873398762 0.339183980575265 0.197060254143244
0.00773585870472514 -0.0451525769300953 -0.356138301096503 -0.205842795934625
-0.000365722030328009 -0.0774544620696387 -0.220078411408408 -0.0483430042935917
-0.0529484717740329 -0.0450033573043161 -0.041419377562005 -0.0119855573062575
-0.0549751452589417 0.0142115453508133 0.0479017654419335 -0.0176726215616431
-0.0220424225169721 0.0324000944145732 0.111431191423099 -0.144947257140493
-0.00644027081444267 0.0258975937416101 0.0648467726685811 -0.259366758133951
0.0143595411444059 0.0274650799258136 0.0030150742422129 -0.323257550405622
0.0192688392894316 0.0347319794396031 -0.0473963227334722 -0.346311603381082
0.0291979004492741 0.0438767394936543 -0.0444257692093523 -0.343781167875148
0.0148289146639278 0.0642266720215716 0.000545958887741967 -0.300171629116728
-0.016331180700744 0.0711554793425732 0.050383752968825 -0.21084415918712
-0.0726732707457399 0.0691371810065888 0.00355004115137093 -0.0968251252678559
-0.093591582131384 -0.00716739089772946 -0.110534073610674 -0.0706109633711934
-0.0423288954358235 -0.0679979435905897 -0.205118426112655 -0.145277717539494
-0.0151668526424778 -0.0534115864958822 -0.242029231825343 -0.336424539063007
-0.103460080855248 -0.138557063492926 -0.324335017748302 -0.225891993760788
-0.108579734968775 -0.153170587751676 -0.206697114313006 -0.0870091254520841
-0.173112585117516 -0.0663826746891965 -0.0598383938000099 -0.0351730312793219
-0.173508831425501 0.049778550841714 0.0347055537982858 -0.0154577743856185
-0.113966323652063 0.120105490857844 0.113611232281469 -0.125771429026921
-0.0550738942917282 0.142317698874844 0.0735678567109154 -0.230519005813972
0.010788930943691 0.151771193629764 0.0163861723883466 -0.292538134954985
0.027217962283649 0.154827163633687 -0.0340195517470527 -0.304420006002678
0.0508399339900934 0.161355076998571 -0.0456332059119846 -0.297259710197027
0.0115107998949548 0.201465895010121 -0.0152885947073202 -0.261445493376001
-0.0620989067474595 0.201513318414335 0.0248900832201529 -0.190259470945613
-0.172296229429862 0.194528783162578 -0.0169754718258731 -0.0750905977784695
-0.250500442239754 0.0583442532944534 -0.131818108331879 -0.0522594693689518
-0.22207130670965 -0.104450925502842 -0.199719425273216 -0.109694142100207
-0.186903950911564 -0.14727798935813 -0.210816685062838 -0.270390108730781
-0.197697087981045 -0.227196983696457 -0.262422279541849 -0.190954468205911
-0.209707520458988 -0.233168247198325 -0.169576688552474 -0.0928697213054177
-0.288906110803755 -0.100161351168247 -0.0654875472638375 -0.0558521375128598
-0.295489676732324 0.070608301811172 0.0137684375376808 -0.0236367742983328
-0.210696595409025 0.193799618603479 0.0877895656659443 -0.0986837122212835
-0.109665061523803 0.24690614788942 0.0579923159355241 -0.171763341472736
-0.000148162521824045 0.260663934581531 0.0184291939544651 -0.215606745741061
0.0314222292163333 0.252646102130434 -0.0147615338540733 -0.216522163125031
0.0710262494176801 0.24880155749907 -0.0325250400310685 -0.208809357236161
0.0226646671752481 0.30370246727717 -0.0155784054636314 -0.186641693146729
-0.0769596152506525 0.304572629977731 0.0104877492216918 -0.141512045684723
-0.218938188242094 0.307611459992829 -0.0216734434716168 -0.0426648848951328
-0.352275674660118 0.145260136941166 -0.126454432326919 -0.0285330871018258
-0.364364649381381 -0.0923830185373183 -0.155708454174572 -0.0764856475373526
-0.336465753372177 -0.197460095402216 -0.127777951393467 -0.184515901889432
-0.270131804504971 -0.28595153909321 -0.176759277737872 -0.104019117357763
-0.299683656121271 -0.289243264945508 -0.1062213943137 -0.0566725525760612
-0.389886311804329 -0.121455513357298 -0.0535957269067893 -0.0625714700545661
-0.3962847576283 0.0941268915355098 -0.0128463952700393 -0.032813060701145
-0.287823550995216 0.253475215422174 0.035121390805466 -0.0590891961660509
-0.149992236845284 0.323197112943336 0.0193174602536849 -0.0843407868148407
-0.00939848490844515 0.332660723939722 0.0098275202873749 -0.100127882111948
0.0321182703712104 0.309914091807709 0.0056100446617508 -0.096108520231579
0.0801073761741857 0.297137396932424 -0.00710481495200885 -0.0929736546390735
0.0305446656313954 0.356282222828277 0.0014683998341669 -0.088735845869883
-0.0798100382275038 0.358576115665826 0.00965420230730369 -0.0725293555311124
-0.231437393177614 0.367910311792225 -0.0110524069293759 -0.00699950909297432
-0.391679940057162 0.207091174375543 -0.0973844513415848 -0.00981941338543234
-0.438152522885429 -0.0626520177803112 -0.0809345652974626 -0.0539460069108894
-0.429639717845673 -0.207499409945814 -0.00814654817981936 -0.0935630224599025
-0.309250011601959 -0.296602255737907 -0.0686607895167434 0.0202061788153017
-0.355905333965499 -0.292997731273662 -0.0182320308989395 0.0156238709079646
-0.4429649441817 -0.106313165120138 -0.0258477545939677 -0.0478551750216758
-0.433695896653817 0.122201245760068 -0.0409238200687948 -0.0310303249643831
-0.309785866410236 0.282543917005009 -0.0326102290268133 -0.000235652626580087
-0.157376096468506 0.354554429299555 -0.0276355259120356 0.0277864623774729
-0.0121673075983971 0.353425221075223 -0.00128088509172609 0.0362462404549516
0.0275438645581188 0.32017221494343 0.0256340274265104 0.0364800368609486
0.0701756736398709 0.302133894131971 0.022791990352836 0.0318115543832149
0.0189757529701188 0.355623080537385 0.0236382164877729 0.0170454703499432
-0.0900888764264911 0.351546871434226 0.014439653017171 0.00393172878558065
-0.226433737690349 0.353264488683353 0.00293242279262217 0.0245404012189555
-0.37410588039588 0.210273135823172 -0.0567714081850757 -0.000212867276936099
-0.434402846628787 -0.0420464708255309 0.00353408250225838 -0.0437660186842042
-0.449978092129578 -0.194143162234192 0.122632485452159 -0.00891610930333408
-0.301719179516146 -0.253687546785631 0.0498803326853147 0.154720668345381
-0.348150553287812 -0.232812267213695 0.0816287097710928 0.0989200660569054
-0.407130630227112 -0.056913876477203 0.00905865121620521 -0.0153024112508407
-0.373872180243564 0.137139977343192 -0.061219215978161 -0.0110066101393521
-0.264101409789999 0.260706163317257 -0.0903162656105749 0.0724783154054527
-0.129198395205172 0.321851977689822 -0.0630203688088912 0.146949303167309
-0.00802681193908067 0.317270405106661 -0.00480761347193941 0.171341868932452
0.0190395722712762 0.283048635391605 0.0428986465736218 0.162659653904002
0.0449704680818102 0.266569035416739 0.0442038787740825 0.147662218566792
-0.00753633548702253 0.305650319997829 0.0338521704689789 0.115233442661562
-0.103413879504605 0.2880644402392 0.00677340466178177 0.0744301861541973
-0.205567601238979 0.269948437683669 0.00612215524909337 0.0494765342839819
-0.308893943549673 0.159069124534835 -0.0199701865492003 0.00483533243151428
-0.364023902589165 -0.0364831335855948 0.0772270622772612 -0.033533969617306
-0.400277224344414 -0.1623443476814 0.238797296959823 0.0667928829694352
-0.240573540594745 -0.16229669957264 0.160174090490689 0.26505595050396
-0.265514238646036 -0.126494475125007 0.17251970297211 0.160041470895257
-0.277942292109519 0.0045176999583482 0.0454586546631597 0.022962776290678
-0.228882875727836 0.11638973136586 -0.0614035647428919 0.0202803426772418
-0.164985652874958 0.182779053631125 -0.11425729614672 0.139642565987077
-0.0790764047048103 0.227712694291264 -0.0708738354446646 0.244297097193135
-0.00449513475439537 0.226841047742294 0.00259370677618428 0.279252692583367
0.00657036031443843 0.203057582200008 0.054814225796356 0.265049659771489
0.01335260660148 0.194451835149405 0.0494056177969292 0.24310638411398
-0.0315706769138288 0.215325091182413 0.0201969536429535 0.195512253402432
-0.100161076024223 0.186522271844824 -0.0222951121360364 0.128939324773964
-0.154755659156315 0.152383411260738 -0.00860477934269251 0.0629337730727672
-0.205229342115873 0.0899640887487346 0.00601678652409915 0.00916937596299555
-0.250526718064006 -0.02614646527924 0.126883802882794 -0.0153276597813267
-0.298522506562691 -0.112722980578154 0.320803124152844 0.132594120779329
-0.127375790580436 -0.0513704574427837 0.24156227092259 0.329486566637777
-0.118164431834715 -0.0151792682375879 0.240937984742235 0.183296116830102
-0.0902690216990107 0.0375273223240407 0.084574673309794 0.0500430900013281
-0.0559626565881025 0.0464081994152486 -0.0372984191847067 0.0456316454047062
-0.0587854366959209 0.0612024633486596 -0.101610334406633 0.180437978037949
-0.0313767833040197 0.0929986873081473 -0.052150528126164 0.296358096811154
-0.00839323743798509 0.10061681480458 0.0185892301923604 0.339952420202984
-0.00722202212985096 0.0928770058144797 0.0585266188694405 0.327313843089294
-0.00960655215059615 0.0929106941218842 0.0373475954245274 0.304739729515519
-0.0312798419471378 0.099952547988635 -0.0142974272363961 0.246626276298663
-0.0598807346810407 0.0752920543780906 -0.0681592584901563 0.159313897143652
-0.0650118795793657 0.0471557063659159 -0.0349762160445071 0.0620450265042365
-0.0799487491664326 0.0462069921517286 0.0218521168004906 0.0129062700723152
-0.123882739539703 0.00991457742058459 0.15110030241302 0.0109430666721112
-0.172177208381892 -0.0396504952953335 0.360055000596333 0.180131815143063
0.00551458031629849 -0.0458561325785926 -0.367328681325189 -0.182955647404528
-0.00499094191019628 -0.0775467700307414 -0.221309800894221 -0.0352863729080354
-0.0562676969324585 -0.0407473736469682 -0.0408362853404259 -0.0100168664864827
-0.0537268882507715 0.0179474196815406 0.0467821970324564 -0.0208865659818712
-0.0186086038129193 0.0336268456504136 0.0999366335973079 -0.151033184559804
-0.00497738532466524 0.0266274352376047 0.0469739049645719 -0.261427159142389
0.0159573204562725 0.0258237486499272 -0.0185324922512377 -0.32199841784155
0.0222610677017155 0.0325245400796393 -0.069286228187319 -0.340951627040555
0.0326706172808866 0.0415396149782805 -0.06613394164567 -0.337471478551172
0.019223836336742 0.0632851422403423 -0.0188165437012072 -0.297499874890818
-0.0122500426013408 0.0725343481481765 0.0368086551821385 -0.213348895093125
-0.0682776607300356 0.0734206865081924 -0.00203569439971896 -0.0952661309395848
-0.092967525789024 -0.00234338453660607 -0.1131002576392 -0.0625929797142807
-0.0462466907264004 -0.0645057731769734 -0.209797229293111 -0.134082759144497
-0.017560002767402 -0.050997665753568 -0.260359432279557 -0.318123014211122
-0.11023423736682 -0.131054029609389 -0.336953721831242 -0.204606647287131
-0.115916159904518 -0.146021895897674 -0.209718567537115 -0.0743998439375559
-0.174725769124463 -0.0548296342181862 -0.0596894734957402 -0.032316244085031
-0.168501351370208 0.0598968002447735 0.0335156940001146 -0.0179888284949496
-0.103094072287529 0.125964670215146 0.103430826032093 -0.132761914875813
-0.0455782573078309 0.14453195443037 0.057538431170166 -0.233351603335987
0.0200651745243075 0.149655607859441 -0.00360666590142348 -0.292094292778513
0.0375524907208657 0.152015847091986 -0.0533795103675975 -0.299593369731661
0.0611714860771729 0.156867218438666 -0.064931188182131 -0.291883045563743
0.0255458266820048 0.199399165826893 -0.0328616006907718 -0.258373170840927
-0.0492106720043961 0.204495132728002 0.011523035976457 -0.190884802193917
-0.158689384550959 0.204300005721891 -0.0202080242009582 -0.0733014915504061
-0.244272320987747 0.0722995747684972 -0.132862955415882 -0.0420978423218299
-0.226836684076184 -0.0902926969022702 -0.202922081309861 -0.0978137220259243
-0.19284716607924 -0.134178155732183 -0.226622725255915 -0.255830643991984
-0.208516317148206 -0.211811756950877 -0.27385956673931 -0.172986275579991
-0.2198251702056 -0.218734400316322 -0.173763348116589 -0.0822868897944966
-0.289499979134895 -0.0810880535919937 -0.06617653069426 -0.0524096014894886
-0.286523418271585 0.0870394959223988 0.0122396961659522 -0.0248712117601024
-0.19496076694786 0.20414166250695 0.0791570193610253 -0.105794412171598
-0.0928356086964697 0.251579884638161 0.0460369905826851 -0.174319317183073
0.0161433220741491 0.257664104941864 0.00295245590308122 -0.215500362484941
0.0481559998253073 0.249041855731848 -0.0290461390236385 -0.21410205397277
0.0860302698062023 0.243081679510791 -0.0462302557490892 -0.204534373348629
0.0430356138784992 0.29951031140243 -0.027485194594362 -0.184366873554072
-0.0572073387340743 0.307917749893527 -0.000283378107777062 -0.140846144555963
-0.198255867114851 0.319664785503815 -0.0223161407301062 -0.0413665154783179
-0.340385244275877 0.163875379018138 -0.126921972186517 -0.0176526933553841
-0.366660244081524 -0.0700852643869418 -0.157970899790471 -0.0664226275683391
-0.342423489735818 -0.174279136401769 -0.138007419558988 -0.176428457836888
-0.283692223596616 -0.265046642629094 -0.183244290838384 -0.0930731009216521
-0.311718894724485 -0.269561819334087 -0.108883175526848 -0.050195258336684
-0.389501067643199 -0.0965268112927093 -0.0547688526111334 -0.0598533592996457
-0.385190187762945 0.116136678531138 -0.014271610274796 -0.0324374678467349
-0.267194470813081 0.267337878139253 0.0293450651539203 -0.0645708608117429
-0.127960595393411 0.330217576991716 0.0131808155438455 -0.085074591706511
0.0115649346828042 0.330600399346509 0.000970735595241946 -0.100742287415996
0.0521148858299256 0.306083632736767 -0.000973911955573185 -0.0963081474289747
0.097157921712556 0.289507890994838 -0.0134411358751571 -0.0909669686659193
0.0545510286285146 0.35099545018463 -0.00526269409091562 -0.0880442076096645
-0.0563319024640112 0.361338559758166 0.00347611300051514 -0.071548508620948
-0.205867694197367 0.380815202956376 -0.00926281713548139 -0.00808627726662647
-0.374361109912871 0.227818479308501 -0.0971108974593124 -0.000259465395351724
-0.437591908894597 -0.035871521768307 -0.0839439555906851 -0.0485926985810342
-0.434729942907181 -0.17874447899089 -0.0131172958142145 -0.094044511653446
-0.323510877579819 -0.273407176714331 -0.0689885871252256 0.0229207221976913
-0.368687048602689 -0.270723245380311 -0.0169599073173298 0.0166799916525202
-0.440866544699398 -0.0789815677844478 -0.0267440397812118 -0.0467727385606446
-0.421014326999379 0.146511418942713 -0.0424567549247875 -0.0287508059565447
-0.289385559251002 0.297666452840796 -0.0335851289312344 -0.00158050120470743
-0.133592624918039 0.360669608486845 -0.0261361829079179 0.028737953996704
0.0116292755490106 0.351860245802506 -0.000457114382928676 0.0354784210795803
0.0488631977487913 0.317007498034055 0.0280826583831044 0.0341968530042251
0.087635352859885 0.294223928138399 0.0239854987887806 0.0300318129976271
0.0426790957359143 0.352167585718119 0.0238964875361137 0.0149916363577386
-0.0671886371595222 0.355154367891841 0.0126393176530922 0.00449889711800541
-0.200642582975446 0.366020186279581 0.00628315360857961 0.0223143910783024
-0.356634576423619 0.230943300651485 -0.056729690666881 0.00692708800055702
-0.432757293219352 -0.0156509292063244 0.000228320050680673 -0.0426257724079184
-0.454072116104319 -0.163541027016281 0.121953213628021 -0.0180431061930399
-0.313573282700165 -0.229475800155089 0.0565751610581161 0.148524554837848
-0.358791115270787 -0.211108824812493 0.0875438305619462 0.0927006044807685
-0.403560105307768 -0.0322084936511941 0.00986433564397706 -0.0158869117756269
-0.361517889931406 0.158530238869112 -0.0613748997485406 -0.00835357379334066
-0.244804433737846 0.274467012774223 -0.0857744601161264 0.0746496401474729
-0.107365351326208 0.326696624400312 -0.0537789526874232 0.149400332611696
0.012794687964919 0.314952893883302 0.00551692661292392 0.169990614139677
0.0374365254705313 0.280568619148252 0.0531407567953665 0.157980880375164
0.0595599794575296 0.261104724545928 0.0526293221020106 0.143053990042434
0.0131088313605213 0.303363642156121 0.0405006756152732 0.111560725864221
-0.0838984814162391 0.291736457345455 0.0102021923433805 0.0751506757845928
-0.185172039222833 0.282020958515717 0.0104210073105702 0.0469466300316528
-0.294645607618656 0.176954320773947 -0.0196842990172768 0.00869093985160189
-0.362662976481331 -0.0140102558904072 0.073512414816098 -0.0367944679137799
-0.403239214423201 -0.134877528980421 0.241612236800577 0.0491802986109725
-0.247621552030355 -0.144237905151753 0.173117638401916 0.250671550712729
-0.270566644018703 -0.109096542309891 0.181409178555388 0.147665103689329
-0.272645166039608 0.0216516349090366 0.0477770262259048 0.0200638035746817
-0.21846639954252 0.128715215393694 -0.0600905825371401 0.0230968940805328
-0.15212119249137 0.191566075753605 -0.105081824932308 0.143252896380624
-0.0635100353222224 0.230291064119895 -0.0550584366486698 0.246367509352425
0.0114773895751048 0.225764919545756 0.0201794783612909 0.276072879780881
0.0196421474347303 0.202175259162715 0.0719644055264398 0.258219850290667
0.0241882387408865 0.192157801655503 0.0647139245479187 0.236400054056042
-0.0167539457442349 0.21527028739911 0.0325584418730575 0.191386480082965
-0.0869056041424288 0.191102149215633 -0.0145220195580271 0.131103526166258
-0.142532057829129 0.161095673395657 -0.00410864148611114 0.0616517578056164
-0.195450967686666 0.102759678540297 0.00502840711423386 0.00979471468049339
-0.248997486038675 -0.0109214875516036 0.122818264635284 -0.0220360965105633
-0.300892161994197 -0.0910008724346987 0.327387503328036 0.108751991887422
-0.1289683630208 -0.0412019063276526 0.25881669619817 0.309140324059
-0.11847909998762 -0.00717086960490763 0.249959561024947 0.166546911967012
-0.0862130905140201 0.042600794531668 0.0871993965339181 0.0453927941130226
-0.0515929121523564 0.049063049097619 -0.0341979089944058 0.0469544482961919
-0.0549310778014026 0.0647897513183518 -0.0889499855127205 0.18452313229641
-0.0253078461915314 0.0942363179649177 -0.0315512413992443 0.296902864811525
-0.00108840697532358 0.100280671094948 0.0418869260992827 0.335881889712302
-0.000829923316047629 0.0934275138717166 0.0787733470608356 0.318867052170463
-0.00462599970596194 0.0928033029969055 0.0574625706169228 0.298631777100115
-0.024162121587442 0.10104547094464 0.00230354127514189 0.244877407087443
-0.0538445426472014 0.0779801916420876 -0.0567996283176527 0.164025254570034
-0.0609602253387043 0.0509489062348209 -0.030786670491202 0.0630766946606706
-0.0751549845574521 0.0518516827666588 0.0214121701084719 0.0113027291303138
-0.121985815294108 0.0176615963964177 0.149090435986694 0.00304313430696897
-0.172360494841433 -0.0278472181925937 0.36929726595002 0.154568239595104
0.00401259959553605 -0.0452674229504561 -0.364433556131935 -0.16161044273854
-0.00751651453482531 -0.0757875161427469 -0.216082156864006 -0.0259863361292123
-0.0567090974423269 -0.0368289629458935 -0.0391894090535617 -0.00914113418460964
-0.0516449240325793 0.0194662830403644 0.0452287356030279 -0.0221370680458978
-0.0151920630063959 0.0331771610865177 0.08928059449988 -0.15008057892262
-0.00363671739301568 0.0260282891096522 0.0330453264250354 -0.255317847769867
0.0160572127325183 0.0240294758613495 -0.0332699400964699 -0.312049476885633
0.023490035726365 0.0298413586812046 -0.0827401172548117 -0.327388438524398
0.0344846390279949 0.0390770610434191 -0.0790685897156258 -0.324271140997391
0.0218779414935385 0.0612991012968004 -0.0308414227138254 -0.287618649122333
-0.00908467440177214 0.071624821842933 0.0268230114635965 -0.208971645211745
-0.0640270347973941 0.0743628151284588 -0.00558082507108573 -0.0918365014391747
-0.0907559690760676 0.000188580130270972 -0.111013409314252 -0.0550746085927969
-0.0474952393278313 -0.0612346982384217 -0.207084391016738 -0.123335836371837
-0.0184060713150782 -0.04877757151464 -0.265359186372223 -0.298148986436304
-0.11091905146702 -0.12213813275393 -0.335406413786303 -0.18428261643406
-0.117052354982115 -0.137782764817562 -0.205633657060153 -0.0646061516897283
-0.170206112476297 -0.0450108917259968 -0.058207477906733 -0.0299783054104319
-0.159985508161197 0.0644158600714448 0.0324215208666433 -0.0192834093539447
-0.0934452982758283 0.125111946845628 0.0930720695819385 -0.133677213120317
-0.0374422190979167 0.142628060643005 0.0454288324967032 -0.228744481866913
0.0255967245951812 0.144432735139355 -0.0182599778196136 -0.283321822546976
0.0433806306499493 0.145933497849199 -0.0647109085752925 -0.288437440364237
0.0658659874498056 0.149349021280289 -0.0755164320790364 -0.279556933392262
0.0339976629587265 0.192638081145339 -0.0427869970121382 -0.24969757904554
-0.039693944307094 0.201736012561126 0.00246546567942042 -0.18565464743515
-0.146052979646111 0.206417705839349 -0.0216930966762326 -0.0702776095258364
-0.234313846056913 0.0779573285572398 -0.129672790207623 -0.0333241087619142
-0.223316958440376 -0.0794022401375392 -0.1992301218076 -0.0881774648861526
-0.189871402659631 -0.121654543404305 -0.229124355500668 -0.24021854315932
-0.209510970659294 -0.19550782295812 -0.273710205777543 -0.157780378619491
-0.220148489235165 -0.205060646463992 -0.171030635501262 -0.0734147949757519
-0.280866914787956 -0.0669016722809155 -0.0649184602731885 -0.049778203472428
-0.273963912439096 0.0954838370928718 0.0113334987301887 -0.0253189190393691
-0.178916676077999 0.204621122752183 0.0703377601648285 -0.107698988054918
-0.0795900615742838 0.247897610094914 0.0365122230561294 -0.171118636355958
0.0266148940474047 0.249824454171529 -0.00822333646775945 -0.209471614109717
0.0571353028436007 0.239366465399792 -0.037470833115549 -0.206402319588406
0.0930848300740324 0.231013966590323 -0.0541188555554523 -0.195268274327879
0.0557887789019693 0.2890518560407 -0.0350308827143395 -0.178233672263972
-0.0431888764498383 0.301527287787892 -0.00712887089827103 -0.135787259762888
-0.178631852891492 0.319903659499508 -0.0215193817200988 -0.0398656494174267
-0.32306141374829 0.171025466648874 -0.12242927715638 -0.00920921195952221
-0.358333639038222 -0.053883371976299 -0.155097245286944 -0.0588707212258614
-0.335883692383824 -0.154839334657858 -0.140401308449992 -0.167010098187838
-0.283678906937328 -0.243431271371385 -0.183062066818662 -0.0833475426920892
-0.311003519876398 -0.250187399599465 -0.106647326059088 -0.044530296037091
-0.377682318901653 -0.0781147287563355 -0.0534676241222703 -0.0574247818237697
-0.367573181966709 0.126672950711115 -0.0154915956999291 -0.0317873743863741
-0.247574493472833 0.26855652731994 0.0234452425776328 -0.066470723524763
-0.109725857702839 0.326282022121278 0.00838074412200981 -0.083307309851941
0.0256003411156016 0.320048456933526 -0.00491938686231978 -0.0978429856147108
0.0637897322410863 0.295555295005707 -0.00485374415148984 -0.0939801732390404
0.105495898292652 0.275832182598916 -0.0170340802416435 -0.086854579555005
0.0690407986619133 0.338345236136235 -0.00921815016348871 -0.0858927539125175
-0.0404109528279071 0.353316158945096 -0.0011406990332519 -0.0680452351193412
-0.182584426269284 0.379920448932001 -0.00807260328667245 -0.00865056258739882
-0.354204715058649 0.234451089725823 -0.092786368267473 0.00661336806755288
-0.42639505763596 -0.0184935856651078 -0.0831605569243977 -0.0434415476908916
-0.423829458978513 -0.155482842910494 -0.0163440271076137 -0.0919244104128512
-0.32283635314382 -0.248756178493182 -0.0677762024073985 0.0238903342853267
-0.367529522598926 -0.248752380530983 -0.0150481997485526 0.0158574645909179
-0.427674860437831 -0.0601812999083883 -0.0256769918056902 -0.0463890768807314
-0.401107744981538 0.157781392234956 -0.0424100945493495 -0.0277415482040977
-0.267787822975731 0.299733654163989 -0.0344883106900278 -0.00356606948216768
-0.113742622117331 0.356256240450799 -0.0251175073482208 0.0287894643332922
0.0261949261708611 0.341046445040065 -0.000204612918195209 0.034599681495347
0.0609434347208536 0.306726955824784 0.0286907094661097 0.031474178424193
0.0953094750974718 0.282132815185559 0.0242160536904406 0.0286633203723214
0.0579286162121831 0.338989929226066 0.0229491748170835 0.0132423199342423
-0.0506414421926645 0.347579031449776 0.011486004540392 0.00516018421281895
-0.178777290769532 0.365180447565319 0.00780055193578759 0.0197271121358956
-0.335381231261728 0.237514432805642 -0.0539850306846418 0.0118752736204446
-0.419292749415537 0.00040205247803508 -0.00224225949321903 -0.0402153973324307
-0.44260194601787 -0.14044953622393 0.118168339761915 -0.0243105146715807
-0.311019026429772 -0.208336950237304 0.0586860910399675 0.139862602778237
-0.355389229268887 -0.191475476223276 0.088765395595615 0.0857193416158451
-0.38949470397085 -0.0153725760024736 0.0102392656250795 -0.0173082865763317
-0.341900505336116 0.167036513260984 -0.0605709694844625 -0.0064724756547418
-0.226139621260993 0.275533071366078 -0.0822164531851927 0.0725241865881623
-0.0896845421752688 0.32120970261072 -0.0460012071871764 0.146717030997846
0.025945213230234 0.30467336202427 0.0120572331361757 0.164687623162269
0.048332164888061 0.271878865851829 0.0585531900082625 0.14958155703138
0.0676091819818723 0.250990284330063 0.05723430269391 0.136480929384933
0.0263232558549475 0.293544551180424 0.04338717062554 0.10603941014148
-0.069306911943354 0.287416012361624 0.0125122386144732 0.0743566160225081
-0.166260155115385 0.282451741792894 0.012027864653366 0.0428890799207732
-0.27762555164943 0.183139874743351 -0.0188214948925815 0.0119471854228755
-0.350974198061219 3.76388189539945E-05 0.0685038822593392 -0.0372507752385825
-0.392863808310939 -0.113925862183449 0.236548513401818 0.0359161346881204
-0.244019458652394 -0.127926573189039 0.174977457335643 0.233587961980816
-0.266897682038772 -0.0952011981657392 0.18159485232558 0.135194796289514
-0.261601904865146 0.0314126754512474 0.0482144629317212 0.0170199840732131
-0.205883548678183 0.133119200508095 -0.0580739622487175 0.0237254539572134
-0.139904827841755 0.192106938825345 -0.0971539702422861 0.140896493108969
-0.0511725797591304 0.226390284830464 -0.0430896143412282 0.240547031166288
0.0212598327146393 0.21765370885313 0.0320925822766526 0.267071641680592
0.0276538354987946 0.196716064399605 0.0803581901810091 0.246619349246535
0.0303360926711731 0.185730034056354 0.0733587352951392 0.226276330746527
-0.00644468204321644 0.209276143218214 0.0393806765561127 0.183839584020272
-0.0759167099012 0.188757421276676 -0.00876546851465402 0.129116300168124
-0.129748827741705 0.163503104691279 -0.00187679847934246 0.0578409465360225
-0.183647813928737 0.107850390796319 0.00462188951292111 0.0103564544298871
-0.241372292400976 -0.000920766123017015 0.117299313394896 -0.0247696052181462
-0.292716550566951 -0.0756371029529536 0.32243699494181 0.0906946218336708
-0.125767129583123 -0.0336195489597985 0.260512446137208 0.28681391602873
-0.115230108593431 -0.0021728853180441 0.248556717907672 0.150273822704928
-0.0809978732151969 0.0443392707783312 0.0869659513598395 0.0399019782757733
-0.0475273801101838 0.0486732808011171 -0.0321522449040389 0.0460767769787824
-0.050781598911616 0.0658546428155688 -0.0785255422436592 0.180883292205639
-0.0199071612821099 0.0921876914117761 -0.0174776153263833 0.289004868355411
0.00363648790990666 0.097028856565539 0.0561219309845686 0.323298745833671
0.00303938985297993 0.0918984328756485 0.0907313701066647 0.304741854855595
-0.00164211087843093 0.0910799478769405 0.0686234909448173 0.285507812014591
-0.0188714235532015 0.0987093977241632 0.0126016173808839 0.236759791475273
-0.0482277431355169 0.0773590582649881 -0.047547191613111 0.161999387254218
-0.0555210713526081 0.0518225069044282 -0.0277423131060211 0.0606332391541548
-0.0693544503304897 0.0541446918700623 0.0198868435893298 0.00999791268173685
-0.117178922841312 0.0223523987555539 0.142940656916788 -0.00202262496379392
-0.16759410435726 -0.0191285592222503 0.365323457881126 0.133028146997938
0.00710026218233647 -0.0405358498617447 -0.348643194273865 -0.175086901763454
-0.00156491613331561 -0.073246118363681 -0.21062035100317 -0.0344064498175132
-0.0535770937782615 -0.0379963307642546 -0.0380176337946415 -0.00896423876012287
-0.0512136786132577 0.0162745609359935 0.0442727996999372 -0.0174744580340756
-0.0177206065445073 0.0303884993193919 0.0903799425338565 -0.139941686079087
-0.00654114240818674 0.0249463712347784 0.0399693816391428 -0.243360814863144
0.0139935519968795 0.0213963574522502 -0.023619105544094 -0.303675869782838
0.0221615282034279 0.0290979467619282 -0.0728959055944306 -0.318052586556614
0.0327080193532195 0.036456846306876 -0.0701239031580553 -0.315422532111218
0.0192799716699513 0.0594033813396945 -0.0246354413202124 -0.279395864437321
-0.0120627622537237 0.0700241789553181 0.0289337331659083 -0.201074996551842
-0.0654393607179718 0.0684794765622279 -0.00601499204678087 -0.0876311117562113
-0.0908757570554495 -0.00520159785501234 -0.104926343293692 -0.0594112003839516
-0.0471952234397856 -0.0637454957636006 -0.190996833498467 -0.131871692559779
-0.0201576976006891 -0.0490540180954805 -0.237306045452823 -0.301256132956454
-0.101028958739801 -0.121732896469073 -0.324489447099627 -0.192543429719702
-0.104320773491686 -0.13978554094361 -0.200044888995553 -0.067393688426701
-0.162202405050796 -0.0524381261687518 -0.0557079546678999 -0.0253074878232777
-0.156897710380722 0.0532705386547268 0.0299446051092941 -0.0105641444912793
-0.0974125842783981 0.114902795799493 0.0945760833398549 -0.118965150061427
-0.0440569500704197 0.137186568747723 0.0526882523170146 -0.21492840803778
0.0184662062091236 0.139365423727554 -0.0083791501042391 -0.273437647185424
0.0370206482478778 0.145165942955568 -0.0564588590758177 -0.279445894093303
0.0596108454203412 0.14675088098745 -0.068830843420925 -0.270734023598047
0.0277965481413574 0.190548698575485 -0.0399085756625714 -0.240887025875774
-0.0466614861264629 0.197489941292102 -0.000354737039244852 -0.178082468437312
-0.148868612126747 0.194802218081478 -0.0284694933618357 -0.0661745924565841
-0.23434840754071 0.0658194885639011 -0.128113740846728 -0.0412459628425255
-0.218369422026137 -0.0869348678568961 -0.18551259762455 -0.102477574586893
-0.184020122377141 -0.122529270224864 -0.204953457537392 -0.248241156680558
-0.193085963185459 -0.20090540218068 -0.270248768211353 -0.160909646807855
-0.201382188685943 -0.211988869043552 -0.167084131422144 -0.0717974530740972
-0.26817308801571 -0.0805032914439001 -0.0622316861073018 -0.0405090264210623
-0.26728234810225 0.0778754839595164 0.00778075608746897 -0.0131779644985967
-0.183636350884425 0.188017736342193 0.0723723370435933 -0.0909185933078922
-0.088078767991682 0.238333432099412 0.0444661016901986 -0.157471884148489
0.014695538293049 0.24257632796161 0.00105115592049311 -0.198800441753714
0.0467772279712557 0.239444439308254 -0.031413688999122 -0.19818049038125
0.0833347451117147 0.229059496451363 -0.050625339435888 -0.18839147134842
0.0470087328922547 0.285785419177748 -0.0351651371655757 -0.170420413272928
-0.0527077369266111 0.297111607236233 -0.0145374553356135 -0.128079736915287
-0.183450361717115 0.305488831237255 -0.0346531829409889 -0.0346360052058677
-0.324903197027352 0.154572029811918 -0.126058395896619 -0.01784366491592
-0.350427472517399 -0.0662213618862503 -0.146331337111702 -0.0746488385614123
-0.323179957844536 -0.157048347029505 -0.122842839142281 -0.179194752214086
-0.262499314786311 -0.254040450478458 -0.188289044304883 -0.0830344107585651
-0.288198401372201 -0.262145198115743 -0.106863447295582 -0.0387559575021582
-0.361356204188583 -0.0980910168111874 -0.0513673888936921 -0.0439029490745248
-0.358941693747645 0.102746737566474 -0.0189710256318104 -0.0169429699581315
-0.25264821173836 0.246770828044301 0.0266771618663908 -0.0492318313200584
-0.120427893486139 0.312399232093041 0.0160185485612038 -0.072633660655324
0.0109679598619138 0.312015458265256 0.00306239754116402 -0.0889622031161007
0.050708757987037 0.296148879498897 -0.00237061105128141 -0.0880112413553635
0.0931479120582238 0.274440275508429 -0.0178472773922765 -0.0814961350848278
0.0593209736469272 0.335751940747915 -0.0130176111483018 -0.0791277066215846
-0.051745099569009 0.348599878509842 -0.0118192372016891 -0.0612640827772438
-0.18844433355415 0.363994935444744 -0.0247725956086399 -0.00243498720567783
-0.35627308449061 0.216534319273813 -0.100743154906941 -0.000836737162706606
-0.416546034395513 -0.032862261312442 -0.0792975185123408 -0.0580476459960081
-0.40814176459391 -0.160218557736704 -0.00833320986668806 -0.103110780869024
-0.300046228946802 -0.263637482123496 -0.0831524406435119 0.0280731056049191
-0.342835447181954 -0.265062798211372 -0.020761844963326 0.0256232611350216
-0.411428165691371 -0.0841556147486634 -0.0251825260407494 -0.0294258941494212
-0.392965362533817 0.13147091222244 -0.0457881377113196 -0.0120678638845036
-0.273457112890585 0.276179825820466 -0.031214321981838 0.0104949597051432
-0.124685766997913 0.341089337675837 -0.0189568506680734 0.0346631610454034
0.0103441194850076 0.33309389731774 0.00515928342396664 0.0397557846095782
0.0475312809168913 0.306733339991595 0.0279766817094702 0.0336512470852237
0.0833527080489746 0.281798000819846 0.0197543604880228 0.0311305305136123
0.0481564692391487 0.336184277705796 0.0164208449775377 0.0173413447964645
-0.0614498197778027 0.343118817133491 -0.00164452750937753 0.0101369088378733
-0.182550042691951 0.349736032604491 -0.0107887782330539 0.0250717678339959
-0.337634324418012 0.219310901458037 -0.0635273217592081 0.00601895545250596
-0.408870243409871 -0.0134808668722579 -0.00227201260172725 -0.050499441106341
-0.424072332743402 -0.145461870580556 0.116303014701548 -0.0316182251331333
-0.290322865437888 -0.224972401928227 0.0354125348138785 0.1461779208584
-0.334842089568922 -0.210178808362651 0.0780353010964781 0.0973775893711717
-0.378498516996608 -0.0387736285889825 0.0100951482477144 -0.00111108221486469
-0.336548104008533 0.143531513297836 -0.062618101812139 0.00587573260896788
-0.230734956177462 0.255051760253351 -0.0787391993305142 0.0802898505255622
-0.0995801296762327 0.309303079542128 -0.0430517167823949 0.145829182580582
0.0130856633593736 0.29928238489209 0.0129441298563131 0.165258179315547
0.0363381825218509 0.27292805546578 0.0538613141679916 0.148806685960143
0.0570306100074696 0.251482374241946 0.0498732998702229 0.135770198578531
0.0191820564869454 0.291227259833176 0.0348387944894698 0.106771346473541
-0.0773454333856165 0.28290163478907 -0.000379573308281628 0.075297996430714
-0.167702937590645 0.270020238515425 -0.00461807490908626 0.0451279959794374
-0.276716819671294 0.169518455043118 -0.0284837108421872 0.00739963040097079
-0.342044559335255 -0.0114318072929642 0.0652769535291831 -0.0415907962105707
-0.37556421411667 -0.119646585151265 0.226671451409463 0.0336631570016049
-0.229870887434919 -0.143031164751148 0.147511888431799 0.241253139562368
-0.255244904464444 -0.110746567504092 0.168217373124422 0.146979517261836
-0.256489037863096 0.0146628057995766 0.0467651009295031 0.0287160612812559
-0.203039138221685 0.117573861425463 -0.0593409161599508 0.0299959357066009
-0.142754782685229 0.179484390350395 -0.0958373916234711 0.140749871243511
-0.0570257530755685 0.217401389170581 -0.0441235637316632 0.23379009815059
0.011745305805568 0.215634402578005 0.0285439885216399 0.263047270714681
0.0190172150403018 0.19763936108078 0.0731583591713598 0.240845905485809
0.0237325451643233 0.186439112088134 0.0639036424193933 0.221389183386244
-0.010951451130255 0.207324601064608 0.0306076204770047 0.181110488242767
-0.0803246825711243 0.185485569640997 -0.0190183996708634 0.12592112262621
-0.128178594493793 0.15518899905545 -0.0143515193843426 0.0565295299706532
-0.181972021509971 0.0994398616617749 -0.0027650684436558 0.00822529008830709
-0.233784183114634 -0.0082437060395183 0.111914668774553 -0.0244773945057365
-0.27879758392774 -0.079197339587436 0.306440435904841 0.0931359608680833
-0.120249209621631 -0.043860158316045 0.233733081012637 0.292964173142267
-0.113013831846203 -0.0113047807406037 0.234588321660473 0.159273489184573
-0.0812764540386231 0.037590538151965 0.0838312228459853 0.0461638927282369
-0.0463686376293642 0.0444408542540096 -0.0337558120594021 0.0458287484401392
-0.0496790465157027 0.0615553923751773 -0.0809455385702313 0.173822474638306
-0.0213043873112554 0.0881841613180537 -0.0242172206451094 0.27808083334207
-0.000112961190557846 0.0975518326057905 0.048231368499605 0.315726280693968
-0.00138904643884984 0.0929120791430071 0.0819132022285241 0.297029953058693
-0.00457682139896318 0.0926933615705142 0.0594994081686991 0.278108655139145
-0.0200047798111999 0.0982365137490938 0.00609384089601541 0.230545700406678
-0.0496133336522265 0.0757203877263284 -0.0529085447010662 0.155748999784292
-0.0538244299413659 0.0493219905483816 -0.0335696514698331 0.0565992952302259
-0.067307276072329 0.051874054898548 0.0145196174086129 0.00935578295914969
-0.113214392976303 0.0189005748328472 0.136039022461703 0.0017317812729547
-0.158713449847498 -0.0210535261329509 0.343571113996601 0.140529221135094
0.00798423324749697 -0.0401184336368808 -0.344824751120685 -0.176934132473923
-0.000533326342700505 -0.0734602796713099 -0.208933549411536 -0.0360020883452672
-0.0533226446079735 -0.0378873575426107 -0.0372454077881126 -0.00964054640974426
-0.0514364038443494 0.0156784191999763 0.0449976329272887 -0.0166524218141328
-0.0174705723976001 0.0292415858707636 0.090236361603707 -0.137689384031196
-0.00661088779600069 0.0248029979304201 0.0396846949796662 -0.24155072053667
0.0138106069819478 0.0211123421960906 -0.0239177656446217 -0.302954687272072
0.0220669379765699 0.0283131166090469 -0.0720297823284149 -0.316476707427612
0.033263959134125 0.0356249502538736 -0.0678845109255698 -0.313948001055399
0.0194014942644767 0.0595337456440174 -0.0225461880974311 -0.278794112684958
-0.0131046306580995 0.0701484180294089 0.0300132564261441 -0.200435179302104
-0.0665359507428648 0.0687716617174413 -0.00410567400662917 -0.0873798594345954
-0.0912526508426787 -0.00736650859778272 -0.101940105333905 -0.0598544600422194
-0.0459522020632795 -0.0640746624884958 -0.187437859843458 -0.134906711204681
-0.0185843087635035 -0.0493634813150939 -0.234015212905316 -0.301857910579588
-0.0980113035283783 -0.121294576992227 -0.321595274797756 -0.194222503242699
-0.101781038183752 -0.141229749116588 -0.197868554257452 -0.0690901242506075
-0.15894436192099 -0.0532217494111428 -0.0541097296116902 -0.0272749970915289
-0.156973952259839 0.0519434954328837 0.030449135481262 -0.0104329786347461
-0.0971384714093011 0.112571281185492 0.0929184099011228 -0.11832741362771
-0.0446248744509516 0.1364027285916 0.0528965539309162 -0.21382827062733
0.0173149882862366 0.138648578473352 -0.00844416604912128 -0.272370999241849
0.036341133344978 0.14508172824531 -0.0553122652026332 -0.278094926880008
0.0582910266007021 0.146019139283811 -0.0676176502922233 -0.268910384216579
0.027468969876286 0.189634790900768 -0.038396020595492 -0.240664807013075
-0.0483290923928954 0.196872216650637 0.000190294275431824 -0.176825801262523
-0.149895144247837 0.194032671555952 -0.0270203924712515 -0.0669664124088659
-0.234633229251696 0.0624477995737655 -0.124878129652642 -0.0407154255505991
-0.216222613150519 -0.088986205014166 -0.182223055170303 -0.104839543896386
-0.179994532200241 -0.124340544545704 -0.201419162828429 -0.24968467487846
-0.1881059515787 -0.199692542344136 -0.267681646117831 -0.162294623287761
-0.196417609267462 -0.214040876569899 -0.164747445667893 -0.0742649781328433
-0.262661625824016 -0.082324901777967 -0.0601615550868527 -0.0433415472565028
-0.266167099595699 0.0741305674547456 0.0080609655909512 -0.0132768675646858
-0.183225206166686 0.184435687633354 0.0701126891096736 -0.090941316525536
-0.0882892543278558 0.236810046218288 0.0443699996950751 -0.156831926997145
0.0130372660422475 0.241928033554022 0.000536897661522745 -0.197277547655145
0.0456345840440586 0.239297222739566 -0.0299310193353622 -0.198189652243747
0.0804397611197439 0.228106670364301 -0.0492445762067317 -0.186789522749718
0.0466581902275424 0.285240058964625 -0.0344415523775463 -0.170111442878077
-0.0551669646583436 0.296569549089023 -0.0140400758105822 -0.126580271839528
-0.184612661662268 0.303795987477925 -0.0331112834014213 -0.03601782964818
-0.325233749616436 0.150077838150505 -0.122917066960645 -0.017076483524218
-0.347713201815515 -0.0701611762588632 -0.144008667571963 -0.0763339241891923
-0.316938963536234 -0.160760692418311 -0.120732924654651 -0.180183717573707
-0.255512172725587 -0.252088751521739 -0.188307477734706 -0.0849877314702119
-0.282509935130104 -0.265300958675896 -0.1054877300097 -0.0408506720958172
-0.355054241719609 -0.101375724027518 -0.0498992375767692 -0.0465630213881011
-0.357208509081163 0.0988622585291686 -0.0188336015255 -0.017916700561237
-0.25266701255878 0.24197160961765 0.0238917268006681 -0.0510364351654103
-0.120562089760705 0.310697393768656 0.0159921170620289 -0.0725331578175134
0.00935597277916567 0.310817442494942 0.00253454775632018 -0.0875229274841585
0.0492219066011445 0.295691166687695 -0.00184922693637721 -0.0889861758105656
0.0895044108254484 0.274531373041097 -0.0167472052214753 -0.0812308435954219
0.0576844486505069 0.334571194395566 -0.0130778321402423 -0.0794169092917547
-0.0539972904446208 0.347344916015979 -0.0121416900333392 -0.059503676038135
-0.189509250796449 0.361547851356779 -0.0244000898243373 -0.00453604082565823
-0.356307251819516 0.211524384329515 -0.0981924350645425 0.000587109215426806
-0.41367492001997 -0.0380675638844835 -0.078168716057937 -0.0577156368231934
-0.400328905453458 -0.163422901700358 -0.00668239103647744 -0.104120437437931
-0.292297841695968 -0.262815495337826 -0.0853710700686982 0.0262419848847637
-0.337402253035093 -0.268298844763913 -0.0211262823924752 0.0240240642173476
-0.404873809966619 -0.0875728128052683 -0.0239191272388626 -0.0320773246700633
-0.391082146009841 0.126388515825319 -0.0459631078836737 -0.0131419708033807
-0.272964954398502 0.27145985314129 -0.0337862244676595 0.00746043507648803
-0.125504043411516 0.339240406583123 -0.0196834349917534 0.0338694496283836
0.00908335317336028 0.331952313614156 0.00448062646751806 0.0403223306406604
0.0455622821174635 0.307048574222913 0.0270436859058923 0.0325066680344089
0.079601377376664 0.281410705990362 0.0197230378044141 0.0310828802272239
0.0468896068249353 0.334650976058408 0.0153210673315513 0.017348018782011
-0.0639378691871119 0.341359782014675 -0.0020737952933434 0.0115614055976188
-0.181832966901854 0.347494895081127 -0.0108015820167206 0.022767655181654
-0.337082367059888 0.215457471617478 -0.0621733814350279 0.00800542762253189
-0.407919577452343 -0.0177217647646026 -0.00229499812072599 -0.0492346343536733
-0.417032833152971 -0.148523224746981 0.116376374581137 -0.0321632630931563
-0.284130536152945 -0.223941237698418 0.0308317288177211 0.144445605701388
-0.33163497732186 -0.212376479719865 0.0762063993656141 0.0965549748498392
-0.373221912215514 -0.0427472171584572 0.0102366076522576 -0.00313114897844761
-0.334805613849153 0.139274140911704 -0.063427113419552 0.00505023522820886
-0.231100687171133 0.252076990793631 -0.0810815156682513 0.0761816798297163
-0.0994123827346862 0.307013458161298 -0.0438269502489887 0.144296882479796
0.0113191328972953 0.29835810787161 0.0125664891550727 0.165054953402095
0.0349398415945129 0.272588970153739 0.0526871649879833 0.146726773238004
0.0537222096666506 0.250914746364278 0.0486877605683913 0.134788271791286
0.017477252855424 0.289069845755332 0.0334043419612681 0.106631270366157
-0.0787944427429811 0.281485904400602 -0.0012094618150454 0.0759393157332213
-0.166485072906792 0.267534072203211 -0.0059085878494291 0.0433093729637276
-0.275346410272534 0.166014207740014 -0.027782911989361 0.00910162860787151
-0.339422522480414 -0.0148327169070298 0.0641784273013964 -0.0396060547456636
-0.369124942481921 -0.121479409772216 0.225763033871443 0.0336916984699159
-0.225319182800979 -0.142891438254456 0.142110255100785 0.239483977413347
-0.253103358135349 -0.113055301470668 0.165161724332132 0.146291537301123
-0.253600011751791 0.0121874349376097 0.0461084032565832 0.0280769530753463
-0.202379094375656 0.11472638371367 -0.0604437658504041 0.0290347505491279
-0.143205132219236 0.178310935010036 -0.0981550496366468 0.136757960316652
-0.0576488316393647 0.216499276588861 -0.0453934361360607 0.231614647831513
0.0109037585153377 0.214417537688086 0.0280044174518297 0.261581734597127
0.0184155741676917 0.197864111545028 0.070936500745454 0.239311184946344
0.0209890820294143 0.186346561865711 0.062053899372592 0.219961951217487
-0.0118250883264858 0.205557444506054 0.0290643374554674 0.180318187858032
-0.0810829009791981 0.183726297218791 -0.0195333494838713 0.12654450835258
-0.126149323549401 0.15341139783606 -0.0156761657267812 0.0546799380034249
-0.179739492700597 0.0981096385955943 -0.00333370621053235 0.00954385777548682
-0.232312317754089 -0.0101801486711209 0.110679151547921 -0.021718061823984
-0.274052628070231 -0.0804394124694355 0.304598245985072 0.0930350334266387
-0.117583731632125 -0.0441906862067557 0.226666393271831 0.291161608798753
-0.112648140647381 -0.0113978875631653 0.231059183360108 0.159764460204575
-0.0808815241978102 0.0370843301635186 0.0826847851819314 0.0461906468580707
-0.0459610916941807 0.042790740698197 -0.0350963755219543 0.0442593515327609
-0.0496654882275346 0.0613237314513804 -0.0823072551022524 0.170729428690663
-0.0208558972140067 0.0875772975173902 -0.0250199790792696 0.275842510888806
-0.000288641868547495 0.0972541516463706 0.0475601155325427 0.314424635946427
-0.00159945499335903 0.0932380686957268 0.0790004267770493 0.295078885640645
-0.00564148315675487 0.0933103360152776 0.0576594788817861 0.276442162257482
-0.0202366551167904 0.0971830374801778 0.00503952312484066 0.228768588485544
-0.0495648621079392 0.0748240602636045 -0.0525722731786864 0.154969417516697
-0.0522601648228907 0.0483955756749434 -0.0346881075126475 0.0551746579523337
-0.065661277392774 0.051763634975022 0.0132430094716508 0.00977904595930769
-0.112745221393717 0.0182898460436043 0.133925296023136 0.0045904384820432
-0.156576475176746 -0.0215735092996611 0.341842454360113 0.141045099928946
0.00891207009690709 -0.0413889837553578 -0.350111646315717 -0.181963144935204
-0.000235204012777348 -0.0761142367575191 -0.212497140081964 -0.0382952596417918
-0.0541887313479074 -0.0388463441957184 -0.0369320747032597 -0.0108410261439122
-0.0539488552946944 0.0164455517822101 0.0471910584241041 -0.017319442043424
-0.0182744001523069 0.0294561582762302 0.0918364157084924 -0.139572492879452
-0.00761359405535564 0.025014822522077 0.0403726019624584 -0.246635268539275
0.0134776279910711 0.0212051319048926 -0.0254773073621672 -0.310497897704364
0.0228380218013981 0.0283679396343585 -0.0730715994402755 -0.324138868625488
0.0342074738109639 0.0355847588286182 -0.0680753537100407 -0.320872347529849
0.0199043469473027 0.0617795001928117 -0.0220711342178133 -0.286086238903845
-0.0141019271109555 0.0726876865717694 0.0319063709625347 -0.20602361912274
-0.069283934364897 0.0707391899711984 -0.00277411883516653 -0.0888005016745252
-0.0943783608472466 -0.00857840642423746 -0.102246994627766 -0.0614626579143577
-0.0465880951228183 -0.066387573672905 -0.189391202761996 -0.141572319767545
-0.0182741438507814 -0.0510689544406563 -0.23794565894999 -0.309400061767621
-0.0977687346320011 -0.123902555827064 -0.326545077250856 -0.200483579497587
-0.102320183103011 -0.146731509672246 -0.200972000819264 -0.0725530711293382
-0.160600352522624 -0.0555244321388486 -0.0542537373455333 -0.0299984983648024
-0.161148141224783 0.0524941045416225 0.0319622105771376 -0.0107043826767707
-0.0996480254186388 0.113940955073367 0.0942086599741763 -0.120184591813406
-0.0461233746284062 0.139280514514246 0.0539529405187071 -0.218114855920449
0.0166394909991269 0.141935927807078 -0.0100632142248925 -0.277649335510425
0.0369166857783959 0.148015343702383 -0.0563746380815903 -0.285111945815628
0.0591971608192127 0.148867957764457 -0.0677388558614399 -0.275292728888179
0.0284829533647185 0.19442527579475 -0.0381002517521102 -0.247357687408555
-0.0508453044175261 0.202543568801982 0.00118054438360918 -0.180683998389569
-0.154541618278667 0.198877945052028 -0.0259493163896029 -0.0690661819669743
-0.241858422125374 0.0621537334764064 -0.124968812310806 -0.041353688513001
-0.220900680278451 -0.0940278702179233 -0.185106665783733 -0.110871241914526
-0.181669004776375 -0.129142564924348 -0.20448193999116 -0.257094205598636
-0.188220264255106 -0.203598088570732 -0.273031647320768 -0.168086764359394
-0.199195886580662 -0.221981524585891 -0.166932457887706 -0.0779880269640618
-0.264653152630726 -0.0859390602759896 -0.0606300096168026 -0.0468591745285151
-0.272640067618186 0.073841803446115 0.00844493300413312 -0.0139697125976227
-0.187756835627237 0.18692792730592 0.0706733215451576 -0.0935475412780136
-0.0907447772999481 0.242088866946686 0.0451643944906336 -0.159803148254165
0.012464951696185 0.247736962651175 -0.000367337415083024 -0.200660300439864
0.0464123193817243 0.244898095409724 -0.0312863046425355 -0.203493661196076
0.080707856009706 0.234145521257014 -0.0489451819961052 -0.190899287772378
0.0471261710155007 0.292481352404295 -0.03557489389089 -0.174655251640926
-0.0588683060484928 0.30408260837584 -0.0142547349908509 -0.128719203629894
-0.189582314912521 0.311081592839682 -0.033279711385145 -0.0388285863697666
-0.334087000512347 0.15037447050528 -0.123394589671083 -0.0171363873160311
-0.355867756743364 -0.0756821767014229 -0.146437659506115 -0.0797133097467262
-0.321044780860079 -0.166881690145634 -0.12146353954704 -0.185377669249652
-0.25663793541801 -0.258057352769889 -0.193202825206018 -0.0886612086764693
-0.286612845644802 -0.274606842146136 -0.107389236018168 -0.0442119263523864
-0.358381234308478 -0.106647986433544 -0.0505799958343561 -0.0505508637564039
-0.365295432980037 0.0977391612667926 -0.0194058573882661 -0.0186648357726252
-0.259220410683482 0.2454155182101 0.022494052807976 -0.053934504344128
-0.12393634535493 0.316935522813006 0.0159201066644505 -0.0744693697779567
0.00826349313851589 0.318399445405051 0.00272016329291038 -0.0887140916145476
0.0502687326207321 0.303719682862129 -0.00185792293080389 -0.0917587725712559
0.0890752713993773 0.281601417382887 -0.0167217223414209 -0.0824881607744297
0.0583330512587063 0.341701818314438 -0.0138064304527658 -0.0815590691619952
-0.0590062415499152 0.356463227079042 -0.0124292993717232 -0.059746891684712
-0.194161231898397 0.370534319514315 -0.0249675608394796 -0.00642163406431528
-0.365660905733115 0.213039029385194 -0.0978517339947422 0.00120272398701384
-0.423249058141583 -0.0428512713670505 -0.0799242017141777 -0.0596291732819525
-0.406253163758695 -0.171031947998585 -0.00581297455945401 -0.107129708555019
-0.293414859757979 -0.268899333690994 -0.0901438255253975 0.0247812132562002
-0.342487799938209 -0.278739521440966 -0.0216348656551118 0.0227205319753828
-0.409463112728509 -0.0934329399549745 -0.0240395062308016 -0.0354633385273474
-0.399384720357338 0.125881560797587 -0.0476133563522928 -0.0141656968696321
-0.280706454588155 0.275631045644671 -0.0371445782441776 0.00456747385388483
-0.12845500951405 0.346912108625263 -0.0208110744200802 0.0337614574785038
0.00893007086160777 0.340060731311549 0.00481648080540048 0.0424606530328971
0.0461686741078235 0.315779256024451 0.027195266906503 0.0319875517088517
0.0788017392300748 0.289395135328365 0.0199795748602985 0.0318928498704896
0.0468413705246693 0.342308545327244 0.0145511405076719 0.017360991152151
-0.0682008175405557 0.349945150005302 -0.00228716335731327 0.0133024710727834
-0.186874418338427 0.355145809588556 -0.0115905815094327 0.0210766485498209
-0.344457569749091 0.218035956359077 -0.0616824963170172 0.00905116494548142
-0.416638446766596 -0.0220072308019264 -0.00248462867971079 -0.0496082718252668
-0.421233809332729 -0.155624017955252 0.119814064708557 -0.0332908037551051
-0.285770374850479 -0.229462012770117 0.0267289570302214 0.14676836299389
-0.337571942397627 -0.220917224482632 0.0764938100177411 0.097835095438205
-0.378223812119557 -0.046969596153057 0.0101440271454339 -0.004745554387921
-0.343296040231083 0.139063947781778 -0.0658183172126306 0.00408017885730132
-0.238038987043119 0.25703416269529 -0.0863103122128064 0.0745548475242059
-0.102133946314758 0.313464662388408 -0.0462008283002121 0.146815323668395
0.0110571115113622 0.305033434278351 0.0138191365785964 0.16864752459709
0.0358800314087091 0.280445823438231 0.0531604674609193 0.148616555042459
0.0528314562886612 0.257829520055467 0.0490780444959341 0.138123959928722
0.0170674814122084 0.29566702929092 0.0329061627705681 0.109128389766346
-0.0822159037756249 0.287876142755237 -0.00137577223578389 0.0793252094087287
-0.170193743015468 0.272499710709436 -0.00695717279141676 0.0428379379755009
-0.280585986055137 0.167857215916367 -0.0277879567482361 0.0106967255710855
-0.346924849468639 -0.0183972757818873 0.0653768865060145 -0.0385517245756926
-0.373252821749607 -0.12577950687081 0.232047030731869 0.0337363060275504
-0.227555807094159 -0.147068986064408 0.13898980564407 0.244091076976576
-0.258113262619749 -0.11759576398705 0.166330241821603 0.149905959436225
-0.257274481258253 0.0103474459840644 0.0467289805625771 0.027770565268471
-0.206871594634857 0.115241461514751 -0.0629959774140975 0.0291633001853352
-0.14671254629013 0.181687927825905 -0.10322426484547 0.137364055391104
-0.0585240752406648 0.221174187292183 -0.0470284421961321 0.236405936826623
0.0114101598820818 0.219331008576596 0.029736268984866 0.267397046402942
0.0188384168976214 0.203298601439164 0.0712497513203857 0.243208504621984
0.0205098227816576 0.191787378585054 0.0623264157908074 0.22485649236534
-0.0124034047321092 0.209803419380505 0.0293035818065669 0.18401805862579
-0.0835978508899326 0.188080388361639 -0.0202177939646178 0.129770040674586
-0.12831636917363 0.155497889187551 -0.0174397229686157 0.0549958502543219
-0.181828332470418 0.0989789090780929 -0.00415682876051502 0.0105932625130762
-0.237351963432611 -0.0119189572082451 0.111954536068409 -0.0198391482000877
-0.277885773887046 -0.0835669890256077 0.311296286175178 0.0948656819194124
-0.119103573198817 -0.0456417489778707 0.226070196081768 0.297499996763527
-0.114550886408304 -0.012169782807893 0.233395418972657 0.164164032168479
-0.0818582960518545 0.037621776065082 0.0838545150038412 0.0478234891663273
-0.0461100788812341 0.0427000256555923 -0.0378547569134766 0.0453267703643462
-0.0503955721765003 0.0634302282530152 -0.0861632625758262 0.172926999972806
-0.0215677291497461 0.0893032432368628 -0.026419376269303 0.281861552379114
0.000101972869783386 0.0990175438437744 0.0494923827645619 0.320320808988849
-0.00146676695969568 0.096267426629614 0.0800166441490827 0.300393102637769
-0.00658320222214791 0.0965912293946617 0.0574528216997085 0.281526525947778
-0.0210649524338814 0.0991304116841218 0.00470012046320883 0.234158469115377
-0.0502501710549641 0.0759663966224319 -0.0533738768909257 0.158895975388123
-0.0524747239469899 0.0479030127936863 -0.0364005752606975 0.0559652508173151
-0.0647356896527373 0.052811369906703 0.0114465557825131 0.0107090803777673
-0.115451455083902 0.018631824595354 0.136099999042246 0.00667468915287807
-0.159013595597663 -0.0220837314130084 0.349393166496991 0.143801953111822
0.00912805566156083 -0.043450989614543 -0.36726892780812 -0.184397522295951
-0.00134579256443572 -0.0809406978958309 -0.2210516390258 -0.036067595186743
-0.0570781327216887 -0.039417896033002 -0.0376601944279277 -0.0116024309595898
-0.0564545676446431 0.0188640852169004 0.0501765279040345 -0.01967944957121
-0.0189311857628237 0.0303278561837041 0.0929695114275261 -0.145832060018155
-0.00815414919343572 0.0267150147983541 0.0361553561439674 -0.256841405126969
0.0133428449348251 0.0222976821978962 -0.0349090794044089 -0.321665360988135
0.0239050367667888 0.0283008443047441 -0.0826499251405454 -0.335504872974401
0.0367769719942502 0.0354149791750457 -0.0772110700847345 -0.332409615892078
0.0223785742450729 0.0643834013992577 -0.0283742695824743 -0.298184949421109
-0.0139904652514462 0.0765529105220406 0.0298468935385871 -0.215401534344945
-0.0715666270165127 0.0757037781453251 -0.00342826076566252 -0.0926288305977454
-0.0998272474271915 -0.00810987602368042 -0.104530301011713 -0.0626594318520596
-0.0491748775971441 -0.0687798193932939 -0.197916220084465 -0.147041079410958
-0.01891603010867 -0.0537400758020853 -0.252997534411637 -0.318206197299918
-0.101830794088661 -0.126793771639795 -0.343436527838305 -0.202546474925706
-0.108547782073603 -0.152252406978497 -0.209670805128902 -0.0728620902093257
-0.16595799246702 -0.0561557014676391 -0.0561884682111437 -0.0324299116082738
-0.166850162826824 0.057876926022962 0.0338723688624448 -0.0121137877046584
-0.101934052844527 0.119633354718274 0.0950619873533621 -0.126537354314738
-0.045548668459884 0.146544825626409 0.0513378914377856 -0.227354168721791
0.0198711962975921 0.147873990212261 -0.017441279121397 -0.287866068960169
0.0411878729030888 0.153458760914931 -0.0639534611917925 -0.295311261207825
0.064089080345338 0.153963917158082 -0.0755644663489249 -0.284536363091898
0.0336906591378033 0.202641240675054 -0.0450399598887825 -0.257418284231317
-0.0506279540400145 0.212892901699961 -0.00245642897469127 -0.188268669959068
-0.158064299828749 0.210894197759491 -0.0278124138326096 -0.0725761640656012
-0.252321723028269 0.067571621658574 -0.128259191880255 -0.0410079187476997
-0.232066191162196 -0.0955102195681971 -0.193377939050284 -0.113733479326132
-0.18923563796567 -0.132638410550714 -0.217226408871272 -0.263084013037814
-0.196257980398258 -0.207895164802567 -0.287828311599213 -0.17027413174394
-0.210534591363111 -0.229614777441515 -0.175084434963333 -0.0798071151419865
-0.273584745860026 -0.0864071501700082 -0.0632816663272433 -0.050238036607968
-0.282369518792215 0.082423359777663 0.00908531461108104 -0.0150719868954596
-0.193262033719215 0.196630050057509 0.0693069813812131 -0.0995479473911693
-0.0895684854062651 0.254056555307924 0.0433170601288937 -0.167294442776194
0.0175840954331038 0.257924631498992 -0.00502358211795855 -0.207623005061452
0.0534660439513663 0.25475021223072 -0.0367636695095646 -0.211272943416535
0.0871397828639633 0.242625625025511 -0.0543458370952062 -0.197269012838559
0.0550823130865347 0.303548236561287 -0.0404510014480001 -0.181489893673732
-0.0573081406755019 0.318844385083422 -0.0176351130238473 -0.132775965683884
-0.191816319685178 0.328803100751079 -0.0351484684430648 -0.0412696800304152
-0.346659713747559 0.161631105146421 -0.126046090918786 -0.0150745291920401
-0.372456450961 -0.074667601370215 -0.153367087029414 -0.0814944182560992
-0.333575106716212 -0.169525907681419 -0.129647696369006 -0.191456507257193
-0.266879369761778 -0.263428648654395 -0.203918041981658 -0.0894149507372763
-0.30128569175179 -0.283692003211477 -0.112939675409733 -0.0456806504766796
-0.370527508533762 -0.106807387001369 -0.0529608953631705 -0.0545028766510008
-0.378814457368333 0.107183294063936 -0.0206074816112776 -0.0194190394379879
-0.266394366914085 0.259177019931423 0.019473543207136 -0.0581461063268659
-0.122750051728242 0.333045947659952 0.0141322343758602 -0.0780791518934196
0.0145402717683932 0.331398963721494 0.00106507824534572 -0.0913642233013848
0.0578554904345919 0.315837838570014 -0.00398412594529459 -0.0962416526703088
0.0966801754994671 0.292117218434212 -0.0183758740559642 -0.084796914242769
0.0669976257245091 0.355264712633422 -0.0164357457584309 -0.0846247615793409
-0.0563896114192286 0.374512667093621 -0.0139104442961077 -0.0613128284155248
-0.19462350266112 0.389618904466125 -0.0266790631501726 -0.00821833298782777
-0.378182827463869 0.227247271372367 -0.0993899984242304 0.00407234395072327
-0.442133041330019 -0.0399746896544904 -0.0831787694535271 -0.0606106402802489
-0.422151678200855 -0.173059011521752 -0.00738595358663747 -0.112448980097161
-0.305491288659881 -0.274564632525021 -0.0958890627972059 0.0269158144807034
-0.36121851485084 -0.287184417026219 -0.0231198986574642 0.0235132975578784
-0.424134133268742 -0.0930969020210594 -0.0265517550867962 -0.0390432298085483
-0.414780119656801 0.136487361029365 -0.0500536322034881 -0.0144118265776562
-0.288449658383009 0.291484411171396 -0.0420653413529922 0.00345640865314311
-0.126716268303362 0.362712055698049 -0.0216774439492196 0.0353422912977776
0.0153409882766814 0.35386349823482 0.00704802601141096 0.043839226186264
0.0548434736625518 0.328314128947667 0.0282319025090052 0.0312681147890033
0.0855128774854784 0.301305035988051 0.0212191476364331 0.0337759405256822
0.0548280732449523 0.355333971876611 0.0154036945579794 0.018121235439194
-0.0651920084524834 0.367528038904782 -0.00225458098159831 0.0147973348768591
-0.187426939321578 0.373129686488568 -0.0130329774403133 0.0207407353498378
-0.355191800882119 0.231529694203608 -0.0622982963491236 0.0120725680418664
-0.434186976027873 -0.0181105980758697 -0.00351288362614406 -0.0501954738069619
-0.438426452898833 -0.155797866265309 0.125304726433405 -0.0381990805018722
-0.297496060323698 -0.233085300829364 0.0262971811555099 0.152368604283445
-0.354435917369002 -0.226044710311932 0.0801364235011277 0.0997312913146805
-0.391448261458538 -0.0450528520948994 0.00980953251650192 -0.00646037890128946
-0.35478158994367 0.149106344511847 -0.0690501261735058 0.00554117453584836
-0.243823500612059 0.271297298532598 -0.0921618548382826 0.0775560882335619
-0.0999745242404755 0.32798692822177 -0.0454948809487109 0.153049842519793
0.0181185497119741 0.316733232273583 0.0187836921999099 0.174642407089475
0.0429759249811048 0.292488850571788 0.0568651327244167 0.152409161975278
0.0587060527709658 0.269011766842819 0.0533085713624918 0.142982812904248
0.023556910663518 0.306719111918829 0.0358217532671248 0.113255016322134
-0.0807882932752274 0.302312020154556 0.000207826602782619 0.0837116236261128
-0.170874539970857 0.286343151689156 -0.00814303557938888 0.0434499796012658
-0.288229142520494 0.17851591762715 -0.0280893484042142 0.013300465203592
-0.361916141616012 -0.014209196417704 0.0666803603921148 -0.0395405595657888
-0.38835734212455 -0.12575415159802 0.242068128852098 0.0290460243495374
-0.236319916081184 -0.148149525181926 0.144549803541162 0.251670782649323
-0.270567145925545 -0.118322258997097 0.173857397776106 0.153031724190542
-0.266202019077033 0.0146071154781315 0.048052595285127 0.0278297631866485
-0.212842049764905 0.12207576568688 -0.066522191340886 0.0314930543487821
-0.149925426842028 0.191749346923682 -0.10771314212994 0.143300084745706
-0.0564866134914652 0.230613555445242 -0.0448809077842785 0.246023680440037
0.0165162125104728 0.227232706513601 0.0374545312028119 0.276083149506603
0.0241061607073836 0.212666549746165 0.0781828498440868 0.249973339981777
0.0237990688626828 0.200340943479385 0.0684860248606537 0.233054423137405
-0.00899392616726612 0.218169836753157 0.0336179983283818 0.191400856633781
-0.0834697555912037 0.197528350364688 -0.0177713798576938 0.13624829067539
-0.12908620504281 0.163215866956901 -0.0187037092544492 0.0568846200413272
-0.185821410440806 0.105591321597888 -0.00430696355308916 0.0129702310574326
-0.247247874659974 -0.00863542882580999 0.115617851352826 -0.0213149815867871
-0.288000210501825 -0.0820158135950329 0.325806511679109 0.0911137117093488
-0.123621685172651 -0.0449435176565816 0.235398518085054 0.304836994638268
-0.119213235290116 -0.0099539076886171 0.243676842611767 0.167893195647894
-0.0837454692822572 0.040823379162068 0.0868075285578879 0.0491142260829629
-0.0470046764459625 0.0436674124676383 -0.0399301180296512 0.0482354463214339
-0.0509505905644697 0.0668352452881807 -0.0887681460709544 0.180582572669335
-0.0200052898820298 0.0923697398913211 -0.0214774695160786 0.292859796817498
0.0028569355825109 0.102773782114147 0.0595938481455139 0.330563448760166
0.000762498230718043 0.100979908717571 0.0871630443783253 0.3092869779088
-0.00525902434474838 0.101839649247307 0.0650749771400518 0.290804561624539
-0.0203446580921096 0.102948969918642 0.0103202607728338 0.243567487152218
-0.0507274763234115 0.0796351900630621 -0.0518094246271429 0.166936224299777
-0.0523456487517698 0.0497572418081235 -0.0387063847154152 0.0582274855946627
-0.0647335529469069 0.0565947192624363 0.0109111774731855 0.0116286601895097
-0.119688185918571 0.0219123440765049 0.140882049899837 0.00649035433043092
-0.164767901462889 -0.0197385087100628 0.36669779842525 0.140921022306487
0.00786660434165175 -0.0460735491497975 -0.387599099449023 -0.17347591444441
-0.00535187886969094 -0.0856095540180172 -0.230141116090074 -0.0273762734966916
-0.0609536263231946 -0.0384545377591341 -0.0387923594195463 -0.0118996927819798
-0.0587190979713759 0.0239826440675788 0.0517554103716573 -0.0230101391896488
-0.0183843972891427 0.0322098478318701 0.0893326431094259 -0.154353737600479
-0.00718072909856241 0.0286965911635515 0.0246092114441723 -0.266618277107233
0.0142857970180772 0.0224427613815453 -0.0539527421770773 -0.329850663378352
0.0260034777534829 0.0272325867553824 -0.102438379242521 -0.342472332470583
0.0399414989073415 0.0338038763666392 -0.0957049012013033 -0.340303583715649
0.0271789431958104 0.0658100890538322 -0.0436711471319097 -0.308149784124856
-0.0112514935616751 0.0808501690514817 0.0208083568972882 -0.224778328899739
-0.0711642923386098 0.0832306164606549 -0.00712723342091258 -0.0960339715149072
-0.105483640053833 -0.0042224426060899 -0.108945791823232 -0.0608244349858254
-0.0543250070099621 -0.070143663507941 -0.211435697693241 -0.145399400901844
-0.0220246750623873 -0.0553997134263245 -0.276113406756389 -0.316242169994595
-0.109814016249963 -0.126651334610201 -0.364378289602075 -0.194909237811172
-0.120061809563423 -0.154573153700084 -0.219979385388912 -0.0672344207829125
-0.172741370773686 -0.0505375722583991 -0.0591573427207416 -0.0327980011139064
-0.170415893264271 0.0695251885760088 0.0348115547788156 -0.0152301089668707
-0.100395705945548 0.128902437808127 0.0914670873094737 -0.134958458991443
-0.0396588002005249 0.154462493297979 0.0416629035073327 -0.23764206402345
0.0278008028641624 0.152144203644294 -0.0331736302182944 -0.295125861196568
0.0502225581752336 0.156556817796873 -0.0813006179775043 -0.301765345535163
0.0728794578700277 0.155700745611568 -0.0920678396312305 -0.289878892631188
0.0459712319037646 0.208341838606217 -0.0605474592381132 -0.265684573129245
-0.0426961062161614 0.224154163097999 -0.0113488106514192 -0.19479175760094
-0.153884858868221 0.22748745274066 -0.0319069615714056 -0.0744652858292818
-0.260178694312347 0.0805540211572273 -0.13171553959657 -0.0368885501777819
-0.244984220871869 -0.0900659424150937 -0.205550926404936 -0.110954647091548
-0.201069485779054 -0.129561702122082 -0.236651663550846 -0.262238504199358
-0.209722738171656 -0.205644001909433 -0.30682006058488 -0.164462288846095
-0.22870892436585 -0.229937208770562 -0.185132577618301 -0.0758429120710702
-0.283829128443431 -0.0789425672636134 -0.0682522782174315 -0.0514923590725448
-0.288742032119139 0.0981005458843306 0.00908861348576172 -0.016486568344898
-0.19046761278417 0.212468899524992 0.0650405257395722 -0.106803409363221
-0.0802858403718033 0.267928144790314 0.0356506514127273 -0.175631331063795
0.0310718475656324 0.266946496745079 -0.0155690457048393 -0.213509902362309
0.0684937787500101 0.261475917556319 -0.048767330321301 -0.217079505991988
0.100897843465121 0.247385029004407 -0.0650155605499651 -0.200326216805847
0.0728464188275672 0.311627146214783 -0.0512842426146236 -0.186632831262134
-0.0448064720701434 0.335684288912148 -0.024277404032794 -0.136833290016736
-0.182931153179165 0.351058282438278 -0.0389512777558615 -0.042685665819451
-0.353137297911788 0.182827770397731 -0.128647599701877 -0.00944027357470671
-0.39065452483509 -0.0618542814898227 -0.161837391030575 -0.0782274878899186
-0.350915672308635 -0.163347647905859 -0.142503251748633 -0.191874650400281
-0.284742984640333 -0.259518340083988 -0.217123450636832 -0.0828929813088751
-0.325443017642028 -0.28245922949078 -0.119313765849863 -0.0432737605141522
-0.385501659719344 -0.0960895872319622 -0.0583132104255623 -0.0561644735362045
-0.386905519082601 0.128062372679299 -0.0223802658840261 -0.0193819960282525
-0.264744703674959 0.28120936311557 0.0147007613658941 -0.0623256456935344
-0.110098992223363 0.350536849687093 0.00982432165189589 -0.0819460529971654
0.0321021549117944 0.342692513249628 -0.00260691508134029 -0.0937904875836525
0.0769713972603913 0.32486375421739 -0.0100025530096798 -0.0998148927353792
0.113257918173301 0.299664693331872 -0.0225533313276836 -0.0862042739080809
0.0867266863791919 0.364714631581783 -0.0217778054031826 -0.0868392918770942
-0.04148959748964 0.393241362815194 -0.0174136738412327 -0.0621238434346178
-0.182815488851361 0.414235807149939 -0.0288703725488861 -0.00818058484279071
-0.381947687848913 0.253210327276153 -0.100283835266117 0.00945088821948986
-0.460936127050232 -0.0221336646279825 -0.0896169161907219 -0.0587472963744814
-0.441848055501009 -0.161544862887718 -0.0120403891596627 -0.11734870639772
-0.325317038848251 -0.269323752230314 -0.100925144876063 0.0329713746410562
-0.388209348374306 -0.281988056092537 -0.0238717174642145 0.024096771275218
-0.43995471899676 -0.0796168781184953 -0.0297356822918849 -0.0405624737240656
-0.423153154484826 0.159664230629237 -0.0525877736014354 -0.0118349529516377
-0.286026981158073 0.315795052287443 -0.0468026024419335 0.0039411159113513
-0.112951444395972 0.381462621757095 -0.0218272333433544 0.0373863085191986
0.0338158601729479 0.365158617387677 0.0108488004345054 0.044917779596971
0.0741371491650436 0.338021473362854 0.02943559328852 0.0306276034177277
0.101924723568147 0.309486604875043 0.0244898547886265 0.0347000673616196
0.0738048043287693 0.365552962584141 0.0158067736880394 0.0182108647574824
-0.0516278602729866 0.38652063408941 -0.00135007810262479 0.0166748011321603
-0.175127499556066 0.396259215312557 -0.0141227424578573 0.0215606387442053
-0.357455009437648 0.256235282424534 -0.0615750994495425 0.016597948765413
-0.45247868758698 0.000138113470517147 -0.00557413905792195 -0.0506217007173411
-0.458440389080586 -0.143337743586862 0.128642047578782 -0.0468971547111619
-0.315589559847262 -0.227663008676937 0.0309408190471734 0.157151116488855
-0.37816533161813 -0.219113598398071 0.0858911869969962 0.0999346795386221
-0.405568914537216 -0.0299206149773531 0.00902026252144591 -0.00802783756980632
-0.361042894199327 0.169430671148118 -0.0717216013544259 0.00884855796346276
-0.241074823930364 0.292671841942198 -0.095460596785996 0.0831639681076717
-0.0867514399536643 0.343785926937547 -0.0411312493833096 0.160746548377462
0.0344918570428187 0.326865809943316 0.0296410964058457 0.179472991803241
0.0601301533203286 0.302122360004023 0.0651126602332427 0.153665968555208
0.0725485957569121 0.277390669553407 0.0624107769880915 0.146415001788385
0.0389911470996095 0.316397796035611 0.0426770681299734 0.115917374188004
-0.0698709173380011 0.319211317874501 0.00430710723486061 0.0877575408619529
-0.162043379564664 0.304283892694848 -0.00793883255721328 0.0449977834348196
-0.289490609948995 0.197855058304909 -0.0267990036655001 0.0169126885512137
-0.375957399848144 0.00124875161515567 0.0672063072659449 -0.0420670890428397
-0.404710542494501 -0.113213384535558 0.253078963519207 0.0166244912363585
-0.249542717446019 -0.142671409740125 0.156577868915959 0.254311049639466
-0.286570347056006 -0.110938961026412 0.185877456513647 0.151102747167515
-0.272700102885945 0.0269297157734418 0.0500908616641204 0.0263908728277441
-0.214561492251254 0.135086769526665 -0.0677998592897596 0.0364164959497626
-0.14607127042619 0.205786040323667 -0.108203474524015 0.152722668574378
-0.0459982865215221 0.240141544058045 -0.0349091836681271 0.256859326734351
0.0290297203116546 0.234477732979937 0.0536502908505237 0.282165332518195
0.0364836546447228 0.219629680098728 0.0916933965738682 0.254243055318548
0.0342812541073117 0.208176663270143 0.0821105488978749 0.238229649703929
0.000518997371169883 0.225862863084409 0.0440899329353629 0.19702610895293
-0.0762638137193728 0.209714416315179 -0.0120613819152434 0.143096973878396
-0.124334900867345 0.174294894859859 -0.0187420141284362 0.0601337854396819
-0.186055420296609 0.117244197600576 -0.00388812723012231 0.0151221553817973
-0.256173820022348 0.0026489842557539 0.118299366454445 -0.0249207014333035
-0.29939254815606 -0.0715111672394228 0.342145391326729 0.0760439194495894
-0.129834990974885 -0.0403497314897481 0.252994255595979 0.305427400551468
-0.123645141337718 -0.00460948480227165 0.257889889712236 0.163128561155134
-0.0836446743619951 0.04670558906664 0.0919114475864308 0.0475052038926223
-0.0458903254077661 0.0459387374557759 -0.0398079959320649 0.0527040733407592
-0.0491403635599104 0.071163904216871 -0.0850947402831928 0.190625920547416
-0.0156260892024195 0.0956081266198426 -0.00886862015626358 0.304673136492146
0.00851502537442968 0.10553236697841 0.0775574762083706 0.336637450320236
0.00697280504276591 0.105172665520009 0.103894835112734 0.314604701921882
-5.8342158515131E-05 0.106696617947428 0.0809378914977007 0.296935365520758
-0.0166025483003179 0.107249811050414 0.0223828641371644 0.25168733562572
-0.0476795391903864 0.084348274488467 -0.0456939910708271 0.176071478504555
-0.0505316325137398 0.0525913014950136 -0.0386722205383245 0.0626736681665749
-0.0617071416977702 0.0609053643551924 0.0102583839615251 0.0123401978511945
-0.122696885664115 0.0291916957750662 0.145435689917041 0.00117941424804709
-0.169464187793033 -0.0120112715513521 0.385762040884162 0.125402358581575
0.0299871938292121 -0.0335713510459798 -0.279386392709967 -0.334577467829744
0.0347858486985405 -0.0810597966032203 -0.19981776605291 -0.124810794609583
-0.0392189832069522 -0.0619343212302084 -0.0277601171544603 -0.0266379254344769
-0.0648830383463071 -0.002220354806017 0.0591660948755411 0.00289703844936768
-0.0343899169715816 0.021424367720467 0.152100017878765 -0.100057270245352
-0.0223527031433205 0.0228328414849718 0.141681664430583 -0.231021783146806
0.00154375108979456 0.0242307175068155 0.0952054873745938 -0.323233526665186
0.010443088204316 0.0348822252242136 0.0541610403965691 -0.353487603865037
0.0195704648087686 0.0457996962456502 0.0583746935513567 -0.34939358698275
-0.00424178256064412 0.0708972255551545 0.091548262628333 -0.297680585459152
-0.0474756177423376 0.0692588564216519 0.1152054384156 -0.195491662050403
-0.102577005210038 0.0439023661718047 0.034370057795151 -0.0893417479974884
-0.096470510600733 -0.053207618685639 -0.0709912263313997 -0.107651263657045
-0.0213921611185309 -0.0909298565188897 -0.123599032951419 -0.234161807303481
0.00355597414698031 -0.0612147514876389 -0.0996426231284193 -0.417689414619178
-0.0410172769685566 -0.158392889148462 -0.251866662321114 -0.34073001751929
-0.0396579246023393 -0.193764404971868 -0.170687610474097 -0.15401209521726
-0.134390223489633 -0.123612080199567 -0.0360590301437913 -0.0520665237121047
-0.185540259982375 -0.0106833742279932 0.0412276254983494 0.00657014010252908
-0.150804244460751 0.072812137118032 0.14790756998844 -0.0779688545595041
-0.106454108936714 0.124171889116946 0.147821012917496 -0.197319300917953
-0.0429448658852136 0.150107207500679 0.100890399141031 -0.28258795713611
-0.0245701243944153 0.167037014223472 0.0562360978276559 -0.307510665231008
-0.00286154728647137 0.17278852986882 0.0397562587958909 -0.301812119234768
-0.0473217956466313 0.209527768178393 0.0552430264926869 -0.265031949769862
-0.138562673174504 0.18850951561018 0.0671004202903603 -0.180739973033965
-0.239645621178465 0.139110150583742 -0.00326870323335215 -0.0812045138713216
-0.27536764906029 -0.0438436722798978 -0.105720146000057 -0.0980624066731356
-0.186994944660216 -0.192155243062164 -0.131770521625921 -0.203105302071888
-0.126775333448617 -0.206980333659307 -0.0858361238996346 -0.35144087703115
-0.0965626873155959 -0.275868856925732 -0.215134464411992 -0.283498055577808
-0.106916591438687 -0.311323129988374 -0.134089575203967 -0.143116558322395
-0.222459314194394 -0.199585605576344 -0.0351920994086176 -0.0697217790536993
-0.30440104992702 -0.0362001789417308 0.0182746000065327 -0.00280963711254586
-0.269963309423315 0.108395125830569 0.114503969323111 -0.0585087059798879
-0.191290688380448 0.210192186348323 0.118635589033513 -0.142989623558521
-0.0881235266237379 0.256983248561174 0.0835148174714942 -0.199578255126756
-0.0538687429245145 0.272336797544914 0.0508456574668726 -0.215941031016071
-0.0171949157324515 0.269415927286711 0.0256012076272159 -0.209161926282826
-0.0664776887586379 0.316830315849484 0.0285077536201472 -0.189357406702047
-0.189308469309371 0.291403588276832 0.0275578006636741 -0.131590008993565
-0.318765738004231 0.239508213549223 -0.0276668850963142 -0.053159641904466
-0.40650991618346 0.00760857606724199 -0.118038556895166 -0.0728154184672648
-0.33104278126757 -0.231220460180893 -0.10635452471401 -0.156077762490801
-0.248418178134812 -0.302911158344885 -0.0304548231711112 -0.245501328846633
-0.140421773113838 -0.361047091603148 -0.171050086193172 -0.167275795472666
-0.172788312034372 -0.403234361146621 -0.0874477424011547 -0.0810497324261369
-0.307135608510502 -0.26159524554074 -0.0233118021459316 -0.0664420175657881
-0.406242019192113 -0.052614930215664 -0.00833191054625138 -0.0157590534077255
-0.367148684051259 0.137113479211225 0.050532361446389 -0.0370378145741797
-0.254408110460807 0.272705539690184 0.0549878896941405 -0.0687501876805151
-0.120743858421332 0.328233643876932 0.0439547519513974 -0.0851860431108974
-0.0737741595115472 0.335814270484191 0.0352768313306306 -0.0932683429151778
-0.0279521997373449 0.322886415404319 0.0145897911196864 -0.0869678373021195
-0.07515028252536 0.371972016875205 0.0114575672274294 -0.0861802770406851
-0.210365252638097 0.346179365027702 -0.000463793691508499 -0.0589441811031917
-0.344892728309033 0.296629451160136 -0.0362790635751305 -0.0170525523540163
-0.463585432373878 0.0584092269864062 -0.1032654271842 -0.0419577399611711
-0.411886104257126 -0.225075615813492 -0.0491393486786403 -0.105374250437263
-0.331067797993077 -0.34140753611938 0.053201029102731 -0.116123744733653
-0.172891405735709 -0.389887205905264 -0.117285089366035 -0.00675854275912647
-0.230639629839805 -0.433184079776714 -0.0289845325988201 0.0252617422093612
-0.366144029285801 -0.270894962613788 -0.00352005677795917 -0.0374412373333634
-0.452410139889352 -0.0409566653561062 -0.0384196403975322 -0.0214712964449909
-0.400271438867986 0.160106328014359 -0.0336044019863344 -0.00286536905532485
-0.270484915184539 0.299302386282958 -0.0269224310325916 0.0255079286006449
-0.128850845924554 0.350375612807317 -0.0051845255199464 0.0464036615550703
-0.0814754118999874 0.347873107454385 0.0154088207168898 0.0413590202403947
-0.0417226561175166 0.327841669883504 0.0057038436082398 0.0430801286196367
-0.0872619752855376 0.367352247956186 0.000658318018251861 0.026054356178535
-0.215973321188075 0.335816518296556 -0.0203638269416631 0.0186539772587156
-0.328789668116734 0.283418117140435 -0.0368419072017045 0.0169342489726066
-0.441072962978982 0.0716397237377761 -0.0717433831387574 -0.017250913885616
-0.412786337806318 -0.200764202177818 0.0225493846301263 -0.0585265280711503
-0.352447744957923 -0.331683001782741 0.147511927734374 0.0138446636957124
-0.18344038865165 -0.350963092646541 -0.0518961757320069 0.166388161063465
-0.250784281387429 -0.371828583595499 0.0386313385203368 0.142629685424538
-0.356640274522938 -0.210336526895584 0.0181143495189971 0.00824530759725723
-0.400164663008267 -0.00435923134020937 -0.0648401551026583 -0.0124111432573485
-0.3481698007706 0.159178594481251 -0.114506527294177 0.0464200448087695
-0.228852903575716 0.276084189881077 -0.100600250275104 0.12882427151763
-0.109741280524862 0.317489708383264 -0.0475045052023177 0.175326426171874
-0.0774348705188734 0.308139822126759 -0.00592998119120931 0.168162579390778
-0.0529842825643327 0.286834233183534 -0.0076591026471649 0.160415321004113
-0.0988927631475064 0.307575690532541 -0.0160132891501555 0.125114553998882
-0.202815125095973 0.265865300583798 -0.0443981922686139 0.0851687173257067
-0.275473230089905 0.206004438573832 -0.0395265273238456 0.0398352490918014
-0.352128747163483 0.0500556372720288 -0.0388891195352322 0.000141800220859548
-0.342045966258787 -0.165392550776611 0.0849471037756701 -0.0155768897377372
-0.316364965957899 -0.279812675242495 0.228941498466051 0.130500881582641
-0.162303833544698 -0.24552695713535 0.0224056351408926 0.311431436548061
-0.215038327051625 -0.232383256027592 0.106606094811973 0.229061161125148
-0.261514020317989 -0.0983247109587526 0.0386975268177849 0.0545504342445779
-0.251918074056518 0.0274305449381388 -0.0750652290123609 0.00972534592398194
-0.221775011761689 0.122660848375776 -0.159758937633688 0.0995240186879673
-0.1456140864987 0.199091453876139 -0.14054094403911 0.217922980273381
-0.0736969080322916 0.229597601927971 -0.0725259202570486 0.279070969644554
-0.0625882954697593 0.221267416715892 -0.025912969689219 0.269465844206568
-0.0573325615342142 0.206971487492587 -0.0283841378989571 0.251333259876566
-0.0947991408240795 0.20867500343129 -0.0472773905039556 0.19834470233739
-0.160375154577483 0.160894827709838 -0.0799263085214888 0.127008386669616
-0.185764863512904 0.103804918306209 -0.051825797940958 0.0467916859391962
-0.220754743098923 0.0238152181553036 -0.0160859456559809 0.0102058221868312
-0.232990405596497 -0.110283249180343 0.121800932198022 0.0264151393436432
-0.239889602504109 -0.195759546294604 0.280743486955239 0.227096838136202
-0.0991369311154245 -0.100345863107292 0.0908467758829605 0.397126091693233
-0.112762775978053 -0.0633832955295663 0.165709069906976 0.266894038489563
-0.0967268774272224 0.00513188777581331 0.064065109438296 0.0868982627190013
-0.0603555299354966 0.0192069387103737 -0.0595135258068511 0.0324634958324674
-0.0734028464047085 0.0421916991200711 -0.161159315674723 0.139799549569287
-0.0531360680561352 0.0801666337372847 -0.141496943002505 0.272929666300383
-0.036585285092903 0.102377060045197 -0.0758460798320056 0.339573126123874
-0.0390120558019352 0.102170931856567 -0.040956366018842 0.328926040109849
-0.0445074028513271 0.099622580347791 -0.0549650535563306 0.303878062565427
-0.0594971567060921 0.0926551889453884 -0.088197986278018 0.237582314555849
-0.0791599818112136 0.0573826108230863 -0.120096758974962 0.140590277448397
-0.0665832848199532 0.0263007492876591 -0.0668846312103849 0.0396606215226769
-0.0817957005516277 0.0284915995573911 0.000542394783635982 0.0160693766216883
-0.122557114437532 -0.0257493033037314 0.13281726890107 0.0661514944157322
-0.147873884721278 -0.0849186160866696 0.294060951322609 0.294587163344095
0.0280143190536063 -0.0354419473987766 -0.293888463972325 -0.31733257511951
0.0289049974440005 -0.0837902842041113 -0.20338999046915 -0.113152052099267
-0.0426622807908163 -0.0598291062693927 -0.0279951900160198 -0.0270849482766504
-0.0653143558825666 0.00300926283111285 0.0591514710336906 -0.000801731999001479
-0.0325889140695032 0.0234903952837506 0.145059657779332 -0.107045204836262
-0.0212428796332716 0.0246625312189508 0.126413571875361 -0.236074812838646
0.0019928549946219 0.0240844334967174 0.0742621756523545 -0.323548130818681
0.0117602965281957 0.0331972544177017 0.0339770855221272 -0.35151663121484
0.0218736706816951 0.0431862736919823 0.0383572190501236 -0.349202180618964
-4.27083576075987E-06 0.0703229003871642 0.0738233053570276 -0.301416088470633
-0.0439091089011344 0.0719590480172197 0.104005376032498 -0.200963691790472
-0.0997899165049016 0.0498254418830614 0.0302384833248908 -0.0903063253202096
-0.0999278927798273 -0.0481874387463024 -0.0735044394446701 -0.103020347758671
-0.0257566318821441 -0.0897037229678928 -0.134486348927438 -0.226764092700628
8.33584715566812E-05 -0.061418974442936 -0.120651495623939 -0.405632296135359
-0.0475477243190252 -0.153403819581084 -0.267293350291783 -0.324026548380571
-0.0501304431273428 -0.191265638653398 -0.176849854544043 -0.143351936320105
-0.137861301579959 -0.115576298683284 -0.037646155201445 -0.0522101070025826
-0.184281491431514 0.00106817410658612 0.0413271177364218 0.00392887124479932
-0.145551773424147 0.0810811055592129 0.142162547043765 -0.0857692866784905
-0.0977071165923475 0.129546091355318 0.134311298666004 -0.204052557997268
-0.0341589095522487 0.150684443855417 0.083190992887074 -0.28377126494582
-0.0145096033642663 0.166295497286877 0.0385605119921733 -0.306652668857719
0.00584393149454067 0.170302537102904 0.0234387934322971 -0.30105428460079
-0.0349370538090437 0.211076878918936 0.0398743335375242 -0.267405472697953
-0.128128696418244 0.196614200761948 0.0563492945390128 -0.183324253916163
-0.230104167557323 0.152376441682843 -0.0071736195317732 -0.080645216778087
-0.27740174640587 -0.0294984848469636 -0.10738901309893 -0.0916499868326108
-0.195482238416634 -0.182516437970576 -0.140223222183055 -0.194970641415743
-0.1349858992277 -0.199657203124496 -0.10221169941462 -0.341988507778208
-0.107505601953659 -0.266084906809661 -0.228817357496283 -0.269740835881095
-0.121373817146153 -0.30385726502719 -0.140301389765426 -0.135311190090737
-0.227610316793782 -0.186748310927988 -0.0380800590803227 -0.0692857719953821
-0.302781168737961 -0.0180588749798312 0.0183626342661253 -0.0034073096375033
-0.261872058711932 0.122638654996051 0.10881864742154 -0.0654984741506126
-0.17678090737041 0.218849685671467 0.108143011180978 -0.148456745274167
-0.0728011439117748 0.259054481845185 0.071329169546749 -0.200755380563188
-0.0377187138978601 0.273628803479913 0.0373241815031686 -0.216300745970429
-0.00301076850213047 0.267855345872391 0.01482949497804 -0.207205236707089
-0.0477926118760438 0.317258937561096 0.0171128283020245 -0.189949261036399
-0.172522367748682 0.301765220844001 0.0194326055736639 -0.13183388644623
-0.303452588256143 0.255323328064935 -0.0310947847892783 -0.0522638978584926
-0.404592271497055 0.0287585401003062 -0.117685581865792 -0.0649574451021114
-0.340710870455479 -0.213272685597336 -0.113439372588357 -0.148490408909928
-0.260243268149445 -0.288448671522246 -0.0418612313033251 -0.240747897587959
-0.153755152874753 -0.348099102800571 -0.18039134729611 -0.156641153175267
-0.192325078978501 -0.392028970757879 -0.0917369068567498 -0.0758988411562646
-0.314073207308113 -0.24418812950083 -0.0263918989770879 -0.0659010397778141
-0.404710757470833 -0.0314061021932272 -0.00876050788387997 -0.014776058605189
-0.35608816990397 0.156316773640738 0.0461098501309751 -0.0412413186704606
-0.236425904764779 0.283411868287257 0.0495356433864407 -0.070852650426792
-0.100671496768944 0.331471555139409 0.0393171267831622 -0.0862936540124548
-0.0533622678984058 0.338002807777168 0.0296649820786843 -0.0946514559333582
-0.0109520256392985 0.322266975589302 0.0107593740150718 -0.0855202282015301
-0.0540122663567037 0.372438667451782 0.00541388903237864 -0.0856050262877084
-0.190129823517874 0.35771054898692 -0.00422579060982306 -0.0578601292323985
-0.324442132744235 0.313158469851123 -0.0378697986738952 -0.0152604549550025
-0.457436509557595 0.0815525908041693 -0.102753594923122 -0.034923734883375
-0.421165003831953 -0.203679644233916 -0.0543399585707553 -0.100554026433032
-0.342673157929408 -0.322053841788213 0.0478756379002798 -0.118794685100016
-0.187531084858517 -0.374973165715232 -0.119192819328055 -0.000564838111274887
-0.250163319166026 -0.417969225260997 -0.0286518536953852 0.0266871047986254
-0.373702983351973 -0.252222832686451 -0.00523232111859348 -0.0372307990902098
-0.450428900379548 -0.0172350503997538 -0.0384083852299616 -0.018905565716148
-0.389835414256588 0.180678481042722 -0.036665548376723 -0.0026869120983386
-0.250264329875815 0.31168687726552 -0.0267528262077322 0.0267826551146909
-0.107119964576285 0.353800535666484 -0.00145875385589696 0.0460678178674106
-0.060493748913838 0.350156466101254 0.0164958369378706 0.039320237604676
-0.0243084257453088 0.328542064523812 0.00884847320677673 0.0439033265098695
-0.0664983249359549 0.36793804176488 0.00109468889599284 0.0258673255722092
-0.195474586029468 0.347596030551382 -0.0196422464453883 0.0208357761646554
-0.30954432225574 0.299667832385499 -0.0366182334803216 0.0184214937339109
-0.433943785662723 0.0948351643945363 -0.0699683739012788 -0.0114631046847181
-0.420337265004617 -0.178270684581616 0.0186497174908274 -0.0578497489432971
-0.365234516449539 -0.310084079098616 0.148064052143528 0.00427519022615709
-0.196064852340923 -0.336063757957633 -0.0459360989178781 0.167810508479885
-0.26797631836944 -0.356390942753968 0.0447213853159289 0.139340842049843
-0.361384296921711 -0.190707862324789 0.018803954786028 0.00738613158395941
-0.396277344435033 0.0152825874305796 -0.0649760576287642 -0.00866661343869556
-0.336975948636373 0.177444241545348 -0.113757824614693 0.050117163033125
-0.21066042804993 0.285095311606153 -0.0934947943757107 0.133646582484541
-0.0905437351986635 0.318725546346622 -0.0361096192081428 0.176137802794457
-0.0586935049523528 0.309822860713519 0.00198917595988219 0.165896552023231
-0.0378687957405268 0.28824320368183 0.00212459909430908 0.160900051202249
-0.0807320222712292 0.309604063923071 -0.00963369949025345 0.125375530361743
-0.18638992706075 0.276409527277463 -0.0398037559355322 0.0877211285424219
-0.260827047740053 0.219102004822346 -0.0386813380856312 0.0414593493636399
-0.344932491314933 0.0684826175731399 -0.0382707153927412 0.00350092726222052
-0.347982087035561 -0.146155142112333 0.0825230334968789 -0.0180071365002527
-0.326088376306577 -0.260747373524319 0.234606831679921 0.114892124605722
-0.170723514308314 -0.233333636609466 0.0342591414465534 0.306165560338972
-0.224385736901034 -0.219306396727024 0.11630447966411 0.222308396091582
-0.261678325649285 -0.0843721459395021 0.0415004751009413 0.0526923749049941
-0.248524972059962 0.0395051487610496 -0.0742076036379611 0.0142303913884723
-0.213959174143947 0.133374897038554 -0.155228384914628 0.105998525002071
-0.131937776323032 0.203818435606472 -0.128125278182835 0.224123937779545
-0.0599300157914541 0.230503081468849 -0.0547422240051742 0.278728768432863
-0.0480756641131074 0.223276030102417 -0.0117971818461816 0.266623391058184
-0.046146308901971 0.209311385618494 -0.0136972678323741 0.250772928805658
-0.0823384000594909 0.211160283842277 -0.0356275372593881 0.199241139263396
-0.149208355271433 0.168772664575956 -0.0722146201287176 0.130722429177096
-0.176692026269895 0.112361300617567 -0.0505077944138362 0.0492987663980598
-0.215162844458586 0.0355838520326615 -0.0151439785764664 0.0117591230494192
-0.236252548325981 -0.0966735548860744 0.121314768236797 0.0200612022742468
-0.245393167243494 -0.180441540803183 0.290165938150166 0.207530298126281
-0.101809908067383 -0.0929705602628822 0.106934082165114 0.388024154472864
-0.114555080182591 -0.056130395839805 0.17609703029781 0.256181216667475
-0.0945219078355364 0.00941398702303677 0.0678565436365441 0.0840596951284897
-0.0589433352138666 0.0205295187433908 -0.0582073807311026 0.0354761720827914
-0.0699361977690239 0.0455445864224893 -0.153488050364175 0.146509478348978
-0.0482769751820611 0.0809170713494443 -0.125577414456254 0.278168565064825
-0.0302247277123641 0.102657313710176 -0.0560680711843256 0.338427058895209
-0.0322114977091481 0.103563786657145 -0.0245489064142881 0.326186246559703
-0.0377921239438319 0.102054907990627 -0.037585932012202 0.303827858223748
-0.0540264524894573 0.0948938515238963 -0.0735913031279704 0.240213761495573
-0.0746415086605248 0.0610173441813102 -0.111674360485604 0.147007989137262
-0.0635092930226681 0.0280593861119534 -0.0657730321319076 0.0433132856235596
-0.0777037636719995 0.0326689434540385 -0.000413674026021358 0.0166723940108252
-0.122347876834564 -0.018497632265501 0.133788831646262 0.0588710485992251
-0.148840023684456 -0.0755365428319664 0.306860051449661 0.271996543735105
0.026509871650072 -0.0357757813281812 -0.299108787315899 -0.301331053454996
0.0242492750280528 -0.0842301676107136 -0.202927742738885 -0.103948420217026
-0.0449736455998077 -0.057457360873679 -0.0276596925140351 -0.0270739854688579
-0.0634165702532707 0.00726737169178997 0.0586688636390375 -0.00325865993003659
-0.0314569511092556 0.0246194388414969 0.139083089444003 -0.110202883984482
-0.0201816019680442 0.0260719649369168 0.11514519241285 -0.237208858550355
0.00263487078396729 0.0238389685289531 0.0593941267861054 -0.31957517715117
0.012269954714811 0.0315402480658583 0.0203384073223758 -0.345651679555021
0.0225193352811682 0.0402008285948869 0.0248780144646771 -0.344209692485638
0.00399423870975195 0.0694275284131625 0.0600272607713538 -0.30045729683262
-0.0411493567360566 0.0732142011663309 0.0947323405215713 -0.20235656870486
-0.0974415150370465 0.0534031966026212 0.0274382220444595 -0.0902803684906593
-0.101099183645295 -0.0441813610038543 -0.0738940537386741 -0.0990905426192692
-0.0288433215476825 -0.0881759230799836 -0.139666244702718 -0.219157969008835
-0.00236563054247009 -0.0613651891641639 -0.132096686216795 -0.392761791839236
-0.0500943364300266 -0.148324869645091 -0.274163371510999 -0.309105750775249
-0.0564997386008315 -0.186922652335166 -0.178370288200742 -0.135206263623867
-0.138581664240404 -0.109491186535532 -0.0383460022531004 -0.0515340737570312
-0.179661357735864 0.00941598951890352 0.0411094780909355 0.00172423698329601
-0.139370395184035 0.0854343349656997 0.136263797382912 -0.0900830189632623
-0.0906738160170877 0.131792005374491 0.123096389868214 -0.205559055150244
-0.0273243507143667 0.149881009414662 0.0704095980941186 -0.280220496676662
-0.00746492834625898 0.16440722120519 0.0263270502149252 -0.30160558440667
0.0120747354029502 0.166548255626424 0.0121059180672136 -0.295411477711114
-0.0252994903113263 0.207780693486265 0.0275736492985422 -0.26458498421786
-0.119092267682201 0.200287800711592 0.0486101770425872 -0.183184283642628
-0.220947743065388 0.159383881476888 -0.00980104004614913 -0.0793844198688352
-0.275320580460795 -0.0192685593582735 -0.106232844414877 -0.0864150106433013
-0.199314136066146 -0.174044678735077 -0.144589705342034 -0.187112384031623
-0.139346806353756 -0.192114196207755 -0.110689559053095 -0.331547442002651
-0.110723743086596 -0.256943914092809 -0.235021427725411 -0.256517185617941
-0.129739130236797 -0.29565128259306 -0.142988266349503 -0.128186375742157
-0.227743943911322 -0.177814823030235 -0.0393693345104064 -0.0687202433887647
-0.29701510224981 -0.00669638361660836 0.0180391013811227 -0.00410421351410769
-0.252692239414984 0.131028832223569 0.103523021335837 -0.0694262918250575
-0.164839569266661 0.221603196351951 0.0987690334358432 -0.149854420440207
-0.0612946949054308 0.256805179101353 0.0623847393042443 -0.199244410307732
-0.0253890293352096 0.270722350242868 0.0284877423893557 -0.213223474805199
0.00676126567328216 0.263069613155996 0.007946011877485 -0.203054965278548
-0.0338672259049346 0.313658316864195 0.00770075096211067 -0.187674220438446
-0.158617165177945 0.305104304192526 0.0138611192175859 -0.130238328802131
-0.288339020427061 0.263127244967243 -0.0331805130451498 -0.0503651451017312
-0.398014509587712 0.0420415431081661 -0.115799954063726 -0.0593716010655561
-0.343729556283008 -0.200242633115395 -0.116520861586551 -0.142119924459936
-0.264359485456407 -0.275073255983729 -0.0480562600367656 -0.235871851378655
-0.159747855178444 -0.335432833279417 -0.183925160511697 -0.147501061954334
-0.202270593285429 -0.38062089384589 -0.0934549313552694 -0.0709579861461428
-0.313976488302443 -0.232330262634911 -0.0276528418281994 -0.0654802736594764
-0.398341671029241 -0.0160206184881901 -0.00828360284716711 -0.0140239931810441
-0.344998835254949 0.168255445555838 0.0417027339559894 -0.0437693549847791
-0.221159809337315 0.287781010227258 0.0442516648202495 -0.0714350578476962
-0.0857556573711059 0.329357340737919 0.0364908032349771 -0.0858641210438735
-0.0385585318973192 0.334388455329871 0.0245369520077974 -0.0943279240136507
0.000774103375186527 0.318243906436271 0.00885449284699594 -0.0832815541196542
-0.0385983177218864 0.367204927278974 0.000645903723585638 -0.08440157702017
-0.173901109964632 0.362094148920821 -0.00726521251572161 -0.0559829879664454
-0.307512313899348 0.321130466007961 -0.03900589269554 -0.0138880097395565
-0.447452398170705 0.0965671302920187 -0.0996536105931921 -0.0298781383992228
-0.421674245204447 -0.187908616171445 -0.0574485069607567 -0.0961368753805874
-0.347137095365965 -0.306513442264241 0.0443110681526874 -0.119356848839208
-0.192657735987046 -0.361917702559176 -0.119329740372886 0.00430403689565832
-0.260576803884894 -0.404586329818601 -0.0282548850635356 0.0276051348161277
-0.372640316828557 -0.237278508141267 -0.00551536924177847 -0.0372776078778319
-0.443245537151888 -0.00141971368486088 -0.0381897290301865 -0.0170973671331419
-0.376136995579543 0.192624168081259 -0.0389207132346667 -0.00301378898613822
-0.233653608160965 0.314797790548385 -0.0269819857832593 0.0283153685159022
-0.0910091819570268 0.35072179943902 0.00175013502753652 0.0453080829403713
-0.0444199919591777 0.346357791485456 0.0164619473578592 0.0379208834063033
-0.0119737784581286 0.325124114174673 0.0117744608320628 0.0435836699997513
-0.0516794830949051 0.364191313154887 0.00110025868228184 0.0264183011206803
-0.179607925088977 0.351513490041107 -0.0191353643547912 0.0226167376728105
-0.291462021035265 0.306591437959976 -0.037228531594641 0.0199885804080889
-0.423855495574205 0.109616837492711 -0.0677254743395994 -0.00766600333320078
-0.420601521671217 -0.162801527748072 0.0161172428964254 -0.0561526760949865
-0.367813607384364 -0.292415543671212 0.146585715988844 -0.00299856410663237
-0.200635437318304 -0.322398007832106 -0.0422946327483027 0.167105928835689
-0.27553826643996 -0.34293755079537 0.0474591138498045 0.13623458856876
-0.359086955107015 -0.177825730218575 0.0192916994635075 0.00641572736134357
-0.389364466743896 0.0293915781465584 -0.0637585856910829 -0.00634080900641064
-0.325261942543114 0.188089374071106 -0.113520666003674 0.0518305581543733
-0.195738952530572 0.287583863738747 -0.0884458763587741 0.135514619479034
-0.0762035501468871 0.315615948745562 -0.02793797870974 0.1736458045625
-0.0436782064950091 0.307179347494897 0.00661487193130163 0.161920352607931
-0.0261339438312958 0.285665458177133 0.00910822810703652 0.158421827910345
-0.068517766821123 0.307236717620059 -0.00504540534789632 0.124570720852206
-0.172420370241834 0.280409709992303 -0.0364833717066197 0.089221013648169
-0.246429404658422 0.224780019131777 -0.0387028237865466 0.0421918546967346
-0.335972348769749 0.0798838093755119 -0.0364895643964461 0.00651928152702931
-0.347661860704666 -0.132744919625321 0.0795822434274506 -0.0193947191508764
-0.327142241014213 -0.244134042680104 0.235537313492105 0.10173321355799
-0.172961029071979 -0.222154576954718 0.0413990149408967 0.300129873329515
-0.22845505640825 -0.208858014189777 0.121131450070056 0.215457840319465
-0.258359952326493 -0.0753989693421313 0.0433764237940188 0.0506330936379385
-0.242968800969845 0.0461884166679828 -0.0725021165373758 0.0161685942517764
-0.204662360828123 0.139703576939475 -0.151839882280022 0.109425767145597
-0.121915483345936 0.204368388055548 -0.118232549270579 0.226302429810899
-0.0495004883285381 0.227520348118635 -0.0428110836731812 0.275258249015235
-0.0381508157420362 0.221410168921942 -0.00376688612028957 0.261119773566248
-0.0363997919055958 0.208179883225558 -0.0046152200240715 0.246384873327701
-0.0736043874152504 0.211242994402465 -0.0274721862160466 0.197964183099915
-0.139510373526104 0.172183404161882 -0.0665990646656722 0.132765129152751
-0.167541529377742 0.115441672776924 -0.0494569972782113 0.0505181591569457
-0.208264613566805 0.0432314716666626 -0.0153746133979369 0.0137774338311721
-0.235433947550333 -0.0866693827085818 0.118166074402592 0.0167969238263889
-0.245747862742944 -0.168208499111937 0.292415586867354 0.190284103433484
-0.10229856057231 -0.0874587417881658 0.114733366922097 0.377912208533865
-0.113630980969204 -0.0515281070555881 0.181055682508604 0.247013412733828
-0.0911953635792436 0.0129296781636937 0.0701977433678908 0.0812511022920473
-0.0572835531385338 0.0211833865868348 -0.0561107458609559 0.0367166417576031
-0.0668219358363491 0.0468263626536987 -0.147584733541552 0.149516243830195
-0.0438587914159715 0.0801400194843793 -0.112743744329211 0.278619813007616
-0.0257848509058608 0.100900453940641 -0.0417294308360944 0.333526745226403
-0.0266934307323832 0.103635296584217 -0.0135949723761421 0.321122249724996
-0.0324697713840179 0.102632311497435 -0.0261764178419381 0.298575387386731
-0.04975121674948 0.095322169624781 -0.0622304803998497 0.238943994842888
-0.0701659603610238 0.0617201053149053 -0.103493395918485 0.150053128623726
-0.060192086977476 0.0283146481657418 -0.064123574619428 0.0455807391042151
-0.0728936973713571 0.0353254120786777 -0.00149945140675271 0.0175133800660255
-0.120346926906836 -0.0132112150009468 0.13204930529361 0.0541754470437093
-0.147347523824306 -0.0683386371313776 0.310391378909275 0.253851505869243
0.0253090390381741 -0.0358065685053033 -0.303215210581579 -0.292240267403575
0.0206420305502349 -0.0843672911321613 -0.203052938830135 -0.0985438646957681
-0.0462892304653363 -0.0556054580519597 -0.0281521304786095 -0.0282464480506505
-0.062115624305225 0.0101753749898044 0.0585746357587008 -0.00543857721121723
-0.0304538223541082 0.02586247368595 0.135131642679193 -0.113228103429308
-0.0192763135920551 0.0273056985892932 0.106615230127729 -0.23731948869346
0.00321657089401493 0.0236647443815988 0.0500193062777124 -0.31613047921819
0.012735444388529 0.0308152766354667 0.0120754149362168 -0.340706982205512
0.022222730546737 0.0380231675128756 0.0158785291170056 -0.340771297034816
0.0061657503862116 0.0681907932010795 0.0501762075421601 -0.299909894015988
-0.0395749000822666 0.074870132517911 0.089053755650107 -0.204201887009122
-0.0960949267445425 0.056197867115672 0.0257098505402137 -0.0906631560730762
-0.102919802192224 -0.0418387493621109 -0.0728671696068094 -0.0964259040586869
-0.0302346321394152 -0.0882028215243399 -0.142025852679838 -0.21472376830482
-0.00449418412071925 -0.0610931416007854 -0.137673055659787 -0.383906703935088
-0.0511869606681323 -0.144999593017435 -0.278106814483244 -0.299733985554953
-0.0605445161638775 -0.183967691437208 -0.17993012937509 -0.129904733566029
-0.138768767516213 -0.105623395051293 -0.0388655817531584 -0.052564392266231
-0.176235532382434 0.0149369138890903 0.0406765218228171 0.000733484478873347
-0.135170790532199 0.0887960167011763 0.131889309475504 -0.0926245953997549
-0.0857939361426181 0.133024427247134 0.115227663253929 -0.206261020012726
-0.0230091550091842 0.149244121968642 0.061736738850113 -0.277768993876176
-0.00276824413702202 0.162135643224592 0.0188363018854776 -0.298039001974343
0.0158009828165768 0.164141400339383 0.00540437905345751 -0.292279589897396
-0.0188487623241986 0.206377056388099 0.0187145445239367 -0.263175965848286
-0.113387901246076 0.202912834272895 0.0435878023370175 -0.182715680905784
-0.215203716575861 0.164137463202435 -0.0116551375612585 -0.0785621343252567
-0.274180752483427 -0.0129181018243819 -0.104628965073567 -0.0836294508560874
-0.201623524626705 -0.169571371509067 -0.146803191584467 -0.182457533849135
-0.142900349944292 -0.187814925184565 -0.116083042984769 -0.325512510409762
-0.111719623005907 -0.250217166616932 -0.239085246210563 -0.248163741446294
-0.135264934733813 -0.29038119350041 -0.144999251877246 -0.123611858885052
-0.227429672419453 -0.172408723010735 -0.0403938428320245 -0.0694510960868405
-0.292671715080365 0.00145307467960302 0.0185668952548745 -0.00443928842304071
-0.246525254726357 0.136066798790832 0.0984676243093576 -0.0731185813623185
-0.156966443628817 0.22381742076381 0.0927562502159123 -0.150593479067787
-0.0534799572739261 0.25602105462865 0.0570235505956075 -0.198122398493069
-0.0174016907431803 0.267967793884608 0.0227693480903999 -0.211208920408259
0.0129487495392548 0.260869046949991 0.00375593766139115 -0.201033357029645
-0.0250906409509087 0.310573522424768 0.000962775292978975 -0.185940135866686
-0.15041494811053 0.308639290262349 0.00939028721030209 -0.129122453011108
-0.278992522633282 0.269370575222391 -0.0346596645792949 -0.0490735710594426
-0.393947559544982 0.0510450264642836 -0.113539876586756 -0.0563957057412235
-0.345625921259853 -0.192829879583939 -0.118473209612685 -0.137741843392235
-0.267189844024474 -0.26710932404241 -0.0515204510565123 -0.232528692416248
-0.160653163931158 -0.327443695858442 -0.186822704199996 -0.141340689408333
-0.209052049698228 -0.373618556755573 -0.0949338344056725 -0.068086975447441
-0.313554701192426 -0.226199565448334 -0.0280388322698514 -0.065651280715641
-0.393640911876804 -0.00645886644015429 -0.00750661597491836 -0.0139561328886131
-0.336791496934077 0.175225017721194 0.0373335706060246 -0.0458843819312609
-0.210450183755307 0.289589073705592 0.0402906995957064 -0.0710009649113185
-0.0758114105419608 0.326602807314765 0.0345497984339816 -0.0854974332718362
-0.0278870390245658 0.331630801533149 0.0217847612100667 -0.0936578070355733
0.00810030897811887 0.314797531233742 0.00807235526114592 -0.0822798894624643
-0.0287272278687022 0.364895526036209 -0.00304202261485646 -0.0830377507634042
-0.163292290927909 0.364057284606672 -0.00908503249456742 -0.0542569893763228
-0.295066269966685 0.326201293703183 -0.0403927697866051 -0.0124402336430937
-0.441771092723469 0.106466324000101 -0.0971695273422462 -0.0271402383981511
-0.423458679258422 -0.178322904507167 -0.0592162392825958 -0.0928386593606499
-0.349452255267502 -0.295500909752501 0.0421960537151046 -0.120708037754873
-0.193885872680309 -0.352949038040748 -0.119969638038204 0.00762422581136771
-0.268109312110449 -0.397422378372981 -0.0281964116542201 0.0287245288132419
-0.372096744187998 -0.230431524369084 -0.00515588175022071 -0.0388019852847303
-0.437940740253716 0.00863169269036547 -0.0372035854500794 -0.0162194024375993
-0.367048772924755 0.200814113775506 -0.0424009404422444 -0.00379035461753368
-0.222590548320121 0.315485773322005 -0.0273653244144645 0.029716030806277
-0.0804503020924291 0.34824547883022 0.00436385241912118 0.0446639411184277
-0.0334568206591602 0.34476304667069 0.0161182831732644 0.0366198364001966
-0.0030961901016406 0.322554791427856 0.0140391666534913 0.0436355973271111
-0.0424122727855273 0.362357836803407 0.000708670421076246 0.0271596432006852
-0.168121898708632 0.355100449704472 -0.0193627144324632 0.0240560458441155
-0.280333452880424 0.31039972972659 -0.038058776173962 0.0209271316855935
-0.416493408448992 0.118351116151644 -0.0654500605375833 -0.0052201966579942
-0.420420853815449 -0.153056322486112 0.0134847101764432 -0.0540771576375234
-0.368714210210901 -0.281346601312485 0.145388575903148 -0.00883813451603619
-0.201215009435437 -0.314498573540674 -0.0407974898196003 0.166809373183891
-0.280101557574093 -0.334809109621491 0.0491106148965729 0.1345421512313
-0.357981646954685 -0.171019056597851 0.0206100471597458 0.00479788645990063
-0.384528215619874 0.0367799020607984 -0.0628332671327712 -0.005108724863014
-0.316742058679389 0.194269254030792 -0.114587661364539 0.0533253875560929
-0.185755279532746 0.288621125184103 -0.0850257899219581 0.137341615837002
-0.0670510848850779 0.312788919938535 -0.021656244333707 0.171719435202178
-0.034181203068891 0.304512130322368 0.00859004376559653 0.159790930353185
-0.0182207498785661 0.284695710585036 0.0140388466173563 0.156585925802857
-0.0600942969164412 0.305943783338256 -0.00236434858520287 0.124332424726127
-0.16216350596244 0.282880192901858 -0.0344834651250301 0.090582900717091
-0.237150954894279 0.227749205468795 -0.0388518873146438 0.0438596708647787
-0.329937087146055 0.0868113941122611 -0.0354320880047151 0.00830923864287398
-0.347780887738015 -0.123984243964974 0.0773842027109026 -0.0194254079905317
-0.326780296636342 -0.233948694081636 0.235049052762521 0.0925750109501895
-0.173015261421816 -0.216339719594371 0.0440441009158092 0.29647340423259
-0.229905894949156 -0.202604104799802 0.123698412789707 0.211417364793766
-0.255663525884005 -0.0706909094536606 0.0447470282040254 0.0487503374575077
-0.239798467932265 0.0510014834205156 -0.0718542013414988 0.0172250169887831
-0.198939613425773 0.143347360516165 -0.150694777390278 0.11171163347121
-0.115547129822397 0.204551324179092 -0.111008182379563 0.228177549416417
-0.0432292693857375 0.224854918637303 -0.0347255201768457 0.272492406283866
-0.0304951295376092 0.219489058027317 0.000680166557099434 0.257767996827008
-0.0302341578440927 0.207893343599295 0.00194226778913501 0.243960514176625
-0.0674930129492083 0.210683885407523 -0.0216210955679508 0.196876856220767
-0.132195178350143 0.174015345150668 -0.0623441257899885 0.134544536089035
-0.161290350711102 0.117043118703756 -0.0497721307788531 0.0515910736490006
-0.203198355416108 0.0478362309131612 -0.0158539861014275 0.0152863497330373
-0.235291224683965 -0.080569955067949 0.116375383691835 0.015032668498171
-0.244296344480388 -0.160106766485678 0.292818561856858 0.177887057930666
-0.101862250709395 -0.0839832607979189 0.117821134400132 0.37062608495207
-0.113136688111216 -0.0492204334891559 0.183621411198464 0.241087120845878
-0.0883521970967149 0.0145540461990604 0.072051406325933 0.0797722512308434
-0.0563182141390565 0.02146018227394 -0.0553827630674784 0.0377252619125371
-0.0650624745017555 0.0478684879544274 -0.144330243633734 0.151848693068104
-0.0416856897896279 0.0790986873042234 -0.10339969283979 0.279880006849554
-0.0224241726492799 0.0994728815583967 -0.032854939653901 0.330255671795416
-0.02319226526863 0.103032920583444 -0.00773902380752232 0.317198168997746
-0.0287622970760212 0.102860597751583 -0.0193744849829134 0.296143993443039
-0.04658740174334 0.0958604046341164 -0.0552718256135935 0.238130806501796
-0.0673931657527099 0.0618669056043991 -0.0977303640761405 0.15237848624221
-0.0576171878223004 0.0273343208065117 -0.0640588249020417 0.0470087958429544
-0.0690810961187178 0.0368904358114343 -0.00311693132116982 0.0186854043290644
-0.119185248629651 -0.00985621813285908 0.130324388588545 0.0510075877822804
-0.145894451477799 -0.0642987620286082 0.312261417059374 0.240172931721165
0.0247724869897664 -0.035908519021639 -0.308392742140225 -0.286096677512571
0.0180096157966246 -0.0845871653545541 -0.205507043394141 -0.0938672948490824
-0.0481564484419257 -0.0535910402960302 -0.028659705531189 -0.0298659138834623
-0.0609522131043975 0.0126501230228793 0.0580546612046883 -0.00693063203371843
-0.0293877753359813 0.0275126296616803 0.132760308620018 -0.116481029989528
-0.0190030380323478 0.0289665567715095 0.0993662073051505 -0.239134129911124
0.00324604570211553 0.02394452724722 0.0404327004434225 -0.315724745909529
0.0131481110336609 0.0299043980749526 0.00621670908750798 -0.339324408347944
0.0221153276402865 0.0372260497750609 0.00853173390913245 -0.340011206207498
0.00924600675908077 0.0673191484438058 0.0415414343122633 -0.300930055411537
-0.03834392520323 0.0776099151767989 0.0837712012268142 -0.206997342498474
-0.0953736380377562 0.0599112809714955 0.0245915373392961 -0.0907585491011958
-0.105454197303656 -0.0396005156302191 -0.0726509799910541 -0.0958221322622344
-0.0322992143933706 -0.0884720833259163 -0.145630835085396 -0.211694705648749
-0.00648434461313355 -0.0610512368198153 -0.144982020281721 -0.378966001589191
-0.0511943893532336 -0.143248711369512 -0.284192209327451 -0.293667595159257
-0.0651349228748248 -0.18300843920741 -0.182962670166577 -0.125512716875108
-0.139871790408233 -0.103399838586543 -0.0399487221044905 -0.054283019524598
-0.174010312618385 0.0198649624900417 0.0408977926588345 -9.69500154436314E-05
-0.132172076580096 0.0929040299557306 0.127961003858472 -0.0965934688584526
-0.0817426007354333 0.135932685362967 0.108570321291076 -0.208016581422896
-0.0190166631458231 0.149248815581844 0.0550456326948182 -0.27812028272021
0.0015949596577099 0.16166358225322 0.0125494352766818 -0.297905040710169
0.0187937122130028 0.163465890381678 -0.000842347903425226 -0.292335335533585
-0.013018028150875 0.205839555933606 0.0111642894987381 -0.262897947630135
-0.108693106999391 0.207456014554837 0.0387329101975771 -0.184744882463655
-0.21116232368805 0.171097381823869 -0.013257979496086 -0.078142573517008
-0.275731550371531 -0.0072171199790574 -0.104307093036728 -0.0826671767659358
-0.205971969329897 -0.166590314574333 -0.149088766298384 -0.178921650375641
-0.146892547103447 -0.183689065478701 -0.122279190439923 -0.322739054121181
-0.112831881518123 -0.247812430786832 -0.244584617635312 -0.242588648582975
-0.141408251491844 -0.288620730922192 -0.147895315998629 -0.120478693951477
-0.228357093714766 -0.169311280104582 -0.0416049030274085 -0.0707504024676276
-0.290311059250419 0.00789304077971604 0.0188056620055767 -0.00530161882401612
-0.241837486390146 0.14373478366055 0.0941698681567004 -0.0759320099582218
-0.149797308395934 0.226990425308188 0.0880173689473706 -0.151498476020204
-0.0466048820439593 0.255435166388659 0.0527408186953158 -0.198363845965612
-0.00953261359524402 0.267561210294039 0.0182710930829757 -0.211328329201307
0.0180757931075036 0.260802578167421 0.000392922779668442 -0.200967411306349
-0.0175180850374585 0.310275080638557 -0.00567563811758978 -0.185676037390734
-0.142513566339934 0.313540311562447 0.00544340752965719 -0.129032501548946
-0.272599927074428 0.275784075999779 -0.0364678873069456 -0.0479860212470266
-0.393960596865622 0.0605984533204611 -0.112991416271593 -0.0545754861687695
-0.350650526616037 -0.187459013502263 -0.120618186846488 -0.134441440289371
-0.272092079574025 -0.261427858269723 -0.0555220592417214 -0.231539826791831
-0.162142074135361 -0.323958638291093 -0.191288525628845 -0.136304931330942
-0.217156096267352 -0.370824705902751 -0.0971926991434259 -0.0649471462746854
-0.316000368601812 -0.220975346243178 -0.0287709318170935 -0.067769974612453
-0.391522139253769 0.00308812765534665 -0.0071221896648198 -0.0141738808540704
-0.331776033543073 0.184072432120593 0.0329115297062243 -0.0479333936733189
-0.202418577777362 0.293996124662258 0.0372376183979683 -0.0713920864020207
-0.067121553098345 0.326527063846188 0.0336784529856261 -0.0860897411221202
-0.0184909809561831 0.331586379191047 0.0190851898212279 -0.0938018315211637
0.0155109696282003 0.314975901358766 0.00759037753768859 -0.082555043907454
-0.020458836691367 0.364663968326238 -0.00664753641987588 -0.0815742047280748
-0.153720847795775 0.371523794116254 -0.0112935721323781 -0.0534923139248992
-0.287911908479947 0.333953121559647 -0.0423864622788787 -0.0108882133468486
-0.440712924955681 0.117477482774943 -0.0958171877040771 -0.0252740801271949
-0.429628301213277 -0.170327012728038 -0.0612773198855409 -0.0898586912245497
-0.354382272380529 -0.286860084777502 0.0399791769343229 -0.123808687393235
-0.196955467666978 -0.349582622682971 -0.121769108021057 0.0108999747206739
-0.276128143859374 -0.392421714825935 -0.0284270139482 0.0301366920481424
-0.374978026493519 -0.224743843955836 -0.00532094362303428 -0.0405754665944588
-0.436893870573634 0.0182214747805012 -0.0367324264748583 -0.0164484048402148
-0.3628626601398 0.210602907058396 -0.0462945465110995 -0.00379543039909128
-0.214945929949606 0.321325386995434 -0.027279099397496 0.0312554954047409
-0.0720235428951517 0.348257554174961 0.00715416344284414 0.0442360277562159
-0.0239573894400217 0.343970853919461 0.0155260455857203 0.036379979630716
0.00412339917669885 0.322497464403081 0.0159114049049437 0.0428791515774279
-0.0336860220723568 0.362078666917791 0.000202284560930538 0.0280322471260578
-0.158871896582686 0.360868752476401 -0.0189747068925873 0.0262298137125279
-0.272304645016562 0.317012827555319 -0.0389991815780482 0.022968389669368
-0.413423052519463 0.128237216939042 -0.0649019078701374 -0.0038820573209629
-0.424307370162683 -0.144450048456478 0.0118623163209975 -0.0530851576153627
-0.37248863491232 -0.272252513508822 0.145250426372882 -0.0141241960257559
-0.203828661226203 -0.310023944220756 -0.0396392674648618 0.168019621466043
-0.289386627626225 -0.330353400292416 0.0505650185505654 0.134077399850394
-0.359533062437224 -0.166606334407807 0.0213779789933894 0.00235409099520697
-0.383519948984134 0.0453778681795345 -0.0628714333402347 -0.00479073664707241
-0.31219881283273 0.202632784430284 -0.116979992728866 0.05512692270692
-0.17865912024509 0.289879374927694 -0.0819827493009766 0.140562893501995
-0.0590519981236905 0.312517035760074 -0.0160250025634812 0.171368998586122
-0.0252831498326536 0.304325737070756 0.0105034310321137 0.159693315901825
-0.0109674029160913 0.285031029799229 0.0179987116278047 0.156306160458302
-0.0523784349034244 0.30694513364892 0.000201951042800772 0.125118896168847
-0.154293298544111 0.287624990849657 -0.0324799299039963 0.093424979705449
-0.230009939278504 0.23250299062477 -0.0401423831436287 0.0454600122355544
-0.324669048135738 0.0951080590754396 -0.0351815360103576 0.00989960947556619
-0.351441903237385 -0.116413089741271 0.07606039188888 -0.0194455420529627
-0.329972446183793 -0.22478793968336 0.235751845933846 0.0844662057173289
-0.175094038190439 -0.212197829271732 0.0475340882299053 0.296024036347488
-0.235258835780047 -0.199091176225218 0.127474591359616 0.209472370278629
-0.255665707161749 -0.0663434518254226 0.0471070688566954 0.0466029981836902
-0.23781489929778 0.0560085010173364 -0.071645625386195 0.0181189898031945
-0.195619636803074 0.147743437748723 -0.15085802745534 0.11497819740779
-0.110606768556991 0.204677842304693 -0.10563425170101 0.231329970603787
-0.0385048133292264 0.224518915577869 -0.0268151119558744 0.271653857173584
-0.0240818624595994 0.219280098273951 0.00365194454047997 0.257601844235608
-0.0247176028837985 0.207875243624621 0.00827844540662021 0.242827669634053
-0.0620109444798307 0.212214801223938 -0.0168499354343122 0.197966999473046
-0.127092760396765 0.17665997571895 -0.0587040886176907 0.137810023289098
-0.157104916861464 0.118958430000183 -0.0504650986168662 0.0544649535604708
-0.199778789877043 0.0524148491211743 -0.0159279097108103 0.0171035467294085
-0.235935449907339 -0.0756666485083258 0.114889603532052 0.0141550605594538
-0.244787926145735 -0.154441721184597 0.29489558911235 0.168381520069731
-0.102696484159478 -0.0816001374622531 0.121951363291579 0.368950440994763
-0.114535674274479 -0.0473259927156808 0.187741468044796 0.23718358794672
-0.0868169303553835 0.0157371489963256 0.0741711340333736 0.0783487725132519
-0.0563897763890662 0.0216070200501453 -0.0553040309107893 0.0386440734554492
-0.0639035565486037 0.0489093909599058 -0.142097743090659 0.155318207991255
-0.0400477061190526 0.0784718071924126 -0.0962139268912515 0.281853073232257
-0.0202916401434704 0.0991730035232059 -0.0242513432148908 0.327779148612845
-0.0198629169073656 0.10347658519286 -0.00330351590344161 0.317502363019862
-0.0254297469732208 0.103333110908119 -0.0122497814406412 0.2954043442248
-0.0441590793710972 0.0971471627331493 -0.0476678806449349 0.238801596726115
-0.065205340052982 0.0622051976686834 -0.093242630809027 0.156025266381538
-0.0562638990559968 0.0269354526430942 -0.064031370896846 0.0494204470029727
-0.066325833803581 0.0382294233392924 -0.00467921458338299 0.0203848853522765
-0.118556646996094 -0.00675070324963568 0.129495028880145 0.0487968622288888
-0.145483921218162 -0.0609869444281027 0.315636567372618 0.231008619057097
0.0372683263660242 -0.0305682334400585 -0.253144614159319 -0.338108712939519
0.0344909023492482 -0.0797722285978768 -0.181563543591657 -0.127947487478376
-0.0370676072517332 -0.0595614948095903 -0.0212771408281835 -0.0375581472780201
-0.0608293305367395 0.00283415813981524 0.0584261420974201 0.00253330084328962
-0.0338379722612613 0.0240881781525049 0.15208702059942 -0.0918508173974806
-0.0242181117275794 0.0277478995233498 0.141760615497662 -0.218403538583048
-0.00301021608687707 0.0243750297646738 0.101551434512161 -0.30374396163617
0.00673832362494313 0.0324492689911009 0.0721402742339325 -0.330441821664771
0.0131337412953776 0.0413299326765935 0.0743716874917301 -0.330905460241235
-0.00501831181983138 0.0675372242563734 0.097689144084498 -0.283759206778118
-0.0536766685435065 0.0691927435632537 0.120447530630759 -0.185010630216985
-0.106007240223216 0.0388372425616081 0.0409594565580005 -0.082650164911193
-0.0970306507436755 -0.0628643829388494 -0.0546707093722731 -0.111587305878283
-0.015852416489519 -0.0940308699564863 -0.102021013756826 -0.243774563835948
0.00562125739420759 -0.0605774499386527 -0.0638409406332546 -0.413509456006475
-0.0142486280906727 -0.147617447371782 -0.227750616344696 -0.34220001400611
-0.0271276344381575 -0.189066770880753 -0.151177435361226 -0.157300884654802
-0.114690402833431 -0.125265559740498 -0.0260376528514383 -0.0668635452242565
-0.168430700160865 -0.0112645786131812 0.0401062736707546 0.00340915649758039
-0.145195802588669 0.0679679219208273 0.144772423817997 -0.0745478047865655
-0.104866364625037 0.118882768304962 0.143819849968625 -0.187989691017137
-0.0466580497459326 0.141414206224213 0.107226320045384 -0.263927674290846
-0.0294454893709144 0.160633134175629 0.0711173940478681 -0.288204382943085
-0.0150807563040825 0.164412808664629 0.0552708623082352 -0.285476327178017
-0.0528408230150351 0.198277693285375 0.0592453115335051 -0.250713180272145
-0.149000045626159 0.183013535388465 0.0687618739184219 -0.16687221497423
-0.240626110728688 0.122127645094656 -0.00315921817378328 -0.073906266621606
-0.27252540154895 -0.0673668624986466 -0.0940369812024587 -0.103162819907701
-0.169771717237317 -0.20734878892904 -0.113394688473056 -0.214770352678413
-0.105863338713993 -0.210510867131349 -0.0537562974729053 -0.353356300482324
-0.0533776830758438 -0.259137625421189 -0.198728365958884 -0.287233260930617
-0.0830224377967486 -0.303327722156707 -0.112927153819316 -0.147559451927758
-0.187904038663736 -0.205665420390422 -0.0206982897616171 -0.0859881333332077
-0.276320064221333 -0.0440807515060365 0.0200787252689334 -0.0078237780248622
-0.259350570371265 0.0956517382892958 0.108794304077613 -0.0615323348944202
-0.188175248183229 0.193571743459439 0.111811239437321 -0.139244688589393
-0.0923547344808512 0.23998572235406 0.0881239079771571 -0.18606632294904
-0.0602435991332402 0.263825572995464 0.058877340003289 -0.203023135048948
-0.0349246891830276 0.258516507131233 0.0374792261946182 -0.195828802614006
-0.0770839795506646 0.298597880205236 0.0266879621116077 -0.176055415167288
-0.203294618835514 0.280630442065885 0.0242369279140113 -0.11478371714612
-0.320098910109476 0.210617985784016 -0.034797634007264 -0.0446964936313446
-0.403807446647948 -0.0267495216941073 -0.112364631963981 -0.0745260394370045
-0.30721854567244 -0.256918126975023 -0.0952156332165419 -0.165651430040954
-0.212633158287356 -0.312395154405322 -0.00740601949493755 -0.247996260386323
-0.0866616221977431 -0.343674569761866 -0.166148846034382 -0.173833082932901
-0.143164073927527 -0.39587401820233 -0.0692222704242509 -0.0868157319632691
-0.263685594334297 -0.272008585886544 -0.00661049246262208 -0.083292266912398
-0.371721567103417 -0.0684529458512031 -0.00393103886275068 -0.024113923627605
-0.353763809973479 0.117471353543189 0.0438575434832158 -0.045732122918507
-0.251296124590542 0.24788152194795 0.046409657508999 -0.0701428775222433
-0.124694445525545 0.30614388134455 0.0474302272849784 -0.0782112993515038
-0.0804552518275478 0.325320603761826 0.0362798954450771 -0.0882909036211709
-0.0492942923806962 0.311056988130778 0.021985263944951 -0.078232503265602
-0.090523406567419 0.351254306596586 0.00484826016094442 -0.0745051361319855
-0.224879116502679 0.334853890474954 -0.00741079502389902 -0.0414121329509971
-0.346856142220088 0.2632320008677 -0.0487963073474446 -0.00698807915565821
-0.461068998450769 0.0192481976014754 -0.102627449591025 -0.0386475653031128
-0.387078286916822 -0.257132468522901 -0.0464080410057727 -0.109168000747294
-0.288491373381766 -0.354124323530074 0.0654969290518789 -0.11833080431744
-0.117472937455134 -0.375964339386284 -0.12530060732863 -0.016796097731925
-0.197710955322144 -0.428229577051138 -0.0177683632796881 0.0186218937535076
-0.319315323917226 -0.286442708505577 0.0125213725290642 -0.0537188945870614
-0.41741365657031 -0.0617922631041808 -0.0325280614150054 -0.032793647173509
-0.38808308483201 0.135947082515648 -0.0416173291946158 -0.0171929326948349
-0.267447504143516 0.269736744454382 -0.0367754251201173 0.0179951101092989
-0.132024424417354 0.32582217404888 -0.00414596624153143 0.0450153209444701
-0.0875500719005528 0.335684917780103 0.00678183914440231 0.0389005645550208
-0.0611919795600695 0.316639650077977 0.00586151230914337 0.0459568839928354
-0.102906247579838 0.346166410136831 -0.00920618869500535 0.0336855569325355
-0.227655179051146 0.323207589950376 -0.0303601955364925 0.035146637548025
-0.328032162978811 0.24927053707483 -0.052590352190109 0.0263577239359656
-0.435644511113374 0.0361180694349339 -0.0754992991822392 -0.010568938288557
-0.387793182311484 -0.231308982743278 0.0195535586966236 -0.0566861881389578
-0.307985121455153 -0.344364381896544 0.148383674488325 0.0143553064028227
-0.135039543879419 -0.338980365467915 -0.0731599003244306 0.15380065530212
-0.222855768266913 -0.369435271137258 0.0386904049079644 0.133918317430126
-0.316696085247667 -0.227747902601182 0.0284259995931743 -0.00572944541354641
-0.371320793657873 -0.0276912593287848 -0.0613221504726931 -0.0253908226790923
-0.337938743073454 0.136184174674229 -0.122773891582609 0.0288125546046624
-0.228473480264076 0.246958963933958 -0.11116799460441 0.115970547035025
-0.113260029029285 0.293039349509162 -0.0506743430886739 0.16631729347492
-0.0811534659344597 0.295918183895575 -0.0217725790031698 0.158031379989127
-0.06770053472766 0.275663500387474 -0.0142642181292264 0.156920389658375
-0.110719049774533 0.288841596960072 -0.0274976181304199 0.127452989536489
-0.208014941526174 0.250797062732162 -0.0554389385162249 0.0962513025100139
-0.268756795085859 0.175811792170804 -0.0566493627605219 0.0458551820967576
-0.340685445123038 0.0224800464446308 -0.0462683964388083 0.00847429160217623
-0.319973893290072 -0.187638681610508 0.0767604859303129 -0.00927492819030419
-0.274595123372429 -0.288506786292724 0.218371133043226 0.132876307461864
-0.129230387750158 -0.239757571686762 -0.0113887038860765 0.296643026365277
-0.196137399903871 -0.232928452307676 0.0957796525659036 0.221999848602289
-0.235816308538013 -0.111663339009979 0.0409824717881837 0.0455885756032351
-0.234895347593924 0.00896485460968188 -0.0750044040429522 -0.00160238240554538
-0.215238852477769 0.10426533280758 -0.168891787234119 0.082810090022595
-0.145606569059734 0.175502567464214 -0.149714495217474 0.203682114277811
-0.0759968327640791 0.210905405984344 -0.0819482888578511 0.262825964948656
-0.0643393991790722 0.211954677730595 -0.0476522383286807 0.25280207512237
-0.0647789449368757 0.197974396059072 -0.0413901566603068 0.239918648146808
-0.100894497668466 0.195056421657111 -0.0570567182603877 0.192180804501014
-0.158735086418053 0.146767531011111 -0.088461845162946 0.130210504782069
-0.175673289612886 0.0804786083970393 -0.0664471600037554 0.0483953848917466
-0.20628180496377 0.00773436809815148 -0.0262367936950373 0.0175190578748067
-0.21454197133409 -0.123099451340537 0.109969943639658 0.0332515707310527
-0.206832396296513 -0.202185099223391 0.260214980837374 0.230223292486525
-0.087165171996947 -0.100119105263656 0.0500894852284161 0.383617554031864
-0.10722087419794 -0.0662721527918654 0.143510297472007 0.263864288222057
-0.087605821478833 -0.00105820595806221 0.0579970462533392 0.0870123930421694
-0.0566781110941756 0.00840052552433344 -0.0630522359625592 0.0257139650412073
-0.0700293260881398 0.0319628645204746 -0.168584594387866 0.126204448389295
-0.053479727666669 0.0658269188563632 -0.148752982164189 0.258063820076541
-0.0359533244891477 0.092187069780497 -0.0893618403080789 0.319727820042785
-0.0384262269439639 0.0977530004649655 -0.0657080224532385 0.309613222542411
-0.0444591477950394 0.0951748971563049 -0.0705016334452927 0.28687061696762
-0.0607401534827933 0.0863419868717848 -0.0943628392561567 0.223432930498344
-0.0755834122040934 0.0464487679848258 -0.122257462349184 0.137883485768787
-0.0590618029701009 0.0132761293366832 -0.0765707396780332 0.0376489566207042
-0.0709917082194313 0.0232844476170662 -0.0120677849119846 0.0226294039177244
-0.113269845338068 -0.0309036052425813 0.117949165053002 0.0727386461138345
-0.128329207752536 -0.090353289650491 0.269035252885485 0.298120888922581
0.0366747166619388 -0.0309537739969714 -0.257570242017992 -0.32875634439821
0.031974679221301 -0.0801134704258833 -0.183664984251007 -0.121837375270584
-0.0377888936530514 -0.0569826132368835 -0.0228305162805324 -0.0381610393232014
-0.0594096260650637 0.00587568002589549 0.0579219926212559 0.000688727593158723
-0.0317090022008602 0.0256680904597776 0.14841797595902 -0.0961438949078861
-0.0226857611477222 0.0298374604545821 0.133325294037762 -0.220404661298654
-0.00252594086642156 0.0249605324920161 0.0911372509467673 -0.302796902176253
0.0074012265441859 0.0315172695168387 0.0640504672592203 -0.329934660506528
0.0141454316257724 0.0408100038682401 0.064796670379972 -0.330202295165029
-0.00272191711262442 0.0667471517750709 0.087721952448516 -0.283658436697767
-0.0519684304320905 0.0721633390638865 0.114068030564358 -0.189325212742675
-0.104472648247104 0.0429968026546053 0.0393249476545952 -0.0834417351310562
-0.0994730867017389 -0.0597493130972699 -0.0553796880716317 -0.110998881814828
-0.0184046823207694 -0.0942923432450805 -0.105661776171028 -0.240575179614186
0.00311470422472597 -0.0591461137697494 -0.0725544259916154 -0.407275041969478
-0.0152841495169685 -0.145618795400316 -0.234977409390479 -0.332951547634951
-0.0320170870671383 -0.186820499968099 -0.153499334654032 -0.151841970755801
-0.115209390178919 -0.121064089542744 -0.0283151601064932 -0.0679348993365002
-0.165950942652192 -0.00585531399674121 0.0397590753777751 0.00214512094178129
-0.140323028784226 0.0720516995927751 0.140427657419127 -0.0785739485701377
-0.100075049460772 0.121490359744226 0.135534964072461 -0.189998354124528
-0.042370730612783 0.141339524134917 0.0987206514009704 -0.263837898327333
-0.0241422369483847 0.159577825699179 0.0639828084162688 -0.288045046835195
-0.0111124381521144 0.163165138337235 0.0471465301934816 -0.285065501077138
-0.0465568209378125 0.197007963455116 0.0492068606908498 -0.24970698192019
-0.142256390189673 0.18810157877357 0.0624529666194704 -0.168693182290255
-0.235541653953107 0.129241309820982 -0.00564109714231143 -0.0737245724776501
-0.272776185741438 -0.0603147689916936 -0.0938699884882613 -0.10142068725395
-0.1746775222388 -0.202941433479108 -0.11621290824987 -0.210498327878963
-0.110348379273538 -0.204879938862641 -0.0607733074615424 -0.349246803457027
-0.0554935131347924 -0.255611567396236 -0.204569468213075 -0.279349950882253
-0.0895603407374652 -0.299976582025821 -0.116449134723575 -0.142441838989156
-0.18979260456271 -0.200434971425445 -0.0234530480021421 -0.0880645097076526
-0.273620302736087 -0.0359931656108879 0.0194096530563008 -0.00885513609725665
-0.253659305254711 0.102644180324399 0.103285930929622 -0.0649518840673685
-0.180846971411391 0.197954833273369 0.104989407163912 -0.140265910952662
-0.0845666654626669 0.24011682750408 0.0829017767758441 -0.186681131316681
-0.0513366670156756 0.262385165754466 0.0537206300597966 -0.202950603452642
-0.0281725368848188 0.257397680900251 0.0325399268073198 -0.196158785634816
-0.0679702055106259 0.297854080569615 0.0197969356499908 -0.175086777873238
-0.193781436474128 0.286322602405506 0.0200459815086534 -0.114557733082339
-0.31324452981918 0.219844091528289 -0.0361667245623308 -0.0433491878981382
-0.401566828689228 -0.0166466008729015 -0.111682867575989 -0.0713003006615632
-0.312668971055628 -0.249608092342808 -0.0983318203598939 -0.160984621514431
-0.217514742356234 -0.303623605491405 -0.013347038400185 -0.247133942448307
-0.0905910068928585 -0.338077023841926 -0.170356605925296 -0.167782498041756
-0.151421405745934 -0.390949201476093 -0.0713209926599672 -0.0831206667700842
-0.266748934035596 -0.26469493310129 -0.0088544508980134 -0.0859131123193643
-0.370135153458193 -0.0594660337929054 -0.00488589860488276 -0.0240644323261829
-0.347820124935704 0.126703128821311 0.0385410514219868 -0.04765085757387
-0.242101457795729 0.252418859472531 0.0421707608803782 -0.0702733576489711
-0.114972579020877 0.305335671963348 0.0465153803299494 -0.0797727931742844
-0.07002346524446 0.324378987255353 0.0330415067903347 -0.0881111549511727
-0.0407955174764703 0.310211048759826 0.0201190901348436 -0.0788770632429962
-0.0802054822959706 0.351029846915987 0.00129294316946132 -0.0727914944227494
-0.213751119177892 0.340846815622719 -0.00895783280175344 -0.0404347538924297
-0.335905834813874 0.271612783797054 -0.0496862634762779 -0.00447552263924838
-0.456590740877935 0.0316921936207687 -0.102296023998552 -0.0361858605855895
-0.392032822302504 -0.24756747766076 -0.0482194560903956 -0.10638655137989
-0.293360719340151 -0.342311413087291 0.0620887612009372 -0.121178835597435
-0.121799073618604 -0.369511248050981 -0.126823133776545 -0.0120496834335452
-0.206588919052402 -0.420875136050033 -0.0180548824953066 0.0199299723688726
-0.322538953272611 -0.27840874626298 0.0112747362180492 -0.0576880800178814
-0.414571732627526 -0.051256230162355 -0.0339844815338342 -0.0328598942426475
-0.380360691675213 0.145678718299741 -0.0463117456637219 -0.0161496678234515
-0.259338491233822 0.27423630628697 -0.037309802438003 0.0204209878824975
-0.121904589108668 0.324803202407489 -0.000909785650057459 0.0431224332999145
-0.0773133198213613 0.335947562931022 0.00741456060971906 0.0387957129174192
-0.0518149705204218 0.316077453564497 0.00771421027943179 0.0448600370783891
-0.0929693368199896 0.346699989391014 -0.00949218029913226 0.0348595525382203
-0.21541899255326 0.328409052469148 -0.029194627380769 0.0369810320553411
-0.316967461094514 0.256890644767014 -0.0528622300533977 0.0285644457368609
-0.429386489556368 0.0474218942223384 -0.0746465010773485 -0.00751210053397618
-0.392940925139463 -0.221493851249046 0.0178023868366758 -0.0545977068281504
-0.311409414135473 -0.33138177112146 0.147044602579772 0.0079846496096705
-0.139469537626914 -0.333528770567436 -0.0721312811089103 0.154869951233386
-0.231919123538124 -0.362661053272912 0.0412246724275859 0.133281158030934
-0.319822943194755 -0.219934052406395 0.0276157847390278 -0.0100899324036249
-0.368708548033328 -0.0178171631387948 -0.062366849186294 -0.0253266328942887
-0.331658827415916 0.144461185510836 -0.125481854738852 0.0319869481326328
-0.220591379157486 0.249877434662096 -0.107460899650405 0.119020126395648
-0.10390968253336 0.292023483184548 -0.0441926726231168 0.164104748495181
-0.071961199824924 0.294849114976963 -0.0190500112226002 0.158319081136081
-0.0595170468663987 0.276044254095395 -0.00990832777073985 0.155319077744011
-0.101245597594871 0.289738425396144 -0.0241065249806464 0.127807917308178
-0.198369831981182 0.255635151952524 -0.0522344102226669 0.0985957953327648
-0.261156204031207 0.180776097201156 -0.056892113658703 0.0486231660511519
-0.335552568649557 0.031429519617458 -0.0455424154757196 0.0109435906060649
-0.322178997126452 -0.179688995446873 0.0745425166873142 -0.00914704782668723
-0.276822952120321 -0.278895094061484 0.219025629484478 0.123508086824769
-0.131277638791215 -0.234085923767286 -0.00766832124578073 0.295450116388251
-0.201030551455923 -0.227027778898429 0.0990567184758783 0.218642226362012
-0.235656803208757 -0.106012600488406 0.0413286162786829 0.0412704129276434
-0.232384975462409 0.0141015636108057 -0.0755631590130576 -0.00088528095105848
-0.210830159368375 0.109097425859725 -0.168209400072994 0.0868147146600032
-0.140814096997713 0.176941288425201 -0.142666735644197 0.205934184956271
-0.0699980530293836 0.209168249561634 -0.0723563099268764 0.260480270594456
-0.0573285629461546 0.211675907972874 -0.0423296717968822 0.253075189965685
-0.0589702136949105 0.198229854346399 -0.034735974207298 0.238208805557774
-0.094475060557931 0.196225707932429 -0.0516904223415955 0.192317022368305
-0.153346912870452 0.149760935405043 -0.0833568896520233 0.133308687100157
-0.170318201675319 0.0836589157441103 -0.0664657924679841 0.0509368735941667
-0.202355012720432 0.0134828220513429 -0.0257939680692464 0.0199744962167893
-0.215686039124994 -0.116879186920726 0.108389168795346 0.0317325323053411
-0.207855509705515 -0.195977146460149 0.262648413640383 0.218632475530242
-0.0882692058598058 -0.0967433337459082 0.0537569695641807 0.379909201616078
-0.108259730471266 -0.0635486984225242 0.147881752187519 0.258398548527102
-0.0868485838439904 0.000590911759913216 0.0603901874931366 0.0839281374419285
-0.0560667072620371 0.0092521034385052 -0.0632307326993174 0.0266783171631338
-0.068893413234806 0.0327034030981213 -0.16565094985281 0.130350444922589
-0.0519626087696603 0.0652021604947651 -0.139462139991663 0.259234405827849
-0.0334824804941414 0.0914227628628061 -0.0793612343014324 0.317425861085678
-0.0346522301645777 0.0979388767553733 -0.0598285096820983 0.309570138828277
-0.0407577100527381 0.0957610015582957 -0.0634218909237508 0.285713857391588
-0.0572613093672125 0.0875790681329102 -0.0862574577643492 0.223468522941974
-0.0734183112274893 0.0471232578278516 -0.116839233099366 0.141224252846548
-0.0578168404711156 0.0127026888943711 -0.0757635089304411 0.0405619587407322
-0.066923600471869 0.0244373794065882 -0.0123677345022997 0.0247112986321794
-0.112488444139449 -0.0275910978826048 0.117311592400195 0.0703545154762327
-0.128759665663582 -0.0875103945311746 0.272714476800936 0.286320005854152
0.0366358972172562 -0.031380089488987 -0.260355751676793 -0.32211553726293
0.0306698479519794 -0.0801908450397993 -0.18353169208373 -0.117147044708464
-0.0374075244674799 -0.0549999044981709 -0.0245440018955818 -0.0383820869354406
-0.0578259173549813 0.00807031890393467 0.0575347690129832 0.000103463504795318
-0.0301298924058183 0.0262656946820836 0.145072182736654 -0.099218557409909
-0.0204320765105134 0.0311210214178149 0.126550697033923 -0.219511545563312
-0.00200258344665753 0.0254204823410133 0.0840871290198096 -0.299862874184446
0.00701205002203908 0.0307238181703136 0.0589794659362681 -0.328244088538492
0.0141669536858527 0.0404324253587384 0.0590174633891476 -0.327960374925592
-0.00132669520498678 0.0660839321772215 0.080607967211179 -0.282864549305134
-0.0504767905675038 0.0743286320373846 0.109126505359636 -0.190886938599535
-0.103469083043362 0.0456036314252756 0.0382776888413564 -0.0846840322030025
-0.100627652429853 -0.0577047058847178 -0.0547632497005567 -0.111038411125251
-0.0198253175567199 -0.0934048318789526 -0.106642514887915 -0.238090998898919
0.00159655317933866 -0.056904267062062 -0.0752824637128866 -0.401128292053661
-0.0145120776066721 -0.14416130607084 -0.23775835648004 -0.326445994245737
-0.0341391329735161 -0.185685754218115 -0.154603463520431 -0.146903591629139
-0.114636218204823 -0.118024236221372 -0.0301024731737134 -0.0686471908371284
-0.162712958515873 -0.00232914918629162 0.0393722941742622 0.00176734556381342
-0.136845589911177 0.0740171586077924 0.136068894129154 -0.0813842835692573
-0.0956887287166854 0.122966356523326 0.130013539226624 -0.189791475347513
-0.0392833039542288 0.14096285737195 0.0927468476916341 -0.262599455326013
-0.020810045083766 0.158402132546975 0.0580402549583428 -0.286803942308183
-0.00833685203837758 0.161864416541785 0.0427962960006845 -0.283713387025127
-0.0425787860771174 0.195747714662998 0.0427557539794949 -0.247680056261659
-0.138149783458005 0.190804449939869 0.0580280796798675 -0.169170035450055
-0.231428517389538 0.133535334278293 -0.00673717416292052 -0.0733655738381106
-0.273492209662217 -0.0553867187246969 -0.0936185202778253 -0.100793828556852
-0.177234560398378 -0.199458391439469 -0.118176409591097 -0.208233935904006
-0.111253122027301 -0.199229185652961 -0.0644168994139982 -0.344759663215432
-0.054552559251996 -0.252793996829727 -0.207424694460345 -0.272454624107198
-0.0935901288422957 -0.296125135619203 -0.117185995648349 -0.137969406886814
-0.188532968975536 -0.195978988979849 -0.0258469948625781 -0.0898583691031776
-0.26996045531235 -0.0314575695390884 0.0186953896813812 -0.00911604706600261
-0.248441817535464 0.104907115754054 0.0983983715518196 -0.0662548034633363
-0.175626550040525 0.199090753549126 0.100006544292478 -0.139767575277115
-0.0798512874783829 0.238584975089651 0.0796424820177204 -0.187104148178618
-0.045860430763114 0.261395528616482 0.0498963746161296 -0.201989515888441
-0.0237247444824846 0.255730378443928 0.0296314402913778 -0.195029505820141
-0.0621689413016105 0.295395896020601 0.0142570266216847 -0.172149719294849
-0.186686776208606 0.290148387840214 0.0167696386087249 -0.114555489699462
-0.305567359311847 0.223640930549639 -0.037530951252258 -0.0415610179259682
-0.399073675741588 -0.00937453379462364 -0.110769926606936 -0.0695701018888344
-0.314942814653557 -0.243772065010431 -0.0987529757786471 -0.158432879404086
-0.21775111239285 -0.29465427001742 -0.01613503759557 -0.24497634426952
-0.0906669005069336 -0.334946190241621 -0.172068505901521 -0.161852383147021
-0.156601045643545 -0.384631812110402 -0.0729105033674166 -0.0791727895949726
-0.265734222642155 -0.260057077906204 -0.0112688162634227 -0.0886926828157458
-0.365195785746935 -0.0531365270037372 -0.00538510053807187 -0.0245657651694411
-0.34025693677176 0.132101563519029 0.0338043832924142 -0.0474344906489262
-0.235921510999123 0.254185929200778 0.0392545281223235 -0.0688760101377958
-0.109279865724845 0.303188438397622 0.0457623238117211 -0.0810046318866668
-0.0630385512835483 0.32241064304974 0.0307878823451828 -0.0875690387397598
-0.0350452821818574 0.309057982736061 0.0190889159393954 -0.0789678492132065
-0.0736626421998872 0.349947747272778 -0.00181151700928455 -0.0714209497762472
-0.205805086337503 0.343308558611844 -0.0104513183901725 -0.0390322381312448
-0.328934488812209 0.275266147933509 -0.0505220895634721 -0.00336649360630711
-0.452482967669103 0.0396212978238739 -0.100437924954052 -0.03456547042793
-0.394224938775382 -0.241584825597286 -0.0490754967353752 -0.103223327947256
-0.291528431969922 -0.333441894645911 0.0595973914709362 -0.12306423022535
-0.121146079471641 -0.364333363067012 -0.127518656122632 -0.00853765741906545
-0.213031964872744 -0.414030784239336 -0.018139498243186 0.0215794211465739
-0.32215988046282 -0.272644432130698 0.00843470020033535 -0.0609806234071382
-0.41024137618319 -0.0456315610634464 -0.0349192449254309 -0.0332226975885923
-0.375003471924929 0.149915726552287 -0.0506092575666167 -0.014709204984859
-0.253434587288112 0.276290167756227 -0.0375321969679029 0.0215399876645071
-0.115774216139337 0.322516986504872 0.00156748973423068 0.0410169792404496
-0.0694668468336396 0.331999169796464 0.0072413113637208 0.0389626002361937
-0.0462297407410038 0.314334335832725 0.0085022116309272 0.0437382037185375
-0.0857125945208956 0.344660085304599 -0.0102897029416376 0.0360738336308336
-0.207831224801328 0.331799801617416 -0.0286051981563602 0.0378352644179462
-0.309614061540722 0.259867830827117 -0.0528085156024186 0.0308168131407476
-0.426025111275312 0.0541863975834077 -0.0729081344800093 -0.00612092621335511
-0.392066079415525 -0.214979123335511 0.016431016288901 -0.0525833747910686
-0.309672001005321 -0.324046932120217 0.144583255262663 0.00338803472184707
-0.138678609220195 -0.326837655425977 -0.0717159157848259 0.156278243673013
-0.235929218977303 -0.357528463439603 0.0417303824143067 0.132918164884042
-0.318973861871487 -0.214656888966216 0.0258497871394671 -0.0140731106168853
-0.364390654529827 -0.0147916586625471 -0.0633992321582208 -0.0249092001087018
-0.325900567849014 0.148951221872461 -0.127227685727802 0.0342437649701054
-0.215185516644356 0.250707067902576 -0.105100939164261 0.120897051346393
-0.0996389321456452 0.289354146974096 -0.0392741058886403 0.160513615395197
-0.0650670851649718 0.293255356495412 -0.0171074711289631 0.158089512420607
-0.0547195035561584 0.274430094427946 -0.00713985856738464 0.153950234854508
-0.0957391042242006 0.289349849791028 -0.0225761004546588 0.127831805510298
-0.191628806974153 0.258498916481348 -0.049773961295947 0.0994809384282089
-0.254135301422694 0.182758364893751 -0.0566679741389843 0.0504874196590451
-0.33070029293361 0.0362517968136667 -0.0446522260173111 0.0123735849385722
-0.321116781380008 -0.173185257058552 0.0729540898607167 -0.00872180011380283
-0.274847751853197 -0.271007560225129 0.21816464140041 0.11624703881656
-0.130850344960884 -0.229986903070177 -0.00717068692254899 0.293862213437516
-0.203632157546928 -0.222449943892724 0.100455904258342 0.216774388000704
-0.234634286405705 -0.102288110185609 0.040353526758463 0.0382869808600877
-0.230072860391986 0.0160424389279504 -0.0765776454706446 -0.000389251369260946
-0.206928215045041 0.111607716220016 -0.167973825373561 0.0898592010644819
-0.138247672663842 0.177475572570176 -0.138355609345916 0.206970247551503
-0.066431299070782 0.207805691203335 -0.065983954635041 0.256560639213559
-0.0522156510813773 0.210103443159886 -0.0390012487654485 0.252554281703204
-0.0546542669727833 0.197290507915187 -0.0301625954874482 0.23661738597727
-0.0896049863354434 0.196329920569169 -0.0485404649893861 0.191411977765797
-0.148658466713321 0.150860600798358 -0.0795999436631353 0.134358162367285
-0.166841905067841 0.0846645667174494 -0.0662160362838887 0.0529558074400711
-0.197874734103616 0.0164013226530902 -0.025375765511907 0.0221964686329966
-0.215609190406659 -0.112629184646375 0.106411068283045 0.0314819967002251
-0.206220273195665 -0.189916476503414 0.261975603567494 0.209936575539831
-0.0873507916014308 -0.0937441573268682 0.054041901398883 0.376797659372664
-0.10936687079746 -0.0609302253353604 0.149089423368162 0.254964820034597
-0.0856132981798708 0.00191533215875138 0.0604952721914375 0.0813935928016512
-0.0556837032334753 0.00894293010453303 -0.0636058781811105 0.0268393098178376
-0.0681785999495716 0.0337277354545968 -0.163096594100905 0.13206298330289
-0.0518198320842974 0.0651103845703139 -0.13388134589243 0.258842348901408
-0.031952400873718 0.0901611275836851 -0.0725934837851912 0.313092683141118
-0.0323157293605207 0.0980985973263214 -0.0555356709487005 0.30842294462876
-0.0385809597999624 0.0957170483166975 -0.0588766041252015 0.284141166503928
-0.0546425757735117 0.0875086939385704 -0.0816151986085074 0.222849998474432
-0.0721449294580453 0.0474175294342169 -0.111536484427494 0.142583502612032
-0.0567157355683373 0.0121982720663878 -0.0752538236299184 0.0421655013209328
-0.0643083985060285 0.0252744487680472 -0.0123987776762201 0.0266998428660291
-0.111340670221368 -0.0253602246480943 0.115543330558856 0.0690976662183795
-0.128188374434007 -0.0845389567386244 0.274435284709112 0.276229661831583
0.0365894809336756 -0.0321176608543844 -0.259754766937213 -0.318775230134761
0.0309288889125689 -0.0803870403525359 -0.183483984788746 -0.115581078437745
-0.036343237911909 -0.0544316009104842 -0.0251647737947432 -0.0383117649400715
-0.0561595098871654 0.00926039728356995 0.0580111328231283 -0.0001410566097156
-0.0286405394267927 0.0263125608942858 0.14345673409362 -0.101183994881062
-0.0186807632483093 0.0323543782183863 0.123845413398658 -0.219848238358718
-0.00177499711132339 0.0265276928804318 0.0803975393295318 -0.298737827233877
0.00722752267853624 0.0305284687667171 0.0574960440959695 -0.329846003107448
0.014114681791209 0.0397702078655643 0.0574023887572163 -0.32847716494439
-0.000798131859501254 0.0655219839027546 0.0777656404862541 -0.282397891833006
-0.0498668773186518 0.0760508495264359 0.106293046828532 -0.192381075267301
-0.103114971730322 0.0475706624423568 0.0383510024881943 -0.0857259159441558
-0.102426748116779 -0.0571333769978956 -0.0536089014880787 -0.112754963406532
-0.0208474154547495 -0.0936770986137689 -0.105997900068867 -0.239225744842576
0.00220284434094895 -0.0552320672768611 -0.0753592428842034 -0.399327925082499
-0.0134947309474215 -0.144553268350352 -0.236855373370256 -0.324387128346751
-0.0348634165002464 -0.185123761037309 -0.154719767685856 -0.145007551324918
-0.112687964473107 -0.118255123257613 -0.0317308862102578 -0.0699624787064454
-0.161231050891497 -0.00112716196867295 0.0401988874591353 0.00231657808587199
-0.135031724228369 0.0745305514653877 0.133539152602938 -0.0824843478120253
-0.0936734456585799 0.124294613815207 0.127360012538789 -0.189177952233899
-0.0379266795716416 0.141128100336152 0.090420822954626 -0.261764654555081
-0.0200215883681914 0.158193247350678 0.057075648075236 -0.287529084919539
-0.00797327785789479 0.161671421580272 0.0414822572392763 -0.283186432266324
-0.0414602736919499 0.195304340282507 0.0398001294206808 -0.246633818809347
-0.136947045136298 0.193726891428162 0.0559328956496433 -0.170054724165343
-0.229922252828999 0.136019309136022 -0.00740756898439341 -0.0734281070064517
-0.27368942107676 -0.0534726484014411 -0.0922079682204887 -0.101740151248256
-0.178110564926175 -0.200102361817167 -0.117133376668245 -0.208541762199587
-0.110174365071404 -0.196693584742303 -0.0650421131403602 -0.344296786531333
-0.0519442608621644 -0.252823701166183 -0.207735992563214 -0.270018094827874
-0.0951464740269582 -0.296364723010109 -0.117611388702289 -0.13597128943382
-0.186567382502835 -0.196667909345453 -0.0283910824637838 -0.092145613166553
-0.267742037037589 -0.030179394601446 0.0187635646818308 -0.00872599699521256
-0.245945336336649 0.106855055067414 0.0953858179518652 -0.066990953645739
-0.17352892660371 0.200408737975394 0.0977662437729062 -0.139286969567114
-0.0783146199243007 0.238548019854157 0.0786560027080408 -0.18708978602419
-0.0437370665039052 0.260476551843428 0.0481480728967105 -0.202591208572356
-0.0220211960638046 0.255837724038978 0.0283733210472746 -0.195651942311102
-0.0604851920852794 0.29558888288054 0.011531938434002 -0.170865853637075
-0.184491737135448 0.293480107269021 0.0151969958551485 -0.114488045843121
-0.30319487601997 0.225741146342862 -0.0381825999799955 -0.0415436048171863
-0.399715884683737 -0.00644287223806609 -0.109354210588226 -0.0702814104197287
-0.31733900093006 -0.244139591815059 -0.0989189516921191 -0.157993310176045
-0.216278725269443 -0.293432213462685 -0.0174032547766286 -0.246106406741521
-0.0863174217996545 -0.333938061606053 -0.17291155711543 -0.159488141109413
-0.159403855681852 -0.384815078399857 -0.0727331828073096 -0.0768625971482493
-0.264146981003414 -0.260422246574286 -0.0139206290272877 -0.0921292163930543
-0.362662307325729 -0.051983013372313 -0.00568333126860416 -0.0244395286004545
-0.33958132713566 0.133501882720581 0.0304010557096625 -0.0471228726946583
-0.235024753512237 0.255384377693398 0.0368418701880821 -0.0678953907373928
-0.108131117939373 0.302443502157495 0.0460515036636637 -0.0825611211887498
-0.060136565743465 0.321402154078686 0.0304915702568766 -0.086942663175111
-0.0334217579386868 0.308793847960127 0.0187157956121505 -0.0800876676928936
-0.0711312347522391 0.34888712039596 -0.00390575492423261 -0.0687557780031229
-0.202800500855404 0.346768159273726 -0.0113487194643532 -0.03886234865216
-0.326093220852639 0.278235231721996 -0.0515891383776337 -0.00193559148544424
-0.452029816902446 0.0417598085408603 -0.0995455401096312 -0.0342257917110992
-0.396246888042364 -0.240266269116418 -0.0488250504799942 -0.10192890665209
-0.290326471502908 -0.330631321719197 0.0586492234459061 -0.124697592738022
-0.117075119310678 -0.363578715901954 -0.128898408301857 -0.00652661957787961
-0.214030986949169 -0.413364807652829 -0.0185815276844571 0.0231889216867161
-0.321642794127963 -0.273510530903993 0.00558204151340276 -0.064240058741027
-0.408517106031866 -0.0458860412316227 -0.0357434718437587 -0.0323803979435389
-0.372892350518562 0.152812595858602 -0.0534830761891122 -0.0136220628906391
-0.252461555231469 0.278734850706145 -0.0381287858017467 0.0233527511902741
-0.115669512112658 0.321890136146941 0.00291038304037886 0.0384802024363314
-0.0654769193519219 0.331819392093225 0.00705958131861265 0.0397119702372493
-0.0443053289697062 0.314256350636471 0.00840712652186564 0.0430864089601118
-0.0844079840516075 0.345226458090309 -0.0109154542109828 0.0377193039350252
-0.203880184912593 0.333824494146996 -0.0290353698211097 0.0392421364621572
-0.306554932815378 0.261012684189837 -0.0542120715293453 0.0324078311429509
-0.423914813435302 0.0566339113578108 -0.0722150905963869 -0.00538950436142056
-0.395350397504375 -0.212809117565912 0.0165416995136283 -0.0516844322916906
-0.307947155344525 -0.320877819041783 0.144368833208598 0.000571607285417561
-0.13431704047864 -0.327200303786701 -0.0738205533094175 0.15882669642776
-0.236746683348144 -0.356145471821165 0.0417212832372993 0.134705266474965
-0.318237738709542 -0.213545484982863 0.0227734572855981 -0.0167923170955691
-0.363363667137212 -0.0147676025084215 -0.064656689181169 -0.0245193700697213
-0.324125950111417 0.150125629757101 -0.129889992763514 0.0359064737689859
-0.21547650586816 0.253448248329898 -0.104955830487315 0.122052029998428
-0.0985341863110506 0.28821461720046 -0.0373103164259552 0.15677889609296
-0.0629366697715974 0.291937860615995 -0.0167485289123948 0.158609560210504
-0.052934774353435 0.274991329458939 -0.00705917191115455 0.153160459422251
-0.0938711619248758 0.28997864139979 -0.0226560470584227 0.128816105227613
-0.189557817474524 0.259800889351336 -0.0483182655905416 0.100580835114371
-0.252602979915822 0.183295892767669 -0.0574262080595443 0.0518699773527362
-0.328353845823926 0.03817628769422 -0.0442049503269478 0.0133735323476187
-0.323923102212254 -0.173517040333685 0.0721858954710801 -0.00733414642873629
-0.272399429226409 -0.269627915538039 0.216879423469394 0.112629651818119
-0.128138473258451 -0.229219352736587 -0.00954188270692791 0.294485904165329
-0.205136290747986 -0.2214592420323 0.100739915984594 0.217764416730287
-0.234594511298398 -0.101262845591395 0.0383005940305279 0.036119383097376
-0.229928707078232 0.0157222013028475 -0.0786080513848008 0.000327791626921259
-0.20647894294236 0.112700696984218 -0.170008316574878 0.0918946925990508
-0.138365851128394 0.17833197827431 -0.136902876039378 0.208286249996299
-0.0664198683551657 0.206642798575173 -0.0637509609524077 0.25309964931915
-0.0510530640628267 0.209489402254506 -0.0381201758158564 0.253031195025077
-0.0533336971434757 0.197883964943154 -0.0299987223569994 0.236489716419741
-0.0885502838789573 0.19696713465125 -0.0475000210548267 0.191874179291675
-0.147075582682743 0.151636641089718 -0.0779346393996927 0.135053507908835
-0.165430215069271 0.0843607062106627 -0.0667117601554997 0.054846642879285
-0.195065843430233 0.0170872449398384 -0.0256053774660111 0.0231974116586472
-0.215587163640114 -0.1119699025002 0.105375094485443 0.0329503149978157
-0.205221938348559 -0.18936013472419 0.261183540155173 0.206133834493133
-0.0859542091850181 -0.0930606626722297 0.0525704075886732 0.376139637920387
-0.109836412590665 -0.0604571089349176 0.149332108144975 0.254575021497367
-0.0851647349757997 0.00290713217684878 0.0594575494923821 0.0808235157304287
-0.0558278917373151 0.0084190634937441 -0.0654922968713809 0.0271803388108597
-0.0682668825655423 0.0341225479984883 -0.164394377429944 0.133871602531163
-0.0536004897086086 0.0650934882189387 -0.131653943571601 0.258947685304679
-0.0322392882084788 0.0895748496873621 -0.0705171904856256 0.310729040827323
-0.0312351514127772 0.09759708674643 -0.0547659051299666 0.309927040578632
-0.036953861307191 0.0962752901922054 -0.0578273912086163 0.284125734817901
-0.0532523722357874 0.0882195802640426 -0.0797218705448598 0.222142028086928
-0.0717831758327426 0.046573440033544 -0.10894952447207 0.143312077641572
-0.0565122904414042 0.0112640906966276 -0.0757653716088124 0.0440062288735581
-0.061756817204033 0.0250842210719935 -0.0133002810773585 0.0278056105367536
-0.110933269150867 -0.0246667878251372 0.114178025313911 0.0696825031217821
-0.128515471254607 -0.0848157302235559 0.273232645637133 0.272934345450147
0.037066741037563 -0.0326411551863986 -0.263970551099731 -0.325047809077563
0.0311236906012812 -0.0826045937829704 -0.186738081304194 -0.11591896524541
-0.0359337690879934 -0.0555920099186306 -0.0258523326336725 -0.0396472010786855
-0.0559949573341405 0.0108719721461571 0.06008420345164 -0.000105695344125368
-0.0280609782248162 0.0268411239082677 0.145151536872157 -0.105198049562599
-0.0171279095989902 0.0333244538767933 0.123549081429046 -0.223480363975513
-0.000968237430179762 0.0272093281613109 0.0806310959992814 -0.30190370429738
0.00656783473592912 0.031083301623691 0.0573688440925967 -0.336647960123149
0.0144746146503618 0.0403003060971612 0.0572753653745783 -0.334609141407787
-0.000866853249002517 0.0664348322304744 0.0768049758190819 -0.286969368819023
-0.0505957554882669 0.0791672542147307 0.106265066241827 -0.197333820940877
-0.104412134024986 0.0505141074163901 0.0386277705291868 -0.0879728889684622
-0.105278741319053 -0.0573251601508412 -0.0529363469856568 -0.11559761518477
-0.0218389225611948 -0.0954250436448383 -0.106850734220544 -0.24603667239832
0.00323877333935809 -0.0539888177215203 -0.0774731907304266 -0.405479763615122
-0.0119675846826121 -0.147748953851963 -0.241373274963427 -0.328321848768214
-0.0357486293776241 -0.189304648780196 -0.157438259616389 -0.145447960458433
-0.112863911045668 -0.121219502891379 -0.0333924157200611 -0.0725992134516248
-0.161706127659338 -0.000712159977285351 0.0412214898604862 0.00226750421167548
-0.135298810145558 0.0761158893353597 0.133419380738639 -0.0844857666764642
-0.0936732250546772 0.126860130196722 0.127058049643606 -0.192072931324229
-0.0386720213993219 0.143921931765795 0.0908451098317902 -0.265814547154638
-0.0198517749819721 0.160321759662006 0.0574786125958628 -0.292999913074864
-0.0074540704784397 0.164411999864457 0.041231553071879 -0.288381116747288
-0.0412324077590589 0.198286410262139 0.0377935714064898 -0.250065226960752
-0.137778267445049 0.20031125057717 0.0547465560291281 -0.173578911150807
-0.233129704378337 0.140328436929696 -0.00831330365788822 -0.0746171669266141
-0.279717773664659 -0.0537476024747802 -0.0929639821585228 -0.104795796052486
-0.18257736908126 -0.204069056041248 -0.119030301740198 -0.213571789381824
-0.11017051145632 -0.198599897946329 -0.0670215030430437 -0.350723452054076
-0.049870829091655 -0.258025796065118 -0.211016971654583 -0.272851732928918
-0.0974732446278983 -0.301781915865612 -0.119356448509184 -0.136431030091033
-0.187701458668109 -0.201345935078932 -0.030908862306915 -0.0954864952294994
-0.27045161637578 -0.0308771891335644 0.0194473471295695 -0.00796223516663631
-0.24902433397668 0.109308658671709 0.0949870080643422 -0.0675556378351356
-0.174317238506145 0.205619673072659 0.0976786871170275 -0.140646353474175
-0.0791608477643334 0.242186309247832 0.0799909522715165 -0.191281923122091
-0.0436377896911425 0.264451906908502 0.0491192253029403 -0.20651232031105
-0.0218957187289207 0.260599216301456 0.0280729746917085 -0.199402657028808
-0.0614218680905672 0.301037317979877 0.00966167781525532 -0.171670170615076
-0.185752346988978 0.301421858612116 0.0133087195307265 -0.116235368068592
-0.30783934411023 0.232613206459548 -0.0399316115678246 -0.0410739639676956
-0.407777719701691 -0.00650279166571096 -0.110566845196281 -0.0723945082431794
-0.324267971578762 -0.249587783976234 -0.0999522774239108 -0.161058063166115
-0.218277489183168 -0.294982032703532 -0.0177374078725453 -0.251461026135227
-0.0849951275679897 -0.341241145431967 -0.176061795916539 -0.160675543294643
-0.162425596282068 -0.391809694803104 -0.0732882967933886 -0.0768609946878301
-0.267739959024594 -0.265681419236801 -0.0171619265029221 -0.0959917811069241
-0.369120955178167 -0.0537629554400613 -0.00543190961629569 -0.0240385056764541
-0.343099917269735 0.137263996989447 0.028390163915201 -0.0471324363386333
-0.238091725297478 0.261811756342895 0.0371487506644456 -0.0675481351493413
-0.109826248283213 0.307319387950191 0.0475022360489892 -0.0864821981978984
-0.0596805829047753 0.326173021699805 0.0305127126324506 -0.0885572996295164
-0.0329908861950347 0.314357935528288 0.0181981261670786 -0.0818328464091592
-0.072259359769225 0.355157284850211 -0.00525433574472755 -0.0677933078138098
-0.204137129756391 0.356252812277648 -0.0121807296562826 -0.038857370764966
-0.329700391204262 0.28541289955683 -0.0530924311645352 -0.000765186886394205
-0.460246851765986 0.0441295215101729 -0.100219678866074 -0.0349375086770361
-0.405452938106104 -0.24589374840613 -0.0496488970716724 -0.102389138194754
-0.292027486731632 -0.334410353503283 0.0593680412844222 -0.128516356752662
-0.114374585060946 -0.371491706490301 -0.131918240558982 -0.00428522536122835
-0.219840194196507 -0.420666772692639 -0.017633442345177 0.0261060995599756
-0.325833504063722 -0.278172562889348 0.00239104219151142 -0.0677274524931748
-0.417200811458303 -0.0467183736453176 -0.0363025128988476 -0.0325982545291928
-0.380110484420455 0.156770080169552 -0.0574222157179208 -0.0125845250047944
-0.256004419527742 0.285833404012728 -0.0397348602942075 0.0258239453214906
-0.116933609349373 0.32627588397782 0.00418374384314645 0.0357895868712125
-0.0656366174367101 0.336873577720018 0.00711373649632286 0.0408399013093956
-0.044325469600154 0.32036660677744 0.00802835165920648 0.043520585194742
-0.08556844939486 0.352217358396587 -0.0116630322837712 0.040995477937706
-0.205925433574243 0.343214645169351 -0.0294959507769985 0.0402667760967988
-0.310194442625393 0.266639021775411 -0.0557896233012185 0.0342960497388093
-0.430651277349782 0.0595045523293095 -0.0729345107858352 -0.00518161629163263
-0.403214308656531 -0.218509703356751 0.0162896556066792 -0.0507975607461223
-0.310290207850096 -0.324900238934571 0.146450465610813 -0.00239766429335415
-0.132794177410343 -0.334365054894756 -0.0766771603609688 0.163822200375454
-0.243635470836787 -0.362231195713321 0.0430854835346202 0.139202195160478
-0.322968284698762 -0.218698512281939 0.0197655122321813 -0.0190659411762733
-0.370477873841826 -0.0150743654902599 -0.0668859312249008 -0.0240824399564622
-0.330176588916773 0.15378761300885 -0.134859158066177 0.0379444454844356
-0.219569662286767 0.258482149665591 -0.1064504590728 0.125882422699123
-0.100337691789379 0.292965964827195 -0.0372726330062697 0.156088876030528
-0.0621533367630962 0.296486455942636 -0.0170380202645219 0.16213720731941
-0.0525685795519977 0.280095635292144 -0.00702216120494564 0.155895228353121
-0.094567359344446 0.296062124753994 -0.022800055716462 0.132788111966332
-0.190462075852494 0.265447004281702 -0.0491446411416049 0.102849657673975
-0.255498415766662 0.187325793619894 -0.059494059968235 0.0546032820051462
-0.332651665058563 0.0399109593265736 -0.044992122145919 0.015069787856269
-0.330449224068092 -0.176390924490838 0.0735446895706389 -0.00518162734537958
-0.275128844925576 -0.272772727585053 0.219205663867953 0.111263251551195
-0.126822866322344 -0.234127430337262 -0.0117303616149836 0.301875156807556
-0.210303929945622 -0.225253893673094 0.103221494723809 0.222813634603267
-0.237496342957972 -0.102085747331746 0.0362169761283112 0.0358878247363475
-0.234258823541835 0.0156267657038217 -0.0816784196609208 0.000384950510725168
-0.210263334140735 0.116061074825228 -0.175032543976799 0.0946792789836259
-0.141650357186106 0.182992535977597 -0.138730149757464 0.211785072315366
-0.0679882626853095 0.209759606861251 -0.0637292786244869 0.254449798540865
-0.0511170262947209 0.21241252913296 -0.0395017488284542 0.258312203658445
-0.0530463989016915 0.20226010578788 -0.0309439784309212 0.240637094812873
-0.0890041290271691 0.201655484375577 -0.0471274108290273 0.196148697475798
-0.148177346761591 0.154371672776912 -0.0778234607295252 0.138054394829056
-0.167472802665822 0.085321259470571 -0.0688008991670839 0.0565413003560937
-0.196716318466703 0.0172864100091552 -0.0262416333163521 0.0255503880093393
-0.219966913061026 -0.113584365366978 0.105929146563413 0.0348905291868041
-0.207762059476428 -0.191774791243041 0.264433503725009 0.206031430174085
-0.085602278070038 -0.0945001634820545 0.0497170847921748 0.385161434462936
-0.112655975823183 -0.0604334709072929 0.152090133112017 0.259539695450322
-0.0857091231662661 0.00417609466393373 0.0584749010157124 0.0820571986669593
-0.057137861818842 0.00797879268250656 -0.0685656974917854 0.0282984120418544
-0.0698482532183336 0.0350498411902787 -0.167787267443802 0.137501394836768
-0.0551501231661252 0.0667177479981684 -0.132127468311143 0.263676629917822
-0.0334700751757951 0.0911454744362216 -0.0711773652094217 0.313583238432932
-0.030912271605673 0.0992211932560932 -0.0555040604013097 0.316238456625481
-0.0376102652613242 0.0982992503655538 -0.0583622085426959 0.288888979232444
-0.0535355482611959 0.0900992556053671 -0.0797735592160499 0.226447656012677
-0.0734613408906031 0.0473414837975031 -0.10929061550958 0.146048287106288
-0.0571409907089601 0.0107289443134572 -0.0772908014305025 0.0448798918062539
-0.0609989170233035 0.0253090253813131 -0.0142601648634758 0.0305708989085339
-0.113535174992619 -0.0251322807637502 0.11547372850253 0.071960421300263
-0.131003772405006 -0.0862614362556293 0.276440230032665 0.273897001337281
0.0094838676535591 -0.04939869269484 -0.419198189683684 -0.10312541054348
-0.0247570757331436 -0.0844984734339669 -0.224888836823474 0.0195336883027846
-0.0626391195853599 -0.025311457507239 -0.0490516266191732 -0.0177109149415525
-0.0376780084817829 0.0404780561318406 0.0489629146525565 -0.0364524242201669
-0.00683715740977713 0.037588973642989 0.0509779168726898 -0.174219916285532
0.00658458887576358 0.0370664654301915 -0.0403046515994343 -0.257035970393998
0.0148462072206792 0.0235206095994714 -0.125431945018 -0.297434300278638
0.0240573017244204 0.0205982891410018 -0.165123419098626 -0.310819415319628
0.0356000131735568 0.0222161318189572 -0.166116560817908 -0.310002217211271
0.0404107754671421 0.0546550413796622 -0.118504071766667 -0.283688587222906
0.00945415560004351 0.0982041911851674 -0.0386796546968521 -0.227165090022801
-0.0558248248084641 0.107881535699265 -0.0232970859344597 -0.0974623580803749
-0.130346501846858 0.020326737155606 -0.116409451833791 -0.0626117272189005
-0.0845270016250225 -0.067750484225909 -0.246648852196397 -0.134248410493091
-0.0335390845493811 -0.0535181242181847 -0.326614386407493 -0.282937648810848
-0.0973861066134686 -0.118756595148312 -0.41070397104628 -0.11363977173341
-0.141128377073535 -0.13193947397081 -0.224688541585344 -0.0234819514034897
-0.165217608572146 -0.0343104246179531 -0.0809342518595463 -0.0378011286445704
-0.129743306527339 0.0920638660184382 0.0321860669739447 -0.0180977973330829
-0.064893888678624 0.141595860878428 0.0546725981418076 -0.147753856271903
0.00137153176399795 0.159626096712645 -0.0186729083878227 -0.22976633388262
0.0562498173765447 0.140125917197784 -0.0929926396389367 -0.273350561777205
0.0840650801436471 0.143722447304419 -0.138230888731762 -0.276201438401846
0.0954656907469441 0.139127694404771 -0.151786376367134 -0.262476548145437
0.0915128951208724 0.189853743648851 -0.128079280432522 -0.228513187894926
0.014305239102662 0.255513070320388 -0.0636024655657496 -0.175437702480581
-0.107371158616862 0.266016372470182 -0.0522864682965264 -0.0574315812881533
-0.277082789289236 0.13742097962069 -0.139591450122241 -0.0286544851656009
-0.29100325727695 -0.0531347098964589 -0.232607147894604 -0.104490729042438
-0.222247592062453 -0.100139760759802 -0.272912695797269 -0.2456436134478
-0.192513820395167 -0.19117844259146 -0.358559952211454 -0.0835245487625131
-0.256253508762849 -0.186806837194308 -0.192785793645541 -0.0409999638215502
-0.274252896868998 -0.0558282935613671 -0.099381476687072 -0.0570418455249296
-0.23635373717853 0.130852582601846 0.00401359839416626 -0.00974903535327509
-0.136946653191296 0.23702615259482 0.0331417782223086 -0.106341690407859
-0.0161301411480477 0.273181186795927 -0.0108534484951373 -0.165751809497841
0.0834087487790059 0.244985542718996 -0.0535068842690243 -0.204756563008301
0.130695216372307 0.243513540204134 -0.0904144502740195 -0.199744665140916
0.144500791434976 0.228876764887055 -0.106302040644022 -0.181747866080423
0.14049533560767 0.287827807512155 -0.10122761376408 -0.146277543883402
0.0410093901973987 0.371236359554891 -0.05897376736094 -0.103204789509265
-0.111539707738441 0.389134173832851 -0.0561192588254233 -0.0101188079501288
-0.354482037551679 0.262489694569302 -0.131766509647445 0.00895299681787558
-0.439918572058964 0.00270939828204294 -0.18082333539872 -0.0778354688280523
-0.376100353502325 -0.109566735577267 -0.161957746162806 -0.199600008102272
-0.268288987469731 -0.240877592802114 -0.265010734150496 -0.00990992816873519
-0.361424683148332 -0.221287610234284 -0.122050938127012 -0.0212875065879282
-0.377363441765101 -0.062428831255008 -0.0927388114124613 -0.0641056142630483
-0.329242303243462 0.170584853896285 -0.030020517251619 -0.00303953545096109
-0.196489386514846 0.31650859267615 -0.00827284228845637 -0.0460789350544817
-0.0324284503657909 0.358994809896922 -0.0153248497650614 -0.0662862248788932
0.0995781351832427 0.315591525268365 -0.0135597962820156 -0.0981954268986853
0.156024205994004 0.304750954182489 -0.03101749820953 -0.092390086730958
0.171220077139184 0.281931785084551 -0.0406469661395126 -0.0794778320706667
0.166690200616495 0.340328509278903 -0.0476467410927086 -0.0519671140416804
0.0603327887900646 0.428712378607053 -0.0299533117560661 -0.024475682346498
-0.0958777992245001 0.448142358313977 -0.0408596402071722 0.0309052020466372
-0.366060860412268 0.338936923641378 -0.099163891053342 0.0328497749356887
-0.504981075029542 0.0585883695107171 -0.100717907046354 -0.0651851326723461
-0.462963861865696 -0.0929256387754795 -0.0150336390328885 -0.151102566025912
-0.310976038567353 -0.248835837915128 -0.133173029100771 0.0925909246922417
-0.425100005679267 -0.212235143462031 -0.0157156255688679 0.0286939598867625
-0.433184920573196 -0.0371646158072108 -0.0613363644458883 -0.0497157827334293
-0.36465099144033 0.203329977429953 -0.0624703112171808 0.011733030959223
-0.212873275425784 0.354631976203689 -0.0563538606130047 0.0360980801292051
-0.0332179943263097 0.388530710451961 -0.0190679120065583 0.0580176844808475
0.104735782367424 0.336029061324437 0.0277467540250731 0.030079179196133
0.15715186768571 0.317230083240175 0.030751732758438 0.0282016116185291
0.166489974330427 0.295053171410083 0.0303800092530102 0.0293912034240106
0.154965896867618 0.346013483747553 0.0159465214222541 0.0414534365137632
0.0496992744901332 0.418187801148563 0.00693706871813303 0.0504676260864788
-0.0899848412830054 0.420870909388564 -0.0214757002945299 0.0610197473392891
-0.329731097818566 0.333318104611054 -0.0574547824345259 0.0404213151207343
-0.483459690192007 0.0801873694293074 -0.0133637644163954 -0.06480647519248
-0.471561043041707 -0.0723921124130306 0.138244130539356 -0.104208994705942
-0.303558050217992 -0.206253362926659 0.0183419530704544 0.196004699946248
-0.408056425261366 -0.149924926417888 0.105622666423114 0.0835769817160317
-0.392524382580288 0.0110420550927335 -0.013741173353631 -0.0184898897529049
-0.310592103044733 0.202781984293436 -0.0807014173541832 0.0372237918334354
-0.174909549755327 0.32347568708097 -0.0876866823527188 0.124955980788548
-0.0194503602030757 0.345450714037703 -0.00993708066319105 0.179806492192793
0.0982442896481717 0.298750844956789 0.0695027775150856 0.154366022320682
0.134331949453491 0.283121629132595 0.0868836304691454 0.142583160234453
0.134107512846216 0.26722755986786 0.089662397297981 0.131469693631306
0.111713040170015 0.306059013034624 0.0652562405342322 0.123424093432525
0.0126079264609122 0.344772118022736 0.0301986314372178 0.114053046846362
-0.0952053476994393 0.318549703705596 -0.0124575902156458 0.0811181232031074
-0.256998396183774 0.251951397145164 -0.02265150295026 0.0403479869408181
-0.391714089181374 0.0671055221207412 0.0617765837961689 -0.0618274402239079
-0.407130088513203 -0.0493840971783345 0.269796583209428 -0.0581152232835118
-0.239349985637175 -0.12437376604109 0.163712509827312 0.267217674684228
-0.300211017251928 -0.0593076753210594 0.210559127525119 0.117841219336444
-0.253766735942931 0.0569943903372975 0.0403322547871428 0.0162379347156558
-0.181021847170274 0.149431655388011 -0.0724456915709123 0.0622749836965784
-0.100371140559855 0.220368554765822 -0.0840602981919966 0.193035423060865
-0.00262254006230808 0.236195876324276 0.0187543925300802 0.266105923332189
0.0744108427131972 0.211405118007079 0.108335351483156 0.251119513405676
0.0914098463444074 0.20744033301592 0.129125062767491 0.2361196513024
0.0847001399833729 0.202514565651135 0.124690639913796 0.215690652184545
0.0565087146029569 0.223438762569465 0.084778371556295 0.190098381082656
-0.0238122567915711 0.225241047654907 0.0273833225158866 0.161101028625528
-0.0866589261206336 0.177096243053291 -0.0189994937253636 0.0902895363411356
-0.154797806356173 0.142308545523802 -0.00212153062849613 0.0384211378759689
-0.257400609871264 0.0481604898009939 0.11333095483658 -0.0465218905843877
-0.296229100802123 -0.0235440121597934 0.363535899130354 -0.00907185124118064
-0.124042848055664 -0.0302261389468654 0.273273325488193 0.292324861520492
-0.124748401879007 0.0172716846816563 0.281179534383252 0.118931654004095
-0.0656791033371639 0.054271984361417 0.0964901456183014 0.0361924503324572
-0.0419432745345576 0.0398542949815225 -0.0403851796300103 0.0706144904036892
-0.0346805791508591 0.0711235180619002 -0.0511964227082364 0.219496788925467
-0.0029837144124967 0.0886832269952199 0.055863723242707 0.299537390125065
0.029808711188496 0.0934122129602368 0.13908028601477 0.303610933791134
0.0374474974691052 0.101478413325722 0.152530854657741 0.293976449581102
0.033283732772448 0.106297453670119 0.133848791232196 0.273634229944715
0.0146340907655595 0.108314582773794 0.0776141910922757 0.234974174299421
-0.0308536621497785 0.0872367143382937 0.00598455099436455 0.18776716405051
-0.0422454294675199 0.0444935890086526 -0.0333858162654098 0.0870414527907461
-0.0338679398575776 0.0603691342554754 0.00961373736799913 0.0354863830454205
-0.109636890224803 0.052542044661626 0.142000221524428 -0.0179699826776429
-0.163927176291068 0.0171957084759653 0.41169295247997 0.0404326923574575
0.00815657753868284 -0.0514484453623477 -0.438567529267358 -0.0892875318481223
-0.029675865210957 -0.0870457994612312 -0.230616768628649 0.030586338312845
-0.0667043907202437 -0.0249184342354652 -0.0524164387627043 -0.0168882693178997
-0.0368442329175124 0.0424270179963391 0.0496641992083339 -0.040958736571939
-0.00561933197299941 0.0382101134410536 0.0443859189140189 -0.183111718648876
0.00910637598142008 0.0367247986438083 -0.0527496339619393 -0.263142258263049
0.0172942470883272 0.0231271913646817 -0.141356953650794 -0.301190803338281
0.0258917168552255 0.0202854530229201 -0.183590519921288 -0.315345093208159
0.0371460754229697 0.0213753436160966 -0.185745341608171 -0.315053174478443
0.0439286489649389 0.0550061379968006 -0.13518076058227 -0.288141366332593
0.0162962839682946 0.102016210995855 -0.050994819454231 -0.233705769554567
-0.0525530927531458 0.115590917783279 -0.0281493470897689 -0.0998230081856172
-0.135184443425123 0.0268300841285819 -0.123707441695789 -0.0635738929745569
-0.0903723717313295 -0.0666490021606625 -0.262834220423446 -0.131185440789961
-0.0346070821782429 -0.0544827701818408 -0.346405039004386 -0.279407746333682
-0.104802973279823 -0.120946472101556 -0.428614476515805 -0.101177132338938
-0.152383890858496 -0.13117170987805 -0.231557914630154 -0.0141370416564033
-0.173213454594474 -0.0306697422858194 -0.0883321020185079 -0.0363705892281128
-0.130037184435951 0.100045841868709 0.0333694827596802 -0.0216949896746249
-0.0605408633152866 0.148936338262698 0.0494912917435136 -0.154859371420562
0.00939835572011319 0.164533966637439 -0.0290212671129409 -0.235713996232423
0.0645975815251144 0.142521436603911 -0.107690020846014 -0.279794692665458
0.0933623713651637 0.144799122744907 -0.154849848162722 -0.280777120717625
0.10403987828198 0.140248271392473 -0.168654536481401 -0.266345800441802
0.102779948202466 0.193682651767048 -0.141528101651114 -0.229149191296001
0.0283247192185848 0.265160685653443 -0.0746266005496536 -0.178207111753193
-0.0990850783051302 0.280676634907528 -0.0562361520964876 -0.0567980488652365
-0.282220016335883 0.154762827293288 -0.146942917456103 -0.0261273776403721
-0.306282464943533 -0.0430131681209529 -0.246501224475222 -0.10019606009752
-0.23156383688141 -0.0962761434345343 -0.293046170537386 -0.242796616375948
-0.205944466448483 -0.193533542698878 -0.373774533110157 -0.0715071461235444
-0.273737819749947 -0.183153033538276 -0.1987445451498 -0.0338593407660477
-0.287012423944307 -0.0498336742891094 -0.10783954207386 -0.0555169080843612
-0.238993567328598 0.144233149767225 0.00518610645584996 -0.0110532848197257
-0.131127271545211 0.251494534920594 0.0288382500936893 -0.111286867653974
-0.00442007357180054 0.284064336675088 -0.0177152486033846 -0.169385011741562
0.0965143560179464 0.249620907331423 -0.0657597330872831 -0.211194845208084
0.145133579759501 0.246428704775652 -0.101835487493138 -0.204138250690181
0.159078081666036 0.230793215266689 -0.118168500921464 -0.183994278182011
0.15777793466459 0.292965211515029 -0.110257233520089 -0.145110684067907
0.060349439055397 0.384268534121763 -0.0664117984169443 -0.103779638870249
-0.0970039458990853 0.410336191842717 -0.058776475322262 -0.00700945980181322
-0.356168634752152 0.288459511886304 -0.137133219614678 0.0127876313238212
-0.457862636160995 0.0210499218631659 -0.191087536330001 -0.0739077227686175
-0.390496118314214 -0.101113582665151 -0.176690027702241 -0.200176054567625
-0.286069951070273 -0.243700199591925 -0.273650886994943 0.00104895163130236
-0.385116711895812 -0.215440446133981 -0.124698191366665 -0.0165066179657325
-0.394817552492521 -0.0538991325826423 -0.10232814263691 -0.062058835503922
-0.33482759666861 0.189294455483752 -0.0299014648941981 -0.00275043811214228
-0.189297835055093 0.336120629809205 -0.0117011958974373 -0.0462210521824235
-0.0177088717494114 0.374496758323618 -0.0171716940146492 -0.066256115853278
0.115427178694615 0.32335100672291 -0.0198628722335737 -0.102845186350774
0.174008800255753 0.30880339682606 -0.0357497113919497 -0.0953597289015639
0.188508099544707 0.285044636352082 -0.0454783394920472 -0.0803669589832733
0.187201627710834 0.346330730937984 -0.0495579457644935 -0.0495374806942824
0.0828838533757916 0.442632732063209 -0.0323315600238976 -0.0231339042738738
-0.0791740513430451 0.468328176278549 -0.0410291161333927 0.0355893667121636
-0.3655858768584 0.369346210803954 -0.101064009567351 0.0371672615756949
-0.523862463730802 0.0831518307447283 -0.105851723413395 -0.0630036636996749
-0.479384155359587 -0.0808334383078298 -0.0239514137165502 -0.156793999688028
-0.33181052911796 -0.250593792022958 -0.133168099006908 0.102521504821942
-0.449269278470978 -0.203543715914783 -0.0120936247743616 0.0306918481639251
-0.450203305473043 -0.024369660590675 -0.0688103918531623 -0.0490476133668622
-0.370542277531225 0.225432501362985 -0.0635365823715379 0.0143684555995722
-0.205371013572619 0.377193023138023 -0.0582199776391926 0.0417897915902061
-0.01687498376182 0.406253629032101 -0.0159900538353126 0.0625689218011046
0.122404634163732 0.345059410146067 0.0276276332399995 0.0275578963394151
0.175918472930029 0.322800992352522 0.0337077216629402 0.0277881510434065
0.184765059010819 0.299508451877258 0.0331627717742943 0.029373432234686
0.176440242238746 0.35372926553287 0.020125985197667 0.0439877686293061
0.0715837163869808 0.433709918902269 0.00876775131290347 0.0529952927910255
-0.0759633217504605 0.439722655595153 -0.0195528121242176 0.0668676097328411
-0.327302063489614 0.358273752456001 -0.0569404548742903 0.0444305932978813
-0.501533455185944 0.104932583368638 -0.0141650428494182 -0.0660211194032381
-0.486859685003729 -0.0575631831486862 0.136259224956305 -0.11495486371945
-0.322439074706342 -0.206135623647518 0.0283121964345917 0.20432791536965
-0.430909531118215 -0.139858809696463 0.11502935666159 0.0830773849816205
-0.405586411248183 0.0253764511242842 -0.0179332460779875 -0.0175116619029981
-0.313682349137662 0.223522035985061 -0.081337120678214 0.0417657278112237
-0.166823280616335 0.344304488189716 -0.0868048365720487 0.135578818345008
-0.00437048722073032 0.36090275237442 -0.0016030795561257 0.187678999380926
0.113789573082146 0.306508810666944 0.0751312631784178 0.155243837819434
0.151099242056416 0.289152462824258 0.0961844259463223 0.145560678048194
0.150461147681983 0.27094579748575 0.0986560715168901 0.133183601677138
0.129113640040995 0.313430895920447 0.0744832466668468 0.126009662233813
0.0296334609926694 0.357876661845187 0.0357254160718666 0.117831216606074
-0.0852001471364726 0.332683822530273 -0.009013587725121 0.0869345712562652
-0.254404746827216 0.270399286624697 -0.0200819010128422 0.0436892115476442
-0.405510035500733 0.0876597757004799 0.0637446443708291 -0.0655745048567122
-0.420337076705687 -0.0360622231465845 0.273083826812406 -0.072044797713023
-0.253060691980356 -0.122524711356814 0.181052048879542 0.273647530949677
-0.31397026186804 -0.048283689831219 0.2244457679913 0.113131119347834
-0.259828924778221 0.0674949198309394 0.0408092430509302 0.0167492197991795
-0.182361248308711 0.162637866728333 -0.0724543752611541 0.0696271626302312
-0.0941857358341406 0.233309699153384 -0.0801341775870694 0.205559880004293
0.00727038110650153 0.246915917832321 0.0310328419767641 0.276063146677852
0.0850346499289089 0.216916879931462 0.120223665833748 0.254822861131934
0.104087768876451 0.211538718883471 0.144029852969623 0.240420289238048
0.0967981713787953 0.206663390215985 0.138553185813585 0.219595420666708
0.0695822510786349 0.229919677718626 0.0978096677291874 0.193373981206453
-0.015050024232559 0.234585274598466 0.034979093786584 0.166069805882949
-0.0830760487440516 0.185825589949331 -0.0157912632793879 0.0966546904818409
-0.152733998010717 0.151963031008434 0.00180292841215727 0.0418065265389936
-0.26571672242301 0.0616145884225404 0.117109183096771 -0.0516382868486415
-0.305939240684681 -0.0124807366667166 0.371895031762503 -0.0249220769284134
-0.130073951422848 -0.0285368849544029 0.294858521853571 0.293620737305266
-0.12846422116866 0.023473273666398 0.296355803635744 0.111627783182739
-0.0640997654597342 0.0577525895504538 0.101036546914372 0.0352597861759825
-0.0422289313237215 0.0438803975664897 -0.0388999817517931 0.0767788151527932
-0.0332036078230052 0.0754239548526122 -0.043952001014764 0.231729164118831
3.73067322806697E-05 0.0935092897707883 0.0711147150877728 0.30815170105649
0.0343567461005324 0.0965698019948552 0.154664378895866 0.307979947219946
0.0429858574699231 0.10399706979928 0.170467412799309 0.300526186601716
0.0395889633707746 0.10852410510145 0.150082819898573 0.279703409085681
0.0200781438625077 0.110851100319305 0.0906700480738872 0.239599075890262
-0.0294390076290252 0.0918157242331589 0.0142903971266121 0.193232080051646
-0.0427024901755272 0.0475363166083248 -0.0313420789318329 0.0937050731441929
-0.031712805384614 0.0616987222196666 0.0134952236686896 0.0393944761387109
-0.111438203053598 0.0600611152428652 0.147945925319347 -0.0237740121200756
-0.168757342523664 0.0257786920204733 0.424254326126351 0.0239410305974294
0.00500237106930378 -0.0527199561725226 -0.452774683976217 -0.0635691492220375
-0.0366322544347819 -0.0872202800563936 -0.230970538554501 0.0473111659667098
-0.0709374509095319 -0.0214559354021814 -0.0561241973670702 -0.0147123240907571
-0.0345007574956821 0.0446280648361767 0.0487324189966016 -0.0459369973035946
-0.00347436789850508 0.0389527132369929 0.032561719883538 -0.18874231319916
0.0128788760467145 0.0352772393379092 -0.0703084943330947 -0.262520588647071
0.0195907676859665 0.0214895161964408 -0.161843047013133 -0.296043985300712
0.02727329347454 0.0190679982477743 -0.207266367593043 -0.310504715543998
0.0385148873828542 0.0193058696882006 -0.208820643713104 -0.308685091939663
0.0482223780855137 0.0534229524166031 -0.155751478213055 -0.282967762366686
0.0244770238495262 0.103171888060728 -0.0681647886816883 -0.233292706608141
-0.0452179332964668 0.121513350168907 -0.034225970412272 -0.0999950167597708
-0.136665102461573 0.036770531816191 -0.131953507385139 -0.0597119963973566
-0.0964403438425213 -0.0630274557786775 -0.278529021674191 -0.117366853291455
-0.0372693776116498 -0.0545304123764812 -0.365414603244279 -0.261683096329167
-0.113743592916367 -0.118480810935014 -0.44233246944104 -0.0769085020264851
-0.164024031603066 -0.123991345727186 -0.233316504676119 0.000717084239329358
-0.179483549999616 -0.0223403543929696 -0.0938161941349352 -0.0313083954614193
-0.126072495063962 0.108841374664865 0.0333019117029109 -0.0252713752430928
-0.0518752486035431 0.154664733967054 0.0394673249707496 -0.160611140083565
0.0213680609168683 0.165716136005712 -0.0440671922875343 -0.236356100495353
0.0747079404720614 0.140271723164737 -0.127449154335582 -0.276497259413913
0.104288875963035 0.141443928132165 -0.175305250495586 -0.27697152700541
0.113913143068195 0.136040813185613 -0.188533372963879 -0.259996005383637
0.1167313445886 0.19082383805642 -0.158163060514963 -0.222297090923673
0.0481432210826546 0.268201916577317 -0.0883186674099323 -0.175044687344717
-0.0820835053545396 0.292374207418997 -0.0601829385046393 -0.053323206251594
-0.278625030846006 0.176341775954278 -0.152035981633284 -0.0200603631610202
-0.315799789969392 -0.0245322262767037 -0.257671063983994 -0.0874751682215737
-0.239240632559676 -0.0855954282895918 -0.310433360488101 -0.229075700443218
-0.221329018689806 -0.187786185446473 -0.383558549535305 -0.0494686065517733
-0.29134399366502 -0.169354822013186 -0.200984551730822 -0.0217490787438724
-0.296814315642672 -0.0358007008458635 -0.116665012056877 -0.0493313377615586
-0.234705003529442 0.160917211730735 0.00529376740944296 -0.0130058765312197
-0.116491058536632 0.263622691861177 0.0214207728813713 -0.11407373969244
0.0149285000444176 0.289182632710357 -0.0277946533965949 -0.17041681322563
0.113607333608053 0.248216244795685 -0.0813785940083257 -0.21095153500119
0.164061390686449 0.241334544773205 -0.115580946408871 -0.201818447168316
0.175947938277331 0.225671433592548 -0.131755302286824 -0.179792884886807
0.179946855741817 0.288462386238371 -0.119470975895443 -0.138856270306198
0.0878794941436892 0.387485489260043 -0.0748864182262571 -0.0991661842091471
-0.0718801423671891 0.423786188849608 -0.0590841483610935 -0.0021116716927861
-0.34615353349358 0.316218448280599 -0.138739091287517 0.0201510620121864
-0.467843045553655 0.0508287887809678 -0.198982567472554 -0.0636745201528388
-0.400685213988923 -0.081202564966943 -0.192085244173971 -0.192269918188084
-0.306924631978622 -0.234597513977207 -0.277122432142939 0.0179776251958112
-0.405823148237055 -0.195035265038004 -0.124604669602577 -0.00938961365046316
-0.406192607206619 -0.0330241882645792 -0.111954886786177 -0.0561856074989023
-0.330340025034211 0.212633442126911 -0.0293479666491367 -0.00231811222725521
-0.17124588125249 0.355241405620497 -0.0160602143495683 -0.0447830496462106
0.00661135143280902 0.382230813850918 -0.0202632879351655 -0.0653319406463005
0.136805963334731 0.322527096982926 -0.0291028348646544 -0.104582179809048
0.196526358004733 0.30374766522307 -0.0418290801603407 -0.0957307008638222
0.209099007980057 0.278491241172547 -0.0508776403157882 -0.0791419905294946
0.213678346703459 0.341547160131287 -0.0512777840960024 -0.0462766532469103
0.115422227819136 0.446773771484534 -0.0346109064144828 -0.019772001728986
-0.0499901726622209 0.481375436735856 -0.0390100089713162 0.0406818406799953
-0.347370917743894 0.398408254792829 -0.100086840114562 0.0434889531450887
-0.530743720301427 0.119247596468013 -0.110415283594239 -0.0576861093553358
-0.489512357031031 -0.0544925848052924 -0.0354273503953639 -0.15853313375455
-0.35336464258711 -0.240355756607125 -0.127664283681633 0.113141001882506
-0.471015758540812 -0.178066136612552 -0.00747011700568387 0.030978757615365
-0.461657691507016 -0.00115002122889911 -0.0766086023367111 -0.0437945316995402
-0.364480561970274 0.251574417041315 -0.0620182905623138 0.0175097845904322
-0.185234611889629 0.396368535235903 -0.0578995410726425 0.0479738709885714
0.0104819312181368 0.416350746443981 -0.0104644098952428 0.065290916294793
0.144512324762707 0.344484217151692 0.0267341653111094 0.0245843264539247
0.199215774060186 0.317449792362015 0.0368110584212522 0.0255494643004575
0.205375758732636 0.293501204127269 0.036353106188107 0.0288237928566111
0.202278768535446 0.35006493581042 0.0259228840669458 0.0440798480452854
0.101836655745697 0.437398495877233 0.0122697448174124 0.054840730462269
-0.0487526459386462 0.451502932481325 -0.0149767214550146 0.0720548184937119
-0.30906171843746 0.385541874397373 -0.0539295966077305 0.0486510672213353
-0.506301134036802 0.13966206395523 -0.016320947465141 -0.0661494081290305
-0.496342494979772 -0.031370162368401 0.128267499887742 -0.125396487184741
-0.341238676449559 -0.195008066864743 0.04273750950905 0.207190799794549
-0.447852907102316 -0.114776840214397 0.124645411236407 0.0769515399496191
-0.412574299186372 0.048042286504153 -0.0214169338156818 -0.0146162457035344
-0.305575797249738 0.245143342492061 -0.0792659707823342 0.0481944736492259
-0.147796543734172 0.360868691437932 -0.0812991102190443 0.145823157373798
0.0183790506115205 0.369276199767546 0.0120026003165061 0.192345412467834
0.134887832348119 0.306699137907863 0.0831375614151957 0.151938519443282
0.17223939204948 0.284902014288413 0.108142297078628 0.142085603813158
0.169250000370884 0.267405369892651 0.10910901319668 0.129949355583757
0.153225848860478 0.311393832617147 0.0857346795233702 0.123886500462424
0.0537371752730203 0.362423872968815 0.0441360815982803 0.118649766131528
-0.0659385665647455 0.343119972076217 -0.00371801312268433 0.0921795141498165
-0.241376475396024 0.289314460742895 -0.0156029731621548 0.0459831019902192
-0.409108449531157 0.115717434745076 0.0631467349061354 -0.0707018217555785
-0.428224205882382 -0.0127779321894719 0.270148132121992 -0.0904575569120279
-0.265884539282327 -0.112617214865689 0.201304373844122 0.268571546551412
-0.323507988931245 -0.0287057946108005 0.23667931027847 0.101216205120387
-0.25989227518033 0.0825079054603798 0.0412550266783579 0.0164056137003764
-0.175291499630884 0.176293415422589 -0.0686641805003338 0.0758174093260515
-0.0809319853369248 0.244186389918372 -0.0691433568150657 0.21785887131955
0.0240860837909128 0.251937489907019 0.0501423676555218 0.279381756337298
0.0996296307942197 0.217404792236672 0.134670449090089 0.250833343703122
0.119369653204221 0.209590942008315 0.161975286276837 0.237003721377572
0.111333853782119 0.204393895559316 0.155219389892833 0.215599488109293
0.0857780663600462 0.229055827667236 0.112463504897187 0.191022224097
0.000252071942159828 0.240502423445317 0.0471695297942913 0.166941511486359
-0.0734787983984402 0.193363143927046 -0.0100766493415569 0.101589359363422
-0.145720397438415 0.162601354523326 0.00708145664785149 0.0434853346729745
-0.267378194457403 0.0805686874477229 0.11758616661941 -0.0602245886892478
-0.309663218788763 0.00566119324372912 0.372583858679148 -0.0479677101125826
-0.134768155608364 -0.0218247999471332 0.318001181472995 0.284222844974291
-0.12964635940905 0.0324532856275532 0.307945113075534 0.0946327499494677
-0.0606207641931985 0.0616128297605109 0.105670337544675 0.0316181323783585
-0.0402076171003592 0.0469314122177179 -0.034291707315279 0.0820350478397514
-0.028293580296593 0.0792897791748554 -0.0299313039585103 0.241044137406218
0.00614728079413826 0.0962016198736101 0.0917566980362864 0.308717864549072
0.0404229979627435 0.0974147660548698 0.174829505319296 0.304010582726401
0.0503682134644517 0.103118036515536 0.192686428352559 0.296415425580274
0.0471900595317472 0.10762447239814 0.171088109981516 0.275423526096341
0.0285731075504934 0.111743333176144 0.107629822435673 0.237649462039749
-0.0249204287127779 0.0958036516409395 0.0272074917905868 0.195441675252397
-0.0416729530978069 0.0499973680232317 -0.0258895331539694 0.0982271571048088
-0.0272105515023942 0.0627924281274609 0.0188670586655222 0.0402841817592752
-0.109651142233724 0.0694584229208931 0.149907722137767 -0.033674673679008
-0.168998320993649 0.0372374901764035 0.428941019204833 -0.00234124858648263
0.00259197972925167 -0.0527299693546062 -0.451703793100284 -0.0350641087116934
-0.0421646450790771 -0.0846954135121517 -0.222673254919388 0.0613489844425168
-0.0726495439753942 -0.0181833878898183 -0.0579366249443361 -0.0115988367601393
-0.0311702932571507 0.045988432619741 0.0452456256591088 -0.0503978969402111
-0.00123212869500119 0.0377905814664026 0.0190579668225426 -0.189588974820678
0.0149402349407812 0.0330961453458866 -0.085879978443015 -0.255112201038697
0.0210282557946491 0.0191603346639122 -0.178272001801373 -0.282648100716545
0.0274265743177449 0.016850899429413 -0.225510415230216 -0.295124309711302
0.0389023395485037 0.0164536215596953 -0.22724217840135 -0.29356596928124
0.0514375954566747 0.0497501807925041 -0.172141494925484 -0.26993873914306
0.0327849089125696 0.100592580502249 -0.0829110590280522 -0.226534006641796
-0.0359556485498036 0.124545048491788 -0.0395408304875704 -0.0972030860805188
-0.133924773758268 0.046122694724169 -0.136624630744306 -0.053329308207109
-0.0999318903465926 -0.0570747782699137 -0.284867873402019 -0.0996221001102043
-0.0390145289213846 -0.0535032656812061 -0.377033632862262 -0.23841485852367
-0.120263528102774 -0.112376335259465 -0.442696126055377 -0.0493328786805479
-0.170951674907168 -0.112942993802607 -0.228592935455186 0.0154103285048332
-0.181226202445085 -0.0128841719711643 -0.0977821694019378 -0.0248526227750553
-0.118473988901382 0.114618960211427 0.0317965953206913 -0.0283714357213234
-0.0418768162631088 0.156317874127951 0.027881071745447 -0.161179180432057
0.0323774375479812 0.162145976692628 -0.057279615195289 -0.230329502935111
0.0827513548223168 0.133897571241313 -0.143703957319118 -0.266117930720412
0.11190495955747 0.133329908442712 -0.191038812495792 -0.265016839622815
0.120245389922112 0.128090044493321 -0.20327438568679 -0.246092368725028
0.127859673667551 0.182001298320154 -0.169580884450084 -0.209173099412594
0.0657244535168045 0.262358612619036 -0.0994122292698119 -0.166827136987319
-0.0616117483727855 0.295104823446462 -0.0619521780145316 -0.0485233663272478
-0.266555234846554 0.193641780694003 -0.15369236470936 -0.0121410004033187
-0.316022902095738 -0.00376688173938667 -0.26225351625172 -0.0698441172282846
-0.240102645409046 -0.0725366187890272 -0.32051710742828 -0.208156956659758
-0.23161937775733 -0.175332196145846 -0.38119579350748 -0.0252208917503281
-0.299923997400046 -0.149596381610078 -0.197533172983087 -0.0101452119096666
-0.2983915894699 -0.0188610513552797 -0.121961603577073 -0.0410839482072066
-0.223290257884123 0.172496355825674 0.00466830878129513 -0.0153942394616043
-0.0993265197510285 0.268445654905934 0.0125398477603103 -0.113784849047048
0.0347993049113803 0.285485866718983 -0.0369965462005546 -0.16586853295898
0.127466644828721 0.239712873706245 -0.0952049181222849 -0.203909652314714
0.177129091154029 0.229086262086195 -0.127200133935241 -0.194368927284249
0.186829181357863 0.213265098252157 -0.141535157401786 -0.16983054455219
0.197240267757789 0.275422165066395 -0.125438373985382 -0.128324180771406
0.114104403771432 0.380160216375085 -0.0807664565630661 -0.0927689294362218
-0.0446882442976171 0.425539809716706 -0.0577590887381498 0.00301153882178089
-0.325050624042898 0.336459892481099 -0.137640821347033 0.0275359900485193
-0.463557432013129 0.0824961241424149 -0.200211068329667 -0.0509125605905025
-0.399724365782044 -0.0593112007639225 -0.201960528874442 -0.178807329604483
-0.31924422366737 -0.218644674147683 -0.270844997363297 0.0345252038440565
-0.414801213598247 -0.167535632558166 -0.120315497692759 -0.00359376932410017
-0.407444480741486 -0.0103150518010773 -0.117393940165121 -0.0468213397501
-0.315667779000819 0.230484174251373 -0.0283584137975678 -0.00245876633918379
-0.147402390115397 0.361870458121942 -0.0202334569123088 -0.041746017322279
0.0321353947894392 0.378868545594994 -0.0221871064316027 -0.0622662732222646
0.155708285153936 0.312572430319372 -0.0373458306235013 -0.102893107900736
0.213935749085647 0.288939066913668 -0.0472468699764968 -0.0934537155356724
0.223117396500052 0.264382067075702 -0.0543480241776365 -0.0751592702340528
0.233515806684692 0.325766462098639 -0.0513439492499186 -0.0411304225821012
0.144572269423918 0.437346175648678 -0.0361427444591908 -0.0157701048940274
-0.0181428176694978 0.480946798842006 -0.034874950145643 0.0453167900604515
-0.321355324349418 0.416624050826222 -0.0962121998849861 0.0486330530727368
-0.522059443220713 0.15333578523183 -0.111866838496335 -0.0506248455968072
-0.486079871539956 -0.0282420774085137 -0.0463668169471952 -0.154501633840204
-0.366743455069261 -0.219383015469556 -0.117354989456611 0.12032130309673
-0.479961711939999 -0.146566866197594 -0.00238636024942978 0.0300117494617619
-0.459828344559367 0.0250197530186943 -0.0813492511460156 -0.0360878865099329
-0.347392026563928 0.272015897249029 -0.0592952019158167 0.0200508148328023
-0.158570504485899 0.405211453059109 -0.0562655298752419 0.0542289478948268
0.037527190702734 0.413850977549357 -0.00449263671070358 0.0663937272735497
0.165228813222455 0.335245880534268 0.0249763914090405 0.0215790730759025
0.217792527042153 0.303368481762736 0.0383224661547832 0.0222864845358237
0.220968885338121 0.27869129561022 0.0390128577388667 0.0260317047081191
0.223599703105189 0.335118537114189 0.0310421775268225 0.0419307761037753
0.129931078155829 0.428766776261923 0.0163036761622485 0.0553404008776931
-0.0195934804962695 0.450978231197529 -0.0091802934303764 0.074769235184172
-0.282979777620961 0.401140475394812 -0.0485192973032053 0.0513108227620726
-0.494095433183595 0.171769186851497 -0.0183893870464775 -0.0655531683376935
-0.492217057314778 -0.00389368087711047 0.116796817553419 -0.131210034636393
-0.353220606073303 -0.176170661643533 0.0562241936330976 0.20390689303502
-0.451381931832196 -0.0838438543030844 0.129545761069606 0.067229667352345
-0.407648859951427 0.0707813437136397 -0.024193541173157 -0.010439264410667
-0.289044225204805 0.262103548828134 -0.0745408923291555 0.0513844652971428
-0.123911408530952 0.367333069656281 -0.0720242621881566 0.152811785738718
0.0441285430356311 0.366232400195544 0.0252375007456404 0.190660472597228
0.151134402169568 0.297836672891067 0.0881719126417742 0.145151211708712
0.188880204982332 0.272812303942212 0.115859599459483 0.134238806357742
0.184259839181088 0.255432076746362 0.118247837841318 0.122593485035064
0.172339376856682 0.299721239838579 0.095150413592142 0.117091541511852
0.0774120238074481 0.357366221677568 0.0512488416094973 0.116072428023285
-0.0444849551429373 0.343399454975221 0.00316036032487851 0.0936961613050307
-0.2205516243151 0.301180870530764 -0.0100368440596833 0.0470443305734137
-0.399165319536191 0.143322297376518 0.0604029905690144 -0.0746564911365106
-0.422244289643368 0.0115898153212893 0.258727584278287 -0.105815000238793
-0.271947507389912 -0.0985884501183684 0.216878451940471 0.255636292580026
-0.323147583060857 -0.00756593874296679 0.240650142513535 0.0849171641229073
-0.253227229042021 0.0958548350777621 0.0414154043263625 0.0162437096204407
-0.162963942583892 0.184990280786508 -0.0627788192990655 0.07978944537776
-0.0643319015395767 0.247699183943557 -0.0551221033568637 0.22297209905935
0.0411979004451542 0.249720489307221 0.0680108077977726 0.274332075571698
0.112045107881659 0.210792545144394 0.147001430469509 0.240850003499013
0.131570003837815 0.200684784959233 0.175934417038238 0.225869854238266
0.12326687467065 0.196135244839058 0.168647603680702 0.204518691864322
0.100201391036438 0.221660384913209 0.125151232791751 0.181459344376525
0.0150524509022423 0.238900217369249 0.0576961221112296 0.163110615221854
-0.0619919646931097 0.194960918183173 -0.00242438505465052 0.103429018403768
-0.133531541783787 0.168374534635427 0.0123630404509255 0.0431674573214633
-0.259479231623457 0.0983731359587146 0.114253845542602 -0.0671720434212935
-0.304942308210254 0.0230865451467891 0.362549637793131 -0.0693856131830305
-0.135829366994391 -0.0142729768492769 0.332307430118274 0.266164593488682
-0.126577108791773 0.0410972629695469 0.309836189909898 0.0751649645682666
-0.0557892075701046 0.0634967266271483 0.107194001521134 0.0260434615011133
-0.037081797512869 0.0478548317764003 -0.0280165937853165 0.0844892848020052
-0.0228757939458626 0.0797662420773653 -0.0138793248431304 0.243261785347202
0.0129670673969611 0.0961586974551323 0.109606485155753 0.301002818219197
0.045915893830475 0.0951030895736386 0.189802892958496 0.29065258334421
0.0563876704839955 0.0999438928389222 0.210444262740426 0.284000593290714
0.0536437974484647 0.103996590615792 0.186565731554083 0.263249282022458
0.0355841096351951 0.108397525281495 0.121996741425584 0.227768100511098
-0.0188763559079286 0.096925221150762 0.0395920172655738 0.191743335737936
-0.0391695888154657 0.0520245562765506 -0.0189118637780677 0.100281952519655
-0.0234098428210103 0.0623756902573541 0.024583374958085 0.0397707992750435
-0.10375995089314 0.0766524765322999 0.147544529003082 -0.0430924085417401
-0.164444907197262 0.0478592791010488 0.420977988779203 -0.0282949496665599
0.000847981355247553 -0.0517453744183675 -0.440205311579674 -0.0151607040167596
-0.045927843939724 -0.0810868409950947 -0.211359435431671 0.0704161683948522
-0.0731459102678404 -0.0147614141185195 -0.0588727748009266 -0.00817363614741481
-0.0285712602211351 0.0461194420384085 0.0404968776456187 -0.0513761077377851
-0.00015544840151339 0.0367955000247025 0.0084075602856986 -0.185329244426106
0.0163965786423656 0.0297963015656811 -0.09516152398199 -0.243302453740549
0.0216667040779721 0.0166168022227959 -0.18433284343943 -0.26655823950721
0.0269364900977184 0.0148037235821956 -0.233536265659575 -0.27860720914092
0.0370587511904304 0.0143516079815776 -0.235110583296834 -0.276010944948202
0.0520663654942252 0.0463373247443057 -0.179506312424364 -0.254371765829344
0.0375772024250532 0.0962879845447022 -0.0909757960254215 -0.215771682389794
-0.0284712797361446 0.122826546661659 -0.0417247545971367 -0.0936363064815725
-0.12934293528684 0.0516036192764609 -0.138552922670759 -0.0476517262771642
-0.100221098954271 -0.0523568715244 -0.283121461211764 -0.0843954641652579
-0.0393920906267574 -0.0521026053914447 -0.375113442819765 -0.216547378216361
-0.12152466355342 -0.105877515040502 -0.431597799163242 -0.0277441449801752
-0.172175160383593 -0.102890800197196 -0.218230025868265 0.0240690960412391
-0.178779082455209 -0.00542092260024186 -0.09855744458359 -0.0193644814718144
-0.110548311124763 0.116244771133057 0.029243472752782 -0.0306769558828509
-0.0338473803647443 0.153921142028763 0.018325297525957 -0.157340522899279
0.0393749052774172 0.155542869080084 -0.0658969163156103 -0.221500729040197
0.0861185128136185 0.126864200484553 -0.15177746897251 -0.251984379274958
0.114006800682374 0.12470765468064 -0.19799289153419 -0.250364353733743
0.121743316981319 0.120174115407677 -0.208895841101382 -0.23139096144998
0.132295620775293 0.171642478613968 -0.173490088110544 -0.194862375084543
0.078094041994245 0.254076599731759 -0.1048890860265 -0.156821424836642
-0.0466466074692244 0.290700646102938 -0.0613621307265244 -0.0443275452416547
-0.251943401578493 0.200781375655247 -0.152706381925883 -0.00656699256623261
-0.309141995428383 0.00980898893393043 -0.259066616254816 -0.0565186636411739
-0.235536353648398 -0.0641666748562885 -0.318781591647889 -0.189495720042653
-0.234324987021864 -0.163777970507941 -0.370901908081725 -0.00966869187814081
-0.299622589149214 -0.131792973836023 -0.18966130407914 -0.00269750571145925
-0.294419774274856 -0.00713704955197911 -0.122871307844144 -0.032233658708251
-0.210327566789578 0.177281648675564 0.00449790931461086 -0.0168687291631085
-0.084120392589823 0.266050751763942 0.00527518399035134 -0.109906948975584
0.0476986099521047 0.276094285294701 -0.0420743202242849 -0.159466502428768
0.134597059021819 0.227502159171976 -0.102746504003021 -0.195017158095856
0.182989797259111 0.215402161529278 -0.132872637197021 -0.185655347750575
0.190654294843176 0.200976261216764 -0.144413617376032 -0.15975300132274
0.204298132707799 0.260257394876315 -0.125363445851129 -0.119253590151359
0.130560950976999 0.366959455666603 -0.0829776176020985 -0.0852970800764173
-0.023531750309418 0.41632835272008 -0.0548517075491876 0.00643075255048105
-0.302616468804805 0.342332407727713 -0.133874485591186 0.0318876064824679
-0.450354509222757 0.101202672653587 -0.196472390943451 -0.0406509930284944
-0.389586564393364 -0.0445719813994239 -0.203788223825985 -0.165463310728849
-0.323048637359871 -0.201953707678017 -0.260386062836829 0.0441679452568302
-0.412775652843697 -0.143389130750425 -0.114501401823952 0.000556981470371655
-0.400205920780632 0.00496869497424624 -0.118791184425518 -0.0378607313477663
-0.298044857619842 0.236502717803402 -0.0264722239764694 -0.00344934175398493
-0.126663131043648 0.359607747281891 -0.0225576245256261 -0.0374696441178808
0.0508155629565433 0.367942698629626 -0.022362241411192 -0.0597853790564163
0.165402097808407 0.299194240526912 -0.0434198007026962 -0.0981518022807408
0.22166351641861 0.273041192672799 -0.0500049142340491 -0.0901747806815002
0.228452011470763 0.249449750909726 -0.0549998279667532 -0.0709044819203077
0.242940757776762 0.308353131216989 -0.0488702674915293 -0.0375400664454954
0.162556456503435 0.420503833770607 -0.0352406594119483 -0.0116373078081126
0.00210314946750775 0.47029876397839 -0.029653098874132 0.0474847999626936
-0.296000999554709 0.421240970570681 -0.0910454802398197 0.050819455391254
-0.503358084683238 0.174504184564444 -0.109540211935486 -0.0459034120749815
-0.472480032888776 -0.0119293898664125 -0.0525148742259337 -0.147277406989262
-0.369316263115762 -0.202142394698144 -0.107245087828613 0.12138358235124
-0.474394319724803 -0.119950681763288 0.00107730948859743 0.0273355480806108
-0.450468835618036 0.0418267656944765 -0.0828504989699446 -0.028654574868639
-0.32809387935318 0.278218477772072 -0.0560487445700978 0.0200743404540507
-0.136255529115341 0.402807642683274 -0.0531935838449475 0.058171381031174
0.0571478387620645 0.401855014842406 0.00101793107081407 0.0656503210314795
0.175313529190213 0.321057486442587 0.0224368827726546 0.0208988956988683
0.225790862634991 0.287677271716454 0.0382603666222458 0.0192297980387812
0.2271932304207 0.263790480467526 0.0405802356438183 0.0235269274981938
0.233917125468002 0.31726897879407 0.0344933030377059 0.0394957242631044
0.147834753715441 0.413265703714516 0.0190247568601546 0.0548356480697369
-0.000121890732657995 0.440059420686929 -0.00366531265663574 0.0755352027078107
-0.259043953677035 0.403283421760427 -0.0433783290694515 0.0515284853619342
-0.475167652059929 0.193396957755241 -0.0188064172675412 -0.0645287757603874
-0.475292992680424 0.0134531610239453 0.105867229437301 -0.132080050462535
-0.354388343550272 -0.15871234436074 0.0651269113661324 0.196208212157086
-0.44505681858937 -0.0610188472953939 0.130370536785786 0.0587684730606519
-0.396429259870872 0.0841251529445819 -0.025177942527288 -0.00597102906367668
-0.271784705600153 0.267749666934908 -0.0694804764325106 0.0521884072691479
-0.103787241694799 0.364663582132378 -0.0641053333623034 0.155487913046549
0.0606340363126781 0.356656120666437 0.0347885440047571 0.185511833858116
0.161199589046311 0.285625312411252 0.0894219589144803 0.138416130315368
0.196614277471293 0.258816135516286 0.11978232423646 0.126022153571913
0.190471019909075 0.242346100746206 0.122384047267333 0.114482396742236
0.182214754571881 0.284295143813497 0.100245651223086 0.109303494756664
0.0932191712781784 0.346483334327985 0.0561764918833698 0.112460737492713
-0.0288356876289901 0.336569069233829 0.00876180049371499 0.0941204613443098
-0.202397920492408 0.302158679715073 -0.00517560146850865 0.0453753086760333
-0.382383763129604 0.159385265519768 0.0567971062814229 -0.0766287633541972
-0.408048923716688 0.0262126887097949 0.244355014072457 -0.112011501180053
-0.271382343261872 -0.0853137535694846 0.222534880702805 0.241757601162636
-0.315948250208147 0.00759673227995727 0.237959383484498 0.0717929666434224
-0.24314438849785 0.10157856481443 0.0406578167435394 0.0170203245701565
-0.151870349875562 0.186636719818091 -0.0563866182643277 0.079816680176935
-0.0512602225011306 0.24400550344009 -0.0429772366943273 0.223086078433684
0.0523560454809582 0.242801096271266 0.0793659208204394 0.264766618257038
0.118523773395335 0.202815442838538 0.150862985914063 0.229334387925592
0.138285216028579 0.190719190972161 0.182191972022972 0.213444806465968
0.128518852480633 0.186528835935896 0.174586666789008 0.192633937833803
0.108510026957304 0.211050364754424 0.130687315262847 0.170653834007489
0.0264408233958703 0.233221176380667 0.0639008213892817 0.157483952871403
-0.0532985674930115 0.192746826797813 0.00335594441516235 0.103582151123839
-0.123078155624248 0.168662797212136 0.0174230294296662 0.0411023901850113
-0.247624291586097 0.108714095645374 0.109098473633035 -0.0721253616079843
-0.293634689619076 0.0340031907172622 0.346887473259661 -0.0819283545048756
-0.134146774571795 -0.00857072084619784 0.335077415380425 0.247608575109484
-0.121452031991667 0.0467954114704196 0.303331072025561 0.0608632280504766
-0.0508847043592828 0.0624586086360664 0.106417996389878 0.0222254839175135
-0.0343004307349656 0.0476698179057124 -0.0225599708597331 0.0843492031442865
-0.0186374471150923 0.079104052281416 -0.00134103942221891 0.239763920030339
0.017576073173033 0.0940553114092955 0.11988930489586 0.28900406798485
0.0494453852805544 0.0921533463570784 0.195712133821492 0.276198328236872
0.0606039215295189 0.0950035341239441 0.21847356942239 0.269168172382581
0.0573489937538903 0.0988273474009625 0.19469698444041 0.249207046427886
0.0394392758270266 0.103170155378861 0.128721710994614 0.216016463477558
-0.0143815833829907 0.0960386147293191 0.0479042940484769 0.184697623301344
-0.0373316160082475 0.0515467611892441 -0.0134022720744972 0.100498578656751
-0.0200985231301792 0.059789291493052 0.0285622546775235 0.0372534992997235
-0.0973083056026646 0.0798671162950394 0.141275518988586 -0.0489823630990346
-0.156478951439263 0.0535960071338089 0.404851543535175 -0.0436949512923875
0.0244103827311235 -0.0470848020611879 -0.394338881345669 -0.189972151949164
-0.00590239753291018 -0.0916770958210376 -0.219127944542946 -0.0191291815041094
-0.060149222994102 -0.043946834371249 -0.0523908681730182 -0.0266122276369136
-0.0446991132671896 0.0285490678307926 0.0596951078089037 -0.0288002735171086
-0.0165010708896288 0.0337275669886824 0.0824610842149654 -0.162664767001611
0.00294625531912062 0.0323784024417561 0.0147160573047115 -0.254730371846846
0.012925508743931 0.0224453105883705 -0.0564797359552836 -0.313145206981673
0.0174474447914347 0.0231462576183288 -0.0983827373985063 -0.342163477170744
0.0253448236910791 0.0267891895125682 -0.10062689890762 -0.338562931439895
0.0269071134242485 0.0620374400831007 -0.0600320493986638 -0.297862491274191
-0.0040024268723773 0.100839985322866 0.00471381435408215 -0.226687570337612
-0.0730549812790424 0.0997640223625365 -0.000256963318040691 -0.100571047107662
-0.140568063569048 0.00119490476402301 -0.107384596594584 -0.102105107696026
-0.0769263150905329 -0.082790794503526 -0.221363234795873 -0.19090306457353
-0.0226849595983063 -0.0650767214297735 -0.242784159980044 -0.346060044202551
-0.0636072982353663 -0.151963888970269 -0.382032813647456 -0.183866493845231
-0.107604518620716 -0.163685946688524 -0.209447894642735 -0.0574058063379271
-0.15884042447686 -0.0807936564680702 -0.085408695029987 -0.045137889145199
-0.145684825878151 0.0552823585328619 0.0439161268049627 -0.00843024054893598
-0.0942560174520901 0.123019790215423 0.0851597496198034 -0.12917107173368
-0.0275598240103174 0.153081660205058 0.0373267117402494 -0.220343311407117
0.0256800862273421 0.145131580692953 -0.0313307989089141 -0.28500184005434
0.052319557854274 0.156946868125641 -0.0770173200345749 -0.303812070039851
0.059214757559042 0.155808925303529 -0.0961567193208153 -0.28758144580646
0.0513855384431769 0.205395907505186 -0.0787521237672266 -0.240154868900885
-0.0272046026924657 0.258990083392399 -0.030744063566436 -0.177139331201951
-0.153367806524922 0.245399626625354 -0.0410079148017893 -0.0623846745783514
-0.309545561764571 0.092670449016211 -0.140380468943385 -0.0716587190288835
-0.288844494076473 -0.101703432586163 -0.215141152865687 -0.165852043507428
-0.196583845409887 -0.147686133157343 -0.201304191642393 -0.307172727060324
-0.140694178348398 -0.255270419350979 -0.339617648935317 -0.129692652264575
-0.207565000573368 -0.243390627767384 -0.174178484041472 -0.064228300223337
-0.260907807147095 -0.131311910277696 -0.102947707852936 -0.0597871198827836
-0.258779108537031 0.0657213575538521 0.0181617661536779 0.00095808099738692
-0.185025303720859 0.200347436949766 0.0598639673699992 -0.0869961666810937
-0.0682959734076437 0.263066982654848 0.0378021742686242 -0.152763315470103
0.0271743727436559 0.254985658865646 -0.00998108700146609 -0.213784140851838
0.0783690832057526 0.266141425784943 -0.0449364859305696 -0.220704354478652
0.0894831333773211 0.255687994393319 -0.0677433471196241 -0.196896775971448
0.0829204281970955 0.311888745059069 -0.0666650203656735 -0.150950040179003
-0.0214863766464183 0.3808695068834 -0.0404088769188475 -0.10378336107208
-0.180852969650812 0.366414910428356 -0.0566811353738885 -0.0117768161754478
-0.407591235600794 0.206420084448764 -0.141047981943477 -0.0289857009365074
-0.447026171513298 -0.0706901148772218 -0.170138594134565 -0.133027155790308
-0.341975532647051 -0.186452865554361 -0.107465110251668 -0.247697923038551
-0.205705090113487 -0.331209565207002 -0.265520170013091 -0.0253581982011208
-0.301771175259381 -0.302294652512738 -0.109660561621955 -0.0250887723142673
-0.361228155675598 -0.164932502293255 -0.0968464150413425 -0.0549909907400661
-0.361210689998323 0.0814146569747335 -0.0138733076494141 0.00619369594749654
-0.26046462221162 0.264627670575117 0.00962592327823199 -0.0298353303439973
-0.102514285532758 0.346677361604976 0.0187183089146388 -0.0531013467289329
0.0257025830388642 0.331296177138833 0.00521348372000472 -0.102998790064725
0.0910648068110522 0.333837934774851 -0.00881156236679234 -0.102775411063317
0.105785921839062 0.314641553734897 -0.0230464193513551 -0.0811729885250932
0.10040746615076 0.369898518672749 -0.0308151314088857 -0.046920680808417
-0.0116788050432114 0.443631770508648 -0.02684044133885 -0.0189941429655814
-0.178289301159627 0.424321443487318 -0.051751050127941 0.0366998969360581
-0.428186765788381 0.280542104800145 -0.111160998373262 0.00673058954637629
-0.521929468194772 -0.0228417867090312 -0.0931403924522699 -0.105180112882134
-0.428115078295728 -0.186024847723318 0.0201979365744083 -0.175561331926418
-0.247944313862459 -0.350620730613627 -0.158025463256618 0.110075382449946
-0.367532151565354 -0.307724368631316 -0.0164666610981477 0.0498049081928175
-0.419224545405007 -0.153838424437049 -0.0658892441592062 -0.0278304089090438
-0.404983978282538 0.10376911260611 -0.0476806095894948 0.0177130047061557
-0.286645820161653 0.297775426378625 -0.0537396975450648 0.0452574425686019
-0.111185456325236 0.378041680586504 -0.00897459474251553 0.06818937014854
0.0267158741904989 0.355649126134292 0.015945760012408 0.0307054573002694
0.089186871752002 0.349081341456849 0.026673037618618 0.0306980040022771
0.100432447539328 0.327774110180084 0.0244709942342528 0.041153391730367
0.0899236474538069 0.373743740453525 0.0131836294402517 0.0553754221053541
-0.0216420001129284 0.429894080145799 -0.00516028046506031 0.0618592210682587
-0.168596470882801 0.396791014135359 -0.0392494971159271 0.0728544243164137
-0.3865849866822 0.275068762299212 -0.0673477279568939 0.0263743782379313
-0.501782672596331 0.0034692036273773 -0.00507588869654244 -0.0856386728166379
-0.436921000487558 -0.164432322282029 0.154577174182273 -0.0986203660603435
-0.252305303313253 -0.303983199476658 -0.030520116326074 0.24458338638692
-0.365986188728401 -0.243310494165733 0.0891611794232658 0.129581065636104
-0.390522295998009 -0.0938154394291823 -0.0193572182957321 0.0131118646228332
-0.350589204784967 0.119041522152637 -0.0723890261248849 0.0390646439768165
-0.242192223123299 0.277002971714011 -0.103921834966951 0.126745484301549
-0.0900331625501079 0.339421776589698 -0.0291583630855554 0.187171376833039
0.0277436819977238 0.319080138257495 0.0275979138075063 0.163109924282987
0.0745505739172047 0.311378278177571 0.0567167653338565 0.159181954524722
0.075928112695261 0.294349393623739 0.0611803119845649 0.154225942915889
0.0572490971565899 0.324853593219124 0.0435112462225328 0.142565528102209
-0.0450170423708186 0.348354371876828 0.00504317377939236 0.126618821926787
-0.155015011661246 0.292435188185185 -0.0341065603618539 0.0929441725295605
-0.29680547789265 0.202460383297965 -0.0270841441971123 0.037001029167211
-0.405236073424926 0.00524378633523235 0.0701575331350214 -0.0631852142016322
-0.377485734213978 -0.128345986448798 0.267491917894147 -0.0220734230388238
-0.20983382806953 -0.199682218081151 0.0979806396108057 0.339995370564109
-0.281592478442788 -0.126292725246908 0.182970578902665 0.179090343481769
-0.259904918824352 -0.0126179131064029 0.0344034708985859 0.050876413759596
-0.211253836757815 0.0984180144047084 -0.0749508896735391 0.061714078890443
-0.145951710027231 0.191958324510928 -0.117586304230029 0.190566476724135
-0.0519278565127143 0.235026045318368 -0.0261504864230522 0.273515778756126
0.0233030551812789 0.227929248776857 0.0440910826564267 0.269250089855297
0.0489628716877138 0.22742904393918 0.0777399307795876 0.264123488458028
0.0438922437782483 0.219165813861783 0.0776142101352176 0.244166545449523
0.0184685601643157 0.230142024211183 0.0468094577885861 0.208892481744025
-0.0618282886424817 0.221220901049144 -0.00674431350050227 0.168292578146972
-0.121787894535921 0.153198894257029 -0.0419784880261049 0.0966893428761224
-0.17346779369723 0.10814972127642 -0.00249831761159733 0.0428510430760807
-0.262729992071633 0.00873138914665824 0.118080145776377 -0.0327128943393704
-0.27469151637406 -0.077221284455606 0.344529060147704 0.0510023991286545
-0.1191670087015 -0.0680438020943904 0.199893737910885 0.374945416910453
-0.127433166791604 -0.0102987132122459 0.248606619483602 0.185568367381732
-0.0707894316063422 0.0329371204978677 0.0907804074104299 0.0686930322597153
-0.0496682776936431 0.0263535881914986 -0.0515096718250477 0.0704680699591532
-0.0487073961353861 0.0595595125281079 -0.0946251736203751 0.217674016212794
-0.0229988558666148 0.089727269544026 -0.00609367232426895 0.308574175894667
0.00659564586459066 0.102720334674162 0.0637251889631278 0.327912314671301
0.0170820745013622 0.110713993385382 0.0878853510605428 0.328761612218559
0.0151357842903852 0.112223103378493 0.0734541258843663 0.301836249760926
-0.00196282320602109 0.10701234429139 0.0275710612158639 0.246528758914149
-0.0470707678975815 0.0819837996629155 -0.0315500647751705 0.18425649087678
-0.0538593742589289 0.0323117914507424 -0.0538286286177046 0.0854127982415172
-0.0387784903832924 0.0465880427373147 0.0119421167632123 0.0459178813424285
-0.115365476625703 0.0364115855866639 0.140501483100434 0.00695929406445446
-0.155686858727751 -0.00819047331494071 0.378370283110612 0.114495584369949
0.0240029573304124 -0.0474181068620784 -0.393767101495518 -0.181021671271489
-0.00855900605264537 -0.0918569858381954 -0.215922452667766 -0.0155916313380099
-0.0624666106875903 -0.0430655245206049 -0.0541674096093395 -0.0253624858598629
-0.0434573503195218 0.02979019801254 0.0582878046549767 -0.0302422399981647
-0.0162113100392755 0.0343932157355834 0.0771699725777038 -0.163091683759318
0.00360249816277689 0.0312909587288549 0.0102118008435686 -0.253229074768236
0.0134085330658624 0.0203671936730825 -0.0609475674564403 -0.309959308915755
0.0170331668881276 0.022934364419933 -0.103582470049144 -0.340780891549463
0.0243101916136334 0.0257740392301862 -0.10655682259852 -0.335297257858274
0.0275150778111535 0.061060673683385 -0.0648264231536481 -0.294414050149081
-0.00135134151977733 0.100626422423931 9.21421231681357E-05 -0.225364986275764
-0.0704446376836182 0.101296185767458 -0.00124355901953669 -0.100860363334734
-0.140781840482219 0.00405349639374403 -0.110950233266952 -0.101484417876443
-0.0782247656346403 -0.0823678176305829 -0.224539445785792 -0.185216763481359
-0.0234645088906476 -0.0661224421704221 -0.245848758083265 -0.339694583589965
-0.0660171752954971 -0.151655843812376 -0.381182576045048 -0.175860028417633
-0.110996041843268 -0.16091819399074 -0.205741143026339 -0.0544262616847152
-0.161276949797159 -0.0782585063562407 -0.0877231256855882 -0.0419953792047305
-0.143972951976787 0.0575022932153055 0.0433196514367319 -0.0100864565487972
-0.0911943111715605 0.124556112050938 0.0806643557259252 -0.129128556221068
-0.0233953654780873 0.152127960406066 0.0325998630654912 -0.219257945225524
0.0282475559310286 0.143975772328824 -0.035872814734616 -0.283986687376667
0.0548404732933702 0.155436936435478 -0.0827827927587766 -0.303315176710375
0.0601356842734664 0.154692880521048 -0.100738628223003 -0.285293995044062
0.0547175691902408 0.203578075741641 -0.0813155242632474 -0.236436384772923
-0.0199275030615148 0.259399380150193 -0.0344508608423309 -0.175080159783397
-0.148264291595036 0.246747362501132 -0.0409087831045963 -0.0611645622316737
-0.307575004184487 0.0983773234347454 -0.141975288924996 -0.0700590608777199
-0.290271046487938 -0.0965201218639134 -0.216141490548129 -0.160412471598869
-0.196627149322242 -0.147204903609048 -0.203719066975078 -0.302827545978453
-0.145373025369443 -0.253513909942809 -0.338123552198346 -0.122712119810397
-0.211646446189311 -0.237877812189946 -0.170709594158848 -0.0615549172665275
-0.264778958673066 -0.127291807557238 -0.105973803389382 -0.0550121170700215
-0.257479292497933 0.069675679944796 0.0179241051997327 -0.00106768392083235
-0.179592439035026 0.203674834156821 0.0570127874988212 -0.0860717685307465
-0.0617704610255209 0.263326071018444 0.0358967818778738 -0.152410769977566
0.0314515264915989 0.254202144057361 -0.0140045674928573 -0.212791110962966
0.0827228393940224 0.264248240239141 -0.0486188191715618 -0.220621088219425
0.0923417062869498 0.254960725013085 -0.0701423330256572 -0.195543010664012
0.087996973991198 0.309950916182296 -0.0671730091653247 -0.148402297514219
-0.0127802988421095 0.382459228680097 -0.0419637278705805 -0.100780026612552
-0.173487834384591 0.369356555493338 -0.0552382995454697 -0.00954886369936314
-0.40339427099301 0.212489935032583 -0.140731231617962 -0.027373858213215
-0.449432296452479 -0.0614796659425312 -0.170098119665382 -0.129328986723575
-0.341445211083093 -0.183684573370463 -0.109880295439221 -0.24503531998147
-0.21175578966637 -0.328455445359227 -0.262437039457557 -0.0218193631886368
-0.306931036701369 -0.294146287731511 -0.106519796453793 -0.0243908575346712
-0.36530041952077 -0.160221925161833 -0.0995054944697925 -0.0504716425980264
-0.360294496359782 0.0861804699628839 -0.0128808146319629 0.00457615584449789
-0.254679681269589 0.27010273572224 0.00811717187057452 -0.0271848788869833
-0.0950387211365919 0.347184915142398 0.0192220960231114 -0.0528571161412865
0.0308836365300649 0.330925528185371 0.0019370209991199 -0.102876378737417
0.0971625199147502 0.331169117453626 -0.0105023860720715 -0.103397852075864
0.109575348387786 0.314532284889086 -0.023259740014916 -0.0814779303210314
0.106569399288878 0.367660101967443 -0.0290991496002869 -0.0456974242950692
-0.00178463998604963 0.444120468930088 -0.0266555972613761 -0.0165010796288658
-0.169900913208691 0.428160996793267 -0.0488703781024669 0.0398331239182894
-0.424462412524012 0.287010710697879 -0.109479937739292 0.00741255308880421
-0.521659599456293 -0.0114935143931868 -0.092927800171814 -0.104175878384522
-0.426535383250195 -0.182100424454578 0.016956167868132 -0.175420925481098
-0.253969258419711 -0.34720698690423 -0.153852154142637 0.111693359878097
-0.370965532518307 -0.299588353306104 -0.0124624672715811 0.0496261409413065
-0.423408065017382 -0.146738267427304 -0.0672657781776743 -0.0230739924908523
-0.403539968602595 0.109974824469082 -0.0461852668837075 0.0164717897949784
-0.280277805930696 0.304052237408401 -0.0535661825974922 0.0483128078090622
-0.101635420191311 0.379473023347466 -0.00578452088348632 0.0684800019048454
0.032378343499166 0.355292709645849 0.0145286903998921 0.0304690100733165
0.0955650072040493 0.347330699815409 0.0271405408534652 0.0295162392737334
0.104918169792133 0.328354790028157 0.0262811918160572 0.0404693869192175
0.0961221424562817 0.372228704240896 0.0164337566515562 0.0551853825994498
-0.0109830693150605 0.432348897712855 -0.00328241986356192 0.0637349631470266
-0.161523428747181 0.39977331556265 -0.0362271232351983 0.0758699384200204
-0.380946598808823 0.281653788180388 -0.0642219540763799 0.0266543292104057
-0.501282933356075 0.0146042619721578 -0.00474499225501674 -0.0860181652634412
-0.435248557943051 -0.159574977532404 0.150602399228545 -0.100705043896966
-0.257585777305291 -0.29960539441571 -0.0254442265811607 0.244380339629331
-0.368658969865744 -0.233587048179 0.0928811340998897 0.127368886789321
-0.392005542849412 -0.0884959506970485 -0.0194915663655744 0.0168416527884325
-0.349399798053023 0.123256445740635 -0.0712886710987213 0.0379475517335529
-0.236638330819029 0.281600402172266 -0.101625780593029 0.130659462487082
-0.0828320514194226 0.341441211113728 -0.0232728624153933 0.187635386931644
0.0336741806080797 0.319125715005689 0.0282086063722865 0.162487913033957
0.0808706821597964 0.310226906181302 0.0596193827975965 0.157871982359657
0.0812187672941103 0.294098800688386 0.0651733666130107 0.152066038612061
0.0634201840701655 0.323136650715304 0.0477741861199328 0.141483755606968
-0.0370105792553936 0.350318866000924 0.00842738466576579 0.128742287736242
-0.149956275471182 0.294351957226569 -0.0301691545694183 0.0962284184386081
-0.292683746817567 0.205960315817039 -0.0236472711595031 0.0360537006226661
-0.402903986230144 0.0142876142973949 0.0696088181434731 -0.0659163591038656
-0.375202848183585 -0.124959139174763 0.263824857073905 -0.0255839429112511
-0.213565107475291 -0.196090341410412 0.102531093690499 0.338102917739157
-0.281672731326986 -0.119739283028723 0.185799123559907 0.175967397997093
-0.260025321790932 -0.00981871465463867 0.0352450560145314 0.0529657629343761
-0.210264439027926 0.100709958407777 -0.0737048322245632 0.0616454905374546
-0.14224872864982 0.194045464926154 -0.113207197829893 0.194335319932912
-0.0465510755852141 0.236140438765787 -0.019808234394035 0.273194905833577
0.0279818923771271 0.228836481396972 0.0470785369648808 0.268337694837471
0.0529775573841548 0.226711678059285 0.082426869231041 0.263167841099387
0.0476666739525784 0.219076182512023 0.0822854015532473 0.241641917260431
0.0240634144988605 0.229058415293994 0.0511689450076476 0.206123740073221
-0.0572408823816397 0.221879187101531 -0.00219466826178113 0.168499248214656
-0.119302068919056 0.154797516830833 -0.0385896248526609 0.0996506407794504
-0.171134241269428 0.10959736972561 0.00140647904897488 0.0415929790743169
-0.261258749499119 0.0141064503452134 0.116778016698486 -0.0354485539858533
-0.272414520850127 -0.0741662044509047 0.340201203420192 0.0466796171225383
-0.12056971409918 -0.065775510350503 0.203618457358102 0.372421201352495
-0.126789615132578 -0.00659963081511908 0.248874629410323 0.181785646424742
-0.0696324206837876 0.0329612664709197 0.0921705984504079 0.0687025563167466
-0.0501066618433615 0.0256836772769535 -0.0501081045463471 0.0708846355242139
-0.0478339271300075 0.0600118019793322 -0.0890796896488046 0.219836632436663
-0.0210170622271821 0.0907533371725631 -0.000362434646605908 0.308989138595254
0.00851100231309896 0.103265595661082 0.0688747031575049 0.327285452998656
0.0195590791100388 0.109903667931723 0.0936582361409002 0.328655411860983
0.017445070268146 0.111617405750823 0.0791816366510186 0.300188763515825
0.0006121151604433 0.105592269036759 0.0323538577709183 0.244526499616191
-0.0458494759054477 0.0828916472357492 -0.0268541889247413 0.184129656797989
-0.0537773684376269 0.0332624903076435 -0.0511773815902862 0.0881593839879507
-0.036828702519356 0.0455987980464578 0.0160875587723096 0.0452894906753745
-0.113666724741448 0.0388875020742685 0.138986728717606 0.00344627568545005
-0.154126052990237 -0.00512897971314414 0.374784953056937 0.108520338318316
0.0233817219946388 -0.0494058081988207 -0.399826346432466 -0.171189671501388
-0.012499337653406 -0.0927854773906477 -0.214222763890635 -0.00933423747447372
-0.0657035812885334 -0.0412052431114306 -0.05696454435321 -0.0241084607052531
-0.0426092945815006 0.0313922532093861 0.0575246301579649 -0.0321578820371406
-0.0148750164093732 0.0352832974405948 0.0711784467611717 -0.166314609586408
0.00479630148254818 0.0300501829763085 0.00227596198875332 -0.254883720914011
0.0138441127265147 0.0191173882714636 -0.0698631269176905 -0.310264889690474
0.0171650220740325 0.0227672657222207 -0.115522658119945 -0.340830516398771
0.0232590300831314 0.0256353016803227 -0.118149161189922 -0.335121498634001
0.0298743340746064 0.0610104612068965 -0.0728700339435324 -0.29410565216556
0.00301432186568704 0.101462032883452 -0.00728217567525041 -0.227583905452904
-0.066918949717967 0.104950073282522 -0.00353535081210565 -0.103346432382625
-0.142603360578663 0.0092306650153954 -0.11718742059319 -0.100330114217855
-0.0823379781511306 -0.0817722563495336 -0.231736312286578 -0.178768799814977
-0.0253938298923274 -0.0671685846981239 -0.252654609424699 -0.336038400764875
-0.0709328737617482 -0.151530123028527 -0.386628306575022 -0.167330453456521
-0.117310472489214 -0.159066148380731 -0.205091769054115 -0.0500219409742721
-0.167153802950135 -0.0744121153051962 -0.0915542213018052 -0.0387586012220914
-0.142794657576002 0.0622464262576884 0.0435537558009102 -0.0121815917592555
-0.0867078180428707 0.128665912231388 0.0759379843221693 -0.131283660781896
-0.0177905561607669 0.153152382453128 0.0262607435679317 -0.221227342083208
0.0323145090253274 0.143815978488977 -0.0451666802670944 -0.283914878195715
0.059237595718333 0.155859773555549 -0.0929752302385699 -0.304630286532236
0.0642148985132757 0.155158852668916 -0.109913038147413 -0.284665689317072
0.0615754383216185 0.204511584190487 -0.0875299680241374 -0.234759353405126
-0.0102483850460137 0.263394042112993 -0.0405608570227342 -0.17486955825786
-0.141619155390925 0.254745679914434 -0.0416517652356326 -0.0602103055036845
-0.308332481789136 0.109272929836045 -0.146835338022682 -0.0674526744176874
-0.296257045242716 -0.088981692149144 -0.221766598634092 -0.1550255534854
-0.200378801456328 -0.145145192513646 -0.210855275045651 -0.299621657362539
-0.154560449191749 -0.252524995996658 -0.340605718466962 -0.115722230755314
-0.220059284420882 -0.232754063072474 -0.169882741590758 -0.0588497366142917
-0.272466219556309 -0.121243216327025 -0.110408193751245 -0.0507419143714063
-0.257995400704208 0.0773302683071333 0.0188001455532593 -0.00295243466983168
-0.174044479769104 0.211430025519596 0.0532492713546707 -0.0866512605149821
-0.0530531758071921 0.266906662552133 0.0321380581645512 -0.154239122057877
0.0388798814519879 0.255283500097099 -0.0205950723615558 -0.213872419106588
0.0916820793437543 0.264604740256343 -0.0563164859420205 -0.222791507571237
0.0998753301064728 0.256611301289188 -0.0759899584719006 -0.195776979358483
0.0977890432708396 0.310436410425692 -0.0699612229966217 -0.146922127889777
0.00143601113104891 0.38692954117248 -0.0454318288683954 -0.098906329859883
-0.163984587727297 0.379223752400432 -0.0540694789732765 -0.0069751189988603
-0.401251629168 0.227216931938579 -0.142840449158425 -0.0245619500137219
-0.455640247210098 -0.0463235722419959 -0.17390826474578 -0.12598591052474
-0.347614578393258 -0.179238098015308 -0.11668588406525 -0.24347701781322
-0.224386384068195 -0.324989590652436 -0.262419494690681 -0.0158634671927341
-0.317954231481171 -0.286255953997223 -0.103758188353177 -0.0232047195772281
-0.37571103875079 -0.150448348380629 -0.102851330508461 -0.0448554714363958
-0.361882594031778 0.0962256817336153 -0.0129573243785153 0.0026868514294562
-0.246813729954154 0.280391842240165 0.00643784786691369 -0.0254358186953919
-0.0836237281637814 0.353921771700446 0.019611302469517 -0.0534920606980727
0.0410540608660269 0.334457467871343 -0.00219599730538065 -0.104041495408249
0.107683345829705 0.332487437671858 -0.0145765377807236 -0.105916689484088
0.119252432765929 0.31736756810933 -0.0256510775736921 -0.0822573383642007
0.118943321473298 0.368708710140831 -0.0282039336423398 -0.0449750061541487
0.0148396450178652 0.449068637354147 -0.0272015893373872 -0.0139789705748313
-0.158712613035709 0.437827101959363 -0.0458453506124649 0.0430636243447463
-0.42072503089076 0.304605449040242 -0.10905296221531 0.00856126302372475
-0.527600877824413 0.00649690551059964 -0.0948204152308732 -0.103021397771509
-0.432955285380802 -0.175692817516658 0.0118870835798459 -0.176963998117461
-0.267198492364031 -0.34360924741709 -0.150427267677841 0.116155070710529
-0.381756010685002 -0.28907137211651 -0.00818942927174607 0.0485386151494246
-0.434753661123375 -0.138053308825597 -0.0690712679082471 -0.0178253771774075
-0.405646118207584 0.121230693864451 -0.0464418806478904 0.0153616878938121
-0.272793919132278 0.315782672394382 -0.0526268244395976 0.0537224974475773
-0.089299854546135 0.386682183210299 -0.00153613048850851 0.0696720647267128
0.0435199325081242 0.360117051432385 0.0143942882399959 0.0306037394646955
0.107601651439343 0.34821644854014 0.0275339547601691 0.0285570954546405
0.114961634960466 0.331181267188715 0.0288560958768513 0.0390518203227232
0.10923658546289 0.373508660010706 0.0206065513414357 0.0550030791952389
0.00441883484734418 0.43752465311657 -0.000614528995088345 0.066803050997062
-0.151351674364388 0.409187441897317 -0.0309263095793061 0.0797798985297019
-0.375478865953717 0.296924956321465 -0.0621314490029448 0.026792514963083
-0.505305898310049 0.0316841089501894 -0.00661099507773623 -0.0876222269197993
-0.440669675004599 -0.153523323281956 0.147173296196067 -0.104413905219693
-0.268431396819722 -0.295762790762594 -0.0183367704066737 0.246423314181073
-0.377220972922852 -0.224161494292096 0.0994558082659784 0.124788782999888
-0.399463464203453 -0.0796447064040151 -0.0191474723780775 0.0213990589266349
-0.350307015385413 0.134146131356685 -0.0716357904656748 0.0377685320827686
-0.22913216765643 0.291515526824896 -0.0982674339620503 0.137477610592414
-0.0714544503539991 0.347595359432491 -0.0158263569313385 0.190042918289564
0.0438135780093199 0.322918036069224 0.0319831978045887 0.163760728183889
0.0911407011516482 0.311497089411844 0.0645301498987614 0.15788921712309
0.0911410089888269 0.296153908054742 0.0712797875281594 0.151265088029031
0.0747110871044636 0.324381483990049 0.0540965282288296 0.141150901644709
-0.0242947497317318 0.355455007819293 0.0136135842629571 0.130433182286718
-0.143244425241043 0.302501911062214 -0.0255489375574634 0.100310203623425
-0.288709654900211 0.216010882883278 -0.0199807132283523 0.0352612587494074
-0.40474475556998 0.0301100485498127 0.0680953111261117 -0.0695481826562362
-0.380027575927293 -0.117668400056254 0.262848488440415 -0.0315276656650013
-0.221721270352812 -0.191450557052115 0.112241441035172 0.339219335208747
-0.287280267902 -0.11129251144454 0.193124795673544 0.171976158667675
-0.263344889472036 -0.00396144803099662 0.0378119176135676 0.0551099034458499
-0.210337257276865 0.106419060481172 -0.0727570858657241 0.0627356672653952
-0.137458206958806 0.200030312889266 -0.107982965001007 0.201799552826654
-0.0382726933307762 0.240733910886938 -0.0103466473519196 0.276999013151794
0.0355085498568586 0.231133877877429 0.0539259695286564 0.270306329539282
0.0607327747182902 0.227402378161003 0.0915385388114313 0.264249515437832
0.0552811394109842 0.220701491731736 0.0919224394962059 0.242058056078422
0.0317698579324649 0.230150876365701 0.0595556261997332 0.205933679981891
-0.0498622514633598 0.22637320822058 0.00428777641096256 0.171570064534009
-0.116686980773859 0.160495155152216 -0.0338714190874 0.104171406386664
-0.168624275166383 0.114300468001105 0.00570521491517268 0.0401341565230592
-0.261285114080366 0.0235963387326986 0.115935395764989 -0.0400772459560641
-0.27437585630757 -0.0687210484341729 0.341289138203339 0.0384631599295018
-0.123050346559176 -0.0617017555469455 0.214472913546813 0.371895444098308
-0.126867290401519 -0.00148340636331687 0.255492250129737 0.177164649774198
-0.0696038694478546 0.0342217667910908 0.0957416200048316 0.0672885728215125
-0.0509433749850712 0.026294315129212 -0.0486656101806242 0.0730380873106846
-0.0468200600764568 0.0617758866031154 -0.0824789148627815 0.226211524339042
-0.0174771420924339 0.0926917103215227 0.0100241224584481 0.311375028700218
0.0118900997707225 0.105174130553 0.0767321895288091 0.328909618679518
0.0232146805769129 0.110955501595812 0.105963058330486 0.33089392228529
0.0218175575704538 0.112045678158508 0.088837498827935 0.301003286982612
0.00378180692878579 0.106065324084679 0.0402568650124157 0.245660393057143
-0.0435751588852784 0.0854775248860734 -0.0205094312435721 0.186603097314141
-0.0546760468790177 0.0356468847363998 -0.0480016659273923 0.09225089563054
-0.0353237804778968 0.0457724993902097 0.0196336957893399 0.0436728456511811
-0.112226446620032 0.0444698719123701 0.138327615229388 -0.000354004029808354
-0.154481381709371 -0.0006840326731123 0.376909412728957 0.0993992950977523
0.0212876097773641 -0.0510279392698416 -0.404453533470044 -0.152396146017751
-0.0184259097538324 -0.0919638642496395 -0.211326351933873 -0.00106187369230595
-0.0688529987421409 -0.0370045400623092 -0.0584873389910197 -0.0200975052197852
-0.0401799978299924 0.0343571825120104 0.056523778072267 -0.0351775686022396
-0.0127152373506049 0.0361581173057236 0.0610768522876576 -0.168849634470368
0.00588208914322741 0.0285185655578607 -0.0117561010797677 -0.253386920588
0.0140777222127475 0.0170030383852748 -0.08378039998706 -0.305796838080366
0.0177137281602293 0.0218754351051632 -0.133030920043645 -0.335124658865554
0.0231907963289949 0.0250272969458855 -0.134703938453975 -0.328326823497912
0.0323809148330883 0.0596478650619337 -0.0874505191452017 -0.288579144892616
0.00921432334638225 0.101976472957173 -0.0185809328337402 -0.22657721284251
-0.060634730605532 0.107589976044702 -0.00872092906282434 -0.104326738062266
-0.142891385580757 0.0170706135530496 -0.124538345711687 -0.0948729707012695
-0.0867491269290428 -0.0782781020048698 -0.238567298695208 -0.166666400596749
-0.0279420435874275 -0.0674429188927451 -0.265101466617215 -0.324771299121719
-0.078197380943665 -0.148996332150844 -0.390776185259986 -0.149843140118407
-0.125454093025219 -0.152704576441163 -0.203972849862735 -0.0414833154199912
-0.171802140261841 -0.0648753087015659 -0.0945277149677678 -0.0324199160162457
-0.139490262163036 0.0692840906637534 0.0429347090732495 -0.0149125860392855
-0.0795486205581687 0.132801138039977 0.0682037910727367 -0.133965487008315
-0.00935634812651602 0.152905024911254 0.0155336114414281 -0.221608482950686
0.0390748714564978 0.141814971870669 -0.058462050242282 -0.281579632013263
0.0674556559488325 0.152557549684989 -0.107979684422006 -0.300935634875662
0.0704751974264306 0.154021990221253 -0.124704968117887 -0.279309136473851
0.0718088516810299 0.201237896804335 -0.0980019696228528 -0.228930743932773
0.00453964691144278 0.263815287607732 -0.0491858346822504 -0.171551325799949
-0.127666951404558 0.261013339425225 -0.0435039856974489 -0.0588312019121693
-0.302986371331265 0.125950629454579 -0.151768660610287 -0.0610500255873559
-0.301271913052385 -0.0738634977765068 -0.227168949349576 -0.143977561237166
-0.207212519455999 -0.137940415736735 -0.220566479662098 -0.290000773363449
-0.166445581279224 -0.245392082071129 -0.342997689515821 -0.100695496124318
-0.230857814646202 -0.220277403677343 -0.169319437541704 -0.0530836904977479
-0.280313038831173 -0.107036300056537 -0.113345835062735 -0.0422791467790668
-0.253954894717 0.0902825804768562 0.0183005685845918 -0.00542479511787919
-0.161435079940563 0.220147061291638 0.0482816157985524 -0.0873063968004423
-0.0374755310232239 0.2685357281157 0.0252974715992002 -0.155064974223342
0.0519512185467193 0.254214749312882 -0.0319906461316376 -0.212571373213518
0.104587725999154 0.260181040013525 -0.0683028297516601 -0.220782755910755
0.112279410609349 0.253327622913691 -0.0859959429100175 -0.19313479926396
0.113972820971691 0.306598389622428 -0.0757056390197306 -0.142126287951506
0.0234291868070575 0.386880108913311 -0.0504555481653068 -0.0952449749182935
-0.143314677425115 0.386894539630892 -0.0530315856398099 -0.00413517864289622
-0.390609558229183 0.248156912217402 -0.144364959615325 -0.0188379199840508
-0.459009773529479 -0.0236475964978035 -0.177798121693233 -0.117986429758136
-0.354269916098982 -0.165795054667256 -0.126687599961677 -0.238288712243882
-0.239654074854688 -0.314817204339483 -0.259870107383636 -0.00555143382549041
-0.330002808729027 -0.269166792419417 -0.10150755586645 -0.0208944635811468
-0.384374158883963 -0.132002003352544 -0.104799008170395 -0.0365128700132008
-0.358452062476139 0.114998846994302 -0.0127001048836263 0.000746877779342695
-0.232164943589724 0.29308191739201 0.00420075045881474 -0.0241147895367448
-0.0628326248418132 0.35652916377134 0.0183631876823303 -0.0541263382500996
0.0585372336716305 0.333290047015693 -0.00782666016322328 -0.103397744439598
0.12440619416838 0.327279725725118 -0.0203653598867453 -0.105641732253517
0.135656083787812 0.313443908566008 -0.0290627012905645 -0.0820774570310829
0.137890886828733 0.363426465525859 -0.0277166355750893 -0.0434791226470447
0.0390956537597356 0.448892814471337 -0.0269249546149032 -0.0107000210798781
-0.135592516880271 0.446609612955673 -0.0412994004993207 0.0461948075525434
-0.403652975704158 0.325855190326287 -0.107544624278839 0.0127925616036397
-0.527632822797856 0.0340725382537304 -0.0993944598143138 -0.100047500090092
-0.440077357477729 -0.159316566011526 0.00285798450504216 -0.177352542858622
-0.284667070029617 -0.330705809199013 -0.142590566076626 0.120982844589576
-0.39454874266213 -0.269102829074401 -0.00190778411506252 0.0465541503226734
-0.441851721710174 -0.118099428382705 -0.0689146862701316 -0.0106038225041564
-0.401943989356758 0.141450806986252 -0.0462784953056741 0.0151932632484088
-0.255175571557199 0.330120519577491 -0.0497824813848665 0.0587851489033173
-0.0676839232053598 0.391228693620958 0.00439841906580095 0.0692932806758063
0.0622255011549938 0.359398656440712 0.0146796017543507 0.0299226150315242
0.125333946455887 0.34396068548928 0.0286077997384326 0.0263481943373998
0.132394762857312 0.327353487262093 0.0314694491118504 0.0359247761688719
0.129051524965947 0.368406313580854 0.0259932268619447 0.0538189552884842
0.0298306775975719 0.438044563777907 0.00400807669805438 0.068308996550591
-0.12901317910557 0.41884898016721 -0.0245192120865671 0.0827574487949366
-0.361164398504597 0.315890516035395 -0.059162433279106 0.0277642383149602
-0.502967299304592 0.0589787248353351 -0.00999857021650837 -0.0882659051284865
-0.445959377206625 -0.135138843393831 0.141075804838116 -0.110749504648564
-0.28307674451754 -0.282624802121986 -0.0059598836309074 0.246769549047722
-0.386863935904845 -0.204445436292975 0.107438895931721 0.118710046931637
-0.404970606826518 -0.0609049605068632 -0.016172322177062 0.0254965773046006
-0.346033831218531 0.150180544210738 -0.0705288752313492 0.0398307519732742
-0.214435196862147 0.303556919763241 -0.0909126913381082 0.145298058454386
-0.0510033934697199 0.35030551097546 -0.00404311543818044 0.190086996014736
0.0607971086687101 0.322411800063977 0.0388992727986228 0.163323842416336
0.10617949541652 0.307396161475171 0.0723190147493183 0.155025972577804
0.106822724303971 0.294140255983752 0.0794938668548451 0.146487852033439
0.0918303739635176 0.321086876533814 0.0628682721783379 0.137674328303943
-0.00475565349984886 0.357586140487729 0.0213262982776944 0.131480908451564
-0.127752448781307 0.310670658015973 -0.0180605586070042 0.103072379853886
-0.277609425584813 0.229873679929973 -0.0166757270195421 0.0340349000402939
-0.403346326207609 0.0522887691745304 0.0647661982897784 -0.0736461437762205
-0.38296506452821 -0.10222257196235 0.258898402117523 -0.0425717551371617
-0.230693520157619 -0.180968373067429 0.127636562935504 0.333818532362035
-0.290799028763916 -0.0964461573256294 0.20172120294859 0.162806221097538
-0.264766752454726 0.00858692629779678 0.0419896231743005 0.0559494176485673
-0.206931219516924 0.115920628324057 -0.071054049021151 0.0656069980185397
-0.127133970497459 0.206885953927541 -0.0966997948528765 0.209321518901529
-0.0252286639126998 0.242414224990972 0.00523834014992051 0.276937910346354
0.0477641725338827 0.230633872713972 0.0659118735285895 0.269013639491234
0.0725905032613911 0.225189746226817 0.105288368706581 0.260795653802348
0.0672191484090116 0.219425961518123 0.104237243481386 0.23713943200097
0.0436638409803791 0.227808737886102 0.0705787055605356 0.20272359485975
-0.0376620770009803 0.22943299561223 0.0145380473524142 0.171765045488152
-0.108644855092229 0.166543081243305 -0.0270284084000745 0.107523934939848
-0.162115645658791 0.121737633935431 0.00996637212039052 0.0378461264736463
-0.258724420859355 0.0377638795478398 0.112171180835693 -0.0456198465628304
-0.27614997877162 -0.0569052105384846 0.339847482690172 0.0240207124022398
-0.126228066969908 -0.0549972280682992 0.231447535186739 0.364194352305774
-0.125543109932689 0.00502400689982503 0.262057056487575 0.166737621382288
-0.0678002145299819 0.0367701700866449 0.100495368875198 0.0646426728227844
-0.0508584276039244 0.0282224935974936 -0.0457118543148394 0.0755903856909323
-0.0435097508511554 0.0642953354316631 -0.0700958319033297 0.230870637946205
-0.0128070693484915 0.0938307218560421 0.0258477379150522 0.310744361654107
0.0179330428736154 0.105266164130881 0.0929087628941519 0.326566236666672
0.0289177714899985 0.110054142161949 0.123591521776536 0.327226816872566
0.0275721474954784 0.110736507873793 0.104792115535794 0.296144760427761
0.00953198987304666 0.105028748103963 0.0527234578053564 0.242512283817442
-0.0394866815331485 0.0878990913622211 -0.00994032971516215 0.187984102085385
-0.0530992266311403 0.0389696595300869 -0.0420449478629078 0.0953479486421702
-0.0334736651314816 0.0461406491679366 0.0240045931345135 0.0406803669044002
-0.108713890389337 0.0507212450233829 0.135606567678382 -0.00675102456578855
-0.152900629248957 0.00684918702339337 0.378194625726217 0.0824085721542606
0.0181229742706422 -0.0514667425304999 -0.397046192214707 -0.130439303530137
-0.0234546830192605 -0.0887864264407632 -0.202429512860501 0.00748638055441216
-0.0694820175156834 -0.0319400507784496 -0.0589308081814984 -0.016280185101697
-0.036080690413112 0.0347690099133184 0.0541864650543402 -0.0372766042401714
-0.00991329591567201 0.0355042641607983 0.0491696992622349 -0.166230098347589
0.00671346564588396 0.0267440581835997 -0.0237989660334843 -0.244278491616214
0.013792678923326 0.0150911808980333 -0.0958905173558502 -0.293280760805221
0.0180161443519351 0.021260031290385 -0.145910336328434 -0.320426947414943
0.0232685807292572 0.0238143608858207 -0.147550013214722 -0.312671476718277
0.0343630831093872 0.0567558084678475 -0.098329203490054 -0.27521839559761
0.0153726542066369 0.0985072754527738 -0.0300007188948232 -0.219383590768954
-0.0534374308903443 0.107983971825305 -0.0136795023043224 -0.10196525693603
-0.138608978743246 0.0246066013075851 -0.127745773188556 -0.086082502404661
-0.0888024349994722 -0.0719359962465801 -0.2386655914512 -0.149881140523386
-0.0302033929018093 -0.0645649892111449 -0.270156080668903 -0.304656833582928
-0.0836759681646699 -0.141640387109422 -0.383106475501658 -0.129006348883497
-0.129657435927074 -0.141245460447519 -0.19725865417823 -0.0331745978135418
-0.170846506776257 -0.0535174014244178 -0.094065087125417 -0.0254456552675594
-0.13152122729942 0.0736014287917436 0.0409365593334558 -0.0182025714474794
-0.0690700661214238 0.132977161866651 0.0586592840689089 -0.132567337579087
-0.000670188715665212 0.147819147024529 0.0038488632707927 -0.215191039805828
0.044469660102253 0.135406627979717 -0.0708563330253494 -0.270805986359188
0.0729381989657872 0.145767474158544 -0.120667098069513 -0.288121212612734
0.0752848924951365 0.148069704676759 -0.13441322632511 -0.265207511992094
0.0797801118048447 0.193080775657065 -0.105008290248175 -0.217327545508261
0.0201025676372224 0.256643517956446 -0.0569458343400252 -0.1631922719114
-0.110541204053452 0.260944305429316 -0.0448311105345776 -0.0555613619163518
-0.289205340863276 0.138432399375338 -0.151492540005312 -0.0531011680202309
-0.296929379006129 -0.057362027317242 -0.225942533632531 -0.12945242071137
-0.206884965577574 -0.126437518825731 -0.227144159737003 -0.272103442721407
-0.173922324184669 -0.230768173672699 -0.336030154297187 -0.0849462650561108
-0.234241695379584 -0.202498982819728 -0.16437540554166 -0.0463156058835684
-0.278270457371214 -0.088946126592261 -0.112467149072076 -0.0331673456486179
-0.243368483223123 0.0996194777666511 0.0171464202502339 -0.00816556652198486
-0.144500774491315 0.222082804932007 0.042158600972253 -0.0859360012557849
-0.0215778492050117 0.261783589105909 0.018080047246569 -0.15114689273539
0.0629998359732321 0.244621561822333 -0.0421079328628905 -0.205297483450605
0.115179056542952 0.248450642475165 -0.0790163306995054 -0.213214421705187
0.121531003214627 0.243881046037104 -0.0923195564247951 -0.183923766939889
0.126365229110669 0.292804923790873 -0.0783563124738606 -0.135041635949953
0.0445411135003645 0.375854159353796 -0.0539406185254573 -0.0882906297356768
-0.11944898341006 0.385659323585422 -0.050490885747575 -0.00120892715781025
-0.367621008838229 0.26247557370223 -0.142247419505312 -0.012859368969062
-0.447099733997495 -0.000299752897486159 -0.177335576551069 -0.107120713346309
-0.351673799902134 -0.147378272234816 -0.133314407429044 -0.226488847347639
-0.248503273353182 -0.294435912508334 -0.251285134305789 0.00387295771831024
-0.332531808867349 -0.243682766911356 -0.0962415594719311 -0.0185843220464574
-0.381664066661218 -0.108527761658469 -0.102981977441607 -0.0277938801371268
-0.343893364663922 0.128120856896317 -0.0135963469294529 -0.000114920800793706
-0.209490663314334 0.297571160830263 0.00334603552637153 -0.0213552857248654
-0.0413108539370206 0.348856609419692 0.0171091458156704 -0.0538416323113679
0.0743212700104856 0.322604180694132 -0.0135999425952943 -0.100815198246562
0.137959027620519 0.313605327726733 -0.0265382537855686 -0.102796517761472
0.148122260116162 0.301011649593278 -0.0324451047234228 -0.0798150845288482
0.153224176389257 0.34728693549359 -0.0274964004397508 -0.0411993089240713
0.0639168152764319 0.436271142924192 -0.0265302174684671 -0.00745231397354904
-0.108823499815155 0.441543930164913 -0.0353852021645415 0.047548413741366
-0.377093638582525 0.338317944742989 -0.104415345580803 0.0152569740603811
-0.509947111957376 0.0591176453773885 -0.0998693753442209 -0.0933364462681466
-0.433926753523292 -0.137727902917132 -0.00517413326888913 -0.172015501421921
-0.291755262760905 -0.307019247620772 -0.132037291964651 0.121662780717763
-0.395294296574352 -0.241153162906162 0.002777492999363 0.042366510802821
-0.438379969153064 -0.0913829399386387 -0.0655498991757169 -0.00437359308918567
-0.385731971263556 0.158627718451762 -0.0455369796814558 0.0155124634014728
-0.232752724145576 0.334528299111432 -0.0449523604263106 0.061961252341355
-0.0440436614868489 0.383362938694164 0.0096128010470338 0.0668058544783037
0.0801912052976218 0.347777972357851 0.0146544704990562 0.028541852189005
0.139738418138038 0.329179122525919 0.0286153083508186 0.0245745486593896
0.145542590638365 0.314187630151805 0.0325316110737384 0.0321288413914933
0.145064164455231 0.353194820983335 0.0299683777010565 0.0501678092936565
0.0524637549099724 0.425044586956893 0.00799249466423376 0.0678205842786555
-0.105258098252987 0.414778421794833 -0.0170200331620179 0.0823802095862679
-0.334850426658654 0.326587175446653 -0.055557216823886 0.0274818242383359
-0.484744407053972 0.0823809171745401 -0.0140599412377974 -0.0869945504472829
-0.439412862351825 -0.114969419221784 0.1308695371365 -0.113348711055305
-0.28876652778969 -0.261861519912607 0.0058668665243464 0.239080377361272
-0.385089830935161 -0.179865256510789 0.112161230924519 0.10820469683805
-0.398706339030705 -0.0392156976638806 -0.0122068262269084 0.0279989250452563
-0.330281889726033 0.16509228102503 -0.0677722838148501 0.041076781322918
-0.193902691510899 0.306428065397815 -0.0800285439644396 0.148544588146206
-0.0308628484908139 0.342807600719326 0.00744912807555538 0.184985254223755
0.076728249504994 0.311379527981234 0.0452912057299122 0.15755356368795
0.119928714253246 0.295075987052768 0.0776329522897291 0.148218615678684
0.120026472894179 0.281605194084452 0.0848726212004003 0.137944442747975
0.105912559624218 0.307786438510777 0.0699005843997936 0.130267880805496
0.0157261209930098 0.348364779404356 0.0287344791409652 0.128102905393814
-0.107766968175644 0.309851149876319 -0.00959951550687783 0.102408463849049
-0.257401847487962 0.237666760043393 -0.0136350276689764 0.0305212977573777
-0.386303781021203 0.0707003698559016 0.0587248730376638 -0.074901179566453
-0.376416082626358 -0.0834595485417504 0.248885868210972 -0.0526295243779611
-0.232273055294468 -0.164315330646323 0.138833921332338 0.319948465112308
-0.285879776451137 -0.0795837430901 0.204694681073886 0.148536920960884
-0.256812374930176 0.0212231707137424 0.0455427042803476 0.0542796127051882
-0.197078292639168 0.123922598785073 -0.0671820689121193 0.0677105727455903
-0.113399759844446 0.207951026788656 -0.0823343742154538 0.210152467734228
-0.0113395647111879 0.23695247618241 0.0203842240035989 0.268013336930056
0.0593884828683398 0.223769923391521 0.077236911581667 0.25894904862049
0.0822114296373633 0.21673135390884 0.116068868773893 0.250110449961889
0.07661025709002 0.210280658138582 0.11372172524532 0.225069229116742
0.0547003860133783 0.219214336348139 0.0795423623162521 0.192463108066591
-0.0237969726105613 0.224891125437792 0.0237542429056043 0.166997137823948
-0.0968723134306563 0.168308910270662 -0.0186882180760869 0.106439246849474
-0.151126157222902 0.125387863736841 0.0124271274999914 0.0339961183909252
-0.24788457017552 0.0497126613823143 0.10539251950497 -0.049607300816153
-0.270022954198527 -0.044407778775014 0.3302218144812 0.0095458271660326
-0.125034176177464 -0.0466055179752481 0.24148461515507 0.345949632237068
-0.121015461577838 0.0111965027524821 0.262703786646299 0.150857980798905
-0.0640303741287267 0.0384014047622155 0.10232849025767 0.0592357504025929
-0.0489076345084922 0.0297585187902028 -0.0416443574805637 0.0759809248311694
-0.0397182578144185 0.0648483407295284 -0.0548974438265902 0.229110084814513
-0.00710666512821031 0.0921057303460889 0.0413658383975933 0.30051117014353
0.0239608006956424 0.102036701358189 0.106122860941154 0.313670544671137
0.0338226590922146 0.106015227462009 0.138216458516745 0.313708044061432
0.0328257243344862 0.106277138548921 0.118022556471514 0.284691144515029
0.0142409401449901 0.100581721748293 0.0641207830051423 0.232735616479267
-0.0343349046496051 0.0877928583619321 0.00109260266116866 0.183512570391258
-0.050163832688919 0.0408268283378122 -0.0346365148905684 0.0962497220982924
-0.0295812008640394 0.0451522839924848 0.0267973904451707 0.037037774142263
-0.1018972148566 0.0553067996640204 0.130360898612838 -0.0125424980071607
-0.147135103130806 0.0141226387520493 0.368843010142967 0.0640093007386646
0.00778861076143867 -0.0523329881612132 -0.391315134064961 -0.0740908906762735
-0.0331302367793862 -0.0810265478119717 -0.188285177557505 0.0330181721176893
-0.0698601075238576 -0.0212911395343208 -0.0559288540072317 -0.00571933443255983
-0.0299694660623201 0.0361405246382394 0.0481817570686131 -0.0442985649380706
-0.00406469212186844 0.0346607729192828 0.0257523249417433 -0.165495655681895
0.00834798494864405 0.0236933060230117 -0.0510018140414559 -0.230176062617938
0.0119631308201558 0.0112990309687613 -0.124978521958508 -0.272410200676124
0.0189895803061818 0.0178279404440999 -0.176384425908199 -0.28510912057864
0.0238974956460317 0.0221029284987365 -0.174865326547009 -0.279583151042826
0.0387054199945529 0.0512306103803459 -0.125016234144752 -0.248535165017026
0.027122780839517 0.0923959476421206 -0.0506563846583647 -0.204512181453818
-0.0381400107966663 0.107993119990494 -0.0232312505789409 -0.0941794921987292
-0.127238472734989 0.0428368467618858 -0.135306901406474 -0.0622822395819774
-0.0922546323546981 -0.0534419427839597 -0.248309228525204 -0.113801726477118
-0.0398631703466903 -0.0532845839779357 -0.291391845105261 -0.26389764280938
-0.102308423521908 -0.126747850625258 -0.368960069460408 -0.0692476009957961
-0.138538021374477 -0.119423261108528 -0.184940577530258 -0.00613024439094286
-0.168958792789893 -0.0296861700359778 -0.0858828033349602 -0.00785529211378343
-0.116233970529669 0.0831657457420897 0.0418230459348807 -0.0238786917522818
-0.049440100833388 0.133015419793157 0.0435070587250434 -0.135687189094404
0.0152553209631561 0.139005455846966 -0.0164185589414136 -0.208306727394873
0.0539095208824552 0.121520760903364 -0.0948302851009213 -0.253621254620925
0.0854081993100874 0.129633800618163 -0.148894345247342 -0.258176170609785
0.0885043599380308 0.132967860143045 -0.155797490713311 -0.235121814822557
0.0971101478990555 0.172895848175947 -0.119671302597004 -0.191649124376983
0.0508847089973596 0.239977201121269 -0.0658798852010495 -0.146753184939235
-0.0735781261886525 0.257824133437101 -0.0438892932872365 -0.0422383366488196
-0.253182018707884 0.168765535362925 -0.154103009997099 -0.0222626865523926
-0.281779642533269 -0.0154786560053452 -0.242171306092928 -0.0906268264509615
-0.209471605643073 -0.0901673086616805 -0.252724325087769 -0.241010491845328
-0.201464977624883 -0.201888780311625 -0.308821180530348 -0.0265704520755328
-0.243872123351748 -0.165426906460294 -0.151331085001762 -0.021726164278846
-0.274599096613437 -0.051319057210883 -0.098588140371603 -0.010553092944385
-0.219528640496895 0.119541490079314 0.0242803610075236 -0.00990791224527022
-0.110918520493024 0.225478227720967 0.0385707990261485 -0.0910649558436458
0.00847445839817629 0.248843761190329 0.00836442283835094 -0.151946802232308
0.0850009806276966 0.223431869499038 -0.0569498039104254 -0.193133653731917
0.138043035021163 0.222204138375109 -0.0995203120898893 -0.191808190424616
0.14435047164315 0.21888573047397 -0.104744349439797 -0.162792297865555
0.152703727043514 0.261352734572555 -0.0817231269818329 -0.11642222858178
0.0890023505163779 0.347778787837417 -0.0507904201007189 -0.0758359227881466
-0.066796959050963 0.37552336036343 -0.0388660368472592 0.0127822959339919
-0.310993413412774 0.295389283924891 -0.138032123709613 0.0191164153697682
-0.414631374811434 0.0552019878827658 -0.197385406422236 -0.0693316050594313
-0.346215104331303 -0.0935433955197395 -0.162760650076821 -0.207271750676008
-0.282771326536888 -0.253520298971413 -0.21213057304667 0.0518324453677773
-0.340777413427522 -0.195332320375089 -0.0809514133410764 -0.00226084378300547
-0.375355327180114 -0.0582276129535545 -0.0839719564069815 -0.00521848349683648
-0.312835171370456 0.158369264675542 -0.000308570622194212 0.00272261017281449
-0.163866663890935 0.303121929632758 0.014445671927188 -0.0256161985230199
-6.82952140678053E-05 0.334191737570292 0.0227797799925037 -0.0611072794384826
0.104963936065569 0.295556298290548 -0.0150600496848129 -0.0962087831927658
0.167569738426559 0.281081682282049 -0.0362440931679913 -0.0935718980901651
0.176657985418784 0.268910171953681 -0.0347146751863849 -0.0709531813580698
0.184934216491039 0.308639218796958 -0.0206308274458314 -0.0342657699727194
0.115257796564129 0.401690382481791 -0.0134587147820149 -0.00177047995649149
-0.0503107857136432 0.428378694831803 -0.0166106685134504 0.0586020865374464
-0.309303676088332 0.367980109561062 -0.0966695016776028 0.0423838089715742
-0.465132734299402 0.117026148204814 -0.124657453139687 -0.0617537646723944
-0.421478785924068 -0.0761601802259498 -0.0379043339072321 -0.169713148591483
-0.32388300617253 -0.260879305107227 -0.0816362951925311 0.151353047745648
-0.399825906837572 -0.187423796187711 0.0222293573214948 0.0442101888512859
-0.426061842103246 -0.0365655422350194 -0.0420481034923045 0.0114886537928104
-0.349265547955003 0.190630775920179 -0.0266938818338237 0.0220110768171018
-0.182238852059921 0.340801178933642 -0.0182642402456649 0.0595579537068447
0.000680690124410067 0.365727514063832 0.0305071904058838 0.0539942224271197
0.113274494858336 0.319255804704556 0.0284577847891844 0.0251146691796379
0.170567111455245 0.295701489729484 0.0311897482106532 0.0205984658505617
0.176987404378447 0.280981432975655 0.04029086817737 0.0283529141502142
0.177895798492848 0.313705761338525 0.0447914629695799 0.0461194441753414
0.105632209968541 0.393059424007571 0.0282911762429019 0.0654886270358231
-0.0499373387624852 0.400137037893744 0.00517653388225707 0.0897614095933147
-0.27157314806771 0.348322776271086 -0.048669181328851 0.0463000829276418
-0.439055291788455 0.13322474993528 -0.0411257017247105 -0.0654820398719057
-0.422938823981095 -0.0551056494664473 0.0994665206636955 -0.127628831957811
-0.313588542925838 -0.215760728373238 0.0619842731343253 0.244525941562315
-0.382769915105847 -0.129744910303708 0.133446465881965 0.092860591206994
-0.382607127652481 0.00833810677512985 0.0121283439214649 0.0332824605681014
-0.297488518018477 0.189251054147474 -0.0464196863343772 0.0491728178102235
-0.147797833978925 0.310100179077196 -0.0421459036920517 0.146248102284482
0.00893429906620374 0.328525934728296 0.0412606588990907 0.16700078768709
0.106924979871997 0.287020253763749 0.0716049416064283 0.146427252619612
0.148408586730434 0.266184083610867 0.0936048105274049 0.131672773395249
0.148241886001451 0.253102984996256 0.101936721907586 0.123140923123293
0.135693617260963 0.275363721096106 0.0905935950588951 0.116867214360268
0.0585670676136895 0.324470038760986 0.0531431030879003 0.120508166101395
-0.0646676472142776 0.301758041247571 0.0113006424601069 0.106502017960343
-0.209230253797127 0.255079294056198 -0.00821225342068074 0.0402327252037085
-0.350687946488195 0.109428968783689 0.0322836238976878 -0.0655299915751713
-0.359368451432743 -0.0363309100549873 0.220154051742589 -0.0815781048472719
-0.244897255048434 -0.129127642319372 0.192283720969692 0.299690827950771
-0.278024258079106 -0.044801264547199 0.22203042131769 0.1177795436122
-0.241541891045235 0.0485565619083347 0.0640936775903993 0.0468314362680775
-0.174374696881454 0.137401302615191 -0.0463018676657682 0.0735858644869486
-0.0851487449170673 0.209013259677423 -0.0406136861191432 0.207478516678653
0.0156462060106806 0.225409626023678 0.0589157132684931 0.247637926700708
0.0819870554529352 0.204986815931408 0.112013950768164 0.24148673564529
0.103609898006354 0.195989751438152 0.142280653447105 0.223103916539163
0.0983574088198002 0.190276237719165 0.138574690659302 0.202236256751791
0.0765860906914474 0.197292123832111 0.104404072870477 0.174982051523797
0.00526498005706379 0.213833390685005 0.0490671589196529 0.158316964804771
-0.0706128015746237 0.168021315260045 0.000107125267909496 0.109472394694954
-0.124574699438611 0.135239977991745 0.016446946298386 0.0350589293305041
-0.223426150197514 0.0741770369626523 0.0847403423685656 -0.050564247426514
-0.254071741348207 -0.0130472666589684 0.306701610119446 -0.0296999819919386
-0.123912448060513 -0.0284800240606234 0.279497772084197 0.304476694514444
-0.111210969737135 0.023990749144662 0.271518124566739 0.112733163276386
-0.0560136146769805 0.0430162500760618 0.109726288339261 0.0431124113707446
-0.0445134610067771 0.0335281471258402 -0.0262888890101112 0.0789172274703186
-0.0317080499876627 0.0657704313428816 -0.0185100646817564 0.224526298187605
0.00369446083147487 0.0886085777665902 0.078087837364402 0.279465018007016
0.0358640669535751 0.0950679774354254 0.142550019947269 0.292272265587881
0.0448992707734389 0.0968321165409155 0.169872555258496 0.280988844627156
0.0442911075145931 0.095306728052539 0.147505239163549 0.25730046010386
0.0253385703677033 0.0906599492839971 0.0914486202036564 0.213623967338021
-0.0212000687653716 0.0855081169425748 0.0248072222713623 0.175019824252696
-0.0418097235088201 0.0442226083804944 -0.0203730190738489 0.098373453329713
-0.0212005330386848 0.0450356048706965 0.0310725764601484 0.0317278828057179
-0.0876592428114799 0.0623712749660491 0.117522184455526 -0.0212736008791395
-0.132951783014827 0.0266897505396858 0.353144175881404 0.0202440318242055
0.00807103122736625 -0.0500174058093889 -0.372707541993366 -0.0787104594733499
-0.0321436736246465 -0.0779707384011836 -0.179127030583534 0.0270676221450277
-0.0668027594759841 -0.0203006770499169 -0.0548717397465138 -0.00540949807680122
-0.0290321875548667 0.0336944492635454 0.046813890860755 -0.0429980224802055
-0.00416506246019737 0.0327536352024266 0.0246550309512365 -0.157572194131263
0.00804902707255447 0.0222334963540643 -0.0468995425748844 -0.220353050654267
0.0103331018576609 0.0107612656408421 -0.116680318196234 -0.262881770575334
0.0181261937919979 0.0176196021107739 -0.167262736662382 -0.276203708466936
0.0221093044994448 0.0218688773318751 -0.165570187103819 -0.269466484320736
0.0370390996445539 0.0501216148278315 -0.116602126094192 -0.239127421775252
0.0265799844656549 0.0882081665818359 -0.0479300816045942 -0.196235616876892
-0.0368340739924625 0.103266565714422 -0.0220923564948046 -0.0916635642413925
-0.122333267053871 0.0408965406124705 -0.130450218908024 -0.0607556156072962
-0.0879563831229859 -0.0520453310396001 -0.235176262053694 -0.112681429977519
-0.0369089016204469 -0.0521208293887059 -0.273865751887698 -0.259094778782348
-0.0967623578139577 -0.122885967388772 -0.350812478533725 -0.0738344485199934
-0.131897304507441 -0.115565939253606 -0.175647798015015 -0.0104121587636383
-0.161554205746532 -0.029208120737176 -0.0819748042929502 -0.00744238368030244
-0.111787651936835 0.0782500101835019 0.0395517631790377 -0.0235002531873751
-0.0475367814553587 0.126382950844624 0.0411973628803048 -0.129127647366283
0.0137118828776725 0.132211880376474 -0.0136039770197074 -0.198985664231733
0.0506996395821191 0.117039712661337 -0.0887688729720707 -0.243890549823
0.0811142981247756 0.125047053375384 -0.141781224548935 -0.249702357559505
0.0838025755663946 0.130332139934772 -0.146508588532865 -0.227942094553207
0.0917401896837953 0.167679724139024 -0.112133630717469 -0.185009663425234
0.0485520444862226 0.229938502940685 -0.0624444725250051 -0.140399637238979
-0.0717481048580067 0.246662360555509 -0.0413917191733578 -0.0416661602205521
-0.24496766830631 0.160589028729968 -0.149138605511426 -0.0229133434954821
-0.270299472127229 -0.017947016780398 -0.229872079992474 -0.0906001574588274
-0.200120394955813 -0.0907322415990627 -0.238460204882184 -0.235047335316647
-0.190947561189628 -0.195664843530018 -0.295135078657938 -0.032292057030228
-0.231203539333437 -0.160868779645142 -0.144117858014458 -0.0260577228482912
-0.262083158930435 -0.0506433691162489 -0.0942449678020717 -0.0102209075815448
-0.210897241356069 0.112957073579005 0.021979982962527 -0.0105879856079092
-0.10696804194769 0.21417461449879 0.0369493925247616 -0.0856836234757659
0.00732587051118075 0.237335258434185 0.0104491272440737 -0.14579232743244
0.0797784295396851 0.215363028528884 -0.0537495414967396 -0.186938942744947
0.130512230049698 0.21481731452316 -0.0951097772589477 -0.185158963403879
0.136449087540053 0.212971107280975 -0.0993230423398096 -0.158756344619937
0.144311060287652 0.25284773277617 -0.0756848569858502 -0.113100116440073
0.0855680824699118 0.334899819611637 -0.047965079600469 -0.0714366594882675
-0.0666649152129107 0.358727074925292 -0.0361905483994033 0.0116920722444585
-0.300093527770256 0.281718173362602 -0.133770893086818 0.0156068693502448
-0.397755295027552 0.047867647317314 -0.187966130967722 -0.0706157249784839
-0.330375236390464 -0.0967251142215006 -0.153021136345426 -0.20233296603827
-0.266781965209671 -0.245920901076598 -0.203765605240589 0.0443516286648426
-0.324042987285562 -0.190679055349893 -0.0761007111929424 -0.00708872905654591
-0.358045912708074 -0.0583882125922579 -0.0787654942989632 -0.00490121278732859
-0.301374906166314 0.148657061919949 -0.00190649128872964 0.00163594978256156
-0.159633942861091 0.288462367854697 0.0142784339630691 -0.0228268320863007
-0.00146316870326298 0.319066934945767 0.0232659192413944 -0.059208361333352
0.0988485307161371 0.285073892047124 -0.015051157427385 -0.092685848089401
0.159417826985111 0.272213282021217 -0.0355693671427799 -0.0896687568846851
0.168189455147792 0.261942126368201 -0.032901052707741 -0.0695459027118948
0.174805277249539 0.298741834776404 -0.0179716003125849 -0.0342635930061836
0.110671919921852 0.386378400862808 -0.0121485235665699 -0.000350192128648331
-0.0499712405974363 0.410292651575744 -0.014967618272616 0.0562781265176007
-0.29797044644942 0.350130756016364 -0.0944163399611696 0.0378018782653161
-0.447183464838686 0.108432218666611 -0.118544868682962 -0.0621521611258812
-0.402598126515548 -0.0813431097998122 -0.0341895803865202 -0.163853296735995
-0.308132734539755 -0.25495670969686 -0.0807330928552638 0.142215727197966
-0.379613732280669 -0.182943531252447 0.0220068226249372 0.0387287588703763
-0.407079821712564 -0.0389253774273133 -0.0378450625433663 0.0110848402619364
-0.337047164700416 0.180080102429261 -0.027025283038156 0.0204854705604795
-0.17718014768683 0.324648456711479 -0.017280654009876 0.0579647591120892
-0.0012918991177951 0.350411463437759 0.0302678667387744 0.0505928683717474
0.108348394312273 0.308164852091213 0.0255644865883935 0.0242800195461801
0.163302785782027 0.287401430869191 0.0290232925459804 0.0202388081603284
0.168306914991977 0.272597041085797 0.0378064489144967 0.0266821874536343
0.168081115976437 0.303797846039195 0.0437232193095512 0.0428277675126466
0.0996310510574299 0.377950780328794 0.0281080882744033 0.0647315241740046
-0.0480963272371904 0.382945715850981 0.00563713170956805 0.0860345262112803
-0.261453708145724 0.332223549929204 -0.048099655910456 0.0415580187880584
-0.421802592018998 0.124510068020087 -0.0387317066650763 -0.064339594600251
-0.404497761272007 -0.0618823578072869 0.095872172098599 -0.121073559674837
-0.2983696602702 -0.210874990012943 0.0557979858843383 0.234386767108828
-0.364166900567317 -0.129218484258782 0.127721500080432 0.0877984982075869
-0.365867986471722 0.00417361902781033 0.0137555356321282 0.0318274816424403
-0.287281770770759 0.180934403823598 -0.0459674872023879 0.0470462655902898
-0.144584132553997 0.295565341420182 -0.0405729731249341 0.141124051787657
0.00637239319525746 0.314657179896277 0.0391162818108783 0.158681629339389
0.102113044458295 0.276615774909838 0.0666942859401507 0.141381543989858
0.141196613249497 0.257811748032572 0.0891903817447598 0.128608133183139
0.140498972899773 0.24603860022425 0.0961964148875639 0.118406333074782
0.128320212487876 0.265522803065064 0.0866903585982016 0.111377586275702
0.0560579836813751 0.311949206822083 0.0512755601060914 0.117144433604398
-0.0636118800036887 0.288978129937668 0.0119745460890464 0.102109235871655
-0.201351330330281 0.241857019294981 -0.00934023992909121 0.0364836293431818
-0.335689721320954 0.102155749976201 0.0308910773024083 -0.0623724366447316
-0.343673441355236 -0.0415382411175164 0.211170379550168 -0.0748514539252143
-0.232582176842427 -0.126704453828207 0.17957865415941 0.290725522317132
-0.2644074665336 -0.0465511341863807 0.21207653230463 0.114551879769382
-0.231531009611583 0.0443629765210924 0.063681728588221 0.0458653820575152
-0.169212927566363 0.130251852111759 -0.0458798272509974 0.0709877738552797
-0.0839392887847162 0.199434937670287 -0.0388938762672078 0.199005368097074
0.013171583987388 0.215832236033055 0.0550387282847532 0.236870327482223
0.0784639935539395 0.197812610703072 0.104657992941572 0.23304373033196
0.0988362391338511 0.190468727502524 0.135639514236065 0.21682825048758
0.0929521561421074 0.183443649417751 0.131170035457056 0.195869575899598
0.071525686033653 0.189856460615599 0.099020417916588 0.167718761898633
0.00437476935041574 0.204990413123147 0.0473014324535955 0.15295266808219
-0.0689996367743888 0.160799442799397 0.00047448950875882 0.105735596710087
-0.119795812287491 0.127670967874134 0.0151472601765355 0.0319339339818336
-0.213906954913482 0.0690409515638369 0.0807567784336655 -0.0465012069005587
-0.243043597328641 -0.0167816957013575 0.293686966098941 -0.023792610439593
-0.117906917966856 -0.0284031113261017 0.266516649145937 0.299523821463119
-0.10586202089154 0.0214664261481021 0.259574061551118 0.112339064507689
-0.0537782439155607 0.0404806095990163 0.106867296355505 0.0419865379559211
-0.0434906665087702 0.0314492017403986 -0.0260762995957416 0.0762292721372328
-0.0314253594556187 0.0623764226540204 -0.0179542291471357 0.214811566604078
0.00298972167026161 0.084983347903872 0.0727999948286196 0.26851329123
0.0342244616395737 0.0917018452741208 0.134197539596929 0.282199360145569
0.0428351314785012 0.0939778448813947 0.162220997871845 0.27158027049027
0.0418836686710229 0.0914888754641715 0.139414905832136 0.249389070920716
0.0221992569751999 0.086576906133316 0.0857792047643164 0.20486811097717
-0.0210235972457609 0.0829161399657346 0.0238260518076854 0.167778193268978
-0.0402907895933322 0.0414997835430475 -0.0189885686232132 0.0942439879036396
-0.0206725317986863 0.0417979389059042 0.0298540473888292 0.0294175478207919
-0.0834162868879644 0.0587018532088983 0.112028475833656 -0.0177391037286303
-0.126830810078768 0.0240960006910585 0.337154424589992 0.025072279780013
0.00932554103030785 -0.0488260137882937 -0.363578088103515 -0.0937372903687245
-0.0296855355604687 -0.0775078603136133 -0.176353378788133 0.0188456293675935
-0.0660776264296569 -0.0217065103939557 -0.0542725619446866 -0.00641693970270214
-0.0296220229209411 0.0322662765788879 0.0475906494806749 -0.0420953746745035
-0.00520082871471257 0.0323923152621151 0.0279599652984068 -0.153992482481081
0.00697445180624623 0.0217105435666763 -0.0386239620728627 -0.21799806690786
0.00927635950532921 0.0109757828312066 -0.106227359627542 -0.264268648784858
0.017385529965265 0.0183269318299421 -0.156896051068113 -0.279617982464026
0.0207748056694803 0.0238650270360819 -0.154111407737164 -0.271839186436559
0.035406215462501 0.0513262577955376 -0.106494884747785 -0.240166504724588
0.0247821231059592 0.0876756831436683 -0.0415457769507775 -0.194151687884108
-0.0396593070278964 0.100567763580435 -0.0194367299850722 -0.0917824402225288
-0.122767795828269 0.0368102330359628 -0.127927217717234 -0.0636336554328013
-0.0858615834698358 -0.055005498089014 -0.22733826824518 -0.12058343113676
-0.0346118850591389 -0.0541216020912106 -0.259260288850759 -0.267891945802449
-0.0913662113158189 -0.124557361403344 -0.34250922168855 -0.0879092687066932
-0.126228127779091 -0.11798719585122 -0.17226341535269 -0.0194369252101917
-0.157534183423679 -0.0331008864536573 -0.0815723547608574 -0.00890929407974052
-0.11223457097399 0.0735144702265082 0.0394212868094845 -0.0233708902139738
-0.0503844671818668 0.122941439109095 0.0436851926785357 -0.124958118096306
0.0101067319118069 0.130056826567805 -0.00677933141872944 -0.197625285320901
0.0463399343576722 0.118058049401293 -0.0800737291424534 -0.245485708316356
0.0762613541265378 0.126621053590523 -0.13269204585941 -0.251659343494137
0.0787798083091367 0.133231708913226 -0.137287789850123 -0.230794487134833
0.0853258448265331 0.169292996007555 -0.103903536254375 -0.186598923073508
0.0425495717763559 0.228400066240481 -0.0572713414001967 -0.13877700881189
-0.0784120728444125 0.242070900685905 -0.0400954650798285 -0.0427045204078903
-0.246891114707245 0.151172024841266 -0.148166035506182 -0.0285891366674986
-0.267231011382911 -0.0269417156682326 -0.223029579157839 -0.0989845189997541
-0.193799654551815 -0.0993213727099614 -0.225102601309837 -0.24342322764402
-0.181179875074062 -0.200083183501558 -0.290480271362554 -0.0462916341950366
-0.221639247681857 -0.167161989359097 -0.140312311757115 -0.0339224787370617
-0.255703156066675 -0.0582280267562148 -0.0921836133080202 -0.0121612348038732
-0.211251408079658 0.104455525196657 0.0210799247904093 -0.0109870703427605
-0.111266242126655 0.207450524042808 0.0383526835996897 -0.0828073871875831
0.000375719880179114 0.233057011730969 0.0153739925840417 -0.144350188967719
0.0720840078439089 0.216263328303616 -0.0482637927114205 -0.18732199501713
0.123067412234005 0.217367572815385 -0.0890367583038593 -0.186496394602539
0.128568059238471 0.217075594555603 -0.0934518686496188 -0.160551941165936
0.134718595277109 0.256076614420259 -0.0705576279048461 -0.115859737745763
0.0763600987356242 0.332805370388244 -0.0448635526643759 -0.070796712431121
-0.0769677010581031 0.353706031964477 -0.035717037107836 0.0101001884275007
-0.306011543088233 0.26868118547417 -0.134336013250214 0.00984423605634451
-0.394874498632966 0.0350355808795688 -0.18290942191231 -0.0781514278550933
-0.323153362074344 -0.110861275940529 -0.143669514892754 -0.207415763364881
-0.254539585660748 -0.25223007056731 -0.203452298270128 0.0336512747394165
-0.310815224045494 -0.199473387132436 -0.0743254052933452 -0.0138972415650063
-0.350322796889776 -0.0700496195478906 -0.0769183827795115 -0.0072230639442782
-0.301227320454753 0.137916836333353 -0.00236521585685376 0.00131267454046987
-0.165298910783452 0.279842845106205 0.0149012044570854 -0.0214905060106947
-0.0102379588780299 0.313581354676368 0.0258314902148922 -0.0588849184311812
0.0902142080044355 0.285046790878678 -0.0138204835472288 -0.0924606680753893
0.149778595922183 0.27456900449104 -0.0332022427953191 -0.090455981965208
0.158461883453386 0.265227064182624 -0.0311925745099779 -0.0702018649417574
0.163787281047964 0.302652575799466 -0.016029258319184 -0.0352110657435687
0.100380648831106 0.384697106552503 -0.0114980640178348 0.000822323225775332
-0.0615744171245281 0.40510296699779 -0.0154336889041092 0.0545151545349053
-0.305391212984008 0.335736468995352 -0.0963996959303209 0.0331188651696953
-0.445223813275425 0.0915018988000579 -0.114882947025711 -0.0671899701788763
-0.394157852803507 -0.0978439673791939 -0.0288068053473 -0.1645313134468
-0.29376655596346 -0.26154524425163 -0.0863666143091137 0.135679658578666
-0.367168766972631 -0.194146065471296 0.0215986609293043 0.0346077884230191
-0.400407387653332 -0.0533975151200025 -0.0361162305888074 0.00975395289101178
-0.339426213691655 0.166477399960695 -0.0286040732107797 0.0189016762253653
-0.18437625262247 0.31446823922201 -0.0187235821891386 0.0580937765147965
-0.0100503018011652 0.345663037607121 0.0295201725444188 0.0490588237278295
0.097901246462073 0.308024087622101 0.0228519297310734 0.0249316717500903
0.152666351400041 0.289537278717976 0.0278736139705208 0.021373907254765
0.159224256555711 0.276364722788767 0.0360243645698897 0.0276227968386368
0.157406506278764 0.306582968098619 0.0423173269825403 0.0425468061299899
0.0888707308170701 0.376164857927126 0.0270035841601708 0.0661159177066278
-0.058975064525339 0.377465249546177 0.00487087724917101 0.0846409354481782
-0.267696978276998 0.32023420529264 -0.0503116854280563 0.0376324235941884
-0.419084139240128 0.109998615820144 -0.0363895330862509 -0.0658107086412468
-0.397669421952886 -0.0782879530915475 0.0979561875498628 -0.116829256280518
-0.285818576987668 -0.218577450946227 0.0457263183103661 0.233292306858716
-0.352096715618181 -0.139208876127925 0.123511379802696 0.0875944256999921
-0.361134300388058 -0.00920407026470164 0.0147135701842478 0.0313970491807645
-0.290540079421454 0.168469270798518 -0.0474633664243105 0.0446569895796323
-0.152882044838664 0.286761003770834 -0.0425426274780726 0.139066162768882
-0.00199721471293903 0.310088208330388 0.0346581189042854 0.156769156592241
0.0937350793747682 0.276540144016884 0.0601612399820022 0.142500192350396
0.133218585512277 0.2600536729711 0.0841848674734687 0.130135430043149
0.13244452412521 0.248599862062921 0.0911652878062692 0.12099023580593
0.119398058291017 0.267116762168183 0.0824699231671019 0.111723035805551
0.0470375802068243 0.310283556499584 0.0485964086339169 0.118573141157619
-0.071037059282856 0.283411001237232 0.0100437942706917 0.101706490901732
-0.205990837397734 0.231964967589393 -0.0112339861952838 0.0338078801102013
-0.333901321958573 0.0903675943031988 0.0327758898648572 -0.0609755246364763
-0.337779991155359 -0.0556492865824707 0.210142209383486 -0.065732820494211
-0.223904953424283 -0.134282734611859 0.166024776290873 0.294807015334724
-0.259050760452073 -0.0554286654586838 0.205675945044957 0.11957296536247
-0.229433725660572 0.034920610118647 0.063176349835753 0.0471264456237029
-0.172007012114001 0.122521196666348 -0.0479764657876955 0.0691334411215627
-0.0896380900210084 0.193456629549424 -0.0424619447743306 0.195640865196675
0.00618816074694335 0.214517715851647 0.0478368758495906 0.235024233462234
0.0714138425714037 0.198228164431911 0.0952786722123604 0.235238454128083
0.0922685472811707 0.191657561874904 0.127879768123635 0.219541127156172
0.0865088922914977 0.184885848359218 0.123323916895444 0.198760262829637
0.0641766340340972 0.189516183705054 0.0927392868875442 0.168242677647296
-0.000852493258556694 0.202979290885828 0.0430633446263791 0.152433522429962
-0.0730233648440716 0.156636872137923 -0.00128914985004277 0.10434623060721
-0.121481775654805 0.120530248223141 0.0127099305044195 0.0297448559500623
-0.212365816715634 0.0604508944890827 0.0812112654696469 -0.0426163288641639
-0.239494395914595 -0.0266480179736972 0.289686504152426 -0.0117829452534054
-0.11478202658957 -0.0322134266977992 0.252512438480604 0.307379052120962
-0.104234838653798 0.0173088045410092 0.253309933538387 0.121399315896345
-0.0536773466082188 0.0375891951895167 0.105543490724903 0.0451300300495255
-0.0446686546805943 0.0295237038208606 -0.0280841465081637 0.0753443693039001
-0.0330242949018414 0.0605005138389615 -0.0234249759699104 0.211192612475782
-0.000234599313216888 0.0843232189977802 0.0635025589323733 0.267754186536625
0.0312577432310231 0.0919034147432817 0.122760682352901 0.285363346094126
0.039750137549981 0.0943059961149716 0.152761917214228 0.274747904114423
0.0379307957611931 0.092150979829876 0.130433324594826 0.251717188546498
0.0181594478446725 0.0856576388530788 0.07808052185322 0.205050000208854
-0.0234402094585683 0.0818394294369077 0.0191631099889925 0.165926482999166
-0.0416253704351841 0.0397724348470436 -0.0206857617864698 0.0929402718976004
-0.0219604281552231 0.0394159452416786 0.0289485208856143 0.0279519859110578
-0.0834675391697743 0.0556244146964038 0.110423803685434 -0.0122228436225961
-0.125066877729103 0.0186948337941918 0.331318045729495 0.0390625967266935
0.0111252157681865 -0.0501445843418329 -0.368434326248537 -0.111471400178431
-0.0284212193331409 -0.0798986634606642 -0.180368928252791 0.0113803192446553
-0.0670035380338892 -0.0230552809836016 -0.0557231822191965 -0.00718067580087835
-0.0311039683211818 0.0322618302724446 0.0500901323348883 -0.0434460694477791
-0.00626333370344263 0.0332604199352752 0.0317542918285044 -0.155828139785066
0.00649303704730761 0.0216922345685207 -0.032765953690888 -0.225198109558526
0.00855920474581719 0.0117772728695128 -0.100101574653424 -0.276418547980271
0.0168705251432823 0.0194883808279944 -0.15357443684356 -0.292352722529784
0.0206179792240424 0.026081501716043 -0.148587426355635 -0.285517957705829
0.0351796163006079 0.0548274109825696 -0.101114556818674 -0.250274951351355
0.023989903436805 0.0902662518196738 -0.0374210861861978 -0.199731825845341
-0.0432653594453075 0.102217697768201 -0.0174638220742711 -0.0956025842979366
-0.127380157059529 0.0340947359326714 -0.130346529680919 -0.069648013950713
-0.0869152804377535 -0.0595919795127484 -0.228352528175053 -0.132452622197639
-0.0330557391187528 -0.0578191034329692 -0.254636096248443 -0.28711395448446
-0.0892006611007818 -0.130848595706248 -0.348240945245776 -0.105712187590554
-0.124508685107328 -0.124712583292187 -0.174814464812867 -0.0288656618317603
-0.159817863110277 -0.0390879142275972 -0.0834653741891169 -0.0106602591978698
-0.117570810368215 0.0721034029927774 0.0401650023808191 -0.0236545833249326
-0.054631145020364 0.124484176249717 0.0474360758333431 -0.125741714596831
0.00669330789425037 0.132783298312618 -0.000375496510539634 -0.202684362100013
0.0434690253849825 0.122876152454461 -0.0747087607495296 -0.255270106789121
0.0747999383469362 0.133118593216726 -0.129043564429454 -0.26345082174318
0.0772014666400206 0.140914018818998 -0.134127646609034 -0.242455921827225
0.082757145607315 0.178328744593721 -0.0995975605844362 -0.19643716447217
0.0380930176662093 0.235337439778679 -0.0549363546531375 -0.143606541134691
-0.0868790171840241 0.24607134585444 -0.0399201079803925 -0.0460347668693638
-0.259358186684608 0.147582653234385 -0.152137786461479 -0.0348163882023939
-0.274076782074971 -0.0367477231769466 -0.225492074283673 -0.111279701602105
-0.195557801609334 -0.110963770825656 -0.222316101769683 -0.259999713117424
-0.178579030287665 -0.211903095713529 -0.29718579429486 -0.0610435879102512
-0.22050506056979 -0.178413973179251 -0.142201521626257 -0.0439312940088623
-0.259396601423007 -0.0680464496130107 -0.0943982157795081 -0.0149243050224691
-0.219593917780947 0.100917326502283 0.0210132926748188 -0.0110436757929858
-0.119543113902405 0.209119554703079 0.0413970002818377 -0.0820101254564711
-0.00563613495466906 0.23803580812869 0.0206573686467758 -0.148765240895818
0.068049846928376 0.224470798778486 -0.0445955741564692 -0.194191682956847
0.120605508670611 0.227450825411486 -0.0870377896431033 -0.195725866244701
0.126454513017596 0.229569270738796 -0.0917542740940529 -0.169085081703192
0.131617525664572 0.268598455227701 -0.0678319593711203 -0.122171338956351
0.0704353754372743 0.344123220276043 -0.043351975702453 -0.071981984743343
-0.0881292259601788 0.360458297422265 -0.0359860381698577 0.00843024578322618
-0.322385289330598 0.265810615681264 -0.14047457750227 0.0044281168335071
-0.407140126067792 0.0228537637410035 -0.185490074695848 -0.0885983062452941
-0.328262454926471 -0.128604848683646 -0.14056625840897 -0.22042299636604
-0.25186425362337 -0.269323776067661 -0.211448442548436 0.0249996249780964
-0.311649003773663 -0.215184233716876 -0.0753107288945559 -0.0212818036903557
-0.355465493591674 -0.0836634364132607 -0.0775033770971314 -0.0099796205088323
-0.314675480522463 0.132042685344572 -0.00360643803827561 -0.000225031549390567
-0.177569463190859 0.281729926827619 0.0160546028668899 -0.020101628892374
-0.0188489553262862 0.320319088378815 0.0288093140617621 -0.0615059136097568
0.0843500003852719 0.296842638059767 -0.0127136902452856 -0.0953804140231774
0.146633562288042 0.287721136534549 -0.032402080520581 -0.0939591634357724
0.156260239293787 0.280404535789164 -0.0306076878830293 -0.0737762015375172
0.159678663786417 0.318134381304769 -0.0146051958097879 -0.0383442482422597
0.0937485696101515 0.398730137321448 -0.0106410309615663 0.00296062794695216
-0.0742503051202727 0.413908703818507 -0.0164563130509555 0.0554032535642136
-0.323932993687361 0.334256726512267 -0.102234106563996 0.0288753158138863
-0.460256598163951 0.0782114296621353 -0.116322471317799 -0.0745215866668194
-0.403197950601223 -0.118468910064169 -0.0250534273880031 -0.170932312849915
-0.292799865851593 -0.279753848793713 -0.094621699119638 0.134876087272353
-0.368670519163428 -0.21186492787107 0.0208161534443845 0.0320543633903977
-0.407047784816739 -0.0687520826613308 -0.0356759722170127 0.00823649441055327
-0.353900646624211 0.160188894044187 -0.0306602838269869 0.0177506725445437
-0.198413743743033 0.316214528700518 -0.0192757003000805 0.0597940933515617
-0.0209005190070524 0.354227778332174 0.0293792955614819 0.0495898157259084
0.0929413927484035 0.320502193942629 0.0206569006466353 0.0267750893771733
0.149605540014011 0.303668430737945 0.0270332944952975 0.0231221918824966
0.155867583489342 0.29118576436684 0.0353532519994955 0.0293748861997207
0.153470628418752 0.321706601956721 0.0423798999877696 0.0433715672011582
0.0827561175201723 0.390895479176806 0.0269022700624006 0.0705309755260081
-0.0712963328349505 0.385646668752019 0.00352449737817192 0.0879995892076649
-0.284174557002627 0.31920306933735 -0.0548358791944598 0.0356937505356996
-0.434649070448479 0.0982805679039449 -0.0356016949962135 -0.0703987869625466
-0.404562678297741 -0.0972255358336027 0.102817112860509 -0.117206535733933
-0.28565670972958 -0.235289108291907 0.0374385066970101 0.241098930850613
-0.356553538874187 -0.156587114390436 0.124117854518397 0.091424131429135
-0.370305882199724 -0.0217629029061186 0.0157137495641011 0.0321769086670226
-0.303421751185594 0.162939423126178 -0.0510463259887362 0.0445599448743925
-0.165001406163445 0.288999317709252 -0.0466390765517571 0.14126641090953
-0.011345048514641 0.317719053998315 0.0310651553579455 0.160779939551259
0.0882135996517207 0.287461766828316 0.0561726274112092 0.1490322787383
0.130220578812162 0.272938902968646 0.08253517557212 0.137378664493918
0.129771798341561 0.260650509422329 0.0896678275612652 0.127569751385685
0.114523814910005 0.279074773025547 0.0817814281080581 0.116238430330089
0.0416330565189517 0.320481751726255 0.047825272644282 0.123849849735284
-0.080128720769887 0.289156797697713 0.00891769095300627 0.104859999433616
-0.217435389875537 0.230108895170913 -0.0145476330655172 0.0329927793405204
-0.344693345458272 0.0818095801473982 0.0351499472644536 -0.0618135808582174
-0.344084543928272 -0.0704527157529867 0.215999528248514 -0.0606619975855381
-0.225283088177413 -0.145285037193163 0.160907113924 0.310894459526158
-0.263550881175576 -0.0663298913807654 0.207051214030105 0.128468672309602
-0.236122066127355 0.0274680661873724 0.0650678837388727 0.0492045527831221
-0.180774662374164 0.119551206589389 -0.051622268415234 0.0696957757113114
-0.0984925155443597 0.195805132513315 -0.0491853066241926 0.199379610067389
0.000769909607710199 0.220158116031051 0.0417122500934795 0.242637159210081
0.0681965016374249 0.206311711169163 0.0905255254532 0.24523554930431
0.0899806842400575 0.200842063887299 0.124874081875763 0.231082931532004
0.0843246087848697 0.193756699502514 0.12154532802351 0.208846808464654
0.0606419724900155 0.197242944250483 0.0903272663664127 0.175433960485951
-0.00585107004897077 0.208894393127102 0.0410257865394252 0.15816498965786
-0.0795109780078705 0.157702445421365 -0.00350445704140869 0.107780422544982
-0.127937980930271 0.118317036473956 0.0114974966003139 0.0291534900522231
-0.219754125046072 0.0549322816627696 0.0842983334413921 -0.0409517559552628
-0.244256250405557 -0.0367612898155262 0.296366272311463 -0.000907349586049909
-0.115778390242487 -0.0366951054530148 0.249095412156612 0.328183853063049
-0.10686547328333 0.0141345638089713 0.256419979481283 0.133630801332441
-0.0561028864518801 0.0357389074980706 0.10825727117218 0.0486980825514229
-0.0471471391488798 0.0282818142422461 -0.030518254904193 0.0765606840852834
-0.0367777926919293 0.0608531018126719 -0.0297968178576117 0.215182631311636
-0.00225965733773515 0.0870985710616761 0.0565851420501515 0.277026826368667
0.0297422920536345 0.0950571914678696 0.11816658740518 0.297906358325048
0.0386365502423439 0.0989051382909657 0.149659838032161 0.28864208280585
0.0361781085706638 0.0963561788612268 0.127353675681891 0.26438986472516
0.0150595178544973 0.0889533060119882 0.0730314768263518 0.213063915376987
-0.0258578567681335 0.0836223478107958 0.0160966907853099 0.170740894896119
-0.0440490506765068 0.0394992126249531 -0.0233330712848798 0.0955289299651858
-0.023196198122214 0.0383368015874319 0.0278412728685601 0.0280620326845138
-0.0866338471100421 0.0545757516820126 0.113178836782473 -0.00797900335411011
-0.128412831193218 0.0150128182414971 0.336733364964949 0.0526653502051059
0.0123601321399412 -0.0531149365896351 -0.38967525200378 -0.124148584830144
-0.0302202229062945 -0.0842058981234143 -0.190418235697889 0.00886356994000343
-0.0708772076979791 -0.0243011074579182 -0.0595471287433144 -0.00644573970570877
-0.0331864941346957 0.0345420065903181 0.0527815968390902 -0.0469493001037487
-0.00587014000368426 0.0354365726451144 0.0319434472558171 -0.163805857102241
0.00632857855866871 0.0219693529653186 -0.0344216042974196 -0.238589240668561
0.00824307605964558 0.0126219748891454 -0.104994354824944 -0.294949598423378
0.0178559587001349 0.0206446711648344 -0.161749007328993 -0.312706521009409
0.0216260863004595 0.0285650541960563 -0.157052433442894 -0.304472266333415
0.0381096474772935 0.0586645727483942 -0.105773709691985 -0.265875735015855
0.0260351657813851 0.0952024021531443 -0.039220164346893 -0.211974671123086
-0.0458600032443669 0.108808337136157 -0.0190453190035806 -0.102656242074357
-0.135994601254462 0.0365752828475472 -0.139024138867017 -0.0747071278956505
-0.0922842858877517 -0.0637157015334244 -0.24090341995329 -0.143421796844082
-0.0349254538763157 -0.0624180878935466 -0.266726562629567 -0.308923840663671
-0.0934985485175328 -0.139530101325452 -0.36961830725219 -0.119395504286823
-0.131131534149698 -0.133000792128812 -0.184020963191814 -0.03415846236653
-0.168414193926874 -0.0416101143327216 -0.0883183601783455 -0.0101956108809867
-0.123630335453551 0.0760453659983473 0.0419883517751486 -0.0253989080249291
-0.0579967043817805 0.131503558535277 0.0493281176081181 -0.131250313537524
0.00636412144201558 0.139716766268133 0.000498057671299683 -0.21581568009806
0.0460544326595699 0.130764211532428 -0.0788488329602167 -0.272590144817103
0.0788125739240519 0.141828201871901 -0.13686564083502 -0.2815638982736
0.0819122077923601 0.151852575621147 -0.141898060304258 -0.259305434853678
0.0883687942581233 0.190280788777334 -0.103782116145897 -0.208926718974523
0.041347406864382 0.248738229812481 -0.057466382321226 -0.150895709882304
-0.0925184094660487 0.260943976172748 -0.0420264018860556 -0.0493342516671783
-0.27548884012967 0.156306917905265 -0.162906362298196 -0.0382348621532132
-0.290926600499931 -0.0414536283817446 -0.237477761483253 -0.121940633173075
-0.206891911346347 -0.122123902512177 -0.23314367348938 -0.280394218183238
-0.187815062104794 -0.225056373600858 -0.314670312197608 -0.0699612652785673
-0.231841049512719 -0.190323404678209 -0.150074037802382 -0.0507243475052817
-0.273254774244551 -0.0732810533730374 -0.0988901597551804 -0.0155891535433873
-0.232489575984762 0.106038415115708 0.0212115907414285 -0.0129381885675582
-0.126651167239081 0.220900038270744 0.0434992310973338 -0.0851504420192819
-0.00646851260807163 0.251990088434486 0.0224682125485538 -0.158761323099611
0.0723513803709066 0.239399595171934 -0.0482144088906817 -0.206318203385551
0.127820310764564 0.242403046950842 -0.0930012862086646 -0.208046599278336
0.134496724893633 0.246291573806301 -0.0973391325975322 -0.181057808770175
0.13947346922956 0.287954576995467 -0.0705796036244873 -0.130642261521734
0.0760160750191796 0.365549379701171 -0.0450912031351849 -0.0745419702729944
-0.0932251638756302 0.382082912263286 -0.0384420619490196 0.00857030677872152
-0.342277427303155 0.281423069423049 -0.15113990766709 0.00247930790331103
-0.432191453380023 0.0204101097581916 -0.196515475915769 -0.0970260812473587
-0.347643958395234 -0.142175283357019 -0.14882381181943 -0.237102918078349
-0.264686969625136 -0.287064253946187 -0.226201837388407 0.0223761730572197
-0.32775815716466 -0.230920855194215 -0.0799448005776181 -0.0275096192953
-0.375549809009853 -0.0917658261075494 -0.0811442112300957 -0.0103784903433273
-0.33278209493853 0.138733776660475 -0.00474186546624084 -0.00140427429914457
-0.188669221264558 0.297064479829599 0.0171842286528558 -0.0196583037478687
-0.019732046227024 0.338838648322458 0.0313620404276335 -0.0666946883059472
0.0902263294779875 0.316219338563305 -0.0150141172692859 -0.101372451253211
0.155594755838009 0.306606698567603 -0.0346810514293478 -0.0998601005293531
0.166745963382129 0.300860663765368 -0.0333004339501517 -0.0786741743662717
0.170703412782532 0.340448458525539 -0.0147310280404804 -0.0424666431077408
0.100673978400039 0.42439940594313 -0.00969273260270187 0.00455999618955138
-0.0789271274122852 0.439195448945136 -0.016353606713412 0.0578815261928024
-0.343888688142399 0.354206462661047 -0.110721184493784 0.0290490914579375
-0.488964061479479 0.0817667302248964 -0.123272948213046 -0.0818707400414775
-0.426712735792223 -0.130131886261247 -0.0274619141288718 -0.183739402639207
-0.308051223418718 -0.299195931173224 -0.102569571070777 0.141732940291839
-0.388047860429049 -0.227275917525811 0.0218500909530382 0.0293684676982756
-0.431115623266302 -0.0764729644383224 -0.0363950861705298 0.00825809893621588
-0.37602061888948 0.168979025924398 -0.0334459463584223 0.0177207874269771
-0.212093667789036 0.334963743824785 -0.020244583037167 0.0642447031464064
-0.0216186662580686 0.374809797182046 0.0316986776730721 0.0510950970967363
0.098356535916592 0.341215745306725 0.0203276730117201 0.0286122583584842
0.159690130051614 0.322906052507348 0.0281182034931655 0.0254554921452115
0.166587086919695 0.311481383259371 0.0369844636365169 0.031578311860004
0.163632228027959 0.343496257639776 0.0458306995399796 0.0452718799037115
0.0901496628972335 0.413858034882509 0.0304504655852834 0.0765888611700947
-0.0737064959063329 0.40909190703542 0.0047757672828758 0.0927720317037408
-0.300218427382205 0.336170050340516 -0.0604728644148745 0.0360347679792571
-0.461125303152318 0.103168449736205 -0.0382745058382602 -0.0757119018636132
-0.428998940862191 -0.107972144641091 0.107952581754297 -0.124682937832499
-0.302205846508742 -0.251946018153306 0.0376796362146137 0.256659869335033
-0.376515472315305 -0.168860857503157 0.13047551281841 0.0937810040744989
-0.391270195184729 -0.0271765285736818 0.0178861558344298 0.0329993389790358
-0.324240028990554 0.170630364629211 -0.0546374811790079 0.0465053975325575
-0.177928105270593 0.305950790453686 -0.0483264612244521 0.15013241963254
-0.0116465284484108 0.336813710109203 0.0332616647577106 0.169042753482751
0.0940807908013101 0.305801578705252 0.0585974245310671 0.159048282877773
0.138301348415471 0.290438532371432 0.0869808229885563 0.147591498358132
0.137978383767062 0.278473992317982 0.0951814273861336 0.136505607037249
0.121866841614028 0.297700231546571 0.0866230829930118 0.12275839188106
0.0456292387792436 0.339609730913315 0.0518883029394141 0.132888381719072
-0.0851034749710643 0.305404667306531 0.0101185295770107 0.111738249097602
-0.230813349109576 0.241568427210661 -0.0173300388037014 0.0329762852053243
-0.366117405008297 0.0849014286220915 0.0367220715434538 -0.0661164907259354
-0.364359667087555 -0.0798717620331058 0.227924835514231 -0.0620548028427501
-0.237396808883286 -0.156519543952451 0.168033901741781 0.332827748754215
-0.278149896140739 -0.0724715247122987 0.218323347984046 0.135569376978834
-0.250156343678261 0.0257993527886215 0.0693844323890541 0.051553172529762
-0.193006199377276 0.12539286007652 -0.0553375798010466 0.0738434949567175
-0.105591160368922 0.207074227402236 -0.0512046105036511 0.210696708987227
0.000115820902213355 0.233973407918315 0.0436828229719319 0.255935517792197
0.0720495527560193 0.219814906455295 0.0951139428030833 0.262908303904164
0.0957234826483268 0.214144549906471 0.133034934856011 0.247263130725667
0.0893408269506186 0.206636942797634 0.128923807258232 0.224056668893519
0.0632656053624806 0.210286540414641 0.0954285915857077 0.185559955348254
-0.00491957437134907 0.221778423807844 0.0443687303928852 0.168177433860242
-0.0839976177497717 0.166832985902377 -0.00296280994923409 0.114164135937851
-0.13571915907772 0.123392943879206 0.0111283212760892 0.029475989905469
-0.232120680838143 0.0574872559180524 0.0889448122958003 -0.0425055909627699
-0.258604150705206 -0.0417136400619099 0.31308174646919 0.00233526313667112
-0.122166697934684 -0.0401585694834375 0.262634665613931 0.352478495061678
-0.112992303930484 0.0145070498951024 0.270076722604505 0.1444876470142
-0.0594001651269921 0.0370728644032254 0.115274984482206 0.0517961963740423
-0.0512335505427985 0.0295687174064784 -0.0319142158798629 0.081803357014705
-0.0395846541290504 0.0645738033329854 -0.0302736181168048 0.227033812251052
-0.00273730705999151 0.092806665662847 0.059613108640611 0.294023041993809
0.0318202439447659 0.101960899923768 0.125217975208238 0.318297612086002
0.0416246025501158 0.105730090852663 0.159011808391969 0.308313899636409
0.0385291294311196 0.102406861311971 0.135873941053289 0.282582932929581
0.014766490283557 0.0948147115214415 0.0771287355627811 0.226185452974694
-0.0280047211944676 0.089612730703443 0.016831373280531 0.180838502783027
-0.0473312124402397 0.0415182333870455 -0.0238578626440797 0.101052450298245
-0.024091088666036 0.0395362731961103 0.0292195561206502 0.0280186672681828
-0.0912034944531126 0.0570653234530246 0.120116388827774 -0.00601616099736642
-0.135318817787219 0.0147591213234119 0.356251215050909 0.0606343497415987
0.00718796383037059 -0.0614355911468115 -0.435732055665068 -0.0635677674112334
-0.0443261676149784 -0.0863359144383721 -0.195734261016138 0.0421730103884308
-0.078323669870088 -0.0148043829074985 -0.0591884104888193 0.00336288732029838
-0.029166725022493 0.0422262965848676 0.0471215304043166 -0.0621644746613591
0.00179274134336895 0.039509280102289 0.00371825451183009 -0.179113674606082
0.0108731408264525 0.0227222587744634 -0.077410787575345 -0.248442185391861
0.0113215110869444 0.0126829733273236 -0.166268574630088 -0.299398572335728
0.024228325503955 0.0192484564479906 -0.221242013039384 -0.303691551782631
0.0297076479207423 0.0268626459989478 -0.215890519213433 -0.298134179799389
0.0528760592154129 0.0547195459956845 -0.153826511317991 -0.2646130794565
0.0449984830820178 0.0948908056726282 -0.0748118938920544 -0.220038218449238
-0.0310637372015629 0.121450196344014 -0.035960955040597 -0.10767694307495
-0.135211614205026 0.0611612259025563 -0.158757314905747 -0.0546207798732273
-0.105126307801315 -0.051607223214798 -0.277755167591932 -0.111183795163127
-0.0458483981779027 -0.0573243864812148 -0.328266723643781 -0.292922003898701
-0.121444464220626 -0.135666574288337 -0.399424091394524 -0.064145230163305
-0.158093150750859 -0.122907554242423 -0.192291752024136 -0.00607717683750243
-0.183748194773292 -0.0184883216519703 -0.0844442800114932 0.00261668488029145
-0.118721056811276 0.0987649770946 0.0434840632803913 -0.0397484569486813
-0.0380718551551821 0.147389095295994 0.0295499049687497 -0.152932473195747
0.0293647214514797 0.14674111537942 -0.0378112150880999 -0.235603854090148
0.0688375552799769 0.131851869683401 -0.134486953758269 -0.282972818727422
0.108123725466875 0.137458538850551 -0.191606627936252 -0.275687189455005
0.113328545450719 0.145953712424623 -0.192843533538527 -0.253599783311735
0.125191369971336 0.185755652639713 -0.141202318317749 -0.206211499446756
0.0858998223372207 0.252300126277429 -0.0839485425902382 -0.153737219984581
-0.0562710403568775 0.287065037676509 -0.0486329806847123 -0.0496893384705153
-0.261566903809754 0.209003667406849 -0.175609624686113 -0.0116412803114759
-0.30872379878537 0.00299119976645102 -0.270206543789175 -0.0851122633645368
-0.23384552786243 -0.0936959503740825 -0.291068752340776 -0.267681438809203
-0.238691532185327 -0.211355848162172 -0.323539476179254 -0.0209250008266128
-0.273739780279971 -0.169013246836408 -0.154479899960278 -0.031190842534324
-0.299409022389499 -0.0366436921495928 -0.0894669190314571 -0.00382616261480266
-0.229408122728686 0.145453055103056 0.0300801377255167 -0.0243934220345855
-0.0977721978325579 0.250875003750557 0.0353586718348907 -0.108335083119911
0.0333932323496646 0.266242179942951 -0.00431763181093052 -0.185593212820455
0.112641058126016 0.243238370930315 -0.0886720224992144 -0.219679320007132
0.175097248149383 0.236360290535506 -0.133550464617556 -0.205756222044071
0.183930286301884 0.236878486588532 -0.133135247686735 -0.178149736883377
0.193930551162887 0.280225029743763 -0.0928969240500427 -0.130213961758393
0.139993889809391 0.368097303838765 -0.0572225097808216 -0.0761011363219866
-0.038896525676273 0.415690967561588 -0.0330367900744518 0.00958839668463107
-0.310700940870391 0.350104835351567 -0.153772049136254 0.029674234519804
-0.445202694651526 0.0898452460907157 -0.22259794662246 -0.0630934936837283
-0.383636653269523 -0.0943955160562338 -0.197126423799197 -0.232652387726571
-0.333601300272725 -0.263632381493482 -0.203354546677375 0.0627365560362413
-0.38183508413348 -0.19692973268575 -0.0714969904425793 -0.0192806503847091
-0.411634877661688 -0.039690758750495 -0.062987584762306 -0.0040559554636661
-0.331010426333387 0.193058586181654 0.00979553666105583 -0.00991644153695662
-0.152360567116584 0.339949548592309 0.0227512147058683 -0.0399141009017991
0.0323088956096236 0.360355073504245 0.0203099179081821 -0.0943812004089685
0.143294874663241 0.320972526373167 -0.0338684823631228 -0.115370325405155
0.214434713568059 0.300111130763357 -0.055338045864115 -0.100741206113818
0.226376178069013 0.288918217427741 -0.0479817481500808 -0.0797484326647775
0.233906812310988 0.330100294077591 -0.0191368773660956 -0.0457760450275451
0.176090207061836 0.424283081540204 -0.00669815262879499 0.00117614994367283
-0.0144347535469966 0.470763174073196 -0.00135397716268738 0.0578238377931446
-0.299150594802003 0.426440401840641 -0.105048327549399 0.050260823326168
-0.496811372422133 0.161962743443937 -0.141597369637424 -0.056973133617372
-0.466101046002403 -0.0715358366089396 -0.0615379084188478 -0.192233298430458
-0.384908756311057 -0.268837213579159 -0.0466346223839004 0.167751051914758
-0.448068767738536 -0.184401540258797 0.0476281574459789 0.0224387925233096
-0.469165218031712 -0.015770206492349 -0.010464412095334 0.00455455715127543
-0.373224042179468 0.230986587237723 -0.0147705553988841 0.0141179413867651
-0.173152020500488 0.383011912997195 -2.02768425815634E-05 0.0524597754231837
0.0347596781907643 0.397455960206897 0.0406931848709219 0.0280098207560278
0.156000902478214 0.346189520424743 0.0285847242450905 0.0168052802730481
0.220635514949767 0.316988749097292 0.0318102641032 0.0208966195277606
0.227307634295629 0.301157729691851 0.0447398718470621 0.0258089330555136
0.226931528485614 0.334915913393163 0.0589178290570151 0.036803548162244
0.16175631993754 0.416399874109704 0.0481243009844081 0.0717275624284365
-0.016127071397571 0.439486103034653 0.0270266859992223 0.0916929520416568
-0.257898796469595 0.399466033261223 -0.0515645090392785 0.0485252170530276
-0.462849233613228 0.180091513970664 -0.0505139168198002 -0.0645891175561646
-0.466092655935057 -0.0465547194365838 0.0911361669924785 -0.148858682370982
-0.370947525588186 -0.220581222391965 0.119834501034231 0.264993466383119
-0.428544147335005 -0.123002467607376 0.172606936888219 0.0723756654504134
-0.420639663179521 0.0310128845234144 0.0479455907911377 0.0201935132109855
-0.318147700626077 0.227526869751206 -0.0343028355330959 0.048552285101158
-0.143224513201658 0.347295274449014 -0.016621460166056 0.149427826660324
0.039443365818072 0.356118870860846 0.0620465937747614 0.155669679252274
0.145159906724203 0.310299218656267 0.0936215967804416 0.1509854017167
0.192677922615806 0.286211040361717 0.114791093092643 0.140134768739981
0.190747401014813 0.271331013157449 0.12472025014044 0.127777656939332
0.174962862207279 0.293214168849438 0.114617547019937 0.112861419642597
0.103520693304323 0.346544957483009 0.0803130408065615 0.128167644768576
-0.0427902246109402 0.331916996066105 0.0349624952825174 0.112794167387058
-0.19969219928372 0.288940502100728 -0.00886614660927529 0.0377839266474218
-0.367532505835595 0.145256554650202 0.0295774972914499 -0.0671701269970373
-0.393253261506991 -0.0278996498542629 0.229047424529945 -0.0990514267230658
-0.286021387142749 -0.12754187392093 0.263359921752782 0.322355505346399
-0.308940875124063 -0.0347512549266267 0.267072375837741 0.102592678925443
-0.26290923314483 0.0657357834005784 0.0962441361591073 0.0332392233746723
-0.187762413337643 0.159672689582901 -0.0351484890375716 0.0810523195250132
-0.0842884788323677 0.23284372640677 -0.0106907093797063 0.219052676178109
0.0354288309380222 0.245978606847315 0.0886998439278487 0.251694971294002
0.108904444696796 0.222270409633971 0.15200168118083 0.257579329873251
0.134699810899525 0.212123310708215 0.180142980830953 0.238283428026083
0.126840897379738 0.203719009135495 0.174833551235734 0.216104260741915
0.098442711244391 0.210272625174562 0.13279719321205 0.178979886269013
0.0302151239462081 0.232051034690112 0.0773721116246266 0.168215639403384
-0.0640432551004395 0.185891673535191 0.0196764600782994 0.120234048993939
-0.121157292283957 0.149128810053209 0.0179800552509354 0.0289268910805703
-0.232609514246931 0.0963784387188516 0.0879087520576299 -0.0528919236014921
-0.276064342047519 -0.00533629520379738 0.330079690735932 -0.0431159227228429
-0.141712811781402 -0.0223519502102218 0.35338367367733 0.328147958945081
-0.121066006310125 0.0334929829537008 0.316458608397707 0.104986270894633
-0.0581679188934914 0.0477515982550387 0.134407453069452 0.0302552458200422
-0.0517871007093122 0.0374046117595002 -0.0153681125497439 0.0898759106766387
-0.0357886138980178 0.0730294726223857 0.0107441298142293 0.240157195752804
0.0100799881141133 0.0977222284731693 0.113809040077563 0.29712818007812
0.0486984369099293 0.102755458165206 0.19360371113093 0.316456581570346
0.0592000086427764 0.105991943349974 0.218277259886774 0.298235382637972
0.0547896468614064 0.103118414407054 0.192341890448742 0.277949577565689
0.0278632610568421 0.0974241073271006 0.119582462161423 0.226246005885008
-0.0155234855104294 0.0975481570671543 0.048503951237794 0.188242383869042
-0.0440084178849961 0.0503670954447032 -0.00674291549696255 0.111510264183296
-0.0190620423194113 0.0440730843217283 0.0363271515858835 0.023959721340224
-0.0860986165973331 0.0744858753597821 0.126428847101882 -0.0230638504624802
-0.138414569706964 0.0344645815244932 0.385450245424304 0.0122702647504565
0.00163256071824685 -0.0636634109177608 -0.453862051832113 -0.0311537477727713
-0.0534336082800465 -0.0843291918069006 -0.19676079522307 0.0572938868030235
-0.081459427872907 -0.00814684131168376 -0.0592411033955182 0.00916668488406123
-0.0250606608426599 0.0458092855255848 0.0416673735284932 -0.0686727349918758
0.00589029054577177 0.0405160920444332 -0.0133557897077596 -0.182008421409611
0.0118922301096528 0.0221616813384685 -0.101828222630959 -0.247586249722643
0.0120442882855074 0.0115931121477201 -0.198942213591108 -0.293151211281835
0.0262047627284282 0.0182299217013487 -0.255219723855381 -0.293493025955251
0.0336286302808983 0.0260097338959571 -0.248554660222064 -0.288286037602719
0.060426280956793 0.0520141317216322 -0.18028591147417 -0.258559008262828
0.0558041112274914 0.0918165979534854 -0.0964556688713522 -0.21832586309427
-0.0199227661506167 0.128024390532127 -0.0475871868897648 -0.10776180230575
-0.133419822738472 0.0758727577583008 -0.168501134307681 -0.0418722459458983
-0.112639156895622 -0.0440400066832265 -0.293622430156544 -0.0915686837702447
-0.0526542254022834 -0.0561829383247782 -0.362529552168371 -0.276312391855735
-0.136274571541335 -0.128304285773307 -0.417976228117927 -0.0346412813700439
-0.172178446049661 -0.112417835635417 -0.197927450171402 0.00650165892147756
-0.189327201239879 -0.0028137404545687 -0.08506140258077 0.0102697052691942
-0.112154425673685 0.111943615551632 0.0406438009891347 -0.0456960836783904
-0.0249853957983096 0.154329685922001 0.0161553961742628 -0.15759366263465
0.0434155324735057 0.146972700477505 -0.0601831738660502 -0.238364965006793
0.0823637680443355 0.129218688191926 -0.164597264558013 -0.277741128233724
0.123816137089453 0.132004236267218 -0.222384827495212 -0.267289681897209
0.130928171190576 0.141324667763838 -0.221220389324581 -0.244431099352584
0.146928491668605 0.179783192897312 -0.163168845291122 -0.200713877812255
0.111618796895483 0.249855111608402 -0.0986339010667802 -0.149182612200364
-0.0314754156868237 0.299330908460763 -0.0550815872394326 -0.047379590170022
-0.250160102543451 0.239264402190449 -0.183233155017889 0.00321052725565094
-0.31780015306486 0.0306512014132902 -0.285951054831532 -0.0657482488823962
-0.249886237110949 -0.0786394623324259 -0.322730698522594 -0.2526824322526
-0.263365901958529 -0.195939945214821 -0.336344196463756 0.00380884928354536
-0.294387386062236 -0.149745871047199 -0.16241638649317 -0.0230274477232128
-0.309904266901001 -0.0128284539312952 -0.0903515819064709 0.00445849844847897
-0.221649658022192 0.16989393503548 0.0277342890448579 -0.0288494897181774
-0.0771093516221304 0.265670777467899 0.0262044584175977 -0.112300592641221
0.0585332182387969 0.269054138450947 -0.0210595248046394 -0.191108902932166
0.138942929300894 0.239465651871092 -0.112545034016537 -0.217227879307844
0.202212453795144 0.22781136523733 -0.156656795283527 -0.200006968278956
0.212518710432477 0.228284199774539 -0.153662830888645 -0.171573999681858
0.225941487380199 0.271426060121177 -0.106248832704533 -0.126953634994122
0.178349922143429 0.363515721900476 -0.0637370450970738 -0.0714507194875308
-0.00217112210039685 0.428332315151056 -0.0326620591751469 0.0126756338317976
-0.287068305284671 0.386780136750935 -0.157762215592812 0.0439851783347471
-0.449656184028742 0.133079975085846 -0.235213717279261 -0.0471217147666891
-0.404023711747944 -0.065660958771066 -0.224703645404895 -0.223490740151054
-0.364838002653328 -0.241242489668481 -0.205539526038002 0.0800474142130466
-0.40807363547007 -0.16933166614523 -0.0773598200632168 -0.0190397951844685
-0.425376615363366 -0.0073206968989169 -0.0639911352907211 0.000490132397699655
-0.322132487106243 0.229116845266754 0.00834326835873203 -0.0124219531687095
-0.125656464217324 0.36133700544661 0.0202824899833442 -0.0420429639719558
0.0666717931123925 0.365468080243425 0.0119306708275863 -0.100557332037747
0.178299031106228 0.316688304645581 -0.0460680093841807 -0.114372174327723
0.249535361089523 0.288359566356646 -0.0668696607099881 -0.0989009408651231
0.260383656241103 0.278221699808946 -0.0574066876116593 -0.0783022147176205
0.273172520671953 0.31907569956599 -0.0235710050349851 -0.0469468530774248
0.221350993904113 0.417546385760885 -0.00349361590619828 0.00364060133433717
0.0279762957086504 0.483706223506112 0.00468088354876533 0.0589501631073953
-0.267511379655234 0.464031307747236 -0.106670271325271 0.0606030183304661
-0.495040936661198 0.212019255657783 -0.152268017740731 -0.0485160413074754
-0.484634308371494 -0.0348321924672409 -0.0828546311951608 -0.192616470123306
-0.417326973829265 -0.242471450578668 -0.0353347763924918 0.174661494103721
-0.474808971094101 -0.151098485001801 0.0481593126476547 0.0146029179282535
-0.481654738882273 0.0239553649054631 -0.0095922968932282 0.00418483748662141
-0.36265829861405 0.270749448625024 -0.0140116648237093 0.0140367398113258
-0.143465546306551 0.40844905615874 0.0053349334295232 0.0536835742978404
0.0730794685874229 0.40301589997783 0.0436949084544815 0.0232960177927557
0.193463031342176 0.341129715668094 0.0305555828177978 0.015458622805196
0.256475016707931 0.305693834543872 0.0348378807843366 0.0196481584247287
0.263551959910054 0.289610868464946 0.048654716758033 0.0228075124444302
0.265752902264351 0.324747883856907 0.0635825677144761 0.0308898509648739
0.207753192536815 0.41072153791673 0.0588584981337697 0.0697282817513958
0.0242081194611675 0.451040865883033 0.037281481572404 0.091093953215285
-0.227795532185458 0.432297587767576 -0.0516219604698044 0.0539646362321352
-0.459282380846913 0.226913005878818 -0.0594177189895649 -0.0631153444545984
-0.481515368382833 -0.0104221862930679 0.0771434169686723 -0.159595502020866
-0.398721258092172 -0.194954718025033 0.145239057377455 0.261941154976462
-0.449468179920004 -0.0910429899353681 0.179879320632986 0.055836558478739
-0.429165537940036 0.0653717842286256 0.0515502724739019 0.0152778845793296
-0.307991399809267 0.260051337626957 -0.0310943202021726 0.0517204238669583
-0.116093096889689 0.369685711254925 -0.0022601475691563 0.153854081494091
0.0740301414979612 0.361427401007718 0.0779507979097876 0.151731786268486
0.178569859568239 0.305222539806547 0.110052531105901 0.14662526097297
0.225068019854545 0.276446196185029 0.131663088986269 0.134636419189977
0.221951208555108 0.262058962819534 0.140136507156404 0.120611788764299
0.207494060726037 0.286184587504386 0.127348695814846 0.104704571084225
0.13991622930237 0.345223445647773 0.0969862633562575 0.124367137634465
-0.0135129342656867 0.343096762723775 0.0476112413801316 0.112440589934143
-0.178195460991967 0.311955696390462 -0.00884177384573624 0.0391032223396299
-0.363635290103228 0.183261890345525 0.0226606437490378 -0.0724193013325254
-0.405415549853101 0.00430264581825487 0.22379087370981 -0.120734459040401
-0.304252452632869 -0.106823785948045 0.299039074182556 0.309098458825232
-0.319945056464343 -0.00995343526018299 0.281181345428947 0.0812713524610303
-0.263685873946445 0.0889512411124297 0.10178347836197 0.025060191695284
-0.180049111765398 0.180964941105869 -0.0286043715182591 0.0853860237100335
-0.0664402631168754 0.246918437548609 0.00926354326972044 0.223910747987894
0.0594125523651447 0.24862709594002 0.113975043710743 0.248911704692373
0.133072889891731 0.217714334915257 0.180029430720794 0.251423778006799
0.158645171443536 0.205421680342099 0.207893367875767 0.229340417740866
0.14982690370406 0.198122297562029 0.199994022948481 0.206288035974568
0.120660141781785 0.207533257161108 0.152368507227863 0.171923993281535
0.0543677178748595 0.234289794310157 0.0962191973991955 0.165652255494605
-0.0485901534915644 0.196950431456119 0.0327165496058408 0.121835980386719
-0.110680026015526 0.162069264918299 0.0191635669424947 0.0270977630403259
-0.228754086843299 0.119821023598644 0.0841359371421311 -0.0620150712891857
-0.283311182766026 0.017525146067212 0.334099105422711 -0.0708617303293846
-0.146928758200782 -0.0114198899869959 0.394723636427363 0.308757209988412
-0.120358418164489 0.0439556765865844 0.333793042327267 0.0813892994153794
-0.0552996369758234 0.0530318524021257 0.140691988068676 0.0194572301676122
-0.0510578642376379 0.0437485684781686 -0.00764824957660065 0.0934999388051009
-0.031051515289487 0.0785257214467304 0.032319879704099 0.244182230826001
0.0199598464764736 0.099487284536739 0.143547260372917 0.294691764926615
0.0599853652457589 0.101907629539133 0.229095448616227 0.306877494308089
0.0711779541230811 0.103510744603027 0.253566790715294 0.288514617374856
0.0656550603387442 0.100299933080619 0.224650635027869 0.268040691964561
0.0374504901111505 0.0980425294778543 0.14364493537609 0.22164121415142
-0.00601923964494512 0.102162033315281 0.0685382557190097 0.187881188777175
-0.0408896156182768 0.056338524651214 0.00444084747220056 0.114929792331687
-0.0152324836599913 0.045269194175668 0.0374893766075945 0.0198090885508026
-0.0808093294625815 0.0837852181844843 0.127380591874709 -0.0332480307384168
-0.137938467342972 0.0469388278567613 0.397096541782744 -0.0171718062453717
-0.0033026176634158 -0.061370188779055 -0.446781403066679 0.00161754957519659
-0.0589317841824441 -0.0767783585922481 -0.186038857111938 0.0673561800926464
-0.0806152524278374 -0.000831392700639759 -0.0560322702956162 0.013734154301082
-0.0203795002438799 0.0466305013631337 0.0335689797701173 -0.0712662074607904
0.0101869491000446 0.0386624689318718 -0.0281379136698038 -0.173933187969466
0.012414837874286 0.0205793684820875 -0.120338262700697 -0.23223869270349
0.0117994515374533 0.010196268933648 -0.219678952651001 -0.270737988907167
0.0273232635211841 0.0156510429543231 -0.274571317731946 -0.266954292137606
0.0347741496820723 0.0241400116771221 -0.267282137106872 -0.261971723996698
0.0634901792590426 0.0451646966883889 -0.195897142275208 -0.237598248998652
0.0619179535197911 0.0841280257884404 -0.112118588142184 -0.204036704039874
-0.00847247253579184 0.125567333806895 -0.0558980867303274 -0.101608832564488
-0.123346228511973 0.0865655469524221 -0.16800372803305 -0.0262376495294039
-0.11374624577904 -0.0338839241554745 -0.292786363982863 -0.0672132430244569
-0.0559216500401445 -0.0509576919403497 -0.375176830386193 -0.245367855815094
-0.142911638174503 -0.113623103261217 -0.41267669997148 -0.003665223948591
-0.176606862951107 -0.0953987973455575 -0.192952297359015 0.0179697364180163
-0.184706580380315 0.011216159455985 -0.0804564577736186 0.0166810206683126
-0.0996310401382143 0.117114036866557 0.0351423585714321 -0.0487375772641216
-0.0105084158246756 0.151540406319117 0.0027944844654099 -0.152639909176444
0.05353031320842 0.139151912626189 -0.0786000872360695 -0.227787125468293
0.0906208219799613 0.119171449913202 -0.185221915484789 -0.258145461458549
0.132278682897019 0.11902852261526 -0.240186238720294 -0.243998888885619
0.140790651356094 0.128603885353188 -0.237264322531766 -0.22106164749741
0.159360190160779 0.16389259915944 -0.17412054153435 -0.182977931834506
0.129384227912024 0.233389299698091 -0.106363422407574 -0.136071577488674
-0.00525093223182986 0.293875852558773 -0.0577763730184809 -0.0418633353328042
-0.223866197808579 0.253538498060057 -0.180175245611545 0.018410747466704
-0.307434875628296 0.0546587256649914 -0.283634265271415 -0.0436731208604724
-0.250207781821589 -0.058614685621967 -0.337633363809713 -0.225005637625877
-0.271855746010138 -0.169467040396798 -0.330161667804597 0.0283743297016253
-0.298287311282 -0.121953357657497 -0.16193684454596 -0.0141483609952493
-0.301935332885692 0.0117772457257362 -0.0870719052390192 0.0110277162969575
-0.201339342638127 0.182537696347181 0.0238037895520634 -0.0314825275511644
-0.0524009098404841 0.264840338136402 0.0172701483161806 -0.110208718579256
0.0787088670880768 0.255801671469903 -0.0369941747215727 -0.184916738301319
0.154695660371442 0.221057626413786 -0.128549456231529 -0.202709078132229
0.216870785681614 0.20536037085108 -0.170552317667435 -0.182036135798392
0.228064322419067 0.206125397081628 -0.164764634599915 -0.155320238808759
0.245497084702742 0.246251625403267 -0.113855389608829 -0.116416575869913
0.204433861147456 0.338349095361174 -0.0655600714424326 -0.0635947812407684
0.0332269698341544 0.416436018004638 -0.0306164806048501 0.0142042973559348
-0.249324123509031 0.400367510080945 -0.153400873424278 0.0559380015400035
-0.427997657661329 0.165838228201019 -0.234046139998821 -0.0295261145695457
-0.400294616687098 -0.0343604761380512 -0.24088225854935 -0.202330669262746
-0.374968282983741 -0.205831833473825 -0.195963978793423 0.0925692515147943
-0.409911972163444 -0.132461024194521 -0.080264805654149 -0.0166813438589172
-0.414930730611421 0.0249749851080922 -0.0611508772053012 0.00420010311262156
-0.294534437111354 0.248757764415352 0.00613268628268887 -0.0149610230160966
-0.0920964592999525 0.362804722003381 0.0172723618774288 -0.0422317747153339
0.0951543123634385 0.348167712264378 0.0034542641058284 -0.100510043822847
0.200826714049338 0.293418359070289 -0.0549951461014135 -0.107798706510355
0.26854519380774 0.261524987651088 -0.0735954259415804 -0.0909655245303354
0.279210011422388 0.250767658427422 -0.0629185855843332 -0.0718230307189522
0.294868084832544 0.289378705478359 -0.0267370624531512 -0.0458842243429539
0.2530264799764 0.38838877799613 0.00017531869755736 0.00415526328347115
0.0688680723114989 0.468408509094043 0.0103946650270788 0.0561511620112502
-0.223434285929786 0.472610024399739 -0.101297221218344 0.0682635144822484
-0.46305271254442 0.246600519402764 -0.154425288413781 -0.0354346369717673
-0.477492278592408 0.00117271825902105 -0.0994239881439526 -0.180914266632463
-0.425406316097196 -0.202754741353128 -0.0221437174709111 0.172397687508051
-0.47411822701785 -0.109915228313254 0.0440045941591262 0.00644470418282107
-0.469062421339921 0.0593946939481593 -0.00825878235473214 0.0033724433809759
-0.332144782061956 0.293971784445796 -0.0135247628596318 0.0129720655884872
-0.105080146504345 0.410639996062542 0.011013524891921 0.0511457226762105
0.104391485441304 0.385989285681506 0.0443792922328732 0.0171373931332314
0.218189923428592 0.315836928284498 0.030866953210746 0.0130200795927158
0.277377768529557 0.277047638970479 0.0354967671219982 0.0160415919837218
0.282916674369759 0.261393410922776 0.0492790592270355 0.0181840669022232
0.28907274856237 0.294642964189164 0.064796373944946 0.0229866404305711
0.238326837413135 0.382179476887533 0.0673032843346866 0.0628078317495242
0.0622005181249318 0.436421976478518 0.0449929968917239 0.0846824102840325
-0.188192431966826 0.437879435075117 -0.0485168160081111 0.0570104568102075
-0.428101312345683 0.257905303572357 -0.0656839045763113 -0.0573257044329429
-0.471587523385317 0.0253683812105894 0.059830963293142 -0.159869449201743
-0.403025605623705 -0.157361214304134 0.161501198433227 0.242859391212372
-0.444014968830373 -0.053149346812469 0.176709098705781 0.0374824045985924
-0.412927450961963 0.0961531317943248 0.0512995488890767 0.00970702259696851
-0.280406839186016 0.279259626618271 -0.0268300944962975 0.0513723873882367
-0.0836983889635564 0.371114172924131 0.0105684530509747 0.148167361873496
0.102208458232712 0.345001451706538 0.0875256873995656 0.13917264145957
0.201182742674744 0.282417176435376 0.119834424301197 0.134268459145726
0.243642578097279 0.251030905214884 0.140966437199307 0.12006856880444
0.23974368858273 0.237942724184422 0.14782923557856 0.105663614635417
0.227955521142579 0.261678288566336 0.132396696787151 0.0902285507521004
0.167366898170426 0.323329836260915 0.108326698332513 0.112487292236682
0.0157613035416182 0.334445311631429 0.0573901291665498 0.10457291694938
-0.148630625602298 0.315771913512688 -0.00804775509101522 0.0385484725813244
-0.336656385749992 0.207288378892952 0.0139637808224953 -0.072362349408746
-0.395464957509286 0.0335653892677084 0.206689036118475 -0.132457268242548
-0.304815396960822 -0.0807386826248284 0.316466939898485 0.278775221026555
-0.311557049758631 0.0150994846343109 0.2787019722595 0.0567932176523307
-0.249771233534045 0.105396378020761 0.101587660107833 0.0154898261111047
-0.162211934358983 0.191298907226343 -0.0219966364355361 0.0849463632031881
-0.0452121633101997 0.247326342996652 0.0269021675587017 0.215969494184808
0.0792553844004885 0.236936870061442 0.131612751034409 0.231772430867031
0.149918881864766 0.20176990152784 0.197777496316491 0.229707050115602
0.1731298312045 0.188048570239725 0.2242099018912 0.206642861195093
0.163338195379892 0.181387626633616 0.214815179359323 0.184430771616885
0.135895626812479 0.1933980917874 0.162450368474764 0.154206379439508
0.0739149057862662 0.223772221220632 0.110588557258021 0.152493407166897
-0.0311430274848944 0.195511865477439 0.0429677819238924 0.115151497533189
-0.0952990173374083 0.164456028355021 0.0180226398132982 0.0244880031383075
-0.212061703994392 0.135346617005218 0.0749862900355291 -0.066059879439621
-0.273537394049614 0.0379244117629064 0.319147515747937 -0.0926892580123417
-0.143694802473229 0.000275057783644248 0.411023170553264 0.270659650555624
-0.113170290114939 0.0520049263288252 0.332277525997293 0.0547234136464957
-0.0492960047846092 0.0545568667851582 0.138529814518125 0.00706636767159822
-0.0475078046218842 0.0473347176093499 0.00056859902101689 0.091947366661894
-0.0245328661424785 0.0799262957987094 0.0504850784459502 0.233810990296029
0.0290769062687563 0.0948244407086492 0.165223067774737 0.273472464310656
0.0680917765209701 0.0941830087000527 0.250169652554887 0.280599161188521
0.0786433706508441 0.0952275427667302 0.273164933092254 0.260596861758096
0.0729356472258047 0.0930299251796206 0.243090182034489 0.242415626255068
0.0439203175629009 0.0934190603539393 0.158196998463609 0.203572355676163
0.00368597240249924 0.100187968622221 0.0835336044488093 0.176067224180918
-0.0352631129830136 0.0586776017313122 0.014696738630103 0.111920939865263
-0.0122160509416877 0.0438131307254679 0.0365379857069483 0.0151672924704515
-0.0704669587614927 0.0880588925285057 0.120065357106106 -0.041205808654064
-0.129274380985154 0.0558794715807733 0.386345146532723 -0.0455818284681943
-0.00522668629464598 -0.0577573742375033 -0.427010226658959 0.0173286573009832
-0.0593772259737092 -0.0698678630642094 -0.174799597847309 0.0679007940505338
-0.0770985663964315 0.00311904392034149 -0.051711915283793 0.015090468948037
-0.0167991451264111 0.0447914531010706 0.0286396278661778 -0.0699157116802492
0.0120312824531441 0.0363574916029063 -0.0339853356913452 -0.161778348263758
0.0114351030271603 0.019547072581095 -0.125322275013729 -0.215248092588395
0.0106490209777666 0.00983554964945089 -0.221636348551761 -0.248593400900238
0.0260775861050572 0.014248933858213 -0.273145092683978 -0.243706525629835
0.0354724581824753 0.0221546611483546 -0.265315366026736 -0.238033023190674
0.0632492029675817 0.0395335196772687 -0.194902570015585 -0.219376324672385
0.0619551106941894 0.0759867952645322 -0.115035994354164 -0.188901405178139
-0.00275835441996765 0.119293215971881 -0.0579265147828645 -0.0943080694674756
-0.113699175747292 0.0875953061611388 -0.161633024442882 -0.0173431412646104
-0.109662982608709 -0.0280086859836475 -0.279325718634676 -0.0549841050807542
-0.0556152520444443 -0.0472985903579769 -0.367114963164423 -0.222925890989349
-0.139841376595909 -0.101814414274038 -0.394987441267808 0.0103997244585764
-0.171008503973821 -0.0828654990126821 -0.183874038520714 0.0205853605312458
-0.174723063437203 0.0179805214430249 -0.075102298917108 0.0182940730281675
-0.0895054554748224 0.114753878965269 0.0297797699548186 -0.0482314963582572
-0.00234618699475567 0.144113808317536 -0.00245380083357269 -0.143152317611016
0.0560238978370066 0.12961538646849 -0.0849986593620806 -0.213093287118416
0.0906321682508257 0.109288796228639 -0.187809617605173 -0.237385312167382
0.13070004833331 0.10742061669955 -0.240259404696536 -0.222999806809689
0.140621379398991 0.117355266194127 -0.234654169327384 -0.200872586252439
0.159236774478637 0.149408374110524 -0.172508243878876 -0.168592311706206
0.133127506651377 0.21493552638592 -0.105102095753493 -0.124266863705818
0.00678794492611848 0.278407076930232 -0.0569660222119342 -0.0375242822103166
-0.202207261756797 0.250149498271672 -0.172066186298021 0.0258656873145588
-0.289990027196428 0.0636781128032163 -0.271846597106619 -0.0324480108462313
-0.241313428770504 -0.0478584239358423 -0.331789919619719 -0.203553128990356
-0.264320349049647 -0.149736038279657 -0.315375929121199 0.0380535623225376
-0.286753023209616 -0.103882037727718 -0.15720351359829 -0.0112457732400941
-0.28680914438562 0.0217921031577577 -0.0816394097169321 0.0127384512268002
-0.18331182181455 0.181355021108972 0.0200964789837364 -0.0321305218745961
-0.0372041274455734 0.252511161057401 0.0125208563442072 -0.104609453196122
0.0857231184525296 0.239016732170189 -0.0437110734219355 -0.175067973997695
0.15719134439546 0.203391240036536 -0.131505976399965 -0.187103500778204
0.215847644210539 0.186814551562445 -0.171030239173268 -0.167588219490993
0.227290634801435 0.187378958115234 -0.164216957764824 -0.141465378827659
0.245483310228269 0.225178696126228 -0.113271507231884 -0.108304988125441
0.209849139979311 0.311747736436243 -0.061619279500793 -0.0574576144002453
0.0495646460720359 0.393447136020691 -0.0286800292045375 0.0142809841302729
-0.218050392075971 0.391078328994421 -0.145260933596376 0.0600663690119374
-0.400117140337906 0.174333424980314 -0.225323260793304 -0.0206397777361244
-0.383317691326622 -0.0197440821507827 -0.239996991135253 -0.184061438004128
-0.362740757165465 -0.17950529845786 -0.185260382933361 0.0939987194660844
-0.393962767473534 -0.110120820881762 -0.0808445989053128 -0.0165786023107001
-0.393205527340218 0.0383243601293624 -0.0576501474978884 0.00493315098633278
-0.270775344517237 0.247968854489388 0.00384192810695402 -0.0160336649486847
-0.0712246698565293 0.347869075521032 0.015342185174809 -0.0410985431606002
0.104989266303758 0.324842628836431 -0.00171896727902424 -0.0972287783596975
0.203506796443435 0.269635367800836 -0.0576274554016272 -0.0997917400417958
0.267235211013583 0.23719688188993 -0.0745960036561278 -0.0835450521364169
0.277926124838799 0.226655884310917 -0.0635618068776543 -0.0663987897095941
0.294806551377966 0.263207870463054 -0.027611100246952 -0.0445788199542476
0.259124200742021 0.357504403809514 0.00400070822152332 0.00339262691859827
0.084777884366731 0.439931406888821 0.013177088779263 0.0521592702196661
-0.192419024256587 0.457124832269854 -0.0966585333197758 0.0696254119878961
-0.430024547567761 0.252418632180591 -0.150597905938053 -0.0288898373739226
-0.45486885067704 0.0170917068469905 -0.105118454526732 -0.167125045147146
-0.410189881174342 -0.176357572551995 -0.0167759478868335 0.164004980479667
-0.453271418020704 -0.0863478956755645 0.0375159239755937 0.00176493256568373
-0.443080761147791 0.0729152733449222 -0.00743673508672024 0.00212602254351723
-0.304073740900497 0.292838336315055 -0.0141037860740186 0.011406185226749
-0.082752778312907 0.394467893916659 0.0126614581352882 0.0472107490619384
0.115819791642339 0.359782521146048 0.0425522096280028 0.0120308884740695
0.221146887640115 0.290239039633127 0.0293819345374777 0.0107829902343975
0.277032602639781 0.251558138248715 0.0355427729739136 0.0136088224630841
0.28131066018187 0.236484825568126 0.048418806751708 0.0151420791097678
0.289073834330925 0.267556767910727 0.0615124684170378 0.0176526076574896
0.245244507438412 0.350583701180901 0.0696375945526718 0.055758181689694
0.0768571369505396 0.410098955896097 0.0479641319566057 0.0777630736571212
-0.159184679512611 0.421123871867013 -0.0466774221218935 0.0568045885473353
-0.394620788641198 0.262296541675856 -0.0673335326439846 -0.0522338750821705
-0.44796828846855 0.0406328000991757 0.048413031779379 -0.152717524296544
-0.387975000651502 -0.133481859839222 0.162082367844479 0.223495288852662
-0.422789742946716 -0.0338304492646997 0.16547505224473 0.0279688743140452
-0.388939539249197 0.103953886402358 0.0492830643417809 0.0061854841379506
-0.255229597269607 0.278040557765049 -0.0245018555355254 0.0484422905679405
-0.0634767103407504 0.356922280129802 0.0162614584304918 0.138823735772153
0.111431471114829 0.321909368203867 0.0885329127533907 0.126274281896653
0.204084280383044 0.25884317935309 0.119329328305371 0.121650953813157
0.244503864345913 0.228431266510589 0.140506197659403 0.10884805841404
0.239638998314961 0.216496412644003 0.145510736265215 0.0941614437609485
0.229919860508373 0.239879775257014 0.129768052210703 0.0787648954418092
0.174601375855516 0.298429995477546 0.110648956368397 0.101272304455589
0.0293316494991615 0.317413427979803 0.0599645095701703 0.0959871762388176
-0.129108606421898 0.30406390942967 -0.00862051712947506 0.0370889597458825
-0.310530696743862 0.210475877800948 0.00776052739315739 -0.0680587773170094
-0.374846004141507 0.0450337918963008 0.190152966735686 -0.132155528721139
-0.291760674587191 -0.0648895119394239 0.312232422756205 0.252734978092015
-0.294982732419252 0.0259928680391182 0.264883054769729 0.0428940931825763
-0.233383216558887 0.107755686102167 0.0972446469783254 0.0101611976294459
-0.147407549263632 0.189237183559124 -0.017759234072723 0.0806744350771569
-0.0320562678926307 0.23834755058113 0.0338080279473687 0.20189874917659
0.0853256049880931 0.220888740801988 0.134969814643513 0.212244365559456
0.151935302772379 0.185137653634892 0.197274260011221 0.209380366177538
0.174266112260291 0.17099269992062 0.22338859731265 0.187625587319175
0.163996070494533 0.166564051275115 0.212950009955724 0.165077655864365
0.13761941840345 0.178617992456378 0.161060708596266 0.139065210910443
0.0819644654851982 0.208132517467572 0.112840564606859 0.138580540602594
-0.0211928098123424 0.187150053402681 0.0467546599366994 0.106987555306931
-0.0843949560644516 0.158247941596635 0.0162438474137433 0.0221631274367151
-0.194490010462417 0.136968443998806 0.0672063170084417 -0.064012767496093
-0.258481446552061 0.0441337012431244 0.299999877394646 -0.0983583514075215
-0.135439493641219 0.00556624285496268 0.403159297813421 0.241920848286513
-0.105310846369105 0.0533475815599448 0.318575888866146 0.0405067687873447
-0.0443383029902521 0.0518045679227727 0.132118453615029 0.00123372371047103
-0.0439515539267336 0.0478028522994076 0.00368176076033332 0.0864421447206915
-0.0203055585441427 0.0781201248105499 0.057282763016584 0.218261975599404
0.0311695892193723 0.0884914279979395 0.16873969621843 0.252112913662789
0.0701612550509395 0.0859601786570883 0.25191652708999 0.255367693577195
0.0801772111201096 0.0872965707930388 0.273883647308737 0.237221593946785
0.0734220009155713 0.0855645093985762 0.242925680273227 0.219971391745786
0.0454522795945545 0.0879691021306544 0.15934029789462 0.186688424146138
0.0095746003022067 0.0945500771767494 0.0880880010943143 0.16222869237143
-0.0311474367230991 0.057725109812008 0.0196504249277117 0.105176341916478
-0.0105221688002395 0.040685585985024 0.033309763944756 0.0119190552573176
-0.0623642148954403 0.0858420195470102 0.111457530411993 -0.0417489834267205
-0.120013863705607 0.0566633379105985 0.366809130204582 -0.0567205919544525
-0.00480137241510373 -0.054788339661075 -0.413816170997725 0.0144391933416302
-0.057223382744043 -0.0658866368645494 -0.168817717173326 0.0614764716655921
-0.0747811410670903 0.00397822151264829 -0.0494554484558408 0.0137524252625224
-0.0160003546480939 0.0425171377625873 0.0265082807843101 -0.0679686632179096
0.0122883269297077 0.0342725159754273 -0.0328993615044114 -0.153436208819348
0.0107140044034979 0.0192553386153738 -0.121584417289711 -0.206198585892366
0.00872400309563663 0.00944202976506451 -0.215627020300612 -0.2390085487621
0.0251333766541852 0.0138510851593083 -0.267031852829878 -0.236561567126878
0.0350901828499777 0.0218029293626282 -0.256946394272341 -0.229587651819076
0.0613620898860645 0.0376629744993726 -0.187449306645013 -0.211768922689561
0.059394145842223 0.0723343142607805 -0.110164012134505 -0.181174022161812
-0.00256736905017878 0.114648026234585 -0.0568657932313122 -0.0906426163371576
-0.108537657951128 0.0854701916134127 -0.156187202571107 -0.0169814805200349
-0.10629840861043 -0.0266331852284232 -0.267990672739356 -0.0554211209312119
-0.0541066352956691 -0.0460731889950908 -0.356401954732953 -0.218672230730284
-0.134050493437433 -0.0971646608284719 -0.384160070479147 0.00815378098354316
-0.163959994386343 -0.0790866087333795 -0.179297735649389 0.0160198046205479
-0.168939352621067 0.0173501402758682 -0.0715392860578447 0.0173785472520488
-0.0853640064040804 0.110296127864805 0.027432333251107 -0.0477010415806628
-0.00113781223698029 0.137730015591975 -0.00257344147345618 -0.135954126206181
0.0539669101977506 0.124735063502194 -0.082829452200793 -0.204371687029374
0.0867055103979487 0.105766178653942 -0.182880528308618 -0.228166894087013
0.126693133491556 0.103799019953018 -0.234013419728032 -0.215561004089285
0.13694504855929 0.113882645019393 -0.227526604574567 -0.194248834854433
0.155155903047744 0.144207023402569 -0.166935571115607 -0.164008348858448
0.128838425912266 0.206172166818046 -0.100217905012844 -0.119537077129149
0.00673008677065911 0.267881759280985 -0.054854126680299 -0.0364371007796725
-0.193622258470947 0.241432128077351 -0.167307476729855 0.0252282576457688
-0.279320893682272 0.0614665174433043 -0.262914859363697 -0.0340515261408449
-0.233964687534349 -0.0485392764504462 -0.32369843818483 -0.198488682908524
-0.252982769784124 -0.143429295454035 -0.306198118117744 0.0345662512314855
-0.275186091860314 -0.100038489592139 -0.154711141099179 -0.0154716022727955
-0.275665185384737 0.0197777820452772 -0.0779861244364105 0.011201999940508
-0.176250326586902 0.173842149231897 0.017376819398212 -0.032324682413968
-0.0342720500112413 0.242358528999875 0.0123797296223487 -0.0999917761412056
0.0823994821935212 0.2287861959724 -0.0429609305373016 -0.169580730437228
0.151043016338436 0.195721917471267 -0.128431307027939 -0.180100821066263
0.209091990284218 0.179662293456788 -0.166874368086989 -0.16170967745655
0.220807383468685 0.180851691686336 -0.159024765933132 -0.136517834662208
0.239491318881626 0.217085348308108 -0.109496921502755 -0.105793040647181
0.203511272176542 0.298868230002157 -0.0569314094769029 -0.0557071497547
0.04876032246037 0.379228855798087 -0.0271452039093784 0.013076645316755
-0.210681724335585 0.375896007056714 -0.142408649255526 0.0587282749597895
-0.385082189882678 0.168286113443495 -0.219168650767102 -0.0202509996920458
-0.371660779438981 -0.0228258245386111 -0.235960339464469 -0.177212251589436
-0.34799579202249 -0.172709003872813 -0.180735776515587 0.089262044593531
-0.379762300048195 -0.105985218651866 -0.0818322797039039 -0.0189221038232408
-0.378294661862265 0.034875113851174 -0.0550269071800363 0.00395412517391969
-0.260617735839369 0.239222354812137 0.00194995840565974 -0.0169885464137138
-0.0673829086645381 0.334688089127234 0.0150364660868029 -0.0399925448320049
0.101721126422009 0.311742913515993 -0.00263860161825664 -0.0956338995510849
0.197434608357793 0.259128652732935 -0.0570205773540279 -0.0958296193028419
0.260169559745718 0.228485804868177 -0.0728350528071971 -0.0810607248817623
0.270319569988577 0.219126934729874 -0.0618577545031006 -0.0641725057177967
0.287183659303896 0.253263026190118 -0.0276509173601454 -0.0448045421015428
0.25139576187001 0.341892713864186 0.00726338976538368 0.00231491880801203
0.0831872209912008 0.424151527138121 0.0132413848714522 0.0493802963795185
-0.185296146411779 0.439195266966989 -0.095084021924692 0.0679770727798813
-0.414081529705131 0.24296894504251 -0.147574369035956 -0.0281435344708114
-0.441030878188955 0.0121969018246359 -0.104018252071525 -0.159225093267176
-0.394072496056497 -0.168630078049221 -0.0174228208282711 0.157123011189721
-0.435429973077572 -0.0832067669946186 0.0317894292434069 -0.000402005755214705
-0.427589025353548 0.0660212550399686 -0.00666912549974882 0.000924152409214063
-0.293773606428719 0.283905976402493 -0.0147855581985933 0.0091532693261289
-0.078230321266676 0.380745331665748 0.0121167303259025 0.0441765469692804
0.112246784948362 0.344765697212176 0.0397085275881622 0.00883658928335284
0.215168751536068 0.278489824708319 0.0272099891333034 0.00986097106415231
0.270128942593742 0.241831236951911 0.0342435547624145 0.012647557217399
0.273772101154617 0.228589677831274 0.0461379720636332 0.0137435138470168
0.282709875144965 0.257555038561967 0.0587737812203837 0.0154945632635096
0.2384403484789 0.336897063276455 0.0711933435392676 0.0518874502163064
0.0764847481887654 0.394254114953363 0.0466594681652834 0.0740838868949816
-0.15327436281278 0.40458198585833 -0.0477318420323867 0.0558444462342339
-0.38034257588992 0.252531306067497 -0.0672831498267906 -0.0494218846255675
-0.433219701106225 0.0359510263467725 0.0445846184906653 -0.144544931781066
-0.372062879524348 -0.129155884680309 0.154979147963995 0.215806060193705
-0.407181662127648 -0.0341655931125175 0.156528522083371 0.0261026052349556
-0.376009229943181 0.0991684715846228 0.0477927281425011 0.0049560243407006
-0.247803228654094 0.267842136468327 -0.0250308332211927 0.0459118197686299
-0.0607385023705399 0.344932534950231 0.0147942518556022 0.132081799977735
0.107726466827236 0.308525395747268 0.0852873233147719 0.119148700517335
0.198260115413322 0.248908749824369 0.114780671941284 0.115805082404203
0.238491928081148 0.219715356951342 0.13689898901584 0.103725022627876
0.232392659650169 0.208568207236464 0.141690408280217 0.0895383701132336
0.223749481692028 0.22960539013402 0.124310650750577 0.0751177110988848
0.171167575950455 0.284493020903577 0.109539754724376 0.0950389574773887
0.0288583725278715 0.305282467395508 0.0588432814881675 0.0918314247189367
-0.124374982601601 0.291064787672332 -0.011103640955901 0.0361536152482989
-0.297861489442114 0.201914686683039 0.00502542322930408 -0.0644402217273906
-0.362324975359448 0.0406093908310108 0.18277402340525 -0.124657777865197
-0.2807630449929 -0.0630288827670691 0.301124689615686 0.244700930550507
-0.283645617187357 0.0239952050860186 0.253716760225163 0.0424310470007049
-0.22604075420322 0.101251106842934 0.0941765077134987 0.010069100676152
-0.142744516945106 0.183141123425905 -0.0181421868482441 0.07730147041102
-0.0308184531996237 0.230814928651695 0.0316559788033275 0.192990969948704
0.082712506612326 0.212017306478417 0.129506116964247 0.201917972244054
0.147822939440715 0.177213560368311 0.191468806208429 0.200139181615824
0.169917156907791 0.164547606997103 0.218370060312629 0.179305254824922
0.159412762749019 0.160483649217815 0.207135590574625 0.158415477148738
0.134415375047124 0.172015412693092 0.155440292683459 0.133289127941865
0.0809579589886577 0.198741662098323 0.111679372675731 0.131457802230868
-0.0200451458409663 0.180560446055783 0.046256134707459 0.10228192903898
-0.0819239068741528 0.151105830869167 0.0127200632508638 0.0213265334356724
-0.185716537556097 0.130658856023824 0.0630764907202926 -0.0602597874989049
-0.249419974847872 0.0414217511486342 0.289952929997877 -0.0930546568598505
-0.130559174329792 0.00393289301669164 0.390139909977135 0.234634061754999
-0.101902337073165 0.0505898963209521 0.308611173628311 0.0411022495460583
-0.0433894635582732 0.0483532634366263 0.128248280742089 0.00158579309001051
-0.0425074386946661 0.0473215605436291 0.00382479203937295 0.0829504949056361
-0.0196441513041883 0.0762650031256887 0.0537930707682526 0.208903545702622
0.0305387978787765 0.0842329987010258 0.163329564389882 0.240870844731438
0.0692322989853052 0.0821205336078968 0.243481784720936 0.24398766489919
0.0787673348309837 0.0836304868826137 0.266954624439215 0.228088007394093
0.0712499224357909 0.0828781633792758 0.237189057430758 0.211716887286908
0.0446897576277975 0.0850909103254827 0.153766963597586 0.179857445338493
0.0101963710993612 0.090249284569524 0.0858948790024479 0.155087234359476
-0.029338009732475 0.0557454041912551 0.0198525276204192 0.1007287574316
-0.0114713365959405 0.0385578582517465 0.0307342884704747 0.0114209685624712
-0.0590309436435145 0.0818676070811434 0.107056212185324 -0.0381826488723097
-0.115342211296855 0.0536979197164831 0.355184634462056 -0.0538061822604811
0.00454737367689358 -0.0540893495627191 -0.410072193896264 -0.0435890843524323
-0.0455041290743282 -0.0735257834801359 -0.173971909306169 0.0333034522116756
-0.0737430652441813 -0.00600681075135701 -0.0482243029391698 0.00207119083407921
-0.0218979329113852 0.0390758753672728 0.0329553129941779 -0.0659800433163728
0.00783298789515671 0.0341896995453004 -0.0112708040994091 -0.154345871658803
0.00622668148879386 0.0226663415670764 -0.0928463771495651 -0.220877802835798
0.00438401730211222 0.0118706514622702 -0.183854929617909 -0.265971536266117
0.0206116446310476 0.017243787615288 -0.226655383598184 -0.275020767305167
0.0275430399498089 0.0275229880812617 -0.218602014491195 -0.268499235747696
0.0519062550531347 0.0457874098272219 -0.150842237411569 -0.241146607154814
0.0432018291118352 0.0791041140780595 -0.0790497770221524 -0.197491529101481
-0.0228719629098424 0.112152265072525 -0.0411482022250922 -0.100420304576699
-0.120741101138523 0.0691820079741764 -0.14846672853464 -0.0399038919133001
-0.101461563545417 -0.0409785102153393 -0.255490446410656 -0.0981019914092125
-0.0498743572077626 -0.0512689827585075 -0.320399153220097 -0.281498035529539
-0.115662914311599 -0.113657393596203 -0.372456102747276 -0.0513612315464558
-0.147273749840952 -0.103041883581578 -0.175024800581425 -0.017986537238685
-0.167216908327532 -0.00829390594425177 -0.0674539928385459 -0.0033053092996942
-0.10131832752998 0.0924256303654572 0.033211088585812 -0.0497739762810862
-0.022231688786222 0.131735093461492 0.0148924657539592 -0.138870330834879
0.0323723605793118 0.131606261408698 -0.0587057013049035 -0.217098446764792
0.0665031775359082 0.119423260366058 -0.153517888975719 -0.253679664114723
0.106465063386615 0.122550772727735 -0.19843402030833 -0.24926978431624
0.112976462069702 0.133648076270848 -0.194588469675994 -0.229731748836147
0.127294488956941 0.164670670773771 -0.135979766159147 -0.192470069030361
0.0901311492428978 0.21955146183046 -0.0755209980783945 -0.137151502961087
-0.0387065444396942 0.263910516511524 -0.0468838779032804 -0.0487613574735071
-0.228083871024873 0.208237062316372 -0.164664856109773 -4.89126934894544E-05
-0.285009008227418 0.0164816351527731 -0.249887093626641 -0.0718160510327855
-0.225779557739739 -0.0853728338755019 -0.290786424785589 -0.253331891255762
-0.226956947325 -0.174978503907816 -0.291772623864042 -0.0208339787530078
-0.252685388195007 -0.140116148160254 -0.142517545308942 -0.0489225697815816
-0.272828474336089 -0.0233785459351212 -0.0699263007755222 -0.0159037825287644
-0.199753318412807 0.140662995252018 0.0231275318219764 -0.0413045554541515
-0.0726782251303692 0.228182848832464 0.0246811808660267 -0.106878706591122
0.0446336886904887 0.237030404460384 -0.0285478889690385 -0.180611768482948
0.117018691952844 0.218028300277456 -0.106458479517426 -0.200612039336178
0.176351514521872 0.210258903849599 -0.140287601522216 -0.184915018567952
0.185594020089791 0.211929795241818 -0.135068562010085 -0.162047028117303
0.199167851457398 0.248568641122627 -0.0878885733227824 -0.127997669330105
0.14940237420065 0.321803976042948 -0.0407625224499145 -0.0691574846383364
-0.01563132464684 0.379080962773775 -0.0262776601580682 0.00286961900713963
-0.264493076953455 0.336330132305027 -0.144017903045181 0.0365919766297295
-0.4057208637436 0.102907490358271 -0.206015228957803 -0.0499309984299147
-0.365029461149913 -0.0849250953559487 -0.204839364904814 -0.212793479258399
-0.316113522236487 -0.216025487109269 -0.168830541484513 0.0456714951394415
-0.352891116084485 -0.162514556231441 -0.0668881563045158 -0.0459826422539194
-0.377171431968913 -0.0251851953602306 -0.0429126989270546 -0.0259523212990049
-0.292631846042321 0.190339531626889 0.00772493144456322 -0.0335646297249929
-0.120437004256043 0.312095556387811 0.0184245596528901 -0.0524201777549438
0.050020289852351 0.320265225911938 -0.00248864729542421 -0.104883221815239
0.153332220999302 0.287528461900249 -0.0474348806337666 -0.109792833495462
0.220061445778471 0.266880082584051 -0.0595459435425066 -0.0898068147497286
0.229718732318209 0.257433433295898 -0.049239281768281 -0.0750705147065272
0.242567358706265 0.291981221041617 -0.0162920339943498 -0.0556877871942092
0.190483534531324 0.369495630373503 0.0143254574727997 -0.00340722543522242
0.0114260086032021 0.42871152502139 0.00882773664793966 0.0447575743919191
-0.249950551389898 0.400814367768842 -0.0987054570656795 0.0527355551813208
-0.444606634659786 0.170407595210963 -0.132734951399532 -0.0441178248263278
-0.438085991555788 -0.0626537661891511 -0.0758769949126591 -0.171498529737114
-0.363257796281847 -0.220832598920944 -0.0141252155143116 0.133371706442766
-0.413294067263287 -0.149620270159109 0.0447027526381783 -0.0127948532786027
-0.430361795373832 -0.00217299427969201 0.00559495363319798 -0.0256046477206821
-0.333202636308911 0.228055406825216 -0.0118764297713641 -0.0129081977576585
-0.139951072721549 0.354314854153901 0.00265626733227388 0.0269902249830643
0.0550484104833352 0.352330678603973 0.0226744483339045 0.00358395040626907
0.16845896148002 0.31020697990087 0.0216875547620168 0.00543457545610397
0.228661904560229 0.282130765832749 0.0322405968672443 0.0188877138106029
0.232275827898738 0.266572780360581 0.0458810160877298 0.0186189506041315
0.236972752227529 0.295731437143915 0.0602506297886938 0.0181603539255446
0.181224664341559 0.361524381504725 0.0697396765823458 0.0558807431452068
0.0100342790912419 0.398404466360043 0.0386498036604051 0.0743408580128893
-0.214529010566088 0.371298098700829 -0.0505633298288077 0.0478340992308939
-0.412933398830973 0.183841135673964 -0.0504943734971268 -0.0525808291070136
-0.433831562116337 -0.0412555553748278 0.0715973262954589 -0.130821750190178
-0.347922974702509 -0.17882064109568 0.146398724383982 0.215510304586451
-0.393814013798576 -0.0965871877535378 0.162495312949324 0.0326292972651342
-0.385723955163413 0.0370823944785595 0.0559070310606312 -0.0117519107159329
-0.286298043513947 0.221793905330478 -0.0281164762032213 0.0237503594241631
-0.117144658727554 0.324210260153543 -0.00741866906266569 0.115698192595776
0.0565174636814291 0.316498717798973 0.0530591928469896 0.119889710150759
0.158204024937047 0.277305603045111 0.0946975054850271 0.122939597140664
0.202020715875395 0.25500593137311 0.120031705461851 0.124941690832385
0.196656867663633 0.240098015631845 0.129238523323305 0.108786560778473
0.185596427835319 0.25873453570982 0.114943576095478 0.0885769120659808
0.123679922381161 0.301796257960863 0.099622317989923 0.105437169468688
-0.0210676230377102 0.302397466253014 0.0476479234685927 0.0954391291997078
-0.167512205982515 0.263187953161193 -0.0136981124349853 0.0347110143805112
-0.323690296368216 0.147039001860077 0.0216957137844274 -0.0556079726713264
-0.363742391063478 -0.0262071701108909 0.206812125695171 -0.0881401235688067
-0.267754884466303 -0.101585060371376 0.280903912928473 0.268005245648226
-0.283082261327769 -0.0209925320975403 0.2534086471847 0.0672940764806481
-0.239149662529148 0.0625991620009197 0.096010243436972 0.00776573968741669
-0.170621546378247 0.155484334877153 -0.0268029474291237 0.0620532588873853
-0.069671141110169 0.219534824491829 0.000832006170732132 0.182481176651372
0.0470424090673102 0.217467226205723 0.0890162295328336 0.21147742515017
0.120226803418584 0.198485526409986 0.160440115687686 0.218081927889727
0.144151325210878 0.190051656013776 0.189492918576055 0.21129654571623
0.133614185023753 0.181991600140158 0.183436771155822 0.18808090565239
0.107157185155895 0.188200882899583 0.13602149897064 0.152713578451793
0.0500224001258243 0.204507090403586 0.0941975864930053 0.144059401059801
-0.0471678380488071 0.172919913498917 0.0327257845083406 0.106311515037678
-0.10426061323052 0.133256545131729 0.00991741952012516 0.0237241767495458
-0.201638549634207 0.0956239157101051 0.0754977563877371 -0.0434926084987247
-0.251172568910414 -0.00716038238856489 0.307685106443149 -0.0401149917159868
-0.129697574875669 -0.0154428903380661 0.360850085168783 0.278242302524192
-0.108555374697483 0.0339580644762337 0.303502900885439 0.0796894739162303
-0.0515725435054439 0.0385832728637352 0.126828765134966 0.0157356990301257
-0.0499449524530609 0.0389316345079349 -0.00723173037689551 0.0786738356764683
-0.0333601754972615 0.071445262118277 0.0226216222436585 0.208739900247899
0.0158401273669277 0.0846431695119253 0.122588043370051 0.2589566205227
0.0578214266439918 0.0911357849512815 0.208296098059323 0.271428442714437
0.0673103609251749 0.0954198676793197 0.230485788530127 0.266302433125412
0.0602102474063678 0.0919594187152101 0.204302044108594 0.245289355516156
0.0322766959350707 0.0907027700906078 0.126247748805274 0.200973295807726
-0.00077256651782613 0.0888571162746703 0.0635910634348733 0.164849547150117
-0.0357018354067716 0.0502774817414872 0.00497100201120328 0.103206773621892
-0.0171304263186141 0.0346249774315821 0.0268375929360453 0.0159459098870326
-0.0702880070313208 0.0684349508577268 0.114019336300271 -0.0172309750864138
-0.12071831234373 0.0268087117601122 0.36653006599455 0.00868166144334049
0.00623195961129406 -0.0550272299818646 -0.424414806838523 -0.0451621483627765
-0.0457466966010257 -0.0747459871875959 -0.181004283583767 0.0317127076833942
-0.0752647158491543 -0.00457720553338395 -0.0503532586279208 0.00131727395153071
-0.0221139452104613 0.039958001618067 0.0328498290255357 -0.0676322551659241
0.00955507216117375 0.0344109611973689 -0.0112652298882249 -0.156339092719713
0.00678304621096887 0.0238861256579416 -0.0960586680314365 -0.224002379514541
0.00340673367429124 0.0129815720235442 -0.191457785294177 -0.271942923898263
0.0206628582046699 0.0178735083788364 -0.237413863362562 -0.283076980958916
0.0295059622554834 0.0284727825285607 -0.22650686804137 -0.276049278660608
0.0535071885410529 0.046343566378955 -0.154546088132443 -0.247917481385189
0.0448640826302753 0.080932128855864 -0.0811345999576292 -0.202459293095188
-0.0233792472781777 0.114823873335272 -0.0434272643394575 -0.102774014775742
-0.122871654502216 0.0711632078020006 -0.153404943300323 -0.0406331748533339
-0.104421606850859 -0.0418397181821845 -0.26145561705869 -0.103710635397473
-0.0510721296694674 -0.0534979719322228 -0.331157561492775 -0.291847174604738
-0.11757659177428 -0.116432130935602 -0.3854406940339 -0.054499130082335
-0.149668019748006 -0.105671339472059 -0.183108421945273 -0.0211195030032364
-0.171245848599336 -0.00830168960137212 -0.0698033731934042 -0.00418643348551889
-0.102989638856304 0.0950099203157688 0.0325188234567268 -0.051622415881567
-0.0213292914955675 0.133956147183717 0.0155104461540181 -0.140548995622697
0.0337485218228746 0.134473879846708 -0.061123503101296 -0.221742710074866
0.0683857959569905 0.122439430731219 -0.159408563590469 -0.258841805174155
0.109999492614154 0.125740622450698 -0.206769435760984 -0.256188160715111
0.117969807284933 0.137714504010889 -0.201585007631826 -0.236479165560568
0.132681397508005 0.168547633795156 -0.140411637909797 -0.199289847476485
0.0930553269842013 0.225176064408171 -0.0766213018595505 -0.140489286300518
-0.0400846480281465 0.270687303746745 -0.048314368160303 -0.0497378599075819
-0.23440443659005 0.213242875153182 -0.171182855187236 0.000740601494117214
-0.292852206344619 0.0165267380078837 -0.257842004301495 -0.0760353911102034
-0.233982905065564 -0.0896390863107817 -0.30097539911898 -0.260850060648163
-0.230590277555446 -0.1792869511418 -0.302583238185207 -0.023133614123659
-0.257924740269404 -0.14478036275833 -0.150938205407611 -0.0523708034566629
-0.279928779543455 -0.0250340160347457 -0.0712004030997383 -0.017178010810119
-0.204800222457067 0.143879202106781 0.0222390032013697 -0.0429431976043132
-0.0730460210944139 0.232521404235526 0.0253002518935592 -0.108729285342696
0.0460334758705317 0.241663837106546 -0.0309626261115397 -0.185171842715838
0.121106142343924 0.223672619064712 -0.11118549065455 -0.204570598375215
0.183202731426272 0.215396098997337 -0.146074308340748 -0.190317286968846
0.192777754372097 0.218067158127516 -0.140641648274663 -0.166486175596169
0.207386436957084 0.255299971114015 -0.0914022678050361 -0.132942563665571
0.155962468589133 0.329944042135489 -0.03923489199877 -0.0716578972804497
-0.0158911673049114 0.388079817482644 -0.0265581695926967 0.00340836318986612
-0.271672343457551 0.345160029321486 -0.150704995636783 0.0387681508054428
-0.417110694173731 0.103171589680166 -0.214484227581226 -0.051783599044638
-0.377906879138895 -0.0894710391213845 -0.214155034304228 -0.216445034526432
-0.322057640608495 -0.222760263307687 -0.175622338198578 0.0464194102334157
-0.36017924771489 -0.167986315260857 -0.0740683369333739 -0.0491784189277658
-0.387452043854534 -0.0276673549244644 -0.0433014940360381 -0.0279235352366224
-0.300909740053255 0.195092585448311 0.00586710104406353 -0.0352305917837248
-0.122579829330129 0.319251990940219 0.0187891278300046 -0.0537712927914197
0.0517020708635632 0.326598568259702 -0.0048291702091413 -0.108727221675274
0.158892734182185 0.294830413679073 -0.0504476247916697 -0.111954183003687
0.22853713210464 0.273388752135088 -0.0624986235129401 -0.0929009019744982
0.237533107889797 0.264060384793378 -0.0512002877945645 -0.0774617883868757
0.252363125486212 0.299691427986862 -0.0177139375370739 -0.0579199438081168
0.198193207512078 0.379409136111084 0.01813428709415 -0.00520614680789598
0.0129637650499142 0.438838688412667 0.0100355309210537 0.0451964049714676
-0.256890717243095 0.410370104597805 -0.104972340926248 0.0558799868548224
-0.456374313531382 0.174727571408221 -0.139012122600038 -0.0447760677070916
-0.452832333533772 -0.0662236700447694 -0.0800652592099178 -0.172865010479643
-0.369311479690667 -0.225583882747388 -0.0171173371624347 0.135416851063678
-0.423185095822882 -0.156146105922684 0.0417529762980466 -0.0136692500476798
-0.443707286917019 -0.0044325966553244 0.00687661158397049 -0.0276420773447051
-0.341334293830731 0.234300739859751 -0.0143143978719866 -0.0140277634103051
-0.142520840915113 0.364305241708051 0.00223979805449528 0.0279269802866894
0.056791472921182 0.360581949538603 0.0217322167648131 0.00148513798289197
0.174913583293561 0.31727288795994 0.0209430959795165 0.00529863558376191
0.236851331752435 0.289019590908343 0.0333201054582817 0.0186671653823718
0.240534962975596 0.273849733889145 0.0475097648398347 0.019206253567638
0.247801127468441 0.301918253054988 0.0606817928316347 0.0171356844584707
0.188177378334414 0.369422668065585 0.0749318119499857 0.054146893792836
0.0103611377171046 0.408390392362982 0.0405415688949419 0.0759781605531632
-0.220551829552771 0.378612629405122 -0.0556561475651658 0.0504237201503454
-0.42302021958837 0.187429753303003 -0.0542828148173425 -0.0515330294353887
-0.448592581667707 -0.0440298604085533 0.0722527331671544 -0.130416941309376
-0.355186829324516 -0.184082237680155 0.148625610111693 0.220915938637436
-0.403789671926763 -0.10049743830217 0.163975655365245 0.033700911312468
-0.398992381966455 0.0353037145848225 0.0587585844050629 -0.0128471025749261
-0.294365445686386 0.227143282968924 -0.0303538198087096 0.023250181422968
-0.119576758293272 0.333514997697899 -0.00914480655678359 0.118252469638067
0.0572362540977069 0.323099465821941 0.0530718153683078 0.121135940613725
0.163533502831561 0.283618985009292 0.0961944043664755 0.125360193859993
0.209937920792532 0.261366896708136 0.124528632084372 0.12668398918491
0.203677727245563 0.247009693634096 0.133234492266988 0.111730909404403
0.193653872103359 0.265127808483097 0.117710324547295 0.0897727822720578
0.129667303649645 0.307909702577292 0.10519782693053 0.105520911299269
-0.0204417853376223 0.310322576997805 0.0496737738559609 0.097075481600114
-0.173114780245562 0.268243263604606 -0.0172973071195612 0.0370621645907579
-0.33106479836347 0.150356468208089 0.0202892252392361 -0.0545443132694912
-0.374685358533675 -0.0281883433391123 0.211496013965663 -0.0873680773570826
-0.273204694553604 -0.106084266306859 0.28732832578227 0.27593206104224
-0.290614127575998 -0.0225009117873229 0.259801469434197 0.0696665486860061
-0.24765716539066 0.061555813564831 0.100070407353817 0.00721356441872398
-0.175297973411152 0.160175564304664 -0.0291376079294959 0.0634190676142935
-0.0711515922340477 0.22568665194334 -0.000619389964989799 0.18698936551444
0.0477584360736255 0.222419235855557 0.0897384411290116 0.214915503595973
0.125195536796009 0.203153733529167 0.164972967996576 0.222415952737343
0.150419493413407 0.194826399948373 0.196824848189825 0.216169662925574
0.139200036845293 0.186905420487059 0.190107834305855 0.192112786761244
0.111763370406467 0.193625870349696 0.13995149607428 0.156200991483146
0.0529990163344088 0.207912068599131 0.0989720635183406 0.145612840335069
-0.0477725490310584 0.177361087111904 0.0344377691224752 0.109193820460735
-0.108035296915374 0.135103681459727 0.00696717258517519 0.0254914173966603
-0.206461486965457 0.0974511540630415 0.0761352855514727 -0.0420127925962424
-0.257634232174131 -0.00888724051755695 0.316759921497867 -0.0391994394045793
-0.132698363263332 -0.0169328167574716 0.372397463595468 0.286039077690427
-0.111761470612484 0.0345206965771167 0.313833602969475 0.0833457531410299
-0.0545874796029884 0.0382122853266043 0.131992353760332 0.0162323591738863
-0.0516612538684979 0.0405664268959431 -0.00685927304212054 0.0807432260662769
-0.034349960665202 0.0744636543885123 0.0215734213973398 0.214122588415247
0.015830903416393 0.086798350947824 0.125987290370322 0.263821254632988
0.0607159982769895 0.0923246489362748 0.214470896840452 0.276872477661807
0.0701155591848015 0.0977340305607482 0.240352842390179 0.272306751761045
0.0624156070661551 0.0949833879211655 0.212728475867908 0.250615936881928
0.0339277688889039 0.0932891439620113 0.130206834293343 0.20560887840378
-0.000275922711741286 0.0905564956815538 0.0662077940316543 0.16765809212565
-0.0365153665264151 0.0513101913826839 0.00675531182272053 0.105915430765659
-0.0184899888363435 0.0346206443420026 0.0254467560732248 0.0165123122798228
-0.0713145208965242 0.0695801876317521 0.116372718789902 -0.0151280564497028
-0.123259494965572 0.0264010891663058 0.37751544827772 0.00997887350788549
0.00551008186329439 -0.0572019569860168 -0.442492602517196 -0.0330710849843213
-0.049378550740372 -0.0753494776025153 -0.18798789564011 0.0377038965738541
-0.0768064290654843 -0.00118948425748069 -0.0525228660873515 0.00356075009239624
-0.0215516218461403 0.041142009696935 0.0302984131054464 -0.0712079843493331
0.0120033281088973 0.0337569858186919 -0.0173629979455536 -0.158757781987702
0.00869143936171974 0.0250287799370034 -0.107785494190603 -0.224895571977801
0.00316989379087465 0.0139275697358435 -0.20953084496635 -0.271589784082802
0.022045164489649 0.0180178099893608 -0.257545748191439 -0.284406769603599
0.0323164132621605 0.0280536114306281 -0.245171191489476 -0.277379945697505
0.0573023164460894 0.0451094172446702 -0.169993494269681 -0.251677029190004
0.0494665026386244 0.0814468686139779 -0.0918780110940428 -0.20466551026877
-0.0194310078542649 0.119009389936809 -0.0488544506958157 -0.104150430649061
-0.123526292200217 0.0780605353458473 -0.160462239830946 -0.0361934865123986
-0.1092790480996 -0.0399466662444041 -0.272925054271099 -0.0996795839060351
-0.0556710183762037 -0.0541345844724204 -0.354266676607446 -0.291067660721342
-0.122946755453475 -0.115918983099109 -0.402583994554682 -0.0426415383435417
-0.157250484782304 -0.103674836267716 -0.192810531070257 -0.0165409611649897
-0.176098289878906 -0.00273370363811601 -0.0723769522462124 -0.00285943453222001
-0.102227713313771 0.10114990722939 0.0302873017392733 -0.0543967553201203
-0.0157092910555667 0.13730996418314 0.011308512280289 -0.144244212630852
0.0405060237181639 0.13671531401173 -0.0724733964393186 -0.224919296421882
0.0745886967641568 0.124352654728353 -0.176198465677412 -0.259901695186516
0.118932178840769 0.126168403998644 -0.22698221832419 -0.258274637219293
0.128464591051772 0.137905477192275 -0.218974559987177 -0.236641942093946
0.144609392241842 0.168802127045384 -0.153628617713979 -0.201632167074641
0.104746638690946 0.228859082765785 -0.0826541516312747 -0.142563055699699
-0.0303978658793666 0.280919358808971 -0.051927419182895 -0.0495735841594001
-0.233872489946157 0.227811161432321 -0.178689346172069 0.00821395196153531
-0.302054544041665 0.026274547783894 -0.269819674177184 -0.0707263198616265
-0.24674800360437 -0.0852295997030322 -0.323369501069097 -0.256970941960238
-0.241008851259538 -0.177168581701389 -0.31621553070715 -0.013295824482464
-0.269168355568877 -0.140415726859549 -0.16112848690274 -0.0491790508330631
-0.289779055117093 -0.0165819181822808 -0.0738000709629443 -0.0159826984723015
-0.205003122633295 0.155675560712014 0.0196437824331521 -0.0455458703991721
-0.0653826645397044 0.240088954068148 0.0222817500251171 -0.111823440889547
0.0564725214740068 0.245909232513811 -0.0398863321304037 -0.189623903216223
0.133265450554842 0.226102832611201 -0.124808931145173 -0.205590268033901
0.198510328170299 0.216136152772479 -0.161539596366867 -0.192180616938576
0.209706109196419 0.219367102242881 -0.152901746143331 -0.167514902037428
0.226623297890618 0.254626339861194 -0.100974109855111 -0.134784233336402
0.173024446000509 0.333723643743427 -0.0414412234056002 -0.0734275339548744
-0.00103548812358855 0.401927746069936 -0.027071823645004 0.00402889198231646
-0.268541705521868 0.36470150480797 -0.156903656288289 0.0483218018839342
-0.425656390645604 0.121051253700566 -0.225721581785006 -0.0461276605856057
-0.396950452265253 -0.0799480703585436 -0.23142828548933 -0.213159772446819
-0.337356534087115 -0.219980998368355 -0.183256590370067 0.0531309401105393
-0.376323565303696 -0.160735866114411 -0.0816444082408999 -0.0485759773828807
-0.402418261708337 -0.017015466960945 -0.0445740993887355 -0.0287906789766624
-0.302640045855918 0.21312995688309 0.00296880794828519 -0.0373195570315551
-0.11298399234554 0.332927055258664 0.0166935494586606 -0.0548599188299748
0.0654398644135245 0.333139222727038 -0.010530734130179 -0.112132086784545
0.175470367158288 0.296990813576078 -0.0584332018755574 -0.112639883514823
0.248247151372945 0.273267542906092 -0.069661950274781 -0.0943141670784297
0.258207477799846 0.264292199203957 -0.0565619180186996 -0.0782814578343524
0.275774825495006 0.297422016228646 -0.0225204045043171 -0.0605205847874889
0.221330958840288 0.382231040116046 0.0215348130821693 -0.00869926061090485
0.0296432702456484 0.452120051812405 0.0126283881268134 0.0460435936741134
-0.251800502943786 0.431535317857921 -0.109363937302048 0.064490731704274
-0.466447269759462 0.196770316221238 -0.147601956505365 -0.0395670202964688
-0.472268903366507 -0.0539400095278398 -0.091304633490284 -0.170496377787257
-0.387564868035608 -0.221716784014306 -0.0150209227194673 0.140065412224387
-0.441554374163699 -0.146533930878972 0.0389927661743495 -0.0153640281534622
-0.461076181445247 0.00883021819951967 0.00691194426405586 -0.0305349410946933
-0.344192859556155 0.255196686443384 -0.0172700338880184 -0.0144046140402793
-0.132528344499326 0.381030408407538 0.0017063570889712 0.0290324690482795
0.0704322661840271 0.367697255448746 0.0203046857962895 -0.000217259078069248
0.193268900356894 0.318981662984803 0.01970014046874 0.00528294123746083
0.257655300511669 0.28899954032114 0.0350116838950026 0.0173231678173345
0.261755432160462 0.274626944049808 0.0498917258717977 0.0170918811719083
0.270489087581861 0.300415858816861 0.0618006061072108 0.0147497498781379
0.210539615809815 0.372580334813715 0.0817174231546716 0.0499268200427614
0.0273935336582076 0.421378168240076 0.0453961566441184 0.0765672571553768
-0.214767059980245 0.398488988844581 -0.0586569960117237 0.0578479246117537
-0.430347491063617 0.208515686135729 -0.0602523452244007 -0.0483924306382529
-0.465166683626053 -0.0318949051059762 0.069157271927637 -0.132528739476125
-0.370886280488013 -0.179376544221501 0.159215281680873 0.222114114980133
-0.420752201884994 -0.090479223768339 0.168307443335252 0.0295565403076676
-0.413068773937585 0.0492262201748638 0.0618952368562304 -0.0171996297287477
-0.29592115263753 0.245903045016411 -0.0320065354019075 0.0256996556556681
-0.111037735816627 0.349376521557317 -0.00630227671489396 0.122775573813333
0.0697356693513395 0.330180395489313 0.0566903880880615 0.120545430348033
0.180968918711663 0.285553133096983 0.102393285171424 0.125639242976479
0.227944182963953 0.261754065802537 0.135095144284135 0.124456302117141
0.221454519218828 0.248856033302718 0.143089737559059 0.109555474043327
0.212937843306625 0.264303616046009 0.123846545344381 0.0877075211612338
0.146961625317531 0.310407238996238 0.114828843923908 0.101817063672529
-0.0076840089743673 0.320501556713119 0.0559998135492948 0.0981215423436632
-0.170044984946109 0.283000010867543 -0.0199071420067867 0.0416836404064168
-0.336412484460724 0.166953142787066 0.0172734233431811 -0.0537154572163251
-0.387828906266944 -0.0166902221562681 0.215025498718853 -0.0937456176654975
-0.28439867152713 -0.100547048655427 0.30647702484335 0.273178237279944
-0.300690398083076 -0.0133592727411241 0.269995099896349 0.0633708381365179
-0.256002836467009 0.0718420772276183 0.105157769140989 0.00263990933514464
-0.175060018541463 0.173171034387135 -0.0280198355393602 0.0667355818268953
-0.0645461305836594 0.237012090464948 0.00403752883518128 0.193833658297511
0.0560302848159868 0.227634816112636 0.0992690552184252 0.216475084350194
0.137349084861957 0.202976283809821 0.177243955090409 0.222579175228734
0.163960063060919 0.195285908551821 0.213696428640479 0.214344625340379
0.151674718922825 0.18873847394141 0.205030068338282 0.189841367653878
0.125215382440273 0.194337994883154 0.15029877672453 0.155233245500577
0.0636744577030626 0.210958462304299 0.109099702927136 0.143080101793451
-0.0421469982350234 0.184999329467762 0.040533304035642 0.11098472430807
-0.107952140941006 0.143228499955161 0.00539027789360261 0.0274853408181385
-0.208974677562242 0.107946670696346 0.0766499879839664 -0.042213807151836
-0.266399733164602 -0.000594803212169458 0.326321676167079 -0.0493399221896025
-0.137895589257759 -0.0137118393639119 0.39514700677462 0.281410906193188
-0.114481545044384 0.0395809099956902 0.328484867731699 0.0743489219302855
-0.0566191612994764 0.0404989566156135 0.138452334525123 0.0110091309173236
-0.0518479421138651 0.0444634555734203 -0.00480068368740465 0.0838404333907424
-0.0326288421977053 0.0791522181288961 0.0285570246227241 0.220631951235902
0.018284091862788 0.0885972170215819 0.137843814530976 0.265010224998827
0.0664033227239308 0.0919552726150202 0.232302571054713 0.276002595736587
0.0773155990792709 0.0982034391398468 0.26210223766189 0.269838511879747
0.0690501985206311 0.0962579539583461 0.23147839403978 0.249743383172668
0.0393993222329901 0.0958613418151584 0.143881648315166 0.206654116106586
0.00334143910911309 0.0927231715962285 0.0755601823196943 0.168161252400853
-0.0349902511531961 0.0541763439059274 0.0119398207274832 0.108849625501527
-0.0185482511894386 0.0365108155785806 0.0245759435991055 0.0170164276188791
-0.0705332345366427 0.0743460276371224 0.119442234939706 -0.0167505967777366
-0.125631755560395 0.0309694549237796 0.391446581347227 -0.00260773493657457
0.00383314040992058 -0.0582308714883346 -0.448924624857806 -0.00664140815956385
-0.0535643700404956 -0.0729304613523618 -0.188984734499555 0.0482699570691255
-0.0757860061008651 0.00380567326248212 -0.0533410452055106 0.00679653410868686
-0.0183900518387418 0.0419565686918243 0.0248991306210639 -0.0730023688041427
0.014386330478322 0.0318234399524734 -0.0257627135367114 -0.157075437962195
0.0109826208101991 0.024612704257188 -0.121403692755063 -0.216595530461481
0.00360613035027643 0.0149361726904203 -0.227906277351101 -0.258901457961396
0.0231657596596555 0.0167280954804167 -0.280210521848753 -0.268910985327145
0.0354549477992005 0.025513791766276 -0.264942181954878 -0.26312739723081
0.0604835906259474 0.0412924547684827 -0.18678192181992 -0.242931371410976
0.0550294298895495 0.0786619095284874 -0.104447114032643 -0.198428656197174
-0.0124235097641134 0.120284186603974 -0.0562811730077042 -0.10071469668322
-0.119250321136311 0.0852036509411187 -0.163411130092195 -0.0257158287893522
-0.112533973788963 -0.0347493362552573 -0.280477071867403 -0.0861011767539018
-0.0595760260977215 -0.0517167230881967 -0.375826972896576 -0.271475590062746
-0.12845361407949 -0.110351234204559 -0.410456655671419 -0.0177083928844029
-0.16268608011018 -0.0952352624578637 -0.198121097356667 -0.00557137637484428
-0.176074343755891 0.00715115550081737 -0.0728290746118752 0.00209969963254068
-0.0957656262330365 0.106932592348262 0.0260557962816431 -0.0559639202197221
-0.00695530792267563 0.136450971249087 0.00397286924594407 -0.143503254280571
0.0493912447365527 0.13379438788418 -0.0863977920795818 -0.219066551012749
0.0824502944790075 0.121039133537343 -0.193939637417292 -0.248496212281079
0.127766384135743 0.11920928511348 -0.247180494013059 -0.245078896019407
0.139570967322046 0.129952724768195 -0.236541627441225 -0.224264131718819
0.157200804673651 0.159248708516214 -0.168301198105009 -0.193853976865913
0.120307143870952 0.22288851709683 -0.0909674159920872 -0.137607728440978
-0.0135947658104367 0.283218103720893 -0.0556822446995263 -0.045773067457398
-0.221474585437475 0.242716655956933 -0.181072492101684 0.0207639546409976
-0.302994156582787 0.0439660631656741 -0.276992176297349 -0.0560004716256924
-0.255297157461655 -0.0722187843642511 -0.343369670535621 -0.237423363617645
-0.250885076970247 -0.164442029808948 -0.320925167543169 0.00598466674377491
-0.277065138373724 -0.125399062119351 -0.169244322011399 -0.040692051724416
-0.291615668540017 -0.000729112046957276 -0.0745694577430659 -0.0122984751245234
-0.195812499579602 0.167782653880733 0.0160888088055065 -0.0470050544204396
-0.0505777153129458 0.243130519527811 0.0166531925694151 -0.112501927273149
0.0718989463645254 0.241568186379755 -0.0525791683620174 -0.186273907024402
0.148154248561 0.218691829254777 -0.139171336761268 -0.197131427573396
0.21398111618249 0.204235996812677 -0.176752978561432 -0.182324474704844
0.226216607123042 0.206749378399002 -0.165108213422914 -0.158283403356315
0.246362175112532 0.240485374411404 -0.112063002975315 -0.129722268674056
0.19610569345766 0.324084721355505 -0.0441074967862253 -0.0733382810884154
0.0236328978986963 0.402483150594426 -0.0268915473710861 0.00579839631122651
-0.249554981537451 0.382310516470873 -0.15720788858008 0.0608368294827706
-0.422978810888857 0.148113334389178 -0.230429317887437 -0.0315408584263027
-0.405270048008578 -0.0567576888600126 -0.246203273859833 -0.196570161082256
-0.348850153084008 -0.19946585089765 -0.183269418614565 0.063938972003884
-0.38621623910662 -0.14015017897725 -0.0889479109428111 -0.0432564593276159
-0.405355752691213 0.00600892020043789 -0.0463266243794194 -0.0279537665091657
-0.28975829267687 0.232038273970306 -0.000607643756060674 -0.0377155528380074
-0.0926602424448595 0.339257082410527 0.0134695740767243 -0.0553115280336512
0.0844066689936747 0.328742158060633 -0.019053480825022 -0.112068147633245
0.194916875152964 0.286961061712719 -0.0667559409446632 -0.108109790183
0.266422750129059 0.258115776558352 -0.0775354101954927 -0.090768364524395
0.277093301366263 0.249780412680863 -0.0623481326251538 -0.0742360800160142
0.298685124719176 0.279426015953586 -0.027890439860877 -0.0597331466703452
0.247524961865157 0.369458867086856 0.0226814259442091 -0.0129160884125728
0.0604145015302224 0.45108192800661 0.0159956733750362 0.0453586811715111
-0.22797447547624 0.447794282625085 -0.108053241708583 0.0755343365791264
-0.45763082220222 0.223058045201544 -0.152431074852328 -0.0281250871386581
-0.480122335735608 -0.0255466708654578 -0.101546041179655 -0.160939199550068
-0.397722361949179 -0.201128017469965 -0.0103274293683545 0.141073517477894
-0.449802284256582 -0.122901186078787 0.0341436228461517 -0.0175110578434636
-0.463910717087611 0.0359987668078536 0.00614282955888105 -0.0331890439886221
-0.329159634468197 0.277058641755907 -0.0197438395462836 -0.013899119599881
-0.110220798406083 0.389969827908832 0.00333975459692607 0.0300718158383432
0.0912460174278765 0.364133622720443 0.0186636233084233 -0.00226080452474701
0.213288725720854 0.307764768535426 0.0186761299979475 0.00505511565149458
0.278455129849381 0.273206289551329 0.0354696528199787 0.0137602482875286
0.281596130939124 0.259346173467573 0.0513856937607952 0.0138560841511863
0.292878449861027 0.281990013581005 0.0614557908101267 0.010509870486697
0.23633933860358 0.358416539342707 0.0866990612762107 0.041571434138919
0.0544414538613518 0.419563249236098 0.0510935218687514 0.0737517774823786
-0.192323687603284 0.411482212626446 -0.0584577729457166 0.065686890412673
-0.418543960871206 0.234652932075944 -0.0650431119251166 -0.0413455506704932
-0.472097426391705 -0.00479005756289972 0.0625480013972069 -0.132208468734594
-0.381111843405046 -0.158428461312658 0.170428460537706 0.21307268241008
-0.42553483573305 -0.0660735210869943 0.168544845937493 0.020013548075107
-0.413776252014407 0.0734469456193901 0.0623124524418282 -0.02299144107264
-0.281934589575556 0.264393163450174 -0.0319185314923851 0.0275264784583845
-0.0891293206608499 0.357459467973936 -0.000629289463370033 0.124859610376943
0.0878935359407201 0.327212483016328 0.0616801840320934 0.116360357126024
0.19942438454377 0.273660053485546 0.109207221808157 0.119979010416325
0.24705423815445 0.247766473500566 0.143965520425958 0.116090960805864
0.24049027245924 0.236373967106904 0.15184893422477 0.099523512470417
0.232097524250639 0.249622541379558 0.128945566007709 0.0800658851964448
0.168541932738625 0.300218513421759 0.122681735901843 0.0907183301195458
0.0127144074393871 0.321472710010978 0.0631383593339825 0.0950984283734974
-0.155227985372216 0.294174813791308 -0.0202034869884505 0.0468650134944836
-0.328016146956261 0.186704643998906 0.0135246957620161 -0.0503660106607698
-0.391060820920738 0.00529116381308017 0.211651532770903 -0.103340948036137
-0.290617450031195 -0.0856860830271134 0.32229236759781 0.255351658415795
-0.303081170566204 0.0043465182408809 0.274998048598141 0.0472911314592177
-0.255871174521089 0.0864713936944323 0.107421280030607 -0.00529134635967281
-0.165211691547082 0.184310891877307 -0.0248967682766265 0.068798476744178
-0.0504317013346404 0.242863101345625 0.0149042994618972 0.19506958017272
0.0679873250281162 0.225820592676215 0.110737479495192 0.209752504037573
0.15057380797607 0.194871253765506 0.190623879793235 0.211761141598944
0.178760667339837 0.185449289080193 0.230061469609161 0.200790433272156
0.165678808583164 0.181577695292452 0.220315633739527 0.17710863297111
0.13901983716383 0.186031583077111 0.160374324004774 0.146480735897038
0.0784010460851 0.206784380839753 0.118824275579217 0.13362929020001
-0.0296934577211871 0.188589631198403 0.0483956004116905 0.107891434130374
-0.100457000250322 0.150066730432109 0.00469713853342192 0.029872309103625
-0.203291186363296 0.120050328203845 0.0741942118838104 -0.0431843414295324
-0.267459146061789 0.0133477524659885 0.326336808296475 -0.0667133532862862
-0.138289515644926 -0.00583856154415883 0.413663428533214 0.257675317280846
-0.112928392840673 0.0468609442254067 0.335758934505522 0.0540541504759951
-0.0564239925625488 0.0436303233748341 0.140321401308337 0.00156573632753268
-0.0499469138097972 0.0490116436862327 0.000236807868914325 0.0845856215187153
-0.0273478105127649 0.082364542487813 0.0408728269193378 0.220280740790193
0.023151035734294 0.0887913676089797 0.153367019400927 0.256553472966712
0.0722133038091574 0.0872152474539356 0.249286514626319 0.261042344268448
0.0850915995046829 0.092958797162133 0.281622032853269 0.253315021112792
0.0759771483385063 0.0936457272845607 0.250155551331977 0.234357075984421
0.0465218085345529 0.0934639986659839 0.158206640070197 0.197538124436144
0.00959298671668933 0.0922675233550376 0.0868539393042276 0.161607575035354
-0.0312910235437369 0.0570677100243383 0.0198009190005476 0.107763003799043
-0.0174641865603231 0.037642147939788 0.0244692993671039 0.0168620361338981
-0.065783572807272 0.0794453799310324 0.120101085146259 -0.021140161518523
-0.123701300583336 0.0370349356324114 0.393920686019825 -0.0258309626428483
0.0012368021754078 -0.0571692997767971 -0.436090303348422 0.0178616647563672
-0.0548986321602918 -0.0681869892291305 -0.182764982769085 0.0563142279278318
-0.0718697221221932 0.00728746174030448 -0.0510853630157468 0.00957733667474073
-0.0157272324467333 0.0413420784826975 0.0199363041768971 -0.0724154467472424
0.0156442333324635 0.0285198220593718 -0.0322883455629562 -0.149979217672416
0.012728603489581 0.0229998964469676 -0.127451710741593 -0.201240340563744
0.0037868463345232 0.0155746300331645 -0.234892489377353 -0.237232795691761
0.0229324572054301 0.0150596637727051 -0.28882471871466 -0.245162104155971
0.0361458084986442 0.0222573202766259 -0.271938459030634 -0.240675992940589
0.0611441064419818 0.0363305208778906 -0.19350038095652 -0.225430017199571
0.0573816414248516 0.0723676148942218 -0.110919619690137 -0.185849426644982
-0.00527433680407912 0.116837024457042 -0.0598588867020594 -0.093933857666247
-0.110291984149303 0.088068299337811 -0.160083208925492 -0.0159199414592625
-0.111170418407029 -0.0284306507609316 -0.27669290524656 -0.0715159549954096
-0.0610137821427008 -0.0469397481211273 -0.3799313380467 -0.244931212066175
-0.128500648400424 -0.101232354738806 -0.399078329188283 0.00437661710162938
-0.161107773933033 -0.0848613418849004 -0.194302928982531 0.00503821449739478
-0.16952140372078 0.0144348812837553 -0.0702086811739625 0.00494988146976663
-0.0866731957072159 0.107358411069945 0.0215778913253781 -0.0557648721330941
-0.000230083715743081 0.130360850628304 -0.00240009942132268 -0.138037639894807
0.0547816840658102 0.125901366449815 -0.0945723833243442 -0.206120279719771
0.0855785565424196 0.113303288322705 -0.200716900452086 -0.228482529524656
0.130044343612623 0.108475737484579 -0.254870266296428 -0.222792331892137
0.143061032476113 0.118382106330848 -0.242127292811635 -0.203442655877419
0.160715558641405 0.144848169249292 -0.174134102736311 -0.178702837193225
0.128627096054394 0.2085407121759 -0.0939448722393996 -0.128993129605363
0.00137783369929479 0.27415232676788 -0.0564443074114656 -0.0412801695797627
-0.202160472618644 0.245357349934726 -0.175334913736076 0.0323912435115039
-0.291945911701433 0.0558878635016401 -0.27195135362864 -0.0415532998125445
-0.252092937936759 -0.0573108173048525 -0.344962452983725 -0.210295732317302
-0.248801000489033 -0.148503933571011 -0.312536234062443 0.0229376517403243
-0.272198823246832 -0.108322763429608 -0.168611812045157 -0.0300589658286359
-0.282339342702517 0.0122602864656536 -0.0729724389055444 -0.00959901008401231
-0.179536885445907 0.171582998299777 0.011732584874498 -0.045955735650196
-0.0365064917708691 0.235607062132113 0.0107149411935981 -0.108099626445142
0.0806245973497321 0.228808349046721 -0.0610643900414598 -0.176386611657174
0.154629118630286 0.203140506127714 -0.145894268137057 -0.181552134231641
0.21813304345095 0.186434599156009 -0.183499770452448 -0.166763518886219
0.231593307505291 0.187887308763329 -0.169098547741934 -0.143454283436944
0.251770842276889 0.217794123802133 -0.116452318866416 -0.11977223683324
0.20820704461976 0.301582270608279 -0.0456026091814587 -0.070368988537526
0.0435579964722585 0.387691042534106 -0.0253335729084675 0.0074087270241263
-0.222974944231309 0.381483040777396 -0.151115432413791 0.0710233030040731
-0.403598422673925 0.163041633100325 -0.225523685867928 -0.0181819011957411
-0.39709368592731 -0.0349319189708242 -0.248223495389885 -0.173879029128344
-0.344809519827459 -0.179053767897676 -0.177271590614469 0.0718322636093444
-0.378140999276849 -0.117408218313157 -0.0914250462790119 -0.0371225204246149
-0.393853420651207 0.025474615878709 -0.0460531491614988 -0.0267122754772362
-0.266621567399887 0.238322960797301 -0.00409613735217121 -0.0364180839358542
-0.0717949379008152 0.331972180981657 0.0101597537336375 -0.0527930981474834
0.0975144396844312 0.312560886659891 -0.0256040110034063 -0.107057959401143
0.203137106100134 0.267037408561463 -0.0712582373465145 -0.0993562240488344
0.273138401409559 0.23518994398367 -0.0814946112881745 -0.0834555737928108
0.283634247395177 0.227036517163266 -0.0651478369315505 -0.0685038890658446
0.30469269230793 0.251778061224411 -0.0318759819304034 -0.0559629100197062
0.259759882114553 0.342661498569586 0.0220214590234008 -0.0167745275822995
0.0799768870635323 0.432027368260294 0.0180280243428557 0.0432967752658244
-0.197795423566324 0.445042827650395 -0.102609836335031 0.083402363850747
-0.432201046831107 0.23872206553059 -0.148869842167731 -0.0168073740319655
-0.467301591533416 -0.00179146112703197 -0.105186279059369 -0.145561426697859
-0.393803894357569 -0.177549151043583 -0.00546838941525594 0.137826028655352
-0.43969134596134 -0.096364675228898 0.0296178298655061 -0.0182839604046056
-0.449474426896249 0.0569739246024575 0.00467722123013144 -0.0355202029005495
-0.304073923866063 0.283616034148505 -0.0211447199142086 -0.0125803962162871
-0.0860404569316039 0.381263072242647 0.00390435437231701 0.030724999911086
0.105087191670844 0.347201250357842 0.0152997567187786 -0.00366127625266772
0.222387359936674 0.284658302196021 0.0172629764554568 0.00488185419052929
0.286191329497363 0.249460360641683 0.0345085707217358 0.011151224889668
0.288045807348166 0.238008434591829 0.0509426100712774 0.0104533324372853
0.299448884808078 0.254864540308369 0.0585854780228384 0.00754417932203257
0.248934666225784 0.333626983252157 0.0868740983595674 0.0323476694038139
0.0756870938008858 0.401623732482335 0.0536492004888034 0.0684664785128629
-0.166216727738563 0.408651928303413 -0.0543499254361798 0.071492591437272
-0.39416716821352 0.248075022612854 -0.0638567536364868 -0.0332416121622694
-0.457202758153107 0.0184630322600008 0.0558565540328019 -0.127258324488708
-0.375189826048071 -0.136443542459198 0.173559826082225 0.198203934534437
-0.4153847231139 -0.0444029126904488 0.162286261427162 0.011196742733827
-0.398907003521914 0.090374101189879 0.0589131536987274 -0.0286223833338993
-0.258019668000073 0.270128684358459 -0.030438155440202 0.0283854313655729
-0.0676331492088285 0.35013425075036 0.00556523742930682 0.122085323502171
0.0999839249554771 0.312834542633301 0.0632656483413043 0.108780928893294
0.206802845719756 0.253978716701447 0.110391984669831 0.109658360078711
0.253849324865226 0.226573517082586 0.14545625002646 0.103417485679294
0.247497217570354 0.217029431895759 0.153190231509972 0.0876269134637234
0.238703513201706 0.226703001764596 0.128556283601286 0.0708648909635716
0.180258176682038 0.279845189953294 0.12328095704705 0.077321454131174
0.029677334779614 0.30960361951592 0.0662913952169909 0.0881056753425337
-0.136647349820551 0.292479734769211 -0.0183718489521174 0.0510305631037034
-0.306996103567758 0.19691997545972 0.011293901693583 -0.0461130341140653
-0.379697202413559 0.0235990535838177 0.202227334029345 -0.108177118144794
-0.283933242433269 -0.0697445317710867 0.323541469386235 0.231557295609505
-0.292748399191827 0.0186606777575567 0.267433158246116 0.0317551312690975
-0.244915584511439 0.0967683828052175 0.104100306126759 -0.0133163588821724
-0.150782926906165 0.187068200243925 -0.0209463533384055 0.0683044369918582
-0.0357605731770827 0.237625081539884 0.0241183754368915 0.189785457835413
0.0765440110283806 0.216080786757684 0.115026891626554 0.196319483788716
0.156094166875518 0.17907154198309 0.194893982168092 0.194730512044903
0.184163756324661 0.169630634979278 0.234876973989836 0.179470754217596
0.172213474720326 0.1671249528791 0.223460647322849 0.158176056483604
0.145120836638803 0.171318473352706 0.163020767791824 0.132592126437861
0.0874273103692528 0.193494174634323 0.121817266598862 0.119945356418859
-0.0179706490770558 0.18308485859658 0.0533422704835134 0.101734047760225
-0.0907927997931742 0.150680311825196 0.00513204472963948 0.0319462816104093
-0.190158217374938 0.126976863120843 0.0709485846464623 -0.0424677020466232
-0.258245128355141 0.0252356091065068 0.314346932717608 -0.0798738597289372
-0.134526477247794 -9.54738003275122E-05 0.412703078621139 0.229063227974432
-0.106924792977242 0.0512572423790131 0.327507242804437 0.0342199598847862
-0.0540223530866188 0.0455652303278486 0.136926192955915 -0.00725703811366741
-0.0450015993894634 0.049593141297523 0.00438708099004085 0.0823571963896498
-0.0217776725233362 0.081914939820013 0.0502129233467499 0.211974049105218
0.0257229884610377 0.0857134407220802 0.159496815656522 0.239096234267483
0.0747156324805624 0.0791529874504762 0.254557624038879 0.238562153416835
0.0884728023839535 0.0849126285639563 0.28947745181135 0.228005816488992
0.0795595821654259 0.0864939432415952 0.255879244370868 0.211904508404853
0.0500766109664756 0.0875602824468099 0.163844883534849 0.181457442692636
0.0148886980674191 0.0882364967123795 0.0920269638153473 0.149430220305847
-0.0264306389433881 0.0570693206996537 0.0250716581983815 0.102723193832917
-0.0156016979337507 0.0378428581996644 0.0234194279105338 0.0166014588791313
-0.0591827937479196 0.079684945688269 0.116417857533844 -0.0238972892375239
-0.118284804555306 0.0407915653817955 0.381168364549873 -0.0460207406849703
0.00904889644310486 -0.0535906566902157 -0.404753653814005 -0.0305552394104906
-0.0409634220119898 -0.0706778304307482 -0.177581079953593 0.0290121814001363
-0.0666402280429165 -0.00320622148451923 -0.0510934842501115 0.000257603816025127
-0.0202554195623719 0.0355264887841375 0.0241362855328124 -0.0654265244970835
0.0106497184662683 0.0277797896251047 -0.0135145122777589 -0.141641248502399
0.0110476288420913 0.0237100689416634 -0.0971673435023349 -0.200646751191713
0.00115575722051279 0.0173664514408781 -0.195852955147561 -0.247760801967571
0.019017304666922 0.0178213155558746 -0.247581422343486 -0.265621429805833
0.0319510031878324 0.0273649481290902 -0.232099875076254 -0.262698173430401
0.0541146187901668 0.0428686031439924 -0.160946325853561 -0.240247893855556
0.04527662381461 0.0774459573773856 -0.0841165333823513 -0.193929991358495
-0.019549207786609 0.112456599873324 -0.0469640090120229 -0.10084549196501
-0.113925486106395 0.0729743494980207 -0.148087912764726 -0.0364551029556261
-0.102185028840099 -0.039581439085193 -0.254016483226745 -0.103406725388541
-0.0526008349440965 -0.0495590742424114 -0.340703524992958 -0.283486689895703
-0.105272815030261 -0.110732047471049 -0.370341308480149 -0.0491748289951603
-0.136195208815483 -0.100330464769605 -0.186210651913791 -0.0253188253916455
-0.158261725753795 -0.00986779285474837 -0.0705090462040061 -0.012277053073981
-0.095981396046616 0.0867163936031778 0.0215840415514388 -0.0529377407573207
-0.0194492325315535 0.120523398462688 0.00811845965585186 -0.130224952163361
0.0361309009074946 0.125416361456883 -0.0700410081760993 -0.199175631938142
0.0672698174142983 0.119474733259304 -0.167867295670825 -0.236914015216911
0.110412730719043 0.120275071060556 -0.217069931413251 -0.240744024960429
0.121264876726225 0.132168713955725 -0.209060563251145 -0.226423781699349
0.135120053035008 0.158089064021861 -0.14837299239195 -0.196835415742756
0.096335144300816 0.215453071618979 -0.0755022060590556 -0.144189525786307
-0.032428671864199 0.263545600271222 -0.0502908218819207 -0.0538370049576796
-0.220305493842479 0.212727397485008 -0.165136174605511 0.00496646627824478
-0.285253979602075 0.0200573460066745 -0.245421414423414 -0.0760004794696988
-0.235969038553524 -0.0810495486248031 -0.302636728078217 -0.247907765347594
-0.210052479014734 -0.169871028464702 -0.292261609958464 -0.03071840953286
-0.236066321422191 -0.136836057862972 -0.160725260174302 -0.0603621263088804
-0.263487614739563 -0.0269364896011478 -0.0737555347750327 -0.0328614935024646
-0.19183565727968 0.132542663751412 0.00928560586880434 -0.0497972250255583
-0.0690039506304815 0.214083617399726 0.0138207636179447 -0.104570675371862
0.0460500221481882 0.224855668977487 -0.0464073084890324 -0.166436391665455
0.12150535802745 0.212755806086298 -0.121208418425019 -0.187230804694129
0.185794094071184 0.204469671754589 -0.154066252670694 -0.179301237653791
0.197082945045151 0.209541805879952 -0.146774758541071 -0.161661502204089
0.2134556708178 0.237635422846829 -0.101560113722185 -0.136494860958226
0.160999313604464 0.313033774669532 -0.0377102415195701 -0.0880380288855517
-0.00560253777399813 0.376302435579798 -0.0274912897036498 -0.00667156454856953
-0.255640721863242 0.339665529187659 -0.143909078348845 0.0431952022313213
-0.403332243824878 0.110111730616114 -0.198963229275173 -0.0515137979878182
-0.378509252442525 -0.0778133858670865 -0.20546928247577 -0.203042805067061
-0.294546367722377 -0.208797312289425 -0.172609805102161 0.0222642829331704
-0.331744600207554 -0.158786074630472 -0.0901731726551017 -0.0634619903206711
-0.368856213547185 -0.0292880197638044 -0.0497036501817075 -0.0526465898022126
-0.28305220282067 0.181681131699564 -0.00918748270539463 -0.0468917414186331
-0.116850625620508 0.298766641406946 0.00414614757456071 -0.0560342302143285
0.0489128132458963 0.304913873576172 -0.024658623557469 -0.0967584635772122
0.160548527135123 0.277215113267103 -0.0611711242289959 -0.102743865771984
0.233411087724542 0.258639465868963 -0.0658140184774393 -0.0896956983827773
0.243227161760564 0.252604597182238 -0.0554463905671506 -0.0787564591583233
0.258659951728202 0.275438331921168 -0.0291009623571616 -0.067950599758283
0.204961975142469 0.356144184535586 0.0194678909402726 -0.030917810220992
0.0248814229675333 0.4214645051402 0.00977387454224876 0.0317165415792023
-0.239296259961395 0.402871660383634 -0.0992332256765497 0.0590611171335653
-0.440259254708544 0.179218132903798 -0.123541044092119 -0.0434157535129168
-0.451442345587753 -0.0542576008295471 -0.0654318392229418 -0.160992521093548
-0.33927377595065 -0.213852435287707 -0.0212978188549344 0.0984956493298886
-0.391793457932295 -0.148366707659921 0.0195096736361802 -0.0346716188524915
-0.425517649342254 -0.00651319527358869 -0.0041026828224891 -0.0577248408955419
-0.323791879200327 0.219841058255814 -0.0296750091102564 -0.0282288523964405
-0.137869793080354 0.343951693437854 -0.0122633605093718 0.0192665384683678
0.0508834934501706 0.339488215571338 0.00038318340991387 0.00493339613996109
0.176332607910105 0.29722987752411 0.0100192433391143 0.0049907438531179
0.244085975304318 0.273589382226537 0.0342368156786588 0.0133931629152006
0.246473892255663 0.261984720241978 0.0467604913802606 0.00969292961170072
0.25301973362829 0.276141918398049 0.0504558026588426 0.00297247224246966
0.195397911016366 0.34531696937651 0.0755141134021907 0.0230485415786053
0.0227174716919016 0.39174403549419 0.0417542127075234 0.0609718416478246
-0.205445532755603 0.371422289405135 -0.0522451423598502 0.0542040536600081
-0.405695077776669 0.191668292381585 -0.0413592773250682 -0.0483029659182739
-0.444423462144216 -0.0344434134727864 0.088777729326655 -0.125028188971154
-0.328246906618876 -0.175273093191706 0.136126321300554 0.176774316831925
-0.377042908044445 -0.0963264015531445 0.139815497595388 0.00920323249655723
-0.384836730126726 0.0308671507477283 0.0459190107164444 -0.0416729662269522
-0.279659527052808 0.21418488276633 -0.0419175793534988 0.0107213138364836
-0.115392664570921 0.31769488638231 -0.0215621955270272 0.106221279387193
0.0498897574317684 0.306075108158161 0.0336871851387596 0.11485854910495
0.165504279903086 0.264339505848712 0.0863529003706674 0.113889336177334
0.217441932372793 0.247326821332629 0.129167171030372 0.112883253119627
0.210078146882639 0.236452590323706 0.136097148649169 0.0956914188731219
0.198363730261242 0.2428380644352 0.11126420716142 0.0726168459843659
0.136890651662718 0.285662129280283 0.106295505035944 0.0743267670430283
-0.00931306817314033 0.297808854000698 0.0531388741049684 0.0839224270102747
-0.163810151311993 0.263011509629741 -0.0176475359949273 0.0422232386096
-0.315648531520911 0.153569603474551 0.0300843300467866 -0.0494441154531412
-0.370285973475086 -0.0210487524334837 0.225805619828421 -0.0888267690893325
-0.253339448310433 -0.101439880518018 0.271123977257531 0.230790665131342
-0.272996105360208 -0.022086082020869 0.238214623479393 0.0472683990057884
-0.241537222606335 0.0573704265917707 0.0886881248536637 -0.0140866376244806
-0.167969253621369 0.152587704261475 -0.034180650967551 0.0537564586847634
-0.0691624510659882 0.218010809924979 -0.00810632171496258 0.173735918027576
0.0403190806183259 0.211880115574919 0.076460441639891 0.200843286732273
0.125836142658791 0.187427513469855 0.157133427298261 0.202374794573117
0.157963790899441 0.183908233144562 0.204403149289036 0.195208439681399
0.144558912531353 0.178978838604165 0.196476895034478 0.172702523751723
0.115868777172049 0.177976371453407 0.139023336667484 0.138429344089954
0.0591606664656125 0.192864662507473 0.101171801435067 0.119133418835807
-0.0390286891623079 0.170884843015007 0.0407409038199894 0.0996091388276464
-0.104443439490527 0.133718162651208 0.00434514295790335 0.0297617822416231
-0.195569600109805 0.0997491103830332 0.0821274514036762 -0.0358228396388734
-0.254725248194875 -0.00704403894616224 0.326924701378007 -0.0473427819454577
-0.124187070742067 -0.0173556797908324 0.355511478442148 0.248612581022072
-0.105673924966929 0.0337269012036965 0.29913189017075 0.0638813222273079
-0.0574894757420303 0.0359461402916966 0.12566664971353 0.00562435230678153
-0.0495710559010461 0.0398531102500023 -0.00661457854543462 0.0744342243816245
-0.0329285949367588 0.0738787004658638 0.0192136851453689 0.200547273128157
0.00983914199942786 0.0832025704278563 0.11840039420211 0.243330686847941
0.0609187547221712 0.0823072680574145 0.211255463240697 0.250586391234569
0.0761107228441456 0.0914715049192916 0.250042319170362 0.247202241954433
0.0663680753260965 0.0909659936000456 0.221396859672465 0.228216537368599
0.036603123924259 0.0882794199950516 0.13600473277307 0.188093845727338
0.00358925702136063 0.0838317050143729 0.0710069967556422 0.148636763186047
-0.031231819243773 0.0493293466581556 0.0139639099937368 0.100203943180896
-0.0196479787236473 0.0345105987209722 0.0201088216498067 0.0188809526433104
-0.0655514059477299 0.0687916772285469 0.119058551916028 -0.010670924652248
-0.121139822360032 0.023333982843885 0.381205832905837 -0.00430723200441168
0.0102067453275306 -0.0520258454244209 -0.394818226998148 -0.0377136983424934
-0.0381714586643242 -0.0696503940801289 -0.174176721084063 0.0245890517676072
-0.0646338436571653 -0.00529064491961564 -0.0495787059856264 -0.000767976682708513
-0.0205106791793171 0.0340970151923464 0.0242514348175962 -0.0643292451418022
0.00979827770803393 0.0263210012095966 -0.0102598716592691 -0.138010059369701
0.0105485952291649 0.0228125651235441 -0.0894179837352662 -0.195104980959848
0.000863653061115967 0.0181656155985285 -0.187272686336593 -0.243806676605024
0.0180692995791261 0.0177996408900659 -0.238957975173118 -0.262774277076021
0.0305280459203339 0.0270232172525552 -0.222211734682324 -0.259817059305532
0.0518547904270672 0.0425436779586953 -0.152194981046966 -0.236810820911213
0.0427515290695833 0.0756229165347055 -0.077875414604766 -0.189335833603735
-0.0217432197740914 0.109234549262618 -0.0437345911347133 -0.0999205432154934
-0.112212690130922 0.0680340445942969 -0.144214636861896 -0.03779208810501
-0.0996704850748251 -0.0412854913536475 -0.244879046001117 -0.108525514462511
-0.0501245515649777 -0.0493350612384209 -0.327589702027001 -0.282497419751021
-0.0994785508101769 -0.110817191226549 -0.360752786178315 -0.0553275087518203
-0.130422710231107 -0.100998133833917 -0.181944992968308 -0.0283306088774825
-0.153756732891715 -0.0139911468755954 -0.0691294897596163 -0.0138550559753091
-0.094944778727436 0.0817485328557236 0.0213384526596724 -0.0524069018337149
-0.0213816716380001 0.116086024174174 0.0114495172353629 -0.125972230552621
0.0328691291511327 0.122307923007282 -0.0640980193360584 -0.193926265000305
0.0628451871837357 0.118887262822439 -0.159556844665299 -0.231822834503253
0.105787458851819 0.119451493672193 -0.210679134001334 -0.237636602689101
0.116575250818792 0.130964282994367 -0.200882489490792 -0.223279452915881
0.130020062237899 0.155908039341325 -0.141993907770606 -0.194399138082309
0.0909662449215791 0.210619030841804 -0.0701220368836492 -0.14249497168648
-0.0366407367698946 0.255463230079406 -0.0481578319672309 -0.0530809401901967
-0.219733505665753 0.2022026621166 -0.160983244784012 0.00440936202477143
-0.279630864435176 0.0133071421016434 -0.238191214295535 -0.0799007780647252
-0.228541482386817 -0.0840163113767005 -0.290274589120281 -0.24581896307124
-0.199790047355706 -0.17044172422816 -0.285064017809045 -0.0358200315548446
-0.225435604732991 -0.139350667369612 -0.157538630927339 -0.0619558086985341
-0.256662521436083 -0.0324674547257926 -0.0712339693867635 -0.0352720674361561
-0.188597478318984 0.124399460437687 0.00892139279688234 -0.0494577321166401
-0.0713879279704497 0.206098128170861 0.0165687129019813 -0.100665477613821
0.0397366059956208 0.21910671473545 -0.04250351150658 -0.161982798743203
0.11426421262929 0.210585135225217 -0.115129876711567 -0.183392454865609
0.178484397221763 0.203027181466777 -0.149453663120668 -0.176892895166127
0.189790157971326 0.208303009021006 -0.140918632609348 -0.160049875654638
0.20411266087653 0.233360815345899 -0.0980378822567176 -0.134333775030492
0.152003125715856 0.307265913191644 -0.0348416307723088 -0.0874453392730061
-0.0133522397897531 0.365237639706404 -0.0265629393311071 -0.0068243265864974
-0.255672561077196 0.326929723310406 -0.141558573280259 0.0420539874270527
-0.397280162150207 0.0980320569654921 -0.192165293761807 -0.054347354319376
-0.367791132526736 -0.0834662160507979 -0.194946651726119 -0.199003210576922
-0.281327022677055 -0.21112814595436 -0.169841487232845 0.0188795083055682
-0.317835833213956 -0.162770230958245 -0.0894034080500281 -0.0638606095295657
-0.359140466734411 -0.0377545167246798 -0.0476822601891736 -0.05506471328755
-0.278815598154826 0.170377760659465 -0.00887300305041714 -0.0469876926324005
-0.120637166377158 0.287875536281683 0.00574137700757831 -0.0532205039394412
0.0411840950133819 0.297538739251424 -0.0235365637918377 -0.0944320442942426
0.149691140241575 0.272835764829465 -0.0586849931590267 -0.10043796520071
0.222891008655949 0.255982190522582 -0.0640369625334634 -0.087887364459119
0.233862875576103 0.251182168893349 -0.0529704526273999 -0.0777518237275086
0.248168297917836 0.271124441242499 -0.0279050975250304 -0.065985672698434
0.196273977116864 0.348362121809024 0.0188563256657034 -0.0319197843654822
0.0157493936607867 0.412908772462419 0.00966805579524889 0.030668452847966
-0.242340918700976 0.388806850732878 -0.0975238134198515 0.0599465311224789
-0.433950517461063 0.167499983331211 -0.118441470709114 -0.0440729766063909
-0.439150942408786 -0.0628186699546276 -0.0583485419532033 -0.155253164924637
-0.324337528568715 -0.217295511583187 -0.0248745232895202 0.0965016546293574
-0.377800572486249 -0.154148777924902 0.0164031758092506 -0.033437578175211
-0.416055055868185 -0.0160084464840384 -0.00329458543283864 -0.059360433695873
-0.320167360907617 0.206176103323156 -0.0290707427679093 -0.0292939121055861
-0.1407749006989 0.332654051313997 -0.0121485541800163 0.019545372909659
0.041879961260272 0.332124054557111 -0.00175758866877509 0.00427407134197297
0.165932461747868 0.292177616365192 0.00826698447633743 0.00522620697842117
0.234902755049076 0.270484571049074 0.0320448126957915 0.0136595578226798
0.237811564085751 0.260245514356414 0.0459422440971108 0.00997781855107912
0.242040574822578 0.271085047770633 0.0483839417744769 0.0047298653593313
0.186616211442193 0.337429394592375 0.0716429569146174 0.0214760856229619
0.015176514223612 0.380915713076608 0.0409157049711699 0.0604784363601661
-0.209421435396865 0.357593165228038 -0.0521222513955923 0.0568745501187852
-0.400172893508503 0.179598998545402 -0.0374020344342861 -0.046253391238094
-0.431721500483087 -0.0416994019311324 0.0914634533821699 -0.118383810089637
-0.31381142910935 -0.180273070352913 0.126887546248201 0.176397645996218
-0.365082301832629 -0.103147706902223 0.13424874749157 0.0120347006943611
-0.377034207748615 0.0207867889630616 0.0449869834844661 -0.0428972407428454
-0.278150237811836 0.202818439371152 -0.0416514196903671 0.00858558906666562
-0.120797894863835 0.307648807339297 -0.0216757065357359 0.104322105020771
0.0421517930124591 0.300685678831126 0.0285470340932834 0.112385747323516
0.155452294180633 0.260588246819271 0.080258839675209 0.112205009981153
0.20928404709727 0.245002381669794 0.123731134542566 0.110760404835403
0.203037250953706 0.235376809559662 0.131404151932583 0.0946371474481378
0.188932715976311 0.238057058390238 0.106548062930213 0.0733462515815778
0.129814340115247 0.277979873075585 0.100752694547814 0.0718567713665952
-0.0140111008751493 0.288455933230219 0.0514534101721714 0.0829592747775901
-0.165455072732747 0.254030258736565 -0.0179321727688601 0.0452056806949897
-0.310909335308664 0.142818289234545 0.0319438373656172 -0.045102231782951
-0.360258596002709 -0.0289819063664021 0.224952921166014 -0.0807886487997407
-0.243584138199043 -0.10617683912233 0.257828202042952 0.231943070872448
-0.264725505251425 -0.0276172603894881 0.230143092803902 0.0502335011215222
-0.238008916549237 0.0505915362090051 0.086322784180191 -0.0140386255183961
-0.16679037178298 0.144610020096822 -0.0348962056132627 0.0514277728881597
-0.0714265711450363 0.211035673146496 -0.0108873495382153 0.169689718799587
0.0346916597979007 0.208255589742244 0.0682001644515915 0.196821671811793
0.118812299891356 0.18461157023517 0.148234129756523 0.19979462763053
0.152039965236131 0.182073474972575 0.196566920843278 0.192169759931509
0.139744409437755 0.177560000780042 0.189448897242665 0.169319634306996
0.109889782874027 0.173779071751264 0.132995419369809 0.13678143899039
0.0556055027603578 0.187110608746465 0.0954798727924548 0.115601338079578
-0.0406648205744126 0.164784860257493 0.0390287346064533 0.0973978409934187
-0.104395448601083 0.128735544122875 0.00335868324991261 0.0322338375026222
-0.191858438749298 0.0927296061749042 0.0833595575209079 -0.0304463802586945
-0.247267021330831 -0.0134143224140502 0.320712443358111 -0.0397237230379127
-0.120012392991196 -0.0209265587845226 0.339953180599287 0.250132214837334
-0.103873274160146 0.0305793977581246 0.290239888365759 0.0675904273831316
-0.0573810447592629 0.0336785942589175 0.12231356562206 0.00653410813191015
-0.0493343226928145 0.0377004402422893 -0.00749830636946816 0.0729892343874145
-0.0333042374182926 0.0716741448393463 0.0151072912602641 0.196240187202845
0.00736431996286373 0.0827283434373037 0.10846881935585 0.239027114490178
0.0573355645198328 0.0802946105897993 0.199453225308635 0.247117492679398
0.0733629032516923 0.090173672661663 0.240319016994771 0.24358946480262
0.0647064181741138 0.0901867026538939 0.212619956321456 0.224308228285941
0.0338152052248075 0.0864069269475187 0.13008531269538 0.185423242743016
0.00236131096537556 0.0808985536400914 0.0656522069263554 0.144975657435454
-0.0309005050824315 0.0468047744111009 0.0132683720070932 0.0979850837832108
-0.0198705241825258 0.0337123842266893 0.0189947689976668 0.0203876134385429
-0.0646589229230953 0.0660349635077521 0.11767649863246 -0.0065524580276036
-0.11886229070023 0.0193475746748765 0.372555758647686 0.0028897795140287
0.0122073507738827 -0.0526385765287411 -0.399297512962265 -0.0512923735290392
-0.0361905213197654 -0.0719902428889026 -0.177886541393186 0.0196446299317608
-0.0649082800020212 -0.007357514376995 -0.0504768576391732 -0.00214714370108387
-0.0217311101338731 0.0338208778744068 0.0247753220885063 -0.0649316224848307
0.00891091923923837 0.0267240299219937 -0.00583925726438998 -0.139270929262235
0.0103123284332844 0.0232581679678164 -0.0831099545210596 -0.198502122381609
0.000224499520970105 0.0196813064070793 -0.182979414874945 -0.250766701611962
0.0178173759931757 0.0189436685172998 -0.238295162800617 -0.270273388978295
0.0296123051061423 0.0276375216690998 -0.218842287528229 -0.2689908779131
0.0518032777263166 0.0436703148684004 -0.147561524082505 -0.244128730874878
0.0412799978683838 0.0771895702301488 -0.0720726288580484 -0.193968732553743
-0.0253879838964922 0.110504460198918 -0.0421096039235652 -0.10117559756041
-0.116099431760266 0.0645265847854556 -0.144131545277767 -0.0422283431015662
-0.100862565537714 -0.04530499184802 -0.245871807976778 -0.120276909805841
-0.0491923048429089 -0.0509701372381548 -0.323308851911397 -0.294614547254278
-0.0962990522416223 -0.115809687037466 -0.364136729785023 -0.0675187183446096
-0.127138294395938 -0.106551601357028 -0.185021470688495 -0.0343827822091908
-0.155847429398339 -0.0195335214839862 -0.0694909839535701 -0.0170210614071001
-0.098418816221852 0.0788098218592636 0.0217643600403997 -0.0535639588520074
-0.0252035180544089 0.11645116680624 0.0165596431637594 -0.126816803523004
0.0290783055125317 0.124188448124384 -0.0584606298795494 -0.196898103724286
0.0607081562514136 0.123555665098784 -0.153794407493368 -0.238954618094189
0.104154378932563 0.124078592261799 -0.209216293312522 -0.24527646683542
0.114705263326945 0.135879190518389 -0.197604651008392 -0.232066578005237
0.127530428085925 0.160629467649262 -0.138802451962376 -0.19999836303751
0.0863072122774322 0.215748659870114 -0.066323112408299 -0.146723378856507
-0.0454855314566626 0.257517162773778 -0.0473854322429908 -0.0543262332838572
-0.229466236958118 0.19765994505798 -0.163169825412448 0.000893687845530934
-0.285617827525485 0.00469916253340004 -0.238445680379795 -0.0909462589931575
-0.229223986738372 -0.0919816500930442 -0.284844092922092 -0.255733641546388
-0.194804950335618 -0.179837249466621 -0.289109198270328 -0.0455921796844355
-0.221941807150978 -0.148908172871421 -0.15930355122486 -0.067764851781349
-0.258947888919001 -0.0424357307194448 -0.0717092417642827 -0.0399638677728176
-0.195110129171535 0.119042447808246 0.00891957835425025 -0.0512188118556331
-0.0783349372247181 0.20586672515923 0.0196436171579013 -0.100642744896473
0.0336936747185657 0.222567175371228 -0.0381584093572163 -0.164381666432032
0.109629413576141 0.21711902210648 -0.111596107830522 -0.187694454318726
0.175397694233662 0.211233103880341 -0.148862282451432 -0.182138797590093
0.186593938610012 0.216738861687903 -0.138556901645866 -0.165905577503618
0.20025765904901 0.240886613180328 -0.0961704868075215 -0.138008159962238
0.146747394333103 0.314049160252551 -0.0328587052496777 -0.0906591970354716
-0.0245280314271253 0.369406445410216 -0.0256244209223685 -0.00690306093954975
-0.27166134341277 0.323283925632242 -0.143768072419525 0.0418088313792235
-0.406516287210517 0.0872625995221218 -0.192978102851766 -0.0619290443357379
-0.370341754736257 -0.0958064770727383 -0.189515753888786 -0.205487597927511
-0.275563923544001 -0.224161950041838 -0.174408403724324 0.013672566059864
-0.315143097059269 -0.176672767613963 -0.0899616124195952 -0.0669365990902621
-0.36432121371659 -0.0500135697995991 -0.0473855277306123 -0.0598985295906627
-0.287664615697818 0.162267610511923 -0.00926176261485424 -0.0489030203457622
-0.129993752700966 0.287395582301679 0.00831632178321031 -0.0530691487433772
0.0320749798499534 0.302971390962236 -0.0219342177479213 -0.0960540561398707
0.143781281168418 0.281628332977889 -0.0573694488144486 -0.101956822644729
0.221139164746667 0.266257121391992 -0.0649687618612268 -0.0905778135712729
0.231164839068384 0.26189332574376 -0.0514791348780777 -0.080166498845842
0.243817844117566 0.279580876756777 -0.0274990187826749 -0.0660558197511199
0.188612521048367 0.357046943168578 0.0193393281989171 -0.0333302322001132
0.00411680016879778 0.415677405108559 0.00954444056367455 0.0323526387344092
-0.25837865252755 0.386590966516258 -0.0992691070661298 0.0615679263421288
-0.446540170830448 0.154948573773009 -0.117285563746564 -0.0478148499250951
-0.44189364954604 -0.0781656979993301 -0.0517921750141121 -0.157131166195934
-0.319938151014099 -0.232661702667776 -0.0294854365414786 0.0978219204559572
-0.375182171916112 -0.170095188046177 0.0158632203234115 -0.0327790527749953
-0.422369082208505 -0.0310569385187159 -0.00243406792597066 -0.0634304559486767
-0.329743189915703 0.198477876254129 -0.0297284460843467 -0.0315799648179954
-0.152081018219187 0.331707609835687 -0.0115774427459656 0.0206349929507008
0.031808321311509 0.33721486461654 -0.00319468359465654 0.00461654660404674
0.158834169343176 0.301224328119957 0.00684010136112754 0.00616657601105533
0.231227860929461 0.280565845311069 0.0305507067554965 0.0134961077292873
0.235628513789365 0.27039795192088 0.0456876173931095 0.0107267232988163
0.23784977362059 0.279678981058828 0.0479512220078754 0.00676177202295341
0.180218151796349 0.344526080718308 0.0712066904980423 0.0222700388690623
0.00397264250261502 0.384060128027765 0.0396120830720816 0.0623566103134464
-0.223662137340638 0.356429368618597 -0.0531693975571061 0.0596823583892225
-0.4091273193918 0.170081364201971 -0.0348154701201533 -0.0469651670024373
-0.436009469109638 -0.0573667715912659 0.0990792719929708 -0.115154635524417
-0.311245812090383 -0.194272094016093 0.121567296736998 0.183206418429508
-0.364586961984355 -0.11714341433946 0.133315222321976 0.0165231487893879
-0.384185878679342 0.00832666175596114 0.0460870875240534 -0.0447636649313185
-0.287028584788377 0.196014117139232 -0.0432287572074965 0.00718238747394709
-0.130241679426171 0.307399051391544 -0.0245409211439312 0.105527229972825
0.0325930742421992 0.305784796600386 0.0234029387928259 0.114485315361
0.149027710156734 0.268275627175468 0.0765278640291949 0.116980372308889
0.206305769348976 0.253416752428629 0.121613235476121 0.114377024793449
0.201026369933306 0.244216449459839 0.131126387929394 0.0986751458323504
0.184301984394546 0.244974561918811 0.105544970043075 0.0773497981237035
0.124064196246354 0.28212635324864 0.0986864999153714 0.0742516987761759
-0.0222313563542139 0.28936889614532 0.0505542471598076 0.0856338396106667
-0.17568710828468 0.251898227616904 -0.0187761566924022 0.0488932705015108
-0.318621625990314 0.135314234435336 0.0361480590097447 -0.0422872992109846
-0.362859689526053 -0.0419792972811338 0.231826385404357 -0.0750194259040926
-0.242881403997518 -0.117262056396322 0.251906072064604 0.2431343581688
-0.266811440946534 -0.0372792717412003 0.229050409274598 0.0580392646830838
-0.244088391952413 0.0430162967090064 0.0866167481973213 -0.0134113836914107
-0.173174603374269 0.141023598209013 -0.0365160480912643 0.0512064509828714
-0.0789214450382136 0.211481282841212 -0.0159087171548761 0.172597981570343
0.0276057353044119 0.213559456187643 0.0607641939947391 0.201010396819098
0.11390707502176 0.190076013421754 0.142974159417347 0.206049839429443
0.150015146214148 0.188429187114088 0.193634485552667 0.198053321635843
0.138659890616352 0.183912014146443 0.187498480172996 0.175483000072076
0.105834958857909 0.17857484829579 0.130793141662414 0.141963002057144
0.0516375155258008 0.189076850556755 0.092287820042935 0.118667723790056
-0.0449665711232623 0.163796130187942 0.037483322855939 0.0994003974406039
-0.109628673263649 0.127840899682311 0.00228016091790261 0.0351493702137176
-0.196739711330299 0.0876296527480321 0.0877166008358863 -0.0270594151943154
-0.250057195457479 -0.0224018652949498 0.326997969248587 -0.0309749125764455
-0.121101535855881 -0.0267942549329356 0.336072663605539 0.265353996230664
-0.106122033101054 0.0276225039820835 0.290239535403332 0.076415859676263
-0.0599987221357853 0.0321899970736636 0.123189072299286 0.00928995073121886
-0.0508842556917297 0.0361480968401803 -0.00866527541197052 0.073989668625777
-0.0363697356676073 0.0714779934909848 0.00931856380339819 0.199288023934478
0.00484131744222176 0.0847749157371607 0.100664957780521 0.244324750552309
0.0549822083116128 0.0824543971628176 0.194043500046539 0.254604608770021
0.0724784310460515 0.0932286212144597 0.237733399016798 0.250014463175243
0.0643391804776813 0.0935490458678763 0.210175667252532 0.231507402976426
0.0314005214226281 0.0882735227152553 0.126341715676607 0.190131804595558
0.000909683726797758 0.0806051269817659 0.0620943625301741 0.147186538926594
-0.032412811807147 0.0453364593844429 0.0114461468180004 0.0987798083811237
-0.0208107753020299 0.0344353548831951 0.0179506782370615 0.0222773257666908
-0.0670848038547255 0.0645496924595437 0.121576908269927 -0.00148580176980479
-0.120463503096645 0.0147831120802824 0.377407735591798 0.0118289653960647
