TRXV5
3
4
4
9
string Extension=J
integer IsArchMeasurement=1
integer IsSpherical=1
string Generator=SPM
string GeneratorVersion=1.3.1 Dev
double ArchRadius=0.449999988079071
integer FrequencyAxisIndex=0
integer AzimuthAxisIndex=1
integer ElevationAxisIndex=2
Frequency
5 136 690000000 960000000 LIN
Azimuth
7 8 0 2.74889357189107 LIN
Elevation
7 15 -2.74889357189107 2.74889357189107 LIN
Polar H Real Part
13
Polar H Imaginary Part
14
Polar V Real Part
13
Polar V Imaginary Part
14
Polar H Magnitude (dB)
12 0xC0000002 0 1
Polar H Phase
7 0xC0000003 0 1
Polar V Magnitude (dB)
12 0xC0000002 2 3
Polar V Phase
7 0xC0000003 2 3
-0.00516891479492187 -0.00821685791015625 -0.0200042724609375 -0.049530029296875
-0.0124025344848633 -0.00958347320556641 -0.00779151916503906 -0.0177726745605469
-0.0156984329223633 -0.00056934356689453 0.0126829147338867 0.00124645233154297
-0.0110692977905273 0.00845527648925781 0.0320816040039063 -0.00340461730957031
-0.00321674346923828 0.0102739334106445 0.0374107360839844 -0.0163650512695313
0.000222206115722657 0.00860118865966797 0.0345916748046875 -0.0323448181152344
0.00183534622192383 0.00316262245178223 0.0235404968261719 -0.0400123596191406
-2.13384628295897E-05 0.00217747688293457 0.0121002197265625 -0.0356597900390625
-0.000146150588989258 0.00234794616699219 0.00455856323242188 -0.0287055969238281
0.000236272811889649 0.00315523147583008 -0.000337600708007814 -0.0242023468017578
-0.00293326377868652 0.00327777862548828 -0.00893592834472657 -0.0243244171142578
-0.00923347473144531 7.53402709960936E-05 -0.011260986328125 -0.0232639312744141
-0.00968647003173828 -0.0103912353515625 -0.0139141082763672 -0.0252456665039063
-0.00123119354248047 -0.0159187316894531 -0.0283603668212891 -0.02606201171875
0.000388145446777344 -0.0147466659545898 -0.0301151275634766 -0.0181045532226563
0.00423336029052734 0.00624322891235352 -0.0178298950195312 -0.0502738952636719
-0.000916004180908203 0.0030367374420166 -0.00451946258544922 -0.0167131423950195
-0.00405263900756836 0.00687074661254883 0.0139589309692383 0.00177574157714844
0.00133228302001953 0.0116519927978516 0.0349006652832031 -0.00279808044433594
0.00901699066162109 0.00876140594482422 0.0388755798339844 -0.0154457092285156
0.012364387512207 0.000500679016113281 0.0353584289550781 -0.0329475402832031
0.0105085372924805 -0.0080108642578125 0.0221176147460938 -0.0391578674316406
0.00869035720825195 -0.0083308219909668 0.00855827331542969 -0.0342197418212891
0.0104150772094727 -0.00943565368652344 0.000230789184570314 -0.0263309478759766
0.0135116577148438 -0.00656604766845703 -0.00489616394042969 -0.0234317779541016
0.0130500793457031 9.1552734375E-05 -0.0144309997558594 -0.0234012603759766
0.00740146636962891 0.00243663787841797 -0.0136852264404297 -0.0231304168701172
0.00340890884399414 -0.000490188598632813 -0.0149345397949219 -0.0252914428710938
0.00920963287353516 -0.00186729431152344 -0.0271186828613281 -0.0235481262207031
0.00968647003173828 -0.000750541687011719 -0.0280113220214844 -0.0163631439208984
0.0125846862792969 0.0216770172119141 -0.0120658874511719 -0.0450973510742188
0.0111122131347656 0.0176353454589844 0.000473976135253906 -0.0108890533447266
0.00865554809570313 0.0151071548461914 0.0171566009521484 0.00491619110107422
0.0155410766601563 0.0156412124633789 0.0369110107421875 -0.000389099121093749
0.0217628479003906 0.00687789916992188 0.0384140014648437 -0.0132484436035156
0.0234394073486328 -0.00776863098144531 0.0326271057128906 -0.0304031372070313
0.0182933807373047 -0.0182609558105469 0.0176029205322266 -0.0334758758544922
0.0160121917724609 -0.0180110931396484 0.00369834899902344 -0.0269947052001953
0.0179233551025391 -0.0205650329589844 -0.00521659851074219 -0.0192127227783203
0.0232887268066406 -0.0168685913085938 -0.0115432739257812 -0.0170688629150391
0.0253658294677734 -0.00598526000976563 -0.0208396911621094 -0.0178298950195312
0.0221519470214844 0.00108528137207031 -0.0184822082519531 -0.0212211608886719
0.0176486968994141 0.00612831115722656 -0.0169868469238281 -0.0242958068847656
0.0209331512451172 0.00976943969726562 -0.0230064392089844 -0.0189628601074219
0.0194587707519531 0.0128326416015625 -0.0222892761230469 -0.00989151000976562
0.0201206207275391 0.0347175598144531 -0.00214767456054687 -0.0349884033203125
0.02069091796875 0.0301876068115234 0.00715065002441406 -0.00141191482543945
0.0218429565429688 0.0225658416748047 0.0198287963867188 0.00977134704589844
0.0279922485351563 0.017364501953125 0.0352668762207031 0.0048828125
0.0315017700195313 0.00469970703125 0.0351638793945313 -0.00764083862304688
0.0322456359863281 -0.0144596099853516 0.0285110473632813 -0.0235271453857422
0.0235328674316406 -0.0261077880859375 0.0124912261962891 -0.0240535736083984
0.0205440521240234 -0.0245494842529297 -0.00135040283203125 -0.0164384841918945
0.0218372344970703 -0.0283031463623047 -0.0110092163085937 -0.00817298889160157
0.0278873443603516 -0.0254859924316406 -0.0177707672119141 -0.00875473022460937
0.0315990447998047 -0.0120563507080078 -0.0254325866699219 -0.0105438232421875
0.0315093994140625 -0.00352287292480469 -0.0216636657714844 -0.0155696868896484
0.0295429229736328 0.00849723815917969 -0.019195556640625 -0.0207386016845703
0.0300998687744141 0.0181121826171875 -0.0184974670410156 -0.0133781433105469
0.0273323059082031 0.0229091644287109 -0.0142660140991211 0.000338554382324223
0.0232200622558594 0.0429534912109375 0.00928115844726563 -0.0215034484863281
0.0275154113769531 0.0399932861328125 0.0138339996337891 0.00918006896972656
0.0310783386230469 0.029144287109375 0.0203628540039063 0.0139236450195313
0.0374183654785156 0.0184516906738281 0.0305614471435547 0.00965499877929688
0.0379562377929688 0.002960205078125 0.0285568237304688 -0.000675201416015625
0.0365562438964844 -0.0189552307128906 0.0215950012207031 -0.0138397216796875
0.0244216918945313 -0.0300655364990234 0.00585174560546875 -0.0106430053710938
0.0216655731201172 -0.0277061462402344 -0.00679397583007812 -0.00327777862548828
0.0222492218017578 -0.0319766998291016 -0.0155324935913086 0.00397872924804687
0.0283985137939453 -0.0294170379638672 -0.0225944519042969 0.00171279907226562
0.0330638885498047 -0.0168209075927734 -0.0280952453613281 -0.00161933898925781
0.0360832214355469 -0.00730133056640625 -0.0234794616699219 -0.009033203125
0.0362129211425781 0.00946044921875 -0.0197467803955078 -0.0164127349853516
0.0357589721679688 0.0237045288085938 -0.0104742050170898 -0.00721549987792968
0.0312480926513672 0.0301666259765625 -0.00453853607177734 0.011688232421875
0.0208969116210938 0.0435791015625 0.0178890228271484 -0.00815773010253906
0.0282478332519531 0.0442314147949219 0.0198078155517578 0.018035888671875
0.0336742401123047 0.03143310546875 0.0194950103759766 0.0176315307617188
0.0402793884277344 0.0176200866699219 0.0233516693115234 0.0145111083984375
0.038726806640625 0.000469207763671875 0.0198249816894531 0.00587272644042969
0.0346221923828125 -0.0211238861083984 0.0127105712890625 -0.00337028503417969
0.0219917297363281 -0.0294589996337891 -0.000997543334960936 0.0026087760925293
0.0187721252441406 -0.0273265838623047 -0.0111894607543945 0.0106687545776367
0.0195350646972656 -0.0312976837158203 -0.0192794799804687 0.0164909362792969
0.0248889923095703 -0.0291709899902344 -0.0275135040283203 0.0125064849853516
0.0309982299804688 -0.0175762176513672 -0.0306911468505859 0.00626182556152344
0.035736083984375 -0.00809478759765625 -0.0243568420410156 -0.00374031066894532
0.0376243591308594 0.00989913940429687 -0.0167827606201172 -0.0112628936767578
0.035491943359375 0.0266990661621094 -0.0019603967666626 0.00113284587860108
0.02911376953125 0.0329723358154297 0.00458526611328125 0.0253810882568359
0.0152053833007813 0.0369529724121094 0.0269031524658203 0.00357437133789063
0.0230674743652344 0.0411529541015625 0.0249767303466797 0.0242671966552734
0.0304431915283203 0.0278129577636719 0.0176277160644531 0.0193061828613281
0.0348892211914063 0.0129966735839844 0.0159206390380859 0.017791748046875
0.0317478179931641 -0.00212478637695313 0.0113563537597656 0.0129871368408203
0.0268688201904297 -0.0198612213134766 0.00491905212402344 0.00751924514770508
0.0153312683105469 -0.0241489410400391 -0.00588703155517578 0.0154600143432617
0.0129833221435547 -0.021728515625 -0.0139751434326172 0.0229721069335938
0.014556884765625 -0.0260410308837891 -0.0220069885253906 0.0277023315429688
0.0191154479980469 -0.0255508422851563 -0.0310001373291016 0.0210113525390625
0.0250759124755859 -0.0159759521484375 -0.0320510864257813 0.0126419067382812
0.0305213928222656 -0.00803947448730469 -0.0240383148193359 0.00102806091308594
0.0344867706298828 0.00983619689941406 -0.0145301818847656 -0.00617218017578125
0.0304527282714844 0.0267181396484375 0.00469112396240235 0.00932693481445313
0.0217819213867188 0.0318031311035156 0.0114822387695313 0.0381126403808594
0.00667381286621094 0.0255699157714844 0.0320777893066406 0.0111312866210938
0.0155372619628906 0.0314445495605469 0.0281467437744141 0.0266704559326172
0.0224094390869141 0.0186100006103516 0.0158920288085938 0.0197029113769531
0.0235881805419922 0.00624656677246094 0.0103073120117188 0.0206451416015625
0.0191688537597656 -0.0040740966796875 0.00606918334960938 0.0177497863769531
0.0136632919311523 -0.015411376953125 0.000422477722167971 0.0162229537963867
0.00564098358154297 -0.014801025390625 -0.00788688659667969 0.0249595642089844
0.00479316711425781 -0.0137233734130859 -0.0145034790039062 0.0312004089355469
0.00611495971679687 -0.0177440643310547 -0.024200439453125 0.0351276397705078
0.00998878479003906 -0.0187969207763672 -0.0342369079589844 0.0272617340087891
0.0162601470947266 -0.0130233764648437 -0.0340976715087891 0.0162734985351562
0.0224781036376953 -0.00778388977050781 -0.0251922607421875 0.00432968139648437
0.0269279479980469 0.00828742980957031 -0.0126333236694336 -0.00145721435546875
0.0224132537841797 0.0225067138671875 0.00834751129150391 0.0173683166503906
0.0123500823974609 0.0247669219970703 0.0146713256835937 0.0488319396972656
-0.0051279067993164 -0.00836944580078125 -0.02337646484375 -0.048980712890625
-0.012786865234375 -0.00909423828125 -0.00896072387695313 -0.0178012847900391
-0.0157585144042969 0.000916481018066407 0.0133562088012695 0.000728607177734375
-0.0105495452880859 0.00921821594238281 0.0329246520996094 -0.00613784790039062
-0.00275802612304688 0.0103511810302734 0.0371284484863281 -0.0191535949707031
0.00105476379394531 0.00881004333496094 0.033172607421875 -0.0353813171386719
0.00226759910583496 0.00285673141479492 0.0209274291992187 -0.0427474975585938
0.000387430191040039 0.00240850448608398 0.00954055786132813 -0.0372505187988281
-6.93798065185547E-05 0.00244927406311035 0.0027008056640625 -0.0295944213867187
0.000198841094970703 0.00312495231628418 -0.00167465209960937 -0.0250072479248047
-0.00249743461608887 0.00286936759948731 -0.00998687744140625 -0.0238075256347656
-0.00952816009521484 0.000370025634765623 -0.0126609802246094 -0.0230197906494141
-0.00991630554199219 -0.0101385116577148 -0.01495361328125 -0.0251579284667969
-0.00213527679443359 -0.0162229537963867 -0.0303554534912109 -0.0253562927246094
-0.00017547607421875 -0.0147066116333008 -0.0318889617919922 -0.0170326232910156
0.00508880615234375 0.0062565803527832 -0.0203971862792969 -0.0500946044921875
-9.63211059570313E-05 0.0024104118347168 -0.00538444519042969 -0.0164403915405273
-0.00340890884399414 0.00664854049682617 0.0147314071655273 0.000491142272949219
0.0020761489868164 0.0121021270751953 0.0348129272460938 -0.00524139404296875
0.0095977783203125 0.00823307037353516 0.038665771484375 -0.0186729431152344
0.0128269195556641 -0.00052642822265625 0.0335693359375 -0.0357017517089844
0.0104303359985352 -0.00925064086914063 0.0195198059082031 -0.0414695739746094
0.00828075408935547 -0.00919628143310547 0.00624465942382813 -0.0352287292480469
0.00918865203857422 -0.010101318359375 -0.00117683410644531 -0.0273609161376953
0.0132360458374023 -0.00765705108642578 -0.00617027282714843 -0.0235404968261719
0.0132007598876953 -0.000790596008300781 -0.0150051116943359 -0.0231990814208984
0.00753259658813476 0.00214195251464844 -0.015625 -0.02301025390625
0.00390195846557617 -0.000964879989624023 -0.0169181823730469 -0.0250110626220703
0.00970554351806641 -0.00254631042480469 -0.0292282104492188 -0.0233745574951172
0.0107460021972656 -0.00153827667236328 -0.0296516418457031 -0.015167236328125
0.0151081085205078 0.0217609405517578 -0.0146217346191406 -0.0449180603027344
0.0126228332519531 0.0168514251708984 -0.000114440917968748 -0.0106296539306641
0.00963973999023438 0.0148735046386719 0.0178356170654297 0.00367164611816406
0.016963005065918 0.0144109725952148 0.037109375 -0.0025482177734375
0.022247314453125 0.00581169128417969 0.0382957458496094 -0.016143798828125
0.0233249664306641 -0.00937843322753906 0.0317478179931641 -0.0333099365234375
0.0173435211181641 -0.0202350616455078 0.0158042907714844 -0.0353507995605469
0.0151386260986328 -0.0196952819824219 0.00211906433105469 -0.0276813507080078
0.0167160034179688 -0.0222187042236328 -0.00619888305664063 -0.0189380645751953
0.0223731994628906 -0.0192394256591797 -0.0122432708740234 -0.0172452926635742
0.0252799987792969 -0.00830078125 -0.0224456787109375 -0.0171623229980469
0.0230846405029297 -0.000812530517578125 -0.0199451446533203 -0.0210704803466797
0.0180206298828125 0.004974365234375 -0.0189743041992187 -0.0234012603759766
0.0217933654785156 0.00916290283203125 -0.0248794555664063 -0.0181941986083984
0.0211639404296875 0.0116863250732422 -0.0232143402099609 -0.00951766967773437
0.0232620239257813 0.0340785980224609 -0.00350189208984375 -0.0352249145507813
0.0240650177001953 0.0291996002197266 0.00727701187133789 -0.00170564651489258
0.0237083435058594 0.0214042663574219 0.0206661224365234 0.00876235961914063
0.0296516418457031 0.0159416198730469 0.0356101989746094 0.00287628173828125
0.0322837829589844 0.00283241271972656 0.0350170135498047 -0.00984954833984375
0.0314216613769531 -0.0164566040039063 0.0277290344238281 -0.0255565643310547
0.0214385986328125 -0.0280113220214844 0.0105514526367188 -0.02490234375
0.019134521484375 -0.0263137817382813 -0.00284290313720703 -0.0168447494506836
0.0207347869873047 -0.0304050445556641 -0.0116205215454102 -0.00799083709716797
0.0265007019042969 -0.0275287628173828 -0.0185527801513672 -0.00832939147949219
0.0313644409179687 -0.0146465301513672 -0.0264549255371094 -0.00933647155761719
0.0320777893066406 -0.00600242614746094 -0.0229320526123047 -0.0151576995849609
0.0303192138671875 0.00693893432617188 -0.0212745666503906 -0.0196361541748047
0.0317840576171875 0.0166091918945313 -0.0197620391845703 -0.0132694244384766
0.0305938720703125 0.0217247009277344 -0.0147647857666016 -0.000180244445800778
0.0267372131347656 0.0425033569335938 0.00817298889160157 -0.0220203399658203
0.030181884765625 0.038909912109375 0.0150737762451172 0.00835418701171875
0.033416748046875 0.0277538299560547 0.0212421417236328 0.0134391784667969
0.0396575927734375 0.0164413452148438 0.0314311981201172 0.00834465026855469
0.038970947265625 4.9591064453125E-05 0.0284156799316406 -0.00219535827636719
0.0351161956787109 -0.021728515625 0.0206813812255859 -0.0156154632568359
0.0229988098144531 -0.0319652557373047 0.00518703460693359 -0.011225700378418
0.0202236175537109 -0.0297088623046875 -0.00713682174682617 -0.00258350372314453
0.0206432342529297 -0.034576416015625 -0.0150480270385742 0.00532150268554687
0.0262908935546875 -0.0319023132324219 -0.0229244232177734 0.00245857238769532
0.0329074859619141 -0.0192508697509766 -0.0289497375488281 -0.000490188598632809
0.0365066528320312 -0.00967788696289062 -0.0248069763183594 -0.00814437866210937
0.0379371643066406 0.00756072998046875 -0.0214920043945312 -0.0152606964111328
0.0372467041015625 0.0219383239746094 -0.0109710693359375 -0.00757980346679687
0.0343818664550781 0.0291118621826172 -0.0041046142578125 0.0115346908569336
0.0246124267578125 0.0431289672851563 0.0183353424072266 -0.00922966003417968
0.03125 0.043121337890625 0.0219516754150391 0.0174694061279297
0.036102294921875 0.0302772521972656 0.0206108093261719 0.0174674987792969
0.0421409606933594 0.0159416198730469 0.0245380401611328 0.0141811370849609
0.0396652221679688 -0.00158309936523437 0.0199432373046875 0.00485801696777344
0.0338687896728516 -0.0234012603759766 0.0122108459472656 -0.00454998016357422
0.0202541351318359 -0.0312023162841797 -0.000520944595336913 0.0029914379119873
0.0177078247070312 -0.0286674499511719 -0.0108232498168945 0.0116386413574219
0.0176944732666016 -0.0336399078369141 -0.018341064453125 0.0185794830322266
0.0233936309814453 -0.0316810607910156 -0.0271511077880859 0.0140914916992188
0.0305252075195313 -0.0197658538818359 -0.0312099456787109 0.00830459594726563
0.0360488891601563 -0.0113525390625 -0.0251903533935547 -0.00183296203613282
0.0391464233398438 0.00774765014648438 -0.0182456970214844 -0.0104217529296875
0.037933349609375 0.0248222351074219 -0.00220441818237304 0.00119876861572266
0.0320568084716797 0.0322589874267578 0.00604820251464844 0.0248870849609375
0.0178909301757813 0.0371665954589844 0.0277442932128906 0.00217056274414063
0.0264320373535156 0.0404472351074219 0.0275516510009766 0.0235481262207031
0.0326957702636719 0.0265350341796875 0.0191688537597656 0.019134521484375
0.0364227294921875 0.0115547180175781 0.0169963836669922 0.0179481506347656
0.0320930480957031 -0.0037384033203125 0.0117521286010742 0.0123128890991211
0.0259246826171875 -0.0215263366699219 0.00516033172607422 0.00704431533813476
0.0132808685302734 -0.0250282287597656 -0.00462913513183594 0.0160036087036133
0.0118827819824219 -0.023284912109375 -0.0125770568847656 0.024261474609375
0.0127620697021484 -0.0279159545898438 -0.0202407836914062 0.0296649932861328
0.0174427032470703 -0.0268993377685547 -0.02984619140625 0.0226154327392578
0.0252685546875 -0.0177078247070313 -0.0323524475097656 0.0147361755371094
0.0311260223388672 -0.0107173919677734 -0.024810791015625 0.00236129760742187
0.035736083984375 0.00792312622070312 -0.0153999328613281 -0.00517749786376953
0.0326881408691406 0.02532958984375 0.0055842399597168 0.00854873657226563
0.0251312255859375 0.0306491851806641 0.01397705078125 0.037506103515625
0.00849533081054687 0.0260944366455078 0.03375244140625 0.00969505310058594
0.0173301696777344 0.0309925079345703 0.030487060546875 0.0264511108398438
0.0233230590820313 0.0179595947265625 0.0177402496337891 0.0194530487060547
0.0243110656738281 0.004974365234375 0.0115604400634766 0.020477294921875
0.0194206237792969 -0.00556373596191406 0.00700664520263672 0.0175085067749023
0.0125312805175781 -0.0162811279296875 0.00140762329101563 0.0165157318115234
0.00506305694580078 -0.0152187347412109 -0.00604438781738281 0.0259437561035156
0.00427627563476563 -0.0142440795898438 -0.0121612548828125 0.0325031280517578
0.004302978515625 -0.018280029296875 -0.0221672058105469 0.0373420715332031
0.00881004333496094 -0.0195293426513672 -0.0327568054199219 0.0293769836425781
0.0156545639038086 -0.0142278671264648 -0.0337810516357422 0.0184764862060547
0.0225811004638672 -0.0096588134765625 -0.0254611968994141 0.00585746765136718
0.0281047821044922 0.00651741027832031 -0.0131340026855469 -0.000715255737304685
0.0237712860107422 0.0220928192138672 0.00957489013671875 0.0165138244628906
0.0145988464355469 0.0247936248779297 0.0180549621582031 0.0485954284667969
-0.00484466552734375 -0.0078730583190918 -0.0250167846679687 -0.0471115112304688
-0.0127782821655273 -0.00841999053955078 -0.00999069213867188 -0.0168037414550781
-0.0151233673095703 0.00128555297851562 0.0136451721191406 -0.000255584716796875
-0.0103654861450195 0.00960254669189453 0.0318260192871094 -0.00774765014648437
-0.00237178802490234 0.0100040435791016 0.0357589721679688 -0.0204544067382813
0.00158166885375977 0.0084385871887207 0.0310630798339844 -0.0367317199707031
0.0027163028717041 0.00300526618957519 0.0181350708007813 -0.0428009033203125
0.000507831573486328 0.00246572494506836 0.007171630859375 -0.0372581481933594
0.000260829925537109 0.00267720222473145 0.00106430053710938 -0.0294837951660156
0.000422954559326172 0.00270938873291016 -0.00258827209472656 -0.0248069763183594
-0.00259280204772949 0.00319766998291016 -0.0113792419433594 -0.0232124328613281
-0.00934505462646484 0.00119781494140625 -0.0133209228515625 -0.0224628448486328
-0.010014533996582 -0.00943183898925781 -0.0154953002929688 -0.0241508483886719
-0.00270843505859375 -0.016352653503418 -0.0317897796630859 -0.0239372253417969
-0.000221252441406248 -0.0149669647216797 -0.0323562622070313 -0.0152778625488281
0.00642108917236328 0.00614547729492188 -0.0220260620117187 -0.0478744506835937
0.000589847564697266 0.00237107276916504 -0.00654983520507813 -0.0162811279296875
-0.00308847427368164 0.00656509399414062 0.0147819519042969 0.000153541564941407
0.00257968902587891 0.0109758377075195 0.0339088439941406 -0.0069122314453125
0.0100603103637695 0.00680255889892578 0.0370635986328125 -0.0202178955078125
0.0123929977416992 -0.00143527984619141 0.0313644409179688 -0.0369338989257813
0.00991535186767578 -0.00966644287109375 0.017303466796875 -0.0422782897949219
0.00750446319580078 -0.00926685333251953 0.00401496887207031 -0.0344791412353516
0.0086517333984375 -0.0104274749755859 -0.00281906127929687 -0.0268192291259766
0.0129976272583008 -0.00827884674072266 -0.00689506530761718 -0.0237369537353516
0.0130472183227539 -0.00189876556396484 -0.0162849426269531 -0.0217971801757813
0.007415771484375 0.00147867202758789 -0.0156879425048828 -0.0222091674804688
0.00350785255432129 -0.00107502937316895 -0.017669677734375 -0.0241374969482422
0.00923061370849609 -0.00343132019042969 -0.0305271148681641 -0.0216274261474609
0.0108518600463867 -0.00140285491943359 -0.0299911499023438 -0.0139560699462891
0.0163707733154297 0.0209293365478516 -0.0165863037109375 -0.0430946350097656
0.0137844085693359 0.0147981643676758 -0.000646591186523436 -0.0109596252441406
0.0112934112548828 0.0139093399047852 0.0180149078369141 0.00301551818847656
0.0173635482788086 0.0130186080932617 0.0364456176757812 -0.0044708251953125
0.0217685699462891 0.00395584106445313 0.0368118286132813 -0.0178947448730469
0.0220069885253906 -0.0109710693359375 0.0291423797607422 -0.0345993041992188
0.0157527923583984 -0.0203323364257813 0.0136756896972656 -0.036041259765625
0.0140571594238281 -0.0193023681640625 0.000209808349609375 -0.0271987915039063
0.0147876739501953 -0.0228366851806641 -0.0074920654296875 -0.0187301635742188
0.0205745697021484 -0.0205154418945313 -0.0127706527709961 -0.0174264907836914
0.024993896484375 -0.00957489013671875 -0.022674560546875 -0.0160617828369141
0.0229225158691406 -0.00182533264160156 -0.0209560394287109 -0.0189990997314453
0.0185108184814453 0.00444602966308594 -0.0200366973876953 -0.0221481323242188
0.0213699340820313 0.00754928588867188 -0.0262012481689453 -0.017364501953125
0.0219039916992188 0.0108680725097656 -0.0235309600830078 -0.00796318054199219
0.0252876281738281 0.0331802368164063 -0.00456619262695312 -0.0341358184814453
0.0255203247070312 0.027496337890625 0.00715303421020508 -0.00213193893432617
0.0239448547363281 0.0201663970947266 0.0206336975097656 0.00755882263183594
0.0302238464355469 0.013336181640625 0.035430908203125 0.000988006591796876
0.0316486358642578 0.000728607177734375 0.0341415405273438 -0.0114860534667969
0.0297813415527344 -0.0178470611572266 0.0255813598632813 -0.0269298553466797
0.0196857452392578 -0.0285816192626953 0.00975799560546875 -0.0252704620361328
0.0176372528076172 -0.0269985198974609 -0.00388240814208984 -0.0160999298095703
0.0182342529296875 -0.0313911437988281 -0.0115423202514648 -0.00737476348876953
0.0243110656738281 -0.0287647247314453 -0.0187759399414063 -0.00770759582519532
0.0301570892333984 -0.0167922973632813 -0.0263576507568359 -0.00798797607421875
0.03167724609375 -0.00782203674316406 -0.0232048034667969 -0.0131874084472656
0.0299930572509766 0.00542259216308594 -0.0221729278564453 -0.0176906585693359
0.0320854187011719 0.0150737762451172 -0.0200881958007812 -0.0125598907470703
0.0316219329833984 0.0196857452392578 -0.014246940612793 0.000807762145996092
0.0289688110351563 0.0406494140625 0.00765037536621094 -0.0216789245605469
0.03228759765625 0.0366554260253906 0.0152950286865234 0.00800037384033203
0.0341224670410156 0.0257911682128906 0.0223846435546875 0.0127334594726563
0.0399971008300781 0.0142440795898437 0.0315494537353516 0.00692939758300782
0.0384864807128906 -0.001617431640625 0.0274715423583984 -0.00392341613769531
0.0331859588623047 -0.0232105255126953 0.0192165374755859 -0.0164051055908203
0.0206432342529297 -0.0328521728515625 0.00468540191650391 -0.0111856460571289
0.0185947418212891 -0.0300922393798828 -0.00681495666503906 -0.00249052047729492
0.0184745788574219 -0.0354423522949219 -0.0145797729492188 0.00565528869628906
0.0241203308105469 -0.033233642578125 -0.0226459503173828 0.00373268127441406
0.0318565368652344 -0.0208873748779297 -0.0281047821044922 0.00124168395996093
0.03564453125 -0.0121574401855469 -0.0243701934814453 -0.00660324096679688
0.0377998352050781 0.00543212890625 -0.0219554901123047 -0.0136241912841797
0.0380210876464844 0.0202140808105469 -0.0117359161376953 -0.00675678253173828
0.0360679626464844 0.0271492004394531 -0.00331306457519531 0.0113086700439453
0.0265769958496094 0.0420303344726563 0.0182952880859375 -0.00964927673339844
0.0328750610351563 0.0407981872558594 0.0226306915283203 0.0164299011230469
0.0368690490722656 0.0283012390136719 0.0212936401367188 0.0165157318115234
0.0427093505859375 0.0131149291992187 0.0251846313476563 0.0123634338378906
0.0387420654296875 -0.00412750244140625 0.0195064544677734 0.00407218933105469
0.0315151214599609 -0.0247058868408203 0.0119333267211914 -0.00488567352294922
0.0183486938476562 -0.0309600830078125 -2.6226043701171E-05 0.00289654731750488
0.0150222778320312 -0.0292396545410156 -0.0100059509277344 0.0119838714599609
0.0154075622558594 -0.0341472625732422 -0.0173892974853516 0.0190982818603516
0.0211048126220703 -0.0330600738525391 -0.0262222290039063 0.0152034759521484
0.0293312072753906 -0.0216903686523437 -0.0302734375 0.00983428955078124
0.0349674224853516 -0.0129375457763672 -0.0245304107666016 -0.000656127929687506
0.0385551452636719 0.00629425048828125 -0.0186767578125 -0.00885391235351563
0.0384635925292969 0.0233573913574219 -0.00178563594818115 0.00081455707550049
0.0336418151855469 0.0304355621337891 0.007232666015625 0.0236473083496094
0.0200881958007813 0.0361366271972656 0.0283088684082031 0.0012054443359375
0.0278205871582031 0.0383529663085938 0.0284671783447266 0.0225658416748047
0.0331249237060547 0.0250473022460938 0.0197887420654297 0.0175151824951172
0.0364913940429688 0.0095672607421875 0.0175552368164063 0.0161781311035156
0.0314483642578125 -0.00539588928222656 0.0118303298950195 0.0115079879760742
0.0238971710205078 -0.0225429534912109 0.00511264801025391 0.00713491439819336
0.0121841430664063 -0.0259418487548828 -0.00385665893554688 0.0164937973022461
0.0105323791503906 -0.0233421325683594 -0.0105628967285156 0.0239391326904297
0.0110244750976563 -0.0280189514160156 -0.0186672210693359 0.0302543640136719
0.0156364440917969 -0.0278720855712891 -0.0285224914550781 0.0245113372802734
0.0239601135253906 -0.01898193359375 -0.0307884216308594 0.0162239074707031
0.0300979614257813 -0.0123882293701172 -0.0241107940673828 0.00423812866210937
0.0351676940917969 0.0065460205078125 -0.0156936645507812 -0.00375747680664063
0.0329017639160156 0.0238704681396484 0.00582647323608399 0.00777578353881836
0.0262889862060547 0.0296287536621094 0.015869140625 0.0360260009765625
0.00959014892578125 0.0252971649169922 0.0341243743896484 0.00815010070800781
0.0185222625732422 0.0295467376708984 0.0318279266357422 0.0246467590332031
0.0237350463867188 0.0166015625 0.0187301635742188 0.0185184478759766
0.0247859954833984 0.00398826599121094 0.0122356414794922 0.01947021484375
0.0189876556396484 -0.00616073608398438 0.00723743438720703 0.0173940658569336
0.0111446380615234 -0.0161638259887695 0.00153827667236328 0.0164690017700195
0.00385475158691406 -0.0152139663696289 -0.00434112548828125 0.0259990692138672
0.00369644165039063 -0.0140171051025391 -0.0104293823242187 0.0326156616210938
0.00345420837402344 -0.0185661315917969 -0.0192756652832031 0.0381431579589844
0.00764274597167969 -0.0200481414794922 -0.0308284759521484 0.0305538177490234
0.0154304504394531 -0.015131950378418 -0.0324478149414063 0.0201587677001953
0.0216503143310547 -0.0105705261230469 -0.0249042510986328 0.00699806213378906
0.0280838012695313 0.0053253173828125 -0.0131034851074219 7.62939453124982E-05
0.0243434906005859 0.0205249786376953 0.0101041793823242 0.0148220062255859
0.0155105590820313 0.0238819122314453 0.0202789306640625 0.0463066101074219
-0.00432586669921875 -0.00739145278930664 -0.0245742797851563 -0.0449638366699219
-0.0122966766357422 -0.00850105285644531 -0.0103387832641602 -0.0162382125854492
-0.0144691467285156 0.00103378295898437 0.0129117965698242 -0.000665664672851562
-0.00966644287109375 0.00909042358398438 0.0307235717773438 -0.0083770751953125
-0.00221633911132812 0.00937557220458984 0.0342006683349609 -0.0207958221435547
0.00185394287109375 0.00794506072998047 0.0295906066894531 -0.036102294921875
0.00236392021179199 0.00297451019287109 0.016326904296875 -0.0423851013183594
0.000559568405151367 0.00261211395263672 0.00606918334960937 -0.0359764099121094
-5.74588775634765E-05 0.00277948379516602 0.000116348266601563 -0.0288200378417969
9.72747802734377E-05 0.00263047218322754 -0.00265312194824219 -0.0246315002441406
-0.00266504287719727 0.0030825138092041 -0.0110645294189453 -0.022430419921875
-0.00879192352294922 0.00118160247802734 -0.0133495330810547 -0.0212459564208984
-0.00925445556640625 -0.00927925109863281 -0.0156192779541016 -0.0237903594970703
-0.00275611877441406 -0.0159902572631836 -0.0311985015869141 -0.0233440399169922
-0.000276565551757813 -0.013890266418457 -0.0317058563232422 -0.0151100158691406
0.00704050064086914 0.00592708587646484 -0.0218124389648437 -0.0459518432617188
0.000630497932434082 0.00172829627990723 -0.00667953491210938 -0.0159387588500977
-0.00246429443359375 0.00722789764404297 0.0146188735961914 -0.000574111938476562
0.00325298309326172 0.0102815628051758 0.0329933166503906 -0.00783538818359375
0.00918197631835938 0.00615787506103516 0.0354499816894531 -0.0203742980957031
0.0116891860961914 -0.0015869140625 0.0298538208007813 -0.0365715026855469
0.00903797149658203 -0.00950813293457031 0.014739990234375 -0.0412330627441406
0.00774717330932617 -0.00875043869018555 0.00338363647460938 -0.0337352752685547
0.00794029235839844 -0.0107879638671875 -0.00333213806152344 -0.0259532928466797
0.0123071670532227 -0.00841808319091797 -0.00733566284179687 -0.0232448577880859
0.0122528076171875 -0.00257778167724609 -0.0162544250488281 -0.0211162567138672
0.00758790969848633 0.00108766555786133 -0.0157508850097656 -0.0213718414306641
0.00419521331787109 -0.0009765625 -0.0171375274658203 -0.0227870941162109
0.00871562957763672 -0.00315999984741211 -0.0303382873535156 -0.0205326080322266
0.0114889144897461 -0.00179004669189453 -0.0294170379638672 -0.0135765075683594
0.0171928405761719 0.0200405120849609 -0.01605224609375 -0.0416793823242188
0.0136537551879883 0.0139608383178711 -0.000604629516601562 -0.0108318328857422
0.0107097625732422 0.0135164260864258 0.0174236297607422 0.00262928009033203
0.0172691345214844 0.0124731063842773 0.0349769592285156 -0.00497055053710937
0.0216236114501953 0.00329017639160156 0.0354995727539063 -0.0183258056640625
0.0214405059814453 -0.0107555389404297 0.0272121429443359 -0.0336647033691406
0.0153350830078125 -0.0203685760498047 0.0122604370117187 -0.0351486206054687
0.0131950378417969 -0.01934814453125 -0.00058937072753906 -0.0259323120117188
0.0140018463134766 -0.0222949981689453 -0.00753021240234375 -0.0183868408203125
0.0199737548828125 -0.0201911926269531 -0.0130834579467773 -0.0166845321655273
0.0240116119384766 -0.0102386474609375 -0.0217609405517578 -0.0150203704833984
0.021728515625 -0.00284576416015625 -0.0201702117919922 -0.0181026458740234
0.0183467864990234 0.00428199768066406 -0.0199718475341797 -0.0216064453125
0.0215568542480469 0.00675201416015625 -0.0259265899658203 -0.0164947509765625
0.0217323303222656 0.0102062225341797 -0.0225849151611328 -0.00778198242187499
0.0262317657470703 0.0316944122314453 -0.00461196899414063 -0.032806396484375
0.0248985290527344 0.0258312225341797 0.00729560852050781 -0.00206851959228515
0.0243854522705078 0.0191364288330078 0.0202236175537109 0.00712966918945313
0.0306720733642578 0.0124893188476562 0.0343017578125 0.000278472900390626
0.030792236328125 -0.00032806396484375 0.0322036743164063 -0.0117664337158203
0.0280284881591797 -0.0181999206542969 0.0238513946533203 -0.0266647338867188
0.0188541412353516 -0.0283374786376953 0.00872611999511719 -0.0249252319335938
0.0161151885986328 -0.0269947052001953 -0.00417900085449219 -0.0151424407958984
0.0165634155273437 -0.0306377410888672 -0.0111656188964844 -0.00690364837646485
0.0228919982910156 -0.0285892486572266 -0.0185298919677734 -0.0072021484375
0.0289897918701172 -0.017059326171875 -0.0256404876708984 -0.00754547119140625
0.0304088592529297 -0.00855636596679688 -0.0231170654296875 -0.0127296447753906
0.0296211242675781 0.00494194030761719 -0.0220184326171875 -0.0170364379882812
0.0315418243408203 0.0145263671875 -0.0200309753417969 -0.0117588043212891
0.0314846038818359 0.01904296875 -0.0140867233276367 0.000721931457519534
0.0296554565429688 0.0394363403320313 0.00778007507324219 -0.0207767486572266
0.0324058532714844 0.0347499847412109 0.0152454376220703 0.00720500946044922
0.0336990356445313 0.0248908996582031 0.0219745635986328 0.0118179321289063
0.0395393371582031 0.0126380920410156 0.0302677154541016 0.00630950927734375
0.037109375 -0.00287246704101563 0.0264244079589844 -0.0041046142578125
0.0317192077636719 -0.0226612091064453 0.0178394317626953 -0.0159664154052734
0.0197238922119141 -0.0315647125244141 0.00420570373535156 -0.010951042175293
0.0170154571533203 -0.0300445556640625 -0.00634479522705078 -0.00200891494750977
0.01678466796875 -0.034820556640625 -0.0142498016357422 0.00564956665039063
0.0227890014648437 -0.0330371856689453 -0.0217933654785156 0.0037841796875
0.0303306579589844 -0.0213146209716797 -0.0278263092041016 0.00195503234863281
0.0345611572265625 -0.0124835968017578 -0.0239048004150391 -0.00615501403808594
0.0365142822265625 0.00507354736328125 -0.0214767456054687 -0.0128536224365234
0.0375328063964844 0.0189094543457031 -0.011383056640625 -0.00647830963134765
0.0358772277832031 0.0258865356445312 -0.00285720825195312 0.010127067565918
0.0273628234863281 0.040374755859375 0.0185413360595703 -0.00904464721679687
0.0325355529785156 0.0390243530273438 0.0222930908203125 0.0157032012939453
0.0370254516601563 0.0271072387695312 0.021575927734375 0.0154132843017578
0.0421104431152344 0.0124168395996094 0.0245552062988281 0.0113735198974609
0.0380439758300781 -0.00429153442382813 0.0186023712158203 0.00322723388671875
0.0306434631347656 -0.0242366790771484 0.0105495452880859 -0.00484180450439453
0.01715087890625 -0.0308437347412109 -0.000154733657836913 0.00275874137878418
0.0149497985839844 -0.0286960601806641 -0.00889205932617187 0.0122833251953125
0.0144577026367188 -0.0333919525146484 -0.0157337188720703 0.018707275390625
0.0198097229003906 -0.0321998596191406 -0.0245876312255859 0.0153617858886719
0.0285186767578125 -0.0217876434326172 -0.0288314819335937 0.0103530883789063
0.0339756011962891 -0.0134735107421875 -0.0238246917724609 -0.000570297241210935
0.0381355285644531 0.00566482543945313 -0.0185508728027344 -0.007843017578125
0.0378913879394531 0.0222587585449219 -0.00191020965576172 5.40018081665049E-05
0.0336894989013672 0.0290737152099609 0.00768470764160157 0.0227088928222656
0.0206985473632813 0.0346908569335938 0.0279216766357422 0.00127792358398438
0.0274314880371094 0.03607177734375 0.0287990570068359 0.0210838317871094
0.0328140258789062 0.0239162445068359 0.0199832916259766 0.0171699523925781
0.0364723205566406 0.00881576538085938 0.0172576904296875 0.0160236358642578
0.0304145812988281 -0.00599861145019531 0.0114850997924805 0.0109853744506836
0.0232009887695313 -0.0215950012207031 0.00446367263793945 0.00728082656860351
0.0116596221923828 -0.0245323181152344 -0.0031137466430664 0.0161514282226563
0.0100536346435547 -0.0227947235107422 -0.00917625427246094 0.0237693786621094
0.00990486145019531 -0.0270671844482422 -0.0167903900146484 0.0294876098632813
0.0146350860595703 -0.0272235870361328 -0.0268058776855469 0.0243568420410156
0.0234012603759766 -0.0188941955566406 -0.0289096832275391 0.0164146423339844
0.0290451049804688 -0.0128288269042969 -0.0236034393310547 0.00441741943359375
0.0341377258300781 0.00602149963378906 -0.0152502059936523 -0.00324916839599609
0.0329475402832031 0.0229396820068359 0.00579404830932617 0.00686073303222657
0.0271339416503906 0.0286941528320312 0.0161647796630859 0.0342369079589844
0.0101985931396484 0.0246734619140625 0.0336818695068359 0.00781059265136719
0.0185871124267578 0.0282802581787109 0.0318069458007813 0.0233192443847656
0.0237884521484375 0.0162601470947266 0.0183181762695313 0.0177421569824219
0.0241966247558594 0.00344467163085938 0.0123634338378906 0.0191593170166016
0.0181427001953125 -0.00622367858886719 0.0074005126953125 0.0166530609130859
0.0108633041381836 -0.0158195495605469 0.00159549713134766 0.0163593292236328
0.00393962860107422 -0.0147857666015625 -0.00340080261230469 0.0254192352294922
0.00370693206787109 -0.0138750076293945 -0.00884437561035156 0.0319728851318359
0.00366783142089844 -0.0174970626831055 -0.0175399780273438 0.0371131896972656
0.00687408447265625 -0.0195655822753906 -0.0289783477783203 0.0308437347412109
0.0147581100463867 -0.0146951675415039 -0.0308036804199219 0.0203533172607422
0.0211009979248047 -0.0107879638671875 -0.0238456726074219 0.00773811340332032
0.0272712707519531 0.00512886047363281 -0.0129117965698242 0.000782012939453123
0.0243663787841797 0.019500732421875 0.0101900100708008 0.0139064788818359
0.0157814025878906 0.0230426788330078 0.0206298828125 0.0447044372558594
-0.0039525032043457 -0.00773000717163086 -0.0237236022949219 -0.0443077087402344
-0.0120601654052734 -0.00887870788574219 -0.00997257232666016 -0.0157985687255859
-0.0142116546630859 0.000999450683593753 0.0126895904541016 -0.000697135925292969
-0.0095357894897461 0.00863361358642578 0.0301742553710938 -0.00797080993652344
-0.00265884399414062 0.00894927978515625 0.0335597991943359 -0.0200138092041016
0.00162649154663086 0.00795888900756836 0.0296211242675781 -0.0353736877441406
0.00206446647644043 0.0027308464050293 0.0163650512695313 -0.0412788391113281
0.00108861923217773 0.00300836563110352 0.00597381591796875 -0.0353927612304688
0.000261068344116211 0.00315570831298828 0.000341415405273439 -0.0289840698242188
-1.12056732177732E-05 0.00266075134277344 -0.0024566650390625 -0.0244388580322266
-0.00266861915588379 0.00247645378112793 -0.0102691650390625 -0.0224590301513672
-0.00860977172851563 0.000823974609375 -0.012481689453125 -0.0212020874023438
-0.00896739959716797 -0.00913429260253906 -0.01507568359375 -0.0240230560302734
-0.0020742416381836 -0.0164508819580078 -0.0309333801269531 -0.0234336853027344
0.000565528869628905 -0.0140542984008789 -0.0315380096435547 -0.0151958465576172
0.00756931304931641 0.00595808029174805 -0.0203132629394531 -0.0459518432617188
0.000265002250671387 0.00160610675811768 -0.00612068176269531 -0.0151557922363281
-0.00290632247924805 0.00696277618408203 0.0139856338500977 0.000290870666503907
0.00315189361572266 0.0100879669189453 0.0325508117675781 -0.00731468200683594
0.00856685638427735 0.00671958923339844 0.0348720550537109 -0.01995849609375
0.0113353729248047 -0.00128936767578125 0.0301055908203125 -0.0353851318359375
0.00891590118408203 -0.0086517333984375 0.0154342651367187 -0.0398979187011719
0.00757598876953125 -0.00884342193603515 0.00382232666015625 -0.0329666137695313
0.00832748413085938 -0.0107698440551758 -0.00333786010742187 -0.0261764526367188
0.0120353698730469 -0.00896644592285156 -0.00716209411621094 -0.0234203338623047
0.0123414993286133 -0.00242042541503906 -0.0149669647216797 -0.02130126953125
0.0077357292175293 0.00131750106811523 -0.0149002075195312 -0.0212841033935547
0.00364375114440918 -0.000727653503417969 -0.0172576904296875 -0.0232200622558594
0.00869464874267578 -0.00344419479370117 -0.0295257568359375 -0.0215377807617188
0.0117158889770508 -0.00241279602050781 -0.0291881561279297 -0.0137386322021484
0.0173835754394531 0.0192947387695313 -0.0143585205078125 -0.0412712097167969
0.0132226943969727 0.014195442199707 -0.000669479370117187 -0.0100994110107422
0.0108604431152344 0.0137453079223633 0.0173683166503906 0.00279331207275391
0.0171117782592773 0.0122346878051758 0.0346202850341797 -0.00433158874511719
0.0209865570068359 0.00342178344726562 0.0342369079589844 -0.0176544189453125
0.0207843780517578 -0.0105152130126953 0.0275821685791016 -0.033355712890625
0.0151290893554688 -0.0205230712890625 0.0133438110351563 -0.0345363616943359
0.0133056640625 -0.0188865661621094 -0.000514984130859373 -0.0255546569824219
0.0137462615966797 -0.0219821929931641 -0.0072174072265625 -0.0178413391113281
0.0199108123779297 -0.01995849609375 -0.0128488540649414 -0.0172529220581055
0.0235939025878906 -0.00927543640136719 -0.0211410522460938 -0.0155277252197266
0.0220623016357422 -0.00247383117675781 -0.019622802734375 -0.0182914733886719
0.0178890228271484 0.00460624694824219 -0.0195732116699219 -0.0213394165039063
0.0205421447753906 0.00780487060546875 -0.0250453948974609 -0.0171337127685547
0.0221538543701172 0.00992393493652344 -0.0229911804199219 -0.00838470458984375
0.0253810882568359 0.0317230224609375 -0.00307846069335938 -0.0326862335205078
0.0243244171142578 0.0254726409912109 0.00694990158081055 -0.0018777847290039
0.0241527557373047 0.0201320648193359 0.0197849273681641 0.00728225708007813
0.0296592712402344 0.0127105712890625 0.0341663360595703 0.000709533691406251
0.0306186676025391 0.000459671020507812 0.0316562652587891 -0.0111427307128906
0.0277767181396484 -0.0171566009521484 0.0234794616699219 -0.0257091522216797
0.0185813903808594 -0.0278835296630859 0.00855827331542969 -0.0244560241699219
0.0165500640869141 -0.0263614654541016 -0.00352954864501953 -0.0150718688964844
0.0164508819580078 -0.0303478240966797 -0.0114984512329102 -0.00660800933837891
0.0229110717773437 -0.0283279418945313 -0.0183963775634766 -0.00725364685058594
0.0289554595947266 -0.0167007446289063 -0.0247058868408203 -0.00712203979492188
0.0304641723632813 -0.00832748413085938 -0.0223789215087891 -0.0129032135009766
0.0289993286132813 0.00579452514648438 -0.0213756561279297 -0.0172500610351562
0.0310230255126953 0.0148830413818359 -0.0195713043212891 -0.0122089385986328
0.03094482421875 0.0190830230712891 -0.0139322280883789 -0.000885009765625
0.0288009643554687 0.0387191772460937 0.00890541076660156 -0.0197391510009766
0.0311832427978516 0.0344200134277344 0.0153226852416992 0.007659912109375
0.032745361328125 0.0254173278808594 0.0210704803466797 0.0121116638183594
0.0391044616699219 0.0129432678222656 0.0298004150390625 0.00654983520507813
0.0369224548339844 -0.00197982788085938 0.0252952575683594 -0.00411033630371094
0.0318832397460938 -0.0220966339111328 0.0175294876098633 -0.015406608581543
0.0193290710449219 -0.0308322906494141 0.00440883636474609 -0.0109195709228516
0.0173149108886719 -0.0295639038085937 -0.00611543655395508 -0.00168514251708985
0.0167675018310547 -0.0340633392333984 -0.0131635665893555 0.00544452667236328
0.0223026275634766 -0.0320377349853516 -0.0214653015136719 0.0031585693359375
0.0301189422607422 -0.0207557678222656 -0.0268363952636719 0.0015869140625
0.0344142913818359 -0.012664794921875 -0.0230998992919922 -0.00621223449707031
0.03594970703125 0.00620269775390625 -0.0212612152099609 -0.0128765106201172
0.0370559692382813 0.0198936462402344 -0.0116252899169922 -0.00749492645263672
0.0357513427734375 0.0262489318847656 -0.00307559967041015 0.00956916809082031
0.026397705078125 0.0401878356933594 0.0191688537597656 -0.00849723815917969
0.0317420959472656 0.0391921997070313 0.0222797393798828 0.0154495239257813
0.03582763671875 0.0280570983886719 0.02044677734375 0.0159130096435547
0.0415878295898438 0.0118484497070313 0.0237712860107422 0.0121097564697266
0.0377082824707031 -0.003814697265625 0.0182666778564453 0.00377082824707031
0.0301322937011719 -0.023223876953125 0.0102767944335938 -0.00422477722167969
0.017333984375 -0.0293445587158203 -0.000259399414062499 0.00264978408813476
0.0149078369140625 -0.0281562805175781 -0.00850009918212891 0.0118513107299805
0.0144424438476562 -0.0326385498046875 -0.0152740478515625 0.0183906555175781
0.019622802734375 -0.0320682525634766 -0.0247001647949219 0.0142402648925781
0.0286331176757813 -0.0215511322021484 -0.0290393829345703 0.00981903076171876
0.0342025756835938 -0.0131053924560547 -0.0236358642578125 -0.000387191772460937
0.0377845764160156 0.00652313232421875 -0.0186576843261719 -0.00739288330078125
0.037506103515625 0.0226707458496094 -0.00202476978302002 0.000155925750732423
0.0333385467529297 0.0292930603027344 0.00704193115234375 0.0222396850585938
0.0197429656982422 0.0344867706298828 0.0284957885742188 0.00205421447753906
0.0260734558105469 0.0364151000976562 0.0280780792236328 0.0217494964599609
0.0320167541503906 0.0243492126464844 0.0190467834472656 0.0175762176513672
0.0359573364257813 0.00914764404296875 0.0166196823120117 0.0159168243408203
0.0306129455566406 -0.00544166564941406 0.0103607177734375 0.0109949111938477
0.0229969024658203 -0.0203914642333984 0.00382137298583985 0.0074763298034668
0.0123538970947266 -0.0235366821289063 -0.00267601013183594 0.0156135559082031
0.00984954833984375 -0.0223979949951172 -0.00959587097167969 0.0235137939453125
0.0103054046630859 -0.0263252258300781 -0.0161457061767578 0.0289440155029297
0.0144977569580078 -0.0273895263671875 -0.0265445709228516 0.0238056182861328
0.0229854583740234 -0.0184993743896484 -0.0292644500732422 0.0162773132324219
0.0289325714111328 -0.0120086669921875 -0.0233879089355469 0.0041961669921875
0.0340213775634766 0.00676155090332031 -0.0149040222167969 -0.00319099426269531
0.0322036743164063 0.0229930877685547 0.00545310974121094 0.00625944137573242
0.0260276794433594 0.0282230377197266 0.0151519775390625 0.0334930419921875
0.00965690612792969 0.0249748229980469 0.0335006713867188 0.00815391540527344
0.0180149078369141 0.0277805328369141 0.0314083099365234 0.0235748291015625
0.0230045318603516 0.0167484283447266 0.0180244445800781 0.0178947448730469
0.0241069793701172 0.00377464294433594 0.0118293762207031 0.0194015502929688
0.0180625915527344 -0.00586318969726563 0.00652408599853516 0.0168399810791016
0.0109233856201172 -0.0150785446166992 0.00159072875976563 0.0165262222290039
0.00446128845214844 -0.0139608383178711 -0.00359344482421875 0.0251693725585937
0.0040130615234375 -0.012913703918457 -0.00865745544433594 0.031463623046875
0.00366687774658203 -0.0171699523925781 -0.0170440673828125 0.0364570617675781
0.00726890563964843 -0.0192298889160156 -0.0286140441894531 0.0300788879394531
0.0149497985839844 -0.0143394470214844 -0.0304660797119141 0.0197029113769531
0.0213890075683594 -0.0101261138916016 -0.0234203338623047 0.006988525390625
0.0267696380615234 0.00627708435058594 -0.0124263763427734 0.000564575195312503
0.0234661102294922 0.0201339721679688 0.0102081298828125 0.0135641098022461
0.0156993865966797 0.0231285095214844 0.0196762084960937 0.0437736511230469
-0.00383138656616211 -0.00772333145141602 -0.0224571228027344 -0.0456619262695313
-0.0120906829833984 -0.0098714828491211 -0.0103635787963867 -0.0156879425048828
-0.0145387649536133 0.000495910644531248 0.0125846862792969 -4.00543212890625E-05
-0.00989246368408203 0.00797557830810547 0.0307712554931641 -0.00758552551269531
-0.00291919708251953 0.00893306732177734 0.0348243713378906 -0.0203418731689453
0.00111579895019531 0.00790786743164062 0.0309867858886719 -0.0351791381835938
0.00234007835388184 0.00266671180725098 0.0174789428710937 -0.0416641235351562
0.000895261764526367 0.00280880928039551 0.006683349609375 -0.03558349609375
0.000378847122192382 0.00313520431518555 0.000444412231445311 -0.0293788909912109
0.000502586364746094 0.00276088714599609 -0.00194358825683594 -0.0257606506347656
-0.00291347503662109 0.00241303443908691 -0.00942230224609375 -0.0228900909423828
-0.00874662399291992 0.000668048858642578 -0.0116043090820313 -0.0216312408447266
-0.0085287094116211 -0.0100746154785156 -0.01458740234375 -0.0247344970703125
-0.00187492370605469 -0.0167274475097656 -0.0306682586669922 -0.0250682830810547
0.00109004974365234 -0.0138654708862305 -0.0319557189941406 -0.0165748596191406
0.00792932510375977 0.00611257553100586 -0.0196609497070313 -0.0463523864746094
0.000709772109985352 0.00123298168182373 -0.00636482238769531 -0.0151271820068359
-0.00234556198120117 0.006439208984375 0.0146341323852539 0.000260353088378907
0.00301742553710937 0.0103855133056641 0.0333995819091797 -0.00658035278320313
0.0084829330444336 0.00685787200927734 0.0358200073242188 -0.0193519592285156
0.0115804672241211 -0.00130844116210937 0.0307121276855469 -0.0356979370117188
0.00941658020019531 -0.00937080383300781 0.0165061950683594 -0.0403594970703125
0.00842571258544922 -0.00883960723876953 0.00392913818359375 -0.0332508087158203
0.00822925567626953 -0.01007080078125 -0.00263786315917969 -0.0265464782714844
0.012394905090332 -0.00812339782714844 -0.00672721862792969 -0.0243988037109375
0.0121746063232422 -0.00234603881835938 -0.0144214630126953 -0.0219841003417969
0.00770664215087891 0.00128269195556641 -0.0148849487304688 -0.0224037170410156
0.00466632843017578 -0.000667572021484375 -0.0166683197021484 -0.0242958068847656
0.00934410095214844 -0.00307941436767578 -0.0302867889404297 -0.0225067138671875
0.0126285552978516 -0.00139331817626953 -0.0291500091552734 -0.0151405334472656
0.0175991058349609 0.0200538635253906 -0.0128211975097656 -0.0421791076660156
0.0132646560668945 0.0142660140991211 -0.000409126281738281 -0.00976467132568359
0.0106096267700195 0.0143289566040039 0.0178909301757813 0.00342750549316406
0.017852783203125 0.0125446319580078 0.03466796875 -0.00347900390625
0.0213127136230469 0.00409698486328125 0.0356636047363281 -0.0168914794921875
0.0217304229736328 -0.00958442687988281 0.0286808013916016 -0.0335254669189453
0.0153999328613281 -0.0203170776367187 0.0133132934570313 -0.0341625213623047
0.0140876770019531 -0.0196075439453125 0.000270843505859378 -0.0257740020751953
0.014556884765625 -0.0223331451416016 -0.00697898864746093 -0.0182895660400391
0.0196685791015625 -0.0198612213134766 -0.0127296447753906 -0.0176239013671875
0.0245552062988281 -0.00995254516601563 -0.0211048126220703 -0.0160064697265625
0.0221347808837891 -0.00215721130371094 -0.0189590454101563 -0.0196189880371094
0.0183124542236328 0.00554466247558594 -0.0193843841552734 -0.0219039916992188
0.0215625762939453 0.00773811340332031 -0.0259723663330078 -0.0181732177734375
0.0225696563720703 0.0108737945556641 -0.0233325958251953 -0.00929641723632813
0.0259780883789063 0.0328235626220703 -0.00202751159667968 -0.0328655242919922
0.0242805480957031 0.0263519287109375 0.00752496719360352 -0.00134563446044922
0.0236740112304687 0.0207767486572266 0.0199947357177734 0.00837516784667969
0.0301551818847656 0.0136547088623047 0.0343761444091797 0.00150680541992188
0.0308456420898438 0.00117683410644531 0.0323696136474609 -0.0107135772705078
0.0289173126220703 -0.0165901184082031 0.0242786407470703 -0.0254383087158203
0.0195178985595703 -0.0276641845703125 0.00959014892578125 -0.0241775512695313
0.0175209045410156 -0.0265254974365234 -0.00314140319824219 -0.0151605606079102
0.0177459716796875 -0.0305213928222656 -0.0112714767456055 -0.00719642639160157
0.0236778259277344 -0.0278434753417969 -0.0182456970214844 -0.00867271423339844
0.0297126770019531 -0.0164737701416016 -0.0249843597412109 -0.00824165344238282
0.0312175750732422 -0.007415771484375 -0.0222854614257812 -0.0137577056884766
0.0297603607177734 0.00660324096679688 -0.0212936401367187 -0.0176315307617188
0.0314731597900391 0.0159511566162109 -0.01971435546875 -0.0133590698242188
0.031982421875 0.0205326080322266 -0.0139055252075195 -0.000793457031250002
0.0288467407226563 0.0407829284667969 0.00989341735839844 -0.0202121734619141
0.0310249328613281 0.0355148315429688 0.0155954360961914 0.00828933715820313
0.0328922271728516 0.0276584625244141 0.0212326049804688 0.0134487152099609
0.0399398803710938 0.0140113830566406 0.0300540924072266 0.00772476196289063
0.0377616882324219 -0.001434326171875 0.0259475708007813 -0.00319671630859375
0.0328102111816406 -0.0212459564208984 0.0179080963134766 -0.0147819519042969
0.0211715698242187 -0.0309276580810547 0.00488853454589844 -0.0105924606323242
0.0180034637451172 -0.0298385620117187 -0.0059666633605957 -0.00157690048217774
0.0168895721435547 -0.0343475341796875 -0.0139760971069336 0.00492477416992187
0.0233383178710938 -0.0325851440429688 -0.0223026275634766 0.00257682800292969
0.0317859649658203 -0.0206470489501953 -0.0268669128417969 0.00127983093261719
0.03558349609375 -0.0117988586425781 -0.0238018035888672 -0.00690650939941406
0.0369300842285156 0.0071868896484375 -0.0213260650634766 -0.012847900390625
0.0375556945800781 0.0211372375488281 -0.0112838745117187 -0.00817298889160156
0.0356025695800781 0.0275802612304687 -0.00312042236328125 0.00994014739990235
0.0262718200683594 0.0418586730957031 0.0203380584716797 -0.00796318054199219
0.0317192077636719 0.040191650390625 0.0225276947021484 0.0163936614990234
0.0355453491210938 0.0295944213867188 0.0207672119140625 0.0168685913085938
0.0424346923828125 0.0136680603027344 0.0237998962402344 0.0132465362548828
0.03826904296875 -0.0028076171875 0.0177040100097656 0.00462532043457031
0.0315380096435547 -0.0227146148681641 0.00937747955322266 -0.00380229949951172
0.0188827514648438 -0.0302486419677734 0.000472307205200196 0.0027780532836914
0.016448974609375 -0.0284385681152344 -0.00861740112304687 0.0124006271362305
0.0152206420898438 -0.0329399108886719 -0.0158367156982422 0.0186252593994141
0.0206451416015625 -0.0326175689697266 -0.0251865386962891 0.0145225524902344
0.0297698974609375 -0.0211925506591797 -0.0290470123291016 0.00966262817382813
0.0351676940917969 -0.012451171875 -0.0237503051757812 -0.00106620788574219
0.0382575988769531 0.00775909423828125 -0.0183391571044922 -0.00786972045898438
0.0376968383789063 0.024200439453125 -0.00152456760406494 -0.000838637351989745
0.0336208343505859 0.0307540893554688 0.0067596435546875 0.0228252410888672
0.0199699401855469 0.035980224609375 0.0299606323242187 0.00290870666503906
0.025909423828125 0.0367202758789063 0.0286598205566406 0.0222969055175781
0.0320663452148438 0.0264625549316406 0.0196781158447266 0.0186367034912109
0.0365638732910156 0.0109901428222656 0.0166473388671875 0.0173454284667969
0.0311565399169922 -0.00429344177246094 0.0104389190673828 0.0116796493530273
0.0232486724853516 -0.0206851959228516 0.00317764282226563 0.00795650482177734
0.0130558013916016 -0.0236110687255859 -0.00282192230224609 0.0162010192871094
0.0110969543457031 -0.022613525390625 -0.00953102111816406 0.0239791870117188
0.0108318328857422 -0.0267486572265625 -0.0166282653808594 0.0286445617675781
0.0154438018798828 -0.0268306732177734 -0.0272102355957031 0.0233478546142578
0.0242424011230469 -0.0191020965576172 -0.0301132202148438 0.0155181884765625
0.0303459167480469 -0.0119552612304688 -0.0236244201660156 0.00396728515625
0.0344161987304688 0.0081634521484375 -0.0152006149291992 -0.00305366516113281
0.0324916839599609 0.0245037078857422 0.00584030151367188 0.0063786506652832
0.0262012481689453 0.0295085906982422 0.0147323608398438 0.0348033905029297
0.00916671752929687 0.0255756378173828 0.03466796875 0.00952911376953125
0.0170078277587891 0.0286674499511719 0.031585693359375 0.0249919891357422
0.0227108001708984 0.0182056427001953 0.0177745819091797 0.0188369750976563
0.0246047973632813 0.00469207763671875 0.0113487243652344 0.0207691192626953
0.0190620422363281 -0.00536537170410156 0.00577163696289063 0.0177974700927734
0.0113620758056641 -0.0150890350341797 0.000577926635742188 0.0170259475708008
0.00491237640380859 -0.0139923095703125 -0.00382804870605468 0.0253582000732422
0.00455951690673828 -0.0134878158569336 -0.0092926025390625 0.0319919586181641
0.00384902954101563 -0.017308235168457 -0.0177078247070313 0.0364913940429688
0.00744056701660156 -0.0188026428222656 -0.0296211242675781 0.0293178558349609
0.0160608291625977 -0.0148591995239258 -0.0312099456787109 0.0196952819824219
0.0223426818847656 -0.00970268249511719 -0.0236797332763672 0.00690841674804687
0.0268344879150391 0.0072174072265625 -0.0127897262573242 0.000534057617187498
0.0236129760742187 0.0211429595947266 0.00961685180664063 0.0132312774658203
0.0155582427978516 0.0233993530273437 0.0183944702148438 0.0452346801757812
-0.00312948226928711 -0.00797176361083984 -0.022857666015625 -0.0479316711425781
-0.0128583908081055 -0.0106401443481445 -0.0107040405273438 -0.0164279937744141
-0.0150156021118164 -3.81469726562486E-05 0.0132856369018555 0.000168800354003906
-0.0100011825561523 0.00864124298095703 0.0317134857177734 -0.00771713256835937
-0.00366306304931641 0.00985336303710938 0.03631591796875 -0.0205154418945312
0.00113534927368164 0.00869035720825195 0.0327644348144531 -0.0367012023925781
0.00219249725341797 0.00307059288024902 0.0189094543457031 -0.0433769226074219
0.00101613998413086 0.00277996063232422 0.00730514526367187 -0.0367393493652344
0.000655412673950195 0.00318622589111328 0.000572204589843753 -0.0310192108154297
0.000181198120117188 0.00307989120483398 -0.00154304504394531 -0.0267448425292969
-0.00310826301574707 0.00234079360961914 -0.0093841552734375 -0.0242671966552734
-0.008880615234375 0.000568389892578123 -0.0115108489990234 -0.0230197906494141
-0.00822353363037109 -0.010655403137207 -0.0150833129882812 -0.0267677307128906
-0.00189018249511719 -0.0181179046630859 -0.0321502685546875 -0.0265140533447266
0.00170421600341797 -0.0148029327392578 -0.0335865020751953 -0.0182647705078125
0.00889015197753906 0.00622653961181641 -0.0191993713378906 -0.0493049621582031
0.000341892242431641 0.000576794147491455 -0.00690555572509766 -0.0159997940063477
-0.00260305404663086 0.00664710998535156 0.0151710510253906 0.000827789306640625
0.00364017486572266 0.0105257034301758 0.0340843200683594 -0.00667190551757812
0.00868368148803711 0.00722980499267578 0.0378875732421875 -0.0191421508789063
0.0120182037353516 -0.00108528137207031 0.0324478149414063 -0.0372581481933594
0.0101480484008789 -0.00963592529296875 0.0172538757324219 -0.0422515869140625
0.00866222381591797 -0.00914192199707031 0.00450515747070313 -0.0344161987304688
0.00937461853027344 -0.0107393264770508 -0.00270462036132812 -0.0284957885742188
0.0128049850463867 -0.0085744857788086 -0.00714302062988281 -0.0252647399902344
0.0128593444824219 -0.00226497650146484 -0.0148792266845703 -0.0234107971191406
0.00791645050048828 0.00124073028564453 -0.0146293640136719 -0.0233802795410156
0.00503873825073242 -0.000393390655517578 -0.016998291015625 -0.0259552001953125
0.0101652145385742 -0.00384998321533203 -0.0317192077636719 -0.0238552093505859
0.0132541656494141 -0.00139522552490234 -0.030487060546875 -0.0167274475097656
0.0188331604003906 0.0215396881103516 -0.0131416320800781 -0.0447120666503906
0.0130748748779297 0.014988899230957 -0.000213623046874999 -0.0104303359985352
0.0112476348876953 0.0143871307373047 0.0177841186523438 0.00415992736816406
0.0182723999023438 0.012908935546875 0.0366706848144531 -0.00319290161132812
0.0222454071044922 0.00460243225097656 0.0372695922851563 -0.0168037414550781
0.0226402282714844 -0.00971794128417969 0.0299644470214844 -0.0344810485839844
0.0169334411621094 -0.0205841064453125 0.0143089294433594 -0.0362396240234375
0.0144824981689453 -0.0202255249023438 0.000597000122070314 -0.0269050598144531
0.0154476165771484 -0.0227985382080078 -0.00746345520019531 -0.0193901062011719
0.0211830139160156 -0.0205039978027344 -0.0135269165039063 -0.018646240234375
0.0253448486328125 -0.00989151000976563 -0.0216770172119141 -0.0172309875488281
0.0238265991210938 -0.00258636474609375 -0.0197200775146484 -0.0207633972167969
0.0193195343017578 0.00592231750488281 -0.019622802734375 -0.0232715606689453
0.0223808288574219 0.009002685546875 -0.0271759033203125 -0.0190067291259766
0.0241355895996094 0.0116481781005859 -0.0243740081787109 -0.0110149383544922
0.0270538330078125 0.0348873138427734 -0.00116157531738281 -0.0340251922607422
0.0254554748535156 0.0276870727539062 0.00735902786254883 -0.0014948844909668
0.0248527526855469 0.0227069854736328 0.0207996368408203 0.00897789001464844
0.0322723388671875 0.0141468048095703 0.0360832214355469 0.00214385986328125
0.0325222015380859 0.00165367126464844 0.0331459045410156 -0.0108070373535156
0.03070068359375 -0.0170631408691406 0.0253715515136719 -0.0266456604003906
0.0206737518310547 -0.0287799835205078 0.0102806091308594 -0.0254669189453125
0.01861572265625 -0.0275135040283203 -0.0029153823852539 -0.0153532028198242
0.0179996490478516 -0.0314292907714844 -0.0117387771606445 -0.00812244415283203
0.0251789093017578 -0.0291614532470703 -0.019439697265625 -0.00932884216308594
0.0313262939453125 -0.0173530578613281 -0.0259685516357422 -0.00933074951171875
0.0329246520996094 -0.00807952880859375 -0.0232810974121094 -0.0146961212158203
0.0313796997070313 0.00767707824707031 -0.0223865509033203 -0.0188617706298828
0.0331478118896484 0.0171318054199219 -0.0210552215576172 -0.0141620635986328
0.0340118408203125 0.0215702056884766 -0.0147562026977539 -0.00101852416992187
0.0301132202148437 0.0427398681640625 0.0114479064941406 -0.0210552215576172
0.0321502685546875 0.037506103515625 0.0164289474487305 0.00871086120605469
0.0345649719238281 0.0293750762939453 0.0218544006347656 0.0145645141601563
0.0418510437011719 0.0152130126953125 0.0314521789550781 0.00819969177246094
0.0394515991210938 -0.00063323974609375 0.0263347625732422 -0.00242042541503906
0.0348911285400391 -0.0220546722412109 0.0184974670410156 -0.0148525238037109
0.0224895477294922 -0.0321521759033203 0.00558567047119141 -0.0110797882080078
0.0193653106689453 -0.0312519073486328 -0.00590848922729492 -0.00173473358154297
0.0188751220703125 -0.0359420776367188 -0.0144214630126953 0.00517749786376953
0.0244655609130859 -0.0342731475830078 -0.0234146118164063 0.00260162353515625
0.0331001281738281 -0.0218124389648438 -0.0288314819335937 0.000627517700195315
0.0374908447265625 -0.0120429992675781 -0.0246143341064453 -0.00771522521972656
0.0388679504394531 0.00851821899414063 -0.0219516754150391 -0.0130252838134766
0.03924560546875 0.0226058959960938 -0.0119810104370117 -0.00870513916015625
0.0375862121582031 0.0293121337890625 -0.00363826751708984 0.0100603103637695
0.0272483825683594 0.0442466735839844 0.0223960876464844 -0.00831222534179687
0.0326080322265625 0.0423431396484375 0.0237865447998047 0.0181026458740234
0.0369720458984375 0.0323486328125 0.0211391448974609 0.0180740356445313
0.0447425842285156 0.0149612426757813 0.0244331359863281 0.0138645172119141
0.04046630859375 -0.0024871826171875 0.0180473327636719 0.00537872314453125
0.0328998565673828 -0.0231952667236328 0.00973606109619141 -0.00371551513671875
0.0205802917480469 -0.0304412841796875 0.000346899032592774 0.00298261642456055
0.0169277191162109 -0.029632568359375 -0.00868606567382813 0.0123205184936523
0.0162334442138672 -0.0341625213623047 -0.0163726806640625 0.0184764862060547
0.0221366882324219 -0.0333499908447266 -0.0267925262451172 0.0145492553710937
0.0310611724853516 -0.0224514007568359 -0.0309638977050781 0.00947952270507812
0.0372123718261719 -0.0132713317871094 -0.0251426696777344 -0.00189590454101563
0.040191650390625 0.00908279418945313 -0.0192298889160156 -0.00802040100097656
0.0394668579101563 0.0263633728027344 -0.00268459320068359 -0.000628471374511718
0.0354385375976562 0.0322074890136719 0.00612831115722657 0.0236091613769531
0.0200729370117188 0.0376434326171875 0.0316677093505859 0.00318717956542969
0.026885986328125 0.0391273498535156 0.02996826171875 0.0238513946533203
0.0331764221191406 0.0290279388427734 0.0193939208984375 0.0196800231933594
0.0382652282714844 0.0107231140136719 0.0176601409912109 0.0181159973144531
0.0332050323486328 -0.00432586669921875 0.00998497009277344 0.0128259658813477
0.0251426696777344 -0.0211887359619141 0.00325584411621094 0.00918483734130859
0.0144596099853516 -0.0247116088867188 -0.00316047668457031 0.0169801712036133
0.0124263763427734 -0.0237884521484375 -0.0101280212402344 0.0248565673828125
0.0114059448242188 -0.0287532806396484 -0.0177040100097656 0.0299644470214844
0.0157489776611328 -0.0285053253173828 -0.0289802551269531 0.0239276885986328
0.0253143310546875 -0.0194625854492187 -0.0314769744873047 0.0157413482666016
0.0325946807861328 -0.0119819641113281 -0.0250225067138672 0.00390243530273438
0.0367202758789062 0.0100212097167969 -0.0157127380371094 -0.00372791290283203
0.0341167449951172 0.0266227722167969 0.0056142807006836 0.00702857971191406
0.0279693603515625 0.0313339233398438 0.0152740478515625 0.0361785888671875
0.00905036926269532 0.0264072418212891 0.0370864868164063 0.0105934143066406
0.0172882080078125 0.030059814453125 0.0325183868408203 0.0268478393554688
0.0244274139404297 0.0199928283691406 0.0183219909667969 0.0204582214355469
0.0262317657470703 0.00554847717285156 0.0117168426513672 0.0215682983398438
0.0198307037353516 -0.00537300109863281 0.00544548034667969 0.0193252563476562
0.0124588012695313 -0.0151281356811523 0.000354766845703125 0.0185451507568359
0.0059041976928711 -0.0145959854125977 -0.00364303588867188 0.0271358489990234
0.00493812561035156 -0.0137224197387695 -0.0101776123046875 0.0330638885498047
0.00483894348144531 -0.0181026458740234 -0.0190277099609375 0.037506103515625
0.00785255432128906 -0.0197982788085938 -0.0310287475585938 0.0309410095214844
0.0169210433959961 -0.0159139633178711 -0.0330085754394531 0.0200901031494141
0.0237541198730469 -0.0101146697998047 -0.0251407623291016 0.00705146789550781
0.0287208557128906 0.00832748413085938 -0.013300895690918 0.000308036804199218
0.0244216918945313 0.0224475860595703 0.0100564956665039 0.0139026641845703
0.0165977478027344 0.0249061584472656 0.0187187194824219 0.0475997924804687
-0.00303411483764648 -0.00858545303344727 -0.0251884460449219 -0.0497283935546875
-0.0145635604858398 -0.0113258361816406 -0.0118570327758789 -0.016636848449707
-0.0157375335693359 0.000343322753906251 0.0141563415527344 -1.23977661132812E-05
-0.0108957290649414 0.00870227813720703 0.03363037109375 -0.00891494750976563
-0.0035858154296875 0.0103969573974609 0.0375785827636719 -0.0224571228027344
0.00172090530395508 0.00852489471435547 0.0333976745605469 -0.0396232604980469
0.00234246253967285 0.00314068794250488 0.0190200805664063 -0.0460319519042969
0.00147175788879395 0.00297665596008301 0.00675201416015625 -0.0389976501464844
0.000601768493652344 0.00293707847595215 -0.000421524047851565 -0.0325527191162109
-4.6253204345703E-05 0.00331377983093262 -0.00288200378417969 -0.0287570953369141
-0.00374603271484375 0.00317764282226562 -0.0104827880859375 -0.0261745452880859
-0.00939655303955078 0.000621795654296873 -0.0125503540039062 -0.0243415832519531
-0.00953483581542969 -0.0108957290649414 -0.0161819458007813 -0.0279159545898437
-0.00221061706542969 -0.0190067291259766 -0.0352249145507813 -0.028533935546875
0.00194740295410156 -0.0158958435058594 -0.0366096496582031 -0.0186958312988281
0.0100278854370117 0.00681877136230469 -0.0214614868164062 -0.0528411865234375
-7.8648328781128E-05 0.000452429056167603 -0.00694751739501953 -0.0167407989501953
-0.00227165222167969 0.00767087936401367 0.0161705017089844 0.000958442687988282
0.00354576110839844 0.0107784271240234 0.0359153747558594 -0.00793075561523438
0.00967025756835937 0.00713634490966797 0.0390129089355469 -0.0219039916992188
0.012852668762207 -0.00086212158203125 0.0332069396972656 -0.0394210815429687
0.00984859466552734 -0.0103950500488281 0.0178718566894531 -0.0451316833496094
0.00838661193847656 -0.0105829238891602 0.003753662109375 -0.0359649658203125
0.00950908660888672 -0.0104084014892578 -0.00383949279785156 -0.0301570892333984
0.0131502151489258 -0.00911140441894531 -0.00831222534179688 -0.0275249481201172
0.0136203765869141 -0.00229263305664063 -0.0160942077636719 -0.0242996215820313
0.00851297378540039 0.000534534454345703 -0.0157127380371094 -0.0243320465087891
0.00555515289306641 -0.000605106353759766 -0.0193424224853516 -0.0272121429443359
0.01092529296875 -0.00422859191894531 -0.0342121124267578 -0.0254917144775391
0.0153913497924805 -0.00141048431396484 -0.0330734252929687 -0.0172786712646484
0.0212249755859375 0.0223960876464844 -0.0138473510742188 -0.0471076965332031
0.014369010925293 0.0155296325683594 -0.00121498107910156 -0.0107574462890625
0.0118293762207031 0.0155038833618164 0.0188884735107422 0.00404739379882813
0.0189075469970703 0.0128936767578125 0.0376663208007813 -0.00372314453125
0.0228233337402344 0.00464630126953125 0.038543701171875 -0.0190353393554688
0.0239982604980469 -0.0108375549316406 0.0306549072265625 -0.0373458862304688
0.0173892974853516 -0.0223941802978516 0.0144996643066406 -0.0380287170410156
0.015472412109375 -0.0217781066894531 4.5776367187502E-05 -0.0282402038574219
0.01593017578125 -0.0240325927734375 -0.00829505920410156 -0.0208244323730469
0.0229511260986328 -0.0228977203369141 -0.0146808624267578 -0.0197277069091797
0.0263214111328125 -0.0118274688720703 -0.0229549407958984 -0.0176830291748047
0.0250015258789063 -0.00265121459960938 -0.0215892791748047 -0.0210208892822266
0.0204792022705078 0.00506210327148437 -0.0213985443115234 -0.0240535736083984
0.0239162445068359 0.0084228515625 -0.0290336608886719 -0.019866943359375
0.0258293151855469 0.0121250152587891 -0.0262718200683594 -0.0110073089599609
0.0299873352050781 0.0364036560058594 -0.001495361328125 -0.0366020202636719
0.0273323059082031 0.0283203125 0.00866174697875977 -0.000969886779785155
0.0274925231933594 0.0232582092285156 0.0219383239746094 0.0102291107177734
0.0348396301269531 0.0139102935791016 0.0369377136230469 0.00109481811523438
0.0348587036132813 0.00128364562988281 0.0346565246582031 -0.0113506317138672
0.0323028564453125 -0.0185184478759766 0.0262680053710938 -0.0283870697021484
0.0211753845214844 -0.0303325653076172 0.0102958679199219 -0.0264129638671875
0.0191555023193359 -0.0301876068115234 -0.00286197662353515 -0.0160341262817383
0.0189151763916016 -0.0335845947265625 -0.012176513671875 -0.00824356079101562
0.0256195068359375 -0.0318374633789063 -0.0210456848144531 -0.00890922546386719
0.0328445434570313 -0.0192470550537109 -0.0282840728759766 -0.00945091247558594
0.0350532531738281 -0.00925827026367187 -0.0254917144775391 -0.0149478912353516
0.0338115692138672 0.0079193115234375 -0.0237560272216797 -0.0185909271240234
0.0359115600585938 0.0176506042480469 -0.0228958129882812 -0.0149898529052734
0.0365676879882812 0.0222206115722656 -0.01568603515625 -0.00132942199707031
0.0330352783203125 0.0449867248535156 0.0122547149658203 -0.0224895477294922
0.0349693298339844 0.0396080017089844 0.0169610977172852 0.00913524627685547
0.03717041015625 0.0309410095214844 0.0228767395019531 0.0146522521972656
0.0450859069824219 0.0152091979980469 0.032928466796875 0.00741958618164063
0.0419120788574219 -0.00179672241210938 0.0272884368896484 -0.00271987915039063
0.0367317199707031 -0.0241928100585938 0.0184078216552734 -0.0159168243408203
0.0231342315673828 -0.0343666076660156 0.00560092926025391 -0.0116472244262695
0.0193462371826172 -0.0336666107177734 -0.00620365142822266 -0.00121545791625977
0.0186080932617188 -0.0377845764160156 -0.0144462585449219 0.00567245483398437
0.0249900817871094 -0.0364418029785156 -0.0247173309326172 0.00278854370117188
0.0346488952636719 -0.0240287780761719 -0.029876708984375 0.00150871276855468
0.0400161743164063 -0.0140190124511719 -0.0265865325927734 -0.00764846801757812
0.0413017272949219 0.00885009765625 -0.0239887237548828 -0.0128974914550781
0.0424537658691406 0.0235214233398438 -0.0134716033935547 -0.00988197326660156
0.0409927368164063 0.0300407409667969 -0.00372028350830078 0.00998687744140625
0.0295372009277344 0.0458030700683594 0.0239105224609375 -0.00936126708984375
0.035369873046875 0.0438194274902344 0.0255508422851563 0.0189113616943359
0.0401344299316406 0.0333099365234375 0.0222358703613281 0.0199623107910156
0.0480422973632812 0.0146484375 0.0266685485839844 0.0144176483154297
0.042633056640625 -0.0034637451171875 0.018585205078125 0.00573539733886719
0.0351066589355469 -0.0257530212402344 0.0100336074829102 -0.00319576263427735
0.020660400390625 -0.0336341857910156 0.000429630279541017 0.0037083625793457
0.0178794860839844 -0.0321254730224609 -0.00865459442138672 0.0139684677124023
0.0164566040039062 -0.0370330810546875 -0.0172100067138672 0.0201053619384766
0.0220603942871094 -0.0363807678222656 -0.0280284881591797 0.01593017578125
0.0329093933105469 -0.0244121551513672 -0.0320243835449219 0.010589599609375
0.0399208068847656 -0.0155677795410156 -0.0269107818603516 -0.00147056579589844
0.0425682067871094 0.00957489013671875 -0.0202674865722656 -0.00848007202148438
0.0428962707519531 0.0270652770996094 -0.00298261642456054 -0.000824451446533201
0.03839111328125 0.0334854125976563 0.00816726684570313 0.0240135192871094
0.0224151611328125 0.0395050048828125 0.0338211059570313 0.00298690795898438
0.0291213989257813 0.0410842895507813 0.0321102142333984 0.0251731872558594
0.035491943359375 0.0303916931152344 0.0212059020996094 0.0205516815185547
0.0411224365234375 0.0124969482421875 0.0176029205322266 0.019012451171875
0.0352706909179688 -0.00460433959960938 0.00995349884033203 0.0143375396728516
0.0259170532226563 -0.0234718322753906 0.00305461883544922 0.00985240936279297
0.0137233734130859 -0.0275974273681641 -0.00306320190429687 0.018829345703125
0.0121402740478516 -0.0253314971923828 -0.0104961395263672 0.0256900787353516
0.0118427276611328 -0.030487060546875 -0.0175762176513672 0.0311641693115234
0.0156822204589844 -0.0308876037597656 -0.0298652648925781 0.0256977081298828
0.0261707305908203 -0.0216846466064453 -0.0325698852539063 0.0176715850830078
0.0345554351806641 -0.0139064788818359 -0.0251598358154297 0.00543594360351563
0.0385208129882812 0.009307861328125 -0.01617431640625 -0.00325584411621094
0.0366744995117188 0.0268592834472656 0.00557327270507813 0.00676059722900391
0.0304374694824219 0.0326633453369141 0.0157699584960938 0.0379524230957031
0.0101337432861328 0.0281658172607422 0.0403709411621094 0.011016845703125
0.0190143585205078 0.0311088562011719 0.0355758666992188 0.027313232421875
0.025299072265625 0.0214118957519531 0.0203189849853516 0.0216445922851563
0.0275096893310547 0.00576210021972656 0.012542724609375 0.0219879150390625
0.0208206176757813 -0.00635910034179688 0.00649070739746094 0.0203781127929688
0.0133905410766602 -0.0164890289306641 0.000324249267578124 0.0205593109130859
0.00597286224365234 -0.0162668228149414 -0.0033416748046875 0.0284557342529297
0.00563240051269531 -0.0149755477905273 -0.00926208496093751 0.0352516174316406
0.00355148315429687 -0.0186729431152344 -0.0187187194824219 0.0397300720214844
0.00761795043945313 -0.0211372375488281 -0.0320358276367187 0.0328159332275391
0.0178298950195313 -0.0164756774902344 -0.0344963073730469 0.0220146179199219
0.0246047973632812 -0.0106964111328125 -0.0263004302978516 0.00802040100097656
0.0306682586669922 0.00856781005859375 -0.0137290954589844 0.000624656677246094
0.0263614654541016 0.0238666534423828 0.0109767913818359 0.0138444900512695
0.0182857513427734 0.0260543823242188 0.0209236145019531 0.049835205078125
-0.00484561920166015 -0.00952911376953125 -0.0287857055664063 -0.0515899658203125
-0.0154638290405273 -0.0118932723999023 -0.0139665603637695 -0.0163736343383789
-0.0165376663208008 -0.000274658203125003 0.0153627395629883 -0.0009765625
-0.0110006332397461 0.00854969024658203 0.0333251953125 -0.0109634399414063
-0.00475883483886719 0.0110435485839844 0.0381050109863281 -0.0259475708007813
0.000396728515625 0.00963687896728516 0.0337066650390625 -0.0425643920898438
0.0024106502532959 0.00320506095886231 0.0162467956542969 -0.0494880676269531
0.00149846076965332 0.00290226936340332 0.00497817993164063 -0.0401039123535156
0.00217580795288086 0.0025174617767334 -0.00214195251464844 -0.0334987640380859
-0.000458955764770508 0.00305008888244629 -0.00577354431152344 -0.0297489166259766
-0.00323843955993652 0.00389766693115234 -0.0120983123779297 -0.0271186828613281
-0.0105667114257813 0.00134563446044922 -0.0136451721191406 -0.0249252319335938
-0.010106086730957 -0.0107431411743164 -0.017547607421875 -0.0280914306640625
-0.00287818908691406 -0.0198745727539063 -0.0383338928222656 -0.0278663635253906
0.00220966339111328 -0.0165262222290039 -0.0392265319824219 -0.0186576843261719
0.0109901428222656 0.00525760650634766 -0.0244140625 -0.054107666015625
-0.00198709964752197 0.000273823738098145 -0.00737667083740235 -0.0153369903564453
-0.00249338150024414 0.00657510757446289 0.0155744552612305 -0.000627517700195312
0.00379371643066406 0.0112266540527344 0.0366439819335938 -0.00940704345703125
0.0113439559936523 0.00756263732910156 0.0398674011230469 -0.0235671997070312
0.013545036315918 -0.00189304351806641 0.0310897827148438 -0.0427169799804688
0.0118904113769531 -0.0122232437133789 0.0162239074707031 -0.0483779907226563
0.009429931640625 -0.010441780090332 0.00278472900390625 -0.0396881103515625
0.00952625274658203 -0.0130224227905273 -0.005340576171875 -0.0327854156494141
0.0126733779907227 -0.009918212890625 -0.0113143920898438 -0.0275344848632813
0.0117835998535156 -0.00579071044921875 -0.0189628601074219 -0.0259666442871094
0.00911045074462891 0.00110340118408203 -0.0176486968994141 -0.0250091552734375
0.00702476501464844 -0.0024256706237793 -0.0200576782226563 -0.0278110504150391
0.0119285583496094 -0.00433921813964844 -0.0364227294921875 -0.02410888671875
0.0142040252685547 -0.00256633758544922 -0.0358657836914063 -0.0160331726074219
0.0217380523681641 0.0242500305175781 -0.015899658203125 -0.0491256713867188
0.0149803161621094 0.014775276184082 -0.00177574157714844 -0.0103273391723633
0.0136203765869141 0.0162458419799805 0.02099609375 0.00296211242675781
0.0205898284912109 0.0117950439453125 0.0390281677246094 -0.00559616088867188
0.0252113342285156 0.00445365905761719 0.0389938354492188 -0.0206794738769531
0.0247325897216797 -0.0124645233154297 0.0303726196289062 -0.0396499633789063
0.0163421630859375 -0.0252342224121094 0.0122566223144531 -0.0401229858398438
0.0157756805419922 -0.0231857299804688 -0.00188636779785156 -0.0294609069824219
0.0140380859375 -0.0277614593505859 -0.00913047790527344 -0.0214729309082031
0.0201549530029297 -0.0248641967773438 -0.0159721374511719 -0.0201339721679688
0.0263957977294922 -0.0119476318359375 -0.0257816314697266 -0.0169658660888672
0.0255165100097656 -0.00476837158203125 -0.0240592956542969 -0.0217361450195313
0.0234909057617188 0.00542640686035156 -0.0230789184570313 -0.0246925354003906
0.0256671905517578 0.00713920593261719 -0.0300827026367187 -0.0199127197265625
0.0276031494140625 0.0105037689208984 -0.0281944274902344 -0.0126953125
0.032501220703125 0.0352363586425781 -0.00177764892578125 -0.0380439758300781
0.0297260284423828 0.0295505523681641 0.00727653503417969 -0.00236701965332031
0.0310611724853516 0.0230960845947266 0.0232582092285156 0.0089263916015625
0.0353050231933594 0.0122489929199219 0.0385322570800781 -0.000446319580078124
0.0372810363769531 -0.00111770629882813 0.0346431732177734 -0.0129909515380859
0.0336761474609375 -0.0198802947998047 0.0248279571533203 -0.0299167633056641
0.0201644897460938 -0.0323657989501953 0.0101490020751953 -0.0282211303710938
0.0184555053710938 -0.0315036773681641 -0.00441455841064453 -0.0163354873657227
0.0194740295410156 -0.0366859436035156 -0.0130901336669922 -0.00730037689208984
0.0259819030761719 -0.0346565246582031 -0.0216140747070312 -0.00844192504882813
0.0325660705566406 -0.0226116180419922 -0.0288105010986328 -0.00838851928710937
0.0363044738769531 -0.0118331909179688 -0.0268840789794922 -0.0150566101074219
0.0362510681152344 0.0054473876953125 -0.027069091796875 -0.0182037353515625
0.0380973815917969 0.0162506103515625 -0.0248851776123047 -0.0150718688964844
0.0392417907714844 0.0217475891113281 -0.016932487487793 -0.00220012664794922
0.0360641479492188 0.0456161499023438 0.014190673828125 -0.0237846374511719
0.0383644104003906 0.0395240783691406 0.0199565887451172 0.00832366943359375
0.0393562316894531 0.03167724609375 0.0248012542724609 0.0149364471435547
0.0472946166992188 0.0128097534179688 0.0350589752197266 0.00751876831054688
0.0438766479492187 -0.004364013671875 0.0280590057373047 -0.00482368469238281
0.03643798828125 -0.0269432067871094 0.0182113647460938 -0.0167484283447266
0.0213890075683594 -0.0369682312011719 0.00506591796875 -0.0124607086181641
0.0180091857910156 -0.035430908203125 -0.00560903549194336 -0.000541210174560549
0.0167732238769531 -0.0404319763183594 -0.014216423034668 0.00617790222167968
0.0242691040039063 -0.0396614074707031 -0.0253238677978516 0.00509452819824219
0.0354042053222656 -0.0265655517578125 -0.0311908721923828 0.00204849243164062
0.0405540466308594 -0.0176544189453125 -0.0287437438964844 -0.00607109069824219
0.0437240600585938 0.00664520263671875 -0.0244235992431641 -0.0130100250244141
0.0457534790039063 0.0212478637695313 -0.0139255523681641 -0.0103521347045898
0.044769287109375 0.0299072265625 -0.00380897521972656 0.00992393493652344
0.0342674255371094 0.0472984313964844 0.0253753662109375 -0.0115699768066406
0.03802490234375 0.0422248840332031 0.0271167755126953 0.0163726806640625
0.0437583923339844 0.0341758728027344 0.0228672027587891 0.018798828125
0.0496444702148437 0.0127182006835938 0.0275001525878906 0.0142250061035156
0.0451698303222656 -0.00527572631835938 0.018524169921875 0.00571823120117188
0.03533935546875 -0.0286140441894531 0.00833749771118164 -0.00269603729248047
0.020721435546875 -0.0364761352539063 0.00244569778442383 0.00335216522216797
0.0178146362304688 -0.0351085662841797 -0.00723838806152344 0.0146322250366211
0.0151023864746094 -0.0404624938964844 -0.0167026519775391 0.0207347869873047
0.0201950073242187 -0.0385169982910156 -0.0277252197265625 0.0178508758544922
0.0338668823242188 -0.0271701812744141 -0.0342960357666016 0.0130214691162109
0.0415802001953125 -0.0183563232421875 -0.0274448394775391 0.000221252441406251
0.0467529296875 0.00726699829101563 -0.0216064453125 -0.00600051879882812
0.0459213256835938 0.0280876159667969 -0.00272750854492187 -0.000981569290161131
0.0407676696777344 0.0327835083007813 0.0107841491699219 0.0241680145263672
0.0267333984375 0.0390548706054688 0.036712646484375 0.000209808349609377
0.0316085815429688 0.0414657592773438 0.0351104736328125 0.0224494934082031
0.0397224426269531 0.0319175720214844 0.0239448547363281 0.0220069885253906
0.0438880920410156 0.00867462158203125 0.0192680358886719 0.0180530548095703
0.0357246398925781 -0.0083770751953125 0.0113945007324219 0.0161857604980469
0.0264339447021484 -0.0256843566894531 0.00323104858398438 0.0116071701049805
0.0140209197998047 -0.0277156829833984 -0.00221443176269531 0.0197505950927734
0.0115852355957031 -0.0275096893310547 -0.00862503051757813 0.0290603637695313
0.0111484527587891 -0.0333099365234375 -0.0172653198242188 0.0343647003173828
0.0150566101074219 -0.033111572265625 -0.0298862457275391 0.02880859375
0.0257015228271484 -0.0249080657958984 -0.0323905944824219 0.0188751220703125
0.032684326171875 -0.0158729553222656 -0.0262355804443359 0.00478363037109375
0.0390815734863281 0.00854873657226563 -0.0176410675048828 -0.00216293334960938
0.0400047302246094 0.0250892639160156 0.007049560546875 0.00628328323364258
0.0336780548095703 0.0323410034179688 0.0190544128417969 0.0379066467285156
0.0110950469970703 0.0303707122802734 0.0427513122558594 0.00879669189453125
0.0214519500732422 0.0303134918212891 0.0387535095214844 0.02789306640625
0.0275363922119141 0.0211277008056641 0.0206642150878906 0.0220489501953125
0.0298194885253906 0.00396347045898438 0.0137386322021484 0.0225200653076172
0.0224666595458984 -0.00738525390625 0.00508689880371094 0.0214824676513672
0.0119304656982422 -0.0183067321777344 0.00267601013183594 0.0218715667724609
0.00682163238525391 -0.0167732238769531 -0.000617980957031248 0.0288200378417969
0.00382518768310547 -0.0156803131103516 -0.00726699829101563 0.0364532470703125
0.00346946716308594 -0.0205650329589844 -0.0179405212402344 0.0409927368164062
0.00712013244628907 -0.0212612152099609 -0.03033447265625 0.0359764099121094
0.0178947448730469 -0.0186004638671875 -0.0338821411132813 0.025665283203125
0.0248661041259766 -0.0133094787597656 -0.027099609375 0.0109138488769531
0.0312862396240234 0.00766181945800781 -0.0140352249145508 0.000962257385253905
0.0288944244384766 0.0229606628417969 0.0103492736816406 0.0130910873413086
0.0188560485839844 0.0266647338867188 0.0244483947753906 0.0506668090820313
-0.00398492813110352 -0.00852537155151367 -0.0306968688964844 -0.0495719909667969
-0.0154781341552734 -0.0107221603393555 -0.0145978927612305 -0.0151433944702148
-0.0163230895996094 0.00064373016357422 0.0137948989868164 -0.0005035400390625
-0.0118913650512695 0.00975894927978515 0.0326099395751953 -0.0128498077392578
-0.0039520263671875 0.011322021484375 0.036895751953125 -0.0273056030273437
0.00205326080322266 0.00919342041015625 0.0304756164550781 -0.04541015625
0.0025787353515625 0.00307655334472656 0.0143661499023438 -0.050140380859375
0.00151705741882324 0.00229930877685547 0.002532958984375 -0.0413627624511719
0.000302791595458984 0.00350618362426758 -0.00467109680175782 -0.0338935852050781
-4.17232513427736E-05 0.00316500663757324 -0.00648689270019532 -0.0307559967041016
-0.00464391708374023 0.00311613082885742 -0.0135536193847656 -0.0270729064941406
-0.00983715057373047 0.00163364410400391 -0.0155181884765625 -0.0253944396972656
-0.0108842849731445 -0.0113801956176758 -0.0199184417724609 -0.0279293060302734
-0.00536727905273438 -0.0201587677001953 -0.039947509765625 -0.0258827209472656
0.000550270080566407 -0.0169391632080078 -0.0406837463378906 -0.0164527893066406
0.0102653503417969 0.00574302673339844 -0.0266265869140625 -0.0526313781738281
-0.00100994110107422 7.43865966796874E-05 -0.008575439453125 -0.016423225402832
-0.00292205810546875 0.00711774826049805 0.0168733596801758 -0.000794410705566406
0.00373935699462891 0.0106067657470703 0.0356636047363281 -0.0125541687011719
0.0105609893798828 0.00625228881835937 0.0378150939941406 -0.0259857177734375
0.0127964019775391 -0.00229835510253906 0.0320320129394531 -0.0442314147949219
0.00864028930664063 -0.011530876159668 0.012359619140625 -0.0477752685546875
0.00873374938964844 -0.0127296447753906 0.000396728515624997 -0.0389747619628906
0.00874614715576172 -0.0128984451293945 -0.00823974609375 -0.030670166015625
0.0115289688110352 -0.0115756988525391 -0.0120296478271484 -0.028228759765625
0.0128860473632813 -0.00538730621337891 -0.0185794830322266 -0.0248451232910156
0.00896072387695313 0.000352859497070313 -0.0194664001464844 -0.023712158203125
0.00556325912475586 -0.0013890266418457 -0.0209617614746094 -0.0255088806152344
0.0104379653930664 -0.0057525634765625 -0.0392570495605469 -0.0229949951171875
0.0147466659545898 -0.00366306304931641 -0.0369644165039063 -0.0147438049316406
0.0235595703125 0.0210914611816406 -0.0188865661621094 -0.0482254028320313
0.0167007446289063 0.0139627456665039 -0.00169181823730469 -0.0109882354736328
0.0143899917602539 0.0164575576782227 0.0197982788085938 0.0033111572265625
0.0222682952880859 0.0109424591064453 0.0387649536132813 -0.0095367431640625
0.025115966796875 0.0020751953125 0.0374755859375 -0.0218544006347656
0.0231876373291016 -0.0136623382568359 0.0265769958496094 -0.0410728454589844
0.0148487091064453 -0.0256462097167969 0.0104713439941406 -0.0418968200683594
0.0129737854003906 -0.0241012573242188 -0.00291633605957031 -0.0299453735351563
0.0136642456054688 -0.0279045104980469 -0.0111465454101563 -0.0200996398925781
0.0199432373046875 -0.0254878997802734 -0.0183067321777344 -0.0197029113769531
0.0267143249511719 -0.0145034790039063 -0.025421142578125 -0.0180091857910156
0.0264759063720703 -0.0059356689453125 -0.0242633819580078 -0.0210914611816406
0.0234737396240234 0.00361442565917969 -0.0243816375732422 -0.0224494934082031
0.026123046875 0.00694465637207031 -0.0326461791992188 -0.01806640625
0.0288887023925781 0.00921440124511719 -0.0283031463623047 -0.0105228424072266
0.0342864990234375 0.0354080200195313 -0.00373458862304688 -0.0390357971191406
0.0321617126464844 0.02508544921875 0.00869035720825195 -0.0028085708618164
0.0304927825927734 0.0231761932373047 0.0238761901855469 0.0084228515625
0.0362739562988281 0.0108299255371094 0.0396080017089844 -0.00157928466796875
0.0364151000976563 -0.00269699096679688 0.0340538024902344 -0.0146598815917969
0.0316638946533203 -0.0230979919433594 0.0230541229248047 -0.0316486358642578
0.0187454223632813 -0.0342521667480469 0.00786018371582031 -0.0286350250244141
0.0172386169433594 -0.0339202880859375 -0.00452327728271484 -0.0163850784301758
0.0151176452636719 -0.0376968383789062 -0.0144777297973633 -0.00726413726806641
0.0225372314453125 -0.0361900329589844 -0.0235519409179687 -0.00741004943847657
0.0325603485107422 -0.0243167877197266 -0.0310993194580078 -0.00655555725097657
0.0360183715820313 -0.0138931274414063 -0.0285110473632812 -0.0134868621826172
0.0369529724121094 0.00485610961914063 -0.026153564453125 -0.0165996551513672
0.039398193359375 0.0129623413085938 -0.0257720947265625 -0.0129032135009766
0.0406608581542969 0.0193634033203125 -0.0165338516235352 -0.00103664398193359
0.0390815734863281 0.0439643859863281 0.0114002227783203 -0.0252532958984375
0.0398788452148438 0.0366058349609375 0.0192642211914063 0.00811958312988281
0.0426101684570313 0.0287017822265625 0.0257759094238281 0.0136089324951172
0.0492630004882812 0.0112686157226563 0.0352592468261719 0.0052032470703125
0.0438194274902344 -0.006683349609375 0.0277156829833984 -0.00444221496582031
0.03564453125 -0.0289840698242188 0.01739501953125 -0.0163640975952148
0.0204353332519531 -0.0391616821289063 0.00484371185302735 -0.0125751495361328
0.0170783996582031 -0.0377426147460938 -0.00642013549804687 -0.0018925666809082
0.0148200988769531 -0.0427627563476563 -0.0153274536132812 0.00642871856689453
0.0219459533691406 -0.0419082641601563 -0.0254039764404297 0.00616455078125
0.0343570709228516 -0.0299797058105469 -0.0308589935302734 0.00436592102050782
0.0397720336914063 -0.0195846557617188 -0.0284881591796875 -0.00558280944824219
0.0454788208007813 0.00490570068359375 -0.0257682800292969 -0.0106964111328125
0.0479850769042969 0.0197830200195313 -0.0156764984130859 -0.00915431976318359
0.0465850830078125 0.0273475646972656 -0.00356101989746093 0.0104665756225586
0.0355300903320312 0.0455284118652344 0.0250530242919922 -0.0126380920410156
0.041900634765625 0.04229736328125 0.0282726287841797 0.0158615112304688
0.0453224182128906 0.0325393676757813 0.0248966217041016 0.0181255340576172
0.0516548156738281 0.0104713439941406 0.0286026000976563 0.0121746063232422
0.0447158813476562 -0.00817108154296875 0.019622802734375 0.00548362731933594
0.0332851409912109 -0.031341552734375 0.00957393646240234 -0.00215339660644531
0.0177497863769531 -0.0365715026855469 0.000710010528564454 0.00450277328491211
0.0145835876464844 -0.0360374450683594 -0.00662040710449219 0.015101432800293
0.0128288269042969 -0.0402603149414063 -0.0153026580810547 0.0226516723632813
0.0180320739746094 -0.0394935607910156 -0.0276889801025391 0.0190811157226563
0.0312519073486328 -0.0303249359130859 -0.0328445434570313 0.0146770477294922
0.0396881103515625 -0.0206489562988281 -0.0286884307861328 0.00116539001464844
0.0472183227539063 0.006195068359375 -0.0208797454833984 -0.00637054443359375
0.0489082336425781 0.0245285034179688 -0.00446319580078125 -0.000906944274902342
0.0438880920410156 0.0311508178710938 0.0107669830322266 0.0242500305175781
0.0263137817382813 0.0411376953125 0.0367660522460938 -0.000549316406249998
0.0345115661621094 0.0382118225097656 0.0371742248535156 0.0216445922851563
0.0401763916015625 0.0302848815917969 0.0238571166992188 0.0200862884521484
0.0438957214355469 0.007568359375 0.0199165344238281 0.0183925628662109
0.0358963012695313 -0.00926971435546875 0.011866569519043 0.0145473480224609
0.0252285003662109 -0.0269508361816406 0.00535869598388672 0.0115985870361328
0.0130462646484375 -0.0297870635986328 -0.00108146667480469 0.0183448791503906
0.0108623504638672 -0.0291709899902344 -0.00702857971191406 0.0283184051513672
0.0080108642578125 -0.0335674285888672 -0.0161819458007813 0.0338306427001953
0.0131015777587891 -0.0328941345214844 -0.0279502868652344 0.0299415588378906
0.0260200500488281 -0.0258846282958984 -0.0329036712646484 0.0215702056884766
0.035247802734375 -0.0186004638671875 -0.0269889831542969 0.00724601745605468
0.0430755615234375 0.00760269165039063 -0.0165843963623047 -0.000825881958007812
0.0416221618652344 0.0252647399902344 0.00623750686645508 0.00563335418701172
0.0345573425292969 0.0305881500244141 0.0204734802246094 0.0370941162109375
0.0137443542480469 0.0288715362548828 0.0440864562988281 0.0072784423828125
0.0222206115722656 0.0307254791259766 0.0399513244628906 0.024383544921875
0.0290298461914063 0.0206375122070313 0.0218887329101563 0.0207176208496094
0.0297451019287109 0.00335121154785156 0.0155467987060547 0.0230484008789063
0.0211906433105469 -0.00893402099609375 0.00874519348144531 0.0223236083984375
0.0119266510009766 -0.0187339782714844 0.00304985046386719 0.0233230590820313
0.005218505859375 -0.0175762176513672 0.000553131103515623 0.0305709838867188
0.00483131408691406 -0.0167207717895508 -0.00536727905273438 0.0371971130371094
0.00280570983886719 -0.0200061798095703 -0.0150299072265625 0.0425987243652344
0.0055084228515625 -0.0227890014648438 -0.029754638671875 0.037750244140625
0.0157871246337891 -0.0197811126708984 -0.033843994140625 0.0264148712158203
0.0244007110595703 -0.0143203735351562 -0.0264244079589844 0.0111064910888672
0.0338039398193359 0.00632095336914063 -0.0143365859985352 0.00220108032226562
0.0294437408447266 0.021820068359375 0.0123414993286133 0.012852668762207
0.021392822265625 0.0259246826171875 0.0270271301269531 0.0494194030761719
-0.00415182113647461 -0.00818204879760742 -0.0311775207519531 -0.0487480163574219
-0.0164241790771484 -0.0105152130126953 -0.0143775939941406 -0.0142688751220703
-0.0167074203491211 0.00118160247802735 0.0148296356201172 -0.00106620788574219
-0.0110807418823242 0.00974464416503906 0.03192138671875 -0.0133266448974609
-0.00360965728759766 0.0111484527587891 0.0349349975585938 -0.028167724609375
0.00248241424560547 0.00924205780029297 0.0290260314941406 -0.0459251403808594
0.0023045539855957 0.00257658958435059 0.0124702453613281 -0.0498924255371094
0.00117635726928711 0.00257539749145508 0.00153350830078125 -0.0408477783203125
0.00101613998413086 0.00351929664611816 -0.00507545471191406 -0.0340557098388672
0.000333070755004882 0.00346565246582031 -0.00745964050292969 -0.0305976867675781
-0.00423479080200195 0.00261449813842773 -0.0134696960449219 -0.0270004272460937
-0.00986289978027344 0.0013437271118164 -0.0156955718994141 -0.024505615234375
-0.0105476379394531 -0.0115747451782227 -0.0205535888671875 -0.0278282165527344
-0.00575637817382813 -0.0200481414794922 -0.0404434204101563 -0.0250740051269531
0.000534057617187499 -0.0165872573852539 -0.0410842895507813 -0.0159263610839844
0.0115213394165039 0.00561141967773437 -0.0273628234863281 -0.0511474609375
0.000122502446174622 -0.000136509537696838 -0.00977706909179688 -0.0154666900634766
-0.00201082229614258 0.00719785690307617 0.0164976119995117 -0.000385284423828125
0.00419807434082031 0.00968456268310547 0.0349617004394531 -0.0120830535888672
0.00944328308105469 0.00643348693847656 0.03692626953125 -0.0269584655761719
0.0127649307250977 -0.00334644317626953 0.029022216796875 -0.0461235046386719
0.00895309448242188 -0.0121955871582031 0.0116806030273437 -0.0486679077148438
0.00812530517578125 -0.0123424530029297 -0.00141525268554687 -0.03753662109375
0.00850105285644531 -0.0124368667602539 -0.00894546508789063 -0.0300998687744141
0.01190185546875 -0.0117530822753906 -0.0126819610595703 -0.0281295776367188
0.0127248764038086 -0.0054931640625 -0.0198841094970703 -0.0243186950683594
0.00894737243652344 -0.00117301940917969 -0.0193290710449219 -0.0240802764892578
0.00591850280761719 -0.00181245803833008 -0.0221500396728516 -0.0256748199462891
0.0104846954345703 -0.00593948364257813 -0.0394706726074219 -0.0215835571289062
0.0150632858276367 -0.00386714935302734 -0.0378875732421875 -0.0145378112792969
0.0251979827880859 0.0207138061523438 -0.0195503234863281 -0.0472679138183594
0.0161323547363281 0.0132379531860352 -0.0022125244140625 -0.0111064910888672
0.0152578353881836 0.0151805877685547 0.0203704833984375 0.00300025939941406
0.0217018127441406 0.0101985931396484 0.0377464294433594 -0.0090484619140625
0.0251579284667969 0.000856399536132813 0.0366325378417969 -0.0237998962402344
0.0237560272216797 -0.0143852233886719 0.0262985229492188 -0.0416259765625
0.0142574310302734 -0.0257549285888672 0.00865554809570313 -0.0411186218261719
0.0124893188476562 -0.0253429412841797 -0.00319099426269531 -0.0290660858154297
0.0127849578857422 -0.0280933380126953 -0.0118427276611328 -0.0204315185546875
0.0190620422363281 -0.0265827178955078 -0.0186882019042969 -0.0190525054931641
0.0257835388183594 -0.0161094665527344 -0.0268440246582031 -0.0167922973632812
0.0263690948486328 -0.00756263732910156 -0.0248146057128906 -0.0205650329589844
0.0234794616699219 0.00382614135742187 -0.0250759124755859 -0.0220851898193359
0.0263099670410156 0.00599861145019531 -0.0334377288818359 -0.0177383422851563
0.0289573669433594 0.00844764709472656 -0.0287609100341797 -0.00961685180664063
0.0358505249023438 0.0340003967285156 -0.0043487548828125 -0.0387763977050781
0.0318622589111328 0.0248565673828125 0.00815153121948242 -0.00304365158081055
0.0317058563232422 0.0222225189208984 0.0235080718994141 0.00837898254394531
0.0375213623046875 0.00985336303710938 0.0378189086914062 -0.00279998779296875
0.0359115600585938 -0.00358963012695313 0.0337142944335938 -0.0152435302734375
0.0308551788330078 -0.0239315032958984 0.0228271484375 -0.0310935974121094
0.0181598663330078 -0.0350379943847656 0.00669097900390625 -0.0287036895751953
0.0157394409179688 -0.0342769622802734 -0.005401611328125 -0.0167226791381836
0.0144615173339844 -0.0386123657226563 -0.0146017074584961 -0.0074605941772461
0.021148681640625 -0.0374488830566406 -0.0237483978271484 -0.00725364685058594
0.0309295654296875 -0.025177001953125 -0.0307369232177734 -0.00729942321777344
0.035614013671875 -0.0158309936523438 -0.0279273986816406 -0.0134353637695313
0.0374603271484375 0.00391387939453125 -0.0265293121337891 -0.0161399841308594
0.0400733947753906 0.0134429931640625 -0.0270748138427734 -0.0130996704101562
0.040863037109375 0.0183906555175781 -0.0171976089477539 -0.000671386718749996
0.0402488708496094 0.0434455871582031 0.0109481811523438 -0.0257778167724609
0.0409049987792969 0.035736083984375 0.0189189910888672 0.00708770751953125
0.0435638427734375 0.0291862487792969 0.0255146026611328 0.0139617919921875
0.0495109558105469 0.0092315673828125 0.0343208312988281 0.00489425659179688
0.0440864562988281 -0.00799942016601563 0.0273551940917969 -0.004547119140625
0.0346183776855469 -0.0301704406738281 0.0163335800170899 -0.0166549682617188
0.0193023681640625 -0.0393791198730469 0.00412082672119141 -0.0125255584716797
0.0157432556152344 -0.0387115478515625 -0.00599765777587891 -0.000998020172119143
0.0136528015136719 -0.042510986328125 -0.0146913528442383 0.00748729705810546
0.0204200744628906 -0.0417022705078125 -0.0255279541015625 0.00601959228515624
0.0326919555664063 -0.0307426452636719 -0.0308628082275391 0.00485801696777344
0.0401420593261719 -0.0212516784667969 -0.0285854339599609 -0.00457763671875
0.0454292297363281 0.00392913818359375 -0.0253505706787109 -0.0107975006103516
0.0478668212890625 0.0188407897949219 -0.0153913497924805 -0.00836849212646484
0.0470428466796875 0.0262794494628906 -0.00339221954345703 0.0104084014892578
0.0369071960449219 0.04473876953125 0.0250396728515625 -0.0138454437255859
0.0416603088378906 0.0403861999511719 0.0286960601806641 0.0150890350341797
0.0468635559082031 0.0326614379882812 0.0248985290527344 0.0182437896728516
0.0522804260253906 0.00905609130859375 0.0282936096191406 0.0122318267822266
0.0450553894042969 -0.0102424621582031 0.0192737579345703 0.00500106811523437
0.0324783325195313 -0.0315532684326172 0.00979900360107422 -0.00193500518798828
0.0167083740234375 -0.037933349609375 0.001434326171875 0.00441598892211914
0.0139236450195313 -0.0370712280273437 -0.00634193420410156 0.0147123336791992
0.0110588073730469 -0.0410804748535156 -0.0154132843017578 0.0225143432617187
0.01715087890625 -0.0408973693847656 -0.0271492004394531 0.0199871063232422
0.0306072235107422 -0.0310592651367188 -0.031829833984375 0.0152587890625
0.0392303466796875 -0.0216217041015625 -0.0276031494140625 0.002532958984375
0.0468406677246094 0.00448226928710938 -0.0211162567138672 -0.00520133972167969
0.0484504699707031 0.0226860046386719 -0.00329446792602539 -0.00111246109008789
0.0447349548339844 0.0298347473144531 0.0104045867919922 0.0229129791259766
0.0273246765136719 0.0392723083496094 0.0369033813476563 -0.0021209716796875
0.034759521484375 0.0378227233886719 0.0366439819335938 0.0212860107421875
0.0414695739746094 0.0289840698242188 0.0236988067626953 0.0197887420654297
0.04498291015625 0.00669097900390625 0.0209236145019531 0.0183582305908203
0.0359039306640625 -0.0101470947265625 0.0114383697509766 0.0153741836547852
0.0241050720214844 -0.0276832580566406 0.00554752349853516 0.0123910903930664
0.0118083953857422 -0.0305290222167969 9.53674316406399E-06 0.0196952819824219
0.00996208190917969 -0.0290775299072266 -0.00579071044921875 0.0275497436523438
0.00786399841308594 -0.0327644348144531 -0.0146160125732422 0.0338134765625
0.0121479034423828 -0.0338268280029297 -0.0276222229003906 0.0304737091064453
0.0248374938964844 -0.0269927978515625 -0.0318183898925781 0.0223331451416016
0.0342464447021484 -0.0199489593505859 -0.0263271331787109 0.007598876953125
0.0429954528808594 0.00588226318359375 -0.0171785354614258 -0.000951766967773438
0.0423011779785156 0.0235099792480469 0.00619697570800781 0.00511503219604492
0.0355987548828125 0.0301170349121094 0.0207328796386719 0.0360069274902344
0.0132808685302734 0.0290126800537109 0.0430488586425781 0.00553512573242188
0.0227737426757813 0.0294208526611328 0.0405006408691406 0.0237884521484375
0.0294170379638672 0.020355224609375 0.0220870971679688 0.0201854705810547
0.0305213928222656 0.0019073486328125 0.0151996612548828 0.0227909088134766
0.0218696594238281 -0.00997352600097656 0.00853538513183594 0.0225162506103516
0.0110359191894531 -0.0189304351806641 0.00368118286132812 0.0228958129882813
0.00398540496826172 -0.017298698425293 0.000804901123046875 0.0301246643066406
0.00404262542724609 -0.016942024230957 -0.00435256958007813 0.0364418029785156
0.00203323364257813 -0.0203857421875 -0.0148162841796875 0.0425758361816406
0.00510787963867187 -0.0237026214599609 -0.0290260314941406 0.0377197265625
0.0158424377441406 -0.0204906463623047 -0.0322322845458984 0.0272159576416016
0.0251255035400391 -0.01531982421875 -0.0258026123046875 0.0111579895019531
0.0339374542236328 0.00570487976074219 -0.0138673782348633 0.00201225280761719
0.0311698913574219 0.0211963653564453 0.0123720169067383 0.011993408203125
0.022308349609375 0.0247516632080078 0.0270042419433594 0.0481414794921875
-0.00461006164550781 -0.00812673568725586 -0.0305938720703125 -0.0489120483398438
-0.0170984268188477 -0.0102939605712891 -0.0147314071655273 -0.0140008926391602
-0.0171432495117187 0.000987052917480471 0.014923095703125 -0.00142478942871094
-0.0114994049072266 0.00982189178466797 0.0319366455078125 -0.0133781433105469
-0.00380516052246094 0.0119199752807617 0.0348415374755859 -0.0281639099121094
0.00236034393310547 0.00917816162109375 0.0291404724121094 -0.046112060546875
0.00282001495361328 0.0029597282409668 0.0123291015625 -0.0501480102539063
0.00166177749633789 0.00225973129272461 0.00138092041015625 -0.0406455993652344
0.00137424468994141 0.00340080261230469 -0.005706787109375 -0.0342006683349609
0.000628948211669922 0.00301146507263184 -0.00799751281738281 -0.0307693481445313
-0.00421667098999024 0.00275707244873047 -0.0139827728271484 -0.0270614624023438
-0.0100984573364258 0.000982284545898437 -0.0158157348632813 -0.0251045227050781
-0.0104303359985352 -0.0119552612304688 -0.0211029052734375 -0.0282459259033203
-0.00569725036621094 -0.0207271575927734 -0.0412635803222656 -0.0252799987792969
0.000615119934082033 -0.0170879364013672 -0.0416793823242188 -0.0161018371582031
0.011775016784668 0.00579833984375 -0.0272064208984375 -0.0514144897460937
-0.000110328197479248 -0.000446200370788574 -0.0100669860839844 -0.0150423049926758
-0.00201749801635742 0.00694370269775391 0.016693115234375 -0.000864028930664062
0.0042266845703125 0.00995540618896484 0.0347347259521484 -0.0122394561767578
0.0102100372314453 0.00632190704345703 0.0367202758789062 -0.0269432067871094
0.0131387710571289 -0.00319004058837891 0.0286369323730469 -0.0456657409667969
0.00905990600585937 -0.0129117965698242 0.0116500854492187 -0.0487022399902344
0.00814533233642578 -0.0125055313110352 -0.00117874145507813 -0.037811279296875
0.00857734680175781 -0.0129461288452148 -0.0092620849609375 -0.0303993225097656
0.0120706558227539 -0.011805534362793 -0.0133419036865234 -0.0283336639404297
0.0130376815795898 -0.00532817840576172 -0.0204372406005859 -0.0250015258789062
0.00920295715332031 -0.00108718872070312 -0.0192546844482422 -0.0243377685546875
0.00608539581298828 -0.00225925445556641 -0.0223579406738281 -0.0262718200683594
0.0101947784423828 -0.00590705871582031 -0.0405158996582031 -0.0216903686523437
0.0158615112304688 -0.0039520263671875 -0.0380020141601563 -0.0150299072265625
0.0252056121826172 0.0213966369628906 -0.0191307067871094 -0.048065185546875
0.01629638671875 0.0127754211425781 -0.00235939025878906 -0.0111207962036133
0.0153369903564453 0.0153532028198242 0.0201549530029297 0.00322341918945313
0.0221748352050781 0.00987434387207031 0.0373954772949219 -0.00894927978515625
0.0246257781982422 0.000957489013671875 0.0370635986328125 -0.0233230590820312
0.0239334106445313 -0.01483154296875 0.0259857177734375 -0.0412216186523438
0.0148220062255859 -0.0265293121337891 0.008819580078125 -0.0416107177734375
0.0123691558837891 -0.0260353088378906 -0.00323104858398437 -0.0294837951660156
0.0130271911621094 -0.0284423828125 -0.0121555328369141 -0.0205268859863281
0.0188083648681641 -0.0269184112548828 -0.0190944671630859 -0.0194683074951172
0.0257587432861328 -0.0163021087646484 -0.0268783569335938 -0.0170764923095703
0.025909423828125 -0.00747299194335938 -0.0249404907226563 -0.0206336975097656
0.0239925384521484 0.00348854064941406 -0.0250835418701172 -0.0226058959960938
0.0266513824462891 0.00599098205566406 -0.0338916778564453 -0.0170059204101562
0.02947998046875 0.00899696350097656 -0.0294990539550781 -0.00940132141113282
0.0365219116210938 0.0349311828613281 -0.00454330444335938 -0.0394401550292969
0.0318431854248047 0.0248355865478516 0.00796747207641602 -0.00274896621704101
0.0331001281738281 0.0227909088134766 0.0239162445068359 0.00853919982910156
0.0381431579589844 0.0094146728515625 0.0382804870605469 -0.00281143188476563
0.0366706848144531 -0.00452041625976563 0.0338687896728516 -0.0149612426757812
0.0310535430908203 -0.0243625640869141 0.0223922729492188 -0.0303211212158203
0.01861572265625 -0.0354881286621094 0.00637435913085938 -0.0286540985107422
0.0152511596679687 -0.0347957611083984 -0.0054168701171875 -0.0163631439208984
0.0141372680664062 -0.0385932922363281 -0.0147991180419922 -0.00717258453369141
0.020599365234375 -0.0372886657714844 -0.0234298706054688 -0.00755500793457031
0.0312728881835938 -0.0257034301757812 -0.0303955078125 -0.00683593750000001
0.035614013671875 -0.0162467956542969 -0.0277252197265625 -0.0129051208496094
0.0379905700683594 0.00392913818359375 -0.026214599609375 -0.0162982940673828
0.0407562255859375 0.0134353637695313 -0.0265026092529297 -0.0131759643554688
0.0415573120117188 0.0187530517578125 -0.0176715850830078 -0.00102996826171875
0.0408248901367188 0.0437202453613281 0.0115985870361328 -0.0266132354736328
0.0412368774414063 0.0353240966796875 0.01922607421875 0.00687789916992188
0.0446128845214844 0.0298538208007813 0.0253543853759766 0.0146427154541016
0.0498466491699219 0.0090484619140625 0.0347404479980469 0.00488471984863281
0.0444831848144531 -0.00806427001953125 0.0273914337158203 -0.0041961669921875
0.0350418090820313 -0.0303573608398438 0.0167760848999023 -0.0160388946533203
0.0192642211914063 -0.0402107238769531 0.00447177886962891 -0.0125141143798828
0.0153541564941406 -0.0392036437988281 -0.00589895248413086 -0.00130653381347657
0.0135726928710938 -0.0432586669921875 -0.0151510238647461 0.00731658935546875
0.0195426940917969 -0.04266357421875 -0.0252609252929688 0.00584602355957031
0.0328330993652344 -0.031036376953125 -0.0313091278076172 0.00458717346191406
0.0405082702636719 -0.0215835571289063 -0.0289363861083984 -0.00472640991210937
0.046539306640625 0.00443649291992188 -0.0251789093017578 -0.0103836059570313
0.0491065979003906 0.0190505981445312 -0.0160350799560547 -0.00832271575927734
0.0468330383300781 0.02630615234375 -0.00378131866455078 0.0101003646850586
0.037384033203125 0.045379638671875 0.0248470306396484 -0.0142803192138672
0.0418281555175781 0.0402717590332031 0.0285968780517578 0.0148735046386719
0.0481910705566406 0.0326652526855469 0.0251979827880859 0.0185279846191406
0.0530548095703125 0.00922393798828125 0.0282306671142578 0.0123767852783203
0.0448570251464844 -0.010589599609375 0.0199069976806641 0.00617599487304688
0.0328845977783203 -0.0318450927734375 0.00985431671142578 -0.0012960433959961
0.0168075561523438 -0.0386085510253906 0.00129127502441406 0.00441408157348633
0.0136528015136719 -0.0373191833496094 -0.00616550445556641 0.0141096115112305
0.0106315612792969 -0.0415840148925781 -0.0151309967041016 0.0224285125732422
0.0164299011230469 -0.041534423828125 -0.0269660949707031 0.0202579498291016
0.0305442810058594 -0.0315074920654297 -0.0324478149414063 0.0150966644287109
0.0398788452148438 -0.0221481323242188 -0.0276851654052734 0.00254058837890625
0.0477981567382812 0.00498199462890625 -0.0201950073242187 -0.00539207458496093
0.0490226745605469 0.0220985412597656 -0.00339674949645996 -0.0020453929901123
0.0445823669433594 0.0300445556640625 0.0103893280029297 0.0232868194580078
0.0276679992675781 0.0397605895996094 0.0373878479003906 -0.0023193359375
0.034881591796875 0.0379867553710938 0.0367469787597656 0.0212669372558594
0.0422592163085937 0.0293922424316406 0.0242786407470703 0.0205078125
0.0460662841796875 0.00641250610351562 0.0208396911621094 0.0181198120117188
0.0369071960449219 -0.0113677978515625 0.0121545791625977 0.0162210464477539
0.0242252349853516 -0.0277614593505859 0.00514030456542969 0.0136022567749023
0.0115432739257813 -0.0306491851806641 0.000419616699218753 0.0195579528808594
0.00965499877929688 -0.0298233032226563 -0.00538253784179687 0.0273189544677734
0.00729179382324219 -0.0332851409912109 -0.0148162841796875 0.0345478057861328
0.0117530822753906 -0.0343246459960938 -0.0275650024414062 0.03009033203125
0.0247440338134766 -0.0271835327148437 -0.0313434600830078 0.0223636627197266
0.0346832275390625 -0.0197849273681641 -0.0268878936767578 0.00819206237792968
0.0435104370117188 0.00606918334960938 -0.0169286727905273 -0.000637054443359376
0.0423507690429688 0.0237388610839844 0.00610637664794922 0.00459766387939453
0.0356559753417969 0.0300140380859375 0.0213165283203125 0.0364913940429688
0.0138607025146484 0.0292015075683594 0.0442008972167969 0.00547409057617188
0.0222148895263672 0.029754638671875 0.0409164428710938 0.02374267578125
0.0305309295654297 0.0206928253173828 0.0225811004638672 0.0206451416015625
0.0307426452636719 0.0022735595703125 0.0152435302734375 0.0227909088134766
0.0216770172119141 -0.0097503662109375 0.0088043212890625 0.0229892730712891
0.0107078552246094 -0.0188541412353516 0.00411224365234375 0.0238513946533203
0.00439453125 -0.0181484222412109 0.00139808654785156 0.029998779296875
0.00402545928955078 -0.0175313949584961 -0.00412750244140625 0.0359230041503906
0.00226593017578125 -0.0209274291992188 -0.0142326354980469 0.0428924560546875
0.00484466552734375 -0.0236587524414062 -0.0289993286132812 0.0382194519042969
0.0157718658447266 -0.0206508636474609 -0.0322322845458984 0.0274734497070312
0.0253067016601563 -0.0157890319824219 -0.0264492034912109 0.0119190216064453
0.0341014862060547 0.0058441162109375 -0.0141458511352539 0.00267887115478516
0.0312099456787109 0.0211334228515625 0.0123376846313477 0.0115566253662109
0.0219898223876953 0.0249042510986328 0.0274238586425781 0.0487327575683594
-0.00417613983154297 -0.00911235809326172 -0.0308494567871094 -0.0507278442382813
-0.0175371170043945 -0.0110092163085937 -0.0147171020507813 -0.0145406723022461
-0.0173320770263672 0.000706672668457029 0.015228271484375 -0.000970840454101562
-0.0116777420043945 0.0106468200683594 0.0323257446289063 -0.013519287109375
-0.00399971008300781 0.0123167037963867 0.0352554321289063 -0.0285911560058594
0.00260448455810547 0.00926685333251953 0.0295181274414062 -0.0477180480957031
0.00269722938537598 0.00275564193725586 0.0126571655273438 -0.0519676208496094
0.00150012969970703 0.00241231918334961 0.00102615356445312 -0.0418853759765625
0.00161957740783691 0.00317001342773438 -0.00606536865234375 -0.0349788665771484
0.000209331512451172 0.00331807136535645 -0.00835800170898438 -0.0321712493896484
-0.00474786758422851 0.00327157974243164 -0.0139389038085938 -0.0284290313720703
-0.0102853775024414 0.000804901123046874 -0.0156097412109375 -0.0261325836181641
-0.0110492706298828 -0.0126380920410156 -0.0215320587158203 -0.0291156768798828
-0.00549697875976563 -0.0213356018066406 -0.0424728393554688 -0.0261878967285156
0.000968933105468751 -0.0175933837890625 -0.0430908203125 -0.0170364379882812
0.0126581192016602 0.00604534149169922 -0.0271987915039062 -0.0540580749511719
-0.000407397747039795 -0.000781834125518799 -0.0105123519897461 -0.0149564743041992
-0.00159978866577148 0.00717544555664063 0.0177803039550781 -0.000782012939453125
0.00439262390136719 0.0100116729736328 0.0356101989746094 -0.0121650695800781
0.0102367401123047 0.00686740875244141 0.0378341674804688 -0.0270423889160156
0.0130882263183594 -0.00311946868896484 0.0294227600097656 -0.0470542907714844
0.00901889801025391 -0.0134439468383789 0.011566162109375 -0.0499687194824219
0.00777149200439453 -0.0126934051513672 -0.00150680541992187 -0.0392341613769531
0.00892162322998047 -0.0138587951660156 -0.00928306579589844 -0.0315628051757812
0.012141227722168 -0.0120697021484375 -0.0138320922851562 -0.0294227600097656
0.0128030776977539 -0.00522994995117188 -0.0206756591796875 -0.0256767272949219
0.00981903076171875 -0.00101089477539063 -0.0195713043212891 -0.0256748199462891
0.00655746459960938 -0.00218820571899414 -0.0232791900634766 -0.0270938873291016
0.0102396011352539 -0.00670623779296875 -0.0410041809082031 -0.0221366882324219
0.016575813293457 -0.00397872924804688 -0.0391769409179688 -0.0153884887695313
0.0265846252441406 0.0218677520751953 -0.0193443298339844 -0.0495681762695313
0.0167026519775391 0.0134258270263672 -0.00237846374511719 -0.0106382369995117
0.0162754058837891 0.0162248611450195 0.0208187103271484 0.00371932983398438
0.0226860046386719 0.0100879669189453 0.0386848449707031 -0.0086212158203125
0.0259456634521484 0.00116348266601563 0.0379867553710938 -0.0232734680175781
0.0243568420410156 -0.0154705047607422 0.0267906188964844 -0.0423355102539063
0.0147724151611328 -0.0276031494140625 0.00881576538085938 -0.0423164367675781
0.0123004913330078 -0.0266437530517578 -0.00345420837402343 -0.0298900604248047
0.0133571624755859 -0.0293102264404297 -0.0126247406005859 -0.0211734771728516
0.0194606781005859 -0.0280685424804688 -0.0196914672851563 -0.0202350616455078
0.0265407562255859 -0.0167789459228516 -0.0276432037353516 -0.0177040100097656
0.0272636413574219 -0.00794792175292969 -0.0258903503417969 -0.0213584899902344
0.0251731872558594 0.0036163330078125 -0.0249881744384766 -0.0234546661376953
0.0278129577636719 0.00591850280761719 -0.0351066589355469 -0.0174884796142578
0.0301704406738281 0.00915908813476563 -0.0306835174560547 -0.0105838775634766
0.0378837585449219 0.036163330078125 -0.00439453125 -0.0405197143554687
0.0329208374023438 0.0257720947265625 0.00831365585327149 -0.00279712677001953
0.0345306396484375 0.0241928100585938 0.0247154235839844 0.00935935974121094
0.03936767578125 0.00968170166015625 0.038665771484375 -0.00209808349609375
0.0382614135742188 -0.00465774536132813 0.0351219177246094 -0.0143051147460937
0.0319538116455078 -0.0254783630371094 0.0233325958251953 -0.0306301116943359
0.0186996459960938 -0.0371551513671875 0.00679206848144532 -0.0290679931640625
0.0147972106933594 -0.0363960266113281 -0.00530242919921875 -0.0168399810791016
0.0148811340332031 -0.0402679443359375 -0.0153474807739258 -0.00766849517822266
0.0213546752929688 -0.0390625 -0.0242118835449219 -0.00812149047851563
0.0321235656738281 -0.0270919799804688 -0.0314388275146484 -0.00749969482421875
0.0371971130371094 -0.0166587829589844 -0.0289096832275391 -0.0137500762939453
0.0398826599121094 0.00372314453125 -0.0265865325927734 -0.0167503356933594
0.0420799255371094 0.0142974853515625 -0.0282058715820312 -0.0135250091552734
0.0430221557617188 0.0194091796875 -0.0185394287109375 -0.001556396484375
0.0421638488769531 0.0450096130371094 0.0123672485351562 -0.0269279479980469
0.0420379638671875 0.0362739562988281 0.0198173522949219 0.00720405578613281
0.04669189453125 0.0311126708984375 0.0267772674560547 0.0153083801269531
0.051971435546875 0.00969314575195313 0.0353050231933594 0.00533676147460938
0.0457038879394531 -0.00909805297851563 0.0276126861572266 -0.00380897521972656
0.0358695983886719 -0.0313568115234375 0.0173749923706055 -0.0152139663696289
0.0198249816894531 -0.0417442321777344 0.00448131561279297 -0.0124645233154297
0.0153350830078125 -0.0405464172363281 -0.00589990615844726 -0.0015559196472168
0.0135383605957031 -0.0450096130371094 -0.0157432556152344 0.00747585296630859
0.0201454162597656 -0.0440826416015625 -0.0264263153076172 0.00603675842285156
0.0336666107177734 -0.0324840545654297 -0.0326499938964844 0.00426292419433593
0.0415763854980469 -0.0232009887695313 -0.0297870635986328 -0.00499343872070313
0.048614501953125 0.00420379638671875 -0.0250720977783203 -0.0110149383544922
0.0506095886230469 0.01971435546875 -0.0161018371582031 -0.00888919830322265
0.0483245849609375 0.0275611877441406 -0.00414371490478515 0.0103139877319336
0.0389442443847656 0.0472488403320313 0.0260334014892578 -0.0146217346191406
0.0425872802734375 0.0413665771484375 0.0296440124511719 0.0156135559082031
0.0508918762207031 0.0343284606933594 0.0264415740966797 0.0196590423583984
0.0549850463867188 0.00974273681640625 0.0287742614746094 0.0127964019775391
0.0468177795410156 -0.0115165710449219 0.0203990936279297 0.00731849670410156
0.0339031219482422 -0.0327262878417969 0.0107345581054688 -0.000670433044433596
0.0176010131835938 -0.0397605895996094 0.00126743316650391 0.00478649139404297
0.0135498046875 -0.0385971069335938 -0.00630092620849609 0.0149269104003906
0.0111923217773438 -0.0430221557617188 -0.0161476135253906 0.0234451293945312
0.0168113708496094 -0.0429534912109375 -0.0279979705810547 0.0204086303710938
0.0314540863037109 -0.0328521728515625 -0.0330772399902344 0.0156230926513672
0.0412712097167969 -0.0233802795410156 -0.0285511016845703 0.00248146057128906
0.0502510070800781 0.00555419921875 -0.0208988189697266 -0.00578689575195313
0.0512466430664063 0.0233955383300781 -0.00359964370727539 -0.00206708908081055
0.0460472106933594 0.031280517578125 0.0103378295898438 0.0239276885986328
0.0284538269042969 0.0420494079589844 0.0388679504394531 -0.00199508666992187
0.0352668762207031 0.0388641357421875 0.0380020141601563 0.0220146179199219
0.0443611145019531 0.0317726135253906 0.0251922607421875 0.021453857421875
0.0475234985351563 0.006805419921875 0.0209846496582031 0.0191574096679687
0.0380439758300781 -0.0113868713378906 0.0121831893920898 0.0171346664428711
0.0250625610351562 -0.0285835266113281 0.00560188293457032 0.01446533203125
0.0119190216064453 -0.0321540832519531 0.000505447387695315 0.0200710296630859
0.00929832458496093 -0.0306587219238281 -0.00558853149414062 0.0280075073242187
0.00773811340332031 -0.0350131988525391 -0.0152931213378906 0.0353469848632812
0.0118980407714844 -0.0356941223144531 -0.0283927917480469 0.0313549041748047
0.0259895324707031 -0.0285663604736328 -0.03253173828125 0.0232810974121094
0.0360832214355469 -0.020904541015625 -0.0276126861572266 0.00830650329589844
0.0452423095703125 0.0066375732421875 -0.0170965194702148 -0.00116920471191406
0.0441322326660156 0.02471923828125 0.00676679611206055 0.00413608551025391
0.0376014709472656 0.0309715270996094 0.0215988159179688 0.0372581481933594
0.01385498046875 0.0302734375 0.0454292297363281 0.00581741333007813
0.0226974487304688 0.0308628082275391 0.0419158935546875 0.0246620178222656
0.0316486358642578 0.0217151641845703 0.0233097076416016 0.0212268829345703
0.0322895050048828 0.00210189819335938 0.0159091949462891 0.023895263671875
0.0221042633056641 -0.0102519989013672 0.00917434692382813 0.0240325927734375
0.0114192962646484 -0.01934814453125 0.00500869750976563 0.025299072265625
0.00443649291992188 -0.0180397033691406 0.00190353393554687 0.0308208465576172
0.00409698486328125 -0.0185127258300781 -0.00430679321289063 0.0372962951660156
0.00232887268066406 -0.0215435028076172 -0.0146217346191406 0.0444297790527344
0.00477790832519531 -0.0238723754882812 -0.029876708984375 0.0391654968261719
0.0164241790771484 -0.0212345123291016 -0.0329494476318359 0.0278530120849609
0.0261821746826172 -0.0167217254638672 -0.0266513824462891 0.0118732452392578
0.0357170104980469 0.00629425048828125 -0.0144805908203125 0.0023813247680664
0.0317497253417969 0.0220699310302734 0.0126514434814453 0.0116748809814453
0.0230026245117188 0.0257492065429688 0.0275421142578125 0.049835205078125
-0.003814697265625 -0.00918197631835938 -0.03314208984375 -0.0529937744140625
-0.0183811187744141 -0.0112495422363281 -0.0155620574951172 -0.0142488479614258
-0.018402099609375 0.00118255615234375 0.0163726806640625 -0.000996589660644531
-0.0124368667602539 0.0110769271850586 0.0333786010742187 -0.0140724182128906
-0.00412750244140625 0.013340950012207 0.0364952087402344 -0.0302162170410156
0.00267696380615234 0.0100412368774414 0.0296669006347656 -0.0504112243652344
0.00272393226623535 0.00322508811950684 0.0119590759277344 -0.0545921325683594
0.00142407417297363 0.00264644622802734 0.000652313232421877 -0.0439338684082031
0.00179624557495117 0.00314903259277344 -0.00691986083984375 -0.0367088317871094
0.000624418258666993 0.00382351875305176 -0.00995445251464844 -0.0338954925537109
-0.00477933883666992 0.00361108779907227 -0.0147209167480469 -0.029693603515625
-0.0109062194824219 0.000823020935058594 -0.0161724090576172 -0.0277957916259766
-0.0116357803344727 -0.0128135681152344 -0.0226459503173828 -0.0301246643066406
-0.00670814514160156 -0.0225257873535156 -0.0453147888183594 -0.0269813537597656
0.000799179077148438 -0.0183582305908203 -0.0460472106933594 -0.0170860290527344
0.0134649276733398 0.00604629516601563 -0.0290946960449219 -0.056121826171875
-0.000598788261413574 -0.000877082347869873 -0.0109920501708984 -0.0151834487915039
-0.00163173675537109 0.00802516937255859 0.0184078216552734 -0.000738143920898437
0.00468826293945313 0.0102834701538086 0.0367355346679688 -0.0128822326660156
0.0108318328857422 0.00718784332275391 0.0386848449707031 -0.028839111328125
0.0140247344970703 -0.00364780426025391 0.0299110412597656 -0.0497360229492187
0.00933933258056641 -0.0141067504882813 0.0109901428222656 -0.0527420043945313
0.00797557830810547 -0.0135860443115234 -0.00152587890625 -0.0411567687988281
0.00920391082763672 -0.0152797698974609 -0.0107345581054687 -0.0328941345214844
0.0127687454223633 -0.0126876831054688 -0.0157127380371094 -0.0306205749511719
0.0139293670654297 -0.00524997711181641 -0.0219459533691406 -0.0272006988525391
0.00994014739990234 -0.00135040283203125 -0.0210819244384766 -0.0270843505859375
0.00707912445068359 -0.0023956298828125 -0.024444580078125 -0.0278759002685547
0.0111494064331055 -0.00681972503662109 -0.0436553955078125 -0.023529052734375
0.0173206329345703 -0.00368976593017578 -0.0422401428222656 -0.016082763671875
0.0288467407226562 0.0226860046386719 -0.0208396911621094 -0.0517120361328125
0.0181808471679688 0.0134944915771484 -0.00255298614501953 -0.0113306045532227
0.0177536010742188 0.0167922973632813 0.0222606658935547 0.00386428833007813
0.0243453979492188 0.0108146667480469 0.040313720703125 -0.00915908813476563
0.0272598266601563 0.000232696533203125 0.0392646789550781 -0.0249786376953125
0.0253067016601562 -0.0167293548583984 0.0271186828613281 -0.0445365905761719
0.0151195526123047 -0.0289745330810547 0.0089111328125 -0.0445632934570313
0.0124225616455078 -0.0288181304931641 -0.00399589538574219 -0.0314006805419922
0.0132064819335938 -0.0317497253417969 -0.0138969421386719 -0.02203369140625
0.0199222564697266 -0.0300960540771484 -0.0214443206787109 -0.0207862854003906
0.0276718139648438 -0.0184040069580078 -0.0293464660644531 -0.0182380676269531
0.0284767150878906 -0.00897216796875 -0.02691650390625 -0.0224208831787109
0.0268039703369141 0.00312232971191406 -0.0265274047851563 -0.0241622924804687
0.0292434692382813 0.00647163391113281 -0.0371894836425781 -0.0178909301757813
0.0319538116455078 0.00983238220214844 -0.0328865051269531 -0.0108165740966797
0.0410232543945313 0.0374870300292969 -0.00458908081054687 -0.0434303283691406
0.0347366333007813 0.0264816284179688 0.00858736038208008 -0.00319766998291015
0.0372314453125 0.0245513916015625 0.0260257720947266 0.0103206634521484
0.0419654846191406 0.0089569091796875 0.0405120849609375 -0.00268173217773438
0.0399017333984375 -0.00555801391601563 0.0363082885742187 -0.0153083801269531
0.0334300994873047 -0.0272579193115234 0.0242595672607422 -0.0319709777832031
0.0188980102539062 -0.0395622253417969 0.00713920593261719 -0.0307369232177734
0.0149269104003906 -0.038543701171875 -0.00588607788085938 -0.0177726745605469
0.0141868591308594 -0.0428352355957031 -0.0165414810180664 -0.00753974914550782
0.02130126953125 -0.0415496826171875 -0.0261325836181641 -0.00810623168945313
0.0340595245361328 -0.0293197631835938 -0.0331764221191406 -0.00696372985839844
0.0390396118164063 -0.0187225341796875 -0.0304679870605469 -0.0140933990478516
0.0427703857421875 0.003753662109375 -0.0279331207275391 -0.0175895690917969
0.0451736450195312 0.0139198303222656 -0.0289478302001953 -0.01312255859375
0.0455322265625 0.0202140808105469 -0.0193500518798828 -0.00139236450195312
0.0452499389648437 0.04718017578125 0.0124778747558594 -0.0288314819335937
0.0445518493652344 0.03729248046875 0.0211429595947266 0.00693321228027344
0.0509262084960937 0.0319328308105469 0.0283241271972656 0.0163650512695313
0.0554885864257813 0.009368896484375 0.0368003845214844 0.0058135986328125
0.0479583740234375 -0.0105934143066406 0.0290184020996094 -0.00334548950195313
0.0372810363769531 -0.0337333679199219 0.0182056427001953 -0.0156536102294922
0.01983642578125 -0.0441055297851563 0.00478076934814453 -0.0128879547119141
0.015045166015625 -0.0432968139648438 -0.00631284713745117 -0.00163698196411133
0.01312255859375 -0.0477333068847656 -0.0166025161743164 0.00823688507080077
0.0197639465332031 -0.0468063354492188 -0.0280609130859375 0.00658035278320312
0.034393310546875 -0.035675048828125 -0.0341472625732422 0.00563621520996094
0.0434417724609375 -0.0250663757324219 -0.0312976837158203 -0.00465011596679688
0.0521774291992188 0.00350570678710937 -0.0262527465820313 -0.0108623504638672
0.0539512634277344 0.019378662109375 -0.0172786712646484 -0.00950431823730468
0.0512847900390625 0.0282554626464844 -0.00440788269042968 0.0102519989013672
0.0416030883789063 0.0489654541015625 0.0273971557617188 -0.0156936645507813
0.0454139709472656 0.04302978515625 0.0315666198730469 0.0158195495605469
0.0549468994140625 0.0357437133789063 0.0280418395996094 0.0209732055664063
0.0583534240722656 0.00871658325195313 0.0301036834716797 0.0133743286132812
0.0487289428710937 -0.0129661560058594 0.0214214324951172 0.00806617736816406
0.0349998474121094 -0.0349349975585938 0.0116443634033203 0.00036811828613281
0.0174064636230469 -0.04241943359375 0.00207233428955078 0.00489950180053711
0.0127906799316406 -0.0408744812011719 -0.00635433197021484 0.0150890350341797
0.0106697082519531 -0.0454483032226563 -0.0163669586181641 0.0250129699707031
0.01641845703125 -0.0456161499023438 -0.0292510986328125 0.0222549438476563
0.0326156616210938 -0.035400390625 -0.0349903106689453 0.0169277191162109
0.0429916381835938 -0.0260353088378906 -0.0301837921142578 0.00252723693847657
0.0537300109863281 0.00432968139648438 -0.0221328735351562 -0.00545310974121094
0.0547103881835937 0.0237922668457031 -0.00398683547973632 -0.00212001800537109
0.0490951538085938 0.0326728820800781 0.0112876892089844 0.0245170593261719
0.0310249328613281 0.0437278747558594 0.0407066345214844 -0.00258636474609375
0.037353515625 0.0404701232910156 0.0403366088867187 0.0221519470214844
0.0477142333984375 0.0321083068847656 0.0268039703369141 0.0225086212158203
0.0506782531738281 0.00638580322265625 0.021820068359375 0.0197505950927734
0.0397834777832031 -0.012786865234375 0.0135383605957031 0.0187549591064453
0.0254154205322266 -0.0307712554931641 0.00717830657958985 0.0160408020019531
0.0115718841552734 -0.0340557098388672 0.00164031982421875 0.0214309692382812
0.00924301147460937 -0.0326957702636719 -0.00549697875976563 0.0295639038085937
0.00706863403320313 -0.0366630554199219 -0.0152702331542969 0.0378761291503906
0.0114212036132813 -0.037567138671875 -0.0294132232666016 0.0333805084228516
0.0262889862060547 -0.0305500030517578 -0.0337181091308594 0.0252227783203125
0.0374603271484375 -0.0229644775390625 -0.0290050506591797 0.00899696350097656
0.0487861633300781 0.00643157958984375 -0.0179100036621094 -0.000961303710937503
0.0473213195800781 0.0253410339355469 0.00637102127075196 0.00430631637573242
0.0393295288085938 0.0327987670898438 0.0230751037597656 0.0387306213378906
0.0150890350341797 0.0325756072998047 0.0477638244628906 0.00537872314453125
0.0238037109375 0.0321025848388672 0.0441703796386719 0.0249786376953125
0.0345687866210937 0.0227813720703125 0.02490234375 0.0223941802978516
0.0340576171875 0.00177764892578125 0.0167255401611328 0.0250091552734375
0.0232620239257813 -0.0114841461181641 0.0104427337646484 0.0259857177734375
0.0114994049072266 -0.0203475952148438 0.00611495971679688 0.0268383026123047
0.00424385070800781 -0.019195556640625 0.00305747985839844 0.0320072174072266
0.00371551513671875 -0.0194644927978516 -0.00375747680664062 0.0391159057617188
0.00184440612792969 -0.0226345062255859 -0.0148811340332031 0.0469017028808594
0.00486564636230469 -0.0255718231201172 -0.0307884216308594 0.0417976379394531
0.0169219970703125 -0.0231304168701172 -0.0345897674560547 0.0298099517822266
0.0275135040283203 -0.0181407928466797 -0.0278682708740234 0.0130481719970703
0.03778076171875 0.00593185424804688 -0.014796257019043 0.00268745422363281
0.0341033935546875 0.0227222442626953 0.013422966003418 0.0116920471191406
0.0246849060058594 0.0270442962646484 0.0296783447265625 0.0522880554199219
-0.00476551055908203 -0.00934886932373047 -0.0368194580078125 -0.0543136596679688
-0.0203628540039062 -0.0109348297119141 -0.0166196823120117 -0.014155387878418
-0.0197086334228516 0.00214195251464843 0.0171403884887695 -0.00152301788330078
-0.0127782821655273 0.0125751495361328 0.0342082977294922 -0.0159988403320313
-0.00367259979248047 0.0145606994628906 0.0366363525390625 -0.0327682495117188
0.00351428985595703 0.0104331970214844 0.0286521911621094 -0.0543746948242187
0.00338435173034668 0.00339937210083008 0.0103416442871094 -0.0570182800292969
0.00185060501098633 0.00276851654052734 -0.00168228149414062 -0.0457000732421875
0.00275683403015137 0.00308847427368164 -0.00931549072265625 -0.0382919311523438
0.00103044509887695 0.00423955917358398 -0.01251220703125 -0.0353279113769531
-0.00502824783325195 0.00444984436035156 -0.0174674987792969 -0.0311317443847656
-0.0117425918579102 0.00180339813232422 -0.0183849334716797 -0.0285663604736328
-0.012629508972168 -0.0132541656494141 -0.0252857208251953 -0.030914306640625
-0.00779342651367188 -0.0234260559082031 -0.0488166809082031 -0.0262565612792969
4.95910644531234E-05 -0.0189552307128906 -0.0493354797363281 -0.0159797668457031
0.0146932601928711 0.00593090057373047 -0.032867431640625 -0.0574607849121094
-0.000835239887237549 -0.000875532627105713 -0.0116357803344727 -0.0154294967651367
-0.00129938125610352 0.00786352157592773 0.0195655822753906 -0.000936508178710937
0.00523948669433594 0.0105276107788086 0.0377693176269531 -0.0149803161621094
0.011866569519043 0.00743198394775391 0.0392532348632813 -0.0313339233398437
0.0145654678344727 -0.00425910949707031 0.0287132263183594 -0.0536079406738281
0.00912857055664062 -0.0150175094604492 0.00885391235351562 -0.0554084777832031
0.00720596313476562 -0.0150699615478516 -0.0039215087890625 -0.0424766540527344
0.00911426544189453 -0.0164623260498047 -0.0129070281982422 -0.0336093902587891
0.0132541656494141 -0.0145988464355469 -0.0188465118408203 -0.0321750640869141
0.0142059326171875 -0.00671577453613281 -0.0247879028320313 -0.0279674530029297
0.01055908203125 -0.00193119049072266 -0.0228862762451172 -0.0278434753417969
0.00751733779907227 -0.00291347503662109 -0.0267105102539063 -0.0283660888671875
0.0113649368286133 -0.00781059265136719 -0.0468826293945312 -0.0217971801757813
0.0180778503417969 -0.00473213195800781 -0.0447959899902344 -0.0152130126953125
0.0311737060546875 0.022491455078125 -0.0239677429199219 -0.05352783203125
0.0191173553466797 0.0136013031005859 -0.00291347503662109 -0.011408805847168
0.0202255249023438 0.0166530609130859 0.023956298828125 0.00387191772460938
0.0258464813232422 0.0102729797363281 0.0419845581054688 -0.0111503601074219
0.0287551879882812 -0.0003662109375 0.0400047302246094 -0.0272941589355469
0.0258369445800781 -0.0191802978515625 0.0265007019042969 -0.0472640991210937
0.0140304565429688 -0.0313014984130859 0.00706100463867188 -0.0470199584960938
0.0115718841552734 -0.0307979583740234 -0.00666046142578125 -0.0323715209960938
0.0122737884521484 -0.0339870452880859 -0.0161151885986328 -0.0220184326171875
0.0194435119628906 -0.0327262878417969 -0.0243606567382813 -0.0210132598876953
0.0282993316650391 -0.0213050842285156 -0.0319404602050781 -0.0181732177734375
0.0298404693603516 -0.0110874176025391 -0.0293846130371094 -0.0223464965820313
0.0283832550048828 0.0023040771484375 -0.0286369323730469 -0.0241165161132812
0.03143310546875 0.0054473876953125 -0.0399742126464844 -0.0168724060058594
0.0350112915039063 0.00895309448242188 -0.0344715118408203 -0.00939750671386718
0.0453109741210938 0.0381240844726562 -0.00697708129882812 -0.0451927185058594
0.0379447937011719 0.02593994140625 0.00901126861572266 -0.00321483612060547
0.0412406921386719 0.0237617492675781 0.0283908843994141 0.00978469848632813
0.0446662902832031 0.00754928588867188 0.0420417785644531 -0.00426483154296875
0.0409698486328125 -0.00819015502929688 0.0373077392578125 -0.01702880859375
0.0338649749755859 -0.0303459167480469 0.0242691040039063 -0.0342197418212891
0.0174789428710938 -0.0424880981445313 0.00602149963378906 -0.0324897766113281
0.0132713317871094 -0.040924072265625 -0.00745773315429688 -0.0180320739746094
0.0128135681152344 -0.0461349487304688 -0.0177230834960938 -0.00677108764648438
0.0201835632324219 -0.044403076171875 -0.0283927917480469 -0.00725746154785156
0.0336894989013672 -0.0324134826660156 -0.0358123779296875 -0.00576400756835938
0.040283203125 -0.0218391418457031 -0.0325508117675781 -0.0135574340820312
0.0456771850585938 0.00169754028320313 -0.0297203063964844 -0.0171432495117187
0.0485076904296875 0.0124969482421875 -0.0313205718994141 -0.0122184753417969
0.0491180419921875 0.0193443298339844 -0.0210857391357422 -0.000486373901367184
0.05010986328125 0.0475654602050781 0.0121803283691406 -0.0312118530273438
0.0483322143554687 0.0372047424316406 0.0223484039306641 0.00647163391113282
0.0561676025390625 0.0312881469726563 0.03076171875 0.0163803100585938
0.0585517883300781 0.00653076171875 0.03863525390625 0.00472259521484375
0.0496711730957031 -0.0135116577148438 0.0305347442626953 -0.0042877197265625
0.0371971130371094 -0.0376434326171875 0.0188369750976563 -0.0163993835449219
0.018096923828125 -0.0474700927734375 0.00451946258544922 -0.013427734375
0.0131568908691406 -0.0460624694824219 -0.00683689117431641 -0.00127935409545899
0.0111541748046875 -0.0510749816894531 -0.0168581008911133 0.0101318359375
0.0180740356445313 -0.0504074096679688 -0.0291099548339844 0.0082244873046875
0.0344047546386719 -0.0391349792480469 -0.0357475280761719 0.00735092163085937
0.0443382263183594 -0.0290107727050781 -0.0331363677978516 -0.00318908691406249
0.0553817749023438 0.00105667114257813 -0.027679443359375 -0.0106925964355469
0.0580520629882813 0.0177955627441406 -0.0187053680419922 -0.00879287719726562
0.0558090209960938 0.0278053283691406 -0.00407695770263672 0.011469841003418
0.0464744567871094 0.05035400390625 0.0277919769287109 -0.0180263519287109
0.0494918823242188 0.042938232421875 0.0338344573974609 0.0149116516113281
0.0599174499511719 0.0351829528808594 0.0298290252685547 0.0207576751708984
0.0621147155761719 0.00616836547851563 0.0320415496826172 0.0135688781738281
0.0502777099609375 -0.0155792236328125 0.0233306884765625 0.007965087890625
0.035003662109375 -0.0384254455566406 0.0125961303710938 0.000243186950683591
0.0156173706054688 -0.0455703735351563 0.00233173370361328 0.00524139404296875
0.0115165710449219 -0.0438308715820312 -0.00606441497802734 0.0161943435668945
0.00888442993164062 -0.0481948852539063 -0.0157794952392578 0.0273017883300781
0.0143470764160156 -0.0484657287597656 -0.0298633575439453 0.0246829986572266
0.0318794250488281 -0.0393218994140625 -0.0353431701660156 0.0197181701660156
0.044189453125 -0.0299110412597656 -0.0313682556152344 0.00438117980957032
0.0573654174804688 0.00182723999023438 -0.0229129791259766 -0.00541114807128907
0.0588340759277344 0.0218238830566406 -0.0043346881866455 -0.00230550765991211
0.0533943176269531 0.0322532653808594 0.0123424530029297 0.0251426696777344
0.0344161987304687 0.0450172424316406 0.0424842834472656 -0.00456619262695312
0.04046630859375 0.0410575866699219 0.0430183410644531 0.0216064453125
0.0528640747070313 0.0321540832519531 0.0288200378417969 0.0225296020507813
0.0538139343261719 0.0042877197265625 0.0239696502685547 0.0203132629394531
0.0405693054199219 -0.015716552734375 0.0151996612548828 0.0193710327148438
0.0258884429931641 -0.0326824188232422 0.00920867919921875 0.017369270324707
0.0106124877929688 -0.0359153747558594 0.00303268432617187 0.0223464965820312
0.00765609741210938 -0.0351238250732422 -0.00417900085449218 0.0310039520263672
0.00568771362304687 -0.0386543273925781 -0.0139846801757813 0.04058837890625
0.0100173950195313 -0.0399932861328125 -0.0297279357910156 0.0362701416015625
0.0262584686279297 -0.0335731506347656 -0.0338954925537109 0.0281715393066406
0.0381622314453125 -0.0262260437011719 -0.0295753479003906 0.0107517242431641
0.0519142150878906 0.00429153442382813 -0.0182743072509766 5.72204589843749E-05
0.0511283874511719 0.0234603881835938 0.00713253021240235 0.00394296646118164
0.0433273315429688 0.0325927734375 0.025665283203125 0.0398368835449219
0.0174541473388672 0.0343246459960938 0.0500984191894531 0.00353240966796875
0.0261745452880859 0.0327281951904297 0.0473709106445313 0.0242118835449219
0.0380020141601563 0.022369384765625 0.0267391204833984 0.0223197937011719
0.03643798828125 8.7738037109375E-05 0.0186405181884766 0.0259895324707031
0.0234909057617188 -0.0130119323730469 0.0122585296630859 0.0269889831542969
0.0112533569335937 -0.0216560363769531 0.00866317749023438 0.0280342102050781
0.00320816040039062 -0.0199527740478516 0.00503730773925781 0.0337314605712891
0.00283050537109375 -0.0205459594726563 -0.00181198120117187 0.0411605834960938
0.000984191894531251 -0.0240211486816406 -0.0130767822265625 0.0501441955566406
0.00350570678710937 -0.0269336700439453 -0.0301856994628906 0.0453376770019531
0.0163383483886719 -0.0251140594482422 -0.03472900390625 0.0335254669189453
0.028045654296875 -0.0208797454833984 -0.0286960601806641 0.015045166015625
0.0407981872558594 0.00487899780273438 -0.0150957107543945 0.00357341766357422
0.0370826721191406 0.0220260620117187 0.0143461227416992 0.0115175247192383
0.0274124145507813 0.0275650024414063 0.0336036682128906 0.0533294677734375
-0.00548744201660156 -0.00890350341796875 -0.0408172607421875 -0.0528450012207031
-0.0209598541259766 -0.00944328308105469 -0.0174579620361328 -0.012660026550293
-0.0203323364257813 0.00341796875 0.0173501968383789 -0.00273418426513672
-0.0125570297241211 0.0135049819946289 0.0342788696289063 -0.0180015563964844
-0.00241565704345703 0.0155649185180664 0.0350685119628906 -0.03546142578125
0.00415802001953125 0.0105915069580078 0.0253028869628906 -0.0567855834960937
0.00383234024047852 0.00324392318725586 0.00623703002929687 -0.0592498779296875
0.00192022323608398 0.00270366668701172 -0.00458145141601562 -0.0465774536132813
0.00249052047729492 0.00287222862243652 -0.0127944946289063 -0.0384712219238281
0.0014803409576416 0.0037996768951416 -0.0154266357421875 -0.0350551605224609
-0.00500249862670898 0.00498199462890625 -0.0202274322509766 -0.0307369232177734
-0.0114984512329102 0.00243663787841797 -0.0205783843994141 -0.0280342102050781
-0.0139102935791016 -0.0128822326660156 -0.0279273986816406 -0.030426025390625
-0.00965118408203125 -0.0234317779541016 -0.051727294921875 -0.0234031677246094
-0.00101280212402344 -0.0193557739257813 -0.0519523620605469 -0.01324462890625
0.0161056518554688 0.00498771667480469 -0.0372238159179688 -0.0567512512207031
-0.00102972984313965 -0.000902712345123291 -0.0126399993896484 -0.0145721435546875
-0.000533103942871093 0.00804758071899414 0.0203628540039063 -0.00239753723144531
0.00610256195068359 0.0105657577514648 0.037445068359375 -0.0173835754394531
0.0129728317260742 0.00700569152832031 0.0377960205078125 -0.0338478088378906
0.0148897171020508 -0.00541400909423828 0.0257034301757813 -0.0559272766113281
0.00845146179199219 -0.0160760879516602 0.00557708740234375 -0.0572738647460938
0.00651454925537109 -0.0157060623168945 -0.00704574584960937 -0.0432624816894531
0.00758171081542969 -0.017822265625 -0.0160694122314453 -0.03375244140625
0.0120506286621094 -0.0154552459716797 -0.0216789245605469 -0.0311679840087891
0.0141506195068359 -0.00762653350830078 -0.0273094177246094 -0.026885986328125
0.0105218887329102 -0.00272655487060547 -0.0251197814941406 -0.0268287658691406
0.00787544250488281 -0.00394487380981445 -0.0289154052734375 -0.0272445678710937
0.0108528137207031 -0.00879192352294922 -0.0492668151855469 -0.01904296875
0.0187816619873047 -0.00598716735839844 -0.0470466613769531 -0.0120964050292969
0.0341300964355469 0.0210971832275391 -0.0281257629394531 -0.0535392761230469
0.0202980041503906 0.0126705169677734 -0.0039520263671875 -0.0113315582275391
0.0222301483154297 0.0154743194580078 0.0248470306396484 0.00219345092773438
0.0275516510009766 0.00844383239746094 0.041656494140625 -0.0136222839355469
0.0291481018066406 -0.00228118896484375 0.0391159057617187 -0.0295677185058594
0.0253276824951172 -0.0209274291992188 0.0238151550292969 -0.0493583679199219
0.0123176574707031 -0.0333118438720703 0.0039825439453125 -0.0480461120605469
0.00919342041015625 -0.031982421875 -0.00849151611328125 -0.0325946807861328
0.00998306274414063 -0.0358314514160156 -0.0183162689208984 -0.0210323333740234
0.0172080993652344 -0.0347709655761719 -0.0266265869140625 -0.0196056365966797
0.0272140502929688 -0.0233478546142578 -0.0341892242431641 -0.0157985687255859
0.0298671722412109 -0.0136680603027344 -0.0313320159912109 -0.0211734771728516
0.0298118591308594 -3.814697265625E-05 -0.0304203033447266 -0.0231437683105469
0.0328102111816406 0.00344467163085938 -0.0415191650390625 -0.0145835876464844
0.0363502502441406 0.00739288330078125 -0.0364265441894531 -0.00758743286132813
0.0487480163574219 0.0360069274902344 -0.00988769531249999 -0.0458488464355469
0.0400619506835938 0.0238723754882813 0.00899505615234375 -0.00418567657470703
0.0443992614746094 0.0212593078613281 0.0296382904052734 0.00848388671875
0.0461845397949219 0.004791259765625 0.0429496765136719 -0.00669479370117187
0.0413970947265625 -0.0104255676269531 0.0369224548339844 -0.0186119079589844
0.0327587127685547 -0.0330715179443359 0.0226173400878906 -0.03582763671875
0.0145416259765625 -0.0446739196777344 0.00365447998046875 -0.0333423614501953
0.0103378295898437 -0.0428848266601563 -0.00857353210449219 -0.0177268981933594
0.00933456420898438 -0.0477371215820313 -0.0183982849121094 -0.00568199157714844
0.0169258117675781 -0.0466232299804687 -0.0300674438476563 -0.00548362731933594
0.0322418212890625 -0.0360794067382813 -0.0369873046875 -0.00383377075195313
0.0389328002929688 -0.0252571105957031 -0.0340423583984375 -0.011810302734375
0.0469245910644531 -0.00189971923828125 -0.0307884216308594 -0.0154895782470703
0.0508308410644531 0.009735107421875 -0.0325927734375 -0.0108451843261719
0.0514678955078125 0.01690673828125 -0.0215721130371094 0.00103378295898437
0.0548133850097656 0.0457839965820313 0.0106372833251953 -0.0326023101806641
0.0517654418945312 0.0345611572265625 0.0234470367431641 0.00499725341796875
0.0598602294921875 0.0280570983886719 0.0320625305175781 0.0150966644287109
0.0602226257324219 0.0027008056640625 0.0394325256347656 0.00265121459960938
0.0498123168945313 -0.01708984375 0.0312385559082031 -0.00545310974121094
0.0352821350097656 -0.0409431457519531 0.0184497833251953 -0.0175361633300781
0.0148582458496094 -0.0497512817382813 0.003631591796875 -0.0138416290283203
0.0101127624511719 -0.0475082397460937 -0.00724411010742187 -0.000458240509033206
0.00743865966796874 -0.0526123046875 -0.0165195465087891 0.011622428894043
0.0146713256835937 -0.0525245666503906 -0.0296440124511719 0.0107879638671875
0.0321197509765625 -0.0425529479980469 -0.0360946655273438 0.0100936889648437
0.043792724609375 -0.0331764221191406 -0.0338592529296875 -0.00116920471191406
0.0573310852050781 -0.00264358520507812 -0.0287132263183594 -0.00892257690429688
0.0611419677734375 0.0145492553710937 -0.0194168090820312 -0.00794792175292969
0.0589408874511719 0.025115966796875 -0.00401687622070312 0.011530876159668
0.0511436462402344 0.0487594604492188 0.0278606414794922 -0.0197219848632812
0.0530052185058594 0.0408210754394531 0.0354347229003906 0.0129966735839844
0.0641975402832031 0.0314559936523438 0.0318717956542969 0.0195789337158203
0.0644645690917969 0.00216293334960938 0.0332393646240234 0.0119724273681641
0.0505561828613281 -0.0196113586425781 0.0245742797851563 0.00679397583007812
0.0328292846679688 -0.0415077209472656 0.0137186050415039 -0.000137329101562503
0.0125350952148437 -0.047454833984375 0.00322628021240234 0.0054631233215332
0.00848770141601563 -0.0448112487792969 -0.00522136688232422 0.0172176361083984
0.00528717041015625 -0.0498809814453125 -0.01409912109375 0.0293254852294922
0.0112266540527344 -0.0508003234863281 -0.029022216796875 0.0272960662841797
0.0298309326171875 -0.0424232482910156 -0.0348281860351563 0.0225753784179687
0.0430641174316406 -0.0338592529296875 -0.0317802429199219 0.00695610046386719
0.0591278076171875 -0.00195693969726563 -0.0232372283935547 -0.00383567810058594
0.0615043640136719 0.0186958312988281 -0.00443792343139648 -0.00246143341064453
0.0562744140625 0.0294227600097656 0.0143375396728516 0.0250205993652344
0.0383224487304688 0.0440635681152344 0.0433082580566406 -0.00741195678710937
0.0439033508300781 0.03924560546875 0.0448532104492188 0.0191993713378906
0.0567131042480469 0.029388427734375 0.0306072235107422 0.0214385986328125
0.0557136535644531 0.000713348388671875 0.0258884429931641 0.0197219848632813
0.0403633117675781 -0.0188941955566406 0.0169200897216797 0.0192489624023438
0.0235671997070313 -0.0352821350097656 0.0108327865600586 0.0165033340454102
0.00795364379882813 -0.0372428894042969 0.00464820861816406 0.0226783752441406
0.00550079345703125 -0.0361442565917969 -0.00197410583496094 0.0321159362792969
0.00247955322265625 -0.039794921875 -0.01165771484375 0.0427017211914063
0.00757980346679687 -0.0412750244140625 -0.0276260375976562 0.0387611389160156
0.0239715576171875 -0.0364952087402344 -0.0325565338134766 0.0311908721923828
0.037384033203125 -0.0299453735351563 -0.0292873382568359 0.0131511688232422
0.0536384582519531 0.000667572021484375 -0.0185737609863281 0.000995635986328127
0.0537948608398437 0.0215072631835938 0.00734233856201172 0.00300312042236328
0.0464401245117188 0.0304183959960938 0.0282554626464844 0.03900146484375
0.0200977325439453 0.0339393615722656 0.0516357421875 0.000919342041015627
0.0286235809326172 0.0316104888916016 0.0496444702148438 0.0213203430175781
0.0404815673828125 0.0204658508300781 0.0286788940429688 0.0215492248535156
0.0373420715332031 -0.002349853515625 0.020477294921875 0.0256404876708984
0.0232505798339844 -0.0147380828857422 0.0144290924072266 0.0274562835693359
0.0100727081298828 -0.0224151611328125 0.0116119384765625 0.02783203125
0.00238037109375 -0.0208015441894531 0.00752639770507813 0.0338687896728516
0.001190185546875 -0.0210208892822266 0.000640869140624999 0.041778564453125
-0.00105857849121094 -0.0243625640869141 -0.00970840454101563 0.0522270202636719
0.00154495239257812 -0.0279541015625 -0.0277824401855469 0.04840087890625
0.0147018432617187 -0.0268020629882813 -0.0329132080078125 0.0364646911621094
0.0269832611083984 -0.0232906341552734 -0.0281791687011719 0.0173492431640625
0.0421981811523438 0.00177383422851562 -0.0152473449707031 0.00437545776367187
0.0392799377441406 0.0201683044433594 0.0152931213378906 0.0102930068969727
0.0293865203857422 0.0264511108398438 0.0375938415527344 0.0525169372558594
-0.00527048110961914 -0.00836515426635742 -0.0432777404785156 -0.0505256652832031
-0.0217418670654297 -0.00837516784667969 -0.0179710388183594 -0.0113391876220703
-0.0200901031494141 0.0042724609375 0.0170354843139648 -0.00345420837402344
-0.011195182800293 0.0141839981079102 0.0322761535644531 -0.0189876556396484
-0.00104141235351562 0.0152921676635742 0.0328178405761719 -0.0362510681152344
0.00517463684082031 0.0102682113647461 0.0211448669433594 -0.0570144653320312
0.00429320335388184 0.00308084487915039 0.00289154052734375 -0.0584983825683594
0.00233030319213867 0.00254201889038086 -0.00732803344726562 -0.0457344055175781
0.00283622741699219 0.00254940986633301 -0.0150489807128906 -0.0367660522460938
0.00153899192810059 0.00436997413635254 -0.0181026458740234 -0.0335674285888672
-0.00428485870361328 0.00548458099365234 -0.0216484069824219 -0.0296516418457031
-0.0115766525268555 0.00304603576660156 -0.0219039916992188 -0.0271968841552734
-0.0146684646606445 -0.0120019912719727 -0.0287590026855469 -0.0282382965087891
-0.011138916015625 -0.0226364135742188 -0.0525169372558594 -0.0201187133789062
-0.0019683837890625 -0.0188827514648437 -0.0522613525390625 -0.00981903076171876
0.0163154602050781 0.00413799285888672 -0.03997802734375 -0.0543022155761719
-0.00147390365600586 -0.000455856323242187 -0.0129842758178711 -0.013763427734375
-0.000164508819580077 0.00763845443725586 0.0199661254882813 -0.003326416015625
0.00596904754638672 0.0100059509277344 0.0363502502441406 -0.0180015563964844
0.0131368637084961 0.00638675689697266 0.0352668762207031 -0.0349922180175781
0.0145483016967773 -0.00662994384765625 0.0216941833496094 -0.0561408996582031
0.00707912445068359 -0.0160465240478516 0.00164794921875 -0.0566139221191406
0.00575542449951172 -0.0159435272216797 -0.00957870483398437 -0.0419998168945312
0.00619316101074219 -0.0180339813232422 -0.0185203552246094 -0.031585693359375
0.011418342590332 -0.0163612365722656 -0.0238265991210938 -0.0291213989257813
0.0135078430175781 -0.00851631164550781 -0.0287704467773437 -0.0253028869628906
0.0113592147827148 -0.00347900390625 -0.0257682800292969 -0.0252456665039063
0.00733709335327149 -0.00421142578125 -0.0295448303222656 -0.0254764556884766
0.0102691650390625 -0.00908851623535156 -0.0504570007324219 -0.0162506103515625
0.0187931060791016 -0.00667572021484375 -0.0482025146484375 -0.00983428955078124
0.0348834991455078 0.0198936462402344 -0.0307350158691406 -0.0517616271972656
0.0203018188476563 0.0113029479980469 -0.00461196899414063 -0.0107030868530273
0.0226573944091797 0.0140361785888672 0.0250263214111328 0.00110244750976563
0.0273952484130859 0.00644111633300781 0.0406532287597656 -0.0155181884765625
0.0283985137939453 -0.00373077392578125 0.0367507934570313 -0.0310745239257813
0.0238227844238281 -0.0224933624267578 0.02105712890625 -0.0497360229492187
0.00990867614746094 -0.033721923828125 0.000751495361328125 -0.047454833984375
0.007293701171875 -0.0321693420410156 -0.0104942321777344 -0.030975341796875
0.0074005126953125 -0.0366477966308594 -0.0196151733398438 -0.0196571350097656
0.0151329040527344 -0.0356864929199219 -0.0283317565917969 -0.0176143646240234
0.025848388671875 -0.0254783630371094 -0.035064697265625 -0.01416015625
0.0286407470703125 -0.0151748657226563 -0.0318641662597656 -0.0191726684570312
0.0295562744140625 -0.00179672241210938 -0.0313014984130859 -0.0207462310791016
0.0326633453369141 0.00164031982421875 -0.0418167114257813 -0.0119667053222656
0.0364418029785156 0.00489425659179688 -0.0362892150878906 -0.00532150268554688
0.0508880615234375 0.0325889587402344 -0.0119056701660156 -0.0454788208007813
0.0405235290527344 0.0209541320800781 0.00844669342041016 -0.00493907928466797
0.0453872680664062 0.0187034606933594 0.0301151275634766 0.0069580078125
0.0461616516113281 0.00169754028320313 0.0417327880859375 -0.00832366943359375
0.0405616760253906 -0.0130348205566406 0.0353507995605469 -0.0204544067382813
0.0304698944091797 -0.0348949432373047 0.0206375122070313 -0.0359420776367188
0.0113677978515625 -0.0444488525390625 0.00207901000976563 -0.0330047607421875
0.00793075561523438 -0.04266357421875 -0.00957107543945312 -0.0167779922485352
0.00581741333007813 -0.0480003356933594 -0.0191459655761719 -0.00428390502929688
0.0136566162109375 -0.047332763671875 -0.0307731628417969 -0.00314712524414063
0.0293693542480469 -0.0376358032226563 -0.0371475219726563 -0.001617431640625
0.0372695922851563 -0.0274925231933594 -0.0342502593994141 -0.00963592529296874
0.0466461181640625 -0.00397872924804688 -0.0314311981201172 -0.0138130187988281
0.0508575439453125 0.00649261474609375 -0.0326728820800781 -0.00887870788574218
0.052032470703125 0.0141754150390625 -0.0216026306152344 0.00222969055175781
0.0569915771484375 0.0420112609863281 0.00836563110351563 -0.0328693389892578
0.0528068542480469 0.0310249328613281 0.0229473114013672 0.00384902954101563
0.061553955078125 0.0242156982421875 0.0327816009521484 0.0132846832275391
0.0602912902832031 -0.0012359619140625 0.0393447875976563 0.000713348388671875
0.0483055114746094 -0.0198554992675781 0.0306205749511719 -0.00677871704101563
0.0325469970703125 -0.0425567626953125 0.0180912017822266 -0.0183658599853516
0.01153564453125 -0.0501480102539063 0.00331783294677735 -0.0139865875244141
0.0066680908203125 -0.0471878051757813 -0.00732517242431641 0.000257015228271481
0.00379180908203125 -0.0524406433105469 -0.0160245895385742 0.0126361846923828
0.0108299255371094 -0.0523490905761719 -0.0293788909912109 0.0122032165527344
0.0289421081542969 -0.0444145202636719 -0.035400390625 0.0123252868652344
0.0412101745605469 -0.0357208251953125 -0.0336036682128906 0.000766754150390617
0.0568161010742187 -0.00658416748046875 -0.0286712646484375 -0.00750541687011718
0.0613784790039063 0.0107841491699219 -0.0197525024414062 -0.00685691833496094
0.0597686767578125 0.0215492248535156 -0.00366020202636718 0.0116662979125977
0.0534172058105469 0.0454673767089844 0.0260715484619141 -0.0209617614746094
0.0543098449707031 0.0374107360839844 0.0351448059082031 0.0108909606933594
0.0663833618164063 0.027435302734375 0.0327701568603516 0.0180130004882813
0.0643539428710938 -0.00182723999023437 0.0335197448730469 0.0106220245361328
0.04803466796875 -0.0223960876464844 0.0246944427490234 0.006256103515625
0.0299835205078125 -0.0430984497070313 0.0139274597167969 -5.62667846679714E-05
0.00936126708984375 -0.0471916198730469 0.00348234176635742 0.00487947463989257
0.00519943237304687 -0.0449790954589844 -0.00416183471679688 0.0177726745605469
0.0016632080078125 -0.0497360229492188 -0.0118198394775391 0.0299224853515625
0.00763320922851563 -0.050323486328125 -0.0268535614013672 0.0290203094482422
0.0266532897949219 -0.04412841796875 -0.0334968566894531 0.0244178771972656
0.039642333984375 -0.0363578796386719 -0.0313758850097656 0.008575439453125
0.0586280822753906 -0.0055999755859375 -0.0228385925292969 -0.00268745422363281
0.0623893737792969 0.0146942138671875 -0.00453615188598633 -0.00223255157470703
0.0577507019042969 0.0265350341796875 0.0150718688964844 0.0233898162841797
0.0403480529785156 0.0415306091308594 0.0421829223632812 -0.00972366333007812
0.0449142456054688 0.0360145568847656 0.0448570251464844 0.01611328125
0.0586891174316406 0.0255012512207031 0.0310001373291016 0.0195026397705078
0.05596923828125 -0.002410888671875 0.0261402130126953 0.0185050964355469
0.0387458801269531 -0.0210189819335937 0.0179996490478516 0.0183773040771484
0.0217094421386719 -0.036224365234375 0.0123558044433594 0.0167627334594727
0.0056915283203125 -0.0370903015136719 0.00634384155273438 0.022430419921875
0.00262451171875 -0.0353164672851563 2.13791312342381E-18 0.0322914123535156
4.95910644531222E-05 -0.0392417907714844 -0.0084381103515625 0.0426712036132813
0.00383758544921875 -0.0411109924316406 -0.0255813598632812 0.0404243469238281
0.0213546752929687 -0.0372352600097656 -0.0305042266845703 0.0328540802001953
0.0348052978515625 -0.0320682525634766 -0.027862548828125 0.0146369934082031
0.0538063049316406 -0.00249099731445313 -0.0176753997802734 0.00163078308105469
0.0547676086425781 0.0180244445800781 0.00746536254882813 0.00263118743896485
0.0473556518554688 0.0278587341308594 0.0298385620117188 0.037017822265625
0.0219535827636719 0.0330619812011719 0.05133056640625 -0.001861572265625
0.0296916961669922 0.0299606323242188 0.050018310546875 0.0182762145996094
0.0418586730957031 0.0179176330566406 0.0294723510742187 0.0199794769287109
0.0369071960449219 -0.00462722778320313 0.0211315155029297 0.0246410369873047
0.0214042663574219 -0.0160789489746094 0.0164566040039063 0.0263023376464844
0.00909996032714844 -0.0224342346191406 0.0132942199707031 0.0266208648681641
0.00107955932617187 -0.0204372406005859 0.00938034057617188 0.0329837799072266
9.15527343749984E-05 -0.020843505859375 0.00364303588867187 0.0413627624511719
-0.00224876403808594 -0.0239887237548828 -0.00639724731445313 0.052581787109375
0.000303268432617189 -0.0275459289550781 -0.0247268676757813 0.0496368408203125
0.0129413604736328 -0.0276870727539063 -0.0304794311523438 0.0385169982910156
0.0253658294677734 -0.0247554779052734 -0.0268363952636719 0.0188770294189453
0.0424118041992188 -0.000370025634765625 -0.0148715972900391 0.00471591949462891
0.0402069091796875 0.0177764892578125 0.0156536102294922 0.00887107849121094
0.0307445526123047 0.0241489410400391 0.0400733947753906 0.0498161315917969
-0.00515460968017578 -0.00757837295532227 -0.0433158874511719 -0.0486068725585938
-0.0210208892822266 -0.00730323791503907 -0.0172948837280273 -0.0107307434082031
-0.0198688507080078 0.004730224609375 0.0166912078857422 -0.00406074523925781
-0.0110445022583008 0.0139474868774414 0.031158447265625 -0.0193290710449219
-0.00074481964111328 0.0154609680175781 0.0310173034667969 -0.0356941223144531
0.00515556335449219 0.0100212097167969 0.019012451171875 -0.0558128356933594
0.00394296646118164 0.0028383731842041 0.000896453857421879 -0.0572547912597656
0.00234246253967285 0.00205516815185547 -0.00893783569335937 -0.0443916320800781
0.00304269790649414 0.00194668769836426 -0.0166435241699219 -0.0352020263671875
0.00155925750732422 0.00382256507873535 -0.0185947418212891 -0.0316753387451172
-0.00411701202392578 0.00579071044921875 -0.0223255157470703 -0.0285091400146484
-0.010838508605957 0.00312423706054687 -0.0224399566650391 -0.0265617370605469
-0.0146245956420898 -0.0113792419433594 -0.0288486480712891 -0.0272006988525391
-0.0120201110839844 -0.0217628479003906 -0.0519752502441406 -0.0183372497558594
-0.00213241577148437 -0.0180587768554688 -0.0518150329589844 -0.008087158203125
0.016718864440918 0.00392723083496094 -0.040130615234375 -0.0525169372558594
-0.00169813632965088 -0.000806570053100586 -0.0130681991577148 -0.0128288269042969
-0.000244140625 0.00765562057495117 0.0193881988525391 -0.00326347351074219
0.00611019134521484 0.00957107543945313 0.0346527099609375 -0.0189876556396484
0.0130043029785156 0.00599765777587891 0.0337543487548828 -0.0348796844482422
0.013676643371582 -0.00648307800292969 0.0200767517089844 -0.0548362731933594
0.00646877288818359 -0.0158319473266602 0.000110626220703121 -0.0554084777832031
0.00434017181396485 -0.0156517028808594 -0.0107536315917969 -0.0403213500976563
0.00587654113769531 -0.0181961059570313 -0.0188159942626953 -0.0300388336181641
0.0102863311767578 -0.016209602355957 -0.0248222351074219 -0.0272464752197266
0.0128421783447266 -0.00846004486083984 -0.0295257568359375 -0.0240077972412109
0.010228157043457 -0.00386238098144531 -0.0261783599853516 -0.0245590209960938
0.00695610046386719 -0.00442886352539062 -0.0297451019287109 -0.0246410369873047
0.0098562240600586 -0.00941848754882813 -0.0493011474609375 -0.0142745971679688
0.0175724029541016 -0.006622314453125 -0.0472488403320312 -0.0081634521484375
0.03558349609375 0.017913818359375 -0.031158447265625 -0.0503005981445313
0.0197925567626953 0.0102748870849609 -0.00506114959716797 -0.0104398727416992
0.0226860046386719 0.0123367309570313 0.0244884490966797 0.000629425048828126
0.0271778106689453 0.00615501403808594 0.0393333435058594 -0.0155181884765625
0.0279521942138672 -0.00455856323242188 0.0353050231933594 -0.0309600830078125
0.0226097106933594 -0.0229969024658203 0.0194053649902344 -0.0484809875488281
0.00860977172851563 -0.0333423614501953 -0.000431060791015621 -0.0458259582519531
0.00623130798339844 -0.0318031311035156 -0.0108413696289062 -0.0296649932861328
0.00543975830078125 -0.0359954833984375 -0.0195045471191406 -0.0180606842041016
0.0131950378417969 -0.0351390838623047 -0.0283851623535156 -0.0160293579101563
0.0238265991210938 -0.0256938934326172 -0.0348033905029297 -0.0126056671142578
0.0276069641113281 -0.0161247253417969 -0.0318450927734375 -0.0187740325927734
0.0293216705322266 -0.00247573852539063 -0.0309715270996094 -0.0201053619384766
0.0324325561523438 0.000522613525390625 -0.0411262512207031 -0.0105438232421875
0.0362396240234375 0.0051422119140625 -0.0360679626464844 -0.00487518310546876
0.0508842468261719 0.0308647155761719 -0.0130577087402344 -0.04400634765625
0.0398826599121094 0.0197601318359375 0.00791025161743164 -0.00499486923217773
0.0451736450195313 0.01690673828125 0.0294761657714844 0.0060882568359375
0.0451850891113281 0.0003509521484375 0.0405502319335938 -0.00857162475585938
0.03900146484375 -0.0140495300292969 0.0346145629882813 -0.0202579498291016
0.0282020568847656 -0.0356407165527344 0.0192146301269531 -0.0357170104980469
0.0102767944335937 -0.0440521240234375 0.00111961364746094 -0.0320262908935547
0.00618743896484375 -0.0423774719238281 -0.00983047485351563 -0.0156259536743164
0.00399398803710938 -0.0471267700195313 -0.0186023712158203 -0.00332450866699219
0.0118865966796875 -0.046630859375 -0.0297737121582031 -0.00213050842285157
0.0275001525878906 -0.0375556945800781 -0.036712646484375 -4.57763671875024E-05
0.0356826782226563 -0.0285911560058594 -0.0336837768554687 -0.00861740112304687
0.0457420349121094 -0.00567245483398438 -0.0301914215087891 -0.0131950378417969
0.0503196716308594 0.00487518310546875 -0.0316810607910156 -0.0077056884765625
0.0518112182617188 0.0131111145019531 -0.0216903686523438 0.00217819213867188
0.0569610595703125 0.0400810241699219 0.00743293762207032 -0.0324172973632813
0.0519676208496094 0.028533935546875 0.0223236083984375 0.00285720825195313
0.0611648559570313 0.021636962890625 0.0321636199951172 0.0120563507080078
0.0588150024414062 -0.00318145751953125 0.0382347106933594 0.000354766845703125
0.0462646484375 -0.0209388732910156 0.0297698974609375 -0.00667762756347656
0.0309906005859375 -0.0426750183105469 0.0175991058349609 -0.0176544189453125
0.009979248046875 -0.0487823486328125 0.00259971618652344 -0.0135889053344727
0.00515365600585937 -0.0463638305664063 -0.0068817138671875 0.000364303588867184
0.0016937255859375 -0.0515594482421875 -0.0153331756591797 0.0130996704101562
0.00829315185546876 -0.0522193908691406 -0.0283546447753906 0.0128707885742187
0.0266799926757812 -0.0445938110351562 -0.0343437194824219 0.0131378173828125
0.0388336181640625 -0.0362930297851563 -0.0326404571533203 0.00181007385253907
0.0555038452148438 -0.00815200805664063 -0.027587890625 -0.00676918029785157
0.0604515075683594 0.00870895385742188 -0.0193004608154297 -0.00663185119628906
0.0591888427734375 0.0202980041503906 -0.003936767578125 0.0108909606933594
0.0534324645996094 0.0433235168457031 0.0248527526855469 -0.0212154388427734
0.05340576171875 0.0351295471191406 0.0345191955566406 0.00989723205566406
0.0660972595214844 0.0250320434570313 0.0322036743164063 0.0170021057128906
0.0629310607910156 -0.00391387939453125 0.0325336456298828 0.009918212890625
0.0464286804199219 -0.023223876953125 0.0244789123535156 0.00583648681640625
0.0281486511230469 -0.0436019897460938 0.013920783996582 -0.000324249267578128
0.00788497924804688 -0.04693603515625 0.00370073318481445 0.00475788116455078
0.00335311889648437 -0.0439567565917969 -0.00356674194335937 0.0175485610961914
-0.000480651855468749 -0.0486297607421875 -0.0103702545166016 0.0291385650634766
0.00543594360351563 -0.0498046875 -0.0257949829101562 0.0294742584228516
0.0240440368652344 -0.04425048828125 -0.0316810607910156 0.0248394012451172
0.0379791259765625 -0.037139892578125 -0.0298843383789062 0.00902366638183594
0.0576248168945313 -0.00737762451171875 -0.0221691131591797 -0.00248336791992187
0.0618743896484375 0.0122222900390625 -0.00443124771118164 -0.00248050689697266
0.0573196411132812 0.0241127014160156 0.0147724151611328 0.0232009887695313
0.0411949157714844 0.0400962829589844 0.0407295227050781 -0.00979995727539062
0.0443840026855469 0.0343055725097656 0.04425048828125 0.0151443481445313
0.0583992004394531 0.0230636596679688 0.0307826995849609 0.0185718536376953
0.0543136596679687 -0.0045166015625 0.0261268615722656 0.0179042816162109
0.0372123718261719 -0.0214118957519531 0.0184593200683594 0.0178604125976562
0.0200881958007812 -0.0364036560058594 0.0125770568847656 0.0158023834228516
0.004425048828125 -0.0365447998046875 0.00641632080078125 0.0213680267333984
0.00156021118164063 -0.0341758728027344 0.000862121582031253 0.031280517578125
-0.001129150390625 -0.0389785766601562 -0.00674057006835938 0.0424575805664063
0.00262069702148437 -0.0406341552734375 -0.0237884521484375 0.03997802734375
0.0193367004394531 -0.0377578735351563 -0.0288276672363281 0.0326595306396484
0.0325336456298828 -0.0324954986572266 -0.0270614624023437 0.0156326293945313
0.0527191162109375 -0.0042266845703125 -0.0177516937255859 0.00195121765136719
0.0538253784179688 0.015411376953125 0.00741720199584961 0.00177288055419922
0.0469322204589844 0.0259208679199219 0.02996826171875 0.0352020263671875
0.0227680206298828 0.0319499969482422 0.0495681762695313 -0.00229263305664062
0.0290470123291016 0.0284461975097656 0.0490036010742188 0.0169563293457031
0.0419349670410156 0.0163497924804688 0.0286674499511719 0.0190830230712891
0.036773681640625 -0.00597763061523437 0.0212879180908203 0.0238990783691406
0.0208339691162109 -0.0162410736083984 0.0168552398681641 0.0256385803222656
0.00800514221191406 -0.0227336883544922 0.0141468048095703 0.0259914398193359
0.000305175781249999 -0.0201072692871094 0.0102729797363281 0.0318107604980469
-0.00104141235351562 -0.0200843811035156 0.00481796264648437 0.0403823852539063
-0.00317573547363281 -0.0235939025878906 -0.00448989868164063 0.0515365600585938
-0.00137519836425781 -0.0264663696289063 -0.0230445861816406 0.0493316650390625
0.0118961334228516 -0.0272274017333984 -0.0283164978027344 0.0383644104003906
0.0240821838378906 -0.0251197814941406 -0.0254440307617187 0.0192317962646484
0.0414085388183594 -0.00159454345703125 -0.0138645172119141 0.00514507293701172
0.0398521423339844 0.015960693359375 0.0155057907104492 0.00811767578125
0.0303173065185547 0.0233154296875 0.0398941040039063 0.0475540161132813
-0.00480127334594727 -0.0079183578491211 -0.0427131652832031 -0.0484275817871094
-0.0215873718261719 -0.00787925720214844 -0.0170497894287109 -0.0107135772705078
-0.0204944610595703 0.00436592102050782 0.016571044921875 -0.00416278839111328
-0.0112428665161133 0.0140800476074219 0.0306224822998047 -0.0188426971435547
-0.000575065612792968 0.0157060623168945 0.0305938720703125 -0.0352592468261719
0.00530338287353516 0.00963115692138672 0.0186843872070312 -0.0553932189941406
0.00390505790710449 0.00260543823242188 0.000434875488281254 -0.0565643310546875
0.00184869766235352 0.00225162506103516 -0.00878906250000001 -0.0440635681152344
0.00251889228820801 0.00171446800231934 -0.0165348052978516 -0.0346298217773437
0.00202846527099609 0.00358319282531738 -0.0188884735107422 -0.0310802459716797
-0.00438213348388672 0.00563955307006836 -0.0224018096923828 -0.0284442901611328
-0.0106868743896484 0.00286960601806641 -0.0218029022216797 -0.0268039703369141
-0.0145711898803711 -0.0115718841552734 -0.0284690856933594 -0.0277061462402344
-0.0118293762207031 -0.0214214324951172 -0.051727294921875 -0.0180816650390625
-0.00175189971923828 -0.0175685882568359 -0.0514030456542969 -0.00841522216796876
0.0169773101806641 0.00408649444580078 -0.0397071838378906 -0.0524215698242187
-0.00169873237609863 -0.000891566276550293 -0.0135536193847656 -0.0129518508911133
-0.000774383544921875 0.00734615325927734 0.0193843841552734 -0.00292015075683594
0.00636196136474609 0.00965690612792969 0.0341701507568359 -0.0182342529296875
0.0132808685302734 0.00542449951171875 0.0336093902587891 -0.0338172912597656
0.01373291015625 -0.00680446624755859 0.0200386047363281 -0.0541915893554688
0.00651645660400391 -0.0159616470336914 -7.62939453125423E-06 -0.054412841796875
0.00436210632324219 -0.0154638290405273 -0.0108528137207031 -0.0396499633789063
0.00500297546386719 -0.0183792114257813 -0.0195064544677734 -0.0293922424316406
0.00992488861083984 -0.0161724090576172 -0.0246524810791016 -0.0269298553466797
0.0124349594116211 -0.00861454010009766 -0.0289630889892578 -0.0238609313964844
0.0100364685058594 -0.00417232513427734 -0.0263290405273437 -0.0251827239990234
0.00746631622314453 -0.00433874130249023 -0.0289020538330078 -0.0246963500976563
0.00971889495849609 -0.00899219512939453 -0.04840087890625 -0.0143470764160156
0.0182037353515625 -0.00611686706542969 -0.0464401245117188 -0.00830078125000001
0.035369873046875 0.0179290771484375 -0.0309715270996094 -0.0495376586914063
0.0196647644042969 0.0101661682128906 -0.00438690185546875 -0.0103759765625
0.0224361419677734 0.0120220184326172 0.0239772796630859 0.000680923461914063
0.0265350341796875 0.00531578063964844 0.0385360717773438 -0.0157089233398438
0.0277194976806641 -0.00480842590332031 0.0354156494140625 -0.0298728942871094
0.0223789215087891 -0.0230827331542969 0.0189590454101563 -0.0473060607910156
0.00794029235839843 -0.0330677032470703 -0.000148773193359376 -0.0453414916992188
0.00552940368652344 -0.0314502716064453 -0.0108299255371094 -0.0291862487792969
0.00516510009765625 -0.0358619689941406 -0.0192852020263672 -0.0172843933105469
0.0129566192626953 -0.0349864959716797 -0.0285434722900391 -0.0156116485595703
0.0235366821289063 -0.0257320404052734 -0.0346755981445313 -0.0125160217285156
0.0274276733398437 -0.0163955688476562 -0.0314731597900391 -0.0180168151855469
0.0290489196777344 -0.00258064270019531 -0.0298995971679687 -0.0201416015625
0.0323600769042969 0.000905990600585937 -0.0404205322265625 -0.0105247497558594
0.0359840393066406 0.00489425659179688 -0.0358467102050781 -0.00551605224609375
0.0506515502929688 0.0306854248046875 -0.01214599609375 -0.0436363220214844
0.0390281677246094 0.0193748474121094 0.00735807418823243 -0.00513362884521484
0.0448799133300781 0.0157203674316406 0.0292110443115234 0.00637054443359375
0.0448074340820313 -0.000614166259765625 0.0402336120605469 -0.0086517333984375
0.0387649536132813 -0.0141754150390625 0.0343589782714844 -0.0195274353027344
0.0283203125 -0.0352249145507813 0.0193157196044922 -0.034942626953125
0.00896835327148438 -0.0437278747558594 0.00099945068359375 -0.0312862396240234
0.005706787109375 -0.0412406921386719 -0.00956535339355469 -0.0154409408569336
0.00377273559570313 -0.0464439392089844 -0.01812744140625 -0.00251197814941407
0.0107803344726563 -0.0465927124023438 -0.030548095703125 -0.00127029418945313
0.0266876220703125 -0.0378952026367188 -0.036285400390625 9.53674316406185E-05
0.0351486206054688 -0.0289039611816406 -0.0332908630371094 -0.00894355773925782
0.0456314086914062 -0.00647735595703125 -0.0296821594238281 -0.0136222839355469
0.0502281188964844 0.00489425659179687 -0.0316162109375 -0.00773239135742187
0.0514144897460937 0.013031005859375 -0.02142333984375 0.00249671936035156
0.0567703247070313 0.0399398803710938 0.00733375549316407 -0.0325145721435547
0.0513763427734375 0.0285224914550781 0.0215969085693359 0.00271224975585938
0.0612220764160156 0.0205307006835938 0.0317325592041016 0.0121803283691406
0.0585975646972656 -0.00402450561523438 0.0377731323242188 0.000949859619140625
0.0459365844726563 -0.020599365234375 0.0297126770019531 -0.00619125366210938
0.030303955078125 -0.04266357421875 0.0175294876098633 -0.0173044204711914
0.00945663452148438 -0.0488777160644531 0.00261497497558594 -0.013580322265625
0.00475311279296875 -0.0456047058105469 -0.0071711540222168 0.000569343566894528
0.00115585327148437 -0.0510940551757813 -0.0147571563720703 0.0129470825195312
0.0077972412109375 -0.0513992309570313 -0.0286045074462891 0.0133457183837891
0.0255928039550781 -0.0444679260253906 -0.0338516235351563 0.0131111145019531
0.0382080078125 -0.0368080139160156 -0.0323600769042969 0.0010986328125
0.0550765991210938 -0.0084228515625 -0.0270442962646484 -0.00751686096191407
0.06060791015625 0.00786972045898438 -0.0187454223632812 -0.00662612915039062
0.0586471557617188 0.0200271606445313 -0.00423526763916015 0.0112476348876953
0.0533676147460937 0.0430374145507812 0.02471923828125 -0.02117919921875
0.0527114868164062 0.0347671508789063 0.0336132049560547 0.00978660583496094
0.0662879943847656 0.0242462158203125 0.0317459106445313 0.0172233581542969
0.0624618530273438 -0.00528335571289063 0.0319652557373047 0.0103988647460937
0.0459480285644531 -0.023284912109375 0.0243854522705078 0.006622314453125
0.02764892578125 -0.0434913635253906 0.0145273208618164 -0.000536918640136721
0.00745773315429687 -0.0462150573730469 0.00398349761962891 0.00510597229003906
0.00329971313476563 -0.0436820983886719 -0.00331306457519531 0.0173673629760742
-0.000843048095703121 -0.0476531982421875 -0.0102806091308594 0.0294818878173828
0.00458526611328125 -0.0489921569824219 -0.0257205963134766 0.0292129516601562
0.0236473083496094 -0.0438499450683594 -0.0312690734863281 0.024932861328125
0.0371360778808594 -0.0376358032226563 -0.0297946929931641 0.0087127685546875
0.0573005676269531 -0.0077667236328125 -0.0215950012207031 -0.00293159484863282
0.0612945556640625 0.011749267578125 -0.00451374053955078 -0.00248289108276367
0.0565223693847656 0.0239982604980469 0.0145053863525391 0.0226840972900391
0.0406761169433594 0.0406570434570313 0.0406036376953125 -0.0093231201171875
0.044189453125 0.033966064453125 0.0433235168457031 0.0148773193359375
0.0580940246582031 0.0225486755371094 0.0298805236816406 0.0193119049072266
0.0541801452636719 -0.00531005859375 0.0253238677978516 0.0181312561035156
0.0364570617675781 -0.0212593078613281 0.0189075469970703 0.0182838439941406
0.0194435119628906 -0.03594970703125 0.0128097534179688 0.0156984329223633
0.00382232666015625 -0.0364418029785156 0.00662994384765625 0.0212821960449219
0.00163841247558594 -0.0337009429931641 0.000976562500000001 0.0305213928222656
-0.00169754028320313 -0.0386009216308594 -0.00608062744140625 0.0413818359375
0.001953125 -0.0404510498046875 -0.0230216979980469 0.0401802062988281
0.0186958312988281 -0.0374412536621094 -0.0286331176757812 0.0324878692626953
0.0323772430419922 -0.0328197479248047 -0.0264110565185547 0.0150985717773437
0.0523185729980469 -0.00411224365234375 -0.0168895721435547 0.00151634216308593
0.0538253784179688 0.0153045654296875 0.00694990158081055 0.00148296356201172
0.0461883544921875 0.0262336730957031 0.0290813446044922 0.0350284576416016
0.0224704742431641 0.0323123931884766 0.0493698120117188 -0.0016326904296875
0.0288372039794922 0.0289955139160156 0.0482177734375 0.016815185546875
0.041595458984375 0.0158843994140625 0.02801513671875 0.0194492340087891
0.0359115600585937 -0.00669479370117187 0.0212154388427734 0.0239486694335938
0.0204639434814453 -0.0161705017089844 0.0170440673828125 0.0255718231201172
0.00722122192382813 -0.0222988128662109 0.0141506195068359 0.02520751953125
0.000354766845703124 -0.0196094512939453 0.00967025756835937 0.0315265655517578
-0.00106239318847656 -0.0197467803955078 0.004638671875 0.0398330688476563
-0.00338935852050781 -0.0234603881835937 -0.00347518920898438 0.0501747131347656
-0.00179100036621094 -0.0261726379394531 -0.0224876403808594 0.0488166809082031
0.0108528137207031 -0.026947021484375 -0.0278396606445313 0.0377655029296875
0.0233726501464844 -0.0255031585693359 -0.0250911712646484 0.0188140869140625
0.0416069030761719 -0.00189208984375 -0.0139970779418945 0.00480937957763672
0.0392227172851563 0.0154228210449219 0.0147800445556641 0.00731754302978516
0.0298118591308594 0.0231723785400391 0.0392417907714844 0.0470771789550781
-0.00434446334838867 -0.00799322128295898 -0.0429801940917969 -0.0501060485839844
-0.0219631195068359 -0.00793838500976562 -0.0172300338745117 -0.011387825012207
-0.0211200714111328 0.00488662719726563 0.0170745849609375 -0.00392341613769531
-0.0116653442382812 0.0143337249755859 0.0314140319824219 -0.0188064575195313
-0.0003814697265625 0.0154457092285156 0.031402587890625 -0.0351238250732422
0.00533294677734375 0.00962257385253906 0.0192947387695312 -0.0547904968261719
0.00465250015258789 0.00276708602905273 0.000762939453125005 -0.0570487976074219
0.00177192687988281 0.00261402130126953 -0.00852203369140625 -0.0442047119140625
0.0023949146270752 0.00185894966125488 -0.0161666870117188 -0.0348415374755859
0.00202679634094238 0.00316166877746582 -0.0192108154296875 -0.0316295623779297
-0.00459194183349609 0.0059657096862793 -0.0228977203369141 -0.0293369293212891
-0.0114145278930664 0.00316238403320313 -0.0220699310302734 -0.0279006958007812
-0.015101432800293 -0.01214599609375 -0.02886962890625 -0.0283241271972656
-0.0122566223144531 -0.0218315124511719 -0.0525436401367188 -0.0186729431152344
-0.00146102905273438 -0.018035888671875 -0.0525169372558594 -0.00899505615234375
0.0172090530395508 0.00412654876708984 -0.0401077270507813 -0.0544471740722656
-0.00192916393280029 -0.000918984413146972 -0.0133686065673828 -0.0136289596557617
-0.000998973846435547 0.00724077224731445 0.0195446014404297 -0.00297927856445312
0.00643730163574219 0.00979709625244141 0.035430908203125 -0.0183067321777344
0.0137395858764648 0.00592708587646484 0.0344753265380859 -0.0338478088378906
0.01385498046875 -0.00748920440673828 0.0204315185546875 -0.0549888610839844
0.00658321380615234 -0.0165805816650391 0.000591278076171877 -0.0552024841308594
0.00461864471435547 -0.0151453018188477 -0.01068115234375 -0.0405921936035156
0.00487136840820312 -0.0188312530517578 -0.0191154479980469 -0.0292778015136719
0.0101690292358398 -0.0167045593261719 -0.0249385833740234 -0.0272960662841797
0.012944221496582 -0.00832366943359375 -0.0302009582519531 -0.0238056182861328
0.01031494140625 -0.00412559509277344 -0.0262851715087891 -0.0257167816162109
0.006988525390625 -0.00502204895019531 -0.0292644500732422 -0.0254669189453125
0.0103921890258789 -0.00925350189208984 -0.0490798950195313 -0.0144844055175781
0.0187568664550781 -0.00648117065429688 -0.0475692749023438 -0.0089874267578125
0.0357856750488281 0.0182304382324219 -0.0308265686035156 -0.0512275695800781
0.0195026397705078 0.0106124877929688 -0.00486183166503906 -0.0109014511108398
0.0225543975830078 0.0125198364257813 0.0246772766113281 0.00111198425292969
0.0272617340087891 0.00458908081054688 0.0393028259277344 -0.015411376953125
0.0279273986816406 -0.00456619262695312 0.0359230041503906 -0.0296821594238281
0.0221290588378906 -0.0240669250488281 0.0201873779296875 -0.0477218627929688
0.00837898254394531 -0.0331630706787109 -8.39233398437517E-05 -0.0459213256835938
0.00554275512695313 -0.0319671630859375 -0.0106658935546875 -0.0295143127441406
0.00521087646484375 -0.0365943908691406 -0.0190505981445313 -0.0174503326416016
0.0126495361328125 -0.03582763671875 -0.0289516448974609 -0.0154628753662109
0.0239601135253906 -0.0264015197753906 -0.0354804992675781 -0.0134925842285156
0.0277614593505859 -0.0168628692626953 -0.0319480895996094 -0.0196781158447266
0.0298023223876953 -0.00287818908691406 -0.0301876068115234 -0.021392822265625
0.0331077575683594 0.001068115234375 -0.0405502319335938 -0.0110054016113281
0.0370292663574219 0.00603866577148438 -0.0366363525390625 -0.00517654418945312
0.0519485473632813 0.0315361022949219 -0.0119552612304687 -0.0445022583007813
0.0392036437988281 0.0196075439453125 0.00743436813354493 -0.00497961044311523
0.0458831787109375 0.0157852172851563 0.0293292999267578 0.00661087036132813
0.0456314086914062 -0.000782012939453125 0.0402679443359375 -0.0075836181640625
0.03948974609375 -0.013916015625 0.0350189208984375 -0.0190925598144531
0.0286521911621094 -0.0362434387207031 0.0201778411865234 -0.0346889495849609
0.0098724365234375 -0.0442085266113281 0.00105667114257813 -0.0320968627929688
0.00588226318359375 -0.0420761108398438 -0.00989627838134766 -0.0157718658447266
0.00317764282226563 -0.047332763671875 -0.0185165405273438 -0.00304794311523438
0.01068115234375 -0.0470695495605469 -0.0312595367431641 -0.00116157531738281
0.0271263122558594 -0.0386161804199219 -0.0372581481933594 -1.90734863281191E-05
0.0354652404785156 -0.0293960571289062 -0.0335693359375 -0.00914573669433594
0.0465316772460938 -0.00617218017578125 -0.029571533203125 -0.0142841339111328
0.0511360168457031 0.00431442260742188 -0.0311641693115234 -0.00833320617675782
0.0525436401367188 0.0138778686523438 -0.0220470428466797 0.00193405151367188
0.0573234558105469 0.0414085388183594 0.00801658630371094 -0.0329666137695313
0.0514297485351563 0.0293922424316406 0.0215568542480469 0.00292015075683594
0.0623779296875 0.0207786560058594 0.0323715209960938 0.0130119323730469
0.0597419738769531 -0.00360107421875 0.03814697265625 0.00123977661132812
0.0468711853027344 -0.0205917358398438 0.0302505493164063 -0.00568771362304688
0.0306777954101562 -0.0440826416015625 0.0180835723876953 -0.0171756744384766
0.00892257690429688 -0.0495872497558594 0.00304126739501953 -0.0134115219116211
0.00504684448242188 -0.0462226867675781 -0.00708866119384766 0.000698089599609372
0.000812530517578122 -0.0516815185546875 -0.0151538848876953 0.012730598449707
0.00736236572265625 -0.0524978637695312 -0.0289363861083984 0.0136699676513672
0.0260658264160156 -0.0454483032226563 -0.0346546173095703 0.0126876831054688
0.0389747619628906 -0.0371475219726562 -0.0331249237060547 0.000951766967773431
0.0568199157714844 -0.00875091552734375 -0.0271186828613281 -0.00832366943359375
0.0613822937011719 0.00755691528320313 -0.0189895629882812 -0.00710296630859375
0.0595016479492188 0.0211372375488281 -0.00500679016113281 0.0115451812744141
0.0546493530273438 0.0442543029785156 0.0253524780273438 -0.0214366912841797
0.0528907775878906 0.0361595153808594 0.0337810516357422 0.0101337432861328
0.0677452087402344 0.0244712829589844 0.0315952301025391 0.0178050994873047
0.0637092590332031 -0.00544357299804688 0.0325336456298828 0.0110378265380859
0.0464973449707031 -0.0236587524414063 0.0245132446289063 0.0074005126953125
0.0281867980957031 -0.0443305969238281 0.0148248672485352 0.00023841857910156
0.00737380981445313 -0.0470161437988281 0.00396251678466797 0.00477933883666992
0.003448486328125 -0.0441513061523438 -0.00298023223876953 0.0170621871948242
-0.00123214721679688 -0.0489616394042969 -0.0105915069580078 0.0294399261474609
0.00452041625976563 -0.0494613647460938 -0.0270023345947266 0.0295562744140625
0.0235557556152344 -0.0447463989257813 -0.0316658020019531 0.0253086090087891
0.037689208984375 -0.0379486083984375 -0.0296077728271484 0.00898933410644531
0.0582962036132813 -0.00806808471679688 -0.0213584899902344 -0.00383758544921875
0.062347412109375 0.0120391845703125 -0.00483989715576172 -0.00283288955688476
0.0570716857910156 0.0252799987792969 0.0142345428466797 0.0234756469726563
0.0408554077148437 0.0412330627441406 0.0418586730957031 -0.00926971435546875
0.043853759765625 0.0357017517089844 0.0434951782226563 0.0152854919433594
0.0591964721679687 0.0231437683105469 0.0302219390869141 0.0201835632324219
0.0552444458007813 -0.005126953125 0.0256404876708984 0.0192852020263672
0.0374946594238281 -0.0216751098632812 0.0191993713378906 0.0188655853271484
0.0197868347167969 -0.0364303588867188 0.0133600234985352 0.0159425735473633
0.00431442260742188 -0.0367202758789063 0.00641632080078125 0.0215587615966797
0.00169563293457031 -0.0348930358886719 0.00077056884765625 0.0311374664306641
-0.00206375122070312 -0.0388641357421875 -0.00626373291015625 0.0414619445800781
0.00196075439453125 -0.0403633117675781 -0.0239067077636719 0.0401268005371094
0.0188560485839844 -0.038055419921875 -0.0289688110351563 0.0324916839599609
0.0328006744384766 -0.0332927703857422 -0.0267353057861328 0.0146121978759766
0.0538558959960938 -0.00470733642578125 -0.0169515609741211 0.00101280212402343
0.054656982421875 0.0148048400878906 0.0069122314453125 0.000897407531738282
0.0474319458007813 0.0271034240722656 0.0287132263183594 0.036529541015625
0.0229721069335938 0.0334110260009766 0.0503005981445313 -0.000617980957031248
0.0287513732910156 0.0293502807617187 0.0482635498046875 0.0177536010742188
0.0425987243652344 0.0161819458007813 0.0282707214355469 0.0205307006835938
0.036590576171875 -0.00681304931640625 0.0212001800537109 0.0254154205322266
0.0207443237304688 -0.0164165496826172 0.0171089172363281 0.0261745452880859
0.00753211975097656 -0.0228004455566406 0.0143680572509766 0.0254840850830078
0.000211715698242187 -0.0203056335449219 0.00964736938476562 0.0322761535644531
-0.000930786132812502 -0.0200614929199219 0.0044097900390625 0.0404701232910156
-0.00355148315429687 -0.0229415893554688 -0.00420379638671875 0.0507850646972656
-0.00207901000976562 -0.0265884399414063 -0.0235061645507813 0.0490531921386719
0.0112514495849609 -0.0280170440673828 -0.0280723571777344 0.0382041931152344
0.0237464904785156 -0.0260200500488281 -0.0252170562744141 0.0183963775634766
0.0420150756835938 -0.00223159790039063 -0.0141181945800781 0.00415706634521484
0.0396957397460938 0.0153884887695313 0.0148115158081055 0.00763893127441406
0.0302314758300781 0.0241241455078125 0.0385856628417969 0.0485572814941406
-0.00414037704467773 -0.00826311111450195 -0.0449142456054687 -0.0523109436035156
-0.02288818359375 -0.00823783874511719 -0.0184612274169922 -0.0120315551757812
-0.0221061706542969 0.00522994995117187 0.0174331665039062 -0.00420951843261719
-0.0116872787475586 0.0148849487304688 0.0320529937744141 -0.0195064544677734
-0.000180244445800782 0.0160369873046875 0.0322265625 -0.0365447998046875
0.00580215454101563 0.00991439819335938 0.0195884704589844 -0.0575637817382813
0.00487947463989258 0.0024113655090332 0.000114440917968747 -0.0587043762207031
0.00207877159118652 0.00236940383911133 -0.009613037109375 -0.0457191467285156
0.00243020057678223 0.00160694122314453 -0.0177421569824219 -0.0356407165527344
0.00223135948181152 0.00321745872497559 -0.0199871063232422 -0.0321826934814453
-0.00427961349487305 0.00625944137573242 -0.0243053436279297 -0.0302143096923828
-0.0116710662841797 0.00289535522460937 -0.0233058929443359 -0.0293426513671875
-0.0159778594970703 -0.0125455856323242 -0.0295486450195313 -0.0293254852294922
-0.0125389099121094 -0.0224342346191406 -0.0543098449707031 -0.0190582275390625
-0.00102043151855469 -0.0184097290039063 -0.054412841796875 -0.00947952270507813
0.0184135437011719 0.00399589538574219 -0.0413322448730469 -0.0557441711425781
-0.00208163261413574 -0.00126087665557861 -0.0139169692993164 -0.0138368606567383
-0.00106239318847656 0.00761938095092773 0.0202732086181641 -0.00388145446777344
0.00639629364013672 0.0104713439941406 0.0357742309570313 -0.018829345703125
0.0142307281494141 0.00570583343505859 0.0353279113769531 -0.0351028442382813
0.0144338607788086 -0.00792980194091797 0.0203895568847656 -0.0566368103027344
0.00607967376708984 -0.017359733581543 -8.01086425781292E-05 -0.0569992065429688
0.00395584106445313 -0.0160102844238281 -0.011383056640625 -0.0415611267089844
0.00508308410644531 -0.0196304321289062 -0.0203285217285156 -0.0297222137451172
0.00987625122070312 -0.0178604125976563 -0.0264205932617188 -0.0272865295410156
0.0132875442504883 -0.00923824310302734 -0.0308876037597656 -0.0255107879638672
0.0107126235961914 -0.00448989868164063 -0.0275249481201172 -0.0275211334228516
0.00754451751708984 -0.00509452819824219 -0.0300273895263672 -0.0268993377685547
0.0102910995483398 -0.0097198486328125 -0.0506935119628906 -0.0149269104003906
0.020111083984375 -0.00602531433105469 -0.04949951171875 -0.0087738037109375
0.03790283203125 0.0189018249511719 -0.0320892333984375 -0.0530738830566406
0.0201034545898438 0.0105972290039063 -0.00523948669433594 -0.0109767913818359
0.0235748291015625 0.0127811431884766 0.0257625579833984 0.000848770141601563
0.0281810760498047 0.00525283813476563 0.0406379699707031 -0.0159339904785156
0.0296764373779297 -0.005523681640625 0.0369071960449219 -0.0305862426757813
0.0226478576660156 -0.0256748199462891 0.0201339721679688 -0.0496406555175781
0.0081634521484375 -0.0350246429443359 -0.000228881835937503 -0.0479202270507812
0.0052642822265625 -0.0331745147705078 -0.0111732482910156 -0.0309925079345703
0.00478744506835938 -0.0379600524902344 -0.0203056335449219 -0.0179271697998047
0.0124473571777344 -0.0368881225585938 -0.0299663543701172 -0.0152873992919922
0.0246753692626953 -0.0274658203125 -0.0363655090332031 -0.0131263732910156
0.0287246704101563 -0.0178794860839844 -0.0330696105957031 -0.0203742980957031
0.0307292938232422 -0.00296401977539063 -0.0304927825927734 -0.0219154357910156
0.0344924926757813 0.000728607177734375 -0.041839599609375 -0.0115509033203125
0.039276123046875 0.00588226318359375 -0.0382423400878906 -0.00587844848632812
0.0543441772460938 0.0325202941894531 -0.0134048461914062 -0.0467948913574219
0.0409049987792969 0.0200729370117188 0.0074000358581543 -0.00521469116210937
0.0479087829589844 0.0157394409179688 0.0306186676025391 0.00741004943847656
0.0470390319824219 -0.00145339965820313 0.0419120788574219 -0.0080413818359375
0.0406570434570313 -0.0149345397949219 0.0363197326660156 -0.0198402404785156
0.0288925170898437 -0.037841796875 0.0209922790527344 -0.0358924865722656
0.00968551635742188 -0.0459060668945313 0.00143623352050782 -0.0329132080078125
0.00572586059570313 -0.043914794921875 -0.00997161865234375 -0.0161561965942383
0.00257492065429688 -0.0495567321777344 -0.0190277099609375 -0.00247383117675781
0.0100746154785156 -0.049041748046875 -0.0320415496826172 -0.000635147094726564
0.0271492004394531 -0.0402145385742187 -0.0387611389160156 0.000370025634765614
0.03643798828125 -0.0313453674316406 -0.0349178314208984 -0.0101985931396484
0.0488548278808594 -0.00786972045898438 -0.0304069519042969 -0.0155353546142578
0.0529823303222656 0.0040130615234375 -0.0324630737304687 -0.00900650024414063
0.0550346374511719 0.0145263671875 -0.0232105255126953 0.00271224975585937
0.0604896545410156 0.0426673889160156 0.00822448730468751 -0.0346260070800781
0.0535049438476562 0.0298957824707031 0.0221271514892578 0.003326416015625
0.0653038024902344 0.0210227966308594 0.033468246459961 0.0139503479003906
0.0619659423828125 -0.00524520874023438 0.0388069152832031 0.00147628784179687
0.0485763549804688 -0.022064208984375 0.0319480895996094 -0.00590133666992188
0.0309333801269531 -0.0458831787109375 0.0189914703369141 -0.0178394317626953
0.00925064086914062 -0.0516433715820313 0.00308609008789063 -0.0143022537231445
0.00441741943359375 -0.048126220703125 -0.00691843032836914 0.000652313232421872
0.000419616699218753 -0.0537452697753906 -0.0151863098144531 0.0136680603027344
0.00646591186523438 -0.0541038513183594 -0.0303401947021484 0.0147647857666016
0.0260200500488281 -0.0473556518554688 -0.0358009338378906 0.0139198303222656
0.0391731262207031 -0.03948974609375 -0.0334148406982422 0.0005950927734375
0.058624267578125 -0.0102806091308594 -0.0281391143798828 -0.00941085815429687
0.0640106201171875 0.00755691528320313 -0.0201835632324219 -0.00747299194335937
0.0618896484375 0.0219306945800781 -0.00501537322998046 0.011876106262207
0.0571556091308594 0.0455856323242188 0.0258979797363281 -0.0216598510742187
0.055206298828125 0.0371818542480469 0.0346584320068359 0.0104274749755859
0.0702629089355469 0.0239601135253906 0.0330715179443359 0.0189590454101563
0.065826416015625 -0.00696945190429688 0.0331974029541016 0.0112476348876953
0.0483055114746094 -0.0247077941894531 0.025909423828125 0.00717353820800781
0.0283851623535156 -0.04644775390625 0.016026496887207 -0.000467300415039065
0.00778579711914062 -0.0487937927246094 0.004180908203125 0.0051426887512207
0.00325775146484375 -0.0460700988769531 -0.00324058532714844 0.0178661346435547
-0.00181579589843749 -0.0504951477050781 -0.0104503631591797 0.0308094024658203
0.003204345703125 -0.0512123107910156 -0.027069091796875 0.030731201171875
0.023406982421875 -0.0464248657226563 -0.0327415466308594 0.0260829925537109
0.0385208129882813 -0.0405731201171875 -0.0307426452636719 0.00888633728027343
0.0604171752929688 -0.00909423828125 -0.0225715637207031 -0.00429534912109375
0.06494140625 0.0114898681640625 -0.00483655929565429 -0.0039067268371582
0.0597953796386719 0.0267143249511719 0.0144462585449219 0.024322509765625
0.0440330505371094 0.043243408203125 0.0433082580566406 -0.00988006591796875
0.0457305908203125 0.0369987487792969 0.0453414916992188 0.015777587890625
0.061859130859375 0.0229988098144531 0.0311965942382813 0.0209674835205078
0.0571784973144531 -0.00705718994140625 0.0261306762695313 0.0197219848632813
0.0382308959960938 -0.0225791931152344 0.0199089050292969 0.0192947387695313
0.0198707580566406 -0.0384178161621094 0.0143213272094727 0.0159139633178711
0.00414276123046875 -0.0382843017578125 0.00648307800292969 0.0224399566650391
0.000728607177734372 -0.0358047485351563 0.000509262084960936 0.0319366455078125
-0.002471923828125 -0.0404434204101563 -0.00634765625 0.0432281494140625
0.000553131103515627 -0.0418052673339844 -0.0245552062988281 0.0423431396484375
0.0184555053710938 -0.0396881103515625 -0.0292606353759766 0.034210205078125
0.0332412719726563 -0.0356521606445313 -0.0272998809814453 0.0149269104003906
0.0553855895996094 -0.0057373046875 -0.0176181793212891 0.000173568725585934
0.056854248046875 0.0148391723632812 0.00671148300170899 0.000766277313232423
0.0492515563964844 0.0282325744628906 0.0297660827636719 0.0376968383789063
0.0244541168212891 0.03436279296875 0.052459716796875 -0.000938415527343748
0.0301647186279297 0.0307521820068359 0.0500259399414062 0.0186271667480469
0.0443611145019531 0.0161705017089844 0.0289020538330078 0.0216217041015625
0.0379257202148437 -0.00831222534179687 0.0221271514892578 0.0257148742675781
0.0212230682373047 -0.0173091888427734 0.0186061859130859 0.0265159606933594
0.00762939453125 -0.0237655639648438 0.0150318145751953 0.0261058807373047
0.000177383422851562 -0.0208797454833984 0.0107707977294922 0.0330734252929688
-0.00159645080566406 -0.0211315155029297 0.00537872314453125 0.041351318359375
-0.00419998168945313 -0.0245761871337891 -0.00360488891601562 0.0520057678222656
-0.00256729125976562 -0.0270709991455078 -0.0236892700195312 0.0507850646972656
0.0106678009033203 -0.0289440155029297 -0.0286445617675781 0.0391197204589844
0.0240230560302734 -0.0272789001464844 -0.0260200500488281 0.0186080932617188
0.0437431335449219 -0.0033721923828125 -0.0144872665405273 0.00405216217041016
0.0413436889648438 0.0156822204589844 0.0149869918823242 0.00725269317626953
0.0312881469726563 0.0250282287597656 0.0403900146484375 0.0506782531738281
-0.00402927398681641 -0.00850200653076172 -0.0488929748535156 -0.0531730651855469
-0.0242576599121094 -0.00798797607421875 -0.0197162628173828 -0.0117416381835937
-0.0227699279785156 0.00634574890136718 0.0178298950195313 -0.00521659851074219
-0.0116767883300781 0.016057014465332 0.0329570770263672 -0.0205211639404297
0.000926971435546873 0.0166425704956055 0.0323600769042969 -0.0385017395019531
0.00628376007080078 0.00950145721435547 0.0182762145996094 -0.0595512390136719
0.00467777252197266 0.00200939178466797 -0.0012664794921875 -0.0611915588378906
0.00253057479858398 0.00242161750793457 -0.011444091796875 -0.0472679138183594
0.00254654884338379 0.00142240524291992 -0.0192642211914062 -0.0362586975097656
0.00220298767089844 0.00317883491516113 -0.0220165252685547 -0.0325870513916016
-0.00432920455932617 0.00695705413818359 -0.0264263153076172 -0.0308971405029297
-0.012059211730957 0.00327396392822266 -0.0253543853759766 -0.0301895141601563
-0.0172443389892578 -0.0129785537719727 -0.0313224792480469 -0.0301761627197266
-0.0144233703613281 -0.022918701171875 -0.0566024780273438 -0.0179328918457031
-0.000730514526367189 -0.019287109375 -0.0564842224121094 -0.00813674926757813
0.02020263671875 0.00323104858398437 -0.0455818176269531 -0.0575904846191406
-0.0030369758605957 -0.000791072845458985 -0.0152187347412109 -0.0142145156860352
-0.000597000122070312 0.00783920288085938 0.0209617614746094 -0.0041046142578125
0.00730800628662109 0.0102128982543945 0.0364952087402344 -0.0197334289550781
0.0151653289794922 0.00566959381103516 0.0355377197265625 -0.0372085571289063
0.0142307281494141 -0.00961494445800781 0.019439697265625 -0.0590400695800781
0.00600433349609375 -0.0182304382324219 -0.001800537109375 -0.0592041015625
0.00420856475830078 -0.0171031951904297 -0.0128364562988281 -0.0427131652832031
0.00391769409179687 -0.0209541320800781 -0.0220165252685547 -0.0299263000488281
0.0103378295898438 -0.0188255310058594 -0.0278759002685547 -0.02734375
0.0137948989868164 -0.00990009307861328 -0.0332126617431641 -0.0251579284667969
0.0110654830932617 -0.00602912902832031 -0.0295391082763672 -0.0282154083251953
0.00739860534667969 -0.00591850280761719 -0.0317630767822266 -0.0276432037353516
0.0109033584594727 -0.0104074478149414 -0.0524063110351563 -0.0142860412597656
0.0213432312011719 -0.00704193115234375 -0.0513648986816406 -0.00824356079101563
0.040863037109375 0.0180816650390625 -0.03546142578125 -0.0548896789550781
0.0213890075683594 0.0105094909667969 -0.00626373291015625 -0.0113182067871094
0.0248298645019531 0.0122642517089844 0.0265884399414063 0.000366210937500001
0.029510498046875 0.00346183776855469 0.041229248046875 -0.0171737670898437
0.0306720733642578 -0.00679206848144531 0.0375213623046875 -0.0327644348144531
0.0225028991699219 -0.0277557373046875 0.0196456909179688 -0.0517311096191406
0.00715255737304687 -0.0367012023925781 -0.00189971923828125 -0.0496368408203125
0.00395011901855469 -0.0347785949707031 -0.012847900390625 -0.0311965942382813
0.00275039672851563 -0.0401878356933594 -0.0210685729980469 -0.0175399780273438
0.0109176635742188 -0.0391502380371094 -0.0316753387451172 -0.0144367218017578
0.0237503051757813 -0.0296115875244141 -0.0390281677246094 -0.0119667053222656
0.0289840698242188 -0.0204696655273437 -0.0348186492919922 -0.0206089019775391
0.0322608947753906 -0.00465965270996094 -0.0329780578613281 -0.022735595703125
0.0360870361328125 -0.000644683837890625 -0.0437736511230469 -0.0109367370605469
0.0414543151855469 0.00500106811523438 -0.0393638610839844 -0.00493240356445312
0.0574951171875 0.0322074890136719 -0.0153732299804687 -0.0484275817871094
0.042083740234375 0.0201492309570313 0.00714921951293946 -0.00533676147460937
0.0498771667480469 0.0144920349121094 0.0317401885986328 0.00643348693847656
0.049224853515625 -0.00367355346679688 0.04327392578125 -0.00960922241210938
0.0420875549316406 -0.0174293518066406 0.0374031066894531 -0.0209503173828125
0.0284805297851563 -0.0407600402832031 0.0209159851074219 -0.037933349609375
0.00826644897460937 -0.0488929748535156 0.000617980957031251 -0.0341014862060547
0.00394821166992188 -0.0459671020507812 -0.0104503631591797 -0.0166645050048828
0.000469207763671872 -0.0513038635253906 -0.0194015502929688 -0.00189208984375001
0.00857162475585937 -0.050994873046875 -0.0332164764404297 0.000984191894531241
0.0267143249511719 -0.0425033569335938 -0.0397872924804688 0.00146484374999999
0.0367965698242188 -0.0342140197753906 -0.0368080139160156 -0.00980758666992187
0.0501365661621094 -0.0101814270019531 -0.0318412780761719 -0.0157299041748047
0.055084228515625 0.00183868408203125 -0.0337238311767578 -0.00849151611328124
0.0577545166015625 0.0138397216796875 -0.0240001678466797 0.00297355651855469
0.0637435913085938 0.0424003601074219 0.0080413818359375 -0.0363960266113281
0.0560684204101562 0.029632568359375 0.0228691101074219 0.00205039978027344
0.0681114196777344 0.0190544128417969 0.0349922180175781 0.0133934020996094
0.0639495849609375 -0.008270263671875 0.0404548645019531 0.0007171630859375
0.0496444702148437 -0.0249061584472656 0.032745361328125 -0.00647544860839844
0.0304489135742188 -0.0489692687988281 0.0196590423583984 -0.0192699432373047
0.00783538818359376 -0.053558349609375 0.00270748138427734 -0.0146236419677734
0.00265121459960938 -0.0502777099609375 -0.00710773468017578 0.000746250152587887
-0.00200271606445312 -0.0558738708496094 -0.0150737762451172 0.0142946243286133
0.00417327880859375 -0.0558586120605469 -0.0309810638427734 0.0169754028320312
0.0255203247070312 -0.0500106811523438 -0.0368080139160156 0.015838623046875
0.0398101806640625 -0.0430908203125 -0.0349025726318359 0.00143814086914062
0.0609130859375 -0.0130424499511719 -0.0291080474853516 -0.00922966003417968
0.0664176940917969 0.00491714477539063 -0.0211372375488281 -0.00773048400878906
0.0651512145996094 0.0209808349609375 -0.00557422637939453 0.0130481719970703
0.0607833862304688 0.0458984375 0.0263710021972656 -0.0237350463867187
0.0576591491699219 0.0372123718261719 0.0359153747558594 0.0095367431640625
0.0737457275390625 0.022674560546875 0.0349655151367188 0.0189113616943359
0.0680885314941406 -0.00935745239257812 0.0350685119628906 0.0112762451171875
0.0493278503417969 -0.02734375 0.0274543762207031 0.00704193115234375
0.0273094177246094 -0.0490531921386719 0.0166397094726562 -0.00111198425292969
0.00624465942382812 -0.0506553649902344 0.00453567504882813 0.0056157112121582
0.00174331665039063 -0.0474929809570313 -0.00310134887695312 0.0187015533447266
-0.00355148315429688 -0.0527992248535156 -0.00955772399902344 0.0320014953613281
0.00171661376953125 -0.0528030395507813 -0.0272731781005859 0.0332775115966797
0.0228652954101562 -0.0494041442871094 -0.0328083038330078 0.0279655456542969
0.0386695861816406 -0.043792724609375 -0.0314693450927734 0.00972175598144531
0.0629081726074219 -0.0121917724609375 -0.0230007171630859 -0.00432395935058594
0.0678138732910156 0.00925445556640625 -0.00556325912475586 -0.00357866287231445
0.0627403259277344 0.0258522033691406 0.0151462554931641 0.0250186920166016
0.0471534729003906 0.0434761047363281 0.0443992614746094 -0.0112228393554687
0.0478363037109375 0.0362396240234375 0.0466423034667969 0.0150260925292969
0.0649528503417969 0.0216598510742188 0.0329875946044922 0.0215225219726563
0.0587158203125 -0.0100669860839844 0.0280933380126953 0.0202960968017578
0.0392189025878906 -0.0251846313476563 0.021453857421875 0.0197563171386719
0.0191497802734375 -0.041015625 0.0153656005859375 0.0163812637329102
0.00249862670898437 -0.0394554138183594 0.00811386108398438 0.0226593017578125
-0.000461578369140626 -0.0377235412597656 0.00202560424804688 0.0327835083007813
-0.00448226928710938 -0.0415878295898438 -0.00541305541992188 0.04461669921875
-0.0010223388671875 -0.0430335998535156 -0.0246429443359375 0.044708251953125
0.0178680419921875 -0.0422286987304687 -0.029388427734375 0.0357589721679688
0.0332603454589844 -0.038238525390625 -0.0277366638183594 0.0159931182861328
0.057373046875 -0.00841903686523438 -0.0184745788574219 0.000146865844726561
0.0592498779296875 0.0128555297851563 0.00673675537109375 -0.000276088714599609
0.0517768859863281 0.02783203125 0.0315666198730469 0.0385780334472656
0.0272808074951172 0.0348377227783203 0.0548248291015625 -0.00203704833984375
0.0318393707275391 0.0309848785400391 0.0522918701171875 0.0183601379394531
0.0465812683105469 0.0151138305664063 0.0311126708984375 0.0222988128662109
0.0390434265136719 -0.0104598999023438 0.0233402252197266 0.0262508392333984
0.020751953125 -0.0186862945556641 0.0194816589355469 0.0272941589355469
0.00644874572753906 -0.0248012542724609 0.0166110992431641 0.0267753601074219
-0.000675201416015626 -0.0218410491943359 0.0118522644042969 0.03411865234375
-0.002288818359375 -0.0222320556640625 0.00679779052734375 0.0425376892089844
-0.00453376770019532 -0.0251369476318359 -0.0024871826171875 0.0536766052246094
-0.00388336181640625 -0.0276737213134766 -0.0225410461425781 0.053802490234375
0.00996971130371093 -0.0303497314453125 -0.0283050537109375 0.0412750244140625
0.0237045288085938 -0.0291862487792969 -0.0258674621582031 0.0202350616455078
0.0453910827636719 -0.005462646484375 -0.0152626037597656 0.00385570526123047
0.0435638427734375 0.0141639709472656 0.0152502059936523 0.00649070739746094
0.0334014892578125 0.0249519348144531 0.0434303283691406 0.0517311096191406
-0.0038299560546875 -0.00878810882568359 -0.0523719787597656 -0.0518150329589844
-0.0250892639160156 -0.00700569152832031 -0.0210685729980469 -0.0112342834472656
-0.0227565765380859 0.00722312927246094 0.0179519653320313 -0.00551033020019531
-0.0107574462890625 0.0173788070678711 0.0326633453369141 -0.02227783203125
0.00232028961181641 0.0161075592041016 0.0314369201660156 -0.0400047302246094
0.00678157806396484 0.0093698501586914 0.01593017578125 -0.06103515625
0.00496816635131836 0.00170278549194336 -0.00473022460937501 -0.0623130798339844
0.00228166580200195 0.00216174125671387 -0.0132598876953125 -0.0472679138183594
0.00239467620849609 0.000533103942871094 -0.0205230712890625 -0.0359687805175781
0.00254726409912109 0.00291180610656738 -0.0231647491455078 -0.0318737030029297
-0.00374650955200195 0.00712966918945313 -0.0279464721679688 -0.0295906066894531
-0.0124330520629883 0.00407791137695313 -0.0270919799804688 -0.0300922393798828
-0.0179710388183594 -0.011962890625 -0.0332069396972656 -0.0295734405517578
-0.0155544281005859 -0.0225372314453125 -0.0577239990234375 -0.0154991149902344
-0.00101852416992188 -0.0199165344238281 -0.0581588745117188 -0.00632858276367189
0.0204334259033203 0.00179100036621094 -0.0487823486328125 -0.0576133728027344
-0.00347256660461426 -0.00108671188354492 -0.0164947509765625 -0.0138635635375977
-0.00058746337890625 0.00855350494384766 0.021453857421875 -0.00415992736816406
0.00720882415771484 0.0101814270019531 0.0361976623535156 -0.0213508605957031
0.0157079696655273 0.00465869903564453 0.0347671508789063 -0.0387458801269531
0.0148372650146484 -0.00989818572998047 0.0179100036621094 -0.0599327087402344
0.00543403625488281 -0.0187873840332031 -0.00441360473632813 -0.0596504211425781
0.00299835205078125 -0.0175743103027344 -0.0142288208007813 -0.0424575805664063
0.00287818908691406 -0.0221996307373047 -0.0233440399169922 -0.0299110412597656
0.00863265991210938 -0.0198707580566406 -0.0291824340820313 -0.0259628295898438
0.0131397247314453 -0.0100803375244141 -0.0353507995605469 -0.0246391296386719
0.010533332824707 -0.00655746459960938 -0.0322818756103516 -0.0272750854492188
0.00753307342529297 -0.00623464584350586 -0.0337409973144531 -0.0268096923828125
0.0100326538085937 -0.0106258392333984 -0.0548591613769531 -0.0120429992675781
0.0219573974609375 -0.00743484497070312 -0.0529975891113281 -0.00653076171875001
0.0426750183105469 0.0164299011230469 -0.0383071899414063 -0.0543899536132813
0.0214157104492188 0.00966262817382813 -0.00631141662597656 -0.0113010406494141
0.0257244110107422 0.00989723205566406 0.027740478515625 -0.000778198242187499
0.0295791625976563 0.0016326904296875 0.0412216186523437 -0.0187530517578125
0.0316905975341797 -0.00825881958007812 0.0374107360839844 -0.03485107421875
0.0219383239746094 -0.0293502807617187 0.0175590515136719 -0.0530319213867187
0.00533676147460937 -0.0384902954101563 -0.00318527221679687 -0.0495491027832031
0.00245285034179688 -0.0358085632324219 -0.0139141082763672 -0.0318145751953125
0.000133514404296878 -0.0402946472167969 -0.0218715667724609 -0.0164451599121094
0.0091400146484375 -0.0406265258789063 -0.0326805114746094 -0.0127372741699219
0.0242042541503906 -0.0311164855957031 -0.0391349792480469 -0.0108985900878906
0.0294342041015625 -0.0226898193359375 -0.0361328125 -0.0203018188476563
0.0324459075927734 -0.00601768493652344 -0.0339450836181641 -0.0221805572509766
0.0372390747070313 -0.002349853515625 -0.0435714721679688 -0.00992202758789062
0.0424652099609375 0.00312042236328125 -0.0410346984863281 -0.00335693359375001
0.0606155395507813 0.0294723510742188 -0.0175704956054687 -0.0491447448730469
0.0432624816894531 0.0181083679199219 0.0069580078125 -0.00646686553955078
0.0511093139648438 0.0119781494140625 0.0323886871337891 0.00647163391113281
0.0492362976074219 -0.00605392456054688 0.0428733825683594 -0.01092529296875
0.0423736572265625 -0.0193519592285156 0.0371475219726563 -0.0223579406738281
0.0254974365234375 -0.0436363220214844 0.0195884704589844 -0.0394363403320313
0.0059661865234375 -0.0502395629882813 -0.000570297241210937 -0.0341587066650391
0.00182723999023437 -0.0464591979980469 -0.0117120742797852 -0.0158548355102539
-0.00159454345703126 -0.0520858764648438 -0.0197086334228516 -0.00083160400390625
0.00548934936523437 -0.0519561767578125 -0.0340652465820312 0.00278472900390625
0.0248603820800781 -0.0441246032714844 -0.0403099060058594 0.00334167480468749
0.0353507995605469 -0.0368194580078125 -0.0373268127441406 -0.00911712646484374
0.0510063171386719 -0.0125694274902344 -0.0333232879638672 -0.0149421691894531
0.0563926696777344 -0.000896453857421875 -0.0343246459960938 -0.00795555114746094
0.0602912902832031 0.011627197265625 -0.0240764617919922 0.00424003601074218
0.0678138732910156 0.0407066345214844 0.00640487670898438 -0.0375633239746094
0.0579071044921875 0.027679443359375 0.0228767395019531 0.00152969360351563
0.0696067810058594 0.0161895751953125 0.0363502502441406 0.0126266479492188
0.0643234252929688 -0.0117378234863281 0.0412063598632813 -0.000137329101562501
0.0491409301757812 -0.0271835327148437 0.0335502624511719 -0.00811195373535156
0.0271987915039063 -0.0511627197265625 0.0193557739257813 -0.0202255249023438
0.00555038452148437 -0.0551261901855469 0.00198173522949219 -0.015110969543457
0.000640869140624997 -0.0515518188476562 -0.00682783126831055 0.00116252899169922
-0.00497817993164062 -0.05633544921875 -0.0140933990478516 0.0160074234008789
0.00177764892578125 -0.0571250915527344 -0.0304298400878906 0.0186023712158203
0.0233345031738281 -0.0522308349609375 -0.036712646484375 0.0170249938964844
0.0377960205078125 -0.0460968017578125 -0.0355644226074219 0.00189971923828124
0.0613479614257813 -0.0163002014160156 -0.029998779296875 -0.00938034057617187
0.0673751831054688 0.00151443481445313 -0.0219898223876953 -0.00739097595214843
0.0675773620605469 0.019317626953125 -0.00455856323242187 0.0141658782958984
0.064605712890625 0.0436439514160156 0.0260257720947266 -0.0253162384033203
0.0608444213867188 0.0350151062011719 0.0370826721191406 0.00725173950195313
0.0764007568359375 0.0195388793945312 0.0363006591796875 0.0183563232421875
0.0685577392578125 -0.01300048828125 0.0359611511230469 0.0101776123046875
0.0490531921386719 -0.0299568176269531 0.0282077789306641 0.00582695007324219
0.0255203247070313 -0.0511054992675781 0.0178947448730469 -0.00129508972167969
0.0039520263671875 -0.0524063110351563 0.00515127182006836 0.00569772720336914
-0.000656127929687499 -0.0484199523925781 -0.00217628479003906 0.0183849334716797
-0.00682067871093751 -0.0537567138671875 -0.007965087890625 0.0331249237060547
-0.00182342529296875 -0.0541763305664062 -0.0261402130126953 0.0346107482910156
0.0205039978027344 -0.0511054992675781 -0.0322513580322266 0.0306072235107422
0.0367546081542969 -0.0463752746582031 -0.0320510864257813 0.00979804992675781
0.0634689331054688 -0.0160026550292969 -0.0239181518554687 -0.00388336181640625
0.0695838928222656 0.00664520263671875 -0.00521421432495117 -0.00393247604370117
0.0653800964355469 0.0237236022949219 0.0172042846679688 0.0250339508056641
0.0512161254882812 0.0426597595214844 0.0461654663085938 -0.0135459899902344
0.050262451171875 0.0352401733398438 0.0492973327636719 0.0135879516601563
0.0670623779296875 0.018218994140625 0.0350074768066406 0.0213947296142578
0.0592422485351562 -0.0131072998046875 0.0292911529541016 0.0189170837402344
0.0378570556640625 -0.0275077819824219 0.0229282379150391 0.0194149017333984
0.0171241760253906 -0.0437278747558594 0.0181865692138672 0.0159320831298828
0.000389099121093749 -0.03985595703125 0.0103988647460938 0.0236034393310547
-0.00204086303710938 -0.03753662109375 0.00361824035644531 0.0336055755615234
-0.00690078735351562 -0.0421981811523438 -0.00323867797851563 0.0458183288574219
-0.00366592407226563 -0.0430831909179688 -0.0223541259765625 0.0461578369140625
0.0160293579101563 -0.0436744689941406 -0.0282135009765625 0.037261962890625
0.0317916870117188 -0.0404090881347656 -0.0273075103759766 0.0174827575683594
0.0573043823242187 -0.01202392578125 -0.0183944702148437 -0.000251770019531253
0.0609512329101563 0.0100669860839844 0.0068807601928711 -0.000444412231445312
0.054412841796875 0.0264854431152344 0.0338172912597656 0.0378341674804688
0.0304851531982422 0.0348587036132813 0.056182861328125 -0.00419998168945312
0.0332317352294922 0.0294437408447266 0.0538482666015625 0.0158538818359375
0.0477256774902344 0.0129432678222656 0.0324802398681641 0.0215358734130859
0.0385818481445313 -0.012451171875 0.0254306793212891 0.0260753631591797
0.0205078125 -0.0201625823974609 0.0214424133300781 0.0267410278320313
0.00544357299804687 -0.0255126953125 0.0178871154785156 0.0260562896728516
-0.00127983093261719 -0.0223426818847656 0.0136203765869141 0.0339107513427734
-0.00358200073242188 -0.0221481323242188 0.008148193359375 0.0429649353027344
-0.00716400146484375 -0.025848388671875 0.000534057617187504 0.0552139282226563
-0.00526237487792969 -0.0284500122070313 -0.0200920104980469 0.0554275512695313
0.00858116149902344 -0.0310268402099609 -0.0278663635253906 0.0430946350097656
0.0221443176269531 -0.0320472717285156 -0.0262603759765625 0.0209121704101562
0.045562744140625 -0.00835037231445312 -0.0151834487915039 0.00428390502929687
0.04388427734375 0.0129280090332031 0.0150766372680664 0.00642490386962891
0.0352745056152344 0.02398681640625 0.0466117858886719 0.0502853393554688
-0.00463533401489258 -0.00854253768920898 -0.0539588928222656 -0.04937744140625
-0.0253810882568359 -0.00522804260253907 -0.0215091705322266 -0.0107707977294922
-0.0222835540771484 0.00855445861816406 0.0174179077148438 -0.00534820556640625
-0.0105648040771484 0.017024040222168 0.0322303771972656 -0.02239990234375
0.00207424163818359 0.015629768371582 0.0301513671875 -0.0394477844238281
0.00698375701904297 0.00898647308349609 0.0137290954589844 -0.062347412109375
0.00394678115844727 0.000742912292480469 -0.00679016113281249 -0.06085205078125
0.00320792198181152 0.0018160343170166 -0.0155487060546875 -0.0464210510253906
0.00266075134277344 0.000882148742675781 -0.0217208862304688 -0.0352249145507812
0.00252199172973633 0.00311851501464844 -0.0248661041259766 -0.0305023193359375
-0.00312519073486328 0.00756359100341797 -0.029327392578125 -0.0287036895751953
-0.0129108428955078 0.00439548492431641 -0.0296840667724609 -0.0291118621826172
-0.0185890197753906 -0.0123291015625 -0.0330162048339844 -0.0292434692382813
-0.0152645111083984 -0.0226078033447266 -0.0576286315917969 -0.0129203796386719
-0.000831604003906248 -0.0193233489990234 -0.0577201843261719 -0.00421524047851564
0.0221824645996094 0.00269889831542969 -0.050537109375 -0.0537910461425781
-0.0025627613067627 0.000497102737426758 -0.0155105590820313 -0.0137538909912109
-0.000475406646728515 0.00869655609130859 0.0196666717529297 -0.00568199157714844
0.00813531875610352 0.00840234756469727 0.0353279113769531 -0.0231285095214844
0.0174112319946289 0.00396919250488281 0.0331153869628906 -0.0402297973632813
0.0139636993408203 -0.0104551315307617 0.0154991149902344 -0.0604095458984375
0.00402450561523438 -0.0187053680419922 -0.00613021850585937 -0.0595321655273438
0.00196266174316406 -0.0184917449951172 -0.0159454345703125 -0.0413970947265625
0.00326156616210938 -0.0203781127929688 -0.0229892730712891 -0.0273265838623047
0.006988525390625 -0.0209617614746094 -0.0304183959960937 -0.0252590179443359
0.0135221481323242 -0.0106678009033203 -0.03619384765625 -0.0211524963378906
0.0107421875 -0.00800037384033203 -0.0328254699707031 -0.0248394012451172
0.00838279724121094 -0.0068817138671875 -0.03363037109375 -0.0271224975585938
0.0107145309448242 -0.0113744735717773 -0.0551605224609375 -0.0104866027832031
0.0216274261474609 -0.00809860229492188 -0.0521202087402344 -0.006103515625
0.0437583923339844 0.013702392578125 -0.0399589538574219 -0.0512771606445313
0.0206108093261719 0.00940895080566406 -0.0086069107055664 -0.0117712020874023
0.0258750915527344 0.0110588073730469 0.0261192321777344 -0.00220489501953125
0.0285701751708984 0.00127792358398438 0.0398750305175781 -0.0200614929199219
0.0295124053955078 -0.0102901458740234 0.03515625 -0.0367355346679688
0.0203227996826172 -0.0295753479003906 0.0173149108886719 -0.0538177490234375
0.00412368774414063 -0.0369338989257813 -0.00591278076171875 -0.0506324768066406
0.00101470947265625 -0.0363922119140625 -0.0161952972412109 -0.0316276550292969
-0.000202178955078126 -0.0399627685546875 -0.0229301452636719 -0.0163116455078125
0.00745773315429688 -0.0391387939453125 -0.0320796966552734 -0.0123863220214844
0.0225429534912109 -0.0328731536865234 -0.041046142578125 -0.00910949707031251
0.0274696350097656 -0.0229701995849609 -0.0383262634277344 -0.01953125
0.0324287414550781 -0.00833702087402344 -0.0352096557617187 -0.02093505859375
0.0372810363769531 -0.00246047973632813 -0.0438003540039063 -0.00696945190429688
0.0448074340820313 0.00205230712890625 -0.0402450561523437 -0.00214767456054688
0.0639457702636719 0.0288009643554688 -0.0188674926757812 -0.0483055114746094
0.0435981750488281 0.0161323547363281 0.00781679153442383 -0.00569391250610351
0.0522422790527344 0.00911331176757813 0.0346946716308594 0.00401115417480469
0.0483512878417969 -0.00758743286132813 0.0420455932617188 -0.0108528137207031
0.0430068969726563 -0.0206489562988281 0.03594970703125 -0.0234107971191406
0.0251007080078125 -0.0443572998046875 0.0179252624511719 -0.03912353515625
0.0028839111328125 -0.0494346618652344 -0.00139236450195313 -0.0334930419921875
-0.000324249267578122 -0.0477104187011719 -0.0116415023803711 -0.0151681900024414
-0.00300979614257813 -0.0532417297363281 -0.0184574127197266 -0.00028610229492188
0.00317001342773437 -0.0514602661132812 -0.0339012145996094 0.00391197204589843
0.0236167907714844 -0.0458450317382813 -0.0386199951171875 0.0051727294921875
0.0339927673339844 -0.0378074645996094 -0.0380706787109375 -0.00803375244140625
0.0497970581054688 -0.0147895812988281 -0.0333709716796875 -0.0138778686523438
0.0564002990722656 -0.00241470336914063 -0.0341587066650391 -0.00579071044921874
0.0612297058105469 0.00867080688476562 -0.0240421295166016 0.00561332702636719
0.0691299438476562 0.0384941101074219 0.00634384155273438 -0.0382499694824219
0.0577774047851562 0.0251922607421875 0.0232028961181641 0.000370025634765627
0.069732666015625 0.0128974914550781 0.0375900268554688 0.0108489990234375
0.0631256103515625 -0.0125694274902344 0.040740966796875 -0.0027923583984375
0.0476799011230469 -0.0288963317871094 0.0335845947265625 -0.0084381103515625
0.0245552062988281 -0.0528793334960938 0.0186748504638672 -0.0204486846923828
0.00270462036132812 -0.0551528930664063 0.00178623199462891 -0.0149869918823242
-0.001983642578125 -0.0518531799316406 -0.00651788711547852 0.000416755676269529
-0.0072021484375 -0.0567131042480469 -0.0133705139160156 0.0148420333862305
-0.000339508056640628 -0.055877685546875 -0.0286159515380859 0.0190925598144531
0.0211753845214844 -0.0537757873535156 -0.0360679626464844 0.0195655822753906
0.03485107421875 -0.0465126037597656 -0.0358161926269531 0.0021514892578125
0.0586814880371094 -0.0185470581054688 -0.0295143127441406 -0.0074615478515625
0.0680274963378906 -0.0001678466796875 -0.0205821990966797 -0.00668907165527344
0.0685577392578125 0.0165977478027344 -0.00401878356933593 0.0146493911743164
0.0671234130859375 0.0411033630371094 0.0260105133056641 -0.0263328552246094
0.0606269836425781 0.032989501953125 0.0362014770507813 0.00741195678710938
0.0747833251953125 0.0150222778320313 0.0352706909179688 0.0177803039550781
0.0674247741699219 -0.0153732299804688 0.0370903015136719 0.00915145874023437
0.0484809875488281 -0.0327110290527344 0.0269203186035156 0.0059814453125
0.0236244201660156 -0.0517120361328125 0.0161113739013672 -0.00197410583496094
0.0012969970703125 -0.0516777038574219 0.00587797164916992 0.00527143478393554
-0.000595092773437497 -0.0481681823730469 -0.00035858154296875 0.0186023712158203
-0.00879669189453125 -0.0519790649414062 -0.00672721862792969 0.0344276428222656
-0.00437164306640626 -0.0542221069335938 -0.024688720703125 0.0360260009765625
0.0190010070800781 -0.0512542724609375 -0.0314178466796875 0.0306148529052734
0.0355148315429688 -0.048858642578125 -0.0317325592041016 0.00987434387207031
0.0629653930664063 -0.0178947448730469 -0.0254592895507812 -0.0047149658203125
0.066680908203125 0.0029144287109375 -0.00527667999267578 -0.00383663177490234
0.0657119750976563 0.0211906433105469 0.0180912017822266 0.0255985260009766
0.0536689758300781 0.0406379699707031 0.0456161499023438 -0.0138702392578125
0.0516700744628906 0.0331687927246094 0.0494384765625 0.0128097534179688
0.0675010681152344 0.0154266357421875 0.0359611511230469 0.0200729370117188
0.0578842163085938 -0.0151824951171875 0.0299453735351563 0.0194549560546875
0.0369987487792969 -0.0272026062011719 0.0226497650146484 0.0186481475830078
0.0154647827148437 -0.0429763793945312 0.0171318054199219 0.0147476196289062
-0.000640869140625004 -0.0406494140625 0.00824546813964844 0.0219631195068359
-0.00374603271484375 -0.0378532409667969 0.003936767578125 0.0335273742675781
-0.00725936889648438 -0.0410575866699219 -0.00107574462890625 0.044036865234375
-0.00549697875976563 -0.0415191650390625 -0.0214271545410156 0.04840087890625
0.0141372680664063 -0.0427284240722656 -0.0263404846191406 0.0400352478027344
0.0284042358398438 -0.0419540405273438 -0.0277786254882812 0.01806640625
0.0567131042480469 -0.0130043029785156 -0.0194187164306641 0.00108146667480469
0.0600090026855469 0.0095672607421875 0.00652599334716797 -0.00065469741821289
0.0549430847167969 0.0243682861328125 0.034912109375 0.0383720397949219
0.0322761535644531 0.0326137542724609 0.0569801330566406 -0.00559234619140625
0.0349025726318359 0.0294380187988281 0.0540428161621094 0.0138893127441406
0.0489997863769531 0.00951766967773437 0.0329818725585937 0.0198078155517578
0.0380134582519531 -0.0144844055175781 0.0251560211181641 0.0266361236572266
0.0200252532958984 -0.0204143524169922 0.0212135314941406 0.0255241394042969
0.00454902648925781 -0.0251026153564453 0.0190353393554688 0.0246829986572266
-0.00187492370605469 -0.0224704742431641 0.0161418914794922 0.0334854125976563
-0.00453758239746094 -0.0223560333251953 0.0102958679199219 0.0424880981445313
-0.00827217102050781 -0.0240573883056641 0.00165557861328125 0.0550003051757812
-0.0072174072265625 -0.0278987884521484 -0.0181312561035156 0.0559425354003906
0.00745582580566407 -0.0314731597900391 -0.0252876281738281 0.0428123474121094
0.0209312438964844 -0.0322608947753906 -0.0254192352294922 0.0203399658203125
0.0443267822265625 -0.00994491577148438 -0.0150032043457031 0.00403022766113281
0.0443763732910156 0.0107460021972656 0.014958381652832 0.00663566589355469
0.03546142578125 0.0235023498535156 0.0486259460449219 0.0492591857910156
-0.00385379791259766 -0.00906753540039063 -0.0550765991210938 -0.0490608215332031
-0.0250148773193359 -0.00565910339355468 -0.0220184326171875 -0.00942611694335938
-0.0218925476074219 0.00898170471191406 0.0172023773193359 -0.00502490997314453
-0.0101699829101563 0.0178184509277344 0.0315837860107422 -0.0224952697753906
0.00352764129638672 0.0164957046508789 0.0295066833496094 -0.0406379699707031
0.00748348236083984 0.00909519195556641 0.0133590698242188 -0.0605201721191406
0.00508022308349609 0.000853061676025391 -0.00677871704101563 -0.0608253479003906
0.00278782844543457 0.00169801712036133 -0.0156669616699219 -0.04595947265625
0.00242805480957031 0.00146031379699707 -0.0215797424316406 -0.0338783264160156
0.00299930572509766 0.00210881233215332 -0.0241413116455078 -0.030029296875
-0.00240612030029297 0.00838851928710938 -0.0297451019287109 -0.0286979675292969
-0.0121622085571289 0.00457000732421875 -0.028289794921875 -0.0286445617675781
-0.0184326171875 -0.0114021301269531 -0.0336990356445313 -0.0286617279052734
-0.0167236328125 -0.0207176208496094 -0.0570144653320312 -0.0133323669433594
-0.000932693481445313 -0.0200634002685547 -0.0588607788085938 -0.00469589233398437
0.0220680236816406 0.000883102416992188 -0.0532112121582031 -0.054718017578125
-0.00355744361877441 -1.78813934326173E-05 -0.0171871185302734 -0.0127239227294922
-0.00156593322753906 0.00854349136352539 0.0213623046875 -0.00587654113769531
0.00815105438232422 0.00975894927978516 0.0340404510498047 -0.0227489471435547
0.0171937942504883 0.00366497039794922 0.0333824157714844 -0.0404014587402344
0.012730598449707 -0.0112228393554687 0.0149688720703125 -0.0604591369628906
0.00439834594726563 -0.0210323333740234 -0.00725936889648437 -0.0579261779785156
0.00265216827392578 -0.0169553756713867 -0.0162620544433594 -0.042022705078125
0.00156784057617187 -0.0214366912841797 -0.0242881774902344 -0.0286197662353516
0.00796890258789062 -0.0202236175537109 -0.0296039581298828 -0.0245628356933594
0.0141801834106445 -0.0109214782714844 -0.0352973937988281 -0.02166748046875
0.0100479125976563 -0.00721263885498047 -0.033905029296875 -0.0270671844482422
0.00744342803955078 -0.00669717788696289 -0.0332679748535156 -0.0255832672119141
0.0105142593383789 -0.0106058120727539 -0.0528221130371094 -0.0109176635742188
0.0226287841796875 -0.00934410095214844 -0.0532112121582031 -0.00493621826171875
0.0442733764648438 0.0140533447265625 -0.0409927368164063 -0.0533027648925781
0.0226669311523437 0.00909996032714844 -0.00775051116943359 -0.011164665222168
0.0256099700927734 0.0108089447021484 0.0268917083740234 -0.00182914733886719
0.0294342041015625 0.000917434692382812 0.03961181640625 -0.0196762084960937
0.0311241149902344 -0.0109329223632813 0.0358848571777344 -0.0349502563476562
0.0184955596923828 -0.0305728912353516 0.0155029296875 -0.0533218383789063
0.00246429443359375 -0.0391082763671875 -0.006439208984375 -0.0479927062988281
0.000865936279296873 -0.0357513427734375 -0.0150337219238281 -0.0295829772949219
-0.00170135498046875 -0.0395393371582031 -0.0211563110351562 -0.0150661468505859
0.00579071044921875 -0.0405921936035156 -0.0323944091796875 -0.0104122161865234
0.0220069885253906 -0.0320072174072266 -0.0391464233398438 -0.00849151611328125
0.0265865325927734 -0.0252532958984375 -0.0369377136230469 -0.0192642211914063
0.0326881408691406 -0.00819587707519531 -0.0341892242431641 -0.0219345092773437
0.0362014770507813 -0.00525283813476562 -0.0421028137207031 -0.00867080688476563
0.0445709228515625 0.00129318237304688 -0.0397224426269531 -0.00197982788085938
0.0624313354492188 0.0271797180175781 -0.0196304321289062 -0.0481185913085938
0.0440902709960937 0.0165939331054687 0.00595521926879883 -0.00646877288818359
0.0514945983886719 0.00905227661132813 0.0322914123535156 0.00508880615234375
0.04840087890625 -0.00934600830078125 0.04229736328125 -0.0114173889160156
0.0400276184082031 -0.0221519470214844 0.0364532470703125 -0.0236778259277344
0.0226287841796875 -0.0441436767578125 0.0181159973144531 -0.039703369140625
0.00289535522460938 -0.0501632690429688 -0.00237464904785156 -0.0341320037841797
-0.00109100341796875 -0.0464324951171875 -0.0116558074951172 -0.0143823623657227
-0.00463485717773438 -0.0508193969726563 -0.0176181793212891 0.00075912475585937
0.00254821777343749 -0.0507926940917969 -0.03265380859375 0.0045623779296875
0.0224723815917969 -0.0460052490234375 -0.0395278930664063 0.00521087646484375
0.0334854125976563 -0.0387687683105469 -0.0385589599609375 -0.0090179443359375
0.0495376586914063 -0.0149993896484375 -0.0337181091308594 -0.0159797668457031
0.0556449890136719 -0.00302505493164063 -0.0340747833251953 -0.00700569152832031
0.0625228881835937 0.00914382934570312 -0.0237045288085937 0.00489234924316407
0.070068359375 0.0365104675292969 0.00457382202148438 -0.0376548767089844
0.0586166381835938 0.0245552062988281 0.0222129821777344 -0.000135421752929686
0.0706558227539063 0.0124053955078125 0.0366973876953125 0.0113258361816406
0.0622978210449219 -0.0154953002929687 0.0406608581542969 -0.00122833251953125
0.0472488403320313 -0.0301322937011719 0.0336875915527344 -0.00898933410644532
0.0240364074707031 -0.0520095825195313 0.0185680389404297 -0.0211620330810547
0.00242233276367187 -0.0554275512695312 0.00139522552490235 -0.0147228240966797
-0.00232315063476563 -0.0502777099609375 -0.00648593902587891 0.00146770477294922
-0.00846481323242188 -0.0560493469238281 -0.0127344131469727 0.0153989791870117
-0.0019989013671875 -0.055877685546875 -0.0288867950439453 0.0208091735839844
0.0197296142578125 -0.0530853271484375 -0.0344791412353516 0.0186367034912109
0.0352210998535156 -0.0487136840820313 -0.0354843139648438 0.0024566650390625
0.0596809387207031 -0.019073486328125 -0.0302715301513672 -0.00929260253906249
0.06622314453125 -0.00244903564453125 -0.0210533142089844 -0.00723648071289063
0.0692214965820313 0.0167388916015625 -0.00411987304687499 0.014892578125
0.0673675537109375 0.0412521362304688 0.0251064300537109 -0.0256500244140625
0.0614700317382813 0.0332565307617188 0.036834716796875 0.00550079345703125
0.0763168334960938 0.0151748657226563 0.0362052917480469 0.0167121887207031
0.0664558410644531 -0.016876220703125 0.034637451171875 0.00875091552734375
0.0468940734863281 -0.0321578979492187 0.0287399291992188 0.00510215759277344
0.0217933654785156 -0.0525741577148438 0.0175657272338867 -0.00194263458251953
0.000644683837890623 -0.0518455505371094 0.0053400993347168 0.00555419921875
-0.00374221801757813 -0.0473175048828125 -0.001220703125 0.019927978515625
-0.00946044921875 -0.0516395568847656 -0.0063018798828125 0.0325965881347656
-0.00474548339843751 -0.0512619018554688 -0.0238990783691406 0.0376091003417969
0.017120361328125 -0.0526924133300781 -0.0302314758300781 0.0313262939453125
0.0326080322265625 -0.0489120483398438 -0.0314807891845703 0.0106487274169922
0.0610008239746094 -0.0175132751464844 -0.0244522094726562 -0.00414276123046876
0.0680618286132813 0.00259017944335938 -0.005584716796875 -0.00414896011352539
0.0666007995605469 0.0215263366699219 0.0179157257080078 0.02398681640625
0.0543136596679688 0.0383872985839844 0.0453529357910156 -0.0145721435546875
0.0514335632324219 0.0325851440429688 0.0471611022949219 0.0108718872070313
0.0677413940429688 0.0134544372558594 0.0353469848632813 0.0201835632324219
0.0572280883789063 -0.0170021057128906 0.0305309295654297 0.0189590454101563
0.0350494384765625 -0.0288791656494141 0.0238265991210938 0.0184173583984375
0.0142745971679688 -0.0430870056152344 0.0173959732055664 0.0146350860595703
-0.00220489501953125 -0.0397491455078125 0.0102958679199219 0.0215682983398437
-0.00388717651367187 -0.0382881164550781 0.00565147399902344 0.0324459075927734
-0.0092010498046875 -0.0415802001953125 -0.00090408325195313 0.0451507568359375
-0.00686264038085938 -0.0421104431152344 -0.0194778442382813 0.0474281311035156
0.0126609802246094 -0.0445060729980469 -0.0253639221191406 0.0377120971679688
0.0285224914550781 -0.0418548583984375 -0.02679443359375 0.017120361328125
0.0570068359375 -0.014801025390625 -0.0188179016113281 0.00131034851074218
0.059326171875 0.00825119018554687 0.00606727600097657 -0.000788688659667968
0.0546798706054688 0.0240135192871094 0.03521728515625 0.0371437072753906
0.0322418212890625 0.0325775146484375 0.0560569763183594 -0.00681686401367187
0.0344772338867188 0.0285987854003906 0.0540504455566406 0.0135231018066406
0.0486221313476563 0.0101280212402344 0.0329685211181641 0.0213470458984375
0.0364952087402344 -0.0148124694824219 0.0261554718017578 0.0249557495117188
0.0182876586914062 -0.0213069915771484 0.0217266082763672 0.0255203247070313
0.00362014770507812 -0.0253791809082031 0.0189437866210938 0.0249748229980469
-0.0025177001953125 -0.0216293334960938 0.0152244567871094 0.0327243804931641
-0.00383567810058594 -0.0210170745849609 0.0100936889648437 0.0416603088378906
-0.00769424438476563 -0.0250186920166016 0.00283050537109375 0.0547370910644531
-0.00657272338867188 -0.0263710021972656 -0.017730712890625 0.0561714172363281
0.00623512268066406 -0.0317440032958984 -0.0242233276367187 0.0427627563476563
0.0201549530029297 -0.0314826965332031 -0.0251617431640625 0.0205745697021484
0.0443572998046875 -0.00939178466796875 -0.0151786804199219 0.00459861755371093
0.0431556701660156 0.00968551635742188 0.0155029296875 0.00531005859375
0.0363731384277344 0.0230979919433594 0.0489578247070313 0.0479164123535156
-0.00323390960693359 -0.00935745239257813 -0.0554351806640625 -0.0504570007324219
-0.0253620147705078 -0.00538825988769531 -0.0220355987548828 -0.00930595397949219
-0.0223350524902344 0.00934982299804688 0.017146110534668 -0.00521659851074219
-0.0103302001953125 0.0179157257080078 0.0322704315185547 -0.0224437713623047
0.00339984893798828 0.0161666870117188 0.0308456420898438 -0.0403671264648438
0.00780010223388672 0.0086207389831543 0.0135459899902344 -0.0608978271484375
0.00469589233398438 0.000754356384277344 -0.00704574584960937 -0.0615730285644531
0.00300765037536621 0.00161027908325195 -0.01507568359375 -0.0460472106933594
0.00234770774841309 0.000906229019165039 -0.0216884613037109 -0.0347442626953125
0.00310778617858887 0.00226497650146484 -0.0236892700195313 -0.0306720733642578
-0.00231361389160156 0.00762939453125 -0.0296001434326172 -0.0289211273193359
-0.0120697021484375 0.00520229339599609 -0.0292301177978516 -0.0293960571289063
-0.01885986328125 -0.0115432739257813 -0.0333747863769531 -0.0290679931640625
-0.0158329010009766 -0.0211391448974609 -0.0568809509277344 -0.0140914916992187
-0.000411987304687499 -0.0200729370117188 -0.0586204528808594 -0.0055999755859375
0.0221920013427734 0.000988006591796875 -0.0523490905761719 -0.0552597045898438
-0.00288224220275879 0.000132083892822266 -0.0178165435791016 -0.012603759765625
-0.000208854675292969 0.009002685546875 0.0206451416015625 -0.00479698181152344
0.00809192657470703 0.00928020477294922 0.0354423522949219 -0.0225410461425781
0.0170621871948242 0.00294780731201172 0.03411865234375 -0.0387535095214844
0.0134782791137695 -0.0115871429443359 0.0151214599609375 -0.0601768493652344
0.00414276123046875 -0.0201320648193359 -0.00685501098632812 -0.059417724609375
0.00240325927734375 -0.0185317993164063 -0.0163955688476563 -0.0420608520507813
0.001373291015625 -0.0217514038085938 -0.0230884552001953 -0.0283832550048828
0.007598876953125 -0.0200443267822266 -0.0293998718261719 -0.0245761871337891
0.0139198303222656 -0.0111637115478516 -0.0362434387207031 -0.0219154357910156
0.0109672546386719 -0.00665378570556641 -0.0335693359375 -0.0266933441162109
0.00693845748901367 -0.00563859939575195 -0.0332489013671875 -0.0266571044921875
0.010890007019043 -0.0105791091918945 -0.0517807006835938 -0.0114707946777344
0.0242118835449219 -0.00919342041015625 -0.0534896850585938 -0.00572204589843749
0.0446701049804688 0.0142097473144531 -0.0418357849121094 -0.0537643432617188
0.0225772857666016 0.009521484375 -0.0087442398071289 -0.0112991333007813
0.0269279479980469 0.00969886779785156 0.0264129638671875 -0.00126457214355469
0.0297451019287109 0.000164031982421875 0.0404243469238281 -0.0188713073730469
0.0309238433837891 -0.0106163024902344 0.0359230041503906 -0.0344581604003906
0.0189704895019531 -0.0307426452636719 0.0164337158203125 -0.0527839660644531
0.0028839111328125 -0.0388259887695313 -0.00587081909179687 -0.0496444702148438
0.000724792480468747 -0.0355987548828125 -0.0154342651367188 -0.0304088592529297
-0.0017852783203125 -0.0407371520996094 -0.0210819244384766 -0.016143798828125
0.00603103637695312 -0.0404090881347656 -0.0325489044189453 -0.0111274719238281
0.0221176147460938 -0.0323028564453125 -0.0402641296386719 -0.00881576538085938
0.0272941589355469 -0.0247173309326172 -0.0381889343261719 -0.0195159912109375
0.0330028533935547 -0.00772857666015625 -0.0342521667480469 -0.0227813720703125
0.03759765625 -0.00387954711914063 -0.0426788330078125 -0.00916290283203126
0.0452919006347656 0.00166702270507813 -0.0414619445800781 -0.00349426269531249
0.0634841918945313 0.0275192260742188 -0.0207099914550781 -0.0494880676269531
0.0440826416015625 0.0173912048339844 0.00559711456298828 -0.00709009170532226
0.0521202087402344 0.00989151000976562 0.0325660705566406 0.00499534606933594
0.0480613708496094 -0.00909805297851563 0.0427627563476563 -0.0108222961425781
0.0410423278808594 -0.0212364196777344 0.0369148254394531 -0.02349853515625
0.0230331420898438 -0.0446586608886719 0.0185661315917969 -0.0390586853027344
0.00298309326171875 -0.0513153076171875 -0.001922607421875 -0.0346317291259766
-0.000659942626953129 -0.0468177795410156 -0.0121126174926758 -0.015599250793457
-0.00559234619140625 -0.0524139404296875 -0.0181255340576172 -0.000305175781250005
0.00208663940429687 -0.0517997741699219 -0.0330181121826172 0.00521278381347656
0.0226936340332031 -0.0468177795410156 -0.0396766662597656 0.00518798828125
0.033050537109375 -0.0393562316894531 -0.03900146484375 -0.00951385498046875
0.0498085021972656 -0.0145835876464844 -0.0332355499267578 -0.0161552429199219
0.0567855834960938 -0.00350189208984375 -0.0329132080078125 -0.008453369140625
0.062774658203125 0.00995254516601562 -0.0245571136474609 0.00476837158203125
0.0716400146484375 0.0376129150390625 0.00452041625976563 -0.0388450622558594
0.0587806701660156 0.02630615234375 0.0217514038085938 -0.000297546386718748
0.07037353515625 0.0128707885742187 0.0367164611816406 0.0120391845703125
0.0624923706054687 -0.0157241821289062 0.0404205322265625 -0.000724792480468751
0.0479011535644531 -0.0301704406738281 0.0338630676269531 -0.00789451599121094
0.0242271423339844 -0.0526351928710938 0.0191631317138672 -0.0209980010986328
0.00210189819335937 -0.0559654235839844 0.00224494934082031 -0.0146465301513672
-0.00185775756835938 -0.0514564514160156 -0.00716114044189453 0.00189971923828125
-0.00890731811523438 -0.0558738708496094 -0.0130214691162109 0.0160408020019531
-0.00219345092773438 -0.0555763244628906 -0.0291538238525391 0.0209217071533203
0.0198402404785156 -0.0532150268554688 -0.03509521484375 0.0194950103759766
0.0346488952636719 -0.048553466796875 -0.0363578796386719 0.00197982788085938
0.059906005859375 -0.0197029113769531 -0.030426025390625 -0.0104026794433594
0.06768798828125 -0.001739501953125 -0.0208187103271484 -0.00812149047851562
0.0700759887695313 0.017486572265625 -0.00442981719970703 0.0141286849975586
0.0688247680664062 0.0409202575683594 0.0255527496337891 -0.0268230438232422
0.0615463256835938 0.0330429077148438 0.0356788635253906 0.00646209716796875
0.0765762329101563 0.0158538818359375 0.0371322631835938 0.0176620483398438
0.0667495727539063 -0.0177574157714844 0.0363426208496094 0.0109062194824219
0.04681396484375 -0.0325202941894531 0.0288219451904297 0.00590133666992187
0.0211563110351563 -0.0521888732910156 0.0176219940185547 -0.00236701965332032
0.00049209594726563 -0.0529670715332031 0.00500869750976563 0.00541210174560547
-0.0029449462890625 -0.0484466552734375 -0.00110626220703125 0.0193386077880859
-0.00982284545898438 -0.052703857421875 -0.00583076477050781 0.0326862335205078
-0.00457763671875 -0.0512123107910156 -0.0241737365722656 0.0364952087402344
0.0171165466308594 -0.0524177551269531 -0.0304164886474609 0.0313949584960938
0.0330009460449219 -0.0489959716796875 -0.032318115234375 0.0100383758544922
0.0620613098144531 -0.0188560485839844 -0.0247211456298828 -0.00555229187011719
0.0686225891113281 0.00284194946289062 -0.00553464889526367 -0.0053257942199707
0.0675201416015625 0.0222892761230469 0.0175647735595703 0.0253181457519531
0.0547714233398438 0.0400505065917969 0.0459785461425781 -0.0153007507324219
0.0518913269042969 0.033111572265625 0.0472030639648438 0.0117378234863281
0.0673332214355469 0.0154151916503906 0.0356559753417969 0.020660400390625
0.0565834045410156 -0.0170478820800781 0.0290966033935547 0.0195846557617188
0.0356216430664063 -0.0285835266113281 0.0231742858886719 0.0190582275390625
0.0135154724121094 -0.04241943359375 0.0168895721435547 0.015049934387207
-0.00145339965820313 -0.0411605834960937 0.0102519989013672 0.0227184295654297
-0.0042877197265625 -0.0383415222167969 0.00476455688476563 0.0335121154785156
-0.00918960571289063 -0.0416145324707031 -0.00139999389648437 0.0451202392578125
-0.006256103515625 -0.0417747497558594 -0.020599365234375 0.0476493835449219
0.0129127502441406 -0.0442276000976562 -0.0256881713867188 0.0380973815917969
0.0285224914550781 -0.0430183410644531 -0.0274887084960937 0.0165481567382812
0.0569877624511719 -0.0143699645996094 -0.0190277099609375 -0.000421524047851564
0.06011962890625 0.007476806640625 0.00655031204223633 -0.00135374069213867
0.0561180114746094 0.0251884460449219 0.0361785888671875 0.0377349853515625
0.0331573486328125 0.0329246520996094 0.0567741394042969 -0.005615234375
0.0344333648681641 0.0282783508300781 0.0537261962890625 0.0143547058105469
0.0488319396972656 0.0102424621582031 0.0333080291748047 0.021942138671875
0.0364952087402344 -0.0155487060546875 0.0257148742675781 0.0266208648681641
0.0176982879638672 -0.0210132598876953 0.0220050811767578 0.0261001586914063
0.00319290161132812 -0.0249977111816406 0.0187282562255859 0.0253105163574219
-0.00278854370117187 -0.0222434997558594 0.0155010223388672 0.0334339141845703
-0.00449752807617188 -0.0221920013427734 0.0102767944335938 0.0421066284179688
-0.00831222534179688 -0.0250186920166016 0.0023040771484375 0.0548439025878906
-0.00689125061035157 -0.0266036987304688 -0.0180168151855469 0.0562019348144531
0.00668716430664062 -0.0315876007080078 -0.0247611999511719 0.04254150390625
0.0204715728759766 -0.0326023101806641 -0.0254020690917969 0.020660400390625
0.0446929931640625 -0.00966644287109375 -0.0157680511474609 0.00372314453125
0.0434761047363281 0.0104637145996094 0.0151042938232422 0.00500392913818359
0.0363426208496094 0.0229988098144531 0.04931640625 0.0497474670410156
-0.00324630737304687 -0.00988292694091797 -0.0575714111328125 -0.051666259765625
-0.0258693695068359 -0.00588226318359375 -0.0231437683105469 -0.00940513610839844
-0.0224494934082031 0.00981903076171875 0.0177288055419922 -0.00498580932617187
-0.0105152130126953 0.0185089111328125 0.0333385467529297 -0.0233707427978516
0.00340080261230469 0.0164690017700195 0.0318870544433594 -0.0414009094238281
0.00807952880859375 0.00884151458740234 0.0144309997558594 -0.0622215270996094
0.00502681732177734 5.00679016113281E-05 -0.00692367553710937 -0.06390380859375
0.0034482479095459 0.00156664848327637 -0.0151557922363281 -0.0480575561523438
0.00209498405456543 0.000914692878723145 -0.0216560363769531 -0.0357513427734375
0.0031898021697998 0.00218963623046875 -0.0238704681396484 -0.0317783355712891
-0.00140666961669922 0.00782394409179688 -0.0300655364990234 -0.0295543670654297
-0.0119819641113281 0.00563526153564453 -0.0299758911132813 -0.0307865142822266
-0.0195446014404297 -0.0114688873291016 -0.0341453552246094 -0.0303211212158203
-0.0163707733154297 -0.0217628479003906 -0.0584030151367187 -0.0154342651367188
0.000574111938476562 -0.0212059020996094 -0.0610923767089844 -0.00651931762695312
0.0233001708984375 0.000482559204101563 -0.0545883178710937 -0.0577964782714844
-0.00313925743103027 0.00025796890258789 -0.0188331604003906 -0.0129871368408203
0.000187873840332032 0.00897884368896484 0.0210342407226563 -0.00438499450683594
0.00770854949951172 0.00970649719238281 0.0368919372558594 -0.0223121643066406
0.0173768997192383 0.00326156616210938 0.0354995727539063 -0.0407524108886719
0.013890266418457 -0.0117025375366211 0.0164794921875 -0.0616416931152344
0.003692626953125 -0.0214405059814453 -0.0070343017578125 -0.0612983703613281
0.0023956298828125 -0.0191230773925781 -0.0169448852539062 -0.0434532165527344
0.00149917602539063 -0.0225162506103516 -0.0236263275146484 -0.0298213958740234
0.00795936584472656 -0.0209865570068359 -0.0302276611328125 -0.0248851776123047
0.0145721435546875 -0.0122957229614258 -0.0367431640625 -0.0224380493164063
0.0109529495239258 -0.00730609893798828 -0.0345935821533203 -0.0284442901611328
0.00773334503173828 -0.00600004196166992 -0.0345211029052734 -0.0282974243164062
0.0111093521118164 -0.010706901550293 -0.0536613464355469 -0.0121917724609375
0.0256805419921875 -0.00960159301757813 -0.055206298828125 -0.00696563720703124
0.0468177795410156 0.0140419006347656 -0.0434150695800781 -0.055389404296875
0.0234909057617187 0.0103855133056641 -0.00949668884277344 -0.0115118026733398
0.0280876159667969 0.0106239318847656 0.02752685546875 -0.000778198242187499
0.0310401916503906 0.00051116943359375 0.0419692993164063 -0.0189208984375
0.0318431854248047 -0.0111637115478516 0.0376968383789063 -0.0356636047363281
0.0193595886230469 -0.0320243835449219 0.0175628662109375 -0.0538597106933594
0.00212860107421875 -0.0405731201171875 -0.00580978393554687 -0.0509262084960938
0.000797271728515626 -0.0370216369628906 -0.0157546997070313 -0.0313224792480469
-0.00244140625 -0.0418815612792969 -0.0217170715332031 -0.0167255401611328
0.006317138671875 -0.0413894653320313 -0.0332984924316406 -0.0111560821533203
0.0227890014648438 -0.0339679718017578 -0.0409202575683594 -0.00875473022460937
0.0278682708740234 -0.0252571105957031 -0.0399513244628906 -0.0208511352539063
0.0341167449951172 -0.00767898559570313 -0.0355453491210938 -0.0247650146484375
0.0398788452148437 -0.004180908203125 -0.0440139770507813 -0.0106315612792969
0.0477409362792969 0.00127029418945313 -0.0426063537597656 -0.00400161743164063
0.0658378601074219 0.0282020568847656 -0.0217132568359375 -0.0515556335449219
0.0453872680664062 0.018463134765625 0.0052328109741211 -0.00681209564208984
0.0532302856445313 0.0103950500488281 0.0337543487548828 0.00594329833984375
0.049591064453125 -0.0098724365234375 0.0437202453613281 -0.0106849670410156
0.0422134399414063 -0.0224990844726563 0.0387458801269531 -0.0233192443847656
0.0234527587890625 -0.0457267761230469 0.01983642578125 -0.0405311584472656
0.00270843505859375 -0.0531578063964844 -0.00232315063476562 -0.0354270935058594
-0.00065994262695312 -0.0484390258789063 -0.0127420425415039 -0.0155038833618164
-0.00568389892578125 -0.0541534423828125 -0.0186824798583984 -0.000642776489257816
0.00173187255859376 -0.0525016784667969 -0.0337162017822266 0.00541877746582031
0.0230979919433594 -0.048126220703125 -0.0411911010742188 0.00554656982421875
0.0342178344726563 -0.0409164428710937 -0.0411415100097656 -0.0100288391113281
0.0516815185546875 -0.0150909423828125 -0.0345802307128906 -0.0178432464599609
0.0585479736328125 -0.00322723388671875 -0.0343704223632813 -0.00960350036621094
0.0649833679199219 0.0104598999023437 -0.0254116058349609 0.00452804565429688
0.0740432739257813 0.0390167236328125 0.00436019897460938 -0.0403366088867188
0.0602607727050781 0.0270576477050781 0.0219192504882813 -0.000152587890624998
0.0728530883789063 0.0134201049804688 0.0376243591308594 0.0131797790527344
0.0644416809082031 -0.0167579650878906 0.0421562194824219 0.000141143798828124
0.048736572265625 -0.030548095703125 0.0349483489990234 -0.007659912109375
0.0248756408691406 -0.0534439086914063 0.0202064514160156 -0.0210647583007813
0.00171279907226563 -0.0578041076660156 0.00231170654296875 -0.0156059265136719
-0.0023193359375 -0.052825927734375 -0.00775718688964844 0.00258255004882812
-0.0092010498046875 -0.0580635070800781 -0.0133953094482422 0.0164108276367187
-0.00286865234375 -0.0566787719726562 -0.0300064086914062 0.0219917297363281
0.0203208923339844 -0.0555801391601563 -0.0359153747558594 0.0198326110839844
0.0352020263671875 -0.05035400390625 -0.0380477905273438 0.0014801025390625
0.0623435974121094 -0.0198898315429688 -0.0312900543212891 -0.0114097595214844
0.0698280334472656 -0.00185394287109375 -0.0216178894042969 -0.00894355773925781
0.0727691650390625 0.0181884765625 -0.00478458404541015 0.0148096084594727
0.0712051391601563 0.0426864624023438 0.0261077880859375 -0.0277862548828125
0.063018798828125 0.0350494384765625 0.0361328125 0.00719833374023438
0.0798110961914063 0.0164794921875 0.0376243591308594 0.0191535949707031
0.068328857421875 -0.0185050964355469 0.0371208190917969 0.0115737915039063
0.0477333068847656 -0.0326309204101563 0.0300159454345703 0.00672149658203125
0.0219917297363281 -0.0539970397949219 0.0185337066650391 -0.00225639343261719
0.000144958496093745 -0.0547523498535156 0.00597906112670898 0.00562715530395507
-0.003509521484375 -0.0500640869140625 -0.00159454345703125 0.0205554962158203
-0.0105361938476563 -0.0543327331542969 -0.00635337829589844 0.0334510803222656
-0.0053863525390625 -0.0532112121582031 -0.0247268676757812 0.0385208129882813
0.0171279907226563 -0.0539665222167969 -0.0314407348632813 0.0316295623779297
0.0339698791503906 -0.050689697265625 -0.0336074829101563 0.0100879669189453
0.064117431640625 -0.0191688537597656 -0.0256671905517578 -0.00588417053222656
0.0708541870117188 0.0028228759765625 -0.00611400604248046 -0.00510215759277344
0.07012939453125 0.0233230590820313 0.0183906555175781 0.0261631011962891
0.056549072265625 0.0412826538085938 0.0475044250488281 -0.0148963928222656
0.0529632568359375 0.0351371765136719 0.0485305786132813 0.0129127502441406
0.0702247619628906 0.0163955688476563 0.0366058349609375 0.0223274230957031
0.0585594177246094 -0.0175857543945313 0.0302772521972656 0.0213584899902344
0.03692626953125 -0.0292701721191406 0.023956298828125 0.0202522277832031
0.0139007568359375 -0.0434646606445313 0.0177211761474609 0.0158061981201172
-0.00118255615234375 -0.0424041748046875 0.0108795166015625 0.0235252380371094
-0.00445175170898437 -0.0394210815429688 0.00451278686523438 0.03521728515625
-0.00978469848632813 -0.0430564880371094 -0.00119781494140625 0.0466461181640625
-0.00696945190429687 -0.042633056640625 -0.0209159851074219 0.0498008728027344
0.0127143859863281 -0.0456085205078125 -0.0271415710449219 0.0389289855957031
0.0289192199707031 -0.04461669921875 -0.0290260314941406 0.0167980194091797
0.0586509704589844 -0.0146751403808594 -0.0203475952148437 -0.000993728637695316
0.0614509582519531 0.00769424438476563 0.00665044784545899 -0.0015721321105957
0.0575981140136719 0.0265579223632813 0.0377883911132813 0.0393905639648438
0.0342502593994141 0.0332183837890625 0.0592803955078125 -0.0058135986328125
0.0351676940917969 0.0298805236816406 0.0551109313964844 0.0158042907714844
0.0504684448242188 0.0109786987304688 0.0341911315917969 0.0230464935302734
0.0372543334960938 -0.0160865783691406 0.0269813537597656 0.0277137756347656
0.0184364318847656 -0.0208702087402344 0.0228481292724609 0.0273361206054688
0.003143310546875 -0.0253257751464844 0.0189628601074219 0.0264225006103516
-0.00333404541015625 -0.0225963592529297 0.0159397125244141 0.0350437164306641
-0.00507545471191406 -0.0229415893554688 0.0103569030761719 0.0440483093261719
-0.00881195068359375 -0.0256576538085938 0.00262451171875 0.0566368103027344
-0.00724601745605469 -0.0274028778076172 -0.0186347961425781 0.0583114624023437
0.00644683837890625 -0.0324993133544922 -0.0255088806152344 0.043670654296875
0.0205841064453125 -0.0333423614501953 -0.0269107818603516 0.0210094451904297
0.0459442138671875 -0.0102043151855469 -0.016850471496582 0.0033111572265625
0.0444602966308594 0.010711669921875 0.0159702301025391 0.00496101379394531
0.0377693176269531 0.0242576599121094 0.0514183044433594 0.0521469116210938
-0.00343513488769531 -0.0107173919677734 -0.0616950988769531 -0.0534782409667969
-0.0273017883300781 -0.00543403625488281 -0.0244884490966797 -0.008819580078125
-0.0234031677246094 0.0104103088378906 0.0188751220703125 -0.00511932373046875
-0.0107860565185547 0.0197467803955078 0.0343112945556641 -0.0237712860107422
0.00397586822509765 0.0171127319335938 0.0331344604492188 -0.0437889099121094
0.00904655456542969 0.00913333892822266 0.0142974853515625 -0.0657691955566406
0.00508308410644531 -0.000243663787841797 -0.00894546508789063 -0.06683349609375
0.0035707950592041 0.00133061408996582 -0.0172080993652344 -0.0505218505859375
0.0024421215057373 0.00128340721130371 -0.0232582092285156 -0.0375709533691406
0.00358772277832031 0.00206995010375977 -0.0252170562744141 -0.0333843231201172
-0.00125408172607422 0.00837469100952148 -0.0320262908935547 -0.0304794311523437
-0.0122528076171875 0.00586605072021484 -0.0321292877197266 -0.0316314697265625
-0.0206832885742188 -0.0112419128417969 -0.0360984802246094 -0.031982421875
-0.0170555114746094 -0.0220890045166016 -0.061279296875 -0.0155143737792969
0.000230789184570314 -0.0222396850585938 -0.0649528503417969 -0.00598907470703124
0.0251312255859375 0.000316619873046875 -0.0582771301269531 -0.0596160888671875
-0.00361490249633789 0.000201940536499024 -0.020477294921875 -0.0126380920410156
0.000543594360351563 0.00960731506347656 0.0221538543701172 -0.00514411926269531
0.0081939697265625 0.00994205474853516 0.0380935668945313 -0.0236778259277344
0.018157958984375 0.0028533935546875 0.0368843078613281 -0.042694091796875
0.0140237808227539 -0.0130929946899414 0.0164375305175781 -0.0645561218261719
0.00292778015136718 -0.0231056213378906 -0.00841140747070312 -0.0643653869628906
0.00178146362304688 -0.0205554962158203 -0.01861572265625 -0.0450897216796875
0.00086784362792969 -0.0234756469726563 -0.0250492095947266 -0.031097412109375
0.00741195678710937 -0.0222492218017578 -0.0317134857177734 -0.0258598327636719
0.0153350830078125 -0.0133161544799805 -0.0387840270996094 -0.023040771484375
0.0115156173706055 -0.00777721405029297 -0.0365867614746094 -0.0295219421386719
0.00798130035400391 -0.0066680908203125 -0.0361137390136719 -0.0298728942871094
0.0123348236083984 -0.0111303329467773 -0.0564651489257812 -0.0129623413085938
0.0268516540527344 -0.0112667083740234 -0.0590057373046875 -0.00680923461914062
0.0493316650390625 0.01434326171875 -0.0472373962402344 -0.057586669921875
0.0244712829589844 0.0103626251220703 -0.010223388671875 -0.0113325119018555
0.0299911499023437 0.0105037689208984 0.0284385681152344 -0.000608444213867187
0.0320663452148438 -0.000486373901367188 0.0433273315429687 -0.020263671875
0.0330162048339844 -0.01239013671875 0.038970947265625 -0.0374488830566406
0.0191707611083984 -0.0340061187744141 0.0175552368164062 -0.0569572448730469
0.00117874145507813 -0.0431251525878906 -0.006927490234375 -0.0537986755371094
0.000259399414062499 -0.0390815734863281 -0.0169429779052734 -0.0323696136474609
-0.00368499755859375 -0.0444602966308594 -0.0229263305664063 -0.0176296234130859
0.00519180297851563 -0.0432586669921875 -0.0343036651611328 -0.0108566284179687
0.0225105285644531 -0.0366134643554688 -0.0429115295410156 -0.00868225097656249
0.0284767150878906 -0.0273284912109375 -0.0426292419433594 -0.0211143493652344
0.0362510681152344 -0.00912094116210938 -0.0374832153320313 -0.0258979797363281
0.0418930053710938 -0.00506210327148437 -0.0462532043457031 -0.0118255615234375
0.0504379272460938 0.00103378295898438 -0.0456619262695312 -0.00355529785156251
0.0698318481445313 0.0280380249023437 -0.0242652893066406 -0.0533065795898437
0.0484085083007813 0.0185623168945313 0.00416278839111328 -0.00670957565307617
0.0565834045410156 0.0102691650390625 0.0355873107910156 0.00642776489257813
0.051361083984375 -0.0109100341796875 0.0460243225097656 -0.0111007690429688
0.0442771911621094 -0.0245742797851563 0.0408363342285156 -0.0249061584472656
0.0238456726074219 -0.0481986999511719 0.0203819274902344 -0.0426979064941406
0.00107574462890625 -0.05560302734375 -0.00307464599609375 -0.0374069213867188
-0.00164413452148437 -0.0507164001464844 -0.0134773254394531 -0.0156631469726563
-0.00784683227539063 -0.0559654235839844 -0.0194034576416016 -0.000471115112304689
0.000797271728515625 -0.0554275512695313 -0.0351219177246094 0.00674629211425781
0.0237083435058594 -0.0510749816894531 -0.0429725646972656 0.00666809082031249
0.0345268249511719 -0.0432853698730469 -0.0438652038574219 -0.0100250244140625
0.0544662475585937 -0.0162086486816406 -0.0367164611816406 -0.0189971923828125
0.0616722106933594 -0.00463485717773438 -0.0359573364257812 -0.00983810424804688
0.0691452026367188 0.0100059509277344 -0.0268001556396484 0.00497627258300781
0.078704833984375 0.0392913818359375 0.00355911254882813 -0.0423126220703125
0.0632705688476563 0.0283660888671875 0.0220966339111328 -8.39233398437483E-05
0.0771255493164063 0.01300048828125 0.0389976501464844 0.0140914916992188
0.0670661926269531 -0.0182113647460938 0.0441055297851563 0.000228881835937499
0.0509567260742188 -0.0325508117675781 0.0368385314941406 -0.00809478759765625
0.0250091552734375 -0.0562324523925781 0.0211944580078125 -0.0223770141601563
0.000587463378906252 -0.0611381530761719 0.00189018249511719 -0.0161104202270508
-0.0034027099609375 -0.0554618835449219 -0.00803470611572266 0.00287437438964843
-0.0110054016113281 -0.0607833862304688 -0.01373291015625 0.0172719955444336
-0.0041961669921875 -0.0589179992675781 -0.0308914184570313 0.0237350463867187
0.0197792053222656 -0.0587577819824219 -0.0376167297363281 0.021087646484375
0.035980224609375 -0.0535087585449219 -0.0407791137695313 0.00199508666992188
0.0648117065429687 -0.0224189758300781 -0.0339756011962891 -0.0122413635253906
0.073089599609375 -0.0033721923828125 -0.0227870941162109 -0.00950431823730468
0.0774688720703125 0.0183563232421875 -0.00481796264648437 0.0158243179321289
0.0754928588867188 0.0436630249023438 0.0267658233642578 -0.02923583984375
0.0665054321289063 0.035491943359375 0.0372657775878906 0.00745010375976563
0.0838546752929688 0.0157546997070313 0.0398101806640625 0.0197334289550781
0.0709686279296875 -0.0201644897460938 0.0391616821289063 0.0121307373046875
0.0492172241210937 -0.0345344543457031 0.0319309234619141 0.00755691528320312
0.0216751098632813 -0.0561408996582031 0.0193557739257813 -0.00216484069824219
-0.00121688842773438 -0.0574378967285156 0.00612306594848633 0.00599288940429687
-0.00531005859375 -0.0524673461914063 -0.00172996520996094 0.0222244262695312
-0.0124626159667969 -0.05682373046875 -0.00588607788085937 0.0351829528808594
-0.0069580078125 -0.055023193359375 -0.0254135131835938 0.0413246154785156
0.0162887573242188 -0.0569992065429688 -0.0325832366943359 0.0336036682128906
0.0339126586914062 -0.0541534423828125 -0.0357208251953125 0.0112037658691406
0.066650390625 -0.0218467712402344 -0.0270252227783203 -0.00689125061035156
0.0740814208984375 0.0019073486328125 -0.00634288787841796 -0.0068354606628418
0.0737457275390625 0.0240859985351563 0.0203056335449219 0.0272655487060547
0.06005859375 0.0418052673339844 0.049560546875 -0.0163230895996094
0.0555992126464844 0.0362930297851563 0.0505485534667969 0.0124702453613281
0.0740509033203125 0.01568603515625 0.038787841796875 0.022979736328125
0.0606193542480469 -0.0193710327148438 0.0326290130615234 0.0223503112792969
0.0377197265625 -0.0307350158691406 0.0258922576904297 0.0208225250244141
0.0133399963378906 -0.0450630187988281 0.0185832977294922 0.0159893035888672
-0.00238037109375 -0.0445556640625 0.0122165679931641 0.0243167877197266
-0.0054779052734375 -0.0415458679199219 0.005279541015625 0.0365066528320313
-0.0115013122558594 -0.0456390380859375 -0.000717163085937498 0.0487556457519531
-0.00807952880859375 -0.0440826416015625 -0.0213203430175781 0.0525627136230469
0.0117568969726562 -0.0483741760253906 -0.0277214050292969 0.0410346984863281
0.0295639038085938 -0.0469512939453125 -0.0302696228027344 0.0177383422851562
0.0618171691894531 -0.0165863037109375 -0.0217857360839844 -0.000894546508789061
0.0644950866699219 0.00730133056640625 0.0069260597229004 -0.00212430953979492
0.0616531372070312 0.0268707275390625 0.0402679443359375 0.0407791137695313
0.0369110107421875 0.0338478088378906 0.0621566772460937 -0.00705337524414062
0.0370407104492188 0.0308494567871094 0.05755615234375 0.0170707702636719
0.0524444580078125 0.0105247497558594 0.0362815856933594 0.0239181518554688
0.0380058288574219 -0.0174217224121094 0.0288887023925781 0.0293750762939453
0.0186538696289063 -0.0213737487792969 0.0240917205810547 0.0287132263183594
0.00286102294921875 -0.0257854461669922 0.0205459594726563 0.0275249481201172
-0.00372505187988281 -0.0239410400390625 0.0174446105957031 0.0360832214355469
-0.00556564331054687 -0.0242538452148438 0.0117607116699219 0.0463905334472656
-0.00970458984375 -0.0267105102539063 0.00420761108398438 0.0590705871582031
-0.00845718383789063 -0.0278282165527344 -0.018341064453125 0.0614356994628906
0.00562477111816407 -0.0342636108398438 -0.0264930725097656 0.0459671020507812
0.0204963684082031 -0.0355720520019531 -0.0284748077392578 0.0222530364990234
0.0480461120605469 -0.0115737915039063 -0.0178546905517578 0.00336265563964843
0.0464210510253906 0.0108909606933594 0.0167760848999023 0.00485324859619141
0.0401954650878906 0.0249366760253906 0.055328369140625 0.0534324645996094
-0.00367641448974609 -0.0112409591674805 -0.0666465759277344 -0.05303955078125
-0.0290412902832031 -0.00442123413085937 -0.0259647369384766 -0.00760459899902343
-0.0237827301025391 0.0116539001464844 0.0196056365966797 -0.00553321838378906
-0.00989913940429688 0.0211467742919922 0.0350437164306641 -0.0261096954345703
0.00501155853271484 0.0172224044799805 0.03271484375 -0.0467681884765625
0.00980186462402344 0.00842189788818359 0.0125236511230469 -0.0682945251464844
0.00532341003417969 -0.000478744506835937 -0.0123481750488281 -0.0694007873535156
0.0034022331237793 0.00113821029663086 -0.0203361511230469 -0.0517387390136719
0.00282478332519531 0.00120425224304199 -0.0256881713867187 -0.03826904296875
0.00364971160888672 0.00181150436401367 -0.0273342132568359 -0.0339756011962891
-0.00072765350341797 0.00854110717773438 -0.0346164703369141 -0.0305805206298828
-0.0122337341308594 0.00660800933837891 -0.0346603393554687 -0.031951904296875
-0.0218486785888672 -0.0109024047851562 -0.03887939453125 -0.0325393676757813
-0.0187606811523437 -0.0223197937011719 -0.0641288757324219 -0.0143013000488281
-0.000484466552734374 -0.0236148834228516 -0.0685234069824219 -0.00403213500976561
0.0264377593994141 -0.00143241882324219 -0.0646743774414063 -0.0593299865722656
-0.00357460975646973 0.000740289688110351 -0.0220088958740234 -0.0119724273681641
0.00135421752929687 0.0101289749145508 0.0228900909423828 -0.00572013854980469
0.00937366485595703 0.0103225708007812 0.0390243530273438 -0.0257682800292969
0.0193424224853516 0.00172996520996094 0.037200927734375 -0.0454292297363281
0.0143928527832031 -0.0143508911132813 0.0149345397949219 -0.0677032470703125
0.00174140930175781 -0.0243663787841797 -0.0124282836914062 -0.0667152404785156
0.00152778625488281 -0.0209865570068359 -0.0209770202636719 -0.0461387634277344
-0.000391006469726564 -0.0249366760253906 -0.0274314880371094 -0.0310878753662109
0.006988525390625 -0.0232028961181641 -0.0339183807373047 -0.025909423828125
0.0153837203979492 -0.0147733688354492 -0.0410308837890625 -0.022247314453125
0.0117034912109375 -0.00848197937011719 -0.0403861999511719 -0.0292549133300781
0.00849103927612305 -0.00678634643554688 -0.0389366149902344 -0.030487060546875
0.0121622085571289 -0.0124797821044922 -0.059112548828125 -0.0118904113769531
0.0279464721679688 -0.0125770568847656 -0.0619659423828125 -0.00439071655273439
0.0527572631835937 0.0120124816894531 -0.0519676208496094 -0.0573081970214844
0.0261116027832031 0.0102634429931641 -0.0114841461181641 -0.0113773345947266
0.0314960479736328 0.00930023193359375 0.0296478271484375 -0.00121498107910156
0.0330524444580078 -0.00164222717285156 0.044586181640625 -0.0222091674804687
0.034088134765625 -0.0144920349121094 0.0394020080566406 -0.0402145385742188
0.01824951171875 -0.036285400390625 0.016204833984375 -0.0595321655273438
-0.0013427734375 -0.0447959899902344 -0.0100364685058594 -0.0551376342773438
-0.00220489501953125 -0.0406150817871094 -0.0194091796875 -0.0329017639160156
-0.00653457641601563 -0.0460433959960938 -0.0246028900146484 -0.0177326202392578
0.0034027099609375 -0.0448036193847656 -0.0359954833984375 -0.00978469848632813
0.0223159790039063 -0.0391120910644531 -0.0451507568359375 -0.00722885131835938
0.0285053253173828 -0.0299606323242188 -0.0456199645996094 -0.0205039978027344
0.0375709533691406 -0.0109481811523438 -0.0401420593261719 -0.0264511108398438
0.0437088012695313 -0.00701522827148438 -0.0487823486328125 -0.0110816955566406
0.0530586242675781 -0.00117874145507812 -0.0485572814941406 -0.00246810913085938
0.0748367309570313 0.0260696411132813 -0.0277481079101562 -0.0546684265136719
0.0509529113769531 0.017822265625 0.00367021560668946 -0.00727987289428711
0.05987548828125 0.0080413818359375 0.0369720458984375 0.00518417358398438
0.0526962280273438 -0.0140609741210938 0.047821044921875 -0.0134162902832031
0.0448646545410156 -0.0270156860351563 0.0418128967285156 -0.0272178649902344
0.022613525390625 -0.0514945983886719 0.0201606750488281 -0.0450820922851563
-0.00178909301757812 -0.0584678649902344 -0.0048675537109375 -0.0384635925292969
-0.0039215087890625 -0.0529212951660156 -0.01483154296875 -0.0153980255126953
-0.0112571716308594 -0.0585861206054688 -0.0203723907470703 0.000282287597656242
-0.00188827514648438 -0.0569915771484375 -0.0358848571777344 0.00870513916015624
0.0215034484863281 -0.0543136596679688 -0.0441741943359375 0.00878143310546874
0.033477783203125 -0.0474777221679688 -0.0467453002929688 -0.00831222534179689
0.0560569763183594 -0.0195503234863281 -0.0395050048828125 -0.018951416015625
0.0646438598632813 -0.00782394409179688 -0.0383453369140625 -0.0100631713867188
0.073333740234375 0.0074920654296875 -0.0278224945068359 0.00648117065429688
0.084442138671875 0.0378189086914063 0.00153732299804688 -0.0440788269042969
0.0667953491210938 0.0267410278320313 0.0219974517822266 -0.000719070434570311
0.0810470581054688 0.0102767944335938 0.0414505004882813 0.0135421752929688
0.0679969787597656 -0.0222587585449219 0.0458869934082031 -0.00100326538085938
0.0518684387207031 -0.0360298156738281 0.0387802124023438 -0.00952911376953125
0.023040771484375 -0.0594291687011719 0.0215110778808594 -0.0243206024169922
-0.002655029296875 -0.0639152526855469 0.00112438201904297 -0.0165214538574219
-0.00634765625 -0.057708740234375 -0.00834512710571289 0.00367927551269531
-0.0146598815917969 -0.0625114440917969 -0.0131034851074219 0.0182857513427734
-0.00719833374023437 -0.06072998046875 -0.0308723449707031 0.0261955261230469
0.0171890258789062 -0.0616798400878906 -0.03826904296875 0.0235671997070312
0.033966064453125 -0.0576133728027344 -0.0426483154296875 0.00364303588867188
0.0670928955078125 -0.0255622863769531 -0.0358238220214844 -0.0117683410644531
0.07598876953125 -0.00667572021484375 -0.0240993499755859 -0.0100040435791016
0.0823822021484375 0.0160903930664063 -0.00430488586425781 0.0164270401000977
0.0808486938476563 0.0415496826171875 0.0265178680419922 -0.0311794281005859
0.0703506469726563 0.0347213745117188 0.0389022827148438 0.00647354125976563
0.0880813598632813 0.0125885009765625 0.0424880981445313 0.0193824768066406
0.07220458984375 -0.024139404296875 0.0413665771484375 0.0116729736328125
0.0505561828613281 -0.0382575988769531 0.0334205627441406 0.00617599487304687
0.0198593139648437 -0.0588531494140625 0.0201168060302734 -0.00345039367675782
-0.0039520263671875 -0.0597038269042969 0.00671815872192383 0.00565290451049804
-0.00746154785156249 -0.0539512634277344 6.29425048828103E-05 0.0233974456787109
-0.0165977478027344 -0.05841064453125 -0.00452041625976562 0.0370941162109375
-0.00972366333007812 -0.0560646057128906 -0.0241050720214844 0.0440864562988281
0.0140495300292969 -0.0601272583007812 -0.0326690673828125 0.0365409851074219
0.0322380065917969 -0.0576705932617187 -0.0376129150390625 0.0127792358398438
0.0690879821777344 -0.0256767272949219 -0.0294017791748047 -0.00625610351562501
0.07696533203125 -0.00135040283203125 -0.00681161880493164 -0.00716304779052734
0.0790557861328125 0.0216217041015625 0.0220928192138672 0.0269241333007813
0.0645866394042969 0.0407333374023438 0.0507621765136719 -0.0193748474121094
0.0592575073242188 0.0355911254882813 0.0532112121582031 0.0122604370117188
0.07794189453125 0.013671875 0.0410804748535156 0.0224456787109375
0.0609283447265625 -0.0232467651367187 0.0349082946777344 0.0223102569580078
0.0381202697753906 -0.033782958984375 0.0281715393066406 0.0210208892822266
0.0120201110839844 -0.0471572875976562 0.0202445983886719 0.0164394378662109
-0.00507354736328125 -0.0460662841796875 0.0141658782958984 0.0250110626220703
-0.00797271728515626 -0.0425300598144531 0.00777053833007812 0.0386276245117188
-0.0145645141601563 -0.0460968017578125 0.00188827514648437 0.0509414672851563
-0.0100822448730469 -0.0451774597167969 -0.0196075439453125 0.0557136535644531
0.00998306274414062 -0.0506095886230469 -0.0274696350097656 0.0440826416015625
0.0281181335449219 -0.0503387451171875 -0.0316333770751953 0.0198726654052734
0.0630531311035156 -0.0202217102050781 -0.0231208801269531 -0.000574111938476562
0.0673675537109375 0.00489044189453125 0.00709629058837891 -0.00291156768798828
0.0652580261230469 0.0261383056640625 0.0441055297851563 0.0410537719726563
0.0402755737304688 0.0331573486328125 0.0643310546875 -0.00997161865234375
0.0391769409179688 0.0305404663085937 0.0606651306152344 0.0155448913574219
0.0552940368652344 0.00844573974609375 0.0389633178710938 0.0237846374511719
0.0383110046386719 -0.0200004577636719 0.0314826965332031 0.0297470092773438
0.0185165405273438 -0.0231304168701172 0.0263767242431641 0.0285682678222656
0.00222015380859375 -0.0266609191894531 0.0220108032226563 0.0278301239013672
-0.00526618957519531 -0.0246772766113281 0.020233154296875 0.0371971130371094
-0.00688743591308594 -0.0246448516845703 0.0141868591308594 0.0480194091796875
-0.0119571685791016 -0.0270099639892578 0.00683975219726562 0.0612602233886719
-0.0101394653320312 -0.0283107757568359 -0.0163307189941406 0.0647926330566406
0.0040283203125 -0.0356521606445313 -0.025787353515625 0.0487632751464844
0.019927978515625 -0.0382537841796875 -0.0289344787597656 0.0242195129394531
0.0494232177734375 -0.0141181945800781 -0.0184345245361328 0.0041961669921875
0.0485725402832031 0.009246826171875 0.0177879333496094 0.00384140014648438
0.0430145263671875 0.0243377685546875 0.0599937438964844 0.05279541015625
-0.00376701354980469 -0.0118646621704102 -0.0706939697265625 -0.049835205078125
-0.0295829772949219 -0.00278472900390625 -0.0266036987304688 -0.00592613220214844
-0.023651123046875 0.0129795074462891 0.0199909210205078 -0.00636672973632812
-0.0092315673828125 0.0216808319091797 0.0345611572265625 -0.0283126831054688
0.00618267059326172 0.0169010162353516 0.0312614440917969 -0.0493354797363281
0.0104560852050781 0.00726699829101563 0.00941848754882812 -0.0701446533203125
0.00478076934814453 -0.00114774703979492 -0.0162582397460938 -0.06988525390625
0.00394845008850098 0.000753164291381836 -0.0235099792480469 -0.0517349243164063
0.00283980369567871 0.000574827194213867 -0.0281639099121094 -0.0381698608398438
0.00385808944702148 0.0011749267578125 -0.0293998718261719 -0.0336742401123047
0.000236988067626953 0.00854110717773438 -0.0366859436035156 -0.0289573669433594
-0.0119256973266602 0.00729751586914063 -0.0368309020996094 -0.0310287475585938
-0.0224933624267578 -0.00948524475097656 -0.0411758422851562 -0.0317039489746094
-0.0199699401855469 -0.0214347839355469 -0.0658798217773438 -0.012054443359375
-0.00131416320800781 -0.0244960784912109 -0.0705795288085938 -0.000953674316406237
0.0271568298339844 -0.00320053100585938 -0.0693244934082031 -0.0565261840820312
-0.0034339427947998 0.00132441520690918 -0.0231990814208984 -0.0108089447021484
0.00183010101318359 0.0100393295288086 0.0233478546142578 -0.00667190551757813
0.0102815628051758 0.00970363616943359 0.038848876953125 -0.0279350280761719
0.0198707580566406 0.0008544921875 0.0353546142578125 -0.0480270385742187
0.0134115219116211 -0.0158376693725586 0.0120849609375 -0.069732666015625
-6.86645507812507E-05 -0.0251274108886719 -0.0161094665527344 -0.0672569274902344
0.000301361083984375 -0.0219841003417969 -0.0240516662597656 -0.04559326171875
-0.00169181823730469 -0.025360107421875 -0.029388427734375 -0.0310153961181641
0.00553703308105469 -0.0242252349853516 -0.0352821350097656 -0.0245819091796875
0.0154180526733398 -0.0160741806030273 -0.0431671142578125 -0.0204887390136719
0.0116386413574219 -0.00981712341308594 -0.042510986328125 -0.0279579162597656
0.00871562957763672 -0.00721120834350586 -0.0416374206542969 -0.0297164916992188
0.0120992660522461 -0.0133447647094727 -0.0607566833496094 -0.00972747802734376
0.0282974243164063 -0.0147228240966797 -0.0643119812011719 -0.00175094604492187
0.0538825988769531 0.00885009765625 -0.0562858581542969 -0.055511474609375
0.0271568298339844 0.00921440124511719 -0.0129890441894531 -0.0104656219482422
0.0329170227050781 0.00793075561523437 0.0302486419677734 -0.00203132629394531
0.0333690643310547 -0.00392723083496094 0.0444412231445313 -0.0247154235839844
0.0341110229492188 -0.0165596008300781 0.0383834838867188 -0.0423088073730469
0.016448974609375 -0.0377655029296875 0.0135307312011719 -0.0616645812988281
-0.00403594970703125 -0.0455284118652344 -0.0132255554199219 -0.0556144714355469
-0.004425048828125 -0.0410423278808594 -0.0206203460693359 -0.0315380096435547
-0.00923919677734375 -0.0462760925292969 -0.0259246826171875 -0.0165157318115234
0.000755310058593747 -0.0460128784179687 -0.0368881225585938 -0.00800323486328125
0.0204315185546875 -0.0410346984863281 -0.0459442138671875 -0.00474166870117189
0.0274219512939453 -0.0323638916015625 -0.0479507446289063 -0.0182952880859375
0.0382118225097656 -0.0131416320800781 -0.0424880981445313 -0.025360107421875
0.0444488525390625 -0.0100593566894531 -0.0503425598144531 -0.0095672607421875
0.0545120239257813 -0.00461959838867188 -0.0496597290039063 -0.00061416625976563
0.0777359008789063 0.0224456787109375 -0.0323333740234375 -0.0542831420898438
0.0527458190917969 0.0158729553222656 0.0027313232421875 -0.00730180740356445
0.061309814453125 0.00537872314453125 0.0378684997558594 0.00416183471679688
0.0527000427246094 -0.0169754028320313 0.0478858947753906 -0.0151290893554688
0.0450706481933594 -0.0294952392578125 0.04132080078125 -0.0299186706542969
0.0194435119628906 -0.0530509948730469 0.0180168151855469 -0.0471649169921875
-0.00557327270507812 -0.0595207214355469 -0.00722122192382813 -0.0389595031738281
-0.0071868896484375 -0.0537490844726563 -0.0156803131103516 -0.0145254135131836
-0.0150184631347656 -0.0590629577636719 -0.0209846496582031 0.00138473510742188
-0.00518035888671875 -0.0574951171875 -0.0355911254882813 0.0107650756835937
0.0186271667480469 -0.0563697814941406 -0.0445480346679688 0.0115509033203125
0.0314064025878906 -0.0497207641601563 -0.0483589172363281 -0.00605010986328126
0.0568084716796875 -0.0231895446777344 -0.0414390563964844 -0.0179367065429688
0.0652198791503906 -0.0114059448242188 -0.0391731262207031 -0.00891113281250001
0.0755767822265625 0.00376129150390625 -0.028411865234375 0.00731086730957031
0.088104248046875 0.0333404541015625 -0.00139999389648437 -0.0451164245605469
0.0693016052246094 0.0246200561523438 0.0221290588378906 -0.000915527343749999
0.0834274291992188 0.0063323974609375 0.04315185546875 0.0119400024414063
0.0677490234375 -0.025726318359375 0.0470504760742188 -0.00283050537109375
0.0509605407714844 -0.0389785766601562 0.0391807556152344 -0.0116386413574219
0.020355224609375 -0.0615310668945313 0.0203533172607422 -0.0260353088378906
-0.00661468505859375 -0.064727783203125 0.000461578369140624 -0.0170736312866211
-0.00965499877929688 -0.058197021484375 -0.00776958465576172 0.00503444671630859
-0.0191917419433594 -0.0624656677246094 -0.0124855041503906 0.0194625854492187
-0.0105361938476563 -0.0606040954589844 -0.0296497344970703 0.0285892486572266
0.0140113830566406 -0.0641746520996094 -0.0377655029296875 0.0258407592773437
0.0310249328613281 -0.060211181640625 -0.0436859130859375 0.00603485107421874
0.0671501159667969 -0.0297012329101563 -0.0373954772949219 -0.0108108520507812
0.076751708984375 -0.0106658935546875 -0.0256214141845703 -0.00934791564941407
0.0850677490234375 0.0120925903320313 -0.00378036499023437 0.0170383453369141
0.08502197265625 0.0377273559570312 0.0244598388671875 -0.0328330993652344
0.073486328125 0.03167724609375 0.0389251708984375 0.00489425659179688
0.0903701782226563 0.00833892822265625 0.0440864562988281 0.0183906555175781
0.0714874267578125 -0.0284881591796875 0.0429725646972656 0.0101699829101563
0.049560546875 -0.0414505004882813 0.0347671508789062 0.00507545471191406
0.01702880859375 -0.0601806640625 0.0201034545898438 -0.00423049926757813
-0.00801849365234375 -0.0604515075683594 0.00703573226928711 0.00605726242065429
-0.0106468200683594 -0.0543289184570313 0.00148582458496093 0.0242118835449219
-0.0204238891601563 -0.0581092834472656 -0.00239181518554688 0.0378036499023437
-0.0130157470703125 -0.0564689636230469 -0.0220184326171875 0.0458755493164062
0.0104408264160156 -0.0620079040527344 -0.0308723449707031 0.0387802124023437
0.0291900634765625 -0.0601539611816406 -0.037841796875 0.0151557922363281
0.0688438415527344 -0.0288238525390625 -0.0305995941162109 -0.00513267517089844
0.078643798828125 -0.0053863525390625 -0.00721693038940429 -0.00750732421875
0.0820541381835937 0.0179443359375 0.0241794586181641 0.0263118743896484
0.0679359436035156 0.0375289916992188 0.05029296875 -0.0219306945800781
0.0618324279785156 0.033050537109375 0.054473876953125 0.0101737976074219
0.0798721313476563 0.009521484375 0.043304443359375 0.0216522216796875
0.0603866577148438 -0.026580810546875 0.0365219116210938 0.0212020874023438
0.0375900268554688 -0.0356636047363281 0.0292167663574219 0.0200576782226563
0.0100631713867188 -0.0482063293457031 0.0215339660644531 0.0153999328613281
-0.00778961181640625 -0.0466804504394531 0.0152664184570312 0.0252799987792969
-0.01031494140625 -0.0427322387695313 0.0107536315917969 0.0390434265136719
-0.018035888671875 -0.0456314086914063 0.00490188598632813 0.051910400390625
-0.0129051208496094 -0.0447731018066406 -0.0163421630859375 0.0579147338867188
0.00699996948242188 -0.0517578125 -0.0252647399902344 0.0459480285644531
0.0250892639160156 -0.0526275634765625 -0.0316638946533203 0.0217418670654297
0.0631294250488281 -0.0240211486816406 -0.0239696502685547 0.000467300415039058
0.0683555603027344 0.00115203857421875 0.00709772109985352 -0.00395107269287109
0.0686721801757813 0.0231246948242188 0.0469093322753906 0.0389022827148438
0.0425910949707031 0.0313949584960938 0.0651397705078125 -0.0130500793457031
0.0416526794433594 0.0297088623046875 0.0625953674316406 0.0136032104492188
0.0570144653320313 0.005767822265625 0.0409202575683594 0.0228919982910156
0.0374565124511719 -0.0216560363769531 0.0332565307617188 0.0286140441894531
0.0176944732666016 -0.0237579345703125 0.0281982421875 0.0281333923339844
0.00114631652832031 -0.0270843505859375 0.0240097045898437 0.0280132293701172
-0.00670814514160156 -0.0247783660888672 0.0223617553710937 0.0371284484863281
-0.00871467590332031 -0.0245456695556641 0.0176277160644531 0.0480194091796875
-0.0131607055664063 -0.0266132354736328 0.0103378295898437 0.061981201171875
-0.0115985870361328 -0.0277156829833984 -0.0129051208496094 0.0665054321289063
0.0020751953125 -0.0363311767578125 -0.0236549377441406 0.0509071350097656
0.0174064636230469 -0.0396957397460938 -0.0284576416015625 0.0257835388183594
0.0494194030761719 -0.0172500610351563 -0.018951416015625 0.00476264953613282
0.0496559143066406 0.006988525390625 0.0184135437011719 0.00254249572753906
0.0456352233886719 0.0227127075195313 0.0644149780273438 0.0503425598144531
-0.00399398803710938 -0.0122604370117188 -0.07275390625 -0.0471420288085937
-0.0298576354980469 -0.00127220153808593 -0.0268974304199219 -0.00480842590332031
-0.0229625701904297 0.0137386322021484 0.0198574066162109 -0.00703811645507813
-0.00798988342285157 0.0222816467285156 0.0338573455810547 -0.0291919708251953
0.0073089599609375 0.016331672668457 0.0296058654785156 -0.0505256652832031
0.0107526779174805 0.00652408599853516 0.00749588012695312 -0.070159912109375
0.00480842590332031 -0.00181484222412109 -0.019134521484375 -0.0688514709472656
0.00379753112792969 -0.000158309936523437 -0.0258522033691406 -0.0510406494140625
0.00311779975891113 0.000447511672973633 -0.0296363830566406 -0.037506103515625
0.00400161743164063 0.00101590156555176 -0.0306682586669922 -0.0326290130615234
0.00117254257202148 0.0078892707824707 -0.0376739501953125 -0.0275802612304687
-0.0109834671020508 0.00761795043945312 -0.0381622314453125 -0.0302009582519531
-0.0225925445556641 -0.00853347778320313 -0.0424118041992187 -0.0307846069335938
-0.0202617645263672 -0.0205192565917969 -0.0659751892089844 -0.0102348327636719
-0.00226974487304688 -0.0249042510986328 -0.0708770751953125 0.00147247314453124
0.0273513793945313 -0.00510215759277344 -0.0717239379882813 -0.0537185668945312
-0.00299191474914551 0.00149774551391602 -0.0241813659667969 -0.0100917816162109
0.00243186950683594 0.00938129425048828 0.0230560302734375 -0.0069732666015625
0.0101594924926758 0.00956630706787109 0.0381278991699219 -0.0287628173828125
0.0203380584716797 -0.000209808349609375 0.0335502624511719 -0.0491600036621094
0.012425422668457 -0.0165424346923828 0.00959014892578126 -0.0703048706054688
-0.00139427185058594 -0.0248298645019531 -0.0189552307128906 -0.0662002563476562
-0.00101089477539063 -0.0219631195068359 -0.0262603759765625 -0.0441398620605469
-0.00304222106933594 -0.0256385803222656 -0.0304908752441406 -0.0300788879394531
0.00468063354492188 -0.0244960784912109 -0.0360908508300781 -0.0234184265136719
0.014714241027832 -0.0171012878417969 -0.0438003540039063 -0.0187568664550781
0.0117216110229492 -0.0102148056030273 -0.044097900390625 -0.0263214111328125
0.00890350341796875 -0.00715446472167969 -0.0425682067871094 -0.0291099548339844
0.0126152038574219 -0.0135326385498047 -0.0610008239746094 -0.00862503051757813
0.0280971527099609 -0.0160388946533203 -0.0645866394042969 8.7738037109386E-05
0.0547409057617188 0.00681686401367188 -0.0591011047363281 -0.0532798767089844
0.0273494720458984 0.00831794738769531 -0.0136537551879883 -0.00948143005371094
0.0333442687988281 0.00658035278320313 0.0301132202148438 -0.00312614440917969
0.03326416015625 -0.00520133972167969 0.0436592102050781 -0.025604248046875
0.0336494445800781 -0.0181407928466797 0.036956787109375 -0.0437431335449219
0.0144004821777344 -0.0384559631347656 0.0115547180175781 -0.062164306640625
-0.00689315795898437 -0.0449905395507812 -0.0154953002929688 -0.05462646484375
-0.00621414184570313 -0.0407447814941406 -0.0223026275634766 -0.0314140319824219
-0.0117950439453125 -0.0460662841796875 -0.0264739990234375 -0.0160617828369141
-0.00082015991210937 -0.0456581115722656 -0.0369949340820312 -0.00675582885742188
0.0182571411132812 -0.0421791076660156 -0.04608154296875 -0.00268554687499999
0.0256767272949219 -0.0334548950195313 -0.0491447448730469 -0.0166244506835938
0.0383415222167969 -0.0144309997558594 -0.0432929992675781 -0.0246353149414062
0.0442886352539063 -0.0120925903320313 -0.0509796142578125 -0.00906753540039063
0.0549049377441406 -0.00688934326171875 -0.0501976013183594 0.00101089477539061
0.0788803100585937 0.0190887451171875 -0.0349655151367188 -0.0526237487792969
0.0531044006347656 0.0138473510742187 0.00193119049072266 -0.00701189041137695
0.0620269775390625 0.00269699096679688 0.0375480651855469 0.00322341918945313
0.0515213012695312 -0.0184364318847656 0.0474967956542969 -0.0163307189941406
0.043975830078125 -0.0311851501464844 0.0405235290527344 -0.0305671691894531
0.0173797607421875 -0.053955078125 0.0164718627929687 -0.0479812622070313
-0.00873184204101563 -0.0592575073242188 -0.00860977172851562 -0.0381813049316406
-0.0094146728515625 -0.0529556274414062 -0.0158290863037109 -0.0132045745849609
-0.0176811218261719 -0.0578651428222656 -0.0202465057373047 0.00181198120117187
-0.00725173950195313 -0.0569877624511719 -0.0340728759765625 0.0122051239013672
0.0161056518554687 -0.0570182800292969 -0.0436973571777344 0.0132293701171875
0.0290908813476563 -0.0511245727539063 -0.0489044189453125 -0.00403976440429688
0.0559539794921875 -0.0252799987792969 -0.0423660278320312 -0.0169677734375
0.0652999877929688 -0.0140609741210938 -0.0400657653808594 -0.00873565673828124
0.07666015625 0.000518798828125 -0.0286960601806641 0.00858497619628906
0.0893402099609375 0.0299148559570313 -0.00365447998046875 -0.044677734375
0.070098876953125 0.0218124389648438 0.0212879180908203 -0.00137710571289062
0.0837173461914062 0.00299835205078125 0.0433998107910156 0.0109100341796875
0.0665817260742187 -0.0281448364257812 0.0469131469726563 -0.0037841796875
0.0497512817382812 -0.0407066345214844 0.0392417907714844 -0.0125579833984375
0.017730712890625 -0.0622138977050781 0.0194911956787109 -0.0266551971435547
-0.0094757080078125 -0.0643463134765625 -0.000336647033691405 -0.0167036056518555
-0.0118904113769531 -0.0575027465820313 -0.00684022903442383 0.00550174713134765
-0.0218696594238281 -0.0617637634277344 -0.0115432739257813 0.0198230743408203
-0.0126991271972656 -0.0599861145019531 -0.0283203125 0.0297794342041016
0.0113449096679688 -0.0641555786132813 -0.036468505859375 0.0274085998535156
0.0287132263183594 -0.0611648559570312 -0.0439262390136719 0.00786972045898436
0.0661735534667969 -0.0323982238769531 -0.0382652282714844 -0.00978851318359375
0.07666015625 -0.0137100219726562 -0.0256366729736328 -0.00918769836425781
0.0862808227539063 0.0087890625 -0.00336456298828124 0.0167922973632812
0.086395263671875 0.034332275390625 0.02325439453125 -0.0335502624511719
0.0743942260742188 0.0292892456054688 0.0392417907714844 0.00439834594726563
0.0908660888671875 0.00489044189453125 0.0446891784667969 0.0166816711425781
0.0702133178710938 -0.0308418273925781 0.0434417724609375 0.00909423828125
0.0485076904296875 -0.0426979064941406 0.0353736877441406 0.0040740966796875
0.0150222778320313 -0.0609321594238281 0.0197811126708984 -0.00461959838867188
-0.0105171203613281 -0.0599594116210937 0.00718593597412109 0.00592517852783203
-0.0128097534179687 -0.053863525390625 0.00298500061035156 0.0244503021240234
-0.0228996276855469 -0.0568504333496094 -0.000659942626953125 0.0374526977539062
-0.0147972106933594 -0.0553169250488281 -0.0195045471191406 0.0468521118164063
0.0075836181640625 -0.0618095397949219 -0.0293388366699219 0.0398445129394531
0.026702880859375 -0.06121826171875 -0.0372428894042969 0.016815185546875
0.0678825378417969 -0.0321769714355469 -0.0308856964111328 -0.0044403076171875
0.0780563354492188 -0.0082244873046875 -0.00765132904052734 -0.00820541381835937
0.083465576171875 0.0147552490234375 0.0248603820800781 0.0251808166503906
0.0693931579589844 0.0343093872070313 0.0498809814453125 -0.0233955383300781
0.0629234313964844 0.0312576293945313 0.0550079345703125 0.00914764404296875
0.0809173583984375 0.00567626953125 0.0440025329589844 0.0201225280761719
0.0588569641113281 -0.0283737182617188 0.0378189086914063 0.0200080871582031
0.0364799499511719 -0.0363044738769531 0.0307025909423828 0.0194492340087891
0.0083770751953125 -0.0481376647949219 0.0220279693603516 0.0151729583740234
-0.00971603393554688 -0.0459518432617187 0.0164947509765625 0.0247478485107422
-0.0117683410644531 -0.0420989990234375 0.0124359130859375 0.0386390686035156
-0.0199623107910156 -0.0444145202636719 0.00684356689453124 0.0510940551757813
-0.0141258239746094 -0.0434989929199219 -0.0136070251464844 0.0584716796875
0.0046234130859375 -0.0515556335449219 -0.0237236022949219 0.046661376953125
0.02276611328125 -0.053466796875 -0.0310478210449219 0.0224952697753906
0.0627212524414062 -0.026580810546875 -0.0241966247558594 0.000972747802734373
0.0682640075683594 -0.000957489013671875 0.00709867477416993 -0.00481843948364258
0.0697059631347656 0.0205001831054687 0.0486602783203125 0.0368576049804688
0.0434494018554688 0.0289535522460938 0.0649948120117188 -0.0153846740722656
0.0427742004394531 0.028350830078125 0.0636634826660156 0.0116691589355469
0.0569648742675781 0.00322723388671875 0.04156494140625 0.0215644836425781
0.0361328125 -0.0230941772460937 0.0350742340087891 0.028076171875
0.0165519714355469 -0.0244331359863281 0.0291919708251953 0.0269927978515625
0.000320434570312502 -0.0272121429443359 0.0246391296386719 0.0270442962646484
-0.00755119323730469 -0.0245761871337891 0.0240097045898438 0.0363006591796875
-0.00940895080566406 -0.0244350433349609 0.0202102661132812 0.0472793579101563
-0.0141716003417969 -0.025604248046875 0.0131721496582031 0.060943603515625
-0.0124778747558594 -0.0266647338867187 -0.0101203918457031 0.0668716430664062
0.000457763671875 -0.0357704162597656 -0.0221405029296875 0.0514144897460938
0.0156631469726563 -0.0403289794921875 -0.0275955200195312 0.0271034240722656
0.0488243103027344 -0.0194053649902344 -0.0190162658691406 0.00545310974121093
0.049560546875 0.00531387329101563 0.0183658599853516 0.00122451782226563
0.0464363098144531 0.0210533142089844 0.0665283203125 0.0475692749023437
-0.00336933135986328 -0.0128288269042969 -0.0740432739257813 -0.0453567504882812
-0.0291881561279297 -0.000417709350585939 -0.0268344879150391 -0.00391006469726562
-0.0229396820068359 0.0141925811767578 0.0198230743408203 -0.00720787048339844
-0.00696754455566407 0.0219745635986328 0.0335445404052734 -0.0293502807617188
0.00730133056640625 0.015894889831543 0.0290870666503906 -0.0505447387695313
0.0104274749755859 0.00617122650146484 0.00658416748046875 -0.0704498291015625
0.00428986549377441 -0.00221657752990723 -0.0203971862792969 -0.0687599182128906
0.00375914573669434 -0.000158309936523438 -0.02642822265625 -0.0502662658691406
0.00327157974243164 -0.000461339950561523 -0.0303573608398437 -0.0368423461914063
0.00379347801208496 0.00040888786315918 -0.0310688018798828 -0.032623291015625
0.00175952911376953 0.00737524032592773 -0.0374298095703125 -0.0271034240722656
-0.0107336044311523 0.00756359100341797 -0.0387306213378906 -0.0294761657714844
-0.0223655700683594 -0.00784683227539063 -0.0431327819824219 -0.0309677124023438
-0.0204067230224609 -0.0201187133789063 -0.0658454895019531 -0.00970458984375001
-0.00194740295410156 -0.0256729125976563 -0.0713577270507813 0.002349853515625
0.0270214080810547 -0.00581741333007813 -0.07281494140625 -0.0515518188476562
-0.00270676612854004 0.00186967849731445 -0.0241451263427734 -0.00876426696777344
0.00250625610351563 0.00926971435546875 0.0231418609619141 -0.0071868896484375
0.0108518600463867 0.00893402099609375 0.0376853942871094 -0.0285263061523438
0.0203533172607422 -0.000762939453125 0.03314208984375 -0.0494766235351563
0.011693000793457 -0.0167350769042969 0.00897598266601563 -0.0700416564941406
-0.00258255004882813 -0.0250339508056641 -0.0199508666992188 -0.0657119750976562
-0.00116348266601563 -0.0222702026367188 -0.0263900756835938 -0.04364013671875
-0.00365066528320313 -0.0255355834960938 -0.0308036804199219 -0.0292835235595703
0.00436210632324219 -0.0243930816650391 -0.0362319946289063 -0.022735595703125
0.0145282745361328 -0.0177192687988281 -0.0431251525878906 -0.0178031921386719
0.0115013122558594 -0.0105180740356445 -0.0445594787597656 -0.025909423828125
0.00938892364501953 -0.00720119476318359 -0.0430412292480469 -0.0289955139160156
0.0127639770507813 -0.0140228271484375 -0.0607872009277344 -0.0086822509765625
0.0282669067382813 -0.0167770385742188 -0.0648841857910156 0.000968933105468753
0.0551376342773438 0.00523757934570313 -0.0599937438964844 -0.0519371032714844
0.0276012420654297 0.00811004638671875 -0.0145092010498047 -0.00928497314453125
0.0331344604492188 0.00586700439453125 0.0300235748291016 -0.00339698791503906
0.03271484375 -0.00554656982421875 0.0431137084960938 -0.0262069702148437
0.0334815979003906 -0.0190677642822266 0.0369720458984375 -0.0438308715820313
0.0137252807617188 -0.0388603210449219 0.0106353759765625 -0.0620079040527344
-0.00847244262695312 -0.0446701049804688 -0.016693115234375 -0.054229736328125
-0.00709152221679687 -0.040985107421875 -0.0221004486083984 -0.0303516387939453
-0.0125732421875 -0.0455703735351563 -0.0264148712158203 -0.0161552429199219
-0.00203704833984375 -0.0454521179199219 -0.0362701416015625 -0.00641250610351563
0.0179443359375 -0.042694091796875 -0.0454521179199219 -0.00222015380859375
0.0255355834960937 -0.0334720611572266 -0.0494117736816406 -0.015960693359375
0.0385017395019531 -0.0155868530273438 -0.0443840026855469 -0.0247039794921875
0.0445976257324219 -0.0127830505371094 -0.0514373779296875 -0.00915908813476563
0.0551071166992188 -0.00766754150390625 -0.0505142211914063 0.00136947631835938
0.0788955688476563 0.017333984375 -0.0360832214355469 -0.0513992309570312
0.0530929565429688 0.0137748718261719 0.00105571746826172 -0.00661611557006836
0.0617790222167969 0.00150299072265625 0.0380516052246094 0.00326156616210938
0.0512466430664062 -0.0189285278320312 0.0474205017089844 -0.0166206359863281
0.0440521240234375 -0.032318115234375 0.0403976440429688 -0.0309524536132813
0.0161705017089844 -0.0538673400878906 0.0157356262207031 -0.0478172302246094
-0.0103225708007813 -0.0586471557617188 -0.00994491577148438 -0.0375823974609375
-0.0106239318847656 -0.0528144836425781 -0.0155477523803711 -0.0131397247314453
-0.0190773010253906 -0.0573463439941406 -0.02020263671875 0.002044677734375
-0.00812149047851563 -0.0565986633300781 -0.0340518951416016 0.0127887725830078
0.0145263671875 -0.0575141906738281 -0.0431480407714844 0.0139122009277344
0.0280380249023437 -0.0511245727539063 -0.0490188598632813 -0.00357818603515626
0.056549072265625 -0.0262222290039063 -0.0430755615234375 -0.0173187255859375
0.0655059814453125 -0.0154762268066406 -0.0401573181152344 -0.00882720947265625
0.0771331787109375 -0.00089263916015625 -0.0285129547119141 0.00893402099609374
0.0899124145507812 0.028289794921875 -0.00476074218749999 -0.0444450378417969
0.0704727172851563 0.021759033203125 0.0211448669433594 -0.0013580322265625
0.0842666625976563 0.0015411376953125 0.0435905456542969 0.0107917785644531
0.0657997131347656 -0.02899169921875 0.0471000671386719 -0.003875732421875
0.0500373840332031 -0.0414505004882813 0.0396804809570312 -0.0128555297851563
0.0166816711425781 -0.0623321533203125 0.0190219879150391 -0.0267715454101563
-0.011383056640625 -0.0639381408691406 -0.000845909118652343 -0.0166397094726563
-0.012603759765625 -0.0572509765625 -0.00639009475708008 0.0057988166809082
-0.0233993530273438 -0.0608863830566406 -0.011077880859375 0.0195541381835937
-0.0135536193847656 -0.0590286254882813 -0.0272674560546875 0.0301666259765625
0.0096588134765625 -0.0638771057128906 -0.0355186462402344 0.0281791687011719
0.0273399353027344 -0.0614776611328125 -0.0438804626464844 0.00859451293945312
0.0659980773925781 -0.0335731506347656 -0.0386848449707031 -0.00975418090820312
0.0766372680664063 -0.0155563354492188 -0.0258274078369141 -0.00960159301757813
0.0870590209960938 0.00727081298828125 -0.00315093994140625 0.0167140960693359
0.0874557495117187 0.0325164794921875 0.0224475860595703 -0.0335350036621094
0.0747833251953125 0.0289306640625 0.0388641357421875 0.00420761108398438
0.0914993286132813 0.00335693359375 0.0453414916992188 0.0170478820800781
0.0692024230957031 -0.0319557189941406 0.0440940856933594 0.00926971435546875
0.04827880859375 -0.04339599609375 0.0357246398925781 0.00363540649414062
0.0138435363769531 -0.0610618591308594 0.0199756622314453 -0.00496101379394532
-0.01214599609375 -0.0592231750488281 0.00725507736206055 0.00631475448608398
-0.014007568359375 -0.0540847778320313 0.00402259826660156 0.0244083404541016
-0.0241470336914063 -0.0557365417480469 0.000171661376953125 0.0375328063964844
-0.0160064697265625 -0.0546455383300781 -0.0178985595703125 0.0468330383300781
0.0061798095703125 -0.0614585876464844 -0.0285224914550781 0.0401649475097656
0.0251731872558594 -0.0613327026367188 -0.0373191833496094 0.0173606872558594
0.0674324035644531 -0.0335044860839844 -0.0312385559082031 -0.00436782836914063
0.077972412109375 -0.01007080078125 -0.00810480117797851 -0.00869417190551758
0.084075927734375 0.0131912231445313 0.0255031585693359 0.0249614715576172
0.07037353515625 0.0328216552734375 0.0492172241210938 -0.0241241455078125
0.063446044921875 0.0306549072265625 0.0549468994140625 0.00869369506835938
0.0811691284179688 0.004180908203125 0.0448188781738281 0.0200729370117188
0.0582847595214844 -0.0295982360839844 0.0383682250976563 0.0204582214355469
0.0360527038574219 -0.0368003845214844 0.0313186645507813 0.0193405151367187
0.00787734985351562 -0.0482139587402344 0.0221652984619141 0.0151748657226562
-0.0107803344726563 -0.0451583862304688 0.0170955657958984 0.0246772766113281
-0.0125961303710937 -0.0419960021972656 0.0136833190917969 0.0383720397949219
-0.0205497741699219 -0.0436859130859375 0.0081634521484375 0.0507659912109375
-0.0144691467285156 -0.0430145263671875 -0.0125694274902344 0.0588874816894531
0.00391769409179687 -0.0514183044433594 -0.0227241516113281 0.046783447265625
0.021636962890625 -0.0529670715332031 -0.0304622650146484 0.0234642028808594
0.0622444152832031 -0.0273208618164062 -0.0239810943603516 0.00118827819824219
0.0679740905761719 -0.00204849243164063 0.00682687759399414 -0.0052800178527832
0.0701560974121094 0.0193672180175781 0.0493049621582031 0.0361442565917969
0.0440788269042969 0.0278205871582031 0.0651359558105469 -0.0161705017089844
0.0429306030273438 0.027923583984375 0.0645370483398438 0.0111808776855469
0.0572052001953125 0.00218582153320313 0.0424842834472656 0.0213966369628906
0.035369873046875 -0.0235328674316406 0.0356369018554688 0.0282096862792969
0.0166149139404297 -0.0241775512695313 0.029876708984375 0.0266036987304688
-3.2424926757812E-05 -0.0265388488769531 0.0253467559814453 0.027099609375
-0.00803947448730469 -0.0242767333984375 0.0249862670898437 0.0363502502441406
-0.00956535339355469 -0.0236015319824219 0.0212593078613281 0.0466957092285156
-0.0145454406738281 -0.0251312255859375 0.0143203735351563 0.0603103637695313
-0.0129737854003906 -0.0263881683349609 -0.00885009765624999 0.0669059753417969
-3.81469726562477E-05 -0.0353050231933594 -0.0210990905761719 0.0512313842773438
0.0146331787109375 -0.040191650390625 -0.0274734497070313 0.0268688201904297
0.048126220703125 -0.0202713012695313 -0.0188350677490234 0.00548553466796875
0.0494232177734375 0.00455474853515625 0.0186595916748047 0.00066375732421875
0.0469284057617188 0.0201835632324219 0.0669898986816406 0.04608154296875
-0.00380229949951172 -0.0131816864013672 -0.0756072998046875 -0.045654296875
-0.0294036865234375 -0.000543594360351559 -0.0271968841552734 -0.00370025634765626
-0.0234642028808594 0.0145759582519531 0.0206737518310547 -0.00718879699707031
-0.00721359252929687 0.0224475860595703 0.0343761444091797 -0.0294685363769531
0.00802707672119141 0.0158882141113281 0.0297622680664063 -0.051513671875
0.0102901458740234 0.00581455230712891 0.0069122314453125 -0.0719451904296875
0.00380969047546387 -0.00183224678039551 -0.0212249755859375 -0.0696525573730469
0.00400280952453613 -0.000582456588745117 -0.0274429321289063 -0.0508804321289063
0.00367999076843262 -0.000900745391845703 -0.030731201171875 -0.0376205444335938
0.00435686111450195 0.000316858291625977 -0.0312938690185547 -0.0336399078369141
0.00240039825439453 0.00717973709106445 -0.0371818542480469 -0.0277252197265625
-0.0105857849121094 0.00742435455322266 -0.0394058227539063 -0.0303115844726563
-0.0225200653076172 -0.00761604309082031 -0.0439262390136719 -0.0320243835449219
-0.020477294921875 -0.0200443267822266 -0.0670280456542969 -0.0105743408203125
-0.00197601318359375 -0.0262088775634766 -0.0730514526367188 0.00239562988281251
0.0277061462402344 -0.00692939758300781 -0.0746231079101563 -0.0519256591796875
-0.00230193138122559 0.0024266242980957 -0.0247840881347656 -0.00872039794921875
0.00293636322021484 0.00979137420654297 0.0234127044677734 -0.00678253173828125
0.0113315582275391 0.00931167602539063 0.0386962890625 -0.0296058654785156
0.0207481384277344 -0.00159072875976562 0.0341720581054688 -0.0502471923828125
0.01177978515625 -0.0175418853759766 0.008819580078125 -0.0709152221679688
-0.00332450866699219 -0.0254669189453125 -0.0207405090332031 -0.0664253234863281
-0.00149726867675781 -0.0227851867675781 -0.0271072387695312 -0.0447578430175781
-0.00381088256835937 -0.0261478424072266 -0.0315799713134766 -0.0301303863525391
0.00417518615722656 -0.0254745483398437 -0.0365715026855469 -0.0236892700195313
0.0148983001708984 -0.0182590484619141 -0.0436248779296875 -0.0185317993164062
0.0119876861572266 -0.0113239288330078 -0.0451316833496094 -0.026275634765625
0.0101003646850586 -0.0073699951171875 -0.0442237854003906 -0.0303688049316406
0.013087272644043 -0.0146751403808594 -0.0625686645507813 -0.00965499877929689
0.0283565521240234 -0.0177478790283203 -0.0665779113769531 0.000934600830078125
0.0557708740234375 0.00537109375 -0.0616073608398437 -0.0519027709960937
0.0284385681152344 0.0083770751953125 -0.0155916213989258 -0.00842189788818359
0.0342693328857422 0.00573348999023438 0.0305633544921875 -0.00250434875488281
0.03363037109375 -0.00578117370605469 0.0445671081542969 -0.0260429382324219
0.0341453552246094 -0.0196971893310547 0.0374374389648438 -0.0444183349609375
0.0132713317871094 -0.0390548706054688 0.011138916015625 -0.0633087158203125
-0.0092620849609375 -0.0452194213867188 -0.0169105529785156 -0.0550155639648438
-0.00730514526367188 -0.0418357849121094 -0.0225639343261719 -0.0309066772460938
-0.0133819580078125 -0.0460662841796875 -0.0273799896240234 -0.0160846710205078
-0.001708984375 -0.0463294982910156 -0.036834716796875 -0.00638961791992188
0.0174293518066406 -0.0435523986816406 -0.0459480285644531 -0.00216674804687499
0.0253391265869141 -0.0346107482910156 -0.0502777099609375 -0.0163078308105469
0.039886474609375 -0.0165443420410156 -0.0456657409667969 -0.0260009765625
0.0460472106933594 -0.0138435363769531 -0.0530319213867187 -0.00984954833984376
0.0566291809082031 -0.00818252563476563 -0.0518569946289062 0.00184249877929688
0.0808334350585938 0.0171966552734375 -0.0369606018066406 -0.0519447326660156
0.0547027587890625 0.01434326171875 0.00058841705322266 -0.00578689575195312
0.0632972717285156 0.0015106201171875 0.0388679504394531 0.00365447998046875
0.052276611328125 -0.0192108154296875 0.0485992431640625 -0.0164146423339844
0.0449295043945313 -0.0332794189453125 0.0417823791503906 -0.0310821533203125
0.0161933898925781 -0.0551605224609375 0.0159225463867188 -0.0483551025390625
-0.01123046875 -0.0592689514160156 -0.0102500915527344 -0.0378570556640625
-0.010986328125 -0.0540847778320313 -0.0151567459106445 -0.0130929946899414
-0.020355224609375 -0.0584793090820313 -0.0203723907470703 0.00206565856933593
-0.00814437866210938 -0.0573234558105469 -0.0341720581054688 0.0129966735839844
0.01470947265625 -0.0586433410644531 -0.0431976318359375 0.0142173767089844
0.0284423828125 -0.0522689819335937 -0.0498542785644531 -0.00315093994140626
0.0576629638671875 -0.0274200439453125 -0.0444793701171875 -0.0180931091308594
0.0669441223144531 -0.0163002014160156 -0.0416221618652344 -0.00966262817382813
0.078704833984375 -0.00141143798828125 -0.0292263031005859 0.00897598266601563
0.0923233032226563 0.0281829833984375 -0.00547790527343749 -0.0443534851074219
0.0718994140625 0.0220413208007813 0.0206642150878906 -0.00109672546386719
0.08636474609375 0.00151824951171875 0.0444526672363281 0.0114631652832031
0.0662612915039063 -0.0293502807617188 0.0482978820800781 -0.00335311889648438
0.0511512756347656 -0.0423545837402344 0.040679931640625 -0.0131149291992188
0.0165061950683594 -0.0633087158203125 0.0196151733398437 -0.0268135070800781
-0.0123672485351563 -0.0645217895507813 -0.000982284545898437 -0.015986442565918
-0.0136642456054688 -0.0586013793945312 -0.00582027435302735 0.00631237030029297
-0.0245552062988281 -0.0615615844726563 -0.0110225677490234 0.0199546813964844
-0.013916015625 -0.0598716735839844 -0.0270366668701172 0.0308990478515625
0.00949859619140624 -0.0646400451660156 -0.0361862182617188 0.0287818908691406
0.0271873474121094 -0.0625724792480469 -0.0446548461914063 0.0087890625
0.067779541015625 -0.0347747802734375 -0.04010009765625 -0.0104713439941406
0.0781784057617188 -0.01617431640625 -0.0267829895019531 -0.0101566314697266
0.0891342163085938 0.00702667236328125 -0.00296783447265624 0.0170822143554688
0.08917236328125 0.03240966796875 0.0224170684814453 -0.0337295532226563
0.0762939453125 0.0296554565429688 0.0398941040039063 0.00423431396484375
0.0936965942382813 0.00275421142578125 0.0461959838867188 0.0181007385253906
0.0702476501464844 -0.0324821472167969 0.0453071594238281 0.00978469848632812
0.0499153137207031 -0.0443954467773437 0.037353515625 0.0041351318359375
0.0140647888183594 -0.0618019104003906 0.0202388763427734 -0.00510597229003907
-0.0131416320800781 -0.0604324340820313 0.0076899528503418 0.00661420822143554
-0.014495849609375 -0.0546798706054687 0.00520133972167969 0.0253467559814453
-0.0249214172363281 -0.0565261840820313 0.000225067138671872 0.0379371643066406
-0.0161895751953125 -0.0549697875976563 -0.0181961059570313 0.047576904296875
0.00604248046875001 -0.0622673034667969 -0.0285987854003906 0.0408859252929687
0.0251579284667969 -0.062286376953125 -0.0381660461425781 0.0172958374023437
0.069091796875 -0.0343971252441406 -0.0320854187011719 -0.00463294982910157
0.0795059204101563 -0.0110549926757813 -0.00874137878417968 -0.00929546356201172
0.0860214233398438 0.013580322265625 0.0264415740966797 0.025115966796875
0.071533203125 0.0331878662109375 0.0501136779785156 -0.0242233276367187
0.0650291442871094 0.0320472717285156 0.0566978454589844 0.0086669921875
0.0828323364257813 0.00424957275390625 0.045318603515625 0.0208206176757813
0.0587997436523438 -0.0298423767089844 0.0398788452148438 0.0207405090332031
0.0374336242675781 -0.0373382568359375 0.0325469970703125 0.0193462371826172
0.00801467895507813 -0.049041748046875 0.0229701995849609 0.0157394409179688
-0.0114021301269531 -0.0460891723632812 0.0177097320556641 0.0255718231201172
-0.0131568908691406 -0.0428009033203125 0.0144309997558594 0.0393257141113281
-0.0215873718261719 -0.0442085266113281 0.00907135009765625 0.0516395568847656
-0.0154151916503906 -0.0430030822753906 -0.0121421813964844 0.0597953796386719
0.00347137451171875 -0.0514755249023438 -0.0232391357421875 0.0477790832519531
0.0212059020996094 -0.0543289184570313 -0.0313682556152344 0.0236682891845703
0.0630683898925781 -0.0279922485351563 -0.0246086120605469 0.00120162963867188
0.0692558288574219 -0.00249481201171875 0.00672054290771485 -0.00601911544799805
0.072265625 0.0194625854492188 0.0504112243652344 0.036376953125
0.044677734375 0.0279350280761719 0.0662574768066406 -0.0157394409179687
0.0443000793457031 0.0283851623535156 0.0664291381835938 0.0108528137207031
0.0578765869140625 0.00149154663085938 0.04364013671875 0.0221443176269531
0.0357131958007813 -0.0235366821289063 0.0370826721191406 0.0283546447753906
0.017578125 -0.0246028900146484 0.0309886932373047 0.0273761749267578
0.000328063964843747 -0.0267696380615234 0.0262012481689453 0.0279216766357422
-0.0081787109375 -0.0247116088867188 0.0261383056640625 0.0369873046875
-0.01007080078125 -0.0240154266357422 0.0227622985839844 0.0473709106445313
-0.0145015716552734 -0.0250835418701172 0.0150032043457031 0.0611763000488281
-0.0128364562988281 -0.0263748168945313 -0.0084075927734375 0.0677986145019531
-9.53674316406271E-05 -0.0356903076171875 -0.0211753845214844 0.052154541015625
0.0141563415527344 -0.0405845642089844 -0.0276451110839844 0.0274372100830078
0.0491409301757812 -0.0203971862792969 -0.0193862915039062 0.00556373596191406
0.0503463745117188 0.0044708251953125 0.0188999176025391 -0.00042724609375
0.0482597351074219 0.0202064514160156 0.0689353942871094 0.0468025207519531
-0.00385379791259766 -0.0145597457885742 -0.0791702270507812 -0.045654296875
-0.0300846099853516 0.000274658203125002 -0.0282077789306641 -0.00288009643554687
-0.0238666534423828 0.015838623046875 0.0208568572998047 -0.00728607177734375
-0.00685310363769531 0.0233383178710938 0.0360107421875 -0.0310249328613281
0.00844669342041016 0.0160064697265625 0.0301475524902344 -0.0530738830566406
0.0110368728637695 0.00615501403808594 0.00680541992187499 -0.0743865966796875
0.00388598442077637 -0.00209188461303711 -0.0230255126953125 -0.0718917846679688
0.00398612022399902 -0.000943660736083984 -0.0290451049804687 -0.0527267456054688
0.00339436531066894 -0.00106096267700195 -0.0328369140625 -0.0389213562011719
0.00426435470581055 6.22272491455078E-05 -0.0327129364013672 -0.0349025726318359
0.00246047973632813 0.00685548782348633 -0.0391616821289062 -0.0281105041503906
-0.0107784271240234 0.00771999359130859 -0.0415573120117188 -0.0311965942382812
-0.0232944488525391 -0.00771331787109375 -0.0466270446777344 -0.0328140258789063
-0.0210189819335937 -0.0206317901611328 -0.0696945190429687 -0.0105247497558594
-0.00264167785644531 -0.0275650024414062 -0.0765457153320313 0.00331115722656251
0.0285358428955078 -0.00813674926757813 -0.078125 -0.0525283813476563
-0.00176048278808594 0.0023658275604248 -0.0264797210693359 -0.00765800476074219
0.00268459320068359 0.0101394653320313 0.0245647430419922 -0.00739288330078125
0.0116891860961914 0.00928592681884766 0.0401573181152344 -0.0307502746582031
0.0217857360839844 -0.00214004516601563 0.0352020263671875 -0.0521736145019531
0.0115184783935547 -0.0181808471679688 0.00852203369140624 -0.074127197265625
-0.00420570373535156 -0.0260868072509766 -0.0223960876464844 -0.0686149597167969
-0.00201225280761719 -0.0241107940673828 -0.0282707214355469 -0.0456161499023438
-0.00481224060058594 -0.0272579193115234 -0.0335292816162109 -0.0310192108154297
0.00377273559570313 -0.0263938903808594 -0.0377922058105469 -0.0245132446289063
0.0153007507324219 -0.0199661254882813 -0.0452232360839844 -0.0182876586914063
0.0128355026245117 -0.0120792388916016 -0.0474205017089844 -0.0269622802734375
0.011570930480957 -0.00822830200195313 -0.0470771789550781 -0.0318069458007813
0.0139608383178711 -0.0148544311523438 -0.0654830932617188 -0.00956344604492187
0.0297317504882813 -0.0195217132568359 -0.0697212219238281 0.00168228149414063
0.0580406188964844 0.00437164306640625 -0.0655059814453125 -0.0526885986328125
0.0302162170410156 0.00900650024414063 -0.0166482925415039 -0.00806999206542968
0.0358657836914063 0.00563430786132813 0.0318164825439453 -0.00196647644042969
0.0347919464111328 -0.00657081604003906 0.0464744567871094 -0.0271568298339844
0.0355682373046875 -0.0215415954589844 0.039093017578125 -0.0464248657226563
0.01275634765625 -0.0409965515136719 0.0109748840332031 -0.0658035278320313
-0.0109596252441406 -0.0464515686035156 -0.0183792114257813 -0.0563888549804687
-0.00843048095703125 -0.0435523986816406 -0.0233364105224609 -0.0315704345703125
-0.0152702331542969 -0.0480766296386719 -0.0284194946289063 -0.0165519714355469
-0.00295639038085938 -0.0476150512695313 -0.0379753112792969 -0.00687789916992188
0.017486572265625 -0.0454444885253906 -0.047271728515625 -0.00226593017578126
0.0259170532226563 -0.036468505859375 -0.0527114868164063 -0.0162734985351563
0.0418663024902344 -0.0177078247070313 -0.0480537414550781 -0.0268707275390625
0.0483055114746094 -0.0156517028808594 -0.0556488037109375 -0.0103492736816406
0.0593490600585937 -0.00944137573242188 -0.0545272827148438 0.00223159790039061
0.0840072631835938 0.0161514282226563 -0.0396881103515625 -0.0526466369628906
0.0571060180664063 0.0146369934082031 5.0067901611331E-05 -0.00560998916625976
0.0663375854492188 0.00070953369140625 0.0404701232910156 0.00419998168945313
0.0534515380859375 -0.0205955505371094 0.0510597229003906 -0.0172920227050781
0.0470962524414062 -0.0353584289550781 0.0434989929199219 -0.0330543518066406
0.0160446166992187 -0.0571479797363281 0.0162849426269531 -0.0505332946777344
-0.0133895874023437 -0.0609512329101562 -0.0107231140136719 -0.03900146484375
-0.0121803283691406 -0.0561866760253906 -0.0156936645507812 -0.0132303237915039
-0.0222816467285156 -0.0598030090332031 -0.0208511352539063 0.00249290466308593
-0.00974655151367187 -0.0590171813964844 -0.03533935546875 0.0136756896972656
0.01434326171875 -0.0609664916992188 -0.0442428588867188 0.0151748657226562
0.0282020568847656 -0.0549468994140625 -0.0521049499511719 -0.00302886962890626
0.0605735778808594 -0.0296440124511719 -0.0466346740722656 -0.0187225341796875
0.069732666015625 -0.0184898376464844 -0.0437736511230469 -0.0100479125976563
0.0824661254882813 -0.00264739990234375 -0.0305747985839844 0.00982093811035156
0.09588623046875 0.0275192260742187 -0.00678634643554687 -0.0454483032226563
0.0754165649414063 0.0232772827148438 0.0209789276123047 -0.000761032104492186
0.0897598266601562 0.000213623046875 0.0468406677246094 0.0117301940917969
0.0687141418457031 -0.0313262939453125 0.0511398315429688 -0.00368881225585938
0.0534515380859375 -0.0448837280273438 0.0430870056152344 -0.01397705078125
0.0163459777832031 -0.0657615661621094 0.01995849609375 -0.0284004211425781
-0.0143318176269531 -0.066253662109375 -0.000931739807128906 -0.0161075592041016
-0.0149116516113281 -0.0609512329101562 -0.00549554824829102 0.00683975219726562
-0.0269584655761719 -0.0630836486816406 -0.0111503601074219 0.0210437774658203
-0.0158309936523438 -0.0616607666015625 -0.0273990631103516 0.0324802398681641
0.00866317749023437 -0.0669670104980469 -0.0367050170898438 0.0304450988769531
0.0269775390625 -0.0652847290039062 -0.0468368530273438 0.010101318359375
0.0704116821289063 -0.0375518798828125 -0.0420761108398437 -0.0111732482910156
0.0811080932617187 -0.0182876586914062 -0.0288105010986328 -0.0108757019042969
0.093353271484375 0.00630950927734375 -0.00277900695800781 0.0182113647460937
0.0924148559570313 0.03240966796875 0.0229454040527344 -0.0344772338867188
0.0803146362304688 0.0299606323242187 0.0413818359375 0.0045166015625
0.0972442626953125 0.00150299072265625 0.0483856201171875 0.0187263488769531
0.07232666015625 -0.034454345703125 0.0478630065917969 0.00983047485351562
0.0516204833984375 -0.0471420288085938 0.039276123046875 0.00372695922851562
0.0138664245605469 -0.0643386840820313 0.0211944580078125 -0.00500106811523438
-0.0145606994628906 -0.0621681213378906 0.00886440277099609 0.0074462890625
-0.0161819458007813 -0.0563697814941406 0.00638198852539062 0.0260448455810547
-0.0270309448242188 -0.0575332641601562 0.000896453857421875 0.0393104553222656
-0.0176544189453125 -0.0562019348144531 -0.0181045532226562 0.0497512817382813
0.00507736206054687 -0.0642776489257812 -0.0286293029785156 0.0428085327148437
0.0245399475097656 -0.0651512145996094 -0.0394363403320313 0.0190582275390625
0.0716094970703125 -0.0371627807617188 -0.0338764190673828 -0.00521278381347657
0.082366943359375 -0.01275634765625 -0.00940513610839843 -0.0103931427001953
0.09002685546875 0.0127029418945313 0.0280284881591797 0.0258903503417969
0.0745391845703125 0.0327835083007813 0.0517501831054688 -0.0253982543945312
0.0681571960449219 0.0327644348144531 0.0588798522949219 0.00827789306640625
0.0862655639648438 0.00322723388671875 0.0482597351074219 0.0216178894042969
0.0602493286132813 -0.0315742492675781 0.042236328125 0.0217170715332031
0.0387840270996094 -0.0401268005371094 0.0345172882080078 0.0199127197265625
0.00753402709960938 -0.0506401062011719 0.0243892669677734 0.0162734985351562
-0.0128173828125 -0.04730224609375 0.0191326141357422 0.02685546875
-0.0142631530761719 -0.0438156127929688 0.0162773132324219 0.0408058166503906
-0.0228424072265625 -0.0448226928710938 0.009857177734375 0.0537757873535156
-0.0161590576171875 -0.0442428588867188 -0.0118598937988281 0.0620994567871094
0.00263595581054687 -0.05322265625 -0.0230216979980469 0.0498390197753906
0.02105712890625 -0.0562667846679688 -0.0321674346923828 0.0247097015380859
0.0651817321777344 -0.0303497314453125 -0.0256004333496094 0.001007080078125
0.072174072265625 -0.0035552978515625 0.00722742080688477 -0.00651025772094727
0.0752716064453125 0.0195388793945313 0.0535163879394531 0.0369720458984375
0.0465316772460937 0.0277862548828125 0.0687713623046875 -0.0171699523925781
0.0468254089355469 0.0296211242675781 0.0699310302734375 0.0101661682128906
0.0606231689453125 0.000720977783203125 0.0454177856445313 0.022735595703125
0.0366096496582031 -0.0249595642089844 0.0394363403320313 0.0296669006347656
0.0182151794433594 -0.0256423950195312 0.0327053070068359 0.0277595520019531
0.000324249267578128 -0.0278263092041016 0.0280818939208984 0.0288906097412109
-0.00905609130859375 -0.0253143310546875 0.0284805297851563 0.0381660461425781
-0.0106487274169922 -0.0246429443359375 0.0247077941894531 0.0490989685058594
-0.0159873962402344 -0.0257091522216797 0.0166130065917969 0.0638236999511719
-0.0135250091552734 -0.0267143249511719 -0.00774383544921875 0.0701637268066406
-0.000686645507812498 -0.0365791320800781 -0.0216026306152344 0.0541534423828125
0.0141716003417969 -0.0422172546386719 -0.0286502838134766 0.0285453796386719
0.050506591796875 -0.02166748046875 -0.0197296142578125 0.00567626953125
0.0524177551269531 0.00422286987304688 0.0201625823974609 -0.00092315673828125
0.050628662109375 0.0204238891601563 0.0726318359375 0.0469894409179688
-0.005218505859375 -0.0157184600830078 -0.0847702026367188 -0.0444412231445313
-0.0308647155761719 0.0015869140625 -0.0298080444335938 -0.00152587890625
-0.0245933532714844 0.0176029205322266 0.0219440460205078 -0.00791740417480469
-0.00622177124023437 0.0246334075927734 0.0366859436035156 -0.0336112976074219
0.00937747955322266 0.0158538818359375 0.0299186706542969 -0.0562362670898438
0.011357307434082 0.00554370880126953 0.00434875488281249 -0.0780868530273438
0.00376462936401367 -0.00192737579345703 -0.0273590087890625 -0.0740814208984375
0.00369071960449219 -0.00143980979919434 -0.0323905944824219 -0.0537834167480469
0.00340032577514648 -0.00144720077514648 -0.0357475280761719 -0.0395088195800781
0.00478744506835938 -0.000327587127685547 -0.0350761413574219 -0.0355415344238281
0.0029902458190918 0.00653600692749024 -0.0414848327636719 -0.0286331176757813
-0.010746955871582 0.0084228515625 -0.0448226928710937 -0.0313873291015625
-0.0243473052978516 -0.00710105895996094 -0.0499305725097656 -0.032958984375
-0.0222091674804687 -0.0205364227294922 -0.0736618041992188 -0.00881195068359374
-0.00370979309082031 -0.029296875 -0.0801849365234375 0.00627136230468749
0.0297203063964844 -0.00963401794433594 -0.084564208984375 -0.0512771606445313
-0.00150609016418457 0.00297617912292481 -0.0285015106201172 -0.00660514831542968
0.00355052947998047 0.0105295181274414 0.0254955291748047 -0.0076904296875
0.0131454467773438 0.00916099548339844 0.0409507751464844 -0.0328025817871094
0.0225315093994141 -0.00385284423828125 0.0348625183105469 -0.0554237365722656
0.0113258361816406 -0.0195999145507813 0.00650787353515625 -0.07763671875
-0.00589752197265625 -0.0262699127197266 -0.026153564453125 -0.0705947875976563
-0.0034332275390625 -0.0253028869628906 -0.0318374633789063 -0.046600341796875
-0.00644874572753906 -0.0284557342529297 -0.0358963012695312 -0.0313720703125
0.00282669067382813 -0.0278511047363281 -0.0401496887207031 -0.0242424011230469
0.014984130859375 -0.0216960906982422 -0.047576904296875 -0.0180702209472656
0.0125799179077148 -0.0130348205566406 -0.0505867004394531 -0.0268287658691406
0.0118551254272461 -0.00934505462646484 -0.0503692626953125 -0.0315055847167969
0.0145187377929688 -0.0169925689697266 -0.0691070556640625 -0.00833892822265626
0.0303878784179688 -0.0217609405517578 -0.0737228393554688 0.00437164306640626
0.0608901977539063 0.00193405151367188 -0.0699806213378906 -0.0514869689941406
0.0320034027099609 0.00813484191894531 -0.0185508728027344 -0.00721931457519531
0.0382270812988281 0.00432968139648437 0.033843994140625 -0.00294876098632812
0.0360984802246094 -0.00794601440429688 0.0477638244628906 -0.0299339294433594
0.0361518859863281 -0.0245590209960938 0.03973388671875 -0.0496673583984375
0.0119400024414063 -0.0429840087890625 0.0091400146484375 -0.0690536499023438
-0.0136604309082031 -0.0477333068847656 -0.0215797424316406 -0.0577049255371094
-0.0109977722167969 -0.0451011657714844 -0.0256080627441406 -0.0318832397460938
-0.0179519653320312 -0.0494728088378906 -0.0306568145751953 -0.0160846710205078
-0.00510787963867188 -0.049102783203125 -0.0396690368652344 -0.00594711303710938
0.0161399841308594 -0.0485801696777344 -0.0493202209472656 -0.000423431396484386
0.0255050659179688 -0.0395698547363281 -0.0561714172363281 -0.0151138305664063
0.0433158874511719 -0.0208663940429688 -0.052490234375 -0.0266189575195312
0.0495338439941406 -0.0187911987304688 -0.0592231750488281 -0.00978088378906251
0.0616722106933594 -0.0126609802246094 -0.0573234558105469 0.00437545776367186
0.0884933471679688 0.01385498046875 -0.0440826416015625 -0.0525932312011719
0.0603294372558594 0.0136032104492188 -0.000400066375732419 -0.00544261932373047
0.069671630859375 -0.0022125244140625 0.0428085327148438 0.00348281860351563
0.0555801391601563 -0.0234909057617187 0.0528907775878906 -0.0195579528808594
0.048553466796875 -0.0394706726074219 0.0447845458984375 -0.0360870361328125
0.0139503479003906 -0.0601921081542969 0.0147705078125 -0.0531158447265625
-0.0166130065917969 -0.0627593994140625 -0.0125846862792969 -0.0398483276367188
-0.0155105590820312 -0.0581626892089844 -0.0163364410400391 -0.0133037567138672
-0.0262336730957031 -0.0616302490234375 -0.0219688415527344 0.00316810607910156
-0.0124130249023438 -0.0609016418457031 -0.0357322692871094 0.0155868530273438
0.0124244689941406 -0.0643424987792969 -0.0458259582519531 0.0178337097167969
0.0273361206054688 -0.0585479736328125 -0.0548019409179687 -0.0010528564453125
0.0622940063476562 -0.0340194702148438 -0.0501480102539062 -0.0189590454101563
0.0719680786132812 -0.0224685668945312 -0.0465240478515625 -0.00967407226562501
0.0866622924804688 -0.005706787109375 -0.0315055847167969 0.0112190246582031
0.101799011230469 0.0252456665039062 -0.00875854492187499 -0.0468254089355469
0.0799331665039062 0.0217971801757813 0.0215244293212891 -0.0012359619140625
0.0942840576171875 -0.00353240966796875 0.0495796203613281 0.0114707946777344
0.0704498291015625 -0.0351638793945313 0.0538444519042969 -0.00582504272460938
0.0546226501464844 -0.0495452880859375 0.0446853637695313 -0.0160713195800781
0.0146064758300781 -0.0686416625976562 0.0201148986816406 -0.0300102233886719
-0.0181427001953125 -0.068511962890625 -0.00127601623535156 -0.0161113739013672
-0.0180130004882812 -0.06298828125 -0.00449514389038086 0.00743961334228515
-0.030609130859375 -0.0643424987792969 -0.0104942321777344 0.0225009918212891
-0.0182876586914063 -0.063018798828125 -0.0272846221923828 0.0351009368896484
0.00610351562499999 -0.07037353515625 -0.0370597839355469 0.0326957702636719
0.0251693725585938 -0.0692710876464844 -0.0484428405761719 0.0119438171386719
0.0725326538085938 -0.0422744750976563 -0.0445671081542969 -0.0104331970214844
0.0843887329101563 -0.0229339599609375 -0.0306949615478516 -0.0108413696289063
0.0986862182617188 0.00275421142578125 -0.00207328796386718 0.0186309814453125
0.09832763671875 0.0299911499023437 0.0224456787109375 -0.0366096496582031
0.0855941772460937 0.0289535522460937 0.0425910949707031 0.0033111572265625
0.102287292480469 -0.00215911865234375 0.0518875122070313 0.0186843872070313
0.073699951171875 -0.0382461547851563 0.0506477355957031 0.00889205932617188
0.0526504516601563 -0.0513267517089844 0.0413742065429688 0.00239944458007812
0.0117607116699219 -0.0674552917480469 0.02227783203125 -0.00577735900878907
-0.0183525085449219 -0.06378173828125 0.00990676879882813 0.00813961029052734
-0.0189704895019531 -0.0582084655761719 0.00838661193847656 0.0271625518798828
-0.0311050415039063 -0.0588493347167969 0.00313568115234375 0.0412139892578125
-0.0203361511230469 -0.0574913024902344 -0.016693115234375 0.0529594421386719
0.0030517578125 -0.067047119140625 -0.0283279418945313 0.0460548400878906
0.0228157043457031 -0.0680465698242188 -0.0408744812011719 0.0209999084472656
0.0730361938476563 -0.0418853759765625 -0.0357666015625 -0.00424957275390625
0.0853195190429688 -0.0165557861328125 -0.0106487274169922 -0.0108957290649414
0.0948867797851562 0.00997161865234375 0.0302505493164063 0.0257568359375
0.0794830322265625 0.0315704345703125 0.0529594421386719 -0.0279655456542969
0.0728530883789063 0.0319290161132813 0.0621910095214844 0.0059967041015625
0.0904998779296875 -0.000152587890625 0.0508956909179688 0.0211372375488281
0.0613975524902344 -0.0350341796875 0.0451202392578125 0.0213088989257812
0.0396003723144531 -0.0433273315429688 0.03662109375 0.0193367004394531
0.00648117065429688 -0.0528755187988281 0.0264949798583984 0.0161724090576172
-0.0157203674316406 -0.0486793518066406 0.0220870971679688 0.0274448394775391
-0.0163307189941406 -0.0452995300292969 0.0195808410644531 0.0418205261230469
-0.0256233215332031 -0.0457382202148438 0.0128250122070313 0.0556144714355469
-0.0188522338867188 -0.0444831848144531 -0.00935745239257813 0.06561279296875
0.00052261352539063 -0.05511474609375 -0.0221176147460938 0.0528030395507813
0.019256591796875 -0.0592994689941406 -0.0333328247070313 0.0268459320068359
0.0666847229003906 -0.0342445373535156 -0.0268516540527344 0.001495361328125
0.0747833251953125 -0.0066680908203125 0.00694036483764649 -0.00844383239746094
0.079986572265625 0.0168991088867188 0.0573348999023438 0.0362777709960938
0.0497817993164063 0.0268707275390625 0.0716781616210938 -0.0205230712890625
0.0501556396484375 0.02899169921875 0.0730667114257813 0.00772857666015625
0.0629615783691406 -0.00165176391601563 0.0489730834960938 0.022613525390625
0.0369071960449219 -0.0272483825683594 0.0430335998535156 0.0289382934570313
0.0188922882080078 -0.0278110504150391 0.0353507995605469 0.0280494689941406
-0.000719070434570315 -0.0289573669433594 0.031158447265625 0.0289192199707031
-0.0107688903808594 -0.0256671905517578 0.0319290161132813 0.03912353515625
-0.0120315551757813 -0.0253677368164063 0.0283546447753906 0.0501785278320313
-0.0169525146484375 -0.0258197784423828 0.020294189453125 0.0659637451171875
-0.0151443481445313 -0.0268688201904297 -0.00504302978515625 0.0743408203125
-0.0022430419921875 -0.0378570556640625 -0.0206489562988281 0.0576171875
0.0125465393066406 -0.0441970825195313 -0.0292854309082031 0.0307044982910156
0.0521163940429688 -0.0249099731445313 -0.0201759338378906 0.00588417053222656
0.0548553466796875 0.00290298461914063 0.0211887359619141 -0.00264930725097656
0.0535812377929688 0.0195770263671875 0.0778884887695313 0.0459823608398438
-0.00650787353515625 -0.0163202285766602 -0.0903396606445313 -0.040069580078125
-0.0313987731933594 0.00325775146484375 -0.0309047698974609 0.000633239746093749
-0.0243034362792969 0.0194244384765625 0.0220756530761719 -0.00928306579589844
-0.00494766235351563 0.0255870819091797 0.0357704162597656 -0.0364875793457031
0.0102596282958984 0.0154018402099609 0.0276641845703125 -0.059539794921875
0.0120229721069336 0.00442218780517578 0.000221252441406254 -0.08026123046875
0.00388121604919434 -0.00200104713439941 -0.0329132080078125 -0.0742645263671875
0.00343394279479981 -0.00172853469848633 -0.0372695922851563 -0.0528984069824219
0.00310301780700684 -0.00217866897583008 -0.0393104553222656 -0.0384635925292969
0.00486326217651367 -0.000672340393066406 -0.0386734008789063 -0.0350341796875
0.00366020202636719 0.00624752044677734 -0.0443840026855469 -0.0273780822753906
-0.0103092193603516 0.00891494750976563 -0.0479278564453125 -0.0294036865234375
-0.0250396728515625 -0.00542831420898438 -0.0538597106933594 -0.0308723449707031
-0.0234222412109375 -0.0194644927978516 -0.0764389038085938 -0.00494384765624999
-0.00584793090820312 -0.0300846099853516 -0.0823211669921875 0.0114212036132813
0.0291557312011719 -0.0119152069091797 -0.090179443359375 -0.046722412109375
-0.0012059211730957 0.00322461128234863 -0.0295963287353516 -0.0045318603515625
0.00470829010009766 0.010991096496582 0.025421142578125 -0.00931358337402344
0.0139102935791016 0.00876235961914063 0.0403099060058594 -0.0366287231445313
0.0228595733642578 -0.00558662414550781 0.0335540771484375 -0.0586929321289062
0.0100250244140625 -0.0204601287841797 0.0019683837890625 -0.0802078247070313
-0.00788688659667969 -0.0263252258300781 -0.0316581726074219 -0.0701141357421875
-0.00520896911621094 -0.025421142578125 -0.0356712341308594 -0.0457229614257812
-0.00889015197753906 -0.0286121368408203 -0.0387916564941406 -0.0300331115722656
0.00177001953125 -0.0287895202636719 -0.0426597595214844 -0.0229873657226563
0.0137214660644531 -0.0231685638427734 -0.0499839782714844 -0.0159721374511719
0.0123510360717773 -0.0145807266235352 -0.0542411804199219 -0.0239677429199219
0.0117940902709961 -0.0108070373535156 -0.0548744201660156 -0.0294532775878906
0.014007568359375 -0.0179004669189453 -0.071929931640625 -0.0044403076171875
0.0298614501953125 -0.0240898132324219 -0.0754470825195313 0.00888824462890626
0.0626945495605469 -0.0018463134765625 -0.0758209228515625 -0.0477523803710937
0.0337791442871094 0.006622314453125 -0.0202369689941406 -0.00549507141113281
0.0395545959472656 0.00245285034179688 0.0348129272460938 -0.0044403076171875
0.0368995666503906 -0.010406494140625 0.0474739074707031 -0.0331649780273438
0.0357589721679688 -0.0277137756347656 0.0379829406738281 -0.0532035827636719
0.00915145874023438 -0.0447769165039062 0.00563049316406251 -0.0711898803710937
-0.0170440673828125 -0.0469856262207031 -0.0257377624511719 -0.0575599670410156
-0.0143051147460937 -0.0455398559570313 -0.0280780792236328 -0.0310192108154297
-0.0223236083984375 -0.04937744140625 -0.0326423645019531 -0.0153255462646484
-0.00874710083007813 -0.0503883361816406 -0.0412178039550781 -0.00372695922851562
0.0134696960449219 -0.0511207580566406 -0.0502662658691406 0.002349853515625
0.0234832763671875 -0.0422782897949219 -0.0592117309570313 -0.0121498107910156
0.0436210632324219 -0.024810791015625 -0.0557708740234375 -0.0250129699707031
0.0499191284179687 -0.0227584838867187 -0.0626983642578125 -0.00643157958984375
0.0630760192871094 -0.0169601440429688 -0.0588760375976562 0.00754165649414063
0.0918045043945312 0.00848388671875 -0.0489997863769531 -0.0506935119628906
0.0634040832519531 0.0108528137207031 -0.00180387496948242 -0.00443029403686523
0.0718612670898438 -0.00580596923828125 0.0444221496582031 0.001739501953125
0.0555458068847656 -0.0269737243652344 0.0539321899414063 -0.0229759216308594
0.0473709106445312 -0.0442886352539063 0.044342041015625 -0.0394439697265625
0.0106201171875 -0.0624771118164063 0.0124664306640625 -0.05560302734375
-0.0213699340820313 -0.0623092651367187 -0.01507568359375 -0.039459228515625
-0.0197868347167969 -0.0588493347167969 -0.0169506072998047 -0.0122814178466797
-0.0312538146972656 -0.0609092712402344 -0.0220146179199219 0.00451469421386719
-0.0171127319335938 -0.0616798400878906 -0.0352096557617188 0.0178375244140625
0.00831222534179688 -0.0669097900390625 -0.0455970764160156 0.0210342407226563
0.0242919921875 -0.0617141723632813 -0.0570411682128906 0.00249862670898436
0.0615081787109375 -0.0392494201660156 -0.053375244140625 -0.016754150390625
0.0723037719726563 -0.0281982421875 -0.0494232177734375 -0.00744247436523438
0.0891342163085938 -0.0111923217773438 -0.0320835113525391 0.0130233764648437
0.106315612792969 0.01959228515625 -0.0125694274902344 -0.0467987060546875
0.0840377807617188 0.0180816650390625 0.0216732025146484 -0.00175094604492187
0.0972518920898438 -0.00940704345703125 0.0517921447753906 0.0092010498046875
0.0700035095214844 -0.0399932861328125 0.055450439453125 -0.008392333984375
0.0534934997558594 -0.0549201965332031 0.0457305908203125 -0.0194358825683594
0.010589599609375 -0.0719451904296875 0.0189876556396484 -0.0317897796630859
-0.0230560302734375 -0.0683555603027344 -0.00158119201660156 -0.016082763671875
-0.0227928161621094 -0.0633430480957031 -0.00351667404174805 0.00771808624267578
-0.0360488891601563 -0.0637283325195313 -0.00900650024414063 0.0237197875976562
-0.0229530334472656 -0.0635337829589844 -0.0252532958984375 0.0377006530761719
0.001953125 -0.0724334716796875 -0.0359687805175781 0.0362739562988281
0.0215911865234375 -0.072265625 -0.0496788024902344 0.0151481628417969
0.0715179443359375 -0.0484085083007813 -0.0468292236328125 -0.00858688354492187
0.084808349609375 -0.028656005859375 -0.0329666137695312 -0.00967025756835938
0.101776123046875 -0.00322723388671875 -0.00121498107910156 0.0190219879150391
0.102615356445313 0.0248031616210938 0.0204658508300781 -0.0383262634277344
0.0898284912109375 0.0247726440429688 0.04400634765625 0.00148391723632813
0.105079650878906 -0.00861358642578125 0.0545082092285156 0.0165939331054688
0.0732192993164063 -0.0435409545898438 0.0534286499023438 0.00630569458007812
0.0513801574707031 -0.0566520690917969 0.042724609375 0.000183105468749997
0.00814437866210937 -0.0699577331542969 0.0222854614257812 -0.00761032104492188
-0.0231666564941406 -0.0639533996582031 0.0115242004394531 0.0076913833618164
-0.0229988098144531 -0.058746337890625 0.0111637115478516 0.0276718139648437
-0.0356330871582031 -0.0576438903808594 0.00570297241210937 0.0424079895019531
-0.0245895385742187 -0.0570259094238281 -0.0135307312011719 0.0555992126464844
-0.00152206420898437 -0.0686874389648438 -0.0263748168945312 0.0483589172363281
0.0186386108398437 -0.0708999633789063 -0.0409774780273437 0.0242385864257813
0.0723800659179688 -0.0474777221679688 -0.0373420715332031 -0.00266647338867188
0.0860366821289062 -0.0225753784179687 -0.0120077133178711 -0.0113096237182617
0.099090576171875 0.004302978515625 0.0326652526855469 0.0236892700195313
0.0834808349609375 0.0274124145507813 0.0525627136230469 -0.0311431884765625
0.0773391723632812 0.0284271240234375 0.0637741088867188 0.00272369384765625
0.0933609008789062 -0.005706787109375 0.0542373657226563 0.0196952819824219
0.0606765747070312 -0.0390586853027344 0.0482406616210938 0.0190315246582031
0.0384368896484375 -0.0469627380371094 0.0389518737792969 0.0176353454589844
0.00311660766601562 -0.0544395446777344 0.0280246734619141 0.0149497985839844
-0.0194282531738281 -0.0489616394042969 0.0250263214111328 0.0271339416503906
-0.0199356079101563 -0.0455055236816406 0.0235862731933594 0.0414581298828125
-0.0289955139160156 -0.0450325012207031 0.0165824890136719 0.0565872192382813
-0.0217514038085938 -0.0438499450683594 -0.00538635253906251 0.0682182312011719
-0.00228118896484374 -0.0559806823730469 -0.0196151733398438 0.0557060241699219
0.0159568786621094 -0.0614547729492188 -0.0324954986572266 0.0297527313232422
0.0664558410644531 -0.0396156311035156 -0.0278377532958984 0.00285911560058594
0.0755996704101563 -0.0112686157226563 0.00640964508056641 -0.00936222076416016
0.0837631225585938 0.0129165649414063 0.0616264343261719 0.0332565307617188
0.0522994995117188 0.0245323181152344 0.0721359252929688 -0.0244979858398438
0.0537261962890625 0.0266151428222656 0.0752639770507813 0.0036163330078125
0.0645103454589844 -0.00548553466796875 0.0518150329589844 0.0210227966308594
0.0357894897460938 -0.0295639038085938 0.046051025390625 0.0273170471191406
0.0177688598632813 -0.0296268463134766 0.0377120971679688 0.0265464782714844
-0.00219917297363281 -0.029541015625 0.0334568023681641 0.0283241271972656
-0.0124740600585938 -0.0255603790283203 0.0356788635253906 0.0383644104003906
-0.0139694213867188 -0.0251102447509766 0.0332298278808594 0.0495796203613281
-0.0190601348876953 -0.0253887176513672 0.024993896484375 0.0661964416503906
-0.0165615081787109 -0.0260219573974609 -0.000724792480468744 0.0768203735351563
-0.00429916381835938 -0.0380401611328125 -0.017303466796875 0.0600318908691406
0.0100784301757813 -0.0453987121582031 -0.0286045074462891 0.0333538055419922
0.0512962341308594 -0.0290031433105469 -0.0208148956298828 0.00733757019042969
0.0559005737304688 -0.000225067138671875 0.02130126953125 -0.00507545471191406
0.0564651489257813 0.016998291015625 0.0829925537109375 0.0419158935546875
-0.00821781158447266 -0.0163841247558594 -0.0925445556640625 -0.033203125
-0.0309009552001953 0.00518226623535156 -0.0310077667236328 0.00348281860351563
-0.0226097106933594 0.0212154388427734 0.0210895538330078 -0.00973320007324219
-0.00319480895996094 0.0258102416992188 0.0333442687988281 -0.0379409790039063
0.0110292434692383 0.0146808624267578 0.024322509765625 -0.0608253479003906
0.0121822357177734 0.00351524353027344 -0.00446319580078125 -0.0802154541015625
0.00332450866699219 -0.00216031074523926 -0.0377044677734375 -0.071319580078125
0.00344228744506836 -0.00169134140014648 -0.0406646728515625 -0.0504150390625
0.00269675254821777 -0.00256562232971191 -0.0418624877929688 -0.0362014770507812
0.00511932373046875 -0.00145530700683594 -0.0408515930175781 -0.0326881408691406
0.00387763977050781 0.00551509857177734 -0.04571533203125 -0.0249290466308594
-0.00985908508300781 0.00940704345703125 -0.0497970581054688 -0.0264015197753906
-0.0254974365234375 -0.00384712219238281 -0.0558891296386719 -0.0273551940917969
-0.0246601104736328 -0.0178604125976563 -0.0768585205078125 -0.000564575195312486
-0.00830841064453125 -0.0297374725341797 -0.0820770263671875 0.01629638671875
0.0277538299560547 -0.0139389038085938 -0.0927505493164063 -0.0397491455078125
-0.000689983367919922 0.00328540802001953 -0.0305919647216797 -0.00186729431152344
0.00551223754882812 0.0107936859130859 0.0248870849609375 -0.00953865051269531
0.0146617889404297 0.00803565979003906 0.0386505126953125 -0.0379638671875
0.0220928192138672 -0.00788497924804688 0.0300521850585938 -0.0602912902832031
0.00824737548828125 -0.0215892791748047 -0.00283050537109375 -0.0796356201171875
-0.00979042053222656 -0.0249462127685547 -0.0359649658203125 -0.0677299499511719
-0.00717735290527344 -0.0254898071289063 -0.0382080078125 -0.0428810119628906
-0.0110683441162109 -0.0278511047363281 -0.0406913757324219 -0.027923583984375
-0.00029563903808594 -0.028717041015625 -0.0441436767578125 -0.020904541015625
0.0123348236083984 -0.0243473052978516 -0.0500679016113281 -0.01336669921875
0.0114688873291016 -0.0155582427978516 -0.0557289123535156 -0.0209579467773437
0.0110960006713867 -0.0115995407104492 -0.05694580078125 -0.0266036987304688
0.0133094787597656 -0.0191249847412109 -0.072662353515625 -0.00023651123046875
0.0283870697021484 -0.0255146026611328 -0.075408935546875 0.0132064819335938
0.0619010925292969 -0.00560379028320313 -0.0788650512695313 -0.0419692993164062
0.0340747833251953 0.00469398498535156 -0.0205802917480469 -0.00259971618652344
0.0403289794921875 -0.00048065185546875 0.0350093841552734 -0.00631523132324219
0.0358772277832031 -0.012786865234375 0.0457382202148438 -0.0356407165527344
0.0337238311767578 -0.0306491851806641 0.0354042053222656 -0.0554962158203125
0.00605010986328125 -0.04486083984375 0.000915527343750002 -0.0713424682617188
-0.0200843811035156 -0.0452384948730469 -0.0291595458984375 -0.0552482604980469
-0.0172080993652344 -0.0446586608886719 -0.0294132232666016 -0.0290641784667969
-0.0254631042480469 -0.0473365783691406 -0.0330715179443359 -0.0131797790527344
-0.011383056640625 -0.0493011474609375 -0.0409660339355469 -0.00197219848632814
0.00936508178710937 -0.0514144897460938 -0.0493888854980469 0.00522994995117187
0.0207138061523438 -0.0433883666992188 -0.0595741271972656 -0.00851058959960939
0.0416717529296875 -0.0281181335449219 -0.0576629638671875 -0.0216102600097656
0.0477142333984375 -0.0261688232421875 -0.0633430480957031 -0.00286483764648437
0.0622100830078125 -0.0205078125 -0.0586891174316406 0.0113983154296875
0.0916366577148437 0.002777099609375 -0.0521926879882812 -0.0462570190429688
0.0641975402832031 0.00716781616210938 -0.00298714637756347 -0.00338268280029297
0.07159423828125 -0.0107498168945313 0.045013427734375 8.39233398437493E-05
0.0536155700683594 -0.030914306640625 0.0524177551269531 -0.026031494140625
0.044708251953125 -0.0477180480957031 0.0417823791503906 -0.0419425964355469
0.00651168823242187 -0.0629043579101563 0.009063720703125 -0.0560684204101563
-0.0258064270019531 -0.0606422424316406 -0.0170555114746094 -0.0380287170410156
-0.0236434936523437 -0.0575485229492188 -0.0173568725585937 -0.0112752914428711
-0.0352592468261719 -0.0583686828613281 -0.0218772888183594 0.00552940368652344
-0.0206985473632813 -0.0592994689941406 -0.0333175659179687 0.0197677612304687
0.0035858154296875 -0.0668563842773438 -0.0437889099121094 0.0235023498535156
0.0200233459472656 -0.0626716613769531 -0.0568733215332031 0.00551986694335938
0.0592155456542969 -0.0437889099121094 -0.0551185607910156 -0.0136184692382813
0.0701637268066406 -0.0325851440429688 -0.0503120422363281 -0.0049285888671875
0.08843994140625 -0.0170669555664062 -0.0312747955322266 0.0146732330322266
0.106796264648438 0.0125961303710938 -0.0157279968261719 -0.0451736450195312
0.0851364135742188 0.0130844116210938 0.0204200744628906 -0.00262641906738281
0.096435546875 -0.0156784057617188 0.0527725219726563 0.00699234008789062
0.0673141479492188 -0.0442619323730469 0.05499267578125 -0.0115547180175781
0.0499534606933594 -0.0586509704589844 0.044677734375 -0.0224037170410156
0.00583648681640625 -0.071990966796875 0.0167045593261719 -0.0327796936035156
-0.0281448364257812 -0.066009521484375 -0.00228214263916016 -0.0152950286865234
-0.0272598266601563 -0.0617294311523438 -0.00212717056274414 0.00785446166992187
-0.0401229858398438 -0.0610771179199219 -0.00736618041992188 0.0243396759033203
-0.0265541076660156 -0.0607185363769531 -0.0222816467285156 0.0392837524414062
-0.0026397705078125 -0.0723648071289063 -0.0328636169433594 0.03814697265625
0.0164108276367187 -0.0728607177734375 -0.0488128662109375 0.0185317993164063
0.0682296752929688 -0.0530662536621094 -0.0481338500976562 -0.00561904907226563
0.0818328857421875 -0.0340194702148438 -0.0340080261230469 -0.00784492492675782
0.101493835449219 -0.00970458984375 -0.000192642211914056 0.0185871124267578
0.103904724121094 0.0181427001953125 0.0179595947265625 -0.038299560546875
0.0911865234375 0.0194320678710938 0.0428123474121094 -0.00104522705078125
0.104606628417969 -0.0152206420898437 0.0556068420410156 0.0135612487792969
0.070404052734375 -0.0477676391601563 0.0539360046386719 0.00288772583007812
0.0482826232910156 -0.0600738525390625 0.0428543090820313 -0.00276565551757813
0.0036468505859375 -0.0696258544921875 0.0216140747070312 -0.00820350646972657
-0.0275344848632812 -0.0612869262695313 0.0126523971557617 0.00732612609863281
-0.02691650390625 -0.0567703247070313 0.0131931304931641 0.02667236328125
-0.03924560546875 -0.0549125671386719 0.00858688354492187 0.041656494140625
-0.027587890625 -0.0541267395019531 -0.00918960571289063 0.0563888549804688
-0.00574874877929688 -0.0676040649414063 -0.0226783752441406 0.0504074096679687
0.0141372680664063 -0.071380615234375 -0.0396919250488281 0.0267295837402344
0.0690460205078125 -0.0523796081542969 -0.0382118225097656 -0.000854492187500009
0.0838699340820313 -0.0279006958007813 -0.0134563446044922 -0.0108757019042969
0.0989761352539063 -0.00197601318359375 0.0341243743896484 0.0211391448974609
0.0846023559570313 0.0214462280273438 0.0502128601074219 -0.0339546203613281
0.0785064697265625 0.0236129760742188 0.0629768371582031 -0.00111770629882812
0.0923919677734375 -0.0115127563476562 0.0555305480957031 0.016357421875
0.057708740234375 -0.0428199768066406 0.0497665405273438 0.0160675048828125
0.0353965759277344 -0.0498542785644531 0.0398521423339844 0.0152206420898437
-0.000343322753906251 -0.0540847778320313 0.0288467407226562 0.0136280059814453
-0.0225372314453125 -0.046661376953125 0.0271816253662109 0.0250911712646484
-0.0228996276855469 -0.0438423156738281 0.0273056030273437 0.0396232604980469
-0.0317802429199219 -0.0421714782714844 0.0206718444824219 0.0552940368652344
-0.0239181518554688 -0.0413093566894531 -0.000820159912109373 0.0681953430175781
-0.00634765624999999 -0.0549888610839844 -0.0161094665527344 0.0565528869628906
0.0120086669921875 -0.0618476867675781 -0.0309276580810547 0.0314617156982422
0.0634994506835938 -0.0434455871582031 -0.02752685546875 0.0036182403564453
0.07452392578125 -0.0156173706054687 0.00522232055664063 -0.0103025436401367
0.0848159790039062 0.0074462890625 0.0632705688476563 0.0282821655273438
0.0532341003417969 0.0210189819335938 0.0702590942382812 -0.02825927734375
0.0550041198730469 0.0229682922363281 0.0750961303710938 -0.00152587890625
0.0638084411621094 -0.00955581665039063 0.05316162109375 0.0178909301757813
0.0338611602783203 -0.0313434600830078 0.04803466796875 0.0243301391601562
0.0155220031738281 -0.0306568145751953 0.0388069152832031 0.0243377685546875
-0.00397872924804688 -0.0285739898681641 0.0349903106689453 0.0264129638671875
-0.0147209167480469 -0.0241603851318359 0.0387802124023437 0.0358390808105469
-0.0154495239257813 -0.0238628387451172 0.0364723205566406 0.0469436645507813
-0.0204830169677734 -0.0237445831298828 0.0295906066894531 0.0641860961914063
-0.0177345275878906 -0.0239486694335937 0.00449371337890625 0.0770034790039063
-0.006866455078125 -0.03741455078125 -0.0135383605957031 0.061065673828125
0.00702667236328125 -0.0455055236816406 -0.0267181396484375 0.0350837707519531
0.0490570068359375 -0.0312881469726563 -0.0203495025634766 0.00794219970703125
0.0557022094726563 -0.00351715087890625 0.0201225280761719 -0.00695419311523438
0.0574951171875 0.0130462646484375 0.0847549438476563 0.0356521606445313
-0.00941562652587891 -0.0158500671386719 -0.091827392578125 -0.0279769897460937
-0.0297641754150391 0.00615882873535157 -0.0301399230957031 0.00535011291503906
-0.0210895538330078 0.0217132568359375 0.0203704833984375 -0.00970268249511719
-0.00201034545898438 0.0254039764404297 0.03167724609375 -0.0381355285644531
0.0111961364746094 0.0133457183837891 0.0221214294433594 -0.0601959228515625
0.0116720199584961 0.0028076171875 -0.007537841796875 -0.0785446166992188
0.00289392471313477 -0.00211167335510254 -0.0398101806640625 -0.0680580139160156
0.00278997421264648 -0.00233268737792969 -0.0418853759765625 -0.0472335815429688
0.00206160545349121 -0.00304031372070313 -0.0420570373535156 -0.0340003967285156
0.00466299057006836 -0.00191450119018555 -0.0414161682128906 -0.0312690734863281
0.0037689208984375 0.00527095794677734 -0.0453376770019531 -0.0231704711914062
-0.00899505615234375 0.00960636138916015 -0.0500831604003906 -0.0236091613769531
-0.0244903564453125 -0.00278091430664062 -0.0558929443359375 -0.0247993469238281
-0.0239486694335937 -0.0164794921875 -0.0752105712890625 0.0022125244140625
-0.00959014892578125 -0.0288066864013672 -0.079803466796875 0.0188217163085938
0.0263271331787109 -0.0147991180419922 -0.091888427734375 -0.034027099609375
-0.000228404998779297 0.00332188606262207 -0.0302677154541016 0.000968933105468752
0.00623512268066406 0.00990581512451172 0.0243873596191406 -0.0100059509277344
0.0146036148071289 0.00753021240234375 0.0365982055664063 -0.0385284423828125
0.0209999084472656 -0.00865364074707031 0.0271148681640625 -0.0600967407226562
0.0066986083984375 -0.0210952758789063 -0.00504302978515625 -0.0779800415039063
-0.0105438232421875 -0.0236873626708984 -0.0379486083984375 -0.0644340515136719
-0.00838661193847656 -0.0240955352783203 -0.0392036437988281 -0.0403022766113281
-0.0126857757568359 -0.0267276763916016 -0.0408096313476562 -0.0261917114257812
-0.00192832946777344 -0.0283832550048828 -0.0441131591796875 -0.0190505981445313
0.0110015869140625 -0.0248813629150391 -0.0492362976074219 -0.0116386413574219
0.0104827880859375 -0.0156822204589844 -0.0554046630859375 -0.0185317993164062
0.0112018585205078 -0.0122165679931641 -0.0568923950195312 -0.0234527587890625
0.0124549865722656 -0.0196418762207031 -0.0712661743164062 0.00230407714843751
0.0263690948486328 -0.02667236328125 -0.0735702514648438 0.0158004760742187
0.060302734375 -0.0075225830078125 -0.0783462524414063 -0.0369873046875
0.0337314605712891 0.00301933288574219 -0.0205802917480469 -0.000574111938476561
0.0396919250488281 -0.0020294189453125 0.0341701507568359 -0.00657272338867187
0.0344409942626953 -0.0136909484863281 0.04339599609375 -0.0362586975097656
0.0318355560302734 -0.0316505432128906 0.0327606201171875 -0.0554656982421875
0.00394058227539062 -0.043853759765625 -0.00201797485351562 -0.0693702697753906
-0.0217399597167969 -0.0430412292480469 -0.0302658081054687 -0.0528488159179688
-0.0191192626953125 -0.0427818298339844 -0.0297012329101563 -0.0274314880371094
-0.0272483825683594 -0.044708251953125 -0.0329017639160156 -0.0120334625244141
-0.0133209228515625 -0.04766845703125 -0.0399436950683594 -0.000694274902343761
0.00740432739257813 -0.0509109497070312 -0.0481071472167969 0.00626754760742187
0.0181694030761719 -0.0433998107910156 -0.0585060119628906 -0.00644302368164063
0.0398788452148438 -0.0293464660644531 -0.0579948425292969 -0.0190963745117188
0.0456314086914063 -0.0275077819824219 -0.0623855590820313 -0.000556945800781264
0.0601577758789062 -0.0221023559570312 -0.0577430725097656 0.0130500793457031
0.0896148681640625 -0.0006561279296875 -0.0530776977539062 -0.0421600341796875
0.0631561279296875 0.00494766235351563 -0.00351786613464355 -0.00204801559448242
0.0705490112304687 -0.013275146484375 0.0443458557128906 -0.00106430053710938
0.0511741638183594 -0.0315666198730469 0.0508995056152344 -0.0274391174316406
0.0412216186523438 -0.0490379333496094 0.0391731262207031 -0.0427169799804688
0.00380706787109374 -0.061553955078125 0.00673675537109375 -0.0546646118164063
-0.0275459289550781 -0.0569038391113281 -0.0177040100097656 -0.0358543395996094
-0.0256690979003906 -0.0550460815429687 -0.0164861679077148 -0.0101642608642578
-0.037322998046875 -0.0554466247558594 -0.0208988189697266 0.00592613220214843
-0.0222015380859375 -0.0570793151855469 -0.0314865112304688 0.0204601287841797
0.00102615356445313 -0.0654678344726563 -0.0414085388183594 0.0239524841308594
0.017120361328125 -0.0621261596679688 -0.0556182861328125 0.00774765014648437
0.0563240051269531 -0.0456428527832031 -0.0550804138183594 -0.0115394592285156
0.0668678283691406 -0.0349578857421875 -0.0500984191894531 -0.00307083129882812
0.0858840942382813 -0.0197906494140625 -0.0305957794189453 0.0153732299804687
0.104827880859375 0.008148193359375 -0.0174369812011719 -0.0421142578125
0.0838394165039063 0.00965118408203125 0.0192070007324219 -0.00227928161621094
0.0942611694335937 -0.0189743041992188 0.0523834228515625 0.00525665283203125
0.064239501953125 -0.0446739196777344 0.0535659790039063 -0.0133438110351563
0.0466995239257813 -0.0602378845214844 0.04229736328125 -0.0234298706054688
0.0028228759765625 -0.0702018737792969 0.0147190093994141 -0.0323581695556641
-0.029937744140625 -0.0626754760742188 -0.00257110595703125 -0.0151824951171875
-0.0292129516601562 -0.0591163635253906 -0.00131082534790039 0.00783777236938476
-0.0421104431152344 -0.0574951171875 -0.00611114501953125 0.0239028930664062
-0.0283050537109375 -0.0578956604003906 -0.0198974609375 0.0389060974121094
-0.00565338134765625 -0.0698051452636719 -0.0305633544921875 0.0381317138671875
0.0131912231445313 -0.071624755859375 -0.047119140625 0.0197601318359375
0.0642814636230469 -0.0548324584960938 -0.0477180480957031 -0.00399017333984376
0.078338623046875 -0.0360488891601563 -0.0340061187744141 -0.00689888000488281
0.0992202758789063 -0.013214111328125 0.000179290771484382 0.01763916015625
0.101593017578125 0.0135498046875 0.015716552734375 -0.0373725891113281
0.0900650024414063 0.0155487060546875 0.0409355163574219 -0.00130081176757812
0.101974487304687 -0.0189895629882813 0.0562286376953125 0.0119819641113281
0.0667762756347656 -0.0487556457519531 0.0531997680664063 0.00109481811523437
0.0447006225585938 -0.061309814453125 0.0413017272949219 -0.0043182373046875
0.000610351562499996 -0.0681304931640625 0.0206127166748047 -0.0082550048828125
-0.0294532775878906 -0.0582542419433594 0.0129423141479492 0.00656032562255859
-0.0285682678222656 -0.054412841796875 0.0152301788330078 0.0248184204101562
-0.0401611328125 -0.0519142150878906 0.0103797912597656 0.039886474609375
-0.0288543701171875 -0.0513191223144531 -0.00634384155273438 0.0554618835449219
-0.00823593139648438 -0.0655555725097656 -0.01995849609375 0.0498809814453125
0.010986328125 -0.0701484680175781 -0.0378608703613281 0.0276298522949219
0.06524658203125 -0.0538139343261719 -0.0377349853515625 0.000129699707031245
0.080657958984375 -0.0300369262695313 -0.0139570236206055 -0.0107326507568359
0.0970840454101563 -0.00540924072265625 0.0335235595703125 0.0189113616943359
0.0831756591796875 0.0181961059570313 0.0474777221679688 -0.0338478088378906
0.0781173706054687 0.0199356079101562 0.0605850219726563 -0.0027923583984375
0.090301513671875 -0.0152740478515625 0.0551528930664063 0.0145034790039062
0.0549087524414063 -0.0435028076171875 0.0492935180664063 0.013763427734375
0.0327911376953125 -0.0501060485839844 0.0392799377441406 0.01373291015625
-0.00260543823242188 -0.0525169372558594 0.0283832550048828 0.0128536224365234
-0.0240707397460937 -0.0442085266113281 0.0280475616455078 0.0243282318115234
-0.0241889953613281 -0.0420379638671875 0.0284881591796875 0.0372123718261719
-0.0329017639160156 -0.0396842956542969 0.022735595703125 0.052825927734375
-0.0243415832519531 -0.0390090942382813 0.00228118896484375 0.0667762756347656
-0.00781631469726563 -0.0532035827636719 -0.0133171081542969 0.0557861328125
0.00909042358398438 -0.0602073669433594 -0.0298023223876953 0.0321121215820312
0.0603675842285156 -0.04473876953125 -0.0276622772216797 0.0046539306640625
0.0717010498046875 -0.0175704956054688 0.00408458709716797 -0.0110359191894531
0.0829696655273438 0.00411224365234375 0.0623130798339844 0.0249176025390625
0.05206298828125 0.0182991027832031 0.0673675537109375 -0.029266357421875
0.0545578002929688 0.0199737548828125 0.072265625 -0.00411224365234375
0.0620574951171875 -0.0115394592285156 0.0528640747070313 0.0159492492675781
0.0316886901855469 -0.0314559936523438 0.0478134155273438 0.021881103515625
0.0141582489013672 -0.0304965972900391 0.0386581420898438 0.0229110717773437
-0.00495529174804688 -0.0278053283691406 0.0347633361816406 0.0248203277587891
-0.0150585174560547 -0.0224685668945312 0.0394935607910156 0.033477783203125
-0.0163707733154297 -0.0230998992919922 0.0381584167480469 0.0440292358398438
-0.0205860137939453 -0.0223445892333984 0.0315933227539063 0.0617713928222656
-0.0179100036621094 -0.0222911834716797 0.00765228271484375 0.0751190185546875
-0.0078277587890625 -0.0355033874511719 -0.0113906860351563 0.0599594116210938
0.00481796264648438 -0.0440254211425781 -0.0252799987792969 0.0354843139648437
0.0468940734863281 -0.0323562622070313 -0.0200920104980469 0.00808143615722656
0.0541343688964844 -0.00511550903320313 0.0190391540527344 -0.00824356079101563
0.0562515258789063 0.0105972290039063 0.0842208862304688 0.0308151245117188
-0.00995349884033203 -0.0153102874755859 -0.0897979736328125 -0.0256729125976563
-0.0288162231445313 0.00605392456054687 -0.0293922424316406 0.00653648376464844
-0.020416259765625 0.0216293334960938 0.0196075439453125 -0.00926780700683593
-0.00181961059570313 0.0248661041259766 0.0308151245117188 -0.0376167297363281
0.0105018615722656 0.0125818252563477 0.0216522216796875 -0.0594520568847656
0.0111293792724609 0.002410888671875 -0.00811004638671875 -0.077423095703125
0.0028073787689209 -0.00232172012329102 -0.039886474609375 -0.0656051635742187
0.00241327285766602 -0.00199294090270996 -0.0418281555175781 -0.0457382202148437
0.00164055824279785 -0.00326943397521973 -0.0421829223632813 -0.0331459045410156
0.00408196449279785 -0.00231432914733887 -0.0409774780273438 -0.030609130859375
0.00380802154541016 0.00466680526733398 -0.0447807312011719 -0.0225982666015625
-0.00852680206298828 0.00921154022216797 -0.0493087768554688 -0.0226898193359375
-0.0237541198730469 -0.00242424011230469 -0.0549125671386719 -0.0240364074707031
-0.0232410430908203 -0.0156059265136719 -0.0736770629882813 0.00255584716796876
-0.0101795196533203 -0.0283851623535156 -0.0786895751953125 0.0188751220703125
0.0252323150634766 -0.0144252777099609 -0.0905227661132813 -0.0316925048828125
0.00032496452331543 0.003265380859375 -0.0291423797607422 0.00211906433105469
0.00649452209472656 0.00990390777587891 0.0243301391601562 -0.00925254821777344
0.0143337249755859 0.00713539123535156 0.0358505249023438 -0.0381546020507813
0.0199260711669922 -0.00899124145507813 0.0265693664550781 -0.0592727661132813
0.00639533996582031 -0.0209999084472656 -0.00611114501953125 -0.0760955810546875
-0.0106563568115234 -0.0230617523193359 -0.0378799438476563 -0.0619049072265625
-0.00886154174804687 -0.0237998962402344 -0.0388908386230469 -0.0395240783691406
-0.0128726959228516 -0.0261974334716797 -0.0406494140625 -0.025390625
-0.00224113464355469 -0.027740478515625 -0.0434989929199219 -0.0187492370605469
0.0102710723876953 -0.0242595672607422 -0.0483474731445313 -0.0113754272460937
0.0097503662109375 -0.0155649185180664 -0.0543251037597656 -0.0173606872558594
0.0108461380004883 -0.0124597549438477 -0.0563011169433594 -0.0227699279785156
0.0123767852783203 -0.0191707611083984 -0.07037353515625 0.0026702880859375
0.0255966186523438 -0.0260944366455078 -0.07281494140625 0.0155258178710938
0.058685302734375 -0.00784683227539062 -0.0767974853515625 -0.034759521484375
0.0333061218261719 0.0030517578125 -0.0201892852783203 0.000816345214843747
0.03912353515625 -0.00240707397460938 0.0339012145996094 -0.00604629516601562
0.0339088439941406 -0.0134696960449219 0.0428085327148438 -0.0360679626464844
0.0305156707763672 -0.0318775177001953 0.0317955017089844 -0.0549812316894531
0.00291824340820313 -0.0434036254882813 -0.00241851806640625 -0.0678596496582031
-0.0216407775878906 -0.0412139892578125 -0.03009033203125 -0.0507850646972656
-0.0194473266601563 -0.041717529296875 -0.0295581817626953 -0.0267810821533203
-0.0279579162597656 -0.0435676574707031 -0.0328197479248047 -0.0118560791015625
-0.0134544372558594 -0.0466194152832031 -0.0391349792480469 -0.00075531005859375
0.00612640380859375 -0.0498008728027344 -0.046661376953125 0.00603485107421874
0.0177192687988281 -0.0427169799804687 -0.0578689575195313 -0.00574493408203126
0.0389060974121094 -0.0293197631835938 -0.0575294494628906 -0.0181961059570313
0.0440711975097656 -0.027374267578125 -0.06201171875 0.000106811523437507
0.05908203125 -0.0223503112792969 -0.0570106506347656 0.012969970703125
0.0878982543945313 -0.00138092041015625 -0.0525741577148437 -0.0399017333984375
0.0622100830078125 0.00413131713867188 -0.00405192375183105 -0.000391960144042968
0.0690536499023438 -0.013824462890625 0.0439453125 -0.000946044921875001
0.050445556640625 -0.0311737060546875 0.0495567321777344 -0.0270423889160156
0.0400924682617188 -0.0490837097167969 0.0386619567871094 -0.0423851013183594
0.0027008056640625 -0.0603981018066406 0.0054473876953125 -0.0536003112792969
-0.0278701782226563 -0.0549392700195312 -0.0178470611572266 -0.0350360870361328
-0.0259971618652344 -0.0540046691894531 -0.015833854675293 -0.0101966857910156
-0.0372962951660156 -0.0534286499023438 -0.0205116271972656 0.0057220458984375
-0.0222587585449219 -0.0557785034179688 -0.0308456420898438 0.0199089050292969
-0.000404357910156249 -0.0639801025390625 -0.0398483276367187 0.0238533020019531
0.0162849426269531 -0.061004638671875 -0.0547752380371094 0.00776290893554688
0.0544471740722656 -0.0453529357910156 -0.0546760559082031 -0.0103225708007813
0.0645675659179688 -0.034576416015625 -0.0498580932617187 -0.0024261474609375
0.0840301513671875 -0.0201950073242188 -0.0305404663085937 0.0147247314453125
0.102447509765625 0.00732421875 -0.0176658630371094 -0.0398025512695313
0.0824661254882812 0.00843048095703125 0.0181961059570313 -0.000978469848632812
0.0928726196289063 -0.0201263427734375 0.051971435546875 0.0053253173828125
0.0628738403320312 -0.0443115234375 0.0527725219726563 -0.0135498046875
0.0455322265625 -0.0599822998046875 0.0413894653320313 -0.0229148864746094
0.00235748291015625 -0.0687370300292969 0.0138931274414063 -0.0316276550292969
-0.0303192138671875 -0.0605621337890625 -0.00232887268066406 -0.0144691467285156
-0.0294914245605469 -0.0578956604003906 -0.000448703765869142 0.00732898712158203
-0.0420875549316406 -0.05523681640625 -0.00561332702636719 0.0228824615478516
-0.0280265808105469 -0.0560035705566406 -0.0190162658691406 0.0380897521972656
-0.00645065307617188 -0.0684738159179688 -0.0293846130371094 0.0373878479003906
0.0121803283691406 -0.0702285766601562 -0.0466423034667969 0.0193862915039062
0.0622711181640625 -0.0545578002929688 -0.0475082397460937 -0.00382232666015626
0.0759048461914063 -0.0360031127929688 -0.0338935852050781 -0.00679779052734375
0.0972137451171875 -0.0141754150390625 -4.38690185546816E-05 0.0168294906616211
0.0996017456054687 0.0125732421875 0.0152397155761719 -0.0354881286621094
0.0886306762695313 0.0145263671875 0.0395622253417969 -0.000789642333984374
0.0997772216796875 -0.0205307006835938 0.0552864074707031 0.0114364624023437
0.0653076171875 -0.048065185546875 0.0521469116210938 0.000644683837890622
0.0431747436523438 -0.0610198974609375 0.040283203125 -0.00434112548828125
3.43322753906314E-05 -0.0663337707519531 0.0197734832763672 -0.00799369812011719
-0.0296401977539062 -0.0562782287597656 0.0129261016845703 0.0066537857055664
-0.0286827087402344 -0.0532112121582031 0.0156764984130859 0.0236339569091797
-0.0400314331054688 -0.0496673583984375 0.0108642578125 0.0388832092285156
-0.0282211303710938 -0.0495147705078125 -0.00532913208007813 0.0543136596679688
-0.00869369506835938 -0.0638236999511719 -0.0188179016113281 0.0484085083007812
0.01025390625 -0.0681037902832031 -0.0370521545410156 0.0272064208984375
0.0632171630859375 -0.0534706115722656 -0.0377388000488281 0.000381469726562498
0.0779190063476563 -0.029754638671875 -0.0141897201538086 -0.0106039047241211
0.0953369140625 -0.00627899169921875 0.0325908660888672 0.0176467895507813
0.0811538696289063 0.01702880859375 0.0459098815917969 -0.0325927734375
0.0764923095703125 0.018951416015625 0.0587997436523438 -0.00249481201171875
0.0885238647460937 -0.0159988403320312 0.0549774169921875 0.0142631530761719
0.0531654357910156 -0.0424690246582031 0.0485458374023438 0.0130882263183594
0.031585693359375 -0.0500297546386719 0.0385894775390625 0.0132942199707031
-0.00273513793945312 -0.051116943359375 0.0276260375976563 0.0126419067382812
-0.0240478515625 -0.0422439575195313 0.0281791687011719 0.0232028961181641
-0.0243301391601563 -0.0404090881347656 0.0285415649414062 0.0359840393066406
-0.0321998596191406 -0.0382652282714844 0.0232620239257813 0.0516548156738281
-0.0238838195800781 -0.0379486083984375 0.00324630737304687 0.065643310546875
-0.00865554809570312 -0.0517120361328125 -0.0122222900390625 0.0544929504394531
0.00814819335937501 -0.0582389831542969 -0.0291767120361328 0.0314903259277344
0.058319091796875 -0.0446662902832031 -0.0275783538818359 0.00441741943359375
0.0703506469726563 -0.0175247192382813 0.00362396240234375 -0.0109024047851563
0.0810699462890625 0.00276947021484375 0.0613174438476563 0.0231895446777344
0.0504913330078125 0.0175628662109375 0.0662651062011719 -0.028167724609375
0.0534019470214844 0.0192222595214844 0.0699119567871094 -0.00412368774414062
0.0601577758789063 -0.0122795104980469 0.0524749755859375 0.0159149169921875
0.0303802490234375 -0.0307979583740234 0.0471267700195313 0.0210113525390625
0.0133171081542969 -0.0299301147460937 0.0380172729492188 0.0224113464355469
-0.00506973266601563 -0.0267467498779297 0.0343208312988281 0.0244979858398437
-0.0152587890625 -0.0216636657714844 0.0393142700195313 0.0318489074707031
-0.0161476135253906 -0.0220603942871094 0.0383529663085938 0.0424575805664063
-0.0202693939208984 -0.0213451385498047 0.0321769714355469 0.0602569580078125
-0.0172443389892578 -0.0213871002197266 0.00884246826171876 0.0733718872070313
-0.00812149047851562 -0.0342769622802734 -0.0103263854980469 0.0586967468261719
0.00469970703125 -0.0426406860351563 -0.0247364044189453 0.0346794128417969
0.0455284118652344 -0.0319595336914063 -0.02056884765625 0.00813865661621094
0.052978515625 -0.00516891479492188 0.0179462432861328 -0.00901412963867188
0.0553207397460937 0.009490966796875 0.0821533203125 0.0285797119140625
-0.0102071762084961 -0.015263557434082 -0.0897903442382813 -0.0255966186523438
-0.0288619995117188 0.00612831115722656 -0.0294551849365234 0.00683021545410156
-0.0200977325439453 0.0219669342041016 0.0200996398925781 -0.00848388671875
-0.00170326232910156 0.0246944427490234 0.0315475463867187 -0.037078857421875
0.010228157043457 0.0127792358398438 0.0221977233886719 -0.0595550537109375
0.0104751586914063 0.00225162506103516 -0.007720947265625 -0.077850341796875
0.00266766548156738 -0.00239419937133789 -0.0399742126464844 -0.0660896301269531
0.0018610954284668 -0.00235652923583984 -0.0418853759765625 -0.0462226867675781
0.000981569290161133 -0.00322747230529785 -0.0426483154296875 -0.0337600708007812
0.00420975685119629 -0.00276970863342285 -0.0415420532226563 -0.0317497253417969
0.00379657745361328 0.00408530235290527 -0.0450248718261719 -0.0235404968261719
-0.00867176055908203 0.00886344909667969 -0.0490646362304688 -0.0234832763671875
-0.0233383178710937 -0.00268745422363281 -0.0545005798339844 -0.0243873596191406
-0.0225429534912109 -0.0160942077636719 -0.0738449096679688 0.00153350830078123
-0.0104293823242187 -0.0282974243164063 -0.0796966552734375 0.0180130004882813
0.0250530242919922 -0.0142536163330078 -0.0901260375976562 -0.0314254760742188
1.71661376953122E-05 0.00342941284179688 -0.0291385650634766 0.003204345703125
0.00669002532958984 0.0101079940795898 0.0248661041259766 -0.00859832763671875
0.0145645141601563 0.00735950469970703 0.0357131958007813 -0.0373153686523438
0.0197887420654297 -0.009521484375 0.0274696350097656 -0.0598411560058594
0.00610542297363281 -0.0207901000976562 -0.00531768798828125 -0.0763626098632813
-0.0107326507568359 -0.0229930877685547 -0.0378189086914062 -0.0623931884765625
-0.00920486450195313 -0.0241756439208984 -0.0386161804199219 -0.0396575927734375
-0.0135536193847656 -0.0261459350585938 -0.0411224365234375 -0.02606201171875
-0.00213813781738281 -0.0282440185546875 -0.0435371398925781 -0.019805908203125
0.0105113983154297 -0.0248546600341797 -0.0485649108886719 -0.0120697021484375
0.010289192199707 -0.0161666870117188 -0.0550117492675781 -0.0180244445800781
0.0113449096679688 -0.0118837356567383 -0.056549072265625 -0.0231246948242188
0.0128517150878906 -0.0192584991455078 -0.070953369140625 0.00195312499999999
0.0258750915527344 -0.0257968902587891 -0.0737533569335937 0.0147781372070313
0.0593986511230469 -0.00714492797851563 -0.0764083862304688 -0.0344009399414063
0.0337085723876953 0.00378990173339844 -0.0204105377197266 0.00206565856933594
0.0400047302246094 -0.00269699096679688 0.0349159240722656 -0.0054931640625
0.0341072082519531 -0.0130176544189453 0.0431327819824219 -0.0349044799804688
0.0303020477294922 -0.0321197509765625 0.032257080078125 -0.053985595703125
0.003265380859375 -0.0429649353027344 -0.00184631347656249 -0.0680084228515625
-0.0214767456054687 -0.04083251953125 -0.0298614501953125 -0.051025390625
-0.0192451477050781 -0.0423355102539063 -0.0290012359619141 -0.0271720886230469
-0.028045654296875 -0.0433311462402344 -0.033233642578125 -0.0127773284912109
-0.0132255554199219 -0.0466423034667969 -0.0393714904785156 -0.00143432617187501
0.00650787353515625 -0.0497894287109375 -0.0468940734863281 0.00522613525390625
0.0176658630371094 -0.0428733825683594 -0.0585670471191406 -0.0066375732421875
0.0391426086425781 -0.02923583984375 -0.0577278137207031 -0.018646240234375
0.0443382263183594 -0.02716064453125 -0.06292724609375 -0.000209808349609366
0.0596542358398438 -0.0221595764160156 -0.0581855773925781 0.0125961303710938
0.0877456665039062 -0.00035858154296875 -0.0522804260253906 -0.0384178161621094
0.0626106262207031 0.00495147705078125 -0.00434732437133789 0.000803709030151367
0.0702781677246094 -0.0141410827636719 0.0447616577148438 -2.67028808593759E-05
0.0507965087890625 -0.0309181213378906 0.0501060485839844 -0.0263710021972656
0.040802001953125 -0.0496253967285156 0.0388946533203125 -0.0421943664550781
0.0031585693359375 -0.0601463317871094 0.00595855712890624 -0.0530548095703125
-0.0269660949707031 -0.0550498962402344 -0.0172462463378906 -0.0348739624023438
-0.0261001586914062 -0.0543174743652344 -0.0154838562011719 -0.0107202529907227
-0.0373764038085937 -0.0534553527832031 -0.0208415985107422 0.00551033020019531
-0.0217704772949219 -0.0558891296386719 -0.0305976867675781 0.0192375183105469
0.000133514404296868 -0.064453125 -0.0403022766113281 0.0228652954101562
0.0162887573242188 -0.0614738464355469 -0.0554885864257813 0.00712203979492187
0.0547027587890625 -0.04522705078125 -0.0551185607910156 -0.0114974975585938
0.0649032592773438 -0.0344123840332031 -0.0504913330078125 -0.00329208374023438
0.0848159790039063 -0.019775390625 -0.0312290191650391 0.0144214630126953
0.102684020996094 0.007904052734375 -0.0175857543945312 -0.0388603210449219
0.0829086303710938 0.00968170166015625 0.0177135467529297 0.000303268432617188
0.0938034057617188 -0.0199203491210938 0.0526237487792969 0.00595855712890625
0.063079833984375 -0.0438613891601563 0.0527191162109375 -0.0131492614746094
0.045562744140625 -0.0605125427246094 0.0419502258300781 -0.0232505798339844
0.002349853515625 -0.0686836242675781 0.0139541625976563 -0.0311069488525391
-0.02984619140625 -0.060882568359375 -0.00166702270507813 -0.014622688293457
-0.0293426513671875 -0.05828857421875 0.000243186950683591 0.00674676895141601
-0.0418663024902344 -0.0552101135253906 -0.00548171997070313 0.0231361389160156
-0.0273246765136719 -0.0556869506835938 -0.0188446044921875 0.03765869140625
-0.00625228881835937 -0.0686874389648438 -0.0294685363769531 0.0367546081542969
0.0127220153808594 -0.0701942443847656 -0.047393798828125 0.0187454223632812
0.0630683898925781 -0.0540962219238281 -0.0485992431640625 -0.00445556640624999
0.0761871337890625 -0.03515625 -0.0343971252441406 -0.00704383850097657
0.0981903076171875 -0.0132827758789063 -0.000827789306640618 0.0168209075927734
0.099456787109375 0.013641357421875 0.0158424377441406 -0.0341796875
0.0885467529296875 0.01568603515625 0.0390281677246094 0.000694274902343751
0.100639343261719 -0.0198593139648437 0.05645751953125 0.0120697021484375
0.0656661987304688 -0.0474510192871094 0.0520057678222656 0.00100326538085937
0.0433616638183594 -0.0615921020507812 0.0402297973632813 -0.00318527221679688
0.000122070312499997 -0.0661201477050781 0.0196075439453125 -0.00693511962890625
-0.0292930603027344 -0.055999755859375 0.0136871337890625 0.00686073303222656
-0.0289993286132812 -0.0532760620117187 0.0160961151123047 0.0232868194580078
-0.0401649475097656 -0.0495491027832031 0.0109596252441406 0.0387420654296875
-0.0272216796875 -0.0496444702148438 -0.0050201416015625 0.053985595703125
-0.00817489624023438 -0.0638580322265625 -0.0188636779785156 0.0479888916015625
0.0105705261230469 -0.0684776306152344 -0.0377769470214844 0.0269393920898438
0.0640525817871094 -0.0528602600097656 -0.0382156372070312 0.000179290771484377
0.0781326293945313 -0.0285491943359375 -0.0148782730102539 -0.0113372802734375
0.0956802368164063 -0.00551605224609375 0.0326614379882813 0.0175685882568359
0.080718994140625 0.017852783203125 0.0470733642578125 -0.0306968688964844
0.0765151977539062 0.019744873046875 0.0584144592285156 -0.000995635986328124
0.0886764526367187 -0.0158538818359375 0.0553741455078125 0.0149650573730469
0.0536689758300781 -0.0420303344726563 0.0489997863769531 0.0132293701171875
0.0322380065917969 -0.0501899719238281 0.0384788513183594 0.0139694213867187
-0.00201034545898438 -0.0511207580566406 0.0271434783935547 0.0137481689453125
-0.023681640625 -0.0419044494628906 0.0282039642333984 0.0233592987060547
-0.0247611999511719 -0.0407295227050781 0.0291099548339844 0.0355262756347656
-0.0321884155273438 -0.0378532409667969 0.0231208801269531 0.05133056640625
-0.0228042602539062 -0.0377922058105469 0.00345993041992187 0.0655174255371094
-0.00837326049804687 -0.0514907836914063 -0.0127487182617187 0.0539131164550781
0.0088043212890625 -0.0581512451171875 -0.0295181274414062 0.0311775207519531
0.0587005615234375 -0.0435905456542969 -0.02801513671875 0.004241943359375
0.0702629089355469 -0.0165557861328125 0.00325489044189454 -0.0117206573486328
0.0811386108398438 0.00337982177734375 0.0603103637695313 0.0233573913574219
0.0503387451171875 0.0179977416992188 0.0670738220214844 -0.0267105102539063
0.0529594421386719 0.0197792053222656 0.0702667236328125 -0.00244522094726562
0.0600547790527344 -0.012115478515625 0.0529899597167969 0.0161399841308594
0.0302295684814453 -0.0299015045166016 0.0471649169921875 0.0211868286132812
0.0136890411376953 -0.0299320220947266 0.0376129150390625 0.0230751037597656
-0.00462913513183594 -0.0264434814453125 0.03387451171875 0.0255413055419922
-0.0149803161621094 -0.0208797454833984 0.0396080017089844 0.0325355529785156
-0.0160846710205078 -0.0219745635986328 0.0383872985839844 0.0421142578125
-0.0203285217285156 -0.0215301513671875 0.0319633483886719 0.0601577758789062
-0.0163917541503906 -0.0212554931640625 0.00856018066406251 0.0735244750976563
-0.00751876831054688 -0.0345191955566406 -0.0107994079589844 0.0582542419433594
0.00466537475585937 -0.0424842834472656 -0.0250988006591797 0.0346584320068359
0.0456733703613281 -0.0312347412109375 -0.0206642150878906 0.00787162780761719
0.0528564453125 -0.00436019897460938 0.0178184509277344 -0.00905036926269531
0.0548248291015625 0.0102272033691406 0.0816192626953125 0.0291671752929688
-0.0107479095458984 -0.0154218673706055 -0.09185791015625 -0.0258331298828125
-0.0291805267333984 0.00626754760742188 -0.0299854278564453 0.00790405273437499
-0.0202274322509766 0.022491455078125 0.0215187072753906 -0.00781440734863281
-0.0016632080078125 0.0255603790283203 0.0328750610351563 -0.0378952026367188
0.0101470947265625 0.0127935409545898 0.0229263305664062 -0.06097412109375
0.0102167129516602 0.00242424011230469 -0.00803375244140625 -0.079803466796875
0.00238180160522461 -0.00271105766296387 -0.0412979125976563 -0.0671424865722656
0.00182986259460449 -0.0025017261505127 -0.0435562133789062 -0.0475082397460938
0.000215768814086914 -0.00347328186035156 -0.0443534851074219 -0.0353660583496094
0.00377345085144043 -0.00354957580566406 -0.0427513122558594 -0.0334663391113281
0.00392413139343262 0.00395750999450684 -0.0462417602539063 -0.0249900817871094
-0.00891780853271484 0.00880813598632813 -0.0503692626953125 -0.0244789123535156
-0.0240001678466797 -0.0027313232421875 -0.056060791015625 -0.0256805419921875
-0.0225410461425781 -0.0168876647949219 -0.0762786865234375 0.000747680664062484
-0.0110969543457031 -0.0289077758789063 -0.0831527709960938 0.0175704956054687
0.0259132385253906 -0.0142097473144531 -0.0921859741210938 -0.0319671630859375
0.00100612640380859 0.00374174118041992 -0.0297889709472656 0.00425148010253906
0.00735187530517578 0.0101423263549805 0.0260124206542969 -0.00798988342285156
0.0150394439697266 0.00765514373779297 0.0374221801757812 -0.0380363464355469
0.0197315216064453 -0.00977706909179688 0.0284423828125 -0.0612335205078125
0.005767822265625 -0.0211677551269531 -0.00576019287109376 -0.0787353515625
-0.0113296508789063 -0.0236454010009766 -0.038726806640625 -0.0640335083007813
-0.00948524475097656 -0.0247364044189453 -0.0396003723144531 -0.0407829284667969
-0.0141468048095703 -0.0268726348876953 -0.0429344177246094 -0.0272941589355469
-0.00215530395507813 -0.0294609069824219 -0.0449752807617188 -0.0214385986328125
0.0105705261230469 -0.025787353515625 -0.0500869750976563 -0.0130348205566406
0.0107507705688477 -0.0168905258178711 -0.056610107421875 -0.0192527770996094
0.0121278762817383 -0.012690544128418 -0.058013916015625 -0.0244522094726562
0.0131778717041016 -0.0198230743408203 -0.072662353515625 0.001251220703125
0.026702880859375 -0.026153564453125 -0.0767898559570312 0.014617919921875
0.0609626770019531 -0.00720596313476563 -0.078582763671875 -0.034332275390625
0.0348224639892578 0.00388717651367187 -0.0207424163818359 0.00339508056640625
0.0415916442871094 -0.00293731689453125 0.0367202758789063 -0.00532913208007813
0.035369873046875 -0.0136947631835937 0.0448188781738281 -0.03570556640625
0.0309829711914063 -0.0332489013671875 0.0334320068359375 -0.0555801391601563
0.00310897827148438 -0.0443649291992188 -0.00121688842773437 -0.0696678161621094
-0.0217514038085937 -0.0421028137207031 -0.0304756164550781 -0.0523300170898438
-0.0203361511230469 -0.0433349609375 -0.0297870635986328 -0.0283718109130859
-0.0291862487792969 -0.0440711975097656 -0.0343532562255859 -0.0126724243164063
-0.0134544372558594 -0.0479736328125 -0.0403404235839844 -0.00212860107421875
0.00684356689453125 -0.0512657165527344 -0.0483207702636719 0.00452804565429687
0.0184402465820313 -0.0444869995117187 -0.060272216796875 -0.00666427612304689
0.0406455993652344 -0.0299949645996094 -0.0595779418945312 -0.02008056640625
0.0459442138671875 -0.0277824401855469 -0.0647773742675781 -0.000835418701171868
0.0620765686035156 -0.0223655700683594 -0.0604820251464844 0.0122947692871094
0.0904693603515625 6.866455078125E-05 -0.05303955078125 -0.039093017578125
0.064849853515625 0.00557327270507812 -0.00420260429382324 0.0025174617767334
0.072540283203125 -0.0145492553710938 0.0466690063476563 -2.28881835937509E-05
0.053131103515625 -0.0317764282226563 0.0519638061523438 -0.0268630981445313
0.0418930053710938 -0.0513153076171875 0.0400619506835938 -0.0432472229003906
0.00307083129882813 -0.0620841979980469 0.00604248046875 -0.0544853210449219
-0.0282478332519531 -0.0563583374023437 -0.0179634094238281 -0.0358085632324219
-0.0268402099609375 -0.05584716796875 -0.0152530670166016 -0.0111722946166992
-0.0389442443847656 -0.0546112060546875 -0.0212211608886719 0.00504684448242187
-0.0221939086914063 -0.0573883056640625 -0.0313148498535156 0.0189247131347656
0.000316619873046877 -0.0660629272460938 -0.0417213439941406 0.02252197265625
0.0172271728515625 -0.0628433227539062 -0.0572662353515625 0.00722885131835938
0.0572738647460937 -0.0467033386230469 -0.0570945739746094 -0.0115318298339844
0.0668258666992188 -0.0349884033203125 -0.052459716796875 -0.00352478027343751
0.0882644653320312 -0.0197830200195312 -0.0331039428710937 0.0146560668945312
0.106163024902344 0.0087890625 -0.0180549621582031 -0.0387496948242188
0.08538818359375 0.01043701171875 0.0179557800292969 0.0021820068359375
0.096649169921875 -0.0206222534179688 0.05511474609375 0.00655364990234375
0.06549072265625 -0.0450630187988281 0.05474853515625 -0.0131912231445313
0.0468711853027344 -0.0630722045898438 0.0429306030273438 -0.0233802795410156
0.0026397705078125 -0.0706253051757813 0.0145339965820313 -0.0310840606689453
-0.0302810668945313 -0.0617828369140625 -0.00172805786132813 -0.0145196914672852
-0.0303878784179687 -0.0602035522460938 0.000607013702392577 0.00626707077026367
-0.0430335998535156 -0.0566520690917969 -0.00600433349609375 0.0232181549072266
-0.0277748107910156 -0.0577011108398437 -0.0189895629882813 0.0384407043457031
-0.0062255859375 -0.0704498291015625 -0.0303993225097656 0.0371246337890625
0.0132293701171875 -0.0722503662109375 -0.049468994140625 0.0195732116699219
0.0652656555175781 -0.0556221008300781 -0.0503921508789063 -0.00450897216796876
0.0783615112304687 -0.0356826782226562 -0.0361671447753906 -0.008056640625
0.101654052734375 -0.0135955810546875 -0.00129032135009765 0.0171327590942383
0.102188110351563 0.0146942138671875 0.0165386199951172 -0.0337409973144531
0.0908660888671875 0.0167160034179688 0.039642333984375 0.0023040771484375
0.104324340820313 -0.0211105346679688 0.0584793090820313 0.012359619140625
0.0680694580078125 -0.0485496520996094 0.0534782409667969 0.00134658813476562
0.044891357421875 -0.0631904602050781 0.0420341491699219 -0.00328826904296875
0.00085067749023437 -0.0679664611816406 0.0205707550048828 -0.006256103515625
-0.0294189453125 -0.0566482543945312 0.0142583847045898 0.00727653503417968
-0.0299720764160156 -0.0550537109375 0.0169162750244141 0.0232448577880859
-0.0412712097167969 -0.0506134033203125 0.0113258361816406 0.039825439453125
-0.0276832580566406 -0.0507049560546875 -0.00488662719726562 0.0552711486816406
-0.008544921875 -0.0653648376464844 -0.0199775695800781 0.04852294921875
0.0113449096679687 -0.0698509216308594 -0.0395317077636719 0.027557373046875
0.0658340454101563 -0.0542945861816406 -0.0398368835449219 0.000129699707031251
0.0805130004882813 -0.029144287109375 -0.0159816741943359 -0.0118303298950195
0.0991363525390625 -0.00507354736328125 0.0329570770263672 0.0181694030761719
0.0826873779296875 0.0189895629882813 0.0490570068359375 -0.0303993225097656
0.0789566040039063 0.02069091796875 0.0598716735839844 -0.000213623046874999
0.0909347534179688 -0.016754150390625 0.0577507019042969 0.0154838562011719
0.0550537109375 -0.0427055358886719 0.0497779846191406 0.0141220092773437
0.0325698852539063 -0.0513725280761719 0.0391464233398438 0.0148162841796875
-0.00183486938476563 -0.0522651672363281 0.0280666351318359 0.0153026580810547
-0.0244941711425781 -0.0425491333007812 0.0293636322021484 0.0242404937744141
-0.0248489379882813 -0.0415916442871094 0.0305633544921875 0.0355300903320313
-0.0333328247070312 -0.0386886596679688 0.0239830017089844 0.052642822265625
-0.0228462219238281 -0.0384140014648437 0.0037841796875 0.0671234130859375
-0.00827407836914063 -0.0529403686523438 -0.0133132934570313 0.0551528930664062
0.00906372070312499 -0.0593109130859375 -0.0310306549072266 0.0324954986572266
0.0604476928710938 -0.0452613830566406 -0.0294837951660156 0.0042266845703125
0.0721359252929688 -0.0166854858398438 0.00234127044677735 -0.0127401351928711
0.0836715698242188 0.00417327880859375 0.0619277954101563 0.0235443115234375
0.0513687133789062 0.0194358825683594 0.0700416564941406 -0.0262184143066406
0.054473876953125 0.0206718444824219 0.0717849731445313 -0.00156402587890625
0.0615615844726563 -0.0128936767578125 0.0546417236328125 0.01666259765625
0.0308628082275391 -0.0307521820068359 0.0481491088867188 0.0218505859375
0.0140819549560547 -0.0306777954101562 0.0383834838867188 0.0244522094726562
-0.00429344177246094 -0.0270805358886719 0.0346317291259766 0.0272769927978516
-0.015289306640625 -0.0211257934570313 0.041107177734375 0.0336151123046875
-0.0166549682617187 -0.0221481323242188 0.0397109985351563 0.0427818298339844
-0.0207271575927734 -0.0220127105712891 0.0332603454589844 0.06170654296875
-0.0161781311035156 -0.0218696594238281 0.00914001464843749 0.0751876831054688
-0.00786018371582032 -0.0347576141357422 -0.0116767883300781 0.0597496032714844
0.00505447387695313 -0.0430793762207031 -0.0261135101318359 0.0351085662841797
0.0468940734863281 -0.0319709777832031 -0.0216312408447266 0.00800514221191406
0.0542984008789063 -0.00377655029296875 0.0175704956054688 -0.0103378295898437
0.0560264587402344 0.010528564453125 0.0831451416015625 0.0295486450195313
-0.0116758346557617 -0.0161333084106445 -0.0957260131835937 -0.0246200561523438
-0.0300216674804688 0.00712776184082031 -0.0305233001708984 0.00962448120117187
-0.0203380584716797 0.0238742828369141 0.0227489471435547 -0.00812721252441406
-0.000846862792968748 0.0263442993164063 0.0336990356445313 -0.0400810241699219
0.0107994079589844 0.0131587982177734 0.0226936340332031 -0.064117431640625
0.0101642608642578 0.00208950042724609 -0.0102996826171875 -0.0831527709960937
0.00225329399108887 -0.00298666954040527 -0.0446014404296875 -0.0688247680664062
0.00181102752685547 -0.00308918952941895 -0.0461158752441406 -0.047821044921875
0.000246524810791016 -0.00361347198486328 -0.0480308532714844 -0.0360832214355469
0.00319981575012207 -0.00408625602722168 -0.0457611083984375 -0.0344047546386719
0.0041353702545166 0.00267457962036133 -0.0487022399902344 -0.0250167846679688
-0.00862884521484375 0.00929546356201172 -0.0526847839355469 -0.0244903564453125
-0.0248298645019531 -0.00262451171875 -0.0584526062011719 -0.0258674621582031
-0.0236358642578125 -0.0171947479248047 -0.0794296264648438 0.00196838378906251
-0.0122051239013672 -0.0294952392578125 -0.0870132446289063 0.0194931030273438
0.0262870788574219 -0.0151004791259766 -0.0960922241210938 -0.03033447265625
0.000656604766845703 0.00424098968505859 -0.0302257537841797 0.00603866577148438
0.00850868225097656 0.0102653503417969 0.0282630920410156 -0.00838279724121094
0.0159854888916016 0.00741386413574219 0.0380821228027344 -0.0405158996582031
0.0200309753417969 -0.0108795166015625 0.0283737182617188 -0.0643882751464844
0.00506782531738281 -0.0222911834716797 -0.00792694091796875 -0.0816268920898438
-0.0120048522949219 -0.0239009857177734 -0.0418777465820313 -0.0650367736816406
-0.0105514526367188 -0.0257778167724609 -0.04248046875 -0.0412178039550781
-0.0157432556152344 -0.0276679992675781 -0.0460472106933594 -0.0272407531738281
-0.00356292724609375 -0.0307769775390625 -0.0475044250488281 -0.0218162536621094
0.010101318359375 -0.0274715423583984 -0.0523338317871094 -0.0130882263183594
0.0108051300048828 -0.0179996490478516 -0.0597000122070312 -0.0188560485839844
0.0123910903930664 -0.0136785507202148 -0.0609016418457031 -0.0245208740234375
0.0137882232666016 -0.0211467742919922 -0.0762176513671875 0.00251007080078125
0.0276260375976562 -0.0273551940917969 -0.08062744140625 0.0166854858398438
0.0633926391601562 -0.00901031494140625 -0.0820159912109375 -0.0337448120117187
0.03662109375 0.00353240966796875 -0.0208740234375 0.00513648986816407
0.0436019897460938 -0.00439453125 0.0385704040527344 -0.00634765625
0.036529541015625 -0.0152091979980469 0.0459861755371094 -0.0377311706542969
0.0313606262207031 -0.0361366271972656 0.03375244140625 -0.0583229064941406
0.00175094604492187 -0.0455665588378906 -0.00331878662109374 -0.0721054077148438
-0.0235977172851562 -0.0434112548828125 -0.03271484375 -0.0530509948730469
-0.0218315124511719 -0.0450210571289063 -0.0318336486816406 -0.0288372039794922
-0.0313720703125 -0.0450325012207031 -0.0366325378417969 -0.0130729675292969
-0.0150413513183594 -0.0498695373535156 -0.0420112609863281 -0.0022735595703125
0.00553512573242188 -0.053680419921875 -0.0501251220703125 0.00511932373046874
0.0181007385253906 -0.0468101501464844 -0.0631256103515625 -0.00598526000976563
0.0419044494628906 -0.0324172973632813 -0.0630073547363281 -0.0194129943847656
0.0468482971191406 -0.0302886962890625 -0.0678787231445313 0.000431060791015613
0.0643196105957031 -0.0244636535644531 -0.0637931823730469 0.0142593383789062
0.0942001342773438 -0.00170135498046875 -0.0557899475097656 -0.0382499694824219
0.0681686401367188 0.0049285888671875 -0.00380492210388183 0.00422978401184082
0.0756301879882813 -0.0171279907226563 0.0493240356445313 -0.00107955932617188
0.0545158386230469 -0.0346221923828125 0.0533370971679688 -0.0286216735839844
0.0417366027832031 -0.0550041198730469 0.0411109924316406 -0.0451087951660156
0.00171661376953125 -0.0643386840820313 0.00552749633789062 -0.0561904907226563
-0.0306053161621094 -0.057373046875 -0.0186271667480469 -0.0369071960449219
-0.0294380187988281 -0.0578269958496094 -0.0165367126464844 -0.0122747421264648
-0.0422477722167969 -0.0555839538574219 -0.0225257873535156 0.00575065612792969
-0.0241127014160156 -0.0589561462402344 -0.0322303771972656 0.0205821990966797
-0.00130462646484375 -0.0691680908203125 -0.0424728393554688 0.0235481262207031
0.0166053771972656 -0.0663414001464844 -0.05987548828125 0.00832366943359373
0.0587005615234375 -0.0496444702148437 -0.0600204467773438 -0.0111236572265625
0.0691757202148438 -0.0370254516601563 -0.0548934936523438 -0.00241470336914064
0.0919418334960938 -0.0224151611328125 -0.0350494384765625 0.0157833099365234
0.110435485839844 0.00701141357421875 -0.0189552307128906 -0.0392723083496094
0.0897750854492188 0.00965118408203125 0.0191307067871094 0.00314903259277344
0.100151062011719 -0.0244674682617187 0.0579795837402344 0.00524139404296875
0.0677719116210938 -0.0482711791992188 0.0568313598632813 -0.0149497985839844
0.0472259521484375 -0.0669784545898437 0.0441322326660156 -0.0247535705566406
0.00113677978515626 -0.074005126953125 0.0143070220947266 -0.0319652557373047
-0.0325775146484375 -0.0630950927734375 -0.00141239166259766 -0.0154457092285156
-0.0334587097167969 -0.0616989135742188 0.000741004943847654 0.00618839263916015
-0.0465126037597656 -0.0573768615722656 -0.0054473876953125 0.0243778228759766
-0.0295753479003906 -0.058990478515625 -0.0185203552246094 0.0396499633789062
-0.00835418701171874 -0.0731124877929688 -0.0305862426757812 0.038543701171875
0.012054443359375 -0.0751266479492187 -0.0513038635253906 0.021026611328125
0.066802978515625 -0.0597610473632813 -0.0528030395507812 -0.00331878662109376
0.080810546875 -0.038818359375 -0.0382461547851562 -0.00738906860351563
0.106109619140625 -0.0164794921875 -0.00161170959472656 0.0175294876098633
0.106925964355469 0.0132980346679688 0.0172080993652344 -0.0343532562255859
0.0954818725585938 0.0154037475585938 0.0417404174804688 0.00252532958984375
0.107688903808594 -0.0247573852539063 0.0615921020507813 0.010955810546875
0.06976318359375 -0.0519332885742188 0.0560226440429688 -0.000125885009765628
0.0449562072753906 -0.0677070617675781 0.0432777404785156 -0.00362777709960938
-0.000549316406250007 -0.0705490112304687 0.0210895538330078 -0.0060882568359375
-0.0318031311035156 -0.0579032897949219 0.01531982421875 0.00702095031738281
-0.0326423645019531 -0.0561637878417969 0.0185165405273437 0.0231971740722656
-0.0439720153808594 -0.0516738891601563 0.0131378173828125 0.0412330627441406
-0.0291824340820312 -0.0519676208496094 -0.0035400390625 0.05682373046875
-0.0102653503417969 -0.0676612854003906 -0.0195999145507813 0.0502090454101563
0.00988006591796875 -0.072906494140625 -0.0409011840820313 0.0288810729980469
0.0678672790527344 -0.0574798583984375 -0.0417404174804687 0.000789642333984366
0.0831451416015625 -0.0315475463867188 -0.0172491073608398 -0.0122690200805664
0.103050231933594 -0.007568359375 0.0338726043701172 0.0174789428710938
0.0866241455078125 0.01837158203125 0.0507278442382813 -0.0317497253417969
0.082489013671875 0.0202865600585938 0.0622444152832031 -0.000370025634765624
0.094146728515625 -0.0197372436523438 0.0600929260253906 0.013946533203125
0.0558242797851563 -0.0454826354980469 0.0518112182617188 0.01336669921875
0.03271484375 -0.0547714233398438 0.0411033630371094 0.0152587890625
-0.00271606445312501 -0.0541763305664063 0.0295734405517578 0.0162258148193359
-0.0257530212402344 -0.0431442260742188 0.0314655303955078 0.0242881774902344
-0.0270462036132813 -0.042449951171875 0.0330619812011719 0.0355300903320313
-0.0350456237792969 -0.0394630432128906 0.0267829895019531 0.0539970397949219
-0.0238609313964844 -0.0391731262207031 0.00589752197265625 0.0697441101074219
-0.00960159301757813 -0.0543060302734375 -0.0130615234375 0.0575942993164063
0.00821685791015626 -0.0614280700683594 -0.0321903228759766 0.0340309143066406
0.0619277954101563 -0.0477867126464844 -0.0307025909423828 0.00490188598632812
0.0746612548828125 -0.0184097290039063 0.00209522247314454 -0.0137224197387695
0.0870208740234375 0.0029449462890625 0.0645256042480469 0.0228233337402344
0.0534629821777344 0.0186309814453125 0.0731887817382813 -0.02801513671875
0.0567626953125 0.0200920104980469 0.0745162963867188 -0.0029449462890625
0.0634307861328125 -0.0142974853515625 0.0576629638671875 0.0156974792480469
0.0312156677246094 -0.0318126678466797 0.0501823425292969 0.0213699340820312
0.0135402679443359 -0.0318546295166016 0.0402870178222656 0.0251922607421875
-0.00472831726074219 -0.0282268524169922 0.0365982055664063 0.0285186767578125
-0.0160961151123047 -0.0213127136230469 0.0438346862792969 0.0335731506347656
-0.0178604125976563 -0.0224704742431641 0.0423736572265625 0.0426902770996094
-0.0222320556640625 -0.0220222473144531 0.0364112854003906 0.0628852844238281
-0.016937255859375 -0.0220127105712891 0.011505126953125 0.0779495239257813
-0.00873947143554687 -0.0355987548828125 -0.0112762451171875 0.0620155334472656
0.00458145141601562 -0.0444869995117188 -0.0266952514648438 0.0369796752929688
0.0481147766113281 -0.0339126586914063 -0.0226402282714844 0.00839424133300781
0.056732177734375 -0.00487136840820312 0.0174484252929688 -0.0113306045532227
0.0579414367675781 0.0104637145996094 0.08673095703125 0.0286865234375
-0.0135078430175781 -0.0155620574951172 -0.0990982055664063 -0.02032470703125
-0.0297718048095703 0.00856781005859375 -0.0307388305664063 0.0115795135498047
-0.0191535949707031 0.0252418518066406 0.0236949920654297 -0.00880622863769531
0.000545501708984375 0.0268268585205078 0.0328330993652344 -0.0425224304199219
0.0114068984985352 0.0130405426025391 0.0207061767578125 -0.0667915344238281
0.0103778839111328 0.00148296356201172 -0.0139617919921875 -0.084930419921875
0.00184226036071777 -0.00312209129333496 -0.0489044189453125 -0.0686836242675781
0.00132584571838379 -0.00296115875244141 -0.0494346618652344 -0.046875
-0.000822544097900391 -0.00339651107788086 -0.0515213012695313 -0.0352745056152344
0.00285434722900391 -0.00462532043457031 -0.049224853515625 -0.0342369079589844
0.00423789024353027 0.00234770774841309 -0.0511627197265625 -0.0239334106445313
-0.00822162628173828 0.00994873046875 -0.0553321838378906 -0.0229377746582031
-0.0248775482177734 -0.00133323669433594 -0.0614471435546875 -0.0245780944824219
-0.0243377685546875 -0.0169563293457031 -0.082061767578125 0.00493621826171874
-0.0137443542480469 -0.0295352935791016 -0.0895614624023438 0.0237274169921875
0.0262241363525391 -0.0163059234619141 -0.0991744995117187 -0.0261917114257813
0.00187540054321289 0.00410556793212891 -0.0302391052246094 0.0082550048828125
0.00962257385253906 0.00977325439453125 0.0291957855224609 -0.0102558135986328
0.0174264907836914 0.00585842132568359 0.0378074645996094 -0.0425605773925781
0.020111083984375 -0.0120620727539062 0.0262832641601562 -0.0666236877441406
0.0042266845703125 -0.0232601165771484 -0.0115814208984375 -0.0834884643554688
-0.0133457183837891 -0.02435302734375 -0.0456581115722656 -0.0652694702148438
-0.0123119354248047 -0.0263919830322266 -0.0452461242675781 -0.040740966796875
-0.0179710388183594 -0.0269279479980469 -0.0491523742675781 -0.0261917114257812
-0.00478172302246094 -0.0317840576171875 -0.0504302978515625 -0.0208511352539063
0.00930404663085938 -0.0291080474853516 -0.0545158386230469 -0.0117340087890625
0.0106391906738281 -0.0191078186035156 -0.0617523193359375 -0.0167427062988281
0.0124177932739258 -0.0148773193359375 -0.0637092590332031 -0.0229339599609375
0.0138149261474609 -0.0225391387939453 -0.0786666870117188 0.00624847412109376
0.0278778076171875 -0.0292263031005859 -0.0830459594726562 0.0206298828125
0.0652046203613281 -0.0119171142578125 -0.0852279663085937 -0.0295791625976563
0.03887939453125 0.0022430419921875 -0.0205841064453125 0.00743293762207031
0.0452194213867188 -0.00669097900390625 0.0405921936035156 -0.00869369506835938
0.0375862121582031 -0.01751708984375 0.0460929870605469 -0.0404243469238281
0.0301132202148437 -0.0387840270996094 0.0323104858398438 -0.0611648559570313
-6.86645507812517E-05 -0.0467758178710937 -0.0058746337890625 -0.0738449096679688
-0.0261764526367188 -0.0431632995605469 -0.0354423522949219 -0.0537300109863281
-0.0251350402832031 -0.0457344055175781 -0.0339431762695313 -0.0284996032714844
-0.0345649719238281 -0.0447540283203125 -0.039031982421875 -0.0118637084960938
-0.0174942016601563 -0.0508003234863281 -0.0437278747558594 -0.000915527343749993
0.00345993041992187 -0.0560874938964844 -0.0512962341308594 0.00678634643554687
0.0168838500976562 -0.0489120483398438 -0.0658149719238281 -0.00380706787109376
0.0422134399414063 -0.03570556640625 -0.065887451171875 -0.0173988342285156
0.0474586486816406 -0.0333023071289063 -0.069732666015625 0.00358581542968751
0.0659408569335938 -0.0283737182617188 -0.0656585693359375 0.0178947448730469
0.0974884033203125 -0.00638580322265625 -0.0586814880371094 -0.035980224609375
0.0710601806640625 0.002288818359375 -0.00323438644409179 0.005645751953125
0.0775604248046875 -0.0218048095703125 0.0518569946289063 -0.0037384033203125
0.0550498962402344 -0.0377273559570313 0.0541114807128906 -0.0313758850097656
0.0402603149414062 -0.0591316223144531 0.0402030944824219 -0.047576904296875
-0.00113296508789062 -0.0662765502929688 0.00286865234375 -0.0570144653320313
-0.033660888671875 -0.0576019287109375 -0.0208854675292969 -0.0370941162109375
-0.0334396362304688 -0.0586128234863281 -0.017669677734375 -0.0121593475341797
-0.0458183288574219 -0.0544967651367187 -0.0231761932373047 0.00684738159179687
-0.0274276733398438 -0.0597190856933594 -0.032379150390625 0.0213298797607422
-0.00434112548828125 -0.0711822509765625 -0.042816162109375 0.0259857177734375
0.01373291015625 -0.0688629150390625 -0.0618400573730469 0.0114326477050781
0.0582695007324219 -0.0542335510253906 -0.0623130798339844 -0.00899505615234374
0.0696907043457031 -0.0418701171875 -0.0569610595703125 -0.000236511230468743
0.094329833984375 -0.0277862548828125 -0.0352287292480469 0.0177955627441406
0.114402770996094 0.00241851806640625 -0.0206832885742187 -0.0381088256835938
0.0934295654296875 0.006683349609375 0.0201778411865234 0.00371170043945313
0.102485656738281 -0.0300140380859375 0.0598297119140625 0.00184249877929687
0.0676498413085938 -0.0528068542480469 0.0574455261230469 -0.0172958374023438
0.0455169677734375 -0.0718307495117188 0.04449462890625 -0.0272560119628906
-0.00201416015624999 -0.0760421752929688 0.0131187438964844 -0.0326213836669922
-0.0365676879882813 -0.0634803771972656 -0.00199413299560547 -0.0155220031738281
-0.0377197265625 -0.0618972778320313 0.00128984451293945 0.00553178787231445
-0.050628662109375 -0.0565299987792969 -0.0043792724609375 0.0251445770263672
-0.0329246520996094 -0.0594215393066406 -0.0170211791992188 0.0413398742675781
-0.0119781494140625 -0.074554443359375 -0.0301780700683594 0.0406341552734375
0.00921630859375 -0.078216552734375 -0.0522804260253906 0.0236930847167969
0.0664253234863281 -0.0643386840820313 -0.0544700622558594 -0.00160598754882812
0.0815353393554688 -0.0432586669921875 -0.039764404296875 -0.00630187988281251
0.108695983886719 -0.0220184326171875 -0.00113868713378905 0.0178794860839844
0.111251831054687 0.0087432861328125 0.0170783996582031 -0.0354766845703125
0.0996017456054687 0.012176513671875 0.0432815551757813 0.00159072875976563
0.109703063964844 -0.0303802490234375 0.0635833740234375 0.00803756713867188
0.0694198608398437 -0.056427001953125 0.057342529296875 -0.00233078002929688
0.0426406860351563 -0.0719985961914063 0.043914794921875 -0.00530242919921875
-0.00354766845703125 -0.0725936889648438 0.021697998046875 -0.005828857421875
-0.0347938537597656 -0.057830810546875 0.0161924362182617 0.00630950927734375
-0.0362205505371094 -0.0565452575683594 0.0202579498291016 0.0221462249755859
-0.0478744506835938 -0.0504570007324219 0.0156173706054688 0.041168212890625
-0.0315933227539062 -0.0521011352539063 -0.000522613525390625 0.05841064453125
-0.0136070251464844 -0.0684623718261719 -0.0182533264160156 0.0522384643554687
0.00667572021484375 -0.0749740600585937 -0.0413246154785156 0.0316734313964844
0.0673065185546875 -0.0624923706054687 -0.0427932739257812 0.00266265869140625
0.0846481323242188 -0.0362777709960938 -0.0186290740966797 -0.0119152069091797
0.106292724609375 -0.0122604370117187 0.0353469848632813 0.0163421630859375
0.0900497436523438 0.0147323608398438 0.0521659851074219 -0.0343666076660156
0.0858078002929688 0.0171890258789063 0.0635795593261719 -0.00182342529296875
0.095855712890625 -0.0240020751953125 0.0623817443847656 0.0113258361816406
0.05560302734375 -0.04888916015625 0.053497314453125 0.0112800598144531
0.0306968688964844 -0.0577812194824219 0.0427398681640625 0.014556884765625
-0.00508880615234375 -0.0556488037109375 0.0311927795410156 0.0164985656738281
-0.02783203125 -0.0431861877441406 0.0338935852050781 0.0233020782470703
-0.02960205078125 -0.0425605773925781 0.0349845886230469 0.0345287322998047
-0.0383377075195313 -0.03887939453125 0.0303192138671875 0.0540351867675781
-0.0259590148925781 -0.0391082763671875 0.00972747802734374 0.07098388671875
-0.0124740600585938 -0.0549468994140625 -0.0111846923828125 0.0589141845703125
0.0057830810546875 -0.0635261535644531 -0.0314064025878906 0.0361480712890625
0.0623283386230469 -0.0520133972167969 -0.0312538146972656 0.00620651245117187
0.0764694213867188 -0.0220794677734375 0.00075912475585938 -0.0146303176879883
0.090057373046875 -0.0009765625 0.0668525695800781 0.0204353332519531
0.0556907653808594 0.0168876647949219 0.0747222900390625 -0.0312652587890625
0.0593299865722656 0.0183296203613281 0.0768814086914063 -0.00521087646484375
0.0638008117675781 -0.0174598693847656 0.0595283508300781 0.0133552551269531
0.0302391052246094 -0.0337772369384766 0.0525856018066406 0.0199432373046875
0.0126552581787109 -0.0333309173583984 0.0423202514648437 0.0248832702636719
-0.00578117370605469 -0.0285682678222656 0.0391693115234375 0.0286407470703125
-0.0169239044189453 -0.0209827423095703 0.0468673706054688 0.0326576232910156
-0.0191249847412109 -0.0218238830566406 0.0457649230957031 0.0413627624511719
-0.0234432220458984 -0.0218505859375 0.040740966796875 0.0623130798339844
-0.0179939270019531 -0.0219955444335938 0.0157546997070312 0.0794296264648438
-0.0107383728027344 -0.0356674194335938 -0.00925827026367188 0.063934326171875
0.002532958984375 -0.0450401306152344 -0.0260162353515625 0.039459228515625
0.0479469299316406 -0.0366325378417969 -0.0234565734863281 0.00958061218261718
0.0577964782714844 -0.00726318359375 0.0165205001831055 -0.0131988525390625
0.0604362487792969 0.00844573974609375 0.0897750854492188 0.0250701904296875
-0.0143365859985352 -0.015070915222168 -0.099365234375 -0.014892578125
-0.0290279388427734 0.009796142578125 -0.0292339324951172 0.0138320922851563
-0.0176124572753906 0.0257797241210938 0.0235786437988281 -0.00973892211914062
0.00193023681640625 0.0268726348876953 0.0312423706054688 -0.0435714721679688
0.0117425918579102 0.0125284194946289 0.0177001953125 -0.0675163269042969
0.0104761123657227 0.00100803375244141 -0.0181808471679688 -0.0843582153320312
0.00114631652832031 -0.00330543518066406 -0.052734375 -0.0659523010253906
0.00102353096008301 -0.00341224670410156 -0.0522727966308594 -0.0441513061523438
-0.00107192993164063 -0.00324892997741699 -0.0540122985839844 -0.0325736999511719
0.00223445892333984 -0.00490522384643555 -0.0514068603515625 -0.0322341918945312
0.00416350364685059 0.00184178352355957 -0.0522499084472656 -0.0219268798828125
-0.00751972198486328 0.00977611541748047 -0.0564689636230469 -0.0207633972167969
-0.0244789123535156 -0.000379562377929685 -0.0627861022949219 -0.0220451354980469
-0.0246601104736328 -0.0161151885986328 -0.08184814453125 0.008758544921875
-0.0150737762451172 -0.0288753509521484 -0.089599609375 0.0281295776367188
0.0257797241210937 -0.0177574157714844 -0.100090026855469 -0.0202789306640625
0.0028231143951416 0.00421857833862305 -0.0289497375488281 0.0103797912597656
0.0108137130737305 0.0091552734375 0.0293197631835938 -0.0114593505859375
0.0180912017822266 0.00560569763183594 0.0360755920410156 -0.0440940856933594
0.0193576812744141 -0.0132312774658203 0.0234832763671875 -0.067474365234375
0.00313758850097656 -0.0231075286865234 -0.0153274536132812 -0.0831832885742188
-0.0150432586669922 -0.0235958099365234 -0.0488662719726562 -0.0625839233398438
-0.0143222808837891 -0.0259246826171875 -0.0475692749023437 -0.038543701171875
-0.0198497772216797 -0.0261306762695313 -0.0512962341308594 -0.0236892700195313
-0.006683349609375 -0.0314540863037109 -0.0518608093261719 -0.0189132690429688
0.0077056884765625 -0.0303211212158203 -0.0547714233398437 -0.009613037109375
0.00986480712890625 -0.0200405120849609 -0.0631065368652344 -0.0137252807617187
0.0126094818115234 -0.0155220031738281 -0.0653572082519531 -0.020172119140625
0.0126800537109375 -0.0232753753662109 -0.0784759521484375 0.00938415527343749
0.0270748138427734 -0.0304927825927734 -0.083282470703125 0.0248870849609375
0.0648880004882813 -0.0149993896484375 -0.08612060546875 -0.0252532958984375
0.0397491455078125 0.000751495361328125 -0.0194454193115234 0.00911331176757812
0.0452613830566406 -0.00966644287109375 0.0397491455078125 -0.0107536315917969
0.0370368957519531 -0.0199699401855469 0.0443191528320313 -0.0421638488769531
0.0279693603515625 -0.0404510498046875 0.0301055908203125 -0.0620765686035156
-0.00201034545898437 -0.0469474792480469 -0.00896453857421874 -0.0728378295898438
-0.0284576416015625 -0.0421295166015625 -0.0385665893554688 -0.0517082214355469
-0.0279502868652344 -0.0441856384277344 -0.0350914001464844 -0.0269947052001953
-0.0370559692382813 -0.0423126220703125 -0.0401992797851563 -0.00973892211914063
-0.0200271606445313 -0.0501823425292969 -0.0443229675292969 0.000316619873046874
0.000423431396484381 -0.0565719604492187 -0.0509490966796875 0.009002685546875
0.0141258239746094 -0.0506019592285156 -0.0662574768066406 -0.000495910644531262
0.04083251953125 -0.0384788513183594 -0.0668869018554687 -0.0141792297363281
0.0459938049316406 -0.0356407165527344 -0.0702476501464844 0.00695419311523437
0.0653762817382813 -0.031646728515625 -0.06610107421875 0.0211372375488281
0.0975723266601562 -0.0105819702148438 -0.0597496032714844 -0.0318374633789062
0.0718765258789063 -0.00060272216796875 -0.00249433517456054 0.00687932968139648
0.0769195556640625 -0.0260238647460938 0.0510330200195313 -0.00664138793945313
0.0536575317382812 -0.040924072265625 0.0529365539550781 -0.033599853515625
0.0370330810546875 -0.0620346069335937 0.0386390686035156 -0.0494766235351563
-0.00394821166992187 -0.0659027099609375 0.000671386718749995 -0.0563735961914063
-0.0363426208496094 -0.0559349060058594 -0.0226058959960938 -0.0356941223144531
-0.0369529724121094 -0.0571556091308594 -0.0181598663330078 -0.0114154815673828
-0.0490264892578125 -0.0519027709960937 -0.0230236053466797 0.00796508789062499
-0.0305900573730469 -0.058837890625 -0.0313796997070312 0.0226173400878906
-0.00807189941406249 -0.0705718994140625 -0.041961669921875 0.0270156860351563
0.0106964111328125 -0.0703048706054688 -0.0617942810058594 0.0144424438476562
0.0563430786132813 -0.0578384399414062 -0.0631065368652344 -0.00669097900390625
0.0683174133300781 -0.0446205139160156 -0.0575599670410156 0.00223159790039063
0.0940780639648438 -0.0321197509765625 -0.0356025695800781 0.0200347900390625
0.114799499511719 -0.0031585693359375 -0.0218887329101562 -0.036224365234375
0.0946121215820313 0.00202178955078125 0.0203781127929688 0.00368309020996094
0.101768493652344 -0.0359344482421875 0.0595970153808594 -0.0013580322265625
0.0651817321777344 -0.0559768676757812 0.0572738647460938 -0.0198020935058594
0.0413894653320313 -0.0746383666992188 0.0435295104980469 -0.0288543701171875
-0.00522613525390624 -0.0757217407226563 0.0122489929199219 -0.0324382781982422
-0.039276123046875 -0.0614356994628906 -0.00238227844238281 -0.0152101516723633
-0.040802001953125 -0.0608749389648438 0.0015268325805664 0.00511646270751953
-0.0537796020507812 -0.0538291931152344 -0.00320625305175782 0.0247268676757812
-0.0355377197265625 -0.058074951171875 -0.0147323608398438 0.04168701171875
-0.0154190063476562 -0.07391357421875 -0.0288238525390625 0.0411415100097656
0.00530242919921875 -0.0787887573242188 -0.0516624450683594 0.0262489318847656
0.064361572265625 -0.068359375 -0.0546607971191406 0.000453948974609365
0.080078125 -0.0469284057617188 -0.0403213500976563 -0.00454330444335937
0.108535766601563 -0.0268478393554687 -0.000841140747070305 0.0184078216552734
0.112052917480469 0.00310516357421875 0.0159072875976563 -0.035247802734375
0.100547790527344 0.0077362060546875 0.0436210632324219 0.00075531005859375
0.108001708984375 -0.0363693237304688 0.0633316040039062 0.00422286987304687
0.0666046142578125 -0.0596694946289063 0.05694580078125 -0.00458908081054688
0.038909912109375 -0.0744781494140625 0.0443191528320312 -0.00690841674804688
-0.0070343017578125 -0.0722885131835938 0.0217571258544922 -0.00562286376953125
-0.0372695922851563 -0.0556640625 0.0169258117675781 0.00598716735839843
-0.0392074584960938 -0.0549659729003906 0.0212078094482422 0.0203762054443359
-0.0505447387695313 -0.0482025146484375 0.0183334350585937 0.0397529602050781
-0.0341224670410156 -0.0506973266601563 0.00233078002929687 0.0582160949707031
-0.0168991088867188 -0.0679740905761719 -0.0163803100585937 0.0529251098632812
0.00342559814453125 -0.0757827758789063 -0.0401763916015625 0.0337028503417969
0.0650825500488281 -0.0662155151367188 -0.0428695678710938 0.00389480590820312
0.082977294921875 -0.0401153564453125 -0.0196380615234375 -0.0115528106689453
0.106781005859375 -0.01776123046875 0.0357398986816406 0.0147895812988281
0.0911941528320313 0.0099334716796875 0.0512275695800781 -0.0361862182617188
0.0870819091796875 0.013092041015625 0.0635719299316406 -0.00421905517578125
0.0942306518554687 -0.0292282104492188 0.0624351501464844 0.00795745849609375
0.0523605346679688 -0.0509567260742188 0.0538139343261719 0.009002685546875
0.0277481079101562 -0.0595054626464844 0.0434761047363281 0.013031005859375
-0.00778961181640624 -0.0554885864257813 0.0327186584472656 0.0160675048828125
-0.0296287536621094 -0.0414466857910156 0.0353126525878906 0.0220527648925781
-0.0319709777832031 -0.0412940979003906 0.0370635986328125 0.0319709777832031
-0.0399551391601563 -0.0367355346679687 0.0339241027832031 0.0519599914550781
-0.0272407531738281 -0.0378303527832031 0.013092041015625 0.0700149536132813
-0.0149459838867188 -0.0541229248046875 -0.00904083251953125 0.0590705871582031
0.00240325927734376 -0.0636634826660156 -0.03057861328125 0.0379714965820312
0.0595779418945312 -0.0548591613769531 -0.0315761566162109 0.00749015808105469
0.075286865234375 -0.02545166015625 -0.000827789306640622 -0.014613151550293
0.0904617309570313 -0.00492095947265625 0.0676002502441406 0.0166168212890625
0.0565338134765625 0.0144844055175781 0.073944091796875 -0.0346450805664062
0.0600738525390625 0.0153045654296875 0.0757293701171875 -0.00835418701171875
0.0627174377441406 -0.0204925537109375 0.0591468811035156 0.0104598999023438
0.0285739898681641 -0.0346584320068359 0.0532150268554688 0.0171852111816406
0.0110092163085938 -0.0339851379394531 0.0436210632324219 0.0232353210449219
-0.00705337524414063 -0.0285320281982422 0.0413703918457031 0.0279998779296875
-0.0177993774414063 -0.0193843841552734 0.0483665466308594 0.0300979614257813
-0.0202140808105469 -0.0207691192626953 0.0474815368652344 0.0381507873535156
-0.0245475769042969 -0.0201625823974609 0.0444679260253906 0.0599632263183594
-0.0183773040771484 -0.0210552215576172 0.0196380615234375 0.0783538818359375
-0.0121898651123047 -0.0346469879150391 -0.00672531127929688 0.0642623901367188
0.000217437744140625 -0.0453071594238281 -0.02496337890625 0.0405349731445313
0.046600341796875 -0.0391159057617188 -0.0229911804199219 0.00985527038574218
0.0576133728027344 -0.0100975036621094 0.0152349472045898 -0.014190673828125
0.0610160827636719 0.00619888305664062 0.0907058715820313 0.0201339721679688
-0.0148248672485352 -0.0141420364379883 -0.098114013671875 -0.0117416381835937
-0.0281600952148437 0.0100650787353516 -0.0278530120849609 0.0143489837646484
-0.0161170959472656 0.02569580078125 0.0236186981201172 -0.00968360900878906
0.00282096862792969 0.0258388519287109 0.0301589965820313 -0.0434646606445313
0.0118570327758789 0.0121402740478516 0.0162200927734375 -0.0667839050292969
0.010162353515625 0.000375747680664063 -0.0201873779296875 -0.0828170776367187
0.000809192657470703 -0.0035710334777832 -0.0535964965820312 -0.0634422302246094
0.000211477279663086 -0.00301814079284668 -0.0528144836425781 -0.0419273376464844
-0.00135135650634766 -0.00307917594909668 -0.0545845031738281 -0.0303268432617188
0.0017852783203125 -0.00503730773925781 -0.0522804260253906 -0.0311431884765625
0.00393843650817871 0.00125598907470703 -0.0522079467773438 -0.0210189819335937
-0.00709819793701172 0.00945472717285156 -0.0563011169433594 -0.019073486328125
-0.0240192413330078 0.000499725341796878 -0.0628166198730469 -0.0206985473632813
-0.0244159698486328 -0.0155620574951172 -0.081024169921875 0.0103378295898437
-0.0155658721923828 -0.0274238586425781 -0.0885848999023438 0.0300979614257813
0.0248603820800781 -0.0177440643310547 -0.0989151000976563 -0.0176467895507813
0.00372600555419922 0.00385785102844238 -0.0276813507080078 0.0115184783935547
0.0113744735717773 0.00798606872558594 0.0289192199707031 -0.0118331909179688
0.0180149078369141 0.00462722778320313 0.0350608825683594 -0.0442657470703125
0.0185909271240234 -0.0136947631835938 0.0218048095703125 -0.0669975280761719
0.00229263305664063 -0.0232372283935547 -0.0169601440429688 -0.0811767578125
-0.0157299041748047 -0.0226898193359375 -0.05047607421875 -0.0603904724121094
-0.0150070190429687 -0.0251445770263672 -0.0479316711425781 -0.0361747741699219
-0.0205917358398438 -0.0244617462158203 -0.0517425537109375 -0.0217857360839844
-0.00748252868652344 -0.0311355590820313 -0.0524215698242188 -0.0175933837890625
0.00624465942382812 -0.0308399200439453 -0.0545463562011719 -0.00859832763671876
0.00900840759277344 -0.020782470703125 -0.0630111694335938 -0.0126190185546875
0.0125675201416016 -0.0161476135253906 -0.0650138854980469 -0.0189132690429688
0.0121898651123047 -0.0236129760742188 -0.0777435302734375 0.0113677978515625
0.0261707305908203 -0.0308132171630859 -0.0825576782226563 0.0269699096679687
0.0640144348144531 -0.0161705017089844 -0.08477783203125 -0.0217742919921875
0.040191650390625 -0.000652313232421875 -0.0181941986083984 0.00994110107421875
0.0452919006347656 -0.0108489990234375 0.0391960144042969 -0.0117950439453125
0.0360527038574219 -0.0203971862792969 0.0428581237792969 -0.0420417785644531
0.0261116027832031 -0.0405731201171875 0.028961181640625 -0.0615768432617188
-0.0031890869140625 -0.0463142395019531 -0.0107040405273438 -0.0712432861328125
-0.0291061401367187 -0.0403289794921875 -0.0395889282226563 -0.0496063232421875
-0.0294723510742187 -0.04345703125 -0.0358619689941406 -0.0255775451660156
-0.0376930236816406 -0.0404891967773438 -0.0402870178222656 -0.00829315185546875
-0.0211906433105469 -0.0487823486328125 -0.0441856384277344 0.00128173828124999
-0.00112533569335937 -0.0555763244628906 -0.0505752563476562 0.00964736938476563
0.0127029418945313 -0.0501708984375 -0.0655174255371094 0.00104904174804688
0.0401458740234375 -0.0394935607910156 -0.0663681030273438 -0.0132980346679688
0.0449638366699219 -0.0360336303710938 -0.0694389343261719 0.00835037231445312
0.0650596618652344 -0.0330162048339844 -0.0652046203613281 0.0229988098144531
0.0963592529296875 -0.0135040283203125 -0.0590171813964844 -0.0291213989257813
0.0717086791992188 -0.0023956298828125 -0.00161266326904296 0.00783586502075195
0.075958251953125 -0.028564453125 0.0500335693359375 -0.00797271728515625
0.0522537231445312 -0.0417137145996094 0.0516929626464844 -0.0341567993164063
0.0345802307128906 -0.0627784729003906 0.0374870300292969 -0.0487632751464844
-0.00597763061523437 -0.0652351379394531 -8.01086425781208E-05 -0.0550308227539063
-0.0373458862304687 -0.0540657043457031 -0.0230884552001953 -0.0344963073730469
-0.0386428833007813 -0.0554847717285156 -0.0180492401123047 -0.0110111236572266
-0.0500602722167969 -0.0495758056640625 -0.0227394104003906 0.00865173339843749
-0.0313987731933594 -0.0571708679199219 -0.03082275390625 0.0223655700683594
-0.00991821289062501 -0.0701217651367188 -0.0410652160644531 0.0275993347167969
0.00830459594726562 -0.0694847106933594 -0.0611190795898438 0.0156364440917969
0.0545616149902344 -0.059051513671875 -0.0631027221679687 -0.00566482543945313
0.0661048889160156 -0.0460243225097656 -0.0567092895507812 0.00356292724609374
0.0927200317382812 -0.034515380859375 -0.0355300903320312 0.02044677734375
0.113578796386719 -0.00655364990234375 -0.0217761993408203 -0.0342311859130859
0.094390869140625 0.00011444091796875 0.0205535888671875 0.0041351318359375
0.0991592407226563 -0.038299560546875 0.0582504272460938 -0.0027618408203125
0.0627059936523438 -0.0575447082519531 0.0559883117675781 -0.0207328796386719
0.0387420654296875 -0.0751419067382813 0.0430908203125 -0.0287704467773438
-0.00722503662109374 -0.0748748779296875 0.0121002197265625 -0.0313167572021484
-0.0408973693847656 -0.0594444274902344 -0.00298404693603516 -0.014862060546875
-0.0427513122558594 -0.0589103698730469 0.00200748443603515 0.00468921661376953
-0.0547332763671875 -0.0511131286621094 -0.0023040771484375 0.0243911743164062
-0.0361557006835938 -0.0566139221191406 -0.0134773254394531 0.0411415100097656
-0.01715087890625 -0.07269287109375 -0.0278968811035156 0.0412750244140625
0.00276947021484374 -0.0782012939453125 -0.0509605407714844 0.0271453857421875
0.0617027282714844 -0.0692596435546875 -0.0539207458496094 0.00121688842773438
0.0783462524414063 -0.0485458374023438 -0.040496826171875 -0.00370788574218751
0.107276916503906 -0.0297317504882813 -0.000555038452148433 0.0176544189453125
0.110733032226563 0.0006256103515625 0.0153121948242188 -0.0342121124267578
0.100288391113281 0.00513458251953125 0.0432929992675781 0.00067901611328125
0.106124877929687 -0.0390625 0.0617904663085938 0.00251388549804687
0.0643272399902344 -0.0604705810546875 0.0560798645019531 -0.00563430786132813
0.0364303588867188 -0.0747528076171875 0.0438880920410156 -0.00719070434570313
-0.00830841064453126 -0.0713424682617188 0.0222492218017578 -0.00519561767578125
-0.0379219055175781 -0.0538864135742188 0.0171613693237305 0.0055694580078125
-0.0406913757324219 -0.05291748046875 0.0214271545410156 0.0194873809814453
-0.0516281127929688 -0.0457420349121094 0.0189208984375 0.0382766723632813
-0.0343589782714844 -0.0493278503417969 0.00389862060546874 0.0570602416992188
-0.0182991027832031 -0.0659065246582031 -0.0149726867675781 0.05224609375
0.001434326171875 -0.0742416381835938 -0.0393218994140625 0.0342483520507813
0.0629348754882813 -0.0673255920410156 -0.0425491333007812 0.00431060791015624
0.0811538696289062 -0.0413055419921875 -0.0202884674072266 -0.0116329193115234
0.105171203613281 -0.020233154296875 0.0352439880371094 0.0133171081542969
0.090057373046875 0.00739288330078125 0.0500717163085938 -0.0360527038574219
0.0863494873046875 0.01043701171875 0.0626335144042969 -0.00487899780273437
0.0923843383789063 -0.0314483642578125 0.0608978271484375 0.00626373291015625
0.0508499145507813 -0.0514755249023438 0.0530471801757813 0.007781982421875
0.0255622863769531 -0.0596656799316406 0.0435218811035156 0.0121917724609375
-0.00860595703125 -0.0546493530273438 0.0331935882568359 0.0160541534423828
-0.0300140380859375 -0.0400733947753906 0.0358238220214844 0.021148681640625
-0.0329818725585938 -0.0402603149414062 0.0371360778808594 0.0297813415527344
-0.0404014587402344 -0.0351333618164063 0.0349617004394531 0.0496749877929688
-0.0274581909179687 -0.0371322631835938 0.0153884887695313 0.0682640075683594
-0.0157814025878906 -0.0525741577148438 -0.0079345703125 0.0583763122558594
0.000629425048828126 -0.062255859375 -0.0294990539550781 0.0381393432617187
0.0580787658691406 -0.0557785034179687 -0.0308303833007813 0.00749015808105468
0.074005126953125 -0.0268936157226563 -0.00178337097167968 -0.0151891708374023
0.0894927978515625 -0.0072174072265625 0.0665435791015625 0.0141487121582031
0.0552330017089844 0.0128517150878906 0.0726776123046875 -0.0356521606445313
0.0592422485351563 0.0137062072753906 0.0749740600585938 -0.00931549072265625
0.0614013671875 -0.021881103515625 0.058319091796875 0.00961685180664062
0.0268039703369141 -0.0339336395263672 0.0523948669433594 0.0159645080566406
0.0102710723876953 -0.0334587097167969 0.0438766479492188 0.0219268798828125
-0.0077362060546875 -0.0278186798095703 0.0420150756835937 0.0272293090820313
-0.0172500610351563 -0.0190105438232422 0.0493316650390625 0.0288009643554687
-0.020538330078125 -0.0200996398925781 0.0474510192871094 0.0360336303710938
-0.0250225067138672 -0.0193958282470703 0.045654296875 0.0570831298828125
-0.0181884765625 -0.0205001831054688 0.0219497680664062 0.0763626098632813
-0.0123481750488281 -0.0339164733886719 -0.00517654418945313 0.0638847351074219
-0.000789642333984372 -0.044189453125 -0.0240249633789062 0.040313720703125
0.0450477600097656 -0.0398406982421875 -0.0226001739501953 0.0100898742675781
0.0568046569824219 -0.0110702514648438 0.013981819152832 -0.0150070190429688
0.0603446960449219 0.00429916381835937 0.0889358520507813 0.0170822143554688
-0.0153217315673828 -0.0136547088623047 -0.0969085693359375 -0.0109405517578125
-0.0275230407714844 0.00960731506347656 -0.027252197265625 0.0146884918212891
-0.0156497955322266 0.0249156951904297 0.0241451263427734 -0.00926399230957031
0.00308036804199219 0.0257587432861328 0.0302314758300781 -0.0425453186035156
0.0116491317749023 0.0119819641113281 0.0167388916015625 -0.0658645629882813
0.00980281829833984 0.000629425048828125 -0.0203094482421875 -0.0823516845703125
-0.00010061264038086 -0.00319099426269531 -0.053741455078125 -0.0626220703125
-0.000185966491699218 -0.00321507453918457 -0.0526809692382812 -0.0413169860839844
-0.00175237655639649 -0.00298643112182617 -0.0553092956542969 -0.0298576354980469
0.00148820877075195 -0.00527620315551758 -0.0530204772949219 -0.0312538146972656
0.00362515449523926 0.000696182250976563 -0.0520744323730469 -0.0209236145019531
-0.0068655014038086 0.00880718231201172 -0.0560340881347656 -0.0193252563476563
-0.0230712890625 0.000207901000976559 -0.0625648498535156 -0.0208320617675781
-0.0239200592041016 -0.0155372619628906 -0.08056640625 0.0102310180664063
-0.0153713226318359 -0.0276527404785156 -0.0890655517578125 0.0299835205078125
0.0246372222900391 -0.0176715850830078 -0.097198486328125 -0.0166702270507812
0.00416302680969238 0.00320267677307129 -0.0268440246582031 0.0118732452392578
0.0119104385375977 0.00745677947998047 0.0290184020996094 -0.0118217468261719
0.0180091857910156 0.00401496887207031 0.0353927612304688 -0.0437049865722656
0.0177879333496094 -0.0138492584228516 0.0225715637207031 -0.0661659240722656
0.00210189819335938 -0.0227737426757813 -0.016326904296875 -0.0804367065429688
-0.0157546997070313 -0.0226840972900391 -0.0501976013183594 -0.0594596862792969
-0.0156002044677734 -0.0253143310546875 -0.0480918884277344 -0.0358772277832031
-0.0202198028564453 -0.0246047973632813 -0.0517120361328125 -0.0213851928710938
-0.00819969177246094 -0.0310821533203125 -0.052703857421875 -0.0178451538085938
0.00596046447753906 -0.0305309295654297 -0.0539131164550781 -0.00896835327148437
0.00899696350097656 -0.0211772918701172 -0.0627479553222656 -0.01263427734375
0.0128679275512695 -0.0162973403930664 -0.0648574829101563 -0.0190849304199219
0.0132465362548828 -0.0237216949462891 -0.0772247314453125 0.0114517211914063
0.02630615234375 -0.0306358337402344 -0.0829849243164062 0.0272445678710938
0.0634269714355469 -0.0162010192871094 -0.0835723876953125 -0.020721435546875
0.0402069091796875 -0.000732421875 -0.0173540115356445 0.010772705078125
0.0449447631835938 -0.0122795104980469 0.0385818481445313 -0.0117149353027344
0.0358772277832031 -0.0210800170898438 0.04296875 -0.0416793823242188
0.0256538391113281 -0.0407028198242187 0.0295791625976563 -0.0610198974609375
-0.00329208374023437 -0.0460968017578125 -0.010162353515625 -0.0707855224609375
-0.0293083190917969 -0.0398063659667969 -0.0394210815429687 -0.0489044189453125
-0.0299606323242187 -0.0427131652832031 -0.0360565185546875 -0.0251884460449219
-0.038482666015625 -0.0400047302246094 -0.0401611328125 -0.00793838500976562
-0.0211982727050781 -0.0486869812011719 -0.0446395874023437 0.000900268554687492
-0.00128936767578125 -0.0557327270507812 -0.0501823425292969 0.00943756103515624
0.0122871398925781 -0.0506057739257813 -0.0653419494628906 0.00111007690429687
0.040069580078125 -0.0396614074707031 -0.0663909912109375 -0.0133171081542969
0.0447158813476563 -0.0358619689941406 -0.0692672729492188 0.00841140747070313
0.0650749206542969 -0.0332489013671875 -0.0650634765625 0.0234909057617187
0.09588623046875 -0.0131607055664063 -0.0573501586914062 -0.028076171875
0.0724945068359375 -0.00217437744140625 -0.00107431411743164 0.00830554962158203
0.07537841796875 -0.0288314819335937 0.0491600036621094 -0.00802993774414063
0.0518608093261719 -0.0423316955566406 0.0513916015625 -0.0339012145996094
0.033538818359375 -0.0626068115234375 0.0374259948730469 -0.0484466552734375
-0.00616455078125 -0.0650520324707031 0.000335693359374997 -0.0544052124023438
-0.0373039245605469 -0.0532875061035156 -0.0229167938232422 -0.0340614318847656
-0.0391426086425781 -0.0548324584960938 -0.0186004638671875 -0.0111980438232422
-0.0503997802734375 -0.0491485595703125 -0.0225563049316406 0.00814437866210938
-0.0314216613769531 -0.0567893981933594 -0.0306320190429688 0.0218582153320313
-0.0104866027832031 -0.0694007873535156 -0.0408668518066406 0.02667236328125
0.00770568847656251 -0.0695304870605469 -0.0613174438476563 0.0156707763671875
0.0547142028808594 -0.0594978332519531 -0.062835693359375 -0.00574493408203124
0.065643310546875 -0.046142578125 -0.0566749572753906 0.00346374511718749
0.0927352905273438 -0.0345230102539063 -0.0357322692871094 0.0207328796386719
0.112701416015625 -0.00652313232421875 -0.0210227966308594 -0.0328006744384766
0.0944061279296875 -0.00019073486328125 0.0207843780517578 0.00480842590332031
0.0991973876953125 -0.0392608642578125 0.0568428039550781 -0.00288009643554688
0.0628433227539063 -0.0574111938476562 0.0556297302246094 -0.020263671875
0.0375289916992187 -0.075408935546875 0.0427398681640625 -0.0284042358398438
-0.00746154785156249 -0.0740737915039063 0.0127792358398437 -0.0300884246826172
-0.0403823852539063 -0.0587196350097656 -0.00260639190673828 -0.0143337249755859
-0.0433845520019531 -0.0584945678710938 0.00151824951171875 0.00446128845214843
-0.0546340942382813 -0.050384521484375 -0.00205039978027344 0.0237712860107422
-0.0364303588867188 -0.0561256408691406 -0.0134239196777344 0.0401420593261719
-0.017303466796875 -0.0722732543945313 -0.0280189514160156 0.0404853820800781
0.00242614746093749 -0.0775985717773437 -0.0509071350097656 0.0273780822753906
0.06158447265625 -0.0694923400878906 -0.0539970397949219 0.000530242919921878
0.0775604248046875 -0.0485000610351563 -0.040924072265625 -0.00362396240234375
0.107566833496094 -0.0303497314453125 -0.000960350036621088 0.0174102783203125
0.109718322753906 -0.00017547607421875 0.0162448883056641 -0.0330047607421875
0.100227355957031 0.00482177734375 0.0433311462402344 0.00185394287109375
0.105461120605469 -0.0391311645507813 0.0602684020996094 0.00269317626953125
0.0635566711425781 -0.0598640441894531 0.0553054809570313 -0.00564956665039063
0.0352706909179688 -0.0745086669921875 0.0437965393066406 -0.00720977783203125
-0.00856781005859375 -0.0711746215820313 0.02313232421875 -0.00393867492675782
-0.0375595092773438 -0.0532684326171875 0.0175628662109375 0.0057373046875
-0.0414772033691406 -0.0527992248535156 0.0213432312011719 0.018280029296875
-0.0512847900390625 -0.0450210571289063 0.0189170837402344 0.0371055603027344
-0.0341835021972656 -0.0489044189453125 0.00420379638671875 0.05548095703125
-0.0181427001953125 -0.0656929016113281 -0.0156326293945313 0.051361083984375
0.000762939453124994 -0.073516845703125 -0.0398750305175781 0.0339317321777344
0.0625114440917969 -0.0674819946289063 -0.0430374145507813 0.00388717651367187
0.08050537109375 -0.0410232543945313 -0.0206642150878906 -0.0114116668701172
0.105270385742187 -0.0204238891601562 0.0347118377685547 0.0128574371337891
0.0889511108398438 0.00730133056640625 0.0507125854492188 -0.0352020263671875
0.0858001708984375 0.0103836059570313 0.06292724609375 -0.00371551513671875
0.0914077758789063 -0.0316619873046875 0.0595283508300781 0.0067138671875
0.0504493713378906 -0.0506172180175781 0.0521926879882813 0.00793838500976562
0.0253067016601562 -0.0593719482421875 0.0435562133789062 0.0120964050292969
-0.00861740112304688 -0.0541229248046875 0.0341205596923828 0.0166568756103516
-0.0296363830566406 -0.0394096374511719 0.0359115600585937 0.0207252502441406
-0.0329856872558594 -0.0392341613769531 0.0367012023925781 0.0289421081542969
-0.040679931640625 -0.0347938537597656 0.0349578857421875 0.0485382080078125
-0.0270004272460938 -0.0366744995117188 0.0156517028808594 0.0679779052734375
-0.0157966613769531 -0.0516471862792969 -0.00778961181640625 0.0576057434082031
0.000816345214843753 -0.0617790222167969 -0.0299797058105469 0.0373878479003906
0.0576972961425781 -0.0562858581542969 -0.0311737060546875 0.00677871704101562
0.0731658935546875 -0.0264816284179688 -0.00213146209716796 -0.0154752731323242
0.0893402099609375 -0.0074310302734375 0.0656356811523437 0.0131607055664062
0.053924560546875 0.0123863220214844 0.0729598999023438 -0.0350189208984375
0.0587882995605469 0.0133628845214844 0.07476806640625 -0.00881195068359375
0.0601081848144531 -0.0211257934570313 0.0573234558105469 0.00990676879882812
0.0263938903808594 -0.0336093902587891 0.0517463684082031 0.0162925720214844
0.00993156433105469 -0.0331935882568359 0.0436058044433594 0.0226821899414062
-0.00727462768554687 -0.0276908874511719 0.04266357421875 0.0279197692871094
-0.0170974731445312 -0.0185489654541016 0.0495948791503906 0.0285568237304688
-0.0208473205566406 -0.0200653076171875 0.0471992492675781 0.0351028442382813
-0.02484130859375 -0.0192031860351562 0.045440673828125 0.0553321838378906
-0.0176124572753906 -0.0203323364257813 0.02203369140625 0.0754547119140625
-0.0118064880371094 -0.0333309173583984 -0.00565719604492187 0.062896728515625
-0.000785827636718747 -0.0432395935058594 -0.0244064331054688 0.0399551391601562
0.044586181640625 -0.0397186279296875 -0.0229034423828125 0.00965690612792969
0.0564918518066406 -0.0111846923828125 0.0128669738769531 -0.0150299072265625
0.0601882934570313 0.00452423095703125 0.0879745483398438 0.0164642333984375
-0.0150976181030273 -0.0136489868164063 -0.0979843139648438 -0.01190185546875
-0.0278568267822266 0.00912857055664062 -0.0277538299560547 0.0143833160400391
-0.0161533355712891 0.0247611999511719 0.0253353118896484 -0.009033203125
0.00308990478515625 0.0258369445800781 0.0318641662597656 -0.0424232482910156
0.0115833282470703 0.0121707916259766 0.0184135437011719 -0.066650390625
0.00956153869628906 0.000607490539550781 -0.0198822021484375 -0.0837020874023437
5.38825988769533E-05 -0.00325775146484375 -0.0548477172851563 -0.0635643005371094
-0.000523090362548828 -0.0032343864440918 -0.0536727905273438 -0.0418930053710938
-0.00182700157165527 -0.00307321548461914 -0.0561981201171875 -0.0303001403808594
0.00112771987915039 -0.00531435012817383 -0.05426025390625 -0.0325927734375
0.00303983688354492 0.000358343124389648 -0.0529632568359375 -0.0227165222167969
-0.00708103179931641 0.00866937637329102 -0.0569801330566406 -0.0203437805175781
-0.0230121612548828 -0.000106811523437501 -0.0633544921875 -0.0221748352050781
-0.0235500335693359 -0.0165462493896484 -0.0820388793945313 0.00953674316406248
-0.0149898529052734 -0.0281696319580078 -0.0920181274414063 0.0297088623046875
0.0256233215332031 -0.0171890258789063 -0.0981979370117188 -0.0170669555664063
0.00499296188354492 0.00312566757202148 -0.0271549224853516 0.0118598937988281
0.0123004913330078 0.00634860992431641 0.0294551849365234 -0.0110874176025391
0.0186195373535156 0.00370216369628906 0.0370635986328125 -0.0436477661132813
0.0182533264160156 -0.0141448974609375 0.0244827270507812 -0.0668563842773438
0.00221633911132813 -0.0233440399169922 -0.0161209106445313 -0.0820770263671875
-0.0162887573242188 -0.0226707458496094 -0.0505294799804688 -0.0600051879882813
-0.0163059234619141 -0.0258159637451172 -0.048431396484375 -0.0365829467773437
-0.0204067230224609 -0.0247783660888672 -0.0523681640625 -0.0218734741210938
-0.00844192504882812 -0.0319252014160156 -0.054107666015625 -0.0191535949707031
0.00560760498046875 -0.0311927795410156 -0.054962158203125 -0.0100860595703125
0.00949478149414062 -0.0217189788818359 -0.0642280578613281 -0.0130767822265625
0.0138692855834961 -0.0171747207641602 -0.0660400390625 -0.0203361511230469
0.0136203765869141 -0.0244731903076172 -0.078948974609375 0.010833740234375
0.0278873443603516 -0.0316963195800781 -0.0856781005859375 0.0270919799804688
0.0648994445800781 -0.01593017578125 -0.0839767456054687 -0.020904541015625
0.0416221618652344 -0.000438690185546875 -0.0174283981323242 0.0112085342407227
0.0459823608398437 -0.0126495361328125 0.0391578674316406 -0.011199951171875
0.0363845825195313 -0.0212287902832031 0.0444450378417969 -0.0414085388183594
0.0257911682128906 -0.0418815612792969 0.0312271118164063 -0.0613822937011719
-0.00357437133789062 -0.0466117858886719 -0.008880615234375 -0.0718612670898438
-0.02935791015625 -0.040557861328125 -0.0398597717285156 -0.0493087768554688
-0.0307846069335938 -0.0434913635253906 -0.03668212890625 -0.0260696411132813
-0.0383567810058594 -0.0407676696777344 -0.0413742065429688 -0.00826263427734375
-0.0215415954589844 -0.0495719909667969 -0.0458145141601563 7.62939453125026E-05
-0.0014190673828125 -0.056640625 -0.051605224609375 0.00802230834960938
0.0132598876953125 -0.0515213012695313 -0.0673789978027344 0.000469207763671864
0.0413742065429688 -0.0409126281738281 -0.0678291320800781 -0.0149917602539063
0.0462913513183594 -0.0366401672363281 -0.0707931518554688 0.00801086425781251
0.0669975280761719 -0.033843994140625 -0.067413330078125 0.0236129760742188
0.0973892211914063 -0.0124740600585938 -0.0576705932617187 -0.0282211303710937
0.0741348266601563 -0.00228118896484375 -0.00107574462890625 0.00954151153564453
0.0774307250976563 -0.02996826171875 0.0495376586914063 -0.00757980346679688
0.0535011291503906 -0.0430259704589844 0.0526161193847656 -0.0333290100097656
0.0341377258300781 -0.0635299682617188 0.0396461486816406 -0.0489768981933594
-0.00551986694335937 -0.0661659240722656 0.00177764892578125 -0.0543899536132813
-0.0378952026367188 -0.0545539855957031 -0.0229759216308594 -0.0340728759765625
-0.0405616760253906 -0.0560493469238281 -0.0186023712158203 -0.0117359161376953
-0.0507278442382812 -0.0498580932617188 -0.0231132507324219 0.00787162780761718
-0.0317230224609375 -0.0579757690429688 -0.0316028594970703 0.0217113494873047
-0.0102767944335937 -0.071197509765625 -0.0422325134277344 0.0256500244140625
0.00856018066406251 -0.0706405639648438 -0.0629806518554688 0.0153160095214844
0.0563545227050781 -0.060943603515625 -0.0640983581542969 -0.00723266601562501
0.0674629211425781 -0.0460433959960938 -0.0582733154296875 0.003173828125
0.09576416015625 -0.0349655151367188 -0.0368118286132812 0.0206794738769531
0.114425659179687 -0.00545501708984375 -0.0199794769287109 -0.0326328277587891
0.0967254638671875 0.00067138671875 0.0218791961669922 0.00652313232421875
0.101158142089844 -0.0394744873046875 0.0571517944335938 -0.001800537109375
0.0645332336425781 -0.0578231811523438 0.0565032958984375 -0.0197181701660156
0.0386962890625 -0.0763092041015625 0.0445594787597656 -0.0282859802246094
-0.0067901611328125 -0.075164794921875 0.0142173767089844 -0.02996826171875
-0.0405654907226563 -0.0600700378417969 -0.00212574005126953 -0.01416015625
-0.0442428588867187 -0.0595436096191406 0.0011749267578125 0.00383162498474121
-0.0553474426269531 -0.05126953125 -0.00249290466308594 0.0235443115234375
-0.0359344482421875 -0.0576705932617188 -0.0139732360839844 0.0407562255859375
-0.0170669555664062 -0.073272705078125 -0.0291061401367187 0.0402793884277344
0.00314331054687499 -0.0784072875976563 -0.0527687072753906 0.0267066955566406
0.0630874633789063 -0.071319580078125 -0.0557022094726562 -0.000957489013671872
0.0797042846679688 -0.048553466796875 -0.0415267944335937 -0.00451660156250001
0.110176086425781 -0.0302963256835938 -0.00184345245361327 0.0174245834350586
0.111305236816406 0.00086212158203125 0.0174655914306641 -0.0327262878417969
0.101943969726563 0.005889892578125 0.0444412231445313 0.00310897827148438
0.107406616210938 -0.0398788452148438 0.060333251953125 0.00390625
0.0654373168945312 -0.0603370666503906 0.0562896728515625 -0.0048065185546875
0.0365219116210938 -0.0754241943359375 0.0450668334960938 -0.00632476806640626
-0.00821685791015625 -0.0720443725585938 0.0246849060058594 -0.003387451171875
-0.0378265380859375 -0.0545921325683594 0.0180549621582031 0.00609588623046875
-0.0419731140136719 -0.0540542602539063 0.0212001800537109 0.0183544158935547
-0.0521202087402344 -0.0460433959960937 0.0189590454101562 0.0374221801757813
-0.0340156555175781 -0.0503501892089844 0.00403976440429688 0.0561485290527344
-0.0178451538085938 -0.0670814514160156 -0.0167236328125 0.0515861511230469
0.00153350830078125 -0.0745315551757813 -0.041748046875 0.0339241027832031
0.0643577575683594 -0.0688362121582031 -0.0441436767578125 0.00259780883789062
0.0829315185546875 -0.0411834716796875 -0.0215816497802734 -0.0119552612304688
0.107673645019531 -0.0201644897460938 0.0346698760986328 0.0126552581787109
0.0900192260742188 0.008148193359375 0.0526046752929688 -0.0345954895019531
0.0874557495117188 0.0111541748046875 0.0643386840820313 -0.00245285034179687
0.0925445556640625 -0.0314712524414062 0.0597801208496094 0.0081939697265625
0.0514335632324219 -0.0504302978515625 0.0527763366699219 0.00842666625976562
0.0260200500488281 -0.0599021911621094 0.0436134338378906 0.0134429931640625
-0.00824737548828125 -0.0555343627929687 0.0354881286621094 0.0184440612792969
-0.029632568359375 -0.0401268005371094 0.0370826721191406 0.0218772888183594
-0.0337944030761719 -0.0406684875488281 0.0368232727050781 0.0294075012207031
-0.04107666015625 -0.0356979370117188 0.0347251892089844 0.0482330322265625
-0.02667236328125 -0.0378150939941406 0.0157203674316406 0.0681266784667969
-0.0147247314453125 -0.0529136657714844 -0.0093994140625 0.0585746765136719
0.00143814086914062 -0.0624847412109375 -0.0314216613769531 0.0379180908203125
0.0588836669921875 -0.0572090148925781 -0.0322074890136719 0.00565528869628906
0.0753250122070313 -0.026519775390625 -0.00281238555908203 -0.0162134170532227
0.0914840698242188 -0.007171630859375 0.0659751892089844 0.0141067504882812
0.0546379089355469 0.0131912231445313 0.0752944946289063 -0.0344619750976563
0.0590667724609375 0.0140228271484375 0.076202392578125 -0.0076904296875
0.0609970092773438 -0.0213203430175781 0.0573692321777344 0.0114936828613281
0.0276584625244141 -0.0324897766113281 0.0519294738769531 0.0169906616210938
0.0104141235351563 -0.0335159301757813 0.0442428588867188 0.0233345031738281
-0.00713157653808594 -0.0285835266113281 0.0440483093261719 0.029510498046875
-0.0171394348144531 -0.0189781188964844 0.0507774353027344 0.0292472839355469
-0.0210952758789062 -0.0202560424804688 0.0472564697265625 0.0352668762207031
-0.0253887176513672 -0.0195083618164062 0.045562744140625 0.0558013916015625
-0.0173244476318359 -0.0210552215576172 0.0218734741210938 0.0764694213867188
-0.0114231109619141 -0.0335750579833984 -0.006988525390625 0.0640830993652344
-0.000442504882812496 -0.0435028076171875 -0.0259780883789063 0.0401840209960937
0.0455055236816406 -0.0403022766113281 -0.0237903594970703 0.0085906982421875
0.0576400756835937 -0.0105781555175781 0.0124549865722656 -0.0156478881835938
0.0611763000488281 0.00525283813476563 0.088226318359375 0.0169143676757813
-0.0160102844238281 -0.0137138366699219 -0.101829528808594 -0.0116806030273437
-0.0286083221435547 0.00932121276855469 -0.0285606384277344 0.0157928466796875
-0.0167770385742188 0.0250625610351562 0.0266456604003906 -0.00915145874023437
0.00368499755859375 0.0262050628662109 0.0341758728027344 -0.0445899963378906
0.0124111175537109 0.0123081207275391 0.019989013671875 -0.0696678161621094
0.00974464416503906 0.000518798828125 -0.0203933715820312 -0.0872650146484375
-0.000507354736328125 -0.00304794311523438 -0.0573616027832031 -0.0653266906738281
-0.000744104385375977 -0.00342059135437012 -0.0562591552734375 -0.043548583984375
-0.00230312347412109 -0.0029754638671875 -0.0589523315429687 -0.0311813354492188
0.000797748565673828 -0.00623083114624023 -0.0575103759765625 -0.0343208312988281
0.00302648544311523 -0.000123262405395508 -0.0550880432128906 -0.0241851806640625
-0.0074005126953125 0.00890254974365235 -0.0596237182617188 -0.0208282470703125
-0.0234184265136719 -0.00029945373535156 -0.0662612915039063 -0.0235519409179688
-0.0240688323974609 -0.0172290802001953 -0.0853195190429688 0.00971984863281251
-0.0159320831298828 -0.0290431976318359 -0.096923828125 0.0311431884765625
0.0263500213623047 -0.0175361633300781 -0.101593017578125 -0.0172195434570312
0.00570821762084961 0.0030364990234375 -0.0277004241943359 0.0132923126220703
0.0124444961547852 0.00616741180419922 0.0314674377441406 -0.0116157531738281
0.0195465087890625 0.00367546081542969 0.0388679504394531 -0.04498291015625
0.0187053680419922 -0.0148830413818359 0.0263252258300781 -0.0698013305664063
0.00208663940429688 -0.0239219665527344 -0.0165481567382813 -0.0855026245117188
-0.0172462463378906 -0.0231380462646484 -0.0534019470214844 -0.0614738464355469
-0.0178012847900391 -0.0265254974365234 -0.0513076782226562 -0.0372390747070313
-0.0218906402587891 -0.0254631042480469 -0.0554008483886719 -0.0222129821777344
-0.00887489318847656 -0.0334110260009766 -0.0573348999023438 -0.0205879211425781
0.00558853149414062 -0.0328941345214844 -0.0582733154296875 -0.0113563537597656
0.009765625 -0.0227146148681641 -0.0670242309570313 -0.014007568359375
0.0148887634277344 -0.0182380676269531 -0.069183349609375 -0.0211639404296875
0.0144977569580078 -0.0254783630371094 -0.0822372436523438 0.0110702514648437
0.0295085906982422 -0.0331039428710938 -0.0900115966796875 0.0284042358398438
0.0680580139160156 -0.0165557861328125 -0.0867996215820313 -0.0213851928710937
0.0443267822265625 -0.00136566162109375 -0.0176448822021484 0.0123424530029297
0.0481147766113281 -0.0141220092773438 0.0407371520996094 -0.0113601684570312
0.0380821228027344 -0.0226860046386719 0.0466270446777344 -0.0428962707519531
0.0264549255371094 -0.0434455871582031 0.0336875915527344 -0.0644645690917969
-0.00336456298828125 -0.0488700866699219 -0.00909423828125 -0.0747756958007813
-0.0308418273925781 -0.0420074462890625 -0.0416603088378906 -0.0508499145507813
-0.032684326171875 -0.0455551147460938 -0.0380477905273438 -0.0269508361816406
-0.0407142639160156 -0.0419044494628906 -0.0437278747558594 -0.00816726684570312
-0.0227584838867188 -0.0518035888671875 -0.0485877990722656 -0.000267028808593744
-0.00152969360351562 -0.0596885681152344 -0.0542678833007813 0.00793838500976561
0.0136260986328125 -0.0541152954101563 -0.0707626342773438 0.000450134277343749
0.04315185546875 -0.0430488586425781 -0.0710372924804688 -0.0159378051757812
0.0484695434570313 -0.037750244140625 -0.0736465454101563 0.00879669189453125
0.07025146484375 -0.0360183715820313 -0.07073974609375 0.0248794555664063
0.102294921875 -0.0132522583007812 -0.0590667724609375 -0.0285530090332031
0.0786056518554687 -0.00225830078125 -0.000542640686035151 0.0105504989624023
0.0806732177734375 -0.032135009765625 0.0509986877441406 -0.00673294067382813
0.05572509765625 -0.0449295043945313 0.0547828674316406 -0.03436279296875
0.0354728698730469 -0.0665550231933594 0.0420379638671875 -0.0506973266601563
-0.00582504272460938 -0.0686759948730469 0.00251007080078125 -0.0565681457519531
-0.03955078125 -0.0561866760253906 -0.0239124298095703 -0.0346450805664063
-0.0429267883300781 -0.0583229064941406 -0.0198173522949219 -0.0125522613525391
-0.053680419921875 -0.0514488220214844 -0.0244102478027344 0.00807380676269531
-0.0333518981933594 -0.0605545043945312 -0.0336952209472656 0.0220451354980469
-0.0111160278320313 -0.0739669799804688 -0.0444412231445313 0.0265769958496094
0.008941650390625 -0.0740127563476563 -0.0664825439453125 0.0161590576171875
0.0586967468261719 -0.0647735595703125 -0.0673713684082031 -0.00867080688476562
0.0704574584960937 -0.048095703125 -0.0605583190917969 0.00323104858398437
0.100364685058594 -0.0374374389648437 -0.0389328002929687 0.0217018127441406
0.119735717773437 -0.00600433349609375 -0.0205669403076172 -0.0326747894287109
0.101287841796875 0.00035858154296875 0.0236110687255859 0.00733566284179688
0.105178833007813 -0.0421524047851563 0.0591278076171875 -0.000930786132812502
0.0672760009765625 -0.0602531433105469 0.0590553283691406 -0.0205078125
0.0394821166992188 -0.0803298950195313 0.0466690063476563 -0.0294342041015625
-0.00722503662109375 -0.078857421875 0.0155982971191406 -0.0309658050537109
-0.0419578552246094 -0.0625534057617188 -0.00195598602294922 -0.0141878128051758
-0.0471687316894531 -0.0620498657226563 0.00132274627685547 0.00353550910949707
-0.0581092834472656 -0.0528030395507813 -0.00282669067382813 0.0240726470947266
-0.0377159118652344 -0.060028076171875 -0.0146293640136719 0.0416450500488281
-0.0179595947265625 -0.0766677856445313 -0.0305595397949219 0.0416183471679687
0.00310516357421875 -0.081695556640625 -0.0562667846679688 0.0283889770507813
0.0661849975585938 -0.0754623413085938 -0.0584564208984375 -0.00152206420898439
0.0831756591796875 -0.0505218505859375 -0.0439338684082031 -0.00466156005859375
0.115432739257813 -0.0326919555664063 -0.00252819061279296 0.0175294876098633
0.1160888671875 0.00125885009765625 0.0192222595214844 -0.0333576202392578
0.107215881347656 0.0059967041015625 0.0467948913574219 0.00394439697265625
0.111465454101562 -0.041748046875 0.0622978210449219 0.00499725341796875
0.0678329467773438 -0.0626716613769531 0.0582618713378906 -0.00461196899414063
0.0372695922851563 -0.079376220703125 0.0472450256347656 -0.00591659545898438
-0.0083465576171875 -0.0757064819335938 0.0268993377685547 -0.00320625305175782
-0.039337158203125 -0.0566177368164062 0.0196990966796875 0.00668716430664062
-0.0443572998046875 -0.0560417175292969 0.0216217041015625 0.0187397003173828
-0.054290771484375 -0.0476531982421875 0.0193214416503906 0.0381050109863281
-0.0354766845703125 -0.0526237487792969 0.00429153442382812 0.0581474304199219
-0.0187301635742188 -0.06988525390625 -0.0178871154785156 0.0533370971679687
0.00154876708984375 -0.07733154296875 -0.0441207885742188 0.0356369018554687
0.0671463012695313 -0.0729293823242188 -0.0464591979980469 0.00182723999023438
0.0863723754882813 -0.0428390502929688 -0.0230579376220703 -0.0125160217285156
0.112533569335937 -0.022064208984375 0.0353507995605469 0.0123138427734375
0.0934066772460938 0.00864410400390625 0.0555572509765625 -0.0350532531738281
0.090850830078125 0.0114288330078125 0.0675125122070313 -0.0023193359375
0.095916748046875 -0.0329055786132813 0.0615196228027344 0.00919342041015625
0.0541915893554688 -0.052337646484375 0.0548324584960938 0.00934600830078125
0.0268669128417969 -0.0625877380371094 0.0459480285644531 0.0141105651855469
-0.00867080688476563 -0.0578269958496094 0.0379905700683594 0.019378662109375
-0.0308761596679688 -0.0418891906738281 0.0395164489746094 0.0223388671875
-0.0358619689941406 -0.0421867370605469 0.0381317138671875 0.0296478271484375
-0.0429115295410156 -0.0362739562988281 0.0360488891601563 0.0491294860839844
-0.0273590087890625 -0.03948974609375 0.01654052734375 0.0707244873046875
-0.015594482421875 -0.0550346374511719 -0.0103073120117188 0.0611038208007813
0.00177383422851562 -0.0642242431640625 -0.0335731506347656 0.0393142700195313
0.0613746643066406 -0.0600471496582031 -0.0342254638671875 0.00531768798828125
0.0781784057617188 -0.02764892578125 -0.00348663330078124 -0.0171394348144531
0.0954666137695313 -0.00777435302734375 0.0681953430175781 0.0139122009277344
0.0561981201171875 0.0140571594238281 0.0794296264648437 -0.0352325439453125
0.0611457824707031 0.0148239135742188 0.0799102783203125 -0.007568359375
0.0632553100585938 -0.0218391418457031 0.0595779418945313 0.0127792358398437
0.0286693572998047 -0.0335483551025391 0.0539779663085938 0.0183258056640625
0.0109424591064453 -0.0348758697509766 0.04595947265625 0.0250473022460937
-0.00760078430175781 -0.0300426483154297 0.0472602844238281 0.0313186645507813
-0.0176448822021484 -0.0194377899169922 0.0538749694824219 0.0306777954101563
-0.0219993591308594 -0.0214157104492188 0.0492324829101563 0.0364303588867188
-0.0263710021972656 -0.0201911926269531 0.0474853515625 0.0573310852050781
-0.0178718566894531 -0.0218448638916016 0.0233001708984375 0.07928466796875
-0.0116329193115234 -0.0347824096679688 -0.00758361816406251 0.0668373107910156
-0.000129699707031248 -0.04449462890625 -0.0275955200195313 0.0419807434082031
0.0468215942382812 -0.042022705078125 -0.0257129669189453 0.00841331481933594
0.0598373413085938 -0.01104736328125 0.0123252868652344 -0.0168094635009766
0.0641937255859375 0.00494766235351563 0.0910415649414063 0.0170211791992188
-0.0167112350463867 -0.0136833190917969 -0.106193542480469 -0.00885009765625001
-0.0296611785888672 0.00978660583496094 -0.0294609069824219 0.0177288055419922
-0.0169868469238281 0.0260105133056641 0.0283145904541016 -0.00994110107421875
0.00471115112304687 0.0272102355957031 0.0348701477050781 -0.0471954345703125
0.0132961273193359 0.0126657485961914 0.0197067260742188 -0.0742340087890625
0.00959300994873047 -7.2479248046875E-05 -0.0244140625 -0.0912857055664063
-0.00108194351196289 -0.00325846672058105 -0.0626144409179687 -0.0659866333007813
-0.0013582706451416 -0.00331568717956543 -0.0602912902832031 -0.0432281494140625
-0.00287127494812012 -0.0029754638671875 -0.0631904602050781 -0.0307121276855469
0.000327110290527344 -0.0065007209777832 -0.0622215270996094 -0.0344276428222656
0.00255465507507324 -0.000714778900146484 -0.0588417053222656 -0.0246963500976563
-0.00759506225585938 0.00862312316894531 -0.0628662109375 -0.0210075378417969
-0.0238056182861328 3.24249267578136E-05 -0.0702743530273437 -0.0225830078125
-0.0255622863769531 -0.0178070068359375 -0.0894775390625 0.0128860473632813
-0.0174922943115234 -0.0301151275634766 -0.101722717285156 0.0359268188476563
0.028106689453125 -0.0187034606933594 -0.10675048828125 -0.0147171020507813
0.00637388229370117 0.00256156921386719 -0.0286197662353516 0.0147705078125
0.0132932662963867 0.00500679016113281 0.0328388214111328 -0.0126399993896484
0.0207481384277344 0.00262260437011719 0.0395698547363281 -0.0482978820800781
0.0188007354736328 -0.0161991119384766 0.0261688232421875 -0.0745391845703125
0.00065040588378906 -0.0254859924316406 -0.0194625854492188 -0.0892486572265625
-0.0184879302978516 -0.0240058898925781 -0.0579948425292969 -0.0620651245117188
-0.0197944641113281 -0.0272655487060547 -0.0550804138183594 -0.0377044677734375
-0.0241146087646484 -0.0259227752685547 -0.0595703125 -0.0217819213867188
-0.0109367370605469 -0.0349693298339844 -0.0617561340332031 -0.0200042724609375
0.00431442260742187 -0.0357017517089844 -0.0613632202148438 -0.0111846923828125
0.00951957702636719 -0.0249271392822266 -0.0707778930664063 -0.0132598876953125
0.0158863067626953 -0.0200729370117188 -0.0730743408203125 -0.0206298828125
0.0154190063476563 -0.0271987915039062 -0.0859222412109375 0.0143280029296875
0.0303268432617188 -0.0357551574707031 -0.0941314697265625 0.0328216552734375
0.0719223022460937 -0.01898193359375 -0.0910568237304688 -0.0196533203125
0.0471687316894531 -0.00267791748046875 -0.0181789398193359 0.0141391754150391
0.049591064453125 -0.0170364379882813 0.0425796508789063 -0.0122871398925781
0.0398330688476562 -0.0251922607421875 0.0480766296386719 -0.0459327697753906
0.0263481140136719 -0.046234130859375 0.034149169921875 -0.0685577392578125
-0.00482559204101563 -0.0510215759277344 -0.0107040405273437 -0.078460693359375
-0.0333824157714844 -0.0433616638183594 -0.044830322265625 -0.0512351989746094
-0.0365409851074219 -0.0468177795410156 -0.0412940979003906 -0.0264854431152344
-0.0440750122070313 -0.0425491333007813 -0.0463371276855469 -0.00772476196289063
-0.0252952575683594 -0.0540618896484375 -0.0519142150878906 0.00109481811523438
-0.00416183471679687 -0.0627555847167969 -0.0570335388183594 0.00885009765624999
0.0123405456542969 -0.0575675964355469 -0.0744552612304688 0.00262451171875001
0.0445022583007813 -0.0475387573242188 -0.0753631591796875 -0.0151901245117188
0.0497093200683594 -0.041290283203125 -0.0772323608398438 0.0114517211914063
0.0732192993164063 -0.0405654907226563 -0.0738983154296875 0.0284423828125
0.10699462890625 -0.0162124633789063 -0.0619964599609375 -0.0272331237792969
0.0830154418945313 -0.0052947998046875 -7.05718994140583E-05 0.011993408203125
0.0839080810546875 -0.0366439819335938 0.0537605285644531 -0.0078125
0.0572280883789062 -0.0493583679199219 0.0569229125976563 -0.0374031066894531
0.0341949462890625 -0.0711822509765625 0.0425872802734375 -0.0545730590820313
-0.008392333984375 -0.0721435546875 0.00188827514648438 -0.0599517822265625
-0.04315185546875 -0.0578231811523437 -0.0259284973144531 -0.0354537963867188
-0.0473861694335937 -0.0593719482421875 -0.0215415954589844 -0.0123996734619141
-0.0579376220703125 -0.0523643493652344 -0.0262794494628906 0.00945472717285156
-0.0363655090332031 -0.0632400512695313 -0.03515625 0.0239105224609375
-0.0141983032226563 -0.078094482421875 -0.0469474792480469 0.0286216735839844
0.00691223144531251 -0.0781631469726563 -0.0698738098144531 0.0187339782714844
0.0597915649414063 -0.0706253051757813 -0.0719833374023438 -0.0077362060546875
0.0728225708007813 -0.0526504516601563 -0.0636558532714844 0.00530242919921876
0.105010986328125 -0.0431747436523438 -0.04052734375 0.0240020751953125
0.125694274902344 -0.00939178466796875 -0.0214576721191406 -0.0330772399902344
0.107666015625 -0.0032196044921875 0.0247287750244141 0.00805282592773438
0.109115600585938 -0.0478668212890625 0.0615005493164063 -0.00194168090820313
0.0689239501953125 -0.0655174255371094 0.0611801147460938 -0.0229339599609375
0.0388717651367188 -0.0857009887695313 0.0486831665039063 -0.0325546264648438
-0.0098724365234375 -0.0825653076171875 0.0166416168212891 -0.0330734252929688
-0.0461997985839844 -0.0642738342285156 -0.001953125 -0.01519775390625
-0.0516319274902344 -0.0630531311035156 0.00122714042663574 0.003373384475708
-0.062957763671875 -0.0536155700683594 -0.00274085998535157 0.0253009796142578
-0.0410842895507812 -0.0620155334472656 -0.014404296875 0.0435562133789062
-0.0215072631835937 -0.0801620483398438 -0.0318374633789063 0.0438957214355469
0.000709533691406252 -0.0862579345703125 -0.05902099609375 0.0315628051757813
0.066986083984375 -0.082244873046875 -0.0626640319824219 -0.000701904296875017
0.085968017578125 -0.0556869506835938 -0.0461311340332031 -0.00431442260742188
0.12091064453125 -0.0386123657226563 -0.00238037109374999 0.0184516906738281
0.121490478515625 -0.00153350830078125 0.0205936431884766 -0.0347728729248047
0.113113403320312 0.0026397705078125 0.0501747131347656 0.00397872924804688
0.115753173828125 -0.04803466796875 0.0650062561035157 0.00399017333984375
0.0698318481445313 -0.0673942565917969 0.0604629516601563 -0.00587463378906251
0.0370101928710938 -0.0845794677734375 0.0494728088378906 -0.00823211669921876
-0.0109329223632812 -0.0793380737304687 0.0291328430175781 -0.00375175476074219
-0.0424652099609375 -0.0585250854492188 0.0217361450195312 0.00633049011230468
-0.0491447448730469 -0.0571212768554688 0.0230007171630859 0.0187644958496094
-0.05914306640625 -0.0478439331054687 0.0211296081542969 0.0392074584960937
-0.0384254455566406 -0.0542526245117187 0.00637435913085937 0.0601921081542969
-0.0218582153320313 -0.0722579956054688 -0.0178604125976563 0.0562248229980469
-0.000793457031249992 -0.0813369750976563 -0.0463447570800781 0.0387954711914062
0.0679702758789063 -0.078857421875 -0.0495796203613281 0.00244903564453125
0.0893630981445313 -0.0473556518554688 -0.0249233245849609 -0.0131645202636719
0.118270874023437 -0.0269851684570312 0.0367202758789063 0.0119285583496094
0.0980911254882813 0.0064697265625 0.058135986328125 -0.0378150939941406
0.0958099365234375 0.00916290283203125 0.071136474609375 -0.0036468505859375
0.0994949340820313 -0.0377578735351563 0.0643692016601563 0.00891876220703125
0.0549507141113281 -0.0557212829589844 0.0572891235351563 0.00888442993164062
0.0262641906738281 -0.0665130615234375 0.0485992431640625 0.0137481689453125
-0.010711669921875 -0.0610122680664063 0.0417823791503906 0.0193939208984375
-0.0331878662109375 -0.0434494018554688 0.042816162109375 0.0216293334960938
-0.0393753051757813 -0.0428695678710937 0.0409011840820313 0.0303535461425781
-0.046295166015625 -0.0366325378417969 0.0391387939453125 0.0509567260742188
-0.0291900634765625 -0.0409889221191406 0.0199127197265625 0.0727615356445313
-0.0171318054199219 -0.0572891235351563 -0.00938796997070313 0.064300537109375
0.00017929077148438 -0.0669784545898437 -0.034759521484375 0.0426292419433594
0.0622406005859375 -0.0649871826171875 -0.0362701416015625 0.00558853149414061
0.0819549560546875 -0.0310134887695312 -0.00481033325195312 -0.0183944702148438
0.0998992919921875 -0.0118255615234375 0.0707855224609375 0.0118179321289063
0.0587005615234375 0.0135650634765625 0.0832443237304687 -0.0389404296875
0.0643272399902344 0.0135726928710937 0.0839385986328125 -0.009613037109375
0.0656967163085938 -0.0245475769042969 0.0631561279296875 0.0120353698730469
0.0293617248535156 -0.0354537963867188 0.0565528869628906 0.0182609558105469
0.0101966857910156 -0.0370941162109375 0.0488471984863281 0.0256500244140625
-0.00857353210449219 -0.0313682556152344 0.05157470703125 0.031646728515625
-0.0183448791503906 -0.0204124450683594 0.058197021484375 0.0298004150390625
-0.023895263671875 -0.0214157104492188 0.0524787902832031 0.0362663269042969
-0.0283718109130859 -0.0200519561767578 0.0511360168457031 0.0582351684570313
-0.0187168121337891 -0.0231800079345703 0.0270462036132812 0.0818023681640625
-0.0126533508300781 -0.035980224609375 -0.00722503662109374 0.0703048706054688
-0.00120162963867188 -0.0469284057617188 -0.0286827087402344 0.0445671081542969
0.0478973388671875 -0.0454368591308594 -0.0274677276611328 0.00861358642578125
0.0625381469726563 -0.0134811401367188 0.0117511749267578 -0.0184364318847656
0.0671501159667969 0.00299072265625 0.0949783325195312 0.0148162841796875
-0.0181427001953125 -0.0127696990966797 -0.110000610351562 -0.00357055664062499
-0.0300674438476562 0.0112934112548828 -0.0297222137451172 0.0204830169677734
-0.0161285400390625 0.0273113250732422 0.0292415618896484 -0.0115432739257812
0.00632286071777344 0.0272426605224609 0.0345191955566406 -0.0506629943847656
0.0141391754150391 0.0118608474731445 0.0172653198242188 -0.0782546997070312
0.00948238372802734 -0.000120162963867188 -0.0298614501953125 -0.0930938720703125
-0.00146269798278809 -0.00302314758300781 -0.0680007934570313 -0.0642623901367188
-0.00175070762634277 -0.00326848030090332 -0.0649833679199219 -0.0413627624511719
-0.00338006019592285 -0.00295686721801758 -0.0676651000976563 -0.0281181335449219
-0.000145435333251953 -0.00705862045288086 -0.0670013427734375 -0.0325279235839844
0.00242471694946289 -0.00116372108459473 -0.062530517578125 -0.0229682922363281
-0.007171630859375 0.00939559936523438 -0.0660552978515625 -0.0186347961425781
-0.0241508483886719 0.000890731811523441 -0.073883056640625 -0.0196075439453125
-0.0267143249511719 -0.0179653167724609 -0.0917510986328125 0.0172653198242188
-0.0196819305419922 -0.030364990234375 -0.104255676269531 0.0427780151367187
0.0284996032714844 -0.0210056304931641 -0.110191345214844 -0.00920867919921873
0.00707578659057617 0.00146579742431641 -0.0284996032714844 0.0180130004882812
0.0143022537231445 0.00404930114746094 0.0338649749755859 -0.0146026611328125
0.0212535858154297 0.000505447387695313 0.0394287109375 -0.0518112182617187
0.0183830261230469 -0.0181770324707031 0.0239791870117188 -0.0789260864257813
-0.000450134277343752 -0.0264949798583984 -0.024505615234375 -0.0912094116210938
-0.0211315155029297 -0.0237789154052734 -0.0627403259277344 -0.0605735778808594
-0.0222930908203125 -0.0267581939697266 -0.0587272644042969 -0.0355148315429687
-0.0264778137207031 -0.0257148742675781 -0.0632247924804688 -0.0188446044921875
-0.0135383605957031 -0.0356903076171875 -0.0655670166015625 -0.0178375244140625
0.00252532958984375 -0.0370674133300781 -0.0647964477539063 -0.00928115844726563
0.00804710388183594 -0.0265903472900391 -0.073944091796875 -0.00981903076171876
0.0157184600830078 -0.0228004455566406 -0.0773086547851563 -0.0179824829101562
0.0146064758300781 -0.0297603607177734 -0.0879592895507813 0.018829345703125
0.0294380187988281 -0.0387687683105469 -0.0962448120117188 0.039794921875
0.0738372802734375 -0.0232925415039063 -0.0941696166992188 -0.014801025390625
0.0494346618652344 -0.00597000122070312 -0.0173311233520508 0.0163230895996094
0.0504837036132813 -0.0209541320800781 0.0436820983886719 -0.0140151977539063
0.0397529602050781 -0.0286293029785156 0.0479049682617188 -0.05010986328125
0.0243301391601562 -0.0494613647460938 0.0320587158203125 -0.0734024047851563
-0.007965087890625 -0.0529861450195313 -0.0149307250976563 -0.080596923828125
-0.0371627807617188 -0.0431747436523437 -0.0488815307617187 -0.0504188537597656
-0.0408592224121094 -0.0458145141601562 -0.0443000793457031 -0.0250816345214844
-0.0481643676757813 -0.0412254333496094 -0.0490150451660156 -0.00531005859375001
-0.0297393798828125 -0.0547561645507813 -0.0545120239257812 0.00368118286132813
-0.00753784179687501 -0.065338134765625 -0.0593643188476563 0.0116539001464844
0.00950241088867188 -0.0607337951660156 -0.0774765014648438 0.00661468505859375
0.0438690185546875 -0.052734375 -0.07928466796875 -0.0124053955078125
0.0500144958496094 -0.0459938049316406 -0.0792922973632812 0.0155105590820312
0.0743560791015625 -0.0462417602539063 -0.0752105712890625 0.0333633422851563
0.110862731933594 -0.0224838256835938 -0.0647811889648438 -0.0241737365722656
0.0863418579101563 -0.0105514526367188 0.00146007537841797 0.013239860534668
0.0849533081054688 -0.0432662963867188 0.0549240112304688 -0.0100669860839844
0.05645751953125 -0.0543594360351563 0.0568580627441406 -0.0413894653320313
0.0315933227539063 -0.0756072998046875 0.0419502258300781 -0.0591888427734375
-0.0119400024414062 -0.0741043090820313 -0.000621795654296879 -0.0619049072265625
-0.0473785400390625 -0.0576629638671875 -0.0279407501220703 -0.0348281860351563
-0.05316162109375 -0.0585060119628906 -0.0230865478515625 -0.0109958648681641
-0.0629463195800781 -0.0503997802734375 -0.0271987915039063 0.0109405517578125
-0.0411796569824219 -0.0633316040039063 -0.0356597900390625 0.0260963439941406
-0.0190505981445313 -0.07952880859375 -0.04754638671875 0.0315704345703125
0.00270843505859375 -0.0813140869140625 -0.0720367431640625 0.0235519409179687
0.0582504272460938 -0.0774765014648438 -0.07562255859375 -0.00455474853515625
0.0730209350585938 -0.0586013793945313 -0.0658721923828125 0.00844573974609373
0.106414794921875 -0.0510025024414063 -0.0413475036621094 0.0268096923828125
0.130142211914063 -0.0163497924804688 -0.0227680206298828 -0.0324726104736328
0.111404418945313 -0.0091400146484375 0.0270023345947266 0.00776863098144531
0.110458374023438 -0.0562744140625 0.0630226135253906 -0.00403594970703125
0.068206787109375 -0.0713119506835938 0.0621185302734375 -0.0260848999023438
0.0352630615234375 -0.0908966064453125 0.0490798950195313 -0.0362129211425781
-0.0147323608398437 -0.0855636596679688 0.0163345336914063 -0.0345840454101563
-0.0508689880371094 -0.0640945434570313 -0.00195121765136719 -0.0148744583129883
-0.05792236328125 -0.0623054504394531 0.000955343246459957 0.00370311737060546
-0.0682563781738281 -0.0516700744628906 -0.001861572265625 0.0257682800292969
-0.0455970764160156 -0.0624618530273437 -0.0127677917480469 0.0449600219726562
-0.026275634765625 -0.0817337036132813 -0.0312767028808594 0.0470504760742188
-0.00411224365234375 -0.0890045166015625 -0.0602607727050781 0.0359725952148437
0.0645294189453125 -0.089508056640625 -0.0658493041992188 0.00167465209960937
0.0865707397460938 -0.0620803833007813 -0.0483741760253906 -0.00223922729492188
0.123161315917969 -0.0475006103515625 -0.00280761718749999 0.0188865661621094
0.126266479492188 -0.008270263671875 0.0204238891601563 -0.0361404418945313
0.117401123046875 -0.0035552978515625 0.0522079467773438 0.00152969360351562
0.117279052734375 -0.0558242797851563 0.0671653747558594 0.0021820068359375
0.0691680908203125 -0.0730667114257813 0.062255859375 -0.00893783569335938
0.0331192016601563 -0.0892181396484375 0.0512580871582031 -0.0105934143066406
-0.0152740478515625 -0.08172607421875 0.0310535430908203 -0.00483512878417969
-0.0467491149902344 -0.0588264465332031 0.0236854553222656 0.00552558898925781
-0.0544548034667969 -0.0562744140625 0.0245990753173828 0.0176200866699219
-0.0635910034179688 -0.0459976196289062 0.0233993530273437 0.0385932922363281
-0.0419273376464844 -0.0543632507324219 0.00944900512695313 0.0611724853515625
-0.0259933471679687 -0.0741424560546875 -0.0163230895996094 0.0589370727539062
-0.00444030761718749 -0.0839996337890625 -0.0467872619628906 0.042755126953125
0.0657119750976563 -0.086029052734375 -0.0526771545410156 0.00484085083007811
0.0902557373046875 -0.0536727905273438 -0.0270538330078125 -0.0128517150878906
0.12060546875 -0.0353164672851563 0.0376930236816406 0.00996780395507812
0.101936340332031 0.00217437744140625 0.0594596862792969 -0.0416450500488281
0.0998916625976563 0.00426483154296875 0.07421875 -0.0071868896484375
0.10101318359375 -0.0446319580078125 0.0673561096191406 0.00673294067382812
0.0548362731933594 -0.0600433349609375 0.0589561462402344 0.00673294067382812
0.0235977172851562 -0.0704574584960938 0.0511589050292969 0.0119400024414062
-0.0143013000488281 -0.0626411437988281 0.0452766418457031 0.0182647705078125
-0.0363349914550781 -0.0433006286621094 0.04632568359375 0.0202484130859375
-0.043212890625 -0.041839599609375 0.0438117980957031 0.028076171875
-0.04998779296875 -0.0351715087890625 0.0427207946777344 0.0495185852050781
-0.0323104858398437 -0.0410079956054688 0.0242156982421875 0.0731430053710938
-0.0203628540039063 -0.0584716796875 -0.00763702392578125 0.0667839050292969
-0.00325775146484375 -0.0695037841796875 -0.0346412658691406 0.0458717346191406
0.0606002807617188 -0.0709304809570313 -0.0383949279785156 0.00675582885742186
0.08294677734375 -0.0364990234375 -0.0066547393798828 -0.0189800262451172
0.102767944335937 -0.0178375244140625 0.0724945068359375 0.00823974609375
0.061065673828125 0.0117683410644531 0.0849761962890625 -0.0442581176757813
0.067169189453125 0.0108718872070313 0.0869293212890625 -0.014373779296875
0.0662460327148438 -0.0290336608886719 0.0662841796875 0.01007080078125
0.0287666320800781 -0.0375785827636719 0.0593338012695313 0.0161399841308594
0.00894546508789063 -0.038818359375 0.0517387390136719 0.0244026184082031
-0.0104351043701172 -0.0325527191162109 0.0556449890136719 0.030242919921875
-0.0196266174316406 -0.0203018188476562 0.0621833801269531 0.0272331237792969
-0.0258560180664063 -0.0207386016845703 0.0556373596191406 0.03387451171875
-0.0304431915283203 -0.0187950134277344 0.0552864074707031 0.0564727783203125
-0.0200157165527344 -0.0226478576660156 0.0322418212890625 0.0825958251953125
-0.0146255493164062 -0.0369071960449219 -0.00404357910156249 0.0729293823242188
-0.00329208374023437 -0.0475883483886719 -0.0282058715820313 0.0475997924804688
0.0468902587890625 -0.0493431091308594 -0.0287914276123047 0.00998878479003906
0.0638542175292969 -0.0173110961914063 0.0100212097167969 -0.0201396942138672
0.0691108703613281 -0.000537872314453125 0.0975494384765625 0.0101776123046875
-0.0183773040771484 -0.0116691589355469 -0.110610961914063 0.00328063964843748
-0.0295829772949219 0.0125350952148438 -0.0283622741699219 0.0227394104003906
-0.0153541564941406 0.0285987854003906 0.0297889709472656 -0.0131874084472656
0.00793075561523438 0.0259857177734375 0.03289794921875 -0.0532150268554688
0.0144672393798828 0.0110483169555664 0.013336181640625 -0.0801849365234375
0.00893878936767578 -0.000863075256347656 -0.0347213745117187 -0.0923843383789063
-0.00187301635742188 -0.00254058837890625 -0.0719070434570313 -0.0598526000976563
-0.00246596336364746 -0.00310325622558594 -0.0674819946289063 -0.0369071960449219
-0.00358033180236816 -0.00298666954040527 -0.069854736328125 -0.0244674682617188
-0.001007080078125 -0.00670433044433594 -0.0704498291015625 -0.0293045043945312
0.00162124633789063 -0.0016704797744751 -0.0647850036621094 -0.0202903747558594
-0.00677013397216797 0.00895309448242187 -0.0675849914550781 -0.0157432556152344
-0.0233001708984375 0.00153732299804687 -0.0752792358398437 -0.0162124633789063
-0.0278892517089844 -0.0167942047119141 -0.0918121337890625 0.0220870971679688
-0.0215473175048828 -0.0290374755859375 -0.103553771972656 0.0492324829101562
0.0283069610595703 -0.0223331451416016 -0.11114501953125 -0.00254058837890623
0.00768136978149414 0.000371456146240234 -0.0271930694580078 0.0201339721679688
0.0144987106323242 0.00252723693847656 0.0339031219482422 -0.0161418914794922
0.0217266082763672 -0.00106620788574219 0.037872314453125 -0.0545578002929688
0.0175991058349609 -0.0195198059082031 0.0208053588867188 -0.081207275390625
-0.00205612182617188 -0.0268917083740234 -0.0297012329101563 -0.0911712646484375
-0.0225181579589844 -0.0229988098144531 -0.0662841796875 -0.0570220947265625
-0.0245800018310547 -0.0258998870849609 -0.0616722106933594 -0.0320053100585937
-0.0282669067382813 -0.0242595672607422 -0.0650100708007813 -0.0153045654296875
-0.015594482421875 -0.0352134704589844 -0.0678253173828125 -0.0146827697753906
0.000102996826171876 -0.03790283203125 -0.0662689208984375 -0.00607681274414063
0.00643539428710938 -0.0278854370117188 -0.0752639770507813 -0.00594329833984376
0.0145378112792969 -0.0246810913085938 -0.07879638671875 -0.0142669677734375
0.0138912200927734 -0.0311527252197266 -0.0876922607421875 0.0236663818359375
0.0280647277832031 -0.0410118103027344 -0.0958175659179687 0.0456161499023438
0.073944091796875 -0.0275955200195313 -0.0947799682617188 -0.00921630859375002
0.050079345703125 -0.00945281982421875 -0.0158824920654297 0.01837158203125
0.0501785278320313 -0.0251007080078125 0.0434303283691406 -0.0160560607910156
0.038604736328125 -0.0314674377441406 0.0465660095214844 -0.0525741577148437
0.0214691162109375 -0.0513992309570313 0.0290451049804687 -0.0761337280273438
-0.0111160278320313 -0.0529212951660156 -0.0190505981445312 -0.08050537109375
-0.0398216247558594 -0.0414772033691406 -0.0515975952148438 -0.04754638671875
-0.0438613891601563 -0.043609619140625 -0.0458564758300781 -0.0222702026367188
-0.0513038635253906 -0.0391387939453125 -0.0502243041992188 -0.00219726562500001
-0.0331039428710937 -0.0535736083984375 -0.0551643371582031 0.00609970092773437
-0.011932373046875 -0.0655097961425781 -0.0599479675292969 0.0145645141601563
0.00597381591796876 -0.0618209838867187 -0.0783920288085938 0.0111312866210938
0.0413894653320313 -0.0562210083007813 -0.0813369750976563 -0.00865173339843751
0.0483207702636719 -0.0492591857910156 -0.0792236328125 0.0198516845703125
0.0721969604492188 -0.0513763427734375 -0.0747451782226563 0.03790283203125
0.110771179199219 -0.0284042358398438 -0.0653305053710938 -0.0203819274902344
0.0872421264648438 -0.0158615112304688 0.00277805328369141 0.0137758255004883
0.0832138061523438 -0.0492172241210938 0.0548095703125 -0.0121650695800781
0.054351806640625 -0.0582733154296875 0.0554962158203125 -0.0438919067382813
0.0273056030273438 -0.0780563354492187 0.0398483276367188 -0.0621490478515625
-0.0162887573242187 -0.0748214721679688 -0.00345230102539063 -0.0625686645507813
-0.0511894226074219 -0.0562248229980469 -0.0293750762939453 -0.0333442687988281
-0.0573539733886719 -0.0557365417480469 -0.0240993499755859 -0.00989151000976563
-0.0667495727539063 -0.0464591979980469 -0.0272998809814453 0.0129604339599609
-0.0456199645996094 -0.0616111755371094 -0.0348911285400391 0.0279598236083984
-0.0237350463867187 -0.0799713134765625 -0.0470848083496094 0.0342750549316406
-0.00182342529296876 -0.0823516845703125 -0.07183837890625 0.02783203125
0.054168701171875 -0.08209228515625 -0.0777130126953125 -0.000968933105468754
0.0712509155273438 -0.0635528564453125 -0.0661811828613281 0.011627197265625
0.104141235351563 -0.0584335327148438 -0.0411949157714844 0.0293807983398438
0.130851745605469 -0.0236129760742188 -0.0234394073486328 -0.0306167602539063
0.11248779296875 -0.0163421630859375 0.0282211303710938 0.00718879699707031
0.108322143554688 -0.0634536743164063 0.0635490417480469 -0.00634384155273438
0.0652389526367187 -0.0753097534179688 0.0615882873535156 -0.029083251953125
0.0306320190429687 -0.093597412109375 0.0478363037109375 -0.0388679504394531
-0.0193328857421875 -0.085662841796875 0.015106201171875 -0.0358009338378906
-0.0548324584960938 -0.0624427795410156 -0.00172233581542969 -0.0151700973510742
-0.0623092651367188 -0.0590476989746094 0.00123405456542968 0.00376272201538086
-0.0718154907226563 -0.0476226806640625 -0.00133514404296876 0.0262985229492187
-0.0498199462890625 -0.0606498718261719 -0.0106964111328125 0.045989990234375
-0.0314102172851562 -0.081298828125 -0.0301475524902344 0.0489349365234375
-0.00859832763671875 -0.0894927978515625 -0.0591011047363281 0.0400466918945312
0.0595245361328125 -0.094512939453125 -0.0678253173828125 0.00475692749023437
0.08428955078125 -0.0672683715820312 -0.0489730834960937 7.62939453125005E-05
0.121444702148438 -0.055419921875 -0.00228881835937499 0.0190792083740234
0.127494812011719 -0.0148849487304688 0.0198745727539063 -0.0371665954589844
0.118583679199219 -0.010528564453125 0.0534591674804688 -0.000453948974609376
0.115264892578125 -0.0632705688476563 0.0677757263183594 -2.28881835937539E-05
0.065765380859375 -0.077239990234375 0.0620384216308594 -0.0114555358886719
0.0282516479492188 -0.0921630859375 0.0513420104980469 -0.012939453125
-0.0197982788085938 -0.0817489624023437 0.0317535400390625 -0.00692939758300782
-0.05059814453125 -0.0568923950195313 0.0248336791992187 0.00386238098144531
-0.0582466125488281 -0.0532608032226563 0.0253772735595703 0.0165863037109375
-0.0666465759277344 -0.0423355102539063 0.0250625610351562 0.0372505187988281
-0.0452728271484375 -0.0529327392578125 0.0125083923339844 0.0602989196777344
-0.030059814453125 -0.0735549926757813 -0.0144157409667969 0.0606040954589844
-0.0089263916015625 -0.0843048095703125 -0.0454521179199219 0.0463180541992187
0.06060791015625 -0.0905609130859375 -0.0539283752441406 0.00687789916992187
0.088653564453125 -0.0590286254882813 -0.028656005859375 -0.0121879577636719
0.119956970214844 -0.0428848266601562 0.0372161865234375 0.0079803466796875
0.102325439453125 -0.00290679931640625 0.0589561462402344 -0.0447769165039062
0.100959777832031 -0.00107574462890625 0.0743865966796875 -0.011077880859375
0.0991287231445313 -0.0511398315429688 0.0679893493652344 0.00429534912109375
0.0522956848144531 -0.0631179809570313 0.0597953796386719 0.00397109985351562
0.0198516845703125 -0.072509765625 0.05230712890625 0.00987243652343749
-0.0175819396972656 -0.0627784729003906 0.0475730895996094 0.0163078308105469
-0.0386886596679688 -0.0422248840332031 0.0486221313476563 0.0177459716796875
-0.0462112426757812 -0.039642333984375 0.044952392578125 0.0260200500488281
-0.0521965026855469 -0.0322990417480469 0.0449790954589844 0.0468559265136719
-0.0346794128417969 -0.0401573181152344 0.0283355712890625 0.0717544555664063
-0.0236434936523438 -0.0579376220703125 -0.004241943359375 0.0678863525390625
-0.00649261474609375 -0.0691413879394531 -0.0336456298828125 0.04827880859375
0.0570831298828125 -0.0749359130859375 -0.0398368835449219 0.0083770751953125
0.0819854736328125 -0.0412521362304688 -0.00856781005859375 -0.0194969177246094
0.102249145507813 -0.0239639282226563 0.0722274780273438 0.00377655029296875
0.0621719360351562 0.00902557373046875 0.08447265625 -0.04840087890625
0.0680351257324219 0.0072021484375 0.0870437622070313 -0.0188369750976563
0.0645866394042969 -0.0328445434570313 0.0669708251953125 0.00735855102539062
0.027496337890625 -0.0390243530273437 0.0600967407226562 0.0133552551269531
0.00686264038085938 -0.0393524169921875 0.0535507202148437 0.0222969055175781
-0.0126991271972656 -0.0323410034179688 0.0591239929199219 0.0274543762207031
-0.0207405090332031 -0.0194816589355469 0.0645065307617188 0.0233383178710938
-0.0274448394775391 -0.0192699432373047 0.0573654174804688 0.0309333801269531
-0.0314693450927734 -0.0172138214111328 0.0581436157226562 0.0533828735351563
-0.021209716796875 -0.0225181579589844 0.037109375 0.0803070068359375
-0.0159530639648438 -0.0363044738769531 -0.00141143798828125 0.07421875
-0.00545883178710937 -0.0476570129394531 -0.0266227722167969 0.0499763488769531
0.0440940856933594 -0.0526046752929688 -0.0293369293212891 0.0109367370605469
0.0634727478027344 -0.0206642150878906 0.00787544250488282 -0.0213184356689453
0.0696983337402344 -0.00426483154296875 0.0977325439453125 0.00478363037109375
-0.0183982849121094 -0.0108585357666016 -0.108772277832031 0.00833129882812498
-0.0289745330810547 0.0129432678222656 -0.0267429351806641 0.0245208740234375
-0.0143203735351563 0.0283870697021484 0.0296306610107422 -0.0140190124511719
0.00845718383789062 0.0251197814941406 0.0315017700195312 -0.0542488098144531
0.0146808624267578 0.010101318359375 0.0111846923828125 -0.0810775756835937
0.00867366790771484 -0.00137901306152344 -0.0380020141601562 -0.0906448364257813
-0.00198602676391602 -0.00215554237365723 -0.0733642578125 -0.05609130859375
-0.00256776809692383 -0.00272130966186523 -0.0685157775878906 -0.033782958984375
-0.00407290458679199 -0.00264620780944824 -0.0705413818359375 -0.02130126953125
-0.00182819366455078 -0.0072169303894043 -0.0717239379882813 -0.026397705078125
0.00121021270751953 -0.00206255912780762 -0.065582275390625 -0.0184898376464844
-0.00626754760742188 0.00878190994262695 -0.0676002502441406 -0.0138092041015625
-0.0226993560791016 0.00166130065917969 -0.074859619140625 -0.0137939453125
-0.0275230407714844 -0.0167274475097656 -0.0900192260742188 0.0250320434570312
-0.022247314453125 -0.0280780792236328 -0.101936340332031 0.0529098510742188
0.0277309417724609 -0.0230674743652344 -0.108985900878906 0.00219726562499999
0.00791072845458984 -0.000194072723388672 -0.0256118774414062 0.0220108032226563
0.0144405364990234 0.00118541717529297 0.0337162017822266 -0.0170726776123047
0.0214138031005859 -0.00247573852539063 0.0358200073242188 -0.0556678771972656
0.0161685943603516 -0.0199947357177734 0.0181655883789062 -0.08197021484375
-0.00290870666503906 -0.0266513824462891 -0.0324554443359375 -0.089630126953125
-0.0234146118164063 -0.0214958190917969 -0.0674972534179688 -0.0536346435546875
-0.0260639190673828 -0.0239677429199219 -0.0621604919433594 -0.0284538269042969
-0.0293655395507813 -0.0227947235107422 -0.0659637451171875 -0.0121116638183594
-0.0173358917236328 -0.0348834991455078 -0.0692634582519531 -0.0118064880371094
-0.0020599365234375 -0.0378684997558594 -0.0665702819824219 -0.0046234130859375
0.00548171997070313 -0.0283069610595703 -0.0748519897460938 -0.003448486328125
0.0136451721191406 -0.0260143280029297 -0.0790786743164062 -0.0119094848632813
0.0130558013916016 -0.0322513580322266 -0.0861434936523438 0.0258712768554688
0.0266304016113281 -0.0419540405273438 -0.0937652587890625 0.0492019653320312
0.0730438232421875 -0.0299072265625 -0.0931549072265625 -0.00491333007812501
0.0497665405273438 -0.0118141174316406 -0.0142593383789062 0.0195522308349609
0.0483818054199219 -0.0273284912109375 0.042877197265625 -0.0170021057128906
0.0367889404296875 -0.0329208374023438 0.0443763732910156 -0.0533676147460938
0.0192718505859375 -0.0519180297851563 0.0269012451171875 -0.0766220092773438
-0.0129814147949219 -0.0526962280273438 -0.0216293334960938 -0.0795059204101563
-0.0414848327636719 -0.0397071838378906 -0.0522079467773438 -0.0447921752929688
-0.0457878112792969 -0.0414390563964844 -0.0466842651367187 -0.0196418762207031
-0.0522613525390625 -0.0366439819335938 -0.0500946044921875 0.000347137451171868
-0.0350112915039062 -0.0519676208496094 -0.0554847717285156 0.00842285156249999
-0.0144386291503906 -0.0650291442871094 -0.0600662231445312 0.0157203674316406
0.00350570678710938 -0.06170654296875 -0.0777511596679688 0.0139541625976562
0.038665771484375 -0.0584716796875 -0.0819549560546875 -0.00616455078125
0.0468864440917969 -0.0510635375976562 -0.0780410766601563 0.0220794677734375
0.0696754455566406 -0.0544509887695313 -0.0735092163085938 0.041015625
0.110061645507813 -0.0326461791992188 -0.0640373229980469 -0.0169486999511719
0.0864791870117187 -0.0195770263671875 0.00407886505126954 0.0144424438476562
0.0807952880859375 -0.0527191162109375 0.0544662475585938 -0.0130386352539063
0.0516319274902344 -0.0600013732910156 0.0537796020507813 -0.0450019836425781
0.0241317749023438 -0.078887939453125 0.0380020141601563 -0.0630264282226562
-0.0190887451171875 -0.0739517211914063 -0.0052032470703125 -0.062042236328125
-0.0531234741210938 -0.0541267395019531 -0.0297145843505859 -0.0317745208740234
-0.0597076416015625 -0.0527687072753906 -0.0243644714355469 -0.00834274291992188
-0.0678596496582031 -0.0434532165527344 -0.0272426605224609 0.0141105651855469
-0.0469436645507813 -0.0594253540039063 -0.0345134735107422 0.0291194915771484
-0.0271530151367188 -0.0781021118164063 -0.0464630126953125 0.0354270935058594
-0.00485992431640625 -0.0818710327148437 -0.07098388671875 0.0310516357421875
0.0502777099609375 -0.0844497680664063 -0.0784912109375 0.00164031982421875
0.0688705444335938 -0.065582275390625 -0.0658073425292969 0.0137100219726562
0.101829528808594 -0.0623550415039063 -0.040008544921875 0.0308036804199219
0.129447937011719 -0.0282135009765625 -0.0231761932373047 -0.0286464691162109
0.111495971679688 -0.0206756591796875 0.0287990570068359 0.00654792785644531
0.105567932128906 -0.0675125122070313 0.0629081726074219 -0.00738143920898438
0.0623550415039063 -0.0777053833007813 0.0600471496582031 -0.0302810668945313
0.0264129638671875 -0.0945816040039063 0.0463714599609375 -0.0400543212890625
-0.0223388671875 -0.0847854614257813 0.0147628784179687 -0.0362091064453125
-0.0571136474609375 -0.0601615905761719 -0.00156021118164063 -0.014857292175293
-0.0648345947265625 -0.0559921264648438 0.000825166702270504 0.00398635864257812
-0.0735855102539063 -0.0439071655273437 -0.000583648681640631 0.0261745452880859
-0.0516510009765625 -0.0584526062011719 -0.00928878784179688 0.0454330444335937
-0.034271240234375 -0.0795822143554688 -0.028717041015625 0.0496711730957031
-0.0113372802734375 -0.0890121459960938 -0.058135986328125 0.0426139831542969
0.0551986694335938 -0.0965499877929688 -0.0684700012207031 0.00685501098632811
0.082122802734375 -0.0701980590820313 -0.0497550964355469 0.001434326171875
0.118400573730469 -0.0599212646484375 -0.00258827209472655 0.0188236236572266
0.126365661621094 -0.0197525024414063 0.0196151733398438 -0.0370864868164063
0.117469787597656 -0.0152359008789062 0.0535316467285156 -0.0019073486328125
0.111808776855469 -0.0679244995117188 0.0672569274902344 -0.00172042846679688
0.0628890991210938 -0.0790786743164062 0.0607414245605469 -0.0129318237304688
0.0246124267578125 -0.09295654296875 0.0508499145507813 -0.0140266418457031
-0.0228652954101563 -0.0810470581054687 0.0323448181152344 -0.00772094726562501
-0.0520439147949219 -0.0552330017089844 0.0258140563964844 0.00230026245117187
-0.0601043701171875 -0.0502204895019531 0.0255661010742187 0.0157489776611328
-0.06787109375 -0.038970947265625 0.0256309509277344 0.0365104675292969
-0.04681396484375 -0.051239013671875 0.0147323608398437 0.058868408203125
-0.032806396484375 -0.0716552734375 -0.0125999450683594 0.0608177185058594
-0.0116424560546875 -0.083282470703125 -0.0439872741699219 0.0482025146484375
0.05712890625 -0.0928497314453125 -0.0547103881835937 0.00840759277343749
0.0860443115234375 -0.0618743896484375 -0.0295124053955078 -0.0111846923828125
0.117118835449219 -0.0475006103515625 0.0368080139160156 0.00606155395507812
0.101966857910156 -0.00629425048828125 0.0583305358886719 -0.0468101501464844
0.100418090820313 -0.00525665283203125 0.0743179321289063 -0.0129776000976563
0.0965347290039062 -0.054412841796875 0.0675697326660156 0.00278854370117187
0.0498504638671875 -0.0642242431640625 0.0596885681152344 0.00245285034179687
0.0169525146484375 -0.0728988647460938 0.0525283813476563 0.00902557373046874
-0.0199432373046875 -0.0616874694824219 0.0487174987792969 0.0147247314453125
-0.0403060913085937 -0.0408554077148438 0.0496559143066406 0.0150871276855469
-0.0477790832519531 -0.0367851257324219 0.0449447631835938 0.0239906311035156
-0.0533523559570312 -0.0295219421386719 0.0458259582519531 0.0449638366699219
-0.0356597900390625 -0.0394363403320313 0.0303955078125 0.0694351196289063
-0.0256080627441406 -0.0563735961914063 -0.00264358520507813 0.0679092407226563
-0.00843048095703125 -0.0686378479003906 -0.0320091247558594 0.0501060485839844
0.0538253784179687 -0.0765151977539063 -0.0402488708496094 0.00964355468749999
0.0799407958984375 -0.04400634765625 -0.0104103088378906 -0.0191364288330078
0.100410461425781 -0.0273666381835938 0.0704116821289063 0.0015869140625
0.0619659423828125 0.0071868896484375 0.0830078125 -0.0513381958007813
0.0675888061523438 0.00492095947265625 0.0860443115234375 -0.0218048095703125
0.0626869201660156 -0.0347366333007813 0.0670204162597656 0.00542449951171875
0.0265007019042969 -0.0392265319824219 0.0600242614746094 0.0120201110839844
0.00533676147460937 -0.039520263671875 0.054046630859375 0.0208091735839844
-0.0136737823486328 -0.0315761566162109 0.0606880187988281 0.0255622863769531
-0.0212364196777344 -0.0194473266601563 0.06573486328125 0.0202980041503906
-0.0280055999755859 -0.0177478790283203 0.057830810546875 0.0283355712890625
-0.0318622589111328 -0.0153236389160156 0.0594367980957031 0.050628662109375
-0.0215587615966797 -0.0221195220947266 0.0394821166992188 0.0774993896484375
-0.0172004699707031 -0.0359306335449219 0.000694274902343741 0.0742340087890625
-0.0065155029296875 -0.0468063354492188 -0.02490234375 0.050506591796875
0.0422515869140625 -0.0533409118652344 -0.029754638671875 0.0115394592285156
0.0624275207519531 -0.0226707458496094 0.00636482238769531 -0.0215396881103516
0.0689506530761719 -0.00634384155273438 0.0961227416992188 0.00124359130859375
-0.0177326202392578 -0.0103168487548828 -0.107406616210938 0.0103073120117187
-0.0285606384277344 0.0132102966308594 -0.0259494781494141 0.0255069732666016
-0.0138912200927734 0.0284271240234375 0.0299301147460938 -0.0144309997558594
0.00873184204101563 0.0243854522705078 0.0311508178710938 -0.0544013977050781
0.0147171020507812 0.0101804733276367 0.0100555419921875 -0.0814590454101563
0.00821352005004883 -0.000971317291259766 -0.03961181640625 -0.0906143188476563
-0.00254344940185547 -0.00184774398803711 -0.0736846923828125 -0.0540771484375
-0.00269961357116699 -0.00240540504455566 -0.0686836242675781 -0.0316658020019531
-0.00415635108947754 -0.00263524055480957 -0.0707015991210938 -0.0196304321289063
-0.00267934799194336 -0.00695610046386719 -0.0731353759765625 -0.0250625610351562
0.000713229179382324 -0.00194549560546875 -0.066375732421875 -0.0183563232421875
-0.00665283203125 0.00873327255249024 -0.0676841735839844 -0.0129661560058594
-0.0221538543701172 0.00133705139160156 -0.0748977661132812 -0.013092041015625
-0.0275230407714844 -0.0166530609130859 -0.0896682739257813 0.0259323120117188
-0.0224704742431641 -0.0271453857421875 -0.101058959960937 0.0548782348632813
0.0277805328369141 -0.024505615234375 -0.107749938964844 0.00451660156249998
0.00790834426879883 -0.00119876861572266 -0.0245075225830078 0.0227394104003906
0.0139894485473633 0.00110244750976563 0.0340442657470703 -0.0174369812011719
0.0212039947509766 -0.00300407409667969 0.0354652404785156 -0.0557785034179688
0.0157966613769531 -0.0203685760498047 0.0172042846679687 -0.0830001831054688
-0.00391960144042969 -0.0263767242431641 -0.0337448120117188 -0.089385986328125
-0.0241603851318359 -0.0205554962158203 -0.0679130554199219 -0.0513877868652344
-0.0269908905029297 -0.0234489440917969 -0.0625038146972656 -0.0268974304199219
-0.0300979614257813 -0.021942138671875 -0.0659141540527344 -0.0104866027832031
-0.0183086395263672 -0.0341434478759766 -0.0701217651367187 -0.0101470947265625
-0.00304412841796875 -0.0383186340332031 -0.0672187805175781 -0.00390625
0.00497627258300781 -0.0284881591796875 -0.0751724243164063 -0.00228118896484374
0.0134696960449219 -0.0274982452392578 -0.079864501953125 -0.0108184814453125
0.0127124786376953 -0.0324745178222656 -0.0852508544921875 0.0271530151367187
0.0261459350585938 -0.042449951171875 -0.0935745239257813 0.0507583618164062
0.0730056762695313 -0.0318222045898438 -0.0915451049804688 -0.00310516357421877
0.0495071411132813 -0.013336181640625 -0.01318359375 0.0201644897460937
0.048004150390625 -0.0288162231445313 0.0430831909179688 -0.017181396484375
0.0366020202636719 -0.0338363647460938 0.0436058044433594 -0.0538063049316406
0.0182609558105469 -0.0523529052734375 0.026092529296875 -0.0773544311523438
-0.0140724182128906 -0.0522232055664062 -0.022735595703125 -0.0790023803710937
-0.0425910949707031 -0.038665771484375 -0.0522117614746094 -0.0432205200195313
-0.047393798828125 -0.040374755859375 -0.04656982421875 -0.0179786682128906
-0.0536346435546875 -0.0348472595214844 -0.0504913330078125 0.0018768310546875
-0.0363235473632813 -0.05169677734375 -0.0563201904296875 0.00937271118164062
-0.016265869140625 -0.0649986267089844 -0.0604591369628906 0.0166854858398438
0.00246429443359375 -0.0619583129882813 -0.0772171020507813 0.0153884887695313
0.0372467041015625 -0.0600090026855469 -0.0822830200195313 -0.00476837158203125
0.0465431213378906 -0.0521469116210938 -0.0770339965820313 0.0230865478515625
0.0691566467285156 -0.0557594299316406 -0.0730209350585938 0.0422821044921875
0.110054016113281 -0.0351638793945313 -0.0628166198730469 -0.0155258178710937
0.0865325927734375 -0.0217514038085938 0.00548171997070313 0.015202522277832
0.0794296264648438 -0.05511474609375 0.0538291931152344 -0.0135879516601563
0.0507469177246094 -0.0611495971679688 0.053192138671875 -0.0453834533691406
0.0219879150390625 -0.0795059204101563 0.0370712280273438 -0.0637092590332031
-0.0204086303710938 -0.07391357421875 -0.00596237182617188 -0.0617294311523438
-0.0542449951171875 -0.0530586242675781 -0.0295505523681641 -0.0314750671386719
-0.0615577697753906 -0.0513420104980469 -0.0241508483886719 -0.00741958618164063
-0.0690727233886719 -0.041534423828125 -0.0270500183105469 0.0153980255126953
-0.0481948852539063 -0.0585861206054687 -0.0346450805664062 0.0293407440185547
-0.0287322998046875 -0.0779647827148438 -0.04705810546875 0.0360450744628906
-0.00637817382812501 -0.0817947387695313 -0.0706558227539062 0.03289794921875
0.0482254028320313 -0.0858535766601563 -0.079254150390625 0.00254821777343749
0.0681228637695313 -0.067138671875 -0.0652999877929688 0.0146560668945312
0.100456237792969 -0.0643539428710938 -0.0401573181152344 0.0314788818359375
0.129539489746094 -0.03106689453125 -0.0214500427246094 -0.0280055999755859
0.111640930175781 -0.0232086181640625 0.0298690795898438 0.00728225708007812
0.103790283203125 -0.0706100463867188 0.0625534057617188 -0.00750350952148438
0.06097412109375 -0.0786209106445313 0.0593299865722656 -0.0305252075195313
0.0244598388671875 -0.095184326171875 0.0464057922363281 -0.0403594970703125
-0.0243682861328125 -0.0847320556640625 0.0147895812988281 -0.0360298156738281
-0.0587387084960937 -0.0591621398925781 -0.00144481658935547 -0.0151748657226563
-0.0662269592285156 -0.0540771484375 0.00108289718627929 0.00395560264587402
-0.074554443359375 -0.0420455932617188 -0.000646591186523443 0.0267124176025391
-0.0523719787597656 -0.0578193664550781 -0.00919342041015626 0.0452690124511719
-0.0361175537109375 -0.0793380737304688 -0.0290565490722656 0.0501823425292969
-0.0132598876953125 -0.0889968872070313 -0.0570449829101562 0.0439186096191406
0.0533447265625 -0.09832763671875 -0.0694198608398438 0.00796508789062501
0.08087158203125 -0.0715103149414063 -0.0498504638671875 0.00195693969726563
0.116950988769531 -0.0621490478515625 -0.0029315948486328 0.0191078186035156
0.126663208007813 -0.0216827392578125 0.0210609436035156 -0.036895751953125
0.117362976074219 -0.0174407958984375 0.0538139343261719 -0.00211334228515625
0.110305786132812 -0.070587158203125 0.0671844482421875 -0.00175094604492188
0.0618362426757813 -0.0798568725585938 0.0608978271484375 -0.0126724243164063
0.0229949951171875 -0.0935287475585938 0.0511512756347656 -0.0149612426757813
-0.024383544921875 -0.0806655883789063 0.0335273742675781 -0.00813293457031251
-0.0537261962890625 -0.0541763305664063 0.0263328552246094 0.00168800354003906
-0.0616455078125 -0.0482978820800781 0.0257205963134766 0.0147438049316406
-0.0684356689453125 -0.0371437072753906 0.026092529296875 0.0362472534179688
-0.0474052429199219 -0.0507888793945313 0.0146636962890625 0.0582199096679688
-0.0342864990234375 -0.0712356567382813 -0.0123672485351563 0.0613822937011719
-0.012908935546875 -0.0829315185546875 -0.0433425903320313 0.0493812561035156
0.0547409057617187 -0.093658447265625 -0.0557670593261719 0.00922775268554688
0.0852432250976562 -0.0629196166992187 -0.0304775238037109 -0.010955810546875
0.116157531738281 -0.0496978759765625 0.0355949401855469 0.00568389892578125
0.102119445800781 -0.007904052734375 0.0587806701660156 -0.046844482421875
0.100273132324219 -0.00672149658203125 0.0739593505859375 -0.0137557983398438
0.0948486328125 -0.0562286376953125 0.0674057006835937 0.00258636474609375
0.0492210388183594 -0.0647087097167969 0.0592231750488281 0.00252151489257812
0.0150909423828125 -0.073089599609375 0.0529518127441406 0.00856781005859375
-0.0212821960449219 -0.0617179870605469 0.0505447387695313 0.0140876770019531
-0.0408363342285156 -0.0399055480957031 0.050201416015625 0.0135688781738281
-0.0483589172363281 -0.035858154296875 0.0454788208007813 0.022705078125
-0.0535888671875 -0.0277137756347656 0.0460433959960938 0.043701171875
-0.0357933044433594 -0.038848876953125 0.0313873291015625 0.0682830810546875
-0.0261573791503906 -0.0564651489257813 -0.002227783203125 0.0681228637695312
-0.00981521606445313 -0.0680198669433594 -0.0312614440917969 0.05096435546875
0.0522003173828125 -0.0769119262695313 -0.0412788391113281 0.0101509094238281
0.0793304443359375 -0.0446243286132813 -0.0116062164306641 -0.0194149017333984
0.0995941162109375 -0.0290756225585937 0.0696220397949219 0.000171661376953123
0.0621871948242188 0.00634002685546875 0.083831787109375 -0.0528030395507813
0.0670127868652344 0.00341796875 0.085784912109375 -0.0228729248046875
0.061614990234375 -0.0357284545898438 0.0668830871582031 0.00532913208007812
0.02593994140625 -0.0393218994140625 0.0599212646484375 0.0117568969726562
0.00437164306640625 -0.0396385192871094 0.0547714233398438 0.0208053588867187
-0.0143661499023438 -0.0314750671386719 0.0620269775390625 0.0248222351074219
-0.0212478637695313 -0.0189208984375 0.0665435791015625 0.0183639526367188
-0.0278282165527344 -0.0168952941894531 0.0582504272460938 0.0268325805664063
-0.0317878723144531 -0.0145549774169922 0.0601997375488281 0.0491600036621094
-0.0215873718261719 -0.0221309661865234 0.0403289794921875 0.0759429931640625
-0.0171279907226563 -0.0359153747558594 0.00215148925781249 0.0744247436523438
-0.00659561157226562 -0.0465087890625 -0.0242996215820313 0.0515098571777344
0.0408439636230469 -0.0533981323242187 -0.0300407409667969 0.0116615295410156
0.0620651245117188 -0.0236434936523438 0.00445938110351563 -0.0217380523681641
0.0683059692382813 -0.00751876831054688 0.094573974609375 -9.15527343750005E-05
-0.0180416107177734 -0.0105476379394531 -0.107872009277344 0.0114974975585937
-0.028900146484375 0.013763427734375 -0.0253257751464844 0.0267143249511719
-0.0138740539550781 0.028900146484375 0.0308971405029297 -0.0144309997558594
0.00862503051757812 0.0240802764892578 0.0314216613769531 -0.0555191040039062
0.0147266387939453 0.0101985931396484 0.00962066650390626 -0.0832901000976563
0.00807476043701172 -0.00120639801025391 -0.0411911010742188 -0.09161376953125
-0.00232887268066406 -0.00156641006469727 -0.0747451782226562 -0.0528335571289063
-0.00295376777648926 -0.00218510627746582 -0.0695686340332031 -0.0305633544921875
-0.00482273101806641 -0.00239086151123047 -0.0724868774414063 -0.0190505981445312
-0.00343990325927734 -0.00695371627807617 -0.0752639770507813 -0.024688720703125
0.000335574150085449 -0.00210130214691162 -0.06842041015625 -0.017913818359375
-0.00649595260620117 0.00845718383789063 -0.0691261291503906 -0.01263427734375
-0.0222263336181641 0.000648498535156245 -0.0755081176757812 -0.0131683349609375
-0.0280246734619141 -0.0172367095947266 -0.0904541015625 0.0270462036132812
-0.0227642059326172 -0.0272407531738281 -0.103012084960938 0.0567398071289062
0.0287704467773437 -0.0248012542724609 -0.107978820800781 0.00580596923828126
0.00845432281494141 -0.00168943405151367 -0.0243740081787109 0.0237464904785156
0.0143814086914063 0.000173568725585938 0.0345382690429688 -0.0175228118896484
0.0212535858154297 -0.00367927551269531 0.0357475280761719 -0.0563087463378906
0.0157966613769531 -0.0208835601806641 0.0170440673828125 -0.0845184326171875
-0.00414276123046875 -0.0266761779785156 -0.0352630615234375 -0.090301513671875
-0.0247097015380859 -0.0200634002685547 -0.0690841674804688 -0.0509223937988281
-0.0277900695800781 -0.02301025390625 -0.0630416870117188 -0.0257911682128906
-0.0312881469726563 -0.02154541015625 -0.0671653747558594 -0.00927352905273439
-0.0192680358886719 -0.0345478057861328 -0.0720977783203125 -0.00965881347656249
-0.00381088256835937 -0.0388946533203125 -0.0693359375 -0.00345230102539062
0.00483131408691407 -0.0295333862304688 -0.0766754150390625 -0.00145721435546874
0.0136260986328125 -0.0286197662353516 -0.08056640625 -0.0106277465820313
0.0131130218505859 -0.0337409973144531 -0.0860595703125 0.02838134765625
0.026214599609375 -0.0430984497070313 -0.0944061279296875 0.0528793334960937
0.0743331909179688 -0.03350830078125 -0.0915603637695313 -0.00191497802734376
0.0504646301269531 -0.0144805908203125 -0.0121994018554687 0.0211677551269531
0.0480308532714844 -0.0304603576660156 0.043914794921875 -0.0175743103027344
0.0364418029785156 -0.0349540710449219 0.0446891784667969 -0.0545463562011719
0.0178909301757813 -0.0535774230957031 0.0262985229492187 -0.07916259765625
-0.0147438049316406 -0.0529403686523438 -0.0240859985351562 -0.0799789428710938
-0.044403076171875 -0.0387992858886719 -0.0532493591308594 -0.0431289672851563
-0.0492134094238281 -0.0395278930664063 -0.047027587890625 -0.01715087890625
-0.0550689697265625 -0.0347137451171875 -0.0513267517089844 0.00317001342773438
-0.0372695922851563 -0.0519676208496094 -0.0577316284179688 0.0100212097167969
-0.0178070068359375 -0.0661163330078125 -0.0620193481445313 0.0172843933105469
0.00176620483398438 -0.0631866455078125 -0.0788192749023438 0.0165939331054687
0.0372505187988281 -0.062255859375 -0.0841903686523438 -0.00389099121093751
0.0468025207519531 -0.053619384765625 -0.0780715942382813 0.0241165161132813
0.0699386596679688 -0.0578536987304688 -0.073822021484375 0.04351806640625
0.111839294433594 -0.0371856689453125 -0.0622634887695313 -0.01446533203125
0.0879669189453125 -0.0236129760742187 0.00616645812988282 0.0162811279296875
0.0797576904296875 -0.0578155517578125 0.0553703308105469 -0.0135536193847656
0.0507011413574219 -0.0624809265136719 0.0540084838867187 -0.0457954406738281
0.021331787109375 -0.0809478759765625 0.0376815795898437 -0.0648918151855469
-0.0215988159179687 -0.0749588012695313 -0.00542831420898438 -0.0624198913574219
-0.0561943054199219 -0.0529327392578125 -0.0298824310302734 -0.0310726165771484
-0.0630836486816406 -0.0504264831542969 -0.0243320465087891 -0.00671005249023438
-0.0711135864257813 -0.0408554077148438 -0.0274295806884766 0.016387939453125
-0.0496101379394531 -0.0593528747558594 -0.0355720520019531 0.0298843383789062
-0.0307540893554688 -0.0789718627929688 -0.0477752685546875 0.0372657775878906
-0.00737762451171875 -0.0836334228515625 -0.071380615234375 0.0339279174804688
0.0477142333984375 -0.0884628295898438 -0.0809097290039063 0.00358581542968751
0.0687026977539063 -0.068878173828125 -0.0665016174316406 0.0154037475585938
0.101188659667969 -0.0670623779296875 -0.0408058166503906 0.032867431640625
0.131675720214844 -0.0333175659179688 -0.0207099914550781 -0.0277633666992188
0.113143920898437 -0.0256576538085937 0.0309238433837891 0.00766754150390625
0.104354858398438 -0.073822021484375 0.0638046264648438 -0.0072784423828125
0.061737060546875 -0.0806350708007813 0.0598526000976563 -0.0304756164550781
0.02337646484375 -0.0973892211914063 0.0473213195800781 -0.0415458679199219
-0.0253524780273437 -0.0860519409179688 0.0157470703125 -0.0366706848144531
-0.0606575012207031 -0.0593719482421875 -0.00127315521240235 -0.0151691436767578
-0.0681648254394531 -0.0532722473144531 0.00120401382446289 0.00434303283691406
-0.07611083984375 -0.0409011840820313 -0.000394821166992194 0.0276679992675781
-0.0538787841796875 -0.0584602355957031 -0.0094757080078125 0.0458564758300781
-0.0381851196289062 -0.0798721313476563 -0.0296821594238281 0.0515708923339844
-0.0141754150390625 -0.0898056030273438 -0.058135986328125 0.0458412170410156
0.0529251098632813 -0.100578308105469 -0.0713653564453125 0.00891876220703125
0.0815582275390625 -0.0737838745117188 -0.0512771606445312 0.00226974487304687
0.118049621582031 -0.064697265625 -0.00332450866699218 0.0190830230712891
0.128692626953125 -0.0238800048828125 0.0219268798828125 -0.0375328063964844
0.118827819824219 -0.0193634033203125 0.0553512573242188 -0.00213241577148438
0.11065673828125 -0.0732498168945313 0.0682563781738281 -0.00136947631835938
0.0628662109375 -0.0817794799804688 0.0615882873535156 -0.0126266479492188
0.021453857421875 -0.0952072143554688 0.0523796081542969 -0.0152244567871094
-0.0257568359375 -0.0819091796875 0.0348892211914063 -0.00866317749023438
-0.0554580688476563 -0.0548095703125 0.0273399353027344 0.000474929809570309
-0.0633583068847656 -0.0477981567382813 0.0266246795654297 0.0151462554931641
-0.06988525390625 -0.0360450744628906 0.0264434814453125 0.0364723205566406
-0.0487060546875 -0.0516204833984375 0.0151863098144531 0.05865478515625
-0.035430908203125 -0.0722808837890625 -0.0125846862792969 0.0626220703125
-0.013946533203125 -0.0841140747070313 -0.0434837341308594 0.0512809753417969
0.0543289184570313 -0.0959625244140625 -0.0575523376464844 0.00988006591796876
0.0863723754882813 -0.065093994140625 -0.0319728851318359 -0.0107250213623047
0.117317199707031 -0.051727294921875 0.0357513427734375 0.00555419921875
0.104240417480469 -0.00896453857421875 0.0606346130371094 -0.0481033325195313
0.101249694824219 -0.00830078125 0.075439453125 -0.0140151977539062
0.0950851440429688 -0.0583724975585938 0.0687103271484375 0.00294876098632812
0.0496368408203125 -0.0661544799804688 0.0599594116210937 0.00349807739257812
0.0148468017578125 -0.0741348266601563 0.0545082092285156 0.00864791870117187
-0.0223274230957031 -0.0619735717773438 0.052459716796875 0.0138740539550781
-0.0424118041992187 -0.0403594970703125 0.0518989562988281 0.0124435424804687
-0.0495643615722656 -0.0348587036132813 0.0461540222167969 0.0228729248046875
-0.0543060302734375 -0.027435302734375 0.0473403930664063 0.0444526672363281
-0.0365104675292969 -0.0397071838378906 0.0321044921875 0.0681953430175781
-0.0269699096679688 -0.0573081970214844 -0.00175857543945312 0.0698013305664063
-0.009796142578125 -0.0688629150390625 -0.0319442749023437 0.0525703430175781
0.0520477294921875 -0.0789413452148438 -0.0426597595214844 0.0107078552246094
0.0806427001953125 -0.0460433959960938 -0.012939453125 -0.0194034576416016
0.1007080078125 -0.0305862426757813 0.0692787170410156 -5.72204589843769E-05
0.0635147094726563 0.00611495971679688 0.0854034423828125 -0.0540847778320313
0.0678863525390625 0.00300216674804688 0.0867843627929688 -0.0236282348632813
0.0618095397949219 -0.0369071960449219 0.0682449340820313 0.00553131103515625
0.0265159606933594 -0.0397987365722656 0.0610885620117188 0.0123519897460937
0.00379180908203125 -0.0402870178222656 0.0564193725585938 0.0211639404296875
-0.0151996612548828 -0.0316524505615234 0.064544677734375 0.0245285034179688
-0.0219554901123047 -0.0194129943847656 0.0681838989257813 0.0173683166503906
-0.0281791687011719 -0.0168685913085937 0.0588226318359375 0.0267906188964844
-0.0322856903076172 -0.0140762329101563 0.0608329772949219 0.0490341186523438
-0.0220832824707031 -0.0229110717773438 0.0414352416992187 0.07635498046875
-0.0172271728515625 -0.0361900329589844 0.00228118896484374 0.0760955810546875
-0.0064544677734375 -0.0470046997070312 -0.0245475769042969 0.0528831481933594
0.0413856506347656 -0.0543632507324219 -0.0315513610839844 0.0122165679931641
0.0630149841308594 -0.0249519348144531 0.00359344482421876 -0.0221843719482422
0.06927490234375 -0.00813674926757813 0.0953292846679688 -0.000709533691406251
-0.0185184478759766 -0.0108356475830078 -0.109527587890625 0.0147705078125
-0.0294914245605469 0.0146026611328125 -0.0251636505126953 0.0284976959228516
-0.0136165618896484 0.0297088623046875 0.0320549011230469 -0.0153694152832031
0.0089263916015625 0.0240745544433594 0.03204345703125 -0.0579109191894531
0.0155172348022461 0.00991916656494141 0.00814819335937501 -0.08697509765625
0.00806522369384766 -0.000741481781005859 -0.0451812744140625 -0.09344482421875
-0.00252771377563477 -0.00102496147155762 -0.077728271484375 -0.052093505859375
-0.00336432456970215 -0.00220823287963867 -0.0716934204101563 -0.02935791015625
-0.00519084930419922 -0.00190210342407227 -0.075286865234375 -0.0176162719726563
-0.0040273666381836 -0.00690507888793945 -0.0789260864257813 -0.0232315063476562
-0.000200748443603515 -0.00204849243164063 -0.0712356567382812 -0.0174102783203125
-0.00662088394165039 0.00842857360839844 -0.0713729858398438 -0.01190185546875
-0.0229930877685547 0.000396728515625004 -0.0782318115234375 -0.0127410888671875
-0.0291404724121094 -0.0174331665039063 -0.092071533203125 0.0295257568359375
-0.0237617492675781 -0.0274162292480469 -0.10540771484375 0.0607376098632813
0.0294475555419922 -0.0266132354736328 -0.109779357910156 0.00838470458984374
0.00869226455688477 -0.00240898132324219 -0.0234718322753906 0.0254306793212891
0.0145511627197266 -0.000776290893554687 0.0355072021484375 -0.0184898376464844
0.0214443206787109 -0.00466537475585938 0.0368881225585938 -0.0582656860351563
0.0156650543212891 -0.0218830108642578 0.0164337158203125 -0.0880889892578125
-0.00506973266601562 -0.0274734497070313 -0.038299560546875 -0.092498779296875
-0.0263652801513672 -0.0202522277832031 -0.071502685546875 -0.0505218505859375
-0.0295276641845703 -0.0227527618408203 -0.0648231506347656 -0.0243415832519531
-0.03277587890625 -0.0214099884033203 -0.0695228576660156 -0.00770950317382813
-0.0208396911621094 -0.0351200103759766 -0.075531005859375 -0.00802612304687502
-0.00565338134765625 -0.0396766662597656 -0.0722503662109375 -0.00196838378906249
0.00405120849609375 -0.0310039520263672 -0.078826904296875 -0.000473022460937486
0.0131435394287109 -0.0306587219238281 -0.083343505859375 -0.00952911376953124
0.0128517150878906 -0.0355033874511719 -0.0879974365234375 0.0310287475585937
0.02667236328125 -0.0452957153320313 -0.0969009399414063 0.056427001953125
0.0763626098632813 -0.03668212890625 -0.0927963256835938 0.000259399414062481
0.0517692565917969 -0.0167884826660156 -0.0116462707519531 0.0226383209228516
0.0482521057128906 -0.0333938598632813 0.0452041625976563 -0.0181465148925781
0.0364570617675781 -0.0371742248535156 0.0451126098632813 -0.0564155578613281
0.0169029235839844 -0.0556182861328125 0.0256423950195313 -0.0830230712890625
-0.0165863037109375 -0.0547027587890625 -0.0259323120117188 -0.082000732421875
-0.0465507507324219 -0.0386390686035156 -0.0553550720214844 -0.0430107116699219
-0.0521316528320312 -0.0388450622558594 -0.0480766296386719 -0.01629638671875
-0.0577278137207031 -0.033660888671875 -0.0525665283203125 0.00480651855468749
-0.0399017333984375 -0.0528411865234375 -0.05987548828125 0.0126228332519531
-0.0203361511230469 -0.0673255920410156 -0.0644607543945313 0.0197257995605469
0.000453948974609372 -0.0655364990234375 -0.0807723999023438 0.0187225341796875
0.0363426208496094 -0.0657882690429688 -0.0876846313476563 -0.00276947021484375
0.0475425720214844 -0.0564651489257813 -0.0793533325195313 0.026214599609375
0.0712966918945313 -0.0614013671875 -0.0755538940429688 0.0465011596679688
0.114891052246094 -0.0414886474609375 -0.0629119873046875 -0.0136604309082031
0.0903701782226563 -0.0269317626953125 0.00737094879150391 0.0167837142944336
0.080322265625 -0.0621490478515625 0.0570106506347656 -0.0144386291503906
0.051422119140625 -0.0658531188964844 0.0548057556152344 -0.0474395751953125
0.0196762084960938 -0.0841217041015625 0.0381202697753906 -0.0684127807617188
-0.0241165161132812 -0.077392578125 -0.00672149658203125 -0.0643386840820313
-0.0600166320800781 -0.0530662536621094 -0.0310344696044922 -0.0313529968261719
-0.0671272277832031 -0.0500946044921875 -0.0247707366943359 -0.00590896606445313
-0.0741043090820313 -0.0395126342773437 -0.0276317596435547 0.0177211761474609
-0.0530014038085937 -0.0602760314941406 -0.0366325378417969 0.0320892333984375
-0.0341110229492188 -0.0803909301757813 -0.0495376586914063 0.0391883850097656
-0.00942993164062501 -0.0861282348632813 -0.0729904174804687 0.0368118286132812
0.0468215942382812 -0.0922012329101563 -0.0846710205078125 0.00527191162109376
0.069488525390625 -0.0725631713867188 -0.0683670043945312 0.0167999267578125
0.10296630859375 -0.0715560913085938 -0.0421981811523437 0.0344581604003906
0.135147094726563 -0.0376968383789062 -0.0202198028564453 -0.0281124114990234
0.115913391113281 -0.0292205810546875 0.0330810546875 0.00764656066894531
0.105072021484375 -0.0786666870117187 0.0660781860351563 -0.00765228271484376
0.0619659423828125 -0.0845489501953125 0.0612907409667969 -0.0313453674316406
0.0215835571289063 -0.100639343261719 0.0482368469238281 -0.0437202453613281
-0.0279693603515625 -0.08856201171875 0.016448974609375 -0.0380821228027344
-0.0643386840820313 -0.059600830078125 -0.00115299224853516 -0.0161809921264648
-0.0720062255859375 -0.05291748046875 0.00185012817382812 0.00481462478637695
-0.0793914794921875 -0.0398788452148437 0.00031852722167968 0.0289936065673828
-0.0566558837890625 -0.05914306640625 -0.00987243652343751 0.0473709106445312
-0.041290283203125 -0.0812835693359375 -0.0299034118652344 0.0540504455566406
-0.0165481567382813 -0.0926666259765625 -0.0586624145507813 0.0491218566894531
0.0515670776367188 -0.104705810546875 -0.0747909545898438 0.0106582641601562
0.0829925537109375 -0.0779953002929688 -0.0529975891113281 0.00320053100585936
0.120216369628906 -0.0696029663085938 -0.00419235229492187 0.0198974609375
0.132186889648438 -0.027801513671875 0.0239143371582031 -0.0388870239257813
0.121688842773437 -0.0231475830078125 0.0576515197753906 -0.00284576416015625
0.1114501953125 -0.0780105590820313 0.0705032348632813 -0.001495361328125
0.0633010864257812 -0.0855178833007813 0.063446044921875 -0.01336669921875
0.0201797485351563 -0.0984420776367188 0.0540351867675781 -0.0166664123535156
-0.0286407470703125 -0.0839920043945313 0.037445068359375 -0.00978469848632813
-0.0589599609375 -0.0551528930664062 0.0284576416015625 -0.000144958496093753
-0.0667762756347656 -0.0476226806640625 0.0278968811035156 0.0150146484375
-0.073028564453125 -0.0351333618164062 0.0280265808105469 0.0372200012207031
-0.0508651733398437 -0.0523719787597656 0.0164985656738281 0.0595245361328125
-0.0383529663085938 -0.0735549926757813 -0.0124053955078125 0.0652351379394531
-0.0156478881835937 -0.08648681640625 -0.0441017150878906 0.0540390014648437
0.05340576171875 -0.100166320800781 -0.0603752136230469 0.0114097595214844
0.088226318359375 -0.0691757202148437 -0.034088134765625 -0.0104694366455078
0.119911193847656 -0.0559005737304688 0.0358657836914063 0.00506973266601562
0.107246398925781 -0.0115890502929688 0.0628395080566406 -0.0504302978515625
0.103767395019531 -0.010894775390625 0.078125 -0.015777587890625
0.0958175659179688 -0.0624008178710937 0.0709991455078125 0.002593994140625
0.0503730773925781 -0.0689315795898438 0.0620384216308594 0.00303268432617187
0.013336181640625 -0.0764236450195313 0.056610107421875 0.00836181640624999
-0.024658203125 -0.0637130737304688 0.0555534362792969 0.012939453125
-0.0444908142089844 -0.0409660339355469 0.05401611328125 0.0107269287109375
-0.0519218444824219 -0.0347213745117188 0.0481529235839844 0.0224380493164062
-0.0564498901367187 -0.0264167785644531 0.0492591857910156 0.0444679260253906
-0.0384979248046875 -0.0404434204101563 0.0337448120117187 0.0690727233886719
-0.0289382934570313 -0.0583114624023438 -0.000823974609374997 0.0725784301757813
-0.0105972290039063 -0.07061767578125 -0.0317344665527344 0.0548973083496094
0.0517425537109375 -0.08258056640625 -0.0448951721191406 0.0120315551757812
0.0821685791015625 -0.0496597290039063 -0.0149688720703125 -0.0198516845703125
0.103103637695312 -0.0337295532226563 0.0704803466796875 -0.0013275146484375
0.0655479431152344 0.00513839721679688 0.087677001953125 -0.0574417114257813
0.0695724487304688 0.00208282470703125 0.08917236328125 -0.0259628295898438
0.0622100830078125 -0.0390777587890625 0.0703659057617187 0.00507354736328125
0.0268478393554688 -0.0416679382324219 0.0635032653808594 0.01190185546875
0.00365829467773437 -0.0413093566894531 0.0593757629394531 0.0215797424316406
-0.0162601470947266 -0.03192138671875 0.0683479309082031 0.0237312316894531
-0.0232810974121094 -0.0196876525878906 0.0704727172851563 0.0152053833007813
-0.0294971466064453 -0.0165424346923828 0.0609016418457031 0.02587890625
-0.0329055786132813 -0.0137443542480469 0.0635604858398438 0.0492210388183594
-0.0227737426757813 -0.0234127044677734 0.0442428588867187 0.077178955078125
-0.0186004638671875 -0.0368995666503906 0.00384521484375 0.0789642333984375
-0.00704193115234375 -0.0474929809570313 -0.024810791015625 0.0550689697265625
0.0411453247070313 -0.0565414428710938 -0.0332584381103516 0.0128879547119141
0.064453125 -0.0267219543457031 0.00211906433105469 -0.022491455078125
0.07098388671875 -0.00933837890625 0.0967864990234375 -0.0023193359375
0.0134463367444663 0.0171448331983425 -0.0721137931583642 -0.0875475528881313
0.0324486894894258 0.0112784643495656 -0.0385610792282103 -0.015404062320487
0.0304099269185933 -0.00355177725680589 0.0271525406016776 0.0160905327366983
0.0132361620812225 -0.0193551189015709 0.062059165822037 -0.000743135532607659
-0.0040143644183511 -0.00987952227851567 0.0848386662919124 -0.040194228802513
-0.00235455663650425 0.00488217062493331 0.0641046495054661 -0.0828592771959787
0.00499668151317616 0.00616327280537767 0.0229101850432148 -0.0924218672823197
0.00627481845336991 0.00519524501456823 -0.00603542451492056 -0.0839681115077502
0.0063304009443914 0.00841506762071704 -0.0152211766163016 -0.079069771175628
0.00212726530897077 0.00804715809737644 -0.0174152229561035 -0.0797914248936796
0.00182252607571272 0.00354123495664442 -0.0187085697988029 -0.0765078970532562
0.0156002158934566 0.00190114665115666 -0.0243040825971687 -0.0750201816117566
0.021532210706697 0.0181640601162749 -0.0312001794168684 -0.0745007958425053
0.00869987723352058 0.031640661328824 -0.0681229865603784 -0.0657444788009956
-0.00494713101509475 0.0283677162370927 -0.108116564123902 -0.0422570533348742
-0.0257217318514188 -0.0128763068119212 -0.0686724612440196 -0.0832297439118736
-0.00627003763393289 -0.00889193364410952 -0.0370018717612261 -0.00718458050512519
-0.0128302629367517 -0.00854950017110553 0.0354947550963971 0.0280914509544605
-0.0215004007061848 -0.00927999063914303 0.0713370548930532 0.0105553255240291
-0.0280179728827771 0.0137732311266179 0.0954318017323175 -0.0322677435258474
-0.0153643886486855 0.0322224635171397 0.0708815244329356 -0.0765442226687185
0.000651329076758247 0.0378905331073552 0.0282819271047674 -0.0861349306688812
0.00767120575745174 0.0373066906866551 -0.00445114994384399 -0.0764623109641689
0.00573144445133877 0.0435251795644687 -0.0179410377592532 -0.0701932890962826
-0.00944439217599232 0.039402767352515 -0.0245748140331549 -0.0674382543203327
-0.0222701441717944 0.0326786259014137 -0.0295166578504456 -0.0664754551386614
-0.0249892136481502 0.0161424933066075 -0.036512432990511 -0.069911552824458
-0.0249245319952781 0.0166288235634787 -0.0372511820337037 -0.0725623464250044
-0.0305788371023589 0.0100613058821934 -0.0704839992427663 -0.0575315538744067
-0.0451109948315973 -0.00180101946604061 -0.104869923651956 -0.0363749669078793
-0.0606850391058003 -0.0442731784945933 -0.0549368801112094 -0.066873808556111
-0.0474225596401187 -0.0346033244547192 -0.0316353863138195 0.0119515906418385
-0.061472789839683 -0.0174202646530548 0.0441687366606477 0.0489329585265456
-0.0627456373906805 0.000628428855950945 0.0805062261166713 0.028024226876104
-0.0547776027050112 0.0380875999658354 0.100951320012906 -0.0191482509785812
-0.0306019335565775 0.057119425471259 0.072508662088543 -0.059955845707623
-0.00604036686528195 0.0653390270984245 0.0316649790312797 -0.0676823077105088
0.00921050339765379 0.0640041124628083 -0.00191710963163079 -0.056995927841223
0.00878729400563795 0.0717931342134322 -0.0197394130668624 -0.0494428549445641
-0.0122697183199227 0.0649415376488307 -0.0308397753624427 -0.0440766621549143
-0.0325264668584249 0.0613083022541301 -0.0420575517436047 -0.047131568625346
-0.0528984758275972 0.0405374063961103 -0.0511877155490511 -0.0581134852948079
-0.0649819786549878 0.0258232026031181 -0.0447722676824537 -0.0679737004570804
-0.067832373660499 -0.00324959991674107 -0.0650888478962761 -0.0484597630747311
-0.0803321312503183 -0.0277712369142844 -0.0892453616091874 -0.0242718179354384
-0.0889127806392842 -0.0717434255700451 -0.0282806110122893 -0.0423988130188307
-0.0830712672312787 -0.0582232744462465 -0.0200523693885689 0.0349050757329959
-0.10643937762845 -0.0271142554770718 0.0496009417118693 0.0734870959909013
-0.0991114693903757 0.00755840954476054 0.0824715200436111 0.0491047785175783
-0.0796547956707519 0.0560441853991468 0.098978280737735 0.00225423521684713
-0.0452305387483496 0.0753082579580791 0.0687881710802429 -0.033328583973234
-0.0134958245202719 0.0844391974463294 0.0323011998807116 -0.0397646356016016
0.00957109134019229 0.081085168069684 0.000926853237521225 -0.0303243521885844
0.0119029865209449 0.0877463251091719 -0.0191976754604772 -0.0211618236995849
-0.0115645916546132 0.0792612060562159 -0.034083479981462 -0.0146732407641958
-0.0335965455383095 0.0798167004668448 -0.0510808663284895 -0.0224560058635052
-0.0645989074984731 0.0604791069191483 -0.0617236787013825 -0.0400811816515282
-0.090968743411725 0.0380949421775378 -0.0491035728220764 -0.0584166978295408
-0.094560045554345 -0.010317996804792 -0.0526764217466297 -0.0404606060344057
-0.106412761840702 -0.0469081326678641 -0.0626768563379833 -0.00443851151172363
-0.101126883691471 -0.0879569324907942 0.0066147837846575 -0.0114344374597521
-0.103453526602498 -0.0769636437534016 -0.00147121175794371 0.0586944176023987
-0.135992683895767 -0.0381231905646295 0.0490318143115131 0.0929207362092217
-0.123811532754705 0.0101281521681981 0.0746919606090254 0.06841400888013
-0.0949092150555108 0.0644607599066979 0.083792286138418 0.0267008881798179
-0.0530846321837205 0.0826188908152365 0.0572699057128833 -9.21926631840777E-05
-0.0187476757682376 0.0913272128089044 0.0298615131001914 -0.00514688095060262
0.00887203264854629 0.0864419888851722 0.00386155084201648 0.000186426985249752
0.0131623086347863 0.0907632017349757 -0.0169582970992999 0.00994376497175125
-0.0101425920377565 0.0813429668132921 -0.0340500737889804 0.0158367156724093
-0.0304045267237508 0.0843099110421704 -0.0546972671741329 0.00267722318624416
-0.066846668252984 0.0695924736849937 -0.0639415246396728 -0.0207071679170449
-0.103343814839853 0.0431685006455021 -0.0474021756987314 -0.0458501540556958
-0.107186017891596 -0.0164949302934803 -0.0344066291396761 -0.0329457551751498
-0.115137387520485 -0.0606485229662152 -0.0310948492164855 0.0158447036073831
-0.0963661036488248 -0.0887081482575473 0.0405343155927633 0.0187227404825054
-0.103821358174536 -0.0840144835975142 0.019119736491624 0.0768559421482501
-0.139732525240183 -0.0448308642909626 0.0447927553875393 0.102153177694315
-0.125854918442338 0.00787668232111519 0.0585751587276487 0.0799760281155325
-0.0929053323601551 0.0613944647128447 0.0608806734150917 0.0481073388070623
-0.0513107859401252 0.0765196682763621 0.0400876862783629 0.0319270026637952
-0.0192619261979745 0.0830834997024244 0.024212583832635 0.0285108171403231
0.00693480891795186 0.0783184162528448 0.00576105330514263 0.030939759778717
0.0117700634231724 0.0810508095098266 -0.014264490136527 0.0395819824273012
-0.010478177329163 0.072615937284899 -0.0328892360847567 0.0440315335120616
-0.0271806250955792 0.0762379050046157 -0.0579235867948926 0.0248313744199758
-0.0629560904245135 0.0643567787220918 -0.0621540532891387 -0.00487777968400563
-0.102551158126317 0.0373104166059087 -0.0405412638080538 -0.0334891156358392
-0.104241516685084 -0.0249048792179776 -0.01406852063705 -0.0240956864065572
-0.105687456359593 -0.0657918198176112 0.00453558819434683 0.0362917200432231
-0.0739868838395114 -0.0746455918903518 0.073168034780181 0.0416683249753738
-0.0834632388564993 -0.0750079354673109 0.0418206251352685 0.0850209183320346
-0.116792409442363 -0.0419922503799401 0.0389308520708744 0.0998530823992879
-0.102323651381106 0.00569822743227922 0.0402438176280372 0.0812246170704361
-0.0721901620825721 0.0470860809850747 0.0360172438446004 0.0630977749054953
-0.0395566920983357 0.0577756388890091 0.0251582728727642 0.058228850090403
-0.0158826785077811 0.0621407907878383 0.0192823124947451 0.0565067754557364
0.00488934366629821 0.0593953945690878 0.00674760513752125 0.0547642505257628
0.0079782586398832 0.0605311793489163 -0.0137151916382497 0.0627573714208673
-0.0105654241352272 0.0544580814384706 -0.0354073187683124 0.0637029157161835
-0.0231529785283556 0.0583236802809286 -0.0609481610026047 0.0387331809271635
-0.0536517529385951 0.0499360429694083 -0.0590312089457894 0.0056665419702869
-0.0901269584648704 0.0252093287192473 -0.032789833035966 -0.0219316700704281
-0.086706579380641 -0.0316916180874615 0.00359293139213644 -0.0144763812596738
-0.0813417628439103 -0.0634917674862564 0.0319716716033019 0.0570330202480048
-0.0402279129201518 -0.0485955903463165 0.0942910642377296 0.052071072741271
-0.0510797060650886 -0.0536402815246035 0.0592580982192895 0.0832736127462211
-0.0765935464128126 -0.0274753589337838 0.0354831775194804 0.0897465198967053
-0.0616791005251676 0.00586494750366886 0.0280910030680467 0.0771805584991719
-0.0391115268109658 0.0268372546894062 0.0198348740275197 0.0703497263478029
-0.0212399885885465 0.0297414884019838 0.0157993969472362 0.0730761563163539
-0.00954279062803329 0.0306172027692734 0.0163855810321891 0.0735962772740521
0.00245557882856182 0.03062912763429 0.00739881100976393 0.0703813710759011
0.00430141072144583 0.0317068721574087 -0.0156475081362646 0.0789923068380595
-0.00787820327595105 0.0306440639415108 -0.0403896790897248 0.0751805335630468
-0.0147599325523876 0.0353406830041299 -0.0677881092875831 0.0452983645387053
-0.0360726387604355 0.0320935288522152 -0.0588688714715603 0.00941052579226264
-0.0657153610315047 0.0128965840256403 -0.0282862999799529 -0.0145660864158148
-0.0593443395346444 -0.0317597278317306 0.0148183439950286 -0.00454414878271367
-0.0470233196923124 -0.0503970909140514 0.0519302641119495 0.0742826288277271
0.0140445367206993 0.0168242101075791 -0.0771018235606659 -0.0840408842105749
0.0327482749154943 0.0103166359276427 -0.0399997727152127 -0.0123720449170068
0.0306645694551041 -0.00498461633931293 0.0284991916513431 0.0155014594191768
0.0121083192732882 -0.0196623154754037 0.0631518754786711 -0.00314297802065705
-0.00450794932984096 -0.00953579118271646 0.0839677897113639 -0.0457822394976661
-0.00140739778415584 0.00515305413470145 0.0600994404331754 -0.0875572571480846
0.00601125859681278 0.0058393894581648 0.0180785116696769 -0.0937424863386347
0.00691749202112508 0.00491425565303877 -0.0104843489320141 -0.0840641337313618
0.00740197312784855 0.00859353161917131 -0.0197125501183632 -0.0797289223986944
0.00351572475374047 0.0083352351074824 -0.0223522911621732 -0.080808441380037
0.00262078818945883 0.00358803034164034 -0.023049594599304 -0.0771836742348301
0.0152485701315418 0.00145785873477849 -0.0279711546079339 -0.074751883939399
0.0221561865987688 0.0177141415273185 -0.0346632767255578 -0.0738872109072788
0.00980925402364728 0.0317479547062636 -0.0715657468060058 -0.0628645829110623
-0.00359012190722245 0.0286141974325115 -0.112759734284059 -0.0379381929675501
-0.0274742844032307 -0.0111018934087408 -0.0733522967040124 -0.0798463193165012
-0.00753094520116119 -0.00832551458333909 -0.0382341236860193 -0.00394748277368421
-0.0134276548154403 -0.00755990895800423 0.0376444732048066 0.0270025137819163
-0.0223223679496393 -0.00775083389842563 0.0728737179325877 0.00727897608197093
-0.027512677948888 0.016316564248032 0.0957025484172577 -0.0386596279671336
-0.0134706205396214 0.0336288598149303 0.0682537176982864 -0.0811995084189902
0.00301020223571128 0.0381017870191163 0.0239389309775495 -0.0882068996405854
0.010348794623399 0.0371927191889951 -0.00888180313230489 -0.076013855034285
0.00892305063231729 0.0436252870624725 -0.0224326911678984 -0.069779792660088
-0.00744781971291385 0.0403362220943443 -0.0289919772542687 -0.0675975325569055
-0.0204510768636939 0.0345441274861424 -0.0337723994519403 -0.0668255936756536
-0.0248932878251811 0.0185001899145283 -0.0401447445221159 -0.0690175314692937
-0.0246130814674855 0.0188475524609627 -0.0416267552758355 -0.0716801007353722
-0.0307219901907307 0.0116525545128578 -0.0734153547117852 -0.0542940008464863
-0.0457763585619021 0.000284126156423832 -0.108664655347822 -0.0322215456511193
-0.0649166219604191 -0.0417467152611552 -0.0583044648408746 -0.0634581542549952
-0.0504196585643391 -0.032381525759492 -0.0317590216591547 0.0147107232291712
-0.063317073022427 -0.0136118248552427 0.0466782663711634 0.0476266513846751
-0.0632156810293906 0.00376803501633941 0.0824702871722182 0.024972013561956
-0.0539452207782795 0.04204647179925 0.102115821905655 -0.0252368421644494
-0.027875440725565 0.0596979903235433 0.070333309768931 -0.0640708952220698
-0.00225096422838742 0.0666479355116434 0.0283566209939185 -0.0696083313336919
0.0134876076416024 0.0641387307237551 -0.00484542250011352 -0.0571179422949071
0.0135857187646051 0.0714471690798335 -0.0232301318525418 -0.0487226088640506
-0.0090448875772023 0.0668632926304058 -0.0345290366530258 -0.0436399478548655
-0.0292167279924612 0.0644958431376718 -0.0457779977167979 -0.0461940686738782
-0.0520740638469373 0.0442867733338739 -0.0547913165907172 -0.055829629121524
-0.0647583914276681 0.0303495502618088 -0.049066482841078 -0.0671161276481716
-0.0696525109565175 0.000299408631587447 -0.0676795626825413 -0.0456727019292259
-0.0832521614566737 -0.023667337314822 -0.0921438521501389 -0.019906642689481
-0.0944751861625641 -0.0678957345984276 -0.0299307057527971 -0.040340120620546
-0.0872789034854366 -0.0543396371080808 -0.0181982691882054 0.0374947354020734
-0.108952112437736 -0.020538725575664 0.0536718623155297 0.0723276317306298
-0.100811524083289 0.0127003960470825 0.0858272816183644 0.0467053634401258
-0.0778964776817686 0.0610417947482187 0.100486586510897 -0.00323305152941246
-0.0418153968146626 0.0794070625131173 0.0679769906016067 -0.0367732237334588
-0.00849965553573471 0.0867310772245188 0.030616195685009 -0.04191327262912
0.0145484702907269 0.0813213821343073 -0.000345322148001076 -0.0299633135362001
0.0176118793658956 0.0874851861015478 -0.0211259647315305 -0.0199493340024994
-0.00772632659153072 0.0814892545951797 -0.035967225206744 -0.0138463404067546
-0.0290659893367637 0.0824012713625669 -0.0535945557951025 -0.0208141368054356
-0.0625157665378799 0.0650436015540453 -0.0643312406302494 -0.0372491664967669
-0.0899371652081795 0.0439297984539638 -0.0530554620761513 -0.0570643073090304
-0.09667704738105 -0.00521637831552685 -0.0555098937643583 -0.038765618535617
-0.110158985687561 -0.0421731624866028 -0.0646485272284162 -0.00188116746392489
-0.108011590135707 -0.083940258643016 0.00727354079506979 -0.0107258419934406
-0.109313947005752 -0.0719263820484992 0.00135906002122222 0.0604862096861408
-0.139628908156625 -0.0303940435452664 0.0539511688737801 0.0927051840799954
-0.12566007346648 0.0163888101377872 0.0783634496866435 0.0663259557782782
-0.0922766708445364 0.0709951272263947 0.0864529038810807 0.0229122105135646
-0.0497460935170601 0.086828413524531 0.0588003044328787 -0.00229746007698285
-0.0134923907074555 0.0939314517143386 0.0300765200636666 -0.00712067551047891
0.0142432597332858 0.0868430262580254 0.00399948677859069 0.000871214155364962
0.018926995685612 0.0909311323398439 -0.0169850977931217 0.0108056030119113
-0.00629705842310566 0.0836092327887025 -0.0338217483134207 0.0170768262207501
-0.0258334680244933 0.0872687613519534 -0.056060019622276 0.00536973941784876
-0.0642348206472382 0.0746553559095102 -0.0661800327412581 -0.0174982658567901
-0.10228775968224 0.0496697716290975 -0.0511643919688341 -0.0447430186249567
-0.109857390886205 -0.0110303222193189 -0.0369692269850556 -0.0323103035361649
-0.120022044967379 -0.0552474773729056 -0.0310213601585466 0.0170508950919005
-0.102579838205587 -0.084745759545807 0.0428316538033952 0.0178490696922601
-0.109062836602009 -0.0790944876304667 0.0232035596023832 0.0771236886053475
-0.143406696456662 -0.0371951476943933 0.0500370530855104 0.101799599265806
-0.127794285807098 0.0139909101855491 0.0622511428537139 0.0791638559740278
-0.090739189024418 0.0671563133460665 0.0646671642596655 0.045479023534843
-0.0480363980532084 0.080992130326883 0.0430834727436386 0.0309407453191108
-0.0147220001536061 0.0857593304336509 0.0261195981351088 0.0276063177366404
0.0121533484651187 0.0787842162951841 0.00738390208663077 0.0313828249849538
0.0168787204743438 0.0807288501236065 -0.0124468698268486 0.0407667120158787
-0.00704087699073713 0.0744513543933123 -0.0313145302697833 0.0456904486307404
-0.0231086047978336 0.0785570963874615 -0.0577925453722528 0.0282131033604568
-0.0608933879853121 0.0683716520252951 -0.0633642721650384 -0.00180581066812516
-0.101669209249726 0.0437057440002172 -0.043562656401161 -0.0327519569618908
-0.107221325486192 -0.0197669764294063 -0.0155492599676218 -0.0242078412952121
-0.110418737933539 -0.0609356298466964 0.00599940112670721 0.0360444495710521
-0.0789662236913547 -0.0716391269265661 0.0765567622737998 0.039127246533824
-0.0875011966429724 -0.0709847696663878 0.0471980106723209 0.0841718580386805
-0.119249363619186 -0.0358351484832814 0.0438489784304602 0.0991469336847608
-0.103535938417196 0.0104076021210339 0.0443723016409735 0.0807766892923863
-0.070637095248858 0.0513141267230665 0.0395009555556589 0.0623086308752029
-0.0370687442756911 0.0603385995130197 0.0290159856875217 0.0582500018682224
-0.0127248439785208 0.064482442884865 0.0231768834600202 0.0560529264983838
0.00850962713914031 0.0596652789566808 0.00958787837082822 0.0550763239754825
0.0115309820005206 0.0604724638391338 -0.0107068439165545 0.0640729405834676
-0.00820136931833454 0.0562571206670369 -0.0325562565863889 0.0658025632432273
-0.0203777955891088 0.06030380891351 -0.0597934844678819 0.0425014714447096
-0.0520825759417967 0.0531636843853138 -0.0598369706592074 0.00840178989485458
-0.0894867814982904 0.03024757512625 -0.0354035433027538 -0.0213895021840623
-0.0896584952958386 -0.027521913101725 0.00190991598414386 -0.0153092812517335
-0.085418169415599 -0.0603048311869959 0.0347513685678169 0.0556928951782228
-0.0435580568363678 -0.047272666303225 0.098619099670429 0.0488377241177921
-0.0534670678410815 -0.051629074196414 0.0643738562649406 0.0815442001483824
-0.0781248812084176 -0.0240477834490083 0.0396536941920994 0.0898207495322413
-0.0617740008502065 0.00852101868617137 0.0317293247754558 0.0774427762249205
-0.037938704679015 0.029145867091511 0.023167848975133 0.0709040066891239
-0.0198026004786383 0.0308540016162344 0.0207374951222168 0.0743258097709203
-0.00805429742955321 0.0317757576626349 0.0210250709854243 0.0735923990008274
0.0044047584324482 0.0308411712393511 0.0104984801841251 0.0704125488344494
0.0061796591627141 0.0317340017891763 -0.0114090690407235 0.0803539853284298
-0.00661021626083077 0.031688495394896 -0.0372471816156271 0.0777308054164413
-0.0134396370447162 0.0366907418213037 -0.0663635797287988 0.0499647209339174
-0.0358655048687405 0.0338935511278858 -0.0594841562802228 0.0122118257124903
-0.0657655944977496 0.0162415616074522 -0.0299642281771794 -0.0140993756967682
-0.0614894810698511 -0.0289125916634583 0.0140943142705931 -0.00562373910209783
-0.0502764619875595 -0.0486448161719102 0.0553489456236766 0.0722773936859512
0.0140498280680056 0.0161842012162277 -0.0797713051639592 -0.0794716681144386
0.032442172455507 0.00874771909900251 -0.040185794460729 -0.00927818379198479
0.0297106012994223 -0.00584470298378052 0.0292118994280072 0.0149838403255837
0.011454394996916 -0.0194420729742699 0.0635106962696024 -0.00573234539873819
-0.00542608481866971 -0.00900647905207437 0.0818716508710661 -0.0494553966958283
-0.000836279572708191 0.00579518417829941 0.0558515637053407 -0.0897976300403405
0.00625864076708306 0.00529667814265406 0.0139062135646119 -0.092351245994945
0.00701869244427837 0.00417666474964911 -0.0138216750185906 -0.0821319054911736
0.00779643930902188 0.00814378443614795 -0.0239044745799635 -0.0788048680042072
0.0042380730896372 0.0082708729114054 -0.0268254387104316 -0.0795040566666319
0.00295171358855327 0.00380499375918892 -0.0260782470731631 -0.0761074134053884
0.0151027378315774 0.00133515404830094 -0.0304807276360307 -0.0736432217942386
0.0226691292972691 0.0173595261643752 -0.0367045256338682 -0.072367696991902
0.0108220962562332 0.0310104918733211 -0.0727234642786667 -0.0592669824608977
-0.00219893200216587 0.0282909531443177 -0.113690107123223 -0.0337657070219763
-0.0283770984565443 -0.0102890235970025 -0.0756475196667322 -0.0751063520776695
-0.00899094760029605 -0.00787215326418758 -0.0379182405596522 -0.00127597046531955
-0.0137886300910782 -0.00575435319323183 0.0385401900252803 0.0260877694954775
-0.0230172978080364 -0.00624283249259608 0.0731350826258907 0.00510770644053709
-0.0271229021398002 0.0176459081308683 0.0933827412208207 -0.0425908083340242
-0.0117514374065027 0.0343345578495418 0.0637267011898527 -0.0832920747844043
0.00492013233463709 0.0376320773227089 0.0201974848687196 -0.0871865622589471
0.0122767734303072 0.035939016602517 -0.0119796490862153 -0.0743489990996291
0.0113696915299228 0.0428967406699465 -0.0260262057349449 -0.0683942475086604
-0.00526758714566298 0.0412101671816224 -0.0330267981289634 -0.066316671459392
-0.0183446705241972 0.0355231893706252 -0.0369521322113594 -0.0653854395612972
-0.0241770759401129 0.0197263890862747 -0.0426622504094119 -0.0669523513479803
-0.024038552534678 0.0206633390400356 -0.0434723634003109 -0.0699395246319291
-0.0304515662230844 0.0127683882600413 -0.0749083387128073 -0.0507321004991102
-0.0457828543864274 0.00225942706274882 -0.109585349479502 -0.0276870840579551
-0.0670433337723286 -0.0384902129106965 -0.0593470553844307 -0.0593043393268005
-0.0519397163371271 -0.0293769879271802 -0.0303154859050336 0.0171518757658615
-0.0638111884722082 -0.0096386700340632 0.0486312961474826 0.0460561524449337
-0.0631430662077989 0.00685168980648804 0.0829716070019485 0.0219679693621939
-0.0513925251001335 0.0443631997907145 0.100545988190006 -0.0296462487655099
-0.0249405530453766 0.0612725738076269 0.0671963008426246 -0.0666692379476193
0.000971257260865619 0.066035872121513 0.0245000383389212 -0.0695311940673692
0.0166652420827448 0.0624229455843767 -0.00748383506116693 -0.0553865729106512
0.0174601361207384 0.0700429716355326 -0.0253509387422747 -0.0472475832881264
-0.00616156257933196 0.0668423856778475 -0.0368910837347589 -0.0420762339537711
-0.0257306375946516 0.0653457946540007 -0.0479350330414083 -0.0446277660640112
-0.0494431090794966 0.0467903111029306 -0.0569701480654078 -0.0531948011187658
-0.0624742244489911 0.0335453189949041 -0.0520030286010222 -0.0647119493093162
-0.0693044009350258 0.00299971361666745 -0.0690970893907822 -0.0424451585627491
-0.0842249385852432 -0.0201459019352515 -0.0927615407183121 -0.0166872247038613
-0.097691275464733 -0.062852248144802 -0.0304274927403496 -0.0376747722146449
-0.0892727120384864 -0.0498632652475022 -0.0161519365678263 0.0389384749120041
-0.109203668760952 -0.0146607967341195 0.0558165275441837 0.0704252640866489
-0.0997973393857008 0.0167149564476196 0.086436003160902 0.0436836993701779
-0.0744629205517096 0.0643862949251757 0.0997856059107562 -0.00811342241526364
-0.0379198409530021 0.0813431240549164 0.0665698671295577 -0.0393526266663842
-0.00444018359787658 0.0862838374415358 0.0283969203406034 -0.0424164861975479
0.0189760826985801 0.0794225647274922 -0.00168896798439263 -0.0290847155208113
0.022272525908649 0.0858592996638718 -0.0221714067932716 -0.0186695981528574
-0.00400507961563619 0.0813887006768243 -0.03730809874563 -0.0122272254247623
-0.0249355137603179 0.0835293018928622 -0.0552326692613048 -0.0186309809753481
-0.0594925196619208 0.0678761648924874 -0.0652780070779276 -0.0345547341394869
-0.0870968215247649 0.0483019955351224 -0.0554653820942479 -0.0549557169654658
-0.0968846982782802 -0.00118276108083406 -0.0564547082859177 -0.0357944294181025
-0.111882796386859 -0.0368479727456224 -0.064686003751753 0.00055136207741168
-0.11200553632761 -0.0781997464963206 0.00754527917256642 -0.0101274105571697
-0.110902843888018 -0.0666853871785352 0.00437718340587095 0.0606329837323472
-0.139395321463543 -0.0233003787022462 0.0564745993075263 0.0902976114637009
-0.124776037244153 0.0215271133894245 0.0803785648261991 0.0635707964538496
-0.0883261950868691 0.0745304980776299 0.0872145466700663 0.0188934283807062
-0.0453899883311677 0.0892625650202274 0.058741935188685 -0.0045169706455442
-0.00869421134589356 0.0936510426802186 0.0290709727791443 -0.00824776375320146
0.0184372395271217 0.0847490304177548 0.00393482316476596 0.000979206986940479
0.0237727902051485 0.088665772394496 -0.0162509187394239 0.0118040120507685
-0.00261214221979355 0.0832569606037785 -0.0331766734407166 0.0182303059368884
-0.0211301654724847 0.0876121696872113 -0.0564673536262396 0.00727975242253391
-0.0607090307654522 0.0769359134305656 -0.0662480206286084 -0.0149072747392154
-0.0986486039817016 0.0543984326649232 -0.0532981169505192 -0.0428951009097552
-0.110286180648215 -0.0062502748386338 -0.0382280573000952 -0.0306953884717497
-0.121694447332165 -0.0493003761885708 -0.0305053565488741 0.0176276683463697
-0.106599841060141 -0.0793607293912517 0.0440541136726473 0.0165207265688366
-0.11117071407774 -0.0738927578486795 0.0261861851494473 0.076264555222185
-0.143305455465142 -0.0297142291487165 0.0528732701843454 0.0994990587288809
-0.126902550868555 0.0194878152444629 0.0647049409320953 0.0767643206695522
-0.0869928924493632 0.0708043733432645 0.0657087250222097 0.0425232097097881
-0.0442304233994043 0.0827770100744514 0.0452289605738102 0.0290452399593045
-0.0103204801013986 0.0860514185172639 0.0273894680086581 0.0260469347466098
0.0159965749501396 0.0770606406202579 0.00887279853947533 0.0306854198935105
0.0207735468736376 0.0788254506118218 -0.0105642017660442 0.041293846151498
-0.00347792467096089 0.0744803587070171 -0.0294535174709038 0.0463388196782762
-0.0196997354599288 0.078770878467455 -0.0569536429545262 0.0305823751589656
-0.0575616857554085 0.0705035133615477 -0.0635939979864875 0.000441371764765807
-0.0986960945319282 0.0483414598764059 -0.0455356669170989 -0.0313046975988395
-0.107400931661605 -0.0146512347930049 -0.0173290345883221 -0.0236900109612264
-0.112304761345647 -0.0554711396093192 0.00666073500075782 0.0349885478834451
-0.0820688306125119 -0.0671108219801258 0.078405090312067 0.0367384229689048
-0.0892149740607091 -0.0669322711160273 0.0498828297354415 0.0816749238009728
-0.119705822170835 -0.0301201476999532 0.0476350323278789 0.0974324267692394
-0.10227904140208 0.0142954561885527 0.0462886911647424 0.0795691671699453
-0.0675847661961544 0.054304943863832 0.0418160343298212 0.060772071146443
-0.0342544921543749 0.0618075860227671 0.0323285900581112 0.0569475697387267
-0.00954458673278115 0.0642710170957475 0.0256702608302928 0.0539849352663061
0.0112843510708785 0.0582782714464555 0.0120121674270081 0.0539581834519559
0.0147265445541143 0.0593683065900058 -0.00766203560806311 0.0637896228519081
-0.00541744878312751 0.0565639247424573 -0.0293875994790055 0.0664294123062857
-0.0175839225530695 0.0605258776956838 -0.0585587134137205 0.0448894988192421
-0.0495681118647025 0.0545881854240775 -0.0595238646158716 0.0106020127332268
-0.0876031588385645 0.0342206917673903 -0.0366410953143187 -0.020336090889728
-0.0902123049365759 -0.023473795439034 0.00073099922272749 -0.015750545352744
-0.0878224942980781 -0.0558995760568526 0.0359760058139641 0.0532099761161856
-0.0454036810381255 -0.0444142050569929 0.100423663512254 0.0446072032408534
-0.0548941447003631 -0.0486172445531289 0.0670146121438137 0.0780823019972107
-0.0778916292177067 -0.0206151101508429 0.0427752398707888 0.0879464908697749
-0.0613515254935867 0.0108074625414492 0.0346086544984247 0.0762511225709139
-0.0365377734393709 0.0301384847716663 0.0264229912274216 0.070023639041145
-0.0181545702448161 0.0317297956319337 0.0244034575549945 0.073141686020079
-0.00632194243373703 0.0318556181194244 0.0242380041315401 0.071051799530096
0.00579924724630398 0.0302848752656781 0.0138454431369476 0.0691816889614911
0.00754561814155217 0.0310968657301731 -0.00751990753047744 0.0799653893712786
-0.00521886336403679 0.032518897025796 -0.0332032096247552 0.0785856439170142
-0.0120583254628251 0.037105354856717 -0.0644380251019531 0.0526261164323498
-0.0345965063756693 0.0346167160471241 -0.0588251763319373 0.014116623370778
-0.064224870257454 0.0194194229467664 -0.0312293841659656 -0.0134734896730688
-0.0621008898238803 -0.0258810798536859 0.0132487100238536 -0.0070309300266212
-0.0518663979391468 -0.046187732627186 0.0576182628286894 0.0687155159544865
0.0176763122763768 0.0111002419798128 -0.0998008802730854 -0.0481630284346378
0.0328502361015662 -0.00265969554516767 -0.0420193770737309 0.00630128255735307
0.0259852178665977 -0.015389095924908 0.0322905968772483 0.00696132884644117
0.00390176188928411 -0.021811058076501 0.0595249964234707 -0.0242986622650095
-0.00702034114365136 -0.00680785485155031 0.0614201652478729 -0.0726855766549595
0.00178141150067093 0.00428791785685135 0.0218201494957505 -0.102250744276734
0.00814501330435967 0.00204361273435835 -0.0179387187846479 -0.0908056926076747
0.00758724333548175 0.00134964158402713 -0.0394946426571866 -0.0702935565924953
0.0103989549073998 0.00458570848623243 -0.0480445013086746 -0.0652050529121733
0.00670129583152021 0.00625086725607438 -0.0508220326684605 -0.0658761309603924
0.00447373686569366 0.00314427121621911 -0.0487538475656014 -0.0624202307752464
0.0145229215904988 -0.00333170524316046 -0.0514207296982075 -0.0590278664306865
0.0259085040327213 0.0100869628981434 -0.0567622237657834 -0.0567702432615522
0.0205483784737017 0.0259315000107294 -0.0855013282479853 -0.0338822394051358
0.00663518761891765 0.0273177423424113 -0.115191729727038 0.00160549529172613
-0.0323540335256823 0.00067605279626094 -0.0926966525066784 -0.0462511972661562
-0.0113268083909227 -0.00355990158350033 -0.0347650769269756 0.0119375216540903
-0.014681925673611 -0.000374435287056509 0.0455744150269298 0.0116804802465499
-0.0227042352894943 0.00231608927439013 0.0712174655264528 -0.019907530838144
-0.0185342092013115 0.0247682246539963 0.0737680106151668 -0.0712207778126377
0.00107751439305294 0.0348839345388372 0.0303744155371929 -0.0997459767726121
0.0176732291172733 0.0331286323653261 -0.0111823972516072 -0.0886844231672258
0.022634563806573 0.0286958746287935 -0.0354955236473214 -0.0637676625313943
0.0249249163177075 0.0353551576550138 -0.0470549870010344 -0.0551105741013843
0.0086958990083917 0.0401220823183775 -0.0528983604465113 -0.052129625829591
-0.00478372269035534 0.0386551383234534 -0.0558701386959712 -0.0498177017178723
-0.0156390531697357 0.0267640242593194 -0.0599954487157909 -0.0495000421792927
-0.0158390255362125 0.0275422901382189 -0.0620523133107431 -0.0521159163691691
-0.024536281274973 0.0225103050207945 -0.0841983304272897 -0.0244981466722038
-0.0422495627543287 0.0159213638924181 -0.109307696144395 0.00786655807017036
-0.0786697341051301 -0.0128869773877771 -0.0707494234266812 -0.0370370597071452
-0.060114910559222 -0.00900284177424627 -0.0194666251452548 0.0252634726444767
-0.0619833664686701 0.0134364322341956 0.0622367736638413 0.0248009758167924
-0.0561167224045319 0.0292110934434229 0.0864264723779225 -0.00889089388334192
-0.0324663591859513 0.0574251006802932 0.0834018636052381 -0.062699871209775
-0.00242376106719697 0.0645321073661548 0.0388363361940175 -0.0859553728765353
0.0232280076250579 0.0616992926454256 -0.00107807122797199 -0.0745871878267197
0.0351552838198722 0.0511471486227259 -0.0261304100213497 -0.0480720418380522
0.0389867842618372 0.0582310360694335 -0.0400115743034083 -0.0352690371979594
0.0161738025627965 0.0645656679201105 -0.04926619853985 -0.0289800834733546
-0.00210052500464739 0.0688082364471536 -0.0598140111029755 -0.0277755108834982
-0.0310927331067506 0.0597401345173225 -0.0686059068847977 -0.0336076553372825
-0.0471296684088562 0.0521690479056758 -0.067365799874423 -0.0445669022172655
-0.0636939042188506 0.0259494191289008 -0.0761269913163111 -0.0177499974328022
-0.0858426196443385 0.0072249605064744 -0.0900380294417798 0.0142047938765575
-0.116076320045548 -0.0252423738448135 -0.0347637648720092 -0.0267605267034183
-0.101413286741534 -0.0154036584382289 0.00200519598264266 0.0397869561553273
-0.106376119478658 0.023915786551399 0.0775590684055052 0.0431120224056957
-0.0857490681468222 0.0519071141572371 0.0966964727274898 0.0079074302697886
-0.046784009102121 0.0843099159409597 0.0892294799513482 -0.0428952050206436
-0.00751974740254025 0.0877306642581115 0.0471955644662616 -0.0605358800725461
0.0251407008804542 0.0829259645291653 0.0112814039828672 -0.0509781260506213
0.0425758505783963 0.0664249544118379 -0.0128781873759904 -0.0260487352507713
0.0484056744025467 0.071425556822145 -0.0278042838653836 -0.0100692531285949
0.0225646722901461 0.0775421180984313 -0.0398303863671516 -0.00156971845583832
0.0046161456849999 0.084778961669218 -0.0587909116370008 -0.00176689294476904
-0.0333467845276004 0.0827240203590521 -0.0705479474021407 -0.0133778388666935
-0.0648522180545415 0.0729999769879962 -0.0678544078028453 -0.0343846754328144
-0.0909155365835697 0.0308287522616071 -0.0629341259864716 -0.0150283151642213
-0.116965845260891 -2.02145140174243E-05 -0.0589915702609169 0.0230312206645633
-0.134107998264862 -0.0349517412829523 0.0101879309615349 -0.0127995545327034
-0.127392084201116 -0.0233051585265151 0.0296468977050361 0.0530121783185965
-0.137078886991825 0.0265495335037724 0.0859103840923292 0.0599360610632822
-0.107343057115425 0.0648959815638185 0.0971897376156537 0.0278780244131703
-0.0562275846736071 0.0982585276795624 0.0856712093234317 -0.0149873921918288
-0.0124327705070073 0.0977194405307369 0.051385710882226 -0.0260554917064642
0.0234706473959345 0.0915434311683849 0.0236586194653466 -0.0201431367284352
0.0442046898096275 0.0715954720277856 0.00249477010407919 -0.000578754306030015
0.0508223382259645 0.0735207813351439 -0.0128030588992746 0.0160748762073502
0.0246272010390227 0.079304233880193 -0.0266392946622723 0.0258963065896403
0.00896178368309958 0.0879388542133916 -0.0515112304219498 0.0232648750717718
-0.0318365952540804 0.0915894572041474 -0.0655401907147742 0.00514837757798434
-0.0740691429756463 0.0823637603668993 -0.061864268143936 -0.0230974588897082
-0.10455112006114 0.0303898475165084 -0.0440792964414634 -0.0150227678650711
-0.130250336534368 -0.00887189675817039 -0.022564989272649 0.0294409418500193
-0.129031219710289 -0.0385644293516779 0.0530195288638759 0.00044079229250298
-0.129558680863821 -0.0304269421971454 0.0557547603224899 0.0607720658261369
-0.142767026372389 0.0211950016368386 0.0858887746582114 0.0695120946341658
-0.110376744641787 0.0630931601055541 0.0866354780524027 0.0453271231214532
-0.056393446062174 0.0943304032817429 0.0734305393900581 0.0141820745347535
-0.0131212907714563 0.0915592688873368 0.0496173907730406 0.00986405410205007
0.0189778736149249 0.0850226727482398 0.0338029416367679 0.0120438878616559
0.0395283202023192 0.0652814765516286 0.0170835897827793 0.0251504673779617
0.0448868247321423 0.065821122569961 0.00286242453634337 0.0410709280271378
0.0208083856998062 0.0707050096681317 -0.0143013879670497 0.0507589072132485
0.00734899687476728 0.0791656649459624 -0.0442928775626127 0.044628580610887
-0.031679106727612 0.0842905738020266 -0.0583934578695016 0.0185806574934701
-0.0760196626059298 0.0765053279648283 -0.050734839810661 -0.0154155897006748
-0.105070487840577 0.021381313797048 -0.0230776463316906 -0.015087851437445
-0.124008924236092 -0.0178781451964149 0.016804794225576 0.0337816055199456
-0.100880492099356 -0.036018301511055 0.0901552616723881 0.00821294840137688
-0.106214211811732 -0.0317874398293881 0.0783309676000578 0.0592467369534247
-0.120586219756162 0.0123673408006006 0.0792996109296593 0.0708689698809045
-0.0898058613958268 0.0500497493037606 0.07008115819893 0.0548699884062485
-0.0441200057511229 0.0729721664878819 0.0573587143748779 0.0401582644658083
-0.0111512511772815 0.0692859347488426 0.0477297917643724 0.0410707464035934
0.0131875966740125 0.0642179346346535 0.0417636705825271 0.0392717708965738
0.029415728934592 0.0498884470290946 0.0281412563219385 0.0455080554764339
0.0323579456916946 0.0496993667061173 0.0126912355133738 0.0616506918770144
0.0132586264314665 0.0549811717970985 -0.00715539602173638 0.0691589179084623
0.00290477698143891 0.0614921109944336 -0.0407240782758488 0.0594179614288442
-0.0290923463586414 0.0668803298207825 -0.051611767053243 0.0267502577361257
-0.0704176905593067 0.0591547145919556 -0.0398591038516613 -0.00792533697586447
-0.0916531960153146 0.00771884167622 -0.00396059123609015 -0.0130565216888279
-0.100429607331473 -0.0261187014269894 0.0487835817310029 0.0414673701121471
-0.0576212825258374 -0.0273098237451366 0.111945851013616 0.00973023109206585
-0.0670318606886414 -0.0271061414920188 0.0912897339141351 0.051059782847153
-0.0782382468061927 0.00735277046873395 0.0705082705411228 0.0652412545415237
-0.0526363776237989 0.031574269805251 0.0572328138219406 0.0577662307652248
-0.0233091366569929 0.0403635476578094 0.0458739598877402 0.0556084838891796
-0.006005978593033 0.0360496601214228 0.0466230427423984 0.0591404896488164
0.00501241687537628 0.0333596843238144 0.047081528456028 0.0566337326663819
0.0152843741416168 0.026157446992163 0.0347083585487017 0.058574018076361
0.0167806998765531 0.0257764481181457 0.0178421608236478 0.0758176006494699
0.00619564976305718 0.0318293313878004 -0.00663645726414497 0.0824281539087342
0.000245250435875502 0.0378068000206723 -0.0426214872048026 0.0686469827792847
-0.0214334854723045 0.0432214779061633 -0.0502219430840948 0.0304539144727695
-0.0534905943984058 0.0380853124763384 -0.0325876188638158 -0.00317253492538224
-0.0659257615638641 -0.00403793619061613 0.00952640355819263 -0.00947598675806666
-0.0639366469855497 -0.0279150659203965 0.0730296120148298 0.0484626084388914
0.0174628498640608 0.0110911948129752 -0.0987942543212561 -0.0464491303993285
0.0319688078825516 -0.0025472102507407 -0.0407020709576505 0.00755071035510427
0.0256262012387505 -0.0151318294812517 0.0327011228872927 0.007421162496743
0.00388967372765262 -0.0215745520377433 0.0591863179535673 -0.024340328109872
-0.00718785534700018 -0.00610159466842532 0.0608909613228903 -0.073457660787319
0.00230546512709798 0.00412354966444328 0.0206515029524143 -0.102296129979866
0.00790473735648888 0.00198680195248741 -0.0177245137109309 -0.0897222303048887
0.00744133059442292 0.0010680221455825 -0.0393005678556397 -0.0688967902671215
0.0108056388629758 0.00372772462962772 -0.0491824081198555 -0.0645610475714683
0.0069630981194702 0.00593915804202451 -0.0520643671242525 -0.0653587968280383
0.00480731358906407 0.003150976790545 -0.0496488035285689 -0.0624364094903037
0.0143379342591252 -0.00273593115407291 -0.0510385359211763 -0.0586139639978365
0.0259838626028915 0.010644381252353 -0.0567737925343169 -0.0568353435108786
0.0196527285438574 0.0261071667299823 -0.0844053805628499 -0.0334268373781018
0.00668796769503331 0.0271726133343652 -0.1153110627934 0.00265401023975844
-0.0328206501351808 0.00158166321863755 -0.0916944639872469 -0.0446007879230453
-0.011837859947744 -0.00327228210221133 -0.0339754255007235 0.0129709235522942
-0.0148195991832137 0.000349331408881418 0.045563170746046 0.0115373090866502
-0.022921548540223 0.00303872685401696 0.0715379959436179 -0.019201819224386
-0.0185311589172948 0.0256270978754459 0.0727307416688317 -0.0721284583465285
0.00185670592111159 0.0351835183655132 0.0292978363540227 -0.0994192194895169
0.0178096187390179 0.0330920907124572 -0.011344373763601 -0.0870529963658638
0.022967087778184 0.0279971660075545 -0.0353606383964886 -0.062205339173201
0.0251544567467581 0.0345254259819319 -0.0481125610504437 -0.0538381888197852
0.00942001484901902 0.0400847130161226 -0.0537229322274663 -0.0515940083413896
-0.0039175143208432 0.0386799357970756 -0.0565776848328458 -0.049651983286572
-0.0154344800285855 0.0270284248258181 -0.0599599472053943 -0.0495726000728382
-0.0155317265299018 0.0283266824409427 -0.0617306293772468 -0.0520738663070968
-0.0249628119770837 0.0231344864642485 -0.0836141509845519 -0.0238844525603918
-0.0428046319132018 0.016359720172406 -0.109583390965172 0.00855050755301819
-0.0792604585898035 -0.0110204378806822 -0.0695802020269468 -0.0362177535307126
-0.059942726847497 -0.00804654119460359 -0.0189309530188308 0.0262911628339747
-0.0618656806923905 0.0142677058776756 0.0623175043039428 0.0250476683328615
-0.0557153365308913 0.0301110868286312 0.0862728183205633 -0.00900412071601893
-0.0319299748051255 0.0583237602117159 0.0829685565161486 -0.0629643926441757
-0.00156579460779429 0.0648872480824987 0.038007729983087 -0.0858000271890264
0.0238551573661498 0.0614093693448577 -0.00124696570662547 -0.0733649935429839
0.0358673376529441 0.0501490014940297 -0.0258303369068343 -0.0472986732967177
0.0397049978306018 0.0568800439394002 -0.0405670456464132 -0.0344474935811617
0.0169506551652622 0.0645693218720293 -0.0501530560891025 -0.0280130043727881
-0.00109530771542373 0.0681370932955834 -0.0604677548028826 -0.0272855459483747
-0.0303558679264978 0.0605687554821287 -0.0686545804087469 -0.0331747946587142
-0.0463968259706107 0.0526870010084914 -0.0679351359387627 -0.0439752286603289
-0.0642368225181176 0.0264784888137516 -0.0754201438401181 -0.0174817376114474
-0.0862338697915223 0.00807540640510886 -0.090298768466248 0.0150975866517098
-0.116191233206609 -0.0235337801650549 -0.0337725574592519 -0.0260110286742526
-0.101747966522038 -0.014224470899725 0.00301563744622995 0.0407026835135588
-0.105260820924676 0.0254854879826173 0.0777564071247372 0.0430800412070435
-0.0858969099013689 0.0531394638049575 0.0965093708741008 0.00857140689172491
-0.0460567867456531 0.0847957762177908 0.0888883921248794 -0.0437334996356566
-0.00668670995148497 0.0877846172807686 0.046821237039883 -0.0607325100379889
0.0260606843716814 0.0820521190299846 0.011329328508728 -0.0501700829188156
0.0433832411018212 0.0649808946686099 -0.0123573334010089 -0.0248505278709482
0.049235605913894 0.0695738582275378 -0.0277728936148992 -0.00941167388275491
0.0235738085960527 0.0771616967819997 -0.0407540007470991 -0.000612348634412805
0.00539304187365742 0.0842955464355248 -0.0590564003076964 -0.00124256013174426
-0.032653645738375 0.0830786180791974 -0.0708069887652357 -0.0135343858631077
-0.0641487781522839 0.0738224041498452 -0.06860833773346 -0.0336725509763817
-0.0910167929213396 0.031657286470084 -0.0618697231611339 -0.0147928569826293
-0.116943386164247 0.00101681704813745 -0.0592120994923169 0.0231114584727232
-0.134530304344993 -0.0330000994224223 0.0113221905034935 -0.012139441703145
-0.127410633328436 -0.0221166963408074 0.0303053179032742 0.0531765055240365
-0.135833849731029 0.027795535421783 0.0857448313735856 0.0600403459148949
-0.107217367514111 0.0658688810860834 0.0970958163825107 0.028751352847466
-0.0550695990847583 0.0987149090651035 0.0848701062582496 -0.0153296501124072
-0.010913788735912 0.0983755418493498 0.0513904058829113 -0.0263934700402297
0.0246396575408251 0.0909570247561321 0.0235784412464833 -0.0197542359623359
0.0448580666765062 0.0699542998461014 0.00309236206165045 -4.72665452583496E-05
0.0517307088133613 0.0718304806502722 -0.0123893939538305 0.0165802394166106
0.0255401813822966 0.079285698413232 -0.0267773684126877 0.0259125343797654
0.00985636752191649 0.0869630655497795 -0.0516921544453758 0.0239737220215494
-0.0311415530635065 0.0918477471751323 -0.0655738284775047 0.00466116929153644
-0.0727538911985282 0.0832577542695477 -0.0625254688717616 -0.0230027602095102
-0.104340647362417 0.0312566997297249 -0.0438054653247583 -0.0147493274110815
-0.130492746549574 -0.00737586963096322 -0.0227222064903666 0.0290490487226234
-0.129531274794582 -0.036322146595105 0.0540414930992822 0.000778253945486107
-0.129228915157664 -0.0296393477926307 0.0560057755693303 0.0606485622510274
-0.141312509049998 0.0222840792796932 0.0858143877034028 0.0701498845616838
-0.109367138666254 0.063754552586164 0.0863673302345722 0.0456499886572085
-0.0550746691033833 0.0949585393827297 0.0729420562590364 0.0137219820745002
-0.0121869811282746 0.0919951316765518 0.0505152991397781 0.0101649236915655
0.020599242266847 0.0845789175036144 0.0338162129920342 0.0122175756652062
0.04016290686247 0.0644143548283055 0.0174871990486008 0.0251565565502461
0.0457226489308622 0.0641687467895177 0.00268623558020822 0.0411178056211163
0.0212555693591859 0.070772549510262 -0.0137050543727475 0.0508239194304346
0.00811002484206086 0.0783268933610454 -0.0440092441682627 0.0452523350986699
-0.0308896174446817 0.0845800780321233 -0.0586615418587928 0.0183701795438743
-0.0749291897205657 0.0766203397948825 -0.0516910764974622 -0.0150180030272472
-0.104787934261605 0.0222161125376785 -0.0231623723423068 -0.0151020968171279
-0.124233069582787 -0.0165002646951143 0.0165476600067355 0.03371123161981
-0.101246438120557 -0.0341576924243197 0.091103870677399 0.00824196264077483
-0.105721674972978 -0.0310567925713724 0.0785794779168022 0.0589425394594686
-0.119364187566053 0.0135152915931609 0.0796857991584501 0.0703823398536936
-0.0889784069113563 0.050451839700573 0.0705282725322753 0.0546571285408996
-0.0434567227278679 0.0727149575094684 0.0571033532594906 0.039928694037133
-0.0101145525899884 0.0692245128473064 0.0487471805880453 0.0403919310955067
0.013847297989887 0.0641758520712338 0.0421216910673945 0.0393077658668843
0.0297360108210092 0.048972755898445 0.0282888788396621 0.0454372873527073
0.03314697049594 0.0484805197157891 0.0132295762490727 0.0609712653202154
0.0138650827770022 0.0550346076517365 -0.00669364322821623 0.0691467991058733
0.00320126809107354 0.0611049176189458 -0.0399681063746834 0.0594408068393364
-0.0291714906168566 0.0668101721942872 -0.0516939069170111 0.0266581539935975
-0.069404919287862 0.0601131508007404 -0.0407150561808093 -0.00800259339864409
-0.0912581407494776 0.00846605840257065 -0.00459257890428222 -0.0132121378527271
-0.100555564558856 -0.025012422018404 0.048422467797528 0.0407636142644902
-0.0575159197353637 -0.0262938334968002 0.112576348578009 0.00921231708594251
-0.0663205386262944 -0.0271188069458303 0.091441940670441 0.0507062446593522
-0.0774722417075517 0.00740909923059075 0.0705150793272612 0.0649535293292409
-0.0523712820807252 0.0316111028512618 0.0572772263199847 0.0578087621452233
-0.0230090724041328 0.040375841609283 0.0465289115376515 0.05534457127971
-0.0058971344397909 0.0357462551304107 0.047692112716735 0.0587440072861529
0.00555232799460079 0.032933239479323 0.0474077732915202 0.0555022205998826
0.0155640011011021 0.0256176046412317 0.0348124673532362 0.0579268518271166
0.016690519254213 0.0253639769222767 0.0182215695994612 0.0749711121366578
0.00618888755372672 0.0322064858904236 -0.00558419549007784 0.0816800300376197
0.000420776820275519 0.0380359328054524 -0.0420271761144859 0.0688194063916285
-0.0219883389559636 0.0434648882180653 -0.0504619252331753 0.0303724916428221
-0.0527709509383278 0.0382055199158476 -0.0335530657673984 -0.00307587352619605
-0.0658015770153181 -0.0037321792117269 0.00919195154635181 -0.00950735167473098
-0.0638932235013948 -0.0274356368704247 0.0723548629903753 0.0477632243226961
0.017620148909539 0.0112182274238299 -0.099893235569359 -0.0462771765702826
0.0320355181449026 -0.00241569463970471 -0.040850586714585 0.00921606132339133
0.0256990436714899 -0.0154997821805397 0.0334424712380955 0.00769913945626588
0.00433172880374456 -0.0214416344195357 0.0602448083235299 -0.0252376650386683
-0.00739131986603684 -0.00527521406805775 0.0611141508012445 -0.0749052767435728
0.00234179044533988 0.00404368653679143 0.0194676940655451 -0.10387197073394
0.00835387956878596 0.00172959367520956 -0.0181461487947491 -0.0907024798135242
0.00757512266621326 0.00126789443370593 -0.039674772857544 -0.0698117825135732
0.0110117017399728 0.00383780064902032 -0.050928450980723 -0.0648775462521791
0.00763379443485491 0.00591863233701744 -0.05454159371539 -0.0658508735510531
0.00490766811143802 0.00310420457556039 -0.051001033810846 -0.0633958341675101
0.0146360745256299 -0.00252880318073724 -0.0522174960237753 -0.0598048864893219
0.0266175131554884 0.0109014894949778 -0.0575394690457297 -0.0580468989958101
0.0195762625160341 0.0266958468339648 -0.0852525901091706 -0.0338750363463321
0.00660851433191731 0.0278475984006336 -0.118296111060133 0.00276493244032357
-0.0331675501228286 0.00257975468086337 -0.091881006488555 -0.0448360483294012
-0.0126337603959988 -0.00275342790928172 -0.0335663175522162 0.0140765350750508
-0.0152799270914772 0.000756790454686138 0.0466333286212573 0.012590876569407
-0.0236537160472026 0.00395998037667804 0.0726200273438387 -0.0194877976046812
-0.0182841994154377 0.0266091125700967 0.0729841105258182 -0.0737735444026677
0.002035676486159 0.0354650325677239 0.028997098130144 -0.101233441751966
0.0185483832555252 0.0333395909180068 -0.0113854629076737 -0.0882375336363784
0.0232671906017164 0.0278697706054158 -0.0353624457425186 -0.0629319328569764
0.0262473865143613 0.0343798811242408 -0.0494047967535803 -0.0539188886580926
0.0102131679082304 0.040513668824813 -0.0560318456405404 -0.0517817861269676
-0.00363208346751705 0.0392054736040703 -0.0582333479583225 -0.0501957749607555
-0.0155527297409307 0.0283297057641238 -0.0610576441011712 -0.0503074930350747
-0.0155356040178471 0.0292488565219215 -0.06340126199406 -0.0526499168449175
-0.025815159611627 0.0239708966500223 -0.0841392554124041 -0.0242671521092984
-0.043786707184132 0.0171842981665563 -0.11247260559002 0.00884516238425991
-0.0812762384926202 -0.0101918120431432 -0.0690890090694013 -0.0356386607727951
-0.0616941378999538 -0.00780641520959557 -0.0183093974241486 0.027672215031875
-0.0622624727793177 0.0154531935921012 0.0637960017542479 0.0262238867267224
-0.0566228177367215 0.0312140849931907 0.0877954566630493 -0.0084557713203864
-0.031834522785743 0.0599593629155712 0.0834964631380676 -0.0650476887093815
-0.000464310156559749 0.0666358719223742 0.0383518567183351 -0.0874902421082884
0.0254717785473576 0.0619770792232571 -0.00149337666706815 -0.0742740322005268
0.0365125969214392 0.0506016006867175 -0.0253203654710187 -0.0470254681164969
0.0412450423635018 0.057086085511766 -0.0419011315497341 -0.0342129805701285
0.0181013729651933 0.0655732522627626 -0.0518844170359786 -0.0278723153720617
-0.000376517162351288 0.0691998189422946 -0.062365862325968 -0.0275569245472978
-0.0307279922133787 0.0622281472051258 -0.0703670828642051 -0.0336048846438512
-0.0466731338264097 0.0545666087163725 -0.0698485032424184 -0.0445332509601604
-0.0657467432289367 0.0278850032506202 -0.0760589601569601 -0.0174229313598927
-0.0879384375337189 0.00884950228360112 -0.0923647676150179 0.0150084524538671
-0.118840092124463 -0.0220222649531616 -0.0325860656993303 -0.0255192473281995
-0.103457165668545 -0.0137408310352495 0.00377590152176669 0.0420677908955069
-0.106106705829635 0.0269391594927874 0.0792029912449458 0.0446977015594052
-0.0871829365663945 0.0546946834585758 0.0985929452825831 0.00964821990743476
-0.0455687226869416 0.0865943454254186 0.0894944597624153 -0.0454466500780399
-0.00579540089107057 0.0900602237960343 0.0476073170084614 -0.0622014002681038
0.0277239254794092 0.0832353796321528 0.0112546555152143 -0.0501522249693319
0.0443437081339007 0.0653635639783404 -0.011446555118177 -0.0249295833759545
0.0507853565021044 0.0692313203139546 -0.0285930302217112 -0.00875750583900815
0.0247934863973347 0.0789254255425411 -0.0418317752614781 -0.000262191259144724
0.00638936961464247 0.0853093629357519 -0.0610773208964373 -0.000546469990652236
-0.0325389283355366 0.0855665941486246 -0.0721722263852433 -0.0134432405391707
-0.0640934044534342 0.0759322688409742 -0.0703012631285986 -0.0337435331252541
-0.0926503626945914 0.0333339748618212 -0.062729137001032 -0.0145909379799444
-0.119861146725187 0.0021297609227787 -0.0607404252215299 0.0237609102876352
-0.137026735474573 -0.031532355568989 0.0129205729169443 -0.0122335868713066
-0.129861121840916 -0.0219343808248636 0.0314576443708275 0.0548026045965532
-0.136775724362199 0.0296280579598706 0.0878861244712941 0.0612964190180135
-0.108657242636473 0.0679382629009583 0.0989333043431226 0.0299868888951115
-0.0551217851196333 0.100703024467043 0.0859303594938676 -0.0156828828132257
-0.0101469086091893 0.100096143203241 0.0525387307567021 -0.0264396916265071
0.0265096122106774 0.092257052448324 0.0244687993003176 -0.0196891223655247
0.046324064324 0.0700577955318739 0.00345973002683627 0.000489042973522649
0.0526815710824096 0.0715332236206579 -0.0125413172901704 0.0172737154652365
0.0266735517369144 0.0806299143069394 -0.0276799392443682 0.026794294508783
0.0104626947067335 0.0881713320879845 -0.0529830171712453 0.0249154051677967
-0.0311218804045498 0.0934652153289118 -0.0676581001968903 0.00517712698702998
-0.0732833177587297 0.0849612662126253 -0.0645984840808034 -0.0232696251151779
-0.106614919417734 0.0326018042639674 -0.0445924062882521 -0.0148685542028359
-0.133236504246689 -0.00620138566496395 -0.0234096731424058 0.0296270510418942
-0.131777619154624 -0.0349967985725172 0.0562577616113405 0.00102895883682996
-0.131163393904184 -0.029542961208464 0.0575372596179102 0.0621170407136679
-0.142815365478461 0.0233583240499546 0.0874060179952314 0.0710116365058171
-0.111739288569679 0.0653713811027564 0.0882896696504676 0.0473855701337103
-0.0552867714979274 0.0963203099642302 0.0737825343755233 0.0146415559156213
-0.0114349448852678 0.0938388409619936 0.051902239030239 0.010000226788049
0.0221806116904638 0.0855872338293755 0.0348602960215897 0.0124174482252982
0.0413171470167241 0.0644525624522184 0.0184005628037017 0.0253255751985297
0.0467123090375008 0.0642228625261765 0.00327090230526208 0.0415368421457457
0.0226104905278026 0.0723222961561482 -0.013815288675826 0.0514790524302948
0.00856343433706253 0.0793876021139383 -0.0444706894101066 0.0461280332061651
-0.0313977971796899 0.0862534011101441 -0.0600987908329761 0.0188056837011259
-0.0751501895308214 0.078848666070394 -0.0536240611450157 -0.0150798827368188
-0.106649495058731 0.0232194228298814 -0.0241097417104673 -0.0150429442008995
-0.12695373638664 -0.0160131461093766 0.0161191924514221 0.0338126580444373
-0.103542653346354 -0.0335645630270239 0.0933600779395335 0.00831609991562743
-0.107089834138973 -0.0313230655205911 0.0802823085104612 0.0597610478548866
-0.120862497754622 0.0137917189241117 0.0808804904541642 0.0719598945646629
-0.0905894476615049 0.0514913996142333 0.071621582804259 0.0565942760836893
-0.0434476326876239 0.0738362578899894 0.0578217311891718 0.041188980470577
-0.00951907408587613 0.0703230107328429 0.0501668583651065 0.0413918095406737
0.0156329661096292 0.0646692251917804 0.0427605253914559 0.0389009586609547
0.0310401573290862 0.0489887147599278 0.0290254906448265 0.0456938631935335
0.0338676708319704 0.0484261507744424 0.0135750311556905 0.0615275089253191
0.0144642445891928 0.0560801832453496 -0.00645892164865226 0.0699636085979576
0.00322357237234034 0.0618276872468065 -0.0403450468879446 0.0611614464946052
-0.029676042694203 0.0677867059912151 -0.0534923362705381 0.0273375417617865
-0.069757791535519 0.0612587968738402 -0.0425327107065799 -0.00818282813656863
-0.0928140600140743 0.00890812178223815 -0.00534076930900684 -0.0131388956254492
-0.103032937571367 -0.0247965231560724 0.0487565939738753 0.0410683700493046
-0.0582617478283216 -0.0258924788616802 0.11499272347821 0.00902938739610912
-0.0670986504666843 -0.0272649159053154 0.093286430440028 0.0512519130596057
-0.0777359322161378 0.00736388809860768 0.0717433548462056 0.0663858034836544
-0.0530921267006813 0.0316200156403402 0.0582911354498846 0.0590462387478067
-0.0229680311607834 0.040718977003017 0.0472023018511138 0.0568180270867901
-0.00561796685066284 0.0361099677811843 0.049077187016679 0.0598029822377496
0.006108318549555 0.0333495661819183 0.0487641816841185 0.0559488624184596
0.0157788620815916 0.0255961838876507 0.0357681813332638 0.0583860254513379
0.0169545817993862 0.0252508626452428 0.0190655746409209 0.0759323839725312
0.00663428350791761 0.0325437145004022 -0.00543782171022236 0.0826098729618265
0.000347271811034339 0.0384188932151738 -0.0422120628450341 0.0699714045675075
-0.0225613129002714 0.0442546379781764 -0.0521769261771436 0.0308682616253137
-0.0536211346508086 0.0389339873821702 -0.0354295720840661 -0.00341380826368256
-0.0666830960896074 -0.00375207166320781 0.00849399647102059 -0.00970540767759587
-0.065380112098547 -0.0275565289452624 0.0732976027098135 0.04821674061272
0.0180870999388758 0.0116416606651947 -0.102219636726808 -0.0450824342238036
0.0321124280190439 -0.00244630103638692 -0.0401943006797578 0.011285155390712
0.0257765604227875 -0.0159282071109552 0.0352816068323424 0.00809369099389145
0.00389983807207216 -0.0218903451704738 0.0615223750250326 -0.0261560046800889
-0.00751996028820019 -0.00463891014161193 0.0612025473817809 -0.07868333631569
0.00271121273513725 0.00374583588850549 0.017460244569519 -0.107130978929164
0.00848807524297817 0.0013212649238711 -0.0201482456101443 -0.0922666862668465
0.00759701860597985 0.000949829280811267 -0.0412331955032149 -0.0702890090772097
0.0114147452433503 0.00325298816450451 -0.05429120199191 -0.064649058307094
0.00823062698214642 0.00579470891609645 -0.057858096261761 -0.0661725011801214
0.0056635640612968 0.00318368751559159 -0.054008914172843 -0.0640718031196088
0.0149819737545979 -0.00216120120624439 -0.0548790264514089 -0.0607612390659998
0.0272764253476484 0.0111814371262023 -0.0595346287329138 -0.0591667506209047
0.0199840617429842 0.0278369346604556 -0.0872684234956786 -0.0336958502582956
0.00718766016136522 0.0282345444909672 -0.122373693076262 0.00532652941621017
-0.0350933163211747 0.00389844358489769 -0.0939530016255629 -0.0433974518369038
-0.0142530438187744 -0.00207068947466135 -0.0333216840296562 0.0163496293823026
-0.0156925179740948 0.00194412294299184 0.04881163406811 0.0128992989891812
-0.0239138553733392 0.004846436120254 0.0743691759185382 -0.0207638641614802
-0.0181198085488802 0.0286230527540823 0.0735643030040447 -0.0773751732195394
0.00317732822435738 0.0366204877454063 0.0275777778435502 -0.104911374547531
0.0204127286383699 0.0334789098086255 -0.0131104727270699 -0.0895562785092232
0.0245442114007269 0.0277220116716871 -0.0366954078715923 -0.0636243753165369
0.0278871591193979 0.0338313388455194 -0.0525036107695926 -0.053895876880724
0.0115633257437961 0.041118869269367 -0.0594452686954806 -0.051413479128377
-0.00281383366591238 0.0405244305839383 -0.0607085669107228 -0.0504984221161289
-0.0153425834972486 0.0300568678188253 -0.0642036873930898 -0.0506791250655776
-0.0152141567805449 0.0307438666173563 -0.0661402512781459 -0.0533763892990138
-0.0272786385606854 0.0257902024702472 -0.0859956780559665 -0.0234208543616703
-0.0448346639834115 0.0187421481869908 -0.116286684530167 0.0114995831115985
-0.0838934507577368 -0.00770461748954183 -0.0700530443354685 -0.0350853956901237
-0.0641100846696038 -0.00636295382499037 -0.017367626585762 0.0294270457911245
-0.0630150413614558 0.0177037067851348 0.0655895474153678 0.0262007751388279
-0.0574591613606248 0.0338011853314898 0.090462525351503 -0.00881057953709568
-0.0309566784980808 0.0626330787798869 0.0843794638741196 -0.0682377070801912
0.00089185168903652 0.0685627016318037 0.0374716598542135 -0.0903075496175361
0.0279183010124718 0.062842010546385 -0.00255635612769886 -0.0750015026362869
0.038880961919042 0.0504453423192771 -0.0259285770743662 -0.0466104348287654
0.0435625774555303 0.0567608181217047 -0.0438491388802547 -0.033362402217593
0.0205240507680815 0.0672521401004296 -0.0544172075989187 -0.0267600781579528
0.0013478555495521 0.0709011425547721 -0.0649992573113112 -0.0260671723168593
-0.0301205022271722 0.0651237804440258 -0.0727420290004491 -0.0331062101688277
-0.0463463644890927 0.0571108705684599 -0.0725796332684013 -0.044560345376472
-0.0678340641603191 0.0303862161613115 -0.0776018874564925 -0.0162422008851141
-0.0907661699338243 0.0116310486953936 -0.0954282987885859 0.018195984530694
-0.122856137790896 -0.0191230363484081 -0.032672074079587 -0.0246726546629373
-0.107286291606028 -0.0116317912212215 0.00563816171912073 0.0438320466539943
-0.107917881342284 0.0303547597040176 0.0820440864905015 0.045079925235029
-0.0889084881182167 0.0581307942113479 0.101689416183649 0.00947164402888997
-0.0447908013369452 0.0905909396267065 0.0902995717661121 -0.0475723574395413
-0.00357898860411498 0.0929829286689272 0.047854016447918 -0.0642582865650984
0.0309253847138898 0.0846521178363974 0.010916552831171 -0.0512538631033632
0.0473353878445458 0.0652011446298407 -0.0117940591565491 -0.0249712849257445
0.0538803290142082 0.0687971875935822 -0.0296425491079524 -0.00764014303969919
0.0280111422682796 0.0806098073800392 -0.0434751548062307 0.00102823477348069
0.008766693768737 0.0870336341443914 -0.0629110237451106 0.00110475050486806
-0.0313753146504666 0.0888137175521195 -0.0754167530564185 -0.0120685803522151
-0.0638064484062256 0.0797440293533366 -0.0733822077554037 -0.0329506042659666
-0.0952562407462685 0.0365641673573636 -0.0637435075277301 -0.01371638161263
-0.123867278935804 0.00547904814721758 -0.0622703483428698 0.0253958861047319
-0.14172267448049 -0.0283714480644118 0.0150863392230191 -0.0120212021717407
-0.133890106916999 -0.0194301739865391 0.0340524593673415 0.0563115050693196
-0.139571508541345 0.0330655507718332 0.0911215260631479 0.0626183056487498
-0.110853599009412 0.071865631975104 0.102450743667237 0.0301531424180128
-0.0540720580288559 0.104818917007623 0.0875660620928593 -0.0175583586979848
-0.00784812090093622 0.103667699426202 0.0542228070346415 -0.028411249476361
0.0303199145593806 0.0936725746566221 0.0247622151715084 -0.0199789609070214
0.0494361225362792 0.0703094072800232 0.00437719606370925 0.000706668852809496
0.0561862036655441 0.0713803094387011 -0.0128677867984143 0.0183752485982789
0.0295955517484199 0.0826247979379216 -0.0282250921973251 0.0282690960114059
0.0128277926567152 0.0901673289199871 -0.0541941038350894 0.0270360628477412
-0.0297750985120711 0.0975069613060164 -0.0699124612812269 0.00676907998457074
-0.072826052155312 0.0895224631052864 -0.0673523619904776 -0.022391933729024
-0.109139642517678 0.035998392782185 -0.045622297074434 -0.0143521123269826
-0.137560641864778 -0.00289181499109674 -0.0242207385275195 0.0307106395798824
-0.13566842388785 -0.0324474531552402 0.0589103317258568 2.63673013027301E-05
-0.135697023895212 -0.0277799977903926 0.0606778206090359 0.0627359681498119
-0.145298412330783 0.0268362712356075 0.0910841653717502 0.0725739317546992
-0.113838763687561 0.0692737431670513 0.0919670923093985 0.0480230665161568
-0.0543252196387357 0.0999523187409061 0.0760362431855657 0.0140493355249093
-0.00925461021989214 0.096514001962221 0.0540906307552505 0.00955454539733633
0.0253257504531283 0.0871432986256645 0.0363926984262848 0.0122254846767529
0.0440172388044779 0.0642913723493973 0.0196866522810944 0.0265353019632158
0.0495124663055753 0.0633667980933483 0.00417808243652094 0.0429485611843377
0.0252040142008913 0.0743754431286049 -0.013229431523335 0.053112178288371
0.0105213199303287 0.0808528750098857 -0.0453220586091999 0.0490555449041766
-0.0308994857009741 0.0895795981297871 -0.0620663569215423 0.0209949725136027
-0.075066308821355 0.0827676760029799 -0.0562470246723018 -0.0142565423493496
-0.109629309515508 0.0264796890838431 -0.0244514778860996 -0.0150412940252477
-0.130909268754167 -0.0126041246938769 0.016748812619128 0.0342202606326332
-0.106157141842584 -0.0312475700329447 0.0972263944490816 0.00682265294919832
-0.110119323311488 -0.0308963981742787 0.0841277260006993 0.0601006131559454
-0.122733342678911 0.016022267760695 0.0837019750757782 0.0730993769103691
-0.0923908416233993 0.0542128646267071 0.0748384537696332 0.0575646793528126
-0.0427507606299249 0.0765407954541101 0.0601607042428002 0.0415181448934578
-0.00790647792034513 0.0720664665780849 0.0530212660871509 0.0416680767628655
0.0176296210132707 0.0654865530446613 0.0452453399171587 0.0391760628462636
0.0327355077342421 0.0488504803409615 0.0309809180980057 0.0463616350857676
0.035520418491407 0.0481284575172251 0.0150156110616661 0.0627541431562608
0.0165723364704065 0.0575754842340132 -0.00502177779112345 0.0714137811878015
0.00462626308308271 0.0636003512424508 -0.0401999341999412 0.0634614868358331
-0.029411663967291 0.0711199388758834 -0.0552384447244613 0.0292176229069032
-0.0700547534380972 0.0641420897066109 -0.0447334200154014 -0.00768176064520019
-0.0954823680568515 0.0112996046994458 -0.0061099674352623 -0.0137685207387472
-0.10641909440103 -0.0229474846005757 0.0502236791233376 0.0408770796997368
-0.0601711766873052 -0.0247636444800229 0.118868865438745 0.00735427399720742
-0.0692152936926847 -0.0273124045007627 0.0968637605938621 0.0510731966361809
-0.078954585359546 0.00816671150249747 0.0748404478004512 0.0670500104185696
-0.0545007026150836 0.0330638345354291 0.0610427111531646 0.0603344557411497
-0.0226453949110214 0.0419640215885283 0.0494074372000708 0.0579193747907964
-0.0049641062811877 0.036693966164201 0.0523772446185755 0.0612855215083317
0.00715501352042353 0.0333627067546593 0.05102202160986 0.0559705948519428
0.0165803069950974 0.0255589959673518 0.0374993726183005 0.0589520973797642
0.0181451307208971 0.025333291760042 0.0210686699307693 0.0768079892869618
0.0076817431853386 0.0337786922581741 -0.00353947256331205 0.0846240017251046
0.00108427022069387 0.0396142744258386 -0.0420375211951975 0.0729871170674663
-0.0229949029182624 0.0460928325043856 -0.0536677768406901 0.0327836079012674
-0.0537989447419646 0.0406366617773214 -0.0368307236748275 -0.00296657476922087
-0.0687035802509057 -0.00198657041034012 0.00837229413181833 -0.0100382315981778
-0.0675157208903468 -0.0264826453950472 0.0762413533743841 0.0473218072306058
0.0182654507887482 0.0112795115445213 -0.105126346751787 -0.041426561936526
0.0323902022520918 -0.00310331468365887 -0.0398105223121603 0.0131635778316952
0.0256045960863137 -0.0168337042504632 0.0365272270405678 0.00734141188195006
0.00370057918979299 -0.0218582805078754 0.0620230574477588 -0.0282887396358006
-0.0076574851620723 -0.00377063430821517 0.0589294956060262 -0.0823708288963062
0.00301491113291458 0.00386308021616688 0.012942277317599 -0.109258243780276
0.00884004013319914 0.000604707528125131 -0.0239480900497032 -0.0932147042180399
0.00769893273271041 0.000652880346361701 -0.0440695248526689 -0.0699869272561512
0.011470523969072 0.00248226732229645 -0.0582912029401329 -0.0633754357801315
0.00895235443168095 0.00548904389687357 -0.0620531154746647 -0.0647884976388054
0.00604059639598953 0.00362693300144441 -0.0571835353121345 -0.0638797287871128
0.0152413776587681 -0.0026049459044673 -0.0574750395188315 -0.0594781173640244
0.0283338052014952 0.0107279266835795 -0.0627819777453514 -0.0587203009714859
0.0209460204801382 0.0284394594808039 -0.0896409546021821 -0.0318492952913856
0.00846214803185014 0.028414616359676 -0.125369846807225 0.0105665354887822
-0.0359118430037284 0.00545218143961809 -0.0959489231364574 -0.0406407465630284
-0.0150747764730019 -0.00109483200674894 -0.0319868648579282 0.0184574464575027
-0.0159224907940168 0.00274745028028485 0.0504287619926853 0.0119526775473227
-0.024188516017244 0.00609486778769618 0.0755744736960491 -0.0226213057531059
-0.0173417850034742 0.0301568396967343 0.0715127032157814 -0.0815635786615079
0.00486855460877409 0.0375639899418501 0.0234467909407265 -0.10703852679558
0.0222628199491724 0.0328384902444447 -0.016513002591419 -0.090625788028256
0.0259291245314059 0.0273280785768264 -0.0383569722413864 -0.0629699129375659
0.029927638486749 0.0330152585329262 -0.0556134958490128 -0.0519965159605685
0.0135949333509014 0.0417045937535483 -0.0626819711913433 -0.0492727810287114
-0.000748460216094416 0.0414596718039527 -0.0639053745818044 -0.0495175630016942
-0.0145148566553469 0.0317998329313764 -0.0668242056852108 -0.0490336559018078
-0.0139136789173856 0.0318415403447815 -0.0692272826186445 -0.0523118270938741
-0.0267279478691619 0.0278092695824567 -0.0875735454407562 -0.0212727124527678
-0.0452269146180885 0.0211866781740538 -0.118328769802786 0.0164902584546402
-0.0857607987084812 -0.00397770441880838 -0.0715558949149148 -0.0324356349336116
-0.0662031322883574 -0.00349861943872875 -0.0158892790841982 0.0312052938749437
-0.0634408370674481 0.0207736775164639 0.0684556549589867 0.025589723533595
-0.0580024716625526 0.0370934527335374 0.0925695220811794 -0.0110353842295368
-0.0289801709414548 0.0652553903268839 0.0826826266508986 -0.0725016658089159
0.00418207019122198 0.0698152641757006 0.034770918546384 -0.0930008527057463
0.0314811803107937 0.0624735357960588 -0.0051888548339472 -0.0759141410413732
0.0408284083000964 0.0493070788690895 -0.0272091591849523 -0.0468477845566319
0.0466560240372657 0.0548029607500246 -0.0460868570061848 -0.0318069158929031
0.0239636539213034 0.0678069267881287 -0.0565905766838036 -0.0245431799487054
0.00428331537159659 0.071601960829317 -0.0678532323510355 -0.0243127916814315
-0.0280534515973263 0.0677194977395483 -0.0758851472577967 -0.0306914966197385
-0.0450417488287978 0.0602344492032277 -0.075759272921802 -0.0426386163380559
-0.0687540982638671 0.0341727456790495 -0.0790201757837515 -0.0145700413071926
-0.0925333453195445 0.0160707260603061 -0.0967323376468829 0.0222072362461887
-0.125967506891137 -0.0135932548006725 -0.0320471376155915 -0.0240999159078057
-0.109974069031587 -0.00761513919566391 0.00785436164517404 0.0446898320043488
-0.108376171854334 0.0350423902962926 0.0856468358279887 0.0439711724547118
-0.088851286899019 0.0630636034678112 0.104556874196964 0.00761270871190264
-0.0416885183203434 0.0940952378842538 0.089888168597228 -0.0512708185630243
0.000375253796007574 0.0950644522897017 0.0463556630543319 -0.0667209631271405
0.0357160242992492 0.0845922567714371 0.00940138072085572 -0.0521900816006158
0.0504812282249663 0.0638048667517155 -0.0118233893772857 -0.0242278051791147
0.0577169207393128 0.0670014415374217 -0.0305647899809954 -0.00615071267548747
0.0318108145262962 0.0812841686495482 -0.0445610887964573 0.00363457149165388
0.0121459807386608 0.0881344985107316 -0.064176740959603 0.00402958814421322
-0.0285396960018836 0.0921190055874563 -0.0775611202864855 -0.00947098287070464
-0.0612452664322004 0.0839500720848516 -0.0763306677134553 -0.0311707175692635
-0.0967284048563671 0.0413650149713217 -0.0649135225778514 -0.0119972255410678
-0.125948703523286 0.0115171307700873 -0.0630471339486478 0.0286904637453685
-0.145595833781349 -0.0226116468109957 0.0160458206988027 -0.0129341206043971
-0.137245408720855 -0.0149529433716468 0.0369146588026582 0.0563649818640009
-0.140344553863019 0.0388195993668972 0.0951912019249657 0.0615409951504832
-0.110847990645505 0.0775238891535077 0.106128276944461 0.028667003619273
-0.0508687691543791 0.108755107491823 0.0883215586308824 -0.0200972864835883
-0.00341562024065239 0.106035879607369 0.0544349632797389 -0.0305406056704212
0.0350211737073449 0.0939131507603909 0.0249886025147409 -0.0211608810619672
0.0527075550705061 0.0687471197537329 0.00570614770177976 0.000934265640752589
0.0598996897633063 0.0688134345752625 -0.0118279429264412 0.0195197392333445
0.0338041380613012 0.083315034845351 -0.0276640247916138 0.0305530349925916
0.0162598194265421 0.0905782590797544 -0.0543292571386637 0.0295261629372865
-0.0268797055596941 0.100836165480696 -0.071763465185489 0.0099938106843604
-0.0701335607299504 0.0939595691079304 -0.0700077401152962 -0.0198858148208905
-0.110083160174657 0.0421397585285997 -0.046427038327211 -0.0133675293744918
-0.140318630250268 0.00347712655557531 -0.0239969759466359 0.0322063146369961
-0.139771585637731 -0.0268033394425525 0.0616070205238016 -0.0019820822854357
-0.139024048162388 -0.023585155888317 0.0641478559597304 0.0620856354369806
-0.147056624228977 0.0321645313577415 0.0949722634245967 0.0713217346765747
-0.114505684753471 0.0748776725237352 0.096165682264513 0.046995519093841
-0.0517465785420509 0.103784178920365 0.0775468059285151 0.0120121465725505
-0.00538839327412879 0.0988930929684059 0.056369066825064 0.00789681313275308
0.0299506687510883 0.0870602945686567 0.0374015574854335 0.0109697185944617
0.047094250720467 0.0631115395514741 0.0217892807895939 0.0261714794806664
0.0527386216074492 0.0618085654476593 0.00608915077207972 0.0434405661644638
0.0289620473481828 0.0747272623463269 -0.0116469002900842 0.0544204105874335
0.013257808545552 0.0822024261679139 -0.0444783299599287 0.0521616977998374
-0.0280261403461218 0.0928682438709255 -0.0633007528840116 0.0235042247589186
-0.0725747497061721 0.0871061280500237 -0.0588771960996144 -0.0121394176504532
-0.110811158230628 0.0316121472915173 -0.0256207104415074 -0.0142214313524285
-0.134260410896073 -0.00711526659739044 0.0180631803862264 0.0339144797983314
-0.109694707654123 -0.0270684809370759 0.100729906917841 0.00332791316026264
-0.11294365388763 -0.0276097630020225 0.0874779850833254 0.0585384550398607
-0.123565836969384 0.0196351108808097 0.0877997854273686 0.0718853199541039
-0.0936141948931716 0.0580573347570399 0.0781098310286039 0.0571295604797558
-0.0406874785427919 0.0791440128641341 0.0627795726377253 0.0411541254993505
-0.00518578234265186 0.0734488841139717 0.056412681433247 0.0410583442067101
0.0209375650220949 0.0655836387497484 0.0476726966853 0.0379872964117497
0.0352043035930959 0.0476696954487654 0.0337742129142414 0.0459432124082236
0.037900270393116 0.0466585542787337 0.0180587022997652 0.0630354590707087
0.0191413332270592 0.0584338627783383 -0.00243428661703814 0.072643036190913
0.00714046427319181 0.0646481417807315 -0.0387890352209262 0.0665582135731461
-0.0281144492213775 0.0740702337088403 -0.0558942575240462 0.0325189665273716
-0.0685828231023107 0.0678484715396521 -0.0466181710649309 -0.0055278178477371
-0.0967682961363996 0.0150132319914457 -0.00657663565147954 -0.0135830415761734
-0.109305791677397 -0.0180386932817052 0.0525874927542305 0.0392498320506684
-0.0616747968355154 -0.0227874276593447 0.122094764338311 0.00336067823295838
-0.0709441202551188 -0.0258601783418115 0.100523357583098 0.0486654863657799
-0.0802356735430691 0.0103898542640072 0.0782607836479642 0.0663559516302278
-0.0548326723464894 0.0351501490793058 0.0642396220937617 0.0596170792522387
-0.0214304369652753 0.0434218680563688 0.0528089822024391 0.0579656508900049
-0.00347686968944583 0.0369134479730349 0.0562536838368523 0.0607925876373656
0.00875010844926211 0.0335168468730248 0.0541935637626273 0.0550430941276812
0.0182662014293281 0.024494696801849 0.0402855698561917 0.0588731649348755
0.0193542948910474 0.0244628954108754 0.023762743591612 0.0773165236797195
0.00900398329325722 0.0343729714693464 -0.000582401769744156 0.0854075488800598
0.00253314242654583 0.0402297084163641 -0.0400921048187244 0.0756095606258244
-0.0219184455934946 0.0480586934952426 -0.0537872092268563 0.0357463816250769
-0.0527961178943432 0.0430640903891282 -0.0387088959589875 -0.00169139909970903
-0.0698634517759847 0.000596121887368852 0.00746886462203159 -0.0105602173503616
-0.0696409676147276 -0.0241475748216467 0.0783773887228772 0.0454326406903474
0.0181806496170926 0.00891485218888339 -0.108699567390836 -0.0248718617684863
0.0299302809383834 -0.00722531688290121 -0.0366230381645153 0.0209163200770929
0.0228026598615168 -0.0202170735464585 0.0383511437438089 0.004055210962244
0.000939120254753645 -0.022931845498808 0.0590692480105386 -0.0355634261572061
-0.0068135091084255 -0.00417960895170795 0.0465708473917954 -0.0900516128019903
0.00262326303917651 0.000748214148009543 -0.00393482037245929 -0.10833836352566
0.00738540346055522 -0.00212211070204419 -0.0371824728072727 -0.0883407129624716
0.00666940347132728 -0.000729700749530451 -0.0523581524979913 -0.0629114041104641
0.0105940566462508 0.000617670755741204 -0.065697353403205 -0.055041804945143
0.0086727265953895 0.00467354001898873 -0.0699992639083823 -0.0567826273529119
0.00629249891257836 0.00299496207894476 -0.0648065817620671 -0.0568908951676377
0.0145354999616804 -0.00381689701390811 -0.0643254025446854 -0.0526314107541748
0.0292229872723688 0.00829009913640185 -0.0697579023366696 -0.0521836823085685
0.0251264583398961 0.0266730677978728 -0.0924140122874678 -0.0225586462747879
0.0128756598064258 0.0281037404317329 -0.122707276816058 0.0233805238074702
-0.0362859095801498 0.0127892264507852 -0.0981695676073998 -0.0274999001704312
-0.0157535287428101 0.00340327925809238 -0.0278415547832275 0.0223907555908987
-0.0140253508551653 0.005493586183898 0.051708698677517 0.0043485422406359
-0.0216641920769017 0.00982259445795795 0.0726306730845115 -0.033881067793878
-0.0106217933802457 0.0302643614221729 0.0577451258377573 -0.0918970298215375
0.00950510100665851 0.0332601421183255 0.00586711092456988 -0.108117699105237
0.0267842027475597 0.0279315667128732 -0.0302302906681516 -0.0876574475891874
0.0280207357284525 0.0227917708778505 -0.0459066507615468 -0.0560881823361861
0.0336901907560118 0.0279330687908687 -0.0621973719342903 -0.0442432263116755
0.0196089815618299 0.0397387499658592 -0.069513375261771 -0.0415253880492075
0.00485284321367076 0.0415798429408333 -0.0701756757487157 -0.0420214000675986
-0.00978709184709873 0.0352761149637699 -0.0717055353300677 -0.0419515493669539
-0.00958529891032992 0.0355152096761377 -0.0741951848312295 -0.0447321149747912
-0.0226652079457585 0.0330239800466536 -0.0890190695284958 -0.0108587593020202
-0.0420098878311532 0.0281877178609115 -0.114447446863499 0.0306469068909193
-0.0878869898835189 0.0120024688867252 -0.0706854680400644 -0.0247177202966501
-0.0660223786730419 0.00946445976210697 -0.00820277343636854 0.0306141906249619
-0.0578890651972225 0.0314175095096526 0.0719385884672536 0.0122082484567353
-0.0494676335084658 0.0456268952267392 0.0907122385284339 -0.0272055630409864
-0.0172186950345696 0.0668724695260205 0.0685837921135262 -0.0854475913785201
0.0142071233681086 0.0655646553816643 0.0180455361809969 -0.0961769039683084
0.0413884060544215 0.0562844318985804 -0.0175981123024938 -0.07594832579283
0.0461466275357011 0.0423501465909518 -0.0324489894210886 -0.0416186254405017
0.0539519101814941 0.04749470084416 -0.0495725143394112 -0.0245667405913718
0.0340426243176683 0.0646182285585122 -0.060679072396728 -0.0178800318415483
0.0146921610509444 0.0709779297707522 -0.0711178379349446 -0.0169025385410605
-0.0176346234358344 0.0738698618434811 -0.0781563700904845 -0.0238630502250956
-0.035574262698026 0.067289781631726 -0.0785249326838664 -0.034539604285916
-0.0631908704702023 0.0450026648536115 -0.0786123999662438 -0.00426033222966777
-0.0897602407621109 0.0293664225366597 -0.0919492220455269 0.0349324099161488
-0.127643582041231 0.00874339218820099 -0.0299930737472391 -0.0235102150769805
-0.109232066379842 0.0121334317789157 0.0173864409059988 0.0384080943648746
-0.099463644096654 0.0520111089931974 0.0915035244007482 0.0257824305673812
-0.0757171780259006 0.0771433693509078 0.105139228578673 -0.0125711371133639
-0.0251260688661411 0.0970327697905918 0.0782022835336464 -0.0664546154796971
0.0149884004120684 0.0908000352219802 0.0325043748945575 -0.0729038050994436
0.0495236503290349 0.0775922236493815 -0.000195824105089983 -0.0552608565938731
0.0575747081753263 0.0549013172720356 -0.0151860128311082 -0.0220285370054045
0.0668233474973566 0.0570317097940005 -0.0311345977335377 -0.00164728591281011
0.0445960893962507 0.0768434210600733 -0.0451327080999891 0.00808148988490937
0.0249654518525191 0.0854675933199458 -0.0650389573034405 0.0105957629152288
-0.0145669762909424 0.0980195720803617 -0.0780372030967388 -0.00279344803583469
-0.0483509005193389 0.0931661495001368 -0.0775383262584669 -0.0231354417021196
-0.0893380376906231 0.0558589804631303 -0.0641400971681456 -0.00275506384060091
-0.124014126936925 0.0293218138463391 -0.0576685980369222 0.0384099323561231
-0.146784580207198 0.00330587811442406 0.0198809438981228 -0.0201748587997496
-0.136267262745836 0.00871355546428514 0.0481429971247388 0.0448329471755339
-0.129613503025319 0.0610866646547173 0.104211430858761 0.0401185603611886
-0.0948759842644013 0.0949584146897019 0.109360009267983 0.00656195905211724
-0.0318739052925604 0.113236862771544 0.0804067686047176 -0.0355508747076859
0.0132272016650474 0.102890062355866 0.0459029267349951 -0.0390445865199366
0.0508226112108957 0.0873719840016992 0.0194407476068993 -0.0270655594195566
0.0609557063035358 0.0597501384802754 0.00517981516336824 0.000486117288018262
0.0698280728343162 0.0589978443017212 -0.00984323493170023 0.0213944101072716
0.0476647739863935 0.0783646018975697 -0.0254211067646135 0.0323596403892641
0.0296429883590826 0.0875599204494723 -0.0516616659232716 0.0354044481727036
-0.0113492112671619 0.105805819270093 -0.0704838176277796 0.0153893526650208
-0.0555491473008559 0.104332752366872 -0.0699306520501691 -0.0130507373732474
-0.103800384014146 0.0576749241073573 -0.0456777796160337 -0.00560712390461661
-0.139325940602805 0.0225249359431652 -0.0185883111573172 0.0380790296333476
-0.140856813263549 -0.00296079482518698 0.0656566083980591 -0.0154163518609516
-0.138341753980756 -1.68897732263848E-05 0.0762235793406792 0.0466857299925802
-0.136843343352257 0.0551401886397133 0.105927635000296 0.0491473627046964
-0.0988626328867854 0.0933343445577071 0.101910002448209 0.0261082937757126
-0.0332828907133183 0.109141809179049 0.0747496411401277 -0.00196033511152484
0.010352469661832 0.096553494594048 0.0539786123049127 -0.00146126344877888
0.0452501475957487 0.0817855586472991 0.0366342806179843 0.0032732795154048
0.0547271571909541 0.0547806603865595 0.0242143912106883 0.0232186734963201
0.0618687316845801 0.0529348470198292 0.0110213837146985 0.0432177506494027
0.041344895150819 0.0701625460819815 -0.00610488462298066 0.0547976731886165
0.0256709349084416 0.0791777531760824 -0.0385921680290812 0.0559986855605233
-0.0135246861525287 0.0983890542049205 -0.0602330843552203 0.0286698539184744
-0.0592875028850372 0.0968766265361881 -0.0581065342744562 -0.00661021780533099
-0.105912359263257 0.0473288898380947 -0.025229095886012 -0.00909259512213612
-0.134416157982332 0.0108747306954971 0.022697734059424 0.0351517137317664
-0.109681532235278 -0.00900982715017051 0.103440282811668 -0.0145154322047164
-0.113340306219693 -0.00912369185736603 0.0981146842333574 0.0407027466885664
-0.117101804332382 0.039507771108865 0.0990128411035645 0.0519385965034168
-0.0810557995125056 0.0733556611941145 0.0857443317254073 0.0397855831722435
-0.026817528958406 0.0838248481925847 0.0650106774726022 0.0299333283195159
0.00728696589024199 0.0730782427842941 0.0595563133976307 0.0314937761189417
0.0328365161224229 0.0620565963174915 0.050984553452963 0.0290032399868113
0.0414001151537394 0.0417419336877862 0.0385326385078257 0.0407918039651576
0.0456109073720064 0.0405310555919569 0.0249312413347284 0.0608550156675343
0.0290656085298693 0.0554721535554464 0.00552796865322927 0.0718026033444711
0.016793070785024 0.0630581927847588 -0.0318113352636541 0.0698668966388776
-0.0165274922054437 0.0790022788372593 -0.0520422962824413 0.0366470910885501
-0.0579013687781735 0.0772536297169965 -0.0449836761638589 -0.00111976544855735
-0.0940405018266007 0.0288905709467898 -0.00721472793455799 -0.0107300616992204
-0.111280719511772 -0.0040544539116321 0.0563160169701764 0.0363849610845289
-0.0616031047721995 -0.0134869634391126 0.123063047649104 -0.0158690458991687
-0.0713365072667679 -0.0144959791613615 0.108366749974434 0.0308492751710324
-0.0754649447238249 0.0229090372712569 0.0882594539826091 0.0500988467405563
-0.0476071749241698 0.0447454424303934 0.0725199037799315 0.0467100904350132
-0.0133045978981056 0.0460526597175192 0.0593573195084635 0.0491852394660912
0.00357248459846563 0.037127126771752 0.0634729882411797 0.0507026383183931
0.0153948809570657 0.0319589008818108 0.0605489675284133 0.0451767061003273
0.0214790745386118 0.0213936455801264 0.0468953077296316 0.0524367475693792
0.0234254277171343 0.0215359251878681 0.0326158821124495 0.073640277333049
0.0159408963505845 0.0326647110988879 0.00924348962760301 0.0845626984907083
0.0091134343197693 0.0397177561625945 -0.0315545079286604 0.0794799135453618
-0.0145953990405338 0.0523931733076694 -0.0500769088120842 0.0406073379304069
-0.046390794746151 0.0497516619625303 -0.0376709057171209 0.00296519602125873
-0.0691261063198403 0.00972234718399712 0.00671640562081516 -0.00990180928417512
-0.0721083580631156 -0.0158865981325184 0.0820986442118732 0.0377295260256163
0.017750270376724 0.00811515788772197 -0.107015191275317 -0.0217441379641601
0.0292939280505274 -0.0067013009752317 -0.0351737581535402 0.0215851431038753
0.0217066150442886 -0.0200574011267828 0.0385867203803125 0.00402874127329088
0.000635392941477842 -0.022254673921744 0.0582676539136202 -0.0359098587560418
-0.00608497346419409 -0.0036603582027437 0.0435977707463708 -0.0895091381339535
0.00256378600121821 0.000262726588850607 -0.0070574253068631 -0.105814847740445
0.00736746233586091 -0.00279500728022538 -0.0384296649938844 -0.0859490749388588
0.00644411115860208 -0.000463736349105537 -0.0518947457767773 -0.0615413653869023
0.0103914924135272 0.000279840607181802 -0.0659572891382162 -0.0521883452644473
0.00886467040020008 0.00388806470431759 -0.0708528028974532 -0.0539964981025134
0.00652748858687483 0.00277439050910847 -0.0653375109769553 -0.0545014943002945
0.0141946564726703 -0.0035666643907405 -0.0636358669825094 -0.0507057339456957
0.028718506978037 0.00813433408058238 -0.0696396439771231 -0.0506183139458522
0.02529578079185 0.0262363493315928 -0.0915334019792282 -0.0208049000652947
0.0132206893092093 0.027464892596746 -0.120895202405574 0.0262795623700116
-0.0354145051210656 0.0144698184595388 -0.0960816169028703 -0.0248386423680567
-0.0153923428975446 0.00450624833813565 -0.0259795450737976 0.0225683518967003
-0.0137116028758094 0.00613449611555953 0.0517514798781804 0.00389647732568861
-0.0210996827483998 0.0104762788564184 0.0720347510153183 -0.0339525108840933
-0.00963823689718595 0.0306555075507794 0.0546618130289111 -0.0910886987249943
0.0107882795467934 0.032969971368272 0.0031777648988128 -0.106218188420463
0.0272767933655187 0.0259945922930109 -0.0316671833798347 -0.084778942643303
0.0280808106487377 0.0214872488882508 -0.0455528609375174 -0.0546139816550585
0.0334064556220875 0.0268347590168879 -0.0618694332628712 -0.0407508589134596
0.0203955053808167 0.0390817341817551 -0.0692531790917322 -0.0390080225443695
0.00645642511381598 0.0409738947598037 -0.0705262546358509 -0.0400224871576195
-0.00892693163522056 0.0355843056299221 -0.0711750192120404 -0.0399854619971339
-0.00813469875584971 0.0356746327682098 -0.0739427903360489 -0.0430764367079223
-0.0218986968287871 0.0338460376525542 -0.0872995195696415 -0.00950225734578396
-0.0407680782858125 0.029091808925391 -0.112782580513374 0.0330758724299892
-0.0856458722128935 0.0149874183709814 -0.0687884749551189 -0.0231464028698889
-0.0651730911722217 0.0108596978759881 -0.00728197618515229 0.0301663749510415
-0.0563964974230002 0.0319741713081254 0.0719584317911351 0.0112014588872982
-0.047717475840768 0.0467389209564951 0.0899822195604922 -0.0274628122660574
-0.014823420957174 0.0665779841999339 0.0658043783693592 -0.0848143441918816
0.0159137824623381 0.0648377236098788 0.0158800471091045 -0.0949003579162064
0.0422050719020114 0.0535797261120625 -0.0186766712697165 -0.07372296758321
0.0462446809699752 0.0403013873952922 -0.0320293641882633 -0.0410361512929951
0.0537012733338856 0.0444343529526963 -0.0492610918073566 -0.022423873657622
0.035211108753305 0.0626567170665731 -0.0601040936068715 -0.0161365534796844
0.0161436735757568 0.0694808674753842 -0.0706007207511505 -0.0151709276391673
-0.0153788376023453 0.0732317026947791 -0.0777781682941601 -0.0216548134803975
-0.0332481908782161 0.0675839559868437 -0.0780681582302437 -0.0328539110928712
-0.0615882768272563 0.0465848824884019 -0.0772110437163596 -0.00339234220382291
-0.087659107459264 0.0313551833665252 -0.0901978667596408 0.0365505202684315
-0.124720198908551 0.0127283312381071 -0.0285341630586168 -0.0228537525489648
-0.107721313637908 0.0145378732835056 0.0184031270370593 0.0380797004793941
-0.096868879932893 0.0533455366661497 0.0911745496482107 0.0246388724258864
-0.0727427522960162 0.0785620877526249 0.104535304647333 -0.0139100381158824
-0.0222878082237262 0.096710987491283 0.0754518336037918 -0.0661010480301068
0.0172079845877634 0.0897235614422516 0.0307784199442987 -0.0725372296329606
0.0509674298111677 0.0743769857453062 -0.00136513955694307 -0.0535259335417167
0.0578547953867797 0.0526500762886119 -0.0143168198753404 -0.0215938822634214
0.0669575937703848 0.0539025935305768 -0.0302055078583023 -0.000397515838070751
0.0458395989426754 0.0745002109286571 -0.0441887921397024 0.00968356728447131
0.026653544134613 0.0839376108348008 -0.0636164950823703 0.012142403936935
-0.0120415366818528 0.0972031221982494 -0.0772288055627229 -0.000909995764151767
-0.0451170467678107 0.0928765680823644 -0.0770812787174473 -0.0213362492685544
-0.0871042611924763 0.0575144108910244 -0.0631100958788148 -0.00219573260796258
-0.121094324583027 0.0319629385181212 -0.0561447642775219 0.0393824268105228
-0.143937789384039 0.0073969925055317 0.0206134427004418 -0.020958252369176
-0.134720503413148 0.0117938992042981 0.049041058888875 0.0434892346838497
-0.126701990074046 0.0623499944773469 0.103638377911926 0.0385238264933951
-0.0919669654192989 0.09682074098982 0.109341134042753 0.00520503893578551
-0.0287781813994992 0.11256381353722 0.0784882579597866 -0.0357865685972467
0.0161067599049013 0.101621122250739 0.0445844967826921 -0.0390293935053413
0.0528047574485371 0.0841468142999361 0.0183595162072811 -0.0266492687051558
0.0608255749424907 0.0568111681007043 0.00587250314055326 0.000421487605920369
0.0694426826665692 0.0554065908420898 -0.00906518408157663 0.0216103397770899
0.0490632671818134 0.0758614266907223 -0.0240766734952841 0.032858920938036
0.0307786605185964 0.0854731916318452 -0.0504040447845903 0.0366728948602649
-0.00829777982962773 0.105031381052281 -0.06937172691967 0.0172894356755613
-0.0519834094253246 0.10349563737214 -0.0693225983095801 -0.0114604997277174
-0.10053735953076 0.0599019761880827 -0.0449477051566894 -0.00554772535572718
-0.136092048963718 0.0260158376558505 -0.0180600425833811 0.0380522038854397
-0.137688952768025 0.000965334247487513 0.0652867549299265 -0.0170618483548258
-0.136686293941772 0.00286183416570142 0.0761830860402548 0.0445200876605072
-0.133838295191475 0.0566274076460927 0.105565335044268 0.0474966908443926
-0.096200409667441 0.0949117822724549 0.101814994070064 0.0247063072655591
-0.03045996264253 0.10853706631885 0.0736443203087847 -0.00213929323392451
0.0128196376866285 0.0947417408161566 0.0535967275968667 -0.00229189764912814
0.0466410848438868 0.0783276820227911 0.0358217917026074 0.00264538154047075
0.0549648537610909 0.0521536307974917 0.0248195834718139 0.0220745715959777
0.0613876509063248 0.0497564216740925 0.0117903504082032 0.0419048782909135
0.0427736406886776 0.0684929205380588 -0.00450370389911283 0.0541511641140033
0.0269142594910303 0.0775126452302772 -0.0373505795092665 0.0564581723834481
-0.0109941991444483 0.0974053412954124 -0.0594957638720707 0.0301881327751767
-0.0558513589571964 0.0966674788743689 -0.0577548081078792 -0.00441413456627527
-0.103002181287719 0.0494513242858963 -0.0252002340796591 -0.00873073721267844
-0.131812043475124 0.0145032165477909 0.0227323868425769 0.0341169622375694
-0.10765415865012 -0.00582773329350788 0.102855758488004 -0.0169264621984596
-0.112206941364423 -0.00681415068128885 0.0973489956564167 0.0381469619674093
-0.114300508469431 0.0404676970304207 0.0984016924453578 0.0500558348631761
-0.0791462894264328 0.0752787142528409 0.0862861807504633 0.0382442688321037
-0.0248475179337476 0.0834692724193727 0.0652149324586748 0.028929319986114
0.0087640447725306 0.0712050987791428 0.060360092380096 0.0297071469446116
0.0341381152909141 0.0595624698743886 0.0508376830022468 0.0272487186394161
0.0415918430863814 0.0394175127527526 0.0387168240786702 0.0397011617868022
0.0449692362306999 0.0381450114658723 0.025985615832975 0.0589766230638998
0.0305823298190902 0.0534689678564968 0.00654680336772448 0.0702273805644189
0.0175842757342783 0.0619844560818517 -0.0295453556555318 0.0695761792750958
-0.0143679680215329 0.0787242665007554 -0.0513970697110744 0.0375620827730713
-0.0547907386217987 0.0770061447886627 -0.0449886525928861 0.000718320400482575
-0.0916702161503274 0.03081207473747 -0.00729398280350969 -0.0108616030404759
-0.108752274960081 -0.00130207001323538 0.0556871383926951 0.0344462967482843
-0.0603098012278654 -0.0121041279987138 0.121591720004089 -0.0180149817393211
-0.0709218414601696 -0.0132661726473294 0.107108666210606 0.0282865553926009
-0.0738924589758793 0.0232431163311962 0.0873632414783867 0.0480855981200408
-0.0459307823442468 0.0451409592901982 0.0725953926382317 0.0452546821945766
-0.012183790571001 0.0453637629082734 0.0598513466039878 0.0477832158458237
0.00409605466860861 0.0358684635584956 0.0647682711063138 0.0486634550237002
0.0160997295227519 0.0305581918876489 0.0602257502290744 0.0432164648071502
0.0215819643392151 0.0203187699465484 0.0469490684199101 0.0506196789363613
0.0229933227451113 0.0201545368101763 0.0337102147344259 0.0716871237679309
0.0165596569878492 0.0318072454036714 0.0102921248847138 0.0824717419013185
0.00984010208368474 0.0391097822986657 -0.0296218524004859 0.0790257991286369
-0.0134118636639875 0.0524195791354945 -0.0489102119416501 0.041496028677279
-0.0440092841612035 0.0496063499842528 -0.0377639170038076 0.0039054227420019
-0.0675555738814255 0.0114627374010863 0.00617383385898499 -0.0100859033042735
-0.0710223411715231 -0.0137629064460397 0.0812630088197385 0.035253877059975
0.0179318804276194 0.00855611861509983 -0.105861597674359 -0.0220136874129142
0.0292418703406267 -0.00614749325934022 -0.034307332186907 0.0214906674947544
0.0218394980236413 -0.0194610445827783 0.0388165847085975 0.00406901213504535
0.00111203995147044 -0.0223142618460802 0.0587978056517808 -0.0353106126186605
-0.00538538610087121 -0.00332828044013473 0.0435917968354767 -0.0885250371605612
0.00253300712980779 0.000392604005810177 -0.00711955853745491 -0.104272836247294
0.00709880577536555 -0.00277792714094794 -0.0379630742685893 -0.0851740885625831
0.00666609378411846 -0.000323326881616429 -0.0514080063785455 -0.0615632132330497
0.0104783110744027 0.000451168680502866 -0.065264166726416 -0.0517358226672076
0.00872978878292862 0.00371782606402512 -0.0709152109238988 -0.0535256866084147
0.00682126581841773 0.00244003497415131 -0.06507700045231 -0.0547371768674677
0.0142536658321919 -0.00346004398440326 -0.0626360996663553 -0.0509919333953304
0.0283264790752798 0.00835390183414091 -0.0692145682282844 -0.0513642422019437
0.0252061748048557 0.0261889527238379 -0.0908412361115181 -0.021311276507359
0.0136298627183242 0.026607259501179 -0.120235637302319 0.0257829291813525
-0.034786403552922 0.014223350738603 -0.0944077964713458 -0.0251025760240671
-0.015771103573684 0.00507895936590814 -0.025386927877241 0.022561612759876
-0.0138222963995094 0.00678319462355856 0.05244347312517 0.00470163251476616
-0.0208654989895092 0.0109603775959976 0.0730462449712194 -0.0329699012527611
-0.00895930544504975 0.0311954531197936 0.0542172191758675 -0.0901937599922975
0.0110085433622864 0.0331158585776579 0.0027739750603705 -0.104800039067953
0.0268376564924029 0.0252683559829822 -0.0315163657006496 -0.0837933392429335
0.028029936875633 0.0216697991568134 -0.0448147926801285 -0.0551912807266213
0.0326341795789636 0.0268058165479839 -0.0606350782232256 -0.040185965664142
0.0207166037078318 0.0385862959592018 -0.0691614396720831 -0.0385862316159856
0.00625829959479326 0.0403481673640497 -0.0698607470464207 -0.0398059057285478
-0.0082484175483049 0.0356986442448116 -0.0700621881280643 -0.040110609307336
-0.00849155706278247 0.0358245746552009 -0.0731555881165664 -0.0437555730148335
-0.0218920013708937 0.0336672148691587 -0.0864584778041566 -0.0102000569431914
-0.0399202105795038 0.0291209495830164 -0.112508579041708 0.0328786214337802
-0.0843461508325687 0.0153738138048783 -0.0671912694126775 -0.0232428759792079
-0.064888184086551 0.0119280889088479 -0.00665216768330673 0.029922104964257
-0.0557779017259956 0.0323703350765116 0.0721193120847447 0.0120855463916207
-0.0478962634720275 0.0471524293428643 0.0908960249066393 -0.0265812494720152
-0.0146244581774631 0.0667980720957148 0.0655187459145812 -0.0835492158252877
0.0166680059337178 0.0648862130594711 0.0158812823869663 -0.0938457432661949
0.0424963589101581 0.0523465478820201 -0.0187823646179275 -0.072341174675869
0.0459519086197503 0.0397112753748706 -0.0314009338697719 -0.041146261983292
0.0529214647513991 0.04396211144766 -0.0481122497736239 -0.0219385558123291
0.0356817353712309 0.0621618196092538 -0.0597859499780964 -0.0158814214464838
0.0160788708538504 0.0687062602114534 -0.0703258920653124 -0.0150639455985042
-0.014933198770707 0.0732741297009912 -0.0769426189342726 -0.0215505205779072
-0.0328779272334739 0.0674303546395053 -0.0773954278821157 -0.0332005085498045
-0.0612481045468997 0.0465634871179213 -0.0762710573269015 -0.00403341739016349
-0.0870675788265174 0.031760663079323 -0.0898418042942926 0.0368137731615423
-0.123062432284325 0.0138611908610387 -0.0269187578729684 -0.0236561944401033
-0.107530680948527 0.0150829773614274 0.0185555834661153 0.037550220454134
-0.0961997480772661 0.0527830382853496 0.0913087706368724 0.0253209080206472
-0.0731031707008157 0.079157173653611 0.105731811218802 -0.01263125533063
-0.0221701377941247 0.0961095516278972 0.0752845238256456 -0.0642594974192224
0.0178221059951502 0.0896976086643145 0.031029625488762 -0.0714274283442177
0.0512646382392105 0.0725443360414312 -0.00118497478087708 -0.0520962580554207
0.0573254727789579 0.0521491095113997 -0.0128892068059061 -0.0218044796270257
0.0653302016384155 0.0533182935977858 -0.029593948083749 0.000582617046751237
0.0461564972563967 0.0742965804982679 -0.0439760622355705 0.00983824644255819
0.0264246540473145 0.083081321069691 -0.0636640369697123 0.0120620181129306
-0.0111145805179622 0.0969879176872789 -0.0769573275003724 -0.000552140907273879
-0.0445643390491655 0.0919976685771389 -0.0763941237752414 -0.0211704029262408
-0.086485967339368 0.0581717831267691 -0.0621541435108679 -0.00289207382152909
-0.11993845410319 0.0323526822577971 -0.0561355931546263 0.0392339981773839
-0.141899419500957 0.00829679254539578 0.0216295193640754 -0.0213542736034731
-0.133699111580517 0.0116831880879366 0.0487907756703643 0.0432143279811008
-0.126380976079307 0.0613580196626915 0.103486657340858 0.0394867937222829
-0.0919427073651129 0.0974409764508149 0.110220612483631 0.00618916917620287
-0.0286674329979214 0.112348020861503 0.078270388639364 -0.0341528681546272
0.016142074556773 0.100974065859989 0.0453929915032958 -0.0384584632628944
0.0529109313758318 0.0824911627316457 0.0182332256654257 -0.0253063109120815
0.0605580764560499 0.056197687483378 0.00664828813097734 -0.000251975609957087
0.0683458310465945 0.0545311237874127 -0.00842077437453475 0.0218332044921814
0.0492575245513149 0.0751797181504897 -0.0239148522765431 0.0323827450229156
0.0305660302951471 0.0847646664090619 -0.050314313617897 0.036346633677443
-0.00768664361755799 0.104428417195409 -0.0694139240351617 0.0174920068908113
-0.0517284264186354 0.10260583439301 -0.0690056063857031 -0.0113382526069278
-0.100001697945647 0.0600800431206624 -0.0444886783759147 -0.00606331893984275
-0.134560078604201 0.0260893341890909 -0.0180597675457474 0.0378788294324107
-0.135861754519672 0.00181873612275948 0.066238425405371 -0.0173653363311192
-0.136216415199513 0.00233144256012591 0.0760614172629997 0.0445120889421945
-0.133565963001955 0.0555403747217076 0.104752731937128 0.0484649803741178
-0.0961092469996924 0.0952711936962612 0.102129924167899 0.0253596427680263
-0.0301019653154178 0.107881667112536 0.073724985889653 -0.000827418782971757
0.0127293186755598 0.0942547173730387 0.054180186785844 -0.00200708602255043
0.0470192621702616 0.076890419918899 0.0353898012412821 0.00343095680258507
0.0545483737118977 0.0514184883276265 0.0249127816171731 0.0218357409445991
0.0598931154254892 0.0489964305024831 0.0118751273228847 0.0421571512866004
0.0431484555047234 0.067964499625016 -0.0048168635830202 0.053462713922269
0.0264410320608762 0.0771104378924777 -0.0373735741327454 0.0566262403827751
-0.0105934410469206 0.0975824385082828 -0.0595289741306497 0.0304491447217579
-0.0553365111687292 0.0955336806005442 -0.0574737329333622 -0.00496434959071335
-0.101934541758334 0.0493803765169348 -0.0249959304846895 -0.00965772083096689
-0.130199934964386 0.0148975694278479 0.0223920317345505 0.0340649697382659
-0.105841833620568 -0.00563291045389582 0.102764785282495 -0.0172753295117676
-0.111708601216486 -0.00726842210143058 0.0972875730288365 0.038210780475888
-0.113951190516094 0.0392053084140374 0.0977518261206614 0.0512082895382342
-0.0791590040526615 0.0750864403803267 0.0862860532686957 0.0386931475277664
-0.024716572469741 0.0828813167263844 0.0649921859458814 0.0298923971058983
0.00857213383788644 0.0700919399831801 0.0604702776448093 0.0298967966726878
0.0341182275503699 0.0583342881296171 0.0502411168421055 0.0277150663326471
0.0410153750403812 0.0390291802316662 0.0389909883817962 0.0395890773560791
0.0439215409523869 0.0374470765944528 0.0257651443519611 0.0585442796740622
0.0306544527111488 0.0533825889882508 0.00663247509360907 0.069107776181428
0.0176175104344185 0.0612744194113025 -0.0294385373659493 0.0692945192447722
-0.0142298809517494 0.078396884669756 -0.0515652438778262 0.0376895631062512
-0.0545934244306923 0.0759095335656167 -0.0451571288547869 0.000351797097001073
-0.0907588193121663 0.030863668953737 -0.00719649464531402 -0.0109851023745359
-0.107395575606211 -0.00139488441765533 0.0548767020446233 0.0341108167687629
-0.0592675434732744 -0.0117358538597035 0.121404396269403 -0.0179737863665751
-0.0701781121219342 -0.0137485305797225 0.106392339539349 0.028249984168546
-0.073801231426987 0.0221776044010169 0.0865286203482016 0.0487881377927292
-0.0461282897554778 0.0449462543781342 0.0725181338340543 0.0455016635360063
-0.0128178285351675 0.0452409452581838 0.0593892141643684 0.0484099635087849
0.00360004048035698 0.0351660541209728 0.0646555098345274 0.0486628665068268
0.0159649796898856 0.0299244487143351 0.0596136051318626 0.043008047438036
0.0213497534817082 0.019895539002564 0.0465180897754937 0.0505967207774684
0.02248181606956 0.0199198675504768 0.0331753374857283 0.0710645045343166
0.0164203632258055 0.0315606247322872 0.00964957218408823 0.0812243131995435
0.00945591391536717 0.0387156089539938 -0.0295520226936033 0.0783162289161558
-0.0130434966892619 0.0521570200910805 -0.0492814209581596 0.0411685329154526
-0.0442965035618815 0.048764143466267 -0.037753647690165 0.00381796551700655
-0.0666692894347738 0.0112700367716018 0.00549461553202929 -0.0102631638907158
-0.0699657185097503 -0.0137736658452228 0.0799629035064679 0.0346627268512251
0.0182546343555531 0.00853255320352895 -0.106333626671783 -0.0231893870560855
0.0299359512436539 -0.0049816425749333 -0.0353192270708847 0.0210299209495065
0.0228458520678296 -0.0186951373291721 0.0401668425271801 0.0049859289870044
0.00145506423642364 -0.0224278212984609 0.0611745998973754 -0.0346727938241853
-0.00495650087858181 -0.00343979405841392 0.0453081194554986 -0.0892055974154942
0.00306388799292091 0.000863912899927816 -0.00650825903573546 -0.105269312982485
0.006873637674519 -0.00295507111928471 -0.0374308365977266 -0.0863497211074635
0.00693345614724266 -0.000211796522191158 -0.0511882779532549 -0.0634603296295933
0.0104488060164073 0.000793412492170379 -0.0655505109570458 -0.0528658097396454
0.00925223932573519 0.00371772272886705 -0.0719335374151089 -0.0546328890117255
0.00735502861878144 0.00281803656687294 -0.0654413111143371 -0.0570094056951015
0.014644099008929 -0.00310337665767897 -0.062419173193986 -0.0532482030594524
0.0287228806798947 0.00951842157094864 -0.0696990795012733 -0.0537530634351503
0.0247884246088633 0.0269462221088459 -0.0915356257316685 -0.0233450321479898
0.0128250720243681 0.0269376881328269 -0.122997846810402 0.0249354869925821
-0.034896879357668 0.0144008961723669 -0.0943176195532596 -0.0263035097020274
-0.0158419305696978 0.00579752561567487 -0.0262191525919263 0.0229955026409337
-0.0137634748899884 0.00731164491461936 0.0537166919319229 0.00561956602254999
-0.0211431597460027 0.0113893692641666 0.0760482356706921 -0.0327021325077369
-0.00846248136640279 0.0312227554537769 0.0567694539652665 -0.090125988059208
0.0112814787713197 0.033732400479182 0.0037732279095883 -0.105315122535903
0.0266762330808566 0.0257248173853795 -0.0304522737311843 -0.0844750467473391
0.0286411893489513 0.0222522911827772 -0.0446013552428821 -0.0571362646391195
0.0329497715141545 0.0269652326928819 -0.0612267515340856 -0.0415045328299751
0.0204732174450017 0.0395078987996379 -0.0700802746330913 -0.0393218400661158
0.0063353461974778 0.0407731109468961 -0.071133355596997 -0.0417987928267285
-0.00882058554834579 0.0364770914766314 -0.0699823145681896 -0.0422269691191262
-0.00863942831011789 0.0365130322355819 -0.0738516715047907 -0.0456808525074268
-0.0225376107593246 0.03454742759595 -0.0878313963332598 -0.0118467205686916
-0.0412770975909659 0.0282488786107678 -0.114623226710678 0.0321648439622751
-0.0849100598215554 0.015397820795535 -0.0669728253919233 -0.0252205102760603
-0.0661734569337232 0.0121528475731944 -0.00725139651694563 0.0304590463870254
-0.0573685043170799 0.0326186273960687 0.0738137562964313 0.0143233664705921
-0.0488671439521206 0.0486648902751409 0.0947611107982198 -0.0255261378960927
-0.0151876441377981 0.0677172992240343 0.0682362293654333 -0.0834742630469172
0.0168622617784554 0.0662624338069581 0.0168584019117229 -0.0944916258684193
0.0422290306276876 0.0528272345121965 -0.0178252182886278 -0.0725134475167455
0.0466968271494774 0.0408293658538707 -0.0305120845774852 -0.0428784930544606
0.0530682135832956 0.0451698471972911 -0.0482829539671407 -0.0226425661700762
0.0362016191973387 0.0638277042159043 -0.0603548676541241 -0.0162976022827209
0.0158547230643542 0.0699351277687372 -0.0716626022022945 -0.0161719387340643
-0.0158258449280494 0.0748228321273362 -0.0774634746873733 -0.0230218944005402
-0.0340505523335827 0.0686615156267957 -0.0782991009415616 -0.0349127920416961
-0.062772149629942 0.0472405471199582 -0.0776699360808684 -0.0058500544862973
-0.0883035156740482 0.0313124129635269 -0.0917143738379001 0.0359504544043383
-0.124010371600474 0.0133568297645363 -0.0260725585539126 -0.0250122848471165
-0.109204894245947 0.0143343854781905 0.0182181624290749 0.0382934342587961
-0.0987072516008161 0.0524433061248799 0.0931206902831159 0.0282274852055304
-0.0753345921771514 0.0803912789111912 0.109151932183835 -0.0110983159799138
-0.0230861195861519 0.0981333809731281 0.0780569772774334 -0.0635293348566761
0.0177406342156369 0.0914286012397372 0.0328256880176377 -0.0717271833183823
0.0513389493159525 0.0737673941083334 2.60999121503626E-05 -0.0517168095192651
0.0574663222318837 0.0531722321902898 -0.0121490712829361 -0.0230119994036189
0.0655346595013083 0.0539888621040455 -0.0295791219450737 -2.79758761612491E-05
0.0467728253079925 0.0756646304925116 -0.04475809210939 0.00926390636822451
0.0254993702230096 0.0847847564245289 -0.0647011762174221 0.0118854903908645
-0.0120687480289637 0.0992109184468814 -0.0776727954918502 -0.00126008351773013
-0.0461414188733474 0.093075776545909 -0.0774973666370287 -0.0229465331307728
-0.0884460842890577 0.0587630448897555 -0.0633013227406939 -0.00458482633950531
-0.121739089596184 0.0317578399119644 -0.0572711700472511 0.0393740492573649
-0.142766575482917 0.00757782017198574 0.0229191660492702 -0.0221830367779762
-0.136239938374621 0.0102400058752186 0.0486677654323525 0.0444150674920678
-0.129155052561524 0.0603175328074807 0.104868166448022 0.0422582536093298
-0.0946800796516719 0.0992922825406827 0.113080104219813 0.00832240775194288
-0.0303067377928707 0.114260859734548 0.080526221357248 -0.0325475394666165
0.0159083972954334 0.103014317647196 0.0467964361903405 -0.0384251653181798
0.052848098701345 0.0831614788539195 0.0192602382011163 -0.0243949092307186
0.0612724716809378 0.0572388049763803 0.00709680474254977 -0.000803023812680971
0.068199050121341 0.0557105698311535 -0.00828488611621622 0.0218516821916451
0.0494224880211055 0.0767040240412025 -0.0249022940562337 0.0324687554173257
0.0303756771155523 0.0869588173190778 -0.0517424769424809 0.0367225906347794
-0.0090974937929012 0.106385257629966 -0.0709689734871144 0.0171745709857867
-0.0533388632689681 0.103487174998065 -0.0700918645188434 -0.0125022212651019
-0.101648123706115 0.0604397737329704 -0.0451415618997969 -0.00761974023818723
-0.136742205291852 0.0256244405736804 -0.0191627715188456 0.0378922119879569
-0.13657009878193 0.000789499008733674 0.0677898792305526 -0.0177921844602537
-0.138818387991396 0.000991209964542341 0.0766937029535002 0.0460969265297682
-0.136974786116637 0.0546832262034623 0.106097800360915 0.0514102538229338
-0.0992715803147167 0.0967072575627482 0.104783144231072 0.0275410652752235
-0.0322093792234351 0.109466749275714 0.0752615722966055 0.000885544515246826
0.0120881800838819 0.0960074547344116 0.0556410834593121 -0.00126960529893246
0.0472608175947449 0.0775702793623423 0.0363009140511608 0.00501229903688285
0.0547901536368428 0.0525959728984947 0.0256852530242121 0.0221811890458871
0.0596472879289574 0.0499075596730737 0.012007773724191 0.0427393253487026
0.0437107894143784 0.0695031648837447 -0.00576991860268349 0.0536316670683583
0.0255718961893645 0.0785797158313395 -0.0385746152591361 0.0571482364506542
-0.0118651482653092 0.0990071780733484 -0.0613361686517865 0.0305810792850681
-0.0569726316702238 0.0962286020422034 -0.0585129544523082 -0.0054689519147154
-0.10347589744679 0.0490725466170454 -0.0255245601479172 -0.0106426877627934
-0.132031126386916 0.0131955719234267 0.0217497324684065 0.0344028801697405
-0.106641699524007 -0.00653993494029831 0.105042725949309 -0.0163671152205751
-0.113603927752988 -0.00899128362864164 0.0979588608726459 0.0398294005572632
-0.116628586392972 0.0378928435251676 0.09887795248778 0.0540377085724481
-0.0816155443978523 0.0761225015958015 0.0877655137823577 0.040494510598442
-0.0261414674265335 0.0838018211323755 0.0660193040811183 0.0316898934176226
0.0075769585667485 0.0715065574328609 0.0616376148490919 0.031016997091316
0.0340584158274328 0.0591041498427544 0.0506966159383252 0.0293114850075841
0.0413597777969574 0.039602736520018 0.039293597477642 0.0401964922568197
0.0435929804054619 0.0381823753739001 0.0253715264766294 0.0600272829165014
0.0309809626119821 0.0542452535980121 0.0056872635760467 0.0695020911977252
0.0165862203686554 0.0626384332918549 -0.0311401178981358 0.0701002569310124
-0.0155708753083989 0.0800911103093729 -0.052986878694168 0.0377695508263422
-0.0566964391325619 0.0758201949702124 -0.046342152448694 -0.000255552612258558
-0.0914713534944487 0.0301126766165288 -0.00768811088182862 -0.0119516246532764
-0.10883431994883 -0.00240675916509056 0.0548784694747498 0.0349483037143051
-0.0590960720833826 -0.0123632333011657 0.123417202674441 -0.0170810160548388
-0.0710065768331311 -0.0154716373577757 0.107331032968545 0.0298708983944876
-0.0755056523315818 0.0212766072608939 0.0871004533070234 0.05156543822191
-0.0472992570471067 0.0455326046057855 0.0730877401236341 0.0470816071471383
-0.0132114030511855 0.0453639859546739 0.0599508939032082 0.050503233397196
0.00272768642814503 0.0355514471724547 0.0659178025996563 0.0503403245527822
0.0161031256291157 0.0301301232744423 0.0601272945606139 0.0443127383099461
0.0208293161273167 0.020386963632737 0.0466771815860385 0.0522638991538245
0.0221658292392716 0.0203743863744818 0.0324253794817301 0.0725391147367277
0.0165820239347808 0.0322614324467619 0.00819827854351457 0.0819536604767237
0.00915060833605652 0.0397660943729427 -0.0313895789382102 0.0795748195264266
-0.0142426319024871 0.053352679491371 -0.0510628469232281 0.0417036389847412
-0.0456381638071302 0.0488789458255364 -0.0387667686663782 0.00334813777330335
-0.0669203768953874 0.0102761124712643 0.00526918469233987 -0.0107039744804395
-0.0707157344298533 -0.014729172798729 0.0799855237011017 0.0357836798802042
0.0190786116645069 0.0087669779371885 -0.109501825599586 -0.0240471995865787
0.0311504816126967 -0.00504981808037341 -0.0365726832866489 0.0225088923141846
0.0240125349290062 -0.0187753009933624 0.0421630057083379 0.00555123822792876
0.00173020467685008 -0.0233470711275485 0.0651612656009958 -0.0362165232554596
-0.00428119658331376 -0.00285337838600861 0.0478247181227781 -0.0925272239574784
0.00338390026973517 0.001121454009792 -0.00664072034366403 -0.108562709671265
0.0069994066181297 -0.00311097519340227 -0.0385743652948918 -0.090032453390889
0.00733023024378926 -0.000473581207230978 -0.0534446412487391 -0.0666935206144489
0.0107747466365301 0.00125062999775605 -0.0686086211126869 -0.055401558927519
0.00957685591048913 0.00413436140320262 -0.0746416164579335 -0.0568502271898315
0.00795849779378828 0.00249420291187593 -0.0680754695786939 -0.0602299828368408
0.0154185806692978 -0.00257318433832067 -0.064296150624824 -0.0567517531942005
0.0305212073642059 0.010424287533609 -0.0729826421019937 -0.0572668733679585
0.0257441121182126 0.0284623405468884 -0.0953615103903403 -0.0247112895439017
0.0131836049415753 0.0278585008190867 -0.128513608938628 0.0252349716747364
-0.0359752311731432 0.0152629389432989 -0.0976139675836736 -0.0280709416674601
-0.016921297412386 0.00673062104582883 -0.0270753253520058 0.0242337971831124
-0.0143238336377071 0.00829383198896542 0.0568689423171989 0.00643010619920817
-0.021953768212449 0.0127770251941055 0.0808156652671779 -0.0339326347599359
-0.00852881042397182 0.033360274080528 0.059780147636411 -0.0931820633548127
0.0125955724297666 0.0356319625766329 0.00430495162463737 -0.108883861446685
0.0279918107028767 0.0263493290877099 -0.0310665727565068 -0.0874625286024214
0.0298705726096904 0.022785169748392 -0.0462114083442982 -0.0605392372722088
0.0342612859740148 0.0280342766540396 -0.0634387382782346 -0.0426470989212714
0.0222405544450023 0.0410335620534964 -0.0730070497114957 -0.041390236853687
0.00674454887483736 0.0427866218759307 -0.0737009644874168 -0.0441954583125869
-0.00940312952702546 0.0384063846923899 -0.0727637302344098 -0.0446762881031705
-0.00890467031386318 0.0388336372673179 -0.0770105455482145 -0.0487410923317781
-0.0239021573167983 0.0361065865490308 -0.0911086485211711 -0.0133788699386241
-0.043041579916645 0.0296266083476677 -0.119950647227193 0.0332966108891036
-0.0879407785192926 0.0160970036983774 -0.0689416366178789 -0.0267911332849538
-0.069050501913691 0.0131612350643275 -0.007682495737334 0.0321060413599947
-0.0599748996417964 0.0342301844877173 0.077723025478962 0.0158333637906405
-0.0514224029407458 0.0517810817530438 0.100123172714304 -0.0262518852609094
-0.0153569510044768 0.0712736323319599 0.0717687781091362 -0.0858122349337977
0.0181574223299452 0.0695379107272866 0.0180897571953938 -0.0976714167417797
0.0437987574506247 0.0544657588778927 -0.0177647446811665 -0.0739456366982123
0.0487956581592206 0.0420979280248212 -0.0309035620970991 -0.0459644437707571
0.0552343885421583 0.0468207084519362 -0.0500714580950513 -0.0237375434993994
0.0379028294373099 0.0668329831392393 -0.0633811152114723 -0.0166267117913883
0.0164602381294413 0.0730270091234629 -0.0747997791732829 -0.0172257215135671
-0.0158844128105601 0.0786017993078942 -0.0802301022522543 -0.0248936234170924
-0.0356211862374785 0.071403141658293 -0.0817688809058458 -0.037228938599795
-0.065448598784449 0.0491121121796328 -0.0803785390174476 -0.00709698111389077
-0.0918939942173554 0.0326263692675156 -0.095971094333896 0.0375140836599462
-0.128105590124951 0.0140492880250955 -0.0265610529525329 -0.0269411734796219
-0.11408177195252 0.0155973190471177 0.0184096153110627 0.0403495691677376
-0.103568527915044 0.0548763553436662 0.0974960133211469 0.0305132776217525
-0.0787758981454038 0.0854880924758584 0.115032725777478 -0.0110907824329768
-0.0239011272880708 0.102869994560341 0.0820878910793141 -0.0654076086844523
0.0192684108634927 0.0958182252371508 0.0349311940619325 -0.0744881356589262
0.0531214434267636 0.0758256131491636 0.000221429197323711 -0.0524457431992558
0.0604125786869759 0.0549885272854977 -0.0122082204846991 -0.0249654700572903
0.0679744130369837 0.056376474994302 -0.0302820117886415 1.64108005033976E-05
0.0493717868290356 0.0789136364106751 -0.0471283965210892 0.00977832276479228
0.0268616439745786 0.0883299859339841 -0.0677931195927137 0.0121802096532469
-0.0119955674798972 0.103407336753852 -0.0817779472496485 -0.00211156503175192
-0.0481049238601655 0.0974764945154622 -0.0807071951316383 -0.0249177042363936
-0.0923664381839168 0.0610428206589273 -0.0657222514338437 -0.0057751073754113
-0.126868696785872 0.0327903750422992 -0.0602780626074317 0.0406241508274139
-0.147646379502807 0.00788462851966642 0.0245947347480195 -0.024028170965894
-0.142338008264553 0.0108291234366405 0.0501874367072452 0.0463348813554652
-0.135369432418199 0.0631657054399908 0.110206944530015 0.0453939863982242
-0.0995536047102179 0.104263035624911 0.119002962583645 0.00911793411252736
-0.0318370125869134 0.119148737587105 0.0847295979321584 -0.0331955825548472
0.0170623402447982 0.107762934265648 0.0493971401788776 -0.039676827688233
0.0554762053754952 0.0855495288201014 0.020419109752855 -0.0242797276469565
0.0635330535646662 0.0593360132539939 0.00812278993533764 -0.00138643560888899
0.0705485611338349 0.05782001125255 -0.00835912672363829 0.0226630565389143
0.0524007707484729 0.0796023381282285 -0.0264465082808664 0.0336880171984404
0.0311542089751904 0.0907104896843079 -0.0540242923658196 0.0382882257317939
-0.00904352662773282 0.111795541876855 -0.0741679794815851 0.0176698527326313
-0.0554344922877484 0.107800469119149 -0.0732827448686473 -0.013855155857298
-0.10607190725127 0.0627874202361101 -0.047315118769303 -0.00878497264243603
-0.142296566352865 0.0263299395855236 -0.0201500925698357 0.0396297774858141
-0.141161220809515 0.000858587887062037 0.0712552710277881 -0.0188904311686458
-0.144631919339543 0.000684673564728632 0.0791939541979612 0.0476510341082886
-0.143285608088178 0.0560179041115884 0.110595094976219 0.0552325137784504
-0.103618393173656 0.101394299944334 0.110031376209778 0.0289841533049574
-0.0338090425578995 0.113923737692336 0.0790421360993958 0.00195100768827604
0.0124758681218821 0.100441017659002 0.0587437868171131 -0.00150281945093864
0.0488885500170788 0.0800860803559292 0.0379889495244125 0.0065747829870443
0.0570132626425508 0.0543664454184212 0.0273236069821556 0.0225494055662421
0.0618841657172044 0.0518137496458392 0.0123718458378088 0.0444690949838174
0.045555433812548 0.0722353647413929 -0.00615426470423437 0.0554777948240613
0.0268036287693955 0.0824069969025545 -0.0404121914806222 0.0594228344068932
-0.0123367189851138 0.103703150698844 -0.0639280917359827 0.0317103377489909
-0.0595912872361137 0.100160838465758 -0.0616272557832228 -0.00671992768355607
-0.107566306043883 0.0510218704060704 -0.0269364007104336 -0.0118827121469176
-0.137293375319033 0.0138615968978866 0.0221527098776679 0.0356592020443
-0.109211780051388 -0.00708394818406939 0.109433359828857 -0.0173741912522464
-0.11824033312893 -0.0100053152996512 0.10124718076007 0.0416135978508991
-0.12248470964594 0.0391558684581445 0.103019711077903 0.0573003698373187
-0.0850464732917744 0.0789976549842063 0.091681901902963 0.0425118328856346
-0.0274308452582032 0.0873618712761861 0.0689396462901046 0.0341976754976053
0.00735211495416618 0.0747641469674979 0.0652491595768133 0.0323596649886207
0.0355519989863891 0.0604086003432957 0.052970898752004 0.0316730291373589
0.042786590433784 0.0409182771151609 0.0409827489366031 0.0421800997644859
0.0450287736619081 0.0398592677850737 0.0260092993547736 0.0622653156483971
0.0324865069933109 0.0566294253156182 0.00455300268967053 0.0722876899330363
0.0173098163534037 0.0652449327901999 -0.0331217253154007 0.073532944986658
-0.0158482904744066 0.0832668617109494 -0.0560260652381067 0.0397681680474867
-0.059263450268182 0.0791027905307983 -0.0484059958666005 -0.000867236524606653
-0.0951413851195218 0.0310422902896485 -0.00851986128928397 -0.0130030620750258
-0.113177218879199 -0.00280287832292792 0.0566001558068044 0.0361723367588632
-0.0603380987882468 -0.0132084661014764 0.129227200053527 -0.0170817208895904
-0.0736647610560106 -0.0166691974937411 0.11151573169025 0.0316092179997775
-0.0790669116633503 0.0218877429754875 0.0909335519226684 0.0543552532467719
-0.049614052043339 0.0472073423683202 0.0760805840720944 0.0492847604559155
-0.0141815989135038 0.0467494442873608 0.0626057340459149 0.0534084057490011
0.0020682862838342 0.0373519135046077 0.0690758916344664 0.0525475032993799
0.0168112055765127 0.0308731369081417 0.0623008034285123 0.0467204306747672
0.0219811631685999 0.0208147301090845 0.0485802933333019 0.0547878455313854
0.0227132095956382 0.0209295348458432 0.0333752401311763 0.0757660221528569
0.0175760596020067 0.0334174240009856 0.00770551790693917 0.084876044988238
0.00922150275030761 0.0415339171066648 -0.0334431560728409 0.0828171419900005
-0.0147647714553954 0.0558924423120507 -0.05386902356063 0.0433425318538795
-0.0479408844668697 0.0504185373388252 -0.0407658755435655 0.00280379098239497
-0.069552561510737 0.00995682522175083 0.00483792189746331 -0.0116071302769325
-0.0735289200822466 -0.0157404013489602 0.0828251552440026 0.0372970285227483
0.0195954811898033 0.00793513059880407 -0.115891748784673 -0.0165344310035633
0.0318259336798989 -0.00731813519812499 -0.0361328357457412 0.0287600997805203
0.0234200895154481 -0.0221345726094227 0.0467476108032277 0.00502361711609021
5.59601410141828E-05 -0.0247468537668236 0.0681357963341661 -0.0421275084940101
-0.00445418475166903 -0.00428424196210367 0.0427839018376282 -0.101619417273046
0.00265020062344492 -0.000371520623512325 -0.015249875534572 -0.111471769469615
0.00595803732970801 -0.00470649147119949 -0.0479470361542295 -0.0899000358020198
0.00692499909669383 -0.00108782895090352 -0.0618767382819865 -0.0659247210231713
0.0118220739504218 1.58742690999374E-05 -0.0778588575179564 -0.0529875633187285
0.0110730924331142 0.00310164091955176 -0.0860388786317642 -0.0552408092314886
0.00971315858996619 0.00120446972082755 -0.0783686986069825 -0.0595210344610932
0.0171624855550333 -0.00445821601642162 -0.0741261340006976 -0.0568784459697662
0.0349080742929613 0.00754434899560643 -0.0851072707474147 -0.0566606766593751
0.0309476450873332 0.0264962803970822 -0.105075765486837 -0.0218900382732063
0.0158083128769312 0.0268194807549387 -0.136015397329266 0.0329476168927924
-0.0359593560241202 0.0214324155070726 -0.103544318592032 -0.0260262540164315
-0.0161821839691003 0.00996774806418007 -0.026784384598313 0.0269163471440625
-0.0127752108651089 0.0103489354278836 0.0602932384446136 0.00158008378909997
-0.019881166823303 0.0149695138920991 0.0824489144921813 -0.0435422913544251
-0.0050143565029263 0.0337790502542045 0.0529980766299867 -0.103451616309223
0.0157341110281924 0.0345856196796095 -0.00554174663925252 -0.112585380690194
0.031397487843488 0.023725792165542 -0.0425650047072232 -0.0883561292193178
0.0323400573718821 0.0211662601157832 -0.0532241823383809 -0.0592635025776757
0.0391355322084206 0.0255839343117845 -0.0716638651030205 -0.0408563528724856
0.0280390757616563 0.0401746984998283 -0.0833189469648944 -0.0382099264385544
0.0121568758281786 0.0428456244471989 -0.083840908862821 -0.0422485114706305
-0.00404947772909214 0.0406058500059407 -0.0824014146151105 -0.0448673901554033
-0.00363914032510617 0.040421431226969 -0.0869663186849038 -0.048450958590148
-0.0216981688846965 0.0396789268987634 -0.0959517679002339 -0.00875926177158265
-0.0445823754577587 0.0337898197047794 -0.122219200211647 0.043128719599818
-0.0877581795227898 0.0282249291032942 -0.0731386707607314 -0.0312710720057327
-0.0689630135183269 0.0219218626435789 -0.00607164380022042 0.0303824714494614
-0.0570499322275836 0.0423512716115084 0.0805399624221238 0.00563500586215142
-0.0449071973513956 0.0598118844715287 0.100186858572461 -0.0405486447517307
-0.00790154364840225 0.0730824104598977 0.0637768696771896 -0.0963194384252054
0.0249355525160865 0.0693934605187588 0.00805604164760973 -0.10238153467549
0.05199055933832 0.0507251162888798 -0.0292627214424138 -0.0756627993566748
0.0534987694976897 0.0393957792898686 -0.0368586829654825 -0.0448714947692404
0.0620885995275001 0.0425506409047038 -0.0550238169773483 -0.0208884664521249
0.0475745883557427 0.0652256980310633 -0.0716114759457313 -0.0136377245866263
0.0255087954836716 0.0731412847874781 -0.0833862481776959 -0.0131050243718438
-0.00652467686437399 0.0829376757105706 -0.0900472599594641 -0.0237944945676654
-0.0283840441760985 0.0775401572641639 -0.0906786523182019 -0.0378016545051195
-0.0646400468807588 0.057842629614095 -0.0823361882034085 -0.00244609277703333
-0.0969961156615231 0.0410031731101755 -0.0939220520511869 0.0482776119418491
-0.128910144834243 0.0302579392553824 -0.0291487251207495 -0.0372644629138735
-0.114785672253918 0.0296212716836783 0.0215723744784073 0.0340633628580168
-0.0997073753683386 0.0688791060873452 0.101114976268133 0.0154810571266473
-0.069011751150743 0.0977733773618614 0.114989505934489 -0.0290701361241727
-0.0132032930604802 0.107074004601399 0.0747298681835441 -0.0759519844125408
0.0292349293324066 0.0964447183755142 0.0259011974650993 -0.0795003987225674
0.0647215282155711 0.0727706591003398 -0.0100100669928608 -0.0550431776110043
0.0669395978815772 0.0514410998633683 -0.0152393189068672 -0.024299893911798
0.077060848323318 0.0508833018571151 -0.0322423266033187 0.00223143805961073
0.0606900673295922 0.0766946700785425 -0.0518293935121203 0.0135231334471395
0.0368776133578064 0.0880915638482252 -0.0739808879642295 0.0174465791976008
-0.00041527572261698 0.108590128096829 -0.0898812249025357 0.000684057905803758
-0.0395033234629632 0.105850494016275 -0.0887606653468714 -0.025375383233122
-0.0920871549327159 0.0728192270808127 -0.0648217425018087 -0.00164827043587942
-0.134437523425875 0.0453557322347667 -0.0538712202461893 0.0504779024841288
-0.14857621911755 0.0253746271208744 0.0247831611793395 -0.0385358234808406
-0.143906135412404 0.02641416937597 0.0550805668732873 0.0363482414494131
-0.131851800235721 0.08090062939275 0.114254911467626 0.0272758081668855
-0.0874204705295735 0.120314888552041 0.1193283392993 -0.00990575315809115
-0.0190032614040073 0.125220242758894 0.078534564574355 -0.042878856327754
0.0282507880112464 0.109371921705383 0.0435700178630849 -0.0446133309929253
0.0681426364712102 0.0820112817172163 0.0127532442374417 -0.0273671118524934
0.0709572256780555 0.0555008142687109 0.00793208007463681 -0.00118634586366445
0.079565285997996 0.0519340739263448 -0.00681635091226361 0.0248915618643598
0.0632109663675752 0.0773560378299355 -0.0282011836581683 0.0379042306187081
0.0414479930963096 0.090126568829726 -0.0567980654304917 0.0446481351600428
0.0033446168632847 0.11697987574307 -0.0810198728433708 0.0209692650252783
-0.0467147570667295 0.117659109142955 -0.0793548665581828 -0.0149071741661338
-0.106770315870522 0.0764423862290969 -0.0443348901105799 -0.00625628100059312
-0.151205002553447 0.0402900863271123 -0.0104052947845814 0.0471185179695134
-0.142351219211786 0.0167350420266479 0.0744380727854493 -0.0349843695608186
-0.147047494556974 0.0159402523478589 0.0861430142550374 0.0357693609356035
-0.140187446683565 0.0749033272804522 0.116389388311557 0.0366459124259261
-0.0929413979584254 0.11770290925104 0.111616059789754 0.0115928371023658
-0.0217591463230199 0.12034686017033 0.0754498547119763 -0.005596038851619
0.0231212153456176 0.102637491049322 0.0569138040128877 -0.00560489609292015
0.0609622107477399 0.0767515452650561 0.0345682875145572 0.00311643650783438
0.0638696372397444 0.0508858898527011 0.0302965096676175 0.0220563380257729
0.0695907744649868 0.0470135603891352 0.0173547230556586 0.0462473465802074
0.0550468629632755 0.070176788602766 -0.00496116807281601 0.0592807773836232
0.0353779701753461 0.0820179724069073 -0.0405720599856084 0.0664416845573002
-0.00139393936905322 0.108833298205023 -0.0685616508401777 0.0356970864927361
-0.0523982754950477 0.10999726456377 -0.0657109378401495 -0.0073680035768597
-0.109926596227659 0.0638742143998242 -0.02286698624698 -0.010397150400683
-0.147052702837867 0.0266370487694406 0.0340224940262862 0.0407885541239194
-0.111276242057084 0.00353800660981019 0.114995467996604 -0.0330065278622321
-0.120846785151093 0.00138823856792709 0.109375092446519 0.0292527171353728
-0.120737152852692 0.0543671643662513 0.109739872130069 0.0416622066989938
-0.0771009534035094 0.0929354169505811 0.0948268573056447 0.0288705009721881
-0.0182574280324356 0.0923833218981694 0.0694331281083467 0.0290570206085782
0.0153698890013452 0.0764987680055468 0.0669766193903285 0.0289410720556672
0.0447055657232563 0.0581719934100015 0.0534064236073192 0.0284529659096875
0.0481010225386255 0.038652349199032 0.046776966572647 0.0414843363663494
0.0509349414819113 0.0360249648350308 0.0329318169187648 0.0642698066400887
0.0395837192984785 0.0549478200106479 0.00883277859578378 0.0768074244335297
0.023859571491248 0.0655137871836049 -0.0312921697800254 0.08113811738413
-0.00799579730720656 0.0882123338210161 -0.0584292449612131 0.0442081689511084
-0.0537245552393134 0.0879095265605808 -0.0507733860474649 -0.00165256775164934
-0.0984508724202853 0.0408084802303182 -0.00460975763557354 -0.0121587426843121
-0.122563419259778 0.00696085082138284 0.068594271010641 0.0393249640948694
-0.0621695808609397 -0.0091226559686984 0.135160010583894 -0.0297425809760188
-0.0764089090326481 -0.0109032763497116 0.119290608554885 0.0205345993964287
-0.0778444916441142 0.0311119269164974 0.0973949767515569 0.0432335061396353
-0.0436562085339123 0.0548531889712412 0.0797568684772459 0.0408578773793486
-0.00784764928821547 0.0495266288520441 0.0668383663670239 0.0505592796876304
0.00679217868869709 0.0384224771509903 0.0749485271719492 0.0490328731585276
0.0215555119599477 0.0300013116386452 0.0666225019660326 0.0433069442704363
0.0246437263073999 0.0194979025753024 0.0560904774444719 0.05380783139995
0.0254526642034613 0.0192370363268291 0.0420760888931147 0.0782412560710448
0.0210647474329078 0.0325993489235259 0.0138557859747073 0.0903756684466776
0.0127387860223031 0.041381137121911 -0.0301876117014826 0.0913464297274122
-0.0098392782849568 0.0587832915066205 -0.0559088327662632 0.0491545577347729
-0.0451445199211366 0.0570661023732574 -0.0424355890020984 0.00331679442630128
-0.0726339746490408 0.0163812325851328 0.00778059317838087 -0.0113271777257795
-0.0809999506264138 -0.00966770577314432 0.0938506227821314 0.0377718630194482
0.020393344605433 0.00719212841469328 -0.120081162121748 -0.0107518377980796
0.0328548525231833 -0.00849233256647137 -0.0355329398703074 0.0330819892795819
0.0233136864874109 -0.0240614599869996 0.0495708124995694 0.00296438033548158
-0.00116747691066552 -0.0255348654370248 0.0696922473243119 -0.0479596589049645
-0.00380191249259559 -0.00406042616364945 0.0393335634061716 -0.107445292778119
0.00326059421127544 -0.000386628328060413 -0.0214331043126 -0.114273088383688
0.0055236924726053 -0.00475486279130345 -0.0544491471715703 -0.0907867870521609
0.00730262470840769 -0.00125423934586912 -0.0684150035118658 -0.0651535700701293
0.0124851385671895 -0.000671150312881144 -0.0845272915623248 -0.0504943132118301
0.0119302536361292 0.0024155385887944 -0.0928927166310733 -0.0517743829470634
0.0103160830615306 0.000560842952998947 -0.0854524397455045 -0.0584369045722264
0.0179253403276596 -0.00496660522639571 -0.080173344459303 -0.0557039479838463
0.0369234219041733 0.0058733229816477 -0.0920981732243984 -0.0540163746930903
0.0330087498798326 0.0264360705361203 -0.109482409359381 -0.0170834866693316
0.0177882037827175 0.0269894461401944 -0.139725887740629 0.0419288007420901
-0.0361221236306873 0.0242252477684991 -0.108017208809203 -0.0219052291670317
-0.0156413457516079 0.0121744322007226 -0.0260139250155153 0.0304134128222812
-0.0124331554498939 0.0123540487487646 0.0633985841813373 -0.00152645525602099
-0.0190780973925435 0.017930967812055 0.0840745416479331 -0.0501686808116836
-0.00256669121226201 0.0355588009848223 0.050039847903987 -0.110022214964961
0.0192195196189232 0.0352166915084687 -0.011295414319586 -0.116131003576926
0.033693056215613 0.0226788826286043 -0.0478573719480746 -0.0888280003580293
0.0346348627400041 0.0200018743213654 -0.0587227718962769 -0.059443710648471
0.0422717786163401 0.0240195365134148 -0.0765942061248878 -0.0381786822980592
0.032383080762157 0.0398092227696213 -0.0889523151731209 -0.0347853074483842
0.0153883685331837 0.0435707652632592 -0.0898795679983491 -0.039944558805306
-0.00129923866930153 0.0431350761409448 -0.0882502521075224 -0.0431130864413169
-0.00155791712675072 0.0424493588140929 -0.094137315165126 -0.0461496877938034
-0.0207555638930196 0.0428376773014176 -0.100268617675767 -0.00395808410538155
-0.0445696908156362 0.0375256920785097 -0.125038176492383 0.051621618983044
-0.0892339665769303 0.0346222517546325 -0.0766181966332108 -0.029324440082226
-0.0700513273008635 0.0276930546337684 -0.00492362052389372 0.0329067319327408
-0.0569273822044904 0.0485308856292818 0.0847745747688994 0.00158180838464242
-0.0424747807687503 0.0658629385368568 0.103443454377406 -0.0480114741272832
-0.00334100909796474 0.0772230632144482 0.0617606210467481 -0.103100727909954
0.031031570860165 0.0705966383591169 0.00373506906350398 -0.106173957941881
0.0566480253156827 0.0499785762845296 -0.0330040875962302 -0.076258409685539
0.0578408339399165 0.0372001891294128 -0.0409194238576383 -0.045139259039935
0.0671756674745558 0.0404090591327982 -0.0580518131531323 -0.0184543847633221
0.053910231642258 0.0643467404676618 -0.0752534683122135 -0.00941932909773478
0.0302736117561775 0.0748443031462206 -0.0877919568993077 -0.00929556295528263
-0.00195839055080684 0.0874192794976721 -0.0949315165331828 -0.0204318822436153
-0.0247999077328179 0.0821147720362057 -0.0970655017668597 -0.0339531860376523
-0.0643963608490937 0.0646539183328407 -0.0851987075556508 0.00138828575409681
-0.0987866011248866 0.0486597074647237 -0.0950373338937826 0.0553055951822085
-0.131095728481951 0.038509815462644 -0.0317579726243194 -0.0371418076716486
-0.117452817962101 0.0375407811900562 0.0240683089367865 0.035234831442637
-0.0998373788823023 0.0782450836896428 0.106676050187282 0.0112256493851917
-0.0655434266757113 0.106812097489402 0.119571755838627 -0.0361919539647533
-0.00748817708743199 0.112411046475541 0.0741561717941397 -0.0825586940331297
0.0368852138689363 0.0990153834955056 0.0233305891443147 -0.0840537472194898
0.0710877643650512 0.0708657341034933 -0.0111115347141409 -0.0554406079115797
0.0721630479672231 0.0488926026277764 -0.0171091475483165 -0.0255151784464759
0.082706876357165 0.0482447834648821 -0.0330519162943009 0.00394925783247637
0.0680392741263394 0.0759366353270756 -0.0532636928278223 0.0173597165453478
0.0437166941168548 0.0900283994531242 -0.0761034512103758 0.0225085845786119
0.00621798554080713 0.113802652312127 -0.0933423088333611 0.00508153828962765
-0.0351128023762524 0.112844701455645 -0.0944322002349391 -0.0219167628807673
-0.0921665359842955 0.0817781675982002 -0.0672925616158201 0.00066213732455214
-0.137143890001603 0.0550291777849035 -0.0529835014593537 0.0551220357668169
-0.151598580363447 0.034668565442474 0.0237890411617366 -0.0420610103451804
-0.147817249181576 0.0359172825839311 0.0588553566289423 0.0349377729575973
-0.132755727220347 0.0923938620718908 0.12149506806943 0.0228270607380058
-0.0839999417988901 0.131342155462547 0.124697482009271 -0.0169268829989413
-0.0121747717520493 0.131743090300702 0.0804629901087855 -0.0484658252658635
0.0364150464532931 0.112130662933131 0.0436669772239335 -0.0490290567395458
0.0751115596841163 0.080618009103185 0.0136046194627046 -0.0279002826757566
0.076290393415781 0.0529213966144408 0.008657747143023 -0.0023190574283522
0.0849631576072396 0.0493211746914998 -0.00511054369070035 0.0260775175994809
0.0708801438721311 0.0763767967586088 -0.0273212030026991 0.0411019711326983
0.0484234601060244 0.0919238315008687 -0.0569400255634024 0.0499887001398659
0.0107554943565872 0.121603395890532 -0.0827937950194425 0.0265847213318776
-0.0414233507153003 0.125300670628137 -0.0841652964439529 -0.0111999619253843
-0.107036286270907 0.0849824616688299 -0.0468895650212049 -0.00445297917073856
-0.155029137336629 0.0507453753315504 -0.00833390443774274 0.0492022978286051
-0.145837797698597 0.0246821731017979 0.0753747370572182 -0.0413439226743633
-0.152352202128803 0.0247830666083387 0.0905688047060969 0.0332603954144499
-0.141976571932944 0.0864636460421742 0.124159204123373 0.0329518801371118
-0.0892694379079369 0.128540147236241 0.117014178153487 0.00588000276947676
-0.0157285310792116 0.12668000110388 0.0791980174579541 -0.00922652123528007
0.0305166724746912 0.105836543886275 0.0593350479364225 -0.00889032241708423
0.0672076967109184 0.0756362025022556 0.0376695233077676 0.00238736576267802
0.0690586711058151 0.0489254406856971 0.0335418346728913 0.0208675441340318
0.0751131987375329 0.0446051699804064 0.0209366811739362 0.0473255488095465
0.0625534536412291 0.0693407540430922 -0.00186788130065257 0.0620778901631426
0.0413709898742515 0.0833768313835038 -0.0385058888913429 0.071932099627916
0.00488657333662183 0.11393046040653 -0.0692142396955196 0.0416292544507299
-0.0481485857101367 0.117529781878179 -0.0694793408905847 -0.0045852044717241
-0.110439887998152 0.0721708572642545 -0.025062968817709 -0.0100712655503289
-0.151055937499892 0.0366042540961524 0.0371949888779218 0.0400960563981344
-0.113807767172138 0.00960471143332398 0.117626636488036 -0.0405605001011357
-0.125889817283119 0.00780685247309838 0.114612037976375 0.0248881576162511
-0.122704899611756 0.0639092175076814 0.116180727820041 0.0382050485549643
-0.0744992123342927 0.100915334181061 0.0997799079842836 0.0250911162786308
-0.013680643635464 0.0969087667567352 0.0745980875411249 0.0272455891271207
0.0207590570334646 0.0787548625328172 0.0723574562304432 0.0260779060356617
0.0495777619209002 0.0572354078941815 0.058130740112142 0.0271149784600146
0.0514196787664024 0.0363432185550689 0.0511692159935003 0.0399639254758583
0.0545865683184487 0.0343665118933162 0.0381956648454718 0.0649315500719423
0.044815567204364 0.0544824105738984 0.0127689159208603 0.0793784754962351
0.0284607311024838 0.0669393063949517 -0.0280754128399213 0.0861473168199849
-0.00296263117864076 0.092928203728856 -0.0588641891758046 0.0498442483352666
-0.0509457547948068 0.0947479148007458 -0.0538817753289172 0.000595051191199016
-0.0997614954625519 0.0477913440549597 -0.0060539236922966 -0.0132020590177586
-0.126987044678304 0.0148407054710593 0.0729521378002857 0.0365040815224334
-0.0642174333181139 -0.00664869806812681 0.139186627210139 -0.038067026784163
-0.0795557531725439 -0.00757213919902841 0.124299906488348 0.0150753537123988
-0.0792175121084313 0.0363813301732594 0.103673502807845 0.0403611887157497
-0.04257487648364 0.0591278739375873 0.0848513300300675 0.0380514723901517
-0.00568296504142331 0.0515523407366809 0.0726828838480795 0.0497188651381413
0.00891499743836309 0.0394577853985258 0.0815737322101377 0.0467218575820974
0.023859686279869 0.0291868601145056 0.0719944151571844 0.0420847273985593
0.0266184127014091 0.0182855199477433 0.06171897882579 0.0524085782490373
0.0273012577514084 0.0188240684547678 0.0481253859142294 0.078733619860633
0.0246816423144815 0.0323204101628078 0.0185861962346519 0.0928017598586869
0.0159313614049114 0.0424058225203698 -0.026579354709142 0.0970181803953356
-0.00683401693149027 0.062341735245104 -0.0558924571688682 0.0542648923637194
-0.0435238237512155 0.0616031504553857 -0.0447462228392113 0.00525523205454223
-0.0747996834874467 0.0203588160175072 0.00691797751186795 -0.0126145111843049
-0.0843006441567141 -0.00547336654971597 0.0986256559939434 0.0334344273817841
0.0201163617831822 0.00606306621837081 -0.120192708129975 -0.00343471638668547
0.0326340345765522 -0.0106298102075266 -0.0327730541558234 0.0366729486951836
0.022457631758827 -0.0251662058962471 0.0513383202324439 -0.000204439859069462
-0.00213548529179471 -0.0255028392190749 0.0677766633589868 -0.0531803138534034
-0.00322239639092949 -0.00378040594709794 0.0331775120299036 -0.110936466971652
0.0037239947852243 -0.000436601758636429 -0.0281253685756643 -0.112909027550494
0.00527265340716459 -0.00483025245092154 -0.0604055041047624 -0.0881815729789728
0.00741611683326467 -0.00165032167721185 -0.0730223928190069 -0.0616975266828567
0.0131205442541426 -0.00168961016249663 -0.0886807642376946 -0.0456347531229651
0.012496379294147 0.00174955703356924 -0.0966864815298762 -0.0463581502424007
0.010648751052888 -0.000104783014613752 -0.0902024200611142 -0.0541437112537332
0.0179959358870596 -0.00606217517866438 -0.0847464960942718 -0.052389365267485
0.0377439858512082 0.00368123979916177 -0.0967563558018098 -0.0490512513731185
0.0346448699917768 0.0251118162253721 -0.111197909452591 -0.0110554295632564
0.0193973700311105 0.0257768765585076 -0.138211460451567 0.0508312273862916
-0.0349230218768405 0.0267858737911995 -0.10901346503853 -0.0153949372079554
-0.0152294532990182 0.013521217958401 -0.023409389149804 0.0332612304301403
-0.0113376596238295 0.0142982980953186 0.0650203366094909 -0.00533317006289616
-0.0177250303317113 0.0201166935512214 0.0830293352970088 -0.0564124641781812
0.000603747246304258 0.0363720180281208 0.0443080401470493 -0.113569055057862
0.0224527923301165 0.0341798019199128 -0.0184841388207369 -0.115900906565037
0.0348425284935083 0.021399782124759 -0.0525525018159882 -0.0864200720859099
0.0364220281493724 0.0175189864997846 -0.0633325125407375 -0.0566020758584319
0.0443050620922389 0.0213216828394241 -0.0794652051008575 -0.0332997261227241
0.0351537505119152 0.0379457482684192 -0.0923652970615606 -0.028801591316918
0.0185746182771623 0.0431273781142696 -0.0936759198060009 -0.0346167201086619
0.00220228624228823 0.0444420111665349 -0.091844924236483 -0.0383975319263891
0.00173367334165401 0.0428469854806619 -0.0983955863292259 -0.040596269696494
-0.0186106603082044 0.0452177639882828 -0.100685023289143 0.00191045220205842
-0.04303329210914 0.0408501389876089 -0.122741665674198 0.0604059060381189
-0.0870963571680386 0.040358795039121 -0.0785137830930343 -0.0250643524468853
-0.0685979385099227 0.0330988958397286 -0.0021823453826815 0.0343418714359585
-0.0540166393617283 0.0534106709793317 0.0869292916103214 -0.00302938451980139
-0.0380459537470852 0.0703241184083624 0.102575007599461 -0.0553325955402588
0.0023747067211185 0.0785359161437648 0.0573095976765236 -0.107547595508752
0.0370529692510608 0.069222918453258 -0.00275579492940962 -0.107033428562408
0.0599259978367216 0.0464536091708669 -0.0360186615790345 -0.0746050376866876
0.0604237369426162 0.033295656270751 -0.0440789180403691 -0.0433390491741156
0.0706617692387232 0.0357278536174722 -0.0597886118579109 -0.0151494422749991
0.0589484134048116 0.0613034511479896 -0.076339812854886 -0.0044377178249708
0.0357065218425616 0.0738513695786074 -0.0892202857909437 -0.0040334092305828
0.00464354689580567 0.0887452958284189 -0.0978292865294105 -0.0151133057842761
-0.0192327672944736 0.0847096378508022 -0.100687709994802 -0.0282109168257466
-0.0614599158909558 0.0696209664193278 -0.0856457109255332 0.00668128308101976
-0.0970282791874479 0.0558571157601877 -0.0917525014449977 0.0618940026982859
-0.128651347078204 0.0470571071109973 -0.0338342590673615 -0.0361277516429546
-0.115603446609777 0.0450204444553196 0.0264437294693486 0.0349458173115204
-0.0955159544141467 0.0863339373293667 0.109710762336186 0.00503261636208692
-0.0582941451886594 0.113384385967313 0.119529336808583 -0.0443922797586125
0.000579661137659375 0.114192472450787 0.071145448580301 -0.0874974917568821
0.0448565021563061 0.0972844569763754 0.0185915980526344 -0.0859623080620494
0.0756742408862365 0.0659586344865603 -0.0129928378264154 -0.0550523232659707
0.075524039429456 0.0441528132277576 -0.0191366194935272 -0.0248169240982056
0.0866322171049873 0.0427220676465721 -0.0327975754232249 0.00608488536374165
0.0737250289591486 0.0716929324333837 -0.0527394012237513 0.0216299433443572
0.0502481295068118 0.0880930609787382 -0.0753461957467503 0.0278033716177199
0.0145365479924681 0.114500885828437 -0.0943357808654173 0.01089340548382
-0.0274150168608477 0.115937619792719 -0.097349105672686 -0.0160617862936912
-0.0874598561221225 0.0886470183027459 -0.067929795767802 0.00445643327905453
-0.134517125651323 0.0649514786402382 -0.0498123732721419 0.0585807995757019
-0.149216676294596 0.0440470056312446 0.0213964573948191 -0.0441820786392115
-0.14741913113293 0.0457092400321041 0.0612846732375539 0.032733123626331
-0.128269498202874 0.10252585953354 0.12506074841166 0.0161916325943771
-0.0755613674787737 0.139256697100742 0.125858086703789 -0.0247493965814113
-0.00367002338711507 0.134213829957463 0.0794233885455735 -0.0535433489210049
0.0449676377910257 0.110839527776693 0.0415183825727336 -0.0524756616430127
0.0802113410352173 0.0754623878083907 0.01457439910789 -0.0282338272413639
0.0802461404141743 0.0475021695674648 0.00862832664426421 -0.00329608094701461
0.0889016315945227 0.0436840723110547 -0.00347549277281958 0.0261547884660378
0.0769860547711214 0.0721001532495046 -0.0249575059220102 0.0436878623095503
0.0546486047346 0.0898609619817164 -0.0540137115500537 0.0539277052837112
0.0193126641675612 0.122471199677038 -0.0826497401027297 0.0317499923506983
-0.0332464188107776 0.129033502800897 -0.0865410824877228 -0.00617818120623016
-0.102104770122195 0.0932348478845948 -0.0477797330171137 -0.00238101899742174
-0.153090154454803 0.0623533371106291 -0.00499213470125478 0.0498957306422078
-0.144255420560686 0.0330712917197768 0.0730507372136814 -0.0463596416350441
-0.152108651752398 0.0339841379178895 0.0931808740300218 0.0282593298343192
-0.138333805791383 0.0968699538582422 0.128254359159 0.0259779195425151
-0.0811817574615001 0.136553014497035 0.119036756831787 -0.00119796287220056
-0.00727444045390431 0.128974671568853 0.0803747032378362 -0.0137562989759067
0.0381282662778464 0.104703881829641 0.0599740279167008 -0.0131456849652418
0.0726576788915114 0.0711251005202152 0.039926812340549 0.000611612817127538
0.0724601738577575 0.0440436958741556 0.0346804078868675 0.0184260452809306
0.0784895667607139 0.039345912026675 0.0239295841738838 0.0456778364243671
0.0675146257048014 0.0652186393354273 0.00190773231550138 0.0632812020318649
0.0473029269184868 0.0819023599255948 -0.0339495940192483 0.0753620680372024
0.0130819684667492 0.114497601056071 -0.068107427568235 0.0463120649756938
-0.0405678391269797 0.121606867543348 -0.0710389773184844 6.10128019841264E-05
-0.106873627418486 0.0800116279506847 -0.0260838345880099 -0.00926570087119639
-0.150089542125843 0.0472738987555347 0.0396067274576336 0.037634637760528
-0.113513261451831 0.015739275969343 0.11610918218668 -0.0478648979929922
-0.127061732894128 0.0150755513244435 0.11660434127294 0.0187498980180218
-0.119971506914749 0.0721679587420588 0.120335733922074 0.0319428487647375
-0.0685603970712097 0.10660843757864 0.102212390545353 0.0193327495763187
-0.00765197382706242 0.0988943740410193 0.0778228199751459 0.023103129539632
0.0261579225060969 0.0787820191896742 0.0750486372740205 0.0215687693479578
0.0533433376095591 0.0540708992953983 0.0618610079895198 0.0243851550866688
0.0543070102455007 0.0330127960012854 0.0543051895220888 0.036760033663771
0.0568845286488516 0.0309523647653644 0.0427481572573116 0.0628244824231253
0.04888605904176 0.0519873019243065 0.0176317309146281 0.0794183948458379
0.0326441199807196 0.0658550934554986 -0.0221486930565003 0.089159435371301
0.00331036260138837 0.0940890207798579 -0.0568119516222626 0.053869638228017
-0.0450718494296728 0.0987843054805811 -0.0551241944064888 0.00360676658304852
-0.0978004695586817 0.0542777935686944 -0.00747700381303257 -0.0134325915365789
-0.126729160441641 0.0239861594328423 0.0754495329101012 0.0314358451867243
-0.0643778372719359 -0.00378512594522109 0.13841866324597 -0.0466536251367596
-0.081234175879788 -0.00346017699976974 0.125813397344176 0.00850728975703218
-0.0780408604533979 0.0416015114685705 0.10726544840361 0.0349691580384273
-0.0394855803288222 0.0622125401725902 0.0881966768334227 0.0334938260600282
-0.00317912768500372 0.0523258214874701 0.077021392726924 0.0460729610405252
0.011192032331951 0.0395182559380393 0.0856575104893373 0.042030571603363
0.0253019100625308 0.0275814908513044 0.0762416937697507 0.0385229328412393
0.027562147893389 0.0165474310687666 0.0655140645185426 0.049342705204601
0.0283993416837398 0.0169348701927669 0.05369628727378 0.0762749801249741
0.0267750110925571 0.0308414800465756 0.0236343322239358 0.0929025250626751
0.0184225698991786 0.0415645662471991 -0.0202332995905849 0.0998442692693739
-0.00254009987177327 0.0636069090043726 -0.0536549826102553 0.0587124000922161
-0.0400516275965831 0.0647467900276917 -0.0463231221986753 0.00792156810353887
-0.0741035977987711 0.0252061168658504 0.00558205445959401 -0.0136551464361126
-0.085325793788817 0.000521512643342164 0.10088456791126 0.0269616632595144
0.0197667126467253 0.00510673148375835 -0.117606825556146 0.00142753711274447
0.0315757633074564 -0.0114730044340566 -0.028739177938147 0.038198698620511
0.0214829242811435 -0.0253999795605303 0.0515276120770479 -0.00253887781564679
-0.00272490076652405 -0.0244805794915446 0.065763149601503 -0.0561344550380824
-0.00245896949796919 -0.00399573320111725 0.0282865413694073 -0.110093359188245
0.00364184222621666 -0.00078162760493864 -0.0320401070682409 -0.109579645979782
0.00474080030205589 -0.00462747447199395 -0.0631035243643975 -0.0844098321718513
0.00696556344474094 -0.00174110688934842 -0.0748859358242463 -0.0579578452155621
0.0124911217596642 -0.00206919366300708 -0.0891766814690838 -0.0403447804198584
0.0123657789332019 0.00131267680122592 -0.0975308616379408 -0.0411651024816411
0.0104510824087243 -0.000558794319434136 -0.0918325438863803 -0.0499947989442505
0.0178149342524194 -0.00645521283031505 -0.0859368847928508 -0.0485738969519645
0.0373026502609649 0.00213059473847471 -0.0975299124117252 -0.0443039433217344
0.0344837735302795 0.0235756879379163 -0.109235272086348 -0.00626375561919342
0.0198827057544907 0.0243420044478651 -0.134374311882985 0.0561405878282875
-0.0329751413911944 0.0280494686620899 -0.106760180993182 -0.011114346863671
-0.0144347136223006 0.0148530760807498 -0.0205864781903419 0.034726242957284
-0.0100500682721829 0.015285515470997 0.0644026739388759 -0.00810836497215079
-0.0156598271647314 0.0208479105515998 0.0801095428308473 -0.0599196030743096
0.00300605347706975 0.0355397120788142 0.0394241104064388 -0.113619447873288
0.0240448834378015 0.0326086815804839 -0.0227283814697087 -0.112766764976517
0.0353065484811408 0.0192822894823286 -0.0549168240269852 -0.0830420405698743
0.0364736778513959 0.0156723016238547 -0.0650811033329355 -0.0530858023267529
0.0447558449113946 0.0187649921280656 -0.0796065441171789 -0.0288015557964464
0.036948941360595 0.0358613722049684 -0.0915498541835113 -0.0241449002387018
0.0204204192493743 0.0418396820559348 -0.0942322259092721 -0.0305690869814242
0.00449113127253731 0.0444108737634554 -0.0927797398870472 -0.0344854475819638
0.00374591386348407 0.042217782611683 -0.0990034427924992 -0.0353869925132742
-0.0170970006164096 0.0459764818737766 -0.0985366696121545 0.0053712760187257
-0.0408796823722816 0.0421840470235941 -0.118099974616917 0.0645619654388529
-0.0837472918637864 0.0434525580862561 -0.0774164144265014 -0.0220392659701315
-0.066739695688174 0.0358444036125294 -9.24890762424169E-05 0.0350279209004728
-0.0504237364825412 0.0566178292302978 0.0872084701377584 -0.00728118366344703
-0.0331748107344128 0.0717630909973658 0.100098414682308 -0.0597260704110332
0.0064290445856022 0.0774346149246473 0.0525416286079488 -0.108391201561916
0.040695864817185 0.0659030380565274 -0.00678651092491724 -0.105408185316986
0.0611654144837157 0.0425175131913648 -0.0374049227843872 -0.0720292528952014
0.0611621428339342 0.0298814938617037 -0.0455565919380668 -0.0408681849432852
0.0714373812103926 0.0315051584352768 -0.0589235697693659 -0.011929431141708
0.0612704496541278 0.0572326220402765 -0.0753642507591501 -0.000573635111548992
0.0388570792357175 0.0711899821279139 -0.0883869480583617 -5.00920231945737E-05
0.00967408423497994 0.0880290141444477 -0.0970797927313418 -0.0111753171286032
-0.0155817969043795 0.0846601995030554 -0.100724108279456 -0.0232420657551868
-0.0574870819828193 0.0720618097580262 -0.0839647994492696 0.00947728555463527
-0.0929844743732269 0.0595174735912255 -0.0876587438573197 0.064545108241524
-0.123788612746277 0.0518343104474936 -0.0345558640225851 -0.0347862058439365
-0.112317611454286 0.0499268745622642 0.0281597130149677 0.034308085005896
-0.0901622761980312 0.0901271633077421 0.109339060525525 0.000408796644523669
-0.0517632402734038 0.114907272535889 0.116799435874038 -0.0492395326927574
0.00627420841269978 0.112978073855718 0.0672879294999624 -0.0896101233167527
0.0495969494193499 0.0933480763795016 0.0152873940398142 -0.0854149393222126
0.0770408843908466 0.06138813844268 -0.0128392068420589 -0.053534370358793
0.0768220830430481 0.0398052872796154 -0.0200155366149872 -0.023957901443672
0.0876376262619259 0.037861182926005 -0.0318571937748726 0.00728848005119795
0.0767474023243162 0.0668720932195427 -0.0506551281901885 0.0240571274746827
0.0535891875351487 0.0847781451325878 -0.0729321272965053 0.0305652293607907
0.0203586024466527 0.112727604128922 -0.0929727807415947 0.0148569109852862
-0.0219757994529314 0.115091716278761 -0.0971645757711369 -0.0112620861669919
-0.0823796950246722 0.0920018703610168 -0.0667402542419791 0.00685697652539063
-0.129091900068222 0.0708889708824597 -0.0462294136643634 0.0590828743873165
-0.143789732930736 0.0491757100642832 0.0186797576024884 -0.0445713240998692
-0.143293748105692 0.0513494354689538 0.0618024330938848 0.0307274703878204
-0.121563258403951 0.107768883691843 0.12482989014703 0.0108520364911924
-0.0674414029825944 0.141657398849428 0.123688284496681 -0.0302281550571994
0.00245989509680394 0.132963905675026 0.0772128421055939 -0.0564256974056764
0.0503556015068979 0.106924848537606 0.0391270312747933 -0.053795142575362
0.0822334597228582 0.0702322541382378 0.0152886619067971 -0.0285789702234449
0.080789611052229 0.0424577547475581 0.00822645345879057 -0.0041349846784059
0.0897661160070257 0.0384078903031299 -0.00213153086032825 0.0256673428267122
0.0796822077241213 0.0672009038772892 -0.0222505584480469 0.04444203652244
0.0582015818718563 0.0861529424879945 -0.0510237367607238 0.0554301823674375
0.0253626759675045 0.120382257191578 -0.080331685964258 0.0351190948865245
-0.0268542885075725 0.128649644399689 -0.0860708047583448 -0.00153331659589008
-0.0967130618772766 0.0970280025692797 -0.0472511749511879 -0.000782711584043018
-0.147439773533368 0.0688850950259046 -0.00290279246245133 0.048734470590423
-0.139845465536841 0.0377613220919003 0.0702420918926677 -0.0484831113193585
-0.149375698564227 0.039767446744196 0.0927768805696065 0.025546496816066
-0.131486545689221 0.101987467403546 0.128516081493086 0.0202601788475342
-0.0735644711891347 0.138871373658107 0.117907039154188 -0.00639480004023963
-0.00144604256600352 0.127934547860118 0.0801489222537926 -0.0172204269740744
0.0429145805600404 0.101234585707412 0.0591732515759422 -0.0162129987897689
0.0738053387390109 0.0665532845098909 0.041239031350227 -0.00103260690124535
0.0725671592323128 0.0391440324546159 0.0352218166441141 0.0164742295721863
0.0788939097631729 0.0352052252526635 0.0260721207819927 0.0436412837895677
0.0696080671809239 0.0610937733521817 0.00491190464075066 0.0621376082779896
0.0503836581027576 0.0789775757012647 -0.0301576521807002 0.0756219569929196
0.0189631716943144 0.113084288993776 -0.0657278869369097 0.0488336224660977
-0.0340997878167618 0.121739907432314 -0.0709367549555581 0.0032578199183642
-0.1016753093461 0.0840921976539119 -0.0264157809367865 -0.00865319969338446
-0.144963290495124 0.0541070669617927 0.0397718863937936 0.0345009680260744
-0.110799624310234 0.0194542052127246 0.11215070989293 -0.0521777608950216
-0.125131179506607 0.0197348118442043 0.115530600879234 0.0143333520120938
-0.115042218528831 0.0768113353085322 0.120777949289454 0.0264789738177806
-0.0623215682999138 0.108850650763421 0.102490038718147 0.0146179273464484
-0.00334079643859151 0.0978421042559942 0.0781859814922772 0.0195194381375756
0.0293941125739239 0.0761875460737095 0.0757532951478732 0.0173970479261819
0.054268733201891 0.0502362371255994 0.0636851272218985 0.0214533883167469
0.0542644582220295 0.0294173478809556 0.0554810330965979 0.034210263215168
0.0573143839815475 0.0275520239916199 0.0449249213014835 0.059918283202342
0.0510258791604059 0.0482941551314021 0.0210536434573539 0.077634425385712
0.0357390725779465 0.0638072973189851 -0.0179065518638357 0.0888746135270364
0.00823359335122502 0.0930341959390535 -0.0540717987062748 0.056009218903178
-0.0401875209804115 0.0991283590122235 -0.0553506841812445 0.00657192193495421
-0.0936022256833259 0.0580979043535426 -0.00870174178948179 -0.0131964002542512
-0.123323850369773 0.0295521377454769 0.0748693981433556 0.0269347502471218
-0.0636989588487219 -0.00174865253362133 0.134316652245974 -0.0512939454080739
-0.0806756013618167 -0.000344511295494102 0.124047498890953 0.00324503381233356
-0.0749843383833271 0.0438231851063558 0.1074992924775 0.0302926400641453
-0.0359787409737712 0.063294341654304 0.0881337394156354 0.0291065921088091
-0.000990917743344173 0.051489995684254 0.0785207400564909 0.0420891623497577
0.0128435248886234 0.038926261154332 0.0871397848913468 0.0376645984934727
0.0255762018542128 0.0259837445987897 0.0778123433933602 0.0349063202467982
0.0273176136323847 0.0146318045134908 0.0668799320190177 0.0457155022582355
0.0289915239161808 0.0153000048074992 0.0559722752804496 0.0725094510807518
0.028030354351449 0.0285658055190044 0.0270708405964167 0.0906425361431638
0.0200902648444852 0.0404913196729832 -0.0156709256240379 0.0990836235718433
0.000563058620838292 0.0630485544478587 -0.0511468337537377 0.0599712210468654
-0.0366880465829013 0.0658315448058331 -0.0458965736905724 0.00977524501150891
-0.0719825706892118 0.0278117258056261 0.00415745021895403 -0.0139343002886013
-0.0834396062875644 0.00443651594926282 0.0992754253977594 0.0218960880925392
0.0186540852746997 0.0053636175780634 -0.114422569265161 0.00272357745511173
0.0309771955951803 -0.0109747051341708 -0.0266252251774745 0.0382351459576388
0.0214430665661665 -0.0247042917636734 0.0513964982326074 -0.00378608020393653
-0.00261295839404291 -0.0243481274807119 0.0643757857641075 -0.0573305861076206
-0.00151866100683629 -0.00393941805555596 0.0263334929784515 -0.109354135618227
0.00403863580466137 -0.00106974061849914 -0.0329745593456885 -0.106996301409023
0.00454232191729083 -0.00424984393212208 -0.0639959924275838 -0.0821368675380758
0.00729704590515938 -0.00135854836836009 -0.0751446946830892 -0.0562432903525742
0.0124862187170227 -0.00248398465368777 -0.0888975514006064 -0.0378804268788591
0.012272803330003 0.00131918722859344 -0.0973030966428391 -0.0387902782052875
0.0106703618509022 -0.000832328247985851 -0.0923452128713706 -0.0482701378967563
0.0178572307891971 -0.00652856977184707 -0.0862472894641556 -0.0471337068070846
0.03716194076962 0.0012623588334207 -0.0969575602612836 -0.0418063385735212
0.0340323789697288 0.023145934571167 -0.106848746807706 -0.00439818079649459
0.0193867714579702 0.0233896074251444 -0.131448999189518 0.0576899295254337
-0.03245782814582 0.0285985018308287 -0.104326188302815 -0.00973913078297151
-0.0139349398202859 0.0152756355850915 -0.0183411572116774 0.0350045853394029
-0.00923865812252413 0.0162714041885567 0.0645035421133817 -0.00964491026410516
-0.014503196409348 0.0214639880011393 0.079294261903131 -0.0612462250536593
0.00456478169989389 0.0350764059878041 0.0376689752764687 -0.113289917125819
0.0253581685367852 0.0308378149363672 -0.0236068884713412 -0.110524046679217
0.0346605344986693 0.0185639119544441 -0.0549339093146701 -0.0812010255115151
0.0362184594580461 0.0144541311645433 -0.0651307969042549 -0.051531799286164
0.0447382649756277 0.0171343451418004 -0.0790938780422102 -0.0269332032710845
0.0376594130393218 0.0345898909274888 -0.0907177876899617 -0.0223052760119317
0.0213408012754681 0.0412706248613582 -0.0943003580789876 -0.0287290448456277
0.00607224402463252 0.0438928313314223 -0.0926410329094641 -0.0328316518603083
0.0041442710821166 0.0417844395666401 -0.0981346081182945 -0.0330549825460266
-0.0162176361698083 0.0463955469249229 -0.0963713778138609 0.0065247914023662
-0.0398065606525682 0.0423985658654643 -0.115659123761007 0.0657123060913441
-0.0813753242173315 0.0444905189558674 -0.0764044980056874 -0.0207427366323045
-0.0650462582566772 0.0370087538101352 0.00180807099628378 0.0353921177051822
-0.0480238086186428 0.0574159127860927 0.0866982514291956 -0.00906384641117546
-0.0302143273664434 0.0719921647183715 0.0984815522266154 -0.0614016885255298
0.00874893402961916 0.0766808116095703 0.0516899932991352 -0.108972265821594
0.0424947499190994 0.0634079017281361 -0.00808193298646528 -0.103816615374582
0.0609392233581654 0.0410229502915885 -0.0370888894288793 -0.0711131989523555
0.0603840281678347 0.0282589622106319 -0.0459812323146177 -0.0402904783575328
0.0711726996303458 0.0291574985942772 -0.0579252643528139 -0.0107665155383279
0.0620253483054642 0.055010316047501 -0.0740986894118133 0.000787294257565524
0.0400710151550456 0.0699602194352748 -0.0875251806276703 0.00113520216124759
0.0125233137502261 0.0866046202124303 -0.0968822193631032 -0.00962776517777202
-0.0137717542677044 0.08384712974645 -0.0997009332252377 -0.0211088953389116
-0.0552072304035742 0.0731480785287144 -0.0823633149154945 0.0102302999337039
-0.0909307105597202 0.0606052802069185 -0.0853200016998137 0.0651146550735153
-0.120456585995459 0.0527089677951186 -0.0344094089110301 -0.0339290432948145
-0.109932813410448 0.0518730505109481 0.028588093867648 0.0345176704317852
-0.0864890718915414 0.0922244854278257 0.109164217930277 -0.00151374468720404
-0.0476806466284286 0.115798563774981 0.115879682838494 -0.0515222546282877
0.00912416846972004 0.111923731815984 0.0662717837853596 -0.0905050526387352
0.0520027422704127 0.0907107704711964 0.0139856493147383 -0.085189460782592
0.0771791792857858 0.0587221778128785 -0.0119595910510344 -0.0534459313543739
0.0759418029434444 0.0370636696142619 -0.0201519462252013 -0.0234813918685122
0.0867055732527979 0.0340673524467239 -0.0311469570491186 0.00767019052696117
0.0774109095040076 0.0640615890766022 -0.0494004571751809 0.0249062137383349
0.054919621097058 0.0832026877762319 -0.0718074795354717 0.0309842367677919
0.0230323585081287 0.110943186496261 -0.0924302404982868 0.0158553886605072
-0.0194688053287104 0.114407399229619 -0.0963549149162153 -0.00885446100231316
-0.0797891897437519 0.092933156472038 -0.0660227117507231 0.00710727756019555
-0.126195918387697 0.0727142135811063 -0.0447094979036898 0.0590494274361386
-0.140895178747602 0.0498588565242489 0.0186277803725358 -0.0445389614950922
-0.141044429757306 0.0532374073531553 0.0616027732874153 0.0306960762035355
-0.117716182513192 0.109830948827985 0.124697714190618 0.00829287151599554
-0.0629399994558875 0.141786733049175 0.122894439601847 -0.0328626582003909
0.00527483808721554 0.131345241944512 0.0766321543386004 -0.0574326928006522
0.0530555780926613 0.104371740192374 0.0380152771557629 -0.0545479860275421
0.0817220764944439 0.0675221292359329 0.0167073023930747 -0.0290014844026913
0.0800056675228231 0.0399411726654395 0.00835622280900206 -0.00444980011647645
0.0890957806310122 0.0355050679046104 -0.00125119649918806 0.0253283369305915
0.0801709567804053 0.0641383963730341 -0.0212050242308338 0.0451079815459841
0.0595338419713272 0.0841998445872573 -0.0501336335669102 0.0555223914723952
0.0284128679992963 0.118198449254612 -0.079493053042222 0.0364430834679739
-0.0237898744215725 0.127445672234455 -0.0858979658030837 0.000257116786156505
-0.0932750935217539 0.0981852018062402 -0.0470842014698899 -0.000600447496127352
-0.143568542627502 0.071571619934016 -0.00233316231504414 0.0472308638365886
-0.136992670440056 0.0387445614120059 0.0688572441280478 -0.0488853027479615
-0.14732246262608 0.0416006575694029 0.0919646829761313 0.0244580724990433
-0.128135856178792 0.104034733171169 0.127754065401124 0.0179392186574169
-0.0691138798629253 0.139005125839739 0.116554777162174 -0.00874236555371307
0.00112546548231458 0.127102166016653 0.0798147396451464 -0.0185233889025676
0.0453210622913952 0.0991521759044004 0.0586378761686848 -0.0173739562031912
0.0737655491289137 0.0639148606000066 0.0428421417431333 -0.00230924588676003
0.0719929294918738 0.036719868416066 0.0352943259882169 0.0156206373141531
0.0782300545601287 0.0323656188451179 0.0263544441345318 0.0422467367050476
0.0703938368121285 0.0582955294727617 0.00565658329988794 0.061804458715499
0.0515636795743884 0.0774333905246495 -0.0285025742861322 0.0746269447791421
0.0217494876401542 0.111026708593751 -0.0648760604348434 0.0495026066910133
-0.0315677554075766 0.121146197679305 -0.0707751598999092 0.00460831730637667
-0.0985404155066761 0.0855543156616187 -0.0266702925141119 -0.00827022461750266
-0.1412522325029 0.056592975862528 0.0395915304339482 0.0330593816209446
-0.108806897095375 0.0198577314814738 0.110397473247349 -0.052561009829507
-0.123715944296191 0.02168242126085 0.114326597046199 0.012937279875411
-0.112162758344713 0.0781889974615768 0.120065453321679 0.0241102738890568
-0.0591210589466899 0.109350250533724 0.101429990346596 0.0125939695925748
-0.00186784243121968 0.0972594985826755 0.0785346912192737 0.0179849808046196
0.0312181202045337 0.0748323045102767 0.0751986760056568 0.0152557525039937
0.0536528638625173 0.0486427365653504 0.0646679293017387 0.0199918846263475
0.0535146788021028 0.0270793307789485 0.0555853634860593 0.0327016052489966
0.0570728205170292 0.0257505480697848 0.0456382646980768 0.0578313063869026
0.051690975355795 0.046236045737989 0.0217921185691343 0.0767458601418521
0.036790283598373 0.0621594862215058 -0.0161678848199892 0.088094318542084
0.0101433590580772 0.0919106244043457 -0.0532023868933253 0.0562838617643492
-0.0372485276951335 0.0984706569205407 -0.0553678172690809 0.00727255374447774
-0.0916069137730682 0.059032776561168 -0.00897226353905127 -0.0131052219627642
-0.120087601547232 0.0317515551421064 0.0731736234845227 0.0249966765300234
-0.0634103487295989 -0.00158412578474074 0.13258426715662 -0.0520643433046974
-0.0805627165294848 0.00049169502817245 0.121933869574124 0.00177625360382385
-0.0737142607952516 0.0451101616299314 0.107276659396754 0.0284316641327326
-0.0344851011834494 0.06300684068606 0.087040812082124 0.0278006813293222
-0.000542471528451171 0.0510549935376715 0.0784342029823066 0.041042157189866
0.0130472668841078 0.0379651623815478 0.0865740598117475 0.0354942505023723
0.02504200001998 0.0248241942377018 0.0785901847855572 0.033405509568496
0.0268635479829936 0.0136659840390819 0.0674973729184942 0.0441267590487241
0.0283588798838058 0.0142241768639848 0.0569103576710948 0.0703939682209362
0.0281877323099781 0.0272654517509099 0.0282712209411171 0.0892505211584283
0.0207802103793192 0.0397130783892049 -0.0141329361319755 0.0981411801801703
0.00224273060494776 0.0623169337705021 -0.0497391437748151 0.0604519046861501
-0.0349078968535361 0.065056559093115 -0.0462000858780005 0.0108016057678602
-0.0699395744736386 0.0282228881981153 0.0033088937726031 -0.0143684165447395
-0.0816051809631286 0.00571560202739554 0.0972882299075198 0.0194920884128906
0.0180525764076976 0.00215313452388524 -0.115717225724661 0.0256904468822186
0.028134081410479 -0.0157218947278039 -0.0172297582704176 0.0450878981335316
0.016443940012177 -0.028339450762022 0.0541763260408554 -0.0139811643664776
-0.00699102241288776 -0.0239711912175687 0.0566749234556711 -0.0715885374658756
-0.00278689103842995 -0.00543788140957429 0.00571195026336633 -0.115568799852448
0.00272441213502964 -0.00211511344706584 -0.0522489833213317 -0.100812480382655
0.00306116107437351 -0.00472472008302835 -0.0784402032167791 -0.0698247634418793
0.00641234450564648 -0.00280579907508086 -0.0857835508958558 -0.0417443807331985
0.0109139568658835 -0.00530704369645328 -0.0972400215043055 -0.0206897287592795
0.0113459169169497 -0.0019923867520718 -0.10683646715304 -0.0191665821211199
0.00897063230598325 -0.00369960893756611 -0.104325501423036 -0.0294223461744404
0.0159482891919821 -0.0107515871781715 -0.0973364362470884 -0.0300621418082874
0.0349899630178541 -0.00696794563157028 -0.107333112175108 -0.0206755940450431
0.0368602578047648 0.0151816040300949 -0.110916560882388 0.017423020123057
0.0213348390165106 0.0190044518846674 -0.123845225871318 0.0835670614432147
-0.0259146761731832 0.0333458126646164 -0.111408867473879 0.00948739524792457
-0.00947225164500246 0.0181237770262858 -0.0118836604044546 0.0392085903534077
-0.00394759399737288 0.0172202348497413 0.0620735078541289 -0.0221927891612404
-0.00814931408549447 0.0220264145624111 0.066532720253998 -0.0779242657326513
0.0113203222434099 0.0311154285763976 0.0145094369224654 -0.119989601501592
0.0291852575855429 0.024706041871426 -0.0445063756245071 -0.104493471392584
0.0365588161025133 0.00998502647193269 -0.0699041337630961 -0.0680787041475055
0.0371308648768296 0.00797981481280287 -0.0748475698368578 -0.0388336481970037
0.0456334128131405 0.00752660786202375 -0.0852678833510507 -0.0120658881215437
0.0420485653375657 0.0256290503065613 -0.0979286020990112 -0.00382084913062278
0.0267839546863567 0.0348658338951389 -0.102636308489165 -0.00948929952486838
0.0141977120597702 0.0398518164204937 -0.10194962553793 -0.0148036319960756
0.0112099739029866 0.0384242880837315 -0.108373658173615 -0.0135385156801199
-0.00737232244579851 0.0484251796671264 -0.0970342464190302 0.0238295462684881
-0.0334922559672214 0.0501818607528512 -0.103639617984429 0.0855079125961966
-0.0688841601921772 0.0571927481203932 -0.0874484716544784 -0.00852125643842743
-0.0544723462779009 0.0491331410963838 0.006029236606249 0.0344172820790051
-0.0328749961277795 0.0644876958317455 0.0799492571307819 -0.0262123453534009
-0.0120450131628466 0.0737059182147916 0.082325368135048 -0.0817049271445993
0.0232091291822624 0.0704007282244767 0.0274982957039681 -0.116237036940643
0.0525716770417119 0.0530935247829676 -0.0285994161744494 -0.0985141302902679
0.0665200479013773 0.0263034926315082 -0.0505632148641637 -0.0589895359012988
0.063535442346652 0.0163380974314242 -0.0534318931304014 -0.0313971556142305
0.0735495264370814 0.0139340619458862 -0.0616669692597913 -0.000592865045320177
0.069747475205316 0.0414766912992111 -0.077140889090389 0.0163192952331617
0.0499905462996233 0.059015489501011 -0.0901112859080387 0.0194491171791989
0.0280167573803738 0.0806227821444938 -0.102805884143412 0.0094727709622086
0.00232247868854734 0.0825243108415396 -0.108923465756496 -0.00200411955516577
-0.0405452660384213 0.0826950277336727 -0.0807152314942757 0.0222949127446909
-0.0793198299632982 0.0789362177897358 -0.0713215580589853 0.0762574349321096
-0.104407225697718 0.071387676485019 -0.0493227518277944 -0.0315370005629256
-0.0955396534258156 0.0716269760519016 0.0318953923665041 0.0273446794806387
-0.0627808724548165 0.10572733403137 0.100143833301178 -0.0243678038910844
-0.0191923025508243 0.119581630905954 0.097365278271682 -0.0746787378295659
0.0306887921274072 0.105030173610268 0.0440568715971201 -0.0988963738067019
0.0669845005346472 0.0770828703327842 -0.00435105256499467 -0.0826178890326791
0.0860745102211765 0.0401020797557745 -0.0236057903278364 -0.0444353823420819
0.0797326218482968 0.0222555745497649 -0.0247359116369979 -0.0194514575841995
0.0893711403618701 0.0168227548805008 -0.0303280958071511 0.0127112193072207
0.0873105190476573 0.0474498912689996 -0.0476873143881517 0.0354335015327546
0.0668016267259377 0.0696799552183999 -0.0680650540023593 0.0472583641039253
0.042761706483564 0.101646481748253 -0.0934795759105817 0.0351777758031465
0.00253603326860549 0.112905908650473 -0.104797667037297 0.00932324212364135
-0.0600872721009218 0.107219307302799 -0.0643325057044622 0.0139606562141616
-0.110820535167318 0.0975821871913519 -0.0303528650006791 0.0599616993242387
-0.124138592329237 0.0723576337232131 0.00168141129887809 -0.0531766764161471
-0.125073548542744 0.0791753619864824 0.0633667264971821 0.0156174623685981
-0.0890322099335872 0.12849174397929 0.114481553279568 -0.0183990912598399
-0.0280537711525559 0.147808037499963 0.105364320467286 -0.0568281396184424
0.0315729191070356 0.124877208549389 0.0597933305754217 -0.0672681987340148
0.0707211607916758 0.0899923897141312 0.0248888210857692 -0.0557469460691515
0.0926920876060517 0.0473749913356833 0.00885747889174322 -0.0249805399379508
0.0841818208588516 0.0245710178075184 0.00725690666172756 -0.00548409036296858
0.0923242230611149 0.017350868115644 0.00248904592027561 0.0247686239128352
0.0899155775610834 0.0476162871420932 -0.0147593446837076 0.0501101703611988
0.0717040953591353 0.0704659436321604 -0.0403968158999998 0.0672543079454996
0.0490749936431699 0.1083876509272 -0.0765734194498624 0.0529800458551931
0.000742169124431064 0.126587051138062 -0.0924795164773927 0.0159246153837564
-0.0715789670737596 0.114905111430385 -0.0469481968453008 0.00141123840199853
-0.127295770468033 0.099747546625704 0.0109465108511853 0.0393468478124072
-0.122944884001987 0.0610870545042452 0.053628602332614 -0.0684802194191652
-0.133727967847908 0.0687115699577792 0.0932905710278871 0.00288838693234721
-0.100321923782013 0.124769084270978 0.119334201093981 -0.0102112966544222
-0.0354469462813141 0.146830616122009 0.103131669816437 -0.032157249934699
0.0261544267266371 0.121593075077004 0.0708811555289107 -0.0281724083046766
0.0627873151656866 0.0865362046127587 0.0524343683753266 -0.0232284396327126
0.0841028389958935 0.0450038462273887 0.0402559318514229 -0.00379261536606536
0.0758980476030554 0.0226051272515277 0.0382051666511395 0.00929321667054556
0.0812907292655861 0.0164450212380188 0.0338803668619962 0.036777520621909
0.0794992639027423 0.0435518674140184 0.0159673373855582 0.0618881785811468
0.0626821640504108 0.0656439533829205 -0.0146433126093615 0.0818240052736759
0.0409245579464065 0.103030764494549 -0.0587977596977649 0.0632130716121243
-0.00796064009203157 0.121038345972668 -0.0764948101775391 0.0172398010201116
-0.0792118435121045 0.103219517806325 -0.0279602556744675 -0.0104962627957261
-0.127605529367787 0.084801509847282 0.0504743136405026 0.0176061031325637
-0.0998485924924691 0.0378560164500339 0.0976444094361421 -0.079589759572018
-0.115027187009868 0.0445737976587683 0.114787565092152 -0.0125455563768249
-0.0904970395660918 0.0972674996550526 0.114916688728049 -0.00241002225519885
-0.0325340205715279 0.116048476792413 0.0940582720869399 -0.00735849281883
0.0181152066905503 0.0934841853731936 0.0777299455785861 0.00791836983315537
0.0448671617201851 0.0659966948545533 0.0761362498408058 0.00543898068130867
0.0618755884492513 0.0346626509594596 0.0666905293218232 0.0125174898432277
0.056862969684531 0.0171286338407151 0.0614444661526456 0.0225375058297511
0.0598294892392569 0.0146556190321847 0.0566505207334128 0.049434634562856
0.0585697559870049 0.0355961373560428 0.0357560099097892 0.0741754905623608
0.0458317651809077 0.054454324607401 0.000176425390917769 0.0928178943600949
0.0263126129957877 0.0867441586302538 -0.0453894309540379 0.0682488533092299
-0.017696352170213 0.10123055264073 -0.0593119628195632 0.0164073818046533
-0.077772345065925 0.0759983265950484 -0.0106399231077616 -0.0170692975016454
-0.111004392925441 0.0562621146810839 0.0829200185057898 0.00508238796940583
-0.0602471786542508 0.00949239131330277 0.123751457340264 -0.0824417915969226
-0.0778811889858109 0.0156443531005913 0.123195585464882 -0.0241622520880685
-0.0606994182478688 0.0569791393691851 0.106978026121085 0.00530905241492223
-0.0186708603612099 0.0668027909384907 0.0870125658837579 0.0114029594706565
0.010302293442638 0.0486989176546576 0.0846482936269471 0.0289307570165671
0.0205536086722531 0.0336078548535903 0.093072761408859 0.0209218890398441
0.029449127926147 0.0181819331940726 0.0838087446401521 0.0209218264637254
0.0285231780594036 0.00840047532130045 0.0754979945989186 0.0312395559036312
0.0303380414173757 0.00885706201438359 0.0705733120038541 0.0592821361891686
0.032214799937606 0.0225067417195505 0.0457811866074039 0.0852981780994942
0.0259489993647459 0.0353966103995583 0.00504473338083524 0.10310506198866
0.0129577884350873 0.0598527419016549 -0.0398963693669214 0.0717561388932457
-0.0216481067041335 0.0689234537211199 -0.0479620869626639 0.0183235400537718
-0.062801790906181 0.0416833566022815 0.0014326253008027 -0.0191012765051747
-0.0779873620795979 0.0228602276229838 0.105109910459749 -0.00237188961626041
0.0185085351076291 0.00273629484282579 -0.117878520332381 0.0275921091160041
0.0291805159322564 -0.0160020881677319 -0.0158230509794479 0.0464525014756597
0.0172945539490056 -0.0291157735309457 0.0556437472021661 -0.0154093573611732
-0.00724076027156459 -0.0246138443227996 0.0572298268836601 -0.0745748467077251
-0.00284361395627622 -0.00649481748701292 0.00477684496380114 -0.119137061530003
0.00274444075933315 -0.0024833455888203 -0.0544002753469264 -0.102788721989065
0.0028618144252113 -0.00472131553161889 -0.0815338334639059 -0.0703455566613058
0.00683332929045666 -0.00297583796066778 -0.0893265858385338 -0.0419687689664025
0.0115236923904679 -0.00586992292930742 -0.10033184500297 -0.0197914070598814
0.012127412433259 -0.00233688961906093 -0.110421750230379 -0.0178467762965323
0.0095641684452701 -0.00394840464551284 -0.108460528254968 -0.0287166525132876
0.0166251397963698 -0.0117186574579308 -0.1011877232031 -0.0293460609528759
0.0360187582291252 -0.00766934648271598 -0.110376085665136 -0.019792219558393
0.0380505666550094 0.0155318161958171 -0.113156825267889 0.018504471784291
0.0217940744330319 0.0195414437504572 -0.126000543373796 0.0870284128816477
-0.0253409979890752 0.0353927461297458 -0.114123709685675 0.0107689716071457
-0.0091605680844682 0.019365818820742 -0.0107274503598721 0.040665217184521
-0.00239697815370574 0.0177274667601354 0.0635077620315735 -0.0240370423374672
-0.00677889228513285 0.0232434560348515 0.0677159961507878 -0.0820847790522677
0.0128709602350194 0.031668444822774 0.0137540651326158 -0.124530438735641
0.0312957935242225 0.0241953178804606 -0.0469248396190837 -0.106384325332547
0.0381549859614044 0.0100771378632255 -0.0728698423634987 -0.0695215198148906
0.0388289445773412 0.0074078265524935 -0.0779782871688265 -0.0393567488160378
0.0469092077724797 0.00645695715204257 -0.0879500606133341 -0.0115635263841365
0.0443575056271269 0.0257509280585293 -0.100626587935023 -0.0020053567788964
0.0288556571377682 0.0355435430234463 -0.106100765908297 -0.00841164140541517
0.0159754642847154 0.0407174743632722 -0.105472305715765 -0.0140240604955025
0.0117583034185241 0.0395678691547253 -0.110816471356054 -0.0122875200220573
-0.0070011163004971 0.0506781217115955 -0.099010592020523 0.0249047681760525
-0.0338270363787208 0.0524592131659418 -0.105566881103872 0.0887844859326353
-0.0693911068836309 0.0592340251270933 -0.0898639202856458 -0.00819473113749884
-0.0549550709429188 0.0519995218930219 0.0078997968071782 0.0351573223731924
-0.0312224203313025 0.0672110823627676 0.0815533728526432 -0.0284731902785343
-0.0102212403748753 0.0762753893422812 0.083334379942098 -0.0862672177165859
0.0261619991153103 0.0721838691809473 0.0269967450964239 -0.120390791170461
0.055204762032135 0.0527185955616842 -0.0306076498407042 -0.100370213661761
0.0687323418280997 0.0259559301411525 -0.0523029824100596 -0.0608299105214233
0.0648450191231877 0.0156792725644236 -0.0555809547957909 -0.0316008361474571
0.0752109909361439 0.012615843725006 -0.063135792096293 0.000200941550053972
0.0734655778161422 0.040864275716042 -0.0790566777527337 0.017980345027056
0.0530964315381362 0.0603330593062874 -0.0931055930223525 0.0213946102748264
0.0308931434037501 0.0817315918512907 -0.106162322947317 0.0115962453655205
0.00335037026879646 0.0848121758251646 -0.112234986200696 -1.11501367212202E-07
-0.0398971997784765 0.086641515988322 -0.0825810724017409 0.0226736067957936
-0.0796850514005978 0.0830545694866323 -0.0725242216218539 0.0785259735670461
-0.105733580086665 0.0740452414547207 -0.0509570162033653 -0.0320593322853683
-0.0969748467706233 0.0755540854159901 0.0339586765102667 0.0283093620594773
-0.061368516649509 0.109939306495547 0.101959067857305 -0.0267791129550064
-0.016727007474654 0.123490124981163 0.0987380720224842 -0.0792241727100118
0.0345268969132078 0.107623312351055 0.0440331005704046 -0.103018940652206
0.0708800577572354 0.0772254046901793 -0.00554226050873681 -0.0844968406610624
0.0885609751732349 0.039579284499162 -0.0237818124652469 -0.0465278989164431
0.0818041547026403 0.0217857266195578 -0.0256114566029098 -0.0200526300127507
0.0916340161435719 0.0147027379000374 -0.031710979117237 0.0133045857472552
0.0906414808853633 0.0469146616957255 -0.0481316981939637 0.037243958047442
0.0706778555259646 0.0708782676196591 -0.0696472367276675 0.049618271044611
0.0469234539092751 0.103597641813602 -0.0966460364685074 0.0378168612241646
0.00474622132365057 0.116437965916154 -0.107781537725805 0.0109371668494945
-0.0596352695533789 0.111817538305665 -0.0662151358963818 0.0144341629486746
-0.112205320277784 0.103028684287498 -0.030705473409653 0.0618731133922086
-0.126456324759135 0.0752167281554911 0.00114289837362729 -0.0553112382172077
-0.127549430357055 0.0839176680866905 0.0659138334109566 0.0156509029059807
-0.0884259601294054 0.134282034342776 0.117360930553488 -0.0206915856978575
-0.0251229323110072 0.152578189199533 0.106818685902457 -0.0608384560978932
0.0354302972012731 0.128392700486735 0.0602745108673447 -0.0703487632702149
0.0745009719874413 0.0905762813952387 0.0243724748329978 -0.057791902241049
0.0953449953842965 0.0466829744067546 0.0101737825059182 -0.0270105478559221
0.0862924048754464 0.0236481782728917 0.00766952608918079 -0.00596914847798712
0.094694314132075 0.0154939246250419 0.00290348295469709 0.0252214793555539
0.0939107068397233 0.0467263839334104 -0.0144571323059725 0.051344300488224
0.0754197754537961 0.071237049270243 -0.0411943286628319 0.069500288749409
0.0528746263425228 0.110119479241255 -0.0788162534042176 0.0563667674036008
0.00306839918290592 0.130483251223342 -0.0952633644456386 0.0177785617533156
-0.0715036335353548 0.119672457132533 -0.0492644898187374 0.00164158307778491
-0.128992331086413 0.105638104359245 0.0112196098165704 0.0404765273388545
-0.125571925069133 0.0636367774510003 0.0544352415090553 -0.0710020273275416
-0.136718346594654 0.0735654893708209 0.0963399665939852 0.00166344386211589
-0.10019086033776 0.130368776066865 0.122133707221125 -0.0124951867178703
-0.0332824305814433 0.151344092888911 0.105505805763577 -0.0347269793681333
0.0295763830334803 0.125221751918043 0.0721224868744194 -0.0307391488893803
0.0663420524246513 0.087165198056195 0.0534451308852721 -0.0242827056436557
0.0864883211001602 0.0450496023397329 0.042567368790537 -0.00567606038316672
0.077700971209669 0.0219877519865718 0.0395903944320317 0.00858497615255631
0.0832061111572144 0.0150953535596834 0.035535094895391 0.0371488070674768
0.0825300685824876 0.0426927821144907 0.0176698961136205 0.0630634497970027
0.0663250395474282 0.0662213697410085 -0.0145893460240817 0.0844723410434464
0.0444430442440271 0.105447909352193 -0.06019512303173 0.0663553315111861
-0.00574253404453684 0.124921899262777 -0.0790924385108829 0.0194835287690287
-0.0790134317283504 0.107729062177351 -0.0298171079858062 -0.0109387637956774
-0.128386779608523 0.0900577508531232 0.051337903077776 0.0170027578807336
-0.102162432924727 0.0397347880676364 0.0997219217803141 -0.0834952381938504
-0.118528045831155 0.0479310185062679 0.117649310057307 -0.0146909341297962
-0.0914833068407479 0.101526645995743 0.118389103291039 -0.00455544834708582
-0.0311319536428654 0.11984623558254 0.0961492191604643 -0.00861156813763716
0.020326311742713 0.0960937772074682 0.0801379415209525 0.00678090967046786
0.0468249700231911 0.0668075271416961 0.0784540156106281 0.00445088927864206
0.0637005233455011 0.0345370894983169 0.0699015417780848 0.0111991612398637
0.0577856930653635 0.0164072097585832 0.0641369634559617 0.0217602234174025
0.0608702463881408 0.0132275325927669 0.0588640891031031 0.0495281680935638
0.0610891869177549 0.0355656782668905 0.0377538226052251 0.0753446603343033
0.0477735044108051 0.0552718184627947 0.00140264647632274 0.0955515276383199
0.0288923923611218 0.088395266063221 -0.0462587594894695 0.0713044555733491
-0.0163409817333666 0.104576917806089 -0.0616593012271972 0.0180851207523776
-0.0787108040193094 0.0793208979231178 -0.012663037067355 -0.0176129433046633
-0.112734462048841 0.0599955979164365 0.0844272518222585 0.00385818473879046
-0.0621044104968944 0.01025559870541 0.126710041370363 -0.085944401470311
-0.0799371734504045 0.0174282955735782 0.125756985254372 -0.0269910292465684
-0.0614664818369704 0.0596227458761108 0.109637706422971 0.00414274298914306
-0.0184561490766245 0.069048680997944 0.0890692428326755 0.0110244608752074
0.0109695791752337 0.0500988861859635 0.0879863436924637 0.0288092987794153
0.0212908620059842 0.0344826500774943 0.0959224723333276 0.0200941403993282
0.0302980886932029 0.0182618919592656 0.0875951398979475 0.0200337707401171
0.0289037154826076 0.00798563980421135 0.0784204128489732 0.0311307208038529
0.0309954249123085 0.00871358970195025 0.0732083925959042 0.0597038083783002
0.0335575719628876 0.022016125723042 0.0477718206536594 0.0872896598559613
0.0272162438654917 0.0358306973165698 0.00627938982423622 0.105993939754435
0.0144588152664896 0.0611380116081535 -0.0409616061570941 0.0747423682307368
-0.0208151439510722 0.0707652073333292 -0.0501514422920134 0.019643680562307
-0.0642762475673959 0.043329258311844 -1.72645516090372E-07 -0.0192639474646476
-0.079237349596074 0.0242695498604191 0.106713425027612 -0.0034706607331358
0.0191287845106868 0.00279834247423481 -0.120168393518589 0.0329194390988661
0.0294557022168273 -0.0174919794473445 -0.0134350091772601 0.0484339539509679
0.0176283296564257 -0.0309246432443435 0.0565516649151571 -0.0184803319434796
-0.00818083598867589 -0.0254189868480084 0.0556811428105232 -0.0797446112219133
-0.00255896796037387 -0.00755358777484702 0.000616394559918199 -0.123046413809709
0.00318768562329945 -0.0028536713283986 -0.0596478566424707 -0.103765587550966
0.00329100305313946 -0.00470155985525769 -0.0878116869990935 -0.0684715248593629
0.00702289491989293 -0.00313217579618242 -0.0948816184040372 -0.0396437391243333
0.0113756190413328 -0.00685940582037367 -0.104511749657848 -0.0160104119256757
0.012360108343812 -0.00279680269090234 -0.11521299808132 -0.0134817891533948
0.00961263479652948 -0.00487558712719666 -0.113695924475406 -0.0247468932269541
0.0168610890752859 -0.0128164077626306 -0.105618856928538 -0.0260642647180409
0.0364043187420353 -0.00926549960998493 -0.114258482163355 -0.0157499307682771
0.0395719595563942 0.0149990638394133 -0.114738664496425 0.0226656234882125
0.0225231761839313 0.0193445019323849 -0.126390019043747 0.0945845920958992
-0.0247784986762828 0.0370993252089186 -0.116732459750659 0.0149592974231145
-0.00850575691308341 0.0210471806943625 -0.00829022380723058 0.0422651824833117
-0.000744244310249407 0.0187289828102114 0.0643543260554356 -0.0275108250537385
-0.00487675498830776 0.0234446396906812 0.0657485369333705 -0.0880256952558532
0.0151665924360915 0.0315513309725304 0.00897975915948587 -0.128702765115399
0.0332826960441651 0.0228681706815925 -0.052429391285145 -0.107587088395403
0.0401127884580786 0.00906155012315657 -0.0774477022431702 -0.069215893069775
0.0402752685076546 0.005739682725101 -0.0828906530078739 -0.0375633686454149
0.0484735901511693 0.00394471205138626 -0.0910896872306864 -0.00794488582106319
0.0472646590325517 0.023968537966187 -0.103540307358965 0.00172790055841139
0.0314274584626469 0.0350053430438111 -0.110048947230853 -0.00401557135320588
0.0190208146817993 0.0411865835259424 -0.109992010623083 -0.00969213029631944
0.0140123655623655 0.0406673772238446 -0.114874765522942 -0.00788352388715222
-0.00519473276655005 0.0533240811512889 -0.100214704222234 0.0283083765314521
-0.0326349259197148 0.0562837968643489 -0.105682168125676 0.0951704000337437
-0.0689725633986193 0.0637005265617962 -0.092785753449663 -0.00549469863295656
-0.0540005314216822 0.0560399879534295 0.0106133762435761 0.0361599178932808
-0.0277025664416361 0.0710321225585005 0.0827817593695916 -0.0329160655981676
-0.005796340545515 0.0788566297207297 0.082088702825816 -0.0925103214542506
0.0313141825258535 0.0726826910013881 0.0220141954579372 -0.125634090144182
0.0598961036754117 0.0507127069445885 -0.0357819298197307 -0.102543416320858
0.0718189276207895 0.0235358660836144 -0.0558428842329503 -0.061251412476137
0.0677456360866632 0.0131281232674837 -0.0591994473891311 -0.0305522270751469
0.0773408516823955 0.00917277775337879 -0.0652064502296638 0.00285148457096358
0.077654195418187 0.0385157355802486 -0.0804147747682548 0.0215019220879566
0.0579175302215425 0.0594289042071781 -0.0957955190508188 0.026045686949883
0.0363904733008219 0.0823127097570035 -0.109793287605614 0.0167882105849321
0.00786191392578482 0.0879231714392009 -0.115398363525414 0.00421650270270216
-0.0369553390197862 0.091998277742895 -0.0846335130457858 0.0258636437632641
-0.0780434837105143 0.0896258351634922 -0.0716419048673136 0.0835212431069672
-0.105644266136574 0.080463931288006 -0.0536529806416505 -0.0314550328380808
-0.096539486300433 0.0826912574387712 0.0371584668871453 0.027457066110497
-0.0569775030744013 0.116346951686812 0.103594966879134 -0.0324164568104848
-0.00997397229079218 0.1274088876709 0.0981708237554506 -0.0859290329084251
0.0412757099706199 0.109432433493353 0.0405723832984587 -0.108517127706527
0.0768601814590428 0.0757673353000078 -0.00987451210002366 -0.0870620881390677
0.0929694605930551 0.0368791556905513 -0.0259437841776012 -0.0482135601721598
0.0849907285278727 0.0186127345803163 -0.0271022068074551 -0.0198827801550926
0.0949249266465648 0.010563690691835 -0.0319780653398642 0.0148400884686594
0.0964539518750149 0.0436720794566448 -0.04792962535139 0.0403260612158146
0.0766668025248724 0.0692733675605771 -0.0707695444677679 0.0536460046410605
0.0537718935994601 0.104339250958955 -0.0985233685760618 0.0434464368492775
0.0103912632803124 0.120244136959873 -0.11035006286872 0.0158210819097421
-0.0555686208071564 0.11869744095313 -0.0683499695446544 0.0166884434093546
-0.109504400639094 0.111884192761996 -0.0295618941679796 0.0640447799321268
-0.12691271517376 0.0820201053869387 -0.00116618011187141 -0.0572615196701483
-0.12777499693002 0.0925044035683226 0.0686361601711345 0.0137907752088669
-0.0842099537525271 0.14244474302788 0.119761481783181 -0.0267980294184066
-0.0182966071463091 0.15841046663527 0.107296367180117 -0.0673712100956209
0.0429981767315979 0.131005896892848 0.0590220296272399 -0.0754771489733408
0.0816469957591775 0.0892438243783776 0.0226648968064044 -0.0602180466741274
0.100194587218518 0.043833874198683 0.0097276873877277 -0.0295393780705548
0.0893217454931228 0.0207429387114058 0.00768390179451371 -0.00702996269641598
0.0970776479121192 0.0110334011926413 0.00390064570526833 0.025942498781485
0.0989199006934179 0.0429686330855447 -0.0123800199425277 0.0535922701598476
0.0816999846220286 0.0702272911184372 -0.0397857182630619 0.0735123044800511
0.0602508618826036 0.110504538459124 -0.0796455815387869 0.0627090335621432
0.00966026841044291 0.134362365428007 -0.097698373521993 0.0222685393583392
-0.0677637256516975 0.126874897803682 -0.0512593938235414 0.00308210735302992
-0.126817985970758 0.115126396906843 0.0124988740549011 0.0401011991372027
-0.126631792485266 0.0705218038611928 0.0536701667053579 -0.075990010412075
-0.137778135727295 0.082374931004903 0.0995991851842532 -0.00241793808343546
-0.0969580407012435 0.139534074329602 0.124706615066242 -0.0179119991455204
-0.026564448219463 0.157540085625313 0.106684607220792 -0.0402506380796632
0.0370172306275461 0.127855790208148 0.0728822549919412 -0.034670862075445
0.0726741065869141 0.0866305147814226 0.0538810345815853 -0.0273301020919451
0.0906967204890223 0.0425381404780705 0.0448694972689388 -0.00880536039706714
0.0804416897903899 0.0192762135855426 0.0417440133696392 0.00678195483514758
0.0855586326462084 0.0110496467415131 0.0378296992401802 0.0364652244748599
0.0873321685595032 0.0398274712570668 0.0207610707806634 0.0643952836816124
0.0713852460343129 0.0653991669977023 -0.0116170035493245 0.0880925730121714
0.0512135534368222 0.105905546486331 -0.0599466726136627 0.0720868844039181
0.00048928647923785 0.12934053433857 -0.0811737687802779 0.0231304751499357
-0.0765016136265074 0.114714440420277 -0.032617872834738 -0.0104988546053984
-0.126806553635949 0.0988266610437535 0.0528931930412748 0.0150010805011108
-0.104126832620731 0.0447213019530122 0.0998182198250222 -0.0900540787776471
-0.119986831658072 0.0547943202804769 0.121119558041295 -0.0200355379746066
-0.0890462902745896 0.109722518220187 0.120796116064687 -0.00930517872028744
-0.0264130242547971 0.124530561882965 0.0983241498721826 -0.0122837735153812
0.0259646965459594 0.0985074131476387 0.0830668439145701 0.00398082473582429
0.051127083454724 0.0669754076145682 0.0815042802990919 0.00150083045870399
0.0664669454345206 0.0327384863878986 0.0737768590595934 0.00764376701979885
0.05963748665877 0.0143617333688355 0.0677895489454483 0.0194375060796107
0.0628355165446166 0.0109031746054984 0.0626660414662513 0.0483890093481265
0.0640757076462599 0.033276675043767 0.0420989294771858 0.0760716826451513
0.0521324171524721 0.054860163332017 0.00504423929295075 0.0982912249812583
0.0342253031376905 0.0897315837571823 -0.045180275956095 0.0763024945448282
-0.0119998210984207 0.108158258206435 -0.0632964114902292 0.0216033039875885
-0.0770751870772984 0.0848845140677107 -0.0148117777589827 -0.0178004182378669
-0.112223482883909 0.0666040375821129 0.0863139775730767 0.000521087907911755
-0.0638574172891828 0.0132906404632614 0.128049708954716 -0.0940101085048731
-0.0821960927638256 0.021814170962206 0.128402921868246 -0.0331285259631348
-0.0609457437912957 0.0645519806513569 0.113136721728054 6.3641600672309E-05
-0.0164753271114983 0.0720351670073547 0.0919477411986325 0.00817160730642589
0.0130709902281606 0.0515613934016302 0.092121834391056 0.0263187199614449
0.0234997281766278 0.0349995467842885 0.100281008391746 0.0168640054974702
0.0315296140380699 0.0178542795717517 0.0918276502946901 0.0165474837402126
0.029481523957593 0.00728539668178779 0.0825768013164888 0.0287105980015609
0.0316456404199867 0.0074327677426853 0.0782760048103005 0.0583032928815475
0.0354484906534202 0.0207016665718134 0.0529907768289522 0.0876542235523696
0.0301068301498878 0.0360142929552181 0.0108505882550752 0.108926326442467
0.0178267962011882 0.0623025462705131 -0.0395869141534937 0.0796188889431883
-0.0187136571467457 0.0738477269937201 -0.0513734031729972 0.0227125826642245
-0.0640323624536486 0.0471515075692794 -0.00187426224420395 -0.0195850141068155
-0.0803381433090075 0.0286066115969927 0.108952206946467 -0.00806558633654868
0.0195311509562694 0.0024012866349006 -0.117611030036373 0.0397629157279945
0.0291612220593485 -0.01895091943931 -0.00981839582718425 0.0491662700933379
0.0168000864847228 -0.0324493785335738 0.0557015670769049 -0.0215371779548027
-0.00963472602587604 -0.0258057833322984 0.0510263937653567 -0.0833879315546724
-0.00318401066625821 -0.00815712951858516 -0.00702818850450117 -0.123922471867983
0.00362665900012168 -0.0037244973423535 -0.0659434542273429 -0.100766773433225
0.00338609539968817 -0.00450670790568343 -0.092473685453471 -0.0631175234370211
0.0070838308547214 -0.00362520702101762 -0.0982738802625003 -0.0336320342244731
0.010758699330706 -0.00741331755850101 -0.10605677209619 -0.00968957557225976
0.0121788013412601 -0.00380175481602036 -0.116207163934824 -0.00624826332022744
0.00973217890142294 -0.00571835247555503 -0.116003415553297 -0.0174675386670098
0.0163526887562644 -0.0139671151139221 -0.107447828004036 -0.0196938888279971
0.0359321527737669 -0.0110358155179477 -0.115755225912824 -0.0094044927465411
0.0405774798934901 0.0136946139067933 -0.113079277604564 0.0282641095904589
0.0237105006855151 0.0181801614258548 -0.121575616350792 0.102503990415863
-0.0220811631151184 0.0392885092240866 -0.115738598536035 0.0214631692589539
-0.00621346521217622 0.021495436626393 -0.00446890981718531 0.0423524057783757
0.0015928452552676 0.0189352050850925 0.0628183702822719 -0.031529444372912
-0.00274243336733896 0.0235882621267198 0.0604824922905474 -0.0922153714118151
0.0181095265405883 0.0295815218263845 0.00118470681057883 -0.129978025379784
0.0355772458631067 0.0201841906183064 -0.058976923855315 -0.104681342499873
0.040937623050965 0.00667287557672209 -0.0824180231560896 -0.0644907193999526
0.0408769631620865 0.00359365028916028 -0.0860285913986421 -0.0326675437447089
0.0483907547849146 0.000496517463206949 -0.0922954700238188 -0.00242813615210434
0.0492460204334691 0.0206135413753734 -0.104460198216233 0.00789786136148664
0.0340922680781694 0.0328089482786036 -0.111438684147787 0.00304116759937841
0.0219109334124451 0.0397831861703334 -0.111116578405284 -0.00252584079500097
0.016377654655744 0.0405643136387247 -0.115694854558582 -0.00135611428388461
-0.00125727772107642 0.0551247022635511 -0.0985392412540398 0.0333663920686807
-0.02836396575014 0.0587427545819077 -0.100488863903381 0.101237715456173
-0.0648665293393856 0.068176273677217 -0.0933801045829162 -0.000650609366484443
-0.0501609689579245 0.0601151158810531 0.0138028244631175 0.0353320353215099
-0.0219057455074565 0.0730187437277892 0.080683100134149 -0.0380466758091974
0.000821511226182571 0.0789533712744416 0.0759886862854458 -0.0984821523897895
0.0369127718773913 0.0708492461338502 0.0142765238305124 -0.127871328386621
0.0633184268222333 0.0463506971083525 -0.0420569981893118 -0.10014800056477
0.0736888486016927 0.0192507870644835 -0.060033987245583 -0.0588086226724028
0.0686355333292888 0.00918875604702298 -0.061078895248558 -0.027335396460383
0.0777656787181144 0.00370479358840526 -0.0656685427424468 0.00662017851592075
0.0811404114350302 0.0328723493160126 -0.079596606566982 0.0264832142751867
0.0626412210506016 0.055927049350068 -0.0951119839037176 0.0320432292240964
0.0425683105998602 0.0803044791442224 -0.10960706918305 0.0239855783371909
0.013610492262199 0.0882850272717938 -0.115255288490565 0.0110285912907368
-0.030681523646615 0.0953277218232791 -0.0831183524504305 0.0301974548922872
-0.0717796783054183 0.0956220982381472 -0.0671395692065413 0.0871786205551762
-0.10115050230759 0.086418334682517 -0.0557334442907233 -0.0285325725259634
-0.0912399989504652 0.0895201825477929 0.0396957352548341 0.0250763169671255
-0.0482317503673004 0.120611147953021 0.101868694364076 -0.0384381373083572
-0.000483365552330612 0.128117172068964 0.0929608593902061 -0.0925456813382449
0.049763491353995 0.107048132689464 0.0336923532791868 -0.111649310531314
0.0825998351505793 0.0702101013564596 -0.0156428341914221 -0.0863058212532812
0.0957780638358415 0.0308720415463987 -0.0284439290444692 -0.0480230534657252
0.086189860175893 0.0134427430167336 -0.0285811724388637 -0.0190484944009241
0.0944727891368903 0.00403960394507656 -0.0311738084843649 0.0164394308681295
0.0996558679817218 0.0366231036522404 -0.0453775292492249 0.042879082093331
0.0821371785573366 0.064505137294393 -0.0679105631418418 0.0587662299243032
0.0613199584608962 0.100476863115008 -0.0968855834103864 0.0508087643096283
0.0189698988961325 0.120365629983465 -0.109885563185833 0.0225306847873957
-0.0475630820835043 0.123389930130037 -0.0682431891186021 0.0201584594316995
-0.101573904446458 0.119369472884009 -0.0264566708737355 0.0655870699515962
-0.122574649018251 0.0891892954790731 -0.00473335448058164 -0.0578153706190182
-0.122531328712182 0.100820943835765 0.0707707338903128 0.00941344665749591
-0.073933380579568 0.148767786203757 0.117493996588703 -0.0339010615107777
-0.00713215936411202 0.159741104671826 0.102985128325461 -0.0739721236616162
0.0530264262340644 0.12881054616181 0.0540514470041968 -0.0794592762910109
0.0880014334935275 0.0838527969879796 0.0189469967059593 -0.061211580555766
0.10292546816703 0.0373225835253616 0.00871154946070297 -0.0319588965812865
0.0908579860319336 0.0153731851086692 0.00754825777119532 -0.00798764118977624
0.0971424611742565 0.00439874861230552 0.00551988171741884 0.0253106045918172
0.102491934573411 0.0359880814034999 -0.0087846006523562 0.0542782315770106
0.0869334087224999 0.0648356628660522 -0.0360082051601392 0.0763434342710614
0.0686934486130597 0.107055370553352 -0.0765374919267844 0.0688184160085949
0.0187048073761678 0.134409815143742 -0.0972557479223966 0.0287283502881673
-0.0591483377801853 0.131998509035975 -0.0522666162921144 0.00556291623891677
-0.118211372028984 0.12405223789801 0.0142809439089511 0.0391072263301278
-0.123170888402613 0.0780688414975394 0.0491155039101918 -0.0797232417598169
-0.132916737299905 0.0914741364500775 0.0998606771913513 -0.00926011223144455
-0.0877294101337073 0.146409794430607 0.123654086659187 -0.0257664212385344
-0.0162112411288233 0.159662291128121 0.104014696305384 -0.0462701938943837
0.0461443589651939 0.126239919227341 0.0709216162280649 -0.0391569020542063
0.0786194303052899 0.0822681257952484 0.0525667527116762 -0.0303953786305061
0.0932511997889448 0.0367915933043757 0.0452936299054017 -0.0130525035550455
0.0815090683338804 0.0146076893193493 0.0424318403356465 0.00368530540496806
0.0856359180524926 0.00559892630497318 0.0403014216594248 0.0339560038748788
0.0899035121482556 0.0338449453434883 0.0248641153970429 0.0627243146943998
0.0762907015126555 0.061124525835548 -0.00664871164167772 0.0887128468197043
0.0585794188835084 0.102694484064707 -0.0559048774269014 0.0774238474504938
0.00897376884301351 0.129603161313919 -0.0801262006327639 0.028780329604718
-0.0687427217835724 0.119669786385791 -0.0339580562262442 -0.00821882084282565
-0.12051386761908 0.106873484049456 0.0529405293798614 0.0113728377921968
-0.10205910739047 0.051206436763434 0.0946298086252537 -0.0964651154276088
-0.117081174534871 0.0631197234766109 0.119726261339389 -0.0275620062160984
-0.0817276812169234 0.115606084402549 0.120057820930469 -0.0166231955280865
-0.0184750246046416 0.12752818928454 0.0971489466801568 -0.0180658226287944
0.0323656534351927 0.0978661225965626 0.0842401463960822 -0.000898729152080289
0.0565591148610877 0.0642122481164608 0.0822569698952006 -0.00332282150569538
0.06878226509668 0.028888980505727 0.0750719371950056 0.00179092593509278
0.0601818927652859 0.0110779188866409 0.069480122619381 0.0145010320579483
0.0633776507429138 0.00665483262907439 0.0660388441397693 0.0444544242535821
0.066356088326164 0.0288970214712011 0.0468134250758262 0.0734433380085573
0.055996102029447 0.0515421914379383 0.0112096523368206 0.0984424433447652
0.0400948165433991 0.0874509444547384 -0.0411882279250079 0.0806702973160185
-0.0047533794158005 0.109310482316947 -0.0631208014539147 0.0259322275622834
-0.0719173342480786 0.0899538647825258 -0.0167152099732786 -0.0165892920206603
-0.107488167131213 0.0746045725105464 0.0858355317315965 -0.00519128992558493
-0.0633767912894112 0.0171876060889446 0.123022813110625 -0.102132291540957
-0.0810280728517061 0.027163567351029 0.12611811695031 -0.0409394877016827
-0.0564879591614792 0.0691191400803784 0.112689140400914 -0.00658162854348703
-0.0119502675086717 0.0737592776974982 0.0927314894592253 0.00346045317025429
0.0165943041061675 0.0509904730539723 0.0946516512865333 0.0213782452382214
0.0261155853410334 0.0340170871601534 0.102404105580163 0.0108632712188703
0.0322854161792425 0.0160528366328492 0.0942768326993859 0.00990419286918001
0.0295097159949987 0.00565718822194916 0.086029839806263 0.0229920062859402
0.031887078064814 0.00552836388427466 0.0820729754808019 0.0537892080529805
0.036423979367507 0.0179410240880166 0.058459805396532 0.0848847827143858
0.0327052984982307 0.0345432181552394 0.0174948189809271 0.108941449125155
0.0217756305728462 0.0611657820054364 -0.0351924991322614 0.0828951533935699
-0.0139782305364767 0.0748970643709616 -0.0511157968663754 0.0259094090639485
-0.0616616938785596 0.0509087441058413 -0.00389961594698524 -0.0194342558181298
-0.0780190991027737 0.0342137238012609 0.108807822625879 -0.0151489802116111
0.0192913332885549 0.00187868846679678 -0.111680669400724 0.0437321446741846
0.0276168971033221 -0.0197515699150528 -0.0060498546602068 0.0478298087418026
0.0150437535732395 -0.0328288907163992 0.0528977195134824 -0.0234748912943865
-0.0103133710851029 -0.0246355540007952 0.0454689760782571 -0.0834042186211934
-0.00310112356796827 -0.00861828011490555 -0.0123043348071628 -0.119658005478184
0.00347305637610963 -0.00416464272944888 -0.06858081373334 -0.0938452156228139
0.00361300202218086 -0.00447072224608325 -0.0921374631435542 -0.0560326538389254
0.0073501769016982 -0.00418193535288775 -0.0978044150397494 -0.0275512578264285
0.00989013096047878 -0.00776323988469311 -0.103680889952372 -0.00334750623221171
0.0116819377614115 -0.0046072717278109 -0.113198814427151 -0.000283405639697953
0.00880673432420079 -0.00623484631036287 -0.113650403504673 -0.011008492165828
0.014757053386603 -0.0141119508476579 -0.104307374352191 -0.0138773915509391
0.0339005281063773 -0.0122529247032332 -0.111820319229533 -0.00309812825824704
0.039996438133463 0.0120761854414883 -0.107866158122598 0.0315728549827869
0.0236784811061627 0.0162797476300193 -0.113255152809599 0.104630447434284
-0.019309763134668 0.0395419705212345 -0.110639060614255 0.0258638749048217
-0.00463862656815694 0.0217826990730068 -0.00119516173949055 0.0406975998518718
0.00351054377084134 0.0173073293709176 0.0590350178864895 -0.0330738908395311
-0.000477497492674605 0.0221373077172604 0.0539913278764117 -0.0921218189278844
0.0193872347953129 0.0273230319447758 -0.00557240857413025 -0.12611582231338
0.0356362046167528 0.0173532839193914 -0.0617381556307245 -0.0985217969716582
0.0405106215173301 0.00411358094279407 -0.0829022302880238 -0.0584000719589549
0.0400495306512518 0.00140649908076344 -0.0855440899498926 -0.0278403380505016
0.046410073536885 -0.00181190746620541 -0.0893122203319809 0.0021910150562883
0.0487055883395767 0.0171765838874337 -0.100848279456507 0.0128285405923909
0.0354448641733458 0.0297005867042471 -0.108498007150984 0.00846243201104848
0.0235021859979206 0.0370096397958759 -0.10749498923596 0.00322196617581259
0.0184170260141775 0.0387719425876512 -0.111477311590933 0.00447059041785888
0.00223443765404322 0.0539582602920231 -0.0937440559411738 0.0357949973546126
-0.0240974264661664 0.0586617358469365 -0.0928240299735086 0.102203364676162
-0.0592643182509511 0.0693529413460624 -0.0903425894929421 0.00294496094764985
-0.0449578057847614 0.060437490724226 0.0158818702477199 0.0330715500995322
-0.0164269397116849 0.0711408659684861 0.0759774253741187 -0.0406491470296689
0.00543649310867266 0.076258621382239 0.0684148397512201 -0.0992244736628881
0.0399838713739075 0.0661734278975033 0.00720637991233456 -0.124847534551691
0.0643320812867975 0.0412068042280719 -0.0457861514419325 -0.0943532688500756
0.0729102519129564 0.0144449357358043 -0.0611491295075549 -0.0547369996544558
0.0670415828162927 0.00537143777613769 -0.0614003911602435 -0.0240343008973787
0.0746562404126616 -0.000629551848530554 -0.0634800198805161 0.00947074490644024
0.0796869608951077 0.0268864317196723 -0.0756554450870235 0.0293601047274006
0.0640823947264988 0.0505983439991107 -0.0906294562621627 0.0355148321112847
0.0457498727104823 0.0744407678322715 -0.104909872336478 0.0295016156147499
0.0182535580775856 0.0849999409433761 -0.110896050848162 0.0162191596899935
-0.0239483497601674 0.0942510711883204 -0.0796862794385191 0.0320754092014317
-0.0635573465570111 0.0963380310484304 -0.0613179486578473 0.0875865576745996
-0.0935357518105912 0.088600653474673 -0.0554855640404248 -0.025821866455408
-0.0838446881307844 0.0908917520233421 0.0397724269729946 0.0216760501222183
-0.0397794200455123 0.118957691144961 0.0962401341654025 -0.0417327347051094
0.00711143684211505 0.123919743514336 0.0845128318648974 -0.0942695396479915
0.0548377227952644 0.100702912715742 0.0268045054218301 -0.109634824234514
0.0835237190592642 0.0631617068302283 -0.0189274825304903 -0.0820908975317535
0.0945025286799659 0.0242441930264826 -0.0300920746526071 -0.0456793951822817
0.0839741069936005 0.00869625140430424 -0.0291835718931966 -0.0175129760493933
0.0908520182118158 -0.00112625092309823 -0.0291394686266384 0.0172131071550852
0.0982799798168334 0.0294327625499714 -0.0419299981333667 0.0433729600917179
0.083581793049328 0.0579955422424894 -0.0634153943792686 0.0599275331004905
0.0651091008505055 0.0935240371579382 -0.0910543453418678 0.0554497769860289
0.0250053347765205 0.115556309175736 -0.10532746345362 0.0268569468733279
-0.0387014001247398 0.121707267772051 -0.0655109538956574 0.0219928931329331
-0.0905865632941827 0.121160521135868 -0.0228428701951595 0.0639674885174556
-0.114266299573032 0.092727838736112 -0.00763577382697374 -0.0563888426881577
-0.113454317763815 0.104141179736328 0.0683315282939032 0.00502852476157687
-0.0624277454278999 0.147794610768275 0.111541358539415 -0.0379203135155241
0.00258744158061593 0.15468056094963 0.0959859852361725 -0.0765387318799469
0.0590463441863581 0.121811755529807 0.0485229739977241 -0.07942952570203
0.0898343579567413 0.076527223529245 0.0155931410387001 -0.0595804393122599
0.101575835252577 0.0304957211971095 0.00704889124059039 -0.0325863983461709
0.0883223292933452 0.0103335424422608 0.0068436795351597 -0.00906641824927332
0.0934477322445586 -0.00110598376747597 0.00687171030342202 0.0241427664177887
0.100729349158186 0.0285810245865119 -0.00609441142874378 0.0522438552224732
0.0880822063430003 0.0579456181823844 -0.0313577463869188 0.0760145303519743
0.0722486555163406 0.0991315482900787 -0.0706549290662231 0.0710000890251607
0.0262199606150951 0.129105274116839 -0.0934643883352634 0.0326220532643649
-0.0495722877193596 0.130818330922401 -0.0509451419920889 0.00790069030125477
-0.105945744398647 0.125562318871249 0.0146640127640458 0.0360530555615066
-0.115690371540649 0.0811227227428281 0.0432071168202371 -0.0800112849520676
-0.123895750787587 0.0957610641763087 0.0954155845829532 -0.0138658918363997
-0.076094042412586 0.146372162191423 0.118027282323889 -0.0303467474868585
-0.00635252123053361 0.155574763141706 0.0984402577009438 -0.0498780089420797
0.0522598403573364 0.119636071238804 0.0667825903385034 -0.0410873608992731
0.0809433050424731 0.0752308891192969 0.0499671383299848 -0.0316316685205549
0.0920351946976443 0.030695676969972 0.0431851567981663 -0.0161797950837297
0.0793937894222402 0.00998945540055196 0.0415615338562934 0.000835790331837247
0.0822213412817349 0.000895310240741586 0.0407022224223822 0.0306005319034829
0.0885588021598371 0.0274621562168071 0.0270711705811952 0.0588849391893494
0.0771915485393894 0.0551134079113146 -0.00220417929333734 0.0862909080887768
0.0623569495673979 0.095625066236016 -0.0502475118989282 0.0791628462525528
0.0160564716819228 0.125105464198195 -0.0770715530502519 0.0315076340366269
-0.0597280549275798 0.119295760993415 -0.0346378905134178 -0.00646973771131168
-0.109188108095783 0.109765188858934 0.0510499824068247 0.00746623841410096
-0.0964560779367131 0.0545392744175387 0.0872701222387322 -0.0984304356958111
-0.109834084576104 0.0677969158026728 0.113609860103622 -0.0329318550737714
-0.0727031999758645 0.115904724615221 0.115174655002233 -0.0212075230529863
-0.0108505484163865 0.124349626641415 0.0931092236097455 -0.0217333065566851
0.0367372115563432 0.0933522184432919 0.081699072157203 -0.00460004638716688
0.0587106866823153 0.059293576040567 0.0799118608582109 -0.00711638416797078
0.0672030848252438 0.0250271391645372 0.0737115203365076 -0.00302664062961055
0.0581398958521394 0.0079111646990668 0.0685145226893053 0.0098790663664434
0.0607155067923892 0.00324918046032654 0.0662363064022515 0.0389912472528498
0.0653130174551781 0.0239059454366173 0.048865200633893 0.0684012107602566
0.0572572537428412 0.0470227141245048 0.0152595654189197 0.0945480617643931
0.0436584221735844 0.0824978494082355 -0.0360183066606705 0.0810681857089054
0.00131500925219179 0.105630410336956 -0.0603456038853009 0.0283040831836706
-0.065112902776334 0.0904507554915881 -0.0177937391373719 -0.0150995652744517
-0.0994093286920931 0.0772443482028349 0.0818166581052005 -0.00944904947580329
-0.0606014718666582 0.0200691534678644 0.114357834412645 -0.105079530519689
-0.076807524230945 0.0309538867053899 0.119195108236665 -0.045883383566117
-0.0504968819447937 0.0694054610849755 0.10864010027227 -0.0112568858593457
-0.00767869729116891 0.0720016250224919 0.0893251299239212 -0.000486045482858311
0.0187643659396998 0.0488763883165719 0.0932389622028812 0.0159712136887823
0.0271255709493875 0.0320704527590977 0.100281278628332 0.00465346900325293
0.0318424086991858 0.0141527989866998 0.0928516460927186 0.00444577063749752
0.0284448480505963 0.00422219988953919 0.0851271275941003 0.0173691824477556
0.0302978563451756 0.00379990117564392 0.082587327056397 0.0474621377186527
0.0358648457465779 0.0156709902666352 0.0612079032590276 0.0793602671857325
0.0332206604224438 0.0314950228417729 0.022539477072184 0.104581432996915
0.0242837727977516 0.0578845947111123 -0.0301313180658322 0.0829190257201199
-0.00943695215480044 0.0730786118138475 -0.0489308656044759 0.0280072446999645
-0.0572424081440288 0.0522210810641871 -0.00551787792841844 -0.0177923033540879
-0.0733736625223858 0.0367420039612647 0.103547524291602 -0.0198092679868706
0.0177133089163824 0.00216902082595206 -0.0966900925929555 0.058101665973247
0.0241961995145561 -0.021155123658953 0.00355688445342641 0.045403020654086
0.0100715258437937 -0.033671964176418 0.0484692765491197 -0.0316530258474118
-0.014169893725924 -0.023153327036939 0.0320278276730595 -0.0882486704486015
-0.00651836336447861 -0.00819126274377596 -0.0299543380057464 -0.113638027162797
0.00163401974403158 -0.00389038053464959 -0.0782495157775158 -0.080900134454564
0.00250732306587772 -0.00396693953649363 -0.0967699152341755 -0.0413852928800787
0.00617685679846089 -0.00402770999254271 -0.0975251225887458 -0.0127632543066472
0.00781330612921946 -0.00779289381333907 -0.100551135098836 0.0120583270755754
0.00984674214901302 -0.00542093692816472 -0.108491444264835 0.0173716891394087
0.00706913790765552 -0.00629191267877111 -0.109775018376453 0.0071791778573788
0.011084733157234 -0.0151698885967443 -0.100626726946445 0.00221499267136637
0.0291014185132502 -0.0147987732783737 -0.105635569704696 0.0140035437619682
0.0379598341404921 0.00671825734346135 -0.0975411332725427 0.0455480032955009
0.0231049146644657 0.0147203048390347 -0.0934929678313694 0.113354665298296
-0.0147518407282485 0.0412525154251638 -0.101145499121633 0.0428726301271815
-0.000647285414967502 0.0206247090550621 0.00523677927565301 0.0393974125196887
0.00606561313639655 0.0135922950196433 0.0509948755676706 -0.0385423685698333
0.00118041908572251 0.018738807109743 0.0375480649701788 -0.0948227149797179
0.0188774025537507 0.0217538683646113 -0.0231432105672293 -0.118245894367179
0.0347965379970597 0.0121268615623286 -0.0713495911993122 -0.0842363708915963
0.0380332517055151 -0.000395725271241278 -0.0868726701957544 -0.044194871208888
0.0375899481321168 -0.00263934089657171 -0.0859406325650796 -0.0142408625310976
0.0432217683882044 -0.00678132691916278 -0.0865331265867363 0.0154784131352872
0.0479844623888645 0.0106519983018243 -0.0956075729280615 0.0288864462151275
0.0352947621323026 0.0248214013547843 -0.102457064701197 0.024764855329988
0.0259535792121176 0.0321350799258864 -0.102036234212923 0.0182757584515906
0.0205635087479988 0.0345832269415144 -0.104886398578891 0.0213266562553911
0.00782128498156865 0.0507828668042434 -0.0838273429742408 0.0461527810378892
-0.0171171233441174 0.0601935444081389 -0.0751792582491738 0.107818734849294
-0.0485281109005334 0.0723224142337027 -0.0876804640493597 0.0191830812198488
-0.0330459328112466 0.061955781425966 0.0183718074037164 0.0306568919207934
-0.00548627670613152 0.065918628086369 0.0638443707137106 -0.0448412408363096
0.0147941872912308 0.066683284523328 0.0486053799770558 -0.0998147643092948
0.0441447431510874 0.0546723767467363 -0.00979182651484709 -0.115311613283659
0.0644104415492122 0.0309589463412816 -0.0538677154566232 -0.0817777308365157
0.069308554725681 0.00458423438028344 -0.0638747672452132 -0.0428023756438367
0.0635112464589016 -0.00166343301109221 -0.0621204215987762 -0.0138753584139227
0.0696485623728069 -0.00905304922645552 -0.0609107344336181 0.0194122598593619
0.078801663941709 0.0155582486620372 -0.0696330223624111 0.0415308290321244
0.0650631867895535 0.0411657456590941 -0.082254279083345 0.0478132104661253
0.0510284808284362 0.0647740895683286 -0.0958026658846768 0.0426307859840186
0.0260506386703584 0.0777640113376349 -0.103313377244955 0.032783064047237
-0.0106005619261941 0.0917385521593932 -0.072266007400687 0.0398037545407231
-0.0490886937826921 0.0998628602017593 -0.047812254499707 0.0889774740195163
-0.0787859255325095 0.0926613171740615 -0.0614895823824884 -0.0125487928993677
-0.0652928916025483 0.0950994512829973 0.0376618009171086 0.0172884143368323
-0.0208314599833058 0.112398492522141 0.0802696810016259 -0.0463227460349655
0.0229368541724409 0.110352937454528 0.0628664784603306 -0.0947241237395318
0.0620060818770701 0.0850527506632631 0.0121139657704128 -0.101390891277018
0.0855752790384469 0.0490164151594246 -0.0254809883060854 -0.0721890626666763
0.0908592520100814 0.0109607304367395 -0.0316820835635638 -0.0381007046152969
0.0798014673943306 -0.000571635440467203 -0.0300458289528394 -0.0121697947106495
0.0848170402261618 -0.0119900602568105 -0.0273684877083764 0.0218560230469249
0.096934552481502 0.0154734804927132 -0.0353262745067245 0.0494524700301957
0.0843034756321107 0.0464157519462378 -0.0521156633127125 0.0669061001292559
0.0727307536482432 0.0810884740399546 -0.0794048378302629 0.0643491951886524
0.0354266223223564 0.105621071476836 -0.0974647504368193 0.0431374969413703
-0.0208206935885618 0.119170173885573 -0.0607362564062795 0.0278189819660682
-0.0712357411897186 0.126263978482803 -0.0148158764573919 0.0616265318389225
-0.0973562287207313 0.0978535296066468 -0.0222639778759534 -0.0481413460801038
-0.0914056925240288 0.110212732533449 0.0609226275820774 -0.00320533953820216
-0.0381655776912294 0.141683854203306 0.0928379882584401 -0.043379652581929
0.0229251380313873 0.139088102078321 0.0747989645792574 -0.0769405640707057
0.0695798619817161 0.103855809552147 0.0373045454003829 -0.0741848107723255
0.0933539623059616 0.0604749652704156 0.011166474534629 -0.0552381633646126
0.0983491985688949 0.0158352785538529 0.00610906625423987 -0.0296093503247161
0.0840894422355197 0.000109636820663906 0.00521699610226544 -0.00911643493848643
0.0872567125230127 -0.0123463134548444 0.00828912507379018 0.0229589358234326
0.0990441291727541 0.0145725413534053 0.000941951204206415 0.052647624581275
0.0896647274715872 0.046210751425666 -0.0195960650426951 0.0768237760207074
0.079525418130967 0.0857798349147484 -0.057532663373242 0.0777079790472374
0.0380004907342386 0.117952124567272 -0.0855394168040197 0.046760158465816
-0.0301748185605299 0.128822898459953 -0.0492275755480449 0.0122063001124991
-0.0850855827567229 0.131420129598074 0.0168706580107775 0.0299668684357592
-0.099307504788564 0.0866810227956126 0.0220310117171791 -0.0785440297294252
-0.10246652873561 0.103406527376812 0.0826054071582858 -0.0250018407873475
-0.0508255320166856 0.141967988813778 0.0989951466635797 -0.0371832134188629
0.0154183904175083 0.141248988232956 0.0800054767233231 -0.0521533304800219
0.0637449789620675 0.103134760198374 0.0605344630052453 -0.0406143423448394
0.0851683851298978 0.0602519375698239 0.0475464484194228 -0.0336960493287125
0.0891411464003397 0.0167847287362326 0.0435879091222354 -0.0194064747741307
0.0757529348638603 0.000962002426040254 0.0399830713122976 -0.0051613086862948
0.0770438996007674 -0.00926264160434237 0.0422385288515139 0.0240338638846762
0.0874280860773452 0.0147548367844896 0.0333818847777657 0.0540037608558729
0.0795532780127754 0.0443331667896103 0.00996494115058215 0.0828634979974427
0.0702939367008396 0.0839847468534771 -0.0375147681694882 0.0815094028297546
0.0278243862473546 0.114853950841978 -0.0703961867707207 0.0436799141320125
-0.0413512667225682 0.119107699404472 -0.0356857292969931 -0.00315283951795871
-0.0890743211338539 0.116387184631804 0.0477280487521793 -0.00145131941211693
-0.0840347751324535 0.059044776039952 0.0619414537005445 -0.104317937680095
-0.0936059307022858 0.0747620057140651 0.0976028689111319 -0.0464606938263713
-0.0509317266645756 0.113976002776289 0.0982924260115359 -0.0302810714741684
0.00763899790226753 0.11360607078276 0.0799294082334896 -0.0264029017390243
0.0465435660483596 0.080362346168319 0.0791900862194122 -0.00995505573701004
0.0621505844449621 0.0478777728302921 0.0792056694767656 -0.0155165346843555
0.0659495709129707 0.0140644753686241 0.0734116751888364 -0.0109159628627072
0.055772118039821 0.00112513724200238 0.0671629162805967 -0.000180399960117316
0.0570591748031101 -0.00453737804331726 0.0684499234481516 0.028623445630074
0.0651645910836926 0.0147954396725119 0.0561150129154675 0.0591644325118048
0.0592134841219232 0.0389567454106535 0.0288929834239692 0.0880518817658598
0.0509764960357689 0.0739681356378143 -0.0227626577939075 0.0815609191138227
0.0122868279692061 0.0983475368385542 -0.0551150464690867 0.0378307124513467
-0.0496454833158536 0.0923488173436119 -0.0205427979666058 -0.0136437125173769
-0.0837075368833589 0.0836888870382869 0.074604776758599 -0.0211883498655439
-0.0542484592878214 0.0223353859298739 0.0892614554648877 -0.115855988609666
-0.0671035372303709 0.0365024182046114 0.102015250451005 -0.0609044736944355
-0.0369940487036973 0.068520849873479 0.0963518229181967 -0.0226758735864439
0.0033300766212755 0.0661706325977183 0.0822231872412302 -0.00889757094785468
0.0245458633589093 0.0415185887338535 0.0928619775179889 0.00510462623815117
0.0296620144763886 0.0259980051775077 0.0988417829336651 -0.00838933977745645
0.0318382571950192 0.00851937927561675 0.0920135648522104 -0.0079532271711165
0.0272881540920952 0.000678086137213572 0.0838434340345179 0.00435115771424756
0.0292753846109448 -0.000142657611625061 0.0856389827092443 0.0336109806277859
0.0362374276775035 0.010427964696269 0.069716088323557 0.0671715555572883
0.0353256070141479 0.027148660052593 0.0371221645003661 0.0958766862517487
0.0294746340557119 0.0526184570531396 -0.0163912547004769 0.0826961105139663
-0.00163109764225989 0.0690516272871484 -0.0437892138082283 0.0351523659576534
-0.047961469704323 0.0556119947577203 -0.00839036145353232 -0.0173067580830289
-0.0640357950827553 0.0423938637583883 0.0939727676969008 -0.0337085295446268
0.0177859924384984 0.003354907132793 -0.0952536475349922 0.0529607038886413
0.0243573803473516 -0.0193995945370322 0.00316835779452461 0.0438965434973308
0.010780441723785 -0.0329880170637424 0.0478836407492277 -0.0286705348353382
-0.0131410368043353 -0.0231335446740994 0.0337742245468258 -0.0843526813937921
-0.0065683253386051 -0.00850575448727669 -0.0259378555482795 -0.111118359410047
0.00185515397091198 -0.00441321248367202 -0.0732867933184448 -0.0803899075334512
0.00324214652024072 -0.00353518569573433 -0.092651791489482 -0.0421728160858578
0.00636341547439809 -0.00362953595743869 -0.0946543955468095 -0.0144628774918136
0.00784438869272215 -0.00699150797425257 -0.0979579949923847 0.00913025183662759
0.00993097345927261 -0.0047253417515727 -0.105996613514238 0.0140130367658199
0.00671173617694745 -0.00591803292264652 -0.106956254730733 0.00421583790865569
0.0115661119697556 -0.0147218015719425 -0.0975632495252931 -0.000999851481449407
0.0284776660461851 -0.0127221323892905 -0.102230786702214 0.00985133295501086
0.0366943936962109 0.00766106113244214 -0.095761990971557 0.0402299468726717
0.0212947217626736 0.0153784207967654 -0.0947266172704773 0.107181510396075
-0.0149815173432112 0.0399048489493801 -0.0989278436944716 0.0376888370539771
-0.000826973013887853 0.0206868090098355 0.00477413789996929 0.0374283534706126
0.00614885366184707 0.013654751282313 0.051076325316727 -0.0358203477855686
0.00110011662203109 0.0181662505667124 0.0389747691812177 -0.09106422296608
0.0179885005897937 0.021138813992861 -0.0189975541470958 -0.115802780514465
0.0333295620922496 0.0119376242710462 -0.0662566399061445 -0.0836690690227669
0.0372710918653288 0.000322543256406832 -0.0829655625073602 -0.0450321292234235
0.0369453909973754 -0.00166678391423183 -0.0837845160053409 -0.0162258916188286
0.0412876931920195 -0.00499569373978889 -0.0847764350724409 0.0126636019464154
0.0459781300009738 0.0111948339922863 -0.0938491193276636 0.0253214085982113
0.0341005283167504 0.0249815435201102 -0.10014428526629 0.0211452973172632
0.0242903697223421 0.0317984893879 -0.0987296321283366 0.0145161072612656
0.019454151431911 0.0349781305933244 -0.102045857727909 0.0166735520671702
0.00659842863764906 0.0496318582886268 -0.0835998008588783 0.041606266575801
-0.0180646612099297 0.0578431951511401 -0.0760790570105102 0.102457308057033
-0.0486206474769975 0.0687551740310791 -0.0856933131253619 0.0157811812911901
-0.0339941367147136 0.0598854600004917 0.0174343776360837 0.0293470657908977
-0.00633110149782753 0.063473887315135 0.0632809330936308 -0.0411648971136955
0.0130853791183041 0.0645736674164399 0.0501516676581015 -0.0956056093929572
0.041999544285411 0.0536177274697916 -0.0061700625529375 -0.112044049735193
0.0617710081196907 0.0309418454828559 -0.0494186474557063 -0.0802934744252834
0.0674121316995886 0.00610863337611514 -0.0605795535521349 -0.0439293673257083
0.0616653827801205 -4.68837245556938E-05 -0.0601782633454977 -0.0156777257917669
0.0673402345956936 -0.00653486050615774 -0.0595204758216955 0.0166979104895431
0.0759513256105852 0.0169406530044958 -0.0691998492699234 0.0376981057939431
0.0624357400390396 0.0416958790899527 -0.0814214573089483 0.0440692007086505
0.0484834431181715 0.0641126824820776 -0.0937055247039985 0.0386676637292248
0.0235669300923 0.0767228896783122 -0.101410205978495 0.0286807225114114
-0.0124586900402816 0.0884904539443107 -0.0714235542129775 0.0361795720423039
-0.0498139944828324 0.0952211125240509 -0.0495068647298014 0.0851373989046102
-0.078678856347263 0.0881668432175396 -0.0595514703562362 -0.014182175255012
-0.0657980249831093 0.0902229984581658 0.0356484493528889 0.0171412941298935
-0.0222086052377998 0.108222945904973 0.0791357355935458 -0.0420278513433326
0.0201744765829843 0.107090283326211 0.0637082602604524 -0.0896966410839788
0.0589358114610552 0.0839916531983514 0.0146235184366735 -0.098259112057958
0.0821764798748501 0.0492564490062428 -0.0216594902759989 -0.0705793734011316
0.0871853723407067 0.0122882680695594 -0.0296784294523392 -0.0384398295112477
0.0776945353818662 0.00135486348104024 -0.0291571151452759 -0.013219335352827
0.081736606066568 -0.00859195267807431 -0.0272471715255126 0.0199981979213666
0.0931936510687374 0.0173672748864277 -0.0359686365446234 0.0464562326799289
0.0811651109116711 0.0467678691903675 -0.0526735777448756 0.0631639842086822
0.0683670507751838 0.0797675196226495 -0.0784199882535504 0.0608833383024044
0.0324927376816579 0.103481037932724 -0.0960151315251504 0.038689267086354
-0.0227501643001932 0.11466806087509 -0.0604714313731219 0.0251582358223975
-0.0713881576543447 0.119683628131066 -0.0170174249980082 0.0586598851830529
-0.0970219732598717 0.0922051215081098 -0.0206327740560692 -0.0470508952131274
-0.0914498890580281 0.104495968221283 0.058261456969129 -0.00106348480869545
-0.0395506873157031 0.135969691735183 0.090929339076196 -0.0388756298961784
0.0195104969510368 0.134842278952311 0.0745847639106478 -0.0723327986668534
0.0657418272014657 0.102328702733406 0.0385217951164975 -0.0710535634297856
0.0896570273022855 0.0606351797588969 0.0132420304105481 -0.0532296376537081
0.0947122225313333 0.0175680420207775 0.00720123130580694 -0.029713477963982
0.0816848305227142 0.00265617193446385 0.00543665886437768 -0.00990615326206274
0.0835250441709516 -0.00899292446628844 0.00755385021237781 0.0219499322524524
0.0954706652087039 0.0162630385692049 -0.00128112083454354 0.0506866640873175
0.0861259099513957 0.0463317961316469 -0.0214047294860179 0.0743364215626929
0.0751527123995517 0.0850799447351849 -0.0575380147308796 0.0742381297108426
0.034498591891085 0.115068871357889 -0.0846379124130218 0.0429006897239637
-0.0318731732241991 0.123801529914582 -0.0492432409496841 0.0104786706240433
-0.0846960907114764 0.124477876366634 0.0145806309738845 0.0292601520635616
-0.0989207730816417 0.0816606075371453 0.023288834586469 -0.0756398794359568
-0.101869547105386 0.0975254318709872 0.0798390330756391 -0.0215886568778278
-0.0518420311664924 0.135690501968711 0.0968666420387523 -0.0324753680463151
0.0120286668783913 0.137168514009916 0.0790494756027912 -0.0473268328113619
0.0595843028381007 0.101154763412946 0.0600079815188429 -0.0377466591865272
0.0814726083875748 0.0605597585540967 0.047872599773981 -0.0312564234139192
0.0860120689048054 0.018621817951434 0.0428978771445824 -0.0187506396930487
0.073262690245648 0.0027375884420728 0.0390446448487622 -0.00455393574766741
0.0741387683965324 -0.00660544096667024 0.0407236478037871 0.0241774647320903
0.0835144347945539 0.0166690445189395 0.0302014933494928 0.0530861355172465
0.07598634208418 0.0445303808125582 0.00711276249515569 0.0803109557415015
0.0660737234457385 0.0830612810139216 -0.0378555517049471 0.0785737309044497
0.0244591486101322 0.111898655911231 -0.0701750078222459 0.0405602452483917
-0.0428582706838052 0.113725648910792 -0.0354742238426743 -0.00389023111450767
-0.0888572469705196 0.109696644101136 0.0450642991289672 -0.000134874896854023
-0.0832811707485836 0.0552140372856029 0.0630540093465794 -0.0990433523605279
-0.0921341597503469 0.0702941014939279 0.0952325527579964 -0.041840828686322
-0.0516992750858726 0.108703589994824 0.095840432103091 -0.025879919821457
0.00451954756406415 0.110570613731795 0.0785156992244929 -0.0228649251345817
0.0440088231985253 0.078939132523865 0.0776704299397864 -0.00754340657041503
0.0597933453588616 0.0477966029750758 0.0778304501126021 -0.0129607659187537
0.0632780205069232 0.0159419357622409 0.0720328184046447 -0.0101818692425044
0.0539899958590054 0.00247237348734078 0.0656608955211489 0.000997115556262678
0.0549404789404876 -0.00215428407369233 0.0658809146617938 0.028833050062269
0.0624215435950561 0.0157020525065253 0.052455967603074 0.0590767441764915
0.05686760245176 0.0389451979724263 0.0250141411858375 0.0863457671045989
0.0473895983643993 0.0726778775660649 -0.0242637177787309 0.0784768011181263
0.00975207373748717 0.0956787983797821 -0.055340770536542 0.0353974716005998
-0.0505593317426761 0.0880072865784134 -0.0203167260095248 -0.0133515568531756
-0.0824596126000745 0.0785727013335324 0.0721636467354779 -0.0189359225459092
-0.0530827775208254 0.0203220895317845 0.0900365801797163 -0.109595120211773
-0.0659247186871295 0.0335133765496605 0.0997422599709448 -0.055461923617369
-0.0370911938785942 0.0651365769603855 0.093825128772815 -0.0190041600368337
0.00208710355982634 0.064227449887746 0.0801441723518175 -0.00563707006206547
0.0227370408867565 0.0410753547437566 0.0907064295135913 0.0076690380498918
0.0283476115970882 0.0258943013127086 0.097125211588047 -0.00596612859585246
0.0299848604389402 0.00932923939073178 0.0902628849341606 -0.00629178625365404
0.0261598861738256 0.00157956750496779 0.0821002586009318 0.0060767663239246
0.0281276773191491 0.000444950376641879 0.0820638209529696 0.034482359431877
0.0343790136186425 0.0111855110096683 0.0656469752103818 0.067417204270135
0.0332720482244504 0.0271479417205947 0.0333016561763708 0.0942370262733718
0.0271732220739374 0.0523245886325838 -0.0179170881568701 0.0802240184233593
-0.00307366305004995 0.066706161596273 -0.0443827261884094 0.0331189230888105
-0.0479522788666475 0.0526084287985955 -0.00815980645642094 -0.0170017582767044
-0.0619636422442797 0.039562007078962 0.0912978415794674 -0.0302310050949645
0.0179969412699119 0.00458451940841382 -0.0980795182984201 0.0484636556149407
0.0257953801125263 -0.0182458307914689 0.00155544647715107 0.0436897372827704
0.0124520096020136 -0.0328102484219981 0.05073557175244 -0.0262291771383129
-0.0124501229713815 -0.0241220899179334 0.038514688702324 -0.0837135173835222
-0.00619724344603518 -0.00879529781538981 -0.0207381072662063 -0.114054288520159
0.00217140662995996 -0.00445521303513901 -0.0694939430899972 -0.0848887005610503
0.00399881336148981 -0.00355874552370568 -0.0912451038902643 -0.0464521703263004
0.00673152006877526 -0.00362860439501519 -0.0958226351778836 -0.0182035953574013
0.00815595842487583 -0.00657157254441006 -0.099845208720393 0.0050072309928334
0.0101593689763232 -0.00416507030843573 -0.107767683071397 0.00910692490705089
0.00671558359752436 -0.00556080510270863 -0.107880908715752 -0.000764183213702043
0.0121329963958298 -0.0137201009587321 -0.0976552418758624 -0.0065212859327184
0.0294603823304658 -0.0110155935682408 -0.102861620889858 0.00448480326853592
0.0367125624520016 0.0101120667096217 -0.0991062617851682 0.0349643240977583
0.0198931880069165 0.0164626836683675 -0.101214094839084 0.103697516058363
-0.0162830275334114 0.0397263119755835 -0.101939048285969 0.0324263696083663
-0.00184662146326304 0.0211923604833687 0.0030712383557852 0.0376578373637481
0.00578533445061282 0.0132655204163084 0.0533994825169125 -0.0331273775625351
0.000526708176555784 0.0179036206322431 0.0440044858940748 -0.0899240445328412
0.0180263065128285 0.0218248726555509 -0.0139627836230677 -0.117341093314169
0.0333988459205454 0.01289918592554 -0.0623934170986114 -0.0875312160765098
0.0373747179260512 0.0018269809150616 -0.0811783374673983 -0.0489893094204242
0.0373055473625018 -4.09426108450898E-05 -0.0844299612855882 -0.0193043956568011
0.0418440602949279 -0.00253092416002718 -0.0864173686173119 0.00913552079576212
0.0463006779492392 0.0135503984608084 -0.096410363659431 0.0208966774816218
0.0332889066682177 0.0267065753884029 -0.102216071224464 0.0164864768463073
0.0233858819287145 0.0331299854960136 -0.0998988047090586 0.00942147045502651
0.0182932917741773 0.0366436211407335 -0.10347710746077 0.0115894629986903
0.00446798438269587 0.0504073505786486 -0.0864905385347607 0.0377674948003354
-0.0212665689575526 0.0569949014826066 -0.0821668734167659 0.0993009811019719
-0.051963536497504 0.0672446735792199 -0.0878712089438049 0.0111201095413256
-0.036901202469163 0.059146005062827 0.0160608531277418 0.0299349048137956
-0.008063375168542 0.0633656417121465 0.0661878974475254 -0.0376993975173054
0.0108774514733426 0.0650441265871616 0.0553168553238613 -0.0941747547364936
0.040511856521015 0.0556830695190205 -0.000860139461273173 -0.113714402245623
0.0612227845737291 0.03348895276277 -0.044689661619911 -0.0832873552654302
0.0670899158000029 0.00883887559095833 -0.0590801658910153 -0.0473485468066249
0.0626262347265594 0.00260496857355904 -0.0611526436454397 -0.018532901563723
0.0676349613607882 -0.002870784572982 -0.0613318641654516 0.0137395251534125
0.0754900753539715 0.0204976722035348 -0.0717365611841599 0.0346153239278601
0.061123256315121 0.0441912564538796 -0.0847612941558997 0.0406939472431496
0.0458042232687294 0.0661099373197836 -0.0956326420086095 0.0346343765634916
0.0210395770582393 0.0789653535511601 -0.103442106816896 0.0232916300919668
-0.0161553320416106 0.0882595228320433 -0.0741001597568163 0.032383020535242
-0.0542920919520808 0.0930283886605492 -0.0545789008746256 0.082597971670976
-0.0830970393051133 0.0854986055631841 -0.0604680304916568 -0.0171630287848163
-0.0707873121357605 0.089018132129828 0.0353350673575173 0.019368686584946
-0.0261228056358207 0.107838665189089 0.0815436872601663 -0.0379148084423603
0.016349053911281 0.108825988260616 0.0688643464234365 -0.0872806397085843
0.0566164735773568 0.0865488834360805 0.0194059547171665 -0.0987406323168366
0.0808918632268261 0.0524194998645172 -0.0175919743944176 -0.072425035032305
0.0871662976099689 0.0166153364224986 -0.0279962245679609 -0.0408528874598891
0.0780538598621479 0.00492831581339235 -0.0295588656254571 -0.0149355188548956
0.081643480468119 -0.0046499720123275 -0.0280776066321356 0.0187758630979482
0.0928315344445167 0.0212895551128773 -0.0392448031837191 0.04511673466169
0.0798678474190188 0.050193172492239 -0.0567325369134309 0.061722036144888
0.0649407612539381 0.0833477816807593 -0.081145262273108 0.0582626649407199
0.0288834250049043 0.106201823913116 -0.0991415336929266 0.034272859155295
-0.0278015286492673 0.114245196433817 -0.0630032720709067 0.0223551559256251
-0.0769700564309724 0.116521766376149 -0.0202566045157561 0.0579724948969233
-0.101897093809396 0.0885018014458152 -0.0190957432889946 -0.0481913158083046
-0.0967802006745839 0.101451350655933 0.0583482492422209 0.00265042559936333
-0.0450174070866527 0.134842490343025 0.0932832882811815 -0.0338561608279213
0.0141413336696756 0.137113954761579 0.0786936511727587 -0.0694146763399985
0.0627667601519058 0.105714582464267 0.0426825431994965 -0.0699502187974175
0.087651450964031 0.0646880833454527 0.0168261261508685 -0.0527445446200957
0.0942193409057508 0.0219051160147256 0.00855643359179292 -0.0309271295956472
0.0822033640803758 0.00610386178989662 0.00552442576708155 -0.0102230182212503
0.0839012887538096 -0.00495748133241265 0.00623903124478056 0.0221903890616698
0.0951004751089618 0.0205680743054445 -0.0040748128452887 0.0507255860979842
0.0847447939224581 0.0500279268098901 -0.0253295518421296 0.074473587322212
0.07198363996226 0.0885192243042792 -0.0608364687728828 0.0726026748544131
0.0303043380688137 0.117607335437922 -0.0877284800659049 0.0397035332317922
-0.0375055065156181 0.122817915924744 -0.0508171929923033 0.00841718604552749
-0.0902722007153991 0.120434328050334 0.012443262531893 0.0299776531376722
-0.10309769715214 0.0782365857105942 0.0265673516758765 -0.0749427225596702
-0.107337606421119 0.0941084112078964 0.0807039517556614 -0.0173668607113575
-0.0572834595211755 0.134200377847595 0.0988595026821302 -0.0275579953984124
0.00646425998090198 0.139076217305234 0.0817278974798493 -0.0443635939516702
0.0565791837382898 0.104424877103865 0.0629794672725592 -0.0353693498532885
0.0797544145955277 0.064286543538702 0.0510394396570004 -0.0294657654271637
0.0856831312320761 0.0228113506202472 0.044591782228525 -0.0185322104036539
0.0734635506954323 0.00650215518882686 0.0396588344381335 -0.00371414329721685
0.0738156390823719 -0.00256661447391788 0.0395820067567387 0.0255024432358212
0.083929789214855 0.0203693369070843 0.0273738541679986 0.0542154654703871
0.0748591277744615 0.0481350278585122 0.00306374748424665 0.0817767062601854
0.0627286298669241 0.0866585175255377 -0.0411907776585233 0.0776820878354896
0.0207381041917202 0.11354561035186 -0.0737905854578464 0.0382964634535613
-0.0485315831075329 0.112206331653193 -0.0363729398217519 -0.00543636198162167
-0.0937080811132267 0.105498808183917 0.0446064518994177 0.00220502253326002
-0.0862086888765493 0.0521895449347071 0.0686979115424214 -0.0962530306929742
-0.0962524909050944 0.0667894063541341 0.0970607122092654 -0.0365110920990706
-0.0562065430589158 0.106854345613274 0.0977980618813576 -0.0210502250531577
0.000110213781902885 0.111694612501912 0.0805109606335383 -0.0193124128195092
0.0407537766592686 0.0815955816938218 0.0789120315858386 -0.00433640832518818
0.0581777572001899 0.0507193070214272 0.0799893962387562 -0.00984842247590626
0.0629817165565463 0.0192535498908064 0.0735980882723301 -0.00797854972348076
0.0536864607530964 0.00494107332480248 0.0668940079842844 0.00274781810578329
0.0546633828217727 0.000501214299069345 0.0654510070740651 0.0318386259299857
0.061839433995459 0.0186753816935295 0.0498221949814675 0.0615274056887178
0.0555862229242647 0.0421230151472484 0.0210911547327073 0.0884314401161634
0.044400992863828 0.0753769404503823 -0.0273570168461845 0.0785266106897214
0.00543503247005184 0.0964126813336571 -0.0584377619779633 0.0339897726340642
-0.0546134759130795 0.0863683882479864 -0.0208421290335272 -0.0143865185404383
-0.0861281688593812 0.0749836172463363 0.0729661771289241 -0.0156653856369559
-0.0545661438533494 0.0182060477352825 0.0967599328055297 -0.105709793844536
-0.0676041686714236 0.0309714244960862 0.102961401466635 -0.049762009053705
-0.0396782642663631 0.0633141872418884 0.0954297484051649 -0.0134593650372764
-0.000689371242050324 0.0649682441775531 0.0815008317880234 -0.00186287412283766
0.0211311598283207 0.0426047100643492 0.0913055693404226 0.0118341215043713
0.0277764311971742 0.0276857905511239 0.0989259052849508 -0.00147929713103074
0.0297091434589806 0.0111194126568209 0.0917623417434524 -0.00340333588364696
0.0260887992764113 0.00290837608905706 0.0829132887443018 0.00879179187220726
0.0271329819254202 0.0020094691696159 0.081229944699991 0.0379829338019483
0.0340446084623377 0.0127552149168933 0.0629514502626821 0.0708439337758379
0.0323431566695773 0.0290004249230929 0.0290461497040204 0.0971415293708789
0.0248035049601028 0.0539274697026981 -0.022163206746475 0.079667799584531
-0.00681579932668773 0.0665969030046825 -0.046617540234297 0.0323525181846253
-0.0511791767259268 0.0510457770002257 -0.00823193499586567 -0.017072619457069
-0.0635554363912146 0.0363205888790032 0.0925797050656828 -0.0262697073773638
0.019550764704114 0.00591482057918855 -0.105147093566684 0.0466831823813405
0.0273894851987996 -0.0180182956467811 0.000460707802498137 0.0454318683984349
0.0142803754068407 -0.0345203560488141 0.0551236594542024 -0.0249190517596285
-0.0122996450465667 -0.0256336476661997 0.0442131353867059 -0.0864295247847206
-0.00627084087891054 -0.0100410898221737 -0.0176551610663145 -0.120947528969191
0.00248395258615323 -0.00537441976969281 -0.0697329279986556 -0.0922178515817945
0.0045434772592749 -0.00381275185928391 -0.0938032689928319 -0.0508952566226122
0.00743986716656731 -0.00337101582331879 -0.101016968260628 -0.0217119135544158
0.00912433684228963 -0.00607991138099771 -0.105544378105 0.00149959054258385
0.0109777609003387 -0.00388867627262798 -0.114477361477805 0.00640489206863189
0.00705193336812116 -0.00555150504650571 -0.113621915759848 -0.00438068394237867
0.0134847966611286 -0.0136868120853509 -0.102520792065678 -0.0118013849614644
0.0314488737288605 -0.00967265433846323 -0.107831464293357 0.000782679989817887
0.0380392575144446 0.0120342547966627 -0.104836262762228 0.0323894063896117
0.0197212393216569 0.0185483859955737 -0.110286474223841 0.104773801937216
-0.0179882431871864 0.0412333776503862 -0.108769114684463 0.0298039425255499
-0.00283502018063968 0.0225335226322958 0.00266997204441604 0.0390980351690484
0.00612311930043491 0.0140289081054764 0.058171757664102 -0.0319465814738359
0.000570227983342479 0.0184390499838194 0.0500188747244616 -0.09337931965081
0.01832998650738 0.0234199032387106 -0.0108246468205292 -0.124376435169781
0.0348063521993918 0.0140399868797992 -0.0617422999833144 -0.0946883691764279
0.0394849150624223 0.00282690149737919 -0.0831434792962007 -0.0542148374819383
0.0393932721587577 0.00135745885647325 -0.0891073600869936 -0.0231259428773047
0.0438943107912843 -0.000969369113176596 -0.0916939837663439 0.00649525966407805
0.048156055151104 0.0157278030543333 -0.102754647989424 0.0184614595679578
0.0340219511363616 0.029280172022571 -0.108477788394802 0.0135748302778408
0.0233396718854029 0.0354891248940812 -0.105036702284446 0.00563486757636222
0.0185806070849243 0.0401129547440368 -0.109242746392618 0.00779854334154089
0.00270825753168246 0.0530259754580067 -0.0923507153825317 0.0356609642020257
-0.0247967967904451 0.0595292188099111 -0.0908215341120874 0.100845233178536
-0.0564368547315444 0.0689995080450454 -0.0935646071953877 0.00814161595111104
-0.0408082986075281 0.0614362083744362 0.0159779831792616 0.0319205902604377
-0.0103481636847105 0.0662377718579862 0.0712556096190491 -0.0368896167112856
0.0101008408704077 0.0691084612315627 0.0619212483033359 -0.096809464122605
0.0414738644477874 0.0597156780116445 0.00366918546037582 -0.119946667809546
0.0631836808062839 0.0364031462211294 -0.0435636061482013 -0.0894462608606477
0.0707804370760325 0.0116013007984073 -0.0602716742109598 -0.0521204555775224
0.0655343669067626 0.00540885124172048 -0.0641661626799077 -0.0216879813136927
0.0706393483593308 -0.000252243030302345 -0.0653088755113771 0.0120098738319507
0.0787363536278028 0.0238097304661882 -0.0775620013088365 0.0338534850204732
0.0629410113121939 0.048624541976366 -0.0909511530920736 0.0400405221580992
0.0459981120021268 0.0716198739975367 -0.101532924769303 0.0319880437866218
0.0199648587137027 0.0839601293872201 -0.110117774597267 0.020217267582668
-0.0197991562413391 0.0923662916061731 -0.0796257151868415 0.0314993303193852
-0.0605033836929419 0.0956103401429179 -0.0610711886569029 0.084429572917263
-0.0900398179910957 0.0865319158272926 -0.0632752013072194 -0.0201903439209822
-0.0771275892567457 0.0912922031195476 0.0361298059736518 0.0216279484551869
-0.0300100711622045 0.112205050664334 0.0873125782435341 -0.0363399156641923
0.0136937932143602 0.11449696512737 0.0759680724321702 -0.0895160718223926
0.0579317277005547 0.0924440558297852 0.0242083761175881 -0.103173691156118
0.0832725410432595 0.0574584281642456 -0.0152487029715872 -0.0766152167835352
0.0908801203831569 0.0202640879500065 -0.0274848745166337 -0.0448010691686995
0.0821167079207624 0.00796954099829772 -0.0310052389634225 -0.0176090336220889
0.0858987674936679 -0.00153985938586015 -0.0306345000846064 0.0180628901700934
0.0967049874105841 0.0251732279976072 -0.0435407392050142 0.0459010574612558
0.0827221486976091 0.0553600812614054 -0.0625308706875013 0.0628784848889738
0.0657880471496762 0.0897828665243975 -0.0868211468020668 0.0578874553000965
0.0275988243171173 0.112118555138867 -0.105939804351618 0.0329593380599525
-0.0327163949779679 0.118866710993403 -0.0675371550757228 0.0213067985543468
-0.0844743857263878 0.119014330887713 -0.0246189768472329 0.0601780694447901
-0.110367621117443 0.0894476238670721 -0.0188049483082346 -0.050999175074996
-0.105691773996502 0.10375819785074 0.0605778734216836 0.00495169706659541
-0.0510484908464722 0.139965123006179 0.0994408273811051 -0.0311149072493454
0.0112171008331264 0.144158490270268 0.084967442274845 -0.0699422699823195
0.0631858747913514 0.112932166899607 0.0477536679169399 -0.0723843602063381
0.0903478949144401 0.0703901321082922 0.0205740530173343 -0.054981233189102
0.0979416752378011 0.0264485771632461 0.0103815498470213 -0.0332025824701796
0.0858969941293935 0.00941273604725495 0.006203927929777 -0.0109959243314763
0.0875721363272109 -0.00138324056075256 0.00597399187494846 0.0225738913114053
0.0993135564212918 0.0246040663760417 -0.00722535029775389 0.0529701442550091
0.0875543695044123 0.0553740537372524 -0.0299962579931608 0.07739902118231
0.0724466367679658 0.0956383672768185 -0.0657121978107209 0.0738863974997361
0.0287266447294188 0.124643235673512 -0.0943765151996193 0.0384329491228631
-0.0436404480873465 0.127028251394118 -0.0542330352631806 0.00723356057200201
-0.0983270016674501 0.122907463353847 0.0112231229645846 0.0314619911557856
-0.111204708194804 0.0785592686698173 0.0309062811146666 -0.0767085871649945
-0.115580053482091 0.0955395928692679 0.0849981062551224 -0.0142899572950331
-0.0641094308093368 0.138466198117487 0.104443571086547 -0.024382167607095
0.00256694511237919 0.146286755735974 0.0879564046893286 -0.0438008278327445
0.0568182843073772 0.112011527217926 0.0676885898560638 -0.035194072486734
0.082346272916246 0.0701168900630516 0.0558178557511225 -0.0293690543530379
0.0888448612246652 0.0271047513719554 0.0478463481190508 -0.0189896916301114
0.0771064835836806 0.00924819874873574 0.0419849912816709 -0.00369669269389831
0.0774127610843292 0.000313946966746446 0.0409534785250626 0.0269876667520809
0.0869983137894578 0.0242497290433679 0.0261289674552399 0.0584092567947376
0.077212201665823 0.0530787912223012 -0.00011447939628337 0.0856791369385131
0.0627754689069786 0.093417056857357 -0.0454203231492458 0.0801898873128469
0.0182064906287067 0.120128032962205 -0.0793824129327197 0.0376986771401293
-0.0544083480565025 0.115652789346864 -0.0389506093313776 -0.00661479403400527
-0.101196396502953 0.107274649521096 0.0458467100491979 0.00357570589880961
-0.0922412856735516 0.0518577207881196 0.0761590423308282 -0.0978707543104899
-0.103288026169872 0.0669480833432513 0.10281709372033 -0.0332800720822429
-0.0622974324499879 0.109412434376057 0.103490283992723 -0.0170737223303304
-0.00326084302487511 0.118210461123898 0.0852158678334787 -0.0170885089189536
0.0408328532559734 0.0874197436332167 0.0839515055700166 -0.00142733243224308
0.0599648712541124 0.0550615973671758 0.0855707839324352 -0.00741771278213032
0.065015573802466 0.0226349374073924 0.0783936852060678 -0.00694411495109012
0.0562390584983142 0.00736961213158554 0.0699572110659476 0.00430708459374522
0.0570372237293069 0.00263531509771541 0.0680553897140037 0.0346865952043555
0.0640711275307537 0.0217119236236096 0.0501724849012792 0.0662749807031049
0.0570002030146818 0.045893673439994 0.0187995147024322 0.0937667582689655
0.0441429382694476 0.0812470754026016 -0.0314567530747683 0.0813021476498765
0.00283732035905461 0.101246234163378 -0.063624245242841 0.0344293403732404
-0.0608892503310695 0.0882439238729385 -0.021938832947167 -0.0153635350360109
-0.0920843283778105 0.0754510382534801 0.0764539456437175 -0.0139434226515192
-0.0574011712846192 0.0175901315310776 0.106461904655154 -0.107773772351322
-0.0721126032311186 0.0302225953727056 0.109340466996537 -0.0468267815965013
-0.0435756930361804 0.0644403724282178 0.100433085902785 -0.0102551567101216
-0.00247107082280798 0.0686791696300097 0.0852874865288974 0.00141800276316042
0.0208928799359336 0.0454530096233369 0.0962861914508598 0.0162055239535895
0.02843080892809 0.0294652009795911 0.104668095046831 0.00171994093382151
0.0308009221618162 0.0130915241441535 0.0974778366515928 -0.00104599887926064
0.0267583449115086 0.00412004382487299 0.0873358031260194 0.0106181527563935
0.0282543673042119 0.00390524082585114 0.0844858382360733 0.0425961116120385
0.0349471876015456 0.0149020035233355 0.0633573197140511 0.0765633244152074
0.0328758389299078 0.0313589100389454 0.0270749620947819 0.102606448455525
0.024358696340786 0.0576200833604298 -0.0264032119917923 0.0837875312755758
-0.00913007012623429 0.0693842018110129 -0.0512729972336756 0.0326764318048883
-0.0554486675766659 0.0517846463360424 -0.00837120624892776 -0.0182704390143362
-0.0675543209568142 0.0359816202967878 0.0980345007218382 -0.0244724380142001
0.0222547673640997 0.00622097009676144 -0.11309782192432 0.0500923381160044
0.0301897188396759 -0.019080043194026 0.00127883023744952 0.0485717292627268
0.0150933475698767 -0.0375326789926148 0.0604643370991589 -0.0264186585175974
-0.013660637957603 -0.0272167997517742 0.0478022228604169 -0.0932733310301152
-0.00691447684303606 -0.0108586811906163 -0.0199634291432843 -0.129880326365554
0.00248497920709378 -0.00619398778154666 -0.0750863293870282 -0.0995011921266458
0.00554406095904182 -0.00439768955562324 -0.101100574056333 -0.0541576705703338
0.00820843525602531 -0.00376454288284173 -0.109718675328992 -0.0220307720035859
0.0103978842741498 -0.00624971948285006 -0.114359290620059 0.00244960257018563
0.012043024863823 -0.00414173881771542 -0.123735957028709 0.00724895689749945
0.0074511353254909 -0.00592374630148679 -0.122404646345769 -0.00505311832717218
0.0142553756720186 -0.0146438130848904 -0.111174635943606 -0.0136542790919795
0.0344458468565673 -0.00981985729269326 -0.115676152919739 0.000644491725154015
0.0405741831422134 0.0131447439910495 -0.112962209010907 0.0347188223269844
0.0207062388269886 0.0204853691234383 -0.119242052205136 0.112789372307147
-0.0186319717726755 0.0443868552630803 -0.117633333953269 0.0322514225644085
-0.00251443179761256 0.0250515857919318 0.00342078295610086 0.0414555453776948
0.00709172836469336 0.014538338185519 0.0636591903783819 -0.0340668113001093
0.000651363695433642 0.0199508839266479 0.0538970542141188 -0.100420214045338
0.0204930793305262 0.0247232559284009 -0.0121812800122375 -0.134592453625167
0.0374118400331371 0.0144294609786838 -0.0664771719741361 -0.101953663984978
0.0434191059569304 0.00309518450263869 -0.0896028666843189 -0.0580314305729007
0.0428106264722504 0.00148549803516147 -0.0966182921859695 -0.0240758111262703
0.0475235060334099 -0.000742675286890006 -0.0994610079566775 0.00726796909984899
0.0517720452806692 0.0166656092763983 -0.110808070482874 0.020606911057101
0.036944721201886 0.0310055885743776 -0.117348442213539 0.0147565850751307
0.0256184097143771 0.0383617544487121 -0.112767694290661 0.00515606384350866
0.0211819104636822 0.043485904656707 -0.117344489698431 0.00836564535365033
0.00336304072860258 0.0575899090005066 -0.0988308259339726 0.0380848583706229
-0.0266741852882545 0.0644399069192299 -0.0981433377188235 0.108612286663624
-0.0598816790136244 0.0745595649878698 -0.101066299878783 0.00886972094110096
-0.0433907234047431 0.0669009004077042 0.0174629712802482 0.0340834361720873
-0.0098347304388146 0.0709025546635332 0.0773088997601087 -0.0393829734601635
0.011707955306841 0.0736096588241797 0.0661188522582437 -0.104294406480069
0.0458900291904699 0.0632966468079165 0.00306712957880107 -0.129986981282596
0.0686959208130595 0.0381902212335029 -0.0463332076711548 -0.0965618062388116
0.0760484927515419 0.0118987973852714 -0.0650094616520918 -0.0563387394575009
0.0708858606140543 0.005188218869791 -0.0701178693013035 -0.0228480745825887
0.0760647943108354 -0.000183599726722009 -0.0708604267691839 0.0130184318977288
0.0852021807844648 0.0253305504814094 -0.0841006227785557 0.0366355161557685
0.0683471102543542 0.0515452965179195 -0.0981844562546303 0.0431810928946678
0.0500053730029897 0.0766036173750205 -0.109092293735668 0.0344887132372374
0.023338302399769 0.0907006071191336 -0.11855900957447 0.0216691481814195
-0.0208164571048365 0.0995404722410245 -0.0856766608241278 0.0337045123629189
-0.0645296279905554 0.103421784928647 -0.0658380032396374 0.0908078694630323
-0.0961112829948151 0.0933135308105627 -0.0681439646489615 -0.0213682112679395
-0.0827098798636354 0.0991844316809611 0.038913669167069 0.0232858438326978
-0.030963139661421 0.120308884826772 0.0938833243496946 -0.0383446410162052
0.0162907944675243 0.122738729617679 0.0812180835843191 -0.0966607190977024
0.0635833071483554 0.0990228340166695 0.0258157110978202 -0.111628334048818
0.0905162501920539 0.0605702229029224 -0.0153224485123941 -0.0829361251862639
0.0984149730484001 0.0215154758292318 -0.0301196685407243 -0.0494635839248721
0.0883289918594462 0.00838805880164651 -0.0339806685663883 -0.0187620316832504
0.0919089012358916 -0.00148677230480362 -0.0335610489347194 0.018844543817938
0.104560741904403 0.0268024540222312 -0.0477199145581365 0.0497038812512926
0.0893573076181586 0.0584989610314781 -0.067670991573484 0.0683620239466776
0.0713440455453193 0.0964844846929315 -0.0929321110737301 0.0620073345803078
0.0314810442114915 0.120801566416909 -0.114249581949255 0.0354782443847686
-0.0349374975436436 0.127981499040122 -0.072548258507952 0.0230602384266133
-0.0902252511887439 0.128114344535678 -0.0270769487068351 0.0644884156262676
-0.118388324602595 0.0967636122393064 -0.0203753950082663 -0.0540926786269634
-0.113102116628134 0.112996791192186 0.0652529506936413 0.00622818816587373
-0.0535649358050506 0.150454131618378 0.107266973455996 -0.0325145321769015
0.0128810681295875 0.155045369604933 0.0914537064821849 -0.0750771243044463
0.0697241078919217 0.120826127336496 0.0512971643945406 -0.0786076685829184
0.0983596823362482 0.0744245045191819 0.0233084319265939 -0.0596531477048327
0.105438245766422 0.0281375668150816 0.0108795672385931 -0.0371167985937829
0.0927702714084432 0.00979511191938802 0.00596325384755969 -0.0128204706416227
0.0939241062287333 -0.00119594721823255 0.0062140109504891 0.0234741639265113
0.106760003386512 0.0254973912137381 -0.00827694112610295 0.0575531394823234
0.0945421800973677 0.0584299803912876 -0.0323408023784397 0.0836320053087286
0.079003776465396 0.10312912521575 -0.0701618101392062 0.0791965817935273
0.0322609163025873 0.133678378155432 -0.102361440923734 0.0422105939834879
-0.0460036291612293 0.136471002175382 -0.0588098979576905 0.00798256206029499
-0.105193957937057 0.132282654120725 0.0116149168924546 0.0335101013543283
-0.11911168597144 0.0848965889064792 0.0332502755480094 -0.0822164182923011
-0.124453831329878 0.103353647288383 0.0910552903818467 -0.0137943022466432
-0.0676447035026179 0.149049246547945 0.112687896178877 -0.0253874858411361
0.00414706131418554 0.157791780599784 0.094103144900698 -0.0468287352439145
0.0624844059814002 0.119746257163314 0.0732223386548895 -0.0382425731898566
0.0894485641978767 0.0740495358242375 0.0610581520354254 -0.0315888442568227
0.0957758372687349 0.0291547907342459 0.0518217696919145 -0.0217391859528867
0.0822142906258236 0.00969586913863551 0.0448473646934965 -0.00515442327313966
0.0826449741203132 0.00108601578806987 0.0441742871003036 0.0283178462929914
0.0934562479674936 0.0254941384772546 0.0279224816938044 0.0629544465316373
0.0835358678504843 0.0565664644446712 -0.000419191475241412 0.0926892421696073
0.0686457650834371 0.100571182977178 -0.0484436000394322 0.0861597566553297
0.0209771636909026 0.128833779549377 -0.0862669185557095 0.0420129395408244
-0.0588909209730852 0.124331270237054 -0.0426552786801067 -0.00658226135324571
-0.107959655104248 0.115263382376225 0.0490659152636324 0.00366809017547566
-0.0992459904315361 0.0566499277105174 0.0823385160467069 -0.105164724740592
-0.111060726920293 0.0728628234440929 0.110285889794262 -0.0347067953107538
-0.0657687258650967 0.117777990864245 0.110841836491711 -0.0178216304694353
-0.00207536345448117 0.126972083535719 0.0913429711961471 -0.0179745209601971
0.0452479332625081 0.0934056729694958 0.0906992726845055 -0.00153236584512499
0.0652529995985872 0.0586252559593068 0.0935099457604438 -0.00829702989778778
0.0701246487294876 0.0241464652529422 0.0846423835480473 -0.00920067105732618
0.0599647338355558 0.0080898786414649 0.075513358371525 0.00292065436371834
0.0610325822514974 0.00364523653798312 0.0735433889714119 0.0358511377335147
0.0690921842160831 0.023340005940017 0.0537570642234204 0.0721092988499335
0.0614605709549406 0.0491659193588032 0.0204294833787544 0.101097318397301
0.0481947825959721 0.0876362882473225 -0.0336061813197483 0.0879183338444687
0.00396672467306264 0.10860983043384 -0.0685584941305774 0.0376747504776015
-0.0654545260330754 0.0952889152987343 -0.0242578186733624 -0.0159602629638912
-0.0980981591661642 0.0813694901505854 0.0816237270424675 -0.0158893266598797
-0.0614408832861102 0.0192720300664888 0.11580631049244 -0.116514666652578
-0.0771268735599039 0.032816325073121 0.117605341485791 -0.0493742105113626
-0.0461981044933758 0.0688618284433399 0.107950946736896 -0.0103338981173723
-0.00193912434073953 0.0742098417044559 0.0915633514519856 0.00180935604564836
0.0233299634991734 0.0491873755802046 0.104850074439139 0.0173694975766493
0.030917356939996 0.0315632269972576 0.114109446057656 0.000712185688594431
0.0331217316177859 0.0144891168811775 0.105277927204191 -0.00264112267559716
0.0286722921748028 0.00437946716649834 0.0947182711860387 0.0101591396422382
0.0303444726141497 0.00467053713196361 0.0912852401233831 0.0443035442215011
0.0369589899830626 0.0157914259446353 0.0686401429102057 0.0824441491778238
0.0357171257272707 0.033949450495633 0.0290277579549989 0.110409540967149
0.0263641518720537 0.0621089452128592 -0.0280173370237695 0.0905699051505789
-0.00960277345328933 0.0740971932472073 -0.0555405002144834 0.0363619282312084
-0.0599909161867751 0.0559071085479037 -0.0102498259249458 -0.0190049574863427
-0.0719127344567346 0.0392966919176008 0.10511338309412 -0.0271710313570253
0.0214348041893199 0.0133232627081497 -0.126367795369885 0.0308804787045091
0.0358235436844278 -0.013456906299903 -0.00563205036795074 0.0501702899018052
0.0232846192888371 -0.0369070017835542 0.0705647989039324 -0.0188629501838128
-0.0105518142561655 -0.0318505065053387 0.0680530078947598 -0.0922142919140476
-0.00754706491573727 -0.0129513966277794 0.00104850922301451 -0.142174729813308
0.00213835316238332 -0.00674168858498412 -0.061850245500034 -0.118978698721591
0.00631277626504943 -0.00393978478107129 -0.0974577253490748 -0.0749335945583382
0.00908860552918714 -0.00163772961275242 -0.112587156870039 -0.0420784903220017
0.0122771547327119 -0.004340040375227 -0.123817230031155 -0.0162768598854968
0.0131981914711834 -0.0018327636931517 -0.132948116277168 -0.0128916401447887
0.00816057046835082 -0.00507620720235563 -0.128291423851936 -0.0261805919966273
0.0171732246782376 -0.0136000146787658 -0.114462340968002 -0.0342593125648378
0.0375945304401677 -0.00320027254256692 -0.122337918876089 -0.0199979436292375
0.0377961920679493 0.0228609312333862 -0.125149426791704 0.0138884548482674
0.0163958521199714 0.0288047900286098 -0.149397582905722 0.0932017899869918
-0.0287980502427112 0.0449176362176161 -0.129199859954022 0.0132872020269219
-0.00614053527814237 0.0263488511442709 -0.0039813850184917 0.0447826109523037
0.00502616374622141 0.0147192918687435 0.0743404893409557 -0.0229142531060757
-0.00410435809843987 0.0189653431149992 0.0757495927966598 -0.095151982763458
0.0142170951007996 0.0284243181994572 0.0122136954480976 -0.14301942312426
0.034857982719254 0.0216949584662498 -0.0506746897370208 -0.119382950193187
0.0442867615214092 0.0107771412845113 -0.0845056945499153 -0.0767869578658962
0.0442235579528239 0.0113420496880396 -0.0988407617534063 -0.0419753953643191
0.0503197026122855 0.00901122058006949 -0.10899772312203 -0.00854334451620661
0.0516663697450439 0.0280637955362831 -0.123650180393696 0.00354856462087199
0.0311605138147326 0.0410005825487848 -0.127801505157621 -0.00572467519126435
0.0186341722138032 0.0450116732952642 -0.122370545796832 -0.0173448370997037
0.0118387516864146 0.0505645901707781 -0.12504486419915 -0.0130944672948244
-0.0105228368764279 0.062049429876777 -0.109562510850048 0.018804790585923
-0.0444697094366493 0.0663080644624721 -0.122613517087666 0.0918565851784607
-0.0783461432587624 0.06661763917138 -0.110650863704779 -0.00735955172431854
-0.05633438344658 0.061216012290848 0.0110891261747287 0.0410334301728347
-0.0233069040611649 0.0694255464670741 0.0875510690454165 -0.0222217765343407
-0.00181306420704655 0.0754699155851971 0.0885739951522041 -0.0939517368863839
0.0335050409493077 0.0728615690471961 0.0288681799759031 -0.133831052269849
0.0633940218393985 0.0522805883708479 -0.0298100797592661 -0.109265569224667
0.0769292065100291 0.0263042107517379 -0.0574360912417375 -0.0700522664154807
0.0729508547083723 0.0211607747106254 -0.0710215318437498 -0.0365309517784991
0.07979766394879 0.0153623364473205 -0.0798970310589592 0.00277535902080826
0.0844916650210137 0.0434723018573329 -0.0984299923110475 0.0256166976126887
0.0598137217409453 0.0699011064439453 -0.114102376375744 0.0263936335218793
0.0369869046342237 0.0904070096188296 -0.124987058421063 0.0123195738773277
0.00379167331149483 0.100221690046798 -0.129100690670918 -0.000122903255887674
-0.0445392785512896 0.100768018055277 -0.0939843321876838 0.0151480164911671
-0.0934558012185869 0.0995443575303085 -0.0817874712809039 0.0787927731742094
-0.119003883917346 0.0782718089506525 -0.0716411692157426 -0.0310453389939109
-0.102962768004657 0.0866922845568013 0.0340135715949055 0.0348099918106817
-0.0542719376198037 0.116020255939404 0.103581734861945 -0.0150548411928687
-0.00597704687539251 0.126591291091538 0.101404142336634 -0.078932705233128
0.0457034704678176 0.112815547892743 0.0513015456746667 -0.108910483249075
0.0822653568943289 0.0797372106138679 0.00154352510612663 -0.0883364136100239
0.0980967354999338 0.0402987910883188 -0.0211361642548805 -0.05574156535562
0.0903579062418609 0.0276954774518158 -0.0331682624277285 -0.0264755542691743
0.0963321505458023 0.0177789127073682 -0.0410886554782439 0.0148446463631096
0.104515941158858 0.0488814041870441 -0.0619180238507994 0.0463891319479505
0.080824398267533 0.082241147458845 -0.0873053435431382 0.0583588487034969
0.0560935063289042 0.115673277057608 -0.114834996398936 0.0439698229526352
0.00607371838504273 0.133944317392725 -0.126996128431459 0.0137665286384543
-0.0643148010233422 0.126928929309751 -0.0784003751751625 0.00518478571481454
-0.125485127866144 0.120530218135355 -0.034162325004447 0.0572008873000653
-0.142182443755472 0.0762373701074615 -0.0170340961565623 -0.0561395414110766
-0.137004864011932 0.0945724459928705 0.0634743260301751 0.0221081472875026
-0.0835164543796683 0.142084758950729 0.114791724612971 -0.00513846362323156
-0.0142809358604768 0.158772045215892 0.107226830763856 -0.0525474097413523
0.0484751023020625 0.136427099144756 0.0729880123730102 -0.0677542708199146
0.0890487967127045 0.0960645082031731 0.0385383814300709 -0.0569069946353707
0.104428732144299 0.0488191738088643 0.0207118039787836 -0.0351896946847981
0.0945559644121335 0.030315001226501 0.00839793445845943 -0.0131084030695886
0.0982768891025041 0.0182333408045821 0.000714201991718737 0.0267435795649433
0.107390496411215 0.0485720557636855 -0.0218187256514848 0.0613915847485151
0.0865712866549244 0.0837063757147739 -0.0521496961863746 0.0807314605459626
0.0628414598670915 0.12469808770638 -0.0941711071918501 0.0658816314724738
0.00405311178266002 0.147118693997291 -0.115760504456549 0.0238976333974649
-0.0785453783880483 0.1338620732396 -0.0614197400840512 -0.00792184107817025
-0.142051795340724 0.120971994756548 0.0136836224552745 0.033047538580029
-0.140791962962841 0.0622907606995045 0.0451196662000655 -0.0756203577738061
-0.147127078417991 0.0826112122788532 0.0943551262101611 0.0056484207097486
-0.0973672010222237 0.137463830229139 0.117677984795799 0.00357196967213044
-0.0234057896246883 0.160108513692181 0.1040080383601 -0.0215878777795881
0.0423666726774362 0.133673426289556 0.088605547943159 -0.0212500659150475
0.0797969541891953 0.0938631642805981 0.0738914555526695 -0.0209681742855348
0.0943626435194735 0.0481531757379183 0.0609533253568497 -0.0120505096403991
0.0841125963096973 0.0282882789793647 0.0485264542896607 0.00181139684411258
0.0862415096988198 0.0183815510281378 0.0404821528578426 0.0380284415989113
0.0939210457202939 0.0454615820096054 0.016155787997983 0.0730681907019975
0.075714783075078 0.0792382435555145 -0.0195977796729703 0.0956952190638224
0.0524208318721152 0.120020397466067 -0.0723796983176365 0.0773925195368661
-0.00733954548709345 0.140189952529083 -0.0981173544006209 0.0266443838226194
-0.0885648418550838 0.118841287883839 -0.041079016915176 -0.0196295668091715
-0.141073451285212 0.101165612528325 0.0585862626235063 0.00930845385724627
-0.113788468758454 0.0359869312302448 0.101570489490771 -0.0923642989353325
-0.127293347880543 0.0526551356494644 0.118645775224695 -0.0137744270875732
-0.0894355328182576 0.105866083831786 0.115109488438219 0.00938117574039582
-0.0242089453998601 0.128247638284603 0.0960306877064583 0.00637390373961122
0.0297774717488953 0.103161993664831 0.100152522676713 0.019193761940013
0.0583450239989348 0.0730910767025628 0.103047547984743 0.00856303622088192
0.0689510263686376 0.0385028078927213 0.0936819431509241 0.00691810721561758
0.0616269586157013 0.0215209668980401 0.0796520323193959 0.0156890433123728
0.063088979296874 0.0164173476371436 0.0704908910952833 0.0510908795875531
0.0680656561303569 0.0384213922428025 0.0431357634858784 0.0867990377154148
0.053934866624808 0.0668928925505627 0.00157902006289017 0.108569642685088
0.0335328055755931 0.102951318598666 -0.0559895477426949 0.0822367601805858
-0.0208116986648795 0.114135624513736 -0.0790243136519144 0.0263318953671296
-0.089708437179248 0.0864311612513563 -0.0197365394243384 -0.0247133388225223
-0.122538725328402 0.0665155978939243 0.0960563807744658 -0.00253484505675022
-0.0672292906330049 0.00405472800245841 0.140291646019465 -0.0991717359628208
-0.0851315804763654 0.0173488029502394 0.129839315610787 -0.0290297015289082
-0.0598785916435613 0.0595865441940685 0.111742656906858 0.0135733487959541
-0.0140481266789049 0.0737627673412124 0.0939742143222008 0.024126018717237
0.0156394389042679 0.0532552604760803 0.109770111783959 0.0397762700451278
0.0277404674968519 0.0378271839911978 0.122518682658158 0.0216685802305676
0.0325180640710673 0.0215035298086669 0.114215954863452 0.0163266619884323
0.0288905834175166 0.0106676259332246 0.0986991903314152 0.0263592802710404
0.0305301122817124 0.0111358249880371 0.0888750031779756 0.0620591470608851
0.0360814185519437 0.0244195116146196 0.0579884468474955 0.100239693665768
0.0299754546837761 0.0449727558271913 0.01041162429811 0.120773678922367
0.0155112394261354 0.0718505556063081 -0.0489092945503503 0.0872548550702267
-0.0278438731966244 0.0753579448111491 -0.0649653650674594 0.0274886084065808
-0.0749707869846961 0.0463478307557344 -0.00483922167772245 -0.0235874802949574
-0.0846828549982829 0.0259568940433612 0.12007856875375 -0.00830563753155089
0.0235437730981898 0.0117359834419453 -0.127600814078296 0.0410216111991103
0.0358405631484346 -0.0158643929841602 -0.00207135210676752 0.0514479375967243
0.0206273660557306 -0.0396602780618783 0.0719716460984948 -0.0240634154475254
-0.0125327768307334 -0.0316677854605876 0.064532822077006 -0.09910186851914
-0.00875480030818841 -0.0131233212463491 -0.00942109074349323 -0.145577390655352
0.00133853707992941 -0.00757362228878419 -0.072010491676633 -0.118113367303785
0.00725293034977923 -0.00468597957374921 -0.104933611279652 -0.069520173513887
0.00990238307157479 -0.00213815617418453 -0.119021581138182 -0.0337745325957364
0.0130222967936723 -0.0054411634739362 -0.129134462402321 -0.0072648216941983
0.0137539028951824 -0.00284497896221497 -0.137874831391866 -0.00324436099583475
0.00774345619143635 -0.00534998312229282 -0.133719766505711 -0.0182146903972712
0.0167852566824545 -0.0148992538200051 -0.120159592286688 -0.027921971461487
0.0387162078980522 -0.00563874369657326 -0.126215060333315 -0.0124324151527727
0.0399563935472038 0.0212628094717872 -0.12644663970477 0.0222290958822357
0.0183101167805767 0.0288653072974375 -0.147040957592543 0.106002475966568
-0.0251590605053821 0.0475843922511551 -0.132124627620543 0.022892871030312
-0.00425087845272221 0.0279568752859053 -0.000208713797170682 0.0458915157139969
0.00637900601896317 0.0150750277481621 0.075607559174602 -0.0286553459100692
-0.00195999241368373 0.0198174669867602 0.0712131933918492 -0.102741820912817
0.017021586987773 0.0275102924816693 0.00158316690827949 -0.147166350091586
0.0368552489777563 0.0190099382410498 -0.0603738161552349 -0.119345706395909
0.0467453908002747 0.00732739924497678 -0.0918345499476287 -0.072698043585412
0.0466439493005266 0.00861610595129521 -0.105149836527279 -0.0352111286070542
0.052297912580185 0.00542346162708492 -0.113496620377139 -0.000252422568749724
0.0549448067130696 0.0246315348293501 -0.127165015145853 0.0126976417127535
0.0351451285904123 0.039855731146 -0.132149755139974 0.00295571750249903
0.022785629520792 0.0448986725362923 -0.126803211045377 -0.01036337847893
0.0167148685701594 0.0508490309167769 -0.128737211774271 -0.00506448905852456
-0.006728286095871 0.0648403757158347 -0.110460642872152 0.0256021081649407
-0.0408242261315209 0.071326686960354 -0.11953134830056 0.102554404865967
-0.074693168190293 0.0737425980101571 -0.113774768102529 0.00148335814979523
-0.0525904251194221 0.0681164750311362 0.0144790260234599 0.0411528426499538
-0.0179607715011993 0.0726214439403702 0.0892069988962115 -0.028464531656546
0.00445661645024627 0.0775106436234783 0.0840765485525215 -0.102192353665317
0.0403555736620738 0.071966668659024 0.0195156218921815 -0.139365044597764
0.0687068194768964 0.0478657035029067 -0.0373476672043574 -0.110309927894902
0.0808089431418067 0.0213818882224049 -0.0641891958741236 -0.0680432323831314
0.0765682870940731 0.0163192211406037 -0.0759679730697278 -0.0319645274631536
0.0832969482920711 0.0101598807950832 -0.0831573010322081 0.00841678223556462
0.090337691926769 0.0383593311558862 -0.0999391443349223 0.0341430604005229
0.0665911092256359 0.0673060955409156 -0.116107822639527 0.0355660250692993
0.0447707780360559 0.0901555799393422 -0.127221589913724 0.0204954155023122
0.0129890631181432 0.102375326025006 -0.132277272665961 0.00865104135914126
-0.0385004951563707 0.106686380298016 -0.0949742955436681 0.0215301231553071
-0.0882103703346574 0.10906167618195 -0.0791281975148482 0.0854730889286481
-0.116158803198628 0.0883024290028687 -0.0761465915567666 -0.0260531052186406
-0.0989132181885388 0.0969298487927778 0.0370967594335695 0.0337884256991515
-0.0462480417464808 0.122563328289249 0.105748299237762 -0.0214036624603281
0.00456109962195059 0.13018078247839 0.0983168636585963 -0.087563998913291
0.0561138137400884 0.111196635977523 0.045028892614629 -0.115342456872984
0.0906175517193406 0.0744410265503394 -0.00366422146438679 -0.0910546821561686
0.104096016494601 0.034402625141385 -0.0255268068017449 -0.0562382453842541
0.0950927614528058 0.0219905731499459 -0.0367507912885344 -0.024090678672487
0.100068736271154 0.0112867882646117 -0.0422233790460681 0.018184932008634
0.110798613021267 0.0418375998203494 -0.0607770173347321 0.0525084698541559
0.0893137085799047 0.0781082222602101 -0.0856644318005964 0.0667140100455186
0.0658869984206139 0.114748174597759 -0.114341245453965 0.0521335185128122
0.0170397049351534 0.136217038928076 -0.129332020610348 0.0237208990087555
-0.0576841748913081 0.13469011507628 -0.0797888405660037 0.0109894379905806
-0.119638671957731 0.132531756398332 -0.0313076678712016 0.0602646185020078
-0.139549477809173 0.0883193567745599 -0.0210318970895079 -0.055654115522244
-0.133056434417601 0.107524446057571 0.0667233564725516 0.0193851962447619
-0.0735622694005422 0.151230824313093 0.117233742637385 -0.0114638531178542
-0.00150190377655819 0.163544946260543 0.105716385206489 -0.0605519683421486
0.0612940491745315 0.135244756743992 0.0701785271949031 -0.0746331320375016
0.0985558678176742 0.090630450455796 0.0366946255780943 -0.0613330741124688
0.111118747118773 0.0422607945898398 0.0183693844966467 -0.0385037874837303
0.099240524574165 0.0240871013871734 0.00703765487696551 -0.0139657317980827
0.102092323988803 0.0115933369531848 0.0020935890199301 0.0268064977922316
0.113947982259184 0.0418255040396236 -0.0180023470627446 0.0648301400363422
0.0948929460751571 0.0793336923841399 -0.0484507782969007 0.0870487943174968
0.073963553211941 0.123343469261318 -0.0918831356379181 0.0740589543902055
0.0154064755758009 0.149953140557262 -0.117406815758505 0.0335093946436779
-0.0708774122728287 0.142640932365207 -0.0636329330022564 -0.00349701745009857
-0.135656499236736 0.133828126182101 0.0155040268387337 0.0320730305584952
-0.139250865216792 0.0737079639370948 0.0411884314394955 -0.0802790959156844
-0.144016958533341 0.0951971032176597 0.0967346048459875 0.000175223535392089
-0.0888916076958853 0.147411724424014 0.121163582313454 -0.00312100238814795
-0.0111459866326377 0.165730751509457 0.10491158348727 -0.0281972573958598
0.0540153656007175 0.132923992154866 0.089874986722988 -0.0278826116901387
0.0896179694868863 0.0893050371421994 0.0755063452845811 -0.0274854325432867
0.101173178584204 0.0427021931452414 0.0616493499015748 -0.0176617694702003
0.0885090320011547 0.0230724455592144 0.049090497270284 -0.00274781505692903
0.0891221822534824 0.0128052623410953 0.0435445159225073 0.0350838766062402
0.0995368756366018 0.0396138737705417 0.0217623745357809 0.0743177145566362
0.083691940957285 0.0756572158378062 -0.0136691449651083 0.100264554216468
0.0634387243397412 0.11954900943352 -0.0683866102541353 0.0839970840429967
0.0033840752394335 0.143031842015529 -0.0991897347439137 0.0352262136530667
-0.0825653216886334 0.127520554627898 -0.0436770910755672 -0.0164233797008322
-0.136072661580147 0.113568752455088 0.0603498433393121 0.00455849470333004
-0.113688634214728 0.0453171800404468 0.0986306550058979 -0.10177412702452
-0.126635327415634 0.0629931347653984 0.120509110919536 -0.020807158049032
-0.083147616602125 0.114652558944876 0.118450512221318 0.00313702793606217
-0.0138318797814895 0.132836982418459 0.0983195522798743 0.000846825480108791
0.038845737381603 0.103064586012897 0.104668227817815 0.01271034959898
0.0655104443258316 0.0695595221798933 0.108276036050581 0.000731108718667226
0.0740388717281122 0.0338775889256731 0.0970104253796536 -0.00103298862095867
0.0641014880916762 0.0176640425199521 0.0823134580702666 0.00908139784067408
0.0654826587038463 0.0125449832539058 0.0756054551289016 0.0463873029183328
0.072174676011637 0.0344036190440036 0.0507256895311697 0.0858002581482149
0.0606997001368305 0.0646653483797033 0.00871613336243104 0.111529631500505
0.0424539341330204 0.103448994966484 -0.0511496190058363 0.088614294088008
-0.0134255232499336 0.117799074837166 -0.0795756080723326 0.0335710238175454
-0.0858024532387224 0.0949881108858984 -0.0228656554024886 -0.0232949807925831
-0.119166599139062 0.0769384542321384 0.0977203410036139 -0.0108059224383337
-0.0682466787762745 0.00912339852105971 0.137916942738839 -0.111775552663733
-0.0856047880341152 0.0235878384244945 0.131438504981306 -0.037457352434481
-0.057125214788949 0.0646735608160651 0.115278508778826 0.00736291083648519
-0.00816980181258102 0.0764375305861559 0.0975135900048487 0.0193059141624928
0.0205191749940071 0.0529185776829861 0.116785456524667 0.0333637270959006
0.0313657994685448 0.036713726971575 0.128683182822365 0.0132003274589395
0.0352837166411212 0.0195500605747266 0.11876534660748 0.00683332319925112
0.0301007291920853 0.00905674763641721 0.103014538530203 0.0184663351111059
0.0323112311960261 0.00947819940052788 0.0955463352358205 0.0567432296443658
0.0383335647737686 0.0225327587920349 0.0674957039891302 0.0986008296057686
0.0345503159107754 0.0437401412838068 0.0190708088921286 0.123395831192869
0.0216242845769035 0.0728693125339705 -0.0441303287819479 0.0932693390350345
-0.0230907359760882 0.0784785040147443 -0.0648283099991439 0.0338754754101351
-0.0736408919327612 0.0527119993514412 -0.00760203171917576 -0.023297687557839
-0.0837887269469776 0.0327005012871869 0.122160174784295 -0.0182238374131856
0.0245462719113517 0.0103374012006826 -0.124357111634841 0.0470829020651094
0.0348261832083504 -0.0170959746725088 0.00117320817990089 0.0506313211260472
0.0186302391997499 -0.0400524830374056 0.0716965680607884 -0.0276603941709876
-0.0139950896059264 -0.0305406491823831 0.0596213772800237 -0.101348923733
-0.00968395167232061 -0.0127643506724831 -0.0164272573213793 -0.143372883972676
0.000596665780833 -0.00783313331860238 -0.0771786224968453 -0.113607644111065
0.00694734052868011 -0.00586048865534911 -0.106603948286058 -0.0626449270054424
0.0103507811290141 -0.00264950115886477 -0.119868318708401 -0.0261064533061603
0.0129894751959527 -0.00585106861840486 -0.128810412525712 0.000972150733666673
0.0139191296213766 -0.00352527397331112 -0.137245551532369 0.0047530605193691
0.00730146045446739 -0.0053932796794444 -0.133439064728575 -0.0112108018338775
0.0160947833650561 -0.0156094820463204 -0.121396774950829 -0.0219767188915147
0.0383827069064029 -0.0070130205849768 -0.124846475222724 -0.00639030564954315
0.0402327676746074 0.020220319748449 -0.123108670963658 0.0268999361040015
0.0195570092201773 0.0282993073179259 -0.140356528503869 0.112001231779693
-0.0222774226895458 0.0477619391817433 -0.130201613529638 0.0303142691460349
-0.00242859773899994 0.0284358980969257 0.00205792090911253 0.0453221035602071
0.00774757819382387 0.0144426519178388 0.0742009783412477 -0.0317362963285689
-0.000231717825632653 0.0193290459825622 0.065999633989415 -0.10542447374084
0.0185928357597257 0.0257262467020579 -0.00550840592739218 -0.145673090322967
0.0370421512109151 0.0158304906119786 -0.0654574152798507 -0.115312421669385
0.046746275824107 0.00420452972494592 -0.0944374470001858 -0.0667281737639345
0.0471040894654271 0.0053967701601374 -0.106362797649425 -0.0282518153762371
0.0528430320135372 0.00266578290632408 -0.113354294659965 0.00613978038761274
0.0563342070221622 0.0208689443492948 -0.125287785894838 0.0200798506587689
0.0365081594847302 0.0378062680632991 -0.131145971231453 0.0101128040187762
0.0250168418381772 0.0429234297897136 -0.126310933743209 -0.00425638733005938
0.0203107906508345 0.0492723464998229 -0.127454071398006 0.00138157470289556
-0.00360669951752455 0.0648844731785391 -0.106986833216825 0.0304104463591612
-0.0365779470775698 0.0732676909832415 -0.113655010874648 0.106936581698473
-0.0693905949045891 0.0763660019439077 -0.113150468010315 0.00802925757122451
-0.0481465034892119 0.0705339284833438 0.0164168348509673 0.0401416547521103
-0.0128606103192251 0.0722981873412116 0.0875105347173628 -0.0322310900957169
0.00983607983900996 0.075703391316417 0.0783177396726785 -0.104495937534123
0.0445851976640081 0.0676455576391893 0.0119758135612917 -0.138680894936826
0.0705717236875093 0.0428278686770659 -0.042280371842705 -0.107466988273911
0.08158380635399 0.0160369227059928 -0.0671941801546824 -0.0641942306009143
0.0767915190424182 0.0121848045824894 -0.0773797449420941 -0.0268931330553835
0.0830797463521211 0.00599557282707646 -0.0827636884987266 0.0133941917669109
0.0915516381601975 0.0328242446543833 -0.0977692893079331 0.0397173273077152
0.069565246670673 0.0626070561350555 -0.113908534883701 0.0415014916459652
0.0494875177664518 0.0864073383134506 -0.125336217555961 0.0260459737154927
0.0196158419920651 0.0999371038345896 -0.130607568344337 0.0156014548157028
-0.0326320713286391 0.107716074634726 -0.092102673949547 0.0258428628885945
-0.0805216444045499 0.112396236946559 -0.0742109550726885 0.0882530094578085
-0.109783225106709 0.0929636797911265 -0.0769733128077994 -0.02081547029344
-0.0920278923915683 0.101590454430369 0.0384008307338084 0.0323557746968632
-0.0382324834346139 0.123274720892642 0.104238945002315 -0.0256320935316178
0.0128570742445831 0.127580278276479 0.0930674603033501 -0.0906611224963303
0.0627587548091408 0.105817982111772 0.0381646374733653 -0.116052258528264
0.0937798427669356 0.0673061258122464 -0.00750251601553759 -0.0903988456698064
0.104984107150193 0.0275793500575206 -0.0289807530397584 -0.0546521910493697
0.0958404917207466 0.0170561580112408 -0.0380205892259785 -0.0218351050316495
0.0995726266810358 0.00605051482462191 -0.0417474561496387 0.0206069161883014
0.112362130673457 0.0350818937150114 -0.0580933554741802 0.0556728508504446
0.0925757867511847 0.0726305064664377 -0.0818365409102941 0.0711842114812777
0.0721542831018747 0.109171441259419 -0.110899464909637 0.0576174987205229
0.02562760335437 0.132924892091648 -0.12690856461592 0.0303296749649805
-0.0496154787925472 0.136431267912196 -0.0782672730931938 0.0146674397168917
-0.110067172917586 0.136848595442066 -0.028576487655138 0.0603738340998315
-0.133087350262141 0.0945667250831533 -0.023328611505677 -0.052915389023601
-0.125909843721379 0.113501321653107 0.0666281982410784 0.0166801806482413
-0.063672015216663 0.152953469012153 0.115816249813501 -0.0157307620673374
0.00798222145557938 0.161633982207358 0.102128569597203 -0.0641230095699013
0.0687545481389104 0.129211974737017 0.0656739169449623 -0.0777773180743984
0.102324637166801 0.0829045612985662 0.0338719001095283 -0.0638222132104463
0.112933464076393 0.0356050597947712 0.0157783187510288 -0.0398992353186296
0.0993207508683875 0.0186773166248684 0.00573198434443439 -0.0147444779103621
0.101214101171175 0.006439210653099 0.00217084554522726 0.0263035227640268
0.11473641702266 0.0344888790750163 -0.0147431067802606 0.0657460093384957
0.0985471554807006 0.0732536726347997 -0.0437772891011088 0.0895561023400063
0.0806218937813197 0.117966302365685 -0.0870525526428117 0.0776759003570911
0.0247044486527129 0.146549135379947 -0.114822790975353 0.0397886944045261
-0.0629881553082747 0.144298418379682 -0.0628423172404925 0.000437015803482462
-0.125547969472312 0.13917136927557 0.0162580375123893 0.0296894963895106
-0.133511899596029 0.080465458887055 0.0368998314459466 -0.0812675573934866
-0.136793437828925 0.102140508476654 0.095720295677526 -0.00356326507626566
-0.0789590603520742 0.150100760046964 0.119972993224866 -0.00726977778312439
-0.000678871778791763 0.163941561041546 0.102048279848516 -0.0317759854671004
0.0615262435047264 0.127593198826056 0.0875296010171451 -0.0322668792130272
0.0936544554001363 0.0826647321964691 0.0743306186112504 -0.0316776317063306
0.102499647300537 0.036259659839584 0.0599287864702499 -0.022013869590183
0.0886292768222418 0.0181743934061815 0.0473640757600952 -0.00571840255401474
0.0890225052668746 0.00789074701422545 0.0438076265927729 0.0318476072357318
0.10034429052266 0.0335639495600251 0.025579566286104 0.0728276183418511
0.0869910764878857 0.0703263695838057 -0.00875100373222028 0.100716753044656
0.0698596129885024 0.114845019422191 -0.0637434819072412 0.0864615004186091
0.0117306550451488 0.140391222210423 -0.096098777488837 0.0409046423163319
-0.0753015621942267 0.130345835436298 -0.0443128067639313 -0.0135279955007337
-0.126814025145847 0.119432089828498 0.0591079582108611 0.000768451192051579
-0.10941436197641 0.0510561503771226 0.0930606305587235 -0.105669157168509
-0.120785509729613 0.0694374995862602 0.11853115306951 -0.0257360707638232
-0.0751785644599977 0.116833801970628 0.117428887972326 -0.00141715395132558
-0.00578439511676825 0.131417145275723 0.0970938817861917 -0.00289459398101995
0.0443321455742095 0.0985689068678871 0.10507576835815 0.00731014964829538
0.0687083293837906 0.0644075910455174 0.108382776048358 -0.00595355498232479
0.0756642113051264 0.0297382908981032 0.0961804940573142 -0.00733861026863189
0.0639856400870882 0.0140229922184332 0.0814446562068967 0.00388531275029321
0.065282049255425 0.00900478379411481 0.0763892023699823 0.0409711320451166
0.0737077529915497 0.0301209361527493 0.0545894818895479 0.0824065751372373
0.0636024494304489 0.0606862974759977 0.0143620716449607 0.110378288170375
0.0482072034777426 0.0996764577176178 -0.0463109673511466 0.0907164184901599
-0.00670509406525502 0.116864238817016 -0.0768604418992203 0.0382299016087535
-0.0799939650964508 0.0981618429926558 -0.024041813058222 -0.0213592188037538
-0.111903513855233 0.0817925451500901 0.0949428551657846 -0.0164083890287814
-0.0663614787331772 0.0127686204279372 0.131704858279136 -0.118078561934343
-0.0829506884529014 0.0276468466295062 0.128483145859731 -0.0425561949537838
-0.0523505277267123 0.0662621243663531 0.114043494403326 0.00249322182287279
-0.00312969686179468 0.0756764593021262 0.0977331718270993 0.0150098286179227
0.023110786781243 0.0506860579464612 0.117870912962972 0.0269103925961198
0.0329827532853479 0.0339821191122819 0.128917590488839 0.00514947565851525
0.0358312902428619 0.0173816701697309 0.118352843313177 -0.000534822153079318
0.0297402953449497 0.00780679613908834 0.10246112366807 0.0116479722474209
0.032173664911588 0.00767384060865106 0.0965537555823839 0.0502910576311015
0.0386978072859158 0.0203251788412963 0.0721389871694664 0.0939869962497885
0.0364491895126453 0.0419885818302596 0.0250333457076695 0.121194842356928
0.0255548827677769 0.0703423429620256 -0.0389675347368456 0.0948286405219765
-0.0193726561319763 0.0785046854123577 -0.0628565767374113 0.0377194725679736
-0.0701407237337003 0.0558107492570108 -0.00898955341872605 -0.021931997649496
-0.0796616521437073 0.0363775450799396 0.118442704436001 -0.02514647278798
0.024745124456932 0.00922204703920847 -0.12183053747722 0.0493692029817515
0.0347343699039395 -0.0168558282341132 0.00259006548406242 0.049822132009068
0.0173662568722044 -0.0395507342553014 0.0712497280285489 -0.0290440406189242
-0.0138932534769581 -0.029837098791944 0.0581089790377908 -0.10116255910861
-0.00952407669277535 -0.0125221266430544 -0.0188540672628259 -0.141126189280414
-0.000106507361730829 -0.00719451124310995 -0.0781160527427328 -0.110544537233865
0.00714416506227505 -0.00641451739135211 -0.10571535705558 -0.0591607781448737
0.0103269388267454 -0.00319848493544127 -0.118629393591509 -0.0221467338785239
0.0129904015779816 -0.0061860441848658 -0.127581882347871 0.00474555846142588
0.0141450263317714 -0.00376139038930907 -0.135686194153992 0.00719249773751266
0.00727857252196926 -0.00522708650610751 -0.131691264921659 -0.00907926059119552
0.0156667395511338 -0.0152437720745062 -0.119735953523705 -0.0205618140981649
0.0380776531570173 -0.0073994165439751 -0.121837925151989 -0.00499168696703743
0.0399185693454455 0.0204267254955695 -0.120021989718236 0.0266448893942243
0.0194608410451986 0.0280742880221905 -0.137646821347279 0.112392093826882
-0.0206553478324893 0.0471794968143041 -0.127374480430974 0.0324378196190491
-0.00119287133600144 0.0286856313356827 0.00311215869983651 0.0443930832152957
0.0082201661669836 0.014213268515947 0.0736889964470447 -0.0327014067072117
0.000487783348410461 0.0189742551426644 0.0642054507295078 -0.104166460835732
0.0191238890681068 0.024455279354425 -0.00803676116215129 -0.143629916415846
0.0365007351248271 0.0146335882085167 -0.0664126567186155 -0.112535575005332
0.0465497794725616 0.00280569004537285 -0.0943663126856046 -0.0638060713600836
0.0469571235526612 0.00467332440507762 -0.105493858327665 -0.0247122063689376
0.0521984578491638 0.00196428357352695 -0.111857069404639 0.00927055128296954
0.0556704754698466 0.0194971741152131 -0.123839728134656 0.0223628331091698
0.0369451664386459 0.0363625538036666 -0.129555308352708 0.0120641912154363
0.0256485511492492 0.0420533632951066 -0.125120510765567 -0.00264347606845013
0.0213668199190764 0.0480674924685575 -0.124423402651205 0.00266280591309327
-0.00276756594348971 0.0649726236753436 -0.104427964199059 0.0300174506617288
-0.0343967233309684 0.0730366870498934 -0.110804949093584 0.106300823300811
-0.0665097378999225 0.0759897252510136 -0.111115222862478 0.010350714939841
-0.0454325374931308 0.070714801423792 0.0165669081501996 0.0394909721403526
-0.0102620559900068 0.071388133864823 0.0871886088216551 -0.0330288337245421
0.0119009364531168 0.073500086893238 0.0762962329320439 -0.103593665787752
0.0455007699553085 0.064339182326701 0.00971209065930155 -0.136747834616341
0.0697201005770857 0.0400782431216138 -0.0430385785472549 -0.105425804379263
0.0805392282628532 0.013686654195804 -0.0672544703835767 -0.0620519704494658
0.0764312409622014 0.0103341170831172 -0.076764700001164 -0.0239463555831212
0.0819192692026093 0.00405915474950429 -0.0823376809470921 0.0157150042204524
0.0913451256874288 0.0301520973398713 -0.0957560136887097 0.0409923729874556
0.0697708610104088 0.0605687405779232 -0.111748202217593 0.0435871681588275
0.050701316637449 0.0838365127422278 -0.123197897353999 0.0274476461980148
0.0214775104762643 0.097041928677853 -0.1277753746535 0.0174389219021835
-0.0306532212051086 0.106980311785273 -0.0894123463948788 0.0258420387408098
-0.0765678354104258 0.111926682752454 -0.0726307527385428 0.0872994064881218
-0.105797773929178 0.0932859304233226 -0.075621929052986 -0.0186883011109716
-0.0884700431893 0.102171320743373 0.0381651816141819 0.0319561455766668
-0.0341720444246963 0.121435675411194 0.103371411958915 -0.0256448970391572
0.0158810794011744 0.124641446541486 0.0910810928495393 -0.0899814291109891
0.0644164840064965 0.101786512219485 0.0355954674614406 -0.115172421412033
0.093450035204428 0.0634538664578167 -0.00856545140999063 -0.0894866730897007
0.103909368784414 0.0247668419295828 -0.0301535567043635 -0.0539581319279195
0.0944790510051215 0.0145272474424155 -0.038543159912485 -0.0206217127782306
0.0979218799418119 0.00388125773044488 -0.04177213955569 0.0216683128564121
0.111317115286511 0.0318889844281549 -0.0563486237784543 0.056683864787398
0.0929670800973347 0.0694081589720944 -0.0803898943147332 0.0719535814076333
0.073561097455824 0.106107494536152 -0.10824492908435 0.0578484734503733
0.0280092549689585 0.129123664192852 -0.124523884811227 0.0327194174507913
-0.0468008293476931 0.134905011262853 -0.0763194083804179 0.0153588562966579
-0.104946455916355 0.135954126393933 -0.0281820150981671 0.0590696279157384
-0.129158805335414 0.0953570391802466 -0.0234110798272256 -0.0511170480019546
-0.120984008852523 0.114497973758488 0.0657713018498436 0.0164444826765722
-0.058219291167582 0.150841250315926 0.114560715561972 -0.0160583563607334
0.011973817096965 0.157848962867827 0.0999631872219813 -0.0635536579600147
0.070385198399062 0.124113523115548 0.0634453676192851 -0.0778793198761255
0.102349171568142 0.0784596781967254 0.0332660660319015 -0.064134081407448
0.111803059977836 0.03242806115126 0.0145388750736175 -0.0402534035439139
0.098217313497658 0.0166382571627223 0.00465167904482732 -0.0143493469220508
0.0998349413422462 0.00420847381443944 0.00175987235372763 0.0262948956725703
0.1138007016792 0.0311711584127183 -0.0133917846129741 0.0657352848582298
0.0985157918309385 0.0700574244202612 -0.042654234114481 0.0897211976647662
0.0824035333711575 0.114456854668488 -0.0845424842297196 0.0774879166361847
0.0273274922594912 0.142707549856274 -0.112322577664881 0.0418892980577834
-0.0595734365155154 0.143049284548036 -0.0618139062508979 0.00148312842045635
-0.119836633889835 0.138448282538531 0.0156588064800066 0.0281198549914744
-0.129142475151476 0.0813712484570145 0.0356678200963547 -0.0804463715373839
-0.132456741447124 0.103088738877748 0.0944867791048968 -0.00377907075476175
-0.0737824699120682 0.148097932209083 0.118866932781285 -0.00788359712970737
0.00327984339626276 0.160015356098747 0.10048212895591 -0.0318293694266527
0.0631728986608392 0.123117461736214 0.0865157445828308 -0.0339754570206405
0.0934958542767968 0.0782426472997806 0.0735377274473443 -0.0337531185017671
0.101808066950256 0.0331823687754824 0.0581953612693005 -0.0238111538532056
0.0876378405188727 0.0161745274693732 0.0461235309482097 -0.00680599166162526
0.0878608844501729 0.00613019565068436 0.0427378481828834 0.0307778737683194
0.0995634102802563 0.0309861066961576 0.0262113458192496 0.0713776088373333
0.0875026714850499 0.0670340232839583 -0.00764532062846498 0.100004507919068
0.071862507160439 0.111163846663956 -0.0611456414423188 0.0864721162160864
0.0145530076222741 0.137004994441334 -0.094504269602219 0.0426844109481823
-0.0720335695357445 0.129429947370888 -0.0436713203455249 -0.0122411695628246
-0.121298737107549 0.118721922257664 0.0574200130248881 -0.00127988758277206
-0.106415337128851 0.0525006498587688 0.0905914797733075 -0.105198355008075
-0.117364624824803 0.0701791052303691 0.11654714214508 -0.0261872712357116
-0.0710128601396131 0.115313870032302 0.116175573662508 -0.00244361485432171
-0.00233909617038589 0.128562851753305 0.0958737459264861 -0.00331805423920168
0.0458437769967667 0.0956064260007614 0.103504877006562 0.00499986588104188
0.0692088718972761 0.0610011437405529 0.107136817397677 -0.00874420555829191
0.0751565861241314 0.0274845892101273 0.0947257991481262 -0.00998984522874012
0.0633187473394107 0.0129466055915322 0.079813367539475 0.00175508058922546
0.0645774827136316 0.00779377230799529 0.0747900121107543 0.0386800805707458
0.0728055081174196 0.0282911518450446 0.055985498087729 0.0800182646949792
0.064504582147865 0.0582585313318103 0.0157433020528796 0.108979992814838
0.0502452562605278 0.0963922736473086 -0.0442718748161273 0.0903843788681226
-0.00426280169902032 0.114359491281839 -0.0753803937008705 0.0397056028093425
-0.0769858578347174 0.0979465078506628 -0.0238570083525851 -0.0201647912860964
-0.107782278092379 0.0816979896855699 0.0921919625068273 -0.0187228552780376
-0.0643691035286347 0.0134954638162991 0.128643741778806 -0.119309352162785
-0.0808196738698196 0.0284336788334333 0.126206008049486 -0.0427309173746988
-0.0500524485915303 0.0652200545900349 0.112897875583306 0.00138715510905881
-0.00135142463489088 0.0737059292124099 0.0963393480484738 0.0143119178042615
0.0235979236037796 0.0489197980858413 0.117393408368962 0.0240388969868497
0.0335710441610391 0.0321786783072654 0.127812467811194 0.000927010236220834
0.0356712749705075 0.0163556963715435 0.116862465163472 -0.0039237206596732
0.0290854247820652 0.00723403753469561 0.100350398956512 0.00839724957284251
0.0316748719138524 0.00673510270138141 0.095396391677713 0.0470977682481567
0.0385166728513735 0.0195158075348876 0.072547387217926 0.0905186305329674
0.0374698371259332 0.0402779298194538 0.026386573425308 0.119219641671817
0.0266149294830602 0.0683107064967952 -0.0368705999194589 0.0943940060352308
-0.0179756176620695 0.0770271245427564 -0.0612717827936016 0.0387420049199742
-0.0680658972981493 0.0559726852045493 -0.00955004725619402 -0.0210362126636265
-0.0763976310839166 0.0363927618343982 0.115290295539557 -0.0274209522025825
0.0249649049660691 0.00926678520796996 -0.122270734098772 0.0499482295035979
0.0353423471803442 -0.0166847241791806 0.0025990112733895 0.0501344543120434
0.0174551892019118 -0.0395600892469149 0.0728857944872385 -0.0295869471399699
-0.0138336846793638 -0.0298377884665685 0.0601624311603521 -0.101434448908839
-0.00953067814904144 -0.0125132367076863 -0.0177587302410062 -0.141968320470345
-0.00013821687505684 -0.00729946181661325 -0.0782767194245648 -0.111698602933326
0.00732064429467032 -0.00695368650811078 -0.105751472268929 -0.0596490873450908
0.0114878189472172 -0.00324139941828111 -0.119308034906629 -0.0214920305679174
0.0136144097497695 -0.00619249815737282 -0.128670909742166 0.00577309457211495
0.0143258422453566 -0.00407445401953458 -0.137081396442247 0.00713755792970358
0.00739309063580572 -0.00494859769251584 -0.132850078617596 -0.0104207354825931
0.0160080487711195 -0.015493401621222 -0.121088734264878 -0.021818912118888
0.0388864970980312 -0.00705506511729741 -0.121524652261348 -0.00655629612799591
0.0397545965372138 0.021609142127282 -0.120199800742232 0.024781078548038
0.0196111537109677 0.0290332327804958 -0.139744613146673 0.1116472157459
-0.0207346187266224 0.0471301579855395 -0.128229083539438 0.0329199714426992
-0.000644212743797156 0.0293389710616074 0.00320842942668135 0.0449361761257726
0.00855182876803192 0.0144172326532389 0.0755713116751539 -0.0332194908637418
0.00128771323495842 0.0184427309650164 0.0658109285631558 -0.10501550352555
0.0193461497074909 0.0238238387894097 -0.00790713931550821 -0.14452626386805
0.0361774454070398 0.0146678585460356 -0.0661904078899059 -0.113686183876107
0.0465406654155961 0.0024879837280193 -0.0942373310723138 -0.0642708697428513
0.0477154455438054 0.00426809803926785 -0.105931380950067 -0.0241711357325428
0.052685872827669 0.00170939279090769 -0.113168734216093 0.0102761695536138
0.056581397646769 0.0194396318052195 -0.125011153332238 0.0232214405850103
0.0375001689636509 0.0370986760813428 -0.131138032959906 0.0116211686976836
0.0262817455129794 0.0424613459948648 -0.126057190493052 -0.00428272581189963
0.0221761442866016 0.0479489947187746 -0.124868786991256 0.00183302143250019
-0.00285969745780447 0.0659341955156549 -0.104096236968167 0.0284771537925853
-0.0344465422832665 0.0733573164925219 -0.113154790843559 0.106356410176439
-0.0673327363957224 0.0759880295682329 -0.11132329370363 0.0107699240309546
-0.0451342931508423 0.0713390102997477 0.0168898804412297 0.0403166406082409
-0.00953687880515627 0.0711383745665032 0.0889563505200611 -0.0319202715515363
0.0124325682186566 0.0733275563334131 0.0781093541102725 -0.104110720134461
0.0461511135551 0.06437913447846 0.0100999516627612 -0.137278110687423
0.0697055392497326 0.0398753460521495 -0.0427490730851537 -0.106851175757734
0.0806760349120141 0.0128478132667009 -0.0680648552655097 -0.0625737481635969
0.0772211466266157 0.010221683814259 -0.0776320105008009 -0.0237409650496581
0.0823531257637108 0.00439752460387397 -0.0830608701103595 0.0169889413039844
0.0920156712171647 0.0299485000083818 -0.0964689551955464 0.0422338990041616
0.0702438133367617 0.0609508808912489 -0.11409142837908 0.0438174278485006
0.0514129895653551 0.0844511667960705 -0.124161142144282 0.0264567978117727
0.0220821250100258 0.0967240026318438 -0.128706890660534 0.0173801126460963
-0.0313791143375151 0.107617917239207 -0.0896414219956724 0.0245617609170994
-0.0766135416271783 0.111995972339627 -0.0741405270786025 0.0863436796234546
-0.106599816004202 0.093458274547384 -0.075576414492383 -0.0181174177729314
-0.0884547035721601 0.102603163614837 0.0384289364771667 0.0328406707688779
-0.033372530475785 0.121056150386537 0.105123658897675 -0.0246867254979485
0.0163825274845496 0.124160955898103 0.0925771158084947 -0.0896865110974256
0.0649764987136523 0.101094524698673 0.0361683899746783 -0.116203625347442
0.0935264268294288 0.0634443798130246 -0.00779314698749477 -0.0907629192693805
0.104755924827617 0.0239632626946481 -0.0303687807468105 -0.0542758445726059
0.0951801627329097 0.0145714192297144 -0.0386900235624704 -0.0198226993334886
0.0985947430189614 0.00390372294939133 -0.0429004994091231 0.0224502157340291
0.112308265421752 0.0318183215090293 -0.0571298477566715 0.0572998111308069
0.093295494781496 0.0692433393775207 -0.0816425370102727 0.0730769438655044
0.0748121585748132 0.106803568992496 -0.109398559063561 0.0570299005802896
0.0286909346326269 0.128845150765592 -0.125315807377406 0.0330347194668915
-0.0481294488452348 0.13587581722895 -0.0763346574807468 0.0147025715835372
-0.104736985490098 0.135773127674156 -0.029403512739343 0.0584594180589465
-0.130086740953027 0.0956103129282303 -0.0228206805205657 -0.050857914030049
-0.121352194251059 0.114785096126013 0.0662045661698733 0.0182805205296973
-0.0578771480272754 0.150736668853908 0.116569199880317 -0.0147055574848538
0.0125996861308245 0.157656638675127 0.101267227482514 -0.0624572220563814
0.0712198841753364 0.123618942760584 0.0640233896707512 -0.0787160797547234
0.10237455748584 0.0780131407400165 0.0340108870564355 -0.0649375962697114
0.112324669129609 0.031900053925325 0.0146661849146802 -0.0406066698103715
0.0989152357113847 0.0169655630281355 0.00415147075595692 -0.0146395498697172
0.100204728261633 0.00428646279981298 0.000742905067531209 0.0270340006852221
0.11479532302043 0.0315165018189189 -0.014142307397763 0.0660845168347416
0.0996860186022937 0.0704675687914644 -0.0433130785110969 0.0913732625668445
0.0831579183713907 0.114269771662374 -0.0857577820169755 0.0776494275911062
0.0274574621621966 0.141915574711985 -0.112815908875435 0.0422204939704619
-0.0607765967504494 0.143707972163887 -0.0616943035761672 0.000915052487866887
-0.11991770316608 0.137453620759363 0.0144775010835515 0.0274899683112734
-0.129562261134645 0.0816441549286518 0.037080282239163 -0.0803333755020907
-0.133001319325049 0.103351642769603 0.0952258030649896 -0.00236975621873242
-0.0738178223160467 0.147697441955286 0.12009987088786 -0.00626515583797199
0.00382255915847257 0.159850699282361 0.101477882464283 -0.0303370413734451
0.0635580806159038 0.122809880266553 0.0871830614879834 -0.0341938121718552
0.0938986435656117 0.077866411193361 0.0742587328494634 -0.0347985198131824
0.102463827103954 0.033118456503591 0.0585607497724076 -0.0241044160975084
0.0879394827415149 0.0164485114696566 0.0459277547169818 -0.00726424819610024
0.0880250374160427 0.00607340934209683 0.0421005321156722 0.0311902480643923
0.100062680859018 0.0308938510504073 0.0263991959796848 0.0719218019134609
0.0881714508248007 0.0673552373664282 -0.00837602828530011 0.101323074806108
0.0726951688621023 0.111983145976714 -0.0617297152455877 0.0864877086352251
0.0139734545861023 0.136653187731167 -0.0952446219206188 0.0434581422369611
-0.0726934943223684 0.12994992819458 -0.0440945236494321 -0.0122578938511786
-0.121310290851419 0.117935232732541 0.056236663464187 -0.00172808778110004
-0.106316731502395 0.0524667013195011 0.0921365049556688 -0.105832760279823
-0.117702605451737 0.0700582079967866 0.117782886440164 -0.0248766402392202
-0.0711242955000538 0.114742302614383 0.117581472024872 -0.000973800369588806
-0.00217153229739955 0.127735935916206 0.0964780311512509 -0.00214206169265499
0.0460753686290673 0.0956835268279532 0.104617463358639 0.00539245800178872
0.0692893902626076 0.0611182250248681 0.108444567666638 -0.00955147483672717
0.0759500804522694 0.0272480311230483 0.0954524911100277 -0.01069823000509
0.0634759818697941 0.0131577223355225 0.079617449221376 0.00119326643231729
0.0643237960365059 0.00772980911684025 0.0749966008661155 0.0389567601653166
0.07338160467233 0.0282504472293269 0.0564924691622004 0.0801569101430905
0.0652957316900003 0.0584095525030504 0.0150437861907094 0.110555596226393
0.0511031536686856 0.0968240800723754 -0.0444373283932329 0.0901443587655724
-0.00472488269157756 0.114476808959309 -0.0760237006967978 0.0402629744438312
-0.0779434610203039 0.0982286197660893 -0.0243365805726245 -0.020014704424958
-0.1073398590984 0.0805802166179918 0.0919928392997759 -0.0195105655428437
-0.0641465349896997 0.0133765394448824 0.130353308531216 -0.11944393212683
-0.0810877380021776 0.0281886040993892 0.12758017517558 -0.0423182214667448
-0.0501930698503576 0.0646312218301274 0.113787108355863 0.00267763439819427
-0.000714423706743904 0.0731090354022749 0.0971703924051592 0.0155670053162249
0.0237135061841167 0.0491053066615595 0.118491450102079 0.0246480772671955
0.0335364359644713 0.0320823774177026 0.129237080422237 0.000308574859429117
0.0361666586804541 0.0158822420963185 0.117954369897663 -0.00497627578304219
0.0286398018975937 0.00774102838295642 0.100317274155234 0.00818983522263277
0.0318385010501804 0.00707232609816588 0.0951701101373115 0.0472635610770176
0.0384453121976607 0.0197993868128413 0.0732027695137287 0.0911348748723015
0.0377709577573645 0.0397185792203414 0.0255650543661789 0.12076880596333
0.0273572217562873 0.0685698057494489 -0.0375792693001527 0.0947927796144473
-0.0188188534622548 0.0773934703350673 -0.0621211589305213 0.0388476839637169
-0.0687025560572944 0.0559964194029524 -0.0102431500165708 -0.0209184300750245
-0.0760753968318988 0.0355004508220099 0.114709598614359 -0.0282986531036316
0.0290949914939089 -0.000387625700229618 -0.0925218507046152 0.0993761974473215
0.0269365570241782 -0.030257628506435 0.0244415468531373 0.044427265792632
-0.00073368806344261 -0.0446382700212952 0.0540293725663155 -0.0612621832474362
-0.0268853667307202 -0.0212707437579698 0.0107617234369095 -0.123570938467995
-0.0154015666053278 -0.00575643870830653 -0.0806513033225784 -0.124803477077052
-0.00384829433659728 -0.00516460352153514 -0.123430261327127 -0.0696208530731759
0.00342918207778728 -0.00973455281700932 -0.125296763932366 -0.00920192132232734
0.0102961605714105 -0.00832830694569042 -0.120467501771849 0.0342026207546505
0.00998385445615202 -0.0120572184290086 -0.117408509496162 0.0647392589198516
0.0121171788144387 -0.00968420412352289 -0.124266765621784 0.0687712757969943
0.00458227694233195 -0.0071877269557931 -0.128303432760617 0.0490777969198656
0.00656119146821117 -0.0209096327722188 -0.121628057890756 0.0324656954147471
0.0325574688503579 -0.0240697050839767 -0.114543103784966 0.0475032959384428
0.0463638065231953 0.00377771129371319 -0.103604934767374 0.074465932406049
0.0312536884225347 0.0201607959988628 -0.0865110048663995 0.166541266145217
0.00113957104423781 0.0540208744882312 -0.104787129303749 0.0883579974198526
0.0122935385574023 0.0271156530550577 0.0234223857033871 0.0408859675810163
0.0134188519387984 0.00902679701563419 0.0573902970627136 -0.0644769432746966
0.00723644269135137 0.0167391202097931 0.0167513715288087 -0.128152531461337
0.0263039723838277 0.0157619516957498 -0.0703367225804353 -0.131813066047168
0.0396770051890412 -0.000609221847322014 -0.111537685506063 -0.0778255761509205
0.0439897873861093 -0.0181493014147449 -0.114937330851848 -0.0194983368658971
0.048574695886794 -0.0159573200495076 -0.10909902152003 0.0258562672252368
0.0503988575472274 -0.0211218751387371 -0.100711829646967 0.0628558799964996
0.0620845958277323 -0.00572177592551671 -0.106055725865887 0.0795516108603435
0.0516716728133495 0.0198636711692081 -0.1184353177586 0.0707034450181819
0.0414919029445587 0.0280827099719286 -0.121587793272389 0.0540674929413085
0.040867791369167 0.0354880031661788 -0.11658144074857 0.0565883522255526
0.0252429856930671 0.0649748321369551 -0.0888438948563603 0.0693639245386082
0.000426214991358653 0.0879687164096485 -0.065940945332597 0.145603571870291
-0.0311716558470873 0.0999915139916512 -0.0985665702612497 0.0622618957675535
-0.0116195651553741 0.0841623600273908 0.0354454685502662 0.0325844282205398
0.0193359276109759 0.0692970956450063 0.07333036995026 -0.0673967911093273
0.0401344081209508 0.0614345497556393 0.0315371873706912 -0.130368356700428
0.067475360020441 0.0409172739277807 -0.0485455499350599 -0.133515425372885
0.0813337371126868 0.0082220714987085 -0.0847784267638001 -0.0817331228460225
0.0808581712518875 -0.0221804920081223 -0.0882338402159881 -0.0291442676902343
0.0790089177679277 -0.022586353707284 -0.0821195861246647 0.0138305673693475
0.079711401128191 -0.0312796040302741 -0.0701498742249881 0.0554436204245018
0.100030035712058 -0.0110994351913013 -0.0707457202005647 0.0861559051455616
0.0936717045898272 0.0282031643446862 -0.089076050497343 0.0954493619211715
0.0833818206648854 0.056931640510584 -0.108409695443456 0.0852431412132215
0.0615455305076743 0.0816983597179801 -0.114765776086828 0.0734086032328852
0.0163999808544847 0.116826227457698 -0.0790930002090358 0.0586969167313205
-0.0216541367712705 0.144262163216813 -0.0395111204972045 0.10756800132419
-0.0622245431757233 0.132197552074879 -0.0769834833433796 0.0212769041972211
-0.0396398776069772 0.13097650320755 0.0533786764342141 0.0176985038819572
0.017496085067789 0.124848502695932 0.0935594140236731 -0.0653903964716555
0.0647834066907084 0.106069977069762 0.0533354928685463 -0.121663888785152
0.100375837591369 0.0664228647836884 -0.01323782120942 -0.125248176309815
0.113930802274641 0.0197668003847405 -0.0444853097396637 -0.0825565250100413
0.10728816831223 -0.0218222758303168 -0.048557894128753 -0.0385752582192362
0.097832589197946 -0.0258004663855331 -0.0446463287280009 -0.000373823966560371
0.0949469804075973 -0.0376483619779526 -0.0295471842340231 0.0427889649884072
0.120268594297077 -0.0178103785044933 -0.0267371021770327 0.0825464564269729
0.119857759495889 0.0264836785834362 -0.0461391970878277 0.109526544642225
0.115277976822936 0.0675407195136424 -0.0815686168454001 0.109652389693259
0.0812174574644791 0.10995040340358 -0.10639448741948 0.0874243905010993
0.0129931205309937 0.149950147934857 -0.07208442153292 0.0435892266846704
-0.0371665069419405 0.178711071380984 -0.0106298286523338 0.0598952571057938
-0.0840672528954611 0.142651283395334 -0.0419459913740749 -0.0306844206693768
-0.0660496027614655 0.155078961356684 0.0732422451993029 -0.00754937541648426
0.00634534848116542 0.16156337280809 0.109889010718272 -0.0587181353718207
0.0753992823173064 0.137607633917962 0.0743113653824234 -0.0984314287912231
0.116038757605434 0.0841726725248844 0.0303814700037734 -0.10263920578944
0.128189514504997 0.0292036419571028 0.00668167235707138 -0.0775890652819467
0.117740471391816 -0.0185497317823745 5.90837680431508E-05 -0.0459121625730369
0.102162519863283 -0.0253517007589673 -0.00195232865830432 -0.0143303473655817
0.0967969878045655 -0.0381876942074608 0.0131485840752111 0.0272709606044051
0.122556905094779 -0.0200411113202977 0.017729520561368 0.071624792610404
0.126060332693101 0.0243547884607361 -0.00252571681876533 0.109750026271949
0.127334805747593 0.0708617378550266 -0.0510529963108727 0.119267993196511
0.0859119733227357 0.123085024733335 -0.0913648590856777 0.0915975555804171
0.00487104344691481 0.162916336896174 -0.065136423096196 0.0242337368777266
-0.0500295680829736 0.187432990563274 0.0176082331868137 0.0103372305444839
-0.0899545010294826 0.129196685675727 0.00135898441689022 -0.084737128877515
-0.0825365761387441 0.148638699734678 0.0910669247226513 -0.0394111092179489
-0.00939675405231049 0.165028801468393 0.116041283400011 -0.0519419261227425
0.0684478284133541 0.142618059990606 0.0885914656620496 -0.0678842272346267
0.108524479308112 0.0862142634523101 0.0718778975313015 -0.0715988462055194
0.120081895562727 0.0316000287719205 0.0573972490385046 -0.0670316512986455
0.109528429001439 -0.0133506310508642 0.0487533217474939 -0.0497553165376206
0.0908593672929777 -0.0206928180023987 0.0400033438793097 -0.0264461880269901
0.0862032228128148 -0.0309656642732697 0.0537413613244811 0.01237930410017
0.108792461934765 -0.0140202302697161 0.0573008429530638 0.0585716556254349
0.114242332117015 0.0263948491974718 0.0343894851047965 0.103396819628332
0.116684065685718 0.0729032570099976 -0.0253117850221783 0.11666879469895
0.0712250814187881 0.124241418583708 -0.0743516661180769 0.0839809677007782
-0.0123371249719928 0.154920791609559 -0.0532286451951374 0.00404474543130585
-0.0600081105035184 0.168881323308162 0.0456520699407493 -0.0348357312143041
-0.0809137410920856 0.0919710098702106 0.0420584506377138 -0.133857947934946
-0.0820968061325267 0.112067797284308 0.101636428091139 -0.0713331608128621
-0.0207647234516101 0.132785510418049 0.114207138855422 -0.0464022443963052
0.0505270963648406 0.116046602256599 0.095133786868519 -0.039565579235091
0.0810910133139224 0.0676019878684943 0.104284333332698 -0.0423240911082119
0.090153526272662 0.0262938266708804 0.0987873536651927 -0.0588717869580387
0.0818853174319418 -0.00737800307060223 0.0879166779433404 -0.0539584751510281
0.0661768183151163 -0.0134523892085509 0.0746823304365884 -0.0342538629091477
0.0643278237655306 -0.0196693910605388 0.0873062608109556 0.00433084258343827
0.0821540487871711 -0.00511077566210746 0.0887556031521594 0.0519914414885505
0.0882295970748372 0.0278856319900978 0.0605364184313349 0.100133130252969
0.0896438398363282 0.0683672763051045 -0.00759544650354566 0.111287262382414
0.0437802616392114 0.111217510332736 -0.0574080814219809 0.0722621864254143
-0.0312797498917281 0.127209149073768 -0.0369856417774944 -0.0114892711706022
-0.0638496005007765 0.12626751108975 0.0736112789069372 -0.0656726977847035
-0.0571417141949098 0.0381063305203403 0.0713979558852972 -0.166234254641606
-0.0656426766361404 0.0577355040107849 0.102238077392119 -0.093380318001588
-0.0216750829207535 0.0783228852666138 0.109935841410773 -0.0432741479345313
0.028853915239299 0.065075722729921 0.100888482791252 -0.025150332119382
0.0408739791248302 0.0335872390912611 0.123623908942097 -0.0308754032614245
0.0442632253636553 0.0147009279161107 0.121807424656712 -0.058610853400041
0.0406621944352984 -0.00059931393905186 0.110429683251992 -0.0584459953958156
0.0303752260928885 -0.00393188514017986 0.0970607755488176 -0.037543364512418
0.0330269169598958 -0.00661869403932496 0.110296435549027 0.00188450397660658
0.0459510247970725 0.00245893193324008 0.108782119052822 0.0528045451941335
0.05380737623888 0.0221485463765757 0.0758437508253379 0.103508652413887
0.0547819376266664 0.0529851199097245 0.00209658776579416 0.110023303923583
0.0140423189022011 0.0826940407708945 -0.04350074832948 0.0638580342313675
-0.0401212495152769 0.0826249859119437 -0.0220804963153 -0.0182025493105021
-0.0550756329703355 0.0677231283485144 0.0940085429297868 -0.0814137684955548
0.0304443384775004 -0.00156049640272434 -0.0936267247562773 0.106865379188853
0.0279746874154043 -0.0321734871837603 0.0268870104047906 0.0454860992153821
-0.00140995175856813 -0.0463837213468119 0.0554195740705725 -0.0662491656535602
-0.0286148690487784 -0.0216669064196359 0.00865713976971549 -0.131011665086264
-0.0164882997638705 -0.00585577803291624 -0.0877887946541833 -0.128439510067921
-0.00400243736879091 -0.00532450448058148 -0.131235203704888 -0.0696731625326864
0.0030632322450614 -0.0105546652329204 -0.13073616642372 -0.00675527181834748
0.0108875617022453 -0.00955308641450391 -0.124732757466662 0.0397438077894658
0.010155608483573 -0.0132795835762022 -0.120202889960029 0.0722300005219688
0.0124796439961776 -0.0109520896615733 -0.128283298744343 0.0763429476217524
0.00448432199007563 -0.00718781958664967 -0.133819187913448 0.0542770325315576
0.0065180191193938 -0.0222576282379125 -0.126970369851872 0.0370792994274452
0.0339998895214205 -0.0261094383205233 -0.118206040982602 0.0511298534418763
0.0491376553223843 0.0038382942035549 -0.107411144572914 0.07933726504175
0.0336392294333559 0.0212089787366967 -0.0871196761233513 0.177374003068424
0.00298412765949139 0.0566462739283977 -0.106583300581056 0.0958730233464246
0.0145787716415102 0.0281873571751082 0.0262741107185126 0.0421395556821432
0.0146672405019207 0.0085723910311986 0.0595155371447064 -0.0697302823823129
0.00784560474065216 0.0163873743653009 0.0153289640136709 -0.135480790884991
0.0281822215280421 0.0149496926113561 -0.0773486168211012 -0.135764305406374
0.0417969361386732 -0.00173574995344415 -0.118801025439557 -0.0782121216603889
0.0453948480746357 -0.0206482754299366 -0.12107201496536 -0.0169538288233819
0.0506633651072907 -0.0190875110011832 -0.112927746027055 0.031083701780777
0.0522479664738702 -0.0238456070090906 -0.102928389263169 0.0699291778927512
0.0651244225704775 -0.0083370565009181 -0.109071542063964 0.0866881463134492
0.0546591338110309 0.019309427508492 -0.123126962577226 0.0779011207975352
0.0440258490446404 0.0282602236273631 -0.126429214503283 0.0597877617296529
0.0437077340036313 0.0354333966655096 -0.119613039676236 0.0614002781908835
0.0285299172893905 0.0684311893099629 -0.0919345329713846 0.0735798860365
0.00305376530031603 0.0920350258979244 -0.0663532792223292 0.154740210170798
-0.0297965706432111 0.105669974815992 -0.100629089234511 0.0686251886489454
-0.0093526244538615 0.0887596685136832 0.0389027444325389 0.0332821859072302
0.0230835892065619 0.0711885747976161 0.0760206092718607 -0.072948478688282
0.0435298519029815 0.0622447867681755 0.0301940801678042 -0.137401453780274
0.0717869771477123 0.0398542522954892 -0.0547644607793282 -0.138363145641207
0.0854368171736337 0.00607809582319676 -0.0914817484936159 -0.083938515076164
0.0834406961852233 -0.0263302657962034 -0.0931899078439088 -0.0279246938364171
0.0824841452488126 -0.0264741697221618 -0.0852268808794815 0.0175028438343901
0.0829462402094731 -0.0353881010797339 -0.0710946560117268 0.0615207394300105
0.104716149064131 -0.0154306682706851 -0.071451031031514 0.0929629622842267
0.0989542465172183 0.0269029568461746 -0.0908578596084418 0.10280623623584
0.0891289573641681 0.0566779331014408 -0.111784913259058 0.0917384299108601
0.0663454766552101 0.0831975185322186 -0.118075880708477 0.0791316648969397
0.0210234000076319 0.12266284272394 -0.0812304746235211 0.0620186428137698
-0.0187137059869872 0.151186589533605 -0.0398901640054133 0.114079394638542
-0.0612294402936627 0.139482452595551 -0.0791249971899339 0.0251975593500803
-0.0374291390332375 0.137916599280431 0.0574174461795167 0.0178761783245865
0.0224719562891101 0.128733529255568 0.0976699755649172 -0.0709160697149697
0.0707891161496984 0.107651426942831 0.0533659292956102 -0.128691613889606
0.106804124443071 0.0653954597149711 -0.0177457553290205 -0.130695761229174
0.119173660394229 0.017102980303242 -0.0486041064550229 -0.0858364293818235
0.111461260913982 -0.0268057264196309 -0.0515139818303395 -0.0390291834402237
0.102042786786724 -0.030444016799555 -0.0463167185367759 0.00154660479677911
0.0985294521115227 -0.0425722895819749 -0.0293532097460998 0.0476031281220346
0.125469370474237 -0.0232312952210949 -0.0255098653074644 0.0885253721343857
0.126146415453775 0.0240112149763349 -0.0451660356624679 0.116865724629498
0.123218262611407 0.0665734362250647 -0.0833234220256115 0.11736428160193
0.0877917427667596 0.111647837076542 -0.108674101789988 0.095038181794759
0.017917877577314 0.157347634579647 -0.0749537906899045 0.0463295725752963
-0.0340582434289923 0.187351440177238 -0.0111884529155789 0.0629288088609655
-0.0835604035913216 0.151407159678801 -0.0437376551839606 -0.0311579946918905
-0.0641116006983636 0.164121802771415 0.077579219996997 -0.00912624503488996
0.0117940607240369 0.167076453232932 0.114739435192615 -0.0645819288250229
0.0826279726619833 0.140609451653732 0.0762901843712768 -0.104717599512283
0.123190274460548 0.0840722245095835 0.0284365651027291 -0.108615312151717
0.134925479202646 0.0260901547561934 0.00459247452790657 -0.0823059140982507
0.122541832701331 -0.0234340175253017 -0.00120391870717934 -0.0481418112933211
0.106435466741162 -0.0297771221690185 -0.00251774813147456 -0.0149127021295813
0.100137036890443 -0.0428001697916249 0.0146511426954841 0.0294016805605821
0.127740983354198 -0.0250259286428415 0.0205962154074936 0.0750275386840075
0.133266824134304 0.0218530525170526 0.000487915794832373 0.116350260320945
0.135980208244365 0.0696672805936308 -0.0509236838741141 0.126549741067459
0.0935519482368557 0.125912552177003 -0.0927258576194924 0.0984270857183174
0.00942003425983026 0.170697547668872 -0.0673997196485746 0.0269675777130378
-0.0470467809645601 0.195901962262357 0.0170667425970233 0.0104127555385543
-0.0902833061187623 0.137984680410919 -0.000202802998011888 -0.0887572041043923
-0.0817900252540542 0.157563465837624 0.0954620990897797 -0.0432864854729708
-0.00487841614977234 0.171301116464397 0.121119419963109 -0.0575259505133539
0.0754823755557702 0.146412416486487 0.0919082577643136 -0.0729288797894843
0.115895405325706 0.0861936268326962 0.0721962393237622 -0.0766164603947701
0.126640258098249 0.0293495240052681 0.0580489838692955 -0.0724912956847621
0.113635091387964 -0.0177704186456632 0.049333846297928 -0.054253974046876
0.095189821347051 -0.0244759846235026 0.0410317258631674 -0.0287698314479499
0.0890898582427976 -0.0355009589628689 0.056517464260995 0.0125103987040058
0.113430703732142 -0.0183505163592293 0.0617867841582171 0.0598040128720584
0.120509906123623 0.023998790662511 0.039126428156083 0.108600574349044
0.124397318501542 0.0723333597682419 -0.0241222636992807 0.123191584821752
0.0780812860234135 0.127566544281335 -0.0750102948539125 0.0908613239219964
-0.00885003632569342 0.162927007986416 -0.056051141588359 0.00592985736181392
-0.0578621537551332 0.176638352704276 0.0450293468512662 -0.038065540593494
-0.0811289594387085 0.0983238548333094 0.0408570879654421 -0.142002721123944
-0.0831045563881148 0.119068989399758 0.105716578044433 -0.0771577103045405
-0.0180251600714799 0.138738854702182 0.119099335041977 -0.0518384797022202
0.0557887536038007 0.1187826748287 0.0990915256483928 -0.0433344771229827
0.086498273995092 0.0681478827523067 0.107752692346702 -0.0472751595317169
0.0948349026529785 0.0240326633897013 0.101532315347892 -0.0650327763523301
0.0852565808539652 -0.0104941187070202 0.0904995213681619 -0.0601391267681247
0.0688762036079701 -0.0158886085923794 0.0767784417495336 -0.0383679136962762
0.0663252390593954 -0.0224802959527387 0.0916375667640113 0.00218914158594806
0.0862753375728312 -0.00766420171829622 0.0938313571419096 0.0516935010560647
0.0935302237027808 0.0261945806818234 0.0660892725746692 0.104176316054503
0.0959890234344476 0.0686649047484999 -0.00530441360517756 0.116938358833309
0.0487047420613795 0.11543500193482 -0.0580791957799504 0.0777583934375033
-0.0290054543504616 0.134456393813848 -0.0389147254657924 -0.0112788961803071
-0.0634811375251133 0.132523082873113 0.0731136461580941 -0.0711792048452285
-0.0579915080632056 0.0408861470443325 0.07006442772126 -0.177024661864835
-0.0671532364450763 0.0619400392042748 0.104610889464941 -0.100273219333529
-0.0212249117122575 0.081800593554969 0.11429023687945 -0.0476263274990633
0.0317164970323562 0.0659723710147473 0.105478966264053 -0.0282312958334019
0.044127342295717 0.0342036021238863 0.128793468627462 -0.0361618383178944
0.0468011356613567 0.0135497656755633 0.126082788965899 -0.0654344852924366
0.0422073072043087 -0.00230710572289559 0.113653146257767 -0.0662108281024821
0.0317461940905711 -0.00474948332751225 0.0999085616473993 -0.0429105115604733
0.0341680179705863 -0.00740972582096769 0.115009193418485 -0.00153412045433172
0.048053630371057 0.00125183647946057 0.115031528835808 0.0524090079193519
0.0568183323291136 0.0212764062438755 0.0823837884367936 0.107304229241976
0.0591203258106126 0.0536225439792971 0.00506713251695263 0.115020618321157
0.0168312955874019 0.0862637207487729 -0.0443991210926624 0.0686212285818433
-0.0400022269955578 0.0871948511228909 -0.023586807628478 -0.0180650051609757
-0.0555503780949342 0.0710809228010652 0.09434331099848 -0.0882669385695461
0.0311854537071076 -0.00364996696372206 -0.0891292324258717 0.115455965042008
0.0277524733629854 -0.034883495943323 0.0308392631695805 0.0455513797265836
-0.00369515917116091 -0.0480192615809891 0.0542684825304189 -0.0722428264073027
-0.03063421119339 -0.0208287011397463 0.00240388766065644 -0.137021067066579
-0.0173412338989362 -0.00549699485681242 -0.09802976808356 -0.127650247699786
-0.00413284783796316 -0.00539181607879673 -0.140085675578611 -0.0648895265643527
0.0024243337380737 -0.0109888739683195 -0.13497971252684 0.000236216467363536
0.0105216136497318 -0.0109349661099516 -0.125751161203856 0.0492693045157452
0.00988737690857113 -0.0147334824938154 -0.119133640179507 0.0821925184575799
0.0123219995166455 -0.0122722868434562 -0.128229207995331 0.0867322162158848
0.00442246175138753 -0.00724033812193088 -0.13619001230849 0.0634014845716728
0.00532496887404356 -0.0230180629349262 -0.129209334193767 0.0450792367386465
0.0333563289320696 -0.0286277770626807 -0.118931734014807 0.0579280167622692
0.0520915723651808 0.00195014282656548 -0.107051663695078 0.0855430878287799
0.0360166940351402 0.0201212148357912 -0.0813583151929392 0.188894126050517
0.00631283088491205 0.0583150052731507 -0.103356700593801 0.105462808079394
0.0174804342553241 0.0284820289606968 0.0298529326233299 0.0421958118147933
0.0166138033812529 0.00757426919859143 0.0580929443806672 -0.0756049197595744
0.00913898955480482 0.0160483128432087 0.00875850585346917 -0.141418169156049
0.0293354755747276 0.0128244269907143 -0.0872405262611654 -0.13631391879756
0.0429429410832921 -0.004525720240753 -0.12697627907399 -0.0745614160787562
0.0451020680173803 -0.0237794159080729 -0.125577161885131 -0.0100890145086526
0.0509381316391254 -0.0231390185003454 -0.114116091897869 0.0392444722558371
0.0528539602211154 -0.0281731550782899 -0.101713131561469 0.0792356327833194
0.0667991424111776 -0.0130662440445336 -0.107440574287598 0.0969357306886057
0.0575849449261112 0.0169797242086669 -0.123190313108092 0.0876735654499882
0.047459252370516 0.0264803347951479 -0.127537604728401 0.0682922102435562
0.047017183537931 0.0337091284480221 -0.120175633827071 0.0688513367215876
0.0341629551189699 0.0697592104540521 -0.0914782285653344 0.0788508859749232
0.00823965054030282 0.0944662417429649 -0.0611364404917203 0.163966064464407
-0.0245562098234291 0.110341582585605 -0.0987546850240255 0.0768004221582616
-0.00332724067079126 0.0918583941108912 0.0423956998479704 0.0325687709606546
0.0284014853206385 0.0706684308317769 0.0752713547913409 -0.0799454963226755
0.0481885158459511 0.0607723867388255 0.0247405641393017 -0.144379608899032
0.0761499532723619 0.0358559456113503 -0.0641176361667063 -0.139657240114522
0.0885464094862298 0.00104065732803755 -0.0988053566118721 -0.081862175318025
0.0845700061294947 -0.0321511588720015 -0.0973773184336065 -0.0237053939340698
0.0838729985621249 -0.032747565505389 -0.0868248467552526 0.0235468600502293
0.0834246036485491 -0.0415006403286446 -0.0690411699319346 0.0691195268048618
0.106991859863726 -0.0226750198780152 -0.0683783052112409 0.100966135124259
0.104031236160917 0.0217812802896546 -0.0880342462272432 0.112466350515472
0.0953630672439421 0.0528915496348389 -0.110860216481006 0.100506099248638
0.0729342347180958 0.0815132714507782 -0.116841946364027 0.0876386649180406
0.0285741064747883 0.125827949616448 -0.0811635522032691 0.0673910867617171
-0.0106994789554275 0.155675457552452 -0.0363572976620821 0.120411678295365
-0.054543325387397 0.147223716861742 -0.0794291005076493 0.0305550720213682
-0.0301258471985481 0.144147139753974 0.0606066406084427 0.0153982035582138
0.0310217697830197 0.130152034095721 0.0980975141076878 -0.0786700454106753
0.0792982538275182 0.105588244390927 0.0493267773237519 -0.135771698315255
0.113567226929226 0.0601185835106468 -0.0257950032642543 -0.133152626349468
0.123838348204582 0.0100231557517392 -0.0546765933818989 -0.0865280506003195
0.1126288323566 -0.0346352457298078 -0.0552852148234277 -0.0373268454863058
0.10418586867064 -0.0375669072706793 -0.0477653249456558 0.00394796968813094
0.0989717196389977 -0.0495028704345588 -0.0267911602529596 0.0514523349285315
0.128117512573196 -0.0320027712336857 -0.0213141213542786 0.0933462609449571
0.131690834859161 0.0175051749771458 -0.0400263039211012 0.124294911778761
0.130859930146613 0.0610300347604674 -0.0800296002665976 0.125455495349249
0.0964542955291177 0.109515262706553 -0.105683107250349 0.103602038837301
0.0273514940413274 0.162128571066578 -0.0745760944297043 0.0511852362224784
-0.0239903727467308 0.194045043308396 -0.00960859047917357 0.0659942920606436
-0.0769082197575542 0.160798613324388 -0.0457031295037824 -0.0293830380289454
-0.0571123688919806 0.172168968449357 0.0801720180311849 -0.013462687778098
0.0216182676928032 0.169939419471292 0.115930825332832 -0.0731246306820497
0.0927337378903708 0.138886832064492 0.0740962186038658 -0.112362285727471
0.131771979245541 0.0789211070133321 0.0230736507799279 -0.113027608496794
0.140607016191035 0.0188212598674089 -2.20471112849352E-05 -0.0854824442847489
0.124611822548879 -0.0320657875216369 -0.00429985082638699 -0.0493453215203479
0.10828504109778 -0.0374313461672744 -0.00318060457645912 -0.0152422528796745
0.100595322866615 -0.0496388336530004 0.0179507727820006 0.0304468205725577
0.130204055286416 -0.0341899809705059 0.0254937589299844 0.0770861304476121
0.138584043109643 0.0140647120241621 0.00774490071888508 0.121251917402949
0.144392875849634 0.0632677061337333 -0.0461279756810199 0.132951012963404
0.102657257222715 0.124265120105551 -0.0890058270328248 0.10746232871279
0.0192761175008198 0.175951397830165 -0.0686350632940804 0.0308623176220952
-0.0370297285144415 0.203326515067542 0.01650539513874 0.0100403086944715
-0.084337454913986 0.146653120523424 -0.00429077017593259 -0.0917030280372523
-0.0756676179630567 0.166718693800208 0.0965073138019041 -0.0495133209738335
0.00376764892456469 0.175224964352748 0.12269304180306 -0.0658992180639387
0.086068491795017 0.145584982233796 0.091654055998643 -0.0799708879090534
0.124368442897273 0.0814916045315265 0.0697725220533975 -0.082957867602416
0.132113020995417 0.0223947973432375 0.0560171354720761 -0.0785569542536899
0.115760360681394 -0.0256101352188907 0.0478695967681189 -0.0598791548531213
0.0971214413466679 -0.0306705431701854 0.0403934728109182 -0.0324558857320163
0.0893978679604079 -0.0414646581166847 0.0591475047056978 0.0103040645458837
0.116080365735683 -0.026587302605766 0.06684508442392 0.058947731075056
0.125897973205267 0.0175581319428157 0.047218106094002 0.11117998145262
0.133044173161166 0.066249433325403 -0.0187029344571181 0.128458912878526
0.0870993991741477 0.126556333572041 -0.0716092947198655 0.098525438901806
0.000481838734878515 0.169010441265385 -0.0579113015666295 0.00913558161031789
-0.0500477258038907 0.183791817878838 0.0424726594051176 -0.0414930745063924
-0.0773013195907824 0.105649032698693 0.0348871025897664 -0.149605305325335
-0.0793553448076034 0.126666983539294 0.104703937715875 -0.0856226594185671
-0.0113269386854842 0.142479089553239 0.120492904234015 -0.0594637457871069
0.0635867350325149 0.118095465786355 0.100735373746371 -0.0498143317825674
0.0931268170469222 0.0650516360114727 0.108044316934524 -0.0547118037822664
0.0992168026500837 0.0193486332537887 0.101274337371136 -0.0732088465337477
0.0872008095704027 -0.0165802419969426 0.0899976839723443 -0.0683282926623944
0.0704386266839423 -0.0204953041037106 0.0767123348213502 -0.0443531606111156
0.0668778985318108 -0.0266463802207085 0.0943958607526976 -0.00298942132297975
0.0883843304024433 -0.0134241702477641 0.0992316059420535 0.0484472039485174
0.0977850578346836 0.0211893794324422 0.0749575830246082 0.104685092854195
0.103159966669544 0.0644142596886983 0.000235567390736941 0.121349034593476
0.0566349090618788 0.116086319166962 -0.0553265917235795 0.0839639003612997
-0.0219280656598732 0.1400976548862 -0.0415849152097403 -0.00893483071681758
-0.0576873848942438 0.138542850138206 0.0694740188653333 -0.0779362451145012
-0.0568566530704405 0.0448441016815376 0.0625935282712126 -0.187210475380326
-0.0661012959776065 0.0666492686656063 0.102501862942835 -0.109445136016648
-0.0176180038698065 0.0843902698220181 0.115558924410818 -0.0547617727301293
0.0358205095679737 0.0656857740936676 0.107760191647745 -0.034270579004552
0.0476990912729514 0.0327597583182721 0.13081192187768 -0.0443859438854396
0.0487501327682779 0.0110551994372283 0.125689171518629 -0.0752866817006764
0.0430594671423537 -0.00495247920350509 0.1131678747957 -0.0756164285957996
0.032830194150283 -0.00619021320374821 0.0997262624322354 -0.0505050370741458
0.0342691486624883 -0.00919597676836488 0.118113070771458 -0.00786063660909763
0.0499693833858325 -0.00222584239245474 0.120692127920882 0.0474157257699727
0.0596358438376153 0.0183926693958466 0.091332911857797 0.106387956860832
0.0636692264638726 0.0512413089184312 0.0111171181348399 0.119157290940125
0.0224505364981361 0.0882614205106713 -0.0422702715716031 0.0742050824627307
-0.0364125724714575 0.0921977757428509 -0.0255260372745883 -0.0170203976396076
-0.0533042785348322 0.0756051880081636 0.0906804419545421 -0.0965805543302752
0.0308716726653956 -0.00599748622624533 -0.0806955103521988 0.120823688779953
0.0263358415006929 -0.0367911250165264 0.0339111765635344 0.0431627029911422
-0.00619305123686509 -0.0479788883646885 0.0500080825191449 -0.0762409088747559
-0.0317540819568384 -0.0189195155005903 -0.00524120361226914 -0.138442028487183
-0.0180546003081265 -0.00477147966172731 -0.105681510574737 -0.122199241562006
-0.00446714575143997 -0.0056781103869705 -0.144434127307169 -0.0558757982853654
0.00142776822039608 -0.0114408348573378 -0.134944720385802 0.00845876319236589
0.00961858859953857 -0.0122765139561079 -0.121870036193227 0.0576140677973615
0.00916512083314313 -0.0160140626788926 -0.113385279861409 0.0909646867356969
0.0114586165472158 -0.0136487820904764 -0.123218737432167 0.0950350986725712
0.00456699351800441 -0.00720485635383304 -0.132980129941548 0.0713361231485376
0.00410909915115622 -0.0231441083290554 -0.126612923498114 0.052249749872392
0.0320543971518237 -0.0304093732174332 -0.115703629645846 0.063130807347837
0.0531213408478752 -0.000887135209937585 -0.103200017315422 0.0901860677975939
0.0370076299119712 0.0183147241434912 -0.0702655047675152 0.193750533301444
0.0101342947253828 0.0574554663256843 -0.0956501479854213 0.111563727394158
0.0199726673543305 0.0270579239147605 0.0328767650105627 0.0401690979400679
0.017718807294714 0.0053468376190003 0.0545334945461471 -0.0799967979684734
0.00983741601283974 0.0149350726459351 0.000927349305596099 -0.142968662009768
0.0298515083019715 0.0101860669508454 -0.0956021128827385 -0.130622200786609
0.0423398189969811 -0.00737301167547025 -0.131854135477358 -0.0665764771430957
0.0436490114928571 -0.0271498106888744 -0.125887532428964 -0.00248689525140377
0.0500353632280796 -0.0268011522925537 -0.111199998551217 0.046475884196355
0.0508566682477323 -0.0319043501517456 -0.0957934393590689 0.0866537433144068
0.0659380275522391 -0.0180866672638284 -0.101359551773652 0.104079007170726
0.0592327224773765 0.013191644789251 -0.117750111700958 0.0957176868986062
0.0490919378245398 0.023700322532736 -0.123744130363447 0.0749069545760286
0.0483872527267231 0.0307781773538249 -0.115273724694024 0.0744580518673948
0.0388158026105617 0.0682354278653776 -0.0881167542889629 0.0828665999247084
0.0138989766075053 0.0938529351149804 -0.0519890699063193 0.167999168414133
-0.0174965614708126 0.111648236725814 -0.0931763087483501 0.082714513155982
0.00242095782816522 0.0914613358106735 0.0452463891889429 0.0299401716115954
0.0332112248694943 0.0673974238027675 0.0713530000730345 -0.0848648799302971
0.0516717965305801 0.0571007187423477 0.0168045342333522 -0.146485346663875
0.077670068234071 0.0303822142267566 -0.0728564731298351 -0.135140685809949
0.0886032842917418 -0.00531448300128893 -0.103909739088636 -0.075963075323554
0.0817797483536609 -0.037745478657563 -0.0985741374258435 -0.0173192917590831
0.0817769915638542 -0.0388807634334713 -0.0851773476467791 0.0295476847860889
0.0809624352474096 -0.0470455917225603 -0.0634261442939095 0.0739613968376828
0.105516966460612 -0.0301699313781413 -0.0624158451100986 0.10541699483936
0.105393746325757 0.0156118262074482 -0.0812212504225864 0.118859996980699
0.0985881510584164 0.0467086904224992 -0.105240436956267 0.106686575544925
0.0772536154466918 0.0765690237488863 -0.110526534053317 0.0938551991748622
0.036696288466664 0.124469954290603 -0.07783311736306 0.0711155500334705
-0.00152161709563767 0.155882867388493 -0.0305442987176078 0.122978697618593
-0.0448473369471237 0.150503610974489 -0.0764326848956978 0.0354031410074376
-0.0209778429214548 0.145461389055033 0.0625812702431292 0.0118260041561309
0.0390899567468998 0.126347435687436 0.0943177127738786 -0.0849012988922508
0.0851123268313147 0.10043160880503 0.0423065392423425 -0.138889875763548
0.116438030392213 0.052486350396162 -0.0346670388919471 -0.130866788363313
0.124421188845046 0.00165978624899708 -0.0603478283172824 -0.0833446012825983
0.11032402656293 -0.0419737754900287 -0.0572903195879018 -0.0337877409490771
0.101559716764732 -0.0449360845055371 -0.0473156434592395 0.00751590591671916
0.0955547302708214 -0.0559970777069806 -0.0227319706432377 0.0539900475253008
0.126015429649169 -0.0410949982424267 -0.0153988291856845 0.0956268612677124
0.132620453916295 0.00902505781238591 -0.0322618232061001 0.128280247301949
0.135333189573355 0.0519115745456347 -0.0735973860437768 0.130286954434307
0.101982658934459 0.103436539993149 -0.0986506951352872 0.10909040510711
0.037732315970848 0.160355405662894 -0.0726133060048397 0.0549705377529005
-0.0123982944410908 0.194272940870194 -0.00726419203359453 0.0669484280403959
-0.0662622158144707 0.164904060302435 -0.0463402810395544 -0.0266412588261156
-0.0466961885212213 0.175308289841098 0.0798416171485059 -0.0180953516261574
0.0318372798904576 0.166897687838664 0.112301555291449 -0.0800625566676426
0.100610599099472 0.132412299103179 0.0686009044476053 -0.116776506116899
0.136122392113577 0.06980411952425 0.0153467554630086 -0.113855104769639
0.141802950472448 0.00929996106177327 -0.00499648963438265 -0.0856076122763308
0.122364421612621 -0.040437380057505 -0.00674622080442917 -0.0501956884977761
0.106486872000965 -0.0442686327685666 -0.00451132164927165 -0.0147858888743477
0.0972793333032419 -0.0561976539911204 0.0197409457249313 0.0301094127665048
0.128063175681328 -0.0431532083221967 0.0302263534285536 0.0761906369369047
0.139033050650182 0.00558852238588233 0.0154400289183016 0.121849772261606
0.14873438109301 0.0535598713137693 -0.0392292185414872 0.136329446677667
0.109900248665309 0.117382266352997 -0.0816312399003094 0.112260486814468
0.0303991144513681 0.175156928106202 -0.0671342125539445 0.0346821199546042
-0.0248302016277911 0.204382263320024 0.0148769199424198 0.00944861039760115
-0.0742286707910599 0.15120383449734 -0.00909061847667193 -0.0914619836773428
-0.0659102441840242 0.170952363483394 0.0937391847047809 -0.05486310338757
0.014718720202853 0.173001219781864 0.119303088660588 -0.07360512337569
0.0939331137748887 0.1393283907117 0.0875068888806997 -0.0853274213942137
0.128900404279312 0.0735596805401753 0.0641026066431026 -0.0862142676414328
0.133238310530768 0.0136962913676379 0.0511587051623965 -0.082484761317515
0.113901849864199 -0.0335254332023594 0.0442746993855444 -0.063351086061441
0.0952389388610277 -0.0372138851877254 0.0381666598373884 -0.0349678709350719
0.0866676729570246 -0.0466582901574968 0.0597016795503446 0.0070032443913193
0.113949530568301 -0.0344639136477015 0.0702750920881019 0.0557894588228032
0.126649616824704 0.00927406550704419 0.0544321333412112 0.109154014683147
0.137267116023007 0.0568204655593798 -0.0119147172344303 0.130387443244007
0.0944593880559609 0.12090775226676 -0.0651213989998179 0.103139646029235
0.0103445351491649 0.168626210843559 -0.0575089382180691 0.0131268674743431
-0.0380984121051852 0.185054443383623 0.0380888437210057 -0.0438494288892745
-0.0696625109432145 0.109167778054983 0.0260327119274998 -0.151561474682124
-0.0714460869425446 0.13137145774427 0.0992370156689005 -0.0917362683912369
-0.00347881390445267 0.141810992572201 0.116958982414764 -0.0667761487830903
0.0698740934198634 0.113184812560959 0.0980226743169519 -0.055070932773262
0.0971202028868945 0.0590807529000544 0.103979764114323 -0.061007960133157
0.100316127266862 0.0122969262243929 0.0971541349066174 -0.0799630044533863
0.0854519186524994 -0.0220005722106884 0.0853777917606499 -0.0750123511123062
0.0695046371084583 -0.024578968595058 0.0732735004541693 -0.0494107306053788
0.0649420917487044 -0.0306775150798935 0.0939776394274263 -0.00831493160429774
0.0876643523587348 -0.0196051347628791 0.101616063118307 0.0426160577722525
0.0990174960005618 0.0148571353506375 0.0820258930176419 0.101300431503377
0.107342780461746 0.0576553053578235 0.00656356505947638 0.12175961042117
0.0629813366099384 0.112006537223506 -0.0494660578817229 0.087786936474444
-0.0138585703753768 0.140829606483453 -0.0425297291675081 -0.00603075556440847
-0.0494566758549849 0.140414480338814 0.0625666499922991 -0.0812861484832567
-0.0534094775364793 0.0473882860913657 0.0513808677172402 -0.191645618105922
-0.0620842671027853 0.0702753286926106 0.0956642624165716 -0.115364123619531
-0.0133336511365265 0.0842954392326537 0.112860276537506 -0.0614220502306456
0.0391095772281502 0.0629073638675289 0.105457621994176 -0.0401786968127277
0.0497589501972921 0.0296945571043817 0.127784366891731 -0.0521754312710883
0.049382977999274 0.00755223147649216 0.121742461143288 -0.0833971226604372
0.0420341899893592 -0.00776982536425202 0.108202540685606 -0.084446579463695
0.032630238071866 -0.00783007513812804 0.0958855223588328 -0.0571736564744607
0.0332555311631215 -0.0110545764946802 0.11711004197255 -0.0152472581326124
0.0493775563141503 -0.00521070138283726 0.122687478257767 0.0401489410117498
0.0606712540684283 0.0144944193024342 0.0985161901209461 0.101420203981572
0.0672511591754706 0.0469991765886729 0.0172550477526554 0.119007980063597
0.0275882865719191 0.0868247910865799 -0.0375579856136875 0.0773058129164695
-0.0309893252924911 0.0942666183766345 -0.0269505114465256 -0.0150424722451349
-0.0488032391134345 0.0776691085358539 0.0825644534557815 -0.101432287488913
0.0296964313781673 -0.00698367126427355 -0.0726410828190516 0.12102288173863
0.0245986675882378 -0.0370461076948495 0.0351158185761559 0.0409668563979033
-0.00734692225247552 -0.0471511291026012 0.0472576220390351 -0.076940630881291
-0.0319325353458592 -0.0173381358883885 -0.00990742585120037 -0.136505217943591
-0.0180345829386711 -0.00438037234562584 -0.107386437274171 -0.115380347142489
-0.00490459347866309 -0.00554972529028981 -0.143542073605479 -0.0485563733144059
0.000572614769630761 -0.0111007618890047 -0.131332595402083 0.0133896364580059
0.00889213784109394 -0.0129462437153752 -0.115901957944733 0.0614202133791636
0.00832081000986401 -0.0164266112478292 -0.106256249615483 0.09378729407836
0.010290353773159 -0.0144555268040637 -0.116502376419715 0.0983341185047618
0.00454419068409158 -0.00720855454250112 -0.127394166705876 0.074689791853629
0.00312375699966882 -0.0226667203670982 -0.12180629176809 0.0550938800576536
0.0301233860446089 -0.0307420039230065 -0.110564239143393 0.0640513618664869
0.052507584184735 -0.00227223393409905 -0.099274627075583 0.0903900223356555
0.0365372476949427 0.0165237920590965 -0.0615560939089421 0.192806660359826
0.0117070194303194 0.0555001016344169 -0.0882151385638826 0.112363162473312
0.0210259843145214 0.0249416651871706 0.0342454438272439 0.0377379552061218
0.0175131337861018 0.00355119226165508 0.0513553718543241 -0.0805974901009628
0.0103858805094837 0.0136286037010566 -0.00371664864700601 -0.140690760387952
0.0290195612025127 0.00818871902996882 -0.0978969368745232 -0.12382190699024
0.0410683995344174 -0.00989272151436381 -0.131286043590851 -0.0600709395377333
0.0410764545385039 -0.0282851727447234 -0.122752840001633 0.00262386019038299
0.0474024204623954 -0.0288905190048675 -0.106067383058209 0.0510472548570465
0.0481293085024931 -0.0337962579111876 -0.0893623056110199 0.0895457707070975
0.0638940839760652 -0.0207283051287738 -0.0953063936676343 0.105715855448979
0.0586517321991063 0.0106670889982717 -0.111887539883284 0.0983202936677784
0.0489595991923231 0.0210056863782875 -0.118247805139498 0.0776630933309436
0.0484887658684974 0.0280401297362749 -0.109639065192356 0.0756330704142127
0.0412434378782758 0.0652189215914547 -0.0842062768943981 0.0831714219099305
0.0168647711757479 0.0913017178026953 -0.045138147200967 0.167164395956267
-0.0127390321123181 0.109254821169254 -0.0867195341571261 0.0841969509859582
0.00617490163154014 0.0891175387829805 0.0454408669529185 0.0277280315414794
0.0356301248422021 0.0634772578319379 0.0670560089723098 -0.0860307867612964
0.0523326813838195 0.0531360423599983 0.0114060381033219 -0.144310345457294
0.0762080253261451 0.0257896377899978 -0.0763418224877726 -0.128437031620242
0.0862382214347384 -0.00934731196620963 -0.104150187635166 -0.0705528853644479
0.078242956974789 -0.0406397057450414 -0.0967444539703356 -0.0130814208777681
0.0784765592404579 -0.0415722276318888 -0.0813968443208738 0.032398376389564
0.076539973884681 -0.0495209570262638 -0.0583410017898386 0.0758590310447078
0.101803487727088 -0.0342481185937876 -0.0567380289953182 0.106522036646887
0.103735821703586 0.0108305022533672 -0.0746913605329657 0.119828000356728
0.0986228433715408 0.0413718875774911 -0.0999015129775104 0.107886137237623
0.0776505681168684 0.0718108985403114 -0.104071322266964 0.0943519051410179
0.0410173025714082 0.120267971713067 -0.0744848385148548 0.0711642080895661
0.00387016290482225 0.151314998784964 -0.0258085304288016 0.121926660942554
-0.0371736089633897 0.148459754170035 -0.0721360891607157 0.0376549103573534
-0.0148651519024456 0.14256887786765 0.0619046514464852 0.00920789969203284
0.0432172714681462 0.120312678906024 0.0894824441356065 -0.0871486386411595
0.0865071357483606 0.0938347996528479 0.0362959303434668 -0.137863117079548
0.11493475667255 0.0458343844362856 -0.0390661411524416 -0.125685001262972
0.121453497989678 -0.00399104729651127 -0.0619933177560051 -0.0795866070947737
0.105481821102349 -0.0455709506681396 -0.0568291087903739 -0.0312478147949006
0.0979543423163384 -0.0483995035675555 -0.0459275476094007 0.00946578454693868
0.0908284465029363 -0.0582731265571211 -0.0188940453881436 0.0541904581393855
0.120858591838877 -0.0461974989760398 -0.0115215993909719 0.0945621377131339
0.130242844848643 0.00317632327955179 -0.0263643136779785 0.127702305087098
0.13401522812575 0.0448331872317855 -0.0677259308269288 0.129794128264235
0.103435852089761 0.0965855022112372 -0.091582983902461 0.109575841388255
0.043082104911547 0.155180266928211 -0.0696727669551421 0.0557510113943675
-0.00500754626036726 0.189015983965344 -0.00604978133657254 0.0664840482831753
-0.0575068373617922 0.163145679177486 -0.0457927294913493 -0.0240662057613524
-0.0388907874282615 0.173108680144526 0.0774114532226107 -0.0205780777762368
0.0369701255119552 0.160028871235204 0.107252362636317 -0.0826682612703345
0.103034240710543 0.12468809141737 0.0631362427350659 -0.116465271846507
0.134834383476088 0.0620723879406646 0.0102346966918518 -0.110564219724061
0.13816069180198 0.00256539940068618 -0.00846362578470893 -0.0837477324197224
0.117255347162228 -0.0443238700234878 -0.00850487267257097 -0.0489009691878242
0.102135401974292 -0.0481384229276609 -0.00515853076469661 -0.0145488902990498
0.0922772285927775 -0.0583600233408279 0.0212179303390783 0.0291119559229676
0.12275896485685 -0.0481380734723364 0.0323894678221775 0.0738433411511252
0.136458302537206 -0.000816753260639534 0.0204608441735436 0.119466527665145
0.147561182618152 0.045429743747466 -0.0344372590991109 0.134417411409106
0.111431058797179 0.109514337830681 -0.0749493317514458 0.112017086621469
0.0363399631896242 0.169577300672946 -0.0644972945943245 0.0360267763580423
-0.0168635560908481 0.198527362678821 0.0132748162087861 0.00929009854692827
-0.0657117203590639 0.149272931756784 -0.012217833938084 -0.089283166872831
-0.05791273556636 0.16871041171656 0.0893195526682111 -0.0574403548449362
0.0197583860942788 0.1668618984947 0.113943348405998 -0.0760897425289756
0.0964255948082044 0.131622299852664 0.0829551955708093 -0.0859976010965298
0.128435088883573 0.0663801410749685 0.0588474795124087 -0.085935371729666
0.130177280106069 0.00736299040728541 0.0470095466806107 -0.0825959796138376
0.109214488800316 -0.0374665354024023 0.0406843667521583 -0.064885722420338
0.0917231880211486 -0.0404849104324497 0.0350637704321752 -0.0356368090167623
0.0821966849277264 -0.0486305911185826 0.0593383039362859 0.00476353722984273
0.10961050523794 -0.0389702989357611 0.070486989628019 0.0519307567053795
0.124019103839588 0.00412238347614665 0.0580622915226224 0.105790933676879
0.13644488892562 0.0491478271845816 -0.00787891512900082 0.128386443332209
0.0965152186889315 0.113897063141981 -0.058745063085774 0.102602014333015
0.0168229654947349 0.164233679826823 -0.0559772006638551 0.0143284763471121
-0.030520575720165 0.180168189644138 0.0335646198344566 -0.0432048732344465
-0.0628827584771383 0.107958988914828 0.0196979568752736 -0.149060784454981
-0.065300723747165 0.130788134965833 0.093078031153219 -0.0934853227621547
0.00144050172379611 0.137111604851465 0.111699224309408 -0.0694056141188035
0.072110929589356 0.107516624740929 0.0934969486644894 -0.0569722242027552
0.0969151415406497 0.0538217976406658 0.0988411346021572 -0.0625434512707217
0.0976523737972352 0.00763566737295202 0.0917544707557364 -0.0824741796569245
0.0821044203470185 -0.02507711418053 0.0798457034624311 -0.0782692703347493
0.0671777242659809 -0.0268744036432844 0.0687347729289433 -0.0514257761826779
0.0618454811600215 -0.0318376393716526 0.0914847906577461 -0.0119372613680152
0.0842101996351939 -0.0228272438201552 0.1009625999073 0.0382423899262029
0.096973925593332 0.0102183161297434 0.0843642158689056 0.0960463175932788
0.107223538405627 0.0513180844032117 0.0101730630712082 0.119020527375023
0.0663042743815233 0.106418498008156 -0.0447482258338601 0.0878054304252469
-0.00831745561111726 0.137996840378106 -0.0415929540772173 -0.00404919594504733
-0.0425311908989788 0.137845591165623 0.0563184495479786 -0.0815029091699204
-0.0497980761430699 0.0472479652772991 0.0426965415858109 -0.189276179585361
-0.057825773187048 0.0708405912303067 0.0884420510088779 -0.116359443108582
-0.0106855157330493 0.0824164609783141 0.107447547477112 -0.0636901701520511
0.0399704691164041 0.0595460264239577 0.101466175325982 -0.0424618686628418
0.0498740565075633 0.0269358234464552 0.122565213920099 -0.0551715617179666
0.0481468237783516 0.00509756454850962 0.115504919841813 -0.0868483752800684
0.040578021500358 -0.00946177202062842 0.101356521769378 -0.0880216346137772
0.031932435961719 -0.00900151546699093 0.0902836198137943 -0.0595673316861136
0.0318966970122226 -0.0116465304365192 0.113463140181862 -0.0197596450683631
0.0478085559737414 -0.00745425050270806 0.121360421042751 0.0344745980393528
0.0594409682107009 0.0114120217117103 0.100182088501 0.0957504837723761
0.0671989227664581 0.0427126895134571 0.0207544103757563 0.116541464428136
0.0305854070869888 0.0835068772785505 -0.0339464931682906 0.0769738353777916
-0.0270071290785529 0.0928564157028158 -0.0268426804570829 -0.0132573689752678
-0.0447468757169556 0.076557626233537 0.0747746240116412 -0.101654208545511
0.0311011433211009 -0.00483913776644293 -0.0765207923018632 0.112615157781359
0.0267584353247904 -0.0358712330549416 0.0318778037975012 0.0405163354327347
-0.00565217284282386 -0.0478993740842267 0.0478284991561667 -0.0725040861404264
-0.0316062264091911 -0.0180809702244727 -0.00489482320977539 -0.134299055816055
-0.0186261930057691 -0.00351583506446319 -0.1001971414777 -0.115512586337049
-0.00520141699371214 -0.00512061415402374 -0.136955146538575 -0.0521545603153853
-0.000138175294353626 -0.0108538726836329 -0.128550294096408 0.0085327264414422
0.00876350099448157 -0.0127658458598108 -0.113560155484433 0.0573795317777917
0.00741000074970721 -0.0153976961749408 -0.105278156561929 0.0895846286600412
0.0103932517646664 -0.0128066115373751 -0.116331907538181 0.0933890820056101
0.00461687531211577 -0.00605021574037801 -0.126911290715633 0.0682210535098317
0.00233044104397334 -0.0204906049716139 -0.120371505049484 0.0474487560942201
0.0289381847232734 -0.0280900334407757 -0.10866405146902 0.0557884625953709
0.0508577927945831 0.000961257843498344 -0.101698203697458 0.0831333423953966
0.0360301823855506 0.0196298679436943 -0.0711301406437788 0.184540857040236
0.00996469782238108 0.0559031208435439 -0.0882061469293936 0.105392823504583
0.0196482494787265 0.0254241717521616 0.0325114765050727 0.0378128281943583
0.0167365214060199 0.00311104220117515 0.05362679302834 -0.0768972166883997
0.00760312527205988 0.0137989222004157 0.00375337455747369 -0.138271273660543
0.0264316852285211 0.0110922602101756 -0.0891004692754779 -0.123702575615986
0.0398023669751768 -0.0073569882090422 -0.124604815579021 -0.063733262444624
0.040174959088249 -0.0258237619645321 -0.1189901872181 -0.0026050308448428
0.0481811166427682 -0.0271121499733638 -0.103373878616655 0.0475050752195402
0.0477295631987018 -0.0312482293757787 -0.0880252387064471 0.086383385200585
0.0631235140668611 -0.0181726505040317 -0.0948824993825124 0.102811295106798
0.0578584159822538 0.013552730616275 -0.111834983850367 0.0942831030069255
0.0457681355925162 0.0239797150480835 -0.117760025640046 0.0724694941616236
0.044651140059128 0.030840772282465 -0.109309892878748 0.0681406374841505
0.0373469050436174 0.0670446266483565 -0.0883228309013064 0.0767350626341171
0.0147512263056211 0.0914723438330525 -0.0566807401360168 0.160883421671154
-0.0176674481789022 0.107529682307267 -0.0836372540485638 0.0795149228820737
0.000883096770461346 0.0868560312155308 0.0460741009789312 0.0281506349903669
0.0297163479763052 0.0621935633169183 0.0728010945259972 -0.0818303414120108
0.0464760344296194 0.0535125264391544 0.0208964252717701 -0.140757297640108
0.0712581674441048 0.0302267238783411 -0.0660007822596004 -0.128969561424084
0.0837729712813069 -0.0047220891107231 -0.0967857911610364 -0.0743282181682506
0.0773169410933641 -0.0361076332458279 -0.0926638186835468 -0.0185426918313467
0.0799871646096005 -0.0384093336318737 -0.078755385534521 0.0295462655527817
0.0766610201511922 -0.0454718271260987 -0.0568533588137969 0.0741175933167935
0.101604957430726 -0.0307032330994796 -0.0565478773272972 0.104903768813321
0.103276267103922 0.0150819376371757 -0.0759635135025361 0.118042601956935
0.09300158190433 0.0453647084206347 -0.0999047864000842 0.106106163090845
0.0718730512057979 0.0749566524448889 -0.105244877760181 0.0886037080177107
0.0350897296211989 0.121053885758468 -0.079538879107965 0.065938696244605
0.00101986788906658 0.1494848997532 -0.0372162192610042 0.118355079210225
-0.0454723980274355 0.144746332014946 -0.0662723008888585 0.0361212340150085
-0.0236906759954559 0.138106778359672 0.064356485072617 0.0119649973400794
0.0339838014940067 0.118445793896056 0.0968021494920521 -0.081852602556323
0.0771666565537472 0.0946405897228523 0.047783106442198 -0.132807907027339
0.107746341065298 0.0515013010065819 -0.0276771771412367 -0.125870538251253
0.117966233788908 0.00181013685132865 -0.0549014562949895 -0.0822769049375804
0.104401554649546 -0.0403158496971175 -0.0529249143485066 -0.0355255666811759
0.099767458913261 -0.0440242754077357 -0.043621333505052 0.00760399627246477
0.0918250148756028 -0.0536603509624367 -0.0181777558539817 0.0538196114798242
0.121391097389814 -0.041826969531743 -0.0113838212255451 0.0946586146853046
0.130354232915832 0.00853886536176303 -0.0275471471406314 0.128222081579864
0.128963657853579 0.0501592769157298 -0.0686112275752281 0.129207029592517
0.0958333925375567 0.100301912007642 -0.0938570347881152 0.10553090947959
0.0361856031979587 0.155014938140069 -0.0749570462265375 0.0518235650875875
-0.00911978904559907 0.184640993608325 -0.0160393533498711 0.0655825094273517
-0.0666063692594139 0.157446465528807 -0.0372863627630017 -0.0218607527039547
-0.0495829766589626 0.166321514548118 0.0818690370772561 -0.0153827041564311
0.0251211986633659 0.157351171457134 0.11532195254313 -0.0761975660736887
0.0918671618669229 0.12508477783183 0.0737362505312053 -0.110555644378132
0.12614782869092 0.0675610005555231 0.0196400336312152 -0.109010475506883
0.13429236599864 0.00850892378550122 -0.00263148954868567 -0.0843635764893199
0.11642996200273 -0.0386624417948096 -0.00486428183463298 -0.0517089753763009
0.104288962722094 -0.0436165110192304 -0.00360767312282469 -0.0144731755667883
0.0933888884480333 -0.0535764953322908 0.0218853624248741 0.0301791932486944
0.123639582619715 -0.0444920335878997 0.0317394337927643 0.0753802586088643
0.136511060778808 0.00424481134947053 0.0181673118493547 0.121881288726707
0.142175825519544 0.0507268770787616 -0.0356784248755886 0.136618240085721
0.103764458610133 0.113275115040236 -0.077979733413521 0.109561133358958
0.0290354339934364 0.168396739864214 -0.0697481969654685 0.0333968330497823
-0.020901905849672 0.193150623163303 0.00517821908117754 0.0112831558843745
-0.0754226138522928 0.143456224750447 -0.00169864662906829 -0.0836477349583193
-0.0686432008414393 0.162097684235697 0.0949428278445792 -0.0507307044470135
0.00758346169805378 0.163310558497364 0.121274287287209 -0.0683316534314399
0.0846083635862364 0.131156813434761 0.0911980383386392 -0.079742821609184
0.119898179169826 0.070564385336415 0.0654906381749941 -0.0828407623409333
0.126297743773764 0.0123154810051981 0.0503976288993168 -0.0812906770213302
0.108951955930246 -0.0324256396877622 0.0431402306191323 -0.0655897739096511
0.0934690827069942 -0.0364243691570778 0.0356918752642211 -0.034638980664932
0.08373755588474 -0.0449582066567707 0.0587233447080677 0.00747433151923268
0.110196229135707 -0.035866148396671 0.0694176088825614 0.0548929802436186
0.124239173073921 0.00833621753463016 0.0551929487733831 0.109318408165076
0.132129494185884 0.0538405289078244 -0.0103337528153362 0.130836267664338
0.0899013865744059 0.116874643695506 -0.0622720034136663 0.101069121300721
0.00970322030018727 0.161820474794641 -0.0596297792468555 0.0128581171556805
-0.034084252131931 0.174147835736361 0.0280122138372064 -0.0392727793256516
-0.0706018093915305 0.102646228163297 0.030568054276973 -0.14110398972781
-0.0736682037349846 0.123893878420346 0.0989728708816877 -0.0850351286898605
-0.0091193293346395 0.133295539956313 0.117142208612774 -0.0607327673169247
0.0629594657906888 0.106323426500768 0.0989893126928474 -0.0500201748717537
0.0903239388609455 0.0563872400837315 0.102023323022398 -0.0581247332237522
0.0947053496204793 0.0109142907598288 0.093782676830766 -0.0784419046521248
0.0820253372680935 -0.0222550299957838 0.0810691212402677 -0.0769040645932475
0.0682755930912575 -0.0236056113744094 0.0682115880733293 -0.0489632091779449
0.0627344782105462 -0.0294086835084597 0.0900099390034817 -0.00845429958409521
0.0846673941483963 -0.0207348121072539 0.098254171590051 0.0414111324618082
0.0971229862643735 0.0138925401257603 0.0803651899222898 0.0999476320767482
0.103134171758532 0.0545393292378252 0.00672987845356539 0.123095597490017
0.0601697622230379 0.108491814350601 -0.0486758702691274 0.0867738073571232
-0.0137380851591451 0.135288607907404 -0.0443789411459613 -0.00508214628301468
-0.0446739823450347 0.131998017257158 0.0528950208137478 -0.0756963813792002
-0.0539372636259256 0.0429592055379473 0.0525632083617975 -0.180882292366501
-0.0634823841869647 0.0656668967563312 0.0930548161180508 -0.107362961031101
-0.017487300791424 0.0789762842271073 0.110797860442928 -0.0549070191764782
0.0345242574920972 0.0583999455106721 0.103344826235196 -0.0357788545822882
0.0460504716204756 0.0277121161412576 0.122718735614577 -0.0493663506155561
0.0460236195084211 0.0060216173246364 0.115887631460018 -0.0809580826171498
0.0411106030214104 -0.00801372680015446 0.101827581458572 -0.0855976184398894
0.0327820763511475 -0.00720528352878833 0.088849874502972 -0.0564103184370427
0.0332033378054854 -0.0100209446517952 0.111137510512529 -0.0154260406722249
0.0483714432065775 -0.0061160896381705 0.11772628930971 0.0381765469838116
0.0596523688980922 0.0140635733192812 0.0955554249758206 0.0985099840453776
0.0652362530956219 0.0451174975910261 0.016014478466275 0.118725038588112
0.0261854396032442 0.0843451776912705 -0.037787000973681 0.0761177998548485
-0.0304309138679614 0.0900206815472008 -0.0285714458002427 -0.0139577785109103
-0.0452251349396123 0.0720954271373148 0.0736686270305037 -0.0946149248322753
0.0307001426441972 -0.00442945837407599 -0.0762238238570811 0.111332066441435
0.0275096482443728 -0.0357339708292577 0.0316466589735332 0.0408213868760225
-0.00519011584452329 -0.0483374756393774 0.0492896794955056 -0.0727419503998348
-0.0313120507117418 -0.0182147005605492 -0.00291574026440709 -0.136030477530688
-0.0189671730219128 -0.0033073739348315 -0.0983757512872509 -0.116580694531622
-0.00548761360402955 -0.00487282352622863 -0.1365936238746 -0.0533676415644344
0.000139680197145648 -0.010887627360084 -0.1283058072959 0.00682785101870179
0.00875636579081722 -0.0127257411684615 -0.113148677535888 0.0566760197393075
0.00763514619859199 -0.015819763901667 -0.105325469303893 0.0894871361597864
0.00991534542022621 -0.0133235600382956 -0.117307932768015 0.0928054512629203
0.00454635031230606 -0.00581479739599135 -0.128043382706093 0.0666692306943555
0.00268429706671678 -0.0201938005333651 -0.121356012541115 0.045154454880047
0.0293786241077918 -0.027523138461248 -0.109205111231156 0.0524573677809047
0.0513276136661627 0.00198391440560505 -0.10393857681795 0.0806405681464919
0.0353734524318117 0.0207754041635514 -0.0738385082154142 0.184531183813064
0.00932628709168413 0.0559458243968626 -0.0884591215501311 0.103721540050725
0.0194021191468602 0.0255733108386394 0.0323024701637301 0.0378555688368895
0.016538304047322 0.00210248325649595 0.05531351728333 -0.0769122288456911
0.00728534695705332 0.0137127222847324 0.00594783291750791 -0.139448971803299
0.0256050758290499 0.0109722181206889 -0.0875152769080411 -0.12476826639267
0.0394371991823648 -0.0069576759485138 -0.123842915512993 -0.0653626904606692
0.0403189042485088 -0.0257136513975329 -0.118689406739577 -0.00415825347999015
0.0483747835998061 -0.0269018680409058 -0.102773984742929 0.047079519461144
0.0477415988556691 -0.0307009242720957 -0.0879607513125596 0.0862135852310344
0.0629446129859673 -0.0179462499059522 -0.0959390233589451 0.102355936858178
0.0579739473892363 0.0143009095864092 -0.113882899603319 0.0931051953370149
0.0454910526934438 0.0245944891904095 -0.119451499772659 0.0705757752605416
0.0443436378981983 0.0313916478630467 -0.10995646003004 0.0650872428077339
0.0369939180274721 0.0678567725391237 -0.0899671293950734 0.0741205215878687
0.0132784695648164 0.0920324808727873 -0.0589631639821141 0.161124793599753
-0.0187982606613659 0.107177906563164 -0.0840599671474066 0.0784158416948305
-0.000129899353693267 0.0868604597332964 0.0456805336004134 0.0289621865573931
0.0292283343390948 0.0611376298321121 0.0741732667690136 -0.0812678156114628
0.0457563836631276 0.0543320961942765 0.0239079429332545 -0.140926310448695
0.0702439882823772 0.0310517333825311 -0.0643239685180166 -0.129240761932331
0.0834634520937011 -0.00443899290449407 -0.0960484946982441 -0.0755976873639257
0.07759399357391 -0.0360393673794486 -0.0921089067075674 -0.0192433746085655
0.0807021547171196 -0.0381335895285709 -0.0787275532232461 0.0292401019757619
0.0773434924858705 -0.0449664809831128 -0.0569194308361666 0.0738400941328492
0.101733814880025 -0.0305646940551529 -0.0580462565876258 0.105117923080637
0.103392778814152 0.0162061604320942 -0.0770152837094599 0.118561860822702
0.0932314349546695 0.0460531886920394 -0.102409809902901 0.104090042712453
0.0708290012138409 0.0755251858437513 -0.106272468840814 0.0858697607227563
0.0340689302784829 0.121562823286138 -0.081374028112738 0.0639052470933501
-0.00128624257935692 0.149011546726596 -0.0393423733373355 0.118718345265978
-0.0468557223981534 0.142818673808752 -0.0660929720606523 0.0352526861486254
-0.0251283789398896 0.138114835989956 0.0641670245006108 0.0128131915665166
0.0319228246651024 0.117601130318404 0.098258744399638 -0.0803499597117324
0.0758679834847279 0.0953236072935176 0.0500651538682347 -0.132605548387735
0.106565566046335 0.0523516523532049 -0.0264892979047101 -0.125051913594372
0.117762851536552 0.00196038394499888 -0.0540977351750355 -0.0830493125683623
0.104845482396514 -0.0396274979364057 -0.0521420992685785 -0.0363349635994092
0.100046308529644 -0.0436807086323407 -0.0435710053940023 0.00767865781405735
0.0924958093032246 -0.0524544643392733 -0.0181400048427641 0.0538705793378687
0.121169952893908 -0.041537729658965 -0.0123533134139877 0.0955509328987216
0.130522023031146 0.00948842644766631 -0.0288744926778357 0.12860493612298
0.128714671659663 0.050912354750213 -0.071316888354681 0.12897014205217
0.0947935648723435 0.101618606167748 -0.0949784109290951 0.102717649091409
0.0341886651996734 0.155509114528154 -0.076030078804208 0.0499620709605443
-0.0119661427652921 0.184101387718052 -0.0182033847655424 0.0663184187215283
-0.0686706903715316 0.155424457499518 -0.0361847909105533 -0.0218768486017514
-0.0521304149947724 0.166338125268252 0.0818196119145276 -0.0143577328466761
0.0220117620162045 0.156213331393485 0.116160586656342 -0.0744776778046782
0.0897660761328496 0.125626406696327 0.0759408706144142 -0.10943649440353
0.124999462999417 0.0687129162422996 0.0204885513061566 -0.107133480242355
0.133818265186596 0.00940394635336942 -0.00119278191204127 -0.0850386502397804
0.116790218884318 -0.0380191781527931 -0.00398515612420747 -0.0528347402115698
0.105012089991545 -0.0432205719100733 -0.00364325613913233 -0.0146053858427063
0.094238575048832 -0.0523306034492954 0.0220646053439686 0.0306955451387688
0.123412082924897 -0.0434935688079907 0.0310409313561119 0.0767636168687508
0.136836792295771 0.00566916743640159 0.0174553590753391 0.122986447511457
0.141842143815555 0.0516291051686259 -0.0387749367232659 0.136829612186002
0.102734868740447 0.114267235880462 -0.0792314152250971 0.107259806007694
0.0265006713256113 0.169112179944978 -0.0703055785254718 0.0321761002812561
-0.023429051086932 0.19226844935536 0.00375311631887939 0.011998298213561
-0.0767273348789774 0.141343683495974 -0.00050031959198599 -0.0832073551587562
-0.0706022208865218 0.161361502383755 0.0948685539486213 -0.0486924447571116
0.00459678492836201 0.161660141882354 0.121877869423646 -0.0664416807368298
0.0826130985868485 0.131422443819365 0.0929782398541803 -0.0771762645126429
0.119087356997556 0.0718733125755791 0.06640807974932 -0.0801401178726883
0.125860746967346 0.0126057036718908 0.0515442408405188 -0.0812759042974418
0.108963783142712 -0.0316099554621224 0.0439233324452565 -0.0663474703629263
0.0943064850291398 -0.0356515987811562 0.0355725887808842 -0.0341881733292509
0.0842357793305835 -0.0437926734888342 0.0592391602201615 0.00803917840728671
0.110339209079203 -0.0350683097436496 0.0688061889544881 0.0563799995150667
0.124407586874627 0.0094523177790305 0.0544088409963574 0.11069503207791
0.130927652642988 0.0541697771125401 -0.0128822877200604 0.13245003882093
0.088268446929603 0.117796388670289 -0.0634536810798451 0.0998544542987712
0.00745345521029237 0.162287027535369 -0.0603968977030487 0.0121184053333102
-0.0364964872316749 0.172897465160583 0.0273226539905632 -0.0384761146587162
-0.0711873253822195 0.10045484235995 0.0322515063024251 -0.14058711749776
-0.0754132235279994 0.123319150153775 0.0987026606357261 -0.0826674032360605
-0.011475805630391 0.132203246026295 0.117677399921655 -0.0581514223105949
0.0610879760972333 0.106690336218346 0.0996596807587331 -0.0479115544964043
0.0894459670250634 0.0565729761061538 0.10268371578937 -0.0554183038859844
0.0944040368612088 0.0110318429862633 0.0945475202562845 -0.0779396829319714
0.0817879825816305 -0.021418749457609 0.0817443180245702 -0.077957028568875
0.0691906993045884 -0.0231960891551253 0.0680547542313215 -0.0483189668060544
0.0633023770497565 -0.0281087887912378 0.0903979239192256 -0.007660283426955
0.0843507711990222 -0.0203759875228747 0.0974966544534294 0.0433973402845964
0.0970807552339406 0.0147475163901488 0.0796105842842651 0.10127477923629
0.102899120429951 0.0549209007718565 0.00449196514659162 0.124066557777521
0.0587412523112154 0.108448262536907 -0.0497608189264787 0.0861080001325473
-0.0154221399768858 0.135142768659423 -0.0445961999221472 -0.00525916258679437
-0.0462628704757725 0.130523998668354 0.052399611231595 -0.0750345573888518
-0.0542698339513053 0.0410711805616844 0.0546394366979672 -0.179720988214345
-0.0641905936054789 0.0651054726472366 0.0934895286969808 -0.105352258894465
-0.0188378083812671 0.0782343303702397 0.110624088395885 -0.0525530185709937
0.033464468679306 0.058354880947435 0.104219740128967 -0.0329060813778378
0.0454373985457472 0.0274853648366821 0.122794477728021 -0.0470442765019587
0.045647921653666 0.00632659238339498 0.116828957105675 -0.0807657464592885
0.0405891775319269 -0.00782245680551759 0.101825028241198 -0.0858189052385001
0.0331358387145807 -0.00661718012168672 0.0885098438040738 -0.0557892775627769
0.0331106292736319 -0.00905704320999428 0.110945112101797 -0.0148577006158406
0.0480293782635533 -0.00571984628845583 0.117154030137136 0.0397306682774972
0.0596252078450442 0.0147180765477418 0.0942798315700582 0.0998253288284605
0.0644398600754273 0.0456739246641861 0.0141011544198418 0.119845551908308
0.025205023767152 0.0841040407658827 -0.0387889030784588 0.0759177796148331
-0.0317660070091107 0.089772805034383 -0.0282740895111928 -0.0139321072167362
-0.0459052159290463 0.0706983506800783 0.0731230163982903 -0.0939542616165604
0.0316015469675433 -0.00383261066774771 -0.0786338997712973 0.113089688331274
0.0290308109713903 -0.036185825662004 0.0321409331887974 0.0423451841027523
-0.00467197246758225 -0.0503689583942311 0.0521537543191472 -0.0751059016722619
-0.0320301049932994 -0.0187931125326478 -0.0016819608305504 -0.141506623538061
-0.0194577912641161 -0.00330999732713276 -0.099602199049744 -0.121072946768251
-0.00590227277358037 -0.00466242074957681 -0.140289889995341 -0.0561663705600542
-0.000388216791892483 -0.0112821710764185 -0.132080448021912 0.00675236305942697
0.0085079143684968 -0.0134887006858876 -0.116072039902992 0.0578645958833795
0.00754080373058811 -0.0163861000825486 -0.108234016588864 0.0918192661212203
0.0102361821205581 -0.0135847406523471 -0.121934539501323 0.094751347188015
0.0053122281374703 -0.00581852721371171 -0.133765794870178 0.0672083971170744
0.00278988691760837 -0.0206668896893008 -0.125644676453917 0.0442908068240136
0.0309958803689842 -0.0275787864876546 -0.113591690268735 0.0507250966166244
0.0534282770491361 0.00347193515473038 -0.109222782388159 0.080296250491963
0.0359099754792079 0.0224957157528398 -0.0785768071722273 0.189695132124968
0.00905689711206384 0.0574688104523506 -0.0912122862003078 0.105170250643926
0.020074731257807 0.0262502539575765 0.0328961019277264 0.0396667212542961
0.0169321743596333 0.00158482636249705 0.0581236835618066 -0.0791700664808634
0.00744568525740929 0.0142260209655259 0.00771043997757452 -0.144332660452103
0.0259669444245426 0.0119983146361322 -0.0877490008480066 -0.129070926711657
0.0406213397716534 -0.00676083128108872 -0.126989376670596 -0.0681570012585126
0.0415273840442661 -0.0260669749971526 -0.122335866208834 -0.00488046591123916
0.0500259489400614 -0.0279574640479882 -0.105607327810411 0.0476902854701567
0.0494920631494988 -0.031163504644301 -0.0905118879130349 0.0881227954486997
0.0647738256668824 -0.0185666924800193 -0.100283343712224 0.105705445008952
0.0596326762975755 0.0155005221666084 -0.118468664233995 0.0951952634328941
0.0463193763173567 0.0252206573327066 -0.124625780298629 0.0704723525795514
0.0452587948748832 0.0327979078833084 -0.114199206545354 0.0636187624167696
0.0378650690956932 0.0712884844525637 -0.0946809769370941 0.074063720183848
0.0124271058430082 0.0946852076670364 -0.0626595770892823 0.165966622369969
-0.0201497840755467 0.1094589856917 -0.0862306497916084 0.0792902423862151
-0.00091428611267621 0.0897375471026538 0.0465366113214594 0.0307979439392144
0.0293291017223009 0.0614582382935412 0.0774229857840007 -0.0832318403918532
0.0465542295758712 0.055683519710746 0.0263129022959408 -0.145541302424198
0.0711998056894019 0.0325758334504489 -0.0639365604559771 -0.132863199627701
0.0856661879635144 -0.00378964530432648 -0.0981849092717453 -0.078900093787075
0.0801546655906139 -0.0361136093876479 -0.0943721218522338 -0.0214326277174244
0.0831217371871904 -0.0388811276022262 -0.0806596949503626 0.0297787507738796
0.0799247920466328 -0.0448568518900995 -0.0587163112911467 0.0762541509405182
0.104278886109442 -0.0309182270152079 -0.0608009333568967 0.10882388952362
0.106413493972149 0.0177425423765004 -0.0806938708416503 0.121188972572943
0.0957952616566635 0.0482294529270858 -0.10791505705872 0.10587847437102
0.0719917292643331 0.0787100505501091 -0.110801686651157 0.0851353774933943
0.0340743408447516 0.126157458122293 -0.0851556506777307 0.0635181205456327
-0.00376078578260351 0.153489316053503 -0.0427956039337874 0.122806054612702
-0.0492647155497063 0.145445102458775 -0.0675250383966701 0.0349165191430775
-0.02746483281279 0.142024289175981 0.0650998694778827 0.0146167983897264
0.0310312353940303 0.119315152054144 0.102198298404935 -0.0816519162674445
0.0769199067053592 0.098104038434931 0.0541880935931395 -0.135645413259463
0.109073400590839 0.054977133859254 -0.025556737822955 -0.127466379716169
0.120986840821726 0.00263566951823814 -0.0543530982067359 -0.0865840814089945
0.107876612935293 -0.0400314637416528 -0.0535078866013789 -0.0388480218262274
0.103560621334272 -0.044700164117403 -0.0447701634594005 0.00792314591211282
0.0957183534883162 -0.0531764035948678 -0.0181851414581493 0.0556960511175368
0.124699084885608 -0.0422533940408618 -0.0135120442909575 0.0994078441430536
0.134545711937131 0.0111663620990657 -0.0307058846198785 0.132339531481013
0.131718064960308 0.0529625224536086 -0.0764916978847859 0.13223162914862
0.0965339917872192 0.105448324158697 -0.0993130307072714 0.102829101867637
0.032987697254685 0.161122206758401 -0.0795157148995851 0.0501092416491191
-0.0152570472729163 0.188623896186227 -0.0202136744983234 0.0686079671767166
-0.0714736616458626 0.157704909281357 -0.0363144926290889 -0.0229183030584122
-0.0560679048713021 0.17080608629199 0.08389266185734 -0.0127757534925733
0.0203079939623805 0.158952154028765 0.120057253142593 -0.0746515654500849
0.0909578574544181 0.130055199143947 0.0806275087187284 -0.111213483360279
0.127905111010259 0.0719751303701732 0.0231274820313473 -0.108332769782071
0.137342250667432 0.0100195453561416 -0.000409613849733946 -0.0876422963051955
0.119941749434918 -0.038337927792554 -0.00326808655566735 -0.0555236212380848
0.108720196254951 -0.0442336374159957 -0.00434310444025498 -0.014865895390061
0.0974910926514206 -0.0524996294318962 0.0230082961035872 0.0316339620228339
0.126815960419857 -0.0442201560801298 0.031716280426855 0.0802781994520024
0.141098303303963 0.007263020367118 0.0169822227408039 0.127495234056979
0.145677358442093 0.0534906565687861 -0.0422662804958896 0.14158764326869
0.104037159036039 0.118656603728107 -0.0827371193010213 0.108467650497359
0.0250401610663668 0.174863765683662 -0.0727980396581354 0.0321405955280734
-0.0273558703151581 0.196345025781989 0.00267242306732232 0.0127760765691072
-0.0800861855396416 0.142890701302148 0.0012016883786628 -0.0857140564269517
-0.0754143472689154 0.165876581912573 0.0972088253024704 -0.048281652629348
0.00206333009565854 0.165108141732731 0.125527443761273 -0.0659863142968788
0.0832744913525717 0.136262228105657 0.0969691812737127 -0.0776485080621221
0.121489813779683 0.07482767378946 0.0696429482135281 -0.0802420440393288
0.129057324562665 0.0134550265213563 0.05415413272697 -0.0832531392388707
0.111688899100914 -0.0317712707794659 0.0451527526429313 -0.0692157310231535
0.0976319622016749 -0.0363821188015522 0.0362469758513775 -0.0347666342901584
0.0872421872523526 -0.0434909984247282 0.0613847314968267 0.00864518228571891
0.113124078418456 -0.0358245787243784 0.0703310248160603 0.0594839658790428
0.128218230785045 0.0107569105755099 0.0550798788981526 0.11522735710408
0.134263138899728 0.05625828958638 -0.0155242434564718 0.137347315767536
0.0890064156277198 0.121798773786911 -0.0666717918902518 0.101183891404196
0.00582000914297015 0.167599254591376 -0.0619162864597111 0.0117795270557198
-0.0399007229490447 0.176156289083957 0.0269840460472276 -0.0389665329898002
-0.0744409446363448 0.100924179530887 0.0354704601301635 -0.143711654504007
-0.0794073055149266 0.126139475856214 0.102247383818838 -0.082619414252654
-0.0141354543968821 0.134918296433012 0.121008868006919 -0.057589823739766
0.0613104318821197 0.110163120278773 0.103688536762206 -0.0467136211009672
0.0917163016273377 0.0588390463669596 0.106571098520367 -0.0542148071524821
0.0961234838165484 0.0115535247127581 0.0983372912131834 -0.0795734435896946
0.0841473283129848 -0.0216101135321246 0.0839371441607205 -0.080732732767926
0.0716124992847883 -0.0237446095947812 0.0697484016819909 -0.0493516865156241
0.0657602768962653 -0.0273451150578426 0.0924042659744043 -0.00690237774099828
0.0866028483740897 -0.0203390358448376 0.100448419049703 0.0461479833855712
0.0997760916324258 0.0154537088162545 0.0806628838710159 0.105888267594799
0.104624674900333 0.0560467913549553 0.00222399238671331 0.12912928193972
0.0591300000932579 0.112018549760381 -0.0523053221761898 0.0879455158352803
-0.0178426735291415 0.138852065347382 -0.0457955708058339 -0.00577560097028689
-0.0491599538499342 0.132246181686284 0.0526475235225614 -0.0759386086355007
-0.0562519325238788 0.0403231521649098 0.0580413117777698 -0.183831671584427
-0.06652118286495 0.065766924241004 0.0963460455191466 -0.106089301601488
-0.021363866233105 0.0801870103211356 0.114386976299844 -0.0516409751536539
0.0329607416467019 0.05998745434394 0.107643907197312 -0.0312946639337339
0.0468098851946754 0.0284927118054239 0.127482542647025 -0.0458909274891186
0.0465802864277817 0.00624443565932333 0.121386181220777 -0.0824643338041894
0.0414948912687746 -0.00802641549541267 0.104166405809482 -0.0894234867061028
0.0347041796708664 -0.00648147282539366 0.0905134361509264 -0.0563450933021499
0.0343142778716124 -0.00848510400475429 0.113863420374533 -0.0135754982593449
0.049243548097639 -0.00550199740455674 0.120062286289147 0.0426262000923076
0.0609329220659939 0.0152228611486808 0.0962248346550831 0.104393864732672
0.0658064760890855 0.0472554890791575 0.0129395835795676 0.125184795182964
0.0244591138249862 0.0867394896717053 -0.0411448645318879 0.0778783476665372
-0.0339014778752039 0.0917665783342753 -0.0290916404352846 -0.0142769223620326
-0.0478528136512016 0.071284377268381 0.0746014202280906 -0.0956774369310467
0.032591261098495 -0.0044698398631825 -0.0799980460195734 0.118148467860356
0.0304971344047032 -0.0381906064451032 0.0344208801580466 0.0439900786465285
-0.00611787055725288 -0.0530962497930241 0.0542758171571467 -0.0805030356361597
-0.0335968727405717 -0.0191193599285514 -0.00276950791238186 -0.149133475635122
-0.0208688547669707 -0.00301373464756882 -0.104544386115945 -0.126062881975151
-0.00646117332796668 -0.00463663353834893 -0.147415642125827 -0.0560825639956515
-0.000511265844282654 -0.0115897488097234 -0.138586850832632 0.00887184232201734
0.00890669991108704 -0.0142367490991147 -0.120228034081298 0.0616734645427959
0.00752122574388365 -0.0169783831285453 -0.112067427514014 0.0982428251372381
0.0103066629084778 -0.0143080631017454 -0.127020043782034 0.101538227541609
0.00564334401206524 -0.0060426569620849 -0.140173466910092 0.0715165352409446
0.00304560319903331 -0.0214498500113603 -0.131489696855959 0.046240481894394
0.0320255524106822 -0.028948965811797 -0.119117164069211 0.0514748063042774
0.0567054531918653 0.00351819116306241 -0.115562343807049 0.0840374350643976
0.0379813274250574 0.0237001006030366 -0.0799271219219794 0.200493236525538
0.01008405375375 0.0594224366460392 -0.0932716815576957 0.11028782033239
0.0219055929128201 0.0275780983019122 0.0350488753289249 0.0405877351774533
0.0175375874464698 0.000433665188187498 0.0607432537024515 -0.0840114876579317
0.00834957420272937 0.0147776034892165 0.00709228622139312 -0.15247569870691
0.0272340746540561 0.0124882990539015 -0.0927675225219141 -0.134178721997583
0.0422604227632096 -0.00776233079027826 -0.133865281886631 -0.0696997369612041
0.0430412446484581 -0.0282324576806134 -0.128072486809244 -0.00378869414156685
0.0523375909486085 -0.0299972534737362 -0.109502815034203 0.051392881441488
0.051071168002113 -0.033609265305039 -0.0933248038341637 0.0939796465486105
0.067137619841066 -0.0201257051749954 -0.103938896659191 0.112717486043722
0.0635022141390129 0.0152035361014084 -0.124065179843135 0.100661505422736
0.049273873979556 0.0260727552819841 -0.130659676362113 0.0740026478275932
0.0476900723534537 0.03434645065036 -0.119986945360217 0.0651228944771465
0.0406754656815165 0.0746207615156821 -0.100275563674033 0.077368973485093
0.0138110119081099 0.10027929583469 -0.064384953222608 0.174979037999287
-0.0195214759557089 0.113941438556185 -0.0887505040803069 0.0831974979631146
0.000397034138141859 0.0944491420605676 0.0484524798967038 0.0323449483435113
0.0308587003400736 0.0626939938482448 0.0801569842205889 -0.0880834589420851
0.0493669670185657 0.0573559015350992 0.0271027603985725 -0.15373054101881
0.0752544616906983 0.0333814326442369 -0.0678068407806721 -0.138379824617106
0.0892251270036486 -0.00537094519279797 -0.103646120666677 -0.0815251397996474
0.0830547900710479 -0.0394233150928752 -0.0988999943188261 -0.0214465741864074
0.0866337484699892 -0.0428163069612526 -0.083355672080766 0.032123313493547
0.0832710706129521 -0.0480191680325535 -0.0594594839633006 0.0802525348343129
0.108850236858408 -0.0341962510744974 -0.062257075490127 0.11545901707759
0.112492805792209 0.0175443641525792 -0.0839311572165887 0.128515984926737
0.100349054707003 0.0490029467365545 -0.1126121527105 0.111645196930583
0.0758474432327603 0.0815755856285054 -0.115223172213143 0.087790491161859
0.0371150886215209 0.132438302644836 -0.0903140570336451 0.0661212695718331
-0.00269988466612732 0.161004867880636 -0.0440386474848341 0.129347393511091
-0.0501137694343765 0.151452985740755 -0.0695175508295186 0.0367527264229648
-0.0276858371396167 0.149504064639819 0.0682682650862158 0.0155108036379365
0.0328252199124501 0.123169918820996 0.106270822657127 -0.0859165160741679
0.0819356560092909 0.101862167029745 0.0559041583049105 -0.143159664825098
0.114825818743177 0.0562337377479231 -0.0271521349152347 -0.132394273387055
0.126423506251683 0.000679483197955311 -0.0580137465028994 -0.089825676139612
0.112330698826183 -0.0437764439009551 -0.0560574661512697 -0.0410864974139122
0.108388697174197 -0.0487011326078054 -0.0470620931731131 0.00894790815080293
0.0998241374190992 -0.056733526192915 -0.0178097554856609 0.0587538285928502
0.130042618165119 -0.045805747859786 -0.0128864889140953 0.105171154207234
0.141997419912892 0.0104233927611056 -0.0306460448875788 0.139825288337085
0.138748557767588 0.0535287820564542 -0.0802368517192351 0.1397625297331
0.101754573044054 0.109415035943893 -0.10350747541837 0.106763561956184
0.0366193036166759 0.169120077381649 -0.0837326497453013 0.052321161566764
-0.0147159431439893 0.1978216943984 -0.0212204587589218 0.0727734958488596
-0.0730372915854248 0.164210809933406 -0.0374312871198281 -0.024249051369643
-0.0571237015975534 0.179882671443626 0.0870268934686128 -0.0126254610537701
0.0217406246539407 0.16540633283881 0.125188268640647 -0.0780861891549069
0.0963624229439711 0.135080286105841 0.0837225366397948 -0.116875610135764
0.134649772724812 0.0738637817683197 0.0234096230738461 -0.112037629325619
0.143406322616454 0.00810683478819951 -0.00128871430867127 -0.0916734018881104
0.124741121765195 -0.0418912831854238 -0.00449091009942889 -0.0592516068002121
0.113368442968544 -0.0478508643927042 -0.00494012708144238 -0.0153080574899669
0.102076349946797 -0.0560792529063904 0.0253046158862537 0.0329715529235711
0.132040978094981 -0.0481304183827727 0.0342128366044842 0.0848635059091141
0.148579653392463 0.00595171880714693 0.0194715967928914 0.134260192753334
0.152679581055431 0.0529246182775359 -0.0445690031429479 0.149710183975091
0.109918774019326 0.122881128098719 -0.0861714415188321 0.113134358007721
0.0282331283720387 0.183487654240072 -0.076688993721572 0.0337512511396998
-0.0267149693787538 0.2046807677522 0.00120086318581512 0.0137983084549969
-0.0824116016224738 0.14862668085067 0.0015074381328302 -0.0894345924523625
-0.0773749513266596 0.174450018675823 0.100578091906252 -0.0498913289684869
0.0024139568934704 0.171974436315102 0.131186345807961 -0.068482685342643
0.0885660528322599 0.141152650328007 0.101786412396344 -0.0811294595414422
0.128264536951806 0.0765544163473188 0.0727839865909309 -0.0822174142154177
0.134874998841393 0.0118400203585473 0.0560558320800821 -0.0879337474793129
0.116335150266339 -0.0354994444093891 0.0461833474905879 -0.0746819258104935
0.102035065170713 -0.039736438460345 0.0369415395527725 -0.0367271252050332
0.0909263701040619 -0.0463831551368889 0.0647975045221707 0.00873455574834159
0.117482099545653 -0.0387410600701671 0.0746354728281258 0.0626869053748049
0.135432000110762 0.009505192025165 0.0592842054631871 0.120729097438191
0.141080957302655 0.056663811617957 -0.0159510246786611 0.145131376247144
0.0942263489876474 0.126153890647909 -0.0690242808497071 0.1060577610758
0.00745160897950697 0.175512697571091 -0.0649636507921411 0.0127418182891141
-0.040611376271185 0.184221011721822 0.0262447218530655 -0.0404621371262074
-0.0765222990739095 0.104776064885892 0.0360703561607498 -0.15039933718611
-0.0817882539728884 0.133428976896752 0.105284838790089 -0.0859810976305378
-0.0147332890473186 0.14059012173303 0.126132160414303 -0.0599822109979403
0.0647372938701716 0.114054661257183 0.109128505279173 -0.0487252869556273
0.0962851147514276 0.0600996066797763 0.111652697508883 -0.0557788564003994
0.100004418695253 0.0104122330823735 0.102442821201146 -0.0851007229718548
0.0869303357863972 -0.0240007199440589 0.0859007733925337 -0.0868315885159016
0.0747607673735745 -0.0260127113864162 0.0711584867694868 -0.0525128864626351
0.0686951005900071 -0.0297286879947863 0.0969478811021439 -0.00853722081307916
0.089766633609715 -0.0223543216984088 0.105861326647547 0.0480204305763775
0.105252189941202 0.0151153423417378 0.0863191910668049 0.110726326866003
0.110495042769177 0.057472229850186 0.00280163296053626 0.136927121409193
0.0623973228426212 0.116154714753343 -0.0539042411409872 0.0925671770666387
-0.0174943487583973 0.145781462112052 -0.0479080383155836 -0.00576554723466721
-0.0501913539832715 0.13805162722409 0.052169728921149 -0.0800215620631322
-0.0584761882618251 0.0414288194431461 0.0593924984105861 -0.192981596248823
-0.0693390625790215 0.0692953087319408 0.0994746086988168 -0.110093720815784
-0.0223833173755295 0.0835736376171644 0.119803048694139 -0.0536468372973728
0.0344117031132021 0.0620667314132787 0.11329461816136 -0.0322079812685263
0.0491402647021561 0.0284659159837213 0.133885167031618 -0.0473654283471624
0.0478286468546901 0.0052256168242332 0.126626390641173 -0.0882278674061429
0.0430695327799466 -0.00883688384022373 0.106702903121893 -0.0954871301631179
0.0362707263955323 -0.00756356895248774 0.0931211337976224 -0.0601014978933187
0.0360089507411271 -0.00894931767599888 0.118164299118612 -0.0159052599233779
0.0509915199632111 -0.00621220041697224 0.125881060882738 0.0437263139810101
0.06417499722842 0.0152330789825498 0.101806219886698 0.108807907723316
0.0689173401481373 0.0480659999074153 0.0138602599166449 0.133082726070105
0.026297079656347 0.0908521262802055 -0.0422182704680012 0.0826642233402344
-0.0348499975766537 0.0968827882364021 -0.0307047659212158 -0.0145913476837741
-0.0494833080017692 0.0738599294931638 0.0748764896091183 -0.100258448170392
0.0334933388819113 -0.00529921139108879 -0.0784471669498846 0.125332270848809
0.0305096189148592 -0.0408755042971962 0.0372195267263408 0.044373794004853
-0.00859653610995449 -0.0549377631568873 0.0534696592383845 -0.0868583263698878
-0.0352731808291771 -0.0188662445685331 -0.00945651611361677 -0.156745506918242
-0.0220409234931735 -0.00199165435920315 -0.113788024135667 -0.128233116441561
-0.00701740123590111 -0.00453715882623996 -0.155557860493551 -0.0524990997821626
-0.00077635182614131 -0.0118357230386146 -0.143696498791895 0.0156882998034451
0.00866694689989288 -0.0153894997870594 -0.121862198072462 0.0697027145051331
0.00642377894054198 -0.0181287254351305 -0.112253867287085 0.10756745886412
0.00980009824933725 -0.0156286320794672 -0.129413213998583 0.11178432403085
0.00574022473564506 -0.00632622900301234 -0.144685581991197 0.080632746545102
0.00224248908808306 -0.0223837464024711 -0.135874329241505 0.0525418788156166
0.0326474426915714 -0.031242374686669 -0.123246434744196 0.0565410461759528
0.0601400711913536 0.00198758408251684 -0.118340096888969 0.0916228287814134
0.0403896801861244 0.0244012758204269 -0.075785600193984 0.212967627337761
0.0128220570087103 0.0620024285498688 -0.0926048448170739 0.117983104516066
0.0244195147414605 0.0286476023492969 0.03778440717652 0.0413042247323878
0.0178825824770602 -0.00139574897572547 0.0604162607165778 -0.0910898371934349
0.00963013489567986 0.0150838247410362 0.00129927441706743 -0.160730895241256
0.0290427019344237 0.0120166461995955 -0.101024264491203 -0.136922214304177
0.04371540563734 -0.00971305628675247 -0.142057130627665 -0.0669575784424481
0.0440431148555727 -0.0308557771835229 -0.132899627031916 0.00173639378575947
0.053259229621988 -0.0342460969767908 -0.110983738417342 0.0582694116554799
0.0520219635444677 -0.037006759450885 -0.0925684774714149 0.102463602215674
0.0690765157197779 -0.0247106482546337 -0.103965724434407 0.12326777949492
0.0669098489599007 0.0136548730080168 -0.126063078543716 0.11062531820969
0.0525933109637813 0.02509007122501 -0.13429650912487 0.0823324066376359
0.0509492795213794 0.0341048757238643 -0.123133000632501 0.0704387956006179
0.0460212326522035 0.077304641299997 -0.102924218366809 0.0834179260618318
0.0177403673455291 0.104829070605008 -0.0604621485830315 0.18578286729227
-0.0157934192253575 0.118749979603964 -0.0886985306883061 0.0893799883492219
0.0047884998635017 0.0985543426412562 0.0518497584450907 0.0321580014823101
0.0336602189944333 0.0628908742572905 0.0807184551550501 -0.0951930041444424
0.054272659447533 0.0572914629757988 0.0225055065259818 -0.162086343411048
0.0797673213396321 0.031886580178963 -0.0751937801995972 -0.141677951981267
0.0924927528144892 -0.0102194631243412 -0.11157302396926 -0.080705451832446
0.0850475234257207 -0.0445882716896076 -0.103598253000376 -0.0185746917721032
0.088782809550642 -0.0486962310526985 -0.0857108053719684 0.0377016683212901
0.0850428366192153 -0.0541704367706572 -0.0579583541050515 0.0872462659705358
0.111642787433386 -0.0406851481049395 -0.0601485286488384 0.124449029712551
0.118891836593219 0.0138334299565057 -0.0828353047312253 0.137996986378705
0.106674838930347 0.0463718580531247 -0.115186734844256 0.121376472404548
0.0827274625874141 0.0823974204793866 -0.118390714640861 0.0940413067674808
0.0446321930628344 0.137817210168838 -0.0924117318312447 0.0715003295475361
0.00315723701513816 0.1685801591001 -0.0408121080592933 0.137296000226362
-0.0460160471764457 0.159178365936536 -0.070087337043721 0.0406744361617012
-0.0227180870886163 0.157973465926411 0.0714395967193055 0.0151423725919193
0.0384950919455478 0.125876683824529 0.107948518587477 -0.0939421332290231
0.0895832288128973 0.102874200630682 0.0538687338339409 -0.152356056499041
0.12213195527883 0.0538679008855521 -0.0318726191951408 -0.136142456617307
0.13121594446882 -0.00494992692711005 -0.0641017919609009 -0.0915611831625802
0.115413004246626 -0.0504080348237154 -0.0605681012056029 -0.0410090776247446
0.110972740900333 -0.0557704128509788 -0.0485018039685206 0.0114162086437495
0.10224752113477 -0.0631398534673005 -0.0154728431947602 0.06216789312033
0.133518785546939 -0.0538945088558536 -0.0090751873834234 0.111677715425331
0.14973358984711 0.00484542182582638 -0.0272370484964436 0.148269457765173
0.146490671093915 0.049199182321898 -0.0792222569094344 0.150154063016663
0.110431405595176 0.110291493311538 -0.104951729909668 0.11394410138044
0.0452813200260391 0.17591170061955 -0.086077358988171 0.0569590586260368
-0.00753232512736671 0.207008917398073 -0.020454283919116 0.0768475300147707
-0.069630213696708 0.172737561548462 -0.0389369383541759 -0.0237766611982882
-0.0516194653053654 0.19065206482814 0.0898806330909541 -0.0152035409443527
0.0277081383200464 0.170919122934723 0.127832183860109 -0.0859916410912175
0.106126200767951 0.136412913126988 0.0843669800398398 -0.125307960480765
0.143753890281176 0.0715246123456197 0.0214400702428478 -0.116585328365919
0.149715566270826 0.00182540272467354 -0.00508837522099161 -0.095427452249025
0.127826368679524 -0.0495667090299417 -0.00772079054015451 -0.0629423964083445
0.116278894817974 -0.0557948352084561 -0.0058469165931872 -0.0151471485505976
0.104668287839176 -0.0625422115372232 0.0284302578594054 0.0333601079849379
0.134925635575996 -0.0564220573297498 0.0397605150069606 0.0882621278145856
0.156779878038772 -9.50375117535641E-05 0.025813540310818 0.139936960717321
0.161327962634426 0.0486866025150605 -0.0416971212182493 0.159738280678107
0.118975036506424 0.123737511991148 -0.0867276407206767 0.120403530309182
0.0366620996798488 0.191243234021669 -0.0792584901776867 0.0375571053525326
-0.0205004057232755 0.214613521070855 0.000825455249093282 0.0150419793539421
-0.0801974806734873 0.156377134633061 -0.00114121016642277 -0.0934203029634
-0.0741007278816886 0.185714363384162 0.102727847496624 -0.0540688918986791
0.00766541105404833 0.178320491197898 0.134300367016211 -0.0753955435852198
0.0975967042011899 0.144001682445393 0.10408049376553 -0.0880990259633708
0.137223214024503 0.0746707292741793 0.0742313286899597 -0.0870733341722257
0.140403276081641 0.00624355374831081 0.0556898701785817 -0.0940528132305808
0.119141329692552 -0.0422907348131855 0.0437853143534403 -0.0817084481388292
0.104373098235425 -0.0467202645271707 0.0364002571192062 -0.039741289130641
0.0934135911934361 -0.0517459747326261 0.0683536733250527 0.00606518713409728
0.12052945895513 -0.0456517204504595 0.0812166283146036 0.0631451760047495
0.14237849038189 0.0041562179895411 0.0673363073044192 0.124553953671051
0.149668003776437 0.0520058261891914 -0.0115765901116619 0.154567502509785
0.102935137517728 0.127756078724935 -0.0677285429836592 0.112926765370278
0.0148879917636511 0.183471237684285 -0.0679521326125888 0.0152895887947088
-0.0353522043207405 0.192903855430852 0.0241702151408182 -0.0427505115269529
-0.0760414583816346 0.110708498463087 0.0325558825788151 -0.158600517945259
-0.079891421216055 0.141964414341016 0.105945156629794 -0.0922580416141616
-0.011339383253263 0.146714286213566 0.130089981614977 -0.0661150607678119
0.071502971991286 0.116192108161788 0.112706230744192 -0.0536893863583732
0.103189836898892 0.058125137967572 0.115454982234821 -0.0604086907706672
0.104280295478147 0.00607927607467148 0.104000936914658 -0.0929664668303168
0.0890604038152614 -0.0290709181455088 0.0845463354916137 -0.0958247595155702
0.0768895740640159 -0.030632884109604 0.0713270272440233 -0.0573626856232246
0.0703419030374802 -0.0333278121750451 0.100636941112303 -0.0126683991246231
0.0922848635663816 -0.0273414959678682 0.112774111836444 0.0455272587766246
0.110755031437618 0.0112683674551151 0.0950558720595251 0.112919031754687
0.117384191352036 0.0542990162106345 0.00828931086035605 0.14480279655806
0.0696177935141238 0.119319416333682 -0.0529216655048126 0.0985155479389565
-0.0123053464036315 0.153694766094497 -0.0501679288956909 -0.00401277862650436
-0.0468710075738935 0.145112207717984 0.0493905437566571 -0.0848148723659355
-0.0593518566604113 0.0441054233542202 0.0546173899848516 -0.203792254431387
-0.0699895920397574 0.0751769921490309 0.0989832323691097 -0.116848779946136
-0.0204387873778267 0.0877244902541036 0.123303371491937 -0.0589536719341414
0.0378842210372107 0.0633929016238771 0.117791531190291 -0.0368265009680942
0.0523758944642502 0.0271357384705367 0.139316020547501 -0.0536989030554752
0.0494065644737693 0.00326567530708823 0.128546785313754 -0.0978341470171364
0.0439106063178415 -0.0114140692600057 0.106151898043989 -0.105903675753446
0.0376233759179409 -0.00955642029611809 0.0936110622678668 -0.0663508230409465
0.0374611705712481 -0.0110900187941721 0.122206849182339 -0.0215408702805423
0.0529021898112741 -0.00842422674353399 0.133356868295838 0.0407402772621322
0.068034238495585 0.0131323575590733 0.110824559046669 0.109854514117944
0.0736116783394447 0.0469850171855573 0.0195462239720228 0.139968754080933
0.0303536593544765 0.0933432161814 -0.040525550257242 0.0883110325038677
-0.0328612631336629 0.102409638770951 -0.0325209795608891 -0.0139521332784816
-0.0488487569441252 0.0777804041236627 0.0716552907526319 -0.106952839341884
0.0350215995079116 0.0103712015400446 -0.128880393251255 0.0785454791365797
0.0470434243365051 -0.0245035273720507 0.0124880939137374 0.0591111070221813
0.0155146058391916 -0.0543681404112903 0.0875628374718462 -0.0546910219301486
-0.0248616664434871 -0.0313494797513566 0.0625507857865204 -0.14888714857064
-0.0204588098049564 -0.00927911083981358 -0.0461401127225264 -0.168960543342157
-0.00499698379642137 -0.00567452001118514 -0.118176457698635 -0.118586389465247
0.00335724675631657 -0.0107424493706159 -0.1384329121553 -0.0502760682018374
0.014876499672269 -0.00960244592352562 -0.141171817712263 0.0101957535372674
0.0138925815112616 -0.0124016989360849 -0.148653256446818 0.0498688648577677
0.0154265163604982 -0.00893314204709394 -0.16697942440825 0.0457193778208321
0.00813127797535076 -0.00241302214123798 -0.168569263591056 0.00830640367516249
0.0102522347978319 -0.0172613762163067 -0.147355554188551 -0.0163896095548301
0.043006792295421 -0.0124717969993505 -0.138730639154038 -0.00715612698287598
0.0529701707696891 0.0310705067386251 -0.154398027834159 0.0277815358871987
0.0261672256329299 0.0424186995754729 -0.174193484174245 0.1587032004291
-0.014899824196564 0.0627754927654472 -0.136883528013808 0.0659981959383895
0.0102402687320466 0.0369480094746808 0.0155891769323135 0.055298092398379
0.0150313308839266 0.00623294370405502 0.0955705751342465 -0.0568631153484133
0.00144290567333066 0.0186890991967582 0.0747930715151289 -0.14893833232675
0.0199015159073989 0.0268686335339947 -0.0288563241801468 -0.172490745777386
0.0439191410455124 0.0118626232991989 -0.0991616500427267 -0.127240032516987
0.0534762647752539 -0.00896618118146418 -0.122180030698695 -0.0598667940947643
0.0649842565515284 -0.00725650538472019 -0.126007152834958 0.00389827300774453
0.0640831810871984 -0.00959285716471821 -0.128559885175332 0.0540581005132589
0.0740126212982564 0.00846407075791741 -0.148576624250397 0.0678851777261512
0.0568733375920141 0.043577265056231 -0.164583974864104 0.0467740072501216
0.0350107343833744 0.0479810089292573 -0.160146790175999 0.0141799741995121
0.0299710041013717 0.055730799470128 -0.146481273686356 0.00604260495308565
0.00631405093058397 0.0930972803812287 -0.137508201544798 0.0269140025783748
-0.0302083743636595 0.105271633586815 -0.147796258981484 0.140581414059492
-0.0672590089886956 0.101698398473957 -0.119864260025745 0.0421593828946017
-0.0401779256713666 0.0929979604713785 0.0342509501469445 0.0515414854981679
0.00040408917989309 0.072559837984835 0.118492812502737 -0.0528769561982063
0.0228665207385844 0.0776073384100403 0.0970243806440595 -0.14164693531253
0.0570529867035275 0.0676255936195362 -0.00191899037329528 -0.167345519909322
0.0890866883476151 0.0331383771657745 -0.0653923192039117 -0.127408281450932
0.0974273220769951 -0.00362015693846844 -0.08683481243952 -0.0655803569550854
0.10477054348226 -0.00476358223218473 -0.0936628561683374 -0.00410413083846572
0.101936635365219 -0.0108393646174021 -0.0900257105110067 0.0548015703525393
0.120841447969064 0.0119402472107327 -0.108836474569326 0.0894438992788461
0.104731924607327 0.0661892518258848 -0.136534274430223 0.0929188226633178
0.0752616505923543 0.0922796347209798 -0.160303698936624 0.0611618480859474
0.0359627344548981 0.114467509257201 -0.153251262095464 0.0317296926272875
-0.0226400086769036 0.147442591403956 -0.124173223238745 0.0207478978137953
-0.0721558499949359 0.156971210717135 -0.107333024056822 0.103948500743129
-0.114169320278688 0.124412832580023 -0.0789241216898923 0.00680163892265216
-0.0931426839350181 0.135189017876218 0.061807580450187 0.0433974286157802
-0.0248179721609495 0.131958592061543 0.144186294631361 -0.0395577606904637
0.0345018632720783 0.133478820461002 0.122777692915261 -0.117969006284645
0.0851425618176142 0.106361206552583 0.0367619162190434 -0.144218608210797
0.12233480099472 0.0543725436428589 -0.0168817618634326 -0.116611424881481
0.128002293649006 0.00458760445408752 -0.0371087899448848 -0.0671990760107036
0.129052846425954 -0.00194141223278669 -0.0489199153476587 -0.011505237462979
0.122464660852765 -0.0118749944298442 -0.0404634943798906 0.0504875113135478
0.147020000000734 0.00840447756597118 -0.0560993255775738 0.100228322187218
0.137510412753978 0.0716043214748543 -0.0892365643967596 0.128005883617328
0.111180820284657 0.112388571339531 -0.140509223461112 0.105580529538291
0.0491532089553677 0.152689060814231 -0.150868382979375 0.0575084178734646
-0.0391732969818648 0.183199483987934 -0.111168268792643 0.00988961697097104
-0.0996266193820886 0.186014746169353 -0.0601336291399744 0.0581538193430617
-0.142828792873269 0.126325781546014 -0.0194450379512234 -0.0379651060266139
-0.135709012949769 0.152796717738124 0.0934512412293685 0.0250352065272192
-0.0552625383981275 0.168870515050983 0.160301268118016 -0.0231065730173019
0.0338015013453189 0.171321947995581 0.13973341992357 -0.0798256334081723
0.0974127829518396 0.130946901117082 0.077634454399106 -0.101971696738007
0.135810215864771 0.0680000734326213 0.0393717866903762 -0.0935125258303992
0.139823882085535 0.0106597131018674 0.0206279158765794 -0.0639661389721123
0.134404427763268 0.0010004041063744 0.00161912935277653 -0.0175196763971303
0.124384175279074 -0.0113790315788714 0.0114589709722773 0.0433836065788375
0.150006173345106 0.00703784750056748 -0.00110400850849064 0.100235853271678
0.146947470103165 0.0697973655704496 -0.0369273688866111 0.144642870733476
0.12535871696176 0.11759770148168 -0.110111935665671 0.132556299764802
0.051245785397626 0.169524206771339 -0.137263028698719 0.0726565843405214
-0.0535135172981841 0.192671244991286 -0.0958290607406529 -0.00543861179958621
-0.115070763873573 0.187088714114691 -0.00997867660194901 0.0108775972863544
-0.146512274070326 0.107026840380903 0.046780353974379 -0.0843117021365679
-0.153891430066913 0.138084600119744 0.12380655563186 -0.00454719301014704
-0.0774625506413995 0.16725229364959 0.161946838324492 -0.0096635681081046
0.0219857411167983 0.173316378127439 0.141344735047455 -0.0351131857073701
0.0895065481845474 0.129832142507832 0.113415128218603 -0.0501813286690962
0.124583042861029 0.0674939025569619 0.094237926724228 -0.0640078959034935
0.128599962814877 0.0131600231440554 0.0765224501037767 -0.0572530683224349
0.119465676097205 0.00379014014298653 0.0503174652206042 -0.0206563941073514
0.10944618871664 -0.00645935306164942 0.0601967171679336 0.0361126166185803
0.131381755770613 0.00968477239190987 0.0472454575034773 0.0951162639815636
0.131816466347615 0.0669945154613326 0.00742933377540873 0.148806124470381
0.113630494388692 0.115225453449097 -0.0799065718953001 0.141459364470075
0.0350039505909872 0.165586111771257 -0.117097082949974 0.0744140889613206
-0.0702674447524747 0.175469244176916 -0.0741336710752671 -0.0196635142977071
-0.118857636640892 0.160695906805713 0.0395785411346268 -0.0305893280072099
-0.122697815393064 0.0663697458407118 0.106772605811948 -0.129522666944852
-0.139719602640278 0.0956232036579653 0.143269970285267 -0.0368479055288755
-0.0804646806950704 0.129152458163971 0.153344723038638 -0.0019437000418424
0.0108749328690207 0.136761541748195 0.132333423469101 0.000476794050541637
0.0664959241073589 0.0985769766997915 0.138708883686584 -0.00603748552928024
0.0912494206581332 0.0510641202845541 0.137864608873892 -0.039516249412297
0.0951506916260621 0.0114908326953321 0.119668813159431 -0.0520184108008847
0.0859013503611981 0.0055124268640241 0.0901963995204975 -0.0213755832054156
0.0798572136270242 -0.000378125885223373 0.0975943431693305 0.0328964916808322
0.0974777209665331 0.014411908625323 0.082689402592791 0.092659056524576
0.0988177785557598 0.0593916136725162 0.0379812014098857 0.14955053712081
0.083768110803955 0.103105648999149 -0.0583918036874602 0.140838531897504
0.00792507658389116 0.141256832626019 -0.0962082588554386 0.0684334464643781
-0.0811811253165307 0.134925160412488 -0.0476493665248012 -0.029659913161227
-0.107759146795093 0.110919246987159 0.0831142066627955 -0.0563850819819147
-0.0774521322861918 0.0133351085371057 0.146017668846936 -0.160884614276891
-0.100491697638829 0.0376993250118626 0.146216668630453 -0.0612878929344745
-0.0621717764991489 0.0701764640141975 0.142137322634984 0.00314006100071385
0.00387671102650072 0.0737233634423354 0.12780167605575 0.0201246674074618
0.0333544969381708 0.0465150927750133 0.155266332122385 0.0131486693247308
0.0420465826350971 0.0233371446383836 0.162943793348422 -0.0319522978741824
0.0455005175419069 0.00775271685105662 0.142728508151627 -0.0498594263909451
0.0395805542039534 0.00810858505960464 0.11339823218614 -0.0190486525917043
0.039410750407204 0.00561396403616041 0.120517841453449 0.0343087831684747
0.052801237317661 0.0144492795638789 0.103401187980159 0.0966997346788297
0.0579367882117597 0.0414778654851141 0.0527314227257068 0.15234167948978
0.0470823389089748 0.0767390433845327 -0.0461591490241677 0.140751697235455
-0.0154472330248492 0.100506893988919 -0.0806198597007135 0.0642097328808749
-0.0765898305854233 0.0790545961048691 -0.0255376251800838 -0.0303887090274141
-0.0789319803765933 0.0478942978756709 0.115033976127208 -0.0643665121630631
0.0352791084385858 0.00965806877708633 -0.124704868954731 0.0837657733946592
0.0465374129909814 -0.0260366908123981 0.0148846208622356 0.058828593478377
0.01263520652815 -0.0555038309120827 0.0849886326595964 -0.059445513268375
-0.0256367132255993 -0.0302183945989519 0.0554452215848632 -0.153789942142586
-0.0207015972112798 -0.00783095778606263 -0.0526300633333608 -0.167561858640869
-0.00511756015951838 -0.00510752253695623 -0.123840196893359 -0.112292023595238
0.0030158133996945 -0.0104078661044141 -0.140764870612526 -0.0431270629680948
0.0142947003980135 -0.0102898515037023 -0.139650351917693 0.0177157795607935
0.0130082385043978 -0.0129789352658907 -0.146176946898861 0.0576481644283857
0.0149628629418896 -0.00974095005538887 -0.16531877896476 0.0547884411472931
0.00845927635667573 -0.00230022549604203 -0.169158897678034 0.0162877756238006
0.00933514607170407 -0.0177997292985152 -0.148709775386552 -0.0105943787707837
0.0429768654791424 -0.014128176713809 -0.139418728300291 -0.00341948772094281
0.0553061085115004 0.0293271790414072 -0.153816230978092 0.0340020786026785
0.0282605644960863 0.0421705213219588 -0.166597514764957 0.166693743456939
-0.0119018349679249 0.0637078774868932 -0.133525983717653 0.0713564523402898
0.0125199637176254 0.0373268857323989 0.017499163701603 0.0552917405894265
0.0150555563809387 0.00485344467448112 0.0929482965058709 -0.0616122264226938
0.00331111769354289 0.0185114893179106 0.0685540553354498 -0.153364609089489
0.0211376910179488 0.0261600517609746 -0.0361713802871476 -0.172335182694586
0.0443282201023866 0.00943642815771463 -0.105500842062222 -0.122011842235939
0.0530038497499601 -0.0111773938150402 -0.125299573961123 -0.0530965181172051
0.0651671022869459 -0.0107713001197557 -0.125445665288878 0.00998778041495876
0.0635679271712099 -0.0127771721825003 -0.125369215194834 0.0607548928714985
0.074753433873351 0.00452581004961577 -0.145602732105814 0.0760875055467294
0.0592398039815425 0.0410388588398256 -0.163524445725689 0.0550704038320996
0.0372408427776615 0.0466870404136542 -0.160675408025695 0.0204217408072146
0.0327046966968873 0.054983297664377 -0.146294395696465 0.010220042428155
0.0115879961425246 0.094532321956459 -0.136822149030711 0.0317472590180139
-0.0255191444650609 0.107665424805661 -0.141879394332617 0.147285748788074
-0.0626937918805014 0.104631235090435 -0.1167427989569 0.0471037425448422
-0.035100878232015 0.0957106019962061 0.0359227922546534 0.0513950555233798
0.00335907996275289 0.0714549481323072 0.116015190972462 -0.0583113931254376
0.0269453941974023 0.0754977767022083 0.0912467794835762 -0.146726803473547
0.0605839890754944 0.0648017742757654 -0.00887630585880496 -0.166602473065051
0.0903227661941443 0.0283948355188026 -0.0713893497766463 -0.123972805720174
0.0970608839899863 -0.00826817543633579 -0.0894922394627059 -0.061491864959293
0.10467390584222 -0.0102511216206975 -0.0931024959205341 0.000866213141666505
0.101570400377894 -0.0157969478022181 -0.0872767042203964 0.0594693938169765
0.12120466534908 0.00543054439256898 -0.104871574328333 0.0958008533112128
0.108999726459159 0.061826428102655 -0.133120749735936 0.0999724881747017
0.0796694126244207 0.0887777730717776 -0.158825730154605 0.0686253574392782
0.0417806959978335 0.11316925062393 -0.152930671788715 0.0361421181813947
-0.0155230823488525 0.149731849260336 -0.123155524176108 0.0250475553557892
-0.0654202691470668 0.160433125503552 -0.103290723799208 0.109553147663744
-0.107913104800416 0.128666790164115 -0.0776219186361817 0.0098411767664081
-0.0861720995135621 0.140717258743415 0.063241347504114 0.0428892617759973
-0.0199490683028431 0.13263349950274 0.142663213223016 -0.0457457401645764
0.0411828451735613 0.131997013169978 0.118364379117925 -0.124079336954485
0.0906880969944028 0.102054860327184 0.0305862107170169 -0.145015257425011
0.123995838847997 0.0478038593023755 -0.0218565777169097 -0.115219588637306
0.128155359413082 -0.00228257726893181 -0.0398750371303223 -0.0666776378426353
0.12920863800913 -0.00871416455211617 -0.0492236208271718 -0.00846007541796965
0.122321094041941 -0.0181818902898277 -0.0372818076694662 0.0525832872637124
0.147122731204415 0.000662779460794454 -0.0511016415096107 0.104380093281916
0.142493872782054 0.0652109931781803 -0.0832824955317044 0.133634932375353
0.116642349398167 0.10685838499729 -0.137139434467125 0.113290330176867
0.0564628015763481 0.150902093106114 -0.149116320673841 0.0622911644658613
-0.0306036068332802 0.185722367085997 -0.111331447322333 0.0136609061401765
-0.0914243476083749 0.190676637389329 -0.0583080100422534 0.0609394535401017
-0.137041390159091 0.131263488125703 -0.0201806093774888 -0.0367621372372095
-0.128028671755178 0.160048604912054 0.0937886912468909 0.0226023942136102
-0.0487961097507552 0.169846579898501 0.159886574113924 -0.0290867698455407
0.0416671563132689 0.169527749986624 0.137326322404961 -0.0855641460056156
0.104135178797661 0.126542327951148 0.0745138716863726 -0.103872232844727
0.138266628321696 0.0612431283546418 0.0355653672272745 -0.0947742800467591
0.139359228330079 0.00363647934514617 0.0176924953514266 -0.0660975506065579
0.134228866595367 -0.00620963139068698 0.00062326073777325 -0.0172428812381955
0.124359425583157 -0.0176804756438294 0.0145481774885215 0.0426818847707262
0.150233495483706 -0.00118758854564097 0.00303257579863544 0.102157599972913
0.151369210679206 0.0623230465221581 -0.0298245612948741 0.14773240884771
0.131387517707697 0.111299171157129 -0.104825160953857 0.139273872795648
0.059031965221113 0.167447737162343 -0.133975165355856 0.0778223268867425
-0.0450286099907609 0.196036911024838 -0.0963112130526939 -0.00144821238368625
-0.106638342850152 0.192181674226933 -0.0111369171445826 0.0112891480360263
-0.141557730001209 0.11243488978477 0.0439708855891972 -0.0868055837039944
-0.147640512935161 0.14572209740132 0.122548351495025 -0.00801395144094322
-0.0711685052542615 0.169374701079356 0.162235191007176 -0.0158679762820772
0.0299959118496029 0.172269752586896 0.140432167972056 -0.0414206482617067
0.095778041834116 0.125250811516209 0.11195596485701 -0.053232991359194
0.12756042112939 0.0611193450817036 0.0921418173462746 -0.0680797004222345
0.128638971196389 0.00660176316356498 0.0730370160815322 -0.0619250137427298
0.119537732944978 -0.00282540205478052 0.0490245855623221 -0.0227109235596698
0.109063421858711 -0.0120536118442597 0.0622553020289273 0.033108925133726
0.131697239156877 0.00332449595854971 0.0520537855406019 0.0940518168884718
0.135892735661445 0.0600132324720406 0.0151630832002562 0.150203825467671
0.119274318442299 0.109183830238251 -0.0743943339861837 0.14755685316215
0.0428525595433509 0.163909336911416 -0.113898289537974 0.0794718482071015
-0.0624843570638296 0.179728734438009 -0.0745826438037903 -0.0172827142380983
-0.110934684682189 0.165249061890363 0.0358790559129883 -0.0323065941387876
-0.11909984919175 0.0707751440966875 0.101931759840831 -0.134019925906329
-0.136020427810842 0.101884596599273 0.140384519190913 -0.0411999723145366
-0.0753518211308629 0.131649761721104 0.153478787685696 -0.00754068092512463
0.0164331318998719 0.135858994832129 0.13328337918577 -0.00445854217822424
0.070725025630763 0.095362916442004 0.139245580757427 -0.00990755414627667
0.0927889740028312 0.0457572902055284 0.137317240267761 -0.0458380904390315
0.0952259503513295 0.00677612215498606 0.116354734384049 -0.0585891774701743
0.0863547102021729 0.00119760744657159 0.0881870281999476 -0.0252371551396197
0.0799750316201973 -0.00449077643546069 0.0990267118024723 0.0277751152982223
0.0980578429940245 0.00920548811221365 0.087191923300898 0.0901498050206477
0.102379210313449 0.053876254926488 0.0451138817557744 0.149218322644649
0.0885317413204454 0.0982034867021267 -0.0524063761672658 0.146059561047491
0.014695019486587 0.141376592800237 -0.0932437852679585 0.0729180173840205
-0.0748557903452051 0.139567815777074 -0.0493484227452674 -0.0281406575144506
-0.102295021040665 0.114215057143306 0.0777686249814064 -0.0598399808303089
-0.0767679151023645 0.0150690796693538 0.139047353898642 -0.167825960052453
-0.0986708257282751 0.0419316529497499 0.142927746614243 -0.0656719007526543
-0.0594192748144308 0.0728520883799159 0.142671056491344 -0.00116800730845366
0.00672205507162973 0.0733756216932832 0.129057378703289 0.0156097982014923
0.0353204793309981 0.0443951989473603 0.156976138518769 0.0076490152599023
0.042408744500778 0.0214550036956866 0.162655557511678 -0.0394265930087376
0.0449477578510039 0.00528038284950432 0.139250164516351 -0.0579406829465173
0.0400508641348125 0.0057892102924802 0.11181057797539 -0.0245035375370933
0.0396032222394087 0.00389556346011679 0.121419463652932 0.0284704726221413
0.0535575044884844 0.0121680365947089 0.107777047071606 0.0919757368902074
0.0601321556765953 0.0386413680269425 0.0602947907426913 0.151217195349816
0.0509623784490714 0.0741505761338894 -0.0402062550439048 0.144314552365548
-0.0112077810327785 0.100888662186617 -0.0775943501066506 0.0679515178257156
-0.0730764172774064 0.0823733665639515 -0.0273000664107169 -0.0295646552627485
-0.0764603940301165 0.0500575024744888 0.109052896750991 -0.0693346158269257
0.0348754098097499 0.00902358985695458 -0.121007079055419 0.0863547412190863
0.04634021437051 -0.0266268410542499 0.0164161663623384 0.0589753973866189
0.0111565953511001 -0.0554652359730989 0.0820474309382104 -0.061729084189818
-0.0263938386942114 -0.0298207202204576 0.0510629888655567 -0.155346990972445
-0.0206838438233172 -0.00664925322092427 -0.0568219985530433 -0.165865117574597
-0.00572485353609386 -0.00447188362677673 -0.126427560243053 -0.106991737354546
0.0030387811920755 -0.0100421621846762 -0.140925856101216 -0.0379888911740705
0.0141358771976425 -0.0108411573816662 -0.137659753321891 0.021311839225895
0.0122655573380508 -0.0130136218935277 -0.142966956990858 0.062655642615592
0.0143170174179449 -0.0103840416174681 -0.16349413421853 0.0605151085874562
0.00872217765689873 -0.00225341701922725 -0.169270127638969 0.0207308835337972
0.00916294263684657 -0.0172922409005977 -0.148821777335824 -0.00787672103059868
0.0426506121895028 -0.0150650589878742 -0.139132455316821 -0.00143347967463897
0.0567511896050672 0.0281689180434443 -0.152464840340328 0.0372057310808003
0.0298666477292125 0.0421646725835431 -0.160615093180123 0.171058588822254
-0.0097492856170834 0.0631233265103042 -0.129661112101876 0.0744645732631158
0.0145662284520161 0.0372885500703344 0.018650576833022 0.0551932641055278
0.0151810360277154 0.00409151390347776 0.0901095887986374 -0.0645554206765033
0.00415865918538475 0.0176318711351319 0.0640355352693487 -0.155177681569798
0.0224589568009332 0.0252429656620297 -0.0405648262829756 -0.1703146416252
0.0443616935474916 0.0081125056847517 -0.108172938632181 -0.117732952317595
0.0523662025614641 -0.0128389756309128 -0.125609579919869 -0.0490208765865328
0.0645948919003479 -0.0130874826431612 -0.123608731108213 0.0138776722533123
0.0628459063596214 -0.0145763657923335 -0.122098108246559 0.0646888725834223
0.0742021469604755 0.0021039833437118 -0.143341224864693 0.081305673978527
0.0610772296950611 0.0395158808917442 -0.162043508071651 0.059688238230975
0.0385650767381904 0.0458868861230451 -0.160014177184119 0.0246665327175101
0.034082238964793 0.0537901964432513 -0.145922382000544 0.012184687776683
0.01491484038914 0.093915362470957 -0.136521193453562 0.0341378731550277
-0.0217468321394303 0.108594135977323 -0.136539138232412 0.150487291446497
-0.0585906598372851 0.105449497372203 -0.11381544374831 0.0499390315648746
-0.0310706790851228 0.0969202107605056 0.0368472655447674 0.0520807583368105
0.00509921684975599 0.0703296267584788 0.113361098754869 -0.0613451838687232
0.0293394926926525 0.0733957262839786 0.086992616757628 -0.149240338356887
0.0626029177478471 0.062394334503902 -0.0124454984373251 -0.165222262728842
0.0903238298937326 0.0252139653224144 -0.0743102414594944 -0.120748375673944
0.0961521593075905 -0.0115258651047809 -0.0911063082340045 -0.0589906711258173
0.104149015352187 -0.014038626534963 -0.0916805596632289 0.00375020311353023
0.100835236097342 -0.0192440384006605 -0.0837471281789487 0.0622297074053746
0.120726374348983 0.00119677571815414 -0.101210113104433 0.099774907511615
0.111549794829033 0.0578325838885293 -0.129956443980664 0.104129090868362
0.0820475168589706 0.0858761636395499 -0.156613261129938 0.072871861249329
0.0449172889930086 0.111297932347458 -0.151303234840586 0.0381218388979004
-0.0113667814653287 0.150280846604565 -0.122182438606177 0.0271159355251762
-0.0603886534501533 0.162144702007971 -0.100223145799727 0.111448594549116
-0.103628655606382 0.129763562123171 -0.0761733483475984 0.0118717817985564
-0.0809228237883304 0.14313454266441 0.0638535437286476 0.0429934642665347
-0.0166644330412208 0.131081549266611 0.140126108174253 -0.0490150699291057
0.0448116670195209 0.128678285012129 0.115097363918865 -0.127246633638965
0.0941305197170075 0.0983891718361353 0.0273525778909991 -0.144142527644762
0.124543059333622 0.0432470594033548 -0.024798305720106 -0.113319564247271
0.12628615275139 -0.00675787600329431 -0.0416045628305155 -0.0656145013536973
0.128163441967901 -0.0134576808810782 -0.0485497255651839 -0.00692121269322153
0.120768580323396 -0.0215565585746834 -0.0353830051052306 0.0537290581306118
0.145742820146386 -0.00410625015292967 -0.0476950307916296 0.107152913941492
0.144915395602509 0.0599957371061843 -0.0793983598689515 0.136371251448019
0.119099904780709 0.102583997100897 -0.133678844002061 0.117327795792664
0.0609175657291601 0.14845800335009 -0.147185887108903 0.0642954469990833
-0.0250143454760593 0.186872544084488 -0.110684460717889 0.0155056865012705
-0.0852077795170353 0.193345815455621 -0.0574020997210596 0.0621241723532423
-0.132677599404911 0.132816496962658 -0.0203724739320937 -0.0361961594000243
-0.12289898926986 0.162960629906251 0.0937752431380092 0.0223250516543941
-0.0444192504850275 0.169417957175522 0.15820121138212 -0.0328195147799231
0.0464941817761785 0.166859784937239 0.134894465705956 -0.0890402552842121
0.107113596062646 0.12245552106956 0.0721167867598246 -0.103883999884058
0.138716576252961 0.0561706978290112 0.0339798755481305 -0.0950375648621217
0.13838653417024 -0.00115345171215284 0.0150798047907427 -0.0671175422497307
0.132938867725981 -0.01151572901554 5.13889044559665E-05 -0.0166567382051049
0.123403016041411 -0.0214535701690315 0.0158950776902365 0.0421249668787737
0.148717067157832 -0.00607874211890819 0.00711079724823277 0.102179653958534
0.153211595787278 0.0566476060115289 -0.0245087975501576 0.149356548727614
0.134345605690082 0.10606013740064 -0.100622432344899 0.14317823364085
0.0643166596947897 0.164535204059075 -0.131822451339204 0.0794318709145229
-0.0391890615162427 0.197507458236903 -0.0955214202968288 0.000952687239916502
-0.099975585726851 0.194234289578979 -0.0124962301698781 0.0118472937042564
-0.137797447144906 0.11322381566089 0.0419361318167775 -0.0876967384221439
-0.142503890319702 0.149352424435777 0.120868644273408 -0.00935199132928952
-0.067318882483587 0.169469261053408 0.160983762861551 -0.0196297021874857
0.0348206116190418 0.170322490879177 0.139170526031086 -0.0446997550896757
0.0993426345475094 0.121282962783578 0.111146745692092 -0.0545157333351263
0.127525796471413 0.0565837889358439 0.091041066401512 -0.0698155910129785
0.126660868806405 0.00178042055572992 0.0698639135110888 -0.0652036643473509
0.118143176456563 -0.00708398416929746 0.047657246471747 -0.0233755463985086
0.108183243730468 -0.0157155118104146 0.062832021066602 0.0309040941747156
0.130570121623917 -0.00144306760412308 0.054885441400941 0.0929476061184141
0.137747987427267 0.0547006380383599 0.0199960238038395 0.150005387054175
0.121671937814393 0.103925348946781 -0.0700930911075541 0.150487123386603
0.047422884029049 0.161485583128928 -0.111144209771011 0.0814649245055507
-0.0563315168318336 0.18101024097342 -0.0750388103941929 -0.0153790821346079
-0.105252117755529 0.16665740771792 0.032779374934006 -0.0326519931958037
-0.116266058618681 0.0716959195339322 0.0981640431609759 -0.13619172278981
-0.132073655946022 0.105026753666926 0.137810259377656 -0.0422300863325403
-0.0723093593899457 0.132194961191324 0.152234397163118 -0.0104255841072671
0.0202196392372477 0.134658319507643 0.132815410598303 -0.00705009634164318
0.0732189598151645 0.0923203622541842 0.140079737327897 -0.0125482064201353
0.0927191382627238 0.0422407654808134 0.136763382898377 -0.05016079694968
0.0934411829174342 0.00335187634376595 0.113272234326105 -0.0624097048264969
0.0857144954210358 -0.00202829210698027 0.0859501838677612 -0.0273035875851384
0.0789661559049235 -0.00687151366355219 0.09909169192919 0.0250951836601116
0.0970060209738444 0.00610591614251284 0.0898724923766021 0.0874364017763817
0.103664080332112 0.0499459084884232 0.0502214143058181 0.147826622188232
0.0906753135190837 0.0942249388298513 -0.0480482554825794 0.148872508410866
0.0186863703848774 0.139578265732134 -0.0905181445534304 0.0749553689865066
-0.0705836600622236 0.140977972252927 -0.0499120879939236 -0.0266477413029527
-0.0976435652997621 0.11582822684057 0.0731499602252839 -0.0615384577544671
-0.0761970165126515 0.0158371059303937 0.1335023494414 -0.170337145228887
-0.0969226582494273 0.043852168099647 0.13948048344519 -0.066769717268779
-0.0580529970380508 0.0735693401598553 0.142342765436476 -0.00435647607727735
0.00821939858691122 0.0727480135266347 0.128286774818889 0.0128508505345649
0.0363146347597784 0.0429852047779568 0.157757194197168 0.00446173630116122
0.0413047569773189 0.0196873570558514 0.161826849883055 -0.0450332610900656
0.0438743534208635 0.00354701600634141 0.136108825767721 -0.0620875929278766
0.0398846259294023 0.00423813717791423 0.109282832204255 -0.0271767255676787
0.0394645565253586 0.00244161065566089 0.121361788190972 0.0248685049029873
0.0528690655824428 0.0100479827592211 0.110027343258911 0.0890248401762898
0.0605012952675222 0.0359804443553028 0.0646431714180652 0.149300854495729
0.05256542739781 0.0716114454197543 -0.0359510769815917 0.146778982252627
-0.0086330412088101 0.100668991058 -0.0750696021101686 0.0704904531406976
-0.0703161508052972 0.0840805737025551 -0.0287584658225769 -0.0285679414231148
-0.0747132023647243 0.0508389286309063 0.104228043983024 -0.0718702568326486
0.0351820732425192 0.00926473814447371 -0.119552103627771 0.0876856216769842
0.0475146909620129 -0.0270786494078887 0.0172630152952818 0.0600304802196098
0.0104525197372755 -0.0552694104268264 0.0806016204247418 -0.0628568623869018
-0.0266193067393881 -0.0297759017611044 0.0486548675217376 -0.157457874925109
-0.0203606534716207 -0.00594317994085174 -0.0594309189593967 -0.166698013251523
-0.00529340995165906 -0.00365281561220834 -0.128156107101805 -0.104462341901084
0.00324018541148406 -0.0100507548442862 -0.141606187620588 -0.0345204247858431
0.014547114321309 -0.0107458607204063 -0.137240582243732 0.0235643125051757
0.0122020160396623 -0.0125507264078728 -0.141494684384752 0.0664916016782212
0.0137578999420802 -0.0106591599069096 -0.162746814760317 0.0647902800887916
0.00910047780490579 -0.00189054252910068 -0.170295431829357 0.0232682014368007
0.00889048134705488 -0.0170764311240438 -0.149768093672288 -0.0068129194348203
0.0425043683780287 -0.0157163319257802 -0.140109023431773 -0.00191466851808275
0.0585227727087776 0.0279532699198167 -0.152537903140963 0.0375274058999689
0.0313194061538704 0.0424993267767453 -0.157691437035642 0.173991252940945
-0.0084874429811716 0.0635382925376969 -0.128476301646827 0.0760432634092522
0.0165015987002651 0.0373590952423715 0.0195292408488842 0.0567616774045494
0.0152374666019922 0.00355444919517841 0.0887257485724082 -0.0650587762361241
0.00473763997109043 0.0166824423980259 0.061863471501576 -0.15772863274206
0.0230211882531556 0.0249288151980445 -0.0426379194558345 -0.170820271260082
0.0444180358398747 0.00755502757544109 -0.110024091909705 -0.11515628376571
0.0524187064412312 -0.0141698145375437 -0.12648689198857 -0.0461630007942499
0.0646853701218306 -0.0146346473676429 -0.123061873043774 0.0164643001514903
0.0626852295644744 -0.0152542935216837 -0.120919086600658 0.0679047776789558
0.0738489760939761 0.000504861560894117 -0.14220301179562 0.0858843521981579
0.0627173133924059 0.0386819630700038 -0.161966937967764 0.0627925541069581
0.0399170990705265 0.0457390746836511 -0.160884310395696 0.0265427539568068
0.0354551459620343 0.0532027047834048 -0.146640757020899 0.0118159779616088
0.0170970271943419 0.0949075933585201 -0.135843514525488 0.0352329453637367
-0.019614855666122 0.110044173823346 -0.134653509111567 0.153002454969995
-0.0572785369041896 0.105348381981418 -0.112792411906828 0.0516780155345686
-0.0281234382857113 0.0982418997397233 0.0378990102900304 0.0533544808150824
0.00564303565831193 0.0692596425201427 0.112217868443613 -0.0625680521884445
0.0305987311438418 0.0720975466943157 0.0850119914327514 -0.151094889159035
0.0645676452913555 0.0614821845035059 -0.0142663530549301 -0.165197922715459
0.0909419359597686 0.0235776655997468 -0.0755199678962233 -0.119192453672314
0.0958743247373672 -0.0136656078745834 -0.0925742156547021 -0.0577227409920763
0.104292333896131 -0.0170855446367994 -0.0916755553464618 0.0056431012088128
0.100799080798243 -0.0203248066989446 -0.0826327252389054 0.0642960928558259
0.120451461520722 -0.00126600949677753 -0.099409047024402 0.103221890277388
0.113812062400976 0.0559238029508907 -0.128724007323393 0.107546243613295
0.0840645385866241 0.0846440515760205 -0.156451183214494 0.0763700036704447
0.046985178549118 0.110982472410465 -0.152320241043341 0.0378511347031275
-0.00802621226709543 0.152083593446037 -0.122338107179143 0.0274268515864969
-0.0569162173696724 0.163742483620977 -0.0991387163769757 0.112893453506439
-0.101419429239824 0.129921035285812 -0.0753723616141902 0.013022853499925
-0.0781145553194427 0.145431109716649 0.0646311889891824 0.0443616808341027
-0.0155245302198788 0.130888352110369 0.139348923313624 -0.0501938400521088
0.04742125662046 0.127402664487119 0.113896493864236 -0.12997695558249
0.09663171999778 0.0966566275472961 0.0262777235043126 -0.143735970704503
0.125344846458635 0.0409252603687896 -0.025936912534249 -0.112468225843952
0.126288098977829 -0.00918311265220881 -0.0437905395254108 -0.0650879646957302
0.128119027872011 -0.0167799486830004 -0.0488140175927599 -0.00582346593347014
0.120744653691929 -0.0242555523160069 -0.0344238199913807 0.0545359644210552
0.145905683785848 -0.00740147080872067 -0.045009121888006 0.109286960718291
0.147606290136551 0.0562004353897233 -0.0764904198606196 0.139225091493208
0.121230806944862 0.100231764792919 -0.132397750064386 0.121042131978656
0.0638694962634837 0.147874629120082 -0.147346547056069 0.0651301048918346
-0.0215278157132836 0.18882807618703 -0.110722011597698 0.0160128349589121
-0.0821756962614136 0.194628373668155 -0.0577046421924925 0.0635212227393041
-0.130827276247636 0.133586001984568 -0.0202876163941065 -0.0360443940667254
-0.11998785850368 0.165940589931121 0.0942154814691211 0.0231198011412496
-0.0431272028239964 0.170010410625467 0.157373753584225 -0.0344123314531441
0.0491561481856223 0.165879488300901 0.133962519700087 -0.0916579498774643
0.110499577080216 0.120609801544581 0.0723166288985416 -0.104124842067009
0.139484624065959 0.0529337744653882 0.0335382483157098 -0.0948581706166397
0.137529710470131 -0.00447861084416908 0.0131383828325121 -0.0681695531616314
0.133152943318625 -0.0146323813930382 -0.000311179893394665 -0.0163208902330663
0.12286039932017 -0.023515591610049 0.0169294451610284 0.0416112582815811
0.148647132262128 -0.00918301735825459 0.00994510032687163 0.103971607943817
0.155839402520094 0.0532702663808085 -0.0215129018287485 0.150873687745724
0.136310389948993 0.103042090390505 -0.0986088526209895 0.146907164008242
0.0675862827289712 0.163712528846617 -0.131391918747533 0.0807856042187419
-0.0352889027430178 0.199621428001514 -0.0955187231585754 0.00105043552649379
-0.096596704385912 0.196267548332359 -0.0136439053835656 0.0121458501692946
-0.13604243083192 0.114049635373624 0.0413217492195564 -0.088582875786008
-0.140103634316456 0.152020953618157 0.120586288497949 -0.0083311720060999
-0.0664059663318652 0.17106097483319 0.160398253945162 -0.0208933187830783
0.0375149057257536 0.169465529771756 0.139071393405512 -0.046871412147186
0.101677794534616 0.119964569335799 0.112188647539219 -0.0548259445985878
0.127985669771303 0.0539388880614042 0.0914902112121495 -0.0712278622785142
0.125810852056571 -0.000597742085803994 0.0680251916726713 -0.0671942703326137
0.118314551830452 -0.0103021291996791 0.0473177707187619 -0.0235896179059699
0.107711136122785 -0.017750757513962 0.0635441729477534 0.0293345297409362
0.130050046545591 -0.00409429935302376 0.0576569504415397 0.0928838540423122
0.1398022116143 0.0512878769995385 0.0240325646347037 0.150955350834909
0.123766372673411 0.100809195954628 -0.0677304373123829 0.15387120588752
0.0508442244390673 0.160610764445109 -0.110510362069172 0.0825223427852703
-0.0532789132641964 0.183047579077432 -0.0754312507440887 -0.0147144250702702
-0.101851361021774 0.168081550846687 0.0300952431007568 -0.0330581991582414
-0.115370862809613 0.0717862894092429 0.0963386440230347 -0.137923066303905
-0.130418483078012 0.106885238447876 0.137202742343587 -0.0423163703047923
-0.0719597068250972 0.133205620351953 0.152194338741133 -0.0120484294382151
0.0220451097282233 0.134439169252643 0.132298100619311 -0.00854337851459019
0.0750381677766177 0.0908939241593367 0.141477086858898 -0.013300897566595
0.0926579789273108 0.0408458839779831 0.137565246532011 -0.0526492362571034
0.0920810450827347 0.0013032635669464 0.111192770850314 -0.0650993579184264
0.0850660152174378 -0.00407745286423868 0.0853441659755902 -0.0274635376247788
0.0783918075238499 -0.00849440632586395 0.0993993456828003 0.0227740081667236
0.0969159584188165 0.00384823065449202 0.0918859528278921 0.0865696606811262
0.10521240683622 0.0467705059195604 0.053643798680674 0.147768891758818
0.0922229277035501 0.0919989116902327 -0.0455577761743839 0.152085301238762
0.0210141479785875 0.139485012044684 -0.089221268107491 0.0760901928537435
-0.067849680636053 0.142930111922772 -0.0508495913507874 -0.0258192360026157
-0.0953181261869532 0.116069267509823 0.0699385496780653 -0.0618662570307269
-0.0763250835331156 0.0159811635701447 0.131389921267213 -0.172204131392922
-0.0964457428892387 0.0450549572089223 0.13832125004436 -0.0663749294599649
-0.0581148457512478 0.0741204936863788 0.142868666025931 -0.00564229998019107
0.00914551940761359 0.0725320747676765 0.128825457716763 0.0120164509199851
0.0367468923495095 0.0420302757429582 0.159475035127492 0.0028882432171664
0.0412420956422204 0.0193936835062745 0.162461552052673 -0.0482865357131691
0.0428960663885875 0.00317537381331096 0.134257557047371 -0.0653644034965866
0.0398435461334857 0.00348239259826319 0.108485730691087 -0.0281433572110498
0.0391246426968324 0.00161743431465775 0.121559535180578 0.0234933900734254
0.0524945356683609 0.00861281090815123 0.11166662625752 0.0870942590767831
0.0614335379480559 0.034069818380707 0.0684906762945675 0.148456312889608
0.0540746392231254 0.069958496375086 -0.0330852032617246 0.149865722607359
-0.00702755133090858 0.10091895885242 -0.0737516551623523 0.071706347789085
-0.0692876578421134 0.0857550634258324 -0.0293354605190656 -0.0284440016410206
-0.0732857088290109 0.050804740018806 0.101100299638308 -0.0725384310478918
0.0354260419223362 0.00960141183117111 -0.119070116701329 0.0897486662738828
0.0487546607649909 -0.02808833891218 0.0192111324883162 0.0619007035635717
0.00974697266976268 -0.0560086212326874 0.0805649882899471 -0.0638885754236246
-0.0274304428034066 -0.0299479731841089 0.0461561131334688 -0.161260472778689
-0.0201270264221852 -0.00518272638783306 -0.06185924030101 -0.169052926704013
-0.00482645037202203 -0.00281478825871873 -0.130605475350898 -0.102782589904202
0.00318453583698631 -0.0102888719055482 -0.143530282748605 -0.0312838472149501
0.0147859721966192 -0.0109943658133062 -0.13763174437345 0.0265621519188801
0.0122815554497654 -0.0123194071363148 -0.141560460037814 0.0700754117038236
0.0136485448688054 -0.0110498111199671 -0.164522843559485 0.0696546440534117
0.0093898131622442 -0.00245177179994562 -0.173209344622384 0.0259368358831955
0.00901413182841862 -0.016804607008073 -0.152080900268669 -0.00614690747978032
0.0428741919767842 -0.0160758740698207 -0.142406010250266 -0.00186681523541256
0.0607994485220064 0.0280133623755459 -0.154129960611964 0.03899275651292
0.0331646009992574 0.0434148596118698 -0.156108763227786 0.178143644635693
-0.00747585595979733 0.0645813233584476 -0.128426879450719 0.0786833538238731
0.0189979023071302 0.0378081276212037 0.0212391223973841 0.0589385482488252
0.0158709116042409 0.00314711881021874 0.0885223543346262 -0.0665654683296333
0.00456091877756035 0.0159136924030136 0.0596780470394757 -0.161581497747244
0.0246943358988105 0.0246578235256759 -0.0450845429104761 -0.172706879556983
0.0457120290430154 0.00718928023981041 -0.112453006485667 -0.114419170869547
0.0522943799711978 -0.0155252283046989 -0.128271786788355 -0.0444664222687127
0.0656683267208827 -0.0163331629131493 -0.12357101363218 0.0183668150451358
0.0633212966616544 -0.016267014547887 -0.120271723319505 0.0717246096007258
0.0742526397387307 -0.00109681842790021 -0.142093794493726 0.091011822075566
0.0652119415458258 0.0374069588692788 -0.163492760611261 0.0668374148382281
0.0414470558227405 0.0459239685766011 -0.163133895255495 0.0290970893190159
0.0369599758689177 0.0535534515312625 -0.149049036645181 0.011857959129918
0.0193580679311754 0.0970182653380552 -0.137530463147202 0.0355016912046324
-0.0168135485655579 0.112427893990671 -0.133656313742615 0.156436035597006
-0.0562737514274712 0.106559785208919 -0.112979599475014 0.0533628979338803
-0.0255304507016319 0.0996121948891705 0.0394851542126982 0.0547466756340484
0.00645857437969822 0.0696695184389603 0.111982358451185 -0.0636846795473966
0.0322434205608098 0.0713481489792335 0.0839253812482705 -0.155706800817125
0.0668113571757039 0.0607588169784927 -0.0162749452701941 -0.166806168261557
0.0921594250915817 0.0224021529584271 -0.0777511439835025 -0.118470342888489
0.0958194155896133 -0.0156133737474256 -0.0943516823362529 -0.0563470980673694
0.105297824844687 -0.0192357299341214 -0.0922471046981844 0.00744220990897174
0.101705239412658 -0.0223903180078497 -0.0817067753740697 0.0674560829340475
0.121541012050891 -0.00408238451595779 -0.0980419708921674 0.107989154851533
0.117359736366407 0.0537598283404874 -0.128828836063416 0.111801967318786
0.0868520221275614 0.0840934343004383 -0.157662795817353 0.0800209601190307
0.0501012857369124 0.111973616543744 -0.154740433570679 0.0391989665367762
-0.0048403396106101 0.155138338399835 -0.123615157228048 0.0281009694624227
-0.0539251931957922 0.167144739169861 -0.0991830586151925 0.11599242356814
-0.101162403874897 0.132139552077841 -0.0752910805861893 0.0141132358375734
-0.0759160865888461 0.148657379465261 0.0665650471647505 0.0461007922430716
-0.0140366364496358 0.132345863618746 0.139961601944827 -0.0524767004536193
0.0501990268768521 0.127091392790821 0.113421294297364 -0.133605302751495
0.100155512996268 0.0963376805136812 0.0255673565531811 -0.145359643780311
0.126920956909345 0.0390029398870642 -0.0262978615972199 -0.112857408281725
0.126738156809587 -0.0123015908128839 -0.0452350953595401 -0.0653709665292962
0.129843378951819 -0.0199687508228883 -0.0490645750931603 -0.00503199996740082
0.122123357612657 -0.0268425936386587 -0.0334177439816849 0.0562636471747488
0.146833936428035 -0.0108512956036523 -0.0422971559260098 0.113427102834775
0.151392796480121 0.0536091393564426 -0.0751540261298574 0.143016446431452
0.125136621350094 0.0989296163114141 -0.133141776086504 0.126225194070446
0.0674635973306519 0.148748502365287 -0.149165528762202 0.0667451797556772
-0.0184336774653354 0.192524395456956 -0.11202221118619 0.0164298980462609
-0.0786071760527999 0.197947073729779 -0.0583387973754839 0.0656587604560598
-0.130980942862685 0.135739750022097 -0.0206126873700829 -0.0362689004088903
-0.118604170182748 0.170119560379578 0.0964510912563621 0.0247266021502833
-0.042563248417202 0.172195648458396 0.158518259192482 -0.036138151339671
0.0528135343654213 0.166182550525407 0.135204751051302 -0.0949208159483263
0.114055079901077 0.119489608006336 0.0729445169585354 -0.104939975517574
0.141382741172353 0.0516321820993798 0.0343289929940227 -0.0967287978929379
0.137993461858352 -0.00710932180841849 0.0113688779943815 -0.0701376608653035
0.134149257030506 -0.0179694660457932 0.000129576313694022 -0.0158565784365738
0.12364962075356 -0.025963365856922 0.0178421820998029 0.0416853401212057
0.149817698401537 -0.0131572740341964 0.0128534843498501 0.105894007929649
0.159851514503759 0.049633748090993 -0.0187744101408255 0.154801149827631
0.139830740904178 0.101167304877571 -0.0976774079431924 0.152028854263684
0.0712902831275982 0.164787815530884 -0.132744948502741 0.0827712617586716
-0.031874979465479 0.203742463756306 -0.0968876805735949 0.00166411107840045
-0.0931543067368956 0.198875267426995 -0.0153884758310081 0.0128502559290822
-0.136227242968782 0.115756735321602 0.0410854132302027 -0.0903795097496007
-0.139098085185622 0.156739262146005 0.122766643234387 -0.00784119655962295
-0.0654631411420289 0.173557893875099 0.161573907309334 -0.0224661580148013
0.0411690350526306 0.170850757927321 0.139615533018881 -0.0489751855825107
0.105773891210338 0.119035052626425 0.114357492170121 -0.0555536341297808
0.129659903936642 0.0527005033547297 0.0934338534046149 -0.0741194078401447
0.12617949360951 -0.00317089682940168 0.0669168457636156 -0.0701340940847268
0.119081604846334 -0.0129985574793292 0.0474446038790215 -0.0241699990911262
0.108182359758325 -0.0200299263286768 0.0647545154857405 0.0287586025501397
0.131575924527071 -0.00746357198203533 0.0605028888510677 0.0942190296545667
0.142519846693376 0.0481941205067251 0.0271396497514228 0.153110452590279
0.127135855616545 0.0992695711901968 -0.0658824490716767 0.158986503018635
0.0541357270479045 0.16100904601163 -0.11086825212923 0.0843678582357213
-0.0501458711133296 0.187015587313136 -0.0765909775044474 -0.0147719973110114
-0.0994945752376169 0.170347747627016 0.0283981958193532 -0.0332275229094527
-0.116383044155395 0.0733382775240748 0.0960301519860248 -0.140439686668109
-0.130730119006599 0.11041545158451 0.138558715610321 -0.0424626110632159
-0.0719449377099446 0.136368976759496 0.153672230450689 -0.0135226683038031
0.0244088459516728 0.135241787373582 0.133380925516112 -0.0100943760928292
0.0774123468451828 0.0906896054016452 0.144123728989049 -0.0144785983246366
0.0937236768242829 0.0400837373654621 0.140407413670792 -0.0564622775164533
0.092110749939679 3.37889599676061E-05 0.110410089315524 -0.0688277351732698
0.0861045298037092 -0.00610263754843991 0.085472700860352 -0.0282749661781789
0.0788323227081953 -0.0101756659937199 0.101189021682591 0.0217613284795198
0.0974640282851642 0.00184855553926472 0.0947952015167552 0.0861287383082504
0.107241431554514 0.0448504299612359 0.0573682557136352 0.149449215596235
0.0945033304175406 0.090000642570294 -0.0430473940014515 0.15683712370048
0.0238718584893275 0.140113231633119 -0.0896858307004261 0.0784420113170182
-0.0659253439193979 0.145939695944193 -0.0518386608355379 -0.0256441596946333
-0.0943823725681032 0.117218115995857 0.0675914182726223 -0.0626196646839553
-0.0767921951746474 0.0159862190678446 0.130940809211384 -0.175911748323666
-0.0970868681231567 0.0469173412754222 0.139197578215577 -0.0673753626293389
-0.0589690744847514 0.0762255331914265 0.144754962132283 -0.00704329335028406
0.010275299159986 0.0733606281059352 0.130301627096269 0.0111082757606101
0.0381910713123723 0.042043449182216 0.162507986316035 0.00162337433691283
0.0407963860145222 0.0189651676971621 0.164748099395202 -0.0524698044032589
0.0428323622683144 0.0023516245797298 0.133679904545217 -0.0690108658309229
0.0403602752795372 0.00267726445876081 0.109468227955794 -0.0296496699419577
0.0389361100245963 0.00110759416541884 0.123095395932237 0.0220402981912717
0.0531415245693489 0.00770601497298157 0.114335131769477 0.0864075510817686
0.0621064416667362 0.032643080173341 0.071676999506786 0.149835413460395
0.0554395442844897 0.0691754431223792 -0.0305455576694585 0.154422473321164
-0.00520391743236869 0.102242479107644 -0.0734421536286623 0.0737556298266347
-0.0687085587938611 0.0876562807314311 -0.0306034387858152 -0.0282030892408323
-0.073204432616075 0.0512228382890143 0.0993458343478618 -0.0739902667449755
0.0333231169941596 0.0147888813477062 -0.134939766389652 0.0675163574549211
0.053211790332922 -0.0188672741343138 0.00896904696857866 0.0692144114635039
0.0205868655368379 -0.0512876792788835 0.0937436001313905 -0.0459338600679123
-0.0199056220075312 -0.0319058115112363 0.0772206067397439 -0.152726983394463
-0.0165520127236925 -0.00674645684858969 -0.028986265182811 -0.180980237051749
-0.00247262130645626 -0.00241598434219512 -0.109379023192711 -0.128058006697234
0.00527177293926472 -0.00831159814385475 -0.137170162964631 -0.0599192956550777
0.0184764204163553 -0.00802960224520967 -0.141605591854273 -0.00168565558508825
0.0156529726340217 -0.0086111089452863 -0.153490550131111 0.0419982095735825
0.0157539682312796 -0.00726716753569093 -0.175735592082434 0.0356726573364134
0.0104077770191356 -4.79048961548011E-05 -0.177770000453097 -0.00952091462830277
0.0127392527475369 -0.0129680606949663 -0.150261067934405 -0.0398491268020915
0.0457282282362147 -0.00548750895527827 -0.141913641334026 -0.0333026383086803
0.0551070834064711 0.0427280219853667 -0.164876686716006 0.00751024887813016
0.0246061932165278 0.0510116392047557 -0.198809064680092 0.148263010348713
-0.0194870225468949 0.0592370463046351 -0.142858237792831 0.0547478370330176
0.0122594444803669 0.0398559126650622 0.00927712908544236 0.0650552794397537
0.0147737679900839 0.00682100570746362 0.0996937245070341 -0.0469291472801321
0.00263036862026923 0.0177090829199966 0.0897211501110274 -0.150158405139108
0.0213035671007386 0.0310433648533819 -0.0125048862011402 -0.18104763550746
0.0447481555375391 0.0170881290403333 -0.0900261180636925 -0.134438407431507
0.054692514276737 -0.0046035852636937 -0.119524097236415 -0.0691487354374207
0.0698883001551863 -0.0033661627008522 -0.125987324586245 -0.00670244812482003
0.0669552929564368 -0.00256351899162079 -0.133082048624642 0.0480228377505644
0.0738711320389122 0.0141680084344351 -0.157510218905783 0.0618677859819313
0.0572085856479919 0.050458341442186 -0.17483617396312 0.0345988659687259
0.0307197750152417 0.0554223903938946 -0.167501364960381 -0.00494431909031916
0.0240612905050872 0.0626392480158385 -0.152375218086257 -0.0184461164756986
-0.00124426350977236 0.102802556551102 -0.148007678357913 0.00770357576153096
-0.0397168270862957 0.108532299169485 -0.171714709353256 0.131266305928472
-0.0752930284357206 0.0903639231309746 -0.12351711949663 0.0334481501810318
-0.0434765823977693 0.0927523997379479 0.026224824351794 0.0630975970412573
-0.00701654455328317 0.0702030929146028 0.120796498518982 -0.0403960895894805
0.0186369265871864 0.076688302945736 0.112050009667049 -0.138218584634782
0.0557521123303391 0.0740521319283483 0.0150043626866774 -0.170240200224958
0.0875097482717216 0.0411842875612347 -0.0549442813815236 -0.132102040989775
0.09726389353405 0.00314525392126514 -0.0825710919375247 -0.0749482443248869
0.110528773918498 0.00127017323344786 -0.093011279033625 -0.0117142674924259
0.105664313869027 -0.000718563448872015 -0.0936509949529428 0.0517259208977686
0.121055916504133 0.0201410159620626 -0.117288020121795 0.0889014648831498
0.106027306754332 0.0779026000521691 -0.146329900220594 0.0877131656415468
0.0672830680144499 0.103104415996343 -0.172301120180687 0.0491408112584777
0.0240702165087218 0.123788630661955 -0.162571682129211 0.00929268893321374
-0.038157832529988 0.155426574143881 -0.133842761745497 0.00331059360436621
-0.0888678820600833 0.155064206444624 -0.128185059649206 0.0981121896270726
-0.124446089593417 0.106781375456826 -0.0798939420560562 0.000112909861289525
-0.101403526568009 0.131787651906423 0.0528232677155356 0.0567196295979512
-0.0399772917046837 0.128650769041395 0.143850134902358 -0.0241213956788351
0.0241528181313628 0.133821130250445 0.135417000045697 -0.110528985724286
0.079935363942532 0.115140003978054 0.0523019291930774 -0.14042964205578
0.117052895241013 0.0644119951868856 -0.00542017454946623 -0.116170759183021
0.126228777763879 0.0120780939308085 -0.0314329761064614 -0.0740152617138575
0.134429265528403 0.00489151913104689 -0.0477429660860098 -0.0145181314026784
0.126608708496418 -0.00136739466867681 -0.0433239135895232 0.050536858231535
0.147396961312777 0.0182827369547725 -0.0623066479779536 0.10474888285527
0.139791188435597 0.0842541632157155 -0.0984277023246332 0.129526140643917
0.101547132627429 0.124870681513114 -0.154832391707442 0.100883561673931
0.0331770934194157 0.164854809538371 -0.161902307579677 0.0401196166946894
-0.0595277485014333 0.189892008170322 -0.119744236536049 -0.00595542403600748
-0.119703997119102 0.180465355357339 -0.0751066542982682 0.0549259901673748
-0.153981038131449 0.105281546037391 -0.0154084371080486 -0.0393409382489528
-0.146888636707163 0.146115612406628 0.0859813274306532 0.0393913943648677
-0.0759342093930349 0.162994997421175 0.158340332679485 -0.0052886715039715
0.0185609707406223 0.171582178626503 0.148616276746699 -0.0672568964699198
0.0890557753504629 0.14070758404394 0.0918907381742209 -0.0910755804144878
0.128580044441294 0.0786639326495408 0.0520666657656418 -0.0878812516134918
0.136622346371292 0.0184644918533182 0.0264727445237238 -0.0668887111746883
0.138417414690932 0.00796297410589515 0.00343140421826252 -0.015296913929274
0.127595968530308 -0.00027715834290524 0.010138205598826 0.0462616804049659
0.14980269789139 0.0165536264655177 -0.00581837511338832 0.109457308861239
0.149274518098387 0.0813958570380508 -0.0441545672866294 0.151814243611678
0.116380892090125 0.129940583089668 -0.124837755842899 0.134947825394141
0.034015123547554 0.181220256867942 -0.148223629626923 0.0597490915693359
-0.0759408489686534 0.197166934560795 -0.101552476608363 -0.0175072911944115
-0.134710317766175 0.177529652735852 -0.0201714699790495 0.0110598518295934
-0.155294873466036 0.0856228736853632 0.0558482805928425 -0.081809611058303
-0.16476070161262 0.129548941623368 0.118829342300802 0.0114271442576933
-0.0990548934870071 0.159783338432792 0.158602238239076 0.00768872228851313
0.00599728708875982 0.173304103454669 0.143969898818721 -0.0202177085493721
0.0798562024249291 0.138396210771945 0.123947295213756 -0.0342180722825297
0.116086753428078 0.0777018313866779 0.106902503895645 -0.0542357938070763
0.123883801862927 0.0201861544986539 0.0816943925434595 -0.055715701641898
0.122151129660045 0.00971466986243955 0.0519123907994653 -0.0136736259737663
0.110705942829937 0.0028363461868604 0.0589673954607651 0.0420730587621416
0.130371035514548 0.0186486618374762 0.0429887720641026 0.106606138021411
0.132187275323522 0.0758824546899282 0.00150969774383491 0.159436333732744
0.103799769619218 0.124468405877562 -0.0942465499727187 0.150180524047748
0.0174083446261929 0.174087007297543 -0.12674428657043 0.0669786968093238
-0.0904670146707271 0.176540604630791 -0.0780302522242149 -0.0300547329037393
-0.134798656135073 0.147386683388364 0.0346027963786934 -0.0267034190186478
-0.12739394029386 0.0495447857519301 0.120514557061779 -0.121937618639612
-0.148067582304006 0.0864339904606385 0.143324146301033 -0.0193271873115621
-0.0989377703682535 0.121989603374793 0.149859386794402 0.015096210289403
-0.00350334034147987 0.135739211510383 0.130589466702084 0.0172311859987414
0.0568682376531598 0.103790855779858 0.146305523806482 0.013228708840996
0.082752741210231 0.0585537064878072 0.1507614345159 -0.0280702839615706
0.0897087539011058 0.0166477041785081 0.125106549111909 -0.0467751585166853
0.0876722010277535 0.0104881845167614 0.090466039166781 -0.0107269266689953
0.0790781537528907 0.00670428170097015 0.0966481065050446 0.0418786832488727
0.0954127834823638 0.0206882850024608 0.0773829103056234 0.105504262662603
0.0970366833865806 0.0653725214776953 0.031337932643948 0.161463193302384
0.0745617373888434 0.108302516451522 -0.0721924020097606 0.151880314830951
-0.00799283080349986 0.146343611739653 -0.104983510749557 0.0644555156952849
-0.0968170585708645 0.131090065346155 -0.050299274760305 -0.0365342208548469
-0.117840381681634 0.0949936553925979 0.081398418438531 -0.0481398028356582
-0.0777746764588324 0.00229998927695314 0.16273163454245 -0.150728545323593
-0.10341451623306 0.0299022540001817 0.15000997205505 -0.0421522457113273
-0.0743171896947678 0.0655774279603894 0.142045812659889 0.0199564322685522
-0.00556294578282832 0.0732334288934572 0.124202653116951 0.0379007372087673
0.0267146028522605 0.0489323880889665 0.162083284352695 0.0329959800378904
0.034666321350591 0.0281534397235126 0.175499740388228 -0.0210032391705595
0.0402744663358441 0.00999407307987477 0.147772914514651 -0.0420367527427359
0.0397995847135895 0.0101185861371654 0.113978563441497 -0.00624960247465131
0.0375265249258531 0.00948301715536371 0.117764011922751 0.0471429843381148
0.0506205632249146 0.0176577731201208 0.0956430578549266 0.109562343490182
0.0548238941080857 0.0443221188287018 0.043682336090202 0.16411936246575
0.0404359278342364 0.0794839545224071 -0.0606291874429951 0.151273382783408
-0.0287829432519848 0.101247963513451 -0.0881576469469048 0.0625373408979501
-0.0868680682292097 0.0722221949468949 -0.0276046738447205 -0.034861518029396
-0.0842511782755081 0.0334010856600944 0.115689500722822 -0.0526779328150886
0.0337837445225902 0.0144654922023631 -0.133740806619954 0.0701568519705168
0.0541867031951786 -0.020587696048264 0.0115941265532567 0.0707146218197863
0.0199612816595999 -0.0522037438323232 0.0943414178432306 -0.0472440322542876
-0.0207328162252827 -0.0317288850393576 0.0741449001678205 -0.156498010734922
-0.0161319847079545 -0.0064524281302332 -0.0330202211164307 -0.182724616309423
-0.00138486838203144 -0.0017109763726636 -0.111644863619656 -0.126031462215227
0.00576730004697744 -0.00799060921241148 -0.138373927000871 -0.0559424233517796
0.0188926643285628 -0.00841111484077081 -0.142563788394902 0.00158982435505573
0.0161661577855006 -0.00885546267113906 -0.153025037319584 0.0467498587162465
0.0152042548786682 -0.00748481374904009 -0.175989851322148 0.0413398049221625
0.0105589774772859 8.25739223537462E-05 -0.179869239985445 -0.00592198652185955
0.0126945840738948 -0.0130940363471038 -0.152443104713888 -0.0390666992715929
0.0462673854224111 -0.00592577960468073 -0.144154483229614 -0.0331325688873129
0.057299428765722 0.0427869989504426 -0.165736996349946 0.00812956949417757
0.0272375202507664 0.0513200681578478 -0.196135904316707 0.152519942001341
-0.0182304902409141 0.0597342359940141 -0.142302963384241 0.0575515685081685
0.0147074447432151 0.0398541621381598 0.011340731123859 0.0667771890671394
0.0151356319819372 0.00615569616946403 0.0995524089985812 -0.0478963796929655
0.00289902487533641 0.0174136403897472 0.0869591475055322 -0.153341114805658
0.0229608953506441 0.0302598213864967 -0.0160655040272739 -0.182658470500687
0.0460591129756692 0.0164296504007709 -0.0924293144497186 -0.133525840083833
0.054910216944826 -0.00525494139271714 -0.121564713763922 -0.0660121504228752
0.0701009742600707 -0.00544437600368992 -0.127006066823628 -0.00383209402033287
0.0679516848110842 -0.003833293636692 -0.131964970871866 0.0524532762339584
0.0741486756029431 0.0126118693566581 -0.156591814318412 0.0673295359931659
0.0590007004290659 0.0498721480153934 -0.176028725987905 0.0386765275055454
0.0327314943108785 0.0551929384108539 -0.169480628698105 -0.00249926585175244
0.025793428453911 0.0630601680902541 -0.153709205404342 -0.0176241056127057
0.00219326517655403 0.104207000692207 -0.149750831354912 0.00851906364511251
-0.036403709856547 0.110629546299414 -0.170141923189918 0.135677698014592
-0.0740822673377774 0.0920071101704941 -0.123232447257035 0.035485669990923
-0.0406376253645103 0.0947657223408846 0.0283108401939574 0.0646477742722839
-0.00540729798810864 0.0705678010092891 0.119959128576917 -0.0409762343515058
0.0203602469244549 0.0758455659574652 0.109993102199928 -0.141535336449317
0.0581651561849564 0.0724831220939597 0.0127040774914016 -0.171472925446952
0.0891092072715786 0.0393661044287856 -0.0566129794542442 -0.131021398769896
0.0980155961263111 0.00101457840323249 -0.0846254373027131 -0.0730159937994969
0.111505931167924 -0.00246747799334356 -0.093955086177311 -0.008693058416022
0.106538616888851 -0.00352656295646467 -0.092442585134353 0.0549387512078492
0.121675285261449 0.0173935300075105 -0.114798397255319 0.0936574240582416
0.108960987646606 0.0755295501808312 -0.146071532649782 0.091536030533989
0.0704295787051878 0.102462548221883 -0.172326878972519 0.0532285057371121
0.0274530734493074 0.124559162595278 -0.164374879203555 0.0106450961572786
-0.0337435887237428 0.158151019301531 -0.135101837885696 0.00332421520840768
-0.0839078704383542 0.157940336074692 -0.127521067273225 0.101832270093889
-0.123457599547456 0.109415338152277 -0.0793239909229346 0.00212569620550408
-0.0978587951890604 0.135485020628083 0.0553212010070185 0.0584045919240252
-0.0379929942845546 0.129848568963826 0.143900957150246 -0.0255616536159239
0.0271395020389287 0.133294993791281 0.133847583871096 -0.113610351822342
0.0842751787420202 0.113490686214109 0.0507508155075926 -0.141826123978028
0.120067618208426 0.0621914201418558 -0.00596097076910613 -0.116884223115085
0.126773017824916 0.00912643248496471 -0.0339287541204622 -0.0739061945774121
0.135212948387115 0.000920279783017634 -0.0483157763444039 -0.012769251693532
0.127476964384067 -0.00423501525604288 -0.0419571911902559 0.052276608615727
0.147719415738105 0.0144601013754118 -0.0595026690465147 0.108628166951094
0.143613930950513 0.0807792648674719 -0.0959645170848854 0.133286988347797
0.106288364089968 0.122595834543654 -0.154258461282094 0.105775761669436
0.0379693626013458 0.165389384280092 -0.1632243119775 0.0420536912686269
-0.0548617156112329 0.193283367037692 -0.120452148666428 -0.00539358139912143
-0.115211152607073 0.183539373112624 -0.075843615081802 0.0574702494416611
-0.153367551639171 0.107424550449782 -0.0157481334661656 -0.039048492575198
-0.144401708038477 0.150914169655087 0.0886040929732583 0.0400728996065928
-0.0739264273053636 0.165121482880165 0.158280476292959 -0.00718626179872086
0.022387387046865 0.171384732229071 0.147623001255785 -0.0699815809324863
0.0931663133638139 0.138802232319468 0.0920934559888624 -0.0925433618385915
0.131293901493972 0.0766717068393923 0.0527042441533698 -0.090018945516127
0.136525283118171 0.0152734139589439 0.024562410365435 -0.0686367332077806
0.13927986423011 0.00363085658805398 0.00313774200507818 -0.0149159137399858
0.128203095301397 -0.00363988683307911 0.0112920368591899 0.0465051631469717
0.150312498046593 0.0124694712364098 -0.00217385092544733 0.111237344923552
0.152739631786365 0.0774058827788028 -0.0400459904547431 0.154720840716496
0.120695930202462 0.126970820290741 -0.122368695416922 0.140132155542368
0.0389718201835407 0.181697155875554 -0.148725645859437 0.062180231959863
-0.0711156628646675 0.200973283420631 -0.102819496006929 -0.0170399358200838
-0.130434225034947 0.18046758729367 -0.02094998432284 0.0117253250989863
-0.155320717058055 0.0876754123550226 0.0547544047821159 -0.0832370236242051
-0.16327361680993 0.134466959784299 0.120801806734309 0.0118241426709978
-0.0973955148505111 0.162791092370575 0.158202902636985 0.0056476861850838
0.00995299361670579 0.173792894589361 0.144144371980178 -0.0219634681241425
0.0837085820740708 0.136329739933177 0.125738839833523 -0.0354727787807371
0.117979363869538 0.0753010728693902 0.10852272077865 -0.0579242196030811
0.123817036282913 0.0176490559073779 0.0803981312633485 -0.059041067837589
0.123087276152102 0.00567044548033652 0.0523421898905029 -0.0143434049536491
0.110866267083935 -0.000260737768571224 0.0603592505146879 0.0414577941131024
0.1313616895124 0.0156431814094515 0.0468803439664002 0.106983357118671
0.134966188506157 0.0724624003006879 0.00634861509164948 0.161015276568445
0.107822116749995 0.121727599598598 -0.0914065989321495 0.154582879157102
0.0211654158574499 0.174770428561728 -0.126454298453101 0.0685592056404638
-0.0865322303437479 0.179498130945591 -0.0792376172511857 -0.0294669897242702
-0.131405351919228 0.149576943127001 0.0324494743529586 -0.0273293141220316
-0.127586575368524 0.050599710879865 0.1194121695222 -0.124989577918112
-0.147256049588188 0.090389190520576 0.14436823247267 -0.0199830329820585
-0.0978941769111068 0.125212891279054 0.150249177154628 0.0132900751377265
-0.000859044325022923 0.136866977005057 0.130954782531117 0.0171572283983766
0.0599715977172248 0.102886086406528 0.149567482364641 0.0119192693175065
0.0833491387822227 0.0574567465159525 0.152971977562928 -0.0333040495462143
0.0891896554463781 0.0150922830829447 0.123908773128921 -0.0502847346866331
0.0879679318410986 0.00768563169984277 0.0915882265982398 -0.012354697886442
0.0790487066193996 0.00483498956374479 0.0973760928820435 0.0407864103234482
0.0957245043216727 0.018027032170524 0.081018158704961 0.105042656059057
0.099091351093752 0.0629146682189345 0.0361160873071092 0.162361712842306
0.0770987389328993 0.106233030169136 -0.0686694638465725 0.156345571411418
-0.00488439529970137 0.147081052193199 -0.103847154911023 0.0666999795274428
-0.0943874592832491 0.134591389598059 -0.0516855313626118 -0.0363562044677898
-0.116544579440631 0.0964632919430637 0.079583777467366 -0.0501235610050057
-0.0783264146149217 0.0025509764904862 0.160403432074014 -0.154017981195515
-0.104001271319525 0.0322532344608453 0.15040605169665 -0.0434009707887432
-0.0739699523958139 0.0676017935995468 0.14211728490213 0.0182413269278838
-0.00398644956355185 0.0738829966496791 0.1245188699325 0.0382314273995759
0.0284524961399905 0.0481520885756604 0.16585560271189 0.0305360178812142
0.035274831956732 0.0281628174211669 0.176820380181297 -0.0269426743867969
0.0399792994956599 0.00963070054927238 0.14695692128512 -0.0466227322210581
0.0404806553610684 0.00856730067523119 0.114833182227169 -0.008162897051362
0.0372564283495916 0.00872722006663746 0.119164112636071 0.0455361303454247
0.0506302225561477 0.0164068254660314 0.0987905424392206 0.108685102812639
0.0553962454761022 0.0430216099906724 0.048246924668888 0.164342404951637
0.0421463103880334 0.0786309309529069 -0.0564038639408041 0.155119994303182
-0.0270602408901554 0.102608816865915 -0.087456608112838 0.0644749778409604
-0.0857839695820508 0.0740762901863653 -0.0291985672066063 -0.0352022996675332
-0.0838006251357243 0.033987741146851 0.113184140485084 -0.0549772592342336
0.0341787409776057 0.0147673533886169 -0.133352593073058 0.0713952850145081
0.0552641675799486 -0.0221476304565546 0.0133671481124057 0.0720030722572254
0.0198040788881597 -0.0529950671365569 0.095431818393583 -0.0479638749382032
-0.0214548450603846 -0.0317422578570061 0.0725946339364039 -0.158758741750528
-0.0158689852343439 -0.00649848664745884 -0.0358755581495056 -0.184863446930488
-0.000184128679088852 -0.00158464939669301 -0.112758051352064 -0.125555675852533
0.00620377684736696 -0.00712619843722975 -0.138475972646452 -0.053144447814474
0.0191175957876294 -0.00880590459016261 -0.143025809765638 0.00415982913897269
0.0165455879805577 -0.00829078038376448 -0.151882610311943 0.0496856429780275
0.0148646065760214 -0.00709061078717093 -0.176537687796286 0.044809903715514
0.0107596694111532 -0.000135542493531055 -0.182489848662469 -0.00361627818568695
0.0124136187117433 -0.013054263580395 -0.154186352310395 -0.0385995172361225
0.0465639394986406 -0.00647843055126188 -0.145231872748815 -0.0342485153608547
0.0597404533191877 0.0428996219998219 -0.167494579806021 0.00787632999050094
0.0288797071340883 0.0510394646310321 -0.195202697755821 0.155668496243049
-0.0179108773603738 0.0602477881083007 -0.141873441548293 0.0592585073780897
0.0158510682801846 0.0397770091409445 0.0139548122058664 0.0689808934767971
0.0161075571700021 0.00539502920147809 0.099944564542855 -0.048268496712723
0.00314726405962447 0.0167011461935553 0.0860951309971835 -0.155392011545803
0.0235987716915237 0.0295012723422752 -0.0177758682518466 -0.184339111346317
0.047739039451114 0.0153558713101671 -0.0927388399682211 -0.132642788504537
0.0554531899079742 -0.00568562576617947 -0.122150696822608 -0.0636626337482352
0.0712940972099674 -0.00692359377080824 -0.127975472930781 -0.00149562505763457
0.069010199311179 -0.0045282843310413 -0.130649899927638 0.0550568968575447
0.0739530024964382 0.0118063887045905 -0.156388542687336 0.0714467365327999
0.0607663363715599 0.0488665648334213 -0.177562819889126 0.0411581635151739
0.0340853053183796 0.0551816732850553 -0.17084254654305 -0.000674617088978879
0.0268691914579656 0.0633533568613531 -0.155853958595907 -0.0185648194286517
0.00442288731497284 0.105406445442259 -0.150901904039848 0.00795117955407162
-0.0343536052972251 0.110669014417087 -0.169387431038297 0.138951857980226
-0.0737738608569446 0.092917651943225 -0.122898978577687 0.0368239146448068
-0.0383857180363297 0.0958497216259561 0.0306233572393951 0.0669625782827044
-0.00486746036930978 0.0699890614159782 0.120532396811065 -0.0414322259730113
0.020968868123061 0.0748532810828532 0.108977924982219 -0.143628164865259
0.0600093697713757 0.0713846620002677 0.0115781960263422 -0.172363364015239
0.0910086800147117 0.0382713096391315 -0.056918975535576 -0.131211043638486
0.0979537159485406 -0.000164213505898196 -0.0859525364861493 -0.0712863563213903
0.112487163022745 -0.00509866779488909 -0.0945798984824474 -0.00731130976907782
0.107799295531081 -0.00507611078275044 -0.0915522039103176 0.0571888385800267
0.121751752281663 0.0162233836798587 -0.113105157363718 0.0967138549134503
0.111883093131876 0.0731610159996611 -0.145883174638261 0.0947200780741005
0.0726088408714699 0.101393268339072 -0.173584176701785 0.0554477949395209
0.0295869141594912 0.124978783560472 -0.165917002267035 0.0106875840512467
-0.0319003192681405 0.160851045127016 -0.135522633363477 0.00298191050402151
-0.0816595845872788 0.158983150209129 -0.127305518893791 0.10394692728217
-0.1230930697986 0.109605765028723 -0.0794356804664445 0.00300463948208088
-0.0964680144426048 0.137945256694974 0.0576852890775421 0.0606208354447468
-0.0370841061646634 0.130229982857561 0.143790269770265 -0.0254425728568977
0.0291202126555948 0.132670464137529 0.134053199749095 -0.11493395781757
0.0865689859898754 0.111859627014545 0.0511602048728898 -0.142265828624806
0.122045295227927 0.0605973204139515 -0.00559821264432956 -0.117478831239641
0.126778474127392 0.00777486550197861 -0.0347938785327957 -0.0736243662561376
0.13633959915157 -0.00204843228576082 -0.048401842893593 -0.0120340078283686
0.128353840817774 -0.00610310769711389 -0.040318962884627 0.0542496691115149
0.14850052909322 0.012290461059638 -0.0569119470585105 0.111361207445079
0.146515633395265 0.0777891698356801 -0.0945003701827381 0.13623400315255
0.109007744383798 0.121338636130053 -0.153381073047361 0.109169422614527
0.0406106360940836 0.165794676757015 -0.164215247649335 0.0424567375761988
-0.0522526827737055 0.196396028767156 -0.121136559228046 -0.00572721277367791
-0.112735788611471 0.184284682799544 -0.0762292659044045 0.0589488033645503
-0.153848250535532 0.10834676568538 -0.0157924004773397 -0.0391797262631977
-0.143033930757925 0.154089892578247 0.0907610761511946 0.041729462982629
-0.0731448750893929 0.166662026852436 0.157984669553585 -0.00692024583963581
0.0244700298654391 0.171787573528145 0.148070879845891 -0.0710406560089648
0.0960599014531427 0.137154583094013 0.0940866281805881 -0.0925016211491253
0.133268876074277 0.0751906350055851 0.0539456484634447 -0.0913586976676957
0.136578925143377 0.0139578482102452 0.0233268976943319 -0.0697102864390473
0.140006598383491 0.000174253859111964 0.00350791478025249 -0.0143022201947888
0.128753904804401 -0.00546566772397486 0.0126356173990389 0.047293563667709
0.150839213450465 0.0100229983712526 0.000678956810863335 0.112391588756357
0.155329998471746 0.0745399585905575 -0.0378371455126307 0.156691645526395
0.122840876669156 0.12486631278819 -0.120842808501776 0.144124580801227
0.041950757342025 0.181288055379086 -0.149360244384671 0.0632753225869803
-0.0684720042982057 0.204201225727679 -0.102942029760222 -0.0176551418229582
-0.127816490559338 0.181228043342895 -0.0226225740257971 0.0124351615447288
-0.155712442889956 0.088465590352861 0.055206105115231 -0.0838531709137968
-0.162078338632918 0.137578701996056 0.122423178098204 0.0125782180068281
-0.0972274964991658 0.165010948308213 0.158266906225279 0.00630578147961542
0.0114849442120756 0.174057234239927 0.14430865386817 -0.0213588246603192
0.0866840034712365 0.135677253385317 0.128434679825399 -0.0356081311617706
0.119877244181519 0.0747785361887643 0.110387314738407 -0.0607553431560579
0.123484441760791 0.0162036998634582 0.0794501395062721 -0.0612888758959107
0.122867628180227 0.00287734903925109 0.0529117805298576 -0.0145819668271148
0.111370565370986 -0.00135673818922719 0.0615550537101568 0.0417043534493235
0.130780015302573 0.0128354604968869 0.0498971533067771 0.108113396773698
0.136757998355055 0.0697941766822885 0.00905657780186127 0.1622659759217
0.109711334503314 0.119704949006562 -0.0889297745089752 0.158353843263801
0.0241732297418527 0.174978925974401 -0.126666029509636 0.0698954583293178
-0.0841620001995227 0.182561140032426 -0.0794497063357595 -0.0301925681632967
-0.129155839040908 0.149519661630938 0.0308001062146464 -0.0270832856264289
-0.12815385478276 0.0513475992269403 0.119125709837111 -0.125850241768724
-0.146670476244142 0.0925369248956938 0.145520913395877 -0.0197011175090634
-0.0974016915601974 0.127035691248839 0.149410684958692 0.0133151970025934
0.000952469475302218 0.137178307162543 0.131091152027807 0.0185968276898287
0.0619640576625538 0.102128445644954 0.152029392797016 0.0115659256930193
0.0852578144602351 0.057075228093566 0.154735613217049 -0.0364894935740278
0.0886927218817194 0.0145172271744955 0.12275526341624 -0.0530814240419391
0.0883422799299636 0.00553710001903812 0.0918889137660422 -0.0127244467695552
0.079121577508796 0.00386380326879518 0.0988364417340442 0.0400847713521588
0.0955520226638491 0.0164234012499213 0.0831605025626629 0.104706684649795
0.100341686364629 0.0603916259164555 0.0389575649313898 0.162851667779683
0.0787186936898926 0.104647792979001 -0.0662761353895222 0.159567481440931
-0.00339674828420329 0.147241014362714 -0.103833925220344 0.0676893635864435
-0.0928125750521898 0.136300040486837 -0.0522235828592956 -0.0366099830175012
-0.115573007914167 0.0962493777911608 0.0763883366474973 -0.0505358305791917
-0.0791908494797106 0.00220549673265849 0.159985553340051 -0.156140328176599
-0.104076656344018 0.0337153119645137 0.151762697443175 -0.0438381919903328
-0.0737236622379924 0.0700224298066496 0.142641278695621 0.0181985046720016
-0.00311209369604801 0.0743388630864684 0.125612737388187 0.0394238140622547
0.0289982903207176 0.0478987464175136 0.16858284641351 0.0298338251861249
0.0353248944361275 0.02864565111636 0.178162027976902 -0.0311817407490264
0.0398680599486525 0.0095279067757636 0.145939223524955 -0.0498028689042474
0.0404069944848766 0.00736977164985942 0.115680223022479 -0.00899881023079281
0.0372879755153523 0.00827868351947328 0.120360498414188 0.0439451372552674
0.0506651283396375 0.0157157387883362 0.100553738475363 0.107646485916175
0.0560593217570351 0.0417639632190836 0.051171034783246 0.164074856907242
0.0430273842568059 0.0771039509496365 -0.0545872950125544 0.157779434105513
-0.0259901805681906 0.103700002276979 -0.0861634341435504 0.0654992939594968
-0.0857101140219214 0.0754996629565006 -0.0294012124607783 -0.0352709300756998
-0.0840381378051785 0.033100433695243 0.111161630360135 -0.0558260574916317
0.034675771674731 0.0153605746389228 -0.135047345416707 0.0722439677701293
0.0568287960399267 -0.023200758692282 0.015619498753372 0.0744553578393949
0.0201251673450682 -0.0545889735151253 0.0978279202022658 -0.0487173147217007
-0.0218278484330132 -0.0317954860976796 0.0734650108308358 -0.161428274224919
-0.01601867896405 -0.00658541084003524 -0.0375321425403589 -0.188227715888919
0.000374840689142851 -0.00195824674846205 -0.113635413064201 -0.127029020976604
0.00708478309437834 -0.00722349347799772 -0.139589629385159 -0.0515897416665168
0.0200835121348285 -0.00943016835505187 -0.145444846039998 0.00548737347960959
0.0176629558615479 -0.00775569018892099 -0.152530251003677 0.0521899860071763
0.0146031756911962 -0.0066304191166678 -0.178287183472127 0.0467201695842484
0.0109875324816425 0.000233038338653966 -0.185986027378058 -0.00282489510416835
0.0126076745384679 -0.0130095586057674 -0.156881679958704 -0.0398356657657666
0.0470631946681425 -0.00553369465534126 -0.147853988433989 -0.0362761716377996
0.0618545766764552 0.044020339560227 -0.171033623782013 0.00597235787836806
0.0295401307026206 0.0509407975646103 -0.196538421227328 0.157951990040796
-0.0178751493948612 0.0607355313135119 -0.143329160154038 0.0593108679112427
0.0175430207579925 0.0393337134664355 0.0154969743473283 0.0712060310419598
0.0157283288892521 0.00434105130039315 0.102173070455905 -0.0481461514034979
0.00318250981689449 0.0164767031908004 0.0866904085262947 -0.157681290947611
0.0248083046310668 0.029656419797794 -0.0180382589047707 -0.187227706419657
0.0492404598759437 0.0150693097491112 -0.0933923265095131 -0.134582835936272
0.0569759341565348 -0.00563736113379244 -0.122715787273803 -0.0629936286076389
0.0725762897427995 -0.00746972865115224 -0.129455883017128 -0.000212859074978764
0.070340251758118 -0.00464606751193252 -0.131114069621226 0.0574276384651009
0.0751879807904409 0.012219691072669 -0.157547212013553 0.0734983202870806
0.0623084086977268 0.0490857559281512 -0.180305177287152 0.0431051638817612
0.0350880978190934 0.05563656528049 -0.173259015642825 -0.00108357630395348
0.0276524590156631 0.0642054955612399 -0.15813977020828 -0.0204440406795807
0.00587884328503922 0.107671212296362 -0.152990026800981 0.00533010989931455
-0.0334942300501824 0.11170826658302 -0.171032834031466 0.14105990768168
-0.0752295943322831 0.0934547212026303 -0.124029055021092 0.0370496719354847
-0.0378214306741155 0.0966879360648558 0.0322648024020375 0.0693054157350459
-0.00509338544959663 0.069811842943647 0.122558112004548 -0.0405444867126168
0.0212902928938265 0.0752500269911145 0.110626074391377 -0.14571063581868
0.0612645624528601 0.0717691136005507 0.0119623194160781 -0.174603715764326
0.0928674167179747 0.0378350694734577 -0.0569193639798201 -0.13269966174649
0.099133027702242 -0.000149968406937147 -0.0869915195550829 -0.0716108067720903
0.11393158918436 -0.00622794691261702 -0.0956143650964857 -0.00634018717029447
0.110105586712384 -0.00526379288213017 -0.0912815843513938 0.0592197829313735
0.123350869196077 0.0152944747665852 -0.113359777939867 0.100087352630975
0.114213098060783 0.0736346316388644 -0.148056405997237 0.0970730467069977
0.0746036300476662 0.102410696394131 -0.175727397472976 0.0568071239836512
0.0301980241595307 0.126324862695838 -0.169137942557856 0.00949029175707888
-0.0306338611929957 0.164358901493714 -0.138175463806064 0.000640863478395953
-0.0812909179266997 0.159780536477261 -0.129496544022501 0.105971932321095
-0.125189247436791 0.110244855420394 -0.0799453473456365 0.00276452752432674
-0.0961428871144628 0.140151671159569 0.0595883254588776 0.0628082692358821
-0.0377612573084346 0.131502765468385 0.146279871661077 -0.0238175142903302
0.0295742042414308 0.133600542187801 0.135797421146992 -0.116196506461041
0.0883072837054725 0.112464506694422 0.0531957378439633 -0.144038075166905
0.124512930111707 0.0607350914449942 -0.00438500941139395 -0.119561185674433
0.127851798707743 0.00746523259816612 -0.0355987830118298 -0.0741890629066636
0.138055223087362 -0.00380564023135563 -0.0482684987830472 -0.0112798819163591
0.129819936922203 -0.00717474823590217 -0.0404623559947793 0.0557570878678064
0.150040460455922 0.0117358774677497 -0.0557440027393341 0.114165148764814
0.149714654991203 0.0775844483754508 -0.0952642407394551 0.139342762708797
0.111115317644891 0.12195391488853 -0.155644867240002 0.112093044992192
0.0422158648207362 0.167455353236953 -0.167368543872686 0.041065645689755
-0.0516341345490793 0.200463236283133 -0.122991243339911 -0.00769537332321147
-0.11227450250307 0.185755911744288 -0.0778492807241581 0.060549151993352
-0.155835015703273 0.108740182217694 -0.0151660375352521 -0.0395597140677821
-0.143557415277872 0.157073366737866 0.0928281869179828 0.0443307738788174
-0.0741199242102112 0.169196759865636 0.159753298018442 -0.00475378976292811
0.0250017308863228 0.173255669855003 0.149909189096613 -0.0706964712714155
0.098142263940156 0.138212440817947 0.0969670393560891 -0.0942263636955874
0.135684501014721 0.0756523546453322 0.0560018934134321 -0.0936985522155388
0.137301603399201 0.0140182735171167 0.0229108868917629 -0.070362595517673
0.141368030421341 -0.00102249096029173 0.00395849792440017 -0.0144082488237862
0.130672140067768 -0.00623558101812753 0.0136247190284711 0.0484051667779116
0.152135399160254 0.00942513320216058 0.00267331223256145 0.115398700433499
0.158404026352218 0.0735531026527035 -0.0366203455884306 0.159322440757431
0.125606939627199 0.125188200572547 -0.121596083029371 0.147936658500389
0.0436787991716485 0.18363563186303 -0.151584398816048 0.0629657968314488
-0.0679647690413319 0.207835964914772 -0.104892034278395 -0.0196571289356113
-0.128271596519081 0.182167339507601 -0.0241313839152195 0.0131789151932379
-0.158079358230128 0.088594036044549 0.0565983104174719 -0.0849841985787069
-0.163658778868247 0.140003832544433 0.124923963213201 0.0144285510711527
-0.0983550943978601 0.167208430061487 0.159379311588169 0.00840086142888494
0.011760901414104 0.176431867717328 0.146755219207441 -0.0200183797776685
0.0885457255525189 0.135901440661736 0.132059318930833 -0.035827899168767
0.122633536857506 0.0756873410122519 0.112965149794735 -0.0632845726022631
0.124382013241783 0.0164979788259109 0.0788718021076893 -0.0626073074677599
0.123986703781504 0.00174092227675906 0.0544894211273604 -0.0145748528743979
0.112730525144237 -0.00176127014239372 0.0627809102800284 0.0423294356657364
0.132222908360444 0.0121691455019571 0.0522556744128361 0.109903500237714
0.139177514962336 0.0685950158253876 0.0102890833042146 0.164827515964588
0.111906649032383 0.119771093135354 -0.0890901943751651 0.161621437100982
0.0251284628543839 0.177003405061784 -0.128508313954912 0.0696493266282083
-0.08365169813681 0.185852389069915 -0.0809307215433152 -0.0315399892574875
-0.130036693287306 0.149348313972294 0.0290448002121432 -0.0267992021657361
-0.130508621189364 0.0503981845714286 0.121409183730867 -0.127390845349563
-0.148525034378653 0.0939809665035515 0.147906082182522 -0.0186431384657422
-0.0985357740060975 0.129020134638114 0.151044174106905 0.0156739087388997
0.000551968005858638 0.138852100731093 0.132943764894203 0.0213468604460109
0.0633540437843981 0.102486731920448 0.156631052767488 0.011912888419171
0.0867686708632421 0.0577510831633586 0.157149612313727 -0.0396649808154088
0.089959706438377 0.0150236218526576 0.123580355795148 -0.0551930651125528
0.0883176757376559 0.0043156086076673 0.0939138889312868 -0.012965324390927
0.0800856648090292 0.00377132169970714 0.100606517523159 0.0411891265086239
0.0963078252797573 0.0165805226870415 0.0857749830664709 0.106271569714424
0.101904783966004 0.0600085006536636 0.0399319839025935 0.165027351860703
0.0797462501874921 0.104653059396801 -0.0655049048732416 0.163159198540594
-0.0020791630961096 0.148885602165738 -0.105559514271419 0.0675710679549619
-0.0936222513912441 0.138106923339329 -0.052952216869242 -0.0377127746013105
-0.116463147436953 0.0960501416822935 0.0759357838514147 -0.050483384893008
-0.0804529159373835 0.00106155047843039 0.162649594530878 -0.157137755797597
-0.105516249534095 0.0341453099384591 0.154032772474363 -0.042654290301211
-0.0748002850675042 0.0714685007154274 0.143759146334627 0.0201052266604674
-0.00331313818946007 0.0754089861397309 0.127001895874543 0.0422902509741174
0.0297247529134465 0.0479053599024342 0.172605105507089 0.0305035176312191
0.0362382977833825 0.0292172274748722 0.180851431195148 -0.0332717916204854
0.039852332067469 0.0103511243713161 0.147509681318292 -0.0520301398929447
0.0402742485603894 0.00702013079187791 0.118280510747458 -0.00978713412008497
0.037890269877161 0.00851046133025423 0.122216389660031 0.045076464810944
0.0507453935255673 0.0155977209671875 0.102578427091483 0.108875290931471
0.056588883486015 0.0414538919732821 0.0519599557421154 0.166195153860637
0.0434185103191876 0.0775824972010549 -0.0537474959939697 0.161195725003282
-0.0258095882959644 0.104741110757531 -0.0877470038416633 0.0651050363470187
-0.0864778843727028 0.0764626869392462 -0.030380381548895 -0.0359425831385482
-0.0852932091027382 0.0324512784640352 0.110824548057091 -0.0562730477947135
0.0356211459227901 0.0163525761300797 -0.139082642029997 0.0743912184221235
0.058736323338055 -0.0250971082447089 0.0171885039135519 0.0780167348548915
0.0201315286780922 -0.056925384089975 0.102390837387945 -0.0504668159390751
-0.0230427674418743 -0.0329338700486363 0.0757434296410783 -0.167314002494876
-0.0161442090414098 -0.00691208947445098 -0.0391228270630823 -0.194938147527834
0.00123728266088537 -0.00251018785472386 -0.116798703329952 -0.131173109271137
0.0084531392083999 -0.007091417350825 -0.141860152354366 -0.0524122855532477
0.0212909124051807 -0.0101235251103727 -0.149186700109391 0.0062309838657947
0.0192064385532302 -0.00829512774362286 -0.156507683537148 0.0545736001572276
0.0149827494403904 -0.00612483137943711 -0.183322938888844 0.0494607555416997
0.011111542328712 0.000573543102376731 -0.193114386501072 -0.00264910886438185
0.0135182730819422 -0.0133948650345719 -0.161869925481354 -0.0423399836692981
0.0485799630956674 -0.0058800094282256 -0.152918083385298 -0.0403536819267262
0.0652451444414709 0.0453838400291054 -0.177288582738907 0.00417390331002869
0.0311387872194282 0.0521277569048996 -0.201672526324056 0.163448768463478
-0.0185901468778887 0.0629828736947232 -0.147394620612652 0.0611275560109769
0.0191580742235705 0.0400506904018856 0.0174666804947616 0.0746054286269059
0.0156071808708876 0.00364596997772976 0.106694665680782 -0.0485354307026305
0.0028937413879344 0.0164839456660154 0.089786880923049 -0.16294251970118
0.0256577617344977 0.0297217901848304 -0.0190172904309189 -0.193649624128322
0.0509810389328961 0.0148704915888195 -0.0953623791243386 -0.138551285657427
0.0590468291425386 -0.00564733317796364 -0.125496433492561 -0.0635628078296222
0.0751595150833663 -0.00887411474971596 -0.133018649346601 0.00112363309704758
0.0731272801866539 -0.0052215291941405 -0.134244268963455 0.0600944563636608
0.0777846881354046 0.0125467956030385 -0.161661443653816 0.0773140854817865
0.0647722529555533 0.0502673705737066 -0.186525138146428 0.0454944667899926
0.0363647817249369 0.0571435820209363 -0.178902503340299 -0.00144684320765528
0.0290208316774786 0.0664843283010022 -0.163874228284942 -0.0235463508173042
0.00799387853579769 0.11181972230862 -0.159437584394865 0.00353548844259589
-0.0334054788417756 0.113560432096928 -0.176367063685409 0.145719184488232
-0.0779686867677719 0.0955261723613679 -0.128453096682961 0.0380264203573202
-0.037381928025085 0.0999199899198796 0.0348952708217794 0.0730324920241711
-0.00537063924584351 0.0708652252177491 0.127033579092689 -0.0404562907562359
0.0218978255598056 0.0763934284664661 0.114809726852981 -0.150281068769161
0.0640274766978403 0.073282731958423 0.013688452296289 -0.180698042519049
0.0961219165594903 0.0379492297310869 -0.057426476202332 -0.137734916074077
0.102448045317412 -0.000112165095096857 -0.0888753185145409 -0.0726484631238585
0.117617770322681 -0.00716334634097662 -0.097699830072294 -0.00516921478460748
0.113404960243115 -0.00627752422989165 -0.0925601649220972 0.0618078638729588
0.126609623790119 0.0162060988302542 -0.115563629555708 0.104480832494666
0.118631954717497 0.0745225252822433 -0.153132801007709 0.10145331466009
0.0779661262781585 0.104797251816186 -0.181193890315847 0.0589367319891295
0.0319419871729232 0.130244528042355 -0.174636613223845 0.007004745137585
-0.0299142574632954 0.170626601201645 -0.143218921867586 -0.00133316829469611
-0.0829391231253321 0.163148020055824 -0.132978165419935 0.110372242543304
-0.129832694499012 0.112872088186439 -0.0820432306831889 0.00242555858992454
-0.098578115002702 0.145224132776597 0.0631274595662518 0.0664503258289681
-0.0394456325375378 0.134924807993956 0.15008538733459 -0.0224501427421088
0.0301684950729825 0.13679061175411 0.141052153016587 -0.119508462417828
0.0917581728012368 0.114667223634863 0.0566781165185206 -0.148858931309401
0.128857104631106 0.0614686071574042 -0.0027366040516641 -0.123673937678876
0.132053413007094 0.00822061636456256 -0.0371191958215446 -0.0764765541793301
0.14187201119489 -0.00478646961239578 -0.0492948351589043 -0.0107050745166879
0.134369535237285 -0.00800608611228059 -0.0408518939947124 0.0584375255785701
0.15488104704757 0.011035274892109 -0.0554763427110084 0.118793479048647
0.155169103801061 0.0785509878751838 -0.0981017695026032 0.144226603978039
0.11552504468211 0.124684002629507 -0.15986343349333 0.116453171246959
0.0444819287449395 0.172417558138661 -0.173354090981446 0.040404218888834
-0.0518628426773132 0.20782058989455 -0.127388864091115 -0.0101571460460939
-0.114876796909219 0.189474051982135 -0.0808128008643191 0.0630756455236109
-0.161601539838007 0.11081340221832 -0.0153257775505491 -0.0411799531527046
-0.147414439252531 0.162997279362558 0.0970801807207427 0.0475424569755878
-0.0767688562834239 0.173632359087665 0.164116032193767 -0.00217285114012902
0.0257666968281199 0.178323516984925 0.155890638818164 -0.0717131485039569
0.102254696979609 0.141563488013346 0.101405757832248 -0.0965847151359836
0.141192155830415 0.0768720885330633 0.0592155915727056 -0.0986826794056496
0.141326457796776 0.0142409748664625 0.0228021656366793 -0.0729699254730358
0.145264163651102 -0.0024899806428593 0.00496454468682837 -0.0144963563454529
0.134732305621904 -0.00661252004282369 0.0152058179247535 0.0511539137432284
0.156549670832458 0.00910846245250964 0.00472684328525894 0.11908812630683
0.163823000899026 0.0736992716422645 -0.0379294150846985 0.16569157807315
0.129643971409941 0.127428761633065 -0.124817743944178 0.154033921864458
0.0459885519741407 0.188942368143787 -0.157688686239207 0.0631386949823556
-0.0691741678576936 0.215146593361388 -0.108359935281298 -0.0222612922434222
-0.131158992564963 0.185463578952815 -0.0263127001376195 0.0144600073572555
-0.164592879541522 0.0896860598012248 0.0590353596520754 -0.0876530373144924
-0.168624412162612 0.145297415024454 0.130103942018719 0.0167218977836149
-0.101836230987887 0.173021865817615 0.163572064079073 0.011539445733823
0.0120154131298128 0.181838530806286 0.151538741282084 -0.0184447992529197
0.092483575791106 0.139229929209056 0.138017748871876 -0.0362738238162639
0.127579581245997 0.0772784281750665 0.118018826202833 -0.066828008160426
0.12776623010179 0.0173355012902506 0.080388256025913 -0.0651385918688597
0.127027608824248 0.000781047078780097 0.0566480359537615 -0.0150630415743038
0.115956259127894 -0.0026636735313827 0.0654267329881529 0.0438766641818413
0.135898135831758 0.012368494924626 0.0556655844200746 0.113283917908444
0.143503335331005 0.0695258761776281 0.0114223238297975 0.170375763363785
0.115480033898964 0.122089382182286 -0.0906800544357178 0.1688056500395
0.0270818374992041 0.18162143932934 -0.133486120343096 0.0707863088621122
-0.0860688791527965 0.192018205668683 -0.0831658892716557 -0.0335165964342393
-0.133718653483851 0.152736097103218 0.0287024598569482 -0.0269382158853976
-0.135422821312917 0.0502726020771176 0.125817382375996 -0.130924241377642
-0.15239209318348 0.0971837932915436 0.153608939093004 -0.0172743895663935
-0.101704481336175 0.133570635844028 0.154769743182768 0.0189244108300078
0.00072053261667454 0.142963005616089 0.137394590344525 0.0242099809426022
0.0659363273892528 0.104647643550903 0.163070204734485 0.0124735032535428
0.0905014921384056 0.0593657084629331 0.162576466911818 -0.0422050950053686
0.0920990267199586 0.015716057692552 0.125593365406814 -0.0577362284485465
0.090533507769534 0.00386131906820375 0.0976444960899841 -0.0137854962448293
0.081983999667131 0.00334484211959032 0.104196492575738 0.0418935907594501
0.0987018914573782 0.0166539753012551 0.0896278249830989 0.109295587266023
0.104765658742983 0.0605933821186467 0.0414448680833319 0.170158787717075
0.0820846103446571 0.106633798570472 -0.0664874512706199 0.169693257815016
-0.00202107401504584 0.153707417158412 -0.108828789965493 0.0690115420230258
-0.0964403589520523 0.143318515955097 -0.0548228050050796 -0.0396515452176361
-0.120102667176476 0.0974174507131888 0.0764479341326232 -0.050898064642563
-0.0837593606488871 -0.000396964560596264 0.168117225767308 -0.162135384262562
-0.109014260069139 0.0354215192481345 0.159609582536479 -0.0427510132694898
-0.077291451440052 0.0741258600078727 0.147448566469656 0.0231873898072168
-0.00312649581486035 0.0774158660504127 0.13137363453219 0.0466685569728974
0.0310336965420623 0.0486581618975244 0.179386465663647 0.0314816400796635
0.037948487553806 0.0302411104673233 0.186309638136239 -0.0366850597326181
0.0401042102700921 0.0112561839480448 0.15046928183001 -0.0543297016316451
0.0407906343363298 0.00656925949071629 0.122538064450542 -0.0104728488570254
0.0382860916450837 0.00890621378858056 0.126689245348452 0.0458343364421428
0.0517872106653666 0.0156060850714468 0.106585388958383 0.112190967116795
0.0571580950884387 0.0423522154802362 0.0535406897829595 0.171188213600646
0.0447105019860557 0.0790240312203458 -0.0545822315770868 0.167364460096494
-0.0263615503957467 0.108519111194084 -0.0905426072965544 0.0666242528359404
-0.0890252046713352 0.0786368277089511 -0.0313614294012692 -0.0373225415192401
-0.0883962784689603 0.0321509115082436 0.112010802751538 -0.0567280160241176
0.040149012053781 -0.00546748762034286 -0.0666918815455076 0.147031310717865
0.0334737243871192 -0.0558622227317498 0.0661095382810188 0.0507367522260877
-0.0179880732326754 -0.0599599625611763 0.0527349568892103 -0.108623112194734
-0.0397948367636463 -0.0140059856263177 -0.0446861098842983 -0.188807046790713
-0.0180193984802012 0.00450629444219069 -0.156126978359588 -0.135633308536807
-0.000673318031880513 -0.00306011905025517 -0.179297368867925 -0.0342697533958354
0.00390586518694821 -0.010431776433626 -0.150331930078041 0.0470542339654723
0.0116727165920979 -0.0225123839903967 -0.11866687082143 0.100940440307211
0.0107091851197592 -0.0182151270984849 -0.0927159869556413 0.144789866183043
0.00902742756984967 -0.0135396080476717 -0.120689504288975 0.15942685095236
0.00948092386938433 -0.00517709302003495 -0.161547629589992 0.121609894637189
0.00189850528802274 -0.0185521231336667 -0.163262966584035 0.0675091808955636
0.0369386848877125 -0.0360056368244121 -0.155277004808546 0.0649141034152584
0.0851583024845337 -0.00395163626004809 -0.147337480907342 0.122935537326645
0.0581459465711941 0.0260156820278675 -0.0628070372805085 0.269661337411448
0.0203598365139759 0.0656522277695174 -0.0778727630922548 0.144411399110176
0.0397927720498855 0.0208293340865691 0.065559110901489 0.0510734891868857
0.0143475963511078 -0.00755731905106592 0.0604968051194857 -0.107756381938306
0.0104297545613263 0.0108300597329698 -0.0273592920401549 -0.193139722072773
0.0382404031594197 0.00939343230240712 -0.137071222762351 -0.147990930763816
0.0513082493588876 -0.0192916130468555 -0.164652583748827 -0.0551374577365683
0.0451775575254547 -0.0407978319478837 -0.143264930663234 0.0264641061648086
0.0566121275483958 -0.0555109167534188 -0.108249927782903 0.086162468799217
0.0582267252906033 -0.0504704563887718 -0.0708591003009253 0.136134875019152
0.0732026944774741 -0.0381535411313085 -0.0838806039926288 0.168673184080762
0.0867425947535223 0.00160747462949678 -0.125509558341584 0.157641171890369
0.0670737215407106 0.0270719336952158 -0.1516495746103 0.113004138065657
0.0668670439681298 0.0400130225122041 -0.153662720125285 0.0848219714051369
0.0807683314695042 0.090788629168961 -0.135488251424037 0.108615830579255
0.044495882269531 0.12135245363961 -0.0538456583241742 0.234276961172456
-0.0111494379193135 0.12781897166729 -0.0739167195831448 0.116800509112477
0.029395013689443 0.103107031212483 0.0793308766827747 0.042614583518447
0.0372353030475596 0.061079537677801 0.0853310108821499 -0.109643301183068
0.0616242718957285 0.0486085755104323 0.00474442022430004 -0.197860055101042
0.0956567872081907 0.0214578186223191 -0.0999503026294889 -0.157882007002341
0.102473307397055 -0.0283850360384668 -0.130638041729112 -0.0784733283901276
0.0840860930332373 -0.0632575839055148 -0.11860002282269 -0.00520096469925296
0.0922723286172264 -0.0813230110897147 -0.0831430260369935 0.0582343253610173
0.0913440071785746 -0.0778330104098703 -0.0351537064262005 0.111525580021329
0.116837892547213 -0.0679466177069741 -0.0283497233171135 0.160979796010135
0.148146624978662 -0.0132219159395386 -0.0613024308637518 0.181416149097867
0.132878264761399 0.0412164234009894 -0.11366184790254 0.164392280084762
0.111917337974183 0.0935342181853123 -0.143142505961281 0.117079640443745
0.0871200020889293 0.165780713081331 -0.127152699319676 0.0927134717168144
0.0355705324683756 0.194829816466998 -0.0435300878916355 0.173734594256837
-0.045303083186922 0.173051449115792 -0.0557661743417923 0.0613925247017574
0.00668601509212004 0.176278356638162 0.0981919951507496 0.0229980183990748
0.0482120271442828 0.134461407526819 0.118405321166097 -0.105876918930498
0.104608409228367 0.0930616891414931 0.0497764622101389 -0.186945983407545
0.144233345825222 0.0381641575801752 -0.0428108276907726 -0.15927033717291
0.143608483117405 -0.029305544947319 -0.0767452884872144 -0.102239801578086
0.112350527136991 -0.0748766109295766 -0.0777985814908991 -0.0415963876536601
0.113736226246321 -0.0950435852536619 -0.046835186965888 0.022868914986043
0.107697845114004 -0.0924671453781443 0.00551243777954582 0.0753707667439047
0.136707193915525 -0.0898521223270718 0.0304658270570374 0.134909478264766
0.182124704110609 -0.0343202813659869 0.0115633480552508 0.180895930873816
0.178001970479923 0.0332971700001014 -0.0581738648210101 0.19830443908247
0.151405289711077 0.121844891865714 -0.119755626529639 0.143328466789602
0.0933541673681186 0.211975751201896 -0.120853397788428 0.0740150348691441
0.026204457743886 0.237861918433484 -0.0312965370788497 0.0980973281293924
-0.0745567080215426 0.189203385283315 -0.0285722812742442 -0.0143973664847708
-0.023072682650857 0.220291313178897 0.113473550513095 -0.0120354229184675
0.0409150924756246 0.19004217776936 0.143427429364064 -0.0948733308280338
0.125367377704436 0.129925572421779 0.0939378119389168 -0.154651047620374
0.169142089088601 0.0535033967833094 0.0276184202844454 -0.145323774908791
0.163197214620545 -0.0242856291370284 -0.00834155186944745 -0.119904959059186
0.12448514752837 -0.075806538863345 -0.0266503967563339 -0.0772924741539148
0.117798056881458 -0.0947986621226219 -0.00422759849479622 -0.0149803520321048
0.108668539278278 -0.0919729853285813 0.0465151989663976 0.0335066346654384
0.136523307220608 -0.0933426789403317 0.0810239465191184 0.0963727622791233
0.186685561244311 -0.0438121381438254 0.0746895635257341 0.158406282821826
0.192283129036592 0.0263943598251881 -0.00568569272795068 0.207121396454151
0.164160838643558 0.135440133205135 -0.0919987740048381 0.151765421419509
0.0840997130552201 0.228799124631277 -0.112843185034934 0.0512357474480947
0.00992793580593114 0.244480555386222 -0.0176842501110756 0.0204543177513736
-0.088805872894793 0.171350618975468 0.00161523605162373 -0.0994964741567771
-0.0506718637517441 0.217711491149568 0.119639852536047 -0.0581004844205059
0.0199023476044672 0.204050714150294 0.151053859121763 -0.0808893928582123
0.116765843417857 0.140625431244808 0.124075268456302 -0.106359774665272
0.159181196384283 0.0578121086761245 0.0957750486906309 -0.117674048365956
0.152019363801594 -0.0160384124736636 0.0585521449838394 -0.131286230087119
0.114881863518536 -0.0648307410795721 0.0259627357251365 -0.107301834785528
0.104930756733206 -0.0802177615822072 0.0375104211520794 -0.0486840629987063
0.0958065647731621 -0.0765057768207007 0.0830637481472194 -0.00425798382027772
0.121716445974042 -0.077288555160179 0.119282442068764 0.0590939132020353
0.166994628426512 -0.0348325234213326 0.118306887147781 0.13159492849545
0.176292185897866 0.0305489862669848 0.0329868431346016 0.19724062757388
0.143069735934771 0.140549432545516 -0.0665696891606904 0.142847004812006
0.0536062570984443 0.220140276812835 -0.0991653548948429 0.0243800541757236
-0.0138201225893066 0.216931049253604 0.00272639087389905 -0.0492902471613008
-0.0870499941053453 0.1203415668943 0.0265362537084222 -0.179203043148343
-0.0669704583333099 0.169199771740101 0.116432076289199 -0.102450450835073
-0.00317811157230008 0.171818633839045 0.146010980708258 -0.0708915423859141
0.0850077767241361 0.11613956175563 0.137984590845492 -0.0617228506428114
0.117169194070424 0.0445324899292188 0.146333315453085 -0.0919556285252977
0.110274923267755 -0.00816013877838752 0.109646880291491 -0.138794397262501
0.0843379443587239 -0.0446798025980496 0.068321262133653 -0.130160452389361
0.0770596780735395 -0.0545654024061401 0.0721959330186144 -0.0734697452282704
0.0718861752691426 -0.0496588812507844 0.11392733507209 -0.0307636279644508
0.093242118509014 -0.0499033205328117 0.14488484806765 0.0343461907115597
0.127837601703025 -0.016614285761736 0.1432369958151 0.112640369547664
0.138109446791128 0.0388598828980138 0.0543087206091591 0.183064257925945
0.0998623477507007 0.135555916917018 -0.0465368365812364 0.125478670021194
0.0120996805306376 0.18452776620462 -0.0775932508622488 0.000449724419295983
-0.0385582275898741 0.161109932475042 0.0283900962112392 -0.0985258707158258
-0.0727406227656732 0.0468914896768567 0.037677502712122 -0.233303649103705
-0.0681605345440005 0.0919817920542422 0.104411289329118 -0.130263234405895
-0.017705247511009 0.107276702252968 0.140438305258774 -0.0658229117452747
0.0436613984131323 0.0643300758091241 0.144842144707251 -0.0402045831855063
0.0539961285460858 0.019576796346883 0.170137567292232 -0.0874870188980207
0.0492458578065393 0.000552499522536342 0.130138985272838 -0.149119200534942
0.0395173519691704 -0.0161959133863087 0.0896821512371029 -0.142221976114499
0.0375186076406473 -0.0207767774793376 0.0944826900007718 -0.0868038019703077
0.0382644745463403 -0.0173423737952059 0.134529857943869 -0.0420215606169824
0.0533275627031791 -0.0202624588055106 0.160268163722699 0.0258800498391264
0.0765334059894198 -0.000936481112719417 0.153570221997713 0.106268221629101
0.089039927892953 0.0396235582477904 0.0627478017732786 0.172835701003558
0.0489750718871407 0.112685068807909 -0.0324987193910541 0.111892848669442
-0.0246521528501021 0.125545568545772 -0.0544979933650797 -0.0127843716090111
-0.0538573314945161 0.0849809219650294 0.0563424281150635 -0.124635429120343
0.0429130574763578 -0.00720003959890136 -0.0633780426442564 0.157278849336345
0.0326451733289326 -0.0609374416993299 0.07464382552075 0.0501350617273023
-0.0219878952214791 -0.0617601076533357 0.0516195580340029 -0.116522346476828
-0.0424540529616401 -0.0124739415459966 -0.0559182951341703 -0.196381927703083
-0.0191016270173008 0.00623706750573399 -0.171212703722336 -0.136007169769283
-0.000818030546563658 -0.00330389979161092 -0.18964380059847 -0.0292799020423675
0.00465158709959752 -0.0120678429204686 -0.153694000206321 0.0543704188258316
0.0117180596425491 -0.0243824863765785 -0.118989192061252 0.111042092670721
0.0109646803957857 -0.0200606579237655 -0.0905541594964787 0.155777255985177
0.00919540013834643 -0.0140974278804221 -0.119205933033087 0.172611291343418
0.0102066101173325 -0.00552691521118794 -0.16508828266552 0.135458010314012
0.000784882422914442 -0.0185128294798212 -0.17003061483857 0.0766442471590752
0.0367933467929997 -0.0390071095122997 -0.163631927870212 0.0728092735221367
0.0896383832437091 -0.00950065541567255 -0.151666730563379 0.134952992947902
0.0613002831848082 0.0245270836788666 -0.0538293015317638 0.283995939105437
0.0244218053296139 0.067683446569237 -0.0755837926967735 0.154974593268468
0.0430337035527311 0.0189748640093953 0.0739027704350754 0.0511820963001582
0.0136021915554429 -0.00845042773316565 0.0597572801318189 -0.115095263934572
0.0105432466264718 0.0111535333618751 -0.0377166820615327 -0.20256393395603
0.0402077580397862 0.0078968547169102 -0.151022716372865 -0.149990434841813
0.052459783619716 -0.0228580698701644 -0.175010596205266 -0.0519507185252122
0.046964047182185 -0.0451930051613099 -0.147228990134161 0.0326447572268135
0.0570162173739842 -0.0615932804313215 -0.108448064655638 0.0947827478101442
0.0588872682668814 -0.0561506757489233 -0.0674056479629751 0.144930514879672
0.0752223717228886 -0.0434530932819957 -0.0796765020263401 0.180522607874968
0.0915661421435757 -0.00237405622083537 -0.124575001561342 0.171196178908169
0.0711191157662403 0.0255004697421308 -0.154477917899797 0.123783625693162
0.0718213245594057 0.0394661913565049 -0.160986669987509 0.0939508545727264
0.0896212938969595 0.0908619607318214 -0.13949903704319 0.119850331505228
0.0505312425450059 0.124284258081864 -0.0455670888683757 0.247145640741259
-0.0074613051224413 0.134976136262425 -0.0719263226405891 0.125180885633013
0.0360571094347354 0.105967796308015 0.0880494573507098 0.0414425461067934
0.040692400743589 0.0630326471983231 0.0868606942109776 -0.11784412493367
0.0656707821492712 0.0486401775983294 -0.00351527630578633 -0.207835148451904
0.101100317385888 0.0178480547643132 -0.112171552041887 -0.162969586391162
0.106038145507025 -0.0353702859935575 -0.140389773259909 -0.0780024429788577
0.0860150115478598 -0.0700050256802314 -0.123705897618544 -0.00102910009561829
0.0929948401612446 -0.0901159992175818 -0.0836053951014251 0.0640222641340393
0.0924474459445662 -0.0855745534039846 -0.0310664370652081 0.118274143289876
0.119608440522206 -0.0768201317434554 -0.0209722390079608 0.170111580182791
0.155468439581949 -0.0208180240032431 -0.0560030132351641 0.193878423519252
0.140362190130267 0.0368649494760165 -0.112326156260462 0.176821941817366
0.121872566717521 0.0929967246209034 -0.148091408288477 0.127511268745734
0.100261162368389 0.169214384081277 -0.131823925536785 0.10185047038637
0.0445824294891093 0.201994561577618 -0.0380024060774754 0.183604965106939
-0.0424756767843246 0.183427694381376 -0.0562063527260262 0.0668504538513038
0.015334306260216 0.184183686214951 0.106824717448026 0.0200723093741313
0.0552473982035845 0.139734928138969 0.121990083243924 -0.113862340039391
0.112899523744953 0.0934985304257357 0.0447290490714657 -0.198825688581155
0.152496158387936 0.0329996550093954 -0.0510787661811695 -0.166208139358286
0.149141066357969 -0.0380437144470307 -0.0844942123078394 -0.105648833625739
0.115036191388767 -0.0832400056621853 -0.0830338895656353 -0.0407125564141232
0.115371151097192 -0.104977839804835 -0.0470873285159593 0.025604546934921
0.108186906905401 -0.101931124673298 0.0106534022245819 0.0781703896364059
0.139632167839872 -0.100521525938903 0.0394860681358351 0.139417769301224
0.189204089863187 -0.0451088010965922 0.0205519702539754 0.19002478451265
0.187578799305967 0.0266119229539509 -0.0529153718289375 0.210931227115951
0.16438897241329 0.120560588770547 -0.122780438463843 0.154534987853656
0.109573989143664 0.217611185649354 -0.126762493599447 0.0820056084360104
0.0364027229262408 0.246530134888474 -0.0284509902327969 0.104644483389801
-0.0723075972750106 0.201663993968861 -0.0303170144119458 -0.0148503116649508
-0.0140526174154681 0.231396167973729 0.120940365425527 -0.0174413335419124
0.0503365412511573 0.198099514069999 0.149405470503699 -0.102715911572579
0.136756573495742 0.130823019850355 0.0932383930595038 -0.165878254559425
0.179522993296357 0.0476189346542219 0.0242286142530489 -0.153949153409621
0.170010163916264 -0.0339527682998911 -0.0140066106582983 -0.127813417326641
0.127195734472146 -0.0842121447521789 -0.0311786404440385 -0.0800304946108344
0.119041985252594 -0.10452446814843 -0.0046515217258112 -0.0161981413001179
0.109600246435533 -0.101137870155358 0.0514367136204111 0.0330850671745085
0.138918837209264 -0.104110731485951 0.0909168236140245 0.0968782015421066
0.19292203222338 -0.0559115483749359 0.085361249462444 0.164409633487508
0.202024073683921 0.018297567943366 0.00365938730294998 0.218033823625025
0.177551562096972 0.134050183756555 -0.0926109407145872 0.162889309155436
0.0992490733212901 0.236925845943186 -0.118728479852833 0.0572329061401023
0.0194839917120729 0.254296958549086 -0.0172956603910266 0.0232390176281451
-0.0886185785586143 0.184237890166233 -0.0012777720038705 -0.10497075533375
-0.0433754664336141 0.230297574041153 0.124966603272219 -0.0659986083995254
0.0292883499608149 0.214112086498532 0.157614584436208 -0.0889759039276563
0.128600206149145 0.142966119246935 0.127677174838627 -0.115571920647379
0.169686949370203 0.0526319348979907 0.0971207816680927 -0.128308864926634
0.159144399277489 -0.0242750328868584 0.0562776601873148 -0.14185276250074
0.117521471424878 -0.0728855369856369 0.0219899893791723 -0.113427997764403
0.106255120211282 -0.0890000570863237 0.0381031760010424 -0.0533039729542768
0.0969875845825433 -0.0838642892734499 0.0879832728800245 -0.00891499129366462
0.123349000826687 -0.086642250517903 0.128838234216675 0.0553865764246539
0.172746151761413 -0.0436876710268392 0.130082434358825 0.134026726180517
0.185125823390922 0.0238151149926924 0.0442510612559319 0.206409903149856
0.155768191906631 0.141219071778368 -0.0659320705483851 0.15202731933187
0.066800483720397 0.228411343994362 -0.104552495325165 0.0289481292906437
-0.00684120474572197 0.226944829420961 0.000473654043462758 -0.0496966632874014
-0.08856893319384 0.130255043979672 0.0216169266285212 -0.188872349056425
-0.0629817351819715 0.179935174418049 0.119693918425865 -0.112098072148843
0.00329363538068945 0.180611621334788 0.151819450634786 -0.0778560556322079
0.0945107021540387 0.11830545032494 0.144730860046907 -0.0689963770277971
0.124162666917059 0.0411884687619062 0.151460383371486 -0.102422716748146
0.115870475459498 -0.0140769292907968 0.10881237408527 -0.151738028818814
0.0868045830739774 -0.0501698605120023 0.065264860198468 -0.138390293064829
0.0775273559900078 -0.0605474621510782 0.0733034251090834 -0.0805365661559199
0.0728083291518511 -0.0549466099994607 0.118878370114824 -0.0377357053620552
0.0954745317978864 -0.0567866234698185 0.154331945460251 0.0289283350381237
0.133040495775171 -0.0228343068307353 0.155374246905456 0.112099438761937
0.145694406149733 0.0336552042250921 0.0660829893347084 0.189858752818732
0.110023012952919 0.1374652767987 -0.0450723854367801 0.132654808319341
0.021365647649681 0.193231079222346 -0.0827644146631685 0.0031516137024199
-0.035492033728911 0.1692139592478 0.0258439197950355 -0.102283326329238
-0.0758973496016131 0.0522814123958216 0.0315605330301818 -0.246495888541099
-0.0677569539037185 0.0997293309616808 0.10517081590901 -0.13990309979423
-0.0138726726842372 0.113510838182723 0.146556477780389 -0.0729511921733275
0.0491950012787456 0.0654555813810172 0.152883008439572 -0.0461343728034523
0.0573579285851796 0.0173869490707034 0.176965922627742 -0.0985914739738193
0.052287281601706 -0.00222376402811418 0.129663105867671 -0.162494881674194
0.040865080375767 -0.0181943851571062 0.0872410075109321 -0.153091625620052
0.0379981402646624 -0.0231835376723113 0.0959800884818069 -0.095294090482347
0.0388595023809051 -0.0194228997982297 0.139610189985986 -0.0508715355645851
0.0547646452579002 -0.0234095129684343 0.169657583957382 0.0202221389982898
0.0796402129064474 -0.00378731614345918 0.166092346715036 0.106106994727664
0.0936940295082521 0.0370644416751037 0.0740369529994849 0.178599406490349
0.0561326987527937 0.116033202369329 -0.0305047362883428 0.118347568971122
-0.0205502230277246 0.132321780127139 -0.0585922030040104 -0.0112474741905643
-0.0545623513738696 0.0907525502646498 0.0537983523360514 -0.130726791557933
0.0446001515289189 -0.0104473480613158 -0.0547485259308199 0.16608843196331
0.0297016704429761 -0.0649436543083474 0.0828315027737908 0.0460192295388982
-0.0264073120471951 -0.0613341092829096 0.0468183562125032 -0.123691363880899
-0.0447282515275636 -0.00955018648639801 -0.0704672785748695 -0.199195719838072
-0.0190391429151936 0.00761628857073907 -0.18585252084667 -0.129021245100009
-0.00115451720468232 -0.00400947805505968 -0.196607834897163 -0.0182181107422559
0.00440778527673664 -0.0137489999583926 -0.15319258413164 0.0642086867151226
0.0101678222324591 -0.0271212231427302 -0.114209335151912 0.121543845568636
0.0105014673600008 -0.0224503815519375 -0.0823811176924478 0.165863726351125
0.00947727542287368 -0.0142357521036285 -0.110592477953896 0.1858065994489
0.0108277326488014 -0.00644142091845346 -0.161762024353959 0.150444042034359
-1.05885908054538E-05 -0.0192379099143066 -0.172278731855577 0.0877317469477189
0.0362719146107774 -0.0426751011572848 -0.167324990285914 0.084921909363514
0.0921142861021154 -0.016917781712373 -0.150057935161819 0.148612021085928
0.0641869510024397 0.0214499039940652 -0.0371478460676477 0.293054986475237
0.0290765883065289 0.0681008154017363 -0.067363378191087 0.164539935134285
0.0453018036264414 0.0159729013247096 0.0819944381921954 0.046723256633032
0.0125879452932717 -0.0087817126557569 0.0564042693091981 -0.121745015076703
0.0112231633424957 0.0113937674753386 -0.0518995421477259 -0.206673923891556
0.0417955889599385 0.00553778517186066 -0.164841628174874 -0.144557115579445
0.052095236661313 -0.0276566873759542 -0.182898218646782 -0.0430658266085554
0.0453012917492217 -0.0505217388276951 -0.148143996867669 0.0419898311700014
0.05444305631472 -0.0684375592775999 -0.105146839845136 0.104591798656451
0.0572443969140306 -0.0618289130314002 -0.0587883541837462 0.152827683184611
0.0750206024934438 -0.048948085016342 -0.0694965752710379 0.190175870084658
0.0948268059809078 -0.00860295042488037 -0.117480410521729 0.184313069472705
0.0747687025886945 0.0219569493066176 -0.152635775155003 0.135549210461274
0.0769619405072491 0.0360663878479097 -0.163627148709039 0.106058235860427
0.0994589114007539 0.0867770482322295 -0.138324156583191 0.13204378647974
0.0586191212140913 0.124037426739221 -0.0306517422619995 0.256141853407001
0.000137318450938611 0.139504140039978 -0.0657383719902609 0.133470658201465
0.0445171492788694 0.106257094820061 0.0958440301834897 0.0362152533387318
0.0449480059840008 0.0626800827900398 0.0845838740175989 -0.125791335856031
0.069938538371024 0.0460816277790363 -0.0170544260913468 -0.214749924525456
0.105022184097846 0.0113032335400463 -0.126592656414613 -0.1602589935413
0.106256258489028 -0.0437594800868969 -0.14898735396543 -0.0730713762218657
0.0841130750863361 -0.0779870595319318 -0.126434529020516 0.00667035078887335
0.088833856710307 -0.10009593996044 -0.0812010700565423 0.0714429922982261
0.08913558055165 -0.0941315741659739 -0.022511869169087 0.122619199489727
0.117649854273472 -0.08600759610269 -0.00865403683713445 0.175766766353581
0.158691327119684 -0.0321055595463688 -0.0446117455722468 0.204183555301684
0.146642263456609 0.0289366278934775 -0.10482891251782 0.188250944607749
0.131535211847391 0.0878581754827364 -0.148510443769769 0.140392665817244
0.115530678637713 0.167167162563916 -0.132215610099313 0.113020444297063
0.0567203525427486 0.203780383590259 -0.0257731103476354 0.190743044572039
-0.0337248083374526 0.192095263112904 -0.0533517008804581 0.072177906913199
0.0287276632648442 0.188521343879615 0.113338592010638 0.0134924306773456
0.0643439757137085 0.141022703720793 0.121513876171968 -0.123053386556331
0.121369535412959 0.089046069744407 0.0333689793541583 -0.207656545344533
0.158927762081968 0.0234004780440697 -0.0623768459501654 -0.168269363965013
0.151128606139317 -0.0500558534223564 -0.0938923096116329 -0.105123563181793
0.113659033878107 -0.0931012464313431 -0.0876013700107198 -0.0361442263271961
0.111031435444966 -0.116204907480921 -0.0460394486749473 0.0285223697722124
0.105259672299784 -0.111781199741799 0.0179658602361253 0.0786929130919372
0.136728085805263 -0.112472273537905 0.0516397840153669 0.140211133924472
0.19135300983994 -0.0595747927931149 0.0343606353330208 0.195594252906077
0.194150357450791 0.0149175635783665 -0.0403821410832713 0.219885095681259
0.176982926228312 0.113474070218595 -0.119680194556909 0.167113438821759
0.127682035164892 0.216047754258962 -0.127416663386005 0.0921570143412691
0.0508378388480055 0.250111827340829 -0.0213190891689038 0.109734283735405
-0.0634792435400664 0.212938527117955 -0.031870858710812 -0.0139779387497262
0.0015539818714801 0.238780652522788 0.125400711778036 -0.0256402328984867
0.0635354482800533 0.201241808688934 0.150392309717668 -0.112895541814742
0.148830625399248 0.126072416217926 0.0864309750555541 -0.176122939499025
0.187501259496188 0.0366215522986946 0.0167070232240835 -0.160176766119062
0.172809126818314 -0.0467464782817048 -0.0229251488489601 -0.132454706944491
0.125594200044985 -0.0946823805522493 -0.0377057654035126 -0.0797301122208059
0.115184667623785 -0.115834645629327 -0.00510664909178211 -0.0169824544943036
0.10614151988424 -0.111138504811944 0.0566122385373596 0.0298932863525691
0.135554278222732 -0.115871233719691 0.101187211341118 0.0923898179919426
0.194885181691048 -0.0703221428978025 0.0996291247368772 0.164381819774637
0.207817492859481 0.005100999710392 0.0191700242931342 0.22361473883651
0.191090646249958 0.125811030096196 -0.0879552985647078 0.173547122419874
0.119217877524489 0.237011680809561 -0.121052271734382 0.0657388958313445
0.0345606956426701 0.258040278808493 -0.016180579453165 0.0260519545506926
-0.0815113207500053 0.195195416654671 -0.0072943214706558 -0.108696986597442
-0.0293800266498549 0.240103333917137 0.126301907722973 -0.0752757344549637
0.0425367356619924 0.219762916213 0.159555634680509 -0.0989286020720997
0.141452400045166 0.138636493017494 0.125594984992802 -0.126042201437314
0.177065312610664 0.0421743024882424 0.0934770952705249 -0.137728516528618
0.161972872686316 -0.0363557116837269 0.0475014972503238 -0.151250535715838
0.117332235308778 -0.0820584117764514 0.0149660057959343 -0.117774947652289
0.103128614405878 -0.0985478395821077 0.0360248010890581 -0.0581434912414395
0.0939286339539488 -0.0925112527335012 0.0919694593644651 -0.0155625669149365
0.121212223061587 -0.0971704793622324 0.137355507946303 0.0480270784226721
0.173825721417119 -0.0576651536875309 0.143881027056729 0.13072142765778
0.190145972799879 0.0119487231912275 0.0601905699447749 0.209299054113504
0.169567104987601 0.13426202503195 -0.0607894443068885 0.160535706196883
0.0843286948566756 0.230155518947229 -0.10803677080907 0.0356151324171987
0.00477680211167313 0.231633297225789 -0.00198928221422992 -0.0496887789625804
-0.0849399238103921 0.139922131723944 0.0111615307678851 -0.196162422132962
-0.0525603930662178 0.188838681818603 0.116938822563641 -0.122558950721534
0.0149035817473919 0.186298311868576 0.153930275807455 -0.0877808682620286
0.104860861848756 0.115420790393069 0.146344090225964 -0.0776385478597571
0.129667345328037 0.0335887475158836 0.151490559961561 -0.115163706814566
0.118381456382584 -0.0226699942198498 0.101302809162653 -0.164177825661854
0.0861082397365931 -0.056413254097418 0.0568541693064009 -0.146391735488276
0.0752931463368887 -0.0673156551838955 0.0708614034455658 -0.0887076824091818
0.070847917332999 -0.0600086027772938 0.121061237188791 -0.047089407914417
0.0934347043363523 -0.0638260828370361 0.160492311917716 0.0192107252682597
0.134207335600106 -0.0327811267941082 0.167425916975078 0.106930513600388
0.150719794477458 0.0259188176343661 0.0811961919186953 0.191269790495037
0.121538471161896 0.134033347683885 -0.0401984090282394 0.139301361670292
0.0343089654670699 0.19679204398867 -0.086351592812808 0.00795119409319731
-0.0277277147555209 0.1744950087683 0.0204627859321798 -0.10487305722968
-0.0767285713324274 0.0590279910893054 0.0189122431349104 -0.256044333473182
-0.0634607614661367 0.106413817707152 0.100727939630113 -0.150565357616874
-0.00689405412625782 0.117879882136243 0.14778873494569 -0.0825518533737254
0.0553055083116104 0.0637322644788006 0.157190237433659 -0.0554462743591091
0.0592992298118833 0.0134580132200799 0.177341142710475 -0.112513882913875
0.0536583930232026 -0.00559192282686471 0.122405273329948 -0.175849688487985
0.0412436906507129 -0.0211579047736678 0.0789909890316012 -0.16206288790731
0.0366352261240988 -0.0261966109272843 0.0925068152548707 -0.105217952931466
0.0386534834051285 -0.0219132214149485 0.142166254550867 -0.0614556113856406
0.0540608203323808 -0.0274518110241714 0.175085436263124 0.010045148034875
0.0807974292053959 -0.00892555091112513 0.177803009329191 0.0994078401950991
0.0981505229268315 0.0319007030511003 0.0885421357357386 0.179497707228243
0.0649160028222838 0.11552200419207 -0.0250506404062799 0.124059366579592
-0.0127050588247618 0.137724276281874 -0.0621611921557478 -0.00814970550424174
-0.0514897488459787 0.0960016605617848 0.0468702993532044 -0.136280924889415
0.0442042382384173 -0.0132672637387423 -0.043656726916104 0.169923335510729
0.0252727434791398 -0.0678461042993845 0.088543946621944 0.0386403279821115
-0.0300910533379071 -0.0590940049482866 0.0404132498900635 -0.126848811721358
-0.0448260730032732 -0.00605469235387861 -0.0834942747265865 -0.19456249353622
-0.0187999591632795 0.00922830346467004 -0.195529922162328 -0.117161829330175
-0.00167281877473515 -0.00431316271061338 -0.198343627250746 -0.0075460110348265
0.00401211769413375 -0.0155483974606065 -0.147988852619241 0.0723583137431486
0.00833112192204531 -0.0287495377426187 -0.106163235273885 0.129401371016318
0.00966916837398646 -0.0235590028042959 -0.0711482396250581 0.1705379457725
0.00905984782861635 -0.0143359172837155 -0.0986218888130795 0.193153903979375
0.0111303625232169 -0.00671284989424818 -0.15378627593172 0.161533008702572
-0.00139093035744524 -0.0187739621426494 -0.169171257768274 0.0972808995303969
0.034010953474125 -0.0445330548629736 -0.165757666665425 0.0959228617597954
0.0912751288128749 -0.0243550525442035 -0.142195922535652 0.158215643178236
0.0646287786015775 0.0177247859023631 -0.0195390231375905 0.294120541888009
0.0333408505008396 0.0669748947421785 -0.0565910883034774 0.168371111282437
0.0468206241071768 0.0125323816187264 0.0878472665542303 0.0398436659668064
0.0119539977582431 -0.00858188609122795 0.0506468293936665 -0.126079515979865
0.0113172897187777 0.0110392078388455 -0.0645809371734348 -0.203595161202775
0.04227609366339 0.00309606274577456 -0.174826089100244 -0.134624476289361
0.0498953008584297 -0.0314798465282121 -0.186016742210804 -0.0332798405540059
0.0425934566889044 -0.0539443213368719 -0.144948579215497 0.0503313478705943
0.0496346631292319 -0.0724516110815066 -0.0982828985565397 0.110900407578739
0.0538619398718008 -0.065852602012902 -0.0486520355576901 0.155980229962421
0.0722260370913883 -0.0535669186127595 -0.0557603020057796 0.19559414008481
0.0944832021455538 -0.0146165170483055 -0.106050033185052 0.193710581172824
0.0758484247158998 0.0176859106211571 -0.145933242835006 0.144646212772094
0.0790252818566586 0.0312575615456444 -0.161269606772941 0.116900751787537
0.105423628782664 0.0787700696420827 -0.131905576433054 0.14055497321409
0.0648728906164601 0.120498926634031 -0.0146220622627413 0.256049296138153
0.00814835038798763 0.14010896228397 -0.057268784019607 0.137483436073818
0.0513509912343044 0.102455024774981 0.100928027465781 0.0290598590023456
0.0480174194175313 0.0610807687049884 0.0798555506133734 -0.130806985889237
0.0725262765590053 0.0418981918295039 -0.0296887547228359 -0.213337376280335
0.105426144528321 0.00424834983768412 -0.135604486256811 -0.153008201790726
0.103324216266342 -0.0515655563501644 -0.154418473639219 -0.0657584049427848
0.0800401105058483 -0.0840335050587567 -0.12527325184398 0.0138954080920612
0.0824834861350005 -0.106391391775954 -0.0754865001387517 0.0758411131676581
0.083612658122422 -0.099928162821322 -0.0137065339390623 0.122662723933501
0.112886663235051 -0.0933810929813912 0.00330854628036562 0.176154008657056
0.157162090267376 -0.0431319449394195 -0.0308526188828466 0.208509455038914
0.148355224414598 0.0199254486509575 -0.0944808928297788 0.194159315589586
0.136881497933782 0.0800832109838425 -0.143305857626246 0.150233826563993
0.126617173024991 0.158892248241094 -0.126835907885296 0.121159814531317
0.0674945903663515 0.200198738117393 -0.0133968228021724 0.192089369154389
-0.0227452754478729 0.195128538061531 -0.0486410274765908 0.0744026264187091
0.0414352647666615 0.185736504502647 0.117091264501598 0.0056723138926714
0.0728559852644844 0.138251592581395 0.117411276656905 -0.129964081300627
0.126785556058035 0.0818695246305321 0.0214253219213318 -0.209568168263616
0.160693714803659 0.0125705233097539 -0.0728841373215035 -0.164898011616267
0.147484852310708 -0.0607224000356295 -0.100894456027096 -0.101408764704863
0.108740565752373 -0.100494655298232 -0.0895045889893767 -0.0306781551008764
0.102890201705221 -0.123960213277498 -0.0436881359414573 0.0308141287828672
0.0983250472235703 -0.118648441110444 0.0240715279591173 0.0762557891825547
0.129434454671321 -0.121250055945215 0.0616238769933105 0.135793922669624
0.188230762689917 -0.0731514262614262 0.0480255353638556 0.194207254089432
0.194970319982727 0.00241805328861415 -0.0271128286821478 0.221969416903469
0.184114452122345 0.102462439190658 -0.113140201321364 0.174973024662368
0.143651026523033 0.207880392835903 -0.124679783767738 0.0989058255440627
0.0643291825404322 0.245856955552203 -0.0144672241246784 0.110678028272487
-0.0520385572863705 0.218389872627034 -0.0322728724001646 -0.0125564604658594
0.0171204906255962 0.239187067412455 0.126113448659717 -0.0339930825105109
0.0759480865792589 0.199228217184854 0.14713399762507 -0.120724887576859
0.156722988805906 0.117166205144762 0.0771791786757791 -0.180758465816228
0.189697626634642 0.0240539760814212 0.00823483492747529 -0.161653867415587
0.169939601223844 -0.0596116937164725 -0.0318426251778628 -0.132861711264019
0.120962894389341 -0.102810159061966 -0.0422172688899939 -0.0771812438642538
0.107555429779742 -0.123690865881798 -0.00602350938094529 -0.017469276303066
0.0989215686124834 -0.116913267742746 0.0596547810997919 0.0245036865245107
0.12842436234886 -0.124852603670318 0.107741203462486 0.0850538285105495
0.190516022213198 -0.0839052049938992 0.111905246917761 0.159148440072345
0.207535450881036 -0.0079199250143552 0.0340947278620601 0.222799857066461
0.199108173765304 0.113762894213436 -0.0807517601420165 0.179698823212673
0.135715319640544 0.228279248632666 -0.119732793127246 0.0723151714401854
0.0472455089492054 0.255330124200283 -0.0142143969222125 0.0272321395708944
-0.071300535493078 0.202609463992815 -0.0140420742600229 -0.109036575405174
-0.014068982039261 0.241299284126834 0.123632885040027 -0.0837974326974712
0.0566239649072978 0.217760485879167 0.157198919580864 -0.107096766878797
0.150510810120494 0.130401099015376 0.120124701033288 -0.132546291978125
0.179367525670482 0.0300297631451342 0.0879364468043646 -0.143930173433569
0.159901147787678 -0.0482999439907844 0.0377987138966779 -0.155890985487346
0.112226179458973 -0.0892874393994336 0.00720626908992901 -0.117926480148279
0.0959490293664725 -0.105235293852691 0.0324626295482052 -0.0614441519815437
0.0887379216699252 -0.0976350832410989 0.0919645881057485 -0.0226677069262852
0.114321167153766 -0.104506218635966 0.140564811598707 0.0376967855271742
0.169821163558364 -0.0690533288961015 0.153469214529978 0.122261400046994
0.190468523883589 -0.000183320578177167 0.0741738487946814 0.205724132882851
0.177460474896499 0.12305136352275 -0.0530424548030369 0.164860130991292
0.100042471707279 0.223839266015094 -0.108915670051857 0.0418114011108868
0.0167901513445553 0.230817672061904 -0.00504759665922202 -0.0484410956172687
-0.0786358660612007 0.146304123896373 -0.000657195774159751 -0.198510137387614
-0.0410489941040324 0.192624803268482 0.110731345323208 -0.129977552096956
0.02665487761386 0.185943743833175 0.151745510169478 -0.095571078642535
0.112351308277987 0.108155127434986 0.144587536967302 -0.0855023194502841
0.131054915522808 0.0244345302603778 0.146796665422746 -0.125259993918696
0.117230998220675 -0.0314679864573647 0.0909060897968412 -0.172109844356414
0.0835866280274365 -0.0617465744996009 0.0477365441603835 -0.149012934212875
0.0706941936092997 -0.0718650543967885 0.0653605018082648 -0.0942797034886922
0.0672375193256807 -0.0643445754217398 0.11945480837765 -0.0565114126788923
0.0890094431877642 -0.0695555161778093 0.162295962824246 0.00859575602994923
0.132017765439096 -0.0411147028276728 0.175926615006025 0.0973524441581041
0.151885405519125 0.0164300263458363 0.0941709903271666 0.186712554489787
0.13046124932908 0.125498914674366 -0.0337160811073858 0.142474930668583
0.0477942904156382 0.194375522744589 -0.0884015008818484 0.0126802075839963
-0.0193892005411419 0.175851378951864 0.0142534519267632 -0.104632843875977
-0.0748382208721535 0.0645691317834238 0.00345649403177685 -0.257867519948053
-0.0567293279314634 0.110241227003583 0.0926467646059428 -0.155192967696777
0.000784515092035633 0.118157252107199 0.144995954234603 -0.0906025694699646
0.0592047782984282 0.0591993387009508 0.156544375769215 -0.0640350209150547
0.0589957335460979 0.0089934229645732 0.173625155318524 -0.123894540131489
0.0530938636931349 -0.00998737172921191 0.111429861347312 -0.18428746000707
0.0402920170444562 -0.0233989869447521 0.0686111267068808 -0.166756108778599
0.034394296288795 -0.0282083606786692 0.086481458385728 -0.111754247138333
0.0376957467257802 -0.0237666507220965 0.138660602621021 -0.0716127934056552
0.0523471586442317 -0.0299839125145094 0.176590443921207 -0.001147871044741
0.0803397468856696 -0.0141231045436795 0.185212884192303 0.0893200917190089
0.0988640593746437 0.0263134888850944 0.101017749944124 0.17455523441205
0.0721248743861664 0.111603673562521 -0.0193341518641219 0.125970451670288
-0.00459384925431298 0.138329463889591 -0.0643074984548715 -0.00390691826802617
-0.0471342881659089 0.0983689984171635 0.0389798140386129 -0.137631061075919
0.0440721131765731 -0.0151890292265841 -0.0348939303572183 0.168482899271704
0.0211722759462041 -0.0685390693716354 0.0910959992027365 0.0323695807067539
-0.0317310955066906 -0.0568765459330811 0.0349489254047514 -0.12781786914927
-0.0442622298158296 -0.00299888178773389 -0.0900972803067279 -0.187814104357395
-0.0178116061535281 0.0100763343277553 -0.197452336648237 -0.106951858051644
-0.00162600313082761 -0.00448654408327565 -0.196173878231043 0.000702911773325424
0.00369547965604464 -0.0167297359309463 -0.141753822786749 0.0751892901335457
0.00654927569930199 -0.0297069360974391 -0.0987578799721409 0.132118233744984
0.00891255262631404 -0.0245495378690429 -0.0625901516246961 0.170569130172648
0.00966049395086336 -0.0143857704530085 -0.0877614813039531 0.19469473537949
0.011297131623472 -0.00726904234854743 -0.144797268580606 0.166690267731431
-0.00187051790405635 -0.0185409010503255 -0.165439233140922 0.101978329911458
0.0319043617106391 -0.0450466825464758 -0.162028637743042 0.101691928301944
0.0888196285217288 -0.0290842281328169 -0.134564784027547 0.16172423269789
0.0635504941678077 0.0154549544880924 -0.00739062874367324 0.287518657192863
0.0350787203505267 0.0647883275240587 -0.0475965286073954 0.168067466766786
0.0463819587902563 0.00943415075167382 0.0902635721941959 0.0331724738584125
0.0114126171522887 -0.0088097858009744 0.0467465969928602 -0.126925473916145
0.0120575787543982 0.0111826332665397 -0.072170948076325 -0.196818414154308
0.0413918180652666 0.000887519544932637 -0.177900182522289 -0.124904454244451
0.0477772993899169 -0.034091234734234 -0.185154507356737 -0.0251045111091875
0.0404992838587247 -0.0561958663747383 -0.138859139951477 0.0537914535227928
0.0451430347029553 -0.0749312591869037 -0.0906906511003837 0.112730888638895
0.050765731086101 -0.0678219356071668 -0.0399859321989297 0.154466155688586
0.0694348147072079 -0.05568558811176 -0.04522006195852 0.194267028410338
0.093141247392911 -0.0188966175290947 -0.0958182242185859 0.196079072473776
0.0758013849780778 0.0141322791403354 -0.139397248636472 0.146926058635649
0.0792138268285003 0.0277942876691885 -0.157109784575573 0.122376684407798
0.107103222838476 0.0715672586656319 -0.125753554255364 0.14358780819851
0.067501742846371 0.116372887996942 -0.00359904793158433 0.251045109325637
0.0136074609983445 0.138612655732848 -0.0502356411306755 0.136761595065032
0.0552696667491833 0.0975255413136935 0.102298154828981 0.0231487123627116
0.0499035759808671 0.0590898398505368 0.0759663174653415 -0.132136473104202
0.0727406508949622 0.038872773285846 -0.0380507987600227 -0.209213720006374
0.10418247473842 -0.000710681216559242 -0.139519596100742 -0.14474141889359
0.0992833482833703 -0.0560375136820638 -0.155437635973933 -0.0594121487785639
0.0758650742443857 -0.0866593469298193 -0.121475123226839 0.017797625303716
0.0759167237940622 -0.109237308596853 -0.0706849433567197 0.0773700716539102
0.0781944082069577 -0.102630292879052 -0.00769235096929402 0.120592676918702
0.107124546199107 -0.0972320711956797 0.0118223527539571 0.172486234120564
0.153337628498158 -0.0501375711720853 -0.0205844456249407 0.207312639977745
0.146843373189727 0.0132889162719453 -0.0859515135076102 0.194254104925089
0.138246977858899 0.0732116933847339 -0.137686557202507 0.154769651856793
0.132456248006425 0.149461226885892 -0.122163299366288 0.124033674824784
0.072581802106655 0.193674625849596 -0.0049709079657466 0.187735687125475
-0.0153143278300118 0.194892783153002 -0.0445883273500604 0.0749668690428781
0.0492672026676669 0.180220293633826 0.116854747062579 -0.00043134926394874
0.0778009676164715 0.133865944028367 0.114095832722131 -0.132353548536295
0.128484853200398 0.075712346629935 0.0133823904074794 -0.207599893384136
0.15819119015249 0.00469559551485467 -0.077284350679145 -0.159096359140829
0.142043398445787 -0.0673240636348813 -0.104926112346936 -0.096840027348283
0.103185384300986 -0.104582360293798 -0.0889131163915819 -0.0267282982112202
0.0953309550363021 -0.127196263599339 -0.0413495701763479 0.0315373942488122
0.0920690050406226 -0.12139252455724 0.0274935211347012 0.0719900899292967
0.122764777507986 -0.125175771833537 0.0674873021739146 0.129997989985256
0.181949321268875 -0.0811491237751847 0.0569084987771863 0.190166815145909
0.191646915255079 -0.00580334631570303 -0.0174387548074627 0.21948218041431
0.18539497363788 0.0928774536028695 -0.107525597006479 0.17798940182137
0.150997020754084 0.196767888987994 -0.120836037270383 0.102812418225136
0.0713515126399566 0.238416946486501 -0.00935830513081192 0.109074784876
-0.0435075814357355 0.218988259571584 -0.0324770286444786 -0.0116809985264404
0.028204452041088 0.233547827325421 0.12338655042627 -0.0397903054646394
0.0834906614739691 0.193865930215837 0.144204532403027 -0.123892225451038
0.159642147752657 0.109267642744306 0.0692648552604323 -0.181064942661837
0.187176622231554 0.0142484302948772 0.0034607539428631 -0.160068783636713
0.163829371989337 -0.0673124601950172 -0.037812398447625 -0.131164230095717
0.115593666184253 -0.106486265064678 -0.0448655574342961 -0.0738860282993609
0.100204129708693 -0.12676164798554 -0.00657592533884482 -0.0175338074183193
0.0934332406187773 -0.119426103742157 0.0605636847293738 0.0193359080342464
0.120483193382014 -0.128011972646543 0.109992604948611 0.0781195717982184
0.183740385289518 -0.0922470982593888 0.118491205305704 0.152608338721253
0.2029905668714 -0.0169654422283356 0.0434581669023811 0.217459404966823
0.201435937795935 0.102387438824058 -0.0745194837022364 0.181238165550344
0.145152972531102 0.217718713590107 -0.118090934039667 0.0756893093007067
0.0544741728396909 0.248447251532449 -0.0122697305363916 0.0275540386442183
-0.0632126125921772 0.203485245074886 -0.0183896873994423 -0.107625072546545
-0.00224223061392962 0.238413231606569 0.118818149200665 -0.0881966680775299
0.0653401320231812 0.212958846164816 0.153484580992392 -0.110403363095578
0.153724474935042 0.12192316969579 0.1140358296727 -0.134568442269688
0.177510368639279 0.0215617328305205 0.0823838811113543 -0.145461015124146
0.154493516001729 -0.0559646147789061 0.0296181986197274 -0.15667608495155
0.107775621383032 -0.0927590512986248 0.00215825889505273 -0.116575316611594
0.0895419342563844 -0.107980129261717 0.0298796926163097 -0.0625862958036914
0.0831056804349302 -0.0997011964382077 0.0902038527869345 -0.028715528217772
0.107957571928069 -0.107648937421528 0.140001621148595 0.0310500825221518
0.164419087835666 -0.0766877042397819 0.157904941458523 0.114534825217876
0.186526517682186 -0.0079689908704006 0.0830710807079051 0.199048074406531
0.180422362147696 0.113839195052002 -0.0481871467092368 0.165759266145219
0.108578013991246 0.215306684875592 -0.107695452340318 0.0455618312238368
0.0233686507323452 0.225385099065553 -0.00609483182371676 -0.0467666581012464
-0.0718963679533444 0.148649831189287 -0.00878739067083441 -0.195547185897395
-0.0314654794982605 0.190867262575459 0.105338175123263 -0.132281133228201
0.0340678899130874 0.18247022634485 0.148349359643865 -0.0990469685511857
0.115284409481518 0.101682246494141 0.140560841279287 -0.088637602843506
0.12913091771148 0.017873088825397 0.143039242901302 -0.129693534548564
0.113525677269931 -0.0367418230019098 0.0813252882022142 -0.17404065486316
0.0804105922624567 -0.0643882560863797 0.0411135178254927 -0.148171637771598
0.0651216183359445 -0.0739233139686581 0.060376732740044 -0.0960286988381452
0.0642281660863716 -0.0655150800833026 0.115215925227747 -0.0625153198779053
0.0845236716438666 -0.0719723169997843 0.159972291546087 0.00132910603583425
0.127473780675061 -0.0467781582181472 0.17875312874478 0.0889625719355337
0.148844168540849 0.00964851719368615 0.101933141535374 0.179725489815696
0.133581563734114 0.117308281301558 -0.0294661265766019 0.14257168402863
0.054577873535535 0.188008170596042 -0.0883157309432207 0.0162377769601092
-0.0134186500457234 0.1730923893981 0.010203911782819 -0.102666160496057
-0.0718674795299065 0.0673381569636283 -0.00681283555144342 -0.254404102282843
-0.0512104304321303 0.110554850041987 0.0854090256331823 -0.156271217010326
0.00614376220008533 0.115712509630815 0.141247566732949 -0.0940811901996498
0.0604345813151844 0.0548644106966832 0.154575755879568 -0.0677897179643484
0.0574014326830249 0.00621971215379909 0.168236216585574 -0.131109687436735
0.0515086665827882 -0.0127237209827968 0.101124082214785 -0.187024899491942
0.039499940765485 -0.0249794296304707 0.0604069313983725 -0.166293935996519
0.0321727193236316 -0.0286541240439032 0.0805348510272752 -0.114775578621947
0.0359776414057261 -0.024462730968584 0.133699558347796 -0.0777635562120621
0.0498590173519672 -0.0317570591271747 0.173525391687429 -0.00838501830918067
0.0776589774956262 -0.0171004021464688 0.187206939802283 0.081630934750594
0.0977496894983981 0.0218504118500493 0.107254194155902 0.167392825915738
0.0762417526012229 0.106242928853279 -0.0154069543054819 0.124975803148789
0.00112869323864946 0.135845488290233 -0.0653204178445103 -0.00107272923761135
-0.0446288577921246 0.098559092452156 0.0337273868970498 -0.135326058820675
0.0472337888274509 0.00572635768890225 -0.101955474358447 0.134199337018886
0.0483060267674812 -0.05233791966133 0.0676994585263914 0.0624615302061949
-0.00410502540832264 -0.0645811846569067 0.0821038991757196 -0.100936688909589
-0.0375506265409519 -0.0202613431663332 -0.00657361657556113 -0.206290651270635
-0.0183742929665788 0.00350543643832378 -0.134920617387773 -0.176364850603966
0.00100889776169976 -0.00520710181057336 -0.177163317827902 -0.0802288514234305
0.0102065935771802 -0.0144499525733284 -0.157906869927533 0.00825600896428127
0.0176898984825195 -0.024577338704426 -0.141191187394049 0.079176923747189
0.018891436732522 -0.0180931453957766 -0.123684284202166 0.128411649753586
0.016178138285525 -0.00745034478329769 -0.158290150900764 0.141187044355575
0.014047332482378 0.000788599234574359 -0.197923262651025 0.0906442727336376
0.00555772165387634 -0.0144898914156946 -0.192522354735319 0.0218231755907883
0.0468056748507081 -0.0264787367011037 -0.187782511868136 0.0255197469267117
0.0908164919374808 0.00858761306964393 -0.18410300556096 0.0963156752145297
0.0536137874637882 0.042406153313864 -0.125529515100596 0.258561050483246
0.00281060916137539 0.0755239740390574 -0.104940136790171 0.127476053091814
0.0370791206412445 0.027442515838747 0.0711190466657213 0.0629580703366183
0.0142507382502378 -0.00248960267506867 0.0966615839658268 -0.0965607831664085
0.00589249007098154 0.0163239918683214 0.015868712232804 -0.21014889684151
0.0376770209974671 0.0202318416890018 -0.108503977835991 -0.188064178871113
0.0569516068144496 -0.0111191861407004 -0.156290141496906 -0.101981012603285
0.059209676669302 -0.0348848420772005 -0.146798578134427 -0.0108735464325204
0.0709854636377756 -0.0505273859042132 -0.126857559492251 0.0650098310632346
0.0734041087530038 -0.0411959765692112 -0.0959779686658883 0.122958313094175
0.0861924745834254 -0.0221104171264488 -0.117947439287313 0.159040431152226
0.0941834984897619 0.0206368908741991 -0.164420199399931 0.13731416889315
0.0643169171892991 0.0454749264809729 -0.187858910007215 0.0747685467547468
0.0631841964111397 0.0593885047201859 -0.192711044161929 0.0472227792528758
0.0711858770798133 0.107295040273344 -0.173664520233442 0.085288630713784
0.019723764135698 0.135945167273544 -0.112261209391757 0.22552236890006
-0.0506202876854208 0.134191695761301 -0.0859697338603698 0.0987878517338364
0.0070892185447782 0.109664597890509 0.0919137444481712 0.059101386902226
0.0200390748487426 0.0743689218072396 0.130882296529113 -0.0905583743464547
0.0471789640384377 0.0667556069976463 0.0546963403597252 -0.210066544659814
0.0935699235110094 0.0447650298938658 -0.0635487533804723 -0.193756080832753
0.111381637487147 -0.00990259366036701 -0.115051917490995 -0.122803220203466
0.103340471021478 -0.0474520391544988 -0.116100390367958 -0.0368920375888061
0.112277009918219 -0.0690964675922273 -0.0951026763069541 0.0406953921679839
0.113049049204069 -0.0619999066418845 -0.0522565587862728 0.105499635787928
0.136200269929783 -0.0464915078231944 -0.056000084631243 0.162425049566443
0.161841018237474 0.0141253208914347 -0.101473846680745 0.177652267317817
0.129117528812254 0.0717299044253192 -0.157226931926811 0.141054628185521
0.101499398803903 0.123792215111499 -0.189995421644541 0.0850577644763398
0.0665202768170624 0.187606170740997 -0.166571721170017 0.0710091134630152
-0.00473047518414572 0.207484421866058 -0.0911165796903062 0.167043190150408
-0.103193007188137 0.172757150940169 -0.0492092584458331 0.0466280870835021
-0.0335223966535654 0.180691825076237 0.118964828338912 0.0452929233224537
0.0130356652473924 0.153799336942732 0.171563831358563 -0.0759760353639505
0.0804384264880937 0.122357170325997 0.105094811595566 -0.190140012582896
0.138922045831047 0.0715291295258449 -0.000295747221179626 -0.183918603283994
0.15444897534539 -0.00217073018786864 -0.0533831371465645 -0.137997241329703
0.135090381527596 -0.0516442296039601 -0.0682308458243888 -0.0638346908330318
0.136921112137422 -0.0782476235925768 -0.0499481808782218 0.0111100111920926
0.132791030216629 -0.0731180454016636 -0.000943121754648917 0.0759876000061961
0.160611585222103 -0.0665060408280322 0.011838881657696 0.146030159201481
0.199843554622363 -0.00437158005975572 -0.0238742835390872 0.193591900618636
0.178298510440205 0.071245560591447 -0.104166459670742 0.193351318021332
0.13831643239309 0.159401944393535 -0.170919598791244 0.12010831667703
0.0664022320395357 0.237325793356631 -0.159580043287187 0.0534352816009131
-0.0228763622609456 0.247479340341523 -0.0652392550914767 0.0932264574999967
-0.139503268526845 0.182628127697614 0.000539833776511531 -0.0245973338729374
-0.0753976544945216 0.219785960455248 0.143061217878011 0.014560740527413
-0.00705141820645175 0.20998065071478 0.199074544324493 -0.0551707304900857
0.0935050563561159 0.164929506703716 0.148834441677026 -0.143814810289547
0.159898133355622 0.09253838568311 0.0741188117747448 -0.152397880343678
0.173441249936362 0.0068988805015721 0.0213570627767787 -0.142405824622688
0.147415973255492 -0.047801760414011 -0.00907756358484062 -0.0881138880386687
0.141045608209051 -0.0756119184689377 0.00124162030252288 -0.0189501790596543
0.132862433374752 -0.0711041682957666 0.049819902628712 0.0413790820943673
0.159585146371004 -0.0704219808885617 0.0718577318380779 0.11620035704109
0.205091028244311 -0.0146006403361464 0.0467750583971489 0.185432027040398
0.193587653972982 0.0644949977858264 -0.0483138677967325 0.216567209450192
0.14961468878791 0.173828294940827 -0.143159636122924 0.136661849550902
0.052289215310986 0.253989279069035 -0.147949685985256 0.0303314425500983
-0.0423310812393942 0.249094049167569 -0.0352494705414543 0.0181846622542318
-0.150926652195663 0.159079610715406 0.05092694795109 -0.103162118669818
-0.104891900328345 0.209891719465418 0.158269321999759 -0.0294674108213306
-0.0314653400675299 0.218957194370534 0.203048550625489 -0.0379920187142502
0.0831306583879216 0.172884936339225 0.171894514977798 -0.0815797301715532
0.147415004063707 0.0938899113448653 0.141023024645945 -0.106152573219812
0.160508247074822 0.0136351650419465 0.0932051161490785 -0.136263281287083
0.134656072634004 -0.039046475592757 0.0508780370896343 -0.106936499516204
0.12438324397835 -0.0623795227921273 0.051917880752491 -0.0454084477516432
0.116043700389984 -0.0572411182690027 0.0947944169106309 0.0100408415983514
0.139481803061481 -0.0567514132522195 0.11703418801955 0.0855735351352452
0.18059302898467 -0.00820183389952025 0.0979405060286147 0.167254450688163
0.174644263127286 0.0655890878852319 -0.00429062175979762 0.215705812531139
0.126238831040782 0.175110920233206 -0.113647613788734 0.133322796874498
0.0200941960528746 0.237145420573942 -0.12681378219444 0.00532382353154964
-0.0624679297178935 0.215283147873193 0.00213354074528776 -0.0473771392785553
-0.13492585804069 0.104862657944121 0.0910982034998407 -0.176714240281619
-0.110905126005393 0.156006335916292 0.160199827101386 -0.0732654143836061
-0.0459290238736384 0.177844484685613 0.190373932370227 -0.0278538247099067
0.0572586545745867 0.138105836015738 0.175944128102561 -0.0267236697048221
0.105141670909079 0.0705587549218707 0.187733805491537 -0.0648296025437749
0.115694078934903 0.0136297489522095 0.146263935921026 -0.129031099530191
0.098776605366691 -0.0248863100688102 0.0982147298436575 -0.119306415904584
0.0888324655546074 -0.040602638670066 0.0931897317421799 -0.0628152275955949
0.0847777384468476 -0.0344387091374247 0.130420694896689 -0.00949449121527836
0.103645045821064 -0.0334422732633169 0.146329341244584 0.0674709756079077
0.135763862541246 0.00505619907596741 0.126402209952721 0.153247981312746
0.13324567559009 0.0672528307322473 0.0203913425330855 0.20600728454659
0.0808666648032325 0.160940793368785 -0.0872724292587469 0.118787381578144
-0.0194388691572337 0.192607675155545 -0.0973305092526907 -0.0157007590837545
-0.0778376857362086 0.15180828023421 0.0430768662471806 -0.0914459072212916
-0.0975308511973805 0.0300253472408413 0.108403932120784 -0.226526658720621
-0.0938253327323213 0.0758675761217561 0.148310189564318 -0.100621273244751
-0.0423891734012377 0.106269726889813 0.176589706449771 -0.0246295711620774
0.0289498714151865 0.0734974010819986 0.176569710092883 0.000742697016425126
0.0455114436892586 0.0301020235282808 0.209645980274807 -0.0513093185574901
0.0507136062562003 0.0101102652976601 0.168049050200867 -0.128871322185584
0.0458913936545376 -0.0060620630148249 0.12270587867785 -0.126664147648418
0.0403253857234106 -0.0131646816554127 0.119056466095234 -0.0716658291725121
0.0423075577406878 -0.0086229388961853 0.152249240996887 -0.0167118506913586
0.0569866015940161 -0.0106310647436608 0.160841323108494 0.0639832831470966
0.0789767505781931 0.0127042187313924 0.136218045251157 0.149708228136735
0.082193634839519 0.0579005327859652 0.0299793010565397 0.19638972841915
0.0322405535776069 0.128334952149568 -0.0676239601785013 0.107929117718542
-0.0504278696868371 0.124825849558602 -0.0665173121375672 -0.0247489922501984
-0.0786007216679648 0.071924709733213 0.0813817812658528 -0.11198227265331
0.047595161321931 0.004959724677592 -0.100179924402845 0.136362333389161
0.0474539330174606 -0.0535525964142839 0.0707109203260449 0.0600360182112068
-0.0049882859178441 -0.0649754774469514 0.0825353707605086 -0.103047032881194
-0.0374981892054554 -0.019779534776967 -0.00864862445112173 -0.207239988899638
-0.0177636050190509 0.00431013938459307 -0.138535081762866 -0.175874429384796
0.00100492994851845 -0.00547100438456325 -0.180057703710709 -0.0784510765558285
0.010807163720466 -0.0161685481454849 -0.158556404575608 0.00874186389364807
0.0173747748799723 -0.0255816796146317 -0.140361572457382 0.0824880602471006
0.0190442461200731 -0.0191133853744834 -0.122854829096858 0.130936085341577
0.0171828979767959 -0.00735442452950052 -0.156594241644364 0.14502880827216
0.0148484952020162 0.000249086101691635 -0.198897506841021 0.0940501545132403
0.00516291223835582 -0.0145682538871554 -0.196302863110137 0.0225468105160125
0.047007251932887 -0.0276600699098166 -0.191289407051564 0.0283221714356856
0.0916419559962707 0.00602890072045671 -0.18476140293197 0.098376960516103
0.0534699047140576 0.0424494393168521 -0.122613033267159 0.259131453215
0.00420272583496505 0.0759725047429023 -0.103207517669182 0.129097834530084
0.0377489024473762 0.0264858435844225 0.0739634598455199 0.0604035166497772
0.0142647482107215 -0.00272612554069096 0.0975228875706385 -0.0987935609538864
0.00623679890003227 0.016509260910308 0.013440893561928 -0.211868388297847
0.0386951153949921 0.0197786823036477 -0.111864397961308 -0.187656275365335
0.0568502011670495 -0.0126211970354229 -0.159207465155566 -0.101428989919772
0.0596703414418006 -0.0371768001560118 -0.146740075994947 -0.00967121233149136
0.0701329597972233 -0.0527841309673041 -0.126013853813051 0.0675408894774984
0.0742439075693152 -0.0434382058806299 -0.0948683778182938 0.125179187656409
0.0875788173468923 -0.0235750805297375 -0.115863363185707 0.162073725206265
0.0956931930692858 0.0190349585411179 -0.1641874037411 0.140852588025581
0.0651918531551296 0.0450293042986277 -0.189863245982128 0.0765936721518968
0.0648943763255977 0.059026013488724 -0.196281064429709 0.0504727560012158
0.0736429592408491 0.105652360242056 -0.174395795146672 0.0878074738119558
0.0204176261370678 0.136474210848418 -0.109899194902861 0.226466594639359
-0.0503452885338271 0.136351140466808 -0.0850845952653293 0.100248150348995
0.00971000384726481 0.110269708027639 0.09497495699134 0.0562289474454098
0.021027447438024 0.0755555481590051 0.132847804135663 -0.0926106730522221
0.0487821918321701 0.0661576655997247 0.0528205248153256 -0.212108104667786
0.0956866688324437 0.0427886125693725 -0.0664608408020277 -0.194728568044239
0.111944176873261 -0.0120454953984775 -0.118429455757009 -0.123219390353598
0.104105350428593 -0.050554966301212 -0.116747641055997 -0.0356997448855235
0.111939980093508 -0.0725347356940629 -0.094496345646427 0.0421499441544584
0.113056257942228 -0.0640965777917573 -0.0499656064082822 0.10555226965942
0.137858520786397 -0.0485960271124241 -0.052944301604839 0.163962097540818
0.163657517519902 0.0103469892857054 -0.0986495377069323 0.181437899402261
0.132045723491108 0.0705005502568429 -0.15793600459461 0.143490100009832
0.104210013460359 0.123135787901534 -0.192880683521936 0.088143472031279
0.0705908912202072 0.186919344338713 -0.168181026705933 0.0725738803715017
-0.00409797264470743 0.208307757657629 -0.089436745893743 0.16776697238992
-0.102243386343656 0.176471732668493 -0.0488508211908839 0.0473091401497757
-0.0299067704162139 0.18211657801262 0.121245394331288 0.042526023166924
0.0156069649784693 0.155980987345717 0.174544779673428 -0.0781918510146814
0.082953912942969 0.122090462795063 0.104503005133259 -0.191738121727191
0.141210916888718 0.0698829093491359 -0.00117238853068815 -0.18522562167825
0.155392945586664 -0.00594833275472816 -0.056044649897229 -0.139715288390291
0.136443821497091 -0.0546762534127172 -0.0689870194118237 -0.0639872833850036
0.136308199457933 -0.081628014524459 -0.0498268784337707 0.0116265716009432
0.133592426482144 -0.0755945385555464 0.00127026981625336 0.0754441703672148
0.160910938913934 -0.0696298753179025 0.0153903923453682 0.147036741659115
0.201469798241695 -0.00916942321089747 -0.0196752446595494 0.196539618833474
0.180860494133579 0.0687877339439002 -0.103093017736884 0.195028915855786
0.142727327824687 0.158367920559493 -0.173901960718434 0.123593156072961
0.0713220236151925 0.236738301843084 -0.162355999975705 0.0541809823263059
-0.0219897028910948 0.248053468979611 -0.0646257928674561 0.0944404357541282
-0.139351539220792 0.187458043926927 0.000110079692840949 -0.0253097461691042
-0.0717318799177665 0.221613601890718 0.144383571544552 0.0121720783608307
-0.00367522682710568 0.213070597443001 0.202976344540508 -0.0571107059372998
0.0965080502192575 0.164438308417011 0.149522168514769 -0.145195387997835
0.162452661941507 0.0902365229402742 0.0751002731997955 -0.154331334716322
0.175144347934011 0.00341660710045351 0.0191574309826537 -0.145343976021273
0.148768545556509 -0.0514372543599451 -0.0100997127936491 -0.0891222786959812
0.140459799015181 -0.078898114723098 0.000855308631840275 -0.0198197145233764
0.13394579437638 -0.0736877837904642 0.0513672090800544 0.0393754811039789
0.159935567029477 -0.0735355741383201 0.0746305182113517 0.114750282999108
0.20646956532979 -0.0196271336838714 0.0513682773693948 0.18675492996561
0.196077501145017 0.0618473149656086 -0.0447864993319358 0.218131095949569
0.153968984465488 0.171978789537212 -0.145084783933824 0.139831238246221
0.0575904921873962 0.253593105564414 -0.150968010749073 0.0316353127855634
-0.0413103668580498 0.249610523202756 -0.0350932571459307 0.018477125113319
-0.151218920672269 0.163921462147452 0.0502704201643432 -0.104976032176628
-0.101563838496234 0.212460644864066 0.158785341521321 -0.0319202076652388
-0.0280903819144962 0.221657460674348 0.206661265410114 -0.0393085107346236
0.0858282709086307 0.172973726630467 0.17386033159698 -0.0829088574884401
0.149927819452362 0.0915770448665614 0.143291012579568 -0.108975578483675
0.161807428790955 0.00972439744968998 0.091639263782672 -0.140684067009177
0.13593486124781 -0.0418948089183531 0.0495393186337057 -0.108675829664894
0.123133577662875 -0.0654603665477947 0.0518082039375956 -0.0468901978262855
0.116830579421448 -0.0588476049150487 0.0964549320888441 0.00679232850515375
0.139415273585027 -0.059527015373755 0.119680164971524 0.0840831217620951
0.181736489090401 -0.0122832816060091 0.102323201256324 0.167451758702007
0.176708555357042 0.0635419686914062 -0.000218539823351812 0.217747352612002
0.130299753960125 0.173810185302286 -0.114747195607548 0.135565039414482
0.0248638580953378 0.237214762237709 -0.13048662963042 0.00681339567485922
-0.0632686241343554 0.215900985115519 0.00165036087600953 -0.0474425162765129
-0.135095387903175 0.108698866524872 0.0890769593717364 -0.179737816422162
-0.108238975859262 0.157838266191028 0.160479785223497 -0.0752850734646204
-0.0435078689114722 0.180327863235679 0.19390103957568 -0.029088421551632
0.0596080503997646 0.137750099673416 0.178346028895003 -0.0268452329035824
0.106180862823046 0.0687597465541483 0.190925286441166 -0.067580789464869
0.116441852588893 0.011081607506964 0.145558925469627 -0.13346509323162
0.099693078070801 -0.0270290408282619 0.0974557645209237 -0.12224498465422
0.0881253300246577 -0.0426116882396594 0.0930812596840301 -0.0662440413115207
0.085029340710849 -0.0349239509698258 0.131882840801823 -0.013991855401533
0.104149180983669 -0.0352239314843067 0.148498944444037 0.0654546079777314
0.136843110543425 0.0024165246607952 0.130627748565048 0.153384464698305
0.134931309055009 0.0656591235740001 0.0248654399528862 0.207752334413373
0.0843797928946354 0.160798805000324 -0.0885811736335497 0.121442434529959
-0.0171849277456914 0.19350444369298 -0.10027308221212 -0.014548978533873
-0.0792194529910036 0.153205796523512 0.042261800970416 -0.0920648856291055
-0.0981725471075149 0.0325804290414382 0.106821747429044 -0.229325316648389
-0.0923749616373908 0.0773233582493117 0.147874801134079 -0.103176319640344
-0.0410656518595233 0.107379637174545 0.179045964107905 -0.0260646493979968
0.0302329886696688 0.0727469345978073 0.180027416733656 0.000796165443747127
0.0456615770049722 0.0289905109221307 0.21349572243068 -0.0550373528820684
0.0511272249752557 0.00894895333035216 0.166875394529843 -0.132820328882605
0.04670377541635 -0.00732329744504206 0.12200885840087 -0.129587094678062
0.0389734104606582 -0.0134758048024214 0.118906676798913 -0.0747667019469171
0.0428477217704871 -0.0086897394946823 0.153433768611371 -0.020861721775355
0.056677455198013 -0.0112171299974936 0.163406977955616 0.062485091523096
0.0787150216788584 0.0113575967997461 0.140404155910189 0.149802667488321
0.0833303397996093 0.0569556571120095 0.0334609790821741 0.197217939848289
0.0349106021686193 0.128342379780536 -0.0685502347202932 0.109873940479994
-0.0496623005463068 0.125586301353656 -0.0691270253004855 -0.0240024049019222
-0.0799097006928946 0.0735159682020637 0.0806523478092004 -0.113251216231357
0.0485910369982818 0.00414769272733227 -0.0975528533263196 0.14126181561856
0.0467077046072977 -0.0557749685560187 0.0740542320877486 0.0570572872774007
-0.0063631594552907 -0.0659062877159461 0.0824058779213074 -0.107727669614529
-0.0380208012518892 -0.0187672236917945 -0.0129165531315 -0.211724649195581
-0.0172435607258879 0.00534949502110696 -0.145916477129764 -0.175552079252416
0.00109660220644428 -0.00563878387268267 -0.186087186861247 -0.0750971264356024
0.0103436289264329 -0.0183750996024634 -0.161383628665057 0.0121635259109201
0.017210299182427 -0.0278344750191182 -0.140788982769064 0.0876710690275677
0.0191359067337098 -0.0204047195230509 -0.120944623143586 0.136907360263198
0.0183232631347376 -0.00748790096111399 -0.155008678402992 0.152457340403332
0.0154905087611994 -6.54972472155179E-05 -0.201414594601524 0.102031092987932
0.00506737929815737 -0.0145705891421263 -0.202050518094921 0.0271972894507453
0.0479576080764113 -0.0295827121128793 -0.195932555598936 0.0336181892816587
0.093046311695459 0.00248806655839009 -0.186387115306998 0.104182112276413
0.0553811143071298 0.0431063671543002 -0.119796152160455 0.264818716280573
0.00575804972467281 0.0779604483505877 -0.101313524448116 0.133187021600414
0.0392920141816309 0.0258231206536033 0.0774657342812798 0.0573665304625925
0.0150390597186321 -0.00318230763436526 0.0986964629978257 -0.103952415821242
0.00655209127532405 0.0164728899619174 0.00992411207148451 -0.216858866798325
0.0408972799355617 0.0189829507266434 -0.118031127747122 -0.188799444785184
0.0581078151203746 -0.0154996554557943 -0.165319128311753 -0.0994079206754052
0.0600262338090365 -0.0409236807817094 -0.14930140448166 -0.00779786572565829
0.0700711577821963 -0.0568518373791539 -0.126084306367854 0.0718409422824834
0.0753317570741468 -0.0465135041645576 -0.0923775047116503 0.129543474968797
0.0890989405917014 -0.025967113301692 -0.112319125371616 0.167816906832176
0.0985561240750871 0.015715527724335 -0.164079812752687 0.148671946721712
0.0674348627609832 0.0449849182654052 -0.194060494099247 0.0811676851749222
0.0685604520521369 0.0584594239942193 -0.201318961424123 0.0560259558102829
0.0773518809452452 0.104385341430534 -0.176782049073193 0.0921178467625459
0.022492993339097 0.139544973150702 -0.106570181430197 0.231341927663321
-0.0476865823262547 0.140740151275799 -0.0840502838020877 0.102952511753059
0.0136977338538737 0.111121694278765 0.0979821899629062 0.053621342038117
0.0240556393341459 0.0767478693879147 0.136566975305976 -0.0979826482820114
0.0518198376357766 0.066206277395089 0.0496645637177803 -0.217363301338627
0.0992189188007574 0.0411649739601878 -0.0718804463431314 -0.196567588849179
0.113940475453132 -0.0163431966278198 -0.124307230485957 -0.122587930131706
0.105598989035685 -0.0558044903873557 -0.118988299543156 -0.0344755652783975
0.111732913961711 -0.0780633342080363 -0.0944042021095589 0.0453524645278106
0.114835563252044 -0.0691902448277785 -0.0475781360478255 0.108201068250669
0.139341650109939 -0.0533500195745799 -0.0476984151376794 0.168259155501759
0.167923589392803 0.00520523409937669 -0.095197201335474 0.188302109665501
0.137144297854933 0.0691756642865021 -0.158627288001575 0.149029246326419
0.110255085826848 0.122363258844091 -0.196969042567772 0.0944142770582847
0.0773255888536752 0.187637948400201 -0.171416843638501 0.0770761856448043
-0.000455756129928035 0.212624044906396 -0.08702489835969 0.171681210687917
-0.0995395221608074 0.183709451007199 -0.0490686866455878 0.0487253144886355
-0.0244789128205745 0.185409163793601 0.124035413702142 0.0394839969120272
0.0208165499872802 0.159113443558946 0.178890437872464 -0.0837679948148246
0.0881791874065499 0.122242918573329 0.102661642873771 -0.197910518418551
0.14621190322069 0.0663738830097041 -0.00431049089096172 -0.189107763722871
0.157688904649952 -0.0116357426798523 -0.061849609270181 -0.142116348101332
0.138239710203219 -0.0609274784949948 -0.0716102785172995 -0.0644555962829379
0.136737129802134 -0.0880215522474864 -0.0500605616769407 0.0125458689537894
0.1350932592529 -0.0816322867214929 0.00319968445102605 0.0752468916229306
0.162945536822516 -0.0750462442514416 0.0205130208429483 0.147855850204268
0.205982206313969 -0.0166536863114567 -0.0139467212640257 0.201437995253725
0.186537053109633 0.0653155725459066 -0.100269292194408 0.20046105088235
0.150888820648006 0.157281157926792 -0.17732738090345 0.130982734854545
0.0796338033123695 0.238682213630467 -0.166769732285469 0.0586112282869697
-0.0191771082494532 0.253289602504392 -0.06330227920152 0.0965420242692101
-0.137361244448771 0.196069200444687 -0.00109940394140902 -0.0268018701458133
-0.0662161997453699 0.227172474246069 0.14795352701383 0.00830220424006607
0.00242569167444816 0.217894757768061 0.20855227201043 -0.0623950060606429
0.103315768900378 0.165719290449465 0.14993825537088 -0.150513978724358
0.168635566632737 0.086689940314945 0.0747125880222942 -0.160047367943417
0.178153413816735 -0.00337542312962104 0.0147821857671771 -0.149766605618329
0.151167080199107 -0.0574661002888771 -0.0122336174309329 -0.0912598005078702
0.140350545656535 -0.08485635655532 0.000975540211623172 -0.0209034399688059
0.135554355658983 -0.0794599572484817 0.0535537021824678 0.0371392126734775
0.160940252484172 -0.0795153323937816 0.0802077932031781 0.114876050467089
0.209770724562495 -0.0273016303207373 0.0588917521490705 0.189571903881722
0.201410276506543 0.0579203212088053 -0.0395126362642708 0.223197667682105
0.16278640842138 0.170668059316256 -0.147513651906647 0.14663604120738
0.0662247372134733 0.255161853937638 -0.156072892157688 0.035608176886088
-0.0386588235801874 0.255756431708545 -0.0353064657836931 0.0194746201865984
-0.150063964852146 0.172631301383851 0.0484126386314978 -0.109074683484707
-0.0974537752310982 0.218746539287491 0.160755988839858 -0.0365052001922178
-0.0228357179966803 0.227417790020185 0.212921533221275 -0.0445446557104355
0.0924811691743083 0.173678308309207 0.176843664920833 -0.0867734285377646
0.154581512795193 0.0886396588415401 0.146332774882864 -0.114911900785787
0.164856430002651 0.00410180176514193 0.0889535755271361 -0.146896529223329
0.13889477720541 -0.047649533416181 0.047938103758861 -0.112269180295772
0.123389973277497 -0.0702425421993639 0.0518647108557063 -0.0499563830536947
0.118074677151536 -0.0638587143967263 0.0981503863637779 0.00237111492571786
0.141005087373474 -0.0643916166600054 0.124582344462009 0.0822562877097314
0.185190324327892 -0.0187196761030701 0.110240052514479 0.169022392612531
0.181826619319157 0.059998361476782 0.00566292161771256 0.220911459985653
0.138450599341641 0.17329743524449 -0.117077354626502 0.14165795070488
0.0319363266098062 0.240588477772707 -0.135509436958351 0.00981017135467527
-0.0620431945052588 0.221146578845285 0.000347800834755673 -0.0481184260546443
-0.135683599799661 0.115278264884274 0.0868326598631186 -0.185575895343907
-0.105962186446926 0.162879082737878 0.161939885599589 -0.0810563793569084
-0.0390839634254816 0.185444503258501 0.198563468526515 -0.0333672796406101
0.0646951136111801 0.138421906237533 0.183764981403481 -0.0294913276529908
0.110315702081349 0.0671279618087698 0.19611588998886 -0.0750690797905872
0.118990575982931 0.00726222004361936 0.144210199825642 -0.141074941582109
0.101415499126103 -0.0313169181451842 0.0962573198774293 -0.127323441974477
0.0874165488466832 -0.0450820360228488 0.0935732592849805 -0.0702058219480123
0.0862445286002566 -0.0385468574443273 0.133518114322755 -0.0198507162433234
0.104605635398548 -0.0385704692413669 0.153512899080069 0.0627036092921476
0.138656508471607 -0.00143355761605997 0.139155600065978 0.153041336416828
0.138542737063421 0.0624695996524982 0.030938499377462 0.210370168126297
0.0907610441252754 0.160831921014917 -0.0897417945952154 0.126141827967944
-0.0123184748404009 0.196976011051184 -0.105048412690855 -0.0124488126354341
-0.0793784476611884 0.158070691154728 0.0407947193771728 -0.0949190605132112
-0.0997239848478551 0.036502849229936 0.103972882712133 -0.236913650506386
-0.0921420771383464 0.0802648803748492 0.14862088706663 -0.107137081224539
-0.0388805315751095 0.110241868657331 0.183665052149534 -0.0291112639150382
0.0322494971465894 0.0728596643183119 0.18587237682454 -0.00174171999523446
0.0470890776752886 0.028194366784419 0.218466939263786 -0.0630485276295898
0.0524251815794145 0.00750161760919425 0.166695831945901 -0.141260100932621
0.0477375736629987 -0.00975431552121905 0.121516050648716 -0.135668238706237
0.0385943559348605 -0.0141569849411674 0.119703165491015 -0.0807528839146348
0.0434633505595395 -0.00943762573911962 0.155941655569434 -0.0269104129011039
0.0570657647129286 -0.0124169577061698 0.168697400961156 0.0598395375949422
0.0804839134668792 0.00992525447466302 0.148456825575189 0.149338235425566
0.0860614648379646 0.0558316692694719 0.0398359189405684 0.200459120492322
0.0396247754167717 0.129494993053499 -0.0691324050280898 0.113283142934663
-0.0476312296572806 0.129354338778936 -0.0731093673941431 -0.022169097594133
-0.0815964432587522 0.0766864979016651 0.0796611170932084 -0.116494043855206
0.0490069287397131 0.00231468651861105 -0.0918810257149118 0.146627863197375
0.0444101888445028 -0.0588570189882528 0.0769564575257061 0.0528945955555579
-0.00884865365190092 -0.0662667610629922 0.0786528247494891 -0.113026102859885
-0.0388522536435439 -0.0172636657028807 -0.0215892094079094 -0.214007922725588
-0.016344782452558 0.00616193208537118 -0.156177627084179 -0.170763082851223
0.00084898257571525 -0.00637637201688076 -0.191689401126541 -0.0672680280176687
0.00958989649293365 -0.0198482020199943 -0.162773936816142 0.0174857596816489
0.0160203354019426 -0.0294695695217752 -0.13761524798658 0.0956030414958887
0.018863454837491 -0.0222495694055012 -0.115537626597128 0.144193983446169
0.0198710997194114 -0.008161757839966 -0.148794698133572 0.161184267308556
0.016315757544794 -0.000410709111868235 -0.199525443460503 0.112413675248057
0.00419352842305063 -0.0137188383340572 -0.206508595172267 0.0353292608869953
0.0474335445015586 -0.0321248622455906 -0.198253955819087 0.0430167678331803
0.0933529640556911 -0.00236787206593166 -0.184639949232802 0.112285440010481
0.0570177111660331 0.0421846517852064 -0.110001209874032 0.270187073845415
0.00900863274591295 0.0788618309186197 -0.096465104944748 0.138816360798366
0.0414770802883795 0.0235465853370561 0.0808286263671544 0.0532395798903763
0.0152587974278361 -0.00383336346683641 0.0965253086963486 -0.109393569065797
0.00808827149716629 0.0161782539915312 0.000391555688224145 -0.220242150888905
0.0425590924660942 0.016658493660693 -0.127627788301341 -0.185129983368816
0.057720776132571 -0.018735827251515 -0.172053627961756 -0.0928527789091198
0.0585227783834811 -0.0458082939279386 -0.151356553932236 -0.00206286154595156
0.0678743764187714 -0.0616572269299999 -0.123777662799704 0.0790338648840721
0.0747436576553748 -0.0511301925246363 -0.0870097473784085 0.134739619384767
0.0902208605017519 -0.0311882048837329 -0.104868270585017 0.175042769597554
0.10152278293341 0.0108086521443032 -0.158859529571881 0.158638137975788
0.0705393640772261 0.0427261847437922 -0.194970255633956 0.0908322473009554
0.0718462156660061 0.0556274523837409 -0.203325532517433 0.066066335639573
0.0827273140411059 0.101443225632613 -0.175676357885401 0.0996422633073185
0.0279784296130757 0.140297222185225 -0.0980696443344892 0.236456793284002
-0.0420340921421692 0.145415919455948 -0.0809808066538864 0.107434626847038
0.0192679694150283 0.110718793919625 0.101658729023154 0.0484390633629897
0.0286880405012399 0.0763509312318646 0.135072839498918 -0.105601824270544
0.055263027641449 0.0645886327037667 0.0416201109855957 -0.221786749658881
0.102409486829139 0.0351552621463419 -0.0804657494913228 -0.195795644135978
0.113512016107481 -0.0232663123433449 -0.132058962482218 -0.119399038339054
0.104182484481205 -0.0628005572287312 -0.121921402003607 -0.0307742455625643
0.10923945008992 -0.0853653754219792 -0.0929708621589653 0.0500796699075536
0.113730342558226 -0.0761294263367413 -0.0430894999398132 0.110748692790685
0.13898080175048 -0.0608133983546554 -0.0396643626437931 0.17164458288448
0.170272596979141 -0.00454275710922921 -0.0877371785378091 0.195306030994235
0.141792192337029 0.0632181860222388 -0.155670095848073 0.157395364462293
0.118132003050677 0.118056793876305 -0.19813092806163 0.105262951401506
0.086780259395159 0.184544955155293 -0.171979050050047 0.0839847566285972
0.00739824883183488 0.215522566771528 -0.0808616758075454 0.175249492646595
-0.0928137059424924 0.19123482389784 -0.0478727829494938 0.0503736908635635
-0.0149197478313266 0.187455163230371 0.127647348255827 0.0331270514679047
0.0298398447575318 0.160368732431617 0.180915329668296 -0.0926979339896281
0.094872341369737 0.119548533225505 0.0963834478841318 -0.203987688475358
0.151290421756492 0.0589761652503532 -0.0110032149311671 -0.19214461051155
0.159105709700367 -0.0206473439111267 -0.0694974722133454 -0.141720675121121
0.137677267113064 -0.0693979581993406 -0.0754374731684846 -0.0620809229025925
0.133675580764884 -0.0959995378654837 -0.0495957422609127 0.0152136650963182
0.134112052593552 -0.089915336723184 0.00680557749785049 0.074541590809565
0.161344140557707 -0.0838978374879429 0.0285520586771611 0.147854517436167
0.207603051700424 -0.0274804998635189 -0.00341268174602224 0.205799191253713
0.192177275508635 0.0571204663688696 -0.093321266579343 0.206868389576937
0.15979055842321 0.150911399184244 -0.177179379190736 0.140641351601389
0.0920047921837576 0.235701180264894 -0.168376767679967 0.0656572434496839
-0.00999066962935696 0.256765105724841 -0.0605997718084959 0.0991590128121519
-0.130419438281094 0.205052501701829 -0.00351826149950829 -0.0272968780699006
-0.0551518775272334 0.231267263626496 0.148837712780271 0.00111981042109288
0.0133556351737462 0.220744538408652 0.211091190731125 -0.0723056136139323
0.112871317020213 0.162733447567155 0.146936292652535 -0.157451965247627
0.174471149683818 0.0780900063222942 0.0705780603578192 -0.166034287976695
0.179711797422597 -0.0133537910257154 0.00719830512278322 -0.153341820807278
0.150647642778215 -0.0668900495446649 -0.0168132051454568 -0.0922163504509738
0.137463049132704 -0.0932721424016405 0.000255487289511962 -0.0219188700377219
0.134884816476931 -0.0873274566604389 0.0558247194429968 0.0332082023908192
0.159530858457875 -0.0880696256777254 0.0869911544782884 0.1112130443521
0.211202590555816 -0.0389455151352144 0.0698206809377044 0.189675560893015
0.206762212180735 0.0488354378219981 -0.0306361949216026 0.226430614057348
0.173049814447757 0.163946964649421 -0.145883197581437 0.155707269592617
0.0791908223031603 0.253638398355391 -0.158919203731438 0.0427422148978851
-0.0307735364148291 0.260486912230014 -0.0348773331811139 0.0203077877217647
-0.144237793518703 0.182545505658591 0.0433348654562306 -0.112900684328921
-0.0867495506049646 0.224824892123491 0.16021023472889 -0.0441434548174049
-0.0111365178645442 0.231352836774103 0.215835774426682 -0.0537906513650805
0.101461118669727 0.171609780376521 0.177085853499843 -0.0932480296355775
0.160884612883291 0.0814886499653945 0.145758245260512 -0.124330344238928
0.16633516361953 -0.00471700021976292 0.0829667762116415 -0.153466852923987
0.138582112589209 -0.055836810480433 0.0434707298217027 -0.116817244484565
0.12108464045256 -0.0770189250325073 0.0504013992654775 -0.0537773001793426
0.117525072316912 -0.0704457912380936 0.0993271047298936 -0.00379432817592085
0.139287534998206 -0.0716881915858234 0.130522206717418 0.0765376371572449
0.185702186987889 -0.0285880167288236 0.121099737169415 0.165903792669419
0.186294998163788 0.0518632929314618 0.015575681727049 0.222621288516111
0.148117788302898 0.167938711856105 -0.11457147840236 0.149079518612744
0.0425910739609699 0.240370656419331 -0.139542294672236 0.015904763452073
-0.0550793733916214 0.226899982004664 -0.00185780234271696 -0.0490847011770109
-0.132280877619864 0.123275267389509 0.0796594989180531 -0.1912975571753
-0.099481087183997 0.168458365434328 0.15933445419504 -0.0883654822810724
-0.0310138100659348 0.189234852258262 0.201626616340379 -0.0413794947588546
0.0714616659470575 0.136778966018555 0.186696269691212 -0.0362178359129162
0.114111075208118 0.0614909676079417 0.197960445082069 -0.0853948353649033
0.119950361250154 0.000374294505166335 0.13862343963585 -0.149600406471041
0.101357527594729 -0.0366992742855288 0.0917728042914972 -0.13406345962275
0.0854924475358039 -0.0493449748497622 0.0914212625162866 -0.0768524414059592
0.0859499053408997 -0.043042001313231 0.134183932320581 -0.0281014154537078
0.103325680940952 -0.0436487102822061 0.158772148994971 0.0567326146187474
0.139822997788136 -0.00886638918282255 0.149706642535699 0.148571687877705
0.142846268804208 0.0569952502232061 0.0410532168478223 0.210149963405001
0.0997068307386353 0.157190885977139 -0.0877664060777366 0.132044351994503
-0.00415716815962934 0.199258804532531 -0.109338499171589 -0.00701595070325141
-0.0754267181563719 0.163970725726015 0.0376014711236707 -0.0975306954254691
-0.0996124100289736 0.0421041824806937 0.0953570955426813 -0.244460249743682
-0.0894430179719095 0.0846680655806565 0.146013286124293 -0.113154940954991
-0.0339130753203356 0.112947116296568 0.185637676167838 -0.036816922199674
0.0358404446329892 0.0715051710136557 0.190802346711608 -0.00846297324010226
0.0484235662614141 0.0258357844108979 0.220651812857678 -0.0752778503768905
0.0529839539896833 0.00417546762190821 0.161646242611222 -0.151257664321667
0.048390327158722 -0.0128378779903871 0.116668231700108 -0.143862763113516
0.0376078173275757 -0.0156055121195265 0.117460629840516 -0.0877229148981221
0.0434250373841622 -0.0116689576784749 0.156182574049619 -0.0358232513671415
0.0566048872879624 -0.014899850331193 0.174295835034171 0.0532473910489477
0.0809942112072342 0.00651344343008373 0.157952932443152 0.144350842498142
0.0895691453933946 0.0525190920377756 0.0491183494599221 0.20001434509971
0.0460257190506218 0.128329072972181 -0.0671849034937037 0.118116730627418
-0.0430606327592262 0.133162273894093 -0.0765729784456313 -0.0180657694758985
-0.0809556908931558 0.0817677260023393 0.075598740222457 -0.120757002020354
0.0481651241802903 0.000539758113048217 -0.0835982096372492 0.148026450245102
0.0411805249053696 -0.0604447691867168 0.0781957116679891 0.0475210689396683
-0.0116780204464756 -0.0656939165188676 0.0729574685895831 -0.114825734428714
-0.0394513250089232 -0.015211807379466 -0.0299599536536633 -0.210848858033497
-0.0152079742493929 0.00662318984429814 -0.16212010331573 -0.161503867631371
0.00104326732098848 -0.0065267954582087 -0.192357759225691 -0.0574484216986761
0.00808770299183098 -0.0210349263914308 -0.160294573993296 0.0232683967210503
0.0143188800530273 -0.0308176795198723 -0.130808375595789 0.101030215938355
0.0184877875374767 -0.0231697090928044 -0.106270889378879 0.14707429093196
0.0201639974507821 -0.00951916639252509 -0.13853117625747 0.166677668204863
0.0170435477228074 -0.0012954109780164 -0.193406736508443 0.121141724702056
0.003533775569209 -0.0131060179423624 -0.204685553754637 0.0436105964334009
0.0454148981449625 -0.0345069790516871 -0.194656102529186 0.0520510994544045
0.0906200985209217 -0.00737969493608405 -0.177698411206877 0.116845704934197
0.0578342259801423 0.0402827774019263 -0.0978340455226514 0.269521521363087
0.0124869960171679 0.0782090882290007 -0.0890628308313256 0.140821344598688
0.042456455039593 0.0204489334197901 0.08169891568834 0.0477883404677078
0.0153571932410852 -0.00445779722254144 0.0912338600720778 -0.112461192047322
0.00843592171644955 0.0153990171648972 -0.0085286212554117 -0.216669081197419
0.0432526820908942 0.0137325299737044 -0.134253915543841 -0.177233349780438
0.0558884646128653 -0.0215795768452848 -0.174053879190125 -0.0833261159381744
0.0551640344356028 -0.049349687106905 -0.14941961233696 0.00353747108873342
0.0638584326046063 -0.0653116202935588 -0.117878654504556 0.0833783162936409
0.0716568512456523 -0.0551232275120567 -0.0787025290997014 0.136749483238375
0.088458448109057 -0.0351848313811041 -0.0943166006889109 0.177389426294321
0.100529275369865 0.00510776483105083 -0.14969496005439 0.164802943385945
0.0721079692926357 0.0391487918199046 -0.191150297406363 0.0975888206442872
0.0737350884972253 0.0509003393895247 -0.199493862723208 0.0751594857306075
0.0857544678627702 0.0947725866669293 -0.170469128323865 0.104063096698015
0.0321898016551382 0.137901002932185 -0.0870479298370423 0.235532330701182
-0.0346349965769691 0.145941845484049 -0.0754471357329575 0.109147420659293
0.0248400533940505 0.106674062091427 0.101810473993028 0.0428640393045394
0.0324992196862673 0.073560127822007 0.130404216877911 -0.109998615096385
0.0573181215632122 0.0607070672030919 0.0323145797485484 -0.220497035581703
0.102530356022856 0.0292996284782258 -0.0876683635876935 -0.190155093252061
0.110834703203842 -0.0290434226033888 -0.135921303368238 -0.111193588020319
0.0991632499764535 -0.0682477298081823 -0.121729237206695 -0.0258277986058726
0.103032851198205 -0.0903176688075326 -0.0893563258081058 0.0540094032109822
0.109407284513692 -0.081480667136853 -0.0369728313615901 0.11039604830402
0.135212715909214 -0.0672577450042815 -0.0303109078528151 0.170358592127302
0.167691248431931 -0.014129963122426 -0.0763654024687688 0.198106947751101
0.143597486454344 0.0557065692326634 -0.148450978179805 0.16197334922124
0.121812196393831 0.110209261927789 -0.193083166599695 0.112786160769802
0.0935614422074607 0.176941074640682 -0.167874776181841 0.0891407236319443
0.0153692300696602 0.212690700952322 -0.0729748691872652 0.174364109876531
-0.0821486594033248 0.19333737065105 -0.0459253909606839 0.0517628371120174
-0.00546309406393476 0.184423139931635 0.126627888763173 0.0269095728094803
0.0377019996172257 0.156511805403781 0.176985874097664 -0.0988975892975617
0.0993984100483956 0.113381356582267 0.0869971779282765 -0.204171465423775
0.151952798376077 0.0496524293137697 -0.0184879578320035 -0.189604331619462
0.154995487613208 -0.0289175310956955 -0.0758651859304965 -0.136657736610717
0.132080497734809 -0.0767965223794048 -0.0771618170323895 -0.0584488022016351
0.12664275594054 -0.102053122356696 -0.0483474714222691 0.0166205350204171
0.128765972723628 -0.0952423323780786 0.010399078207398 0.0717893053694852
0.155546783611415 -0.0913422178929739 0.0360776053746371 0.143390209958611
0.203041268541887 -0.038955948790725 0.00693771910884438 0.203769752180774
0.192848463472759 0.0468998263759059 -0.0837881901238489 0.207661590442239
0.165293723935025 0.140026857603295 -0.170006000360627 0.147313643638214
0.101903433051175 0.226922131419547 -0.165904308134228 0.0714192843677514
-0.00049501017234276 0.254721667566251 -0.0553728074835903 0.0995158151008672
-0.11833320609342 0.209949260203315 -0.00603774381034674 -0.0270124584030351
-0.0425265104743341 0.229443530265079 0.146170806757951 -0.00544473301055531
0.0249068863473477 0.217133817163601 0.208190314940248 -0.0807421175947223
0.119165575812355 0.155387312789167 0.140379743379426 -0.160253440414741
0.175728588548346 0.0676646796742451 0.0640400785919087 -0.168201566038625
0.175311703761306 -0.0231619617343938 -0.000295490246017371 -0.152285311408444
0.145620862706852 -0.0747166790299446 -0.0209186197395495 -0.0909270969825153
0.130838150343729 -0.0989020353362186 -0.000372709775188728 -0.0218450669569429
0.129441455840944 -0.0933608726440719 0.0565465898272275 0.0287331880083911
0.153143037475197 -0.0946896952633426 0.0916475513907598 0.105257033371802
0.205940203869028 -0.0502495539501639 0.079532245077053 0.183771170044068
0.206602333649998 0.0380190711789314 -0.0198050426028747 0.224024788473749
0.178884546245133 0.152553073569948 -0.139897140682231 0.16076284229117
0.0901000171617861 0.245113150917387 -0.157686411574591 0.0493374854939252
-0.0205567371544572 0.258514301099931 -0.034145930424683 0.0215705301228922
-0.134075362430223 0.187143287018914 0.0367410322462566 -0.113388173400105
-0.0748374994738787 0.223833094267006 0.155527761659097 -0.0506061178875733
0.000821049432940573 0.229277453858158 0.213435452137989 -0.0627199262763187
0.108619459779267 0.164532038384476 0.17365141642295 -0.0983512005513683
0.161856398981588 0.0714518904244119 0.140418724842199 -0.130268361387772
0.162943631587833 -0.0139322524339774 0.0736619086500345 -0.156413227085683
0.133857976556701 -0.0634796211148658 0.0372658382474628 -0.117857959455406
0.115052151240977 -0.0816438956534698 0.0474877352557081 -0.0562825004085238
0.112995464562533 -0.0756993840155003 0.0970076673838113 -0.0104186369378125
0.133853631699626 -0.0777063331432455 0.133229786237322 0.0685053157808024
0.181254193781636 -0.0382489771892393 0.128545306941649 0.158050768865737
0.186132429992427 0.0415061965906103 0.0258969215951422 0.218460065179049
0.154081607843412 0.156333269705382 -0.108618860566594 0.15371560900419
0.0532478436346788 0.234041446955231 -0.139081531932721 0.0223340878535865
-0.046707161282516 0.226806039843345 -0.00396564098160276 -0.0480681589178973
-0.124682256950451 0.127996927383059 0.0697127153000028 -0.192779025918204
-0.0905501491920518 0.169697270386037 0.152972587825886 -0.0932233786809323
-0.0204356468030824 0.187742185685146 0.199268921920819 -0.0497914287730871
0.0770352147520881 0.131766091759539 0.185895793934568 -0.0425336959633202
0.114672599619719 0.0544978614905886 0.194050908407981 -0.0951837819811945
0.117264969198788 -0.00597622994863694 0.129200262569918 -0.155322942095616
0.098549105469426 -0.0427833823159239 0.0839344956809223 -0.13735287904816
0.081443653076893 -0.0523563710440217 0.0871429797150996 -0.0807810753396618
0.0829036915661868 -0.0466946401625483 0.129742488265968 -0.0356127265076527
0.099760068921373 -0.0476811017604438 0.159848013364137 0.0476027345654455
0.137262438042515 -0.015882773049581 0.155765740671015 0.139499634485075
0.14378290865526 0.0489790451808357 0.0502258899850968 0.204658961369478
0.105367199359672 0.148973073269987 -0.0830763845372748 0.135393118874116
0.00485132851896084 0.195907212650885 -0.109920480682611 -0.00148876774275716
-0.0692119601205823 0.165951447429022 0.0326264438551821 -0.098070352385624
-0.0958688474611653 0.0459933737309196 0.083612132364053 -0.245414462132894
-0.084758267158846 0.0867710104065916 0.139621364082988 -0.117092504318829
-0.0274655707954664 0.112269615965395 0.183668406660562 -0.0438110130805491
0.0380824592304902 0.0677982996414887 0.191189322450943 -0.0152543058936873
0.047988371709014 0.0227677974801209 0.216583314209159 -0.0860934585858599
0.0518646434631192 0.00109191925047786 0.152052908326751 -0.157080364332889
0.0465448905421723 -0.0155650749267763 0.10822735957596 -0.147653788454814
0.036175378700744 -0.0160709233632249 0.111585275923024 -0.0936993072894952
0.0421486317043542 -0.0130936608270792 0.151129344962407 -0.044232547652878
0.0546726180087074 -0.0169393667759839 0.174362656064549 0.0444064096817056
0.079873816217925 0.00293953828737864 0.164207192777258 0.134966788345734
0.0901013967153179 0.0472757288955954 0.0577882866360642 0.19473988646901
0.0514799280680878 0.123158309008725 -0.0628488253488238 0.120326260264204
-0.0367664652725551 0.133739662246089 -0.0774792208622735 -0.0137226127780152
-0.0770640660616046 0.0852029647902654 0.0686408943971627 -0.12189741612062
0.0483778039699884 -0.00422017634128661 -0.0675277619985585 0.152590720480321
0.0336040278933407 -0.0631355685952573 0.0797749981613232 0.0381944097153557
-0.0191852769212656 -0.0631056677752566 0.0579196490257821 -0.116527291941612
-0.039409081460275 -0.0110698928073225 -0.056244387149185 -0.199562927369103
-0.0128103973272566 0.00674619680283025 -0.175890426885209 -0.135251185250888
0.000116237359586912 -0.00633342973000408 -0.193040313701065 -0.0335231353433994
0.00452175069340491 -0.021101248538868 -0.155263254309873 0.0400535291753766
0.0102851660540401 -0.031808904605025 -0.113110271259047 0.11206776443294
0.0161186617411167 -0.0254522700964549 -0.0850704471830478 0.152734538231605
0.0205122919400436 -0.0119508345902786 -0.112421440597366 0.176072518799217
0.018400099662613 -0.00334457468501982 -0.173145993504963 0.138269892766896
0.003645885195114 -0.0107592884205816 -0.196731560414963 0.0659156087202206
0.0396459695755476 -0.0377439646351647 -0.183397276207617 0.0702243710309527
0.0862782702683012 -0.0158206818194084 -0.154563260816365 0.129408590855703
0.0629606973154167 0.0324878105251682 -0.0638477067242169 0.272002253548678
0.0223048004394916 0.0772588558231228 -0.0724178839098944 0.13881917918752
0.0431909344378013 0.0139768525907383 0.0824618487669673 0.0359181189302819
0.0143842117723018 -0.00760454724715937 0.0763463958453525 -0.119675012261993
0.00962413774594902 0.0134538341680232 -0.0363989022276255 -0.209779484879966
0.0438695286242254 0.00758220006308119 -0.152836713465661 -0.156307831573072
0.0508789086015827 -0.0271092789748842 -0.180184186490614 -0.0624859395941964
0.0461987120213672 -0.0528963290197287 -0.147567168260102 0.0181609476772584
0.0533541265490687 -0.0706311479012694 -0.102238667210399 0.0929669830269332
0.0636606993151106 -0.0621702631048355 -0.0597129152629504 0.137681284993206
0.081996776949562 -0.0448449618329139 -0.0677100952631843 0.179163461572166
0.098408963685838 -0.00821703588762478 -0.125693337640725 0.173244919893554
0.0751799323081067 0.0308042747204794 -0.17450425328433 0.115351809778225
0.0782704089814204 0.0400071205505897 -0.182973350252166 0.0941514655555421
0.0926958678107597 0.0812385992169069 -0.146936763888619 0.121244052843219
0.0500417327360986 0.127709667851183 -0.057876326459308 0.240564991108697
-0.0150824686199663 0.150139816765521 -0.0602059606773586 0.100593207248282
0.0359745007997483 0.0985782232607428 0.101587397762225 0.0260478614215995
0.0403659830000984 0.0652296323436465 0.114823817073209 -0.126187942537343
0.0610932904130326 0.0516841021697445 0.00213328773793052 -0.220178794829597
0.101373027693728 0.015714893929697 -0.111070599145423 -0.176318520575941
0.101850036201678 -0.0403253610479143 -0.148120742706929 -0.0954807214855817
0.0864291334592493 -0.0766314343617779 -0.123998664547311 -0.0155724045072346
0.088026508113524 -0.0994427396454345 -0.0783638078999045 0.0610979031601596
0.0962851564901247 -0.092148771485838 -0.0225717897388573 0.106540692315538
0.121758401211276 -0.0809600350628255 -0.00686625731689538 0.163645612736378
0.15976432210693 -0.0357269950793282 -0.0501979241520445 0.194971792513604
0.145279148416721 0.0367882856780858 -0.124451302258158 0.171084602640292
0.132154278851886 0.0898250539820011 -0.170594241160065 0.130903522143028
0.110284280207073 0.156072381213148 -0.144697870943467 0.109989544380204
0.0418291984317411 0.200114885144334 -0.0515476520118037 0.183136640016341
-0.0563864400928564 0.202894840718952 -0.0353441024704404 0.037319068949693
0.0153694079201233 0.176110651139857 0.12414627642933 0.00575633125283547
0.054873430268745 0.144156281608208 0.161188670889665 -0.124780046057046
0.10701098141545 0.0981215115241791 0.0582672071035662 -0.213597661964159
0.151367354360825 0.0301553279922914 -0.0446104180416424 -0.186662692668285
0.144036341816635 -0.0452410066838075 -0.0934308584500623 -0.12810524968903
0.11709618028618 -0.0889442045440792 -0.0842354858223788 -0.0536966810679138
0.109173357504999 -0.113113619332639 -0.043962504741432 0.0203015796109302
0.112748189985045 -0.108473131997173 0.0179630142931779 0.0640439616261849
0.137092349783582 -0.106210886757284 0.0536614736938159 0.128410958922902
0.18948662632419 -0.0647675171355321 0.0308893048430242 0.190176386806128
0.190746327824737 0.0218855217704273 -0.0558478527166999 0.207040984535886
0.17718577471362 0.11227159938229 -0.143848387906682 0.16156579623436
0.122668145334916 0.202324412765986 -0.142944153654586 0.0951943836880537
0.0307808377268409 0.240682494473685 -0.0443209356612355 0.109863465640966
-0.0905891392214282 0.223012434627519 -0.00222270131553479 -0.0452750579844105
-0.01650807049492 0.223581428628636 0.140772776863528 -0.0291679833606337
0.049802862013202 0.203947792134075 0.194708503955669 -0.112815358975426
0.130161349826633 0.136185754484038 0.116334279337582 -0.180382530083541
0.176228319933909 0.0450309405267772 0.0378862121041833 -0.177765619563458
0.164817264697068 -0.04193886004959 -0.0236074737037675 -0.152460647117007
0.129978972015485 -0.0892172938748542 -0.033027606521398 -0.0922832907219852
0.113658738641809 -0.110132168952313 -0.002746551943228 -0.0227767516466562
0.113520516711943 -0.106283719152433 0.056719980188549 0.0166991049071505
0.134198707646792 -0.109104581846364 0.102267944226368 0.0841359033359684
0.189796668198938 -0.0754279195546419 0.0988198715587608 0.162507658957022
0.202189937463551 0.0111583984096916 0.00940480353124215 0.21496125532066
0.191098754334538 0.12097865236482 -0.111185562356629 0.171690439569738
0.114270258978227 0.220808534174942 -0.138828402867546 0.0739941090772733
0.0109893018024873 0.246847757587952 -0.0324781182056307 0.0315623100314383
-0.108332705715027 0.201972217514915 0.0298968223514402 -0.131775589600904
-0.0486716645878789 0.221356026283508 0.145151847516279 -0.0734502635804529
0.0276229234814825 0.218474445657839 0.202929202339926 -0.0958087601915508
0.121747694859476 0.146265141997951 0.157427393357342 -0.124601546712197
0.163280563835203 0.0508688475930579 0.11781937418775 -0.151937033859117
0.153732364321998 -0.0321864157427192 0.0483855926138121 -0.165379123518979
0.120607074284525 -0.0770271718616213 0.0209399682667732 -0.124880535630061
0.100676780945742 -0.0915709167501845 0.0387351382015192 -0.0613221413805224
0.100015910854567 -0.0873467404393702 0.0917426783377003 -0.0247425078243336
0.117993514625597 -0.0896031970164933 0.137477485219408 0.0448126866726233
0.167789087180959 -0.0611722442911247 0.143352773312021 0.132528847750561
0.182839577376877 0.0167576429151957 0.0525957308663632 0.204389631813499
0.167908258638123 0.127817075142715 -0.0827564351555892 0.161473806384825
0.077701571539721 0.215279749965894 -0.124983548049674 0.0468656376698022
-0.017452765290529 0.220697833677396 -0.0121786321186422 -0.0397887296101887
-0.107256633088138 0.141280059439206 0.0533013293335759 -0.207042742460679
-0.0687650783225783 0.170956572014194 0.139353521174429 -0.112554706974049
0.00192215299879084 0.180861672885648 0.19080640890733 -0.0797291709540655
0.0874224046822865 0.11751077667895 0.177580782479358 -0.0701963239563785
0.116447918222321 0.0406712866337795 0.174654573320871 -0.122282568265737
0.111394941149747 -0.0196286490185364 0.103871616600162 -0.169835960533482
0.0883870504321715 -0.053588636042434 0.0652719059587114 -0.148647551237612
0.0720347263699973 -0.0590441168086726 0.0739211367266751 -0.0898702798120762
0.0744042162978443 -0.0549428380644992 0.120163004062345 -0.0520671472925285
0.0886790278042709 -0.057666476293428 0.160470390438936 0.0234809778940362
0.127993716537948 -0.0335116997060713 0.167087204922815 0.113149655339346
0.142560768974644 0.0288583036578757 0.0753155382114327 0.18943443795472
0.121022976272759 0.127208718518662 -0.0608502949473584 0.14207170101871
0.0278941550513269 0.185061279060264 -0.101570832004707 0.0211587166258607
-0.0464181074820925 0.165557564792348 0.0175256494041952 -0.0937071719926228
-0.089643222260823 0.0564328835898249 0.0610968575586291 -0.25141943017814
-0.0731590125595116 0.0908325054918808 0.124547504794406 -0.130557517550224
-0.0133635308000404 0.109217103533489 0.175984277459646 -0.0684373338610859
0.0437195490086829 0.0607923529048479 0.186284772335899 -0.0424105322496237
0.0485834041625656 0.0173168456777599 0.198938870596825 -0.113771950235387
0.0494596132591214 -0.00550143604172468 0.127531114799233 -0.171937667956014
0.0418944866614849 -0.0218563642245473 0.0885301147044367 -0.159497759305646
0.0321837495875816 -0.0184071366317827 0.0956033126799486 -0.103831928433052
0.0384696979241251 -0.017701735952471 0.139690619977199 -0.0618384698117352
0.0488947147039618 -0.0225855839562384 0.174731855218541 0.0197492962008983
0.0756875705470397 -0.00820077090937706 0.174899336507354 0.109449789615787
0.0914244466043987 0.032794339800539 0.0802494826198082 0.180726426264656
0.065714305602179 0.109454294409589 -0.0442203075601161 0.126135122018965
-0.0193224366582605 0.131223714152398 -0.0752751762120917 0.00375966845444944
-0.0639975616433688 0.0901645888915801 0.0502392968650407 -0.124360062305806
0.0475208256574589 -0.0029877171148702 -0.0683127685397774 0.14753509560623
0.032979086381458 -0.0614861263256382 0.0768610001953928 0.0384292638052555
-0.0179003381187618 -0.0619160642960371 0.0593408082604665 -0.113112847908488
-0.0382148335326094 -0.0110663738305036 -0.0514529996527657 -0.196018790425088
-0.0120386136108011 0.00675473198437261 -0.170490138425013 -0.133454108468917
0.000377909096045816 -0.00685070124337235 -0.187823480479733 -0.0352397807342802
0.00445946324658026 -0.0211803837748474 -0.152276213206369 0.0365098960583102
0.00983490316532653 -0.031579432672848 -0.110416705052986 0.107640318855742
0.0164843356258118 -0.0257943603188281 -0.0844298886632236 0.147659248861544
0.021070164346366 -0.0119776523922207 -0.111001172896615 0.170118126265524
0.0183936275258004 -0.00313025128311771 -0.17102612665987 0.133695662526376
0.00433682095754406 -0.00979822392650469 -0.194823415343151 0.0616071443676421
0.0388981046848481 -0.0360924131820985 -0.179757835698429 0.0666133456075158
0.0834898215474982 -0.014621562787398 -0.154137213790502 0.122700434131198
0.0606731610707355 0.0332194811564547 -0.0674727479282923 0.26242645998134
0.0210929594730703 0.0761872456619035 -0.0728497995447827 0.134684613508251
0.0415696721371595 0.0133087019415182 0.0796245858959608 0.0361084268344689
0.014375982622564 -0.00817955460222429 0.0770330653049638 -0.115888226466459
0.00893689931161924 0.013048403176062 -0.0322576394845846 -0.204865450620719
0.0427145547988494 0.00710298091095416 -0.147376651684101 -0.153670899932679
0.049299783025162 -0.026166794889681 -0.175117915057416 -0.0634103859870461
0.0452711577123348 -0.0523225896452091 -0.144616748266875 0.0148089872265229
0.0522459967473618 -0.0692296352353804 -0.100603820253347 0.0895911603645847
0.0633381381559875 -0.0611458365739938 -0.0598408600168796 0.13263689745813
0.0815220019109818 -0.0433988082036135 -0.0670516519543565 0.173342490205077
0.095940892768707 -0.00792928061937615 -0.124130664770842 0.1680843440172
0.0732669128661206 0.0312009943957402 -0.17379190227414 0.110451543998005
0.0753890689716512 0.0400621321837809 -0.180774988428678 0.0899851998799369
0.088468247882853 0.0793650417327357 -0.146617514374634 0.114585747982604
0.0460792955804983 0.125742683315868 -0.0616890156018012 0.232349701787821
-0.0164342194144295 0.147095524682499 -0.0605776029206797 0.0977344922456518
0.034020806190885 0.0948770138735621 0.0979450934138489 0.0273748986197056
0.0389687884876526 0.063345573705094 0.115294711448505 -0.121602674160429
0.0587067414152046 0.0507949129914995 0.00607022785794709 -0.214502215188941
0.0983425041845302 0.0155107886342288 -0.105988616395115 -0.173637328796984
0.0993046154694913 -0.0390779547574271 -0.143404822386594 -0.0951870701979209
0.0843434707998094 -0.0747651860332308 -0.120647132982709 -0.017105305914232
0.0860879383880382 -0.0966858564148435 -0.0764280554533162 0.0584906876436151
0.0953381584438025 -0.0899921253037667 -0.0234958955987609 0.103085634455583
0.120091599188922 -0.0785868806264221 -0.00769213139820549 0.158263024766001
0.155389413250684 -0.0340228496016112 -0.0504192000918603 0.190320605799967
0.141509998567495 0.0372921741885538 -0.125352503544887 0.165929075100963
0.127277854771463 0.088889028707365 -0.169765461458906 0.126422694985631
0.104756106243792 0.153328280005461 -0.144681487761762 0.10419985265594
0.0363642564183471 0.196532679829853 -0.0543123043707283 0.17667099428537
-0.057019971324134 0.19774496850094 -0.036126108884844 0.0361910879277249
0.0127404599114006 0.170129646164713 0.12010631966942 0.00802804415920289
0.0522465715009596 0.139879917330822 0.161027796504901 -0.119290409531261
0.103052682303395 0.0960352576720901 0.0616502156285897 -0.207038265982658
0.146752852247166 0.0298856866346837 -0.0406975082235425 -0.183641166580755
0.14006471394168 -0.0435364244398834 -0.0907294584913749 -0.126614836821572
0.114290545394771 -0.0866316842292949 -0.0816935889826101 -0.0538179353435764
0.107151298800005 -0.109871463050802 -0.0424215222405884 0.0191050036787371
0.111811990101183 -0.10550563278848 0.0166020818779448 0.0618916705661229
0.135410780673765 -0.102872283680856 0.0510784216010306 0.124966505273825
0.184271690678255 -0.0624236421650683 0.0294608000530271 0.18545816105994
0.185862246535351 0.0228923148731782 -0.0582926389718311 0.201083762483424
0.170426730649039 0.110824141450884 -0.144190829731894 0.157146891339024
0.116904146045198 0.198172290956209 -0.143545658349256 0.0909215269958954
0.0245469553380821 0.236047250201283 -0.0455939124805561 0.105819706413526
-0.0906109933985416 0.216590216473945 -0.00310140753860426 -0.0431613988236602
-0.0187688559179007 0.215810517309806 0.136404848847398 -0.0253659126902843
0.0466965030563513 0.198387003543649 0.193596482144257 -0.10740331344342
0.12552944763221 0.133161034684027 0.117973809275347 -0.173530546281017
0.170613080518643 0.04509215441709 0.0405215688261531 -0.173935284842434
0.159784469176825 -0.0400332759718139 -0.021869659602484 -0.149871558681846
0.127103675525783 -0.0866922712000061 -0.031366347491861 -0.0903757958509106
0.111441287573542 -0.107157355715729 -0.00179404763327742 -0.0228566136444487
0.112135249423014 -0.103647142396309 0.054800304981123 0.0161187150419665
0.132736537612769 -0.10543610446689 0.0989485626501805 0.0825462556337961
0.185301458979111 -0.0730985639904622 0.0952702686710071 0.158970164754501
0.197017126066924 0.0123797719484167 0.00538422833043887 0.209685812051348
0.18435605278536 0.118628624886235 -0.112552082871323 0.168028843541172
0.107919847256881 0.215479616091454 -0.138447861680919 0.0705930944424156
0.00581236024447804 0.241681751430742 -0.03322720765356 0.0302739115279573
-0.10781648636856 0.195696630638465 0.0302272357323174 -0.127849732085859
-0.050483342667641 0.214573248621026 0.141585289086228 -0.0679939045067229
0.0245642632376838 0.212029922454687 0.200931658242378 -0.0906210983985536
0.116896718803724 0.143136461680848 0.15873354527716 -0.118925644494371
0.158099197743224 0.0504230116981565 0.117252597061105 -0.147816399644285
0.149153301710983 -0.0303034552599909 0.0481079179583668 -0.161278543719221
0.117081836519574 -0.0746329729506294 0.021691340252699 -0.12235555433184
0.0985982774852086 -0.0883056711260763 0.0389505103692271 -0.0606556923621344
0.0987268347141564 -0.0841967676977907 0.0884990785229019 -0.0240093552868281
0.115513302039877 -0.086633615871487 0.134059661980465 0.0445021825261124
0.163398846700977 -0.0588602843064578 0.139351292611649 0.130306893075026
0.177917905653193 0.0173597284814152 0.0488650248757419 0.198920191259174
0.161468973267038 0.125749821787312 -0.0852456041772462 0.15793532279092
0.0732998202245067 0.209533378210621 -0.124875388178228 0.0448582476657703
-0.0217521595467322 0.215391034232524 -0.0117919575340308 -0.039236775899029
-0.105777866924651 0.136638324826477 0.0553021466601584 -0.200604971524351
-0.0700760840064256 0.165516522982949 0.136858218758545 -0.106194770240585
0.000113139329982526 0.175671582682065 0.188575641394778 -0.0752792855810176
0.0835402306161727 0.114951055152181 0.177802964051268 -0.0653195336688762
0.111970786753674 0.0402234444509305 0.173372830268028 -0.119501645082796
0.107759616701214 -0.0183462515943514 0.102317224319745 -0.164370731070364
0.0860252281642828 -0.0520042233492096 0.0641956165826966 -0.144977908505922
0.0705143428922689 -0.0565945938448516 0.0727818909806875 -0.0877943096518368
0.0731165382709001 -0.053219087644001 0.116972221994542 -0.0500275530498993
0.0868588140569994 -0.0546892763984091 0.15680447132402 0.02397505995576
0.124570298580427 -0.0314379424787271 0.163278625911818 0.111528582326647
0.13841994217649 0.0293251644045605 0.070496068264652 0.185285459430136
0.11509513607292 0.123725968872623 -0.0624802861815381 0.139400523914022
0.024464864620861 0.180380872489587 -0.101013171252728 0.0197898009167215
-0.0486118655711941 0.161435996204557 0.0178962964314557 -0.0912912998894078
-0.0879526489588017 0.0537613884804129 0.0630228511446268 -0.244276214070228
-0.0730224937503205 0.0874862667242124 0.123836926292422 -0.124457428576185
-0.0139006043117255 0.105542326807953 0.173806644556325 -0.0643151775547818
0.0412936346947093 0.0589929465073864 0.185631761608353 -0.0386752950160314
0.0459083772600452 0.0169277781087051 0.195932742546236 -0.110028648704226
0.0475880204972241 -0.00491933235526702 0.125976255294039 -0.166238566012968
0.0404541472841726 -0.0211704087924961 0.0867235852078923 -0.155455660857748
0.0316904602300493 -0.0165225657589187 0.0945525313581442 -0.101644060756655
0.037589489034554 -0.0162648979156087 0.136244469835551 -0.0592045175138942
0.0468700809630235 -0.0207434105297742 0.170925719385948 0.02171830276541
0.0736565945116964 -0.00705112054038204 0.169852689933726 0.107767645806471
0.0883858560852191 0.0328026590759791 0.076163982068834 0.176765938416501
0.0620519128858661 0.106695956244986 -0.0461054933623889 0.123535623379243
-0.0198890501631132 0.127975676140198 -0.0743627880717984 0.0036045730618116
-0.0640173101264636 0.0877717998241636 0.0499872956160488 -0.120302908301202
0.0481303453406018 -0.000860842758749605 -0.0739963131128344 0.145150147852124
0.0348861947510894 -0.0607787903779456 0.0759818703717214 0.0419282785350161
-0.0156730034857615 -0.0630083315379142 0.0655082328516669 -0.1112922949835
-0.0379381316260252 -0.0121423000174343 -0.0439848262214179 -0.199534827236923
-0.0117083924289166 0.00588982631348269 -0.166069166279369 -0.139811091930883
0.000361364841346712 -0.00705379386996059 -0.187857332356391 -0.0419852639656842
0.00484193054338187 -0.0215603497414675 -0.155863893228735 0.0307836251577505
0.0105822390394362 -0.0318245700156698 -0.114996710792905 0.104072707884295
0.0176598752207053 -0.0261273631790209 -0.0898882077385598 0.144639471969394
0.0227834529957305 -0.011671507641627 -0.117039509075327 0.166556530029572
0.0188061647555131 -0.00250006979416793 -0.176964909324406 0.129421675819015
0.00464134847930927 -0.0090891700486722 -0.201000711472344 0.0553053928765042
0.0399520415701124 -0.0349683214723165 -0.183940991438422 0.0600773156585213
0.0839896285657832 -0.0111325533430154 -0.161346021772315 0.11623439690204
0.0594057030841413 0.0368709738438626 -0.0796160407190082 0.259920370019176
0.0186750748208491 0.0780126139291258 -0.0786187850999788 0.13213209448888
0.0409724934970088 0.0137463762858892 0.0786086034161689 0.0393833798009818
0.0143607782785848 -0.00845579427308037 0.0836333469644128 -0.113647162130485
0.00835958212134991 0.0139055698155824 -0.0236282923730756 -0.207306922958084
0.0428704819911047 0.00839055213818957 -0.142397799231405 -0.15954480240485
0.0503548265053261 -0.0251747143046832 -0.173948397846189 -0.0697394597854198
0.0466815182762617 -0.0517406880849713 -0.146270703746614 0.00855667263199804
0.0543051243384696 -0.068098451913375 -0.103521796634993 0.0860265508523463
0.0654516327804029 -0.0601760802187803 -0.0649198405157745 0.130747700191318
0.083998731076381 -0.0419005964632349 -0.0734485295392109 0.17102649750179
0.0968766817217144 -0.00500189744091013 -0.130337126238776 0.165731375834732
0.0733277099317934 0.0339192033463579 -0.180695757863252 0.10527538886058
0.0735946006756112 0.0429758400969347 -0.186436988526959 0.0844421777209249
0.0855891492925245 0.0830337805992963 -0.154646534965562 0.108556177971503
0.0411331802673791 0.129138497100088 -0.0725581509701675 0.229138776369854
-0.0222766715099538 0.147445664843467 -0.0652102361619625 0.0963477164314479
0.0305380629098893 0.0953334950006375 0.0968590445098677 0.0313209479268759
0.0370932271495749 0.0639401207273593 0.122573901547585 -0.117922392801471
0.0574954321385218 0.0529436616539425 0.015333019820197 -0.215285005470592
0.0983596725960419 0.0184931004435714 -0.0988464049551332 -0.177714414321268
0.100623859367209 -0.0366306529707646 -0.141229097705055 -0.100579695776214
0.0866138993279217 -0.0731507624053942 -0.121192929663087 -0.0218277000602566
0.0890362534767281 -0.0950906200575203 -0.0781983558136353 0.0555627842197493
0.099208776916116 -0.0886898427447731 -0.0271588459229719 0.102095303762191
0.1243402754217 -0.0756690487874613 -0.0129295673787738 0.157892236640395
0.15668922819866 -0.0298856172055577 -0.056589280480006 0.189755424395723
0.141436822413521 0.0422566356803699 -0.133428805276957 0.161933493560334
0.124347247494926 0.0937667771963599 -0.177206881394554 0.121817365648352
0.0991639190754475 0.15731792301315 -0.152453735493931 0.0985836270902324
0.028364608563372 0.199288115247698 -0.0631672403234897 0.174050856134554
-0.064047337118681 0.197013159811551 -0.0387666866892512 0.0360156762978276
0.00638531848741769 0.17014646383368 0.119354484242769 0.0136513676090047
0.0474277323250272 0.141241632812116 0.168290126293258 -0.114531871113906
0.100024200203639 0.0996340157628787 0.0720248235697706 -0.205279616117114
0.145690571661774 0.034456767708713 -0.0328903147513036 -0.185652990215117
0.141039375236985 -0.0398752556667977 -0.0875784037087896 -0.130801019514471
0.117154618843742 -0.0841575842577958 -0.0804525555488828 -0.0569918625099266
0.110338090823583 -0.107336816281757 -0.0426993196204807 0.0171322013762874
0.116120199445256 -0.103771541984261 0.0137176148040808 0.0618332633354148
0.140343018389409 -0.0996906597432716 0.0474480554647345 0.126459475212639
0.186362301893859 -0.0583242337495197 0.0242671151039063 0.187184965594861
0.18599726471075 0.0283320097954852 -0.0671170016429123 0.199998223616151
0.167195744076031 0.115930819785167 -0.153095193170577 0.153873873587492
0.110024656793302 0.202184357803398 -0.150835324985493 0.085554830969051
0.0151684268379667 0.238616881928051 -0.0513158892136969 0.104370246863487
-0.0988388040693495 0.214602202575946 -0.00189232818301087 -0.0424718285925616
-0.0265021271376382 0.214981671336366 0.136818431606339 -0.0187773402694245
0.0400420514851395 0.199181197732273 0.20066897011045 -0.10115285705021
0.121769500671026 0.137869283618028 0.128050231106097 -0.169270354160091
0.168533735761047 0.0503178687610933 0.0485478559757766 -0.173917347980193
0.160818542556962 -0.0353597269882188 -0.0178912405029806 -0.151308279003729
0.129166573700236 -0.0836525758827635 -0.0291785109173058 -0.0924459289803105
0.114309810914472 -0.104156664003245 -0.000648690846430426 -0.0236392005427054
0.116359264082 -0.101460750663096 0.0542303419222605 0.0176458358687756
0.136797747325428 -0.102248450805601 0.0967136390381159 0.0852172032081499
0.187579324351542 -0.0691724785749046 0.0920737306164876 0.163299719169736
0.197308678777778 0.0180069598024276 -0.00261308643808735 0.210862552358814
0.180383165851035 0.124511972280426 -0.122182701242875 0.166170462380784
0.100827820489869 0.219654206014903 -0.144778588547693 0.0662772952177397
-0.00461427332241502 0.244126334287491 -0.0352394896802486 0.0291635989747201
-0.11550928842166 0.192364872051371 0.0344931304715765 -0.12573995763391
-0.0587690861388898 0.212885288470968 0.144133205903237 -0.0613241187050351
0.0172331520474315 0.212673742959406 0.206700454212758 -0.0840191227994731
0.112617935262985 0.147554376105429 0.166825647421182 -0.11250614786557
0.155920741571522 0.0557539671657702 0.125140247685519 -0.145190513233262
0.149713166995339 -0.0259558214556325 0.0526114393937762 -0.160504865898633
0.119132586485909 -0.0722874302521226 0.0249858659279167 -0.122012016515496
0.101305022405611 -0.0855840278067081 0.0412371404771486 -0.0608378962206977
0.102102316979516 -0.0826837828226688 0.0893154124849882 -0.0215580139960405
0.119507047466628 -0.0836392728261088 0.133010274799679 0.0484468679156477
0.165600782053194 -0.0544572816029291 0.137591757126774 0.13428833603891
0.177331357996712 0.0229896769904277 0.0418605652533917 0.201551814476186
0.157587724613647 0.130108369666169 -0.0929569639485128 0.157639814820014
0.0663466882667609 0.212936821520002 -0.129452963616438 0.0411795989063781
-0.0309673170472498 0.216963484984236 -0.0109723978421734 -0.0400945361945194
-0.111522284603999 0.133576654731112 0.0621306304286904 -0.198914682107951
-0.0767622358495535 0.162920770800096 0.141092090284945 -0.0998308141099569
-0.00574858170469897 0.175217628266763 0.19355269828471 -0.0684384583479188
0.0794810589548443 0.117954551493296 0.183839251736411 -0.0583110709146828
0.109976793358924 0.0435162542417255 0.179485943893456 -0.114905957026616
0.108385944192969 -0.0150882602863286 0.107436213771315 -0.161286191434516
0.0873046386541832 -0.0501670973742713 0.0690038873865629 -0.144106313223745
0.0721442168656908 -0.0537549505074012 0.0761932406733146 -0.0874411562023018
0.0749912922407307 -0.0507713724886304 0.118391869547902 -0.0474457437474404
0.0890121725958768 -0.0520038944513874 0.156950685783434 0.028565248882276
0.125474079466558 -0.0283417567206746 0.161551534806949 0.117197450634199
0.137143045427873 0.0335160077848245 0.0644042946835641 0.188485482620764
0.110971426007332 0.127473481548267 -0.0696067273043637 0.139118369878921
0.0178583610076752 0.181546512930365 -0.104043563397994 0.0168484561277855
-0.0551171154516316 0.161594031319296 0.0208365573647998 -0.0912262488455263
-0.0904679524843098 0.0507357140290865 0.0737977613314741 -0.243048869282501
-0.0770341181045191 0.0850025291599983 0.129411188444537 -0.119607242715794
-0.017566669290536 0.104296960335786 0.177575586044902 -0.0576888705040946
0.0391534044800295 0.0598767668828591 0.191180377997981 -0.0319982309207416
0.0449097430031606 0.0186673137304989 0.201849034335467 -0.10543206602883
0.0476343297243839 -0.00344777846368042 0.13153445307665 -0.162959249309724
0.0402995042090999 -0.0200698169483718 0.0916782779505086 -0.153351976627439
0.0321801443841727 -0.0145718553041552 0.098266070973514 -0.100076902392061
0.0385052764517084 -0.0149422019470594 0.137741073295145 -0.0556690325583377
0.0480016065322668 -0.0186661293948634 0.171002876537102 0.0268568739037957
0.0741049070136054 -0.00496386230135519 0.167761810613547 0.114287165919021
0.0869673765510079 0.0364215596099125 0.0700461613727772 0.179814045562703
0.0579853198680324 0.108289268456054 -0.0523597227731111 0.122984896448076
-0.0245421284549459 0.127947357282631 -0.0759071263621738 0.00144444717826985
-0.067503733142809 0.0870696106165058 0.0543090480329625 -0.118892868276304
0.0505824485852207 0.00133383416309419 -0.0827565067918852 0.14973458836753
0.0377519407995235 -0.0623306471605555 0.0785118193507982 0.0463896299003641
-0.014422030843476 -0.0662483815249849 0.0732694437346753 -0.115120442483901
-0.0387599577186052 -0.0130357869320006 -0.0386584564951677 -0.211188006517512
-0.0116022283343617 0.00616238328629112 -0.16877549937942 -0.150858063759503
0.00136495460150982 -0.00780535792040248 -0.196030428274548 -0.0494428706366067
0.00548014162721431 -0.0233654621905928 -0.164996332042863 0.026076526802655
0.0112556768849311 -0.0337769840046471 -0.123277341092646 0.104834002922486
0.0195040840181263 -0.0278636822905572 -0.0986590602750356 0.14781981258638
0.0251999139585753 -0.0125439645821814 -0.127369814106407 0.170294578917653
0.0203043763613831 -0.00206800330203724 -0.189293198994548 0.129071281639301
0.00560437953674132 -0.00850764705633427 -0.214048310980177 0.0509263257670375
0.0427197739999721 -0.0350092728249034 -0.195515382322241 0.0558770090506388
0.0872778840899635 -0.00906729186357063 -0.175116532760221 0.114663871220135
0.0613628214651242 0.04179274168579 -0.0943217493427863 0.266783543533107
0.0174131767309398 0.0827395470767193 -0.0874562010685065 0.13504449268355
0.0417127683462426 0.0149779549429975 0.0807649490502101 0.0444638959555591
0.0152206994600905 -0.00870869818888252 0.0927903822745932 -0.11678277911993
0.00855636645054124 0.0150921656736211 -0.0165036766891088 -0.218489114229225
0.0447895430414694 0.0101474479607532 -0.142439948832502 -0.170839671998948
0.0535058821701169 -0.0252506497239696 -0.180057635069896 -0.0784843765695252
0.0501662820192845 -0.0532267081840087 -0.154290632677396 0.00410053438225004
0.0582865704119085 -0.0704790768007547 -0.110732266944922 0.0863610054578995
0.0712632838657079 -0.0623204046379237 -0.0717025873564212 0.134325355206392
0.0902992875161991 -0.0419920230667511 -0.0818384203254755 0.175764758131755
0.101214975523171 -0.00232089565409563 -0.141436451113392 0.169567377870664
0.0757857288179303 0.0378987215855431 -0.195178655878184 0.103430408715087
0.0747874174839866 0.0474726712100258 -0.198924043335078 0.0813503774771216
0.0855594320845688 0.0901506771929418 -0.167775625596412 0.107362349701241
0.0379243419705122 0.137597787061787 -0.085294209124614 0.235858503968091
-0.0273400286525784 0.153635597016869 -0.0722042938052751 0.0990107737239222
0.0280243847260597 0.0993416017263579 0.100035486413069 0.0376488470929305
0.0359629707084689 0.0666734297038279 0.134106295444503 -0.119838309697639
0.0580260018774844 0.0568293739755074 0.0253328854721824 -0.224112106766737
0.102070394131153 0.0224210985540494 -0.0969058914845623 -0.189380906611313
0.105458006944322 -0.035368395754492 -0.14479990879523 -0.110364684509887
0.092279012216852 -0.0750077687045867 -0.126330278774915 -0.0271537233111354
0.0958043366963958 -0.0976378663986093 -0.0833229784943409 0.0547145715037343
0.107338213713107 -0.0908908984903387 -0.0321549026790991 0.104935482791005
0.132726708479742 -0.0766151769730613 -0.0180351454435355 0.16431810221018
0.165213406227952 -0.0274635698517056 -0.0646796008375068 0.196152941578165
0.146603729127021 0.0481810364958488 -0.147246779720175 0.165210330740033
0.126658480524887 0.101320570142486 -0.192002046708089 0.121913343524203
0.0982924836770613 0.167788915718967 -0.165241492971703 0.0973574593244732
0.0213488052195199 0.210996310827602 -0.0734590825964267 0.179293232416349
-0.0731353632611422 0.203886354314852 -0.0422115616477077 0.0375809115038901
0.000850833816088075 0.176035542263929 0.123468330213935 0.0204221174994752
0.0449599271286641 0.147542712519015 0.182009585841827 -0.114144300928457
0.101297319809225 0.106759216392633 0.0844169556085039 -0.211998005237354
0.150957913126124 0.040223437667684 -0.0273708042091022 -0.195907756156487
0.147879688204995 -0.0374019852829869 -0.0880781859148319 -0.139204656421252
0.12364019770638 -0.0855331795674986 -0.0829388505317256 -0.06270003843773
0.118174260831314 -0.10990465867292 -0.0445280046397645 0.0154135218125826
0.124817199789456 -0.10614712403705 0.012914069601409 0.0642193174260766
0.150484850783468 -0.100966190591641 0.0455286765292208 0.132973622618735
0.196342940261506 -0.0565652959030077 0.0209682354709251 0.19643482045404
0.193644283926759 0.0346076297877255 -0.0780974653037145 0.207088226367551
0.170522808850725 0.126512284343055 -0.167379465677663 0.157027171618218
0.108519302827294 0.214467018340924 -0.164162191636342 0.0841273308859537
0.00624218446203082 0.251516454940077 -0.0584901270670271 0.106647122945721
-0.109570887160061 0.220929911724662 -0.00170942879428618 -0.0429940730188515
-0.0350977312328271 0.222462926879881 0.1421737804221 -0.0127077440375678
0.0348616333224009 0.208243656708596 0.215502020205315 -0.0988430087596438
0.122692385389666 0.147634756378033 0.143267596148882 -0.172683360443731
0.17383791195967 0.0575731979831292 0.0582700192587896 -0.181336933837354
0.168187902450362 -0.0327908831509806 -0.0148444979530761 -0.158409841037123
0.13720039550174 -0.0847790995997824 -0.0280224385070944 -0.0974548264021744
0.122127116547532 -0.105981452847584 0.000114440129823393 -0.0261699420575418
0.125047768489032 -0.104145276887859 0.0552086383871521 0.0192177103826381
0.146573896414489 -0.103833438689614 0.0985924496988845 0.0913414889832574
0.197489760953159 -0.0679769750440674 0.0928288383015191 0.17290534089361
0.205265892377343 0.0240338043889962 -0.0107190222112373 0.220009529288128
0.183685306355254 0.135535417233618 -0.135303299361109 0.171081199540759
0.0980923559868391 0.232632441790444 -0.156359678139301 0.0650832750495007
-0.014165845041782 0.256060944569694 -0.0394865575021216 0.0297298210789421
-0.127026482820988 0.197387619050983 0.0399910575245223 -0.12939234591124
-0.0687228196739545 0.219548382262481 0.150885849951903 -0.0567440197849319
0.0108502091913327 0.221863937969868 0.220515683556695 -0.081059430584186
0.112552586856385 0.157156849784342 0.182593159373797 -0.112209236484718
0.160695643032196 0.0632397822051724 0.137384676305666 -0.149336008059266
0.156267458604775 -0.0231456062090359 0.0595513759635688 -0.165570299959492
0.125882861087619 -0.0722745683816053 0.0296866571079697 -0.127041361413473
0.10795372924862 -0.0861293591095138 0.0452531097075385 -0.0634274174579856
0.109102087000222 -0.0840964146300472 0.0938339377774649 -0.020997476483354
0.127247315640261 -0.0840903052843985 0.137575781825921 0.0541631605097742
0.17379198413176 -0.053247387477548 0.140834903237411 0.144361959451602
0.183814627107866 0.0283871610636707 0.0362269176225807 0.212407333828872
0.159180546296576 0.140138519989135 -0.104660115696934 0.16359927269228
0.0622436035202013 0.224004960885658 -0.139304484122078 0.0397122378802491
-0.0401698416854511 0.227123498845756 -0.0115431867390367 -0.0419245037535624
-0.121057554458907 0.135963910978507 0.0723203924366146 -0.205071870147125
-0.0864198419795866 0.167301955984587 0.150448954254888 -0.097439422028197
-0.0119706080216947 0.181898589196251 0.205935978685165 -0.0649720917855479
0.0791167788152898 0.124676527568205 0.198397412750092 -0.0551245135905802
0.11269907931423 0.0492742016433674 0.192747985320543 -0.115663618206305
0.113187687497507 -0.0130128544287157 0.117211316383798 -0.165466288818531
0.0917209508561607 -0.0500113370350157 0.07590691460451 -0.148557921354658
0.076825447987901 -0.0538893572557615 0.0825042164552964 -0.090309705730971
0.0800594809466327 -0.0512862170347546 0.124679263613744 -0.0468573341376321
0.0944217220310945 -0.0513638315615951 0.163742958856623 0.0340144628288853
0.13227959484316 -0.0265849264406229 0.165559862241224 0.126869930915149
0.141537724299044 0.0387666191516833 0.0608391771206454 0.199119897692062
0.110561630302427 0.135810422795977 -0.0797707581140747 0.145175513170468
0.0128725865386416 0.190175694814036 -0.111213161962643 0.0151341810871224
-0.0639871368482096 0.167487950175503 0.0241324966417998 -0.0946198600660127
-0.0965007087082366 0.0504636109113319 0.086232224771484 -0.2509175876588
-0.0840287699509204 0.0861085642528734 0.139679939975237 -0.117913897075451
-0.0218626920447683 0.107697105238255 0.189196982005719 -0.0546442088173398
0.0380659877032951 0.0636576794803656 0.204919216375834 -0.0271585059207564
0.0455158078314749 0.0214489257178902 0.215213012321397 -0.105227629330971
0.0496663057949331 -0.00266262181186842 0.142030807060141 -0.166265354718755
0.041583808831907 -0.0194465805513945 0.100630139821283 -0.158155955439112
0.0342071116887911 -0.0134920462142928 0.105775013490715 -0.103271550499254
0.040553473314876 -0.0138720486548515 0.145427466038766 -0.0549862786772189
0.0504007659064475 -0.0170726694849629 0.178226269202705 0.0327250715009085
0.0775584140005152 -0.00269280262574264 0.172537046116225 0.124086196587352
0.0889949200589907 0.0405617732871182 0.0670559787417222 0.191188306721878
0.0562720727326396 0.114418664632425 -0.0609101654089289 0.12856436889954
-0.030099664681513 0.13327932610637 -0.0804900355164644 -0.000108519058601662
-0.0734545003969224 0.0889002448504024 0.0606463670572875 -0.122020553259573
0.055169835883564 0.00236333537776859 -0.0907453007380627 0.161509630925625
0.0407612225920467 -0.0670890360697055 0.0855176114891904 0.0504899696806446
-0.0158013624604665 -0.0720039051491666 0.0813224442324044 -0.124583843370595
-0.0410216939732749 -0.0136680900047666 -0.0402880683314995 -0.229529402931286
-0.0113443886342434 0.00686200230371615 -0.180464226078238 -0.163088400053495
0.00165174390875786 -0.00863569834054894 -0.211542719273648 -0.0531281071293238
0.00575648457787598 -0.025515583496006 -0.180057613412603 0.0280960224229405
0.0120846191347088 -0.0370504976155157 -0.133677431646132 0.112632628185738
0.0216988141374239 -0.0309031009425894 -0.107465417253822 0.159752171995667
0.0284130640984901 -0.0144557330851779 -0.137333879746735 0.18305798129881
0.022347945973307 -0.00180084471440445 -0.205363083234141 0.139900421455819
0.0062473343290466 -0.00840147836696598 -0.233367811182217 0.0545339740857607
0.0456028120009912 -0.0368278232703642 -0.211422321846295 0.0585690799732659
0.0945528157105663 -0.00934531743806699 -0.191352159490313 0.121963429433065
0.066124051800336 0.0469492455902472 -0.104919827904728 0.286987498965396
0.0191852559684109 0.0896088267925059 -0.0960825854251569 0.146610281511073
0.0446360629804173 0.0155911064116216 0.087270652475783 0.0489468973162252
0.0158914069232518 -0.0100342005523137 0.102906193562097 -0.126521975641058
0.0093463137545257 0.0165552845183522 -0.0152751625291483 -0.23629528052125
0.0483154621988881 0.0111076712288524 -0.152020131870614 -0.1840293927836
0.0575253995194326 -0.0274352125065542 -0.194846315674099 -0.0853202660334252
0.0535449361108547 -0.0584793906224405 -0.167437243800976 0.0036437853330086
0.0626378975207394 -0.0770053535947832 -0.120018897765782 0.0922023925776366
0.0771820285945015 -0.0684718517835637 -0.0784543183072694 0.143833513450457
0.0980236873744461 -0.0462864586322093 -0.0882874784189094 0.188630431625841
0.109519435710126 -0.00277784742265636 -0.152788493658958 0.182433432669028
0.081810160255572 0.0411753882450262 -0.213359284942488 0.111445541786409
0.0804338991832187 0.0518318185565605 -0.21754612288498 0.0872508622659389
0.0925320354713136 0.0968977887424652 -0.18389243928961 0.113843509477514
0.0400935144036126 0.150613398841076 -0.0960614439411245 0.25258953056088
-0.0297298607704199 0.166216627650797 -0.0796226308467569 0.106969333357298
0.029670675048688 0.106100116049092 0.107601315387209 0.0422628381224941
0.0381377658882694 0.0714683372555721 0.147893463918449 -0.129654183049522
0.0625191280760834 0.0613869597047395 0.0305582496613726 -0.242974200300882
0.1104950035877 0.0239264211645038 -0.102278975506058 -0.204207468604899
0.113657040108451 -0.0388187622348999 -0.156502189100729 -0.119295064288721
0.0990476775962975 -0.0816757551439911 -0.137365503770115 -0.0295005797123079
0.102676726230646 -0.105650566329701 -0.0900342795961623 0.058440670511476
0.116094084318063 -0.0994054085887565 -0.0346042175071012 0.112486831644225
0.144046088776693 -0.0833952459964901 -0.0197191484146438 0.176198268599942
0.177564297158831 -0.0303920623299985 -0.0685710751476603 0.21150287810324
0.158413849699339 0.0523907178466682 -0.161162819976841 0.177985622623412
0.136010078312593 0.109829467792958 -0.209591941139134 0.13177314661146
0.10501580403806 0.18139428123812 -0.182455541665395 0.104224216484788
0.021941116794705 0.229471961147572 -0.0819081525621621 0.19171942992442
-0.0792899647993741 0.219866139023319 -0.0462887985819275 0.0416050874096385
-0.000359328562254829 0.188620496384307 0.132840852816984 0.0247395265798153
0.0477025098269405 0.157833064120375 0.199079578080621 -0.123374954013795
0.109035971118375 0.114946378874648 0.0955011552261479 -0.22932662134898
0.161970363252738 0.0432025268390614 -0.026774822541035 -0.211982473920416
0.15919314189107 -0.040902739429453 -0.0956199650713041 -0.150352679647547
0.133316193652099 -0.0929087495184698 -0.0897211591690758 -0.0676512223484789
0.12681610002556 -0.118879782754766 -0.0482970832562243 0.0156428339997124
0.135352758331976 -0.116300327598684 0.0131075271704971 0.0683028315427462
0.162620326430935 -0.110619429109667 0.0495812428756474 0.142051120943132
0.211017696144719 -0.0622005138238359 0.0232769595749077 0.21120188120636
0.208311903925743 0.0371932435347574 -0.0859740806239273 0.223491032226767
0.183572971158685 0.135975743972975 -0.183506726653049 0.170164685488368
0.116064793183888 0.231556681966949 -0.180376643858412 0.0910627946249126
0.00493354950815652 0.273233485381158 -0.0657547673127075 0.114711980910381
-0.119316727195083 0.238284473766827 -0.00223642764422378 -0.0454447080215425
-0.0394940311185594 0.239119746676854 0.152237730429132 -0.010321737327013
0.0363538689262999 0.223146983034187 0.23482424076894 -0.106136776075833
0.131653648329108 0.158722553700615 0.159107186248449 -0.18649715959216
0.187077166445613 0.0618465028020827 0.0646902010725619 -0.196587470678125
0.180718226846166 -0.0360723627541797 -0.0164425499147021 -0.170933335418722
0.146654715698049 -0.0920508219593383 -0.0296809459781798 -0.104815464402836
0.131342300626751 -0.114759516887401 -3.07097340008558E-05 -0.0293085118699199
0.135028444158717 -0.113490165391919 0.0594458502656076 0.0194711101777028
0.158841417707402 -0.11325337751554 0.106309550849948 0.0981285694001012
0.212104204536943 -0.0745514269999968 0.101244816305239 0.185762371697907
0.221078481574677 0.0253697621982656 -0.0131326001147123 0.237769737438491
0.197125527294512 0.145295861328275 -0.149109204204745 0.186629834510398
0.105180282136878 0.251245322429984 -0.171954566165839 0.0706498261333666
-0.0176299485611966 0.278464939566311 -0.0433575864711571 0.0315678859439163
-0.13783357751271 0.213365855075116 0.0434194100489811 -0.13901949545111
-0.0757189731728359 0.236268614311822 0.16207151612986 -0.0581792597397494
0.0103281505678981 0.238104368615326 0.239761160728021 -0.0860072191292583
0.120419021333251 0.16912934705304 0.200712855404548 -0.120981273105177
0.172268263554019 0.0684168854529478 0.150328906207956 -0.161628836858098
0.168227235584949 -0.025372393331413 0.0641196524507338 -0.178622238884373
0.13485149578586 -0.0791442270393736 0.0322575355171838 -0.137359695201787
0.116404829756777 -0.0933730494768621 0.0485802473439499 -0.0705771014896101
0.11751909759868 -0.0913904775206028 0.100440776116396 -0.0239679419999094
0.137510586315727 -0.091461542405884 0.148640227548571 0.0573742402719439
0.186208046494015 -0.0586729142571034 0.153345407063035 0.155189374215514
0.197784070893289 0.0302363322466387 0.0380402094370978 0.228993701469839
0.170512711261555 0.150783510950518 -0.115564107810646 0.178854345321427
0.0659780957133242 0.24168976948661 -0.15298379241391 0.0436906603624841
-0.0454510747521962 0.246196515066734 -0.0125271191719757 -0.0453595918241136
-0.131569082667295 0.146840836587967 0.0793484164216395 -0.220601146301272
-0.0943823697811842 0.180491933695398 0.161330587958059 -0.10191955729902
-0.0143878998974009 0.194857243710053 0.223337087820844 -0.0692327070076289
0.0845164188058165 0.134607353634701 0.218120255525765 -0.0590936173263521
0.120592643432602 0.0532845225374917 0.209828507669566 -0.126349314168214
0.121432098454084 -0.0146446061206376 0.126956193796975 -0.178567088572
0.0977466721861736 -0.0544267974618862 0.0821114242519239 -0.160358395765974
0.0828206755970239 -0.0571453665151156 0.0886255106716195 -0.0993401967361318
0.0858277881751633 -0.0554347949597723 0.134032066738045 -0.0518183745664972
0.102253981324197 -0.0550274452643224 0.176429676059774 0.0359094391313698
0.141269770496067 -0.029118953454009 0.180038960036201 0.136031751813194
0.151517352317695 0.0422845891503212 0.064829816046337 0.215221113453639
0.118335023554599 0.14567740432549 -0.0879347813081799 0.158624564765505
0.0131704841741479 0.205236388989894 -0.122328109432812 0.0177355277610513
-0.0700892865353709 0.181760821869102 0.0259194551734267 -0.101911246303964
-0.10444273994747 0.0542977615390974 0.0950318828151428 -0.270982045433012
-0.0912222648405367 0.0930908747105341 0.151229909126065 -0.125454925901938
-0.0242566019464083 0.114958931878167 0.204403041796906 -0.0578365715230758
0.0400243174984037 0.0679331696515343 0.22427567902547 -0.0294703632366983
0.048101607286721 0.0235650974073571 0.233869782015208 -0.114688202968939
0.0533150650122825 -0.00342822266836702 0.154229989918083 -0.179118456473078
0.0442406127021502 -0.0214910656193885 0.108012264093268 -0.171446893431725
0.0371242673089499 -0.0133473558607519 0.113017054466633 -0.112590443372104
0.0432054918475788 -0.014799907519741 0.15568116126667 -0.0602582278919001
0.0545379466054037 -0.018400513554114 0.192130111144563 0.0345590571942286
0.0833066264263497 -0.0030973743611856 0.186969738800199 0.133544415098967
0.0948738763931502 0.0438862492634537 0.0715060876350165 0.205668580869624
0.0595360061639711 0.12243021335662 -0.0670566742685015 0.140098378535326
-0.0329368948620005 0.143914074442076 -0.0885939712779323 0.000592979288096334
-0.0793650236051325 0.0964378921560746 0.0657018274272217 -0.131628778623409
0.0606086834306782 -0.00872909516405423 -0.0733259571811962 0.19555660230838
0.0321972141556156 -0.078335146497296 0.101594052182828 0.0430340507795045
-0.02871790435898 -0.0730821769378623 0.0706666955298955 -0.147318986221097
-0.042792899956637 -0.00733130604389199 -0.0842180689708552 -0.239332395296176
-0.00708897438149929 0.00616033935186716 -0.222739609167259 -0.142188258382258
0.00208908632989539 -0.0101545208905882 -0.237228655052291 -0.020443273432293
0.00165966599418816 -0.0289896630520555 -0.192219616051964 0.0660857119415897
0.0059794301376934 -0.0430328268868884 -0.123997676818912 0.142814108713247
0.0161637775669569 -0.0381871317403545 -0.0894772463433785 0.189710463475026
0.0276200750827887 -0.0227221911936025 -0.116985209432432 0.219588673641741
0.0238889255686244 -0.00758387338351426 -0.199407106516031 0.184008067401666
0.00780388123338967 -0.00928570451515193 -0.246583086953864 0.0979377740362003
0.042141326614485 -0.0467882691122638 -0.220369550616566 0.0977120289328338
0.0987560123008121 -0.0258019041414632 -0.18782420732976 0.158975619502925
0.0797178548945043 0.0384606380492055 -0.0701963236917876 0.325233296847419
0.0371593998345972 0.0930624466332354 -0.085116996905732 0.172716231331358
0.0490400622072651 0.0101182522671733 0.101306529042384 0.0387804964897074
0.0147615893109509 -0.0118405314554393 0.0897322281013652 -0.155630790217148
0.0154321196078483 0.0175342085390263 -0.0608026970172489 -0.252609345800094
0.0577471580821583 0.0017811841995467 -0.198951408185378 -0.170963226072904
0.0586262806116635 -0.0392280756034811 -0.227088644357581 -0.0557620644813341
0.0481661541271954 -0.0718158194594647 -0.185493539275668 0.0360998503759431
0.0535214043778044 -0.0942701725118173 -0.113140324305956 0.118513133553962
0.0692894117997666 -0.0878717155916146 -0.0610748392362566 0.167886796087989
0.0961495992901788 -0.0680331427924003 -0.0635372211291077 0.215669807986471
0.114703358450647 -0.0242608332716 -0.136397900738173 0.220573896987272
0.0954641806802081 0.0312864344485057 -0.215585079016589 0.155059716410273
0.094607403715564 0.0409353270945304 -0.221046046221656 0.128724834045233
0.113867444525362 0.0872717880714666 -0.179083722480985 0.150117901359773
0.0689266870719529 0.152187457260574 -0.0656035851694414 0.28772856347186
-0.00136240971597838 0.186297619683945 -0.0766229639375688 0.119636276940603
0.0468552911700121 0.110383897863414 0.120546861712601 0.0242598027093303
0.0516869209803663 0.0720147044830768 0.134569635812542 -0.171231274663227
0.0786268946005846 0.0584907283289078 -0.0144231135713157 -0.269607557222266
0.124935433589095 0.00664061682307343 -0.152328250251714 -0.201886664844904
0.116664632365648 -0.0600529247410126 -0.195191416200281 -0.0980295219783966
0.0929029349304236 -0.103841089220643 -0.159371226725284 -0.00622037067345845
0.0914750181685111 -0.131790566189497 -0.0872035967216517 0.0773095473316392
0.105734941800315 -0.127457040464136 -0.0197341517588036 0.126203923945385
0.138036657600127 -0.114383556656275 0.00742774801644941 0.189578890281826
0.18053985981726 -0.0642527696853852 -0.0415259746123525 0.238396558108569
0.177883551526052 0.0296383234782538 -0.149000343250127 0.217467064444797
0.162347153283978 0.0927528590708325 -0.206129595824624 0.175073619074473
0.141120607560524 0.174444431960873 -0.176836896979286 0.139252121830278
0.0611924123320652 0.239504912756841 -0.0603574688642098 0.22070270699114
-0.0456561841940801 0.254310545960421 -0.0527517458263674 0.0358037737803147
0.0278249572811374 0.204826062072629 0.143464697149524 -0.00131650168141677
0.0752141248665263 0.164698040910968 0.189018423344462 -0.177810168630311
0.136015083892472 0.109305582420719 0.0548737531003398 -0.270697249187068
0.182683875742937 0.0204009557640468 -0.0752055812399323 -0.2251459359318
0.164273412066118 -0.0696824682271397 -0.136720964222213 -0.14172405772916
0.127641338968444 -0.120972250375429 -0.115379539476781 -0.0564081738906099
0.115506417934874 -0.1487688881409 -0.0498520150590183 0.0247316626589883
0.123277262085913 -0.148392517104157 0.0244958494008534 0.0704430039032805
0.153608405635499 -0.145064518289441 0.0756775541624965 0.141795361680821
0.209688334071774 -0.102821870547989 0.0580354074082578 0.223393983196762
0.22807570938419 0.00472832848084882 -0.0607193844494408 0.254152715517824
0.216841788896289 0.112002118916121 -0.17142030908186 0.212651284570383
0.161235584575452 0.225342977888826 -0.175720864577476 0.125423342411734
0.0495501308292519 0.28920893909004 -0.0537167244705004 0.135293245684311
-0.0855831547627938 0.283530700378308 -0.0189832639803214 -0.0712064937622638
-0.00663077194936723 0.265936265592099 0.15906337528016 -0.0449014895080489
0.0738114095881483 0.236858514450865 0.228658282558252 -0.168553185824796
0.166365910446814 0.152817981024755 0.13087442304782 -0.238813061016356
0.2116346157592 0.0377457254804848 0.0250345648228379 -0.227037255350804
0.187763146183485 -0.0672994674638731 -0.0561077748918803 -0.177863543318968
0.142820852128981 -0.122098220142269 -0.0575328440677025 -0.108790402549362
0.121637832239833 -0.144389276439994 -0.00607560823168042 -0.0317724983973125
0.12390435917469 -0.144903965581098 0.0656812958974495 0.00988309053798316
0.148728413287504 -0.146870592964523 0.12895782803447 0.0842604582040403
0.208644790389403 -0.115237760560573 0.138116338670574 0.181898729367822
0.238497986625997 -0.00968722120125099 0.0211492025113091 0.25696053004012
0.233057780015642 0.11917299885483 -0.131034769181748 0.224368312188541
0.152572679213315 0.247530282135222 -0.169612212751714 0.103374409330305
0.0277123607958298 0.298302971644208 -0.0424833545538676 0.0422945582746575
-0.110336571368446 0.25966539259942 0.0167474910839254 -0.179884604155467
-0.0460593142283943 0.269131299895202 0.162272961129068 -0.0983273750123801
0.0476667525002008 0.256771339949455 0.23814773851457 -0.148934059341302
0.15476942287331 0.165878411057893 0.188718337204756 -0.177243604547638
0.195864544189556 0.0484176112485682 0.123494714457627 -0.206434979921341
0.17586956980272 -0.054020192551129 0.0301344792988839 -0.20104179140955
0.131259590353158 -0.105548827356427 0.00383063299599361 -0.155763585859759
0.108783768666321 -0.11804734959136 0.0385216330798041 -0.0841717572527104
0.109191751626881 -0.117436147657783 0.102434692722771 -0.0440913367448038
0.130033438954839 -0.119835622614661 0.167498382612825 0.034647862568562
0.184393167133179 -0.093337847524263 0.18938881273466 0.139876168079609
0.214049564160009 -0.000191464636783937 0.0755326649321914 0.239328853729095
0.205285298876808 0.128483668513542 -0.0953580458739154 0.210370576352045
0.110034890085911 0.244284368581839 -0.153571553817833 0.0720756676963154
-0.00794446287022027 0.268555366578245 -0.0216635809584939 -0.0454948573317877
-0.115215168368013 0.187109864164411 0.0452283148792476 -0.270796077243169
-0.0742900988128046 0.212522298940587 0.156947246358316 -0.145346808499153
0.0145546146779008 0.214431099930828 0.225164806706429 -0.125128201502433
0.108960753726004 0.133903696973991 0.220780807874893 -0.112635192353044
0.138177171885522 0.0422441744013069 0.196472772875407 -0.178752016410284
0.127287840089319 -0.0343332806877844 0.0993105176825999 -0.212792294309518
0.0961274927375085 -0.0728397477490561 0.0554273662203471 -0.190581340146576
0.0798538651473776 -0.0734592562632787 0.0761517804425382 -0.122036328281651
0.0823239782934932 -0.0731139215074709 0.133650487613585 -0.0791485764726254
0.0985342967403598 -0.0744044764640376 0.194951763819144 0.00673142097521055
0.141364372910475 -0.0544274195459689 0.215791138597224 0.11480196947858
0.166492355285097 0.0198273968336175 0.103107198576876 0.21896518710699
0.148611055731716 0.132630985650521 -0.0682058356176103 0.184633847480239
0.0477994131010911 0.214735966258526 -0.124673259242346 0.0399277667599179
-0.0441331827761322 0.204600200568675 0.0116881104126504 -0.113195576355665
-0.102498895193248 0.0813899309990486 0.0584503614114752 -0.321284417640078
-0.0838730931042424 0.117769934474752 0.14474413090418 -0.165740972635582
-0.00924901511232725 0.128989357974765 0.209900039087429 -0.105330818973195
0.0514059884600688 0.0696593968005345 0.235329365241061 -0.0783621391895463
0.0553118319706893 0.0218532369384835 0.227399955720066 -0.169440412626765
0.0563023473124673 -0.0108083865572881 0.13274318789331 -0.219586338288138
0.0431452667987121 -0.0289522388857161 0.0827258333068194 -0.207939853253878
0.0382882516001871 -0.0184127521468439 0.100349758799752 -0.141341261794495
0.0439520937185928 -0.0213859944310285 0.157021221291254 -0.0928564815402628
0.0539346806713315 -0.025766372730893 0.212035081807024 0.00380303672913919
0.0847287247918808 -0.0157455447033253 0.223551876245724 0.111602108860402
0.107136520485873 0.0312472517405994 0.109941350181688 0.208284462785124
0.0832046822180807 0.118690473971302 -0.0485348324745467 0.162269116965741
-0.0107779737835845 0.157659491498854 -0.0925138631991578 0.0174769621496031
-0.068088565769807 0.115937283535345 0.0495036126788412 -0.15230912955616
0.0637447831632978 -0.0140822895934849 -0.0581469790522223 0.212335391123197
0.0257819609936756 -0.0841935167545418 0.112029320939104 0.0352187627252795
-0.0373787104676837 -0.0725292244030274 0.0606421017830555 -0.162000742885226
-0.0439391250299229 -0.00267654899368371 -0.110493596046041 -0.244395880225366
-0.00578428452745141 0.00641246483426826 -0.244464695293724 -0.128221147659454
0.00124875518917451 -0.0112135951407438 -0.248975813604247 0.00256276929162102
-0.00138020708291185 -0.0308549642457435 -0.195375556172875 0.0877288208903826
0.00151072999484726 -0.0456272507775157 -0.115734669832442 0.161202293151366
0.012916224673928 -0.0425961494207522 -0.0756149685970773 0.206037163523379
0.0272131213897993 -0.0276017829001632 -0.101457828276874 0.238130527797959
0.0243853658743263 -0.0101495426128556 -0.190708525491003 0.211008538427559
0.00872514825413856 -0.00926458744505897 -0.249267205043712 0.126721008610205
0.0395409112197272 -0.0519404797607774 -0.221192717619515 0.122264272709324
0.099741032320274 -0.0363497036038941 -0.182538745027191 0.182793742950132
0.0877685801979947 0.0338743418399176 -0.0459707249937687 0.34449863488232
0.0488840877015942 0.094517173422597 -0.0727678144453255 0.190228948311805
0.0515349561444911 0.006059593540956 0.109950703317994 0.0315051674371505
0.0137099636480436 -0.0137957075262094 0.0801151427032788 -0.172585283538778
0.0181719351526732 0.0173867254069038 -0.0865607961369131 -0.258980564606591
0.0611715922424591 -0.00461635420391891 -0.22269126052153 -0.16054645366091
0.0569375303536555 -0.0469117989241694 -0.242189111832756 -0.0363167312253677
0.0423878870837768 -0.079592941630097 -0.190117005244458 0.0561194196180224
0.0457841629151629 -0.103715570170592 -0.10749769053529 0.134668714349262
0.0634261390772878 -0.0999974075434918 -0.0481466729869138 0.1803487990781
0.0941679871132338 -0.0808720360317457 -0.0454231905299791 0.229313807242908
0.117445001315554 -0.0360489868821074 -0.121292595631657 0.242985179735425
0.103456845310669 0.0240315071485301 -0.212414568328847 0.182845308612709
0.102485706957851 0.0347869425793002 -0.21948970791217 0.155462754659883
0.126602175218015 0.0806586075475159 -0.175605104647561 0.17290471941473
0.0855486289396007 0.153959847962708 -0.0445591158503264 0.305407753015616
0.0166011538604923 0.194240557474547 -0.0687325136135375 0.134246653603381
0.0582424883336646 0.109538443849383 0.128792931941349 0.0168668719006268
0.0593304193440996 0.0698005423003232 0.126329954795821 -0.192673841233111
0.0877802499649233 0.05332523289637 -0.0387725357877588 -0.282254936634133
0.130809799819651 -0.00552777241792616 -0.176097678046264 -0.197351794816881
0.114954975636848 -0.0743954131410552 -0.212927528514561 -0.0835377341976825
0.0855458469138502 -0.117487239457568 -0.167105267921807 0.00889586788717456
0.0819050112452223 -0.146309547096678 -0.0841483680686559 0.0879748399665196
0.0978593423738937 -0.144881782540319 -0.00954294410558716 0.132976558416154
0.132790213522502 -0.134444506000668 0.0255769266256482 0.195601789814862
0.181757416797023 -0.0846887366070509 -0.0199041794643849 0.251232062732644
0.187904771926277 0.0135415349569103 -0.137138114385121 0.242143760570726
0.178151366613339 0.0815803387195637 -0.199704208041285 0.202800430186625
0.16402258153592 0.167699005130098 -0.174237786665912 0.162749217430676
0.0859278151558703 0.245371440282149 -0.0446718558820939 0.235557462439997
-0.0232557621237662 0.270055120695678 -0.0523196580520447 0.044043381951625
0.0474485112280117 0.20958592271935 0.150617438325877 -0.0118463272974645
0.0923733624262744 0.1637841982619 0.181976426997058 -0.204125173764237
0.151905711061576 0.100708967619696 0.0344901847702351 -0.289494114564317
0.191957601044925 0.00344241609925401 -0.0980615669062499 -0.229393708465521
0.163425812963221 -0.0889363373088743 -0.155921214238721 -0.134267445648026
0.119925606145773 -0.138764091230375 -0.125647522337357 -0.0480054288575379
0.104819418493102 -0.166721358070027 -0.0506277153206208 0.0292183439385209
0.113099632696589 -0.168084891344806 0.0315922583683425 0.0697321781274109
0.14520786187863 -0.167511962319709 0.092245855282525 0.138789480646592
0.207385035111161 -0.12807098492017 0.0827366486462863 0.22449216802041
0.236916722829611 -0.0173884440060749 -0.040320882715593 0.271629631617455
0.236393974846397 0.0960365199704015 -0.160570893218752 0.2402535116076
0.189539779291313 0.219461592445581 -0.174506208851346 0.148629782677263
0.0790171180888137 0.29819338711019 -0.0449711348053229 0.146296341285891
-0.0624918588909175 0.303283120330552 -0.0258082372412297 -0.0692748556806782
0.0176990145667974 0.276806583287687 0.162574604292774 -0.0578361700341491
0.0985915391507944 0.23936412371752 0.224040957157552 -0.197850918159481
0.187305759867307 0.143123067134682 0.116591326726641 -0.263847579354
0.223925755238839 0.0192598372173882 0.00552706881853355 -0.241590783970073
0.188244721694879 -0.0890721723922557 -0.0752330536103949 -0.180213440982247
0.135007571210621 -0.141448444008096 -0.0699490024300064 -0.107927034111397
0.111606975662391 -0.16243189333052 -0.0106672814238952 -0.0341532787636995
0.11364754442847 -0.163858831405206 0.0682748885663716 0.00286739893716017
0.14034583920549 -0.168743767034096 0.142192037219 0.0735443702404741
0.204342096003497 -0.14134203474463 0.162912418653452 0.17346139106102
0.246335877048625 -0.033551471436107 0.0446471685285652 0.266080821799586
0.252932199850649 0.100465859388515 -0.116372615335312 0.249260333527351
0.182771074556293 0.242599968672158 -0.169437358272532 0.12610854148477
0.0556314761253824 0.308908178536714 -0.0408003238367464 0.0486769452266887
-0.0897446159889382 0.281671752152354 0.00105811061637468 -0.187343222267667
-0.0229449504420574 0.284805575652783 0.160731889004888 -0.113935395149785
0.0721531489777051 0.261841486012168 0.235426663930914 -0.177003745103866
0.175932181001245 0.157915334920218 0.18291750444306 -0.204564986739385
0.208585391576841 0.0318837117121514 0.109905305807277 -0.2297599550358
0.176413344424284 -0.0741150264789771 0.0123656365374287 -0.212755984667377
0.125627109444222 -0.122960194701551 -0.0113176484160212 -0.162789551427689
0.101590190705167 -0.133073946031647 0.0312717933352489 -0.0927767497211343
0.101682781610008 -0.133948382389795 0.101021049141255 -0.0565032186842716
0.123583393203082 -0.138019227380016 0.177505860322093 0.0188793009719405
0.180811770017483 -0.116359127723649 0.21135892841212 0.125905547548797
0.221563084368543 -0.0207838973674841 0.100956641684236 0.242066940354795
0.224469311487521 0.114205121843468 -0.0803081705005246 0.231571233861907
0.138230741948736 0.24359451206865 -0.154528970268052 0.0924084239029516
0.0174016476379597 0.281147617878724 -0.0271295765886601 -0.0442819531739816
-0.102342108718433 0.206193564864475 0.0220611764352499 -0.285891756928043
-0.0582529673836399 0.228279022447982 0.151648685415004 -0.162410072010648
0.033901590920072 0.22098623449073 0.22451385891831 -0.150482621207628
0.126249328148218 0.129688218585804 0.222178539632744 -0.140691805846113
0.1471170465516 0.0312547520180157 0.187150807530154 -0.207590548058295
0.12812800578729 -0.0489341593962595 0.0831610532236402 -0.232122765985237
0.0909889272918833 -0.0852849824227958 0.0379871633436274 -0.204688539264396
0.0759318746165839 -0.0837270348018453 0.0662136630281125 -0.135519535654607
0.0777603557161722 -0.0841533744962096 0.130053781489841 -0.0971859363833826
0.0949255028669947 -0.0873262545359831 0.202952809122005 -0.0120008725976962
0.140816144420711 -0.0705027325400981 0.236305902118816 0.0970109347425285
0.174464360169068 0.0049738538936844 0.127563378450754 0.218778864479085
0.165451450270291 0.123313588234988 -0.0539085166277951 0.201811173885631
0.0706017661682114 0.218101738000105 -0.127310583634647 0.0559918200899365
-0.0267013032158683 0.217635496810243 0.00121876281818516 -0.118533871204635
-0.0988953245352807 0.095199765091416 0.0312492623633044 -0.340494579292391
-0.0769316123699171 0.130952179338602 0.137484685902394 -0.184498137769778
0.00205620849499432 0.134691467062615 0.2104190402383 -0.128355254516624
0.0591731953440837 0.0676490102281093 0.24064613845579 -0.105871326063718
0.059553301507898 0.0179511339855438 0.220436621600215 -0.200445622223708
0.0565509335555112 -0.0175406383044144 0.118093517555989 -0.242495753050409
0.0416414635716593 -0.0334993228524054 0.0660607757999181 -0.225480533086079
0.0386648734142452 -0.0220676274784158 0.0896919512068954 -0.158027477783755
0.0435590197596754 -0.0258712495843089 0.152741257331212 -0.112837401335369
0.0539163744510259 -0.0318291537180664 0.221301866266333 -0.0179140336687231
0.0858645921177091 -0.0248644472471696 0.243598549677667 0.0929580460235805
0.113649603659298 0.0225042315323879 0.133563429850631 0.207345037108894
0.0964776292442451 0.115776559465818 -0.0363156421272303 0.175750666522332
0.00388278018179789 0.164902959989474 -0.0954061713432625 0.0281808348090791
-0.0598040405714262 0.126635468752263 0.0370974422271355 -0.163171284918795
0.0623934226469214 -0.0198464511084447 -0.0385479633191422 0.217052018244066
0.0180968508534089 -0.0847745163706572 0.114429604256975 0.0246533568611761
-0.0430829025565418 -0.067835634330968 0.0462639059001933 -0.166896037046414
-0.0423297309562056 0.00161426648709183 -0.130565119463139 -0.233971075291861
-0.00443233784166663 0.00552235232570039 -0.25255505656266 -0.106875115997075
0.000515054560866484 -0.011590323783954 -0.246044273430193 0.0243055051030518
-0.00468656322086074 -0.0301976053228248 -0.185579451375057 0.105898690710707
-0.0035090678760527 -0.0456064528364609 -0.100883623614052 0.170700688283236
0.00850971807302285 -0.043847751680658 -0.0563217249236167 0.21089481157969
0.0245906778714556 -0.0307129545007963 -0.0793325855689547 0.244017292817341
0.0246509351552352 -0.0119028679617977 -0.171205402756875 0.225543956912826
0.00859785639396231 -0.009213533291633 -0.238029799031162 0.147610297822161
0.0352208276886497 -0.0540627452682531 -0.208903983320211 0.138613750575076
0.0947080610768033 -0.0432810294204236 -0.168071201085193 0.195464167826728
0.0909374672579136 0.0269539659088915 -0.0183106341765781 0.344348281211339
0.0570115833859019 0.089363793826943 -0.0550143407282984 0.195922569815061
0.0507818049767723 0.00104319705242024 0.113278896683819 0.0223113717391162
0.0115095538376854 -0.0143448202341838 0.065323573372055 -0.179466845475342
0.0203347291735222 0.0157531626273299 -0.107449889173497 -0.251387596102159
0.0605082960117158 -0.010608942690106 -0.232679618412095 -0.141026076878852
0.0522525264435536 -0.0520771092862498 -0.242429603873323 -0.0141486727900155
0.0341921642756275 -0.0819590815995807 -0.183371015906846 0.07250568067686
0.035354049499021 -0.107009933319014 -0.0946737274874236 0.142554063660097
0.0527318862259068 -0.105351170980047 -0.0323690336028863 0.182532536501241
0.0856059368104185 -0.089779933621426 -0.0258497617667994 0.229937122318728
0.113010524168926 -0.0460453733023145 -0.098453503069942 0.250051931735929
0.10490500240642 0.0152997484422983 -0.196252571321719 0.200946484326643
0.104207977195957 0.0260838287426985 -0.205035476017269 0.172990296030997
0.131305645698504 0.0687879282828119 -0.161299737933366 0.186023964707474
0.0985032645412593 0.14610974933388 -0.0206172594351637 0.305694843832804
0.0347847948769543 0.190705692529593 -0.0562579169600204 0.140709488630604
0.0665642826939793 0.102897667042205 0.130604989503421 0.00734048574629494
0.0630296265672806 0.0641431292825105 0.109521128322417 -0.202694098970292
0.0909217097734347 0.045880976828077 -0.0617909302686933 -0.278308753870331
0.128736023594386 -0.0176638244672581 -0.190646699078079 -0.181947974170158
0.106735654091624 -0.0836972898018001 -0.216995295193734 -0.0637308198293796
0.0725435407304816 -0.123774696513177 -0.164631039531202 0.0231917568424515
0.0664843633701872 -0.15243110906812 -0.0762040855523714 0.0946369931992265
0.0824555176126609 -0.153456368274768 0.0016260497103262 0.131782130185831
0.119289929013495 -0.145288525479755 0.041559439927298 0.189841166947397
0.171242435565532 -0.100173293722673 0.0026758101810735 0.248793525927709
0.187017259384742 -0.00262881760821767 -0.116549517954334 0.253178815682015
0.182778841873325 0.06498835169778 -0.180937001670145 0.219835592648365
0.175629222199401 0.15136866288939 -0.161191664110708 0.176801723316586
0.105978272191435 0.236582298378631 -0.0260474623981703 0.237072647608577
0.00166443780073327 0.268686244718455 -0.0474680606119436 0.0505916423265985
0.0640577103892354 0.202509030544111 0.14982227827151 -0.0215418475453945
0.104380136669841 0.153500770016186 0.164371401969252 -0.218956740784548
0.159003806329613 0.0863928366106025 0.0103982715928176 -0.291745675404241
0.190205091402617 -0.01419908812344 -0.115251297759344 -0.220557089128034
0.152487938096378 -0.10263483892873 -0.165283220884055 -0.119514172977052
0.104596167876758 -0.147948629743798 -0.128257025650263 -0.0368326626452449
0.0879890445320699 -0.174920900331228 -0.0484611879781666 0.0330071339699693
0.0959481867275625 -0.177703411651728 0.0356036287361405 0.0653862593129622
0.127918963859844 -0.179681442983504 0.101660623725824 0.128034853495569
0.19248161477699 -0.145815537778351 0.102179689211718 0.212565041270298
0.232730574598812 -0.0383123683660591 -0.0186783662157374 0.27330554160018
0.24173930872754 0.0736723174700722 -0.138199872906945 0.253698504774001
0.206430391998476 0.199734020211329 -0.16225481539171 0.164309189918192
0.102937319549468 0.289151961411943 -0.0326720580939101 0.14927025158803
-0.0341487879893803 0.305122363619227 -0.0317730914324297 -0.0642702978483721
0.0406821660597303 0.271388170850374 0.157601377075937 -0.066992347372327
0.115906377648028 0.227635393991757 0.206244716577092 -0.215632608058034
0.196740149008189 0.124893797745104 0.0945078111303093 -0.272955795322663
0.221913858280212 -0.00137221097358167 -0.0148541090441945 -0.241395400523395
0.1756497599337 -0.105224865577723 -0.0895611813224867 -0.17172954652188
0.119008489486641 -0.151639165422671 -0.0794819927387884 -0.100925931805537
0.0950504453510386 -0.170380930998771 -0.0142987742725796 -0.0336495976981887
0.0967755043697546 -0.172887308252007 0.0662055948310141 -0.00424294734169592
0.121873724260841 -0.181011769612412 0.146193198309545 0.0594446109856808
0.187339315319692 -0.158617154736015 0.176433547863946 0.154947033630569
0.239559407259507 -0.055259734406024 0.0659258449076467 0.259525591491355
0.256872937657553 0.0773230292043428 -0.0930802186599827 0.258699108450243
0.201006524366849 0.222910267860181 -0.158608896945831 0.142291231517377
0.0813762072570917 0.301394218491518 -0.0371025665446787 0.0520130731172853
-0.064385315182659 0.286491336200919 -0.0149089274539598 -0.183168989940144
0.00154356873056732 0.282130411307723 0.151170378847682 -0.122355812454839
0.0934913808674232 0.252057470778497 0.21919272734092 -0.19554514117677
0.18731199129464 0.140891245825471 0.164666923977075 -0.220461896841211
0.208299344491827 0.0130389198489361 0.0890698543964131 -0.239200971178946
0.165723438615404 -0.0893213175504618 -0.00622365132954936 -0.21143362026052
0.11073290707728 -0.132961474347099 -0.0261866398169098 -0.160458465375677
0.0881401568717536 -0.139987636355105 0.0212018894279275 -0.0949253122889323
0.0870792940977599 -0.141952627372529 0.0931984700899069 -0.0656537576258906
0.10872869267853 -0.148228208331726 0.176633742231246 0.00195678367080827
0.166596982775135 -0.13175638152105 0.220567828104279 0.102822474549246
0.215985516691977 -0.0407563563871625 0.119193525683991 0.231234249307279
0.229404018971404 0.0919143446568394 -0.0595588679468999 0.238482108148529
0.15715975159598 0.227210871378521 -0.146236069853766 0.107960274935118
0.040484995931645 0.277120667563731 -0.030708785795427 -0.0413371877624634
-0.0826711183082541 0.212898939349582 -0.00191669429655274 -0.283646947946325
-0.0380804725318095 0.230937546693902 0.137574374996028 -0.170888011223119
0.0510584311263071 0.215243328918395 0.210025216927405 -0.166614651522048
0.135217326721944 0.117358915017623 0.208811788025416 -0.159344336980007
0.147849071323182 0.0182765159389142 0.166728141193911 -0.223452862156832
0.120437172668866 -0.0601244908816782 0.0624301735508572 -0.236685708421146
0.0812611645350821 -0.0925067766385303 0.018457310396139 -0.206203962337807
0.0676734768074983 -0.0888537412679194 0.0519163675611575 -0.141020806034491
0.0684727652982999 -0.0894668051808371 0.117655339885485 -0.108069700713924
0.0855699095465798 -0.0951363422307623 0.199024192687446 -0.0307423362580734
0.131773758077823 -0.0823139294706531 0.242416627769676 0.0728174477504025
0.172177063425142 -0.0103824708219643 0.14458450236258 0.205285453088754
0.172710183238742 0.107613211215869 -0.0366323634693173 0.205476229064023
0.0886038237839379 0.208573200842217 -0.12160476316758 0.0685348179796684
-0.00785579801111581 0.217143259112182 -0.00926623569461425 -0.117189692744189
-0.089360189114053 0.1030612535347 0.00234726962614337 -0.339109634619358
-0.0641075061720724 0.136318559537731 0.122875444429779 -0.192687591668356
0.0122542264750317 0.131788359546126 0.197479664297733 -0.143807047681858
0.063924845089679 0.0618674398999579 0.230416926676862 -0.126232557430326
0.060123564593411 0.0134127984511566 0.198952394026083 -0.21850032116987
0.0528741712278529 -0.0229853170786791 0.0944965834776625 -0.250551784280787
0.0372562857099151 -0.0363734587531112 0.0434039577582209 -0.229773665857899
0.0367830349123971 -0.0240719282468027 0.0736480951922659 -0.165097310487931
0.0402706054490763 -0.0283658523439315 0.138428996275696 -0.125738055213239
0.0498515482733291 -0.0356693594243394 0.21647462084994 -0.0381705231777527
0.0816831025612636 -0.0324746769883897 0.24909405414069 0.069311383584857
0.1141601565724 0.012364086245091 0.149783098149694 0.194368686598836
0.10391639523321 0.105788508911873 -0.0207148409264705 0.177784890879602
0.0185941203670993 0.161925614823959 -0.0918386968574448 0.0381936112603568
-0.048398185468679 0.129577305900514 0.0225431085957895 -0.165124717282024
0.0607194288424502 -0.0214865707294426 -0.0259428660376216 0.211618506765109
0.0129824472604239 -0.0817002383896751 0.112757286147095 0.017881631450471
-0.0443950138435551 -0.06226047607894 0.0378641004015482 -0.164386639619616
-0.0397835373418547 0.00311975092878449 -0.13724972109027 -0.220683219263072
-0.00362331930230479 0.00461027033710738 -0.248118195323512 -0.0917908127253795
0.00010929462578392 -0.0113528217759093 -0.234876105283843 0.0360575526441236
-0.00590638442733417 -0.0285637910338229 -0.173686828783062 0.112148693780758
-0.00572066354587529 -0.0435224401512868 -0.0886203329683137 0.1704341685187
0.00512970912161816 -0.0432441891074606 -0.0444316906497596 0.206146832353235
0.0217167283420536 -0.0316467642494829 -0.0660278157047086 0.237738316560639
0.023783351862663 -0.0123316483659459 -0.154744517612963 0.224946790028
0.00856597836606893 -0.00921258163631152 -0.22320774022011 0.153998902307434
0.0317617963404395 -0.052328079846608 -0.195266538894289 0.141829716173037
0.0882956777769642 -0.0454440771660233 -0.155345829471829 0.195212652306677
0.0893834943377579 0.0226769883078707 -0.00475553548085906 0.332216846758996
0.0598715759790198 0.0832761457106292 -0.0429768835524857 0.193863226324616
0.0480345030483954 -0.000875509609894531 0.111251414776735 0.0167112446478954
0.00984700812221687 -0.0134487413753111 0.055372061284146 -0.176805129329592
0.0208463607041774 0.0145237693740075 -0.115494583386795 -0.239433298559274
0.0579129863489505 -0.01438384495115 -0.23052507216938 -0.125881148523626
0.047335550996184 -0.0528341195463281 -0.233252749913522 -0.00255787682786775
0.0279808329467392 -0.080653630952608 -0.173321432194682 0.078978679247702
0.0279134116316459 -0.104855379035771 -0.0851669680710438 0.142415171769801
0.044978857826603 -0.104916513649186 -0.023215544173503 0.177151953059113
0.0775520526127282 -0.0920399514933095 -0.0149821921034869 0.221935126527788
0.107124806619014 -0.0492590532444052 -0.0838700239546906 0.244548299850428
0.102112014488034 0.0102393444348607 -0.181071367552258 0.202990047018881
0.101621236673996 0.0212257938691126 -0.19019271399149 0.176027701163556
0.128687436702768 0.0606443056100101 -0.149005403274371 0.185809094581969
0.101728734139925 0.137491800216459 -0.00777311108310881 0.296066604531976
0.0428036600508503 0.181860206647071 -0.0466943207397067 0.140330862744838
0.067368855327817 0.0963392637294225 0.1277878038529 0.00220744005374848
0.0626870929874377 0.0586452613706903 0.0969799403343543 -0.20146490983291
0.0900274669318209 0.0398969739613167 -0.0720685216597861 -0.266875131484938
0.123337185144628 -0.024378787817221 -0.190694680804091 -0.167630142369937
0.098338987825429 -0.0862648299338139 -0.211755579213461 -0.0510409838544806
0.0631907951127626 -0.121927149365924 -0.157598503401752 0.0308526691026026
0.0559271220264272 -0.15024835759069 -0.0694772803928585 0.094880937104818
0.0707231321284531 -0.152459929988978 0.00678924978620474 0.126034827163649
0.106643872591025 -0.147320463139613 0.0474661564863652 0.180304650143448
0.159510851766383 -0.104889460557257 0.0141094618696979 0.237522296601935
0.180037915095854 -0.0105663656923359 -0.101720514455419 0.249420506467904
0.178609695065773 0.0549579659474351 -0.165007260640693 0.220733113525663
0.175782234228695 0.138100538840662 -0.148862110889097 0.177954105412594
0.1122469321798 0.224321064588287 -0.015721713654187 0.230640577972917
0.0146780790276138 0.258650559873418 -0.0414240112021049 0.0531790961210049
0.0700753902127589 0.191401833425152 0.145495453525635 -0.0244471233962188
0.105729287035609 0.142976306894161 0.149353949117983 -0.218748703227197
0.156628764237406 0.0760050763848803 -0.00219816812091296 -0.283693708067516
0.181892162147293 -0.0229939507377819 -0.120570482392463 -0.208421153852543
0.140415047231262 -0.106508602924697 -0.164736812420259 -0.107187009873602
0.0921221442981133 -0.146392859072222 -0.1250921416364 -0.0295489400635068
0.0750651984892908 -0.172585885465183 -0.0462195216589431 0.0339801449029918
0.0826111395944358 -0.176952680346047 0.0364093464046858 0.0610576197878341
0.113818715327363 -0.180590728868153 0.103132280085241 0.117468964624804
0.177196577771774 -0.150264564075179 0.107625222821689 0.197397816142787
0.22090191950078 -0.0477707565549998 -0.00636105276185943 0.264612667600305
0.234605090368875 0.0597143703515973 -0.122235741390468 0.251589045461073
0.206904630080837 0.181621421501929 -0.150466646315185 0.167226468821699
0.111066339293894 0.274837426358486 -0.0251028118248512 0.145820538402739
-0.0182599348015331 0.294713908206221 -0.0319894130398462 -0.057885641783176
0.0506220813600153 0.258492480367744 0.151083343925094 -0.068013476365937
0.120073999697981 0.213526406562949 0.190752685266457 -0.216633772080839
0.195208062547551 0.111282282515477 0.0791914340105379 -0.269008121001943
0.213232608365451 -0.0125603484004203 -0.0244710062511455 -0.232914344801692
0.16230304449573 -0.110067772853275 -0.0944291868551932 -0.161344950306232
0.105202324839499 -0.151725198882863 -0.0812380487089928 -0.0933358860972719
0.0828410902053409 -0.168892783630285 -0.0168472735969181 -0.031799805402462
0.0833358338694909 -0.172039236101965 0.0623063136491422 -0.00801327185103091
0.107982141893276 -0.180829975991727 0.142071458175231 0.0496714287381144
0.170785503012924 -0.16237316413942 0.176477097979805 0.138366389661089
0.226655438731297 -0.0645021234399707 0.0744109448530676 0.248206327418902
0.249689856334567 0.0623673922836215 -0.0783707464916165 0.255464729659745
0.202754435684388 0.203814162371603 -0.147710382853002 0.146931833718262
0.0914107515485397 0.28763520004897 -0.0334720927106391 0.0524296750390524
-0.0481897666953924 0.278130097025712 -0.0214676812237122 -0.173735901624348
0.0136571428150414 0.271532193651273 0.142449174227533 -0.121809081572468
0.0989262631640864 0.237679728751142 0.203910360859633 -0.19756124600102
0.187011484585756 0.126959317438664 0.149946423902102 -0.221477256086039
0.2008210937107 0.00243319879023228 0.073316946375261 -0.234747763394672
0.153396569987684 -0.0940630728838189 -0.0158720002836196 -0.203772253276303
0.098823863290443 -0.133030990682408 -0.0333246513337153 -0.153203804132364
0.0779716780032005 -0.139143852596409 0.0143224141370486 -0.0928283645613463
0.0760200454178544 -0.140341620748366 0.084257859660246 -0.0681421949736692
0.0967935449594869 -0.14916949731959 0.168778079885066 -0.00724885540351625
0.15228649125201 -0.134796188197855 0.216324441625683 0.0863466953113574
0.205178254822892 -0.0491052889097867 0.125184607544191 0.217301942437839
0.223662280472764 0.0779429722516174 -0.0464326140089019 0.234334377755127
0.16053904171451 0.210232459883266 -0.136906861613643 0.112776199612432
0.0509187817383637 0.264967658182057 -0.0312133426211907 -0.0384637438403911
-0.069372749619197 0.209026786465562 -0.0140657580312918 -0.271333711152337
-0.0262898034182428 0.223525963183724 0.127168834289214 -0.167782339745146
0.0576014829459617 0.203562412828228 0.195764375698874 -0.170350926349189
0.135232763426114 0.106444398542618 0.19431743864471 -0.164568629435387
0.143073306139116 0.0101319291430849 0.149135291625767 -0.223113685733328
0.110708100052567 -0.0640913999339505 0.0485218007179176 -0.231530253766641
0.0721646014799619 -0.0921766613015978 0.00687676679757997 -0.199179835166824
0.0611974510431292 -0.0882826055156008 0.0419982951166337 -0.139146112379799
0.06135862367485 -0.0891710306371674 0.106320513869443 -0.110153862750273
0.0769643764743708 -0.0955232188614383 0.188981687774808 -0.0402582403623959
0.120740330480664 -0.0855728887213719 0.235686752577708 0.0568068416359569
0.163689476651073 -0.0178810630535576 0.148150912430136 0.191632809651989
0.168546811843219 0.0955499528191184 -0.0255911581538833 0.201973029322449
0.0938334912861036 0.195738189951546 -0.113827986723697 0.0744444972354057
0.00164910705707591 0.208978435752844 -0.0140989631697429 -0.112972800861355
-0.0806367885613695 0.103333908075767 -0.0119538035596956 -0.326453078539667
-0.0557649744223148 0.134355860488588 0.111431922069273 -0.18939092211177
0.016410530390712 0.125709610995093 0.185509401242033 -0.146897076743033
0.0635077183064367 0.0565201213264219 0.216820595935065 -0.133326356475903
0.0585653196785421 0.0100460933011534 0.179965537962243 -0.219864153252378
0.0479887478420263 -0.0251614648052541 0.0785981100959608 -0.245977870554766
0.0332203482347696 -0.0366784607165479 0.030144388636162 -0.223688024963378
0.0349343287255637 -0.0242020464384086 0.0618744230180695 -0.163295386604734
0.0374713882823235 -0.0284344521948296 0.125702790210524 -0.127330756670753
0.0458710270953265 -0.0361983829396732 0.205999191139597 -0.047623930880884
0.0764282126066287 -0.034563228016746 0.241892735809164 0.0532828620031669
0.109765766981296 0.00667996772626542 0.152374288989428 0.179703248920179
0.103093666810989 0.0974511495860658 -0.012807332084472 0.174012708610725
0.0244886139949572 0.153485219600916 -0.0867007105275916 0.0425165678132828
-0.0410628653981502 0.126186066299728 0.013697987353683 -0.160610573200655
0.0597542338583556 -0.021108274583646 -0.0230414057562972 0.208635269593971
0.0126216074590784 -0.0792035335140779 0.110858212079716 0.0162671164842903
-0.0428938936470889 -0.0599503418154482 0.0359520711117829 -0.161593169839383
-0.0378074417365029 0.00303187965665583 -0.135842662530117 -0.216303569519159
-0.00284269459202787 0.00342735288215249 -0.241897554573546 -0.0893385779108734
0.000602234055063038 -0.0116392792619236 -0.228420643292239 0.0366668693921527
-0.00620171406881651 -0.0278388588580364 -0.168389054131194 0.111764716102262
-0.00636584524486203 -0.0423332386918501 -0.0857599339206448 0.167628036480947
0.00389956549960653 -0.0431818496421594 -0.0421726335582689 0.201748503892878
0.0208024531954736 -0.0319530075489654 -0.0632084502399033 0.231505420294271
0.024355412364991 -0.0118728552822126 -0.150231778308791 0.221216828159001
0.00963136527814264 -0.00786891925831582 -0.220111980030158 0.151754428627329
0.0306951074090642 -0.0510179043004855 -0.191111150084917 0.137094115881279
0.085538746965018 -0.0438248694829315 -0.152473825741307 0.191117967649895
0.0878733365696193 0.0223152505930558 -0.00539027046607742 0.323929899008442
0.0600556902131949 0.0804302872760867 -0.0394624226785017 0.190954478213601
0.0463909432125778 -0.000704188310837115 0.110013974690026 0.0161368245820263
0.00933317834472772 -0.0122413504339931 0.0542874287245778 -0.17404131323549
0.0211138485093271 0.0136905533142388 -0.113407758722852 -0.234144990888248
0.0566084348592734 -0.0152054477054616 -0.224247028881411 -0.123241770368749
0.0462395183324911 -0.0522279123636642 -0.227576094957723 -0.00024451752209076
0.0264792117962753 -0.0781963341497908 -0.167843660716797 0.079446207016768
0.0253791220093001 -0.102592925289157 -0.0822704464405614 0.140725598984423
0.0426929358028227 -0.103834556405672 -0.0216430125298614 0.173144583845329
0.0744663188573468 -0.0910123941385324 -0.0141676897659826 0.215835681230235
0.104092499577079 -0.0487417227749941 -0.08072308248226 0.238857079401515
0.100587178922139 0.0103818582196464 -0.177424959687687 0.199811267472687
0.0989112582349875 0.0208322246177279 -0.185754077741178 0.171886201301145
0.124915426965993 0.0591406151513507 -0.147370729372741 0.182743678084706
0.0993884414919248 0.13506791287916 -0.00820863041247505 0.288910194682166
0.0435757069535775 0.177087932356216 -0.0425479736306425 0.139154160088877
0.0657454501223784 0.0929224995095973 0.126386867896633 0.00348080932410809
0.0604275626413199 0.0578614309647868 0.0954093086585999 -0.198149094111049
0.0883390770642751 0.0385590430433591 -0.0706535790734602 -0.261973360808226
0.1196812190965 -0.0255524392143857 -0.186380993248425 -0.163416304622535
0.0937724926535226 -0.0848068252496814 -0.207249738320815 -0.0481119387899231
0.0607153865108897 -0.119178864276025 -0.152607273253744 0.0308731499246395
0.0523664644595844 -0.146976921668873 -0.0681134729540888 0.0935511923093652
0.0671935804091175 -0.150863237425309 0.00668522861380947 0.123004689672411
0.10259106336014 -0.145543678105696 0.047070902467623 0.175438490171099
0.154925777532404 -0.103327723638512 0.014633400645528 0.230303518343684
0.175450415343252 -0.01155034206189 -0.0992690595033849 0.245480442123247
0.174354917255148 0.0526238284469514 -0.161129430675311 0.21697328783082
0.171004260013034 0.134158115760098 -0.147307429805618 0.17641132827926
0.109925705987409 0.219911895007369 -0.0148745005901147 0.226237210671648
0.0167622388655056 0.250997373441781 -0.0391438511716899 0.0545425328352366
0.068306174145309 0.185521623395009 0.143981792064166 -0.022162909460044
0.102901480681503 0.139028700011071 0.146683258508192 -0.215438564190733
0.15290666891059 0.0733323890758478 -0.00260523124758623 -0.278350516094204
0.17674928476619 -0.0249097290294487 -0.118839300800224 -0.203572112316211
0.134983546414846 -0.104989425118819 -0.160867412503747 -0.103844006590737
0.0882866018183888 -0.143590740418494 -0.122909139495415 -0.0278520550940892
0.0709377351822951 -0.169238544537805 -0.0458409665239905 0.0338909036413301
0.0776696546029664 -0.173493306226998 0.0349176157115492 0.0588690408630149
0.108938951921285 -0.178468900875476 0.100149631625292 0.114045214661807
0.170337441540555 -0.147895710671536 0.105371556248319 0.190152521352589
0.215253396620404 -0.0475231453507624 -0.00623568823584101 0.259549126520286
0.2281516662187 0.0575179687043983 -0.118478700018812 0.248211865951286
0.201675190915777 0.17641435562176 -0.147184470841839 0.166492811954207
0.109476359133542 0.26918600952407 -0.0241959253254916 0.142897824052025
-0.0158032419792182 0.2867898843123 -0.0300250500136723 -0.0539728514801243
0.0500067254401616 0.251406978677852 0.149455904040575 -0.0633820644662955
0.116344218825461 0.207774082859063 0.186936719042654 -0.212903605291887
0.190509988800317 0.107357823585468 0.077358479317031 -0.264403060544156
0.207901782112146 -0.0141186773977836 -0.0260827224639259 -0.228017491481528
0.15620910644629 -0.108016693080386 -0.0931679552937904 -0.156621193927724
0.100433806245453 -0.148308447628385 -0.080263729475131 -0.0908487540626889
0.0785394361808562 -0.164573863803026 -0.0176725468129832 -0.0312983107822482
0.0786196964534485 -0.168954079857391 0.0588435691666123 -0.00799777241165772
0.102817600692155 -0.178101066225204 0.137871403155739 0.0473508567728119
0.163263593766063 -0.159748513318827 0.171737661239466 0.131569603783886
0.219591401734638 -0.0642341679957078 0.0731808474657457 0.243080404913453
0.241859278597252 0.059552628417895 -0.0752144162353385 0.251849164792114
0.198213351843383 0.197560006391606 -0.143996809722851 0.146378143782987
0.0895999692134484 0.281508943461083 -0.0320456005837862 0.0516366435043393
-0.0448027290888865 0.271097061628269 -0.0204586538735902 -0.167773803685822
0.0141966420712097 0.264116812977553 0.140990466202952 -0.115188166832235
0.0962041686310376 0.232258039727076 0.200060571043924 -0.193404258217736
0.183045030605436 0.122190827061072 0.14639041422904 -0.217103831793417
0.19600910964832 0.000533660711959483 0.0700737484290101 -0.230124570091043
0.146853119421733 -0.0930098000631478 -0.0174537351348226 -0.19842006665424
0.0940887889601144 -0.12969428155389 -0.0341597513905893 -0.14932671438298
0.0747042239036108 -0.13656124059972 0.0119106839741673 -0.0911349708177778
0.0724529094825893 -0.137694524242495 0.0802927487509868 -0.0673315911671526
0.0925141225267708 -0.146450173314603 0.163201827182411 -0.008206485066213
0.145448187116147 -0.132913773517307 0.209345431348825 0.0804350852062737
0.19840086991814 -0.0493825227303835 0.122253468875299 0.212520516577547
0.216620870561683 0.0758253847393779 -0.0444226786394694 0.230328163088788
0.156778637731478 0.203361646853236 -0.132682226758823 0.113901843344916
0.05008539716861 0.258507187704773 -0.0306035680143032 -0.0376227256855861
-0.0658094335493249 0.203572078226104 -0.0129080145781494 -0.263323363198424
-0.0249287809785641 0.218097273945335 0.125387589026776 -0.161879503381155
0.0550208680625818 0.198690363067799 0.191814519410406 -0.16572310165986
0.13242774376593 0.102885019005921 0.190452435233413 -0.161988925763442
0.13980731260591 0.00917630525490332 0.14339982341853 -0.218182242052941
0.105559619132163 -0.0628400905763901 0.0454515770092083 -0.225951707476466
0.0684237238299761 -0.0902275583658549 0.00463306051624183 -0.194504522416621
0.0596317429973234 -0.0863029364147713 0.0384126294076376 -0.13704791949804
0.0589172745817262 -0.0867433778177458 0.100969616833524 -0.10803896300604
0.0738599195665134 -0.0934174736801934 0.183254044428634 -0.0408660151909184
0.116373753366007 -0.0842281437760028 0.229544820999839 0.052156600279299
0.158956629218118 -0.0188333448783198 0.144308792645747 0.18698646000903
0.163512264156258 0.0927058590283056 -0.0244948449181584 0.198752376182582
0.0918078006998194 0.189438035362487 -0.110512734261864 0.0754616314988789
0.00183630809210647 0.203823562816963 -0.0144067591040478 -0.110678348128968
-0.0779566116835003 0.100945721869252 -0.0123144876428444 -0.3181375550855
-0.053641807163072 0.131275886900682 0.109893140824649 -0.184763214918828
0.0150186266806315 0.122143371195814 0.181683704473112 -0.143580512888083
0.0618473353205895 0.054688856791864 0.212841369635861 -0.131467389693345
0.0571800688815505 0.00969755061951713 0.174049843144555 -0.214746435042154
0.0444256453693429 -0.0246712904818426 0.0743159283545661 -0.240290951331738
0.0312850335996193 -0.0356218722545622 0.0258991314886996 -0.218085510900158
0.0349560470781377 -0.0235384134117019 0.0579078829862196 -0.160309124396263
0.0364210854526188 -0.0267976648918907 0.119603208974672 -0.125562584527926
0.0447094508958794 -0.0351565426629845 0.199712645458638 -0.0484094742771634
0.0730904390817182 -0.0339850122102162 0.235594749241898 0.0497236426514929
0.106840058538563 0.00585542279004213 0.149180673800887 0.175944736753729
0.0998597960453184 0.0948651125107214 -0.0121183652508435 0.171132584497513
0.0244037354346725 0.149367153524117 -0.0838451240519174 0.0434132695926752
-0.0399686687018014 0.122922524552627 0.0115842951938111 -0.157836804626225
0.0628418708224876 -0.0140352304878893 -0.0495174278143132 0.212472047286929
0.0239846563892573 -0.0755835993281761 0.113306094692987 0.0351184730692168
-0.0326289379760304 -0.0645854976585776 0.0638967656340841 -0.157666735508276
-0.0355164960699113 -0.00369211498251624 -0.105192379380309 -0.234355253651256
-0.00281388020391072 0.000746792265152632 -0.227891189813281 -0.122909034197697
0.00394400243175648 -0.0111483276897072 -0.233059290633485 0.0053640497358443
-0.00182065491869148 -0.0277627240837782 -0.182465261871825 0.0922358048582863
9.64961894467029E-06 -0.0420417412571006 -0.110706280860944 0.154842611906029
0.011040337553413 -0.0404318277930702 -0.0745235396187584 0.195374473915449
0.0260511404539856 -0.0270357214807456 -0.100929372810098 0.221022196107012
0.0280179442220622 -0.00472106151468401 -0.186950123551956 0.196759788004788
0.0134389181770353 -0.00224390427705232 -0.246903884250061 0.118374175242043
0.0387968047018269 -0.0401399521671024 -0.214958437426235 0.104587097161409
0.0923898224594062 -0.0258523669001433 -0.187373649749176 0.163302272019208
0.0879299845328102 0.0383052396730127 -0.0628391299014448 0.325318272288684
0.0501349646882497 0.0871986927660053 -0.0711732266615418 0.189175715034732
0.044727279278221 0.00665458277314096 0.109013073351701 0.0345671744534341
0.0116799699462515 -0.00978642733767444 0.0797834046182399 -0.16715915124466
0.0202590764325742 0.0169115954696341 -0.0827289795589574 -0.248422118633756
0.0584650085616149 -0.00818627016112737 -0.207560644491319 -0.151621945551305
0.0549718206347992 -0.0437522257554145 -0.227821620434202 -0.0293117397200421
0.0386871523741647 -0.0735227249288642 -0.179599951913195 0.0604278148738372
0.0408882203732297 -0.0974816859028397 -0.10321637958002 0.128215917839329
0.0584593148240282 -0.0951037778994923 -0.0499790752316397 0.169689607275459
0.0887259036169273 -0.0776069005867388 -0.0501538552970966 0.211488556167684
0.112767761845471 -0.0290161139966549 -0.120094364564597 0.22407971965569
0.101029320244877 0.0302346729462493 -0.214321765934667 0.172472367945347
0.0957241777019738 0.0414564879584519 -0.214451813042477 0.138952541113695
0.115107563508999 0.0819488697611404 -0.17902553157991 0.155089829969427
0.0799744884802085 0.152281391854523 -0.0585602660985744 0.288757097396399
0.0208334269516216 0.180841263031954 -0.073409426161191 0.132259900239424
0.0498038271684165 0.102382883993448 0.123181716145133 0.022755600642007
0.0510051582859218 0.0668145947229615 0.118798695693848 -0.185817621849396
0.0818519680968459 0.0524217729657714 -0.0393031826154914 -0.269814251865895
0.12202862998917 -0.00716283366737439 -0.167078873404537 -0.186992761753128
0.106523159711609 -0.0687267717438373 -0.200678825201177 -0.0717147975537615
0.0783910734030513 -0.10903122204445 -0.159641251455825 0.0137891088640705
0.0743226264440333 -0.138354128762175 -0.0820499638738126 0.08304151106875
0.0894316372183287 -0.13777041402989 -0.0138831649164848 0.12319954609458
0.124001934728059 -0.127719730753673 0.0155800771125739 0.179413647233056
0.169967227255978 -0.0758783031701484 -0.0260667983218645 0.229975584747385
0.178869801027858 0.0198246597366978 -0.143366779579768 0.230256778285845
0.165812290081039 0.0845704601655115 -0.197000051111483 0.187368812960739
0.148271417456579 0.162009922592944 -0.175567915409337 0.147587971293201
0.0751152368766179 0.2387797435 -0.0529958232662336 0.22306303535613
-0.016794374726211 0.251131163319098 -0.0619337371482472 0.0429468716049513
0.0390206467720962 0.19488543269476 0.141091780096284 -0.00148073083675955
0.079472264391647 0.153784921391471 0.168160839827935 -0.196060297895638
0.139817367454065 0.0970654355727861 0.0267933891428797 -0.277165287474534
0.178197944747486 0.00308238577967698 -0.0969072656568814 -0.215808038397888
0.149005975795011 -0.0821952787901601 -0.147737692863932 -0.119138164791155
0.109519104764112 -0.129643298097433 -0.121966721824765 -0.0416510111229715
0.0968298246400892 -0.157359040085704 -0.050365402679989 0.0261704772131816
0.103490060766269 -0.159604537644063 0.0233663642052863 0.0634896574658168
0.134407618033745 -0.159914751929274 0.0778125015509533 0.127329737537338
0.191982582262906 -0.118701031441328 0.0703105502779403 0.203071590083568
0.224403855268045 -0.010933581195217 -0.0522538216743881 0.25990143816952
0.218603843934816 0.0960669384625726 -0.159559535582957 0.225228954064674
0.171872338065483 0.209168962715538 -0.173084121450184 0.137207343597465
0.0649483719748628 0.287391102763422 -0.0472000431635197 0.136739217165476
-0.0532566041916687 0.282971514268258 -0.0390500966587869 -0.0685569595536343
0.0106437186534812 0.257136728486964 0.149734145721072 -0.0447887869562554
0.082809409239199 0.224312958010981 0.204052878401892 -0.189473948949539
0.171921053271903 0.137192945600295 0.102355841067335 -0.253103988293301
0.206862596070655 0.0192615742595745 -0.0024480269529698 -0.227500199894991
0.168884278230609 -0.0823788180265361 -0.0729320918393062 -0.161750964406493
0.122240616707485 -0.13244757671128 -0.0719896820481493 -0.0989737268787078
0.103443091196271 -0.152014193386108 -0.0127931298267449 -0.033851506695302
0.102892341519494 -0.155192373711228 0.0576495962402062 -0.000238489116937418
0.12858961374415 -0.161792883556295 0.125981866552022 0.0659068205432303
0.186531970033142 -0.132288542976006 0.14608195436936 0.154510095001138
0.231063267716655 -0.0279419513646979 0.0299150516685759 0.255429265566781
0.232175260785762 0.0999112787697323 -0.117100651082101 0.236619252027733
0.164225496030434 0.228757505538914 -0.165838633559288 0.118547751219401
0.0422042949038113 0.295056323873721 -0.0393901207889242 0.0433413353412942
-0.08019762029064 0.263440721827391 -0.0121710248168815 -0.182300434166553
-0.0269901910318923 0.264642294654505 0.148909950103486 -0.100649673183806
0.058954558379804 0.246293922363962 0.213284452554629 -0.169353173510853
0.160518680379819 0.150549686704728 0.164209406776144 -0.197174147320699
0.192840849626529 0.0323070326809762 0.0932713987747079 -0.216321244533651
0.156402241055966 -0.0680194228727315 0.00860284851781254 -0.193366500394907
0.112537097912297 -0.115403692654564 -0.0184157240459095 -0.152073307550066
0.0956353858698922 -0.124363063605393 0.0252084912190181 -0.0899620301761244
0.0922929155839477 -0.125218223742902 0.0878819180435753 -0.0557388071485639
0.113014297302233 -0.131625034308973 0.161060425922673 0.0149761390168944
0.164179705652436 -0.109187325870304 0.193146333467216 0.110357969658699
0.207232917457575 -0.0178466348546968 0.0847827361547166 0.232542493784475
0.203517126684884 0.110820382721511 -0.0820068640605955 0.221250778124742
0.121715635082728 0.22799422954248 -0.147155905267389 0.0884415956208213
0.00627423701775762 0.265025142547164 -0.0233674551305196 -0.0464410342151057
-0.0924454761091682 0.194684043147827 0.0129188370470282 -0.277338384367862
-0.0582191683857414 0.213898414810829 0.142993645787516 -0.150689384967653
0.0229736710047673 0.206313569986854 0.20480134057312 -0.143150455418722
0.113207259879511 0.123458363889354 0.203291603308836 -0.136002855452975
0.136921302403988 0.0317999507132493 0.165438953525016 -0.195537927987806
0.111375679875634 -0.0454533742095619 0.0758337882989029 -0.214038410459882
0.0807221487314823 -0.0797154737924288 0.027239778488806 -0.193197426290355
0.0731611682038698 -0.0768667180098035 0.0586942768345567 -0.131289484961118
0.0707799270424677 -0.0774073490161935 0.115217160624961 -0.0930997220137045
0.0872494119413927 -0.08287103104628 0.186544720870605 -0.0141584293050713
0.127690263536157 -0.0660061293727124 0.218304419811004 0.0850772174456012
0.163261901289014 0.00542994006766461 0.112503330218042 0.210063643964458
0.148791144439694 0.11985231364945 -0.0567243089979222 0.193305683345959
0.059606157423844 0.202641041455142 -0.117971784841391 0.0547567114006408
-0.0342060869992728 0.201993408064373 0.00454514537049315 -0.116933391230053
-0.0903832142566336 0.0913144162701165 0.0286009776813991 -0.329482247563233
-0.0726900867398827 0.123207303974724 0.134497484170765 -0.175623216197457
-0.00493935547471732 0.123988665075496 0.196214462852491 -0.121113967879339
0.0520106438444143 0.0644697272903933 0.225000505466528 -0.103273700870437
0.055657477959529 0.0194659798274157 0.199389189327585 -0.188969450667875
0.0448470421908873 -0.0165320196843475 0.10875147244951 -0.228128141142724
0.0349629804962818 -0.0315802688425805 0.0528260309497925 -0.215102925605652
0.0392639430827794 -0.0184055848880676 0.0811742605444531 -0.151884321743853
0.0399255999263623 -0.0215669914385739 0.137752172987003 -0.107528885292116
0.0501281262100955 -0.0289559253165916 0.205247072531837 -0.0187109326387125
0.0784487012876371 -0.0236081490095843 0.225366228924705 0.0844289321335952
0.107254581280241 0.0212460548084377 0.120107109133437 0.199743944963897
0.0855102809235165 0.111507367084363 -0.0390627978512104 0.168057883629705
-0.000126118496451244 0.152010666628633 -0.086556167700244 0.0290106855738533
-0.062963843510866 0.113667248223593 0.0378715420744731 -0.158888651417066
0.066299903573523 -0.0154594857789859 -0.0474341680313903 0.222515189920306
0.0242402981606212 -0.0776684024141515 0.119374942812622 0.0359906427932795
-0.0327555141536302 -0.0667317929385636 0.0661195965856445 -0.164220061480648
-0.0358662951757057 -0.00429221096709525 -0.110773974517042 -0.244391989169815
-0.00195756483209838 -0.000983109142303361 -0.237180033418659 -0.127835486759738
0.00492981512663508 -0.0122496908310134 -0.239987105793867 0.00761413362376133
-0.00204855630085963 -0.0289947397312258 -0.187415800742806 0.0975957263377205
-0.000454576420779983 -0.043583803660537 -0.113908061942219 0.163331896348951
0.0109421789203394 -0.0423429096582254 -0.0762924477477955 0.204014780192615
0.0266679258566957 -0.0288726496952927 -0.10450247166675 0.22994263441852
0.0300225787274421 -0.00554152007349682 -0.193945238982745 0.205685778360102
0.0148586220016346 -0.00153658810357458 -0.257012461586833 0.124513931092324
0.0399673690969015 -0.04122862889199 -0.223684424900106 0.107549808905177
0.0951952756824507 -0.0260143062126894 -0.196682858821451 0.169022243921802
0.0920473363064657 0.0407731489514638 -0.0669306296185811 0.337772384482483
0.0522432497004735 0.0895837360154234 -0.0703548719870743 0.198245357655679
0.0461590168234248 0.00752396618794809 0.115508140996916 0.036343245183447
0.0122220331183915 -0.00997317698458302 0.0827818443754303 -0.174484692870743
0.0215269518632312 0.0168730680561367 -0.0868411707172201 -0.258102621735532
0.0606257069657046 -0.0100588287925857 -0.215649733519975 -0.158439778185195
0.0567597602487946 -0.0468655949614386 -0.234497016630303 -0.0286980392619849
0.0393886374874821 -0.0764770740898943 -0.185112057383257 0.0638180254922402
0.0411426702644653 -0.101361058195768 -0.106274750837459 0.134859836560526
0.0587846268067565 -0.0995988870094456 -0.0519534017059721 0.176842468787265
0.0908675702244986 -0.0821565361884221 -0.0523391954600427 0.220123347670202
0.117509634676592 -0.0312719483942534 -0.125855875861976 0.232572999165969
0.105892520865592 0.0318031927097003 -0.222824380979207 0.180832661804396
0.099292995916363 0.0434139403867545 -0.224070782617406 0.144843696496296
0.118625590535389 0.0855887162120831 -0.187576925709239 0.161626450752884
0.0828374367864601 0.159875696095998 -0.0612233366420171 0.299543486339886
0.022182326749091 0.186509289602312 -0.0724868333199555 0.140021461761874
0.0510524530121879 0.105819381295447 0.131314524730247 0.0261483526578479
0.0525619326197275 0.0696679395914901 0.124641694766433 -0.193580206304635
0.0854800955980013 0.0536520921060964 -0.0412207811614612 -0.281010942826292
0.125918824596448 -0.00903653593009009 -0.172819075195223 -0.194092348345841
0.109680387558997 -0.0722863014626249 -0.207020467096909 -0.0736228824983574
0.0800549004450334 -0.113387339933213 -0.165147007202485 0.0153189942190716
0.0755946887669935 -0.144104950308988 -0.0850060425017573 0.0878058880485259
0.090967996804279 -0.145046046493874 -0.0151193446319519 0.129055112471141
0.126990034370703 -0.135057901165612 0.0165443002558807 0.186804943733591
0.176531754059823 -0.079741172454517 -0.0271820169095632 0.23755434032721
0.186609137373182 0.0203174917823463 -0.150223006052019 0.240753933116355
0.171539666093714 0.0876612653657664 -0.204810095268676 0.195859290071207
0.153647741423995 0.168323800254665 -0.184081328139651 0.154832738271923
0.0780775105107803 0.249277316601594 -0.0551643801003327 0.231961361097661
-0.0158879665560177 0.259761341273915 -0.0614709359194587 0.0468102603487275
0.0397016885949639 0.201148743973092 0.149848571977931 0.00123999774581981
0.0818964689113772 0.16023391220697 0.175596313945394 -0.203948865543676
0.145493170548212 0.0993476349363841 0.0285064530384868 -0.288400252189935
0.183854821685004 0.00131540620090376 -0.10008542112793 -0.224484656499418
0.15321105833775 -0.0862698500338061 -0.15305155153958 -0.122663780559834
0.111418199554373 -0.134802493255247 -0.12630943348206 -0.0422041699585451
0.0984024198463673 -0.163973482413735 -0.0529688525607438 0.0280375230574238
0.105118865880224 -0.167017826598696 0.0234319707897162 0.0661723427441162
0.137114071797901 -0.168226509068304 0.0809220132747804 0.131605711629498
0.197801942871541 -0.124013802055319 0.0728107423540075 0.209321005091724
0.232976207931859 -0.0129860775581875 -0.0555718645573157 0.270735903030373
0.226470033398645 0.0997838894362513 -0.166519046148545 0.236678731423245
0.178273129236545 0.216074555850237 -0.180589771148765 0.144603211080856
0.0674772884032626 0.299974221289984 -0.0488193305864518 0.141715788133203
-0.0544481737575314 0.292257129601104 -0.0382832032913406 -0.068559462354002
0.0110044846145963 0.266095517410888 0.158742797872546 -0.043235049199375
0.0853705408105017 0.233658474171708 0.212988412573404 -0.196407909289193
0.178627065120021 0.14116004595179 0.106363911000518 -0.263341339977404
0.213942750321859 0.0182925165280256 -0.00238947866375361 -0.236659529629883
0.173137372189731 -0.0861198225038688 -0.0759526312103563 -0.16695100996687
0.124627453543623 -0.137865537188143 -0.0746095297318031 -0.10213706919599
0.106088732262134 -0.158890787745602 -0.0148768395775551 -0.0352957262837532
0.105191188506157 -0.162116711116093 0.0578753356899988 0.000188556751286772
0.131215179920032 -0.169869623396002 0.130472223910441 0.0685793376610657
0.191139251059534 -0.138559636908146 0.150383956766221 0.159194856990017
0.238947817523594 -0.0304822134003122 0.0309480993711424 0.266436355639749
0.239836912429883 0.103427326058882 -0.121858948104436 0.2487862166869
0.170576541208667 0.23675994640968 -0.171872469732911 0.12535138283237
0.0436017172340735 0.308260597295805 -0.0406595357061414 0.0439796497895024
-0.0822352810913837 0.272669174438407 -0.0113392599840768 -0.187818152587495
-0.0272876773594579 0.274422947949773 0.156751936206771 -0.101318953592168
0.0605584794181339 0.255843546027495 0.221608117962752 -0.175439306667671
0.166687255856912 0.154875580005036 0.171218768083858 -0.205205193621077
0.199627782870664 0.0314598054037026 0.0964693761922429 -0.22401447109702
0.160513198407417 -0.0709579352206147 0.00811852318904568 -0.199884755756828
0.114287592889925 -0.120683518466921 -0.0204396308808004 -0.157480153713629
0.0982132928014138 -0.129988727491885 0.0244348125807284 -0.0939144588552312
0.0942523272267344 -0.129914575308878 0.0890347386378797 -0.0581670334656019
0.114867209690423 -0.138414089746918 0.166049431988603 0.0145919226411954
0.167771811051177 -0.114876160311658 0.198682886900856 0.112055239295512
0.214148762246267 -0.0201644809035337 0.0882874169268173 0.24265711569358
0.210364104191537 0.114930242119461 -0.0846274419955838 0.232592277167676
0.126585734702215 0.235555515115924 -0.152410709021732 0.0942751370817214
0.00594536746040136 0.276297074730954 -0.0243995267540074 -0.0492890452818957
-0.0950232524084203 0.201054646545878 0.01400025759602 -0.287174700214224
-0.0588350454099845 0.221704445281307 0.149860666237561 -0.153814996720234
0.0232938649827174 0.214546993184797 0.212688001823647 -0.147960297825295
0.117910769186202 0.127084603363902 0.212101491145134 -0.141556866519086
0.141710518793378 0.0317346525072405 0.172381476912527 -0.201632047985711
0.113193954125913 -0.046983783396638 0.077572833746374 -0.22186527350265
0.0818051354645327 -0.0831546357276728 0.0264209203601508 -0.200085198388175
0.0757660191713506 -0.0807236547617088 0.0583925360764764 -0.13671327449182
0.0733422619386311 -0.0797142090062857 0.11724403728317 -0.0972091517090436
0.0886201339248133 -0.0867556373622697 0.192181678180746 -0.0153658524066391
0.130865392451507 -0.0693295154561918 0.224370829881691 0.0863626672158472
0.168201716877662 0.00456302539694128 0.117074345389418 0.218920186781486
0.153153765488171 0.124512941911973 -0.058470457806751 0.202993864138056
0.0618151081803681 0.210129676891957 -0.121150162841572 0.059051686468573
-0.0359073233210268 0.209770728345014 0.00324292140535688 -0.121954685167228
-0.0924969403711328 0.0943739882416808 0.0302784921613019 -0.342084312839804
-0.0744313885357872 0.127943788598555 0.140616505709236 -0.181047907479236
-0.00584057776324952 0.12903350005077 0.204274546054171 -0.124843345758687
0.0538949224645262 0.06616435193343 0.234917936910071 -0.107415074925065
0.0579551158829871 0.0192514428878491 0.20712309404897 -0.194792736632406
0.0441344255410938 -0.0165990927348952 0.11140153684672 -0.235758188878184
0.0342634545623838 -0.0321588232669031 0.0520416444169276 -0.223394853563009
0.041579653876009 -0.0193781939995891 0.0818724405526809 -0.159402929397431
0.0420250859877782 -0.0217094308429183 0.14001123869214 -0.111968774551463
0.0511930644142054 -0.030132193371645 0.211772351424991 -0.0205638743182421
0.0803169361106417 -0.0246068366127012 0.233313111700193 0.0862752424207811
0.110438512447743 0.0214796854374744 0.124542018631111 0.20753770972848
0.0881736195849959 0.115911050387014 -0.0416468589784591 0.177263188236981
-0.000451413629569944 0.1570974748256 -0.0883588402438819 0.0315410122869242
-0.0655363601550056 0.118055976433922 0.0372209036366067 -0.16508360718595
0.0687257493596181 -0.018217820754784 -0.037484438377849 0.234183795012193
0.0226998439112157 -0.0813851130419218 0.127472586618603 0.0332243389538917
-0.0354513230885498 -0.0689935520599258 0.0632873387196875 -0.174168567338273
-0.0372799184856769 -0.00350923908432709 -0.125327030249407 -0.250715188277754
-0.00242526063423721 -0.00188948605891556 -0.252242441226939 -0.125036777749136
0.00487652736867154 -0.0140591234488041 -0.247697745076739 0.0173886944427553
-0.00298836310348452 -0.0302272693655346 -0.189878170463809 0.110146748957716
-0.00258388834255817 -0.0454990275942486 -0.111045302812891 0.177092700095809
0.00906642839649735 -0.0450307274373248 -0.0714172191576806 0.217253056741439
0.0267223476702804 -0.0319886556247304 -0.10028942111224 0.244450695715297
0.0327927893629488 -0.00731824631163002 -0.194534003308888 0.222508401976875
0.0169102350725496 -0.00217022914273783 -0.265210110059882 0.140481808628821
0.0402424998600054 -0.0444761503279639 -0.231283059430866 0.119261517538817
0.097253779201607 -0.0299461484743111 -0.201433345502692 0.184078538280726
0.0978911247913925 0.0400319813251381 -0.0585539980708031 0.354405567589115
0.0585522196125609 0.0909695663336084 -0.0617742390324059 0.210881444454012
0.0478386570350966 0.00631168256067869 0.123817596447813 0.0346408618013855
0.0124845638126688 -0.0113644928887483 0.0812858548925645 -0.185536392744025
0.0233202754189693 0.0166744409420104 -0.100595301056858 -0.26822587718492
0.0620585770549778 -0.0141091990871582 -0.230194565039342 -0.157532589186319
0.0564680622903069 -0.0520743420735486 -0.243775022752317 -0.0205462151190315
0.0374428937145432 -0.0812901031925014 -0.189259145672353 0.0747886061653123
0.0380723240984303 -0.10758824279947 -0.104549933618015 0.146995047472612
0.0564406184784227 -0.107832930724287 -0.0472198622177175 0.188110544794595
0.0905529714579543 -0.0904152014579207 -0.0458638214452866 0.232486426688929
0.122030233292473 -0.0377526974969403 -0.123538287326706 0.247840637236289
0.112777196201466 0.0285977790990971 -0.227132314820353 0.198677251931575
0.105165137276141 0.0414675892730746 -0.229730770570652 0.159282852233064
0.126570077860467 0.0851670690746961 -0.191323643517419 0.175903703489294
0.0935616185493562 0.165349733314386 -0.0537520426073584 0.315560721352078
0.0305900426805757 0.19278264902414 -0.0677854699566944 0.150130711020618
0.0568693729710276 0.108430323684447 0.140438708407971 0.0235630399575006
0.0568893836868042 0.0708228247759995 0.124623388030596 -0.207209177120661
0.0911985944250914 0.0521720207786255 -0.0532459640453631 -0.291843382177737
0.130993365601109 -0.0158813795586993 -0.187064330780498 -0.1969115886836
0.110148912275556 -0.0802244962862658 -0.217652363782086 -0.0677175152728326
0.0782899541756846 -0.121481647942179 -0.169936539322215 0.0231617317524759
0.0721776637680682 -0.153734920798786 -0.085124694801864 0.096421861730758
0.0878956379690154 -0.155998025692192 -0.0109198200237452 0.136097686119153
0.125488027359547 -0.147253064113465 0.0235860654094523 0.194856894403314
0.18043419430898 -0.0913978303071408 -0.020377533646918 0.249060808600856
0.195637066212353 0.0133221420561202 -0.14795649002592 0.258406539498143
0.182318262265517 0.0856042180393767 -0.207984335879123 0.213675151304811
0.166167741039043 0.170343315046712 -0.186738527529357 0.169329709930601
0.0919551228818118 0.259839100437151 -0.0491047067418021 0.243717241319261
-0.00749653761140583 0.270642025900321 -0.0590372187624065 0.0532428549379059
0.0484690633117212 0.208508266265763 0.15968312559315 -0.00178742782055435
0.0906039538012592 0.164435538457215 0.177362280322085 -0.219778592521119
0.155997832940832 0.0975646615233354 0.0194359988007485 -0.302507407781911
0.191224861996173 -0.00685258091419456 -0.111667927918877 -0.230962664826676
0.15429439877978 -0.0960808269999626 -0.163524728013538 -0.121553845574461
0.109305397075045 -0.145151085326934 -0.132816396550413 -0.0383146290677475
0.0946572260438175 -0.175966105480924 -0.0543705837512208 0.0325296802935433
0.101288458043262 -0.179610429102893 0.0259501677328802 0.0687465681366393
0.134455703585912 -0.182902111416794 0.0893429701016023 0.135021262799527
0.200205378552278 -0.138746133198634 0.0824934844788425 0.215016997584345
0.241700637074924 -0.0226500218871659 -0.0486995572701686 0.286076870953635
0.23901914212992 0.0959837265551638 -0.165380786914344 0.255984182342805
0.193809357330538 0.21889519844038 -0.182461383249237 0.159460713292045
0.0828305279972623 0.313026156512329 -0.0455880445561393 0.148999060148513
-0.0462328967652185 0.30596491254554 -0.0403894813468132 -0.0685580995804298
0.0213604512931073 0.276469547068319 0.167849014933938 -0.0478418199361803
0.0974102998549796 0.241101752373288 0.216183804305907 -0.213125018367897
0.19107247056457 0.139191384593927 0.103112816119347 -0.27865725734157
0.22346137823468 0.0091787033966277 -0.0109886031430545 -0.246509830176659
0.17505140005279 -0.0961049576773595 -0.084741905094003 -0.170574407547122
0.122425200655268 -0.148970343153601 -0.0819203810503748 -0.103151427377715
0.103955370253103 -0.170567772310981 -0.0175776022932673 -0.0356522733827709
0.10187025430394 -0.174246780326958 0.0590568439109858 -0.00205932998348988
0.127670208278039 -0.183732717351686 0.137810313168 0.0666715415478207
0.192845699992236 -0.153487605535594 0.160798903478191 0.158879914458839
0.247291426022595 -0.043054237844935 0.0415535993987444 0.278491849363735
0.253228203202584 0.0992912838423818 -0.117542869212397 0.267149971417547
0.186174931281935 0.239801870213488 -0.172892064637366 0.139355767540088
0.0580624318403245 0.321011869211733 -0.0405931438068777 0.0466169188882934
-0.0749160833415595 0.286301608207417 -0.0174920906478994 -0.194294543196852
-0.0179090683668234 0.286986418885651 0.162547998352152 -0.108128815173476
0.0712741605165388 0.26536724719896 0.226782287936874 -0.191053197833551
0.179512545750804 0.153739536268584 0.172044952637737 -0.220818281800586
0.209002499213138 0.0239921364916316 0.092753360467623 -0.236708626504362
0.162720202045931 -0.0797686251858025 0.00108920087952391 -0.208112671080041
0.112356226147942 -0.129912980425421 -0.0281028366678179 -0.162447489428874
0.0975432429059297 -0.140181725901743 0.0198550749511818 -0.0990771321852486
0.0924712899186919 -0.140154490045511 0.0888761688954094 -0.0643393107826649
0.112009641454895 -0.150086623446808 0.172606843182848 0.00909147453169956
0.168613719859386 -0.126504886538675 0.209660747298075 0.108296493755411
0.2212240370125 -0.0303383897881712 0.100343923845078 0.250399381890153
0.222034887391466 0.112312797144845 -0.0793971950723765 0.249612764282734
0.140314594109788 0.240010008696217 -0.15417462302058 0.106081141901216
0.0165297475627767 0.289360344348504 -0.0279297356376009 -0.0506561180399492
-0.0908613709163554 0.213193770174825 0.00527363729618864 -0.299630733432651
-0.0521592596318141 0.233033633981316 0.152144356830296 -0.163726518403942
0.0321988940038126 0.224270672328152 0.217761255551458 -0.161788399020953
0.127453188032396 0.126818644860858 0.217327194206653 -0.154455636155812
0.148574078176814 0.0265511372052395 0.172746692129989 -0.216073723500124
0.114174084784736 -0.0523456032029565 0.0724996734604322 -0.233661352351139
0.0799540710032918 -0.0892970803976066 0.0179782510825307 -0.2093263198241
0.0765953243954967 -0.0877650355815999 0.0532144685570293 -0.146293729847511
0.0735769044469319 -0.0858810930669273 0.116190592254395 -0.106219364784033
0.0881389458804288 -0.094512996212727 0.198769086980143 -0.0241297340076968
0.132770588847667 -0.0776293038220296 0.235504681295487 0.0803526097714388
0.174776583682761 -0.00200212964067918 0.129610900434617 0.225221128997701
0.164031586526397 0.124552688182945 -0.0531403075959978 0.217345268168769
0.0717209991249923 0.216510239184898 -0.123389872175932 0.0676588541670724
-0.0291148569040697 0.220508856939953 -0.00301807473709456 -0.127916273580308
-0.092365630840513 0.101065463059673 0.0183854364251653 -0.357799230011613
-0.0714483329804735 0.135782187386846 0.140478262625229 -0.192705919444552
-0.00141122355425194 0.135513344919662 0.209446465521377 -0.137249495338153
0.0581218883949155 0.0660978678502306 0.242548151990465 -0.120858790114838
0.0611563850996086 0.0168535442967852 0.208958389046092 -0.210143727771103
0.0439437490024736 -0.0177843207834836 0.107191727769393 -0.250475953284231
0.0334196960432533 -0.0338277278697271 0.0441145425383842 -0.234918803944718
0.0434575578024535 -0.0220237406737084 0.0766663899534581 -0.170270499617767
0.0438015497014037 -0.0234268307516359 0.139093030241713 -0.123314014410431
0.0516017181535443 -0.0329388438178522 0.219255852221464 -0.0302288292885495
0.0826871486904587 -0.0285360560482972 0.245152736361378 0.0797272344783085
0.115107318110699 0.0174046580285248 0.137528780278168 0.213343016473675
0.0958073491656575 0.118213738512959 -0.03709251909221 0.189217330896128
0.0050621622808012 0.163724762873672 -0.0904941869051249 0.0371723303016123
-0.0642429674030945 0.125678027033288 0.0301767196716531 -0.174058387685834
0.0690529798812343 -0.0235489291159664 -0.0199115875901622 0.240194701048132
0.018241933954553 -0.0833181729415935 0.133142899642719 0.0257267078660051
-0.0401780817931378 -0.0684745089871123 0.0556998694687193 -0.180985550480898
-0.0376866276790062 -0.00222964361242815 -0.143315329509774 -0.247439221280545
-0.00240633290727552 -0.00303129008983622 -0.264397282480497 -0.111978916437944
0.00391702950214862 -0.0162386049445303 -0.248736433167065 0.0327047940052492
-0.00480604305509428 -0.0309216257718931 -0.184170356339841 0.124217673232437
-0.00551035854843892 -0.0467769808434161 -0.0990979163782465 0.18868745688699
0.005063633964951 -0.0471992003412501 -0.0579167535831922 0.226761171654371
0.0250815204967592 -0.0343839338728731 -0.086560288261963 0.255032725663478
0.0339431643781627 -0.0105355917365534 -0.18540601458246 0.238514810934338
0.0174961379704654 -0.00306623146783705 -0.262452101598045 0.160192072427122
0.0385300380125155 -0.0467913317825599 -0.228763413131407 0.133437319591328
0.0967195229516052 -0.0360499940579198 -0.195755338585624 0.197927657060317
0.103064543907839 0.0356649635138963 -0.040597516784697 0.36296698755599
0.0652567613079893 0.088610470069088 -0.0458411061819053 0.217391527209579
0.0493503747317817 0.00369433157517012 0.130698380178034 0.0284810067818446
0.0116189365086061 -0.0127581888981683 0.0724439001406554 -0.193906108872673
0.0248085227650642 0.0145668100968482 -0.118434971433402 -0.265895882189662
0.0614700786557446 -0.0196333845018408 -0.24412561063638 -0.146884610490342
0.0538775454273734 -0.0573326205239576 -0.247308415919498 -0.00615460052143537
0.0329833742890284 -0.0851200690398501 -0.185889429913234 0.0881747376498504
0.0310618726870401 -0.112340048548718 -0.0959507551095298 0.158094757421518
0.0490069571659303 -0.113869431876126 -0.0356566269799722 0.195401748092136
0.085058319448697 -0.0981730814646332 -0.0327906512546026 0.23915080263338
0.121944563180839 -0.0474620897664502 -0.111041290840602 0.259647219991369
0.116507753684019 0.0215960282714044 -0.219412348844064 0.216540113175962
0.109626038041323 0.0367833221484523 -0.224885774249032 0.17568818441485
0.133223165271652 0.0798607839842322 -0.185558226323719 0.190380941652819
0.106246862525845 0.163905116136673 -0.0374122132241569 0.323261708983059
0.0427002384505155 0.193383630580523 -0.0553328761838718 0.1568888007539
0.0633825426672893 0.106894285381195 0.147974855701756 0.0167325496008515
0.0609663043773236 0.0687566791827814 0.115096018086778 -0.218893479436918
0.09559222655738 0.0468248913422601 -0.0713078756404441 -0.29476026263241
0.130662614660395 -0.0253921634460977 -0.201500674483381 -0.189702964154353
0.106022456670974 -0.0891907310964703 -0.223672816755166 -0.0551273572343705
0.0707368915006249 -0.127939351028257 -0.170131360498391 0.0350921050605988
0.0619839270499355 -0.160579564420186 -0.0794520019569466 0.105120482014902
0.0773990664439144 -0.164875941259056 -0.00268121707472886 0.139779368974233
0.116834531966488 -0.158530838055387 0.0362746627045433 0.197093456736186
0.177602795486708 -0.10543432774314 -0.00656477870822693 0.253723007043161
0.199551613102927 0.000765326333326898 -0.135772767808379 0.272840714559567
0.190264535286753 0.0763302919256018 -0.197843724740123 0.231110612627301
0.179010282934374 0.163394627875321 -0.180151199012451 0.183621383923441
0.110038108532928 0.260440040772104 -0.0355251366600236 0.25007360464803
0.00933950751014498 0.274355029122894 -0.0541656379456825 0.0583836513798192
0.0612527864526847 0.208340176061654 0.166412264899809 -0.00939271848527903
0.101289685043132 0.161795982557862 0.168242711668624 -0.234829699383088
0.163998006770482 0.0888830750965628 0.00264729840271322 -0.309954713848591
0.192382193351809 -0.0200266169150009 -0.12725503613126 -0.228982649917393
0.14955707932371 -0.107347804259861 -0.172303525284702 -0.112502170974739
0.101122499199116 -0.15368453932286 -0.136297534132131 -0.0306415384423607
0.0840137889984809 -0.184919979794578 -0.0533371665438253 0.03787263056273
0.0904925029329909 -0.189951866460754 0.0302411043181133 0.0687041059695915
0.122646090867014 -0.195847527635508 0.0988815078470533 0.132016645064651
0.194021008789606 -0.154564051480427 0.0951069262525305 0.213002910065528
0.243302451633428 -0.0390441733958966 -0.031557716449189 0.295512218042443
0.248807972025598 0.0831123855611567 -0.151064180778556 0.271399518582477
0.209592271418962 0.211158919004356 -0.175501778985039 0.173584481143774
0.104202022178254 0.315104579379758 -0.0368397342466622 0.153225479035348
-0.0277629332283772 0.312635838862695 -0.0431809231368722 -0.0659219567043044
0.0383780995092065 0.279028886000222 0.171003550266595 -0.0559395450148676
0.113020280441539 0.23990515375386 0.208411227508719 -0.230086552396154
0.202133616780467 0.128543849670714 0.0883817562394284 -0.289866351136983
0.22657856391196 -0.00585027942260901 -0.0247180026921514 -0.250520567704049
0.17049157103858 -0.108295883371494 -0.0955370258595148 -0.167544374301422
0.113540168154242 -0.157998526550737 -0.0895964889592464 -0.0996881805251208
0.0938387290547997 -0.180489583638331 -0.0207787834367596 -0.0344642550804602
0.0914717472008465 -0.183898220927864 0.0590055428774428 -0.00523097497891678
0.114212620250372 -0.195407173511941 0.143389582693814 0.0597485768319254
0.183998552740552 -0.168879661878377 0.171472512498992 0.151026109979579
0.246431859112867 -0.0590757350806378 0.0588542392081536 0.281868908312796
0.262751310731061 0.0859088570858331 -0.10245216276515 0.280734262941117
0.203347513224372 0.232110499345089 -0.166753099879588 0.153045638254015
0.0794856262360872 0.324138428753243 -0.0387517389296387 0.0483121878033134
-0.0585301434815316 0.294663737850401 -0.0283615045596203 -0.195402948992672
-2.50115844133086E-05 0.291844329714331 0.161957411381102 -0.116873744058583
0.0893246995170137 0.266012360044819 0.220232117401302 -0.207388029786944
0.191381514708172 0.144793630288759 0.163336748047583 -0.233516846520163
0.213200620884414 0.0104299720114331 0.0818773307478163 -0.245976380800497
0.158602395299708 -0.0899616810430666 -0.0105812560629713 -0.211044823792295
0.104124622058668 -0.137686035574666 -0.0389059084010205 -0.1630069205151
0.0890140906578948 -0.148912333463909 0.0126976160287033 -0.102161819695576
0.0851641311446349 -0.148341987181805 0.084153634997037 -0.0701617414920378
0.102182177373981 -0.160314109440413 0.174798060057929 -0.00116518429766892
0.162151944617946 -0.139663190319748 0.217501860923685 0.0961926225466376
0.221327179755542 -0.0451259959791236 0.117094144380743 0.250758097858522
0.232007816737243 0.100991851872132 -0.0647024073303775 0.261308481858069
0.156128643027667 0.234865249662353 -0.148648085659936 0.117941390495658
0.0356581918055677 0.293354007312022 -0.0327639043301345 -0.0509544028270441
-0.0786815256081548 0.220716863057403 -0.0128376501942619 -0.303236680055899
-0.0384085404287228 0.239111313631078 0.147151334757293 -0.172746533794151
0.0462180624274616 0.226620534040965 0.212710405877766 -0.176953846468964
0.136608556519346 0.119992336445468 0.213301259386615 -0.170278234474071
0.152138546564591 0.0170471017756088 0.163779730447959 -0.228426799313203
0.111219390503134 -0.0588817202210128 0.0603273656604383 -0.241284782320476
0.0740429641481022 -0.0943587696720531 0.00414446235790945 -0.212831803358645
0.0721130086785351 -0.094578346563923 0.0433137252400153 -0.151737801842294
0.0695264669790329 -0.0918906263349625 0.109364869825393 -0.11522321477031
0.0818450495727611 -0.101636503830814 0.19940667204731 -0.0365956661139451
0.128547660347461 -0.0875694075822186 0.241228292793762 0.0663276164319142
0.175670347279142 -0.0136074958512772 0.145168178410388 0.221353984348462
0.173050498052606 0.117393092053069 -0.0401454932108845 0.226977925221035
0.0855907988799668 0.215446560342256 -0.11966184601933 0.0761080059851243
-0.01619722652258 0.226664560152376 -0.0119035597316425 -0.129970595764228
-0.0860357197009113 0.107395980984383 -0.0033681281298047 -0.365180483906958
-0.0633617017520299 0.141003974087097 0.131912279491845 -0.202417607020069
0.00667763134814628 0.137923803417343 0.20544638849926 -0.15130755805794
0.0623225638833634 0.0627439944603804 0.241344729949075 -0.137005347693355
0.0630822524162478 0.0126345461993332 0.200367649760588 -0.225274277366866
0.0423082921552922 -0.0199761258921663 0.0934098583148227 -0.260432876031423
0.0305524536259091 -0.035230746007058 0.0283976533966082 -0.240180554133571
0.0437383703679248 -0.0258496659476182 0.0647067572402773 -0.178851732513808
0.0438545220397947 -0.0257980758407591 0.13152605089997 -0.132996615233108
0.0496636942797387 -0.036675660514652 0.218969728855346 -0.044635817938276
0.08147376137437 -0.0340461149543912 0.251987334322732 0.0654024723130638
0.11700536324684 0.0102497693542921 0.153067727260358 0.209169804389344
0.104232856613992 0.115066584634879 -0.0253917216209626 0.197019209419979
0.0145266769005189 0.165545887637056 -0.0890612109526422 0.0427393738199291
-0.0577866257885884 0.131787243879338 0.0182700266669183 -0.178494227344275
0.0669720180243354 -0.0269225643200257 -0.00406045270671549 0.234868300318507
0.0139707592974838 -0.0824452140686387 0.133710345293296 0.0181658909741511
-0.0431998391169222 -0.0657811203070276 0.0463639665847408 -0.180089476329573
-0.0368779367363972 -0.000524540728380976 -0.153915093391355 -0.235859330428935
-0.00306404066456421 -0.00362842250920176 -0.265021196565744 -0.0963486489264325
0.00239334076982833 -0.0168447370702207 -0.240152470239738 0.0448262462629765
-0.0055847175073805 -0.0300464520422708 -0.172092194724986 0.131839753265348
-0.00777638164732627 -0.0454417873986138 -0.0850041227625662 0.19241437499143
0.0017257927410459 -0.0466328390571714 -0.0436737897089639 0.225931565939906
0.0227011429343257 -0.0354743669903783 -0.0720556882251455 0.255393758626997
0.0334184058153401 -0.0130885167344353 -0.169805487266043 0.243916942110916
0.017847921082875 -0.0037363483393122 -0.250494636489821 0.170609884185535
0.0356060371334217 -0.0476983527500069 -0.219315565393073 0.141330015500605
0.0920243876338037 -0.0387038588286812 -0.184652999125241 0.203311093991057
0.103756713264973 0.0305892407969667 -0.0231554246832145 0.358719206528404
0.0687335375919163 0.0826082879399436 -0.0308957586659504 0.215075775655588
0.047798339715504 0.00146484751696434 0.132570617202856 0.0213764545554986
0.00997194828526988 -0.0134062813691126 0.0627184412556237 -0.193621149678667
0.0253209529520456 0.0125134202251671 -0.129387212606717 -0.255147656208367
0.0588457011805235 -0.0236888498290899 -0.246276107707937 -0.132336322211236
0.049410909779585 -0.059905308863831 -0.240692551349568 0.00649591646567951
0.027812560034528 -0.0852321983135344 -0.176155862019958 0.0958520800353929
0.0239931742490346 -0.112116754160763 -0.0837547941947068 0.161849164237006
0.0406506897417525 -0.114723249998455 -0.0233011343877402 0.194138781150709
0.0773512379398401 -0.101105223662435 -0.0196583307931316 0.237419113977471
0.117563586050761 -0.0544117044926663 -0.0959673826102652 0.260756389914792
0.116001399191037 0.015420552398677 -0.205361484949497 0.224773733220919
0.109496040376806 0.0307209504968302 -0.211894479908132 0.183748522324597
0.133365547228243 0.0725028684214632 -0.174015350340422 0.195988373261078
0.113966664986596 0.156680322975646 -0.0215458021072405 0.318756342779991
0.0512917758654021 0.186893810986831 -0.0434702244780463 0.156761763357375
0.0671279659327376 0.101321639892617 0.149387274286026 0.00942918146647777
0.062490681741936 0.0640633132478254 0.102827643850881 -0.220892942379405
0.0955932676408116 0.0399904321594245 -0.0841007184206407 -0.286230417780671
0.125886056374678 -0.0325961477231477 -0.206001575802358 -0.176537021242998
0.0984096289079814 -0.0931483723760895 -0.220254387655707 -0.0431650928973669
0.0620789812180334 -0.128870348705612 -0.163605018814505 0.0422745798887075
0.0517512518160823 -0.161704615385166 -0.07151918832642 0.108913411881955
0.0654962942240197 -0.166354949787425 0.00542051907110644 0.138206016520354
0.103773842288179 -0.162247890290579 0.0457820183573307 0.191807692784347
0.167827992161182 -0.11414661193765 0.0054480908038524 0.249765322121194
0.195372894610965 -0.00977162844350137 -0.120374626529565 0.275690317134395
0.190430424701498 0.0664185044874138 -0.18329592368071 0.237273438659337
0.183365842229436 0.151699076400772 -0.168417635491167 0.189577876614126
0.122668440338864 0.250885496659713 -0.022567894610908 0.245904696774459
0.0224237493605443 0.267845891247603 -0.0472637636365908 0.0607669455546324
0.0703168042579344 0.200421970982024 0.166484943564435 -0.015956575927638
0.106655034446768 0.154552603018388 0.154413846560822 -0.239029031912604
0.164213386079233 0.0781051695811047 -0.0120973666370944 -0.304155707151088
0.186945848277001 -0.0311053126211041 -0.134566758341329 -0.219039365288213
0.139293350229563 -0.113036498184203 -0.1726371351092 -0.102055781259578
0.0898522919942392 -0.155160238146235 -0.134537756762183 -0.0228005217073081
0.0719086068915535 -0.186372481633415 -0.0494025515079437 0.0409029522627322
0.0765921366696468 -0.191828885805585 0.0328627289110471 0.066626686451244
0.107246072743523 -0.198442438438033 0.103508983679213 0.125345246739013
0.180385021534883 -0.163280884109848 0.102620391462651 0.204008958495336
0.235070576396914 -0.0518440835852364 -0.0171932400198863 0.292807191930839
0.247810945983515 0.0695642997087637 -0.13412852870979 0.274282681074135
0.215838939660705 0.196046681398233 -0.163453996397587 0.179469175278172
0.119727530985591 0.303927194465781 -0.029330133534366 0.150425227198599
-0.0115348349007654 0.307161014481973 -0.0432621671278721 -0.0616448350724402
0.0517319176344806 0.2709971312474 0.168858454323915 -0.0609289101488748
0.122267537581037 0.230197586503077 0.19353078704101 -0.236174691324296
0.203938184223918 0.115179360001448 0.0745798054119216 -0.289030883116293
0.220438617261035 -0.0184039663475946 -0.0349900745992636 -0.244687355051695
0.160024284228614 -0.114279005613019 -0.100731059668319 -0.158822350367698
0.101734030211215 -0.159531410850436 -0.0924988160737773 -0.0928261297246311
0.0814460390020137 -0.182162894255971 -0.0228279977761108 -0.0326286439602601
0.0787936429603653 -0.185330233517353 0.0565973298214256 -0.00789191982997119
0.0991607793717371 -0.197961290800804 0.143894515546591 0.0515710900124727
0.169769407810276 -0.176504832768297 0.173479548960823 0.139549587441396
0.237248781917663 -0.0719262870904318 0.0720711949319104 0.274645765160232
0.261113289656511 0.0708145184483858 -0.0848246742135543 0.281805412764758
0.210851700393086 0.216976517069441 -0.155620417552962 0.158457802603658
0.0957926109559899 0.313942370325291 -0.0364506290016922 0.0480497922930123
-0.0433533297897518 0.290870543813521 -0.0353233234851982 -0.188451350559262
0.014725200430662 0.284785685711402 0.155716462837771 -0.119852475214485
0.100433785638348 0.257814294747056 0.205860427672993 -0.214183173775337
0.193754543032729 0.131144434426347 0.150506563020237 -0.237906075749955
0.207876819851652 -0.0017816555158733 0.0695769667175285 -0.245072574576232
0.149529944066398 -0.0955118217902995 -0.0204089929727551 -0.205821691240563
0.0935677351974614 -0.139194786667436 -0.0465160116035192 -0.15715500954993
0.0790247848107478 -0.151056217353452 0.00597548424999731 -0.100032119081499
0.0748592491593114 -0.150210138383781 0.0775957118234249 -0.0731276061110054
0.0883542699150337 -0.162480356741248 0.171391550311702 -0.0100600731270295
0.149247398590793 -0.146562481854964 0.215422833666728 0.0837146799207708
0.212552158229987 -0.0559866754434277 0.127641328232226 0.240931229550711
0.232488630829552 0.088567429117393 -0.0484080029264395 0.261037857931629
0.164468564059251 0.222172403603648 -0.138935480223599 0.122969451076563
0.0501083655425794 0.28592087593084 -0.0356800006656956 -0.0494817061912302
-0.0657445970750249 0.218956290497958 -0.0267758417930069 -0.295658830823725
-0.0251443759775796 0.234346482493258 0.137142484241606 -0.174179260860258
0.0567744556629975 0.219891919518601 0.199756908401385 -0.183452703964138
0.139028540786334 0.110068090085004 0.203150650037635 -0.177370985469976
0.149238271493683 0.00697205745694906 0.151576086923881 -0.232422217174623
0.105447924349555 -0.0628200276306521 0.0473867458559983 -0.238713166674788
0.0668620538925174 -0.0946016026384748 -0.00758579128093009 -0.208353460413413
0.0660839911639242 -0.0968700339839195 0.0320829478618915 -0.151680965647869
0.0634010567164428 -0.0938919782406851 0.0983778771599996 -0.118060401126964
0.0730147391192653 -0.103597579276217 0.192576499335757 -0.04619977318901
0.119707186554551 -0.0926756864577691 0.237966529470732 0.0534704346964159
0.170079882827528 -0.0227999497648687 0.15474245798428 0.211186588128722
0.17485312457202 0.106877558597842 -0.0261378077522521 0.226348335668115
0.0942302708810599 0.206142907617113 -0.112672987235868 0.0806300965107511
-0.00443414324366355 0.222709632745796 -0.0197406571084032 -0.127327892817882
-0.0783804708248376 0.108296133286479 -0.0210615596097137 -0.356070452451954
-0.0541830162188167 0.139830459863349 0.120768652941041 -0.203258948894376
0.0134020220453861 0.13510881760706 0.194300421338984 -0.157585328345895
0.0631310579351506 0.0573675240494355 0.232421988499665 -0.145720983046608
0.0616535674890506 0.00815671934347769 0.187219301960957 -0.230111025178868
0.0395125470382492 -0.0203850108411807 0.0789760824789732 -0.260145156688026
0.0273399178627448 -0.0347525184984489 0.0139338437276276 -0.236411805501677
0.0422092473062907 -0.027998200931874 0.051682922703754 -0.17974771197174
0.0425261183595445 -0.0271777841175531 0.119007745690592 -0.136982402429516
0.0461071154573219 -0.0377921133425145 0.210898388350886 -0.0545569784700036
0.0768233749549125 -0.037815636827542 0.248371633473998 0.0512682817995201
0.113711279790958 0.00391026945864226 0.160290898897801 0.198003314509892
0.107559419140754 0.107824025444033 -0.0141959436395713 0.196032523378838
0.0220977492604759 0.161040474441553 -0.0850132228033275 0.0457857358931084
-0.0504355957033016 0.131161825176094 0.00662291745997723 -0.175515739903428
0.0667261333310648 -0.0172094481508637 -0.0230296953077184 0.223936921641499
0.0241598206784493 -0.074648217081266 0.13188525976434 0.0301179128964426
-0.0317373202490678 -0.0668221358879854 0.0691682389585301 -0.169881329350428
-0.0335758702049496 -0.0068718746111587 -0.116344565612256 -0.24029732853226
-0.00158222580884365 -0.00532537700028842 -0.238176746468052 -0.122036611934096
0.00653670367726267 -0.0182769601505296 -0.231250099764453 0.0145267032387274
-0.000270489380916866 -0.0299529995642861 -0.177523772076372 0.107547913571849
-0.00158445473688472 -0.0450893548876456 -0.103163936429689 0.176035334069435
0.00806090660744739 -0.0448771130090452 -0.0693160871539864 0.215498752484107
0.0273824032885553 -0.0323588188204506 -0.101128031756833 0.239249705326554
0.0366360986966297 -0.00974215085529884 -0.197134593797464 0.217132259523344
0.0232827884100182 -0.00120241237490245 -0.267802321947583 0.137616227732028
0.0438317675465275 -0.0401468984691892 -0.235238913439307 0.109766025063491
0.0956044194875114 -0.0257628624279761 -0.21071064663499 0.179519335499836
0.100194693583571 0.0402636598519897 -0.0730776270958843 0.353974600089305
0.0537167903744188 0.0853755383475394 -0.0527896915546635 0.205847238752231
0.044442082013314 0.00823896494760538 0.12810815543232 0.036902892138908
0.0105985575933124 -0.0100282587688945 0.0838660681025609 -0.1767087332923
0.0227473392421364 0.0147305118276425 -0.0919194695240844 -0.254003433940106
0.0594911491946993 -0.0147124193736899 -0.216075435762732 -0.151424251441565
0.0560874749586021 -0.0521776807483327 -0.225024079635199 -0.0202944926772091
0.0380065286171207 -0.0787566836900944 -0.177331535877329 0.0738273049233404
0.036945574225873 -0.105812114229364 -0.0984654735885313 0.146084333395354
0.0537345651766271 -0.106353183594426 -0.0470606928984819 0.187293980985094
0.0874187386716083 -0.0893884151704926 -0.0505241091209507 0.229336982604624
0.122025883208869 -0.0392655848746264 -0.131282018280434 0.242245370114398
0.11514879159214 0.0279934807956207 -0.233084329450488 0.19624449227152
0.107161887460272 0.0443468931721331 -0.233579095833814 0.149849510218833
0.122075910891256 0.087115302706078 -0.200933609454141 0.168829148909865
0.0947625022046159 0.165375225672896 -0.0690276687547215 0.309977263479216
0.0252374245032105 0.18076943669711 -0.0653744781405688 0.151086601266461
0.0487154087589525 0.104160340103797 0.142339512667061 0.0319028330272892
0.0493958374777527 0.0701620237729547 0.121773704691509 -0.192999416299159
0.0853931796227128 0.0512371481832971 -0.0466936764164683 -0.273866216146923
0.124974172685608 -0.0132278487521117 -0.174279198723266 -0.184901309541653
0.107182142330567 -0.0764671635254053 -0.198327672805987 -0.0626786393961033
0.0760153932841002 -0.116151988522235 -0.160008222222051 0.0243798968674474
0.0693336339384145 -0.150325741240455 -0.081067870952833 0.0964710572255144
0.0835717756674161 -0.153164702153068 -0.0136141197220833 0.136131243874052
0.119546897879708 -0.144111627933112 0.0167967281069706 0.194599481899215
0.17720194513654 -0.0911035823403052 -0.0340518175788486 0.245602776804176
0.194872317049662 0.0121569261358365 -0.157964078635117 0.257628944434138
0.181881263800875 0.0861604559544752 -0.213455029294406 0.205245859353926
0.160946440135012 0.169040024352472 -0.196804683686921 0.159399288781343
0.0929689711223567 0.259214680182716 -0.063239133999444 0.233181479765864
-0.0120660563378696 0.25329469485984 -0.0646185738757676 0.0609433792145177
0.0380903461583014 0.196727841471197 0.157570755323192 0.013353958586737
0.0792971437955409 0.161627609409232 0.168860763600731 -0.199944454027104
0.144724205745046 0.0972927554341443 0.0219304602002027 -0.280099005809941
0.182018238023572 -0.00195933336884677 -0.10195407642174 -0.214578857332016
0.148562594971424 -0.0884967996161426 -0.145753023684197 -0.111886407972905
0.10535928325697 -0.13768520767444 -0.125184472213573 -0.0342773665038479
0.0920859173798173 -0.1721429885544 -0.0532201239989871 0.0328505500668593
0.0970125220564913 -0.176650639424438 0.0204290380159511 0.0704765363908184
0.126197535180092 -0.178434342670749 0.0793135134099197 0.137248883154047
0.193672190548317 -0.137946618499549 0.0639308657127763 0.215516988473728
0.23656855129673 -0.0245969469887766 -0.0593582458632986 0.288551401324023
0.237266566974016 0.0947486523746692 -0.171886883338138 0.24827785672218
0.187967022998077 0.21526460353687 -0.192084676082119 0.148561417530708
0.0832781840606046 0.31120586842287 -0.0594755967481477 0.135364686334658
-0.0490359680896463 0.286231666860052 -0.0516530089397141 -0.0544103759431599
0.0114468023543804 0.259576505871314 0.161778306566574 -0.0266092116092428
0.0834996473225043 0.234630921430659 0.201622442465871 -0.18944621730741
0.176155630230522 0.138357288316551 0.0995956598982647 -0.253930321325877
0.21224505919561 0.0154414983721805 -0.00646789898383324 -0.226102021729937
0.167648918046845 -0.0854732758949124 -0.0705087157410374 -0.157631256083854
0.116537521893011 -0.140031950748688 -0.077945660617121 -0.0962858406294889
0.100603834319011 -0.167664597310236 -0.0194368292585631 -0.034961785489419
0.0982239733028926 -0.170022893164993 0.0516732143194662 0.000908474290284605
0.117253181021676 -0.178125349809161 0.1274032526524 0.0713474668559771
0.18365202790211 -0.151003042368667 0.140879173562452 0.161499306733269
0.238607056838786 -0.0440818373624948 0.030270604030403 0.282348630765267
0.249696541483579 0.0975727852002634 -0.125218084119069 0.260940268867518
0.18115084313827 0.234869524664935 -0.180939071746825 0.128410454200376
0.058371156026571 0.318512843601746 -0.0539115452334579 0.0317073725781364
-0.0763564588964073 0.266603790916696 -0.0309179832013476 -0.175562471830057
-0.0250053229736243 0.267715060803221 0.153141559082113 -0.0848468067133322
0.0594593774829525 0.256997248531235 0.208679057031523 -0.166843733836928
0.163674308821628 0.152382238569754 0.164605990371655 -0.196728229308385
0.198233557327121 0.0292123470300761 0.0928548567284371 -0.214991023907956
0.154356331735172 -0.0685834377999791 0.0103030245176181 -0.192815999622947
0.106027375689137 -0.120507888922481 -0.0272992215034889 -0.152849339261848
0.0952599495588075 -0.137594300042416 0.0155778595755512 -0.0970957822160528
0.0897440091973666 -0.136292368342733 0.0793690098462895 -0.0596203387325937
0.103079403517344 -0.144918922977318 0.161318146714518 0.0137243135030872
0.160099177290168 -0.124211929717101 0.190148722886143 0.111436791319054
0.211264209460082 -0.0321748981971704 0.0899755139646224 0.254015838103538
0.218295263755142 0.110521381164037 -0.0852724670478724 0.244772296581069
0.134680374629301 0.234069408707099 -0.158193251933112 0.09487694079543
0.0163277896190506 0.28569512491505 -0.0393486829318903 -0.0637281970388699
-0.0887819146596392 0.196030756181261 -0.00723150833344394 -0.278863455743071
-0.0544830271567832 0.215071549327557 0.14172221983496 -0.142111280198493
0.0237996455863485 0.215852578151576 0.200406446818526 -0.141238086393244
0.114688776665347 0.125060034069755 0.208377007007764 -0.137062623553294
0.140570413066757 0.0294771892964969 0.168908943784494 -0.195819497585015
0.107594633487316 -0.0423060004881247 0.0761903021323777 -0.218679528868088
0.0743129172457051 -0.0815301088615778 0.0146680322019511 -0.197784225943714
0.0756935360490743 -0.0869090287005078 0.0464447342247743 -0.143235164378574
0.0727963334443046 -0.0826948828315248 0.105654127593272 -0.102010332767101
0.0807776828669421 -0.0901039411255674 0.187487626746847 -0.019801048874261
0.124850667832496 -0.0758581738793277 0.217922884172526 0.083175248633128
0.165418709865188 -0.00456870279544934 0.121433336994909 0.227398900040728
0.160699967963087 0.122343855319227 -0.0575945106488463 0.213897751294569
0.0682446347370803 0.210714113107017 -0.124072824978207 0.0566622045101296
-0.0303255272667469 0.217725293339202 -0.0114884826616941 -0.137507893071131
-0.0871031383343252 0.0902566897086439 0.0109230146256169 -0.339202462204121
-0.06907059914736 0.12249196623934 0.131459409285562 -0.176527874329429
-0.00588822479794493 0.129217977438087 0.19568624764434 -0.122225886529018
0.0508222641381098 0.0642004558190333 0.23354088006392 -0.106413431439087
0.0565286062492898 0.017049990342534 0.204005976736518 -0.192851078652044
0.039854064519612 -0.0103139854080558 0.105903746447278 -0.237717782070292
0.0294409058690288 -0.0284324948948751 0.0382739315298177 -0.223360351854641
0.0450256025383738 -0.023439337041958 0.0684114641121727 -0.167072250176121
0.0438082937220409 -0.0214796213744945 0.128257593724406 -0.118418054863118
0.047316814102972 -0.0298493750036494 0.207811357161458 -0.0280803607611425
0.0766546677878965 -0.0278848941711681 0.23087102286536 0.0809142030901373
0.108189355028247 0.0141494113948203 0.130228032537598 0.214078752619587
0.0943050022660811 0.11561370568126 -0.0403645572332436 0.186872446112338
0.00275420567684123 0.158427401417396 -0.0899992526550041 0.0276896253674612
-0.0651089470712933 0.123231473320367 0.0237885060398703 -0.178244972177003
0.0667443140314526 -0.0159349716260579 -0.0253384508215568 0.219893829281371
0.0258301578096982 -0.0729877470571945 0.132261447451454 0.0319130760476069
-0.0297833727060598 -0.066865425653227 0.0741815579249251 -0.166683556440089
-0.0330285475615144 -0.00756091108008494 -0.110321274480208 -0.240597853342759
-0.00173089939371084 -0.00632782322613004 -0.233281816931874 -0.125532684736919
0.0064871487069809 -0.0194010029311177 -0.226691590793347 0.00849087674385727
0.00105249184373638 -0.0303041145370425 -0.175838614662909 0.102773285487803
-0.000677506138484452 -0.044912654536973 -0.102278006974872 0.173687961746295
0.0080954414494814 -0.0442777381147508 -0.0712774086584949 0.213192717922569
0.027602052818748 -0.0318068536864942 -0.104577729742693 0.235212468420047
0.0370664410788813 -0.00984652006897652 -0.200013332674918 0.211127805792422
0.024129523684388 -0.000414140553826418 -0.269479430708316 0.130885630500028
0.0441846329187369 -0.0383855159828024 -0.236892781054126 0.102476562505084
0.0946827874220384 -0.0220464791231082 -0.215727720272038 0.173553688250306
0.0990713340152171 0.0427550170783904 -0.0809635648013394 0.348885907750586
0.0518058883311913 0.0854559848470493 -0.0541862615891097 0.201475798448881
0.0436068296432772 0.00936808200125822 0.128857074775668 0.0398182718215422
0.0104365489969053 -0.00942939214839572 0.0886019471465179 -0.173376410838429
0.0216803598123509 0.0149063087627956 -0.0855732172787409 -0.253442645976722
0.0593632328422726 -0.0142285289470028 -0.210168991790586 -0.155159317864386
0.0557952254085942 -0.0516129849847934 -0.220412339319667 -0.0250720081206333
0.0400610946625703 -0.0774159130259156 -0.175059690836238 0.0694275155983346
0.038286580262468 -0.104420384389674 -0.0981491237260536 0.144385634307423
0.0535342877106929 -0.103954587670046 -0.0492257779442412 0.185062202854593
0.0875301413900876 -0.0875447039371919 -0.0538156826991959 0.226898711482636
0.121936844527817 -0.0377100710004789 -0.135535271668708 0.237825056551305
0.114411761479011 0.0305303403074204 -0.236147250820027 0.190474086434546
0.105219774570853 0.0466464163492377 -0.235791901158734 0.142625776178007
0.118812632746096 0.0904546477839018 -0.2048237627278 0.162358001651642
0.0922038683051526 0.166278020200026 -0.075968586695972 0.305260240791131
0.0209846729992973 0.179059528424757 -0.0656575285828595 0.147576531466573
0.0457152984597738 0.103744429213168 0.143367347853062 0.0359000340516452
0.0470522750743552 0.0712153650318581 0.126683055070226 -0.188448237552337
0.082763292186011 0.0524631291502117 -0.0390263176329809 -0.273594073454228
0.123358032171845 -0.0112826829797413 -0.167420023056168 -0.18832334463965
0.106380455097884 -0.0740303811265772 -0.193260076090137 -0.0673127411664384
0.0773730113760178 -0.113503546484478 -0.157614438439776 0.0210372660848992
0.071298516890921 -0.148345668082166 -0.0801770242625103 0.0951737901488848
0.0840313247691384 -0.151104090585289 -0.0162032560430917 0.135494499990625
0.119819636720424 -0.140559081386988 0.0136150299827277 0.193516049429225
0.175837070219144 -0.0885026054551197 -0.0400702978509436 0.243830184081868
0.192402991204316 0.0161316013369876 -0.162585489793203 0.252915827603958
0.178169759856951 0.0896776523946995 -0.216584331113618 0.198349605523307
0.155709849798893 0.171501090963815 -0.200319532424897 0.153009804016912
0.0869335005673198 0.259563263839646 -0.0693260762449405 0.228522688115233
-0.0171001952340444 0.249763254701861 -0.0631904110159243 0.0599225882690094
0.0328439000271922 0.194920029890705 0.159461769139419 0.0188279342447295
0.0744687425389516 0.162039509683002 0.1731769634241 -0.194107565888363
0.140176885014471 0.0990499769981577 0.0287246490985524 -0.277194736243042
0.179668124519573 0.000612390371926782 -0.0949673170120644 -0.215940629708871
0.147692700102755 -0.0844885203231651 -0.140467092520833 -0.113472991093813
0.1068976494178 -0.134282847284553 -0.122747808576886 -0.0367124729886379
0.093788980141326 -0.168997866436019 -0.0528783829403196 0.0322477964156347
0.0977991305664725 -0.173275987245027 0.0187751757669572 0.0704673022151071
0.126083936667479 -0.174447495726356 0.0771715276623558 0.137592056301469
0.192644557790123 -0.134338152414932 0.0576971898010704 0.215336341551253
0.234272887411998 -0.0196185685815462 -0.0653370650917668 0.285589168576141
0.233003886681142 0.0994156462245106 -0.176384005995543 0.242466500194326
0.18158130629473 0.217498733262528 -0.194329548742321 0.141701037815929
0.0773528390773698 0.309377675286621 -0.0635182712021719 0.131308438123745
-0.0547713115526176 0.28070056270563 -0.0476873629625732 -0.053852695989068
0.00490409454110832 0.256423987888144 0.163988762954119 -0.020761577947063
0.0772039185991344 0.235137767638579 0.205089867711575 -0.181738245182107
0.16985572637896 0.140343121732188 0.106134191491035 -0.249966969171253
0.208929498898444 0.0183058151898235 0.000818678850535953 -0.225047227508627
0.16680196827778 -0.0812000759624136 -0.0650815783493302 -0.157719667574057
0.117513668393955 -0.135647826646012 -0.0750787812631282 -0.0969967903031288
0.10230011070556 -0.164917259248521 -0.01930848019324 -0.0343552235219232
0.0991215216202586 -0.167311566210326 0.0493728726595561 0.00233179409065396
0.117364415735012 -0.173687239924689 0.125296059227525 0.0727108059077101
0.182219013110746 -0.147207488056395 0.134986828074953 0.16401092129201
0.23567374653215 -0.0392645139503423 0.023444892764652 0.280228281085224
0.244374897463491 0.101944298613555 -0.128773200977554 0.255375885196184
0.173935425983747 0.236260261888461 -0.182081448336291 0.122276098259885
0.0511833509539411 0.316818794745133 -0.0558962038299684 0.028562667087061
-0.080961865316224 0.260646624598416 -0.0246263119741234 -0.173201302690343
-0.0303613062839886 0.263305508598994 0.156996138222518 -0.0784643222537327
0.0532744519428999 0.256506674712298 0.210565564389658 -0.158949203355301
0.158136815280763 0.153687653548286 0.169768264204543 -0.191876178276367
0.194287214182813 0.0317019570395151 0.0987526566429224 -0.211477682437959
0.153525993381515 -0.0637801494584319 0.0152255131401531 -0.19091540204204
0.106925172480215 -0.116422916943107 -0.0254750555988903 -0.151570567604695
0.0965170129379562 -0.135315828086327 0.0160214301462151 -0.0952176401820546
0.0909284391776288 -0.133681222428467 0.0780271191854161 -0.0578192523224485
0.102094748547705 -0.141061457727784 0.159521439815141 0.0170454111347707
0.157952993144569 -0.120581429080474 0.184352874995331 0.115865082374416
0.208362068539945 -0.027424910783255 0.0838833075824973 0.254467546570297
0.213586360468592 0.114222477410877 -0.0892859580598713 0.241203954641308
0.128387970620606 0.23456073104031 -0.158736331060438 0.0898768594147987
0.0105331943335009 0.282411512379634 -0.0399364585853709 -0.0651899142848467
-0.0924372811553306 0.190954316456682 0.000663387249742563 -0.274224098634238
-0.0591178310207984 0.210491612152265 0.146021890158116 -0.135157605542763
0.0188317763123169 0.21427158451951 0.201403705035065 -0.134589207031461
0.10977385790207 0.125732874603727 0.211543932959897 -0.130715432375863
0.137269178270803 0.0305047128592991 0.173281027092668 -0.191077454893028
0.106935104676454 -0.0389748740487155 0.0802705597470368 -0.214978456018993
0.0748507657950158 -0.0780111620766934 0.0174291030095906 -0.194791290951557
0.0766121809902192 -0.0853609681262258 0.0464186759275349 -0.140820445972473
0.0731774062888677 -0.080936057649066 0.103930919588164 -0.097951948221253
0.0798290193345385 -0.0865792270561876 0.184915564858738 -0.0162634913311204
0.122927751007885 -0.0730169816312753 0.212393966915332 0.0883626043721234
0.161566842058551 -0.00107963635953934 0.114897367646469 0.228362344212934
0.156307797906548 0.124779382261948 -0.0608179346757353 0.211611281714811
0.0620100200230777 0.20914856011006 -0.12426139586324 0.0522975731433472
-0.0341596242577346 0.214371224982146 -0.0115976135284393 -0.136824045327984
-0.0883540097364111 0.0864049528616317 0.0193356962663813 -0.334197843659879
-0.0709091911760984 0.118353315132807 0.13561771413453 -0.169880355486427
-0.00856290184355708 0.127973373933436 0.196956476723393 -0.11517133588347
0.0476252194807572 0.0640511534420923 0.236079960166584 -0.100420136986249
0.0546112821498375 0.0174094240542668 0.20824989525128 -0.186846364117607
0.0393575944864192 -0.00869952124638789 0.110326257693936 -0.233471640551764
0.0292828717210133 -0.0265473865292616 0.0405068459422631 -0.220129606970731
0.0452128000434409 -0.0229089173220469 0.0681211434034506 -0.164454123320392
0.0449893080018074 -0.0203420190946195 0.126751698025298 -0.113921390587481
0.0466204128039504 -0.0280207932664116 0.20459539787318 -0.0234879643194345
0.0753040509548277 -0.0261788528629596 0.225352298158184 0.0854869582153723
0.105081596306011 0.0163265551960334 0.124483372374037 0.215007636831181
0.0913097383951038 0.116786114895583 -0.0437652801267942 0.185141066344262
-0.000967710302698197 0.156853695807799 -0.0897109782808336 0.0250194000574078
-0.0671884617974303 0.120493362977899 0.0248223169219088 -0.175970201826336
0.0698895574342528 -0.015086079102093 -0.0303804604416145 0.224289436416836
0.0292376436965705 -0.0738437205655763 0.137910994182902 0.0363127115724511
-0.0284828040435265 -0.0694192074151447 0.0837662335910578 -0.16997905903239
-0.033425426611168 -0.00825131764436798 -0.106799527624772 -0.251974196271892
-0.00118693457430382 -0.00717845403748045 -0.236371317506694 -0.137519789025171
0.00685562287757258 -0.0204152716285684 -0.232467371225906 3.20702234765879E-05
0.00282254825518648 -0.032545953706865 -0.18316024338665 0.101282698263302
0.000513542350507199 -0.0469907486738771 -0.107560552960878 0.176653445919326
0.00904911428891239 -0.0447517509659406 -0.0784742075871671 0.217968918477675
0.0295489744201103 -0.0328647115468819 -0.114458830121799 0.238646518420618
0.0390029021111706 -0.00957076329802881 -0.213425244038683 0.211710244563524
0.0258060059805015 0.000694284178017097 -0.283527050809772 0.127963179775433
0.0467942890373524 -0.0375641417052714 -0.248810686832568 0.09676486190151
0.0978166054659107 -0.0182655033024169 -0.229827026027076 0.17165094144823
0.101681380799471 0.0477562138706732 -0.0964407881098371 0.357313353382131
0.0507210032792786 0.0893584484010012 -0.0588632182156437 0.205229610828849
0.0444894055287056 0.0114212225002569 0.133924931370621 0.044467135106471
0.0110908424208825 -0.00867331522062073 0.0988073539997918 -0.175528883851927
0.0217132543454267 0.0162320968128081 -0.079653365593685 -0.26427618935623
0.0613850121963079 -0.0135994376536751 -0.211232573253708 -0.166913372631441
0.0583022014006926 -0.0521360756016647 -0.225120564520691 -0.0338238443236312
0.0441421718351318 -0.0794211376833802 -0.181390882091516 0.0662816009249556
0.0419185342247995 -0.106804659772088 -0.102112726102851 0.147064558240525
0.0569640737394665 -0.106042301469795 -0.0557723887227187 0.189250877624849
0.0922211162845414 -0.0880474320798526 -0.0615454319160943 0.232041208396081
0.125866097429511 -0.0363992243490558 -0.148172498681869 0.242161339762335
0.117534106121363 0.0351104412926708 -0.250886163617773 0.188986989276117
0.107037606790097 0.0517719889841209 -0.248928141826755 0.138473130384157
0.120204471536317 0.0977817888589389 -0.218549413485173 0.161126540289689
0.0908081104517388 0.174793716904804 -0.0884797775835938 0.311674639109681
0.0167458365828324 0.18431964025612 -0.0691677581536137 0.149854653861865
0.0429982312750303 0.108528938540437 0.150096120211791 0.0418087796977568
0.0456220112158025 0.0755835006794505 0.138105878981415 -0.190190441380374
0.0827490147101509 0.0568210368591147 -0.0308141668692374 -0.283617408187894
0.126451652240452 -0.00914681603706678 -0.165099364539691 -0.200286375567154
0.110883409123317 -0.0741425044811106 -0.195044053633683 -0.0763584577486202
0.084179683191571 -0.115233035290289 -0.161919357948793 0.0169282484727008
0.0765031525929102 -0.151006486804606 -0.0837890861734272 0.0962032462929575
0.0895786554109381 -0.153517412261846 -0.0204854300976842 0.139046555477808
0.126185716409207 -0.141987812688895 0.0087980768292722 0.19985930800416
0.182512706166771 -0.0880834876629238 -0.049194350110502 0.251085926521347
0.1973605675657 0.022309655173995 -0.176939180369591 0.256458102236162
0.18178368123872 0.0980977539385139 -0.230020240616103 0.196607151279286
0.154896433021771 0.182443705055286 -0.213083193140919 0.151150615531265
0.0834055880881618 0.269727413043133 -0.0797154336654083 0.232082817509663
-0.0260172125824771 0.255822107409782 -0.0637677009970183 0.0597870234511053
0.0266713803734662 0.201007589996781 0.167361058806977 0.0254494548292038
0.0711518609851529 0.170092733968957 0.186290080924539 -0.193722961222892
0.14013250079229 0.106193293112646 0.0403073197800279 -0.285887903774714
0.183854889027812 0.0050742370928849 -0.0895754992450506 -0.226686460374323
0.153598516145848 -0.0829563323874652 -0.13905818326315 -0.122519201902454
0.113750184271507 -0.135025579337868 -0.124824387117282 -0.0419832486856226
0.099928618414452 -0.172421413720835 -0.0541510490134853 0.0329726883936204
0.104871076374134 -0.176220103142924 0.0160314550101712 0.0739252429359405
0.132562766410346 -0.176020853536573 0.0761129491097603 0.143817885545755
0.199642765195503 -0.133942567361991 0.0524282684407828 0.225070974372407
0.241109228290256 -0.0133471508846384 -0.0773537148608073 0.292649338797855
0.237282296351648 0.109626458111278 -0.189096317789887 0.243434365232916
0.180338088079609 0.230165605389556 -0.20605563507413 0.139802363251751
0.0704965112810298 0.321469659938547 -0.0707000930229887 0.132028333034078
-0.0649490803117065 0.286548922989922 -0.0455416365046683 -0.0562419389498313
-0.00348635553296969 0.262768162913386 0.173077935724768 -0.0130855247032534
0.0720311307777614 0.245692615687631 0.218121692769579 -0.178399974911668
0.170089364533855 0.149604167331536 0.118937921644508 -0.254359837365698
0.21351611398439 0.0238333326387683 0.00981444716213391 -0.233579397031804
0.172817623724173 -0.0787541766239205 -0.0610874021547676 -0.165043940194953
0.124573346065555 -0.135757471439882 -0.0750603331906334 -0.101637943814775
0.109228594191444 -0.167863623870589 -0.0190239609325463 -0.0353089228954408
0.10593183887801 -0.169397757006853 0.0496091083537636 0.00401647604368266
0.123534003009611 -0.175410433889598 0.126988900587684 0.0787677163832999
0.188693527272276 -0.147116510321132 0.133091899971757 0.174698853219883
0.242310968130738 -0.0330544105580678 0.0150571040696686 0.290364080062552
0.249252810378372 0.112176062517963 -0.140387230582406 0.259663949654686
0.172031799680078 0.248246591568847 -0.192716201783365 0.11964982081772
0.0438888155148978 0.326974105593406 -0.0608912751263177 0.02623742281259
-0.0926247321008087 0.264741558408727 -0.0174145962019522 -0.178278536191461
-0.0404008111805444 0.269002260570687 0.166643693618399 -0.0723463323455263
0.047305760061203 0.266642149260673 0.222789174120222 -0.155028788680573
0.156191321680588 0.163387346803905 0.183504246967504 -0.192092318082734
0.198236580943275 0.0372118766237398 0.11057836265321 -0.216071834800656
0.15890700937746 -0.0609362419048919 0.0228003199173858 -0.1967158783416
0.112125939563242 -0.116240454786211 -0.0215363551210177 -0.156608227158084
0.102893347434895 -0.137723776579849 0.0173495886508992 -0.0974979453478605
0.0965534084039805 -0.135651447900665 0.0798714391660496 -0.0565270080688232
0.107239442997049 -0.141430188428844 0.163712316393701 0.022749719654457
0.163137870287686 -0.120439183611239 0.185348331410285 0.12674059142666
0.213247159353856 -0.0220083122582845 0.0777573569112614 0.265520696599127
0.216751354817913 0.124797017398004 -0.0986828515277589 0.245811219021622
0.124820044107714 0.245394696343548 -0.167054372937535 0.0867293979734397
0.00198227139342162 0.291275268739977 -0.0418191080738901 -0.0693320479354183
-0.101703521795402 0.192260335826845 0.0110068644716016 -0.281918115266051
-0.0679220652244975 0.213653256567903 0.156481586745025 -0.132293969339533
0.0128294866589057 0.22159115257082 0.212042181087255 -0.129700572050761
0.107985059986289 0.1328730475106 0.22420962640485 -0.127888599560424
0.13926845928323 0.0352444071977418 0.186880406842375 -0.191603120511204
0.110254625972793 -0.0366195606674291 0.0906886919625647 -0.218589125297213
0.0786601442020081 -0.0777433787970139 0.0219898043449796 -0.199488036432065
0.0815719536011772 -0.0873492490049417 0.0492728646949225 -0.143557375666256
0.0777153252449237 -0.0816390111246558 0.107547002812758 -0.0977722521006574
0.083619619641022 -0.0858589576956646 0.189745100383659 -0.010740942011227
0.126276818614188 -0.0721870154436478 0.215216020978652 0.0978948255413446
0.165135751869394 0.00348746658955107 0.111197911598574 0.239262103466672
0.15757421462929 0.133244989172022 -0.0685235030595466 0.216966995647238
0.0576502521073225 0.217672546689638 -0.130436528865798 0.048906618721221
-0.0423501493039229 0.219604208120562 -0.010210356687026 -0.141037272603515
-0.0940432172368665 0.0848106379657849 0.0323196673781217 -0.343131619923451
-0.0770506580600067 0.118329522302428 0.145559744436356 -0.16853785740149
-0.0127103362588894 0.131328273243159 0.20710960264126 -0.110097758503353
0.0457485749664595 0.067806692344637 0.250273740599693 -0.0971834480747398
0.0545885881683612 0.0192020515350004 0.221695538723444 -0.186723893359953
0.0401787074291684 -0.00703859233836544 0.121687407202952 -0.236644170113091
0.0304221842090118 -0.0253001125801926 0.0468629655724151 -0.224925994385278
0.0474353637711492 -0.0230292413399782 0.0718758311649638 -0.167452233280396
0.0474309108863639 -0.0193637694075516 0.130964554485543 -0.112839672055002
0.0484527489478024 -0.0263960805820819 0.209598605147625 -0.017542505435022
0.0768987776867367 -0.0248462784372183 0.228099639807564 0.0952053777751212
0.105993833280789 0.0204782473091241 0.120876262032429 0.225261559285969
0.0904466726198188 0.122914540223924 -0.0501172069518721 0.190417171970605
-0.00608953182470354 0.161566868004205 -0.0937768891908645 0.0214640423272876
-0.0735238267343641 0.121408600752405 0.0281227405586265 -0.179313132424342
