TRXV5
3
4
4
9
string Extension=J
integer IsArchMeasurement=1
integer IsSpherical=1
string Generator=SPM
string GeneratorVersion=1.3.1 Dev
double ArchRadius=0.449999988079071
integer FrequencyAxisIndex=0
integer AzimuthAxisIndex=1
integer ElevationAxisIndex=2
Frequency
5 201 600000000 700000000 LIN
Azimuth
7 8 0 2.74889357189107 LIN
Elevation
7 15 -2.74889357189107 2.74889357189107 LIN
Polar H Real Part
13
Polar H Imaginary Part
14
Polar V Real Part
13
Polar V Imaginary Part
14
Polar H Magnitude (dB)
12 0xC0000002 0 1
Polar H Phase
7 0xC0000003 0 1
Polar V Magnitude (dB)
12 0xC0000002 2 3
Polar V Phase
7 0xC0000003 2 3
0.0131454467773438 -0.00282192230224609 -0.0111465454101563 -0.0853042602539063
0.00642967224121094 0.0124397277832031 0.113182067871094 -0.042388916015625
0.00522613525390625 0.0196495056152344 0.198318481445313 0.08856201171875
-0.0106534957885742 0.0126762390136719 0.143722534179687 0.27911376953125
-0.0239791870117188 -0.0127582550048828 -0.150177001953125 0.341156005859375
0.00369644165039062 -0.0389938354492188 -0.4290771484375 0.17108154296875
0.0290317535400391 0.00191688537597656 -0.35723876953125 -0.0651245117187499
0.0408935546875 0.0476531982421875 0.014923095703125 0.0714035034179688
0.0385055541992188 0.02081298828125 0.423919677734375 0.14361572265625
0.0147981643676758 -0.0137052536010742 0.47003173828125 -0.190521240234375
-0.0109825134277344 -0.0132579803466797 0.094268798828125 -0.395294189453125
-0.00878477096557617 0.000362873077392579 -0.200653076171875 -0.239089965820312
0.00223159790039062 0.015202522277832 -0.213592529296875 -0.0600891113281251
0.0104398727416992 0.01446533203125 -0.08624267578125 0.072662353515625
0.0127859115600586 -0.00413608551025391 0.0358428955078125 0.0856399536132812
0.0137491226196289 -0.00212574005126953 -0.0122833251953125 -0.0852203369140625
0.00743770599365234 0.0119552612304688 0.113868713378906 -0.0436935424804688
0.00612831115722656 0.0197067260742188 0.198699951171875 0.086334228515625
-0.00988578796386719 0.0130186080932617 0.1470947265625 0.278030395507813
-0.0233078002929687 -0.0124664306640625 -0.14544677734375 0.34417724609375
0.00236892700195312 -0.0393180847167969 -0.42645263671875 0.17559814453125
0.0277366638183594 0.00110054016113281 -0.35760498046875 -0.0617370605468749
0.0387840270996094 0.0456008911132813 0.0128097534179688 0.0709152221679688
0.0372276306152344 0.0200576782226563 0.424713134765625 0.1473388671875
0.014007568359375 -0.0135011672973633 0.472900390625 -0.188323974609375
-0.0114860534667969 -0.0128974914550781 0.097991943359375 -0.394256591796875
-0.00913143157958984 0.000856399536132812 -0.197494506835938 -0.240676879882813
0.0027313232421875 0.0147466659545898 -0.213729858398438 -0.0604400634765625
0.0105981826782227 0.0144748687744141 -0.0869522094726562 0.0727386474609375
0.0144643783569336 -0.00399589538574219 0.0360260009765625 0.0854339599609375
0.0141057968139648 -0.00249481201171875 -0.0127410888671875 -0.0860366821289063
0.00715541839599609 0.0113420486450195 0.114616394042969 -0.0441970825195313
0.00597763061523437 0.0190830230712891 0.200851440429687 0.085968017578125
-0.00970268249511719 0.0137672424316406 0.149932861328125 0.27630615234375
-0.0243625640869141 -0.0116996765136719 -0.14044189453125 0.34454345703125
0.0010223388671875 -0.0393905639648438 -0.423248291015625 0.1778564453125
0.0254077911376953 -0.000946044921875 -0.35888671875 -0.060821533203125
0.0365982055664063 0.0427894592285156 0.0122261047363281 0.0701065063476563
0.034912109375 0.0196247100830078 0.423065185546875 0.149322509765625
0.0136585235595703 -0.0131778717041016 0.475250244140625 -0.184661865234375
-0.0119562149047852 -0.0125808715820312 0.100738525390625 -0.393768310546875
-0.00915908813476563 0.00185775756835938 -0.196243286132812 -0.242279052734375
0.0022125244140625 0.0146751403808594 -0.21270751953125 -0.0604400634765625
0.0106182098388672 0.0146417617797852 -0.0869064331054687 0.0737762451171875
0.0145368576049805 -0.00397109985351563 0.0365447998046875 0.0866317749023437
0.0133428573608398 -0.00249481201171875 -0.0130157470703125 -0.0859375
0.00699806213378906 0.0115871429443359 0.113677978515625 -0.0433883666992188
0.00544166564941406 0.0199508666992188 0.201995849609375 0.0851593017578125
-0.00918769836425781 0.0136528015136719 0.150436401367188 0.277023315429688
-0.0230922698974609 -0.0113372802734375 -0.13909912109375 0.344757080078125
0.000507354736328121 -0.0389022827148438 -0.421417236328125 0.178375244140625
0.0224647521972656 -0.001800537109375 -0.357818603515625 -0.06011962890625
0.0342903137207031 0.041229248046875 0.0118942260742187 0.0704116821289063
0.0335941314697266 0.0188083648681641 0.423736572265625 0.1513671875
0.0130443572998047 -0.0127067565917969 0.4764404296875 -0.1824951171875
-0.0112924575805664 -0.0118818283081055 0.103912353515625 -0.3931884765625
-0.00954246520996094 0.00260162353515625 -0.19525146484375 -0.242401123046875
0.00195026397705078 0.015477180480957 -0.212905883789062 -0.0602874755859375
0.0112714767456055 0.0135440826416016 -0.0870590209960938 0.0742111206054687
0.0149097442626953 -0.00409221649169922 0.0356216430664063 0.0872573852539062
0.0137290954589844 -0.00234127044677734 -0.0137405395507812 -0.0864334106445313
0.00595378875732422 0.0120439529418945 0.115364074707031 -0.0429229736328125
0.00526809692382812 0.0204524993896484 0.20233154296875 0.0858612060546875
-0.0101757049560547 0.0145187377929687 0.151962280273438 0.278244018554688
-0.0235004425048828 -0.0109004974365234 -0.13983154296875 0.343963623046875
-4.95910644531208E-05 -0.0384941101074219 -0.421661376953125 0.1783447265625
0.0213909149169922 -0.00273704528808594 -0.356536865234375 -0.0599060058593749
0.0320358276367187 0.0391159057617188 0.013885498046875 0.0719528198242188
0.0313625335693359 0.0177249908447266 0.424652099609375 0.152923583984375
0.0119304656982422 -0.0123672485351563 0.47686767578125 -0.1822509765625
-0.0115718841552734 -0.0117816925048828 0.101837158203125 -0.393341064453125
-0.00871706008911133 0.00182819366455078 -0.194778442382813 -0.240936279296875
0.00153827667236328 0.0156583786010742 -0.212249755859375 -0.06011962890625
0.0097808837890625 0.0145654678344727 -0.0879974365234375 0.0747146606445312
0.0142049789428711 -0.00437450408935547 0.0346527099609375 0.0877304077148438
0.0123462677001953 -0.00267124176025391 -0.0130844116210937 -0.0865936279296875
0.00557994842529297 0.0128812789916992 0.116500854492188 -0.0419921875
0.00470924377441406 0.0199604034423828 0.202590942382813 0.0873870849609375
-0.00934505462646485 0.0144367218017578 0.148666381835938 0.279937744140625
-0.0223770141601563 -0.0102977752685547 -0.142059326171875 0.343414306640625
-8.01086425781278E-05 -0.0386085510253906 -0.4229736328125 0.17474365234375
0.0204753875732422 -0.00231361389160156 -0.355438232421875 -0.06219482421875
0.0309524536132813 0.038177490234375 0.0160140991210938 0.0737152099609375
0.0312671661376953 0.0170478820800781 0.425201416015625 0.15045166015625
0.0119237899780273 -0.0120172500610352 0.47613525390625 -0.18365478515625
-0.011439323425293 -0.0111122131347656 0.10052490234375 -0.392059326171875
-0.00926685333251953 0.00230503082275391 -0.196197509765625 -0.239837646484375
0.000692367553710937 0.0157642364501953 -0.21240234375 -0.0587615966796875
0.00897026062011719 0.015620231628418 -0.087066650390625 0.0767974853515625
0.0135126113891602 -0.00433349609375 0.0341949462890625 0.0886459350585938
0.0113191604614258 -0.00282382965087891 -0.0124740600585938 -0.0882186889648438
0.00475502014160156 0.0133676528930664 0.117988586425781 -0.043182373046875
0.00525856018066406 0.0197467803955078 0.202560424804688 0.08746337890625
-0.0095367431640625 0.0149087905883789 0.14739990234375 0.281402587890625
-0.0225505828857422 -0.0105724334716797 -0.147735595703125 0.340911865234375
0.001434326171875 -0.0378608703613281 -0.427734375 0.169586181640625
0.0207481384277344 -0.00202560424804688 -0.354583740234375 -0.0637512207031251
0.0303153991699219 0.0370292663574219 0.0198898315429688 0.076080322265625
0.0310401916503906 0.0169715881347656 0.429473876953125 0.15045166015625
0.0130252838134766 -0.011479377746582 0.475250244140625 -0.184967041015625
-0.0102958679199219 -0.0112676620483398 0.095794677734375 -0.39166259765625
-0.0109052658081055 0.00237941741943359 -0.198806762695313 -0.236984252929688
0.000573158264160157 0.0165424346923828 -0.211944580078125 -0.0572967529296875
0.00795650482177735 0.0164222717285156 -0.0857086181640625 0.0778732299804687
0.0113058090209961 -0.00466060638427734 0.0362014770507813 0.0936660766601563
0.0105504989624023 -0.00323581695556641 -0.0119705200195313 -0.0889205932617187
0.00393486022949219 0.0141716003417969 0.118324279785156 -0.0406036376953125
0.00391387939453125 0.0201778411865234 0.201995849609375 0.091064453125
-0.0101203918457031 0.014134407043457 0.144073486328125 0.283050537109375
-0.0224552154541016 -0.0115222930908203 -0.150482177734375 0.34039306640625
0.00255584716796875 -0.0376968383789063 -0.428985595703125 0.1676025390625
0.0212936401367188 -0.000684738159179688 -0.353424072265625 -0.06549072265625
0.0307235717773438 0.0385017395019531 0.0218276977539063 0.0775833129882813
0.0316162109375 0.0169811248779297 0.431396484375 0.14617919921875
0.0126800537109375 -0.0107994079589844 0.470794677734375 -0.19146728515625
-0.0102443695068359 -0.0108928680419922 0.088653564453125 -0.392791748046875
-0.00887870788574219 0.00204944610595703 -0.202285766601563 -0.23651123046875
0.000605583190917967 0.0164194107055664 -0.211471557617188 -0.05474853515625
0.006317138671875 0.0167741775512695 -0.0855636596679688 0.0783843994140625
0.01025390625 -0.00516891479492188 0.0346755981445313 0.0920867919921875
0.0133552551269531 -0.00166225433349609 -0.0107955932617188 -0.0848770141601562
0.00653934478759766 0.0125598907470703 0.112876892089844 -0.0419845581054688
0.00609016418457032 0.0192489624023438 0.198226928710938 0.0873870849609375
-0.0108842849731445 0.0120735168457031 0.14349365234375 0.27703857421875
-0.0231723785400391 -0.0137977600097656 -0.14910888671875 0.34014892578125
0.00397109985351563 -0.0390853881835938 -0.4259033203125 0.169281005859375
0.0291309356689453 0.00214004516601563 -0.3555908203125 -0.064056396484375
0.0398788452148438 0.0470085144042969 0.0143966674804688 0.0716705322265625
0.0381927490234375 0.0205268859863281 0.422119140625 0.142822265625
0.0145082473754883 -0.0130081176757812 0.468017578125 -0.190521240234375
-0.0107612609863281 -0.0131740570068359 0.09381103515625 -0.39166259765625
-0.00884056091308594 0.000461578369140626 -0.199417114257813 -0.238723754882813
0.00276088714599609 0.0144767761230469 -0.213272094726562 -0.058563232421875
0.0103969573974609 0.0147275924682617 -0.08642578125 0.0731353759765625
0.0121145248413086 -0.0048065185546875 0.0362319946289063 0.0855484008789062
0.0138177871704102 -0.00226116180419922 -0.0122222900390625 -0.0849533081054688
0.00734806060791016 0.011652946472168 0.1134033203125 -0.0428924560546875
0.00572395324707031 0.0191669464111328 0.198593139648438 0.085540771484375
-0.0105714797973633 0.0128049850463867 0.147369384765625 0.275558471679688
-0.0235233306884766 -0.012420654296875 -0.144378662109375 0.34271240234375
0.0022430419921875 -0.0396461486816406 -0.42315673828125 0.1737060546875
0.0271701812744141 0.00043487548828125 -0.35577392578125 -0.0618896484374999
0.0391464233398438 0.044891357421875 0.01275634765625 0.0703964233398438
0.0369377136230469 0.0200576782226563 0.41998291015625 0.145355224609375
0.0134391784667969 -0.0132179260253906 0.46905517578125 -0.186737060546875
-0.0109729766845703 -0.0129384994506836 0.097259521484375 -0.39190673828125
-0.00898647308349609 0.000619888305664062 -0.19696044921875 -0.23870849609375
0.00254154205322266 0.0143814086914063 -0.21356201171875 -0.0594635009765625
0.0101699829101563 0.0137090682983398 -0.0873565673828125 0.072052001953125
0.0131454467773438 -0.00416278839111328 0.0360336303710937 0.0851516723632813
0.0140504837036133 -0.00274085998535156 -0.012939453125 -0.0852737426757813
0.00686931610107422 0.0116348266601562 0.113067626953125 -0.0438690185546875
0.00559425354003906 0.0188999176025391 0.199981689453125 0.08447265625
-0.0106964111328125 0.0127229690551758 0.149154663085938 0.27484130859375
-0.0237331390380859 -0.0118808746337891 -0.13995361328125 0.343292236328125
0.00109481811523437 -0.0393218994140625 -0.4195556640625 0.177642822265625
0.0245723724365234 -0.000383377075195313 -0.355499267578125 -0.0610046386718751
0.0363388061523438 0.0428924560546875 0.0117607116699219 0.0685958862304687
0.0351676940917969 0.0194053649902344 0.420257568359375 0.147796630859375
0.0127534866333008 -0.012908935546875 0.472198486328125 -0.18304443359375
-0.0113849639892578 -0.0127296447753906 0.10125732421875 -0.39154052734375
-0.00917625427246094 0.0015707015991211 -0.195068359375 -0.240203857421875
0.00280570983886719 0.0148000717163086 -0.21221923828125 -0.059539794921875
0.0111589431762695 0.013768196105957 -0.0873565673828125 0.0729293823242187
0.0141973495483398 -0.00410175323486328 0.0358200073242188 0.0867233276367187
0.0133018493652344 -0.00274467468261719 -0.0132980346679688 -0.0858306884765625
0.00702381134033203 0.0120220184326172 0.112823486328125 -0.0428085327148438
0.00604248046875 0.0194892883300781 0.20050048828125 0.084320068359375
-0.00994586944580078 0.0138425827026367 0.15093994140625 0.275390625
-0.0241031646728516 -0.0108509063720703 -0.138763427734375 0.342498779296875
0.000362396240234372 -0.0389175415039062 -0.419036865234375 0.17767333984375
0.02252197265625 -0.00193023681640625 -0.3555908203125 -0.0603942871093749
0.0337104797363281 0.0408706665039063 0.0117034912109375 0.0694770812988281
0.0332126617431641 0.0184383392333984 0.420379638671875 0.149627685546875
0.0122766494750977 -0.0132837295532227 0.473297119140625 -0.18206787109375
-0.0116596221923828 -0.0113840103149414 0.102935791015625 -0.391815185546875
-0.00883960723876953 0.00173187255859375 -0.1937255859375 -0.240798950195313
0.00189495086669922 0.014948844909668 -0.21234130859375 -0.059906005859375
0.0103721618652344 0.0141801834106445 -0.0871658325195312 0.07391357421875
0.0144205093383789 -0.00406837463378906 0.0357818603515625 0.0874786376953125
0.013707160949707 -0.00334262847900391 -0.0136947631835938 -0.08514404296875
0.00650596618652344 0.0126075744628906 0.115013122558594 -0.0427627563476563
0.00571060180664062 0.0193691253662109 0.201004028320313 0.0850067138671875
-0.0103693008422852 0.0137319564819336 0.151275634765625 0.275680541992188
-0.0233192443847656 -0.0108489990234375 -0.13916015625 0.34283447265625
0.000106811523437503 -0.0383338928222656 -0.418853759765625 0.177398681640625
0.0213775634765625 -0.0026397705078125 -0.3543701171875 -0.0604248046875
0.0317230224609375 0.03857421875 0.0133438110351562 0.0705337524414063
0.03179931640625 0.0171527862548828 0.421600341796875 0.150238037109375
0.0121746063232422 -0.0123281478881836 0.474700927734375 -0.1820068359375
-0.0110578536987305 -0.0117826461791992 0.1016845703125 -0.3907470703125
-0.00944805145263672 0.00258922576904297 -0.193649291992188 -0.239501953125
0.00167274475097656 0.0154285430908203 -0.212158203125 -0.0594024658203125
0.0102071762084961 0.0137863159179688 -0.0870437622070313 0.0747451782226563
0.0142269134521484 -0.00468254089355469 0.035308837890625 0.087646484375
0.0118808746337891 -0.00261402130126953 -0.0130767822265625 -0.0862350463867188
0.00575160980224609 0.0126113891601563 0.115852355957031 -0.0418167114257813
0.00549507141113281 0.0202064514160156 0.201339721679688 0.086090087890625
-0.0105438232421875 0.0150337219238281 0.148880004882813 0.27752685546875
-0.0234031677246094 -0.0107994079589844 -0.140838623046875 0.342803955078125
-6.48498535156284E-05 -0.037933349609375 -0.421295166015625 0.175201416015625
0.0201702117919922 -0.00280380249023438 -0.3531494140625 -0.0604858398437501
0.0304718017578125 0.0378074645996094 0.0159835815429688 0.0722427368164063
0.030487060546875 0.0169239044189453 0.4237060546875 0.150054931640625
0.0116262435913086 -0.0120172500610352 0.472747802734375 -0.18377685546875
-0.0108566284179688 -0.0111684799194336 0.098663330078125 -0.390869140625
-0.00882720947265625 0.00277423858642578 -0.194381713867187 -0.238967895507812
0.00137042999267578 0.0157699584960938 -0.2117919921875 -0.0583038330078125
0.00951862335205078 0.0146303176879883 -0.086029052734375 0.0761184692382813
0.0130233764648438 -0.00496578216552734 0.0340957641601562 0.08868408203125
0.0113239288330078 -0.00347614288330078 -0.0130996704101563 -0.0874557495117188
0.00545406341552734 0.01385498046875 0.1177978515625 -0.0428237915039063
0.00475883483886719 0.0200977325439453 0.201828002929688 0.0870513916015625
-0.0095367431640625 0.0150318145751953 0.14691162109375 0.279251098632813
-0.0233936309814453 -0.0108757019042969 -0.146881103515625 0.339874267578125
0.000431060791015624 -0.0377197265625 -0.42529296875 0.170013427734375
0.019500732421875 -0.00306129455566406 -0.35205078125 -0.0637817382812501
0.0293922424316406 0.0378837585449219 0.0190963745117188 0.0757293701171875
0.0301628112792969 0.016815185546875 0.426025390625 0.149017333984375
0.0124530792236328 -0.0120820999145508 0.471832275390625 -0.185699462890625
-0.0109729766845703 -0.0114536285400391 0.09521484375 -0.389556884765625
-0.00966358184814453 0.00245475769042969 -0.198394775390625 -0.235305786132813
0.000569343566894531 0.0158176422119141 -0.210983276367187 -0.0558624267578125
0.00824260711669922 0.0158300399780273 -0.0849533081054688 0.0786972045898437
0.0114068984985352 -0.00419521331787109 0.0357818603515625 0.0928726196289062
0.0102319717407227 -0.00346183776855469 -0.0123748779296875 -0.0883026123046875
0.00328159332275391 0.0137672424316406 0.118446350097656 -0.0409088134765625
0.00447273254394531 0.0200996398925781 0.20068359375 0.08929443359375
-0.0102119445800781 0.0148086547851563 0.14404296875 0.281158447265625
-0.0223369598388672 -0.0112247467041016 -0.14971923828125 0.338775634765625
0.00272750854492187 -0.0373802185058594 -0.42645263671875 0.16668701171875
0.0211124420166016 -0.00109481811523438 -0.351898193359375 -0.064910888671875
0.0304298400878906 0.0382728576660156 0.0215911865234375 0.07672119140625
0.0315322875976563 0.0173435211181641 0.42828369140625 0.145599365234375
0.0121994018554687 -0.0108280181884766 0.4678955078125 -0.190185546875
-0.0110177993774414 -0.0111579895019531 0.088165283203125 -0.390380859375
-0.00909328460693359 0.00219821929931641 -0.199874877929687 -0.233047485351563
0.000736236572265626 0.0162858963012695 -0.211456298828125 -0.0543670654296875
0.00738906860351562 0.0173149108886719 -0.0841903686523438 0.0786590576171875
0.0100288391113281 -0.00512790679931641 0.0338973999023438 0.0912628173828125
0.0130023956298828 -0.00225353240966797 -0.0111846923828125 -0.0850677490234375
0.00693130493164063 0.0126619338989258 0.11273193359375 -0.0419845581054688
0.00590896606445312 0.0191192626953125 0.197052001953125 0.086578369140625
-0.0109491348266602 0.0119504928588867 0.142807006835937 0.2762451171875
-0.0231609344482422 -0.0132217407226562 -0.148834228515625 0.33843994140625
0.003173828125 -0.0390052795410156 -0.42437744140625 0.169097900390625
0.028228759765625 0.00219345092773438 -0.35235595703125 -0.0644226074218749
0.0403556823730469 0.0464935302734375 0.0139389038085938 0.07037353515625
0.0377349853515625 0.0209922790527344 0.420196533203125 0.1424560546875
0.0144863128662109 -0.0130481719970703 0.46624755859375 -0.189300537109375
-0.0110034942626953 -0.0131597518920898 0.0943603515625 -0.39117431640625
-0.00919246673583984 0.000178337097167967 -0.19818115234375 -0.236679077148438
0.00240421295166016 0.0143823623657227 -0.213424682617188 -0.0584869384765625
0.0103244781494141 0.0138578414916992 -0.0863494873046875 0.0725631713867188
0.0121488571166992 -0.00465965270996094 0.035491943359375 0.0849685668945313
0.013585090637207 -0.00229644775390625 -0.0118255615234375 -0.0843505859375
0.00746059417724609 0.0118904113769531 0.11260986328125 -0.042877197265625
0.00599479675292969 0.0193080902099609 0.1982421875 0.0846405029296875
-0.0101633071899414 0.013087272644043 0.145706176757813 0.273590087890625
-0.0239982604980469 -0.0125446319580078 -0.14312744140625 0.33929443359375
0.00185394287109375 -0.0389480590820313 -0.42059326171875 0.174224853515625
0.0268192291259766 0.00122642517089844 -0.3536376953125 -0.062408447265625
0.0379104614257813 0.0450477600097656 0.0118637084960937 0.06884765625
0.0364303588867188 0.0202407836914063 0.419097900390625 0.144866943359375
0.0138015747070313 -0.0129337310791016 0.46826171875 -0.1851806640625
-0.0113029479980469 -0.013300895690918 0.097747802734375 -0.390960693359375
-0.00904178619384766 0.000119209289550782 -0.196502685546875 -0.23907470703125
0.00218009948730469 0.0144968032836914 -0.212615966796875 -0.0592041015625
0.0106563568115234 0.0133771896362305 -0.0872879028320313 0.0723800659179687
0.0125217437744141 -0.00449180603027344 0.03558349609375 0.0856094360351562
0.0133867263793945 -0.00255680084228516 -0.0127334594726563 -0.0852127075195313
0.00727367401123047 0.0117588043212891 0.11322021484375 -0.0439071655273438
0.00606346130371094 0.0190010070800781 0.198776245117188 0.0836639404296875
-0.01031494140625 0.0127019882202148 0.148651123046875 0.273818969726563
-0.0236778259277344 -0.0110397338867187 -0.139923095703125 0.340972900390625
0.00070953369140625 -0.0385475158691406 -0.41864013671875 0.177337646484375
0.0240592956542969 -0.000751495361328125 -0.353759765625 -0.0601806640625
0.0359268188476563 0.0420913696289063 0.0109748840332031 0.067901611328125
0.0344696044921875 0.0193233489990234 0.418182373046875 0.148773193359375
0.0124988555908203 -0.0129032135009766 0.469451904296875 -0.18292236328125
-0.0114860534667969 -0.0125961303710938 0.101409912109375 -0.38958740234375
-0.00870656967163086 0.00143241882324219 -0.194061279296875 -0.2396240234375
0.00244903564453125 0.0146570205688477 -0.21246337890625 -0.0589752197265625
0.0106840133666992 0.0139913558959961 -0.0868453979492188 0.0729446411132813
0.0138864517211914 -0.00417804718017578 0.0353546142578125 0.0863113403320313
0.0134210586547852 -0.00261974334716797 -0.0132064819335938 -0.0851516723632813
0.00733089447021484 0.0125093460083008 0.113571166992188 -0.0430755615234375
0.00587844848632813 0.0194225311279297 0.199600219726563 0.0832366943359375
-0.00966072082519531 0.0134258270263672 0.149002075195313 0.27294921875
-0.0232219696044922 -0.0107440948486328 -0.137542724609375 0.341339111328125
-0.000293731689453126 -0.0387153625488281 -0.41741943359375 0.1776123046875
0.0221538543701172 -0.00157737731933594 -0.35260009765625 -0.06060791015625
0.0332260131835938 0.0401573181152344 0.0114059448242187 0.0686454772949219
0.0327606201171875 0.0183277130126953 0.418365478515625 0.14935302734375
0.0123605728149414 -0.0122318267822266 0.4710693359375 -0.180694580078125
-0.0113372802734375 -0.0117406845092773 0.10308837890625 -0.3890380859375
-0.00910186767578125 0.00205707550048828 -0.193527221679688 -0.239532470703125
0.002349853515625 0.0148830413818359 -0.21234130859375 -0.059783935546875
0.0109786987304688 0.0131616592407227 -0.08673095703125 0.0732955932617187
0.0140504837036133 -0.00430488586425781 0.0352783203125 0.0861053466796875
0.0129108428955078 -0.00275230407714844 -0.013092041015625 -0.0854263305664063
0.00681304931640625 0.0124502182006836 0.113685607910156 -0.04217529296875
0.0060272216796875 0.0196056365966797 0.200653076171875 0.0845489501953125
-0.0100374221801758 0.0146694183349609 0.150970458984375 0.27410888671875
-0.0233669281005859 -0.0106086730957031 -0.137725830078125 0.342315673828125
-0.000205993652343748 -0.0384635925292969 -0.418792724609375 0.1763916015625
0.0200977325439453 -0.00276374816894531 -0.35186767578125 -0.060546875
0.0316963195800781 0.0384597778320313 0.0126228332519531 0.0693893432617188
0.0306396484375 0.0173912048339844 0.41949462890625 0.150054931640625
0.0120391845703125 -0.0119552612304688 0.471771240234375 -0.18060302734375
-0.0113496780395508 -0.0110559463500977 0.10235595703125 -0.3890380859375
-0.0091705322265625 0.00234317779541015 -0.193405151367188 -0.238555908203125
0.00157737731933594 0.0149288177490234 -0.211761474609375 -0.0586395263671875
0.0101184844970703 0.0141181945800781 -0.0869674682617188 0.0746307373046875
0.0135049819946289 -0.00429630279541016 0.0344085693359375 0.0877838134765625
0.0120611190795898 -0.0027008056640625 -0.013397216796875 -0.0856399536132813
0.00638103485107422 0.0133152008056641 0.115371704101563 -0.0414962768554688
0.00515937805175781 0.0198822021484375 0.20098876953125 0.0853118896484375
-0.010136604309082 0.0149669647216797 0.148605346679687 0.276718139648438
-0.023712158203125 -0.0103740692138672 -0.139678955078125 0.34088134765625
-0.000408172607421878 -0.037811279296875 -0.41876220703125 0.173492431640625
0.0199317932128906 -0.00276947021484375 -0.351593017578125 -0.0609130859375
0.0298957824707031 0.0375251770019531 0.0150527954101563 0.07171630859375
0.0304527282714844 0.0168857574462891 0.421478271484375 0.14947509765625
0.0115432739257813 -0.0121288299560547 0.47003173828125 -0.18267822265625
-0.0109567642211914 -0.0111103057861328 0.09906005859375 -0.388885498046875
-0.00921630859375 0.00208473205566406 -0.194793701171875 -0.2371826171875
0.00142955780029297 0.0152902603149414 -0.211105346679688 -0.0581817626953125
0.00934219360351562 0.0146684646606445 -0.0867767333984375 0.0755386352539063
0.0127220153808594 -0.00504493713378906 0.03350830078125 0.08843994140625
0.0113763809204102 -0.00400924682617188 -0.0125732421875 -0.0874404907226563
0.00620651245117188 0.0135860443115234 0.116874694824219 -0.043182373046875
0.00528717041015625 0.019622802734375 0.200958251953125 0.0860748291015625
-0.0102481842041016 0.014643669128418 0.14678955078125 0.277633666992188
-0.0231571197509766 -0.0113201141357422 -0.145416259765625 0.33782958984375
0.00086212158203125 -0.0372543334960938 -0.424163818359375 0.169586181640625
0.0194358825683594 -0.00249290466308594 -0.350677490234375 -0.06317138671875
0.0296630859375 0.0371513366699219 0.0185775756835938 0.0743637084960938
0.0307655334472656 0.0162086486816406 0.424530029296875 0.147979736328125
0.0124654769897461 -0.011103630065918 0.47052001953125 -0.18359375
-0.0101547241210937 -0.0111274719238281 0.0953369140625 -0.388916015625
-0.00981521606445313 0.00310230255126953 -0.197418212890625 -0.234710693359375
0.000992774963378907 0.0160465240478516 -0.210586547851563 -0.0554656982421875
0.00817203521728516 0.0159063339233398 -0.0849380493164063 0.0775375366210937
0.0104846954345703 -0.00445365905761719 0.035919189453125 0.093048095703125
0.0102252960205078 -0.00317096710205078 -0.0120010375976563 -0.0877227783203125
0.00415515899658203 0.0145893096923828 0.117660522460938 -0.0402145385742187
0.00455284118652344 0.0201587677001953 0.199981689453125 0.087860107421875
-0.0102128982543945 0.0142383575439453 0.144058227539063 0.28033447265625
-0.0227603912353516 -0.0112037658691406 -0.14935302734375 0.336578369140625
0.0018463134765625 -0.0370941162109375 -0.424713134765625 0.165802001953125
0.02032470703125 -0.00106430053710938 -0.348602294921875 -0.0643615722656251
0.0303840637207031 0.0376472473144531 0.0211105346679688 0.0761566162109375
0.0311126708984375 0.0173606872558594 0.426055908203125 0.14398193359375
0.0123939514160156 -0.0110855102539063 0.465911865234375 -0.1888427734375
-0.0108280181884766 -0.01123046875 0.088470458984375 -0.38873291015625
-0.00945472717285156 0.00240421295166016 -0.1993408203125 -0.232070922851562
0.000844955444335938 0.0160140991210938 -0.211105346679688 -0.053863525390625
0.00713443756103516 0.0164031982421875 -0.0847015380859375 0.0780868530273438
0.00930404663085938 -0.00537967681884766 0.0343093872070313 0.091278076171875
0.0128164291381836 -0.00269889831542969 -0.01092529296875 -0.0840225219726563
0.0068817138671875 0.0128240585327148 0.113075256347656 -0.0414199829101563
0.00665473937988281 0.0192604064941406 0.1966552734375 0.085968017578125
-0.0107202529907227 0.0119304656982422 0.141845703125 0.274734497070313
-0.0231380462646484 -0.0131778717041016 -0.14862060546875 0.337127685546875
0.00342941284179688 -0.0392684936523438 -0.422607421875 0.168212890625
0.0273017883300781 0.0024871826171875 -0.3533935546875 -0.065460205078125
0.0396003723144531 0.0461235046386719 0.0127410888671875 0.0695915222167969
0.037628173828125 0.020660400390625 0.416107177734375 0.142730712890625
0.0144987106323242 -0.0126132965087891 0.46588134765625 -0.187713623046875
-0.0113363265991211 -0.0127172470092773 0.09405517578125 -0.3897705078125
-0.00899696350097656 6.96182250976576E-05 -0.196731567382813 -0.237274169921875
0.00315189361572266 0.0139093399047852 -0.213302612304688 -0.05853271484375
0.0105428695678711 0.0145301818847656 -0.08673095703125 0.0725936889648438
0.011378288269043 -0.00560188293457031 0.0351943969726562 0.0853958129882812
0.0132122039794922 -0.00287246704101563 -0.011627197265625 -0.0840606689453125
0.00738143920898438 0.0118379592895508 0.112968444824219 -0.0423736572265625
0.00601387023925781 0.0193042755126953 0.197418212890625 0.0836639404296875
-0.0113000869750977 0.0118331909179687 0.145370483398438 0.274429321289062
-0.0238456726074219 -0.0118751525878906 -0.1434326171875 0.339019775390625
0.00127410888671875 -0.0388908386230469 -0.42083740234375 0.173126220703125
0.0258808135986328 0.00125503540039063 -0.353240966796875 -0.06298828125
0.0381698608398437 0.0448226928710938 0.0120506286621094 0.0674095153808594
0.0368843078613281 0.0201606750488281 0.41680908203125 0.14508056640625
0.0145978927612305 -0.0117740631103516 0.46734619140625 -0.184600830078125
-0.0119028091430664 -0.0133790969848633 0.097808837890625 -0.389495849609375
-0.00912857055664063 0.000995635986328125 -0.193634033203125 -0.238449096679688
0.00284099578857422 0.0145101547241211 -0.212646484375 -0.0591583251953125
0.010340690612793 0.0133581161499023 -0.0872573852539063 0.0721435546875
0.0130701065063477 -0.00404739379882813 0.0345077514648438 0.0849609375
0.0136632919311523 -0.00325870513916016 -0.0128173828125 -0.0844345092773437
0.00763511657714844 0.0116786956787109 0.112922668457031 -0.0426025390625
0.00688934326171875 0.0191402435302734 0.19830322265625 0.08258056640625
-0.0109319686889648 0.0133647918701172 0.147430419921875 0.27313232421875
-0.0238685607910156 -0.0114803314208984 -0.139739990234375 0.34039306640625
0.0005950927734375 -0.0389633178710938 -0.417724609375 0.175506591796875
0.0231990814208984 -0.000551223754882813 -0.353485107421875 -0.0618591308593749
0.0359153747558594 0.0421524047851563 0.0104522705078125 0.067138671875
0.0340099334716797 0.0193614959716797 0.416290283203125 0.148162841796875
0.0124969482421875 -0.0127859115600586 0.468902587890625 -0.180419921875
-0.0112342834472656 -0.0127496719360352 0.1026611328125 -0.3883056640625
-0.0089426040649414 0.00103759765625 -0.193389892578125 -0.238525390625
0.0027008056640625 0.0137214660644531 -0.211929321289062 -0.0590667724609375
0.0113840103149414 0.0128593444824219 -0.087066650390625 0.0729598999023438
0.0132217407226563 -0.00446319580078125 0.03533935546875 0.0861053466796875
0.0130033493041992 -0.00281524658203125 -0.0130538940429688 -0.084625244140625
0.00701236724853516 0.012669563293457 0.113273620605469 -0.0427322387695313
0.00607681274414062 0.0193824768066406 0.200271606445313 0.0828704833984375
-0.0100183486938477 0.0136432647705078 0.15008544921875 0.27362060546875
-0.023590087890625 -0.0106277465820312 -0.13824462890625 0.3399658203125
-0.00109481811523437 -0.0387802124023438 -0.41583251953125 0.175994873046875
0.0220527648925781 -0.00177192687988281 -0.35211181640625 -0.0606384277343751
0.0324440002441406 0.0399131774902344 0.0111007690429688 0.0673904418945312
0.0321559906005859 0.0182380676269531 0.415802001953125 0.149169921875
0.012181282043457 -0.0125141143798828 0.469818115234375 -0.179931640625
-0.0109481811523438 -0.0122346878051758 0.104522705078125 -0.3885498046875
-0.00870656967163086 0.00154352188110352 -0.19189453125 -0.239105224609375
0.00226783752441406 0.0141668319702148 -0.21136474609375 -0.0588531494140625
0.0111360549926758 0.0142202377319336 -0.0870742797851563 0.073455810546875
0.0140247344970703 -0.00372123718261719 0.034027099609375 0.0864639282226563
0.0128574371337891 -0.00300502777099609 -0.013031005859375 -0.084686279296875
0.00652790069580078 0.012751579284668 0.11431884765625 -0.0423355102539063
0.00589561462402344 0.0196418762207031 0.200027465820313 0.084381103515625
-0.0104455947875977 0.014338493347168 0.14990234375 0.273834228515625
-0.0237350463867188 -0.0107345581054688 -0.13897705078125 0.341217041015625
-0.000514984130859376 -0.0379562377929687 -0.41717529296875 0.17584228515625
0.0199451446533203 -0.00241279602050781 -0.35211181640625 -0.061492919921875
0.0312156677246094 0.0384521484375 0.0123138427734375 0.0690956115722656
0.0312252044677734 0.0175323486328125 0.417755126953125 0.1507568359375
0.0114545822143555 -0.0121192932128906 0.47076416015625 -0.1783447265625
-0.0112686157226563 -0.0111713409423828 0.102386474609375 -0.3876953125
-0.00846481323242188 0.00234079360961914 -0.1923828125 -0.238052368164063
0.00208663940429688 0.0140924453735352 -0.211471557617188 -0.0585784912109375
0.0100841522216797 0.0140047073364258 -0.086822509765625 0.0744400024414062
0.01385498046875 -0.00479030609130859 0.0336532592773437 0.0871963500976563
0.012028694152832 -0.00291252136230469 -0.0132064819335937 -0.0851058959960938
0.00653266906738281 0.0131978988647461 0.11541748046875 -0.0415725708007813
0.00485038757324219 0.0192203521728516 0.200714111328125 0.08538818359375
-0.0106658935546875 0.0141677856445313 0.14794921875 0.27642822265625
-0.0232505798339844 -0.0109500885009766 -0.1397705078125 0.33917236328125
-0.000942230224609373 -0.0375595092773437 -0.41925048828125 0.17218017578125
0.0194816589355469 -0.00275611877441406 -0.350372314453125 -0.061798095703125
0.0294532775878906 0.0367584228515625 0.0142669677734375 0.0705795288085938
0.029998779296875 0.01702880859375 0.418670654296875 0.14990234375
0.0114583969116211 -0.011688232421875 0.469329833984375 -0.181549072265625
-0.011296272277832 -0.0113630294799805 0.09942626953125 -0.38763427734375
-0.00853872299194336 0.00217676162719727 -0.193954467773438 -0.237014770507813
0.00161552429199219 0.0155372619628906 -0.2119140625 -0.0576171875
0.00896263122558594 0.0144615173339844 -0.086639404296875 0.075225830078125
0.0124235153198242 -0.005279541015625 0.0333404541015625 0.0884170532226563
0.010685920715332 -0.00366115570068359 -0.0122528076171875 -0.0868988037109375
0.00642490386962891 0.0138072967529297 0.117286682128906 -0.042205810546875
0.00484085083007813 0.0187263488769531 0.200057983398438 0.0849609375
-0.0100021362304688 0.0145626068115234 0.145614624023438 0.27752685546875
-0.0230541229248047 -0.0110893249511719 -0.14642333984375 0.33660888671875
0.000846862792968752 -0.037078857421875 -0.422515869140625 0.167938232421875
0.0196704864501953 -0.00209808349609375 -0.34979248046875 -0.064697265625
0.029266357421875 0.0368919372558594 0.0179214477539062 0.0738525390625
0.0303020477294922 0.0165119171142578 0.42169189453125 0.1490478515625
0.0122413635253906 -0.0111885070800781 0.469207763671875 -0.180938720703125
-0.011591911315918 -0.0109710693359375 0.0960693359375 -0.38690185546875
-0.00932502746582031 0.00245571136474609 -0.195541381835938 -0.233535766601563
0.0010671615600586 0.0156278610229492 -0.210830688476563 -0.0549774169921875
0.00830459594726562 0.0158615112304687 -0.0858230590820313 0.07733154296875
0.0104646682739258 -0.00462818145751953 0.0359268188476563 0.0924911499023437
0.0100622177124023 -0.00349807739257813 -0.0120925903320312 -0.08721923828125
0.00446510314941406 0.0150470733642578 0.11798095703125 -0.0402755737304688
0.00435066223144531 0.01953125 0.199493408203125 0.0872344970703125
-0.0102920532226562 0.0144433975219727 0.14166259765625 0.279067993164063
-0.0223541259765625 -0.0114841461181641 -0.14898681640625 0.336181640625
0.00202560424804688 -0.036407470703125 -0.423492431640625 0.16400146484375
0.0198707580566406 -0.000469207763671875 -0.3480224609375 -0.065338134765625
0.0298347473144531 0.0374565124511719 0.0203094482421875 0.075042724609375
0.0301494598388672 0.0171318054199219 0.4229736328125 0.14404296875
0.0112733840942383 -0.010441780090332 0.463714599609375 -0.18804931640625
-0.0104217529296875 -0.0106239318847656 0.08941650390625 -0.387542724609375
-0.0091238021850586 0.00207424163818359 -0.198928833007813 -0.232711791992188
0.000565528869628907 0.0162267684936523 -0.211181640625 -0.053497314453125
0.00759696960449219 0.0161247253417969 -0.0843734741210937 0.0777664184570313
0.00866842269897461 -0.00595855712890625 0.033477783203125 0.0918121337890625
0.0127124786376953 -0.00213146209716797 -0.0107269287109375 -0.0842208862304688
0.00717449188232422 0.0128240585327148 0.11297607421875 -0.0411300659179688
0.00608634948730469 0.0190658569335938 0.195648193359375 0.0865325927734375
-0.0106134414672852 0.0116539001464844 0.14227294921875 0.274703979492188
-0.0239734649658203 -0.0135097503662109 -0.149200439453125 0.33599853515625
0.00262069702148437 -0.0380935668945313 -0.42327880859375 0.1673583984375
0.0276260375976563 0.00242996215820313 -0.3514404296875 -0.0670166015625
0.0392990112304688 0.045867919921875 0.012725830078125 0.069366455078125
0.0378913879394531 0.0199661254882813 0.415008544921875 0.143341064453125
0.0132951736450195 -0.0123300552368164 0.46490478515625 -0.186187744140625
-0.0114622116088867 -0.0135631561279297 0.09521484375 -0.390167236328125
-0.00911521911621094 0.000460624694824217 -0.196319580078125 -0.2359619140625
0.00239849090576172 0.0140085220336914 -0.213409423828125 -0.057403564453125
0.0109310150146484 0.0143089294433594 -0.0868606567382813 0.0718231201171875
0.0114841461181641 -0.00504684448242188 0.0346298217773437 0.0856781005859375
0.0131082534790039 -0.00304889678955078 -0.01141357421875 -0.084503173828125
0.00782012939453125 0.0123977661132813 0.113014221191406 -0.0422515869140625
0.00648689270019531 0.0189094543457031 0.197235107421875 0.0841522216796875
-0.0103759765625 0.0119705200195313 0.145736694335937 0.27410888671875
-0.0234928131103516 -0.0131435394287109 -0.145355224609375 0.3382568359375
0.00139617919921875 -0.0380935668945313 -0.42095947265625 0.1710205078125
0.0260353088378906 0.00135231018066406 -0.3515625 -0.0640869140624999
0.0379257202148438 0.0442047119140625 0.0108299255371094 0.067108154296875
0.0361824035644531 0.0194969177246094 0.41448974609375 0.145050048828125
0.0131912231445313 -0.0131511688232422 0.467742919921875 -0.183868408203125
-0.0113058090209961 -0.0126123428344727 0.098388671875 -0.38934326171875
-0.00887393951416015 0.000701904296874998 -0.19378662109375 -0.237411499023437
0.00284385681152344 0.0138311386108398 -0.21295166015625 -0.0591888427734375
0.0115165710449219 0.0138826370239258 -0.0872650146484375 0.0720138549804687
0.0122222900390625 -0.00445556640625 0.0348129272460937 0.0854949951171875
0.0133438110351563 -0.00278949737548828 -0.0121841430664063 -0.0848922729492188
0.00832176208496094 0.0126953125 0.113014221191406 -0.0426483154296875
0.00642013549804687 0.0182285308837891 0.199066162109375 0.08270263671875
-0.00999259948730469 0.0134420394897461 0.14801025390625 0.272598266601563
-0.0246543884277344 -0.0117378234863281 -0.139984130859375 0.33935546875
2.28881835937461E-05 -0.038116455078125 -0.41796875 0.173553466796875
0.0228118896484375 -0.000278472900390625 -0.353057861328125 -0.062225341796875
0.0359764099121094 0.0426177978515625 0.00970840454101563 0.0673065185546875
0.0350475311279297 0.0185718536376953 0.415069580078125 0.148712158203125
0.0128726959228516 -0.0119295120239258 0.469482421875 -0.180084228515625
-0.0110788345336914 -0.012730598449707 0.1026611328125 -0.388885498046875
-0.00896167755126953 0.00137901306152344 -0.192092895507812 -0.238540649414063
0.00198745727539062 0.0134792327880859 -0.212478637695312 -0.058990478515625
0.0108413696289063 0.0127439498901367 -0.086944580078125 0.0721588134765625
0.0131950378417969 -0.00436687469482422 0.03424072265625 0.0860671997070313
0.0125217437744141 -0.00347518920898438 -0.01287841796875 -0.0846405029296875
0.00761318206787109 0.0122451782226563 0.113655090332031 -0.0421905517578125
0.00582122802734375 0.0192546844482422 0.19927978515625 0.0829010009765625
-0.0108451843261719 0.0133228302001953 0.149276733398438 0.271728515625
-0.0243816375732422 -0.0111274719238281 -0.139190673828125 0.3394775390625
-0.000385284423828122 -0.0387039184570312 -0.416412353515625 0.1748046875
0.0213775634765625 -0.00172615051269531 -0.351287841796875 -0.0615844726562499
0.0323295593261719 0.0396842956542969 0.00968551635742188 0.0671806335449219
0.0323925018310547 0.0179691314697266 0.415191650390625 0.14923095703125
0.0117759704589844 -0.0121192932128906 0.4696044921875 -0.177886962890625
-0.0113706588745117 -0.0114755630493164 0.104827880859375 -0.387451171875
-0.0082087516784668 0.00165462493896484 -0.190994262695313 -0.239410400390625
0.00227737426757812 0.0145587921142578 -0.212326049804687 -0.059051513671875
0.0112361907958984 0.013606071472168 -0.0869903564453125 0.0736846923828125
0.0133905410766602 -0.00445938110351563 0.0340957641601563 0.0869522094726563
0.0128326416015625 -0.00278377532958984 -0.012939453125 -0.0849075317382813
0.00767421722412109 0.012578010559082 0.114273071289063 -0.04168701171875
0.00600433349609375 0.0188159942626953 0.199996948242188 0.08343505859375
-0.0102214813232422 0.0143613815307617 0.149520874023438 0.273483276367187
-0.0239467620849609 -0.0107612609863281 -0.138885498046875 0.34039306640625
-0.000762939453125002 -0.0377044677734375 -0.4171142578125 0.17376708984375
0.0199298858642578 -0.00206375122070312 -0.350555419921875 -0.0623168945312501
0.0309524536132813 0.0377464294433594 0.0117301940917969 0.0680580139160156
0.0306663513183594 0.0176010131835938 0.41644287109375 0.150726318359375
0.0116147994995117 -0.0120449066162109 0.47052001953125 -0.177703857421875
-0.0107135772705078 -0.0112514495849609 0.104736328125 -0.387939453125
-0.008636474609375 0.00196409225463867 -0.191680908203125 -0.237777709960937
0.00202178955078125 0.014251708984375 -0.211944580078125 -0.058624267578125
0.0104684829711914 0.0140190124511719 -0.0876998901367188 0.074188232421875
0.0135250091552734 -0.00483417510986328 0.0339431762695313 0.0878982543945313
0.0117368698120117 -0.0027313232421875 -0.0132980346679688 -0.0852890014648438
0.00638198852539063 0.013218879699707 0.115623474121094 -0.040679931640625
0.00516700744628907 0.0196399688720703 0.200164794921875 0.0848541259765625
-0.0104427337646484 0.0142135620117187 0.147674560546875 0.275543212890625
-0.0232734680175781 -0.0110359191894531 -0.141632080078125 0.339447021484375
-0.000881195068359372 -0.0371284484863281 -0.41851806640625 0.171539306640625
0.0189437866210937 -0.00239944458007812 -0.34881591796875 -0.063018798828125
0.0293998718261719 0.0370063781738281 0.0138702392578125 0.0703811645507812
0.0301914215087891 0.0167636871337891 0.417236328125 0.151031494140625
0.0106391906738281 -0.0109529495239258 0.46868896484375 -0.179656982421875
-0.0114917755126953 -0.0109519958496094 0.100860595703125 -0.388031005859375
-0.00863218307495117 0.00177192687988281 -0.192962646484375 -0.236770629882813
0.00108718872070313 0.0150012969970703 -0.211654663085937 -0.0571136474609375
0.00915050506591797 0.014866828918457 -0.0866470336914063 0.0750656127929688
0.0118598937988281 -0.00535202026367188 0.0333404541015625 0.088348388671875
0.0110340118408203 -0.00376415252685547 -0.0118408203125 -0.086639404296875
0.00666236877441406 0.0142803192138672 0.11822509765625 -0.041168212890625
0.00484657287597656 0.0192089080810547 0.199661254882813 0.0849761962890625
-0.0105056762695313 0.0140171051025391 0.145553588867187 0.276397705078125
-0.0233058929443359 -0.0107975006103516 -0.14739990234375 0.3365478515625
-1.52587890625018E-05 -0.0362510681152344 -0.42266845703125 0.166351318359375
0.0193595886230469 -0.00256919860839844 -0.348236083984375 -0.06524658203125
0.0291595458984375 0.03680419921875 0.0173187255859375 0.0734176635742188
0.0300788879394531 0.0162620544433594 0.420684814453125 0.149200439453125
0.0116863250732422 -0.0110206604003906 0.469482421875 -0.180450439453125
-0.0101413726806641 -0.0111179351806641 0.0965576171875 -0.386566162109375
-0.00922393798828125 0.00265216827392578 -0.1956787109375 -0.234146118164063
0.000858306884765624 0.0153121948242188 -0.210983276367188 -0.05535888671875
0.00867843627929688 0.0152597427368164 -0.0858917236328125 0.0768203735351563
0.00974559783935547 -0.00433063507080078 0.0353622436523438 0.0925445556640625
0.0103874206542969 -0.00420665740966797 -0.0122451782226563 -0.0872802734375
0.00487899780273438 0.0152854919433594 0.118072509765625 -0.0397415161132813
0.00406074523925781 0.0195026397705078 0.19903564453125 0.08697509765625
-0.0106735229492188 0.0145483016967773 0.141769409179688 0.278732299804688
-0.0229701995849609 -0.0114536285400391 -0.1502685546875 0.3355712890625
0.00200653076171875 -0.0366401672363281 -0.42413330078125 0.162017822265625
0.0199966430664063 -0.00102806091308594 -0.347015380859375 -0.0659179687500001
0.0301628112792969 0.0367393493652344 0.0203323364257813 0.0745849609375
0.0306987762451172 0.0171051025390625 0.421783447265625 0.145111083984375
0.0120763778686523 -0.0109891891479492 0.464752197265625 -0.1866455078125
-0.0109233856201172 -0.0109901428222656 0.09063720703125 -0.387237548828125
-0.00909805297851563 0.00204658508300781 -0.19842529296875 -0.23272705078125
0.000865936279296874 0.0149917602539063 -0.211334228515625 -0.0536041259765625
0.00785255432128906 0.0161867141723633 -0.085113525390625 0.078094482421875
0.00842571258544922 -0.00579547882080078 0.0336761474609375 0.0912704467773438
0.0126991271972656 -0.00299263000488281 -0.0107498168945313 -0.083953857421875
0.00707912445068359 0.0129566192626953 0.114234924316406 -0.040924072265625
0.00545883178710938 0.0192241668701172 0.1961669921875 0.085662841796875
-0.0112972259521484 0.0114231109619141 0.142562866210938 0.275222778320313
-0.023651123046875 -0.01324462890625 -0.150421142578125 0.33660888671875
0.00261306762695312 -0.0382919311523438 -0.425140380859375 0.165802001953125
0.0272464752197266 0.0028228759765625 -0.351715087890625 -0.06683349609375
0.0384597778320313 0.0456199645996094 0.0124740600585938 0.0682563781738281
0.0378761291503906 0.0207786560058594 0.41461181640625 0.14483642578125
0.0133819580078125 -0.011836051940918 0.46697998046875 -0.18524169921875
-0.0110769271850586 -0.0134000778198242 0.097259521484375 -0.3900146484375
-0.00942420959472656 -7.34329223632828E-05 -0.195709228515625 -0.237335205078125
0.00319194793701172 0.0138683319091797 -0.214630126953125 -0.0586090087890625
0.0105171203613281 0.0141468048095703 -0.08709716796875 0.07244873046875
0.0105619430541992 -0.00512123107910156 0.0345687866210938 0.0854110717773437
0.0131120681762695 -0.00266647338867188 -0.0112457275390625 -0.0840377807617188
0.00802993774414063 0.0124406814575195 0.11444091796875 -0.042266845703125
0.00645065307617188 0.018890380859375 0.19775390625 0.0845489501953125
-0.0107030868530273 0.0121612548828125 0.144805908203125 0.274139404296875
-0.0245513916015625 -0.0122432708740234 -0.14495849609375 0.337554931640625
0.001556396484375 -0.0380058288574219 -0.42156982421875 0.17010498046875
0.0251846313476563 0.000852584838867188 -0.352203369140625 -0.065887451171875
0.0366744995117188 0.0437583923339844 0.0105781555175781 0.0669593811035156
0.036041259765625 0.0200729370117188 0.414794921875 0.148040771484375
0.0134239196777344 -0.0123872756958008 0.467864990234375 -0.18280029296875
-0.0115594863891602 -0.0125350952148437 0.101043701171875 -0.389862060546875
-0.009033203125 0.00019550323486328 -0.1937255859375 -0.2384033203125
0.00239086151123047 0.0137138366699219 -0.213607788085937 -0.0593719482421875
0.0108308792114258 0.0131750106811523 -0.0880203247070313 0.0716018676757813
0.0120267868041992 -0.00477027893066406 0.0341873168945313 0.0857086181640625
0.0132465362548828 -0.00256824493408203 -0.0116195678710937 -0.0851898193359375
0.00772285461425781 0.0123844146728516 0.113876342773438 -0.042510986328125
0.00611305236816406 0.018951416015625 0.197723388671875 0.082977294921875
-0.0108118057250977 0.0127105712890625 0.147552490234375 0.273330688476563
-0.0242691040039063 -0.0121994018554688 -0.14178466796875 0.33966064453125
-0.00012969970703125 -0.0382919311523438 -0.41900634765625 0.17266845703125
0.0235996246337891 -0.000133514404296875 -0.351165771484375 -0.0628662109375001
0.034332275390625 0.0422019958496094 0.00986099243164063 0.065826416015625
0.0339031219482422 0.0190639495849609 0.41387939453125 0.15106201171875
0.0124778747558594 -0.0120201110839844 0.470611572265625 -0.1790771484375
-0.0108413696289062 -0.0128259658813477 0.10498046875 -0.388336181640625
-0.00868129730224609 0.000532150268554689 -0.192108154296875 -0.239532470703125
0.002197265625 0.0136756896972656 -0.213714599609375 -0.0595703125
0.0114812850952148 0.0137453079223633 -0.0879440307617188 0.0723114013671875
0.0122308731079102 -0.00488948822021484 0.0338592529296875 0.0862045288085938
0.0132465362548828 -0.00291633605957031 -0.0124282836914063 -0.084930419921875
0.00779438018798828 0.0126419067382813 0.114402770996094 -0.0420074462890625
0.0064544677734375 0.0186233520507813 0.198989868164063 0.08306884765625
-0.01116943359375 0.0134782791137695 0.148574829101563 0.273483276367188
-0.0238780975341797 -0.0112075805664062 -0.139739990234375 0.33990478515625
-0.000396728515625003 -0.0378494262695313 -0.417327880859375 0.17333984375
0.0212993621826172 -0.00132942199707031 -0.351409912109375 -0.06243896484375
0.032073974609375 0.0395011901855469 0.00970077514648438 0.0670890808105469
0.0325984954833984 0.018280029296875 0.41455078125 0.151123046875
0.0119514465332031 -0.0121097564697266 0.47161865234375 -0.175811767578125
-0.0111608505249023 -0.0116186141967773 0.107086181640625 -0.388916015625
-0.00841903686523438 0.00197410583496094 -0.191192626953125 -0.240036010742188
0.00242328643798828 0.014063835144043 -0.213119506835938 -0.0593109130859375
0.0111274719238281 0.013885498046875 -0.0888519287109375 0.0734024047851563
0.0128374099731445 -0.00447177886962891 0.0334014892578125 0.08697509765625
0.0123291015625 -0.00304794311523438 -0.0127792358398438 -0.0849075317382813
0.00738906860351563 0.0132846832275391 0.1146240234375 -0.0416717529296875
0.00514984130859375 0.019073486328125 0.20001220703125 0.0839691162109375
-0.0111808776855469 0.0136938095092773 0.1492919921875 0.274261474609375
-0.02435302734375 -0.0115795135498047 -0.140594482421875 0.3394775390625
-0.00118637084960938 -0.0373344421386719 -0.417755126953125 0.17236328125
0.0192337036132813 -0.00222587585449219 -0.3509521484375 -0.062957763671875
0.0300216674804688 0.037567138671875 0.0110931396484375 0.0678863525390625
0.0309505462646484 0.0173110961914063 0.4150390625 0.15264892578125
0.0111351013183594 -0.0121231079101563 0.471923828125 -0.17767333984375
-0.0113325119018555 -0.0115089416503906 0.10595703125 -0.388214111328125
-0.00852537155151367 0.00171470642089844 -0.190994262695312 -0.239166259765625
0.00157356262207031 0.0148792266845703 -0.21240234375 -0.0587615966796875
0.010279655456543 0.0136947631835938 -0.0882034301757813 0.074005126953125
0.0127849578857422 -0.00464057922363281 0.0330581665039063 0.087677001953125
0.0114603042602539 -0.00326728820800781 -0.0127334594726562 -0.0850296020507813
0.00711345672607422 0.0135402679443359 0.115455627441406 -0.0406417846679687
0.00564002990722656 0.0191516876220703 0.200286865234375 0.085174560546875
-0.0104618072509766 0.0140600204467773 0.146255493164062 0.2767333984375
-0.0236091613769531 -0.0109729766845703 -0.143280029296875 0.33905029296875
-0.00112152099609375 -0.0370559692382813 -0.418975830078125 0.169281005859375
0.0186882019042969 -0.00207901000976563 -0.34906005859375 -0.06500244140625
0.0285224914550781 0.0365333557128906 0.0133285522460938 0.07000732421875
0.0294437408447266 0.0165863037109375 0.41656494140625 0.151519775390625
0.0110597610473633 -0.0112571716308594 0.469940185546875 -0.17864990234375
-0.0112247467041016 -0.011199951171875 0.1029052734375 -0.387542724609375
-0.00917148590087891 0.00250530242919922 -0.193008422851563 -0.237930297851562
0.00105381011962891 0.0145654678344727 -0.211898803710937 -0.057281494140625
0.00959396362304687 0.0142755508422852 -0.0872879028320313 0.07525634765625
0.0115108489990234 -0.0050811767578125 0.0322341918945313 0.0886154174804688
0.0109443664550781 -0.00405502319335938 -0.0118637084960937 -0.08636474609375
0.00656223297119141 0.0140647888183594 0.117698669433594 -0.041717529296875
0.00504684448242188 0.0181961059570313 0.200759887695313 0.0853271484375
-0.0106830596923828 0.0138578414916992 0.145156860351562 0.277267456054688
-0.0238628387451172 -0.0104789733886719 -0.1480712890625 0.336639404296875
-5.3405761718752E-05 -0.0365219116210938 -0.42437744140625 0.1649169921875
0.0191192626953125 -0.00189590454101563 -0.349212646484375 -0.06768798828125
0.0286216735839844 0.036895751953125 0.0169830322265625 0.0721359252929688
0.0296955108642578 0.0163707733154297 0.4193115234375 0.150634765625
0.0118007659912109 -0.0105714797973633 0.469573974609375 -0.18035888671875
-0.0104045867919922 -0.0107965469360352 0.09930419921875 -0.387725830078125
-0.00991058349609375 0.00196743011474609 -0.1953125 -0.235275268554688
0.000697135925292967 0.0152606964111328 -0.2122802734375 -0.0553436279296875
0.00892829895019531 0.0152816772460937 -0.0860061645507812 0.0766143798828125
0.0101308822631836 -0.00433444976806641 0.03436279296875 0.0934600830078125
0.00951099395751953 -0.00342369079589844 -0.01171875 -0.0871810913085938
0.00512790679931641 0.0151128768920898 0.118362426757812 -0.0395660400390625
0.00428009033203125 0.0194435119628906 0.199935913085938 0.088226318359375
-0.011235237121582 0.013789176940918 0.141616821289063 0.280044555664063
-0.0231208801269531 -0.0113239288330078 -0.15167236328125 0.335052490234375
0.00149154663085937 -0.0362930297851563 -0.4248046875 0.16241455078125
0.0198078155517578 -1.71661376953125E-05 -0.34783935546875 -0.0675048828125
0.0290451049804688 0.0371932983398438 0.0192031860351562 0.0738906860351563
0.0297317504882812 0.0169906616210938 0.422515869140625 0.146942138671875
0.0121870040893555 -0.0101594924926758 0.465972900390625 -0.18499755859375
-0.0109329223632813 -0.0106058120727539 0.091217041015625 -0.3880615234375
-0.00834894180297852 0.00215482711791992 -0.197647094726562 -0.232437133789063
0.000875473022460937 0.0156135559082031 -0.212142944335938 -0.0541534423828125
0.00763320922851563 0.0166778564453125 -0.0855865478515625 0.0781631469726562
0.00804758071899414 -0.00649452209472656 0.0333786010742187 0.0915985107421875
0.012547492980957 -0.00243759155273438 -0.00995635986328125 -0.0841140747070313
0.00768947601318359 0.0134677886962891 0.114776611328125 -0.0409774780273438
0.00625419616699219 0.0189228057861328 0.196533203125 0.0865936279296875
-0.011103630065918 0.0119638442993164 0.142959594726562 0.27581787109375
-0.0238265991210937 -0.0131130218505859 -0.151397705078125 0.33660888671875
0.00207138061523437 -0.0374755859375 -0.426483154296875 0.164306640625
0.0268058776855469 0.00242805480957031 -0.35162353515625 -0.0683593750000001
0.0381965637207031 0.0453758239746094 0.0114669799804687 0.0678138732910156
0.0373497009277344 0.0210533142089844 0.41497802734375 0.146881103515625
0.0136938095092773 -0.0120925903320312 0.468048095703125 -0.184722900390625
-0.0113801956176758 -0.012939453125 0.09912109375 -0.39178466796875
-0.00861358642578125 0.000191688537597657 -0.19586181640625 -0.238616943359375
0.00327491760253906 0.013885498046875 -0.215179443359375 -0.058441162109375
0.0108232498168945 0.014063835144043 -0.0879135131835937 0.0719833374023438
0.0100126266479492 -0.00516033172607422 0.0338973999023437 0.0861282348632813
0.0127811431884766 -0.00294017791748047 -0.0109481811523437 -0.083953857421875
0.00819587707519531 0.0130529403686523 0.114051818847656 -0.0420684814453125
0.00621223449707031 0.0184535980224609 0.19793701171875 0.0842742919921875
-0.0112285614013672 0.0119533538818359 0.14398193359375 0.275604248046875
-0.0244503021240234 -0.0123538970947266 -0.147857666015625 0.337646484375
0.000934600830078122 -0.0383224487304688 -0.422119140625 0.169830322265625
0.0246315002441406 0.00124549865722656 -0.352874755859375 -0.066680908203125
0.0363616943359375 0.0433311462402344 0.00981140136718751 0.0663375854492187
0.0362663269042969 0.0202407836914063 0.41436767578125 0.148590087890625
0.0125389099121094 -0.0120725631713867 0.470916748046875 -0.181793212890625
-0.0116109848022461 -0.0133228302001953 0.10479736328125 -0.390960693359375
-0.00834226608276367 0.000429630279541015 -0.194168090820313 -0.239959716796875
0.00276660919189453 0.0135469436645508 -0.214813232421875 -0.0590362548828125
0.0113859176635742 0.0139245986938477 -0.0887603759765625 0.0725021362304688
0.0118293762207031 -0.00462245941162109 0.0341262817382813 0.0858535766601563
0.0128955841064453 -0.00333595275878906 -0.0119781494140625 -0.0844345092773438
0.00827693939208985 0.0125484466552734 0.114509582519531 -0.0419540405273438
0.00576019287109375 0.0187301635742188 0.199386596679688 0.083465576171875
-0.0109071731567383 0.0128135681152344 0.148117065429688 0.274002075195313
-0.0244712829589844 -0.0122432708740234 -0.142608642578125 0.341156005859375
0.000144958496093747 -0.0377006530761719 -0.42059326171875 0.17236328125
0.0225982666015625 -0.00014495849609375 -0.35333251953125 -0.0648803710937501
0.0345611572265625 0.0418510437011719 0.00881195068359374 0.0657463073730469
0.0334854125976563 0.0191822052001953 0.41375732421875 0.151702880859375
0.012333869934082 -0.01177978515625 0.472015380859375 -0.177337646484375
-0.011627197265625 -0.0124301910400391 0.105804443359375 -0.390411376953125
-0.00879573822021484 0.000718116760253908 -0.19183349609375 -0.240249633789063
0.00296783447265625 0.0134458541870117 -0.21453857421875 -0.0598602294921875
0.0113201141357422 0.01373291015625 -0.0883712768554687 0.0724945068359375
0.0128202438354492 -0.00501060485839844 0.0336837768554688 0.087310791015625
0.0131425857543945 -0.00284385681152344 -0.0121383666992187 -0.0849761962890625
0.00813865661621094 0.0126066207885742 0.114555358886719 -0.0414276123046875
0.00645065307617188 0.0185394287109375 0.199295043945313 0.083099365234375
-0.0103435516357422 0.0134267807006836 0.148529052734375 0.273880004882813
-0.02435302734375 -0.0108795166015625 -0.1412353515625 0.34124755859375
-0.00112533569335937 -0.0383529663085938 -0.419189453125 0.173675537109375
0.0206413269042969 -0.00180435180664063 -0.3526611328125 -0.064971923828125
0.0325584411621094 0.0389404296875 0.00925445556640625 0.0658340454101563
0.0324630737304687 0.0179595947265625 0.414642333984375 0.15289306640625
0.0121097564697266 -0.0112876892089844 0.47296142578125 -0.175933837890625
-0.011378288269043 -0.0119047164916992 0.10821533203125 -0.3902587890625
-0.00880050659179688 0.00129222869873047 -0.190704345703125 -0.240646362304688
0.00206661224365234 0.0139255523681641 -0.214096069335938 -0.0599212646484375
0.0109739303588867 0.013239860534668 -0.0889434814453125 0.073028564453125
0.0122995376586914 -0.00462627410888672 0.033172607421875 0.0872726440429688
0.0124225616455078 -0.00345134735107422 -0.0129852294921875 -0.084716796875
0.007415771484375 0.0135202407836914 0.115745544433594 -0.0410003662109375
0.00554466247558594 0.0191402435302734 0.200515747070313 0.0837554931640625
-0.0111732482910156 0.0144968032836914 0.149337768554688 0.275466918945313
-0.0244483947753906 -0.0106391906738281 -0.141937255859375 0.3404541015625
-0.00139999389648438 -0.0373573303222656 -0.420196533203125 0.172760009765625
0.0192375183105469 -0.00201225280761719 -0.35235595703125 -0.065185546875
0.0297279357910156 0.0376091003417969 0.0106773376464844 0.067474365234375
0.0304336547851562 0.0169754028320312 0.415191650390625 0.154022216796875
0.0113067626953125 -0.0115242004394531 0.473876953125 -0.175323486328125
-0.0115718841552734 -0.0112142562866211 0.10699462890625 -0.3896484375
-0.0085139274597168 0.00163459777832031 -0.191635131835938 -0.239547729492188
0.00154209136962891 0.0140590667724609 -0.214141845703125 -0.058990478515625
0.0108270645141602 0.0135984420776367 -0.0888595581054688 0.0740203857421875
0.0120248794555664 -0.00488471984863281 0.0324020385742188 0.088043212890625
0.012054443359375 -0.00313663482666016 -0.0123672485351563 -0.08563232421875
0.00654983520507813 0.0137319564819336 0.116737365722656 -0.0402984619140625
0.00538444519042969 0.0192680358886719 0.201202392578125 0.085601806640625
-0.0118951797485352 0.0140924453735352 0.146820068359375 0.277801513671875
-0.0241184234619141 -0.0111217498779297 -0.14447021484375 0.33990478515625
-0.00115966796875 -0.0373497009277344 -0.421051025390625 0.1697998046875
0.0185775756835937 -0.00196266174316406 -0.350341796875 -0.066192626953125
0.0286331176757812 0.0365180969238281 0.0128097534179687 0.0697860717773437
0.0298099517822266 0.0167446136474609 0.41680908203125 0.153961181640625
0.0115022659301758 -0.0112600326538086 0.471038818359375 -0.177703857421875
-0.0108871459960937 -0.0113296508789063 0.10540771484375 -0.388702392578125
-0.00832033157348633 0.00161361694335937 -0.192001342773437 -0.238632202148438
0.00135707855224609 0.0149908065795898 -0.213790893554688 -0.0579986572265625
0.00965976715087891 0.0147809982299805 -0.0882110595703125 0.0755233764648438
0.0115642547607422 -0.00518131256103516 0.0318832397460937 0.08984375
0.0101509094238281 -0.00363445281982422 -0.0115966796875 -0.0876235961914063
0.00679683685302734 0.0149669647216797 0.119094848632813 -0.0409698486328125
0.00529098510742188 0.0187473297119141 0.200698852539063 0.0859375
-0.0110445022583008 0.0143394470214844 0.145065307617187 0.278701782226563
-0.0240039825439453 -0.0109500885009766 -0.14892578125 0.33697509765625
3.81469726562479E-05 -0.0364761352539063 -0.42578125 0.164794921875
0.018402099609375 -0.00142288208007813 -0.34979248046875 -0.067718505859375
0.0284500122070313 0.0362205505371094 0.0168838500976563 0.0724029541015625
0.0297412872314453 0.0166492462158203 0.41998291015625 0.15130615234375
0.0116891860961914 -0.0106306076049805 0.471221923828125 -0.17926025390625
-0.0105915069580078 -0.010676383972168 0.100067138671875 -0.388885498046875
-0.00891494750976563 0.00252437591552734 -0.194747924804687 -0.235198974609375
0.000722885131835939 0.0152816772460938 -0.213409423828125 -0.0557098388671875
0.00893592834472656 0.0154838562011719 -0.0869293212890625 0.0775833129882813
0.00941085815429687 -0.00483798980712891 0.034698486328125 0.0937347412109375
0.00987625122070313 -0.00352382659912109 -0.0116958618164063 -0.087310791015625
0.00534439086914062 0.0151996612548828 0.119400024414063 -0.038665771484375
0.00432586669921875 0.0194339752197266 0.199111938476563 0.0880126953125
-0.0104808807373047 0.0139141082763672 0.141921997070313 0.280593872070313
-0.0232887268066406 -0.0114459991455078 -0.1533203125 0.335662841796875
0.00139236450195313 -0.0363616943359375 -0.42620849609375 0.160736083984375
0.0195541381835938 -0.0001068115234375 -0.3482666015625 -0.06903076171875
0.0287094116210937 0.0367431640625 0.0186386108398438 0.0741500854492188
0.0300655364990234 0.0166873931884766 0.422210693359375 0.148162841796875
0.0121927261352539 -0.0106992721557617 0.467010498046875 -0.1846923828125
-0.0109081268310547 -0.0111579895019531 0.0933837890625 -0.388641357421875
-0.00895214080810547 0.00148677825927734 -0.197647094726562 -0.234466552734375
0.00133705139160156 0.0153274536132812 -0.213241577148438 -0.0534515380859375
0.00810718536376953 0.0159616470336914 -0.0862197875976563 0.0781784057617187
0.00790977478027344 -0.00603151321411133 0.0333404541015625 0.0929641723632813
0.0125045776367188 -0.00288867950439453 -0.0104293823242187 -0.0837783813476563
0.00745868682861328 0.0132503509521484 0.116119384765625 -0.0411453247070312
0.0066680908203125 0.0182876586914062 0.198272705078125 0.0858001708984375
-0.0119447708129883 0.0118007659912109 0.141647338867188 0.278244018554688
-0.0240192413330078 -0.0135612487792969 -0.153533935546875 0.33721923828125
0.00191116333007813 -0.0377159118652344 -0.429168701171875 0.16473388671875
0.0268592834472656 0.00303459167480469 -0.352996826171875 -0.070281982421875
0.0382461547851562 0.0454216003417969 0.0120582580566406 0.067626953125
0.0376243591308594 0.0211830139160156 0.415283203125 0.148284912109375
0.0140104293823242 -0.0113515853881836 0.470550537109375 -0.18499755859375
-0.0119895935058594 -0.0132780075073242 0.100433349609375 -0.39300537109375
-0.00887298583984375 -0.000583648681640624 -0.1968994140625 -0.24029541015625
0.00248050689697266 0.0136928558349609 -0.216995239257813 -0.0582122802734375
0.0107641220092773 0.0143890380859375 -0.089111328125 0.0727462768554687
0.00967693328857422 -0.0051116943359375 0.0343551635742188 0.085906982421875
0.0122194290161133 -0.00306320190429687 -0.0107498168945313 -0.08453369140625
0.00745582580566406 0.01336669921875 0.115753173828125 -0.0412216186523438
0.00596427917480469 0.0188636779785156 0.199249267578125 0.08465576171875
-0.0119180679321289 0.0121145248413086 0.145645141601563 0.27642822265625
-0.024200439453125 -0.0126132965087891 -0.14874267578125 0.340301513671875
0.00107955932617187 -0.0374603271484375 -0.42584228515625 0.168609619140625
0.0244865417480469 0.00128555297851563 -0.3531494140625 -0.0672607421875
0.0365486145019531 0.0441169738769531 0.008758544921875 0.0663490295410156
0.0360450744628906 0.0200309753417969 0.41552734375 0.1500244140625
0.0133562088012695 -0.0123662948608398 0.47296142578125 -0.181182861328125
-0.0119733810424805 -0.0145101547241211 0.104888916015625 -0.392822265625
-0.00855350494384766 0.000483036041259764 -0.194137573242188 -0.2418212890625
0.00281429290771484 0.0136070251464844 -0.215988159179688 -0.059814453125
0.0113086700439453 0.0131893157958984 -0.0898590087890625 0.0724258422851563
0.0115280151367188 -0.00482654571533203 0.0336685180664063 0.0858612060546875
0.0122861862182617 -0.00294780731201172 -0.0110549926757812 -0.08453369140625
0.00833225250244141 0.0125007629394531 0.115882873535156 -0.0414352416992188
0.00644493103027344 0.0186653137207031 0.199798583984375 0.0841827392578125
-0.0108747482299805 0.0127706527709961 0.147903442382813 0.27667236328125
-0.0247554779052734 -0.0122852325439453 -0.145477294921875 0.3421630859375
0.000236511230468749 -0.0374603271484375 -0.4229736328125 0.171875
0.0229434967041016 -0.0001983642578125 -0.355072021484375 -0.066436767578125
0.0351982116699219 0.0417900085449219 0.00850677490234375 0.065460205078125
0.0346889495849609 0.0196151733398438 0.413665771484375 0.153350830078125
0.0126056671142578 -0.0121374130249023 0.47576904296875 -0.17803955078125
-0.0112810134887695 -0.01251220703125 0.108184814453125 -0.393096923828125
-0.00947284698486328 0.000929832458496092 -0.191543579101563 -0.242523193359375
0.00249385833740234 0.0137548446655273 -0.215316772460938 -0.059539794921875
0.0118198394775391 0.0126781463623047 -0.0894927978515625 0.0735015869140625
0.0120582580566406 -0.00395011901855469 0.033599853515625 0.0874099731445313
0.0122852325439453 -0.0039825439453125 -0.0123062133789062 -0.0849609375
0.00790786743164063 0.0130767822265625 0.115684509277344 -0.04205322265625
0.00585746765136718 0.0190811157226562 0.200408935546875 0.0837860107421875
-0.0113277435302734 0.0136394500732422 0.149139404296875 0.276992797851563
-0.0243072509765625 -0.0115623474121094 -0.142364501953125 0.341583251953125
-0.000511169433593748 -0.0375137329101563 -0.421783447265625 0.172119140625
0.0202407836914063 -0.00108146667480469 -0.352752685546875 -0.0666809082031249
0.0320663452148438 0.0389289855957031 0.00858306884765625 0.0665092468261719
0.0326175689697266 0.0181293487548828 0.41497802734375 0.15423583984375
0.0113945007324219 -0.011993408203125 0.475372314453125 -0.175750732421875
-0.0113229751586914 -0.0120925903320312 0.1099853515625 -0.39154052734375
-0.00884151458740234 0.00108242034912109 -0.192001342773437 -0.243255615234375
0.00201416015625 0.0139293670654297 -0.215621948242188 -0.06005859375
0.0119543075561523 0.0125579833984375 -0.0904006958007813 0.0736846923828125
0.0120077133178711 -0.00424957275390625 0.0331954956054688 0.0873184204101563
0.012385368347168 -0.00292491912841797 -0.0126190185546875 -0.0853195190429688
0.00801467895507813 0.0134124755859375 0.116661071777344 -0.0411224365234375
0.00594902038574219 0.0188865661621094 0.2015380859375 0.084747314453125
-0.0112447738647461 0.0143604278564453 0.149215698242188 0.276718139648438
-0.0247268676757813 -0.0106258392333984 -0.1436767578125 0.3416748046875
-0.00160980224609375 -0.0368309020996094 -0.42218017578125 0.171966552734375
0.0189456939697266 -0.00150299072265625 -0.352203369140625 -0.0658569335937501
0.0299186706542969 0.0375633239746094 0.0100059509277344 0.0670700073242187
0.0307140350341797 0.0175933837890625 0.416534423828125 0.1556396484375
0.011627197265625 -0.011138916015625 0.47613525390625 -0.175048828125
-0.0116376876831055 -0.0121936798095703 0.10992431640625 -0.391845703125
-0.00863313674926758 0.00179481506347656 -0.1912841796875 -0.241851806640625
0.00177001953125 0.0140190124511719 -0.215087890625 -0.0595245361328125
0.010706901550293 0.0138998031616211 -0.0893096923828125 0.0748367309570313
0.0122203826904297 -0.00506401062011719 0.0316848754882813 0.0888824462890625
0.0112714767456055 -0.00332832336425781 -0.0123748779296875 -0.08575439453125
0.00679683685302735 0.0143394470214844 0.118331909179688 -0.0396194458007813
0.00508499145507813 0.0195064544677734 0.20208740234375 0.0856170654296875
-0.0115995407104492 0.0140600204467773 0.14739990234375 0.27862548828125
-0.0240764617919922 -0.0105133056640625 -0.1456298828125 0.340850830078125
-0.00142288208007812 -0.0371437072753906 -0.42425537109375 0.16888427734375
0.0183734893798828 -0.00223159790039063 -0.351837158203125 -0.0669860839843749
0.0287857055664062 0.0367393493652344 0.012725830078125 0.0690574645996094
0.0299911499023438 0.0162944793701172 0.4168701171875 0.154937744140625
0.01104736328125 -0.0105199813842773 0.4744873046875 -0.177764892578125
-0.0112171173095703 -0.0112838745117188 0.106536865234375 -0.390869140625
-0.00843954086303711 0.00174713134765625 -0.192596435546875 -0.24029541015625
0.00150680541992188 0.0141868591308594 -0.215652465820313 -0.058563232421875
0.00989532470703125 0.0145969390869141 -0.0891265869140625 0.0755767822265625
0.011052131652832 -0.00552177429199219 0.0320968627929688 0.0899581909179688
0.0102691650390625 -0.00388908386230469 -0.011749267578125 -0.0878677368164063
0.00677680969238281 0.014958381652832 0.1197509765625 -0.0413589477539063
0.00475120544433594 0.0187015533447266 0.201583862304688 0.0855255126953125
-0.0112361907958984 0.0144186019897461 0.145706176757812 0.28082275390625
-0.0241432189941406 -0.0102691650390625 -0.15045166015625 0.338897705078125
-0.000373840332031248 -0.0359420776367188 -0.428955078125 0.164306640625
0.0181293487548828 -0.00219345092773438 -0.35125732421875 -0.07000732421875
0.0283775329589844 0.0361289978027344 0.0159683227539063 0.0714797973632813
0.0296802520751953 0.0171070098876953 0.420562744140625 0.154510498046875
0.0116453170776367 -0.0107536315917969 0.474273681640625 -0.17816162109375
-0.0107507705688477 -0.01080322265625 0.101898193359375 -0.390167236328125
-0.00932788848876953 0.00223159790039062 -0.1951904296875 -0.237991333007813
0.00091552734375 0.0150833129882812 -0.214996337890625 -0.0561065673828125
0.00888538360595703 0.015589714050293 -0.0874099731445313 0.0773391723632813
0.00845050811767578 -0.00474405288696289 0.03387451171875 0.093994140625
0.0090789794921875 -0.00406932830810547 -0.0115966796875 -0.0877532958984375
0.00576305389404297 0.0153236389160156 0.120254516601563 -0.0392532348632813
0.00379753112792969 0.0189590454101563 0.200225830078125 0.0884246826171875
-0.011113166809082 0.01422119140625 0.14178466796875 0.2823486328125
-0.0239295959472656 -0.0115833282470703 -0.155670166015625 0.33831787109375
0.000286102294921877 -0.03619384765625 -0.428558349609375 0.161163330078125
0.0188426971435547 -0.000749588012695313 -0.349578857421875 -0.0712280273437499
0.0287933349609375 0.0368614196777344 0.0185623168945313 0.0739288330078125
0.0305538177490234 0.0172367095947266 0.423095703125 0.14971923828125
0.0116233825683594 -0.010162353515625 0.470245361328125 -0.183502197265625
-0.0107564926147461 -0.0108318328857422 0.094940185546875 -0.39178466796875
-0.00911903381347656 0.00242137908935547 -0.198226928710938 -0.235763549804687
0.00090503692626953 0.0155153274536133 -0.214828491210937 -0.054351806640625
0.00793647766113281 0.0158147811889648 -0.0865020751953125 0.078094482421875
0.00786209106445313 -0.00579261779785156 0.032501220703125 0.0930023193359375
0.0119905471801758 -0.00296688079833984 -0.00946807861328125 -0.0848541259765625
0.00754547119140625 0.0144071578979492 0.11712646484375 -0.0408172607421875
0.0055084228515625 0.0187282562255859 0.198776245117188 0.0876617431640625
-0.011744499206543 0.0119514465332031 0.142608642578125 0.28125
-0.0246162414550781 -0.0137481689453125 -0.155517578125 0.34100341796875
0.00184249877929687 -0.0378074645996094 -0.43243408203125 0.165313720703125
0.0269660949707031 0.00311660766601562 -0.355712890625 -0.07159423828125
0.0378189086914063 0.0460357666015625 0.0109176635742188 0.06787109375
0.0375213623046875 0.020843505859375 0.418243408203125 0.14996337890625
0.0145368576049805 -0.0116157531738281 0.47412109375 -0.185699462890625
-0.011962890625 -0.0138225555419922 0.102630615234375 -0.39599609375
-0.00839710235595703 -0.000563144683837891 -0.196762084960938 -0.24212646484375
0.00283622741699219 0.0132112503051758 -0.21881103515625 -0.059112548828125
0.0114154815673828 0.014251708984375 -0.0903091430664062 0.0730514526367188
0.0101480484008789 -0.00518894195556641 0.033782958984375 0.086883544921875
0.012263298034668 -0.00306129455566406 -0.0105133056640625 -0.0848770141601562
0.00897789001464844 0.0134696960449219 0.11737060546875 -0.0416259765625
0.006195068359375 0.0184726715087891 0.200820922851562 0.086029052734375
-0.0115423202514648 0.0123500823974609 0.145156860351563 0.2799072265625
-0.0253334045410156 -0.0135822296142578 -0.150054931640625 0.34307861328125
0.00117111206054688 -0.0377960205078125 -0.430633544921875 0.169830322265625
0.0245132446289063 0.00159645080566406 -0.3568115234375 -0.069732666015625
0.0362167358398437 0.0441398620605469 0.00936508178710937 0.0666122436523438
0.03668212890625 0.0200119018554688 0.418060302734375 0.153106689453125
0.0129356384277344 -0.0116252899169922 0.477752685546875 -0.18096923828125
-0.0116901397705078 -0.0137434005737305 0.1063232421875 -0.3963623046875
-0.00876569747924805 -0.000256061553955077 -0.194229125976563 -0.243728637695313
0.00216865539550781 0.0139665603637695 -0.2186279296875 -0.06036376953125
0.011754035949707 0.0141811370849609 -0.09027099609375 0.0723876953125
0.0115108489990234 -0.0045623779296875 0.0330352783203125 0.0881271362304688
0.0125398635864258 -0.00369167327880859 -0.0115814208984375 -0.0859451293945313
0.00852680206298828 0.0131063461303711 0.116889953613281 -0.0425643920898438
0.00602912902832031 0.0186939239501953 0.201324462890625 0.084228515625
-0.0117673873901367 0.0127325057983398 0.149093627929687 0.278228759765625
-0.0251064300537109 -0.0118732452392578 -0.14605712890625 0.34368896484375
1.14440917968724E-05 -0.0375518798828125 -0.428070068359375 0.172454833984375
0.0226593017578125 -6.4849853515625E-05 -0.356842041015625 -0.0669555664062501
0.034027099609375 0.042572021484375 0.00821304321289063 0.06549072265625
0.0342273712158203 0.0198764801025391 0.41766357421875 0.155029296875
0.0126810073852539 -0.0117301940917969 0.479339599609375 -0.178375244140625
-0.0121955871582031 -0.0126218795776367 0.11126708984375 -0.39605712890625
-0.0081019401550293 0.000803947448730467 -0.193618774414063 -0.244827270507813
0.00312423706054688 0.0134849548339844 -0.217910766601563 -0.0602874755859375
0.0115385055541992 0.0133743286132812 -0.0908889770507813 0.0739517211914063
0.0117874145507813 -0.00449562072753906 0.0334243774414063 0.0883331298828125
0.0124015808105469 -0.00228118896484375 -0.0118255615234375 -0.0857086181640625
0.00854969024658203 0.0142002105712891 0.117195129394531 -0.0411224365234375
0.00655555725097656 0.0190372467041016 0.202651977539063 0.0841217041015625
-0.0119533538818359 0.013310432434082 0.14923095703125 0.278396606445313
-0.0252437591552734 -0.0115032196044922 -0.1451416015625 0.3438720703125
-0.00120162963867187 -0.0375938415527344 -0.426483154296875 0.172698974609375
0.0210990905761719 -0.00072479248046875 -0.356719970703125 -0.0679321289062499
0.0320816040039063 0.0395927429199219 0.00870895385742187 0.066314697265625
0.0330142974853516 0.01788330078125 0.416534423828125 0.15618896484375
0.0116376876831055 -0.0121192932128906 0.4794921875 -0.176116943359375
-0.0121335983276367 -0.0124053955078125 0.111358642578125 -0.394622802734375
-0.00805425643920898 0.00159645080566406 -0.192169189453125 -0.24468994140625
0.00192356109619141 0.0138788223266602 -0.217864990234375 -0.060394287109375
0.0115604400634766 0.0136756896972656 -0.0913314819335938 0.074066162109375
0.0120048522949219 -0.00436496734619141 0.0326080322265625 0.0890045166015625
0.0124149322509766 -0.00382900238037109 -0.011993408203125 -0.0853958129882813
0.00826454162597656 0.0138473510742187 0.118110656738281 -0.0410003662109375
0.00577926635742187 0.0191650390625 0.202987670898438 0.085418701171875
-0.0113649368286133 0.0143747329711914 0.150146484375 0.279190063476563
-0.0249252319335938 -0.0107688903808594 -0.145782470703125 0.343902587890625
-0.0015716552734375 -0.0367774963378906 -0.426177978515625 0.17218017578125
0.0186176300048828 -0.00141716003417969 -0.356842041015625 -0.068389892578125
0.0299530029296875 0.0376014709472656 0.00981903076171875 0.0672454833984375
0.0312213897705078 0.0173015594482422 0.417755126953125 0.15789794921875
0.0110073089599609 -0.0117015838623047 0.48028564453125 -0.175048828125
-0.0116510391235352 -0.0119237899780273 0.111175537109375 -0.39459228515625
-0.00885486602783203 0.00130176544189453 -0.193084716796875 -0.244171142578125
0.00196075439453125 0.0139932632446289 -0.217071533203125 -0.0591583251953125
0.0112800598144531 0.0136613845825195 -0.0910110473632812 0.0753402709960938
0.0116653442382813 -0.00456714630126953 0.03271484375 0.0898361206054688
0.0110912322998047 -0.0029144287109375 -0.0117950439453125 -0.0862197875976563
0.00768566131591797 0.0149602890014648 0.1190185546875 -0.0400466918945313
0.00494956970214844 0.0193309783935547 0.203536987304688 0.085968017578125
-0.0112571716308594 0.0146512985229492 0.148712158203125 0.28204345703125
-0.0243892669677734 -0.0107879638671875 -0.147918701171875 0.343719482421875
-0.0011138916015625 -0.0368423461914062 -0.426910400390625 0.169158935546875
0.0177669525146484 -0.00145339965820312 -0.35418701171875 -0.0704345703125001
0.0283546447753906 0.0369758605957031 0.01220703125 0.0692520141601563
0.0298633575439453 0.0169658660888672 0.41864013671875 0.156585693359375
0.0114297866821289 -0.0108518600463867 0.479949951171875 -0.17779541015625
-0.0115299224853516 -0.0114650726318359 0.107879638671875 -0.393096923828125
-0.00802230834960938 0.00174665451049805 -0.194183349609375 -0.241943359375
0.00140094757080078 0.0148487091064453 -0.216796875 -0.0588531494140625
0.00975131988525391 0.0145416259765625 -0.0898590087890625 0.076263427734375
0.0105562210083008 -0.00534534454345703 0.0316925048828125 0.0911865234375
0.0104846954345703 -0.00420379638671875 -0.0118637084960937 -0.0885238647460938
0.00703048706054687 0.0153141021728516 0.121772766113281 -0.0418548583984375
0.00423431396484375 0.0188655853271484 0.20233154296875 0.086578369140625
-0.0118427276611328 0.0148229598999023 0.14666748046875 0.283294677734375
-0.0242919921875 -0.0105762481689453 -0.152801513671875 0.3409423828125
-0.000431060791015626 -0.0356903076171875 -0.43304443359375 0.16485595703125
0.0180549621582031 -0.001373291015625 -0.353240966796875 -0.07147216796875
0.0278205871582031 0.0362167358398438 0.0160903930664062 0.0712661743164063
0.0294418334960938 0.0168437957763672 0.4222412109375 0.156219482421875
0.0119247436523438 -0.0104074478149414 0.47930908203125 -0.177978515625
-0.0111236572265625 -0.0116186141967773 0.103546142578125 -0.39288330078125
-0.00894069671630859 0.00249385833740234 -0.196334838867188 -0.2396240234375
0.000787734985351564 0.0150518417358398 -0.216644287109375 -0.0565643310546875
0.00922393798828125 0.0157613754272461 -0.0890045166015625 0.0788421630859375
0.00866270065307617 -0.00423765182495117 0.0339813232421875 0.0950851440429688
0.00911426544189453 -0.00426292419433594 -0.0117111206054688 -0.0887374877929688
0.00588703155517578 0.016026496887207 0.121841430664063 -0.0392990112304688
0.00435256958007812 0.0194473266601563 0.2022705078125 0.089111328125
-0.0113544464111328 0.014164924621582 0.143402099609375 0.2840576171875
-0.023956298828125 -0.0115737915039062 -0.157196044921875 0.34051513671875
0.000972747802734376 -0.0360488891601563 -0.4334716796875 0.160369873046875
0.0188770294189453 -0.000349044799804687 -0.3515625 -0.0736694335937499
0.0288543701171875 0.0364875793457031 0.0182113647460938 0.07391357421875
0.0298614501953125 0.0173435211181641 0.424835205078125 0.152191162109375
0.0114326477050781 -0.00968074798583984 0.47406005859375 -0.18402099609375
-0.0108413696289062 -0.0108880996704102 0.097686767578125 -0.393890380859375
-0.0089874267578125 0.00209236145019531 -0.199142456054688 -0.2384033203125
0.00104427337646484 0.0154600143432617 -0.21673583984375 -0.0548248291015625
0.00811386108398437 0.0158958435058594 -0.08807373046875 0.0791244506835938
0.007415771484375 -0.00585651397705078 0.031768798828125 0.0941619873046875
0.0116739273071289 -0.00344657897949219 -0.0098419189453125 -0.0850982666015625
0.00908374786376953 0.0138320922851563 0.118804931640625 -0.04119873046875
0.00615501403808594 0.0191688537597656 0.201446533203125 0.088165283203125
-0.012629508972168 0.0119342803955078 0.14471435546875 0.28277587890625
-0.0253562927246094 -0.0137481689453125 -0.157623291015625 0.343994140625
0.00193405151367187 -0.0377311706542969 -0.436981201171875 0.16607666015625
0.0263118743896484 0.00299644470214844 -0.35784912109375 -0.07470703125
0.0379600524902344 0.0469474792480469 0.0101890563964844 0.067962646484375
0.037628173828125 0.0209846496582031 0.421783447265625 0.15118408203125
0.0142917633056641 -0.0114097595214844 0.47833251953125 -0.186279296875
-0.0117111206054688 -0.0140066146850586 0.10369873046875 -0.399566650390625
-0.00890350341796875 -3.62396240234375E-05 -0.19940185546875 -0.24432373046875
0.00296115875244141 0.0137271881103516 -0.221145629882812 -0.0587005615234374
0.01153564453125 0.0142183303833008 -0.0908050537109375 0.0737686157226563
0.00978565216064453 -0.00551509857177734 0.0340499877929688 0.08831787109375
0.0127420425415039 -0.00335979461669922 -0.010162353515625 -0.0858230590820312
0.00915336608886719 0.0140399932861328 0.118812561035156 -0.0422897338867187
0.00648689270019531 0.0192985534667969 0.2025146484375 0.0858917236328125
-0.0123701095581055 0.0120048522949219 0.147613525390625 0.2811279296875
-0.0252475738525391 -0.0124626159667969 -0.151763916015625 0.3463134765625
0.000537872314453122 -0.0373191833496094 -0.434478759765625 0.1710205078125
0.0241622924804688 0.00222969055175781 -0.35955810546875 -0.071136474609375
0.0363731384277344 0.0438957214355469 0.0086822509765625 0.06640625
0.0365333557128906 0.0203475952148438 0.419677734375 0.154144287109375
0.0138206481933594 -0.0116510391235352 0.48150634765625 -0.183258056640625
-0.0117330551147461 -0.0134086608886719 0.107757568359375 -0.399383544921875
-0.00842618942260742 0.000326156616210936 -0.196441650390625 -0.246002197265625
0.0026235580444336 0.0136957168579102 -0.220703125 -0.0600738525390625
0.0119009017944336 0.0138177871704102 -0.0917587280273438 0.073333740234375
0.0112752914428711 -0.0048828125 0.0334548950195313 0.0881729125976563
0.0128517150878906 -0.00328922271728516 -0.0113372802734375 -0.0861358642578125
0.00897598266601563 0.0135011672973633 0.118263244628906 -0.0426559448242188
0.00665473937988281 0.0185718536376953 0.203659057617188 0.0849609375
-0.0118684768676758 0.0131988525390625 0.150177001953125 0.28216552734375
-0.0252113342285156 -0.0124340057373047 -0.14703369140625 0.34661865234375
-0.000541687011718754 -0.0380516052246094 -0.43231201171875 0.17425537109375
0.0225067138671875 0.000555038452148438 -0.359832763671875 -0.069488525390625
0.0341911315917969 0.0421524047851563 0.00811004638671876 0.0663566589355469
0.0343704223632813 0.0191612243652344 0.419586181640625 0.15618896484375
0.0127592086791992 -0.0122690200805664 0.48321533203125 -0.179473876953125
-0.0117216110229492 -0.0130186080932617 0.112152099609375 -0.399017333984375
-0.00866556167602539 0.000525951385498045 -0.195632934570313 -0.2467041015625
0.00214958190917969 0.0137958526611328 -0.2203369140625 -0.0602569580078125
0.0119609832763672 0.0134487152099609 -0.091339111328125 0.07470703125
0.0114650726318359 -0.00445079803466797 0.0333404541015625 0.0884475708007812
0.0122203826904297 -0.00338268280029297 -0.0119400024414062 -0.0861740112304687
0.00864982604980469 0.0132608413696289 0.118766784667969 -0.0418548583984375
0.00652694702148438 0.0190544128417969 0.204376220703125 0.085052490234375
-0.0118198394775391 0.0136194229125977 0.150741577148438 0.280685424804688
-0.0254592895507812 -0.0114269256591797 -0.145782470703125 0.347137451171875
-0.00174713134765625 -0.0376358032226563 -0.430206298828125 0.174468994140625
0.0210437774658203 -0.00135612487792969 -0.3599853515625 -0.0686645507812499
0.0315361022949219 0.0395469665527344 0.00799560546875 0.0668144226074219
0.0324363708496094 0.0178470611572266 0.421539306640625 0.157958984375
0.0121088027954102 -0.0119247436523438 0.4849853515625 -0.17694091796875
-0.011866569519043 -0.012054443359375 0.112457275390625 -0.399078369140625
-0.00842618942260742 0.00137948989868164 -0.194488525390625 -0.246932983398437
0.00254726409912109 0.0146017074584961 -0.220794677734375 -0.061187744140625
0.0121212005615234 0.0138216018676758 -0.0919647216796875 0.0750961303710938
0.0115327835083008 -0.00511360168457031 0.0322799682617187 0.0897903442382813
0.0119209289550781 -0.00305461883544922 -0.0116424560546875 -0.0864944458007813
0.00823402404785156 0.0141916275024414 0.119789123535156 -0.041778564453125
0.00562095642089844 0.0191745758056641 0.20465087890625 0.0854034423828125
-0.0120410919189453 0.0139074325561523 0.152313232421875 0.282073974609375
-0.0255241394042969 -0.01104736328125 -0.14715576171875 0.34808349609375
-0.00211334228515625 -0.0371170043945313 -0.430450439453125 0.174591064453125
0.0185718536376953 -0.00185775756835938 -0.358367919921875 -0.0691528320312501
0.029541015625 0.038177490234375 0.00947189331054688 0.0674972534179688
0.0307388305664062 0.0166778564453125 0.422515869140625 0.15985107421875
0.0112419128417969 -0.011103630065918 0.48468017578125 -0.177337646484375
-0.0116777420043945 -0.0121374130249023 0.11273193359375 -0.398773193359375
-0.00846242904663086 0.00124645233154297 -0.194808959960938 -0.246353149414063
0.00207233428955078 0.0145406723022461 -0.219635009765625 -0.060089111328125
0.0112695693969727 0.0133256912231445 -0.091949462890625 0.0755462646484375
0.0112628936767578 -0.00576114654541016 0.0321731567382813 0.0909500122070313
0.0109577178955078 -0.00357437133789063 -0.0117263793945313 -0.0869979858398438
0.00825023651123047 0.0147686004638672 0.121490478515625 -0.0400466918945313
0.00546646118164063 0.0189838409423828 0.205352783203125 0.08758544921875
-0.0119571685791016 0.0135459899902344 0.14990234375 0.283721923828125
-0.0249538421630859 -0.0108757019042969 -0.148773193359375 0.345916748046875
-0.001556396484375 -0.0369110107421875 -0.431640625 0.17095947265625
0.0178565979003906 -0.0014801025390625 -0.35723876953125 -0.0714111328125
0.0284271240234375 0.0364990234375 0.0114631652832031 0.0693130493164063
0.0304088592529297 0.0163822174072266 0.42266845703125 0.15899658203125
0.01153564453125 -0.0104913711547852 0.483306884765625 -0.178802490234375
-0.01116943359375 -0.0112552642822266 0.10870361328125 -0.396575927734375
-0.00848007202148438 0.00145339965820313 -0.195846557617188 -0.244186401367187
0.00133895874023438 0.0147905349731445 -0.219467163085938 -0.0591583251953125
0.010319709777832 0.0143413543701172 -0.0914382934570313 0.0770034790039062
0.0103940963745117 -0.00517845153808594 0.0316543579101562 0.0920639038085938
0.00970935821533203 -0.00372886657714844 -0.0118789672851563 -0.0891494750976563
0.00818538665771484 0.0156450271606445 0.122611999511719 -0.0417404174804688
0.00442123413085937 0.0190372467041016 0.204559326171875 0.0867767333984375
-0.011805534362793 0.0142936706542969 0.14697265625 0.285430908203125
-0.0240535736083984 -0.0114364624023437 -0.153961181640625 0.343841552734375
-0.000728607177734376 -0.0366706848144531 -0.437286376953125 0.165679931640625
0.0178203582763672 -0.00193214416503906 -0.356658935546875 -0.073211669921875
0.02789306640625 0.0356063842773438 0.0153656005859375 0.07244873046875
0.03045654296875 0.01678466796875 0.4256591796875 0.15728759765625
0.0116949081420898 -0.00999259948730469 0.482452392578125 -0.180572509765625
-0.0108757019042969 -0.0112466812133789 0.1051025390625 -0.3975830078125
-0.00959014892578125 0.00258636474609375 -0.198226928710938 -0.24212646484375
0.000639915466308593 0.014857292175293 -0.218902587890625 -0.0563201904296875
0.00948810577392578 0.0159940719604492 -0.0905609130859375 0.0783615112304688
0.00786399841308594 -0.00441408157348633 0.0341339111328125 0.0962982177734375
0.00898075103759766 -0.00481796264648438 -0.011474609375 -0.0886306762695313
0.00646495819091797 0.016514778137207 0.12298583984375 -0.0394210815429688
0.00435829162597656 0.019683837890625 0.204010009765625 0.0896453857421875
-0.0122156143188477 0.0142068862915039 0.14453125 0.28802490234375
-0.0245456695556641 -0.0114173889160156 -0.158203125 0.342620849609375
0.00101470947265625 -0.0358619689941406 -0.43780517578125 0.1630859375
0.0187301635742188 -0.000326156616210938 -0.35528564453125 -0.0736083984374999
0.0284538269042969 0.0368690490722656 0.018218994140625 0.0740585327148438
0.0305271148681641 0.0169105529785156 0.42724609375 0.153594970703125
0.011652946472168 -0.0103378295898438 0.47900390625 -0.185821533203125
-0.0110950469970703 -0.0114660263061523 0.098876953125 -0.398345947265625
-0.0086050033569336 0.00138139724731445 -0.201385498046875 -0.240676879882813
0.00107574462890625 0.0156755447387695 -0.21856689453125 -0.0546417236328125
0.00848960876464844 0.0162887573242188 -0.0887222290039062 0.079864501953125
0.00718498229980469 -0.00530481338500977 0.0322113037109375 0.09466552734375
0.0120630264282227 -0.00361728668212891 -0.00991821289062501 -0.0860214233398437
0.00836658477783203 0.0141134262084961 0.120712280273438 -0.0420608520507813
0.0066986083984375 0.0191230773925781 0.203811645507813 0.089019775390625
-0.0126724243164063 0.0115585327148437 0.1456298828125 0.285430908203125
-0.0259246826171875 -0.0138645172119141 -0.158050537109375 0.348419189453125
0.00198745727539062 -0.0377883911132813 -0.441802978515625 0.16845703125
0.0263633728027344 0.00375747680664063 -0.36309814453125 -0.074462890625
0.0383491516113281 0.0463523864746094 0.0105094909667969 0.0684318542480469
0.0376205444335938 0.021453857421875 0.42535400390625 0.152496337890625
0.0141324996948242 -0.0113401412963867 0.483795166015625 -0.188140869140625
-0.0117883682250977 -0.0138177871704102 0.104095458984375 -0.40576171875
-0.00896835327148438 -0.00065135955810547 -0.20166015625 -0.247238159179688
0.00300979614257812 0.0133152008056641 -0.2239990234375 -0.059173583984375
0.0111665725708008 0.0138645172119141 -0.0922470092773438 0.0745620727539063
0.00863504409790039 -0.00613689422607422 0.03326416015625 0.089569091796875
0.0124750137329102 -0.00293731689453125 -0.010345458984375 -0.0867080688476562
0.00928592681884766 0.0141067504882813 0.120170593261719 -0.0426177978515625
0.00643348693847656 0.0187740325927734 0.204879760742188 0.086822509765625
-0.0122175216674805 0.012934684753418 0.149200439453125 0.2843017578125
-0.0258426666259766 -0.01318359375 -0.15362548828125 0.34967041015625
0.000492095947265622 -0.0374374389648438 -0.4395751953125 0.173095703125
0.0251998901367188 0.00250625610351563 -0.363433837890625 -0.071258544921875
0.0365447998046875 0.0447158813476562 0.0090789794921875 0.0662879943847656
0.0372314453125 0.0202865600585937 0.423553466796875 0.1549072265625
0.0129508972167969 -0.012303352355957 0.48553466796875 -0.185821533203125
-0.0114412307739258 -0.0127468109130859 0.109344482421875 -0.404327392578125
-0.00891494750976563 -0.000196456909179688 -0.199569702148438 -0.248626708984375
0.00315666198730469 0.0134792327880859 -0.223648071289063 -0.0603179931640625
0.0122404098510742 0.0138034820556641 -0.0929718017578125 0.0743484497070312
0.0105867385864258 -0.00562667846679688 0.0327911376953125 0.08929443359375
0.0125646591186523 -0.00321006774902344 -0.0114364624023438 -0.0876617431640625
0.0097360610961914 0.0138721466064453 0.120346069335938 -0.0432891845703125
0.00682830810546875 0.0191707611083984 0.205581665039063 0.0849151611328125
-0.012059211730957 0.0132455825805664 0.1524658203125 0.2833251953125
-0.0263004302978516 -0.0120201110839844 -0.149017333984375 0.35125732421875
-0.000564575195312498 -0.0384750366210938 -0.434967041015625 0.17694091796875
0.0224189758300781 0.000576019287109375 -0.3636474609375 -0.06964111328125
0.0348129272460938 0.0424270629882813 0.00777053833007813 0.06646728515625
0.0348224639892578 0.0198593139648438 0.4234619140625 0.156982421875
0.0130748748779297 -0.0117349624633789 0.48858642578125 -0.181243896484375
-0.0123414993286133 -0.0123424530029297 0.110931396484375 -0.40423583984375
-0.00831365585327148 0.000566482543945312 -0.198196411132812 -0.249267578125
0.00280952453613281 0.0139541625976562 -0.22344970703125 -0.060150146484375
0.0127735137939453 0.0136213302612305 -0.0933914184570312 0.0750045776367188
0.0119047164916992 -0.00527191162109375 0.0323028564453125 0.0906448364257812
0.0118694305419922 -0.00343036651611328 -0.012115478515625 -0.087005615234375
0.00899887084960938 0.0141534805297852 0.120323181152344 -0.0430221557617188
0.00621604919433594 0.0190181732177734 0.20648193359375 0.084716796875
-0.0125560760498047 0.0139522552490234 0.15478515625 0.28387451171875
-0.025970458984375 -0.0110321044921875 -0.147216796875 0.350860595703125
-0.00193023681640625 -0.0386123657226563 -0.43438720703125 0.176177978515625
0.0209217071533203 -0.000650405883789063 -0.36260986328125 -0.069427490234375
0.0320243835449219 0.0401611328125 0.00815582275390625 0.066131591796875
0.0326614379882813 0.0179538726806641 0.424530029296875 0.15850830078125
0.0117931365966797 -0.0117464065551758 0.488494873046875 -0.179412841796875
-0.0122051239013672 -0.0119953155517578 0.1138916015625 -0.4039306640625
-0.00783634185791015 0.00036478042602539 -0.19708251953125 -0.249649047851562
0.0023193359375 0.0140924453735352 -0.223419189453125 -0.0601806640625
0.0124092102050781 0.0133762359619141 -0.09228515625 0.0755767822265625
0.0123405456542969 -0.00495147705078125 0.0324172973632813 0.0911026000976563
0.0123004913330078 -0.00329208374023438 -0.0120315551757813 -0.0875244140625
0.00893974304199219 0.0144634246826172 0.121292114257812 -0.0427093505859375
0.0061187744140625 0.0193214416503906 0.207305908203125 0.086334228515625
-0.0118741989135742 0.0144138336181641 0.1546630859375 0.284820556640625
-0.0262451171875 -0.0106754302978516 -0.1488037109375 0.351531982421875
-0.00175094604492187 -0.0371360778808594 -0.435821533203125 0.1763916015625
0.0186023712158203 -0.00133323669433594 -0.362457275390625 -0.0700988769531251
0.0300636291503906 0.0381965637207031 0.00897979736328126 0.0676078796386719
0.0317840576171875 0.0171794891357422 0.425079345703125 0.160125732421875
0.0112695693969727 -0.0112457275390625 0.490020751953125 -0.17864990234375
-0.0118951797485352 -0.0116605758666992 0.113555908203125 -0.40301513671875
-0.00860452651977539 0.00107717514038086 -0.196487426757813 -0.248306274414063
0.00194931030273437 0.013646125793457 -0.22235107421875 -0.060089111328125
0.0121498107910156 0.0134696960449219 -0.092742919921875 0.0762100219726563
0.011012077331543 -0.00479888916015625 0.0322341918945312 0.092010498046875
0.0111713409423828 -0.00309085845947266 -0.0121002197265625 -0.0877609252929687
0.00801467895507813 0.0151224136352539 0.122634887695312 -0.0416259765625
0.00551795959472656 0.0196514129638672 0.207717895507812 0.086822509765625
-0.0127944946289063 0.0144338607788086 0.15191650390625 0.287078857421875
-0.0254364013671875 -0.0106525421142578 -0.14990234375 0.35125732421875
-0.00138092041015625 -0.0370864868164063 -0.43719482421875 0.173553466796875
0.0177364349365234 -0.0009002685546875 -0.361083984375 -0.0726318359375001
0.0286979675292969 0.0371360778808594 0.0117111206054688 0.0696563720703125
0.0298519134521484 0.0168075561523438 0.426666259765625 0.159637451171875
0.0115146636962891 -0.0112113952636719 0.488800048828125 -0.1810302734375
-0.0117502212524414 -0.0110597610473633 0.11053466796875 -0.402496337890625
-0.00862550735473633 0.00144290924072266 -0.197860717773437 -0.247146606445313
0.00191593170166015 0.0146102905273438 -0.221969604492188 -0.0587615966796875
0.0109233856201172 0.0145282745361328 -0.0926361083984375 0.0774612426757813
0.0101613998413086 -0.00549221038818359 0.0319061279296875 0.0929336547851563
0.00963592529296875 -0.00358676910400391 -0.0121307373046875 -0.0900192260742188
0.00897312164306641 0.0157756805419922 0.124443054199219 -0.0418014526367188
0.00493049621582031 0.0190238952636719 0.207794189453125 0.087738037109375
-0.0124683380126953 0.0142049789428711 0.150299072265625 0.288421630859375
-0.0253143310546875 -0.0109825134277344 -0.1552734375 0.349029541015625
-0.00122451782226562 -0.0360641479492188 -0.4415283203125 0.169708251953125
0.0176029205322266 -0.00137710571289063 -0.360809326171875 -0.074462890625
0.0280799865722656 0.0366287231445313 0.015045166015625 0.07196044921875
0.0308780670166016 0.0167694091796875 0.430450439453125 0.158111572265625
0.0123939514160156 -0.0108537673950195 0.489349365234375 -0.18365478515625
-0.0111427307128906 -0.0113096237182617 0.105682373046875 -0.402587890625
-0.00903224945068359 0.00255775451660156 -0.200836181640625 -0.243698120117188
0.00160503387451172 0.0153408050537109 -0.222000122070313 -0.0566558837890625
0.0101251602172852 0.015559196472168 -0.0910568237304688 0.0799713134765625
0.00796270370483398 -0.00496339797973633 0.034149169921875 0.097137451171875
0.00867223739624023 -0.00401592254638672 -0.01165771484375 -0.0901412963867188
0.00682544708251953 0.0164737701416016 0.124565124511719 -0.0408477783203125
0.00403785705566406 0.0196743011474609 0.206268310546875 0.090484619140625
-0.0120639801025391 0.014246940612793 0.146820068359375 0.29034423828125
-0.0244846343994141 -0.011444091796875 -0.15899658203125 0.347320556640625
0.000537872314453128 -0.0362968444824219 -0.44244384765625 0.1654052734375
0.0187091827392578 2.09808349609375E-05 -0.35858154296875 -0.0745849609375001
0.0285720825195313 0.0370979309082031 0.0174713134765625 0.074371337890625
0.0307502746582031 0.0170478820800781 0.432373046875 0.154144287109375
0.0121059417724609 -0.010380744934082 0.4825439453125 -0.1883544921875
-0.0118112564086914 -0.0116357803344727 0.098968505859375 -0.4031982421875
-0.00884056091308594 0.00186347961425781 -0.204513549804688 -0.242385864257813
0.00104141235351562 0.0158567428588867 -0.222183227539062 -0.0544586181640625
0.00873279571533203 0.0168046951293945 -0.0901565551757812 0.0811233520507813
0.00686073303222656 -0.00558233261108399 0.0323104858398437 0.09661865234375
0.0117349624633789 -0.00235652923583984 -0.00910949707031251 -0.08709716796875
0.00927734375 0.0144195556640625 0.123001098632813 -0.0429229736328125
0.00617790222167969 0.0185604095458984 0.2066650390625 0.0886688232421875
-0.0133075714111328 0.01177978515625 0.149871826171875 0.288116455078125
-0.0255336761474609 -0.0143413543701172 -0.160186767578125 0.35333251953125
0.00178146362304688 -0.0385246276855469 -0.446929931640625 0.17279052734375
0.0269317626953125 0.00358200073242187 -0.367034912109375 -0.07470703125
0.0384254455566406 0.0462417602539062 0.0108184814453125 0.0681838989257813
0.0387496948242188 0.0207557678222656 0.43017578125 0.153533935546875
0.0143394470214844 -0.0118255615234375 0.489288330078125 -0.19329833984375
-0.0116081237792969 -0.0137042999267578 0.10443115234375 -0.409912109375
-0.00916481018066406 -0.0007781982421875 -0.205123901367187 -0.249908447265625
0.00375652313232422 0.0140895843505859 -0.227203369140625 -0.05877685546875
0.0111618041992187 0.0138893127441406 -0.0933151245117188 0.0762405395507813
0.00852489471435547 -0.00569963455200195 0.0347747802734375 0.0909500122070313
0.0119209289550781 -0.00286960601806641 -0.01068115234375 -0.08734130859375
0.0105485916137695 0.0143022537231445 0.121208190917969 -0.0439910888671875
0.00674057006835938 0.0195655822753906 0.20794677734375 0.0870819091796875
-0.0131616592407227 0.0129146575927734 0.15203857421875 0.2869873046875
-0.0262222290039063 -0.0131378173828125 -0.1541748046875 0.354339599609375
0.00054168701171875 -0.0381278991699219 -0.443695068359375 0.176300048828125
0.0247459411621094 0.00246238708496094 -0.36761474609375 -0.072906494140625
0.036834716796875 0.0448760986328125 0.00802230834960938 0.0673332214355469
0.0369606018066406 0.0200767517089844 0.428955078125 0.15484619140625
0.0139064788818359 -0.0117778778076172 0.49224853515625 -0.19049072265625
-0.0132732391357422 -0.0133275985717773 0.108551025390625 -0.40997314453125
-0.00861072540283203 -0.000493526458740234 -0.202972412109375 -0.251235961914063
0.00373172760009766 0.0137691497802734 -0.226425170898438 -0.0597991943359375
0.0129022598266602 0.0136575698852539 -0.0940933227539063 0.0752639770507813
0.0102710723876953 -0.00444793701171875 0.0336151123046875 0.0905685424804688
0.0124959945678711 -0.00308704376220703 -0.01055908203125 -0.0873870849609375
0.00971889495849609 0.0134649276733398 0.122047424316406 -0.0436172485351563
0.00608062744140625 0.0192432403564453 0.20843505859375 0.0853118896484375
-0.0123205184936523 0.0139541625976563 0.15496826171875 0.286712646484375
-0.0263614654541016 -0.011993408203125 -0.1500244140625 0.355987548828125
-0.0013275146484375 -0.0386543273925781 -0.44024658203125 0.1802978515625
0.0223865509033203 0.000225067138671875 -0.36773681640625 -0.070892333984375
0.0345649719238281 0.0423507690429688 0.00720977783203125 0.0659141540527344
0.0353775024414063 0.01898193359375 0.427581787109375 0.1593017578125
0.0133428573608398 -0.0113582611083984 0.493194580078125 -0.18634033203125
-0.0120334625244141 -0.0133504867553711 0.111602783203125 -0.4107666015625
-0.0090484619140625 -6.67572021484566E-06 -0.200424194335938 -0.251251220703125
0.00311946868896484 0.0135354995727539 -0.226577758789063 -0.06024169921875
0.0127801895141602 0.0137958526611328 -0.0940628051757813 0.0761871337890625
0.0107927322387695 -0.00547981262207031 0.0333099365234375 0.09100341796875
0.0118637084960938 -0.00357532501220703 -0.0130615234375 -0.08782958984375
0.0103769302368164 0.0136919021606445 0.122589111328125 -0.0433807373046875
0.00598335266113281 0.0187778472900391 0.209808349609375 0.0848846435546875
-0.0127782821655273 0.0144329071044922 0.156951904296875 0.285797119140625
-0.0262508392333984 -0.0116291046142578 -0.148834228515625 0.35626220703125
-0.00238037109375 -0.0388450622558594 -0.4405517578125 0.180145263671875
0.0202388763427734 -0.000494003295898438 -0.367645263671875 -0.067535400390625
0.0322189331054688 0.0398979187011719 0.00774002075195313 0.066802978515625
0.0330772399902344 0.0180892944335938 0.429046630859375 0.159515380859375
0.0117053985595703 -0.0115766525268555 0.495361328125 -0.183074951171875
-0.0126428604125977 -0.0123472213745117 0.11395263671875 -0.41021728515625
-0.00834083557128906 0.000826358795166017 -0.200088500976562 -0.252593994140625
0.00260448455810547 0.0144367218017578 -0.2265625 -0.05975341796875
0.0125083923339844 0.0138053894042969 -0.09466552734375 0.0769119262695313
0.0110330581665039 -0.00557994842529297 0.033050537109375 0.0918655395507813
0.0117263793945313 -0.00313472747802734 -0.013092041015625 -0.0879440307617188
0.00935745239257813 0.0153026580810547 0.122283935546875 -0.0429534912109375
0.00655174255371094 0.019256591796875 0.21051025390625 0.085540771484375
-0.0129070281982422 0.0144491195678711 0.15771484375 0.287841796875
-0.0261592864990234 -0.0110645294189453 -0.1478271484375 0.355804443359375
-0.00228118896484375 -0.0378952026367188 -0.44049072265625 0.18023681640625
0.0187721252441406 -0.00145530700683594 -0.3670654296875 -0.07049560546875
0.0296173095703125 0.0384330749511719 0.00947952270507812 0.0681381225585938
0.0316143035888672 0.0172176361083984 0.428955078125 0.160980224609375
0.0119009017944336 -0.0111722946166992 0.49462890625 -0.182373046875
-0.0121345520019531 -0.0116567611694336 0.113677978515625 -0.4078369140625
-0.00898456573486328 0.00118064880371094 -0.200607299804687 -0.251327514648437
0.00178241729736328 0.0142145156860352 -0.226058959960938 -0.0594024658203125
0.0116138458251953 0.0135698318481445 -0.0941085815429688 0.0776596069335938
0.0105314254760742 -0.00550460815429688 0.0329971313476563 0.0934295654296875
0.0110397338867188 -0.00357913970947266 -0.0121994018554687 -0.0885543823242188
0.00854301452636719 0.0158405303955078 0.124473571777344 -0.0418167114257813
0.005828857421875 0.0191898345947266 0.210464477539062 0.0872650146484375
-0.0127229690551758 0.0145187377929688 0.154510498046875 0.29010009765625
-0.0261077880859375 -0.0108928680419922 -0.150299072265625 0.355316162109375
-0.00190353393554687 -0.0368576049804687 -0.44189453125 0.176300048828125
0.0180225372314453 -0.00151824951171875 -0.364959716796875 -0.071197509765625
0.028594970703125 0.0366020202636719 0.0120811462402344 0.0699501037597656
0.0302238464355469 0.0161285400390625 0.43182373046875 0.1612548828125
0.010746955871582 -0.0111856460571289 0.493560791015625 -0.18505859375
-0.0121335983276367 -0.0120143890380859 0.109527587890625 -0.407867431640625
-0.00870180130004883 0.00153636932373047 -0.201736450195313 -0.249191284179687
0.00175666809082031 0.0147848129272461 -0.22601318359375 -0.0583343505859375
0.01104736328125 0.0152473449707031 -0.0934371948242187 0.0795211791992188
0.00983333587646484 -0.00552654266357422 0.0319442749023438 0.094146728515625
0.00920486450195313 -0.00398159027099609 -0.0121307373046875 -0.0905914306640625
0.00883197784423828 0.0163125991821289 0.126564025878906 -0.0426788330078125
0.00504684448242188 0.0188331604003906 0.210205078125 0.087738037109375
-0.0124311447143555 0.0150070190429688 0.153472900390625 0.29156494140625
-0.0258407592773438 -0.0103130340576172 -0.15673828125 0.35333251953125
-0.000923156738281253 -0.0362548828125 -0.4461669921875 0.1722412109375
0.0178546905517578 -0.00153160095214844 -0.366180419921875 -0.0746154785156251
0.0281105041503906 0.0358619689941406 0.0151596069335937 0.072113037109375
0.0305843353271484 0.0170249938964844 0.434173583984375 0.15869140625
0.0121364593505859 -0.0104694366455078 0.492889404296875 -0.18646240234375
-0.0117998123168945 -0.0107183456420898 0.105682373046875 -0.40777587890625
-0.00906467437744141 0.00277137756347656 -0.203964233398438 -0.246185302734375
0.00145053863525391 0.0155067443847656 -0.225631713867188 -0.055755615234375
0.0105037689208984 0.0153913497924805 -0.0922393798828125 0.0814971923828125
0.00754976272583008 -0.00436067581176758 0.0348129272460938 0.0982284545898438
0.00824928283691406 -0.00380659103393555 -0.010986328125 -0.090484619140625
0.00706577301025391 0.0168018341064453 0.126747131347656 -0.0409011840820313
0.00411033630371094 0.0196666717529297 0.20904541015625 0.089447021484375
-0.0125799179077148 0.0145473480224609 0.150482177734375 0.2933349609375
-0.0248279571533203 -0.0111217498779297 -0.1597900390625 0.351715087890625
-0.000129699707031246 -0.0363807678222656 -0.44744873046875 0.167388916015625
0.0191822052001953 -0.00014495849609375 -0.363128662109375 -0.0748291015625
0.0287666320800781 0.0370521545410156 0.0178146362304688 0.0748443603515625
0.0311279296875 0.0165691375732422 0.436676025390625 0.155487060546875
0.012110710144043 -0.0103378295898438 0.488525390625 -0.192657470703125
-0.011688232421875 -0.0107498168945313 0.099334716796875 -0.408447265625
-0.00906276702880859 0.00167942047119141 -0.206878662109375 -0.244873046875
0.00144290924072266 0.015324592590332 -0.225479125976563 -0.053863525390625
0.00911808013916016 0.0160160064697266 -0.0912704467773438 0.0825653076171875
0.00586318969726563 -0.00594902038574219 0.0328598022460938 0.0980453491210937
0.011693000793457 -0.00323295593261719 -0.00962829589843751 -0.0879364013671875
0.00994300842285156 0.0146665573120117 0.123855590820313 -0.043975830078125
0.00689697265625 0.0192775726318359 0.210525512695312 0.088653564453125
-0.0133352279663086 0.0128870010375977 0.152801513671875 0.290771484375
-0.0265998840332031 -0.0137062072753906 -0.15960693359375 0.35919189453125
0.0020599365234375 -0.0386619567871094 -0.452301025390625 0.1759033203125
0.0257797241210938 0.00407028198242188 -0.37158203125 -0.0731506347656249
0.0390205383300781 0.0474700927734375 0.010284423828125 0.0681571960449219
0.03912353515625 0.0202827453613281 0.435302734375 0.153106689453125
0.0139675140380859 -0.0114898681640625 0.494781494140625 -0.198028564453125
-0.0119752883911133 -0.0132026672363281 0.1026611328125 -0.416839599609375
-0.00851917266845703 -0.000655174255371094 -0.209182739257812 -0.2520751953125
0.00325584411621094 0.0139474868774414 -0.23046875 -0.0585021972656249
0.0128154754638672 0.0145063400268555 -0.0942306518554688 0.0769729614257813
0.00801420211791992 -0.00594615936279297 0.034515380859375 0.0921173095703125
0.0120182037353516 -0.00345039367675781 -0.0105972290039062 -0.0877609252929688
0.0106868743896484 0.0152368545532227 0.123741149902344 -0.0452423095703125
0.00663566589355469 0.0189018249511719 0.211029052734375 0.0861663818359375
-0.0128936767578125 0.0132255554199219 0.157135009765625 0.289764404296875
-0.0269718170166016 -0.0128879547119141 -0.153045654296875 0.3607177734375
0.000316619873046878 -0.0378799438476562 -0.450225830078125 0.18194580078125
0.0249996185302734 0.00170135498046875 -0.3736572265625 -0.0712585449218749
0.0375862121582031 0.0446853637695313 0.00923538208007813 0.0669097900390625
0.0371017456054688 0.0205535888671875 0.43524169921875 0.15460205078125
0.013554573059082 -0.012690544128418 0.497344970703125 -0.194091796875
-0.0122356414794922 -0.0130243301391602 0.108367919921875 -0.4166259765625
-0.00840282440185547 -0.000222206115722658 -0.20648193359375 -0.253585815429688
0.00313568115234375 0.0147628784179687 -0.231155395507812 -0.05865478515625
0.0130319595336914 0.0137653350830078 -0.0947036743164062 0.077728271484375
0.00968170166015625 -0.00502681732177734 0.03424072265625 0.0913467407226563
0.0132656097412109 -0.00311088562011719 -0.011993408203125 -0.088165283203125
0.0101938247680664 0.0143404006958008 0.123703002929688 -0.0460281372070313
0.00653839111328125 0.0193538665771484 0.212661743164062 0.0847625732421875
-0.0131769180297852 0.0138835906982422 0.16064453125 0.28936767578125
-0.0265617370605469 -0.0118961334228516 -0.149139404296875 0.361480712890625
-0.00156021118164063 -0.0383758544921875 -0.446807861328125 0.185150146484375
0.0224628448486328 0.00045013427734375 -0.37408447265625 -0.0686950683593751
0.0352058410644531 0.0425949096679687 0.00804519653320313 0.0666999816894531
0.0356712341308594 0.0187797546386719 0.434783935546875 0.158935546875
0.0138092041015625 -0.0121688842773438 0.497711181640625 -0.191619873046875
-0.0120153427124023 -0.012939453125 0.111724853515625 -0.417022705078125
-0.00833988189697266 0.000248908996582031 -0.204971313476562 -0.25396728515625
0.00306224822998047 0.0139522552490234 -0.229904174804688 -0.05975341796875
0.0127391815185547 0.0132207870483398 -0.0955657958984375 0.0784454345703125
0.0107631683349609 -0.00501537322998047 0.0342254638671875 0.0920257568359375
0.0127115249633789 -0.00403785705566406 -0.0125808715820312 -0.0890426635742188
0.010650634765625 0.0140933990478516 0.124298095703125 -0.045501708984375
0.00605392456054688 0.0194854736328125 0.21307373046875 0.0851898193359375
-0.0127010345458984 0.0142030715942383 0.161590576171875 0.288909912109375
-0.0269241333007813 -0.0115413665771484 -0.148101806640625 0.361663818359375
-0.00233078002929687 -0.0382270812988281 -0.44415283203125 0.18475341796875
0.0206832885742187 -0.000640869140625 -0.3720703125 -0.0694580078125
0.0324287414550781 0.0403594970703125 0.00834274291992188 0.0667037963867188
0.0336856842041016 0.018218994140625 0.43524169921875 0.15997314453125
0.0122518539428711 -0.0117912292480469 0.499664306640625 -0.1890869140625
-0.0130233764648438 -0.0120820999145508 0.114013671875 -0.415679931640625
-0.00841474533081055 0.000893592834472657 -0.204177856445313 -0.254730224609375
0.00229644775390625 0.014256477355957 -0.229537963867188 -0.0587005615234375
0.012730598449707 0.0133876800537109 -0.0954360961914063 0.0794906616210938
0.0105476379394531 -0.0056610107421875 0.03387451171875 0.0936050415039062
0.0118913650512695 -0.00357627868652344 -0.0125274658203125 -0.0889434814453125
0.0104351043701172 0.0152521133422852 0.125473022460938 -0.0439071655273438
0.00647735595703125 0.0198497772216797 0.213180541992188 0.08538818359375
-0.01318359375 0.0144462585449219 0.162017822265625 0.289794921875
-0.0266914367675781 -0.0107440948486328 -0.1485595703125 0.361602783203125
-0.0025177001953125 -0.0381050109863281 -0.444671630859375 0.184600830078125
0.0186939239501953 -0.00162506103515625 -0.371368408203125 -0.0692138671875
0.0304908752441406 0.0385208129882812 0.00941467285156251 0.0680427551269531
0.0318756103515625 0.0170440673828125 0.43609619140625 0.160491943359375
0.0111875534057617 -0.0119123458862305 0.50140380859375 -0.188201904296875
-0.0126628875732422 -0.0114517211914063 0.11328125 -0.4146728515625
-0.00862264633178711 0.00166511535644531 -0.2042236328125 -0.252838134765625
0.00263595581054687 0.0144414901733398 -0.229232788085937 -0.058563232421875
0.0123167037963867 0.0138978958129883 -0.095184326171875 0.0801467895507812
0.0106716156005859 -0.00566196441650391 0.033233642578125 0.0946197509765625
0.0103397369384766 -0.00339031219482422 -0.011871337890625 -0.0893402099609375
0.00997066497802734 0.015324592590332 0.126609802246094 -0.0435104370117188
0.00552177429199219 0.0196495056152344 0.213943481445313 0.0867767333984375
-0.0128545761108398 0.0149784088134766 0.159515380859375 0.292083740234375
-0.0266475677490234 -0.0105342864990234 -0.15093994140625 0.362060546875
-0.00220870971679688 -0.0377388000488281 -0.44677734375 0.1817626953125
0.0178089141845703 -0.00144386291503906 -0.37005615234375 -0.070770263671875
0.02838134765625 0.0365676879882813 0.0121002197265625 0.0700645446777344
0.0309886932373047 0.0164070129394531 0.438079833984375 0.15966796875
0.0112628936767578 -0.0112247467041016 0.499176025390625 -0.18951416015625
-0.0123167037963867 -0.0114603042602539 0.109283447265625 -0.413787841796875
-0.00858449935913086 0.00149440765380859 -0.205718994140625 -0.251266479492188
0.00132465362548828 0.0148353576660156 -0.229248046875 -0.0566253662109375
0.0113945007324219 0.0143680572509766 -0.0946578979492188 0.0813446044921875
0.00946426391601563 -0.00594615936279297 0.03271484375 0.0955276489257813
0.00883960723876953 -0.00374984741210937 -0.0122222900390625 -0.0914993286132813
0.0103397369384766 0.0160970687866211 0.128944396972656 -0.043975830078125
0.00549507141113281 0.0197582244873047 0.213653564453125 0.0871734619140625
-0.0132808685302734 0.0153493881225586 0.157440185546875 0.294281005859375
-0.0265712738037109 -0.0107040405273438 -0.156890869140625 0.358856201171875
-0.00142288208007813 -0.0370216369628906 -0.452423095703125 0.17694091796875
0.0172853469848633 -0.00108432769775391 -0.370880126953125 -0.072784423828125
0.0289878845214844 0.0361175537109375 0.014801025390625 0.0721359252929687
0.0314807891845703 0.0162105560302734 0.4404296875 0.15869140625
0.0120162963867188 -0.0113306045532227 0.49908447265625 -0.191619873046875
-0.0122747421264648 -0.0106115341186523 0.105224609375 -0.414520263671875
-0.0103607177734375 0.0018310546875 -0.207656860351563 -0.248703002929687
0.00126457214355469 0.0152082443237305 -0.228652954101563 -0.0551910400390625
0.0108146667480469 0.0159902572631836 -0.0938034057617188 0.0826797485351563
0.00689172744750977 -0.00470685958862305 0.0359039306640625 0.0998306274414063
0.00907039642333985 -0.003997802734375 -0.0121994018554687 -0.0919647216796875
0.0078592300415039 0.0170412063598633 0.129150390625 -0.0428466796875
0.00422477722167969 0.0201263427734375 0.212692260742188 0.0894317626953125
-0.0132455825805664 0.0150012969970703 0.15380859375 0.29583740234375
-0.0255279541015625 -0.0113105773925781 -0.161376953125 0.3570556640625
-6.10351562500019E-05 -0.0359840393066406 -0.4525146484375 0.17291259765625
0.0187473297119141 0.000135421752929688 -0.367950439453125 -0.0745239257812499
0.0284843444824219 0.0370559692382813 0.0176010131835937 0.0750045776367188
0.0315380096435547 0.0163784027099609 0.44244384765625 0.154388427734375
0.0124950408935547 -0.0107622146606445 0.49493408203125 -0.197052001953125
-0.0119161605834961 -0.0110054016113281 0.099578857421875 -0.414337158203125
-0.00931072235107422 0.0019989013671875 -0.211395263671875 -0.246490478515625
0.00125789642333985 0.015899658203125 -0.228607177734375 -0.0531768798828125
0.0100822448730469 0.0163211822509766 -0.0922088623046875 0.0840225219726563
0.00566339492797852 -0.0059504508972168 0.0340194702148437 0.0986785888671875
0.0122041702270508 -0.00298309326171875 -0.00995635986328126 -0.0887680053710938
0.0106182098388672 0.014948844909668 0.1263427734375 -0.046417236328125
0.00669288635253906 0.019866943359375 0.213836669921875 0.0875091552734375
-0.0135183334350586 0.0130147933959961 0.159515380859375 0.294036865234375
-0.0265121459960938 -0.0136775970458984 -0.158935546875 0.364654541015625
0.000419616699218753 -0.0388603210449219 -0.456878662109375 0.1826171875
0.0269660949707031 0.00402069091796875 -0.37786865234375 -0.07171630859375
0.0395584106445313 0.04681396484375 0.0112991333007813 0.0680999755859375
0.0396461486816406 0.0204963684082031 0.441650390625 0.150787353515625
0.0141925811767578 -0.0124893188476563 0.500091552734375 -0.20318603515625
-0.0127401351928711 -0.0136089324951172 0.102142333984375 -0.424041748046875
-0.00852203369140625 -0.000354290008544923 -0.215362548828125 -0.253402709960938
0.00338649749755859 0.0141353607177734 -0.234786987304687 -0.0564727783203125
0.012700080871582 0.0141334533691406 -0.0953826904296875 0.079559326171875
0.0084385871887207 -0.00528669357299805 0.0355377197265625 0.0928115844726563
0.0124034881591797 -0.00311279296875 -0.0112838745117187 -0.08892822265625
0.0114860534667969 0.0142135620117188 0.126113891601563 -0.0468215942382813
0.00729751586914063 0.0192165374755859 0.215042114257813 0.0856781005859375
-0.0134677886962891 0.0137405395507813 0.162139892578125 0.29254150390625
-0.0274715423583984 -0.0125083923339844 -0.153564453125 0.367462158203125
-0.0006561279296875 -0.0387496948242188 -0.45501708984375 0.188323974609375
0.0254802703857422 0.0021820068359375 -0.378143310546875 -0.0694580078125
0.0373420715332031 0.04571533203125 0.00908279418945313 0.0664443969726563
0.0381011962890625 0.0196189880371094 0.44183349609375 0.154205322265625
0.0133266448974609 -0.0125360488891602 0.501190185546875 -0.201141357421875
-0.0123329162597656 -0.0136213302612305 0.105712890625 -0.42401123046875
-0.00886726379394531 -0.000690460205078123 -0.2115478515625 -0.255691528320313
0.00368595123291016 0.013702392578125 -0.23431396484375 -0.057525634765625
0.0132617950439453 0.0144739151000977 -0.0961380004882813 0.0798797607421875
0.00918388366699219 -0.00568294525146484 0.035247802734375 0.0924453735351563
0.0120925903320313 -0.0029144287109375 -0.0122756958007813 -0.0902633666992188
0.0119600296020508 0.0147781372070312 0.125343322753906 -0.04766845703125
0.00651168823242187 0.0196075439453125 0.216644287109375 0.0836639404296875
-0.0133829116821289 0.0138406753540039 0.164947509765625 0.291290283203125
-0.0279998779296875 -0.0125961303710938 -0.149139404296875 0.366729736328125
-0.00179672241210938 -0.0388717651367188 -0.45086669921875 0.1920166015625
0.0228443145751953 0.000400543212890625 -0.379302978515625 -0.06781005859375
0.0358734130859375 0.0426292419433594 0.00772094726562501 0.0669898986816406
0.0360488891601563 0.0182762145996094 0.440887451171875 0.157440185546875
0.0131645202636719 -0.0123767852783203 0.504669189453125 -0.19647216796875
-0.0131025314331055 -0.0131406784057617 0.109619140625 -0.42364501953125
-0.00908279418945313 0.000156402587890625 -0.210281372070313 -0.256301879882813
0.00314807891845703 0.0142383575439453 -0.233871459960937 -0.05731201171875
0.0131864547729492 0.0135030746459961 -0.0962905883789063 0.0793228149414062
0.0100250244140625 -0.00570964813232422 0.03472900390625 0.0939178466796875
0.0120534896850586 -0.00235176086425781 -0.0132293701171875 -0.09002685546875
0.0109348297119141 0.0145740509033203 0.12628173828125 -0.0467529296875
0.00704002380371094 0.0195446014404297 0.217147827148438 0.0836029052734375
-0.0126895904541016 0.0151443481445312 0.16583251953125 0.291534423828125
-0.0274639129638672 -0.0114231109619141 -0.1470947265625 0.368072509765625
-0.0024566650390625 -0.0385894775390625 -0.44921875 0.192413330078125
0.0207977294921875 -0.00111961364746094 -0.3782958984375 -0.0675354003906249
0.0326347351074219 0.0399246215820313 0.00822067260742188 0.0675010681152344
0.0338878631591797 0.0184078216552734 0.44287109375 0.15814208984375
0.0123815536499023 -0.0118007659912109 0.506439208984375 -0.195220947265625
-0.0124034881591797 -0.0119781494140625 0.111602783203125 -0.422088623046875
-0.0082850456237793 0.000792026519775392 -0.20867919921875 -0.256103515625
0.00320339202880859 0.0145244598388672 -0.2327880859375 -0.0576019287109375
0.0139131546020508 0.0134859085083008 -0.0960464477539062 0.0798110961914063
0.0108919143676758 -0.00543308258056641 0.03460693359375 0.09423828125
0.0116281509399414 -0.0033416748046875 -0.0130233764648438 -0.090667724609375
0.0107812881469727 0.0152492523193359 0.127426147460938 -0.0464096069335938
0.00665283203125 0.0193805694580078 0.217514038085938 0.0847015380859375
-0.0131740570068359 0.0153522491455078 0.16668701171875 0.293609619140625
-0.0276775360107422 -0.0111122131347656 -0.147125244140625 0.36810302734375
-0.00323104858398437 -0.0381393432617188 -0.4505615234375 0.19183349609375
0.0185718536376953 -0.00140571594238281 -0.3782958984375 -0.0690917968749999
0.0303192138671875 0.03802490234375 0.0100288391113281 0.0685310363769531
0.0325431823730469 0.0166110992431641 0.44354248046875 0.160552978515625
0.0117063522338867 -0.0116958618164063 0.50689697265625 -0.19488525390625
-0.0123786926269531 -0.0117063522338867 0.11187744140625 -0.4215087890625
-0.0086212158203125 0.0012974739074707 -0.2099609375 -0.255233764648438
0.00271224975585938 0.0147590637207031 -0.233474731445313 -0.0570831298828125
0.0129270553588867 0.0140981674194336 -0.0957717895507812 0.0819320678710938
0.00983524322509766 -0.00538349151611328 0.0339584350585938 0.0957107543945312
0.0105047225952148 -0.00314044952392578 -0.0130081176757813 -0.0902786254882813
0.0106601715087891 0.0156173706054688 0.127922058105469 -0.0452499389648438
0.00595855712890625 0.0200462341308594 0.217788696289063 0.0860443115234375
-0.0128421783447266 0.0157680511474609 0.164886474609375 0.29473876953125
-0.0274066925048828 -0.0106124877929687 -0.150360107421875 0.36749267578125
-0.00246429443359375 -0.0378379821777344 -0.451568603515625 0.187286376953125
0.0180625915527344 -0.00104713439941406 -0.37481689453125 -0.0694274902343751
0.0292701721191406 0.0369110107421875 0.0118560791015625 0.0704803466796875
0.0313930511474609 0.0162258148193359 0.443450927734375 0.15985107421875
0.0110368728637695 -0.0113019943237305 0.5047607421875 -0.19610595703125
-0.0129594802856445 -0.0108985900878906 0.108917236328125 -0.4210205078125
-0.00854587554931641 0.00127887725830078 -0.210723876953125 -0.253524780273437
0.00204277038574219 0.0152645111083984 -0.233001708984375 -0.055816650390625
0.0116996765136719 0.014460563659668 -0.0954818725585938 0.0830307006835938
0.00925350189208984 -0.00605392456054687 0.0341796875 0.09649658203125
0.00933074951171875 -0.0039215087890625 -0.0131912231445312 -0.093017578125
0.010258674621582 0.0164194107055664 0.129859924316406 -0.0468292236328125
0.00477790832519531 0.0193672180175781 0.217071533203125 0.0859375
-0.0121221542358398 0.0160665512084961 0.16229248046875 0.2982177734375
-0.0266571044921875 -0.0104179382324219 -0.15521240234375 0.363800048828125
-0.00243377685546875 -0.0370063781738281 -0.4564208984375 0.18377685546875
0.0178699493408203 -0.000745773315429687 -0.3751220703125 -0.0712585449218751
0.02972412109375 0.0359306335449219 0.01641845703125 0.0726547241210938
0.0319118499755859 0.0161361694335937 0.447113037109375 0.157989501953125
0.0116815567016602 -0.0112428665161133 0.50396728515625 -0.197784423828125
-0.0124216079711914 -0.0111160278320313 0.103546142578125 -0.42095947265625
-0.00925350189208985 0.00219535827636719 -0.21368408203125 -0.250625610351563
0.00200653076171875 0.0154819488525391 -0.232528686523437 -0.0541534423828125
0.0111904144287109 0.0157079696655273 -0.093658447265625 0.08544921875
0.00704479217529297 -0.00428485870361328 0.0367431640625 0.100486755371094
0.00824117660522461 -0.00366926193237305 -0.0126953125 -0.0929718017578125
0.00934600830078125 0.0171947479248047 0.131111145019531 -0.0442352294921875
0.00519180297851562 0.0205307006835938 0.216934204101562 0.0883636474609375
-0.0131149291992187 0.0157222747802734 0.15911865234375 0.297821044921875
-0.0261287689208984 -0.0116462707519531 -0.15997314453125 0.363250732421875
-0.00102996826171875 -0.0372962951660156 -0.456817626953125 0.179107666015625
0.0189437866210938 -0.00030517578125 -0.373779296875 -0.0726623535156251
0.0293998718261719 0.0370254516601563 0.0187835693359375 0.0750961303710938
0.0320549011230469 0.0157089233398438 0.449981689453125 0.154266357421875
0.0123310089111328 -0.0109434127807617 0.49884033203125 -0.20404052734375
-0.0120458602905273 -0.0106391906738281 0.09759521484375 -0.421234130859375
-0.00896453857421875 0.00140094757080078 -0.216140747070312 -0.248016357421875
0.00163650512695313 0.0161571502685547 -0.232284545898437 -0.051239013671875
0.0106287002563477 0.0169143676757813 -0.092864990234375 0.0861129760742188
0.00557184219360352 -0.00513982772827148 0.0349044799804687 0.100418090820313
0.0113105773925781 -0.00327682495117188 -0.0114364624023438 -0.0902786254882813
0.0114498138427734 0.0146045684814453 0.127334594726563 -0.0482330322265625
0.00677490234375 0.0193233489990234 0.217803955078125 0.0858154296875
-0.013920783996582 0.0134754180908203 0.16302490234375 0.296783447265625
-0.0277156829833984 -0.0137920379638672 -0.156097412109375 0.37139892578125
0.000801086425781252 -0.0385589599609375 -0.4617919921875 0.19073486328125
0.0271873474121094 0.00421714782714844 -0.384002685546875 -0.070220947265625
0.0405349731445313 0.047027587890625 0.0112152099609375 0.0686111450195313
0.0404701232910156 0.020172119140625 0.448822021484375 0.148712158203125
0.0152111053466797 -0.0125102996826172 0.504425048828125 -0.213226318359375
-0.0134286880493164 -0.0137290954589844 0.099761962890625 -0.431243896484375
-0.0091714859008789 -0.000660896301269531 -0.219924926757813 -0.254440307617187
0.0040435791015625 0.0146512985229492 -0.238967895507813 -0.0542449951171875
0.0134744644165039 0.0144128799438477 -0.09674072265625 0.0816574096679688
0.00821924209594727 -0.00526189804077149 0.0362014770507812 0.0944976806640625
0.011932373046875 -0.00283908843994141 -0.0122222900390625 -0.0902328491210938
0.0116825103759766 0.0142841339111328 0.127899169921875 -0.0499649047851563
0.00724411010742187 0.0190258026123047 0.21942138671875 0.0836639404296875
-0.0138235092163086 0.0146732330322266 0.167022705078125 0.29547119140625
-0.0278778076171875 -0.0126018524169922 -0.152069091796875 0.3746337890625
-0.00100326538085938 -0.0385513305664063 -0.4588623046875 0.1949462890625
0.0250949859619141 0.00198936462402344 -0.3837890625 -0.0679931640625
0.0384941101074219 0.0449562072753906 0.00968170166015625 0.0668411254882813
0.0392608642578125 0.0196647644042969 0.448394775390625 0.15057373046875
0.0142574310302734 -0.0126171112060547 0.506988525390625 -0.20953369140625
-0.0123615264892578 -0.0138387680053711 0.10418701171875 -0.431304931640625
-0.00900459289550781 -0.0011587142944336 -0.218551635742188 -0.257125854492187
0.00415134429931641 0.0139980316162109 -0.238922119140625 -0.05584716796875
0.0144805908203125 0.0138950347900391 -0.0970230102539063 0.0814971923828125
0.00940608978271484 -0.00575923919677734 0.0359878540039063 0.093994140625
0.0126056671142578 -0.00349712371826172 -0.013214111328125 -0.0911102294921875
0.0124111175537109 0.0143394470214844 0.127677917480469 -0.0498275756835938
0.00699234008789062 0.0201225280761719 0.220062255859375 0.082366943359375
-0.013117790222168 0.0150642395019531 0.169921875 0.294403076171875
-0.0281200408935547 -0.0118675231933594 -0.14715576171875 0.375396728515625
-0.00230026245117187 -0.0392684936523438 -0.4552001953125 0.198089599609375
0.0229473114013672 0.000738143920898438 -0.383636474609375 -0.066497802734375
0.0355339050292969 0.0427627563476563 0.00819778442382813 0.0673904418945313
0.0366287231445313 0.0184783935546875 0.447967529296875 0.154815673828125
0.0128040313720703 -0.0126724243164063 0.509063720703125 -0.205780029296875
-0.0134677886962891 -0.0125532150268555 0.10711669921875 -0.431060791015625
-0.00897693634033203 0.000164031982421874 -0.215866088867188 -0.2574462890625
0.00330257415771484 0.0140342712402344 -0.237960815429688 -0.055938720703125
0.0144252777099609 0.013239860534668 -0.0972061157226562 0.082305908203125
0.00983905792236328 -0.00495147705078125 0.0358352661132812 0.094512939453125
0.0121421813964844 -0.00347423553466797 -0.012969970703125 -0.0904159545898437
0.0116586685180664 0.0137863159179687 0.128021240234375 -0.0492324829101563
0.00640487670898437 0.0199680328369141 0.2208251953125 0.0824127197265625
-0.0134286880493164 0.0153656005859375 0.172119140625 0.29296875
-0.0282993316650391 -0.0112152099609375 -0.145751953125 0.3746337890625
-0.00271224975585938 -0.0388221740722656 -0.453765869140625 0.198974609375
0.0210151672363281 -0.00110244750976563 -0.3837890625 -0.065032958984375
0.0333633422851563 0.0400199890136719 0.00859451293945313 0.0671882629394531
0.0344104766845703 0.0175094604492188 0.448455810546875 0.156646728515625
0.0121126174926758 -0.0123357772827148 0.511688232421875 -0.203399658203125
-0.0130987167358398 -0.0126209259033203 0.10845947265625 -0.430419921875
-0.00893783569335938 0.00126838684082031 -0.214645385742187 -0.257156372070313
0.00337505340576172 0.0138568878173828 -0.23773193359375 -0.0554046630859375
0.0140342712402344 0.0135021209716797 -0.0967025756835938 0.0829010009765625
0.0101814270019531 -0.00508499145507813 0.0360870361328125 0.0956573486328125
0.0118818283081055 -0.00363445281982422 -0.0136260986328125 -0.0907821655273438
0.0119552612304687 0.015162467956543 0.128044128417969 -0.0489120483398438
0.00750923156738281 0.0199966430664063 0.22113037109375 0.083526611328125
-0.0128517150878906 0.0159006118774414 0.17169189453125 0.295013427734375
-0.0275287628173828 -0.0106449127197266 -0.145721435546875 0.374603271484375
-0.00403213500976563 -0.0385284423828125 -0.45391845703125 0.1973876953125
0.0189189910888672 -0.00184249877929688 -0.383270263671875 -0.065460205078125
0.0312843322753906 0.0380630493164063 0.0103950500488281 0.0681991577148438
0.0328483581542969 0.0165519714355469 0.44854736328125 0.157379150390625
0.011784553527832 -0.0121860504150391 0.5115966796875 -0.2030029296875
-0.0125713348388672 -0.0114908218383789 0.108673095703125 -0.429931640625
-0.00841283798217773 0.00147438049316406 -0.215072631835938 -0.25567626953125
0.00279331207275391 0.0144405364990234 -0.2374267578125 -0.0543975830078125
0.013005256652832 0.0140409469604492 -0.0964431762695313 0.0837173461914062
0.0103340148925781 -0.00504112243652344 0.0355606079101562 0.0967559814453125
0.01043701171875 -0.00325965881347656 -0.0142135620117187 -0.091339111328125
0.0111188888549805 0.0155477523803711 0.129951477050781 -0.0476837158203125
0.00626182556152344 0.0204067230224609 0.221649169921875 0.08404541015625
-0.0134210586547852 0.0160350799560547 0.171295166015625 0.297576904296875
-0.0274410247802734 -0.0105209350585938 -0.148895263671875 0.373870849609375
-0.00308609008789062 -0.0377273559570313 -0.456329345703125 0.19476318359375
0.0179214477539063 -0.00160026550292969 -0.38134765625 -0.0672607421875
0.0293197631835938 0.0364723205566406 0.0123367309570312 0.0707015991210938
0.0316696166992188 0.0155677795410156 0.450286865234375 0.157135009765625
0.01165771484375 -0.0115470886230469 0.509613037109375 -0.204437255859375
-0.0130081176757812 -0.0114879608154297 0.1063232421875 -0.42791748046875
-0.00902557373046875 0.00133514404296875 -0.216598510742187 -0.255050659179688
0.00281143188476563 0.0149507522583008 -0.237319946289063 -0.0532684326171875
0.0124940872192383 0.0146036148071289 -0.0961837768554688 0.08538818359375
0.00848674774169922 -0.00532722473144531 0.0347671508789063 0.0981674194335938
0.00983905792236328 -0.00407600402832031 -0.0137252807617188 -0.0938796997070313
0.0106687545776367 0.0164499282836914 0.131484985351563 -0.0493240356445313
0.00509452819824219 0.0197467803955078 0.221359252929688 0.0842742919921875
-0.0134973526000977 0.01666259765625 0.167724609375 0.298828125
-0.0271015167236328 -0.0102577209472656 -0.154571533203125 0.37237548828125
-0.00293731689453125 -0.037078857421875 -0.462738037109375 0.19158935546875
0.0175046920776367 -0.00119876861572266 -0.381103515625 -0.0686340332031251
0.0292434692382813 0.036529541015625 0.0163192749023437 0.0723876953125
0.0318641662597656 0.0156669616699219 0.45452880859375 0.15570068359375
0.011958122253418 -0.0115861892700195 0.509918212890625 -0.205963134765625
-0.0126914978027344 -0.0111169815063477 0.101776123046875 -0.427886962890625
-0.00921535491943359 0.00270938873291016 -0.21881103515625 -0.251785278320313
0.00201892852783203 0.0154094696044922 -0.23736572265625 -0.0508880615234375
0.0117216110229492 0.0156059265136719 -0.0943756103515625 0.0875091552734375
0.00633001327514648 -0.00496053695678711 0.0376663208007813 0.102134704589844
0.00859546661376953 -0.00360393524169922 -0.0138702392578125 -0.0942306518554688
0.00927925109863281 0.0174055099487305 0.13275146484375 -0.046539306640625
0.0052337646484375 0.0195369720458984 0.220489501953125 0.0872955322265625
-0.0131292343139648 0.0162134170532227 0.16412353515625 0.30059814453125
-0.0270328521728516 -0.0106430053710938 -0.158721923828125 0.370025634765625
-0.0012359619140625 -0.0370941162109375 -0.4610595703125 0.186309814453125
0.0185146331787109 -6.103515625E-05 -0.37890625 -0.0689086914062501
0.0296287536621094 0.0373268127441406 0.0191650390625 0.075286865234375
0.0317668914794922 0.0162448883056641 0.45538330078125 0.15118408203125
0.0124177932739258 -0.0110654830932617 0.5042724609375 -0.212554931640625
-0.0127267837524414 -0.0112409591674805 0.094390869140625 -0.427886962890625
-0.00912761688232422 0.00149631500244141 -0.22222900390625 -0.249725341796875
0.00217723846435547 0.0161914825439453 -0.237091064453125 -0.049346923828125
0.0104866027832031 0.0165014266967773 -0.093841552734375 0.088623046875
0.00473833084106445 -0.00594520568847656 0.0359725952148437 0.101860046386719
0.011322021484375 -0.00312423706054688 -0.0120468139648437 -0.091583251953125
0.0117921829223633 0.0149364471435547 0.129776000976563 -0.0509567260742188
0.00772857666015625 0.0197525024414063 0.222000122070313 0.0836181640625
-0.0146026611328125 0.014063835144043 0.169677734375 0.297454833984375
-0.0284996032714844 -0.0127677917480469 -0.15399169921875 0.37890625
-0.000854492187499999 -0.0393524169921875 -0.4656982421875 0.199005126953125
0.0281715393066406 0.00270462036132813 -0.3895263671875 -0.0657043457031251
0.0417251586914062 0.04736328125 0.0117149353027344 0.0688629150390625
0.0408096313476563 0.0193977355957031 0.455902099609375 0.14471435546875
0.0148811340332031 -0.0127744674682617 0.507720947265625 -0.221771240234375
-0.0139036178588867 -0.0133962631225586 0.094970703125 -0.438751220703125
-0.00922775268554688 -0.00094890594482422 -0.226455688476563 -0.254959106445312
0.00486946105957031 0.0139532089233398 -0.242660522460938 -0.051910400390625
0.0138397216796875 0.0145359039306641 -0.096160888671875 0.0844268798828125
0.00708818435668945 -0.00532007217407227 0.0385208129882812 0.0951766967773437
0.0119476318359375 -0.00315284729003906 -0.0129852294921875 -0.0910797119140625
0.0128793716430664 0.014887809753418 0.129158020019531 -0.05224609375
0.00809860229492187 0.0195522308349609 0.223342895507813 0.082183837890625
-0.0137414932250977 0.0148439407348633 0.173797607421875 0.295257568359375
-0.0286083221435547 -0.0122966766357422 -0.148162841796875 0.380950927734375
-0.00154495239257812 -0.0390625 -0.461212158203125 0.204498291015625
0.0260391235351563 0.00143241882324219 -0.389373779296875 -0.0629577636718751
0.0391349792480469 0.0449142456054688 0.00989913940429688 0.0673904418945313
0.0395393371582031 0.0187873840332031 0.45599365234375 0.147705078125
0.0138969421386719 -0.0132379531860352 0.51068115234375 -0.21783447265625
-0.0132474899291992 -0.0134954452514648 0.097991943359375 -0.43780517578125
-0.00948429107666016 -0.00108146667480469 -0.224273681640625 -0.2569580078125
0.00398921966552734 0.0138530731201172 -0.242904663085938 -0.052703857421875
0.0149974822998047 0.0136299133300781 -0.0976104736328125 0.0841217041015625
0.0087733268737793 -0.00492143630981445 0.0374908447265625 0.0947418212890625
0.0119638442993164 -0.00360584259033203 -0.0135040283203125 -0.0916595458984375
0.013676643371582 0.0139608383178711 0.129005432128906 -0.0521163940429688
0.00830078125 0.0187664031982422 0.224044799804687 0.08001708984375
-0.014073371887207 0.0150079727172852 0.17681884765625 0.295074462890625
-0.0291709899902344 -0.0113582611083984 -0.143096923828125 0.3814697265625
-0.00326919555664063 -0.0390663146972656 -0.45855712890625 0.207916259765625
0.0227985382080078 0.000219345092773438 -0.39044189453125 -0.0628051757812501
0.0368728637695313 0.0428390502929688 0.00881576538085937 0.0664939880371094
0.03662109375 0.0180931091308594 0.455291748046875 0.150848388671875
0.0132961273193359 -0.0125646591186523 0.51336669921875 -0.214141845703125
-0.0134820938110352 -0.0122861862182617 0.10345458984375 -0.437896728515625
-0.00903892517089844 -0.000452995300292967 -0.2220458984375 -0.25787353515625
0.0040435791015625 0.0144491195678711 -0.24237060546875 -0.0520782470703125
0.0146026611328125 0.013463020324707 -0.0971145629882813 0.0850296020507813
0.00945758819580078 -0.004913330078125 0.0374908447265625 0.0960540771484375
0.0122156143188477 -0.00361347198486328 -0.0141372680664062 -0.091278076171875
0.0122861862182617 0.0144329071044922 0.129844665527344 -0.052093505859375
0.00737762451171875 0.019683837890625 0.22479248046875 0.0794219970703125
-0.0130090713500977 0.0158424377441406 0.178009033203125 0.294891357421875
-0.0287284851074219 -0.0101604461669922 -0.14190673828125 0.38134765625
-0.00443649291992188 -0.0391120910644531 -0.4560546875 0.208343505859375
0.0200595855712891 -0.000772476196289063 -0.3885498046875 -0.060821533203125
0.0339469909667969 0.0397987365722656 0.00920104980468751 0.0672225952148438
0.0349407196044922 0.0169773101806641 0.45703125 0.151336669921875
0.0121974945068359 -0.0127248764038086 0.51495361328125 -0.21246337890625
-0.013157844543457 -0.0119237899780273 0.1051025390625 -0.438385009765625
-0.00839471817016602 0.00050067901611328 -0.221664428710938 -0.257980346679688
0.00408172607421875 0.014404296875 -0.241836547851562 -0.05181884765625
0.0144033432006836 0.0135183334350586 -0.09771728515625 0.085235595703125
0.00991439819335938 -0.00547981262207031 0.036590576171875 0.0967178344726563
0.0118541717529297 -0.00379276275634766 -0.0145721435546875 -0.09222412109375
0.0124406814575195 0.014948844909668 0.130264282226563 -0.0518341064453125
0.00699996948242188 0.0200386047363281 0.225509643554688 0.08056640625
-0.0139379501342773 0.0162601470947266 0.179229736328125 0.2952880859375
-0.0281963348388672 -0.00996971130371094 -0.142364501953125 0.38104248046875
-0.00423049926757812 -0.0383682250976563 -0.45703125 0.20660400390625
0.0190315246582031 -0.0014801025390625 -0.388519287109375 -0.0615234375
0.0319900512695313 0.0379867553710938 0.0110282897949219 0.0689849853515625
0.0334339141845703 0.0161972045898438 0.456573486328125 0.154632568359375
0.0113687515258789 -0.0124273300170898 0.515289306640625 -0.21142578125
-0.0134496688842773 -0.0116405487060547 0.10400390625 -0.436737060546875
-0.00861215591430664 0.00110626220703125 -0.221725463867188 -0.257034301757813
0.00275039672851563 0.0144987106323242 -0.242218017578125 -0.0512542724609375
0.013514518737793 0.0139369964599609 -0.0973663330078125 0.0873184204101563
0.00957012176513672 -0.00494956970214844 0.03692626953125 0.0975189208984375
0.0104150772094727 -0.00319957733154297 -0.0152130126953125 -0.0928573608398438
0.0120134353637695 0.0157680511474609 0.132499694824219 -0.0508804321289063
0.00650978088378906 0.0199813842773437 0.226104736328125 0.0823822021484375
-0.0135173797607422 0.0172767639160156 0.177001953125 0.298736572265625
-0.0280208587646484 -0.0102958679199219 -0.145477294921875 0.380767822265625
-0.00438308715820312 -0.03790283203125 -0.459625244140625 0.203125
0.0180168151855469 -0.0019073486328125 -0.386962890625 -0.0635986328125
0.0302047729492188 0.0364265441894531 0.0134925842285156 0.0702705383300781
0.032135009765625 0.0153980255126953 0.4583740234375 0.153289794921875
0.0108394622802734 -0.0119209289550781 0.51312255859375 -0.21343994140625
-0.0125885009765625 -0.0115222930908203 0.1024169921875 -0.435272216796875
-0.00883102416992188 0.00157928466796875 -0.222412109375 -0.255401611328125
0.00261497497558594 0.0148162841796875 -0.241729736328125 -0.050262451171875
0.0133914947509766 0.0145187377929687 -0.0964202880859375 0.08837890625
0.00830268859863281 -0.00575780868530273 0.0357437133789063 0.099090576171875
0.00952529907226563 -0.00355339050292969 -0.0153350830078125 -0.0952301025390625
0.0112924575805664 0.0167512893676758 0.133750915527344 -0.051544189453125
0.00562477111816406 0.0196514129638672 0.225173950195312 0.082733154296875
-0.0131378173828125 0.0168933868408203 0.17572021484375 0.30059814453125
-0.0274085998535156 -0.00976371765136718 -0.150787353515625 0.37939453125
-0.00356292724609375 -0.0375595092773438 -0.465728759765625 0.1990966796875
0.0169639587402344 -0.00165939331054688 -0.386444091796875 -0.0654602050781251
0.0292472839355469 0.0362625122070313 0.0173492431640625 0.0730438232421875
0.0320224761962891 0.015594482421875 0.461700439453125 0.152069091796875
0.0122442245483398 -0.0114593505859375 0.513153076171875 -0.215301513671875
-0.0131568908691406 -0.010711669921875 0.09698486328125 -0.435882568359375
-0.00969600677490234 0.00264358520507812 -0.225433349609375 -0.252151489257812
0.00205516815185547 0.0155677795410156 -0.240951538085937 -0.04791259765625
0.0122509002685547 0.0157146453857422 -0.0942153930664063 0.089935302734375
0.00592613220214844 -0.00399494171142578 0.0394134521484375 0.103126525878906
0.00803375244140625 -0.00393581390380859 -0.0156097412109375 -0.0954666137695313
0.0105419158935547 0.0175971984863281 0.133628845214844 -0.0495147705078125
0.00522804260253906 0.0201835632324219 0.225021362304688 0.08489990234375
-0.0131587982177734 0.0167160034179687 0.1707763671875 0.30169677734375
-0.02789306640625 -0.0103778839111328 -0.15594482421875 0.37774658203125
-0.00145721435546875 -0.0374717712402344 -0.465972900390625 0.194732666015625
0.0188274383544922 -3.814697265625E-06 -0.384613037109375 -0.0671997070312501
0.0302238464355469 0.0371818542480469 0.0199050903320313 0.0755767822265625
0.0329113006591797 0.0152721405029297 0.46356201171875 0.147552490234375
0.0120573043823242 -0.010955810546875 0.508544921875 -0.222076416015625
-0.0126676559448242 -0.0107936859130859 0.089141845703125 -0.436431884765625
-0.00930213928222656 0.00152492523193359 -0.228378295898438 -0.249465942382813
0.0027475357055664 0.0163917541503906 -0.24053955078125 -0.0462493896484375
0.0110301971435547 0.0161495208740234 -0.0938568115234375 0.0909805297851562
0.00469684600830078 -0.00554037094116211 0.0373687744140625 0.1031494140625
0.0117740631103516 -0.0034332275390625 -0.0128707885742188 -0.0919189453125
0.0135173797607422 0.0153617858886719 0.130844116210937 -0.05426025390625
0.00799560546875 0.0188102722167969 0.22650146484375 0.0805511474609375
-0.0141115188598633 0.0146951675415039 0.177764892578125 0.29803466796875
-0.0290851593017578 -0.0127677917480469 -0.15069580078125 0.384613037109375
-0.000942230224609375 -0.0394210815429688 -0.468505859375 0.20745849609375
0.0280342102050781 0.00249099731445313 -0.393768310546875 -0.0618896484375
0.0419387817382813 0.0466995239257812 0.0130882263183594 0.0692100524902344
0.0416946411132812 0.0186233520507813 0.462890625 0.139923095703125
0.0146198272705078 -0.0128564834594727 0.509521484375 -0.23291015625
-0.0132932662963867 -0.0133066177368164 0.087921142578125 -0.44622802734375
-0.00866031646728516 -0.00121402740478516 -0.2337646484375 -0.254730224609375
0.00464153289794922 0.0139999389648438 -0.247238159179687 -0.04736328125
0.014836311340332 0.0141563415527344 -0.0960617065429687 0.0870132446289063
0.00673389434814453 -0.00526666641235352 0.0400466918945313 0.0950851440429688
0.0116214752197266 -0.0035858154296875 -0.01422119140625 -0.0918655395507813
0.0130529403686523 0.0146102905273438 0.130851745605469 -0.0548248291015625
0.0079498291015625 0.0194854736328125 0.227447509765625 0.07843017578125
-0.0134048461914062 0.0150213241577148 0.180694580078125 0.297027587890625
-0.0291519165039063 -0.0120086669921875 -0.144927978515625 0.3875732421875
-0.0035858154296875 -0.0390625 -0.463531494140625 0.214752197265625
0.0254611968994141 0.00209999084472656 -0.395172119140625 -0.0573120117187501
0.0399665832519531 0.0447502136230469 0.0107154846191406 0.0678520202636719
0.0397987365722656 0.0186958312988281 0.461822509765625 0.14178466796875
0.0134038925170898 -0.0135316848754883 0.513763427734375 -0.2293701171875
-0.0133266448974609 -0.0132970809936523 0.09356689453125 -0.44622802734375
-0.00935173034667969 -0.000900268554687501 -0.231048583984375 -0.25653076171875
0.0052032470703125 0.0140676498413086 -0.24700927734375 -0.047882080078125
0.0153427124023438 0.0132894515991211 -0.0968093872070312 0.0873641967773438
0.00837469100952148 -0.00532007217407227 0.0386199951171875 0.0956344604492188
0.0129604339599609 -0.00397300720214844 -0.014801025390625 -0.0923614501953125
0.0136604309082031 0.014094352722168 0.130744934082031 -0.0548629760742188
0.00871467590332031 0.0195388793945312 0.228347778320313 0.0769805908203125
-0.0137338638305664 0.0154867172241211 0.18414306640625 0.295501708984375
-0.0294475555419922 -0.0109996795654297 -0.139678955078125 0.38836669921875
-0.00379180908203125 -0.0396842956542969 -0.459625244140625 0.217987060546875
0.0230007171630859 0.0007781982421875 -0.395172119140625 -0.056365966796875
0.0378761291503906 0.0424118041992188 0.00997543334960937 0.0667839050292969
0.0379524230957031 0.0171546936035156 0.460662841796875 0.145751953125
0.0127925872802734 -0.0129022598266602 0.51531982421875 -0.226593017578125
-0.0138053894042969 -0.0122880935668945 0.096893310546875 -0.445281982421875
-0.00911998748779297 0.000607490539550783 -0.229049682617188 -0.25762939453125
0.0048370361328125 0.0139350891113281 -0.246627807617188 -0.04925537109375
0.0152082443237305 0.0128059387207031 -0.09820556640625 0.0878219604492188
0.00892543792724609 -0.00435066223144531 0.039215087890625 0.0964431762695313
0.0122127532958984 -0.00327777862548828 -0.0156097412109375 -0.0920333862304688
0.0136508941650391 0.0146579742431641 0.130851745605469 -0.0548629760742188
0.00847434997558594 0.0199146270751953 0.228775024414063 0.0770263671875
-0.0131978988647461 0.016749382019043 0.1856689453125 0.295501708984375
-0.0295810699462891 -0.0100822448730469 -0.13787841796875 0.3883056640625
-0.00490188598632813 -0.0392875671386719 -0.459930419921875 0.217987060546875
0.0211143493652344 -0.000909805297851563 -0.39404296875 -0.056304931640625
0.0348129272460937 0.0394515991210938 0.0102081298828125 0.067291259765625
0.0348052978515625 0.0163288116455078 0.46142578125 0.147003173828125
0.0119037628173828 -0.0130319595336914 0.517364501953125 -0.223388671875
-0.0145606994628906 -0.0114660263061523 0.09912109375 -0.445068359375
-0.00823450088500977 0.000751972198486328 -0.228668212890625 -0.25750732421875
0.00396728515625 0.0141448974609375 -0.246231079101563 -0.04827880859375
0.0152492523193359 0.0130748748779297 -0.097412109375 0.0879135131835937
0.0093994140625 -0.00520515441894531 0.0388336181640625 0.0971298217773438
0.0115079879760742 -0.0031280517578125 -0.0155105590820313 -0.0931625366210938
0.0124359130859375 0.0149059295654297 0.130966186523438 -0.0545272827148438
0.00709152221679688 0.0201072692871094 0.229476928710938 0.0773162841796875
-0.0131053924560547 0.0166158676147461 0.186309814453125 0.297088623046875
-0.0292034149169922 -0.0102367401123047 -0.1383056640625 0.389190673828125
-0.0051727294921875 -0.0386466979980469 -0.459686279296875 0.217620849609375
0.0186004638671875 -0.00203323364257813 -0.39361572265625 -0.0558166503906249
0.0324363708496094 0.037872314453125 0.0118217468261719 0.0688705444335938
0.0338230133056641 0.0151863098144531 0.463226318359375 0.149444580078125
0.0117454528808594 -0.0131959915161133 0.517059326171875 -0.222564697265625
-0.0136432647705078 -0.0113687515258789 0.098052978515625 -0.444305419921875
-0.0086970329284668 0.00145435333251953 -0.228271484375 -0.256240844726563
0.00391864776611328 0.0148525238037109 -0.245193481445313 -0.0472869873046875
0.0151214599609375 0.0134782791137695 -0.096649169921875 0.0899810791015625
0.00930309295654297 -0.00539016723632813 0.0383529663085937 0.099639892578125
0.0103769302368164 -0.00346565246582031 -0.01593017578125 -0.093475341796875
0.012451171875 0.0155029296875 0.132804870605469 -0.053314208984375
0.006500244140625 0.0204048156738281 0.230056762695312 0.0790557861328125
-0.0141935348510742 0.0174360275268555 0.183990478515625 0.298492431640625
-0.0287723541259766 -0.00931930541992187 -0.14080810546875 0.38818359375
-0.00521469116210937 -0.0386848449707031 -0.46160888671875 0.21356201171875
0.0179290771484375 -0.0020294189453125 -0.392852783203125 -0.0582275390625
0.0313491821289063 0.0365142822265625 0.0142745971679687 0.0705718994140625
0.0326385498046875 0.0148105621337891 0.4647216796875 0.1473388671875
0.0111980438232422 -0.0122261047363281 0.51580810546875 -0.224822998046875
-0.0137748718261719 -0.0107316970825195 0.095245361328125 -0.443115234375
-0.00905418395996094 0.00162506103515625 -0.22943115234375 -0.2547607421875
0.00349140167236328 0.0151605606079102 -0.245254516601563 -0.046295166015625
0.0137357711791992 0.0139627456665039 -0.09637451171875 0.0908203125
0.00766086578369141 -0.00475692749023438 0.03814697265625 0.100151062011719
0.0088949203491211 -0.00426101684570313 -0.0160980224609375 -0.0959320068359375
0.0119028091430664 0.0158777236938477 0.134025573730469 -0.0547027587890625
0.00596809387207031 0.0198802947998047 0.229171752929688 0.079620361328125
-0.0129756927490234 0.0179767608642578 0.18304443359375 0.300872802734375
-0.0284652709960938 -0.00935554504394532 -0.14739990234375 0.38671875
-0.00444412231445312 -0.0382232666015625 -0.467803955078125 0.21051025390625
0.0170173645019531 -0.00128078460693359 -0.39178466796875 -0.06011962890625
0.0297088623046875 0.0355758666992188 0.017822265625 0.07281494140625
0.0326366424560547 0.0147857666015625 0.469512939453125 0.145751953125
0.0113439559936523 -0.011265754699707 0.51605224609375 -0.226287841796875
-0.0129489898681641 -0.0105447769165039 0.089691162109375 -0.44390869140625
-0.00908660888671875 0.00240230560302734 -0.232254028320313 -0.251724243164063
0.00325202941894531 0.0157747268676758 -0.244918823242187 -0.04364013671875
0.0127973556518555 0.015376091003418 -0.0947113037109375 0.0927734375
0.00513362884521484 -0.00432825088500977 0.04107666015625 0.104316711425781
0.00783920288085938 -0.00433921813964844 -0.0158843994140625 -0.09521484375
0.0106163024902344 0.0179328918457031 0.135643005371094 -0.0522079467773438
0.00558090209960937 0.0200729370117188 0.229324340820313 0.08123779296875
-0.0139570236206055 0.0165882110595703 0.17852783203125 0.3026123046875
-0.0277500152587891 -0.0103588104248047 -0.151947021484375 0.385345458984375
-0.002349853515625 -0.0376167297363281 -0.4677734375 0.205047607421875
0.0185451507568359 -0.000364303588867187 -0.38946533203125 -0.0618591308593751
0.0304908752441406 0.0365829467773438 0.0207977294921875 0.0753707885742188
0.0335330963134766 0.0148410797119141 0.470733642578125 0.141845703125
0.0118875503540039 -0.0115861892700195 0.509552001953125 -0.2330322265625
-0.0132932662963867 -0.0108852386474609 0.084014892578125 -0.4427490234375
-0.00946331024169922 0.00155067443847656 -0.235977172851562 -0.25006103515625
0.00204753875732422 0.0157241821289063 -0.245132446289063 -0.0422515869140625
0.0120058059692383 0.016545295715332 -0.0938568115234375 0.0935592651367187
0.00419092178344727 -0.00457334518432617 0.0389862060546875 0.103416442871094
0.0116386413574219 -0.00351905822753906 -0.01416015625 -0.0924911499023438
0.0142202377319336 0.01483154296875 0.13189697265625 -0.056854248046875
0.008575439453125 0.0192985534667969 0.230621337890625 0.07672119140625
-0.0138463973999023 0.0157413482666016 0.18597412109375 0.296905517578125
-0.0298328399658203 -0.0122833251953125 -0.14385986328125 0.391998291015625
-0.00250625610351562 -0.0397186279296875 -0.4697265625 0.2197265625
0.0280170440673828 0.00248527526855469 -0.39959716796875 -0.0546569824218749
0.0430183410644531 0.0463676452636719 0.0138969421386719 0.0683860778808594
0.0422134399414063 0.0180702209472656 0.469207763671875 0.134307861328125
0.0142374038696289 -0.0142383575439453 0.5103759765625 -0.244415283203125
-0.0142364501953125 -0.0133399963378906 0.082122802734375 -0.452301025390625
-0.00969123840332031 -0.000827789306640626 -0.24090576171875 -0.252700805664063
0.00510120391845703 0.0139808654785156 -0.250518798828125 -0.041839599609375
0.0154609680175781 0.0134811401367188 -0.0957489013671875 0.089691162109375
0.00651884078979492 -0.00551986694335938 0.0411605834960938 0.0968704223632813
0.0119256973266602 -0.00310039520263672 -0.0154647827148438 -0.092620849609375
0.0143699645996094 0.0141201019287109 0.13153076171875 -0.0582733154296875
0.00930023193359375 0.0194816589355469 0.231307983398438 0.075042724609375
-0.0138254165649414 0.0160760879516602 0.188507080078125 0.2955322265625
-0.0296955108642578 -0.0119781494140625 -0.14019775390625 0.394805908203125
-0.003814697265625 -0.039825439453125 -0.46588134765625 0.226531982421875
0.0255336761474609 0.0013885498046875 -0.399810791015625 -0.0520629882812499
0.0405616760253906 0.0445098876953125 0.011962890625 0.0678520202636719
0.0408134460449219 0.0175094604492188 0.469085693359375 0.134765625
0.0131235122680664 -0.0140647888183594 0.51397705078125 -0.24224853515625
-0.0145235061645508 -0.0128326416015625 0.0865478515625 -0.453216552734375
-0.00902366638183594 -0.000238418579101563 -0.238113403320313 -0.254638671875
0.00536632537841797 0.013249397277832 -0.250030517578125 -0.043670654296875
0.0160083770751953 0.0131998062133789 -0.09637451171875 0.0897903442382813
0.00800657272338867 -0.00511026382446289 0.0408706665039062 0.096649169921875
0.0122871398925781 -0.003448486328125 -0.0162811279296875 -0.0930709838867188
0.0149040222167969 0.0141267776489258 0.131561279296875 -0.058685302734375
0.00868415832519531 0.0199337005615234 0.232101440429688 0.0730743408203125
-0.013392448425293 0.0166530609130859 0.19122314453125 0.296051025390625
-0.0300369262695313 -0.0103855133056641 -0.134674072265625 0.3955078125
-0.0042877197265625 -0.039398193359375 -0.46160888671875 0.228240966796875
0.0229320526123047 -0.000192642211914062 -0.40008544921875 -0.0497741699218751
0.0386924743652344 0.0418319702148438 0.0103111267089844 0.0669021606445313
0.0380668640136719 0.0163497924804688 0.467803955078125 0.1387939453125
0.0126123428344727 -0.013702392578125 0.516845703125 -0.23773193359375
-0.0138139724731445 -0.012364387512207 0.09014892578125 -0.451385498046875
-0.00864839553833008 0.000482559204101563 -0.236907958984375 -0.256149291992188
0.00583934783935547 0.0136375427246094 -0.249847412109375 -0.0441436767578125
0.0155200958251953 0.0123891830444336 -0.096710205078125 0.0904998779296875
0.00963973999023438 -0.00505924224853516 0.0409011840820312 0.0975418090820313
0.0118799209594727 -0.00298404693603516 -0.0174484252929687 -0.0926055908203125
0.0144662857055664 0.0142230987548828 0.131744384765625 -0.0580673217773438
0.00811576843261719 0.0194835662841797 0.232574462890625 0.0735626220703125
-0.0135908126831055 0.0173406600952148 0.193634033203125 0.29534912109375
-0.0299968719482422 -0.00931358337402344 -0.1324462890625 0.395477294921875
-0.00569915771484375 -0.0388412475585937 -0.46051025390625 0.229827880859375
0.0201168060302734 -0.00149917602539063 -0.3990478515625 -0.0499877929687499
0.0356025695800781 0.0392112731933594 0.0106773376464844 0.067291259765625
0.0362892150878906 0.0152397155761719 0.46875 0.14007568359375
0.0116701126098633 -0.0142412185668945 0.516998291015625 -0.235260009765625
-0.0143203735351563 -0.0118579864501953 0.091400146484375 -0.451202392578125
-0.00894927978515625 0.00072193145751953 -0.235855102539063 -0.255508422851563
0.00400066375732422 0.0141572952270508 -0.2498779296875 -0.043548583984375
0.0159816741943359 0.0117912292480469 -0.097137451171875 0.0908889770507813
0.00881481170654297 -0.00537681579589844 0.0408401489257812 0.0982437133789063
0.011326789855957 -0.00389385223388672 -0.0173721313476562 -0.093994140625
0.0137224197387695 0.014500617980957 0.132217407226563 -0.058380126953125
0.0081634521484375 0.0198707580566406 0.233627319335938 0.0730438232421875
-0.013275146484375 0.0177688598632813 0.19354248046875 0.295501708984375
-0.0294265747070313 -0.00902938842773437 -0.131439208984375 0.395172119140625
-0.00600433349609375 -0.0390777587890625 -0.460296630859375 0.227508544921875
0.0187530517578125 -0.002105712890625 -0.398712158203125 -0.05096435546875
0.0331687927246094 0.0371665954589844 0.0122299194335938 0.068756103515625
0.0341148376464844 0.0149784088134766 0.47021484375 0.141571044921875
0.0114755630493164 -0.0132761001586914 0.517730712890625 -0.23431396484375
-0.0138320922851562 -0.0118474960327148 0.09173583984375 -0.450927734375
-0.00880813598632813 0.00133514404296875 -0.23638916015625 -0.254714965820312
0.00424861907958985 0.0149021148681641 -0.248977661132813 -0.0433502197265625
0.015040397644043 0.013300895690918 -0.096435546875 0.0928268432617187
0.00806808471679688 -0.00503301620483399 0.04034423828125 0.0995635986328125
0.0107479095458984 -0.0034637451171875 -0.0174636840820312 -0.0936355590820313
0.0136280059814453 0.0153675079345703 0.1337890625 -0.0572586059570313
0.0070953369140625 0.0205001831054687 0.233795166015625 0.07513427734375
-0.0137615203857422 0.0178298950195313 0.192047119140625 0.29827880859375
-0.0296077728271484 -0.00870323181152344 -0.135162353515625 0.3941650390625
-0.00583267211914062 -0.0383338928222656 -0.46197509765625 0.224578857421875
0.0175447463989258 -0.00220203399658203 -0.3973388671875 -0.0517272949218749
0.0312309265136719 0.0358543395996094 0.0149459838867187 0.070953369140625
0.0335731506347656 0.0143241882324219 0.471221923828125 0.14044189453125
0.0111780166625977 -0.0128936767578125 0.517242431640625 -0.23675537109375
-0.0135536193847656 -0.0104475021362305 0.088226318359375 -0.448394775390625
-0.00900840759277344 0.00148200988769531 -0.236785888671875 -0.253448486328125
0.00369453430175781 0.0152101516723633 -0.24871826171875 -0.0415496826171875
0.014404296875 0.0137386322021484 -0.0960464477539062 0.0939102172851563
0.00733709335327148 -0.00540351867675781 0.0399322509765625 0.10076904296875
0.00915622711181641 -0.00365447998046875 -0.0183258056640625 -0.0963287353515625
0.013585090637207 0.0156517028808594 0.135398864746094 -0.0582733154296875
0.00640296936035156 0.0200996398925781 0.233062744140625 0.0751800537109375
-0.0132026672363281 0.0182132720947266 0.190185546875 0.299163818359375
-0.0288848876953125 -0.00892829895019532 -0.14117431640625 0.3929443359375
-0.00474166870117188 -0.0373725891113281 -0.468505859375 0.220489501953125
0.0175743103027344 -0.00168418884277344 -0.397674560546875 -0.0543212890625
0.0302848815917969 0.0359077453613281 0.0191802978515625 0.072906494140625
0.0336227416992188 0.0135631561279297 0.474822998046875 0.1380615234375
0.0117168426513672 -0.0122480392456055 0.516693115234375 -0.237548828125
-0.0137367248535156 -0.00993061065673828 0.0838623046875 -0.449127197265625
-0.00868463516235352 0.0026702880859375 -0.24005126953125 -0.249221801757812
0.00281238555908203 0.0152521133422852 -0.248321533203125 -0.0394439697265625
0.0135831832885742 0.0151262283325195 -0.0946578979492187 0.0953521728515625
0.00489521026611328 -0.00368261337280273 0.04290771484375 0.103851318359375
0.00761938095092773 -0.00424480438232422 -0.0178604125976563 -0.09661865234375
0.0117645263671875 0.0175266265869141 0.136268615722656 -0.0563430786132813
0.00635147094726563 0.0200004577636719 0.233078002929688 0.077423095703125
-0.0133857727050781 0.0178890228271484 0.1865234375 0.3021240234375
-0.0283870697021484 -0.00971794128417969 -0.14715576171875 0.390899658203125
-0.00390625 -0.0377845764160156 -0.469940185546875 0.216064453125
0.0185070037841797 -0.000316619873046875 -0.39544677734375 -0.0565185546875
0.0311508178710937 0.0362510681152344 0.02166748046875 0.0747833251953125
0.0337257385253906 0.0141105651855469 0.47637939453125 0.134063720703125
0.0120258331298828 -0.0116987228393555 0.509796142578125 -0.244720458984375
-0.0136489868164063 -0.00980091094970703 0.0758056640625 -0.449432373046875
-0.00904273986816406 0.00184249877929688 -0.242095947265625 -0.2470703125
0.00295352935791016 0.0156679153442383 -0.248397827148438 -0.0373077392578125
0.0126934051513672 0.0158834457397461 -0.0931549072265625 0.0974578857421875
0.00399112701416016 -0.00494050979614258 0.0413131713867188 0.104393005371094
0.0112886428833008 -0.00348281860351563 -0.0157546997070312 -0.0934066772460938
0.0147523880004883 0.0146398544311523 0.132308959960938 -0.0609130859375
0.00922393798828125 0.0199050903320313 0.234359741210938 0.0723724365234375
-0.0141716003417969 0.0157928466796875 0.193145751953125 0.296600341796875
-0.0303020477294922 -0.0121364593505859 -0.13739013671875 0.39801025390625
-0.0029296875 -0.0397148132324219 -0.468963623046875 0.231475830078125
0.0273265838623047 0.00194931030273438 -0.40325927734375 -0.046173095703125
0.04351806640625 0.0453414916992188 0.015167236328125 0.0692939758300781
0.0427207946777344 0.0172538757324219 0.47540283203125 0.123565673828125
0.0138483047485352 -0.0139312744140625 0.508819580078125 -0.2574462890625
-0.0141973495483398 -0.0130128860473633 0.073333740234375 -0.457794189453125
-0.00944805145263672 -0.00104999542236328 -0.248626708984375 -0.249847412109375
0.00525665283203125 0.0133953094482422 -0.253265380859375 -0.0370941162109375
0.0163364410400391 0.0129823684692383 -0.0946502685546875 0.0931243896484375
0.00673007965087891 -0.00444269180297852 0.0436553955078125 0.0962448120117188
0.0125255584716797 -0.00284194946289063 -0.0165863037109375 -0.0937881469726563
0.0156421661376953 0.0136117935180664 0.131355285644531 -0.061431884765625
0.00838661193847656 0.0204658508300781 0.234649658203125 0.070526123046875
-0.0128307342529297 0.0161666870117188 0.19671630859375 0.294708251953125
-0.0302619934082031 -0.0111351013183594 -0.13226318359375 0.399749755859375
-0.00455856323242187 -0.0394363403320313 -0.46368408203125 0.2374267578125
0.0253009796142578 0.00105857849121094 -0.4031982421875 -0.045135498046875
0.0418243408203125 0.0432624816894531 0.0122146606445313 0.0673904418945313
0.0408782958984375 0.0157394409179687 0.473052978515625 0.12738037109375
0.0138216018676758 -0.0142450332641602 0.512115478515625 -0.251800537109375
-0.0138158798217773 -0.0129423141479492 0.078216552734375 -0.45733642578125
-0.00942897796630859 -0.00046253204345703 -0.245025634765625 -0.252227783203125
0.00616931915283203 0.0139369964599609 -0.253173828125 -0.0383453369140625
0.0163383483886719 0.011805534362793 -0.095794677734375 0.0929946899414062
0.00818634033203125 -0.00498008728027344 0.0433807373046875 0.0962753295898438
0.0121469497680664 -0.00341987609863281 -0.0175704956054688 -0.0931320190429688
0.0152788162231445 0.0143709182739258 0.131324768066406 -0.0618362426757813
0.00933647155761719 0.019287109375 0.235244750976563 0.0680694580078125
-0.0139255523681641 0.0173492431640625 0.199615478515625 0.293060302734375
-0.0302505493164063 -0.00938606262207031 -0.126678466796875 0.402252197265625
-0.00607681274414063 -0.0392875671386719 -0.46051025390625 0.24114990234375
0.0227832794189453 -0.000322341918945313 -0.40374755859375 -0.0430603027343751
0.0393180847167969 0.0411262512207031 0.0116310119628906 0.0668678283691406
0.0385932922363281 0.0156707763671875 0.474151611328125 0.130401611328125
0.0129175186157227 -0.0140647888183594 0.514556884765625 -0.25030517578125
-0.0150279998779297 -0.0118284225463867 0.082000732421875 -0.458465576171875
-0.00923347473144531 0.000428199768066406 -0.243026733398438 -0.251953125
0.005706787109375 0.0136451721191406 -0.253067016601563 -0.03851318359375
0.0168209075927734 0.0123462677001953 -0.095947265625 0.093536376953125
0.00844049453735352 -0.0045466423034668 0.0431671142578125 0.0967330932617187
0.0125484466552734 -0.0032958984375 -0.0188369750976563 -0.0932540893554687
0.0152215957641602 0.0135631561279297 0.131195068359375 -0.0617752075195313
0.00901603698730469 0.0196113586425781 0.237030029296875 0.067840576171875
-0.0131092071533203 0.0174694061279297 0.202056884765625 0.293243408203125
-0.0299339294433594 -0.00910758972167969 -0.12530517578125 0.401153564453125
-0.0070953369140625 -0.0388031005859375 -0.458587646484375 0.241119384765625
0.0202713012695313 -0.00107383728027344 -0.40338134765625 -0.0422058105468751
0.0362548828125 0.0384712219238281 0.0123863220214844 0.06732177734375
0.0361366271972656 0.0147171020507813 0.47412109375 0.1328125
0.01116943359375 -0.0135097503662109 0.516357421875 -0.247222900390625
-0.0142669677734375 -0.0112133026123047 0.08319091796875 -0.45672607421875
-0.00858306884765625 0.000957012176513671 -0.243026733398437 -0.252609252929688
0.0048370361328125 0.0136299133300781 -0.251846313476563 -0.0387420654296875
0.0164098739624023 0.0121641159057617 -0.0961380004882813 0.0940628051757812
0.009246826171875 -0.00476932525634766 0.042999267578125 0.0981826782226562
0.0108366012573242 -0.00336647033691406 -0.0189971923828125 -0.0942764282226563
0.0142440795898438 0.0139799118041992 0.132064819335938 -0.061279296875
0.00823783874511719 0.0197696685791016 0.236663818359375 0.06915283203125
-0.0128307342529297 0.0186405181884766 0.201995849609375 0.2938232421875
-0.030181884765625 -0.00817108154296875 -0.126434326171875 0.400665283203125
-0.00678634643554688 -0.039031982421875 -0.4598388671875 0.23883056640625
0.0180034637451172 -0.00259017944335938 -0.402313232421875 -0.04376220703125
0.0335693359375 0.0365791320800781 0.014068603515625 0.0682945251464844
0.0340957641601563 0.0140781402587891 0.475372314453125 0.13330078125
0.011357307434082 -0.0134725570678711 0.517303466796875 -0.24700927734375
-0.014348030090332 -0.0104398727416992 0.08197021484375 -0.457275390625
-0.00897884368896485 0.00123691558837891 -0.242950439453125 -0.252182006835938
0.00460147857666016 0.0146617889404297 -0.251617431640625 -0.0383148193359376
0.0154876708984375 0.0125446319580078 -0.0961227416992188 0.0954208374023437
0.0080571174621582 -0.00519943237304688 0.0419845581054688 0.0998611450195313
0.0107698440551758 -0.00348377227783203 -0.0189285278320312 -0.0943832397460938
0.0143442153930664 0.0149965286254883 0.134063720703125 -0.060943603515625
0.007904052734375 0.0200481414794922 0.237152099609375 0.070770263671875
-0.0132522583007813 0.0188159942626953 0.19940185546875 0.295623779296875
-0.0295581817626953 -0.00847244262695312 -0.128021240234375 0.400543212890625
-0.0068359375 -0.0388298034667969 -0.462310791015625 0.236846923828125
0.0174703598022461 -0.00192928314208984 -0.40118408203125 -0.04541015625
0.0316352844238281 0.035552978515625 0.0167770385742188 0.0705413818359375
0.0331783294677734 0.0129966735839844 0.47772216796875 0.13128662109375
0.0105037689208984 -0.0129804611206055 0.51666259765625 -0.2490234375
-0.0143146514892578 -0.0103921890258789 0.0802001953125 -0.455047607421875
-0.00897216796875 0.00165653228759766 -0.24462890625 -0.250106811523438
0.004730224609375 0.0144243240356445 -0.2515869140625 -0.03680419921875
0.0145606994628906 0.0134210586547852 -0.095001220703125 0.0966567993164062
0.00739860534667969 -0.00493669509887695 0.0418472290039062 0.100807189941406
0.00904560089111328 -0.00358963012695312 -0.02008056640625 -0.0974044799804688
0.0143098831176758 0.0157022476196289 0.136009216308594 -0.0625457763671875
0.00652694702148437 0.0205097198486328 0.236160278320312 0.070587158203125
-0.0134181976318359 0.0185871124267578 0.198638916015625 0.297332763671875
-0.0291748046875 -0.00824737548828126 -0.134368896484375 0.3992919921875
-0.00593185424804688 -0.0370712280273438 -0.466827392578125 0.232452392578125
0.0169963836669922 -0.00179958343505859 -0.400634765625 -0.046539306640625
0.0314292907714844 0.0355339050292969 0.0205612182617188 0.0723114013671875
0.0333766937255859 0.0136260986328125 0.4808349609375 0.129486083984375
0.0111665725708008 -0.0124149322509766 0.515869140625 -0.250274658203125
-0.0142288208007813 -0.00979042053222656 0.075714111328125 -0.454315185546875
-0.00868415832519531 0.00232076644897461 -0.24639892578125 -0.246047973632813
0.00365734100341797 0.0155258178710938 -0.250701904296875 -0.0337371826171875
0.0142345428466797 0.0147056579589844 -0.0930252075195313 0.0990219116210938
0.00530862808227539 -0.00358343124389648 0.0459060668945312 0.104339599609375
0.00786447525024414 -0.00384950637817383 -0.0194244384765625 -0.0965042114257812
0.0126781463623047 0.0164432525634766 0.13629150390625 -0.0595016479492188
0.00654792785644531 0.0204906463623047 0.236343383789062 0.0736236572265625
-0.0133800506591797 0.0185794830322266 0.19451904296875 0.299224853515625
-0.0286102294921875 -0.0087890625 -0.138763427734375 0.39715576171875
-0.00465011596679687 -0.0378684997558594 -0.4683837890625 0.228363037109375
0.018218994140625 -0.00122833251953125 -0.398956298828125 -0.0483093261718749
0.0326156616210938 0.0354652404785156 0.0230712890625 0.0744552612304688
0.0344715118408203 0.0135459899902344 0.483001708984375 0.12615966796875
0.0120067596435547 -0.0127630233764648 0.50982666015625 -0.256317138671875
-0.0137844085693359 -0.0100841522216797 0.067291259765625 -0.455230712890625
-0.00919723510742188 0.00164604187011719 -0.249603271484375 -0.244049072265625
0.00374984741210938 0.0159111022949219 -0.25146484375 -0.0320587158203125
0.0130157470703125 0.0157661437988281 -0.0919876098632813 0.0999679565429687
0.0037236213684082 -0.00497770309448242 0.044189453125 0.104232788085938
0.0107641220092773 -0.00276470184326172 -0.0174026489257812 -0.0928497314453125
0.0149250030517578 0.0137033462524414 0.132293701171875 -0.0651168823242188
0.00919342041015625 0.0194835662841797 0.236343383789063 0.067138671875
-0.0133209228515625 0.0168933868408203 0.200469970703125 0.292755126953125
-0.0304241180419922 -0.0111331939697266 -0.129638671875 0.403289794921875
-0.00440216064453125 -0.0396537780761719 -0.46539306640625 0.2420654296875
0.0280742645263672 0.00159263610839844 -0.40582275390625 -0.03961181640625
0.0450248718261719 0.04449462890625 0.0167732238769531 0.0687217712402344
0.0425834655761719 0.016754150390625 0.479156494140625 0.113494873046875
0.013671875 -0.0148859024047852 0.506439208984375 -0.26971435546875
-0.0145168304443359 -0.0125951766967773 0.0626220703125 -0.4635009765625
-0.00940322875976563 -0.000862121582031248 -0.254974365234375 -0.246170043945313
0.00615692138671875 0.0135440826416016 -0.25531005859375 -0.0314483642578125
0.0167446136474609 0.0127925872802734 -0.0940322875976562 0.0962142944335938
0.00639486312866211 -0.0045018196105957 0.0459823608398438 0.0961532592773438
0.0115509033203125 -0.00363349914550781 -0.0177841186523438 -0.092559814453125
0.0152111053466797 0.0130147933959961 0.130805969238281 -0.0661544799804688
0.0101032257080078 0.0191516876220703 0.236862182617188 0.0664825439453125
-0.012481689453125 0.0172891616821289 0.2049560546875 0.291412353515625
-0.0304164886474609 -0.00947189331054687 -0.1234130859375 0.403900146484375
-0.00541305541992187 -0.0389022827148438 -0.459930419921875 0.247344970703125
0.0252418518066406 0.000608444213867188 -0.4061279296875 -0.0369873046875001
0.0426979064941406 0.0423660278320313 0.0136260986328125 0.0675811767578125
0.0404167175292969 0.014923095703125 0.4786376953125 0.117218017578125
0.0126752853393555 -0.0155067443847656 0.509033203125 -0.265777587890625
-0.0142288208007813 -0.0116119384765625 0.0676879882812499 -0.462066650390625
-0.00854110717773438 0.000192642211914063 -0.252670288085938 -0.247879028320312
0.00601768493652344 0.0132818222045898 -0.25579833984375 -0.0324249267578125
0.0169467926025391 0.0116605758666992 -0.0942764282226563 0.0959930419921875
0.00804805755615234 -0.00500679016113281 0.0451431274414062 0.096435546875
0.0124874114990234 -0.00399875640869141 -0.0193862915039063 -0.0934295654296875
0.016209602355957 0.0132675170898438 0.130882263183594 -0.066162109375
0.00937461853027344 0.0195636749267578 0.23858642578125 0.0641632080078125
-0.012908935546875 0.0178279876708984 0.207977294921875 0.28961181640625
-0.0306949615478516 -0.00902175903320312 -0.118377685546875 0.405426025390625
-0.00655364990234375 -0.039886474609375 -0.45721435546875 0.250091552734375
0.0230922698974609 -0.000185012817382813 -0.406524658203125 -0.03546142578125
0.0400886535644531 0.0408477783203125 0.0126266479492187 0.0666618347167969
0.0387153625488281 0.0152549743652344 0.478057861328125 0.11968994140625
0.0122251510620117 -0.0148181915283203 0.511383056640625 -0.26226806640625
-0.0148305892944336 -0.0109968185424805 0.07135009765625 -0.462615966796875
-0.00927543640136719 0.000102996826171873 -0.249710083007813 -0.248870849609375
0.00606346130371094 0.0136356353759766 -0.25482177734375 -0.0333404541015625
0.0167617797851563 0.0111627578735352 -0.09417724609375 0.096527099609375
0.00812339782714844 -0.0050663948059082 0.0454483032226563 0.096954345703125
0.0114498138427734 -0.00354194641113281 -0.0201797485351563 -0.0934677124023438
0.0157918930053711 0.013361930847168 0.130958557128906 -0.065673828125
0.009552001953125 0.0199871063232422 0.239151000976563 0.0630645751953125
-0.0121974945068359 0.0193996429443359 0.209320068359375 0.2891845703125
-0.0304698944091797 -0.00789833068847656 -0.117156982421875 0.405426025390625
-0.0082244873046875 -0.0387916564941406 -0.45538330078125 0.25177001953125
0.0205345153808594 -0.00165367126464844 -0.40594482421875 -0.034271240234375
0.0374526977539062 0.0376739501953125 0.0134086608886719 0.0666084289550781
0.0366973876953125 0.0138740539550781 0.478912353515625 0.12188720703125
0.0108823776245117 -0.0141716003417969 0.513641357421875 -0.260711669921875
-0.0147581100463867 -0.0109148025512695 0.07342529296875 -0.462493896484375
-0.00857257843017578 0.000329494476318358 -0.249740600585938 -0.248855590820313
0.00600147247314453 0.0140705108642578 -0.254257202148438 -0.0327911376953125
0.0171833038330078 0.0121698379516602 -0.0950698852539063 0.0971298217773438
0.00848388671875 -0.00525474548339844 0.0449600219726562 0.0983505249023438
0.0112161636352539 -0.00384426116943359 -0.020782470703125 -0.0934906005859375
0.0155782699584961 0.0136852264404297 0.131927490234375 -0.0652389526367188
0.00878143310546875 0.0200939178466797 0.239837646484375 0.0641021728515625
-0.0125370025634766 0.0192947387695312 0.209625244140625 0.290679931640625
-0.0300960540771484 -0.00762176513671875 -0.116424560546875 0.405670166015625
-0.00792694091796875 -0.0384063720703125 -0.456512451171875 0.25079345703125
0.0185756683349609 -0.00247955322265625 -0.405426025390625 -0.034271240234375
0.0340957641601563 0.0359115600585938 0.0144233703613281 0.0680732727050781
0.0342140197753906 0.0127277374267578 0.480499267578125 0.1240234375
0.0107202529907227 -0.014007568359375 0.514068603515625 -0.259490966796875
-0.014190673828125 -0.0102567672729492 0.07330322265625 -0.462005615234375
-0.0082097053527832 0.00148582458496094 -0.250045776367187 -0.247833251953125
0.00500583648681641 0.0136117935180664 -0.253860473632813 -0.031951904296875
0.0167255401611328 0.011993408203125 -0.0939178466796875 0.0988616943359375
0.0083160400390625 -0.00470876693725586 0.044036865234375 0.0992431640625
0.010716438293457 -0.00340747833251953 -0.0207443237304687 -0.0942764282226563
0.0150766372680664 0.0148754119873047 0.133384704589844 -0.0640945434570313
0.00804710388183594 0.0197105407714844 0.239593505859375 0.0645904541015625
-0.012359619140625 0.0196094512939453 0.20703125 0.292633056640625
-0.029876708984375 -0.00757980346679688 -0.119659423828125 0.40545654296875
-0.0079193115234375 -0.0383148193359375 -0.458404541015625 0.247528076171875
0.0170907974243164 -0.00270462036132813 -0.403839111328125 -0.036376953125
0.0328540802001953 0.0347976684570313 0.0178604125976563 0.0697097778320313
0.0334587097167969 0.0123634338378906 0.4818115234375 0.122039794921875
0.0105266571044922 -0.0132331848144531 0.51251220703125 -0.2623291015625
-0.0145969390869141 -0.0101108551025391 0.069854736328125 -0.4588623046875
-0.00902175903320313 0.00178146362304687 -0.250930786132813 -0.246307373046875
0.00505542755126953 0.0143938064575195 -0.254058837890625 -0.0306549072265625
0.0158243179321289 0.0128984451293945 -0.0930252075195312 0.0999526977539063
0.00696611404418945 -0.00453901290893555 0.044219970703125 0.100502014160156
0.00940608978271484 -0.00384998321533203 -0.022003173828125 -0.0973358154296875
0.0151643753051758 0.0154666900634766 0.135330200195313 -0.0655288696289063
0.00705718994140625 0.0197124481201172 0.238937377929688 0.0658416748046875
-0.0123023986816406 0.0195693969726563 0.206573486328125 0.2940673828125
-0.0296821594238281 -0.00721549987792969 -0.1259765625 0.402740478515625
-0.00688934326171875 -0.0379905700683594 -0.464263916015625 0.244171142578125
0.017064094543457 -0.00182533264160156 -0.404388427734375 -0.037933349609375
0.0317573547363281 0.0342998504638672 0.0213088989257813 0.071502685546875
0.0334243774414063 0.012603759765625 0.485687255859375 0.120269775390625
0.0109977722167969 -0.0121545791625977 0.511810302734375 -0.26263427734375
-0.0146694183349609 -0.0099496841430664 0.065673828125 -0.458526611328125
-0.00936222076416016 0.00256729125976562 -0.253387451171875 -0.241500854492187
0.00380516052246094 0.0153388977050781 -0.253219604492188 -0.028564453125
0.014531135559082 0.0134592056274414 -0.0913314819335938 0.101463317871094
0.005157470703125 -0.00278329849243164 0.0482330322265625 0.104263305664062
0.00789403915405273 -0.00390815734863281 -0.0209197998046875 -0.0963668823242188
0.0131072998046875 0.0160112380981445 0.135894775390625 -0.0638351440429688
0.00678634643554687 0.0209999084472656 0.239334106445312 0.068389892578125
-0.0132293701171875 0.0189723968505859 0.20245361328125 0.29669189453125
-0.0288505554199219 -0.00858306884765625 -0.131103515625 0.402191162109375
-0.00606918334960937 -0.0372734069824219 -0.46612548828125 0.23919677734375
0.0183143615722656 -0.00113105773925781 -0.402008056640625 -0.040283203125
0.0322151184082031 0.0351676940917969 0.0244979858398437 0.0743408203125
0.0345172882080078 0.0128917694091797 0.4871826171875 0.115081787109375
0.01153564453125 -0.0125923156738281 0.50457763671875 -0.269256591796875
-0.0142822265625 -0.00924873352050781 0.05792236328125 -0.458038330078125
-0.00895023345947266 0.00218772888183594 -0.256423950195312 -0.239547729492188
0.0040283203125 0.0157985687255859 -0.252517700195313 -0.0264434814453124
0.013763427734375 0.0151910781860352 -0.0903091430664062 0.102287292480469
0.00361084938049316 -0.0042269229888916 0.0463790893554688 0.104499816894531
0.011688232421875 -0.0037384033203125 -0.0192718505859375 -0.09307861328125
0.015437126159668 0.0130443572998047 0.130531311035156 -0.0684127807617188
0.0103797912597656 0.0188865661621094 0.238922119140625 0.0615692138671875
-0.0127849578857422 0.017242431640625 0.208831787109375 0.288818359375
-0.0309734344482422 -0.010162353515625 -0.12078857421875 0.40655517578125
-0.00481796264648437 -0.0391616821289062 -0.460479736328125 0.253387451171875
0.0273265838623047 0.00197982788085938 -0.407470703125 -0.030242919921875
0.0453414916992188 0.0427360534667969 0.0174713134765625 0.0675086975097656
0.0431861877441406 0.0152244567871094 0.482330322265625 0.103485107421875
0.0132026672363281 -0.0149087905883789 0.50018310546875 -0.281463623046875
-0.0146074295043945 -0.0113105773925781 0.05279541015625 -0.466094970703125
-0.00917911529541015 -0.00104522705078125 -0.2615966796875 -0.239303588867188
0.00640773773193359 0.0129423141479492 -0.257339477539063 -0.0252532958984375
0.0171775817871094 0.0116214752197266 -0.0917816162109375 0.0983505249023437
0.00543689727783203 -0.00422000885009766 0.04803466796875 0.0954742431640625
0.0123538970947266 -0.00386905670166016 -0.0196456909179688 -0.0928192138671875
0.0160465240478516 0.0122880935668945 0.129608154296875 -0.0687942504882813
0.0100688934326172 0.0189056396484375 0.23980712890625 0.05859375
-0.0123825073242188 0.017237663269043 0.210357666015625 0.287109375
-0.0307159423828125 -0.00943374633789063 -0.113922119140625 0.408905029296875
-0.00745391845703125 -0.0390586853027344 -0.455963134765625 0.2596435546875
0.02593994140625 0.000347137451171875 -0.40740966796875 -0.02862548828125
0.0433769226074219 0.0409965515136719 0.0150489807128906 0.0660743713378906
0.0414390563964844 0.0144767761230469 0.4813232421875 0.10687255859375
0.0127277374267578 -0.0148706436157227 0.50518798828125 -0.277801513671875
-0.0148696899414063 -0.0114450454711914 0.057708740234375 -0.46533203125
-0.00894927978515625 -0.000377655029296876 -0.258392333984375 -0.242141723632813
0.00690460205078125 0.0128097534179688 -0.256805419921875 -0.0259857177734375
0.0182743072509766 0.0109634399414063 -0.0929336547851563 0.09808349609375
0.00798559188842774 -0.00490570068359375 0.0466537475585938 0.095672607421875
0.0121936798095703 -0.00346946716308594 -0.0203399658203125 -0.0936965942382813
0.0162649154663086 0.0119342803955078 0.129684448242188 -0.0697097778320313
0.0104560852050781 0.0191020965576172 0.240127563476563 0.05755615234375
-0.0121917724609375 0.0182037353515625 0.214508056640625 0.284393310546875
-0.0312290191650391 -0.00919151306152343 -0.109619140625 0.409393310546875
-0.00814437866210938 -0.0379791259765625 -0.452392578125 0.261688232421875
0.0229129791259766 -0.000997543334960938 -0.407196044921875 -0.02667236328125
0.0408477783203125 0.039398193359375 0.0147590637207031 0.0662422180175781
0.0389671325683594 0.0136032104492188 0.47979736328125 0.110595703125
0.0108547210693359 -0.01446533203125 0.506378173828125 -0.27410888671875
-0.0152788162231445 -0.0111865997314453 0.062408447265625 -0.4647216796875
-0.00867700576782226 0.000751972198486329 -0.25665283203125 -0.242965698242187
0.00671958923339844 0.012995719909668 -0.255828857421875 -0.0267486572265625
0.0174884796142578 0.0106906890869141 -0.09259033203125 0.0992050170898437
0.00869178771972656 -0.00479507446289062 0.0471343994140625 0.0970077514648438
0.0124349594116211 -0.00360774993896484 -0.0223236083984375 -0.093109130859375
0.0161066055297852 0.0129928588867188 0.130119323730469 -0.069427490234375
0.0102882385253906 0.0190753936767578 0.241790771484375 0.057373046875
-0.0123271942138672 0.0189495086669922 0.21575927734375 0.28515625
-0.0302715301513672 -0.00755119323730469 -0.1065673828125 0.408966064453125
-0.00862884521484375 -0.0387535095214844 -0.449859619140625 0.262115478515625
0.02056884765625 -0.00179862976074219 -0.406463623046875 -0.0265197753906249
0.0374374389648438 0.0373725891113281 0.0136566162109375 0.0659255981445313
0.03570556640625 0.0129470825195313 0.480865478515625 0.111968994140625
0.0107078552246094 -0.0144462585449219 0.50762939453125 -0.272308349609375
-0.0151052474975586 -0.0103559494018555 0.06494140625 -0.4652099609375
-0.00889968872070313 0.00110244750976563 -0.255813598632813 -0.243621826171875
0.00588226318359375 0.0131025314331055 -0.255584716796875 -0.026641845703125
0.017791748046875 0.0112743377685547 -0.0926055908203125 0.0995330810546875
0.00841188430786133 -0.00484323501586914 0.047027587890625 0.0976333618164063
0.0114030838012695 -0.00390243530273438 -0.0223007202148437 -0.0936965942382813
0.0154266357421875 0.0130538940429688 0.131217956542969 -0.0689773559570313
0.00960159301757813 0.0196533203125 0.241287231445313 0.0579071044921875
-0.011749267578125 0.0195388793945313 0.2177734375 0.28546142578125
-0.0307769775390625 -0.00678062438964844 -0.107940673828125 0.4093017578125
-0.00922775268554688 -0.0381011962890625 -0.45147705078125 0.261016845703125
0.018402099609375 -0.00277328491210938 -0.40545654296875 -0.0265197753906249
0.0347328186035156 0.035491943359375 0.0154647827148438 0.0680694580078125
0.0352020263671875 0.0119705200195313 0.482666015625 0.112762451171875
0.00986671447753906 -0.0140256881713867 0.5076904296875 -0.2716064453125
-0.0151081085205078 -0.0104179382324219 0.062225341796875 -0.4639892578125
-0.0086669921875 0.00135040283203125 -0.256195068359375 -0.242233276367188
0.00603771209716797 0.0139312744140625 -0.254989624023438 -0.0263214111328125
0.017608642578125 0.011566162109375 -0.0924758911132813 0.101226806640625
0.00814437866210938 -0.00453615188598633 0.0462646484375 0.0981063842773438
0.0109081268310547 -0.00335025787353516 -0.0225067138671875 -0.0942230224609375
0.0156259536743164 0.0135822296142578 0.1328125 -0.0674896240234375
0.0088653564453125 0.0199146270751953 0.242538452148438 0.0594329833984375
-0.0121307373046875 0.0198841094970703 0.213775634765625 0.288360595703125
-0.0300331115722656 -0.0070037841796875 -0.11053466796875 0.408233642578125
-0.00891494750976563 -0.0374832153320313 -0.45269775390625 0.25848388671875
0.0172462463378906 -0.00221061706542969 -0.404937744140625 -0.0281677246093751
0.0333652496337891 0.0341911315917969 0.018768310546875 0.068603515625
0.0336093902587891 0.0115852355957031 0.483856201171875 0.1129150390625
0.0101633071899414 -0.0135765075683594 0.5074462890625 -0.273529052734375
-0.0147562026977539 -0.009613037109375 0.06060791015625 -0.462249755859375
-0.00889015197753906 0.0024728775024414 -0.257186889648438 -0.240966796875
0.00507354736328125 0.0140771865844727 -0.254989624023438 -0.0243988037109375
0.0157594680786133 0.0118932723999023 -0.0910263061523438 0.10150146484375
0.00677490234375 -0.00463533401489258 0.0463333129882812 0.100425720214844
0.00931549072265625 -0.00413131713867188 -0.0230560302734375 -0.0976638793945312
0.0153484344482422 0.0142278671264648 0.13421630859375 -0.0696563720703125
0.00728225708007813 0.0199928283691406 0.240982055664063 0.0597381591796875
-0.0127582550048828 0.0199699401855469 0.21356201171875 0.289031982421875
-0.0294418334960938 -0.00651741027832031 -0.1171875 0.407073974609375
-0.00835418701171875 -0.0370826721191406 -0.460479736328125 0.254913330078125
0.0163860321044922 -0.00183200836181641 -0.404937744140625 -0.0302734375000001
0.0320491790771484 0.0336666107177734 0.0224456787109375 0.0712890625
0.0329360961914063 0.0118293762207031 0.488250732421875 0.109466552734375
0.0107498168945313 -0.0128707885742188 0.5076904296875 -0.2760009765625
-0.01507568359375 -0.00937747955322266 0.05426025390625 -0.4608154296875
-0.00905704498291016 0.00220203399658203 -0.259033203125 -0.236831665039063
0.00521087646484375 0.0152206420898438 -0.254501342773438 -0.0213623046875
0.0157022476196289 0.014195442199707 -0.0890350341796875 0.1044921875
0.00548791885375977 -0.00285148620605469 0.0501632690429687 0.103401184082031
0.00806570053100586 -0.00409555435180664 -0.0230255126953125 -0.0962066650390625
0.0142555236816406 0.0156259536743164 0.135269165039063 -0.0672378540039063
0.00722503662109375 0.0201435089111328 0.240997314453125 0.061981201171875
-0.0124874114990234 0.0195350646972656 0.209869384765625 0.29205322265625
-0.0289192199707031 -0.00732803344726563 -0.12164306640625 0.40533447265625
-0.00643157958984375 -0.0370750427246094 -0.46087646484375 0.249664306640625
0.0184059143066406 -0.00125885009765625 -0.402801513671875 -0.0309143066406249
0.0330581665039063 0.0342903137207031 0.0256118774414063 0.0726242065429687
0.0343208312988281 0.0111465454101563 0.48931884765625 0.10540771484375
0.0108432769775391 -0.0128974914550781 0.5003662109375 -0.28106689453125
-0.0144939422607422 -0.00873279571533203 0.04766845703125 -0.4608154296875
-0.00858926773071289 0.00205087661743164 -0.261886596679688 -0.233917236328125
0.00452041625976563 0.0157470703125 -0.253814697265625 -0.0196838378906251
0.0144796371459961 0.0146312713623047 -0.0878219604492188 0.1046142578125
0.00293922424316406 -0.00398349761962891 0.0477828979492188 0.103668212890625
0.0110502243041992 -0.00337028503417969 -0.0207977294921875 -0.0922927856445312
0.0163135528564453 0.0130319595336914 0.12896728515625 -0.07147216796875
0.00959396362304688 0.0189437866210938 0.239410400390625 0.0559234619140625
-0.0125055313110352 0.0174036026000977 0.2149658203125 0.283447265625
-0.0307254791259766 -0.00972175598144531 -0.11279296875 0.40899658203125
-0.00569915771484375 -0.0384635925292969 -0.4542236328125 0.263458251953125
0.0273876190185547 0.00129508972167969 -0.407806396484375 -0.0221252441406249
0.0455894470214844 0.042327880859375 0.0177650451660156 0.0664634704589844
0.0431060791015625 0.0136222839355469 0.48199462890625 0.094696044921875
0.0130500793457031 -0.0154609680175781 0.493682861328125 -0.291534423828125
-0.0155191421508789 -0.0112142562866211 0.04217529296875 -0.4659423828125
-0.00905132293701172 -0.000907897949218749 -0.266036987304688 -0.234786987304688
0.00710487365722656 0.0125799179077148 -0.257247924804688 -0.018890380859375
0.0176658630371094 0.0109691619873047 -0.0899200439453125 0.0996246337890625
0.00606298446655274 -0.00427103042602539 0.0489349365234375 0.0947036743164063
0.0125617980957031 -0.00333023071289063 -0.0216522216796875 -0.0925216674804688
0.0163373947143555 0.0118513107299805 0.128616333007813 -0.072021484375
0.0102577209472656 0.0189018249511719 0.240875244140625 0.05316162109375
-0.0116767883300781 0.0189018249511719 0.217864990234375 0.28143310546875
-0.0307807922363281 -0.00850105285644532 -0.1063232421875 0.410064697265625
-0.00761795043945312 -0.0393409729003906 -0.449920654296875 0.269500732421875
0.0252342224121094 0.000396728515625 -0.40728759765625 -0.01922607421875
0.0438461303710938 0.0405731201171875 0.0162620544433594 0.0657577514648438
0.0408668518066406 0.0133247375488281 0.482513427734375 0.096435546875
0.0117254257202148 -0.0150566101074219 0.496429443359375 -0.28759765625
-0.0150260925292969 -0.0109701156616211 0.048309326171875 -0.466400146484375
-0.00879192352294922 0.000107765197753908 -0.264053344726563 -0.236846923828125
0.0070352554321289 0.0116987228393555 -0.256805419921875 -0.0199432373046874
0.0177421569824219 0.010833740234375 -0.0903244018554687 0.0995254516601563
0.00714302062988281 -0.00466108322143555 0.0492935180664063 0.09429931640625
0.0126972198486328 -0.00395011901855469 -0.0222702026367187 -0.0925827026367188
0.0162878036499023 0.0117683410644531 0.128288269042969 -0.0722274780273438
0.010833740234375 0.0192966461181641 0.241363525390625 0.0521240234375
-0.0110225677490234 0.0183334350585937 0.220138549804688 0.280303955078125
-0.0316810607910156 -0.00725936889648438 -0.101654052734375 0.411376953125
-0.0088348388671875 -0.0384254455566406 -0.44580078125 0.27203369140625
0.0225009918212891 -0.00112152099609375 -0.407623291015625 -0.017730712890625
0.0404281616210938 0.0387763977050781 0.0146484375 0.0647010803222656
0.0389671325683594 0.0129356384277344 0.481170654296875 0.098785400390625
0.0110197067260742 -0.014775276184082 0.499359130859375 -0.284271240234375
-0.0154352188110352 -0.0104236602783203 0.05059814453125 -0.466033935546875
-0.00872516632080078 0.000619888305664061 -0.261642456054688 -0.237075805664062
0.00714588165283203 0.0122890472412109 -0.256759643554688 -0.0213165283203125
0.0182704925537109 0.0112686157226562 -0.0904541015625 0.100723266601562
0.00861310958862305 -0.00406122207641602 0.048614501953125 0.095703125
0.0124397277832031 -0.00380039215087891 -0.0233840942382813 -0.09234619140625
0.0165348052978516 0.0117168426513672 0.129226684570313 -0.0722198486328125
0.00998306274414062 0.0191650390625 0.241683959960938 0.0523681640625
-0.0111331939697266 0.0194473266601563 0.223312377929688 0.27899169921875
-0.0300712585449219 -0.00575447082519531 -0.098114013671875 0.410797119140625
-0.00971603393554688 -0.0378837585449219 -0.443939208984375 0.2718505859375
0.0201740264892578 -0.00201797485351562 -0.40594482421875 -0.017181396484375
0.03814697265625 0.0362358093261719 0.0151557922363281 0.065277099609375
0.0366020202636719 0.0115928649902344 0.48187255859375 0.10113525390625
0.0101833343505859 -0.0147686004638672 0.501373291015625 -0.28228759765625
-0.0155725479125977 -0.00989151000976563 0.05316162109375 -0.465972900390625
-0.00806951522827148 0.000800609588623049 -0.261016845703125 -0.237838745117188
0.00651741027832031 0.0127286911010742 -0.255752563476563 -0.02001953125
0.0175046920776367 0.0108089447021484 -0.0901336669921875 0.101043701171875
0.00894927978515625 -0.00455188751220703 0.0478134155273437 0.096435546875
0.0120258331298828 -0.00385761260986328 -0.0236358642578125 -0.0932693481445313
0.0170249938964844 0.0125656127929687 0.129791259765625 -0.0723190307617187
0.00970077514648438 0.0191841125488281 0.242889404296875 0.0523681640625
-0.0113544464111328 0.0196723937988281 0.223312377929688 0.280242919921875
-0.0306224822998047 -0.00613975524902343 -0.098876953125 0.410552978515625
-0.0101699829101563 -0.0373344421386719 -0.445953369140625 0.269805908203125
0.0179271697998047 -0.00308799743652344 -0.406646728515625 -0.0179443359375001
0.0345554351806641 0.0339889526367188 0.0171890258789063 0.0662918090820313
0.0344314575195313 0.0109405517578125 0.484375 0.102325439453125
0.00965404510498047 -0.0141181945800781 0.50250244140625 -0.281585693359375
-0.0150241851806641 -0.00970172882080078 0.0535888671875 -0.46514892578125
-0.00845575332641602 0.00131082534790039 -0.26141357421875 -0.236480712890625
0.00624465942382812 0.0134162902832031 -0.255462646484375 -0.0196075439453125
0.0173931121826172 0.0105361938476563 -0.0898666381835937 0.102394104003906
0.00756549835205078 -0.00420999526977539 0.0482711791992187 0.0984115600585937
0.0108270645141602 -0.00325107574462891 -0.023895263671875 -0.0938873291015625
0.0160341262817383 0.0128669738769531 0.130805969238281 -0.0710372924804688
0.00908851623535156 0.0193538665771484 0.242660522460937 0.0534515380859375
-0.0113315582275391 0.0207176208496094 0.220733642578125 0.282470703125
-0.0301856994628906 -0.00575065612792969 -0.10235595703125 0.41070556640625
-0.0102386474609375 -0.0367393493652344 -0.447418212890625 0.268310546875
0.0168695449829102 -0.00255775451660156 -0.404876708984375 -0.0201721191406251
0.0330905914306641 0.0332717895507813 0.0197257995605469 0.0679588317871094
0.0339756011962891 0.0106410980224609 0.4854736328125 0.1015625
0.00970172882080078 -0.0139989852905273 0.5010986328125 -0.28424072265625
-0.0147829055786133 -0.00918006896972657 0.04949951171875 -0.4638671875
-0.00820159912109375 0.00193119049072266 -0.262359619140625 -0.234466552734375
0.00583648681640625 0.0135679244995117 -0.255126953125 -0.018798828125
0.0166797637939453 0.0111484527587891 -0.0888824462890625 0.103652954101563
0.00700855255126953 -0.00415134429931641 0.0484390258789062 0.0999984741210938
0.00887012481689453 -0.00409603118896484 -0.025177001953125 -0.0967636108398437
0.0156822204589844 0.0136804580688477 0.133216857910156 -0.0725555419921875
0.00768852233886719 0.019287109375 0.24163818359375 0.05377197265625
-0.0116062164306641 0.0200729370117188 0.220916748046875 0.284454345703125
-0.0303478240966797 -0.00575447082519532 -0.1083984375 0.41021728515625
-0.00994491577148438 -0.0365028381347656 -0.45489501953125 0.264923095703125
0.0164203643798828 -0.00229167938232422 -0.404327392578125 -0.021331787109375
0.0328102111816406 0.0321483612060547 0.0236129760742187 0.0692596435546875
0.0329360961914063 0.0107040405273438 0.489227294921875 0.098480224609375
0.0102348327636719 -0.0134830474853516 0.500335693359375 -0.285614013671875
-0.0145549774169922 -0.00841522216796875 0.045166015625 -0.462188720703125
-0.00850439071655273 0.00335550308227539 -0.263885498046875 -0.230972290039063
0.00485420227050781 0.0147237777709961 -0.254486083984375 -0.0160980224609375
0.0158462524414063 0.0130271911621094 -0.08721923828125 0.106010437011719
0.00515270233154297 -0.00234699249267578 0.0517807006835938 0.103019714355469
0.00795364379882813 -0.00417375564575195 -0.0246200561523438 -0.0959548950195313
0.0144271850585938 0.0149936676025391 0.134002685546875 -0.0710067749023438
0.00715255737304688 0.019775390625 0.241790771484375 0.0562744140625
-0.0117893218994141 0.0192470550537109 0.21575927734375 0.286529541015625
-0.0295524597167969 -0.00695228576660157 -0.113128662109375 0.407623291015625
-0.00804901123046875 -0.0365715026855469 -0.4552001953125 0.25885009765625
0.0176811218261719 -0.00141334533691406 -0.40216064453125 -0.023193359375
0.0335483551025391 0.0334892272949219 0.02630615234375 0.0718536376953125
0.0339679718017578 0.0108489990234375 0.490692138671875 0.09490966796875
0.0107564926147461 -0.0133552551269531 0.49334716796875 -0.2911376953125
-0.0143232345581055 -0.00887966156005859 0.037322998046875 -0.46160888671875
-0.00897789001464844 0.00254535675048828 -0.267471313476563 -0.228607177734375
0.00510025024414062 0.0148887634277344 -0.254226684570313 -0.0138397216796875
0.0148830413818359 0.013554573059082 -0.0854644775390625 0.106437683105469
0.00323128700256348 -0.00330066680908203 0.0497894287109375 0.102378845214844
0.0119237899780273 -0.00396442413330078 -0.021331787109375 -0.0912094116210938
0.0167665481567383 0.0112361907958984 0.127830505371094 -0.074432373046875
0.0101165771484375 0.0185260772705078 0.239791870117188 0.0496368408203125
-0.0111236572265625 0.01800537109375 0.220046997070313 0.276824951171875
-0.0305213928222656 -0.00832366943359375 -0.1024169921875 0.409576416015625
-0.00662612915039062 -0.0380439758300781 -0.444488525390625 0.27191162109375
0.0264072418212891 0.000696182250976563 -0.405975341796875 -0.014068603515625
0.0463104248046875 0.0404052734375 0.0194892883300781 0.0657310485839844
0.042755126953125 0.0126495361328125 0.4818115234375 0.081451416015625
0.0120315551757812 -0.0158672332763672 0.484771728515625 -0.300048828125
-0.0154733657836914 -0.011016845703125 0.032318115234375 -0.46575927734375
-0.00950908660888672 -0.000783920288085939 -0.270294189453125 -0.227218627929688
0.00773239135742188 0.0122356414794922 -0.257156372070313 -0.013214111328125
0.01800537109375 0.0108165740966797 -0.0865249633789063 0.101837158203125
0.00563812255859375 -0.00376701354980469 0.0508499145507813 0.093231201171875
0.0122156143188477 -0.00450229644775391 -0.0231170654296875 -0.091705322265625
0.017430305480957 0.0109329223632813 0.1273193359375 -0.0745849609375
0.0107994079589844 0.018951416015625 0.24017333984375 0.0480499267578125
-0.0112419128417969 0.0188064575195312 0.222518920898438 0.273880004882813
-0.0299777984619141 -0.00694847106933593 -0.09698486328125 0.411346435546875
-0.00784683227539062 -0.0378532409667969 -0.441680908203125 0.278533935546875
0.0251598358154297 -0.000469207763671875 -0.405303955078125 -0.0113525390625
0.0439682006835938 0.038360595703125 0.0177116394042969 0.0645637512207031
0.0411491394042969 0.0118331909179688 0.482147216796875 0.08575439453125
0.0118818283081055 -0.0153722763061523 0.487701416015625 -0.297637939453125
-0.0155363082885742 -0.0110006332397461 0.03692626953125 -0.4664306640625
-0.0093536376953125 -0.000164031982421874 -0.268814086914063 -0.228897094726562
0.00721454620361328 0.0123300552368164 -0.25616455078125 -0.0146636962890625
0.0180912017822266 0.00981521606445312 -0.0880279541015625 0.101486206054687
0.00708484649658203 -0.00382614135742188 0.0501022338867188 0.0937042236328125
0.0117006301879883 -0.00430870056152344 -0.0242538452148438 -0.092071533203125
0.0175380706787109 0.0103549957275391 0.126678466796875 -0.07537841796875
0.0105113983154297 0.0189971923828125 0.241012573242188 0.0461578369140625
-0.0110569000244141 0.0198345184326172 0.2271728515625 0.27349853515625
-0.0312404632568359 -0.00668144226074219 -0.09100341796875 0.411376953125
-0.00951385498046875 -0.03790283203125 -0.43817138671875 0.2802734375
0.02264404296875 -0.0010833740234375 -0.4056396484375 -0.00958251953125006
0.0414848327636719 0.0364036560058594 0.0153236389160156 0.0634803771972656
0.0385971069335938 0.0115509033203125 0.480865478515625 0.08978271484375
0.0112409591674805 -0.0150575637817383 0.4913330078125 -0.293060302734375
-0.015315055847168 -0.0103321075439453 0.041259765625 -0.46539306640625
-0.00849676132202148 0.000603199005126955 -0.266036987304688 -0.230361938476563
0.00716114044189453 0.0119132995605469 -0.255401611328125 -0.0135955810546875
0.0183429718017578 0.00988388061523438 -0.0876312255859375 0.102455139160156
0.00776576995849609 -0.00418615341186523 0.0500640869140625 0.095123291015625
0.0127744674682617 -0.00388145446777344 -0.0255508422851562 -0.0920257568359375
0.0172595977783203 0.0100793838500977 0.126792907714844 -0.0754470825195313
0.0107898712158203 0.0186843872070313 0.24176025390625 0.0460357666015625
-0.0107173919677734 0.0191402435302734 0.227340698242187 0.272628784179688
-0.0300540924072266 -0.00579833984375001 -0.089324951171875 0.411590576171875
-0.0106010437011719 -0.0372734069824219 -0.436431884765625 0.280242919921875
0.0199413299560547 -0.00215339660644531 -0.405548095703125 -0.00860595703124992
0.0381546020507813 0.0348587036132813 0.0157966613769531 0.0638694763183594
0.0358505249023438 0.0104904174804688 0.4814453125 0.091766357421875
0.00987052917480469 -0.0147533416748047 0.492950439453125 -0.292816162109375
-0.0150136947631836 -0.00929355621337891 0.04217529296875 -0.46649169921875
-0.00808620452880859 0.000161647796630859 -0.26513671875 -0.231643676757813
0.0071563720703125 0.0126638412475586 -0.255813598632813 -0.0148620605468749
0.0184879302978516 0.00945854187011719 -0.0875320434570312 0.10321044921875
0.0080714225769043 -0.00377368927001953 0.0498809814453125 0.09539794921875
0.0121212005615234 -0.00375461578369141 -0.0245590209960938 -0.0926437377929688
0.0159816741943359 0.0112266540527344 0.128036499023438 -0.0750885009765625
0.00976181030273438 0.0192089080810547 0.24310302734375 0.0464935302734375
-0.0105915069580078 0.0203113555908203 0.228225708007813 0.273391723632813
-0.0304450988769531 -0.0049877166748047 -0.0889892578125 0.411346435546875
-0.011260986328125 -0.0364570617675781 -0.436370849609375 0.27947998046875
0.017333984375 -0.00274467468261719 -0.40411376953125 -0.00936889648437503
0.0354423522949219 0.0332145690917969 0.0175094604492188 0.0646934509277344
0.0345058441162109 0.00986671447753906 0.4827880859375 0.091644287109375
0.00897407531738281 -0.0146360397338867 0.494415283203125 -0.29248046875
-0.0151042938232422 -0.00928306579589844 0.0423583984375 -0.4652099609375
-0.00850391387939453 0.00107955932617188 -0.265594482421875 -0.23004150390625
0.00630092620849609 0.0129661560058594 -0.255126953125 -0.0142059326171874
0.0183143615722656 0.0100917816162109 -0.087432861328125 0.103645324707031
0.00826883316040039 -0.00408649444580078 0.0495376586914062 0.09710693359375
0.0107622146606445 -0.00361347198486328 -0.0249710083007813 -0.0933074951171875
0.0167827606201172 0.0122060775756836 0.129447937011719 -0.0744781494140625
0.00952911376953125 0.0194320678710938 0.243133544921875 0.0477447509765625
-0.0105342864990234 0.0202102661132813 0.2257080078125 0.277069091796875
-0.0295886993408203 -0.00567436218261718 -0.092193603515625 0.410919189453125
-0.0110816955566406 -0.0361900329589844 -0.43902587890625 0.275848388671875
0.0160484313964844 -0.00276470184326172 -0.402435302734375 -0.012176513671875
0.03369140625 0.0325031280517578 0.0204277038574219 0.0664863586425781
0.03326416015625 0.00948715209960938 0.48443603515625 0.091217041015625
0.00908565521240234 -0.0135297775268555 0.491363525390625 -0.292236328125
-0.0145549774169922 -0.00862598419189453 0.04034423828125 -0.462890625
-0.0084071159362793 0.00188398361206055 -0.266372680664063 -0.228775024414062
0.00597953796386719 0.013056755065918 -0.254913330078125 -0.0129241943359375
0.0169429779052734 0.0105857849121094 -0.087066650390625 0.104850769042969
0.00679206848144531 -0.00399208068847656 0.04937744140625 0.0982284545898438
0.00953102111816406 -0.00452709197998047 -0.0267105102539062 -0.0958175659179688
0.0162496566772461 0.0128507614135742 0.130455017089844 -0.0763931274414063
0.00791549682617187 0.0188560485839844 0.241867065429688 0.0476837158203125
-0.010955810546875 0.0203571319580078 0.224533081054688 0.278564453125
-0.029632568359375 -0.00564002990722656 -0.099029541015625 0.40869140625
-0.0104713439941406 -0.0356597900390625 -0.44482421875 0.273406982421875
0.0161247253417969 -0.00188732147216797 -0.4033203125 -0.0131530761718751
0.0327854156494141 0.0318584442138672 0.0241241455078125 0.0687408447265625
0.033477783203125 0.00978851318359375 0.4881591796875 0.088836669921875
0.00922489166259765 -0.0134592056274414 0.491790771484375 -0.2945556640625
-0.0147495269775391 -0.00839328765869141 0.0345458984375 -0.461578369140625
-0.00813150405883789 0.00239992141723633 -0.26824951171875 -0.224197387695312
0.00548267364501953 0.0142097473144531 -0.253875732421875 -0.0100250244140625
0.0162792205810547 0.0119733810424805 -0.0840911865234375 0.106712341308594
0.00497627258300781 -0.00237417221069336 0.053863525390625 0.101280212402344
0.00849580764770508 -0.00433731079101563 -0.0263290405273438 -0.09527587890625
0.0154533386230469 0.0144710540771484 0.131492614746094 -0.0741958618164063
0.00773239135742187 0.0197772979736328 0.241729736328125 0.050567626953125
-0.0112113952636719 0.0203971862792969 0.221206665039063 0.281051635742188
-0.0287761688232422 -0.00599479675292969 -0.1046142578125 0.408477783203125
-0.00870895385742187 -0.0358810424804688 -0.44720458984375 0.268524169921875
0.0178909301757812 -0.00123977661132812 -0.401275634765625 -0.01531982421875
0.0336952209472656 0.0325241088867188 0.0275840759277344 0.0700836181640625
0.0336074829101563 0.00990867614746094 0.48992919921875 0.084564208984375
0.010096549987793 -0.0127944946289063 0.484893798828125 -0.300201416015625
-0.0143356323242187 -0.00821685791015625 0.02825927734375 -0.46142578125
-0.00890350341796875 0.00230216979980469 -0.270706176757813 -0.221450805664063
0.005035400390625 0.0138645172119141 -0.253463745117188 -0.00831604003906252
0.0148525238037109 0.0131778717041016 -0.0833892822265625 0.108146667480469
0.00289630889892578 -0.00312995910644531 0.0518875122070313 0.101608276367188
0.011469841003418 -0.00368976593017578 -0.0234909057617188 -0.0903244018554688
0.0172624588012695 0.0104045867919922 0.12530517578125 -0.0763473510742188
0.0107173919677734 0.0177669525146484 0.239105224609375 0.04449462890625
-0.0103578567504883 0.0172309875488281 0.222793579101562 0.270950317382813
-0.0310382843017578 -0.00819587707519531 -0.0931396484375001 0.409698486328125
-0.00724411010742187 -0.03729248046875 -0.43756103515625 0.279052734375
0.0266780853271484 0.001068115234375 -0.403045654296875 -0.00631713867187498
0.0458335876464844 0.0395927429199219 0.0186805725097656 0.064483642578125
0.0427780151367188 0.0119857788085938 0.47930908203125 0.0726318359375
0.0122385025024414 -0.0158615112304687 0.47467041015625 -0.307891845703125
-0.0155391693115234 -0.0100555419921875 0.022125244140625 -0.462982177734375
-0.0092458724975586 -0.000360488891601561 -0.273452758789063 -0.22064208984375
0.00775909423828125 0.0113639831542969 -0.25457763671875 -0.00790405273437496
0.0180549621582031 0.00979804992675781 -0.0845718383789063 0.102432250976563
0.00542640686035156 -0.00315380096435547 0.0516433715820313 0.0923385620117188
0.0121278762817383 -0.00413322448730469 -0.0238037109375 -0.0904922485351563
0.0171689987182617 0.00988483428955078 0.125572204589844 -0.0788040161132813
0.0115375518798828 0.0185127258300781 0.239883422851563 0.0428619384765625
-0.010711669921875 0.0186080932617188 0.227218627929688 0.26824951171875
-0.0309581756591797 -0.00625228881835937 -0.087860107421875 0.40966796875
-0.00925064086914063 -0.0374298095703125 -0.432586669921875 0.284332275390625
0.0250511169433594 -0.000425338745117188 -0.40283203125 -0.00259399414062508
0.0450630187988281 0.0375099182128906 0.0175819396972656 0.0627861022949219
0.0401268005371094 0.0110702514648438 0.478759765625 0.076385498046875
0.011322021484375 -0.0146551132202148 0.479339599609375 -0.303924560546875
-0.0159893035888672 -0.00973224639892578 0.02789306640625 -0.463958740234375
-0.0090484619140625 -0.000316619873046876 -0.271133422851563 -0.223007202148438
0.00735378265380859 0.0112237930297852 -0.254974365234375 -0.00851440429687504
0.0183124542236328 0.00886154174804688 -0.0857620239257813 0.102218627929687
0.00747346878051758 -0.00323009490966797 0.0512008666992188 0.092041015625
0.0119533538818359 -0.00368118286132813 -0.0250244140625 -0.0910186767578125
0.0179557800292969 0.00950241088867188 0.124664306640625 -0.0775222778320313
0.0110015869140625 0.0187473297119141 0.240066528320313 0.04034423828125
-0.0107975006103516 0.0201606750488281 0.2296142578125 0.265945434570313
-0.0301303863525391 -0.00620841979980468 -0.0823974609375 0.410888671875
-0.0103416442871094 -0.0374069213867187 -0.42889404296875 0.287384033203125
0.0222377777099609 -0.000783920288085938 -0.4014892578125 -0.0025634765625
0.0409355163574219 0.0361709594726563 0.0160598754882813 0.0622901916503906
0.0384254455566406 0.0106239318847656 0.478424072265625 0.07879638671875
0.00947952270507812 -0.0154285430908203 0.482421875 -0.300933837890625
-0.0154714584350586 -0.0093994140625 0.03143310546875 -0.4647216796875
-0.00877952575683594 0.000297069549560545 -0.26959228515625 -0.22393798828125
0.006866455078125 0.0112533569335938 -0.254348754882813 -0.00909423828124996
0.0189208984375 0.00926589965820313 -0.0856857299804687 0.103302001953125
0.00788164138793945 -0.00370216369628906 0.0517120361328125 0.0937271118164063
0.0122203826904297 -0.00422096252441406 -0.026153564453125 -0.0913009643554688
0.0176258087158203 0.0101718902587891 0.125114440917969 -0.0782089233398438
0.0106678009033203 0.0186862945556641 0.241439819335938 0.03997802734375
-0.00994873046875 0.0205955505371094 0.232192993164063 0.266128540039063
-0.0302181243896484 -0.00459671020507812 -0.080474853515625 0.409942626953125
-0.01129150390625 -0.0366134643554687 -0.426666259765625 0.287506103515625
0.0198192596435547 -0.00269317626953125 -0.40118408203125 -0.00146484375000001
0.0380096435546875 0.0335311889648438 0.016815185546875 0.0625991821289063
0.0359725952148438 0.00975418090820313 0.47894287109375 0.0816650390625
0.00882720947265625 -0.014979362487793 0.481964111328125 -0.299835205078125
-0.0152177810668945 -0.00908946990966797 0.03192138671875 -0.46246337890625
-0.00793313980102539 0.000837326049804689 -0.268402099609375 -0.224319458007812
0.00634479522705078 0.0116987228393555 -0.25384521484375 -0.00848388671875001
0.0188446044921875 0.00829887390136719 -0.0852508544921875 0.103614807128906
0.00871610641479492 -0.00367116928100586 0.0517578125 0.094146728515625
0.0115699768066406 -0.00383281707763672 -0.0261154174804687 -0.0914459228515625
0.0171422958374023 0.0113124847412109 0.125007629394531 -0.0773544311523437
0.0101222991943359 0.0183544158935547 0.241653442382812 0.040802001953125
-0.0100231170654297 0.0208015441894531 0.233123779296875 0.267257690429687
-0.0300178527832031 -0.00481986999511718 -0.07958984375 0.41094970703125
-0.0118522644042969 -0.0358657836914063 -0.42822265625 0.2857666015625
0.0175514221191406 -0.00268363952636719 -0.400482177734375 -0.00216674804687493
0.0351486206054687 0.0321540832519531 0.0185165405273438 0.0631942749023438
0.0342845916748047 0.00914573669433594 0.480682373046875 0.081146240234375
0.0086507797241211 -0.0142917633056641 0.482208251953125 -0.298736572265625
-0.0143833160400391 -0.00866317749023437 0.032379150390625 -0.46282958984375
-0.00858688354492188 0.00204849243164062 -0.2694091796875 -0.222793579101563
0.00649166107177734 0.012639045715332 -0.253616333007813 -0.00839233398437501
0.0170555114746094 0.00940608978271484 -0.0847625732421875 0.104896545410156
0.00784921646118164 -0.00408315658569336 0.0508346557617188 0.0957565307617188
0.0108880996704102 -0.00388717651367188 -0.0263442993164062 -0.092529296875
0.0174531936645508 0.0115337371826172 0.126823425292969 -0.07672119140625
0.00959014892578125 0.0189323425292969 0.242279052734375 0.04266357421875
-0.00979232788085937 0.0204505920410156 0.231048583984375 0.268768310546875
-0.0294170379638672 -0.00486946105957032 -0.083251953125 0.409515380859375
-0.0119247436523437 -0.0354347229003906 -0.430023193359375 0.283538818359375
0.016484260559082 -0.00280666351318359 -0.39996337890625 -0.00347900390624994
0.0337429046630859 0.0312690734863281 0.0211296081542969 0.0648384094238281
0.0329418182373047 0.00877761840820312 0.481781005859375 0.080169677734375
0.00870323181152344 -0.0142440795898438 0.4822998046875 -0.300537109375
-0.0150203704833984 -0.00827789306640625 0.02935791015625 -0.46051025390625
-0.00843095779418945 0.00230884552001953 -0.26934814453125 -0.220672607421875
0.006317138671875 0.0130195617675781 -0.252426147460938 -0.00732421875000003
0.0166807174682617 0.010197639465332 -0.0837326049804687 0.106727600097656
0.00677728652954101 -0.00389385223388672 0.051025390625 0.0970611572265625
0.00946331024169922 -0.0041656494140625 -0.0281219482421875 -0.0949935913085938
0.0173559188842773 0.0121688842773438 0.127952575683594 -0.078155517578125
0.00795173645019531 0.0190391540527344 0.241058349609375 0.0418853759765625
-0.0101375579833984 0.0204601287841797 0.229827880859375 0.270401000976563
-0.0293502807617188 -0.00422477722167968 -0.089996337890625 0.410064697265625
-0.0107479095458984 -0.0348567962646484 -0.437225341796875 0.28009033203125
0.0162105560302734 -0.00221061706542969 -0.400299072265625 -0.00573730468749998
0.0329074859619141 0.0307846069335938 0.0247421264648438 0.06689453125
0.0323867797851563 0.0086517333984375 0.485687255859375 0.07830810546875
0.00834465026855469 -0.0138740539550781 0.48260498046875 -0.302032470703125
-0.0146808624267578 -0.00727462768554687 0.02545166015625 -0.460357666015625
-0.00855350494384766 0.00233745574951172 -0.271240234375 -0.216812133789062
0.00600051879882813 0.0136299133300781 -0.252777099609375 -0.00500488281250001
0.0164346694946289 0.0116596221923828 -0.0815048217773437 0.108070373535156
0.00541591644287109 -0.00184965133666992 0.0560531616210938 0.1002197265625
0.00800275802612305 -0.00489377975463867 -0.0275421142578125 -0.093994140625
0.01544189453125 0.0131597518920898 0.129058837890625 -0.076324462890625
0.00875282287597657 0.0193710327148438 0.241226196289062 0.04534912109375
-0.0106086730957031 0.0200653076171875 0.225387573242188 0.27349853515625
-0.0291709899902344 -0.00568199157714844 -0.095489501953125 0.40716552734375
-0.0093536376953125 -0.0353240966796875 -0.4390869140625 0.275482177734375
0.0179023742675781 -0.00131607055664063 -0.399078369140625 -0.00820922851562492
0.0331459045410156 0.0311355590820313 0.0288200378417969 0.0688552856445313
0.0331401824951172 0.00812911987304688 0.487152099609375 0.07373046875
0.00974369049072265 -0.0132646560668945 0.4744873046875 -0.308349609375
-0.014805793762207 -0.00756645202636719 0.017822265625 -0.458953857421875
-0.00807046890258789 0.00215625762939453 -0.274154663085938 -0.214370727539062
0.00561618804931641 0.0141372680664063 -0.251312255859375 -0.002105712890625
0.0155401229858398 0.0121040344238281 -0.0807037353515625 0.109138488769531
0.00319957733154297 -0.00244331359863281 0.0532379150390625 0.100357055664063
0.0114030838012695 -0.00424480438232422 -0.0237655639648438 -0.08966064453125
0.0175485610961914 0.010772705078125 0.12286376953125 -0.07861328125
0.0108070373535156 0.0177211761474609 0.237808227539063 0.0396728515625
-0.0106620788574219 0.0184268951416016 0.227218627929688 0.2628173828125
-0.030059814453125 -0.00711631774902344 -0.086273193359375 0.406829833984375
-0.0084381103515625 -0.0361862182617187 -0.427001953125 0.285247802734375
0.0260162353515625 0.000555038452148437 -0.398834228515625 0.000518798828124988
0.0462837219238281 0.0385780334472656 0.02008056640625 0.0622901916503906
0.04150390625 0.0100440979003906 0.47509765625 0.06396484375
0.0108318328857422 -0.0156288146972656 0.465057373046875 -0.3128662109375
-0.0156173706054687 -0.0100059509277344 0.01348876953125 -0.460906982421875
-0.00906753540039063 -0.000386238098144531 -0.274887084960938 -0.2130126953125
0.00758171081542969 0.0112648010253906 -0.25299072265625 -0.00292968750000005
0.0179424285888672 0.008941650390625 -0.082550048828125 0.103019714355469
0.00598955154418945 -0.00327777862548828 0.0519561767578125 0.0910186767578125
0.0114603042602539 -0.00491714477539063 -0.0245742797851562 -0.0895233154296875
0.0176353454589844 0.0100536346435547 0.122795104980469 -0.0800552368164063
0.0118503570556641 0.0176372528076172 0.238449096679687 0.03692626953125
-0.010009765625 0.0193672180175781 0.229782104492188 0.261962890625
-0.0300312042236328 -0.00603485107421875 -0.079437255859375 0.40814208984375
-0.0100135803222656 -0.0360145568847656 -0.4219970703125 0.28961181640625
0.0246410369873047 -0.00140953063964844 -0.39892578125 0.00326538085937497
0.0436210632324219 0.0365333557128906 0.0179252624511719 0.0615158081054687
0.039764404296875 0.0105094909667969 0.474761962890625 0.0657958984375
0.0109186172485352 -0.0150365829467773 0.468719482421875 -0.311004638671875
-0.0148944854736328 -0.00959205627441406 0.017547607421875 -0.459564208984375
-0.00891208648681641 -0.000452995300292968 -0.27264404296875 -0.215835571289063
0.00828647613525391 0.0104799270629883 -0.25341796875 -0.00436401367187504
0.0187587738037109 0.00824165344238281 -0.0828323364257813 0.102462768554688
0.00723648071289063 -0.00316810607910156 0.0532684326171875 0.0914764404296875
0.0117511749267578 -0.00445938110351563 -0.0260086059570313 -0.0903396606445313
0.0174674987792969 0.00889492034912109 0.121635437011719 -0.0799026489257813
0.011408805847168 0.0174732208251953 0.23870849609375 0.0361785888671875
-0.00930976867675781 0.0193424224853516 0.232589721679687 0.258941650390625
-0.0306243896484375 -0.00529670715332031 -0.074676513671875 0.407440185546875
-0.0113754272460938 -0.0360488891601563 -0.418914794921875 0.29168701171875
0.0216655731201172 -0.00186347961425781 -0.398101806640625 0.00457763671875008
0.0415000915527344 0.0343780517578125 0.0175437927246094 0.0610771179199219
0.0379524230957031 0.0102500915527344 0.474395751953125 0.0703125
0.0102128982543945 -0.0154027938842773 0.470855712890625 -0.306549072265625
-0.015228271484375 -0.00914573669433594 0.0224609375 -0.46099853515625
-0.00846958160400391 0.000523567199707032 -0.2701416015625 -0.21734619140625
0.00756359100341797 0.0120468139648438 -0.252334594726562 -0.00343322753906246
0.017822265625 0.00832748413085937 -0.0828475952148437 0.103958129882813
0.00749540328979492 -0.00333452224731445 0.052093505859375 0.0919189453125
0.01263427734375 -0.00452232360839844 -0.0265960693359375 -0.090087890625
0.0174951553344727 0.00875091552734375 0.122970581054688 -0.0791168212890625
0.0113449096679688 0.0179576873779297 0.24005126953125 0.0355072021484375
-0.00979804992675781 0.0201301574707031 0.235397338867187 0.258834838867188
-0.0301189422607422 -0.00432777404785156 -0.07177734375 0.407470703125
-0.0113906860351563 -0.0355987548828125 -0.417572021484375 0.29205322265625
0.0189208984375 -0.00288963317871094 -0.397674560546875 0.00509643554687502
0.0383377075195313 0.0324821472167969 0.0168571472167969 0.0614128112792969
0.0354461669921875 0.00862884521484375 0.474700927734375 0.073272705078125
0.00787067413330078 -0.0142755508422852 0.472503662109375 -0.3050537109375
-0.0149345397949219 -0.00869941711425781 0.0239562988281249 -0.46075439453125
-0.00825405120849609 0.00112104415893555 -0.270416259765625 -0.216781616210938
0.00716495513916016 0.0111837387084961 -0.252410888671875 -0.00373840332031254
0.0185432434082031 0.00770187377929688 -0.0826950073242188 0.104278564453125
0.00820732116699219 -0.00403594970703125 0.0523681640625 0.0930862426757812
0.0121192932128906 -0.00335407257080078 -0.027252197265625 -0.0902786254882813
0.0171356201171875 0.00966644287109375 0.123321533203125 -0.0793685913085938
0.0104255676269531 0.0185966491699219 0.240676879882813 0.0356903076171875
-0.0100116729736328 0.0211143493652344 0.2347412109375 0.259979248046875
-0.0298671722412109 -0.00428962707519531 -0.07281494140625 0.408172607421875
-0.0124549865722656 -0.0353927612304688 -0.41827392578125 0.29248046875
0.0174522399902344 -0.00249290466308594 -0.397064208984375 0.00469970703124997
0.0359687805175781 0.0312690734863281 0.0188522338867188 0.0623931884765625
0.0330581665039063 0.0081329345703125 0.4764404296875 0.072601318359375
0.00889110565185547 -0.014338493347168 0.473388671875 -0.304931640625
-0.0150032043457031 -0.0086517333984375 0.02252197265625 -0.45977783203125
-0.00829505920410156 0.00112390518188476 -0.270004272460938 -0.215621948242187
0.00708103179931641 0.0118827819824219 -0.251556396484375 -0.00308227539062496
0.017608642578125 0.00813865661621094 -0.0820388793945313 0.105644226074219
0.00771236419677734 -0.00336599349975586 0.0524139404296875 0.0939559936523438
0.0108661651611328 -0.00408935546875 -0.0278549194335938 -0.0910797119140625
0.0176906585693359 0.0106029510498047 0.125068664550781 -0.07891845703125
0.00989341735839844 0.0191745758056641 0.241302490234375 0.0373382568359375
-0.00956535339355469 0.0208702087402344 0.232986450195313 0.26165771484375
-0.0295600891113281 -0.00377273559570313 -0.075714111328125 0.40771484375
-0.0121593475341797 -0.0344772338867188 -0.420379638671875 0.288818359375
0.0160188674926758 -0.00284576416015625 -0.396026611328125 0.00277709960937498
0.0335884094238281 0.0299110412597656 0.0222015380859375 0.0636024475097656
0.0319137573242188 0.00807380676269531 0.477874755859375 0.070587158203125
0.00822067260742188 -0.0140819549560547 0.47259521484375 -0.306121826171875
-0.0148763656616211 -0.00753021240234375 0.020904541015625 -0.45703125
-0.00822734832763672 0.00185775756835938 -0.270370483398438 -0.214218139648437
0.00693607330322266 0.0124502182006836 -0.2509765625 -0.00248718261718753
0.0171575546264648 0.00911426544189453 -0.0820693969726563 0.107002258300781
0.00655984878540039 -0.00387334823608398 0.0526199340820313 0.0957107543945313
0.00875616073608398 -0.00375890731811523 -0.0289230346679688 -0.0931396484375
0.0168914794921875 0.0119085311889648 0.126235961914063 -0.0806503295898438
0.008880615234375 0.0187129974365234 0.23992919921875 0.037200927734375
-0.00961875915527344 0.0204982757568359 0.2327880859375 0.263504028320313
-0.0292854309082031 -0.00431632995605469 -0.081298828125 0.40728759765625
-0.0111465454101563 -0.0341243743896484 -0.42822265625 0.285919189453125
0.0154714584350586 -0.00135326385498047 -0.396820068359375 0.000305175781249928
0.0329799652099609 0.0304298400878906 0.0255966186523438 0.0649566650390625
0.0331592559814453 0.00768852233886719 0.481170654296875 0.068603515625
0.00853538513183594 -0.0136728286743164 0.471954345703125 -0.308197021484375
-0.0142335891723633 -0.00680065155029297 0.01617431640625 -0.456390380859375
-0.00771570205688476 0.00310897827148437 -0.272979736328125 -0.209304809570313
0.00625133514404297 0.0125398635864258 -0.249908447265625 0.000579833984374976
0.0163593292236328 0.0103626251220703 -0.0791473388671875 0.108505249023438
0.0054783821105957 -0.00196647644042969 0.0566329956054687 0.0980453491210938
0.00794696807861328 -0.00450563430786133 -0.0288238525390625 -0.0934600830078125
0.0154838562011719 0.0125656127929688 0.127090454101563 -0.0784072875976563
0.00796890258789063 0.0190963745117187 0.240097045898438 0.0399932861328125
-0.00895309448242187 0.0203075408935547 0.228912353515625 0.266754150390625
-0.0289649963378906 -0.00528907775878907 -0.087249755859375 0.405548095703125
-0.0102577209472656 -0.0346050262451172 -0.429840087890625 0.28094482421875
0.0172758102416992 -0.00171852111816406 -0.3948974609375 -0.000274658203125062
0.0332984924316406 0.0306320190429688 0.0290603637695312 0.0676193237304688
0.0326614379882813 0.00755691528320313 0.483062744140625 0.064697265625
0.00925540924072266 -0.0138492584228516 0.4654541015625 -0.313995361328125
-0.0135288238525391 -0.00730323791503906 0.00802612304687505 -0.45501708984375
-0.00824785232543945 0.0025472640991211 -0.275680541992188 -0.207122802734375
0.00643444061279297 0.0136899948120117 -0.249542236328125 0.00268554687499996
0.0151119232177734 0.0113143920898437 -0.0779495239257813 0.109512329101563
0.00303268432617187 -0.00226783752441406 0.0543975830078125 0.0987091064453125
0.0111103057861328 -0.00406742095947266 -0.0239791870117188 -0.0888519287109375
0.0170125961303711 0.00939846038818359 0.120918273925781 -0.0801315307617187
0.0115690231323242 0.0172805786132813 0.235382080078125 0.0357513427734375
-0.00973129272460937 0.0188922882080078 0.229217529296875 0.256546020507813
-0.0298290252685547 -0.00659751892089844 -0.077423095703125 0.403961181640625
-0.00934600830078125 -0.0355033874511719 -0.418121337890625 0.287872314453125
0.0261058807373047 8.20159912109375E-05 -0.393829345703125 0.00622558593750003
0.0462722778320312 0.0372505187988281 0.020782470703125 0.0613021850585938
0.0410995483398438 0.00974273681640625 0.470550537109375 0.055938720703125
0.0110797882080078 -0.0153350830078125 0.453887939453125 -0.317901611328125
-0.0149002075195313 -0.00937461853027344 0.00570678710937495 -0.455169677734375
-0.00878810882568359 -0.000562667846679688 -0.276336669921875 -0.2071533203125
0.00745868682861328 0.0103893280029297 -0.249542236328125 0.00149536132812503
0.0178852081298828 0.00841331481933594 -0.0797042846679688 0.103630065917969
0.00589704513549805 -0.00289678573608398 0.0534210205078125 0.0896759033203125
0.0120248794555664 -0.00380992889404297 -0.0256423950195312 -0.0887374877929688
0.0177650451660156 0.00898933410644531 0.120254516601562 -0.0811920166015625
0.0112476348876953 0.0172214508056641 0.236221313476563 0.0326385498046875
-0.00934219360351562 0.0186595916748047 0.231613159179687 0.255218505859375
-0.0299282073974609 -0.00543785095214844 -0.071868896484375 0.404052734375
-0.010284423828125 -0.03558349609375 -0.413604736328125 0.2935791015625
0.0247268676757813 -0.000631332397460938 -0.393707275390625 0.00936889648437499
0.0443572998046875 0.0353240966796875 0.0180473327636719 0.0599746704101563
0.0394859313964844 0.0093994140625 0.4698486328125 0.05926513671875
0.0100278854370117 -0.0156583786010742 0.458831787109375 -0.31427001953125
-0.0153026580810547 -0.00965213775634766 0.01092529296875 -0.4559326171875
-0.00848293304443359 -0.000781536102294924 -0.273483276367188 -0.208999633789063
0.00759410858154297 0.0100736618041992 -0.249923706054688 0.000488281249999987
0.0177650451660156 0.00753402709960938 -0.08062744140625 0.103279113769531
0.00668096542358398 -0.00291347503662109 0.0527572631835938 0.0906219482421875
0.0122976303100586 -0.00435352325439453 -0.0265274047851563 -0.089141845703125
0.0170040130615234 0.00882244110107422 0.118888854980469 -0.0814361572265625
0.0113725662231445 0.0167779922485352 0.23638916015625 0.030853271484375
-0.00876235961914063 0.0200347900390625 0.2353515625 0.252639770507813
-0.0300025939941406 -0.00472259521484375 -0.06634521484375 0.40435791015625
-0.0114650726318359 -0.0350856781005859 -0.411468505859375 0.295684814453125
0.0218544006347656 -0.0019989013671875 -0.39373779296875 0.00936889648437505
0.0416183471679687 0.0338287353515625 0.0164947509765625 0.0597000122070312
0.0371665954589844 0.00950241088867188 0.469818115234375 0.062713623046875
0.00913524627685547 -0.0154018402099609 0.4609375 -0.311614990234375
-0.0153064727783203 -0.00894927978515625 0.015106201171875 -0.456146240234375
-0.00784063339233398 -3.1948089599608E-05 -0.272140502929688 -0.21002197265625
0.00792694091796875 0.0110149383544922 -0.249359130859375 0.000289916992187497
0.0186767578125 0.00744056701660156 -0.080718994140625 0.104164123535156
0.00776338577270508 -0.00319337844848633 0.052581787109375 0.0904388427734375
0.0118007659912109 -0.00426197052001953 -0.0276260375976562 -0.0886993408203125
0.0174961090087891 0.00893974304199219 0.120208740234375 -0.0812149047851563
0.0114555358886719 0.017608642578125 0.237564086914063 0.0306854248046875
-0.00872421264648437 0.0201301574707031 0.237335205078125 0.252273559570313
-0.0299930572509766 -0.00393867492675782 -0.064361572265625 0.403594970703125
-0.0124530792236328 -0.0346488952636719 -0.408538818359375 0.295257568359375
0.0192604064941406 -0.00249290466308594 -0.39251708984375 0.01055908203125
0.0378341674804688 0.0316696166992188 0.0175399780273438 0.0595321655273438
0.0350284576416016 0.00835800170898438 0.469696044921875 0.06280517578125
0.00810432434082031 -0.0142536163330078 0.462554931640625 -0.308319091796875
-0.0149974822998047 -0.00834560394287109 0.016265869140625 -0.4560546875
-0.00795745849609375 0.00098133087158203 -0.271133422851562 -0.210220336914063
0.00709342956542969 0.0107898712158203 -0.248825073242187 0.000198364257812515
0.0183238983154297 0.00752639770507813 -0.0801773071289063 0.104537963867188
0.00756359100341797 -0.00394535064697266 0.0528488159179688 0.0918807983398437
0.0115814208984375 -0.00408649444580078 -0.0281753540039062 -0.0892105102539062
0.016937255859375 0.00910091400146484 0.1209716796875 -0.0810165405273438
0.011077880859375 0.0176429748535156 0.238555908203125 0.03167724609375
-0.00884628295898438 0.0207862854003906 0.237350463867188 0.253509521484375
-0.0293731689453125 -0.00372505187988282 -0.0662841796875 0.404205322265625
-0.0132026672363281 -0.0341892242431641 -0.40924072265625 0.294830322265625
0.0174369812011719 -0.00270557403564453 -0.393402099609375 0.00979614257812507
0.0352706909179688 0.0301437377929688 0.01947021484375 0.0604171752929687
0.0330905914306641 0.00781631469726563 0.471954345703125 0.065093994140625
0.00759696960449219 -0.0140256881713867 0.461700439453125 -0.309478759765625
-0.0145282745361328 -0.00787353515625 0.0159912109375 -0.455322265625
-0.00770664215087891 0.00124406814575195 -0.270797729492188 -0.209152221679687
0.00697994232177734 0.0107927322387695 -0.24871826171875 0.000183105468749965
0.0177650451660156 0.00760078430175781 -0.0794830322265625 0.105873107910156
0.00799942016601563 -0.0036320686340332 0.05352783203125 0.09210205078125
0.0108623504638672 -0.00369834899902344 -0.0277862548828125 -0.0899887084960938
0.0173320770263672 0.00994205474853516 0.122001647949219 -0.0804672241210938
0.0100135803222656 0.0183315277099609 0.238983154296875 0.0322418212890625
-0.00895118713378906 0.0212783813476563 0.2347412109375 0.255874633789063
-0.0293006896972656 -0.00361251831054688 -0.068939208984375 0.40362548828125
-0.0130023956298828 -0.0336513519287109 -0.412506103515625 0.292266845703125
0.0160436630249023 -0.00309085845947266 -0.391265869140625 0.00765991210937493
0.0335235595703125 0.0293636322021484 0.0214805603027344 0.0623245239257813
0.0314922332763672 0.00711822509765625 0.474212646484375 0.063079833984375
0.00759029388427735 -0.0141792297363281 0.4619140625 -0.30975341796875
-0.0141916275024414 -0.00733184814453125 0.013641357421875 -0.453369140625
-0.00788307189941406 0.00185394287109375 -0.272018432617188 -0.207550048828125
0.00656795501708984 0.0114078521728516 -0.248062133789063 0.00224304199218747
0.0173931121826172 0.00832653045654297 -0.078704833984375 0.107109069824219
0.00708293914794922 -0.00352716445922852 0.0525970458984375 0.0938568115234375
0.009124755859375 -0.00463485717773437 -0.0301513671875 -0.0926361083984375
0.0172014236450195 0.0103921890258789 0.124015808105469 -0.0813369750976563
0.00898933410644531 0.0184173583984375 0.23760986328125 0.0323028564453125
-0.00885581970214844 0.0209465026855469 0.2340087890625 0.257766723632813
-0.0288753509521484 -0.00302314758300781 -0.074432373046875 0.40380859375
-0.0118598937988281 -0.0334949493408203 -0.41937255859375 0.2891845703125
0.0157632827758789 -0.00209236145019531 -0.391387939453125 0.00671386718750003
0.0321216583251953 0.029205322265625 0.025726318359375 0.0641937255859375
0.0316524505615234 0.00646400451660156 0.477294921875 0.061004638671875
0.00781536102294922 -0.0135574340820312 0.4613037109375 -0.3125
-0.0141420364379883 -0.00673484802246094 0.00888061523437504 -0.451812744140625
-0.00790929794311523 0.00243330001831055 -0.272994995117188 -0.20355224609375
0.00619125366210938 0.0126657485961914 -0.247177124023437 0.00444030761718749
0.0168819427490234 0.00981426239013672 -0.0765304565429687 0.108795166015625
0.00625038146972656 -0.00118732452392578 0.0576934814453125 0.097198486328125
0.0084233283996582 -0.00398969650268555 -0.0296478271484375 -0.0916976928710938
0.0151920318603516 0.0113229751586914 0.124542236328125 -0.080230712890625
0.00849723815917969 0.0189094543457031 0.23828125 0.035400390625
-0.00875663757324219 0.0204486846923828 0.230300903320312 0.259033203125
-0.0281639099121094 -0.004180908203125 -0.07989501953125 0.402984619140625
-0.0100898742675781 -0.0341224670410156 -0.42108154296875 0.28436279296875
0.0168161392211914 -0.00153827667236328 -0.39007568359375 0.00518798828124992
0.0332889556884766 0.0291213989257813 0.0294570922851563 0.0659637451171875
0.0322608947753906 0.007049560546875 0.478179931640625 0.0567626953125
0.00859355926513672 -0.0136051177978516 0.454437255859375 -0.317169189453125
-0.0146675109863281 -0.00713348388671875 0.00119018554687501 -0.451324462890625
-0.00807046890258789 0.00204277038574219 -0.275924682617188 -0.200363159179688
0.00614833831787109 0.0129899978637695 -0.246337890625 0.0063018798828125
0.0154352188110352 0.0108203887939453 -0.0751571655273437 0.109519958496094
0.00352358818054199 -0.00209903717041016 0.0547637939453125 0.09722900390625
0.0114288330078125 -0.00419902801513672 -0.0250701904296875 -0.0873794555664063
0.0169496536254883 0.00932884216308594 0.118705749511719 -0.0812149047851562
0.0111322402954102 0.0168380737304687 0.23370361328125 0.0311279296875
-0.00931549072265625 0.0177974700927734 0.229598999023438 0.251571655273437
-0.0300445556640625 -0.00627899169921875 -0.07269287109375 0.400390625
-0.00918960571289063 -0.0348739624023437 -0.40924072265625 0.29010009765625
0.0256729125976563 0.000448226928710938 -0.388885498046875 0.01025390625
0.0458755493164063 0.0356292724609375 0.0207939147949219 0.0600547790527344
0.040374755859375 0.00918960571289062 0.4644775390625 0.049072265625
0.0101165771484375 -0.0148077011108398 0.444183349609375 -0.319244384765625
-0.0144147872924805 -0.00813865661621093 0.000183105468750032 -0.45074462890625
-0.00926589965820313 -0.000629425048828125 -0.275253295898438 -0.200469970703125
0.00750064849853516 0.00940799713134766 -0.246688842773438 0.00566101074218748
0.0175142288208008 0.00701236724853516 -0.07763671875 0.103034973144531
0.00568008422851563 -0.00338172912597656 0.0540924072265625 0.088287353515625
0.0117530822753906 -0.0047149658203125 -0.0260009765625 -0.0873184204101563
0.017420768737793 0.00853538513183594 0.118209838867188 -0.0821990966796875
0.0112810134887695 0.0170402526855469 0.234237670898438 0.0292205810546875
-0.00864219665527344 0.0184955596923828 0.232452392578125 0.248123168945313
-0.0292701721191406 -0.00503349304199218 -0.066009521484375 0.401519775390625
-0.0113353729248047 -0.0344905853271484 -0.405303955078125 0.295135498046875
0.0235729217529297 -0.00125312805175781 -0.388641357421875 0.01361083984375
0.0441360473632813 0.03411865234375 0.0187339782714844 0.0586128234863281
0.0384559631347656 0.00841140747070312 0.463287353515625 0.052001953125
0.00983810424804687 -0.0150117874145508 0.4481201171875 -0.316192626953125
-0.0151653289794922 -0.00856208801269531 0.00436401367187502 -0.449798583984375
-0.00908279418945313 -0.000320434570312502 -0.273361206054688 -0.20330810546875
0.00799560546875 0.0108118057250977 -0.247573852539062 0.00347900390624995
0.0185604095458984 0.00707626342773438 -0.0783309936523438 0.1031494140625
0.007080078125 -0.00336503982543945 0.0526351928710937 0.0880889892578125
0.0124273300170898 -0.00422191619873047 -0.0272064208984375 -0.08807373046875
0.0176544189453125 0.0083160400390625 0.11767578125 -0.0820388793945313
0.0115795135498047 0.0167989730834961 0.234222412109375 0.0277099609375
-0.00889778137207031 0.0189762115478516 0.2353515625 0.245468139648438
-0.02935791015625 -0.00336265563964844 -0.06048583984375 0.401214599609375
-0.0125026702880859 -0.0340709686279297 -0.400604248046875 0.296600341796875
0.0211009979248047 -0.002044677734375 -0.388641357421875 0.0142822265625
0.0411376953125 0.0324745178222656 0.017303466796875 0.0585784912109375
0.036285400390625 0.00844192504882813 0.464813232421875 0.055877685546875
0.00883769989013672 -0.0150671005249023 0.451416015625 -0.31207275390625
-0.0143642425537109 -0.00872707366943359 0.00762939453125005 -0.45086669921875
-0.00934982299804688 0.000888824462890624 -0.2708740234375 -0.203948974609375
0.00739192962646484 0.0106983184814453 -0.246490478515625 0.00302124023437501
0.0185661315917969 0.00615501403808594 -0.0786666870117188 0.103919982910156
0.00834465026855469 -0.00278186798095703 0.0532608032226562 0.0892333984375
0.0120782852172852 -0.00411891937255859 -0.0277862548828125 -0.0875320434570313
0.016657829284668 0.00826263427734375 0.118209838867187 -0.0824508666992187
0.01171875 0.0165548324584961 0.235458374023438 0.0275421142578125
-0.00844955444335937 0.0199775695800781 0.236297607421875 0.245651245117188
-0.0294227600097656 -0.00295639038085938 -0.058563232421875 0.400726318359375
-0.0130538940429687 -0.0332298278808594 -0.398681640625 0.29736328125
0.0188179016113281 -0.00275230407714844 -0.387298583984375 0.0150146484375
0.0376434326171875 0.0311622619628906 0.0173835754394531 0.05828857421875
0.03399658203125 0.00731086730957031 0.4637451171875 0.056884765625
0.00735187530517578 -0.0149765014648437 0.45263671875 -0.310638427734375
-0.0148096084594727 -0.00749588012695312 0.00967407226562502 -0.4512939453125
-0.00790643692016602 0.000908851623535155 -0.270797729492187 -0.204498291015625
0.00699615478515625 0.010502815246582 -0.246002197265625 0.00410461425781245
0.0182781219482422 0.0063629150390625 -0.0782852172851563 0.104400634765625
0.00850963592529297 -0.00363969802856445 0.053924560546875 0.0902023315429688
0.0114879608154297 -0.00439453125 -0.0283966064453125 -0.08807373046875
0.0171794891357422 0.00896835327148438 0.118324279785156 -0.0816726684570312
0.0105476379394531 0.0176563262939453 0.236114501953125 0.027984619140625
-0.00871849060058594 0.0203971862792969 0.23834228515625 0.247222900390625
-0.0294246673583984 -0.00318336486816406 -0.0592041015625 0.401092529296875
-0.0132808685302734 -0.0331287384033203 -0.40087890625 0.29766845703125
0.0167865753173828 -0.00290775299072266 -0.38763427734375 0.01409912109375
0.034759521484375 0.0294437408447266 0.0194587707519531 0.0592460632324219
0.0322742462158203 0.00668907165527344 0.4669189453125 0.05841064453125
0.00761032104492188 -0.0146665573120117 0.45318603515625 -0.31121826171875
-0.0142898559570312 -0.00747203826904297 0.00967407226562498 -0.4500732421875
-0.00804662704467773 0.000619888305664064 -0.270065307617188 -0.203155517578125
0.00716209411621094 0.0106601715087891 -0.245346069335938 0.00445556640625004
0.0172557830810547 0.00722503662109375 -0.0777740478515625 0.105064392089844
0.00730228424072266 -0.00309658050537109 0.0530319213867188 0.0911407470703125
0.0106697082519531 -0.00386619567871094 -0.0284423828125 -0.08831787109375
0.0169305801391602 0.00958633422851563 0.119926452636719 -0.0810470581054687
0.0102119445800781 0.0172662734985352 0.236099243164063 0.029144287109375
-0.00843048095703125 0.0213356018066406 0.235595703125 0.2496337890625
-0.0292243957519531 -0.00331687927246094 -0.063018798828125 0.400146484375
-0.0133495330810547 -0.0326175689697266 -0.403656005859375 0.29388427734375
0.0157537460327148 -0.00243949890136719 -0.38592529296875 0.01239013671875
0.0331230163574219 0.0279293060302734 0.0224113464355469 0.0605430603027344
0.0312480926513672 0.00618171691894531 0.4677734375 0.0567626953125
0.00739955902099609 -0.0138359069824219 0.452178955078125 -0.31085205078125
-0.0139894485473633 -0.00671958923339844 0.00759887695312498 -0.447296142578125
-0.00780773162841797 0.00173187255859375 -0.271682739257813 -0.201553344726562
0.00677299499511719 0.0108604431152344 -0.2452392578125 0.00541687011718747
0.0169143676757813 0.0079345703125 -0.0769500732421875 0.106605529785156
0.00656509399414063 -0.00320625305175781 0.0533523559570313 0.0927581787109375
0.00938987731933594 -0.0048065185546875 -0.0308074951171875 -0.0910568237304688
0.0165586471557617 0.00948810577392578 0.121185302734375 -0.0827102661132813
0.00877952575683594 0.0180606842041016 0.234756469726563 0.029571533203125
-0.00898361206054688 0.0205268859863281 0.234649658203125 0.250411987304688
-0.0286712646484375 -0.00321769714355469 -0.0692138671875 0.399383544921875
-0.0126533508300781 -0.0326080322265625 -0.409210205078125 0.291595458984375
0.0152034759521484 -0.00162792205810547 -0.3868408203125 0.00964355468749994
0.0328044891357422 0.0280723571777344 0.0261878967285156 0.062225341796875
0.0308895111083984 0.00600051879882812 0.47119140625 0.05389404296875
0.00715732574462891 -0.0134897232055664 0.450439453125 -0.31427001953125
-0.0138740539550781 -0.00675201416015625 0.00320434570312496 -0.446441650390625
-0.00829648971557617 0.00258779525756836 -0.27349853515625 -0.197555541992188
0.00666713714599609 0.0119075775146484 -0.243499755859375 0.00814819335937497
0.0166893005371094 0.00934410095214844 -0.0742721557617188 0.108367919921875
0.00589799880981445 -0.00176191329956055 0.0572586059570312 0.0951156616210937
0.00839138031005859 -0.00432538986206055 -0.0293731689453125 -0.0908279418945313
0.0154829025268555 0.0106773376464844 0.122283935546875 -0.081298828125
0.00810050964355469 0.0186748504638672 0.235183715820313 0.0320892333984375
-0.00831985473632813 0.0204391479492187 0.231597900390625 0.253250122070313
-0.0284461975097656 -0.00384140014648437 -0.0743408203125 0.39910888671875
-0.0105705261230469 -0.0326137542724609 -0.41192626953125 0.28582763671875
0.0167636871337891 -0.00151824951171875 -0.38427734375 0.00924682617187498
0.0333271026611328 0.0283412933349609 0.0291595458984375 0.0639419555664063
0.0315685272216797 0.00633430480957031 0.472747802734375 0.0499267578125
0.00820636749267578 -0.0131692886352539 0.44451904296875 -0.3189697265625
-0.0138111114501953 -0.0064096450805664 -0.00531005859374998 -0.445556640625
-0.00797939300537109 0.00205564498901367 -0.275772094726562 -0.194488525390625
0.00627899169921875 0.0115156173706055 -0.24322509765625 0.00987243652343748
0.0155572891235352 0.010014533996582 -0.0734329223632812 0.109169006347656
0.00373077392578125 -0.00220394134521484 0.0557861328125 0.0956497192382813
0.0116720199584961 -0.00455951690673828 -0.024932861328125 -0.0863037109375
0.0167388916015625 0.00825309753417969 0.116180419921875 -0.0821304321289063
0.0116796493530273 0.017359733581543 0.231063842773437 0.028717041015625
-0.00840377807617188 0.0187473297119141 0.229782104492187 0.245513916015625
-0.0290813446044922 -0.00560951232910156 -0.0670166015625 0.396759033203125
-0.00957489013671875 -0.0337085723876953 -0.40167236328125 0.29046630859375
0.0256690979003906 0.000164031982421875 -0.384063720703125 0.0135803222656251
0.0456161499023437 0.0345649719238281 0.020782470703125 0.0573997497558594
0.0391845703125 0.00788497924804688 0.45758056640625 0.044158935546875
0.00996208190917969 -0.0151395797729492 0.43634033203125 -0.3192138671875
-0.0147686004638672 -0.00901317596435547 -0.00503540039062495 -0.44525146484375
-0.00918960571289063 -0.00134563446044922 -0.274856567382813 -0.19482421875
0.0081634521484375 0.00961399078369141 -0.244461059570313 0.00671386718749999
0.0176906585693359 0.00683403015136719 -0.0756454467773438 0.102775573730469
0.00568771362304688 -0.00295782089233398 0.0536880493164062 0.08697509765625
0.0114259719848633 -0.00443553924560547 -0.0260086059570313 -0.0868606567382812
0.0174674987792969 0.00731086730957031 0.115676879882813 -0.0826339721679688
0.0119819641113281 0.0159196853637695 0.230972290039063 0.026092529296875
-0.00864791870117187 0.0184440612792969 0.23199462890625 0.243408203125
-0.0296173095703125 -0.00474548339843751 -0.061981201171875 0.396728515625
-0.0110702514648438 -0.0332756042480469 -0.396636962890625 0.295135498046875
0.0234775543212891 -0.00109481811523438 -0.38385009765625 0.0161132812500001
0.0438919067382813 0.03369140625 0.017822265625 0.0573005676269531
0.0376625061035156 0.00782012939453125 0.457183837890625 0.047637939453125
0.00902557373046875 -0.0146331787109375 0.4395751953125 -0.316650390625
-0.0140838623046875 -0.00793743133544922 -0.000305175781249991 -0.445159912109375
-0.00860118865966797 -0.000149726867675781 -0.2725830078125 -0.197402954101562
0.00722122192382813 0.0104475021362305 -0.243896484375 0.00718688964843746
0.0179233551025391 0.00666427612304688 -0.0768280029296875 0.102676391601563
0.00719499588012695 -0.00352239608764648 0.0532989501953125 0.0874710083007813
0.0122594833374023 -0.0045623779296875 -0.02703857421875 -0.0873260498046875
0.0169897079467773 0.00769901275634766 0.115837097167969 -0.0828933715820312
0.0112247467041016 0.016535758972168 0.231369018554688 0.0238037109375
-0.00738716125488281 0.0194664001464844 0.235137939453125 0.241744995117188
-0.0286331176757813 -0.00400543212890625 -0.05657958984375 0.39739990234375
-0.0123100280761719 -0.0334796905517578 -0.393798828125 0.298248291015625
0.0213203430175781 -0.00228691101074219 -0.3837890625 0.01593017578125
0.0403671264648438 0.0317230224609375 0.0171470642089844 0.0567474365234375
0.0352592468261719 0.007476806640625 0.45751953125 0.0506591796875
0.00879955291748047 -0.0144824981689453 0.443145751953125 -0.312042236328125
-0.0146799087524414 -0.00754261016845703 0.00433349609374999 -0.446563720703125
-0.00831460952758789 0.000289916992187501 -0.270858764648438 -0.198501586914062
0.00826835632324219 0.00915241241455078 -0.243499755859375 0.00659179687500005
0.0181941986083984 0.00544357299804688 -0.076751708984375 0.103096008300781
0.00771427154541016 -0.00276470184326172 0.0532989501953125 0.0880889892578125
0.0118589401245117 -0.00496673583984375 -0.0286636352539062 -0.0862503051757813
0.0167551040649414 0.00749969482421875 0.116561889648437 -0.0825042724609375
0.0116758346557617 0.016453742980957 0.232650756835937 0.0244903564453125
-0.00782203674316406 0.0204105377197266 0.237442016601563 0.240005493164063
-0.0294227600097656 -0.0027313232421875 -0.05340576171875 0.396331787109375
-0.0134162902832031 -0.0321941375732422 -0.391510009765625 0.299102783203125
0.0188560485839844 -0.00247383117675781 -0.3826904296875 0.017822265625
0.0371131896972656 0.0306434631347656 0.0174560546875 0.0571823120117188
0.0330696105957031 0.00700759887695313 0.45892333984375 0.0523681640625
0.00782489776611328 -0.0150585174560547 0.44464111328125 -0.30938720703125
-0.0137968063354492 -0.00799942016601562 0.00653076171874997 -0.446197509765625
-0.00823640823364258 0.000245571136474608 -0.269256591796875 -0.199493408203125
0.00759601593017578 0.00971698760986328 -0.242767333984375 0.00549316406249995
0.0181770324707031 0.00681686401367188 -0.0763931274414062 0.103782653808594
0.00801944732666016 -0.00283527374267578 0.0530853271484375 0.0882949829101563
0.0120096206665039 -0.00405502319335938 -0.0283050537109375 -0.0869827270507813
0.0162229537963867 0.00815010070800781 0.116966247558594 -0.0820083618164062
0.0101957321166992 0.0171098709106445 0.233642578125 0.0245819091796875
-0.00779533386230469 0.0207920074462891 0.237564086914063 0.24151611328125
-0.0282669067382813 -0.00287818908691406 -0.05560302734375 0.396148681640625
-0.0132675170898438 -0.0324382781982422 -0.392822265625 0.2967529296875
0.0163478851318359 -0.00281810760498047 -0.382080078125 0.0168762207031251
0.0345611572265625 0.0282726287841797 0.0195350646972656 0.0580101013183594
0.0319023132324219 0.00655746459960938 0.46087646484375 0.053131103515625
0.00715160369873047 -0.014063835144043 0.444732666015625 -0.31158447265625
-0.0144987106323242 -0.00687789916992188 0.00549316406249999 -0.445098876953125
-0.00784921646118164 0.00148439407348633 -0.26922607421875 -0.197555541992187
0.00705909729003906 0.00973606109619141 -0.242706298828125 0.00672912597656247
0.0179309844970703 0.00613975524902344 -0.0759124755859375 0.104682922363281
0.00750494003295898 -0.00326204299926758 0.053375244140625 0.0899505615234375
0.0105381011962891 -0.00382709503173828 -0.02813720703125 -0.08746337890625
0.0164880752563477 0.00838756561279297 0.118156433105469 -0.0818862915039063
0.010136604309082 0.0175151824951172 0.23406982421875 0.026123046875
-0.0078887939453125 0.0212154388427734 0.235443115234375 0.243515014648438
-0.0285930633544922 -0.00268173217773438 -0.05877685546875 0.395599365234375
-0.0130767822265625 -0.0316143035888672 -0.395233154296875 0.2935791015625
0.0154991149902344 -0.00236129760742188 -0.3818359375 0.01580810546875
0.0330696105957031 0.0269374847412109 0.0212936401367187 0.05926513671875
0.0309200286865234 0.00597190856933594 0.46221923828125 0.051177978515625
0.00707626342773438 -0.0137042999267578 0.443359375 -0.3114013671875
-0.0137977600097656 -0.00642585754394531 0.00283813476562497 -0.443634033203125
-0.00793313980102539 0.00119590759277344 -0.270156860351563 -0.196273803710938
0.00674724578857422 0.0106353759765625 -0.242324829101563 0.00862121582031255
0.0170650482177734 0.00727558135986328 -0.0754318237304687 0.10589599609375
0.00705909729003906 -0.00314664840698242 0.0532913208007812 0.0913772583007813
0.00924873352050781 -0.00456142425537109 -0.0311737060546875 -0.0900726318359375
0.0171089172363281 0.00905227661132812 0.118881225585938 -0.0840377807617188
0.00854301452636719 0.0179710388183594 0.232376098632813 0.0262298583984375
-0.00801658630371094 0.0206527709960938 0.23333740234375 0.244705200195313
-0.0284671783447266 -0.00292205810546874 -0.064422607421875 0.395477294921875
-0.0128936767578125 -0.0317325592041016 -0.402557373046875 0.29205322265625
0.0147953033447266 -0.00203323364257812 -0.382476806640625 0.0134582519531251
0.0319118499755859 0.0273990631103516 0.0256118774414063 0.0606575012207031
0.0305194854736328 0.00562286376953125 0.4661865234375 0.049163818359375
0.00696659088134766 -0.0128059387207031 0.442901611328125 -0.314483642578125
-0.0136508941650391 -0.00626182556152344 -0.00109863281249996 -0.4423828125
-0.008453369140625 0.00199699401855469 -0.271575927734375 -0.192718505859375
0.00620174407958984 0.0113039016723633 -0.241561889648438 0.00997924804687496
0.0167837142944336 0.00794506072998047 -0.072601318359375 0.107673645019531
0.00558328628540039 -0.0014500617980957 0.0570068359375 0.0937118530273438
0.0082855224609375 -0.00458955764770508 -0.0300064086914062 -0.0900802612304687
0.0157203674316406 0.0102481842041016 0.120323181152344 -0.0818710327148438
0.00788688659667969 0.0182933807373047 0.233352661132813 0.0284576416015625
-0.00848579406738281 0.0202693939208984 0.231109619140625 0.247512817382812
-0.0279369354248047 -0.00389480590820313 -0.06903076171875 0.394561767578125
-0.0114059448242187 -0.03216552734375 -0.403717041015625 0.286834716796875
0.0165882110595703 -0.00139999389648438 -0.38092041015625 0.012359619140625
0.0328960418701172 0.0276679992675781 0.0286788940429688 0.0625534057617188
0.0309162139892578 0.00584030151367188 0.467041015625 0.04510498046875
0.00822734832763672 -0.0130949020385742 0.436614990234375 -0.317718505859375
-0.0133724212646484 -0.00673961639404297 -0.00970458984375002 -0.439544677734375
-0.00835180282592774 0.00178050994873047 -0.273712158203125 -0.189437866210937
0.00609588623046875 0.011749267578125 -0.240310668945313 0.0124359130859375
0.0152015686035156 0.00907516479492188 -0.0715560913085938 0.108390808105469
0.00320816040039063 -0.00204110145568848 0.0560836791992187 0.0938568115234375
0.0108566284179687 -0.00451946258544922 -0.0244522094726563 -0.0852432250976563
0.0163793563842773 0.00844383239746094 0.115554809570313 -0.0821533203125
0.0116519927978516 0.0160312652587891 0.22857666015625 0.0255584716796875
-0.00838661193847656 0.0188179016113281 0.228317260742188 0.240509033203125
-0.0289707183837891 -0.00558280944824218 -0.062774658203125 0.39263916015625
-0.0100212097167969 -0.0329418182373047 -0.39349365234375 0.28936767578125
0.0252838134765625 0.00070953369140625 -0.378021240234375 0.0147399902343751
0.0448417663574219 0.03436279296875 0.0202522277832031 0.0577507019042969
0.0385169982910156 0.007843017578125 0.45208740234375 0.041748046875
0.010045051574707 -0.0156879425048828 0.428253173828125 -0.317352294921875
-0.0142374038696289 -0.00836086273193359 -0.00769042968750001 -0.440093994140625
-0.00821781158447266 -0.000760555267333986 -0.272506713867188 -0.19097900390625
0.00771617889404297 0.00884056091308594 -0.240829467773438 0.00895690917968747
0.0177955627441406 0.00585556030273438 -0.0742263793945313 0.101234436035156
0.00589704513549805 -0.00280475616455078 0.0538177490234375 0.0861282348632813
0.011662483215332 -0.0040435791015625 -0.0255584716796875 -0.085693359375
0.0163898468017578 0.00715923309326172 0.113883972167969 -0.082733154296875
0.0115528106689453 0.016505241394043 0.228530883789063 0.0240478515625
-0.00827217102050781 0.0194358825683594 0.2308349609375 0.237274169921875
-0.0290203094482422 -0.00518608093261719 -0.057769775390625 0.393157958984375
-0.01141357421875 -0.0322914123535156 -0.390716552734375 0.2940673828125
0.0235748291015625 -2.09808349609375E-05 -0.37835693359375 0.016845703125
0.0435028076171875 0.0330810546875 0.018524169921875 0.0555152893066406
0.0374183654785156 0.00745773315429688 0.451416015625 0.043121337890625
0.00940418243408203 -0.0145130157470703 0.432403564453125 -0.31402587890625
-0.013972282409668 -0.00844955444335938 -0.00399780273437504 -0.44085693359375
-0.00894641876220703 6.96182250976551E-05 -0.271163940429688 -0.192916870117188
0.00758934020996094 0.00939750671386719 -0.241592407226563 0.00828552246093746
0.0178852081298828 0.0057373046875 -0.075347900390625 0.101821899414063
0.00719261169433594 -0.00291872024536133 0.0528640747070312 0.0856170654296875
0.0124998092651367 -0.0050811767578125 -0.0263748168945313 -0.0860977172851562
0.0169887542724609 0.00725460052490234 0.113349914550781 -0.0828857421875
0.0116939544677734 0.0163412094116211 0.229690551757813 0.022979736328125
-0.00810432434082031 0.0195083618164063 0.234939575195313 0.236297607421875
-0.0296974182128906 -0.00369644165039063 -0.052398681640625 0.392608642578125
-0.0123081207275391 -0.0324325561523438 -0.3861083984375 0.295745849609375
0.0208339691162109 -0.00177955627441406 -0.3790283203125 0.0193786621093751
0.0398216247558594 0.0306434631347656 0.0160942077636719 0.0556259155273438
0.0349769592285156 0.00736045837402344 0.451263427734375 0.045501708984375
0.00799655914306641 -0.0148391723632812 0.43450927734375 -0.31121826171875
-0.0150480270385742 -0.0080413818359375 6.10351562500137E-05 -0.44036865234375
-0.00836038589477539 0.000830650329589845 -0.269134521484375 -0.194076538085938
0.0071563720703125 0.00914192199707031 -0.240402221679688 0.00787353515624997
0.0182571411132813 0.00590133666992188 -0.075347900390625 0.102203369140625
0.00758886337280273 -0.00307512283325195 0.0528793334960937 0.0872116088867188
0.0126523971557617 -0.00453376770019531 -0.0278396606445313 -0.0857696533203125
0.0172433853149414 0.00690746307373047 0.114273071289063 -0.0830841064453125
0.0109348297119141 0.0166072845458984 0.23016357421875 0.0228729248046875
-0.00717926025390625 0.0198440551757813 0.235916137695312 0.234771728515625
-0.0287361145019531 -0.0030517578125 -0.050811767578125 0.39190673828125
-0.0133094787597656 -0.0321598052978516 -0.384185791015625 0.296875
0.0183658599853516 -0.00229454040527344 -0.37744140625 0.0205078125
0.0377044677734375 0.0287628173828125 0.0164604187011719 0.0555305480957031
0.0326423645019531 0.00671768188476563 0.452880859375 0.049346923828125
0.00738620758056641 -0.0146923065185547 0.435821533203125 -0.3096923828125
-0.0140209197998047 -0.00734806060791015 0.00189208984374997 -0.4407958984375
-0.00798463821411133 0.00100231170654297 -0.268218994140625 -0.194869995117187
0.00699806213378906 0.00936317443847656 -0.240707397460938 0.00788879394531247
0.0182590484619141 0.0054779052734375 -0.07501220703125 0.10272216796875
0.0084834098815918 -0.002349853515625 0.0531997680664063 0.08782958984375
0.0114173889160156 -0.00476646423339844 -0.02783203125 -0.08587646484375
0.0162200927734375 0.00701904296875 0.114822387695312 -0.082550048828125
0.0112142562866211 0.0166997909545898 0.230804443359375 0.0233917236328125
-0.00734901428222656 0.020965576171875 0.236648559570312 0.236236572265625
-0.0282688140869141 -0.00288963317871094 -0.051025390625 0.390380859375
-0.0140857696533203 -0.0311336517333984 -0.38507080078125 0.2955322265625
0.016169548034668 -0.00266361236572266 -0.37738037109375 0.01873779296875
0.0339202880859375 0.0278606414794922 0.0192298889160156 0.0567131042480469
0.0307292938232422 0.006195068359375 0.453033447265625 0.04949951171875
0.00713920593261719 -0.0139312744140625 0.437469482421875 -0.309478759765625
-0.013707160949707 -0.00660610198974609 0.00180053710937502 -0.440399169921875
-0.00780153274536133 0.000503540039062501 -0.267974853515625 -0.193649291992188
0.00695610046386719 0.00971698760986328 -0.239486694335938 0.00845336914062503
0.0179615020751953 0.00594139099121094 -0.0745849609375 0.104270935058594
0.00720357894897461 -0.00320100784301758 0.0529937744140625 0.0888442993164063
0.0108623504638672 -0.00492763519287109 -0.0285797119140625 -0.0868759155273438
0.0166006088256836 0.00838470458984375 0.116539001464844 -0.0818939208984375
0.00984096527099609 0.0171375274658203 0.23095703125 0.02362060546875
-0.00737762451171875 0.0209522247314453 0.23443603515625 0.237747192382813
-0.0282249450683594 -0.00267219543457031 -0.0546875 0.39154052734375
-0.013336181640625 -0.0315647125244141 -0.388671875 0.292755126953125
0.0149517059326172 -0.00240802764892578 -0.3763427734375 0.016693115234375
0.0322341918945313 0.0264892578125 0.0212516784667969 0.0581245422363281
0.0293502807617187 0.0057830810546875 0.45562744140625 0.046905517578125
0.00634098052978516 -0.013331413269043 0.435516357421875 -0.310394287109375
-0.0135793685913086 -0.00634860992431641 -0.000335693359375004 -0.43780517578125
-0.00803899765014649 0.0014185905456543 -0.268997192382813 -0.19189453125
0.00623512268066406 0.0102567672729492 -0.239303588867188 0.0101318359375
0.0166749954223633 0.00666522979736328 -0.07330322265625 0.105789184570312
0.00635528564453125 -0.00342130661010742 0.0528030395507813 0.0899658203125
0.00953292846679688 -0.00482749938964844 -0.0304489135742188 -0.0893402099609375
0.016514778137207 0.00892543792724609 0.116897583007813 -0.083770751953125
0.00804901123046875 0.0170412063598633 0.22967529296875 0.0248565673828125
-0.00774002075195313 0.0203399658203125 0.233551025390625 0.23919677734375
-0.0275306701660156 -0.00255012512207031 -0.06103515625 0.39111328125
-0.0124225616455078 -0.0307235717773438 -0.3941650390625 0.29034423828125
0.0149221420288086 -0.00144386291503906 -0.3763427734375 0.0156860351562499
0.0314731597900391 0.0259742736816406 0.0251731872558594 0.0592384338378906
0.0293331146240234 0.00580787658691406 0.4593505859375 0.04638671875
0.00696182250976562 -0.0128383636474609 0.434173583984375 -0.313140869140625
-0.0127382278442383 -0.0058450698852539 -0.00405883789062497 -0.437225341796875
-0.0080256462097168 0.00256586074829102 -0.269424438476563 -0.188385009765625
0.00628376007080078 0.0111923217773438 -0.237701416015625 0.011810302734375
0.0164623260498047 0.00788402557373047 -0.071014404296875 0.106697082519531
0.00560712814331055 -0.000706195831298828 0.0576400756835937 0.0920867919921875
0.0080103874206543 -0.00494098663330078 -0.0301971435546875 -0.088897705078125
0.014897346496582 0.00977516174316406 0.117851257324219 -0.082183837890625
0.00837326049804687 0.0180549621582031 0.229629516601563 0.02581787109375
-0.00821876525878906 0.0199241638183594 0.230682373046875 0.24237060546875
-0.0276527404785156 -0.00306320190429687 -0.0660400390625 0.390838623046875
-0.0111408233642578 -0.0309047698974609 -0.397125244140625 0.2857666015625
0.0163507461547852 -0.00173187255859375 -0.374725341796875 0.0132751464843751
0.0319023132324219 0.0264759063720703 0.028472900390625 0.0609359741210937
0.0300197601318359 0.00553512573242188 0.4600830078125 0.0406494140625
0.00714969635009766 -0.0131664276123047 0.428009033203125 -0.317779541015625
-0.0131006240844727 -0.00558662414550782 -0.01324462890625 -0.435089111328125
-0.00765609741210938 0.00206565856933594 -0.272308349609375 -0.185104370117188
0.00609397888183594 0.0108528137207031 -0.237548828125 0.0140228271484375
0.0154552459716797 0.00812816619873047 -0.0692138671875 0.107475280761719
0.00410175323486328 -0.00208520889282227 0.0559310913085938 0.0928115844726563
0.0107746124267578 -0.00439262390136719 -0.0241928100585938 -0.0849609375
0.016514778137207 0.00750637054443359 0.113082885742187 -0.0818710327148437
0.0110883712768555 0.0160531997680664 0.2264404296875 0.024566650390625
-0.008056640625 0.0180759429931641 0.226913452148438 0.236785888671875
-0.0283527374267578 -0.00602531433105468 -0.061676025390625 0.387725830078125
-0.0102748870849609 -0.0319042205810547 -0.389190673828125 0.286834716796875
0.0253486633300781 0.0001678466796875 -0.37347412109375 0.016143798828125
0.0446205139160156 0.0330162048339844 0.0195083618164063 0.0556259155273438
0.0374755859375 0.00768280029296875 0.44586181640625 0.038970947265625
0.00909137725830078 -0.0144023895263672 0.422210693359375 -0.315399169921875
-0.0137271881103516 -0.00811767578125 -0.00933837890625 -0.435089111328125
-0.00867509841918945 -0.00131988525390625 -0.270553588867187 -0.1868896484375
0.00773334503173828 0.00833702087402344 -0.23858642578125 0.0106201171875
0.0172586441040039 0.00541877746582031 -0.0736465454101563 0.100006103515625
0.00553417205810547 -0.00231361389160156 0.0532684326171875 0.08538818359375
0.0116453170776367 -0.00404739379882813 -0.0259170532226563 -0.0849227905273437
0.0162868499755859 0.00606727600097656 0.112548828125 -0.08331298828125
0.0117788314819336 0.0157203674316406 0.226638793945313 0.0220947265625
-0.00703620910644531 0.0186176300048828 0.229660034179687 0.234771728515625
-0.0283908843994141 -0.00427818298339844 -0.05517578125 0.3873291015625
-0.0110740661621094 -0.0321998596191406 -0.384368896484375 0.29248046875
0.0233669281005859 -0.000560760498046875 -0.373291015625 0.018402099609375
0.0422439575195312 0.0321426391601562 0.0174179077148437 0.0541954040527344
0.0358161926269531 0.00715255737304688 0.4456787109375 0.0411376953125
0.00824546813964844 -0.0149078369140625 0.42486572265625 -0.313201904296875
-0.0138731002807617 -0.00790691375732422 -0.00561523437500002 -0.43463134765625
-0.00810718536376953 -0.000541210174560547 -0.268905639648437 -0.189208984375
0.00787830352783203 0.00820112228393555 -0.238235473632813 0.00976562499999995
0.0172510147094727 0.00519466400146484 -0.0739593505859375 0.101341247558594
0.00650262832641602 -0.00257682800292969 0.0522994995117188 0.0848464965820313
0.0115728378295898 -0.00438308715820313 -0.02642822265625 -0.0853118896484375
0.0167980194091797 0.00654983520507812 0.112396240234375 -0.0830841064453125
0.0112648010253906 0.0159187316894531 0.226638793945313 0.020904541015625
-0.00735664367675781 0.0190105438232422 0.2322998046875 0.232696533203125
-0.0279979705810547 -0.00357055664062501 -0.050048828125 0.388031005859375
-0.0124168395996094 -0.0317478179931641 -0.38134765625 0.29400634765625
0.0201320648193359 -0.0012969970703125 -0.373046875 0.0191955566406251
0.0394477844238281 0.0300941467285156 0.0167121887207031 0.0549659729003906
0.0340499877929688 0.00674247741699219 0.444793701171875 0.044891357421875
0.00769138336181641 -0.0143203735351563 0.42901611328125 -0.308929443359375
-0.0142316818237305 -0.00760269165039062 -0.0023193359375 -0.43585205078125
-0.00739955902099609 0.000287532806396483 -0.266525268554688 -0.190109252929688
0.00758647918701172 0.00796651840209961 -0.238082885742188 0.00909423828124997
0.0180225372314453 0.0050048828125 -0.0744476318359375 0.101860046386719
0.00780582427978516 -0.00236845016479492 0.052703857421875 0.0862884521484375
0.011713981628418 -0.00473594665527344 -0.0274276733398438 -0.084686279296875
0.0163230895996094 0.00662803649902344 0.112350463867188 -0.0828170776367187
0.0111446380615234 0.0167245864868164 0.22760009765625 0.0201416015625
-0.00741958618164062 0.0201148986816406 0.234359741210937 0.2315673828125
-0.0284538269042969 -0.00295829772949219 -0.049346923828125 0.3887939453125
-0.0130214691162109 -0.0311164855957031 -0.3785400390625 0.294891357421875
0.0187034606933594 -0.00241851806640625 -0.37347412109375 0.0204162597656249
0.0365104675292969 0.0289192199707031 0.016754150390625 0.0546760559082031
0.0320968627929687 0.00578498840332031 0.446258544921875 0.04595947265625
0.00705718994140625 -0.0137910842895508 0.428955078125 -0.309295654296875
-0.0133800506591797 -0.00724029541015625 -0.000488281249999972 -0.435882568359375
-0.00775671005249023 0.000390052795410158 -0.266403198242188 -0.190032958984375
0.00757312774658203 0.00838899612426758 -0.237716674804687 0.0104827880859375
0.0179805755615234 0.00516700744628906 -0.0733871459960937 0.102104187011719
0.00847673416137695 -0.00275230407714844 0.0527801513671875 0.0867919921875
0.0117263793945313 -0.00453758239746094 -0.0280532836914063 -0.0857086181640625
0.0161914825439453 0.00691986083984375 0.113014221191406 -0.0831756591796875
0.0106935501098633 0.0169477462768555 0.22802734375 0.0211334228515625
-0.00697898864746094 0.0204048156738281 0.23486328125 0.232818603515625
-0.0282859802246094 -0.00259017944335937 -0.04925537109375 0.387969970703125
-0.0138454437255859 -0.0305004119873047 -0.37890625 0.29412841796875
0.0159740447998047 -0.00224113464355469 -0.37274169921875 0.0208740234375
0.03326416015625 0.0270671844482422 0.0182342529296875 0.05517578125
0.0300388336181641 0.00600433349609375 0.4483642578125 0.0469970703125
0.00662326812744141 -0.0137624740600586 0.4290771484375 -0.30889892578125
-0.0131502151489258 -0.0067138671875 -0.000915527343749961 -0.4344482421875
-0.00761318206787109 0.000986576080322266 -0.266143798828125 -0.189422607421875
0.00695896148681641 0.00924968719482422 -0.23663330078125 0.009429931640625
0.0170392990112305 0.00558757781982422 -0.0737457275390625 0.103889465332031
0.00785207748413086 -0.00249004364013672 0.0533218383789062 0.0882797241210938
0.0107078552246094 -0.00467395782470703 -0.0277862548828125 -0.085601806640625
0.0160503387451172 0.00784015655517578 0.114845275878906 -0.0823593139648438
0.0101165771484375 0.0169792175292969 0.228668212890625 0.02203369140625
-0.00687026977539062 0.0210838317871094 0.232940673828125 0.235061645507813
-0.0276031494140625 -0.002197265625 -0.052947998046875 0.3880615234375
-0.0133209228515625 -0.0304222106933594 -0.38226318359375 0.29107666015625
0.0154380798339844 -0.00246810913085938 -0.37127685546875 0.018218994140625
0.0317020416259766 0.02630615234375 0.0209312438964844 0.0567474365234375
0.0290699005126953 0.0052032470703125 0.450592041015625 0.045684814453125
0.00655078887939453 -0.0133419036865234 0.42919921875 -0.308685302734375
-0.0134954452514648 -0.00628185272216797 -0.00222778320312497 -0.43292236328125
-0.00791645050048828 0.00158214569091797 -0.266510009765625 -0.18768310546875
0.00668144226074219 0.00959014892578125 -0.23687744140625 0.011138916015625
0.0170307159423828 0.00584506988525391 -0.072265625 0.104598999023438
0.00665092468261719 -0.00284767150878906 0.0530853271484375 0.089569091796875
0.00911998748779297 -0.00481891632080078 -0.0301666259765625 -0.08831787109375
0.0159492492675781 0.00805187225341797 0.115142822265625 -0.0836257934570313
0.00864601135253906 0.0168991088867188 0.227615356445313 0.0233154296875
-0.00714492797851563 0.0201511383056641 0.232192993164063 0.2347412109375
-0.0274448394775391 -0.00221633911132812 -0.058563232421875 0.38824462890625
-0.0124835968017578 -0.029541015625 -0.38909912109375 0.288818359375
0.0145721435546875 -0.00119686126708984 -0.37213134765625 0.0156860351562501
0.0304069519042969 0.0263805389404297 0.0242195129394531 0.0582504272460938
0.0289459228515625 0.005035400390625 0.45330810546875 0.042724609375
0.00640010833740234 -0.013026237487793 0.42938232421875 -0.31121826171875
-0.0132579803466797 -0.00546646118164063 -0.00820922851562502 -0.43133544921875
-0.0074615478515625 0.00189018249511719 -0.267959594726562 -0.184417724609375
0.00608444213867188 0.0108499526977539 -0.235305786132813 0.0129241943359375
0.0157947540283203 0.00736522674560547 -0.0699005126953125 0.106040954589844
0.00626468658447266 -0.000876426696777344 0.0569534301757813 0.091033935546875
0.0078434944152832 -0.00434684753417969 -0.0294723510742188 -0.0879669189453125
0.014984130859375 0.00950717926025391 0.116661071777344 -0.0820541381835938
0.00856781005859375 0.0181369781494141 0.227813720703125 0.0255889892578125
-0.00742530822753906 0.0203113555908203 0.2288818359375 0.238571166992188
-0.0273189544677734 -0.00327873229980468 -0.063323974609375 0.38623046875
-0.0117778778076172 -0.0296249389648438 -0.39056396484375 0.284271240234375
0.0164375305175781 -0.00113105773925781 -0.37042236328125 0.014678955078125
0.0318641662597656 0.0262699127197266 0.0282821655273438 0.0594673156738281
0.0291938781738281 0.00520706176757813 0.4539794921875 0.038909912109375
0.0069427490234375 -0.0131492614746094 0.422210693359375 -0.314483642578125
-0.0128726959228516 -0.00577354431152344 -0.014892578125 -0.4310302734375
-0.00784063339233399 0.00150823593139649 -0.270477294921875 -0.1812744140625
0.00638103485107422 0.0104856491088867 -0.235260009765625 0.0151824951171875
0.0154085159301758 0.00804710388183594 -0.0689468383789063 0.106338500976562
0.00423717498779297 -0.00140762329101563 0.0550918579101563 0.09161376953125
0.0108909606933594 -0.00430679321289063 -0.023529052734375 -0.0844039916992188
0.0162973403930664 0.00803565979003906 0.112297058105469 -0.0814743041992188
0.0115585327148438 0.0159320831298828 0.224456787109375 0.023651123046875
-0.00750923156738281 0.017913818359375 0.225128173828125 0.23284912109375
-0.0281562805175781 -0.005279541015625 -0.060028076171875 0.383209228515625
-0.0104942321777344 -0.0319252014160156 -0.383697509765625 0.2845458984375
0.0252227783203125 0.000324249267578125 -0.369903564453125 0.015899658203125
0.0436286926269531 0.0336227416992188 0.0187492370605469 0.0552520751953125
0.0365867614746094 0.00731658935546875 0.440093994140625 0.038848876953125
0.00910282135009766 -0.0157175064086914 0.416473388671875 -0.312103271484375
-0.0138883590698242 -0.00770759582519531 -0.01275634765625 -0.430328369140625
-0.00838088989257813 -0.000780105590820311 -0.267242431640625 -0.1845703125
0.00726175308227539 0.0080866813659668 -0.23553466796875 0.0105133056640625
0.017277717590332 0.00448799133300781 -0.0726394653320313 0.1002197265625
0.00595283508300781 -0.00250244140625 0.0521926879882813 0.0847854614257813
0.0111541748046875 -0.00532245635986328 -0.0253677368164063 -0.0839004516601563
0.0160598754882813 0.00644207000732422 0.111465454101563 -0.0828094482421875
0.011256217956543 0.0160121917724609 0.224441528320313 0.022003173828125
-0.00769233703613281 0.0181236267089844 0.228271484375 0.230636596679688
-0.0282459259033203 -0.00413703918457031 -0.05419921875 0.384307861328125
-0.0116558074951172 -0.0312213897705078 -0.37860107421875 0.2904052734375
0.0232925415039063 -0.00020599365234375 -0.37042236328125 0.01763916015625
0.0414047241210938 0.0313873291015625 0.0172805786132813 0.0536422729492188
0.0358428955078125 0.00738525390625 0.44012451171875 0.04022216796875
0.00820064544677734 -0.0145158767700195 0.421478271484375 -0.309722900390625
-0.0139188766479492 -0.007293701171875 -0.00625610351562501 -0.431427001953125
-0.00815677642822266 -0.000367641448974611 -0.265823364257813 -0.185775756835937
0.00713539123535156 0.00769853591918945 -0.235733032226563 0.0106353759765625
0.0169572830200195 0.00445842742919922 -0.0738983154296875 0.100387573242188
0.0071568489074707 -0.00278997421264648 0.05157470703125 0.0852432250976563
0.0116701126098633 -0.00500965118408203 -0.0262603759765625 -0.0845260620117188
0.0163002014160156 0.00674819946289063 0.111114501953125 -0.0825042724609375
0.0115413665771484 0.0165567398071289 0.2247314453125 0.020111083984375
-0.00664138793945312 0.0191516876220703 0.23150634765625 0.229263305664063
-0.0284671783447266 -0.00355339050292969 -0.0494384765625 0.384033203125
-0.012420654296875 -0.0309619903564453 -0.375579833984375 0.291290283203125
0.0207672119140625 -0.00118637084960938 -0.368682861328125 0.018463134765625
0.0384902954101563 0.029937744140625 0.0155258178710938 0.0534706115722656
0.0335121154785156 0.00698471069335937 0.4388427734375 0.04388427734375
0.00775718688964844 -0.0135822296142578 0.422576904296875 -0.30584716796875
-0.0132331848144531 -0.00707626342773438 -0.00390624999999999 -0.43121337890625
-0.00769472122192383 6.34193420410172E-05 -0.26458740234375 -0.186904907226563
0.00786972045898438 0.00840568542480469 -0.235305786132813 0.00923156738281249
0.0172529220581055 0.00510597229003906 -0.0729904174804688 0.100944519042969
0.00812101364135742 -0.00279617309570313 0.0517120361328125 0.0858306884765625
0.0115623474121094 -0.00412750244140625 -0.026458740234375 -0.084228515625
0.0158834457397461 0.00610637664794922 0.112007141113281 -0.0827102661132813
0.0107555389404297 0.0166473388671875 0.22509765625 0.0201873779296875
-0.0065460205078125 0.0200462341308594 0.233413696289062 0.227737426757813
-0.0279407501220703 -0.00269317626953126 -0.047760009765625 0.3839111328125
-0.0123233795166016 -0.0310325622558594 -0.373931884765625 0.2930908203125
0.0180034637451172 -0.00248908996582031 -0.368560791015625 0.020172119140625
0.036102294921875 0.0283012390136719 0.0160598754882813 0.0532264709472656
0.0312652587890625 0.00588417053222656 0.441436767578125 0.045196533203125
0.00676250457763672 -0.0132818222045898 0.42523193359375 -0.30548095703125
-0.0134820938110352 -0.0072784423828125 -0.00164794921874998 -0.43231201171875
-0.00785160064697265 0.000230312347412111 -0.263656616210938 -0.1878662109375
0.00667858123779297 0.00861310958862305 -0.23480224609375 0.0108795166015625
0.0168085098266602 0.00378704071044922 -0.0743637084960938 0.101364135742188
0.00839710235595703 -0.0029149055480957 0.0518264770507812 0.0855331420898438
0.0115489959716797 -0.00498199462890625 -0.0270843505859375 -0.0843658447265625
0.0157794952392578 0.00723934173583984 0.112037658691406 -0.0824737548828125
0.010589599609375 0.0160417556762695 0.225753784179688 0.020050048828125
-0.00693893432617187 0.0197544097900391 0.232192993164063 0.228851318359375
-0.0280513763427734 -0.00240707397460938 -0.048553466796875 0.3837890625
-0.0133495330810547 -0.0296249389648437 -0.374969482421875 0.291656494140625
0.0161972045898438 -0.00182533264160156 -0.368194580078125 0.019012451171875
0.0333385467529297 0.0265350341796875 0.0182723999023438 0.0547218322753906
0.0288925170898438 0.00595283508300781 0.44293212890625 0.0457763671875
0.00632572174072266 -0.0132217407226563 0.42529296875 -0.304901123046875
-0.0129365921020508 -0.00615024566650391 -0.00210571289062503 -0.4306640625
-0.00793838500976563 0.000817298889160157 -0.263626098632813 -0.187026977539062
0.00632715225219727 0.00876903533935547 -0.235031127929688 0.0101165771484375
0.0174732208251953 0.00538158416748047 -0.0725021362304688 0.102241516113281
0.00789022445678711 -0.00287342071533203 0.0519943237304688 0.0877456665039063
0.0104312896728516 -0.00451183319091797 -0.02764892578125 -0.0848846435546875
0.0162153244018555 0.0071563720703125 0.113365173339844 -0.081390380859375
0.00986480712890625 0.016871452331543 0.226089477539062 0.020599365234375
-0.00704574584960938 0.0204429626464844 0.230941772460938 0.231307983398437
-0.0274314880371094 -0.00258827209472656 -0.05126953125 0.383544921875
-0.0139293670654297 -0.0298290252685547 -0.377960205078125 0.28851318359375
0.0153713226318359 -0.00244331359863281 -0.368438720703125 0.0179443359375
0.0313720703125 0.0257320404052734 0.0203094482421875 0.0559768676757813
0.0284557342529297 0.005126953125 0.44427490234375 0.045013427734375
0.00680160522460938 -0.0130462646484375 0.42388916015625 -0.306304931640625
-0.0127897262573242 -0.00586414337158203 -0.00396728515625003 -0.4283447265625
-0.00816583633422852 0.00131034851074219 -0.264572143554688 -0.185211181640625
0.00596427917480469 0.00925350189208985 -0.23394775390625 0.0121002197265626
0.0160865783691406 0.00546550750732422 -0.0716781616210938 0.103424072265625
0.00704765319824219 -0.00255966186523438 0.052459716796875 0.0891342163085938
0.00924968719482422 -0.00495624542236328 -0.029937744140625 -0.0875778198242187
0.0156087875366211 0.00816917419433594 0.1141357421875 -0.083038330078125
0.00830078125 0.0175256729125977 0.225570678710938 0.02227783203125
-0.0067901611328125 0.0201606750488281 0.230056762695313 0.23199462890625
-0.0275058746337891 -0.00272750854492187 -0.0567626953125 0.383819580078125
-0.0129890441894531 -0.0294437408447266 -0.384490966796875 0.287017822265625
0.0147171020507812 -0.000859260559082031 -0.367919921875 0.0162048339843749
0.0303516387939453 0.0252304077148438 0.0234718322753906 0.0571479797363281
0.0285987854003906 0.00536155700683594 0.446990966796875 0.042938232421875
0.00630855560302734 -0.0128383636474609 0.422088623046875 -0.3084716796875
-0.012751579284668 -0.00614547729492188 -0.00823974609375003 -0.42730712890625
-0.00732946395874024 0.00225687026977539 -0.2655029296875 -0.181396484375
0.00595855712890625 0.00958824157714844 -0.232650756835938 0.0135040283203125
0.0157928466796875 0.00697708129882813 -0.0689773559570313 0.104766845703125
0.00606679916381836 -0.00105381011962891 0.0562973022460938 0.0908966064453125
0.00814628601074219 -0.00458860397338867 -0.0287094116210938 -0.0871505737304688
0.01422119140625 0.0089426040649414 0.114967346191406 -0.0810089111328125
0.00803947448730469 0.0175914764404297 0.225189208984375 0.0244598388671875
-0.00707244873046875 0.0202426910400391 0.226287841796875 0.235153198242187
-0.0268592834472656 -0.002838134765625 -0.0621337890625 0.382049560546875
-0.0115489959716797 -0.0293369293212891 -0.386138916015625 0.2816162109375
0.0162382125854492 -0.00103473663330078 -0.36614990234375 0.015533447265625
0.0318641662597656 0.0258941650390625 0.0272941589355469 0.058837890625
0.0287818908691406 0.0050048828125 0.448089599609375 0.038299560546875
0.00705718994140625 -0.0126914978027344 0.41644287109375 -0.311920166015625
-0.012415885925293 -0.00613212585449219 -0.016021728515625 -0.42572021484375
-0.0076751708984375 0.00130605697631836 -0.267730712890625 -0.178298950195313
0.00576305389404297 0.00996208190917969 -0.232589721679687 0.0154266357421875
0.0152778625488281 0.00744438171386719 -0.067718505859375 0.105735778808594
0.00392556190490723 -0.00133514404296875 0.0552215576171875 0.0908126831054688
0.0111331939697266 -0.00475883483886719 -0.02252197265625 -0.0844573974609375
0.0160083770751953 0.00662803649902344 0.111495971679688 -0.081787109375
0.0109434127807617 0.016204833984375 0.221923828125 0.02349853515625
-0.00751113891601562 0.0175447463989258 0.223297119140625 0.231948852539063
-0.028289794921875 -0.00412178039550781 -0.059661865234375 0.37969970703125
-0.00983047485351563 -0.0304946899414063 -0.379791259765625 0.283599853515625
0.0248069763183594 -5.7220458984375E-05 -0.365478515625 0.0167236328125
0.042999267578125 0.0322113037109375 0.0185050964355469 0.0542449951171875
0.0363235473632813 0.00817489624023438 0.43585205078125 0.03857421875
0.00886154174804688 -0.0147390365600586 0.411865234375 -0.309722900390625
-0.0136518478393555 -0.00812435150146485 -0.012939453125 -0.426849365234375
-0.00835704803466797 -0.00127649307250976 -0.26611328125 -0.182754516601562
0.00722742080688476 0.0083460807800293 -0.234512329101562 0.0116729736328125
0.0164203643798828 0.00527381896972656 -0.0713882446289063 0.100044250488281
0.00566434860229492 -0.00154733657836914 0.051483154296875 0.0846481323242187
0.0114889144897461 -0.00557994842529297 -0.023712158203125 -0.08404541015625
0.0152673721313477 0.00616931915283203 0.111007690429687 -0.0826034545898438
0.0110511779785156 0.0151176452636719 0.222930908203125 0.021026611328125
-0.00610160827636719 0.0185699462890625 0.225601196289063 0.22906494140625
-0.0282382965087891 -0.00495147705078125 -0.05401611328125 0.380645751953125
-0.0119113922119141 -0.0305595397949219 -0.37579345703125 0.28717041015625
0.0230216979980469 -0.00017547607421875 -0.365966796875 0.017120361328125
0.041259765625 0.0313796997070313 0.0166664123535156 0.0535125732421875
0.0346221923828125 0.00764083862304687 0.434539794921875 0.040679931640625
0.00730609893798828 -0.0138835906982422 0.416595458984375 -0.305755615234375
-0.0131511688232422 -0.00835895538330078 -0.00720214843750004 -0.42633056640625
-0.00816631317138672 -0.000555038452148438 -0.26458740234375 -0.184738159179688
0.00768518447875977 0.00847482681274414 -0.233444213867188 0.0100555419921875
0.0174837112426758 0.00505352020263672 -0.0732269287109375 0.099273681640625
0.00784683227539063 -0.00241947174072266 0.0509185791015625 0.0844497680664063
0.0123672485351563 -0.00475502014160156 -0.0249786376953125 -0.0837478637695313
0.0167198181152344 0.00640678405761719 0.111305236816406 -0.0824508666992188
0.0113105773925781 0.0163688659667969 0.22296142578125 0.019439697265625
-0.00666427612304688 0.0186710357666016 0.228683471679688 0.226882934570313
-0.0282421112060547 -0.00392723083496094 -0.049163818359375 0.380767822265625
-0.0119514465332031 -0.0298347473144531 -0.37255859375 0.289398193359375
0.0205364227294922 -0.00152969360351563 -0.365814208984375 0.01812744140625
0.0380020141601563 0.0297317504882813 0.0149459838867187 0.0527191162109375
0.0323886871337891 0.00697708129882813 0.4356689453125 0.043792724609375
0.00741767883300781 -0.0139598846435547 0.419097900390625 -0.303802490234375
-0.0135622024536133 -0.00753402709960938 -0.00357055664062496 -0.428253173828125
-0.00754547119140625 -0.000636577606201171 -0.2628173828125 -0.18603515625
0.00671911239624023 0.00723123550415039 -0.234115600585938 0.00910949707031255
0.0171689987182617 0.00414562225341797 -0.0735855102539063 0.100135803222656
0.00862789154052734 -0.00155544281005859 0.0514755249023437 0.0862960815429688
0.0116291046142578 -0.00470256805419922 -0.025726318359375 -0.0834197998046875
0.0158472061157227 0.00594329833984375 0.110923767089844 -0.08294677734375
0.0114278793334961 0.0161342620849609 0.223419189453125 0.019378662109375
-0.00606918334960937 0.0195865631103516 0.2305908203125 0.2255859375
-0.0279731750488281 -0.00346183776855469 -0.047332763671875 0.380523681640625
-0.0134353637695313 -0.0292892456054687 -0.370758056640625 0.289093017578125
0.0180816650390625 -0.00188255310058594 -0.36553955078125 0.020263671875
0.0355339050292969 0.0273323059082031 0.0164451599121094 0.0533981323242188
0.0311565399169922 0.00624847412109375 0.4364013671875 0.045318603515625
0.00669574737548828 -0.0129785537719727 0.4205322265625 -0.302581787109375
-0.0133199691772461 -0.00668811798095703 -0.00198364257812501 -0.427581787109375
-0.00767898559570313 -0.000310420989990234 -0.262420654296875 -0.186203002929687
0.00721263885498047 0.00832796096801758 -0.233184814453125 0.00982666015625004
0.0172500610351563 0.00387287139892578 -0.07293701171875 0.101371765136719
0.00833415985107422 -0.003021240234375 0.0514984130859375 0.0854415893554687
0.0113554000854492 -0.00505542755126953 -0.0269851684570313 -0.0841598510742188
0.0160856246948242 0.00695991516113281 0.111503601074219 -0.0816268920898438
0.010711669921875 0.0169248580932617 0.224807739257813 0.0197906494140625
-0.00659561157226563 0.019561767578125 0.231124877929688 0.226226806640625
-0.0273475646972656 -0.00264167785644531 -0.04705810546875 0.37969970703125
-0.0141143798828125 -0.0294017791748047 -0.371185302734375 0.28851318359375
0.0159368515014648 -0.00158309936523438 -0.3642578125 0.01885986328125
0.032440185546875 0.0261917114257813 0.0172500610351563 0.0533638000488281
0.0290145874023438 0.00540351867675781 0.438262939453125 0.046142578125
0.00564289093017578 -0.0128984451293945 0.420440673828125 -0.301788330078125
-0.0122213363647461 -0.00635051727294922 -0.00329589843749999 -0.426483154296875
-0.00789499282836914 0.000361442565917968 -0.262130737304687 -0.185302734375
0.00672197341918945 0.00871181488037109 -0.23309326171875 0.0109405517578125
0.0166282653808594 0.00508308410644531 -0.0723724365234375 0.101554870605469
0.00795936584472656 -0.00224876403808594 0.0517578125 0.0870208740234375
0.0105876922607422 -0.00492572784423828 -0.0271682739257813 -0.0851058959960938
0.0158672332763672 0.00689125061035156 0.11297607421875 -0.0811080932617188
0.0102357864379883 0.0168333053588867 0.2252197265625 0.0213623046875
-0.00692939758300781 0.0202484130859375 0.229141235351562 0.2286376953125
-0.0276050567626953 -0.00254440307617188 -0.0511474609375 0.380889892578125
-0.0134983062744141 -0.0289688110351563 -0.375213623046875 0.28521728515625
0.0148601531982422 -0.00206375122070313 -0.364410400390625 0.0180664062499999
0.0307388305664063 0.0258045196533203 0.0197715759277344 0.0546188354492188
0.0273208618164063 0.00528144836425781 0.43988037109375 0.04461669921875
0.00557518005371094 -0.0124635696411133 0.420318603515625 -0.30322265625
-0.0125055313110352 -0.00575828552246094 -0.00436401367187497 -0.42462158203125
-0.00710248947143555 0.000921726226806641 -0.2620849609375 -0.18353271484375
0.00612735748291016 0.00919723510742188 -0.231918334960938 0.0122222900390625
0.0162563323974609 0.00512218475341797 -0.0712890625 0.102828979492188
0.00716972351074219 -0.00235557556152344 0.0521392822265625 0.0889205932617188
0.00932216644287109 -0.00530529022216797 -0.0295867919921875 -0.08740234375
0.0154523849487305 0.00747394561767578 0.113136291503906 -0.0825881958007813
0.0088491439819336 0.0173549652099609 0.222930908203125 0.0214080810546875
-0.00667953491210938 0.0200386047363281 0.228713989257813 0.230697631835937
-0.0274143218994141 -0.00237083435058594 -0.056121826171875 0.3798828125
-0.0130786895751953 -0.0287017822265625 -0.38104248046875 0.2838134765625
0.0145063400268555 -0.00131130218505859 -0.364013671875 0.015228271484375
0.0298480987548828 0.0250034332275391 0.0230522155761719 0.0566253662109375
0.0274887084960938 0.00489425659179688 0.442840576171875 0.04248046875
0.00587081909179688 -0.0124969482421875 0.41876220703125 -0.305450439453125
-0.0129032135009766 -0.00645732879638672 -0.00888061523437497 -0.42376708984375
-0.00786066055297852 0.00117349624633789 -0.26397705078125 -0.180267333984375
0.00584602355957031 0.00928592681884766 -0.230987548828125 0.0139312744140625
0.0155811309814453 0.00627613067626953 -0.0688552856445313 0.103515625
0.00619173049926758 -0.00103044509887695 0.0558547973632813 0.0898971557617188
0.00819873809814453 -0.00474119186401367 -0.0288238525390625 -0.0868606567382813
0.0147199630737305 0.00865840911865234 0.114395141601562 -0.0816802978515625
0.00849723815917969 0.017913818359375 0.223403930664062 0.023590087890625
-0.00691413879394531 0.0194873809814453 0.225723266601563 0.232086181640625
-0.0264434814453125 -0.00313377380371094 -0.061279296875 0.37811279296875
-0.0112953186035156 -0.0285987854003906 -0.38311767578125 0.27874755859375
0.0157175064086914 -0.000986099243164063 -0.362640380859375 0.0140991210937501
0.0308265686035156 0.026214599609375 0.0263862609863281 0.0578231811523438
0.0282268524169922 0.0053558349609375 0.444122314453125 0.037506103515625
0.00644016265869141 -0.0124521255493164 0.4124755859375 -0.309906005859375
-0.0120153427124023 -0.0060882568359375 -0.015533447265625 -0.42236328125
-0.00777006149291992 0.00159549713134766 -0.266036987304688 -0.1773681640625
0.00574493408203125 0.00969505310058594 -0.230422973632813 0.015533447265625
0.014805793762207 0.0074462890625 -0.0678253173828125 0.104736328125
0.00430774688720703 -0.00158357620239258 0.05474853515625 0.0913009643554688
0.0107517242431641 -0.00406265258789063 -0.0225372314453125 -0.0836257934570312
0.0150299072265625 0.00675678253173828 0.110992431640625 -0.0809173583984375
0.0112009048461914 0.0160207748413086 0.220611572265625 0.0230865478515625
-0.00716400146484375 0.0177669525146484 0.222000122070313 0.22955322265625
-0.0274105072021484 -0.00464248657226563 -0.059539794921875 0.378509521484375
-0.00988388061523437 -0.0305805206298828 -0.3795166015625 0.280792236328125
0.0252456665039063 0.00090789794921875 -0.36322021484375 0.0139465332031249
0.0429763793945312 0.0320014953613281 0.0174903869628906 0.0527725219726563
0.0357933044433594 0.00776290893554687 0.4324951171875 0.03912353515625
0.00835323333740234 -0.0142459869384766 0.4102783203125 -0.305938720703125
-0.0130910873413086 -0.00773048400878906 -0.011749267578125 -0.424041748046875
-0.00915241241455078 -0.00128650665283203 -0.264511108398438 -0.181106567382813
0.00745868682861328 0.00790309906005859 -0.232864379882813 0.01116943359375
0.0164432525634766 0.00445938110351563 -0.0726547241210938 0.0988922119140625
0.00603246688842774 -0.00168228149414063 0.0517807006835938 0.0841827392578125
0.0112400054931641 -0.00560283660888672 -0.0232696533203125 -0.0833816528320313
0.014927864074707 0.00635147094726563 0.110084533691406 -0.0816650390625
0.0112161636352539 0.0160665512084961 0.2213134765625 0.0213623046875
-0.00699615478515625 0.0181503295898438 0.225128173828125 0.227447509765625
-0.0283298492431641 -0.004180908203125 -0.05462646484375 0.378570556640625
-0.0112762451171875 -0.0305042266845703 -0.374725341796875 0.284759521484375
0.0230522155761719 -0.000307083129882813 -0.363494873046875 0.015716552734375
0.04022216796875 0.0305328369140625 0.0163116455078125 0.0527381896972656
0.0339260101318359 0.00701713562011719 0.431365966796875 0.041595458984375
0.00698471069335937 -0.0143680572509766 0.41357421875 -0.304046630859375
-0.0131587982177734 -0.00795745849609375 -0.00714111328125 -0.423675537109375
-0.00820112228393555 -0.00122499465942383 -0.262969970703125 -0.183609008789063
0.0071721076965332 0.00774526596069336 -0.233291625976563 0.01025390625
0.0165500640869141 0.00444984436035156 -0.0733261108398438 0.0979385375976563
0.00741291046142578 -0.00220203399658203 0.0499801635742188 0.0834274291992188
0.0117635726928711 -0.00492095947265625 -0.0246658325195313 -0.0837020874023438
0.0148754119873047 0.00594329833984375 0.110466003417969 -0.082122802734375
0.0112514495849609 0.0160913467407227 0.221389770507813 0.0196075439453125
-0.00588035583496094 0.0193519592285156 0.22735595703125 0.225448608398438
-0.0279941558837891 -0.00360870361328125 -0.048492431640625 0.378875732421875
-0.0124855041503906 -0.0295848846435547 -0.370635986328125 0.2862548828125
0.0202693939208984 -0.000665664672851563 -0.36236572265625 0.0169067382812499
0.0378990173339844 0.0297698974609375 0.0146408081054688 0.0524520874023438
0.0325241088867187 0.00718879699707031 0.43109130859375 0.044097900390625
0.00683879852294922 -0.0137710571289063 0.417633056640625 -0.29998779296875
-0.0124969482421875 -0.00805473327636719 -0.00323486328124998 -0.42535400390625
-0.00848245620727539 -0.000481128692626953 -0.260574340820313 -0.184661865234375
0.00663423538208008 0.00713634490966797 -0.231735229492188 0.00915527343750004
0.0174055099487305 0.00419330596923828 -0.0732269287109375 0.0988845825195313
0.00783967971801758 -0.00302457809448242 0.0503692626953125 0.0853500366210937
0.0119609832763672 -0.00443935394287109 -0.0254287719726562 -0.0833511352539062
0.0154619216918945 0.0059814453125 0.110519409179688 -0.081787109375
0.0113677978515625 0.0162878036499023 0.222747802734375 0.018951416015625
-0.00606918334960938 0.0195522308349609 0.229461669921875 0.224945068359375
-0.0271625518798828 -0.00239372253417969 -0.04669189453125 0.377227783203125
-0.0131301879882813 -0.0295238494873047 -0.368804931640625 0.285186767578125
0.0180168151855469 -0.00173377990722656 -0.362335205078125 0.0182800292968749
0.0348453521728516 0.0276088714599609 0.0154914855957031 0.0522537231445313
0.0300750732421875 0.00634765625 0.432373046875 0.046234130859375
0.00606632232666016 -0.0125913619995117 0.41796875 -0.29901123046875
-0.0127782821655273 -0.00757884979248047 -0.00186157226562495 -0.424560546875
-0.00782299041748047 -0.00064563751220703 -0.259963989257813 -0.185287475585938
0.00680637359619141 0.00845193862915039 -0.23248291015625 0.00952148437499997
0.0171060562133789 0.00433444976806641 -0.0732345581054688 0.0999526977539062
0.00842666625976563 -0.0024571418762207 0.05108642578125 0.0860443115234375
0.0110073089599609 -0.00467586517333984 -0.0259857177734375 -0.08343505859375
0.0144157409667969 0.00624847412109375 0.111000061035156 -0.0817947387695313
0.0111408233642578 0.016693115234375 0.222808837890625 0.020355224609375
-0.00650405883789063 0.0204105377197266 0.228713989257813 0.225692749023438
-0.027374267578125 -0.00290679931640625 -0.0478515625 0.377410888671875
-0.0136775970458984 -0.0287036895751953 -0.369598388671875 0.2860107421875
0.0160856246948242 -0.00211524963378906 -0.362457275390625 0.01824951171875
0.0322151184082031 0.0267524719238281 0.0166015625 0.0526771545410156
0.0281581878662109 0.0052337646484375 0.433502197265625 0.0465087890625
0.00575923919677734 -0.0131607055664063 0.418121337890625 -0.29901123046875
-0.0126476287841797 -0.00688838958740234 -0.00210571289062503 -0.424591064453125
-0.00809097290039063 9.87052917480467E-05 -0.260330200195313 -0.183700561523437
0.00611686706542969 0.00844240188598633 -0.231674194335938 0.010284423828125
0.0164756774902344 0.00433921813964844 -0.0716781616210938 0.10076904296875
0.0080409049987793 -0.00260210037231445 0.05047607421875 0.0875701904296875
0.0106344223022461 -0.00457859039306641 -0.02630615234375 -0.0845565795898438
0.0144824981689453 0.00741672515869141 0.112373352050781 -0.0811386108398438
0.0100498199462891 0.0167007446289063 0.223281860351562 0.02020263671875
-0.00661468505859375 0.0202903747558594 0.228286743164063 0.227783203125
-0.0270633697509766 -0.00236892700195313 -0.0509033203125 0.377655029296875
-0.0136680603027344 -0.0287151336669922 -0.372589111328125 0.2828369140625
0.0153493881225586 -0.00209522247314453 -0.36260986328125 0.015594482421875
0.0303592681884766 0.0253143310546875 0.0186882019042969 0.0543136596679688
0.0270652770996094 0.00551033020019531 0.436676025390625 0.0455322265625
0.00527095794677735 -0.0128021240234375 0.4169921875 -0.299957275390625
-0.0127983093261719 -0.00598907470703125 -0.00299072265624998 -0.422332763671875
-0.00747489929199219 0.000746726989746094 -0.260726928710938 -0.182830810546875
0.00557613372802734 0.00814294815063477 -0.23046875 0.0114440917968751
0.0158662796020508 0.00468826293945312 -0.071136474609375 0.102828979492188
0.00760269165039063 -0.00262546539306641 0.0510482788085938 0.0881423950195313
0.00882244110107422 -0.00520420074462891 -0.0287933349609375 -0.0863723754882812
0.0148200988769531 0.00743389129638672 0.112953186035156 -0.08258056640625
0.00799274444580078 0.0174589157104492 0.22113037109375 0.0218048095703125
-0.00651359558105469 0.019622802734375 0.226303100585938 0.228439331054688
-0.0270004272460938 -0.00274276733398437 -0.05810546875 0.378265380859375
-0.0121822357177734 -0.0284709930419922 -0.378692626953125 0.28204345703125
0.0149154663085938 -0.00133991241455078 -0.36187744140625 0.0146484375000001
0.02874755859375 0.0253067016601562 0.0230979919433594 0.0547599792480469
0.0266227722167969 0.00560379028320313 0.43896484375 0.0418701171875
0.00632762908935547 -0.0119056701660156 0.417938232421875 -0.302520751953125
-0.0119609832763672 -0.00610065460205078 -0.00717163085937502 -0.4208984375
-0.00719308853149414 0.000560283660888672 -0.261566162109375 -0.178665161132812
0.00531435012817383 0.00854587554931641 -0.229217529296875 0.0134735107421875
0.0153970718383789 0.00584220886230469 -0.0687026977539062 0.103370666503906
0.00617599487304688 -0.0008697509765625 0.0556488037109375 0.0898284912109375
0.00814914703369141 -0.00555038452148437 -0.0279388427734375 -0.086822509765625
0.0140476226806641 0.00822639465332031 0.1138916015625 -0.080810546875
0.00811100006103516 0.0174741744995117 0.221572875976563 0.0241241455078125
-0.00662040710449219 0.0196666717529297 0.223739624023437 0.231048583984375
-0.0263671875 -0.00341987609863281 -0.062744140625 0.37554931640625
-0.0109043121337891 -0.0284900665283203 -0.38006591796875 0.275054931640625
0.0159645080566406 -0.00118446350097656 -0.360382080078125 0.012725830078125
0.0307579040527344 0.0252971649169922 0.0265846252441406 0.0572586059570313
0.0278968811035156 0.0052947998046875 0.4395751953125 0.03814697265625
0.00659751892089844 -0.0115442276000977 0.410888671875 -0.306854248046875
-0.012507438659668 -0.00555038452148437 -0.0152587890625 -0.41949462890625
-0.00780200958251953 0.000964641571044923 -0.264389038085938 -0.175537109375
0.00537300109863281 0.00968551635742187 -0.229110717773438 0.015228271484375
0.0143022537231445 0.00674724578857422 -0.0678558349609375 0.104347229003906
0.00475120544433594 -0.000944137573242188 0.0541305541992188 0.090606689453125
0.0106172561645508 -0.00466537475585938 -0.0213546752929687 -0.0837478637695313
0.0148677825927734 0.00773715972900391 0.111686706542969 -0.080841064453125
0.011204719543457 0.0153446197509766 0.220001220703125 0.023406982421875
-0.00749015808105469 0.0181427001953125 0.220672607421875 0.228607177734375
-0.0275840759277344 -0.0046539306640625 -0.0606689453125 0.37542724609375
-0.00939178466796875 -0.0294380187988281 -0.377288818359375 0.277557373046875
0.0251846313476563 0.00081634521484375 -0.36138916015625 0.0108642578125001
0.0417289733886719 0.0320930480957031 0.0174903869628906 0.0530471801757813
0.0352935791015625 0.00803756713867188 0.427978515625 0.040374755859375
0.00822353363037109 -0.0140533447265625 0.409210205078125 -0.302337646484375
-0.0128850936889648 -0.00870990753173828 -0.0106201171875 -0.422454833984375
-0.00891876220703125 -0.00137996673583984 -0.262771606445312 -0.181716918945313
0.00705671310424805 0.00697803497314453 -0.231857299804688 0.010162353515625
0.0157155990600586 0.00455856323242188 -0.0727462768554688 0.0977783203125
0.00560379028320313 -0.00176191329956055 0.050689697265625 0.0840606689453125
0.0114250183105469 -0.00514030456542969 -0.0225448608398437 -0.084075927734375
0.0151557922363281 0.00594234466552734 0.109642028808594 -0.081512451171875
0.011418342590332 0.0162181854248047 0.2198486328125 0.022003173828125
-0.00664138793945312 0.0182666778564453 0.223464965820313 0.227508544921875
-0.0277652740478516 -0.004119873046875 -0.05517578125 0.37615966796875
-0.0107879638671875 -0.0298900604248047 -0.373138427734375 0.2811279296875
0.0228061676025391 -0.000270843505859375 -0.362060546875 0.014129638671875
0.0400962829589844 0.0306320190429688 0.0149726867675781 0.0519676208496094
0.033782958984375 0.00736045837402344 0.42840576171875 0.04327392578125
0.00749683380126953 -0.0135202407836914 0.4124755859375 -0.300445556640625
-0.0134363174438477 -0.00807476043701172 -0.00506591796875004 -0.421142578125
-0.00812911987304688 -0.000973224639892578 -0.2608642578125 -0.183578491210937
0.00691080093383789 0.00676631927490234 -0.232391357421875 0.009490966796875
0.0171937942504883 0.00467014312744141 -0.0738983154296875 0.0975570678710938
0.00772380828857422 -0.00250434875488281 0.0502090454101563 0.0841827392578125
0.0111818313598633 -0.00448131561279297 -0.0240020751953125 -0.0837326049804688
0.015620231628418 0.00553226470947266 0.109512329101562 -0.081878662109375
0.0112571716308594 0.0161771774291992 0.220794677734375 0.0196685791015625
-0.0066680908203125 0.0189456939697266 0.226791381835937 0.22454833984375
-0.0274295806884766 -0.0030975341796875 -0.05078125 0.37640380859375
-0.0123863220214844 -0.0289859771728516 -0.369598388671875 0.28448486328125
0.0206661224365234 -0.00135612487792969 -0.361663818359375 0.0157775878906251
0.0376853942871094 0.0285224914550781 0.0135688781738281 0.05169677734375
0.0313320159912109 0.00700759887695313 0.428497314453125 0.045074462890625
0.00696659088134766 -0.0133209228515625 0.415252685546875 -0.296844482421875
-0.0128393173217773 -0.00758743286132812 -0.00186157226562504 -0.422576904296875
-0.00827407836914063 -0.000861167907714843 -0.25927734375 -0.184310913085938
0.00642013549804688 0.00723171234130859 -0.231491088867188 0.00924682617187504
0.0168018341064453 0.00354385375976563 -0.0735549926757812 0.0984954833984375
0.00835657119750976 -0.00147533416748047 0.0503997802734375 0.0858306884765625
0.0114269256591797 -0.00496959686279297 -0.0244293212890625 -0.0836029052734375
0.014927864074707 0.00631332397460937 0.1102294921875 -0.081512451171875
0.010894775390625 0.0162744522094727 0.22125244140625 0.0191650390625
-0.00588607788085938 0.0196151733398438 0.22686767578125 0.223068237304688
-0.0276050567626953 -0.0035247802734375 -0.048248291015625 0.375457763671875
-0.01287841796875 -0.0286426544189453 -0.368438720703125 0.28369140625
0.0177593231201172 -0.0015869140625 -0.360931396484375 0.015472412109375
0.0345802307128906 0.0275230407714844 0.0138664245605469 0.0517463684082031
0.02972412109375 0.00631141662597656 0.430267333984375 0.04754638671875
0.00589942932128906 -0.0135478973388672 0.416961669921875 -0.296630859375
-0.0129966735839844 -0.00607681274414063 -0.000640869140625007 -0.422637939453125
-0.00710868835449219 -0.000556945800781251 -0.2581787109375 -0.185623168945312
0.00598573684692383 0.00754261016845703 -0.230880737304688 0.0089263916015625
0.0171880722045898 0.00436210632324219 -0.0733795166015625 0.0998001098632813
0.00850582122802734 -0.00262546539306641 0.0504684448242188 0.0861663818359375
0.0112838745117187 -0.00505447387695313 -0.0250091552734375 -0.0847015380859375
0.0151557922363281 0.00628280639648438 0.111175537109375 -0.0814971923828125
0.01068115234375 0.0163946151733398 0.2216796875 0.0206298828125
-0.00647354125976562 0.0200252532958984 0.227783203125 0.224349975585938
-0.0274791717529297 -0.00260353088378907 -0.048004150390625 0.375213623046875
-0.0135841369628906 -0.0280494689941406 -0.369049072265625 0.2838134765625
0.0161209106445313 -0.0015869140625 -0.360565185546875 0.01544189453125
0.031646728515625 0.0256404876708984 0.0158004760742188 0.0525856018066406
0.0280132293701172 0.00593757629394531 0.431427001953125 0.04888916015625
0.00586700439453125 -0.0127658843994141 0.417083740234375 -0.295745849609375
-0.0123987197875977 -0.00641536712646484 -0.00073242187500002 -0.421661376953125
-0.00844573974609375 -0.000106334686279297 -0.258743286132813 -0.183975219726563
0.00590419769287109 0.00829648971557617 -0.230239868164063 0.0100860595703125
0.0165605545043945 0.00479412078857422 -0.0720138549804688 0.100563049316406
0.00813770294189453 -0.00247955322265625 0.050262451171875 0.0870208740234375
0.0104761123657227 -0.00529289245605469 -0.025421142578125 -0.0845489501953125
0.0154438018798828 0.00699043273925781 0.111953735351563 -0.0807571411132813
0.00934791564941406 0.0171232223510742 0.222183227539063 0.0207672119140625
-0.00600433349609375 0.0203514099121094 0.226104736328125 0.227157592773438
-0.0265216827392578 -0.00242042541503907 -0.05291748046875 0.374755859375
-0.0134029388427734 -0.0277423858642578 -0.371246337890625 0.28009033203125
0.0155067443847656 -0.00157451629638672 -0.360809326171875 0.013580322265625
0.0300540924072266 0.0249824523925781 0.018829345703125 0.0538215637207031
0.0269927978515625 0.00571823120117188 0.433013916015625 0.04656982421875
0.00554847717285156 -0.0125179290771484 0.416015625 -0.297332763671875
-0.0120840072631836 -0.0062103271484375 -0.00283813476562496 -0.419921875
-0.00792121887207031 0.000479221343994139 -0.258987426757813 -0.181533813476562
0.00588130950927734 0.0083928108215332 -0.2296142578125 0.0108489990234375
0.0158100128173828 0.00455188751220703 -0.0717315673828125 0.101249694824219
0.00715446472167969 -0.00204372406005859 0.0505142211914063 0.0886306762695312
0.00904560089111328 -0.00557994842529297 -0.0277862548828125 -0.0867233276367188
0.014653205871582 0.00712966918945313 0.112403869628906 -0.0824508666992188
0.00877857208251953 0.017298698425293 0.220199584960937 0.0220794677734375
-0.00617599487304688 0.0193614959716797 0.223236083984375 0.228103637695313
-0.0271797180175781 -0.0029449462890625 -0.057861328125 0.37567138671875
-0.0125198364257812 -0.0274467468261719 -0.377777099609375 0.278167724609375
0.0148334503173828 -0.00089263916015625 -0.36004638671875 0.01251220703125
0.0291652679443359 0.0248146057128906 0.0223312377929688 0.05438232421875
0.0263309478759766 0.00520515441894531 0.4364013671875 0.044769287109375
0.00588035583496094 -0.0117998123168945 0.41571044921875 -0.300140380859375
-0.0124530792236328 -0.0053720474243164 -0.00674438476562503 -0.4190673828125
-0.00761270523071289 0.00152778625488281 -0.25994873046875 -0.178466796875
0.00518608093261719 0.00898838043212891 -0.228469848632813 0.0129547119140625
0.0149526596069336 0.00557518005371094 -0.069061279296875 0.102432250976563
0.00697183609008789 -0.000599384307861328 0.0551223754882813 0.0896530151367188
0.00831460952758789 -0.00534725189208984 -0.027130126953125 -0.0867080688476563
0.0136871337890625 0.00850868225097656 0.114173889160156 -0.0808639526367188
0.00786018371582031 0.017608642578125 0.221389770507813 0.0236968994140625
-0.00627708435058594 0.0193843841552734 0.22198486328125 0.229843139648437
-0.0262508392333984 -0.00319290161132812 -0.06304931640625 0.374267578125
-0.0116939544677734 -0.0276737213134766 -0.37982177734375 0.27313232421875
0.0159873962402344 -0.000782012939453125 -0.358551025390625 0.0104370117187501
0.0299472808837891 0.0253868103027344 0.0253677368164063 0.0562286376953125
0.0272426605224609 0.00499343872070313 0.436279296875 0.0391845703125
0.00643539428710938 -0.0124702453613281 0.409332275390625 -0.30328369140625
-0.0118837356567383 -0.00560379028320313 -0.014495849609375 -0.416290283203125
-0.00783872604370117 0.000673294067382814 -0.262420654296875 -0.1756591796875
0.00525236129760742 0.00862455368041992 -0.228607177734375 0.0142974853515625
0.0146856307983398 0.00646591186523438 -0.0679092407226562 0.102958679199219
0.00459384918212891 -0.00104713439941406 0.0532608032226562 0.0905380249023437
0.0111808776855469 -0.00456809997558594 -0.0203170776367188 -0.0844268798828125
0.0144424438476563 0.00709342956542969 0.111412048339844 -0.0805740356445313
0.0112218856811523 0.0164127349853516 0.219757080078125 0.024169921875
-0.00695228576660156 0.0176486968994141 0.220382690429688 0.228775024414062
-0.0273799896240234 -0.00490379333496094 -0.062408447265625 0.3741455078125
-0.00992012023925781 -0.0295238494873047 -0.37835693359375 0.2744140625
0.0240287780761719 0.00113105773925781 -0.360809326171875 0.00927734375000002
0.0414810180664063 0.0317230224609375 0.0167007446289063 0.05218505859375
0.0350494384765625 0.0080413818359375 0.426361083984375 0.042388916015625
0.00764179229736328 -0.0135688781738281 0.4088134765625 -0.299713134765625
-0.01318359375 -0.00864410400390625 -0.010223388671875 -0.42205810546875
-0.00822353363037109 -0.00193500518798828 -0.262481689453125 -0.181076049804688
0.00634336471557617 0.00668191909790039 -0.231796264648438 0.00971984863281246
0.0160417556762695 0.00456333160400391 -0.0731658935546875 0.0976791381835938
0.00597858428955078 -0.00222206115722656 0.0495223999023438 0.0849075317382813
0.0111513137817383 -0.00487995147705078 -0.021575927734375 -0.0840682983398438
0.0152978897094727 0.00658702850341797 0.110931396484375 -0.0815048217773438
0.0118198394775391 0.0166702270507813 0.219558715820313 0.022216796875
-0.00697898864746094 0.0188312530517578 0.222137451171875 0.2274169921875
-0.0285263061523438 -0.00436782836914063 -0.056121826171875 0.3743896484375
-0.0110759735107422 -0.0290203094482422 -0.372833251953125 0.280303955078125
0.0229377746582031 0.000730514526367188 -0.36029052734375 0.0119934082031249
0.0395660400390625 0.0307502746582031 0.0141677856445312 0.0513763427734375
0.0329360961914063 0.00792121887207031 0.42755126953125 0.0457763671875
0.00814533233642578 -0.0138072967529297 0.412811279296875 -0.297821044921875
-0.0130023956298828 -0.00791645050048828 -0.00372314453125 -0.422515869140625
-0.0089426040649414 -0.00128269195556641 -0.259658813476563 -0.183761596679687
0.00663900375366211 0.00713491439819336 -0.2315673828125 0.00917053222656253
0.0161857604980469 0.00395298004150391 -0.0740585327148438 0.0971603393554687
0.00809717178344726 -0.00199174880981445 0.049835205078125 0.0847015380859375
0.0122785568237305 -0.0044403076171875 -0.0224685668945313 -0.0847244262695313
0.0152626037597656 0.00595283508300781 0.109947204589844 -0.0819015502929688
0.0112113952636719 0.0160808563232422 0.220596313476563 0.020355224609375
-0.00617218017578125 0.0191764831542969 0.22430419921875 0.225570678710938
-0.0273342132568359 -0.00393104553222656 -0.051849365234375 0.375762939453125
-0.0123233795166016 -0.0291519165039062 -0.369720458984375 0.28125
0.0201377868652344 -0.000814437866210937 -0.361297607421875 0.0128479003906249
0.0374374389648438 0.0294876098632813 0.0131874084472656 0.0503005981445313
0.0301551818847656 0.00656318664550781 0.42669677734375 0.048065185546875
0.00570201873779297 -0.012843132019043 0.4149169921875 -0.295318603515625
-0.0123577117919922 -0.00728416442871094 -0.00115966796875004 -0.421875
-0.00803422927856445 -0.000560283660888672 -0.25823974609375 -0.185501098632812
0.00634241104125977 0.00659847259521484 -0.231094360351563 0.00796508789062498
0.016535758972168 0.00296974182128906 -0.0743179321289063 0.0986480712890625
0.00813484191894531 -0.00258111953735352 0.04901123046875 0.0861358642578125
0.0121984481811523 -0.00510978698730469 -0.0239334106445313 -0.0840682983398438
0.0146312713623047 0.00582122802734375 0.11083984375 -0.0815505981445313
0.0114307403564453 0.01654052734375 0.221435546875 0.019500732421875
-0.00545883178710937 0.0195999145507813 0.227920532226562 0.222808837890625
-0.0271739959716797 -0.00333786010742187 -0.04962158203125 0.375244140625
-0.0131435394287109 -0.0285911560058594 -0.368255615234375 0.281158447265625
0.0177116394042969 -0.00156211853027344 -0.35919189453125 0.0134277343750001
0.0342369079589844 0.0278854370117188 0.01409912109375 0.0521621704101563
0.0286884307861328 0.00578880310058594 0.42852783203125 0.049835205078125
0.00592803955078125 -0.0131006240844727 0.4171142578125 -0.29461669921875
-0.0124444961547852 -0.00684356689453125 0.00207519531249997 -0.422882080078125
-0.00769281387329102 -0.000761032104492187 -0.25732421875 -0.1846923828125
0.00603818893432617 0.00748395919799805 -0.231094360351563 0.00880432128906255
0.0165624618530273 0.00319480895996094 -0.07275390625 0.0990066528320313
0.00781154632568359 -0.00269985198974609 0.0494003295898438 0.087615966796875
0.0112571716308594 -0.00525474548339844 -0.0246505737304688 -0.0846786499023437
0.0145397186279297 0.00671100616455078 0.110832214355469 -0.0819015502929688
0.0109395980834961 0.0167207717895508 0.221817016601563 0.020660400390625
-0.00569534301757813 0.0196914672851563 0.2274169921875 0.225433349609375
-0.0273818969726563 -0.00269508361816407 -0.049407958984375 0.374755859375
-0.0137443542480469 -0.0280170440673828 -0.370025634765625 0.281402587890625
0.0163059234619141 -0.00168418884277344 -0.36016845703125 0.01300048828125
0.0308074951171875 0.0255947113037109 0.0151290893554688 0.0515899658203125
0.0270099639892578 0.00583839416503906 0.428955078125 0.05072021484375
0.00565814971923828 -0.0123052597045898 0.417999267578125 -0.29290771484375
-0.0120143890380859 -0.00676250457763672 0.00070190429687497 -0.42156982421875
-0.00819158554077149 0.000371456146240234 -0.257553100585938 -0.18414306640625
0.00578403472900391 0.00768566131591797 -0.230056762695313 0.00918579101562495
0.0163660049438477 0.00360774993896484 -0.07293701171875 0.100624084472656
0.00832462310791016 -0.00279951095581055 0.0497970581054688 0.0876083374023438
0.010706901550293 -0.00513648986816406 -0.024871826171875 -0.0843429565429688
0.0151700973510742 0.00676155090332031 0.112777709960938 -0.0806503295898438
0.0100889205932617 0.0169897079467773 0.222198486328125 0.0213165283203125
-0.00622749328613281 0.0201663970947266 0.225875854492188 0.227630615234375
-0.0266494750976563 -0.00284957885742187 -0.05377197265625 0.374420166015625
-0.0133934020996094 -0.0274333953857422 -0.3714599609375 0.27777099609375
0.015009880065918 -0.00165557861328125 -0.358795166015625 0.011627197265625
0.0298061370849609 0.0248985290527344 0.0179176330566406 0.0528297424316406
0.0259761810302734 0.00609397888183594 0.43060302734375 0.048431396484375
0.005523681640625 -0.0120124816894531 0.41668701171875 -0.294403076171875
-0.0122604370117188 -0.00635623931884766 -0.000915527343749973 -0.41949462890625
-0.00778722763061524 0.000435352325439452 -0.25762939453125 -0.181915283203125
0.00536775588989258 0.00806856155395508 -0.22930908203125 0.010467529296875
0.0156879425048828 0.00537109375 -0.0716171264648438 0.100959777832031
0.00743627548217774 -0.0017237663269043 0.0499725341796875 0.089263916015625
0.00931739807128906 -0.00558853149414063 -0.0274887084960937 -0.0865707397460937
0.0146446228027344 0.00669288635253906 0.112625122070312 -0.0825729370117187
0.00839996337890625 0.0170078277587891 0.220245361328125 0.0228118896484375
-0.00621986389160156 0.01947021484375 0.222442626953125 0.227508544921875
-0.0267868041992187 -0.00314521789550781 -0.05908203125 0.37542724609375
-0.0127849578857422 -0.0269260406494141 -0.378173828125 0.27655029296875
0.0149974822998047 -0.000681877136230469 -0.3602294921875 0.010528564453125
0.0288219451904297 0.0247154235839844 0.0210762023925781 0.0544319152832031
0.0257930755615234 0.005462646484375 0.43377685546875 0.04620361328125
0.00575351715087891 -0.0120296478271484 0.416015625 -0.29736328125
-0.012049674987793 -0.00609397888183594 -0.005218505859375 -0.4189453125
-0.00752735137939453 0.000848293304443359 -0.2586669921875 -0.179458618164063
0.00521373748779297 0.00899982452392578 -0.22845458984375 0.01202392578125
0.0149087905883789 0.00537967681884766 -0.0688705444335938 0.10198974609375
0.00688505172729492 -0.000857830047607422 0.0544281005859375 0.0901031494140625
0.00844478607177734 -0.00508213043212891 -0.02642822265625 -0.0863265991210938
0.0134115219116211 0.00837516784667969 0.114410400390625 -0.0808334350585937
0.00817680358886719 0.0179653167724609 0.220230102539063 0.024627685546875
-0.0066375732421875 0.0194606781005859 0.219772338867188 0.230789184570313
-0.0263137817382813 -0.00345802307128906 -0.06427001953125 0.37335205078125
-0.0116806030273437 -0.0272846221923828 -0.379852294921875 0.271514892578125
0.0163259506225586 -0.000337600708007813 -0.35784912109375 0.00802612304687503
0.0297622680664063 0.0248966217041016 0.0243301391601563 0.0557479858398437
0.0268669128417969 0.00577926635742188 0.4346923828125 0.04254150390625
0.00636196136474609 -0.0118989944458008 0.409423828125 -0.301605224609375
-0.0115079879760742 -0.00609016418457031 -0.012176513671875 -0.416961669921875
-0.00786876678466797 0.000504970550537109 -0.261062622070313 -0.176651000976562
0.00497245788574219 0.00867557525634766 -0.227737426757813 0.01434326171875
0.0141506195068359 0.00582122802734375 -0.0690689086914063 0.102790832519531
0.00486135482788086 -0.000789642333984375 0.0524368286132813 0.0911407470703125
0.0109701156616211 -0.00440692901611328 -0.0203018188476563 -0.084503173828125
0.0143804550170898 0.00728607177734375 0.112396240234375 -0.079833984375
0.0111627578735352 0.0163660049438477 0.219161987304688 0.0239715576171875
-0.00673866271972656 0.0175800323486328 0.218765258789062 0.23004150390625
-0.0279064178466797 -0.00545501708984375 -0.063323974609375 0.375152587890625
-0.0094451904296875 -0.0290813446044922 -0.3778076171875 0.273773193359375
0.0247478485107422 0.00145149230957031 -0.360992431640625 0.00662231445312494
0.0416526794433594 0.0314216613769531 0.0160789489746094 0.0516281127929688
0.0342788696289063 0.00857734680175781 0.425567626953125 0.04449462890625
0.00836563110351562 -0.0127592086791992 0.411346435546875 -0.298828125
-0.0124950408935547 -0.00850296020507812 -0.00817871093750001 -0.419830322265625
-0.00898361206054688 -0.00220966339111328 -0.261795043945313 -0.181991577148438
0.00678586959838867 0.00671958923339844 -0.231369018554688 0.00910949707031252
0.015869140625 0.00423526763916016 -0.074066162109375 0.0977249145507812
0.006195068359375 -0.0018315315246582 0.0497512817382812 0.086181640625
0.0113735198974609 -0.00499439239501953 -0.0212020874023437 -0.0841827392578125
0.0152683258056641 0.00655078887939453 0.111091613769531 -0.081298828125
0.0116138458251953 0.0163736343383789 0.219467163085937 0.0229644775390625
-0.00617599487304687 0.0180778503417969 0.2215576171875 0.227432250976563
-0.0277214050292969 -0.00462722778320313 -0.057952880859375 0.376068115234375
-0.0108737945556641 -0.0284004211425781 -0.37445068359375 0.2777099609375
0.0227146148681641 0.000501632690429688 -0.3603515625 0.010498046875
0.0392036437988281 0.0301971435546875 0.0137901306152344 0.0509910583496094
0.0331153869628906 0.00786781311035156 0.42498779296875 0.046600341796875
0.00789833068847656 -0.0127048492431641 0.413238525390625 -0.296142578125
-0.0125007629394531 -0.00805473327636719 -0.00314331054687501 -0.421112060546875
-0.0085911750793457 -0.00142097473144531 -0.258438110351563 -0.184600830078125
0.00647068023681641 0.00665473937988281 -0.231430053710938 0.00785827636718754
0.0157871246337891 0.00363731384277344 -0.0742340087890625 0.0974960327148438
0.00811767578125 -0.00210094451904297 0.0487518310546875 0.0857009887695313
0.011265754699707 -0.00489521026611328 -0.0215682983398438 -0.0847091674804688
0.0154056549072266 0.00624847412109375 0.110885620117188 -0.0815658569335938
0.010960578918457 0.0163955688476563 0.219802856445313 0.021270751953125
-0.00651359558105469 0.0192031860351563 0.224441528320313 0.225296020507812
-0.0280494689941406 -0.00374221801757812 -0.05401611328125 0.37469482421875
-0.011749267578125 -0.0287055969238281 -0.371795654296875 0.279541015625
0.0202426910400391 -0.00042724609375 -0.36065673828125 0.00921630859374999
0.03680419921875 0.0287437438964844 0.0131111145019531 0.050750732421875
0.0306625366210937 0.00719070434570312 0.425018310546875 0.049224853515625
0.00694942474365234 -0.013458251953125 0.41644287109375 -0.293304443359375
-0.0123214721679688 -0.00792789459228516 0.00143432617187498 -0.421875
-0.00784158706665039 -0.000265121459960938 -0.257583618164063 -0.185470581054687
0.00629711151123047 0.00642728805541992 -0.231842041015625 0.00794982910156251
0.0163516998291016 0.00369739532470703 -0.0749664306640625 0.0975723266601563
0.00879955291748047 -0.00120449066162109 0.0493621826171875 0.08624267578125
0.011561393737793 -0.00569057464599609 -0.0229415893554688 -0.0848159790039062
0.0152158737182617 0.00609779357910156 0.110984802246094 -0.0816116333007813
0.0113725662231445 0.0161113739013672 0.220962524414062 0.0214691162109375
-0.00509834289550781 0.0193557739257813 0.224822998046875 0.224395751953125
-0.0279159545898438 -0.00301742553710937 -0.051666259765625 0.374176025390625
-0.0131092071533203 -0.0282497406005859 -0.369110107421875 0.27978515625
0.0180225372314453 -0.000780105590820312 -0.359710693359375 0.011932373046875
0.0337505340576172 0.0268039703369141 0.0128593444824219 0.0500602722167969
0.0285186767578125 0.00699996948242188 0.426422119140625 0.051300048828125
0.00622177124023437 -0.0127334594726563 0.41839599609375 -0.291839599609375
-0.0125713348388672 -0.00725746154785156 0.00363159179687497 -0.42193603515625
-0.00806522369384766 -0.000825881958007812 -0.256607055664063 -0.18646240234375
0.00586843490600586 0.00732612609863281 -0.23065185546875 0.00794982910156247
0.016667366027832 0.00318431854248047 -0.0743789672851562 0.09881591796875
0.0084686279296875 -0.00190591812133789 0.0496597290039063 0.0877456665039062
0.0112161636352539 -0.00510215759277344 -0.0232162475585938 -0.0847015380859375
0.0151147842407227 0.00651741027832031 0.111656188964844 -0.0811920166015625
0.0103588104248047 0.0167732238769531 0.221649169921875 0.0214080810546875
-0.00532913208007812 0.0203227996826172 0.226181030273438 0.2249755859375
-0.0272045135498047 -0.00268745422363282 -0.051666259765625 0.373748779296875
-0.01318359375 -0.0278568267822266 -0.369384765625 0.27978515625
0.0168342590332031 -0.00150871276855469 -0.359710693359375 0.012359619140625
0.0310325622558594 0.0255508422851563 0.0145606994628906 0.0518150329589844
0.0270004272460937 0.00591278076171875 0.428436279296875 0.052276611328125
0.00553417205810547 -0.0127172470092773 0.41778564453125 -0.291412353515625
-0.0119514465332031 -0.00690269470214844 0.00161743164062504 -0.421234130859375
-0.00792503356933594 -0.000285625457763673 -0.256973266601562 -0.184494018554688
0.0054478645324707 0.00753021240234375 -0.230621337890625 0.00822448730468751
0.0157537460327148 0.00371837615966797 -0.0736465454101563 0.0996780395507812
0.00872945785522461 -0.00178956985473633 0.0493545532226563 0.088409423828125
0.0100326538085938 -0.00497817993164063 -0.0243301391601563 -0.0851211547851563
0.0150213241577148 0.00690555572509766 0.113182067871094 -0.0811309814453125
0.0100269317626953 0.0172328948974609 0.221435546875 0.023040771484375
-0.00617599487304688 0.0198535919189453 0.223419189453125 0.228195190429688
-0.0266265869140625 -0.00267601013183593 -0.0543212890625 0.37493896484375
-0.0129776000976563 -0.0271434783935547 -0.37286376953125 0.276580810546875
0.0152034759521484 -0.00134658813476563 -0.358978271484375 0.00946044921874992
0.0290298461914062 0.0252838134765625 0.0171241760253906 0.0527915954589844
0.0259475708007813 0.00563430786132813 0.429534912109375 0.050933837890625
0.00515079498291016 -0.0121908187866211 0.41748046875 -0.2919921875
-0.0123367309570312 -0.00656223297119141 0.00134277343750002 -0.419219970703125
-0.00829362869262695 0.000477313995361327 -0.257659912109375 -0.182937622070313
0.00548696517944336 0.00761222839355469 -0.229568481445312 0.009521484375
0.0146417617797852 0.00443935394287109 -0.0733413696289062 0.100929260253906
0.00718450546264648 -0.00194406509399414 0.0501022338867188 0.0900039672851563
0.00896167755126953 -0.00610256195068359 -0.0268325805664062 -0.0875244140625
0.0144376754760742 0.00730133056640625 0.113357543945312 -0.0822601318359375
0.00876235961914063 0.0176944732666016 0.220260620117188 0.023895263671875
-0.00642585754394531 0.0188407897949219 0.2225341796875 0.227783203125
-0.0267105102539063 -0.00288963317871093 -0.060516357421875 0.3734130859375
-0.012298583984375 -0.0267009735107422 -0.378631591796875 0.275177001953125
0.0146236419677734 -0.000446319580078125 -0.359405517578125 0.00720214843750005
0.0283298492431641 0.0245456695556641 0.020294189453125 0.0544509887695313
0.0256996154785156 0.00600051879882813 0.433380126953125 0.0474853515625
0.00535297393798828 -0.0120401382446289 0.416717529296875 -0.295654296875
-0.0118780136108398 -0.00597476959228516 -0.00393676757812498 -0.418609619140625
-0.00775861740112305 0.00111246109008789 -0.258392333984375 -0.1798095703125
0.00507211685180664 0.00830984115600586 -0.228546142578125 0.01165771484375
0.0149669647216797 0.00525474548339844 -0.0704727172851563 0.101554870605469
0.00730419158935547 -0.000578403472900391 0.0537872314453125 0.0917587280273437
0.00765466690063477 -0.00555801391601563 -0.0258102416992187 -0.0870742797851563
0.0137500762939453 0.00820446014404297 0.114578247070313 -0.0808639526367187
0.00824260711669922 0.0174179077148437 0.220489501953125 0.0248565673828125
-0.00671958923339844 0.0194740295410156 0.219635009765625 0.231201171875
-0.0262355804443359 -0.00327491760253906 -0.066436767578125 0.3726806640625
-0.0114498138427734 -0.0268268585205078 -0.38116455078125 0.268890380859375
0.0165367126464844 -0.000685691833496094 -0.35845947265625 0.00604248046874993
0.0288429260253906 0.0245189666748047 0.0235671997070313 0.0560989379882812
0.0264472961425781 0.00559616088867188 0.433685302734375 0.043792724609375
0.00613975524902344 -0.0117177963256836 0.410736083984375 -0.298980712890625
-0.0111989974975586 -0.00610542297363281 -0.010498046875 -0.41729736328125
-0.00869226455688477 0.000129699707031249 -0.260757446289063 -0.176101684570312
0.00505256652832031 0.00935173034667969 -0.227798461914063 0.01336669921875
0.0140390396118164 0.00592994689941406 -0.0690841674804688 0.102546691894531
0.00514507293701172 -0.000974178314208984 0.052490234375 0.0915985107421875
0.0106582641601563 -0.00449562072753906 -0.02020263671875 -0.085052490234375
0.01446533203125 0.00715446472167969 0.111709594726563 -0.0804367065429688
0.0118799209594727 0.0170373916625977 0.220123291015625 0.02606201171875
-0.00577354431152344 0.0181560516357422 0.217697143554688 0.2318115234375
-0.0275630950927734 -0.00518798828125001 -0.064697265625 0.3748779296875
-0.01043701171875 -0.0287666320800781 -0.3802490234375 0.273590087890625
0.0252456665039063 0.000701904296875 -0.360992431640625 0.00411987304687498
0.0407600402832031 0.0314788818359375 0.0155105590820313 0.0516738891601562
0.0341243743896484 0.00820350646972656 0.42559814453125 0.046478271484375
0.00815677642822266 -0.0132513046264648 0.412261962890625 -0.297576904296875
-0.0124216079711914 -0.00881004333496094 -0.00790405273437496 -0.422454833984375
-0.00910282135009766 -0.00298881530761719 -0.261764526367188 -0.182540893554687
0.00622367858886719 0.00790691375732422 -0.232620239257813 0.0084381103515625
0.0159854888916016 0.00466060638427734 -0.0750274658203125 0.0977935791015625
0.00580120086669922 -0.00150918960571289 0.0489959716796875 0.08709716796875
0.0113868713378906 -0.00478172302246094 -0.0207901000976562 -0.0859222412109375
0.0150585174560547 0.0074462890625 0.111854553222656 -0.0816802978515625
0.0114326477050781 0.0168943405151367 0.220123291015625 0.0237579345703125
-0.00602149963378906 0.0180778503417969 0.221817016601562 0.2283935546875
-0.0273513793945313 -0.00468254089355468 -0.06005859375 0.3751220703125
-0.0108108520507812 -0.0287055969238281 -0.376556396484375 0.276153564453125
0.023223876953125 0.000112533569335937 -0.361541748046875 0.00827026367187493
0.03924560546875 0.0306282043457031 0.0129165649414063 0.0510139465332031
0.03216552734375 0.00809860229492188 0.425384521484375 0.049072265625
0.00766277313232422 -0.0134181976318359 0.415130615234375 -0.295654296875
-0.012176513671875 -0.00814056396484375 -0.00170898437499998 -0.42083740234375
-0.00875568389892578 -0.00166797637939453 -0.259002685546875 -0.185882568359375
0.00569677352905273 0.00698614120483398 -0.233169555664063 0.00753784179687497
0.016291618347168 0.00371265411376953 -0.0759735107421875 0.097412109375
0.0074925422668457 -0.00226688385009766 0.0495681762695313 0.0866241455078125
0.0117816925048828 -0.00417613983154297 -0.0207443237304688 -0.08514404296875
0.0151891708374023 0.00553989410400391 0.112083435058594 -0.0821075439453125
0.0113277435302734 0.0165987014770508 0.221206665039063 0.022186279296875
-0.00547409057617188 0.0187797546386719 0.223831176757812 0.228302001953125
-0.0277214050292969 -0.00435256958007812 -0.055206298828125 0.376190185546875
-0.0122547149658203 -0.0281810760498047 -0.372772216796875 0.278839111328125
0.0206336975097656 -0.00113105773925781 -0.361236572265625 0.00729370117187497
0.0363731384277344 0.029571533203125 0.0117111206054688 0.0508346557617187
0.0304832458496094 0.00817680358886719 0.4244384765625 0.05218505859375
0.00597953796386719 -0.0131959915161133 0.418182373046875 -0.29241943359375
-0.0115470886230469 -0.00799846649169922 0.00158691406250002 -0.422698974609375
-0.00815010070800781 -0.000107288360595702 -0.258163452148438 -0.186813354492187
0.00581693649291992 0.00671291351318359 -0.232177734375 0.00736999511718751
0.0166215896606445 0.00313377380371094 -0.0755538940429687 0.09857177734375
0.00856113433837891 -0.00255441665649414 0.0496902465820312 0.0868606567382812
0.0115642547607422 -0.00508403778076172 -0.0219497680664063 -0.0857925415039062
0.0146512985229492 0.00547599792480469 0.111640930175781 -0.0821609497070313
0.0108718872070312 0.0167818069458008 0.221603393554688 0.0218658447265625
-0.00519180297851562 0.0194110870361328 0.225006103515625 0.225128173828125
-0.0273380279541016 -0.00294113159179687 -0.05340576171875 0.37554931640625
-0.0123424530029297 -0.0278549194335938 -0.371429443359375 0.27960205078125
0.0182018280029297 -0.001434326171875 -0.3597412109375 0.00942993164062501
0.0333995819091797 0.0279769897460937 0.0120201110839844 0.0509834289550781
0.0278987884521484 0.00692939758300781 0.427490234375 0.053680419921875
0.00548553466796875 -0.0131492614746094 0.420257568359375 -0.2904052734375
-0.0118255615234375 -0.00719070434570312 0.002838134765625 -0.42352294921875
-0.00802183151245117 -0.000541210174560547 -0.256820678710938 -0.1873779296875
0.00543498992919922 0.00687456130981445 -0.23193359375 0.0063323974609375
0.0161075592041016 0.00270366668701172 -0.075531005859375 0.0993118286132813
0.00852680206298828 -0.0019831657409668 0.0488662719726563 0.0885543823242188
0.0118932723999023 -0.00531101226806641 -0.0227890014648437 -0.0859298706054688
0.0149126052856445 0.00633430480957031 0.112472534179688 -0.0815658569335938
0.0110340118408203 0.0171051025390625 0.222015380859375 0.0223541259765625
-0.00536346435546875 0.0194969177246094 0.226455688476562 0.227676391601562
-0.0276470184326172 -0.00318717956542969 -0.05413818359375 0.37530517578125
-0.0129585266113281 -0.0272998809814453 -0.373046875 0.278839111328125
0.0164976119995117 -0.00125217437744141 -0.360595703125 0.00924682617187505
0.0306472778320312 0.0256748199462891 0.0138053894042969 0.0516586303710937
0.0261745452880859 0.00682640075683594 0.42694091796875 0.054656982421875
0.00461101531982422 -0.0119009017944336 0.419830322265625 -0.290618896484375
-0.0120935440063477 -0.00663661956787109 0.00296020507812496 -0.42266845703125
-0.00809288024902344 -7.10487365722674E-05 -0.25714111328125 -0.185028076171875
0.00504875183105469 0.0066676139831543 -0.23126220703125 0.00758361816406251
0.0160760879516602 0.00343894958496094 -0.0745773315429688 0.0997085571289063
0.00872707366943359 -0.00198268890380859 0.0489044189453125 0.0896759033203125
0.0102634429931641 -0.00540542602539062 -0.0238876342773437 -0.0861740112304688
0.0145463943481445 0.00723075866699219 0.113990783691406 -0.080718994140625
0.00976943969726562 0.0177459716796875 0.222808837890625 0.023101806640625
-0.00565719604492188 0.0199127197265625 0.22369384765625 0.228225708007813
-0.027313232421875 -0.00245094299316406 -0.0574951171875 0.3743896484375
-0.0132942199707031 -0.0270576477050781 -0.374725341796875 0.2752685546875
0.0158452987670898 -0.00177764892578125 -0.360809326171875 0.00671386718749996
0.0296440124511719 0.0244789123535156 0.0163002014160156 0.0529289245605469
0.0250492095947266 0.00598716735839844 0.42962646484375 0.052886962890625
0.00497817993164063 -0.012420654296875 0.419189453125 -0.29144287109375
-0.011505126953125 -0.00706768035888672 0.00207519531250001 -0.41998291015625
-0.00822019577026367 9.67979431152333E-05 -0.257583618164063 -0.18463134765625
0.00525474548339844 0.00789070129394531 -0.230758666992188 0.00889587402343749
0.0146846771240234 0.00426197052001953 -0.0737228393554688 0.100631713867187
0.00791740417480469 -0.00206565856933594 0.0493087768554687 0.0908203125
0.00948333740234375 -0.00581932067871094 -0.025909423828125 -0.08782958984375
0.0141611099243164 0.00646781921386719 0.114280700683594 -0.0823287963867187
0.00899505615234375 0.017329216003418 0.220138549804688 0.023651123046875
-0.00597000122070312 0.0196819305419922 0.222137451171875 0.22918701171875
-0.0268096923828125 -0.00287818908691406 -0.0631103515625 0.37432861328125
-0.0128211975097656 -0.0266227722167969 -0.38153076171875 0.27423095703125
0.0156135559082031 -8.29696655273438E-05 -0.360443115234375 0.00601196289062498
0.0284252166748047 0.0242729187011719 0.01983642578125 0.0540351867675781
0.0257015228271484 0.00598335266113281 0.433135986328125 0.0504150390625
0.00510501861572266 -0.0114860534667969 0.418548583984375 -0.29461669921875
-0.0118036270141602 -0.00609016418457031 -0.00219726562500002 -0.419403076171875
-0.00809907913208008 0.000479221343994141 -0.258834838867187 -0.18109130859375
0.00481748580932617 0.00822067260742188 -0.229568481445312 0.0108489990234375
0.0145959854125977 0.00498104095458984 -0.071136474609375 0.1016845703125
0.00694704055786133 1.19209289550781E-05 0.05389404296875 0.0921173095703125
0.00825405120849609 -0.00521993637084961 -0.0253677368164062 -0.087646484375
0.0131998062133789 0.00801563262939453 0.115669250488281 -0.08099365234375
0.00855827331542969 0.0179786682128906 0.22149658203125 0.0254974365234375
-0.00579833984375 0.0192165374755859 0.219451904296875 0.232833862304688
-0.0258636474609375 -0.00313377380371094 -0.068389892578125 0.373779296875
-0.0110549926757813 -0.0268421173095703 -0.384185791015625 0.268218994140625
0.0168552398681641 -0.000104904174804688 -0.358367919921875 0.00427246093750005
0.0290889739990234 0.0251846313476563 0.02264404296875 0.0559425354003906
0.0259723663330078 0.00580024719238281 0.434600830078125 0.0458984375
0.00607681274414063 -0.0112285614013672 0.413116455078125 -0.299407958984375
-0.0110893249511719 -0.00565147399902344 -0.00936889648437498 -0.41778564453125
-0.00796985626220703 0.000598907470703124 -0.261077880859375 -0.17755126953125
0.00409841537475586 0.0086064338684082 -0.2288818359375 0.0126495361328125
0.0134210586547852 0.00629711151123047 -0.0699539184570313 0.1029052734375
0.00498533248901367 -0.00117015838623047 0.0523910522460938 0.0923080444335938
0.0105094909667969 -0.00521469116210938 -0.0193023681640625 -0.0855865478515625
0.0136280059814453 0.00648975372314453 0.113182067871094 -0.0814361572265625
0.0117578506469727 0.0166358947753906 0.220626831054688 0.026519775390625
-0.00595474243164063 0.0184593200683594 0.218231201171875 0.232070922851563
-0.0281906127929688 -0.00591850280761719 -0.067657470703125 0.3763427734375
-0.00983238220214844 -0.0285987854003906 -0.383819580078125 0.27191162109375
0.0257625579833984 0.00124549865722656 -0.362274169921875 0.00210571289062494
0.0403518676757813 0.0319938659667969 0.0148200988769531 0.0515594482421875
0.0332927703857422 0.00887870788574219 0.42669677734375 0.04833984375
0.00816726684570313 -0.0132761001586914 0.414703369140625 -0.2984619140625
-0.0128860473632813 -0.00834560394287109 -0.00521850585937497 -0.42279052734375
-0.00947856903076172 -0.00223541259765625 -0.262054443359375 -0.18463134765625
0.00590181350708008 0.00655889511108399 -0.233688354492187 0.00773620605468752
0.0158061981201172 0.00332736968994141 -0.0752029418945313 0.0980682373046875
0.00674581527709961 -0.00146865844726563 0.04986572265625 0.087890625
0.0110626220703125 -0.00493049621582031 -0.0203323364257813 -0.085540771484375
0.0144729614257813 0.00613880157470703 0.113265991210938 -0.0825881958007813
0.0120849609375 0.0169792175292969 0.221588134765625 0.0244598388671875
-0.00522804260253907 0.0185832977294922 0.221817016601563 0.229583740234375
-0.0276222229003906 -0.00465774536132813 -0.0615234375 0.376922607421875
-0.0104789733886719 -0.0285797119140625 -0.378387451171875 0.27593994140625
0.0231285095214844 4.00543212890625E-05 -0.3629150390625 0.00595092773437507
0.0385475158691406 0.0307044982910156 0.0131416320800781 0.0505828857421875
0.0317821502685547 0.00851249694824219 0.425201416015625 0.05029296875
0.00686740875244141 -0.0133838653564453 0.4176025390625 -0.29583740234375
-0.0127458572387695 -0.00919151306152344 -0.000671386718749975 -0.4244384765625
-0.00857257843017578 -0.00217103958129883 -0.260101318359375 -0.187026977539063
0.00550985336303711 0.00648307800292969 -0.233718872070313 0.00686645507812499
0.0157632827758789 0.00294208526611328 -0.0762939453125 0.0977325439453125
0.0081629753112793 -0.00203704833984375 0.0487899780273438 0.0877914428710937
0.01202392578125 -0.00534343719482422 -0.0209503173828125 -0.0859603881835937
0.0146522521972656 0.0060882568359375 0.113128662109375 -0.0819473266601563
0.0118398666381836 0.0167484283447266 0.221817016601563 0.022552490234375
-0.00533103942871094 0.018798828125 0.223373413085938 0.228591918945313
-0.0282382965087891 -0.0040130615234375 -0.0565185546875 0.37677001953125
-0.0121192932128906 -0.0273895263671875 -0.375701904296875 0.278717041015625
0.0205631256103516 0.000270843505859375 -0.363250732421875 0.00515747070312492
0.03607177734375 0.029388427734375 0.0116806030273438 0.0503082275390625
0.0301647186279297 0.00801277160644531 0.426513671875 0.05450439453125
0.00552558898925781 -0.0130958557128906 0.4205322265625 -0.291748046875
-0.0126733779907227 -0.00844001770019531 0.00350952148437499 -0.42572021484375
-0.00884819030761719 -0.000414848327636719 -0.258743286132812 -0.187225341796875
0.00584602355957031 0.00733184814453125 -0.234039306640625 0.00659179687500005
0.0156488418579102 0.00282764434814453 -0.0766983032226563 0.0989761352539062
0.00832080841064453 -0.00173377990722656 0.0489349365234375 0.0883407592773438
0.0121355056762695 -0.00442695617675781 -0.0220947265625 -0.0857772827148438
0.0144557952880859 0.00635528564453125 0.112937927246094 -0.0821380615234375
0.0111207962036133 0.0168447494506836 0.222976684570313 0.0223236083984375
-0.00523757934570313 0.0201740264892578 0.225723266601563 0.227340698242187
-0.027252197265625 -0.00283050537109375 -0.054473876953125 0.376373291015625
-0.0127792358398438 -0.0272541046142578 -0.37420654296875 0.278472900390625
0.0185947418212891 -0.00100326538085938 -0.362548828125 0.00759887695312495
0.0326461791992188 0.0269622802734375 0.0113945007324219 0.0512466430664062
0.0281448364257812 0.00786018371582031 0.42828369140625 0.054534912109375
0.00603961944580078 -0.0126104354858398 0.4224853515625 -0.290740966796875
-0.0119609832763672 -0.00790786743164063 0.00531005859375 -0.42486572265625
-0.00806093215942383 -0.000862598419189455 -0.2576904296875 -0.18804931640625
0.00591564178466797 0.00690841674804688 -0.23272705078125 0.00711059570312495
0.0161828994750977 0.00330543518066406 -0.0766830444335937 0.0990447998046875
0.00916671752929687 -0.00187492370605469 0.04901123046875 0.0894088745117187
0.0110044479370117 -0.00504398345947266 -0.0224990844726562 -0.0867233276367188
0.0145235061645508 0.00614643096923828 0.113189697265625 -0.0819091796875
0.0111293792724609 0.0174026489257812 0.222808837890625 0.022674560546875
-0.00452613830566406 0.0201225280761719 0.226531982421875 0.228271484375
-0.0277156829833984 -0.00351333618164062 -0.056488037109375 0.376617431640625
-0.0130023956298828 -0.0263786315917969 -0.375091552734375 0.27764892578125
0.0171680450439453 -0.00174331665039063 -0.362640380859375 0.00747680664062498
0.0306129455566406 0.0253620147705078 0.0135688781738281 0.0515975952148438
0.0271511077880859 0.00708770751953125 0.428802490234375 0.055999755859375
0.00506591796875 -0.0123720169067383 0.42340087890625 -0.2899169921875
-0.0127220153808594 -0.00656795501708984 0.00445556640625 -0.42388916015625
-0.00874996185302734 -0.000180244445800782 -0.25762939453125 -0.186660766601563
0.00555229187011719 0.0069880485534668 -0.231918334960938 0.006988525390625
0.0155181884765625 0.00341320037841797 -0.0756912231445313 0.100433349609375
0.00907230377197266 -0.00155925750732422 0.0486297607421875 0.0906753540039063
0.0106391906738281 -0.00473499298095703 -0.0230178833007813 -0.0867691040039063
0.0144100189208984 0.00707054138183594 0.114471435546875 -0.081573486328125
0.010955810546875 0.0179901123046875 0.223526000976563 0.0238494873046875
-0.00522422790527344 0.0204143524169922 0.223968505859375 0.230010986328125
-0.0271358489990234 -0.00333404541015625 -0.058319091796875 0.376922607421875
-0.0130729675292969 -0.0268115997314453 -0.377777099609375 0.275238037109375
0.0159788131713867 -0.001922607421875 -0.36065673828125 0.00515747070312504
0.0291500091552734 0.0246524810791016 0.0156707763671875 0.0523567199707031
0.0250377655029297 0.00635719299316406 0.431060791015625 0.055694580078125
0.00449657440185547 -0.0119256973266602 0.42279052734375 -0.291778564453125
-0.0115957260131836 -0.00641822814941406 0.00360107421875 -0.42205810546875
-0.00816726684570313 0.000213146209716797 -0.258880615234375 -0.185256958007812
0.00502681732177734 0.00765180587768555 -0.232070922851563 0.00831604003906255
0.014399528503418 0.00408172607421875 -0.0746307373046875 0.101226806640625
0.00837421417236328 -0.00138139724731445 0.0493850708007813 0.09197998046875
0.00934791564941406 -0.00569438934326172 -0.0255203247070313 -0.089019775390625
0.0144367218017578 0.00740623474121094 0.114822387695313 -0.0825271606445313
0.00941085815429688 0.017390251159668 0.221832275390625 0.0250701904296875
-0.00533866882324219 0.0192985534667969 0.221527099609375 0.231887817382812
-0.0268058776855469 -0.00321769714355469 -0.06512451171875 0.37640380859375
-0.0123462677001953 -0.0258903503417969 -0.38299560546875 0.273345947265625
0.0155973434448242 -0.000772476196289063 -0.361663818359375 0.00405883789062495
0.0286903381347656 0.0244274139404297 0.0187530517578125 0.0537681579589844
0.0252723693847656 0.00653266906738281 0.434326171875 0.05322265625
0.00568866729736328 -0.0119209289550781 0.421295166015625 -0.295196533203125
-0.0119409561157227 -0.00585651397705078 -0.00177001953125001 -0.420440673828125
-0.00801897048950195 0.000367164611816405 -0.259246826171875 -0.182281494140625
0.00449275970458984 0.00813484191894531 -0.23101806640625 0.0105438232421875
0.0143537521362305 0.00489425659179688 -0.0719680786132813 0.101882934570312
0.00815439224243164 -0.000594615936279297 0.0536117553710937 0.0923004150390625
0.00827693939208984 -0.00565719604492187 -0.0243988037109375 -0.088104248046875
0.0130138397216797 0.00830841064453125 0.116188049316406 -0.0813751220703125
0.00836753845214844 0.0182476043701172 0.2220458984375 0.026336669921875
-0.00583076477050781 0.0196857452392578 0.220123291015625 0.234405517578125
-0.0271759033203125 -0.00360298156738281 -0.07000732421875 0.375213623046875
-0.0110454559326172 -0.026397705078125 -0.386474609375 0.267822265625
0.0168819427490234 7.53402709960938E-05 -0.35968017578125 0.00228881835937503
0.0290355682373047 0.0253505706787109 0.0226669311523438 0.0551643371582031
0.0258960723876953 0.00659370422363281 0.4345703125 0.047393798828125
0.00598907470703125 -0.0113258361816406 0.4161376953125 -0.298126220703125
-0.0117359161376953 -0.00597190856933594 -0.00961303710937498 -0.41937255859375
-0.00895977020263672 0.000141143798828125 -0.2620849609375 -0.179183959960937
0.00399637222290039 0.0082693099975586 -0.230224609375 0.0121612548828125
0.0134096145629883 0.00618839263916016 -0.0708160400390625 0.102760314941406
0.00605678558349609 -0.000848293304443359 0.052032470703125 0.0936050415039063
0.0103015899658203 -0.00434112548828125 -0.0175094604492187 -0.08648681640625
0.0147886276245117 0.00724697113037109 0.114974975585938 -0.082275390625
0.0125656127929687 0.0166549682617188 0.222198486328125 0.02655029296875
-0.00609397888183594 0.0180587768554688 0.220199584960937 0.234161376953125
-0.0279445648193359 -0.00545310974121094 -0.0689697265625 0.379669189453125
-0.0100421905517578 -0.0273036956787109 -0.386505126953125 0.273590087890625
0.025482177734375 0.0018310546875 -0.364990234375 0.00198364257812502
0.041259765625 0.0326042175292969 0.0143547058105469 0.0508613586425781
0.0334300994873047 0.00917625427246094 0.428924560546875 0.049774169921875
0.00759124755859375 -0.0132513046264648 0.4185791015625 -0.2991943359375
-0.012120246887207 -0.00909805297851563 -0.00506591796875001 -0.426727294921875
-0.00918483734130859 -0.00215625762939453 -0.263458251953125 -0.185684204101562
0.00528287887573242 0.005645751953125 -0.23583984375 0.00804138183593747
0.0152044296264648 0.00452518463134766 -0.0765380859375 0.0983505249023438
0.00679492950439453 -0.000753879547119141 0.04937744140625 0.0888519287109375
0.0117883682250977 -0.00483512878417969 -0.0193634033203125 -0.0867919921875
0.014735221862793 0.00594139099121094 0.114463806152344 -0.0826797485351563
0.0126399993896484 0.0168733596801758 0.22308349609375 0.024322509765625
-0.00493621826171875 0.0179347991943359 0.223464965820313 0.232833862304688
-0.0278949737548828 -0.00507354736328124 -0.06231689453125 0.379913330078125
-0.0110950469970703 -0.028350830078125 -0.382720947265625 0.2783203125
0.0236721038818359 -0.000152587890625 -0.365570068359375 0.00302124023437501
0.0383415222167969 0.031219482421875 0.0125617980957031 0.0514755249023438
0.0322608947753906 0.00855064392089844 0.428131103515625 0.052886962890625
0.00633049011230469 -0.0134868621826172 0.421478271484375 -0.296478271484375
-0.0113449096679688 -0.0090036392211914 0.000183105468749972 -0.425750732421875
-0.00917625427246094 -0.00240898132324219 -0.262176513671875 -0.188247680664063
0.00604248046875 0.00704383850097656 -0.235702514648437 0.00677490234375
0.0158224105834961 0.00382232666015625 -0.0779647827148438 0.0980758666992188
0.00836372375488281 -0.00102376937866211 0.0488510131835938 0.0887222290039063
0.0114717483520508 -0.005889892578125 -0.020599365234375 -0.087066650390625
0.0148715972900391 0.00673866271972656 0.113784790039062 -0.0826950073242187
0.0118532180786133 0.0167341232299805 0.222900390625 0.0227508544921875
-0.00534820556640625 0.0191478729248047 0.225997924804687 0.231338500976562
-0.0283660888671875 -0.00385856628417968 -0.0584716796875 0.380767822265625
-0.0123081207275391 -0.0286026000976563 -0.378692626953125 0.27886962890625
0.0216808319091797 -0.000347137451171875 -0.365753173828125 0.00418090820312501
0.0364227294921875 0.0287704467773438 0.0106697082519531 0.0508155822753906
0.0301609039306641 0.00831222534179688 0.428131103515625 0.05657958984375
0.00632953643798828 -0.0128087997436523 0.425201416015625 -0.292266845703125
-0.012054443359375 -0.00797557830810547 0.00347900390625001 -0.427581787109375
-0.00879478454589844 -0.00132846832275391 -0.259918212890625 -0.18951416015625
0.00526523590087891 0.00672149658203125 -0.234588623046875 0.00727844238281245
0.0157613754272461 0.00337982177734375 -0.0777664184570312 0.0988235473632812
0.00964069366455078 -0.0011138916015625 0.0488128662109375 0.0899276733398438
0.0121860504150391 -0.00485610961914063 -0.0215072631835937 -0.0868911743164063
0.0148773193359375 0.00592517852783203 0.113929748535156 -0.0831680297851563
0.0117053985595703 0.0178165435791016 0.2249755859375 0.0225067138671875
-0.00428009033203125 0.0191154479980469 0.227096557617187 0.2281494140625
-0.0282611846923828 -0.00296974182128907 -0.05682373046875 0.379058837890625
-0.0128879547119141 -0.0273342132568359 -0.376953125 0.279632568359375
0.0182552337646484 -0.00133132934570313 -0.364990234375 0.00598144531250001
0.0333213806152344 0.0276622772216797 0.0112648010253906 0.0507850646972656
0.0276317596435547 0.00745391845703125 0.430419921875 0.05816650390625
0.00626754760742188 -0.0125637054443359 0.42633056640625 -0.291534423828125
-0.0127763748168945 -0.00797080993652344 0.00561523437500001 -0.426910400390625
-0.00837039947509766 -0.000833988189697267 -0.2593994140625 -0.190460205078125
0.0054316520690918 0.00752973556518555 -0.23516845703125 0.00570678710937497
0.016077995300293 0.00272655487060547 -0.07757568359375 0.100318908691406
0.00936412811279297 -0.00201416015625 0.0488128662109375 0.0907440185546875
0.0116777420043945 -0.00534820556640625 -0.0218048095703125 -0.087066650390625
0.0145864486694336 0.007110595703125 0.114990234375 -0.0830535888671875
0.0114593505859375 0.0174980163574219 0.225189208984375 0.022674560546875
-0.00498580932617187 0.0203666687011719 0.227264404296875 0.231048583984375
-0.0274810791015625 -0.00250244140625 -0.057037353515625 0.378143310546875
-0.0131893157958984 -0.0271091461181641 -0.37860107421875 0.278900146484375
0.0164947509765625 -0.00148105621337891 -0.36376953125 0.00482177734374996
0.0308609008789063 0.0260105133056641 0.0127716064453125 0.0517730712890625
0.0264396667480469 0.00660133361816406 0.43048095703125 0.05810546875
0.0054931640625 -0.0128507614135742 0.426605224609375 -0.290679931640625
-0.0121574401855469 -0.00690078735351563 0.005828857421875 -0.42633056640625
-0.00880050659179688 -0.000778198242187498 -0.260025024414063 -0.188308715820312
0.00450325012207031 0.0071868896484375 -0.23406982421875 0.00698852539062499
0.0153627395629883 0.0032806396484375 -0.0770187377929688 0.100631713867187
0.00917148590087891 -0.00157451629638672 0.0488357543945313 0.092315673828125
0.0110044479370117 -0.00506782531738281 -0.0224227905273437 -0.0875091552734375
0.0147161483764648 0.00693321228027344 0.115882873535156 -0.0823287963867188
0.0105190277099609 0.0178012847900391 0.224960327148438 0.024078369140625
-0.00543975830078125 0.0206756591796875 0.225540161132813 0.231765747070313
-0.0274143218994141 -0.00289535522460937 -0.06048583984375 0.37969970703125
-0.0137462615966797 -0.026947021484375 -0.38037109375 0.2760009765625
0.0154705047607422 -0.000972747802734375 -0.36370849609375 0.00344848632812493
0.0292205810546875 0.0249347686767578 0.0154037475585938 0.0520477294921875
0.02508544921875 0.00655746459960937 0.4322509765625 0.05645751953125
0.00430774688720703 -0.0121469497680664 0.42608642578125 -0.29205322265625
-0.0116071701049805 -0.00684356689453125 0.00311279296874999 -0.424835205078125
-0.00795364379882813 5.76972961425765E-05 -0.26055908203125 -0.187408447265625
0.00461149215698242 0.00760889053344727 -0.233627319335937 0.00849914550781246
0.0147323608398437 0.00388431549072266 -0.0758590698242188 0.101448059082031
0.0083775520324707 -0.00146675109863281 0.0496902465820313 0.0931396484375
0.00887012481689453 -0.00646686553955078 -0.024871826171875 -0.0900115966796875
0.0146522521972656 0.00697231292724609 0.115837097167969 -0.0833892822265625
0.00933265686035156 0.0178794860839844 0.2232666015625 0.0250091552734375
-0.00598526000976562 0.0195484161376953 0.222808837890625 0.232589721679688
-0.0277061462402344 -0.00336837768554688 -0.066497802734375 0.37890625
-0.0124397277832031 -0.0265293121337891 -0.386688232421875 0.274688720703125
0.0157203674316406 -0.000378608703613281 -0.36505126953125 0.00173950195312493
0.0285053253173828 0.024078369140625 0.0186958312988281 0.0538330078125
0.0246009826660156 0.006195068359375 0.436431884765625 0.05364990234375
0.00484943389892578 -0.0111074447631836 0.424652099609375 -0.294677734375
-0.0115861892700195 -0.00641250610351563 -0.000885009765624976 -0.42437744140625
-0.00834941864013672 0.000755310058593752 -0.2611083984375 -0.18389892578125
0.00392723083496094 0.00811910629272461 -0.232131958007813 0.00991821289062501
0.0147180557250977 0.00463676452636719 -0.0731658935546875 0.102729797363281
0.00806379318237305 -0.000507354736328125 0.053955078125 0.0940475463867188
0.00823354721069336 -0.00584030151367188 -0.0244064331054688 -0.0896453857421875
0.0133733749389648 0.00846481323242188 0.117698669433594 -0.0816879272460937
0.009033203125 0.0188331604003906 0.2237548828125 0.0263824462890625
-0.00575828552246094 0.0193748474121094 0.221145629882813 0.235549926757812
-0.0272655487060547 -0.00403404235839843 -0.070587158203125 0.377899169921875
-0.0112152099609375 -0.0265598297119141 -0.38934326171875 0.268310546875
0.0167083740234375 -0.000132560729980469 -0.362396240234375 0.000274658203124972
0.0290546417236328 0.0245990753173828 0.0215530395507813 0.0557289123535156
0.0256061553955078 0.00654792785644531 0.43682861328125 0.050384521484375
0.00562953948974609 -0.0112543106079102 0.418975830078125 -0.299041748046875
-0.011286735534668 -0.006195068359375 -0.00765991210937496 -0.42193603515625
-0.0087428092956543 0.000126361846923827 -0.263168334960937 -0.18035888671875
0.00375938415527344 0.00839996337890625 -0.231704711914062 0.012237548828125
0.0134382247924805 0.00553321838378906 -0.0720596313476563 0.103385925292969
0.00554180145263672 -0.000826835632324219 0.0529708862304687 0.093994140625
0.0107440948486328 -0.00477123260498047 -0.0176162719726562 -0.0881118774414063
0.0148258209228516 0.00750541687011719 0.115745544433594 -0.0825958251953125
0.0120420455932617 0.0173616409301758 0.224334716796875 0.027099609375
-0.00519371032714844 0.0184116363525391 0.220901489257813 0.2362060546875
-0.028289794921875 -0.00531768798828125 -0.06927490234375 0.383270263671875
-0.00969505310058594 -0.0280437469482422 -0.39013671875 0.273834228515625
0.0260066986083984 0.00140190124511719 -0.369720458984375 0.000335693359375054
0.0409355163574219 0.0320587158203125 0.0134506225585938 0.0513076782226563
0.0335617065429688 0.00885581970214844 0.4320068359375 0.050567626953125
0.00730800628662109 -0.0135116577148438 0.422332763671875 -0.30047607421875
-0.0127429962158203 -0.00856113433837891 -0.00405883789062496 -0.431640625
-0.00930881500244141 -0.00276470184326172 -0.266342163085938 -0.186874389648437
0.00468301773071289 0.00664138793945313 -0.237869262695313 0.0078887939453125
0.0157852172851563 0.00407123565673828 -0.07806396484375 0.099517822265625
0.00711154937744141 -0.00176620483398438 0.0501327514648437 0.090118408203125
0.0114374160766602 -0.00441551208496094 -0.0182113647460937 -0.0872344970703125
0.0150117874145508 0.00677299499511719 0.115409851074219 -0.0837020874023437
0.0125312805175781 0.0167369842529297 0.2249755859375 0.0249786376953125
-0.00560188293457031 0.0181293487548828 0.224945068359375 0.234527587890625
-0.0281772613525391 -0.00506401062011718 -0.0640869140625 0.382904052734375
-0.0114250183105469 -0.0276374816894531 -0.385101318359375 0.278717041015625
0.0238265991210938 0.000375747680664063 -0.368438720703125 0.00244140625000001
0.0392951965332031 0.0305023193359375 0.0120048522949219 0.0518760681152344
0.0325241088867188 0.00891876220703125 0.431182861328125 0.0545654296875
0.00614261627197266 -0.0128602981567383 0.4249267578125 -0.298095703125
-0.0128955841064453 -0.00915813446044922 0.000976562499999978 -0.430084228515625
-0.00917530059814453 -0.00181293487548828 -0.263900756835937 -0.189682006835938
0.00541877746582031 0.00596952438354492 -0.23760986328125 0.00735473632812503
0.0164155960083008 0.00331592559814453 -0.0784912109375 0.0995864868164063
0.00850772857666016 -0.00119733810424805 0.0487518310546875 0.0902023315429688
0.0122451782226563 -0.00515365600585938 -0.01983642578125 -0.0880508422851563
0.0150671005249023 0.00588893890380859 0.115341186523438 -0.0842819213867188
0.0121164321899414 0.0168313980102539 0.22607421875 0.0226898193359375
-0.00493049621582031 0.0182380676269531 0.227096557617188 0.232574462890625
-0.0278778076171875 -0.00449752807617187 -0.05987548828125 0.383941650390625
-0.0127944946289063 -0.0276546478271484 -0.3817138671875 0.280975341796875
0.0212688446044922 -0.000537872314453125 -0.36871337890625 0.00354003906249995
0.0357704162597656 0.0287590026855469 0.0107307434082031 0.0508499145507813
0.0306644439697266 0.00766181945800781 0.430999755859375 0.056793212890625
0.0067596435546875 -0.0134086608886719 0.428314208984375 -0.2955322265625
-0.0127162933349609 -0.00879859924316406 0.00375366210937495 -0.4312744140625
-0.00931358337402344 -0.00127696990966797 -0.261444091796875 -0.191162109375
0.00541877746582031 0.00733804702758789 -0.238372802734375 0.00662231445312501
0.0161457061767578 0.00343990325927734 -0.0789108276367188 0.100410461425781
0.00890731811523437 -0.00139427185058594 0.04888916015625 0.0914230346679688
0.0112590789794922 -0.00468921661376953 -0.0206527709960938 -0.0884170532226563
0.0153942108154297 0.00662803649902344 0.115478515625 -0.0841140747070313
0.0116176605224609 0.0165424346923828 0.227020263671875 0.02294921875
-0.00489044189453125 0.0193290710449219 0.228469848632812 0.231353759765625
-0.0281562805175781 -0.00311470031738281 -0.057098388671875 0.382049560546875
-0.0131568908691406 -0.0266284942626953 -0.3802490234375 0.2816162109375
0.0183582305908203 -0.000476837158203125 -0.369232177734375 0.00405883789062507
0.0326213836669922 0.0272960662841797 0.0106086730957031 0.0507278442382813
0.0279121398925781 0.00787734985351563 0.43280029296875 0.059112548828125
0.00545597076416016 -0.0124673843383789 0.42913818359375 -0.293060302734375
-0.0127067565917969 -0.00801849365234375 0.00653076171874997 -0.430389404296875
-0.00809717178344727 -0.000696659088134767 -0.262054443359375 -0.191757202148438
0.00503015518188477 0.00705099105834961 -0.237045288085938 0.00672912597656248
0.0156803131103516 0.00357437133789063 -0.0785369873046875 0.101295471191406
0.00913333892822265 -0.00211811065673828 0.0492172241210938 0.0921554565429687
0.0109357833862305 -0.00552463531494141 -0.021728515625 -0.0886383056640625
0.0144662857055664 0.00713825225830078 0.116111755371094 -0.0835037231445313
0.011627197265625 0.0180950164794922 0.22650146484375 0.0236663818359375
-0.00461769104003906 0.0200424194335938 0.229598999023437 0.232040405273437
-0.0279064178466797 -0.00330734252929687 -0.058135986328125 0.382232666015625
-0.0133514404296875 -0.0266475677490234 -0.382598876953125 0.28070068359375
0.017181396484375 -0.00127220153808594 -0.367279052734375 0.00442504882812495
0.0303287506103516 0.02545166015625 0.0130043029785156 0.0516853332519531
0.0260810852050781 0.00682830810546875 0.433868408203125 0.058502197265625
0.00478172302246094 -0.0119924545288086 0.429840087890625 -0.292724609375
-0.0121212005615234 -0.00685977935791015 0.00588989257812504 -0.429962158203125
-0.00843715667724609 -4.48226928710938E-05 -0.261611938476563 -0.190261840820313
0.00481843948364258 0.00771999359130859 -0.23583984375 0.00793457031250002
0.0152959823608398 0.00306606292724609 -0.078125 0.101829528808594
0.00945472717285156 -0.00135517120361328 0.0497970581054688 0.092620849609375
0.0106906890869141 -0.00534439086914063 -0.0220565795898438 -0.0889968872070313
0.0147733688354492 0.00722885131835938 0.117523193359375 -0.0831222534179688
0.0107345581054688 0.0177593231201172 0.227157592773438 0.0240020751953125
-0.00491714477539063 0.0208969116210938 0.227432250976563 0.233688354492188
-0.0273609161376953 -0.00244331359863282 -0.06146240234375 0.382080078125
-0.0133800506591797 -0.0265331268310547 -0.384552001953125 0.27734375
0.0163698196411133 -0.00194835662841797 -0.367523193359375 0.00201416015625
0.02862548828125 0.0250225067138672 0.0155677795410156 0.0521163940429688
0.0250740051269531 0.00689125061035156 0.435791015625 0.0584716796875
0.00483798980712891 -0.011444091796875 0.429290771484375 -0.2940673828125
-0.0118875503540039 -0.00664997100830078 0.00308227539062505 -0.426788330078125
-0.0086212158203125 -0.000350475311279296 -0.262527465820313 -0.188613891601562
0.00422859191894531 0.00752639770507813 -0.236404418945313 0.00857543945312502
0.0146684646606445 0.00444793701171875 -0.0766372680664063 0.102516174316406
0.0088043212890625 -0.00136661529541016 0.0506515502929688 0.0940628051757813
0.00906276702880859 -0.00633335113525391 -0.0253677368164063 -0.09075927734375
0.0146350860595703 0.00720119476318359 0.117179870605469 -0.084259033203125
0.0100898742675781 0.0178680419921875 0.225540161132813 0.0257720947265625
-0.00504112243652344 0.0199508666992188 0.22467041015625 0.234207153320313
-0.0275592803955078 -0.00272750854492187 -0.067718505859375 0.382781982421875
-0.0126152038574219 -0.0258884429931641 -0.39019775390625 0.276580810546875
0.0157108306884766 -0.000557899475097656 -0.36669921875 0.00231933593749996
0.0275726318359375 0.0244083404541016 0.0185279846191406 0.0542716979980469
0.0249271392822266 0.00670242309570313 0.438720703125 0.056121826171875
0.00522899627685547 -0.0115375518798828 0.428192138671875 -0.296905517578125
-0.0114498138427734 -0.00666522979736328 -0.000793457031249985 -0.4278564453125
-0.008514404296875 0.000185489654541015 -0.263046264648437 -0.185043334960938
0.00411462783813477 0.00816154479980469 -0.234939575195312 0.010650634765625
0.0143089294433594 0.00504302978515625 -0.0738143920898438 0.1036376953125
0.00778675079345703 -0.000817298889160156 0.0540771484375 0.0947647094726563
0.00836658477783203 -0.00567722320556641 -0.0240020751953125 -0.0910568237304688
0.0132007598876953 0.00918769836425781 0.118896484375 -0.0830154418945313
0.00928878784179688 0.0187416076660156 0.226409912109375 0.0271759033203125
-0.00489997863769531 0.0198574066162109 0.222427368164062 0.237396240234375
-0.0273303985595703 -0.00363540649414062 -0.073455810546875 0.38153076171875
-0.0112438201904297 -0.0254974365234375 -0.3929443359375 0.2706298828125
0.0171880722045898 -0.000569343566894531 -0.36663818359375 -0.000396728515624931
0.0291633605957031 0.0245552062988281 0.0215301513671875 0.0558738708496094
0.0258769989013672 0.00691795349121094 0.439971923828125 0.05078125
0.00595283508300781 -0.0112533569335938 0.422760009765625 -0.30194091796875
-0.0116519927978516 -0.00672340393066407 -0.00827026367187504 -0.4251708984375
-0.00871610641479492 0.000221252441406249 -0.266098022460938 -0.182403564453125
0.00421571731567383 0.00837278366088867 -0.2342529296875 0.0127716064453125
0.013615608215332 0.00551414489746094 -0.0736618041992187 0.1044921875
0.00621271133422852 -0.000671863555908203 0.0536727905273438 0.0959930419921875
0.0111122131347656 -0.00522518157958984 -0.0174484252929688 -0.0890045166015625
0.0140209197998047 0.00784206390380859 0.117507934570313 -0.0842056274414063
0.0127582550048828 0.0170068740844727 0.22723388671875 0.0263519287109375
-0.00505447387695313 0.0177879333496094 0.224609375 0.238357543945313
-0.0285472869873047 -0.00577926635742188 -0.069976806640625 0.385711669921875
-0.0102005004882813 -0.0268650054931641 -0.394561767578125 0.27740478515625
0.0256710052490234 0.000949859619140625 -0.3726806640625 -0.00106811523437493
0.0414581298828125 0.032470703125 0.0138473510742188 0.052276611328125
0.0334358215332031 0.0104713439941406 0.43450927734375 0.05157470703125
0.00668525695800781 -0.0132551193237305 0.425323486328125 -0.303314208984375
-0.0122556686401367 -0.00952434539794922 -0.00549316406249999 -0.435150146484375
-0.0100584030151367 -0.00210952758789062 -0.269332885742188 -0.18817138671875
0.00573062896728516 0.00616455078125 -0.240264892578125 0.00820922851562504
0.014775276184082 0.00400733947753906 -0.0789031982421875 0.101089477539062
0.00763416290283203 -0.000988960266113281 0.0506210327148437 0.0920867919921875
0.0112924575805664 -0.0053863525390625 -0.01885986328125 -0.0898513793945313
0.0140867233276367 0.00647449493408203 0.11663818359375 -0.0849533081054688
0.0122032165527344 0.017578125 0.228195190429687 0.024383544921875
-0.0047760009765625 0.0186347961425781 0.226806640625 0.23614501953125
-0.0287494659423828 -0.00535011291503907 -0.0638427734375 0.387115478515625
-0.0108165740966797 -0.0273056030273438 -0.388824462890625 0.2825927734375
0.0242481231689453 0.000209808349609375 -0.372802734375 0.00308227539062503
0.0397987365722656 0.0305595397949219 0.0121879577636719 0.0510902404785156
0.0322341918945313 0.00949668884277344 0.43499755859375 0.0543212890625
0.00662612915039063 -0.0126409530639648 0.42840576171875 -0.3017578125
-0.0128383636474609 -0.00874233245849609 -0.000274658203125044 -0.4349365234375
-0.00943565368652344 -0.00158119201660156 -0.266845703125 -0.190353393554688
0.00545263290405273 0.00679731369018555 -0.2406005859375 0.00738525390625004
0.0158472061157227 0.00311851501464844 -0.080169677734375 0.100189208984375
0.00924205780029297 -0.00160884857177734 0.04931640625 0.0913925170898438
0.0122613906860352 -0.00560951232910156 -0.0198211669921875 -0.0906600952148438
0.0153799057006836 0.00703716278076172 0.116096496582031 -0.08514404296875
0.0129022598266602 0.017364501953125 0.227981567382812 0.0230712890625
-0.0036468505859375 0.01953125 0.2294921875 0.234664916992187
-0.0284709930419922 -0.00415420532226562 -0.059173583984375 0.38763427734375
-0.0116844177246094 -0.0278549194335938 -0.38592529296875 0.28387451171875
0.0219211578369141 -0.000400543212890625 -0.372833251953125 0.00338745117187494
0.0357093811035156 0.0284652709960938 0.0103302001953125 0.0502128601074219
0.030303955078125 0.00847434997558594 0.435150146484375 0.05853271484375
0.00528430938720703 -0.0124645233154297 0.432281494140625 -0.297607421875
-0.0129308700561523 -0.00859928131103515 0.00341796874999998 -0.434661865234375
-0.00975704193115235 -0.0020599365234375 -0.264846801757813 -0.19171142578125
0.00512599945068359 0.00721836090087891 -0.240737915039063 0.00749206542968751
0.0157928466796875 0.00283718109130859 -0.08026123046875 0.101554870605469
0.00849056243896484 -0.00163412094116211 0.0496063232421875 0.0928497314453125
0.0127010345458984 -0.00598907470703125 -0.0207290649414063 -0.090179443359375
0.0139856338500977 0.00676345825195313 0.117027282714844 -0.08544921875
0.0124473571777344 0.0179080963134766 0.22943115234375 0.02276611328125
-0.00361251831054688 0.019989013671875 0.232833862304688 0.233383178710937
-0.0290603637695313 -0.00351524353027343 -0.058502197265625 0.38702392578125
-0.0132083892822266 -0.0266971588134766 -0.383819580078125 0.28424072265625
0.0188732147216797 -0.001312255859375 -0.37200927734375 0.00421142578124995
0.03375244140625 0.0270824432373047 0.010833740234375 0.0509185791015625
0.0282192230224609 0.00837516784667969 0.436187744140625 0.05926513671875
0.00522613525390625 -0.0122747421264648 0.43353271484375 -0.296966552734375
-0.0120639801025391 -0.00802326202392578 0.00457763671874999 -0.435455322265625
-0.00930404663085938 -0.00078868865966797 -0.2647705078125 -0.193099975585937
0.00476980209350586 0.00717973709106445 -0.239425659179688 0.00804138183593746
0.0149564743041992 0.00297164916992188 -0.0796890258789063 0.10235595703125
0.00986766815185547 -0.00242519378662109 0.0496673583984375 0.0929489135742188
0.0110969543457031 -0.00605201721191406 -0.02197265625 -0.0903472900390625
0.0148391723632813 0.00737476348876953 0.117118835449219 -0.0851058959960937
0.0121641159057617 0.0174503326416016 0.229873657226563 0.0230865478515625
-0.00458526611328125 0.0203399658203125 0.232131958007812 0.2344970703125
-0.0283050537109375 -0.00294876098632812 -0.058197021484375 0.387420654296875
-0.0135517120361328 -0.0267105102539063 -0.385498046875 0.284088134765625
0.0174779891967773 -0.00104331970214844 -0.371246337890625 0.00323486328124995
0.0307731628417969 0.0254592895507812 0.012298583984375 0.0519866943359375
0.0256423950195313 0.00720787048339844 0.43743896484375 0.059844970703125
0.00484657287597656 -0.0119733810424805 0.4346923828125 -0.29595947265625
-0.0121421813964844 -0.00749778747558594 0.00418090820312504 -0.435089111328125
-0.00936412811279297 -0.000903129577636717 -0.264495849609375 -0.1912841796875
0.00432968139648437 0.00767040252685547 -0.238937377929688 0.00837707519531248
0.0152187347412109 0.00291538238525391 -0.0792160034179688 0.102462768554688
0.0103445053100586 -0.00174713134765625 0.0502777099609375 0.0944366455078125
0.0108861923217773 -0.00574302673339844 -0.0221176147460937 -0.0902099609375
0.0148277282714844 0.00726127624511719 0.118644714355469 -0.0844955444335938
0.0114059448242188 0.0182533264160156 0.229873657226563 0.0248565673828125
-0.00420188903808594 0.0207767486572266 0.23016357421875 0.236114501953125
-0.0281600952148438 -0.00266456604003906 -0.06219482421875 0.38629150390625
-0.0134010314941406 -0.0263748168945313 -0.388275146484375 0.280792236328125
0.0164375305175781 -0.00185203552246094 -0.37091064453125 0.00241088867187507
0.0289840698242187 0.0250434875488281 0.014892578125 0.0527420043945313
0.0248928070068359 0.0073394775390625 0.4385986328125 0.0594482421875
0.00451564788818359 -0.0117616653442383 0.432952880859375 -0.2972412109375
-0.0118408203125 -0.0070037841796875 0.00329589843750003 -0.432525634765625
-0.00873184204101563 -0.000339508056640626 -0.264862060546875 -0.189620971679687
0.00414657592773438 0.00803756713867188 -0.238601684570313 0.00926208496093753
0.0145053863525391 0.00373744964599609 -0.0777740478515625 0.103813171386719
0.00903511047363281 -0.00171947479248047 0.0510177612304688 0.0956497192382813
0.00925827026367188 -0.00599575042724609 -0.0250015258789062 -0.0923385620117188
0.0147533416748047 0.00732231140136719 0.118408203125 -0.0861053466796875
0.0102176666259766 0.0187301635742188 0.2286376953125 0.0258331298828125
-0.00487899780273438 0.0201015472412109 0.228408813476562 0.236740112304687
-0.0280780792236328 -0.00269699096679688 -0.068145751953125 0.386077880859375
-0.0124950408935547 -0.0252246856689453 -0.395416259765625 0.279510498046875
0.0164957046508789 -0.00117301940917969 -0.370452880859375 0.00122070312499999
0.0286827087402344 0.0247268676757813 0.0178260803222656 0.0537872314453125
0.0251789093017578 0.006622314453125 0.442474365234375 0.054779052734375
0.00463199615478516 -0.011408805847168 0.432281494140625 -0.301513671875
-0.0121212005615234 -0.00605201721191407 -0.00186157226562495 -0.4312744140625
-0.00862979888916015 0.000245094299316405 -0.266281127929688 -0.186508178710937
0.00361442565917969 0.00752782821655273 -0.236740112304688 0.011474609375
0.0140590667724609 0.00402927398681641 -0.0753631591796875 0.104484558105469
0.00833559036254883 -0.000899314880371094 0.0550155639648437 0.0960540771484375
0.00827360153198242 -0.00587272644042969 -0.0239486694335938 -0.0922164916992188
0.0129880905151367 0.00921440124511719 0.119651794433594 -0.0843734741210938
0.00980758666992188 0.0191173553466797 0.228729248046875 0.0272064208984375
-0.00485038757324219 0.0197219848632813 0.224655151367188 0.23907470703125
-0.0272083282470703 -0.00378417968750001 -0.073699951171875 0.385406494140625
-0.0110111236572266 -0.0257759094238281 -0.3961181640625 0.274200439453125
0.0175628662109375 -3.24249267578125E-05 -0.369049072265625 -0.000549316406250041
0.0286521911621094 0.0250091552734375 0.0216445922851563 0.0556068420410156
0.0257587432861328 0.00731658935546875 0.443267822265625 0.052276611328125
0.00533771514892578 -0.0113534927368164 0.426361083984375 -0.30450439453125
-0.0113964080810547 -0.00716114044189453 -0.00817871093749999 -0.43035888671875
-0.00878620147705078 0.00029134750366211 -0.268646240234375 -0.1837158203125
0.00337648391723633 0.00782489776611328 -0.237228393554687 0.01336669921875
0.0135259628295898 0.00540065765380859 -0.0740127563476562 0.105781555175781
0.00673484802246094 -0.00124788284301758 0.0536575317382813 0.0964508056640625
0.0107240676879883 -0.00488567352294922 -0.0180206298828125 -0.0908126831054688
0.0150270462036133 0.00788402557373047 0.11846923828125 -0.086395263671875
0.0137004852294922 0.0177116394042969 0.230697631835938 0.0259246826171875
-0.00445938110351563 0.0181674957275391 0.227951049804688 0.239547729492188
-0.0287704467773438 -0.00612831115722656 -0.070159912109375 0.3912353515625
-0.0101222991943359 -0.0273799896240234 -0.39813232421875 0.282196044921875
0.0263500213623047 0.00178718566894531 -0.3765869140625 -0.00131225585937494
0.0415496826171875 0.032135009765625 0.013946533203125 0.0519981384277344
0.03375244140625 0.00939750671386719 0.4410400390625 0.052764892578125
0.00708770751953125 -0.0132627487182617 0.42987060546875 -0.309051513671875
-0.0131301879882812 -0.00944805145263672 -0.00686645507812503 -0.44091796875
-0.0099344253540039 -0.00173568725585937 -0.273086547851563 -0.18963623046875
0.00484132766723633 0.00623703002929687 -0.243728637695313 0.00897216796875001
0.0155372619628906 0.00377368927001953 -0.0800933837890625 0.101776123046875
0.00754213333129883 -0.000902175903320313 0.0518341064453125 0.092864990234375
0.0116291046142578 -0.00516510009765625 -0.0186233520507813 -0.0913009643554687
0.0156393051147461 0.00734138488769531 0.118667602539063 -0.087310791015625
0.0137672424316406 0.0175008773803711 0.230331420898438 0.024139404296875
-0.00397682189941406 0.0184116363525391 0.230178833007813 0.238937377929688
-0.0291023254394531 -0.00463294982910156 -0.06414794921875 0.39215087890625
-0.0111351013183594 -0.0277900695800781 -0.39300537109375 0.287078857421875
0.02325439453125 0.00058746337890625 -0.37677001953125 0.00228881835937505
0.03887939453125 0.0309638977050781 0.011505126953125 0.0507926940917969
0.0329608917236328 0.00931549072265625 0.43841552734375 0.053466796875
0.00652122497558594 -0.0128679275512695 0.432830810546875 -0.3048095703125
-0.0132732391357422 -0.00867557525634765 -0.00134277343750001 -0.439605712890625
-0.00956058502197266 -0.002105712890625 -0.270065307617188 -0.191986083984375
0.00494766235351563 0.00570011138916016 -0.243728637695313 0.00895690917968755
0.0158939361572266 0.00309467315673828 -0.0804672241210938 0.101768493652344
0.00881481170654297 -0.00122451782226562 0.0511703491210937 0.0934524536132813
0.0114889144897461 -0.00564670562744141 -0.0203399658203125 -0.0914535522460937
0.0143461227416992 0.00682163238525391 0.117469787597656 -0.0879135131835937
0.0129013061523438 0.0169878005981445 0.231185913085938 0.0221099853515625
-0.00400352478027344 0.0194339752197266 0.233734130859375 0.236114501953125
-0.0291290283203125 -0.00332832336425781 -0.05987548828125 0.392852783203125
-0.0126209259033203 -0.0270824432373047 -0.39080810546875 0.288543701171875
0.0218219757080078 -0.000415802001953125 -0.37640380859375 0.00311279296874997
0.0356292724609375 0.0297660827636719 0.0102806091308594 0.0501670837402344
0.0298213958740234 0.00838279724121094 0.4388427734375 0.05853271484375
0.00577259063720703 -0.0131902694702148 0.435821533203125 -0.30218505859375
-0.0126609802246094 -0.00868320465087891 0.00189208984374996 -0.441497802734375
-0.00903797149658203 -0.00167083740234375 -0.27008056640625 -0.193801879882813
0.00477838516235352 0.00668764114379883 -0.243270874023438 0.00814819335937498
0.0154762268066406 0.00328159332275391 -0.0808334350585937 0.103523254394531
0.00955677032470703 -0.00189495086669922 0.0513229370117188 0.0943527221679688
0.0126409530639648 -0.00531673431396484 -0.0211257934570312 -0.0906448364257813
0.0147571563720703 0.00674247741699219 0.118385314941406 -0.0864944458007813
0.0126228332519531 0.0177459716796875 0.231964111328125 0.0218505859375
-0.00368118286132813 0.0195770263671875 0.2354736328125 0.233871459960938
-0.0293102264404297 -0.00302886962890626 -0.0577392578125 0.39093017578125
-0.0137767791748047 -0.026153564453125 -0.3880615234375 0.287811279296875
0.0188827514648438 -0.000562667846679687 -0.376617431640625 0.00497436523437494
0.0335044860839844 0.0278053283691406 0.010528564453125 0.0511245727539062
0.0282993316650391 0.00800514221191406 0.439849853515625 0.05938720703125
0.004913330078125 -0.0127716064453125 0.436248779296875 -0.2991943359375
-0.0119113922119141 -0.00792121887207031 0.00326538085937498 -0.440460205078125
-0.00895595550537109 -0.000467300415039062 -0.268417358398438 -0.193893432617187
0.00465536117553711 0.00669002532958984 -0.241790771484375 0.00854492187499999
0.0157928466796875 0.00227165222167969 -0.0810775756835938 0.104103088378906
0.0106906890869141 -0.00138473510742187 0.0509490966796875 0.0944290161132813
0.0111274719238281 -0.00572586059570313 -0.0217437744140625 -0.0908203125
0.0147838592529297 0.00744533538818359 0.118400573730469 -0.08673095703125
0.0125732421875 0.0185756683349609 0.232269287109375 0.0224761962890625
-0.00379371643066406 0.0203170776367188 0.235427856445312 0.235214233398438
-0.0285530090332031 -0.00315666198730468 -0.058929443359375 0.391754150390625
-0.0140876770019531 -0.0262527465820312 -0.3900146484375 0.287933349609375
0.0171937942504883 -0.00159835815429687 -0.376068115234375 0.00405883789062494
0.0308132171630859 0.0257968902587891 0.0123786926269531 0.0517311096191406
0.0260868072509766 0.00790214538574219 0.44232177734375 0.060821533203125
0.0048065185546875 -0.0121641159057617 0.43817138671875 -0.30029296875
-0.0118865966796875 -0.0076446533203125 0.00344848632812504 -0.440032958984375
-0.00901412963867188 -9.44137573242193E-05 -0.26800537109375 -0.19219970703125
0.00434017181396484 0.00722074508666992 -0.242691040039063 0.00914001464843755
0.0152006149291992 0.00350189208984375 -0.0796661376953125 0.104621887207031
0.00997829437255859 -0.00169658660888672 0.0517730712890625 0.0959014892578125
0.010951042175293 -0.00548267364501953 -0.0219192504882813 -0.0919876098632812
0.0147590637207031 0.00775527954101563 0.120262145996094 -0.0863800048828125
0.0112533569335937 0.0185394287109375 0.23291015625 0.023284912109375
-0.00408744812011719 0.0201778411865234 0.232696533203125 0.237884521484375
-0.0281963348388672 -0.00304603576660157 -0.062408447265625 0.39111328125
-0.0132598876953125 -0.0260658264160156 -0.39306640625 0.284698486328125
0.0166769027709961 -0.00182533264160156 -0.375762939453125 0.00274658203125002
0.0290966033935547 0.0247459411621094 0.0147476196289063 0.0530548095703125
0.0251235961914062 0.00766754150390625 0.44476318359375 0.058441162109375
0.00459575653076172 -0.0119285583496094 0.436065673828125 -0.301605224609375
-0.0119876861572266 -0.00765800476074219 0.00128173828125003 -0.43707275390625
-0.00894260406494141 0.000304222106933595 -0.268951416015625 -0.190780639648438
0.00411176681518555 0.00793790817260742 -0.241897583007813 0.010406494140625
0.014735221862793 0.00303840637207031 -0.0789260864257813 0.105712890625
0.00952911376953125 -0.00122547149658203 0.051666259765625 0.0966415405273438
0.00917148590087891 -0.00624465942382813 -0.0257720947265625 -0.0938644409179688
0.0143041610717773 0.00796127319335937 0.119903564453125 -0.0880813598632813
0.0100727081298828 0.0184879302978516 0.231216430664062 0.0245208740234375
-0.00479316711425781 0.020355224609375 0.230484008789062 0.238937377929688
-0.0285263061523438 -0.00270271301269531 -0.0679931640625 0.391326904296875
-0.0125083923339844 -0.0252857208251953 -0.397613525390625 0.284088134765625
0.0165548324584961 -0.000631332397460938 -0.37457275390625 0.00143432617187503
0.0281696319580078 0.0251827239990234 0.0176467895507813 0.0540199279785156
0.0251445770263672 0.006622314453125 0.446685791015625 0.055633544921875
0.00550556182861328 -0.0108909606933594 0.43603515625 -0.305145263671875
-0.0120830535888672 -0.00716209411621093 -0.00204467773437496 -0.435882568359375
-0.00871419906616211 -0.000181674957275392 -0.26947021484375 -0.187850952148438
0.00389766693115234 0.00823593139648437 -0.24005126953125 0.011810302734375
0.0138826370239258 0.00454902648925781 -0.0762557983398438 0.106658935546875
0.00894546508789063 -0.000911712646484375 0.055877685546875 0.0968856811523438
0.00777959823608399 -0.00644683837890625 -0.0242919921875 -0.0937881469726563
0.0133504867553711 0.00930595397949219 0.12139892578125 -0.0864028930664063
0.00998306274414063 0.0190086364746094 0.231216430664063 0.0261993408203125
-0.00518608093261719 0.0201282501220703 0.22784423828125 0.240615844726563
-0.0274887084960938 -0.00356674194335937 -0.07318115234375 0.390350341796875
-0.0121135711669922 -0.0251121520996094 -0.4000244140625 0.278106689453125
0.0174713134765625 -0.000510215759277344 -0.373626708984375 -9.15527343749313E-05
0.0292472839355469 0.0249862670898438 0.0210304260253906 0.0560226440429687
0.0253181457519531 0.00733757019042969 0.4481201171875 0.051727294921875
0.00564670562744141 -0.010838508605957 0.43035888671875 -0.308685302734375
-0.0115156173706055 -0.00644874572753906 -0.010467529296875 -0.434722900390625
-0.00908470153808594 -0.000100135803222656 -0.271926879882813 -0.18487548828125
0.00365638732910156 0.00800466537475586 -0.239608764648438 0.01434326171875
0.0132217407226563 0.00507164001464844 -0.0750656127929688 0.107269287109375
0.0070037841796875 -0.000964164733886719 0.0550384521484375 0.09832763671875
0.0106096267700195 -0.00590229034423828 -0.0175857543945313 -0.0929336547851563
0.0144157409667969 0.00777244567871094 0.118759155273438 -0.087860107421875
0.0142822265625 0.0174665451049805 0.233718872070313 0.0250701904296875
-0.00520896911621094 0.0178165435791016 0.232086181640625 0.24139404296875
-0.0302658081054688 -0.00566482543945312 -0.068817138671875 0.397186279296875
-0.00972938537597656 -0.0271339416503906 -0.402801513671875 0.287750244140625
0.0263195037841797 0.00099945068359375 -0.380950927734375 0.00030517578125005
0.0412368774414063 0.0321273803710938 0.0135841369628906 0.0521659851074219
0.0344352722167969 0.0103797912597656 0.444244384765625 0.051605224609375
0.00703716278076172 -0.0130577087402344 0.432373046875 -0.313690185546875
-0.0133285522460938 -0.00894927978515625 -0.00997924804687502 -0.445068359375
-0.0110092163085938 -0.00253582000732422 -0.277755737304688 -0.1903076171875
0.00482368469238281 0.00656652450561523 -0.246414184570312 0.0114288330078125
0.0147418975830078 0.00311279296875 -0.0808944702148437 0.10430908203125
0.00856161117553711 -0.00140762329101563 0.052978515625 0.0946426391601562
0.0118227005004883 -0.00537204742431641 -0.0187530517578125 -0.0919647216796875
0.0144224166870117 0.00712966918945313 0.119285583496094 -0.08856201171875
0.0136098861694336 0.0168180465698242 0.234298706054688 0.0235595703125
-0.00408935546875 0.0188083648681641 0.234512329101563 0.239227294921875
-0.0294513702392578 -0.00504112243652343 -0.063720703125 0.39697265625
-0.0117263793945312 -0.0272579193115234 -0.3975830078125 0.29095458984375
0.0250282287597656 0.0005340576171875 -0.382598876953125 0.00476074218750004
0.0400238037109375 0.0309219360351562 0.0113487243652344 0.05181884765625
0.0323810577392578 0.00941658020019531 0.44366455078125 0.054290771484375
0.00641822814941406 -0.0136795043945313 0.43646240234375 -0.311187744140625
-0.013035774230957 -0.00979709625244141 -0.004058837890625 -0.445281982421875
-0.00987148284912109 -0.00168991088867188 -0.275344848632812 -0.192794799804688
0.00456571578979492 0.00715494155883789 -0.24737548828125 0.0101318359375001
0.0158586502075195 0.00283527374267578 -0.0815658569335938 0.103988647460937
0.00883674621582031 -0.000909805297851562 0.0515213012695313 0.0943222045898438
0.0129671096801758 -0.00519561767578125 -0.0209732055664062 -0.0931243896484375
0.0148429870605469 0.00624847412109375 0.119033813476563 -0.090057373046875
0.0146732330322266 0.0180072784423828 0.23455810546875 0.021453857421875
-0.00297164916992188 0.0192317962646484 0.23773193359375 0.236907958984375
-0.0292186737060547 -0.004791259765625 -0.058807373046875 0.397552490234375
-0.0127143859863281 -0.0268516540527344 -0.39349365234375 0.29302978515625
0.0225677490234375 -0.000827789306640625 -0.380126953125 0.005584716796875
0.0369033813476563 0.0287208557128906 0.00998687744140625 0.0507850646972656
0.0299110412597656 0.008880615234375 0.4444580078125 0.056182861328125
0.00546932220458985 -0.0122241973876953 0.438934326171875 -0.30810546875
-0.0128860473632813 -0.00866889953613281 -0.000396728515625007 -0.445037841796875
-0.00985527038574219 -0.00132846832275391 -0.273193359375 -0.194747924804688
0.00437688827514649 0.00651025772094727 -0.246566772460938 0.0102386474609375
0.0155000686645508 0.00299644470214844 -0.081695556640625 0.105400085449219
0.0101308822631836 -0.00145149230957031 0.052093505859375 0.0950775146484375
0.0125694274902344 -0.00561332702636719 -0.0214996337890625 -0.0922775268554688
0.0151338577270508 0.00716304779052734 0.119865417480469 -0.0888900756835938
0.013336181640625 0.0175876617431641 0.234710693359375 0.0208282470703125
-0.00330162048339844 0.0196285247802734 0.238998413085937 0.236373901367187
-0.0292491912841797 -0.00262069702148437 -0.056854248046875 0.3973388671875
-0.0133018493652344 -0.02581787109375 -0.3924560546875 0.29400634765625
0.0202064514160156 -0.001190185546875 -0.380218505859375 0.00610351562500004
0.0336246490478516 0.0275669097900391 0.00997161865234375 0.0507774353027344
0.0277328491210937 0.00876617431640625 0.445098876953125 0.058807373046875
0.0046844482421875 -0.0124044418334961 0.44140625 -0.3067626953125
-0.012786865234375 -0.00769805908203125 0.00131225585937496 -0.445404052734375
-0.00940036773681641 -0.00112724304199219 -0.272308349609375 -0.194854736328125
0.00502872467041016 0.00686740875244141 -0.2451171875 0.00964355468749995
0.0151166915893555 0.00299739837646484 -0.0813446044921875 0.105606079101563
0.0113048553466797 -0.00214576721191406 0.05206298828125 0.09588623046875
0.0114288330078125 -0.0056304931640625 -0.022247314453125 -0.093109130859375
0.0152597427368164 0.00732231140136719 0.119865417480469 -0.0892868041992188
0.0134525299072266 0.0176773071289063 0.235946655273437 0.0223236083984375
-0.0040283203125 0.0207080841064453 0.239715576171875 0.2376708984375
-0.0292682647705078 -0.00271797180175781 -0.0581054687500001 0.3963623046875
-0.0144138336181641 -0.0266799926757813 -0.392913818359375 0.293243408203125
0.0179901123046875 -0.00184059143066406 -0.380401611328125 0.00531005859374992
0.0312995910644531 0.0257682800292969 0.0118637084960938 0.0519371032714844
0.0263328552246094 0.00768089294433594 0.44708251953125 0.058807373046875
0.00404834747314453 -0.0121135711669922 0.44122314453125 -0.3057861328125
-0.0124845504760742 -0.00746917724609375 0.00128173828125001 -0.444122314453125
-0.00962448120117188 -0.000681877136230468 -0.273178100585938 -0.192703247070312
0.00445699691772461 0.00723981857299805 -0.245895385742188 0.0112762451171875
0.0148067474365234 0.00288581848144531 -0.0814361572265625 0.106651306152344
0.0108709335327148 -0.00211524963378906 0.0528182983398437 0.0974349975585937
0.0108451843261719 -0.00612926483154297 -0.0230789184570313 -0.092926025390625
0.0152988433837891 0.00774097442626953 0.120979309082031 -0.08819580078125
0.0121879577636719 0.0182361602783203 0.236038208007813 0.02264404296875
-0.00356101989746094 0.0202541351318359 0.237197875976563 0.2392578125
-0.0286769866943359 -0.00258445739746093 -0.061981201171875 0.39605712890625
-0.01409912109375 -0.0255870819091797 -0.39599609375 0.2904052734375
0.0170803070068359 -0.00173568725585938 -0.380126953125 0.00286865234375003
0.0296497344970703 0.0244007110595703 0.0149993896484375 0.0527534484863281
0.0254497528076172 0.00741767883300781 0.4490966796875 0.057159423828125
0.00408172607421875 -0.011622428894043 0.4403076171875 -0.306396484375
-0.0122604370117188 -0.00735950469970703 -0.000946044921874986 -0.44256591796875
-0.00923347473144531 -0.000753402709960938 -0.2730712890625 -0.190963745117187
0.00333309173583984 0.00774860382080078 -0.244827270507812 0.011749267578125
0.0148324966430664 0.00393581390380859 -0.0798416137695313 0.107200622558594
0.00963115692138672 -0.00214958190917969 0.053192138671875 0.098358154296875
0.00924777984619141 -0.00644874572753906 -0.0254364013671875 -0.0950088500976562
0.0145530700683594 0.00816917419433594 0.120903015136719 -0.0898590087890625
0.0109500885009766 0.0188350677490234 0.234588623046875 0.0231781005859375
-0.00400924682617187 0.0198478698730469 0.234100341796875 0.239883422851563
-0.0287456512451172 -0.00237083435058594 -0.06805419921875 0.39581298828125
-0.0133838653564453 -0.0250759124755859 -0.401031494140625 0.288604736328125
0.0166482925415039 -0.00112628936767578 -0.37939453125 0.00222778320312503
0.028411865234375 0.0248317718505859 0.017974853515625 0.0545196533203125
0.0252094268798828 0.00692367553710938 0.45166015625 0.05389404296875
0.00466537475585937 -0.0110492706298828 0.440093994140625 -0.3114013671875
-0.011744499206543 -0.00685310363769531 -0.00558471679687504 -0.4420166015625
-0.00923442840576172 -6.96182250976583E-05 -0.273605346679688 -0.188339233398438
0.00316286087036133 0.00792264938354492 -0.243118286132813 0.0141143798828125
0.0140933990478516 0.00443458557128906 -0.0769729614257812 0.108230590820312
0.00929450988769531 -0.000514984130859375 0.0568008422851563 0.0991058349609375
0.00824737548828125 -0.00626897811889648 -0.0246963500976563 -0.0947799682617188
0.0136709213256836 0.00909423828125 0.122207641601563 -0.088287353515625
0.00999641418457031 0.0190467834472656 0.23468017578125 0.0258331298828125
-0.00446701049804688 0.0201301574707031 0.231246948242187 0.243499755859375
-0.0283775329589844 -0.003143310546875 -0.07275390625 0.395721435546875
-0.0115318298339844 -0.0251350402832031 -0.405181884765625 0.283660888671875
0.0180530548095703 -0.00083160400390625 -0.37762451171875 0.000549316406249952
0.0292930603027344 0.0249519348144531 0.0217247009277344 0.0565185546875
0.0257225036621094 0.00711441040039062 0.4530029296875 0.04998779296875
0.0053558349609375 -0.0114383697509766 0.433624267578125 -0.314727783203125
-0.0115909576416016 -0.00711917877197266 -0.01202392578125 -0.439605712890625
-0.00969028472900391 -0.000406265258789063 -0.27740478515625 -0.184707641601562
0.00269174575805664 0.00837993621826172 -0.243515014648437 0.0161895751953125
0.0135335922241211 0.00594520568847656 -0.0757293701171875 0.10882568359375
0.00718069076538086 -0.00102806091308594 0.0556411743164063 0.10003662109375
0.0110988616943359 -0.00502395629882813 -0.017852783203125 -0.0937576293945313
0.0144748687744141 0.00864315032958984 0.120292663574219 -0.0908355712890625
0.0145606994628906 0.0174837112426758 0.236770629882813 0.0229949951171875
-0.00370407104492188 0.0177040100097656 0.236282348632813 0.241668701171875
-0.02996826171875 -0.00586509704589844 -0.06781005859375 0.40289306640625
-0.0110664367675781 -0.0271148681640625 -0.404052734375 0.2947998046875
0.0268707275390625 0.000812530517578125 -0.386810302734375 0.00402832031249994
0.0422286987304688 0.0325927734375 0.0136604309082031 0.0528907775878906
0.034576416015625 0.009918212890625 0.44921875 0.047607421875
0.00616645812988281 -0.0130929946899414 0.433868408203125 -0.32049560546875
-0.0132522583007813 -0.00983810424804688 -0.014434814453125 -0.449462890625
-0.0112495422363281 -0.00244235992431641 -0.28265380859375 -0.190399169921875
0.00489568710327148 0.00655269622802734 -0.250091552734375 0.014129638671875
0.0140981674194336 0.00382232666015625 -0.0815582275390625 0.1064453125
0.0083155632019043 -0.00131988525390625 0.05438232421875 0.0949935913085938
0.0117864608764648 -0.00523090362548828 -0.01947021484375 -0.0933685302734375
0.0158252716064453 0.00721836090087891 0.119766235351562 -0.0918807983398437
0.0149784088134766 0.0169897079467773 0.23736572265625 0.0205230712890625
-0.00346755981445313 0.0187282562255859 0.239181518554688 0.239898681640625
-0.0297336578369141 -0.00457763671875001 -0.062255859375 0.4033203125
-0.0120029449462891 -0.0264968872070313 -0.400146484375 0.298431396484375
0.0258140563964844 0.000505447387695313 -0.386016845703125 0.00656127929687504
0.0397415161132813 0.0308265686035156 0.0104103088378906 0.0512809753417969
0.0324058532714844 0.0101222991943359 0.449737548828125 0.05206298828125
0.00636768341064453 -0.0129756927490234 0.439544677734375 -0.3184814453125
-0.0138511657714844 -0.00880050659179688 -0.00823974609374995 -0.450225830078125
-0.0102176666259766 -0.00155067443847656 -0.280517578125 -0.1925048828125
0.00447225570678711 0.00732040405273437 -0.250274658203125 0.0131988525390625
0.0156097412109375 0.00342464447021484 -0.0826339721679687 0.106460571289063
0.00962734222412109 -0.00191783905029297 0.0537261962890625 0.095489501953125
0.0126171112060547 -0.00604534149169922 -0.02081298828125 -0.0935134887695313
0.0153484344482422 0.00601100921630859 0.119743347167969 -0.092132568359375
0.0143108367919922 0.0173196792602539 0.23785400390625 0.0193023681640625
-0.0034637451171875 0.0196418762207031 0.243270874023438 0.237411499023438
-0.0305385589599609 -0.00274467468261718 -0.055755615234375 0.402801513671875
-0.0128688812255859 -0.0266685485839844 -0.39630126953125 0.3001708984375
0.0229225158691406 -0.00133132934570313 -0.3853759765625 0.00704956054687502
0.0374107360839844 0.0289649963378906 0.0103111267089844 0.0502777099609375
0.0304069519042969 0.00983238220214844 0.449188232421875 0.054779052734375
0.00521087646484375 -0.0126743316650391 0.441009521484375 -0.314849853515625
-0.012939453125 -0.00908279418945312 -0.00482177734374999 -0.450897216796875
-0.0111217498779297 -0.00175857543945313 -0.279541015625 -0.193283081054688
0.00512313842773438 0.00757837295532227 -0.249267578125 0.0126953124999999
0.0153360366821289 0.00271129608154297 -0.082763671875 0.106597900390625
0.0102863311767578 -0.00176525115966797 0.053497314453125 0.0966873168945313
0.0119285583496094 -0.00572490692138672 -0.022308349609375 -0.093414306640625
0.0150308609008789 0.00682544708251953 0.119857788085938 -0.0928192138671875
0.0131845474243164 0.0167779922485352 0.238067626953125 0.0185546875
-0.00303459167480469 0.0204334259033203 0.244293212890625 0.236923217773437
-0.0303802490234375 -0.00296211242675781 -0.054840087890625 0.40264892578125
-0.0147228240966797 -0.0268020629882813 -0.39453125 0.300750732421875
0.0201148986816406 -0.00200653076171875 -0.386016845703125 0.00799560546875001
0.0336017608642578 0.0270748138427734 0.0100746154785156 0.0512847900390625
0.0279006958007813 0.00856399536132813 0.450439453125 0.055999755859375
0.00555801391601562 -0.0120687484741211 0.44366455078125 -0.31390380859375
-0.0134124755859375 -0.00847434997558594 -0.00167846679687499 -0.449859619140625
-0.00937747955322266 -0.00118160247802734 -0.276962280273438 -0.194564819335937
0.00487565994262695 0.00705575942993164 -0.249282836914062 0.0129547119140625
0.0153293609619141 0.00263023376464844 -0.0832290649414063 0.107879638671875
0.0110816955566406 -0.00230026245117188 0.0534744262695313 0.0970458984375
0.0111160278320313 -0.00557613372802734 -0.0229873657226563 -0.0944671630859375
0.015507698059082 0.00685310363769531 0.120353698730469 -0.0919418334960938
0.0138053894042969 0.0179004669189453 0.239181518554688 0.019195556640625
-0.00287818908691406 0.0204315185546875 0.244644165039062 0.237884521484375
-0.0293521881103516 -0.00188827514648438 -0.0560302734375 0.402740478515625
-0.0144424438476562 -0.0251445770263672 -0.395721435546875 0.300384521484375
0.0177898406982422 -0.00199508666992187 -0.385986328125 0.00723266601562503
0.0312118530273438 0.0256156921386719 0.0122451782226562 0.0516891479492187
0.0266952514648438 0.00740623474121094 0.452667236328125 0.056488037109375
0.00361728668212891 -0.0120277404785156 0.443084716796875 -0.3138427734375
-0.0124340057373047 -0.00770282745361328 -0.00296020507812496 -0.450286865234375
-0.00972557067871094 -0.00103473663330078 -0.277420043945313 -0.192840576171875
0.00362730026245117 0.00727510452270508 -0.248428344726562 0.013336181640625
0.0156469345092773 0.00300502777099609 -0.0813980102539063 0.108848571777344
0.0107498168945313 -0.00149250030517578 0.0540542602539063 0.0983963012695312
0.0108003616333008 -0.00577640533447266 -0.0235366821289063 -0.0952911376953125
0.0151309967041016 0.00759601593017578 0.121856689453125 -0.0908660888671875
0.0125579833984375 0.0183563232421875 0.2386474609375 0.021087646484375
-0.00342559814453125 0.0208740234375 0.242645263671875 0.240554809570313
-0.0294589996337891 -0.00225639343261719 -0.059906005859375 0.402008056640625
-0.0147533416748047 -0.0253334045410156 -0.399078369140625 0.2974853515625
0.0168437957763672 -0.001800537109375 -0.384368896484375 0.00677490234374993
0.0291213989257813 0.0242977142333984 0.0150794982910156 0.0529403686523438
0.0249900817871094 0.00744819641113281 0.453643798828125 0.055511474609375
0.00424289703369141 -0.01141357421875 0.443145751953125 -0.314849853515625
-0.0123739242553711 -0.00783824920654297 -0.00479125976562501 -0.44744873046875
-0.00938129425048828 -4.67300415039049E-05 -0.278228759765625 -0.19085693359375
0.00353479385375977 0.00771284103393555 -0.247665405273438 0.014404296875
0.0145435333251953 0.00343132019042969 -0.0806808471679688 0.1102294921875
0.00999546051025391 -0.00134372711181641 0.0546112060546875 0.0991363525390625
0.00919914245605469 -0.00643253326416016 -0.02642822265625 -0.0963287353515625
0.0146942138671875 0.00756263732910156 0.121345520019531 -0.0929641723632813
0.0111980438232422 0.0182628631591797 0.237533569335938 0.022247314453125
-0.00359535217285156 0.0203189849853516 0.241165161132813 0.24029541015625
-0.0284862518310547 -0.00219345092773438 -0.065338134765625 0.40289306640625
-0.0132427215576172 -0.0244998931884766 -0.405242919921875 0.2960205078125
0.0170907974243164 -0.00075531005859375 -0.383941650390625 0.00448608398437498
0.0287342071533203 0.0240974426269531 0.0175323486328125 0.0544815063476563
0.0254058837890625 0.00754928588867187 0.456817626953125 0.051910400390625
0.00438499450683594 -0.0112781524658203 0.44232177734375 -0.317718505859375
-0.0123348236083984 -0.00692462921142578 -0.00903320312500001 -0.44708251953125
-0.0101604461669922 5.72204589843769E-05 -0.27886962890625 -0.188034057617187
0.00316143035888672 0.00790977478027344 -0.24658203125 0.0163421630859375
0.0142593383789063 0.00431346893310547 -0.0774307250976563 0.110549926757812
0.00928783416748047 -0.00157928466796875 0.0587234497070312 0.099456787109375
0.00796937942504883 -0.00681543350219727 -0.0251083374023437 -0.0961380004882812
0.0138711929321289 0.00915813446044922 0.123428344726563 -0.0912628173828125
0.0113887786865234 0.0188694000244141 0.238311767578125 0.023162841796875
-0.00394058227539063 0.0199413299560547 0.236785888671875 0.244232177734375
-0.0288448333740234 -0.0033111572265625 -0.0718994140625001 0.401275634765625
-0.0121574401855469 -0.0248432159423828 -0.40692138671875 0.290191650390625
0.0177993774414063 -0.000337600708007813 -0.38299560546875 0.00320434570312493
0.0300559997558594 0.0248699188232422 0.0217247009277344 0.0560569763183594
0.0263938903808594 0.00707054138183594 0.458251953125 0.04833984375
0.00447559356689453 -0.0110750198364258 0.43609619140625 -0.322540283203125
-0.0122776031494141 -0.00681400299072266 -0.01641845703125 -0.44512939453125
-0.0100917816162109 3.43322753906253E-05 -0.282012939453125 -0.1842041015625
0.00323867797851563 0.00835227966308594 -0.246200561523438 0.01898193359375
0.0138120651245117 0.00522994995117188 -0.0761260986328125 0.110992431640625
0.00763654708862305 -0.000853061676025391 0.0579071044921875 0.100898742675781
0.0110378265380859 -0.00531005859375 -0.0193023681640625 -0.0953598022460938
0.0149192810058594 0.00787639617919922 0.121322631835938 -0.09356689453125
0.0148897171020508 0.0175580978393555 0.239913940429687 0.02032470703125
-0.0031890869140625 0.0176734924316406 0.24188232421875 0.242294311523437
-0.0306816101074219 -0.00414466857910157 -0.064300537109375 0.408538818359375
-0.0113296508789063 -0.0266590118408203 -0.406646728515625 0.30206298828125
0.0279102325439453 0.0009918212890625 -0.390960693359375 0.00845336914062503
0.0421829223632812 0.031463623046875 0.0140190124511719 0.0522499084472656
0.0345649719238281 0.0104408264160156 0.454681396484375 0.0460205078125
0.00691318511962891 -0.0123519897460937 0.436370849609375 -0.329559326171875
-0.0136690139770508 -0.00972175598144531 -0.018646240234375 -0.45440673828125
-0.0108671188354492 -0.00249671936035156 -0.2869873046875 -0.188995361328125
0.00481939315795898 0.0062251091003418 -0.253021240234375 0.0167694091796874
0.0150814056396484 0.00376319885253906 -0.0822906494140625 0.108543395996094
0.00876712799072266 -0.00162982940673828 0.0563278198242188 0.0965194702148437
0.0117607116699219 -0.00502681732177734 -0.0206146240234375 -0.0950698852539062
0.0155467987060547 0.00802040100097656 0.120635986328125 -0.0940704345703125
0.0154294967651367 0.0169029235839844 0.240249633789063 0.0187530517578125
-0.00346565246582031 0.0183639526367188 0.244644165039063 0.240646362304688
-0.0309352874755859 -0.00361251831054688 -0.058502197265625 0.408203125
-0.0123443603515625 -0.0268115997314453 -0.4014892578125 0.3074951171875
0.0255336761474609 -0.0005950927734375 -0.390594482421875 0.00869750976562494
0.0400733947753906 0.0306968688964844 0.0116424560546875 0.0513343811035156
0.0328445434570313 0.00926399230957031 0.45318603515625 0.046905517578125
0.00485420227050781 -0.0126829147338867 0.4393310546875 -0.326019287109375
-0.0134143829345703 -0.00989723205566406 -0.013671875 -0.455230712890625
-0.0107202529907227 -0.00134944915771484 -0.285491943359375 -0.1912841796875
0.00440454483032226 0.00717735290527344 -0.253952026367188 0.0160980224609375
0.0151071548461914 0.00274753570556641 -0.0826950073242188 0.10943603515625
0.00994110107421875 -0.00222969055175781 0.0549850463867188 0.09600830078125
0.0122079849243164 -0.00531101226806641 -0.0218658447265625 -0.0959091186523437
0.0156440734863281 0.00679302215576172 0.120109558105469 -0.0957717895507812
0.0149412155151367 0.0168924331665039 0.241043090820313 0.0163116455078125
-0.0028076171875 0.0195083618164063 0.247329711914063 0.2371826171875
-0.0306720733642578 -0.00339698791503906 -0.0538330078125 0.4095458984375
-0.013427734375 -0.0263137817382813 -0.396697998046875 0.3084716796875
0.0221023559570313 -0.00129318237304688 -0.39019775390625 0.011810302734375
0.0375938415527344 0.0289077758789063 0.00973129272460938 0.0505638122558594
0.0303306579589844 0.00950241088867187 0.453857421875 0.05084228515625
0.00524616241455078 -0.0127248764038086 0.44329833984375 -0.3228759765625
-0.0139255523681641 -0.00841903686523438 -0.00875854492187502 -0.45513916015625
-0.0101652145385742 -0.00104999542236328 -0.28369140625 -0.192352294921875
0.00452899932861328 0.00758552551269531 -0.253021240234375 0.0162200927734375
0.0162343978881836 0.00268363952636719 -0.0829391479492188 0.109405517578125
0.0104522705078125 -0.00215911865234375 0.0556259155273437 0.0974197387695313
0.0129194259643555 -0.00591564178466797 -0.0233993530273438 -0.0957794189453125
0.0154342651367187 0.00701904296875 0.120193481445313 -0.09521484375
0.0150766372680664 0.017481803894043 0.241744995117187 0.01629638671875
-0.00252914428710938 0.0201892852783203 0.24920654296875 0.236968994140625
-0.0302257537841797 -0.00259017944335938 -0.052215576171875 0.408447265625
-0.0145626068115234 -0.0254631042480469 -0.3961181640625 0.3067626953125
0.0196151733398437 -0.00203514099121094 -0.389923095703125 0.0109863281250001
0.0338897705078125 0.0263957977294922 0.0102005004882813 0.0512313842773438
0.0283241271972656 0.0086669921875 0.45648193359375 0.052825927734375
0.00450515747070313 -0.0116128921508789 0.4444580078125 -0.322021484375
-0.0127782821655273 -0.00859546661376953 -0.00790405273437505 -0.45654296875
-0.00993919372558594 -0.000734329223632813 -0.282989501953125 -0.19256591796875
0.00475168228149414 0.00752592086791992 -0.253036499023438 0.015289306640625
0.0148801803588867 0.00205802917480469 -0.0829010009765625 0.110244750976562
0.0115804672241211 -0.00235176086425781 0.05560302734375 0.09832763671875
0.0113611221313477 -0.00625228881835938 -0.0242156982421875 -0.0958709716796875
0.0151786804199219 0.00731372833251953 0.120979309082031 -0.094329833984375
0.0144062042236328 0.0178508758544922 0.242156982421875 0.016937255859375
-0.00292396545410156 0.0205726623535156 0.248641967773438 0.238296508789063
-0.0299091339111328 -0.00181770324707032 -0.052398681640625 0.407135009765625
-0.015045166015625 -0.02545166015625 -0.39569091796875 0.307861328125
0.0180873870849609 -0.00268936157226563 -0.389556884765625 0.0110778808593749
0.031341552734375 0.0252170562744141 0.0124130249023438 0.0520133972167969
0.0262908935546875 0.00791358947753906 0.4569091796875 0.053070068359375
0.00383281707763672 -0.0117740631103516 0.44537353515625 -0.320098876953125
-0.0135393142700195 -0.00796794891357422 -0.00787353515624996 -0.45367431640625
-0.00991439819335938 -0.000211715698242188 -0.282501220703125 -0.192047119140625
0.00410079956054688 0.00711393356323242 -0.251205444335938 0.0157470703125
0.015101432800293 0.00310516357421875 -0.0823287963867188 0.111564636230469
0.0109357833862305 -0.00208473205566406 0.0556869506835938 0.0988311767578125
0.0107669830322266 -0.00604915618896484 -0.0244979858398438 -0.0964813232421875
0.0153350830078125 0.00737380981445313 0.122291564941406 -0.0944290161132813
0.0135250091552734 0.0184040069580078 0.24267578125 0.0182647705078125
-0.0024566650390625 0.0205364227294922 0.247879028320313 0.240203857421875
-0.0297908782958984 -0.00209426879882813 -0.056243896484375 0.407135009765625
-0.0148048400878906 -0.0250072479248047 -0.400604248046875 0.304779052734375
0.0175275802612305 -0.0019989013671875 -0.389984130859375 0.00921630859375001
0.0293254852294922 0.0246162414550781 0.0144500732421875 0.0536537170410156
0.0250110626220703 0.00703620910644531 0.458709716796875 0.051300048828125
0.00353145599365234 -0.0118398666381836 0.444732666015625 -0.322235107421875
-0.0125808715820313 -0.00709342956542969 -0.00994873046874997 -0.45355224609375
-0.00942039489746094 0.000102043151855468 -0.283538818359375 -0.19000244140625
0.00334978103637695 0.00789403915405273 -0.251312255859375 0.0178375244140625
0.0144901275634766 0.0032806396484375 -0.0805511474609375 0.112319946289063
0.010258674621582 -0.00214767456054688 0.0569534301757812 0.0998306274414063
0.00912666320800781 -0.00685501098632813 -0.0269393920898438 -0.0978775024414063
0.0155210494995117 0.00756454467773437 0.122611999511719 -0.0954055786132813
0.0120010375976563 0.0185203552246094 0.240768432617187 0.0189666748046875
-0.00330162048339844 0.0200061798095703 0.244705200195312 0.241851806640625
-0.0297374725341797 -0.00197410583496094 -0.063507080078125 0.407989501953125
-0.0135879516601563 -0.0243453979492187 -0.40667724609375 0.303192138671875
0.0175819396972656 -0.00142669677734375 -0.38885498046875 0.00814819335937495
0.0288200378417969 0.0240325927734375 0.0183639526367188 0.0549583435058594
0.0252838134765625 0.00690841674804687 0.46221923828125 0.048431396484375
0.00356101989746094 -0.0114727020263672 0.443511962890625 -0.32586669921875
-0.0127048492431641 -0.00727939605712891 -0.01458740234375 -0.452056884765625
-0.00963115692138672 0.000514984130859373 -0.28472900390625 -0.187042236328125
0.0030217170715332 0.0080409049987793 -0.249267578125 0.019439697265625
0.0140495300292969 0.00401401519775391 -0.0775985717773438 0.1126708984375
0.00905799865722656 -0.00154590606689453 0.0603790283203125 0.100631713867188
0.00786256790161133 -0.00636577606201172 -0.0263290405273437 -0.0974349975585938
0.0139999389648438 0.00910758972167969 0.124336242675781 -0.0940017700195313
0.0115699768066406 0.0197963714599609 0.241531372070313 0.020904541015625
-0.00386428833007813 0.0198936462402344 0.242355346679687 0.243881225585937
-0.0295524597167969 -0.00256729125976562 -0.06890869140625 0.406890869140625
-0.0128364562988281 -0.0242481231689453 -0.409088134765625 0.298004150390625
0.0186729431152344 -0.000864028930664063 -0.3876953125 0.00704956054687501
0.0295276641845703 0.0248374938964844 0.0218353271484375 0.0568771362304688
0.0258560180664063 0.00772285461425781 0.46282958984375 0.04400634765625
0.00439167022705078 -0.0107698440551758 0.438018798828125 -0.329071044921875
-0.0126171112060547 -0.00653934478759766 -0.022216796875 -0.449737548828125
-0.010462760925293 4.10079956054703E-05 -0.287017822265625 -0.1839599609375
0.00253534317016602 0.00851058959960938 -0.248916625976563 0.0213623046875
0.0135011672973633 0.00464820861816406 -0.0760345458984375 0.11358642578125
0.00733661651611328 -0.00199985504150391 0.0593490600585938 0.101913452148438
0.0113515853881836 -0.00518417358398438 -0.020751953125 -0.0968170166015625
0.0155267715454102 0.00808143615722656 0.1214599609375 -0.0967254638671875
0.0158271789550781 0.0165672302246094 0.24346923828125 0.017425537109375
-0.00326919555664062 0.018035888671875 0.247695922851562 0.241043090820312
-0.0307559967041016 -0.00460433959960937 -0.060089111328125 0.413818359375
-0.0110435485839844 -0.0266532897949219 -0.406982421875 0.310699462890625
0.0275402069091797 -0.000230789184570312 -0.396209716796875 0.0121459960937501
0.0425910949707031 0.031707763671875 0.0138511657714844 0.0520820617675781
0.0346870422363281 0.00946235656738281 0.4591064453125 0.039459228515625
0.00609302520751953 -0.012721061706543 0.436767578125 -0.3369140625
-0.0138874053955078 -0.00930213928222656 -0.024688720703125 -0.460693359375
-0.0117635726928711 -0.00245857238769531 -0.29345703125 -0.1868896484375
0.00442838668823242 0.00647258758544922 -0.25628662109375 0.0207366943359375
0.0153961181640625 0.00383377075195313 -0.0821151733398438 0.111915588378906
0.00854301452636719 -0.00127744674682617 0.05828857421875 0.0971221923828125
0.0122957229614258 -0.00630950927734375 -0.0213546752929687 -0.0960693359375
0.0163097381591797 0.00700092315673828 0.120979309082031 -0.0978546142578125
0.0145883560180664 0.017542839050293 0.243438720703125 0.015472412109375
-0.00259017944335938 0.0186901092529297 0.250686645507813 0.238113403320313
-0.0314655303955078 -0.0033416748046875 -0.054840087890625 0.414947509765625
-0.0126132965087891 -0.0257968902587891 -0.401763916015625 0.31390380859375
0.0256309509277344 -0.000253677368164063 -0.394561767578125 0.01397705078125
0.0407676696777344 0.0304031372070312 0.0115737915039062 0.0522727966308594
0.0331611633300781 0.00965690612792969 0.45831298828125 0.04150390625
0.00574016571044922 -0.0123634338378906 0.440185546875 -0.334442138671875
-0.013585090637207 -0.0091714859008789 -0.01910400390625 -0.45965576171875
-0.0110645294189453 -0.00187873840332031 -0.291778564453125 -0.1898193359375
0.00441741943359375 0.00706338882446289 -0.256195068359375 0.0210418701171875
0.0160818099975586 0.00293540954589844 -0.0827407836914063 0.111976623535156
0.00924015045166016 -0.00179195404052734 0.0577011108398438 0.09747314453125
0.0121946334838867 -0.00629806518554688 -0.0232620239257813 -0.097076416015625
0.0159807205200195 0.00664424896240234 0.120010375976563 -0.0980606079101563
0.0151166915893555 0.0169057846069336 0.244155883789063 0.012939453125
-0.00156021118164062 0.0196075439453125 0.253067016601563 0.236343383789063
-0.0311012268066406 -0.00208473205566406 -0.0498046875 0.414794921875
-0.0133686065673828 -0.0255279541015625 -0.39752197265625 0.315521240234375
0.0232791900634766 -0.00218963623046875 -0.39605712890625 0.0149536132812499
0.0372314453125 0.0278244018554688 0.00973892211914063 0.0511550903320313
0.0308303833007813 0.00853919982910156 0.458404541015625 0.0457763671875
0.00482940673828125 -0.0124969482421875 0.443023681640625 -0.333160400390625
-0.0131511688232422 -0.00894832611083984 -0.014801025390625 -0.46026611328125
-0.0115108489990234 -0.00198841094970703 -0.291015625 -0.1910400390625
0.00480031967163086 0.00667285919189453 -0.255264282226563 0.0200653076171875
0.0159540176391602 0.00229549407958984 -0.082183837890625 0.111396789550781
0.010432243347168 -0.0021514892578125 0.0578765869140625 0.098358154296875
0.0122518539428711 -0.00613021850585938 -0.0239105224609375 -0.096893310546875
0.0152320861816406 0.00620174407958984 0.12091064453125 -0.0974960327148438
0.0146961212158203 0.0176143646240234 0.244277954101563 0.0128021240234375
-0.00207328796386719 0.0195808410644531 0.255386352539063 0.23504638671875
-0.0313091278076172 -0.00177192687988281 -0.0477294921875 0.413299560546875
-0.0151290893554688 -0.0255184173583984 -0.396453857421875 0.317047119140625
0.0209827423095703 -0.00176429748535156 -0.39483642578125 0.01544189453125
0.0343837738037109 0.0269393920898438 0.011016845703125 0.0510482788085938
0.0282974243164063 0.00860977172851563 0.4598388671875 0.047210693359375
0.00404548645019531 -0.0117664337158203 0.44464111328125 -0.3294677734375
-0.0140209197998047 -0.00808238983154297 -0.012786865234375 -0.45953369140625
-0.0106382369995117 -0.000643730163574218 -0.288604736328125 -0.19171142578125
0.00448036193847656 0.00679731369018555 -0.255050659179688 0.0191497802734375
0.0157098770141602 0.00243949890136719 -0.0822982788085937 0.113143920898438
0.0116691589355469 -0.002105712890625 0.0575790405273438 0.0986251831054687
0.0117120742797852 -0.00636959075927734 -0.025115966796875 -0.0967788696289063
0.0154943466186523 0.00737190246582031 0.121467590332031 -0.0979843139648437
0.0142784118652344 0.0180034637451172 0.24517822265625 0.013885498046875
-0.00214767456054688 0.0210781097412109 0.2552490234375 0.235794067382813
-0.0301322937011719 -0.00183677673339844 -0.049407958984375 0.413238525390625
-0.0154228210449219 -0.0246124267578125 -0.397735595703125 0.316802978515625
0.0188579559326172 -0.00240898132324219 -0.393280029296875 0.015106201171875
0.0315055847167969 0.0249156951904297 0.0127601623535156 0.0518608093261719
0.0264530181884766 0.007843017578125 0.461212158203125 0.048675537109375
0.00352191925048828 -0.011754035949707 0.445343017578125 -0.329833984375
-0.0132265090942383 -0.00752449035644531 -0.0135498046875 -0.458709716796875
-0.0101099014282227 -0.000593185424804687 -0.28912353515625 -0.1900634765625
0.00339126586914063 0.00763225555419922 -0.25457763671875 0.0204925537109375
0.0152454376220703 0.00325965881347656 -0.0816802978515625 0.113853454589844
0.0109443664550781 -0.00241184234619141 0.057830810546875 0.1002197265625
0.0107574462890625 -0.00628471374511719 -0.0253753662109375 -0.0976715087890625
0.0154914855957031 0.00747776031494141 0.1229248046875 -0.0969924926757813
0.0137786865234375 0.0182571411132813 0.245452880859375 0.01470947265625
-0.00214767456054687 0.0204524993896484 0.254287719726562 0.239181518554687
-0.0307083129882813 -0.00177001953125 -0.05181884765625 0.413299560546875
-0.0150852203369141 -0.0243186950683594 -0.401031494140625 0.31427001953125
0.0174541473388672 -0.00289344787597656 -0.39349365234375 0.014007568359375
0.0296401977539063 0.0241127014160156 0.0156402587890625 0.0533866882324219
0.0253448486328125 0.00700569152832031 0.463348388671875 0.0462646484375
0.00336074829101563 -0.0114021301269531 0.444122314453125 -0.3309326171875
-0.0133285522460937 -0.00696754455566406 -0.01470947265625 -0.456787109375
-0.0102548599243164 0.000110626220703126 -0.28961181640625 -0.18817138671875
0.00318765640258789 0.0079035758972168 -0.253250122070313 0.0215911865234375
0.0144033432006836 0.00379180908203125 -0.080169677734375 0.114425659179688
0.0105094909667969 -0.0023651123046875 0.0587081909179688 0.100288391113281
0.00913524627685547 -0.006805419921875 -0.0282440185546875 -0.0989913940429688
0.0150775909423828 0.00759983062744141 0.122749328613281 -0.0990829467773437
0.0125312805175781 0.0187110900878906 0.244110107421875 0.0162353515625
-0.00304603576660156 0.0198135375976563 0.251235961914062 0.24029541015625
-0.0302181243896484 -0.00153350830078125 -0.05841064453125 0.4140625
-0.0146598815917969 -0.0243263244628906 -0.40679931640625 0.311859130859375
0.0177993774414063 -0.00210189819335938 -0.3935546875 0.012603759765625
0.0291233062744141 0.0235233306884766 0.0182609558105469 0.0547370910644531
0.0247802734375 0.0072021484375 0.467071533203125 0.0435791015625
0.00353050231933594 -0.0106821060180664 0.44329833984375 -0.335906982421875
-0.0126943588256836 -0.00643444061279297 -0.019744873046875 -0.455657958984375
-0.0104351043701172 -1.90734863281399E-06 -0.289886474609375 -0.18487548828125
0.00292634963989258 0.00788593292236328 -0.252273559570313 0.023284912109375
0.0138750076293945 0.00367546081542969 -0.076812744140625 0.115386962890625
0.00983047485351563 -0.00187969207763672 0.0626602172851563 0.10107421875
0.00771999359130859 -0.00708866119384766 -0.0275802612304687 -0.09912109375
0.0146160125732422 0.00915336608886719 0.124198913574219 -0.0977706909179687
0.0121879577636719 0.0189876556396484 0.244476318359375 0.0180206298828125
-0.00273895263671875 0.0197849273681641 0.248291015625 0.243759155273438
-0.0297946929931641 -0.00247192382812501 -0.0643310546875 0.41302490234375
-0.0127334594726562 -0.0235977172851563 -0.41009521484375 0.3062744140625
0.0181598663330078 -0.000768661499023438 -0.39056396484375 0.0106201171875
0.0298519134521484 0.0242176055908203 0.0221328735351563 0.0567588806152344
0.0262985229492188 0.00699996948242188 0.467315673828125 0.0394287109375
0.00417613983154297 -0.0105524063110352 0.43878173828125 -0.338714599609375
-0.0122795104980469 -0.00667858123779297 -0.0283203125000001 -0.453948974609375
-0.00999927520751953 0.000279426574707031 -0.2930908203125 -0.181365966796875
0.00294828414916992 0.00809240341186523 -0.251998901367188 0.02587890625
0.0130424499511719 0.00451469421386719 -0.075958251953125 0.115898132324219
0.00816202163696289 -0.00193691253662109 0.061737060546875 0.101997375488281
0.0112266540527344 -0.00571823120117188 -0.0215072631835937 -0.0984954833984375
0.0160560607910156 0.00797080993652344 0.120773315429687 -0.099853515625
0.0156717300415039 0.0164022445678711 0.245651245117188 0.0137176513671875
-0.00226211547851562 0.0180435180664063 0.25421142578125 0.240066528320313
-0.0316143035888672 -0.00377082824707032 -0.05499267578125 0.419708251953125
-0.0120067596435547 -0.0252094268798828 -0.406494140625 0.319488525390625
0.0281658172607422 -0.00104522705078125 -0.399505615234375 0.016204833984375
0.0435867309570313 0.0305709838867187 0.0138092041015625 0.0520477294921875
0.0345916748046875 0.00966262817382813 0.463653564453125 0.0340576171875
0.00496006011962891 -0.0129718780517578 0.43475341796875 -0.347442626953125
-0.0147123336791992 -0.00888919830322265 -0.0328369140625 -0.4644775390625
-0.0121498107910156 -0.002288818359375 -0.29937744140625 -0.183380126953125
0.00462436676025391 0.00716972351074219 -0.257949829101563 0.0261383056640625
0.0149459838867188 0.00330734252929688 -0.0809249877929688 0.114524841308594
0.00945472717285156 -0.00192928314208984 0.0596771240234375 0.0972747802734375
0.0119571685791016 -0.00541114807128906 -0.0240402221679687 -0.0972213745117188
0.0161542892456055 0.00798320770263672 0.120964050292969 -0.101394653320313
0.0159902572631836 0.016413688659668 0.24664306640625 0.010589599609375
-0.0016326904296875 0.0188217163085938 0.256134033203125 0.237945556640625
-0.0309352874755859 -0.00335311889648437 -0.04937744140625 0.419891357421875
-0.0131053924560547 -0.0258407592773438 -0.400482177734375 0.325103759765625
0.0257453918457031 -0.00103759765625 -0.399078369140625 0.0189208984375
0.0407638549804688 0.0303878784179688 0.0120925903320313 0.0515098571777344
0.0335159301757813 0.00896072387695313 0.46258544921875 0.03558349609375
0.00441265106201172 -0.0131072998046875 0.438720703125 -0.345123291015625
-0.0135593414306641 -0.00893592834472656 -0.026123046875 -0.46234130859375
-0.0117225646972656 -0.00147724151611328 -0.296783447265625 -0.185577392578125
0.00430631637573242 0.00631046295166016 -0.258743286132813 0.0246582031249999
0.0153093338012695 0.00287818908691406 -0.0822296142578125 0.114181518554687
0.0104503631591797 -0.00248622894287109 0.0597686767578125 0.0973663330078125
0.0114727020263672 -0.00630283355712891 -0.024078369140625 -0.0979080200195313
0.0158720016479492 0.00636863708496094 0.120674133300781 -0.101875305175781
0.0157585144042969 0.0168828964233398 0.2467041015625 0.008514404296875
-0.00178718566894531 0.0188865661621094 0.259384155273438 0.23614501953125
-0.0311527252197266 -0.001983642578125 -0.044464111328125 0.418853759765625
-0.0148696899414062 -0.0250186920166016 -0.396331787109375 0.325531005859375
0.0231151580810547 -0.00214958190917969 -0.398681640625 0.02008056640625
0.0375862121582031 0.0285720825195313 0.0102043151855469 0.0514564514160156
0.0313873291015625 0.00952339172363281 0.462677001953125 0.038848876953125
0.00379467010498047 -0.0118160247802734 0.441650390625 -0.3409423828125
-0.0147609710693359 -0.0090484619140625 -0.022491455078125 -0.464935302734375
-0.0118007659912109 -0.0010223388671875 -0.295867919921875 -0.1876220703125
0.00460481643676758 0.00632190704345703 -0.25848388671875 0.02471923828125
0.0150814056396484 0.00210189819335938 -0.0825347900390625 0.114860534667969
0.0115642547607422 -0.00250816345214844 0.059417724609375 0.0989837646484375
0.011387825012207 -0.00610828399658203 -0.0256195068359375 -0.0985641479492188
0.0158529281616211 0.00710010528564453 0.121269226074219 -0.100868225097656
0.0158843994140625 0.0171718597412109 0.24786376953125 0.009033203125
-0.00143051147460938 0.0197105407714844 0.261184692382813 0.234405517578125
-0.0311145782470703 -0.00159645080566406 -0.04217529296875 0.418548583984375
-0.0155658721923828 -0.0249156951904297 -0.395538330078125 0.325225830078125
0.0204448699951172 -0.00292205810546875 -0.398406982421875 0.021270751953125
0.034210205078125 0.0263557434082031 0.0109443664550781 0.0515518188476562
0.0288944244384766 0.00868606567382812 0.464111328125 0.041229248046875
0.00347232818603516 -0.0122013092041016 0.4449462890625 -0.33892822265625
-0.0134096145629883 -0.00773143768310547 -0.0209655761718749 -0.464080810546875
-0.0101375579833984 -0.000591278076171873 -0.294647216796875 -0.18792724609375
0.00409221649169922 0.00748872756958008 -0.257736206054688 0.0244903564453125
0.0154781341552734 0.00189208984375 -0.081695556640625 0.115470886230469
0.0121212005615234 -0.00275707244873047 0.059844970703125 0.0989456176757813
0.0111541748046875 -0.00661468505859375 -0.0266189575195313 -0.0980987548828125
0.0151939392089844 0.00767135620117187 0.121315002441406 -0.100997924804688
0.0147514343261719 0.017552375793457 0.248489379882812 0.009613037109375
-0.00102615356445313 0.0205135345458984 0.261062622070313 0.235336303710938
-0.0313186645507813 -0.00135612487792968 -0.042266845703125 0.41741943359375
-0.0155296325683594 -0.0241489410400391 -0.39642333984375 0.325714111328125
0.0181598663330078 -0.0028076171875 -0.39715576171875 0.021270751953125
0.0325508117675781 0.0240421295166016 0.0126991271972656 0.0525398254394531
0.0270195007324219 0.00712776184082031 0.4656982421875 0.042694091796875
0.00347232818603516 -0.0109329223632813 0.44390869140625 -0.33978271484375
-0.0134668350219727 -0.00743865966796875 -0.021392822265625 -0.463775634765625
-0.010493278503418 -0.000785827636718751 -0.29461669921875 -0.186126708984375
0.00385427474975586 0.00796699523925781 -0.256744384765625 0.0252075195312499
0.0154609680175781 0.00237083435058594 -0.0811614990234375 0.116569519042969
0.0113658905029297 -0.00309562683105469 0.0601043701171875 0.100326538085937
0.0102758407592773 -0.00671482086181641 -0.026947021484375 -0.0990447998046875
0.0158109664916992 0.00730800628662109 0.122337341308594 -0.100318908691406
0.0146560668945313 0.0176372528076172 0.249160766601563 0.0106353759765625
-0.00093841552734375 0.0206394195556641 0.259170532226563 0.2364501953125
-0.030548095703125 -0.000881195068359373 -0.04718017578125 0.41864013671875
-0.0152683258056641 -0.0238361358642578 -0.4005126953125 0.323760986328125
0.0175189971923828 -0.002227783203125 -0.39691162109375 0.020050048828125
0.0305976867675781 0.0237655639648438 0.0158729553222656 0.0530166625976563
0.0256309509277344 0.00737380981445312 0.467742919921875 0.04095458984375
0.00253868103027344 -0.0109958648681641 0.44354248046875 -0.340484619140625
-0.0132455825805664 -0.00723075866699219 -0.023223876953125 -0.461883544921875
-0.0101757049560547 0.000487327575683592 -0.294342041015625 -0.185150146484375
0.00312900543212891 0.00796604156494141 -0.256118774414063 0.0267333984375
0.0149116516113281 0.00341510772705078 -0.0798492431640625 0.117568969726562
0.010685920715332 -0.00299549102783203 0.060882568359375 0.101585388183594
0.00897216796875 -0.00698280334472656 -0.0300369262695313 -0.100059509277344
0.0154657363891602 0.00781536102294922 0.121864318847656 -0.102279663085938
0.013092041015625 0.0180797576904297 0.24676513671875 0.01251220703125
-0.00219154357910156 0.0205307006835938 0.257675170898438 0.237762451171875
-0.0306720733642578 -0.000997543334960935 -0.05364990234375 0.41827392578125
-0.0149097442626953 -0.0232505798339844 -0.405670166015625 0.32208251953125
0.0174932479858398 -0.00207996368408203 -0.397003173828125 0.0175476074218749
0.0293445587158203 0.0235328674316406 0.0191421508789063 0.054534912109375
0.0257587432861328 0.00636100769042969 0.47064208984375 0.036865234375
0.00303459167480469 -0.0106315612792969 0.442535400390625 -0.345794677734375
-0.0131521224975586 -0.00696849822998047 -0.027496337890625 -0.4599609375
-0.0104608535766602 0.000602722167968748 -0.295623779296875 -0.181793212890625
0.00292491912841797 0.00836563110351562 -0.254150390625 0.0275878906249999
0.0140790939331055 0.0039520263671875 -0.0771408081054688 0.117324829101563
0.0102910995483398 -0.00175571441650391 0.064910888671875 0.101280212402344
0.00795316696166992 -0.006805419921875 -0.0289764404296875 -0.0999374389648438
0.0145196914672852 0.0084829330444336 0.124038696289063 -0.100204467773438
0.0129528045654297 0.0187721252441406 0.247238159179688 0.01434326171875
-0.00286102294921875 0.0200824737548828 0.254425048828125 0.240951538085938
-0.0300979614257812 -0.00177955627441407 -0.058929443359375 0.417938232421875
-0.0128936767578125 -0.0232486724853516 -0.409515380859375 0.315673828125
0.0186252593994141 -0.00148582458496094 -0.395355224609375 0.0165710449218749
0.030364990234375 0.0239677429199219 0.0226058959960938 0.0561332702636719
0.0263824462890625 0.00699996948242187 0.47198486328125 0.03240966796875
0.00418853759765625 -0.0106725692749023 0.437255859375 -0.34832763671875
-0.0128259658813477 -0.00688362121582031 -0.03509521484375 -0.458099365234375
-0.0104742050170898 0.000448226928710937 -0.298858642578125 -0.178436279296875
0.00250864028930664 0.00833559036254883 -0.254669189453125 0.03009033203125
0.0126914978027344 0.00450706481933594 -0.07562255859375 0.1185302734375
0.00838661193847656 -0.00194978713989258 0.0637893676757813 0.102272033691406
0.010838508605957 -0.00581073760986328 -0.023193359375 -0.0996170043945313
0.0161218643188477 0.00743961334228516 0.120849609375 -0.104171752929688
0.0163431167602539 0.0159883499145508 0.248199462890625 0.008575439453125
-0.00239658355712891 0.0174674987792969 0.259567260742188 0.237472534179688
-0.0312061309814453 -0.00339317321777343 -0.04864501953125 0.4248046875
-0.0122051239013672 -0.0256843566894531 -0.4049072265625 0.32904052734375
0.0289382934570313 -0.000400543212890625 -0.403045654296875 0.0223388671875
0.0441246032714844 0.0306129455566406 0.0145835876464844 0.0528678894042969
0.0350418090820313 0.00983428955078125 0.4664306640625 0.026031494140625
0.00609970092773438 -0.0126304626464844 0.432037353515625 -0.357086181640625
-0.0149364471435547 -0.00851249694824219 -0.039703369140625 -0.46453857421875
-0.0119543075561523 -0.00236988067626953 -0.305755615234375 -0.17974853515625
0.00441265106201172 0.00644683837890625 -0.260177612304688 0.030242919921875
0.0147209167480469 0.00293922424316406 -0.0804977416992188 0.116455078125
0.00913810729980469 -0.00272941589355469 0.0621795654296875 0.0967178344726563
0.0117950439453125 -0.00567150115966797 -0.0247573852539063 -0.099334716796875
0.0166187286376953 0.00760459899902344 0.119857788085938 -0.103851318359375
0.0169696807861328 0.01568603515625 0.2490234375 0.0066986083984375
-0.00152969360351562 0.0185508728027344 0.26177978515625 0.235305786132812
-0.0318355560302734 -0.00233840942382812 -0.042205810546875 0.423431396484375
-0.0136508941650391 -0.0257949829101563 -0.399627685546875 0.333251953125
0.0263309478759766 -0.00102615356445313 -0.402008056640625 0.0259094238281251
0.0414199829101562 0.0283699035644531 0.0118751525878906 0.0511970520019531
0.0338382720947266 0.0096588134765625 0.46533203125 0.02935791015625
0.00508022308349609 -0.0116100311279297 0.4354248046875 -0.3533935546875
-0.0139694213867188 -0.0084543228149414 -0.03570556640625 -0.46661376953125
-0.0115089416503906 -0.00106048583984375 -0.3021240234375 -0.1820068359375
0.004608154296875 0.00719356536865235 -0.26031494140625 0.0290069580078125
0.0155696868896484 0.00207233428955078 -0.0818099975585938 0.116470336914062
0.0104913711547852 -0.00350475311279297 0.0615768432617187 0.0975112915039063
0.0117988586425781 -0.00581836700439453 -0.026611328125 -0.0997390747070312
0.016596794128418 0.00628185272216797 0.119087219238281 -0.104721069335937
0.0159130096435547 0.0164203643798828 0.249359130859375 0.0052642822265625
-0.000494003295898439 0.0196723937988281 0.265975952148438 0.232421875
-0.0310497283935547 -0.00151824951171874 -0.038482666015625 0.42449951171875
-0.0149955749511719 -0.023956298828125 -0.395172119140625 0.3345947265625
0.0234737396240234 -0.00213432312011719 -0.401336669921875 0.0271911621093751
0.0385169982910156 0.0272064208984375 0.01055908203125 0.0503501892089844
0.0315456390380859 0.00832366943359375 0.467041015625 0.032440185546875
0.00314140319824219 -0.0118141174316406 0.439727783203125 -0.35003662109375
-0.0140666961669922 -0.00863170623779297 -0.030517578125 -0.467559814453125
-0.0109968185424805 -0.000504493713378904 -0.30096435546875 -0.183746337890625
0.00401973724365234 0.00734424591064453 -0.2596435546875 0.0292816162109375
0.0149421691894531 0.00160598754882813 -0.0823516845703125 0.117889404296875
0.0108909606933594 -0.00316905975341797 0.0610427856445313 0.0989227294921875
0.0118818283081055 -0.00638198852539063 -0.0269088745117187 -0.0989532470703125
0.0157623291015625 0.00717926025390625 0.120071411132813 -0.104110717773438
0.0159931182861328 0.017085075378418 0.25 0.0048370361328125
-0.000673294067382813 0.0194034576416016 0.267257690429688 0.230712890625
-0.0312423706054688 -0.000736236572265631 -0.035308837890625 0.4232177734375
-0.0156898498535156 -0.0239067077636719 -0.394287109375 0.33404541015625
0.0207290649414063 -0.00298881530761719 -0.400634765625 0.0283813476562501
0.0352020263671875 0.0261650085449219 0.011688232421875 0.0508079528808594
0.0282974243164063 0.00766181945800781 0.468017578125 0.036224365234375
0.00281715393066406 -0.0113735198974609 0.4415283203125 -0.349609375
-0.0143365859985352 -0.0075540542602539 -0.029022216796875 -0.467529296875
-0.0112466812133789 -0.000884056091308592 -0.299346923828125 -0.183685302734375
0.00353670120239258 0.00670719146728516 -0.259170532226563 0.0296325683593749
0.0149030685424805 0.00139141082763672 -0.081390380859375 0.1182861328125
0.0115089416503906 -0.00274467468261719 0.0612106323242187 0.099090576171875
0.0119495391845703 -0.00628566741943359 -0.02789306640625 -0.0992050170898437
0.0159511566162109 0.00725841522216797 0.119903564453125 -0.104873657226562
0.0158672332763672 0.0173892974853516 0.250869750976563 0.0053863525390625
-0.00115966796875 0.0204124450683594 0.26629638671875 0.231399536132813
-0.0311756134033203 3.24249267578123E-05 -0.036407470703125 0.4227294921875
-0.0164051055908203 -0.0237236022949219 -0.394805908203125 0.33367919921875
0.0184593200683594 -0.00335693359375 -0.401123046875 0.02685546875
0.0321025848388672 0.0237236022949219 0.0133285522460938 0.0517425537109375
0.0270862579345703 0.00758743286132813 0.468597412109375 0.035430908203125
0.00293731689453125 -0.010401725769043 0.44189453125 -0.347900390625
-0.0137977600097656 -0.00723648071289063 -0.0283203125 -0.465362548828125
-0.0109596252441406 -6.96182250976584E-05 -0.299285888671875 -0.182830810546875
0.00350809097290039 0.00725555419921875 -0.259078979492188 0.030242919921875
0.014765739440918 0.00149631500244141 -0.0800323486328125 0.118965148925781
0.0117740631103516 -0.0035858154296875 0.0624771118164063 0.100334167480469
0.010899543762207 -0.00671100616455078 -0.028350830078125 -0.100242614746094
0.0161733627319336 0.00740718841552734 0.121864318847656 -0.104148864746094
0.0147609710693359 0.0177516937255859 0.2510986328125 0.005645751953125
-0.000484466552734376 0.0210704803466797 0.264923095703125 0.235595703125
-0.0308418273925781 0.000623703002929686 -0.04071044921875 0.422454833984375
-0.0159587860107422 -0.0230712890625 -0.396942138671875 0.332733154296875
0.0179195404052734 -0.00361251831054688 -0.40045166015625 0.0263366699218751
0.0299930572509766 0.0230846405029297 0.0157051086425781 0.0528221130371094
0.0258140563964844 0.007080078125 0.47174072265625 0.0322265625
0.00268077850341797 -0.0109891891479492 0.440338134765625 -0.350799560546875
-0.0137624740600586 -0.00697422027587891 -0.03094482421875 -0.46392822265625
-0.0105447769165039 0.00031280517578125 -0.30047607421875 -0.181365966796875
0.00259208679199219 0.00764608383178711 -0.257919311523437 0.0311279296875
0.0147390365600586 0.00278377532958984 -0.0787887573242188 0.120246887207031
0.0111188888549805 -0.0033416748046875 0.0633316040039063 0.101821899414063
0.00912666320800781 -0.00695896148681641 -0.0318069458007813 -0.100761413574219
0.0162019729614258 0.00751781463623047 0.122077941894531 -0.105522155761719
0.0130405426025391 0.018402099609375 0.248779296875 0.0078125
-0.00185012817382813 0.0198707580566406 0.263427734375 0.235275268554687
-0.0304946899414063 7.62939453125579E-06 -0.047210693359375 0.42449951171875
-0.0148048400878906 -0.0231609344482422 -0.403839111328125 0.3306884765625
0.0178985595703125 -0.00236892700195313 -0.400146484375 0.0243225097656251
0.0296630859375 0.0230045318603516 0.0195579528808594 0.0547065734863281
0.0255889892578125 0.00737762451171875 0.47412109375 0.03057861328125
0.00284385681152344 -0.0107545852661133 0.439178466796875 -0.35443115234375
-0.0135431289672852 -0.00621700286865235 -0.03509521484375 -0.463592529296875
-0.0108766555786133 0.000115394592285156 -0.301361083984375 -0.17822265625
0.00213336944580078 0.00847673416137695 -0.256149291992188 0.0322418212890625
0.0143527984619141 0.00403690338134766 -0.0757904052734375 0.120216369628906
0.010319709777832 -0.00271415710449219 0.0677947998046875 0.101409912109375
0.00728225708007813 -0.00666666030883789 -0.0311813354492188 -0.100830078125
0.0148382186889648 0.00933265686035156 0.123809814453125 -0.103973388671875
0.0135307312011719 0.0184879302978516 0.249908447265625 0.0097808837890625
-0.00207901000976562 0.0195541381835938 0.260604858398438 0.23895263671875
-0.0305538177490234 -0.00106048583984376 -0.052490234375 0.422637939453125
-0.0133495330810547 -0.0228099822998047 -0.4068603515625 0.324859619140625
0.0192890167236328 -0.00197792053222656 -0.39813232421875 0.02288818359375
0.0303115844726562 0.0240535736083984 0.0229530334472656 0.0560340881347656
0.0268955230712891 0.00703048706054688 0.474365234375 0.0257568359375
0.00341033935546875 -0.0110683441162109 0.43426513671875 -0.35760498046875
-0.0131998062133789 -0.00653553009033203 -0.04290771484375 -0.4600830078125
-0.0115375518798828 0.000676155090332029 -0.3037109375 -0.174774169921875
0.00286960601806641 0.00853681564331055 -0.255294799804688 0.034637451171875
0.0127830505371094 0.00394821166992188 -0.0745162963867187 0.120811462402344
0.00831222534179688 -0.00238704681396484 0.0670928955078125 0.102455139160156
0.0110673904418945 -0.00580978393554688 -0.0248641967773437 -0.0999526977539063
0.0155258178710938 0.00806140899658203 0.119613647460937 -0.106765747070313
0.0176849365234375 0.0154953002929687 0.249343872070313 0.0042877197265625
-0.00154781341552734 0.0174627304077148 0.2650146484375 0.23419189453125
-0.0328483581542969 -0.00288200378417969 -0.043060302734375 0.42816162109375
-0.0129528045654297 -0.0249919891357422 -0.40093994140625 0.3365478515625
0.0283699035644531 -0.000780105590820313 -0.4046630859375 0.0292968749999999
0.044647216796875 0.0299301147460938 0.014862060546875 0.0514907836914063
0.0351409912109375 0.00860214233398438 0.467926025390625 0.01812744140625
0.00491046905517578 -0.0121755599975586 0.4271240234375 -0.36456298828125
-0.0152063369750977 -0.00870704650878906 -0.048797607421875 -0.466522216796875
-0.0119094848632812 -0.0010223388671875 -0.309112548828125 -0.17474365234375
0.004730224609375 0.00673818588256836 -0.261627197265625 0.0360260009765625
0.0143136978149414 0.00236129760742188 -0.0797653198242188 0.119400024414062
0.009124755859375 -0.00328540802001953 0.0646514892578125 0.0977325439453125
0.0113725662231445 -0.00647163391113281 -0.0267562866210938 -0.0998611450195313
0.0163993835449219 0.00741386413574219 0.11871337890625 -0.108139038085938
0.0169849395751953 0.0161886215209961 0.250228881835938 0.0020294189453125
-0.000667572021484375 0.0180816650390625 0.268661499023438 0.2315673828125
-0.0329914093017578 -0.00176239013671874 -0.035858154296875 0.426971435546875
-0.0142116546630859 -0.02398681640625 -0.39508056640625 0.34063720703125
0.0259761810302734 -0.00228691101074219 -0.40277099609375 0.032135009765625
0.0417976379394531 0.0285453796386719 0.0131072998046875 0.0513916015625
0.0332183837890625 0.008392333984375 0.468292236328125 0.02166748046875
0.00426197052001953 -0.0121402740478516 0.431427001953125 -0.364105224609375
-0.0149717330932617 -0.00858116149902344 -0.044219970703125 -0.467010498046875
-0.0113916397094727 -0.00149822235107422 -0.307281494140625 -0.176666259765625
0.0043339729309082 0.00758600234985352 -0.261093139648438 0.035430908203125
0.0153188705444336 0.00230026245117188 -0.0804519653320313 0.118598937988281
0.0108642578125 -0.00278282165527344 0.0631942749023438 0.09698486328125
0.0111427307128906 -0.00687980651855469 -0.027557373046875 -0.0997467041015625
0.0161142349243164 0.00680065155029297 0.118377685546875 -0.108001708984375
0.0169706344604492 0.0164365768432617 0.250747680664063 0.000259399414062501
-0.000587463378906251 0.0184879302978516 0.271469116210938 0.229019165039063
-0.0317573547363281 -0.00144386291503907 -0.0308837890625 0.426513671875
-0.0155391693115234 -0.0243396759033203 -0.391204833984375 0.343017578125
0.0236263275146484 -0.00369834899902344 -0.403289794921875 0.0337219238281249
0.0385093688964844 0.0264053344726563 0.0111351013183594 0.0502357482910156
0.0312118530273438 0.00868034362792969 0.468109130859375 0.02557373046875
0.00318813323974609 -0.0116672515869141 0.43414306640625 -0.360260009765625
-0.0143318176269531 -0.00867176055908203 -0.038665771484375 -0.46875
-0.0116758346557617 -0.000693321228027346 -0.30645751953125 -0.1785888671875
0.00427055358886719 0.00640869140625 -0.260345458984375 0.0347747802734375
0.0155706405639648 0.00140666961669922 -0.0798416137695313 0.12066650390625
0.0110645294189453 -0.00289535522460937 0.064300537109375 0.0983734130859375
0.0118904113769531 -0.00688838958740234 -0.0286026000976562 -0.100440979003906
0.0169897079467773 0.0062103271484375 0.118797302246094 -0.108695983886719
0.0170249938964844 0.0163183212280273 0.25152587890625 -0.000305175781249999
-0.000305175781250001 0.0190982818603516 0.27374267578125 0.22686767578125
-0.0318450927734375 0.000345230102539064 -0.030120849609375 0.425689697265625
-0.0163917541503906 -0.0237236022949219 -0.38812255859375 0.343292236328125
0.0202560424804688 -0.00304222106933594 -0.403228759765625 0.034088134765625
0.0348834991455078 0.0249900817871094 0.0115852355957031 0.0511741638183594
0.0287189483642578 0.00757980346679688 0.47021484375 0.02838134765625
0.00181388854980469 -0.0113744735717773 0.436981201171875 -0.357757568359375
-0.0140705108642578 -0.00758934020996094 -0.036224365234375 -0.46722412109375
-0.0110292434692383 -0.000322341918945312 -0.30426025390625 -0.17938232421875
0.00350761413574219 0.00787258148193359 -0.259841918945313 0.0343017578125001
0.014775276184082 0.00225639343261719 -0.0793533325195313 0.120552062988281
0.0116243362426758 -0.00342273712158203 0.0637054443359375 0.09912109375
0.0112209320068359 -0.00687789916992187 -0.0295486450195312 -0.0998077392578125
0.0164384841918945 0.00671768188476563 0.119606018066406 -0.107887268066406
0.0155858993530273 0.017085075378418 0.252410888671875 0.000534057617187501
-0.000282287597656248 0.0194606781005859 0.273483276367188 0.227569580078125
-0.0313968658447266 0.000284194946289067 -0.029144287109375 0.425537109375
-0.016571044921875 -0.0228443145751953 -0.39056396484375 0.342315673828125
0.0181312561035156 -0.00414657592773438 -0.402496337890625 0.034149169921875
0.0319652557373047 0.0237655639648438 0.0138130187988281 0.0516738891601563
0.0270576477050781 0.00635719299316406 0.471038818359375 0.027618408203125
0.00224494934082031 -0.0101909637451172 0.43701171875 -0.35809326171875
-0.0138607025146484 -0.0068511962890625 -0.037445068359375 -0.46710205078125
-0.0105714797973633 0.000340461730957032 -0.30487060546875 -0.177825927734375
0.00326061248779297 0.00752639770507813 -0.259429931640625 0.0350189208984375
0.0146656036376953 0.00232505798339844 -0.0791015625 0.121376037597656
0.0117912292480469 -0.00342750549316406 0.0646591186523437 0.100151062011719
0.0103492736816406 -0.00669765472412109 -0.0305633544921875 -0.100631713867188
0.0167436599731445 0.00734329223632813 0.120620727539063 -0.107620239257813
0.0156393051147461 0.017024040222168 0.252899169921875 0.0013580322265625
-0.000133514404296873 0.0202140808105469 0.271347045898438 0.2305908203125
-0.0314598083496094 0.000734329223632808 -0.033447265625 0.42596435546875
-0.0159893035888672 -0.0225105285644531 -0.39349365234375 0.340576171875
0.0177249908447266 -0.00354957580566406 -0.400787353515625 0.0321960449218749
0.0304718017578125 0.0226478576660156 0.0166511535644531 0.0525627136230469
0.0258636474609375 0.00708198547363281 0.4737548828125 0.02593994140625
0.00211906433105469 -0.00986003875732422 0.436279296875 -0.359161376953125
-0.0138235092163086 -0.00653648376464844 -0.03955078125 -0.46490478515625
-0.0109424591064453 0.000716209411621096 -0.30548095703125 -0.1756591796875
0.00313997268676758 0.00824832916259766 -0.258590698242188 0.03656005859375
0.01422119140625 0.00279140472412109 -0.077545166015625 0.122421264648438
0.0107946395874023 -0.00287723541259766 0.0657501220703125 0.101089477539063
0.00852775573730469 -0.00677299499511719 -0.0334625244140625 -0.101463317871094
0.0163812637329102 0.00730419158935547 0.120719909667969 -0.108848571777344
0.0146217346191406 0.0176906585693359 0.251113891601563 0.00225830078125
-0.00122833251953125 0.0195446014404297 0.268112182617188 0.232223510742188
-0.0306358337402344 0.000434875488281252 -0.039459228515625 0.4267578125
-0.0151023864746094 -0.0220451354980469 -0.400238037109375 0.339996337890625
0.0181293487548828 -0.00290298461914063 -0.401336669921875 0.0308837890625
0.0302543640136719 0.0225391387939453 0.0194168090820313 0.0542221069335938
0.0261116027832031 0.00717735290527344 0.476715087890625 0.023468017578125
0.00262355804443359 -0.0102806091308594 0.43524169921875 -0.36346435546875
-0.0136051177978516 -0.00600147247314453 -0.0428466796875 -0.464874267578125
-0.0110607147216797 0.000784873962402344 -0.30523681640625 -0.173004150390625
0.00253820419311524 0.00808858871459961 -0.256881713867187 0.0383453369140625
0.0134677886962891 0.00387859344482422 -0.0744400024414062 0.122077941894531
0.0104656219482422 -0.00269985198974609 0.069610595703125 0.100830078125
0.00704097747802734 -0.00758028030395508 -0.0330429077148438 -0.101890563964844
0.0149774551391602 0.00855445861816406 0.122352600097656 -0.107322692871094
0.0139961242675781 0.0180149078369141 0.251541137695313 0.00518798828125
-0.00132369995117188 0.0192699432373047 0.265762329101563 0.235427856445312
-0.0312957763671875 -1.71661376953183E-05 -0.046295166015625 0.426605224609375
-0.0135002136230469 -0.0224361419677734 -0.40423583984375 0.334197998046875
0.0189495086669922 -0.00280189514160156 -0.39996337890625 0.0296325683593749
0.0309429168701172 0.0226936340332031 0.0237770080566406 0.0557174682617187
0.0269527435302734 0.00654792785644531 0.476318359375 0.018646240234375
0.00296401977539062 -0.0100917816162109 0.42926025390625 -0.366973876953125
-0.0132389068603516 -0.00633049011230469 -0.05059814453125 -0.462677001953125
-0.0109434127807617 0.000754356384277346 -0.308074951171875 -0.16851806640625
0.00289726257324219 0.00889873504638672 -0.256820678710938 0.040313720703125
0.0130043029785156 0.003936767578125 -0.073028564453125 0.122817993164063
0.00832080841064453 -0.00282192230224609 0.0683441162109375 0.102371215820313
0.0107498168945313 -0.00618362426757813 -0.0269088745117187 -0.100326538085938
0.0164089202880859 0.00817489624023438 0.117530822753906 -0.110671997070313
0.0174379348754883 0.0152835845947266 0.250823974609375 -0.000946044921874999
-0.000575065612792969 0.0173530578613281 0.27020263671875 0.229873657226562
-0.0330219268798828 -0.00200271606445313 -0.03369140625 0.428985595703125
-0.0137424468994141 -0.0241355895996094 -0.39483642578125 0.346771240234375
0.0279884338378906 -0.00146675109863281 -0.405548095703125 0.03631591796875
0.0452232360839844 0.0299224853515625 0.0154647827148438 0.0515174865722656
0.0351524353027344 0.00911331176757813 0.46856689453125 0.011199951171875
0.00424385070800781 -0.0122823715209961 0.420867919921875 -0.37420654296875
-0.0146446228027344 -0.00833606719970703 -0.057769775390625 -0.467010498046875
-0.0127220153808594 -0.00124359130859375 -0.31414794921875 -0.168212890625
0.00364494323730469 0.00743818283081055 -0.261810302734375 0.041534423828125
0.0145015716552734 0.00236034393310547 -0.07781982421875 0.121139526367187
0.00961399078369141 -0.00286006927490234 0.0672454833984375 0.0967483520507813
0.0111961364746094 -0.00624179840087891 -0.0287933349609375 -0.100349426269531
0.0165176391601563 0.00729942321777344 0.117622375488281 -0.111297607421875
0.0173625946044922 0.0156116485595703 0.251296997070313 -0.0029296875
-0.00043010711669922 0.0173368453979492 0.273040771484375 0.226455688476563
-0.0326023101806641 -0.000459671020507813 -0.027801513671875 0.429931640625
-0.0146865844726563 -0.0232772827148437 -0.389007568359375 0.35015869140625
0.0266857147216797 -0.00254249572753906 -0.40484619140625 0.039886474609375
0.0424957275390625 0.0274467468261719 0.0133857727050781 0.0508308410644531
0.033416748046875 0.00847244262695313 0.46795654296875 0.01373291015625
0.00380611419677734 -0.0107870101928711 0.425323486328125 -0.372802734375
-0.0152578353881836 -0.00856971740722656 -0.0518798828125 -0.46795654296875
-0.0119180679321289 -0.000660896301269532 -0.3114013671875 -0.171600341796875
0.00368356704711914 0.00680160522460938 -0.261337280273438 0.0406646728515625
0.0150375366210938 0.00196456909179688 -0.0794525146484375 0.122093200683594
0.0103139877319336 -0.00324535369873047 0.0658111572265625 0.0977401733398438
0.0113506317138672 -0.00693702697753906 -0.0295486450195313 -0.0995712280273437
0.0166349411010742 0.00672817230224609 0.116142272949219 -0.111312866210938
0.0173788070678711 0.015528678894043 0.2510986328125 -0.004791259765625
0.000509262084960936 0.0177745819091797 0.276153564453125 0.224700927734375
-0.0322380065917969 0.000173568725585938 -0.0230712890625 0.429412841796875
-0.0154018402099609 -0.0225391387939453 -0.38629150390625 0.35162353515625
0.0225181579589844 -0.00290870666503906 -0.404754638671875 0.0410461425781249
0.0385589599609375 0.0263328552246094 0.01202392578125 0.0497665405273437
0.0309944152832031 0.00817680358886719 0.468170166015625 0.0174560546875
0.00276565551757812 -0.0111427307128906 0.428863525390625 -0.368865966796875
-0.0145606994628906 -0.00789356231689453 -0.04803466796875 -0.468353271484375
-0.0121850967407227 4.95910644531273E-05 -0.3096923828125 -0.173675537109375
0.00398015975952149 0.00724887847900391 -0.261611938476563 0.041015625
0.0150938034057617 0.00116539001464844 -0.0784759521484375 0.122543334960937
0.011016845703125 -0.00368499755859375 0.0665664672851563 0.0972747802734375
0.0110530853271484 -0.00707149505615234 -0.031463623046875 -0.100082397460938
0.0170164108276367 0.00675868988037109 0.116790771484375 -0.110977172851563
0.0177879333496094 0.0158157348632813 0.252395629882812 -0.0060882568359375
-0.000164031982421877 0.0186176300048828 0.277923583984375 0.221923828125
-0.032379150390625 0.000612258911132806 -0.020904541015625 0.427703857421875
-0.0164508819580078 -0.0222969055175781 -0.38385009765625 0.350372314453125
0.0201511383056641 -0.00409126281738281 -0.402801513671875 0.0418090820312501
0.0354461669921875 0.0241546630859375 0.0115890502929688 0.0508155822753906
0.0286273956298828 0.0076904296875 0.470672607421875 0.01922607421875
0.00198268890380859 -0.0113258361816406 0.430572509765625 -0.365936279296875
-0.0142908096313477 -0.00728130340576172 -0.04620361328125 -0.467803955078125
-0.0114307403564453 -0.000108718872070312 -0.3095703125 -0.1737060546875
0.00283241271972656 0.00781106948852539 -0.260650634765625 0.0404815673828125
0.0154943466186523 0.0015716552734375 -0.0791473388671875 0.122596740722656
0.0124378204345703 -0.00349903106689453 0.06597900390625 0.0988388061523437
0.0109872817993164 -0.00674629211425781 -0.0318374633789063 -0.101043701171875
0.0156822204589844 0.00742340087890625 0.117256164550781 -0.110435485839844
0.0168027877807617 0.0164031982421875 0.253341674804688 -0.00506591796875
0.000522613525390626 0.0194931030273438 0.277816772460937 0.223037719726562
-0.0321369171142578 0.00162315368652344 -0.02276611328125 0.428802490234375
-0.0168628692626953 -0.0216808319091797 -0.385467529296875 0.350616455078125
0.0186862945556641 -0.00411415100097656 -0.402862548828125 0.0409545898437499
0.0324783325195313 0.0231781005859375 0.0142250061035156 0.0513267517089844
0.0270671844482422 0.00695610046386719 0.473114013671875 0.02032470703125
0.00182628631591797 -0.0111474990844727 0.4315185546875 -0.36822509765625
-0.014073371887207 -0.00667762756347656 -0.04583740234375 -0.46783447265625
-0.0116415023803711 0.000694274902343751 -0.30877685546875 -0.1722412109375
0.00291728973388672 0.00777149200439453 -0.259902954101563 0.0408325195312499
0.0140724182128906 0.00218868255615234 -0.0772781372070313 0.123115539550781
0.0119562149047852 -0.00445556640625 0.066986083984375 0.0992660522460938
0.0104179382324219 -0.00713348388671875 -0.0326461791992187 -0.100967407226562
0.0166234970092773 0.00706195831298828 0.118888854980469 -0.110610961914062
0.0163364410400391 0.017181396484375 0.253158569335937 -0.003631591796875
0.000314712524414062 0.0198993682861328 0.276214599609375 0.22528076171875
-0.0314273834228516 0.00162124633789063 -0.026214599609375 0.428924560546875
-0.0163612365722656 -0.0213718414306641 -0.38836669921875 0.3485107421875
0.0173234939575195 -0.00373172760009766 -0.402313232421875 0.0398559570312501
0.0309829711914063 0.0218486785888672 0.01678466796875 0.0526695251464844
0.0257511138916016 0.00648117065429688 0.474273681640625 0.017547607421875
0.00204753875732422 -0.0100669860839844 0.429779052734375 -0.367584228515625
-0.0139532089233398 -0.00631141662597656 -0.0479736328125 -0.466552734375
-0.0112171173095703 0.000826835632324217 -0.30963134765625 -0.17022705078125
0.00242137908935547 0.00890350341796875 -0.258987426757813 0.042266845703125
0.0137720108032227 0.00249767303466797 -0.0764694213867188 0.125129699707031
0.0103654861450195 -0.00411224365234375 0.0679244995117188 0.100425720214844
0.00874710083007813 -0.00754547119140625 -0.0358200073242188 -0.101631164550781
0.0158138275146484 0.00741386413574219 0.118392944335938 -0.112258911132813
0.0148906707763672 0.0175952911376953 0.251922607421875 -0.001617431640625
-0.00106620788574219 0.0198326110839844 0.273818969726563 0.227020263671875
-0.0306682586669922 0.00150299072265625 -0.031585693359375 0.428955078125
-0.0149078369140625 -0.0212230682373047 -0.39453125 0.34820556640625
0.0179824829101563 -0.00372505187988281 -0.402496337890625 0.036834716796875
0.0300369262695313 0.0225257873535156 0.0203170776367188 0.0536003112792969
0.0257930755615234 0.00618934631347656 0.477691650390625 0.013885498046875
0.00203895568847656 -0.0102138519287109 0.429290771484375 -0.371612548828125
-0.0138435363769531 -0.00571918487548828 -0.051910400390625 -0.46490478515625
-0.0112876892089844 0.000922203063964842 -0.309295654296875 -0.1671142578125
0.00274324417114258 0.00826215744018555 -0.2569580078125 0.0441436767578125
0.0140218734741211 0.00353336334228516 -0.072906494140625 0.124244689941406
0.010411262512207 -0.00330448150634766 0.0716323852539063 0.0996246337890625
0.0071110725402832 -0.00728082656860351 -0.03460693359375 -0.10150146484375
0.0153207778930664 0.00870609283447266 0.121047973632813 -0.110771179199219
0.0146446228027344 0.0176830291748047 0.251983642578125 -0.000320434570312499
-0.00144195556640625 0.0188636779785156 0.271484375 0.230606079101563
-0.0312023162841797 0.000917434692382814 -0.038421630859375 0.429473876953125
-0.0138645172119141 -0.020843505859375 -0.397979736328125 0.34222412109375
0.0193138122558594 -0.00277519226074219 -0.400787353515625 0.035430908203125
0.0312252044677734 0.0224666595458984 0.0243606567382812 0.0554161071777344
0.0267696380615234 0.00645637512207031 0.477691650390625 0.010040283203125
0.00325298309326172 -0.00963211059570313 0.423370361328125 -0.3756103515625
-0.0137300491333008 -0.00600147247314453 -0.060638427734375 -0.462738037109375
-0.0114603042602539 0.000811576843261718 -0.31231689453125 -0.16387939453125
0.00279426574707031 0.00899982452392578 -0.256484985351563 0.045928955078125
0.0126619338989258 0.00424957275390625 -0.0714950561523438 0.125434875488281
0.00850725173950195 -0.00351810455322266 0.0713424682617188 0.100975036621094
0.00974941253662109 -0.00681686401367187 -0.028839111328125 -0.101127624511719
0.0168676376342773 0.00789165496826172 0.115753173828125 -0.113227844238281
0.0177497863769531 0.0155525207519531 0.251251220703125 -0.0056304931640625
-0.00106525421142578 0.0162734985351562 0.274627685546875 0.224411010742188
-0.0324802398681641 -0.000841140747070315 -0.02728271484375 0.431365966796875
-0.0132312774658203 -0.0236911773681641 -0.38909912109375 0.353790283203125
0.0286102294921875 -0.00220298767089844 -0.4031982421875 0.04345703125
0.0447845458984375 0.0278892517089844 0.0153694152832031 0.0511283874511719
0.0361709594726563 0.00830078125 0.46856689453125 0.0028076171875
0.00441169738769531 -0.0116853713989258 0.413360595703125 -0.381195068359375
-0.0150117874145508 -0.0083150863647461 -0.066741943359375 -0.46612548828125
-0.0128345489501953 -0.000807762145996094 -0.316986083984375 -0.162506103515625
0.00378894805908203 0.007354736328125 -0.260513305664063 0.0467681884765625
0.0149650573730469 0.00231742858886719 -0.0759201049804688 0.123214721679687
0.00922393798828125 -0.00334358215332031 0.0688247680664063 0.0956497192382813
0.0107870101928711 -0.00695323944091797 -0.03057861328125 -0.100601196289063
0.0173177719116211 0.00734138488769531 0.115158081054687 -0.113479614257813
0.017913818359375 0.0142612457275391 0.251266479492188 -0.0087127685546875
-0.000484466552734374 0.0165243148803711 0.276779174804688 0.22064208984375
-0.0329208374023438 -0.000236511230468753 -0.02105712890625 0.43170166015625
-0.0143795013427734 -0.02276611328125 -0.38348388671875 0.3575439453125
0.0265712738037109 -0.00232315063476562 -0.404052734375 0.045623779296875
0.0424919128417969 0.0268898010253906 0.0141563415527344 0.0504150390625
0.03350830078125 0.0088043212890625 0.46929931640625 0.0069580078125
0.00286293029785156 -0.0110807418823242 0.416717529296875 -0.379669189453125
-0.0146722793579102 -0.00811004638671875 -0.061676025390625 -0.467681884765625
-0.0125265121459961 -0.00030040740966797 -0.315582275390625 -0.165771484375
0.00347900390625 0.00705289840698242 -0.261337280273438 0.0458221435546875
0.014958381652832 0.00108432769775391 -0.0774459838867187 0.123245239257813
0.0101718902587891 -0.00345611572265625 0.0683822631835937 0.0962448120117188
0.0124568939208984 -0.00775623321533203 -0.0314178466796875 -0.100502014160156
0.0163097381591797 0.00670623779296875 0.114402770996094 -0.1138916015625
0.01849365234375 0.0149879455566406 0.251510620117188 -0.01043701171875
-0.000173568725585937 0.017547607421875 0.279525756835938 0.218643188476562
-0.0331363677978516 0.000305175781250005 -0.014434814453125 0.43035888671875
-0.0159378051757813 -0.0218734741210938 -0.38177490234375 0.358795166015625
0.0228786468505859 -0.00420570373535156 -0.403533935546875 0.047515869140625
0.0392189025878906 0.025146484375 0.011688232421875 0.0500106811523438
0.0313987731933594 0.00716781616210938 0.46722412109375 0.008544921875
0.00292587280273438 -0.0112924575805664 0.42059326171875 -0.37493896484375
-0.0153560638427734 -0.00735664367675782 -0.056427001953125 -0.468170166015625
-0.011662483215332 0.000212669372558593 -0.312652587890625 -0.166351318359375
0.0040435791015625 0.00688266754150391 -0.26080322265625 0.045745849609375
0.0155038833618164 0.00153827667236328 -0.0770645141601563 0.124801635742188
0.0112791061401367 -0.00382900238037109 0.0681686401367188 0.0969924926757813
0.0115690231323242 -0.00751876831054688 -0.0325927734375 -0.10015869140625
0.017399787902832 0.00647068023681641 0.114669799804688 -0.114707946777344
0.0173673629760742 0.0155801773071289 0.252532958984375 -0.0104522705078125
-0.000417709350585935 0.0186004638671875 0.281036376953125 0.217269897460938
-0.0322818756103516 0.00156021118164063 -0.014495849609375 0.429656982421875
-0.0162506103515625 -0.0218391418457031 -0.3778076171875 0.358245849609375
0.0201816558837891 -0.00398826599121094 -0.40203857421875 0.049163818359375
0.0354576110839844 0.02337646484375 0.0120773315429688 0.0490303039550781
0.0291957855224609 0.00811767578125 0.470306396484375 0.010894775390625
0.00201892852783203 -0.0104885101318359 0.423828125 -0.373687744140625
-0.0148458480834961 -0.00687599182128906 -0.055023193359375 -0.466552734375
-0.011988639831543 0.00057029724121094 -0.3123779296875 -0.16754150390625
0.00347137451171875 0.00697565078735352 -0.25994873046875 0.0453033447265625
0.0158624649047852 0.00209712982177734 -0.07635498046875 0.124984741210937
0.0119314193725586 -0.00453281402587891 0.0684127807617188 0.0968093872070313
0.0110073089599609 -0.00700950622558594 -0.0336151123046875 -0.101043701171875
0.0171337127685547 0.00702953338623047 0.115226745605469 -0.113319396972656
0.0170745849609375 0.0161972045898438 0.253250122070313 -0.0104217529296875
0.00107574462890625 0.0182971954345703 0.282989501953125 0.21832275390625
-0.0316619873046875 0.00190544128417969 -0.0142822265625 0.429595947265625
-0.0167369842529297 -0.0207862854003906 -0.379119873046875 0.35791015625
0.0184268951416016 -0.00425529479980469 -0.403839111328125 0.0482788085937501
0.0332717895507812 0.0220851898193359 0.0146675109863281 0.0506858825683594
0.0270137786865234 0.00714111328125 0.471710205078125 0.011505126953125
0.00167655944824219 -0.0100364685058594 0.423858642578125 -0.374176025390625
-0.0150556564331055 -0.00647830963134765 -0.054901123046875 -0.466339111328125
-0.0111703872680664 0.000487327575683595 -0.31195068359375 -0.166107177734375
0.00335931777954102 0.00814962387084961 -0.259124755859375 0.0460052490234375
0.0146846771240234 0.00132465362548828 -0.0758132934570313 0.125534057617188
0.0115547180175781 -0.00447654724121094 0.0689544677734375 0.0983505249023438
0.0106382369995117 -0.00623130798339844 -0.0350875854492188 -0.100883483886719
0.0168132781982422 0.00670242309570313 0.116851806640625 -0.112899780273438
0.016514778137207 0.0166587829589844 0.253265380859375 -0.0091400146484375
0.000284194946289061 0.0192985534667969 0.28057861328125 0.220062255859375
-0.0313034057617188 0.00223350524902344 -0.018463134765625 0.430511474609375
-0.0163555145263672 -0.0209636688232422 -0.38134765625 0.35565185546875
0.0171146392822266 -0.004150390625 -0.4022216796875 0.0461730957031249
0.0306739807128906 0.0213623046875 0.0172119140625 0.0519752502441406
0.0261669158935547 0.00660514831542969 0.47412109375 0.01007080078125
0.00122642517089844 -0.00942039489746094 0.42449951171875 -0.3753662109375
-0.014317512512207 -0.00584983825683594 -0.05682373046875 -0.465118408203125
-0.0117683410644531 0.00128936767578125 -0.311737060546875 -0.164215087890625
0.00263452529907227 0.00816726684570313 -0.258560180664063 0.046630859375
0.0138149261474609 0.00275897979736328 -0.073822021484375 0.12664794921875
0.0103883743286133 -0.00424480438232422 0.0700149536132813 0.09942626953125
0.00821447372436523 -0.00724649429321289 -0.0376129150390625 -0.101608276367188
0.0165901184082031 0.00696945190429688 0.116218566894531 -0.114578247070312
0.0148077011108398 0.017003059387207 0.25244140625 -0.007080078125
-0.000398635864257812 0.0191154479980469 0.276809692382812 0.222259521484375
-0.0309085845947266 0.00191497802734375 -0.023956298828125 0.430877685546875
-0.0155296325683594 -0.0204811096191406 -0.3875732421875 0.355133056640625
0.0176277160644531 -0.00427055358886719 -0.402130126953125 0.0461425781249999
0.0305957794189453 0.0210418701171875 0.0206565856933594 0.0527839660644531
0.0258255004882812 0.00660896301269531 0.477294921875 0.004608154296875
0.00184822082519531 -0.00969123840332031 0.421539306640625 -0.380645751953125
-0.0138750076293945 -0.00527477264404297 -0.059967041015625 -0.463836669921875
-0.0109233856201172 0.00167083740234375 -0.312957763671875 -0.1610107421875
0.00219631195068359 0.00859546661376953 -0.256149291992188 0.04913330078125
0.0133066177368164 0.00277423858642578 -0.0709762573242188 0.125999450683594
0.010340690612793 -0.00314521789550781 0.0738372802734375 0.0988540649414063
0.00658321380615234 -0.00760984420776367 -0.0366592407226563 -0.101814270019531
0.0156021118164063 0.00905799865722656 0.118339538574219 -0.113265991210938
0.0144929885864258 0.0170764923095703 0.252685546875 -0.0052032470703125
-0.0010223388671875 0.0189151763916016 0.275054931640625 0.225799560546875
-0.0312690734863281 0.00104713439941406 -0.0305175781250001 0.430419921875
-0.0141963958740234 -0.0207538604736328 -0.392120361328125 0.349853515625
0.0190315246582031 -0.00321197509765625 -0.400054931640625 0.043426513671875
0.0311985015869141 0.0216007232666016 0.0243949890136719 0.0541114807128906
0.0264549255371094 0.00642204284667969 0.477264404296875 0.00201416015625
0.00229549407958984 -0.00888919830322266 0.415374755859375 -0.3831787109375
-0.013697624206543 -0.0054616928100586 -0.068359375 -0.46087646484375
-0.0115842819213867 0.00136566162109375 -0.315155029296875 -0.157318115234375
0.002197265625 0.00890445709228515 -0.255996704101563 0.051544189453125
0.0125341415405273 0.00414466857910156 -0.0695114135742188 0.127029418945312
0.00828027725219726 -0.00369167327880859 0.0733718872070313 0.100212097167969
0.0104837417602539 -0.00658226013183594 -0.0308074951171875 -0.100395202636719
0.0177192687988281 0.00782012939453125 0.113906860351563 -0.116584777832031
0.0175819396972656 0.0147056579589844 0.251174926757812 -0.0107574462890625
-0.000195503234863282 0.0162439346313477 0.27691650390625 0.21856689453125
-0.0329360961914063 0.000101089477539057 -0.019561767578125 0.431060791015625
-0.0138530731201172 -0.0224113464355469 -0.3817138671875 0.358367919921875
0.0276412963867187 -0.00327491760253906 -0.402496337890625 0.0499267578125
0.0444412231445312 0.0273818969726563 0.015625 0.05010986328125
0.0362739562988281 0.008270263671875 0.466949462890625 -0.004302978515625
0.00386524200439453 -0.0114688873291016 0.404815673828125 -0.385650634765625
-0.0157289505004883 -0.00783443450927735 -0.074371337890625 -0.461761474609375
-0.0132970809936523 -0.000751495361328125 -0.31878662109375 -0.156463623046875
0.00349092483520508 0.00726509094238281 -0.26025390625 0.052001953125
0.0145406723022461 0.00226783752441406 -0.073760986328125 0.12481689453125
0.00951004028320313 -0.00343704223632813 0.070556640625 0.0943679809570313
0.0108613967895508 -0.00707340240478516 -0.0328445434570313 -0.100265502929687
0.0174655914306641 0.00644111633300781 0.113632202148438 -0.116096496582031
0.0179862976074219 0.0147171020507813 0.2509765625 -0.013214111328125
0.000547409057617189 0.016636848449707 0.280487060546875 0.21441650390625
-0.0324077606201172 0.000879287719726564 -0.012664794921875 0.43231201171875
-0.0144557952880859 -0.0218181610107422 -0.376312255859375 0.363067626953125
0.0258655548095703 -0.00379180908203125 -0.400848388671875 0.05340576171875
0.0419273376464844 0.0255928039550781 0.0128021240234375 0.0499496459960938
0.0338172912597656 0.00807380676269531 0.465362548828125 -0.000915527343749999
0.00362873077392578 -0.0102376937866211 0.4093017578125 -0.385711669921875
-0.0159902572631836 -0.00795841217041016 -0.06915283203125 -0.465240478515625
-0.0124330520629883 -0.00111198425292969 -0.317169189453125 -0.158416748046875
0.00352191925048828 0.00688314437866211 -0.260711669921875 0.0513458251953126
0.0146684646606445 0.00170135498046875 -0.075714111328125 0.125511169433594
0.0105628967285156 -0.00392723083496094 0.0703582763671875 0.09454345703125
0.0111541748046875 -0.00640678405761719 -0.0337753295898437 -0.100914001464844
0.0172214508056641 0.00623226165771484 0.111381530761719 -0.117271423339844
0.0178680419921875 0.0144824981689453 0.250900268554688 -0.0154571533203125
0.000191688537597655 0.0173425674438477 0.283599853515625 0.21343994140625
-0.0317649841308594 0.00131607055664062 -0.00875854492187499 0.43048095703125
-0.0155696868896484 -0.0216732025146484 -0.3729248046875 0.36346435546875
0.0227546691894531 -0.00446701049804688 -0.40228271484375 0.05413818359375
0.038787841796875 0.0242042541503906 0.0128517150878906 0.0488700866699219
0.0313854217529297 0.00744438171386719 0.466033935546875 0.0029296875
0.00210189819335938 -0.0104684829711914 0.4129638671875 -0.381317138671875
-0.0147409439086914 -0.00694656372070313 -0.06536865234375 -0.46551513671875
-0.0120210647583008 0.000109672546386718 -0.315673828125 -0.160675048828125
0.00377273559570313 0.00760746002197266 -0.259567260742188 0.0508880615234375
0.0152034759521484 0.00102901458740234 -0.0745773315429688 0.126235961914062
0.0117149353027344 -0.00412654876708984 0.0694046020507813 0.095245361328125
0.0114049911499023 -0.00754547119140625 -0.0340042114257813 -0.100090026855469
0.0172462463378906 0.00598812103271484 0.1121826171875 -0.115364074707031
0.0173940658569336 0.0161333084106445 0.252593994140625 -0.01568603515625
0.000654220581054687 0.0185756683349609 0.28411865234375 0.21173095703125
-0.032318115234375 0.00246620178222656 -0.00564575195312504 0.429962158203125
-0.0161514282226562 -0.0210037231445313 -0.36968994140625 0.365081787109375
0.0201606750488281 -0.00463294982910156 -0.401123046875 0.05517578125
0.0352897644042969 0.0223274230957031 0.0130653381347656 0.0496368408203125
0.0288677215576172 0.00699234008789062 0.46826171875 0.00347900390625
0.00147151947021484 -0.0105934143066406 0.41546630859375 -0.38067626953125
-0.0157604217529297 -0.0066232681274414 -0.063262939453125 -0.466156005859375
-0.0121870040893555 0.000746726989746096 -0.31488037109375 -0.159912109375
0.00391006469726563 0.00751924514770508 -0.258743286132813 0.050811767578125
0.0147418975830078 0.00142383575439453 -0.0740509033203125 0.126853942871094
0.0125102996826172 -0.00475120544433594 0.0711441040039063 0.0964889526367188
0.0108423233032227 -0.00761795043945313 -0.0354537963867188 -0.10009765625
0.0166501998901367 0.00660800933837891 0.112327575683594 -0.115882873535156
0.0171356201171875 0.0156402587890625 0.252395629882813 -0.0146484375
0.000936508178710939 0.0180778503417969 0.284759521484375 0.21185302734375
-0.0310401916503906 0.00245094299316406 -0.00665283203125003 0.429534912109375
-0.0163669586181641 -0.0198974609375 -0.37249755859375 0.36468505859375
0.0181083679199219 -0.00502204895019531 -0.40093994140625 0.055511474609375
0.0331573486328125 0.0212516784667969 0.0149002075195313 0.0496940612792969
0.0261993408203125 0.00646209716796875 0.469512939453125 0.0042724609375
0.00115871429443359 -0.00921058654785156 0.416351318359375 -0.38031005859375
-0.014801025390625 -0.00600528717041016 -0.06396484375 -0.465240478515625
-0.0116367340087891 0.0009002685546875 -0.31439208984375 -0.15985107421875
0.00314140319824219 0.00741767883300781 -0.258148193359375 0.0517425537109375
0.0141782760620117 0.00132083892822266 -0.0738906860351563 0.127815246582031
0.0112819671630859 -0.00448989868164063 0.0709991455078125 0.0973358154296875
0.00988864898681641 -0.00745391845703125 -0.0360641479492188 -0.101249694824219
0.0166244506835938 0.00615406036376953 0.113945007324219 -0.115501403808594
0.016850471496582 0.0161972045898438 0.252700805664063 -0.0137481689453125
0.000812530517578126 0.0187225341796875 0.28326416015625 0.21551513671875
-0.0318470001220703 0.0032806396484375 -0.01031494140625 0.42950439453125
-0.0163021087646484 -0.0196857452392578 -0.375823974609375 0.362274169921875
0.0171146392822266 -0.00473213195800781 -0.399810791015625 0.0533447265625
0.0309200286865234 0.0207271575927734 0.0170326232910156 0.0511207580566406
0.02587890625 0.00628852844238281 0.471649169921875 0.00152587890625
0.00169134140014648 -0.00878334045410156 0.415130615234375 -0.381805419921875
-0.0147552490234375 -0.00618839263916015 -0.064788818359375 -0.462860107421875
-0.0112581253051758 0.00163745880126953 -0.314971923828125 -0.15802001953125
0.00297021865844727 0.00874185562133789 -0.257431030273438 0.0522613525390625
0.0133571624755859 0.00225734710693359 -0.0719146728515625 0.127754211425781
0.0107240676879883 -0.00470352172851563 0.072052001953125 0.0986099243164063
0.00865411758422852 -0.00693082809448242 -0.0390396118164063 -0.101417541503906
0.0164594650268555 0.00612354278564453 0.114395141601563 -0.11773681640625
0.014988899230957 0.0163230895996094 0.251907348632812 -0.0121002197265625
-0.000339508056640626 0.0184421539306641 0.280288696289063 0.216705322265625
-0.0310592651367188 0.00286865234375 -0.017120361328125 0.430999755859375
-0.0159168243408203 -0.0195846557617188 -0.38006591796875 0.361053466796875
0.0175695419311523 -0.00413322448730469 -0.400238037109375 0.051788330078125
0.030303955078125 0.0204715728759766 0.0206947326660156 0.0528144836425781
0.0259056091308594 0.00625038146972656 0.47418212890625 -0.00189208984375
0.00208091735839844 -0.0100793838500977 0.41229248046875 -0.38604736328125
-0.0149421691894531 -0.00562095642089843 -0.0689697265625 -0.461090087890625
-0.0115642547607422 0.00143241882324219 -0.31475830078125 -0.154876708984375
0.00251197814941406 0.00853490829467773 -0.254959106445313 0.0541992187499999
0.0131072998046875 0.00240135192871094 -0.0686492919921875 0.127677917480469
0.00983905792236328 -0.00424671173095703 0.0755691528320313 0.097686767578125
0.00696039199829102 -0.00685024261474609 -0.0382308959960938 -0.101692199707031
0.0154323577880859 0.00852489471435547 0.116058349609375 -0.115188598632813
0.0156412124633789 0.0168933868408203 0.251602172851563 -0.0104522705078125
-0.000782012939453126 0.0185489654541016 0.278839111328125 0.220321655273437
-0.0314655303955078 0.00212478637695313 -0.023101806640625 0.430084228515625
-0.0137996673583984 -0.0195102691650391 -0.3843994140625 0.355255126953125
0.0191497802734375 -0.00368881225585937 -0.3995361328125 0.050079345703125
0.03118896484375 0.0214576721191406 0.0245513916015625 0.0538291931152344
0.0264205932617188 0.00683021545410156 0.475860595703125 -0.006011962890625
0.00274562835693359 -0.00886917114257813 0.4072265625 -0.38897705078125
-0.0140447616577148 -0.00508594512939453 -0.07763671875 -0.458740234375
-0.0117130279541016 0.00109291076660156 -0.31787109375 -0.15020751953125
0.00220203399658203 0.00914764404296875 -0.254714965820312 0.0560455322265625
0.0124940872192383 0.00363349914550781 -0.06744384765625 0.1285400390625
0.00808858871459961 -0.0037379264831543 0.0750808715820313 0.0992202758789063
0.0107545852661133 -0.00631141662597656 -0.0324783325195313 -0.100601196289063
0.0163431167602539 0.00748348236083984 0.11053466796875 -0.116950988769531
0.0177993774414063 0.0135993957519531 0.249359130859375 -0.0156707763671875
-0.000270843505859374 0.0160636901855469 0.27984619140625 0.212814331054687
-0.0326728820800781 0.000709533691406254 -0.0125732421875 0.43182373046875
-0.0137767791748047 -0.0217456817626953 -0.374237060546875 0.364410400390625
0.0279483795166016 -0.00378608703613281 -0.400390625 0.055938720703125
0.0443229675292969 0.0267066955566406 0.0157356262207031 0.0500450134277344
0.0355339050292969 0.00815200805664062 0.46356201171875 -0.0115966796875
0.00337886810302734 -0.0100669860839844 0.39599609375 -0.392059326171875
-0.0160093307495117 -0.00749778747558593 -0.081756591796875 -0.459869384765625
-0.0129070281982422 0.000108718872070311 -0.32061767578125 -0.14910888671875
0.00410699844360352 0.00732803344726562 -0.257644653320313 0.0565032958984375
0.0148334503173828 0.00195217132568359 -0.0715255737304688 0.126419067382813
0.0091094970703125 -0.00387859344482422 0.0715789794921875 0.0928268432617187
0.0103740692138672 -0.00666713714599609 -0.0338821411132813 -0.0997848510742188
0.0175991058349609 0.00680732727050781 0.110115051269531 -0.118385314941406
0.0183143615722656 0.0141105651855469 0.249496459960937 -0.01873779296875
0.000657081604003907 0.0153799057006836 0.2828369140625 0.210540771484375
-0.0328521728515625 0.00177574157714843 -0.0057373046875 0.431182861328125
-0.0142288208007813 -0.0215892791748047 -0.3677978515625 0.368896484375
0.0253410339355469 -0.00416183471679688 -0.398773193359375 0.0602416992187499
0.0421829223632813 0.0250778198242188 0.0126876831054687 0.0489845275878906
0.0332584381103516 0.00733375549316406 0.462982177734375 -0.009552001953125
0.00259590148925781 -0.0102758407592773 0.39990234375 -0.38958740234375
-0.0160436630249023 -0.00757694244384765 -0.076385498046875 -0.46087646484375
-0.0132818222045898 -4.76837158203149E-05 -0.318389892578125 -0.152801513671875
0.00401544570922852 0.00750446319580078 -0.258529663085938 0.055450439453125
0.0143194198608398 0.00151157379150391 -0.073089599609375 0.1263427734375
0.0101127624511719 -0.00419330596923828 0.071136474609375 0.0934677124023438
0.0113534927368164 -0.00656509399414063 -0.03472900390625 -0.100875854492188
0.0174121856689453 0.00660419464111328 0.109825134277344 -0.118705749511719
0.0190792083740234 0.0136604309082031 0.24932861328125 -0.0199432373046875
0.00132560729980469 0.0160274505615234 0.285430908203125 0.20684814453125
-0.0325164794921875 0.00238227844238282 -0.00109863281250004 0.4285888671875
-0.016387939453125 -0.0203723907470703 -0.364410400390625 0.36859130859375
0.0228404998779297 -0.00456619262695313 -0.399566650390625 0.0613708496093749
0.0392074584960938 0.0234336853027344 0.0122261047363281 0.0486373901367187
0.0310497283935547 0.00739288330078125 0.46343994140625 -0.006439208984375
0.00132274627685547 -0.00988388061523438 0.404571533203125 -0.385345458984375
-0.0156326293945313 -0.00702095031738281 -0.072479248046875 -0.462432861328125
-0.0125341415405273 -6.00814819335918E-05 -0.3167724609375 -0.153411865234375
0.00386381149291992 0.00757408142089844 -0.257644653320313 0.055084228515625
0.0142488479614258 0.000943183898925781 -0.0724334716796875 0.126800537109375
0.011444091796875 -0.00458145141601563 0.0716323852539063 0.093994140625
0.0116329193115234 -0.00758552551269531 -0.0360870361328125 -0.0998001098632812
0.0172109603881836 0.00621223449707031 0.110153198242188 -0.118637084960938
0.0182380676269531 0.014190673828125 0.250503540039063 -0.0203704833984375
0.00117206573486328 0.0172910690307617 0.28814697265625 0.204833984375
-0.0324172973632813 0.00303840637207031 0.00125122070312499 0.42889404296875
-0.0173282623291016 -0.0204257965087891 -0.36279296875 0.369293212890625
0.0201568603515625 -0.00531196594238281 -0.3985595703125 0.0621337890625
0.0357666015625 0.0224990844726563 0.0119400024414062 0.048797607421875
0.0287132263183594 0.0065155029296875 0.46453857421875 -0.00396728515625
0.00124740600585938 -0.00927257537841797 0.40606689453125 -0.384674072265625
-0.0153598785400391 -0.00620365142822265 -0.072479248046875 -0.462432861328125
-0.0114812850952148 0.000594139099121095 -0.31549072265625 -0.154876708984375
0.00346469879150391 0.00792360305786133 -0.256866455078125 0.0560760498046875
0.0141916275024414 0.000685691833496094 -0.0726089477539063 0.127433776855469
0.0125055313110352 -0.00513648986816406 0.0724563598632813 0.0951919555664063
0.0100278854370117 -0.00694465637207031 -0.0373611450195313 -0.100631713867188
0.016937255859375 0.00609493255615234 0.110710144042969 -0.117881774902344
0.0173559188842773 0.0148496627807617 0.251358032226563 -0.020599365234375
0.00148391723632812 0.0177078247070313 0.286651611328125 0.20684814453125
-0.0321388244628906 0.00384330749511719 -0.000305175781250017 0.42816162109375
-0.0173053741455078 -0.0192718505859375 -0.36505126953125 0.369720458984375
0.0175914764404297 -0.00538444519042969 -0.398040771484375 0.0611572265625001
0.03277587890625 0.0206851959228516 0.0144920349121094 0.0494384765625
0.0268783569335938 0.00597763061523438 0.467041015625 -0.003326416015625
0.000948429107666015 -0.00852394104003906 0.407501220703125 -0.38372802734375
-0.0147104263305664 -0.00603389739990235 -0.0714111328125 -0.461944580078125
-0.0116653442382812 0.00159740447998047 -0.31549072265625 -0.15264892578125
0.00330829620361328 0.0084385871887207 -0.256057739257813 0.0561676025390625
0.0141191482543945 0.00143051147460938 -0.0709152221679688 0.128334045410156
0.0116729736328125 -0.00514316558837891 0.0722885131835938 0.0956649780273438
0.0100193023681641 -0.00711631774902344 -0.0381393432617187 -0.100418090820313
0.0174455642700195 0.00647068023681641 0.112197875976563 -0.117851257324219
0.0171566009521484 0.0151519775390625 0.251419067382812 -0.0185546875
0.00123786926269531 0.0179958343505859 0.28570556640625 0.208404541015625
-0.0312862396240234 0.00351333618164063 -0.00326538085937503 0.4287109375
-0.0164623260498047 -0.0186939239501953 -0.3681640625 0.36749267578125
0.0170755386352539 -0.00491046905517578 -0.397308349609375 0.05889892578125
0.0307369232177734 0.0199069976806641 0.0172615051269531 0.0503921508789062
0.0259284973144531 0.006072998046875 0.469207763671875 -0.00518798828125
0.000911712646484376 -0.00863885879516602 0.406219482421875 -0.386444091796875
-0.014613151550293 -0.00539302825927735 -0.072418212890625 -0.460052490234375
-0.0110950469970703 0.00186252593994141 -0.31536865234375 -0.150787353515625
0.00259494781494141 0.00878477096557617 -0.254684448242188 0.0574188232421875
0.0130014419555664 0.00165081024169922 -0.06982421875 0.12957763671875
0.0113058090209961 -0.00489425659179688 0.0736083984375 0.0963668823242188
0.00780248641967773 -0.00710105895996094 -0.0403366088867187 -0.10101318359375
0.0162897109985352 0.00680923461914063 0.111557006835938 -0.119316101074219
0.0157270431518555 0.0160322189331055 0.250335693359375 -0.016632080078125
0.000215530395507812 0.0181083679199219 0.283050537109375 0.211700439453125
-0.0308380126953125 0.00404930114746094 -0.00949096679687504 0.430084228515625
-0.0151920318603516 -0.018646240234375 -0.37359619140625 0.3668212890625
0.0173797607421875 -0.00469684600830078 -0.397674560546875 0.057830810546875
0.0303916931152344 0.0197124481201172 0.0207481384277344 0.0515022277832031
0.0257320404052734 0.00551795959472656 0.47186279296875 -0.0089111328125
0.00214576721191406 -0.00857734680175781 0.40411376953125 -0.39111328125
-0.0142574310302734 -0.00491619110107422 -0.076507568359375 -0.457427978515625
-0.0117712020874023 0.00175666809082031 -0.316192626953125 -0.14801025390625
0.00302886962890625 0.00936126708984375 -0.252899169921875 0.0590057373046875
0.0135650634765625 0.00275993347167969 -0.0664138793945313 0.128776550292969
0.0100822448730469 -0.00466251373291016 0.0767822265625 0.0958251953125
0.00655269622802734 -0.00705099105834961 -0.0401840209960938 -0.101181030273438
0.0159463882446289 0.00841236114501953 0.113304138183594 -0.117820739746094
0.0157489776611328 0.0161714553833008 0.250228881835938 -0.0149688720703125
-9.53674316406351E-06 0.0174264907836914 0.27996826171875 0.21380615234375
-0.0309867858886719 0.00319862365722657 -0.01568603515625 0.430511474609375
-0.0144119262695312 -0.0184402465820313 -0.3780517578125 0.36077880859375
0.0185031890869141 -0.00417900085449219 -0.395751953125 0.055419921875
0.0306205749511719 0.0201873779296875 0.0247840881347656 0.0531768798828125
0.0263957977294922 0.00576972961425781 0.472900390625 -0.014556884765625
0.0024561882019043 -0.00813150405883789 0.39697265625 -0.39361572265625
-0.0139532089233398 -0.00438785552978515 -0.08526611328125 -0.4549560546875
-0.0124197006225586 0.00226593017578125 -0.318603515625 -0.14404296875
0.00204181671142578 0.00920486450195313 -0.252548217773438 0.06097412109375
0.0124139785766602 0.00396633148193359 -0.0653228759765625 0.129646301269531
0.00840425491333008 -0.00462150573730469 0.0764541625976563 0.096923828125
0.0103826522827148 -0.00637531280517578 -0.0343399047851562 -0.09942626953125
0.0170183181762695 0.0079498291015625 0.108627319335938 -0.1181640625
0.0185337066650391 0.0130386352539063 0.246856689453125 -0.019805908203125
-0.000686645507812501 0.0144319534301758 0.281158447265625 0.2064208984375
-0.0324363708496094 0.00118064880371094 -0.00494384765625003 0.429534912109375
-0.0134296417236328 -0.0199451446533203 -0.366912841796875 0.368377685546875
0.0271873474121094 -0.00383186340332031 -0.3966064453125 0.062103271484375
0.0440673828125 0.0248527526855469 0.0152015686035156 0.0488967895507813
0.0345973968505859 0.00766181945800781 0.458953857421875 -0.018768310546875
0.00387954711914062 -0.00987148284912109 0.387481689453125 -0.39361572265625
-0.0161762237548828 -0.00746917724609375 -0.08837890625 -0.455230712890625
-0.0137100219726562 5.14984130859403E-05 -0.320159912109375 -0.14227294921875
0.00333690643310547 0.00777387619018555 -0.254486083984375 0.0606536865234375
0.0137348175048828 0.00204372406005859 -0.0685653686523437 0.127021789550781
0.00889301300048828 -0.00376987457275391 0.0728225708007813 0.0906753540039063
0.0109100341796875 -0.00622081756591797 -0.0345535278320312 -0.0991973876953125
0.0175132751464844 0.00660419464111328 0.107368469238281 -0.119888305664063
0.0184249877929687 0.0127143859863281 0.24798583984375 -0.023529052734375
0.000698089599609373 0.0156898498535156 0.283905029296875 0.203521728515625
-0.0330219268798828 0.00144577026367188 0.00216674804687504 0.4296875
-0.0148258209228516 -0.0198993682861328 -0.3616943359375 0.37127685546875
0.024505615234375 -0.00475120544433594 -0.397308349609375 0.0646057128906249
0.0414199829101562 0.0242881774902344 0.0133934020996094 0.0490074157714844
0.0334739685058594 0.00691413879394531 0.459259033203125 -0.015716552734375
0.00244903564453125 -0.00949573516845703 0.39276123046875 -0.391937255859375
-0.0157346725463867 -0.00693035125732422 -0.083892822265625 -0.456512451171875
-0.0124578475952148 0.000357627868652345 -0.31866455078125 -0.14556884765625
0.00415945053100586 0.00766801834106445 -0.254470825195312 0.0600738525390625
0.0148773193359375 0.00201606750488281 -0.0712356567382813 0.127189636230469
0.0102653503417969 -0.00436496734619141 0.0726852416992188 0.0918045043945313
0.010746955871582 -0.00677967071533203 -0.035980224609375 -0.0996551513671875
0.0180320739746094 0.00601768493652344 0.105888366699219 -0.119987487792969
0.0183238983154297 0.0130023956298828 0.248367309570313 -0.0245361328125
0.000810623168945312 0.015620231628418 0.28643798828125 0.200714111328125
-0.0320968627929688 0.00331878662109376 0.00463867187499999 0.42767333984375
-0.0164699554443359 -0.0194568634033203 -0.358184814453125 0.372711181640625
0.0227241516113281 -0.00517654418945313 -0.396240234375 0.0651245117187501
0.0384521484375 0.0219345092773438 0.0124626159667969 0.0479545593261719
0.0310783386230469 0.00730133056640625 0.459686279296875 -0.010986328125
0.00157260894775391 -0.00885772705078125 0.394683837890625 -0.388427734375
-0.0153646469116211 -0.00635242462158203 -0.08050537109375 -0.457855224609375
-0.0122213363647461 0.000745773315429685 -0.3172607421875 -0.14801025390625
0.00401782989501953 0.00794363021850586 -0.255020141601563 0.0600128173828125
0.0145034790039063 0.000753402709960938 -0.0704421997070313 0.128868103027344
0.011836051940918 -0.00519275665283203 0.0729598999023438 0.093597412109375
0.0108852386474609 -0.00742149353027344 -0.037750244140625 -0.09918212890625
0.0174322128295898 0.00634002685546875 0.106864929199219 -0.119361877441406
0.0178699493408203 0.0139217376708984 0.249221801757813 -0.0240478515625
0.000948905944824218 0.0164737701416016 0.288177490234375 0.20001220703125
-0.0321712493896484 0.00418281555175781 0.00747680664062499 0.4271240234375
-0.0163917541503906 -0.0189838409423828 -0.355682373046875 0.3731689453125
0.0193500518798828 -0.00521087646484375 -0.39666748046875 0.06610107421875
0.0357589721679688 0.0220718383789063 0.0125656127929688 0.0482597351074219
0.0281543731689453 0.00739288330078125 0.46173095703125 -0.01055908203125
0.000996589660644531 -0.00842142105102539 0.397918701171875 -0.388946533203125
-0.0157585144042969 -0.005950927734375 -0.077484130859375 -0.45849609375
-0.0118503570556641 0.00193309783935547 -0.3160400390625 -0.1480712890625
0.00327444076538086 0.00767230987548828 -0.253921508789063 0.059814453125
0.0133399963378906 0.00109958648681641 -0.07086181640625 0.12890625
0.0113162994384766 -0.00552845001220703 0.0728530883789063 0.0931549072265625
0.0100288391113281 -0.00730133056640625 -0.03875732421875 -0.0994644165039063
0.0171632766723633 0.0062408447265625 0.107490539550781 -0.120040893554687
0.0178966522216797 0.0141944885253906 0.2490234375 -0.0239105224609375
0.0013275146484375 0.017054557800293 0.288299560546875 0.2012939453125
-0.0315570831298828 0.00453948974609375 0.00714111328124995 0.427734375
-0.0167770385742188 -0.0184803009033203 -0.357208251953125 0.372467041015625
0.0171613693237305 -0.00594806671142578 -0.39501953125 0.0657348632812499
0.0326080322265625 0.0199489593505859 0.0147171020507813 0.0485801696777344
0.0266323089599609 0.00625991821289062 0.46185302734375 -0.0098876953125
0.00111722946166992 -0.00834989547729492 0.39837646484375 -0.38800048828125
-0.01531982421875 -0.00517559051513672 -0.078033447265625 -0.45745849609375
-0.0115499496459961 0.00198173522949219 -0.3154296875 -0.146942138671875
0.00335121154785156 0.00806951522827148 -0.25335693359375 0.060302734375
0.0139503479003906 0.00105857849121094 -0.0689315795898437 0.129547119140625
0.0112800598144531 -0.00587558746337891 0.07391357421875 0.0946121215820313
0.00922584533691406 -0.00736904144287109 -0.0391998291015625 -0.0993804931640625
0.0169878005981445 0.00641632080078125 0.1085205078125 -0.119705200195313
0.0170478820800781 0.0146121978759766 0.249725341796875 -0.022552490234375
0.00134086608886719 0.0172672271728516 0.287322998046875 0.2030029296875
-0.0312862396240234 0.00454902648925782 0.00326538085937499 0.4271240234375
-0.0167083740234375 -0.0180568695068359 -0.36041259765625 0.370086669921875
0.01654052734375 -0.00528049468994141 -0.39459228515625 0.06494140625
0.0307674407958984 0.0194511413574219 0.0171356201171875 0.0499992370605469
0.0257663726806641 0.00576972961425781 0.46527099609375 -0.01177978515625
0.00101566314697266 -0.00770473480224609 0.396697998046875 -0.388916015625
-0.0146570205688477 -0.00461578369140625 -0.08038330078125 -0.454986572265625
-0.0121164321899414 0.00231170654296875 -0.316497802734375 -0.14501953125
0.00285530090332031 0.00891780853271484 -0.252700805664063 0.061248779296875
0.0130176544189453 0.00147533416748047 -0.0677719116210937 0.130020141601563
0.010676383972168 -0.00502681732177734 0.0751113891601563 0.0952835083007813
0.00760507583618164 -0.00710248947143555 -0.042388916015625 -0.100021362304688
0.0167169570922852 0.00565147399902344 0.108573913574219 -0.120819091796875
0.0158205032348633 0.0157546997070313 0.248123168945313 -0.0209808349609375
0.000726699829101562 0.0175876617431641 0.285064697265625 0.205352783203125
-0.0308628082275391 0.00436592102050781 -0.00283813476562497 0.428253173828125
-0.0154838562011719 -0.0179710388183594 -0.365997314453125 0.370697021484375
0.0176296234130859 -0.00510978698730469 -0.39520263671875 0.06353759765625
0.0296115875244141 0.019256591796875 0.0212478637695313 0.0506401062011719
0.0256004333496094 0.00580215454101563 0.468536376953125 -0.016143798828125
0.00122737884521484 -0.00809621810913086 0.395782470703125 -0.39385986328125
-0.0141897201538086 -0.00498104095458984 -0.083526611328125 -0.45428466796875
-0.0125312805175781 0.00190258026123047 -0.316619873046875 -0.141204833984375
0.00180149078369141 0.00908946990966797 -0.250503540039063 0.06280517578125
0.012324333190918 0.00245094299316406 -0.0650787353515625 0.128761291503906
0.0104284286499023 -0.00511455535888672 0.0785064697265625 0.094573974609375
0.00640726089477539 -0.0077061653137207 -0.0413284301757812 -0.100471496582031
0.0162429809570313 0.00860786437988281 0.110031127929688 -0.11932373046875
0.0151739120483398 0.0156049728393555 0.248886108398438 -0.019195556640625
-0.000136375427246093 0.0174627304077148 0.28240966796875 0.208160400390625
-0.0309963226318359 0.00347518920898438 -0.00894165039062498 0.42840576171875
-0.0139179229736328 -0.0179424285888672 -0.37042236328125 0.364501953125
0.0182971954345703 -0.00475502014160156 -0.393798828125 0.060089111328125
0.0307540893554688 0.0194683074951172 0.0245437622070313 0.0522613525390625
0.0264854431152344 0.00534439086914063 0.4676513671875 -0.0208740234375
0.00216960906982422 -0.00788688659667969 0.389068603515625 -0.396575927734375
-0.0139284133911133 -0.00459957122802734 -0.090484619140625 -0.4510498046875
-0.0115394592285156 0.00226783752441406 -0.318695068359375 -0.13726806640625
0.00173377990722656 0.00914573669433594 -0.250274658203125 0.0650482177734375
0.0122175216674805 0.00321388244628906 -0.0629348754882813 0.130088806152344
0.00787019729614258 -0.00454568862915039 0.0776596069335938 0.0955123901367188
0.0100879669189453 -0.00640964508056641 -0.035369873046875 -0.09906005859375
0.0178756713867188 0.00670623779296875 0.105056762695313 -0.119796752929688
0.0180320739746094 0.0132369995117188 0.244842529296875 -0.0237274169921875
2.28881835937491E-05 0.01470947265625 0.280899047851563 0.201461791992188
-0.0325813293457031 0.00224304199218749 0.000183105468749966 0.427520751953125
-0.0128421783447266 -0.0188961029052734 -0.358917236328125 0.369720458984375
0.0263671875 -0.00450897216796875 -0.393157958984375 0.066864013671875
0.0437583923339844 0.0252037048339844 0.0153160095214844 0.0492477416992188
0.0349655151367188 0.00727272033691406 0.456024169921875 -0.02276611328125
0.00370597839355469 -0.00905704498291015 0.378448486328125 -0.395721435546875
-0.016016960144043 -0.00639057159423828 -0.093658447265625 -0.451385498046875
-0.0139589309692383 0.000447273254394533 -0.3201904296875 -0.136444091796875
0.00347328186035156 0.00730800628662109 -0.25250244140625 0.0656280517578125
0.0135574340820313 0.00172042846679688 -0.067718505859375 0.127525329589844
0.00865697860717773 -0.00418186187744141 0.0731353759765625 0.08990478515625
0.0103740692138672 -0.00609588623046875 -0.0361251831054687 -0.0985260009765625
0.0171699523925781 0.00684547424316406 0.105087280273438 -0.120803833007813
0.0185985565185547 0.0123081207275391 0.244674682617188 -0.0259857177734375
0.00124263763427734 0.0144500732421875 0.285736083984375 0.1981201171875
-0.0318355560302734 0.00284957885742187 0.00640869140624997 0.426483154296875
-0.0135421752929687 -0.0193042755126953 -0.35394287109375 0.374847412109375
0.0244789123535156 -0.00527000427246094 -0.391937255859375 0.0693969726562499
0.0414276123046875 0.0231094360351563 0.0138092041015625 0.048187255859375
0.0338249206542969 0.00796127319335937 0.4559326171875 -0.020751953125
0.00232839584350586 -0.00825691223144531 0.381988525390625 -0.39447021484375
-0.0159482955932617 -0.00667381286621094 -0.08984375 -0.45159912109375
-0.0130615234375 0.000270843505859375 -0.31854248046875 -0.139312744140625
0.00409317016601562 0.00692558288574219 -0.25250244140625 0.06329345703125
0.0143051147460937 0.00157260894775391 -0.069549560546875 0.127433776855469
0.0103368759155273 -0.00483894348144531 0.0733261108398438 0.0896759033203125
0.0111017227172852 -0.00743770599365234 -0.0381088256835937 -0.09893798828125
0.0176525115966797 0.00510978698730469 0.10333251953125 -0.121162414550781
0.0183925628662109 0.0131149291992188 0.24603271484375 -0.0274200439453125
0.00099468231201172 0.0154819488525391 0.287506103515625 0.194976806640625
-0.0321197509765625 0.00370216369628906 0.01129150390625 0.42474365234375
-0.0152683258056641 -0.0186347961425781 -0.349700927734375 0.37457275390625
0.0224323272705078 -0.00501060485839844 -0.393157958984375 0.0704956054687501
0.0372505187988281 0.02197265625 0.0127792358398437 0.0478134155273438
0.0305747985839844 0.00738716125488281 0.45550537109375 -0.01739501953125
0.00166845321655273 -0.00862693786621094 0.387481689453125 -0.39080810546875
-0.015960693359375 -0.00579547882080078 -0.085479736328125 -0.45318603515625
-0.0119810104370117 0.00124549865722656 -0.31597900390625 -0.1416015625
0.00311899185180664 0.00778341293334961 -0.251968383789063 0.0632476806640625
0.0138435363769531 0.000779151916503906 -0.0684127807617188 0.128814697265625
0.0113983154296875 -0.00489330291748047 0.0734024047851562 0.0910186767578125
0.0104303359985352 -0.00765800476074219 -0.0380325317382813 -0.0989532470703125
0.0171537399291992 0.00594902038574219 0.104751586914063 -0.121543884277344
0.0175380706787109 0.0132455825805664 0.246658325195313 -0.02825927734375
0.00138187408447266 0.0164251327514648 0.289642333984375 0.193572998046875
-0.0320072174072266 0.00492286682128906 0.011932373046875 0.4237060546875
-0.0165977478027344 -0.0185928344726562 -0.3482666015625 0.374114990234375
0.0188064575195313 -0.00636482238769531 -0.392486572265625 0.0713806152343749
0.0346126556396484 0.0207958221435547 0.0131950378417969 0.04833984375
0.0272159576416016 0.00624847412109375 0.457183837890625 -0.016265869140625
0.00134897232055664 -0.00840950012207031 0.3892822265625 -0.3885498046875
-0.0156402587890625 -0.00555515289306641 -0.084197998046875 -0.453216552734375
-0.0129919052124023 0.00137996673583985 -0.315643310546875 -0.142364501953125
0.00337600708007813 0.00811624526977539 -0.251937866210938 0.06329345703125
0.014216423034668 0.0001983642578125 -0.0675277709960938 0.12921142578125
0.0115633010864258 -0.00533008575439453 0.0734100341796875 0.0921249389648437
0.0104379653930664 -0.00705051422119141 -0.0395660400390625 -0.0984573364257813
0.017460823059082 0.00585174560546875 0.104598999023437 -0.121162414550781
0.0178451538085938 0.0137042999267578 0.246856689453125 -0.027862548828125
0.00219917297363281 0.0167312622070313 0.28857421875 0.19482421875
-0.0310878753662109 0.00490188598632812 0.011932373046875 0.42413330078125
-0.0165634155273438 -0.0169181823730469 -0.34979248046875 0.375030517578125
0.0172863006591797 -0.00563526153564453 -0.391448974609375 0.0697326660156251
0.0314788818359375 0.0197277069091797 0.0141525268554688 0.0474586486816406
0.0263786315917969 0.00577545166015625 0.459259033203125 -0.015228271484375
0.000766277313232421 -0.00801610946655273 0.389556884765625 -0.389892578125
-0.0146846771240234 -0.00493049621582031 -0.0836181640625 -0.45391845703125
-0.0115756988525391 0.00193405151367188 -0.31610107421875 -0.141204833984375
0.00285530090332031 0.00822639465332031 -0.250244140625 0.064483642578125
0.0136966705322266 0.00165081024169922 -0.06744384765625 0.129119873046875
0.0114898681640625 -0.00587272644042969 0.075225830078125 0.0927200317382813
0.00938892364501953 -0.00677871704101563 -0.0406646728515625 -0.098876953125
0.017186164855957 0.00621509552001953 0.106346130371094 -0.120643615722656
0.0173444747924805 0.0142507553100586 0.247726440429688 -0.02691650390625
0.00163936614990234 0.0165653228759766 0.287384033203125 0.19793701171875
-0.0314407348632813 0.00503921508789062 0.00918579101562503 0.42474365234375
-0.016423225402832 -0.0172853469848633 -0.35345458984375 0.372222900390625
0.0164709091186523 -0.00561809539794922 -0.39093017578125 0.0688476562500001
0.0296554565429688 0.0183753967285156 0.0171928405761719 0.0495376586914063
0.0251674652099609 0.00593948364257812 0.461273193359375 -0.01751708984375
0.000736236572265625 -0.00709915161132813 0.389129638671875 -0.391021728515625
-0.0148983001708984 -0.00438690185546875 -0.08544921875 -0.4501953125
-0.0118169784545898 0.00255298614501953 -0.315765380859375 -0.138763427734375
0.0024261474609375 0.00906848907470703 -0.250274658203125 0.0647735595703125
0.0122041702270508 0.00169754028320313 -0.0657577514648438 0.130706787109375
0.010380744934082 -0.00592803955078125 0.0757217407226563 0.0936965942382813
0.00779056549072266 -0.00755071640014648 -0.0437393188476563 -0.0994949340820313
0.0172262191772461 0.00609111785888672 0.106163024902344 -0.121429443359375
0.0166692733764648 0.0147790908813477 0.246047973632812 -0.0241241455078125
0.000455856323242189 0.0166053771972656 0.284698486328125 0.20068359375
-0.0308380126953125 0.00498580932617188 0.00256347656249995 0.426544189453125
-0.0149383544921875 -0.0169811248779297 -0.3577880859375 0.37158203125
0.0167303085327148 -0.00529861450195313 -0.3909912109375 0.06805419921875
0.0299396514892578 0.0184860229492188 0.0208473205566406 0.0497322082519531
0.0255241394042969 0.00538444519042969 0.463958740234375 -0.020263671875
0.00096273422241211 -0.0077519416809082 0.387451171875 -0.394927978515625
-0.01434326171875 -0.00444412231445313 -0.089324951171875 -0.448394775390625
-0.0115594863891602 0.00251579284667969 -0.315826416015625 -0.135833740234375
0.00200271606445313 0.00949287414550781 -0.24798583984375 0.066436767578125
0.0127449035644531 0.00284194946289063 -0.06256103515625 0.129417419433594
0.00992012023925781 -0.00523853302001953 0.0789947509765625 0.0926513671875
0.00637340545654297 -0.00709342956542969 -0.0427322387695313 -0.0992889404296875
0.0165281295776367 0.00802898406982422 0.108001708984375 -0.120353698730469
0.0153665542602539 0.0150470733642578 0.246612548828125 -0.0226593017578125
0.000335693359374999 0.0163440704345703 0.282196044921875 0.20269775390625
-0.0303802490234375 0.00419425964355469 -0.00430297851562498 0.427001953125
-0.0146760940551758 -0.0169410705566406 -0.36383056640625 0.36846923828125
0.01837158203125 -0.00475883483886719 -0.3895263671875 0.06597900390625
0.0306224822998047 0.0187320709228516 0.0246734619140625 0.0514488220214844
0.026214599609375 0.00519180297851563 0.46356201171875 -0.0257568359375
0.00160503387451172 -0.0073552131652832 0.38006591796875 -0.397857666015625
-0.014434814453125 -0.00434207916259766 -0.097015380859375 -0.446197509765625
-0.0119056701660156 0.0023946762084961 -0.318359375 -0.131622314453125
0.00163745880126953 0.00975894927978516 -0.24761962890625 0.0685882568359375
0.0124750137329102 0.00372695922851563 -0.0613555908203125 0.130378723144531
0.00775480270385742 -0.00476503372192383 0.0788421630859375 0.09381103515625
0.00982284545898438 -0.00631427764892578 -0.0352325439453125 -0.0981979370117188
0.0177860260009766 0.00678253173828125 0.103363037109375 -0.121009826660156
0.0175266265869141 0.0125598907470703 0.243148803710938 -0.0265655517578125
-2.57492065429693E-05 0.013885498046875 0.28143310546875 0.196136474609375
-0.0322036743164063 0.00359916687011718 0.00534057617187501 0.425079345703125
-0.0132465362548828 -0.0187911987304688 -0.353118896484375 0.37176513671875
0.0256576538085938 -0.00451469421386719 -0.38873291015625 0.0690002441406251
0.0423812866210938 0.0240211486816406 0.0157012939453125 0.0481986999511719
0.0346660614013672 0.00691986083984375 0.449615478515625 -0.02764892578125
0.00327491760253906 -0.00827407836914063 0.370880126953125 -0.39593505859375
-0.0158977508544922 -0.00638771057128906 -0.097869873046875 -0.446075439453125
-0.013427734375 0.00078296661376953 -0.318206787109375 -0.13153076171875
0.00378894805908203 0.00825834274291992 -0.2493896484375 0.06781005859375
0.0142936706542969 0.00261306762695313 -0.0658950805664063 0.127998352050781
0.00884151458740234 -0.00482463836669922 0.0748748779296875 0.0882034301757813
0.0100975036621094 -0.00648689270019531 -0.0377426147460938 -0.0979843139648437
0.0175609588623047 0.0062713623046875 0.10272216796875 -0.121345520019531
0.0183162689208984 0.0129566192626953 0.242706298828125 -0.0284423828125
0.000565528869628905 0.0137195587158203 0.28497314453125 0.193817138671875
-0.0320167541503906 0.00331687927246094 0.01092529296875 0.424591064453125
-0.0137462615966797 -0.0183200836181641 -0.345947265625 0.374847412109375
0.0236301422119141 -0.00593376159667969 -0.3880615234375 0.0726318359375
0.0401344299316406 0.0227775573730469 0.0135040283203125 0.0473480224609375
0.0325069427490234 0.00686073303222656 0.44970703125 -0.0260009765625
0.00299692153930664 -0.0078587532043457 0.37518310546875 -0.394256591796875
-0.0155754089355469 -0.00638008117675781 -0.093048095703125 -0.44671630859375
-0.0127382278442383 0.0014190673828125 -0.3165283203125 -0.135162353515625
0.0032048225402832 0.00784683227539063 -0.250808715820313 0.0666351318359374
0.0137577056884766 0.000643730163574219 -0.0665054321289063 0.127861022949219
0.00894260406494141 -0.00540637969970703 0.0736923217773438 0.0890884399414063
0.00968170166015625 -0.00747966766357422 -0.0387954711914062 -0.0985641479492188
0.0166301727294922 0.0058746337890625 0.1021728515625 -0.1217041015625
0.0185451507568359 0.0123195648193359 0.243408203125 -0.030120849609375
0.00115299224853516 0.0148897171020508 0.285888671875 0.19061279296875
-0.0320701599121094 0.00379753112792969 0.01654052734375 0.4227294921875
-0.0161457061767578 -0.0184078216552734 -0.342529296875 0.374969482421875
0.0216445922851563 -0.00596046447753906 -0.38946533203125 0.0724487304687501
0.0378684997558594 0.0215072631835938 0.0117530822753906 0.0460853576660156
0.0308074951171875 0.00634002685546875 0.450042724609375 -0.02252197265625
0.00187969207763672 -0.00799942016601563 0.378692626953125 -0.390533447265625
-0.0162925720214844 -0.00563526153564453 -0.090362548828125 -0.44830322265625
-0.0125961303710938 0.00101184844970703 -0.315155029296875 -0.136016845703125
0.00362777709960938 0.00784587860107422 -0.25 0.0659179687499999
0.0141181945800781 0.000990867614746094 -0.0672454833984375 0.128807067871094
0.0104026794433594 -0.00580787658691406 0.0750961303710938 0.089630126953125
0.0103921890258789 -0.00731754302978516 -0.0396194458007813 -0.0978851318359375
0.0173377990722656 0.00596332550048828 0.102279663085938 -0.122245788574219
0.0179176330566406 0.0130386352539063 0.24365234375 -0.031646728515625
0.00159931182861328 0.0157222747802734 0.287841796875 0.18988037109375
-0.0311298370361328 0.00478172302246094 0.018890380859375 0.421112060546875
-0.0163097381591797 -0.0170497894287109 -0.34136962890625 0.376373291015625
0.0185546875 -0.00661087036132813 -0.38836669921875 0.074066162109375
0.0342731475830078 0.019561767578125 0.0122566223144531 0.0471115112304687
0.0278167724609375 0.00664710998535156 0.4525146484375 -0.019775390625
7.20024108886711E-05 -0.00750637054443359 0.381683349609375 -0.38983154296875
-0.0150909423828125 -0.00528526306152344 -0.087677001953125 -0.447998046875
-0.0120658874511719 0.00170516967773438 -0.313812255859375 -0.13751220703125
0.00328350067138672 0.00828361511230469 -0.248504638671875 0.0662994384765625
0.0134353637695313 0.000958442687988281 -0.06671142578125 0.129920959472656
0.011836051940918 -0.00527667999267578 0.0739898681640625 0.0905532836914063
0.0101776123046875 -0.00763702392578125 -0.0402450561523437 -0.0982437133789063
0.0176658630371094 0.0061798095703125 0.102546691894531 -0.121437072753906
0.0179042816162109 0.0135288238525391 0.244277954101563 -0.0299835205078125
0.00245189666748047 0.015955924987793 0.288330078125 0.19049072265625
-0.0314865112304688 0.00562477111816407 0.017120361328125 0.42144775390625
-0.0164470672607422 -0.0163431167602539 -0.343048095703125 0.375274658203125
0.0171623229980469 -0.00634765625 -0.38690185546875 0.07415771484375
0.0310688018798828 0.0190143585205078 0.01446533203125 0.0474395751953125
0.0262355804443359 0.00580978393554688 0.45404052734375 -0.02001953125
0.000670433044433593 -0.00693464279174805 0.3817138671875 -0.390289306640625
-0.0149755477905273 -0.00450801849365234 -0.087890625 -0.446990966796875
-0.0121593475341797 0.00232410430908203 -0.314117431640625 -0.135894775390625
0.00307178497314453 0.00906276702880859 -0.247665405273438 0.0662384033203125
0.0130014419555664 0.00196743011474609 -0.0655441284179688 0.129737854003906
0.0113105773925781 -0.00650691986083984 0.0750961303710938 0.0913238525390625
0.0105180740356445 -0.00733184814453125 -0.0419082641601563 -0.0981369018554688
0.0176868438720703 0.00600433349609375 0.103370666503906 -0.12109375
0.0168685913085938 0.013667106628418 0.244781494140625 -0.02972412109375
0.00124835968017578 0.0159292221069336 0.28668212890625 0.192474365234375
-0.0309600830078125 0.00587272644042968 0.013031005859375 0.422210693359375
-0.0159759521484375 -0.0162382125854492 -0.346038818359375 0.373687744140625
0.0160293579101563 -0.00573062896728516 -0.387786865234375 0.07220458984375
0.0295429229736328 0.0184364318847656 0.0169029235839844 0.0481681823730469
0.0250205993652344 0.00567626953125 0.455108642578125 -0.021453857421875
0.000720500946044921 -0.00690746307373047 0.381011962890625 -0.390960693359375
-0.0145492553710938 -0.00434494018554688 -0.08984375 -0.445465087890625
-0.0112209320068359 0.00264835357666015 -0.314300537109375 -0.134002685546875
0.00208473205566406 0.00879573822021484 -0.247207641601562 0.0679931640625
0.0132312774658203 0.00140285491943359 -0.064208984375 0.130165100097656
0.0100040435791016 -0.00604915618896484 0.0756378173828125 0.0919952392578125
0.00756168365478516 -0.00722265243530273 -0.0441818237304688 -0.0982894897460938
0.0171985626220703 0.00643825531005859 0.102935791015625 -0.12237548828125
0.0166234970092773 0.0149316787719727 0.243988037109375 -0.0274505615234375
0.000763893127441408 0.0165987014770508 0.28411865234375 0.19561767578125
-0.0304698944091797 0.00583076477050781 0.00772094726562502 0.424041748046875
-0.0149431228637695 -0.0161972045898438 -0.350341796875 0.372528076171875
0.016963005065918 -0.00544834136962891 -0.387237548828125 0.071380615234375
0.0290603637695313 0.0180702209472656 0.0205764770507813 0.0492935180664063
0.0249004364013672 0.00522994995117188 0.458740234375 -0.026031494140625
0.00141191482543945 -0.00731420516967774 0.377960205078125 -0.39501953125
-0.0139570236206055 -0.00365066528320312 -0.09283447265625 -0.4439697265625
-0.0119524002075195 0.00281143188476562 -0.314605712890625 -0.1307373046875
0.00190448760986328 0.00930595397949219 -0.244583129882813 0.069122314453125
0.0123386383056641 0.00285434722900391 -0.06109619140625 0.129776000976563
0.00945472717285156 -0.00579357147216797 0.0796966552734375 0.0906753540039063
0.00566291809082031 -0.00727128982543945 -0.0433578491210937 -0.098480224609375
0.0164499282836914 0.00836277008056641 0.104927062988281 -0.121192932128906
0.01568603515625 0.014225959777832 0.244461059570313 -0.0252227783203125
0.000690460205078127 0.016265869140625 0.28271484375 0.1978759765625
-0.0301837921142578 0.00468254089355469 0.000518798828125042 0.423736572265625
-0.0135860443115234 -0.0158710479736328 -0.355621337890625 0.368865966796875
0.0179004669189453 -0.00483131408691406 -0.386016845703125 0.069000244140625
0.0299606323242188 0.0178394317626953 0.0243148803710938 0.0504150390625
0.0258560180664063 0.00533294677734375 0.45855712890625 -0.030609130859375
0.00248575210571289 -0.00672531127929687 0.371490478515625 -0.397613525390625
-0.0135898590087891 -0.00382804870605469 -0.099212646484375 -0.441619873046875
-0.0116853713989258 0.00249862670898437 -0.31640625 -0.1273193359375
0.00193214416503906 0.00986003875732422 -0.244354248046875 0.0708465576171875
0.0117311477661133 0.00375270843505859 -0.0599746704101563 0.13031005859375
0.00748729705810547 -0.00493574142456055 0.0793914794921875 0.0923995971679688
0.00929355621337891 -0.00680923461914063 -0.0368423461914062 -0.0986480712890625
0.0168876647949219 0.00603771209716797 0.100921630859375 -0.120582580566406
0.0183315277099609 0.0116691589355469 0.241455078125 -0.0289764404296875
-0.000223159790039062 0.0129356384277344 0.281463623046875 0.191741943359375
-0.0317115783691406 0.00283622741699218 0.00952148437499999 0.42218017578125
-0.0131063461303711 -0.0170764923095703 -0.34722900390625 0.370697021484375
0.0259304046630859 -0.0048065185546875 -0.3865966796875 0.07244873046875
0.0424766540527344 0.023345947265625 0.0152359008789063 0.0473670959472656
0.0338859558105469 0.00723075866699219 0.444122314453125 -0.030914306640625
0.00292253494262695 -0.00825595855712891 0.36395263671875 -0.3958740234375
-0.0161571502685547 -0.00614452362060547 -0.1016845703125 -0.44049072265625
-0.0132074356079102 0.000677108764648438 -0.31634521484375 -0.1275634765625
0.00354290008544922 0.00808143615722656 -0.24725341796875 0.0699920654296875
0.0134639739990234 0.00255012512207031 -0.0644760131835938 0.127677917480469
0.00799942016601563 -0.00495100021362305 0.0746688842773438 0.087188720703125
0.0103530883789063 -0.00706005096435547 -0.0380401611328125 -0.0981292724609375
0.0171098709106445 0.00567150115966797 0.100509643554688 -0.121894836425781
0.0183887481689453 0.0118465423583984 0.24127197265625 -0.0308837890625
0.000275611877441407 0.013432502746582 0.282989501953125 0.18829345703125
-0.031982421875 0.00414085388183593 0.015289306640625 0.420440673828125
-0.0140876770019531 -0.0177135467529297 -0.339813232421875 0.374267578125
0.023681640625 -0.00580978393554688 -0.385498046875 0.075225830078125
0.0399971008300781 0.0220260620117188 0.0126571655273438 0.0461387634277344
0.0326347351074219 0.00593185424804687 0.44549560546875 -0.028778076171875
0.00244283676147461 -0.00791501998901367 0.3675537109375 -0.3931884765625
-0.0157804489135742 -0.00588417053222657 -0.097320556640625 -0.4417724609375
-0.0130863189697266 0.00143909454345703 -0.31494140625 -0.129638671875
0.00377798080444336 0.00825786590576172 -0.246871948242188 0.068634033203125
0.0131340026855469 0.00172901153564453 -0.0662078857421875 0.128074645996094
0.00966644287109375 -0.00577735900878906 0.07464599609375 0.0871734619140625
0.0106000900268555 -0.00698375701904297 -0.039154052734375 -0.0980224609375
0.0178890228271484 0.00570297241210938 0.0990753173828125 -0.121818542480469
0.0187187194824219 0.0118808746337891 0.2403564453125 -0.03271484375
0.000975608825683593 0.0146493911743164 0.286346435546875 0.1865234375
-0.032623291015625 0.00517272949218751 0.02130126953125 0.418243408203125
-0.0156488418579102 -0.0165109634399414 -0.337158203125 0.375701904296875
0.0208854675292969 -0.00545310974121094 -0.385101318359375 0.0750732421874999
0.0371246337890625 0.0207633972167969 0.0119285583496094 0.0460090637207031
0.0300846099853516 0.00692939758300781 0.44525146484375 -0.02490234375
0.00145339965820312 -0.00752687454223633 0.371490478515625 -0.38909912109375
-0.0158843994140625 -0.00540351867675781 -0.0927734375 -0.443267822265625
-0.0125541687011719 0.00167179107666015 -0.313201904296875 -0.132354736328125
0.00377225875854492 0.00757503509521485 -0.246383666992188 0.068511962890625
0.0143537521362305 0.00144577026367188 -0.0656967163085937 0.129074096679688
0.0103559494018555 -0.00580310821533203 0.0746841430664063 0.0884552001953125
0.010493278503418 -0.00804042816162109 -0.0407791137695313 -0.0971221923828125
0.0177898406982422 0.00513076782226563 0.099517822265625 -0.121841430664063
0.0177192687988281 0.0113430023193359 0.2413330078125 -0.033660888671875
0.00114822387695312 0.0149059295654297 0.287200927734375 0.185760498046875
-0.0311145782470703 0.00517463684082031 0.020965576171875 0.417999267578125
-0.0152645111083984 -0.0159931182861328 -0.335479736328125 0.375396728515625
0.0185794830322266 -0.00613784790039063 -0.385101318359375 0.07586669921875
0.0335903167724609 0.0198459625244141 0.01202392578125 0.0461006164550781
0.0272483825683594 0.00601959228515625 0.446319580078125 -0.0247802734375
0.00127553939819336 -0.006439208984375 0.373321533203125 -0.389129638671875
-0.0153512954711914 -0.00552845001220703 -0.09100341796875 -0.44305419921875
-0.0119733810424805 0.00204753875732422 -0.312469482421875 -0.1326904296875
0.00320053100585938 0.00851154327392578 -0.245269775390625 0.0683441162109375
0.013392448425293 0.000917434692382813 -0.0652236938476562 0.129234313964844
0.0115222930908203 -0.00623607635498047 0.0750579833984375 0.0888442993164063
0.0101699829101563 -0.00761127471923828 -0.0407943725585937 -0.0979232788085937
0.0176162719726562 0.00573158264160156 0.0998077392578125 -0.121421813964844
0.0178318023681641 0.0129642486572266 0.242156982421875 -0.0334320068359375
0.00191783905029297 0.0157928466796875 0.287445068359375 0.18585205078125
-0.0309066772460937 0.00615501403808593 0.019805908203125 0.419097900390625
-0.0160980224609375 -0.0156612396240234 -0.336639404296875 0.37548828125
0.0164737701416016 -0.00665187835693359 -0.38409423828125 0.0766296386718749
0.0314483642578125 0.0174045562744141 0.0138206481933594 0.0464935302734375
0.0259418487548828 0.00585365295410156 0.44891357421875 -0.02392578125
0.00100994110107422 -0.00629901885986328 0.375213623046875 -0.38909912109375
-0.014887809753418 -0.00449371337890625 -0.090667724609375 -0.441497802734375
-0.0119915008544922 0.00244331359863281 -0.312255859375 -0.13153076171875
0.00287008285522461 0.00843143463134766 -0.245147705078125 0.0688629150390625
0.0130519866943359 0.00137042999267578 -0.0642318725585937 0.129661560058594
0.0108785629272461 -0.0062103271484375 0.075469970703125 0.0902328491210938
0.00901699066162109 -0.00697135925292969 -0.0425872802734375 -0.0979537963867188
0.0178146362304688 0.00586128234863281 0.100555419921875 -0.121147155761719
0.017338752746582 0.013397216796875 0.242401123046875 -0.0319366455078125
0.00116062164306641 0.0156497955322266 0.286346435546875 0.187774658203125
-0.0307197570800781 0.00580406188964844 0.01715087890625 0.419219970703125
-0.0154170989990234 -0.0154809951782227 -0.339935302734375 0.372711181640625
0.0160398483276367 -0.00590038299560547 -0.3834228515625 0.0743713378906249
0.02972412109375 0.0175037384033203 0.016876220703125 0.04779052734375
0.0249481201171875 0.00617408752441406 0.449737548828125 -0.025665283203125
0.000687599182128907 -0.00614356994628906 0.371795654296875 -0.389434814453125
-0.0145788192749023 -0.00386524200439453 -0.093292236328125 -0.44073486328125
-0.0117378234863281 0.00312328338623047 -0.311981201171875 -0.1292724609375
0.00270271301269531 0.00921058654785156 -0.244033813476563 0.0695343017578125
0.0126466751098633 0.00191974639892578 -0.06231689453125 0.130523681640625
0.0101757049560547 -0.00552940368652344 0.0758743286132813 0.0902633666992188
0.00765466690063477 -0.00737762451171875 -0.0455703735351562 -0.0973281860351563
0.016749382019043 0.00624465942382813 0.100845336914063 -0.122352600097656
0.0166187286376953 0.0138645172119141 0.240921020507813 -0.02947998046875
0.000878334045410157 0.0158348083496094 0.28363037109375 0.19097900390625
-0.0299434661865234 0.00625419616699219 0.011749267578125 0.419952392578125
-0.0147485733032227 -0.015376091003418 -0.344482421875 0.37274169921875
0.0157527923583984 -0.00607490539550781 -0.382843017578125 0.073944091796875
0.0291156768798828 0.0177040100097656 0.0206222534179688 0.0484428405761719
0.0242748260498047 0.00570106506347656 0.453094482421875 -0.02789306640625
0.00139141082763672 -0.00597333908081055 0.37152099609375 -0.395263671875
-0.0145502090454102 -0.00383377075195312 -0.0960083007812501 -0.437835693359375
-0.0116310119628906 0.00312423706054687 -0.312225341796875 -0.12652587890625
0.00197029113769531 0.0100917816162109 -0.241943359375 0.0712127685546875
0.0120534896850586 0.00275135040283203 -0.0595779418945313 0.129501342773438
0.00950908660888672 -0.00542831420898438 0.079620361328125 0.089508056640625
0.00665140151977539 -0.00717830657958984 -0.0443878173828125 -0.0978469848632813
0.0162324905395508 0.00763607025146484 0.102699279785156 -0.12176513671875
0.0159702301025391 0.0141077041625977 0.242202758789062 -0.027801513671875
2.8610229492195E-06 0.0158834457397461 0.281982421875 0.193603515625
-0.0302600860595703 0.00566482543945313 0.00531005859375002 0.4210205078125
-0.013575553894043 -0.0157012939453125 -0.349456787109375 0.36859130859375
0.017542839050293 -0.00520610809326172 -0.382171630859375 0.071502685546875
0.0300159454345703 0.017547607421875 0.0236587524414063 0.0499954223632813
0.0259933471679688 0.00473976135253906 0.45294189453125 -0.032958984375
0.00224542617797852 -0.00607061386108398 0.365203857421875 -0.397125244140625
-0.0137176513671875 -0.00349998474121094 -0.103363037109375 -0.435760498046875
-0.012110710144043 0.00357437133789063 -0.314361572265625 -0.122344970703125
0.00202083587646484 0.00970172882080078 -0.241668701171875 0.07330322265625
0.0118350982666016 0.00319290161132812 -0.0583343505859375 0.130889892578125
0.00749588012695312 -0.00484466552734375 0.0799407958984375 0.0903244018554688
0.00959587097167969 -0.00703525543212891 -0.0372390747070312 -0.0973358154296875
0.0169219970703125 0.00655460357666016 0.09906005859375 -0.121315002441406
0.0174674987792969 0.0119409561157227 0.238479614257813 -0.0303802490234375
-0.000378608703613282 0.0119943618774414 0.279037475585938 0.188385009765625
-0.0321884155273438 0.00397491455078125 0.011383056640625 0.4178466796875
-0.0132465362548828 -0.0166692733764648 -0.34130859375 0.370758056640625
0.0260124206542969 -0.00504875183105469 -0.3824462890625 0.0740966796875001
0.0410842895507812 0.0221023559570313 0.0150985717773438 0.0468368530273438
0.033538818359375 0.006500244140625 0.4378662109375 -0.031768798828125
0.00321769714355469 -0.0081324577331543 0.356842041015625 -0.3924560546875
-0.0150642395019531 -0.00676059722900391 -0.1036376953125 -0.435577392578125
-0.0133838653564453 0.000480651855468752 -0.314666748046875 -0.12396240234375
0.00371980667114258 0.00783395767211914 -0.244308471679688 0.0712890625
0.0134601593017578 0.00179672241210937 -0.0635604858398437 0.127067565917969
0.00776529312133789 -0.00486087799072266 0.0746078491210938 0.086090087890625
0.0103864669799805 -0.00690078735351562 -0.0385208129882813 -0.096893310546875
0.0177288055419922 0.00600814819335938 0.0984954833984375 -0.122314453125
0.0182170867919922 0.0116138458251953 0.238616943359375 -0.0328826904296875
0.000501632690429688 0.0124349594116211 0.282745361328125 0.186248779296875
-0.0313758850097656 0.00458335876464843 0.017608642578125 0.417755126953125
-0.0133724212646484 -0.0168962478637695 -0.33477783203125 0.37310791015625
0.0236072540283203 -0.00631523132324219 -0.381103515625 0.076385498046875
0.0400924682617188 0.0216560363769531 0.0124664306640625 0.0457839965820313
0.0321598052978516 0.00554084777832031 0.4395751953125 -0.029876708984375
0.00290060043334961 -0.0071110725402832 0.361419677734375 -0.389984130859375
-0.0167617797851563 -0.00580310821533203 -0.099761962890625 -0.437835693359375
-0.0126066207885742 0.00132274627685547 -0.313262939453125 -0.125946044921875
0.0037989616394043 0.00863885879516602 -0.244430541992188 0.0705108642578125
0.0135927200317383 0.00168895721435547 -0.0638580322265625 0.127433776855469
0.00929641723632813 -0.00537967681884766 0.0741806030273438 0.086029052734375
0.01123046875 -0.00722408294677734 -0.0395278930664062 -0.0961990356445313
0.0181541442871094 0.00564002990722656 0.0979385375976563 -0.12176513671875
0.0181751251220703 0.0115585327148438 0.238815307617188 -0.0346527099609375
0.000915527343750001 0.0135936737060547 0.283905029296875 0.184539794921875
-0.0316028594970703 0.0051116943359375 0.022003173828125 0.41644287109375
-0.0149698257446289 -0.0161542892456055 -0.33184814453125 0.37408447265625
0.0203170776367188 -0.00613212585449219 -0.38140869140625 0.07733154296875
0.0370254516601563 0.0200843811035156 0.0112495422363281 0.0449333190917969
0.0297317504882812 0.00575065612792969 0.44024658203125 -0.026947021484375
0.00158405303955078 -0.00762557983398437 0.365203857421875 -0.389068603515625
-0.0151472091674805 -0.00603771209716797 -0.095428466796875 -0.43804931640625
-0.0124502182006836 0.00195503234863281 -0.310821533203125 -0.128173828125
0.00319051742553711 0.00869512557983398 -0.243270874023437 0.0696868896484375
0.0130128860473633 0.00067138671875 -0.0642166137695313 0.128639221191406
0.0104150772094727 -0.00576019287109375 0.07476806640625 0.0864334106445313
0.0103874206542969 -0.0074310302734375 -0.04095458984375 -0.096405029296875
0.0180034637451172 0.00587272644042969 0.0981216430664063 -0.121658325195313
0.0178279876708984 0.010894775390625 0.238967895507812 -0.0350799560546875
0.00183010101318359 0.0139989852905273 0.28619384765625 0.18133544921875
-0.03155517578125 0.00640296936035157 0.024444580078125 0.41510009765625
-0.0156679153442383 -0.0159454345703125 -0.32855224609375 0.374847412109375
0.0187339782714844 -0.00671577453613281 -0.3809814453125 0.0784301757812499
0.0327434539794922 0.0191516876220703 0.0116462707519531 0.0451393127441406
0.0272026062011719 0.00578498840332031 0.441864013671875 -0.025665283203125
0.00128078460693359 -0.00652360916137695 0.36798095703125 -0.38714599609375
-0.0153779983520508 -0.00414466857910156 -0.0928955078125 -0.438568115234375
-0.0117950439453125 0.00169849395751953 -0.3104248046875 -0.12799072265625
0.0031275749206543 0.0085601806640625 -0.243667602539062 0.070526123046875
0.0132617950439453 0.000546455383300781 -0.0640640258789063 0.129646301269531
0.0111284255981445 -0.00659751892089844 0.0744552612304688 0.087493896484375
0.00957202911376953 -0.00664424896240234 -0.041259765625 -0.0967941284179687
0.0174837112426758 0.00596904754638672 0.097808837890625 -0.121536254882813
0.0179271697998047 0.0121517181396484 0.2391357421875 -0.03515625
0.00188255310058594 0.0148200988769531 0.28594970703125 0.182952880859375
-0.0303974151611328 0.00667190551757812 0.0245361328125 0.416015625
-0.0158233642578125 -0.0152416229248047 -0.3310546875 0.37420654296875
0.0160684585571289 -0.00598430633544922 -0.379791259765625 0.0785217285156251
0.0301055908203125 0.01800537109375 0.01324462890625 0.0460548400878906
0.0250778198242188 0.00530242919921875 0.443084716796875 -0.025238037109375
0.000515460968017579 -0.00600862503051758 0.3685302734375 -0.387786865234375
-0.0151052474975586 -0.00487518310546875 -0.094635009765625 -0.43682861328125
-0.0118026733398437 0.00212192535400391 -0.30950927734375 -0.127655029296875
0.00291156768798828 0.00856971740722656 -0.242111206054687 0.0701904296875
0.0125303268432617 0.00115013122558594 -0.0626296997070312 0.129264831542969
0.0105819702148438 -0.00640010833740234 0.0751495361328125 0.0884323120117188
0.00947475433349609 -0.00707054138183594 -0.043243408203125 -0.0971145629882813
0.0178947448730469 0.00612640380859375 0.0992813110351563 -0.121498107910156
0.0173454284667969 0.0126075744628906 0.24005126953125 -0.0332489013671875
0.00156402587890625 0.0151805877685547 0.285064697265625 0.184844970703125
-0.0305709838867188 0.00680923461914062 0.020294189453125 0.415618896484375
-0.0151824951171875 -0.0140895843505859 -0.33465576171875 0.372528076171875
0.0158777236938477 -0.00630950927734375 -0.379150390625 0.0769348144531249
0.0286293029785156 0.0164794921875 0.0164909362792969 0.0468597412109375
0.0250110626220703 0.00578117370605469 0.444732666015625 -0.027679443359375
0.00128650665283203 -0.00563621520996094 0.368072509765625 -0.388763427734375
-0.0147266387939453 -0.00403118133544922 -0.09478759765625 -0.436126708984375
-0.0113601684570312 0.00344944000244141 -0.310760498046875 -0.1258544921875
0.00267887115478516 0.0091867446899414 -0.24151611328125 0.07177734375
0.0123472213745117 0.00153827667236328 -0.061370849609375 0.130477905273438
0.0100040435791016 -0.00583648681640625 0.0762939453125 0.0887451171875
0.00758171081542969 -0.00734329223632813 -0.0459671020507812 -0.0971298217773438
0.0171089172363281 0.00562286376953125 0.0988235473632813 -0.122467041015625
0.0167875289916992 0.0137348175048828 0.238784790039063 -0.0319366455078125
0.000609397888183594 0.0153274536132812 0.2822265625 0.186859130859375
-0.0294780731201172 0.00665092468261719 0.014404296875 0.417083740234375
-0.0141448974609375 -0.01507568359375 -0.33917236328125 0.372406005859375
0.0156345367431641 -0.00641155242919922 -0.37896728515625 0.0750732421875
0.0284976959228516 0.0166091918945313 0.0201797485351563 0.0481071472167969
0.0245513916015625 0.00555419921875 0.447357177734375 -0.03076171875
0.00189828872680664 -0.00601959228515625 0.36456298828125 -0.3927001953125
-0.0146675109863281 -0.0032205581665039 -0.09906005859375 -0.434173583984375
-0.0120992660522461 0.00314807891845703 -0.310272216796875 -0.123138427734375
0.00208950042724609 0.00950431823730469 -0.239288330078125 0.07275390625
0.0115642547607422 0.00291824340820313 -0.0588302612304688 0.130126953125
0.00928306579589844 -0.00597095489501953 0.0792617797851563 0.0877838134765625
0.00592374801635742 -0.00714302062988281 -0.0448684692382812 -0.097137451171875
0.0160379409790039 0.00769424438476562 0.101242065429688 -0.121330261230469
0.0154085159301758 0.0140523910522461 0.239212036132813 -0.029571533203125
5.34057617187486E-05 0.0155067443847656 0.280624389648438 0.19012451171875
-0.0298671722412109 0.00606155395507812 0.00750732421874999 0.418548583984375
-0.0131607055664062 -0.0145978927612305 -0.344635009765625 0.367767333984375
0.0171775817871094 -0.00571632385253906 -0.37823486328125 0.0735473632812499
0.0291652679443359 0.0173606872558594 0.0235404968261719 0.0491790771484375
0.0257415771484375 0.00511550903320313 0.448150634765625 -0.034881591796875
0.00244760513305664 -0.0054621696472168 0.358642578125 -0.39434814453125
-0.01434326171875 -0.00342082977294922 -0.105926513671875 -0.431549072265625
-0.0118179321289063 0.00315189361572266 -0.31195068359375 -0.11907958984375
0.00193214416503906 0.0100364685058594 -0.238677978515625 0.0746612548828125
0.0112619400024414 0.00380897521972656 -0.0567169189453125 0.130096435546875
0.00704383850097656 -0.00533628463745117 0.0797882080078125 0.0888137817382812
0.00938606262207031 -0.00711727142333984 -0.0379638671875 -0.097869873046875
0.0186424255371094 0.00693702697753906 0.0974044799804688 -0.120193481445313
0.0187625885009766 0.0109081268310547 0.235336303710938 -0.0314178466796875
-0.000350952148437501 0.0119733810424805 0.278701782226563 0.185546875
-0.0308647155761719 0.0042572021484375 0.01397705078125 0.415374755859375
-0.0122547149658203 -0.0163211822509766 -0.3365478515625 0.369354248046875
0.0248737335205078 -0.004425048828125 -0.3795166015625 0.074798583984375
0.0412979125976563 0.0224723815917969 0.0145492553710938 0.0468597412109375
0.0336742401123047 0.00684738159179687 0.434417724609375 -0.033905029296875
0.00357389450073242 -0.00655221939086914 0.352630615234375 -0.390838623046875
-0.0160865783691406 -0.00663566589355469 -0.105712890625 -0.431060791015625
-0.0139198303222656 0.00148582458496094 -0.311676025390625 -0.121246337890625
0.00301313400268555 0.00823593139648437 -0.2420654296875 0.0721588134765625
0.0126523971557617 0.00199699401855469 -0.0621109008789063 0.127281188964844
0.00759220123291016 -0.00487089157104492 0.0753326416015625 0.0854263305664063
0.0108785629272461 -0.00737762451171875 -0.0388717651367188 -0.0963821411132812
0.0181961059570313 0.00514793395996094 0.0964736938476562 -0.121177673339844
0.0185966491699219 0.0110912322998047 0.235687255859375 -0.0337677001953125
-0.000176429748535155 0.0137739181518555 0.281158447265625 0.182830810546875
-0.0311298370361328 0.00450706481933594 0.02117919921875 0.4150390625
-0.0131044387817383 -0.0165014266967773 -0.33013916015625 0.37188720703125
0.0227603912353516 -0.00610160827636719 -0.3773193359375 0.0776977539062501
0.0385169982910156 0.0217132568359375 0.0118675231933594 0.0454750061035156
0.0318870544433594 0.00655937194824219 0.43475341796875 -0.03179931640625
0.0032048225402832 -0.00698518753051758 0.355987548828125 -0.38763427734375
-0.0154552459716797 -0.00488185882568359 -0.100189208984375 -0.433258056640625
-0.0129299163818359 0.0015411376953125 -0.310943603515625 -0.12322998046875
0.00291538238525391 0.00893688201904297 -0.241607666015625 0.0711517333984375
0.013279914855957 0.00140762329101563 -0.0638427734375 0.127449035644531
0.00856161117553711 -0.00578165054321289 0.074249267578125 0.0850677490234375
0.0100946426391602 -0.00752067565917969 -0.03973388671875 -0.0964584350585937
0.0180931091308594 0.005828857421875 0.0951995849609375 -0.121894836425781
0.0177764892578125 0.0111846923828125 0.2353515625 -0.0354461669921875
0.000586509704589844 0.0142431259155273 0.282867431640625 0.180023193359375
-0.0314044952392578 0.00600814819335937 0.023651123046875 0.412384033203125
-0.0148897171020508 -0.0161800384521484 -0.327362060546875 0.373565673828125
0.0204715728759766 -0.00628852844238281 -0.3775634765625 0.07843017578125
0.0357513427734375 0.0200386047363281 0.0108299255371094 0.0450668334960938
0.0287094116210938 0.00618362426757813 0.4356689453125 -0.02752685546875
0.00146484375 -0.00623369216918945 0.36114501953125 -0.3856201171875
-0.0159473419189453 -0.00548171997070313 -0.09796142578125 -0.434051513671875
-0.0121364593505859 0.00167942047119141 -0.309234619140625 -0.125335693359375
0.00406265258789063 0.00879955291748047 -0.240875244140625 0.0708160400390626
0.0129499435424805 0.0013885498046875 -0.0634689331054688 0.128303527832031
0.010075569152832 -0.00552940368652344 0.0751800537109375 0.08642578125
0.0104742050170898 -0.00749492645263672 -0.0416488647460937 -0.0964126586914063
0.017791748046875 0.00573158264160156 0.0962295532226563 -0.121360778808594
0.0184707641601563 0.0107879638671875 0.236419677734375 -0.035980224609375
0.00066089630126953 0.0138130187988281 0.284759521484375 0.177764892578125
-0.0307331085205078 0.00638961791992188 0.025665283203125 0.413818359375
-0.0157346725463867 -0.0152664184570312 -0.3255615234375 0.372589111328125
0.0179805755615234 -0.00695419311523438 -0.37701416015625 0.0793151855468751
0.0330772399902344 0.0184307098388672 0.0112190246582031 0.0455970764160156
0.0274562835693359 0.00598335266113281 0.43804931640625 -0.0262451171875
0.00177717208862305 -0.00577926635742188 0.36328125 -0.384765625
-0.0157794952392578 -0.00485992431640625 -0.094451904296875 -0.43402099609375
-0.0118131637573242 0.00215339660644531 -0.308380126953125 -0.125213623046875
0.00320243835449219 0.00899887084960938 -0.240585327148438 0.070709228515625
0.0123863220214844 0.000942230224609375 -0.0624465942382812 0.1290283203125
0.0109939575195313 -0.00613212585449219 0.0748214721679688 0.0872421264648438
0.0103893280029297 -0.00741481781005859 -0.0424575805664062 -0.0966339111328125
0.0179939270019531 0.00631523132324219 0.0963668823242188 -0.121559143066406
0.0176143646240234 0.0113391876220703 0.236831665039062 -0.0357818603515625
0.00124359130859375 0.0144281387329102 0.284637451171875 0.179534912109375
-0.0303287506103516 0.00728607177734374 0.025146484375 0.413055419921875
-0.015650749206543 -0.0152692794799805 -0.325897216796875 0.373138427734375
0.0156307220458984 -0.00703620910644531 -0.376617431640625 0.07891845703125
0.0299606323242188 0.0182132720947266 0.0129127502441406 0.0459213256835938
0.0248241424560547 0.00572586059570313 0.438720703125 -0.026702880859375
0.000769138336181641 -0.00541400909423828 0.3636474609375 -0.384918212890625
-0.0150051116943359 -0.0035085678100586 -0.095458984375 -0.43212890625
-0.0120668411254883 0.0029754638671875 -0.307647705078125 -0.124542236328125
0.00309467315673828 0.00936603546142578 -0.239913940429688 0.0715789794921875
0.012568473815918 0.00204277038574219 -0.0621566772460938 0.1298828125
0.0102376937866211 -0.0062255859375 0.075469970703125 0.087432861328125
0.00905132293701172 -0.00736808776855469 -0.0430831909179688 -0.0965194702148438
0.0176048278808594 0.005859375 0.0973892211914063 -0.121040344238281
0.0167427062988281 0.0123424530029297 0.237533569335938 -0.0352935791015625
0.000809669494628905 0.0138702392578125 0.283447265625 0.183197021484375
-0.030303955078125 0.00723075866699219 0.021392822265625 0.413330078125
-0.0145816802978516 -0.0141963958740234 -0.329620361328125 0.3712158203125
0.0151138305664063 -0.00638675689697266 -0.376800537109375 0.077056884765625
0.0281982421875 0.0166835784912109 0.0157508850097656 0.045928955078125
0.0245532989501953 0.00566482543945312 0.441070556640625 -0.02813720703125
0.000682830810546874 -0.00565338134765625 0.362091064453125 -0.3868408203125
-0.0146322250366211 -0.00374317169189453 -0.0968017578125 -0.43218994140625
-0.0114507675170898 0.00286006927490234 -0.307861328125 -0.1234130859375
0.00215911865234375 0.00961112976074219 -0.23944091796875 0.0717010498046875
0.0118999481201172 0.00226402282714844 -0.0599899291992188 0.130622863769531
0.00981903076171875 -0.00606441497802734 0.0762557983398438 0.0886688232421875
0.00739765167236328 -0.0073094367980957 -0.0460662841796875 -0.0965194702148438
0.0170745849609375 0.00602054595947266 0.0973968505859375 -0.122100830078125
0.016240119934082 0.0134401321411133 0.23614501953125 -0.03204345703125
-0.000355720520019532 0.0151081085205078 0.280715942382812 0.184432983398438
-0.0295238494873047 0.00699806213378906 0.015899658203125 0.4141845703125
-0.0139360427856445 -0.0143833160400391 -0.333648681640625 0.37152099609375
0.0151243209838867 -0.00588417053222656 -0.375732421875 0.0749206542968749
0.0276412963867188 0.0168495178222656 0.0194549560546875 0.04718017578125
0.0240497589111328 0.00487899780273438 0.44354248046875 -0.031097412109375
0.00124645233154297 -0.00571966171264648 0.3592529296875 -0.39080810546875
-0.0138845443725586 -0.00306224822998047 -0.09918212890625 -0.4300537109375
-0.0115880966186523 0.00333213806152344 -0.308013916015625 -0.120849609375
0.00195407867431641 0.00978374481201172 -0.237823486328125 0.0740356445312499
0.0126428604125977 0.00223636627197266 -0.0574951171875 0.129501342773438
0.00920867919921875 -0.00564002990722656 0.0796737670898438 0.0865936279296875
0.0057215690612793 -0.00671958923339844 -0.0445098876953125 -0.0968170166015625
0.0168247222900391 0.00788211822509766 0.0988616943359375 -0.120925903320313
0.0154542922973633 0.0132026672363281 0.237014770507812 -0.0307464599609375
-0.000191688537597658 0.0144338607788086 0.279220581054688 0.187713623046875
-0.0298519134521484 0.00640106201171874 0.00967407226562503 0.41436767578125
-0.0122556686401367 -0.0141725540161133 -0.338897705078125 0.367431640625
0.0165252685546875 -0.00597858428955078 -0.374359130859375 0.0728759765625
0.0289211273193359 0.0174636840820313 0.023223876953125 0.0484046936035156
0.0251426696777344 0.00494384765625 0.4432373046875 -0.036163330078125
0.00231218338012695 -0.00558614730834961 0.353668212890625 -0.3934326171875
-0.0137243270874023 -0.00332736968994141 -0.106964111328125 -0.4267578125
-0.0121707916259766 0.00304031372070313 -0.3096923828125 -0.116119384765625
0.00210952758789062 0.0101585388183594 -0.236373901367187 0.0761566162109375
0.0111970901489258 0.00410556793212891 -0.0559616088867188 0.130264282226563
0.00699663162231445 -0.0051875114440918 0.0799942016601562 0.0881881713867188
0.00937652587890625 -0.00651168823242188 -0.0375213623046875 -0.0966796875
0.0184459686279297 0.0066986083984375 0.0957489013671875 -0.120414733886719
0.0183734893798828 0.0102691650390625 0.234115600585937 -0.03265380859375
-0.000912666320800781 0.012354850769043 0.276443481445313 0.185714721679688
-0.0310115814208984 0.00401878356933593 0.0145263671875 0.4130859375
-0.0114622116088867 -0.0150012969970703 -0.333099365234375 0.367279052734375
0.0240821838378906 -0.00528144836425781 -0.376068115234375 0.074310302734375
0.0409431457519531 0.022430419921875 0.0135269165039063 0.0454788208007813
0.0332298278808594 0.00628852844238281 0.430206298828125 -0.034423828125
0.00304889678955078 -0.00694370269775391 0.34857177734375 -0.38818359375
-0.0169601440429688 -0.00516128540039062 -0.105712890625 -0.427337646484375
-0.0135946273803711 0.00140857696533203 -0.310028076171875 -0.11865234375
0.00371932983398438 0.00860118865966797 -0.23907470703125 0.072021484375
0.0128517150878906 0.00239086151123047 -0.061920166015625 0.127204895019531
0.00731801986694336 -0.00589179992675781 0.074188232421875 0.0846786499023438
0.0102996826171875 -0.00722694396972656 -0.0392303466796875 -0.0965728759765625
0.0181980133056641 0.00558090209960938 0.0948104858398438 -0.121849060058594
0.0180816650390625 0.0114669799804688 0.233596801757812 -0.034515380859375
-0.000643730163574219 0.0131406784057617 0.280899047851563 0.181640625
-0.0310153961181641 0.00513648986816406 0.02069091796875 0.413360595703125
-0.0129890441894531 -0.0161533355712891 -0.328125 0.36956787109375
0.0226707458496094 -0.00567245483398438 -0.374786376953125 0.0786132812499999
0.0379219055175781 0.0203399658203125 0.0116920471191406 0.0456047058105469
0.0317420959472656 0.00677871704101563 0.43048095703125 -0.03076171875
0.00292682647705078 -0.00789260864257812 0.351959228515625 -0.3837890625
-0.0158462524414063 -0.00581455230712891 -0.100921630859375 -0.42913818359375
-0.0120773315429688 0.00143337249755859 -0.30853271484375 -0.121490478515625
0.00237655639648437 0.00933074951171875 -0.240020751953125 0.07208251953125
0.013524055480957 0.00171661376953125 -0.0634002685546875 0.12725830078125
0.00899887084960938 -0.00591373443603516 0.0731201171875 0.0851058959960938
0.0103750228881836 -0.00692844390869141 -0.0403289794921875 -0.0957107543945313
0.0183200836181641 0.00473785400390625 0.0949859619140625 -0.122108459472656
0.0184345245361328 0.0108394622802734 0.234207153320313 -0.0366973876953125
7.62939453124999E-05 0.0130729675292969 0.280929565429687 0.177871704101562
-0.0313835144042969 0.00566864013671874 0.024810791015625 0.41015625
-0.0143013000488281 -0.0152111053466797 -0.3238525390625 0.370849609375
0.0190811157226563 -0.00684738159179688 -0.376129150390625 0.0776977539062499
0.0350399017333984 0.0201663970947266 0.0107498168945313 0.0451622009277344
0.0291252136230469 0.00613021850585938 0.430999755859375 -0.02752685546875
0.00170612335205078 -0.006591796875 0.357330322265625 -0.383819580078125
-0.0155267715454102 -0.00467967987060547 -0.096466064453125 -0.4312744140625
-0.0127334594726563 0.0015554428100586 -0.3067626953125 -0.12451171875
0.00364398956298828 0.00729036331176758 -0.239517211914063 0.0716094970703125
0.0127019882202148 0.00133132934570312 -0.0631942749023438 0.12884521484375
0.00991630554199219 -0.00539493560791016 0.0743942260742188 0.0854263305664063
0.00983238220214844 -0.00704097747802734 -0.0411529541015625 -0.0953521728515625
0.0183963775634766 0.00536537170410156 0.0952072143554688 -0.121101379394531
0.01806640625 0.0110378265380859 0.234725952148438 -0.0370330810546875
0.00130939483642578 0.0137710571289063 0.283050537109375 0.176727294921875
-0.0307693481445313 0.00644302368164062 0.026214599609375 0.408843994140625
-0.0154638290405273 -0.0141534805297852 -0.322113037109375 0.370880126953125
0.0176258087158203 -0.00720405578613281 -0.3741455078125 0.0780029296874999
0.0322475433349609 0.0180072784423828 0.0102577209472656 0.0449104309082031
0.0274524688720703 0.00640678405761719 0.433868408203125 -0.026641845703125
0.00128316879272461 -0.00549459457397461 0.35882568359375 -0.3814697265625
-0.0155735015869141 -0.00402545928955078 -0.095916748046875 -0.43048095703125
-0.0121803283691406 0.00261878967285156 -0.305908203125 -0.12506103515625
0.00348758697509766 0.00927543640136719 -0.238327026367188 0.0726165771484375
0.0130100250244141 0.00107192993164063 -0.0626983642578125 0.129768371582031
0.0100317001342773 -0.00658130645751953 0.0746002197265625 0.086029052734375
0.00979900360107422 -0.00745010375976563 -0.0418853759765625 -0.0955963134765625
0.0170965194702148 0.00532436370849609 0.09539794921875 -0.121368408203125
0.0172348022460938 0.0107030868530273 0.23553466796875 -0.0366363525390625
0.00131034851074219 0.0146141052246094 0.282989501953125 0.177825927734375
-0.0304603576660156 0.00767135620117187 0.02606201171875 0.4100341796875
-0.0151252746582031 -0.0139522552490234 -0.3231201171875 0.371063232421875
0.0155935287475586 -0.007110595703125 -0.373931884765625 0.0791015625
0.0295619964599609 0.0174083709716797 0.0128135681152344 0.045654296875
0.0252113342285156 0.00578498840332031 0.434844970703125 -0.027069091796875
0.000897884368896484 -0.00473833084106445 0.359588623046875 -0.381378173828125
-0.0152378082275391 -0.00382041931152344 -0.095794677734375 -0.429046630859375
-0.0117902755737305 0.00299739837646484 -0.3052978515625 -0.123504638671875
0.00264644622802734 0.008941650390625 -0.23870849609375 0.0719146728515624
0.0125398635864258 0.00222206115722656 -0.06134033203125 0.129302978515625
0.010014533996582 -0.00611305236816406 0.0756378173828125 0.0863723754882813
0.00884532928466797 -0.007110595703125 -0.043182373046875 -0.0967941284179688
0.0178146362304687 0.00563430786132813 0.096710205078125 -0.1212158203125
0.0166311264038086 0.0117568969726563 0.235748291015625 -0.035614013671875
0.000960350036621093 0.0145626068115234 0.282958984375 0.17974853515625
-0.0294589996337891 0.00745201110839844 0.022003173828125 0.410064697265625
-0.0149478912353516 -0.0133962631225586 -0.32611083984375 0.369476318359375
0.0141324996948242 -0.00659370422363281 -0.373626708984375 0.07733154296875
0.0277214050292969 0.0166873931884766 0.0149307250976562 0.045745849609375
0.0239753723144531 0.00555610656738281 0.43695068359375 -0.0286865234375
0.000366687774658203 -0.00486850738525391 0.3583984375 -0.38336181640625
-0.014338493347168 -0.00313854217529297 -0.097076416015625 -0.42852783203125
-0.0120773315429688 0.00334262847900391 -0.306121826171875 -0.12078857421875
0.00258445739746094 0.0094900131225586 -0.23712158203125 0.0730133056640625
0.0123252868652344 0.00285434722900391 -0.0594940185546875 0.129989624023438
0.00879287719726563 -0.00671863555908203 0.0759735107421875 0.0869293212890625
0.00717353820800781 -0.00724124908447266 -0.0459060668945313 -0.095794677734375
0.0175914764404297 0.00605010986328125 0.095794677734375 -0.122047424316406
0.0160856246948242 0.0128469467163086 0.2349853515625 -0.0330657958984375
7.5340270996093E-05 0.0146570205688477 0.279403686523438 0.182540893554687
-0.0292091369628906 0.00738525390625 0.017364501953125 0.411590576171875
-0.0136690139770508 -0.0137357711791992 -0.330841064453125 0.36810302734375
0.0151042938232422 -0.00662326812744141 -0.37322998046875 0.076202392578125
0.0272102355957031 0.0160942077636719 0.0191497802734375 0.0473976135253906
0.0239944458007813 0.00511741638183594 0.43951416015625 -0.032012939453125
0.00138998031616211 -0.00548601150512695 0.356964111328125 -0.388519287109375
-0.0137968063354492 -0.00260066986083985 -0.09881591796875 -0.426483154296875
-0.0114231109619141 0.00345802307128906 -0.306060791015625 -0.118255615234375
0.00250434875488281 0.0100765228271484 -0.235641479492187 0.0751800537109375
0.0122833251953125 0.00307083129882813 -0.0572433471679688 0.128997802734375
0.0087590217590332 -0.00588369369506836 0.0786666870117188 0.0858688354492188
0.00602436065673828 -0.00705623626708984 -0.04522705078125 -0.0958938598632812
0.0164594650268555 0.00773239135742187 0.0980224609375 -0.1207275390625
0.0156803131103516 0.013310432434082 0.235244750976563 -0.0313873291015625
-0.000608444213867188 0.0144329071044922 0.27764892578125 0.18585205078125
-0.0297317504882812 0.00694274902343749 0.0106201171875 0.41339111328125
-0.0120830535888672 -0.0133638381958008 -0.336334228515625 0.364959716796875
0.0159015655517578 -0.00640392303466797 -0.372100830078125 0.0744323730468749
0.0277976989746094 0.0163516998291016 0.0216751098632813 0.0485916137695313
0.0248012542724609 0.00516700744628906 0.439056396484375 -0.037139892578125
0.00226783752441406 -0.00458860397338867 0.349945068359375 -0.390289306640625
-0.0142288208007812 -0.00275802612304688 -0.106475830078125 -0.422821044921875
-0.01202392578125 0.00364494323730469 -0.308197021484375 -0.113800048828125
0.00177574157714844 0.0108652114868164 -0.234542846679688 0.0765228271484375
0.0109567642211914 0.00414371490478516 -0.05499267578125 0.130317687988281
0.0068964958190918 -0.00537681579589844 0.0788345336914063 0.0873184204101562
0.00908565521240234 -0.00685405731201172 -0.0373077392578125 -0.0968475341796875
0.0178489685058594 0.00595664978027344 0.0950927734375 -0.11993408203125
0.0179615020751953 0.0106372833251953 0.23333740234375 -0.0329437255859375
-0.00092315673828125 0.0110282897949219 0.275039672851563 0.18310546875
-0.0312919616699219 0.00506019592285156 0.015289306640625 0.411834716796875
-0.0106649398803711 -0.0150270462036133 -0.332366943359375 0.365997314453125
0.0235958099365234 -0.00529861450195313 -0.37353515625 0.07427978515625
0.03985595703125 0.0220603942871094 0.0134658813476562 0.0449943542480469
0.0331172943115234 0.00702285766601563 0.427764892578125 -0.03363037109375
0.0030817985534668 -0.00591468811035156 0.346435546875 -0.384368896484375
-0.016240119934082 -0.0044546127319336 -0.105316162109375 -0.424713134765625
-0.0135412216186523 0.00174140930175781 -0.30810546875 -0.117523193359375
0.00312948226928711 0.00777530670166016 -0.238067626953125 0.073211669921875
0.0125961303710938 0.00215244293212891 -0.0613632202148437 0.127365112304688
0.00780248641967773 -0.00523996353149414 0.0743255615234375 0.0843048095703125
0.0100469589233398 -0.00644397735595703 -0.0389328002929688 -0.0964813232421875
0.0185775756835938 0.00533866882324219 0.0936431884765625 -0.120574951171875
0.0179996490478516 0.0104103088378906 0.23333740234375 -0.035430908203125
-0.000577926635742188 0.0122499465942383 0.277618408203125 0.179168701171875
-0.0309543609619141 0.00577926635742188 0.02178955078125 0.411285400390625
-0.0130128860473633 -0.0146341323852539 -0.3251953125 0.369232177734375
0.02239990234375 -0.00613975524902344 -0.37371826171875 0.0765991210937501
0.0370216369628906 0.0208053588867187 0.0118370056152344 0.0441703796386719
0.0305557250976563 0.00700950622558594 0.427459716796875 -0.02947998046875
0.00342416763305664 -0.00602960586547852 0.350860595703125 -0.3836669921875
-0.0163660049438477 -0.00565528869628906 -0.10028076171875 -0.427001953125
-0.0122213363647461 0.0010833740234375 -0.306793212890625 -0.121490478515625
0.00401115417480469 0.0088653564453125 -0.238433837890625 0.0724945068359375
0.0125455856323242 0.00206184387207031 -0.0629730224609375 0.127510070800781
0.00883960723876953 -0.00586223602294922 0.0740432739257813 0.0845947265625
0.0107841491699219 -0.00821304321289063 -0.0401687622070312 -0.0966110229492188
0.018280029296875 0.00472450256347656 0.093597412109375 -0.121749877929687
0.0177803039550781 0.0104084014892578 0.233261108398438 -0.036590576171875
0.000255584716796875 0.0122308731079102 0.279861450195313 0.176803588867188
-0.0308570861816406 0.00600814819335938 0.025909423828125 0.40911865234375
-0.0131263732910156 -0.0145034790039063 -0.322418212890625 0.3704833984375
0.0195808410644531 -0.00572967529296875 -0.373809814453125 0.0773315429687499
0.0355720520019531 0.0195960998535156 0.00946044921875 0.0442352294921875
0.0294570922851563 0.0064239501953125 0.42877197265625 -0.027801513671875
0.00213766098022461 -0.00596857070922852 0.354461669921875 -0.380645751953125
-0.0160188674926758 -0.00476837158203125 -0.0975341796875 -0.42779541015625
-0.012516975402832 0.00225925445556641 -0.30511474609375 -0.12225341796875
0.00317573547363281 0.00876808166503906 -0.237823486328125 0.0720977783203125
0.0127067565917969 0.0013275146484375 -0.0627975463867188 0.128707885742188
0.00977230072021484 -0.00615406036376953 0.073760986328125 0.085174560546875
0.0104045867919922 -0.0075225830078125 -0.0414199829101563 -0.09552001953125
0.0183658599853516 0.00525474548339844 0.09381103515625 -0.121620178222656
0.0179672241210938 0.0112361907958984 0.232315063476563 -0.037200927734375
0.0010232925415039 0.0133600234985352 0.28155517578125 0.1771240234375
-0.0302162170410156 0.00712203979492187 0.026763916015625 0.408447265625
-0.0143184661865234 -0.0143365859985352 -0.319610595703125 0.370086669921875
0.0169858932495117 -0.00681400299072266 -0.372406005859375 0.078399658203125
0.0314846038818359 0.0177898406982422 0.0105209350585938 0.0445671081542969
0.0263576507568359 0.006103515625 0.429595947265625 -0.026702880859375
0.00101661682128906 -0.00537967681884766 0.35638427734375 -0.37896728515625
-0.0159444808959961 -0.00345802307128906 -0.095611572265625 -0.4273681640625
-0.0118312835693359 0.00233745574951172 -0.303924560546875 -0.1234130859375
0.00417995452880859 0.00921344757080078 -0.23785400390625 0.0710906982421875
0.0127172470092773 0.00125885009765625 -0.0620040893554688 0.129165649414063
0.0104951858520508 -0.00654220581054687 0.0741806030273438 0.086517333984375
0.0100154876708984 -0.0074005126953125 -0.0424575805664063 -0.09649658203125
0.0181255340576172 0.00525093078613281 0.09423828125 -0.121299743652344
0.0178585052490234 0.0114078521728516 0.233596801757812 -0.0367584228515625
0.000931739807128906 0.0135908126831055 0.28167724609375 0.17620849609375
-0.0303211212158203 0.00774002075195313 0.02679443359375 0.409027099609375
-0.0143623352050781 -0.0131721496582031 -0.32281494140625 0.369171142578125
0.0150079727172852 -0.00701522827148438 -0.37213134765625 0.0784301757812501
0.0289669036865234 0.0166912078857422 0.0119895935058594 0.0446548461914062
0.0251636505126953 0.00632095336914063 0.43109130859375 -0.026824951171875
0.00123214721679687 -0.00449848175048828 0.35662841796875 -0.380126953125
-0.0149040222167969 -0.00394439697265625 -0.09429931640625 -0.427093505859375
-0.0121879577636719 0.0030364990234375 -0.303253173828125 -0.12176513671875
0.00303268432617188 0.00940513610839844 -0.2373046875 0.0722503662109375
0.0124959945678711 0.00171947479248047 -0.0616302490234375 0.129753112792969
0.0101222991943359 -0.00676727294921875 0.0754623413085938 0.0862884521484375
0.00927734375 -0.007659912109375 -0.043304443359375 -0.0961685180664063
0.0180683135986328 0.00553703308105469 0.0952224731445313 -0.120857238769531
0.0168027877807617 0.0117588043212891 0.234649658203125 -0.03558349609375
-1.90734863281263E-05 0.0144357681274414 0.28082275390625 0.17889404296875
-0.0294513702392578 0.00812530517578125 0.02276611328125 0.409423828125
-0.0138273239135742 -0.0131692886352539 -0.325836181640625 0.3681640625
0.0146961212158203 -0.00639152526855469 -0.3720703125 0.07659912109375
0.0270881652832031 0.0164680480957031 0.0148124694824219 0.0457420349121094
0.0240268707275391 0.00595474243164063 0.43414306640625 -0.02911376953125
0.00132870674133301 -0.00437760353088379 0.356689453125 -0.381317138671875
-0.0152482986450195 -0.0035400390625 -0.09576416015625 -0.424530029296875
-0.0118894577026367 0.00299739837646485 -0.303802490234375 -0.119171142578125
0.00324153900146484 0.0100517272949219 -0.236557006835938 0.0732269287109375
0.0120458602905273 0.00243854522705078 -0.0596160888671875 0.129989624023437
0.00871706008911133 -0.00647115707397461 0.0757675170898438 0.0869522094726563
0.00770282745361328 -0.00763511657714844 -0.0459442138671875 -0.095611572265625
0.0176601409912109 0.00512123107910156 0.0951385498046875 -0.121902465820313
0.0161523818969727 0.0120878219604492 0.233749389648438 -0.033935546875
-0.000467300415039063 0.0144023895263672 0.27813720703125 0.181594848632813
-0.0290393829345703 0.00865745544433594 0.017333984375 0.41070556640625
-0.0126838684082031 -0.0131673812866211 -0.3287353515625 0.36798095703125
0.0146703720092773 -0.00680732727050781 -0.370635986328125 0.075897216796875
0.0266532897949219 0.0158710479736328 0.0183258056640625 0.0468330383300781
0.0237770080566406 0.00537872314453125 0.435943603515625 -0.03173828125
0.00169944763183594 -0.00455856323242188 0.35382080078125 -0.38507080078125
-0.0140771865844727 -0.00266265869140625 -0.0994873046875 -0.425445556640625
-0.011805534362793 0.00412464141845703 -0.3040771484375 -0.11749267578125
0.00222206115722656 0.0104961395263672 -0.234085083007813 0.07403564453125
0.011418342590332 0.00279903411865234 -0.05706787109375 0.129127502441406
0.00819587707519531 -0.00647306442260742 0.0790328979492188 0.0855636596679688
0.00578880310058594 -0.00748443603515625 -0.04547119140625 -0.0957260131835938
0.0170803070068359 0.00701999664306641 0.09716796875 -0.121017456054688
0.0153560638427734 0.0127077102661133 0.233963012695313 -0.0317230224609375
-0.000403404235839843 0.0135736465454102 0.275314331054688 0.18511962890625
-0.0289325714111328 0.00786399841308594 0.010223388671875 0.412200927734375
-0.0113372802734375 -0.0127830505371094 -0.33453369140625 0.363922119140625
0.0159940719604492 -0.00599765777587891 -0.370635986328125 0.07269287109375
0.0278453826904297 0.0163249969482422 0.0216445922851563 0.0478363037109375
0.0244789123535156 0.00528526306152344 0.436248779296875 -0.03564453125
0.00243234634399414 -0.00407695770263672 0.347869873046875 -0.387298583984375
-0.0143165588378906 -0.00313472747802735 -0.10760498046875 -0.42132568359375
-0.0121965408325195 0.00421333312988281 -0.305389404296875 -0.112457275390625
0.00232601165771484 0.0102005004882813 -0.233489990234375 0.0767669677734375
0.0113515853881836 0.00426197052001953 -0.055511474609375 0.130027770996094
0.00681352615356445 -0.00628185272216797 0.0785751342773438 0.0866851806640625
0.00918769836425781 -0.00698471069335938 -0.0389175415039063 -0.0971221923828125
0.0187511444091797 0.00596809387207031 0.0949554443359375 -0.120170593261719
0.0180492401123047 0.0107402801513672 0.23211669921875 -0.033294677734375
-0.000996589660644531 0.0110549926757813 0.274215698242188 0.182907104492188
-0.0310344696044922 0.00489044189453125 0.01446533203125 0.410369873046875
-0.0108499526977539 -0.0145282745361328 -0.329437255859375 0.36480712890625
0.0239715576171875 -0.00527191162109375 -0.373321533203125 0.07373046875
0.0396766662597656 0.0216751098632812 0.0123329162597656 0.0444564819335938
0.0320625305175781 0.00690841674804688 0.42578125 -0.03167724609375
0.00426673889160156 -0.00527667999267578 0.344451904296875 -0.382904052734375
-0.0164375305175781 -0.00549221038818359 -0.104827880859375 -0.423065185546875
-0.0132598876953125 0.00206375122070312 -0.306976318359375 -0.117431640625
0.00323820114135742 0.00836801528930664 -0.23834228515625 0.072967529296875
0.0129337310791016 0.00288105010986328 -0.0611038208007813 0.127235412597656
0.00698041915893555 -0.00562858581542969 0.0739898681640625 0.0846176147460938
0.0104923248291016 -0.00734233856201172 -0.0398025512695313 -0.0966110229492188
0.0179805755615234 0.00493049621582031 0.0940628051757813 -0.120574951171875
0.0176124572753906 0.00971221923828125 0.231903076171875 -0.0350189208984375
-0.00066852569580078 0.0121192932128906 0.276214599609375 0.178817749023438
-0.0310115814208984 0.00524520874023438 0.023040771484375 0.410400390625
-0.0125627517700195 -0.0145816802978516 -0.324981689453125 0.36712646484375
0.0212001800537109 -0.00568008422851563 -0.372039794921875 0.07635498046875
0.0367317199707031 0.0205078125 0.0105133056640625 0.0444564819335938
0.0316352844238281 0.00693130493164063 0.425506591796875 -0.028564453125
0.00318622589111328 -0.00521278381347656 0.349761962890625 -0.380615234375
-0.0158929824829102 -0.00517845153808594 -0.1005859375 -0.42498779296875
-0.0131692886352539 0.000754356384277346 -0.305206298828125 -0.11956787109375
0.00326681137084961 0.00784873962402344 -0.237930297851563 0.072540283203125
0.0132856369018555 0.00201225280761719 -0.0625457763671875 0.127822875976562
0.00936126708984375 -0.00614833831787109 0.0739059448242188 0.0839691162109375
0.0101747512817383 -0.00766468048095703 -0.0408782958984375 -0.0964279174804688
0.0188159942626953 0.00444412231445313 0.0930252075195313 -0.121208190917969
0.0176715850830078 0.0100898742675781 0.232254028320312 -0.0367889404296875
-0.000368118286132812 0.011937141418457 0.277816772460937 0.176254272460937
-0.0310764312744141 0.0071258544921875 0.026123046875 0.40899658203125
-0.0128145217895508 -0.0147781372070312 -0.3221435546875 0.369232177734375
0.0190067291259766 -0.007080078125 -0.3724365234375 0.0772705078125
0.0338764190673828 0.0195293426513672 0.00965118408203125 0.0441703796386719
0.0285263061523438 0.0067901611328125 0.425750732421875 -0.02587890625
0.00156974792480469 -0.00572586059570313 0.352813720703125 -0.378387451171875
-0.0161294937133789 -0.00464630126953125 -0.096832275390625 -0.426483154296875
-0.0120487213134766 0.00307464599609375 -0.302947998046875 -0.122039794921875
0.00343608856201172 0.00955963134765625 -0.23748779296875 0.0716552734375
0.012171745300293 0.00204277038574219 -0.0622177124023438 0.127891540527344
0.0099649429321289 -0.00653839111328125 0.0735092163085938 0.085296630859375
0.0110960006713867 -0.00770187377929688 -0.0412521362304688 -0.0961837768554688
0.0190658569335938 0.00513267517089844 0.093170166015625 -0.121391296386719
0.0174894332885742 0.0104579925537109 0.233383178710937 -0.037261962890625
-0.00026702880859375 0.0125885009765625 0.27972412109375 0.175643920898438
-0.030487060546875 0.00792694091796875 0.027313232421875 0.40838623046875
-0.0135211944580078 -0.0129709243774414 -0.31939697265625 0.36895751953125
0.0167102813720703 -0.00662517547607422 -0.3714599609375 0.0779113769531249
0.0299072265625 0.0175857543945313 0.0088043212890625 0.0444450378417969
0.0260887145996094 0.00683975219726563 0.4276123046875 -0.026092529296875
0.00174808502197266 -0.00470256805419922 0.35467529296875 -0.376983642578125
-0.0156259536743164 -0.00342082977294922 -0.09442138671875 -0.42535400390625
-0.0114908218383789 0.00284862518310547 -0.30340576171875 -0.121795654296875
0.00282382965087891 0.00930404663085937 -0.236602783203125 0.0719757080078125
0.0132770538330078 0.0016632080078125 -0.0622329711914062 0.128494262695313
0.0096282958984375 -0.00637149810791016 0.0742874145507813 0.0854568481445313
0.0102767944335938 -0.00766086578369141 -0.0423507690429687 -0.096435546875
0.0175714492797852 0.00455093383789063 0.0934982299804688 -0.12054443359375
0.0170106887817383 0.0107612609863281 0.233383178710937 -0.037078857421875
0.000755310058593751 0.013463020324707 0.280715942382813 0.175811767578125
-0.0302677154541016 0.00852203369140625 0.026275634765625 0.40869140625
-0.0141830444335937 -0.0131692886352539 -0.31964111328125 0.368438720703125
0.0152559280395508 -0.00697708129882813 -0.370697021484375 0.07696533203125
0.0280399322509766 0.0167007446289063 0.010589599609375 0.0446395874023438
0.0245361328125 0.00560379028320313 0.42938232421875 -0.025054931640625
0.00152873992919922 -0.0038604736328125 0.356781005859375 -0.3785400390625
-0.0150070190429688 -0.00311756134033203 -0.09490966796875 -0.425048828125
-0.0117349624633789 0.00286769866943359 -0.3016357421875 -0.1212158203125
0.00317192077636719 0.00940895080566406 -0.235748291015625 0.0721893310546876
0.0122556686401367 0.00199508666992188 -0.0615234375 0.129692077636719
0.0102901458740234 -0.00695228576660156 0.0746536254882813 0.086212158203125
0.00929737091064453 -0.00817012786865234 -0.0435333251953125 -0.096221923828125
0.0177974700927734 0.00527572631835938 0.094757080078125 -0.120643615722656
0.0165786743164063 0.0117254257202148 0.233566284179688 -0.0354156494140625
-0.000252723693847657 0.0137605667114258 0.27862548828125 0.178054809570312
-0.0297393798828125 0.00839614868164062 0.023101806640625 0.4088134765625
-0.0131330490112305 -0.0127706527709961 -0.3240966796875 0.36712646484375
0.0140266418457031 -0.00684738159179688 -0.3701171875 0.076171875
0.0262203216552734 0.0167522430419922 0.0141410827636719 0.04608154296875
0.0237388610839844 0.00563430786132813 0.4305419921875 -0.02642822265625
0.0012662410736084 -0.0036613941192627 0.35516357421875 -0.37945556640625
-0.0145988464355469 -0.003204345703125 -0.095703125 -0.424224853515625
-0.0118551254272461 0.00332069396972656 -0.302398681640625 -0.118927001953125
0.00237655639648437 0.00991249084472656 -0.234848022460938 0.07354736328125
0.0119009017944336 0.00223159790039063 -0.0593185424804688 0.130134582519531
0.00903415679931641 -0.00740337371826172 0.0756759643554688 0.086883544921875
0.00770282745361328 -0.00724935531616211 -0.0454177856445313 -0.0958404541015625
0.017460823059082 0.00515270233154297 0.0943679809570313 -0.121421813964844
0.0159120559692383 0.012660026550293 0.232666015625 -0.033905029296875
-0.000490188598632813 0.0145444869995117 0.276947021484375 0.1806640625
-0.0290489196777344 0.00818824768066407 0.01751708984375 0.409698486328125
-0.0119771957397461 -0.0122146606445312 -0.3282470703125 0.366180419921875
0.0146360397338867 -0.00616550445556641 -0.37017822265625 0.0751953125000001
0.0262489318847656 0.015777587890625 0.0173606872558594 0.0469894409179688
0.0239009857177734 0.00538253784179687 0.432647705078125 -0.030731201171875
0.00155138969421387 -0.00422000885009766 0.35125732421875 -0.3837890625
-0.0146455764770508 -0.00245285034179687 -0.09918212890625 -0.423431396484375
-0.0118188858032227 0.00413322448730469 -0.30242919921875 -0.116455078125
0.00221443176269531 0.010289192199707 -0.232589721679688 0.074188232421875
0.0117568969726562 0.00295829772949219 -0.0572509765625 0.129364013671875
0.00855350494384766 -0.00669431686401367 0.0783462524414063 0.0851669311523438
0.0055384635925293 -0.00769901275634766 -0.045501708984375 -0.0959014892578125
0.0168657302856445 0.00745010375976563 0.0968017578125 -0.120758056640625
0.0156259536743164 0.0124711990356445 0.233184814453125 -0.0311431884765625
-0.00125789642333984 0.0137271881103516 0.274444580078125 0.184722900390625
-0.0289478302001953 0.00780487060546875 0.011016845703125 0.41094970703125
-0.0110950469970703 -0.0123777389526367 -0.3341064453125 0.362030029296875
0.015599250793457 -0.00592041015625 -0.368682861328125 0.072601318359375
0.0271682739257813 0.0157852172851563 0.0207252502441406 0.04742431640625
0.0244026184082031 0.00526809692382813 0.432952880859375 -0.034637451171875
0.00274896621704102 -0.00396847724914551 0.34625244140625 -0.3848876953125
-0.0138092041015625 -0.00246715545654297 -0.1063232421875 -0.41876220703125
-0.0123691558837891 0.00329303741455078 -0.304595947265625 -0.112060546875
0.00219535827636719 0.010462760925293 -0.232452392578125 0.0762176513671875
0.011627197265625 0.00455856323242188 -0.055419921875 0.129844665527344
0.00616216659545899 -0.00596857070922852 0.0787582397460938 0.0865707397460938
0.00978755950927734 -0.00715351104736328 -0.03826904296875 -0.0973968505859375
0.0184555053710938 0.00555229187011719 0.093780517578125 -0.121025085449219
0.0181522369384766 0.010040283203125 0.23101806640625 -0.032257080078125
-0.00149917602539062 0.0108680725097656 0.272933959960938 0.183425903320313
-0.0311107635498047 0.00560569763183593 0.0147705078125 0.410400390625
-0.0101699829101562 -0.0139980316162109 -0.331207275390625 0.36480712890625
0.0237445831298828 -0.00633811950683594 -0.370849609375 0.0728759765625
0.0384712219238281 0.0215339660644531 0.0118675231933594 0.0452194213867188
0.0329475402832031 0.00811386108398438 0.42333984375 -0.0313720703125
0.00454139709472656 -0.00546360015869141 0.3436279296875 -0.380279541015625
-0.0163021087646484 -0.0057382583618164 -0.104736328125 -0.422210693359375
-0.0127811431884766 0.00173187255859375 -0.305267333984375 -0.115966796875
0.00402927398681641 0.00902175903320313 -0.2364501953125 0.073638916015625
0.01324462890625 0.00302028656005859 -0.0616226196289062 0.127143859863281
0.0075373649597168 -0.00589513778686523 0.0736083984375 0.0833892822265625
0.00959014892578125 -0.00800895690917969 -0.0391387939453125 -0.0968246459960938
0.0187320709228516 0.00531005859375 0.0938034057617188 -0.121490478515625
0.0185642242431641 0.00991439819335938 0.231460571289063 -0.034393310546875
-0.00134944915771484 0.0112504959106445 0.276031494140625 0.179428100585938
-0.0317134857177734 0.00580406188964843 0.02130126953125 0.4095458984375
-0.012263298034668 -0.0138416290283203 -0.324615478515625 0.367828369140625
0.0215930938720703 -0.00610733032226563 -0.3712158203125 0.07464599609375
0.0373687744140625 0.0204315185546875 0.0099334716796875 0.044189453125
0.0305614471435547 0.00734901428222656 0.4237060546875 -0.027984619140625
0.00368928909301758 -0.00565862655639648 0.34783935546875 -0.3795166015625
-0.0157909393310547 -0.00506973266601563 -0.0994873046875 -0.424407958984375
-0.013422966003418 0.00178337097167969 -0.304443359375 -0.11920166015625
0.00362968444824219 0.0092010498046875 -0.237167358398438 0.073028564453125
0.0123157501220703 0.00278759002685547 -0.0633163452148437 0.127433776855469
0.00855159759521484 -0.00651741027832031 0.07305908203125 0.0837554931640625
0.00994682312011719 -0.00711631774902344 -0.0402755737304688 -0.0968399047851563
0.0186595916748047 0.00498008728027344 0.0928115844726563 -0.120651245117188
0.017242431640625 0.00987911224365234 0.23162841796875 -0.037078857421875
-0.00137996673583984 0.0121402740478516 0.277862548828125 0.17742919921875
-0.0303573608398438 0.00669288635253906 0.025848388671875 0.407928466796875
-0.0128879547119141 -0.0131664276123047 -0.321746826171875 0.368499755859375
0.0191249847412109 -0.00641250610351562 -0.3717041015625 0.0760192871093749
0.0330600738525391 0.0193729400634766 0.009002685546875 0.0431594848632812
0.0289363861083984 0.00685310363769531 0.42388916015625 -0.024505615234375
0.00247716903686523 -0.00501823425292969 0.352508544921875 -0.375518798828125
-0.0166168212890625 -0.00470447540283203 -0.096832275390625 -0.42529296875
-0.0127496719360352 0.00256252288818359 -0.303436279296875 -0.122039794921875
0.00316810607910156 0.00934886932373047 -0.237197875976562 0.0716552734375
0.0125102996826172 0.00175285339355469 -0.0626907348632813 0.128593444824219
0.00905990600585938 -0.00726318359375 0.0726318359375 0.0847625732421875
0.00999641418457031 -0.00767230987548828 -0.0418472290039063 -0.0964813232421875
0.0185546875 0.00528335571289063 0.0932693481445312 -0.120635986328125
0.0185565948486328 0.0100383758544922 0.232315063476562 -0.0378265380859375
-4.4822692871094E-05 0.0130977630615234 0.279052734375 0.17633056640625
-0.0297985076904297 0.00761222839355468 0.026947021484375 0.408111572265625
-0.0131111145019531 -0.0131874084472656 -0.319976806640625 0.368499755859375
0.0165424346923828 -0.00630664825439453 -0.370513916015625 0.0765380859375
0.030059814453125 0.0179882049560547 0.00875473022460938 0.0445022583007813
0.0275211334228516 0.006439208984375 0.424652099609375 -0.024139404296875
0.00170493125915527 -0.0043795108795166 0.355010986328125 -0.37506103515625
-0.0154914855957031 -0.00351715087890625 -0.09466552734375 -0.424774169921875
-0.0123329162597656 0.00319004058837891 -0.301055908203125 -0.122100830078125
0.00320148468017578 0.00895118713378906 -0.236114501953125 0.072509765625
0.0123147964477539 0.00203800201416016 -0.0621261596679688 0.128990173339844
0.00879955291748047 -0.00703334808349609 0.0737686157226563 0.0849533081054688
0.0103635787963867 -0.00819110870361328 -0.0423507690429687 -0.09698486328125
0.0188732147216797 0.00450706481933594 0.0933303833007812 -0.120407104492187
0.0174055099487305 0.0102720260620117 0.232635498046875 -0.0372314453125
-0.000375747680664064 0.0136899948120117 0.279403686523438 0.176498413085937
-0.0300216674804688 0.00827789306640625 0.025604248046875 0.40789794921875
-0.0137052536010742 -0.0125904083251953 -0.320648193359375 0.36822509765625
0.0147008895874023 -0.00684642791748047 -0.370513916015625 0.07666015625
0.0277957916259766 0.0164852142333984 0.01043701171875 0.04583740234375
0.0240383148193359 0.00598526000976563 0.427337646484375 -0.022613525390625
0.00139141082763672 -0.00466680526733398 0.355712890625 -0.374755859375
-0.0161228179931641 -0.0039052963256836 -0.09478759765625 -0.42413330078125
-0.0118980407714844 0.00304698944091797 -0.30126953125 -0.12152099609375
0.00346469879150391 0.00957202911376953 -0.235549926757813 0.0721893310546875
0.0123004913330078 0.00297164916992188 -0.0616073608398437 0.12994384765625
0.00964260101318359 -0.00732326507568359 0.0745010375976563 0.0858688354492188
0.00909328460693359 -0.00835609436035156 -0.0435562133789063 -0.0963821411132813
0.0183048248291016 0.00493049621582031 0.0945053100585938 -0.120643615722656
0.0168294906616211 0.0110282897949219 0.233352661132812 -0.0352783203125
-4.67300415039065E-05 0.0133199691772461 0.277999877929688 0.17828369140625
-0.0303535461425781 0.00877952575683594 0.0223388671875 0.40911865234375
-0.0132608413696289 -0.0124435424804688 -0.3233642578125 0.364898681640625
0.0140180587768555 -0.00751590728759766 -0.369903564453125 0.0753173828125001
0.0262794494628906 0.0162448883056641 0.013336181640625 0.045806884765625
0.0239982604980469 0.0056915283203125 0.42950439453125 -0.02569580078125
0.00161147117614746 -0.00373268127441406 0.354034423828125 -0.37689208984375
-0.0146446228027344 -0.00264072418212891 -0.09588623046875 -0.42364501953125
-0.011836051940918 0.003692626953125 -0.30230712890625 -0.119049072265625
0.00235366821289063 0.0100040435791016 -0.23504638671875 0.0733337402343751
0.0120077133178711 0.00298213958740234 -0.059295654296875 0.1304931640625
0.00903892517089844 -0.00693416595458984 0.0756149291992188 0.0862655639648438
0.00703954696655273 -0.00795507431030273 -0.0459518432617187 -0.0958480834960938
0.0178852081298828 0.00481986999511719 0.0939254760742188 -0.1214599609375
0.0156803131103516 0.0123167037963867 0.2325439453125 -0.033416748046875
-0.00104713439941406 0.01409912109375 0.276138305664063 0.18157958984375
-0.0286464691162109 0.00888252258300781 0.01666259765625 0.410003662109375
-0.0120878219604492 -0.0120573043823242 -0.3294677734375 0.36578369140625
0.0142507553100586 -0.00725841522216797 -0.369140625 0.0737304687500001
0.0257911682128906 0.0154342651367188 0.0167808532714844 0.0467185974121094
0.0229053497314453 0.00541877746582031 0.431396484375 -0.029205322265625
0.00179028511047363 -0.00390005111694336 0.35186767578125 -0.381072998046875
-0.014714241027832 -0.00260066986083984 -0.10003662109375 -0.421356201171875
-0.0123844146728516 0.00406742095947266 -0.301788330078125 -0.116455078125
0.00213146209716797 0.010188102722168 -0.233230590820312 0.07403564453125
0.011998176574707 0.00362586975097656 -0.0572433471679688 0.129524230957031
0.00828838348388672 -0.00620651245117188 0.0779342651367188 0.0853652954101563
0.00611162185668945 -0.00730705261230469 -0.0456695556640625 -0.0959243774414063
0.0169057846069336 0.00657081604003906 0.0959243774414063 -0.120346069335938
0.0153236389160156 0.0126161575317383 0.232803344726563 -0.0312652587890625
-0.0015869140625 0.0137825012207031 0.273757934570313 0.184249877929687
-0.0288982391357422 0.00839233398437501 0.01080322265625 0.4102783203125
-0.0106716156005859 -0.0117073059082031 -0.333099365234375 0.362335205078125
0.0159063339233398 -0.00646877288818359 -0.36834716796875 0.071380615234375
0.0265178680419922 0.0160083770751953 0.0204315185546875 0.0475921630859375
0.0246391296386719 0.00543403625488281 0.43206787109375 -0.033843994140625
0.00293827056884766 -0.0029289722442627 0.34613037109375 -0.382843017578125
-0.0144357681274414 -0.00232505798339844 -0.106201171875 -0.419189453125
-0.0123586654663086 0.00355625152587891 -0.303436279296875 -0.112213134765625
0.00180721282958984 0.0111217498779297 -0.231597900390625 0.0765838623046875
0.0112686157226563 0.00478935241699219 -0.0555343627929688 0.130271911621094
0.00658607482910156 -0.0064239501953125 0.0787353515625 0.0865631103515625
0.00965595245361328 -0.00712203979492187 -0.0393905639648438 -0.0972518920898438
0.0183773040771484 0.005340576171875 0.094573974609375 -0.120330810546875
0.0171604156494141 0.00952911376953125 0.231338500976562 -0.0325469970703125
-0.00194072723388672 0.011998176574707 0.272994995117188 0.182891845703125
-0.0307178497314453 0.00597381591796875 0.01434326171875 0.410400390625
-0.00975894927978516 -0.0143728256225586 -0.331268310546875 0.363861083984375
0.0235881805419922 -0.0055999755859375 -0.37213134765625 0.0723266601562501
0.0385513305664062 0.0215225219726563 0.0116424560546875 0.0456390380859375
0.0329914093017578 0.00739669799804688 0.4234619140625 -0.028839111328125
0.00393867492675781 -0.00511407852172852 0.3450927734375 -0.379425048828125
-0.0162172317504883 -0.00506210327148438 -0.10357666015625 -0.42279052734375
-0.0135622024536133 0.00153732299804688 -0.305694580078125 -0.117828369140625
0.00378179550170898 0.00843477249145508 -0.237396240234375 0.07391357421875
0.012507438659668 0.00376319885253906 -0.062164306640625 0.128402709960938
0.00652742385864258 -0.00588560104370117 0.0735397338867188 0.083404541015625
0.0106287002563477 -0.00741100311279297 -0.0397491455078125 -0.096466064453125
0.0183506011962891 0.00485420227050781 0.0932464599609375 -0.121360778808594
0.0190200805664063 0.00990676879882813 0.231048583984375 -0.0347900390625
-0.00155448913574219 0.011347770690918 0.27581787109375 0.179641723632813
-0.0315475463867188 0.00654220581054688 0.02117919921875 0.411224365234375
-0.0116033554077148 -0.0135002136230469 -0.325897216796875 0.367034912109375
0.0202121734619141 -0.00602912902832031 -0.371673583984375 0.0743408203125
0.0359420776367187 0.0206031799316406 0.00902557373046875 0.0439834594726563
0.0306968688964844 0.00766181945800781 0.42266845703125 -0.025909423828125
0.00299549102783203 -0.00515985488891601 0.349029541015625 -0.376678466796875
-0.0162696838378906 -0.004730224609375 -0.100189208984375 -0.423797607421875
-0.0132589340209961 0.00202178955078125 -0.302764892578125 -0.121246337890625
0.00359869003295898 0.00866127014160156 -0.237411499023438 0.0728607177734375
0.0115251541137695 0.00297164916992188 -0.0631484985351563 0.128364562988281
0.00812196731567383 -0.00653076171875 0.0735702514648438 0.083740234375
0.0106754302978516 -0.00847053527832031 -0.0405731201171875 -0.0964813232421875
0.019256591796875 0.00440406799316406 0.092437744140625 -0.121528625488281
0.0177116394042969 0.00888252258300781 0.231719970703125 -0.0368499755859375
-0.00112247467041016 0.0113677978515625 0.277572631835938 0.176895141601563
-0.03033447265625 0.00757789611816406 0.024871826171875 0.40899658203125
-0.0127220153808594 -0.0130271911621094 -0.322662353515625 0.36822509765625
0.0184879302978516 -0.00696563720703125 -0.372100830078125 0.076019287109375
0.0326862335205078 0.0192279815673828 0.0078582763671875 0.0441741943359375
0.0285110473632813 0.00704193115234375 0.4228515625 -0.023162841796875
0.0030207633972168 -0.00365304946899414 0.352691650390625 -0.374420166015625
-0.0167684555053711 -0.00413703918457031 -0.096038818359375 -0.425506591796875
-0.0126171112060547 0.00226402282714844 -0.30206298828125 -0.121978759765625
0.00337982177734375 0.00905895233154297 -0.236557006835938 0.0719146728515626
0.0129127502441406 0.00202274322509766 -0.0626907348632813 0.129203796386719
0.00854730606079102 -0.00673007965087891 0.0733108520507813 0.0849456787109375
0.0104169845581055 -0.00755882263183594 -0.0408859252929688 -0.096649169921875
0.0190029144287109 0.00460052490234375 0.0923995971679688 -0.12188720703125
0.0175104141235352 0.0095815658569336 0.231658935546875 -0.0376739501953125
-0.000487327575683592 0.0128297805786133 0.278854370117188 0.176803588867188
-0.0303020477294922 0.00757217407226563 0.02630615234375 0.4085693359375
-0.0126266479492187 -0.012202262878418 -0.3214111328125 0.367828369140625
0.0172758102416992 -0.00732517242431641 -0.37078857421875 0.0765991210937501
0.0300502777099609 0.0183353424072266 0.00806045532226563 0.0442237854003906
0.0267333984375 0.00705909729003906 0.425048828125 -0.021820068359375
0.00212264060974121 -0.00339341163635254 0.354522705078125 -0.373199462890625
-0.0151920318603516 -0.00409507751464844 -0.09423828125 -0.424896240234375
-0.0132856369018555 0.00301837921142578 -0.302703857421875 -0.1224365234375
0.00272655487060547 0.00942516326904297 -0.237258911132812 0.07196044921875
0.0121536254882813 0.00184059143066406 -0.0623855590820312 0.129127502441406
0.00971794128417969 -0.00667572021484375 0.0740203857421875 0.0858001708984375
0.0100021362304687 -0.00775337219238281 -0.042816162109375 -0.0964736938476563
0.0182132720947266 0.00521659851074219 0.0933761596679688 -0.121345520019531
0.0166006088256836 0.0114402770996094 0.233108520507813 -0.03619384765625
-0.000544548034667968 0.0129728317260742 0.279541015625 0.176971435546875
-0.0299320220947266 0.00838279724121093 0.02703857421875 0.4093017578125
-0.0130672454833984 -0.0118389129638672 -0.321044921875 0.368133544921875
0.0150928497314453 -0.00664997100830078 -0.37066650390625 0.075653076171875
0.0277423858642578 0.0166187286376953 0.00965118408203125 0.0444221496582031
0.0246868133544922 0.00610160827636719 0.42657470703125 -0.021881103515625
0.00222468376159668 -0.00382304191589355 0.3564453125 -0.373382568359375
-0.0151748657226563 -0.00354480743408203 -0.0946960449218751 -0.424072265625
-0.012359619140625 0.00305652618408203 -0.30133056640625 -0.120849609375
0.00244903564453125 0.0101528167724609 -0.2354736328125 0.0723419189453125
0.0122613906860352 0.00236415863037109 -0.061431884765625 0.13037109375
0.00935173034667969 -0.00725269317626953 0.0749130249023438 0.0862808227539063
0.0086665153503418 -0.00793552398681641 -0.0433273315429687 -0.0965118408203125
0.0181541442871094 0.00506019592285156 0.0945053100585938 -0.121086120605469
0.0166444778442383 0.0110683441162109 0.23260498046875 -0.03533935546875
-0.00134563446044922 0.0131998062133789 0.278106689453125 0.179122924804688
-0.0294895172119141 0.00931358337402344 0.02166748046875 0.409912109375
-0.0123300552368164 -0.0117273330688477 -0.32476806640625 0.365570068359375
0.0139741897583008 -0.00702190399169922 -0.370208740234375 0.074798583984375
0.0258350372314453 0.0156974792480469 0.0125045776367188 0.0457077026367188
0.0232181549072266 0.00599098205566406 0.427886962890625 -0.02423095703125
0.00174307823181152 -0.00281739234924316 0.354339599609375 -0.375762939453125
-0.0146293640136719 -0.0027780532836914 -0.094390869140625 -0.422454833984375
-0.0119009017944336 0.00358390808105469 -0.30145263671875 -0.11962890625
0.00257492065429687 0.0100107192993164 -0.235458374023437 0.0731048583984375
0.0114316940307617 0.00275325775146484 -0.060272216796875 0.131004333496094
0.00854301452636719 -0.00730085372924805 0.075531005859375 0.08599853515625
0.00743913650512695 -0.00867700576782226 -0.0461654663085938 -0.0963668823242188
0.017913818359375 0.00454902648925781 0.094024658203125 -0.12139892578125
0.0151853561401367 0.0122976303100586 0.232574462890625 -0.03338623046875
-0.00137424468994141 0.0134353637695313 0.276687622070313 0.182510375976563
-0.0282115936279297 0.00911331176757812 0.01739501953125 0.411285400390625
-0.0116891860961914 -0.0119962692260742 -0.328521728515625 0.36572265625
0.0134344100952148 -0.00685405731201172 -0.368927001953125 0.073760986328125
0.0251255035400391 0.0155735015869141 0.0161628723144531 0.0464363098144531
0.0238151550292969 0.00542640686035156 0.430206298828125 -0.027374267578125
0.00230526924133301 -0.00385928153991699 0.351409912109375 -0.380126953125
-0.0145912170410156 -0.00264453887939453 -0.0986328125 -0.421630859375
-0.012298583984375 0.00452995300292969 -0.30126953125 -0.11676025390625
0.00241756439208984 0.0107908248901367 -0.232986450195313 0.074920654296875
0.011408805847168 0.00382709503173828 -0.0570068359375 0.129814147949219
0.00765037536621094 -0.00638294219970703 0.0782623291015625 0.0849990844726563
0.00591802597045898 -0.00804376602172852 -0.04547119140625 -0.09637451171875
0.0175018310546875 0.00661182403564453 0.0963287353515625 -0.120574951171875
0.0147972106933594 0.0119590759277344 0.232147216796875 -0.031097412109375
-0.00182723999023437 0.0139074325561523 0.273529052734375 0.1839599609375
-0.029144287109375 0.00798416137695313 0.01055908203125 0.412139892578125
-0.0104846954345703 -0.0117626190185547 -0.333648681640625 0.361663818359375
0.0151758193969727 -0.00627517700195313 -0.369232177734375 0.0711975097656249
0.026123046875 0.0161933898925781 0.019805908203125 0.0479469299316406
0.0243377685546875 0.00574302673339844 0.43023681640625 -0.03240966796875
0.00302648544311523 -0.00313639640808105 0.34637451171875 -0.381927490234375
-0.0143880844116211 -0.00233840942382813 -0.1060791015625 -0.41729736328125
-0.0125980377197266 0.00431632995605469 -0.30267333984375 -0.1124267578125
0.00218772888183594 0.0109691619873047 -0.232345581054688 0.0766448974609375
0.0112161636352539 0.00448131561279297 -0.0557632446289063 0.130577087402344
0.00553369522094727 -0.00651121139526367 0.0782470703125 0.086517333984375
0.00893878936767578 -0.00767326354980469 -0.0382843017578125 -0.0980758666992188
0.0185394287109375 0.00549507141113281 0.0944595336914063 -0.120590209960938
0.017186164855957 0.00964832305908203 0.232025146484375 -0.0325927734375
-0.00236701965332031 0.0106992721557617 0.272705078125 0.18505859375
-0.0307979583740234 0.00656890869140626 0.014923095703125 0.413970947265625
-0.00986862182617187 -0.0136499404907227 -0.332611083984375 0.364471435546875
0.0233860015869141 -0.00593757629394531 -0.37310791015625 0.07080078125
0.0379600524902344 0.0213813781738281 0.011474609375 0.0456047058105469
0.0317592620849609 0.00743484497070312 0.42218017578125 -0.02789306640625
0.00461816787719727 -0.00489950180053711 0.346099853515625 -0.378875732421875
-0.0161781311035156 -0.00446128845214844 -0.10357666015625 -0.423980712890625
-0.0134429931640625 0.00239276885986328 -0.305694580078125 -0.1177978515625
0.00328731536865234 0.00883102416992188 -0.237884521484375 0.0735015869140625
0.012660026550293 0.00308513641357422 -0.062225341796875 0.129348754882813
0.00688791275024414 -0.00658321380615234 0.074371337890625 0.0838088989257813
0.00966453552246094 -0.00765037536621094 -0.039337158203125 -0.09759521484375
0.0193252563476562 0.00377464294433594 0.0934829711914063 -0.121246337890625
0.0180644989013672 0.00907135009765625 0.232467651367187 -0.035552978515625
-0.00233078002929688 0.0114002227783203 0.275970458984375 0.181304931640625
-0.0306034088134766 0.00676536560058594 0.02044677734375 0.41265869140625
-0.0115728378295898 -0.0127801895141602 -0.3265380859375 0.36700439453125
0.0217494964599609 -0.0064697265625 -0.37286376953125 0.07379150390625
0.0359230041503906 0.0207252502441406 0.0081787109375 0.0442428588867187
0.0303859710693359 0.007598876953125 0.42236328125 -0.02508544921875
0.00328397750854492 -0.00444889068603516 0.34857177734375 -0.376800537109375
-0.0166501998901367 -0.00399589538574218 -0.099395751953125 -0.424713134765625
-0.0135831832885742 0.00238227844238281 -0.30340576171875 -0.12109375
0.00385189056396484 0.00915145874023438 -0.238479614257812 0.07330322265625
0.0128154754638672 0.00271797180175781 -0.063262939453125 0.129241943359375
0.00899791717529297 -0.00713348388671875 0.0740890502929688 0.084442138671875
0.0108232498168945 -0.00840950012207031 -0.0411300659179688 -0.098663330078125
0.0190467834472656 0.00423812866210938 0.0936126708984375 -0.121665954589844
0.0170574188232422 0.00916576385498047 0.232635498046875 -0.036712646484375
-0.00139427185058594 0.0113039016723633 0.277359008789063 0.177902221679688
-0.0305747985839844 0.00854301452636719 0.024810791015625 0.410491943359375
-0.0122318267822266 -0.0127201080322266 -0.323028564453125 0.36712646484375
0.0184307098388672 -0.00695610046386719 -0.373199462890625 0.07513427734375
0.0335636138916016 0.0190048217773438 0.00716781616210938 0.0444755554199219
0.0280246734619141 0.00686073303222656 0.42364501953125 -0.022247314453125
0.00350475311279297 -0.00344681739807129 0.35382080078125 -0.37445068359375
-0.0169649124145508 -0.0038003921508789 -0.0955810546875 -0.425537109375
-0.0126247406005859 0.0024423599243164 -0.302093505859375 -0.121917724609375
0.00336456298828125 0.00908470153808594 -0.23858642578125 0.0714874267578125
0.0130643844604492 0.0026397705078125 -0.0639801025390625 0.130119323730469
0.00848913192749023 -0.00759172439575195 0.0733642578125 0.0850753784179688
0.011235237121582 -0.00887489318847656 -0.0417633056640625 -0.0973052978515625
0.0189971923828125 0.00398063659667969 0.0930023193359375 -0.12103271484375
0.0177078247070313 0.0106544494628906 0.232879638671875 -0.0370330810546875
-0.00038433074951172 0.0122356414794922 0.279129028320313 0.177139282226563
-0.0297336578369141 0.00876617431640624 0.026153564453125 0.40960693359375
-0.0129890441894531 -0.0121669769287109 -0.32196044921875 0.367706298828125
0.0164432525634766 -0.00767230987548828 -0.37164306640625 0.075592041015625
0.0291728973388672 0.0182647705078125 0.00818634033203125 0.0449905395507813
0.026336669921875 0.00693321228027344 0.423614501953125 -0.021453857421875
0.00246191024780273 -0.00341939926147461 0.3565673828125 -0.372833251953125
-0.0164709091186523 -0.00397872924804687 -0.09375 -0.425689697265625
-0.0131635665893555 0.00290679931640625 -0.30145263671875 -0.12322998046875
0.00281429290771484 0.00942897796630859 -0.237457275390625 0.0727081298828125
0.0123500823974609 0.00276851654052734 -0.0625 0.130607604980469
0.00924873352050781 -0.00726699829101563 0.0736846923828125 0.0854568481445312
0.00986003875732422 -0.00857257843017578 -0.0425338745117188 -0.0977325439453125
0.0189609527587891 0.00411605834960938 0.0929794311523438 -0.120819091796875
0.0170278549194336 0.0100860595703125 0.23297119140625 -0.0373687744140625
-0.00146961212158203 0.0121564865112305 0.279464721679688 0.177780151367188
-0.0300216674804688 0.00959587097167969 0.02581787109375 0.4100341796875
-0.0131998062133789 -0.0117197036743164 -0.322662353515625 0.367919921875
0.0145854949951172 -0.00761795043945313 -0.371246337890625 0.075958251953125
0.0270652770996094 0.0170421600341797 0.0094451904296875 0.0447196960449219
0.0240917205810547 0.00670623779296875 0.427154541015625 -0.020294189453125
0.00191164016723633 -0.00280141830444336 0.356597900390625 -0.374481201171875
-0.0150413513183594 -0.00244522094726563 -0.09295654296875 -0.42535400390625
-0.012507438659668 0.00385570526123047 -0.30145263671875 -0.121734619140625
0.00245189666748047 0.010040283203125 -0.23651123046875 0.072357177734375
0.0122041702270508 0.00255203247070312 -0.0624847412109375 0.131599426269531
0.00932121276855469 -0.00795841217041016 0.07391357421875 0.0863265991210938
0.00909709930419922 -0.009033203125 -0.04412841796875 -0.0976181030273437
0.0183010101318359 0.00459861755371094 0.094085693359375 -0.120681762695313
0.01690673828125 0.0110378265380859 0.233047485351562 -0.03594970703125
-0.000880241394042968 0.0131292343139648 0.278274536132813 0.180557250976562
-0.0292892456054688 0.00916862487792968 0.022003173828125 0.4107666015625
-0.0116977691650391 -0.0112600326538086 -0.32574462890625 0.367156982421875
0.0134563446044922 -0.00714206695556641 -0.37066650390625 0.0731811523437501
0.0252704620361328 0.0158500671386719 0.0125198364257813 0.0458717346191406
0.0231533050537109 0.00620079040527344 0.42816162109375 -0.022796630859375
0.00233817100524902 -0.00299668312072754 0.355316162109375 -0.374847412109375
-0.0153579711914063 -0.00265979766845703 -0.094512939453125 -0.423675537109375
-0.0126562118530273 0.00430870056152344 -0.3017578125 -0.120391845703125
0.00243377685546875 0.00998687744140625 -0.235504150390625 0.0736236572265625
0.0121192932128906 0.00290489196777344 -0.0600967407226563 0.131881713867188
0.0088653564453125 -0.00749015808105469 0.075439453125 0.086883544921875
0.00672531127929687 -0.0085749626159668 -0.045806884765625 -0.0963973999023437
0.0178775787353516 0.00430107116699219 0.0942001342773437 -0.121566772460937
0.0155887603759766 0.0120487213134766 0.2327880859375 -0.03338623046875
-0.00159549713134765 0.0135765075683594 0.27728271484375 0.182525634765625
-0.0288619995117188 0.00937461853027344 0.016815185546875 0.41357421875
-0.0108795166015625 -0.0111656188964844 -0.33013916015625 0.366424560546875
0.0137357711791992 -0.00737285614013672 -0.371002197265625 0.0726318359375
0.0249958038330078 0.0158233642578125 0.0155830383300781 0.0463371276855469
0.0235481262207031 0.00567817687988281 0.430633544921875 -0.02703857421875
0.00205302238464356 -0.00377011299133301 0.352996826171875 -0.37896728515625
-0.0147552490234375 -0.00195789337158203 -0.0986328125 -0.421600341796875
-0.0124025344848633 0.00423431396484375 -0.3016357421875 -0.11761474609375
0.00232124328613281 0.0102043151855469 -0.233444213867188 0.0753631591796875
0.0118589401245117 0.00377655029296875 -0.0579910278320313 0.130706787109375
0.00764846801757813 -0.006500244140625 0.07843017578125 0.0855560302734375
0.00603342056274414 -0.00763320922851563 -0.0459671020507813 -0.0972366333007812
0.0180797576904297 0.0058441162109375 0.0957183837890625 -0.120918273925781
0.0149030685424805 0.0124940872192383 0.23284912109375 -0.0310211181640625
-0.00234889984130859 0.0132904052734375 0.2742919921875 0.186355590820313
-0.0289707183837891 0.00874328613281249 0.0106201171875 0.412689208984375
-0.010040283203125 -0.0116939544677734 -0.334625244140625 0.36138916015625
0.015040397644043 -0.00638389587402344 -0.368896484375 0.0696105957031249
0.0255146026611328 0.0158920288085938 0.0192985534667969 0.0481643676757813
0.0242519378662109 0.00565338134765625 0.43072509765625 -0.030792236328125
0.00312185287475586 -0.00294756889343262 0.34698486328125 -0.381866455078125
-0.0145578384399414 -0.00224113464355469 -0.105255126953125 -0.42034912109375
-0.0126962661743164 0.00360584259033203 -0.3033447265625 -0.112701416015625
0.00180339813232422 0.0108060836791992 -0.232574462890625 0.07672119140625
0.0108661651611328 0.00460624694824219 -0.0562362670898438 0.1312255859375
0.00568008422851563 -0.00645875930786133 0.0782928466796875 0.087005615234375
0.00953197479248047 -0.00738811492919922 -0.038482666015625 -0.0987777709960938
0.0181369781494141 0.00514793395996094 0.0949478149414063 -0.121971130371094
0.0173158645629883 0.00915431976318359 0.233444213867188 -0.033355712890625
-0.00320339202880859 0.0114669799804687 0.274002075195313 0.185043334960938
-0.0312881469726563 0.00707626342773437 0.01397705078125 0.415252685546875
-0.00983524322509766 -0.0136222839355469 -0.333984375 0.36505126953125
0.02325439453125 -0.00565910339355469 -0.373870849609375 0.071136474609375
0.0379180908203125 0.0221214294433594 0.0103111267089844 0.0449600219726563
0.0325908660888672 0.00722885131835938 0.422119140625 -0.026763916015625
0.00502586364746094 -0.00397443771362305 0.34771728515625 -0.378875732421875
-0.017085075378418 -0.00516414642333985 -0.102996826171875 -0.424591064453125
-0.0143136978149414 0.00214481353759766 -0.305877685546875 -0.118804931640625
0.00344944000244141 0.00954627990722656 -0.238571166992188 0.0743560791015625
0.0124378204345703 0.00272655487060547 -0.0630950927734375 0.1307373046875
0.00687646865844727 -0.00696563720703125 0.0741653442382813 0.0845184326171875
0.00947856903076172 -0.00784015655517578 -0.0395431518554688 -0.0977325439453125
0.0196514129638672 0.00440597534179688 0.0936737060546875 -0.121978759765625
0.0180931091308594 0.00961494445800781 0.233627319335938 -0.0352020263671875
-0.00254344940185547 0.0113792419433594 0.276641845703125 0.1806640625
-0.0312156677246094 0.00814247131347656 0.019744873046875 0.414642333984375
-0.0103044509887695 -0.0136632919311523 -0.32830810546875 0.368377685546875
0.0203437805175781 -0.00594329833984375 -0.374053955078125 0.0729675292968749
0.0353164672851563 0.02020263671875 0.00793075561523438 0.0440483093261719
0.0301399230957031 0.00771713256835938 0.423065185546875 -0.02459716796875
0.00320100784301758 -0.00382876396179199 0.351715087890625 -0.376861572265625
-0.0164461135864258 -0.00440692901611328 -0.098968505859375 -0.427215576171875
-0.014348030090332 0.00243854522705078 -0.3052978515625 -0.12139892578125
0.00317668914794922 0.00880622863769531 -0.239227294921875 0.072906494140625
0.0126924514770508 0.00277996063232422 -0.0637359619140625 0.130271911621094
0.00816917419433594 -0.00743627548217773 0.0732269287109375 0.0845489501953125
0.0105276107788086 -0.00763607025146484 -0.0405731201171875 -0.0983047485351563
0.0195484161376953 0.00395584106445313 0.0935134887695313 -0.122230529785156
0.0183391571044922 0.00910568237304688 0.2327880859375 -0.036712646484375
-0.00119972229003906 0.0120983123779297 0.279083251953125 0.179122924804688
-0.0305080413818359 0.00832366943359375 0.026336669921875 0.41229248046875
-0.0119571685791016 -0.0127477645874023 -0.32415771484375 0.369781494140625
0.0183086395263672 -0.0072784423828125 -0.373809814453125 0.0742492675781249
0.0320682525634766 0.0190925598144531 0.00714111328125 0.0453338623046875
0.0280284881591797 0.007171630859375 0.424346923828125 -0.021331787109375
0.00306153297424316 -0.00347208976745605 0.355560302734375 -0.37432861328125
-0.0161466598510742 -0.00329971313476563 -0.096710205078125 -0.427459716796875
-0.0134401321411133 0.0023641586303711 -0.30328369140625 -0.1231689453125
0.00378322601318359 0.00937366485595703 -0.238861083984375 0.073394775390625
0.0133419036865234 0.00199508666992187 -0.064300537109375 0.131294250488281
0.00907230377197266 -0.00680637359619141 0.0732879638671875 0.0858688354492188
0.0100927352905273 -0.00873374938964844 -0.042327880859375 -0.0985336303710938
0.0186958312988281 0.00465202331542969 0.093170166015625 -0.122123718261719
0.017242431640625 0.00986003875732422 0.233047485351563 -0.0374755859375
-0.00183200836181641 0.0119113922119141 0.279922485351562 0.177825927734375
-0.0297451019287109 0.00961875915527344 0.026611328125 0.412139892578125
-0.0115814208984375 -0.0117998123168945 -0.3226318359375 0.369476318359375
0.0153360366821289 -0.00759696960449219 -0.37322998046875 0.076080322265625
0.0295886993408203 0.0181293487548828 0.00677490234375001 0.0442886352539063
0.0262336730957031 0.00695610046386719 0.425811767578125 -0.019805908203125
0.0027155876159668 -0.00341463088989258 0.357513427734375 -0.372711181640625
-0.0164318084716797 -0.00400352478027344 -0.0935363769531249 -0.4263916015625
-0.0133657455444336 0.00250720977783203 -0.30255126953125 -0.12322998046875
0.00307941436767578 0.0100479125976562 -0.23828125 0.072662353515625
0.012578010559082 0.00258731842041016 -0.063079833984375 0.131385803222656
0.00961780548095703 -0.00723171234130859 0.0737152099609375 0.0860671997070313
0.00992488861083984 -0.00876522064208984 -0.0428009033203125 -0.0981979370117188
0.0190029144287109 0.004058837890625 0.093292236328125 -0.122169494628906
0.0167837142944336 0.0104589462280273 0.234085083007812 -0.0367279052734375
-0.00113964080810547 0.0133695602416992 0.2802734375 0.177902221679688
-0.0305442810058594 0.00953292846679688 0.026031494140625 0.412841796875
-0.0121641159057617 -0.0114593505859375 -0.32354736328125 0.37030029296875
0.0135688781738281 -0.00750255584716797 -0.373016357421875 0.074920654296875
0.0266189575195313 0.0170822143554688 0.00893020629882813 0.0454216003417969
0.0245189666748047 0.00627708435058594 0.426483154296875 -0.0184326171875
0.00128626823425293 -0.00309014320373535 0.357879638671875 -0.37322998046875
-0.0156307220458984 -0.00260448455810547 -0.0938720703125 -0.42486572265625
-0.0124635696411133 0.00337028503417969 -0.301910400390625 -0.122528076171875
0.00284767150878906 0.010136604309082 -0.2369384765625 0.0728302001953125
0.0124893188476563 0.00207901000976563 -0.0620956420898437 0.131744384765625
0.00952243804931641 -0.00806331634521484 0.0743026733398437 0.086029052734375
0.00897884368896484 -0.00841808319091797 -0.0438995361328125 -0.09765625
0.0189609527587891 0.00378036499023438 0.0940093994140625 -0.121803283691406
0.0167531967163086 0.0105056762695313 0.234481811523438 -0.0352325439453125
-0.00195980072021484 0.0130643844604492 0.2791748046875 0.18157958984375
-0.0295829772949219 0.00989341735839844 0.021759033203125 0.41363525390625
-0.0120058059692383 -0.0108480453491211 -0.328155517578125 0.367828369140625
0.0133695602416992 -0.00766563415527344 -0.371673583984375 0.072479248046875
0.0247859954833984 0.0161876678466797 0.0120124816894531 0.0461540222167969
0.0232868194580078 0.00662994384765625 0.428802490234375 -0.0211181640625
0.00234508514404297 -0.0029299259185791 0.3570556640625 -0.37506103515625
-0.0151300430297852 -0.00252532958984375 -0.094085693359375 -0.425140380859375
-0.0124645233154297 0.00406074523925782 -0.30224609375 -0.1199951171875
0.00269889831542969 0.0106267929077148 -0.236541748046875 0.074005126953125
0.0120658874511719 0.0032806396484375 -0.0604782104492188 0.13238525390625
0.00853157043457031 -0.00704050064086914 0.075469970703125 0.087371826171875
0.00729179382324219 -0.00857162475585938 -0.0463638305664063 -0.0971527099609375
0.0182552337646484 0.00479698181152344 0.0947189331054688 -0.122283935546875
0.0155086517333984 0.0112762451171875 0.234146118164063 -0.033447265625
-0.0019693374633789 0.0137548446655273 0.277053833007813 0.183883666992188
-0.0291843414306641 0.0100975036621094 0.015960693359375 0.4150390625
-0.0105924606323242 -0.0110597610473633 -0.331207275390625 0.36767578125
0.0131950378417969 -0.00748062133789063 -0.371826171875 0.0723876953124999
0.0247974395751953 0.0155906677246094 0.015045166015625 0.0470771789550781
0.0233554840087891 0.00606536865234375 0.43109130859375 -0.026397705078125
0.00257539749145508 -0.00270509719848633 0.3538818359375 -0.37939453125
-0.0148344039916992 -0.00184059143066407 -0.0983581542968749 -0.424285888671875
-0.0126514434814453 0.00412559509277344 -0.30279541015625 -0.117645263671875
0.00223541259765625 0.0106267929077148 -0.235031127929687 0.0751495361328125
0.0114030838012695 0.00343799591064453 -0.058746337890625 0.131431579589844
0.00768756866455078 -0.00716543197631836 0.077850341796875 0.0858230590820313
0.00549888610839844 -0.00840282440185547 -0.0464553833007813 -0.0974044799804687
0.0175743103027344 0.00607109069824219 0.0961837768554687 -0.121131896972656
0.0146732330322266 0.0119619369506836 0.234298706054688 -0.0315093994140625
-0.00253772735595703 0.0132055282592773 0.274322509765625 0.186614990234375
-0.0288295745849609 0.00930595397949218 0.01007080078125 0.41571044921875
-0.00950431823730469 -0.0112419128417969 -0.33740234375 0.364349365234375
0.0148286819458008 -0.00670909881591797 -0.371795654296875 0.069549560546875
0.0256710052490234 0.0161056518554688 0.0188064575195312 0.0484695434570313
0.0242404937744141 0.00574302673339844 0.431396484375 -0.02862548828125
0.00383305549621582 -0.00239396095275879 0.3480224609375 -0.38189697265625
-0.0142307281494141 -0.00217437744140625 -0.10516357421875 -0.42071533203125
-0.0124654769897461 0.00447940826416016 -0.30419921875 -0.1131591796875
0.00199413299560547 0.0109529495239258 -0.233627319335938 0.077606201171875
0.0110330581665039 0.00490760803222656 -0.0564956665039063 0.132217407226563
0.00538778305053711 -0.00698614120483398 0.0780105590820313 0.0874099731445313
0.00986862182617188 -0.00800991058349609 -0.0387954711914063 -0.100494384765625
0.0191841125488281 0.0044708251953125 0.09521484375 -0.122367858886719
0.0177402496337891 0.00884246826171875 0.234176635742188 -0.0317535400390625
-0.00275897979736328 0.0107479095458984 0.275405883789063 0.186141967773438
-0.0312156677246094 0.00826644897460938 0.014312744140625 0.41766357421875
-0.00801277160644531 -0.01300048828125 -0.336822509765625 0.368377685546875
0.0224971771240234 -0.00662422180175781 -0.377105712890625 0.0706787109374999
0.0375404357910156 0.0217781066894531 0.00963592529296875 0.0453453063964844
0.0320491790771484 0.00870323181152344 0.424835205078125 -0.025054931640625
0.00432443618774414 -0.00524997711181641 0.34918212890625 -0.379852294921875
-0.0170841217041016 -0.00426769256591797 -0.104583740234375 -0.427032470703125
-0.0142736434936523 0.00188255310058594 -0.307647705078125 -0.119140625
0.0038604736328125 0.0090475082397461 -0.240005493164063 0.075286865234375
0.012974739074707 0.00380802154541016 -0.0631256103515625 0.131454467773438
0.00652074813842773 -0.00634860992431641 0.0743026733398438 0.0853195190429688
0.00928783416748047 -0.00857734680175781 -0.0397262573242188 -0.0988235473632813
0.0191688537597656 0.0043182373046875 0.0938644409179688 -0.121734619140625
0.0181751251220703 0.00967788696289063 0.234176635742188 -0.035614013671875
-0.00265979766845703 0.0115375518798828 0.278762817382813 0.182754516601563
-0.031890869140625 0.00861930847167969 0.021240234375 0.41778564453125
-0.00945472717285156 -0.0125532150268555 -0.3294677734375 0.37109375
0.0204982757568359 -0.00639915466308594 -0.37664794921875 0.072906494140625
0.0350456237792969 0.0192966461181641 0.0081634521484375 0.0448226928710938
0.0305271148681641 0.00757026672363281 0.425048828125 -0.022216796875
0.00371217727661133 -0.00402951240539551 0.352508544921875 -0.378204345703125
-0.0164127349853516 -0.00413131713867187 -0.099517822265625 -0.427825927734375
-0.01397705078125 0.00211906433105469 -0.30633544921875 -0.1226806640625
0.00401115417480469 0.00988006591796875 -0.24029541015625 0.0740509033203125
0.0121402740478516 0.00231266021728516 -0.0644912719726562 0.131515502929688
0.00762128829956055 -0.0072636604309082 0.0731887817382813 0.084747314453125
0.0105228424072266 -0.00878524780273438 -0.0415802001953125 -0.100067138671875
0.0189762115478516 0.00381660461425781 0.0937042236328125 -0.12347412109375
0.0173940658569336 0.00872325897216797 0.234283447265625 -0.03662109375
-0.001861572265625 0.011347770690918 0.28021240234375 0.179718017578125
-0.0304718017578125 0.00879669189453125 0.0252685546875 0.416168212890625
-0.0113630294799805 -0.0123271942138672 -0.326446533203125 0.371246337890625
0.0184192657470703 -0.00755882263183594 -0.376220703125 0.07421875
0.0320549011230469 0.019378662109375 0.00626754760742188 0.0449562072753906
0.0286178588867188 0.00844573974609375 0.424652099609375 -0.020721435546875
0.00313234329223633 -0.00360560417175293 0.357208251953125 -0.375518798828125
-0.0165157318115234 -0.00404167175292969 -0.097015380859375 -0.42962646484375
-0.0129966735839844 0.00267505645751953 -0.304779052734375 -0.1239013671875
0.00324344635009766 0.00831174850463867 -0.239776611328125 0.0735321044921875
0.0137138366699219 0.00203037261962891 -0.0638275146484375 0.132911682128906
0.0090179443359375 -0.00773811340332031 0.073516845703125 0.0861434936523438
0.0104694366455078 -0.00946712493896484 -0.0424041748046875 -0.0991744995117188
0.0193576812744141 0.00376510620117188 0.0937881469726563 -0.123947143554688
0.0172119140625 0.00978469848632813 0.234695434570312 -0.0386810302734375
-0.00187206268310547 0.0126972198486328 0.2816162109375 0.1785888671875
-0.0303421020507813 0.00968551635742187 0.025787353515625 0.413787841796875
-0.0117006301879883 -0.0122261047363281 -0.32568359375 0.372100830078125
0.0157527923583984 -0.00752544403076172 -0.37530517578125 0.07452392578125
0.028778076171875 0.0183601379394531 0.00664138793945313 0.0444221496582031
0.02593994140625 0.00698661804199219 0.427276611328125 -0.018524169921875
0.00274372100830078 -0.00340986251831055 0.36004638671875 -0.374847412109375
-0.0170316696166992 -0.00266838073730469 -0.093963623046875 -0.42913818359375
-0.0132713317871094 0.00246620178222656 -0.303558349609375 -0.12457275390625
0.00347328186035156 0.00984668731689453 -0.239349365234375 0.0726776123046875
0.0122661590576172 0.00255775451660156 -0.0639190673828125 0.132980346679688
0.00949001312255859 -0.00711345672607422 0.0744857788085938 0.0870208740234375
0.00953578948974609 -0.0082855224609375 -0.0431442260742188 -0.0989303588867188
0.0188331604003906 0.00296974182128906 0.094207763671875 -0.123184204101562
0.0172758102416992 0.0099325180053711 0.2357177734375 -0.0377655029296875
-0.0014495849609375 0.0128812789916992 0.281402587890625 0.1807861328125
-0.0296421051025391 0.0101184844970703 0.025909423828125 0.41644287109375
-0.0116281509399414 -0.0115413665771484 -0.326385498046875 0.371673583984375
0.013885498046875 -0.00810432434082031 -0.374053955078125 0.0751953125
0.0264148712158203 0.0166797637939453 0.00789642333984375 0.0451087951660156
0.0244178771972656 0.00679206848144531 0.428985595703125 -0.018341064453125
0.00213623046875 -0.00302982330322266 0.360870361328125 -0.37457275390625
-0.0157546997070313 -0.00228118896484375 -0.093902587890625 -0.427734375
-0.0131063461303711 0.00316429138183594 -0.3037109375 -0.123779296875
0.00358009338378906 0.00987625122070313 -0.238876342773438 0.07464599609375
0.0125751495361328 0.00252723693847656 -0.0629119873046875 0.133552551269531
0.00912570953369141 -0.00800704956054688 0.0745773315429688 0.0879135131835938
0.00863933563232422 -0.00872230529785156 -0.0447463989257812 -0.0991897583007813
0.0189113616943359 0.00385284423828125 0.0948257446289063 -0.122665405273437
0.0162448883056641 0.0104560852050781 0.2353515625 -0.036346435546875
-0.00183677673339844 0.0132761001586914 0.280914306640625 0.182235717773438
-0.0292892456054688 0.0103092193603516 0.022003173828125 0.41571044921875
-0.0106306076049805 -0.0108680725097656 -0.329803466796875 0.3701171875
0.0129489898681641 -0.00723075866699219 -0.3740234375 0.0734252929687499
0.0244216918945313 0.0163860321044922 0.0112228393554687 0.0461387634277344
0.0229091644287109 0.00663566589355469 0.430450439453125 -0.01995849609375
0.00287365913391113 -0.00210905075073242 0.358642578125 -0.375579833984375
-0.015507698059082 -0.00174903869628906 -0.0943603515625 -0.4273681640625
-0.0135555267333984 0.00406837463378907 -0.3038330078125 -0.12152099609375
0.00268459320068359 0.0105695724487305 -0.238052368164063 0.0745391845703125
0.0121574401855469 0.00362682342529297 -0.0612335205078125 0.134391784667969
0.00761651992797852 -0.00818061828613281 0.0757369995117188 0.0880889892578125
0.00678634643554688 -0.00890445709228516 -0.0469284057617188 -0.0980377197265625
0.0182933807373047 0.00300788879394531 0.094818115234375 -0.123321533203125
0.0155124664306641 0.0109128952026367 0.234588623046875 -0.034027099609375
-0.00292396545410156 0.0138015747070313 0.2786865234375 0.185516357421875
-0.0288753509521484 0.0106544494628906 0.0166015625 0.418609619140625
-0.010136604309082 -0.0105133056640625 -0.3330078125 0.3695068359375
0.0129842758178711 -0.00722599029541016 -0.3740234375 0.0713500976562501
0.0243930816650391 0.0156879425048828 0.0149574279785156 0.0470542907714844
0.0232982635498047 0.00562095642089844 0.43231201171875 -0.024749755859375
0.00264906883239746 -0.00238609313964844 0.354705810546875 -0.3804931640625
-0.0148096084594727 -0.00200748443603516 -0.0989990234375 -0.425445556640625
-0.0128068923950195 0.00469493865966797 -0.30364990234375 -0.11865234375
0.00251579284667969 0.0105810165405273 -0.235885620117188 0.07623291015625
0.0116376876831055 0.00375652313232422 -0.0588607788085937 0.132942199707031
0.00709342956542969 -0.00758790969848633 0.0781784057617188 0.086181640625
0.00569295883178711 -0.00836515426635742 -0.0465469360351563 -0.0983734130859375
0.0179233551025391 0.00611114501953125 0.0967483520507813 -0.12225341796875
0.0153055191040039 0.011927604675293 0.235809326171875 -0.031585693359375
-0.00314807891845703 0.0134296417236328 0.27655029296875 0.1888427734375
-0.0290336608886719 0.0100860595703125 0.01080322265625 0.418609619140625
-0.009002685546875 -0.0111150741577148 -0.33819580078125 0.36468505859375
0.0138216018676758 -0.00707054138183594 -0.373016357421875 0.069183349609375
0.0251064300537109 0.0161514282226563 0.0185356140136719 0.048736572265625
0.0237941741943359 0.00613594055175781 0.433074951171875 -0.02886962890625
0.00392270088195801 -0.00187087059020996 0.3507080078125 -0.3824462890625
-0.0151739120483398 -0.00148582458496093 -0.105926513671875 -0.423126220703125
-0.0128164291381836 0.00462627410888672 -0.305206298828125 -0.114959716796875
0.00239753723144531 0.0112829208374023 -0.234909057617187 0.0778350830078125
0.0114040374755859 0.00502300262451172 -0.0576248168945313 0.133895874023438
0.00557470321655273 -0.00736713409423828 0.0786361694335938 0.0876312255859375
0.00912761688232422 -0.00890541076660156 -0.0391998291015625 -0.101654052734375
0.0200138092041016 0.00416183471679688 0.0953903198242188 -0.124465942382813
0.0175447463989258 0.00953865051269531 0.235702514648437 -0.0327606201171875
-0.00430488586425781 0.0106706619262695 0.278778076171875 0.189056396484375
-0.0310420989990234 0.00783538818359375 0.015716552734375 0.423095703125
-0.00806331634521485 -0.0123844146728516 -0.3382568359375 0.37158203125
0.0231380462646484 -0.00628089904785156 -0.3792724609375 0.07080078125
0.0376625061035156 0.0225944519042969 0.00841140747070313 0.0462989807128906
0.0328330993652344 0.00847816467285156 0.427001953125 -0.02581787109375
0.00528049468994141 -0.00356292724609375 0.351531982421875 -0.38250732421875
-0.0179119110107422 -0.0045318603515625 -0.10546875 -0.430267333984375
-0.0150585174560547 0.00243568420410156 -0.3096923828125 -0.119598388671875
0.00336647033691406 0.00968647003173828 -0.24273681640625 0.076019287109375
0.0129737854003906 0.00335121154785156 -0.0635223388671875 0.1326904296875
0.00558328628540039 -0.00649166107177734 0.0747222900390625 0.0858383178710938
0.00946903228759766 -0.00857448577880859 -0.0405731201171875 -0.0999221801757812
0.0201053619384766 0.00342559814453125 0.0956039428710938 -0.124580383300781
0.0178966522216797 0.00860977172851563 0.235931396484375 -0.0361175537109375
-0.00338649749755859 0.0112476348876953 0.280059814453125 0.185379028320313
-0.0301914215087891 0.00791358947753906 0.022125244140625 0.422027587890625
-0.00904083251953125 -0.0122509002685547 -0.332366943359375 0.37554931640625
0.0207233428955078 -0.00699043273925781 -0.378387451171875 0.074371337890625
0.0351104736328125 0.0208644866943359 0.0070343017578125 0.0450592041015625
0.0309829711914063 0.00814247131347656 0.4266357421875 -0.02325439453125
0.00419139862060547 -0.0040442943572998 0.355194091796875 -0.380462646484375
-0.0168857574462891 -0.00354671478271484 -0.100341796875 -0.43182373046875
-0.0138435363769531 0.00145530700683594 -0.308258056640625 -0.122100830078125
0.00420951843261719 0.00942134857177734 -0.2421875 0.0745391845703126
0.0136528015136719 0.00388240814208984 -0.0648345947265625 0.132164001464844
0.00764846801757813 -0.006988525390625 0.0737762451171875 0.0858917236328125
0.010746955871582 -0.00989532470703125 -0.0423965454101562 -0.100563049316406
0.0190620422363281 0.00324249267578125 0.0940017700195313 -0.1240234375
0.01727294921875 0.00968837738037109 0.235885620117188 -0.038787841796875
-0.00284290313720703 0.0114603042602539 0.282440185546875 0.181549072265625
-0.0308303833007813 0.00947761535644532 0.027130126953125 0.419219970703125
-0.0112924575805664 -0.0120325088500977 -0.329071044921875 0.375732421875
0.0182037353515625 -0.00764656066894531 -0.379180908203125 0.0753173828125
0.0322952270507812 0.0196094512939453 0.00550842285156251 0.0441513061523438
0.0279312133789063 0.00811576843261719 0.427825927734375 -0.019439697265625
0.00350642204284668 -0.00314784049987793 0.359100341796875 -0.376922607421875
-0.0170583724975586 -0.00300216674804688 -0.09765625 -0.432861328125
-0.0136957168579102 0.00287628173828125 -0.306793212890625 -0.123870849609375
0.00358676910400391 0.00928401947021484 -0.242019653320312 0.074249267578125
0.0130271911621094 0.00318431854248047 -0.0653152465820313 0.133956909179688
0.00858640670776367 -0.0076751708984375 0.0742950439453125 0.0868988037109375
0.0110092163085938 -0.00903797149658203 -0.0433120727539063 -0.0998077392578125
0.0188465118408203 0.00279998779296875 0.0944366455078125 -0.124755859375
0.0166702270507813 0.00851058959960938 0.237106323242188 -0.0383758544921875
-0.00286579132080078 0.0127420425415039 0.28338623046875 0.180511474609375
-0.0305519104003906 0.0100307464599609 0.0274658203125 0.4190673828125
-0.0117921829223633 -0.0117464065551758 -0.32763671875 0.375518798828125
0.0144929885864258 -0.00732612609863281 -0.377471923828125 0.0760498046875
0.0283718109130859 0.0178756713867188 0.00600814819335938 0.0447158813476563
0.026214599609375 0.00707817077636719 0.429718017578125 -0.018096923828125
0.00313448905944824 -0.00259542465209961 0.361480712890625 -0.376495361328125
-0.0160207748413086 -0.00324344635009766 -0.094970703125 -0.432891845703125
-0.0130195617675781 0.00311660766601563 -0.305938720703125 -0.125152587890625
0.00312423706054687 0.00994777679443359 -0.241470336914063 0.074249267578125
0.0132598876953125 0.00267124176025391 -0.0645294189453125 0.134712219238281
0.00924873352050781 -0.00740242004394531 0.0741806030273438 0.0869674682617188
0.00982761383056641 -0.00874233245849609 -0.0445632934570312 -0.100189208984375
0.0194549560546875 0.00299263000488281 0.0950775146484375 -0.124465942382813
0.0169248580932617 0.00944137573242188 0.236618041992188 -0.03778076171875
-0.00223255157470703 0.0127334594726563 0.284942626953125 0.18206787109375
-0.0299644470214844 0.0104751586914062 0.026702880859375 0.419525146484375
-0.0115756988525391 -0.0108146667480469 -0.327789306640625 0.37481689453125
0.0133628845214844 -0.00768661499023438 -0.3785400390625 0.0749816894531251
0.0263652801513672 0.017059326171875 0.00862503051757812 0.0461883544921875
0.0250110626220703 0.00716590881347656 0.431304931640625 -0.017578125
0.00250124931335449 -0.00267148017883301 0.3631591796875 -0.37713623046875
-0.0160236358642578 -0.00259208679199219 -0.09478759765625 -0.431488037109375
-0.0132637023925781 0.00391006469726562 -0.306671142578125 -0.124053955078125
0.00331974029541016 0.0102214813232422 -0.240737915039063 0.0743865966796875
0.0126028060913086 0.00307464599609375 -0.0630950927734375 0.135055541992187
0.00876045227050781 -0.00823593139648438 0.0756454467773438 0.0882492065429688
0.00863933563232422 -0.00945091247558594 -0.0446014404296875 -0.100227355957031
0.0188083648681641 0.00315093994140625 0.0956344604492188 -0.123703002929688
0.0159130096435547 0.0104360580444336 0.236801147460938 -0.03619384765625
-0.0022735595703125 0.0133991241455078 0.282745361328125 0.184051513671875
-0.0294437408447266 0.0107746124267578 0.023193359375 0.41986083984375
-0.0111579895019531 -0.0107965469360352 -0.332916259765625 0.372467041015625
0.0128936767578125 -0.00821495056152344 -0.376617431640625 0.07427978515625
0.0242652893066406 0.0161914825439453 0.0105133056640625 0.0465621948242187
0.0232143402099609 0.00668716430664063 0.433502197265625 -0.0198974609375
0.00252103805541992 -0.00196361541748047 0.36163330078125 -0.37744140625
-0.0156393051147461 -0.00206375122070313 -0.09576416015625 -0.430267333984375
-0.0129632949829102 0.00370216369628907 -0.305816650390625 -0.1219482421875
0.00244998931884766 0.0105991363525391 -0.239288330078125 0.07550048828125
0.0120334625244141 0.00348663330078125 -0.0615921020507812 0.135704040527344
0.00805759429931641 -0.00749492645263672 0.075836181640625 0.0880584716796875
0.00712203979492188 -0.00921916961669922 -0.0479736328125 -0.0991439819335937
0.01800537109375 0.00387763977050781 0.095306396484375 -0.124870300292969
0.0151605606079102 0.0110616683959961 0.23736572265625 -0.033447265625
-0.00306987762451172 0.0136585235595703 0.280609130859375 0.186553955078125
-0.0287246704101563 0.0107746124267578 0.018035888671875 0.422027587890625
-0.00990390777587891 -0.0103473663330078 -0.335296630859375 0.3736572265625
0.0129585266113281 -0.0074462890625 -0.376495361328125 0.0723266601562499
0.024383544921875 0.0156879425048828 0.0143623352050781 0.0476837158203125
0.0233345031738281 0.00608444213867188 0.435546875 -0.023956298828125
0.00213122367858887 -0.00309467315673828 0.35906982421875 -0.382781982421875
-0.0154008865356445 -0.00137805938720703 -0.099212646484375 -0.42889404296875
-0.0125656127929688 0.00514030456542969 -0.305206298828125 -0.118804931640625
0.00274848937988281 0.011021614074707 -0.237579345703125 0.07708740234375
0.0118656158447266 0.00412940979003906 -0.059478759765625 0.134765625
0.00683927536010742 -0.00762462615966797 0.0790481567382813 0.08685302734375
0.00555038452148438 -0.00896835327148438 -0.0469436645507812 -0.0999984741210938
0.0180034637451172 0.005157470703125 0.0966567993164062 -0.123466491699219
0.014984130859375 0.0112829208374023 0.237319946289063 -0.0324249267578125
-0.00363349914550781 0.0134544372558594 0.2779541015625 0.18963623046875
-0.0287399291992188 0.0104999542236328 0.01116943359375 0.4224853515625
-0.00836658477783203 -0.010584831237793 -0.340728759765625 0.369171142578125
0.0139245986938477 -0.00682830810546875 -0.37481689453125 0.0698242187499999
0.0254573822021484 0.0157871246337891 0.0179901123046875 0.0489540100097656
0.0242462158203125 0.00611305236816406 0.435394287109375 -0.028533935546875
0.00381636619567871 -0.00220012664794922 0.35308837890625 -0.3846435546875
-0.0152587890625 -0.00150871276855469 -0.10772705078125 -0.426788330078125
-0.0131387710571289 0.00479698181152343 -0.308074951171875 -0.11505126953125
0.00212860107421875 0.0117273330688477 -0.237274169921875 0.0790863037109374
0.0112237930297852 0.00504016876220703 -0.0574264526367188 0.135330200195313
0.00494289398193359 -0.00729608535766602 0.0795669555664063 0.0880508422851563
0.00928974151611328 -0.00907039642333984 -0.0402679443359375 -0.101943969726563
0.0188713073730469 0.00400161743164063 0.09619140625 -0.126632690429688
0.0169382095336914 0.00928306579589844 0.23883056640625 -0.035003662109375
-0.00368976593017578 0.0106039047241211 0.28082275390625 0.189605712890625
-0.0313873291015625 0.00841903686523438 0.016876220703125 0.428558349609375
-0.00831985473632813 -0.0128250122070313 -0.34088134765625 0.376312255859375
0.0221023559570313 -0.00607109069824219 -0.383148193359375 0.072235107421875
0.03778076171875 0.0221977233886719 0.00888824462890625 0.0466957092285156
0.0322418212890625 0.00822830200195313 0.429779052734375 -0.0252685546875
0.00507926940917969 -0.00356435775756836 0.353668212890625 -0.3856201171875
-0.0181789398193359 -0.00405120849609375 -0.10736083984375 -0.4329833984375
-0.0152502059936523 0.00247001647949219 -0.313201904296875 -0.11907958984375
0.00433540344238281 0.00941276550292969 -0.24444580078125 0.0780029296875
0.0119447708129883 0.00376319885253906 -0.0641098022460938 0.134674072265625
0.00619077682495117 -0.00704383850097656 0.0755844116210938 0.0862808227539063
0.00959396362304688 -0.00921630859375 -0.0409927368164063 -0.102157592773438
0.0197200775146484 0.00304031372070312 0.0952224731445312 -0.125892639160156
0.0173168182373047 0.00848102569580078 0.237838745117188 -0.037139892578125
-0.00273418426513672 0.0113000869750977 0.28338623046875 0.1854248046875
-0.0319156646728516 0.00858116149902343 0.023223876953125 0.427093505859375
-0.00851821899414063 -0.0132436752319336 -0.334991455078125 0.37939453125
0.0210208892822266 -0.00761222839355469 -0.381805419921875 0.074951171875
0.0353202819824219 0.0207176208496094 0.00687408447265625 0.0455513000488281
0.0302639007568359 0.00836753845214844 0.430450439453125 -0.02294921875
0.00485563278198242 -0.00315999984741211 0.358306884765625 -0.383636474609375
-0.0172281265258789 -0.00354766845703125 -0.102142333984375 -0.434600830078125
-0.0147237777709961 0.00229930877685547 -0.31146240234375 -0.122467041015625
0.00420951843261719 0.0101480484008789 -0.24468994140625 0.0766143798828125
0.0132617950439453 0.00355720520019531 -0.0657577514648437 0.134757995605469
0.00705814361572266 -0.00795888900756836 0.0751800537109375 0.0864791870117187
0.00985908508300781 -0.00874042510986328 -0.04254150390625 -0.102027893066406
0.0198745727539062 0.00290298461914062 0.0946121215820313 -0.126075744628906
0.0176525115966797 0.00906181335449219 0.23822021484375 -0.0392303466796875
-0.00333404541015625 0.0116996765136719 0.286651611328125 0.182891845703125
-0.0307121276855469 0.00941276550292968 0.027679443359375 0.423919677734375
-0.010655403137207 -0.0119047164916992 -0.331085205078125 0.3802490234375
0.0172128677368164 -0.00760173797607422 -0.3836669921875 0.074676513671875
0.0312595367431641 0.0192031860351563 0.00553512573242188 0.04510498046875
0.0285167694091797 0.00785636901855469 0.429840087890625 -0.019256591796875
0.00418806076049805 -0.00250697135925293 0.362030029296875 -0.3812255859375
-0.0173053741455078 -0.00342845916748047 -0.098876953125 -0.435333251953125
-0.0138225555419922 0.00301647186279297 -0.309234619140625 -0.125244140625
0.00334548950195312 0.0102567672729492 -0.244583129882813 0.0760192871093749
0.0132312774658203 0.00222301483154297 -0.0649566650390625 0.135017395019531
0.00813007354736328 -0.00767898559570313 0.07452392578125 0.0871734619140625
0.010289192199707 -0.00995635986328125 -0.0440444946289062 -0.102333068847656
0.01910400390625 0.00319290161132812 0.094940185546875 -0.126106262207031
0.0174198150634766 0.00903797149658203 0.23785400390625 -0.0387420654296875
-0.00303459167480469 0.0122804641723633 0.2861328125 0.182403564453125
-0.0298042297363281 0.0102596282958984 0.029296875 0.424072265625
-0.0108957290649414 -0.0110969543457031 -0.33013916015625 0.380035400390625
0.0151033401489258 -0.00760173797607422 -0.381805419921875 0.077423095703125
0.0286903381347656 0.0186748504638672 0.00509262084960937 0.045013427734375
0.0264301300048828 0.00742912292480469 0.433746337890625 -0.01751708984375
0.00337624549865723 -0.00242781639099121 0.36328125 -0.38006591796875
-0.0170364379882812 -0.00285053253173828 -0.09710693359375 -0.435546875
-0.013641357421875 0.00328254699707031 -0.3084716796875 -0.12548828125
0.00383281707763672 0.00996112823486328 -0.24285888671875 0.075836181640625
0.012852668762207 0.00282859802246094 -0.0643386840820313 0.135749816894531
0.00848722457885742 -0.00848197937011719 0.0757675170898437 0.0885696411132813
0.00935745239257813 -0.00940036773681641 -0.0451431274414063 -0.101425170898438
0.0194511413574219 0.00327682495117188 0.09442138671875 -0.125617980957031
0.0165891647338867 0.00911331176757813 0.23919677734375 -0.0391693115234375
-0.00265312194824219 0.0129623413085938 0.2869873046875 0.182403564453125
-0.0294017791748047 0.0112857818603516 0.027923583984375 0.424285888671875
-0.0112400054931641 -0.0108613967895508 -0.329376220703125 0.3792724609375
0.0134172439575195 -0.00836849212646484 -0.381866455078125 0.0762939453125
0.0265064239501953 0.0168609619140625 0.00790023803710937 0.0462379455566406
0.0249252319335938 0.007171630859375 0.43389892578125 -0.0177001953125
0.00291562080383301 -0.00197982788085938 0.3651123046875 -0.379638671875
-0.0168657302856445 -0.00215911865234375 -0.097412109375 -0.435394287109375
-0.013336181640625 0.00389289855957031 -0.3084716796875 -0.124481201171875
0.00348854064941406 0.0102300643920898 -0.24237060546875 0.07635498046875
0.0124797821044922 0.00304889678955078 -0.0634307861328125 0.136436462402344
0.00856494903564453 -0.00797653198242188 0.0762481689453125 0.088592529296875
0.00825977325439453 -0.00985336303710938 -0.0462188720703125 -0.100730895996094
0.0189075469970703 0.00314521789550781 0.096038818359375 -0.125373840332031
0.0163307189941406 0.0100746154785156 0.239669799804688 -0.03759765625
-0.00250720977783203 0.013340950012207 0.285919189453125 0.184539794921875
-0.0296764373779297 0.0116176605224609 0.02508544921875 0.42547607421875
-0.0105257034301758 -0.0105400085449219 -0.333038330078125 0.3787841796875
0.0127964019775391 -0.00761795043945313 -0.3800048828125 0.07470703125
0.0241260528564453 0.0160732269287109 0.0105361938476563 0.0468673706054687
0.0235118865966797 0.00696754455566406 0.43621826171875 -0.020233154296875
0.00244784355163574 -0.00167393684387207 0.36358642578125 -0.38232421875
-0.0162973403930664 -0.00199794769287109 -0.0980224609375 -0.433563232421875
-0.0132303237915039 0.00419521331787109 -0.30889892578125 -0.12213134765625
0.00287628173828125 0.0100955963134766 -0.241683959960938 0.0776214599609375
0.0122299194335938 0.00281047821044922 -0.0619735717773437 0.136947631835938
0.00775289535522461 -0.00819540023803711 0.0775680541992188 0.089508056640625
0.006805419921875 -0.00974845886230469 -0.0486221313476563 -0.100059509277344
0.018280029296875 0.00330543518066406 0.0956192016601563 -0.125770568847656
0.0153732299804687 0.0111627578735352 0.23895263671875 -0.0352325439453125
-0.00324630737304687 0.013859748840332 0.28411865234375 0.188690185546875
-0.0289039611816406 0.0118026733398437 0.018707275390625 0.42645263671875
-0.00973224639892578 -0.0102033615112305 -0.3372802734375 0.377899169921875
0.0126247406005859 -0.00761604309082031 -0.3795166015625 0.073394775390625
0.0239410400390625 0.0155735015869141 0.0140647888183594 0.0479888916015625
0.0232982635498047 0.00689315795898438 0.4384765625 -0.02374267578125
0.00283193588256836 -0.00187253952026367 0.360198974609375 -0.386444091796875
-0.0152711868286133 -0.00120449066162109 -0.102264404296875 -0.433258056640625
-0.0128927230834961 0.00506305694580078 -0.30877685546875 -0.120391845703125
0.00259780883789063 0.0114259719848633 -0.239639282226562 0.0793914794921875
0.0121135711669922 0.00449275970458984 -0.0601577758789063 0.136642456054688
0.00681400299072266 -0.00751924514770508 0.079620361328125 0.0874176025390625
0.00543403625488281 -0.00949382781982422 -0.0483779907226562 -0.100372314453125
0.0176906585693359 0.00513267517089844 0.0971603393554687 -0.12493896484375
0.0149545669555664 0.0114669799804688 0.239730834960937 -0.0334320068359375
-0.00368785858154297 0.0136814117431641 0.281646728515625 0.191070556640625
-0.0289173126220703 0.0109138488769531 0.0133056640625 0.4271240234375
-0.00819492340087891 -0.0102910995483398 -0.342926025390625 0.373016357421875
0.0142192840576172 -0.00752162933349609 -0.378997802734375 0.0713195800781251
0.0246124267578125 0.0159378051757813 0.0181732177734375 0.0492362976074219
0.0243492126464844 0.00617218017578125 0.4390869140625 -0.0283203125
0.00403714179992676 -0.0015873908996582 0.354766845703125 -0.387664794921875
-0.0154247283935547 -0.0011301040649414 -0.108612060546875 -0.428680419921875
-0.0134077072143555 0.00517082214355469 -0.311004638671875 -0.115234375
0.00220203399658203 0.0109395980834961 -0.238815307617188 0.0811614990234375
0.0115966796875 0.00428199768066406 -0.0583877563476563 0.137351989746094
0.00526142120361328 -0.00778102874755859 0.08013916015625 0.08892822265625
0.00871372222900391 -0.00932598114013672 -0.0414505004882813 -0.102973937988281
0.0198535919189453 0.00398063659667969 0.095977783203125 -0.127830505371094
0.0172119140625 0.00800418853759765 0.241165161132813 -0.035980224609375
-0.00510311126708984 0.0107746124267578 0.285003662109375 0.191192626953125
-0.0308380126953125 0.0085906982421875 0.018768310546875 0.432037353515625
-0.00833606719970703 -0.0130481719970703 -0.34210205078125 0.38134765625
0.0216197967529297 -0.0068511962890625 -0.38653564453125 0.0743408203125
0.0370216369628906 0.0212669372558594 0.00806808471679688 0.04693603515625
0.0327014923095703 0.00900077819824219 0.4332275390625 -0.027679443359375
0.00583696365356445 -0.00309467315673828 0.355621337890625 -0.389678955078125
-0.0182285308837891 -0.00334739685058594 -0.110504150390625 -0.43646240234375
-0.0151872634887695 0.00258445739746094 -0.315277099609375 -0.119903564453125
0.00437736511230469 0.0100326538085938 -0.2467041015625 0.0798797607421875
0.0133132934570313 0.00400066375732422 -0.0637969970703125 0.136337280273438
0.00519227981567383 -0.00664043426513672 0.0769577026367187 0.0866317749023438
0.00935745239257813 -0.0100650787353516 -0.0419158935546875 -0.102890014648438
0.0196475982666016 0.00309944152832031 0.0953216552734375 -0.128036499023438
0.0173234939575195 0.00870990753173828 0.241470336914063 -0.038818359375
-0.00393009185791016 0.0115976333618164 0.28729248046875 0.1864013671875
-0.0312080383300781 0.00957107543945313 0.025634765625 0.4317626953125
-0.00909233093261719 -0.0130319595336914 -0.33599853515625 0.38470458984375
0.0196914672851563 -0.00786018371582031 -0.3865966796875 0.0763244628906251
0.0351161956787109 0.0213375091552734 0.00638198852539063 0.0471649169921875
0.0304908752441406 0.00858116149902344 0.4326171875 -0.0252685546875
0.00446271896362305 -0.00232934951782227 0.3594970703125 -0.388275146484375
-0.0173883438110352 -0.0036611557006836 -0.10595703125 -0.43798828125
-0.015070915222168 0.00261402130126953 -0.31463623046875 -0.123321533203125
0.00367069244384765 0.00975608825683594 -0.246368408203125 0.0788726806640625
0.0136308670043945 0.00322914123535156 -0.0656509399414062 0.137123107910156
0.00756740570068359 -0.00807619094848633 0.0760726928710938 0.0876235961914062
0.0102405548095703 -0.00963973999023438 -0.0442047119140625 -0.103164672851563
0.0194892883300781 0.00294303894042969 0.094879150390625 -0.128143310546875
0.0180892944335938 0.00852584838867188 0.240890502929688 -0.0404815673828125
-0.00268936157226563 0.0119104385375977 0.28936767578125 0.184417724609375
-0.0310230255126953 0.0107402801513672 0.0311279296875 0.428314208984375
-0.0101528167724609 -0.0122270584106445 -0.331939697265625 0.38494873046875
0.0175094604492188 -0.00763511657714844 -0.3861083984375 0.079315185546875
0.0315151214599609 0.0186920166015625 0.00527572631835938 0.0459442138671875
0.0284099578857422 0.00833702087402344 0.43304443359375 -0.02044677734375
0.00418496131896973 -0.00236678123474121 0.3631591796875 -0.384979248046875
-0.0168752670288086 -0.0025320053100586 -0.1014404296875 -0.439483642578125
-0.0141572952270508 0.00286197662353516 -0.313751220703125 -0.1241455078125
0.00360774993896484 0.00951385498046875 -0.245880126953125 0.079071044921875
0.0134544372558594 0.00260543823242188 -0.0653533935546875 0.137855529785156
0.00789880752563477 -0.00764751434326172 0.0765914916992188 0.087921142578125
0.0100383758544922 -0.00908565521240235 -0.0449142456054688 -0.102745056152344
0.0201187133789063 0.00191307067871094 0.0946731567382813 -0.128654479980469
0.0179691314697266 0.00897598266601563 0.241134643554687 -0.041717529296875
-0.00264549255371094 0.0129451751708984 0.291839599609375 0.18206787109375
-0.0302906036376953 0.0110492706298828 0.03131103515625 0.42852783203125
-0.0110816955566406 -0.011134147644043 -0.33026123046875 0.385986328125
0.0145101547241211 -0.00836563110351563 -0.3839111328125 0.0795288085937501
0.0287513732910156 0.0182704925537109 0.00606536865234375 0.0465011596679688
0.0261096954345703 0.00803756713867188 0.435394287109375 -0.0181884765625
0.00264835357666016 -0.0021059513092041 0.365386962890625 -0.38421630859375
-0.0177345275878906 -0.00208282470703125 -0.10003662109375 -0.43865966796875
-0.0137901306152344 0.003387451171875 -0.312652587890625 -0.126190185546875
0.00298881530761719 0.00975513458251953 -0.245864868164063 0.0792388916015624
0.0129508972167969 0.00272560119628906 -0.0647735595703125 0.139213562011719
0.00821876525878906 -0.00785350799560547 0.0761184692382813 0.088897705078125
0.0102071762084961 -0.00981712341308594 -0.0462265014648437 -0.1025390625
0.0195999145507813 0.00259590148925781 0.0944900512695313 -0.128204345703125
0.0167789459228516 0.00981712341308594 0.242050170898438 -0.0409393310546875
-0.00303936004638672 0.0130891799926758 0.290557861328125 0.183837890625
-0.0303115844726563 0.0123977661132812 0.03155517578125 0.429718017578125
-0.0111751556396484 -0.010930061340332 -0.332550048828125 0.3858642578125
0.012568473815918 -0.00908660888671875 -0.38409423828125 0.07867431640625
0.0259590148925781 0.0172748565673828 0.00699996948242187 0.0468025207519531
0.0247364044189453 0.00748062133789062 0.43768310546875 -0.018280029296875
0.00282430648803711 -0.00127792358398438 0.367156982421875 -0.384002685546875
-0.0169267654418945 -0.00203895568847656 -0.0997314453125 -0.43878173828125
-0.0137233734130859 0.00429725646972656 -0.311798095703125 -0.123565673828125
0.00271701812744141 0.0103330612182617 -0.244659423828125 0.0790100097656249
0.0128383636474609 0.00279140472412109 -0.06396484375 0.139007568359375
0.00799751281738281 -0.00865030288696289 0.0778884887695313 0.0892791748046875
0.00842380523681641 -0.0101280212402344 -0.0475006103515625 -0.102073669433594
0.0187187194824219 0.00264930725097656 0.0959014892578125 -0.127418518066406
0.0164909362792969 0.0096435546875 0.241119384765625 -0.0394287109375
-0.00266456604003906 0.0141496658325195 0.28973388671875 0.1854248046875
-0.0295791625976563 0.0119667053222656 0.0272216796875 0.42987060546875
-0.0108003616333008 -0.0101642608642578 -0.335113525390625 0.383636474609375
0.0122489929199219 -0.00815296173095703 -0.383392333984375 0.0764465332031249
0.0245857238769531 0.0159759521484375 0.00983428955078126 0.0474739074707031
0.0236797332763672 0.00684928894042969 0.439117431640625 -0.02252197265625
0.00277948379516602 -0.00162816047668457 0.365447998046875 -0.385406494140625
-0.0167531967163086 -0.00104713439941407 -0.101165771484375 -0.4371337890625
-0.0138473510742188 0.00432872772216797 -0.312255859375 -0.122222900390625
0.00258827209472656 0.0106821060180664 -0.2440185546875 0.0798187255859376
0.0129451751708984 0.00346565246582031 -0.0624160766601563 0.139595031738281
0.00751352310180664 -0.00859975814819336 0.0781402587890625 0.0892715454101563
0.0059347152709961 -0.0103530883789063 -0.0497589111328125 -0.101165771484375
0.0180683135986328 0.00288009643554687 0.095672607421875 -0.127662658691406
0.0156927108764648 0.0109062194824219 0.240859985351562 -0.0370025634765625
-0.00359916687011719 0.0141277313232422 0.287933349609375 0.18951416015625
-0.028564453125 0.0126533508300781 0.021820068359375 0.431060791015625
-0.00910472869873047 -0.0103673934936523 -0.33905029296875 0.384674072265625
0.0116891860961914 -0.00803375244140625 -0.383392333984375 0.0751037597656251
0.0239620208740234 0.0157928466796875 0.0143280029296875 0.0485420227050781
0.0236530303955078 0.0063629150390625 0.440826416015625 -0.0250244140625
0.00281357765197754 -0.00129985809326172 0.361175537109375 -0.390289306640625
-0.0160036087036133 -0.000983238220214841 -0.10406494140625 -0.437042236328125
-0.013178825378418 0.00537776947021485 -0.31292724609375 -0.119873046875
0.00222969055175781 0.0115690231323242 -0.241973876953125 0.0817108154296875
0.0117654800415039 0.00376796722412109 -0.05987548828125 0.138320922851563
0.00642728805541992 -0.00786256790161133 0.080352783203125 0.0880966186523438
0.00554656982421875 -0.0102558135986328 -0.0496749877929687 -0.10162353515625
0.0181083679199219 0.00443077087402344 0.0975341796875 -0.126945495605469
0.0145196914672852 0.0113849639892578 0.241500854492188 -0.034515380859375
-0.00376605987548828 0.0137538909912109 0.2850341796875 0.1922607421875
-0.0287132263183594 0.0116710662841797 0.014678955078125 0.43212890625
-0.00764560699462891 -0.00962638854980469 -0.34539794921875 0.380096435546875
0.0135517120361328 -0.00789356231689453 -0.3817138671875 0.072784423828125
0.0246639251708984 0.0162773132324219 0.0175552368164063 0.0496978759765625
0.0245151519775391 0.00636482238769531 0.441070556640625 -0.029022216796875
0.00419163703918457 -0.00142359733581543 0.3565673828125 -0.392730712890625
-0.0158958435058594 -0.00100326538085938 -0.111724853515625 -0.432647705078125
-0.0143518447875977 0.00454139709472656 -0.3140869140625 -0.114776611328125
0.00253677368164062 0.0120401382446289 -0.241607666015625 0.08282470703125
0.0116958618164063 0.00481796264648438 -0.0580978393554688 0.139114379882813
0.0042262077331543 -0.00766134262084961 0.0808258056640625 0.0890350341796875
0.00857925415039063 -0.00945758819580078 -0.0425643920898438 -0.104225158691406
0.0199432373046875 0.00314140319824219 0.0970077514648438 -0.129592895507813
0.017791748046875 0.00783729553222656 0.243194580078125 -0.038848876953125
-0.00531101226806641 0.0108022689819336 0.28875732421875 0.190765380859375
-0.0316734313964844 0.00921058654785156 0.02288818359375 0.43701171875
-0.00772571563720703 -0.011601448059082 -0.342987060546875 0.39007568359375
0.0229320526123047 -0.007293701171875 -0.389007568359375 0.076904296875
0.0376091003417969 0.0213813781738281 0.0087127685546875 0.0475845336914063
0.0329341888427734 0.00905036926269531 0.436431884765625 -0.027801513671875
0.00535106658935547 -0.00254440307617188 0.3563232421875 -0.396087646484375
-0.0188407897949219 -0.00334358215332031 -0.114654541015625 -0.439971923828125
-0.0154485702514648 0.00284290313720703 -0.32080078125 -0.118743896484375
0.00351142883300781 0.0103979110717773 -0.248992919921875 0.0837554931640625
0.0135107040405273 0.00314712524414062 -0.0639190673828125 0.139877319335938
0.00632572174072266 -0.00756263732910156 0.0787200927734375 0.0863113403320313
0.00973129272460938 -0.0108356475830078 -0.0442886352539063 -0.103744506835938
0.0192642211914063 0.00225448608398438 0.0958709716796875 -0.130325317382813
0.0177402496337891 0.00814437866210938 0.242904663085938 -0.0416717529296875
-0.00372409820556641 0.0117607116699219 0.2913818359375 0.187744140625
-0.0310649871826172 0.0110569000244141 0.029296875 0.43695068359375
-0.00873374938964844 -0.0119667053222656 -0.33660888671875 0.391265869140625
0.0195293426513672 -0.00795936584472656 -0.389251708984375 0.08038330078125
0.0348014831542969 0.0202102661132813 0.00596237182617188 0.0472297668457031
0.03143310546875 0.00743865966796875 0.43658447265625 -0.025543212890625
0.0043635368347168 -0.00255298614501953 0.359283447265625 -0.39447021484375
-0.0177860260009766 -0.0032501220703125 -0.1092529296875 -0.442779541015625
-0.015106201171875 0.00400733947753906 -0.319061279296875 -0.122589111328125
0.00390911102294922 0.00957202911376953 -0.249313354492188 0.0813903808593749
0.0134258270263672 0.00312042236328125 -0.0653610229492188 0.138534545898437
0.00666427612304688 -0.00801563262939453 0.0770416259765625 0.0875396728515625
0.00973606109619141 -0.0106449127197266 -0.045501708984375 -0.103057861328125
0.0197677612304687 0.00179672241210937 0.0937271118164063 -0.130783081054688
0.0179710388183594 0.00746726989746094 0.242691040039063 -0.04290771484375
-0.00299835205078125 0.0124731063842773 0.29400634765625 0.184478759765625
-0.0306529998779297 0.0118675231933594 0.035064697265625 0.43389892578125
-0.0100412368774414 -0.0119514465332031 -0.334259033203125 0.392578125
0.0172252655029297 -0.00794124603271484 -0.3895263671875 0.0809326171874999
0.0320682525634766 0.019500732421875 0.0051116943359375 0.0456733703613281
0.0282535552978516 0.00776290893554688 0.43768310546875 -0.02215576171875
0.00447988510131836 -0.00195932388305664 0.363983154296875 -0.3917236328125
-0.0179080963134766 -0.00284004211425781 -0.1060791015625 -0.443450927734375
-0.0150527954101563 0.00331497192382812 -0.31768798828125 -0.123504638671875
0.00389003753662109 0.00987911224365234 -0.24920654296875 0.0819396972656251
0.0127544403076172 0.00272369384765625 -0.065460205078125 0.140388488769531
0.00753974914550781 -0.0078272819519043 0.076934814453125 0.0882186889648437
0.00925731658935547 -0.0111017227172852 -0.0468826293945312 -0.103858947753906
0.019500732421875 0.00158119201660156 0.0945358276367188 -0.130752563476563
0.017308235168457 0.00887393951416016 0.242691040039063 -0.044036865234375
-0.00287723541259766 0.0126991271972656 0.295654296875 0.181640625
-0.0300502777099609 0.0120964050292969 0.035858154296875 0.4337158203125
-0.0104970932006836 -0.0114517211914063 -0.330413818359375 0.392364501953125
0.0144929885864258 -0.00873374938964844 -0.387359619140625 0.0821228027343751
0.0290336608886719 0.0176811218261719 0.00548171997070313 0.0470390319824219
0.0269584655761719 0.00804328918457031 0.43988037109375 -0.0208740234375
0.00358247756958008 -0.00162053108215332 0.36614990234375 -0.389190673828125
-0.0176105499267578 -0.00251579284667969 -0.1038818359375 -0.4434814453125
-0.014592170715332 0.00371837615966797 -0.315826416015625 -0.124969482421875
0.00348472595214844 0.00977516174316406 -0.248184204101563 0.08209228515625
0.0130529403686523 0.00283432006835938 -0.064666748046875 0.141632080078125
0.00804805755615234 -0.00830173492431641 0.0776443481445313 0.0893173217773438
0.00909328460693359 -0.0106611251831055 -0.0481719970703125 -0.103775024414062
0.0189304351806641 0.00263786315917969 0.0946578979492188 -0.130264282226563
0.0167055130004883 0.00985050201416016 0.243423461914063 -0.0430450439453125
-0.0034332275390625 0.012812614440918 0.2955322265625 0.18377685546875
-0.0297107696533203 0.0126476287841797 0.035369873046875 0.434173583984375
-0.0103464126586914 -0.0103912353515625 -0.333526611328125 0.391387939453125
0.0127191543579102 -0.0085601806640625 -0.387847900390625 0.082000732421875
0.0260734558105469 0.0166969299316406 0.0072479248046875 0.0467948913574219
0.0242710113525391 0.00785064697265625 0.441986083984375 -0.021759033203125
0.00328469276428223 -0.000995159149169922 0.3685302734375 -0.38970947265625
-0.0180892944335938 -0.00103950500488281 -0.104400634765625 -0.442779541015625
-0.0141563415527344 0.00509834289550781 -0.316009521484375 -0.123626708984375
0.00374603271484375 0.0109043121337891 -0.2467041015625 0.0824432373046875
0.012995719909668 0.00247001647949219 -0.063629150390625 0.1414794921875
0.00791835784912109 -0.00924968719482422 0.0788116455078125 0.0891494750976563
0.00858497619628906 -0.0104532241821289 -0.04888916015625 -0.103996276855469
0.0191135406494141 0.00225448608398438 0.0960845947265625 -0.129745483398437
0.016627311706543 0.00947666168212891 0.24444580078125 -0.0421142578125
-0.00295448303222656 0.0132741928100586 0.294708251953125 0.18621826171875
-0.0296230316162109 0.0129985809326172 0.0308837890625 0.434539794921875
-0.0096282958984375 -0.00963401794433594 -0.336273193359375 0.390716552734375
0.0115509033203125 -0.00836277008056641 -0.38720703125 0.0791931152343751
0.0243244171142578 0.0158348083496094 0.0105476379394531 0.0477409362792969
0.0234565734863281 0.00656700134277344 0.442596435546875 -0.023040771484375
0.00376033782958984 -0.000964641571044922 0.365936279296875 -0.3929443359375
-0.016514778137207 -0.00148868560791016 -0.105865478515625 -0.440673828125
-0.0137643814086914 0.00522518157958984 -0.3167724609375 -0.121124267578125
0.00303363800048828 0.0106468200683594 -0.24603271484375 0.082733154296875
0.0123586654663086 0.00371265411376953 -0.0622100830078125 0.141891479492188
0.00700950622558594 -0.00956249237060547 0.0792617797851563 0.09033203125
0.00597381591796875 -0.0106983184814453 -0.0508575439453125 -0.102439880371094
0.0181674957275391 0.002593994140625 0.095306396484375 -0.129989624023438
0.0152559280395508 0.0105381011962891 0.24334716796875 -0.03948974609375
-0.00371837615966797 0.0142230987548828 0.2916259765625 0.18963623046875
-0.0281352996826172 0.0131015777587891 0.024444580078125 0.437591552734375
-0.00927543640136719 -0.0102243423461914 -0.341033935546875 0.390899658203125
0.0118446350097656 -0.00843524932861328 -0.386199951171875 0.0795593261718749
0.0236263275146484 0.0152492523193359 0.0136489868164063 0.049072265625
0.0236721038818359 0.00645637512207031 0.445465087890625 -0.0274658203125
0.00316143035888672 -0.0014495849609375 0.3621826171875 -0.395904541015625
-0.015995979309082 -0.000468254089355466 -0.10858154296875 -0.439849853515625
-0.0134191513061523 0.00517463684082031 -0.316741943359375 -0.118377685546875
0.00266075134277344 0.0110416412353516 -0.244216918945313 0.0837860107421875
0.0126857757568359 0.00392818450927734 -0.059783935546875 0.14093017578125
0.00676298141479492 -0.00798702239990234 0.0812759399414063 0.0885009765625
0.00410556793212891 -0.0104188919067383 -0.05035400390625 -0.102638244628906
0.0181980133056641 0.00408935546875 0.0972442626953125 -0.129180908203125
0.0150957107543945 0.0110874176025391 0.243606567382813 -0.037567138671875
-0.00430965423583984 0.0136451721191406 0.289306640625 0.1923828125
-0.0286788940429688 0.0118064880371094 0.01959228515625 0.438140869140625
-0.00781631469726563 -0.00998687744140625 -0.34637451171875 0.38690185546875
0.0128669738769531 -0.00788784027099609 -0.386138916015625 0.076904296875
0.0247802734375 0.0159015655517578 0.0179367065429688 0.0503311157226562
0.0244026184082031 0.00611305236816406 0.445037841796875 -0.031768798828125
0.00438833236694336 -0.00107717514038086 0.35736083984375 -0.39923095703125
-0.0160980224609375 -0.000566482543945313 -0.116607666015625 -0.4365234375
-0.0141925811767578 0.00559234619140625 -0.318267822265625 -0.1141357421875
0.00230693817138672 0.011530876159668 -0.242874145507813 0.0859527587890625
0.0120420455932617 0.00532150268554688 -0.05767822265625 0.141555786132813
0.0040431022644043 -0.00783586502075195 0.0818634033203125 0.0894546508789063
0.00765132904052734 -0.0103435516357422 -0.044403076171875 -0.105354309082031
0.0193595886230469 0.00350570678710937 0.09600830078125 -0.132598876953125
0.0174179077148438 0.00793075561523438 0.245330810546875 -0.0419158935546875
-0.00485515594482422 0.0110883712768555 0.29425048828125 0.1890869140625
-0.0311546325683594 0.0102691650390625 0.027618408203125 0.4420166015625
-0.00712490081787109 -0.0121946334838867 -0.343109130859375 0.395111083984375
0.0209369659423828 -0.00623893737792969 -0.393310546875 0.0822143554687501
0.0379867553710938 0.0213356018066406 0.008697509765625 0.0481185913085938
0.0331668853759766 0.00788688659667969 0.4400634765625 -0.031005859375
0.00582695007324219 -0.00235843658447266 0.35614013671875 -0.401702880859375
-0.0183887481689453 -0.00295829772949218 -0.120513916015625 -0.443878173828125
-0.0157403945922852 0.00277900695800782 -0.3251953125 -0.117645263671875
0.00478553771972656 0.0100479125976563 -0.25042724609375 0.0869293212890625
0.013484001159668 0.00363731384277344 -0.0626373291015625 0.142471313476563
0.00532817840576172 -0.00835561752319336 0.0801849365234375 0.0874710083007813
0.00818347930908203 -0.0103521347045898 -0.0450820922851563 -0.105552673339844
0.0194606781005859 0.00189208984375 0.0954055786132813 -0.132896423339844
0.0180149078369141 0.00797271728515625 0.24591064453125 -0.0440826416015625
-0.00473403930664063 0.0117197036743164 0.29681396484375 0.18719482421875
-0.0313014984130859 0.0107173919677734 0.034820556640625 0.44189453125
-0.00847911834716797 -0.0114221572875977 -0.33636474609375 0.39898681640625
0.0191917419433594 -0.00799751281738281 -0.393463134765625 0.084442138671875
0.0352630615234375 0.0205841064453125 0.00695037841796875 0.0471305847167969
0.0306816101074219 0.007781982421875 0.43994140625 -0.0284423828125
0.00471735000610352 -0.00254058837890625 0.359588623046875 -0.3997802734375
-0.0187206268310547 -0.00247764587402344 -0.115234375 -0.44512939453125
-0.0159931182861328 0.00330257415771484 -0.323974609375 -0.11981201171875
0.00401878356933594 0.0104179382324219 -0.251235961914063 0.0860748291015625
0.0133399963378906 0.00222969055175781 -0.0647735595703125 0.14251708984375
0.00648164749145508 -0.00834035873413086 0.0791397094726563 0.0876388549804688
0.00978183746337891 -0.0104246139526367 -0.0471420288085937 -0.105567932128906
0.0196437835693359 0.000837326049804688 0.094512939453125 -0.133033752441406
0.0176029205322266 0.00718116760253906 0.244888305664063 -0.045562744140625
-0.00357532501220703 0.012181282043457 0.298919677734375 0.182952880859375
-0.0305366516113281 0.01202392578125 0.039886474609375 0.4388427734375
-0.00954151153564453 -0.0106258392333984 -0.332977294921875 0.39971923828125
0.0162105560302734 -0.00856208801269531 -0.3922119140625 0.086090087890625
0.0318145751953125 0.0188159942626953 0.005279541015625 0.0462570190429688
0.0287799835205078 0.00862884521484375 0.4412841796875 -0.026275634765625
0.00428342819213867 -0.00201106071472168 0.36505126953125 -0.397430419921875
-0.0173654556274414 -0.00180912017822266 -0.111297607421875 -0.44622802734375
-0.0143098831176758 0.0037689208984375 -0.32293701171875 -0.122467041015625
0.00319194793701172 0.0100088119506836 -0.2509765625 0.0853424072265625
0.013493537902832 0.00318622589111328 -0.0644378662109375 0.143234252929688
0.00696897506713867 -0.00844097137451172 0.0782546997070313 0.0889816284179688
0.00869846343994141 -0.0117092132568359 -0.0477371215820312 -0.104362487792969
0.0194568634033203 0.000308990478515625 0.093841552734375 -0.132713317871094
0.0180854797363281 0.008209228515625 0.24462890625 -0.047332763671875
-0.00378322601318359 0.0126199722290039 0.3001708984375 0.1815185546875
-0.0300006866455078 0.012725830078125 0.039764404296875 0.438323974609375
-0.0108623504638672 -0.0107641220092773 -0.3309326171875 0.39990234375
0.0139493942260742 -0.00875473022460938 -0.39068603515625 0.0857238769531251
0.0286769866943359 0.0177040100097656 0.00555419921875 0.0469017028808594
0.0269737243652344 0.00751304626464844 0.44354248046875 -0.024749755859375
0.00374150276184082 -0.00162148475646973 0.367919921875 -0.395843505859375
-0.0176239013671875 -0.00219154357910156 -0.1090087890625 -0.446502685546875
-0.0147466659545898 0.00425624847412109 -0.32086181640625 -0.12298583984375
0.00338363647460938 0.0106410980224609 -0.249908447265625 0.08587646484375
0.0133228302001953 0.00388622283935547 -0.064361572265625 0.143905639648438
0.00788402557373047 -0.00909042358398438 0.0788421630859375 0.0887069702148438
0.00829219818115234 -0.0109472274780273 -0.049896240234375 -0.104393005371094
0.0196018218994141 0.00158119201660156 0.0944595336914063 -0.132225036621094
0.0165729522705078 0.00891685485839844 0.24578857421875 -0.04595947265625
-0.00307941436767578 0.0139474868774414 0.299957275390625 0.18365478515625
-0.0295925140380859 0.0128688812255859 0.039764404296875 0.43914794921875
-0.0100202560424805 -0.0100507736206055 -0.3319091796875 0.398651123046875
0.0124502182006836 -0.00883960723876953 -0.389892578125 0.085784912109375
0.0263175964355469 0.0168609619140625 0.00766372680664062 0.0475387573242188
0.0249385833740234 0.00800323486328125 0.444091796875 -0.025299072265625
0.00336551666259766 -0.0014948844909668 0.368408203125 -0.3963623046875
-0.0175695419311523 -0.00144386291503906 -0.108734130859375 -0.44549560546875
-0.0151691436767578 0.00473117828369141 -0.320892333984375 -0.1220703125
0.00351905822753906 0.0111322402954102 -0.24884033203125 0.085205078125
0.0132551193237305 0.0031585693359375 -0.0629119873046875 0.144607543945313
0.00764083862304687 -0.00953197479248047 0.0802688598632813 0.0896835327148438
0.00790214538574219 -0.0108366012573242 -0.050384521484375 -0.104667663574219
0.0191078186035156 0.00152397155761719 0.0953292846679688 -0.132484436035156
0.0163259506225586 0.0093679428100586 0.24652099609375 -0.0448455810546875
-0.00340175628662109 0.013789176940918 0.298736572265625 0.185028076171875
-0.0293254852294922 0.0136795043945312 0.03533935546875 0.439605712890625
-0.010197639465332 -0.00981044769287109 -0.335723876953125 0.398529052734375
0.0112180709838867 -0.00901508331298828 -0.39044189453125 0.084564208984375
0.0242977142333984 0.0156211853027344 0.00995635986328125 0.0485115051269531
0.0240192413330078 0.00738143920898438 0.4456787109375 -0.0272216796875
0.00382494926452637 -0.000859975814819336 0.36590576171875 -0.3984375
-0.0173435211181641 -3.71932983398423E-05 -0.10943603515625 -0.44451904296875
-0.013972282409668 0.00551033020019532 -0.3209228515625 -0.11956787109375
0.00265312194824219 0.0109233856201172 -0.24761962890625 0.0869903564453126
0.0126228332519531 0.00339889526367188 -0.0606689453125 0.14501953125
0.00664281845092774 -0.0087118148803711 0.0806121826171875 0.090484619140625
0.00533771514892578 -0.0112695693969727 -0.0528411865234375 -0.103439331054687
0.0183086395263672 0.00167083740234375 0.0946807861328125 -0.132270812988281
0.015294075012207 0.0103464126586914 0.245651245117188 -0.042572021484375
-0.00380992889404297 0.0146551132202148 0.2967529296875 0.1893310546875
-0.0282115936279297 0.0140724182128906 0.03131103515625 0.44171142578125
-0.00884628295898438 -0.00977420806884765 -0.33966064453125 0.398162841796875
0.011744499206543 -0.00902748107910156 -0.389373779296875 0.082122802734375
0.0235652923583984 0.0151691436767578 0.0140457153320312 0.0495223999023438
0.0236873626708984 0.00645065307617187 0.44873046875 -0.03009033203125
0.0031425952911377 -0.0005340576171875 0.3631591796875 -0.402587890625
-0.0166082382202148 -0.000509262084960937 -0.113677978515625 -0.442626953125
-0.0141582489013672 0.00564384460449219 -0.32049560546875 -0.1171875
0.00252342224121094 0.0114822387695313 -0.246185302734375 0.087615966796875
0.0128383636474609 0.00408649444580078 -0.0590057373046875 0.1436767578125
0.00592136383056641 -0.00821781158447265 0.0831298828125 0.0881271362304688
0.00369358062744141 -0.0101413726806641 -0.0525283813476562 -0.103446960449219
0.0176124572753906 0.00404930114746094 0.0972671508789063 -0.131988525390625
0.014897346496582 0.0108022689819336 0.246063232421875 -0.0408782958984375
-0.00398635864257813 0.0145778656005859 0.294281005859375 0.191558837890625
-0.0285263061523437 0.0125446319580078 0.023651123046875 0.443450927734375
-0.00704193115234375 -0.00953865051269531 -0.346221923828125 0.39471435546875
0.0126876831054688 -0.00830554962158203 -0.3897705078125 0.079864501953125
0.0251121520996094 0.0157260894775391 0.0179061889648437 0.0510749816894531
0.0247707366943359 0.00637435913085938 0.448822021484375 -0.035400390625
0.00484514236450195 -0.00054168701171875 0.35791015625 -0.404937744140625
-0.0160455703735352 -0.00052356719970703 -0.12200927734375 -0.43975830078125
-0.0143642425537109 0.00591945648193359 -0.32293701171875 -0.112060546875
0.00216197967529297 0.0116949081420898 -0.244613647460938 0.0902862548828124
0.0119781494140625 0.00503635406494141 -0.056854248046875 0.143997192382813
0.00438737869262695 -0.00843143463134766 0.08343505859375 0.0893478393554687
0.00719165802001953 -0.0107736587524414 -0.0457687377929688 -0.106735229492188
0.0198040008544922 0.00215339660644531 0.0952987670898438 -0.134963989257813
0.0171146392822266 0.00730419158935547 0.2474365234375 -0.0454254150390625
-0.00508499145507812 0.0117883682250977 0.299713134765625 0.18994140625
-0.0313472747802734 0.0117149353027344 0.03436279296875 0.44805908203125
-0.00667190551757813 -0.0118179321289063 -0.34112548828125 0.40252685546875
0.0212306976318359 -0.00794219970703125 -0.396148681640625 0.086639404296875
0.0373916625976563 0.0211524963378906 0.0089874267578125 0.04815673828125
0.034149169921875 0.00835990905761719 0.444183349609375 -0.036224365234375
0.00677824020385742 -0.00261402130126953 0.355499267578125 -0.4078369140625
-0.0184535980224609 -0.00248527526855469 -0.1265869140625 -0.445159912109375
-0.0165719985961914 0.00341892242431641 -0.32891845703125 -0.1146240234375
0.00384807586669922 0.0102128982543945 -0.25225830078125 0.090728759765625
0.0144500732421875 0.00346469879150391 -0.06219482421875 0.144699096679688
0.00439929962158203 -0.00815534591674805 0.0803146362304688 0.0876922607421875
0.00768661499023438 -0.0108184814453125 -0.0472946166992188 -0.106636047363281
0.0196781158447266 0.00177001953125 0.0938720703125 -0.135711669921875
0.017730712890625 0.00746726989746094 0.247177124023437 -0.047607421875
-0.004852294921875 0.0120067596435547 0.30169677734375 0.185546875
-0.0314922332763672 0.011810302734375 0.040374755859375 0.4466552734375
-0.00833415985107422 -0.0116338729858398 -0.335662841796875 0.40594482421875
0.0181465148925781 -0.00859260559082031 -0.394775390625 0.0895080566406249
0.0353012084960938 0.0198326110839844 0.0068817138671875 0.0475654602050781
0.0318965911865234 0.00868415832519531 0.4439697265625 -0.03277587890625
0.00567770004272461 -0.00214242935180664 0.35943603515625 -0.40753173828125
-0.0183258056640625 -0.00230789184570312 -0.121429443359375 -0.4476318359375
-0.0158510208129883 0.00341701507568359 -0.328033447265625 -0.1175537109375
0.00501728057861328 0.0094747543334961 -0.252899169921875 0.0902099609375
0.0139694213867188 0.00308322906494141 -0.0641326904296875 0.144500732421875
0.00640630722045898 -0.00845909118652344 0.0803604125976563 0.087890625
0.00938606262207031 -0.0110960006713867 -0.048980712890625 -0.106178283691406
0.0195446014404297 0.00108528137207031 0.0933380126953125 -0.13641357421875
0.0170793533325195 0.00749969482421875 0.2471923828125 -0.04998779296875
-0.0037689208984375 0.012603759765625 0.3038330078125 0.181884765625
-0.0311393737792969 0.0126476287841797 0.044647216796875 0.44329833984375
-0.00918006896972656 -0.0109758377075195 -0.330963134765625 0.4080810546875
0.0167531967163086 -0.00830745697021484 -0.395965576171875 0.090789794921875
0.0321674346923828 0.0190086364746094 0.00555038452148437 0.0477523803710938
0.0294399261474609 0.00807952880859375 0.444580078125 -0.02972412109375
0.00439643859863281 -0.00245857238769531 0.364898681640625 -0.40447998046875
-0.0185317993164063 -0.000936508178710933 -0.117218017578125 -0.449737548828125
-0.015721321105957 0.00389862060546875 -0.326324462890625 -0.120025634765625
0.00424861907958984 0.0103721618652344 -0.252838134765625 0.0897979736328125
0.0141305923461914 0.00256633758544922 -0.0627593994140625 0.14544677734375
0.00756645202636719 -0.00946998596191406 0.079986572265625 0.08819580078125
0.00986289978027344 -0.0115375518798828 -0.0498733520507813 -0.105949401855469
0.0193119049072266 0.000551223754882813 0.0931472778320313 -0.136032104492188
0.0177021026611328 0.00770759582519531 0.247406005859375 -0.0506591796875
-0.00412559509277344 0.013392448425293 0.30584716796875 0.180419921875
-0.0294857025146484 0.0138492584228516 0.045989990234375 0.44378662109375
-0.010035514831543 -0.010472297668457 -0.329071044921875 0.408660888671875
0.013361930847168 -0.00941276550292969 -0.394195556640625 0.0911865234375001
0.0284214019775391 0.0175228118896484 0.00575637817382813 0.0472259521484375
0.0269737243652344 0.00787925720214844 0.445526123046875 -0.02899169921875
0.00414896011352539 -0.00161242485046387 0.3662109375 -0.402496337890625
-0.01824951171875 -0.00142097473144531 -0.11370849609375 -0.449066162109375
-0.0146684646606445 0.00502395629882812 -0.32550048828125 -0.12042236328125
0.00335407257080078 0.0102272033691406 -0.25164794921875 0.0895843505859375
0.0135335922241211 0.00293827056884766 -0.063629150390625 0.146575927734375
0.00746536254882813 -0.00969505310058594 0.0807571411132812 0.0890045166015625
0.00832843780517578 -0.0116176605224609 -0.0519027709960938 -0.105361938476563
0.0188999176025391 0.000852584838867187 0.0936355590820313 -0.135162353515625
0.0170965194702148 0.00826835632324219 0.247955322265625 -0.049896240234375
-0.00348377227783203 0.0135660171508789 0.3055419921875 0.18194580078125
-0.0297126770019531 0.0141410827636719 0.046051025390625 0.444732666015625
-0.0100851058959961 -0.0100336074829102 -0.329803466796875 0.40753173828125
0.0117530822753906 -0.00920677185058594 -0.393829345703125 0.0915527343750001
0.0259590148925781 0.0167694091796875 0.00714874267578125 0.0481910705566406
0.0246677398681641 0.00749778747558594 0.448272705078125 -0.029327392578125
0.00367999076843262 -0.000227689743041992 0.3675537109375 -0.404052734375
-0.0179634094238281 -0.000822067260742185 -0.115234375 -0.4490966796875
-0.014765739440918 0.00506210327148437 -0.32513427734375 -0.1195068359375
0.00379371643066406 0.0114736557006836 -0.250411987304688 0.0897064208984374
0.0132369995117187 0.00256729125976563 -0.0621337890625 0.147415161132813
0.00754070281982422 -0.00964641571044922 0.0816726684570313 0.089508056640625
0.00786590576171875 -0.01165771484375 -0.0526657104492188 -0.105415344238281
0.0190544128417969 0.000926971435546875 0.0950775146484375 -0.135292053222656
0.0164651870727539 0.00918483734130859 0.248641967773438 -0.04852294921875
-0.00334072113037109 0.0139894485473633 0.303955078125 0.183990478515625
-0.0294532775878906 0.0144462585449219 0.041412353515625 0.44464111328125
-0.00943565368652344 -0.00988101959228515 -0.334320068359375 0.407196044921875
0.0109157562255859 -0.00927543640136719 -0.392669677734375 0.0888671875000001
0.0245189666748047 0.0153350830078125 0.0103378295898437 0.0491256713867188
0.0239963531494141 0.00703620910644531 0.4501953125 -0.0316162109375
0.00369071960449219 -0.000271797180175781 0.365478515625 -0.405120849609375
-0.0169763565063477 -9.44137573242159E-05 -0.11663818359375 -0.44696044921875
-0.0150089263916016 0.00572013854980469 -0.325103759765625 -0.117034912109375
0.00349330902099609 0.0112228393554687 -0.249755859375 0.0907745361328125
0.0129337310791016 0.00340652465820313 -0.0604095458984375 0.146926879882813
0.00656604766845703 -0.00923538208007813 0.082672119140625 0.0900192260742188
0.00498294830322266 -0.0110387802124023 -0.054931640625 -0.104232788085938
0.0182647705078125 0.00143051147460938 0.0946197509765625 -0.135650634765625
0.0156717300415039 0.0102272033691406 0.247726440429688 -0.0458984375
-0.00397014617919922 0.0147676467895508 0.301971435546875 0.188232421875
-0.0283260345458984 0.0142002105712891 0.035888671875 0.447174072265625
-0.00850391387939453 -0.0100669860839844 -0.33905029296875 0.406646728515625
0.0109901428222656 -0.00913238525390625 -0.3929443359375 0.087249755859375
0.0232868194580078 0.0149269104003906 0.0145950317382813 0.0504264831542969
0.02374267578125 0.00659561157226563 0.452850341796875 -0.0347900390625
0.00389862060546875 -0.000505924224853516 0.36224365234375 -0.409576416015625
-0.0166807174682617 0.000117301940917967 -0.119842529296875 -0.44635009765625
-0.0146560668945313 0.00603866577148437 -0.325897216796875 -0.114471435546875
0.00261878967285156 0.0121288299560547 -0.247467041015625 0.0924224853515625
0.0126724243164063 0.00380325317382813 -0.0578460693359375 0.146728515625
0.00553989410400391 -0.00907993316650391 0.084564208984375 0.08837890625
0.00398731231689453 -0.0105915069580078 -0.054290771484375 -0.104042053222656
0.018096923828125 0.00301742553710938 0.0962448120117187 -0.134506225585938
0.0146093368530273 0.0101785659790039 0.24847412109375 -0.0436248779296875
-0.00406932830810547 0.0142679214477539 0.300079345703125 0.191497802734375
-0.0280876159667969 0.0135822296142578 0.0303955078125 0.44805908203125
-0.00679969787597656 -0.00972175598144531 -0.344268798828125 0.402252197265625
0.0125007629394531 -0.00864696502685547 -0.391754150390625 0.085357666015625
0.0251083374023438 0.0153141021728516 0.0183944702148438 0.0516738891601563
0.0244369506835938 0.00612068176269531 0.45281982421875 -0.038848876953125
0.00456857681274414 -0.000547885894775391 0.357269287109375 -0.41229248046875
-0.0163984298706055 0.000592231750488284 -0.1279296875 -0.442413330078125
-0.0149307250976563 0.0059967041015625 -0.327392578125 -0.109039306640625
0.00287151336669922 0.0120296478271484 -0.246200561523437 0.0948638916015626
0.0123720169067383 0.00504875183105469 -0.0566864013671875 0.146652221679687
0.00326156616210937 -0.00883769989013672 0.084869384765625 0.0893707275390625
0.00732803344726563 -0.0115966796875 -0.048309326171875 -0.106834411621094
0.0193920135498047 0.00162696838378906 0.0937881469726563 -0.137657165527344
0.0175104141235352 0.00711727142333984 0.24920654296875 -0.049346923828125
-0.00613784790039063 0.0119104385375977 0.304718017578125 0.187042236328125
-0.0309333801269531 0.0118083953857422 0.04058837890625 0.45166015625
-0.00640010833740234 -0.0114011764526367 -0.338623046875 0.41217041015625
0.0217742919921875 -0.00773429870605469 -0.39739990234375 0.09197998046875
0.0380210876464844 0.0215950012207031 0.0100555419921875 0.0484123229980469
0.0342617034912109 0.00828742980957031 0.44647216796875 -0.040374755859375
0.00715255737304687 -0.00268173217773437 0.353515625 -0.4171142578125
-0.0195636749267578 -0.00173187255859375 -0.132293701171875 -0.44818115234375
-0.0165920257568359 0.00356483459472656 -0.333892822265625 -0.1112060546875
0.00386524200439453 0.0102548599243164 -0.253921508789063 0.096282958984375
0.0135383605957031 0.00414562225341797 -0.0605316162109375 0.146804809570313
0.00397634506225586 -0.00874805450439453 0.0823135375976563 0.0877838134765625
0.00760078430175781 -0.0110921859741211 -0.0497817993164062 -0.106285095214844
0.0195217132568359 0.0005645751953125 0.0936965942382813 -0.138801574707031
0.0177116394042969 0.0075225830078125 0.249038696289062 -0.053192138671875
-0.00536727905273437 0.0123710632324219 0.307586669921875 0.182891845703125
-0.0306549072265625 0.0128974914550781 0.04681396484375 0.4501953125
-0.00823974609375 -0.011016845703125 -0.332550048828125 0.415618896484375
0.0190906524658203 -0.00880241394042969 -0.397125244140625 0.0949707031250001
0.0353279113769531 0.020172119140625 0.00739288330078125 0.0479888916015625
0.0312595367431641 0.00892066955566406 0.446136474609375 -0.0382080078125
0.00543785095214844 -0.00201082229614258 0.356536865234375 -0.41357421875
-0.0189056396484375 -0.00167465209960937 -0.12744140625 -0.450775146484375
-0.0170450210571289 0.00403404235839844 -0.3328857421875 -0.11370849609375
0.00417327880859375 0.009979248046875 -0.25360107421875 0.0957794189453125
0.0133914947509766 0.00302314758300781 -0.062225341796875 0.14788818359375
0.00539970397949219 -0.00909137725830078 0.0815963745117188 0.0869140625
0.00828933715820313 -0.0118265151977539 -0.05072021484375 -0.106964111328125
0.0189418792724609 -0.00069427490234375 0.0923080444335938 -0.139450073242188
0.0173921585083008 0.00656986236572266 0.248855590820313 -0.053619384765625
-0.00372695922851563 0.0122909545898438 0.30987548828125 0.1806640625
-0.02978515625 0.0137233734130859 0.051544189453125 0.44866943359375
-0.00896644592285156 -0.0111227035522461 -0.32696533203125 0.416473388671875
0.0158252716064453 -0.00915718078613281 -0.39801025390625 0.0957946777343749
0.0321063995361328 0.0183753967285156 0.00614547729492188 0.048187255859375
0.0295124053955078 0.00828361511230469 0.447113037109375 -0.034515380859375
0.00515365600585938 -0.000977993011474609 0.362762451171875 -0.41064453125
-0.0186939239501953 -0.00123405456542969 -0.124664306640625 -0.4520263671875
-0.0159387588500977 0.00490093231201172 -0.331390380859375 -0.11590576171875
0.00397872924804687 0.00963687896728516 -0.252655029296875 0.0938568115234375
0.0149354934692383 0.00327396392822266 -0.0621337890625 0.148284912109375
0.006805419921875 -0.00958919525146485 0.0820465087890625 0.0883941650390625
0.00832843780517578 -0.0124711990356445 -0.0526885986328125 -0.106178283691406
0.0192546844482422 -0.000186920166015625 0.0927963256835938 -0.138740539550781
0.0175390243530273 0.00759410858154297 0.248825073242188 -0.055206298828125
-0.00360012054443359 0.0125303268432617 0.310394287109375 0.178192138671875
-0.0294437408447266 0.0139923095703125 0.0538330078125 0.448516845703125
-0.00981044769287109 -0.0108528137207031 -0.32635498046875 0.416656494140625
0.0133934020996094 -0.00905895233154297 -0.396728515625 0.0964050292968751
0.0283718109130859 0.0172634124755859 0.00626754760742187 0.0481033325195313
0.0271205902099609 0.00794219970703125 0.449432373046875 -0.034637451171875
0.00403308868408203 -0.00110888481140137 0.3643798828125 -0.410247802734375
-0.0187206268310547 -0.000467300415039062 -0.121734619140625 -0.4521484375
-0.0153074264526367 0.00513935089111328 -0.33056640625 -0.117706298828125
0.00303077697753906 0.0109138488769531 -0.252609252929688 0.0939178466796874
0.0138616561889648 0.00185585021972656 -0.0612335205078125 0.1497802734375
0.00706577301025391 -0.00931835174560547 0.0820236206054688 0.0891342163085938
0.00796222686767578 -0.0121564865112305 -0.0540237426757813 -0.106315612792969
0.0192527770996094 0.000570297241210937 0.0933151245117188 -0.137954711914062
0.0171775817871094 0.00799179077148438 0.250167846679688 -0.0538482666015625
-0.00390625 0.0134963989257812 0.310333251953125 0.179290771484375
-0.0293655395507812 0.0143527984619141 0.05224609375 0.44805908203125
-0.00992965698242187 -0.00992584228515625 -0.327392578125 0.41656494140625
0.0107593536376953 -0.00974273681640625 -0.396514892578125 0.096710205078125
0.0253276824951172 0.0165233612060547 0.00777816772460938 0.0479354858398437
0.0258388519287109 0.00712203979492188 0.450836181640625 -0.034210205078125
0.00411128997802734 -0.000586748123168945 0.365997314453125 -0.410980224609375
-0.0175018310546875 0.00066852569580078 -0.122314453125 -0.450897216796875
-0.0148906707763672 0.00564479827880859 -0.330230712890625 -0.11614990234375
0.00344467163085938 0.0108270645141602 -0.251510620117188 0.0952911376953125
0.0135841369628906 0.00304317474365234 -0.06097412109375 0.149566650390625
0.00670623779296875 -0.0102567672729492 0.0831680297851563 0.0886993408203125
0.00662899017333984 -0.0117912292480469 -0.054046630859375 -0.1060791015625
0.0187397003173828 0.000696182250976563 0.0940933227539063 -0.138206481933594
0.0160923004150391 0.00833225250244141 0.250076293945313 -0.052093505859375
-0.003692626953125 0.0144929885864258 0.3095703125 0.183441162109375
-0.0289802551269531 0.0153369903564453 0.04693603515625 0.449981689453125
-0.00884437561035156 -0.00998497009277344 -0.33197021484375 0.414398193359375
0.00995254516601562 -0.00953292846679688 -0.394622802734375 0.0947570800781251
0.0236053466796875 0.01513671875 0.0107002258300781 0.0494537353515625
0.0244178771972656 0.00690841674804687 0.452789306640625 -0.03564453125
0.00364589691162109 -0.000820636749267578 0.363616943359375 -0.4122314453125
-0.0173931121826172 0.000514984130859379 -0.123504638671875 -0.449859619140625
-0.0145111083984375 0.00586223602294922 -0.329681396484375 -0.114471435546875
0.00302982330322266 0.0118379592895508 -0.25079345703125 0.0954742431640625
0.0132932662963867 0.00351333618164063 -0.0589752197265625 0.150100708007813
0.00649070739746094 -0.0103073120117188 0.0841445922851563 0.0897140502929688
0.00447654724121094 -0.011815071105957 -0.0571212768554687 -0.104598999023438
0.0182876586914063 0.00115966796875 0.0934600830078125 -0.137786865234375
0.0152091979980469 0.0101175308227539 0.249603271484375 -0.0491943359375
-0.0042572021484375 0.0146951675415039 0.307769775390625 0.184661865234375
-0.0279197692871094 0.0150814056396484 0.043365478515625 0.45159912109375
-0.00782108306884766 -0.00947952270507813 -0.335113525390625 0.4140625
0.0104494094848633 -0.00968360900878906 -0.394683837890625 0.093170166015625
0.0234413146972656 0.0149745941162109 0.0145721435546875 0.0500717163085938
0.0240268707275391 0.00655746459960938 0.455413818359375 -0.039825439453125
0.00375866889953613 -0.000367879867553711 0.35992431640625 -0.417236328125
-0.0168924331665039 0.000629425048828123 -0.127593994140625 -0.448486328125
-0.0144777297973633 0.0065908432006836 -0.33074951171875 -0.111297607421875
0.00330066680908203 0.0118837356567383 -0.249038696289063 0.0966339111328125
0.0131015777587891 0.00408840179443359 -0.05633544921875 0.149032592773437
0.00533580780029297 -0.00923633575439453 0.0863876342773438 0.0879058837890625
0.00268936157226562 -0.0114431381225586 -0.05670166015625 -0.104072570800781
0.0182743072509766 0.00306129455566406 0.0952987670898437 -0.137100219726562
0.0149850845336914 0.0100955963134766 0.25018310546875 -0.047760009765625
-0.00473690032958984 0.0144672393798828 0.30523681640625 0.18829345703125
-0.0279197692871094 0.0144119262695312 0.035491943359375 0.453033447265625
-0.00670146942138672 -0.00978374481201172 -0.342620849609375 0.410980224609375
0.011932373046875 -0.00865459442138672 -0.39398193359375 0.0907897949218749
0.0243549346923828 0.0147247314453125 0.0189056396484375 0.0514030456542969
0.0250797271728516 0.00612068176269531 0.455535888671875 -0.044219970703125
0.00519371032714844 -0.000723361968994141 0.353668212890625 -0.420562744140625
-0.0162143707275391 0.000780105590820309 -0.134490966796875 -0.444580078125
-0.0148429870605469 0.00673484802246094 -0.331512451171875 -0.10693359375
0.0020599365234375 0.0118570327758789 -0.247528076171875 0.098724365234375
0.0124473571777344 0.00516033172607422 -0.0548248291015625 0.149673461914063
0.00284099578857422 -0.00874948501586914 0.0872268676757813 0.0885696411132813
0.00578784942626953 -0.010767936706543 -0.0507125854492187 -0.108116149902344
0.0191020965576172 0.000804901123046875 0.0936431884765625 -0.141433715820313
0.0172185897827148 0.00713634490966797 0.250701904296875 -0.0539703369140625
-0.00594043731689453 0.0118923187255859 0.309722900390625 0.184814453125
-0.0301647186279297 0.0130729675292969 0.049285888671875 0.454833984375
-0.0060577392578125 -0.0113487243652344 -0.335113525390625 0.419342041015625
0.0202865600585938 -0.00844764709472656 -0.399627685546875 0.097381591796875
0.0381965637207031 0.0199546813964844 0.0107269287109375 0.0486526489257813
0.0342559814453125 0.00792312622070313 0.449676513671875 -0.04620361328125
0.00710821151733398 -0.00190305709838867 0.350311279296875 -0.424102783203125
-0.0193767547607422 -0.00118637084960938 -0.14117431640625 -0.44976806640625
-0.0176658630371094 0.00460433959960938 -0.33868408203125 -0.106414794921875
0.00504875183105469 0.0105428695678711 -0.25335693359375 0.1016845703125
0.0139102935791016 0.00392627716064453 -0.0590362548828125 0.150314331054688
0.00404596328735352 -0.00798988342285156 0.0835189819335938 0.0866622924804688
0.00751876831054687 -0.0118885040283203 -0.0519027709960938 -0.107460021972656
0.0191421508789063 0.000131607055664063 0.0922317504882813 -0.140518188476563
0.0175914764404297 0.005401611328125 0.249954223632813 -0.056793212890625
-0.00538253784179688 0.0129585266113281 0.313262939453125 0.180206298828125
-0.0302810668945313 0.0136756896972656 0.056396484375 0.45458984375
-0.0079660415649414 -0.0111351013183594 -0.327484130859375 0.42437744140625
0.0169830322265625 -0.00912570953369141 -0.398468017578125 0.1016845703125
0.0356636047363281 0.0194015502929688 0.0079193115234375 0.0479202270507813
0.0321140289306641 0.00768470764160156 0.449798583984375 -0.043731689453125
0.0060114860534668 -0.000774860382080078 0.353790283203125 -0.421630859375
-0.0188312530517578 -0.000530242919921876 -0.13580322265625 -0.453216552734375
-0.0163650512695313 0.00465583801269531 -0.337432861328125 -0.109771728515625
0.00529861450195312 0.0102005004882812 -0.254119873046875 0.100189208984375
0.014918327331543 0.00355148315429688 -0.0607757568359375 0.150802612304688
0.00521373748779297 -0.00887775421142578 0.0834197998046875 0.0872802734375
0.00719451904296875 -0.0123167037963867 -0.05279541015625 -0.107452392578125
0.0196437835693359 -0.000268936157226563 0.0912017822265625 -0.142364501953125
0.0176296234130859 0.00625991821289063 0.249832153320313 -0.0589752197265625
-0.00368499755859375 0.0124883651733398 0.314971923828125 0.17626953125
-0.0295982360839844 0.014862060546875 0.06011962890625 0.4515380859375
-0.00926971435546875 -0.0105085372924805 -0.324066162109375 0.424591064453125
0.0144720077514648 -0.00989055633544922 -0.398712158203125 0.102447509765625
0.0324459075927734 0.0183925628662109 0.00598526000976562 0.0478553771972656
0.0301551818847656 0.0078277587890625 0.44903564453125 -0.03985595703125
0.00553417205810547 -0.000512599945068359 0.358551025390625 -0.4188232421875
-0.0195751190185547 -0.000244140624999998 -0.132232666015625 -0.45306396484375
-0.0162534713745117 0.00513648986816406 -0.33636474609375 -0.1123046875
0.00426101684570313 0.00996875762939453 -0.254257202148438 0.09918212890625
0.0146312713623047 0.00248527526855469 -0.060821533203125 0.151504516601562
0.00612735748291016 -0.0102157592773437 0.0835647583007813 0.0882644653320313
0.00887107849121094 -0.0118894577026367 -0.0544357299804687 -0.106101989746094
0.0195941925048828 -0.00112152099609375 0.0915069580078125 -0.140823364257813
0.0175952911376953 0.00643348693847656 0.250137329101563 -0.059234619140625
-0.00383281707763672 0.0130529403686523 0.316162109375 0.176055908203125
-0.0287723541259766 0.0150089263916016 0.060546875 0.451812744140625
-0.00940036773681641 -0.0101728439331055 -0.321319580078125 0.42425537109375
0.0116157531738281 -0.00947666168212891 -0.397918701171875 0.1041259765625
0.0284538269042969 0.0169830322265625 0.00652694702148437 0.047454833984375
0.0268592834472656 0.00775146484375 0.451171875 -0.03997802734375
0.00497293472290039 -0.0010066032409668 0.36151123046875 -0.41845703125
-0.0190467834472656 0.000169754028320316 -0.129852294921875 -0.452850341796875
-0.0153341293334961 0.00589656829833984 -0.33404541015625 -0.11309814453125
0.00374603271484375 0.0114345550537109 -0.253463745117188 0.0996246337890625
0.0148534774780273 0.002410888671875 -0.0601654052734375 0.15155029296875
0.00626468658447266 -0.0096893310546875 0.084197998046875 0.0884323120117188
0.00726985931396484 -0.0122356414794922 -0.056060791015625 -0.105995178222656
0.0186672210693359 -0.000110626220703125 0.0914154052734375 -0.141708374023438
0.0175151824951172 0.00753498077392578 0.250808715820312 -0.0585174560546875
-0.00374698638916016 0.0140132904052734 0.31689453125 0.176361083984375
-0.0296192169189453 0.0157680511474609 0.060333251953125 0.451690673828125
-0.00946044921875 -0.00921821594238281 -0.323638916015625 0.425140380859375
0.0103073120117187 -0.00971698760986328 -0.39703369140625 0.101806640625
0.02581787109375 0.0153999328613281 0.00806808471679688 0.0484199523925781
0.0259571075439453 0.00717353820800781 0.45361328125 -0.038787841796875
0.00452995300292969 -5.48362731933594E-05 0.3626708984375 -0.41864013671875
-0.0180759429931641 0.000957489013671875 -0.13006591796875 -0.451812744140625
-0.0152606964111328 0.00607967376708984 -0.333892822265625 -0.11138916015625
0.00354099273681641 0.0106983184814453 -0.251754760742188 0.100387573242187
0.0136251449584961 0.0023040771484375 -0.0589599609375 0.152603149414063
0.00609016418457031 -0.00999259948730469 0.0845947265625 0.0891189575195313
0.00584506988525391 -0.0128383636474609 -0.0571517944335938 -0.105857849121094
0.0186634063720703 0.000362396240234375 0.0920257568359375 -0.140762329101563
0.0160884857177734 0.00818061828613281 0.251022338867188 -0.0566864013671875
-0.00365352630615234 0.0141391754150391 0.315093994140625 0.17962646484375
-0.0280208587646484 0.0163345336914063 0.056610107421875 0.4525146484375
-0.0087127685546875 -0.00959205627441406 -0.32757568359375 0.4234619140625
0.00948047637939453 -0.00930309295654297 -0.39630126953125 0.101226806640625
0.0236663818359375 0.0150737762451172 0.0116424560546875 0.0497589111328125
0.024627685546875 0.00620651245117188 0.455322265625 -0.042236328125
0.00462436676025391 -0.000299930572509766 0.361663818359375 -0.420562744140625
-0.0171756744384766 0.00146770477294922 -0.130645751953125 -0.450958251953125
-0.014918327331543 0.00666713714599609 -0.33331298828125 -0.10968017578125
0.00259304046630859 0.0109472274780273 -0.25164794921875 0.101104736328125
0.0128870010375977 0.00282955169677734 -0.0576629638671875 0.1524658203125
0.00515937805175781 -0.0101795196533203 0.0859756469726563 0.0895156860351563
0.00373744964599609 -0.0124168395996094 -0.0593338012695313 -0.104522705078125
0.0178699493408203 0.000280380249023438 0.0922698974609375 -0.1405029296875
0.0154857635498047 0.00959682464599609 0.251007080078125 -0.0547637939453125
-0.00373458862304688 0.0150260925292969 0.31317138671875 0.182373046875
-0.0275669097900391 0.0162200927734375 0.05133056640625 0.455169677734375
-0.00792694091796875 -0.00966548919677734 -0.331390380859375 0.42352294921875
0.00969123840332031 -0.00964164733886719 -0.3961181640625 0.098785400390625
0.0238742828369141 0.0144271850585938 0.01544189453125 0.0505027770996094
0.0241565704345703 0.00631523132324219 0.457672119140625 -0.04620361328125
0.00466060638427734 -0.000924587249755859 0.3560791015625 -0.424896240234375
-0.016789436340332 0.00154495239257812 -0.135406494140625 -0.449310302734375
-0.0147190093994141 0.00686264038085937 -0.33428955078125 -0.10687255859375
0.00298023223876953 0.0117893218994141 -0.249298095703125 0.102081298828125
0.0130119323730469 0.00402927398681641 -0.054901123046875 0.151611328125
0.00449943542480469 -0.00986289978027344 0.0880355834960938 0.0876388549804688
0.00168991088867188 -0.0108404159545898 -0.0584640502929688 -0.104217529296875
0.0178909301757813 0.00206756591796875 0.0936279296875 -0.140090942382813
0.014460563659668 0.0100250244140625 0.251556396484375 -0.05224609375
-0.00520610809326172 0.0145292282104492 0.310821533203125 0.18707275390625
-0.0277614593505859 0.0153846740722656 0.044586181640625 0.455352783203125
-0.00574874877929688 -0.00930595397949219 -0.3375244140625 0.42047119140625
0.0115604400634766 -0.00928878784179688 -0.394775390625 0.0969543457031251
0.0243396759033203 0.0146713256835938 0.0192070007324219 0.051513671875
0.0252838134765625 0.00620079040527344 0.458099365234375 -0.051177978515625
0.00502204895019531 0.000400066375732422 0.350921630859375 -0.42791748046875
-0.0164079666137695 0.00188541412353515 -0.142303466796875 -0.445465087890625
-0.0154409408569336 0.00724506378173828 -0.3358154296875 -0.102203369140625
0.00262165069580078 0.0124273300170898 -0.248306274414062 0.104110717773438
0.012847900390625 0.00486278533935547 -0.05340576171875 0.151702880859375
0.00210762023925781 -0.00898170471191406 0.0888824462890625 0.08837890625
0.00583267211914063 -0.0124673843383789 -0.0529937744140625 -0.108024597167969
0.0186958312988281 0.000905990600585938 0.091033935546875 -0.144638061523438
0.0168380737304688 0.00741386413574219 0.250564575195313 -0.0590667724609375
-0.00533199310302734 0.0116033554077148 0.31573486328125 0.180633544921875
-0.0304718017578125 0.0132999420166016 0.056793212890625 0.456878662109375
-0.00552845001220703 -0.01116943359375 -0.32861328125 0.42913818359375
0.0201587677001953 -0.00902938842773438 -0.399078369140625 0.10552978515625
0.0378913879394531 0.019805908203125 0.0103187561035156 0.0491790771484375
0.0343532562255859 0.00754928588867188 0.4498291015625 -0.051971435546875
0.00709342956542969 -0.0024867057800293 0.34375 -0.431304931640625
-0.01934814453125 -0.000324249267578124 -0.14935302734375 -0.449127197265625
-0.0168352127075195 0.0048818588256836 -0.341888427734375 -0.102081298828125
0.00523567199707031 0.0101127624511719 -0.253570556640625 0.107757568359375
0.0150556564331055 0.00317287445068359 -0.0571136474609375 0.152740478515625
0.00260829925537109 -0.00902938842773438 0.0863037109375 0.0861282348632813
0.00601577758789063 -0.0117292404174805 -0.0532379150390625 -0.107200622558594
0.0191230773925781 0.000585556030273438 0.0894012451171875 -0.143814086914063
0.0169563293457031 0.00716876983642578 0.250381469726563 -0.0612335205078125
-0.00469684600830078 0.0115556716918945 0.318328857421875 0.175872802734375
-0.0297088623046875 0.0149288177490234 0.06341552734375 0.456451416015625
-0.00812053680419922 -0.0110664367675781 -0.322265625 0.431610107421875
0.0177841186523438 -0.0100231170654297 -0.39825439453125 0.10650634765625
0.0357704162597656 0.0190887451171875 0.0085906982421875 0.0481605529785156
0.0318641662597656 0.00823593139648438 0.44879150390625 -0.049835205078125
0.00678825378417969 -0.00168752670288086 0.3487548828125 -0.428802490234375
-0.0190715789794922 -0.000387191772460936 -0.14398193359375 -0.45263671875
-0.0166807174682617 0.0052194595336914 -0.341156005859375 -0.104888916015625
0.00470161437988281 0.010279655456543 -0.253524780273438 0.105789184570313
0.0144891738891602 0.00278949737548828 -0.0594940185546875 0.15350341796875
0.00484275817871094 -0.00921821594238281 0.0859298706054688 0.0862655639648438
0.00735664367675781 -0.0124540328979492 -0.0554351806640625 -0.1072998046875
0.0188579559326172 -0.0010833740234375 0.0888519287109375 -0.1439208984375
0.0178241729736328 0.00597190856933594 0.249710083007813 -0.0640411376953125
-0.00431728363037109 0.0127620697021484 0.320281982421875 0.17303466796875
-0.0290164947509766 0.0154056549072266 0.068023681640625 0.45343017578125
-0.00818061828613281 -0.0105934143066406 -0.3184814453125 0.43243408203125
0.0148448944091797 -0.00960731506347656 -0.399169921875 0.10919189453125
0.0319690704345703 0.0179615020751953 0.00687408447265626 0.0482673645019531
0.0308380126953125 0.00768089294433594 0.450836181640625 -0.047027587890625
0.00573396682739258 -0.0013432502746582 0.353668212890625 -0.4263916015625
-0.0192031860351563 0.000177383422851563 -0.14117431640625 -0.453582763671875
-0.0163536071777344 0.00560379028320313 -0.339202880859375 -0.108184814453125
0.00447750091552734 0.0103130340576172 -0.25372314453125 0.105743408203125
0.0144367218017578 0.00153827667236328 -0.0590057373046875 0.152847290039062
0.00559139251708984 -0.00988960266113281 0.0849227905273438 0.0878067016601562
0.00710868835449219 -0.0127620697021484 -0.0570907592773437 -0.106170654296875
0.0183181762695313 -0.000677108764648438 0.0889434814453125 -0.144088745117188
0.0185565948486328 0.00677299499511719 0.250350952148438 -0.0642852783203125
-0.00363922119140625 0.0135993957519531 0.3216552734375 0.170562744140625
-0.0288105010986328 0.0166492462158203 0.0689697265625 0.453765869140625
-0.00906276702880859 -0.00940704345703125 -0.3172607421875 0.432647705078125
0.0112905502319336 -0.00954246520996094 -0.3988037109375 0.109649658203125
0.0287609100341797 0.0163688659667969 0.00658798217773437 0.0478324890136719
0.0282020568847656 0.00681114196777344 0.45245361328125 -0.045684814453125
0.00460338592529297 -0.000834465026855469 0.35595703125 -0.42578125
-0.0186023712158203 0.000795364379882809 -0.138641357421875 -0.45281982421875
-0.0153770446777344 0.00589656829833984 -0.338653564453125 -0.107666015625
0.00391960144042969 0.0106296539306641 -0.252883911132813 0.105499267578125
0.0146579742431641 0.00208854675292969 -0.057342529296875 0.155120849609375
0.00627708435058594 -0.00987148284912109 0.0854721069335937 0.0873794555664062
0.00646209716796875 -0.012476921081543 -0.0582427978515625 -0.105781555175781
0.0187797546386719 -0.000722885131835938 0.0898590087890625 -0.143951416015625
0.0168828964233398 0.00737762451171875 0.250946044921875 -0.0631561279296875
-0.00383567810058594 0.0137147903442383 0.320526123046875 0.172393798828125
-0.0284347534179687 0.0164165496826172 0.069366455078125 0.45440673828125
-0.00932502746582031 -0.00949192047119141 -0.31787109375 0.432708740234375
0.00991153717041016 -0.00992202758789063 -0.3984375 0.10858154296875
0.0250339508056641 0.0158672332763672 0.00915145874023438 0.0493888854980469
0.0258426666259766 0.00702667236328125 0.455535888671875 -0.045928955078125
0.00477886199951172 -0.000223636627197266 0.356903076171875 -0.426361083984375
-0.0184478759765625 0.00128555297851562 -0.13720703125 -0.452117919921875
-0.0155582427978516 0.00669384002685547 -0.338134765625 -0.10736083984375
0.00348567962646484 0.010869026184082 -0.2515869140625 0.105300903320313
0.0142889022827148 0.00240135192871094 -0.0568084716796875 0.155166625976563
0.00597953796386719 -0.0106515884399414 0.086578369140625 0.0877456665039063
0.00512313842773437 -0.0129365921020508 -0.0591583251953125 -0.106246948242188
0.0186061859130859 -0.000762939453125 0.0902862548828125 -0.143142700195313
0.0157079696655273 0.00800514221191406 0.251968383789062 -0.0616302490234375
-0.00353527069091797 0.0144529342651367 0.32012939453125 0.175048828125
-0.0278244018554688 0.0171699523925781 0.065185546875 0.45489501953125
-0.00889396667480469 -0.00942420959472656 -0.322174072265625 0.4310302734375
0.00870513916015625 -0.0105695724487305 -0.396514892578125 0.107330322265625
0.0243797302246094 0.0141944885253906 0.0123291015625 0.0497932434082031
0.0251312255859375 0.00635147094726563 0.45654296875 -0.04833984375
0.00474643707275391 0.000570297241210938 0.35589599609375 -0.427215576171875
-0.0180091857910156 0.00196647644042969 -0.13916015625 -0.452117919921875
-0.014979362487793 0.00677108764648438 -0.338409423828125 -0.10498046875
0.0036773681640625 0.011662483215332 -0.25091552734375 0.105789184570313
0.0138120651245117 0.00276088714599609 -0.0553131103515625 0.155105590820313
0.00441646575927734 -0.0101737976074219 0.0876541137695313 0.0885696411132813
0.00298500061035156 -0.0126495361328125 -0.0607070922851563 -0.103385925292969
0.0176715850830078 -0.000474929809570313 0.0899200439453125 -0.143096923828125
0.0151157379150391 0.00913333892822266 0.250961303710938 -0.05950927734375
-0.00445079803466797 0.01544189453125 0.318695068359375 0.178863525390625
-0.0270881652832031 0.0166645050048828 0.059783935546875 0.45648193359375
-0.0076141357421875 -0.00930118560791016 -0.326080322265625 0.431060791015625
0.00820064544677734 -0.00969505310058594 -0.39691162109375 0.104827880859375
0.0230064392089844 0.0138320922851563 0.0157623291015625 0.0505790710449219
0.0244102478027344 0.00604248046875 0.458404541015625 -0.052032470703125
0.00481033325195313 0.000280380249023438 0.35089111328125 -0.431640625
-0.0168609619140625 0.00232505798339844 -0.142974853515625 -0.4503173828125
-0.0151748657226563 0.00736618041992187 -0.33819580078125 -0.102081298828125
0.00303459167480469 0.0121660232543945 -0.248916625976563 0.107467651367187
0.0133695602416992 0.00395393371582031 -0.0526123046875 0.154083251953125
0.00359344482421875 -0.00946521759033203 0.089599609375 0.086639404296875
0.00136566162109375 -0.0118598937988281 -0.0615081787109375 -0.104209899902344
0.0172605514526367 0.00144577026367188 0.0918426513671875 -0.143142700195313
0.0146045684814453 0.00968551635742188 0.251708984375 -0.0573272705078125
-0.00506401062011719 0.0147008895874023 0.315521240234375 0.183349609375
-0.0268192291259766 0.016082763671875 0.052825927734375 0.458160400390625
-0.00605392456054688 -0.00914096832275391 -0.33160400390625 0.4287109375
0.0102787017822266 -0.00931644439697266 -0.39593505859375 0.10369873046875
0.0247249603271484 0.0140743255615234 0.0201377868652344 0.0514297485351563
0.025482177734375 0.0058746337890625 0.459136962890625 -0.057342529296875
0.00607061386108398 2.24113464355469E-05 0.344757080078125 -0.435302734375
-0.0163908004760742 0.00214481353759766 -0.150482177734375 -0.4462890625
-0.0156984329223633 0.00753498077392578 -0.3392333984375 -0.0968933105468751
0.00303459167480469 0.0124883651733398 -0.24749755859375 0.109954833984375
0.0127658843994141 0.00438499450683594 -0.0503692626953125 0.15374755859375
0.00189208984375 -0.0092620849609375 0.0902328491210938 0.08740234375
0.00507450103759766 -0.0122900009155273 -0.0551910400390625 -0.107269287109375
0.0186424255371094 0.000383377075195313 0.089111328125 -0.146148681640625
0.0172815322875977 0.00576496124267578 0.2513427734375 -0.0636138916015625
-0.00607776641845703 0.0117816925048828 0.321563720703125 0.175079345703125
-0.0299167633056641 0.0140266418457031 0.065582275390625 0.457611083984375
-0.00553798675537109 -0.0110740661621094 -0.3223876953125 0.435638427734375
0.0189361572265625 -0.00896453857421875 -0.3988037109375 0.110504150390625
0.0382118225097656 0.0192146301269531 0.0115089416503906 0.0491485595703125
0.034881591796875 0.00717735290527344 0.449432373046875 -0.059417724609375
0.00742149353027344 -0.00150775909423828 0.336456298828125 -0.437408447265625
-0.0189971923828125 0.000762939453125002 -0.15728759765625 -0.448516845703125
-0.0178947448730469 0.00530624389648438 -0.3450927734375 -0.0966796875
0.00414085388183594 0.0102109909057617 -0.251846313476563 0.11236572265625
0.0150136947631836 0.00339317321777344 -0.0544281005859375 0.154495239257813
0.00229930877685547 -0.00913429260253906 0.0870590209960938 0.084625244140625
0.005462646484375 -0.0128993988037109 -0.0562057495117188 -0.107093811035156
0.0186996459960937 -0.000902175903320312 0.0875701904296875 -0.146865844726563
0.0170679092407227 0.00532054901123047 0.25054931640625 -0.0670623779296875
-0.00504589080810547 0.0118217468261719 0.321319580078125 0.171173095703125
-0.0298290252685547 0.0158271789550781 0.0731201171875 0.456939697265625
-0.00730323791503906 -0.0112276077270508 -0.315216064453125 0.438201904296875
0.01654052734375 -0.00962352752685547 -0.3988037109375 0.113616943359375
0.0349559783935547 0.0184593200683594 0.00859451293945313 0.048492431640625
0.0324268341064453 0.00707435607910156 0.44940185546875 -0.057037353515625
0.00660991668701172 -0.001922607421875 0.343170166015625 -0.435150146484375
-0.0195121765136719 0.000242233276367186 -0.15240478515625 -0.450469970703125
-0.0170879364013672 0.005401611328125 -0.34405517578125 -0.0987854003906251
0.00407791137695313 0.0101032257080078 -0.252655029296875 0.111740112304687
0.0144290924072266 0.00205516815185547 -0.055816650390625 0.155410766601563
0.00356101989746094 -0.00969505310058594 0.0863571166992188 0.0848312377929688
0.00643157958984375 -0.0123081207275391 -0.0583038330078125 -0.10693359375
0.0181961059570313 -0.00200080871582031 0.0867919921875 -0.147232055664063
0.0176372528076172 0.00587844848632813 0.250259399414063 -0.0677947998046875
-0.00452709197998047 0.0121498107910156 0.323211669921875 0.168487548828125
-0.0285835266113281 0.0166034698486328 0.0793151855468749 0.455596923828125
-0.00859928131103516 -0.00975990295410156 -0.310455322265625 0.440399169921875
0.0132417678833008 -0.0102415084838867 -0.398529052734375 0.116790771484375
0.0324440002441406 0.0167427062988281 0.00805282592773438 0.0482597351074219
0.0305767059326172 0.00709342956542969 0.45111083984375 -0.05340576171875
0.00650835037231445 -0.000955104827880859 0.34844970703125 -0.433837890625
-0.0188789367675781 0.000659942626953129 -0.149871826171875 -0.451690673828125
-0.0161800384521484 0.00658321380615234 -0.34246826171875 -0.101409912109375
0.00500392913818359 0.0103797912597656 -0.252105712890625 0.1107177734375
0.0140724182128906 0.00170230865478516 -0.0558013916015625 0.15618896484375
0.00513267517089844 -0.0101957321166992 0.0864410400390625 0.0860366821289063
0.00619125366210937 -0.0131731033325195 -0.0588607788085937 -0.105270385742188
0.018707275390625 -0.00114631652832031 0.0869598388671875 -0.146530151367188
0.0172491073608398 0.00593757629394531 0.250762939453125 -0.0683441162109375
-0.00394248962402344 0.0133533477783203 0.32501220703125 0.16619873046875
-0.0283603668212891 0.0174160003662109 0.078857421875 0.453399658203125
-0.00897502899169922 -0.00916767120361328 -0.309600830078125 0.44024658203125
0.0106935501098633 -0.00993061065673828 -0.39794921875 0.115997314453125
0.0277919769287109 0.0148983001708984 0.00774002075195313 0.0482254028320313
0.0277462005615234 0.00729179382324219 0.4522705078125 -0.053131103515625
0.00524234771728516 -0.000227928161621094 0.3511962890625 -0.432342529296875
-0.0186214447021484 0.00118637084960938 -0.147003173828125 -0.451507568359375
-0.0158853530883789 0.006439208984375 -0.3411865234375 -0.10223388671875
0.00424098968505859 0.0110301971435547 -0.251678466796875 0.109909057617188
0.0145206451416016 0.00262451171875 -0.054840087890625 0.156906127929688
0.0055084228515625 -0.0101947784423828 0.0869598388671875 0.08660888671875
0.00556659698486328 -0.0137290954589844 -0.0604248046875 -0.10552978515625
0.0178661346435547 -0.000949859619140625 0.087188720703125 -0.146316528320313
0.0163431167602539 0.00685882568359375 0.250534057617188 -0.0683746337890625
-0.00384235382080078 0.0136756896972656 0.326141357421875 0.167877197265625
-0.0279865264892578 0.0174064636230469 0.077850341796875 0.45404052734375
-0.00877189636230469 -0.00901126861572266 -0.312042236328125 0.43988037109375
0.00856971740722656 -0.0105018615722656 -0.39727783203125 0.115753173828125
0.0253810882568359 0.0148487091064453 0.010162353515625 0.0486373901367188
0.0260543823242188 0.00681114196777344 0.455230712890625 -0.05279541015625
0.00474786758422852 -0.000104904174804688 0.35162353515625 -0.43218994140625
-0.0184230804443359 0.00200462341308593 -0.146575927734375 -0.451812744140625
-0.0152139663696289 0.00708770751953125 -0.340484619140625 -0.10137939453125
0.00412464141845703 0.0114784240722656 -0.251296997070313 0.111175537109375
0.0146102905273438 0.00239372253417969 -0.0537872314453125 0.15704345703125
0.00556087493896485 -0.0110712051391602 0.0884017944335938 0.0863876342773438
0.00386714935302734 -0.0123119354248047 -0.0616607666015625 -0.105148315429688
0.0178794860839844 -0.000936508178710938 0.0877685546875 -0.14599609375
0.0157318115234375 0.00737190246582031 0.251144409179688 -0.0660247802734375
-0.00417518615722656 0.0147819519042969 0.3238525390625 0.170501708984375
-0.0272483825683594 0.0175228118896484 0.074615478515625 0.454803466796875
-0.00812244415283203 -0.00909805297851563 -0.31475830078125 0.438568115234375
0.00834941864013672 -0.00987625122070313 -0.396575927734375 0.113739013671875
0.0232715606689453 0.0139541625976563 0.0125770568847656 0.0495872497558594
0.0252285003662109 0.00642013549804688 0.455810546875 -0.055511474609375
0.00545597076416016 0.000267505645751953 0.3497314453125 -0.43450927734375
-0.0175609588623047 0.00263118743896485 -0.1480712890625 -0.450286865234375
-0.0158576965332031 0.00763607025146484 -0.3406982421875 -0.09912109375
0.00342273712158203 0.0116310119628906 -0.2491455078125 0.11151123046875
0.0141239166259766 0.00302219390869141 -0.052459716796875 0.157516479492188
0.00465011596679688 -0.0102376937866211 0.0891571044921875 0.087249755859375
0.00183582305908203 -0.0120439529418945 -0.0637741088867188 -0.103363037109375
0.0170917510986328 -0.000174522399902344 0.0875701904296875 -0.145751953125
0.0148191452026367 0.00912761688232422 0.251068115234375 -0.064300537109375
-0.00425529479980469 0.0152463912963867 0.322967529296875 0.173492431640625
-0.0266017913818359 0.0176868438720703 0.067657470703125 0.458648681640625
-0.00651264190673828 -0.00954532623291016 -0.318634033203125 0.4388427734375
0.00775814056396484 -0.0103025436401367 -0.3966064453125 0.11224365234375
0.0226650238037109 0.0130252838134766 0.0166168212890625 0.0505638122558594
0.0249137878417969 0.00551033020019531 0.457855224609375 -0.059844970703125
0.00475311279296875 0.000529766082763672 0.34539794921875 -0.438873291015625
-0.0170812606811523 0.0026998519897461 -0.1519775390625 -0.4486083984375
-0.0149593353271484 0.00803089141845703 -0.341461181640625 -0.0960083007812501
0.00326728820800781 0.0119113922119141 -0.247222900390625 0.112808227539063
0.0133428573608398 0.00312519073486328 -0.0507354736328125 0.156082153320313
0.00295829772949219 -0.00958347320556641 0.0911331176757813 0.0852890014648438
0.000457763671874999 -0.0122051239013672 -0.0633544921875 -0.103660583496094
0.0173931121826172 0.00175857543945312 0.0899200439453125 -0.145294189453125
0.0143642425537109 0.00890445709228515 0.251815795898438 -0.06201171875
-0.00519275665283203 0.0149803161621094 0.320465087890625 0.178802490234375
-0.0263271331787109 0.0170822143554688 0.06146240234375 0.45989990234375
-0.00591754913330078 -0.0093994140625 -0.323944091796875 0.434844970703125
0.00935268402099609 -0.00988483428955078 -0.394927978515625 0.110107421875
0.0241260528564453 0.0130195617675781 0.0211601257324219 0.0515060424804688
0.02557373046875 0.00594520568847656 0.459136962890625 -0.064300537109375
0.00626945495605469 6.81877136230469E-05 0.338714599609375 -0.441650390625
-0.0164709091186523 0.00293445587158203 -0.15838623046875 -0.444976806640625
-0.0160427093505859 0.00798320770263672 -0.342620849609375 -0.091278076171875
0.00292873382568359 0.0126304626464844 -0.246475219726562 0.115188598632813
0.0130796432495117 0.00442123413085938 -0.047760009765625 0.1561279296875
0.00018596649169922 -0.00898456573486328 0.0918807983398438 0.085906982421875
0.00404739379882813 -0.0125703811645508 -0.0577545166015625 -0.107513427734375
0.0174636840820313 0.000209808349609375 0.0862884521484375 -0.14892578125
0.0176982879638672 0.00496482849121094 0.250213623046875 -0.0691680908203125
-0.00570201873779297 0.0124969482421875 0.324493408203125 0.170806884765625
-0.0293159484863281 0.0146999359130859 0.0755615234375 0.458343505859375
-0.00468349456787109 -0.0110998153686523 -0.313751220703125 0.442596435546875
0.0182971954345703 -0.00994873046875 -0.397705078125 0.1177978515625
0.0371665954589844 0.0186080932617188 0.0126075744628906 0.0490341186523437
0.0341434478759766 0.00683021545410156 0.4490966796875 -0.06646728515625
0.00796651840209961 -0.00140237808227539 0.33074951171875 -0.443328857421875
-0.0191612243652344 0.00134468078613281 -0.166107177734375 -0.4464111328125
-0.0178756713867188 0.00623893737792968 -0.34716796875 -0.089569091796875
0.00504112243652344 0.00975990295410156 -0.249969482421875 0.118026733398437
0.0146446228027344 0.00299358367919922 -0.052001953125 0.155517578125
0.00150489807128906 -0.0091714859008789 0.088623046875 0.0831375122070313
0.00506496429443359 -0.0130300521850586 -0.0587387084960938 -0.107192993164062
0.0180454254150391 -0.000814437866210937 0.08489990234375 -0.148773193359375
0.0167999267578125 0.00503253936767578 0.2489013671875 -0.071319580078125
-0.00459957122802734 0.0128183364868164 0.3265380859375 0.165740966796875
-0.0285148620605469 0.0167751312255859 0.082672119140625 0.45703125
-0.00741767883300781 -0.0108108520507812 -0.30694580078125 0.44573974609375
0.0153102874755859 -0.0102605819702148 -0.397003173828125 0.1212158203125
0.03515625 0.0180320739746094 0.0100326538085938 0.0487709045410156
0.0331459045410156 0.00681686401367187 0.44879150390625 -0.063140869140625
0.00690317153930664 -0.000893592834472656 0.33587646484375 -0.441558837890625
-0.0182590484619141 0.00174331665039062 -0.161102294921875 -0.448486328125
-0.0165424346923828 0.00698947906494141 -0.34588623046875 -0.093475341796875
0.00457477569580078 0.00988292694091797 -0.251083374023438 0.11578369140625
0.0147161483764648 0.00138282775878906 -0.0533447265625 0.157119750976563
0.00333786010742188 -0.0096597671508789 0.0873870849609375 0.0836181640625
0.00544071197509766 -0.0123863220214844 -0.059814453125 -0.106391906738281
0.0180168151855469 -0.00218772888183594 0.083251953125 -0.149307250976563
0.0174226760864258 0.00475025177001953 0.249130249023437 -0.073699951171875
-0.00422763824462891 0.0131464004516602 0.327972412109375 0.163604736328125
-0.0279502868652344 0.0166988372802734 0.086883544921875 0.4547119140625
-0.00784111022949219 -0.00997066497802734 -0.30426025390625 0.445831298828125
0.012974739074707 -0.00997829437255859 -0.397613525390625 0.121826171875
0.0315036773681641 0.0157890319824219 0.00844955444335938 0.0483779907226563
0.0311908721923828 0.00664901733398438 0.44970703125 -0.05999755859375
0.00687026977539062 -0.000835418701171875 0.34027099609375 -0.439300537109375
-0.0193672180175781 0.00193405151367188 -0.15826416015625 -0.44952392578125
-0.0159091949462891 0.00693130493164062 -0.3447265625 -0.095489501953125
0.00457382202148438 0.0104265213012695 -0.25018310546875 0.116256713867187
0.0143556594848633 0.00282573699951172 -0.05328369140625 0.157852172851562
0.00416755676269531 -0.0104484558105469 0.0881271362304687 0.0847549438476562
0.00560092926025391 -0.0128860473632813 -0.06207275390625 -0.105659484863281
0.0182952880859375 -0.0018768310546875 0.0841522216796875 -0.14923095703125
0.0167818069458008 0.00628376007080078 0.250244140625 -0.0738525390625
-0.00447273254394531 0.0133113861083984 0.329254150390625 0.161468505859375
-0.0275096893310547 0.0169467926025391 0.087646484375 0.45404052734375
-0.00804519653320313 -0.00958728790283203 -0.301513671875 0.4461669921875
0.0104560852050781 -0.0107593536376953 -0.39556884765625 0.122894287109375
0.0275211334228516 0.0157279968261719 0.00815200805664063 0.0482673645019531
0.0288448333740234 0.00671005249023438 0.452301025390625 -0.060272216796875
0.00634002685546875 0.000184535980224609 0.343017578125 -0.43804931640625
-0.0188617706298828 0.00208663940429688 -0.15557861328125 -0.44976806640625
-0.0163249969482422 0.00799560546875 -0.344085693359375 -0.095794677734375
0.00455570220947266 0.0109539031982422 -0.249420166015625 0.1158447265625
0.0146207809448242 0.00184059143066406 -0.052154541015625 0.158279418945313
0.00472927093505859 -0.0103235244750977 0.088226318359375 0.084716796875
0.00466823577880859 -0.0138816833496094 -0.0625991821289062 -0.10467529296875
0.0173969268798828 -0.00199317932128906 0.08453369140625 -0.14825439453125
0.0166559219360352 0.00668811798095703 0.250534057617188 -0.0738983154296875
-0.00426197052001953 0.0143556594848633 0.32861328125 0.162200927734375
-0.0274162292480469 0.0181140899658203 0.086669921875 0.454437255859375
-0.00839328765869141 -0.00899028778076172 -0.302032470703125 0.446685791015625
0.00760650634765625 -0.0103387832641602 -0.394805908203125 0.122833251953125
0.0246353149414062 0.0146827697753906 0.00968551635742188 0.0491371154785156
0.0260143280029297 0.00690460205078125 0.453826904296875 -0.059844970703125
0.00566720962524414 -0.000200271606445312 0.345306396484375 -0.4393310546875
-0.0178871154785156 0.00308036804199219 -0.15447998046875 -0.45013427734375
-0.0158920288085938 0.00737953186035156 -0.3428955078125 -0.0953979492187499
0.00432395935058594 0.0110340118408203 -0.248764038085937 0.11651611328125
0.0144519805908203 0.00163173675537109 -0.051513671875 0.158187866210938
0.00478935241699219 -0.0104503631591797 0.0897216796875 0.0858078002929688
0.00331783294677734 -0.0133962631225586 -0.0643463134765625 -0.105049133300781
0.0169763565063477 -0.00116348266601562 0.085693359375 -0.148406982421875
0.016148567199707 0.00636005401611328 0.250289916992188 -0.071990966796875
-0.00413417816162109 0.015049934387207 0.328582763671875 0.165496826171875
-0.0267505645751953 0.0185890197753906 0.082794189453125 0.456329345703125
-0.00824832916259766 -0.00943374633789063 -0.306182861328125 0.444671630859375
0.00746726989746094 -0.0106878280639648 -0.3944091796875 0.12030029296875
0.023529052734375 0.0131378173828125 0.0132560729980469 0.049713134765625
0.0248908996582031 0.00640869140625 0.455657958984375 -0.06158447265625
0.00521516799926758 0.000373363494873047 0.34344482421875 -0.44024658203125
-0.0168113708496094 0.00335693359375 -0.155120849609375 -0.447265625
-0.0151557922363281 0.00790882110595703 -0.343170166015625 -0.0933227539062499
0.004180908203125 0.0113134384155273 -0.247879028320312 0.1168212890625
0.0139875411987305 0.00252151489257813 -0.0496826171875 0.158889770507812
0.00387477874755859 -0.0105409622192383 0.090667724609375 0.0853805541992188
0.000892639160156249 -0.0120944976806641 -0.0661544799804688 -0.103179931640625
0.0165128707885742 -0.000422477722167969 0.0848541259765625 -0.147415161132812
0.0146017074584961 0.00806999206542969 0.251007080078125 -0.068572998046875
-0.00414562225341797 0.0151777267456055 0.326629638671875 0.168365478515625
-0.0252914428710938 0.0175552368164062 0.078399658203125 0.45880126953125
-0.00739574432373047 -0.00908660888671875 -0.3125 0.4454345703125
0.00691509246826172 -0.0106229782104492 -0.39471435546875 0.118408203125
0.0223426818847656 0.0128154754638672 0.0173721313476563 0.0499229431152344
0.0251884460449219 0.0056304931640625 0.459075927734375 -0.066162109375
0.00552082061767578 0.000449180603027344 0.337738037109375 -0.4447021484375
-0.0162935256958008 0.00299739837646485 -0.160125732421875 -0.44647216796875
-0.015110969543457 0.00825977325439453 -0.343292236328125 -0.0898132324218751
0.00347328186035156 0.0123796463012695 -0.245941162109375 0.118560791015625
0.0137758255004883 0.00314903259277344 -0.047698974609375 0.157379150390625
0.00252246856689453 -0.00960254669189453 0.0925750732421875 0.0841598510742188
-0.000532150268554687 -0.0117883682250977 -0.065185546875 -0.103652954101563
0.016387939453125 0.000573158264160156 0.0868377685546875 -0.147125244140625
0.0139484405517578 0.00834941864013672 0.250823974609375 -0.0667724609375
-0.00542545318603516 0.0150327682495117 0.324554443359375 0.172271728515625
-0.0255393981933594 0.0178680419921875 0.0708312988281251 0.46051025390625
-0.00561332702636719 -0.00901603698730469 -0.3167724609375 0.441864013671875
0.00923538208007812 -0.0101070404052734 -0.39398193359375 0.1168212890625
0.0236377716064453 0.0130329132080078 0.0213661193847656 0.0513992309570312
0.0262413024902344 0.00507354736328125 0.456939697265625 -0.07122802734375
0.00645542144775391 0.000458717346191406 0.332733154296875 -0.44671630859375
-0.0159158706665039 0.00403785705566406 -0.167449951171875 -0.4412841796875
-0.0155963897705078 0.00848388671875 -0.34417724609375 -0.085205078125
0.00313949584960937 0.0124244689941406 -0.24468994140625 0.119857788085938
0.0132513046264648 0.00403881072998047 -0.044952392578125 0.157623291015625
0.000146865844726562 -0.00926303863525391 0.093048095703125 0.0844802856445312
0.00364017486572265 -0.0117006301879883 -0.0588455200195313 -0.106185913085938
0.0177249908447266 -0.00048828125 0.083282470703125 -0.150543212890625
0.0165834426879883 0.00518035888671875 0.248611450195313 -0.0733184814453125
-0.00566959381103516 0.0128068923950195 0.328338623046875 0.164764404296875
-0.0283679962158203 0.0160884857177734 0.083099365234375 0.456298828125
-0.00499343872070313 -0.0100584030151367 -0.30584716796875 0.4482421875
0.0170660018920898 -0.00983810424804688 -0.393829345703125 0.1253662109375
0.0375709533691406 0.0176200866699219 0.0126533508300781 0.0484046936035156
0.0356521606445313 0.00555038452148438 0.446380615234375 -0.0732421875
0.00968647003173828 -0.001251220703125 0.32354736328125 -0.44683837890625
-0.0188331604003906 0.00209808349609375 -0.17413330078125 -0.44268798828125
-0.0173931121826172 0.00666999816894532 -0.34893798828125 -0.0845947265625
0.00488376617431641 0.010498046875 -0.248092651367187 0.122207641601563
0.0151739120483398 0.00332355499267578 -0.0486907958984375 0.157577514648438
0.00104808807373047 -0.00917625427246094 0.0900497436523438 0.082122802734375
0.00432014465332031 -0.012629508972168 -0.0605392456054688 -0.105995178222656
0.0178565979003906 -0.00153923034667969 0.082061767578125 -0.149627685546875
0.0169744491577148 0.00407314300537109 0.248306274414063 -0.0758514404296875
-0.00537681579589844 0.0120754241943359 0.329559326171875 0.15948486328125
-0.0283718109130859 0.0167331695556641 0.0901489257812501 0.45562744140625
-0.00660419464111328 -0.0111579895019531 -0.298065185546875 0.451080322265625
0.0149917602539062 -0.0102729797363281 -0.393585205078125 0.127105712890625
0.03436279296875 0.0164909362792969 0.0104293823242188 0.0483207702636719
0.0331954956054688 0.00667190551757813 0.446075439453125 -0.069244384765625
0.00765609741210938 -0.00150346755981445 0.329437255859375 -0.4468994140625
-0.0190753936767578 0.00207901000976562 -0.16845703125 -0.44427490234375
-0.0176010131835938 0.00694847106933593 -0.3480224609375 -0.0867919921875
0.00613307952880859 0.0102968215942383 -0.247970581054687 0.122268676757813
0.0145835876464844 0.00198173522949219 -0.05023193359375 0.158035278320312
0.00284099578857422 -0.00919818878173828 0.0884857177734375 0.0824661254882813
0.00368690490722656 -0.0132303237915039 -0.0617141723632813 -0.105087280273438
0.0171594619750977 -0.00177001953125 0.08099365234375 -0.151229858398438
0.0171222686767578 0.00461387634277344 0.248123168945313 -0.0780181884765625
-0.00431060791015625 0.0128946304321289 0.330718994140625 0.15728759765625
-0.028076171875 0.0167827606201172 0.09564208984375 0.452667236328125
-0.00756168365478516 -0.0101537704467773 -0.295135498046875 0.45074462890625
0.011387825012207 -0.0108213424682617 -0.394134521484375 0.127960205078125
0.0314521789550781 0.0160408020019531 0.00883865356445313 0.0476341247558594
0.0310554504394531 0.0060272216796875 0.448333740234375 -0.0675048828125
0.00680732727050781 -0.000710487365722656 0.33258056640625 -0.444427490234375
-0.0190944671630859 0.001251220703125 -0.16461181640625 -0.446685791015625
-0.0166110992431641 0.00739574432373047 -0.345947265625 -0.0882568359375
0.00516605377197266 0.0109643936157227 -0.247451782226562 0.121139526367188
0.015528678894043 0.00143814086914063 -0.0502777099609375 0.15936279296875
0.00331878662109375 -0.0104646682739258 0.0892791748046875 0.0833892822265625
0.00481700897216797 -0.0131330490112305 -0.0630035400390625 -0.104515075683594
0.0164394378662109 -0.00204086303710938 0.0811920166015625 -0.150177001953125
0.0167007446289063 0.00506973266601563 0.248275756835938 -0.0782623291015625
-0.00442028045654297 0.0135068893432617 0.3319091796875 0.154876708984375
-0.0265655517578125 0.01812744140625 0.096771240234375 0.4527587890625
-0.00858592987060547 -0.00988101959228515 -0.29241943359375 0.4508056640625
0.00889968872070313 -0.0105514526367188 -0.3935546875 0.1290283203125
0.02789306640625 0.0144863128662109 0.00870895385742188 0.046905517578125
0.0277900695800781 0.00648307800292969 0.449737548828125 -0.0667724609375
0.00520706176757813 0.000305652618408203 0.3363037109375 -0.442779541015625
-0.0184879302978516 0.00273704528808594 -0.16363525390625 -0.445526123046875
-0.015690803527832 0.00708961486816406 -0.3453369140625 -0.09027099609375
0.00507068634033203 0.0111551284790039 -0.2479248046875 0.121368408203125
0.0146274566650391 0.000936508178710937 -0.04931640625 0.160476684570313
0.00418376922607422 -0.0110607147216797 0.0898284912109375 0.0839691162109375
0.0040750503540039 -0.0136585235595703 -0.0649032592773438 -0.104026794433594
0.017369270324707 -0.00152206420898438 0.080810546875 -0.150604248046875
0.0155744552612305 0.00568199157714844 0.24884033203125 -0.078094482421875
-0.00433826446533203 0.013890266418457 0.331939697265625 0.157012939453125
-0.0270233154296875 0.0184555053710938 0.096099853515625 0.453216552734375
-0.00851249694824219 -0.00905132293701172 -0.294219970703125 0.451080322265625
0.00761604309082031 -0.0102338790893555 -0.393524169921875 0.128509521484375
0.025482177734375 0.0135650634765625 0.0109519958496094 0.0484619140625
0.0264625549316406 0.006744384765625 0.45391845703125 -0.06634521484375
0.00571489334106445 0.000301361083984375 0.3355712890625 -0.442840576171875
-0.0178794860839844 0.00275802612304687 -0.16278076171875 -0.446929931640625
-0.0161066055297852 0.0087423324584961 -0.344818115234375 -0.0885009765625
0.00406742095947266 0.0109939575195313 -0.246414184570313 0.12127685546875
0.0149755477905273 0.000914573669433594 -0.0478668212890625 0.160293579101563
0.00429630279541016 -0.0108280181884766 0.0903396606445313 0.0832366943359375
0.00223827362060547 -0.0126724243164062 -0.0658645629882812 -0.103752136230469
0.0167942047119141 -0.00212955474853516 0.082489013671875 -0.150161743164063
0.0151243209838867 0.00687408447265625 0.2489013671875 -0.0768585205078125
-0.00379848480224609 0.0157842636108398 0.33172607421875 0.16064453125
-0.0264835357666016 0.0189857482910156 0.0921630859375 0.454345703125
-0.00778341293334961 -0.00869035720825195 -0.29742431640625 0.449981689453125
0.00609016418457031 -0.00969600677490234 -0.392120361328125 0.126617431640625
0.0228366851806641 0.0122356414794922 0.0140151977539062 0.0485038757324219
0.0250511169433594 0.00591850280761719 0.45355224609375 -0.069915771484375
0.00616884231567383 9.63211059570313E-05 0.335235595703125 -0.445831298828125
-0.0171756744384766 0.00386619567871094 -0.163543701171875 -0.44549560546875
-0.0158138275146484 0.00871372222900391 -0.344635009765625 -0.0865478515625
0.00394535064697266 0.0113258361816406 -0.2457275390625 0.121871948242188
0.013981819152832 0.00216865539550781 -0.04644775390625 0.159530639648437
0.00243282318115235 -0.0102357864379883 0.0914306640625 0.084197998046875
7.43865966796865E-05 -0.0120363235473633 -0.0682525634765625 -0.101524353027344
0.015711784362793 -0.00156688690185547 0.0820770263671875 -0.149444580078125
0.0148468017578125 0.00818061828613281 0.24884033203125 -0.07330322265625
-0.00435733795166016 0.0157814025878906 0.330535888671875 0.162933349609375
-0.0249195098876953 0.0183563232421875 0.0865478515625 0.455596923828125
-0.00708723068237305 -0.00865316390991211 -0.302764892578125 0.449859619140625
0.006072998046875 -0.0098114013671875 -0.392120361328125 0.125885009765625
0.0217647552490234 0.0121536254882813 0.0178031921386719 0.04962158203125
0.0251922607421875 0.0051116943359375 0.455535888671875 -0.07415771484375
0.00574254989624023 0.00069427490234375 0.3310546875 -0.447662353515625
-0.0165834426879883 0.00403785705566406 -0.16864013671875 -0.44146728515625
-0.0151348114013672 0.009246826171875 -0.344573974609375 -0.0842895507812499
0.00384521484375 0.0118846893310547 -0.2430419921875 0.122512817382812
0.0135250091552734 0.00257015228271484 -0.0454864501953125 0.158279418945313
0.00130271911621094 -0.010101318359375 0.0926055908203125 0.0826950073242188
-0.00152969360351563 -0.0119524002075195 -0.06732177734375 -0.101852416992188
0.0161027908325195 0.000380516052246094 0.0841064453125 -0.148880004882813
0.0144529342651367 0.00801467895507813 0.249237060546875 -0.0714569091796875
-0.0047454833984375 0.0161571502685547 0.327880859375 0.167449951171875
-0.0250644683837891 0.0182628631591797 0.079803466796875 0.45867919921875
-0.00506305694580078 -0.00885581970214844 -0.308380126953125 0.446807861328125
0.00766086578369141 -0.0100250244140625 -0.390472412109375 0.123443603515625
0.0230598449707031 0.0126380920410156 0.0218467712402344 0.0505752563476562
0.02581787109375 0.00504493713378906 0.455810546875 -0.077972412109375
0.00705385208129883 0.00135135650634766 0.323974609375 -0.451324462890625
-0.0158634185791016 0.00437450408935547 -0.17437744140625 -0.437347412109375
-0.0159263610839844 0.00916576385498047 -0.346221923828125 -0.078277587890625
0.00336456298828125 0.0120477676391602 -0.242507934570312 0.125152587890625
0.0132656097412109 0.00338268280029297 -0.0428466796875 0.158233642578125
-0.000647544860839844 -0.00919723510742188 0.0944595336914063 0.0832901000976563
0.00256824493408203 -0.0122489929199219 -0.0609512329101563 -0.105216979980469
0.0170650482177734 -0.000136375427246094 0.08050537109375 -0.151748657226563
0.0158729553222656 0.00427722930908203 0.24688720703125 -0.078094482421875
-0.00649738311767578 0.0119247436523437 0.329833984375 0.15911865234375
-0.0268669128417969 0.0167045593261719 0.093505859375 0.45562744140625
-0.00475120544433594 -0.0110006332397461 -0.295440673828125 0.45184326171875
0.0164022445678711 -0.0104055404663086 -0.390777587890625 0.1302490234375
0.0369338989257813 0.0169868469238281 0.0135688781738281 0.0471878051757813
0.0350112915039062 0.00605964660644531 0.44464111328125 -0.080535888671875
0.00843429565429688 -0.00149631500244141 0.31451416015625 -0.45068359375
-0.0193920135498047 0.00262260437011719 -0.180267333984375 -0.43878173828125
-0.0175762176513672 0.00712776184082032 -0.348876953125 -0.077362060546875
0.00531291961669922 0.0100517272949219 -0.244384765625 0.127548217773437
0.0148954391479492 0.00241279602050781 -0.0455322265625 0.157806396484375
0.000650882720947266 -0.00868797302246094 0.0898590087890625 0.0807266235351563
0.00293922424316406 -0.0129737854003906 -0.0624847412109375 -0.104537963867188
0.0169878005981445 -0.00143241882324219 0.079315185546875 -0.152603149414062
0.0157556533813477 0.00427341461181641 0.246627807617187 -0.0809783935546875
-0.00507259368896484 0.0123558044433594 0.33184814453125 0.154571533203125
-0.0269584655761719 0.01678466796875 0.099578857421875 0.45306396484375
-0.00623703002929688 -0.0101747512817383 -0.288848876953125 0.453643798828125
0.014378547668457 -0.0104360580444336 -0.389739990234375 0.13275146484375
0.0344657897949219 0.0162391662597656 0.0102424621582031 0.0476455688476563
0.0334892272949219 0.00550270080566406 0.4443359375 -0.07684326171875
0.00739908218383789 -0.00132465362548828 0.319671630859375 -0.448822021484375
-0.0194816589355469 0.00248336791992187 -0.176116943359375 -0.439910888671875
-0.0178031921386719 0.00738334655761719 -0.34893798828125 -0.0798339843749999
0.00477313995361328 0.00950050354003906 -0.24456787109375 0.126922607421875
0.015289306640625 0.00230026245117188 -0.0472259521484375 0.158935546875
0.00189781188964844 -0.0103731155395508 0.089752197265625 0.0801467895507813
0.00376510620117187 -0.0139694213867187 -0.0634231567382813 -0.104667663574219
0.0167980194091797 -0.00255966186523438 0.0775604248046875 -0.152053833007812
0.0162782669067383 0.00369453430175781 0.2457275390625 -0.0831756591796875
-0.00429821014404297 0.0126609802246094 0.333251953125 0.150909423828125
-0.0271873474121094 0.0177993774414063 0.103515625 0.45001220703125
-0.00725936889648437 -0.0100021362304687 -0.285675048828125 0.454620361328125
0.0106182098388672 -0.0108804702758789 -0.390472412109375 0.133056640625
0.0307712554931641 0.0151252746582031 0.00934219360351562 0.0472679138183594
0.0316047668457031 0.00625038146972656 0.4456787109375 -0.073333740234375
0.00677061080932617 -0.000693798065185547 0.32452392578125 -0.447235107421875
-0.0181884765625 0.00316047668457032 -0.172760009765625 -0.4412841796875
-0.0163202285766602 0.00768756866455078 -0.346221923828125 -0.0821228027343749
0.00497817993164062 0.00994968414306641 -0.245147705078125 0.125778198242188
0.0144033432006836 0.00179862976074219 -0.047637939453125 0.160247802734375
0.00272464752197266 -0.0109891891479492 0.0896835327148438 0.0822906494140625
0.0044260025024414 -0.0136928558349609 -0.0657958984375 -0.103523254394531
0.0171260833740234 -0.00249290466308594 0.0787353515625 -0.151336669921875
0.0166044235229492 0.00515174865722656 0.246002197265625 -0.083770751953125
-0.00397014617919922 0.0139808654785156 0.333831787109375 0.148773193359375
-0.0264549255371094 0.0179023742675781 0.105712890625 0.449981689453125
-0.00831127166748047 -0.00906085968017578 -0.28399658203125 0.454803466796875
0.00849151611328125 -0.010563850402832 -0.390228271484375 0.134368896484375
0.0268363952636719 0.0141830444335938 0.00994491577148437 0.0473403930664063
0.0285739898681641 0.00632286071777344 0.446441650390625 -0.072967529296875
0.00628185272216797 0.000277996063232422 0.32635498046875 -0.446929931640625
-0.0180091857910156 0.00363349914550781 -0.169219970703125 -0.4415283203125
-0.0163536071777344 0.00744247436523438 -0.34539794921875 -0.083221435546875
0.00448417663574219 0.0106639862060547 -0.24383544921875 0.124771118164063
0.0143337249755859 0.00107574462890625 -0.0465240478515625 0.161224365234375
0.00344085693359375 -0.0102157592773438 0.0901412963867187 0.081390380859375
0.00284099578857422 -0.0129528045654297 -0.0671539306640625 -0.102828979492188
0.0167570114135742 -0.00257110595703125 0.07763671875 -0.151351928710938
0.015873908996582 0.00560283660888672 0.247299194335938 -0.08233642578125
-0.00350666046142578 0.0147333145141602 0.334381103515625 0.15155029296875
-0.0252609252929688 0.0190143585205078 0.1043701171875 0.44964599609375
-0.00815153121948242 -0.00876951217651367 -0.28564453125 0.454742431640625
0.00631427764892578 -0.0101995468139648 -0.388458251953125 0.133087158203125
0.0245285034179688 0.0130329132080078 0.0116004943847656 0.0481452941894531
0.0264492034912109 0.00578689575195313 0.449310302734375 -0.072601318359375
0.00651216506958008 0.000407218933105469 0.3282470703125 -0.447601318359375
-0.0174150466918945 0.00369453430175781 -0.170013427734375 -0.441558837890625
-0.0159463882446289 0.00852489471435547 -0.3450927734375 -0.082122802734375
0.00464439392089844 0.0113344192504883 -0.24346923828125 0.125335693359375
0.0143251419067383 0.00193881988525391 -0.045318603515625 0.161209106445313
0.0030517578125 -0.0101432800292969 0.0914077758789063 0.0827865600585938
0.00153732299804688 -0.0132379531860352 -0.0676651000976562 -0.102226257324219
0.016291618347168 -0.00212478637695313 0.0793609619140625 -0.151092529296875
0.0149621963500977 0.00631427764892578 0.247222900390625 -0.081695556640625
-0.00400352478027344 0.0153522491455078 0.3341064453125 0.153839111328125
-0.0245227813720703 0.0191516876220703 0.1004638671875 0.45123291015625
-0.00714635848999023 -0.00843954086303711 -0.289276123046875 0.453643798828125
0.00578880310058594 -0.0102624893188477 -0.388092041015625 0.132476806640625
0.0222225189208984 0.0123729705810547 0.0148353576660156 0.0484085083007813
0.0257530212402344 0.00492286682128906 0.451568603515625 -0.07598876953125
0.00600767135620117 0.000154018402099609 0.3271484375 -0.44775390625
-0.0172319412231445 0.00461769104003906 -0.1705322265625 -0.44036865234375
-0.0157918930053711 0.00891876220703125 -0.344757080078125 -0.0800170898437499
0.00461292266845703 0.0110645294189453 -0.242324829101563 0.126480102539063
0.0142879486083984 0.00162887573242188 -0.0436553955078125 0.160629272460937
0.00166130065917969 -0.0103302001953125 0.0916595458984375 0.08221435546875
-0.000395774841308594 -0.0121889114379883 -0.0687332153320313 -0.10015869140625
0.0152454376220703 -0.00183677673339844 0.0789947509765625 -0.150787353515625
0.0144462585449219 0.00741386413574219 0.247161865234375 -0.07891845703125
-0.00467777252197266 0.0154218673706055 0.332611083984375 0.15765380859375
-0.0237808227539063 0.0189094543457031 0.09454345703125 0.454803466796875
-0.00650453567504883 -0.00818014144897461 -0.2933349609375 0.453643798828125
0.00519180297851562 -0.0105552673339844 -0.388763427734375 0.130157470703125
0.0215606689453125 0.0114841461181641 0.0182075500488281 0.04901123046875
0.0253486633300781 0.00489234924316406 0.452484130859375 -0.080322265625
0.00622272491455078 0.000541210174560547 0.320648193359375 -0.452301025390625
-0.0159444808959961 0.00469875335693359 -0.175628662109375 -0.43780517578125
-0.0146160125732422 0.00936222076416016 -0.34588623046875 -0.0765380859375001
0.00395679473876953 0.011876106262207 -0.240524291992188 0.127883911132813
0.0141134262084961 0.00253772735595703 -0.04144287109375 0.1591796875
0.000664710998535157 -0.00934886932373047 0.0936126708984375 0.080963134765625
-0.00237846374511719 -0.0116786956787109 -0.0687637329101563 -0.100799560546875
0.0149974822998047 0.000288963317871094 0.08111572265625 -0.150390625
0.0135297775268555 0.007843017578125 0.24786376953125 -0.07666015625
-0.00513839721679688 0.0155181884765625 0.33038330078125 0.1611328125
-0.0236568450927734 0.0191078186035156 0.088623046875 0.455963134765625
-0.00477409362792969 -0.00879859924316406 -0.29925537109375 0.450469970703125
0.00670623779296875 -0.00995731353759766 -0.387664794921875 0.129058837890625
0.0226173400878906 0.0120429992675781 0.0231132507324219 0.0500450134277344
0.0258712768554688 0.00451278686523438 0.45068359375 -0.08465576171875
0.00745153427124023 0.000694751739501953 0.31494140625 -0.45513916015625
-0.0155735015869141 0.00505256652832032 -0.18115234375 -0.435028076171875
-0.0159130096435547 0.0097208023071289 -0.346435546875 -0.07275390625
0.00340938568115234 0.0122041702270508 -0.23858642578125 0.13018798828125
0.0129785537719727 0.00389194488525391 -0.0397186279296875 0.159317016601563
-0.0013885498046875 -0.00931358337402344 0.0947189331054688 0.0810089111328125
0.00151729583740234 -0.0120372772216797 -0.0625991821289062 -0.104850769042969
0.0156993865966797 -0.000985145568847656 0.0770721435546875 -0.153182983398437
0.0159683227539063 0.00450515747070313 0.244674682617188 -0.08172607421875
-0.00561904907226562 0.0120334625244141 0.3310546875 0.152618408203125
-0.0269432067871094 0.0173377990722656 0.100860595703125 0.45123291015625
-0.00382804870605469 -0.010004997253418 -0.288421630859375 0.45330810546875
0.0158882141113281 -0.0101099014282227 -0.386474609375 0.134735107421875
0.0361480712890625 0.0158157348632813 0.0135231018066406 0.0472068786621094
0.0355911254882813 0.00505447387695313 0.43988037109375 -0.084716796875
0.00919628143310547 -0.00137424468994141 0.30633544921875 -0.4532470703125
-0.0188045501708984 0.00300979614257812 -0.187774658203125 -0.432098388671875
-0.0175762176513672 0.00819587707519531 -0.34881591796875 -0.070404052734375
0.00495052337646484 0.0100975036621094 -0.241073608398437 0.131881713867188
0.0150871276855469 0.00234222412109375 -0.0421295166015625 0.159286499023438
-0.000145912170410157 -0.00860834121704102 0.0911026000976563 0.0783538818359375
0.00178432464599609 -0.0122928619384766 -0.0637893676757813 -0.103080749511719
0.0164117813110352 -0.00225448608398437 0.0760498046875 -0.153106689453125
0.0153493881225586 0.00405979156494141 0.24365234375 -0.084259033203125
-0.00480747222900391 0.0121307373046875 0.333648681640625 0.148956298828125
-0.0255222320556641 0.0176639556884766 0.106201171875 0.449310302734375
-0.00537490844726562 -0.0101633071899414 -0.280120849609375 0.4564208984375
0.0122699737548828 -0.0101604461669922 -0.386566162109375 0.1365966796875
0.033538818359375 0.0154762268066406 0.0109481811523438 0.0469779968261719
0.0330715179443359 0.00581932067871094 0.440826416015625 -0.082489013671875
0.00887680053710938 -0.00168895721435547 0.312042236328125 -0.45159912109375
-0.0183696746826172 0.00432395935058594 -0.181671142578125 -0.435791015625
-0.0167245864868164 0.00776481628417968 -0.34808349609375 -0.074737548828125
0.00541400909423828 0.00950050354003906 -0.241851806640625 0.129867553710938
0.0150814056396484 0.00168991088867188 -0.0453643798828125 0.159744262695313
0.00157070159912109 -0.00992965698242188 0.0901336669921875 0.07916259765625
0.00330924987792969 -0.0135622024536133 -0.0658645629882813 -0.102874755859375
0.0173301696777344 -0.00305366516113281 0.0746307373046875 -0.153076171875
0.0160818099975586 0.00413036346435547 0.24310302734375 -0.0875701904296875
-0.0040130615234375 0.0136003494262695 0.334686279296875 0.14501953125
-0.0246620178222656 0.0181236267089844 0.111724853515625 0.444915771484375
-0.00708389282226562 -0.0106830596923828 -0.276397705078125 0.457305908203125
0.0108766555786133 -0.010676383972168 -0.386474609375 0.139068603515625
0.0301837921142578 0.0144748687744141 0.00984573364257813 0.0468292236328125
0.0317020416259766 0.00609397888183594 0.441741943359375 -0.080078125
0.00750017166137695 -0.000803947448730469 0.31732177734375 -0.448699951171875
-0.0177345275878906 0.00298309326171875 -0.1788330078125 -0.43682861328125
-0.0166540145874023 0.00761795043945312 -0.3465576171875 -0.07647705078125
0.00525856018066406 0.0107059478759766 -0.24188232421875 0.129730224609375
0.0158452987670898 0.00109291076660156 -0.0451507568359375 0.160125732421875
0.00235462188720703 -0.010523796081543 0.0907745361328125 0.0803985595703125
0.00300216674804688 -0.0134429931640625 -0.0672454833984375 -0.102882385253906
0.0158281326293945 -0.00245761871337891 0.074951171875 -0.152557373046875
0.0157918930053711 0.00443840026855469 0.24456787109375 -0.08673095703125
-0.00392055511474609 0.0138521194458008 0.33636474609375 0.14410400390625
-0.0251903533935547 0.0192909240722656 0.1124267578125 0.4462890625
-0.00773048400878906 -0.00928878784179688 -0.274383544921875 0.4566650390625
0.00775909423828125 -0.0101709365844727 -0.385589599609375 0.139495849609375
0.0267601013183594 0.0132846832275391 0.0101280212402344 0.04693603515625
0.0288734436035156 0.0052337646484375 0.44293212890625 -0.079071044921875
0.00669431686401367 -0.000629425048828125 0.319793701171875 -0.447967529296875
-0.0176029205322266 0.00408554077148438 -0.175933837890625 -0.436676025390625
-0.0160531997680664 0.00899028778076172 -0.345306396484375 -0.07708740234375
0.00497245788574219 0.00993919372558594 -0.240890502929688 0.12939453125
0.014984130859375 0.00152778625488281 -0.04345703125 0.160964965820313
0.00259876251220703 -0.0110397338867187 0.09100341796875 0.0791854858398438
0.00199699401855469 -0.0136451721191406 -0.0690460205078125 -0.101280212402344
0.0156173706054688 -0.00236320495605469 0.075469970703125 -0.152679443359375
0.0155229568481445 0.00553703308105469 0.244293212890625 -0.0867462158203125
-0.00437831878662109 0.0150432586669922 0.335723876953125 0.1456298828125
-0.0247802734375 0.0199527740478516 0.11260986328125 0.447265625
-0.00775003433227539 -0.00815439224243164 -0.275115966796875 0.457305908203125
0.00562381744384766 -0.010589599609375 -0.384674072265625 0.1395263671875
0.0241279602050781 0.0125045776367188 0.0119972229003906 0.0476341247558594
0.0265769958496094 0.00552940368652344 0.445770263671875 -0.0791015625
0.00693655014038086 0.000364780426025391 0.319305419921875 -0.448333740234375
-0.0172271728515625 0.00425052642822265 -0.17626953125 -0.437164306640625
-0.0153379440307617 0.00899982452392578 -0.344696044921875 -0.075836181640625
0.00483512878417969 0.0115032196044922 -0.23919677734375 0.12982177734375
0.0148029327392578 0.00140094757080078 -0.041717529296875 0.160568237304688
0.00189781188964844 -0.0105972290039063 0.0917892456054688 0.0799789428710938
0.000793457031250001 -0.0129327774047852 -0.0687713623046875 -0.101287841796875
0.0154056549072266 -0.00215339660644531 0.076446533203125 -0.151824951171875
0.0149021148681641 0.005950927734375 0.244964599609375 -0.08477783203125
-0.00442409515380859 0.0148515701293945 0.33551025390625 0.14764404296875
-0.0242385864257813 0.0194969177246094 0.107879638671875 0.447998046875
-0.00756597518920899 -0.00818443298339844 -0.280670166015625 0.456085205078125
0.00484657287597656 -0.0100679397583008 -0.38397216796875 0.137451171875
0.0218868255615234 0.0121212005615234 0.0149688720703125 0.0478858947753906
0.0249423980712891 0.00412750244140625 0.4471435546875 -0.082672119140625
0.00657749176025391 0.000575065612792969 0.31927490234375 -0.4495849609375
-0.0160512924194336 0.00510597229003906 -0.177703857421875 -0.43505859375
-0.0158872604370117 0.00939750671386718 -0.34503173828125 -0.074615478515625
0.00450611114501953 0.0111684799194336 -0.239013671875 0.130462646484375
0.0147333145141602 0.00166130065917969 -0.04071044921875 0.16156005859375
0.00116348266601563 -0.0105705261230469 0.0927352905273437 0.0803298950195313
-0.000893592834472655 -0.0119409561157227 -0.0708236694335938 -0.0988540649414062
0.0150308609008789 -0.00170135498046875 0.0767059326171875 -0.151565551757813
0.0138435363769531 0.00673198699951172 0.244964599609375 -0.082763671875
-0.00476741790771484 0.0157899856567383 0.33367919921875 0.1517333984375
-0.0235137939453125 0.0193157196044922 0.102996826171875 0.451263427734375
-0.0065155029296875 -0.00880908966064453 -0.2850341796875 0.456634521484375
0.00469684600830078 -0.0101537704467773 -0.384796142578125 0.135345458984375
0.0211849212646484 0.0111751556396484 0.0184707641601562 0.0483016967773438
0.0252361297607422 0.00403404235839844 0.4495849609375 -0.085296630859375
0.00708532333374023 0.000690937042236328 0.312957763671875 -0.454345703125
-0.0156421661376953 0.00524330139160156 -0.1810302734375 -0.432281494140625
-0.0153131484985352 0.00975131988525391 -0.345123291015625 -0.0714416503906251
0.00369739532470703 0.0119380950927734 -0.236602783203125 0.131011962890625
0.0138015747070313 0.00178813934326172 -0.0386962890625 0.159332275390625
0.000531196594238282 -0.00964069366455078 0.0942153930664063 0.0792770385742188
-0.00310516357421875 -0.0116901397705078 -0.0701751708984375 -0.0995712280273438
0.0147342681884766 0.000240325927734375 0.07830810546875 -0.151504516601563
0.0133018493652344 0.00790882110595703 0.245529174804687 -0.0797882080078125
-0.00551319122314453 0.0151863098144531 0.332061767578125 0.155487060546875
-0.0233535766601563 0.0191516876220703 0.09619140625 0.453094482421875
-0.00462532043457031 -0.00845766067504883 -0.290496826171875 0.453460693359375
0.00663185119628906 -0.00971221923828125 -0.384246826171875 0.133575439453125
0.02252197265625 0.0111141204833984 0.0233039855957031 0.0495109558105469
0.0263271331787109 0.0037841796875 0.447662353515625 -0.089447021484375
0.00822114944458008 0.000150203704833984 0.30657958984375 -0.456573486328125
-0.0152759552001953 0.00570011138916016 -0.188140869140625 -0.428741455078125
-0.0156965255737305 0.010075569152832 -0.345977783203125 -0.0667114257812501
0.00335216522216797 0.011927604675293 -0.234664916992188 0.133392333984375
0.0135679244995117 0.00374889373779297 -0.0368499755859375 0.15972900390625
-0.00172805786132813 -0.0088958740234375 0.0951461791992188 0.0798187255859375
0.000275611877441407 -0.0119743347167969 -0.0641326904296875 -0.102867126464844
0.016261100769043 -0.000992774963378906 0.0742645263671875 -0.153823852539063
0.0159702301025391 0.00376796722412109 0.24261474609375 -0.0854339599609375
-0.00607585906982422 0.0126743316650391 0.331634521484375 0.14715576171875
-0.0258750915527344 0.0170974731445313 0.106689453125 0.44793701171875
-0.00423622131347656 -0.0103750228881836 -0.278076171875 0.454925537109375
0.0147504806518555 -0.0105533599853516 -0.382720947265625 0.137847900390625
0.0356025695800781 0.015167236328125 0.0144882202148438 0.0467796325683594
0.0348072052001953 0.00474357604980469 0.435638427734375 -0.08929443359375
0.00944423675537109 -0.00204181671142578 0.298370361328125 -0.453521728515625
-0.0171375274658203 0.00384998321533203 -0.192535400390625 -0.4259033203125
-0.0174331665039063 0.00777816772460937 -0.346923828125 -0.06494140625
0.00599384307861328 0.0101957321166992 -0.237411499023438 0.134735107421875
0.0153617858886719 0.0020599365234375 -0.040191650390625 0.158935546875
-0.000988006591796875 -0.00787782669067383 0.0914764404296875 0.07708740234375
0.00105667114257812 -0.0115785598754883 -0.0655593872070312 -0.102096557617187
0.0159721374511719 -0.00194263458251953 0.0734100341796875 -0.153732299804688
0.0166711807250977 0.00335884094238281 0.241363525390625 -0.088104248046875
-0.00584602355957031 0.0125608444213867 0.334381103515625 0.143218994140625
-0.0251369476318359 0.0178070068359375 0.1138916015625 0.445556640625
-0.00658226013183594 -0.00958919525146484 -0.272125244140625 0.456329345703125
0.0116405487060547 -0.00986099243164063 -0.382171630859375 0.140289306640625
0.0333900451660156 0.0151290893554687 0.0121917724609375 0.0455093383789063
0.0337638854980469 0.00561332702636719 0.435699462890625 -0.086517333984375
0.00875329971313477 -0.00133752822875977 0.303253173828125 -0.451751708984375
-0.0181751251220703 0.00296401977539062 -0.18731689453125 -0.430206298828125
-0.0168428421020508 0.00779247283935547 -0.346588134765625 -0.0681457519531249
0.00594043731689453 0.0108566284179688 -0.237823486328125 0.134552001953125
0.0151948928833008 0.0012359619140625 -0.0417938232421875 0.159271240234375
0.00115966796875 -0.00910663604736328 0.0903701782226563 0.0774917602539063
0.00205802917480469 -0.0125637054443359 -0.0676040649414063 -0.101829528808594
0.0150213241577148 -0.00274562835693359 0.07244873046875 -0.153472900390625
0.0149507522583008 0.00316715240478516 0.240280151367188 -0.0892791748046875
-0.00455570220947266 0.0132312774658203 0.33477783203125 0.139923095703125
-0.0246181488037109 0.0191822052001953 0.11871337890625 0.44232177734375
-0.00684356689453125 -0.0088958740234375 -0.266754150390625 0.457275390625
0.00893402099609375 -0.0105199813842773 -0.38189697265625 0.14410400390625
0.0296363830566406 0.0141220092773438 0.0103797912597656 0.04620361328125
0.0316600799560547 0.005035400390625 0.438262939453125 -0.084869384765625
0.00796079635620117 -0.00116157531738281 0.30889892578125 -0.449920654296875
-0.0172929763793945 0.00435733795166015 -0.184478759765625 -0.430877685546875
-0.0158395767211914 0.00879669189453125 -0.345794677734375 -0.0709838867187501
0.0055694580078125 0.0107278823852539 -0.237045288085937 0.13372802734375
0.0151033401489258 0.000737190246582031 -0.041046142578125 0.16107177734375
0.00158214569091797 -0.0108699798583984 0.0905609130859375 0.0778045654296875
0.00211048126220703 -0.0122699737548828 -0.0684127807617188 -0.101646423339844
0.0158615112304688 -0.00243377685546875 0.07232666015625 -0.153244018554688
0.0154542922973633 0.00479507446289062 0.240585327148438 -0.0911712646484375
-0.00385856628417969 0.0144577026367188 0.336181640625 0.138641357421875
-0.0249385833740234 0.0193119049072266 0.119171142578125 0.4417724609375
-0.0070791244506836 -0.00890064239501953 -0.26617431640625 0.45831298828125
0.00699234008789062 -0.009979248046875 -0.3807373046875 0.143646240234375
0.0267829895019531 0.0135307312011719 0.0107612609863281 0.0464553833007813
0.0285854339599609 0.00486183166503906 0.439971923828125 -0.084228515625
0.00726079940795898 -0.000661373138427734 0.31085205078125 -0.44927978515625
-0.0169248580932617 0.00403022766113281 -0.180999755859375 -0.43133544921875
-0.0155782699584961 0.00911235809326172 -0.344940185546875 -0.071441650390625
0.00468635559082031 0.0107431411743164 -0.236770629882813 0.13262939453125
0.0145416259765625 0.000986099243164063 -0.0401153564453125 0.161087036132813
0.00103950500488281 -0.0105485916137695 0.091064453125 0.0790939331054688
0.000795364379882812 -0.0132455825805664 -0.0701522827148438 -0.100227355957031
0.0151634216308594 -0.002410888671875 0.0728759765625 -0.153091430664062
0.0154790878295898 0.00463199615478516 0.241043090820313 -0.090362548828125
-0.00441741943359375 0.0146627426147461 0.33575439453125 0.138427734375
-0.0233249664306641 0.0200901031494141 0.117828369140625 0.443634033203125
-0.00748920440673828 -0.00803184509277344 -0.2674560546875 0.457611083984375
0.00452041625976562 -0.00953578948974609 -0.380950927734375 0.14202880859375
0.0229091644287109 0.0121479034423828 0.0127525329589844 0.04644775390625
0.0271167755126953 0.00414657592773438 0.441741943359375 -0.084075927734375
0.00754499435424805 0.000443458557128906 0.31182861328125 -0.44976806640625
-0.0164566040039063 0.00466060638427734 -0.180755615234375 -0.431610107421875
-0.0158500671386719 0.00996017456054688 -0.343841552734375 -0.069610595703125
0.00486850738525391 0.0111532211303711 -0.235336303710937 0.132781982421875
0.0149250030517578 0.000741958618164063 -0.0394134521484375 0.161895751953125
0.00200080871582031 -0.0103158950805664 0.0922927856445313 0.0785751342773437
0.000112533569335939 -0.0123996734619141 -0.0706710815429688 -0.0992507934570313
0.0151004791259766 -0.00255203247070313 0.0738677978515625 -0.153167724609375
0.0146636962890625 0.00514698028564453 0.241622924804687 -0.08837890625
-0.003753662109375 0.0146188735961914 0.336395263671875 0.14190673828125
-0.02288818359375 0.0199413299560547 0.113311767578125 0.4432373046875
-0.00597906112670898 -0.00781536102294922 -0.27130126953125 0.458038330078125
0.00392436981201172 -0.00958728790283203 -0.380462646484375 0.140777587890625
0.0215396881103516 0.0112266540527344 0.0152091979980469 0.0473213195800781
0.0257472991943359 0.00377273559570312 0.44287109375 -0.08740234375
0.00690078735351563 0.000941753387451172 0.31005859375 -0.450958251953125
-0.015721321105957 0.00545215606689453 -0.18218994140625 -0.4293212890625
-0.0154123306274414 0.0104484558105469 -0.34320068359375 -0.0683593750000001
0.00416278839111328 0.0114564895629883 -0.233840942382813 0.133773803710937
0.014225959777832 0.00120639801025391 -0.0377349853515625 0.161636352539063
0.0009307861328125 -0.0104227066040039 0.0927505493164063 0.0785903930664063
-0.00201225280761719 -0.0123376846313477 -0.0719375610351563 -0.0979690551757813
0.0145883560180664 -0.00220203399658203 0.0733489990234375 -0.15234375
0.0137863159179688 0.00688838958740234 0.2420654296875 -0.0857391357421875
-0.00471973419189453 0.0153884887695312 0.334075927734375 0.145538330078125
-0.0221538543701172 0.0195579528808594 0.11016845703125 0.446990966796875
-0.00590658187866211 -0.00822019577026367 -0.27471923828125 0.45721435546875
0.00405693054199219 -0.0101032257080078 -0.38055419921875 0.139312744140625
0.0200634002685547 0.0106296539306641 0.01898193359375 0.0476341247558594
0.0249290466308594 0.0037841796875 0.44342041015625 -0.090576171875
0.00744485855102539 0.000518321990966797 0.304840087890625 -0.455841064453125
-0.0146913528442383 0.00563907623291016 -0.18621826171875 -0.427337646484375
-0.0149345397949219 0.00979137420654297 -0.344268798828125 -0.065338134765625
0.00346183776855469 0.0115509033203125 -0.232376098632813 0.134109497070312
0.0140552520751953 0.00198459625244141 -0.035980224609375 0.160003662109375
-0.000766754150390626 -0.00926685333251953 0.09417724609375 0.0775070190429688
-0.00455760955810547 -0.0111169815063477 -0.0713119506835937 -0.097686767578125
0.0146751403808594 -0.000170707702636719 0.074981689453125 -0.152236938476563
0.0136709213256836 0.00687026977539063 0.24273681640625 -0.08349609375
-0.00520896911621094 0.0156984329223633 0.33306884765625 0.148895263671875
-0.0223903656005859 0.0189304351806641 0.1026611328125 0.4490966796875
-0.00403404235839844 -0.00870323181152344 -0.280731201171875 0.4547119140625
0.00530147552490234 -0.00983142852783203 -0.380401611328125 0.136016845703125
0.0214462280273438 0.0107040405273438 0.0233078002929688 0.0481109619140625
0.0259952545166016 0.00348281860351563 0.44451904296875 -0.0953369140625
0.00814342498779297 0.000196933746337891 0.29913330078125 -0.456085205078125
-0.0151710510253906 0.00622177124023437 -0.192047119140625 -0.422393798828125
-0.0150003433227539 0.0105924606323242 -0.34466552734375 -0.060455322265625
0.00397872924804688 0.0122480392456055 -0.230865478515625 0.136520385742187
0.0132761001586914 0.00286865234375 -0.0342559814453125 0.159591674804688
-0.00261259078979492 -0.00860881805419922 0.0949325561523438 0.07781982421875
-0.000273704528808594 -0.0119390487670898 -0.0648040771484375 -0.102348327636719
0.0147905349731445 -0.00153732299804687 0.07171630859375 -0.154647827148438
0.0146150588989258 0.00383472442626953 0.238739013671875 -0.088531494140625
-0.00623226165771485 0.0120391845703125 0.333160400390625 0.1416015625
-0.0248146057128906 0.0177288055419922 0.114288330078125 0.44317626953125
-0.00368309020996094 -0.0101222991943359 -0.270050048828125 0.453460693359375
0.0133142471313477 -0.0100488662719727 -0.379425048828125 0.14239501953125
0.0354423522949219 0.0148887634277344 0.0146636962890625 0.0453262329101563
0.0350875854492188 0.00363349914550781 0.4312744140625 -0.093170166015625
0.0102996826171875 -0.00222301483154297 0.2904052734375 -0.452667236328125
-0.0184879302978516 0.00421905517578125 -0.197662353515625 -0.419342041015625
-0.0176925659179688 0.00885009765625 -0.3458251953125 -0.059478759765625
0.00567054748535156 0.00906467437744141 -0.232833862304688 0.136962890625
0.0156621932983398 0.00118827819824219 -0.0377044677734375 0.158309936523438
-0.00165128707885742 -0.00878095626831055 0.09161376953125 0.0759201049804688
0.000654220581054687 -0.0124197006225586 -0.0661697387695312 -0.100311279296875
0.0158157348632812 -0.00275039672851562 0.07025146484375 -0.154006958007813
0.0159635543823242 0.00329303741455078 0.237869262695313 -0.0908355712890625
-0.00600242614746094 0.0122747421264648 0.3336181640625 0.1363525390625
-0.0248947143554688 0.0180778503417969 0.12030029296875 0.44110107421875
-0.00525093078613281 -0.0102996826171875 -0.262786865234375 0.458038330078125
0.0116348266601563 -0.0103435516357422 -0.376708984375 0.14337158203125
0.0321102142333984 0.0145359039306641 0.0112342834472656 0.0458030700683594
0.0331382751464844 0.0036163330078125 0.431060791015625 -0.090972900390625
0.00902748107910156 -0.00160694122314453 0.29644775390625 -0.45159912109375
-0.0176506042480469 0.00464439392089844 -0.191619873046875 -0.42242431640625
-0.016139030456543 0.0091400146484375 -0.34405517578125 -0.062347412109375
0.00498104095458984 0.00940799713134766 -0.233428955078125 0.134780883789062
0.0155086517333984 0.00105667114257813 -0.03900146484375 0.159332275390625
2.57492065429687E-05 -0.0100250244140625 0.09033203125 0.0759048461914063
0.00165081024169922 -0.0127849578857422 -0.0684661865234375 -0.100677490234375
0.0156002044677734 -0.00272560119628906 0.06988525390625 -0.154098510742188
0.0148410797119141 0.00377368927001953 0.237319946289063 -0.0933837890625
-0.00550174713134766 0.0133066177368164 0.335052490234375 0.134124755859375
-0.0238857269287109 0.0190372467041016 0.12396240234375 0.436553955078125
-0.00552749633789063 -0.00928688049316406 -0.259033203125 0.4580078125
0.00918197631835938 -0.0102653503417969 -0.376434326171875 0.14654541015625
0.0296993255615234 0.0139865875244141 0.0112075805664063 0.0460433959960938
0.0309429168701172 0.00453758239746094 0.43292236328125 -0.08831787109375
0.00760173797607422 -0.000799179077148437 0.300811767578125 -0.4498291015625
-0.0166635513305664 0.00446605682373047 -0.187225341796875 -0.424896240234375
-0.0167465209960938 0.00880527496337891 -0.343505859375 -0.0649414062500001
0.00564384460449219 0.0106668472290039 -0.233078002929688 0.135574340820313
0.0157308578491211 0.000814437866210938 -0.0396728515625 0.160720825195313
0.00106906890869141 -0.0102043151855469 0.0905685424804688 0.076751708984375
0.00102138519287109 -0.0127973556518555 -0.0692367553710938 -0.0992050170898438
0.0149688720703125 -0.00303077697753906 0.069976806640625 -0.153396606445312
0.0150213241577148 0.00338363647460938 0.237655639648438 -0.0937347412109375
-0.00403976440429688 0.0139198303222656 0.336517333984375 0.133453369140625
-0.0234031677246094 0.0203456878662109 0.12506103515625 0.438018798828125
-0.00666427612304687 -0.00835609436035156 -0.258636474609375 0.456878662109375
0.00594711303710938 -0.010162353515625 -0.376800537109375 0.145965576171875
0.0255165100097656 0.0125846862792969 0.0104789733886719 0.0465507507324219
0.0280132293701172 0.00428199768066406 0.43450927734375 -0.087249755859375
0.00778627395629883 0.000277996063232422 0.30242919921875 -0.44781494140625
-0.016510009765625 0.00536346435546875 -0.186492919921875 -0.4259033203125
-0.0152053833007813 0.00917816162109375 -0.342926025390625 -0.0668029785156251
0.00523853302001953 0.0101633071899414 -0.232177734375 0.135665893554688
0.0148687362670898 -0.00104522705078125 -0.0374908447265625 0.161376953125
0.00134944915771484 -0.0108966827392578 0.0913162231445313 0.0774002075195313
0.000515937805175782 -0.0129833221435547 -0.0706100463867188 -0.0991592407226563
0.0152473449707031 -0.00281238555908203 0.0693817138671875 -0.153564453125
0.0144491195678711 0.00475215911865234 0.237960815429688 -0.09295654296875
-0.00428962707519531 0.0148334503173828 0.336578369140625 0.134307861328125
-0.0226707458496094 0.0201740264892578 0.12408447265625 0.438201904296875
-0.00683021545410156 -0.00829267501831055 -0.257843017578125 0.45880126953125
0.00334072113037109 -0.0100812911987305 -0.3756103515625 0.145233154296875
0.0224266052246094 0.0119609832763672 0.0126380920410156 0.04571533203125
0.0265998840332031 0.00373649597167969 0.43695068359375 -0.0885009765625
0.00765180587768555 0.000139236450195313 0.304779052734375 -0.44921875
-0.0157890319824219 0.00555515289306641 -0.18646240234375 -0.425628662109375
-0.0157299041748047 0.00986003875732422 -0.341827392578125 -0.065032958984375
0.00463485717773438 0.0109767913818359 -0.2313232421875 0.135101318359375
0.0149393081665039 0.000508308410644531 -0.0374755859375 0.160446166992187
0.001007080078125 -0.00996780395507813 0.09185791015625 0.0770263671875
-0.000333786010742188 -0.0125093460083008 -0.071533203125 -0.0985488891601563
0.0146589279174805 -0.00310611724853516 0.0703125 -0.152999877929687
0.0133943557739258 0.00524139404296875 0.238784790039063 -0.09173583984375
-0.00426292419433594 0.0152864456176758 0.335235595703125 0.136505126953125
-0.0224132537841797 0.0195121765136719 0.120758056640625 0.438751220703125
-0.006072998046875 -0.00851917266845703 -0.262298583984375 0.456939697265625
0.00318431854248047 -0.00928020477294922 -0.37530517578125 0.1436767578125
0.0206394195556641 0.0108604431152344 0.0156059265136719 0.0466651916503906
0.025177001953125 0.00398826599121094 0.437774658203125 -0.090301513671875
0.00801992416381836 0.000413894653320313 0.301666259765625 -0.4515380859375
-0.0152416229248047 0.00488948822021485 -0.186767578125 -0.423431396484375
-0.015254020690918 0.0104732513427734 -0.341552734375 -0.06268310546875
0.00402355194091797 0.0115480422973633 -0.230712890625 0.136428833007813
0.0147714614868164 0.00122737884521484 -0.03515625 0.1607666015625
4.38690185546867E-05 -0.0101394653320312 0.0931549072265625 0.0768890380859375
-0.00316715240478516 -0.0112543106079102 -0.0723648071289062 -0.0961837768554688
0.0141849517822266 -0.00195121765136719 0.0703277587890625 -0.152389526367188
0.013270378112793 0.00652599334716797 0.238998413085938 -0.0881195068359375
-0.00436782836914063 0.0156888961791992 0.33380126953125 0.140106201171875
-0.0217971801757813 0.0194206237792969 0.115020751953125 0.442291259765625
-0.00530767440795898 -0.00827169418334961 -0.2669677734375 0.45623779296875
0.00275707244873047 -0.00887584686279297 -0.375823974609375 0.14251708984375
0.020111083984375 0.0106296539306641 0.0192947387695312 0.0469245910644531
0.0252418518066406 0.00317764282226563 0.43927001953125 -0.094818115234375
0.00739860534667969 0.00106287002563477 0.29803466796875 -0.45428466796875
-0.0146484375 0.00636005401611328 -0.19110107421875 -0.420440673828125
-0.0148448944091797 0.0111827850341797 -0.341461181640625 -0.060302734375
0.00405216217041016 0.0113725662231445 -0.228378295898437 0.136871337890625
0.0144243240356445 0.001556396484375 -0.033905029296875 0.159255981445313
-0.00142288208007812 -0.0095977783203125 0.094146728515625 0.0758056640625
-0.00419712066650391 -0.0107841491699219 -0.072113037109375 -0.0966567993164063
0.013737678527832 0.000145912170410156 0.0728607177734375 -0.152496337890625
0.0127296447753906 0.00722694396972656 0.240127563476563 -0.08599853515625
-0.00494956970214844 0.0150651931762695 0.332672119140625 0.14434814453125
-0.0213775634765625 0.0191192626953125 0.1094970703125 0.445220947265625
-0.00330781936645508 -0.0083308219909668 -0.273101806640625 0.454010009765625
0.00445079803466797 -0.00898551940917969 -0.374755859375 0.13983154296875
0.0202445983886719 0.0101432800292969 0.0238761901855469 0.0475616455078125
0.0259208679199219 0.00300979614257813 0.439056396484375 -0.09930419921875
0.00886821746826172 0.000453948974609375 0.290557861328125 -0.45751953125
-0.0145883560180664 0.0067434310913086 -0.1982421875 -0.41778564453125
-0.0152816772460937 0.0108270645141602 -0.342620849609375 -0.0559082031250001
0.00398731231689453 0.011876106262207 -0.226943969726563 0.139144897460937
0.0134429931640625 0.00235462188720703 -0.031707763671875 0.15936279296875
-0.00295209884643555 -0.00873279571533203 0.0951690673828125 0.076446533203125
-0.00130081176757813 -0.0115804672241211 -0.0662612915039063 -0.099884033203125
0.015049934387207 -0.000905036926269531 0.0682220458984375 -0.153656005859375
0.014399528503418 0.00310039520263672 0.236434936523437 -0.092010498046875
-0.00656032562255859 0.0126075744628906 0.3306884765625 0.13702392578125
-0.0242671966552734 0.0177383422851562 0.11761474609375 0.43817138671875
-0.00306606292724609 -0.010777473449707 -0.262115478515625 0.453887939453125
0.0121431350708008 -0.00889778137207031 -0.373779296875 0.143798828125
0.0341262817382813 0.0137538909912109 0.0140838623046875 0.0451393127441406
0.0356025695800781 0.003753662109375 0.426513671875 -0.097412109375
0.0104131698608398 -0.00165081024169922 0.28302001953125 -0.451568603515625
-0.0165243148803711 0.00366878509521485 -0.19781494140625 -0.413116455078125
-0.017329216003418 0.00870037078857422 -0.343780517578125 -0.05596923828125
0.00623703002929688 0.00970458984375 -0.228958129882813 0.138687133789062
0.0146675109863281 0.000798225402832031 -0.03515625 0.158416748046875
-0.00203895568847656 -0.00773429870605469 0.090972900390625 0.0743026733398438
0.000693321228027344 -0.0116567611694336 -0.0673980712890625 -0.0991592407226563
0.0152750015258789 -0.00303459167480469 0.067413330078125 -0.153549194335937
0.0156517028808594 0.00324630737304687 0.234024047851563 -0.0929107666015625
-0.00581073760986328 0.0131206512451172 0.333099365234375 0.1317138671875
-0.023773193359375 0.0180454254150391 0.124908447265625 0.43475341796875
-0.00424003601074219 -0.00970935821533203 -0.255126953125 0.454803466796875
0.0107412338256836 -0.00926113128662109 -0.37286376953125 0.14599609375
0.0316829681396484 0.0135498046875 0.0120811462402344 0.0446510314941406
0.0335464477539063 0.00396347045898438 0.426971435546875 -0.093841552734375
0.00951671600341797 -0.00244235992431641 0.289764404296875 -0.450164794921875
-0.0178050994873047 0.00403022766113281 -0.19403076171875 -0.41766357421875
-0.0166015625 0.00902843475341797 -0.342132568359375 -0.058624267578125
0.00580692291259766 0.0102519989013672 -0.22991943359375 0.137344360351563
0.0151205062866211 -9.918212890625E-05 -0.0364837646484375 0.158721923828125
-0.000805854797363281 -0.00939559936523438 0.0902786254882813 0.0755767822265625
0.000182151794433594 -0.0120277404785156 -0.068756103515625 -0.0988540649414063
0.0141067504882812 -0.00316333770751953 0.0666656494140625 -0.154525756835938
0.0151338577270508 0.00333786010742188 0.234100341796875 -0.095855712890625
-0.00429058074951172 0.0129384994506836 0.33404541015625 0.129730224609375
-0.0234413146972656 0.0186233520507813 0.130767822265625 0.431640625
-0.00565719604492188 -0.00947856903076172 -0.251129150390625 0.455810546875
0.00798988342285156 -0.0097494125366211 -0.372802734375 0.14801025390625
0.0284366607666016 0.0133228302001953 0.0102882385253906 0.043853759765625
0.0303726196289063 0.00395011901855469 0.426361083984375 -0.090850830078125
0.00858259201049805 -0.000810146331787109 0.292938232421875 -0.44842529296875
-0.0167198181152344 0.00441646575927734 -0.190277099609375 -0.4188232421875
-0.0167884826660156 0.00989055633544922 -0.34112548828125 -0.060821533203125
0.00551700592041016 0.00918769836425781 -0.228729248046875 0.136428833007812
0.01519775390625 0.000143051147460937 -0.03509521484375 0.159210205078125
0.000119209289550781 -0.00902462005615234 0.0901336669921875 0.07470703125
0.000657081604003907 -0.0124759674072266 -0.0700759887695313 -0.0985107421875
0.0137166976928711 -0.00317478179931641 0.0675048828125 -0.153564453125
0.0144567489624023 0.00341033935546875 0.234130859375 -0.0958709716796875
-0.00349140167236328 0.0136041641235352 0.33544921875 0.1280517578125
-0.0234107971191406 0.0194625854492188 0.129608154296875 0.432098388671875
-0.00622177124023437 -0.00869464874267578 -0.250213623046875 0.45574951171875
0.00554084777832031 -0.00954246520996094 -0.37127685546875 0.147430419921875
0.0254364013671875 0.012847900390625 0.0102500915527344 0.0454673767089844
0.0284271240234375 0.00400161743164063 0.431121826171875 -0.0909423828125
0.00810003280639648 -0.00124788284301758 0.2952880859375 -0.447052001953125
-0.0155792236328125 0.00448799133300781 -0.1884765625 -0.419769287109375
-0.0158452987670898 0.0101375579833984 -0.33978271484375 -0.061920166015625
0.00493526458740234 0.0100526809692383 -0.228347778320312 0.136886596679688
0.0149774551391602 -0.000248908996582031 -0.035247802734375 0.159942626953125
0.00102806091308594 -0.00980091094970703 0.0913772583007813 0.07525634765625
-0.000656127929687501 -0.0114355087280273 -0.0712432861328125 -0.0974502563476562
0.0148410797119141 -0.00281906127929688 0.0668792724609375 -0.153549194335938
0.0141973495483398 0.004608154296875 0.23553466796875 -0.0951690673828125
-0.00374984741210938 0.0146875381469727 0.335235595703125 0.129425048828125
-0.0220680236816406 0.0200519561767578 0.12939453125 0.433319091796875
-0.00623416900634766 -0.0080113410949707 -0.251129150390625 0.45574951171875
0.00312900543212891 -0.00899124145507813 -0.37078857421875 0.14764404296875
0.0215625762939453 0.0109310150146484 0.0122795104980469 0.0452232360839844
0.0263938903808594 0.00345420837402344 0.43182373046875 -0.091522216796875
0.00800037384033203 -0.000195503234863281 0.296661376953125 -0.448089599609375
-0.0157909393310547 0.00611209869384766 -0.18792724609375 -0.419097900390625
-0.0151405334472656 0.00989627838134766 -0.33978271484375 -0.060577392578125
0.00514411926269531 0.0101127624511719 -0.227691650390625 0.137176513671875
0.0150699615478516 5.340576171875E-05 -0.03533935546875 0.160491943359375
-0.000135421752929687 -0.0103435516357422 0.0917129516601563 0.0755081176757813
-0.00192832946777344 -0.0120029449462891 -0.072357177734375 -0.0970840454101562
0.0135316848754883 -0.00269126892089844 0.06793212890625 -0.152389526367188
0.0134086608886719 0.00531482696533203 0.235321044921875 -0.09381103515625
-0.00423622131347656 0.0149345397949219 0.33514404296875 0.13116455078125
-0.0215015411376953 0.0195980072021484 0.12548828125 0.435028076171875
-0.00598621368408203 -0.00837230682373047 -0.2542724609375 0.455810546875
0.00230312347412109 -0.00909519195556641 -0.37054443359375 0.1456298828125
0.0196628570556641 0.0105705261230469 0.01568603515625 0.0451393127441406
0.0246410369873047 0.0034637451171875 0.43243408203125 -0.094024658203125
0.00792646408081055 0.000205039978027344 0.295562744140625 -0.451568603515625
-0.0147485733032227 0.00612163543701172 -0.1890869140625 -0.417755126953125
-0.0149984359741211 0.0107088088989258 -0.33978271484375 -0.05816650390625
0.00484561920166016 0.0109987258911133 -0.226608276367187 0.138107299804687
0.013890266418457 0.000766754150390625 -0.03271484375 0.159988403320312
-0.000868797302246095 -0.0100793838500977 0.0925140380859375 0.0760421752929688
-0.00423717498779297 -0.010798454284668 -0.0734329223632813 -0.094451904296875
0.0131149291992188 -0.00152015686035156 0.068267822265625 -0.15234375
0.0127592086791992 0.00633144378662109 0.236099243164063 -0.0908050537109375
-0.00450325012207031 0.0155830383300781 0.333892822265625 0.1358642578125
-0.0203208923339844 0.0199451446533203 0.120941162109375 0.438446044921875
-0.00450229644775391 -0.00821971893310547 -0.259307861328125 0.45513916015625
0.00206565856933594 -0.00917339324951172 -0.3714599609375 0.14434814453125
0.0184669494628906 0.0102596282958984 0.0193023681640625 0.0456275939941406
0.0244598388671875 0.00360298156738281 0.43353271484375 -0.097381591796875
0.00787019729614258 0.000438690185546875 0.290008544921875 -0.453399658203125
-0.0138454437255859 0.00594902038574219 -0.193023681640625 -0.414794921875
-0.0145502090454102 0.0114593505859375 -0.3394775390625 -0.05560302734375
0.00415802001953125 0.0115022659301758 -0.224563598632813 0.138656616210937
0.0139713287353516 0.000918388366699219 -0.03192138671875 0.158798217773438
-0.00199508666992188 -0.00911045074462891 0.0941543579101563 0.074188232421875
-0.00557804107666016 -0.00998115539550781 -0.07269287109375 -0.0951461791992188
0.0133275985717773 -0.000667572021484375 0.0700531005859375 -0.151763916015625
0.0129213333129883 0.0069427490234375 0.236648559570313 -0.089111328125
-0.00538825988769531 0.0158329010009766 0.3311767578125 0.139190673828125
-0.0207309722900391 0.0193042755126953 0.114471435546875 0.44000244140625
-0.00305604934692383 -0.00831937789916992 -0.26422119140625 0.453643798828125
0.00373411178588867 -0.00856924057006836 -0.3697509765625 0.14178466796875
0.019805908203125 0.0103549957275391 0.023895263671875 0.0464897155761719
0.0254154205322266 0.00241661071777344 0.433074951171875 -0.10211181640625
0.00909805297851563 -0.00018310546875 0.28424072265625 -0.45611572265625
-0.0136070251464844 0.00670146942138672 -0.200347900390625 -0.41021728515625
-0.0150337219238281 0.0113086700439453 -0.340118408203125 -0.051544189453125
0.00390052795410156 0.0120267868041992 -0.223251342773438 0.140899658203125
0.0137605667114258 0.0025177001953125 -0.029388427734375 0.158096313476563
-0.00413322448730469 -0.00847768783569336 0.094818115234375 0.0746307373046875
-0.00177288055419922 -0.00985145568847656 -0.0667266845703125 -0.0991744995117188
0.0140552520751953 -0.00141716003417969 0.0672760009765625 -0.153594970703125
0.0140056610107422 0.00341510772705078 0.233291625976563 -0.0928955078125
-0.00637912750244141 0.0124092102050781 0.330078125 0.132354736328125
-0.0230236053466797 0.0173606872558594 0.122467041015625 0.432373046875
-0.00341033935546875 -0.0107507705688477 -0.2559814453125 0.452728271484375
0.0119762420654297 -0.009002685546875 -0.368621826171875 0.14459228515625
0.0333290100097656 0.0143318176269531 0.014068603515625 0.044586181640625
0.0347690582275391 0.00341415405273438 0.421112060546875 -0.097991943359375
0.0103588104248047 -0.00244808197021484 0.2777099609375 -0.449859619140625
-0.0164203643798828 0.00509071350097656 -0.20166015625 -0.40789794921875
-0.0163650512695313 0.00934028625488281 -0.339874267578125 -0.051605224609375
0.00593185424804688 0.00886154174804688 -0.2249755859375 0.14019775390625
0.0152091979980469 0.000596046447753906 -0.033416748046875 0.156997680664063
-0.0019078254699707 -0.00818443298339844 0.0908279418945313 0.0730209350585938
-0.00102615356445313 -0.0109272003173828 -0.068756103515625 -0.099029541015625
0.0144243240356445 -0.00220298767089844 0.0659027099609375 -0.15325927734375
0.0147247314453125 0.00370407104492188 0.23211669921875 -0.095428466796875
-0.00548458099365234 0.0120086669921875 0.331695556640625 0.128631591796875
-0.0235767364501953 0.0181941986083984 0.12884521484375 0.430419921875
-0.00473117828369141 -0.00999546051025391 -0.248809814453125 0.452423095703125
0.00916671752929687 -0.0089883804321289 -0.367584228515625 0.1473388671875
0.0304527282714844 0.0141754150390625 0.011566162109375 0.0438385009765625
0.0331821441650391 0.00321197509765625 0.421783447265625 -0.09521484375
0.0099639892578125 -0.00201034545898438 0.28265380859375 -0.447113037109375
-0.0166254043579102 0.00417900085449219 -0.195465087890625 -0.412017822265625
-0.0161409378051758 0.00926876068115235 -0.340087890625 -0.0549011230468749
0.00531578063964844 0.00919246673583984 -0.226211547851563 0.138809204101562
0.0156335830688477 1.9073486328125E-05 -0.0345916748046875 0.158218383789063
-0.00136184692382813 -0.00850009918212891 0.0895538330078125 0.0736083984375
-0.000444412231445314 -0.0117082595825195 -0.0699539184570312 -0.0981063842773438
0.0144309997558594 -0.00326728820800781 0.065093994140625 -0.153839111328125
0.0143089294433594 0.00345420837402344 0.231201171875 -0.097137451171875
-0.00524044036865234 0.0129356384277344 0.3333740234375 0.1268310546875
-0.0225009918212891 0.0178451538085937 0.132415771484375 0.4278564453125
-0.005706787109375 -0.00888633728027344 -0.243499755859375 0.453033447265625
0.00577783584594727 -0.00859165191650391 -0.367095947265625 0.148529052734375
0.0275192260742188 0.0132541656494141 0.0102157592773438 0.0441207885742188
0.0299282073974609 0.00391578674316406 0.422637939453125 -0.092559814453125
0.00913906097412109 -0.000506401062011719 0.28790283203125 -0.446624755859375
-0.0162181854248047 0.00465583801269531 -0.193267822265625 -0.412445068359375
-0.015899658203125 0.00992202758789062 -0.33856201171875 -0.05718994140625
0.00587272644042969 0.00933361053466797 -0.225311279296875 0.138320922851563
0.0157499313354492 -0.000195503234863281 -0.0348663330078125 0.159042358398438
-0.000299453735351562 -0.0104656219482422 0.090545654296875 0.0746078491210938
-0.00011444091796875 -0.0119075775146484 -0.0705184936523438 -0.0978851318359375
0.0142736434936523 -0.00234889984130859 0.0645904541015625 -0.152862548828125
0.0140237808227539 0.00295448303222656 0.230682373046875 -0.09661865234375
-0.00452804565429687 0.0136880874633789 0.33453369140625 0.1240234375
-0.0225410461425781 0.0192298889160156 0.13360595703125 0.427978515625
-0.00617599487304687 -0.00851058959960938 -0.24322509765625 0.452362060546875
0.00394439697265625 -0.00914382934570313 -0.367431640625 0.148040771484375
0.0235309600830078 0.0119724273681641 0.0117874145507813 0.04388427734375
0.0287399291992188 0.00411415100097656 0.424468994140625 -0.0927734375
0.00769996643066406 -0.000907421112060547 0.2896728515625 -0.445556640625
-0.0155096054077148 0.00577449798583985 -0.190582275390625 -0.41387939453125
-0.015681266784668 0.0101041793823242 -0.337371826171875 -0.0580139160156249
0.00486373901367188 0.00963783264160156 -0.224838256835938 0.137802124023437
0.0149335861206055 -4.1961669921875E-05 -0.0334014892578125 0.1590576171875
0.000514030456542969 -0.00958633422851563 0.0906219482421875 0.074859619140625
-0.00115013122558594 -0.0117635726928711 -0.07171630859375 -0.096405029296875
0.0138263702392578 -0.00203227996826172 0.0650634765625 -0.153076171875
0.0133094787597656 0.0038299560546875 0.232391357421875 -0.0972442626953125
-0.00406360626220703 0.0146389007568359 0.335052490234375 0.124786376953125
-0.0213127136230469 0.0194759368896484 0.1324462890625 0.428070068359375
-0.0059366226196289 -0.0082859992980957 -0.244354248046875 0.454803466796875
0.00190877914428711 -0.008544921875 -0.366790771484375 0.149261474609375
0.0204334259033203 0.0111160278320312 0.0124626159667969 0.0441055297851563
0.0263099670410156 0.00408554077148437 0.426239013671875 -0.093353271484375
0.00845193862915039 -0.000203132629394531 0.29156494140625 -0.446502685546875
-0.0148258209228516 0.00635814666748047 -0.190460205078125 -0.4132080078125
-0.0150423049926758 0.0100469589233398 -0.337066650390625 -0.056396484375
0.00487613677978516 0.0108652114868164 -0.22369384765625 0.137847900390625
0.0150852203369141 -0.00101089477539063 -0.032867431640625 0.159332275390625
2.57492065429687E-05 -0.0100250244140625 0.0911026000976563 0.0745925903320313
-0.00234127044677734 -0.0113601684570313 -0.0722427368164063 -0.0959396362304687
0.0133571624755859 -0.0023040771484375 0.06634521484375 -0.152481079101563
0.0132789611816406 0.00497722625732422 0.232833862304688 -0.0947113037109375
-0.00431442260742188 0.0152120590209961 0.33355712890625 0.127532958984375
-0.0206317901611328 0.0198116302490234 0.12835693359375 0.42919921875
-0.00543594360351562 -0.00796842575073242 -0.24810791015625 0.455291748046875
0.00155067443847656 -0.00906753540039063 -0.366912841796875 0.14727783203125
0.0188217163085938 0.0103588104248047 0.0152397155761719 0.0446548461914063
0.0244350433349609 0.00321388244628906 0.427398681640625 -0.095184326171875
0.00818300247192383 -0.000112533569335937 0.28875732421875 -0.448150634765625
-0.0142822265625 0.0063180923461914 -0.1915283203125 -0.412200927734375
-0.0149450302124023 0.0112714767456055 -0.337066650390625 -0.05474853515625
0.00452804565429687 0.0108795166015625 -0.22283935546875 0.139358520507813
0.0145626068115234 0.000399589538574219 -0.0314483642578125 0.159423828125
-0.00172615051269531 -0.00954914093017578 0.09222412109375 0.0747909545898438
-0.00436210632324219 -0.010218620300293 -0.0735015869140625 -0.0937423706054688
0.0127725601196289 -0.00196743011474609 0.06610107421875 -0.151580810546875
0.0127372741699219 0.00600910186767578 0.233078002929688 -0.0923004150390625
-0.00486564636230469 0.0157155990600586 0.3328857421875 0.130706787109375
-0.0197792053222656 0.0197830200195312 0.124786376953125 0.432891845703125
-0.00490093231201172 -0.0083317756652832 -0.252044677734375 0.453704833984375
0.000904560089111329 -0.00814628601074219 -0.3668212890625 0.14556884765625
0.0177040100097656 0.0100059509277344 0.0195884704589844 0.0447044372558594
0.0241069793701172 0.00288200378417969 0.427703857421875 -0.1007080078125
0.00830507278442383 0.000275611877441406 0.28411865234375 -0.451019287109375
-0.0130043029785156 0.00653743743896484 -0.195465087890625 -0.409149169921875
-0.0148115158081055 0.0114593505859375 -0.336822509765625 -0.052001953125
0.00393199920654297 0.0112628936767578 -0.221176147460937 0.139404296875
0.0138101577758789 0.000641822814941406 -0.02984619140625 0.158004760742188
-0.00258064270019531 -0.00907421112060547 0.0933609008789063 0.0728530883789063
-0.00562858581542969 -0.00978565216064453 -0.0733413696289062 -0.09405517578125
0.0128650665283203 4.86373901367188E-05 0.0680389404296875 -0.151641845703125
0.0118770599365234 0.00709629058837891 0.233917236328125 -0.0903472900390625
-0.00492095947265625 0.0161628723144531 0.33062744140625 0.1351318359375
-0.0199203491210938 0.0192394256591797 0.1182861328125 0.43524169921875
-0.00313091278076172 -0.00817537307739258 -0.257843017578125 0.450958251953125
0.00328874588012695 -0.00820016860961914 -0.365966796875 0.143157958984375
0.0188999176025391 0.00927925109863281 0.0229988098144531 0.045806884765625
0.0254707336425781 0.00177764892578125 0.428558349609375 -0.102935791015625
0.00950527191162109 -0.000184059143066406 0.27685546875 -0.453094482421875
-0.0134248733520508 0.00651931762695313 -0.20098876953125 -0.405670166015625
-0.015472412109375 0.0116100311279297 -0.3375244140625 -0.047515869140625
0.00428867340087891 0.011749267578125 -0.219131469726562 0.1412353515625
0.0137472152709961 0.00209331512451172 -0.02740478515625 0.15789794921875
-0.00428390502929688 -0.00789546966552734 0.0940628051757813 0.0734481811523438
-0.00216007232666016 -0.0102767944335938 -0.0672683715820313 -0.0976333618164063
0.0138492584228516 -0.00112342834472656 0.064239501953125 -0.152694702148438
0.0134658813476563 0.00321483612060547 0.230224609375 -0.0941162109375
-0.00706863403320313 0.0126953125 0.32904052734375 0.12921142578125
-0.0224514007568359 0.01727294921875 0.125762939453125 0.42864990234375
-0.00281715393066406 -0.0106725692749023 -0.251373291015625 0.449005126953125
0.0112714767456055 -0.00806617736816406 -0.365325927734375 0.1446533203125
0.0317668914794922 0.0130748748779297 0.0145034790039063 0.0442008972167969
0.0342178344726563 0.00251388549804688 0.41729736328125 -0.09893798828125
0.0107746124267578 -0.00222206115722656 0.27252197265625 -0.447052001953125
-0.0163326263427734 0.00461483001708985 -0.20196533203125 -0.4041748046875
-0.0163917541503906 0.00964832305908203 -0.338043212890625 -0.0492248535156249
0.00588321685791016 0.00909423828125 -0.222702026367188 0.140182495117188
0.0157403945922852 3.814697265625E-06 -0.032562255859375 0.15679931640625
-0.00250339508056641 -0.00758504867553711 0.089569091796875 0.072509765625
-0.000578880310058595 -0.0107336044311523 -0.068206787109375 -0.0977020263671875
0.0139350891113281 -0.00233840942382813 0.063751220703125 -0.153472900390625
0.01373291015625 0.00223541259765625 0.229660034179688 -0.0965118408203125
-0.00613784790039063 0.0123329162597656 0.330902099609375 0.12274169921875
-0.0218143463134766 0.0174694061279297 0.131011962890625 0.4261474609375
-0.00409698486328125 -0.0095672607421875 -0.2431640625 0.451904296875
0.00903511047363281 -0.00805377960205078 -0.36590576171875 0.14642333984375
0.0294685363769531 0.013580322265625 0.0120429992675781 0.0431022644042969
0.0326709747314453 0.00207710266113281 0.418609619140625 -0.0965576171875
0.00921916961669922 -0.00153923034667969 0.27752685546875 -0.444793701171875
-0.0159807205200195 0.00552082061767578 -0.19708251953125 -0.405853271484375
-0.0154733657836914 0.00992107391357422 -0.33795166015625 -0.052703857421875
0.00502586364746094 0.00992965698242188 -0.222412109375 0.139663696289062
0.0150327682495117 -0.000102043151855469 -0.0334320068359375 0.157455444335938
-0.000754356384277344 -0.0090036392211914 0.0891571044921875 0.0727767944335938
-0.0009613037109375 -0.0106611251831055 -0.0698928833007813 -0.0967788696289062
0.0131521224975586 -0.00264835357666016 0.062530517578125 -0.153610229492188
0.0144081115722656 0.00326156616210938 0.227523803710938 -0.097625732421875
-0.00572109222412109 0.0129976272583008 0.32989501953125 0.12158203125
-0.0218696594238281 0.0186023712158203 0.135223388671875 0.4228515625
-0.00490093231201172 -0.009674072265625 -0.23834228515625 0.452667236328125
0.0067596435546875 -0.00857686996459961 -0.36444091796875 0.14996337890625
0.0271472930908203 0.0126590728759766 0.0105400085449219 0.0434303283691406
0.0307712554931641 0.00367927551269531 0.416473388671875 -0.09429931640625
0.00974178314208984 -0.00121974945068359 0.281494140625 -0.444580078125
-0.015690803527832 0.00605678558349609 -0.193145751953125 -0.4085693359375
-0.0161428451538086 0.0105915069580078 -0.33599853515625 -0.0538330078125001
0.00510215759277344 0.00937938690185547 -0.222488403320313 0.139236450195312
0.0154924392700195 -0.000132560729980469 -0.03253173828125 0.1580810546875
-0.00112724304199219 -0.00906944274902344 0.0894775390625 0.073394775390625
-0.00115203857421875 -0.0108795166015625 -0.0714340209960937 -0.0965499877929688
0.0131845474243164 -0.00233840942382812 0.0623016357421875 -0.153717041015625
0.0135107040405273 0.00376319885253906 0.229293823242188 -0.0981903076171875
-0.00450897216796875 0.0142316818237305 0.332305908203125 0.119720458984375
-0.02166748046875 0.0201511383056641 0.13726806640625 0.422882080078125
-0.00543832778930664 -0.00877714157104492 -0.23675537109375 0.451446533203125
0.00332927703857422 -0.00841283798217773 -0.3638916015625 0.1502685546875
0.0230636596679688 0.0116729736328125 0.0105209350585937 0.043701171875
0.0272846221923828 0.00293540954589844 0.41986083984375 -0.0926513671875
0.00981616973876953 -0.00176334381103516 0.28521728515625 -0.443115234375
-0.0149154663085937 0.00581169128417969 -0.191680908203125 -0.409149169921875
-0.0152549743652344 0.0104293823242188 -0.335418701171875 -0.055206298828125
0.00597095489501953 0.00969409942626953 -0.221145629882813 0.139907836914062
0.015019416809082 -0.000916481018066406 -0.0325775146484375 0.1583251953125
-0.000791549682617188 -0.00958251953125 0.0890655517578125 0.0735397338867188
-0.00140380859375 -0.0110979080200195 -0.0721435546875 -0.0956878662109375
0.01300048828125 -0.00209236145019531 0.0630035400390625 -0.152114868164063
0.0134077072143555 0.0036163330078125 0.229583740234375 -0.09783935546875
-0.00396251678466797 0.0145711898803711 0.333648681640625 0.121490478515625
-0.0205821990966797 0.0196895599365234 0.1351318359375 0.4237060546875
-0.00597715377807617 -0.00834131240844727 -0.239013671875 0.4527587890625
0.00175666809082031 -0.00889015197753906 -0.363494873046875 0.148651123046875
0.0199317932128906 0.0107383728027344 0.0124435424804688 0.0436248779296875
0.0257797241210937 0.00321578979492187 0.422332763671875 -0.095001220703125
0.00908851623535156 -0.000165939331054688 0.285736083984375 -0.44384765625
-0.0141353607177734 0.00638675689697266 -0.190826416015625 -0.4085693359375
-0.0152435302734375 0.0117082595825195 -0.334442138671875 -0.054473876953125
0.00516700744628906 0.010655403137207 -0.220993041992188 0.138763427734375
0.014653205871582 -0.00060272216796875 -0.031494140625 0.158859252929688
-0.000893592834472656 -0.0100984573364258 0.0906829833984375 0.0732040405273438
-0.00277042388916016 -0.0108489990234375 -0.0727310180664062 -0.0947036743164063
0.0129222869873047 -0.00203418731689453 0.064422607421875 -0.151702880859375
0.0127239227294922 0.00447654724121094 0.229888916015625 -0.0963897705078125
-0.00501155853271484 0.0149936676025391 0.3323974609375 0.1240234375
-0.0200233459472656 0.0196666717529297 0.131744384765625 0.425933837890625
-0.00514411926269531 -0.0077824592590332 -0.241790771484375 0.451812744140625
0.00110816955566406 -0.00796747207641602 -0.363677978515625 0.148040771484375
0.0180454254150391 0.0102157592773438 0.01611328125 0.0437355041503906
0.0246334075927734 0.00280380249023437 0.422943115234375 -0.09747314453125
0.00878334045410156 -0.000465869903564453 0.284027099609375 -0.4461669921875
-0.0136785507202148 0.00664615631103515 -0.193389892578125 -0.406829833984375
-0.0143013000488281 0.0111141204833984 -0.33355712890625 -0.051727294921875
0.00470447540283203 0.0109100341796875 -0.2198486328125 0.139205932617187
0.0143003463745117 0.000246047973632812 -0.029693603515625 0.158447265625
-0.00213241577148437 -0.00929737091064453 0.0917434692382813 0.0731430053710938
-0.00513076782226562 -0.00976181030273438 -0.0739822387695313 -0.0927276611328125
0.0126676559448242 -0.00144100189208984 0.0646514892578125 -0.151214599609375
0.0121622085571289 0.00592327117919922 0.2308349609375 -0.093658447265625
-0.00495815277099609 0.0153417587280273 0.33160400390625 0.12744140625
-0.0193672180175781 0.0191459655761719 0.126983642578125 0.429412841796875
-0.00424766540527344 -0.00841140747070313 -0.246917724609375 0.451446533203125
0.000796794891357422 -0.00822734832763672 -0.363677978515625 0.145355224609375
0.0166950225830078 0.0100851058959961 0.0191268920898438 0.0443267822265625
0.0244102478027344 0.00225257873535156 0.42388916015625 -0.101043701171875
0.00823593139648438 -6.34193420410156E-05 0.279571533203125 -0.448944091796875
-0.0130796432495117 0.00636577606201172 -0.19647216796875 -0.4053955078125
-0.014470100402832 0.012272834777832 -0.334442138671875 -0.049072265625
0.004119873046875 0.0109128952026367 -0.217803955078125 0.140335083007813
0.0143461227416992 0.00016021728515625 -0.027496337890625 0.156967163085937
-0.00301361083984375 -0.00864028930664063 0.0923919677734375 0.0723037719726563
-0.00656509399414062 -0.00849008560180664 -0.0735702514648438 -0.09271240234375
0.0124940872192383 0.000148773193359375 0.06610107421875 -0.151473999023438
0.0114631652832031 0.00644969940185547 0.230865478515625 -0.092132568359375
-0.00549602508544922 0.0152921676635742 0.32916259765625 0.132171630859375
-0.0193424224853516 0.0186328887939453 0.121246337890625 0.4302978515625
-0.00270175933837891 -0.00826740264892578 -0.25311279296875 0.4498291015625
0.00228786468505859 -0.00814914703369141 -0.362640380859375 0.14422607421875
0.0182113647460937 0.0096893310546875 0.0230216979980469 0.0449905395507813
0.0257167816162109 0.00188255310058594 0.42376708984375 -0.10528564453125
0.00976371765136719 -0.000929832458496094 0.273773193359375 -0.451202392578125
-0.0130176544189453 0.00646305084228516 -0.20233154296875 -0.400604248046875
-0.0145387649536133 0.012089729309082 -0.335113525390625 -0.04473876953125
0.0037994384765625 0.0113916397094727 -0.215789794921875 0.142303466796875
0.013575553894043 0.00145626068115234 -0.0254974365234375 0.156509399414062
-0.00478553771972656 -0.00771188735961914 0.0933761596679688 0.0726089477539063
-0.00293064117431641 -0.00919246673583984 -0.0671768188476563 -0.0975799560546875
0.0132369995117188 -0.000992774963378906 0.0630035400390625 -0.15338134765625
0.0132980346679688 0.00308513641357422 0.227630615234375 -0.0945587158203125
-0.00701713562011719 0.0121879577636719 0.328704833984375 0.12481689453125
-0.0222854614257813 0.0168704986572266 0.127685546875 0.424713134765625
-0.00205230712890625 -0.0102825164794922 -0.24542236328125 0.44586181640625
0.0108785629272461 -0.00820255279541016 -0.360687255859375 0.144989013671875
0.0314426422119141 0.0141716003417969 0.0140914916992188 0.0432090759277344
0.0345630645751953 0.00230216979980469 0.41314697265625 -0.099822998046875
0.0111980438232422 -0.00339317321777344 0.26800537109375 -0.443023681640625
-0.0159101486206055 0.00436115264892578 -0.202362060546875 -0.399444580078125
-0.0164728164672852 0.00962352752685547 -0.335205078125 -0.0469360351562499
0.00556707382202149 0.00873279571533203 -0.2188720703125 0.14166259765625
0.0145177841186523 0.000261306762695312 -0.0309906005859375 0.155426025390625
-0.00373125076293945 -0.00786018371582031 0.0883560180664063 0.072052001953125
-0.00223541259765625 -0.00978279113769531 -0.0690078735351562 -0.0962753295898437
0.0131750106811523 -0.00170230865478516 0.0624542236328125 -0.152816772460938
0.0139198303222656 0.00239849090576172 0.227035522460938 -0.0967864990234375
-0.00540637969970703 0.0123262405395508 0.32952880859375 0.121063232421875
-0.0218563079833984 0.0178756713867188 0.13348388671875 0.422576904296875
-0.00316143035888672 -0.0107593536376953 -0.237548828125 0.44842529296875
0.00846290588378906 -0.00820779800415039 -0.361114501953125 0.146759033203125
0.0287876129150391 0.0123195648193359 0.0114402770996094 0.0429840087890625
0.0321578979492188 0.00296401977539063 0.412109375 -0.0975341796875
0.01031494140625 -0.00247955322265625 0.273468017578125 -0.442291259765625
-0.0152864456176758 0.0048666000366211 -0.1961669921875 -0.40179443359375
-0.0154581069946289 0.00967884063720704 -0.333953857421875 -0.0498046875000001
0.00547599792480469 0.00901699066162109 -0.220733642578125 0.139617919921875
0.0146055221557617 -0.00107574462890625 -0.031768798828125 0.156646728515625
-0.00182104110717774 -0.0084376335144043 0.0881805419921875 0.0712738037109375
-0.0013275146484375 -0.0106353759765625 -0.0704574584960938 -0.0970840454101562
0.0133428573608398 -0.00229072570800781 0.06134033203125 -0.15313720703125
0.013427734375 0.00295925140380859 0.226608276367188 -0.0991973876953125
-0.00536060333251953 0.0130596160888672 0.3299560546875 0.11968994140625
-0.0210037231445313 0.0186519622802734 0.137298583984375 0.418914794921875
-0.00425624847412109 -0.0092935562133789 -0.23455810546875 0.44927978515625
0.00641298294067383 -0.00730800628662109 -0.360809326171875 0.1495361328125
0.0253467559814453 0.013427734375 0.0102767944335937 0.0420417785644531
0.0307655334472656 0.00292587280273437 0.414337158203125 -0.0953369140625
0.0101718902587891 -0.00283718109130859 0.278594970703125 -0.44158935546875
-0.0147809982299805 0.00565242767333985 -0.194091796875 -0.404266357421875
-0.0160207748413086 0.0107364654541016 -0.332550048828125 -0.05279541015625
0.00583076477050781 0.00963115692138672 -0.218795776367188 0.139389038085938
0.0151033401489258 -0.00142765045166016 -0.031494140625 0.157608032226563
-0.00109672546386719 -0.00944232940673828 0.0884552001953125 0.0731124877929688
-0.00118732452392578 -0.0107765197753906 -0.0702896118164063 -0.0958786010742188
0.0134601593017578 -0.00298309326171875 0.0616912841796875 -0.152633666992188
0.0132265090942383 0.00341510772705078 0.226226806640625 -0.0990447998046875
-0.00545692443847656 0.0127267837524414 0.331085205078125 0.11834716796875
-0.0208568572998047 0.0192012786865234 0.13775634765625 0.41912841796875
-0.00483608245849609 -0.00836849212646484 -0.232940673828125 0.449127197265625
0.00305318832397461 -0.00711631774902344 -0.36053466796875 0.149444580078125
0.0219860076904297 0.0113277435302734 0.0098876953125 0.0427818298339844
0.0274181365966797 0.00387382507324219 0.416046142578125 -0.094085693359375
0.00924301147460938 -0.00114250183105469 0.28033447265625 -0.441009521484375
-0.0145397186279297 0.00652408599853515 -0.191680908203125 -0.4046630859375
-0.0157260894775391 0.0104427337646484 -0.33245849609375 -0.052978515625
0.00580310821533203 0.0100784301757813 -0.219314575195313 0.138961791992188
0.0148143768310547 -0.00162792205810547 -0.0313873291015625 0.1585693359375
-0.000845909118652344 -0.00910282135009766 0.0888900756835938 0.0721893310546875
-0.00156784057617187 -0.0104055404663086 -0.071929931640625 -0.0945816040039063
0.0130577087402344 -0.00216388702392578 0.0619659423828125 -0.152252197265625
0.0130434036254883 0.00391197204589844 0.22747802734375 -0.0985260009765625
-0.00487709045410156 0.0140094757080078 0.33172607421875 0.118682861328125
-0.0195331573486328 0.0187129974365234 0.1380615234375 0.420013427734375
-0.00515317916870117 -0.0078425407409668 -0.234466552734375 0.449615478515625
0.00104331970214844 -0.00776052474975586 -0.3599853515625 0.149444580078125
0.0192852020263672 0.0115089416503906 0.0120391845703125 0.0427284240722656
0.0251789093017578 0.00249099731445313 0.41766357421875 -0.09539794921875
0.00866317749023438 -0.000862598419189453 0.281402587890625 -0.44171142578125
-0.0139846801757813 0.00616836547851563 -0.191925048828125 -0.40478515625
-0.0146627426147461 0.010859489440918 -0.33203125 -0.052520751953125
0.00509548187255859 0.0101699829101563 -0.217681884765625 0.138870239257813
0.0141220092773437 -0.000996589660644531 -0.0300140380859375 0.157485961914063
-0.00136852264404297 -0.00915241241455078 0.0897216796875 0.072479248046875
-0.00404644012451172 -0.0098876953125 -0.0730743408203125 -0.093963623046875
0.0127325057983398 -0.00214958190917969 0.0628662109375 -0.151580810546875
0.0124139785766602 0.00483894348144531 0.22747802734375 -0.096832275390625
-0.00504207611083984 0.0147294998168945 0.33111572265625 0.120941162109375
-0.0193729400634766 0.0189800262451172 0.134368896484375 0.42059326171875
-0.00444221496582031 -0.00813055038452148 -0.23736572265625 0.4490966796875
0.000640392303466797 -0.00781583786010742 -0.36077880859375 0.14678955078125
0.0174894332885742 0.010380744934082 0.0148124694824219 0.0434951782226562
0.0244178771972656 0.00200653076171875 0.418182373046875 -0.096771240234375
0.00890064239501953 -0.000537872314453125 0.28125 -0.442718505859375
-0.0133123397827148 0.00682258605957031 -0.19329833984375 -0.402679443359375
-0.0147666931152344 0.0117368698120117 -0.332244873046875 -0.049774169921875
0.00434780120849609 0.0100584030151367 -0.21661376953125 0.139312744140625
0.0143928527832031 -0.000531196594238281 -0.028411865234375 0.157760620117188
-0.00230979919433594 -0.00949954986572266 0.0904693603515625 0.0729141235351563
-0.00561332702636719 -0.00946521759033203 -0.0736160278320312 -0.0918045043945313
0.0122814178466797 -0.00166893005371094 0.063140869140625 -0.151641845703125
0.011622428894043 0.00629901885986328 0.228225708007813 -0.094390869140625
-0.00528621673583985 0.0157594680786133 0.33013916015625 0.12530517578125
-0.0186939239501953 0.0191459655761719 0.129638671875 0.42413330078125
-0.00369882583618164 -0.00803899765014648 -0.2418212890625 0.448394775390625
0.000145435333251953 -0.00730752944946289 -0.360137939453125 0.146728515625
0.0163764953613281 0.00992107391357422 0.0188179016113281 0.0438461303710937
0.0237693786621094 0.00180435180664062 0.419158935546875 -0.101898193359375
0.00926780700683594 -0.000364303588867188 0.276763916015625 -0.4462890625
-0.0122556686401367 0.00684547424316406 -0.19720458984375 -0.40087890625
-0.0142555236816406 0.0119924545288086 -0.331878662109375 -0.047149658203125
0.00423526763916016 0.0111751556396484 -0.214508056640625 0.140609741210937
0.0136394500732422 0.000222206115722656 -0.0274810791015625 0.15643310546875
-0.00371599197387695 -0.00828886032104492 0.0915908813476563 0.0714187622070313
-0.00696754455566406 -0.00870561599731445 -0.0736312866210938 -0.09197998046875
0.0118827819824219 0.000206947326660156 0.0648193359375 -0.150421142578125
0.0111303329467773 0.00651645660400391 0.228744506835938 -0.0925445556640625
-0.00552463531494141 0.0156793594360352 0.328155517578125 0.128143310546875
-0.0185375213623047 0.0189552307128906 0.12335205078125 0.42718505859375
-0.00198841094970703 -0.0084543228149414 -0.247589111328125 0.44622802734375
0.00142383575439453 -0.00716161727905274 -0.35906982421875 0.14312744140625
0.0172882080078125 0.0099029541015625 0.0233383178710938 0.0442924499511719
0.0251121520996094 0.00175666809082031 0.4197998046875 -0.105743408203125
0.0102319717407227 -0.000337600708007813 0.268768310546875 -0.448516845703125
-0.0123376846313477 0.00690174102783203 -0.20294189453125 -0.39630126953125
-0.014592170715332 0.012394905090332 -0.332305908203125 -0.04345703125
0.00410366058349609 0.0115385055541992 -0.213470458984375 0.1422119140625
0.0136051177978516 0.00118446350097656 -0.0254669189453125 0.156234741210937
-0.00529384613037109 -0.00745010375976563 0.0927886962890625 0.0719375610351563
-0.00226402282714844 -0.00897121429443359 -0.066741943359375 -0.0969619750976563
0.0135564804077148 -0.000454902648925781 0.0623931884765625 -0.151626586914063
0.0123844146728516 0.00302886962890625 0.226303100585938 -0.095367431640625
-0.00738239288330078 0.0126209259033203 0.32757568359375 0.12481689453125
-0.0212440490722656 0.0166110992431641 0.127685546875 0.421234130859375
-0.00188159942626953 -0.0104646682739258 -0.241851806640625 0.44525146484375
0.0107364654541016 -0.00798130035400391 -0.359832763671875 0.144439697265625
0.0305709838867188 0.0137672424316406 0.0131492614746094 0.0418319702148437
0.0333995819091797 0.00266265869140625 0.40960693359375 -0.098052978515625
0.0110769271850586 -0.0033721923828125 0.266357421875 -0.44195556640625
-0.014643669128418 0.004852294921875 -0.202484130859375 -0.395599365234375
-0.0171413421630859 0.00997447967529297 -0.332855224609375 -0.045135498046875
0.00661945343017578 0.00943660736083984 -0.217010498046875 0.141036987304688
0.015345573425293 -0.000544548034667969 -0.0299835205078125 0.154754638671875
-0.00442218780517578 -0.00652885437011719 0.0882110595703125 0.071563720703125
-0.00158309936523437 -0.00914955139160156 -0.067718505859375 -0.0970611572265625
0.0128488540649414 -0.0016326904296875 0.060546875 -0.15240478515625
0.0121936798095703 0.00226116180419922 0.224884033203125 -0.098236083984375
-0.0068521499633789 0.0129175186157227 0.328857421875 0.119476318359375
-0.0214729309082031 0.0172576904296875 0.1356201171875 0.4190673828125
-0.0035400390625 -0.00976467132568359 -0.23516845703125 0.4462890625
0.00777721405029297 -0.00730609893798828 -0.3592529296875 0.145599365234375
0.0278167724609375 0.0136947631835938 0.0108375549316406 0.0420341491699219
0.0329055786132813 0.00230598449707031 0.409637451171875 -0.098358154296875
0.0107173919677734 -0.00255489349365234 0.27117919921875 -0.439697265625
-0.0146245956420898 0.0037679672241211 -0.19720458984375 -0.398651123046875
-0.0159912109375 0.0101890563964844 -0.33331298828125 -0.0485839843749999
0.00580978393554688 0.00922775268554688 -0.216537475585938 0.139785766601563
0.0158205032348633 -0.00158309936523437 -0.031524658203125 0.155746459960937
-0.00246000289916992 -0.00813484191894531 0.087677001953125 0.0716400146484375
-0.00131893157958984 -0.0096883773803711 -0.0698471069335937 -0.0963973999023438
0.0128803253173828 -0.00272274017333984 0.06024169921875 -0.151824951171875
0.0130949020385742 0.00247669219970703 0.224609375 -0.0999298095703125
-0.00584697723388672 0.0135612487792969 0.329833984375 0.117950439453125
-0.0207881927490234 0.0176448822021484 0.139556884765625 0.416473388671875
-0.00454616546630859 -0.00906848907470703 -0.23065185546875 0.44793701171875
0.00490140914916992 -0.00782012939453125 -0.3587646484375 0.1483154296875
0.0244941711425781 0.0127372741699219 0.00981903076171875 0.0415229797363281
0.0299453735351563 0.00320816040039062 0.411163330078125 -0.09417724609375
0.0103836059570313 -0.00224590301513672 0.275726318359375 -0.439422607421875
-0.0153102874755859 0.00457572937011719 -0.19329833984375 -0.40081787109375
-0.0155801773071289 0.0109424591064453 -0.33123779296875 -0.05096435546875
0.00609588623046875 0.00959396362304688 -0.216690063476563 0.13970947265625
0.0152683258056641 -0.00133228302001953 -0.0310821533203125 0.15673828125
-0.0011897087097168 -0.00830602645874024 0.0877609252929688 0.0728836059570313
-0.00127315521240234 -0.00991153717041016 -0.0706634521484375 -0.0956192016601563
0.0124015808105469 -0.00274181365966797 0.0600128173828125 -0.152114868164063
0.0135498046875 0.00268459320068359 0.225128173828125 -0.099822998046875
-0.0045166015625 0.0136585235595703 0.33038330078125 0.116058349609375
-0.0204925537109375 0.0185203552246094 0.139495849609375 0.415435791015625
-0.00493574142456055 -0.00810956954956055 -0.22894287109375 0.445892333984375
0.00285434722900391 -0.00744962692260742 -0.358001708984375 0.14794921875
0.0221004486083984 0.0115203857421875 0.010040283203125 0.0418167114257813
0.02752685546875 0.00284576416015625 0.412322998046875 -0.09454345703125
0.00947856903076172 -0.00123310089111328 0.27801513671875 -0.438140869140625
-0.0144939422607422 0.00533676147460937 -0.192291259765625 -0.400970458984375
-0.0155134201049805 0.0113010406494141 -0.32989501953125 -0.05230712890625
0.0059967041015625 0.00983238220214844 -0.216156005859375 0.139205932617187
0.0147590637207031 -0.00150489807128906 -0.02984619140625 0.157455444335938
-0.00121879577636719 -0.00894546508789063 0.0885162353515625 0.072296142578125
-0.00300884246826172 -0.00969219207763672 -0.072662353515625 -0.0947265625
0.013331413269043 -0.00197696685791016 0.060150146484375 -0.152420043945313
0.0119819641113281 0.00465774536132813 0.224945068359375 -0.0990142822265625
-0.00478935241699219 0.014277458190918 0.330047607421875 0.1182861328125
-0.0197162628173828 0.0196914672851563 0.139678955078125 0.415679931640625
-0.00449752807617188 -0.00894069671630859 -0.231292724609375 0.44757080078125
0.000467777252197265 -0.00647878646850586 -0.3575439453125 0.147979736328125
0.0188465118408203 0.0108432769775391 0.0114479064941406 0.0421791076660156
0.0259933471679688 0.00187301635742188 0.414794921875 -0.09527587890625
0.00904750823974609 -0.000786781311035156 0.2786865234375 -0.438079833984375
-0.0138521194458008 0.00643444061279297 -0.191864013671875 -0.400726318359375
-0.0142736434936523 0.0112419128417969 -0.329833984375 -0.0501098632812501
0.00473117828369141 0.010014533996582 -0.214950561523438 0.139205932617187
0.0143575668334961 -0.00129413604736328 -0.0288848876953125 0.1572265625
-0.00135040283203125 -0.0085439682006836 0.0888519287109375 0.0724716186523438
-0.00366306304931641 -0.00983142852783203 -0.072845458984375 -0.0943145751953125
0.0125322341918945 -0.00160312652587891 0.0612945556640625 -0.150604248046875
0.0119419097900391 0.00425815582275391 0.22625732421875 -0.097564697265625
-0.00469207763671875 0.0146884918212891 0.328887939453125 0.119476318359375
-0.0187339782714844 0.0192070007324219 0.135162353515625 0.418914794921875
-0.00413656234741211 -0.00867080688476563 -0.234466552734375 0.446868896484375
-4.38690185546869E-05 -0.00668954849243164 -0.3568115234375 0.146728515625
0.0164813995361328 0.0100822448730469 0.0148735046386719 0.0424842834472656
0.0241756439208984 0.00216102600097656 0.415740966796875 -0.096099853515625
0.00961685180664063 -0.000571250915527344 0.276824951171875 -0.440032958984375
-0.0125436782836914 0.0065460205078125 -0.1922607421875 -0.399566650390625
-0.0147218704223633 0.0119714736938477 -0.329315185546875 -0.048370361328125
0.00462436676025391 0.0107088088989258 -0.213668823242188 0.138809204101562
0.0141057968139648 -0.00138473510742188 -0.027557373046875 0.1566162109375
-0.00243186950683594 -0.00865411758422851 0.09027099609375 0.0725173950195313
-0.00595235824584961 -0.00865888595581055 -0.0736160278320313 -0.0913009643554688
0.0116186141967773 -0.00156593322753906 0.0622406005859375 -0.150558471679688
0.011235237121582 0.00597667694091797 0.2265625 -0.09478759765625
-0.00507450103759766 0.0148324966430664 0.32855224609375 0.12255859375
-0.0180435180664063 0.0188789367675781 0.12969970703125 0.421905517578125
-0.00315475463867187 -0.00867986679077148 -0.238861083984375 0.446441650390625
-0.000522136688232421 -0.00700569152832031 -0.357940673828125 0.145111083984375
0.0154170989990234 0.0100612640380859 0.0186347961425781 0.0431861877441406
0.0238761901855469 0.00180244445800781 0.415863037109375 -0.102203369140625
0.00930881500244141 -0.000902175903320313 0.27337646484375 -0.444244384765625
-0.0124006271362305 0.00663185119628907 -0.196563720703125 -0.397247314453125
-0.014369010925293 0.0116186141967773 -0.329437255859375 -0.0452880859375
0.00416660308837891 0.0113515853881836 -0.212203979492188 0.140472412109375
0.0135097503662109 -0.000367164611816406 -0.026275634765625 0.1549072265625
-0.00372123718261719 -0.00780391693115234 0.0907135009765625 0.0710372924804688
-0.00735759735107422 -0.0082392692565918 -0.073028564453125 -0.0914230346679688
0.0116519927978516 0.000407218933105469 0.0634307861328125 -0.150650024414062
0.0104045867919922 0.00623798370361328 0.227142333984375 -0.0932464599609375
-0.00537586212158203 0.0153160095214844 0.32720947265625 0.127227783203125
-0.0174732208251953 0.0184440612792969 0.123931884765625 0.4237060546875
-0.00194883346557617 -0.00851583480834961 -0.243560791015625 0.44378662109375
0.00175189971923828 -0.00699996948242188 -0.355865478515625 0.142547607421875
0.0162696838378906 0.00960922241210938 0.0222396850585938 0.0433235168457031
0.0247745513916016 0.0015716552734375 0.41705322265625 -0.10479736328125
0.0103530883789063 -0.000864028930664062 0.267486572265625 -0.446380615234375
-0.0124225616455078 0.00706100463867188 -0.202117919921875 -0.3922119140625
-0.0145959854125977 0.0124044418334961 -0.33013916015625 -0.0411376953124999
0.00423812866210937 0.0109825134277344 -0.210891723632813 0.142333984375
0.0136241912841797 0.000699996948242188 -0.02410888671875 0.15545654296875
-0.00580501556396484 -0.00738286972045898 0.0919876098632813 0.070709228515625
-0.00315475463867187 -0.00875663757324219 -0.06695556640625 -0.0968246459960938
0.0132427215576172 -0.000629425048828125 0.06048583984375 -0.152572631835937
0.0129518508911133 0.00301074981689453 0.22430419921875 -0.09600830078125
-0.00748157501220703 0.012969970703125 0.325225830078125 0.122802734375
-0.0208225250244141 0.0169486999511719 0.12921142578125 0.419403076171875
-0.0019378662109375 -0.010380744934082 -0.238800048828125 0.441802978515625
0.0095672607421875 -0.0072784423828125 -0.358123779296875 0.14410400390625
0.0296630859375 0.0133914947509766 0.0134963989257813 0.0412826538085938
0.0338516235351563 0.00176811218261719 0.40673828125 -0.0985107421875
0.0114717483520508 -0.00339221954345703 0.26470947265625 -0.438323974609375
-0.0148220062255859 0.00494575500488282 -0.20233154296875 -0.39398193359375
-0.0161476135253906 0.0106868743896484 -0.33160400390625 -0.043670654296875
0.00573253631591797 0.00946712493896484 -0.214584350585938 0.139984130859375
0.0157537460327148 -0.000301361083984375 -0.0293731689453125 0.154449462890625
-0.00412559509277344 -0.00635623931884765 0.0877304077148438 0.070770263671875
-0.00268459320068359 -0.00923919677734375 -0.0683364868164063 -0.096588134765625
0.0131444931030273 -0.00175666809082031 0.0599822998046875 -0.152206420898438
0.013035774230957 0.00259780883789063 0.222885131835937 -0.09796142578125
-0.00659561157226563 0.0126419067382812 0.327972412109375 0.119537353515625
-0.0205879211425781 0.0171337127685547 0.1358642578125 0.4156494140625
-0.00315093994140625 -0.00987434387207031 -0.232696533203125 0.44427490234375
0.00731134414672851 -0.00690317153930664 -0.357635498046875 0.14569091796875
0.0265369415283203 0.0130138397216797 0.0108489990234375 0.0412826538085938
0.0317459106445313 0.00223922729492188 0.4073486328125 -0.096282958984375
0.01104736328125 -0.00330829620361328 0.269287109375 -0.4375
-0.0147323608398438 0.00488662719726563 -0.19671630859375 -0.39581298828125
-0.0162677764892578 0.0102100372314453 -0.33062744140625 -0.047119140625
0.00546836853027344 0.00913524627685547 -0.215606689453125 0.139083862304688
0.0148086547851563 -0.00156307220458984 -0.0303192138671875 0.1553955078125
-0.00308847427368164 -0.00756597518920898 0.0874176025390625 0.0712738037109375
-0.00263500213623047 -0.00975418090820313 -0.0694808959960938 -0.0954513549804688
0.0128993988037109 -0.00187587738037109 0.0598602294921875 -0.152481079101563
0.0129528045654297 0.00263214111328125 0.222442626953125 -0.0994415283203125
-0.00579261779785156 0.0131206512451172 0.328125 0.11724853515625
-0.0202140808105469 0.0179500579833984 0.139984130859375 0.413787841796875
-0.00426959991455078 -0.00928401947021484 -0.22784423828125 0.444366455078125
0.00452804565429688 -0.0067591667175293 -0.3563232421875 0.1478271484375
0.02447509765625 0.0131607055664063 0.00879287719726563 0.0402755737304687
0.0296688079833984 0.00204277038574219 0.408447265625 -0.0933837890625
0.0103797912597656 -0.00242519378662109 0.27337646484375 -0.436004638671875
-0.0148248672485352 0.00557994842529297 -0.192962646484375 -0.398468017578125
-0.0146045684814453 0.0108776092529297 -0.329254150390625 -0.04986572265625
0.00550079345703125 0.00911331176757813 -0.21478271484375 0.139266967773438
0.0148954391479492 -0.00175571441650391 -0.029876708984375 0.156600952148438
-0.00166702270507812 -0.00854253768920898 0.0871200561523438 0.071563720703125
-0.00196552276611328 -0.0097503662109375 -0.0714569091796875 -0.0946426391601563
0.0129356384277344 -0.00226879119873047 0.0591583251953125 -0.151962280273437
0.0121431350708008 0.00322151184082031 0.222549438476562 -0.100326538085937
-0.00525283813476563 0.0136175155639648 0.3297119140625 0.114501953125
-0.0192394256591797 0.0186691284179687 0.140106201171875 0.4129638671875
-0.00444889068603515 -0.00821161270141602 -0.227325439453125 0.44476318359375
0.00274562835693359 -0.00675630569458008 -0.356231689453125 0.147918701171875
0.0204010009765625 0.0120315551757813 0.00982284545898438 0.0410957336425781
0.0270595550537109 0.00208282470703125 0.41064453125 -0.09295654296875
0.0101003646850586 -0.00200366973876953 0.274322509765625 -0.435760498046875
-0.0138797760009766 0.00577449798583984 -0.19091796875 -0.398651123046875
-0.0152215957641602 0.0110607147216797 -0.3282470703125 -0.0514526367187501
0.00572872161865234 0.00959300994873047 -0.213943481445313 0.139724731445313
0.0152187347412109 -0.00217437744140625 -0.0285491943359375 0.156463623046875
-0.000820159912109375 -0.00846099853515625 0.0877151489257813 0.0722122192382813
-0.00367641448974609 -0.00977420806884766 -0.0723114013671875 -0.09423828125
0.0122842788696289 -0.00166034698486328 0.0598602294921875 -0.151504516601563
0.0119037628173828 0.00428962707519531 0.22344970703125 -0.099822998046875
-0.0047149658203125 0.014338493347168 0.329803466796875 0.11572265625
-0.0181865692138672 0.0191326141357422 0.14044189453125 0.4132080078125
-0.00441694259643555 -0.00810337066650391 -0.228851318359375 0.444183349609375
0.000265121459960938 -0.00620651245117188 -0.356231689453125 0.146697998046875
0.0177440643310547 0.0105686187744141 0.0114212036132813 0.0416107177734375
0.0250282287597656 0.00216865539550781 0.412261962890625 -0.0921630859375
0.00952243804931641 -0.00150203704833984 0.277587890625 -0.4361572265625
-0.0132627487182617 0.00627803802490234 -0.19195556640625 -0.3983154296875
-0.0144634246826172 0.0117511749267578 -0.32806396484375 -0.050018310546875
0.00463485717773437 0.00966548919677734 -0.213226318359375 0.138778686523438
0.0146017074584961 -0.00170040130615234 -0.0288238525390625 0.156234741210938
-0.00203514099121094 -0.00852727890014648 0.0885009765625 0.07220458984375
-0.00392532348632813 -0.00960922241210938 -0.0729598999023437 -0.0933914184570313
0.0122280120849609 -0.00177764892578125 0.06060791015625 -0.150344848632813
0.0110969543457031 0.00470066070556641 0.224517822265625 -0.0982513427734375
-0.00542354583740234 0.0145606994628906 0.329498291015625 0.118255615234375
-0.0181369781494141 0.0187187194824219 0.135345458984375 0.416015625
-0.00320100784301758 -0.00833225250244141 -0.2325439453125 0.443878173828125
-0.000627040863037109 -0.00634288787841797 -0.35546875 0.145599365234375
0.0158300399780273 0.0104560852050781 0.0145072937011719 0.0415840148925781
0.0240325927734375 0.00170135498046875 0.41259765625 -0.096038818359375
0.0097036361694336 -0.00100040435791016 0.275238037109375 -0.4378662109375
-0.0124626159667969 0.00628471374511719 -0.19189453125 -0.397491455078125
-0.0136928558349609 0.0124750137329102 -0.32818603515625 -0.0477294921875001
0.00464534759521484 0.010004997253418 -0.212615966796875 0.139480590820313
0.0138559341430664 -0.000821113586425781 -0.0268402099609375 0.15631103515625
-0.00320529937744141 -0.00830411911010742 0.0888671875 0.0723190307617188
-0.00647926330566406 -0.00784540176391602 -0.0731582641601563 -0.0910263061523437
0.0115203857421875 -0.00110435485839844 0.060760498046875 -0.15045166015625
0.0108823776245117 0.00576591491699219 0.224990844726563 -0.09600830078125
-0.0052499771118164 0.0155572891235352 0.32696533203125 0.121795654296875
-0.0176563262939453 0.0181159973144531 0.131988525390625 0.418914794921875
-0.00304603576660156 -0.0084843635559082 -0.235748291015625 0.444580078125
-0.00102567672729492 -0.00641822814941406 -0.3555908203125 0.14544677734375
0.014887809753418 0.009613037109375 0.017791748046875 0.0420989990234375
0.0237293243408203 0.00172805786132813 0.412994384765625 -0.10125732421875
0.00948810577392578 -0.000878334045410156 0.27056884765625 -0.440093994140625
-0.0116071701049805 0.00681400299072266 -0.19635009765625 -0.39459228515625
-0.0137872695922852 0.0125036239624023 -0.32794189453125 -0.0444030761718749
0.00482559204101562 0.0109443664550781 -0.21063232421875 0.139785766601562
0.013728141784668 -0.00100135803222656 -0.0260467529296875 0.154449462890625
-0.00421047210693359 -0.00747776031494141 0.0902023315429688 0.0704345703125
-0.00799751281738281 -0.00733184814453125 -0.0736312866210937 -0.0915451049804688
0.0114660263061523 0.000951766967773438 0.062469482421875 -0.149703979492188
0.0102663040161133 0.00667953491210937 0.22589111328125 -0.093231201171875
-0.00563812255859375 0.015411376953125 0.3267822265625 0.125091552734375
-0.0174140930175781 0.0181541442871094 0.125335693359375 0.421966552734375
-0.00137519836425781 -0.00887203216552734 -0.242034912109375 0.441741943359375
0.00054311752319336 -0.00645875930786133 -0.354583740234375 0.142669677734375
0.0158109664916992 0.00934219360351563 0.0221710205078125 0.0424270629882813
0.0245532989501953 0.000967025756835938 0.413543701171875 -0.10369873046875
0.0110416412353516 -0.00137424468994141 0.2646484375 -0.443206787109375
-0.0115509033203125 0.00684642791748047 -0.201751708984375 -0.38934326171875
-0.0143756866455078 0.0125865936279297 -0.3287353515625 -0.0404968261718749
0.00430583953857422 0.0114068984985352 -0.208908081054688 0.141555786132813
0.0133695602416992 -6.67572021484375E-06 -0.0236968994140625 0.154708862304688
-0.00659418106079102 -0.00670909881591797 0.0914535522460938 0.0710372924804688
-0.00350236892700195 -0.00820159912109375 -0.0686264038085938 -0.0967254638671875
0.0130596160888672 -0.000234603881835938 0.060333251953125 -0.151077270507813
0.0119142532348633 0.00310802459716797 0.223724365234375 -0.0957794189453125
-0.00832271575927734 0.0121145248413086 0.324005126953125 0.122100830078125
-0.0204925537109375 0.0164546966552734 0.130615234375 0.41656494140625
-0.001251220703125 -0.010737419128418 -0.23651123046875 0.44049072265625
0.00980758666992188 -0.00565147399902344 -0.356353759765625 0.142486572265625
0.0290641784667969 0.0146217346191406 0.0127182006835937 0.0409393310546875
0.0329742431640625 0.00171470642089844 0.40435791015625 -0.09747314453125
0.0119409561157227 -0.00358390808105469 0.263427734375 -0.436798095703125
-0.0140199661254883 0.00466537475585938 -0.201324462890625 -0.391021728515625
-0.01611328125 0.0103397369384766 -0.330230712890625 -0.044281005859375
0.00568485260009766 0.00926685333251953 -0.212860107421875 0.139541625976563
0.015589714050293 -0.00125885009765625 -0.0283966064453125 0.15435791015625
-0.00418376922607422 -0.00617647171020508 0.0868682861328125 0.0706787109375
-0.00223541259765625 -0.00850868225097656 -0.0683746337890625 -0.096221923828125
0.013279914855957 -0.00114345550537109 0.05908203125 -0.152328491210938
0.0123090744018555 0.00243473052978516 0.222702026367188 -0.097869873046875
-0.0072479248046875 0.0123758316040039 0.32666015625 0.118194580078125
-0.0200214385986328 0.0171527862548828 0.136962890625 0.41436767578125
-0.00206089019775391 -0.00933647155761719 -0.230316162109375 0.441253662109375
0.00629997253417969 -0.00621938705444336 -0.356109619140625 0.143890380859375
0.0258312225341797 0.0142707824707031 0.0101089477539063 0.0405235290527344
0.0316600799560547 0.00205612182617188 0.4046630859375 -0.09490966796875
0.011322021484375 -0.00286483764648438 0.267669677734375 -0.436737060546875
-0.0144414901733398 0.00451946258544922 -0.196685791015625 -0.393096923828125
-0.0157136917114258 0.0115976333618164 -0.328887939453125 -0.0469665527343749
0.00634479522705078 0.00893688201904297 -0.213363647460937 0.138702392578125
0.0148305892944336 -0.00104618072509766 -0.030609130859375 0.154556274414063
-0.0032191276550293 -0.00781869888305664 0.0864486694335938 0.071197509765625
-0.00287151336669922 -0.00993919372558594 -0.0698013305664062 -0.0952224731445313
0.0129919052124023 -0.00108528137207031 0.059173583984375 -0.15185546875
0.0121736526489258 0.002777099609375 0.221755981445312 -0.100112915039062
-0.00643539428710938 0.0134363174438477 0.327789306640625 0.115203857421875
-0.0195083618164063 0.0177650451660156 0.14007568359375 0.412933349609375
-0.00287246704101563 -0.00942897796630859 -0.225860595703125 0.442962646484375
0.00420951843261719 -0.00610971450805664 -0.3553466796875 0.145965576171875
0.0229434967041016 0.0128612518310547 0.00871658325195313 0.0411605834960938
0.029266357421875 0.00212287902832031 0.40545654296875 -0.0927734375
0.0108547210693359 -0.00298118591308594 0.27252197265625 -0.434051513671875
-0.0138149261474609 0.00522136688232422 -0.1937255859375 -0.395782470703125
-0.0149593353271484 0.0112590789794922 -0.327362060546875 -0.0487060546875001
0.00662708282470703 0.00865983963012695 -0.212722778320312 0.138168334960938
0.0150718688964844 -0.00162887573242188 -0.0294342041015625 0.155563354492188
-0.00256633758544922 -0.00769472122192383 0.08685302734375 0.0718612670898438
-0.00340461730957031 -0.00936412811279297 -0.0712432861328125 -0.093994140625
0.0136375427246094 -0.00212287902832031 0.0586395263671875 -0.151535034179688
0.0120868682861328 0.00349140167236328 0.222259521484375 -0.099578857421875
-0.00584697723388672 0.0140981674194336 0.328277587890625 0.1134033203125
-0.0188465118408203 0.0188884735107422 0.14129638671875 0.41156005859375
-0.00437784194946289 -0.00873422622680664 -0.224639892578125 0.44195556640625
0.00211238861083984 -0.00630855560302734 -0.354522705078125 0.147064208984375
0.0203151702880859 0.0125999450683594 0.00893402099609375 0.0398368835449219
0.0266056060791016 0.00205802917480469 0.407867431640625 -0.09161376953125
0.00941085815429688 -0.00165557861328125 0.275543212890625 -0.433624267578125
-0.0131120681762695 0.00601673126220703 -0.189666748046875 -0.396728515625
-0.0148401260375977 0.0113105773925781 -0.326629638671875 -0.04962158203125
0.00565719604492188 0.00913524627685547 -0.21173095703125 0.138381958007813
0.0142726898193359 -0.00224971771240234 -0.0288848876953125 0.156341552734375
-0.00230312347412109 -0.00917434692382813 0.0873031616210938 0.07244873046875
-0.00291252136230469 -0.00934314727783203 -0.072021484375 -0.094085693359375
0.0124902725219727 -0.00183963775634766 0.0592193603515625 -0.151107788085938
0.0116825103759766 0.00361824035644531 0.222579956054687 -0.0992584228515625
-0.00562191009521484 0.0141391754150391 0.329010009765625 0.11456298828125
-0.0183238983154297 0.0189685821533203 0.140106201171875 0.411590576171875
-0.00369596481323242 -0.00798749923706055 -0.226715087890625 0.442840576171875
3.76701354980463E-05 -0.00608110427856445 -0.3544921875 0.147216796875
0.0166645050048828 0.0116233825683594 0.0115203857421875 0.04058837890625
0.0248374938964844 0.00199127197265625 0.40924072265625 -0.091644287109375
0.00914096832275391 -0.00188636779785156 0.27532958984375 -0.43450927734375
-0.0125188827514648 0.00615119934082031 -0.19049072265625 -0.396453857421875
-0.0143318176269531 0.0120563507080078 -0.32562255859375 -0.04876708984375
0.00539684295654297 0.00950050354003906 -0.211654663085938 0.137832641601562
0.0141324996948242 -0.00262832641601562 -0.02850341796875 0.156082153320312
-0.00201320648193359 -0.00900554656982422 0.0878982543945313 0.0725784301757813
-0.00486326217651367 -0.008697509765625 -0.07275390625 -0.0931625366210938
0.0119590759277344 -0.00130271911621094 0.0602874755859375 -0.150665283203125
0.0108737945556641 0.00505924224853516 0.223541259765625 -0.0983428955078125
-0.0051717758178711 0.0152263641357422 0.32830810546875 0.11669921875
-0.0177841186523438 0.0190887451171875 0.13787841796875 0.413909912109375
-0.00338363647460937 -0.00848245620727539 -0.23040771484375 0.442047119140625
-0.00164985656738281 -0.00651407241821289 -0.354339599609375 0.145477294921875
0.0148420333862305 0.0102901458740234 0.0139541625976563 0.0413093566894531
0.0236644744873047 0.001373291015625 0.41009521484375 -0.0947265625
0.00987339019775391 -0.00115394592285156 0.273956298828125 -0.435546875
-0.0124626159667969 0.00615119934082031 -0.190673828125 -0.39459228515625
-0.0139150619506836 0.0124063491821289 -0.32550048828125 -0.0474853515625
0.00478172302246094 0.0102872848510742 -0.210311889648438 0.138442993164062
0.0139484405517578 -0.001312255859375 -0.0263214111328125 0.155441284179688
-0.00297641754150391 -0.00809526443481445 0.088623046875 0.0721511840820313
-0.00651741027832031 -0.00781726837158203 -0.0732498168945313 -0.091094970703125
0.0116653442382813 -0.000949859619140625 0.060699462890625 -0.149887084960938
0.0105276107788086 0.00608348846435547 0.223617553710938 -0.095306396484375
-0.00546646118164063 0.0153846740722656 0.327728271484375 0.12103271484375
-0.0167217254638672 0.0181884765625 0.132720947265625 0.41595458984375
-0.0023493766784668 -0.00862407684326172 -0.234039306640625 0.441619873046875
-0.00157356262207031 -0.00589466094970703 -0.353546142578125 0.1434326171875
0.0138769149780273 0.0102605819702148 0.0175628662109375 0.0415382385253906
0.0229892730712891 0.00106620788574219 0.411834716796875 -0.09991455078125
0.00988483428955078 -0.000750541687011719 0.269378662109375 -0.4383544921875
-0.0115222930908203 0.00637435913085938 -0.19586181640625 -0.391815185546875
-0.014063835144043 0.0127849578857422 -0.3255615234375 -0.044189453125
0.00403690338134766 0.0108661651611328 -0.208908081054688 0.139923095703125
0.0137042999267578 -0.00132656097412109 -0.0251922607421875 0.154571533203125
-0.00496482849121094 -0.00694179534912109 0.0889739990234375 0.070556640625
-0.00800418853759766 -0.00660181045532227 -0.0730056762695313 -0.0912399291992187
0.0114173889160156 0.00101757049560547 0.0620574951171875 -0.149368286132813
0.00986480712890625 0.00637054443359375 0.22479248046875 -0.0935516357421875
-0.00618743896484375 0.0152959823608398 0.324493408203125 0.12554931640625
-0.0170421600341797 0.0181026458740234 0.126312255859375 0.41888427734375
-0.000848770141601563 -0.00903606414794922 -0.240203857421875 0.43994140625
0.000880241394042969 -0.00597476959228516 -0.353118896484375 0.141845703125
0.014714241027832 0.0100889205932617 0.0214767456054688 0.0422592163085937
0.0245227813720703 0.000461578369140625 0.41107177734375 -0.103607177734375
0.0110673904418945 -0.00142383575439453 0.263031005859375 -0.44024658203125
-0.0108442306518555 0.00679779052734375 -0.201629638671875 -0.3876953125
-0.0137205123901367 0.0132522583007812 -0.326080322265625 -0.0393981933593751
0.00383853912353516 0.0110349655151367 -0.20703125 0.141067504882813
0.0133352279663086 -7.15255737304687E-05 -0.0234222412109375 0.154296875
-0.00652360916137695 -0.00655698776245117 0.0902862548828125 0.070404052734375
-0.00409460067749023 -0.0078582763671875 -0.0670013427734375 -0.096588134765625
0.013758659362793 -0.000188827514648438 0.0606536865234375 -0.151809692382813
0.0117044448852539 0.00281143188476563 0.22265625 -0.0961456298828125
-0.00788497924804688 0.0137481689453125 0.325103759765625 0.121337890625
-0.0192947387695313 0.0161457061767578 0.130157470703125 0.4150390625
-0.000421524047851562 -0.0108842849731445 -0.236846923828125 0.439239501953125
0.0100240707397461 -0.00575351715087891 -0.35540771484375 0.141571044921875
0.028167724609375 0.0145034790039062 0.0114021301269531 0.0411872863769531
0.0334873199462891 0.00143241882324219 0.402313232421875 -0.096435546875
0.0117826461791992 -0.00330829620361328 0.262481689453125 -0.436553955078125
-0.0135879516601563 0.00478553771972656 -0.201202392578125 -0.389678955078125
-0.0158281326293945 0.0106210708618164 -0.327667236328125 -0.043670654296875
0.00657463073730469 0.00890064239501953 -0.212478637695313 0.140518188476563
0.0152015686035156 -0.001556396484375 -0.0276641845703125 0.153488159179688
-0.0044102668762207 -0.00614356994628906 0.086944580078125 0.0702743530273438
-0.00266695022583008 -0.00769662857055664 -0.0695877075195313 -0.0965118408203125
0.0130853652954102 -0.0004425048828125 0.0596466064453125 -0.151809692382813
0.0124597549438477 0.00311183929443359 0.221466064453125 -0.098419189453125
-0.0070638656616211 0.0121698379516602 0.3265380859375 0.116241455078125
-0.0202198028564453 0.0167865753173828 0.13739013671875 0.41278076171875
-0.00136756896972656 -0.0104284286499023 -0.2293701171875 0.44085693359375
0.00612306594848633 -0.00529766082763672 -0.35595703125 0.144927978515625
0.0255699157714844 0.0133438110351563 0.009490966796875 0.0400047302246094
0.0316543579101563 0.00194549560546875 0.4044189453125 -0.093963623046875
0.0114545822143555 -0.00361061096191406 0.268310546875 -0.432830810546875
-0.0142354965209961 0.0052337646484375 -0.19561767578125 -0.393280029296875
-0.0153675079345703 0.010798454284668 -0.32818603515625 -0.0458984374999999
0.00631046295166016 0.00840377807617188 -0.212783813476563 0.13958740234375
0.014521598815918 -0.00231647491455078 -0.029449462890625 0.15478515625
-0.00331783294677735 -0.00694990158081055 0.0861892700195312 0.0713119506835938
-0.00260066986083984 -0.00847911834716797 -0.0695037841796875 -0.0960159301757813
0.0127296447753906 -0.00156497955322266 0.0582122802734375 -0.152130126953125
0.012542724609375 0.00301647186279297 0.220260620117188 -0.100265502929688
-0.00632286071777344 0.0128374099731445 0.32708740234375 0.113922119140625
-0.0187759399414063 0.0173511505126953 0.141357421875 0.4097900390625
-0.00242137908935547 -0.00970745086669922 -0.22418212890625 0.44091796875
0.00394010543823242 -0.00569295883178711 -0.35455322265625 0.146697998046875
0.0224533081054688 0.013214111328125 0.00778961181640625 0.040557861328125
0.0299015045166016 0.00194740295410156 0.4044189453125 -0.092864990234375
0.0113468170166016 -0.00268173217773438 0.272186279296875 -0.432830810546875
-0.0136251449584961 0.00502777099609375 -0.192138671875 -0.393096923828125
-0.0154504776000977 0.0108547210693359 -0.326385498046875 -0.048736572265625
0.00591039657592773 0.00876617431640625 -0.211624145507813 0.13824462890625
0.0145978927612305 -0.00244140625 -0.029022216796875 0.15594482421875
-0.00234460830688477 -0.00850534439086914 0.085845947265625 0.07171630859375
-0.00310325622558594 -0.00867080688476563 -0.0714187622070313 -0.0948944091796875
0.0125579833984375 -0.00145435333251953 0.057586669921875 -0.151931762695312
0.0116024017333984 0.00226306915283203 0.220687866210938 -0.0998687744140625
-0.00518035888671875 0.0136404037475586 0.328155517578125 0.1121826171875
-0.0190830230712891 0.017730712890625 0.1427001953125 0.409515380859375
-0.00396156311035156 -0.00918197631835937 -0.222869873046875 0.441375732421875
0.00127124786376953 -0.00540304183959961 -0.353515625 0.147369384765625
0.0196647644042969 0.0125408172607422 0.00883102416992188 0.0402946472167969
0.0266189575195313 0.00187301635742188 0.4053955078125 -0.090362548828125
0.0102720260620117 -0.00242519378662109 0.27447509765625 -0.43206787109375
-0.0124940872192383 0.00636482238769531 -0.1915283203125 -0.394866943359375
-0.0143508911132813 0.011845588684082 -0.32562255859375 -0.049896240234375
0.00572013854980469 0.00957870483398438 -0.211669921875 0.138275146484375
0.0138874053955078 -0.00281810760498047 -0.0283966064453125 0.15582275390625
-0.00262832641601563 -0.00763940811157227 0.0871353149414063 0.0713729858398438
-0.0028691291809082 -0.00831842422485352 -0.07196044921875 -0.093292236328125
0.0121793746948242 -0.00166416168212891 0.05804443359375 -0.151626586914062
0.0110254287719727 0.00379753112792969 0.222732543945313 -0.099517822265625
-0.00618457794189453 0.0141887664794922 0.3284912109375 0.1138916015625
-0.0179004669189453 0.0185337066650391 0.14178466796875 0.410980224609375
-0.00363636016845703 -0.00900077819824219 -0.2254638671875 0.44091796875
-0.000823020935058594 -0.00510501861572266 -0.353973388671875 0.14630126953125
0.0166044235229492 0.011688232421875 0.0107154846191406 0.0405654907226563
0.0252494812011719 0.00215721130371094 0.4085693359375 -0.091522216796875
0.0102949142456055 -0.00173664093017578 0.275360107421875 -0.432861328125
-0.011988639831543 0.00587081909179687 -0.190216064453125 -0.39459228515625
-0.0144863128662109 0.011836051940918 -0.3258056640625 -0.048309326171875
0.00481605529785156 0.00930500030517578 -0.2100830078125 0.138168334960938
0.013361930847168 -0.00317859649658203 -0.0279693603515625 0.155563354492188
-0.00246000289916992 -0.00844144821166992 0.0874710083007813 0.072052001953125
-0.00461196899414063 -0.00787353515625 -0.073516845703125 -0.0927200317382813
0.0115737915039063 -0.00112628936767578 0.0597076416015625 -0.150802612304688
0.0112733840942383 0.00458145141601563 0.222091674804688 -0.09796142578125
-0.00549221038818359 0.0143461227416992 0.32855224609375 0.1162109375
-0.0175266265869141 0.0185146331787109 0.137969970703125 0.4122314453125
-0.00281238555908203 -0.00873756408691406 -0.229156494140625 0.44073486328125
-0.000967025756835937 -0.00506019592285156 -0.35369873046875 0.14361572265625
0.014277458190918 0.010711669921875 0.013763427734375 0.0410041809082031
0.0234375 0.00113105773925781 0.40966796875 -0.094635009765625
0.00995159149169922 -0.00126266479492187 0.27294921875 -0.433441162109375
-0.0119028091430664 0.00639152526855469 -0.191131591796875 -0.393646240234375
-0.013737678527832 0.0128793716430664 -0.324432373046875 -0.04718017578125
0.00468635559082031 0.00985813140869141 -0.208877563476563 0.138824462890625
0.0134763717651367 -0.00185203552246094 -0.0265655517578125 0.15576171875
-0.00382614135742188 -0.00806236267089844 0.08856201171875 0.072021484375
-0.00705099105834961 -0.00699996948242188 -0.0731353759765625 -0.0908279418945313
0.0110378265380859 -0.000240325927734375 0.0605010986328125 -0.150650024414063
0.0104284286499023 0.00590038299560547 0.222808837890625 -0.0960540771484375
-0.00607109069824219 0.0152921676635742 0.326751708984375 0.11920166015625
-0.0163726806640625 0.0180301666259766 0.13287353515625 0.416015625
-0.00194549560546875 -0.00847148895263672 -0.232452392578125 0.441375732421875
-0.00162315368652344 -0.00533676147460938 -0.352386474609375 0.142730712890625
0.0132484436035156 0.0102939605712891 0.0167884826660156 0.0407447814941406
0.0231456756591797 0.0006256103515625 0.40985107421875 -0.098968505859375
0.0102252960205078 -0.00100135803222656 0.268341064453125 -0.436981201171875
-0.0110082626342773 0.00671100616455078 -0.195068359375 -0.391143798828125
-0.01373291015625 0.0123109817504883 -0.324981689453125 -0.0439147949218751
0.00406837463378906 0.0105648040771484 -0.207717895507813 0.139419555664062
0.0135421752929687 -0.0014495849609375 -0.02490234375 0.154647827148438
-0.00503206253051758 -0.00657558441162109 0.0891342163085938 0.07086181640625
-0.00842666625976563 -0.00674772262573242 -0.073211669921875 -0.0914382934570313
0.0110635757446289 0.000888824462890625 0.0617218017578125 -0.149673461914063
0.00974178314208984 0.00652503967285156 0.224288940429688 -0.093536376953125
-0.00670337677001953 0.0154151916503906 0.325103759765625 0.123748779296875
-0.0162391662597656 0.0174350738525391 0.127410888671875 0.417572021484375
-6.00814819335946E-05 -0.00884246826171875 -0.237457275390625 0.439208984375
-0.000559806823730469 -0.00513648986816406 -0.352264404296875 0.140380859375
0.0142297744750977 0.0106983184814453 0.0211067199707031 0.0413284301757813
0.0238990783691406 0.000415802001953125 0.40899658203125 -0.10125732421875
0.0112237930297852 -0.00174427032470703 0.26251220703125 -0.438507080078125
-0.0109539031982422 0.00646305084228515 -0.20123291015625 -0.387237548828125
-0.0141572952270508 0.0132026672363281 -0.325439453125 -0.0391235351562501
0.00397205352783203 0.0109405517578125 -0.2061767578125 0.14129638671875
0.0132589340209961 -0.000733375549316406 -0.0235137939453125 0.153671264648437
-0.00729131698608398 -0.00620126724243164 0.0899734497070313 0.0710601806640625
-0.0044565200805664 -0.00757837295532227 -0.0670318603515625 -0.097137451171875
0.0126361846923828 0.000392913818359375 0.0601959228515625 -0.151809692382813
0.0114126205444336 0.00290298461914063 0.22259521484375 -0.0964202880859375
-0.00832366943359375 0.0133514404296875 0.325408935546875 0.121063232421875
-0.0195636749267578 0.0160770416259766 0.133087158203125 0.41448974609375
0.000450134277343751 -0.0107421875 -0.2344970703125 0.438262939453125
0.0086822509765625 -0.00577831268310547 -0.355621337890625 0.14190673828125
0.0274868011474609 0.0144062042236328 0.0118675231933594 0.0393295288085938
0.0330677032470703 0.00133705139160156 0.402923583984375 -0.0953369140625
0.0122804641723633 -0.00431442260742188 0.262237548828125 -0.433929443359375
-0.0142917633056641 0.0041952133178711 -0.20123291015625 -0.38848876953125
-0.0165777206420898 0.0113668441772461 -0.32757568359375 -0.04302978515625
0.00527381896972656 0.00891590118408203 -0.21142578125 0.139694213867187
0.0147895812988281 -0.00209712982177734 -0.0285186767578125 0.153778076171875
-0.00510597229003906 -0.00539731979370117 0.0862503051757813 0.0709609985351563
-0.00324201583862305 -0.00830507278442383 -0.0695037841796875 -0.0970993041992188
0.013035774230957 -0.00118827819824219 0.0590667724609375 -0.153030395507813
0.0124015808105469 0.00279998779296875 0.222274780273438 -0.099517822265625
-0.00769138336181641 0.0126523971557617 0.32763671875 0.11553955078125
-0.0193672180175781 0.0167293548583984 0.137786865234375 0.4132080078125
-0.00199031829833984 -0.0102663040161133 -0.22979736328125 0.43975830078125
0.00644016265869141 -0.00458526611328125 -0.354461669921875 0.143280029296875
0.0249519348144531 0.0138912200927734 0.00966262817382813 0.0400924682617188
0.0307979583740234 0.0015716552734375 0.402252197265625 -0.09295654296875
0.0110387802124023 -0.00310325622558594 0.265838623046875 -0.433502197265625
-0.0130300521850586 0.00482940673828125 -0.195587158203125 -0.39239501953125
-0.0161352157592773 0.0113258361816406 -0.327667236328125 -0.0464172363281251
0.00585317611694336 0.00816488265991211 -0.2127685546875 0.137802124023437
0.0149526596069336 -0.0025787353515625 -0.0298309326171875 0.154937744140625
-0.00363636016845703 -0.00651407241821289 0.0858917236328125 0.072052001953125
-0.0024256706237793 -0.00838947296142578 -0.0704879760742188 -0.09613037109375
0.0129299163818359 -0.000784873962402344 0.0581207275390625 -0.152511596679688
0.0111627578735352 0.0028533935546875 0.220611572265625 -0.0998687744140625
-0.00642681121826172 0.0130863189697266 0.328216552734375 0.113494873046875
-0.0192813873291016 0.0173892974853516 0.1414794921875 0.410430908203125
-0.00186443328857422 -0.00972843170166016 -0.223968505859375 0.43994140625
0.00384998321533203 -0.00515651702880859 -0.355316162109375 0.144989013671875
0.0218257904052734 0.0138168334960938 0.00756072998046875 0.0398063659667969
0.0294113159179687 0.0012969970703125 0.404541015625 -0.091094970703125
0.00996875762939453 -0.00339603424072266 0.271575927734375 -0.4320068359375
-0.0131416320800781 0.00450992584228516 -0.192657470703125 -0.394439697265625
-0.0152349472045898 0.0115861892700195 -0.326080322265625 -0.048675537109375
0.00569534301757812 0.00922679901123047 -0.210861206054688 0.137863159179688
0.0149497985839844 -0.00238704681396484 -0.02960205078125 0.155319213867188
-0.00335311889648438 -0.00751924514770508 0.0860977172851563 0.0721282958984375
-0.0032501220703125 -0.00791645050048828 -0.0721054077148437 -0.0957794189453125
0.0120687484741211 -0.00144767761230469 0.0581512451171875 -0.15240478515625
0.0119218826293945 0.00296592712402344 0.221237182617188 -0.10089111328125
-0.00592041015625 0.0133218765258789 0.3287353515625 0.112060546875
-0.0178546905517578 0.0180034637451172 0.142181396484375 0.408538818359375
-0.00334739685058594 -0.00931262969970703 -0.22174072265625 0.440399169921875
0.000763416290283203 -0.00469398498535156 -0.354339599609375 0.14544677734375
0.0181427001953125 0.0123882293701172 0.00808334350585938 0.0393409729003906
0.0265846252441406 0.00176811218261719 0.405517578125 -0.0911865234375
0.0100517272949219 -0.00265884399414062 0.2742919921875 -0.430511474609375
-0.0125417709350586 0.0057373046875 -0.1898193359375 -0.39471435546875
-0.0139303207397461 0.0118827819824219 -0.324737548828125 -0.049468994140625
0.00607204437255859 0.00888442993164063 -0.21026611328125 0.137100219726562
0.0148372650146484 -0.00394344329833984 -0.0282440185546875 0.155914306640625
-0.00236797332763672 -0.00824117660522461 0.0868377685546875 0.072906494140625
-0.0039372444152832 -0.00850296020507813 -0.0716781616210938 -0.0946731567382812
0.0123558044433594 -0.00159740447998047 0.0579681396484375 -0.151290893554688
0.0106058120727539 0.00425624847412109 0.221389770507813 -0.100326538085938
-0.00592327117919922 0.0145606994628906 0.32861328125 0.113494873046875
-0.0172271728515625 0.0182971954345703 0.14215087890625 0.410247802734375
-0.00299310684204102 -0.00830888748168945 -0.225311279296875 0.44085693359375
-0.00108814239501953 -0.00465631484985352 -0.353515625 0.145111083984375
0.0159387588500977 0.0119037628173828 0.00998306274414063 0.0401382446289062
0.0248794555664063 0.00136756896972656 0.407928466796875 -0.090484619140625
0.0104274749755859 -0.00217628479003906 0.27447509765625 -0.43115234375
-0.011866569519043 0.00614261627197266 -0.19000244140625 -0.39459228515625
-0.0146303176879883 0.0122089385986328 -0.323974609375 -0.0487060546875
0.00511741638183594 0.00947761535644531 -0.20941162109375 0.138214111328125
0.0138177871704102 -0.00274944305419922 -0.0278472900390625 0.1553955078125
-0.00324726104736328 -0.00764369964599609 0.0873870849609375 0.07220458984375
-0.00535345077514648 -0.00807523727416992 -0.0734100341796875 -0.0930633544921875
0.0118370056152344 -0.00129413604736328 0.059417724609375 -0.151092529296875
0.0106601715087891 0.00469589233398438 0.222061157226563 -0.0981292724609375
-0.00627613067626953 0.0152406692504883 0.328125 0.115875244140625
-0.0169334411621094 0.0182380676269531 0.13897705078125 0.411590576171875
-0.00211191177368164 -0.00829315185546875 -0.22845458984375 0.439910888671875
-0.00218868255615234 -0.0050811767578125 -0.352569580078125 0.14306640625
0.0134172439575195 0.0105857849121094 0.0134811401367188 0.0401535034179688
0.0231151580810547 0.00144004821777344 0.40802001953125 -0.093994140625
0.0102949142456055 -0.00181007385253906 0.273590087890625 -0.432861328125
-0.0110063552856445 0.00622844696044922 -0.191192626953125 -0.392120361328125
-0.0132465362548828 0.0136823654174805 -0.3245849609375 -0.0469665527343751
0.00490474700927734 0.00973796844482422 -0.208892822265625 0.138427734375
0.0138177871704102 -0.00265026092529297 -0.02667236328125 0.155731201171875
-0.00455856323242188 -0.00702333450317383 0.088043212890625 0.07257080078125
-0.00749015808105469 -0.00669193267822266 -0.0735015869140625 -0.0914993286132813
0.0112705230712891 -0.000554084777832031 0.06005859375 -0.150848388671875
0.0102882385253906 0.00560379028320313 0.223281860351563 -0.0962982177734375
-0.00565528869628906 0.0154743194580078 0.32696533203125 0.118927001953125
-0.0166492462158203 0.0172691345214844 0.133941650390625 0.41424560546875
-0.00174808502197266 -0.00882911682128906 -0.232208251953125 0.44000244140625
-0.00219535827636719 -0.00462436676025391 -0.353179931640625 0.1424560546875
0.0131168365478516 0.0109100341796875 0.016265869140625 0.0410232543945313
0.0229816436767578 0.000797271728515625 0.409210205078125 -0.0966796875
0.00998592376708984 -0.00167274475097656 0.269500732421875 -0.43621826171875
-0.0105514526367187 0.00665855407714844 -0.195648193359375 -0.39129638671875
-0.0132408142089844 0.0129108428955078 -0.324462890625 -0.043853759765625
0.00412082672119141 0.0107049942016602 -0.207183837890625 0.138626098632812
0.0132322311401367 -0.00204944610595703 -0.02532958984375 0.154205322265625
-0.00586128234863281 -0.00623703002929688 0.0885391235351563 0.0715866088867188
-0.00859546661376953 -0.00589132308959961 -0.073089599609375 -0.0912628173828125
0.0113964080810547 0.00148868560791016 0.06121826171875 -0.150238037109375
0.00950431823730469 0.00625038146972656 0.223709106445313 -0.0942840576171875
-0.00683021545410156 0.0158796310424805 0.325775146484375 0.12371826171875
-0.0163135528564453 0.0174293518066406 0.127716064453125 0.4166259765625
-0.0001373291015625 -0.00930404663085938 -0.237060546875 0.436553955078125
-0.000113010406494141 -0.00498104095458984 -0.353485107421875 0.13995361328125
0.0136814117431641 0.0105466842651367 0.0203361511230469 0.0414199829101563
0.0237617492675781 -3.0517578125E-05 0.40899658203125 -0.101806640625
0.0111970901489258 -0.00197887420654297 0.26202392578125 -0.4373779296875
-0.0100727081298828 0.00685977935791015 -0.20086669921875 -0.386383056640625
-0.0140295028686523 0.0131292343139648 -0.32476806640625 -0.0393676757812499
0.0037374496459961 0.0108833312988281 -0.205810546875 0.140731811523438
0.0128631591796875 -0.00149822235107422 -0.022979736328125 0.153671264648438
-0.00733804702758789 -0.00584602355957031 0.089141845703125 0.0716934204101562
-0.00472307205200195 -0.00633478164672852 -0.0677032470703125 -0.0981903076171875
0.0129022598266602 0.00014495849609375 0.0590667724609375 -0.152481079101563
0.0115652084350586 0.00308990478515625 0.223373413085938 -0.0961151123046875
-0.00867271423339844 0.0132865905761719 0.325653076171875 0.12030029296875
-0.019256591796875 0.0160026550292969 0.13372802734375 0.4144287109375
-3.62396240234371E-05 -0.0107793807983398 -0.2342529296875 0.437255859375
0.00873136520385742 -0.00413084030151367 -0.35565185546875 0.140625
0.0263233184814453 0.015380859375 0.0115585327148438 0.0396080017089844
0.0330734252929688 0.00117301940917969 0.402191162109375 -0.094635009765625
0.0126199722290039 -0.00461196899414063 0.26275634765625 -0.43377685546875
-0.0133237838745117 0.00488090515136719 -0.19989013671875 -0.38922119140625
-0.0162553787231445 0.0109987258911133 -0.327606201171875 -0.043182373046875
0.00569581985473633 0.00798225402832031 -0.2105712890625 0.139312744140625
0.0145053863525391 -0.00208377838134766 -0.0274658203125 0.154327392578125
-0.00595855712890625 -0.00547599792480469 0.0859451293945313 0.0729217529296875
-0.00325250625610352 -0.00705623626708984 -0.0694427490234375 -0.0971221923828125
0.0126867294311523 -0.000922203063964844 0.058441162109375 -0.152572631835937
0.0119686126708984 0.00269889831542969 0.221786499023438 -0.09869384765625
-0.00724506378173828 0.0130119323730469 0.32818603515625 0.116424560546875
-0.0189323425292969 0.0160427093505859 0.139404296875 0.413116455078125
-0.00147819519042969 -0.0101041793823242 -0.228485107421875 0.439239501953125
0.00629568099975586 -0.00494098663330078 -0.355133056640625 0.1424560546875
0.0253047943115234 0.0142898559570313 0.0088653564453125 0.0389328002929688
0.0307521820068359 0.00103759765625 0.40130615234375 -0.093231201171875
0.011383056640625 -0.00423622131347656 0.267181396484375 -0.432098388671875
-0.0132331848144531 0.00501537322998047 -0.19537353515625 -0.391632080078125
-0.0152301788330078 0.0111188888549805 -0.326995849609375 -0.046600341796875
0.00561332702636719 0.00842380523681641 -0.211868286132813 0.138458251953125
0.0150966644287109 -0.00261211395263672 -0.0296478271484375 0.154693603515625
-0.00440406799316406 -0.0058293342590332 0.0854339599609375 0.0725479125976563
-0.00260496139526367 -0.00805997848510742 -0.070526123046875 -0.0966033935546875
0.0119256973266602 -0.00134849548339844 0.0575408935546875 -0.153076171875
0.0109701156616211 0.00311088562011719 0.220718383789062 -0.100875854492187
-0.00713729858398437 0.013005256652832 0.328582763671875 0.114105224609375
-0.0181350708007812 0.0172023773193359 0.14202880859375 0.4090576171875
-0.00143146514892578 -0.0101470947265625 -0.2242431640625 0.439971923828125
0.00346469879150391 -0.00507164001464844 -0.355499267578125 0.14495849609375
0.0216751098632813 0.0138187408447266 0.00696182250976562 0.039337158203125
0.02838134765625 0.00153732299804688 0.404205322265625 -0.090301513671875
0.0102357864379883 -0.00374126434326172 0.27203369140625 -0.430999755859375
-0.0129728317260742 0.00474262237548828 -0.191558837890625 -0.39263916015625
-0.0147390365600586 0.0119943618774414 -0.32501220703125 -0.0489807128906249
0.00579595565795899 0.0086965560913086 -0.211349487304687 0.137649536132813
0.0141878128051758 -0.00282001495361328 -0.028839111328125 0.156158447265625
-0.00411653518676758 -0.00665473937988281 0.0854644775390625 0.0732269287109375
-0.0030970573425293 -0.00776958465576172 -0.07147216796875 -0.09527587890625
0.0125436782836914 -0.00140953063964844 0.0571136474609375 -0.15289306640625
0.0108747482299805 0.00334644317626953 0.220626831054687 -0.10064697265625
-0.00638008117675781 0.0135221481323242 0.329437255859375 0.112152099609375
-0.0179271697998047 0.0171756744384766 0.144073486328125 0.408599853515625
-0.00171089172363281 -0.00911140441894531 -0.222442626953125 0.43914794921875
0.00044870376586914 -0.00464630126953125 -0.3546142578125 0.144927978515625
0.0179309844970703 0.0132789611816406 0.00769424438476563 0.0395431518554688
0.0265617370605469 0.0013427734375 0.404754638671875 -0.089630126953125
0.010615348815918 -0.00306129455566406 0.273284912109375 -0.429840087890625
-0.0125970840454102 0.00497245788574219 -0.19000244140625 -0.3944091796875
-0.0151100158691406 0.0117530822753906 -0.3260498046875 -0.048797607421875
0.00497817993164063 0.00957584381103516 -0.210418701171875 0.137588500976562
0.0145359039306641 -0.00329399108886719 -0.0280609130859375 0.15618896484375
-0.00395727157592773 -0.00767135620117188 0.0858917236328125 0.07257080078125
-0.00376749038696289 -0.00765275955200195 -0.0722808837890625 -0.0940933227539062
0.0123424530029297 -0.00086212158203125 0.057830810546875 -0.152236938476563
0.0112524032592773 0.00401687622070313 0.22113037109375 -0.0997314453125
-0.00641345977783203 0.0149831771850586 0.329193115234375 0.113189697265625
-0.0171985626220703 0.0180282592773438 0.144378662109375 0.409576416015625
-0.00347614288330078 -0.00883865356445312 -0.22406005859375 0.440032958984375
-0.000732421875 -0.0038604736328125 -0.353759765625 0.14410400390625
0.0147609710693359 0.0115985870361328 0.00945281982421875 0.0398368835449219
0.0249614715576172 0.00107192993164062 0.406585693359375 -0.08953857421875
0.0108814239501953 -0.00256252288818359 0.275634765625 -0.431060791015625
-0.0119132995605469 0.00621604919433594 -0.189178466796875 -0.393890380859375
-0.0143060684204102 0.0129928588867188 -0.32452392578125 -0.04840087890625
0.00502395629882813 0.00907325744628906 -0.20916748046875 0.13818359375
0.0143117904663086 -0.00272083282470703 -0.0279998779296875 0.156051635742188
-0.00348711013793945 -0.00718498229980469 0.0869369506835938 0.0728073120117188
-0.00514984130859375 -0.00690793991088867 -0.073516845703125 -0.0936737060546875
0.0119304656982422 -0.000795364379882813 0.0589599609375 -0.151840209960938
0.00990200042724609 0.00487613677978516 0.222457885742188 -0.09893798828125
-0.00638294219970703 0.0152387619018555 0.329986572265625 0.115325927734375
-0.0164451599121094 0.0182533264160156 0.140167236328125 0.41168212890625
-0.00218296051025391 -0.00904560089111328 -0.227813720703125 0.438720703125
-0.00144124031066895 -0.00426554679870605 -0.354095458984375 0.143341064453125
0.0134086608886719 0.0112943649291992 0.012420654296875 0.0405693054199219
0.0232429504394531 0.000743865966796875 0.40814208984375 -0.092803955078125
0.0105304718017578 -0.00249958038330078 0.274139404296875 -0.432830810546875
-0.011082649230957 0.00643348693847656 -0.1907958984375 -0.392913818359375
-0.0136661529541016 0.0131006240844727 -0.32391357421875 -0.0466613769531251
0.00479221343994141 0.00967979431152344 -0.207931518554688 0.138153076171875
0.0137233734130859 -0.00279998779296875 -0.02642822265625 0.155502319335938
-0.00479650497436523 -0.00709438323974609 0.0874557495117188 0.0734710693359375
-0.00714206695556641 -0.00556659698486328 -0.073638916015625 -0.0914840698242188
0.0108203887939453 -0.000356674194335938 0.0596466064453125 -0.150650024414063
0.00958347320556641 0.00575447082519531 0.223129272460938 -0.0956573486328125
-0.00623798370361328 0.0161924362182617 0.32855224609375 0.11883544921875
-0.0163707733154297 0.0171852111816406 0.135833740234375 0.413848876953125
-0.00137996673583984 -0.00922775268554688 -0.231231689453125 0.438751220703125
-0.00208544731140137 -0.00402355194091797 -0.3533935546875 0.14178466796875
0.0121746063232422 0.0110969543457031 0.0160179138183594 0.0406532287597656
0.0228099822998047 0.000665664672851563 0.4093017578125 -0.0963134765625
0.0108118057250977 -0.00153827667236328 0.268829345703125 -0.435150146484375
-0.0103034973144531 0.00609397888183594 -0.19549560546875 -0.390289306640625
-0.0131874084472656 0.0133085250854492 -0.324188232421875 -0.04388427734375
0.00448703765869141 0.0100650787353516 -0.206558227539063 0.138519287109375
0.0136117935180664 -0.00231075286865234 -0.0250091552734375 0.154296875
-0.00595235824584961 -0.0060124397277832 0.0882797241210938 0.0714874267578125
-0.00839424133300781 -0.00547122955322266 -0.0729446411132812 -0.0921859741210938
0.0113000869750977 0.000983238220214844 0.0608978271484375 -0.150009155273438
0.00926113128662109 0.00638198852539063 0.223480224609375 -0.094085693359375
-0.00738906860351562 0.0155706405639648 0.3260498046875 0.123016357421875
-0.0160083770751953 0.0174274444580078 0.129241943359375 0.416961669921875
1.8119812011719E-05 -0.00905895233154297 -0.237274169921875 0.437347412109375
-0.000760078430175781 -0.00468730926513672 -0.352569580078125 0.138824462890625
0.012944221496582 0.0105504989624023 0.0194168090820313 0.0409202575683594
0.0235462188720703 0.000699996948242188 0.4085693359375 -0.099609375
0.0121421813964844 -0.00197601318359375 0.262725830078125 -0.43804931640625
-0.00984859466552735 0.00675773620605469 -0.19976806640625 -0.385955810546875
-0.0137052536010742 0.0137529373168945 -0.32501220703125 -0.039031982421875
0.003509521484375 0.0106372833251953 -0.205581665039063 0.1407470703125
0.0127487182617187 -0.00149059295654297 -0.022705078125 0.154327392578125
-0.00796699523925781 -0.0051875114440918 0.089019775390625 0.0715713500976563
-0.00496768951416016 -0.00566577911376953 -0.0675125122070312 -0.097747802734375
0.0131311416625977 -0.000196456909179688 0.058868408203125 -0.153533935546875
0.01129150390625 0.00306510925292969 0.223678588867188 -0.0970611572265625
-0.00858497619628906 0.0131130218505859 0.3275146484375 0.12042236328125
-0.019439697265625 0.0147304534912109 0.13427734375 0.415069580078125
0.000461578369140625 -0.0109500885009766 -0.234832763671875 0.437835693359375
0.00800657272338867 -0.00345373153686523 -0.357818603515625 0.140899658203125
0.0271778106689453 0.01568603515625 0.0110206604003906 0.0389595031738281
0.0333232879638672 0.000516891479492188 0.4027099609375 -0.093994140625
0.0125045776367188 -0.00402641296386719 0.26287841796875 -0.43408203125
-0.0134525299072266 0.00449848175048828 -0.2003173828125 -0.389556884765625
-0.0157604217529297 0.0114765167236328 -0.3284912109375 -0.0425720214843751
0.00583934783935547 0.00788211822509766 -0.21124267578125 0.138931274414063
0.0143613815307617 -0.00244712829589844 -0.0285186767578125 0.154327392578125
-0.00639963150024414 -0.00468111038208008 0.0859298706054687 0.0721359252929688
-0.00412273406982422 -0.00629520416259766 -0.0694198608398438 -0.09832763671875
0.013336181640625 -0.000652313232421875 0.058319091796875 -0.154159545898438
0.0110569000244141 0.00240802764892578 0.221115112304687 -0.0997161865234375
-0.00789642333984375 0.0138177871704102 0.32855224609375 0.115234375
-0.0186424255371094 0.0159721374511719 0.140960693359375 0.41259765625
-0.000617027282714845 -0.0108356475830078 -0.228363037109375 0.4405517578125
0.00602006912231445 -0.00368785858154297 -0.3568115234375 0.142486572265625
0.0238265991210937 0.0145587921142578 0.008026123046875 0.0390625
0.0311412811279297 0.000820159912109375 0.403472900390625 -0.09210205078125
0.0120811462402344 -0.00432205200195313 0.2684326171875 -0.43182373046875
-0.0128517150878906 0.00430583953857422 -0.19525146484375 -0.3922119140625
-0.0146236419677734 0.0118465423583984 -0.327667236328125 -0.046142578125
0.0058598518371582 0.00847005844116211 -0.210617065429687 0.1387939453125
0.0144052505493164 -0.00353336334228516 -0.0294647216796875 0.155426025390625
-0.00446891784667969 -0.0061335563659668 0.084808349609375 0.0725936889648437
-0.00323057174682617 -0.00682163238525391 -0.0715713500976562 -0.0967483520507813
0.0123186111450195 -0.00130176544189453 0.0568389892578125 -0.154129028320313
0.0114307403564453 0.0028076171875 0.221343994140625 -0.102157592773437
-0.00725841522216797 0.0138187408447266 0.329864501953125 0.113800048828125
-0.01898193359375 0.0168380737304688 0.144561767578125 0.41082763671875
-0.00092315673828125 -0.0102243423461914 -0.224609375 0.43988037109375
0.00282478332519531 -0.0034787654876709 -0.35650634765625 0.144317626953125
0.0210456848144531 0.0147342681884766 0.00685501098632812 0.0393180847167969
0.0294895172119141 0.00140571594238281 0.404083251953125 -0.0889892578125
0.0107154846191406 -0.00397872924804688 0.27264404296875 -0.431304931640625
-0.0124340057373047 0.00470638275146484 -0.192413330078125 -0.394287109375
-0.0151643753051758 0.0119895935058594 -0.326446533203125 -0.04949951171875
0.00557851791381836 0.00877046585083008 -0.211441040039063 0.13763427734375
0.0145177841186523 -0.00290107727050781 -0.0291748046875 0.156112670898438
-0.00441169738769531 -0.00742816925048828 0.0849456787109375 0.0721206665039063
-0.00375652313232422 -0.00730228424072266 -0.0730361938476563 -0.0968780517578125
0.0132761001586914 -0.000826835632324219 0.0579071044921875 -0.153335571289063
0.0108308792114258 0.00273704528808594 0.221359252929688 -0.102081298828125
-0.00662040710449219 0.0140266418457031 0.331085205078125 0.112091064453125
-0.0182723999023438 0.0173530578613281 0.145751953125 0.4088134765625
-0.00139236450195313 -0.00899505615234375 -0.22308349609375 0.439788818359375
0.000957489013671875 -0.00408315658569336 -0.35528564453125 0.14410400390625
0.0177135467529297 0.0132637023925781 0.00772857666015625 0.0388565063476563
0.0257701873779297 0.00108528137207031 0.405029296875 -0.08831787109375
0.0107460021972656 -0.00278282165527344 0.27593994140625 -0.430511474609375
-0.0124006271362305 0.00454902648925781 -0.19000244140625 -0.394012451171875
-0.0142316818237305 0.0128297805786133 -0.32574462890625 -0.0498046875
0.0045619010925293 0.00810098648071289 -0.210739135742188 0.137420654296875
0.0141057968139648 -0.00440883636474609 -0.028106689453125 0.15655517578125
-0.00384521484375 -0.00769424438476562 0.0858078002929688 0.0734634399414063
-0.00417137145996094 -0.00729465484619141 -0.072784423828125 -0.0950393676757813
0.0125494003295898 -0.000777244567871094 0.0584259033203125 -0.1531982421875
0.0105342864990234 0.00424575805664063 0.221527099609375 -0.101150512695313
-0.00590610504150391 0.0148544311523438 0.3311767578125 0.1136474609375
-0.0169467926025391 0.0179252624511719 0.144866943359375 0.41064453125
-0.00164413452148438 -0.00910568237304688 -0.224151611328125 0.44024658203125
-0.000880956649780274 -0.00376057624816894 -0.35443115234375 0.144012451171875
0.0144853591918945 0.0124368667602539 0.00864028930664063 0.0389213562011719
0.0249309539794922 0.00104713439941406 0.40777587890625 -0.08856201171875
0.0107936859130859 -0.00295066833496094 0.276123046875 -0.431488037109375
-0.0114469528198242 0.00575923919677735 -0.190521240234375 -0.394622802734375
-0.0137138366699219 0.0131711959838867 -0.323699951171875 -0.049774169921875
0.00499439239501953 0.00950527191162109 -0.209197998046875 0.138153076171875
0.013676643371582 -0.00395298004150391 -0.0276641845703125 0.156707763671875
-0.00404262542724609 -0.00746917724609375 0.0873260498046875 0.073822021484375
-0.00509357452392578 -0.00678062438964844 -0.0734024047851563 -0.0946884155273438
0.0121955871582031 -0.000754356384277344 0.0586090087890625 -0.152191162109375
0.00968742370605469 0.00478935241699219 0.22271728515625 -0.0994720458984375
-0.00678730010986328 0.0147829055786133 0.331268310546875 0.115203857421875
-0.0162715911865234 0.0182266235351563 0.1414794921875 0.412109375
-0.00147342681884766 -0.00922966003417969 -0.227020263671875 0.439697265625
-0.00234556198120117 -0.00370717048645019 -0.355255126953125 0.14288330078125
0.0121822357177734 0.0116815567016602 0.0117607116699219 0.0400199890136719
0.0232868194580078 0.000776290893554688 0.409393310546875 -0.091217041015625
0.01068115234375 -0.00262737274169922 0.274566650390625 -0.43292236328125
-0.0107412338256836 0.00608634948730469 -0.191650390625 -0.393157958984375
-0.0137100219726562 0.013214111328125 -0.3245849609375 -0.0462341308593751
0.00449657440185547 0.00965118408203125 -0.207626342773438 0.138290405273438
0.013432502746582 -0.00293636322021484 -0.0266571044921875 0.155899047851563
-0.00548458099365234 -0.00682544708251953 0.0873641967773438 0.0732421875
-0.00744819641113281 -0.00544023513793945 -0.0737762451171875 -0.0923309326171875
0.0112075805664063 -0.000433921813964844 0.058990478515625 -0.152114868164063
0.00922393798828125 0.005523681640625 0.223358154296875 -0.097198486328125
-0.00680255889892578 0.0159378051757813 0.3291015625 0.1185302734375
-0.0158281326293945 0.0170888900756836 0.136444091796875 0.415374755859375
-0.00109958648681641 -0.00925731658935547 -0.231170654296875 0.43902587890625
-0.00230145454406738 -0.00340557098388672 -0.354217529296875 0.14227294921875
0.0119171142578125 0.0118522644042969 0.0156784057617188 0.0406570434570313
0.0227184295654297 0.000474929809570313 0.409515380859375 -0.09521484375
0.0107622146606445 -0.00219917297363281 0.269622802734375 -0.435821533203125
-0.00988483428955078 0.00581741333007812 -0.19549560546875 -0.391326904296875
-0.0133075714111328 0.0137414932250977 -0.324737548828125 -0.04327392578125
0.00447273254394531 0.0102214813232422 -0.206573486328125 0.138656616210938
0.0129680633544922 -0.00235080718994141 -0.02508544921875 0.154830932617188
-0.00603723526000977 -0.00572729110717774 0.0883636474609375 0.0725326538085938
-0.00888156890869141 -0.00499057769775391 -0.0738525390625 -0.093170166015625
0.0114507675170898 0.000946998596191406 0.0605621337890625 -0.1514892578125
0.00905323028564453 0.00678920745849609 0.22418212890625 -0.09454345703125
-0.00765419006347656 0.0159769058227539 0.327880859375 0.1229248046875
-0.0156965255737305 0.0173845291137695 0.130340576171875 0.416748046875
0.000946998596191407 -0.00967025756835938 -0.2369384765625 0.437042236328125
-0.000980615615844727 -0.00406122207641602 -0.35430908203125 0.13934326171875
0.0125999450683594 0.0113945007324219 0.0192756652832031 0.040618896484375
0.0236778259277344 4.76837158203125E-05 0.40936279296875 -0.099029541015625
0.0121974945068359 -0.00274658203125 0.264190673828125 -0.438385009765625
-0.00987911224365234 0.0063323974609375 -0.200958251953125 -0.38653564453125
-0.0138387680053711 0.0135326385498047 -0.325469970703125 -0.03936767578125
0.00390338897705078 0.0105514526367188 -0.205062866210938 0.140380859375
0.0125808715820313 -0.00187587738037109 -0.023101806640625 0.154571533203125
-0.0082859992980957 -0.00485515594482422 0.0892257690429688 0.0724258422851563
-0.00440359115600586 -0.00547218322753906 -0.0685958862304687 -0.0989303588867188
0.0131464004516602 0.000960350036621094 0.0593414306640625 -0.154769897460938
0.0108928680419922 0.00354671478271484 0.223602294921875 -0.0987396240234375
-0.00922966003417969 0.0127267837524414 0.329315185546875 0.1207275390625
-0.0201911926269531 0.0151100158691406 0.136199951171875 0.416168212890625
0.000921249389648438 -0.0114078521728516 -0.23468017578125 0.439361572265625
0.00791501998901367 -0.00298976898193359 -0.359893798828125 0.14019775390625
0.0265655517578125 0.0153427124023438 0.0102577209472656 0.0395164489746094
0.0335197448730469 0.001007080078125 0.403045654296875 -0.093963623046875
0.0128469467163086 -0.00420761108398438 0.265411376953125 -0.434661865234375
-0.0130901336669922 0.00429821014404297 -0.20098876953125 -0.3909912109375
-0.0154027938842773 0.01177978515625 -0.32891845703125 -0.0433654785156249
0.0061640739440918 0.00849390029907227 -0.211807250976562 0.139968872070313
0.0144357681274414 -0.0026702880859375 -0.0285186767578125 0.155685424804687
-0.00663423538208008 -0.00453758239746094 0.0861740112304687 0.073089599609375
-0.00409889221191406 -0.00628757476806641 -0.0699996948242188 -0.09814453125
0.0124807357788086 -0.000910758972167969 0.05816650390625 -0.155471801757813
0.010951042175293 0.00341224670410156 0.222686767578125 -0.100250244140625
-0.00836372375488281 0.012211799621582 0.331298828125 0.11505126953125
-0.0192127227783203 0.0157337188720703 0.14337158203125 0.4136962890625
-0.000288963317871094 -0.0109796524047852 -0.229339599609375 0.44085693359375
0.00629091262817383 -0.00313043594360352 -0.35833740234375 0.14288330078125
0.0242519378662109 0.0152988433837891 0.00754928588867188 0.0390739440917969
0.0316047668457031 0.000492095947265625 0.404510498046875 -0.09149169921875
0.012298583984375 -0.00539779663085938 0.269775390625 -0.43475341796875
-0.0133237838745117 0.00436496734619141 -0.197357177734375 -0.39471435546875
-0.0149688720703125 0.0126962661743164 -0.328369140625 -0.0470886230468751
0.00583934783935547 0.00798511505126953 -0.2117919921875 0.139068603515625
0.0141010284423828 -0.00368404388427734 -0.030548095703125 0.15576171875
-0.00618791580200195 -0.00623750686645508 0.085418701171875 0.0736541748046875
-0.00266838073730469 -0.00620317459106445 -0.0715866088867188 -0.0978851318359375
0.0130643844604492 -0.000974655151367188 0.05706787109375 -0.155197143554687
0.0111579895019531 0.00325584411621094 0.22198486328125 -0.10235595703125
-0.00823307037353515 0.0137357711791992 0.3319091796875 0.1134033203125
-0.0181503295898438 0.0171051025390625 0.14697265625 0.410003662109375
-0.00144481658935547 -0.00979232788085938 -0.224395751953125 0.442840576171875
0.0032660961151123 -0.00399065017700195 -0.35821533203125 0.144317626953125
0.0200881958007813 0.0151500701904297 0.00685501098632812 0.0385017395019531
0.0292205810546875 0.001434326171875 0.404296875 -0.08892822265625
0.0115070343017578 -0.00457954406738281 0.272918701171875 -0.431671142578125
-0.0121088027954102 0.0053253173828125 -0.19195556640625 -0.39495849609375
-0.0159816741943359 0.0127859115600586 -0.3271484375 -0.0484619140625
0.00563287734985352 0.00821304321289063 -0.211532592773438 0.138656616210937
0.0148630142211914 -0.00390720367431641 -0.02978515625 0.157073974609375
-0.00440168380737305 -0.00630998611450195 0.0848617553710938 0.0747146606445313
-0.00302219390869141 -0.00678157806396484 -0.0732498168945312 -0.0970230102539063
0.012843132019043 -0.000993728637695313 0.057037353515625 -0.155197143554688
0.0113096237182617 0.00290966033935547 0.22210693359375 -0.10302734375
-0.006591796875 0.0143413543701172 0.33270263671875 0.111541748046875
-0.0168704986572266 0.0171470642089844 0.14605712890625 0.411285400390625
-0.000992774963378905 -0.00966930389404297 -0.222686767578125 0.44134521484375
0.000965595245361328 -0.00375247001647949 -0.356536865234375 0.146270751953125
0.0174684524536133 0.0131320953369141 0.00608062744140625 0.0390472412109375
0.0262126922607422 0.00113487243652344 0.406036376953125 -0.0894775390625
0.0117607116699219 -0.00418281555175781 0.276397705078125 -0.430938720703125
-0.0118751525878906 0.00523471832275391 -0.190185546875 -0.39666748046875
-0.0140438079833984 0.0120620727539063 -0.325439453125 -0.0498962402343751
0.00574922561645508 0.00823879241943359 -0.2110595703125 0.13720703125
0.014622688293457 -0.00372409820556641 -0.0284881591796875 0.157302856445313
-0.00403499603271484 -0.00609111785888672 0.0859146118164063 0.0744476318359375
-0.00377130508422852 -0.00675630569458008 -0.0736846923828125 -0.0955963134765625
0.0123414993286133 -0.00101661682128906 0.057525634765625 -0.153884887695313
0.0102205276489258 0.00426101684570313 0.22265625 -0.101669311523438
-0.00697803497314453 0.0146465301513672 0.333251953125 0.112457275390625
-0.0173130035400391 0.0176792144775391 0.146881103515625 0.41107177734375
-0.00213909149169922 -0.00890636444091797 -0.22247314453125 0.44219970703125
-0.000862598419189453 -0.00285863876342773 -0.357147216796875 0.1446533203125
0.014704704284668 0.012354850769043 0.00891494750976563 0.0396194458007813
0.0244731903076172 0.000741958618164063 0.408172607421875 -0.089630126953125
0.0106124877929688 -0.00338172912597656 0.277130126953125 -0.43341064453125
-0.011143684387207 0.00572586059570313 -0.1912841796875 -0.394927978515625
-0.0134906768798828 0.013371467590332 -0.326507568359375 -0.048980712890625
0.00444316864013672 0.00925731658935547 -0.20965576171875 0.138717651367188
0.0131511688232422 -0.00372791290283203 -0.0282440185546875 0.157180786132813
-0.00537919998168945 -0.00677204132080078 0.0864715576171875 0.0744705200195313
-0.00567388534545899 -0.00602436065673828 -0.073974609375 -0.0946121215820313
0.0124006271362305 -6.00814819335937E-05 0.058624267578125 -0.154022216796875
0.00950813293457031 0.00537014007568359 0.223861694335937 -0.100189208984375
-0.00661754608154297 0.0158281326293945 0.332244873046875 0.11456298828125
-0.0161046981811523 0.0173540115356445 0.14422607421875 0.41326904296875
-0.00155067443847656 -0.00982475280761719 -0.227783203125 0.441619873046875
-0.00227856636047363 -0.0027768611907959 -0.35595703125 0.143157958984375
0.0122165679931641 0.011591911315918 0.0109176635742188 0.0396461486816406
0.0232887268066406 0.00035858154296875 0.410125732421875 -0.091949462890625
0.0109128952026367 -0.00360012054443359 0.275665283203125 -0.433837890625
-0.0103578567504883 0.00551700592041016 -0.19189453125 -0.394744873046875
-0.0131168365478516 0.0136518478393555 -0.325531005859375 -0.0479125976562501
0.00482940673828125 0.00975894927978516 -0.208969116210938 0.138519287109375
0.0131921768188477 -0.00330066680908203 -0.026153564453125 0.157241821289062
-0.0054011344909668 -0.00619077682495117 0.0872650146484375 0.0743179321289063
-0.00747346878051758 -0.00483179092407227 -0.0745086669921875 -0.0926971435546875
0.0114145278930664 0.000554084777832031 0.0591888427734375 -0.152679443359375
0.00920867919921875 0.00595378875732422 0.224273681640625 -0.0976104736328125
-0.00673580169677734 0.0163965225219727 0.332183837890625 0.11920166015625
-0.0156698226928711 0.0170631408691406 0.138153076171875 0.4163818359375
-0.000514030456542969 -0.00993061065673828 -0.23236083984375 0.44110107421875
-0.00305986404418945 -0.00271487236022949 -0.355743408203125 0.1422119140625
0.0110816955566406 0.0117616653442383 0.0151329040527344 0.0402259826660156
0.0227622985839844 -9.5367431640625E-06 0.410491943359375 -0.09588623046875
0.0113821029663086 -0.00232982635498047 0.271514892578125 -0.43756103515625
-0.00993537902832031 0.00600433349609375 -0.196014404296875 -0.39312744140625
-0.0132846832275391 0.014195442199707 -0.325653076171875 -0.043975830078125
0.00421714782714844 0.0104150772094727 -0.20684814453125 0.140213012695313
0.0131645202636719 -0.00316810607910156 -0.025115966796875 0.155731201171875
-0.00665760040283203 -0.00556612014770508 0.0884017944335938 0.072998046875
-0.00928497314453125 -0.00422954559326172 -0.0735931396484375 -0.0933380126953125
0.01177978515625 0.00168132781982422 0.0605316162109375 -0.152511596679688
0.00842952728271484 0.00726032257080078 0.225433349609375 -0.0955352783203125
-0.00766944885253906 0.0159587860107422 0.329376220703125 0.12298583984375
-0.0156221389770508 0.017125129699707 0.13330078125 0.417633056640625
0.00140571594238281 -0.00941753387451172 -0.23760986328125 0.44012451171875
-0.00117874145507813 -0.00280904769897461 -0.3548583984375 0.1392822265625
0.0120048522949219 0.0116291046142578 0.0191535949707031 0.0405502319335938
0.02313232421875 -8.58306884765625E-05 0.409698486328125 -0.099334716796875
0.0119781494140625 -0.00337505340576172 0.26483154296875 -0.4383544921875
-0.00949287414550781 0.00593948364257812 -0.20111083984375 -0.3885498046875
-0.0135135650634766 0.0142850875854492 -0.325469970703125 -0.0391845703125
0.00435543060302734 0.0102090835571289 -0.205810546875 0.141204833984375
0.012486457824707 -0.00146675109863281 -0.0234832763671875 0.1556396484375
-0.00875329971313477 -0.00443935394287109 0.0892105102539063 0.0733413696289063
-0.00562667846679688 -0.00550031661987305 -0.0694808959960938 -0.100044250488281
0.0140361785888672 -0.000225067138671875 0.05859375 -0.15557861328125
0.0107736587524414 0.00367069244384766 0.22369384765625 -0.099945068359375
-0.00909137725830078 0.0135898590087891 0.3319091796875 0.120452880859375
-0.0184974670410156 0.0154514312744141 0.139007568359375 0.418060302734375
0.00137996673583984 -0.0133075714111328 -0.235870361328125 0.441925048828125
0.00830984115600586 -0.00259113311767578 -0.35992431640625 0.14117431640625
0.0264072418212891 0.0158443450927734 0.00956344604492188 0.038818359375
0.0326728820800781 -1.1444091796875E-05 0.405181884765625 -0.09442138671875
0.0134983062744141 -0.00525569915771484 0.26556396484375 -0.437286376953125
-0.0127935409545898 0.00428390502929687 -0.203460693359375 -0.39239501953125
-0.0157403945922852 0.012298583984375 -0.329803466796875 -0.043701171875
0.0057063102722168 0.00825357437133789 -0.212127685546875 0.14080810546875
0.0143346786499023 -0.00337028503417969 -0.028594970703125 0.1568603515625
-0.00714969635009766 -0.00469398498535156 0.0860748291015625 0.0737075805664063
-0.00331592559814453 -0.00532817840576172 -0.0703125 -0.0989151000976563
0.0122337341308594 -0.00025177001953125 0.0577239990234375 -0.156051635742188
0.0105123519897461 0.00275993347167969 0.223251342773438 -0.102142333984375
-0.00916767120361328 0.0141992568969727 0.333892822265625 0.11529541015625
-0.0181636810302734 0.0163803100585938 0.14508056640625 0.414764404296875
0.000731468200683593 -0.0115966796875 -0.227691650390625 0.443115234375
0.00628232955932617 -0.00285100936889648 -0.36083984375 0.14349365234375
0.0233707427978516 0.0165348052978516 0.00751495361328125 0.0378303527832031
0.0303020477294922 0.000543594360351562 0.405487060546875 -0.091400146484375
0.0121612548828125 -0.00543975830078125 0.2694091796875 -0.435699462890625
-0.012603759765625 0.00428581237792969 -0.197906494140625 -0.394866943359375
-0.0149602890014648 0.012232780456543 -0.330169677734375 -0.046142578125
0.00522947311401367 0.00831079483032227 -0.212081909179688 0.139083862304688
0.0141973495483398 -0.00336265563964844 -0.0294189453125 0.157089233398438
-0.0047917366027832 -0.00568819046020508 0.0859451293945313 0.0746688842773438
-0.00351524353027344 -0.00675868988037109 -0.0727691650390625 -0.098602294921875
0.0128507614135742 -0.00179195404052734 0.0567169189453125 -0.15625
0.0109081268310547 0.00396728515625 0.2220458984375 -0.103790283203125
-0.00784778594970703 0.0145769119262695 0.333709716796875 0.112823486328125
-0.0177230834960938 0.0163803100585937 0.148590087890625 0.4117431640625
-0.000920295715332031 -0.010807991027832 -0.223541259765625 0.44354248046875
0.00297760963439941 -0.0026698112487793 -0.35888671875 0.14520263671875
0.0205059051513672 0.0151176452636719 0.00615692138671875 0.0381584167480469
0.0292720794677734 -0.000152587890625 0.40704345703125 -0.0889892578125
0.011723518371582 -0.00475120544433594 0.27471923828125 -0.4334716796875
-0.0117292404174805 0.00505733489990235 -0.194000244140625 -0.39666748046875
-0.014521598815918 0.0117254257202148 -0.328521728515625 -0.048828125
0.00495052337646484 0.00797319412231445 -0.211471557617187 0.13922119140625
0.0145721435546875 -0.00414180755615234 -0.02880859375 0.157577514648438
-0.00440120697021484 -0.00539970397949219 0.0855255126953125 0.074615478515625
-0.00311040878295898 -0.00659656524658203 -0.0731048583984375 -0.0978622436523438
0.0127391815185547 -0.00108242034912109 0.057098388671875 -0.156417846679687
0.0104036331176758 0.00328445434570313 0.2215576171875 -0.1041259765625
-0.00738811492919922 0.0144081115722656 0.334869384765625 0.1114501953125
-0.0172157287597656 0.0167465209960938 0.150299072265625 0.410888671875
-0.00106906890869141 -0.010289192199707 -0.22247314453125 0.442596435546875
0.000956892967224121 -0.00213754177093506 -0.35894775390625 0.14666748046875
0.0165061950683594 0.0141592025756836 0.00689697265625 0.0385971069335938
0.0258541107177734 0.0006256103515625 0.406829833984375 -0.08892822265625
0.0108480453491211 -0.00446319580078125 0.278472900390625 -0.432708740234375
-0.010955810546875 0.00490856170654297 -0.19183349609375 -0.397552490234375
-0.014068603515625 0.0127296447753906 -0.3277587890625 -0.049774169921875
0.00608301162719727 0.00862407684326172 -0.210678100585938 0.138671875
0.0132150650024414 -0.00427436828613281 -0.0280609130859375 0.157943725585938
-0.00422048568725586 -0.00596857070922852 0.0864410400390625 0.0753402709960938
-0.00374031066894531 -0.0059514045715332 -0.0744247436523438 -0.0968399047851563
0.0130233764648438 -0.000805854797363281 0.056640625 -0.1558837890625
0.0101528167724609 0.00450611114501953 0.223373413085938 -0.102798461914063
-0.00747489929199219 0.0156669616699219 0.334808349609375 0.11181640625
-0.0168075561523438 0.0171470642089844 0.149322509765625 0.4124755859375
-0.0007476806640625 -0.009765625 -0.22332763671875 0.4442138671875
-0.00124764442443848 -0.00252747535705566 -0.357696533203125 0.145965576171875
0.0134429931640625 0.0129337310791016 0.0076446533203125 0.0393409729003906
0.0239582061767578 0.000474929809570313 0.411041259765625 -0.0889892578125
0.0112237930297852 -0.00360965728759766 0.27801513671875 -0.434906005859375
-0.0107555389404297 0.00528907775878906 -0.191986083984375 -0.396881103515625
-0.014124870300293 0.0134620666503906 -0.326995849609375 -0.048797607421875
0.00492095947265625 0.00926589965820313 -0.209854125976562 0.13934326171875
0.0133895874023438 -0.00446796417236328 -0.0274658203125 0.158248901367188
-0.00540733337402344 -0.00603294372558594 0.08770751953125 0.07476806640625
-0.00597047805786133 -0.00616455078125 -0.0746612548828125 -0.0958251953125
0.0126285552978516 -0.000185966491699219 0.0584564208984375 -0.154678344726563
0.00934219360351563 0.00538539886474609 0.224594116210937 -0.100967407226563
-0.00732803344726563 0.016169548034668 0.33502197265625 0.11431884765625
-0.0164003372192383 0.0174636840820313 0.14520263671875 0.414520263671875
-0.000470161437988282 -0.0094757080078125 -0.226959228515625 0.443389892578125
-0.00231242179870606 -0.00230836868286133 -0.357696533203125 0.14532470703125
0.0113515853881836 0.0122919082641602 0.0108642578125 0.0396842956542969
0.0231304168701172 -0.000154495239257813 0.411590576171875 -0.091217041015625
0.0111379623413086 -0.00339889526367188 0.276336669921875 -0.43560791015625
-0.0100584030151367 0.00606536865234375 -0.192718505859375 -0.39520263671875
-0.0133657455444336 0.0142021179199219 -0.326995849609375 -0.0464782714843751
0.00459861755371094 0.00981616973876953 -0.209243774414063 0.139846801757813
0.012965202331543 -0.00354099273681641 -0.02606201171875 0.157424926757813
-0.00599241256713867 -0.00578832626342773 0.08758544921875 0.0751495361328125
-0.00788545608520508 -0.00421857833862305 -0.0746383666992188 -0.0941238403320313
0.011627197265625 0.000201225280761719 0.0592498779296875 -0.154861450195313
0.00911426544189453 0.00620651245117187 0.224868774414063 -0.098968505859375
-0.00685310363769532 0.0168180465698242 0.334381103515625 0.11767578125
-0.0150537490844727 0.016636848449707 0.1407470703125 0.41827392578125
-0.000269889831542969 -0.0101232528686523 -0.231903076171875 0.44354248046875
-0.00239801406860352 -0.0020143985748291 -0.356842041015625 0.142822265625
0.0105247497558594 0.0120143890380859 0.0146331787109375 0.0400619506835938
0.0224018096923828 -0.000545501708984375 0.41259765625 -0.09564208984375
0.0111608505249023 -0.00312232971191406 0.27032470703125 -0.4383544921875
-0.00993061065673828 0.00603294372558594 -0.197357177734375 -0.392822265625
-0.0129280090332031 0.0147972106933594 -0.3267822265625 -0.044189453125
0.00397586822509766 0.0101070404052734 -0.207656860351563 0.14007568359375
0.0130205154418945 -0.00343132019042969 -0.0253753662109375 0.156845092773438
-0.00688982009887695 -0.0046238899230957 0.0885009765625 0.0737686157226563
-0.00914287567138672 -0.00431919097900391 -0.0746231079101563 -0.0934600830078125
0.0118007659912109 0.00135326385498047 0.0601959228515625 -0.153976440429688
0.00885105133056641 0.00677585601806641 0.226318359375 -0.0968170166015625
-0.00810527801513672 0.0169792175292969 0.33282470703125 0.122711181640625
-0.015162467956543 0.016693115234375 0.134857177734375 0.420013427734375
0.00133228302001953 -0.0106592178344727 -0.237762451171875 0.440093994140625
-0.0012052059173584 -0.0026247501373291 -0.35614013671875 0.140167236328125
0.0113258361816406 0.0119447708129883 0.0183677673339844 0.0401229858398438
0.0233879089355469 -0.000680923461914063 0.4119873046875 -0.099945068359375
0.0126848220825195 -0.00414657592773438 0.26507568359375 -0.44085693359375
-0.00943565368652344 0.00585460662841797 -0.203277587890625 -0.389801025390625
-0.0137386322021484 0.0147495269775391 -0.32745361328125 -0.039031982421875
0.00345039367675781 0.0105056762695313 -0.205886840820313 0.141342163085937
0.0123386383056641 -0.00270462036132813 -0.023162841796875 0.156387329101563
-0.00894546508789063 -0.00393390655517578 0.0890274047851563 0.073822021484375
-0.00469064712524414 -0.0049281120300293 -0.0703201293945313 -0.100868225097656
0.0135660171508789 0.000392913818359375 0.0586700439453125 -0.1573486328125
0.0112390518188477 0.0041046142578125 0.226165771484375 -0.10064697265625
-0.00985431671142578 0.0141077041625977 0.335174560546875 0.118988037109375
-0.0184459686279297 0.0153789520263672 0.142059326171875 0.418853759765625
0.00284099578857422 -0.012507438659668 -0.234039306640625 0.443084716796875
0.00845432281494141 -0.00164508819580078 -0.36273193359375 0.14361572265625
0.0257453918457031 0.0162353515625 0.00873565673828125 0.0390701293945312
0.0324897766113281 -0.000278472900390625 0.4066162109375 -0.094970703125
0.0134782791137695 -0.00615406036376953 0.265350341796875 -0.4395751953125
-0.0119285583496094 0.00418472290039063 -0.205230712890625 -0.393341064453125
-0.0158243179321289 0.0137310028076172 -0.331634521484375 -0.0430908203125001
0.00539684295654297 0.00781488418579101 -0.211654663085938 0.14227294921875
0.0141458511352539 -0.00322914123535156 -0.027435302734375 0.15673828125
-0.0081486701965332 -0.00384330749511719 0.0870285034179688 0.0744705200195313
-0.00379610061645508 -0.00585603713989258 -0.0718917846679688 -0.100196838378906
0.0134191513061523 -0.000555992126464844 0.057525634765625 -0.158035278320313
0.0103273391723633 0.00306797027587891 0.22412109375 -0.103607177734375
-0.00867557525634766 0.0143680572509766 0.33563232421875 0.114166259765625
-0.0185699462890625 0.0152435302734375 0.147369384765625 0.41705322265625
0.000594139099121094 -0.0127220153808594 -0.226837158203125 0.445892333984375
0.00559234619140625 -0.00190496444702148 -0.36181640625 0.1446533203125
0.0239067077636719 0.0160121917724609 0.00605773925781251 0.038238525390625
0.0313358306884766 -0.00016021728515625 0.406829833984375 -0.09271240234375
0.0132455825805664 -0.00570487976074219 0.27001953125 -0.438079833984375
-0.0114507675170898 0.00360870361328125 -0.19915771484375 -0.396942138671875
-0.0139188766479492 0.0132741928100586 -0.330841064453125 -0.0461730957031251
0.00594043731689453 0.0081782341003418 -0.213272094726562 0.140640258789063
0.0148420333862305 -0.00443744659423828 -0.029693603515625 0.158737182617188
-0.0056767463684082 -0.00442409515380859 0.0863189697265625 0.0756378173828125
-0.00324773788452149 -0.00623893737792969 -0.07330322265625 -0.0992355346679687
0.0131912231445313 -0.000721931457519531 0.0563201904296875 -0.158355712890625
0.0105361938476563 0.00300502777099609 0.223724365234375 -0.105453491210937
-0.00815677642822266 0.0145998001098633 0.336517333984375 0.112823486328125
-0.0176868438720703 0.016571044921875 0.151702880859375 0.414398193359375
1.33514404296881E-05 -0.0116424560546875 -0.223663330078125 0.446014404296875
0.00380825996398926 -0.00176358222961426 -0.362060546875 0.147125244140625
0.0197944641113281 0.0154361724853516 0.00507354736328125 0.0389328002929688
0.0286693572998047 0.000278472900390625 0.408111572265625 -0.0889892578125
0.0121984481811523 -0.00534248352050781 0.275299072265625 -0.4364013671875
-0.0117979049682617 0.00474166870117188 -0.195526123046875 -0.398101806640625
-0.013981819152832 0.0134296417236328 -0.329986572265625 -0.048553466796875
0.0054779052734375 0.00811195373535156 -0.213088989257812 0.140762329101563
0.0137434005737305 -0.00418949127197266 -0.02838134765625 0.15924072265625
-0.00524187088012695 -0.00486326217651367 0.0867156982421875 0.075592041015625
-0.00316238403320312 -0.00609588623046875 -0.0739669799804688 -0.0984573364257813
0.0134820938110352 -0.00116062164306641 0.055999755859375 -0.157943725585938
0.0108613967895508 0.00335788726806641 0.22412109375 -0.106094360351563
-0.00780105590820313 0.0149564743041992 0.3377685546875 0.110198974609375
-0.0170211791992188 0.0172929763793945 0.15289306640625 0.412933349609375
-0.000711441040039062 -0.0102291107177734 -0.22259521484375 0.4464111328125
0.000630497932434082 -0.00207042694091797 -0.360687255859375 0.148223876953125
0.0165367126464844 0.0143547058105469 0.00593185424804688 0.0381431579589844
0.0261917114257813 0.000133514404296875 0.409637451171875 -0.089813232421875
0.0113210678100586 -0.00474262237548828 0.27752685546875 -0.43621826171875
-0.0122270584106445 0.00485324859619141 -0.194976806640625 -0.398529052734375
-0.0138826370239258 0.0140380859375 -0.330047607421875 -0.04840087890625
0.00523614883422852 0.0083308219909668 -0.211288452148438 0.140029907226562
0.0139522552490234 -0.00442600250244141 -0.02777099609375 0.159332275390625
-0.00481510162353516 -0.00653886795043945 0.086334228515625 0.0756454467773438
-0.00418996810913086 -0.00619316101074219 -0.0751953125 -0.097137451171875
0.0129976272583008 -0.000481605529785156 0.055908203125 -0.156661987304687
0.0100584030151367 0.00430011749267578 0.223983764648438 -0.104507446289063
-0.00727272033691406 0.0155439376831055 0.337921142578125 0.111328125
-0.0162639617919922 0.0180892944335937 0.152862548828125 0.4139404296875
-0.00111579895019531 -0.0104131698608398 -0.222869873046875 0.4464111328125
-0.00171458721160889 -0.00188815593719482 -0.359344482421875 0.14642333984375
0.0133533477783203 0.0135669708251953 0.00744247436523438 0.0391616821289062
0.0244464874267578 0.000402450561523438 0.411865234375 -0.088897705078125
0.0114068984985352 -0.00390625 0.278900146484375 -0.43719482421875
-0.0104007720947266 0.00565147399902344 -0.195281982421875 -0.398681640625
-0.0136175155639648 0.0142755508422852 -0.328826904296875 -0.0478515625
0.00501823425292969 0.0093536376953125 -0.211181640625 0.139862060546875
0.0132389068603516 -0.00505352020263672 -0.0270538330078125 0.15911865234375
-0.00500726699829101 -0.00594329833984375 0.0870819091796875 0.075927734375
-0.0058588981628418 -0.00605392456054688 -0.0763015747070313 -0.0960845947265625
0.0125360488891602 -0.000396728515625 0.0579986572265625 -0.156051635742188
0.00976181030273438 0.00499248504638672 0.224960327148437 -0.103164672851563
-0.00786018371582031 0.0162067413330078 0.338653564453125 0.113800048828125
-0.0155801773071289 0.0172500610351563 0.14874267578125 0.415283203125
-0.000773429870605468 -0.0100269317626953 -0.22650146484375 0.446075439453125
-0.00207328796386719 -0.0020216703414917 -0.35986328125 0.145477294921875
0.0115718841552734 0.0125856399536133 0.0107841491699219 0.0394935607910156
0.0226840972900391 -0.000242233276367187 0.413238525390625 -0.09210205078125
0.0113058090209961 -0.00411605834960938 0.277099609375 -0.439056396484375
-0.010371208190918 0.00595283508300781 -0.194671630859375 -0.39752197265625
-0.0133180618286133 0.0142784118652344 -0.328765869140625 -0.0462646484375
0.00471210479736328 0.00943279266357422 -0.209884643554688 0.140762329101562
0.0129804611206055 -0.00414657592773438 -0.025909423828125 0.158737182617188
-0.00605058670043945 -0.00532913208007813 0.08795166015625 0.07568359375
-0.00708389282226562 -0.00406742095947266 -0.0752410888671875 -0.0943527221679688
0.0119218826293945 -0.00016021728515625 0.058685302734375 -0.1558837890625
0.00922679901123047 0.0067596435546875 0.226715087890625 -0.100418090820313
-0.00769996643066406 0.0167942047119141 0.336822509765625 0.118865966796875
-0.0155363082885742 0.0167016983032227 0.144561767578125 0.417938232421875
0.000480651855468749 -0.0104799270629883 -0.231842041015625 0.4451904296875
-0.00226902961730957 -0.00142168998718262 -0.359161376953125 0.143951416015625
0.0107231140136719 0.0127029418945313 0.0140228271484375 0.0402755737304688
0.0224094390869141 -0.000568389892578125 0.413787841796875 -0.096771240234375
0.0117130279541016 -0.00392341613769531 0.272705078125 -0.441314697265625
-0.009185791015625 0.00565242767333984 -0.200469970703125 -0.394683837890625
-0.0130481719970703 0.0142202377319336 -0.328216552734375 -0.0430908203125
0.00408840179443359 0.00987625122070313 -0.207992553710938 0.141082763671875
0.0119895935058594 -0.00336265563964844 -0.024505615234375 0.157943725585938
-0.0073246955871582 -0.00449609756469727 0.089111328125 0.0747909545898438
-0.00911808013916016 -0.00324249267578125 -0.0753402709960938 -0.0946731567382813
0.011784553527832 0.00202369689941406 0.0603179931640625 -0.155075073242188
0.00890254974365234 0.00704669952392578 0.227096557617188 -0.09765625
-0.00808238983154297 0.0171060562133789 0.33514404296875 0.121490478515625
-0.015228271484375 0.0166492462158203 0.137451171875 0.421783447265625
0.00235652923583984 -0.0107421875 -0.23681640625 0.44384765625
-0.0013357400894165 -0.00198876857757568 -0.3594970703125 0.141143798828125
0.0113744735717773 0.0120277404785156 0.0180091857910156 0.0403976440429688
0.0232906341552734 -0.00114631652832031 0.41357421875 -0.100067138671875
0.0125312805175781 -0.00393581390380859 0.2662353515625 -0.443389892578125
-0.00881385803222656 0.00563812255859375 -0.2061767578125 -0.3909912109375
-0.0133724212646484 0.0147562026977539 -0.328857421875 -0.0387878417968751
0.00403404235839844 0.00998973846435547 -0.206451416015625 0.143203735351562
0.0118675231933594 -0.00272083282470703 -0.0228424072265625 0.15802001953125
-0.00946235656738281 -0.003570556640625 0.0899505615234375 0.07452392578125
-0.00475215911865234 -0.00462675094604492 -0.0710067749023438 -0.101806640625
0.0143327713012695 -4.29153442382813E-05 0.0576934814453125 -0.159500122070312
0.0105447769165039 0.0031585693359375 0.226730346679687 -0.102920532226562
-0.00998210906982422 0.0146369934082031 0.337554931640625 0.1173095703125
-0.0181522369384766 0.0152359008789063 0.14404296875 0.420440673828125
0.00266075134277344 -0.0121679306030273 -0.23211669921875 0.44781494140625
0.00823783874511719 -0.00157260894775391 -0.364166259765625 0.145721435546875
0.0251655578613281 0.0168933868408203 0.00921249389648438 0.0384674072265625
0.0328655242919922 -9.5367431640625E-05 0.408721923828125 -0.096588134765625
0.0135631561279297 -0.00657176971435547 0.26654052734375 -0.443878173828125
-0.0111207962036133 0.00360965728759765 -0.206817626953125 -0.39556884765625
-0.0151348114013672 0.0134162902832031 -0.334197998046875 -0.041961669921875
0.00630855560302734 0.00750541687011719 -0.212493896484375 0.143310546875
0.0139331817626953 -0.00382041931152344 -0.027557373046875 0.158935546875
-0.00778007507324219 -0.0030970573425293 0.0874862670898438 0.0750656127929688
-0.00325489044189453 -0.00498867034912109 -0.0726165771484375 -0.1009521484375
0.0135889053344727 -0.000680923461914063 0.056610107421875 -0.159027099609375
0.0109338760375977 0.0031890869140625 0.225296020507812 -0.105728149414062
-0.00947666168212891 0.0145053863525391 0.33892822265625 0.11224365234375
-0.0178012847900391 0.0161457061767578 0.151641845703125 0.418304443359375
0.00115394592285156 -0.0118303298950195 -0.22662353515625 0.448699951171875
0.00603342056274414 -0.00185203552246094 -0.363189697265625 0.147216796875
0.0230770111083984 0.0166206359863281 0.00626754760742188 0.0387115478515625
0.0302677154541016 -0.000223159790039063 0.4091796875 -0.094024658203125
0.0129413604736328 -0.00595855712890625 0.269927978515625 -0.441558837890625
-0.0122661590576172 0.004119873046875 -0.202117919921875 -0.3984375
-0.0145883560180664 0.0131425857543945 -0.333343505859375 -0.044403076171875
0.00609064102172851 0.00803136825561523 -0.213653564453125 0.142608642578125
0.0135555267333984 -0.00503158569335937 -0.027740478515625 0.16015625
-0.0059351921081543 -0.00387430191040039 0.0872039794921875 0.0761871337890625
-0.00304841995239258 -0.0061945915222168 -0.0750198364257813 -0.101051330566406
0.0147514343261719 -0.000940322875976563 0.0556488037109375 -0.16009521484375
0.010676383972168 0.00331783294677734 0.224288940429688 -0.106201171875
-0.00835800170898437 0.0153570175170898 0.340667724609375 0.10980224609375
-0.0179214477539062 0.0169963836669922 0.154876708984375 0.414306640625
0.000319480895996094 -0.0115442276000977 -0.222625732421875 0.45068359375
0.00325608253479004 -0.00199007987976074 -0.362152099609375 0.1495361328125
0.0192813873291016 0.0149345397949219 0.0054931640625 0.0380401611328125
0.0289058685302734 -3.24249267578125E-05 0.410797119140625 -0.092041015625
0.0124359130859375 -0.00594997406005859 0.276702880859375 -0.4407958984375
-0.0119409561157227 0.00457000732421875 -0.199615478515625 -0.400665283203125
-0.0139989852905273 0.0130119323730469 -0.332611083984375 -0.047149658203125
0.00626993179321289 0.00806808471679688 -0.21270751953125 0.141311645507813
0.0131540298461914 -0.00433254241943359 -0.0277862548828125 0.159622192382813
-0.00535964965820313 -0.00466442108154297 0.0865478515625 0.0765762329101563
-0.00349569320678711 -0.0054316520690918 -0.0753250122070312 -0.0991439819335938
0.0132894515991211 -0.000363349914550781 0.0558624267578125 -0.157974243164063
0.00973224639892578 0.00414848327636719 0.22467041015625 -0.1072998046875
-0.00725269317626953 0.0152511596679688 0.34259033203125 0.1087646484375
-0.0170183181762695 0.0171146392822266 0.156524658203125 0.414215087890625
0.000476837158203126 -0.0108413696289063 -0.22119140625 0.449493408203125
0.000183641910552979 -0.000908076763153076 -0.361602783203125 0.149993896484375
0.0167407989501953 0.0148754119873047 0.00503921508789063 0.03851318359375
0.0264930725097656 -7.43865966796875E-05 0.412139892578125 -0.09051513671875
0.0123567581176758 -0.00455951690673828 0.27850341796875 -0.438568115234375
-0.0119009017944336 0.00425052642822266 -0.196258544921875 -0.40045166015625
-0.0137233734130859 0.0134477615356445 -0.33160400390625 -0.048431396484375
0.00535488128662109 0.00833272933959961 -0.211990356445313 0.141387939453125
0.0133905410766602 -0.00487327575683594 -0.0282440185546875 0.161346435546875
-0.00561332702636719 -0.00509881973266602 0.0874176025390625 0.0764617919921875
-0.00414848327636719 -0.0059661865234375 -0.0761032104492188 -0.0977554321289062
0.0132846832275391 -0.00126838684082031 0.0562896728515625 -0.158843994140625
0.0103635787963867 0.00488948822021484 0.225296020507813 -0.106674194335938
-0.00793552398681641 0.0163965225219727 0.34332275390625 0.110809326171875
-0.0158767700195313 0.0176734924316406 0.15570068359375 0.415283203125
-0.000222206115722657 -0.00999259948730469 -0.22271728515625 0.451141357421875
-0.00148093700408936 -0.00147199630737305 -0.36175537109375 0.149200439453125
0.0128297805786133 0.0136032104492187 0.0073394775390625 0.0380134582519531
0.0237636566162109 0.000246047973632812 0.4136962890625 -0.090789794921875
0.0110416412353516 -0.00423049926757812 0.279022216796875 -0.440643310546875
-0.0104885101318359 0.00600910186767578 -0.1971435546875 -0.400390625
-0.012873649597168 0.0146007537841797 -0.3306884765625 -0.048065185546875
0.00489997863769531 0.00858736038208008 -0.211074829101563 0.141983032226563
0.0128965377807617 -0.00544929504394531 -0.02655029296875 0.160476684570313
-0.00578403472900391 -0.00501585006713867 0.0879745483398438 0.0766525268554688
-0.00608730316162109 -0.00479984283447265 -0.075775146484375 -0.0966873168945313
0.0125179290771484 -0.000623703002929688 0.0574493408203125 -0.15740966796875
0.0097360610961914 0.00612735748291016 0.226455688476563 -0.105239868164063
-0.00687026977539063 0.016810417175293 0.342254638671875 0.1121826171875
-0.0154895782470703 0.0178203582763672 0.151702880859375 0.41851806640625
-0.000102996826171876 -0.0103349685668945 -0.22589111328125 0.449615478515625
-0.00241875648498535 -0.00107574462890625 -0.36151123046875 0.1470947265625
0.0111379623413086 0.0132980346679687 0.0101966857910156 0.0394210815429688
0.0224323272705078 -0.000699996948242188 0.4149169921875 -0.09344482421875
0.0114841461181641 -0.00396060943603516 0.27734375 -0.441925048828125
-0.00953483581542969 0.00576400756835938 -0.1973876953125 -0.398712158203125
-0.0126914978027344 0.0148639678955078 -0.330352783203125 -0.045501708984375
0.00475692749023438 0.0096435546875 -0.210037231445313 0.141983032226563
0.0129938125610352 -0.00435256958007812 -0.0247802734375 0.160125732421875
-0.00659275054931641 -0.00482797622680664 0.0883712768554688 0.0766067504882813
-0.00764751434326172 -0.00375986099243164 -0.07598876953125 -0.0953292846679687
0.0116872787475586 -9.72747802734375E-05 0.058013916015625 -0.157379150390625
0.00893115997314453 0.00646400451660156 0.226730346679688 -0.102523803710938
-0.00745105743408203 0.0171613693237305 0.339324951171875 0.116119384765625
-0.0151462554931641 0.0166025161743164 0.148590087890625 0.420257568359375
0.000211715698242188 -0.0108671188354492 -0.230224609375 0.448883056640625
-0.00215542316436768 -0.000911831855773925 -0.36175537109375 0.146453857421875
0.0100822448730469 0.0128717422485352 0.0140037536621094 0.0400428771972656
0.0226631164550781 -0.00100135803222656 0.41473388671875 -0.09759521484375
0.0112361907958984 -0.00412940979003906 0.2725830078125 -0.44488525390625
-0.00956821441650391 0.00597763061523437 -0.2027587890625 -0.396270751953125
-0.0130414962768555 0.0149192810058594 -0.330841064453125 -0.04248046875
0.00427055358886719 0.00976657867431641 -0.208663940429688 0.142715454101562
0.0121593475341797 -0.00415992736816406 -0.024566650390625 0.159271240234375
-0.00787734985351563 -0.00388193130493164 0.0897140502929688 0.075103759765625
-0.0092782974243164 -0.00273895263671875 -0.0765228271484375 -0.0951385498046875
0.0120925903320313 0.00187206268310547 0.059814453125 -0.157241821289062
0.00831222534179688 0.00674915313720703 0.228012084960937 -0.1004638671875
-0.00832176208496094 0.0171995162963867 0.33892822265625 0.120452880859375
-0.0145492553710938 0.0165185928344727 0.1417236328125 0.423309326171875
0.00253200531005859 -0.0108060836791992 -0.23651123046875 0.446044921875
-0.00122570991516113 -0.00114917755126953 -0.3602294921875 0.1441650390625
0.0110979080200195 0.0128498077392578 0.0178565979003906 0.0403099060058594
0.0235652923583984 -0.00157356262207031 0.4149169921875 -0.101348876953125
0.0130481719970703 -0.00459384918212891 0.266876220703125 -0.447357177734375
-0.00878715515136719 0.00576686859130859 -0.20794677734375 -0.391021728515625
-0.0129976272583008 0.0154714584350586 -0.331207275390625 -0.037567138671875
0.00388336181640625 0.0105266571044922 -0.207260131835938 0.144485473632813
0.0117530822753906 -0.00308895111083984 -0.022430419921875 0.158889770507813
-0.00926589965820313 -0.00246524810791015 0.0906600952148438 0.0750885009765625
-0.00449085235595703 -0.00363683700561523 -0.0727691650390625 -0.102012634277344
0.0141324996948242 -0.000296592712402344 0.056304931640625 -0.161361694335938
0.0104646682739258 0.00443744659423828 0.228164672851563 -0.105422973632813
-0.00968074798583984 0.0147705078125 0.341339111328125 0.115203857421875
-0.018096923828125 0.0154953002929688 0.1483154296875 0.421722412109375
0.00279045104980469 -0.0136241912841797 -0.23211669921875 0.450927734375
0.0084080696105957 -0.000719070434570313 -0.365966796875 0.147918701171875
0.0252666473388672 0.0175418853759766 0.00897216796875 0.0389823913574219
0.0323829650878906 -0.00112342834472656 0.41046142578125 -0.098419189453125
0.0137157440185547 -0.00704860687255859 0.266021728515625 -0.44769287109375
-0.0117959976196289 0.00402545928955078 -0.210052490234375 -0.39630126953125
-0.0148239135742188 0.0132875442504883 -0.336395263671875 -0.04046630859375
0.0058751106262207 0.00654983520507812 -0.213546752929688 0.145828247070313
0.0135345458984375 -0.00362205505371094 -0.02667236328125 0.160430908203125
-0.0083308219909668 -0.00295829772949219 0.0886764526367188 0.076171875
-0.00384187698364258 -0.00501346588134766 -0.0733871459960938 -0.101547241210938
0.0138416290283203 -0.000814437866210938 0.056182861328125 -0.161300659179688
0.0114526748657227 0.003204345703125 0.226882934570312 -0.107742309570312
-0.00843429565429688 0.0154094696044922 0.34228515625 0.110809326171875
-0.0179882049560547 0.0152854919433594 0.156646728515625 0.41912841796875
0.00154590606689453 -0.0127496719360352 -0.224853515625 0.45208740234375
0.0067601203918457 -0.000620841979980469 -0.364044189453125 0.149444580078125
0.0230865478515625 0.0169296264648438 0.00635910034179688 0.0386199951171875
0.0303287506103516 -0.00020599365234375 0.41168212890625 -0.09527587890625
0.0124340057373047 -0.00645732879638672 0.271453857421875 -0.444976806640625
-0.0121469497680664 0.00402069091796875 -0.205780029296875 -0.39837646484375
-0.0148000717163086 0.0132246017456055 -0.33477783203125 -0.04388427734375
0.00576400756835938 0.00784683227539063 -0.213882446289062 0.144424438476563
0.0133600234985352 -0.00451755523681641 -0.027252197265625 0.160018920898438
-0.00599241256713867 -0.00375652313232422 0.087860107421875 0.0767288208007813
-0.00327825546264648 -0.00540018081665039 -0.0758132934570313 -0.0999908447265625
0.0144033432006836 -0.00112152099609375 0.054595947265625 -0.161209106445313
0.011566162109375 0.00323963165283203 0.225051879882813 -0.109130859375
-0.00847434997558594 0.0159025192260742 0.344451904296875 0.109283447265625
-0.0169458389282227 0.0170364379882813 0.158843994140625 0.41619873046875
0.000295639038085938 -0.0125494003295898 -0.220001220703125 0.452301025390625
0.00371122360229492 -0.00166821479797363 -0.3646240234375 0.151885986328125
0.0197734832763672 0.0157299041748047 0.00438690185546875 0.0383491516113281
0.0288238525390625 -8.20159912109375E-05 0.4117431640625 -0.0931396484375
0.0123872756958008 -0.006500244140625 0.276123046875 -0.444671630859375
-0.0111980438232422 0.00468730926513672 -0.20196533203125 -0.40069580078125
-0.0138988494873047 0.0139484405517578 -0.3343505859375 -0.0459899902343749
0.00545310974121094 0.00763797760009766 -0.212905883789063 0.143600463867187
0.0143594741821289 -0.00509166717529297 -0.0274200439453125 0.1617431640625
-0.00547933578491211 -0.0043339729309082 0.088775634765625 0.076904296875
-0.00351858139038086 -0.0056610107421875 -0.0770187377929688 -0.0992279052734375
0.0143404006958008 -0.00121021270751953 0.0543212890625 -0.16058349609375
0.0117330551147461 0.00358676910400391 0.225784301757813 -0.109848022460938
-0.00815677642822266 0.0156822204589844 0.344635009765625 0.10791015625
-0.0163726806640625 0.0171470642089844 0.160308837890625 0.416107177734375
0.000397682189941407 -0.0120820999145508 -0.217742919921875 0.453277587890625
0.000760555267333984 -0.000596284866333008 -0.363006591796875 0.152374267578125
0.0168170928955078 0.0143032073974609 0.00551223754882812 0.03814697265625
0.0257110595703125 -0.000455856323242188 0.414154052734375 -0.09234619140625
0.0123577117919922 -0.00503158569335938 0.27685546875 -0.442291259765625
-0.010685920715332 0.005035400390625 -0.200225830078125 -0.401763916015625
-0.0128068923950195 0.0135049819946289 -0.333404541015625 -0.0469970703125
0.00514888763427734 0.0083918571472168 -0.212661743164063 0.143661499023438
0.0131807327270508 -0.00504589080810547 -0.0267486572265625 0.1624755859375
-0.00554037094116211 -0.00512504577636719 0.0878448486328125 0.0772323608398438
-0.004608154296875 -0.00526189804077148 -0.07794189453125 -0.0988922119140625
0.0132627487182617 -0.000644683837890625 0.054779052734375 -0.160919189453125
0.00942420959472656 0.00504970550537109 0.226303100585937 -0.108673095703125
-0.00752449035644531 0.0169258117675781 0.345062255859375 0.1090087890625
-0.0165119171142578 0.016627311706543 0.159820556640625 0.416473388671875
-0.00035858154296875 -0.0106964111328125 -0.220794677734375 0.45281982421875
-0.00160574913024902 -0.000886201858520507 -0.363372802734375 0.15362548828125
0.0124874114990234 0.0144081115722656 0.00657272338867188 0.0392112731933594
0.0239429473876953 -0.0005645751953125 0.415740966796875 -0.092559814453125
0.0116872787475586 -0.00480556488037109 0.27862548828125 -0.444915771484375
-0.0105047225952148 0.005462646484375 -0.20111083984375 -0.40087890625
-0.0130929946899414 0.0147953033447266 -0.332244873046875 -0.0464782714843749
0.00481414794921875 0.00897216796875 -0.211883544921875 0.14306640625
0.0124092102050781 -0.00539970397949219 -0.0263671875 0.162124633789063
-0.0054783821105957 -0.0050806999206543 0.0892562866210938 0.076812744140625
-0.00557327270507813 -0.00456428527832031 -0.0779876708984375 -0.0974578857421875
0.0131635665893555 -0.00078582763671875 0.0565338134765625 -0.1600341796875
0.00956153869628906 0.00558090209960938 0.226577758789063 -0.107315063476563
-0.00772476196289063 0.0178279876708984 0.34527587890625 0.111358642578125
-0.0151424407958984 0.017176628112793 0.15631103515625 0.41912841796875
0.000836372375488282 -0.01104736328125 -0.224334716796875 0.452728271484375
-0.0021284818649292 -0.000598311424255371 -0.362701416015625 0.15081787109375
0.0111141204833984 0.0137157440185547 0.0101356506347656 0.0392341613769531
0.0225868225097656 -0.000894546508789063 0.417022705078125 -0.095245361328125
0.0117912292480469 -0.00479602813720703 0.276092529296875 -0.4453125
-0.00932502746582031 0.00612831115722656 -0.201690673828125 -0.399688720703125
-0.0126018524169922 0.0153436660766602 -0.332550048828125 -0.04364013671875
0.00473976135253906 0.00934791564941406 -0.21044921875 0.143875122070312
0.0125064849853516 -0.00477123260498047 -0.0245361328125 0.162017822265625
-0.00705146789550781 -0.00432014465332031 0.08984375 0.0769729614257813
-0.00765514373779297 -0.00308132171630859 -0.077728271484375 -0.0963287353515625
0.0125026702880859 0.000117301940917969 0.0568695068359375 -0.15960693359375
0.00885772705078125 0.00685882568359375 0.228500366210938 -0.104949951171875
-0.00743865966796875 0.017730712890625 0.343902587890625 0.114044189453125
-0.0145196914672852 0.0174741744995117 0.15264892578125 0.421356201171875
0.00145053863525391 -0.010986328125 -0.228668212890625 0.4532470703125
-0.00233674049377441 -0.000679254531860352 -0.363189697265625 0.149566650390625
0.0103158950805664 0.012934684753418 0.0135726928710938 0.0398216247558594
0.0219917297363281 -0.0007781982421875 0.4178466796875 -0.09918212890625
0.011845588684082 -0.00454521179199219 0.271331787109375 -0.44854736328125
-0.00878477096557617 0.00618839263916016 -0.204681396484375 -0.3970947265625
-0.012115478515625 0.01544189453125 -0.3326416015625 -0.040435791015625
0.00483894348144531 0.00976753234863281 -0.208847045898438 0.144805908203125
0.0113363265991211 -0.004425048828125 -0.0235137939453125 0.160537719726563
-0.00813579559326172 -0.00329256057739258 0.0907440185546875 0.0758514404296875
-0.00952625274658203 -0.00293159484863281 -0.0771102905273438 -0.0961380004882813
0.0127601623535156 0.00175666809082031 0.05908203125 -0.158859252929688
0.00820493698120117 0.0078120231628418 0.229644775390625 -0.102584838867188
-0.00846004486083984 0.0174751281738281 0.341949462890625 0.118804931640625
-0.0148067474365234 0.0163497924804688 0.144927978515625 0.42486572265625
0.00304222106933594 -0.0117683410644531 -0.23468017578125 0.45001220703125
-0.00127959251403809 -0.000669479370117188 -0.361480712890625 0.145965576171875
0.010533332824707 0.0131120681762695 0.0174484252929687 0.0401535034179688
0.0232009887695312 -0.001800537109375 0.417388916015625 -0.10260009765625
0.013056755065918 -0.00424575805664063 0.266143798828125 -0.450103759765625
-0.00818252563476563 0.00593423843383789 -0.21099853515625 -0.392822265625
-0.0124692916870117 0.0153846740722656 -0.333465576171875 -0.0354309082031251
0.00390148162841797 0.0103359222412109 -0.207183837890625 0.146652221679688
0.0117263793945313 -0.00339221954345703 -0.0216522216796875 0.160354614257813
-0.0101604461669922 -0.00256729125976562 0.0916519165039063 0.0759353637695313
-0.00442314147949219 -0.00392627716064453 -0.0739822387695312 -0.102668762207031
0.0143232345581055 8.86917114257813E-05 0.0565032958984375 -0.163284301757813
0.0112161636352539 0.00288486480712891 0.228591918945313 -0.107513427734375
-0.0101385116577148 0.015324592590332 0.346343994140625 0.11346435546875
-0.0174903869628906 0.0152473449707031 0.15478515625 0.42333984375
0.00346565246582031 -0.0138959884643555 -0.23016357421875 0.454254150390625
0.00858592987060547 -8.72611999511719E-05 -0.368011474609375 0.15081787109375
0.0255451202392578 0.0173301696777344 0.00825119018554688 0.0388832092285156
0.0322856903076172 -0.000997543334960937 0.412322998046875 -0.100738525390625
0.0142879486083984 -0.00770092010498047 0.264068603515625 -0.4512939453125
-0.0113849639892578 0.0032644271850586 -0.2142333984375 -0.39703369140625
-0.0148372650146484 0.0136489868164063 -0.33868408203125 -0.038726806640625
0.00660848617553711 0.00706195831298828 -0.21392822265625 0.147781372070313
0.0140438079833984 -0.00445652008056641 -0.0256500244140625 0.161834716796875
-0.00736570358276367 -0.00164318084716797 0.0900650024414062 0.07623291015625
-0.00371456146240234 -0.00463104248046875 -0.0757675170898437 -0.101875305175781
0.0142860412597656 -0.000820159912109375 0.0543212890625 -0.163314819335937
0.0111236572265625 0.00395011901855469 0.22760009765625 -0.110382080078125
-0.00954246520996094 0.0157833099365234 0.347015380859375 0.10809326171875
-0.0181007385253906 0.0157661437988281 0.160919189453125 0.420562744140625
0.00198936462402344 -0.0131139755249023 -0.22283935546875 0.458251953125
0.00597333908081055 -0.000478744506835938 -0.366180419921875 0.152862548828125
0.0229396820068359 0.0165138244628906 0.00522232055664063 0.0385169982910156
0.0303802490234375 -0.00115966796875 0.41259765625 -0.098663330078125
0.0128173828125 -0.0070037841796875 0.26959228515625 -0.44940185546875
-0.0118398666381836 0.00409603118896484 -0.209930419921875 -0.39996337890625
-0.0134429931640625 0.0138397216796875 -0.338287353515625 -0.04180908203125
0.00584983825683594 0.00745344161987305 -0.2142333984375 0.146530151367188
0.0131750106811523 -0.00470447540283203 -0.0263519287109375 0.162750244140625
-0.00659513473510742 -0.00319242477416992 0.08917236328125 0.0769577026367188
-0.00355362892150879 -0.00439023971557617 -0.07733154296875 -0.101425170898438
0.0138826370239258 -0.00205039978027344 0.0541839599609375 -0.162246704101562
0.0106630325317383 0.00459480285644531 0.226333618164063 -0.112213134765625
-0.00828075408935547 0.0157670974731445 0.347564697265625 0.10662841796875
-0.0175743103027344 0.0171794891357422 0.1650390625 0.417572021484375
0.00113487243652344 -0.0127658843994141 -0.217529296875 0.4564208984375
0.00353121757507324 -0.000947713851928711 -0.365234375 0.155731201171875
0.0194149017333984 0.0165023803710938 0.00405502319335938 0.0386924743652344
0.0294170379638672 -0.000505447387695312 0.4130859375 -0.095794677734375
0.0123968124389648 -0.00702381134033203 0.27410888671875 -0.448883056640625
-0.0109357833862305 0.00399303436279297 -0.20703125 -0.402587890625
-0.0138788223266602 0.01416015625 -0.337371826171875 -0.043304443359375
0.00586175918579102 0.00831937789916992 -0.213165283203125 0.146713256835938
0.0137538909912109 -0.00579071044921875 -0.02691650390625 0.163314819335938
-0.00524473190307617 -0.00371456146240234 0.089141845703125 0.0777206420898438
-0.00410842895507812 -0.0056452751159668 -0.0774917602539063 -0.101234436035156
0.0133457183837891 -0.00133800506591797 0.0532073974609375 -0.1630859375
0.01019287109375 0.00437736511230469 0.22698974609375 -0.112945556640625
-0.00753688812255859 0.0171213150024414 0.34857177734375 0.10491943359375
-0.0156564712524414 0.0171794891357422 0.1668701171875 0.41778564453125
0.000360488891601564 -0.0112133026123047 -0.21624755859375 0.457916259765625
0.000689268112182617 2.38418579101563E-07 -0.366424560546875 0.155548095703125
0.0161151885986328 0.015406608581543 0.00457382202148438 0.0384407043457031
0.0265178680419922 -0.00137519836425781 0.41632080078125 -0.095489501953125
0.0118408203125 -0.00659942626953125 0.276092529296875 -0.446685791015625
-0.0104856491088867 0.00489521026611328 -0.204833984375 -0.402587890625
-0.0127525329589844 0.0148992538452148 -0.335845947265625 -0.0449829101562499
0.00604438781738281 0.00783300399780273 -0.212905883789062 0.146133422851563
0.0137042999267578 -0.00604438781738281 -0.0258026123046875 0.163681030273438
-0.00532388687133789 -0.00407791137695313 0.0901031494140625 0.0774383544921875
-0.00466346740722656 -0.00481367111206055 -0.0790176391601563 -0.0992507934570313
0.0141363143920898 -0.000763893127441406 0.0541534423828125 -0.162353515625
0.010279655456543 0.00486087799072266 0.227249145507813 -0.111892700195313
-0.00760936737060547 0.017207145690918 0.349212646484375 0.10516357421875
-0.0152206420898438 0.0170974731445313 0.165283203125 0.4183349609375
-4.38690185546873E-05 -0.0115156173706055 -0.218048095703125 0.4571533203125
-0.00108528137207031 -0.000448286533355713 -0.364166259765625 0.15509033203125
0.0127220153808594 0.0149669647216797 0.00685501098632813 0.0383071899414063
0.0242195129394531 -0.00106239318847656 0.417755126953125 -0.095245361328125
0.0121583938598633 -0.00538825988769531 0.278076171875 -0.44818115234375
-0.00970745086669922 0.0050506591796875 -0.20465087890625 -0.402191162109375
-0.0128374099731445 0.0151681900024414 -0.334930419921875 -0.044158935546875
0.00519466400146484 0.00847959518432617 -0.212234497070313 0.145858764648437
0.0126228332519531 -0.00563621520996094 -0.0250244140625 0.163665771484375
-0.00572586059570313 -0.0041956901550293 0.0899658203125 0.0769729614257813
-0.00505256652832031 -0.00415802001953125 -0.0797271728515625 -0.0979690551757813
0.0136241912841797 -0.000435829162597656 0.0554351806640625 -0.161529541015625
0.00983238220214844 0.00594520568847656 0.2283935546875 -0.10980224609375
-0.00740623474121094 0.0182094573974609 0.348907470703125 0.108673095703125
-0.0146770477294922 0.0177288055419922 0.161651611328125 0.420257568359375
0.000711441040039063 -0.0111713409423828 -0.2213134765625 0.4564208984375
-0.00200378894805908 -0.000401496887207032 -0.363616943359375 0.153411865234375
0.0108203887939453 0.0137367248535156 0.00955963134765625 0.0393295288085938
0.0225601196289062 -0.0013885498046875 0.41790771484375 -0.0982666015625
0.0117855072021484 -0.00486087799072266 0.276092529296875 -0.449462890625
-0.00901126861572266 0.00556468963623047 -0.205230712890625 -0.40106201171875
-0.011967658996582 0.0154542922973633 -0.335693359375 -0.042388916015625
0.00516986846923828 0.00954818725585938 -0.211334228515625 0.1468505859375
0.0123071670532227 -0.00503158569335938 -0.023345947265625 0.163894653320313
-0.0073704719543457 -0.0030975341796875 0.0913238525390625 0.076934814453125
-0.00833511352539063 -0.00273942947387695 -0.0793380737304688 -0.0965652465820313
0.0128660202026367 -0.000226974487304688 0.056640625 -0.161270141601563
0.00926017761230469 0.00686168670654297 0.228866577148438 -0.107345581054688
-0.00757598876953125 0.0184173583984375 0.3475341796875 0.11236572265625
-0.0147504806518555 0.0164299011230469 0.158447265625 0.423614501953125
0.00164127349853516 -0.0113229751586914 -0.2261962890625 0.455413818359375
-0.00229954719543457 0.00013422966003418 -0.363983154296875 0.152984619140625
0.00985622406005859 0.0142784118652344 0.0134544372558594 0.0399513244628906
0.0221900939941406 -0.00193214416503906 0.417694091796875 -0.102020263671875
0.011723518371582 -0.00514125823974609 0.270477294921875 -0.453155517578125
-0.00890541076660156 0.00571250915527344 -0.209747314453125 -0.39923095703125
-0.0124645233154297 0.0156841278076172 -0.335052490234375 -0.038116455078125
0.00447368621826172 0.0100393295288086 -0.209304809570313 0.147201538085937
0.0113439559936523 -0.00466823577880859 -0.0223541259765625 0.16253662109375
-0.00818300247192383 -0.00249099731445313 0.09185791015625 0.0762863159179687
-0.00908660888671875 -0.00224781036376953 -0.0786361694335938 -0.0973587036132813
0.0124807357788086 0.00165081024169922 0.057861328125 -0.16064453125
0.00898170471191406 0.00753879547119141 0.230300903320313 -0.105148315429688
-0.00813674926757812 0.0185470581054688 0.346343994140625 0.116119384765625
-0.0143575668334961 0.0166845321655273 0.150665283203125 0.42547607421875
0.00357818603515625 -0.011784553527832 -0.231414794921875 0.454864501953125
-0.000901997089385986 -0.000508010387420654 -0.363037109375 0.150299072265625
0.0104951858520508 0.0137004852294922 0.017242431640625 0.0403022766113281
0.0236835479736328 -0.00221633911132812 0.419342041015625 -0.10723876953125
0.0130290985107422 -0.00513458251953125 0.263824462890625 -0.454559326171875
-0.00851964950561523 0.00569677352905273 -0.216644287109375 -0.393463134765625
-0.0123491287231445 0.0164680480957031 -0.335693359375 -0.0337829589843751
0.00422763824462891 0.0101900100708008 -0.207077026367188 0.148635864257812
0.0115623474121094 -0.00421714782714844 -0.020721435546875 0.162063598632813
-0.010218620300293 -0.00168800354003906 0.0929946899414063 0.0761184692382813
-0.00582551956176758 -0.00357198715209961 -0.075836181640625 -0.103370666503906
0.0150575637817383 -2.09808349609375E-05 0.055206298828125 -0.165313720703125
0.0109071731567383 0.00416851043701172 0.229629516601563 -0.1109619140625
-0.00975608825683594 0.0159130096435547 0.349395751953125 0.110626220703125
-0.0175447463989258 0.0151224136352539 0.160003662109375 0.42340087890625
0.00348281860351563 -0.0137567520141602 -0.2266845703125 0.45977783203125
0.00871419906616211 -4.48226928710937E-05 -0.368560791015625 0.156219482421875
0.0247421264648438 0.0185298919677734 0.00836181640625 0.0391616821289063
0.0326747894287109 -0.00109672546386719 0.413909912109375 -0.103515625
0.0143184661865234 -0.00777721405029297 0.26373291015625 -0.456207275390625
-0.0117149353027344 0.00321865081787109 -0.21978759765625 -0.397613525390625
-0.0143346786499023 0.0143089294433594 -0.341766357421875 -0.03564453125
0.00645065307617188 0.0070490837097168 -0.213729858398438 0.150146484375
0.0137319564819336 -0.00513458251953125 -0.0249176025390625 0.163558959960938
-0.00838041305541992 -0.00100326538085938 0.091217041015625 0.0766830444335937
-0.00346469879150391 -0.00413918495178223 -0.0769500732421875 -0.102363586425781
0.0140657424926758 -0.00100517272949219 0.053436279296875 -0.165390014648438
0.0107927322387695 0.00344753265380859 0.228668212890625 -0.1141357421875
-0.0089874267578125 0.016627311706543 0.35009765625 0.10638427734375
-0.0172395706176758 0.0156841278076172 0.165435791015625 0.422637939453125
0.00156879425048828 -0.0141372680664062 -0.218963623046875 0.459991455078125
0.0067753791809082 0.000340461730957031 -0.36785888671875 0.158111572265625
0.023406982421875 0.017608642578125 0.00513076782226563 0.0383567810058594
0.0300273895263672 -0.000928878784179688 0.4144287109375 -0.100921630859375
0.0133790969848633 -0.00773048400878906 0.268951416015625 -0.454437255859375
-0.0109548568725586 0.00393581390380859 -0.214202880859375 -0.4017333984375
-0.0132884979248047 0.0142583847045898 -0.340057373046875 -0.038818359375
0.00639200210571289 0.00797128677368164 -0.214508056640625 0.1497802734375
0.0136508941650391 -0.00555896759033203 -0.0253753662109375 0.164413452148438
-0.00639867782592773 -0.00252008438110352 0.0907821655273438 0.0775604248046875
-0.00356101989746094 -0.00476789474487305 -0.07818603515625 -0.101692199707031
0.0151357650756836 -0.00191783905029297 0.0526123046875 -0.165191650390625
0.0110836029052734 0.0033111572265625 0.227737426757812 -0.115066528320312
-0.00788688659667969 0.0169582366943359 0.351837158203125 0.10308837890625
-0.0168142318725586 0.0168542861938477 0.16973876953125 0.419586181640625
0.00139617919921875 -0.0126800537109375 -0.21527099609375 0.460113525390625
0.00353240966796875 -0.000393867492675781 -0.367706298828125 0.15899658203125
0.0187454223632812 0.0172080993652344 0.00435256958007812 0.03912353515625
0.0289287567138672 -0.00195693969726563 0.415802001953125 -0.098785400390625
0.0127906799316406 -0.00698566436767578 0.27227783203125 -0.45306396484375
-0.0109624862670898 0.00402545928955078 -0.210723876953125 -0.402923583984375
-0.0131378173828125 0.0144157409667969 -0.339111328125 -0.04266357421875
0.0065159797668457 0.00775289535522461 -0.213577270507813 0.14886474609375
0.0131406784057617 -0.00558853149414063 -0.0250396728515625 0.164749145507813
-0.00595855712890625 -0.00395011901855469 0.0904922485351562 0.0777816772460937
-0.00369739532470703 -0.00478887557983399 -0.07977294921875 -0.100990295410156
0.013758659362793 -0.00172901153564453 0.05255126953125 -0.165390014648438
0.0112819671630859 0.00467586517333984 0.22674560546875 -0.114959716796875
-0.00743293762207032 0.0175619125366211 0.352386474609375 0.101837158203125
-0.0158853530883789 0.0173444747924805 0.171234130859375 0.418121337890625
0.000761032104492187 -0.0125818252563477 -0.213592529296875 0.460723876953125
0.0010685920715332 -0.000223100185394287 -0.36614990234375 0.159698486328125
0.0160427093505859 0.01617431640625 0.00413894653320313 0.0386085510253906
0.0255641937255859 -0.0017547607421875 0.417144775390625 -0.0986328125
0.0117368698120117 -0.00603961944580078 0.27532958984375 -0.45166015625
-0.0107173919677734 0.00372409820556641 -0.209197998046875 -0.404144287109375
-0.0126523971557617 0.0144290924072266 -0.3387451171875 -0.042816162109375
0.00544214248657227 0.00809812545776367 -0.213729858398438 0.14825439453125
0.0134305953979492 -0.00610733032226563 -0.0247802734375 0.164962768554688
-0.00524425506591797 -0.00344514846801758 0.0912704467773438 0.0778884887695313
-0.00435256958007813 -0.00429511070251465 -0.0803298950195313 -0.0999984741210938
0.0141324996948242 -0.00137805938720703 0.052337646484375 -0.164337158203125
0.00960922241210938 0.00483512878417969 0.228164672851563 -0.115264892578125
-0.00727653503417969 0.0180397033691406 0.352142333984375 0.103363037109375
-0.0158195495605469 0.0170650482177734 0.17034912109375 0.418731689453125
0.000429153442382813 -0.0120334625244141 -0.215576171875 0.460906982421875
-0.000449329614639282 0.000242292881011963 -0.364501953125 0.15838623046875
0.0125570297241211 0.0147571563720703 0.00678634643554688 0.0392303466796875
0.0238399505615234 -0.00119209289550781 0.41998291015625 -0.09967041015625
0.0117387771606445 -0.00608062744140625 0.276275634765625 -0.45318603515625
-0.00990104675292969 0.00485134124755859 -0.207977294921875 -0.404449462890625
-0.0125837326049805 0.0154285430908203 -0.337860107421875 -0.041717529296875
0.00584030151367188 0.00939559936523438 -0.211868286132813 0.147491455078125
0.01202392578125 -0.00579738616943359 -0.023834228515625 0.165176391601563
-0.00645256042480469 -0.00311422348022461 0.0914154052734375 0.0786972045898438
-0.00572586059570312 -0.0040740966796875 -0.0808181762695313 -0.0983963012695312
0.0137777328491211 -0.000859260559082031 0.05462646484375 -0.163665771484375
0.00950145721435547 0.00645637512207031 0.229446411132813 -0.113128662109375
-0.00728416442871094 0.0185375213623047 0.3516845703125 0.10626220703125
-0.0142192840576172 0.0179023742675781 0.167388916015625 0.421844482421875
0.00124645233154297 -0.0113449096679688 -0.21875 0.46142578125
-0.00210905075073242 0.000412583351135254 -0.366424560546875 0.157745361328125
0.0107507705688477 0.0149879455566406 0.00912094116210937 0.0394744873046875
0.0223598480224609 -0.00165557861328125 0.420684814453125 -0.100433349609375
0.0117626190185547 -0.00531482696533203 0.27496337890625 -0.45416259765625
-0.00928878784179688 0.00556087493896485 -0.2088623046875 -0.402679443359375
-0.0121374130249023 0.0157508850097656 -0.337615966796875 -0.03961181640625
0.00525569915771484 0.00896263122558594 -0.211669921875 0.148605346679687
0.0122470855712891 -0.00562191009521484 -0.02264404296875 0.164825439453125
-0.00710725784301758 -0.00259208679199219 0.0917510986328125 0.077667236328125
-0.00757694244384766 -0.00232315063476562 -0.0808486938476562 -0.0968856811523438
0.0128250122070313 -0.000384330749511719 0.055023193359375 -0.163299560546875
0.00909900665283203 0.00703144073486328 0.230010986328125 -0.110321044921875
-0.00709342956542969 0.0188674926757813 0.3514404296875 0.110015869140625
-0.0140237808227539 0.0171442031860352 0.1630859375 0.423828125
0.00212860107421875 -0.012080192565918 -0.2232666015625 0.461181640625
-0.00218689441680908 0.000763893127441406 -0.3663330078125 0.15606689453125
0.00983333587646484 0.0142097473144531 0.013153076171875 0.0395889282226563
0.0223140716552734 -0.00206756591796875 0.420928955078125 -0.105743408203125
0.0115556716918945 -0.00497245788574219 0.268280029296875 -0.457794189453125
-0.00863122940063477 0.00539159774780273 -0.214508056640625 -0.39886474609375
-0.0118942260742188 0.0162134170532227 -0.33758544921875 -0.0366210937500001
0.00465774536132813 0.009429931640625 -0.209335327148438 0.149398803710938
0.0119590759277344 -0.00495243072509766 -0.0214080810546875 0.16424560546875
-0.00795841217041015 -0.00159978866577148 0.0926895141601563 0.0766372680664063
-0.00944232940673828 -0.00154399871826172 -0.0797882080078125 -0.0970535278320313
0.0126819610595703 0.00124073028564453 0.0567779541015625 -0.16290283203125
0.00937652587890625 0.00773429870605469 0.231307983398438 -0.108428955078125
-0.00821685791015625 0.0190238952636719 0.350067138671875 0.1141357421875
-0.0139026641845703 0.0166006088256836 0.15716552734375 0.42742919921875
0.00366878509521484 -0.0124311447143555 -0.22882080078125 0.459686279296875
-0.00103259086608887 0.000124990940093994 -0.364837646484375 0.15380859375
0.0104179382324219 0.0138587951660156 0.0169715881347656 0.0405807495117188
0.0226612091064453 -0.00184440612792969 0.41986083984375 -0.109771728515625
0.0129327774047852 -0.00570011138916016 0.262939453125 -0.46014404296875
-0.00769662857055664 0.00548315048217773 -0.22052001953125 -0.394561767578125
-0.0120534896850586 0.0162506103515625 -0.338043212890625 -0.0317687988281249
0.00438880920410156 0.0100154876708984 -0.207870483398437 0.1512451171875
0.0118064880371094 -0.0039825439453125 -0.019683837890625 0.16375732421875
-0.00994491577148438 -0.000996589660644529 0.0939102172851563 0.0767669677734375
-0.00526618957519531 -0.00343704223632813 -0.0773544311523438 -0.103858947753906
0.0148677825927734 -0.000518798828125 0.053131103515625 -0.167327880859375
0.0121526718139648 0.00404548645019531 0.229782104492188 -0.115341186523438
-0.00985908508300781 0.0164957046508789 0.353546142578125 0.106658935546875
-0.0174541473388672 0.0158920288085938 0.1656494140625 0.423309326171875
0.00437641143798828 -0.0142059326171875 -0.22283935546875 0.463531494140625
0.00924015045166016 -0.000187873840332031 -0.369110107421875 0.158935546875
0.0242729187011719 0.0185546875 0.00784683227539063 0.0391044616699219
0.0328941345214844 -0.0017547607421875 0.416259765625 -0.107391357421875
0.0146932601928711 -0.00811767578125 0.259674072265625 -0.460296630859375
-0.0117053985595703 0.00372409820556641 -0.224151611328125 -0.3980712890625
-0.0141487121582031 0.0141792297363281 -0.34381103515625 -0.033233642578125
0.00629615783691406 0.00683355331420898 -0.21295166015625 0.153793334960937
0.013087272644043 -0.00481224060058594 -0.0233154296875 0.164520263671875
-0.00942516326904297 2.86102294921858E-06 0.0929031372070313 0.076812744140625
-0.00422978401184082 -0.00344610214233398 -0.078399658203125 -0.103157043457031
0.0147562026977539 -0.00145530700683594 0.051849365234375 -0.1669921875
0.0110378265380859 0.00397872924804688 0.22869873046875 -0.1165771484375
-0.00945568084716797 0.0168380737304688 0.354095458984375 0.103057861328125
-0.0171909332275391 0.0161428451538086 0.172698974609375 0.42120361328125
0.002288818359375 -0.0144281387329102 -0.216583251953125 0.4639892578125
0.007171630859375 0.000162124633789063 -0.36773681640625 0.16162109375
0.0225162506103516 0.0178432464599609 0.00490570068359376 0.03900146484375
0.0314483642578125 -0.00162887573242188 0.415283203125 -0.1053466796875
0.0130252838134766 -0.00787734985351563 0.266326904296875 -0.4586181640625
-0.0116472244262695 0.00377368927001953 -0.219970703125 -0.402069091796875
-0.0137052536010742 0.0146303176879883 -0.342376708984375 -0.036376953125
0.00615024566650391 0.0083003044128418 -0.213699340820313 0.15264892578125
0.0132684707641602 -0.00527191162109375 -0.0240631103515625 0.165390014648438
-0.00737953186035156 -0.00170516967773438 0.09112548828125 0.0777435302734375
-0.00357294082641602 -0.00461339950561523 -0.0802688598632812 -0.101325988769531
0.014348030090332 -0.00107002258300781 0.050323486328125 -0.167556762695313
0.0114021301269531 0.00289535522460938 0.22735595703125 -0.118438720703125
-0.00812625885009765 0.0168380737304688 0.355926513671875 0.100189208984375
-0.0163974761962891 0.0168962478637695 0.175689697265625 0.419189453125
0.00194072723388672 -0.0128459930419922 -0.211273193359375 0.46612548828125
0.00436878204345703 0.000898599624633789 -0.368072509765625 0.1630859375
0.0203399658203125 0.0175628662109375 0.00413894653320313 0.0397529602050781
0.0273284912109375 -0.00128173828125 0.41729736328125 -0.102264404296875
0.0119419097900391 -0.00756931304931641 0.269775390625 -0.4580078125
-0.0109624862670898 0.0043182373046875 -0.215423583984375 -0.4027099609375
-0.0131549835205078 0.0146236419677734 -0.340911865234375 -0.038787841796875
0.00597095489501953 0.00758171081542969 -0.213119506835937 0.151702880859375
0.0125656127929688 -0.0059661865234375 -0.02386474609375 0.16644287109375
-0.00602865219116211 -0.0022430419921875 0.0917587280273438 0.0783920288085938
-0.00362992286682129 -0.00403642654418945 -0.0815658569335938 -0.101936340332031
0.0146398544311523 -0.00150871276855469 0.051513671875 -0.166778564453125
0.010986328125 0.00344753265380859 0.227584838867188 -0.118606567382813
-0.00780487060546875 0.0179653167724609 0.3563232421875 0.098602294921875
-0.0155134201049805 0.0171880722045898 0.17718505859375 0.418060302734375
0.000737190246582032 -0.0126209259033203 -0.21014404296875 0.46575927734375
0.00111770629882813 0.000517964363098145 -0.365875244140625 0.16455078125
0.0155839920043945 0.0161981582641602 0.00388336181640625 0.0386428833007813
0.0249824523925781 -0.00163841247558594 0.41864013671875 -0.103179931640625
0.0114765167236328 -0.00690650939941406 0.27294921875 -0.456695556640625
-0.0101785659790039 0.00411510467529297 -0.213958740234375 -0.403167724609375
-0.0123109817504883 0.0156984329223633 -0.341461181640625 -0.039703369140625
0.00547409057617188 0.00742483139038086 -0.213531494140625 0.1514892578125
0.0124683380126953 -0.00629043579101563 -0.0235748291015625 0.1669921875
-0.00513935089111328 -0.00270366668701172 0.0916900634765625 0.0779037475585937
-0.00452184677124023 -0.00383853912353516 -0.0811233520507813 -0.0992965698242188
0.0141620635986328 -0.00132846832275391 0.0509796142578125 -0.166488647460938
0.0102272033691406 0.00542736053466797 0.228424072265625 -0.118392944335938
-0.007354736328125 0.0186328887939453 0.356414794921875 0.09954833984375
-0.0145778656005859 0.0181427001953125 0.176544189453125 0.41900634765625
0.00105571746826172 -0.0130147933959961 -0.21051025390625 0.465576171875
-0.000570833683013916 0.000752627849578858 -0.366241455078125 0.162628173828125
0.0135946273803711 0.01544189453125 0.00589752197265625 0.039093017578125
0.0237579345703125 -0.00148773193359375 0.42095947265625 -0.1016845703125
0.0115718841552734 -0.00664234161376953 0.273406982421875 -0.457427978515625
-0.00941753387451172 0.00491809844970703 -0.21453857421875 -0.403778076171875
-0.0109367370605469 0.0158834457397461 -0.340789794921875 -0.0387573242187499
0.00510787963867188 0.00836992263793945 -0.212554931640625 0.150802612304688
0.0125970840454102 -0.00662326812744141 -0.0224609375 0.166885375976563
-0.00558614730834961 -0.00298976898193359 0.093231201171875 0.0780029296875
-0.00595712661743164 -0.00360918045043945 -0.0822525024414063 -0.0988693237304687
0.0139665603637695 -0.00131416320800781 0.0527496337890625 -0.165496826171875
0.00981998443603516 0.00587844848632813 0.2291259765625 -0.116409301757813
-0.00763130187988282 0.0190029144287109 0.3565673828125 0.101959228515625
-0.0147724151611328 0.0176563262939453 0.172119140625 0.421600341796875
0.00118446350097656 -0.0125064849853516 -0.214935302734375 0.465118408203125
-0.00170862674713135 0.0006331205368042 -0.365478515625 0.16278076171875
0.0105075836181641 0.0146751403808594 0.009552001953125 0.0394706726074219
0.0221843719482422 -0.00178718566894531 0.42242431640625 -0.10430908203125
0.0117568969726562 -0.00601387023925781 0.271331787109375 -0.459320068359375
-0.00874662399291992 0.00552272796630859 -0.214324951171875 -0.40240478515625
-0.0116205215454102 0.0162105560302734 -0.3394775390625 -0.0372314453124999
0.00481510162353516 0.00908851623535156 -0.210235595703125 0.151687622070312
0.0121860504150391 -0.00550937652587891 -0.0210418701171875 0.16656494140625
-0.00715160369873047 -0.00211572647094726 0.094146728515625 0.0784683227539063
-0.0078892707824707 -0.00200223922729492 -0.08251953125 -0.09747314453125
0.0130081176757813 -8.96453857421875E-05 0.053436279296875 -0.165267944335938
0.00968837738037109 0.00726032257080078 0.231231689453125 -0.113922119140625
-0.00682830810546875 0.019195556640625 0.354736328125 0.106842041015625
-0.0139102935791016 0.0172576904296875 0.169921875 0.424407958984375
0.0023651123046875 -0.0121488571166992 -0.2197265625 0.4647216796875
-0.00195515155792236 0.00112044811248779 -0.365478515625 0.159942626953125
0.00965785980224609 0.014826774597168 0.0131187438964844 0.039794921875
0.0219821929931641 -0.00213623046875 0.4212646484375 -0.108917236328125
0.0120334625244141 -0.0059356689453125 0.267333984375 -0.462158203125
-0.00816249847412109 0.0051884651184082 -0.218475341796875 -0.399658203125
-0.0111932754516602 0.0162477493286133 -0.339935302734375 -0.033294677734375
0.00473594665527344 0.0100154876708984 -0.20941162109375 0.152297973632812
0.0116157531738281 -0.00519752502441406 -0.01983642578125 0.165924072265625
-0.00835561752319336 -0.0012969970703125 0.09405517578125 0.0766830444335938
-0.00878381729125977 -0.00132608413696289 -0.0813064575195312 -0.09759521484375
0.013148307800293 0.000433921813964844 0.0552520751953125 -0.164718627929688
0.00912666320800781 0.00816249847412109 0.23175048828125 -0.111541748046875
-0.00806617736816406 0.0194683074951172 0.353668212890625 0.110595703125
-0.0134954452514648 0.0170001983642578 0.161712646484375 0.42803955078125
0.00429534912109375 -0.0133123397827148 -0.224609375 0.463836669921875
-0.000529110431671142 0.000771105289459229 -0.363861083984375 0.157745361328125
0.0109434127807617 0.01409912109375 0.0174102783203125 0.0403060913085938
0.0233154296875 -0.00268173217773438 0.421844482421875 -0.112884521484375
0.0133438110351562 -0.00627231597900391 0.2608642578125 -0.46453857421875
-0.00767660140991211 0.00559663772583008 -0.225494384765625 -0.39483642578125
-0.011622428894043 0.0167484283447266 -0.340301513671875 -0.028961181640625
0.00493812561035156 0.00976371765136719 -0.20697021484375 0.154296875
0.011134147644043 -0.00423240661621094 -0.0179595947265625 0.164962768554687
-0.0105800628662109 0.000286102294921873 0.0948715209960938 0.0766525268554688
-0.00495100021362305 -0.00274276733398437 -0.07916259765625 -0.103973388671875
0.0149345397949219 -0.000673294067382813 0.05206298828125 -0.168975830078125
0.0115337371826172 0.00388717651367187 0.230316162109375 -0.118133544921875
-0.0101680755615234 0.01739501953125 0.356201171875 0.102996826171875
-0.0170211791992188 0.0154094696044922 0.170745849609375 0.423492431640625
0.00372791290283203 -0.0150070190429688 -0.21826171875 0.466156005859375
0.00997543334960938 0.000756263732910156 -0.36932373046875 0.163238525390625
0.0258445739746094 0.0181102752685547 0.00749588012695313 0.0383186340332031
0.0321502685546875 -0.00222587585449219 0.415679931640625 -0.11077880859375
0.0143346786499023 -0.0091400146484375 0.257568359375 -0.4644775390625
-0.0117549896240234 0.00302505493164062 -0.22869873046875 -0.39801025390625
-0.0135669708251953 0.0145330429077148 -0.345184326171875 -0.029937744140625
0.00603103637695312 0.00692462921142578 -0.212356567382813 0.156768798828125
0.0126209259033203 -0.00477504730224609 -0.020843505859375 0.165908813476563
-0.00829362869262695 0.000301361083984375 0.0939483642578125 0.0770721435546875
-0.00326108932495117 -0.00371527671813965 -0.0802001953125 -0.102897644042969
0.0144519805908203 -0.00179195404052734 0.04864501953125 -0.168975830078125
0.0109434127807617 0.00324726104736328 0.229263305664063 -0.120941162109375
-0.00851917266845703 0.0170755386352539 0.357025146484375 0.097808837890625
-0.0163793563842773 0.0162143707275391 0.179443359375 0.420257568359375
0.00216197967529297 -0.014378547668457 -0.2110595703125 0.468841552734375
0.00829315185546875 0.000844478607177734 -0.367462158203125 0.16583251953125
0.0227546691894531 0.0180778503417969 0.0050201416015625 0.0390472412109375
0.0311203002929688 -0.00216484069824219 0.415985107421875 -0.1092529296875
0.0125026702880859 -0.00851535797119141 0.262298583984375 -0.462371826171875
-0.0112590789794922 0.0034637451171875 -0.224395751953125 -0.400482177734375
-0.0131759643554688 0.0151920318603516 -0.3441162109375 -0.0330810546875
0.00612401962280273 0.00711250305175781 -0.21343994140625 0.154342651367187
0.0127134323120117 -0.00555133819580078 -0.02191162109375 0.167800903320313
-0.00656461715698242 -0.000835895538330077 0.0937118530273438 0.0774383544921875
-0.00346565246582031 -0.00434541702270508 -0.081451416015625 -0.102462768554688
0.0153789520263672 -0.00145053863525391 0.0494384765625 -0.168777465820313
0.0111055374145508 0.00409221649169922 0.227325439453125 -0.122039794921875
-0.00790214538574219 0.0178585052490234 0.358001708984375 0.09539794921875
-0.0163354873657227 0.0167627334594727 0.1827392578125 0.41790771484375
0.00126552581787109 -0.0138483047485352 -0.206329345703125 0.468719482421875
0.00411415100097656 0.00178790092468262 -0.36712646484375 0.167572021484375
0.0196132659912109 0.0176792144775391 0.002960205078125 0.0381584167480469
0.02801513671875 -0.00208282470703125 0.417755126953125 -0.10540771484375
0.0125570297241211 -0.00784492492675781 0.266998291015625 -0.462890625
-0.0101394653320313 0.00441360473632812 -0.220458984375 -0.40216064453125
-0.0123586654663086 0.0155801773071289 -0.3428955078125 -0.035675048828125
0.00625944137573242 0.00735998153686523 -0.212875366210938 0.154937744140625
0.0124073028564453 -0.00700283050537109 -0.0228271484375 0.1671142578125
-0.00514125823974609 -0.00174999237060547 0.0931243896484375 0.0777053833007813
-0.00320219993591309 -0.00423884391784668 -0.0829010009765625 -0.100746154785156
0.0157899856567383 -0.00235843658447266 0.0488433837890625 -0.168838500976563
0.0112943649291992 0.00405788421630859 0.227340698242188 -0.122314453125
-0.00679588317871094 0.0187892913818359 0.358642578125 0.09405517578125
-0.0153207778930664 0.0175294876098633 0.18304443359375 0.417724609375
0.00137996673583984 -0.0129318237304688 -0.2060546875 0.468231201171875
0.00136005878448486 0.000103950500488281 -0.3663330078125 0.166534423828125
0.0156927108764648 0.0163459777832031 0.00400161743164062 0.0388259887695312
0.02587890625 -0.001220703125 0.41876220703125 -0.10516357421875
0.0124721527099609 -0.00698661804199219 0.269775390625 -0.460113525390625
-0.00991344451904297 0.00465965270996094 -0.2186279296875 -0.403411865234375
-0.0120420455932617 0.0160551071166992 -0.342132568359375 -0.0362854003906251
0.00525188446044922 0.00802707672119141 -0.2117919921875 0.153884887695312
0.011754035949707 -0.00679397583007812 -0.0214691162109375 0.167877197265625
-0.0065464973449707 -0.00213909149169922 0.0938491821289063 0.0782470703125
-0.00500679016113281 -0.00404167175292969 -0.083251953125 -0.09967041015625
0.0148754119873047 -0.00163745880126953 0.0496063232421875 -0.167694091796875
0.0105600357055664 0.00568485260009766 0.22857666015625 -0.121734619140625
-0.00707626342773438 0.0188617706298828 0.35980224609375 0.095428466796875
-0.0144691467285156 0.0179843902587891 0.1837158203125 0.418182373046875
0.00108432769775391 -0.0128602981567383 -0.2054443359375 0.46844482421875
-0.00041651725769043 0.000739932060241699 -0.3662109375 0.166900634765625
0.0126266479492187 0.01593017578125 0.00603103637695312 0.0389442443847656
0.0233287811279297 -0.00158309936523437 0.421173095703125 -0.10711669921875
0.0114526748657227 -0.00662517547607422 0.2716064453125 -0.461090087890625
-0.0092782974243164 0.00486946105957031 -0.219024658203125 -0.4031982421875
-0.0108871459960938 0.0156431198120117 -0.34124755859375 -0.035888671875
0.00515270233154297 0.00858068466186523 -0.210678100585938 0.153289794921875
0.0120353698730469 -0.0066375732421875 -0.020172119140625 0.168228149414063
-0.00614261627197266 -0.00246810913085938 0.0944595336914063 0.0779342651367188
-0.00545740127563476 -0.00270509719848633 -0.0840225219726563 -0.0988540649414063
0.0140838623046875 -0.00154495239257813 0.050567626953125 -0.16754150390625
0.0100736618041992 0.00591468811035156 0.229476928710938 -0.12017822265625
-0.00714111328125 0.0200538635253906 0.359100341796875 0.0975341796875
-0.0136203765869141 0.0175266265869141 0.179046630859375 0.420684814453125
0.00202083587646484 -0.0127983093261719 -0.210052490234375 0.46795654296875
-0.00169336795806885 0.00150823593139648 -0.36590576171875 0.166259765625
0.01068115234375 0.0151405334472656 0.0091400146484375 0.0391273498535156
0.0221900939941406 -0.00230026245117188 0.422088623046875 -0.108673095703125
0.0118942260742188 -0.00672721862792969 0.269256591796875 -0.4632568359375
-0.00907135009765625 0.00531673431396484 -0.220245361328125 -0.401123046875
-0.0102682113647461 0.0165977478027344 -0.341156005859375 -0.033294677734375
0.00500965118408203 0.00899410247802734 -0.209808349609375 0.154159545898438
0.0116977691650391 -0.00601863861083984 -0.019012451171875 0.167526245117188
-0.00739812850952148 -0.00142383575439453 0.094970703125 0.0779800415039063
-0.00752878189086914 -0.00141525268554687 -0.0840377807617188 -0.0973663330078125
0.0136423110961914 -0.000580787658691406 0.051177978515625 -0.167083740234375
0.00924777984619141 0.00733757019042969 0.230438232421875 -0.117889404296875
-0.00730133056640625 0.0198249816894531 0.35894775390625 0.102081298828125
-0.0130434036254883 0.0165529251098633 0.1746826171875 0.4244384765625
0.00240707397460938 -0.0130891799926758 -0.214508056640625 0.46807861328125
-0.00182521343231201 0.0016028881072998 -0.365142822265625 0.1650390625
0.00920009613037109 0.0151195526123047 0.0129013061523437 0.0401153564453125
0.0214061737060547 -0.00280952453613281 0.4208984375 -0.113067626953125
0.0121994018554687 -0.00636672973632812 0.264312744140625 -0.4664306640625
-0.00855350494384766 0.00516605377197266 -0.225311279296875 -0.398468017578125
-0.0109844207763672 0.0165166854858398 -0.341461181640625 -0.0296936035156251
0.00444793701171875 0.00981330871582031 -0.208114624023437 0.1546630859375
0.0107526779174805 -0.00545787811279297 -0.0182952880859375 0.167144775390625
-0.00823211669921875 -0.000442981719970702 0.0953903198242188 0.0770339965820313
-0.00909519195556641 -0.000875473022460936 -0.0835037231445312 -0.0976486206054688
0.0132131576538086 0.000745773315429688 0.0529327392578125 -0.166580200195313
0.00913143157958984 0.00783348083496094 0.231964111328125 -0.114822387695313
-0.00777053833007813 0.0205707550048828 0.356781005859375 0.10693359375
-0.0133419036865234 0.0169477462768555 0.16839599609375 0.42718505859375
0.00387287139892578 -0.0131549835205078 -0.219940185546875 0.46649169921875
-0.000313639640808106 0.00120246410369873 -0.364410400390625 0.16290283203125
0.0101423263549805 0.0143642425537109 0.0167808532714844 0.040008544921875
0.0227012634277344 -0.00344657897949219 0.4228515625 -0.116424560546875
0.0132818222045898 -0.00684165954589844 0.255767822265625 -0.46820068359375
-0.00746822357177734 0.00556612014770508 -0.230377197265625 -0.393646240234375
-0.0115203857421875 0.0165920257568359 -0.34130859375 -0.026611328125
0.00469875335693359 0.00979423522949219 -0.206573486328125 0.1571044921875
0.0105247497558594 -0.00448989868164063 -0.016632080078125 0.166732788085938
-0.0105037689208984 0.000489234924316408 0.0967636108398437 0.0773468017578125
-0.00529003143310547 -0.00271034240722656 -0.080230712890625 -0.10406494140625
0.0158929824829102 -0.000539779663085938 0.049346923828125 -0.17034912109375
0.0113754272460938 0.00345897674560547 0.22906494140625 -0.121536254882813
-0.00978660583496094 0.0182456970214844 0.359893798828125 0.09906005859375
-0.0162801742553711 0.0154352188110352 0.178619384765625 0.42236328125
0.0049591064453125 -0.0150346755981445 -0.21258544921875 0.47015380859375
0.00965404510498047 0.00100326538085937 -0.36798095703125 0.16888427734375
0.0254058837890625 0.0187358856201172 0.0081939697265625 0.0379104614257813
0.0319328308105469 -0.00323677062988281 0.416046142578125 -0.11474609375
0.0137519836425781 -0.00949859619140625 0.254547119140625 -0.4683837890625
-0.0102634429931641 0.00360774993896485 -0.234771728515625 -0.395233154296875
-0.0129556655883789 0.0151252746582031 -0.347198486328125 -0.0259399414062501
0.00573158264160156 0.00793790817260742 -0.211563110351563 0.158798217773437
0.0136528015136719 -0.00584602355957031 -0.0195159912109375 0.167251586914063
-0.00762939453125 0.000462055206298828 0.0957870483398438 0.0766830444335937
-0.00376987457275391 -0.00213241577148438 -0.0816650390625 -0.103492736816406
0.0151891708374023 -0.00109195709228516 0.0478363037109375 -0.17083740234375
0.0117549896240234 0.00351142883300781 0.228179931640625 -0.124603271484375
-0.00805282592773437 0.0174570083618164 0.36102294921875 0.09320068359375
-0.0159702301025391 0.016693115234375 0.184783935546875 0.41998291015625
0.00304222106933594 -0.0149440765380859 -0.205078125 0.471099853515625
0.00774431228637695 0.000298023223876953 -0.3670654296875 0.171142578125
0.0234565734863281 0.0179176330566406 0.00490570068359375 0.0385513305664063
0.0302867889404297 -0.00223159790039063 0.4154052734375 -0.112823486328125
0.013340950012207 -0.00908660888671875 0.258392333984375 -0.467559814453125
-0.0105361938476563 0.00318145751953125 -0.229248046875 -0.3992919921875
-0.0135116577148438 0.0150871276855469 -0.346282958984375 -0.02996826171875
0.00642871856689453 0.0071568489074707 -0.211700439453125 0.157440185546875
0.0122613906860352 -0.00617599487304688 -0.0198822021484375 0.168441772460938
-0.00637292861938477 -7.24792480468762E-05 0.0952377319335938 0.0775909423828125
-0.00366759300231934 -0.00357294082641602 -0.084075927734375 -0.102577209472656
0.0153160095214844 -0.00166416168212891 0.0470733642578125 -0.17034912109375
0.0114173889160156 0.00364017486572266 0.22650146484375 -0.125045776367188
-0.00778484344482422 0.0175619125366211 0.360504150390625 0.09161376953125
-0.016209602355957 0.0166492462158203 0.188568115234375 0.417633056640625
0.00257396697998047 -0.014613151550293 -0.201904296875 0.471343994140625
0.0048518180847168 0.00138044357299805 -0.36651611328125 0.171905517578125
0.0197048187255859 0.0173130035400391 0.00365447998046875 0.0387802124023438
0.0275440216064453 -0.00207710266113281 0.417449951171875 -0.10955810546875
0.0125570297241211 -0.00853729248046875 0.2625732421875 -0.465972900390625
-0.01025390625 0.00403213500976562 -0.226776123046875 -0.40081787109375
-0.0120124816894531 0.0158586502075195 -0.343841552734375 -0.032440185546875
0.00655174255371094 0.00777435302734375 -0.211441040039062 0.156951904296875
0.0127048492431641 -0.00657844543457031 -0.0207061767578125 0.1693115234375
-0.00648689270019531 -0.00101900100708008 0.095611572265625 0.0777969360351563
-0.00368285179138184 -0.00379705429077148 -0.0832748413085938 -0.10028076171875
0.0143871307373047 -0.00219154357910156 0.0458831787109375 -0.169815063476563
0.0116510391235352 0.00521755218505859 0.2269287109375 -0.126144409179688
-0.00716400146484375 0.0186901092529297 0.36151123046875 0.08978271484375
-0.0141363143920898 0.017120361328125 0.189788818359375 0.414459228515625
0.00186347961425781 -0.0130023956298828 -0.200531005859375 0.472137451171875
0.00180041790008545 0.00132203102111816 -0.36505126953125 0.173187255859375
0.0156383514404297 0.0176048278808594 0.00472259521484375 0.0385475158691406
0.0251941680908203 -0.00156402587890625 0.41973876953125 -0.109771728515625
0.0127191543579102 -0.00755691528320313 0.26776123046875 -0.465057373046875
-0.00942420959472656 0.00453281402587891 -0.223724365234375 -0.402496337890625
-0.0115079879760742 0.016291618347168 -0.3436279296875 -0.033538818359375
0.0061650276184082 0.00819110870361328 -0.21136474609375 0.156784057617188
0.0120000839233398 -0.00688362121582031 -0.0196075439453125 0.169052124023438
-0.00612735748291016 -0.00179243087768555 0.0952682495117188 0.0779800415039063
-0.00359153747558594 -0.00329494476318359 -0.0856475830078125 -0.0999374389648438
0.0139627456665039 -0.00227928161621094 0.0474395751953125 -0.169998168945313
0.0107498168945313 0.00464439392089844 0.228286743164063 -0.12493896484375
-0.00677490234375 0.0193691253662109 0.36273193359375 0.091766357421875
-0.0136861801147461 0.0175228118896484 0.19061279296875 0.4166259765625
0.0014638900756836 -0.0135374069213867 -0.201263427734375 0.471954345703125
-0.00046539306640625 0.00131618976593018 -0.36456298828125 0.171600341796875
0.0129127502441406 0.0157155990600586 0.00587844848632813 0.0393562316894531
0.0227012634277344 -0.00264930725097656 0.42169189453125 -0.11029052734375
0.0115518569946289 -0.00720787048339844 0.26715087890625 -0.467010498046875
-0.00909900665283203 0.00483131408691406 -0.22259521484375 -0.40240478515625
-0.0110683441162109 0.0161275863647461 -0.342987060546875 -0.03228759765625
0.00509262084960938 0.00811958312988281 -0.210372924804688 0.156082153320312
0.0116252899169922 -0.00680637359619141 -0.0190887451171875 0.169647216796875
-0.00584220886230469 -0.00109481811523438 0.0958099365234375 0.078125
-0.00539636611938477 -0.00301504135131836 -0.0861434936523437 -0.098602294921875
0.0142621994018555 -0.00176334381103516 0.048553466796875 -0.16900634765625
0.00977516174316406 0.00587844848632812 0.228424072265625 -0.123703002929688
-0.00597381591796875 0.0202846527099609 0.362060546875 0.093963623046875
-0.0131759643554688 0.0171871185302734 0.18524169921875 0.41876220703125
0.00136280059814453 -0.0134181976318359 -0.205291748046875 0.471527099609375
-0.00133204460144043 0.00124084949493408 -0.36480712890625 0.17041015625
0.0106983184814453 0.0152502059936523 0.00881576538085938 0.0397415161132813
0.0218658447265625 -0.00269508361816406 0.422515869140625 -0.11358642578125
0.0119895935058594 -0.00723171234130859 0.265228271484375 -0.467437744140625
-0.00812005996704102 0.00468921661376953 -0.2244873046875 -0.400421142578125
-0.0101871490478516 0.0169944763183594 -0.34295654296875 -0.03033447265625
0.00512361526489258 0.00873088836669922 -0.209243774414063 0.156692504882812
0.0114622116088867 -0.00663661956787109 -0.0168609619140625 0.169235229492188
-0.00704526901245117 -0.000722885131835939 0.0968856811523438 0.0773773193359375
-0.00741958618164063 -0.00108098983764648 -0.0852508544921875 -0.09747314453125
0.0135993957519531 -0.000889778137207031 0.0493927001953125 -0.168411254882813
0.00960063934326172 0.00717353820800781 0.230606079101563 -0.121017456054688
-0.00664710998535156 0.0201301574707031 0.36151123046875 0.098052978515625
-0.0126762390136719 0.0167751312255859 0.181793212890625 0.4228515625
0.00274658203125 -0.0135660171508789 -0.210418701171875 0.470428466796875
-0.000882625579833985 0.00228738784790039 -0.364959716796875 0.1688232421875
0.00953483581542969 0.0155353546142578 0.0130653381347656 0.0399017333984375
0.0213661193847656 -0.00227928161621094 0.4232177734375 -0.116546630859375
0.0123281478881836 -0.00664043426513672 0.259613037109375 -0.47015380859375
-0.00752544403076172 0.00498247146606445 -0.229827880859375 -0.39794921875
-0.0100393295288086 0.0165205001831055 -0.342681884765625 -0.0267639160156251
0.00494003295898437 0.00948333740234375 -0.207138061523438 0.157470703125
0.0110092163085938 -0.00597476959228516 -0.0165557861328125 0.168106079101563
-0.00828266143798828 0.000372886657714844 0.0969085693359375 0.0764694213867187
-0.00905227661132813 0.000173568725585939 -0.0848770141601562 -0.0971221923828125
0.0137500762939453 0.000988006591796875 0.0518646240234375 -0.168106079101563
0.00934314727783203 0.00759792327880859 0.231903076171875 -0.118118286132812
-0.00728225708007813 0.0205650329589844 0.360198974609375 0.10223388671875
-0.0123996734619141 0.0169153213500977 0.175506591796875 0.42578125
0.00457572937011719 -0.0138864517211914 -0.215789794921875 0.46966552734375
-6.47306442260744E-05 0.0012671947479248 -0.364288330078125 0.166778564453125
0.0106992721557617 0.0150241851806641 0.0171165466308594 0.0402259826660156
0.0220623016357422 -0.00345039367675781 0.42254638671875 -0.1207275390625
0.0130434036254883 -0.00722789764404297 0.25244140625 -0.472930908203125
-0.00690793991088867 0.00498580932617187 -0.235504150390625 -0.39208984375
-0.0106849670410156 0.0172414779663086 -0.34356689453125 -0.022247314453125
0.00487041473388672 0.00953578948974609 -0.205413818359375 0.15966796875
0.0105438232421875 -0.00484466552734375 -0.015106201171875 0.16754150390625
-0.0101089477539063 0.00119876861572266 0.0978164672851563 0.0767669677734375
-0.00504875183105469 -0.00246238708496094 -0.0827865600585938 -0.1038818359375
0.0151920318603516 -0.00154399871826172 0.0472259521484375 -0.172103881835938
0.0117826461791992 0.00335121154785156 0.228988647460938 -0.124832153320312
-0.00838279724121093 0.0179576873779297 0.363037109375 0.092498779296875
-0.015965461730957 0.0159893035888672 0.184600830078125 0.420501708984375
0.00507068634033203 -0.017033576965332 -0.20733642578125 0.472259521484375
0.00925636291503906 0.00152683258056641 -0.3660888671875 0.171905517578125
0.0249862670898438 0.018951416015625 0.00772857666015625 0.0394210815429688
0.0324306488037109 -0.00317764282226562 0.415924072265625 -0.120635986328125
0.0137920379638672 -0.0102176666259766 0.249267578125 -0.472320556640625
-0.0105094909667969 0.00351810455322266 -0.238006591796875 -0.393463134765625
-0.0124387741088867 0.0151596069335938 -0.3485107421875 -0.0227966308593751
0.0069427490234375 0.00655126571655273 -0.21044921875 0.161514282226562
0.0128202438354492 -0.00532913208007812 -0.0167236328125 0.168487548828125
-0.0085453987121582 0.00139808654785156 0.0968856811523437 0.0761795043945312
-0.00369000434875488 -0.00276970863342285 -0.0840530395507813 -0.102729797363281
0.0154085159301758 -0.00234317779541016 0.0460205078125 -0.172607421875
0.0119571685791016 0.00329685211181641 0.226730346679688 -0.127899169921875
-0.00854015350341797 0.0174827575683594 0.363525390625 0.089508056640625
-0.0150442123413086 0.0164070129394531 0.19140625 0.417205810546875
0.00332736968994141 -0.0155239105224609 -0.20068359375 0.474365234375
0.00760364532470703 0.00102853775024414 -0.36553955078125 0.174652099609375
0.0234127044677734 0.017822265625 0.00446319580078126 0.0379600524902344
0.030426025390625 -0.00269317626953125 0.415802001953125 -0.117218017578125
0.0142335891723633 -0.00993061065673828 0.2532958984375 -0.47015380859375
-0.0108308792114258 0.00395488739013672 -0.235076904296875 -0.39697265625
-0.0127153396606445 0.0154752731323242 -0.347503662109375 -0.0261535644531251
0.00701999664306641 0.00664472579956055 -0.210479736328125 0.160064697265625
0.0128726959228516 -0.00634574890136719 -0.0185089111328125 0.169143676757813
-0.00655269622802734 0.000250339508056639 0.0961990356445313 0.0768814086914063
-0.00345540046691894 -0.00365185737609863 -0.0858306884765625 -0.102729797363281
0.0155954360961914 -0.00305461883544922 0.0436553955078125 -0.172119140625
0.0115022659301758 0.00329208374023438 0.226654052734375 -0.128662109375
-0.0072174072265625 0.0190658569335937 0.3641357421875 0.086456298828125
-0.0148591995239258 0.0170078277587891 0.195159912109375 0.414215087890625
0.002655029296875 -0.0151433944702148 -0.195892333984375 0.47393798828125
0.00474882125854492 0.00145673751831055 -0.3656005859375 0.1761474609375
0.0194187164306641 0.0180435180664063 0.00339126586914062 0.0379562377929688
0.0281429290771484 -0.00285530090332031 0.418182373046875 -0.114776611328125
0.0126829147338867 -0.00884628295898438 0.25909423828125 -0.470062255859375
-0.0101661682128906 0.00457668304443359 -0.23052978515625 -0.399200439453125
-0.0116949081420898 0.0161018371582031 -0.3463134765625 -0.02801513671875
0.0061335563659668 0.00678634643554688 -0.210311889648438 0.159591674804687
0.0121669769287109 -0.00682353973388672 -0.0174407958984375 0.16986083984375
-0.00494098663330078 -0.00111532211303711 0.0967636108398438 0.07745361328125
-0.00293374061584473 -0.00361776351928711 -0.0872955322265625 -0.100563049316406
0.0147123336791992 -0.00300407409667969 0.0442962646484375 -0.172027587890625
0.0115413665771484 0.00383949279785156 0.227218627929688 -0.129074096679688
-0.00759124755859375 0.0193290710449219 0.364410400390625 0.0848388671875
-0.0144138336181641 0.0179309844970703 0.197235107421875 0.412841796875
0.0016317367553711 -0.0136308670043945 -0.195098876953125 0.473724365234375
0.00238728523254395 0.00167512893676758 -0.365325927734375 0.176971435546875
0.0156183242797852 0.0169525146484375 0.00404739379882813 0.0391006469726563
0.0249156951904297 -0.00309944152832031 0.4193115234375 -0.113677978515625
0.0118942260742188 -0.00766944885253906 0.26202392578125 -0.46832275390625
-0.00954341888427734 0.0041666030883789 -0.228240966796875 -0.400146484375
-0.0114555358886719 0.0161867141723633 -0.3458251953125 -0.030120849609375
0.00635242462158203 0.00778293609619141 -0.210311889648437 0.159408569335938
0.0122976303100586 -0.00733566284179688 -0.017303466796875 0.171295166015625
-0.00505781173706055 -0.00150871276855469 0.0966262817382812 0.077392578125
-0.00393939018249512 -0.0030205249786377 -0.087188720703125 -0.0997848510742188
0.0147848129272461 -0.00271034240722656 0.0452423095703125 -0.171920776367188
0.0109376907348633 0.00531291961669922 0.227935791015625 -0.128768920898438
-0.00622177124023438 0.0195560455322266 0.364471435546875 0.085723876953125
-0.0130157470703125 0.0174560546875 0.1953125 0.4150390625
0.00171470642089844 -0.0139036178588867 -0.195709228515625 0.47454833984375
-0.000175237655639648 0.00175821781158447 -0.3631591796875 0.177398681640625
0.0126428604125977 0.016362190246582 0.00620651245117188 0.0390396118164063
0.0224170684814453 -0.00255012512207031 0.422149658203125 -0.114532470703125
0.0114603042602539 -0.0076751708984375 0.26251220703125 -0.469696044921875
-0.00849294662475586 0.00474643707275391 -0.227783203125 -0.40032958984375
-0.0102720260620117 0.0169887542724609 -0.34375 -0.028533935546875
0.00516605377197266 0.00759696960449219 -0.2088623046875 0.159393310546875
0.0109052658081055 -0.00757312774658203 -0.016204833984375 0.169998168945313
-0.00622367858886719 -0.000750541687011718 0.0967178344726563 0.0773468017578125
-0.00539064407348633 -0.00264739990234375 -0.0874099731445312 -0.098602294921875
0.0146551132202148 -0.00251483917236328 0.047393798828125 -0.1702880859375
0.0104808807373047 0.00616359710693359 0.228729248046875 -0.126922607421875
-0.00618743896484375 0.0208015441894531 0.36492919921875 0.0892333984375
-0.0130538940429688 0.0176372528076172 0.192352294921875 0.4169921875
0.00201892852783203 -0.014094352722168 -0.198516845703125 0.474395751953125
-0.000618219375610351 0.0022735595703125 -0.36297607421875 0.17474365234375
0.0104789733886719 0.0157403945922852 0.00895309448242188 0.0393524169921875
0.0210094451904297 -0.00295257568359375 0.422454833984375 -0.116607666015625
0.0121469497680664 -0.00778675079345703 0.260955810546875 -0.469696044921875
-0.00771379470825195 0.00508689880371094 -0.229736328125 -0.398956298828125
-0.00981616973876953 0.0167779922485352 -0.344146728515625 -0.0261230468749999
0.00536823272705078 0.00904273986816406 -0.207733154296875 0.1600341796875
0.0116949081420898 -0.00700664520263672 -0.0155792236328125 0.170074462890625
-0.00697565078735352 -0.000494956970214845 0.0973892211914063 0.0772933959960938
-0.00677871704101563 -0.0005645751953125 -0.0867385864257812 -0.0970230102539062
0.0137720108032227 -0.00162601470947266 0.04754638671875 -0.169723510742188
0.00996208190917969 0.00746536254882813 0.23028564453125 -0.124343872070313
-0.00585174560546875 0.0210056304931641 0.36407470703125 0.093475341796875
-0.0121679306030273 0.0170669555664063 0.18829345703125 0.42132568359375
0.00309276580810547 -0.0138874053955078 -0.20330810546875 0.4730224609375
-0.00145387649536133 0.00244140625 -0.363983154296875 0.172393798828125
0.00974559783935547 0.0155353546142578 0.0129585266113281 0.0396499633789063
0.0213527679443359 -0.00305938720703125 0.42193603515625 -0.120635986328125
0.0128192901611328 -0.0074920654296875 0.255645751953125 -0.4736328125
-0.00783967971801758 0.00476646423339844 -0.233367919921875 -0.39508056640625
-0.00961589813232422 0.0171184539794922 -0.344024658203125 -0.0231018066406251
0.0051422119140625 0.00936985015869141 -0.205535888671875 0.160171508789063
0.0108423233032227 -0.00606822967529297 -0.01416015625 0.169357299804688
-0.00807809829711914 0.000827789306640626 0.0981521606445313 0.07647705078125
-0.0090484619140625 0.000406265258789063 -0.0865478515625 -0.0969467163085938
0.0139951705932617 -0.0004119873046875 0.0496368408203125 -0.169677734375
0.00964927673339844 0.00785255432128906 0.230667114257813 -0.121780395507813
-0.00676727294921875 0.0211620330810547 0.3631591796875 0.097442626953125
-0.0124053955078125 0.0165033340454102 0.181121826171875 0.423004150390625
0.00478935241699219 -0.0141973495483398 -0.209686279296875 0.47222900390625
0.000314712524414063 0.00226187705993652 -0.363037109375 0.169677734375
0.0107431411743164 0.0154857635498047 0.0166091918945313 0.0399017333984375
0.0219230651855469 -0.00357246398925781 0.421905517578125 -0.12457275390625
0.0132913589477539 -0.00772190093994141 0.248992919921875 -0.476104736328125
-0.00732183456420899 0.0051426887512207 -0.239776611328125 -0.391204833984375
-0.0103168487548828 0.0177211761474609 -0.3441162109375 -0.0181884765624999
0.00485134124755859 0.00992012023925781 -0.204360961914063 0.162246704101563
0.0101594924926758 -0.00489711761474609 -0.012359619140625 0.16827392578125
-0.00975513458251953 0.00267219543457031 0.0989151000976563 0.0764846801757813
-0.00436878204345703 -0.00156831741333008 -0.0844802856445313 -0.104156494140625
0.0156745910644531 -0.00170421600341797 0.0447235107421875 -0.173385620117187
0.011749267578125 0.00308704376220703 0.227523803710938 -0.128646850585938
-0.00811004638671875 0.0182113647460938 0.36419677734375 0.08892822265625
-0.0157270431518555 0.0158729553222656 0.190399169921875 0.417816162109375
0.00531959533691406 -0.0167560577392578 -0.20306396484375 0.47454833984375
0.0101251602172852 0.000903129577636719 -0.364715576171875 0.176544189453125
0.0261898040771484 0.0193214416503906 0.0066070556640625 0.0386199951171875
0.0314235687255859 -0.00420188903808594 0.4149169921875 -0.12396240234375
0.0137395858764648 -0.0112533569335938 0.244903564453125 -0.475128173828125
-0.0104970932006836 0.00293540954589844 -0.2432861328125 -0.392242431640625
-0.0115375518798828 0.0153112411499023 -0.34893798828125 -0.01849365234375
0.00574445724487305 0.00684070587158203 -0.208755493164063 0.164688110351562
0.012150764465332 -0.00603961944580078 -0.014923095703125 0.169189453125
-0.00841712951660156 0.00182723999023438 0.0989837646484375 0.0768508911132813
-0.0040132999420166 -0.0021965503692627 -0.0858917236328125 -0.102409362792969
0.0157670974731445 -0.00276660919189453 0.043792724609375 -0.173080444335938
0.0124626159667969 0.00373363494873047 0.226516723632812 -0.13104248046875
-0.00687789916992188 0.0188217163085938 0.36419677734375 0.084564208984375
-0.0150966644287109 0.0168695449829102 0.197174072265625 0.414306640625
0.00320720672607422 -0.0160312652587891 -0.19573974609375 0.476318359375
0.00844717025756836 0.00137948989868164 -0.36383056640625 0.1795654296875
0.0229129791259766 0.0187473297119141 0.0048065185546875 0.0385551452636719
0.0295352935791016 -0.00321769714355469 0.41595458984375 -0.1212158203125
0.0130977630615234 -0.0100898742675781 0.24896240234375 -0.473052978515625
-0.010345458984375 0.00341796875 -0.24005126953125 -0.3955078125
-0.0111913681030273 0.0159177780151367 -0.3482666015625 -0.021728515625
0.0074615478515625 0.0070796012878418 -0.209365844726562 0.162933349609375
0.0127277374267578 -0.00657463073730469 -0.0162353515625 0.169952392578125
-0.0064082145690918 0.000729560852050782 0.0977249145507813 0.076507568359375
-0.00310301780700684 -0.00293231010437012 -0.0865020751953125 -0.101356506347656
0.0156116485595703 -0.00248813629150391 0.04266357421875 -0.174148559570313
0.0121164321899414 0.00368404388427734 0.22515869140625 -0.13238525390625
-0.00555419921875 0.0198040008544922 0.366302490234375 0.08184814453125
-0.0145578384399414 0.0170364379882813 0.20068359375 0.413238525390625
0.00316905975341797 -0.0155630111694336 -0.190673828125 0.4764404296875
0.00584602355957031 0.00174665451049805 -0.36322021484375 0.18096923828125
0.0201072692871094 0.0179176330566406 0.00400543212890625 0.0395050048828125
0.0271797180175781 -0.00298309326171875 0.41607666015625 -0.118316650390625
0.0122547149658203 -0.00995922088623047 0.254608154296875 -0.472412109375
-0.0104770660400391 0.00319671630859375 -0.2354736328125 -0.397003173828125
-0.01092529296875 0.0159902572631836 -0.346923828125 -0.02496337890625
0.00689840316772461 0.00707674026489258 -0.2073974609375 0.162002563476562
0.0122585296630859 -0.00737571716308594 -0.0151824951171875 0.170867919921875
-0.00612020492553711 -0.000538349151611329 0.0972442626953125 0.07684326171875
-0.00241732597351074 -0.00278592109680176 -0.0879974365234375 -0.0997161865234375
0.0150136947631836 -0.00318145751953125 0.0420684814453125 -0.173370361328125
0.0108537673950195 0.00367259979248047 0.225265502929688 -0.13299560546875
-0.00567436218261719 0.0197124481201172 0.366912841796875 0.080535888671875
-0.0135669708251953 0.0181522369384766 0.202178955078125 0.4110107421875
0.00159931182861328 -0.0150060653686523 -0.188995361328125 0.476837158203125
0.00155556201934814 0.00184011459350586 -0.361480712890625 0.18115234375
0.0156278610229492 0.0167007446289063 0.00391387939453125 0.0384788513183594
0.0242462158203125 -0.00291252136230469 0.418670654296875 -0.118011474609375
0.0121192932128906 -0.00810146331787109 0.25640869140625 -0.471832275390625
-0.00940799713134766 0.00442600250244141 -0.232940673828125 -0.397613525390625
-0.00991153717041016 0.0160694122314453 -0.344970703125 -0.025970458984375
0.00642299652099609 0.00786733627319336 -0.20733642578125 0.1612548828125
0.0129737854003906 -0.00711917877197266 -0.0155029296875 0.171463012695313
-0.00497627258300781 -0.000232696533203125 0.0978622436523438 0.0770950317382813
-0.00366640090942383 -0.00239992141723633 -0.0885848999023438 -0.0991973876953125
0.0146541595458984 -0.00231170654296875 0.043060302734375 -0.172561645507813
0.011505126953125 0.00448036193847656 0.226165771484375 -0.132293701171875
-0.00601005554199219 0.0201606750488281 0.366729736328125 0.08221435546875
-0.0127353668212891 0.0177135467529297 0.201019287109375 0.411590576171875
0.00164508819580078 -0.0146150588989258 -0.1905517578125 0.47705078125
0.000288963317871094 0.00219821929931641 -0.36163330078125 0.180816650390625
0.0125522613525391 0.0160455703735352 0.00592803955078125 0.0390625
0.0225811004638672 -0.00316810607910156 0.42083740234375 -0.11761474609375
0.0115232467651367 -0.008209228515625 0.257537841796875 -0.47265625
-0.00833559036254883 0.0047597885131836 -0.23394775390625 -0.3985595703125
-0.00967597961425781 0.0168170928955078 -0.3447265625 -0.0246276855468751
0.0062403678894043 0.00740480422973633 -0.207183837890625 0.16204833984375
0.0112752914428711 -0.00746917724609375 -0.01458740234375 0.171401977539063
-0.00555515289306641 -0.000329971313476564 0.0977783203125 0.0777511596679688
-0.00517034530639648 -0.00229597091674805 -0.0893783569335937 -0.0977401733398438
0.0147876739501953 -0.00277996063232422 0.0441131591796875 -0.171417236328125
0.0100955963134766 0.00537490844726562 0.227340698242188 -0.130157470703125
-0.00559234619140625 0.0213127136230469 0.3662109375 0.084228515625
-0.0118579864501953 0.0175571441650391 0.1986083984375 0.414398193359375
0.00254535675048828 -0.0142412185668945 -0.193695068359375 0.47613525390625
-0.000509023666381836 0.00243878364562988 -0.3609619140625 0.17901611328125
0.0108680725097656 0.0155906677246094 0.00927734375 0.0389060974121094
0.0212669372558594 -0.00347137451171875 0.42205810546875 -0.12109375
0.0118026733398438 -0.0079793930053711 0.255889892578125 -0.4744873046875
-0.00794172286987305 0.00481367111206055 -0.234161376953125 -0.396697998046875
-0.00910377502441407 0.0172014236450195 -0.34454345703125 -0.0233154296874999
0.00548839569091797 0.00911140441894531 -0.205764770507813 0.162612915039062
0.0111799240112305 -0.00643539428710937 -0.0135040283203125 0.170578002929688
-0.00645780563354492 0.00049114227294922 0.0989837646484375 0.0775070190429688
-0.00766944885253906 -0.000102043151855467 -0.0881881713867187 -0.0961532592773438
0.0142984390258789 -0.00192737579345703 0.045562744140625 -0.171417236328125
0.0102510452270508 0.00670909881591797 0.228988647460938 -0.127685546875
-0.00573539733886719 0.0212154388427734 0.366180419921875 0.087646484375
-0.0118322372436523 0.0172500610351563 0.19354248046875 0.41943359375
0.00319004058837891 -0.014862060546875 -0.1983642578125 0.4755859375
-0.00104069709777832 0.00262546539306641 -0.361663818359375 0.17767333984375
0.00990104675292969 0.0154533386230469 0.0131607055664062 0.0398521423339844
0.0210723876953125 -0.00335311889648437 0.4212646484375 -0.12554931640625
0.0121784210205078 -0.00808334350585938 0.250213623046875 -0.477294921875
-0.00741434097290039 0.00501108169555664 -0.23779296875 -0.39337158203125
-0.00965023040771484 0.0169830322265625 -0.344207763671875 -0.018951416015625
0.00454044342041016 0.00953578948974609 -0.203567504882813 0.16278076171875
0.0105781555175781 -0.00661087036132813 -0.0122528076171875 0.170059204101563
-0.00777482986450195 0.00136280059814453 0.0992279052734375 0.0760574340820313
-0.00860166549682617 0.00100040435791016 -0.0880966186523438 -0.0966796875
0.0144748687744141 0.000128746032714844 0.0476531982421875 -0.170806884765625
0.00997543334960938 0.00716209411621094 0.2298583984375 -0.125274658203125
-0.00650405883789062 0.0221900939941406 0.365020751953125 0.0921630859375
-0.0110359191894531 0.0165004730224609 0.187957763671875 0.42144775390625
0.00478076934814453 -0.0149106979370117 -0.204376220703125 0.474334716796875
0.000460982322692871 0.0020366907119751 -0.360687255859375 0.174560546875
0.0106048583984375 0.0153236389160156 0.0170707702636719 0.039794921875
0.0215663909912109 -0.00372886657714844 0.420379638671875 -0.129638671875
0.0132970809936523 -0.00797843933105469 0.243316650390625 -0.478424072265625
-0.0066380500793457 0.00489330291748047 -0.244781494140625 -0.38818359375
-0.00970268249511718 0.0178699493408203 -0.34429931640625 -0.014251708984375
0.00444221496582031 0.00951385498046875 -0.201797485351562 0.164474487304688
0.0103731155395508 -0.00493335723876953 -0.0103607177734375 0.168975830078125
-0.00984287261962891 0.0024566650390625 0.100433349609375 0.075836181640625
-0.00485324859619141 -0.00120258331298828 -0.0854949951171875 -0.103118896484375
0.0155086517333984 -0.00217437744140625 0.042999267578125 -0.17437744140625
0.0117225646972656 0.00362014770507813 0.227493286132812 -0.131805419921875
-0.0072174072265625 0.0189304351806641 0.366119384765625 0.08349609375
-0.0147247314453125 0.0159816741943359 0.197509765625 0.415924072265625
0.00569534301757813 -0.0170602798461914 -0.195556640625 0.475921630859375
0.0101747512817383 0.000466346740722656 -0.363037109375 0.179901123046875
0.0257205963134766 0.0189857482910156 0.0072021484375 0.0389862060546875
0.0305900573730469 -0.00425529479980469 0.414306640625 -0.125946044921875
0.013850212097168 -0.0115194320678711 0.240081787109375 -0.47760009765625
-0.00953006744384766 0.00366306304931641 -0.24725341796875 -0.388885498046875
-0.0104246139526367 0.015528678894043 -0.34857177734375 -0.014892578125
0.00658559799194336 0.00594139099121094 -0.20672607421875 0.167129516601562
0.0112953186035156 -0.00678253173828125 -0.013397216796875 0.169937133789063
-0.00718832015991211 0.00349903106689453 0.0994110107421875 0.0751876831054688
-0.00286412239074707 -0.0015873908996582 -0.0871047973632813 -0.101593017578125
0.0150308609008789 -0.0034332275390625 0.041290283203125 -0.1744384765625
0.0122766494750977 0.00334358215332031 0.225997924804688 -0.134170532226563
-0.00615692138671875 0.0190887451171875 0.36688232421875 0.07958984375
-0.014430046081543 0.0163812637329102 0.202362060546875 0.4122314453125
0.00345706939697266 -0.0162324905395508 -0.190460205078125 0.47723388671875
0.00882625579833984 0.00218296051025391 -0.360992431640625 0.182769775390625
0.0239009857177734 0.0183753967285156 0.004791259765625 0.0386810302734375
0.0299072265625 -0.00457572937011719 0.414520263671875 -0.1239013671875
0.0142402648925781 -0.00984477996826172 0.244781494140625 -0.476226806640625
-0.0107297897338867 0.00361156463623047 -0.243011474609375 -0.39227294921875
-0.0110759735107422 0.015533447265625 -0.348480224609375 -0.019073486328125
0.00652551651000977 0.00716876983642578 -0.207473754882813 0.16558837890625
0.0118780136108398 -0.00678157806396484 -0.01470947265625 0.170883178710937
-0.00618124008178711 0.000520706176757813 0.0991287231445313 0.076629638671875
-0.0031278133392334 -0.00269412994384766 -0.0893936157226562 -0.101028442382813
0.0161428451538086 -0.00323772430419922 0.0394744873046875 -0.17437744140625
0.011500358581543 0.00336265563964844 0.224609375 -0.13623046875
-0.006011962890625 0.0194721221923828 0.36810302734375 0.07666015625
-0.0138835906982422 0.0174493789672852 0.20635986328125 0.408782958984375
0.00280666351318359 -0.0163021087646484 -0.184173583984375 0.477447509765625
0.0062870979309082 0.00215387344360352 -0.360565185546875 0.183563232421875
0.0193138122558594 0.0189018249511719 0.00328826904296875 0.03839111328125
0.0266685485839844 -0.00372505187988281 0.415985107421875 -0.122344970703125
0.0123891830444336 -0.0101442337036133 0.24957275390625 -0.474456787109375
-0.0103816986083984 0.00340080261230469 -0.240997314453125 -0.39422607421875
-0.0103473663330078 0.0162220001220703 -0.345977783203125 -0.0204467773437501
0.00661373138427734 0.00709199905395508 -0.20758056640625 0.16473388671875
0.0116920471191406 -0.00728988647460937 -0.0139007568359375 0.17138671875
-0.00585603713989258 -7.86781311035165E-05 0.0983963012695313 0.0771942138671875
-0.00284433364868164 -0.00197100639343262 -0.08990478515625 -0.0998764038085938
0.0149917602539063 -0.00411796569824219 0.040771484375 -0.173858642578125
0.0104007720947266 0.00326347351074219 0.224502563476562 -0.136123657226562
-0.00525283813476563 0.0200328826904297 0.369293212890625 0.075164794921875
-0.0136775970458984 0.0181083679199219 0.20758056640625 0.40869140625
0.00217914581298828 -0.0151958465576172 -0.18310546875 0.47772216796875
0.00327301025390625 0.00224876403808594 -0.359832763671875 0.183990478515625
0.0166225433349609 0.0165815353393555 0.00423431396484375 0.0386772155761719
0.0243320465087891 -0.00332450866699219 0.418792724609375 -0.121734619140625
0.0114517211914063 -0.00932598114013672 0.2528076171875 -0.47381591796875
-0.00880146026611328 0.00402450561523437 -0.238616943359375 -0.3966064453125
-0.010014533996582 0.0166082382202148 -0.346466064453125 -0.02239990234375
0.00640344619750976 0.00769424438476562 -0.206756591796875 0.165252685546875
0.0113630294799805 -0.00713729858398438 -0.0137481689453125 0.172164916992188
-0.0045619010925293 0.000898838043212891 0.0986480712890625 0.077423095703125
-0.00425291061401367 -0.00202655792236328 -0.0899734497070313 -0.098358154296875
0.0148067474365234 -0.00345897674560547 0.0409393310546875 -0.173248291015625
0.0113840103149414 0.00505256652832031 0.225189208984375 -0.13543701171875
-0.00522994995117188 0.0206356048583984 0.36895751953125 0.07684326171875
-0.0117521286010742 0.0173540115356445 0.20654296875 0.408843994140625
0.00184345245361328 -0.0153741836547852 -0.18408203125 0.47760009765625
0.000549793243408203 0.00240111351013184 -0.359527587890625 0.184539794921875
0.0130891799926758 0.0167207717895508 0.00559234619140625 0.0390586853027344
0.0222625732421875 -0.00338363647460938 0.419097900390625 -0.122314453125
0.011993408203125 -0.00838470458984375 0.25299072265625 -0.475006103515625
-0.00821161270141602 0.00450944900512695 -0.23760986328125 -0.3961181640625
-0.00923252105712891 0.0174007415771484 -0.344940185546875 -0.0211181640625001
0.00551557540893555 0.00802516937255859 -0.204940795898438 0.164215087890625
0.0109624862670898 -0.00722599029541016 -0.012115478515625 0.172210693359375
-0.00549936294555664 0.000394821166992187 0.098907470703125 0.0767898559570313
-0.00522136688232422 -0.00146341323852539 -0.0893707275390625 -0.0974578857421875
0.0144567489624023 -0.00295448303222656 0.041900634765625 -0.17254638671875
0.0108098983764648 0.00566959381103516 0.226776123046875 -0.133621215820313
-0.00533294677734375 0.0209751129150391 0.368804931640625 0.079803466796875
-0.0115776062011719 0.0181350708007813 0.203369140625 0.411651611328125
0.00258922576904297 -0.0147275924682617 -0.188201904296875 0.47705078125
-0.000411748886108398 0.0030066967010498 -0.359710693359375 0.183319091796875
0.0110511779785156 0.0162487030029297 0.00915908813476562 0.0391502380371094
0.0209884643554688 -0.00307846069335938 0.420013427734375 -0.12493896484375
0.01165771484375 -0.00820446014404297 0.251617431640625 -0.476226806640625
-0.00765180587768555 0.0049896240234375 -0.2384033203125 -0.39404296875
-0.00897979736328124 0.0174465179443359 -0.3450927734375 -0.01910400390625
0.00525569915771485 0.00895500183105469 -0.20465087890625 0.164993286132812
0.0107879638671875 -0.00726795196533203 -0.0110931396484375 0.171920776367188
-0.00649356842041016 0.00104379653930664 0.100181579589844 0.076171875
-0.00691366195678711 0.000685214996337891 -0.0898208618164063 -0.0962142944335937
0.0143337249755859 -0.00214958190917969 0.043182373046875 -0.172271728515625
0.00993156433105469 0.00635051727294922 0.228240966796875 -0.131271362304688
-0.00490379333496094 0.0220565795898438 0.367919921875 0.083099365234375
-0.0110406875610352 0.017298698425293 0.19976806640625 0.415771484375
0.00366020202636719 -0.0152835845947266 -0.192657470703125 0.47723388671875
0.000257730484008789 0.00266480445861816 -0.35955810546875 0.180419921875
0.0102338790893555 0.0162467956542969 0.0134010314941406 0.039642333984375
0.0208263397216797 -0.00422096252441406 0.420867919921875 -0.129486083984375
0.0122737884521484 -0.00813865661621094 0.24505615234375 -0.47906494140625
-0.00678110122680664 0.0048971176147461 -0.242431640625 -0.390594482421875
-0.00877761840820313 0.0173377990722656 -0.344573974609375 -0.0155944824218751
0.00549793243408203 0.00938796997070313 -0.202774047851563 0.164886474609375
0.0102815628051758 -0.00696182250976562 -0.0101776123046875 0.170989990234375
-0.00728654861450195 0.00215959548950195 0.100593566894531 0.0761260986328125
-0.00844144821166992 0.000864028930664064 -0.0892791748046875 -0.0959625244140625
0.0142097473144531 -0.00110530853271484 0.0450592041015625 -0.171966552734375
0.00960540771484375 0.0074310302734375 0.229141235351562 -0.128646850585938
-0.00547218322753906 0.0224456787109375 0.366973876953125 0.088409423828125
-0.010767936706543 0.0166702270507812 0.1939697265625 0.418853759765625
0.00533008575439453 -0.0158681869506836 -0.198272705078125 0.476318359375
0.000981807708740234 0.00266838073730469 -0.3585205078125 0.177490234375
0.0106582641601563 0.0154914855957031 0.016815185546875 0.0394058227539063
0.0211315155029297 -0.00441741943359375 0.41912841796875 -0.1339111328125
0.0131235122680664 -0.00873851776123047 0.239105224609375 -0.479888916015625
-0.00649309158325195 0.00513124465942383 -0.24859619140625 -0.386138916015625
-0.00873184204101563 0.0187110900878906 -0.344940185546875 -0.01080322265625
0.00516605377197266 0.00989818572998047 -0.200531005859375 0.166610717773438
0.00977993011474609 -0.0052642822265625 -0.00852966308593748 0.169769287109375
-0.00998783111572265 0.00331401824951172 0.101768493652344 0.075408935546875
-0.00448846817016602 -0.00148200988769531 -0.0874557495117187 -0.102180480957031
0.0159835815429688 -0.00261878967285156 0.0401611328125 -0.175262451171875
0.0125188827514648 0.00239181518554688 0.225616455078125 -0.134613037109375
-0.00752449035644531 0.0194530487060547 0.3668212890625 0.081268310546875
-0.0143518447875977 0.0158491134643555 0.20330810546875 0.411468505859375
0.00590705871582031 -0.0181694030761719 -0.191558837890625 0.47760009765625
0.0115642547607422 0.00191974639892578 -0.359710693359375 0.183349609375
0.0256118774414063 0.0204086303710938 0.00708389282226563 0.0383987426757813
0.0308475494384766 -0.00444602966308594 0.411773681640625 -0.13189697265625
0.0132942199707031 -0.0116863250732422 0.2353515625 -0.479095458984375
-0.00987720489501953 0.0030517578125 -0.251922607421875 -0.38543701171875
-0.0106306076049805 0.016383171081543 -0.349151611328125 -0.0112304687500001
0.00691699981689453 0.00628137588500977 -0.204681396484375 0.169235229492188
0.0115413665771484 -0.00595664978027344 -0.011474609375 0.170501708984375
-0.00789737701416016 0.00370550155639649 0.100494384765625 0.07501220703125
-0.00337529182434082 -0.00137782096862793 -0.08941650390625 -0.101234436035156
0.0157985687255859 -0.00295543670654297 0.0388336181640625 -0.175521850585938
0.0115242004394531 0.00295639038085938 0.22442626953125 -0.138519287109375
-0.00636672973632813 0.0189380645751953 0.3685302734375 0.0751953125
-0.0136995315551758 0.016362190246582 0.208221435546875 0.406982421875
0.00388622283935547 -0.0174789428710938 -0.183807373046875 0.478271484375
0.00869607925415039 0.00188493728637695 -0.358917236328125 0.18609619140625
0.0233268737792969 0.0188484191894531 0.00502014160156251 0.0392837524414063
0.0297889709472656 -0.00455665588378906 0.4134521484375 -0.128082275390625
0.0132846832275391 -0.0118303298950195 0.239227294921875 -0.4786376953125
-0.00949573516845703 0.00273895263671875 -0.247100830078125 -0.389007568359375
-0.00998783111572265 0.0158500671386719 -0.34783935546875 -0.0146484375
0.00734424591064453 0.00628995895385742 -0.2054443359375 0.167449951171875
0.0116682052612305 -0.00724506378173828 -0.01220703125 0.171920776367188
-0.00566434860229492 0.00124216079711914 0.0999298095703125 0.07598876953125
-0.00243663787841797 -0.0025181770324707 -0.0904159545898438 -0.101112365722656
0.015528678894043 -0.00289821624755859 0.03729248046875 -0.175430297851563
0.0119476318359375 0.00281715393066406 0.222640991210937 -0.139144897460938
-0.00530052185058594 0.0198287963867188 0.36907958984375 0.07177734375
-0.0133934020996094 0.0178394317626953 0.212127685546875 0.40545654296875
0.00247859954833984 -0.0165414810180664 -0.178009033203125 0.477874755859375
0.00691699981689453 0.00197410583496094 -0.358184814453125 0.187744140625
0.0199775695800781 0.0181140899658203 0.00426483154296875 0.0380897521972656
0.0269718170166016 -0.00393295288085938 0.413818359375 -0.126434326171875
0.0117597579956055 -0.00988388061523438 0.24444580078125 -0.477325439453125
-0.00890159606933594 0.0030517578125 -0.243408203125 -0.3917236328125
-0.00997734069824219 0.0156764984130859 -0.347442626953125 -0.017669677734375
0.00635576248168945 0.00696945190429688 -0.205123901367188 0.166351318359375
0.011387825012207 -0.00779151916503906 -0.011322021484375 0.171768188476563
-0.00485658645629883 0.00152158737182617 0.099365234375 0.0765380859375
-0.00221991539001465 -0.00296854972839356 -0.0914764404296875 -0.0989456176757813
0.0146446228027344 -0.00400352478027344 0.0376739501953125 -0.174560546875
0.0120267868041992 0.0038604736328125 0.223648071289063 -0.139236450195313
-0.00452804565429688 0.0207157135009766 0.36944580078125 0.071136474609375
-0.0122528076171875 0.0173397064208984 0.21246337890625 0.405548095703125
0.00221729278564453 -0.0152511596679687 -0.177154541015625 0.478057861328125
0.00362181663513184 0.00244569778442383 -0.357940673828125 0.188201904296875
0.0167484283447266 0.0172700881958008 0.00335311889648437 0.0385169982910156
0.0241470336914062 -0.00402450561523437 0.415863037109375 -0.12506103515625
0.0120105743408203 -0.00955677032470703 0.2484130859375 -0.47540283203125
-0.00853538513183594 0.0041656494140625 -0.24163818359375 -0.39312744140625
-0.00948619842529297 0.016087532043457 -0.346588134765625 -0.01812744140625
0.00701093673706055 0.00752592086791992 -0.204452514648438 0.166885375976562
0.0107583999633789 -0.00762367248535156 -0.0109710693359375 0.172500610351562
-0.00528287887573242 0.000665664672851563 0.100425720214844 0.0763168334960938
-0.00333857536315918 -0.00164079666137695 -0.0913772583007813 -0.0970993041992187
0.0143833160400391 -0.003936767578125 0.0382232666015625 -0.1741943359375
0.01141357421875 0.00482845306396484 0.223587036132812 -0.138824462890625
-0.00480079650878906 0.0210723876953125 0.371124267578125 0.071136474609375
-0.0116968154907227 0.0174160003662109 0.212799072265625 0.4058837890625
0.00160884857177734 -0.0155916213989258 -0.1788330078125 0.477569580078125
0.000972270965576172 0.00300383567810059 -0.357208251953125 0.1876220703125
0.0131683349609375 0.0170755386352539 0.00632476806640625 0.0386314392089844
0.0219211578369141 -0.00337982177734375 0.418121337890625 -0.12579345703125
0.0117177963256836 -0.00937461853027344 0.24749755859375 -0.47735595703125
-0.00802755355834961 0.0039525032043457 -0.241912841796875 -0.392486572265625
-0.00814723968505859 0.0171709060668945 -0.3448486328125 -0.0175476074218749
0.00619316101074219 0.00803232192993164 -0.202911376953125 0.166427612304687
0.0108108520507812 -0.00747966766357422 -0.01043701171875 0.172760009765625
-0.00525903701782227 0.00134992599487305 0.10064697265625 0.076385498046875
-0.00518035888671875 -0.000940322875976563 -0.0916519165039063 -0.0972213745117187
0.0146942138671875 -0.00336265563964844 0.040557861328125 -0.173233032226563
0.0113086700439453 0.00510883331298828 0.225051879882813 -0.136795043945313
-0.0045013427734375 0.021484375 0.370208740234375 0.073760986328125
-0.0104808807373047 0.0182895660400391 0.2098388671875 0.4090576171875
0.00301074981689453 -0.0153188705444336 -0.18212890625 0.47760009765625
-0.000110626220703125 0.00301694869995117 -0.35626220703125 0.18524169921875
0.0110549926757813 0.0166463851928711 0.00883865356445313 0.0393562316894531
0.0206928253173828 -0.00404930114746094 0.418365478515625 -0.127838134765625
0.0118284225463867 -0.00922775268554688 0.245819091796875 -0.47882080078125
-0.00739717483520508 0.00513124465942383 -0.24163818359375 -0.391387939453125
-0.0083465576171875 0.0175724029541016 -0.344879150390625 -0.0151062011718751
0.00571775436401367 0.0082554817199707 -0.20208740234375 0.166778564453125
0.0100526809692383 -0.00714302062988281 -0.00933837890625001 0.17230224609375
-0.00635671615600586 0.00156497955322266 0.101348876953125 0.0760040283203125
-0.00662374496459961 0.00113248825073242 -0.0908737182617187 -0.095672607421875
0.0144691467285156 -0.00279426574707031 0.04119873046875 -0.173568725585938
0.0105218887329102 0.0063629150390625 0.22711181640625 -0.133590698242188
-0.00389289855957031 0.0221633911132813 0.3695068359375 0.07879638671875
-0.0102376937866211 0.0171394348144531 0.2056884765625 0.412689208984375
0.00355911254882813 -0.0158987045288086 -0.186370849609375 0.478424072265625
0.000424623489379883 0.00362253189086914 -0.35736083984375 0.184295654296875
0.00990390777587891 0.0165214538574219 0.0127716064453125 0.0396804809570312
0.0198936462402344 -0.00419425964355469 0.418548583984375 -0.13311767578125
0.0122871398925781 -0.00921058654785156 0.240814208984375 -0.480438232421875
-0.00649166107177734 0.00437402725219726 -0.247589111328125 -0.387420654296875
-0.008514404296875 0.016972541809082 -0.344818115234375 -0.011932373046875
0.00555324554443359 0.00903415679931641 -0.200149536132813 0.167770385742187
0.00986576080322266 -0.0066375732421875 -0.00810241699218751 0.171157836914063
-0.00713109970092773 0.00280475616455078 0.101844787597656 0.07440185546875
-0.00848054885864258 0.00135993957519531 -0.0906829833984375 -0.0952301025390625
0.0141983032226562 -0.00107479095458984 0.04278564453125 -0.173171997070313
0.00995826721191406 0.00750923156738281 0.228134155273438 -0.131881713867188
-0.00526046752929687 0.0226669311523438 0.368621826171875 0.083099365234375
-0.0096426010131836 0.0167646408081055 0.199859619140625 0.415924072265625
0.00526905059814453 -0.0164604187011719 -0.193145751953125 0.476959228515625
0.00205707550048828 0.00299930572509766 -0.355865478515625 0.181060791015625
0.0110111236572266 0.0161886215209961 0.0167160034179688 0.0394859313964844
0.0211696624755859 -0.00447845458984375 0.41802978515625 -0.13677978515625
0.0132637023925781 -0.00955772399902344 0.233734130859375 -0.48236083984375
-0.00632715225219727 0.00455999374389648 -0.25250244140625 -0.38336181640625
-0.00886917114257812 0.0180644989013672 -0.3446044921875 -0.00708007812499999
0.00484275817871094 0.00900650024414063 -0.198699951171875 0.168975830078125
0.00990581512451172 -0.00497722625732422 -0.00657653808593751 0.1705322265625
-0.00911140441894531 0.00411510467529297 0.102867126464844 0.0749130249023437
-0.00434446334838867 -0.000165939331054688 -0.0889968872070313 -0.101470947265625
0.015995979309082 -0.00290393829345703 0.03851318359375 -0.17669677734375
0.012028694152832 0.00280857086181641 0.224334716796875 -0.137863159179687
-0.00600051879882812 0.0195732116699219 0.36773681640625 0.07415771484375
-0.0130586624145508 0.015721321105957 0.208831787109375 0.407867431640625
0.00568008422851563 -0.0185756683349609 -0.18463134765625 0.477325439453125
0.0115547180175781 0.00185298919677734 -0.358367919921875 0.18609619140625
0.0258388519287109 0.0195236206054688 0.006591796875 0.0379600524902344
0.0300388336181641 -0.0050201416015625 0.409820556640625 -0.132781982421875
0.0138654708862305 -0.0124082565307617 0.23028564453125 -0.478790283203125
-0.00945758819580078 0.00292873382568359 -0.255279541015625 -0.38287353515625
-0.0102958679199219 0.0157766342163086 -0.3480224609375 -0.00836181640624995
0.00610065460205078 0.00570392608642578 -0.202621459960937 0.1708984375
0.0118436813354492 -0.0067291259765625 -0.00950622558593752 0.170440673828125
-0.00721645355224609 0.00322198867797851 0.102012634277344 0.0744705200195312
-0.00296878814697266 -0.0012052059173584 -0.0895767211914063 -0.0999526977539062
0.0156164169311523 -0.00358295440673828 0.0370025634765625 -0.175750732421875
0.0117263793945313 0.00329399108886719 0.223373413085938 -0.140243530273438
-0.00568580627441406 0.0198040008544922 0.368988037109375 0.070404052734375
-0.0138311386108398 0.0162372589111328 0.214447021484375 0.40521240234375
0.00426292419433594 -0.0183162689208984 -0.17669677734375 0.47857666015625
0.00942039489746094 0.00162315368652344 -0.3568115234375 0.18768310546875
0.0230941772460937 0.0187625885009766 0.00518035888671875 0.0383453369140625
0.0283870697021484 -0.00490760803222656 0.409637451171875 -0.13153076171875
0.0125665664672852 -0.0115175247192383 0.23504638671875 -0.478607177734375
-0.00946140289306641 0.00320339202880859 -0.250762939453125 -0.385833740234375
-0.00949287414550781 0.0158729553222656 -0.347412109375 -0.01116943359375
0.00645017623901367 0.00660419464111328 -0.203216552734375 0.1690673828125
0.0114870071411133 -0.00677967071533203 -0.0103759765625 0.171173095703125
-0.0057835578918457 0.00203466415405274 0.100593566894531 0.0752182006835938
-0.00275158882141113 -0.0023961067199707 -0.0911788940429688 -0.0989227294921875
0.0155763626098633 -0.00474834442138672 0.03546142578125 -0.174972534179688
0.0117950439453125 0.00306129455566406 0.221511840820313 -0.142074584960938
-0.0049591064453125 0.0202846527099609 0.368865966796875 0.06781005859375
-0.0131587982177734 0.0172977447509766 0.217315673828125 0.402435302734375
0.00266456604003906 -0.0174198150634766 -0.173248291015625 0.478729248046875
0.00620937347412109 0.00190258026123047 -0.355438232421875 0.19024658203125
0.0204563140869141 0.0188064575195313 0.00283432006835938 0.0385055541992188
0.0267829895019531 -0.00423240661621094 0.411834716796875 -0.129791259765625
0.0124664306640625 -0.0106210708618164 0.23968505859375 -0.477508544921875
-0.00915336608886719 0.00391101837158203 -0.247528076171875 -0.389312744140625
-0.00898551940917969 0.016810417175293 -0.346282958984375 -0.014404296875
0.00732040405273438 0.00655889511108398 -0.202285766601563 0.168075561523437
0.0110912322998047 -0.00795173645019531 -0.010101318359375 0.172042846679688
-0.00466632843017578 0.0013422966003418 0.101081848144531 0.0755081176757813
-0.00224041938781738 -0.00225257873535156 -0.09283447265625 -0.0984725952148438
0.0152711868286133 -0.00480175018310547 0.03582763671875 -0.1751708984375
0.0117864608764648 0.00369358062744141 0.222198486328125 -0.142105102539063
-0.00372123718261719 0.0203399658203125 0.370086669921875 0.06549072265625
-0.0115251541137695 0.0172243118286133 0.217193603515625 0.4002685546875
0.00271797180175781 -0.0163650512695313 -0.170562744140625 0.47772216796875
0.00369429588317871 0.00328660011291504 -0.35467529296875 0.191497802734375
0.0165634155273438 0.018096923828125 0.00391006469726563 0.0383682250976562
0.024566650390625 -0.00330924987792969 0.413909912109375 -0.128570556640625
0.0122442245483398 -0.0100412368774414 0.2431640625 -0.477752685546875
-0.00871038436889648 0.00398063659667969 -0.24481201171875 -0.38983154296875
-0.0085306167602539 0.016815185546875 -0.34539794921875 -0.0145263671875
0.00666713714599609 0.00728178024291992 -0.202377319335938 0.166763305664063
0.0104751586914063 -0.00770092010498047 -0.0085296630859375 0.17266845703125
-0.00472211837768555 0.000835895538330079 0.101593017578125 0.075286865234375
-0.00391745567321777 -0.0017237663269043 -0.092742919921875 -0.09698486328125
0.0149307250976563 -0.0039520263671875 0.0361480712890625 -0.174819946289062
0.0111761093139648 0.00429534912109375 0.222274780273438 -0.141098022460938
-0.00399017333984375 0.0213260650634766 0.370391845703125 0.066986083984375
-0.0108795166015625 0.0172643661499023 0.217498779296875 0.401702880859375
0.00243377685546875 -0.0162782669067383 -0.173919677734375 0.4794921875
0.00180459022521973 0.0036168098449707 -0.35455322265625 0.1903076171875
0.0130977630615234 0.0172300338745117 0.00547027587890625 0.0390243530273438
0.0218257904052734 -0.0037689208984375 0.416351318359375 -0.12847900390625
0.0116500854492188 -0.0096282958984375 0.242919921875 -0.478424072265625
-0.00756502151489258 0.00382375717163086 -0.245574951171875 -0.38922119140625
-0.00797748565673828 0.0164499282836914 -0.345611572265625 -0.0143432617187499
0.00629091262817383 0.0077815055847168 -0.201141357421875 0.167938232421875
0.010350227355957 -0.00818920135498047 -0.00856018066406252 0.172637939453125
-0.00526666641235352 0.00173425674438477 0.101432800292969 0.0759658813476562
-0.00496625900268555 -0.000656127929687499 -0.0930557250976562 -0.095672607421875
0.0145912170410156 -0.00376796722412109 0.038177490234375 -0.173782348632812
0.010986328125 0.00490379333496094 0.22344970703125 -0.139907836914063
-0.00420761108398438 0.0220565795898438 0.370635986328125 0.070068359375
-0.00992965698242188 0.017369270324707 0.213836669921875 0.405181884765625
0.00291347503662109 -0.0158443450927734 -0.176727294921875 0.478729248046875
0.000924110412597657 0.00320172309875488 -0.352874755859375 0.189239501953125
0.0115518569946289 0.0167884826660156 0.00885009765625 0.0389137268066406
0.0202236175537109 -0.00398826599121094 0.41693115234375 -0.13250732421875
0.0119724273681641 -0.00966167449951172 0.241302490234375 -0.48004150390625
-0.00698709487915039 0.00452661514282226 -0.245697021484375 -0.38714599609375
-0.00762557983398438 0.0179996490478516 -0.344451904296875 -0.0122985839843751
0.00554084777832031 0.0085148811340332 -0.200302124023437 0.168853759765625
0.0103797912597656 -0.00717830657958984 -0.00762939453125001 0.172760009765625
-0.00610637664794922 0.00243473052978516 0.101982116699219 0.0752410888671875
-0.00612354278564453 0.00100088119506836 -0.0921630859375 -0.0945205688476562
0.0141572952270508 -0.00301837921142578 0.0391845703125 -0.173675537109375
0.0107574462890625 0.00624370574951172 0.225296020507813 -0.137283325195313
-0.00366973876953125 0.0221977233886719 0.369384765625 0.07415771484375
-0.0101509094238281 0.0165777206420898 0.21087646484375 0.4085693359375
0.00399303436279297 -0.0160503387451172 -0.181182861328125 0.478424072265625
0.000400304794311524 0.00366663932800293 -0.35382080078125 0.187530517578125
0.00978565216064453 0.0163803100585937 0.0127525329589844 0.0392951965332031
0.0200443267822266 -0.00442314147949219 0.417144775390625 -0.13629150390625
0.0122413635253906 -0.00879287719726563 0.235748291015625 -0.482208251953125
-0.00659561157226563 0.00457048416137695 -0.25048828125 -0.38494873046875
-0.00737762451171875 0.0176219940185547 -0.343994140625 -0.00885009765625004
0.00497293472290039 0.00865840911865234 -0.198455810546875 0.1693115234375
0.00969600677490234 -0.00689125061035156 -0.00643920898437499 0.171768188476562
-0.00662755966186523 0.00286340713500977 0.102767944335938 0.0746841430664062
-0.00809240341186523 0.00177192687988281 -0.0923004150390625 -0.0946884155273438
0.0142889022827148 -0.00167942047119141 0.0406646728515625 -0.173324584960937
0.0103931427001953 0.00724887847900391 0.226852416992188 -0.1346435546875
-0.00444984436035156 0.022369384765625 0.368927001953125 0.078277587890625
-0.0095968246459961 0.0165863037109375 0.204620361328125 0.41229248046875
0.00555896759033203 -0.0173931121826172 -0.1873779296875 0.477508544921875
0.00141096115112305 0.00264549255371094 -0.3541259765625 0.18414306640625
0.0109777450561523 0.0162134170532227 0.0164375305175781 0.0393791198730469
0.0205097198486328 -0.00510978698730469 0.416015625 -0.140350341796875
0.0130815505981445 -0.00980854034423828 0.229095458984375 -0.48345947265625
-0.00583744049072266 0.00464057922363281 -0.255767822265625 -0.379150390625
-0.00803565979003906 0.0185832977294922 -0.343658447265625 -0.00323486328125007
0.005096435546875 0.00932502746582031 -0.196304321289063 0.170852661132812
0.00981616973876953 -0.00540542602539063 -0.00497436523437499 0.170761108398438
-0.00857019424438477 0.00444698333740234 0.103752136230469 0.0741958618164063
-0.00462675094604492 -0.000417232513427734 -0.0902175903320313 -0.101051330566406
0.0160646438598633 -0.00381088256835938 0.0360565185546875 -0.17626953125
0.0122957229614258 0.00247573852539063 0.222396850585937 -0.140609741210938
-0.00550460815429688 0.0185546875 0.36920166015625 0.070831298828125
-0.0126562118530273 0.0155820846557617 0.21240234375 0.40411376953125
0.0048370361328125 -0.0188426971435547 -0.179931640625 0.475616455078125
0.0122785568237305 0.00168704986572266 -0.354736328125 0.189422607421875
0.0253391265869141 0.0185070037841797 0.0075225830078125 0.0391311645507812
0.0306911468505859 -0.00511550903320313 0.4068603515625 -0.136932373046875
0.0126638412475586 -0.0127544403076172 0.22589111328125 -0.480133056640625
-0.00919628143310547 0.00267314910888672 -0.259033203125 -0.37872314453125
-0.00944232940673828 0.0157079696655273 -0.347381591796875 -0.00381469726562506
0.00617504119873047 0.00659751892089844 -0.200637817382812 0.172393798828125
0.0122661590576172 -0.00652408599853516 -0.00790405273437499 0.171539306640625
-0.00671625137329102 0.00479364395141602 0.102912902832031 0.0737838745117188
-0.00306224822998047 -0.000915050506591798 -0.0906448364257812 -0.099395751953125
0.0155878067016602 -0.00381183624267578 0.033782958984375 -0.176498413085938
0.0127191543579102 0.00245952606201172 0.220947265625 -0.143142700195313
-0.00546836853027344 0.0193099975585938 0.369354248046875 0.0660400390625
-0.0133829116821289 0.016484260559082 0.218994140625 0.399810791015625
0.00417518615722656 -0.0188045501708984 -0.17169189453125 0.477294921875
0.00928974151611328 0.00185203552246094 -0.35369873046875 0.191070556640625
0.0234947204589844 0.0185279846191406 0.00471496582031251 0.0379371643066406
0.02850341796875 -0.00464248657226562 0.40771484375 -0.134185791015625
0.0126495361328125 -0.0121841430664063 0.231048583984375 -0.479278564453125
-0.00958156585693359 0.002685546875 -0.25372314453125 -0.3834228515625
-0.0095367431640625 0.0161428451538086 -0.346649169921875 -0.00781250000000007
0.00680828094482422 0.0069427490234375 -0.201400756835937 0.170852661132813
0.0119876861572266 -0.00686454772949219 -0.00897216796875001 0.172073364257813
-0.00533580780029297 0.00306463241577148 0.101936340332031 0.0740966796875
-0.00275444984436035 -0.00186944007873535 -0.092437744140625 -0.0989151000976562
0.0150232315063477 -0.00497055053710938 0.033111572265625 -0.176681518554688
0.0123443603515625 0.0020599365234375 0.219512939453125 -0.144485473632813
-0.00423049926757812 0.0203762054443359 0.370697021484375 0.06243896484375
-0.012629508972168 0.0165491104125977 0.221282958984375 0.39801025390625
0.00344085693359375 -0.017730712890625 -0.167266845703125 0.4779052734375
0.00693893432617188 0.00253915786743164 -0.35296630859375 0.1927490234375
0.0199699401855469 0.0187187194824219 0.002685546875 0.0381698608398437
0.0249309539794922 -0.004119873046875 0.409576416015625 -0.13226318359375
0.0115251541137695 -0.0109891891479492 0.234619140625 -0.47845458984375
-0.00813484191894531 0.00356864929199219 -0.24920654296875 -0.384002685546875
-0.00852012634277344 0.0161323547363281 -0.345306396484375 -0.01043701171875
0.00669097900390625 0.00678300857543945 -0.200775146484375 0.169845581054688
0.0110836029052734 -0.00754642486572266 -0.00698852539062499 0.172348022460938
-0.00477504730224609 0.00211524963378906 0.101951599121094 0.0748825073242188
-0.00273895263671875 -0.00252795219421387 -0.0937576293945312 -0.0981826782226563
0.0154304504394531 -0.00500011444091797 0.0326385498046875 -0.174957275390625
0.0122175216674805 0.00300312042236328 0.219573974609375 -0.144699096679688
-0.0036468505859375 0.0206890106201172 0.369873046875 0.060699462890625
-0.0107297897338867 0.0172538757324219 0.221588134765625 0.39654541015625
0.00317287445068359 -0.017420768737793 -0.165679931640625 0.47735595703125
0.00438928604125977 0.00215697288513184 -0.3519287109375 0.193359375
0.0168533325195313 0.0176124572753906 0.00360488891601563 0.0383529663085937
0.0234603881835938 -0.00368499755859375 0.41162109375 -0.129241943359375
0.0117692947387695 -0.0105953216552734 0.237884521484375 -0.47662353515625
-0.00782585144042969 0.00370502471923828 -0.247802734375 -0.38690185546875
-0.00761032104492188 0.0168905258178711 -0.34521484375 -0.0113525390624999
0.00673675537109375 0.00780248641967773 -0.199996948242187 0.169631958007813
0.0100555419921875 -0.00816440582275391 -0.00727844238281248 0.173477172851562
-0.0051732063293457 0.00182247161865234 0.102218627929688 0.0751495361328125
-0.00322413444519043 -0.00204062461853027 -0.0944976806640625 -0.0963363647460938
0.0149478912353516 -0.00442886352539063 0.0341949462890625 -0.17529296875
0.0115413665771484 0.00403118133544922 0.220260620117187 -0.143600463867188
-0.00324058532714844 0.0211181640625 0.371551513671875 0.062957763671875
-0.0107536315917969 0.0168857574462891 0.222808837890625 0.39892578125
0.002838134765625 -0.0166816711425781 -0.167388916015625 0.47796630859375
0.0022282600402832 0.00335216522216797 -0.350921630859375 0.19244384765625
0.0135402679443359 0.0172615051269531 0.00606155395507813 0.0381813049316406
0.0208148956298828 -0.00391769409179688 0.413238525390625 -0.130889892578125
0.0112628936767578 -0.00990581512451172 0.23919677734375 -0.478912353515625
-0.00775909423828125 0.0040278434753418 -0.24810791015625 -0.385101318359375
-0.00758743286132813 0.0178604125976563 -0.344207763671875 -0.010467529296875
0.00654268264770508 0.00745820999145508 -0.199066162109375 0.169754028320313
0.0106172561645508 -0.00832653045654297 -0.00654602050781248 0.172515869140625
-0.00446510314941406 0.00220823287963867 0.1026611328125 0.0744171142578125
-0.00464630126953125 -0.000441074371337892 -0.0943832397460937 -0.0952682495117188
0.014430046081543 -0.00435829162597656 0.036102294921875 -0.174697875976563
0.0107593536376953 0.00499820709228516 0.221694946289063 -0.1422119140625
-0.00300979614257813 0.0217742919921875 0.370880126953125 0.065093994140625
-0.00911712646484375 0.0173511505126953 0.219635009765625 0.400787353515625
0.00340175628662109 -0.0164699554443359 -0.170562744140625 0.477874755859375
0.00113463401794434 0.00345754623413086 -0.35113525390625 0.191497802734375
0.0106611251831055 0.0168371200561523 0.00851821899414062 0.0391921997070313
0.0198020935058594 -0.00380897521972656 0.4139404296875 -0.133941650390625
0.0119686126708984 -0.00949001312255859 0.235260009765625 -0.481964111328125
-0.00680828094482422 0.00379610061645508 -0.248199462890625 -0.384124755859375
-0.00699424743652344 0.018157958984375 -0.343963623046875 -0.00866699218750005
0.00560379028320313 0.00794839859008789 -0.197921752929688 0.17022705078125
0.00983047485351563 -0.00748157501220703 -0.00524902343749998 0.173233032226563
-0.00549745559692383 0.00230789184570312 0.103462219238281 0.0747222900390625
-0.00603008270263672 0.00133037567138672 -0.0936508178710938 -0.0938873291015625
0.0142402648925781 -0.00332355499267578 0.0369110107421875 -0.174026489257813
0.0107288360595703 0.00629997253417969 0.223648071289062 -0.139602661132813
-0.00315093994140625 0.0226039886474609 0.36962890625 0.069610595703125
-0.00897693634033203 0.0166149139404297 0.216064453125 0.403656005859375
0.00407695770263672 -0.016474723815918 -0.17547607421875 0.478759765625
0.00133609771728516 0.00384831428527832 -0.35223388671875 0.191070556640625
0.00995063781738281 0.0168170928955078 0.012481689453125 0.0393829345703125
0.0195674896240234 -0.004669189453125 0.41412353515625 -0.13897705078125
0.0116968154907227 -0.00925922393798828 0.231475830078125 -0.483428955078125
-0.00574541091918945 0.00419759750366211 -0.252899169921875 -0.380645751953125
-0.0065765380859375 0.0178184509277344 -0.34356689453125 -0.00552368164062503
0.00536775588989258 0.00838232040405273 -0.195648193359375 0.170700073242188
0.00931549072265625 -0.00662517547607422 -0.004119873046875 0.17095947265625
-0.00609397888183594 0.00403022766113281 0.103652954101562 0.0738372802734375
-0.00711870193481445 0.00283384323120117 -0.0927658081054687 -0.0936508178710938
0.0141210556030273 -0.00197029113769531 0.0389251708984375 -0.173614501953125
0.0103969573974609 0.00726509094238281 0.224960327148438 -0.13751220703125
-0.0034027099609375 0.0224399566650391 0.369232177734375 0.0740966796875
-0.00887489318847656 0.0161619186401367 0.208709716796875 0.40850830078125
0.00579452514648438 -0.0177078247070313 -0.181243896484375 0.477325439453125
0.00184893608093262 0.00313258171081543 -0.3511962890625 0.18646240234375
0.0108804702758789 0.016566276550293 0.0170783996582031 0.0392608642578125
0.0202789306640625 -0.00507926940917969 0.4140625 -0.1434326171875
0.013087272644043 -0.0102462768554688 0.224578857421875 -0.48406982421875
-0.00557804107666016 0.00440406799316406 -0.259307861328125 -0.37548828125
-0.007171630859375 0.0185909271240234 -0.34283447265625 -0.000213623046875047
0.00498485565185547 0.00911331176757813 -0.194366455078125 0.172882080078125
0.00919246673583985 -0.00562095642089844 -0.00228881835937499 0.171112060546875
-0.00852060317993164 0.00512504577636719 0.104591369628906 0.0734634399414063
-0.00369691848754883 -0.000159978866577149 -0.0913772583007812 -0.100090026855469
0.0157480239868164 -0.00377082824707031 0.034423828125 -0.176834106445312
0.0119752883911133 0.00234317779541016 0.221694946289062 -0.142608642578125
-0.00489997863769531 0.0197811126708984 0.367950439453125 0.06549072265625
-0.0120096206665039 0.0152606964111328 0.21575927734375 0.399688720703125
0.00477790832519531 -0.019561767578125 -0.173675537109375 0.475921630859375
0.0124454498291016 0.00208473205566406 -0.351654052734375 0.191314697265625
0.0257949829101563 0.0195140838623047 0.0073699951171875 0.0380821228027344
0.0298652648925781 -0.00487136840820313 0.404815673828125 -0.139190673828125
0.0130758285522461 -0.0121860504150391 0.221160888671875 -0.4814453125
-0.00938224792480469 0.003173828125 -0.260894775390625 -0.375946044921875
-0.00897789001464844 0.0159053802490234 -0.347320556640625 -0.00134277343749996
0.00692367553710938 0.00550413131713867 -0.198333740234375 0.173751831054688
0.0115365982055664 -0.00664520263671875 -0.00561523437500001 0.171310424804688
-0.00660896301269531 0.00475597381591797 0.103614807128906 0.072601318359375
-0.00280237197875977 -0.000211238861083985 -0.0912551879882813 -0.0990676879882813
0.0156764984130859 -0.00420188903808594 0.0324554443359375 -0.17681884765625
0.0121994018554687 0.00195503234863281 0.219284057617188 -0.145660400390625
-0.00390434265136719 0.019866943359375 0.368927001953125 0.06072998046875
-0.0115327835083008 0.0155792236328125 0.221588134765625 0.396087646484375
0.00446891784667969 -0.01971435546875 -0.166595458984375 0.476715087890625
0.0100278854370117 0.00191688537597656 -0.3509521484375 0.192413330078125
0.0237941741943359 0.0190315246582031 0.00468444824218751 0.0382347106933594
0.0275611877441406 -0.00439071655273438 0.407135009765625 -0.135894775390625
0.0121917724609375 -0.0117063522338867 0.22564697265625 -0.479522705078125
-0.00927639007568359 0.00301837921142578 -0.2550048828125 -0.378997802734375
-0.00844478607177735 0.0152091979980469 -0.346099853515625 -0.00582885742187499
0.00729465484619141 0.006103515625 -0.19866943359375 0.172134399414063
0.0115547180175781 -0.00679397583007812 -0.00666809082031251 0.1719970703125
-0.00464773178100586 0.00273990631103516 0.102447509765625 0.072845458984375
-0.00208950042724609 -0.00168871879577637 -0.0932769775390625 -0.0977249145507813
0.0158166885375977 -0.005157470703125 0.031829833984375 -0.176559448242188
0.012181282043457 0.00203323364257813 0.218215942382813 -0.146560668945313
-0.00419807434082031 0.0200176239013672 0.369842529296875 0.058868408203125
-0.0110960006713867 0.0168943405151367 0.225250244140625 0.393310546875
0.00294876098632812 -0.0183906555175781 -0.162445068359375 0.476593017578125
0.00699186325073242 0.00226736068725586 -0.349578857421875 0.1953125
0.0201950073242188 0.0181217193603516 0.00300979614257813 0.0380058288574219
0.0255298614501953 -0.00418853759765625 0.407989501953125 -0.13397216796875
0.0124416351318359 -0.0110750198364258 0.230926513671875 -0.47845458984375
-0.00803232192993164 0.00393533706665039 -0.253326416015625 -0.381256103515625
-0.00815486907958984 0.0165252685546875 -0.344451904296875 -0.0081787109375
0.00770950317382813 0.00598526000976562 -0.199264526367188 0.171356201171875
0.0104694366455078 -0.00759792327880859 -0.00579833984374999 0.172286987304688
-0.00441455841064453 0.00259780883789063 0.103004455566406 0.0746688842773438
-0.00243687629699707 -0.00128436088562012 -0.0945358276367188 -0.09698486328125
0.0150051116943359 -0.00604820251464844 0.032318115234375 -0.17626953125
0.0119924545288086 0.00266647338867187 0.218185424804688 -0.1478271484375
-0.00290298461914062 0.0206642150878906 0.370391845703125 0.05572509765625
-0.00990009307861328 0.0169277191162109 0.226318359375 0.392791748046875
0.00284576416015625 -0.0172662734985352 -0.1619873046875 0.47625732421875
0.00411367416381836 0.00309205055236816 -0.349365234375 0.195526123046875
0.0159034729003906 0.0179481506347656 0.0038299560546875 0.0381660461425781
0.0230159759521484 -0.00441932678222656 0.409393310546875 -0.1337890625
0.0113162994384766 -0.0106515884399414 0.23291015625 -0.477691650390625
-0.00829887390136719 0.00376176834106445 -0.24993896484375 -0.3824462890625
-0.0072174072265625 0.0166091918945312 -0.344879150390625 -0.00933837890625003
0.00646734237670898 0.00738668441772461 -0.197708129882812 0.170623779296875
0.0110101699829102 -0.00803184509277344 -0.00579833984374998 0.173675537109375
-0.00458288192749023 0.00221920013427734 0.103424072265625 0.0746307373046875
-0.00364375114440918 -0.00132989883422852 -0.0951614379882813 -0.0956497192382813
0.0151119232177734 -0.00500679016113281 0.031829833984375 -0.175689697265625
0.0119180679321289 0.00341987609863281 0.219131469726562 -0.145767211914063
-0.00246429443359375 0.0216541290283203 0.370758056640625 0.058441162109375
-0.00938796997070312 0.0167150497436523 0.2255859375 0.393585205078125
0.00310897827148437 -0.0170059204101563 -0.162933349609375 0.477386474609375
0.0027461051940918 0.00331473350524902 -0.34783935546875 0.19464111328125
0.012913703918457 0.0170831680297852 0.00592422485351563 0.0394325256347656
0.0214710235595703 -0.00465774536132813 0.412933349609375 -0.135589599609375
0.010986328125 -0.010624885559082 0.235931396484375 -0.479217529296875
-0.0069122314453125 0.00387382507324219 -0.25067138671875 -0.382965087890625
-0.00726985931396484 0.0170316696166992 -0.34356689453125 -0.00787353515625003
0.00628328323364258 0.00707340240478516 -0.197402954101563 0.170547485351562
0.0100688934326172 -0.00758838653564453 -0.0051422119140625 0.172821044921875
-0.00419974327087402 0.00224876403808594 0.103233337402344 0.0741958618164063
-0.00490045547485352 -8.01086425781256E-05 -0.0944671630859375 -0.0945510864257813
0.0144376754760742 -0.00501918792724609 0.034454345703125 -0.1746826171875
0.0113487243652344 0.00492572784423828 0.219833374023437 -0.14434814453125
-0.00268936157226563 0.0216484069824219 0.371917724609375 0.060821533203125
-0.00869369506835938 0.0170316696166992 0.222412109375 0.3975830078125
0.00348663330078125 -0.017277717590332 -0.16583251953125 0.475921630859375
0.00122737884521484 0.00314545631408691 -0.3472900390625 0.193359375
0.0112409591674805 0.0171566009521484 0.008941650390625 0.0381927490234375
0.0193881988525391 -0.00421524047851563 0.412384033203125 -0.136077880859375
0.0116281509399414 -0.0100889205932617 0.232147216796875 -0.481201171875
-0.00582027435302734 0.0038909912109375 -0.249725341796875 -0.381072998046875
-0.006134033203125 0.0175724029541016 -0.342620849609375 -0.006378173828125
0.00602817535400391 0.00790500640869141 -0.19610595703125 0.171707153320313
0.0101079940795898 -0.00717926025390625 -0.0039215087890625 0.172958374023438
-0.00501585006713867 0.00333356857299805 0.1038818359375 0.0737152099609375
-0.00607013702392578 0.00198841094970703 -0.0942459106445313 -0.0930252075195313
0.0138320922851563 -0.00358104705810547 0.0350494384765625 -0.174026489257813
0.0110340118408203 0.00603961944580078 0.221649169921875 -0.14251708984375
-0.0027313232421875 0.0231285095214844 0.37042236328125 0.065185546875
-0.00856208801269531 0.0162992477416992 0.218994140625 0.400177001953125
0.00365066528320312 -0.017552375793457 -0.171295166015625 0.47711181640625
0.00177741050720215 0.00417590141296387 -0.34942626953125 0.191314697265625
0.0105686187744141 0.0167465209960938 0.0129280090332031 0.0394210815429687
0.0191230773925781 -0.00420570373535156 0.412841796875 -0.1412353515625
0.012181282043457 -0.00998401641845703 0.22698974609375 -0.48309326171875
-0.00572347640991211 0.0039057731628418 -0.255645751953125 -0.37738037109375
-0.00666046142578125 0.0183658599853516 -0.34234619140625 -0.00186157226562497
0.00519227981567383 0.00865459442138672 -0.193618774414062 0.17205810546875
0.00945758819580078 -0.00673961639404297 -0.0027008056640625 0.172134399414063
-0.00594091415405274 0.00430154800415039 0.104866027832031 0.0729446411132813
-0.00745344161987305 0.00247669219970703 -0.0938796997070313 -0.0938796997070313
0.0142345428466797 -0.00254344940185547 0.036529541015625 -0.174560546875
0.0108003616333008 0.00682926177978516 0.222686767578125 -0.13983154296875
-0.00281715393066406 0.0222816467285156 0.369232177734375 0.069671630859375
-0.00798606872558594 0.0161066055297852 0.212860107421875 0.403472900390625
0.00554275512695312 -0.0182018280029297 -0.175323486328125 0.476043701171875
0.00250864028930664 0.0031740665435791 -0.347686767578125 0.18853759765625
0.0109052658081055 0.0161008834838867 0.0166244506835938 0.0391082763671875
0.0200366973876953 -0.00517082214355469 0.41094970703125 -0.14544677734375
0.0130348205566406 -0.0103626251220703 0.220306396484375 -0.48388671875
-0.00491142272949219 0.00453567504882813 -0.260345458984375 -0.37139892578125
-0.00691413879394531 0.0179214477539063 -0.34197998046875 0.00250244140624995
0.00507068634033203 0.00893115997314453 -0.191970825195313 0.173919677734375
0.00937843322753906 -0.00537967681884766 -0.00112915039062498 0.1710205078125
-0.00828933715820313 0.00581598281860352 0.105476379394531 0.072845458984375
-0.00339412689208984 0.000224828720092774 -0.0914230346679687 -0.0997161865234375
0.015812873840332 -0.00390625 0.032196044921875 -0.176666259765625
0.0123577117919922 0.00224018096923828 0.219512939453125 -0.144790649414063
-0.00433158874511719 0.0201339721679688 0.369354248046875 0.062591552734375
-0.0119400024414063 0.0153541564941406 0.2196044921875 0.39599609375
0.00547981262207031 -0.0206851959228516 -0.169830322265625 0.4752197265625
0.0121803283691406 0.00195789337158203 -0.348541259765625 0.19268798828125
0.0264987945556641 0.01983642578125 0.00710296630859375 0.0383071899414063
0.0295963287353516 -0.00523757934570313 0.403839111328125 -0.140777587890625
0.012690544128418 -0.0131454467773437 0.21612548828125 -0.479949951171875
-0.00876522064208984 0.00241470336914063 -0.26141357421875 -0.372894287109375
-0.00831413269042968 0.0164299011230469 -0.3453369140625 0.000854492187500019
0.00730180740356445 0.00517749786376953 -0.196945190429688 0.174545288085937
0.0112390518188477 -0.00681209564208984 -0.00459289550781248 0.171173095703125
-0.00575780868530273 0.00560665130615235 0.103904724121094 0.0729751586914063
-0.00285887718200684 -0.000963211059570313 -0.0926055908203125 -0.0987396240234375
0.0153074264526367 -0.00492763519287109 0.03094482421875 -0.176651000976563
0.01263427734375 0.00171279907226563 0.217147827148438 -0.147552490234375
-0.00317192077636719 0.0194873809814453 0.368896484375 0.05792236328125
-0.0114898681640625 0.0146694183349609 0.224517822265625 0.39178466796875
0.00406646728515625 -0.0198841094970703 -0.1629638671875 0.476470947265625
0.0104875564575195 0.00274085998535156 -0.34808349609375 0.194915771484375
0.0233249664306641 0.0192756652832031 0.00376129150390625 0.0378150939941406
0.0269775390625 -0.00514602661132813 0.40545654296875 -0.139434814453125
0.0125999450683594 -0.0128087997436523 0.22247314453125 -0.479522705078125
-0.00870800018310547 0.00225257873535156 -0.25799560546875 -0.37591552734375
-0.00877857208251953 0.0155210494995117 -0.344940185546875 -0.00271606445312494
0.00710916519165039 0.00590705871582031 -0.19732666015625 0.173934936523438
0.0106849670410156 -0.00818729400634766 -0.0050201416015625 0.1712646484375
-0.00373721122741699 0.00397992134094238 0.1033935546875 0.072479248046875
-0.00256633758544922 -0.00183868408203125 -0.0944976806640625 -0.0976943969726563
0.015101432800293 -0.00431060791015625 0.0294342041015625 -0.176971435546875
0.0130929946899414 0.00191974639892578 0.21612548828125 -0.148193359375
-0.00348091125488281 0.0200634002685547 0.370208740234375 0.05462646484375
-0.0100841522216797 0.016108512878418 0.22760009765625 0.38934326171875
0.00309371948242188 -0.0188941955566406 -0.15869140625 0.474578857421875
0.00765800476074219 0.00220870971679688 -0.34619140625 0.19580078125
0.0203857421875 0.0187587738037109 0.00297927856445313 0.0380401611328125
0.0255584716796875 -0.00473976135253906 0.40557861328125 -0.13543701171875
0.0125560760498047 -0.0119724273681641 0.2275390625 -0.47857666015625
-0.00842094421386719 0.00356817245483398 -0.25421142578125 -0.378662109375
-0.0075225830078125 0.0161056518554688 -0.34442138671875 -0.00479125976562505
0.00740861892700195 0.00556659698486328 -0.197158813476563 0.172454833984375
0.0111045837402344 -0.00812530517578125 -0.00482177734374999 0.172714233398438
-0.0035552978515625 0.00282192230224609 0.104278564453125 0.073699951171875
-0.00170695781707764 -0.00142168998718262 -0.0951461791992188 -0.0960769653320312
0.0143623352050781 -0.00559139251708984 0.0302734375 -0.175857543945313
0.0130481719970703 0.00290870666503906 0.216659545898438 -0.149200439453125
-0.00193214416503906 0.0209922790527344 0.37078857421875 0.05352783203125
-0.0100479125976563 0.0163516998291016 0.22833251953125 0.38861083984375
0.00290489196777344 -0.0180988311767578 -0.157623291015625 0.475372314453125
0.00518989562988281 0.00319623947143555 -0.34710693359375 0.19622802734375
0.0161342620849609 0.018157958984375 0.0037994384765625 0.0383529663085937
0.0228118896484375 -0.00468635559082031 0.407806396484375 -0.13519287109375
0.0110149383544922 -0.0114336013793945 0.22979736328125 -0.478179931640625
-0.00810670852661133 0.00346612930297852 -0.251953125 -0.38006591796875
-0.00674533843994141 0.0168352127075195 -0.343231201171875 -0.00637817382812493
0.00730514526367188 0.00773286819458008 -0.196609497070313 0.171310424804688
0.0107860565185547 -0.00767898559570313 -0.00447082519531248 0.173431396484375
-0.00350213050842285 0.00219345092773438 0.103324890136719 0.0738067626953125
-0.00304079055786133 -0.000616073608398437 -0.0956649780273438 -0.0947799682617188
0.0148849487304688 -0.00560092926025391 0.031005859375 -0.175811767578125
0.0111141204833984 0.00373077392578125 0.217010498046875 -0.147903442382812
-0.00177955627441406 0.0216026306152344 0.370941162109375 0.053924560546875
-0.00905704498291016 0.0165672302246094 0.228729248046875 0.390228271484375
0.00265121459960938 -0.0180835723876953 -0.15826416015625 0.47601318359375
0.00278401374816895 0.00315713882446289 -0.345703125 0.1962890625
0.0137825012207031 0.0177974700927734 0.00522232055664062 0.0381698608398437
0.0203361511230469 -0.00458335876464844 0.410186767578125 -0.13629150390625
0.0111408233642578 -0.0105562210083008 0.23114013671875 -0.4794921875
-0.00700187683105469 0.00381708145141601 -0.251922607421875 -0.3795166015625
-0.00640296936035156 0.0169954299926758 -0.342071533203125 -0.00503540039062494
0.00639867782592773 0.00691509246826172 -0.1949462890625 0.171783447265625
0.0104637145996094 -0.00811195373535156 -0.00334167480468751 0.173187255859375
-0.00367403030395508 0.00268936157226562 0.103797912597656 0.0740127563476563
-0.00403666496276855 6.55651092529303E-05 -0.0955734252929688 -0.0937881469726563
0.0145540237426758 -0.00518226623535156 0.0320281982421875 -0.174911499023438
0.0114107131958008 0.00443935394287109 0.218414306640625 -0.146499633789063
-0.00183677673339844 0.0221138000488281 0.370697021484375 0.05718994140625
-0.00861835479736328 0.0158796310424805 0.226043701171875 0.3931884765625
0.00365638732910156 -0.0178890228271484 -0.16168212890625 0.47540283203125
0.00179505348205566 0.00298547744750977 -0.345123291015625 0.1942138671875
0.0108823776245117 0.0174789428710938 0.00844955444335938 0.0389251708984375
0.0189704895019531 -0.00446510314941406 0.41021728515625 -0.138702392578125
0.0114841461181641 -0.0105190277099609 0.228485107421875 -0.48046875
-0.00638580322265625 0.00370264053344727 -0.25311279296875 -0.378204345703125
-0.00585365295410156 0.0176277160644531 -0.341949462890625 -0.00357055664062493
0.00559329986572266 0.00799179077148438 -0.1943359375 0.172149658203125
0.00968074798583984 -0.00760746002197266 -0.00201416015625001 0.172897338867188
-0.00417232513427734 0.00357627868652344 0.104644775390625 0.0733795166015625
-0.00560188293457031 0.00224208831787109 -0.0949935913085938 -0.0930252075195312
0.0142393112182617 -0.00435733795166016 0.033294677734375 -0.174224853515625
0.0111856460571289 0.00549697875976563 0.220260620117188 -0.144393920898438
-0.0018157958984375 0.0224723815917969 0.370574951171875 0.061431884765625
-0.00774192810058594 0.0160818099975586 0.221710205078125 0.396453857421875
0.00428009033203125 -0.0182285308837891 -0.166351318359375 0.4765625
0.00193977355957031 0.00411677360534668 -0.345916748046875 0.192047119140625
0.0105161666870117 0.0174007415771484 0.0123863220214844 0.0387077331542969
0.0184288024902344 -0.00455665588378906 0.410400390625 -0.142425537109375
0.0119638442993164 -0.0100193023681641 0.22235107421875 -0.483245849609375
-0.00557374954223633 0.00359725952148438 -0.256622314453125 -0.375030517578125
-0.00567817687988281 0.0179958343505859 -0.341552734375 -6.10351562499336E-05
0.00525665283203125 0.00912094116210938 -0.192733764648438 0.172622680664062
0.00905132293701172 -0.00709438323974609 -0.00112915039062501 0.171493530273438
-0.00579071044921875 0.00456953048706055 0.105232238769531 0.07244873046875
-0.00698995590209961 0.00265073776245117 -0.0945663452148437 -0.0929946899414063
0.0142812728881836 -0.00260734558105469 0.0352325439453125 -0.17462158203125
0.0104999542236328 0.00646114349365234 0.221969604492188 -0.141921997070312
-0.00261497497558594 0.0232028961181641 0.3690185546875 0.066436767578125
-0.00751495361328125 0.015716552734375 0.21563720703125 0.39959716796875
0.00612258911132813 -0.0187759399414062 -0.172607421875 0.474761962890625
0.00302314758300781 0.0030972957611084 -0.345062255859375 0.191192626953125
0.0106840133666992 0.0164985656738281 0.0164718627929688 0.0386085510253906
0.0194892883300781 -0.00483322143554688 0.40936279296875 -0.146636962890625
0.0132570266723633 -0.0108394622802734 0.217071533203125 -0.484466552734375
-0.00537490844726562 0.00386953353881836 -0.2630615234375 -0.368988037109375
-0.00559806823730469 0.0183601379394531 -0.34124755859375 0.00433349609375005
0.00521087646484375 0.00899124145507813 -0.190414428710938 0.17431640625
0.00894451141357422 -0.00573253631591797 0.000442504882812491 0.171371459960938
-0.00714778900146484 0.00628280639648438 0.106277465820313 0.0723114013671875
-0.00330233573913574 0.000770330429077149 -0.0918502807617187 -0.0985641479492188
0.0152244567871094 -0.00425052642822266 0.0307464599609375 -0.177017211914063
0.0128974914550781 0.00185012817382813 0.217239379882812 -0.147308349609375
-0.00372505187988281 0.0197734832763672 0.368255615234375 0.058563232421875
-0.0109586715698242 0.0149364471435547 0.2210693359375 0.393157958984375
0.00542449951171875 -0.0210800170898438 -0.165740966796875 0.47430419921875
0.0127925872802734 0.00223350524902344 -0.346343994140625 0.19329833984375
0.0260562896728516 0.0199356079101563 0.00701904296875 0.0384559631347656
0.0294246673583984 -0.0055999755859375 0.401824951171875 -0.141632080078125
0.0128498077392578 -0.0127096176147461 0.21417236328125 -0.4794921875
-0.00868463516235352 0.00298738479614258 -0.264312744140625 -0.36920166015625
-0.00828075408935547 0.0157032012939453 -0.344024658203125 0.00311279296875007
0.0065770149230957 0.00608921051025391 -0.194900512695312 0.174835205078125
0.0109395980834961 -0.00677013397216797 -0.00300598144531249 0.171005249023438
-0.00509071350097656 0.00510740280151367 0.104568481445313 0.0715713500976563
-0.00186014175415039 0.000402688980102539 -0.0936355590820313 -0.0980224609375
0.0156793594360352 -0.00524234771728516 0.029083251953125 -0.176483154296875
0.0122289657592773 0.00103378295898438 0.215713500976562 -0.14825439453125
-0.002716064453125 0.0200557708740234 0.369354248046875 0.05438232421875
-0.0111198425292969 0.0148887634277344 0.227081298828125 0.389190673828125
0.00389480590820313 -0.0203056335449219 -0.15936279296875 0.4739990234375
0.0113115310668945 0.00231742858886719 -0.345611572265625 0.19561767578125
0.0235881805419922 0.0192718505859375 0.00420761108398437 0.0381317138671875
0.02679443359375 -0.00467109680175781 0.403717041015625 -0.1396484375
0.0119342803955078 -0.0128440856933594 0.219757080078125 -0.478851318359375
-0.00858068466186523 0.00235414505004883 -0.259063720703125 -0.3734130859375
-0.00713539123535156 0.0157232284545898 -0.343780517578125 -0.000915527343750042
0.00705528259277344 0.00559425354003906 -0.196090698242188 0.173858642578125
0.0121440887451172 -0.00742816925048828 -0.00386047363281252 0.171951293945313
-0.00389862060546875 0.00391268730163574 0.104362487792969 0.0726547241210937
-0.00210154056549072 -0.00117933750152588 -0.0952606201171875 -0.0967788696289063
0.0145168304443359 -0.00569915771484375 0.027679443359375 -0.17572021484375
0.0122804641723633 0.00176048278808594 0.21429443359375 -0.1500244140625
-0.00291824340820313 0.0199947357177734 0.369598388671875 0.050689697265625
-0.00964069366455078 0.0155954360961914 0.23004150390625 0.38665771484375
0.00311660766601563 -0.0193729400634766 -0.155120849609375 0.475128173828125
0.00809478759765625 0.00218439102172852 -0.3441162109375 0.19842529296875
0.0201301574707031 0.0185890197753906 0.0028839111328125 0.0384368896484375
0.0248661041259766 -0.00417900085449219 0.40472412109375 -0.136810302734375
0.0120697021484375 -0.0119552612304688 0.224945068359375 -0.47802734375
-0.00769472122192383 0.00265359878540039 -0.256134033203125 -0.375732421875
-0.00694561004638672 0.0165719985961914 -0.34344482421875 -0.00256347656250007
0.00706338882446289 0.00586032867431641 -0.19537353515625 0.173294067382813
0.010828971862793 -0.00801753997802734 -0.00349426269531251 0.172988891601563
-0.00329875946044922 0.00346517562866211 0.105033874511719 0.0726394653320313
-0.00210058689117432 -0.00116169452667236 -0.0958023071289063 -0.0955734252929688
0.0144510269165039 -0.00508880615234375 0.028656005859375 -0.176223754882813
0.0120401382446289 0.00188064575195313 0.213973999023437 -0.150466918945313
-0.0017852783203125 0.0199985504150391 0.370147705078125 0.049835205078125
-0.00907611846923828 0.016810417175293 0.2314453125 0.3851318359375
0.00313568115234375 -0.0184650421142578 -0.152557373046875 0.473419189453125
0.00591659545898437 0.00356101989746094 -0.343719482421875 0.19781494140625
0.0166969299316406 0.0186500549316406 0.00327301025390625 0.0380744934082031
0.0229034423828125 -0.00431632995605469 0.405609130859375 -0.1368408203125
0.0112581253051758 -0.0113697052001953 0.226165771484375 -0.47760009765625
-0.00753068923950195 0.00306224822998047 -0.25323486328125 -0.376251220703125
-0.00678539276123047 0.0159673690795898 -0.342193603515625 -0.00408935546874997
0.00703811645507813 0.00668478012084961 -0.194610595703125 0.172409057617187
0.010014533996582 -0.00835704803466797 -0.00291442871093749 0.173538208007813
-0.00331664085388184 0.0028998851776123 0.104728698730469 0.0729141235351563
-0.00239181518554688 -0.000622987747192383 -0.0961837768554688 -0.0945892333984375
0.0147380828857422 -0.00593852996826172 0.0283660888671875 -0.175689697265625
0.0116701126098633 0.00329017639160156 0.215423583984375 -0.149703979492188
-0.00149154663085938 0.0214557647705078 0.37054443359375 0.05108642578125
-0.00812435150146484 0.0167512893676758 0.230560302734375 0.38665771484375
0.00307464599609375 -0.0185127258300781 -0.15484619140625 0.47540283203125
0.00373530387878418 0.0036311149597168 -0.343353271484375 0.197662353515625
0.0135383605957031 0.0176143646240234 0.00495529174804688 0.0385017395019531
0.0199260711669922 -0.00428962707519531 0.407623291015625 -0.13800048828125
0.0105037689208984 -0.0109596252441406 0.22796630859375 -0.4783935546875
-0.00654411315917969 0.00371742248535156 -0.253509521484375 -0.375823974609375
-0.0056142807006836 0.0170612335205078 -0.34161376953125 -0.00314331054687501
0.00676536560058594 0.00715875625610352 -0.194061279296875 0.172866821289063
0.00965499877929688 -0.00792980194091797 -0.001983642578125 0.173019409179688
-0.00350832939147949 0.00386643409729004 0.105720520019531 0.0724029541015625
-0.0043492317199707 0.000801563262939453 -0.096221923828125 -0.093414306640625
0.0142478942871094 -0.00494289398193359 0.0306243896484375 -0.17559814453125
0.0113449096679687 0.00461292266845703 0.217147827148438 -0.147979736328125
-0.00165176391601562 0.0220394134521484 0.37054443359375 0.054718017578125
-0.00778388977050781 0.0162391662597656 0.2274169921875 0.39044189453125
0.00341796875 -0.0187816619873047 -0.158416748046875 0.475341796875
0.00192499160766602 0.00341129302978516 -0.343292236328125 0.1949462890625
0.011204719543457 0.0173749923706055 0.00865936279296875 0.038665771484375
0.0188674926757812 -0.0042724609375 0.408538818359375 -0.14007568359375
0.01104736328125 -0.0110616683959961 0.225830078125 -0.480926513671875
-0.00545024871826172 0.00344944000244141 -0.25494384765625 -0.37530517578125
-0.00500965118408203 0.0174751281738281 -0.341094970703125 -0.001708984375
0.00581169128417969 0.00773811340332031 -0.192672729492187 0.173843383789063
0.00936603546142578 -0.00766563415527344 -0.00106811523437498 0.173187255859375
-0.00445127487182617 0.00419044494628906 0.105125427246094 0.0727920532226563
-0.00505685806274414 0.00247955322265625 -0.0956573486328125 -0.09228515625
0.0133371353149414 -0.00480270385742188 0.031768798828125 -0.174652099609375
0.0107870101928711 0.00557899475097656 0.218551635742187 -0.145248413085938
-0.00126457214355469 0.0222492218017578 0.37042236328125 0.057861328125
-0.00712203979492188 0.0156011581420898 0.2244873046875 0.39312744140625
0.0044403076171875 -0.0186977386474609 -0.162567138671875 0.475311279296875
0.00251913070678711 0.00422215461730957 -0.34222412109375 0.194793701171875
0.0103521347045898 0.0173606872558594 0.0121040344238281 0.0383491516113281
0.0183372497558594 -0.00473785400390625 0.408599853515625 -0.144073486328125
0.0113077163696289 -0.0106515884399414 0.221160888671875 -0.48162841796875
-0.00521659851074219 0.00369119644165039 -0.2589111328125 -0.372161865234375
-0.00511550903320313 0.0182075500488281 -0.340606689453125 0.00119018554687497
0.00529575347900391 0.00857114791870117 -0.191314697265625 0.173187255859375
0.00914764404296875 -0.00709438323974609 0.000228881835937504 0.171737670898438
-0.00494480133056641 0.00522613525390625 0.10601806640625 0.07232666015625
-0.00663328170776367 0.0031743049621582 -0.0952529907226562 -0.0924758911132813
0.0144119262695313 -0.00281143188476563 0.0337066650390625 -0.1746826171875
0.0106172561645508 0.00672721862792969 0.220062255859375 -0.143524169921875
-0.00187110900878906 0.022979736328125 0.369232177734375 0.06353759765625
-0.00703716278076172 0.0150918960571289 0.218505859375 0.39617919921875
0.00574874877929687 -0.0195255279541016 -0.169647216796875 0.474090576171875
0.00348162651062012 0.00373482704162598 -0.342864990234375 0.191436767578125
0.010991096496582 0.0171928405761719 0.0164260864257813 0.0389595031738281
0.0189838409423828 -0.00504302978515625 0.4075927734375 -0.1480712890625
0.012721061706543 -0.0110921859741211 0.2139892578125 -0.48382568359375
-0.00472497940063477 0.00354766845703125 -0.26324462890625 -0.3662109375
-0.00562095642089844 0.0185756683349609 -0.340057373046875 0.00692749023437498
0.00504875183105469 0.00880241394042969 -0.188613891601563 0.175094604492188
0.00878810882568359 -0.00545215606689453 0.00193786621093748 0.171401977539063
-0.00660562515258789 0.00660371780395508 0.106689453125 0.0718231201171875
-0.00291061401367188 0.00106024742126465 -0.0930862426757813 -0.098480224609375
0.0151138305664063 -0.00479030609130859 0.0292816162109375 -0.177566528320313
0.0125761032104492 0.00183296203613281 0.217056274414063 -0.148544311523438
-0.00342941284179688 0.0197677612304688 0.369415283203125 0.0552978515625
-0.0104207992553711 0.0135393142700195 0.222900390625 0.38995361328125
0.00599098205566406 -0.0213127136230469 -0.16265869140625 0.47344970703125
0.0139923095703125 0.00240325927734375 -0.343780517578125 0.193939208984375
0.0262260437011719 0.0198402404785156 0.00689697265625001 0.0375289916992188
0.0286407470703125 -0.00506973266601563 0.399444580078125 -0.1429443359375
0.0130214691162109 -0.0132780075073242 0.21392822265625 -0.480255126953125
-0.00813150405883789 0.00165653228759766 -0.265350341796875 -0.368133544921875
-0.00774383544921875 0.0158462524414063 -0.34417724609375 0.00436401367187498
0.00717496871948242 0.00525283813476563 -0.194656372070312 0.17596435546875
0.0114498138427734 -0.00777530670166016 -0.0019683837890625 0.17144775390625
-0.0046381950378418 0.00660371780395508 0.106315612792969 0.0714797973632813
-0.00226306915283203 5.48362731933604E-06 -0.0941543579101562 -0.0979232788085937
0.0155487060546875 -0.00609493255615234 0.02777099609375 -0.176895141601562
0.0124197006225586 0.000681877136230469 0.214889526367188 -0.150604248046875
-0.00244140625 0.0197982788085937 0.36920166015625 0.0513916015625
-0.0103788375854492 0.0143518447875977 0.229400634765625 0.386016845703125
0.00438499450683593 -0.0205364227294922 -0.156585693359375 0.474761962890625
0.0106744766235352 0.00239086151123047 -0.344146728515625 0.195098876953125
0.0239658355712891 0.0195274353027344 0.00377273559570313 0.0383567810058594
0.0263214111328125 -0.00535964965820312 0.40228271484375 -0.14013671875
0.011871337890625 -0.0135793685913086 0.217071533203125 -0.479278564453125
-0.00885677337646484 0.00259685516357422 -0.260223388671875 -0.37152099609375
-0.00688552856445313 0.0156517028808594 -0.342803955078125 0.000915527343749958
0.00718784332275391 0.00528669357299805 -0.193679809570313 0.17529296875
0.0113964080810547 -0.00830268859863281 -0.00282287597656251 0.171722412109375
-0.00292587280273437 0.0050349235534668 0.104454040527344 0.072418212890625
-0.00108593702316284 -0.000936746597290039 -0.0957794189453125 -0.0970230102539062
0.0153007507324219 -0.00587558746337891 0.02728271484375 -0.17724609375
0.0118389129638672 0.00173473358154297 0.21295166015625 -0.152023315429688
-0.0019683837890625 0.0205783843994141 0.36981201171875 0.048095703125
-0.00913333892822266 0.0153255462646484 0.231842041015625 0.383636474609375
0.00342559814453125 -0.0200271606445312 -0.152252197265625 0.474365234375
0.00803327560424805 0.00244045257568359 -0.3419189453125 0.199310302734375
0.0208206176757813 0.0189437866210938 0.00240707397460937 0.03839111328125
0.0248012542724609 -0.00496101379394531 0.402374267578125 -0.138031005859375
0.01123046875 -0.0119485855102539 0.22296142578125 -0.47882080078125
-0.00750064849853516 0.00319194793701172 -0.256988525390625 -0.374176025390625
-0.00621128082275391 0.0158653259277344 -0.342926025390625 -0.00158691406250005
0.00708293914794922 0.00583410263061523 -0.194534301757813 0.174331665039063
0.0111761093139648 -0.00787925720214844 -0.00256347656250001 0.173080444335938
-0.00249242782592773 0.00335407257080078 0.104690551757813 0.0736236572265625
-0.00200986862182617 -0.00138223171234131 -0.0969772338867188 -0.095001220703125
0.0147161483764648 -0.00562572479248047 0.02716064453125 -0.177032470703125
0.0114717483520508 0.00199413299560547 0.214080810546875 -0.152786254882813
-0.00157737731933594 0.020355224609375 0.370574951171875 0.046875
-0.00883388519287109 0.0158319473266602 0.234039306640625 0.382293701171875
0.00323104858398438 -0.0189285278320313 -0.151031494140625 0.47247314453125
0.00555944442749023 0.00264263153076172 -0.3411865234375 0.19915771484375
0.0170459747314453 0.0185146331787109 0.00282669067382813 0.0381126403808594
0.0213279724121094 -0.00464248657226563 0.405029296875 -0.13739013671875
0.0109720230102539 -0.011906623840332 0.224395751953125 -0.47802734375
-0.00682687759399414 0.00334692001342773 -0.25543212890625 -0.3759765625
-0.00597953796386718 0.0164117813110352 -0.342010498046875 -0.00210571289062504
0.007080078125 0.00627565383911133 -0.193817138671875 0.17376708984375
0.00973796844482422 -0.00890064239501953 -0.0013275146484375 0.173431396484375
-0.00292849540710449 0.00357627868652344 0.10400390625 0.0728378295898438
-0.00230669975280762 -5.19752502441411E-05 -0.0965652465820313 -0.0943374633789063
0.0145893096923828 -0.00549983978271484 0.02777099609375 -0.17572021484375
0.0123119354248047 0.00350284576416016 0.214859008789062 -0.150604248046875
-0.000547409057617186 0.0214157104492187 0.3707275390625 0.048492431640625
-0.00770187377929688 0.0163888931274414 0.2333984375 0.383270263671875
0.00315093994140625 -0.0189971923828125 -0.15155029296875 0.47412109375
0.0039832592010498 0.00315952301025391 -0.34124755859375 0.19866943359375
0.0139312744140625 0.0179615020751953 0.00452041625976563 0.0384063720703125
0.0204010009765625 -0.00432205200195312 0.407501220703125 -0.13873291015625
0.0105438232421875 -0.0112590789794922 0.22589111328125 -0.478668212890625
-0.00628137588500977 0.00358057022094727 -0.25543212890625 -0.37567138671875
-0.00516510009765625 0.0174074172973633 -0.341339111328125 -0.00241088867187501
0.00616455078125 0.00716972351074219 -0.193222045898438 0.172958374023438
0.00985336303710938 -0.00823688507080078 -0.000534057617187482 0.174331665039063
-0.00289726257324219 0.00324058532714844 0.105506896972656 0.0728225708007813
-0.00369405746459961 0.000797986984252929 -0.0967330932617187 -0.0932693481445313
0.0144376754760742 -0.00573348999023438 0.0296783447265625 -0.17535400390625
0.0116052627563477 0.00418853759765625 0.21624755859375 -0.149795532226563
-0.000247955322265624 0.0216464996337891 0.37017822265625 0.051544189453125
-0.00728702545166016 0.0164251327514648 0.230987548828125 0.386077880859375
0.00371170043945312 -0.0188674926757813 -0.155120849609375 0.473052978515625
0.00205159187316894 0.0042726993560791 -0.341888427734375 0.196685791015625
0.0114564895629883 0.0175552368164063 0.00802230834960938 0.038299560546875
0.0188446044921875 -0.00424957275390625 0.407196044921875 -0.14117431640625
0.0108242034912109 -0.0107202529907227 0.22308349609375 -0.4813232421875
-0.00568294525146484 0.00345230102539063 -0.255523681640625 -0.373321533203125
-0.00473594665527344 0.0177097320556641 -0.34027099609375 0.000183105468750056
0.00639152526855469 0.0078129768371582 -0.191299438476562 0.174087524414063
0.0094451904296875 -0.00755023956298828 -3.05175781249844E-05 0.172698974609375
-0.00417757034301758 0.00416016578674316 0.105842590332031 0.07275390625
-0.00516939163208008 0.00287580490112305 -0.0957489013671875 -0.0921173095703125
0.0132808685302734 -0.00435733795166016 0.0305023193359375 -0.175201416015625
0.0111780166625977 0.00540542602539063 0.21746826171875 -0.14739990234375
-0.000726699829101562 0.0226783752441406 0.370330810546875 0.054718017578125
-0.00699043273925781 0.0149154663085938 0.227325439453125 0.390350341796875
0.00426864624023438 -0.0192203521728516 -0.160552978515625 0.473602294921875
0.00295495986938477 0.00398683547973633 -0.340728759765625 0.194305419921875
0.0107612609863281 0.0179710388183594 0.0117454528808594 0.0387344360351563
0.0182781219482422 -0.00425529479980469 0.407470703125 -0.146026611328125
0.0117950439453125 -0.0113191604614258 0.219879150390625 -0.482177734375
-0.00553035736083984 0.00387382507324219 -0.260101318359375 -0.369384765625
-0.00464057922363281 0.0181350708007813 -0.340179443359375 0.003448486328125
0.00561761856079101 0.00807905197143555 -0.189926147460937 0.17431640625
0.00869894027709961 -0.0067286491394043 0.00128173828125 0.172103881835938
-0.00411176681518555 0.00559043884277344 0.106765747070312 0.0717849731445312
-0.00679159164428711 0.00379323959350586 -0.0960845947265625 -0.0924835205078125
0.0141887664794922 -0.00336837768554687 0.032745361328125 -0.175216674804688
0.0105743408203125 0.00638580322265625 0.2193603515625 -0.145462036132813
-0.00107002258300781 0.0224876403808594 0.369049072265625 0.059661865234375
-0.00619316101074219 0.0150470733642578 0.221282958984375 0.393310546875
0.005950927734375 -0.0198860168457031 -0.166534423828125 0.471954345703125
0.00387024879455566 0.00365471839904785 -0.340606689453125 0.193267822265625
0.0108699798583984 0.0171823501586914 0.0158462524414063 0.0384902954101563
0.0187740325927734 -0.00486183166503906 0.406768798828125 -0.1497802734375
0.0121679306030273 -0.0117244720458984 0.210418701171875 -0.48455810546875
-0.0045619010925293 0.00328540802001953 -0.264617919921875 -0.364471435546875
-0.00518417358398438 0.0183238983154297 -0.340423583984375 0.00802612304687501
0.00537109375 0.00870037078857422 -0.187698364257813 0.176177978515625
0.00876331329345703 -0.00615167617797852 0.00289916992187499 0.171432495117188
-0.0064702033996582 0.00697612762451172 0.107414245605469 0.0715866088867188
-0.00333523750305176 0.0013427734375 -0.0940933227539062 -0.0981369018554687
0.0161409378051758 -0.00521755218505859 0.028350830078125 -0.177017211914063
0.0117025375366211 0.00184345245361328 0.21514892578125 -0.149612426757813
-0.00345420837402344 0.0193042755126953 0.368621826171875 0.0533447265625
-0.00982666015625 0.0139455795288086 0.226104736328125 0.387786865234375
0.00492668151855469 -0.02215576171875 -0.16070556640625 0.471954345703125
0.0140256881713867 0.00248432159423828 -0.3426513671875 0.194854736328125
0.0258731842041016 0.0199050903320313 0.00600814819335938 0.0377693176269531
0.0293807983398437 -0.00600814819335937 0.399566650390625 -0.1456298828125
0.0121774673461914 -0.0142822265625 0.211517333984375 -0.48046875
-0.00815868377685547 0.00241756439208984 -0.26580810546875 -0.36614990234375
-0.00729179382324219 0.0156450271606445 -0.344146728515625 0.00598144531249996
0.00718927383422852 0.00519037246704102 -0.192550659179687 0.1771240234375
0.0111885070800781 -0.0070343017578125 -0.00100708007812501 0.171783447265625
-0.0051264762878418 0.00622415542602539 0.106002807617188 0.071197509765625
-0.00181984901428223 0.000505447387695313 -0.095306396484375 -0.0969085693359375
0.0146045684814453 -0.00613975524902344 0.026458740234375 -0.1773681640625
0.013005256652832 0.000611305236816406 0.213897705078125 -0.151962280273438
-0.00233268737792969 0.0201225280761719 0.37017822265625 0.047119140625
-0.0101089477539062 0.0149669647216797 0.231475830078125 0.383209228515625
0.00461769104003906 -0.0217704772949219 -0.15399169921875 0.472686767578125
0.0117321014404297 0.00225162506103516 -0.342071533203125 0.197235107421875
0.0235443115234375 0.0198898315429688 0.00326156616210937 0.0372467041015625
0.0271034240722656 -0.00494766235351562 0.399505615234375 -0.141754150390625
0.0121870040893555 -0.0134181976318359 0.215484619140625 -0.479339599609375
-0.0077672004699707 0.00242280960083008 -0.26275634765625 -0.369110107421875
-0.00662422180175781 0.0155696868896484 -0.34320068359375 0.00262451171874997
0.00719499588012695 0.00635814666748047 -0.19476318359375 0.176132202148438
0.0116176605224609 -0.00772953033447266 -0.00112915039062501 0.173233032226562
-0.00316619873046875 0.00553655624389648 0.105766296386719 0.0721969604492188
-0.00144672393798828 -0.00097954273223877 -0.09625244140625 -0.0965728759765625
0.0140514373779297 -0.00619888305664063 0.02557373046875 -0.1771240234375
0.0122098922729492 0.00156021118164062 0.213424682617187 -0.152862548828125
-0.00194358825683594 0.0201950073242188 0.37109375 0.044647216796875
-0.00878047943115234 0.0149021148681641 0.23431396484375 0.38128662109375
0.00330352783203125 -0.0203933715820312 -0.149078369140625 0.472686767578125
0.00868368148803711 0.00174093246459961 -0.34051513671875 0.199554443359375
0.0207061767578125 0.0199813842773438 0.00150299072265625 0.0381546020507813
0.0240287780761719 -0.00380897521972656 0.401092529296875 -0.1397705078125
0.0103349685668945 -0.0117149353027344 0.22174072265625 -0.477996826171875
-0.00787067413330078 0.0022120475769043 -0.258087158203125 -0.37164306640625
-0.00661849975585938 0.0160989761352539 -0.341949462890625 9.15527343750709E-05
0.00660276412963867 0.00641965866088867 -0.193191528320312 0.175430297851563
0.0110807418823242 -0.00790882110595703 -0.00131225585937499 0.173477172851563
-0.00255346298217773 0.00420737266540527 0.105995178222656 0.0726776123046875
-0.00154459476470947 -0.000894427299499512 -0.0970382690429687 -0.0948104858398438
0.015045166015625 -0.00640583038330078 0.02679443359375 -0.177169799804687
0.012965202331543 0.00220489501953125 0.213134765625 -0.154190063476562
-0.00110816955566406 0.0207366943359375 0.370574951171875 0.04437255859375
-0.00871753692626953 0.0156736373901367 0.23638916015625 0.380157470703125
0.00305747985839844 -0.0203876495361328 -0.1480712890625 0.4725341796875
0.00675868988037109 0.00369071960449219 -0.34027099609375 0.198974609375
0.0166206359863281 0.0181674957275391 0.00284194946289063 0.0377388000488281
0.0219764709472656 -0.00421142578125 0.4039306640625 -0.1395263671875
0.0109081268310547 -0.0129404067993164 0.222412109375 -0.47808837890625
-0.00622940063476563 0.00235891342163086 -0.25592041015625 -0.373779296875
-0.00505924224853515 0.0158605575561523 -0.340484619140625 -0.00155639648437498
0.00713872909545898 0.00665950775146484 -0.192703247070313 0.173431396484375
0.00989055633544922 -0.00876617431640625 -0.000595092773437511 0.173797607421875
-0.00211739540100098 0.00323176383972168 0.10565185546875 0.0728073120117188
-0.00227689743041992 0.000269651412963867 -0.097320556640625 -0.0945053100585938
0.0148277282714844 -0.00592422485351563 0.0263671875 -0.176834106445313
0.0119590759277344 0.00315189361572266 0.21337890625 -0.152862548828125
-0.000591278076171876 0.0214080810546875 0.37152099609375 0.045074462890625
-0.00699043273925781 0.0152196884155273 0.236114501953125 0.379302978515625
0.00279045104980469 -0.0198688507080078 -0.14923095703125 0.473388671875
0.00414538383483887 0.003387451171875 -0.338104248046875 0.198211669921875
0.0133342742919922 0.0186023712158203 0.0056610107421875 0.0386695861816406
0.0201377868652344 -0.00371360778808594 0.405609130859375 -0.139404296875
0.0113630294799805 -0.0113449096679688 0.223968505859375 -0.478729248046875
-0.00605249404907227 0.00302648544311523 -0.2559814453125 -0.37255859375
-0.00437259674072265 0.017298698425293 -0.340545654296875 -0.000457763671874943
0.00623703002929687 0.00715255737304688 -0.192031860351563 0.174667358398438
0.00994873046875 -0.00846767425537109 0.000335693359374989 0.174057006835938
-0.00246596336364746 0.00383663177490234 0.105949401855469 0.0728225708007813
-0.00345039367675781 0.00137472152709961 -0.0974960327148437 -0.0928573608398438
0.0145692825317383 -0.00602245330810547 0.028167724609375 -0.175674438476563
0.0110588073730469 0.00401782989501953 0.215835571289063 -0.1513671875
-0.000417709350585936 0.0220394134521484 0.37158203125 0.047821044921875
-0.00656414031982422 0.0150470733642578 0.23223876953125 0.38336181640625
0.00354194641113281 -0.0195732116699219 -0.152557373046875 0.473114013671875
0.00296974182128906 0.00347447395324707 -0.33905029296875 0.19769287109375
0.0114383697509766 0.0178318023681641 0.00808334350585938 0.0386085510253906
0.0185127258300781 -0.00442886352539063 0.40606689453125 -0.14190673828125
0.010645866394043 -0.0112600326538086 0.22119140625 -0.480682373046875
-0.00578069686889648 0.00332975387573242 -0.258026123046875 -0.371124267578125
-0.00422477722167969 0.0175933837890625 -0.3408203125 0.00143432617187505
0.00609827041625977 0.00789213180541992 -0.190811157226563 0.174667358398438
0.00945091247558594 -0.00748920440673828 0.00181579589843749 0.173751831054687
-0.00313520431518555 0.00476694107055664 0.106452941894531 0.0723648071289063
-0.00478792190551758 0.00316953659057617 -0.0966720581054688 -0.0922088623046875
0.0137491226196289 -0.00461578369140625 0.0289459228515625 -0.175323486328125
0.0111379623413086 0.00530242919921875 0.217422485351563 -0.14910888671875
-0.00020599365234375 0.0223579406738281 0.37139892578125 0.052001953125
-0.00570583343505859 0.0146236419677734 0.22955322265625 0.387237548828125
0.0038299560546875 -0.0195903778076172 -0.156280517578125 0.47271728515625
0.00314092636108398 0.00440549850463867 -0.339874267578125 0.19549560546875
0.0110454559326172 0.01812744140625 0.0121917724609375 0.0387992858886719
0.0181121826171875 -0.00424575805664063 0.405731201171875 -0.146514892578125
0.0119247436523437 -0.0105438232421875 0.21710205078125 -0.482269287109375
-0.00476837158203125 0.00400686264038086 -0.261444091796875 -0.36767578125
-0.00430965423583984 0.0175065994262695 -0.33990478515625 0.00469970703124996
0.00524044036865234 0.00876235961914063 -0.188568115234375 0.175567626953125
0.00911998748779297 -0.007049560546875 0.00238037109374999 0.1724853515625
-0.00398969650268555 0.00566768646240234 0.107460021972656 0.0712432861328125
-0.00596141815185547 0.00399398803710938 -0.0965957641601563 -0.09222412109375
0.0135107040405273 -0.00357246398925781 0.03118896484375 -0.175735473632813
0.0106143951416016 0.00585746765136719 0.218368530273437 -0.147415161132812
-0.000349044799804689 0.0227718353271484 0.369842529296875 0.056732177734375
-0.00576019287109375 0.0143089294433594 0.223297119140625 0.39007568359375
0.00561332702636718 -0.0208854675292969 -0.16314697265625 0.471710205078125
0.00457859039306641 0.00338459014892578 -0.339019775390625 0.193267822265625
0.0113754272460938 0.0173721313476563 0.0159530639648437 0.0386734008789063
0.0185909271240234 -0.00506591796875 0.4061279296875 -0.150726318359375
0.0124015808105469 -0.0117969512939453 0.209716796875 -0.483123779296875
-0.00443172454833984 0.00336790084838867 -0.266845703125 -0.362335205078125
-0.00428199768066406 0.0185089111328125 -0.33978271484375 0.00939941406250006
0.00536537170410156 0.00897026062011719 -0.187240600585938 0.177017211914062
0.00902748107910156 -0.00602531433105469 0.00440979003906251 0.172073364257813
-0.00622463226318359 0.00775909423828125 0.107963562011719 0.0713653564453125
-0.00267410278320313 0.00130534172058105 -0.0947265625 -0.09881591796875
0.015625 -0.00486946105957031 0.0269927978515625 -0.177993774414063
0.0124607086181641 0.00135135650634766 0.215362548828125 -0.152191162109375
-0.00277328491210938 0.0195121765136719 0.370208740234375 0.05047607421875
-0.00989246368408203 0.0134286880493164 0.227447509765625 0.3848876953125
0.00567245483398438 -0.0219459533691406 -0.158203125 0.471954345703125
0.0140876770019531 0.00199699401855469 -0.3414306640625 0.19464111328125
0.0268516540527344 0.0200901031494141 0.00553512573242187 0.0379600524902344
0.0286808013916016 -0.00630569458007813 0.3984375 -0.14495849609375
0.0118961334228516 -0.0138921737670898 0.209381103515625 -0.48052978515625
-0.00803613662719727 0.00195693969726562 -0.266357421875 -0.36492919921875
-0.00643730163574219 0.0156307220458984 -0.343292236328125 0.00726318359375001
0.00753355026245117 0.00533771514892578 -0.19189453125 0.178970336914063
0.0114297866821289 -0.00714969635009766 0.000579833984375016 0.172454833984375
-0.00372743606567383 0.00722503662109375 0.107627868652344 0.0707244873046875
-0.00204074382781982 0.000511646270751953 -0.09564208984375 -0.0970001220703125
0.014796257019043 -0.00642108917236328 0.025634765625 -0.178268432617188
0.0125064849853516 0.00111293792724609 0.213546752929687 -0.154098510742187
-0.0019378662109375 0.0195789337158203 0.370147705078125 0.04559326171875
-0.00950908660888672 0.0143213272094727 0.234527587890625 0.38134765625
0.00457572937011719 -0.0225639343261719 -0.152252197265625 0.472015380859375
0.0119199752807617 0.00186443328857422 -0.340087890625 0.197723388671875
0.0245876312255859 0.0200958251953125 0.00356292724609375 0.0381851196289063
0.026092529296875 -0.00474739074707031 0.399139404296875 -0.141998291015625
0.0118503570556641 -0.0130882263183594 0.214569091796875 -0.47967529296875
-0.00763225555419922 0.00174713134765625 -0.2623291015625 -0.369049072265625
-0.00588893890380859 0.0157756805419922 -0.34381103515625 0.00408935546874998
0.00762939453125 0.00586938858032227 -0.193023681640625 0.17718505859375
0.0101518630981445 -0.00780868530273437 9.15527343750057E-05 0.173126220703125
-0.00272703170776367 0.00617027282714844 0.10638427734375 0.0720977783203125
-0.000763177871704102 -0.000595748424530029 -0.0969696044921875 -0.0960159301757813
0.0145549774169922 -0.00690937042236328 0.0246124267578125 -0.178054809570312
0.0124368667602539 0.000861167907714844 0.211837768554688 -0.156051635742188
-0.000690460205078124 0.0199737548828125 0.370941162109375 0.042388916015625
-0.00879192352294922 0.0147676467895508 0.2373046875 0.37786865234375
0.00347137451171875 -0.0212535858154297 -0.1475830078125 0.472991943359375
0.0100612640380859 0.00240898132324219 -0.339447021484375 0.200164794921875
0.0203914642333984 0.0192298889160156 0.00200271606445313 0.0386962890625
0.0244598388671875 -0.00471305847167969 0.402099609375 -0.141632080078125
0.0111932754516602 -0.0134525299072266 0.219696044921875 -0.478973388671875
-0.00719594955444336 0.00262069702148438 -0.25994873046875 -0.37005615234375
-0.00519084930419922 0.0158309936523438 -0.34210205078125 0.00100708007812507
0.00675821304321289 0.00539970397949219 -0.193099975585938 0.17572021484375
0.0108890533447266 -0.0082550048828125 0.000259399414062487 0.1739501953125
-0.0017852783203125 0.00447702407836914 0.106163024902344 0.0717315673828125
-0.00156164169311523 -0.000547409057617188 -0.0977401733398438 -0.0947952270507813
0.0152072906494141 -0.00700759887695313 0.0253143310546875 -0.17779541015625
0.0123710632324219 0.00158882141113281 0.21197509765625 -0.155914306640625
-0.000432968139648439 0.020172119140625 0.37103271484375 0.04132080078125
-0.00771331787109375 0.0148515701293945 0.2374267578125 0.37744140625
0.0020599365234375 -0.0207538604736328 -0.145263671875 0.470916748046875
0.00669002532958984 0.00286960601806641 -0.338134765625 0.19989013671875
0.0169792175292969 0.0188827514648437 0.00260162353515625 0.0384025573730469
0.0210971832275391 -0.00413322448730469 0.401947021484375 -0.14013671875
0.0105915069580078 -0.0115442276000977 0.221435546875 -0.47735595703125
-0.00692510604858398 0.00272512435913086 -0.257293701171875 -0.37225341796875
-0.0050201416015625 0.0163507461547852 -0.3424072265625 -0.000213623046874951
0.00708246231079102 0.00647926330566406 -0.191940307617188 0.175674438476563
0.0101499557495117 -0.00811290740966797 0.000717163085937489 0.17449951171875
-0.000890493392944336 0.00432968139648438 0.106094360351563 0.0729598999023438
-0.00150620937347412 0.000504493713378906 -0.0983734130859375 -0.0933151245117188
0.0143766403198242 -0.00653934478759766 0.0254058837890625 -0.177505493164063
0.0120000839233398 0.00261688232421875 0.21307373046875 -0.154922485351562
0.000499725341796877 0.0207958221435547 0.371368408203125 0.042449951171875
-0.00661849975585938 0.0147180557250977 0.2381591796875 0.37884521484375
0.00290870666503906 -0.0202312469482422 -0.147064208984375 0.473175048828125
0.00475788116455078 0.00329875946044922 -0.33819580078125 0.19976806640625
0.0139179229736328 0.0184822082519531 0.004913330078125 0.0383491516113281
0.0189304351806641 -0.00412750244140625 0.4051513671875 -0.140899658203125
0.0106344223022461 -0.0117969512939453 0.2227783203125 -0.478057861328125
-0.00633525848388672 0.0025324821472168 -0.257049560546875 -0.37188720703125
-0.00399684906005859 0.0168008804321289 -0.341217041015625 0.000946044921875056
0.00653219223022461 0.00722932815551758 -0.191314697265625 0.17486572265625
0.00979232788085938 -0.0080413818359375 0.00131225585937501 0.17425537109375
-0.00177693367004394 0.00385737419128418 0.106788635253906 0.0731582641601562
-0.0034632682800293 0.00107073783874512 -0.0980758666992187 -0.0930557250976562
0.0137081146240234 -0.00571250915527344 0.027130126953125 -0.1766357421875
0.0113697052001953 0.00395774841308594 0.215087890625 -0.153457641601563
9.53674316406264E-05 0.0222320556640625 0.37274169921875 0.0450439453125
-0.00615596771240234 0.014948844909668 0.235504150390625 0.38006591796875
0.00359344482421875 -0.0204639434814453 -0.151397705078125 0.473052978515625
0.00380086898803711 0.00368070602416992 -0.337860107421875 0.198211669921875
0.0111885070800781 0.0185718536376953 0.007843017578125 0.0382575988769531
0.0184440612792969 -0.00397300720214844 0.40618896484375 -0.142974853515625
0.0107688903808594 -0.0110750198364258 0.22021484375 -0.482025146484375
-0.00546073913574219 0.00307655334472656 -0.25933837890625 -0.370269775390625
-0.00360107421875 0.0173044204711914 -0.340179443359375 0.00283813476562495
0.00652027130126953 0.00758838653564453 -0.1900634765625 0.176055908203125
0.00920391082763672 -0.00799179077148438 0.00274658203124999 0.173614501953125
-0.00284814834594727 0.00524091720581055 0.107353210449219 0.0726547241210938
-0.00441741943359375 0.00304698944091797 -0.0975189208984375 -0.0916824340820313
0.0138187408447266 -0.00513935089111328 0.028228759765625 -0.176132202148438
0.0111732482910156 0.00503921508789063 0.216415405273438 -0.1507568359375
0.000335693359374999 0.0227108001708984 0.3709716796875 0.04937744140625
-0.00565719604492187 0.0142936706542969 0.231231689453125 0.384765625
0.00438499450683593 -0.0202350616455078 -0.15478515625 0.47314453125
0.00372004508972168 0.00354123115539551 -0.338348388671875 0.19622802734375
0.0109844207763672 0.0183601379394531 0.0120353698730469 0.0392303466796875
0.0176296234130859 -0.00439071655273438 0.4051513671875 -0.146759033203125
0.011204719543457 -0.0114011764526367 0.215850830078125 -0.482696533203125
-0.00463151931762695 0.00303030014038086 -0.261688232421875 -0.3662109375
-0.00353622436523438 0.0176563262939453 -0.3402099609375 0.00598144531250006
0.00569057464599609 0.0082554817199707 -0.18817138671875 0.176742553710938
0.00849437713623047 -0.00681066513061524 0.00370788574218749 0.172988891601563
-0.00353336334228516 0.00593185424804688 0.108390808105469 0.0716400146484375
-0.00618219375610352 0.00376749038696289 -0.0973358154296875 -0.091796875
0.0137805938720703 -0.00356006622314453 0.0294036865234375 -0.176589965820313
0.0102243423461914 0.00615501403808594 0.217620849609375 -0.149078369140625
-0.00021171569824219 0.0230731964111328 0.3712158203125 0.05377197265625
-0.00516128540039062 0.014404296875 0.225677490234375 0.389312744140625
0.0059814453125 -0.0215415954589844 -0.161834716796875 0.471405029296875
0.00491094589233398 0.00316524505615234 -0.33758544921875 0.1934814453125
0.0115089416503906 0.0178508758544922 0.0159835815429688 0.0386238098144531
0.0187225341796875 -0.00484848022460937 0.40435791015625 -0.151397705078125
0.0115375518798828 -0.0119686126708984 0.2076416015625 -0.483734130859375
-0.00399613380432129 0.00346851348876953 -0.267364501953125 -0.361328125
-0.00364875793457031 0.018035888671875 -0.339569091796875 0.010833740234375
0.00579404830932617 0.00862598419189453 -0.186050415039063 0.177703857421875
0.00876188278198242 -0.00625801086425781 0.00526428222656252 0.172637939453125
-0.00524425506591797 0.00783491134643555 0.109405517578125 0.0709152221679688
-0.00210368633270264 0.00136411190032959 -0.095794677734375 -0.0979080200195313
0.0152368545532227 -0.00497245788574219 0.0257110595703125 -0.179153442382812
0.0131006240844727 0.00093841552734375 0.21441650390625 -0.153701782226563
-0.00188255310058594 0.0198287963867188 0.37109375 0.0469970703125
-0.00857830047607422 0.0132856369018555 0.229949951171875 0.385009765625
0.00589179992675781 -0.023468017578125 -0.157440185546875 0.470794677734375
0.0141391754150391 0.00168800354003906 -0.34088134765625 0.197113037109375
0.0265884399414062 0.0203285217285156 0.00641250610351563 0.0382804870605469
0.0285053253173828 -0.00565528869628906 0.3988037109375 -0.146392822265625
0.0128145217895508 -0.0143194198608398 0.208160400390625 -0.48065185546875
-0.00793743133544922 0.00176286697387695 -0.26910400390625 -0.36309814453125
-0.00533962249755859 0.0152645111083984 -0.344573974609375 0.00903320312500006
0.00747394561767578 0.00634288787841797 -0.191558837890625 0.179733276367188
0.0109653472900391 -0.00754547119140625 0.00172424316406252 0.173187255859375
-0.00319194793701172 0.00750207901000977 0.108192443847656 0.0716094970703125
-0.00204408168792725 0.00122988224029541 -0.0963058471679687 -0.0976486206054688
0.0144176483154297 -0.00619125366210938 0.0239410400390625 -0.179061889648438
0.0123977661132813 0.000492095947265625 0.21319580078125 -0.156661987304687
-0.00101089477539062 0.0199050903320312 0.370941162109375 0.042144775390625
-0.00940895080566406 0.0137662887573242 0.2362060546875 0.379425048828125
0.00454902648925781 -0.0227584838867188 -0.149932861328125 0.473114013671875
0.0128145217895508 0.00174236297607422 -0.340057373046875 0.1983642578125
0.0238246917724609 0.020416259765625 0.00366592407226563 0.0384674072265625
0.0259132385253906 -0.00481986999511719 0.399444580078125 -0.142578125
0.0116415023803711 -0.013484001159668 0.213104248046875 -0.479766845703125
-0.00829982757568359 0.00197315216064453 -0.264404296875 -0.3675537109375
-0.0056915283203125 0.0153923034667969 -0.343048095703125 0.00604248046874993
0.00675725936889648 0.00540971755981445 -0.192367553710937 0.177902221679688
0.0110578536987305 -0.00836086273193359 0.00106811523437502 0.173858642578125
-0.00231170654296875 0.00550985336303711 0.107337951660156 0.07196044921875
-0.0016402006149292 0.000359296798706055 -0.0979461669921875 -0.09613037109375
0.0144281387329102 -0.00632762908935547 0.0236358642578125 -0.178939819335937
0.0125408172607422 0.00103950500488281 0.212005615234375 -0.157501220703125
-0.00103950500488281 0.0191974639892578 0.370758056640625 0.03851318359375
-0.00774669647216797 0.0143022537231445 0.23968505859375 0.37664794921875
0.003662109375 -0.0221195220947266 -0.145904541015625 0.472015380859375
0.00942420959472656 0.00201225280761719 -0.33892822265625 0.201202392578125
0.0209693908691406 0.0193119049072266 0.00258255004882813 0.0385246276855469
0.0238666534423828 -0.00402069091796875 0.400054931640625 -0.1414794921875
0.0105371475219727 -0.0127620697021484 0.21820068359375 -0.48004150390625
-0.00783586502075195 0.00184106826782226 -0.26019287109375 -0.36993408203125
-0.00565147399902344 0.0160636901855469 -0.342132568359375 0.00311279296875003
0.00731277465820312 0.00547361373901367 -0.191619873046875 0.176406860351562
0.010594367980957 -0.00823402404785156 0.00128173828125001 0.175018310546875
-0.00105094909667969 0.00488424301147461 0.107467651367188 0.0727767944335938
-0.00119888782501221 0.000149726867675781 -0.0992202758789062 -0.0945892333984375
0.014704704284668 -0.00784778594970703 0.024078369140625 -0.178009033203125
0.0120220184326172 0.00221538543701172 0.211318969726563 -0.157211303710938
0.000736236572265625 0.0203227996826172 0.372528076171875 0.038360595703125
-0.00712871551513672 0.0141992568969727 0.241546630859375 0.374359130859375
0.00317573547363281 -0.0210552215576172 -0.142974853515625 0.47186279296875
0.00727319717407227 0.00277566909790039 -0.33795166015625 0.201385498046875
0.0173320770263672 0.0197467803955078 0.00263595581054688 0.0382156372070313
0.0210895538330078 -0.00395584106445313 0.402130126953125 -0.141021728515625
0.0105113983154297 -0.0128383636474609 0.22015380859375 -0.47845458984375
-0.00700664520263672 0.00240468978881836 -0.259033203125 -0.3712158203125
-0.00525188446044922 0.0163240432739258 -0.342742919921875 0.00164794921875007
0.00713825225830078 0.00617456436157227 -0.191619873046875 0.176239013671875
0.0108003616333008 -0.00815582275390625 0.00184631347656251 0.175384521484375
-0.00119996070861816 0.00393414497375488 0.107887268066406 0.0723114013671875
-0.00176513195037842 0.00101423263549805 -0.0991134643554688 -0.0938796997070313
0.0139484405517578 -0.00634002685546875 0.02435302734375 -0.178512573242187
0.0121040344238281 0.00291061401367187 0.212631225585938 -0.156661987304688
0.0006103515625 0.0209140777587891 0.372955322265625 0.0404052734375
-0.00574779510498047 0.0143241882324219 0.240386962890625 0.376220703125
0.00257682800292969 -0.0209369659423828 -0.144683837890625 0.47125244140625
0.00514888763427734 0.00256681442260742 -0.3380126953125 0.200653076171875
0.0141067504882813 0.0189380645751953 0.00431442260742188 0.038665771484375
0.0191745758056641 -0.00362777709960938 0.40460205078125 -0.142181396484375
0.0103750228881836 -0.0116558074951172 0.220245361328125 -0.479827880859375
-0.00607776641845703 0.00284290313720703 -0.25823974609375 -0.3707275390625
-0.00368213653564453 0.0170259475708008 -0.340606689453125 0.00186157226562494
0.0069117546081543 0.00712823867797852 -0.190658569335937 0.175994873046875
0.00995922088623047 -0.00818920135498047 0.0025482177734375 0.175155639648438
-0.00111865997314453 0.00448465347290039 0.108116149902344 0.0727005004882813
-0.00273609161376953 0.00154972076416016 -0.099212646484375 -0.0928497314453125
0.0140657424926758 -0.00650501251220703 0.0261077880859375 -0.177032470703125
0.0114517211914063 0.00362110137939453 0.21392822265625 -0.154937744140625
0.000780105590820311 0.0220699310302734 0.3734130859375 0.04193115234375
-0.00580215454101562 0.0143775939941406 0.237335205078125 0.38031005859375
0.00369453430175781 -0.0208187103271484 -0.14923095703125 0.472625732421875
0.00353646278381348 0.00344681739807129 -0.337005615234375 0.19927978515625
0.0117416381835938 0.0182552337646484 0.00760269165039063 0.038818359375
0.0181884765625 -0.00409317016601562 0.4053955078125 -0.1436767578125
0.0100564956665039 -0.0117683410644531 0.21844482421875 -0.48187255859375
-0.00507640838623047 0.00315141677856445 -0.2606201171875 -0.369354248046875
-0.00344085693359375 0.0174283981323242 -0.341094970703125 0.00491333007812499
0.00574445724487305 0.00763225555419922 -0.1895751953125 0.176544189453125
0.0095062255859375 -0.00744724273681641 0.00419616699218751 0.174270629882813
-0.00198030471801758 0.00519466400146484 0.108421325683594 0.0721054077148438
-0.00451040267944336 0.00349569320678711 -0.0983047485351562 -0.0918960571289063
0.0136871337890625 -0.00543117523193359 0.027374267578125 -0.176681518554688
0.0110816955566406 0.00502681732177734 0.216232299804688 -0.152816772460938
0.000902175903320315 0.0225353240966797 0.37261962890625 0.046630859375
-0.00509929656982422 0.013641357421875 0.23370361328125 0.382598876953125
0.00446891784667969 -0.0207023620605469 -0.152587890625 0.473175048828125
0.00391173362731934 0.00391602516174316 -0.33709716796875 0.196929931640625
0.0111923217773437 0.0194644927978516 0.0114822387695313 0.0392417907714844
0.0172080993652344 -0.00442981719970703 0.404876708984375 -0.14794921875
0.0114307403564453 -0.0115213394165039 0.21356201171875 -0.484222412109375
-0.00483894348144531 0.00294685363769531 -0.26287841796875 -0.365997314453125
-0.00322151184082031 0.0177135467529297 -0.340087890625 0.00778198242187494
0.00590229034423828 0.00900363922119141 -0.187774658203125 0.177810668945313
0.00885677337646484 -0.00746822357177734 0.0048370361328125 0.174057006835938
-0.00269269943237305 0.00692224502563477 0.109207153320313 0.0716552734375
-0.00594949722290039 0.00458526611328125 -0.0980224609375 -0.0914840698242188
0.0139713287353516 -0.00414562225341797 0.0289764404296875 -0.176712036132813
0.0107383728027344 0.00573825836181641 0.217254638671875 -0.150833129882813
0.000600814819335935 0.0227928161621094 0.371307373046875 0.051239013671875
-0.0046234130859375 0.0131196975708008 0.227294921875 0.386383056640625
0.00577735900878907 -0.0219497680664063 -0.158905029296875 0.47161865234375
0.00503301620483398 0.00323724746704102 -0.33709716796875 0.195037841796875
0.0114860534667969 0.0180912017822266 0.0150604248046875 0.0387153625488281
0.0184268951416016 -0.00445365905761719 0.4049072265625 -0.152557373046875
0.0121526718139648 -0.0123357772827148 0.206695556640625 -0.48492431640625
-0.00429892539978027 0.00267863273620606 -0.26910400390625 -0.359588623046875
-0.00336265563964844 0.0181255340576172 -0.339569091796875 0.0125427246093751
0.00571632385253906 0.00902843475341797 -0.186233520507812 0.178878784179688
0.00851154327392578 -0.00606966018676758 0.00663757324218752 0.172821044921875
-0.0052027702331543 0.007965087890625 0.110038757324219 0.0710678100585938
-0.00184178352355957 0.00180768966674805 -0.0960235595703125 -0.0979690551757812
0.0149765014648437 -0.00461387634277344 0.02392578125 -0.180191040039063
0.0119638442993164 0.00155925750732422 0.2139892578125 -0.156265258789063
-0.00149345397949219 0.0198593139648438 0.3719482421875 0.044586181640625
-0.00805282592773438 0.0126504898071289 0.23284912109375 0.381866455078125
0.00568962097167968 -0.0236988067626953 -0.1544189453125 0.4732666015625
0.0153636932373047 0.00197315216064453 -0.340484619140625 0.198577880859375
0.0274200439453125 0.0206508636474609 0.00620269775390625 0.0387077331542969
0.0283527374267578 -0.00582504272460937 0.398834228515625 -0.148712158203125
0.0125055313110352 -0.0137567520141602 0.208099365234375 -0.483184814453125
-0.00756359100341797 0.00143957138061523 -0.27008056640625 -0.3624267578125
-0.00457572937011719 0.0159015655517578 -0.34490966796875 0.0110473632812501
0.00758171081542969 0.00515365600585938 -0.191024780273438 0.181106567382812
0.0108299255371094 -0.00771331787109375 0.00274658203125002 0.173553466796875
-0.00218486785888672 0.00768184661865234 0.109596252441406 0.07183837890625
-0.00103819370269775 0.00110101699829102 -0.0971603393554688 -0.097869873046875
0.0145502090454102 -0.00598239898681641 0.0231170654296875 -0.18035888671875
0.0120983123779297 0.000374794006347656 0.212203979492188 -0.159149169921875
-0.00134658813476562 0.0191612243652344 0.3726806640625 0.03955078125
-0.00848007202148437 0.013218879699707 0.2384033203125 0.377349853515625
0.00353240966796875 -0.0237216949462891 -0.148040771484375 0.473297119140625
0.0122585296630859 0.00187015533447266 -0.33917236328125 0.199188232421875
0.0241966247558594 0.0205898284912109 0.00333023071289063 0.0384407043457031
0.0259056091308594 -0.00495147705078125 0.400299072265625 -0.14556884765625
0.0109987258911133 -0.0145063400268555 0.21234130859375 -0.481964111328125
-0.00752496719360352 0.00109958648681641 -0.265655517578125 -0.367431640625
-0.00425052642822265 0.0151433944702148 -0.344482421875 0.00665283203125008
0.00799846649169922 0.00502872467041016 -0.192031860351563 0.179458618164063
0.0108051300048828 -0.00747966766357422 0.00160217285156251 0.174468994140625
-0.00107002258300781 0.00601387023925781 0.108856201171875 0.071258544921875
-0.000680983066558838 6.54458999633789E-05 -0.099090576171875 -0.0960006713867187
0.0148410797119141 -0.00678062438964844 0.0222625732421875 -0.179641723632813
0.0123062133789063 0.000841140747070313 0.211151123046875 -0.1591796875
-0.00016021728515625 0.0201473236083984 0.37274169921875 0.037017822265625
-0.00743484497070312 0.0138187408447266 0.241851806640625 0.37451171875
0.00293159484863281 -0.0222606658935547 -0.14398193359375 0.4735107421875
0.0101051330566406 0.00134372711181641 -0.337890625 0.20068359375
0.0206203460693359 0.0198574066162109 0.0019683837890625 0.0387382507324219
0.0236263275146484 -0.0037078857421875 0.40081787109375 -0.142822265625
0.0111083984375 -0.0129718780517578 0.21685791015625 -0.48040771484375
-0.00742578506469726 0.00162792205810547 -0.261322021484375 -0.369903564453125
-0.00506973266601563 0.0162782669067383 -0.343231201171875 0.00372314453124999
0.00768136978149414 0.00604248046875 -0.192306518554688 0.17791748046875
0.0109329223632813 -0.00876426696777344 0.002716064453125 0.17535400390625
-0.000401973724365235 0.00505542755126953 0.108207702636719 0.07244873046875
-0.000986576080322265 -3.40342521667482E-05 -0.099853515625 -0.09417724609375
0.0138368606567383 -0.00701618194580078 0.0229034423828125 -0.178970336914062
0.0118627548217773 0.00250816345214844 0.21148681640625 -0.160354614257813
0.00133895874023437 0.0200767517089844 0.373199462890625 0.03460693359375
-0.0066080093383789 0.0143346786499023 0.243072509765625 0.373992919921875
0.00268745422363281 -0.0221233367919922 -0.140838623046875 0.472503662109375
0.00750732421875 0.00318622589111328 -0.3369140625 0.2015380859375
0.0171604156494141 0.0196170806884766 0.00203323364257813 0.0385932922363281
0.0206642150878906 -0.00395393371582031 0.40277099609375 -0.14251708984375
0.0103254318237305 -0.012965202331543 0.22088623046875 -0.48028564453125
-0.00716781616210938 0.00269746780395508 -0.259979248046875 -0.371063232421875
-0.00370502471923828 0.0163764953613281 -0.34210205078125 0.00311279296874996
0.00789451599121094 0.006317138671875 -0.191131591796875 0.177932739257813
0.0100746154785156 -0.00893020629882813 0.00376892089843749 0.1759033203125
-0.0010066032409668 0.00479745864868164 0.108467102050781 0.0722274780273437
-0.00122332572937012 0.00036013126373291 -0.099945068359375 -0.093597412109375
0.0140857696533203 -0.00706100463867188 0.02337646484375 -0.178817749023438
0.0122241973876953 0.00272560119628906 0.212554931640625 -0.158050537109375
0.00129890441894531 0.0216255187988281 0.37432861328125 0.038116455078125
-0.00583553314208984 0.014012336730957 0.2431640625 0.374725341796875
0.00264358520507812 -0.0217151641845703 -0.142608642578125 0.473358154296875
0.00576877593994141 0.00323390960693359 -0.3363037109375 0.201324462890625
0.0146408081054688 0.0191078186035156 0.0042877197265625 0.038665771484375
0.0192680358886719 -0.00398063659667969 0.40557861328125 -0.143035888671875
0.0105009078979492 -0.0125370025634766 0.220458984375 -0.481201171875
-0.00560617446899414 0.00318622589111328 -0.259429931640625 -0.369415283203125
-0.00331497192382812 0.0161619186401367 -0.341705322265625 0.00390624999999993
0.00726604461669922 0.00668239593505859 -0.190032958984375 0.178009033203125
0.00992965698242188 -0.008514404296875 0.00373840332031252 0.175460815429688
-0.001434326171875 0.00516366958618164 0.109031677246094 0.0725784301757813
-0.00265312194824219 0.00212264060974121 -0.100212097167969 -0.0929718017578125
0.0137157440185547 -0.00624179840087891 0.024810791015625 -0.177658081054688
0.0109481811523438 0.00383377075195313 0.213851928710938 -0.15728759765625
0.00123405456542969 0.0219879150390625 0.375152587890625 0.039947509765625
-0.00485897064208984 0.0139083862304688 0.239166259765625 0.37762451171875
0.00354576110839844 -0.0217952728271484 -0.1468505859375 0.473602294921875
0.00444364547729492 0.00412988662719726 -0.33673095703125 0.2000732421875
0.0119991302490234 0.0190486907958984 0.0073394775390625 0.0395240783691406
0.0172948837280273 -0.0045013427734375 0.404876708984375 -0.144073486328125
0.00990200042724609 -0.0119571685791016 0.2177734375 -0.482940673828125
-0.00490045547485352 0.00334596633911133 -0.262115478515625 -0.367950439453125
-0.00247001647949219 0.0169286727905273 -0.341400146484375 0.00579833984375005
0.00644588470458984 0.00750541687011719 -0.189193725585937 0.178436279296875
0.00912761688232422 -0.00760650634765625 0.00546264648437498 0.175628662109375
-0.00124931335449219 0.00605535507202148 0.109550476074219 0.0720977783203125
-0.00362610816955566 0.00365376472473145 -0.0990753173828125 -0.0922164916992188
0.0131616592407227 -0.00564193725585938 0.0263214111328125 -0.17742919921875
0.010828971862793 0.00491428375244141 0.2161865234375 -0.154571533203125
0.00132179260253906 0.0225467681884766 0.37384033203125 0.04425048828125
-0.0047454833984375 0.013239860534668 0.2362060546875 0.381561279296875
0.00444221496582032 -0.0218334197998047 -0.151824951171875 0.472076416015625
0.00377488136291504 0.00352883338928223 -0.3370361328125 0.198486328125
0.0113716125488281 0.0185165405273438 0.0115852355957031 0.0386848449707031
0.0174188613891602 -0.00413227081298828 0.405853271484375 -0.149322509765625
0.0111579895019531 -0.0121536254882813 0.212677001953125 -0.484344482421875
-0.00409436225891113 0.00308418273925781 -0.264678955078125 -0.365447998046875
-0.00248908996582031 0.0173749923706055 -0.34075927734375 0.00885009765625006
0.0058436393737793 0.00851821899414063 -0.1875 0.178787231445312
0.00850439071655273 -0.00742006301879883 0.00636291503906251 0.1748046875
-0.00238561630249024 0.00666141510009766 0.110237121582031 0.0713653564453125
-0.00541210174560547 0.00493669509887695 -0.0991973876953125 -0.0916595458984375
0.0132894515991211 -0.00407218933105469 0.02777099609375 -0.177780151367188
0.0111713409423828 0.00585460662841797 0.217147827148438 -0.152679443359375
0.000778198242187501 0.0224285125732422 0.37261962890625 0.04864501953125
-0.00426197052001953 0.0131587982177734 0.230133056640625 0.385406494140625
0.00560379028320312 -0.0225601196289062 -0.156951904296875 0.472198486328125
0.0057978630065918 0.00346040725708008 -0.33563232421875 0.1964111328125
0.0118942260742188 0.0182132720947266 0.0157661437988281 0.0394287109375
0.01806640625 -0.00514411926269531 0.406341552734375 -0.15447998046875
0.0122699737548828 -0.0123138427734375 0.205718994140625 -0.486236572265625
-0.00396633148193359 0.0024559497833252 -0.271026611328125 -0.358856201171875
-0.00286865234375 0.018157958984375 -0.34027099609375 0.0135192871093751
0.00619888305664062 0.00890922546386719 -0.184616088867188 0.180389404296875
0.00878286361694336 -0.00673580169677734 0.00798034667968749 0.173828125
-0.00457620620727539 0.00861978530883789 0.110893249511719 0.0712509155273438
-0.00217008590698242 0.00266122817993164 -0.0979537963867188 -0.099334716796875
0.0149326324462891 -0.00550365447998047 0.02392578125 -0.180831909179688
0.0125598907470703 0.000828742980957031 0.213714599609375 -0.158767700195313
-0.00129508972167969 0.0199565887451172 0.371856689453125 0.041107177734375
-0.00743198394775391 0.0121860504150391 0.23492431640625 0.380401611328125
0.00509452819824219 -0.0255947113037109 -0.152801513671875 0.471923828125
0.014801025390625 0.00157356262207031 -0.33929443359375 0.19873046875
0.0269107818603516 0.0207290649414063 0.00513839721679688 0.0391921997070313
0.0280609130859375 -0.00566864013671875 0.39947509765625 -0.148345947265625
0.0118284225463867 -0.0151462554931641 0.206024169921875 -0.4847412109375
-0.00771427154541016 0.00177717208862305 -0.272613525390625 -0.362274169921875
-0.00513076782226563 0.0156793594360352 -0.3453369140625 0.0122070312499999
0.00771236419677734 0.00500869750976562 -0.19091796875 0.182830810546875
0.0105428695678711 -0.00804042816162109 0.00410461425781249 0.1746826171875
-0.0027155876159668 0.00843000411987305 0.109718322753906 0.0713882446289063
-0.000529646873474121 0.00201308727264404 -0.0986709594726562 -0.0975265502929687
0.0138940811157227 -0.00635623931884766 0.0218505859375 -0.180892944335938
0.0128021240234375 0.00121212005615234 0.212615966796875 -0.160812377929688
-0.000497817993164063 0.0196151733398438 0.373931884765625 0.03741455078125
-0.00851249694824219 0.0124597549438477 0.24188232421875 0.375823974609375
0.00367355346679688 -0.0238857269287109 -0.145172119140625 0.473876953125
0.0126733779907227 0.00161933898925781 -0.338714599609375 0.200592041015625
0.0246295928955078 0.0210742950439453 0.00308609008789063 0.0381851196289063
0.026336669921875 -0.00435638427734375 0.400115966796875 -0.146453857421875
0.0112247467041016 -0.0143661499023438 0.210540771484375 -0.484283447265625
-0.00798892974853516 0.000992298126220705 -0.267425537109375 -0.3660888671875
-0.00416088104248047 0.0156393051147461 -0.34564208984375 0.00799560546875003
0.00751543045043945 0.00602054595947266 -0.191360473632813 0.181716918945313
0.0109310150146484 -0.00758075714111328 0.00291442871093752 0.17498779296875
-0.00156164169311523 0.00650739669799805 0.109687805175781 0.072052001953125
-0.000948548316955567 0.000944793224334717 -0.101051330566406 -0.0963668823242188
0.0146970748901367 -0.00714969635009766 0.02105712890625 -0.180404663085937
0.012481689453125 0.000409126281738281 0.21075439453125 -0.16143798828125
-0.000318527221679686 0.0194492340087891 0.3741455078125 0.034332275390625
-0.00728034973144531 0.0137996673583984 0.24456787109375 0.372467041015625
0.00333213806152344 -0.0227851867675781 -0.141510009765625 0.473724365234375
0.00960159301757813 0.00258731842041016 -0.33880615234375 0.20294189453125
0.0214595794677734 0.019073486328125 0.0016021728515625 0.0378456115722656
0.0232467651367188 -0.00399017333984375 0.4017333984375 -0.144775390625
0.0106611251831055 -0.0127372741699219 0.216278076171875 -0.483489990234375
-0.00691509246826172 0.00157070159912109 -0.263885498046875 -0.368804931640625
-0.00362873077392578 0.0157537460327148 -0.3436279296875 0.00531005859375
0.00784158706665039 0.00595617294311523 -0.192245483398437 0.1796875
0.00994777679443359 -0.00885009765625 0.00408935546874999 0.176422119140625
-0.000275135040283203 0.00504875183105469 0.109405517578125 0.0726318359375
-0.000718474388122559 0.000777721405029297 -0.10003662109375 -0.0955734252929687
0.0137472152709961 -0.00784587860107422 0.02099609375 -0.180419921875
0.0126791000366211 0.00124645233154297 0.211532592773438 -0.161956787109375
0.00153732299804688 0.02020263671875 0.374267578125 0.0330810546875
-0.00633525848388672 0.0130271911621094 0.24456787109375 0.37237548828125
0.00231361389160156 -0.0226287841796875 -0.1387939453125 0.473724365234375
0.00758028030395508 0.00346136093139648 -0.33685302734375 0.203094482421875
0.0181751251220703 0.0197830200195313 0.00194549560546875 0.0388526916503906
0.0216388702392578 -0.00391197204589844 0.402801513671875 -0.14422607421875
0.0104198455810547 -0.0128498077392578 0.217987060546875 -0.48284912109375
-0.0065007209777832 0.00222921371459961 -0.262969970703125 -0.369537353515625
-0.00268745422363281 0.0162448883056641 -0.34320068359375 0.00381469726562497
0.00698423385620117 0.00577735900878906 -0.19073486328125 0.179183959960938
0.0103549957275391 -0.00874996185302734 0.00469970703124999 0.177322387695313
-0.000856876373291015 0.00496101379394531 0.10906982421875 0.0719680786132812
-0.00110530853271484 0.00156116485595703 -0.101150512695312 -0.0933609008789063
0.0134096145629883 -0.00714874267578125 0.0213775634765625 -0.180130004882813
0.012263298034668 0.00287723541259766 0.2127685546875 -0.160980224609375
0.0017242431640625 0.0208511352539062 0.3760986328125 0.034912109375
-0.00597858428955078 0.0136585235595703 0.24481201171875 0.373626708984375
0.00223922729492187 -0.02203369140625 -0.140899658203125 0.47344970703125
0.0057530403137207 0.00252485275268555 -0.3363037109375 0.20269775390625
0.0145816802978516 0.0196857452392578 0.00374603271484375 0.0392684936523438
0.0188121795654297 -0.00397491455078125 0.405242919921875 -0.145050048828125
0.0103797912597656 -0.0124149322509766 0.2198486328125 -0.4835205078125
-0.00616216659545899 0.0026240348815918 -0.262359619140625 -0.3692626953125
-0.00233650207519531 0.0163736343383789 -0.34307861328125 0.00540161132812502
0.00711679458618164 0.00671243667602539 -0.189926147460938 0.179534912109375
0.0101356506347656 -0.00831317901611328 0.0057830810546875 0.176742553710938
-0.000421524047851563 0.00484800338745117 0.109832763671875 0.0722885131835938
-0.00241899490356445 0.00219035148620605 -0.101356506347656 -0.0925827026367187
0.0136089324951172 -0.00662994384765625 0.0235748291015625 -0.179306030273438
0.0111656188964844 0.00373649597167969 0.213211059570312 -0.15960693359375
0.00178909301757813 0.0219917297363281 0.3760986328125 0.036834716796875
-0.00482559204101563 0.013615608215332 0.242095947265625 0.37652587890625
0.00307083129882812 -0.0217456817626953 -0.14483642578125 0.473175048828125
0.0047297477722168 0.00316810607910156 -0.336212158203125 0.2010498046875
0.0120525360107422 0.0192012786865234 0.00750732421875001 0.03912353515625
0.0175409317016602 -0.00377750396728516 0.405975341796875 -0.14703369140625
0.0101299285888672 -0.0119085311889648 0.2166748046875 -0.485107421875
-0.00442600250244141 0.00258445739746094 -0.26336669921875 -0.3675537109375
-0.001861572265625 0.0176239013671875 -0.34234619140625 0.00720214843750002
0.00635671615600586 0.00773525238037109 -0.18927001953125 0.179641723632813
0.00929069519042969 -0.00795841217041016 0.00654602050781249 0.176589965820313
-0.00108575820922852 0.00589132308959961 0.110137939453125 0.0722732543945313
-0.00390791893005371 0.0042119026184082 -0.100440979003906 -0.091949462890625
0.0129938125610352 -0.00558853149414063 0.0245208740234375 -0.179092407226563
0.0114383697509766 0.00419998168945313 0.21502685546875 -0.157470703125
0.00191688537597656 0.0220317840576172 0.375732421875 0.04254150390625
-0.00441551208496094 0.0128097534179688 0.239349365234375 0.380096435546875
0.00379180908203125 -0.0226631164550781 -0.149200439453125 0.474212646484375
0.00417184829711914 0.00417470932006836 -0.335906982421875 0.20013427734375
0.0109596252441406 0.0187110900878906 0.0112113952636719 0.039215087890625
0.017521858215332 -0.00378990173339844 0.405792236328125 -0.150665283203125
0.0109786987304688 -0.0119562149047852 0.21160888671875 -0.48663330078125
-0.00407099723815918 0.00256776809692383 -0.2667236328125 -0.36419677734375
-0.00181007385253906 0.017242431640625 -0.34185791015625 0.010711669921875
0.00609016418457031 0.00846385955810547 -0.187698364257813 0.180160522460937
0.00846147537231445 -0.00745582580566406 0.00758361816406251 0.17559814453125
-0.00171804428100586 0.00777959823608398 0.111198425292969 0.0709762573242187
-0.00535774230957031 0.00548076629638672 -0.100349426269531 -0.0922927856445313
0.0136299133300781 -0.00461578369140625 0.026336669921875 -0.17919921875
0.0106525421142578 0.00522899627685547 0.216964721679688 -0.155380249023438
0.00135421752929687 0.0229415893554687 0.374664306640625 0.046295166015625
-0.0042104721069336 0.0126066207885742 0.232269287109375 0.38446044921875
0.00532150268554687 -0.0235195159912109 -0.15557861328125 0.47357177734375
0.00530195236206055 0.00299263000488281 -0.335723876953125 0.196380615234375
0.0124034881591797 0.0188922882080078 0.0152015686035156 0.0390472412109375
0.0182056427001953 -0.00479507446289062 0.405242919921875 -0.1561279296875
0.0116844177246094 -0.0128707885742187 0.205108642578125 -0.48883056640625
-0.00358247756958008 0.00282764434814453 -0.27215576171875 -0.358428955078125
-0.00246429443359375 0.0184135437011719 -0.3409423828125 0.0154418945312499
0.00570106506347656 0.00843286514282227 -0.1844482421875 0.181915283203125
0.00842905044555664 -0.0067448616027832 0.00860595703125002 0.17535400390625
-0.00376796722412109 0.00901222229003906 0.111831665039063 0.0708999633789063
-0.00196671485900879 0.0030972957611084 -0.0987548828125 -0.0985183715820313
0.0152549743652344 -0.00609397888183594 0.021575927734375 -0.182769775390625
0.0121068954467773 0.00114631652832031 0.213699340820313 -0.1611328125
-0.000915527343749998 0.019866943359375 0.374114990234375 0.03814697265625
-0.00719070434570313 0.0122814178466797 0.239044189453125 0.379730224609375
0.00438308715820312 -0.0249347686767578 -0.151458740234375 0.474578857421875
0.015110969543457 0.00104999542236328 -0.34033203125 0.200103759765625
0.0276775360107422 0.0209922790527344 0.00478744506835938 0.039337158203125
0.0273723602294922 -0.0045928955078125 0.400909423828125 -0.150665283203125
0.0113668441772461 -0.0147018432617188 0.20477294921875 -0.486419677734375
-0.00697231292724609 0.00128793716430664 -0.274749755859375 -0.3631591796875
-0.00362014770507813 0.0154895782470703 -0.346588134765625 0.014007568359375
0.0081033706665039 0.00535488128662109 -0.191192626953125 0.18475341796875
0.0114412307739258 -0.00735664367675781 0.00569152832031251 0.175338745117187
-0.00217914581298828 0.00894546508789063 0.111373901367188 0.07183837890625
-0.000779867172241211 0.00123882293701172 -0.0996856689453125 -0.097869873046875
0.0146160125732422 -0.0074310302734375 0.021240234375 -0.182846069335937
0.0115060806274414 0.000628471374511719 0.2110595703125 -0.16339111328125
0.000236511230468749 0.0197219848632813 0.376007080078125 0.03460693359375
-0.00801753997802734 0.0121746063232422 0.24505615234375 0.3751220703125
0.00414085388183594 -0.0244235992431641 -0.1436767578125 0.475677490234375
0.0142450332641602 0.000824928283691406 -0.339080810546875 0.202423095703125
0.0250034332275391 0.0211029052734375 0.00273513793945313 0.0384178161621094
0.0261974334716797 -0.00447463989257813 0.40118408203125 -0.148956298828125
0.0110836029052734 -0.0149002075195312 0.21002197265625 -0.486785888671875
-0.00693225860595703 0.00161314010620117 -0.27032470703125 -0.366455078125
-0.00456905364990234 0.0152425765991211 -0.34613037109375 0.010345458984375
0.00783014297485352 0.0056452751159668 -0.191482543945313 0.183563232421875
0.0104646682739258 -0.00933551788330078 0.00506591796875 0.176345825195313
-0.00101661682128906 0.00639247894287109 0.1104736328125 0.0716705322265625
-0.00108933448791504 0.00109380483627319 -0.101165771484375 -0.0963897705078125
0.0145139694213867 -0.00713539123535156 0.019500732421875 -0.182174682617188
0.0121364593505859 0.000433921813964844 0.210342407226563 -0.163864135742188
0.00119781494140625 0.0200271606445313 0.376251220703125 0.031158447265625
-0.00678348541259766 0.0125226974487305 0.248138427734375 0.3717041015625
0.00299835205078125 -0.0243129730224609 -0.139801025390625 0.4755859375
0.00994110107421875 0.00195026397705078 -0.3380126953125 0.20489501953125
0.0212745666503906 0.0203628540039063 0.00188064575195313 0.0393257141113281
0.0236244201660156 -0.003936767578125 0.40179443359375 -0.145782470703125
0.0102424621582031 -0.0139837265014648 0.2147216796875 -0.48406982421875
-0.00655031204223633 0.0022120475769043 -0.267608642578125 -0.368988037109375
-0.00313568115234375 0.0157279968261719 -0.34539794921875 0.00753784179687503
0.00780725479125977 0.00544071197509766 -0.191390991210937 0.181411743164063
0.0105180740356445 -0.00774097442626953 0.00601196289062501 0.17791748046875
0.000165462493896484 0.00599527359008789 0.111587524414063 0.0720901489257813
4.41074371337891E-05 0.00109130144119263 -0.101890563964844 -0.094757080078125
0.0149059295654297 -0.00732135772705078 0.0200653076171875 -0.18133544921875
0.0119514465332031 0.00102901458740234 0.210983276367188 -0.164520263671875
0.00137138366699219 0.0204143524169922 0.375579833984375 0.0303955078125
-0.00620365142822266 0.0140285491943359 0.248443603515625 0.371002197265625
0.00313949584960938 -0.0233840942382812 -0.137939453125 0.47589111328125
0.00817632675170898 0.00322341918945313 -0.33660888671875 0.2044677734375
0.0184688568115234 0.0203361511230469 0.00184249877929688 0.0391044616699219
0.022003173828125 -0.00351524353027344 0.4049072265625 -0.145416259765625
0.0100793838500977 -0.0132379531860352 0.2169189453125 -0.484649658203125
-0.0061955451965332 0.00190591812133789 -0.265533447265625 -0.3704833984375
-0.00305461883544922 0.0157594680786133 -0.344940185546875 0.00573730468749994
0.00727224349975586 0.0062403678894043 -0.191192626953125 0.180892944335938
0.010223388671875 -0.00844192504882813 0.00579833984375 0.178253173828125
0.000300407409667969 0.00561666488647461 0.111152648925781 0.0724639892578125
-0.0010683536529541 0.00159001350402832 -0.102401733398438 -0.0941085815429688
0.0139036178588867 -0.00750541687011719 0.02093505859375 -0.181243896484375
0.0118513107299805 0.00283241271972656 0.21197509765625 -0.162826538085938
0.00201797485351562 0.0213813781738281 0.37713623046875 0.03271484375
-0.00582218170166016 0.0128498077392578 0.248748779296875 0.37261962890625
0.00241851806640625 -0.0229930877685547 -0.139373779296875 0.474517822265625
0.00620269775390625 0.00317955017089844 -0.3359375 0.204833984375
0.0145988464355469 0.0196647644042969 0.00408554077148438 0.03912353515625
0.018829345703125 -0.00428009033203125 0.406951904296875 -0.1466064453125
0.00979423522949219 -0.0125112533569336 0.21832275390625 -0.486602783203125
-0.00583791732788086 0.00224685668945312 -0.26470947265625 -0.37060546875
-0.00185585021972656 0.016423225402832 -0.34417724609375 0.00735473632812496
0.00690221786499024 0.00616884231567383 -0.190048217773437 0.181365966796875
0.00930500030517578 -0.00870132446289063 0.00651550292968749 0.177734375
0.000614643096923829 0.00534820556640625 0.111183166503906 0.072509765625
-0.00198531150817871 0.002593994140625 -0.102104187011719 -0.0930709838867188
0.0137052536010742 -0.00684452056884766 0.0224456787109375 -0.179931640625
0.011775016784668 0.00296783447265625 0.213180541992188 -0.16253662109375
0.00240325927734375 0.0216808319091797 0.377716064453125 0.0343017578125
-0.00422477722167969 0.0129289627075195 0.24444580078125 0.37554931640625
0.00274848937988281 -0.0227813720703125 -0.143035888671875 0.47613525390625
0.00469064712524414 0.00400400161743164 -0.33642578125 0.203460693359375
0.0125331878662109 0.0197162628173828 0.00775146484375 0.0394363403320313
0.0176963806152344 -0.00340461730957031 0.4072265625 -0.148651123046875
0.0101356506347656 -0.0129251480102539 0.216156005859375 -0.48699951171875
-0.00504875183105469 0.00245523452758789 -0.265533447265625 -0.36785888671875
-0.00172328948974609 0.0173139572143555 -0.3436279296875 0.00851440429687499
0.00671768188476563 0.00735807418823242 -0.188796997070313 0.181488037109375
0.00940799713134766 -0.00847911834716797 0.00796508789062499 0.1781005859375
-0.00016164779663086 0.00622224807739258 0.111930847167969 0.07232666015625
-0.00295686721801758 0.00452327728271484 -0.101264953613281 -0.0919952392578125
0.0132532119750977 -0.00603389739990234 0.0233154296875 -0.180023193359375
0.0109577178955078 0.00473117828369141 0.215194702148438 -0.159561157226563
0.00194168090820313 0.0219287872314453 0.37750244140625 0.03814697265625
-0.00436878204345703 0.0125970840454102 0.241851806640625 0.37872314453125
0.00328445434570313 -0.0229873657226562 -0.14703369140625 0.4757080078125
0.00545883178710937 0.0033726692199707 -0.336090087890625 0.200653076171875
0.0115127563476563 0.0190486907958984 0.0117111206054688 0.0390625
0.017578125 -0.00387763977050781 0.408233642578125 -0.153839111328125
0.0112295150756836 -0.0119895935058594 0.210968017578125 -0.4888916015625
-0.00357317924499512 0.00227212905883789 -0.26904296875 -0.365081787109375
-0.00181770324707031 0.0172653198242188 -0.342926025390625 0.011932373046875
0.00631332397460938 0.00801706314086914 -0.186798095703125 0.182205200195313
0.0084228515625 -0.0074920654296875 0.00898742675781249 0.176513671875
-0.00102710723876953 0.00756502151489258 0.112388610839844 0.0714111328125
-0.00520801544189453 0.00535011291503906 -0.101119995117188 -0.09271240234375
0.0133867263793945 -0.004608154296875 0.0252685546875 -0.180023193359375
0.0106210708618164 0.00550460815429688 0.216812133789063 -0.157333374023438
0.00160408020019531 0.0222663879394531 0.3759765625 0.04290771484375
-0.00387477874755859 0.0123319625854492 0.23675537109375 0.383056640625
0.00541496276855469 -0.0242824554443359 -0.153106689453125 0.4752197265625
0.00597858428955078 0.00344419479370117 -0.3350830078125 0.198760986328125
0.0123786926269531 0.0186977386474609 0.0155715942382812 0.0394859313964844
0.0179882049560547 -0.00403976440429688 0.407135009765625 -0.15704345703125
0.0112800598144531 -0.0132179260253906 0.205108642578125 -0.490203857421875
-0.00335335731506348 0.00248932838439941 -0.275054931640625 -0.358795166015625
-0.00190925598144531 0.0178165435791016 -0.34234619140625 0.017547607421875
0.00590419769287109 0.00858831405639648 -0.184707641601563 0.183029174804687
0.00835609436035156 -0.00622177124023438 0.0103607177734375 0.176025390625
-0.00339031219482422 0.00955295562744141 0.113502502441406 0.0715713500976563
-0.00106048583984375 0.00382542610168457 -0.100044250488281 -0.098175048828125
0.0149192810058594 -0.00593852996826172 0.02142333984375 -0.183929443359375
0.0124540328979492 0.000692367553710938 0.213348388671875 -0.164352416992188
-0.000537872314453124 0.0195674896240234 0.376495361328125 0.036224365234375
-0.00764751434326172 0.0111017227172852 0.242584228515625 0.379119873046875
0.00490570068359375 -0.0261497497558594 -0.147796630859375 0.47589111328125
0.0158557891845703 0.00146961212158203 -0.33935546875 0.202117919921875
0.0283336639404297 0.0213394165039063 0.006072998046875 0.0391845703125
0.0283908843994141 -0.00506401062011719 0.40155029296875 -0.152069091796875
0.0118989944458008 -0.0154809951782227 0.20318603515625 -0.48834228515625
-0.00724220275878906 0.000498294830322264 -0.277374267578125 -0.361358642578125
-0.0035104751586914 0.0155086517333984 -0.348052978515625 0.015411376953125
0.0081787109375 0.00457429885864258 -0.190322875976563 0.186203002929687
0.0113229751586914 -0.00718116760253906 0.00701904296874998 0.177719116210938
-0.00197029113769531 0.00909423828125 0.112884521484375 0.0717391967773438
0.000184774398803711 0.00206828117370605 -0.101776123046875 -0.0982208251953125
0.0148715972900391 -0.00730037689208984 0.019287109375 -0.183624267578125
0.012385368347168 0.000405311584472656 0.2122802734375 -0.165557861328125
-2.09808349609383E-05 0.0191993713378906 0.378173828125 0.030670166015625
-0.00712776184082031 0.0120601654052734 0.247802734375 0.374542236328125
0.00332832336425782 -0.0260295867919922 -0.141754150390625 0.47674560546875
0.0135669708251953 0.00162410736083984 -0.339447021484375 0.20355224609375
0.0255031585693359 0.0210514068603516 0.00327682495117188 0.038726806640625
0.0253849029541016 -0.00381851196289063 0.40228271484375 -0.150299072265625
0.0111770629882813 -0.0151281356811523 0.208587646484375 -0.489013671875
-0.0076446533203125 0.0011134147644043 -0.273529052734375 -0.366302490234375
-0.00314903259277344 0.0149106979370117 -0.348114013671875 0.012054443359375
0.00744247436523437 0.00462675094604492 -0.192153930664062 0.184799194335938
0.0110902786254883 -0.00874614715576172 0.00642395019531249 0.178497314453125
-0.000288963317871094 0.00653505325317383 0.112152099609375 0.0721282958984375
0.000331878662109375 0.00105434656143188 -0.102561950683594 -0.0961227416992188
0.0143508911132812 -0.00723934173583984 0.0185089111328125 -0.183120727539062
0.0115184783935547 0.000318527221679688 0.209442138671875 -0.167205810546875
0.00213050842285156 0.0202388763427734 0.3785400390625 0.02777099609375
-0.00656509399414063 0.0129108428955078 0.25115966796875 0.371124267578125
0.00263595581054687 -0.0246181488037109 -0.13934326171875 0.476776123046875
0.0110645294189453 0.001434326171875 -0.337432861328125 0.206268310546875
0.0217056274414062 0.0209388732910156 0.00160598754882812 0.0393028259277344
0.0229282379150391 -0.0042724609375 0.404571533203125 -0.14849853515625
0.00991439819335938 -0.0145320892333984 0.213470458984375 -0.488616943359375
-0.00725364685058594 0.00240230560302734 -0.269561767578125 -0.36810302734375
-0.002838134765625 0.0158491134643555 -0.34716796875 0.00933837890625002
0.0077667236328125 0.004913330078125 -0.191070556640625 0.184127807617188
0.0110940933227539 -0.00899982452392578 0.00692749023437499 0.179092407226563
0.00105762481689453 0.00594043731689453 0.112129211425781 0.0732269287109375
0.000429481267929077 0.000365138053894043 -0.103034973144531 -0.0948410034179687
0.0143213272094727 -0.00806331634521484 0.019073486328125 -0.182861328125
0.0120105743408203 0.00116443634033203 0.210235595703125 -0.16748046875
0.00181770324707031 0.0213127136230469 0.379364013671875 0.02679443359375
-0.0060882568359375 0.012639045715332 0.252044677734375 0.368804931640625
0.00174713134765625 -0.0243911743164063 -0.13519287109375 0.477020263671875
0.00802135467529297 0.00192451477050781 -0.336395263671875 0.20672607421875
0.0190486907958984 0.0202865600585938 0.002532958984375 0.0394554138183594
0.0202732086181641 -0.00389862060546875 0.404876708984375 -0.1485595703125
0.0110244750976563 -0.0136709213256836 0.21636962890625 -0.4881591796875
-0.00579977035522461 0.00277090072631836 -0.26678466796875 -0.369781494140625
-0.00165843963623047 0.0157270431518555 -0.346527099609375 0.00772094726562495
0.00750637054443359 0.00593996047973633 -0.191009521484375 0.1837158203125
0.00986194610595703 -0.00895214080810547 0.0078125 0.179977416992188
0.000574588775634765 0.00550651550292969 0.111953735351563 0.0723876953125
-0.000682234764099121 0.0017622709274292 -0.10400390625 -0.0938796997070313
0.0135984420776367 -0.00728225708007812 0.0186614990234375 -0.1829833984375
0.0123624801635742 0.00229167938232422 0.211441040039063 -0.166717529296875
0.00284767150878906 0.0211391448974609 0.379119873046875 0.028411865234375
-0.00471973419189453 0.0129289627075195 0.252044677734375 0.372222900390625
0.00213813781738281 -0.0238323211669922 -0.136077880859375 0.476470947265625
0.00618934631347656 0.00331544876098633 -0.336395263671875 0.205535888671875
0.0150661468505859 0.0201911926269531 0.00401306152343751 0.0393447875976563
0.0184154510498047 -0.00347137451171875 0.4071044921875 -0.148773193359375
0.00986480712890625 -0.0128192901611328 0.216827392578125 -0.48822021484375
-0.00568914413452148 0.00189018249511719 -0.26690673828125 -0.369110107421875
-0.00129508972167969 0.0168876647949219 -0.34539794921875 0.00933837890624999
0.00722694396972656 0.00720453262329102 -0.189407348632813 0.18365478515625
0.00949668884277344 -0.00905704498291016 0.008056640625 0.179306030273438
0.00143814086914063 0.00589847564697266 0.112648010253906 0.071929931640625
-0.00154328346252441 0.00273299217224121 -0.10345458984375 -0.09320068359375
0.0133161544799805 -0.00712013244628906 0.0204925537109375 -0.181304931640625
0.011204719543457 0.00333690643310547 0.212921142578125 -0.164779663085938
0.003082275390625 0.0216712951660156 0.38031005859375 0.031219482421875
-0.00418758392333984 0.0126199722290039 0.250244140625 0.374237060546875
0.00229072570800781 -0.0236282348632812 -0.14068603515625 0.47698974609375
0.00471210479736328 0.00334596633911133 -0.336700439453125 0.204345703125
0.0126876831054688 0.0195808410644531 0.00759506225585938 0.0398292541503906
0.0175342559814453 -0.00416278839111328 0.407470703125 -0.1512451171875
0.00991439819335937 -0.0129117965698242 0.2139892578125 -0.4903564453125
-0.00422382354736328 0.00250792503356934 -0.269134521484375 -0.367462158203125
-0.00104522705078125 0.0176277160644531 -0.344970703125 0.0106201171875
0.00612974166870117 0.00739622116088867 -0.1884765625 0.183746337890625
0.00906181335449219 -0.00846576690673828 0.00923156738281251 0.178695678710938
-0.000248908996582032 0.00649309158325195 0.113327026367187 0.0724716186523438
-0.00291633605957031 0.00502490997314453 -0.102302551269531 -0.0922927856445312
0.0135707855224609 -0.00602912902832031 0.0220947265625 -0.181381225585938
0.0107784271240234 0.00477313995361328 0.215362548828125 -0.162506103515625
0.00257682800292969 0.0222682952880859 0.378662109375 0.035125732421875
-0.00365924835205078 0.0124406814575195 0.2454833984375 0.378204345703125
0.00317192077636719 -0.0241165161132813 -0.145172119140625 0.478118896484375
0.00533866882324219 0.00293111801147461 -0.336395263671875 0.203643798828125
0.0127658843994141 0.0196781158447266 0.0114631652832031 0.0397796630859375
0.0172691345214844 -0.00359821319580078 0.407623291015625 -0.154541015625
0.0106391906738281 -0.0125007629394531 0.208984375 -0.491790771484375
-0.00389647483825684 0.00238490104675293 -0.274078369140625 -0.36529541015625
-0.00116443634033203 0.0171022415161133 -0.344451904296875 0.014801025390625
0.00695419311523437 0.00839376449584961 -0.186630249023438 0.18438720703125
0.00830698013305664 -0.00826120376586914 0.01068115234375 0.178558349609375
-0.00112628936767578 0.00765419006347656 0.113357543945312 0.0713043212890625
-0.00423479080200195 0.0061793327331543 -0.101943969726563 -0.0922393798828125
0.0132961273193359 -0.00459957122802734 0.0241851806640625 -0.181427001953125
0.0102510452270508 0.00522708892822266 0.217041015625 -0.160049438476563
0.00184440612792969 0.0225181579589844 0.378875732421875 0.040771484375
-0.00345706939697266 0.0114736557006836 0.24029541015625 0.381927490234375
0.00530433654785156 -0.0243186950683594 -0.15081787109375 0.476165771484375
0.00646686553955078 0.00302457809448242 -0.335174560546875 0.20025634765625
0.013153076171875 0.0191402435302734 0.015167236328125 0.0399360656738281
0.0181331634521484 -0.00456809997558594 0.40704345703125 -0.15887451171875
0.0115203857421875 -0.0134801864624023 0.20208740234375 -0.494140625
-0.00316953659057617 0.00223469734191895 -0.27935791015625 -0.358184814453125
-0.00162506103515625 0.0177230834960938 -0.34356689453125 0.01922607421875
0.00604343414306641 0.00890254974365234 -0.18475341796875 0.186508178710937
0.00742578506469726 -0.00634098052978516 0.0122833251953125 0.177444458007813
-0.00250148773193359 0.00929450988769531 0.114585876464844 0.07177734375
-0.000855922698974609 0.00368642807006836 -0.102325439453125 -0.0994033813476563
0.0150127410888672 -0.00692653656005859 0.0187835693359375 -0.18560791015625
0.0117883682250977 0.000621795654296875 0.213516235351563 -0.166854858398438
-0.000144958496093748 0.0193252563476563 0.378662109375 0.032562255859375
-0.00722980499267578 0.0109891891479492 0.246673583984375 0.377960205078125
0.0044097900390625 -0.0266323089599609 -0.14617919921875 0.477813720703125
0.0158023834228516 0.00115966796875 -0.340911865234375 0.205291748046875
0.0285987854003906 0.0218448638916016 0.00511932373046875 0.0398292541503906
0.0276412963867188 -0.004730224609375 0.402557373046875 -0.156982421875
0.0117816925048828 -0.0157070159912109 0.2010498046875 -0.49176025390625
-0.00723028182983398 0.000917434692382814 -0.280975341796875 -0.36163330078125
-0.00314617156982422 0.0157709121704102 -0.350006103515625 0.0190734863281251
0.0077214241027832 0.00505399703979492 -0.189697265625 0.18914794921875
0.0113143920898438 -0.00814437866210937 0.00901794433593749 0.178863525390625
-0.000713825225830078 0.00857639312744141 0.114784240722656 0.0714569091796875
0.000188469886779785 0.00172042846679688 -0.102760314941406 -0.0986175537109375
0.0143260955810547 -0.0075531005859375 0.01788330078125 -0.185806274414063
0.0114145278930664 0.00103282928466797 0.211837768554688 -0.169647216796875
0.00122451782226563 0.0191326141357422 0.3797607421875 0.028167724609375
-0.00697040557861328 0.0117473602294922 0.251861572265625 0.3734130859375
0.00325584411621094 -0.02587890625 -0.13861083984375 0.479217529296875
0.0131254196166992 0.00141525268554688 -0.337921142578125 0.207427978515625
0.0260601043701172 0.0215396881103516 0.00259780883789063 0.0400772094726563
0.0262031555175781 -0.00479888916015625 0.40325927734375 -0.154632568359375
0.0111722946166992 -0.0142011642456055 0.207794189453125 -0.492279052734375
-0.00725173950195312 0.00163602828979492 -0.27618408203125 -0.36553955078125
-0.00285911560058594 0.0150318145751953 -0.34930419921875 0.0150146484375001
0.00816106796264648 0.00511646270751953 -0.190597534179688 0.187820434570313
0.0108623504638672 -0.00832557678222656 0.00776672363281252 0.17852783203125
0.000262737274169922 0.00748062133789063 0.114097595214844 0.0716552734375
-0.00035548210144043 0.00122010707855225 -0.104248046875 -0.095916748046875
0.0144271850585937 -0.00828933715820313 0.016510009765625 -0.184432983398438
0.0113286972045898 0.00018310546875 0.209701538085938 -0.169326782226562
0.00185203552246094 0.0195884704589844 0.3807373046875 0.024688720703125
-0.00677013397216797 0.0120534896850586 0.254638671875 0.370391845703125
0.00202560424804688 -0.0252513885498047 -0.13446044921875 0.478759765625
0.0107784271240234 0.00158405303955078 -0.337738037109375 0.209625244140625
0.0222377777099609 0.0208816528320313 0.00179290771484375 0.0396308898925781
0.0234966278076172 -0.0042572021484375 0.403594970703125 -0.151123046875
0.00979995727539063 -0.0153083801269531 0.211700439453125 -0.49310302734375
-0.00670719146728516 0.000828742980957031 -0.27130126953125 -0.36767578125
-0.00266075134277344 0.0160732269287109 -0.348724365234375 0.0113220214843751
0.00810384750366211 0.00605249404907227 -0.19091796875 0.185897827148437
0.0104990005493164 -0.00915908813476563 0.00935363769531252 0.1796875
0.000528335571289063 0.00701713562011719 0.113372802734375 0.0719985961914063
-7.15255737304687E-05 0.0012509822845459 -0.104766845703125 -0.0952606201171875
0.0139846801757812 -0.00797080993652344 0.017242431640625 -0.18408203125
0.0119419097900391 0.000474929809570312 0.2103271484375 -0.170562744140625
0.00175094604492188 0.0200176239013672 0.380035400390625 0.025238037109375
-0.00537300109863281 0.0123825073242188 0.2554931640625 0.36962890625
0.0011444091796875 -0.0250225067138672 -0.133331298828125 0.478790283203125
0.00816774368286133 0.00233936309814453 -0.33758544921875 0.209442138671875
0.0180263519287109 0.0205917358398438 0.00230789184570313 0.0396804809570313
0.0211372375488281 -0.0034332275390625 0.405975341796875 -0.151214599609375
0.00970077514648438 -0.0138273239135742 0.214324951171875 -0.491058349609375
-0.00541877746582031 0.00220823287963867 -0.271087646484375 -0.369659423828125
-0.00180816650390625 0.0152502059936523 -0.34808349609375 0.010009765625
0.00776767730712891 0.00554943084716797 -0.189956665039063 0.1854248046875
0.0103654861450195 -0.00909900665283203 0.00898742675781248 0.181304931640625
0.00217390060424805 0.00609636306762695 0.113624572753906 0.07196044921875
-0.000103712081909179 0.00241255760192871 -0.106307983398437 -0.0939483642578125
0.0133275985717773 -0.00758266448974609 0.0175628662109375 -0.183731079101563
0.0113496780395508 0.0028533935546875 0.212066650390625 -0.169692993164063
0.00310897827148438 0.0210227966308594 0.38128662109375 0.0245361328125
-0.00447463989257813 0.0123109817504883 0.256134033203125 0.370025634765625
0.00146293640136719 -0.0245342254638672 -0.134246826171875 0.479400634765625
0.00640344619750977 0.00312376022338867 -0.33575439453125 0.2091064453125
0.0158882141113281 0.020294189453125 0.0042724609375 0.0389060974121094
0.0191593170166016 -0.00368881225585938 0.408905029296875 -0.151275634765625
0.00992965698242188 -0.0132284164428711 0.215545654296875 -0.491790771484375
-0.00512075424194336 0.00219869613647461 -0.27105712890625 -0.369842529296875
-0.00115013122558594 0.0163402557373047 -0.3475341796875 0.0117797851562499
0.00701904296875 0.00707006454467773 -0.18927001953125 0.186447143554688
0.00969219207763672 -0.00911712646484375 0.00971984863281251 0.18109130859375
0.00129079818725586 0.00590085983276367 0.114540100097656 0.0719070434570313
-0.000873327255249023 0.00335574150085449 -0.10528564453125 -0.0933380126953125
0.0135526657104492 -0.00652694702148438 0.019256591796875 -0.182708740234375
0.0110502243041992 0.00331974029541016 0.2130126953125 -0.167724609375
0.00318145751953125 0.0219135284423828 0.38140869140625 0.028076171875
-0.00391769409179688 0.012782096862793 0.252471923828125 0.373321533203125
0.00198173522949219 -0.0237312316894531 -0.137786865234375 0.478790283203125
0.00483560562133789 0.00321674346923828 -0.33563232421875 0.2069091796875
0.0133247375488281 0.0195960998535156 0.00719451904296875 0.0395240783691406
0.0177497863769531 -0.00305557250976562 0.408935546875 -0.15374755859375
0.00992488861083984 -0.0131387710571289 0.21282958984375 -0.494232177734375
-0.00389909744262695 0.00208234786987305 -0.27203369140625 -0.36773681640625
-0.000504493713378905 0.017298698425293 -0.346405029296875 0.0130615234375
0.00682306289672852 0.0076899528503418 -0.188278198242188 0.186676025390625
0.00884437561035156 -0.00822544097900391 0.0111083984375 0.179550170898438
0.000493049621582032 0.00669384002685547 0.114860534667969 0.0721054077148438
-0.00304508209228516 0.00505685806274414 -0.104057312011719 -0.092193603515625
0.0132226943969727 -0.00650215148925781 0.0209197998046875 -0.183120727539062
0.0114154815673828 0.00477313995361328 0.214599609375 -0.165252685546875
0.00307273864746094 0.0219135284423828 0.381927490234375 0.0321044921875
-0.00312328338623047 0.0115642547607422 0.24871826171875 0.37774658203125
0.00335884094238281 -0.0242748260498047 -0.1414794921875 0.47918701171875
0.00522947311401367 0.00316667556762695 -0.336212158203125 0.20526123046875
0.0123977661132813 0.0197601318359375 0.0115203857421875 0.0401420593261719
0.0169095993041992 -0.00385093688964844 0.40869140625 -0.1583251953125
0.0108146667480469 -0.0125646591186523 0.207000732421875 -0.496185302734375
-0.00347089767456055 0.00274848937988281 -0.274658203125 -0.3643798828125
-0.000429153442382813 0.0171175003051758 -0.34625244140625 0.01654052734375
0.00652122497558594 0.00809669494628906 -0.186187744140625 0.186843872070313
0.00844049453735352 -0.00791549682617188 0.0125579833984375 0.179901123046875
4.29153442382807E-05 0.00792074203491211 0.115402221679688 0.07086181640625
-0.00452184677124024 0.00590038299560547 -0.103973388671875 -0.0924072265625
0.0129060745239258 -0.00499916076660156 0.0225372314453125 -0.182708740234375
0.0101156234741211 0.00522232055664062 0.216339111328125 -0.16357421875
0.00325584411621094 0.0225639343261719 0.380889892578125 0.0364990234375
-0.00309181213378906 0.0111970901489258 0.2440185546875 0.38092041015625
0.00441551208496094 -0.0255146026611328 -0.14837646484375 0.47900390625
0.00615072250366211 0.00283336639404297 -0.335113525390625 0.202880859375
0.0130748748779297 0.0189418792724609 0.0153350830078125 0.0396499633789063
0.0179100036621094 -0.00446510314941406 0.407684326171875 -0.1627197265625
0.0112180709838867 -0.0133533477783203 0.201171875 -0.49658203125
-0.00254917144775391 0.00197029113769531 -0.281158447265625 -0.358306884765625
-0.000862121582031249 0.0180492401123047 -0.34503173828125 0.022125244140625
0.00611686706542969 0.00867986679077148 -0.184341430664063 0.187850952148437
0.00814151763916016 -0.00697183609008789 0.0141448974609375 0.178756713867188
-0.00212860107421875 0.00986862182617187 0.115554809570313 0.070953369140625
-0.000848054885864257 0.00416421890258789 -0.103599548339844 -0.0985031127929688
0.0151262283325195 -0.00769233703613281 0.0171051025390625 -0.186721801757813
0.0117940902709961 0.000156402587890625 0.212387084960938 -0.16986083984375
0.000366210937500002 0.0193252563476563 0.381103515625 0.028228759765625
-0.00617313385009766 0.0108547210693359 0.249603271484375 0.376220703125
0.00370216369628906 -0.0277481079101563 -0.14349365234375 0.4813232421875
0.0157833099365234 0.000715255737304687 -0.339385986328125 0.206573486328125
0.0290203094482422 0.0217323303222656 0.00580596923828125 0.0404624938964844
0.0280303955078125 -0.00507926940917969 0.403167724609375 -0.15911865234375
0.0118179321289063 -0.0158405303955078 0.198394775390625 -0.496826171875
-0.00722789764404297 0.000830650329589844 -0.2860107421875 -0.362091064453125
-0.00280857086181641 0.0147476196289063 -0.35186767578125 0.0209655761718751
0.00820684432983398 0.00461483001708984 -0.189971923828125 0.191207885742188
0.0107870101928711 -0.00837135314941406 0.0109405517578125 0.180038452148438
-0.000635147094726563 0.00848960876464844 0.11602783203125 0.0706710815429688
0.000694036483764648 0.0029149055480957 -0.104408264160156 -0.09747314453125
0.014348030090332 -0.00746250152587891 0.015380859375 -0.1856689453125
0.012843132019043 8.392333984375E-05 0.211669921875 -0.172195434570313
0.00165748596191406 0.0196247100830078 0.38189697265625 0.023651123046875
-0.00658416748046875 0.0116205215454102 0.256744384765625 0.371551513671875
0.00264930725097656 -0.0260467529296875 -0.13604736328125 0.48138427734375
0.0136642456054687 0.000376701354980469 -0.33892822265625 0.211029052734375
0.0258598327636719 0.0207748413085938 0.00336837768554688 0.0406112670898438
0.0264396667480469 -0.00426101684570313 0.403167724609375 -0.1566162109375
0.0105190277099609 -0.0149984359741211 0.20355224609375 -0.49664306640625
-0.00670289993286133 0.000654220581054687 -0.28057861328125 -0.36492919921875
-0.00272274017333984 0.015538215637207 -0.351318359375 0.017852783203125
0.00812721252441406 0.00433206558227539 -0.190673828125 0.190719604492188
0.0104055404663086 -0.00946426391601563 0.0100555419921875 0.181289672851563
0.00108480453491211 0.00760984420776367 0.115081787109375 0.0712814331054688
7.15255737304708E-06 0.00251007080078125 -0.106178283691406 -0.0958023071289062
0.0141658782958984 -0.00765705108642578 0.014129638671875 -0.185745239257813
0.0119514465332031 7.53402709960938E-05 0.209579467773438 -0.173370361328125
0.00190544128417969 0.0195121765136719 0.383087158203125 0.021087646484375
-0.00560760498046875 0.0117502212524414 0.259735107421875 0.3685302734375
0.00175094604492188 -0.0261344909667969 -0.13153076171875 0.481353759765625
0.0106840133666992 0.00159931182861328 -0.338043212890625 0.21075439453125
0.0224227905273438 0.0212345123291016 0.00140380859375 0.0404243469238281
0.0236835479736328 -0.00437736511230469 0.4051513671875 -0.154998779296875
0.00969696044921875 -0.0150547027587891 0.210235595703125 -0.495849609375
-0.0064544677734375 0.00152873992919922 -0.2767333984375 -0.367889404296875
-0.00187110900878906 0.0156469345092773 -0.349822998046875 0.013458251953125
0.00807046890258789 0.00538539886474609 -0.191146850585937 0.188079833984375
0.0102567672729492 -0.00916194915771484 0.0110321044921875 0.181106567382813
0.00166511535644531 0.00591325759887695 0.115478515625 0.072174072265625
0.00116348266601563 0.00156307220458984 -0.106391906738281 -0.09515380859375
0.0137453079223633 -0.00830936431884766 0.01580810546875 -0.185440063476563
0.0114879608154297 0.00100517272949219 0.20977783203125 -0.173995971679688
0.00243568420410156 0.0205307006835937 0.382720947265625 0.01904296875
-0.00477790832519531 0.0121316909790039 0.2608642578125 0.367156982421875
0.00124931335449219 -0.0257892608642578 -0.130523681640625 0.48095703125
0.00878095626831055 0.00214862823486328 -0.336395263671875 0.2122802734375
0.0191555023193359 0.0209159851074219 0.001983642578125 0.040557861328125
0.0214157104492188 -0.0033111572265625 0.40765380859375 -0.154541015625
0.00955390930175781 -0.0136337280273438 0.211639404296875 -0.494842529296875
-0.00641107559204102 0.00096273422241211 -0.274871826171875 -0.36871337890625
-0.00185871124267578 0.0161905288696289 -0.349761962890625 0.013519287109375
0.00831460952758789 0.00621986389160156 -0.190155029296875 0.1888427734375
0.00961685180664063 -0.00945854187011719 0.01165771484375 0.181777954101563
0.00225114822387695 0.00599908828735352 0.115280151367188 0.0719070434570313
-0.000400543212890625 0.00246977806091309 -0.107063293457031 -0.0942764282226562
0.0137481689453125 -0.00824642181396484 0.0152740478515625 -0.185577392578125
0.0114536285400391 0.00225830078125 0.210968017578125 -0.172866821289063
0.00402450561523438 0.0206165313720703 0.384765625 0.02099609375
-0.00450325012207031 0.0116176605224609 0.261016845703125 0.368896484375
0.001129150390625 -0.0250701904296875 -0.130584716796875 0.48223876953125
0.00709867477416992 0.00255823135375977 -0.3353271484375 0.211761474609375
0.0156764984130859 0.0202064514160156 0.00431442260742188 0.0404739379882813
0.0188312530517578 -0.00365447998046875 0.40899658203125 -0.15484619140625
0.00878047943115234 -0.0135126113891602 0.212646484375 -0.496307373046875
-0.00479650497436523 0.00223541259765625 -0.2747802734375 -0.36871337890625
0.000116348266601562 0.0168609619140625 -0.348846435546875 0.014404296875
0.00704669952392578 0.0067138671875 -0.188629150390625 0.188064575195312
0.00899219512939453 -0.00902938842773438 0.0114288330078125 0.181900024414062
0.00254011154174805 0.00663137435913086 0.11578369140625 0.07177734375
-0.00133061408996582 0.00349307060241699 -0.106620788574219 -0.0929946899414062
0.0134096145629883 -0.00771045684814453 0.0170440673828125 -0.18450927734375
0.0102500915527344 0.00293636322021484 0.211929321289063 -0.171371459960938
0.00401115417480469 0.0223617553710938 0.384307861328125 0.023345947265625
-0.00402641296386719 0.0114049911499023 0.25750732421875 0.3721923828125
0.00157546997070313 -0.0248889923095703 -0.135498046875 0.48138427734375
0.00522470474243164 0.00297164916992188 -0.335357666015625 0.209991455078125
0.014007568359375 0.0201358795166016 0.00730133056640625 0.0402412414550781
0.0179367065429688 -0.00372886657714844 0.410064697265625 -0.15740966796875
0.00924968719482422 -0.0135812759399414 0.21087646484375 -0.497039794921875
-0.00405406951904297 0.00192403793334961 -0.27691650390625 -0.367431640625
3.71932983398443E-05 0.0166749954223633 -0.34783935546875 0.0161132812499999
0.00667142868041992 0.00768804550170898 -0.18780517578125 0.189193725585937
0.00911045074462891 -0.00883960723876953 0.013275146484375 0.1812744140625
0.00069284439086914 0.00707006454467774 0.116355895996094 0.071380615234375
-0.00209856033325195 0.00579595565795898 -0.106491088867188 -0.0921096801757812
0.0130653381347656 -0.00668621063232422 0.0188751220703125 -0.184494018554688
0.0106258392333984 0.00446414947509766 0.214462280273437 -0.168426513671875
0.00426101684570312 0.0226535797119141 0.3846435546875 0.02716064453125
-0.00280094146728515 0.0113773345947266 0.2535400390625 0.375518798828125
0.00229835510253906 -0.0246982574462891 -0.139190673828125 0.4813232421875
0.00575017929077148 0.00294637680053711 -0.335235595703125 0.2098388671875
0.0137195587158203 0.0201740264892578 0.0114898681640625 0.0403671264648438
0.0172014236450195 -0.00361156463623047 0.41058349609375 -0.16162109375
0.0106229782104492 -0.0134363174438477 0.205291748046875 -0.499298095703125
-0.00345349311828613 0.00186872482299805 -0.27972412109375 -0.362579345703125
3.62396240234367E-05 0.0168657302856445 -0.34765625 0.019622802734375
0.00675010681152344 0.0079197883605957 -0.1859130859375 0.18939208984375
0.00782680511474609 -0.00776100158691406 0.0145263671875 0.18121337890625
0.000633716583251952 0.00838184356689453 0.116561889648437 0.071136474609375
-0.00443887710571289 0.00650405883789063 -0.105339050292969 -0.092559814453125
0.0129718780517578 -0.00544929504394531 0.0207366943359375 -0.184127807617187
0.0103616714477539 0.00511741638183594 0.215835571289063 -0.166900634765625
0.00317001342773438 0.0224056243896484 0.3812255859375 0.03265380859375
-0.00338459014892578 0.0106468200683594 0.246856689453125 0.379730224609375
0.00417709350585937 -0.0257377624511719 -0.146240234375 0.48138427734375
0.006683349609375 0.00238418579101563 -0.335601806640625 0.205352783203125
0.0134162902832031 0.0197868347167969 0.0155448913574219 0.0399360656738281
0.018157958984375 -0.00445747375488281 0.409271240234375 -0.164520263671875
0.0113344192504883 -0.01361083984375 0.197906494140625 -0.50067138671875
-0.00322794914245605 0.00204324722290039 -0.2852783203125 -0.35736083984375
-0.000228881835937502 0.0178852081298828 -0.346954345703125 0.02508544921875
0.00627040863037109 0.00911998748779297 -0.184249877929688 0.191452026367187
0.00797748565673828 -0.0067291259765625 0.015838623046875 0.180084228515625
-0.00145053863525391 0.0105314254760742 0.117904663085938 0.070770263671875
-0.00109362602233887 0.0036771297454834 -0.105430603027344 -0.0982742309570313
0.0148162841796875 -0.00664997100830078 0.0152130126953125 -0.188446044921875
0.0120048522949219 0.000210762023925781 0.211746215820313 -0.174087524414063
0.000682830810546876 0.0191020965576172 0.38360595703125 0.023468017578125
-0.00631809234619141 0.0101842880249023 0.25604248046875 0.374359130859375
0.00297355651855469 -0.0284023284912109 -0.14013671875 0.484619140625
0.0163259506225586 0.000522613525390625 -0.339080810546875 0.21051025390625
0.0294723510742188 0.0218029022216797 0.00551223754882813 0.0404396057128906
0.0282878875732422 -0.00485610961914062 0.404510498046875 -0.163726806640625
0.0106382369995117 -0.0163669586181641 0.196685791015625 -0.5010986328125
-0.00685787200927734 0.000704765319824219 -0.289031982421875 -0.36151123046875
-0.00249481201171875 0.0151567459106445 -0.353759765625 0.02484130859375
0.00808143615722656 0.00514888763427734 -0.1883544921875 0.194244384765625
0.0115880966186523 -0.008636474609375 0.012939453125 0.181365966796875
0.0005645751953125 0.01031494140625 0.117790222167969 0.0702056884765625
0.000371217727661133 0.00250983238220215 -0.10638427734375 -0.0969924926757812
0.0145120620727539 -0.00766849517822266 0.013763427734375 -0.18780517578125
0.0122909545898438 -0.000158309936523438 0.209197998046875 -0.176467895507813
0.00128555297851563 0.0191574096679688 0.384796142578125 0.018463134765625
-0.0059814453125 0.0112199783325195 0.261077880859375 0.37054443359375
0.00131797790527344 -0.0273628234863281 -0.1334228515625 0.48492431640625
0.0141916275024414 0.00120353698730469 -0.337432861328125 0.214080810546875
0.0267505645751953 0.0221595764160156 0.00336456298828125 0.0404205322265625
0.026641845703125 -0.00436782836914063 0.404327392578125 -0.16009521484375
0.0102825164794922 -0.015899658203125 0.202178955078125 -0.5006103515625
-0.00675392150878906 0.00067138671875 -0.2850341796875 -0.364227294921875
-0.00136375427246094 0.0154037475585938 -0.353363037109375 0.020751953125
0.00824213027954101 0.00488901138305664 -0.189453125 0.193923950195313
0.0107440948486328 -0.00876331329345703 0.0123443603515625 0.18145751953125
0.00281715393066406 0.00713777542114258 0.116836547851563 0.07073974609375
0.00156784057617188 0.00259995460510254 -0.107650756835938 -0.0961837768554687
0.0140113830566406 -0.00854778289794922 0.0119171142578125 -0.187393188476562
0.0114049911499023 7.82012939453125E-05 0.208602905273438 -0.177169799804688
0.00255966186523438 0.0198497772216797 0.384613037109375 0.015777587890625
-0.00513458251953125 0.010650634765625 0.26397705078125 0.368011474609375
0.00110626220703125 -0.0267620086669922 -0.1280517578125 0.483367919921875
0.0110912322998047 0.00163555145263672 -0.337646484375 0.215850830078125
0.0228939056396484 0.0209178924560547 0.00151824951171875 0.0402755737304688
0.0239772796630859 -0.00402069091796875 0.406341552734375 -0.158447265625
0.00941658020019531 -0.0147190093994141 0.2073974609375 -0.499053955078125
-0.00623226165771484 0.000968456268310546 -0.28082275390625 -0.36767578125
-0.001068115234375 0.0148468017578125 -0.35125732421875 0.0179138183593749
0.00794029235839844 0.00512266159057617 -0.18975830078125 0.192642211914063
0.010406494140625 -0.00928688049316406 0.0132598876953125 0.1832275390625
0.00283050537109375 0.00715160369873047 0.117050170898438 0.0718231201171875
0.000789642333984375 0.00172770023345947 -0.108795166015625 -0.0947494506835937
0.0131807327270508 -0.00879383087158203 0.0133056640625 -0.186599731445313
0.0112142562866211 0.000918388366699219 0.209014892578125 -0.176834106445313
0.00362777709960938 0.0207328796386719 0.384185791015625 0.01556396484375
-0.00432109832763672 0.0120573043823242 0.266021728515625 0.36566162109375
0.00111961364746094 -0.0256423950195313 -0.12615966796875 0.483184814453125
0.00926494598388672 0.00208282470703125 -0.33575439453125 0.215576171875
0.0193347930908203 0.020751953125 0.00288772583007813 0.0402030944824219
0.021514892578125 -0.00366783142089844 0.408050537109375 -0.157562255859375
0.00884246826171875 -0.0140151977539062 0.209716796875 -0.4993896484375
-0.00544071197509766 0.00143909454345703 -0.279632568359375 -0.368621826171875
0.000476837158203124 0.0156335830688477 -0.351165771484375 0.0169677734375
0.00818109512329102 0.00626277923583984 -0.188156127929688 0.191024780273438
0.0101318359375 -0.00983428955078125 0.013580322265625 0.183029174804688
0.0037236213684082 0.00618791580200195 0.11724853515625 0.07171630859375
0.000142812728881836 0.00280189514160156 -0.108619689941406 -0.093719482421875
0.0134057998657227 -0.00907325744628906 0.013519287109375 -0.186492919921875
0.0113162994384766 0.00202560424804687 0.210037231445312 -0.176422119140625
0.00404930114746094 0.021026611328125 0.386383056640625 0.015869140625
-0.00386619567871094 0.0119295120239258 0.26513671875 0.36669921875
0.000202178955078124 -0.0252914428710938 -0.12738037109375 0.484527587890625
0.00760364532470703 0.00256109237670898 -0.336883544921875 0.215545654296875
0.0165119171142578 0.0203189849853516 0.00442123413085938 0.0402641296386719
0.0193061828613281 -0.00372314453125 0.41070556640625 -0.158782958984375
0.00909328460693359 -0.0139646530151367 0.21014404296875 -0.500701904296875
-0.00415945053100586 0.00174450874328613 -0.278564453125 -0.367523193359375
-0.000231742858886718 0.0161533355712891 -0.35028076171875 0.017486572265625
0.0070042610168457 0.00691986083984375 -0.1884765625 0.191726684570313
0.00933361053466797 -0.00915431976318359 0.0144195556640625 0.182815551757813
0.00229835510253906 0.00675582885742188 0.117210388183594 0.0717391967773438
-0.000510454177856445 0.00364351272583008 -0.108963012695312 -0.0926055908203125
0.0127353668212891 -0.00774478912353516 0.015655517578125 -0.186447143554688
0.0113859176635742 0.00278759002685547 0.21160888671875 -0.1744384765625
0.00425529479980469 0.0211143493652344 0.38592529296875 0.018951416015625
-0.00284957885742187 0.0113019943237305 0.262939453125 0.369781494140625
0.000726699829101565 -0.0253009796142578 -0.12982177734375 0.4849853515625
0.00548791885375977 0.00268936157226563 -0.3341064453125 0.212921142578125
0.0141677856445313 0.0200634002685547 0.00789260864257813 0.0405654907226562
0.0176181793212891 -0.00356483459472656 0.41009521484375 -0.161224365234375
0.00935935974121094 -0.013798713684082 0.206298828125 -0.5029296875
-0.00412988662719726 0.00195646286010742 -0.28094482421875 -0.366485595703125
0.000638961791992188 0.0163850784301758 -0.3499755859375 0.019439697265625
0.00716066360473633 0.00759696960449219 -0.187164306640625 0.191848754882812
0.00866985321044922 -0.00952911376953125 0.015899658203125 0.183059692382813
0.00169467926025391 0.00749874114990234 0.117416381835938 0.0718917846679688
-0.0016937255859375 0.00586271286010742 -0.108245849609375 -0.0918731689453125
0.0121946334838867 -0.00697994232177734 0.016754150390625 -0.186126708984375
0.0113162994384766 0.00443744659423828 0.214126586914063 -0.173019409179688
0.00412368774414062 0.0220165252685547 0.387054443359375 0.023223876953125
-0.00284385681152344 0.0106430053710938 0.2587890625 0.3743896484375
0.00204277038574219 -0.0252895355224609 -0.13446044921875 0.483734130859375
0.0060267448425293 0.00268936157226563 -0.335662841796875 0.21234130859375
0.0131969451904297 0.0198554992675781 0.01123046875 0.0403099060058594
0.0173664093017578 -0.00338077545166016 0.4095458984375 -0.1661376953125
0.0101919174194336 -0.0137653350830078 0.202423095703125 -0.50347900390625
-0.00302577018737793 0.00206899642944336 -0.28497314453125 -0.36279296875
0.000400543212890626 0.0170125961303711 -0.349273681640625 0.023193359375
0.00672101974487305 0.00848102569580078 -0.18536376953125 0.192367553710938
0.00825977325439453 -0.00818872451782227 0.01654052734375 0.18255615234375
0.00149774551391602 0.00863742828369141 0.118423461914063 0.0705032348632813
-0.00371170043945312 0.00694561004638672 -0.107353210449219 -0.0920944213867187
0.0127420425415039 -0.00551605224609375 0.0184783935546875 -0.186172485351563
0.00992584228515625 0.00552177429199219 0.21600341796875 -0.170440673828125
0.00369644165039062 0.0224723815917969 0.384674072265625 0.02789306640625
-0.00204181671142578 0.0107202529907227 0.25372314453125 0.37860107421875
0.003662109375 -0.0264682769775391 -0.143463134765625 0.4847412109375
0.00626611709594727 0.00255393981933594 -0.335357666015625 0.20989990234375
0.0141963958740234 0.0200004577636719 0.0160408020019531 0.0405426025390625
0.018341064453125 -0.00439071655273438 0.4095458984375 -0.16986083984375
0.0114040374755859 -0.0141448974609375 0.194061279296875 -0.50531005859375
-0.00291228294372559 0.00179171562194824 -0.289520263671875 -0.3568115234375
0.000814437866210936 0.017669677734375 -0.3487548828125 0.0281982421875
0.00631952285766602 0.00874423980712891 -0.18328857421875 0.194381713867188
0.00807332992553711 -0.00667953491210938 0.0187225341796875 0.181198120117188
-0.00074005126953125 0.010401725769043 0.119590759277344 0.070159912109375
0.000475168228149414 0.00428891181945801 -0.107376098632813 -0.098663330078125
0.0150957107543945 -0.00706672668457031 0.0117645263671875 -0.190048217773437
0.0117950439453125 0.000295639038085938 0.210906982421875 -0.17822265625
0.00201797485351563 0.0188064575195313 0.385162353515625 0.01947021484375
-0.00586223602294922 0.00998401641845703 0.261016845703125 0.373260498046875
0.00272941589355469 -0.0287075042724609 -0.134918212890625 0.4874267578125
0.0163364410400391 0.000669479370117188 -0.338287353515625 0.21466064453125
0.03009033203125 0.0216655731201172 0.00536727905273438 0.0400581359863281
0.0281181335449219 -0.00541114807128906 0.404541015625 -0.16778564453125
0.0107593536376953 -0.01611328125 0.19183349609375 -0.5052490234375
-0.0072789192199707 0.000683307647705079 -0.293670654296875 -0.35809326171875
-0.00157546997070313 0.0148477554321289 -0.3553466796875 0.02813720703125
0.00838422775268555 0.00411224365234375 -0.187362670898438 0.198211669921875
0.0111398696899414 -0.00887203216552734 0.0156097412109375 0.183197021484375
0.00215339660644531 0.00995922088623047 0.119155883789063 0.0705184936523438
0.00145959854125977 0.00314450263977051 -0.108207702636719 -0.0975494384765625
0.0143823623657227 -0.00783443450927734 0.0117340087890625 -0.19036865234375
0.0121192932128906 -0.00018310546875 0.210052490234375 -0.179672241210937
0.00228309631347656 0.0188446044921875 0.38677978515625 0.01458740234375
-0.00532245635986328 0.0099191665649414 0.265380859375 0.36712646484375
0.00138664245605469 -0.0268993377685547 -0.127410888671875 0.48651123046875
0.0138673782348633 0.000790596008300781 -0.3372802734375 0.2176513671875
0.0270786285400391 0.0216598510742187 0.00288772583007813 0.0401420593261719
0.0264301300048828 -0.00474739074707031 0.40582275390625 -0.16485595703125
0.0103044509887695 -0.0159282684326172 0.197479248046875 -0.504638671875
-0.00698757171630859 0.000523090362548829 -0.29083251953125 -0.3638916015625
-0.00197792053222656 0.0149755477905273 -0.355194091796875 0.0244140625000001
0.00821399688720703 0.00472688674926758 -0.188858032226562 0.196792602539062
0.0107622146606445 -0.00952816009521484 0.0150299072265625 0.183456420898438
0.00320911407470703 0.00843143463134766 0.118576049804688 0.0705184936523438
0.00141382217407227 0.00192415714263916 -0.109542846679688 -0.0958404541015625
0.0140514373779297 -0.00853443145751953 0.00970458984374999 -0.189315795898438
0.0119476318359375 0.000642776489257812 0.207077026367188 -0.181442260742188
0.00351715087890625 0.0193233489990234 0.387237548828125 0.010894775390625
-0.00503063201904297 0.0111227035522461 0.269989013671875 0.364776611328125
0.00042724609375 -0.0267677307128906 -0.123382568359375 0.485992431640625
0.0113344192504883 0.000861167907714844 -0.336212158203125 0.218719482421875
0.0238780975341797 0.0212039947509766 0.00225067138671875 0.040618896484375
0.0242328643798828 -0.00461578369140625 0.406646728515625 -0.162872314453125
0.00893115997314453 -0.0148420333862305 0.20269775390625 -0.502777099609375
-0.00580215454101563 0.00079965591430664 -0.287445068359375 -0.3665771484375
-0.00109386444091797 0.0148458480834961 -0.353759765625 0.0218505859375
0.0084233283996582 0.00511026382446289 -0.188735961914063 0.195404052734375
0.00999164581298828 -0.0100030899047852 0.01531982421875 0.185012817382813
0.00340890884399414 0.00636196136474609 0.119331359863281 0.0710830688476563
0.00135767459869385 0.00200629234313965 -0.110420227050781 -0.0942001342773438
0.013214111328125 -0.00859737396240234 0.0100555419921875 -0.188201904296875
0.0116643905639648 0.00120353698730469 0.208023071289063 -0.180984497070313
0.00381088256835938 0.0199050903320313 0.386962890625 0.00946044921875
-0.00478172302246094 0.0107688903808594 0.269805908203125 0.36322021484375
-3.24249267578121E-05 -0.0269737243652344 -0.121826171875 0.48583984375
0.00814485549926758 0.000824451446533203 -0.33599853515625 0.21917724609375
0.0208511352539062 0.0214042663574219 0.0026397705078125 0.040374755859375
0.0215244293212891 -0.00259780883789063 0.407867431640625 -0.161895751953125
0.00887489318847656 -0.0145864486694336 0.204559326171875 -0.503814697265625
-0.00514459609985352 0.00104808807373047 -0.28509521484375 -0.367767333984375
3.62396240234364E-05 0.0156650543212891 -0.353424072265625 0.0213012695312501
0.00744533538818359 0.00616645812988281 -0.187454223632812 0.195266723632813
0.00992488861083984 -0.0104217529296875 0.0160675048828125 0.184616088867187
0.00361156463623047 0.00635194778442383 0.119300842285156 0.0714187622070312
0.000565290451049805 0.00285816192626953 -0.110633850097656 -0.0934829711914063
0.0128316879272461 -0.00862693786621094 0.0110015869140625 -0.187728881835938
0.0118589401245117 0.00191688537597656 0.209014892578125 -0.179855346679688
0.00401878356933593 0.0208320617675781 0.387786865234375 0.01104736328125
-0.00362014770507813 0.010920524597168 0.27093505859375 0.365081787109375
8.96453857421858E-05 -0.025970458984375 -0.12322998046875 0.487396240234375
0.00731658935546875 0.00207853317260742 -0.334136962890625 0.21868896484375
0.0173091888427734 0.0206222534179688 0.0050201416015625 0.04052734375
0.0187454223632813 -0.00350761413574219 0.410186767578125 -0.163665771484375
0.00881862640380859 -0.0142412185668945 0.2060546875 -0.5054931640625
-0.00427627563476563 0.00170540809631348 -0.283935546875 -0.3673095703125
0.000247955322265626 0.0155487060546875 -0.35186767578125 0.02130126953125
0.00796747207641602 0.00629281997680664 -0.186996459960938 0.196075439453125
0.00878143310546875 -0.00988674163818359 0.017181396484375 0.184799194335938
0.00312376022338867 0.00630807876586914 0.119155883789063 0.0709991455078125
0.000245809555053711 0.00423955917358398 -0.110374450683594 -0.0921630859375
0.0125322341918945 -0.00783252716064453 0.012969970703125 -0.1876220703125
0.0109529495239258 0.00355052947998047 0.21087646484375 -0.1788330078125
0.0052337646484375 0.0211410522460938 0.38861083984375 0.013153076171875
-0.00296783447265625 0.0106229782104492 0.26788330078125 0.367645263671875
2.28881835937521E-05 -0.0262546539306641 -0.12664794921875 0.48822021484375
0.00601100921630859 0.00249719619750977 -0.334259033203125 0.21759033203125
0.0143775939941406 0.0200843811035156 0.008209228515625 0.0405769348144531
0.0177822113037109 -0.00339317321777344 0.41009521484375 -0.165863037109375
0.00921440124511719 -0.0142021179199219 0.20416259765625 -0.5062255859375
-0.00417900085449219 0.00173258781433106 -0.285614013671875 -0.364837646484375
0.000814437866210937 0.0166616439819336 -0.35089111328125 0.023284912109375
0.00704717636108398 0.00759077072143555 -0.18597412109375 0.195419311523438
0.00879859924316406 -0.00979232788085938 0.0186309814453125 0.184066772460938
0.00259733200073242 0.00792694091796875 0.119132995605469 0.07080078125
-0.00145912170410156 0.00591468811035156 -0.109733581542969 -0.0914535522460938
0.0128192901611328 -0.00705051422119141 0.0140533447265625 -0.187576293945313
0.0109319686889648 0.00470161437988281 0.212936401367188 -0.176422119140625
0.00518608093261719 0.0218105316162109 0.388031005859375 0.017547607421875
-0.00227069854736328 0.0102205276489258 0.2637939453125 0.37115478515625
0.00155830383300781 -0.0265789031982422 -0.132110595703125 0.48828125
0.00576639175415039 0.00274085998535156 -0.335357666015625 0.2152099609375
0.0132560729980469 0.0197582244873047 0.0122261047363281 0.0408935546875
0.0178337097167969 -0.00333595275878906 0.410736083984375 -0.169036865234375
0.0100564956665039 -0.013768196105957 0.198638916015625 -0.507598876953125
-0.00319051742553711 0.00185108184814453 -0.288421630859375 -0.360626220703125
0.00099658966064453 0.0167837142944336 -0.351043701171875 0.0261840820312499
0.00703001022338867 0.00786352157592773 -0.183731079101563 0.196014404296875
0.00813102722167969 -0.00832843780517578 0.0192413330078125 0.183517456054688
0.00168418884277344 0.00913429260253906 0.120689392089844 0.0699691772460938
-0.00321722030639648 0.00703620910644531 -0.109199523925781 -0.0917587280273438
0.0124044418334961 -0.00612163543701172 0.0166015625 -0.187408447265625
0.0101442337036133 0.00482559204101563 0.214263916015625 -0.174789428710938
0.00427055358886719 0.0225028991699219 0.387664794921875 0.0242919921875
-0.00189590454101562 0.00998020172119141 0.2587890625 0.376220703125
0.00252151489257813 -0.0271053314208984 -0.13751220703125 0.48687744140625
0.00665569305419922 0.00221633911132813 -0.334991455078125 0.21234130859375
0.0145320892333984 0.0200939178466797 0.0159149169921875 0.0405311584472656
0.0182285308837891 -0.004119873046875 0.410064697265625 -0.17340087890625
0.0112676620483398 -0.0146703720092773 0.191375732421875 -0.508544921875
-0.00286865234375 0.0015108585357666 -0.295135498046875 -0.35546875
0.000781059265136719 0.0173511505126953 -0.350128173828125 0.0314941406250001
0.00607919692993164 0.00819683074951172 -0.181610107421875 0.198211669921875
0.00823450088500977 -0.00737905502319336 0.021270751953125 0.182464599609375
9.3460083007812E-05 0.0108604431152344 0.120872497558594 0.0696563720703125
-3.38554382324214E-05 0.00528383255004883 -0.109626770019531 -0.0977706909179688
0.0139169692993164 -0.00837612152099609 0.01019287109375 -0.191375732421875
0.0118427276611328 -0.000418663024902344 0.20941162109375 -0.181289672851563
0.00206756591796875 0.0193233489990234 0.38818359375 0.01312255859375
-0.00672817230224609 0.00913715362548828 0.26544189453125 0.36944580078125
0.00115966796875 -0.0287284851074219 -0.1298828125 0.48846435546875
0.0165853500366211 -0.000585556030273438 -0.337432861328125 0.2193603515625
0.0301971435546875 0.0221462249755859 0.00641250610351563 0.0406761169433594
0.0278606414794922 -0.00542831420898438 0.4029541015625 -0.17254638671875
0.0101766586303711 -0.0167608261108398 0.187591552734375 -0.50860595703125
-0.00655651092529297 0.000608921051025391 -0.298919677734375 -0.35687255859375
-0.00171756744384766 0.0148248672485352 -0.35650634765625 0.03265380859375
0.00837564468383789 0.00472021102905273 -0.185317993164063 0.201858520507813
0.0107545852661133 -0.00873851776123047 0.0187530517578125 0.183563232421875
0.00194358825683594 0.00948619842529297 0.122116088867187 0.0699310302734375
0.0013422966003418 0.00298666954040527 -0.110557556152344 -0.0967178344726563
0.0132646560668945 -0.00760173797607422 0.00877380371093749 -0.1912841796875
0.0118141174316406 -0.000235557556152344 0.206680297851563 -0.18353271484375
0.00338363647460938 0.0185356140136719 0.387298583984375 0.008697509765625
-0.006103515625 0.0100564956665039 0.271636962890625 0.3646240234375
0.00113868713378906 -0.0285816192626953 -0.12139892578125 0.4901123046875
0.0137434005737305 0.000731468200683594 -0.33563232421875 0.220703125
0.0277481079101563 0.0211372375488281 0.00433349609375 0.040863037109375
0.0270042419433594 -0.00428962707519531 0.40460205078125 -0.1695556640625
0.00918769836425781 -0.0160713195800781 0.192657470703125 -0.5091552734375
-0.00555896759033203 0.00139760971069336 -0.294921875 -0.36126708984375
-0.00108814239501953 0.0146045684814453 -0.355316162109375 0.02923583984375
0.0083303451538086 0.00480222702026367 -0.18701171875 0.20050048828125
0.00994014739990234 -0.0092172622680664 0.0181121826171875 0.184402465820313
0.00420475006103516 0.00764226913452148 0.121131896972656 0.0700302124023438
0.00158905982971191 0.00224018096923828 -0.111991882324219 -0.0952377319335938
0.0138740539550781 -0.0085296630859375 0.00762939453125001 -0.190780639648438
0.0116195678710938 0.000246047973632813 0.20599365234375 -0.184280395507813
0.00364494323730469 0.0194187164306641 0.38848876953125 0.003875732421875
-0.00499057769775391 0.0106401443481445 0.2760009765625 0.3623046875
-7.62939453124874E-06 -0.0272502899169922 -0.119049072265625 0.489593505859375
0.0111913681030273 0.00123786926269531 -0.33489990234375 0.222686767578125
0.0245437622070313 0.0212879180908203 0.00186538696289063 0.0412139892578125
0.023223876953125 -0.00369453430175781 0.406982421875 -0.16802978515625
0.00901031494140625 -0.0154285430908203 0.198577880859375 -0.50762939453125
-0.00599145889282227 0.00188922882080078 -0.291351318359375 -0.36505126953125
-7.91549682617199E-05 0.0151643753051758 -0.354949951171875 0.02618408203125
0.00935173034667969 0.00442886352539063 -0.186599731445313 0.198715209960937
0.0108785629272461 -0.0107002258300781 0.0183258056640625 0.1859130859375
0.00382900238037109 0.00719070434570312 0.120903015136719 0.071136474609375
0.000891566276550293 0.00157666206359863 -0.112236022949219 -0.0935211181640625
0.0134286880493164 -0.00872898101806641 0.00787353515624998 -0.189620971679688
0.0117835998535156 0.000399589538574219 0.205947875976563 -0.185562133789063
0.00461387634277344 0.0188083648681641 0.38702392578125 0.004852294921875
-0.00363254547119141 0.010869026184082 0.275970458984375 0.361328125
-0.00124168395996094 -0.0269699096679688 -0.1162109375 0.48944091796875
0.00880146026611328 0.0012969970703125 -0.333892822265625 0.22283935546875
0.0207405090332031 0.0205364227294922 0.00310897827148438 0.0410881042480469
0.0210590362548828 -0.00337791442871094 0.407623291015625 -0.168365478515625
0.00928974151611328 -0.0144987106323242 0.2015380859375 -0.50775146484375
-0.00533771514892578 0.000774383544921876 -0.2901611328125 -0.366607666015625
0.000327110290527343 0.0151052474975586 -0.3546142578125 0.02471923828125
0.00781106948852539 0.00586700439453125 -0.185791015625 0.199188232421875
0.00986862182617188 -0.0101232528686523 0.0186309814453125 0.185638427734375
0.00478792190551758 0.0063776969909668 0.120597839355469 0.0706558227539063
0.000751018524169922 0.00354313850402832 -0.112617492675781 -0.092620849609375
0.0133047103881836 -0.00859928131103516 0.00808715820312501 -0.189498901367188
0.0109882354736328 0.00241565704345703 0.20709228515625 -0.184600830078125
0.00548171997070313 0.0204219818115234 0.38934326171875 0.005096435546875
-0.00322723388671875 0.0103931427001953 0.276397705078125 0.361846923828125
-0.00125885009765625 -0.0263576507568359 -0.1173095703125 0.489654541015625
0.00671577453613281 0.00247907638549805 -0.332763671875 0.222564697265625
0.017730712890625 0.0201435089111328 0.00497055053710937 0.0407752990722656
0.0186481475830078 -0.00399398803710938 0.410400390625 -0.168365478515625
0.00821876525878906 -0.0148038864135742 0.201080322265625 -0.509185791015625
-0.00429964065551758 0.00106716156005859 -0.288665771484375 -0.365875244140625
0.00103282928466797 0.0161142349243164 -0.354248046875 0.0267639160156251
0.00792407989501953 0.00645685195922851 -0.185882568359375 0.19818115234375
0.00878429412841797 -0.0100269317626953 0.019866943359375 0.184783935546875
0.00404119491577149 0.00658321380615234 0.121391296386719 0.0705642700195313
0.000691890716552734 0.00470733642578125 -0.112709045410156 -0.091644287109375
0.0127620697021484 -0.00784206390380859 0.010162353515625 -0.188262939453125
0.010807991027832 0.00301551818847656 0.209152221679688 -0.182052612304688
0.00518035888671875 0.0211029052734375 0.390228271484375 0.007049560546875
-0.00268173217773438 0.0103225708007813 0.2735595703125 0.36505126953125
-0.000865936279296873 -0.0267486572265625 -0.121368408203125 0.48944091796875
0.00601291656494141 0.00285100936889648 -0.33380126953125 0.220489501953125
0.0148754119873047 0.0201454162597656 0.00787353515625 0.0407524108886719
0.0176906585693359 -0.00328445434570313 0.410125732421875 -0.169830322265625
0.00881767272949219 -0.0138883590698242 0.19903564453125 -0.51031494140625
-0.00329470634460449 0.00130224227905273 -0.290924072265625 -0.364013671875
0.00164222717285156 0.0162429809570313 -0.352996826171875 0.02783203125
0.00711679458618164 0.00750827789306641 -0.184768676757813 0.199249267578125
0.00853347778320313 -0.00917434692382813 0.0212860107421875 0.185028076171875
0.00326824188232422 0.00749874114990234 0.121963500976563 0.070159912109375
-0.00120449066162109 0.00654315948486328 -0.111480712890625 -0.0913238525390625
0.0123939514160156 -0.00715827941894531 0.011566162109375 -0.188522338867187
0.0106096267700195 0.00502204895019531 0.211380004882813 -0.180404663085938
0.00548362731933594 0.0214157104492188 0.38970947265625 0.0125732421875
-0.00191593170166016 0.00994110107421875 0.269378662109375 0.3692626953125
0.000375747680664064 -0.0266742706298828 -0.126251220703125 0.48980712890625
0.00599384307861328 0.00290346145629883 -0.3330078125 0.220367431640625
0.0140743255615234 0.0199661254882813 0.0121421813964844 0.0410079956054688
0.0173044204711914 -0.00376605987548828 0.410919189453125 -0.1748046875
0.00980758666992188 -0.0140676498413086 0.192535400390625 -0.51141357421875
-0.00303196907043457 0.0016777515411377 -0.294464111328125 -0.358734130859375
0.00123310089111328 0.0168333053588867 -0.352081298828125 0.0313110351562501
0.00706768035888672 0.00814437866210938 -0.181869506835938 0.19927978515625
0.0074925422668457 -0.00864076614379883 0.02197265625 0.184844970703125
0.0029449462890625 0.00949573516845703 0.121780395507813 0.0694351196289063
-0.00285625457763672 0.00742959976196289 -0.110786437988281 -0.0909805297851562
0.0122451782226563 -0.00571346282958984 0.013092041015625 -0.189407348632813
0.0107755661010742 0.00497055053710938 0.213150024414062 -0.1785888671875
0.00481796264648438 0.022064208984375 0.389678955078125 0.017303466796875
-0.00166034698486328 0.0095367431640625 0.264678955078125 0.373260498046875
0.00204658508300781 -0.0274982452392578 -0.132904052734375 0.489715576171875
0.0073399543762207 0.00197076797485352 -0.333160400390625 0.216583251953125
0.0145587921142578 0.0199775695800781 0.0165672302246094 0.0405082702636719
0.0183429718017578 -0.0041351318359375 0.410125732421875 -0.1790771484375
0.0101995468139648 -0.0144071578979492 0.185150146484375 -0.5120849609375
-0.00252628326416016 0.00143742561340332 -0.3001708984375 -0.35394287109375
0.00179672241210938 0.0175085067749023 -0.3511962890625 0.03662109375
0.00627899169921875 0.00862026214599609 -0.179794311523437 0.200714111328125
0.00790643692016602 -0.00731229782104492 0.0237579345703125 0.183502197265625
0.00124359130859375 0.0108366012573242 0.123146057128906 0.0685577392578125
0.000646114349365234 0.00538730621337891 -0.111991882324219 -0.097137451171875
0.014286994934082 -0.00717830657958984 0.00677490234374999 -0.1929931640625
0.0123434066772461 -0.000112533569335937 0.207427978515625 -0.185501098632813
0.00242424011230469 0.0189895629882813 0.389434814453125 0.00665283203125
-0.00558853149414063 0.00926589965820313 0.272430419921875 0.36663818359375
0.00161552429199219 -0.0296478271484375 -0.12353515625 0.491851806640625
0.0160284042358398 0.000471115112304687 -0.335296630859375 0.2225341796875
0.0307369232177734 0.0211410522460938 0.00729751586914063 0.0411262512207031
0.0275402069091797 -0.00506973266601562 0.403106689453125 -0.178558349609375
0.0100774765014648 -0.0166034698486328 0.182464599609375 -0.5125732421875
-0.00692033767700195 0.000820636749267579 -0.304351806640625 -0.354827880859375
-0.00119400024414063 0.0147333145141602 -0.35760498046875 0.03778076171875
0.00793600082397461 0.00483083724975586 -0.183685302734375 0.204986572265625
0.0102882385253906 -0.00877285003662109 0.02166748046875 0.184463500976563
0.00217247009277344 0.00995826721191406 0.123680114746094 0.0683975219726562
0.00137591361999512 0.00318789482116699 -0.111778259277344 -0.0955429077148438
0.0140752792358398 -0.00915050506591797 0.00637817382812499 -0.192535400390625
0.01141357421875 -0.00020599365234375 0.205459594726562 -0.188385009765625
0.00361824035644531 0.0188789367675781 0.3895263671875 0.0013427734375
-0.00592041015625 0.00933265686035156 0.277679443359375 0.36285400390625
-0.000459671020507814 -0.0286712646484375 -0.116973876953125 0.491729736328125
0.0142822265625 -0.000226020812988281 -0.334014892578125 0.22576904296875
0.0286312103271484 0.0216331481933594 0.0039215087890625 0.0417137145996094
0.0264053344726563 -0.00488090515136719 0.4039306640625 -0.1748046875
0.00936222076416016 -0.0165271759033203 0.187835693359375 -0.51312255859375
-0.00622940063476563 0.000235557556152345 -0.30078125 -0.3597412109375
-0.000510215759277343 0.0140323638916016 -0.3563232421875 0.033416748046875
0.00891971588134766 0.004425048828125 -0.185516357421875 0.204421997070313
0.0106353759765625 -0.00997352600097656 0.0206756591796875 0.185958862304688
0.00406312942504883 0.00826263427734375 0.122894287109375 0.0684738159179688
0.00243973731994629 0.00282502174377441 -0.114021301269531 -0.0948257446289062
0.0139636993408203 -0.00955772399902344 0.00379943847656248 -0.190994262695312
0.0117244720458984 -0.000337600708007813 0.20355224609375 -0.189712524414063
0.00420570373535156 0.0190563201904297 0.39019775390625 -0.000488281249999999
-0.00488948822021484 0.0105228424072266 0.281494140625 0.35784912109375
-0.000610351562499998 -0.0279140472412109 -0.11370849609375 0.490386962890625
0.0114097595214844 0.000162124633789063 -0.333526611328125 0.226898193359375
0.0244312286376953 0.0207843780517578 0.0030517578125 0.040985107421875
0.0238189697265625 -0.00482940673828125 0.40509033203125 -0.172271728515625
0.00823497772216797 -0.0151948928833008 0.19268798828125 -0.510833740234375
-0.00590610504150391 0.000857353210449219 -0.296630859375 -0.363006591796875
0.000247955322265626 0.0146379470825195 -0.355560302734375 0.0301818847656249
0.0084991455078125 0.00512075424194336 -0.18487548828125 0.202621459960938
0.00991249084472656 -0.0111351013183594 0.0211029052734375 0.186248779296875
0.00454092025756836 0.00793886184692383 0.123680114746094 0.0695953369140625
0.00333905220031738 0.00263452529907227 -0.115272521972656 -0.0932998657226563
0.0130405426025391 -0.00911712646484375 0.00495910644531251 -0.191192626953125
0.0116109848022461 0.000187873840332031 0.20361328125 -0.188232421875
0.00503921508789062 0.0199737548828125 0.388916015625 -0.002471923828125
-0.00373363494873047 0.00995254516601563 0.2823486328125 0.3572998046875
-0.00144767761230469 -0.0280075073242188 -0.111297607421875 0.49114990234375
0.00856733322143555 0.000566482543945313 -0.332366943359375 0.226287841796875
0.0215358734130859 0.0211505889892578 0.00350570678710938 0.0411529541015625
0.0214672088623047 -0.00426673889160156 0.40625 -0.172332763671875
0.00867080688476563 -0.015233039855957 0.195587158203125 -0.510772705078125
-0.00510263442993164 0.000943183898925782 -0.29510498046875 -0.362152099609375
0.000486373901367188 0.0155782699584961 -0.35614013671875 0.0290832519531251
0.00853919982910156 0.0056915283203125 -0.184677124023437 0.20220947265625
0.00940608978271484 -0.00999736785888672 0.0219879150390625 0.186126708984375
0.00526237487792969 0.00654745101928711 0.12261962890625 0.0695114135742188
0.00123691558837891 0.0036473274230957 -0.114891052246094 -0.0920181274414062
0.0128860473632813 -0.00874900817871094 0.00479125976562498 -0.189666748046875
0.0113859176635742 0.00214576721191406 0.20574951171875 -0.188339233398438
0.00600624084472656 0.0201587677001953 0.391448974609375 -0.000823974609374999
-0.00260734558105469 0.0100002288818359 0.280914306640625 0.35906982421875
-0.00103187561035156 -0.0265769958496094 -0.11260986328125 0.49169921875
0.00726222991943359 0.00237751007080078 -0.3310546875 0.226104736328125
0.0176849365234375 0.02008056640625 0.00511550903320312 0.0411376953125
0.0201320648193359 -0.00379371643066406 0.40911865234375 -0.17327880859375
0.00790596008300781 -0.0146417617797852 0.195220947265625 -0.5125732421875
-0.00420689582824707 0.000946283340454101 -0.294219970703125 -0.3634033203125
0.00213623046875 0.0151309967041016 -0.35479736328125 0.0303955078125
0.00818157196044922 0.00644350051879883 -0.183395385742188 0.202117919921875
0.00917339324951172 -0.0108633041381836 0.023712158203125 0.186370849609375
0.00490570068359375 0.00719928741455078 0.123138427734375 0.0694656372070312
0.000760316848754883 0.00437736511230469 -0.114059448242188 -0.0906295776367187
0.0122814178466797 -0.00875282287597656 0.00759887695312501 -0.190139770507813
0.0106086730957031 0.00291156768798828 0.207122802734375 -0.18658447265625
0.00607490539550782 0.0213108062744141 0.391021728515625 0.002105712890625
-0.00234699249267578 0.01025390625 0.278717041015625 0.3623046875
-0.000932693481445314 -0.0272903442382813 -0.115570068359375 0.49267578125
0.00592613220214844 0.00264215469360352 -0.33038330078125 0.225341796875
0.0159091949462891 0.020233154296875 0.00836181640625 0.040802001953125
0.0175552368164063 -0.00360870361328125 0.409088134765625 -0.17498779296875
0.00880050659179688 -0.0140972137451172 0.193817138671875 -0.514495849609375
-0.00317907333374023 0.00147128105163574 -0.296295166015625 -0.361114501953125
0.00219440460205078 0.0162277221679688 -0.353973388671875 0.0325927734374999
0.00772619247436524 0.00733184814453125 -0.182266235351563 0.202346801757812
0.00835227966308594 -0.00964450836181641 0.0247802734375 0.185928344726563
0.00396156311035156 0.00745153427124023 0.123748779296875 0.0690994262695313
-0.000696182250976562 0.00677347183227539 -0.1141357421875 -0.0896148681640625
0.0119104385375977 -0.00744915008544922 0.008331298828125 -0.189712524414063
0.010706901550293 0.00443553924560547 0.209060668945313 -0.184799194335938
0.00592613220214844 0.0218105316162109 0.3909912109375 0.007049560546875
-0.00156116485595703 0.00972461700439453 0.27459716796875 0.366302490234375
0.000225067138671874 -0.0274620056152344 -0.120849609375 0.49176025390625
0.00603389739990234 0.00242328643798828 -0.331634521484375 0.2242431640625
0.0145664215087891 0.0199108123779297 0.0130348205566406 0.0407447814941406
0.0176525115966797 -0.00380325317382812 0.409576416015625 -0.180206298828125
0.00913619995117188 -0.0139007568359375 0.187896728515625 -0.51605224609375
-0.00232434272766113 0.00114822387695313 -0.299163818359375 -0.35760498046875
0.00232982635498047 0.0167255401611328 -0.35321044921875 0.03643798828125
0.00709199905395508 0.00858926773071289 -0.180419921875 0.203277587890625
0.00773954391479492 -0.00824689865112305 0.0256195068359375 0.184921264648438
0.00334262847900391 0.00909900665283203 0.123947143554688 0.0681076049804688
-0.00212001800537109 0.00801277160644531 -0.112815856933594 -0.0905075073242187
0.0120639801025391 -0.0062408447265625 0.01031494140625 -0.190826416015625
0.0100011825561523 0.00498008728027344 0.21087646484375 -0.182861328125
0.0059661865234375 0.0215702056884766 0.391204833984375 0.01104736328125
-0.00107574462890625 0.00892829895019531 0.270263671875 0.37030029296875
0.000820159912109374 -0.0277671813964844 -0.12725830078125 0.491607666015625
0.00683069229125977 0.00196266174316406 -0.330841064453125 0.221160888671875
0.0149002075195313 0.020172119140625 0.0169258117675781 0.0410842895507813
0.0181407928466797 -0.00447463989257813 0.409027099609375 -0.18408203125
0.0100507736206055 -0.014796257019043 0.180999755859375 -0.516448974609375
-0.0024263858795166 0.00126528739929199 -0.304290771484375 -0.350250244140625
0.00203132629394531 0.0171003341674805 -0.352142333984375 0.0410461425781249
0.00701570510864258 0.00829315185546875 -0.177932739257813 0.204208374023438
0.00728130340576172 -0.00735044479370117 0.027252197265625 0.184738159179688
0.00108623504638672 0.0107030868530273 0.124794006347656 0.0678329467773438
0.0010991096496582 0.00539875030517578 -0.11370849609375 -0.0955657958984375
0.0148382186889648 -0.00782012939453125 0.00361633300781249 -0.193695068359375
0.0112009048461914 0.000120162963867187 0.204391479492188 -0.190338134765625
0.00284385681152344 0.0182323455810547 0.389556884765625 -6.10351562499989E-05
-0.00564050674438477 0.00863456726074219 0.277374267578125 0.362945556640625
-0.000102996826171873 -0.0299072265625 -0.117431640625 0.492950439453125
0.0167875289916992 -0.000783920288085938 -0.332611083984375 0.22784423828125
0.0318260192871094 0.0212860107421875 0.00696563720703125 0.0416641235351563
0.0276718139648438 -0.00671958923339844 0.401580810546875 -0.18267822265625
0.00973415374755859 -0.0165815353393555 0.174774169921875 -0.515625
-0.00710868835449219 0.000218391418457033 -0.31097412109375 -0.35101318359375
-0.000363349914550781 0.0144071578979492 -0.356597900390625 0.04302978515625
0.00838136672973633 0.00477313995361328 -0.181488037109375 0.208633422851562
0.0101509094238281 -0.00961208343505859 0.02508544921875 0.185379028320313
0.00365352630615234 0.010589599609375 0.125160217285156 0.0666656494140625
0.00248122215270996 0.0034644603729248 -0.114860534667969 -0.09454345703125
0.0133466720581055 -0.00815582275390625 0.002685546875 -0.192901611328125
0.0121889114379883 -0.000830650329589844 0.202346801757813 -0.193069458007813
0.00396156311035156 0.0180416107177734 0.39007568359375 -0.00408935546875
-0.00507307052612305 0.00873279571533203 0.28326416015625 0.356964111328125
-0.000719070434570312 -0.0290012359619141 -0.1102294921875 0.493133544921875
0.0146770477294922 0.000174522399902344 -0.331512451171875 0.230316162109375
0.0291748046875 0.0208969116210937 0.00415802001953125 0.041015625
0.0261497497558594 -0.00555801391601563 0.40087890625 -0.1807861328125
0.00875759124755859 -0.0163974761962891 0.181060791015625 -0.515960693359375
-0.00626897811889649 0.000239849090576171 -0.3057861328125 -0.3548583984375
4.19616699218744E-05 0.0146579742431641 -0.35723876953125 0.0391845703125
0.00870037078857422 0.00441646575927734 -0.182662963867187 0.207611083984375
0.0103988647460938 -0.00971126556396484 0.024169921875 0.1854248046875
0.00519037246704102 0.00872230529785156 0.124473571777344 0.0666351318359375
0.0021975040435791 0.00338649749755859 -0.116539001464844 -0.0932388305664062
0.0121345520019531 -0.00953483581542969 0.00102233886718749 -0.192367553710938
0.0113916397094727 -0.000403404235839844 0.201263427734375 -0.19287109375
0.00500869750976563 0.0188732147216797 0.389984130859375 -0.007843017578125
-0.00455093383789062 0.00908374786376953 0.285888671875 0.354339599609375
-0.0022125244140625 -0.0280838012695313 -0.10626220703125 0.492706298828125
0.0120182037353516 0.000292778015136719 -0.329559326171875 0.231475830078125
0.0251903533935547 0.0206890106201172 0.00310516357421875 0.0410041809082031
0.0237827301025391 -0.0048828125 0.4031982421875 -0.177642822265625
0.0084991455078125 -0.0160045623779297 0.18603515625 -0.514862060546875
-0.00586175918579102 0.000375747680664064 -0.302276611328125 -0.35784912109375
0.00051403045654297 0.0144186019897461 -0.356781005859375 0.036590576171875
0.00865840911865234 0.00513648986816406 -0.1815185546875 0.20635986328125
0.0102052688598633 -0.0111503601074219 0.0244293212890625 0.18731689453125
0.00537872314453125 0.00743770599365234 0.124488830566406 0.0681228637695313
0.00313472747802734 0.00294065475463867 -0.116539001464844 -0.0918350219726563
0.0126771926879883 -0.00898456573486328 0.00111389160156251 -0.191513061523438
0.0118293762207031 0.000922203063964844 0.201522827148438 -0.192672729492188
0.00545883178710938 0.0196056365966797 0.390533447265625 -0.009307861328125
-0.00361347198486328 0.00959205627441406 0.286529541015625 0.352203369140625
-0.00230979919433594 -0.0278816223144531 -0.105072021484375 0.4910888671875
0.00945854187011719 0.00116729736328125 -0.32940673828125 0.23175048828125
0.0216293334960938 0.0204830169677734 0.00377655029296876 0.0409584045410156
0.0211734771728516 -0.00359916687011719 0.404571533203125 -0.178070068359375
0.00841045379638672 -0.0142354965209961 0.1890869140625 -0.51483154296875
-0.00539493560791016 0.0008392333984375 -0.300506591796875 -0.360076904296875
0.00125885009765625 0.0152454376220703 -0.35546875 0.035186767578125
0.00861024856567383 0.00563383102416992 -0.181915283203125 0.205459594726563
0.00925827026367188 -0.0106592178344727 0.0262451171875 0.187164306640625
0.0058293342590332 0.00623083114624023 0.124786376953125 0.06817626953125
0.00186562538146973 0.00336623191833496 -0.116539001464844 -0.0908279418945313
0.0123872756958008 -0.00983524322509766 0.0022735595703125 -0.191543579101562
0.0111618041992188 0.00174331665039063 0.2025146484375 -0.192550659179687
0.00644111633300781 0.0196456909179687 0.39068603515625 -0.0072021484375
-0.00319194793701172 0.00967025756835938 0.285858154296875 0.352996826171875
-0.0025787353515625 -0.0271205902099609 -0.106231689453125 0.493560791015625
0.00757122039794922 0.00184440612792969 -0.327728271484375 0.230072021484375
0.0184116363525391 0.0206527709960937 0.00589752197265625 0.0410194396972656
0.0188312530517578 -0.004119873046875 0.407745361328125 -0.179107666015625
0.00798797607421875 -0.0145225524902344 0.18817138671875 -0.516021728515625
-0.00423026084899902 0.00091862678527832 -0.299041748046875 -0.360443115234375
0.00237178802490235 0.0152559280395508 -0.355377197265625 0.035491943359375
0.00762319564819336 0.00639247894287109 -0.180816650390625 0.205581665039062
0.00849533081054688 -0.00994491577148438 0.02642822265625 0.186660766601562
0.00540971755981445 0.00704240798950195 0.124595642089844 0.06744384765625
0.00102663040161133 0.00479221343994141 -0.116767883300781 -0.0898895263671875
0.012242317199707 -0.00826263427734375 0.00382995605468748 -0.190689086914063
0.0106067657470703 0.0032501220703125 0.205001831054688 -0.19085693359375
0.00712013244628906 0.020294189453125 0.3917236328125 -0.00421142578125
-0.00222396850585937 0.00908851623535156 0.284210205078125 0.357818603515625
-0.00173187255859375 -0.0274124145507812 -0.108062744140625 0.4935302734375
0.00568294525146484 0.00216913223266602 -0.328460693359375 0.228668212890625
0.0156574249267578 0.0202598571777344 0.00897216796875 0.0410652160644531
0.0177841186523438 -0.00356864929199219 0.408111572265625 -0.18115234375
0.00808525085449219 -0.014561653137207 0.18621826171875 -0.51824951171875
-0.00330615043640137 0.00131845474243164 -0.3017578125 -0.357574462890625
0.00271224975585938 0.0159873962402344 -0.353668212890625 0.0382080078125
0.00762796401977539 0.00729560852050781 -0.179977416992187 0.205612182617188
0.00811767578125 -0.0102901458740234 0.027923583984375 0.186752319335938
0.00478029251098633 0.00771713256835937 0.125137329101563 0.0680923461914063
0.000189781188964844 0.00672149658203125 -0.115585327148438 -0.0889892578125
0.0120410919189453 -0.00724411010742188 0.00537109375 -0.190567016601563
0.0108175277709961 0.00496196746826172 0.206695556640625 -0.188262939453125
0.00677490234375 0.0210018157958984 0.3924560546875 0.000152587890625001
-0.00134563446044922 0.00887870788574219 0.2806396484375 0.3614501953125
-0.00086021423339844 -0.0270767211914062 -0.114044189453125 0.49298095703125
0.00600337982177734 0.00246381759643555 -0.327911376953125 0.227935791015625
0.0153102874755859 0.0201988220214844 0.0131072998046875 0.0412330627441406
0.0169315338134766 -0.00412940979003906 0.40753173828125 -0.186065673828125
0.00853347778320313 -0.0142822265625 0.182037353515625 -0.51861572265625
-0.00252985954284668 0.00127744674682617 -0.30511474609375 -0.35333251953125
0.0029449462890625 0.016845703125 -0.35272216796875 0.0410156250000001
0.00710725784301758 0.00853586196899414 -0.17779541015625 0.206649780273437
0.00754594802856445 -0.0086212158203125 0.0290679931640625 0.185653686523438
0.00361061096191406 0.00905132293701172 0.12554931640625 0.0672454833984375
-0.00174236297607422 0.00841522216796875 -0.115287780761719 -0.0892486572265625
0.0123529434204102 -0.00609874725341797 0.00672912597656249 -0.190902709960937
0.00994682312011719 0.00559902191162109 0.20904541015625 -0.186630249023438
0.00642013549804688 0.0214347839355469 0.392303466796875 0.004913330078125
-0.000713825225830078 0.00827121734619141 0.27447509765625 0.365936279296875
0.000734329223632815 -0.0284633636474609 -0.121063232421875 0.4931640625
0.00730657577514648 0.00177812576293945 -0.328369140625 0.224853515625
0.0155296325683594 0.019561767578125 0.0172805786132812 0.0405426025390625
0.017552375793457 -0.00410938262939453 0.4073486328125 -0.189605712890625
0.00980377197265625 -0.014923095703125 0.174041748046875 -0.519775390625
-0.00212979316711426 0.00111818313598633 -0.310150146484375 -0.346405029296875
0.002960205078125 0.0168733596801758 -0.35260009765625 0.0463867187499999
0.00667762756347656 0.00867891311645508 -0.17535400390625 0.207855224609375
0.0072779655456543 -0.00805807113647461 0.0301666259765625 0.184341430664063
0.00231742858886719 0.0109014511108398 0.126327514648438 0.0665283203125
0.00107479095458984 0.00499105453491211 -0.115303039550781 -0.094818115234375
0.0137357711791992 -0.00788974761962891 -0.000137329101562486 -0.193756103515625
0.0114631652832031 -0.000502586364746094 0.201385498046875 -0.193496704101563
0.00415992736816406 0.0184879302978516 0.389404296875 -0.00579833984375
-0.00501585006713867 0.00799322128295898 0.28271484375 0.356781005859375
-0.00133705139160156 -0.0296688079833984 -0.111297607421875 0.493865966796875
0.0168237686157227 -0.00067901611328125 -0.329681396484375 0.230133056640625
0.0318946838378906 0.0212879180908203 0.00742721557617188 0.0402641296386719
0.0279750823974609 -0.0063323974609375 0.39849853515625 -0.187652587890625
0.00923061370849609 -0.0174236297607422 0.1683349609375 -0.51751708984375
-0.00645732879638672 0.000158309936523438 -0.31329345703125 -0.346832275390625
-0.000183105468750001 0.0142879486083984 -0.356781005859375 0.0483398437500001
0.00835514068603516 0.00468254089355469 -0.178314208984375 0.211593627929688
0.0106000900268555 -0.00911521911621094 0.0273590087890625 0.185195922851563
0.00463581085205078 0.0100002288818359 0.126899719238281 0.0657577514648438
0.002105712890625 0.00461292266845703 -0.11651611328125 -0.0929336547851563
0.0134792327880859 -0.009002685546875 -0.00115966796874999 -0.1934814453125
0.0110597610473633 -0.000283241271972656 0.199188232421875 -0.1961669921875
0.00436496734619141 0.0172529220581055 0.3892822265625 -0.010711669921875
-0.00464200973510742 0.00814294815063476 0.288299560546875 0.35205078125
-0.00244712829589843 -0.0290584564208984 -0.10406494140625 0.493865966796875
0.0145120620727539 -0.000174522399902344 -0.32794189453125 0.233734130859375
0.0289764404296875 0.0207767486572266 0.00427627563476563 0.0410003662109375
0.0264244079589844 -0.00534629821777344 0.400238037109375 -0.18572998046875
0.00859928131103516 -0.0165119171142578 0.174957275390625 -0.51788330078125
-0.00603580474853516 0.000358104705810547 -0.309783935546875 -0.35162353515625
0.000863075256347656 0.0141010284423828 -0.3564453125 0.04437255859375
0.00924396514892578 0.00457096099853516 -0.179397583007813 0.211090087890625
0.0101518630981445 -0.0101690292358398 0.0276336669921875 0.186050415039063
0.00599288940429688 0.00836992263793945 0.125587463378906 0.0659637451171875
0.00313162803649902 0.00279879570007324 -0.117790222167969 -0.092193603515625
0.0131330490112305 -0.00959682464599609 -0.00242614746093748 -0.192245483398438
0.0108985900878906 -2.86102294921875E-05 0.197265625 -0.196243286132813
0.00588607788085938 0.0182876586914063 0.3905029296875 -0.014373779296875
-0.00425052642822266 0.00913333892822265 0.290802001953125 0.349273681640625
-0.00282669067382812 -0.0284061431884766 -0.099334716796875 0.493621826171875
0.0120916366577148 0.000553131103515625 -0.3275146484375 0.234466552734375
0.0256938934326172 0.02069091796875 0.00348281860351563 0.0416069030761719
0.0239658355712891 -0.00532722473144531 0.40185546875 -0.18280029296875
0.00809383392333984 -0.0159473419189453 0.179595947265625 -0.517608642578125
-0.00555753707885742 0.000515460968017579 -0.3062744140625 -0.353485107421875
0.0013132095336914 0.0141181945800781 -0.355560302734375 0.0413818359375
0.00829744338989258 0.00470161437988281 -0.178741455078125 0.209030151367188
0.0100622177124023 -0.010772705078125 0.0281524658203125 0.186508178710938
0.00608253479003906 0.00712013244628906 0.125923156738281 0.0666961669921875
0.00257539749145508 0.00352883338928223 -0.118743896484375 -0.0902786254882812
0.0125761032104492 -0.00903129577636719 -0.00178527832031251 -0.192108154296875
0.0109004974365234 0.000658988952636719 0.197906494140625 -0.196273803710938
0.00616264343261719 0.0186843872070312 0.389678955078125 -0.01470947265625
-0.003173828125 0.00882816314697266 0.29278564453125 0.347625732421875
-0.00420761108398438 -0.0273799896240234 -0.09716796875 0.493011474609375
0.00873088836669922 0.00149154663085938 -0.327423095703125 0.234954833984375
0.0212936401367188 0.0204334259033203 0.00428390502929687 0.0410308837890625
0.0208816528320313 -0.00464057922363281 0.403961181640625 -0.1832275390625
0.00748825073242187 -0.0151519775390625 0.182952880859375 -0.517822265625
-0.00443887710571289 0.000680923461914062 -0.3043212890625 -0.355682373046875
0.00180149078369141 0.0146274566650391 -0.35546875 0.0395812988281249
0.00869083404541015 0.00502395629882812 -0.17840576171875 0.208648681640625
0.00874519348144531 -0.0107622146606445 0.0299224853515625 0.187408447265625
0.00692844390869141 0.00637674331665039 0.126411437988281 0.0669174194335938
0.0027928352355957 0.00423502922058105 -0.118995666503906 -0.0889129638671875
0.0120258331298828 -0.00923633575439453 -0.00161743164062502 -0.191940307617188
0.0115318298339844 0.00211048126220703 0.199630737304688 -0.19610595703125
0.00715446472167969 0.0201206207275391 0.390838623046875 -0.013671875
-0.00252294540405273 0.00853538513183594 0.29150390625 0.348388671875
-0.00326919555664062 -0.0271110534667969 -0.099151611328125 0.4945068359375
0.00712823867797852 0.00159025192260742 -0.325164794921875 0.235198974609375
0.0187644958496094 0.0203113555908203 0.00615310668945312 0.0411453247070312
0.0188198089599609 -0.00430488586425781 0.405364990234375 -0.184417724609375
0.00743770599365234 -0.0148162841796875 0.18310546875 -0.518157958984375
-0.00412821769714355 0.000805139541625976 -0.30572509765625 -0.35516357421875
0.00252151489257812 0.0149221420288086 -0.354766845703125 0.040771484375
0.00820112228393555 0.00607013702392578 -0.178268432617187 0.208053588867188
0.00807666778564453 -0.0102109909057617 0.0301666259765625 0.187347412109375
0.00639247894287109 0.0062713623046875 0.126487731933594 0.0670623779296875
0.00131416320800781 0.00570011138916016 -0.118331909179688 -0.0886917114257812
0.0114097595214844 -0.00842380523681641 3.05175781250159E-05 -0.19134521484375
0.0111541748046875 0.00294303894042969 0.2010498046875 -0.194580078125
0.00778007507324219 0.0201816558837891 0.39166259765625 -0.01263427734375
-0.00109243392944336 0.00862932205200195 0.2900390625 0.351959228515625
-0.00307846069335938 -0.0273780822753906 -0.102752685546875 0.493804931640625
0.00586652755737305 0.00221490859985352 -0.325836181640625 0.232330322265625
0.01605224609375 0.0201663970947266 0.00907135009765625 0.0413856506347656
0.0175762176513672 -0.00406455993652344 0.406005859375 -0.1864013671875
0.00759792327880859 -0.0142660140991211 0.180419921875 -0.51971435546875
-0.00340890884399414 0.000893354415893555 -0.306121826171875 -0.35406494140625
0.00329113006591797 0.0152301788330078 -0.35369873046875 0.0431213378906249
0.00751066207885742 0.00694942474365234 -0.176849365234375 0.208648681640625
0.00771999359130859 -0.010432243347168 0.03143310546875 0.186798095703125
0.00564336776733398 0.00727987289428711 0.1263427734375 0.0661697387695313
1.14440917968756E-05 0.00726222991943359 -0.117530822753906 -0.0875473022460937
0.0115451812744141 -0.00772857666015625 0.00193786621093748 -0.191390991210937
0.0112075805664063 0.00443935394287109 0.203964233398438 -0.19232177734375
0.00760269165039062 0.0206394195556641 0.391845703125 -0.00640869140625
-0.00137901306152344 0.00839996337890625 0.28607177734375 0.356292724609375
-0.00219345092773437 -0.0273094177246094 -0.10748291015625 0.4942626953125
0.00624656677246094 0.00230026245117188 -0.324737548828125 0.231903076171875
0.0156517028808594 0.0199623107910156 0.0136032104492188 0.0406227111816406
0.017338752746582 -0.00407886505126953 0.4052734375 -0.190826416015625
0.00882720947265625 -0.0143814086914063 0.173980712890625 -0.5213623046875
-0.00220227241516113 0.00113987922668457 -0.3099365234375 -0.3492431640625
0.00351238250732422 0.0159406661987305 -0.352203369140625 0.0465393066406251
0.00724649429321289 0.00812625885009766 -0.17523193359375 0.209747314453125
0.00750446319580078 -0.00881481170654297 0.0325927734375 0.185684204101563
0.00498580932617187 0.00886917114257812 0.127052307128906 0.0652389526367188
-0.00126886367797852 0.00819730758666992 -0.117332458496094 -0.0875320434570312
0.0118799209594727 -0.00626373291015625 0.00369262695312499 -0.191452026367188
0.0105915069580078 0.00484371185302734 0.2059326171875 -0.190505981445313
0.00725936889648438 0.0212497711181641 0.39154052734375 -0.000885009765624999
-0.000990390777587891 0.00777387619018555 0.280548095703125 0.360443115234375
-9.91821289062517E-05 -0.0282535552978516 -0.113800048828125 0.493499755859375
0.00700521469116211 0.00198459625244141 -0.32568359375 0.22900390625
0.0158462524414063 0.0194492340087891 0.017608642578125 0.0410308837890625
0.0180397033691406 -0.00487136840820313 0.404388427734375 -0.19439697265625
0.0094757080078125 -0.0150909423828125 0.1671142578125 -0.521453857421875
-0.00200235843658447 0.00103068351745605 -0.315093994140625 -0.34295654296875
0.00343704223632812 0.0166387557983398 -0.35186767578125 0.0514526367187499
0.00719070434570313 0.00923824310302735 -0.17230224609375 0.21124267578125
0.00701284408569336 -0.00807476043701172 0.034149169921875 0.185165405273438
0.00299072265625 0.0111236572265625 0.1280517578125 0.0649261474609375
0.00213289260864258 0.00594663619995117 -0.116546630859375 -0.0924148559570313
0.0137519836425781 -0.00810337066650391 -0.00338745117187501 -0.193862915039063
0.0115337371826172 0.000517845153808594 0.19805908203125 -0.197235107421875
0.00382232666015625 0.017608642578125 0.388916015625 -0.012298583984375
-0.00531816482543945 0.00744915008544922 0.287322998046875 0.350982666015625
-0.00123405456542969 -0.0301017761230469 -0.103790283203125 0.492828369140625
0.0164194107055664 -0.000617027282714844 -0.3253173828125 0.2344970703125
0.0325908660888672 0.0208320617675781 0.0077056884765625 0.0407447814941406
0.02801513671875 -0.00623512268066406 0.395782470703125 -0.19244384765625
0.00892448425292969 -0.017521858215332 0.162750244140625 -0.519073486328125
-0.0062718391418457 0.000667572021484375 -0.318603515625 -0.34100341796875
0.000478744506835937 0.0131435394287109 -0.35577392578125 0.053741455078125
0.00800848007202148 0.00390529632568359 -0.175155639648438 0.21453857421875
0.00951671600341797 -0.00941848754882812 0.03167724609375 0.184188842773438
0.00594234466552735 0.00962638854980469 0.128471374511719 0.0643234252929688
0.00356388092041016 0.00452804565429688 -0.117713928222656 -0.0912857055664062
0.0131473541259766 -0.00927639007568359 -0.00444030761718748 -0.193756103515625
0.0114116668701172 -0.000134468078613281 0.195388793945313 -0.19927978515625
0.00483512878417969 0.0179214477539063 0.38824462890625 -0.017333984375
-0.00422334671020508 0.00801324844360352 0.292510986328125 0.34765625
-0.00298309326171875 -0.0291175842285156 -0.0963134765625 0.493804931640625
0.0151510238647461 -0.000669479370117188 -0.325164794921875 0.236297607421875
0.0296821594238281 0.0199394226074219 0.00504302978515625 0.0413665771484375
0.0262222290039062 -0.00554656982421875 0.396148681640625 -0.1900634765625
0.00823783874511719 -0.0168619155883789 0.16705322265625 -0.52008056640625
-0.00601959228515625 0.00063467025756836 -0.314849853515625 -0.347137451171875
0.00128364562988281 0.0138263702392578 -0.355804443359375 0.049591064453125
0.00931167602539063 0.00476169586181641 -0.175064086914063 0.213607788085937
0.00956630706787109 -0.0107002258300781 0.0304412841796875 0.186233520507813
0.00643491744995117 0.00766658782958984 0.127281188964844 0.0644989013671875
0.00329756736755371 0.00307607650756836 -0.12005615234375 -0.0898284912109375
0.0136003494262695 -0.00936031341552734 -0.00511169433593748 -0.192779541015625
0.0106544494628906 -0.000699996948242188 0.194717407226562 -0.199127197265625
0.00565719604492187 0.0186958312988281 0.389007568359375 -0.020416259765625
-0.00445938110351562 0.00844573974609375 0.295684814453125 0.34197998046875
-0.00360488891601563 -0.0283851623535156 -0.092132568359375 0.492279052734375
0.0117425918579102 0.00011444091796875 -0.3232421875 0.239288330078125
0.0260448455810547 0.0205593109130859 0.0041046142578125 0.0407676696777344
0.0227928161621094 -0.00543022155761719 0.3985595703125 -0.186737060546875
0.00717353820800781 -0.0154323577880859 0.1724853515625 -0.519866943359375
-0.00545024871826172 8.24928283691418E-05 -0.311767578125 -0.349822998046875
0.00204181671142578 0.0140972137451172 -0.355010986328125 0.0462951660156249
0.00850009918212891 0.00526905059814453 -0.17584228515625 0.212081909179688
0.00951385498046875 -0.0106992721557617 0.0311279296875 0.186477661132813
0.00678205490112305 0.00726747512817383 0.127616882324219 0.06512451171875
0.00348496437072754 0.00316929817199707 -0.120811462402344 -0.0884780883789063
0.0115814208984375 -0.00887966156005859 -0.005096435546875 -0.192352294921875
0.0115871429443359 0.000313758850097656 0.193817138671875 -0.200607299804687
0.00715065002441406 0.0182456970214844 0.389007568359375 -0.022125244140625
-0.00266265869140625 0.00882530212402344 0.296630859375 0.341522216796875
-0.0045013427734375 -0.027923583984375 -0.09014892578125 0.492279052734375
0.0085749626159668 0.00081634521484375 -0.323455810546875 0.23870849609375
0.0225791931152344 0.0200843811035156 0.00500106811523438 0.0405349731445312
0.0205001831054688 -0.00458526611328125 0.39990234375 -0.187103271484375
0.00783252716064453 -0.0156974792480469 0.17572021484375 -0.51898193359375
-0.0049433708190918 0.000980377197265625 -0.309539794921875 -0.350311279296875
0.00261497497558594 0.0136833190917969 -0.3548583984375 0.0448303222656251
0.00843143463134766 0.00585603713989258 -0.174774169921875 0.211563110351563
0.00918483734130859 -0.0110845565795898 0.03302001953125 0.18719482421875
0.00764036178588867 0.00585412979125976 0.127296447753906 0.0644989013671875
0.00259709358215332 0.00421810150146484 -0.120140075683594 -0.0873794555664063
0.0118007659912109 -0.00928020477294922 -0.00498962402343751 -0.192031860351563
0.0108613967895508 0.00107860565185547 0.19580078125 -0.199478149414063
0.0076904296875 0.0184860229492188 0.390289306640625 -0.02032470703125
-0.00191402435302734 0.00862598419189453 0.29638671875 0.341949462890625
-0.00415611267089844 -0.0277137756347656 -0.09173583984375 0.493927001953125
0.00708818435668945 0.00165748596191406 -0.321533203125 0.2374267578125
0.0192356109619141 0.0203399658203125 0.00699615478515625 0.0407829284667969
0.0187759399414063 -0.00389671325683594 0.40142822265625 -0.189056396484375
0.00726032257080078 -0.0150156021118164 0.1748046875 -0.52117919921875
-0.00410842895507813 0.000582218170166015 -0.3089599609375 -0.350616455078125
0.00340843200683594 0.0143375396728516 -0.353851318359375 0.0457763671875
0.00813150405883789 0.00653314590454101 -0.174636840820313 0.211029052734375
0.00784873962402344 -0.0112247467041016 0.03271484375 0.186843872070313
0.00708818435668945 0.00624561309814453 0.127754211425781 0.0645751953125
0.00150537490844727 0.00556612014770508 -0.120590209960938 -0.0864105224609375
0.0113735198974609 -0.00863361358642578 -0.00312805175781252 -0.191268920898438
0.0109767913818359 0.00311756134033203 0.1976318359375 -0.19757080078125
0.00795555114746094 0.0205039978027344 0.390350341796875 -0.017242431640625
-0.00168895721435547 0.00840854644775391 0.29400634765625 0.34564208984375
-0.0035400390625 -0.0272541046142578 -0.0947265625 0.493927001953125
0.00625801086425781 0.00169754028320312 -0.320892333984375 0.236114501953125
0.0164203643798828 0.0202579498291016 0.0101127624511719 0.0409660339355469
0.0176067352294922 -0.00391006469726563 0.40118408203125 -0.190765380859375
0.00763607025146484 -0.0145301818847656 0.1732177734375 -0.52203369140625
-0.00299668312072754 0.000943899154663086 -0.310638427734375 -0.34771728515625
0.00389289855957031 0.0151748657226562 -0.352386474609375 0.048675537109375
0.00817108154296875 0.00696182250976562 -0.173477172851562 0.21209716796875
0.00731182098388672 -0.0102596282958984 0.0345611572265625 0.186233520507813
0.00625848770141602 0.0074000358581543 0.128257751464844 0.0644912719726563
0.000628471374511719 0.00745630264282226 -0.119155883789062 -0.0857315063476563
0.0112390518188477 -0.00764656066894531 -0.00187683105468752 -0.19171142578125
0.0109891891479492 0.00435447692871094 0.200103759765625 -0.195938110351563
0.00807762145996094 0.0200767517089844 0.39056396484375 -0.013458251953125
-0.00156402587890625 0.00779247283935547 0.28997802734375 0.3502197265625
-0.00260162353515625 -0.0277233123779297 -0.099334716796875 0.494873046875
0.0060887336730957 0.0028080940246582 -0.3209228515625 0.23431396484375
0.0162105560302734 0.019622802734375 0.0140609741210938 0.0407447814941406
0.0173215866088867 -0.00399494171142578 0.4017333984375 -0.19610595703125
0.00834178924560547 -0.0146780014038086 0.16815185546875 -0.52178955078125
-0.00241780281066895 0.0011601448059082 -0.314544677734375 -0.34332275390625
0.00427055358886719 0.0155038833618164 -0.351715087890625 0.0517578125
0.00778722763061523 0.00756216049194336 -0.17181396484375 0.212203979492188
0.00680780410766602 -0.00871038436889649 0.035400390625 0.185379028320313
0.00580310821533203 0.00907516479492188 0.1290283203125 0.0635223388671875
-0.000712394714355469 0.00914955139160156 -0.118537902832031 -0.08624267578125
0.0118370056152344 -0.0062103271484375 0.000503540039062487 -0.191650390625
0.010894775390625 0.00561618804931641 0.201950073242187 -0.194320678710938
0.00787544250488281 0.0209503173828125 0.39007568359375 -0.008514404296875
-0.0008697509765625 0.00719928741455078 0.28424072265625 0.35479736328125
-0.00133514404296875 -0.0285568237304688 -0.10699462890625 0.49371337890625
0.00752639770507812 0.00169897079467773 -0.320831298828125 0.231781005859375
0.0168361663818359 0.0197410583496094 0.0184860229492188 0.0404930114746094
0.0184459686279297 -0.00495529174804688 0.400787353515625 -0.19952392578125
0.00880718231201172 -0.0154170989990234 0.16131591796875 -0.523712158203125
-0.00227761268615723 0.00089406967163086 -0.319488525390625 -0.3372802734375
0.00379180908203125 0.0164690017700195 -0.350738525390625 0.056640625
0.00681924819946289 0.0082859992980957 -0.168685913085938 0.213180541992188
0.0069737434387207 -0.00806713104248047 0.0373382568359375 0.184555053710938
0.00343513488769531 0.0108766555786133 0.129409790039063 0.0630645751953125
0.00247430801391602 0.00521087646484375 -0.11834716796875 -0.091156005859375
0.0131292343139648 -0.00781345367431641 -0.00685119628906252 -0.19342041015625
0.0107498168945313 -7.2479248046875E-05 0.194183349609375 -0.200927734375
0.00466346740722656 0.0178947448730469 0.38629150390625 -0.01922607421875
-0.00533819198608398 0.00646638870239258 0.291351318359375 0.344451904296875
-0.00255393981933594 -0.0293292999267578 -0.0981140136718749 0.4918212890625
0.0166902542114258 -0.00108814239501953 -0.321441650390625 0.237518310546875
0.0330047607421875 0.0210342407226563 0.00792312622070313 0.0404891967773438
0.0275669097900391 -0.0071563720703125 0.39251708984375 -0.196075439453125
0.00827407836914063 -0.01763916015625 0.1549072265625 -0.519195556640625
-0.00534915924072266 -0.000185966491699219 -0.322845458984375 -0.335723876953125
0.000676155090332032 0.0140161514282227 -0.354248046875 0.0591735839843751
0.00893688201904297 0.00438594818115234 -0.170852661132813 0.217147827148438
0.00908184051513672 -0.0100984573364258 0.0349884033203125 0.184234619140625
0.00563430786132813 0.00988483428955078 0.129425048828125 0.0623626708984375
0.00363445281982422 0.0034942626953125 -0.120353698730469 -0.0895614624023437
0.0131263732910156 -0.00876808166503906 -0.00836181640625 -0.193313598632813
0.0116891860961914 7.15255737304688E-05 0.192398071289063 -0.201919555664063
0.00614452362060547 0.0172462463378906 0.38677978515625 -0.02349853515625
-0.00456333160400391 0.00726413726806641 0.296051025390625 0.3394775390625
-0.00363349914550781 -0.0291538238525391 -0.089111328125 0.493804931640625
0.0142965316772461 -0.000743865966796875 -0.319122314453125 0.23931884765625
0.0303230285644531 0.0196590423583984 0.00528717041015625 0.0404853820800781
0.0259552001953125 -0.00612068176269531 0.39324951171875 -0.19390869140625
0.00721836090087891 -0.0168476104736328 0.158721923828125 -0.5201416015625
-0.00661706924438477 -7.91549682617188E-05 -0.318389892578125 -0.340301513671875
0.00149631500244141 0.0138225555419922 -0.35430908203125 0.0544433593749999
0.00860023498535156 0.00425052642822266 -0.172348022460937 0.215805053710938
0.0098581314086914 -0.0108785629272461 0.033721923828125 0.185333251953125
0.00778913497924805 0.00815486907958984 0.1282958984375 0.0617446899414063
0.00404858589172363 0.00332140922546387 -0.121124267578125 -0.0882797241210938
0.0122032165527344 -0.00939178466796875 -0.00950622558593751 -0.19232177734375
0.0110282897949219 -0.000391006469726562 0.190093994140625 -0.202865600585938
0.00682735443115234 0.0173120498657227 0.38818359375 -0.026641845703125
-0.00372028350830078 0.00710535049438477 0.299957275390625 0.336334228515625
-0.00487709045410156 -0.0283985137939453 -0.0853576660156249 0.490875244140625
0.0119132995605469 0.000107765197753906 -0.3182373046875 0.24127197265625
0.0263385772705078 0.0201816558837891 0.00431060791015626 0.0411148071289063
0.0233592987060547 -0.00533103942871094 0.39361572265625 -0.19244384765625
0.00687980651855469 -0.0156126022338867 0.16455078125 -0.5203857421875
-0.00571775436401367 -0.000302314758300782 -0.31475830078125 -0.342926025390625
0.00243186950683594 0.0138587951660156 -0.3533935546875 0.0516052246093749
0.00915718078613281 0.00453662872314453 -0.172256469726563 0.2149658203125
0.00986289978027344 -0.0110692977905273 0.0350799560546875 0.186508178710938
0.00795269012451172 0.00668048858642578 0.129035949707031 0.0631790161132813
0.00455236434936523 0.00363397598266602 -0.121513366699219 -0.0869598388671875
0.0123929977416992 -0.0102806091308594 -0.00849914550781251 -0.191497802734375
0.0116806030273438 0.000960350036621094 0.190780639648438 -0.203567504882813
0.00696182250976562 0.0184001922607422 0.38751220703125 -0.028411865234375
-0.00318336486816406 0.00738430023193359 0.3017578125 0.33551025390625
-0.00522613525390625 -0.0273380279541016 -0.084442138671875 0.49066162109375
0.00950050354003906 0.000805854797363281 -0.318572998046875 0.242095947265625
0.0226898193359375 0.0200328826904297 0.00475311279296875 0.0410728454589844
0.0209484100341797 -0.00440597534179688 0.395751953125 -0.192047119140625
0.00679397583007813 -0.0154962539672852 0.167938232421875 -0.51922607421875
-0.00482463836669922 0.000689029693603516 -0.313690185546875 -0.344818115234375
0.00335884094238281 0.0140504837036133 -0.35357666015625 0.050323486328125
0.00897693634033203 0.00527381896972656 -0.171157836914063 0.213302612304687
0.00818538665771484 -0.0104150772094727 0.0357818603515625 0.186920166015625
0.00803041458129883 0.00592374801635742 0.128425598144531 0.06378173828125
0.00337839126586914 0.00406742095947266 -0.121871948242187 -0.0857009887695313
0.0118894577026367 -0.00918674468994141 -0.00798034667968751 -0.19158935546875
0.0113992691040039 0.0015106201171875 0.1912841796875 -0.201889038085938
0.00809860229492188 0.0189285278320313 0.3880615234375 -0.0274658203125
-0.00206899642944336 0.00772571563720703 0.300201416015625 0.3363037109375
-0.00507545471191406 -0.0271930694580078 -0.08465576171875 0.492340087890625
0.00715494155883789 0.00168085098266602 -0.317657470703125 0.24139404296875
0.0191936492919922 0.0193309783935547 0.00683975219726562 0.0410385131835937
0.018798828125 -0.00413703918457031 0.39892578125 -0.192413330078125
0.00611114501953125 -0.0151023864746094 0.16827392578125 -0.52197265625
-0.00339484214782715 0.000667810440063476 -0.3123779296875 -0.345855712890625
0.00381088256835937 0.0142946243286133 -0.351837158203125 0.051361083984375
0.00811147689819336 0.00578212738037109 -0.170516967773438 0.213653564453125
0.00791072845458984 -0.0107336044311523 0.0372161865234375 0.186294555664062
0.00782489776611328 0.00627231597900391 0.129257202148438 0.063323974609375
0.00295114517211914 0.00553750991821289 -0.121849060058594 -0.0851593017578125
0.0112323760986328 -0.00876903533935547 -0.00660705566406249 -0.191131591796875
0.0107002258300781 0.00283718109130859 0.194869995117188 -0.201034545898437
0.00842666625976563 0.0194072723388672 0.38824462890625 -0.02447509765625
-0.00156164169311523 0.00752878189086914 0.298431396484375 0.33984375
-0.00470352172851563 -0.0271034240722656 -0.08856201171875 0.492706298828125
0.00656843185424805 0.00212669372558594 -0.317901611328125 0.238800048828125
0.0169467926025391 0.0197925567626953 0.0106773376464844 0.0402679443359375
0.0175971984863281 -0.00409889221191406 0.39874267578125 -0.195465087890625
0.00685405731201172 -0.0146398544311523 0.16583251953125 -0.521942138671875
-0.00323724746704102 0.000769138336181641 -0.314849853515625 -0.34228515625
0.00443840026855469 0.0145788192749023 -0.35137939453125 0.053436279296875
0.00770854949951172 0.007293701171875 -0.16961669921875 0.214111328125
0.0072784423828125 -0.0100021362304688 0.0378875732421875 0.185775756835937
0.00678730010986328 0.0069122314453125 0.129356384277344 0.0630874633789062
0.000971794128417968 0.00806617736816406 -0.121261596679688 -0.0842742919921875
0.0108757019042969 -0.00763797760009766 -0.00494384765625 -0.191177368164063
0.0112085342407227 0.00447273254394531 0.196441650390625 -0.198974609375
0.00881767272949219 0.0200767517089844 0.3892822265625 -0.018646240234375
-0.000770092010498047 0.00723505020141602 0.294158935546875 0.344329833984375
-0.00367164611816407 -0.0271492004394531 -0.093536376953125 0.493682861328125
0.00656700134277344 0.00249624252319336 -0.31671142578125 0.237823486328125
0.0164375305175781 0.0194435119628906 0.0143890380859375 0.040435791015625
0.016998291015625 -0.00382900238037109 0.3975830078125 -0.19952392578125
0.00766181945800781 -0.0143909454345703 0.160552978515625 -0.523284912109375
-0.00267934799194336 0.000980377197265625 -0.3177490234375 -0.33868408203125
0.00409030914306641 0.0149631500244141 -0.3505859375 0.0572204589843749
0.00754499435424805 0.00777721405029297 -0.167755126953125 0.214736938476563
0.00636482238769531 -0.00912952423095703 0.0391082763671875 0.184768676757813
0.00631189346313477 0.00848150253295898 0.129585266113281 0.0621185302734375
5.53131103515632E-05 0.00891590118408203 -0.12078857421875 -0.0842971801757813
0.0112991333007813 -0.00633716583251953 -0.0030975341796875 -0.191421508789063
0.0106353759765625 0.00529098510742188 0.198135375976563 -0.196685791015625
0.00804901123046875 0.0206260681152344 0.389404296875 -0.015289306640625
-0.000741481781005859 0.00655078887939453 0.289794921875 0.348785400390625
-0.00207138061523438 -0.0282325744628906 -0.099945068359375 0.49273681640625
0.00684642791748047 0.00172567367553711 -0.31689453125 0.234954833984375
0.0166492462158203 0.0193672180175781 0.0186576843261719 0.0402107238769531
0.0175132751464844 -0.00518894195556641 0.397308349609375 -0.204681396484375
0.00822067260742188 -0.0153865814208984 0.153167724609375 -0.52252197265625
-0.00191545486450195 0.000357508659362793 -0.322021484375 -0.33099365234375
0.00457668304443359 0.0161123275756836 -0.349334716796875 0.06134033203125
0.00751686096191406 0.00845623016357422 -0.16510009765625 0.215713500976562
0.00626182556152344 -0.00798463821411133 0.040557861328125 0.183929443359375
0.00383567810058594 0.010676383972168 0.13018798828125 0.0618438720703125
0.00272464752197266 0.00536870956420898 -0.120071411132813 -0.0893020629882812
0.0132341384887695 -0.00887107849121094 -0.010589599609375 -0.19287109375
0.0113515853881836 -0.000341415405273437 0.189804077148438 -0.2027587890625
0.00517082214355469 0.0166358947753906 0.38433837890625 -0.02557373046875
-0.00440692901611328 0.00642871856689453 0.294708251953125 0.3382568359375
-0.00303840637207031 -0.0296516418457031 -0.090118408203125 0.490081787109375
0.016815185546875 -0.00119972229003906 -0.316925048828125 0.2398681640625
0.0331172943115234 0.0203399658203125 0.00844955444335938 0.0412940979003906
0.02679443359375 -0.00768280029296875 0.385711669921875 -0.200347900390625
0.00771617889404297 -0.0170040130615234 0.146759033203125 -0.519622802734375
-0.00570917129516602 -0.00059652328491211 -0.325408935546875 -0.33050537109375
0.00140380859375 0.0131616592407227 -0.351837158203125 0.063812255859375
0.00913333892822266 0.00377464294433594 -0.167083740234375 0.218460083007813
0.00933647155761719 -0.00996685028076172 0.0381622314453125 0.183486938476563
0.00642204284667969 0.00978660583496094 0.130180358886719 0.0604248046875
0.00391101837158203 0.00513124465942383 -0.121047973632813 -0.0874557495117188
0.0124111175537109 -0.00946998596191406 -0.0113983154296875 -0.192779541015625
0.0117998123168945 -0.000832557678222656 0.187545776367187 -0.204421997070312
0.00580024719238281 0.0165166854858398 0.38458251953125 -0.02960205078125
-0.00490188598632813 0.00741434097290039 0.300872802734375 0.332489013671875
-0.00421524047851562 -0.0286464691162109 -0.083770751953125 0.491729736328125
0.0139646530151367 -0.00140953063964844 -0.3165283203125 0.242431640625
0.0303611755371094 0.0192584991455078 0.0061798095703125 0.041046142578125
0.0255775451660156 -0.00644874572753906 0.38800048828125 -0.197509765625
0.00706291198730469 -0.0165414810180664 0.152130126953125 -0.5201416015625
-0.00582361221313477 -0.000367641448974609 -0.32159423828125 -0.334014892578125
0.00136566162109375 0.0127344131469727 -0.35174560546875 0.059417724609375
0.0101518630981445 0.00409889221191406 -0.16845703125 0.217300415039063
0.00876235961914063 -0.0102243423461914 0.03759765625 0.1842041015625
0.00734138488769531 0.00757074356079102 0.129776000976563 0.0612869262695313
0.00423455238342285 0.00366091728210449 -0.122550964355469 -0.0862274169921875
0.0122413635253906 -0.00983715057373047 -0.012359619140625 -0.19189453125
0.0109338760375977 -9.82284545898438E-05 0.187088012695313 -0.205108642578125
0.00615119934082031 0.0171537399291992 0.3853759765625 -0.032012939453125
-0.00365209579467773 0.00674152374267578 0.3023681640625 0.330322265625
-0.00526237487792969 -0.0284900665283203 -0.080047607421875 0.48980712890625
0.0116567611694336 -6.58035278320313E-05 -0.31414794921875 0.24407958984375
0.0265407562255859 0.019866943359375 0.00471115112304688 0.0403823852539063
0.0226631164550781 -0.00570487976074219 0.38995361328125 -0.195831298828125
0.00678730010986328 -0.0159692764282227 0.1578369140625 -0.519134521484375
-0.00516033172607422 0.000480175018310546 -0.31829833984375 -0.33782958984375
0.00249004364013672 0.0130825042724609 -0.351043701171875 0.0559387207031251
0.00977897644042969 0.00459480285644531 -0.168289184570312 0.2159423828125
0.0083465576171875 -0.0115060806274414 0.0384979248046875 0.184890747070313
0.00824499130249023 0.00701284408569336 0.129470825195313 0.0609893798828125
0.00427842140197754 0.00336265563964844 -0.122810363769531 -0.0843276977539063
0.0122890472412109 -0.00958633422851563 -0.0118560791015625 -0.191268920898437
0.0108451843261719 0.000607490539550781 0.187164306640625 -0.205535888671875
0.00729560852050781 0.0173025131225586 0.38580322265625 -0.034820556640625
-0.00330877304077148 0.00728368759155274 0.30316162109375 0.329010009765625
-0.00575065612792969 -0.0275440216064453 -0.07830810546875 0.489715576171875
0.00886726379394531 0.000696182250976563 -0.313995361328125 0.2432861328125
0.0234260559082031 0.0195045471191406 0.00527191162109376 0.0407028198242188
0.020538330078125 -0.00482368469238281 0.390960693359375 -0.19561767578125
0.00662422180175781 -0.0151252746582031 0.160552978515625 -0.518707275390625
-0.0043950080871582 1.14440917968759E-05 -0.315521240234375 -0.339508056640625
0.00300788879394531 0.0131378173828125 -0.350921630859375 0.055023193359375
0.00899887084960938 0.00566005706787109 -0.167724609375 0.215316772460937
0.00773525238037109 -0.0115175247192383 0.038818359375 0.185379028320312
0.00828742980957031 0.00609779357910156 0.12939453125 0.0609054565429688
0.00407695770263672 0.00448226928710938 -0.122871398925781 -0.0839080810546875
0.0108671188354492 -0.00925254821777344 -0.0112152099609375 -0.1910400390625
0.010890007019043 0.00163459777832031 0.18780517578125 -0.2047119140625
0.00820350646972656 0.0178546905517578 0.386199951171875 -0.033111572265625
-0.00244283676147461 0.00704765319824219 0.30322265625 0.330291748046875
-0.00536918640136718 -0.0270633697509766 -0.078399658203125 0.490631103515625
0.00688600540161133 0.00193214416503906 -0.312957763671875 0.242156982421875
0.0197277069091797 0.0195541381835938 0.00762939453125 0.0410423278808594
0.0181007385253906 -0.00447463989257813 0.394073486328125 -0.196807861328125
0.00583267211914063 -0.0148220062255859 0.160736083984375 -0.518951416015625
-0.00398921966552734 0.000742673873901368 -0.315521240234375 -0.338775634765625
0.00410175323486328 0.0139141082763672 -0.34991455078125 0.0554199218750001
0.00835180282592773 0.00564956665039063 -0.16717529296875 0.215316772460938
0.00773143768310547 -0.0111589431762695 0.04010009765625 0.185150146484375
0.00795602798461914 0.00641822814941406 0.129623413085938 0.0611953735351563
0.00300168991088867 0.0056610107421875 -0.123092651367188 -0.0831527709960938
0.0105619430541992 -0.00893211364746094 -0.00933837890625001 -0.19110107421875
0.0107669830322266 0.00303077697753906 0.190032958984375 -0.2030029296875
0.008636474609375 0.0187797546386719 0.386993408203125 -0.030548095703125
-0.00163888931274414 0.00701713562011719 0.3018798828125 0.3328857421875
-0.00541305541992188 -0.0270843505859375 -0.0823974609375001 0.48968505859375
0.00595378875732422 0.00200605392456055 -0.31243896484375 0.24066162109375
0.0176773071289063 0.0192375183105469 0.0106048583984375 0.0403976440429688
0.0174503326416016 -0.00431060791015625 0.39410400390625 -0.198944091796875
0.00644683837890625 -0.0145101547241211 0.15771484375 -0.521270751953125
-0.00300502777099609 0.000169038772583008 -0.31695556640625 -0.337249755859375
0.00489997863769531 0.0145139694213867 -0.349517822265625 0.057464599609375
0.00844764709472656 0.00686168670654297 -0.16595458984375 0.215469360351562
0.00686836242675781 -0.0104074478149414 0.040679931640625 0.184951782226563
0.00731992721557617 0.00707769393920898 0.129959106445313 0.0609817504882813
0.00214242935180664 0.00784206390380859 -0.122077941894531 -0.0828399658203125
0.0109729766845703 -0.00725746154785156 -0.00811767578125001 -0.189895629882812
0.01080322265625 0.00451374053955078 0.192733764648438 -0.201019287109375
0.00904655456542969 0.0193443298339844 0.387481689453125 -0.026031494140625
-0.000949382781982421 0.0060572624206543 0.29681396484375 0.337158203125
-0.00439643859863281 -0.0271396636962891 -0.085784912109375 0.491729736328125
0.00648355484008789 0.0021214485168457 -0.312225341796875 0.24017333984375
0.0169448852539063 0.0189895629882813 0.0147361755371094 0.0403099060058594
0.0169773101806641 -0.00450515747070313 0.393341064453125 -0.203765869140625
0.00710678100585937 -0.0144624710083008 0.153076171875 -0.522735595703125
-0.00241851806640625 0.00020456314086914 -0.3203125 -0.332855224609375
0.00524520874023438 0.0143804550170898 -0.34832763671875 0.061004638671875
0.00737380981445313 0.00825071334838867 -0.163665771484375 0.216415405273437
0.00624179840087891 -0.00921630859375 0.0419464111328125 0.183929443359375
0.00680160522460938 0.0085139274597168 0.130409240722656 0.0599822998046875
0.000230789184570313 0.0088958740234375 -0.121780395507812 -0.0825271606445313
0.0110139846801758 -0.00633335113525391 -0.00634765624999999 -0.19061279296875
0.0102510452270508 0.00518798828125 0.194931030273438 -0.199813842773437
0.00912284851074219 0.0193309783935547 0.386627197265625 -0.021148681640625
-0.000859737396240235 0.00597095489501953 0.292724609375 0.342529296875
-0.00263214111328125 -0.0281410217285156 -0.0928955078125 0.49163818359375
0.00731801986694336 0.00168085098266602 -0.313140869140625 0.236297607421875
0.0172824859619141 0.0187950134277344 0.0185699462890625 0.0396919250488281
0.0176620483398438 -0.0047607421875 0.392791748046875 -0.20849609375
0.00779342651367187 -0.0151824951171875 0.14666748046875 -0.522613525390625
-0.00126779079437256 0.000575780868530274 -0.3251953125 -0.32623291015625
0.00485801696777344 0.0153379440307617 -0.346893310546875 0.0660400390625
0.00746059417724609 0.00805282592773438 -0.16094970703125 0.217559814453125
0.00622081756591797 -0.00815391540527344 0.0436859130859375 0.18310546875
0.00526809692382813 0.0107355117797852 0.131309509277344 0.0594329833984375
0.00369358062744141 0.00665664672851563 -0.120979309082031 -0.087493896484375
0.0128898620605469 -0.00834941864013672 -0.0135650634765625 -0.192047119140625
0.0113162994384766 -0.000864028930664062 0.185791015625 -0.20416259765625
0.00523281097412109 0.0156164169311523 0.38134765625 -0.03131103515625
-0.00487852096557617 0.00580930709838867 0.29595947265625 0.331787109375
-0.0036468505859375 -0.029754638671875 -0.0831298828125 0.488494873046875
0.0161981582641602 -0.00112724304199219 -0.313629150390625 0.240814208984375
0.0329380035400391 0.0191802978515625 0.00883102416992188 0.0399627685546875
0.0269565582275391 -0.00736427307128906 0.382904052734375 -0.2034912109375
0.00676918029785156 -0.01763916015625 0.1402587890625 -0.517425537109375
-0.00563430786132812 -0.000997066497802734 -0.327423095703125 -0.322845458984375
0.00221061706542969 0.0130033493041992 -0.349365234375 0.067291259765625
0.00850772857666016 0.0032496452331543 -0.163040161132813 0.220733642578125
0.00909137725830078 -0.0101041793823242 0.041168212890625 0.182418823242188
0.00736331939697266 0.00981903076171875 0.131210327148438 0.0585708618164063
0.00408267974853516 0.00375819206237793 -0.122802734375 -0.0858993530273438
0.0119838714599609 -0.00866889953613281 -0.014862060546875 -0.191726684570313
0.0109710693359375 -0.000386238098144531 0.18328857421875 -0.206283569335938
0.00652694702148438 0.0163125991821289 0.381072998046875 -0.03448486328125
-0.00482606887817383 0.00640392303466797 0.3017578125 0.32659912109375
-0.00531578063964844 -0.0284099578857422 -0.07818603515625 0.48748779296875
0.0139007568359375 -0.00101375579833984 -0.31005859375 0.243072509765625
0.0301074981689453 0.0194988250732422 0.00600051879882812 0.0413475036621094
0.0254478454589844 -0.00658226013183594 0.38336181640625 -0.2008056640625
0.00658607482910156 -0.0167312622070313 0.145904541015625 -0.516754150390625
-0.00526332855224609 -0.000338554382324218 -0.323699951171875 -0.32843017578125
0.00219631195068359 0.0119123458862305 -0.349365234375 0.0638122558593751
0.00953197479248047 0.00343036651611328 -0.163955688476563 0.218841552734375
0.00899410247802734 -0.010493278503418 0.0404205322265625 0.183502197265625
0.00831079483032227 0.00796985626220703 0.1302490234375 0.059173583984375
0.00490951538085938 0.00378990173339844 -0.123428344726563 -0.083831787109375
0.0117597579956055 -0.00985527038574219 -0.0160369873046875 -0.190277099609375
0.0114326477050781 -0.000207901000976563 0.182525634765625 -0.206832885742188
0.00694370269775391 0.0167636871337891 0.3814697265625 -0.03851318359375
-0.00392580032348633 0.00658321380615234 0.303802490234375 0.323883056640625
-0.00541305541992187 -0.0283031463623047 -0.07342529296875 0.486083984375
0.0115900039672852 -0.000371932983398437 -0.309600830078125 0.2449951171875
0.0266170501708984 0.0193843841552734 0.005218505859375 0.0400619506835938
0.0229206085205078 -0.00535011291503906 0.38568115234375 -0.19976806640625
0.00559139251708984 -0.0158100128173828 0.151397705078125 -0.51751708984375
-0.00529575347900391 -0.000187397003173827 -0.3199462890625 -0.331939697265625
0.00314617156982422 0.0123586654663086 -0.34881591796875 0.06024169921875
0.00941753387451172 0.00405979156494141 -0.164169311523438 0.217926025390625
0.00854396820068359 -0.0109357833862305 0.0411376953125 0.184188842773438
0.0088949203491211 0.00551033020019531 0.13018798828125 0.05987548828125
0.00524044036865234 0.00346279144287109 -0.124191284179688 -0.0832290649414062
0.0114755630493164 -0.00951004028320313 -0.0152130126953125 -0.190032958984375
0.0113554000854492 0.000248908996582031 0.1822509765625 -0.207626342773438
0.00813770294189453 0.0169591903686523 0.38226318359375 -0.038818359375
-0.00311660766601562 0.00733518600463867 0.30560302734375 0.3212890625
-0.00641059875488282 -0.0273380279541016 -0.071014404296875 0.486083984375
0.00842475891113281 0.000693798065185547 -0.3084716796875 0.245452880859375
0.0235118865966797 0.0189495086669922 0.00521469116210937 0.0405044555664063
0.0205821990966797 -0.0050506591796875 0.387298583984375 -0.19818115234375
0.00605678558349609 -0.0152397155761719 0.152740478515625 -0.518280029296875
-0.00460433959960938 0.00031900405883789 -0.3179931640625 -0.33404541015625
0.00415992736816406 0.0131464004516602 -0.3482666015625 0.059417724609375
0.00901985168457031 0.00467681884765625 -0.16424560546875 0.216842651367187
0.00787925720214844 -0.0112075805664062 0.040985107421875 0.184707641601563
0.00919437408447266 0.00495147705078125 0.130332946777344 0.0594253540039063
0.00486516952514648 0.00464391708374024 -0.123893737792969 -0.0822296142578125
0.0108413696289063 -0.00914192199707031 -0.0143585205078125 -0.189697265625
0.0109004974365234 0.00162792205810547 0.184173583984375 -0.206558227539063
0.00860404968261719 0.0178585052490234 0.38336181640625 -0.03851318359375
-0.00221681594848633 0.00701665878295898 0.305694580078125 0.3221435546875
-0.00667381286621094 -0.0268383026123047 -0.0726318359375 0.48736572265625
0.00701618194580078 0.00127506256103516 -0.30810546875 0.2451171875
0.0197811126708984 0.01910400390625 0.00787353515625 0.0401649475097656
0.0180397033691406 -0.00479316711425781 0.38995361328125 -0.200347900390625
0.00547599792480469 -0.0148859024047852 0.153900146484375 -0.5179443359375
-0.00377511978149414 0.000199317932128906 -0.31842041015625 -0.333038330078125
0.00439834594726563 0.0128650665283203 -0.34716796875 0.060333251953125
0.00814580917358398 0.00576305389404297 -0.163345336914063 0.216949462890625
0.00670909881591797 -0.0108766555786133 0.0422515869140625 0.18438720703125
0.00813722610473633 0.00522375106811523 0.130447387695313 0.0595550537109375
0.00362920761108398 0.00548934936523438 -0.12371826171875 -0.0814056396484375
0.0102472305297852 -0.00857257843017578 -0.0124053955078125 -0.188934326171875
0.0105733871459961 0.00296497344970703 0.18597412109375 -0.205276489257813
0.008697509765625 0.0178165435791016 0.383544921875 -0.0355224609375
-0.00140523910522461 0.00647592544555664 0.302490234375 0.32659912109375
-0.00599479675292969 -0.02685546875 -0.076080322265625 0.488037109375
0.00620317459106445 0.00241804122924805 -0.30889892578125 0.242156982421875
0.0176563262939453 0.0192928314208984 0.0107841491699219 0.040252685546875
0.0167522430419922 -0.00434398651123047 0.389007568359375 -0.202484130859375
0.00579071044921875 -0.0145435333251953 0.1512451171875 -0.520782470703125
-0.00250363349914551 -0.000145673751831055 -0.319061279296875 -0.330902099609375
0.0054931640625 0.0141592025756836 -0.345733642578125 0.062255859375
0.00787448883056641 0.00678777694702148 -0.162124633789063 0.217391967773437
0.00633525848388672 -0.0106687545776367 0.0437469482421875 0.1834716796875
0.00783109664916992 0.00709724426269531 0.130805969238281 0.05926513671875
0.0026850700378418 0.00788116455078125 -0.122932434082031 -0.0806655883789063
0.0100135803222656 -0.00739192962646484 -0.011077880859375 -0.188995361328125
0.0111503601074219 0.00442218780517578 0.188308715820312 -0.203750610351562
0.00937080383300781 0.0186595916748047 0.38525390625 -0.031524658203125
-0.000924587249755859 0.00583457946777344 0.29852294921875 0.33038330078125
-0.00520515441894531 -0.0269813537597656 -0.0805053710937501 0.48785400390625
0.00662422180175781 0.00226831436157227 -0.307647705078125 0.241851806640625
0.0171337127685547 0.0186576843261719 0.0147628784179688 0.0397186279296875
0.0166778564453125 -0.004364013671875 0.38970947265625 -0.20684814453125
0.00713825225830078 -0.0148296356201172 0.14617919921875 -0.52105712890625
-0.00206446647644043 -9.42945480346678E-05 -0.32281494140625 -0.326263427734375
0.00540256500244141 0.0143556594848633 -0.345703125 0.0656433105468749
0.00777292251586914 0.0078577995300293 -0.159988403320312 0.217559814453125
0.00627517700195313 -0.00952053070068359 0.0453643798828125 0.182662963867188
0.00765752792358398 0.00826883316040039 0.13067626953125 0.0588150024414062
0.00107288360595703 0.00948905944824219 -0.122802734375 -0.0809326171875
0.0104360580444336 -0.00651073455810547 -0.00936889648437501 -0.189285278320312
0.0105791091918945 0.00479412078857422 0.190582275390625 -0.20172119140625
0.00853538513183594 0.0191059112548828 0.384368896484375 -0.02716064453125
-0.00117635726928711 0.00546121597290039 0.29510498046875 0.33514404296875
-0.00376701354980468 -0.0278701782226563 -0.086944580078125 0.48907470703125
0.00710630416870117 0.00205469131469727 -0.30712890625 0.238922119140625
0.0173225402832031 0.0190868377685547 0.0190238952636719 0.0391731262207031
0.0173244476318359 -0.00528240203857422 0.387451171875 -0.2110595703125
0.00733757019042969 -0.0155630111694336 0.139373779296875 -0.52105712890625
-0.0016939640045166 -0.000265836715698242 -0.3272705078125 -0.31982421875
0.00531196594238281 0.0147562026977539 -0.344146728515625 0.0700988769531249
0.00748777389526367 0.00825309753417969 -0.157058715820313 0.21923828125
0.00583934783935547 -0.00835895538330078 0.0468902587890625 0.1820068359375
0.00554943084716797 0.0102720260620117 0.132286071777344 0.05767822265625
0.00321865081787109 0.0061650276184082 -0.121788024902344 -0.0853500366210937
0.0121555328369141 -0.00785636901855469 -0.016326904296875 -0.190963745117188
0.011286735534668 -0.000445365905761719 0.181381225585937 -0.2060546875
0.00613689422607422 0.0156974792480469 0.37744140625 -0.035491943359375
-0.00507688522338867 0.00540399551391602 0.2974853515625 0.326141357421875
-0.00510215759277344 -0.0282611846923828 -0.079498291015625 0.485748291015625
0.0165414810180664 -0.00176334381103516 -0.308319091796875 0.24224853515625
0.0332469940185547 0.0195217132568359 0.00978851318359375 0.0404510498046875
0.0261039733886719 -0.00752449035644531 0.377777099609375 -0.20648193359375
0.00669956207275391 -0.0167436599731445 0.1353759765625 -0.514739990234375
-0.00544404983520508 -0.000263214111328125 -0.328582763671875 -0.318878173828125
0.00185394287109375 0.0120315551757813 -0.344879150390625 0.070556640625
0.00883388519287109 0.00386619567871094 -0.159194946289062 0.220855712890625
0.00843524932861328 -0.0101690292358398 0.0431976318359375 0.181243896484375
0.00788784027099609 0.00916385650634766 0.132369995117187 0.05657958984375
0.00492095947265625 0.00507402420043945 -0.124008178710938 -0.0835494995117187
0.0121221542358398 -0.00966644287109375 -0.016693115234375 -0.190216064453125
0.0107135772705078 -0.000567436218261719 0.180038452148438 -0.208358764648437
0.00650882720947265 0.0156240463256836 0.379119873046875 -0.03900146484375
-0.00424385070800781 0.00565528869628906 0.30230712890625 0.31982421875
-0.00552940368652344 -0.0286941528320312 -0.072662353515625 0.48516845703125
0.0141153335571289 -0.00103569030761719 -0.30657958984375 0.24365234375
0.0305652618408203 0.0186843872070313 0.00643539428710938 0.0406036376953125
0.0248813629150391 -0.00664710998535156 0.378631591796875 -0.203033447265625
0.00637531280517578 -0.0167093276977539 0.13970947265625 -0.515350341796875
-0.00603437423706055 -0.000629901885986328 -0.324554443359375 -0.32415771484375
0.00258922576904297 0.0124626159667969 -0.34625244140625 0.0673828125000001
0.00947666168212891 0.00381755828857422 -0.160919189453125 0.220123291015625
0.00841712951660156 -0.0106143951416016 0.0429229736328125 0.18182373046875
0.00903606414794922 0.00742912292480469 0.130508422851563 0.0573043823242188
0.00484466552734375 0.00464439392089844 -0.124458312988281 -0.0822982788085937
0.0118417739868164 -0.00923252105712891 -0.0190887451171875 -0.189956665039063
0.0106868743896484 -0.000119209289550781 0.178237915039063 -0.208251953125
0.00698661804199219 0.0156736373901367 0.377410888671875 -0.044158935546875
-0.00438833236694336 0.00588655471801758 0.30548095703125 0.316436767578125
-0.00672531127929687 -0.0273799896240234 -0.07025146484375 0.48291015625
0.0117559432983398 0.000474929809570313 -0.30426025390625 0.24591064453125
0.0269737243652344 0.0187034606933594 0.0052032470703125 0.040008544921875
0.0221881866455078 -0.00568389892578125 0.381011962890625 -0.200592041015625
0.00523853302001953 -0.015315055847168 0.144805908203125 -0.514862060546875
-0.00589609146118164 -0.000664234161376953 -0.321044921875 -0.32672119140625
0.00351238250732422 0.0120382308959961 -0.346588134765625 0.06439208984375
0.00938987731933594 0.00407123565673828 -0.160369873046875 0.21826171875
0.0076446533203125 -0.0108242034912109 0.0430450439453125 0.182769775390625
0.00916385650634766 0.00628566741943359 0.130912780761719 0.0585861206054687
0.00546598434448242 0.00423526763916016 -0.125190734863281 -0.0807342529296875
0.0113487243652344 -0.008941650390625 -0.017791748046875 -0.188888549804688
0.0103855133056641 0.000522613525390625 0.178756713867188 -0.208282470703125
0.0081939697265625 0.0164680480957031 0.378082275390625 -0.045074462890625
-0.00382423400878906 0.00583982467651367 0.3060302734375 0.314849853515625
-0.00722312927246093 -0.0270977020263672 -0.065704345703125 0.4835205078125
0.00911617279052734 0.00124454498291016 -0.303436279296875 0.246002197265625
0.0228595733642578 0.0186138153076172 0.004974365234375 0.0403327941894531
0.0200309753417969 -0.00591087341308594 0.381622314453125 -0.20172119140625
0.00528812408447266 -0.014801025390625 0.148223876953125 -0.5162353515625
-0.00489425659179688 0.000104427337646485 -0.3206787109375 -0.327850341796875
0.00480556488037109 0.0131912231445312 -0.34515380859375 0.0627136230468749
0.00891780853271484 0.00534152984619141 -0.160171508789063 0.218551635742187
0.00657367706298828 -0.0110101699829102 0.044586181640625 0.182891845703125
0.00935935974121094 0.00561809539794922 0.130668640136719 0.0589370727539063
0.00485897064208984 0.00410842895507813 -0.125053405761719 -0.07977294921875
0.0101480484008789 -0.00938224792480469 -0.0174102783203125 -0.188003540039063
0.0112829208374023 0.00136852264404297 0.179916381835938 -0.2076416015625
0.00933265686035156 0.0168285369873047 0.3792724609375 -0.043487548828125
-0.00259017944335937 0.00622129440307617 0.307220458984375 0.316802978515625
-0.00721931457519531 -0.0263347625732422 -0.06683349609375 0.483795166015625
0.00725364685058594 0.00163459777832031 -0.3037109375 0.245513916015625
0.0203857421875 0.0192108154296875 0.0077972412109375 0.0400886535644531
0.0187530517578125 -0.00452613830566406 0.384063720703125 -0.202484130859375
0.00506877899169922 -0.0145072937011719 0.147918701171875 -0.51605224609375
-0.00380444526672363 -1.00135803222662E-05 -0.319366455078125 -0.32696533203125
0.00541210174560547 0.0130653381347656 -0.344573974609375 0.0636596679687501
0.00849056243896485 0.00573253631591797 -0.159881591796875 0.2178955078125
0.00646018981933594 -0.0116310119628906 0.0453948974609375 0.182754516601563
0.00897216796875 0.00589084625244141 0.131011962890625 0.0577239990234375
0.00372123718261719 0.00562906265258789 -0.124374389648438 -0.0791473388671875
0.0103387832641602 -0.00881099700927734 -0.0152740478515625 -0.18841552734375
0.0109663009643555 0.00296878814697266 0.182403564453125 -0.2060546875
0.00952529907226563 0.0171413421630859 0.37957763671875 -0.041290283203125
-0.00116586685180664 0.00604057312011719 0.30352783203125 0.318939208984375
-0.00674057006835938 -0.0263633728027344 -0.07098388671875 0.48297119140625
0.00586128234863281 0.00202703475952148 -0.303558349609375 0.24298095703125
0.0179481506347656 0.0187015533447266 0.0109329223632813 0.0399627685546875
0.0166034698486328 -0.00408077239990234 0.385528564453125 -0.205169677734375
0.00595378875732422 -0.0145044326782227 0.144622802734375 -0.518798828125
-0.00279879570007324 0.000107288360595703 -0.321136474609375 -0.32501220703125
0.00586986541748047 0.0137062072753906 -0.34344482421875 0.0653076171875
0.00828218460083008 0.00643539428710938 -0.157913208007812 0.21807861328125
0.00615596771240234 -0.010554313659668 0.0461883544921875 0.182159423828125
0.00845813751220703 0.00658702850341797 0.131500244140625 0.057403564453125
0.00294780731201172 0.00796413421630859 -0.123680114746094 -0.0786590576171875
0.00981998443603516 -0.00751113891601562 -0.0137481689453125 -0.188018798828125
0.0106782913208008 0.00440692901611328 0.184249877929688 -0.205245971679688
0.009796142578125 0.0183391571044922 0.3809814453125 -0.036468505859375
-0.00146913528442383 0.0050816535949707 0.30169677734375 0.325531005859375
-0.00576210021972657 -0.026885986328125 -0.0755615234375 0.48565673828125
0.00636482238769531 0.00216293334960938 -0.303131103515625 0.24237060546875
0.0171146392822266 0.0187091827392578 0.0152931213378906 0.0398483276367188
0.0163164138793945 -0.00453090667724609 0.38458251953125 -0.2081298828125
0.00604057312011719 -0.0149698257446289 0.1397705078125 -0.52044677734375
-0.00220632553100586 0.000167369842529297 -0.324249267578125 -0.321319580078125
0.00555515289306641 0.0139760971069336 -0.342498779296875 0.06890869140625
0.00797128677368164 0.00754451751708984 -0.156326293945312 0.2183837890625
0.00549602508544922 -0.00925064086914062 0.047882080078125 0.1815185546875
0.00784969329833984 0.00835657119750977 0.131126403808594 0.05694580078125
0.00138664245605469 0.00957489013671875 -0.12322998046875 -0.07916259765625
0.0103025436401367 -0.00625705718994141 -0.012115478515625 -0.188247680664063
0.0103893280029297 0.00478458404541016 0.186370849609375 -0.203094482421875
0.00912284851074219 0.0187606811523438 0.380950927734375 -0.031494140625
-0.00063323974609375 0.00496578216552734 0.29693603515625 0.329803466796875
-0.00464630126953125 -0.0279636383056641 -0.080718994140625 0.48651123046875
0.00711393356323242 0.00145959854125977 -0.3037109375 0.240478515625
0.0172023773193359 0.0185890197753906 0.019439697265625 0.0385704040527344
0.0171089172363281 -0.00533294677734375 0.383697509765625 -0.213104248046875
0.0074462890625 -0.0156011581420898 0.13287353515625 -0.519287109375
-0.00180411338806152 -0.000231385231018066 -0.327545166015625 -0.3148193359375
0.00578498840332031 0.0146770477294922 -0.34088134765625 0.0739135742187501
0.00740432739257812 0.00808000564575195 -0.153579711914063 0.219985961914062
0.00570964813232422 -0.00857734680175781 0.048919677734375 0.180923461914063
0.00617122650146484 0.00984954833984375 0.132369995117188 0.0561447143554688
0.00393199920654297 0.0064849853515625 -0.122673034667969 -0.0832443237304687
0.012883186340332 -0.00810718536376953 -0.018524169921875 -0.18914794921875
0.0111017227172852 -0.000394821166992188 0.178176879882813 -0.206008911132813
0.00580883026123047 0.0152654647827148 0.374969482421875 -0.0406494140625
-0.00500822067260742 0.00490856170654297 0.298370361328125 0.319122314453125
-0.00559234619140625 -0.0290546417236328 -0.075347900390625 0.48114013671875
0.016535758972168 -0.00100231170654297 -0.30322265625 0.241058349609375
0.0331401824951172 0.0183963775634766 0.00942230224609375 0.0402030944824219
0.0265941619873047 -0.00712966918945313 0.37261962890625 -0.207122802734375
0.00601100921630859 -0.0165691375732422 0.12957763671875 -0.5118408203125
-0.00519180297851563 -0.000938415527343749 -0.32843017578125 -0.3123779296875
0.00319385528564453 0.0123367309570313 -0.343231201171875 0.073760986328125
0.00854015350341797 0.00384807586669922 -0.15631103515625 0.22113037109375
0.00815200805664063 -0.00967502593994141 0.0455322265625 0.180099487304688
0.00797939300537109 0.00892257690429688 0.131637573242188 0.055389404296875
0.00472450256347656 0.00514888763427734 -0.123619079589844 -0.0823135375976563
0.0114994049072266 -0.00903415679931641 -0.019622802734375 -0.1885986328125
0.0108489990234375 -0.00048065185546875 0.175506591796875 -0.2086181640625
0.00667667388916016 0.0152339935302734 0.374603271484375 -0.04400634765625
-0.00504541397094726 0.00500774383544922 0.302947998046875 0.314361572265625
-0.006866455078125 -0.0280857086181641 -0.068359375 0.4810791015625
0.0137310028076172 -0.00129222869873047 -0.301055908203125 0.244354248046875
0.0307521820068359 0.0184898376464844 0.0066680908203125 0.0393333435058594
0.0250568389892578 -0.00658607482910156 0.37359619140625 -0.204437255859375
0.00583934783935547 -0.0163669586181641 0.1341552734375 -0.51336669921875
-0.00567197799682617 -0.000718116760253906 -0.323760986328125 -0.317779541015625
0.00325202941894531 0.0119142532348633 -0.343109130859375 0.07073974609375
0.0093698501586914 0.00403213500976562 -0.156494140625 0.220565795898438
0.00809097290039063 -0.010624885559082 0.0446929931640625 0.1807861328125
0.00987529754638672 0.007476806640625 0.131782531738281 0.055755615234375
0.00563812255859375 0.00367259979248047 -0.124481201171875 -0.0803375244140625
0.0121793746948242 -0.0100154876708984 -0.0200958251953125 -0.187896728515625
0.011016845703125 0.000178337097167969 0.174652099609375 -0.2088623046875
0.00742435455322266 0.0153846740722656 0.3743896484375 -0.0484619140625
-0.00431632995605469 0.00487184524536133 0.305908203125 0.310302734375
-0.007171630859375 -0.0269947052001953 -0.063720703125 0.478759765625
0.011866569519043 -0.000256538391113281 -0.300262451171875 0.245819091796875
0.0272712707519531 0.0182685852050781 0.00629425048828125 0.0399055480957031
0.0223121643066406 -0.00566673278808594 0.375762939453125 -0.201873779296875
0.00527381896972656 -0.0151433944702148 0.140869140625 -0.51324462890625
-0.00567817687988281 -0.000759124755859376 -0.320556640625 -0.32159423828125
0.00365924835205078 0.0121517181396484 -0.3426513671875 0.06744384765625
0.00933742523193359 0.00347042083740234 -0.157394409179688 0.219390869140625
0.00753402709960938 -0.0113801956176758 0.046142578125 0.181533813476563
0.00958728790283203 0.00607395172119141 0.130889892578125 0.0567092895507813
0.00598907470703125 0.00385808944702148 -0.124908447265625 -0.0798721313476563
0.0111265182495117 -0.00987529754638672 -0.019866943359375 -0.187026977539063
0.0102853775024414 0.000683784484863281 0.174591064453125 -0.209304809570312
0.00876903533935547 0.0157537460327148 0.37542724609375 -0.04840087890625
-0.00344371795654297 0.00518321990966797 0.30731201171875 0.30877685546875
-0.00829505920410156 -0.0263404846191406 -0.0621337890625 0.4788818359375
0.00864219665527344 0.00098419189453125 -0.30084228515625 0.246246337890625
0.0226249694824219 0.0182743072509766 0.00567245483398438 0.0396232604980469
0.0198478698730469 -0.00539779663085937 0.377105712890625 -0.20233154296875
0.00498580932617187 -0.0143184661865234 0.142333984375 -0.512847900390625
-0.00403738021850586 0.00036025047302246 -0.320159912109375 -0.32293701171875
0.00432109832763672 0.0124273300170898 -0.342498779296875 0.06610107421875
0.00946903228759766 0.00488948822021484 -0.1568603515625 0.218109130859375
0.00725746154785156 -0.0111198425292969 0.0467529296875 0.181411743164063
0.00973320007324219 0.00509548187255859 0.130722045898438 0.0568084716796875
0.00525665283203125 0.00402641296386719 -0.125289916992188 -0.0783843994140625
0.0104732513427734 -0.00958728790283203 -0.0195770263671875 -0.186859130859375
0.0109443664550781 0.00164985656738281 0.1763916015625 -0.208526611328125
0.0086660385131836 0.0165414810180664 0.3765869140625 -0.048187255859375
-0.0029144287109375 0.00550031661987305 0.306396484375 0.310791015625
-0.00801658630371094 -0.0252704620361328 -0.0618896484375 0.480682373046875
0.00665760040283203 0.00204277038574219 -0.29913330078125 0.2451171875
0.0201606750488281 0.0187435150146484 0.0080108642578125 0.0394706726074219
0.017486572265625 -0.00444507598876953 0.379364013671875 -0.201934814453125
0.004913330078125 -0.0139875411987305 0.142303466796875 -0.513458251953125
-0.00363516807556152 4.62532043457035E-05 -0.3201904296875 -0.32196044921875
0.00514411926269531 0.0127286911010742 -0.3408203125 0.0665283203125
0.00856828689575195 0.00584840774536133 -0.155929565429687 0.217758178710938
0.0061492919921875 -0.0113229751586914 0.048065185546875 0.181549072265625
0.00927448272705078 0.00498771667480469 0.130722045898438 0.0561676025390625
0.00450754165649414 0.00550556182861328 -0.124908447265625 -0.0774078369140625
0.0101518630981445 -0.00853443145751953 -0.0179290771484375 -0.186355590820312
0.0102996826171875 0.00267982482910156 0.178085327148438 -0.207626342773438
0.009765625 0.0170669555664063 0.3770751953125 -0.045318603515625
-0.00175237655639648 0.00551128387451172 0.305023193359375 0.313507080078125
-0.00742149353027344 -0.0260601043701172 -0.06536865234375 0.48052978515625
0.00590276718139649 0.00152969360351563 -0.29925537109375 0.243927001953125
0.0178337097167969 0.0187225341796875 0.0110130310058594 0.0395660400390625
0.016627311706543 -0.00399971008300781 0.380035400390625 -0.205718994140625
0.00508403778076172 -0.014556884765625 0.139495849609375 -0.51556396484375
-0.00279903411865234 0.000195503234863281 -0.3218994140625 -0.3209228515625
0.00584030151367187 0.012639045715332 -0.340087890625 0.0684814453125001
0.00857448577880859 0.00693988800048828 -0.154632568359375 0.21826171875
0.00539016723632813 -0.00987529754638672 0.04852294921875 0.180526733398438
0.00932216644287109 0.00647354125976562 0.13116455078125 0.05621337890625
0.00348043441772461 0.00776863098144531 -0.123733520507813 -0.0766754150390625
0.0095224380493164 -0.00742816925048828 -0.016265869140625 -0.18646240234375
0.0108852386474609 0.00422000885009766 0.180999755859375 -0.205459594726563
0.00978279113769531 0.0174283981323242 0.3765869140625 -0.041412353515625
-0.00160121917724609 0.00467872619628906 0.301025390625 0.3182373046875
-0.006439208984375 -0.0263271331787109 -0.070159912109375 0.4820556640625
0.00614118576049805 0.00208282470703125 -0.298187255859375 0.242919921875
0.0169887542724609 0.0184001922607422 0.0152397155761719 0.0386505126953125
0.0161600112915039 -0.00381946563720703 0.3802490234375 -0.209747314453125
0.00566864013671875 -0.0141973495483398 0.134246826171875 -0.5159912109375
-0.00210416316986084 6.67572021484379E-05 -0.3236083984375 -0.315765380859375
0.00562381744384766 0.0135068893432617 -0.339263916015625 0.0723571777343749
0.00805425643920898 0.00757598876953125 -0.152557373046875 0.218856811523437
0.00550556182861328 -0.009796142578125 0.0498504638671875 0.17974853515625
0.00846529006958008 0.00721263885498047 0.131584167480469 0.0548934936523438
0.00223064422607422 0.00919055938720703 -0.123481750488281 -0.0767135620117187
0.0103654861450195 -0.00623798370361328 -0.01458740234375 -0.186965942382813
0.0106754302978516 0.00533866882324219 0.182723999023438 -0.203933715820313
0.00983619689941406 0.0178146362304688 0.376678466796875 -0.036651611328125
-0.00106573104858398 0.00421595573425293 0.2972412109375 0.323486328125
-0.00550460815429687 -0.0275650024414063 -0.076202392578125 0.481292724609375
0.0068964958190918 0.0020289421081543 -0.298980712890625 0.239715576171875
0.0177364349365234 0.0186939239501953 0.0192642211914063 0.0388679504394531
0.0168352127075195 -0.005279541015625 0.37762451171875 -0.2144775390625
0.00646114349365234 -0.0149002075195312 0.128692626953125 -0.515411376953125
-0.00179660320281982 -0.0003814697265625 -0.328277587890625 -0.309722900390625
0.00550651550292969 0.0136070251464844 -0.338653564453125 0.076568603515625
0.00745725631713867 0.008331298828125 -0.150054931640625 0.220077514648438
0.00514364242553711 -0.00831699371337891 0.051971435546875 0.1785888671875
0.00656032562255859 0.00965118408203125 0.132293701171875 0.054656982421875
0.00477743148803711 0.00647068023681641 -0.122756958007813 -0.0811767578125
0.0131149291992187 -0.00803184509277344 -0.0207672119140625 -0.187164306640625
0.0100622177124023 -0.000660896301269531 0.17510986328125 -0.206344604492188
0.00629138946533203 0.0149469375610352 0.37109375 -0.043365478515625
-0.00523233413696289 0.00445032119750976 0.298004150390625 0.31341552734375
-0.0056304931640625 -0.0274143218994141 -0.07061767578125 0.476043701171875
0.0162591934204102 -0.001556396484375 -0.298919677734375 0.242431640625
0.0327224731445313 0.01837158203125 0.00949859619140626 0.0397071838378906
0.0259189605712891 -0.00678825378417969 0.36767578125 -0.20770263671875
0.00569820404052734 -0.016362190246582 0.12451171875 -0.509368896484375
-0.00626707077026367 -0.000603675842285157 -0.3277587890625 -0.3072509765625
0.00265789031982422 0.0113725662231445 -0.3389892578125 0.077362060546875
0.00895404815673828 0.00383758544921875 -0.151458740234375 0.221725463867188
0.00782871246337891 -0.010009765625 0.048126220703125 0.178375244140625
0.00833511352539063 0.00870752334594727 0.131698608398438 0.054046630859375
0.00583934783935547 0.0057673454284668 -0.123428344726563 -0.0802841186523437
0.0113334655761719 -0.00903034210205078 -0.02166748046875 -0.18682861328125
0.0109176635742187 -0.000573158264160156 0.171875 -0.209121704101563
0.00729846954345703 0.0145654678344727 0.370880126953125 -0.048065185546875
-0.00555419921875 0.00455474853515625 0.302947998046875 0.308441162109375
-0.00751495361328125 -0.0269775390625 -0.062957763671875 0.4765625
0.0144786834716797 -0.000267982482910156 -0.296844482421875 0.24371337890625
0.0305728912353516 0.0182132720947266 0.006439208984375 0.0393486022949219
0.0244998931884766 -0.00629806518554688 0.369293212890625 -0.2054443359375
0.00543022155761719 -0.0153512954711914 0.130126953125 -0.509124755859375
-0.00547933578491211 -0.00067424774169922 -0.32562255859375 -0.312103271484375
0.00321197509765625 0.0110206604003906 -0.339569091796875 0.0727233886718749
0.00943660736083984 0.00425434112548828 -0.152984619140625 0.2208251953125
0.0075225830078125 -0.0105714797973633 0.0470733642578125 0.1790771484375
0.0100164413452148 0.00678062438964844 0.131355285644531 0.0542526245117188
0.00559759140014648 0.00361871719360352 -0.125465393066406 -0.0786361694335937
0.010706901550293 -0.009613037109375 -0.02349853515625 -0.1865234375
0.0105371475219727 -0.000269889831542969 0.171173095703125 -0.208816528320313
0.00716781616210938 0.0146884918212891 0.369384765625 -0.052032470703125
-0.00467634201049805 0.00484657287597656 0.305419921875 0.3045654296875
-0.008392333984375 -0.026519775390625 -0.060516357421875 0.4749755859375
0.0112581253051758 0.000144004821777344 -0.295166015625 0.2459716796875
0.0270862579345703 0.0179252624511719 0.00560379028320313 0.0392341613769531
0.0218696594238281 -0.00603294372558594 0.371246337890625 -0.202667236328125
0.0049886703491211 -0.0151834487915039 0.133575439453125 -0.5103759765625
-0.0053105354309082 -0.000853538513183594 -0.32098388671875 -0.315093994140625
0.00338459014892578 0.0116863250732422 -0.338958740234375 0.06982421875
0.00938320159912109 0.004150390625 -0.153289794921875 0.218841552734375
0.00702571868896484 -0.0113935470581055 0.0477142333984375 0.179443359375
0.00994682312011719 0.00588226318359375 0.131011962890625 0.0553131103515625
0.00562000274658203 0.00315999984741211 -0.125404357910156 -0.0771942138671875
0.0106306076049805 -0.0091705322265625 -0.0224761962890625 -0.185806274414062
0.0105810165405273 0.000514030456542969 0.1708984375 -0.209609985351563
0.00844764709472656 0.0153608322143555 0.371307373046875 -0.052093505859375
-0.00351715087890625 0.00505399703979492 0.306732177734375 0.302459716796875
-0.00794601440429687 -0.0257492065429687 -0.0587158203125 0.474151611328125
0.00901889801025391 0.00103092193603516 -0.296234130859375 0.24517822265625
0.0232009887695313 0.0182399749755859 0.005767822265625 0.0395050048828125
0.0189800262451172 -0.00498580932617188 0.372833251953125 -0.203887939453125
0.00443077087402344 -0.0142536163330078 0.13714599609375 -0.509552001953125
-0.00442123413085938 -0.000789165496826172 -0.3201904296875 -0.31829833984375
0.00543212890625 0.0120477676391602 -0.33929443359375 0.0684814453125
0.00858449935913086 0.00372600555419922 -0.1529541015625 0.2188720703125
0.00712776184082031 -0.0118436813354492 0.04888916015625 0.17999267578125
0.0100030899047852 0.00399398803710937 0.131187438964844 0.0547409057617187
0.00547361373901367 0.00435018539428711 -0.125564575195312 -0.0767440795898438
0.0101890563964844 -0.00890350341796875 -0.0220184326171875 -0.1851806640625
0.0106840133666992 0.00183677673339844 0.172500610351563 -0.209213256835938
0.00906753540039063 0.0160627365112305 0.37255859375 -0.05072021484375
-0.00282812118530273 0.00541496276855469 0.3077392578125 0.302703857421875
-0.00828170776367188 -0.0258102416992188 -0.058258056640625 0.47515869140625
0.00716638565063477 0.00181055068969727 -0.294647216796875 0.2457275390625
0.0203723907470703 0.0184001922607422 0.00786209106445313 0.0397605895996094
0.0173892974853516 -0.00474262237548828 0.374847412109375 -0.20458984375
0.00421619415283203 -0.0137348175048828 0.138671875 -0.51092529296875
-0.00379538536071777 -0.00054621696472168 -0.3192138671875 -0.31658935546875
0.00549697875976563 0.0116090774536133 -0.337615966796875 0.0689086914062499
0.00901317596435547 0.00534725189208984 -0.152603149414063 0.2176513671875
0.00561714172363281 -0.0107002258300781 0.050018310546875 0.179367065429688
0.00994491577148438 0.00531482696533203 0.131195068359375 0.05438232421875
0.00486135482788086 0.00548696517944336 -0.125282287597656 -0.07574462890625
0.00929069519042969 -0.00849437713623047 -0.020294189453125 -0.184768676757813
0.0107564926147461 0.00329780578613281 0.174270629882812 -0.208114624023437
0.0096731185913086 0.0162754058837891 0.37261962890625 -0.048370361328125
-0.00216341018676758 0.00491619110107422 0.3038330078125 0.308013916015625
-0.0076446533203125 -0.0254364013671875 -0.06243896484375 0.4761962890625
0.00592231750488281 0.00201082229614258 -0.294464111328125 0.243316650390625
0.0178585052490234 0.0181465148925781 0.0116424560546875 0.0390167236328125
0.0162286758422852 -0.00474452972412109 0.37506103515625 -0.207427978515625
0.0045614242553711 -0.014124870300293 0.1351318359375 -0.512237548828125
-0.00263094902038574 -0.000298738479614257 -0.321502685546875 -0.31414794921875
0.00601482391357422 0.0125484466552734 -0.336761474609375 0.0704345703125
0.00804471969604492 0.00616359710693359 -0.15081787109375 0.218353271484375
0.00548362731933594 -0.0103969573974609 0.050506591796875 0.179306030273438
0.00961494445800781 0.00617599487304688 0.130996704101563 0.0542221069335938
0.00400018692016602 0.00760650634765625 -0.124015808105469 -0.0751953125
0.00927734375 -0.00727081298828125 -0.0187530517578125 -0.185089111328125
0.0109214782714844 0.00433254241943359 0.176513671875 -0.206100463867188
0.0100612640380859 0.0170011520385742 0.37420654296875 -0.0443115234375
-0.00167965888977051 0.0043642520904541 0.300628662109375 0.31207275390625
-0.00713729858398438 -0.0262603759765625 -0.066497802734375 0.47772216796875
0.0059046745300293 0.00199508666992188 -0.2945556640625 0.24212646484375
0.0173664093017578 0.0181941986083984 0.0150794982910156 0.0382461547851563
0.0162258148193359 -0.00481319427490234 0.37451171875 -0.210845947265625
0.00548362731933594 -0.0143232345581055 0.129791259765625 -0.512451171875
-0.00155627727508545 -0.000227570533752441 -0.323822021484375 -0.309417724609375
0.00626373291015625 0.0127363204956055 -0.336181640625 0.074432373046875
0.00813388824462891 0.0077204704284668 -0.14892578125 0.21881103515625
0.00490760803222656 -0.00950336456298828 0.05206298828125 0.178085327148437
0.00861263275146484 0.00736665725708008 0.131637573242187 0.0536270141601562
0.00268077850341797 0.00937843322753906 -0.124183654785156 -0.0755386352539063
0.0101222991943359 -0.00626468658447266 -0.0170440673828125 -0.184707641601562
0.0101871490478516 0.00529384613037109 0.179275512695313 -0.204483032226563
0.0095367431640625 0.017155647277832 0.373992919921875 -0.040252685546875
-0.00123190879821777 0.00373339653015137 0.295379638671875 0.317535400390625
-0.00599479675292969 -0.0268383026123047 -0.0729675292968749 0.477691650390625
0.00708580017089844 0.00229215621948242 -0.29498291015625 0.2393798828125
0.0177021026611328 0.0185203552246094 0.0191574096679688 0.0382156372070313
0.0166301727294922 -0.00551795959472656 0.3731689453125 -0.214569091796875
0.00610256195068359 -0.0151376724243164 0.123321533203125 -0.512725830078125
-0.00179934501647949 -0.000168204307556153 -0.328521728515625 -0.303955078125
0.00656604766845703 0.0133829116821289 -0.3353271484375 0.079193115234375
0.00760555267333984 0.00803565979003906 -0.146682739257812 0.219863891601563
0.00477313995361328 -0.00806236267089844 0.0535888671875 0.177108764648438
0.00708389282226562 0.00928592681884766 0.132057189941406 0.0529861450195312
0.00528478622436523 0.00660419464111328 -0.123550415039063 -0.0805435180664062
0.0119791030883789 -0.00849151611328125 -0.02301025390625 -0.186309814453125
0.0108728408813477 -0.000507354736328125 0.171478271484375 -0.207107543945313
0.00641822814941406 0.0151405334472656 0.368316650390625 -0.04620361328125
-0.0058746337890625 0.00381612777709961 0.298126220703125 0.3074951171875
-0.00595474243164063 -0.0272560119628906 -0.067779541015625 0.472198486328125
0.016632080078125 -0.00116825103759766 -0.295379638671875 0.2408447265625
0.0326957702636719 0.0179653167724609 0.00894546508789063 0.0384902954101563
0.0258331298828125 -0.00739479064941406 0.363739013671875 -0.20794677734375
0.00555515289306641 -0.0163850784301758 0.1199951171875 -0.505035400390625
-0.0054020881652832 -0.000974178314208984 -0.32720947265625 -0.30230712890625
0.00322437286376953 0.0108613967895508 -0.336334228515625 0.0783996582031249
0.00908851623535156 0.00382137298583984 -0.149642944335937 0.221542358398438
0.00772666931152344 -0.0102157592773438 0.0493621826171875 0.17694091796875
0.00859975814819336 0.0086512565612793 0.1317138671875 0.0520553588867188
0.00588846206665039 0.00541973114013672 -0.124732971191406 -0.078582763671875
0.0115318298339844 -0.00933265686035156 -0.0234832763671875 -0.185028076171875
0.00993442535400391 -0.000658035278320313 0.1683349609375 -0.208175659179688
0.00631809234619141 0.0146055221557617 0.366455078125 -0.05047607421875
-0.00508785247802734 0.00403213500976562 0.30224609375 0.302581787109375
-0.0077972412109375 -0.0262508392333984 -0.061187744140625 0.472869873046875
0.0138378143310547 -0.000338554382324219 -0.2940673828125 0.242645263671875
0.0307960510253906 0.0179061889648438 0.0069122314453125 0.0391311645507813
0.0245704650878906 -0.00633621215820313 0.364837646484375 -0.205108642578125
0.00480461120605469 -0.0154752731323242 0.125518798828125 -0.506622314453125
-0.00577259063720703 -0.000384330749511718 -0.32366943359375 -0.308746337890625
0.00347900390625 0.0108661651611328 -0.337066650390625 0.0743408203125001
0.00874567031860351 0.00395441055297852 -0.150726318359375 0.220474243164062
0.0071563720703125 -0.0105533599853516 0.0486297607421875 0.177780151367188
0.0100202560424805 0.00615024566650391 0.130867004394531 0.0525360107421875
0.00627851486206055 0.00387191772460938 -0.125480651855469 -0.0774688720703125
0.0106296539306641 -0.00963211059570313 -0.0252838134765625 -0.184524536132813
0.0101051330566406 3.52859497070313E-05 0.167938232421875 -0.209548950195313
0.00748062133789063 0.0149116516113281 0.366546630859375 -0.05364990234375
-0.00420141220092773 0.0047764778137207 0.306427001953125 0.2991943359375
-0.00823020935058594 -0.0264644622802734 -0.05670166015625 0.47003173828125
0.010777473449707 0.000361442565917969 -0.292144775390625 0.245391845703125
0.0274085998535156 0.0177841186523437 0.00518417358398438 0.0393791198730469
0.0215663909912109 -0.00557899475097656 0.366607666015625 -0.202484130859375
0.00446128845214844 -0.0151844024658203 0.13116455078125 -0.505126953125
-0.00537919998168945 -0.00118398666381836 -0.32049560546875 -0.310821533203125
0.00413131713867187 0.0110034942626953 -0.336273193359375 0.07183837890625
0.00852823257446289 0.00298738479614258 -0.150909423828125 0.21875
0.00657844543457031 -0.0118122100830078 0.0500946044921875 0.1781005859375
0.0111246109008789 0.00471591949462891 0.131263732910156 0.053924560546875
0.00678777694702149 0.00383710861206055 -0.125907897949219 -0.0751571655273437
0.0104656219482422 -0.0093536376953125 -0.0240020751953125 -0.183868408203125
0.010498046875 0.000847816467285156 0.167922973632813 -0.209060668945312
0.00858974456787109 0.0150203704833984 0.36639404296875 -0.0545654296875
-0.00409030914306641 0.00439143180847168 0.305877685546875 0.298309326171875
-0.00859642028808594 -0.0257911682128906 -0.05511474609375 0.47021484375
0.00931262969970703 0.00114154815673828 -0.291473388671875 0.24432373046875
0.0232315063476563 0.0179634094238281 0.0059051513671875 0.0392646789550781
0.0189609527587891 -0.00489044189453125 0.368743896484375 -0.204193115234375
0.003448486328125 -0.0138330459594727 0.133819580078125 -0.505828857421875
-0.00462913513183594 -0.000208377838134765 -0.31890869140625 -0.312652587890625
0.00483512878417969 0.0104646682739258 -0.33526611328125 0.0706176757812501
0.00936985015869141 0.00394058227539063 -0.149642944335938 0.218460083007812
0.00653171539306641 -0.0116348266601563 0.050994873046875 0.178665161132813
0.0103816986083984 0.0046539306640625 0.130691528320313 0.0533523559570313
0.00580787658691406 0.00461912155151367 -0.12542724609375 -0.0746231079101563
0.00988006591796875 -0.00896072387695313 -0.0237579345703125 -0.183807373046875
0.0107574462890625 0.00160789489746094 0.16912841796875 -0.208786010742188
0.00917720794677735 0.0155229568481445 0.368499755859375 -0.05499267578125
-0.00307416915893555 0.00463008880615234 0.305999755859375 0.298583984375
-0.00889396667480468 -0.0248222351074219 -0.0562744140625 0.471435546875
0.00665712356567383 0.00173044204711914 -0.291351318359375 0.243865966796875
0.0204048156738281 0.0179214477539063 0.0083465576171875 0.0389213562011719
0.0166835784912109 -0.00419139862060547 0.3707275390625 -0.2049560546875
0.00377464294433594 -0.0141162872314453 0.13397216796875 -0.507965087890625
-0.00356316566467285 -0.00079345703125 -0.31884765625 -0.3121337890625
0.00545024871826172 0.011103630065918 -0.33428955078125 0.0711669921875
0.00919532775878906 0.00548362731933594 -0.149200439453125 0.217422485351563
0.00584888458251953 -0.0109996795654297 0.05181884765625 0.177963256835938
0.0107536315917969 0.00532722473144531 0.130424499511719 0.0535125732421875
0.00569772720336914 0.00619268417358398 -0.125175476074219 -0.074310302734375
0.00949001312255859 -0.00832939147949219 -0.0211181640625 -0.183441162109375
0.010411262512207 0.00327110290527344 0.170989990234375 -0.207778930664063
0.00966930389404297 0.0165376663208008 0.368255615234375 -0.05169677734375
-0.00275254249572754 0.00420451164245605 0.303131103515625 0.30133056640625
-0.00852203369140625 -0.02490234375 -0.059356689453125 0.47259521484375
0.00582122802734375 0.00243377685546875 -0.2911376953125 0.24261474609375
0.0178813934326172 0.0178318023681641 0.0111312866210938 0.0386810302734375
0.0162324905395508 -0.0043182373046875 0.37060546875 -0.207672119140625
0.00441169738769531 -0.0138969421386719 0.13140869140625 -0.5091552734375
-0.00287413597106934 -0.00050044059753418 -0.319793701171875 -0.310333251953125
0.00592136383056641 0.0121564865112305 -0.3341064453125 0.073577880859375
0.00792169570922852 0.00637054443359375 -0.148193359375 0.218612670898438
0.00476264953613281 -0.0103778839111328 0.0525054931640625 0.177566528320313
0.0103216171264648 0.00532150268554688 0.131187438964844 0.0530242919921875
0.00406885147094727 0.0080866813659668 -0.124412536621094 -0.0736083984375
0.00942802429199219 -0.00741195678710938 -0.020416259765625 -0.18310546875
0.0106306076049805 0.00458526611328125 0.174163818359375 -0.206527709960937
0.00963973999023438 0.0165271759033203 0.37030029296875 -0.047271728515625
-0.00203800201416016 0.00411009788513184 0.300048828125 0.307525634765625
-0.00786399841308594 -0.0255222320556641 -0.0626220703125 0.472412109375
0.0059514045715332 0.00188827514648438 -0.291015625 0.240753173828125
0.0175437927246094 0.0182914733886719 0.0153312683105469 0.0380744934082031
0.0159921646118164 -0.00392818450927734 0.369842529296875 -0.2120361328125
0.00509166717529297 -0.0138368606567383 0.126312255859375 -0.510284423828125
-0.00210249423980713 -0.000568985939025879 -0.322998046875 -0.305328369140625
0.00589370727539062 0.0119857788085938 -0.332489013671875 0.07635498046875
0.00773859024047852 0.00749397277832031 -0.146041870117187 0.2188720703125
0.00489997863769531 -0.00920867919921875 0.0537567138671875 0.176223754882813
0.00896739959716797 0.00716114044189453 0.131568908691406 0.05194091796875
0.00324440002441406 0.0090475082397461 -0.124107360839844 -0.0737533569335938
0.00982284545898438 -0.00639533996582031 -0.0183868408203125 -0.183517456054688
0.0106325149536133 0.00498485565185547 0.175918579101563 -0.20501708984375
0.00972080230712891 0.0174779891967773 0.36956787109375 -0.04217529296875
-0.00157928466796875 0.00340628623962402 0.29541015625 0.311553955078125
-0.00584602355957031 -0.0261917114257813 -0.0687561035156251 0.4732666015625
0.00686740875244141 0.00215816497802734 -0.291259765625 0.2386474609375
0.017608642578125 0.0179691314697266 0.0192298889160156 0.0378494262695313
0.0167818069458008 -0.00537300109863281 0.369140625 -0.2139892578125
0.00567245483398438 -0.0149126052856445 0.118194580078125 -0.5093994140625
-0.0015263557434082 -0.000503063201904297 -0.326812744140625 -0.298675537109375
0.00654983520507813 0.013157844543457 -0.33154296875 0.081024169921875
0.00739097595214844 0.00797796249389648 -0.143661499023437 0.219406127929688
0.00505733489990234 -0.00801897048950195 0.054443359375 0.175949096679688
0.00741672515869141 0.00909709930419922 0.132339477539063 0.0521697998046875
0.00628423690795898 0.00606775283813477 -0.123908996582031 -0.0786209106445313
0.0120630264282227 -0.00826740264892578 -0.02398681640625 -0.183425903320313
0.0106182098388672 -0.000125885009765625 0.167861938476563 -0.20672607421875
0.00559139251708985 0.0144872665405273 0.363922119140625 -0.048675537109375
-0.00501537322998047 0.00343656539916992 0.29620361328125 0.303192138671875
-0.00700759887695313 -0.0277347564697266 -0.065185546875 0.468048095703125
0.0157747268676758 -0.00118255615234375 -0.29290771484375 0.24078369140625
0.0327587127685547 0.0179290771484375 0.0091400146484375 0.0390052795410156
0.0256805419921875 -0.00655937194824219 0.36041259765625 -0.20709228515625
0.00517940521240234 -0.0159473419189453 0.1171875 -0.50103759765625
-0.00570249557495117 -0.00185966491699219 -0.32611083984375 -0.29840087890625
0.00262737274169922 0.00996780395507813 -0.3331298828125 0.0802001953125
0.00846529006958008 0.00314188003540039 -0.146453857421875 0.220413208007813
0.00701904296875 -0.0098114013671875 0.0508880615234375 0.175582885742188
0.00944232940673828 0.00822067260742188 0.131950378417969 0.0513992309570313
0.00655221939086914 0.00539159774780273 -0.123794555664063 -0.0772323608398438
0.0119686126708984 -0.00902462005615234 -0.0247650146484375 -0.183502197265625
0.0106086730957031 -3.71932983398438E-05 0.16607666015625 -0.209381103515625
0.00602531433105469 0.0134449005126953 0.36383056640625 -0.053466796875
-0.00562524795532227 0.00486564636230469 0.30059814453125 0.29718017578125
-0.0074920654296875 -0.0257072448730469 -0.05804443359375 0.468353271484375
0.0141754150390625 -0.000458717346191406 -0.290802001953125 0.241546630859375
0.0301017761230469 0.0176372528076172 0.00664901733398438 0.0395927429199219
0.0241127014160156 -0.00592422485351563 0.361297607421875 -0.20477294921875
0.00486278533935547 -0.0158004760742188 0.122650146484375 -0.503021240234375
-0.00579977035522461 -0.0013279914855957 -0.321533203125 -0.3035888671875
0.00332832336425781 0.00992298126220703 -0.333740234375 0.0760498046875
0.00958156585693359 0.00318527221679688 -0.148117065429687 0.219696044921875
0.00675773620605469 -0.0105152130126953 0.05029296875 0.175994873046875
0.0112142562866211 0.00675773620605469 0.1307373046875 0.051788330078125
0.0072021484375 0.00404262542724609 -0.12554931640625 -0.0747909545898437
0.0109872817993164 -0.00978279113769531 -0.0256500244140625 -0.182952880859375
0.0100040435791016 6.38961791992188E-05 0.16510009765625 -0.2091064453125
0.00685596466064453 0.0141839981079102 0.363525390625 -0.05718994140625
-0.0043036937713623 0.00364136695861816 0.302978515625 0.2928466796875
-0.00827217102050781 -0.0258884429931641 -0.054351806640625 0.466583251953125
0.0110044479370117 -4.00543212890625E-05 -0.288970947265625 0.243133544921875
0.0268955230712891 0.0174007415771484 0.00524520874023437 0.0387001037597656
0.0209674835205078 -0.00546646118164063 0.363037109375 -0.20263671875
0.00420665740966797 -0.0142087936401367 0.128387451171875 -0.503570556640625
-0.00557899475097656 -0.000783920288085936 -0.318939208984375 -0.30694580078125
0.00386238098144531 0.0106792449951172 -0.333282470703125 0.0733642578125
0.00877904891967773 0.00370550155639648 -0.148269653320313 0.217803955078125
0.00692939758300781 -0.0114603042602539 0.05078125 0.176864624023438
0.0103282928466797 0.00526714324951172 0.130943298339844 0.0526580810546875
0.00631093978881836 0.00362825393676758 -0.125679016113281 -0.0740737915039062
0.0100517272949219 -0.0095977783203125 -0.0254364013671875 -0.18243408203125
0.0112333297729492 4.1961669921875E-05 0.164794921875 -0.209243774414063
0.00881290435791016 0.0149507522583008 0.3641357421875 -0.0579833984375
-0.00385308265686035 0.00368571281433105 0.30401611328125 0.293609619140625
-0.00852775573730469 -0.0246353149414063 -0.052154541015625 0.466033935546875
0.00888347625732422 0.00127220153808594 -0.289215087890625 0.243560791015625
0.0234375 0.0183086395263672 0.00669097900390625 0.0389251708984375
0.0187187194824219 -0.00476646423339844 0.36517333984375 -0.2034912109375
0.00354862213134766 -0.0144500732421875 0.129913330078125 -0.5023193359375
-0.00385046005249023 -0.000364065170288086 -0.31805419921875 -0.308868408203125
0.00508689880371094 0.0102376937866211 -0.3328857421875 0.0717468261718751
0.00911045074462891 0.00418853759765625 -0.147171020507812 0.217117309570313
0.00550556182861328 -0.0109262466430664 0.0515899658203125 0.176971435546875
0.011042594909668 0.00383663177490234 0.131187438964844 0.0521469116210938
0.00678920745849609 0.00466775894165039 -0.124893188476563 -0.073211669921875
0.00959968566894531 -0.00888729095458984 -0.02490234375 -0.181900024414063
0.0104026794433594 0.00202274322509766 0.16650390625 -0.20904541015625
0.00910663604736328 0.0153617858886719 0.36566162109375 -0.055999755859375
-0.00363445281982422 0.00407290458679199 0.3052978515625 0.29364013671875
-0.00891494750976563 -0.0248966217041016 -0.052703857421875 0.46661376953125
0.00716114044189453 0.00194740295410156 -0.2880859375 0.242431640625
0.0206623077392578 0.0178356170654297 0.00800323486328125 0.0384750366210938
0.0171213150024414 -0.00434684753417969 0.366546630859375 -0.203765869140625
0.0040435791015625 -0.0134553909301758 0.131683349609375 -0.50341796875
-0.00344538688659668 -0.00108933448791504 -0.318267822265625 -0.308258056640625
0.00573635101318359 0.0109291076660156 -0.331268310546875 0.0728454589843751
0.00853061676025391 0.00560760498046875 -0.146530151367188 0.217300415039062
0.00522613525390625 -0.0104007720947266 0.0531768798828125 0.176406860351563
0.0111312866210938 0.00475597381591797 0.13055419921875 0.0527496337890625
0.00622749328613281 0.00601291656494141 -0.125679016113281 -0.0727386474609375
0.00913715362548828 -0.00831031799316406 -0.0230865478515625 -0.18206787109375
0.0101470947265625 0.00306224822998047 0.1685791015625 -0.20819091796875
0.0100240707397461 0.015650749206543 0.365234375 -0.05267333984375
-0.00271153450012207 0.00305390357971191 0.301849365234375 0.297821044921875
-0.0089569091796875 -0.0243492126464844 -0.05670166015625 0.46832275390625
0.00589323043823242 0.00203561782836914 -0.2877197265625 0.241790771484375
0.0174884796142578 0.0180931091308594 0.0114517211914063 0.0386276245117188
0.0155048370361328 -0.00429630279541016 0.366180419921875 -0.20721435546875
0.00436019897460938 -0.0134611129760742 0.128173828125 -0.50653076171875
-0.00252437591552734 -0.000569105148315429 -0.31878662109375 -0.3062744140625
0.00640106201171875 0.0116949081420898 -0.3306884765625 0.07415771484375
0.008331298828125 0.00648880004882813 -0.145904541015625 0.21734619140625
0.00450611114501953 -0.00969982147216797 0.05340576171875 0.176483154296875
0.0103940963745117 0.00567913055419922 0.131088256835938 0.0516891479492187
0.00504970550537109 0.00798606872558594 -0.12481689453125 -0.071929931640625
0.00907516479492188 -0.00681972503662109 -0.0216522216796875 -0.181793212890625
0.0101213455200195 0.00360679626464844 0.171096801757813 -0.206253051757813
0.00995826721191406 0.015955924987793 0.36688232421875 -0.048919677734375
-0.00196075439453125 0.00353407859802246 0.299072265625 0.30169677734375
-0.00779342651367188 -0.0248126983642578 -0.06085205078125 0.4691162109375
0.00600099563598633 0.0023503303527832 -0.28790283203125 0.24017333984375
0.0173244476318359 0.0176029205322266 0.0149688720703125 0.0380668640136719
0.0152912139892578 -0.00419425964355469 0.366424560546875 -0.21112060546875
0.00472545623779297 -0.0134658813476563 0.122955322265625 -0.504791259765625
-0.00148510932922363 -0.000332355499267578 -0.3211669921875 -0.30242919921875
0.00667381286621094 0.0121726989746094 -0.329742431640625 0.07733154296875
0.00838184356689453 0.00689029693603516 -0.1434326171875 0.218109130859375
0.00440311431884766 -0.00905036926269531 0.0550537109375 0.174819946289063
0.00910472869873047 0.00695037841796875 0.131202697753906 0.051239013671875
0.00345516204833984 0.00935268402099609 -0.124137878417969 -0.0724563598632813
0.00971126556396484 -0.00625324249267578 -0.0197906494140625 -0.181747436523438
0.0104837417602539 0.00527191162109375 0.1729736328125 -0.204360961914063
0.009246826171875 0.0164451599121094 0.3663330078125 -0.04449462890625
-0.00175738334655762 0.00286459922790527 0.294219970703125 0.306976318359375
-0.00663948059082031 -0.0256500244140625 -0.06689453125 0.46881103515625
0.00671052932739258 0.00171184539794922 -0.2879638671875 0.237457275390625
0.0180950164794922 0.0175380706787109 0.0193405151367188 0.0374870300292969
0.0164899826049805 -0.00513076782226563 0.365325927734375 -0.213958740234375
0.005950927734375 -0.0141458511352539 0.114532470703125 -0.505462646484375
-0.00119662284851074 -0.00128722190856934 -0.326568603515625 -0.29632568359375
0.00680446624755859 0.0125741958618164 -0.3282470703125 0.082122802734375
0.00785398483276367 0.00814199447631836 -0.141189575195312 0.219161987304688
0.00436735153198242 -0.00785160064697266 0.056365966796875 0.173675537109375
0.00829792022705078 0.00931358337402344 0.131088256835937 0.0505294799804687
0.00592041015625 0.0071253776550293 -0.123115539550781 -0.0776748657226563
0.0111598968505859 -0.00841522216796875 -0.0242156982421875 -0.182708740234375
0.00996112823486328 -0.000432968139648438 0.165740966796875 -0.20654296875
0.00640869140625 0.014277458190918 0.3597412109375 -0.049713134765625
-0.00546789169311523 0.00320196151733398 0.295684814453125 0.2989501953125
-0.00693511962890625 -0.0267543792724609 -0.063812255859375 0.464752197265625
0.015660285949707 -0.000505447387695313 -0.290374755859375 0.237579345703125
0.0323314666748047 0.0175743103027344 0.00870132446289063 0.0388526916503906
0.0249137878417969 -0.00708961486816406 0.35675048828125 -0.20538330078125
0.00523185729980469 -0.0155630111694336 0.116119384765625 -0.498382568359375
-0.00630283355712891 -0.00143909454345703 -0.324981689453125 -0.2962646484375
0.00293731689453125 0.0099029541015625 -0.3309326171875 0.080841064453125
0.00880813598632813 0.00347614288330078 -0.143081665039062 0.220199584960938
0.00739479064941406 -0.00969791412353516 0.0516510009765625 0.17425537109375
0.00945377349853516 0.00835037231445313 0.130790710449219 0.0508575439453125
0.00714969635009766 0.00517654418945313 -0.123886108398438 -0.0764312744140625
0.0112571716308594 -0.00819969177246094 -0.02593994140625 -0.182296752929687
0.0111665725708008 -0.000744819641113281 0.164215087890625 -0.20806884765625
0.00655937194824219 0.0130825042724609 0.360687255859375 -0.054290771484375
-0.00585842132568359 0.00379323959350586 0.2994384765625 0.294677734375
-0.00756263732910156 -0.0257968902587891 -0.057342529296875 0.463592529296875
0.0136394500732422 -0.000200271606445313 -0.286865234375 0.240081787109375
0.0302467346191406 0.0172977447509766 0.0063934326171875 0.0382652282714844
0.0234546661376953 -0.00628280639648438 0.35675048828125 -0.204193115234375
0.00395965576171875 -0.0151262283325195 0.120697021484375 -0.498687744140625
-0.00488996505737305 -0.000897884368896485 -0.3209228515625 -0.302276611328125
0.00391674041748047 0.00972175598144531 -0.330596923828125 0.077239990234375
0.00892829895019531 0.00350570678710938 -0.1456298828125 0.21807861328125
0.00671005249023438 -0.0105447769165039 0.051025390625 0.175140380859375
0.0112752914428711 0.00609493255615234 0.130538940429688 0.0506591796875
0.00653839111328125 0.00404882431030273 -0.125114440917969 -0.0747756958007813
0.0105381011962891 -0.00882625579833984 -0.027252197265625 -0.181503295898438
0.0100584030151367 -6.29425048828125E-05 0.162384033203125 -0.208602905273438
0.006866455078125 0.0138206481933594 0.360015869140625 -0.058074951171875
-0.00513410568237305 0.00382804870605469 0.3009033203125 0.290130615234375
-0.00925827026367187 -0.0248680114746094 -0.054107666015625 0.46356201171875
0.0111589431762695 0.000172615051269531 -0.286773681640625 0.241119384765625
0.0270595550537109 0.0174751281738281 0.00569534301757812 0.0387916564941406
0.0212345123291016 -0.00482749938964844 0.35968017578125 -0.201904296875
0.0040750503540039 -0.0143318176269531 0.126312255859375 -0.4986572265625
-0.00514030456542969 -0.000829696655273438 -0.31689453125 -0.30322265625
0.00375080108642578 0.0105657577514648 -0.330413818359375 0.07354736328125
0.00901985168457031 0.00376701354980469 -0.145553588867188 0.217926025390625
0.00646591186523438 -0.0107517242431641 0.051361083984375 0.17523193359375
0.0112848281860352 0.00521659851074219 0.130889892578125 0.0517959594726563
0.0070652961730957 0.00343704223632813 -0.125602722167969 -0.0733261108398437
0.0103635787963867 -0.00858879089355469 -0.0260772705078125 -0.181655883789063
0.0106029510498047 0.000848770141601563 0.162841796875 -0.208984375
0.00861263275146484 0.0148477554321289 0.360107421875 -0.05767822265625
-0.00447940826416016 0.00376605987548828 0.3026123046875 0.288787841796875
-0.00847434997558594 -0.0241260528564453 -0.051239013671875 0.46234130859375
0.00869321823120117 0.00116395950317383 -0.286224365234375 0.24114990234375
0.0230808258056641 0.0177860260009766 0.00587081909179688 0.0386199951171875
0.0190677642822266 -0.00420951843261719 0.360443115234375 -0.202117919921875
0.00342559814453125 -0.0137414932250977 0.12841796875 -0.499176025390625
-0.00446033477783203 -0.00106096267700195 -0.315673828125 -0.305999755859375
0.00527095794677734 0.00974273681640625 -0.329925537109375 0.07318115234375
0.00867700576782226 0.00385427474975586 -0.144943237304687 0.217010498046875
0.00555896759033203 -0.0115222930908203 0.0529022216796875 0.175552368164063
0.0114545822143555 0.00358009338378906 0.130386352539062 0.0517959594726562
0.00723648071289063 0.00500869750976563 -0.125701904296875 -0.0721664428710938
0.00990581512451172 -0.00823307037353516 -0.0257720947265625 -0.180282592773438
0.0102119445800781 0.00227832794189453 0.16375732421875 -0.208450317382813
0.00861644744873047 0.0146970748901367 0.362060546875 -0.057525634765625
-0.00311160087585449 0.0033259391784668 0.30230712890625 0.289642333984375
-0.00919914245605469 -0.0233592987060547 -0.051910400390625 0.464385986328125
0.00681114196777344 0.00174570083618164 -0.2850341796875 0.24102783203125
0.0197029113769531 0.0177936553955078 0.00733566284179688 0.0388412475585938
0.0167150497436523 -0.00430679321289063 0.363128662109375 -0.20294189453125
0.00387859344482422 -0.013361930847168 0.1287841796875 -0.500213623046875
-0.00313210487365723 -0.000674009323120117 -0.31524658203125 -0.304534912109375
0.00580787658691406 0.0101203918457031 -0.32891845703125 0.0736999511718751
0.00899124145507813 0.00522232055664063 -0.144882202148438 0.216690063476563
0.00549983978271484 -0.0106010437011719 0.05377197265625 0.175247192382813
0.0104331970214844 0.00472068786621094 0.130508422851562 0.0511398315429688
0.00629711151123047 0.00637435913085938 -0.125282287597656 -0.0714492797851562
0.00950908660888672 -0.00803661346435547 -0.024169921875 -0.17974853515625
0.0109825134277344 0.00324344635009766 0.165512084960938 -0.20745849609375
0.00981330871582031 0.015106201171875 0.36212158203125 -0.05511474609375
-0.00269103050231934 0.00407624244689941 0.298797607421875 0.293365478515625
-0.00886154174804687 -0.0242328643798828 -0.055328369140625 0.464996337890625
0.00639867782592773 0.0023646354675293 -0.286163330078125 0.24029541015625
0.0177803039550781 0.0179100036621094 0.0110816955566406 0.0382156372070313
0.0150356292724609 -0.00431632995605469 0.36279296875 -0.206298828125
0.003936767578125 -0.012913703918457 0.12548828125 -0.502349853515625
-0.00304484367370605 -0.000698566436767578 -0.317779541015625 -0.30340576171875
0.00674343109130859 0.0107898712158203 -0.32861328125 0.075042724609375
0.00822591781616211 0.00644588470458984 -0.14324951171875 0.216873168945312
0.00448131561279297 -0.01019287109375 0.0549468994140625 0.174407958984375
0.010828971862793 0.0054931640625 0.130722045898437 0.0512771606445312
0.00493764877319336 0.00835418701171875 -0.12432861328125 -0.0713653564453125
0.00900840759277344 -0.00691318511962891 -0.0227508544921875 -0.179977416992188
0.010624885559082 0.00412273406982422 0.168746948242188 -0.20648193359375
0.00987911224365234 0.0155858993530273 0.363739013671875 -0.051239013671875
-0.00269794464111328 0.00301742553710937 0.2962646484375 0.298187255859375
-0.007843017578125 -0.0240230560302734 -0.059417724609375 0.46502685546875
0.00554037094116211 0.00247001647949219 -0.28466796875 0.23876953125
0.0173540115356445 0.0175046920776367 0.0151863098144531 0.0375747680664063
0.0147790908813477 -0.0041351318359375 0.3626708984375 -0.209228515625
0.00496101379394531 -0.0129890441894531 0.12152099609375 -0.501373291015625
-0.00168442726135254 -0.00105547904968262 -0.32000732421875 -0.2982177734375
0.00638103485107422 0.0111513137817383 -0.327484130859375 0.078765869140625
0.00815534591674805 0.00733089447021484 -0.141815185546875 0.21710205078125
0.0043182373046875 -0.00907230377197266 0.0557861328125 0.17376708984375
0.00942707061767578 0.00660514831542969 0.130828857421875 0.0506591796875
0.00369739532470703 0.00930023193359375 -0.1240234375 -0.0716400146484375
0.00951099395751953 -0.00575447082519531 -0.0206756591796875 -0.181533813476563
0.0100793838500977 0.00495433807373047 0.170425415039063 -0.203857421875
0.00938320159912109 0.0162477493286133 0.36328125 -0.045654296875
-0.00220799446105957 0.00260162353515625 0.293243408203125 0.302398681640625
-0.00728797912597656 -0.0254974365234375 -0.0657958984375 0.46490478515625
0.00711345672607422 0.00210809707641602 -0.2850341796875 0.23565673828125
0.0176906585693359 0.0170459747314453 0.0189018249511719 0.0370521545410156
0.0158052444458008 -0.00508785247802734 0.361663818359375 -0.21331787109375
0.0053558349609375 -0.0145301818847656 0.11419677734375 -0.500732421875
-0.00155413150787354 -0.00129425525665283 -0.32464599609375 -0.292449951171875
0.00677871704101563 0.011967658996582 -0.326263427734375 0.083221435546875
0.00742816925048828 0.00753116607666016 -0.139205932617188 0.218551635742187
0.00422000885009766 -0.00793552398681641 0.0576934814453125 0.172531127929688
0.00819730758666992 0.00874185562133789 0.131599426269531 0.0501022338867188
0.00662136077880859 0.00651121139526367 -0.123153686523438 -0.0760345458984375
0.0124959945678711 -0.00753974914550781 -0.0258636474609375 -0.18157958984375
0.0106868743896484 -4.00543212890625E-05 0.163421630859375 -0.206253051757813
0.00617885589599609 0.0133609771728516 0.358978271484375 -0.05133056640625
-0.00616121292114258 0.00287294387817383 0.29315185546875 0.29595947265625
-0.00774192810058593 -0.0255374908447266 -0.06329345703125 0.4609375
0.0162363052368164 -0.00069427490234375 -0.288299560546875 0.236175537109375
0.0329666137695312 0.0176200866699219 0.00897598266601563 0.0385208129882813
0.0244426727294922 -0.00676345825195313 0.354278564453125 -0.2042236328125
0.0045928955078125 -0.0154037475585938 0.115478515625 -0.495391845703125
-0.00615024566650391 -0.00175714492797851 -0.323822021484375 -0.293548583984375
0.00347042083740234 0.00987148284912109 -0.328521728515625 0.080780029296875
0.00813007354736328 0.00293159484863281 -0.143112182617187 0.219451904296875
0.00699329376220703 -0.00979232788085938 0.0525054931640625 0.172760009765625
0.0103797912597656 0.00802230834960938 0.131210327148438 0.0496063232421875
0.00703048706054688 0.0055842399597168 -0.122871398925781 -0.0755081176757812
0.0107202529907227 -0.00928211212158203 -0.0261077880859375 -0.181182861328125
0.0105667114257813 1.43051147460938E-05 0.162200927734375 -0.207733154296875
0.00643157958984375 0.0133504867553711 0.35797119140625 -0.0550537109375
-0.00582551956176758 0.00320911407470703 0.29656982421875 0.29095458984375
-0.00788497924804687 -0.0252742767333984 -0.05718994140625 0.46014404296875
0.0138978958129883 -9.44137573242188E-05 -0.286895751953125 0.23907470703125
0.0301570892333984 0.0177536010742188 0.00673675537109375 0.0389785766601563
0.0230846405029297 -0.00606918334960938 0.355865478515625 -0.2015380859375
0.00449466705322266 -0.0144367218017578 0.119842529296875 -0.495635986328125
-0.00585508346557617 -0.00118494033813477 -0.320648193359375 -0.29876708984375
0.00455188751220703 0.0104618072509766 -0.328216552734375 0.076629638671875
0.00879859924316406 0.00361728668212891 -0.144073486328125 0.218948364257813
0.00623512268066406 -0.00982952117919922 0.0514678955078125 0.173980712890625
0.0117368698120117 0.00572109222412109 0.130172729492188 0.0506210327148438
0.00725650787353516 0.00474023818969727 -0.125175476074219 -0.073699951171875
0.0109548568725586 -0.00919818878173828 -0.0276031494140625 -0.180587768554688
0.010411262512207 0.000544548034667969 0.160293579101563 -0.2086181640625
0.0068817138671875 0.0134267807006836 0.358001708984375 -0.05902099609375
-0.00525665283203125 0.00350236892700195 0.299072265625 0.287750244140625
-0.00968742370605469 -0.0240573883056641 -0.052642822265625 0.45989990234375
0.0110311508178711 0.00146007537841797 -0.284881591796875 0.24127197265625
0.0272598266601563 0.0177268981933594 0.00530242919921875 0.0392265319824219
0.0212860107421875 -0.00551795959472656 0.356475830078125 -0.200103759765625
0.00389671325683594 -0.0135421752929687 0.12530517578125 -0.496246337890625
-0.00507545471191406 -0.00153398513793945 -0.316070556640625 -0.3018798828125
0.00362873077392578 0.0101423263549805 -0.328460693359375 0.0742187500000001
0.00983905792236328 0.00364494323730469 -0.143890380859375 0.216903686523438
0.00616836547851562 -0.0108156204223633 0.05291748046875 0.174148559570313
0.0116186141967773 0.00456809997558594 0.130661010742187 0.05120849609375
0.00765609741210938 0.00421714782714844 -0.125198364257813 -0.0727157592773438
0.00980186462402344 -0.00879287719726563 -0.026885986328125 -0.1795654296875
0.010406494140625 0.00115489959716797 0.161346435546875 -0.208709716796875
0.00810813903808594 0.0132856369018555 0.357818603515625 -0.058868408203125
-0.00460433959960938 0.00372123718261719 0.301025390625 0.286285400390625
-0.00998306274414063 -0.0237274169921875 -0.05181884765625 0.458587646484375
0.00829076766967773 0.00161457061767578 -0.284393310546875 0.238983154296875
0.0234851837158203 0.0172557830810547 0.00564193725585938 0.0380134582519531
0.0187149047851563 -0.00466537475585938 0.359344482421875 -0.20001220703125
0.00362873077392578 -0.0137166976928711 0.128265380859375 -0.495574951171875
-0.0040280818939209 -0.000722408294677734 -0.314208984375 -0.30364990234375
0.00548839569091797 0.00969409942626953 -0.3284912109375 0.0727233886718751
0.00923824310302734 0.00453948974609375 -0.143508911132813 0.216033935546875
0.00526237487792969 -0.0110225677490234 0.0539093017578125 0.174591064453125
0.0113906860351563 0.00365161895751953 0.130203247070312 0.0509490966796875
0.0070195198059082 0.00484323501586914 -0.1251220703125 -0.071014404296875
0.0098886489868164 -0.00868034362792969 -0.02655029296875 -0.179153442382812
0.0102481842041016 0.00197219848632813 0.16253662109375 -0.208145141601563
0.00877666473388672 0.0141572952270508 0.359527587890625 -0.05828857421875
-0.00395512580871582 0.00363659858703613 0.300140380859375 0.287139892578125
-0.00969886779785156 -0.0234413146972656 -0.050994873046875 0.459136962890625
0.00732803344726562 0.00201749801635742 -0.28350830078125 0.238616943359375
0.0203876495361328 0.0175189971923828 0.008026123046875 0.0382843017578125
0.0169515609741211 -0.00437450408935547 0.361175537109375 -0.201904296875
0.00391387939453125 -0.0130138397216797 0.12799072265625 -0.496917724609375
-0.00383901596069336 -0.00164461135864258 -0.31451416015625 -0.30303955078125
0.00604820251464844 0.0102329254150391 -0.327056884765625 0.0735168457031251
0.00867223739624023 0.00540256500244141 -0.142913818359375 0.216690063476562
0.00491142272949219 -0.00991630554199219 0.0544586181640625 0.174209594726563
0.0117301940917969 0.00367927551269531 0.130561828613281 0.051025390625
0.00680351257324219 0.00638628005981445 -0.1253662109375 -0.0706405639648438
0.00906562805175781 -0.00802230834960938 -0.024871826171875 -0.17938232421875
0.010223388671875 0.00320816040039063 0.164093017578125 -0.20660400390625
0.010040283203125 0.0146102905273438 0.36041259765625 -0.05548095703125
-0.00285744667053223 0.00308680534362793 0.298309326171875 0.29046630859375
-0.00917243957519531 -0.0235309600830078 -0.0556945800781249 0.460723876953125
0.00644207000732422 0.00244474411010742 -0.283966064453125 0.237274169921875
0.0181636810302734 0.0175342559814453 0.0110092163085938 0.0379600524902344
0.0154199600219727 -0.00411891937255859 0.361114501953125 -0.20367431640625
0.00371932983398438 -0.0127677917480469 0.124420166015625 -0.49798583984375
-0.0026390552520752 -0.00138306617736816 -0.316436767578125 -0.300140380859375
0.00675582885742188 0.0101604461669922 -0.32574462890625 0.0752563476562501
0.00821495056152344 0.00608158111572265 -0.14227294921875 0.215911865234375
0.00424861907958984 -0.0100269317626953 0.055908203125 0.173294067382813
0.0108585357666016 0.00484943389892578 0.130485534667969 0.0509567260742188
0.00615787506103516 0.00790691375732422 -0.124214172363281 -0.0703125
0.00857114791870117 -0.00718975067138672 -0.023040771484375 -0.179367065429688
0.0105581283569336 0.00430965423583984 0.166671752929687 -0.205413818359375
0.00973224639892578 0.0150470733642578 0.359710693359375 -0.0511474609375
-0.00274372100830078 0.00298404693603516 0.2945556640625 0.294281005859375
-0.00842857360839844 -0.0234260559082031 -0.059326171875 0.46087646484375
0.00578737258911133 0.00269317626953125 -0.28314208984375 0.2364501953125
0.0171184539794922 0.0176124572753906 0.01483154296875 0.0374565124511719
0.014531135559082 -0.00417995452880859 0.360809326171875 -0.20794677734375
0.00487041473388672 -0.012995719909668 0.120574951171875 -0.499755859375
-0.00232505798339844 -0.0012199878692627 -0.3189697265625 -0.2978515625
0.00690078735351563 0.0111598968505859 -0.324798583984375 0.0784912109375
0.00813436508178711 0.00723791122436523 -0.140121459960938 0.216598510742188
0.0036625862121582 -0.00857305526733399 0.056915283203125 0.1724853515625
0.00982284545898438 0.00661087036132813 0.130775451660156 0.0495529174804688
0.00439453125 0.00903892517089844 -0.123390197753906 -0.0711669921875
0.00856637954711914 -0.00561285018920898 -0.0211181640625 -0.179641723632813
0.00997447967529297 0.00522041320800781 0.168701171875 -0.203887939453125
0.00950145721435547 0.0156927108764648 0.3599853515625 -0.04754638671875
-0.0023956298828125 0.00259113311767578 0.29095458984375 0.30023193359375
-0.00728416442871094 -0.0250892639160156 -0.064788818359375 0.4620361328125
0.00688934326171875 0.00144386291503906 -0.283416748046875 0.23370361328125
0.0180759429931641 0.0173892974853516 0.0188255310058594 0.0371322631835938
0.0155229568481445 -0.00482273101806641 0.3590087890625 -0.211456298828125
0.00495147705078125 -0.0140857696533203 0.113372802734375 -0.499237060546875
-0.00172531604766846 -0.00174045562744141 -0.321807861328125 -0.29046630859375
0.00667953491210937 0.0116291046142578 -0.32354736328125 0.083099365234375
0.00780200958251953 0.00759077072143555 -0.13714599609375 0.217437744140625
0.00388193130493164 -0.00801324844360352 0.058074951171875 0.171890258789063
0.00897884368896484 0.00853157043457031 0.131172180175781 0.0497894287109375
0.00663185119628906 0.00605869293212891 -0.122726440429688 -0.0758514404296875
0.0114383697509766 -0.00785732269287109 -0.0258636474609375 -0.180465698242187
0.00994205474853516 0.000153541564941406 0.1627197265625 -0.205886840820312
0.00549602508544922 0.0130319595336914 0.35662841796875 -0.05145263671875
-0.00613641738891602 0.00234413146972656 0.291015625 0.292999267578125
-0.00802421569824219 -0.0254631042480469 -0.06365966796875 0.45794677734375
0.0161104202270508 -0.000574111938476563 -0.28631591796875 0.233673095703125
0.0322303771972656 0.0176048278808594 0.00857162475585938 0.0381813049316406
0.0243740081787109 -0.00636863708496094 0.353363037109375 -0.20318603515625
0.0043172836303711 -0.0149745941162109 0.114105224609375 -0.49359130859375
-0.00565433502197266 -0.00160503387451172 -0.32012939453125 -0.291900634765625
0.00331687927246094 0.0091705322265625 -0.326812744140625 0.0810546875
0.00880050659179688 0.00332832336425781 -0.140823364257812 0.219497680664063
0.00640487670898438 -0.00982475280761719 0.0538482666015625 0.172561645507813
0.0114297866821289 0.00835418701171875 0.131263732910156 0.0496749877929687
0.00779628753662109 0.00509929656982422 -0.123458862304688 -0.0750961303710937
0.0111627578735352 -0.00888824462890625 -0.0272979736328125 -0.180572509765625
0.00951480865478516 -0.000295639038085938 0.161300659179688 -0.207321166992188
0.00582790374755859 0.0127859115600586 0.356903076171875 -0.055023193359375
-0.00589513778686523 0.00331401824951172 0.29522705078125 0.290069580078125
-0.00819969177246094 -0.0242500305175781 -0.057098388671875 0.458251953125
0.0137510299682617 0.000608444213867188 -0.28546142578125 0.236358642578125
0.0302104949951172 0.0181369781494141 0.00644683837890626 0.0386123657226563
0.0230560302734375 -0.0058135986328125 0.3536376953125 -0.20098876953125
0.00501823425292969 -0.0137510299682617 0.119110107421875 -0.493133544921875
-0.00590848922729492 -0.00164890289306641 -0.316864013671875 -0.2967529296875
0.00329113006591797 0.00964927673339844 -0.327880859375 0.0774536132812499
0.0086517333984375 0.00314760208129883 -0.142959594726562 0.217926025390625
0.00622844696044922 -0.00986003875732422 0.052825927734375 0.173095703125
0.0115461349487305 0.00574874877929687 0.130775451660156 0.0502700805664062
0.00777769088745117 0.00395488739013672 -0.125160217285156 -0.0729904174804688
0.00993156433105469 -0.00899600982666016 -0.028289794921875 -0.17877197265625
0.0104122161865234 -0.000248908996582031 0.158828735351563 -0.207611083984375
0.00772380828857422 0.0134315490722656 0.3551025390625 -0.05706787109375
-0.00492525100708008 0.00329256057739258 0.29718017578125 0.28460693359375
-0.00908851623535156 -0.0239105224609375 -0.05303955078125 0.456573486328125
0.0107412338256836 0.00025177001953125 -0.284088134765625 0.237823486328125
0.0265140533447266 0.0176925659179688 0.00487136840820312 0.0381431579589844
0.0201778411865234 -0.00494003295898438 0.3558349609375 -0.198516845703125
0.00377368927001953 -0.0141363143920898 0.124237060546875 -0.493499755859375
-0.00490045547485351 -0.00124359130859375 -0.314788818359375 -0.299957275390625
0.00395965576171875 0.0093088150024414 -0.326568603515625 0.0733337402343749
0.00924587249755859 0.00388240814208984 -0.142440795898438 0.216964721679688
0.00566864013671875 -0.0105953216552734 0.05377197265625 0.17376708984375
0.0117692947387695 0.00426578521728516 0.130607604980469 0.0503692626953125
0.00819540023803711 0.00364494323730469 -0.124504089355469 -0.0719757080078125
0.0101747512817383 -0.00866031646728516 -0.02783203125 -0.178909301757812
0.010009765625 0.000931739807128906 0.15924072265625 -0.207717895507813
0.00829315185546875 0.0135097503662109 0.356414794921875 -0.059234619140625
-0.00470781326293945 0.00335025787353516 0.299346923828125 0.28363037109375
-0.00980186462402344 -0.0234031677246094 -0.05194091796875 0.45574951171875
0.0090799331665039 0.00164508819580078 -0.28271484375 0.237945556640625
0.0229625701904297 0.0172767639160156 0.00508880615234375 0.0383872985839844
0.0183086395263672 -0.00453948974609375 0.356964111328125 -0.199310302734375
0.00325489044189453 -0.013422966003418 0.12750244140625 -0.493011474609375
-0.00444459915161133 -0.00119686126708984 -0.31292724609375 -0.301666259765625
0.00499248504638672 0.00952243804931641 -0.327117919921875 0.07330322265625
0.00856161117553711 0.00408363342285156 -0.142684936523438 0.215591430664063
0.0054473876953125 -0.0107355117797852 0.0548095703125 0.173629760742188
0.0125579833984375 0.00407314300537109 0.130409240722656 0.0505905151367188
0.00718259811401367 0.0045619010925293 -0.125648498535156 -0.0705718994140625
0.00980663299560547 -0.00930023193359375 -0.0269012451171875 -0.178176879882813
0.00995731353759765 0.00155258178710937 0.160415649414063 -0.20782470703125
0.0093240737915039 0.0140886306762695 0.357269287109375 -0.05926513671875
-0.00345587730407715 0.00392365455627441 0.298126220703125 0.2847900390625
-0.00998878479003906 -0.0227413177490234 -0.052154541015625 0.457183837890625
0.00646734237670898 0.00209999084472656 -0.282318115234375 0.237335205078125
0.0200347900390625 0.0177574157714844 0.00762557983398438 0.0381126403808594
0.0165185928344727 -0.003936767578125 0.35955810546875 -0.19970703125
0.00309085845947266 -0.0125026702880859 0.127960205078125 -0.4940185546875
-0.00381851196289063 -0.000961065292358398 -0.312591552734375 -0.30108642578125
0.00634002685546875 0.00921916961669922 -0.32562255859375 0.072845458984375
0.00811529159545898 0.0052647590637207 -0.141357421875 0.215377807617188
0.00468635559082031 -0.0106897354125977 0.0555877685546875 0.173248291015625
0.0116386413574219 0.00398349761962891 0.129486083984375 0.0503997802734375
0.00657510757446289 0.00583410263061523 -0.12451171875 -0.0704116821289063
0.0088357925415039 -0.00794219970703125 -0.0254364013671875 -0.177963256835938
0.0106077194213867 0.00358676910400391 0.16278076171875 -0.206405639648437
0.00934219360351563 0.0146284103393555 0.35723876953125 -0.056396484375
-0.00324606895446777 0.00307536125183105 0.295928955078125 0.28839111328125
-0.00954818725585938 -0.0227432250976563 -0.05596923828125 0.458770751953125
0.00593900680541992 0.00264692306518555 -0.282257080078125 0.235870361328125
0.0180835723876953 0.0176734924316406 0.0105552673339844 0.037811279296875
0.0153255462646484 -0.00406551361083984 0.359832763671875 -0.202056884765625
0.0035104751586914 -0.0126094818115234 0.12451171875 -0.495635986328125
-0.00275301933288574 -0.00106692314147949 -0.31396484375 -0.30010986328125
0.00625705718994141 0.010502815246582 -0.325103759765625 0.075103759765625
0.00815105438232422 0.00623941421508789 -0.140228271484375 0.216461181640625
0.00409126281738281 -0.0095510482788086 0.0563201904296875 0.17266845703125
0.0109643936157227 0.00478076934814453 0.130294799804688 0.0499038696289063
0.00660133361816406 0.00789022445678711 -0.123703002929688 -0.0700531005859375
0.0086822509765625 -0.00661420822143555 -0.023773193359375 -0.178024291992188
0.0106782913208008 0.00437450408935547 0.164794921875 -0.204940795898438
0.00973796844482422 0.0149936676025391 0.358306884765625 -0.052215576171875
-0.00247335433959961 0.00269174575805664 0.293487548828125 0.29315185546875
-0.00833511352539063 -0.0231304168701172 -0.05963134765625 0.457550048828125
0.00575637817382812 0.00261640548706055 -0.281463623046875 0.234405517578125
0.0169649124145508 0.0172767639160156 0.0146026611328125 0.0372505187988281
0.0154876708984375 -0.00360870361328125 0.35906982421875 -0.20684814453125
0.00473976135253906 -0.0127811431884766 0.119964599609375 -0.496490478515625
-0.00177204608917236 -0.00128591060638428 -0.31640625 -0.2943115234375
0.00706672668457031 0.0110816955566406 -0.32379150390625 0.078399658203125
0.0081782341003418 0.00701570510864258 -0.138381958007813 0.216262817382813
0.00318145751953125 -0.00884342193603515 0.05743408203125 0.171737670898438
0.0110311508178711 0.00619029998779297 0.130401611328125 0.0498123168945312
0.00477504730224609 0.00959396362304688 -0.123558044433594 -0.0696258544921875
0.00903129577636719 -0.00544834136962891 -0.0219268798828125 -0.179122924804688
0.00996875762939453 0.00554466247558594 0.167160034179688 -0.203384399414063
0.00927639007568359 0.0154485702514648 0.357818603515625 -0.0479736328125
-0.00277090072631836 0.00257182121276855 0.2886962890625 0.297515869140625
-0.00693893432617188 -0.0244541168212891 -0.065826416015625 0.458251953125
0.0073390007019043 0.00230121612548828 -0.282257080078125 0.232879638671875
0.0178260803222656 0.0172863006591797 0.0175590515136719 0.0366668701171875
0.015498161315918 -0.00480937957763672 0.356964111328125 -0.210205078125
0.00526046752929687 -0.0136432647705078 0.11334228515625 -0.495941162109375
-0.00190436840057373 -0.0016857385635376 -0.320892333984375 -0.287750244140625
0.00691318511962891 0.0110864639282227 -0.321533203125 0.0833740234375001
0.00762128829956055 0.00775289535522461 -0.136154174804688 0.217376708984375
0.0033111572265625 -0.007415771484375 0.0591278076171875 0.170562744140625
0.00893115997314453 0.00818443298339844 0.131340026855469 0.0491867065429688
0.00712347030639648 0.0061793327331543 -0.122611999511719 -0.074798583984375
0.0116739273071289 -0.00742149353027344 -0.02667236328125 -0.180252075195312
0.0106220245361328 0.000483512878417969 0.161270141601563 -0.204971313476563
0.00469684600830078 0.0128698348999023 0.3536376953125 -0.050750732421875
-0.00623512268066406 0.00315332412719726 0.288970947265625 0.2911376953125
-0.00755500793457031 -0.025390625 -0.065460205078125 0.4549560546875
0.0156135559082031 0.000136375427246094 -0.287017822265625 0.232696533203125
0.0319290161132813 0.0176277160644531 0.00825119018554688 0.0380897521972656
0.0251502990722656 -0.00561332702636719 0.351165771484375 -0.201416015625
0.00451755523681641 -0.0144538879394531 0.114349365234375 -0.4906005859375
-0.00557851791381836 -0.00232362747192383 -0.31951904296875 -0.291900634765625
0.00303268432617188 0.00867033004760742 -0.326446533203125 0.0800781250000001
0.00838804244995117 0.00278329849243164 -0.14031982421875 0.218399047851562
0.00649070739746094 -0.00967788696289062 0.054443359375 0.1715087890625
0.0118083953857422 0.00756072998046875 0.130897521972656 0.0494384765625
0.00831317901611328 0.0048365592956543 -0.123397827148437 -0.07415771484375
0.0105819702148438 -0.00906085968017578 -0.027740478515625 -0.179534912109375
0.0102949142456055 -0.000278472900390625 0.158920288085938 -0.206756591796875
0.00630283355712891 0.0130195617675781 0.354034423828125 -0.055694580078125
-0.0063176155090332 0.00262308120727539 0.29376220703125 0.286590576171875
-0.00918769836425781 -0.0244007110595703 -0.05841064453125 0.455413818359375
0.0134134292602539 1.9073486328125E-05 -0.284820556640625 0.236419677734375
0.0301074981689453 0.0171260833740234 0.005889892578125 0.038330078125
0.0228233337402344 -0.00553703308105469 0.35296630859375 -0.199066162109375
0.00475025177001953 -0.0136499404907227 0.120635986328125 -0.491607666015625
-0.00567007064819336 -0.00197601318359375 -0.315948486328125 -0.29644775390625
0.00406312942504883 0.00831079483032227 -0.32623291015625 0.07757568359375
0.00866889953613281 0.00406932830810547 -0.14105224609375 0.217483520507813
0.00562572479248047 -0.0101127624511719 0.0540924072265625 0.172882080078125
0.0124835968017578 0.00615596771240234 0.130378723144531 0.0502548217773437
0.00847768783569336 0.00424385070800781 -0.123664855957031 -0.0724411010742187
0.0106267929077148 -0.00841236114501953 -0.0282440185546875 -0.179061889648438
0.0102376937866211 0.000607490539550781 0.157180786132813 -0.206588745117188
0.00696086883544922 0.0124778747558594 0.353790283203125 -0.060516357421875
-0.00479412078857422 0.00258922576904297 0.29547119140625 0.283538818359375
-0.00916290283203125 -0.0236034393310547 -0.05340576171875 0.45465087890625
0.0112476348876953 0.00106048583984375 -0.28363037109375 0.2371826171875
0.0267391204833984 0.017730712890625 0.00484085083007813 0.0384864807128906
0.0200252532958984 -0.00462913513183594 0.354461669921875 -0.196746826171875
0.00374603271484375 -0.013209342956543 0.125457763671875 -0.491241455078125
-0.00443792343139648 -0.00159549713134766 -0.3133544921875 -0.299407958984375
0.00459480285644531 0.00914192199707031 -0.326080322265625 0.0738525390625
0.00861215591430664 0.0036773681640625 -0.141845703125 0.216171264648438
0.00574016571044922 -0.0101985931396484 0.05450439453125 0.173385620117188
0.0126333236694336 0.00321006774902344 0.130332946777344 0.0506973266601563
0.00873327255249024 0.00401067733764648 -0.124961853027344 -0.0714645385742188
0.0102062225341797 -0.00863456726074219 -0.027801513671875 -0.178268432617188
0.0105524063110352 0.00114154815673828 0.158294677734375 -0.207107543945313
0.00806999206542969 0.0135478973388672 0.354278564453125 -0.05999755859375
-0.00514316558837891 0.00300359725952148 0.297271728515625 0.281158447265625
-0.0106277465820313 -0.0223655700683594 -0.052459716796875 0.452728271484375
0.00851964950561523 0.00149250030517578 -0.284423828125 0.235809326171875
0.0234928131103516 0.0169696807861328 0.00534439086914062 0.0383071899414063
0.0180816650390625 -0.00326919555664063 0.356414794921875 -0.19598388671875
0.00322246551513672 -0.012782096862793 0.127471923828125 -0.491119384765625
-0.00444746017456055 -0.00216913223266602 -0.311370849609375 -0.2996826171875
0.00510311126708984 0.00945568084716797 -0.325286865234375 0.072845458984375
0.00865936279296875 0.00365209579467773 -0.142074584960938 0.215530395507813
0.00511646270751953 -0.0106744766235352 0.054840087890625 0.173309326171875
0.0122413635253906 0.00371170043945313 0.130691528320313 0.0508193969726563
0.00831031799316406 0.00483989715576172 -0.124649047851562 -0.0705795288085937
0.00936317443847656 -0.00874614715576172 -0.026611328125 -0.178329467773438
0.0109987258911133 0.00244235992431641 0.159469604492187 -0.207183837890625
0.00858211517333984 0.0136251449584961 0.35498046875 -0.05914306640625
-0.00429391860961914 0.00289082527160645 0.296234130859375 0.28350830078125
-0.0100040435791016 -0.022857666015625 -0.054046630859375 0.454803466796875
0.00698041915893555 0.00256443023681641 -0.281646728515625 0.234893798828125
0.0201358795166016 0.0176868438720703 0.00688552856445313 0.0382308959960937
0.0166282653808594 -0.00377368927001953 0.3582763671875 -0.1995849609375
0.00357437133789063 -0.0127325057983398 0.12908935546875 -0.492767333984375
-0.00382089614868164 -0.00122547149658203 -0.311279296875 -0.299591064453125
0.00606822967529297 0.00890922546386719 -0.3250732421875 0.073638916015625
0.00869607925415039 0.00524425506591797 -0.140594482421875 0.215347290039063
0.00388526916503906 -0.0105085372924805 0.0567474365234375 0.172698974609375
0.0123834609985352 0.00364494323730469 0.1297607421875 0.05029296875
0.00739669799804688 0.00641202926635742 -0.125106811523438 -0.0697860717773437
0.0084538459777832 -0.00802993774414063 -0.02569580078125 -0.177658081054687
0.009979248046875 0.00440025329589844 0.16192626953125 -0.205734252929688
0.00976085662841797 0.014373779296875 0.35504150390625 -0.056884765625
-0.00287199020385742 0.00250983238220215 0.29461669921875 0.286956787109375
-0.00952339172363281 -0.0225467681884766 -0.05584716796875 0.455474853515625
0.00594854354858398 0.00279521942138672 -0.282379150390625 0.232940673828125
0.0179519653320312 0.017120361328125 0.0101203918457031 0.0373306274414063
0.0146369934082031 -0.00322055816650391 0.35711669921875 -0.199951171875
0.00363731384277344 -0.0121917724609375 0.124969482421875 -0.492767333984375
-0.00255894660949707 -0.0017237663269043 -0.311920166015625 -0.29803466796875
0.0062704086303711 0.0101470947265625 -0.323638916015625 0.074920654296875
0.0085601806640625 0.0059208869934082 -0.138900756835937 0.215362548828125
0.00383949279785156 -0.0092630386352539 0.05780029296875 0.172164916992188
0.0115814208984375 0.00500106811523438 0.129981994628906 0.050140380859375
0.00642633438110352 0.00778913497924805 -0.123527526855469 -0.0691757202148437
0.00870990753173828 -0.00640201568603516 -0.0240325927734375 -0.177337646484375
0.0104904174804688 0.00491046905517578 0.16387939453125 -0.204483032226563
0.00988483428955078 0.0149259567260742 0.35552978515625 -0.0523681640625
-0.00316238403320312 0.00250387191772461 0.290252685546875 0.291015625
-0.00867652893066406 -0.0228042602539063 -0.06011962890625 0.45635986328125
0.00594949722290039 0.00255966186523438 -0.281585693359375 0.23175048828125
0.0173864364624023 0.0171794891357422 0.0142097473144531 0.0370559692382813
0.0147342681884766 -0.003692626953125 0.357208251953125 -0.204498291015625
0.00458049774169922 -0.0122947692871094 0.120635986328125 -0.493682861328125
-0.00204133987426758 -0.00147080421447754 -0.31536865234375 -0.29364013671875
0.00696086883544922 0.0100603103637695 -0.322601318359375 0.0785522460937499
0.00816631317138672 0.007476806640625 -0.138153076171875 0.215576171875
0.0032949447631836 -0.0084376335144043 0.0584716796875 0.170578002929688
0.0113029479980469 0.00619888305664063 0.130241394042969 0.0497055053710938
0.00537776947021484 0.00966072082519531 -0.122879028320312 -0.0696258544921875
0.00902748107910156 -0.00498867034912109 -0.0220489501953125 -0.17742919921875
0.0105733871459961 0.00554656982421875 0.165939331054688 -0.203353881835938
0.00890541076660156 0.0144052505493164 0.356536865234375 -0.04736328125
-0.00251579284667969 0.00187516212463379 0.286895751953125 0.295562744140625
-0.00728225708007813 -0.0238304138183594 -0.066619873046875 0.456817626953125
0.00696706771850586 0.00202798843383789 -0.281402587890625 0.230499267578125
0.0175991058349609 0.0171890258789063 0.0182151794433594 0.0369300842285156
0.0156946182250977 -0.00479412078857422 0.356231689453125 -0.2086181640625
0.00492668151855469 -0.0127592086791992 0.113616943359375 -0.493927001953125
-0.00177955627441406 -0.00135910511016846 -0.318817138671875 -0.287841796875
0.00702857971191406 0.010869026184082 -0.321258544921875 0.082916259765625
0.00806617736816406 0.00828981399536133 -0.135238647460937 0.216461181640625
0.00350570678710937 -0.00723600387573242 0.059173583984375 0.16998291015625
0.00977039337158203 0.00819301605224609 0.131065368652344 0.048858642578125
0.00785970687866211 0.00711154937744141 -0.122222900390625 -0.0754318237304688
0.0116519927978516 -0.00778007507324219 -0.026641845703125 -0.179229736328125
0.00931644439697266 0.000375747680664063 0.161163330078125 -0.204727172851563
0.00489902496337891 0.0130958557128906 0.35272216796875 -0.051605224609375
-0.00679779052734375 0.00202369689941406 0.2872314453125 0.289764404296875
-0.00706672668457031 -0.0252208709716797 -0.065582275390625 0.453094482421875
0.0161342620849609 0.000125885009765625 -0.285919189453125 0.23052978515625
0.0324001312255859 0.0177803039550781 0.00822830200195313 0.0380973815917969
0.0247783660888672 -0.00591468811035156 0.351531982421875 -0.198486328125
0.00485420227050781 -0.0144634246826172 0.116302490234375 -0.4901123046875
-0.00584030151367188 -0.002349853515625 -0.318328857421875 -0.290374755859375
0.00319194793701172 0.00922966003417969 -0.324859619140625 0.08062744140625
0.0086054801940918 0.00371599197387695 -0.139862060546875 0.218490600585938
0.00584888458251953 -0.00902175903320313 0.0554962158203125 0.171951293945313
0.011469841003418 0.00686550140380859 0.1309814453125 0.0494537353515625
0.00860214233398438 0.00563669204711914 -0.123123168945313 -0.073974609375
0.0107240676879883 -0.00862979888916016 -0.0276031494140625 -0.179580688476563
0.0100641250610352 0.000392913818359375 0.1583251953125 -0.2069091796875
0.00532341003417969 0.0127487182617188 0.352447509765625 -0.055694580078125
-0.00713491439819336 0.0021977424621582 0.2921142578125 0.285675048828125
-0.00858497619628906 -0.0234794616699219 -0.058990478515625 0.454010009765625
0.0137863159179688 0.000542640686035156 -0.284881591796875 0.233154296875
0.0295829772949219 0.0180263519287109 0.00544738769531251 0.037872314453125
0.0224094390869141 -0.00529861450195313 0.352081298828125 -0.197906494140625
0.00408172607421875 -0.013300895690918 0.1207275390625 -0.4901123046875
-0.00530195236206055 -0.00221729278564453 -0.315338134765625 -0.295989990234375
0.00380039215087891 0.00859832763671875 -0.32598876953125 0.076995849609375
0.00914859771728516 0.00426483154296875 -0.141860961914063 0.2176513671875
0.00593948364257813 -0.0100889205932617 0.054290771484375 0.172348022460938
0.0124073028564453 0.00530529022216797 0.129714965820313 0.05072021484375
0.00765228271484375 0.0043950080871582 -0.124931335449219 -0.0731277465820312
0.0101680755615234 -0.00919723510742187 -0.0290069580078125 -0.178298950195313
0.0105037689208984 0.00107669830322266 0.157485961914063 -0.206298828125
0.00691032409667969 0.0129632949829102 0.352508544921875 -0.0595703125
-0.0056157112121582 0.00242996215820312 0.295074462890625 0.28314208984375
-0.0102500915527344 -0.0232276916503906 -0.055389404296875 0.452667236328125
0.0113506317138672 0.000719070434570313 -0.28326416015625 0.23455810546875
0.0260868072509766 0.0173168182373047 0.00505447387695313 0.0387115478515625
0.02001953125 -0.00450897216796875 0.35400390625 -0.195831298828125
0.00369930267333984 -0.0129060745239258 0.126556396484375 -0.489593505859375
-0.00574493408203125 -0.00182151794433594 -0.3126220703125 -0.299072265625
0.00424385070800781 0.00849580764770508 -0.325653076171875 0.0734863281250001
0.00935077667236328 0.00336074829101563 -0.141571044921875 0.21636962890625
0.00509548187255859 -0.0101394653320312 0.055023193359375 0.172592163085938
0.0124788284301758 0.00385761260986328 0.130355834960937 0.0504684448242187
0.00916767120361328 0.00390625 -0.124488830566406 -0.0719985961914062
0.00985622406005859 -0.00922679901123047 -0.027740478515625 -0.17791748046875
0.0105762481689453 0.00154399871826172 0.158554077148438 -0.206512451171875
0.00766372680664063 0.0134658813476563 0.352630615234375 -0.060028076171875
-0.00554943084716797 0.00301027297973633 0.295654296875 0.280548095703125
-0.00972175598144531 -0.0223960876464844 -0.053131103515625 0.451416015625
0.00882244110107422 0.0015716552734375 -0.282745361328125 0.23541259765625
0.0231761932373047 0.0177993774414063 0.0049285888671875 0.0386161804199219
0.01861572265625 -0.00413703918457031 0.354949951171875 -0.195037841796875
0.0030059814453125 -0.0127325057983398 0.129180908203125 -0.489715576171875
-0.0044102668762207 -0.0018768310546875 -0.310821533203125 -0.300994873046875
0.0045013427734375 0.00905609130859375 -0.3253173828125 0.0729064941406251
0.00894355773925781 0.00422191619873047 -0.141143798828125 0.2156982421875
0.00507164001464844 -0.0105266571044922 0.055450439453125 0.172744750976562
0.0127906799316406 0.00355052947998047 0.130508422851563 0.0505294799804687
0.00869464874267578 0.00449514389038086 -0.1251220703125 -0.0702972412109375
0.0092020034790039 -0.00786685943603515 -0.0272674560546875 -0.1768798828125
0.0105762481689453 0.002288818359375 0.159347534179688 -0.20721435546875
0.00848197937011719 0.0138015747070313 0.354888916015625 -0.059722900390625
-0.00406098365783691 0.00266528129577637 0.294952392578125 0.282928466796875
-0.00988197326660156 -0.0218963623046875 -0.0541687011718749 0.45245361328125
0.00749635696411133 0.00264978408813477 -0.282470703125 0.233978271484375
0.0202121734619141 0.0178279876708984 0.0066375732421875 0.0383720397949219
0.016331672668457 -0.00336933135986328 0.357086181640625 -0.197357177734375
0.00354385375976563 -0.011866569519043 0.129119873046875 -0.49114990234375
-0.00393533706665039 -0.00141525268554688 -0.310577392578125 -0.299896240234375
0.00592613220214844 0.00916385650634766 -0.324462890625 0.073455810546875
0.00849676132202148 0.00538349151611328 -0.140274047851562 0.215423583984375
0.00382518768310547 -0.00969982147216797 0.0573577880859375 0.17279052734375
0.0123939514160156 0.00373744964599609 0.130027770996094 0.0502395629882813
0.00788307189941406 0.00640726089477539 -0.124748229980469 -0.06976318359375
0.00887489318847656 -0.00789546966552734 -0.02593994140625 -0.17755126953125
0.0105485916137695 0.00348854064941406 0.161087036132813 -0.206161499023438
0.00925731658935547 0.0142135620117188 0.35455322265625 -0.0565185546875
-0.00393319129943848 0.00272154808044434 0.29339599609375 0.285430908203125
-0.00924110412597656 -0.0223808288574219 -0.0572509765625 0.45361328125
0.00609016418457031 0.00310134887695312 -0.279953002929687 0.232513427734375
0.0177364349365234 0.0178356170654297 0.0103187561035156 0.0372390747070313
0.0149955749511719 -0.00304889678955078 0.357574462890625 -0.198333740234375
0.00351810455322266 -0.0117044448852539 0.125640869140625 -0.492645263671875
-0.00267243385314941 -0.0017552375793457 -0.311798095703125 -0.29803466796875
0.00650787353515625 0.00995445251464844 -0.322998046875 0.075286865234375
0.00817394256591797 0.00622272491455078 -0.138900756835938 0.214889526367188
0.00327491760253906 -0.00946807861328125 0.057861328125 0.17193603515625
0.0119972229003906 0.00461292266845703 0.130485534667969 0.049774169921875
0.00708150863647461 0.00871658325195313 -0.124015808105469 -0.0694427490234375
0.00903034210205078 -0.00649833679199219 -0.02447509765625 -0.177337646484375
0.010472297668457 0.00478267669677734 0.163833618164062 -0.204513549804687
0.00920486450195313 0.0141000747680664 0.355224609375 -0.052276611328125
-0.00320005416870117 0.00256490707397461 0.290008544921875 0.289764404296875
-0.00860023498535156 -0.0225772857666016 -0.061309814453125 0.455230712890625
0.00613927841186523 0.0030059814453125 -0.28167724609375 0.232025146484375
0.0172300338745117 0.0173854827880859 0.01458740234375 0.0374603271484375
0.015019416809082 -0.00324726104736328 0.357208251953125 -0.202850341796875
0.00435161590576172 -0.0121488571166992 0.120758056640625 -0.49322509765625
-0.00253152847290039 -0.0015723705291748 -0.313812255859375 -0.29412841796875
0.00616836547851563 0.00996780395507813 -0.322418212890625 0.078094482421875
0.00769805908203125 0.00710058212280274 -0.137603759765625 0.215560913085938
0.00249814987182617 -0.00818920135498047 0.058807373046875 0.170883178710938
0.0111904144287109 0.00606632232666016 0.130508422851563 0.0492706298828125
0.00568103790283203 0.00955772399902344 -0.123214721679688 -0.0694732666015625
0.00923538208007813 -0.00535011291503906 -0.0223541259765625 -0.177947998046875
0.00974369049072265 0.00578880310058594 0.165664672851563 -0.202774047851563
0.00877475738525391 0.014857292175293 0.35400390625 -0.047637939453125
-0.00289630889892578 0.00116682052612305 0.285858154296875 0.294708251953125
-0.00722694396972656 -0.0229625701904297 -0.066986083984375 0.455841064453125
0.00685358047485352 0.00243330001831055 -0.2811279296875 0.229263305664062
0.0176639556884766 0.0171852111816406 0.0177116394042969 0.0367851257324219
0.0157470703125 -0.00423717498779297 0.35540771484375 -0.206573486328125
0.00487136840820313 -0.0129575729370117 0.1138916015625 -0.492889404296875
-0.00177347660064697 -0.00134932994842529 -0.318115234375 -0.2879638671875
0.00653553009033203 0.0105056762695313 -0.3204345703125 0.08306884765625
0.00812101364135742 0.00786685943603516 -0.134536743164063 0.216659545898438
0.00274181365966797 -0.00713109970092773 0.060211181640625 0.169769287109375
0.0095062255859375 0.00791072845458984 0.131156921386719 0.0487594604492188
0.00819683074951172 0.0064692497253418 -0.122390747070313 -0.0755081176757813
0.0115432739257813 -0.00761985778808594 -0.027008056640625 -0.179458618164062
0.00972080230712891 0.000206947326660156 0.16033935546875 -0.205337524414063
0.00518894195556641 0.0121393203735352 0.35272216796875 -0.051910400390625
-0.00694608688354492 0.00201272964477539 0.286651611328125 0.29107666015625
-0.00824165344238281 -0.0244483947753906 -0.067138671875 0.4534912109375
0.0162534713745117 0.000733375549316406 -0.285919189453125 0.2298583984375
0.0324020385742188 0.0169448852539063 0.0079193115234375 0.0381278991699219
0.0248794555664063 -0.00571823120117188 0.351043701171875 -0.19927978515625
0.00434589385986328 -0.0137872695922852 0.11724853515625 -0.488433837890625
-0.00583648681640625 -0.00285005569458008 -0.319183349609375 -0.291259765625
0.00268697738647461 0.00833272933959961 -0.325439453125 0.0812072753906249
0.00886154174804688 0.00335597991943359 -0.139129638671875 0.218795776367187
0.00599861145019531 -0.0088653564453125 0.0554046630859375 0.171615600585938
0.0110855102539063 0.00727176666259766 0.131568908691406 0.0495758056640625
0.009368896484375 0.00563144683837891 -0.123992919921875 -0.0740585327148438
0.0111856460571289 -0.00793838500976562 -0.0279083251953125 -0.179336547851563
0.00999641418457031 0.000722885131835938 0.15838623046875 -0.206756591796875
0.00566005706787109 0.0124626159667969 0.352508544921875 -0.05743408203125
-0.00695991516113281 0.00304317474365234 0.2911376953125 0.28570556640625
-0.00819206237792969 -0.0235786437988281 -0.060394287109375 0.453369140625
0.0145511627197266 0.000369071960449219 -0.28466796875 0.23260498046875
0.0300979614257813 0.0178089141845703 0.00545883178710938 0.0380401611328125
0.0236015319824219 -0.00488853454589844 0.35235595703125 -0.19671630859375
0.00379276275634766 -0.0134572982788086 0.12164306640625 -0.48883056640625
-0.00551891326904297 -0.00232505798339844 -0.315093994140625 -0.296600341796875
0.00359630584716797 0.00786066055297852 -0.325714111328125 0.076934814453125
0.00893497467041016 0.00342369079589844 -0.1402587890625 0.217864990234375
0.0061187744140625 -0.00973033905029297 0.05523681640625 0.1719970703125
0.0131120681762695 0.00512409210205078 0.130538940429688 0.0499191284179688
0.0089874267578125 0.00464439392089844 -0.124313354492187 -0.0723953247070313
0.0107936859130859 -0.00887775421142578 -0.0295867919921875 -0.178787231445313
0.00951480865478516 0.00063323974609375 0.15679931640625 -0.206634521484375
0.00664520263671875 0.0128698348999023 0.352203369140625 -0.059600830078125
-0.00668191909790039 0.00271129608154297 0.29376220703125 0.280548095703125
-0.00919914245605469 -0.0228271484375 -0.0574951171875 0.451568603515625
0.0118570327758789 0.00137042999267578 -0.28424072265625 0.233673095703125
0.0261802673339844 0.017730712890625 0.00458908081054688 0.0386199951171875
0.0202121734619141 -0.00418281555175781 0.353912353515625 -0.193145751953125
0.00291919708251953 -0.0123014450073242 0.126434326171875 -0.48992919921875
-0.00524663925170898 -0.00207042694091797 -0.312286376953125 -0.299560546875
0.00420284271240234 0.00836563110351563 -0.325164794921875 0.0743408203125
0.0089111328125 0.00343227386474609 -0.141510009765625 0.216598510742188
0.0061492919921875 -0.00994586944580078 0.055816650390625 0.173187255859375
0.0133428573608398 0.00399017333984375 0.131179809570313 0.0505828857421875
0.00858163833618164 0.00387811660766602 -0.125083923339844 -0.0711746215820313
0.00982570648193359 -0.00862884521484375 -0.028839111328125 -0.17816162109375
0.0102615356445313 0.00142669677734375 0.158004760742188 -0.207763671875
0.00742912292480469 0.0127735137939453 0.352203369140625 -0.060302734375
-0.00533056259155273 0.00372505187988281 0.295013427734375 0.28094482421875
-0.00981330871582031 -0.0212841033935547 -0.0552978515625 0.451385498046875
0.00933933258056641 0.00189685821533203 -0.28338623046875 0.233551025390625
0.0229034423828125 0.0174484252929688 0.00484085083007812 0.0385246276855469
0.0181446075439453 -0.0036163330078125 0.355712890625 -0.194854736328125
0.00357246398925781 -0.0120582580566406 0.12908935546875 -0.489898681640625
-0.00482606887817383 -0.00193071365356445 -0.309814453125 -0.30084228515625
0.00536680221557617 0.00852108001708984 -0.325042724609375 0.07177734375
0.00892829895019531 0.00449943542480469 -0.141021728515625 0.215423583984375
0.00478744506835938 -0.00986862182617188 0.0565643310546875 0.172607421875
0.0135211944580078 0.00339126586914063 0.130790710449219 0.0500717163085937
0.00838518142700195 0.00478076934814453 -0.125144958496094 -0.070404052734375
0.0100069046020508 -0.00835895538330078 -0.0279388427734375 -0.17742919921875
0.0101890563964844 0.00213718414306641 0.159027099609375 -0.207244873046875
0.00826358795166016 0.0135526657104492 0.354217529296875 -0.058929443359375
-0.00496625900268555 0.00312280654907227 0.294769287109375 0.282318115234375
-0.00994873046875 -0.0215587615966797 -0.055450439453125 0.45159912109375
0.00690984725952149 0.00292348861694336 -0.28253173828125 0.232147216796875
0.0206375122070313 0.017547607421875 0.00697708129882813 0.0378837585449219
0.0163030624389648 -0.00280952453613281 0.356475830078125 -0.19659423828125
0.00365447998046875 -0.0113582611083984 0.128814697265625 -0.4912109375
-0.0039832592010498 -0.00177788734436035 -0.30999755859375 -0.301361083984375
0.00540447235107422 0.00852298736572266 -0.324188232421875 0.073028564453125
0.00882816314697266 0.00504207611083984 -0.139862060546875 0.215316772460937
0.00420951843261719 -0.00982856750488281 0.0574951171875 0.172134399414062
0.0128641128540039 0.00294876098632813 0.1304931640625 0.0503158569335938
0.00803899765014648 0.00608444213867187 -0.1248779296875 -0.0694351196289063
0.00931644439697265 -0.00732994079589844 -0.025665283203125 -0.176986694335938
0.0108003616333008 0.00333595275878906 0.161300659179688 -0.205764770507813
0.00903987884521484 0.0142946243286133 0.3543701171875 -0.05621337890625
-0.00374197959899902 0.00252890586853027 0.29254150390625 0.2850341796875
-0.00977897644042969 -0.0218429565429688 -0.058349609375 0.45263671875
0.00590276718139649 0.00281906127929688 -0.28265380859375 0.231109619140625
0.0176601409912109 0.0173206329345703 0.00960540771484375 0.0374984741210938
0.0150356292724609 -0.00325679779052734 0.35760498046875 -0.197418212890625
0.00360774993896484 -0.0116901397705078 0.12713623046875 -0.49200439453125
-0.00287890434265137 -0.00181818008422852 -0.31060791015625 -0.297637939453125
0.00607585906982422 0.00944995880126953 -0.322967529296875 0.0751037597656251
0.00802183151245117 0.00609350204467773 -0.138839721679687 0.215606689453125
0.00335788726806641 -0.00903415679931641 0.058685302734375 0.171676635742188
0.0121345520019531 0.00465011596679688 0.130615234375 0.0498504638671875
0.00706195831298828 0.00801181793212891 -0.124183654785156 -0.0689468383789062
0.00843667984008789 -0.00665950775146484 -0.0245361328125 -0.176544189453125
0.00995063781738281 0.00466060638427734 0.16375732421875 -0.204940795898438
0.00937366485595703 0.0145673751831055 0.355194091796875 -0.05255126953125
-0.00323748588562012 0.00197577476501465 0.28961181640625 0.289581298828125
-0.00850486755371094 -0.0221271514892578 -0.062255859375 0.452667236328125
0.00626230239868164 0.00258636474609375 -0.282470703125 0.230072021484375
0.0173273086547852 0.0174293518066406 0.0141220092773438 0.036773681640625
0.0144062042236328 -0.00322628021240234 0.356781005859375 -0.201904296875
0.00417137145996094 -0.0120019912719727 0.120819091796875 -0.493316650390625
-0.0020451545715332 -0.00237107276916504 -0.3138427734375 -0.29498291015625
0.00682163238525391 0.0101566314697266 -0.321990966796875 0.0781250000000001
0.0079493522644043 0.00758504867553711 -0.136978149414063 0.215713500976562
0.00265741348266601 -0.00813722610473633 0.059783935546875 0.170669555664063
0.0117931365966797 0.00585746765136719 0.130500793457031 0.0494308471679688
0.00617694854736328 0.00998783111572266 -0.123893737792969 -0.0693588256835937
0.00864267349243164 -0.00536823272705078 -0.022918701171875 -0.177886962890625
0.00990867614746094 0.00546932220458984 0.1649169921875 -0.202972412109375
0.00866413116455078 0.0144891738891602 0.354888916015625 -0.04730224609375
-0.00308513641357422 0.00117087364196777 0.284210205078125 0.293792724609375
-0.00780487060546875 -0.0231189727783203 -0.06719970703125 0.454986572265625
0.00713634490966797 0.00255823135375977 -0.28253173828125 0.228179931640625
0.017669677734375 0.0172595977783203 0.0173912048339844 0.0365638732910156
0.0154199600219727 -0.00377559661865234 0.356536865234375 -0.20562744140625
0.00511264801025391 -0.0128097534179688 0.115020751953125 -0.492706298828125
-0.00173461437225342 -0.00212836265563965 -0.317230224609375 -0.28729248046875
0.00664520263671875 0.0103626251220703 -0.32073974609375 0.082855224609375
0.00796794891357422 0.00766801834106445 -0.134933471679688 0.216598510742188
0.00229072570800781 -0.00670337677001953 0.06103515625 0.169464111328125
0.010157585144043 0.00785923004150391 0.1314697265625 0.0488815307617187
0.00848770141601562 0.00676393508911133 -0.123077392578125 -0.0750350952148437
0.0111579895019531 -0.00676822662353516 -0.0273590087890625 -0.180694580078125
0.00944900512695313 0.000519752502441406 0.161422729492188 -0.206069946289063
0.00531005859375 0.0135507583618164 0.352264404296875 -0.051849365234375
-0.007354736328125 0.00188398361206055 0.28643798828125 0.291046142578125
-0.00757026672363282 -0.0240383148193359 -0.06866455078125 0.4532470703125
0.0160799026489258 0.000559806823730469 -0.287506103515625 0.229766845703125
0.0321216583251953 0.0170841217041016 0.007904052734375 0.0380821228027344
0.0239658355712891 -0.00552177429199219 0.352264404296875 -0.199127197265625
0.00479507446289063 -0.0139913558959961 0.118804931640625 -0.4903564453125
-0.00626468658447266 -0.00237607955932617 -0.3175048828125 -0.291534423828125
0.00327539443969726 0.00811290740966797 -0.325897216796875 0.08050537109375
0.00852108001708984 0.00332975387573242 -0.139312744140625 0.21954345703125
0.00587224960327149 -0.00861930847167969 0.056610107421875 0.171875
0.0123100280761719 0.0067596435546875 0.132026672363281 0.05010986328125
0.0100116729736328 0.00538158416748047 -0.124519348144531 -0.074432373046875
0.0104103088378906 -0.00877857208251953 -0.027801513671875 -0.179763793945313
0.0103464126586914 0.0003662109375 0.158462524414063 -0.2076416015625
0.00617694854736328 0.0120630264282227 0.352508544921875 -0.0565185546875
-0.00736904144287109 0.00214529037475586 0.29034423828125 0.284454345703125
-0.00854873657226563 -0.0234508514404297 -0.06146240234375 0.451934814453125
0.0141620635986328 0.000689506530761719 -0.28533935546875 0.231689453125
0.0295848846435547 0.0169677734375 0.00598526000976562 0.0383377075195313
0.0228061676025391 -0.00466346740722656 0.353179931640625 -0.196502685546875
0.00381755828857422 -0.013066291809082 0.122955322265625 -0.491119384765625
-0.00631046295166016 -0.00283670425415039 -0.31341552734375 -0.296661376953125
0.00383186340332031 0.008270263671875 -0.326507568359375 0.0766601562500001
0.00905323028564453 0.00303268432617188 -0.140472412109375 0.2176513671875
0.00498008728027344 -0.00934028625488281 0.056304931640625 0.172210693359375
0.0136041641235352 0.00539302825927734 0.132087707519531 0.0504150390625
0.00936985015869141 0.00500202178955078 -0.124824523925781 -0.0726165771484375
0.0109939575195313 -0.00868034362792969 -0.0286865234375 -0.1788330078125
0.00986289978027344 0.000279426574707031 0.15692138671875 -0.207351684570313
0.00704669952392578 0.0120258331298828 0.353118896484375 -0.0594482421875
-0.00618743896484375 0.00293207168579102 0.29296875 0.28106689453125
-0.00944137573242188 -0.0224857330322266 -0.058685302734375 0.45184326171875
0.0113134384155273 0.00164890289306641 -0.285491943359375 0.233367919921875
0.0268974304199219 0.0174407958984375 0.00393295288085938 0.0390205383300781
0.0208053588867187 -0.00400352478027344 0.354583740234375 -0.19439697265625
0.00304412841796875 -0.0121593475341797 0.128814697265625 -0.49053955078125
-0.00549983978271484 -0.00190925598144531 -0.312103271484375 -0.300323486328125
0.00437068939208984 0.00845766067504883 -0.326141357421875 0.0740356445312501
0.00907135009765625 0.00324153900146484 -0.140655517578125 0.216384887695313
0.00487709045410156 -0.00995254516601563 0.05615234375 0.172866821289063
0.0132255554199219 0.00390529632568359 0.131675720214844 0.0508651733398437
0.00971698760986328 0.00428867340087891 -0.125801086425781 -0.0716018676757813
0.010228157043457 -0.00928974151611328 -0.0291595458984375 -0.178421020507813
0.0102977752685547 0.00155448913574219 0.157440185546875 -0.208160400390625
0.00784015655517578 0.0126943588256836 0.353057861328125 -0.06103515625
-0.00601434707641601 0.00249958038330078 0.293792724609375 0.280548095703125
-0.0105018615722656 -0.0218582153320313 -0.056671142578125 0.45074462890625
0.0091400146484375 0.0021514892578125 -0.284881591796875 0.233642578125
0.0226936340332031 0.0178508758544922 0.00479507446289063 0.0386123657226563
0.0184955596923828 -0.00340080261230469 0.355316162109375 -0.19378662109375
0.00292301177978516 -0.0120372772216797 0.129852294921875 -0.4898681640625
-0.00498056411743164 -0.00210285186767578 -0.309478759765625 -0.301605224609375
0.0050654411315918 0.00743722915649414 -0.3255615234375 0.0732116699218749
0.00930118560791016 0.00463008880615234 -0.140823364257813 0.216217041015625
0.0038137435913086 -0.00943470001220703 0.05718994140625 0.172286987304688
0.0134963989257813 0.00278568267822266 0.130928039550781 0.0506439208984375
0.00945758819580078 0.00520133972167969 -0.125602722167969 -0.0705337524414062
0.00891971588134766 -0.00822830200195313 -0.028106689453125 -0.177825927734375
0.010645866394043 0.00303077697753906 0.15826416015625 -0.208175659179688
0.00850009918212891 0.0131597518920898 0.35430908203125 -0.0596923828125
-0.00510835647583008 0.00256156921386719 0.294281005859375 0.281494140625
-0.0100326538085938 -0.0212516784667969 -0.056793212890625 0.45263671875
0.00732851028442383 0.00289201736450195 -0.28399658203125 0.231964111328125
0.0201263427734375 0.0170383453369141 0.0063934326171875 0.0381698608398438
0.0161724090576172 -0.00317573547363281 0.35760498046875 -0.195831298828125
0.0029754638671875 -0.0116386413574219 0.131622314453125 -0.490570068359375
-0.00436663627624512 -0.00187325477600098 -0.310272216796875 -0.3013916015625
0.00564146041870117 0.0087132453918457 -0.32421875 0.0734252929687501
0.00857830047607422 0.00565481185913086 -0.139862060546875 0.215896606445312
0.00388526916503906 -0.00944328308105469 0.0583343505859375 0.172683715820313
0.0133991241455078 0.00306510925292969 0.131057739257813 0.051116943359375
0.00855731964111328 0.00566959381103516 -0.124870300292969 -0.0692901611328125
0.00881004333496094 -0.00757789611816406 -0.026214599609375 -0.176910400390625
0.0100107192993164 0.00386142730712891 0.160598754882813 -0.207183837890625
0.00887680053710937 0.0140590667724609 0.35418701171875 -0.0572509765625
-0.00420665740966797 0.00197744369506836 0.29144287109375 0.285064697265625
-0.00946044921875 -0.0213813781738281 -0.060546875 0.454010009765625
0.00636911392211914 0.0030064582824707 -0.28326416015625 0.230743408203125
0.0178165435791016 0.0176048278808594 0.00990676879882813 0.0371971130371094
0.0153913497924805 -0.00286674499511719 0.35833740234375 -0.197479248046875
0.00348758697509766 -0.011265754699707 0.128662109375 -0.49212646484375
-0.00317716598510742 -0.0021212100982666 -0.3111572265625 -0.298797607421875
0.00624465942382813 0.00937175750732422 -0.3233642578125 0.07440185546875
0.00810003280639648 0.00631904602050781 -0.138412475585937 0.215805053710938
0.00296306610107422 -0.00897502899169922 0.0597686767578125 0.171722412109375
0.0126619338989258 0.00382614135742187 0.131057739257813 0.0500259399414063
0.00751590728759766 0.00817632675170898 -0.124801635742187 -0.0696792602539063
0.00865745544433594 -0.00625705718994141 -0.0250244140625 -0.177276611328125
0.0102596282958984 0.00466156005859375 0.162933349609375 -0.205764770507812
0.00950527191162109 0.0142879486083984 0.355621337890625 -0.052459716796875
-0.00377058982849121 0.00199460983276367 0.288116455078125 0.288543701171875
-0.00858688354492187 -0.0217914581298828 -0.0633544921875 0.453460693359375
0.00628376007080078 0.00306272506713867 -0.283233642578125 0.229156494140625
0.0168466567993164 0.0171241760253906 0.013397216796875 0.0372848510742188
0.0149164199829102 -0.00319766998291016 0.3580322265625 -0.2005615234375
0.00423145294189453 -0.0118741989135742 0.12384033203125 -0.492767333984375
-0.00230073928833008 -0.00219607353210449 -0.313720703125 -0.2950439453125
0.00642013549804688 0.00952434539794922 -0.3228759765625 0.0783081054687499
0.00804567337036133 0.00759172439575195 -0.137252807617187 0.216888427734375
0.0022425651550293 -0.00744771957397461 0.0604400634765625 0.1705322265625
0.0122861862182617 0.00559139251708984 0.131515502929688 0.049713134765625
0.00649738311767578 0.00948905944824219 -0.124198913574219 -0.0696182250976562
0.0087890625 -0.00533580780029297 -0.02294921875 -0.177932739257813
0.00995731353759766 0.00530910491943359 0.165054321289063 -0.203964233398438
0.00893878936767578 0.0146970748901367 0.355316162109375 -0.048583984375
-0.00340414047241211 0.00150728225708008 0.284759521484375 0.29473876953125
-0.00778961181640625 -0.0228786468505859 -0.068756103515625 0.45416259765625
0.00710868835449219 0.00287675857543945 -0.28363037109375 0.227386474609375
0.0179290771484375 0.0169582366943359 0.0172805786132813 0.0363693237304688
0.0152397155761719 -0.0037689208984375 0.356170654296875 -0.205047607421875
0.00490283966064453 -0.0121421813964844 0.116241455078125 -0.49249267578125
-0.00182867050170898 -0.00264263153076172 -0.31793212890625 -0.287811279296875
0.00670051574707031 0.0100803375244141 -0.321014404296875 0.0829162597656251
0.00803279876708984 0.00805425643920898 -0.134140014648438 0.217941284179688
0.00272941589355469 -0.00684976577758789 0.0617828369140625 0.169586181640625
0.0102338790893555 0.00717067718505859 0.131843566894531 0.0489883422851563
0.00854110717773438 0.00711584091186523 -0.124534606933594 -0.0758209228515625
0.0116147994995117 -0.00748443603515625 -0.02764892578125 -0.180938720703125
0.00971031188964844 6.00814819335938E-05 0.160736083984375 -0.20733642578125
0.00535964965820313 0.0130033493041992 0.35284423828125 -0.052978515625
-0.00850343704223633 0.00161266326904297 0.286529541015625 0.29083251953125
-0.00789070129394531 -0.0231895446777344 -0.068939208984375 0.45306396484375
0.0163640975952148 0.00163078308105469 -0.288818359375 0.229949951171875
0.0324687957763672 0.0173683166503906 0.00818634033203125 0.0380134582519531
0.0244693756103516 -0.00525283813476563 0.35406494140625 -0.197845458984375
0.00514316558837891 -0.0133399963378906 0.1187744140625 -0.4903564453125
-0.00581645965576172 -0.00265359878540039 -0.319183349609375 -0.292755126953125
0.00302743911743164 0.00812578201293945 -0.32647705078125 0.0812072753906251
0.00828075408935547 0.00324821472167969 -0.139190673828125 0.220123291015625
0.00572967529296875 -0.00864267349243164 0.057281494140625 0.172134399414063
0.0125617980957031 0.00748443603515625 0.133476257324219 0.0492401123046875
0.0101690292358398 0.00557231903076172 -0.125045776367188 -0.0743484497070313
0.0106039047241211 -0.00823879241943359 -0.0287322998046875 -0.180618286132813
0.0102968215942383 0.000371932983398438 0.157974243164062 -0.209182739257813
0.0056915283203125 0.0121049880981445 0.353363037109375 -0.057525634765625
-0.00726222991943359 0.00203227996826172 0.291015625 0.285614013671875
-0.00866889953613282 -0.0224933624267578 -0.062347412109375 0.454193115234375
0.0145854949951172 0.000908851623535156 -0.2879638671875 0.2325439453125
0.030059814453125 0.0173187255859375 0.005157470703125 0.0392684936523438
0.0230236053466797 -0.00475311279296875 0.35321044921875 -0.196136474609375
0.00385951995849609 -0.0125608444213867 0.1241455078125 -0.492095947265625
-0.00601291656494141 -0.00231552124023437 -0.315582275390625 -0.2969970703125
0.00372219085693359 0.00765132904052734 -0.3280029296875 0.0778808593750001
0.00876855850219727 0.00343704223632812 -0.139801025390625 0.217971801757813
0.00533390045166016 -0.00982856750488281 0.056488037109375 0.172821044921875
0.0144863128662109 0.00539493560791016 0.13226318359375 0.0498504638671875
0.00958251953125 0.00421905517578125 -0.125411987304688 -0.072906494140625
0.0107688903808594 -0.00862407684326172 -0.0297088623046875 -0.179656982421875
0.0108442306518555 0.00129127502441406 0.157485961914063 -0.209518432617187
0.00656318664550781 0.0119466781616211 0.352996826171875 -0.060394287109375
-0.00638294219970703 0.00275945663452149 0.29315185546875 0.28118896484375
-0.00959396362304688 -0.0221290588378906 -0.0587158203125 0.45166015625
0.0117149353027344 0.00162029266357422 -0.286224365234375 0.23345947265625
0.0267677307128906 0.0175590515136719 0.00323867797851562 0.0385513305664062
0.0204544067382813 -0.00376129150390625 0.3548583984375 -0.192596435546875
0.00351715087890625 -0.0119953155517578 0.128662109375 -0.49078369140625
-0.00576353073120117 -0.00220298767089844 -0.312530517578125 -0.3013916015625
0.0043635368347168 0.00727987289428711 -0.327392578125 0.0752258300781251
0.00885486602783203 0.00432491302490234 -0.1409912109375 0.217376708984375
0.00447559356689453 -0.00992298126220703 0.0578765869140625 0.173110961914063
0.0140819549560547 0.00408172607421875 0.132797241210938 0.050506591796875
0.0101251602172852 0.00392913818359375 -0.126510620117188 -0.0720901489257813
0.00922584533691406 -0.00889492034912109 -0.02984619140625 -0.178741455078125
0.0110769271850586 0.00202846527099609 0.157150268554688 -0.209442138671875
0.00734615325927734 0.0129985809326172 0.352935791015625 -0.06158447265625
-0.00584936141967773 0.00281190872192383 0.293792724609375 0.280975341796875
-0.00944137573242187 -0.0215911865234375 -0.057891845703125 0.451263427734375
0.0092315673828125 0.0029144287109375 -0.2852783203125 0.23284912109375
0.0229625701904297 0.0176887512207031 0.0047760009765625 0.038421630859375
0.0178260803222656 -0.00333786010742187 0.357208251953125 -0.1934814453125
0.00328159332275391 -0.0116157531738281 0.13140869140625 -0.491455078125
-0.00489521026611328 -0.00191164016723633 -0.311004638671875 -0.30267333984375
0.00478887557983399 0.0074458122253418 -0.3267822265625 0.0730285644531249
0.00869035720825195 0.00446224212646484 -0.14007568359375 0.217056274414063
0.004669189453125 -0.00975418090820313 0.0586395263671875 0.172317504882812
0.0140209197998047 0.00373268127441406 0.132179260253906 0.050445556640625
0.00965595245361328 0.00495433807373047 -0.126068115234375 -0.0700912475585937
0.00943565368652344 -0.00749588012695313 -0.0283050537109375 -0.179061889648438
0.0107812881469727 0.00285053253173828 0.158859252929688 -0.208709716796875
0.00840950012207031 0.0129594802856445 0.35498046875 -0.06103515625
-0.00485467910766602 0.00287294387817383 0.2943115234375 0.282684326171875
-0.0100383758544922 -0.0208568572998047 -0.0577392578125 0.453369140625
0.00784635543823242 0.00301122665405273 -0.284088134765625 0.232666015625
0.0200138092041016 0.0174789428710938 0.00583648681640625 0.0382232666015625
0.016291618347168 -0.00274467468261719 0.359161376953125 -0.194732666015625
0.00314426422119141 -0.0111093521118164 0.131805419921875 -0.492523193359375
-0.00412178039550781 -0.00238251686096192 -0.311614990234375 -0.30230712890625
0.00620222091674805 0.00861549377441406 -0.325897216796875 0.0738525390624999
0.00883960723876953 0.00555896759033203 -0.139877319335938 0.2171630859375
0.00396156311035156 -0.00942516326904297 0.059661865234375 0.172592163085938
0.0135936737060547 0.00287723541259766 0.131759643554688 0.0505599975585938
0.00896453857421875 0.00609970092773438 -0.125503540039063 -0.0697402954101562
0.00878047943115234 -0.00683212280273438 -0.026824951171875 -0.178451538085938
0.0101184844970703 0.00392055511474609 0.160812377929688 -0.208038330078125
0.00907516479492188 0.0136680603027344 0.35504150390625 -0.0577392578125
-0.00497198104858398 0.00210189819335937 0.292327880859375 0.286346435546875
-0.00984954833984375 -0.0210380554199219 -0.060791015625 0.4539794921875
0.00675153732299805 0.00291109085083008 -0.28424072265625 0.230560302734375
0.0175619125366211 0.0171775817871094 0.00954818725585938 0.0378532409667969
0.0152215957641602 -0.00248527526855469 0.359161376953125 -0.196868896484375
0.00352096557617188 -0.0108299255371094 0.12841796875 -0.492767333984375
-0.00322985649108887 -0.00254511833190918 -0.312469482421875 -0.29931640625
0.00634860992431641 0.00902652740478515 -0.324310302734375 0.0750427246093751
0.00831270217895508 0.00573492050170898 -0.138580322265625 0.217086791992188
0.00247716903686523 -0.00862979888916016 0.0605010986328125 0.172256469726563
0.0126380920410156 0.00426769256591797 0.132156372070313 0.050537109375
0.00843429565429688 0.00824308395385742 -0.125282287597656 -0.0697097778320312
0.00820446014404297 -0.0066070556640625 -0.025604248046875 -0.177520751953125
0.0101222991943359 0.00499343872070313 0.163543701171875 -0.206634521484375
0.009246826171875 0.0147314071655273 0.35614013671875 -0.0538330078125
-0.00373959541320801 0.00174808502197266 0.28753662109375 0.28936767578125
-0.00897216796875 -0.0213756561279297 -0.064788818359375 0.45440673828125
0.00650691986083984 0.00310897827148438 -0.28436279296875 0.230255126953125
0.0173158645629883 0.0174703598022461 0.0133819580078125 0.0377464294433594
0.014739990234375 -0.00270557403564453 0.3592529296875 -0.202178955078125
0.00444889068603516 -0.011754035949707 0.124114990234375 -0.493988037109375
-0.00245785713195801 -0.00192332267761231 -0.3153076171875 -0.295379638671875
0.00679969787597656 0.009246826171875 -0.32281494140625 0.0791931152343749
0.00783538818359375 0.00724172592163086 -0.136672973632813 0.217575073242187
0.00221681594848633 -0.00758123397827148 0.060943603515625 0.170806884765625
0.0124082565307617 0.00549411773681641 0.131668090820313 0.0497207641601563
0.00730419158935547 0.00941371917724609 -0.124458312988281 -0.069549560546875
0.00892448425292969 -0.00518131256103516 -0.023834228515625 -0.178421020507813
0.00992965698242188 0.00545501708984375 0.16497802734375 -0.205551147460938
0.00897026062011719 0.0146389007568359 0.355377197265625 -0.048980712890625
-0.00362133979797363 0.00114631652832031 0.28448486328125 0.294921875
-0.00725364685058593 -0.0229415893554687 -0.06976318359375 0.454315185546875
0.00744438171386719 0.00277566909790039 -0.286224365234375 0.226531982421875
0.0174827575683594 0.016566276550293 0.017303466796875 0.0368385314941406
0.0155792236328125 -0.00367641448974609 0.35858154296875 -0.204925537109375
0.00484180450439453 -0.0117588043212891 0.11700439453125 -0.493560791015625
-0.00167346000671387 -0.00215637683868408 -0.3182373046875 -0.290008544921875
0.00648880004882813 0.00962638854980469 -0.32220458984375 0.082855224609375
0.00762557983398438 0.00816488265991211 -0.13470458984375 0.2186279296875
0.0024566650390625 -0.00673866271972656 0.06268310546875 0.169952392578125
0.0111503601074219 0.00713825225830078 0.132293701171875 0.0491943359375
0.00923919677734375 0.00724315643310547 -0.125015258789063 -0.0764312744140625
0.0113859176635742 -0.00709819793701172 -0.0281829833984375 -0.181640625
0.0100555419921875 0.000767707824707031 0.160598754882813 -0.208663940429687
0.00455760955810547 0.0129680633544922 0.355743408203125 -0.053192138671875
-0.00779628753662109 0.00204133987426758 0.287445068359375 0.2921142578125
-0.00768089294433594 -0.0239620208740234 -0.07049560546875 0.45660400390625
0.016291618347168 0.00103187561035156 -0.29156494140625 0.22918701171875
0.0328998565673828 0.0183448791503906 0.00725173950195313 0.0381050109863281
0.0248470306396484 -0.00545310974121094 0.354339599609375 -0.197479248046875
0.00424480438232422 -0.0133495330810547 0.120574951171875 -0.49285888671875
-0.00681638717651367 -0.00266075134277344 -0.320465087890625 -0.29437255859375
0.00328922271728516 0.00785350799560547 -0.328125 0.0817871093749999
0.00870037078857422 0.00348520278930664 -0.139190673828125 0.2220458984375
0.00534200668334961 -0.00856542587280273 0.0587310791015625 0.17230224609375
0.0128412246704102 0.00703525543212891 0.134353637695312 0.0496139526367188
0.010930061340332 0.00594520568847656 -0.12542724609375 -0.0747528076171875
0.0113468170166016 -0.00863075256347656 -0.0291595458984375 -0.181655883789063
0.0100288391113281 0.00109577178955078 0.157974243164063 -0.210113525390625
0.00557422637939453 0.0125865936279297 0.354888916015625 -0.059051513671875
-0.00764083862304688 0.00267839431762695 0.29205322265625 0.285888671875
-0.00840950012207031 -0.0228519439697266 -0.064544677734375 0.45526123046875
0.0143899917602539 0.001220703125 -0.289886474609375 0.232147216796875
0.0300712585449219 0.0176372528076172 0.0052490234375 0.03857421875
0.0224838256835938 -0.00454139709472656 0.35540771484375 -0.195037841796875
0.00390434265136719 -0.012721061706543 0.1241455078125 -0.492706298828125
-0.00712394714355469 -0.00249433517456055 -0.31683349609375 -0.297698974609375
0.00294589996337891 0.00783205032348633 -0.3284912109375 0.0788269042968751
0.00851249694824219 0.00365304946899414 -0.140625 0.220672607421875
0.00571441650390625 -0.00946903228759766 0.058563232421875 0.173492431640625
0.0140895843505859 0.00451564788818359 0.133392333984375 0.0505828857421875
0.0100889205932617 0.00455665588378906 -0.126411437988281 -0.07318115234375
0.0102567672729492 -0.00931453704833985 -0.0302581787109375 -0.18072509765625
0.0100669860839844 0.00133609771728516 0.157180786132813 -0.211074829101563
0.00658988952636719 0.012547492980957 0.35504150390625 -0.061676025390625
-0.00672721862792969 0.00173425674438477 0.294036865234375 0.2828369140625
-0.00935745239257812 -0.0213985443115234 -0.05975341796875 0.4542236328125
0.0124340057373047 0.00201320648193359 -0.288818359375 0.23394775390625
0.0275897979736328 0.017852783203125 0.00392913818359376 0.0392112731933594
0.0202121734619141 -0.00307083129882813 0.358062744140625 -0.1934814453125
0.00321102142333984 -0.0126485824584961 0.129241943359375 -0.49285888671875
-0.00592851638793945 -0.00312328338623047 -0.31439208984375 -0.301361083984375
0.00438261032104492 0.0079340934753418 -0.328826904296875 0.075103759765625
0.00906753540039063 0.00391006469726563 -0.1409912109375 0.219253540039062
0.00565338134765625 -0.00974559783935547 0.0587615966796875 0.174179077148438
0.0145950317382813 0.00351142883300781 0.132949829101563 0.0510635375976563
0.0104131698608398 0.00414180755615234 -0.127265930175781 -0.0719375610351563
0.00988578796386719 -0.00932693481445313 -0.02984619140625 -0.179611206054688
0.0105171203613281 0.00157260894775391 0.157318115234375 -0.210647583007813
0.00774192810058594 0.0131502151489258 0.35546875 -0.062774658203125
-0.00602912902832031 0.00264501571655273 0.29498291015625 0.281463623046875
-0.0099334716796875 -0.0206661224365234 -0.058258056640625 0.452178955078125
0.00967788696289063 0.00243091583251953 -0.287841796875 0.233245849609375
0.0235195159912109 0.0179500579833984 0.00410461425781251 0.0387458801269531
0.0183525085449219 -0.00335502624511719 0.358123779296875 -0.1943359375
0.00353908538818359 -0.0116825103759766 0.132232666015625 -0.4927978515625
-0.00530147552490234 -0.00248622894287109 -0.312591552734375 -0.30352783203125
0.00491952896118164 0.00833845138549805 -0.32794189453125 0.0737304687499999
0.00889873504638672 0.00373077392578125 -0.140029907226562 0.219009399414063
0.00471210479736328 -0.00924968719482422 0.0600128173828125 0.173568725585938
0.0143899917602539 0.00281620025634766 0.132575988769531 0.0510482788085938
0.0103063583374023 0.0047760009765625 -0.126853942871094 -0.0706863403320313
0.00910091400146485 -0.00786304473876953 -0.02911376953125 -0.1793212890625
0.0104589462280273 0.00313377380371094 0.158523559570313 -0.210739135742188
0.00800323486328125 0.0129432678222656 0.35601806640625 -0.06103515625
-0.00485372543334961 0.0023341178894043 0.294036865234375 0.282958984375
-0.00993537902832031 -0.020965576171875 -0.058349609375 0.454620361328125
0.0078282356262207 0.00265932083129883 -0.287109375 0.23260498046875
0.0202674865722656 0.0174179077148438 0.00616455078125 0.0380058288574219
0.0160274505615234 -0.00249290466308594 0.36114501953125 -0.194000244140625
0.00345611572265625 -0.0112905502319336 0.13262939453125 -0.4940185546875
-0.00464296340942383 -0.00290346145629883 -0.31292724609375 -0.30328369140625
0.00585079193115234 0.00799083709716797 -0.32733154296875 0.07421875
0.00820159912109375 0.00569343566894531 -0.140838623046875 0.218154907226563
0.00342750549316406 -0.00924015045166016 0.0608062744140625 0.173629760742188
0.0143909454345703 0.00285530090332031 0.132362365722656 0.0507965087890625
0.00994205474853516 0.00672149658203125 -0.126976013183594 -0.0697708129882813
0.00867128372192383 -0.00739717483520508 -0.0274200439453125 -0.178970336914062
0.0103874206542969 0.00440120697021484 0.161117553710938 -0.209274291992188
0.00873184204101563 0.014256477355957 0.356658935546875 -0.058929443359375
-0.00468111038208008 0.00171518325805664 0.2926025390625 0.28509521484375
-0.0097198486328125 -0.0208225250244141 -0.06195068359375 0.455657958984375
0.00664615631103516 0.00326871871948242 -0.287200927734375 0.2314453125
0.0177555084228516 0.0173969268798828 0.00955963134765625 0.037506103515625
0.0150737762451172 -0.00235080718994141 0.360595703125 -0.196685791015625
0.00358295440673828 -0.0108919143676758 0.129669189453125 -0.495880126953125
-0.0034029483795166 -0.00229740142822266 -0.313140869140625 -0.30120849609375
0.00660800933837891 0.00879287719726563 -0.325439453125 0.076019287109375
0.00805521011352539 0.00622653961181641 -0.138763427734375 0.217803955078125
0.00251388549804688 -0.00864839553833008 0.0614471435546875 0.1724853515625
0.0129480361938477 0.00367259979248047 0.132835388183594 0.0504150390625
0.00852537155151367 0.00835752487182617 -0.126045227050781 -0.069488525390625
0.0088815689086914 -0.00636386871337891 -0.0259246826171875 -0.179000854492188
0.0102853775024414 0.00541782379150391 0.16302490234375 -0.2081298828125
0.00902175903320313 0.0145025253295898 0.356658935546875 -0.054107666015625
-0.00408673286437988 0.00147294998168945 0.28948974609375 0.29083251953125
-0.00840950012207031 -0.0212497711181641 -0.0650634765625 0.4569091796875
0.0067291259765625 0.00316476821899414 -0.285125732421875 0.23016357421875
0.0172863006591797 0.0169029235839844 0.0130386352539063 0.0369949340820313
0.0146884918212891 -0.00288486480712891 0.35986328125 -0.201690673828125
0.00396823883056641 -0.011662483215332 0.124969482421875 -0.49676513671875
-0.00289559364318848 -0.00220537185668945 -0.3157958984375 -0.297332763671875
0.00634765625 0.00899791717529297 -0.32464599609375 0.079559326171875
0.00789833068847656 0.00687837600708008 -0.136825561523438 0.218521118164063
0.00219821929931641 -0.00727605819702148 0.062713623046875 0.171173095703125
0.0125064849853516 0.00536346435546875 0.132781982421875 0.0494613647460938
0.00760173797607422 0.00990104675292969 -0.125289916992188 -0.0698623657226563
0.00884246826171875 -0.00555038452148438 -0.02447509765625 -0.179183959960938
0.00992012023925781 0.00565528869628906 0.16552734375 -0.206741333007813
0.00861740112304688 0.0143098831176758 0.357635498046875 -0.049560546875
-0.0038907527923584 0.00117659568786621 0.28582763671875 0.294525146484375
-0.00728607177734375 -0.0225505828857422 -0.071990966796875 0.456573486328125
0.0078277587890625 0.00263118743896484 -0.28582763671875 0.227508544921875
0.0177555084228516 0.0170440673828125 0.0170974731445313 0.0370712280273438
0.0158920288085937 -0.00331974029541016 0.35943603515625 -0.204803466796875
0.00500297546386719 -0.0118045806884766 0.11798095703125 -0.49609375
-0.00233650207519531 -0.002685546875 -0.32073974609375 -0.2906494140625
0.00662136077880859 0.00986671447753906 -0.3231201171875 0.084075927734375
0.00768375396728516 0.00812005996704102 -0.1343994140625 0.219741821289062
0.0023646354675293 -0.00652313232421875 0.0637664794921875 0.1705322265625
0.0113105773925781 0.00704860687255859 0.133415222167969 0.0493850708007812
0.010350227355957 0.00724220275878906 -0.126213073730469 -0.0765228271484375
0.0117006301879883 -0.00772190093994141 -0.029998779296875 -0.182815551757813
0.00974082946777344 0.000604629516601563 0.161407470703125 -0.210586547851562
0.00488471984863281 0.0131063461303711 0.356048583984375 -0.054595947265625
-0.00751256942749023 0.00145769119262695 0.288482666015625 0.2921142578125
-0.00731086730957031 -0.0234146118164063 -0.070648193359375 0.457061767578125
0.0172615051269531 0.000325202941894531 -0.29266357421875 0.231048583984375
0.0329341888427734 0.0177726745605469 0.00693893432617188 0.0388526916503906
0.0251865386962891 -0.00488853454589844 0.355682373046875 -0.19927978515625
0.00441169738769531 -0.0129318237304688 0.120086669921875 -0.493743896484375
-0.00697183609008789 -0.00277519226074219 -0.32244873046875 -0.294586181640625
0.00281238555908203 0.00821828842163086 -0.32977294921875 0.084014892578125
0.00824737548828125 0.00381135940551758 -0.13897705078125 0.223159790039063
0.00565624237060547 -0.00858259201049805 0.0606231689453125 0.17303466796875
0.0133543014526367 0.00687408447265625 0.135330200195313 0.050201416015625
0.010986328125 0.00528812408447266 -0.126792907714844 -0.0748291015625
0.0110025405883789 -0.00776195526123047 -0.03045654296875 -0.1822509765625
0.0105037689208984 0.000794410705566406 0.158111572265625 -0.212005615234375
0.00523471832275391 0.0123252868652344 0.356109619140625 -0.05999755859375
-0.00731468200683594 0.00245380401611328 0.292877197265625 0.286651611328125
-0.00827217102050781 -0.0222873687744141 -0.06439208984375 0.4573974609375
0.014622688293457 0.00139713287353516 -0.290771484375 0.233154296875
0.0301494598388672 0.0175399780273438 0.00525283813476563 0.03839111328125
0.023834228515625 -0.00466728210449219 0.35626220703125 -0.197021484375
0.0037069320678711 -0.0126066207885742 0.1246337890625 -0.496063232421875
-0.00629806518554688 -0.00312089920043945 -0.319488525390625 -0.299591064453125
0.0033111572265625 0.00735187530517578 -0.330291748046875 0.0793151855468751
0.00890254974365234 0.00351428985595703 -0.140045166015625 0.222625732421875
0.00529193878173828 -0.00887107849121094 0.05963134765625 0.173721313476562
0.0149192810058594 0.00498485565185547 0.134284973144531 0.05047607421875
0.0110263824462891 0.00515174865722656 -0.12750244140625 -0.0733413696289062
0.00987911224365234 -0.00892829895019531 -0.031280517578125 -0.180816650390625
0.010380744934082 0.000773429870605469 0.156723022460938 -0.213287353515625
0.006500244140625 0.0127468109130859 0.355255126953125 -0.0640869140625
-0.00689363479614258 0.00212717056274414 0.295318603515625 0.283294677734375
-0.00943946838378906 -0.0217838287353516 -0.060272216796875 0.456207275390625
0.0119161605834961 0.00170040130615234 -0.289520263671875 0.2352294921875
0.0267753601074219 0.0173282623291016 0.00330352783203125 0.0388984680175781
0.020538330078125 -0.00298118591308594 0.359161376953125 -0.194122314453125
0.00338935852050781 -0.0120105743408203 0.13116455078125 -0.496063232421875
-0.00548028945922852 -0.00272321701049805 -0.315765380859375 -0.303192138671875
0.00412321090698242 0.00707435607910156 -0.33062744140625 0.0762939453125
0.00912189483642578 0.00405502319335938 -0.140838623046875 0.220901489257813
0.00518512725830078 -0.00920677185058594 0.060821533203125 0.17474365234375
0.0148935317993164 0.00388717651367188 0.134292602539063 0.0507431030273437
0.0110311508178711 0.00431442260742188 -0.1287841796875 -0.071807861328125
0.00981521606445312 -0.00891590118408203 -0.0312042236328125 -0.181015014648438
0.0111064910888672 0.00135612487792969 0.157150268554688 -0.21319580078125
0.00758647918701172 0.0123624801635742 0.357086181640625 -0.0634765625
-0.00622272491455078 0.00282716751098633 0.296112060546875 0.282318115234375
-0.0103206634521484 -0.0208930969238281 -0.058441162109375 0.4559326171875
0.00935459136962891 0.00281238555908203 -0.2899169921875 0.234344482421875
0.0231513977050781 0.0177497863769531 0.00378799438476563 0.0386848449707031
0.0187053680419922 -0.00297355651855469 0.360015869140625 -0.194732666015625
0.00315189361572266 -0.0108118057250977 0.13311767578125 -0.49505615234375
-0.00525617599487305 -0.00202178955078125 -0.31396484375 -0.30535888671875
0.00510835647583008 0.00782251358032227 -0.329803466796875 0.074981689453125
0.00908470153808594 0.00471878051757813 -0.139724731445312 0.220306396484375
0.00479888916015625 -0.00918483734130859 0.0610198974609375 0.174575805664063
0.0143766403198242 0.00283718109130859 0.134574890136719 0.0508804321289062
0.0108823776245117 0.00502777099609375 -0.127777099609375 -0.0715789794921875
0.00917148590087891 -0.00876235961914063 -0.0298614501953125 -0.180816650390625
0.0106639862060547 0.00271892547607422 0.1590576171875 -0.212448120117188
0.00836277008056641 0.0132856369018555 0.35791015625 -0.063232421875
-0.0059046745300293 0.00243234634399414 0.296875 0.28289794921875
-0.0105628967285156 -0.0202732086181641 -0.058319091796875 0.456634521484375
0.00760602951049805 0.00342655181884766 -0.28857421875 0.234527587890625
0.0204029083251953 0.0175457000732422 0.00647354125976563 0.0384178161621094
0.0166816711425781 -0.00271224975585938 0.363006591796875 -0.19598388671875
0.00323295593261719 -0.010899543762207 0.132537841796875 -0.497039794921875
-0.00466394424438476 -0.00285148620605469 -0.3148193359375 -0.3040771484375
0.00546455383300781 0.0081486701965332 -0.32867431640625 0.07562255859375
0.00818204879760742 0.00586938858032227 -0.139328002929688 0.219924926757813
0.00312519073486328 -0.00877904891967773 0.0625 0.173507690429687
0.0141868591308594 0.00319004058837891 0.133682250976562 0.0507965087890625
0.01025390625 0.00642585754394531 -0.128288269042969 -0.069976806640625
0.0086827278137207 -0.00718259811401367 -0.02825927734375 -0.1796875
0.0106420516967773 0.00372505187988281 0.161331176757813 -0.211349487304688
0.00860691070556641 0.013667106628418 0.3575439453125 -0.059783935546875
-0.00505542755126953 0.00171375274658203 0.293670654296875 0.287628173828125
-0.00947380065917968 -0.0202522277832031 -0.06243896484375 0.456756591796875
0.0066227912902832 0.00353240966796875 -0.287445068359375 0.232879638671875
0.0180492401123047 0.0178108215332031 0.00899887084960938 0.0380134582519531
0.0153312683105469 -0.00223636627197266 0.36187744140625 -0.198883056640625
0.00353527069091797 -0.0109386444091797 0.1298828125 -0.498809814453125
-0.00396203994750977 -0.00241947174072266 -0.315216064453125 -0.302947998046875
0.00661134719848633 0.00867986679077148 -0.3277587890625 0.07769775390625
0.00864934921264648 0.00658559799194336 -0.138641357421875 0.220108032226563
0.00275754928588867 -0.00781774520874024 0.06329345703125 0.173324584960938
0.0135936737060547 0.0037841796875 0.133766174316406 0.0508499145507813
0.00955772399902344 0.00805091857910156 -0.127204895019531 -0.0699310302734375
0.00873327255249023 -0.00613594055175781 -0.0267791748046875 -0.179611206054687
0.0104007720947266 0.00520706176757813 0.163360595703125 -0.210617065429687
0.00910568237304688 0.0141143798828125 0.3582763671875 -0.05615234375
-0.00442838668823242 0.00187969207763672 0.29034423828125 0.291290283203125
-0.00908470153808594 -0.0208530426025391 -0.065521240234375 0.45843505859375
0.00648260116577148 0.00316429138183594 -0.287994384765625 0.230926513671875
0.0177249908447266 0.0174617767333984 0.0127601623535156 0.0374221801757813
0.0148468017578125 -0.00251579284667969 0.3623046875 -0.2020263671875
0.00397491455078125 -0.0111455917358398 0.12548828125 -0.499481201171875
-0.00301957130432129 -0.00281143188476563 -0.31805419921875 -0.29864501953125
0.00625038146972656 0.00890159606933594 -0.32635498046875 0.08056640625
0.00783014297485352 0.00734376907348633 -0.13623046875 0.22027587890625
0.00217628479003906 -0.00693082809448242 0.0639801025390625 0.172073364257813
0.0130243301391602 0.00477695465087891 0.133598327636719 0.0501327514648438
0.00805854797363281 0.0101785659790039 -0.126754760742187 -0.0701065063476563
0.00906848907470703 -0.00467205047607422 -0.024993896484375 -0.180740356445313
0.0101909637451172 0.00600337982177734 0.166030883789063 -0.208343505859375
0.00888824462890625 0.0147590637207031 0.35821533203125 -0.051544189453125
-0.0042119026184082 0.00061655044555664 0.2861328125 0.295166015625
-0.00783920288085938 -0.02239990234375 -0.07183837890625 0.458465576171875
0.00780630111694336 0.0029759407043457 -0.286834716796875 0.229400634765625
0.0178146362304688 0.0172462463378906 0.0167999267578125 0.0368537902832031
0.0160236358642578 -0.00300216674804687 0.361663818359375 -0.206268310546875
0.004913330078125 -0.0118179321289062 0.1182861328125 -0.498748779296875
-0.00228524208068848 -0.00330018997192383 -0.322021484375 -0.29156494140625
0.00653648376464844 0.0095205307006836 -0.3250732421875 0.085693359375
0.00739049911499023 0.00815963745117188 -0.13409423828125 0.221588134765625
0.00233125686645508 -0.00622320175170899 0.0655517578125 0.1710205078125
0.0114974975585938 0.00724887847900391 0.134674072265625 0.0492324829101563
0.0109977722167969 0.00737094879150391 -0.127426147460937 -0.0755157470703125
0.0115327835083008 -0.00767326354980469 -0.0311431884765625 -0.184310913085938
0.00987052917480469 0.00113296508789063 0.160400390625 -0.2125244140625
0.00468349456787109 0.0121994018554688 0.35809326171875 -0.056915283203125
-0.00818681716918945 0.00153636932373047 0.289794921875 0.292724609375
-0.00722885131835938 -0.0228252410888672 -0.070709228515625 0.460113525390625
0.0171022415161133 0.000262260437011719 -0.294403076171875 0.23291015625
0.0326919555664063 0.0175056457519531 0.00691604614257813 0.0382041931152344
0.0254154205322266 -0.00498580932617188 0.358062744140625 -0.2005615234375
0.00461578369140625 -0.0127382278442383 0.120330810546875 -0.498809814453125
-0.00685453414916992 -0.00311374664306641 -0.32611083984375 -0.296142578125
0.00280904769897461 0.00716161727905273 -0.33123779296875 0.084625244140625
0.00873565673828125 0.00421047210693359 -0.139251708984375 0.2254638671875
0.00539970397949219 -0.0086212158203125 0.062530517578125 0.172836303710938
0.0138759613037109 0.00641059875488281 0.136306762695313 0.0494842529296875
0.0117826461791992 0.00506305694580078 -0.1278076171875 -0.074920654296875
0.0106439590454102 -0.00880241394042969 -0.0316314697265625 -0.183303833007813
0.0103998184204102 0.00072479248046875 0.157989501953125 -0.214019775390625
0.00619697570800781 0.0113058090209961 0.35699462890625 -0.06170654296875
-0.00833368301391602 0.00208711624145508 0.295135498046875 0.286956787109375
-0.00885200500488281 -0.0224437713623047 -0.063629150390625 0.46044921875
0.0155811309814453 0.0012359619140625 -0.29266357421875 0.23486328125
0.0307502746582031 0.0175514221191406 0.00469970703125 0.0383758544921875
0.023040771484375 -0.00391387939453125 0.358367919921875 -0.198486328125
0.00389671325683594 -0.0124092102050781 0.12493896484375 -0.4996337890625
-0.00711393356323242 -0.00271463394165039 -0.3223876953125 -0.30035400390625
0.00371026992797851 0.00726032257080078 -0.33197021484375 0.0814208984374999
0.00880336761474609 0.00362300872802734 -0.139862060546875 0.22393798828125
0.00523853302001953 -0.00936412811279297 0.061431884765625 0.174530029296875
0.0151138305664063 0.00404262542724609 0.1365966796875 0.0503311157226562
0.0122013092041016 0.00440216064453125 -0.129386901855469 -0.0734405517578125
0.0102519989013672 -0.00951480865478516 -0.032135009765625 -0.182388305664063
0.010589599609375 0.000603675842285156 0.156585693359375 -0.21453857421875
0.00633811950683594 0.0120849609375 0.35736083984375 -0.06475830078125
-0.00648641586303711 0.00224971771240234 0.2969970703125 0.283233642578125
-0.0101642608642578 -0.0215263366699219 -0.060638427734375 0.45947265625
0.011937141418457 0.00201511383056641 -0.291900634765625 0.235443115234375
0.026519775390625 0.0176811218261719 0.00327682495117188 0.0389671325683594
0.0208339691162109 -0.00335693359375 0.36065673828125 -0.19586181640625
0.00377845764160156 -0.0119552612304687 0.13006591796875 -0.499481201171875
-0.00664710998535156 -0.00288820266723633 -0.319488525390625 -0.30426025390625
0.00420093536376953 0.00724124908447266 -0.331634521484375 0.07757568359375
0.00900650024414063 0.00401973724365234 -0.140045166015625 0.222793579101562
0.00470161437988281 -0.00938701629638672 0.0619049072265625 0.1746826171875
0.0154552459716797 0.00311088562011719 0.135757446289063 0.051025390625
0.0111064910888672 0.00420665740966797 -0.130020141601563 -0.0718841552734375
0.00954151153564453 -0.00883388519287109 -0.0315704345703125 -0.182479858398438
0.0106487274169922 0.001617431640625 0.157379150390625 -0.215240478515625
0.00745868682861328 0.0122547149658203 0.357879638671875 -0.06561279296875
-0.00647783279418945 0.00233888626098633 0.29815673828125 0.28204345703125
-0.0105667114257813 -0.0199031829833984 -0.057281494140625 0.4588623046875
0.00996494293212891 0.00251674652099609 -0.290924072265625 0.23602294921875
0.0236186981201172 0.0176315307617188 0.00331497192382812 0.0386085510253906
0.0186271667480469 -0.00326919555664062 0.361053466796875 -0.196258544921875
0.00365161895751953 -0.0108509063720703 0.13385009765625 -0.498687744140625
-0.00567054748535156 -0.00293779373168945 -0.31671142578125 -0.304534912109375
0.00527763366699219 0.00763130187988281 -0.3319091796875 0.0770263671875
0.00909328460693359 0.00506877899169922 -0.139755249023437 0.222396850585938
0.00365638732910156 -0.00934600830078125 0.0627593994140625 0.174575805664062
0.0156145095825195 0.00258827209472656 0.135459899902344 0.0506744384765625
0.0111913681030273 0.00481414794921875 -0.129417419433594 -0.071624755859375
0.00874042510986328 -0.00810146331787109 -0.0319061279296875 -0.18157958984375
0.0107688903808594 0.00302600860595703 0.15802001953125 -0.2147216796875
0.00821876525878906 0.0128660202026367 0.359832763671875 -0.065155029296875
-0.00626802444458008 0.00268936157226562 0.297271728515625 0.28302001953125
-0.0102329254150391 -0.0205059051513672 -0.058685302734375 0.459564208984375
0.00782537460327148 0.00329828262329102 -0.2901611328125 0.236236572265625
0.0202350616455078 0.0175323486328125 0.00588226318359375 0.0386848449707031
0.0170049667358398 -0.00238037109375 0.363983154296875 -0.197540283203125
0.00327491760253906 -0.0107011795043945 0.13214111328125 -0.500946044921875
-0.00469398498535156 -0.0030207633972168 -0.317352294921875 -0.305328369140625
0.00599384307861328 0.00755691528320313 -0.33062744140625 0.0772705078125
0.008514404296875 0.00544118881225586 -0.138900756835938 0.2225341796875
0.00360584259033203 -0.00868034362792969 0.06365966796875 0.174331665039063
0.0146408081054687 0.00217056274414062 0.134925842285156 0.0512313842773438
0.0107526779174805 0.00646305084228516 -0.12945556640625 -0.0700454711914063
0.00836181640625 -0.00746059417724609 -0.0295562744140625 -0.181228637695313
0.0102691650390625 0.00384902954101563 0.16094970703125 -0.2138671875
0.0085601806640625 0.0135917663574219 0.359710693359375 -0.06256103515625
-0.00475835800170898 0.00168371200561523 0.29461669921875 0.287109375
-0.010101318359375 -0.0206432342529297 -0.06109619140625 0.460662841796875
0.00693702697753906 0.00310373306274414 -0.289642333984375 0.2342529296875
0.0179672241210938 0.0175495147705078 0.00941848754882813 0.0379447937011719
0.0153703689575195 -0.00221443176269531 0.36383056640625 -0.200042724609375
0.00353908538818359 -0.0107631683349609 0.12969970703125 -0.501861572265625
-0.00416159629821777 -0.00277400016784668 -0.31866455078125 -0.302947998046875
0.00621366500854492 0.00843477249145508 -0.32989501953125 0.079437255859375
0.0085601806640625 0.00677633285522461 -0.137908935546875 0.222213745117188
0.00252914428710937 -0.0083465576171875 0.064727783203125 0.173614501953125
0.0143156051635742 0.00309371948242188 0.135108947753906 0.0506744384765625
0.0100488662719727 0.00824069976806641 -0.128158569335937 -0.0705337524414063
0.008544921875 -0.00612354278564453 -0.0280914306640625 -0.180999755859375
0.0103759765625 0.00533866882324219 0.163299560546875 -0.212753295898438
0.00870513916015625 0.0142831802368164 0.36041259765625 -0.058135986328125
-0.00461196899414063 0.00133895874023438 0.29266357421875 0.29180908203125
-0.00831794738769531 -0.0210342407226563 -0.06610107421875 0.461181640625
0.00713396072387695 0.00310564041137695 -0.289276123046875 0.23297119140625
0.0173301696777344 0.0172147750854492 0.0128707885742188 0.0377235412597656
0.01507568359375 -0.00270557403564453 0.363983154296875 -0.204559326171875
0.00389289855957031 -0.0113487243652344 0.124420166015625 -0.5030517578125
-0.00308847427368164 -0.00278735160827637 -0.321197509765625 -0.298431396484375
0.00666379928588867 0.00842809677124023 -0.328338623046875 0.08251953125
0.00859928131103516 0.00764703750610352 -0.136428833007812 0.2225341796875
0.00238800048828125 -0.00687694549560547 0.0656585693359375 0.172775268554688
0.0133848190307617 0.00452899932861328 0.135169982910156 0.0504226684570313
0.00841903686523438 0.00997161865234375 -0.127922058105469 -0.0696945190429687
0.00899314880371094 -0.00447463989257813 -0.0258941650390625 -0.181777954101563
0.0100841522216797 0.00598239898681641 0.165725708007813 -0.2109375
0.00885963439941406 0.0142421722412109 0.360260009765625 -0.05255126953125
-0.00429582595825195 0.000860214233398438 0.288818359375 0.29718017578125
-0.007537841796875 -0.0217094421386719 -0.07177734375 0.4613037109375
0.00786590576171875 0.00308370590209961 -0.28961181640625 0.230621337890625
0.0182075500488281 0.0177192687988281 0.0171051025390625 0.03759765625
0.015904426574707 -0.00339698791503906 0.36260986328125 -0.20751953125
0.00507545471191406 -0.0119295120239258 0.1180419921875 -0.502899169921875
-0.00275349617004394 -0.00328707695007324 -0.325958251953125 -0.29241943359375
0.00656223297119141 0.00982379913330078 -0.32684326171875 0.0874328613281251
0.00756502151489258 0.0086064338684082 -0.133865356445313 0.22344970703125
0.00200939178466797 -0.00607919692993164 0.066986083984375 0.171340942382813
0.0116977691650391 0.006988525390625 0.135917663574219 0.0495452880859375
0.0108423233032227 0.00755786895751953 -0.128898620605469 -0.0761566162109375
0.0112218856811523 -0.00785732269287109 -0.03216552734375 -0.1851806640625
0.0104351043701172 0.00123500823974609 0.159942626953125 -0.215850830078125
0.00451374053955078 0.0126380920410156 0.359954833984375 -0.059783935546875
-0.00888252258300781 0.00147724151611328 0.29290771484375 0.292694091796875
-0.00689125061035157 -0.0232334136962891 -0.070281982421875 0.46435546875
0.0171117782592773 0.00133609771728516 -0.295440673828125 0.235595703125
0.0331497192382813 0.0174961090087891 0.007293701171875 0.0388679504394531
0.0247592926025391 -0.00502777099609375 0.35931396484375 -0.201934814453125
0.0047903060913086 -0.0132541656494141 0.119659423828125 -0.50164794921875
-0.00717401504516602 -0.00354909896850586 -0.328521728515625 -0.296905517578125
0.00242328643798828 0.00775861740112305 -0.33404541015625 0.087188720703125
0.0086984634399414 0.00414180755615234 -0.137802124023437 0.228591918945313
0.00522756576538086 -0.00819873809814453 0.064056396484375 0.174591064453125
0.0144014358520508 0.00687217712402344 0.137794494628906 0.0490264892578125
0.0118417739868164 0.00526523590087891 -0.129608154296875 -0.0755538940429688
0.0103940963745117 -0.00885486602783203 -0.0336151123046875 -0.185211181640625
0.0107421875 0.000970840454101563 0.157440185546875 -0.216659545898438
0.00588035583496094 0.0119876861572266 0.35955810546875 -0.06439208984375
-0.00867033004760742 0.00234842300415039 0.29742431640625 0.28717041015625
-0.00937461853027344 -0.0219078063964844 -0.063385009765625 0.46270751953125
0.015141487121582 0.000703811645507812 -0.295257568359375 0.23748779296875
0.0311927795410156 0.0176334381103516 0.00461959838867188 0.0388374328613281
0.0230598449707031 -0.00400352478027344 0.3603515625 -0.200408935546875
0.00440502166748047 -0.0119514465332031 0.12359619140625 -0.50323486328125
-0.00774526596069336 -0.00278568267822266 -0.324432373046875 -0.3013916015625
0.00376319885253906 0.00717496871948242 -0.334442138671875 0.083740234375
0.00967788696289063 0.00393104553222656 -0.138519287109375 0.2265625
0.00490665435791016 -0.00839805603027344 0.063232421875 0.175186157226563
0.0157022476196289 0.00394725799560547 0.137809753417969 0.05047607421875
0.0118541717529297 0.00416183471679688 -0.131217956542969 -0.072967529296875
0.0103845596313477 -0.00922393798828125 -0.0343017578125 -0.184371948242188
0.0105457305908203 0.00148773193359375 0.156585693359375 -0.2174072265625
0.00595760345458984 0.0120248794555664 0.358978271484375 -0.067352294921875
-0.00722360610961914 0.00191545486450195 0.2999267578125 0.28363037109375
-0.010345458984375 -0.0210628509521484 -0.059173583984375 0.461578369140625
0.0124397277832031 0.00198745727539063 -0.293365478515625 0.238677978515625
0.0274486541748047 0.0181636810302734 0.00363540649414063 0.0400772094726562
0.0207614898681641 -0.00297737121582031 0.361602783203125 -0.198333740234375
0.00341606140136719 -0.0117025375366211 0.12994384765625 -0.503173828125
-0.00634145736694336 -0.00271129608154297 -0.32275390625 -0.30438232421875
0.00366830825805664 0.00721836090087891 -0.33416748046875 0.0801696777343749
0.00905990600585938 0.00433063507080078 -0.139907836914062 0.224945068359375
0.00463294982910156 -0.00897789001464844 0.064239501953125 0.17547607421875
0.0154972076416016 0.00242042541503906 0.137542724609375 0.0505828857421875
0.0118513107299805 0.00401878356933594 -0.131240844726563 -0.0714569091796875
0.00986480712890625 -0.00863742828369141 -0.0334625244140625 -0.182937622070313
0.0106067657470703 0.00195503234863281 0.156524658203125 -0.218231201171875
0.00731658935546875 0.013087272644043 0.3603515625 -0.06781005859375
-0.00641393661499023 0.00237369537353515 0.30194091796875 0.282562255859375
-0.0102214813232422 -0.0206012725830078 -0.05767822265625 0.4603271484375
0.00989246368408203 0.00260257720947266 -0.292572021484375 0.23822021484375
0.0232524871826172 0.0178070068359375 0.00351333618164062 0.0391387939453125
0.0189762115478516 -0.00237274169921875 0.3636474609375 -0.198150634765625
0.00344753265380859 -0.0110130310058594 0.13226318359375 -0.502655029296875
-0.00623607635498047 -0.0030364990234375 -0.319793701171875 -0.306976318359375
0.00491952896118164 0.00783205032348633 -0.3338623046875 0.0793762207031249
0.00863742828369141 0.00522279739379883 -0.139877319335938 0.224853515625
0.00380325317382812 -0.00946426391601563 0.0647430419921875 0.175018310546875
0.0153236389160156 0.00162124633789063 0.136848449707031 0.0508270263671875
0.0120315551757813 0.00526618957519531 -0.130897521972656 -0.0706787109375
0.00865077972412109 -0.00881004333496094 -0.0329742431640625 -0.183029174804688
0.0103578567504883 0.003173828125 0.157943725585938 -0.21746826171875
0.00878238677978516 0.0136194229125977 0.3609619140625 -0.0673828125
-0.00623846054077148 0.00210189819335938 0.3009033203125 0.284149169921875
-0.0101604461669922 -0.0203514099121094 -0.057952880859375 0.462554931640625
0.00813579559326172 0.00308942794799805 -0.291412353515625 0.237762451171875
0.0204811096191406 0.01788330078125 0.005828857421875 0.0391044616699219
0.0171337127685547 -0.00216102600097656 0.365936279296875 -0.199798583984375
0.00309562683105469 -0.0110502243041992 0.1324462890625 -0.50494384765625
-0.00506496429443359 -0.00294113159179688 -0.320770263671875 -0.306121826171875
0.00602102279663086 0.00778579711914063 -0.3326416015625 0.079681396484375
0.00820064544677734 0.00546503067016602 -0.139328002929687 0.22467041015625
0.00302791595458984 -0.00881290435791015 0.0665283203125 0.175186157226563
0.0147409439086914 0.00200557708740234 0.136024475097656 0.0503082275390625
0.0118818283081055 0.00625324249267578 -0.130935668945313 -0.0703353881835937
0.00900077819824219 -0.00770950317382813 -0.031158447265625 -0.18280029296875
0.0103158950805664 0.00418758392333984 0.16107177734375 -0.216400146484375
0.00868892669677734 0.0134000778198242 0.361572265625 -0.064666748046875
-0.00551176071166992 0.00150442123413086 0.299072265625 0.28662109375
-0.00967025756835937 -0.0204238891601563 -0.061065673828125 0.463531494140625
0.00656414031982422 0.00382232666015625 -0.2899169921875 0.236602783203125
0.0187110900878906 0.0174331665039063 0.00902938842773438 0.0385665893554688
0.0152320861816406 -0.00253963470458984 0.365875244140625 -0.201202392578125
0.00401115417480469 -0.0107746124267578 0.129058837890625 -0.506072998046875
-0.0038907527923584 -0.00286650657653809 -0.322418212890625 -0.304107666015625
0.00659465789794922 0.00777721405029297 -0.331634521484375 0.08172607421875
0.00833272933959961 0.00665950775146484 -0.137863159179687 0.224380493164063
0.0023651123046875 -0.00829744338989258 0.066497802734375 0.1741943359375
0.0143890380859375 0.00304031372070313 0.136268615722656 0.0505905151367188
0.0105218887329102 0.00809288024902344 -0.129676818847656 -0.0693130493164062
0.00796031951904297 -0.00604820251464844 -0.0300140380859375 -0.182693481445313
0.0105772018432617 0.00447654724121094 0.16339111328125 -0.215179443359375
0.00853538513183594 0.0137252807617188 0.3624267578125 -0.06072998046875
-0.00493335723876953 0.00123071670532227 0.295074462890625 0.2919921875
-0.00906753540039063 -0.0204486846923828 -0.065399169921875 0.464935302734375
0.00717544555664063 0.0034174919128418 -0.29010009765625 0.23443603515625
0.0167322158813477 0.0171308517456055 0.0126953125 0.03753662109375
0.0147542953491211 -0.00261878967285156 0.365020751953125 -0.205535888671875
0.00470447540283203 -0.0109071731567383 0.124847412109375 -0.506500244140625
-0.00367259979248047 -0.00298953056335449 -0.3248291015625 -0.300201416015625
0.0064854621887207 0.00851917266845703 -0.330474853515625 0.08447265625
0.00827932357788086 0.00788307189941406 -0.135635375976562 0.224700927734375
0.00194358825683594 -0.00691413879394531 0.067779541015625 0.172958374023438
0.0136728286743164 0.00436305999755859 0.13677978515625 0.04974365234375
0.00938510894775391 0.00994682312011719 -0.129341125488281 -0.070343017578125
0.00905609130859375 -0.00475406646728516 -0.027801513671875 -0.183761596679688
0.0100727081298828 0.00618171691894531 0.164749145507813 -0.21417236328125
0.00886249542236328 0.0145950317382812 0.362548828125 -0.055755615234375
-0.00476503372192383 0.000758647918701173 0.2911376953125 0.297576904296875
-0.00741767883300781 -0.0214405059814453 -0.07049560546875 0.4639892578125
0.00783967971801758 0.0032505989074707 -0.29119873046875 0.232208251953125
0.0179100036621094 0.0177726745605469 0.0170478820800781 0.03778076171875
0.0157375335693359 -0.00302410125732422 0.36517333984375 -0.210479736328125
0.004669189453125 -0.0119028091430664 0.11651611328125 -0.507476806640625
-0.00276875495910645 -0.00342750549316406 -0.328704833984375 -0.293731689453125
0.00656223297119141 0.00896167755126953 -0.328704833984375 0.09033203125
0.00804042816162109 0.00801706314086914 -0.133316040039062 0.225448608398437
0.00156927108764648 -0.00556087493896484 0.068603515625 0.172256469726563
0.011836051940918 0.00671482086181641 0.137741088867187 0.0490036010742187
0.0119972229003906 0.00740337371826172 -0.130653381347656 -0.0761184692382812
0.0112180709838867 -0.00760078430175781 -0.0344390869140625 -0.187057495117187
0.0100765228271484 0.00116348266601562 0.158966064453125 -0.218475341796875
0.00499725341796875 0.0126962661743164 0.362518310546875 -0.06317138671875
-0.00852775573730469 0.00100326538085938 0.295562744140625 0.29302978515625
-0.00789070129394531 -0.0230159759521484 -0.06805419921875 0.467864990234375
0.0171899795532227 0.000688552856445313 -0.296844482421875 0.238525390625
0.0333690643310547 0.0181922912597656 0.00686264038085938 0.0389442443847656
0.0255451202392578 -0.005096435546875 0.361328125 -0.20538330078125
0.00446701049804688 -0.0128536224365234 0.117218017578125 -0.50653076171875
-0.00778722763061523 -0.00303220748901367 -0.332366943359375 -0.2967529296875
0.00311756134033203 0.00771427154541016 -0.336029052734375 0.0908813476562501
0.0088796615600586 0.00374889373779297 -0.137374877929687 0.22998046875
0.00536060333251953 -0.00811338424682617 0.066162109375 0.1749267578125
0.014897346496582 0.00616645812988281 0.139549255371094 0.0493698120117188
0.0126705169677734 0.0052490234375 -0.131500244140625 -0.0745925903320313
0.0101423263549805 -0.00843334197998047 -0.035980224609375 -0.186264038085938
0.00973129272460938 0.000672340393066406 0.15673828125 -0.220184326171875
0.00506973266601563 0.0118331909179688 0.362213134765625 -0.06689453125
-0.00805139541625977 0.00171184539794922 0.299224853515625 0.2872314453125
-0.00861358642578125 -0.0216789245605469 -0.06207275390625 0.46636962890625
0.0150785446166992 0.00061798095703125 -0.295440673828125 0.240692138671875
0.0307025909423828 0.0176143646240234 0.0040740966796875 0.039306640625
0.0237102508544922 -0.00407791137695313 0.362274169921875 -0.2030029296875
0.00372314453125 -0.0121231079101563 0.12255859375 -0.507354736328125
-0.00681781768798828 -0.00317478179931641 -0.3304443359375 -0.3018798828125
0.00351905822753906 0.00710725784301758 -0.336181640625 0.086517333984375
0.00855398178100586 0.00385618209838867 -0.138031005859375 0.228683471679688
0.00493955612182617 -0.00861167907714844 0.0655670166015625 0.175140380859375
0.0157194137573242 0.00398540496826172 0.139091491699219 0.0499954223632813
0.0133085250854492 0.00475025177001953 -0.132919311523438 -0.0730133056640625
0.00951004028320313 -0.00880050659179688 -0.036712646484375 -0.186019897460938
0.0108346939086914 0.00125980377197266 0.155029296875 -0.220504760742188
0.00630950927734375 0.0134763717651367 0.361297607421875 -0.071075439453125
-0.00793981552124023 0.00213336944580078 0.303253173828125 0.283538818359375
-0.00950813293457032 -0.0205917358398437 -0.05841064453125 0.464996337890625
0.0127143859863281 0.00236320495605469 -0.293792724609375 0.242706298828125
0.0274734497070313 0.0172977447509766 0.00318145751953126 0.0394859313964844
0.0211734771728516 -0.0036468505859375 0.362945556640625 -0.2012939453125
0.00338649749755859 -0.0116891860961914 0.127777099609375 -0.507843017578125
-0.00667285919189453 -0.00314235687255859 -0.327239990234375 -0.305023193359375
0.00416469573974609 0.00678873062133789 -0.3358154296875 0.0829772949218749
0.00885677337646484 0.00432586669921875 -0.138839721679688 0.227752685546875
0.00455570220947266 -0.00869464874267578 0.06610107421875 0.176177978515625
0.0165033340454102 0.00263690948486328 0.139091491699219 0.0508270263671875
0.012934684753418 0.00416088104248047 -0.133293151855469 -0.0714797973632812
0.00972080230712891 -0.00891494750976563 -0.0359344482421875 -0.18475341796875
0.0105400085449219 0.00186920166015625 0.1558837890625 -0.221099853515625
0.00779628753662109 0.012446403503418 0.36138916015625 -0.071380615234375
-0.00675725936889648 0.0026707649230957 0.304351806640625 0.282196044921875
-0.0100288391113281 -0.0204219818115234 -0.056671142578125 0.464141845703125
0.0104026794433594 0.00281906127929688 -0.293365478515625 0.240386962890625
0.0238094329833984 0.0178241729736328 0.00372314453125 0.0392303466796875
0.0185165405273438 -0.00278472900390625 0.36529541015625 -0.20135498046875
0.00352191925048828 -0.0105838775634766 0.130950927734375 -0.506866455078125
-0.00631380081176758 -0.00312709808349609 -0.3251953125 -0.307373046875
0.00494098663330078 0.00726604461669922 -0.3350830078125 0.081756591796875
0.00887489318847656 0.00518035888671875 -0.138534545898437 0.226943969726563
0.00331974029541016 -0.00928306579589844 0.0663909912109375 0.176177978515625
0.0161285400390625 0.00201129913330078 0.138839721679688 0.051025390625
0.0117282867431641 0.00458526611328125 -0.132926940917969 -0.070556640625
0.00924587249755859 -0.0087432861328125 -0.0348358154296875 -0.184402465820313
0.0106925964355469 0.00272178649902344 0.1575927734375 -0.220687866210938
0.00861740112304688 0.0128059387207031 0.362213134765625 -0.07061767578125
-0.00672626495361328 0.00224447250366211 0.30426025390625 0.28387451171875
-0.00973129272460937 -0.0205612182617188 -0.05657958984375 0.465972900390625
0.00797128677368164 0.00315761566162109 -0.29290771484375 0.239990234375
0.0205593109130859 0.0175247192382813 0.00582504272460938 0.0390281677246094
0.0169210433959961 -0.00237274169921875 0.36614990234375 -0.202362060546875
0.00321292877197266 -0.0103292465209961 0.1307373046875 -0.5081787109375
-0.00554609298706055 -0.00315332412719727 -0.324981689453125 -0.306854248046875
0.00630569458007813 0.00758123397827149 -0.33502197265625 0.0823974609375001
0.00854349136352539 0.00550651550292969 -0.137802124023438 0.226959228515625
0.00251531600952148 -0.00845050811767578 0.0678253173828125 0.1754150390625
0.0159692764282227 0.00126266479492188 0.137275695800781 0.0506820678710938
0.0115346908569336 0.00598335266113281 -0.13262939453125 -0.0702056884765625
0.00838947296142578 -0.00743579864501953 -0.033172607421875 -0.184036254882812
0.0104484558105469 0.00442600250244141 0.159210205078125 -0.22021484375
0.00913238525390625 0.0139675140380859 0.36297607421875 -0.06842041015625
-0.00525856018066406 0.00116777420043945 0.301727294921875 0.2877197265625
-0.00973701477050781 -0.0201511383056641 -0.059326171875 0.46697998046875
0.00745201110839844 0.00405406951904297 -0.29229736328125 0.24017333984375
0.0184669494628906 0.0174789428710938 0.00887680053710938 0.0385093688964844
0.0154790878295898 -0.00265789031982422 0.366943359375 -0.20458984375
0.00386714935302734 -0.0106887817382812 0.126953125 -0.5106201171875
-0.00459480285644531 -0.00310325622558594 -0.325531005859375 -0.3046875
0.00664997100830078 0.00801229476928711 -0.333343505859375 0.08489990234375
0.00859498977661133 0.00695133209228516 -0.136749267578125 0.22723388671875
0.00188970565795898 -0.00765085220336914 0.0689697265625 0.174819946289063
0.0148963928222656 0.00284099578857422 0.137985229492188 0.0498123168945312
0.0110206604003906 0.00804901123046875 -0.1319580078125 -0.0696640014648438
0.00829458236694336 -0.00601530075073242 -0.0311431884765625 -0.183944702148438
0.01043701171875 0.00516891479492188 0.162551879882813 -0.219253540039063
0.00878334045410156 0.0139675140380859 0.363739013671875 -0.063812255859375
-0.00547933578491211 0.00110387802124023 0.298919677734375 0.292083740234375
-0.00872993469238281 -0.0206851959228516 -0.063323974609375 0.468170166015625
0.00703239440917969 0.00379085540771484 -0.29119873046875 0.238433837890625
0.0174036026000977 0.0172395706176758 0.0129280090332031 0.0382881164550781
0.0149831771850586 -0.00262165069580078 0.3665771484375 -0.20947265625
0.00421428680419922 -0.0112428665161133 0.12213134765625 -0.511016845703125
-0.00349903106689453 -0.00280618667602539 -0.32818603515625 -0.29974365234375
0.00657176971435547 0.00883197784423828 -0.3323974609375 0.0879211425781249
0.00830554962158203 0.007843017578125 -0.135025024414063 0.227310180664063
0.00168561935424805 -0.00650453567504883 0.069427490234375 0.173629760742188
0.0138406753540039 0.00443458557128906 0.137924194335938 0.049285888671875
0.00982761383056641 0.00975131988525391 -0.131019592285156 -0.07025146484375
0.00868654251098633 -0.00499820709228516 -0.0295867919921875 -0.1846923828125
0.0101032257080078 0.00637626647949219 0.164443969726563 -0.216995239257813
0.00858592987060547 0.0142650604248047 0.364654541015625 -0.059417724609375
-0.00473594665527344 0.000630855560302734 0.293853759765625 0.29754638671875
-0.00711631774902344 -0.0212841033935547 -0.06890869140625 0.46759033203125
0.00798320770263672 0.00315093994140625 -0.29193115234375 0.235321044921875
0.018341064453125 0.0174732208251953 0.01739501953125 0.0375556945800781
0.0160102844238281 -0.00327014923095703 0.36590576171875 -0.213287353515625
0.00492668151855469 -0.0121011734008789 0.115142822265625 -0.51177978515625
-0.00284385681152344 -0.0031440258026123 -0.33203125 -0.293304443359375
0.00692176818847656 0.00903797149658203 -0.330963134765625 0.092254638671875
0.00787878036499023 0.00834178924560547 -0.1322021484375 0.228225708007812
0.00152873992919922 -0.00576496124267578 0.0714874267578125 0.172775268554688
0.0126132965087891 0.00647449493408203 0.138885498046875 0.0489349365234375
0.0127096176147461 0.00703525543212891 -0.133163452148438 -0.0757904052734375
0.011744499206543 -0.00774288177490234 -0.036468505859375 -0.188125610351563
0.0102376937866211 0.000825881958007813 0.158218383789063 -0.222213745117188
0.00433444976806641 0.0131711959838867 0.36407470703125 -0.06683349609375
-0.00868129730224609 0.0013275146484375 0.299713134765625 0.291107177734375
-0.00832748413085937 -0.0225868225097656 -0.0661926269531249 0.470855712890625
0.0177898406982422 0.000902175903320312 -0.29766845703125 0.240753173828125
0.0340747833251953 0.0179386138916016 0.00725555419921875 0.0396652221679687
0.0256328582763672 -0.00448799133300781 0.362396240234375 -0.208587646484375
0.00445652008056641 -0.0130624771118164 0.114837646484375 -0.511749267578125
-0.00801324844360352 -0.00308418273925781 -0.33673095703125 -0.296478271484375
0.00291156768798828 0.00709247589111328 -0.3369140625 0.0939941406249999
0.00862026214599609 0.00410985946655273 -0.135665893554688 0.23358154296875
0.00553369522094727 -0.00791215896606445 0.068939208984375 0.175567626953125
0.015202522277832 0.00595188140869141 0.1419677734375 0.0485076904296875
0.013880729675293 0.00488185882568359 -0.133506774902344 -0.0743484497070313
0.0105619430541992 -0.00864887237548828 -0.038055419921875 -0.18792724609375
0.0111789703369141 0.000617027282714844 0.155975341796875 -0.2236328125
0.00520420074462891 0.0121078491210938 0.363006591796875 -0.071044921875
-0.00801944732666015 0.00205516815185547 0.304351806640625 0.286712646484375
-0.00912857055664062 -0.0214595794677734 -0.058074951171875 0.470672607421875
0.0158214569091797 0.00129127502441406 -0.2962646484375 0.244415283203125
0.0312213897705078 0.0176620483398438 0.00389862060546876 0.039764404296875
0.0231990814208984 -0.00378799438476563 0.363677978515625 -0.20660400390625
0.00390720367431641 -0.0124998092651367 0.1187744140625 -0.51263427734375
-0.00794363021850586 -0.00300359725952149 -0.33551025390625 -0.30084228515625
0.00359725952148438 0.00694704055786133 -0.33770751953125 0.090667724609375
0.00909614562988281 0.00365447998046875 -0.136825561523437 0.23211669921875
0.00450897216796875 -0.0088958740234375 0.068115234375 0.175949096679687
0.0162734985351563 0.00337409973144531 0.140960693359375 0.0496063232421875
0.0133094787597656 0.00407505035400391 -0.135391235351563 -0.0722274780273437
0.00969696044921875 -0.00954246520996094 -0.0381622314453125 -0.186676025390625
0.00975608825683594 0.00131511688232422 0.154296875 -0.224700927734375
0.00687217712402344 0.0125856399536133 0.3631591796875 -0.074462890625
-0.00754022598266602 0.00193166732788086 0.306427001953125 0.282867431640625
-0.0100383758544922 -0.0204277038574219 -0.055877685546875 0.469879150390625
0.0126447677612305 0.00194072723388672 -0.29510498046875 0.24566650390625
0.0277538299560547 0.0174350738525391 0.00342559814453125 0.0397605895996094
0.0214080810546875 -0.00323104858398437 0.365203857421875 -0.204193115234375
0.00366020202636719 -0.011317253112793 0.124420166015625 -0.51177978515625
-0.00729703903198242 -0.00315189361572266 -0.33123779296875 -0.30419921875
0.00399160385131836 0.00678873062133789 -0.337310791015625 0.086944580078125
0.00885677337646484 0.00467300415039062 -0.1378173828125 0.231002807617188
0.00418424606323242 -0.00866317749023438 0.0687103271484375 0.176361083984375
0.0168027877807617 0.00184154510498047 0.140289306640625 0.0494766235351563
0.0133752822875977 0.00326919555664062 -0.135467529296875 -0.0713729858398437
0.00899410247802734 -0.00924015045166016 -0.0382843017578125 -0.185989379882813
0.0110454559326172 0.00209426879882813 0.154632568359375 -0.22479248046875
0.00736236572265625 0.0125608444213867 0.363006591796875 -0.075286865234375
-0.00713109970092773 0.00215244293212891 0.307281494140625 0.28228759765625
-0.0104465484619141 -0.0200424194335938 -0.053558349609375 0.468048095703125
0.0106115341186523 0.00313949584960938 -0.293304443359375 0.245147705078125
0.0238170623779297 0.0173797607421875 0.00336837768554687 0.0395240783691406
0.0187759399414063 -0.00266456604003906 0.366607666015625 -0.205108642578125
0.00294685363769531 -0.0106229782104492 0.127532958984375 -0.512786865234375
-0.00645780563354492 -0.00274038314819336 -0.330963134765625 -0.3057861328125
0.00459527969360352 0.0074610710144043 -0.3375244140625 0.0858154296875
0.00951576232910156 0.00469017028808594 -0.137496948242188 0.229766845703125
0.00322914123535156 -0.00874090194702148 0.069091796875 0.177169799804687
0.0163660049438477 0.00120639801025391 0.140220642089844 0.0498199462890625
0.0129671096801758 0.00451183319091797 -0.135124206542969 -0.070587158203125
0.00905323028564453 -0.00857925415039063 -0.0373992919921875 -0.185317993164063
0.0106115341186523 0.00310516357421875 0.156173706054688 -0.224212646484375
0.00797748565673828 0.0128574371337891 0.36468505859375 -0.075103759765625
-0.00614118576049805 0.00200080871582031 0.3079833984375 0.28375244140625
-0.0105972290039062 -0.0195121765136719 -0.05322265625 0.46905517578125
0.00802087783813477 0.00352334976196289 -0.293182373046875 0.245758056640625
0.020751953125 0.0171604156494141 0.00582122802734375 0.039642333984375
0.0170202255249023 -0.00229167938232422 0.3681640625 -0.205902099609375
0.00342369079589844 -0.0105810165405273 0.128631591796875 -0.513275146484375
-0.00578165054321289 -0.00319385528564453 -0.329742431640625 -0.3057861328125
0.00536823272705078 0.00718927383422852 -0.336395263671875 0.086456298828125
0.00895214080810547 0.00590229034423828 -0.136627197265625 0.230224609375
0.00263452529907227 -0.00846672058105469 0.0704345703125 0.1756591796875
0.0164108276367188 0.00149822235107422 0.139671325683594 0.0497207641601563
0.0121402740478516 0.00604629516601563 -0.134757995605469 -0.0693206787109375
0.00832509994506836 -0.00754451751708984 -0.0348968505859375 -0.185394287109375
0.0108232498168945 0.00415802001953125 0.158721923828125 -0.222915649414063
0.00924301147460938 0.0138998031616211 0.36456298828125 -0.072967529296875
-0.00564241409301758 0.00121355056762695 0.3045654296875 0.286407470703125
-0.00988197326660156 -0.0197887420654297 -0.057373046875 0.4705810546875
0.00734138488769531 0.00378322601318359 -0.29241943359375 0.24310302734375
0.0186176300048828 0.0174121856689453 0.00894546508789063 0.0387687683105469
0.0154685974121094 -0.00229263305664063 0.36785888671875 -0.20916748046875
0.00356864929199219 -0.0104160308837891 0.12451171875 -0.51507568359375
-0.0045466423034668 -0.0032343864440918 -0.330963134765625 -0.303619384765625
0.00621604919433594 0.00771522521972656 -0.33551025390625 0.088134765625
0.00858211517333984 0.00701475143432617 -0.135498046875 0.229629516601562
0.00194215774536133 -0.00764942169189453 0.07196044921875 0.175384521484375
0.0156755447387695 0.00267124176025391 0.139419555664063 0.0495986938476563
0.0115976333618164 0.00789546966552734 -0.133857727050781 -0.0694427490234375
0.00810050964355469 -0.00613260269165039 -0.0338134765625 -0.185165405273438
0.0105113983154297 0.00565528869628906 0.161331176757813 -0.222625732421875
0.00910282135009766 0.0138607025146484 0.36553955078125 -0.06768798828125
-0.00558900833129883 0.000542640686035155 0.301605224609375 0.29168701171875
-0.00896644592285156 -0.0202865600585938 -0.061187744140625 0.471343994140625
0.00750541687011719 0.00384426116943359 -0.292877197265625 0.241668701171875
0.0172348022460938 0.0168218612670898 0.0130996704101563 0.0381584167480469
0.0153799057006836 -0.00254154205322266 0.368316650390625 -0.213165283203125
0.00400733947753906 -0.0110502243041992 0.119476318359375 -0.51617431640625
-0.00401735305786133 -0.00304102897644043 -0.333404541015625 -0.299713134765625
0.00688552856445313 0.00836038589477539 -0.334075927734375 0.092071533203125
0.00855159759521485 0.00800228118896484 -0.133346557617187 0.230377197265625
0.00145864486694336 -0.00636625289916992 0.0720977783203125 0.173797607421875
0.0138940811157227 0.00409221649169922 0.139884948730469 0.0484848022460938
0.0105142593383789 0.00972747802734375 -0.133476257324219 -0.0694732666015625
0.00832223892211914 -0.00469064712524414 -0.0320892333984375 -0.185653686523438
0.0104846954345703 0.0061492919921875 0.1632080078125 -0.221023559570313
0.00916290283203125 0.0143547058105469 0.36614990234375 -0.062896728515625
-0.00490617752075195 0.000541687011718751 0.297607421875 0.29693603515625
-0.00771713256835938 -0.0211029052734375 -0.06683349609375 0.472320556640625
0.00836038589477539 0.0033879280090332 -0.292999267578125 0.239166259765625
0.0182018280029297 0.0171527862548828 0.0172843933105469 0.0374565124511719
0.0161733627319336 -0.00351524353027344 0.3665771484375 -0.21636962890625
0.00469207763671875 -0.0124502182006836 0.11285400390625 -0.51605224609375
-0.00352263450622559 -0.0034942626953125 -0.337127685546875 -0.293670654296875
0.00657415390014648 0.00849294662475586 -0.332763671875 0.09619140625
0.00843620300292969 0.00858640670776367 -0.131393432617188 0.231216430664063
0.00135183334350586 -0.00541353225708008 0.07354736328125 0.173141479492188
0.0128803253173828 0.00602531433105469 0.140548706054688 0.04840087890625
0.0128240585327148 0.00651454925537109 -0.135467529296875 -0.0747909545898438
0.0114898681640625 -0.00844764709472656 -0.0397491455078125 -0.189544677734375
0.00965213775634766 0.00122833251953125 0.1563720703125 -0.226654052734375
0.00436496734619141 0.0129899978637695 0.365020751953125 -0.07171630859375
-0.00908184051513672 0.00130558013916016 0.30389404296875 0.290130615234375
-0.00785636901855469 -0.0221595764160156 -0.062713623046875 0.475189208984375
0.0183429718017578 0.00101089477539063 -0.296844482421875 0.24591064453125
0.0344524383544922 0.0179252624511719 0.00712966918945313 0.0400047302246094
0.0260181427001953 -0.00497245788574219 0.363037109375 -0.2122802734375
0.00469970703125 -0.0129823684692383 0.110321044921875 -0.515625
-0.00862264633178711 -0.00333547592163086 -0.3438720703125 -0.29541015625
0.00290536880493164 0.00772762298583984 -0.338134765625 0.0989379882812499
0.00926876068115234 0.00385856628417969 -0.134689331054688 0.23663330078125
0.00427770614624023 -0.00775575637817383 0.0709381103515625 0.174972534179688
0.0162057876586914 0.00513172149658203 0.143386840820312 0.04693603515625
0.0139589309692383 0.00532817840576172 -0.135543823242188 -0.0739974975585937
0.00987529754638672 -0.00853443145751953 -0.04071044921875 -0.189285278320312
0.0107545852661133 0.000661849975585938 0.153182983398437 -0.227386474609375
0.00622177124023438 0.0126180648803711 0.3643798828125 -0.0751953125
-0.00870323181152344 0.00196647644042969 0.309478759765625 0.2855224609375
-0.00921249389648437 -0.0216064453125 -0.056427001953125 0.4735107421875
0.0161190032958984 0.00127792358398438 -0.296173095703125 0.247772216796875
0.0315780639648438 0.0173301696777344 0.00425338745117188 0.0395774841308594
0.0242557525634766 -0.00386810302734375 0.363677978515625 -0.211456298828125
0.00413227081298828 -0.0124931335449219 0.115753173828125 -0.516937255859375
-0.00825881958007813 -0.00249290466308594 -0.340576171875 -0.301177978515625
0.00327682495117187 0.00700759887695312 -0.339202880859375 0.0947265625000001
0.0093994140625 0.004150390625 -0.135650634765625 0.235992431640625
0.004486083984375 -0.00878620147705078 0.0703887939453125 0.176132202148438
0.0163793563842773 0.00304222106933594 0.143539428710938 0.048126220703125
0.0135087966918945 0.00385570526123047 -0.137016296386719 -0.07196044921875
0.0102624893188477 -0.00933742523193359 -0.0411376953125 -0.18890380859375
0.0105066299438477 0.00145530700683594 0.152542114257813 -0.227157592773438
0.00666713714599609 0.0129432678222656 0.364898681640625 -0.079010009765625
-0.00821018218994141 0.00176572799682617 0.31085205078125 0.281036376953125
-0.0093841552734375 -0.020599365234375 -0.05303955078125 0.472320556640625
0.0129814147949219 0.00180435180664062 -0.294586181640625 0.24951171875
0.0283012390136719 0.0174045562744141 0.003173828125 0.0398979187011719
0.0214061737060547 -0.00353622436523437 0.3653564453125 -0.20782470703125
0.00397014617919922 -0.0116510391235352 0.121246337890625 -0.51739501953125
-0.00768423080444336 -0.00290060043334961 -0.33624267578125 -0.303955078125
0.00393056869506836 0.00747203826904297 -0.338897705078125 0.0909118652343749
0.00975227355957031 0.00426673889160156 -0.13531494140625 0.234405517578125
0.00385379791259766 -0.00908279418945313 0.0716552734375 0.176849365234375
0.0168066024780273 0.00113296508789063 0.142044067382813 0.0489044189453125
0.0140113830566406 0.0032806396484375 -0.137123107910156 -0.0706939697265625
0.00900363922119141 -0.00901412963867188 -0.0408172607421875 -0.187576293945313
0.0102853775024414 0.00138568878173828 0.1529541015625 -0.228530883789062
0.00780391693115234 0.0123662948608398 0.3651123046875 -0.07940673828125
-0.00777244567871094 0.00198554992675781 0.312835693359375 0.280364990234375
-0.0109157562255859 -0.0197639465332031 -0.049285888671875 0.47296142578125
0.0107231140136719 0.00297737121582031 -0.294219970703125 0.2496337890625
0.0238170623779297 0.0175418853759766 0.0037689208984375 0.040130615234375
0.0182952880859375 -0.00341606140136719 0.366455078125 -0.208709716796875
0.00281620025634765 -0.0112056732177734 0.125091552734375 -0.515899658203125
-0.00689935684204102 -0.00280094146728516 -0.33538818359375 -0.30548095703125
0.00508260726928711 0.00727701187133789 -0.33868408203125 0.0902709960937501
0.00867080688476563 0.00503635406494141 -0.135391235351563 0.2332763671875
0.00290489196777344 -0.00886058807373047 0.0720062255859375 0.1766357421875
0.0170154571533203 -1.9073486328125E-05 0.141403198242188 0.0487518310546875
0.0140895843505859 0.00457286834716797 -0.136375427246094 -0.0699920654296875
0.00840568542480469 -0.00853872299194336 -0.039825439453125 -0.18682861328125
0.0105209350585938 0.00283432006835938 0.15478515625 -0.228240966796875
0.00854778289794922 0.0128879547119141 0.3665771484375 -0.079437255859375
-0.00609922409057617 0.00198030471801758 0.311767578125 0.2823486328125
-0.0102748870849609 -0.0193672180175781 -0.050567626953125 0.47381591796875
0.00864028930664062 0.00345659255981445 -0.29437255859375 0.249359130859375
0.0212764739990234 0.0176811218261719 0.005950927734375 0.0396537780761719
0.0166053771972656 -0.00259590148925781 0.369598388671875 -0.210479736328125
0.00347042083740235 -0.0106601715087891 0.124542236328125 -0.518218994140625
-0.00576353073120117 -0.00296163558959961 -0.3349609375 -0.304840087890625
0.00593996047973633 0.00709962844848633 -0.337554931640625 0.0902099609375
0.00905704498291016 0.00605392456054688 -0.135086059570313 0.23291015625
0.00260257720947266 -0.00862646102905274 0.0728607177734375 0.176162719726563
0.0163640975952148 0.00115394592285156 0.141342163085938 0.0489654541015625
0.0132226943969727 0.00573348999023438 -0.136489868164063 -0.068756103515625
0.00848150253295899 -0.00699329376220703 -0.0376129150390625 -0.187347412109375
0.0104475021362305 0.004730224609375 0.157196044921875 -0.226852416992188
0.0089111328125 0.0140562057495117 0.36712646484375 -0.07666015625
-0.00575447082519531 0.000956535339355469 0.30975341796875 0.284759521484375
-0.00965499877929688 -0.0197277069091797 -0.053955078125 0.47393798828125
0.00741434097290039 0.00348997116088867 -0.292938232421875 0.247314453125
0.0185737609863281 0.017242431640625 0.00897216796875001 0.0392684936523438
0.0155773162841797 -0.00251388549804688 0.369140625 -0.212554931640625
0.00286102294921875 -0.0105342864990234 0.12078857421875 -0.520965576171875
-0.00492000579833984 -0.00335788726806641 -0.335693359375 -0.30267333984375
0.00635480880737305 0.00722885131835938 -0.336700439453125 0.0921325683593751
0.00893211364746094 0.00699710845947266 -0.134201049804688 0.23291015625
0.00204038619995117 -0.00760173797607422 0.0745391845703125 0.174697875976563
0.0156574249267578 0.00186824798583984 0.141204833984375 0.04864501953125
0.0124368667602539 0.00748443603515625 -0.135940551757813 -0.0688934326171875
0.00810575485229492 -0.00600385665893555 -0.0365142822265625 -0.186752319335938
0.0105628967285156 0.00568294525146484 0.159347534179688 -0.226211547851563
0.00952720642089844 0.0139665603637695 0.368011474609375 -0.072174072265625
-0.00539588928222656 0.000743389129638672 0.30596923828125 0.290283203125
-0.00901412963867187 -0.0204105377197266 -0.0590515136718751 0.474884033203125
0.00747156143188476 0.00381994247436523 -0.292388916015625 0.246246337890625
0.0178394317626953 0.0169601440429688 0.0128517150878906 0.0386848449707031
0.0152778625488281 -0.00230979919433594 0.368804931640625 -0.217803955078125
0.00403881072998047 -0.0114898681640625 0.11590576171875 -0.521636962890625
-0.00467681884765625 -0.00290966033935547 -0.3380126953125 -0.298492431640625
0.00667810440063476 0.00827121734619141 -0.335845947265625 0.095367431640625
0.00857830047607422 0.0080108642578125 -0.132156372070313 0.232925415039062
0.000847339630126953 -0.00621414184570313 0.0755462646484375 0.174285888671875
0.0151529312133789 0.00383281707763672 0.141357421875 0.048126220703125
0.0110397338867188 0.00922775268554688 -0.135704040527344 -0.0689620971679687
0.00814390182495117 -0.00506687164306641 -0.0344085693359375 -0.187362670898438
0.0101051330566406 0.00639152526855469 0.161224365234375 -0.224258422851562
0.00895977020263672 0.0143308639526367 0.367279052734375 -0.0675048828125
-0.00505971908569336 0.000542163848876953 0.3016357421875 0.295562744140625
-0.00748443603515625 -0.0212078094482422 -0.064208984375 0.47509765625
0.00812625885009766 0.00328350067138672 -0.292205810546875 0.24249267578125
0.0180816650390625 0.0172138214111328 0.0170326232910156 0.0377349853515625
0.0159282684326172 -0.00333023071289063 0.367828369140625 -0.221954345703125
0.00481224060058594 -0.0117311477661133 0.108367919921875 -0.51922607421875
-0.00407624244689941 -0.00357913970947266 -0.343170166015625 -0.2921142578125
0.00636577606201172 0.00900745391845703 -0.333770751953125 0.100067138671875
0.00856351852416992 0.00856685638427734 -0.129638671875 0.234603881835938
0.00110912322998047 -0.00475978851318359 0.076416015625 0.173446655273438
0.0135583877563477 0.00656318664550781 0.142105102539063 0.0471954345703125
0.0135984420776367 0.00655937194824219 -0.136955261230469 -0.0733718872070313
0.0109519958496094 -0.0081787109375 -0.043121337890625 -0.190505981445313
0.0102262496948242 -3.14712524414063E-05 0.154373168945313 -0.229507446289063
0.00512027740478516 0.0125751495361328 0.36627197265625 -0.07501220703125
-0.00900554656982422 0.0011892318725586 0.3082275390625 0.2890625
-0.00760650634765625 -0.0220088958740234 -0.058563232421875 0.477813720703125
0.0187053680419922 0.0005950927734375 -0.2967529296875 0.25
0.0348148345947266 0.0172824859619141 0.0075225830078125 0.0402984619140625
0.0254650115966797 -0.00531578063964844 0.362640380859375 -0.21795654296875
0.00498580932617188 -0.0126495361328125 0.1063232421875 -0.519866943359375
-0.00838136672973633 -0.00270414352416992 -0.3480224609375 -0.290985107421875
0.0025029182434082 0.00740766525268555 -0.33880615234375 0.10357666015625
0.00893020629882813 0.00397205352783203 -0.131546020507813 0.239273071289063
0.00473737716674805 -0.00774049758911133 0.074951171875 0.175003051757812
0.0162029266357422 0.00520229339599609 0.14544677734375 0.0461273193359375
0.0147066116333008 0.00527381896972656 -0.138748168945312 -0.0726318359375
0.010462760925293 -0.00823783874511719 -0.0440826416015625 -0.19049072265625
0.0106630325317383 0.000745773315429688 0.151748657226563 -0.23150634765625
0.00607204437255859 0.0123176574707031 0.365753173828125 -0.0811767578125
-0.00852823257446289 0.00162792205810547 0.31304931640625 0.2840576171875
-0.00952529907226563 -0.0212631225585938 -0.051055908203125 0.477325439453125
0.0161428451538086 0.00109386444091797 -0.295318603515625 0.252349853515625
0.0310287475585938 0.0169239044189453 0.004608154296875 0.0397758483886719
0.0242176055908203 -0.00404930114746094 0.364013671875 -0.215667724609375
0.00375938415527344 -0.0118656158447266 0.110748291015625 -0.52105712890625
-0.00843000411987305 -0.00291967391967773 -0.34442138671875 -0.298858642578125
0.0030207633972168 0.00643634796142578 -0.339935302734375 0.0987854003906251
0.0090179443359375 0.00362396240234375 -0.132858276367187 0.23797607421875
0.0039515495300293 -0.00846529006958008 0.0740203857421875 0.176040649414063
0.0172147750854492 0.00209903717041016 0.144302368164063 0.0465850830078125
0.0145845413208008 0.00332450866699219 -0.139022827148437 -0.0706329345703125
0.00987529754638672 -0.00882911682128906 -0.04486083984375 -0.1890869140625
0.00972938537597656 0.00105094909667969 0.150253295898438 -0.232070922851562
0.00688266754150391 0.0127048492431641 0.3648681640625 -0.083953857421875
-0.00816679000854492 0.00240850448608399 0.315521240234375 0.279052734375
-0.0104579925537109 -0.0201969146728516 -0.049072265625 0.474456787109375
0.0141353607177734 0.00199794769287109 -0.2939453125 0.2532958984375
0.0287494659423828 0.0170612335205078 0.00345230102539063 0.0410728454589844
0.0210189819335938 -0.00405502319335938 0.365570068359375 -0.213134765625
0.00303459167480469 -0.0109100341796875 0.11724853515625 -0.520751953125
-0.00771951675415039 -0.00256824493408203 -0.341644287109375 -0.30133056640625
0.00423383712768555 0.0065150260925293 -0.339996337890625 0.0957946777343749
0.00969696044921875 0.00372791290283203 -0.133712768554688 0.237625122070312
0.00390911102294922 -0.00909805297851563 0.074005126953125 0.176971435546875
0.0169343948364258 0.00163173675537109 0.144577026367188 0.047332763671875
0.014979362487793 0.00343418121337891 -0.139701843261719 -0.0691680908203125
0.00878000259399414 -0.00873279571533203 -0.0431976318359375 -0.188446044921875
0.0103855133056641 0.00203418731689453 0.150970458984375 -0.232452392578125
0.00825881958007813 0.0127143859863281 0.36639404296875 -0.084381103515625
-0.00792503356933594 0.00205135345458985 0.31561279296875 0.27874755859375
-0.0106410980224609 -0.0193557739257813 -0.046173095703125 0.476348876953125
0.0108642578125 0.00303459167480469 -0.29315185546875 0.254150390625
0.0244216918945313 0.0170726776123047 0.0034942626953125 0.0399322509765625
0.0182971954345703 -0.0026702880859375 0.36749267578125 -0.2142333984375
0.00292873382568359 -0.0107975006103516 0.1182861328125 -0.521209716796875
-0.00729894638061523 -0.00254011154174805 -0.340911865234375 -0.30364990234375
0.00541353225708008 0.00665426254272461 -0.34063720703125 0.094451904296875
0.00923061370849609 0.00515651702880859 -0.13330078125 0.236679077148438
0.00300407409667969 -0.00852441787719726 0.0749359130859375 0.176025390625
0.0170326232910156 0.000690460205078125 0.143600463867188 0.0474090576171875
0.014002799987793 0.00407218933105469 -0.139839172363281 -0.0676651000976563
0.00860214233398438 -0.00882244110107422 -0.04248046875 -0.187973022460938
0.0105152130126953 0.00267219543457031 0.152450561523438 -0.231781005859375
0.00841045379638672 0.0128717422485352 0.36676025390625 -0.084442138671875
-0.00654077529907227 0.00161647796630859 0.317047119140625 0.280059814453125
-0.0105247497558594 -0.0196399688720703 -0.047210693359375 0.476226806640625
0.00940036773681641 0.00341415405273438 -0.2921142578125 0.25262451171875
0.0210552215576172 0.0170154571533203 0.00521087646484375 0.0396041870117187
0.017003059387207 -0.00281238555908203 0.368499755859375 -0.21478271484375
0.00320816040039062 -0.0108356475830078 0.118896484375 -0.523468017578125
-0.00633716583251953 -0.00276899337768555 -0.34014892578125 -0.303497314453125
0.00572586059570313 0.00666093826293945 -0.33795166015625 0.0955200195312501
0.00902271270751953 0.00553417205810547 -0.1329345703125 0.236328125
0.00226926803588867 -0.00847768783569336 0.0760955810546875 0.175277709960937
0.016632080078125 0.000535011291503906 0.14349365234375 0.0478363037109375
0.0135259628295898 0.00497341156005859 -0.139244079589844 -0.0677719116210938
0.00783348083496094 -0.00792932510375977 -0.0410614013671875 -0.18731689453125
0.0105314254760742 0.00440692901611328 0.154495239257813 -0.231491088867187
0.00930881500244141 0.0131196975708008 0.367706298828125 -0.081146240234375
-0.00680255889892578 0.000816345214843749 0.313690185546875 0.2823486328125
-0.0102939605712891 -0.0192070007324219 -0.05010986328125 0.4776611328125
0.00733518600463867 0.00364208221435547 -0.292144775390625 0.25213623046875
0.0187892913818359 0.0171642303466797 0.00871658325195313 0.0389366149902344
0.015477180480957 -0.00277614593505859 0.368377685546875 -0.218414306640625
0.00282096862792969 -0.0105667114257813 0.116119384765625 -0.5238037109375
-0.00540781021118164 -0.00294065475463867 -0.341552734375 -0.30084228515625
0.00636386871337891 0.00706672668457031 -0.337249755859375 0.09674072265625
0.00935935974121094 0.00701713562011719 -0.131561279296875 0.2359619140625
0.00142955780029297 -0.00711774826049805 0.077545166015625 0.175048828125
0.0167179107666016 0.00149917602539063 0.143402099609375 0.0475616455078125
0.0128421783447266 0.00743389129638672 -0.138145446777344 -0.0676193237304688
0.00812292098999023 -0.00637102127075195 -0.0394744873046875 -0.187515258789063
0.0107135772705078 0.00543498992919922 0.157119750976563 -0.229843139648437
0.00950431823730469 0.013850212097168 0.367706298828125 -0.076629638671875
-0.00601434707641601 0.00135183334350586 0.310821533203125 0.287994384765625
-0.00925827026367187 -0.020050048828125 -0.0541687011718751 0.478851318359375
0.00766754150390625 0.00355720520019531 -0.2918701171875 0.25067138671875
0.0181789398193359 0.0170497894287109 0.0132675170898437 0.0383720397949219
0.0148725509643555 -0.00265407562255859 0.367401123046875 -0.221710205078125
0.00391769409179688 -0.0112590789794922 0.110809326171875 -0.523895263671875
-0.00450849533081055 -0.00295257568359375 -0.343780517578125 -0.295501708984375
0.00700616836547852 0.00806474685668945 -0.33642578125 0.10003662109375
0.00872325897216797 0.00818681716918945 -0.129608154296875 0.236099243164063
0.00117254257202148 -0.00594997406005859 0.078125 0.173324584960938
0.0153589248657227 0.00305652618408203 0.142684936523438 0.04669189453125
0.0116462707519531 0.00902462005615234 -0.137046813964844 -0.0678634643554687
0.00815773010253906 -0.00505542755126953 -0.0375213623046875 -0.187835693359375
0.0106697082519531 0.00637626647949219 0.159332275390625 -0.228408813476563
0.00912857055664063 0.0141801834106445 0.368896484375 -0.0728759765625
-0.00495195388793945 6.38961791992198E-05 0.30584716796875 0.2945556640625
-0.00759506225585937 -0.0212440490722656 -0.0584716796875 0.478912353515625
0.00862264633178711 0.00307846069335938 -0.291748046875 0.246856689453125
0.0187110900878906 0.0171127319335938 0.017425537109375 0.0375823974609375
0.0164632797241211 -0.00292015075683594 0.367340087890625 -0.2265625
0.00482940673828125 -0.011906623840332 0.1033935546875 -0.52508544921875
-0.00401592254638672 -0.00320148468017578 -0.348602294921875 -0.290069580078125
0.00695610046386719 0.00852108001708984 -0.334075927734375 0.105133056640625
0.00833654403686523 0.00870752334594727 -0.126937866210938 0.236984252929687
0.00150299072265625 -0.00497245788574219 0.0793609619140625 0.17279052734375
0.0136165618896484 0.00570869445800781 0.144088745117188 0.0460357666015625
0.0146188735961914 0.00676059722900391 -0.139167785644531 -0.0727462768554687
0.0107002258300781 -0.00789356231689453 -0.04656982421875 -0.19085693359375
0.00996589660644531 0.000705718994140625 0.151031494140625 -0.233413696289063
0.00535011291503906 0.0121231079101563 0.366180419921875 -0.0821533203125
-0.00917339324951172 0.000705718994140624 0.3125 0.285552978515625
-0.0081787109375 -0.0220451354980469 -0.052734375 0.479705810546875
0.0190677642822266 0.000658035278320312 -0.29571533203125 0.254638671875
0.0349693298339844 0.0173072814941406 0.00701522827148437 0.040557861328125
0.0257987976074219 -0.00510978698730469 0.36199951171875 -0.222564697265625
0.00461769104003906 -0.0125646591186523 0.0995788574218749 -0.52349853515625
-0.00901222229003906 -0.00258541107177734 -0.3524169921875 -0.289154052734375
0.00297307968139648 0.00654363632202148 -0.33880615234375 0.10809326171875
0.00966358184814453 0.00420188903808594 -0.1282958984375 0.242584228515625
0.00474834442138672 -0.00714397430419922 0.077911376953125 0.174835205078125
0.0168533325195313 0.00426864624023438 0.146743774414062 0.0440216064453125
0.0151472091674805 0.00410079956054688 -0.140777587890625 -0.0712432861328125
0.00985240936279297 -0.00964450836181641 -0.0472259521484375 -0.18994140625
0.00998306274414063 0.00046539306640625 0.148040771484375 -0.23529052734375
0.00634956359863281 0.0121965408325195 0.36578369140625 -0.08697509765625
-0.00935173034667969 0.00182723999023438 0.316650390625 0.279937744140625
-0.00894927978515625 -0.0213432312011719 -0.04681396484375 0.47918701171875
0.0172605514526367 0.00112056732177734 -0.293182373046875 0.2568359375
0.0321712493896484 0.0172176361083984 0.00472640991210938 0.0409278869628906
0.0236778259277344 -0.00445747375488281 0.361602783203125 -0.220733642578125
0.00406646728515625 -0.0120124816894531 0.10504150390625 -0.52374267578125
-0.00868797302246094 -0.00251674652099609 -0.350189208984375 -0.294708251953125
0.00274991989135742 0.00642490386962891 -0.340362548828125 0.104400634765625
0.00988006591796875 0.00390625 -0.130172729492188 0.241561889648437
0.00440216064453125 -0.00756931304931641 0.0767669677734375 0.175186157226562
0.0174036026000977 0.00231838226318359 0.146087646484375 0.0454254150390625
0.015528678894043 0.00344467163085938 -0.14154052734375 -0.0689544677734375
0.00922298431396484 -0.00900936126708984 -0.04791259765625 -0.188873291015625
0.010411262512207 0.00116157531738281 0.1473388671875 -0.235504150390625
0.00688934326171875 0.0125846862792969 0.364776611328125 -0.090301513671875
-0.0084691047668457 0.00204610824584961 0.31939697265625 0.27679443359375
-0.0105190277099609 -0.0197830200195313 -0.042388916015625 0.477996826171875
0.0133962631225586 0.00183486938476563 -0.292083740234375 0.258819580078125
0.0285243988037109 0.0169544219970703 0.00320053100585937 0.0406455993652344
0.0215778350830078 -0.00353050231933594 0.36444091796875 -0.217620849609375
0.00260353088378906 -0.0115594863891602 0.1119384765625 -0.525146484375
-0.00819110870361328 -0.00238656997680664 -0.346954345703125 -0.29815673828125
0.00395774841308594 0.00639772415161133 -0.340301513671875 0.10107421875
0.00961780548095703 0.00407981872558594 -0.130523681640625 0.240066528320312
0.00333404541015625 -0.00837564468383789 0.0778656005859375 0.175918579101563
0.0176563262939453 0.000789642333984375 0.14569091796875 0.045745849609375
0.0151596069335938 0.00229358673095703 -0.141525268554688 -0.0680999755859375
0.008270263671875 -0.00893592834472656 -0.0472259521484375 -0.188674926757812
0.0109567642211914 0.00194549560546875 0.148086547851563 -0.235198974609375
0.00800323486328125 0.0130205154418945 0.366058349609375 -0.0919189453125
-0.00779342651367187 0.00139284133911133 0.32061767578125 0.273834228515625
-0.0109653472900391 -0.0190391540527344 -0.04156494140625 0.478179931640625
0.0110597610473633 0.00339889526367188 -0.29193115234375 0.2581787109375
0.0245113372802734 0.0168743133544922 0.00403213500976563 0.0405311584472656
0.0191440582275391 -0.00342559814453125 0.36566162109375 -0.21905517578125
0.00278472900390625 -0.0112495422363281 0.11285400390625 -0.525543212890625
-0.00771474838256836 -0.00251483917236328 -0.345458984375 -0.299957275390625
0.00517511367797852 0.00616312026977539 -0.339813232421875 0.0989379882812499
0.00950145721435547 0.00519657135009766 -0.130722045898437 0.2393798828125
0.00275897979736328 -0.00821876525878906 0.0785369873046875 0.175613403320313
0.0176620483398438 9.5367431640625E-06 0.145294189453125 0.04559326171875
0.0155868530273438 0.00283432006835938 -0.14154052734375 -0.0670318603515625
0.00841951370239258 -0.00797176361083984 -0.0464019775390625 -0.18804931640625
0.0106334686279297 0.00313949584960938 0.1490478515625 -0.235580444335937
0.00915908813476563 0.0126171112060547 0.366455078125 -0.089080810546875
-0.00673580169677734 0.00210428237915039 0.320220947265625 0.27691650390625
-0.0106773376464844 -0.0190353393554688 -0.04052734375 0.47900390625
0.00939559936523438 0.00333499908447266 -0.291107177734375 0.25811767578125
0.0214042663574219 0.0173568725585938 0.0059051513671875 0.0399971008300781
0.016972541809082 -0.00267314910888672 0.368804931640625 -0.219879150390625
0.00280475616455078 -0.0107822418212891 0.11309814453125 -0.52667236328125
-0.00661611557006836 -0.00248575210571289 -0.34576416015625 -0.29937744140625
0.0058293342590332 0.00637722015380859 -0.338836669921875 0.100677490234375
0.00946140289306641 0.00581169128417969 -0.129776000976562 0.23870849609375
0.00209665298461914 -0.0077056884765625 0.0797271728515625 0.174713134765625
0.0169734954833984 0.000323295593261719 0.145217895507813 0.046112060546875
0.0141353607177734 0.00538444519042969 -0.140525817871094 -0.0662460327148438
0.00777959823608398 -0.00758647918701172 -0.044189453125 -0.1883544921875
0.0108251571655273 0.00431919097900391 0.151748657226563 -0.234451293945313
0.00930404663085938 0.0133943557739258 0.3670654296875 -0.0875244140625
-0.00596046447753906 0.00116968154907227 0.31884765625 0.279541015625
-0.0107078552246094 -0.0190372467041016 -0.045013427734375 0.47991943359375
0.00759172439575195 0.00336933135986328 -0.290924072265625 0.255828857421875
0.0190982818603516 0.0169010162353516 0.0089874267578125 0.0394859313964844
0.0155477523803711 -0.00272178649902344 0.367034912109375 -0.22265625
0.00283908843994141 -0.0104608535766602 0.109405517578125 -0.527496337890625
-0.00570154190063477 -0.00311565399169922 -0.3465576171875 -0.29742431640625
0.00635290145874023 0.00730419158935547 -0.337158203125 0.10198974609375
0.00904560089111328 0.00693702697753906 -0.128997802734375 0.23828125
0.00156736373901367 -0.006805419921875 0.080078125 0.174545288085938
0.0168018341064453 0.000985145568847656 0.14447021484375 0.0459442138671875
0.0131721496582031 0.00727653503417969 -0.139801025390625 -0.0660552978515625
0.00779247283935547 -0.00598049163818359 -0.0425262451171875 -0.188003540039063
0.0109672546386719 0.00567722320556641 0.15374755859375 -0.233963012695313
0.00952339172363281 0.0137882232666016 0.368621826171875 -0.08270263671875
-0.00603961944580078 0.00113916397094727 0.315155029296875 0.2860107421875
-0.00922393798828125 -0.019805908203125 -0.049346923828125 0.480499267578125
0.00759267807006836 0.00355005264282227 -0.289794921875 0.254669189453125
0.0184993743896484 0.0168190002441406 0.0130348205566406 0.039215087890625
0.0155811309814453 -0.00258350372314453 0.366180419921875 -0.227691650390625
0.00409507751464844 -0.0112237930297852 0.10467529296875 -0.52850341796875
-0.00491189956665039 -0.00337028503417969 -0.3482666015625 -0.29254150390625
0.00666952133178711 0.00778388977050781 -0.336395263671875 0.105621337890625
0.00892543792724609 0.00821208953857422 -0.126754760742187 0.238616943359375
0.000470161437988281 -0.00554990768432617 0.0810699462890625 0.173233032226563
0.0157546997070313 0.00270271301269531 0.144943237304688 0.0452880859375
0.0123767852783203 0.00880527496337891 -0.139511108398438 -0.0665359497070313
0.00791025161743164 -0.00486516952514648 -0.040435791015625 -0.18896484375
0.0107498168945313 0.00652790069580078 0.156051635742187 -0.231903076171875
0.00913333892822266 0.0142784118652344 0.368682861328125 -0.07861328125
-0.00556182861328125 0.000176429748535155 0.31005859375 0.28997802734375
-0.00793647766113281 -0.021026611328125 -0.05438232421875 0.482330322265625
0.00874996185302734 0.00330114364624023 -0.29150390625 0.2508544921875
0.0184402465820313 0.0168190002441406 0.0176467895507813 0.0384292602539063
0.0160255432128906 -0.00320053100585938 0.366424560546875 -0.2313232421875
0.00459671020507813 -0.0118579864501953 0.0960693359375 -0.527313232421875
-0.00431442260742188 -0.00319504737854004 -0.352874755859375 -0.2857666015625
0.00693845748901367 0.00801897048950195 -0.33416748046875 0.110076904296875
0.00869178771972656 0.00886058807373047 -0.124038696289063 0.239852905273438
0.00113630294799805 -0.00441837310791016 0.082275390625 0.17181396484375
0.0142745971679688 0.00453376770019531 0.144927978515625 0.044708251953125
0.014862060546875 0.00583457946777344 -0.141647338867187 -0.070770263671875
0.0105266571044922 -0.00773811340332031 -0.050384521484375 -0.190521240234375
0.00988101959228515 0.000960350036621094 0.146682739257813 -0.236648559570313
0.00517749786376953 0.0124940872192383 0.365936279296875 -0.087799072265625
-0.00947284698486328 0.00109004974365235 0.316375732421875 0.2816162109375
-0.00833702087402344 -0.0216999053955078 -0.047210693359375 0.4827880859375
0.0185222625732422 0.00031280517578125 -0.292572021484375 0.2591552734375
0.0347366333007813 0.0162105560302734 0.00754547119140625 0.0406112670898438
0.0261955261230469 -0.00476264953613281 0.360626220703125 -0.22760009765625
0.00382137298583984 -0.0126667022705078 0.0934448242187501 -0.525604248046875
-0.00937747955322266 -0.00255870819091797 -0.35858154296875 -0.28564453125
0.00329875946044922 0.00651979446411133 -0.338043212890625 0.11328125
0.00918769836425781 0.00358104705810547 -0.125732421875 0.24481201171875
0.00398111343383789 -0.00750732421875 0.0812530517578125 0.17364501953125
0.0169973373413086 0.00411796569824219 0.148529052734375 0.04290771484375
0.0158910751342773 0.00390911102294922 -0.1424560546875 -0.070068359375
0.00970649719238281 -0.00856876373291016 -0.050628662109375 -0.19061279296875
0.00988197326660156 0.000417709350585938 0.145065307617188 -0.238113403320313
0.00629138946533203 0.011937141418457 0.36480712890625 -0.092498779296875
-0.00928306579589844 0.00159931182861328 0.3209228515625 0.275909423828125
-0.00961685180664063 -0.0206813812255859 -0.040283203125 0.48193359375
0.0166921615600586 0.000713348388671875 -0.291595458984375 0.2613525390625
0.0324573516845703 0.0167903900146484 0.00455093383789062 0.0410652160644531
0.023712158203125 -0.00461006164550781 0.361297607421875 -0.22479248046875
0.00368881225585937 -0.0118532180786133 0.097503662109375 -0.52685546875
-0.00883579254150391 -0.00246334075927734 -0.355316162109375 -0.290313720703125
0.00330162048339844 0.00634384155273438 -0.339599609375 0.110076904296875
0.00996494293212891 0.00418376922607422 -0.127182006835938 0.243240356445313
0.0038299560546875 -0.00826263427734375 0.0800933837890625 0.1744384765625
0.0181064605712891 0.00178718566894531 0.147140502929687 0.04327392578125
0.015812873840332 0.00339031219482422 -0.143142700195312 -0.067779541015625
0.00929641723632813 -0.00922679901123047 -0.0515899658203125 -0.189102172851562
0.0100040435791016 0.000394821166992188 0.143463134765625 -0.238357543945312
0.0072784423828125 0.0120697021484375 0.365325927734375 -0.096588134765625
-0.00868463516235351 0.00143718719482422 0.3231201171875 0.27294921875
-0.00993919372558593 -0.0200614929199219 -0.037567138671875 0.480072021484375
0.013371467590332 0.00155353546142578 -0.29022216796875 0.262542724609375
0.0285873413085938 0.0167751312255859 0.00391769409179687 0.0413093566894531
0.0212917327880859 -0.00373268127441406 0.36297607421875 -0.22271728515625
0.002410888671875 -0.0117111206054688 0.103668212890625 -0.52740478515625
-0.00862646102905273 -0.00313282012939453 -0.352752685546875 -0.294586181640625
0.00475263595581055 0.00636434555053711 -0.339752197265625 0.10577392578125
0.00950717926025391 0.00417709350585938 -0.127593994140625 0.24212646484375
0.00353097915649414 -0.00838375091552734 0.0809478759765625 0.174331665039063
0.0181713104248047 0.000396728515625 0.146926879882813 0.04400634765625
0.0161733627319336 0.00245761871337891 -0.143356323242188 -0.0662689208984375
0.00850772857666016 -0.00917148590087891 -0.0504302978515625 -0.188858032226563
0.0105171203613281 0.00140094757080078 0.144744873046875 -0.238784790039062
0.00795269012451172 0.0121669769287109 0.36474609375 -0.09716796875
-0.00811386108398438 0.00151538848876953 0.323638916015625 0.271484375
-0.0111083984375 -0.0193920135498047 -0.036041259765625 0.48028564453125
0.0112361907958984 0.00244522094726563 -0.289093017578125 0.26348876953125
0.0247631072998047 0.0165233612060547 0.00423812866210938 0.0404472351074219
0.0189609527587891 -0.00346183776855469 0.36383056640625 -0.223419189453125
0.00266551971435547 -0.0109891891479492 0.10638427734375 -0.528167724609375
-0.00772619247436523 -0.00278091430664063 -0.350372314453125 -0.2958984375
0.00428342819213867 0.00627231597900391 -0.33966064453125 0.10406494140625
0.00932598114013672 0.00482177734375 -0.126693725585938 0.241439819335937
0.00272703170776367 -0.00846052169799805 0.0815582275390625 0.17462158203125
0.0176353454589844 -0.000730514526367187 0.146926879882813 0.0436248779296875
0.0151891708374023 0.00299739837646484 -0.143142700195313 -0.065032958984375
0.00756263732910156 -0.00811433792114258 -0.05010986328125 -0.188186645507813
0.0106163024902344 0.0029144287109375 0.1453857421875 -0.238510131835938
0.00884437561035156 0.0122900009155273 0.3653564453125 -0.096435546875
-0.00737190246582031 0.00156116485595703 0.32342529296875 0.273406982421875
-0.0110950469970703 -0.01885986328125 -0.035675048828125 0.480133056640625
0.00936508178710938 0.00368976593017578 -0.2890625 0.262451171875
0.0211143493652344 0.0168743133544922 0.00635147094726563 0.0408096313476562
0.016779899597168 -0.00233554840087891 0.365753173828125 -0.225067138671875
0.00311183929443359 -0.0109748840332031 0.105743408203125 -0.529937744140625
-0.00683021545410156 -0.00270271301269531 -0.350128173828125 -0.29608154296875
0.00571727752685547 0.00672626495361328 -0.338104248046875 0.105438232421875
0.00932407379150391 0.00612545013427734 -0.126617431640625 0.240997314453125
0.0020899772644043 -0.00758838653564453 0.082427978515625 0.174224853515625
0.0176010131835938 -0.000200271606445313 0.146713256835938 0.0441741943359375
0.0149717330932617 0.00504398345947266 -0.14300537109375 -0.064605712890625
0.00722408294677734 -0.00713968276977539 -0.047637939453125 -0.18817138671875
0.0106544494628906 0.0042266845703125 0.147705078125 -0.237991333007813
0.00956153869628906 0.0134258270263672 0.3675537109375 -0.09234619140625
-0.00644731521606445 0.00146341323852539 0.322998046875 0.275665283203125
-0.0103778839111328 -0.0188503265380859 -0.03875732421875 0.481597900390625
0.00787019729614258 0.00386905670166016 -0.287933349609375 0.259674072265625
0.0190296173095703 0.0167560577392578 0.00933456420898438 0.0396614074707031
0.0157680511474609 -0.00250434875488281 0.364959716796875 -0.227386474609375
0.00279712677001953 -0.0104579925537109 0.102813720703125 -0.5311279296875
-0.00601577758789062 -0.00242948532104492 -0.35101318359375 -0.29376220703125
0.0061945915222168 0.00705051422119141 -0.33673095703125 0.10693359375
0.00871419906616211 0.00659036636352539 -0.125885009765625 0.241668701171875
0.00102090835571289 -0.00660896301269531 0.0836334228515625 0.1727294921875
0.0168771743774414 0.000315666198730469 0.145904541015625 0.0443878173828125
0.0143594741821289 0.00662899017333984 -0.141494750976563 -0.064056396484375
0.00728416442871094 -0.00606155395507813 -0.04571533203125 -0.188125610351563
0.0107402801513672 0.00568199157714844 0.150466918945312 -0.236740112304687
0.0102462768554687 0.0132913589477539 0.368194580078125 -0.087890625
-0.00579500198364258 0.000620841979980468 0.318634033203125 0.281341552734375
-0.00914192199707031 -0.0193500518798828 -0.0422058105468751 0.482635498046875
0.00800848007202148 0.00370359420776367 -0.28759765625 0.2578125
0.0183925628662109 0.0168952941894531 0.0130958557128906 0.0391006469726563
0.0153226852416992 -0.00304317474365234 0.364349365234375 -0.231842041015625
0.00360679626464844 -0.0108575820922852 0.09783935546875 -0.53118896484375
-0.0053858757019043 -0.00293540954589844 -0.353546142578125 -0.288665771484375
0.00635194778442383 0.00798702239990234 -0.335784912109375 0.110748291015625
0.00885581970214844 0.00802516937255859 -0.123077392578125 0.241561889648438
0.000952720642089844 -0.00562238693237305 0.0839996337890625 0.171722412109375
0.0160722732543945 0.00221824645996094 0.146026611328125 0.0439453125
0.0127506256103516 0.00846481323242188 -0.141799926757813 -0.06451416015625
0.00749778747558594 -0.00492238998413086 -0.0443115234375 -0.188980102539063
0.0106782913208008 0.00673198699951172 0.152633666992188 -0.235092163085938
0.009796142578125 0.0137596130371094 0.368499755859375 -0.084747314453125
-0.00552892684936523 0.000149726867675782 0.315216064453125 0.287353515625
-0.00804328918457031 -0.0200405120849609 -0.047149658203125 0.48406982421875
0.00895881652832031 0.00303268432617188 -0.2882080078125 0.256072998046875
0.0190448760986328 0.0166473388671875 0.0179405212402344 0.0380592346191406
0.0159778594970703 -0.00389671325683594 0.36456298828125 -0.23681640625
0.00438022613525391 -0.0120391845703125 0.090301513671875 -0.529510498046875
-0.00461196899414062 -0.00309991836547852 -0.358184814453125 -0.281890869140625
0.00678825378417969 0.00787019729614258 -0.333953857421875 0.11456298828125
0.00857353210449219 0.008880615234375 -0.12103271484375 0.242630004882812
0.00073695182800293 -0.00435042381286621 0.0850372314453125 0.170761108398438
0.0144033432006836 0.00455760955810547 0.146377563476563 0.0429534912109375
0.0156650543212891 0.00489234924316406 -0.143051147460938 -0.0688018798828125
0.0102624893188477 -0.00779438018798828 -0.053558349609375 -0.191085815429688
0.00992012023925781 0.000985145568847656 0.143218994140625 -0.239471435546875
0.00606250762939453 0.0122594833374023 0.3653564453125 -0.093658447265625
-0.0100984573364258 0.00102424621582031 0.320953369140625 0.27685546875
-0.00840377807617188 -0.0213966369628906 -0.042999267578125 0.48333740234375
0.0190486907958984 0.00018310546875 -0.290435791015625 0.26312255859375
0.0344905853271484 0.0163612365722656 0.008087158203125 0.0408210754394531
0.0260505676269531 -0.00572013854980469 0.3564453125 -0.23199462890625
0.00391197204589844 -0.0128068923950195 0.085968017578125 -0.527252197265625
-0.00937652587890625 -0.00287532806396484 -0.363189697265625 -0.28070068359375
0.00274801254272461 0.00666284561157227 -0.336334228515625 0.1190185546875
0.00879001617431641 0.00385284423828125 -0.12225341796875 0.247055053710938
0.00426483154296875 -0.0065760612487793 0.0832366943359375 0.172210693359375
0.0176944732666016 0.00310897827148438 0.149398803710938 0.040771484375
0.0161838531494141 0.00368118286132813 -0.143646240234375 -0.0672760009765625
0.00955963134765625 -0.00865936279296875 -0.0547637939453125 -0.190048217773438
0.0102682113647461 0.00041961669921875 0.140533447265625 -0.240509033203125
0.00549983978271484 0.0114011764526367 0.363128662109375 -0.097930908203125
-0.00972270965576172 0.00172805786132813 0.325103759765625 0.272430419921875
-0.0100040435791016 -0.0200576782226563 -0.036041259765625 0.483642578125
0.0172510147094727 0.000866889953613281 -0.287445068359375 0.26458740234375
0.0326690673828125 0.0160636901855469 0.00561904907226563 0.0407943725585938
0.0237922668457031 -0.00463485717773438 0.357818603515625 -0.22979736328125
0.00362110137939453 -0.0123701095581055 0.091064453125 -0.5299072265625
-0.00945281982421875 -0.00241470336914063 -0.35968017578125 -0.28533935546875
0.00322103500366211 0.00583887100219727 -0.3380126953125 0.114990234375
0.00970268249511719 0.00399112701416016 -0.122756958007813 0.245407104492188
0.00377321243286133 -0.00802421569824219 0.083038330078125 0.172775268554688
0.0180034637451172 0.00144195556640625 0.148086547851563 0.04168701171875
0.015681266784668 0.00231266021728516 -0.144500732421875 -0.06524658203125
0.00937461853027344 -0.00885868072509766 -0.0548858642578125 -0.188888549804688
0.0101547241210938 0.000599861145019531 0.138626098632813 -0.240646362304688
0.00706291198730469 0.0119667053222656 0.362396240234375 -0.101806640625
-0.00904560089111328 0.00134754180908203 0.32635498046875 0.2674560546875
-0.0102710723876953 -0.0198078155517578 -0.0308837890625 0.481170654296875
0.0137424468994141 0.00208473205566406 -0.286529541015625 0.26666259765625
0.0284957885742187 0.0163917541503906 0.00348281860351563 0.0410995483398438
0.0213470458984375 -0.00345611572265625 0.36065673828125 -0.228057861328125
0.00312709808349609 -0.0114517211914063 0.097259521484375 -0.52960205078125
-0.00894355773925781 -0.00226497650146484 -0.35693359375 -0.28900146484375
0.00396108627319336 0.00615310668945313 -0.338287353515625 0.111602783203125
0.00931167602539062 0.00473976135253906 -0.1239013671875 0.24462890625
0.00322628021240234 -0.0078887939453125 0.083831787109375 0.173614501953125
0.018310546875 -0.000274658203125 0.148574829101563 0.042755126953125
0.0164995193481445 0.00224685668945313 -0.145034790039063 -0.0645294189453125
0.00779247283935547 -0.00901317596435547 -0.0543365478515625 -0.188034057617188
0.0104227066040039 0.00140857696533203 0.139846801757812 -0.241531372070312
0.00846195220947266 0.0118379592895508 0.36346435546875 -0.1025390625
-0.00805330276489258 0.00213861465454102 0.327301025390625 0.266815185546875
-0.0110588073730469 -0.0183296203613281 -0.029937744140625 0.480133056640625
0.0106697082519531 0.00214576721191406 -0.286224365234375 0.266937255859375
0.0256729125976562 0.0168571472167969 0.00407791137695313 0.0413703918457031
0.0190792083740234 -0.00291061401367188 0.361602783203125 -0.22833251953125
0.00211620330810547 -0.0106000900268555 0.099700927734375 -0.53021240234375
-0.00754976272583008 -0.00213241577148437 -0.355010986328125 -0.291534423828125
0.00484800338745117 0.00620794296264648 -0.33831787109375 0.11004638671875
0.00916290283203125 0.00528430938720703 -0.123504638671875 0.24371337890625
0.00248098373413086 -0.00782346725463867 0.0848846435546875 0.173324584960938
0.0183067321777344 -0.00102806091308594 0.148178100585938 0.0419158935546875
0.0156669616699219 0.00307846069335938 -0.144638061523438 -0.062957763671875
0.00736808776855469 -0.00866603851318359 -0.0540313720703125 -0.1878662109375
0.0109462738037109 0.00320148468017578 0.1417236328125 -0.240768432617188
0.00906276702880859 0.0122594833374023 0.364288330078125 -0.102081298828125
-0.00710725784301758 0.00162076950073242 0.3277587890625 0.267822265625
-0.0109615325927734 -0.0183086395263672 -0.02972412109375 0.481475830078125
0.00942039489746094 0.00363254547119141 -0.284088134765625 0.266632080078125
0.0214328765869141 0.0169181823730469 0.00629425048828125 0.0401649475097656
0.0167293548583984 -0.00262451171875 0.36285400390625 -0.230010986328125
0.0027456283569336 -0.0101480484008789 0.098541259765625 -0.53009033203125
-0.00726461410522461 -0.00221681594848633 -0.35443115234375 -0.291290283203125
0.00558567047119141 0.00635385513305664 -0.337005615234375 0.11029052734375
0.00929832458496094 0.00615882873535156 -0.122970581054688 0.243133544921875
0.00206995010375977 -0.00735902786254883 0.085601806640625 0.172500610351563
0.0174102783203125 -0.00133705139160156 0.1468505859375 0.042236328125
0.0155372619628906 0.00468635559082031 -0.145004272460938 -0.0618896484375
0.00722360610961914 -0.00754976272583008 -0.0514068603515625 -0.187515258789062
0.0109691619873047 0.00473976135253906 0.14404296875 -0.240570068359375
0.00960254669189453 0.012852668762207 0.36578369140625 -0.098052978515625
-0.00664186477661133 0.00135564804077148 0.32708740234375 0.271575927734375
-0.0105724334716797 -0.0187816619873047 -0.032379150390625 0.482879638671875
0.00849008560180664 0.00349617004394531 -0.28515625 0.264007568359375
0.0194187164306641 0.0163459777832031 0.00967788696289063 0.0400581359863281
0.0154705047607422 -0.00278472900390625 0.362457275390625 -0.2320556640625
0.00304508209228516 -0.0108184814453125 0.09637451171875 -0.532867431640625
-0.00643205642700195 -0.00279855728149414 -0.35565185546875 -0.2889404296875
0.00654077529907227 0.00680446624755859 -0.335601806640625 0.11224365234375
0.00921344757080078 0.00702857971191406 -0.122039794921875 0.243804931640625
0.00114727020263672 -0.00634050369262695 0.085601806640625 0.171432495117188
0.0168857574462891 0.000193595886230469 0.147048950195313 0.0418243408203125
0.0147218704223633 0.00634765625 -0.142822265625 -0.0623779296875
0.006927490234375 -0.00611495971679688 -0.0492401123046875 -0.188125610351563
0.0110273361206055 0.00543403625488281 0.146072387695313 -0.239578247070313
0.00932025909423828 0.013092041015625 0.367218017578125 -0.093475341796875
-0.0060276985168457 0.000464916229248047 0.322540283203125 0.276885986328125
-0.00892066955566406 -0.0194339752197266 -0.03570556640625 0.48333740234375
0.00826787948608398 0.0033416748046875 -0.28424072265625 0.262298583984375
0.0183506011962891 0.0168933868408203 0.0134811401367187 0.0387535095214844
0.0151681900024414 -0.00333213806152344 0.362152099609375 -0.236907958984375
0.00327968597412109 -0.0108222961425781 0.0902099609375 -0.53265380859375
-0.00566244125366211 -0.00307893753051758 -0.35797119140625 -0.28369140625
0.00657939910888672 0.00725555419921875 -0.33453369140625 0.115386962890625
0.00920391082763672 0.0076446533203125 -0.119338989257813 0.24334716796875
0.000137805938720703 -0.00604057312011719 0.0867462158203125 0.170303344726563
0.0158805847167969 0.00176048278808594 0.147201538085938 0.041473388671875
0.0131149291992188 0.00800704956054688 -0.143020629882813 -0.0628204345703125
0.00733518600463867 -0.00491046905517578 -0.0475006103515625 -0.188385009765625
0.0107526779174805 0.00625038146972656 0.149490356445313 -0.238082885742188
0.00915336608886719 0.0134706497192383 0.367828369140625 -0.0885009765625
-0.00578498840332031 0.000146865844726563 0.31842041015625 0.282012939453125
-0.00796699523925781 -0.0202693939208984 -0.04229736328125 0.48406982421875
0.00912189483642578 0.00271797180175781 -0.285125732421875 0.259552001953125
0.0192394256591797 0.0162315368652344 0.0179519653320313 0.0383186340332031
0.0161275863647461 -0.00357532501220703 0.36029052734375 -0.23974609375
0.00391292572021484 -0.0118894577026367 0.084259033203125 -0.532257080078125
-0.00475263595581055 -0.00305986404418945 -0.36151123046875 -0.276763916015625
0.00676822662353516 0.00822877883911133 -0.332366943359375 0.119964599609375
0.00895500183105469 0.00813770294189453 -0.117431640625 0.244354248046875
0.000786542892456054 -0.00418853759765625 0.0879364013671875 0.168899536132813
0.0150165557861328 0.0040130615234375 0.14752197265625 0.0410614013671875
0.0158634185791016 0.00430870056152344 -0.144134521484375 -0.0664215087890625
0.00975990295410156 -0.0081329345703125 -0.056549072265625 -0.1900634765625
0.00967693328857422 0.000781059265136719 0.138015747070313 -0.2415771484375
0.00565528869628906 0.0116920471191406 0.362274169921875 -0.09759521484375
-0.00939369201660156 0.000725746154785157 0.322601318359375 0.27264404296875
-0.00788307189941406 -0.0216484069824219 -0.035491943359375 0.482269287109375
0.0188941955566406 -0.00060272216796875 -0.2855224609375 0.265533447265625
0.0351123809814453 0.0156021118164062 0.00803756713867188 0.0406990051269531
0.0256900787353516 -0.00586700439453125 0.35333251953125 -0.236785888671875
0.00395107269287109 -0.0121088027954102 0.080902099609375 -0.52716064453125
-0.00975227355957031 -0.00221538543701172 -0.366302490234375 -0.27410888671875
0.00292396545410156 0.00657367706298828 -0.33489990234375 0.12359619140625
0.00914573669433594 0.00422191619873047 -0.11798095703125 0.247467041015625
0.00474262237548828 -0.00702333450317383 0.086822509765625 0.17022705078125
0.0178203582763672 0.00236129760742187 0.149810791015625 0.03857421875
0.0164203643798828 0.00313377380371094 -0.144607543945313 -0.0657501220703125
0.00963401794433594 -0.0084686279296875 -0.0571746826171875 -0.188552856445313
0.00970840454101563 0.00132656097412109 0.136154174804688 -0.242294311523438
0.00685882568359375 0.0117692947387695 0.361114501953125 -0.10308837890625
-0.00975418090820313 0.00171089172363281 0.327056884765625 0.267181396484375
-0.00955009460449218 -0.020416259765625 -0.02935791015625 0.482086181640625
0.0168275833129883 0.000766754150390625 -0.284027099609375 0.268157958984375
0.0323638916015625 0.0162086486816406 0.00549697875976562 0.0411300659179688
0.0235881805419922 -0.00510025024414063 0.35430908203125 -0.23382568359375
0.00314807891845703 -0.0118083953857422 0.08416748046875 -0.529998779296875
-0.00958061218261719 -0.00201320648193359 -0.362030029296875 -0.2796630859375
0.00337409973144531 0.00617313385009766 -0.335601806640625 0.118927001953125
0.00976753234863281 0.00352954864501953 -0.119537353515625 0.247467041015625
0.00319290161132812 -0.00753068923950195 0.08575439453125 0.171051025390625
0.0182228088378906 0.000436782836914063 0.148773193359375 0.0393524169921875
0.0158872604370117 0.00199508666992188 -0.145843505859375 -0.063720703125
0.00854349136352539 -0.00825214385986328 -0.0582427978515625 -0.1875
0.00964546203613281 0.00143909454345703 0.13494873046875 -0.242874145507813
0.00708293914794922 0.0113382339477539 0.3602294921875 -0.107666015625
-0.00927162170410156 0.00154876708984375 0.329345703125 0.26385498046875
-0.0104484558105469 -0.0192604064941406 -0.024322509765625 0.480194091796875
0.0135364532470703 0.00180530548095703 -0.282806396484375 0.2686767578125
0.0289344787597656 0.0158538818359375 0.00418472290039063 0.0412101745605469
0.0213680267333984 -0.0042266845703125 0.357269287109375 -0.230316162109375
0.00295543670654297 -0.0111722946166992 0.089691162109375 -0.529083251953125
-0.00878810882568359 -0.00300407409667969 -0.359893798828125 -0.2835693359375
0.004547119140625 0.00595998764038086 -0.33575439453125 0.116241455078125
0.00947952270507813 0.00392723083496094 -0.1190185546875 0.245498657226563
0.00339365005493164 -0.00831890106201172 0.086700439453125 0.172210693359375
0.0183734893798828 -0.000978469848632812 0.14886474609375 0.0400390625
0.0159988403320313 0.00152206420898438 -0.146255493164063 -0.062530517578125
0.00690174102783203 -0.00977420806884766 -0.0576934814453125 -0.18731689453125
0.0103397369384766 0.00238418579101563 0.135467529296875 -0.24285888671875
0.00780391693115234 0.0112552642822266 0.360687255859375 -0.10760498046875
-0.00809288024902344 0.00139999389648438 0.3302001953125 0.261505126953125
-0.0111446380615234 -0.0190696716308594 -0.02362060546875 0.479736328125
0.0109186172485352 0.00251102447509766 -0.283355712890625 0.26947021484375
0.0247154235839844 0.0163021087646484 0.00459289550781251 0.0413551330566406
0.0183849334716797 -0.00281715393066406 0.3570556640625 -0.2318115234375
0.00232791900634766 -0.00992679595947265 0.091949462890625 -0.5296630859375
-0.00813055038452149 -0.00205612182617187 -0.357574462890625 -0.2847900390625
0.00494480133056641 0.0058588981628418 -0.336456298828125 0.114349365234375
0.0103473663330078 0.00457286834716797 -0.119537353515625 0.245040893554687
0.0022120475769043 -0.0077362060546875 0.08660888671875 0.171905517578125
0.01806640625 -0.00169754028320313 0.148529052734375 0.04022216796875
0.0161199569702148 0.00263595581054688 -0.146133422851563 -0.06103515625
0.0069732666015625 -0.00783634185791016 -0.05615234375 -0.186859130859375
0.0102329254150391 0.00291919708251953 0.136825561523438 -0.24322509765625
0.00962734222412109 0.0117568969726563 0.361572265625 -0.1077880859375
-0.00777482986450195 0.00158548355102539 0.329864501953125 0.262847900390625
-0.0111217498779297 -0.0186195373535156 -0.024383544921875 0.480560302734375
0.009918212890625 0.00255680084228516 -0.281280517578125 0.26885986328125
0.0216960906982422 0.0163955688476563 0.00637435913085937 0.0411949157714844
0.0167684555053711 -0.00288200378417969 0.360107421875 -0.233673095703125
0.00216960906982422 -0.0104684829711914 0.091827392578125 -0.532318115234375
-0.00772285461425781 -0.00234031677246094 -0.357391357421875 -0.285400390625
0.00588512420654297 0.00613832473754883 -0.33489990234375 0.11566162109375
0.00951576232910156 0.00539207458496094 -0.118927001953125 0.244674682617188
0.00232696533203125 -0.00715398788452148 0.0882415771484375 0.170547485351563
0.0174531936645508 -0.00178050994873047 0.148117065429688 0.0406951904296875
0.0158309936523438 0.00406360626220703 -0.145309448242188 -0.060546875
0.00661849975585938 -0.00722742080688477 -0.0544891357421875 -0.186859130859375
0.0107288360595703 0.00427150726318359 0.139511108398438 -0.243072509765625
0.009490966796875 0.012547492980957 0.362579345703125 -0.10400390625
-0.00688552856445313 0.00110578536987305 0.327850341796875 0.266326904296875
-0.0104751586914062 -0.0184803009033203 -0.027099609375 0.481597900390625
0.00843095779418945 0.00318050384521484 -0.280975341796875 0.267166137695313
0.0194778442382813 0.0167713165283203 0.00966644287109375 0.0396652221679688
0.0153112411499023 -0.00242233276367188 0.359405517578125 -0.23577880859375
0.00229740142822266 -0.0100784301757813 0.089324951171875 -0.53326416015625
-0.00652599334716797 -0.00202465057373047 -0.359130859375 -0.28399658203125
0.00670766830444336 0.00657081604003906 -0.333251953125 0.116790771484375
0.00903892517089844 0.00651645660400391 -0.117950439453125 0.244781494140625
0.000931262969970702 -0.00641441345214844 0.0890350341796875 0.169631958007812
0.0175800323486328 -0.000274658203125 0.147552490234375 0.0406341552734375
0.0147686004638672 0.00543498992919922 -0.14453125 -0.060546875
0.00699090957641602 -0.00569248199462891 -0.0527801513671875 -0.186767578125
0.0110073089599609 0.00536918640136719 0.14190673828125 -0.241668701171875
0.00995254516601563 0.0128612518310547 0.363983154296875 -0.099822998046875
-0.00625324249267578 0.000324249267578124 0.324981689453125 0.2718505859375
-0.00975227355957031 -0.019378662109375 -0.03057861328125 0.4832763671875
0.00871515274047852 0.00340366363525391 -0.28094482421875 0.265762329101563
0.0181922912597656 0.0167770385742188 0.0140380859375 0.0389213562011719
0.0148963928222656 -0.00339412689208984 0.358551025390625 -0.239013671875
0.00317859649658203 -0.0107049942016602 0.08367919921875 -0.53179931640625
-0.00542020797729492 -0.00287437438964844 -0.361328125 -0.277374267578125
0.00679492950439453 0.00754928588867188 -0.331939697265625 0.1199951171875
0.00934123992919922 0.00823116302490234 -0.115554809570312 0.244888305664063
0.000581264495849609 -0.0049128532409668 0.0893402099609375 0.16778564453125
0.0164346694946289 0.00128746032714844 0.147354125976563 0.0397796630859375
0.0140008926391602 0.00744438171386719 -0.144134521484375 -0.060394287109375
0.00766754150390625 -0.00448083877563477 -0.0507965087890625 -0.187286376953125
0.0101757049560547 0.00636577606201172 0.143890380859375 -0.241165161132813
0.00998115539550782 0.0131673812866211 0.364288330078125 -0.095550537109375
-0.005950927734375 -9.15527343749995E-05 0.32196044921875 0.277252197265625
-0.0079803466796875 -0.0202217102050781 -0.036163330078125 0.484130859375
0.0091552734375 0.00251579284667969 -0.2813720703125 0.261962890625
0.0187397003173828 0.0160694122314453 0.0182456970214844 0.0378189086914063
0.0155982971191406 -0.00386142730712891 0.35748291015625 -0.24346923828125
0.003570556640625 -0.0114507675170898 0.076202392578125 -0.532073974609375
-0.00500345230102539 -0.00260829925537109 -0.366180419921875 -0.270904541015625
0.00676822662353516 0.00782871246337891 -0.330291748046875 0.124908447265625
0.00918388366699219 0.00838470458984375 -0.113204956054687 0.245574951171875
0.00060272216796875 -0.00311064720153809 0.09075927734375 0.167373657226562
0.0149698257446289 0.00354385375976563 0.147979736328125 0.0385284423828125
0.0168428421020508 0.00429439544677734 -0.145523071289062 -0.06427001953125
0.00991249084472656 -0.00787258148193359 -0.0604248046875 -0.188217163085938
0.00958347320556641 0.00111675262451172 0.133880615234375 -0.2425537109375
0.00607490539550781 0.0111627578735352 0.3597412109375 -0.103851318359375
-0.00982666015625 0.000405311584472657 0.32470703125 0.267425537109375
-0.00850868225097656 -0.0208759307861328 -0.029998779296875 0.481964111328125
0.0192108154296875 -0.000446319580078125 -0.2816162109375 0.268768310546875
0.0355148315429687 0.0154991149902344 0.00844192504882813 0.0406074523925781
0.0253353118896484 -0.0055694580078125 0.34954833984375 -0.239288330078125
0.00363349914550781 -0.0124731063842773 0.0726318359375 -0.52691650390625
-0.0100698471069336 -0.00170803070068359 -0.367889404296875 -0.2684326171875
0.00251531600952149 0.00637388229370117 -0.3323974609375 0.127685546875
0.00910186767578125 0.00373172760009766 -0.113616943359375 0.24853515625
0.00415229797363281 -0.00675058364868164 0.0890655517578125 0.168121337890625
0.0180873870849609 0.00254249572753906 0.151016235351563 0.0355682373046875
0.01708984375 0.00277996063232422 -0.146392822265625 -0.0631561279296875
0.00927257537841797 -0.00884914398193359 -0.06103515625 -0.188034057617187
0.00994110107421875 0.000558853149414063 0.13153076171875 -0.244216918945313
0.00617408752441406 0.0114507675170898 0.358489990234375 -0.108978271484375
-0.00957298278808594 0.00146484375 0.32818603515625 0.261566162109375
-0.00970458984375 -0.0191650390625 -0.023468017578125 0.48193359375
0.0166711807250977 0.000459671020507813 -0.28033447265625 0.270767211914062
0.0321769714355469 0.015289306640625 0.00538253784179688 0.0411529541015625
0.0236053466796875 -0.00488471984863281 0.350738525390625 -0.235748291015625
0.00340461730957031 -0.0114336013793945 0.076751708984375 -0.52960205078125
-0.00997543334960938 -0.00188827514648438 -0.364654541015625 -0.274871826171875
0.00336933135986328 0.00597381591796875 -0.333709716796875 0.1239013671875
0.0101613998413086 0.00356769561767578 -0.115097045898437 0.247787475585938
0.00345087051391602 -0.00721073150634766 0.0885162353515625 0.169036865234375
0.0185928344726563 -4.9591064453125E-05 0.149520874023437 0.0377960205078125
0.0169248580932617 0.0014801025390625 -0.147171020507812 -0.0608367919921875
0.00840854644775391 -0.00909233093261719 -0.060943603515625 -0.186737060546875
0.0102729797363281 0.000822067260742188 0.130569458007813 -0.244247436523437
0.00736904144287109 0.0108957290649414 0.35772705078125 -0.1124267578125
-0.00964450836181641 0.00133037567138672 0.331634521484375 0.25714111328125
-0.010467529296875 -0.0190620422363281 -0.01959228515625 0.478118896484375
0.0141716003417969 0.000904083251953125 -0.279403686523438 0.271270751953125
0.0293560028076172 0.0154285430908203 0.00413894653320313 0.0412788391113281
0.0207786560058594 -0.00400924682617188 0.352294921875 -0.233856201171875
0.00233268737792969 -0.0109128952026367 0.083221435546875 -0.529327392578125
-0.00894355773925781 -0.00206756591796875 -0.362579345703125 -0.277313232421875
0.00403547286987305 0.00574254989624023 -0.33380126953125 0.120025634765625
0.0102472305297852 0.00337028503417969 -0.115524291992187 0.245941162109375
0.00320005416870117 -0.00792217254638672 0.0893402099609375 0.168930053710938
0.018890380859375 -0.00140953063964844 0.14996337890625 0.0375213623046875
0.0169553756713867 0.000815391540527344 -0.147628784179688 -0.05938720703125
0.00735378265380859 -0.00865936279296875 -0.0612640380859375 -0.186080932617188
0.0102472305297852 0.00156974792480469 0.131179809570312 -0.245040893554688
0.00881099700927734 0.0111665725708008 0.3582763671875 -0.114349365234375
-0.00785398483276367 0.0019078254699707 0.332275390625 0.255218505859375
-0.0110263824462891 -0.018280029296875 -0.019256591796875 0.477386474609375
0.0115633010864258 0.00227928161621094 -0.278640747070313 0.272125244140625
0.0243473052978516 0.0159244537353516 0.00468826293945313 0.041107177734375
0.0179347991943359 -0.00379371643066406 0.354156494140625 -0.234466552734375
0.00205421447753906 -0.0101242065429688 0.085174560546875 -0.528778076171875
-0.00845193862915039 -0.00224447250366211 -0.36016845703125 -0.280853271484375
0.00490093231201172 0.00559616088867188 -0.3343505859375 0.119171142578125
0.010106086730957 0.00459003448486328 -0.11529541015625 0.245819091796875
0.00233793258666992 -0.00742769241333008 0.08953857421875 0.169189453125
0.0180644989013672 -0.00247001647949219 0.148788452148438 0.038055419921875
0.016819953918457 0.00104713439941406 -0.1468505859375 -0.058441162109375
0.00678300857543945 -0.00810909271240234 -0.0599365234375 -0.185638427734375
0.0108118057250977 0.00284385681152344 0.132492065429688 -0.245254516601563
0.00950717926025391 0.0118389129638672 0.3592529296875 -0.1124267578125
-0.00775003433227539 0.00128364562988281 0.333160400390625 0.257659912109375
-0.0112876892089844 -0.0182266235351563 -0.016998291015625 0.4793701171875
0.00955772399902344 0.00266361236572266 -0.276641845703125 0.271804809570313
0.0219306945800781 0.0162601470947266 0.006561279296875 0.0408058166503906
0.0166187286376953 -0.00295162200927734 0.3548583984375 -0.2376708984375
0.00176048278808594 -0.0101222991943359 0.085418701171875 -0.531036376953125
-0.00766372680664063 -0.00166797637939453 -0.36077880859375 -0.279632568359375
0.00587797164916992 0.00590991973876953 -0.33233642578125 0.11968994140625
0.0100622177124023 0.00560951232910156 -0.115509033203125 0.24517822265625
0.00149726867675781 -0.00689268112182617 0.090118408203125 0.16827392578125
0.0182819366455078 -0.00199127197265625 0.148117065429688 0.0380401611328125
0.0155782699584961 0.00354099273681641 -0.146286010742187 -0.057861328125
0.0065760612487793 -0.00719738006591797 -0.0577545166015625 -0.186309814453125
0.0107707977294922 0.00402641296386719 0.134979248046875 -0.24462890625
0.00963973999023438 0.0123176574707031 0.360137939453125 -0.11016845703125
-0.0064239501953125 0.00106573104858398 0.330047607421875 0.26165771484375
-0.0108051300048828 -0.0182113647460937 -0.020904541015625 0.480133056640625
0.008575439453125 0.00332498550415039 -0.276519775390625 0.26885986328125
0.0190887451171875 0.0160980224609375 0.010162353515625 0.0401458740234375
0.0151653289794922 -0.00281620025634766 0.354766845703125 -0.239105224609375
0.00243663787841797 -0.0101490020751953 0.081298828125 -0.531829833984375
-0.0064396858215332 -0.00229120254516602 -0.3621826171875 -0.277923583984375
0.00586080551147461 0.00675392150878906 -0.331085205078125 0.12188720703125
0.00918292999267578 0.00659942626953125 -0.113418579101563 0.245376586914062
0.000350475311279297 -0.0061488151550293 0.09088134765625 0.16802978515625
0.0170173645019531 -0.000838279724121094 0.14776611328125 0.0383453369140625
0.0160684585571289 0.00532817840576172 -0.145095825195313 -0.05816650390625
0.00690460205078125 -0.005767822265625 -0.055816650390625 -0.185592651367188
0.0105419158935547 0.00539875030517578 0.136978149414063 -0.24334716796875
0.0106325149536133 0.0124187469482422 0.3619384765625 -0.105438232421875
-0.00689506530761719 0.000534534454345704 0.32818603515625 0.266632080078125
-0.0100536346435547 -0.0188312530517578 -0.024078369140625 0.48150634765625
0.0083775520324707 0.00288724899291992 -0.275955200195313 0.268844604492188
0.0186042785644531 0.0159778594970703 0.0139808654785156 0.0390129089355469
0.0152788162231445 -0.00313377380371094 0.354827880859375 -0.2431640625
0.00311088562011719 -0.0101518630981445 0.076324462890625 -0.5328369140625
-0.00577068328857422 -0.00267839431762695 -0.364105224609375 -0.2734375
0.00672578811645508 0.00704669952392578 -0.329559326171875 0.1243896484375
0.00963497161865235 0.00801753997802734 -0.111785888671875 0.245559692382812
0.000273704528808593 -0.00448894500732422 0.0912628173828125 0.166610717773438
0.0169916152954102 0.000436782836914063 0.1478271484375 0.037933349609375
0.0141639709472656 0.00689315795898438 -0.144485473632812 -0.05853271484375
0.00760698318481445 -0.00449275970458984 -0.0541534423828125 -0.187026977539063
0.0107555389404297 0.00659465789794922 0.139801025390625 -0.242416381835938
0.0102348327636719 0.0131950378417969 0.3621826171875 -0.10076904296875
-0.00652790069580078 -6.72340393066396E-05 0.32403564453125 0.272369384765625
-0.00863456726074219 -0.0199184417724609 -0.0303344726562499 0.4830322265625
0.0087733268737793 0.00241947174072266 -0.275894165039062 0.265289306640625
0.0189075469970703 0.0156040191650391 0.018096923828125 0.0380630493164063
0.0153999328613281 -0.00398349761962891 0.35308837890625 -0.247039794921875
0.00356006622314453 -0.0114212036132813 0.069061279296875 -0.53167724609375
-0.00496912002563477 -0.00275659561157227 -0.368316650390625 -0.265869140625
0.00668191909790039 0.00731515884399414 -0.3272705078125 0.129058837890625
0.00884532928466797 0.00868988037109375 -0.108795166015625 0.246353149414063
0.000634908676147461 -0.00371670722961426 0.0932464599609375 0.164993286132813
0.0153207778930664 0.00276470184326172 0.148452758789063 0.0367584228515625
0.0163955688476563 0.00388240814208984 -0.14593505859375 -0.0620574951171875
0.00927066802978516 -0.00815773010253906 -0.062713623046875 -0.186447143554688
0.00979900360107422 0.000965118408203125 0.129364013671875 -0.244583129882813
0.00570201873779297 0.0110626220703125 0.355865478515625 -0.109222412109375
-0.0103378295898438 0.000813484191894533 0.326263427734375 0.26275634765625
-0.00873184204101563 -0.0210018157958984 -0.02484130859375 0.480316162109375
0.0190486907958984 -0.00130081176757813 -0.278167724609375 0.2703857421875
0.0354423522949219 0.0148735046386719 0.00897216796875 0.0405540466308594
0.0248146057128906 -0.00592994689941406 0.346710205078125 -0.241607666015625
0.00345516204833984 -0.0123043060302734 0.066192626953125 -0.52606201171875
-0.00974273681640625 -0.00205898284912109 -0.369110107421875 -0.263458251953125
0.00277423858642578 0.00613260269165039 -0.329833984375 0.13214111328125
0.00968170166015625 0.00370597839355469 -0.110382080078125 0.249496459960938
0.00394487380981445 -0.00694751739501953 0.09130859375 0.165817260742187
0.0185794830322266 0.00171470642089844 0.151016235351562 0.034576416015625
0.0172634124755859 0.00142097473144531 -0.14697265625 -0.0610809326171875
0.00851917266845703 -0.00880908966064453 -0.063568115234375 -0.186279296875
0.0100202560424805 0.000897407531738281 0.12725830078125 -0.245330810546875
0.00646781921386719 0.0109748840332031 0.355255126953125 -0.11273193359375
-0.00974845886230469 0.000938415527343751 0.33013916015625 0.25634765625
-0.009552001953125 -0.0196170806884766 -0.01739501953125 0.47882080078125
0.0165367126464844 0.00016021728515625 -0.27557373046875 0.272796630859375
0.0324440002441406 0.0154151916503906 0.00597381591796875 0.0412063598632813
0.0234832763671875 -0.00514030456542969 0.346649169921875 -0.238800048828125
0.00279331207275391 -0.0113744735717773 0.071075439453125 -0.526458740234375
-0.00966739654541016 -0.00149726867675781 -0.367462158203125 -0.267974853515625
0.00336408615112305 0.00562858581542969 -0.330169677734375 0.1279296875
0.00926780700683594 0.00352287292480469 -0.111221313476562 0.248138427734375
0.00369739532470703 -0.00727081298828125 0.0901641845703125 0.166366577148438
0.0184783935546875 -0.000230789184570312 0.14984130859375 0.0352020263671875
0.0171823501586914 0.000636100769042969 -0.148147583007813 -0.0587921142578125
0.00790119171142578 -0.00914764404296875 -0.0646820068359375 -0.185104370117188
0.00983810424804688 0.000920295715332031 0.125259399414062 -0.245819091796875
0.00722312927246094 0.0107812881469727 0.355377197265625 -0.116729736328125
-0.00957775115966797 0.0014657974243164 0.331298828125 0.25213623046875
-0.0109977722167969 -0.0189800262451172 -0.01409912109375 0.477294921875
0.0145320892333984 0.000844955444335938 -0.274490356445313 0.274459838867187
0.0286865234375 0.0146083831787109 0.00455856323242187 0.0417289733886719
0.0217609405517578 -0.0042724609375 0.348175048828125 -0.23687744140625
0.00220012664794922 -0.0103940963745117 0.07708740234375 -0.52691650390625
-0.00940513610839844 -0.00155067443847656 -0.364837646484375 -0.27264404296875
0.00422000885009766 0.00574111938476563 -0.330810546875 0.1239013671875
0.00983810424804688 0.00383186340332031 -0.11181640625 0.247268676757812
0.00275182723999023 -0.00712490081787109 0.0903167724609375 0.16778564453125
0.0181293487548828 -0.00190353393554688 0.14947509765625 0.0364990234375
0.0176162719726562 0.00049591064453125 -0.147979736328125 -0.0579376220703125
0.00723361968994141 -0.00887012481689453 -0.0640106201171875 -0.185791015625
0.0103521347045898 0.00142574310302734 0.126693725585938 -0.246734619140625
0.00856494903564453 0.0110177993774414 0.355560302734375 -0.1175537109375
-0.00832128524780273 0.00160551071166992 0.332763671875 0.2518310546875
-0.0112800598144531 -0.0179939270019531 -0.013824462890625 0.476715087890625
0.0120611190795898 0.002288818359375 -0.274063110351563 0.272994995117188
0.0246257781982422 0.016021728515625 0.00496292114257812 0.0413856506347656
0.0186595916748047 -0.00336074829101563 0.351043701171875 -0.237548828125
0.00197982788085938 -0.00989341735839844 0.079071044921875 -0.528564453125
-0.0084233283996582 -0.00203847885131836 -0.362518310546875 -0.275360107421875
0.00450849533081055 0.00579118728637695 -0.3310546875 0.122802734375
0.00961685180664063 0.00417804718017578 -0.111648559570313 0.246429443359375
0.00228595733642578 -0.00735902786254883 0.091583251953125 0.166763305664063
0.0190086364746094 -0.00270652770996094 0.14947509765625 0.036834716796875
0.0164146423339844 0.00135993957519531 -0.147552490234375 -0.0565185546875
0.00698232650756836 -0.00828456878662109 -0.0626220703125 -0.1842041015625
0.0102319717407227 0.00298404693603516 0.127944946289062 -0.24639892578125
0.00911903381347656 0.0118036270141602 0.3544921875 -0.117401123046875
-0.00782108306884766 0.00139474868774414 0.332611083984375 0.253204345703125
-0.0110492706298828 -0.0176906585693359 -0.012298583984375 0.478271484375
0.00942134857177734 0.0028228759765625 -0.273208618164063 0.273330688476563
0.0216884613037109 0.0156917572021484 0.00748825073242188 0.041015625
0.0166854858398438 -0.00270938873291016 0.3502197265625 -0.2392578125
0.00198554992675781 -0.00968742370605469 0.078155517578125 -0.52978515625
-0.00793218612670898 -0.00181913375854492 -0.362518310546875 -0.27435302734375
0.00562381744384766 0.00550222396850586 -0.329559326171875 0.123321533203125
0.00955486297607422 0.00547122955322266 -0.110885620117188 0.245895385742187
0.00156545639038086 -0.00682449340820312 0.092132568359375 0.166015625
0.0177707672119141 -0.00279426574707031 0.14886474609375 0.0367584228515625
0.0166501998901367 0.00271129608154297 -0.1473388671875 -0.0561065673828125
0.0065913200378418 -0.00685405731201172 -0.0606231689453125 -0.184219360351563
0.0106239318847656 0.00442123413085938 0.130340576171875 -0.245040893554688
0.00971794128417969 0.0113258361816406 0.3572998046875 -0.11407470703125
-0.00733613967895508 0.000730991363525391 0.331878662109375 0.25616455078125
-0.0108814239501953 -0.0178203582763672 -0.016357421875 0.478759765625
0.0085897445678711 0.00293302536010742 -0.272613525390625 0.270721435546875
0.0197467803955078 0.0155601501464844 0.00998687744140625 0.0399513244628906
0.0150699615478516 -0.00304985046386719 0.35101318359375 -0.242034912109375
0.00151729583740234 -0.00999069213867188 0.07470703125 -0.531463623046875
-0.00651121139526367 -0.00231599807739258 -0.3643798828125 -0.27227783203125
0.00652742385864258 0.00609064102172852 -0.328460693359375 0.124603271484375
0.00945758819580078 0.00631999969482422 -0.110397338867188 0.24566650390625
0.000899314880371094 -0.0057826042175293 0.092803955078125 0.16510009765625
0.0171613693237305 -0.00144481658935547 0.147842407226562 0.036224365234375
0.0161609649658203 0.00467014312744141 -0.146026611328125 -0.0556793212890625
0.00663948059082031 -0.00561857223510742 -0.058929443359375 -0.183746337890625
0.010655403137207 0.00566673278808594 0.132843017578125 -0.245162963867188
0.00995445251464844 0.0120382308959961 0.35821533203125 -0.109130859375
-0.00697994232177734 8.05854797363277E-05 0.328765869140625 0.26239013671875
-0.0101909637451172 -0.0183849334716797 -0.01934814453125 0.480224609375
0.00880146026611328 0.00287532806396484 -0.272750854492187 0.27032470703125
0.0183219909667969 0.0156154632568359 0.0140037536621094 0.0389060974121094
0.0150337219238281 -0.00357151031494141 0.350341796875 -0.24554443359375
0.00264835357666016 -0.0104274749755859 0.071075439453125 -0.53045654296875
-0.00633049011230469 -0.00218534469604492 -0.365875244140625 -0.266265869140625
0.00683736801147461 0.00658369064331055 -0.32672119140625 0.128387451171875
0.00923824310302734 0.00778961181640625 -0.107559204101563 0.246337890625
0.000201225280761718 -0.00451850891113281 0.0935211181640625 0.163818359375
0.0168485641479492 -0.00031280517578125 0.147918701171875 0.035858154296875
0.0149450302124023 0.00647068023681641 -0.145172119140625 -0.0567169189453125
0.00707101821899414 -0.00419139862060547 -0.057098388671875 -0.185440063476563
0.0105981826782227 0.00606918334960938 0.135284423828125 -0.243301391601563
0.0100994110107422 0.0128192901611328 0.3587646484375 -0.10467529296875
-0.00658321380615234 -0.000717163085937499 0.32470703125 0.267181396484375
-0.00834274291992187 -0.0199260711669922 -0.025299072265625 0.481292724609375
0.00893402099609375 0.00244140625 -0.272781372070313 0.267242431640625
0.019134521484375 0.0156021118164063 0.0185737609863281 0.0377311706542969
0.015660285949707 -0.00402164459228516 0.3485107421875 -0.250030517578125
0.00361728668212891 -0.0112552642822266 0.062957763671875 -0.5303955078125
-0.00548982620239258 -0.00269222259521484 -0.36968994140625 -0.260711669921875
0.00666141510009766 0.00724172592163086 -0.324188232421875 0.132720947265625
0.00917911529541016 0.00831794738769531 -0.105484008789062 0.2467041015625
0.000575065612792969 -0.00346684455871582 0.0947113037109375 0.163253784179688
0.0154600143432617 0.00217628479003906 0.148468017578125 0.0355072021484375
0.0168123245239258 0.00357246398925781 -0.146652221679688 -0.0605010986328125
0.00981616973876953 -0.00815486907958984 -0.0658111572265625 -0.185653686523438
0.00981616973876953 0.00118827819824219 0.125137329101562 -0.245010375976562
0.00533580780029297 0.0109100341796875 0.35302734375 -0.112762451171875
-0.0110836029052734 0.000673294067382813 0.32708740234375 0.257049560546875
-0.00863265991210937 -0.0199851989746094 -0.02105712890625 0.47796630859375
0.0190067291259766 -0.00123023986816406 -0.2725830078125 0.271636962890625
0.0351276397705078 0.0148277282714844 0.00881576538085938 0.040374755859375
0.0248298645019531 -0.00632667541503906 0.342041015625 -0.243865966796875
0.00290298461914062 -0.0117521286010742 0.060516357421875 -0.5238037109375
-0.00981807708740235 -0.000696182250976561 -0.370513916015625 -0.25726318359375
0.00250339508056641 0.00560712814331055 -0.32623291015625 0.134674072265625
0.00945186614990234 0.00364589691162109 -0.10626220703125 0.249282836914062
0.003753662109375 -0.00644683837890625 0.09307861328125 0.164047241210938
0.0177688598632812 0.00116539001464844 0.150985717773438 0.0322418212890625
0.0177021026611328 0.00110435485839844 -0.14776611328125 -0.05889892578125
0.00841236114501953 -0.00881099700927734 -0.0667266845703125 -0.184600830078125
0.00946426391601563 0.000612258911132813 0.122848510742187 -0.245132446289063
0.00638103485107422 0.0110931396484375 0.350341796875 -0.117706298828125
-0.00991535186767578 0.00128459930419922 0.331329345703125 0.251220703125
-0.00942039489746094 -0.0191249847412109 -0.014373779296875 0.476806640625
0.0169401168823242 -0.000356674194335937 -0.271041870117188 0.27349853515625
0.0321903228759766 0.0140953063964844 0.00625991821289063 0.0409622192382812
0.0231552124023438 -0.00541877746582031 0.341339111328125 -0.24090576171875
0.00277996063232422 -0.0113601684570313 0.0645751953125 -0.524505615234375
-0.0105800628662109 -0.00109386444091797 -0.368072509765625 -0.262359619140625
0.00349664688110352 0.00524234771728516 -0.327606201171875 0.13116455078125
0.010004997253418 0.00363636016845703 -0.107772827148437 0.24847412109375
0.00353479385375977 -0.00674724578857422 0.091552734375 0.164627075195313
0.0183238983154297 -0.0014495849609375 0.149307250976563 0.03363037109375
0.0172815322875977 0.000315666198730469 -0.148193359375 -0.0569000244140625
0.00815916061401367 -0.00868797302246094 -0.0680694580078125 -0.183624267578125
0.00994777679443359 0.000890731811523438 0.121383666992187 -0.246612548828125
0.00730323791503906 0.0111703872680664 0.351043701171875 -0.120697021484375
-0.00992774963378906 0.00152969360351562 0.333099365234375 0.247039794921875
-0.0109577178955078 -0.0186004638671875 -0.00997924804687499 0.475128173828125
0.0142936706542969 0.000828742980957031 -0.270065307617188 0.274368286132813
0.0290317535400391 0.0147876739501953 0.00481796264648438 0.0413475036621094
0.0204277038574219 -0.00450515747070313 0.343780517578125 -0.239105224609375
0.00241851806640625 -0.0107297897338867 0.0708618164062501 -0.526031494140625
-0.00940132141113281 -0.00144290924072266 -0.365325927734375 -0.26678466796875
0.00386333465576172 0.00479459762573242 -0.32818603515625 0.127655029296875
0.00948619842529297 0.00314712524414063 -0.10772705078125 0.2474365234375
0.00323629379272461 -0.00769948959350586 0.092742919921875 0.165252685546875
0.0187702178955078 -0.00300216674804688 0.1495361328125 0.033843994140625
0.0170841217041016 0.00049591064453125 -0.148757934570313 -0.0564422607421875
0.00744390487670898 -0.00782108306884766 -0.0664215087890625 -0.183273315429688
0.0102939605712891 0.00211429595947266 0.121536254882812 -0.246627807617188
0.00852489471435547 0.0106468200683594 0.3515625 -0.12152099609375
-0.00904273986816406 0.00184822082519531 0.33428955078125 0.24560546875
-0.0109100341796875 -0.0176639556884766 -0.00866699218749995 0.47503662109375
0.0115060806274414 0.00204086303710938 -0.26983642578125 0.27484130859375
0.0250949859619141 0.0152950286865234 0.00501632690429687 0.0412178039550781
0.0182170867919922 -0.00313568115234375 0.3443603515625 -0.239410400390625
0.00149917602539062 -0.0101099014282227 0.07318115234375 -0.525634765625
-0.00915813446044922 -0.00162410736083984 -0.364227294921875 -0.269012451171875
0.0045933723449707 0.00501585006713867 -0.327728271484375 0.12689208984375
0.00959300994873047 0.00402069091796875 -0.107666015625 0.246444702148438
0.00239372253417969 -0.00688409805297852 0.0927581787109375 0.164474487304688
0.018768310546875 -0.00347709655761719 0.148895263671875 0.034515380859375
0.0175933837890625 0.00066375732421875 -0.147903442382813 -0.05499267578125
0.006256103515625 -0.00793790817260742 -0.0650177001953125 -0.182449340820313
0.0105857849121094 0.00283432006835938 0.123886108398437 -0.246383666992187
0.00964069366455078 0.0111017227172852 0.35272216796875 -0.1219482421875
-0.00769519805908203 0.00152587890625 0.33355712890625 0.247589111328125
-0.0112361907958984 -0.0171823501586914 -0.00778198242187497 0.475250244140625
0.00987720489501953 0.00262069702148438 -0.268508911132813 0.274032592773437
0.0215129852294922 0.0154762268066406 0.00735092163085938 0.040191650390625
0.0166797637939453 -0.00307369232177734 0.346435546875 -0.240936279296875
0.00164985656738281 -0.00951671600341797 0.0728149414062501 -0.528900146484375
-0.00734996795654297 -0.00206661224365234 -0.3638916015625 -0.268829345703125
0.00533390045166016 0.00605440139770508 -0.32611083984375 0.126129150390625
0.0101327896118164 0.00527572631835938 -0.107772827148437 0.246124267578125
0.00152826309204102 -0.00649118423461914 0.0942230224609375 0.164199829101563
0.01788330078125 -0.00318717956542969 0.14923095703125 0.034912109375
0.017054557800293 0.00232601165771484 -0.147598266601563 -0.053955078125
0.00609302520751953 -0.00678300857543945 -0.062835693359375 -0.182479858398438
0.0109701156616211 0.0045166015625 0.125808715820312 -0.246078491210938
0.00962257385253906 0.0110464096069336 0.35223388671875 -0.118408203125
-0.00763034820556641 0.00101900100708008 0.331634521484375 0.250640869140625
-0.0105295181274414 -0.0174789428710938 -0.00988769531249997 0.47686767578125
0.00868511199951172 0.00285959243774414 -0.2681884765625 0.272567749023438
0.0191307067871094 0.0152873992919922 0.0104827880859375 0.0402450561523438
0.0150480270385742 -0.00300884246826172 0.3460693359375 -0.244293212890625
0.00207138061523437 -0.00946235656738281 0.069671630859375 -0.528717041015625
-0.00720024108886719 -0.00181007385253906 -0.36492919921875 -0.266815185546875
0.00607490539550781 0.00622320175170898 -0.3251953125 0.12835693359375
0.00912189483642578 0.00651645660400391 -0.106491088867188 0.245956420898438
0.00104713439941406 -0.00574684143066406 0.0942230224609375 0.163162231445312
0.0175466537475586 -0.00201988220214844 0.148147583007813 0.0348663330078125
0.016383171081543 0.00374603271484375 -0.145889282226563 -0.053955078125
0.0065464973449707 -0.00561380386352539 -0.0609588623046875 -0.183456420898437
0.010554313659668 0.00571537017822266 0.12841796875 -0.244949340820313
0.0102453231811523 0.0120277404785156 0.353607177734375 -0.112884521484375
-0.00689506530761719 0.000857353210449219 0.330078125 0.256591796875
-0.00985527038574219 -0.0179786682128906 -0.0150146484375 0.477142333984375
0.00819969177246094 0.00255918502807617 -0.268081665039063 0.270889282226563
0.0186309814453125 0.0153408050537109 0.0136833190917969 0.0388374328613281
0.0150327682495117 -0.00317764282226563 0.345428466796875 -0.247589111328125
0.00262165069580078 -0.00974845886230469 0.0636291503906249 -0.528961181640625
-0.00570821762084961 -0.00183725357055664 -0.366455078125 -0.263092041015625
0.006622314453125 0.00632762908935547 -0.3231201171875 0.131500244140625
0.00928306579589844 0.00757312774658203 -0.104461669921875 0.245956420898438
0.000646114349365234 -0.00415587425231934 0.09466552734375 0.16156005859375
0.0163707733154297 -0.0006561279296875 0.148025512695313 0.03424072265625
0.0150289535522461 0.00571441650390625 -0.145767211914062 -0.0546417236328125
0.0069575309753418 -0.00428199768066406 -0.0593719482421875 -0.183563232421875
0.0102863311767578 0.00619792938232422 0.130599975585938 -0.244369506835938
0.0103483200073242 0.0121994018554688 0.35528564453125 -0.10980224609375
-0.00641489028930664 -0.000336170196533204 0.326690673828125 0.261474609375
-0.00862503051757813 -0.0192470550537109 -0.01995849609375 0.47869873046875
0.00904464721679688 0.00203704833984375 -0.268295288085937 0.2679443359375
0.0184993743896484 0.0151004791259766 0.0185127258300781 0.0376853942871094
0.0153875350952148 -0.00416660308837891 0.34375 -0.2513427734375
0.00330257415771484 -0.0112190246582031 0.056793212890625 -0.52783203125
-0.00514984130859375 -0.00236606597900391 -0.370208740234375 -0.255096435546875
0.00689029693603516 0.00703620910644531 -0.320770263671875 0.135650634765625
0.00957584381103515 0.00830650329589844 -0.101364135742187 0.246185302734375
0.000908374786376953 -0.00266885757446289 0.0957183837890625 0.160659790039063
0.0156946182250977 0.00169563293457031 0.148956298828125 0.0338134765625
0.0170745849609375 0.00240421295166016 -0.147216796875 -0.058258056640625
0.00945186614990234 -0.00766754150390625 -0.068450927734375 -0.183578491210938
0.00978660583496094 0.00141143798828125 0.121383666992188 -0.244598388671875
0.00495243072509766 0.0110282897949219 0.348114013671875 -0.11663818359375
-0.0107841491699219 0.000227928161621093 0.326873779296875 0.25103759765625
-0.00830841064453125 -0.0200233459472656 -0.0158081054687501 0.475067138671875
0.0189418792724609 -0.00126457214355469 -0.269302368164062 0.271240234375
0.0344829559326172 0.0140914916992188 0.009368896484375 0.0406570434570313
0.024505615234375 -0.00644874572753906 0.3365478515625 -0.245147705078125
0.00298786163330078 -0.0118141174316406 0.05474853515625 -0.520660400390625
-0.0105648040771484 -0.00169086456298828 -0.37030029296875 -0.252105712890625
0.00301742553710938 0.00545930862426758 -0.322540283203125 0.137176513671875
0.00948047637939453 0.00304698944091797 -0.102859497070313 0.248367309570312
0.00410890579223633 -0.00572776794433594 0.093597412109375 0.161285400390625
0.0183372497558594 -4.1961669921875E-05 0.150588989257813 0.03057861328125
0.0178565979003906 0.00086212158203125 -0.1478271484375 -0.05706787109375
0.00843477249145508 -0.00866317749023438 -0.06890869140625 -0.182815551757813
0.00903892517089844 0.000762939453125 0.11810302734375 -0.245925903320312
0.00579261779785156 0.0104312896728516 0.34686279296875 -0.120697021484375
-0.0100374221801758 0.00127410888671875 0.330657958984375 0.24578857421875
-0.00971794128417968 -0.0182304382324219 -0.00973510742187497 0.47344970703125
0.016876220703125 -0.000414848327636719 -0.2669677734375 0.2740478515625
0.0318279266357422 0.0144138336181641 0.00649642944335937 0.0414276123046875
0.0227947235107422 -0.00558090209960937 0.337127685546875 -0.24273681640625
0.00247573852539063 -0.0106983184814453 0.059356689453125 -0.5211181640625
-0.0104284286499023 -0.00133991241455078 -0.367706298828125 -0.256988525390625
0.00264739990234375 0.00515413284301758 -0.3231201171875 0.13397216796875
0.00995349884033203 0.00369834899902344 -0.1041259765625 0.248260498046875
0.00383281707763672 -0.00688791275024414 0.0933990478515625 0.162353515625
0.0185813903808594 -0.00155448913574219 0.149871826171875 0.0323638916015625
0.0178375244140625 -0.000720977783203125 -0.148529052734375 -0.0546875
0.00765514373779297 -0.00898170471191406 -0.069366455078125 -0.18157958984375
0.00943756103515625 0.00123214721679688 0.117477416992188 -0.245834350585938
0.00718402862548828 0.010594367980957 0.346527099609375 -0.12408447265625
-0.010188102722168 0.000953674316406248 0.33233642578125 0.242919921875
-0.0107593536376953 -0.0180892944335938 -0.00637817382812497 0.473175048828125
0.0147037506103516 -9.25064086914063E-05 -0.2662353515625 0.2752685546875
0.0283870697021484 0.0146331787109375 0.00534820556640625 0.041351318359375
0.0211238861083984 -0.00431442260742187 0.339813232421875 -0.240875244140625
0.00146961212158203 -0.00961494445800781 0.065277099609375 -0.522979736328125
-0.00948047637939453 -0.000985145568847656 -0.364776611328125 -0.26153564453125
0.00449132919311523 0.00536203384399414 -0.323974609375 0.130035400390625
0.00943851470947266 0.00373172760009766 -0.104263305664062 0.2464599609375
0.00281572341918945 -0.00666332244873047 0.0934295654296875 0.16241455078125
0.0187702178955078 -0.00297164916992188 0.149093627929688 0.0326385498046875
0.0176544189453125 -0.000635147094726562 -0.148513793945313 -0.053680419921875
0.00731754302978516 -0.00870180130004883 -0.068603515625 -0.18109130859375
0.00998687744140625 0.00187969207763672 0.117156982421875 -0.247039794921875
0.0082244873046875 0.0106840133666992 0.346099853515625 -0.1258544921875
-0.00914955139160156 0.00145244598388672 0.332855224609375 0.24078369140625
-0.0116701126098633 -0.0171232223510742 -0.004638671875 0.471221923828125
0.0120410919189453 0.00172901153564453 -0.265579223632813 0.275100708007813
0.0244846343994141 0.0147933959960938 0.00571823120117188 0.0407676696777344
0.0184192657470703 -0.002471923828125 0.341827392578125 -0.241912841796875
0.00144481658935547 -0.00967121124267578 0.06805419921875 -0.5238037109375
-0.00888347625732422 -0.00137424468994141 -0.363189697265625 -0.264129638671875
0.00446462631225586 0.00534534454345703 -0.324066162109375 0.129241943359375
0.009613037109375 0.00438976287841797 -0.104324340820312 0.245925903320313
0.00255441665649414 -0.00645112991333008 0.0946044921875 0.162704467773437
0.018524169921875 -0.00406646728515625 0.149154663085938 0.03302001953125
0.0173587799072266 -8.29696655273438E-05 -0.148269653320313 -0.052764892578125
0.00671291351318359 -0.00775289535522461 -0.0675201416015625 -0.181198120117188
0.010472297668457 0.00362110137939453 0.118789672851562 -0.24676513671875
0.00902843475341797 0.0107870101928711 0.347808837890625 -0.123931884765625
-0.00879669189453125 0.000934600830078126 0.33380126953125 0.2418212890625
-0.0110702514648437 -0.0176124572753906 -0.00448608398437502 0.47119140625
0.00966072082519531 0.00202846527099609 -0.264862060546875 0.274871826171875
0.0214881896972656 0.0149402618408203 0.00703811645507813 0.0406379699707031
0.0159997940063477 -0.00312995910644531 0.342010498046875 -0.242431640625
0.00200653076171875 -0.00940704345703125 0.06707763671875 -0.52496337890625
-0.00756406784057617 -0.00166225433349609 -0.36346435546875 -0.263885498046875
0.0046076774597168 0.00498199462890625 -0.322662353515625 0.12921142578125
0.00925922393798828 0.00547027587890625 -0.103790283203125 0.245529174804688
0.000761985778808594 -0.00617361068725586 0.095367431640625 0.161590576171875
0.0182552337646484 -0.00348281860351563 0.148056030273438 0.0329742431640625
0.0172338485717773 0.00143718719482422 -0.147705078125 -0.0521087646484375
0.00614261627197266 -0.00660228729248047 -0.0650482177734375 -0.180694580078125
0.010594367980957 0.00457000732421875 0.121902465820312 -0.246322631835938
0.00986194610595703 0.010960578918457 0.3497314453125 -0.121826171875
-0.00765323638916016 0.000840187072753906 0.332061767578125 0.246551513671875
-0.0103321075439453 -0.0175895690917969 -0.00723266601562496 0.473876953125
0.00836944580078125 0.00284385681152344 -0.2637939453125 0.273269653320312
0.0191764831542969 0.0154647827148437 0.0107383728027344 0.0394058227539063
0.014948844909668 -0.00319576263427734 0.34161376953125 -0.245025634765625
0.00190639495849609 -0.009490966796875 0.06298828125 -0.526123046875
-0.00673484802246094 -0.00198030471801758 -0.364349365234375 -0.261566162109375
0.00580978393554688 0.00550365447998047 -0.321258544921875 0.13092041015625
0.00935173034667969 0.00671958923339844 -0.103546142578125 0.244796752929688
0.000385761260986328 -0.00484800338745117 0.0957489013671875 0.160812377929688
0.0170402526855469 -0.00261211395263672 0.14813232421875 0.03314208984375
0.016505241394043 0.00341415405273437 -0.146270751953125 -0.052093505859375
0.0065617561340332 -0.00531673431396484 -0.063446044921875 -0.180801391601563
0.0106563568115234 0.00554656982421875 0.123672485351562 -0.245864868164062
0.00995254516601563 0.0114984512329102 0.351043701171875 -0.117950439453125
-0.0071721076965332 -0.000205516815185547 0.330047607421875 0.252166748046875
-0.00955963134765625 -0.0179557800292969 -0.010009765625 0.474395751953125
0.00856494903564453 0.00273370742797852 -0.263626098632813 0.27093505859375
0.0185813903808594 0.0150260925292969 0.0148887634277344 0.0386619567871094
0.0152883529663086 -0.00308895111083984 0.34033203125 -0.249481201171875
0.00274562835693359 -0.00992393493652344 0.057952880859375 -0.526580810546875
-0.00642967224121094 -0.00222396850585938 -0.36676025390625 -0.256744384765625
0.00624704360961914 0.00592422485351563 -0.319366455078125 0.133880615234375
0.00960063934326172 0.00782012939453125 -0.10107421875 0.245468139648438
0.000677824020385743 -0.00363779067993164 0.0961151123046875 0.15924072265625
0.0167474746704102 -0.00116729736328125 0.148239135742188 0.032867431640625
0.015385627746582 0.00509357452392578 -0.145736694335938 -0.0525360107421875
0.00698471069335938 -0.00401592254638672 -0.06195068359375 -0.182159423828125
0.0101957321166992 0.00652980804443359 0.126876831054687 -0.244247436523438
0.00953578948974609 0.0120534896850586 0.3514404296875 -0.11285400390625
-0.00686025619506836 -0.000605106353759765 0.32489013671875 0.256805419921875
-0.00867843627929687 -0.0194606781005859 -0.015350341796875 0.47601318359375
0.00915241241455078 0.00170516967773438 -0.264968872070313 0.267776489257813
0.0190467834472656 0.0149192810058594 0.0188217163085938 0.0378684997558594
0.0153169631958008 -0.0039825439453125 0.340576171875 -0.25250244140625
0.003570556640625 -0.0112771987915039 0.05133056640625 -0.52496337890625
-0.00593328475952149 -0.00237798690795898 -0.371063232421875 -0.24957275390625
0.00664138793945312 0.00630998611450195 -0.31732177734375 0.1380615234375
0.00909423828125 0.00824832916259766 -0.09869384765625 0.24560546875
0.000711679458618164 -0.00210988521575928 0.0977783203125 0.158523559570313
0.0157079696655273 0.00142097473144531 0.148269653320313 0.0323944091796875
0.0172567367553711 0.00261974334716797 -0.147125244140625 -0.0560150146484375
0.00862216949462891 -0.00799036026000977 -0.0701751708984375 -0.181625366210937
0.00900077819824219 0.00137042999267578 0.116500854492188 -0.244522094726563
0.00582313537597656 0.0104608535766602 0.3436279296875 -0.118896484375
-0.0105552673339844 0.000489234924316408 0.325927734375 0.24755859375
-0.00873756408691406 -0.0198993682861328 -0.01202392578125 0.472412109375
0.0189590454101563 -0.00161170959472656 -0.266265869140625 0.2716064453125
0.0341682434082031 0.0136013031005859 0.00918960571289063 0.041107177734375
0.0246334075927734 -0.00644874572753906 0.331695556640625 -0.245269775390625
0.00241756439208984 -0.0108728408813477 0.051025390625 -0.517303466796875
-0.0106334686279297 -0.00087165832519531 -0.369781494140625 -0.247650146484375
0.00269699096679688 0.00554513931274414 -0.319122314453125 0.138824462890625
0.00914096832275391 0.00349521636962891 -0.099609375 0.247817993164063
0.0040898323059082 -0.0060124397277832 0.094696044921875 0.1585693359375
0.0186691284179688 -9.72747802734375E-05 0.14990234375 0.0295257568359375
0.0178432464599609 0.00029754638671875 -0.147979736328125 -0.0550689697265625
0.00788497924804687 -0.0089874267578125 -0.070526123046875 -0.180419921875
0.00979995727539063 0.00124835968017578 0.11492919921875 -0.246261596679687
0.00630474090576172 0.00998401641845703 0.34326171875 -0.1220703125
-0.0104408264160156 0.000975608825683592 0.32989501953125 0.242523193359375
-0.00993156433105469 -0.0185661315917969 -0.00634765624999995 0.47027587890625
0.0169668197631836 -0.000498771667480469 -0.263778686523438 0.273696899414063
0.0321598052978516 0.0135688781738281 0.00646591186523438 0.0415573120117188
0.0226268768310547 -0.00550460815429688 0.333709716796875 -0.2432861328125
0.00234794616699219 -0.0111150741577148 0.05517578125 -0.517791748046875
-0.0102138519287109 -0.00115108489990234 -0.368133544921875 -0.25274658203125
0.00357484817504883 0.00495147705078125 -0.320404052734375 0.135772705078125
0.0102930068969727 0.00365924835205078 -0.10028076171875 0.246490478515625
0.00334787368774414 -0.00694131851196289 0.0944366455078125 0.160354614257813
0.0189170837402344 -0.00209999084472656 0.148941040039063 0.031005859375
0.0178966522216797 -0.000757217407226563 -0.14862060546875 -0.0529937744140625
0.00726509094238281 -0.00934219360351563 -0.071380615234375 -0.179580688476563
0.00948619842529297 0.00145912170410156 0.113006591796875 -0.2462158203125
0.00722885131835938 0.00986766815185547 0.342803955078125 -0.126068115234375
-0.00978374481201172 0.00148200988769531 0.33197021484375 0.23760986328125
-0.0107364654541016 -0.0180797576904297 -0.00247192382812503 0.468536376953125
0.0143222808837891 2.6702880859375E-05 -0.261276245117188 0.27545166015625
0.0283660888671875 0.0140666961669922 0.0053558349609375 0.0418128967285156
0.0205764770507813 -0.00463294982910156 0.336181640625 -0.24053955078125
0.00183391571044922 -0.00983524322509765 0.060272216796875 -0.519805908203125
-0.00980281829833984 -0.00104904174804688 -0.36505126953125 -0.25640869140625
0.00349092483520508 0.00488758087158203 -0.321014404296875 0.13226318359375
0.00966739654541016 0.00368022918701172 -0.100982666015625 0.24566650390625
0.00261306762695313 -0.00688648223876953 0.0942840576171875 0.160568237304688
0.0187110900878906 -0.00332832336425781 0.1488037109375 0.031494140625
0.0177078247070313 -0.00124931335449219 -0.148651123046875 -0.0518646240234375
0.00731849670410156 -0.00847768783569336 -0.070159912109375 -0.178985595703125
0.0101890563964844 0.00192928314208984 0.113784790039063 -0.24615478515625
0.00776386260986328 0.00969409942626953 0.343475341796875 -0.127166748046875
-0.00950908660888672 0.00179481506347656 0.333343505859375 0.236358642578125
-0.0114469528198242 -0.0172872543334961 0.000122070312499948 0.468292236328125
0.0119199752807617 0.00122737884521484 -0.261764526367188 0.273910522460937
0.0248012542724609 0.0143947601318359 0.00569534301757812 0.0408668518066406
0.0181140899658203 -0.00352668762207031 0.3360595703125 -0.24139404296875
0.00245285034179687 -0.00943374633789063 0.062408447265625 -0.5205078125
-0.00870990753173828 -0.00185012817382812 -0.363739013671875 -0.2591552734375
0.00439214706420898 0.00499248504638672 -0.320953369140625 0.130889892578125
0.00909233093261719 0.00414752960205078 -0.101165771484375 0.244094848632813
0.00211954116821289 -0.00614547729492188 0.095184326171875 0.159896850585938
0.018218994140625 -0.00429153442382813 0.148666381835938 0.0318450927734375
0.0179100036621094 -0.000539779663085938 -0.148406982421875 -0.0506439208984375
0.00712108612060547 -0.00750589370727539 -0.0697479248046875 -0.179656982421875
0.0103998184204102 0.00362968444824219 0.11517333984375 -0.246185302734375
0.00934791564941406 0.01055908203125 0.3453369140625 -0.12603759765625
-0.00876140594482422 0.00112009048461914 0.331787109375 0.2398681640625
-0.0108280181884766 -0.0168046951293945 -0.000457763671875034 0.469329833984375
0.00979328155517578 0.00234603881835938 -0.260406494140625 0.274337768554688
0.0210227966308594 0.0147705078125 0.00789260864257813 0.0402297973632813
0.0158472061157227 -0.00320053100585938 0.338104248046875 -0.24365234375
0.00175285339355469 -0.00908851623535156 0.061614990234375 -0.520538330078125
-0.00793838500976563 -0.00166082382202149 -0.362518310546875 -0.25848388671875
0.00554561614990234 0.00476694107055664 -0.319091796875 0.130950927734375
0.00955009460449219 0.00535774230957031 -0.10113525390625 0.244476318359375
0.00144672393798828 -0.00578641891479492 0.0960540771484375 0.15899658203125
0.0179824829101563 -0.00413894653320313 0.148178100585938 0.0317840576171875
0.0167083740234375 0.000772476196289062 -0.147994995117188 -0.05078125
0.00641870498657226 -0.00671195983886719 -0.0672454833984375 -0.179336547851563
0.0108671188354492 0.00434780120849609 0.117813110351562 -0.246078491210938
0.0094594955444336 0.0108394622802734 0.345611572265625 -0.123138427734375
-0.00823307037353516 0.000847339630126955 0.331146240234375 0.241485595703125
-0.0104465484619141 -0.0169315338134766 -0.00320434570312505 0.470611572265625
0.00857877731323242 0.00262928009033203 -0.261154174804688 0.272369384765625
0.0192108154296875 0.0152301788330078 0.0105361938476563 0.0391845703125
0.0150413513183594 -0.00314235687255859 0.337615966796875 -0.2452392578125
0.00230884552001953 -0.00890731811523438 0.058837890625 -0.523162841796875
-0.00723171234130859 -0.00166034698486328 -0.364532470703125 -0.256683349609375
0.00612592697143555 0.00573587417602539 -0.318023681640625 0.132781982421875
0.00968170166015625 0.00610160827636719 -0.100143432617188 0.244674682617187
0.000949859619140625 -0.00474405288696289 0.096710205078125 0.15838623046875
0.0173025131225586 -0.00316238403320313 0.147216796875 0.0315704345703125
0.0165719985961914 0.00262737274169922 -0.146682739257813 -0.050384521484375
0.00688457489013672 -0.00497674942016601 -0.065673828125 -0.179443359375
0.0103225708007813 0.00550174713134766 0.120361328125 -0.2449951171875
0.00932121276855469 0.0111904144287109 0.346527099609375 -0.119720458984375
-0.00759410858154297 4.67300415039049E-05 0.32806396484375 0.248016357421875
-0.00984668731689453 -0.0173206329345703 -0.00729370117187496 0.47076416015625
0.00808382034301758 0.00232362747192383 -0.259353637695313 0.2705078125
0.0183906555175781 0.0148601531982422 0.014678955078125 0.0385704040527344
0.0143842697143555 -0.00331592559814453 0.337066650390625 -0.25030517578125
0.00289821624755859 -0.00997543334960938 0.05401611328125 -0.52276611328125
-0.00647258758544922 -0.00174617767333984 -0.36602783203125 -0.251953125
0.00667285919189453 0.0057377815246582 -0.315948486328125 0.136077880859375
0.00963401794433594 0.00743389129638672 -0.0980224609375 0.244827270507812
5.00679016113279E-05 -0.0035250186920166 0.09698486328125 0.1578369140625
0.0167779922485352 -0.0013580322265625 0.14794921875 0.031646728515625
0.0161809921264648 0.00439453125 -0.146102905273438 -0.05072021484375
0.007049560546875 -0.00382709503173828 -0.0641937255859375 -0.1802978515625
0.0104303359985352 0.00630950927734375 0.12225341796875 -0.243896484375
0.00933837890625 0.0116710662841797 0.348114013671875 -0.114654541015625
-0.00696516036987305 -0.000968456268310545 0.32501220703125 0.253631591796875
-0.00812721252441406 -0.0186748504638672 -0.01116943359375 0.47210693359375
0.00918960571289062 0.00148963928222656 -0.260147094726563 0.268264770507813
0.0192031860351563 0.0143508911132813 0.0186347961425781 0.0374755859375
0.0151538848876953 -0.00447368621826172 0.335418701171875 -0.253265380859375
0.00326061248779297 -0.0107994079589844 0.0478515625 -0.52099609375
-0.00590944290161133 -0.00216960906982422 -0.36968994140625 -0.24517822265625
0.00696420669555664 0.00637245178222656 -0.314239501953125 0.140045166015625
0.0091094970703125 0.00789737701416015 -0.095855712890625 0.2449951171875
0.00108051300048828 -0.00249505043029785 0.098419189453125 0.155960083007813
0.0161542892456055 0.000949859619140625 0.147857666015625 0.030975341796875
0.0172605514526367 0.00150680541992188 -0.146957397460938 -0.0554351806640625
0.00916767120361328 -0.00774002075195313 -0.0719757080078125 -0.179306030273438
0.00945949554443359 0.00150871276855469 0.1134033203125 -0.243927001953125
0.00526046752929688 0.0101165771484375 0.3406982421875 -0.120147705078125
-0.0113048553466797 0.000632286071777343 0.324798583984375 0.24334716796875
-0.00793838500976563 -0.0195655822753906 -0.0103759765625001 0.46771240234375
0.0187568664550781 -0.00187110900878906 -0.26171875 0.271316528320313
0.0343551635742188 0.0132884979248047 0.00949096679687501 0.0400009155273437
0.0246334075927734 -0.00650215148925781 0.329010009765625 -0.244720458984375
0.00306034088134766 -0.010955810546875 0.046844482421875 -0.513427734375
-0.0105962753295898 -0.000838279724121093 -0.368804931640625 -0.243621826171875
0.00241708755493164 0.00515604019165039 -0.315765380859375 0.14068603515625
0.00933074951171875 0.00311946868896484 -0.0960845947265625 0.246673583984375
0.00430154800415039 -0.00610685348510742 0.0955047607421875 0.157318115234375
0.0182838439941406 -0.0006103515625 0.149215698242187 0.0284881591796875
0.0182723999023438 -0.0003509521484375 -0.148025512695313 -0.0533905029296875
0.00803947448730469 -0.00877571105957031 -0.072265625 -0.17889404296875
0.00955295562744141 0.00129222869873047 0.11016845703125 -0.244705200195313
0.00587558746337891 0.00976371765136719 0.3402099609375 -0.126220703125
-0.0110359191894531 0.000968933105468748 0.327056884765625 0.237884521484375
-0.00928878784179687 -0.0186119079589844 -0.00320434570312503 0.46636962890625
0.0165462493896484 -0.000981330871582031 -0.260055541992188 0.272781372070313
0.031646728515625 0.0140647888183594 0.00703048706054688 0.040679931640625
0.0226936340332031 -0.00520133972167969 0.33001708984375 -0.24359130859375
0.00255107879638672 -0.0103082656860352 0.0521240234375 -0.514190673828125
-0.0100326538085938 -0.000962257385253906 -0.36676025390625 -0.248016357421875
0.0028834342956543 0.00460243225097656 -0.316680908203125 0.136810302734375
0.00969696044921875 0.003265380859375 -0.0981597900390625 0.245651245117188
0.00380373001098633 -0.00681304931640625 0.0947723388671875 0.158355712890625
0.0183181762695313 -0.00287246704101563 0.14874267578125 0.029144287109375
0.0176849365234375 -0.00113487243652344 -0.1485595703125 -0.051422119140625
0.00800609588623047 -0.0085749626159668 -0.073822021484375 -0.178192138671875
0.00989055633544922 0.001708984375 0.109634399414062 -0.245346069335937
0.00646114349365234 0.00977706909179688 0.338348388671875 -0.12872314453125
-0.0101585388183594 0.00100135803222656 0.330657958984375 0.23394775390625
-0.0104446411132812 -0.0176944732666016 0.000457763671875008 0.464935302734375
0.0136327743530273 -3.814697265625E-05 -0.258148193359375 0.2735595703125
0.0280323028564453 0.0138473510742188 0.00533676147460938 0.0406837463378906
0.0202751159667969 -0.00433540344238281 0.331390380859375 -0.24029541015625
0.00204086303710938 -0.00967788696289063 0.0570068359375 -0.515625
-0.0100154876708984 -0.00142860412597656 -0.36328125 -0.252960205078125
0.00338363647460937 0.0040895938873291 -0.316864013671875 0.133514404296875
0.00950717926025391 0.00375843048095703 -0.0984954833984375 0.244705200195312
0.0027613639831543 -0.00636863708496094 0.095977783203125 0.157806396484375
0.0182991027832031 -0.0039215087890625 0.148239135742188 0.029693603515625
0.0176963806152344 -0.0014190673828125 -0.148727416992188 -0.0505828857421875
0.00650453567504883 -0.0083465576171875 -0.0725250244140625 -0.177871704101563
0.0101003646850586 0.00248050689697266 0.1102294921875 -0.2457275390625
0.00783348083496094 0.00980377197265625 0.338775634765625 -0.129119873046875
-0.00937557220458984 0.00141239166259766 0.332244873046875 0.233001708984375
-0.0109624862670898 -0.0165843963623047 0.00308227539062498 0.46478271484375
0.011631965637207 0.00156402587890625 -0.2584228515625 0.273544311523437
0.0244426727294922 0.0145111083984375 0.00509262084960937 0.0405654907226563
0.0185317993164063 -0.00339317321777344 0.33416748046875 -0.241485595703125
0.00200080871582031 -0.00915622711181641 0.0580444335937499 -0.51641845703125
-0.00887870788574219 -0.000561714172363283 -0.36212158203125 -0.254669189453125
0.00463390350341797 0.00487565994262695 -0.317047119140625 0.131500244140625
0.00947952270507812 0.00442600250244141 -0.0989227294921875 0.243896484375
0.002105712890625 -0.00620841979980469 0.09521484375 0.1580810546875
0.0181007385253906 -0.00517845153808594 0.148452758789063 0.030120849609375
0.0178623199462891 -0.00108146667480469 -0.147933959960938 -0.049896240234375
0.00616836547851563 -0.00759983062744141 -0.070953369140625 -0.177276611328125
0.0103340148925781 0.00314140319824219 0.11175537109375 -0.245285034179688
0.0088663101196289 0.00976848602294922 0.340087890625 -0.12908935546875
-0.00836992263793945 0.00119352340698242 0.331878662109375 0.23382568359375
-0.0113801956176758 -0.0162220001220703 0.00210571289062499 0.465179443359375
0.00922203063964844 0.00197219848632813 -0.257095336914063 0.273651123046875
0.0212173461914063 0.0143508911132813 0.0074462890625 0.0402069091796875
0.0159616470336914 -0.00332164764404297 0.33416748046875 -0.243316650390625
0.00138378143310547 -0.00911617279052734 0.05908203125 -0.517181396484375
-0.00806283950805664 -0.00114965438842773 -0.362091064453125 -0.25457763671875
0.00538730621337891 0.00447416305541992 -0.31597900390625 0.13238525390625
0.00969982147216797 0.00545215606689453 -0.09814453125 0.24346923828125
0.00128793716430664 -0.00541496276855469 0.096405029296875 0.15716552734375
0.0177803039550781 -0.00514411926269531 0.147506713867188 0.0306549072265625
0.0170841217041016 0.000368118286132813 -0.1475830078125 -0.0490570068359375
0.00609779357910156 -0.00657749176025391 -0.0693359375 -0.177474975585938
0.00967121124267578 0.00395584106445313 0.113418579101563 -0.24517822265625
0.00954341888427734 0.0105209350585938 0.34149169921875 -0.126373291015625
-0.00792694091796875 0.000567913055419922 0.32940673828125 0.23675537109375
-0.010920524597168 -0.0168313980102539 -0.001190185546875 0.46533203125
0.00834035873413086 0.00198078155517578 -0.25616455078125 0.270904541015625
0.0192642211914063 0.0147762298583984 0.0109214782714844 0.0393180847167969
0.0151224136352539 -0.00311470031738281 0.333221435546875 -0.24530029296875
0.00207138061523437 -0.00900936126708984 0.05596923828125 -0.520263671875
-0.00705718994140625 -0.0015249252319336 -0.362762451171875 -0.25225830078125
0.00568580627441406 0.00517892837524414 -0.314300537109375 0.13397216796875
0.00918292999267578 0.00664424896240234 -0.0972442626953125 0.243179321289063
0.00098419189453125 -0.00466680526733398 0.0976715087890625 0.156387329101562
0.0171451568603516 -0.00359535217285156 0.147079467773438 0.0309906005859375
0.0164890289306641 0.00218772888183594 -0.146652221679688 -0.0492401123046875
0.00641012191772461 -0.00492286682128906 -0.067413330078125 -0.177444458007813
0.0104656219482422 0.00602531433105469 0.116561889648438 -0.244796752929688
0.00955390930175781 0.0106315612792969 0.3441162109375 -0.121246337890625
-0.00787019729614258 0.000306129455566405 0.3270263671875 0.243194580078125
-0.00945091247558594 -0.0173759460449219 -0.00491333007812501 0.467376708984375
0.00816106796264648 0.00201082229614258 -0.256912231445313 0.268508911132813
0.018218994140625 0.0145053863525391 0.0146827697753906 0.0381546020507813
0.0143795013427734 -0.00343704223632813 0.3328857421875 -0.24859619140625
0.00248432159423828 -0.00932788848876953 0.051300048828125 -0.51910400390625
-0.00618219375610352 -0.00222969055175781 -0.36468505859375 -0.246734619140625
0.00665712356567383 0.00555562973022461 -0.313079833984375 0.137359619140625
0.00937652587890625 0.00728893280029297 -0.0955352783203125 0.24334716796875
0.000774145126342774 -0.00352096557617188 0.097381591796875 0.154876708984375
0.0165014266967773 -0.00164031982421875 0.146926879882813 0.0301055908203125
0.0153608322143555 0.00397586822509766 -0.146148681640625 -0.049591064453125
0.00665092468261719 -0.0038151741027832 -0.0656280517578125 -0.17840576171875
0.0104246139526367 0.0068817138671875 0.118759155273438 -0.24334716796875
0.00928783416748047 0.0113897323608398 0.343292236328125 -0.116729736328125
-0.0074615478515625 -0.000731468200683594 0.324371337890625 0.248260498046875
-0.00866317749023438 -0.0185756683349609 -0.010711669921875 0.468597412109375
0.00919723510742188 0.00171279907226563 -0.258712768554688 0.267410278320313
0.01898193359375 0.0142688751220703 0.0189056396484375 0.0370635986328125
0.0152168273925781 -0.00406074523925781 0.3314208984375 -0.253448486328125
0.00323677062988281 -0.0105104446411133 0.042572021484375 -0.5172119140625
-0.00579118728637695 -0.00220012664794922 -0.366912841796875 -0.240142822265625
0.00680828094482422 0.00610923767089844 -0.311279296875 0.141632080078125
0.00897216796875 0.00793647766113281 -0.0930023193359375 0.244064331054688
0.00107765197753906 -0.00183784961700439 0.098876953125 0.153717041015625
0.0157203674316406 0.000455856323242188 0.1478271484375 0.0296630859375
0.0178642272949219 0.00134658813476563 -0.147018432617188 -0.0541229248046875
0.00939846038818359 -0.00769710540771484 -0.0733184814453125 -0.177810668945313
0.00950336456298828 0.00146675109863281 0.109954833984375 -0.242660522460938
0.00502967834472656 0.0100269317626953 0.336639404296875 -0.122711181640625
-0.0111284255981445 0.000935554504394532 0.32330322265625 0.240203857421875
-0.008819580078125 -0.0193099975585938 -0.00836181640624995 0.464813232421875
0.0186309814453125 -0.00186729431152344 -0.259140014648438 0.269622802734375
0.0335464477539063 0.0134124755859375 0.00880813598632813 0.0399742126464844
0.0242996215820313 -0.00611305236816406 0.3265380859375 -0.244598388671875
0.00213527679443359 -0.0108633041381836 0.044342041015625 -0.509796142578125
-0.00995445251464844 -0.000786781311035156 -0.36712646484375 -0.239013671875
0.00316476821899414 0.00505733489990234 -0.3123779296875 0.1419677734375
0.00918769836425781 0.00368976593017578 -0.0952301025390625 0.245315551757813
0.00453567504882813 -0.00568532943725586 0.0958709716796875 0.1546630859375
0.0182571411132813 -0.000509262084960938 0.149261474609375 0.0273895263671875
0.0182743072509766 -0.000528335571289062 -0.147567749023438 -0.05224609375
0.00760698318481445 -0.00841093063354492 -0.0738372802734375 -0.177719116210938
0.00854969024658203 0.00128030776977539 0.108200073242188 -0.243453979492188
0.00591182708740234 0.00957393646240234 0.33563232421875 -0.127227783203125
-0.0108661651611328 0.00138568878173828 0.326324462890625 0.234130859375
-0.00968360900878906 -0.0185585021972656 -0.00131225585937498 0.464141845703125
0.0164947509765625 -0.00107860565185547 -0.257965087890625 0.270904541015625
0.0318794250488281 0.0131320953369141 0.00654220581054688 0.0406112670898438
0.0232315063476563 -0.00520133972167969 0.326324462890625 -0.242279052734375
0.00235748291015625 -0.00981235504150391 0.04876708984375 -0.51129150390625
-0.0101947784423828 -0.00039196014404297 -0.3642578125 -0.243927001953125
0.00278043746948242 0.00526618957519531 -0.313934326171875 0.138336181640625
0.0099639892578125 0.00260257720947266 -0.0962982177734375 0.2435302734375
0.00387763977050781 -0.00607490539550781 0.0947265625 0.155654907226563
0.0189189910888672 -0.00340843200683594 0.148712158203125 0.0284423828125
0.0180435180664062 -0.00155448913574219 -0.148468017578125 -0.05084228515625
0.00695896148681641 -0.00883769989013672 -0.0738983154296875 -0.176055908203125
0.00905036926269531 0.00107002258300781 0.106735229492188 -0.244781494140625
0.00660419464111328 0.00981426239013672 0.33544921875 -0.13018798828125
-0.0105571746826172 0.00100898742675781 0.327880859375 0.231414794921875
-0.0107049942016602 -0.0167999267578125 0.00143432617187505 0.46185302734375
0.0137262344360352 -7.05718994140625E-05 -0.256134033203125 0.2730712890625
0.0276470184326172 0.0137271881103516 0.0059051513671875 0.0409774780273438
0.0206565856933594 -0.00459861755371094 0.327239990234375 -0.24029541015625
0.00165367126464844 -0.00941944122314453 0.05401611328125 -0.512542724609375
-0.00976276397705078 -0.00102710723876953 -0.36090087890625 -0.249481201171875
0.00332832336425781 0.00477743148803711 -0.314239501953125 0.134735107421875
0.00966739654541016 0.0032806396484375 -0.096435546875 0.242828369140625
0.00290155410766602 -0.00634384155273437 0.0953216552734375 0.155776977539063
0.0188484191894531 -0.0049591064453125 0.148162841796875 0.0285797119140625
0.0175857543945313 -0.00185394287109375 -0.148406982421875 -0.049102783203125
0.00655794143676758 -0.00852251052856445 -0.0735931396484375 -0.175994873046875
0.0104761123657227 0.00229740142822266 0.10699462890625 -0.2447509765625
0.00737285614013672 0.00956439971923828 0.33514404296875 -0.130767822265625
-0.00972938537597656 0.00120258331298828 0.33026123046875 0.2294921875
-0.0109310150146484 -0.0164976119995117 0.00387573242187504 0.4605712890625
0.0110454559326172 0.00131988525390625 -0.255172729492187 0.272323608398438
0.0247440338134766 0.0135288238525391 0.005584716796875 0.0406112670898438
0.0180015563964844 -0.00351333618164063 0.328887939453125 -0.240234375
0.00172853469848633 -0.00861072540283203 0.055633544921875 -0.5137939453125
-0.00880527496337891 -0.000535964965820313 -0.36004638671875 -0.25042724609375
0.0047149658203125 0.00454378128051758 -0.314178466796875 0.132843017578125
0.00901126861572266 0.00420379638671875 -0.0965576171875 0.241958618164063
0.00262928009033203 -0.00615835189819336 0.096527099609375 0.156051635742188
0.0181846618652344 -0.00545310974121094 0.147491455078125 0.029449462890625
0.0171346664428711 -0.00184535980224609 -0.1475830078125 -0.048736572265625
0.00604104995727539 -0.00724601745605469 -0.07281494140625 -0.175262451171875
0.0103216171264648 0.00344085693359375 0.108108520507813 -0.245040893554688
0.00844287872314453 0.00985145568847656 0.336822509765625 -0.129974365234375
-0.00876426696777344 0.00118255615234375 0.3291015625 0.2305908203125
-0.0108251571655273 -0.0162448883056641 0.003326416015625 0.46240234375
0.00957679748535156 0.00187397003173828 -0.254074096679687 0.27252197265625
0.0208339691162109 0.0144119262695313 0.00729751586914063 0.0402603149414063
0.0160503387451172 -0.003204345703125 0.330230712890625 -0.24224853515625
0.00147294998168945 -0.00859308242797852 0.0545654296875 -0.513427734375
-0.00824594497680664 -0.00132179260253906 -0.361419677734375 -0.251556396484375
0.00550413131713867 0.00437450408935547 -0.313201904296875 0.13299560546875
0.00906276702880859 0.00503349304199219 -0.0962677001953125 0.242202758789062
0.00154256820678711 -0.00555992126464844 0.097015380859375 0.155044555664062
0.0178165435791016 -0.00497055053710937 0.147247314453125 0.0298614501953125
0.0174627304077148 -0.000356674194335938 -0.1473388671875 -0.047637939453125
0.00609064102172852 -0.00688838958740234 -0.0702972412109375 -0.175308227539063
0.0102567672729492 0.00478363037109375 0.110382080078125 -0.244003295898438
0.00929927825927734 0.0099639892578125 0.337677001953125 -0.127288818359375
-0.0085444450378418 0.000505447387695313 0.328277587890625 0.23419189453125
-0.0103893280029297 -0.0165977478027344 -6.10351562500273E-05 0.463623046875
0.0083770751953125 0.00209760665893555 -0.253936767578125 0.270156860351563
0.0189857482910156 0.0144596099853516 0.0113487243652344 0.0384712219238281
0.0152139663696289 -0.00341320037841797 0.330352783203125 -0.24542236328125
0.00177383422851563 -0.00940322875976563 0.05303955078125 -0.514892578125
-0.00786256790161133 -0.00136804580688476 -0.36175537109375 -0.248382568359375
0.00564193725585938 0.00495719909667969 -0.3114013671875 0.13482666015625
0.009613037109375 0.00627326965332031 -0.095733642578125 0.242019653320313
0.000756263732910156 -0.00458431243896484 0.09722900390625 0.154464721679688
0.0171756744384766 -0.00427055358886719 0.146804809570313 0.0296783447265625
0.0168733596801758 0.00158023834228516 -0.145675659179688 -0.048095703125
0.0060420036315918 -0.00484609603881836 -0.068756103515625 -0.175384521484375
0.0107507705688477 0.00583934783935547 0.113693237304688 -0.243148803710938
0.00924110412597656 0.0105829238891602 0.3388671875 -0.123077392578125
-0.007354736328125 0.000130176544189452 0.32696533203125 0.239013671875
-0.00923347473144531 -0.0172443389892578 -0.00329589843750004 0.463714599609375
0.00785970687866211 0.0020599365234375 -0.253585815429688 0.26873779296875
0.0177898406982422 0.0142688751220703 0.01422119140625 0.0382614135742188
0.0143642425537109 -0.00331306457519531 0.32916259765625 -0.24884033203125
0.00268745422363281 -0.00886726379394531 0.047821044921875 -0.515716552734375
-0.00635290145874023 -0.00188732147216797 -0.364044189453125 -0.243621826171875
0.00647354125976562 0.0054926872253418 -0.310272216796875 0.137786865234375
0.00901031494140625 0.00720310211181641 -0.093353271484375 0.2420654296875
0.000837564468383789 -0.0033714771270752 0.0981292724609375 0.153366088867187
0.0164775848388672 -0.00196170806884766 0.146438598632813 0.0298004150390625
0.0159463882446289 0.00285530090332031 -0.145904541015625 -0.0482330322265625
0.00695657730102539 -0.003509521484375 -0.066802978515625 -0.176925659179687
0.0101079940795898 0.00682735443115234 0.115966796875 -0.241836547851562
0.0091705322265625 0.0111503601074219 0.34112548828125 -0.118682861328125
-0.00751638412475586 -0.000360012054443358 0.3223876953125 0.24566650390625
-0.008544921875 -0.0185813903808594 -0.00778198242187504 0.465118408203125
0.00893974304199219 0.00142002105712891 -0.254379272460938 0.26556396484375
0.0187911987304688 0.01385498046875 0.0191764831542969 0.0370635986328125
0.0148553848266602 -0.00392532348632813 0.327545166015625 -0.251617431640625
0.00301551818847656 -0.010127067565918 0.040008544921875 -0.51409912109375
-0.00571393966674805 -0.00186824798583984 -0.3671875 -0.237091064453125
0.00682210922241211 0.00552272796630859 -0.30780029296875 0.14227294921875
0.00909996032714844 0.00790500640869141 -0.090484619140625 0.242279052734375
0.00121963024139404 -0.00191986560821533 0.0989532470703125 0.151748657226563
0.0155162811279297 -0.000667572021484375 0.147262573242188 0.028594970703125
0.0179042816162109 0.00102424621582031 -0.146621704101563 -0.0526275634765625
0.00892162322998047 -0.008087158203125 -0.0743255615234375 -0.176605224609375
0.00877237319946289 0.00211620330810547 0.107437133789063 -0.241958618164062
0.00459384918212891 0.00965213775634766 0.333831787109375 -0.123565673828125
-0.0117244720458984 0.000695228576660156 0.32147216796875 0.23681640625
-0.0082855224609375 -0.0192203521728516 -0.00784301757812496 0.461029052734375
0.0185947418212891 -0.00200271606445313 -0.256271362304688 0.266738891601563
0.0339431762695313 0.0133953094482422 0.00921630859375 0.0404129028320312
0.0243453979492188 -0.0066375732421875 0.322509765625 -0.242828369140625
0.00286197662353516 -0.010655403137207 0.04290771484375 -0.506072998046875
-0.0101957321166992 -0.000681877136230469 -0.364227294921875 -0.236480712890625
0.00233364105224609 0.00519466400146484 -0.3096923828125 0.141876220703125
0.00940227508544922 0.00312900543212891 -0.093292236328125 0.243850708007812
0.00402116775512695 -0.00515079498291016 0.0962677001953125 0.15313720703125
0.0180606842041016 -0.00197029113769531 0.148971557617188 0.0269317626953125
0.0182094573974609 -0.00121116638183594 -0.147750854492188 -0.05157470703125
0.00799846649169922 -0.00821828842163086 -0.0743408203125 -0.175537109375
0.00892162322998047 0.001556396484375 0.105819702148438 -0.24224853515625
0.00551795959472656 0.00968742370605469 0.332305908203125 -0.12701416015625
-0.0110836029052734 0.000536918640136718 0.32470703125 0.230926513671875
-0.00965309143066406 -0.0180511474609375 -0.00128173828125002 0.45941162109375
0.0160665512084961 -0.00111579895019531 -0.254119873046875 0.269317626953125
0.0314579010009766 0.0132160186767578 0.00708389282226563 0.0399055480957031
0.0230503082275391 -0.00606536865234375 0.32318115234375 -0.24029541015625
0.00220870971679688 -0.00928497314453125 0.046722412109375 -0.50823974609375
-0.0102386474609375 -0.000202178955078124 -0.362396240234375 -0.241912841796875
0.00231361389160156 0.00454282760620117 -0.310699462890625 0.138153076171875
0.00980758666992188 0.00391101837158203 -0.0938568115234375 0.24285888671875
0.00353717803955078 -0.00588607788085937 0.0950164794921875 0.154052734375
0.0185604095458984 -0.00384521484375 0.147872924804688 0.027252197265625
0.0176944732666016 -0.0019989013671875 -0.147918701171875 -0.0497589111328125
0.00766944885253906 -0.00879669189453125 -0.0757904052734375 -0.173904418945313
0.00954627990722656 0.00156021118164063 0.104812622070313 -0.242874145507813
0.00622749328613281 0.00951290130615234 0.3321533203125 -0.130828857421875
-0.0104789733886719 0.000742912292480469 0.326934814453125 0.227508544921875
-0.0108146667480469 -0.0171527862548828 0.00192260742187503 0.457855224609375
0.0136356353759766 -0.000296592712402344 -0.253952026367187 0.270736694335938
0.0274982452392578 0.0135383605957031 0.00561141967773438 0.0410804748535156
0.0203800201416016 -0.00461959838867188 0.32513427734375 -0.238861083984375
0.00191688537597656 -0.00880241394042969 0.052703857421875 -0.509735107421875
-0.0097208023071289 -0.000183105468749999 -0.35919189453125 -0.2471923828125
0.00342392921447754 0.00406074523925781 -0.311767578125 0.13421630859375
0.00921440124511719 0.00314712524414063 -0.0948486328125 0.241622924804688
0.00336265563964844 -0.00621175765991211 0.0958251953125 0.154159545898438
0.0184154510498047 -0.00557518005371094 0.147552490234375 0.0281219482421875
0.0177440643310547 -0.003204345703125 -0.14776611328125 -0.0484619140625
0.0071558952331543 -0.0080714225769043 -0.074371337890625 -0.174606323242188
0.0101890563964844 0.00167655944824219 0.104965209960937 -0.242996215820313
0.00707340240478516 0.0097808837890625 0.332672119140625 -0.131103515625
-0.00991153717041016 0.00152015686035156 0.32696533203125 0.226806640625
-0.0111064910888672 -0.0163431167602539 0.00415039062500005 0.457733154296875
0.0114603042602539 0.00104618072509766 -0.253021240234375 0.2698974609375
0.0239467620849609 0.0135955810546875 0.00612640380859375 0.0403633117675781
0.0179977416992188 -0.00357627868652344 0.327239990234375 -0.239654541015625
0.00122642517089844 -0.00888729095458985 0.0545654296875001 -0.509674072265625
-0.00869560241699219 -0.000838756561279298 -0.35821533203125 -0.24920654296875
0.00394487380981445 0.00448226928710938 -0.311676025390625 0.133514404296875
0.00971317291259766 0.00422859191894531 -0.095245361328125 0.240859985351563
0.00251483917236328 -0.00629186630249023 0.0964202880859375 0.154052734375
0.0181484222412109 -0.00552940368652344 0.147201538085938 0.0283966064453125
0.017913818359375 -0.00209617614746094 -0.1475830078125 -0.0471343994140625
0.00637292861938477 -0.00737190246582031 -0.072723388671875 -0.17388916015625
0.0105915069580078 0.00364494323730469 0.105819702148438 -0.243453979492188
0.00870132446289063 0.0100908279418945 0.333404541015625 -0.130859375
-0.00906562805175781 0.00101375579833984 0.328155517578125 0.228179931640625
-0.0107278823852539 -0.0163860321044922 0.00354003906250003 0.458099365234375
0.00980663299560547 0.00160980224609375 -0.25299072265625 0.270919799804688
0.0206165313720703 0.0140953063964844 0.00815582275390625 0.0399208068847656
0.0159931182861328 -0.00332355499267578 0.327850341796875 -0.240570068359375
0.00159025192260742 -0.00874471664428711 0.0540771484375 -0.511688232421875
-0.00822114944458008 -0.000953674316406251 -0.35833740234375 -0.2489013671875
0.00562381744384766 0.00461769104003906 -0.31060791015625 0.134063720703125
0.00926399230957031 0.00497341156005859 -0.094451904296875 0.240951538085937
0.00159406661987305 -0.00540637969970703 0.0972747802734375 0.15374755859375
0.0178890228271484 -0.00567626953125 0.146514892578125 0.029449462890625
0.0169239044189453 -0.000691413879394531 -0.146987915039063 -0.0471954345703125
0.00600337982177734 -0.00632858276367187 -0.07135009765625 -0.174163818359375
0.0109405517578125 0.00443172454833984 0.108047485351563 -0.243499755859375
0.00906467437744141 0.0102596282958984 0.334930419921875 -0.127105712890625
-0.00869512557983398 -9.44137573242187E-05 0.32568359375 0.231689453125
-0.0101842880249023 -0.0160045623779297 0.00213623046874998 0.459503173828125
0.00816583633422852 0.00178813934326172 -0.251571655273437 0.269577026367188
0.0186977386474609 0.0143985748291016 0.0105438232421875 0.0387191772460938
0.0152044296264648 -0.00308895111083984 0.3270263671875 -0.243377685546875
0.00189352035522461 -0.00827407836914063 0.050750732421875 -0.512664794921875
-0.00703191757202148 -0.00135087966918945 -0.360565185546875 -0.24615478515625
0.00598764419555664 0.00490999221801758 -0.308624267578125 0.134674072265625
0.00952816009521484 0.00623512268066406 -0.0939788818359375 0.240188598632813
0.000966072082519531 -0.00449371337890625 0.097930908203125 0.152557373046875
0.0170316696166992 -0.00467681884765625 0.14630126953125 0.029205322265625
0.0169343948364258 0.00131034851074219 -0.145767211914063 -0.04742431640625
0.0063328742980957 -0.00492620468139648 -0.069305419921875 -0.17364501953125
0.0105133056640625 0.00554466247558594 0.111114501953125 -0.242355346679687
0.00898838043212891 0.0108566284179687 0.335723876953125 -0.124053955078125
-0.00774765014648437 -0.000166893005371093 0.32421875 0.23785400390625
-0.00941753387451172 -0.0167646408081055 -0.00268554687500005 0.459930419921875
0.00784969329833985 0.00196933746337891 -0.251693725585937 0.26666259765625
0.0175991058349609 0.0137786865234375 0.0145111083984375 0.0377349853515625
0.0141830444335938 -0.00369644165039063 0.326141357421875 -0.247314453125
0.00234031677246094 -0.00945472717285156 0.046234130859375 -0.51104736328125
-0.00671052932739258 -0.00179767608642578 -0.361358642578125 -0.241668701171875
0.0060114860534668 0.00517654418945313 -0.30755615234375 0.1378173828125
0.00886917114257813 0.00759696960449219 -0.0922088623046875 0.240707397460938
0.000475406646728515 -0.00287604331970215 0.0977325439453125 0.151168823242188
0.0164976119995117 -0.00260543823242187 0.146255493164063 0.0290069580078125
0.0155916213989258 0.00321197509765625 -0.145233154296875 -0.0477294921875
0.00736904144287109 -0.00363349914550781 -0.067626953125 -0.175018310546875
0.0105190277099609 0.00726604461669922 0.11346435546875 -0.241287231445313
0.00916385650634766 0.0106353759765625 0.336578369140625 -0.119598388671875
-0.00773000717163086 -0.000917911529541015 0.32171630859375 0.242218017578125
-0.0083465576171875 -0.0185928344726563 -0.007110595703125 0.462432861328125
0.0085759162902832 0.00117683410644531 -0.2515869140625 0.264739990234375
0.0183601379394531 0.0139846801757812 0.0190582275390625 0.0371170043945313
0.0150442123413086 -0.00443172454833984 0.325042724609375 -0.250701904296875
0.00312614440917969 -0.0103492736816406 0.03875732421875 -0.51043701171875
-0.00549125671386719 -0.00174760818481445 -0.365966796875 -0.23419189453125
0.00604391098022461 0.00572299957275391 -0.305572509765625 0.142425537109375
0.009429931640625 0.00813388824462891 -0.0890350341796875 0.241546630859375
0.00100827217102051 -0.00233578681945801 0.098419189453125 0.150772094726563
0.0151615142822266 -0.000588417053222656 0.146484375 0.0280303955078125
0.0176372528076172 4.1961669921875E-05 -0.1466064453125 -0.05194091796875
0.00867271423339844 -0.0076751708984375 -0.074371337890625 -0.174850463867188
0.00936508178710938 0.00189590454101563 0.105728149414063 -0.240280151367187
0.0048990249633789 0.0100879669189453 0.330841064453125 -0.123626708984375
-0.0116329193115234 0.00101566314697266 0.318359375 0.23388671875
-0.00837135314941406 -0.0187854766845703 -0.00817871093749997 0.458099365234375
0.0184879302978516 -0.00181007385253906 -0.255279541015625 0.266250610351563
0.0335350036621094 0.0124931335449219 0.00909042358398437 0.0400657653808594
0.0239696502685547 -0.00627326965332031 0.320068359375 -0.24169921875
0.00301647186279297 -0.0104970932006836 0.042144775390625 -0.503692626953125
-0.0105428695678711 -0.0006103515625 -0.3624267578125 -0.23394775390625
0.00243282318115234 0.0042884349822998 -0.30780029296875 0.142547607421875
0.00899696350097656 0.00348758697509766 -0.0910186767578125 0.242568969726562
0.00452804565429687 -0.00567245483398438 0.0958709716796875 0.152023315429688
0.0183601379394531 -0.00150871276855469 0.148880004882813 0.025970458984375
0.0178794860839844 -0.00169944763183594 -0.147369384765625 -0.05078125
0.00800466537475586 -0.00872039794921875 -0.075897216796875 -0.1741943359375
0.00966453552246094 0.000936508178710937 0.10308837890625 -0.241348266601563
0.00492191314697266 0.00928688049316406 0.3306884765625 -0.127227783203125
-0.0114192962646484 0.00100898742675781 0.3221435546875 0.229949951171875
-0.00905227661132813 -0.0179061889648437 -0.000671386718749965 0.457855224609375
0.0159835815429688 -0.00130748748779297 -0.25250244140625 0.2674560546875
0.0306167602539063 0.0134296417236328 0.0067596435546875 0.0396194458007812
0.0225543975830078 -0.00536537170410156 0.321624755859375 -0.23846435546875
0.00179862976074219 -0.00910282135009766 0.0465087890625 -0.50469970703125
-0.0100555419921875 -0.000868797302246095 -0.360809326171875 -0.239288330078125
0.00241184234619141 0.0040433406829834 -0.309051513671875 0.137908935546875
0.00910186767578125 0.00338840484619141 -0.0927734375 0.241912841796875
0.0038599967956543 -0.00573062896728516 0.0947723388671875 0.152633666992188
0.0185337066650391 -0.00368881225585938 0.147689819335937 0.028076171875
0.0181865692138672 -0.00294876098632812 -0.147781372070313 -0.0491180419921875
0.00729036331176758 -0.00834798812866211 -0.0763092041015625 -0.1728515625
0.0100526809692383 0.00179004669189453 0.102340698242188 -0.241867065429688
0.00614070892333984 0.00928974151611328 0.32958984375 -0.130828857421875
-0.0109014511108398 0.000726699829101564 0.3240966796875 0.225341796875
-0.0102415084838867 -0.0173940658569336 0.00268554687500003 0.45513916015625
0.0130252838134766 -0.000294685363769531 -0.253326416015625 0.269058227539063
0.0272693634033203 0.01373291015625 0.00545120239257813 0.0402450561523438
0.0200481414794922 -0.00465583801269531 0.323486328125 -0.237335205078125
0.00197362899780273 -0.00863981246948242 0.052276611328125 -0.505279541015625
-0.0102577209472656 -0.000393867492675783 -0.35784912109375 -0.243255615234375
0.00354528427124023 0.00398612022399902 -0.309173583984375 0.134063720703125
0.00979328155517578 0.00372314453125 -0.0937347412109375 0.240631103515625
0.0030207633972168 -0.00646400451660156 0.0950775146484375 0.152938842773437
0.0185623168945313 -0.00531387329101563 0.147445678710938 0.0280303955078125
0.0177516937255859 -0.00341415405273438 -0.147796630859375 -0.04779052734375
0.00647449493408203 -0.00786828994750977 -0.07537841796875 -0.172225952148438
0.0100975036621094 0.00287532806396484 0.102691650390625 -0.241973876953125
0.00691318511962891 0.0094146728515625 0.3291015625 -0.131011962890625
-0.00955104827880859 0.00135421752929688 0.3253173828125 0.22467041015625
-0.0100288391113281 -0.016077995300293 0.00408935546874998 0.453826904296875
0.0113658905029297 0.000604629516601563 -0.251388549804688 0.2696533203125
0.0235996246337891 0.0139331817626953 0.00587844848632813 0.0402183532714844
0.0177040100097656 -0.003692626953125 0.324066162109375 -0.237457275390625
0.00132846832275391 -0.00843000411987305 0.05291748046875 -0.507049560546875
-0.00923633575439453 -0.000886917114257814 -0.3565673828125 -0.246856689453125
0.00468063354492188 0.00414085388183594 -0.30914306640625 0.13348388671875
0.00951385498046875 0.00411128997802734 -0.094146728515625 0.239959716796875
0.00294113159179688 -0.0058140754699707 0.0958099365234375 0.152908325195313
0.0182895660400391 -0.00570487976074219 0.146591186523438 0.0283050537109375
0.017277717590332 -0.00286102294921875 -0.146713256835938 -0.0468597412109375
0.00639057159423828 -0.00759506225585938 -0.0734100341796875 -0.173248291015625
0.00986957550048828 0.003509521484375 0.104110717773438 -0.2423095703125
0.00809001922607422 0.00976085662841797 0.33135986328125 -0.131195068359375
-0.00934791564941406 0.000515937805175781 0.32568359375 0.226104736328125
-0.0100622177124023 -0.0158681869506836 0.00341796874999998 0.4559326171875
0.00974464416503906 0.00168895721435547 -0.250473022460938 0.267715454101563
0.0203018188476563 0.0139732360839844 0.00804901123046875 0.039947509765625
0.01531982421875 -0.00332164764404297 0.324981689453125 -0.23883056640625
0.00181388854980469 -0.00844192504882813 0.05364990234375 -0.508392333984375
-0.00864505767822265 -0.00125789642333984 -0.35565185546875 -0.245880126953125
0.00509119033813477 0.00411653518676758 -0.30859375 0.133270263671875
0.00979518890380859 0.00557708740234375 -0.0931854248046875 0.23974609375
0.00137996673583984 -0.00560855865478516 0.097015380859375 0.152328491210938
0.017552375793457 -0.00609874725341797 0.14605712890625 0.0287322998046875
0.0173025131225586 -0.00101947784423828 -0.146575927734375 -0.0464935302734375
0.00563812255859375 -0.00626850128173828 -0.071929931640625 -0.173049926757813
0.0102672576904297 0.00456809997558594 0.105300903320313 -0.242279052734375
0.00891971588134766 0.00998973846435547 0.331756591796875 -0.129364013671875
-0.00846290588378906 0.000345230102539061 0.324188232421875 0.22967529296875
-0.0103292465209961 -0.01568603515625 0.00100708007812504 0.4571533203125
0.00798654556274414 0.00205707550048828 -0.25006103515625 0.26666259765625
0.0188999176025391 0.0145187377929687 0.0107460021972656 0.0387420654296875
0.0148210525512695 -0.00300025939941406 0.32568359375 -0.241912841796875
0.00173759460449219 -0.00877285003662109 0.05084228515625 -0.509552001953125
-0.00739908218383789 -0.00145959854125976 -0.357330322265625 -0.2430419921875
0.00566577911376953 0.00473833084106445 -0.306427001953125 0.13458251953125
0.00962066650390625 0.00644683837890625 -0.09234619140625 0.239654541015625
0.000855445861816406 -0.0038304328918457 0.0972137451171875 0.1514892578125
0.0173463821411133 -0.00524616241455078 0.145889282226563 0.0291595458984375
0.016871452331543 0.000364303588867188 -0.145095825195312 -0.046600341796875
0.00671243667602539 -0.00512886047363281 -0.06964111328125 -0.17279052734375
0.0106906890869141 0.00629425048828125 0.109329223632812 -0.241119384765625
0.00885391235351563 0.0102386474609375 0.333831787109375 -0.12371826171875
-0.00822782516479492 -0.000286102294921876 0.321868896484375 0.2352294921875
-0.00969123840332031 -0.0170974731445313 -0.00170898437500002 0.458160400390625
0.00805997848510742 0.00178003311157227 -0.250015258789062 0.264938354492188
0.0175724029541016 0.0139331817626953 0.0148048400878906 0.0377159118652344
0.0145664215087891 -0.00343990325927734 0.324951171875 -0.244537353515625
0.00260543823242187 -0.0093994140625 0.044158935546875 -0.508819580078125
-0.00700616836547852 -0.00147533416748047 -0.35986328125 -0.24017333984375
0.00632476806640625 0.00471925735473633 -0.305023193359375 0.137451171875
0.009368896484375 0.00711441040039063 -0.090484619140625 0.239532470703125
0.000839471817016601 -0.0031428337097168 0.09808349609375 0.15008544921875
0.0164909362792969 -0.00303936004638672 0.1456298828125 0.0291595458984375
0.0155858993530273 0.00250816345214844 -0.144805908203125 -0.047454833984375
0.00696849822998047 -0.00400352478027344 -0.0685882568359375 -0.173751831054687
0.0103254318237305 0.00709247589111328 0.111236572265625 -0.240524291992188
0.00921058654785156 0.0106325149536133 0.3345947265625 -0.11968994140625
-0.00812959671020508 -0.000965595245361328 0.318756103515625 0.2403564453125
-0.00789451599121094 -0.0183334350585938 -0.00769042968749995 0.458740234375
0.00845146179199219 0.000734329223632813 -0.249465942382812 0.2623291015625
0.0181674957275391 0.0137157440185547 0.0185089111328125 0.0367851257324219
0.0148277282714844 -0.0044403076171875 0.322265625 -0.248260498046875
0.00265884399414063 -0.0101642608642578 0.03863525390625 -0.50738525390625
-0.0059967041015625 -0.00179529190063477 -0.3634033203125 -0.233184814453125
0.00634956359863281 0.00541400909423828 -0.302886962890625 0.1416015625
0.00906467437744141 0.0078887939453125 -0.088104248046875 0.239913940429688
0.00141847133636475 -0.00188946723937988 0.0987091064453125 0.149139404296875
0.0154619216918945 -0.000344276428222656 0.146392822265625 0.0280609130859375
0.0178737640380859 -0.000673294067382813 -0.146697998046875 -0.0514068603515625
0.00860786437988281 -0.00754117965698242 -0.07501220703125 -0.173446655273438
0.00901508331298828 0.00214099884033203 0.10382080078125 -0.239349365234375
0.00477313995361328 0.0101432800292969 0.3291015625 -0.123931884765625
-0.0115995407104492 0.000633239746093749 0.31768798828125 0.234222412109375
-0.00815773010253906 -0.01904296875 -0.00817871093750002 0.45526123046875
0.0181179046630859 -0.00183296203613281 -0.255386352539063 0.263778686523437
0.0330066680908203 0.0122947692871094 0.00904083251953126 0.0395622253417969
0.0247726440429688 -0.00619316101074219 0.31951904296875 -0.240631103515625
0.00321865081787109 -0.0107240676879883 0.041961669921875 -0.5009765625
-0.0104589462280273 -0.00137519836425781 -0.36053466796875 -0.233428955078125
0.00208520889282227 0.00492191314697266 -0.30560302734375 0.141082763671875
0.0091552734375 0.00383853912353516 -0.090850830078125 0.240966796875
0.00446748733520508 -0.00537109375 0.095977783203125 0.151046752929688
0.0182342529296875 -0.00273323059082031 0.147476196289062 0.0266571044921875
0.0183906555175781 -0.00224494934082031 -0.146987915039063 -0.0504608154296875
0.00792503356933594 -0.00833988189697266 -0.07611083984375 -0.173385620117187
0.00911140441894531 0.00172805786132813 0.1016845703125 -0.240142822265625
0.00513839721679688 0.00928878784179688 0.327392578125 -0.126922607421875
-0.0121383666992188 0.000924110412597658 0.320343017578125 0.228179931640625
-0.00872421264648438 -0.0179786682128906 -0.00228881835937504 0.4547119140625
0.0162076950073242 -0.00121879577636719 -0.252304077148438 0.265350341796875
0.0306587219238281 0.0129051208496094 0.00678253173828125 0.0403404235839844
0.0226287841796875 -0.00528526306152344 0.32025146484375 -0.2369384765625
0.00272083282470703 -0.0097360610961914 0.0465087890625001 -0.502044677734375
-0.0104856491088867 -0.00108242034912109 -0.3582763671875 -0.238006591796875
0.00287437438964844 0.00448322296142578 -0.306793212890625 0.13763427734375
0.0100059509277344 0.00310325622558594 -0.09210205078125 0.240524291992188
0.00376033782958984 -0.00591278076171875 0.0946044921875 0.151412963867188
0.0184955596923828 -0.00515365600585938 0.147323608398438 0.0269317626953125
0.0181751251220703 -0.00319480895996094 -0.147964477539063 -0.0486602783203125
0.00728321075439453 -0.00919342041015625 -0.076416015625 -0.1719970703125
0.00953578948974609 0.00194168090820313 0.101303100585938 -0.240478515625
0.00582695007324219 0.00944900512695313 0.32684326171875 -0.131256103515625
-0.0109014511108398 0.000733375549316406 0.32183837890625 0.224395751953125
-0.00968647003173828 -0.0167827606201172 0.00152587890624999 0.453155517578125
0.0132284164428711 -0.000108718872070313 -0.250381469726562 0.266891479492188
0.0269927978515625 0.0137519836425781 0.0054473876953125 0.0407905578613281
0.0203380584716797 -0.00539207458496094 0.322479248046875 -0.2342529296875
0.00153255462646484 -0.00889205932617188 0.05224609375 -0.5030517578125
-0.00998497009277344 -0.000392913818359376 -0.356414794921875 -0.2427978515625
0.0030207633972168 0.00399994850158691 -0.307952880859375 0.134368896484375
0.00998401641845703 0.00336933135986328 -0.0932159423828125 0.239547729492188
0.00304698944091797 -0.00639963150024414 0.09539794921875 0.151641845703125
0.0184669494628906 -0.00581550598144531 0.14739990234375 0.027618408203125
0.0177211761474609 -0.00336265563964844 -0.147979736328125 -0.0472869873046875
0.00644016265869141 -0.00813531875610352 -0.0751190185546875 -0.172103881835938
0.00992679595947266 0.00242519378662109 0.10113525390625 -0.241073608398438
0.00727510452270508 0.008697509765625 0.327362060546875 -0.13067626953125
-0.0100746154785156 0.000766754150390623 0.32330322265625 0.224029541015625
-0.0102100372314453 -0.0163936614990234 0.00320434570312498 0.452178955078125
0.0110177993774414 0.000510215759277344 -0.250991821289063 0.26611328125
0.023773193359375 0.0137729644775391 0.00548553466796875 0.0400657653808594
0.0170698165893555 -0.00327777862548828 0.32366943359375 -0.23675537109375
0.00137519836425781 -0.0083928108215332 0.05364990234375 -0.50372314453125
-0.00919246673583984 -0.000700950622558595 -0.355499267578125 -0.24530029296875
0.00388908386230469 0.00381541252136231 -0.30816650390625 0.133056640625
0.00972080230712891 0.00409507751464844 -0.0930023193359375 0.23858642578125
0.00248146057128906 -0.00568342208862305 0.0954437255859375 0.151443481445313
0.0181465148925781 -0.00706100463867187 0.146255493164062 0.0282745361328125
0.0177230834960938 -0.00311279296875 -0.147247314453125 -0.0465545654296875
0.00597715377807617 -0.00780582427978516 -0.0744171142578125 -0.171646118164062
0.0105743408203125 0.00428867340087891 0.102645874023438 -0.241348266601563
0.00775432586669922 0.00952911376953125 0.3282470703125 -0.1307373046875
-0.00970172882080078 0.00102138519287109 0.32275390625 0.225433349609375
-0.00992965698242188 -0.0157947540283203 0.00381469726562501 0.45440673828125
0.00940227508544922 0.00132465362548828 -0.24945068359375 0.26617431640625
0.0201301574707031 0.0138339996337891 0.00808334350585937 0.0394058227539063
0.0161380767822266 -0.00371742248535156 0.32318115234375 -0.237335205078125
0.00121450424194336 -0.00855445861816406 0.05322265625 -0.5048828125
-0.00847959518432617 -0.000897884368896485 -0.35430908203125 -0.245330810546875
0.00463008880615234 0.00432491302490234 -0.306549072265625 0.13232421875
0.00908088684082031 0.00521373748779297 -0.0925750732421875 0.238128662109375
0.00164937973022461 -0.00518798828125 0.096832275390625 0.151016235351563
0.0177097320556641 -0.00641632080078125 0.14569091796875 0.0291595458984375
0.017155647277832 -0.00131511688232422 -0.14666748046875 -0.0459747314453125
0.0056915283203125 -0.00617170333862305 -0.0721435546875 -0.171646118164063
0.010624885559082 0.00502300262451172 0.104202270507813 -0.241165161132813
0.008819580078125 0.0103702545166016 0.330169677734375 -0.12823486328125
-0.00893688201904297 -0.000110626220703124 0.322845458984375 0.228424072265625
-0.0101518630981445 -0.0160055160522461 0.00183105468749998 0.45458984375
0.00792646408081055 0.00162792205810547 -0.24859619140625 0.263778686523437
0.0179977416992188 0.0139808654785156 0.01080322265625 0.0387535095214844
0.0151462554931641 -0.0031585693359375 0.32373046875 -0.239501953125
0.00197601318359375 -0.00862979888916015 0.04913330078125 -0.50677490234375
-0.00779581069946289 -0.000762462615966798 -0.35699462890625 -0.243133544921875
0.0053563117980957 0.00436162948608398 -0.30523681640625 0.133758544921875
0.00944900512695313 0.00622177124023438 -0.091400146484375 0.23779296875
0.00109124183654785 -0.00403165817260742 0.0972900390625 0.15032958984375
0.0168600082397461 -0.00554466247558594 0.145492553710938 0.029144287109375
0.0168352127075195 -0.000155448913574219 -0.144729614257813 -0.046417236328125
0.00670671463012695 -0.00451469421386719 -0.0703582763671875 -0.17205810546875
0.0103473663330078 0.00618553161621094 0.107162475585938 -0.240386962890625
0.00876998901367188 0.0102367401123047 0.33148193359375 -0.123626708984375
-0.00845193862915039 -0.000569343566894531 0.318817138671875 0.233123779296875
-0.00910186767578125 -0.0169477462768555 -0.00286865234374997 0.4547119140625
0.00752830505371094 0.0015406608581543 -0.2481689453125 0.262939453125
0.0172624588012695 0.0143451690673828 0.0143928527832031 0.0371131896972656
0.0142383575439453 -0.00370216369628906 0.322540283203125 -0.24456787109375
0.00280046463012695 -0.00874519348144531 0.04461669921875 -0.506591796875
-0.0065770149230957 -0.00167369842529297 -0.358123779296875 -0.238861083984375
0.00597333908081055 0.00514507293701172 -0.303863525390625 0.13763427734375
0.00897407531738281 0.00733757019042969 -0.089508056640625 0.23809814453125
0.000834465026855469 -0.00269603729248047 0.097015380859375 0.148696899414063
0.0164041519165039 -0.00356674194335938 0.14569091796875 0.0292816162109375
0.0156450271606445 0.00160598754882813 -0.145217895507812 -0.0467681884765625
0.0069732666015625 -0.00337028503417969 -0.06927490234375 -0.172821044921875
0.0105009078979492 0.00712203979492188 0.109817504882813 -0.239044189453125
0.00836277008056641 0.0105762481689453 0.332244873046875 -0.119537353515625
-0.00772809982299805 -0.00112247467041016 0.317138671875 0.23883056640625
-0.00786018371582031 -0.0181598663330078 -0.00692749023437503 0.456573486328125
0.00878238677978516 0.000837802886962891 -0.249801635742188 0.26025390625
0.0178279876708984 0.0140190124511719 0.0179672241210938 0.0367393493652344
0.0147886276245117 -0.00439167022705078 0.319915771484375 -0.2481689453125
0.00311660766601562 -0.00994682312011719 0.037353515625 -0.505584716796875
-0.00606250762939453 -0.00190210342407227 -0.3619384765625 -0.23095703125
0.00621986389160156 0.00515508651733398 -0.301483154296875 0.141021728515625
0.00921154022216797 0.00833988189697266 -0.086883544921875 0.238784790039063
0.000867843627929687 -0.00204253196716309 0.0985565185546875 0.147689819335938
0.0157585144042969 -0.00139522552490234 0.145553588867188 0.0281829833984375
0.0176887512207031 -0.000150680541992188 -0.146438598632813 -0.0511932373046875
0.00878095626831055 -0.00796651840209961 -0.0753326416015625 -0.173248291015625
0.00903701782226563 0.00180530548095703 0.102890014648438 -0.23834228515625
0.00432872772216797 0.00933456420898438 0.326751708984375 -0.123870849609375
-0.0121831893920898 0.000344276428222656 0.31500244140625 0.232574462890625
-0.00773429870605469 -0.0184249877929688 -0.00891113281249998 0.45416259765625
0.0178050994873047 -0.00170326232910156 -0.253707885742187 0.262039184570313
0.0328941345214844 0.0127143859863281 0.00909805297851563 0.0396270751953125
0.0247802734375 -0.00685501098632812 0.3184814453125 -0.23797607421875
0.00321674346923828 -0.0105180740356445 0.042510986328125 -0.49896240234375
-0.0104579925537109 -0.000485420227050783 -0.360504150390625 -0.231964111328125
0.00198125839233398 0.00468587875366211 -0.304656982421875 0.140045166015625
0.00926780700683594 0.00354290008544922 -0.090728759765625 0.240020751953125
0.00395774841308594 -0.00486421585083008 0.0955352783203125 0.150390625
0.0180339813232422 -0.00295448303222656 0.147552490234375 0.026275634765625
0.0178165435791016 -0.00303077697753906 -0.147048950195313 -0.0504913330078125
0.00788068771362305 -0.00862836837768555 -0.0762481689453125 -0.17193603515625
0.00886440277099609 0.00228786468505859 0.100555419921875 -0.239883422851563
0.00500583648681641 0.00918674468994141 0.326446533203125 -0.12725830078125
-0.0119390487670898 0.000396728515625 0.319122314453125 0.227569580078125
-0.00878334045410156 -0.0178470611572266 -0.00259399414062498 0.45391845703125
0.0161113739013672 -0.00170803070068359 -0.252090454101562 0.264495849609375
0.0302143096923828 0.013641357421875 0.00638580322265625 0.04034423828125
0.0228919982910156 -0.00578880310058594 0.318695068359375 -0.235321044921875
0.00244522094726562 -0.00914478302001953 0.046875 -0.501434326171875
-0.0109004974365234 -0.000664710998535154 -0.358062744140625 -0.238555908203125
0.00252151489257812 0.00382876396179199 -0.306488037109375 0.13665771484375
0.00865793228149414 0.00306320190429688 -0.0922698974609375 0.239471435546875
0.00365304946899414 -0.00691938400268555 0.0944976806640625 0.151199340820313
0.0182113647460938 -0.00515365600585938 0.147354125976563 0.0273895263671875
0.0185508728027344 -0.00386428833007813 -0.148269653320313 -0.0484161376953125
0.00727033615112305 -0.00821208953857422 -0.0768585205078125 -0.171173095703125
0.0094451904296875 0.00178718566894531 0.0999298095703125 -0.239593505859375
0.00557136535644531 0.00915431976318359 0.325653076171875 -0.130584716796875
-0.0115089416503906 0.00073528289794922 0.3199462890625 0.223907470703125
-0.00978755950927735 -0.0169496536254883 0.00085449218750002 0.4530029296875
0.013218879699707 -0.000505447387695313 -0.250778198242188 0.265411376953125
0.0267791748046875 0.0136241912841797 0.00551223754882812 0.0395278930664063
0.0198974609375 -0.00460624694824219 0.320556640625 -0.234771728515625
0.00197887420654297 -0.00912761688232422 0.05224609375 -0.503326416015625
-0.0100822448730469 -0.000411987304687498 -0.355224609375 -0.243255615234375
0.00356268882751465 0.00433349609375 -0.306549072265625 0.133636474609375
0.00960159301757813 0.00337409973144531 -0.0925445556640625 0.238174438476563
0.00330591201782227 -0.00589323043823242 0.094818115234375 0.151351928710938
0.0183563232421875 -0.0061798095703125 0.147125244140625 0.0279998779296875
0.0171642303466797 -0.00459384918212891 -0.14776611328125 -0.046844482421875
0.00628089904785156 -0.00788688659667969 -0.076080322265625 -0.171722412109375
0.00974750518798828 0.00276851654052734 0.10089111328125 -0.240249633789063
0.00682449340820312 0.00996875762939453 0.325531005859375 -0.13140869140625
-0.0104761123657227 0.000586509704589841 0.321807861328125 0.22283935546875
-0.00957202911376953 -0.0162782669067383 0.00259399414062499 0.4505615234375
0.0107488632202148 0.000691413879394531 -0.250350952148438 0.26568603515625
0.0233116149902344 0.0136051177978516 0.00543212890625 0.0401229858398438
0.0175933837890625 -0.00391578674316406 0.322784423828125 -0.2342529296875
0.00156545639038086 -0.00830554962158203 0.054107666015625 -0.5008544921875
-0.00897979736328125 -0.000745773315429687 -0.3525390625 -0.244598388671875
0.00360965728759766 0.00420928001403809 -0.306396484375 0.13153076171875
0.00952434539794922 0.00391674041748047 -0.093048095703125 0.237960815429688
0.00246667861938477 -0.00588274002075195 0.0955657958984375 0.151092529296875
0.0175485610961914 -0.00699520111083984 0.145782470703125 0.0283966064453125
0.0178947448730469 -0.00335311889648437 -0.14727783203125 -0.0461883544921875
0.00622987747192383 -0.00712108612060547 -0.074432373046875 -0.1708984375
0.0106239318847656 0.00383949279785156 0.102401733398438 -0.240325927734375
0.00761318206787109 0.00952339172363281 0.326416015625 -0.13031005859375
-0.0100717544555664 0.000586509704589846 0.320709228515625 0.224151611328125
-0.0100278854370117 -0.0155344009399414 0.00262451171875004 0.45196533203125
0.00874900817871094 0.00123071670532227 -0.249252319335938 0.264068603515625
0.0203704833984375 0.0138454437255859 0.00792694091796876 0.0394706726074219
0.0159091949462891 -0.00325584411621094 0.323028564453125 -0.23590087890625
0.00166225433349609 -0.00771236419677734 0.0535888671875 -0.5040283203125
-0.00816106796264648 -0.000749588012695312 -0.35357666015625 -0.244781494140625
0.00488901138305664 0.00415468215942383 -0.3056640625 0.132080078125
0.00969028472900391 0.00520896911621094 -0.092376708984375 0.23712158203125
0.00170135498046875 -0.00549983978271484 0.0960693359375 0.150726318359375
0.0175437927246094 -0.00698280334472656 0.1463623046875 0.02947998046875
0.0172538757324219 -0.00205612182617188 -0.146713256835938 -0.0459747314453125
0.00577831268310547 -0.00611591339111328 -0.072723388671875 -0.171234130859375
0.0103120803833008 0.00495719909667969 0.103790283203125 -0.240081787109375
0.00840663909912109 0.00960159301757813 0.3284912109375 -0.12713623046875
-0.00907325744628906 -0.000372886657714845 0.31939697265625 0.227813720703125
-0.00986385345458985 -0.0159130096435547 -0.000183105468749985 0.452880859375
0.00774431228637695 0.00170373916625977 -0.248825073242187 0.2613525390625
0.0180931091308594 0.0138931274414063 0.0106582641601563 0.0385360717773437
0.0145759582519531 -0.00344753265380859 0.32232666015625 -0.238800048828125
0.00219488143920898 -0.00803852081298828 0.04925537109375 -0.50439453125
-0.00754642486572266 -0.00133705139160156 -0.3544921875 -0.241973876953125
0.00525808334350586 0.0041351318359375 -0.30462646484375 0.1337890625
0.00951862335205078 0.00631618499755859 -0.091461181640625 0.237442016601562
0.0013890266418457 -0.00360822677612305 0.0959930419921875 0.149887084960938
0.0174102783203125 -0.0059661865234375 0.145858764648438 0.0291290283203125
0.0171289443969727 -0.000578880310058594 -0.145492553710938 -0.0460357666015625
0.00641393661499024 -0.00472593307495117 -0.07049560546875 -0.170852661132813
0.0107250213623047 0.00637245178222656 0.106613159179688 -0.239410400390625
0.00871372222900391 0.0102548599243164 0.3299560546875 -0.12347412109375
-0.0086202621459961 -0.000218868255615234 0.318634033203125 0.232696533203125
-0.00877094268798828 -0.0173883438110352 -0.00363159179687504 0.453277587890625
0.00718450546264648 0.00153923034667969 -0.248077392578125 0.261459350585938
0.0170221328735352 0.0141639709472656 0.0150718688964844 0.0380706787109375
0.0144014358520508 -0.00397872924804688 0.32232666015625 -0.241729736328125
0.00219821929931641 -0.00848388671875 0.045318603515625 -0.505035400390625
-0.00668907165527344 -0.00124120712280274 -0.3563232421875 -0.23773193359375
0.00619888305664063 0.00463628768920898 -0.302337646484375 0.13616943359375
0.00938987731933594 0.007354736328125 -0.0895843505859375 0.237335205078125
0.00132036209106445 -0.00259160995483398 0.0966339111328125 0.148727416992188
0.0165786743164063 -0.00415134429931641 0.145309448242188 0.0286712646484375
0.0160589218139648 0.00118064880371094 -0.144683837890625 -0.0467071533203125
0.00681161880493164 -0.00365447998046875 -0.0691680908203125 -0.172622680664063
0.0102691650390625 0.00701904296875 0.108749389648438 -0.238311767578125
0.0083303451538086 0.0104951858520508 0.330596923828125 -0.118011474609375
-0.00816774368286133 -0.00145339965820312 0.3148193359375 0.23895263671875
-0.00781059265136719 -0.0179901123046875 -0.00894165039062499 0.455078125
0.00880050659179688 0.000654220581054687 -0.248748779296875 0.258819580078125
0.0171012878417969 0.0138750076293945 0.0184516906738281 0.0365028381347656
0.0147600173950195 -0.00504112243652344 0.3204345703125 -0.245452880859375
0.00302791595458984 -0.00987720489501953 0.03857421875 -0.50323486328125
-0.00628948211669922 -0.00193977355957031 -0.359344482421875 -0.231048583984375
0.0063323974609375 0.00524139404296875 -0.300689697265625 0.140899658203125
0.00935935974121094 0.00805473327636719 -0.0869293212890625 0.237777709960938
0.00147891044616699 -0.00170528888702393 0.0981292724609375 0.147491455078125
0.0154056549072266 -0.00136566162109375 0.145965576171875 0.028106689453125
0.0178928375244141 -0.000995635986328125 -0.146774291992188 -0.051300048828125
0.00850009918212891 -0.00767087936401367 -0.0759429931640625 -0.17236328125
0.00981330871582031 0.00194263458251953 0.102203369140625 -0.237823486328125
0.00395298004150391 0.00955677032470703 0.32659912109375 -0.12225341796875
-0.0121059417724609 0.000136375427246091 0.314453125 0.233154296875
-0.008056640625 -0.0185947418212891 -0.011383056640625 0.453369140625
0.0178699493408203 -0.00214958190917969 -0.25433349609375 0.260482788085937
0.0330047607421875 0.0127468109130859 0.00908279418945313 0.040069580078125
0.0245151519775391 -0.00656509399414063 0.31951904296875 -0.23748779296875
0.00298309326171875 -0.0104465484619141 0.043212890625 -0.4991455078125
-0.0112209320068359 -0.000466346740722656 -0.359222412109375 -0.2332763671875
0.0018012523651123 0.00424098968505859 -0.30523681640625 0.13885498046875
0.00922107696533203 0.00325107574462891 -0.09088134765625 0.239852905273437
0.00437688827514648 -0.00530052185058594 0.094879150390625 0.149765014648438
0.0177650451660156 -0.00329971313476562 0.147918701171875 0.0263824462890625
0.0186367034912109 -0.00293731689453125 -0.146896362304688 -0.05084228515625
0.00708484649658203 -0.00830507278442383 -0.0760345458984375 -0.172027587890625
0.00996303558349609 0.00146961212158203 0.100082397460937 -0.239288330078125
0.00472736358642578 0.00945949554443359 0.325103759765625 -0.12664794921875
-0.0119609832763672 -7.62939453125055E-06 0.31683349609375 0.228546142578125
-0.00857162475585938 -0.0175142288208008 -0.00341796875000002 0.452362060546875
0.0156631469726563 -0.00101470947265625 -0.251785278320313 0.262725830078125
0.0303211212158203 0.0137882232666016 0.00659942626953125 0.0398406982421875
0.0225257873535156 -0.0058746337890625 0.319488525390625 -0.23406982421875
0.00250911712646484 -0.00892925262451172 0.047119140625 -0.499786376953125
-0.0104875564575195 -0.000502586364746095 -0.355621337890625 -0.238922119140625
0.0022432804107666 0.00392413139343262 -0.305419921875 0.1358642578125
0.00967311859130859 0.00362682342529297 -0.09210205078125 0.238906860351563
0.00416803359985352 -0.00581264495849609 0.0938873291015625 0.150070190429688
0.0180339813232422 -0.00525283813476563 0.147125244140625 0.027374267578125
0.0178985595703125 -0.00401687622070313 -0.148178100585938 -0.0487823486328125
0.00678920745849609 -0.00821018218994141 -0.07733154296875 -0.17095947265625
0.00902843475341797 0.00170612335205078 0.0993194580078125 -0.239669799804688
0.00589847564697266 0.00938129425048828 0.32415771484375 -0.12939453125
-0.0115861892700195 0.00103759765625 0.318115234375 0.223419189453125
-0.00987815856933594 -0.0173635482788086 -0.000640869140625019 0.4501953125
0.0133647918701172 -0.000152587890625 -0.251754760742188 0.263259887695313
0.0267467498779297 0.0133476257324219 0.00564575195312501 0.0402946472167969
0.0202808380126953 -0.00472259521484375 0.320709228515625 -0.232818603515625
0.0023503303527832 -0.00857162475585938 0.0535278320312501 -0.5010986328125
-0.0100307464599609 -0.0003204345703125 -0.3536376953125 -0.243255615234375
0.00297713279724121 0.00408768653869629 -0.306854248046875 0.13232421875
0.00983238220214844 0.00380611419677734 -0.09259033203125 0.238067626953125
0.00317478179931641 -0.00567865371704102 0.0947418212890625 0.151092529296875
0.01824951171875 -0.0069427490234375 0.14678955078125 0.028045654296875
0.0177021026611328 -0.00455856323242188 -0.147705078125 -0.0471343994140625
0.00609111785888672 -0.00812864303588867 -0.0763702392578125 -0.17071533203125
0.00981903076171875 0.00308609008789063 0.0990447998046875 -0.239364624023438
0.00693321228027344 0.00906753540039062 0.325103759765625 -0.1297607421875
-0.0107736587524414 0.000797271728515627 0.319915771484375 0.222991943359375
-0.0100955963134766 -0.0159111022949219 0.000488281249999975 0.451202392578125
0.0107574462890625 0.000634193420410156 -0.25018310546875 0.262939453125
0.0228919982910156 0.0140724182128906 0.00566482543945313 0.0393486022949219
0.0178489685058594 -0.00430679321289063 0.322052001953125 -0.2315673828125
0.0016937255859375 -0.00819540023803711 0.05450439453125 -0.50067138671875
-0.00907611846923828 -0.000848770141601564 -0.352294921875 -0.244171142578125
0.00389242172241211 0.0033421516418457 -0.306304931640625 0.131561279296875
0.00985622406005859 0.00399017333984375 -0.0930328369140625 0.236984252929688
0.00269794464111328 -0.00605297088623047 0.0949554443359375 0.150314331054688
0.0174112319946289 -0.00721454620361328 0.146942138671875 0.0286102294921875
0.0177097320556641 -0.00421142578125 -0.147567749023437 -0.04608154296875
0.00588321685791016 -0.00730419158935547 -0.075103759765625 -0.17047119140625
0.00991344451904297 0.00381660461425781 0.101394653320312 -0.239959716796875
0.00740242004394531 0.00936794281005859 0.326812744140625 -0.13067626953125
-0.00970458984375 0.00037384033203125 0.319671630859375 0.223876953125
-0.00991630554199219 -0.0159740447998047 0.00103759765624995 0.450439453125
0.00916385650634766 0.00117397308349609 -0.249481201171875 0.26373291015625
0.0201587677001953 0.0137748718261719 0.00762176513671875 0.0394248962402344
0.0160808563232422 -0.00386810302734375 0.32373046875 -0.235382080078125
0.00175189971923828 -0.0082240104675293 0.053802490234375 -0.5040283203125
-0.00867366790771484 -0.000852584838867188 -0.352569580078125 -0.24462890625
0.00475883483886719 0.00402641296386719 -0.30487060546875 0.131011962890625
0.00960540771484375 0.00542259216308594 -0.0921630859375 0.236892700195313
0.00164890289306641 -0.00490427017211914 0.0961761474609375 0.150299072265625
0.0173730850219727 -0.007354736328125 0.14605712890625 0.0290679931640625
0.0175743103027344 -0.00241470336914063 -0.147216796875 -0.045501708984375
0.00588274002075195 -0.005645751953125 -0.0728759765625 -0.170608520507812
0.0101985931396484 0.00505638122558594 0.10302734375 -0.239547729492188
0.00824832916259766 0.00982379913330078 0.32757568359375 -0.126922607421875
-0.00932216644287109 -0.000210762023925781 0.31890869140625 0.2275390625
-0.00946426391601562 -0.0160398483276367 -0.00228881835937505 0.452301025390625
0.00760364532470703 0.00180578231811523 -0.249420166015625 0.260604858398438
0.0173768997192383 0.0137739181518555 0.0105972290039063 0.038818359375
0.0143852233886719 -0.00374221801757813 0.32342529296875 -0.23675537109375
0.00242137908935547 -0.00837850570678711 0.05157470703125 -0.504180908203125
-0.00788688659667969 -0.00114917755126953 -0.353302001953125 -0.2421875
0.00530385971069336 0.00445318222045898 -0.30340576171875 0.13330078125
0.00996589660644531 0.00661849975585937 -0.0919036865234375 0.23699951171875
0.00119376182556152 -0.00350427627563477 0.0963134765625 0.14892578125
0.0170269012451172 -0.00564765930175781 0.145843505859375 0.029052734375
0.0170145034790039 -0.000761032104492188 -0.145736694335938 -0.046234130859375
0.00654315948486328 -0.00459194183349609 -0.071136474609375 -0.170944213867188
0.0106592178344727 0.00611305236816406 0.105728149414062 -0.239181518554688
0.00854396820068359 0.00982952117919922 0.32940673828125 -0.123992919921875
-0.00867843627929687 -0.000778198242187501 0.317108154296875 0.233062744140625
-0.008514404296875 -0.0166902542114258 -0.00543212890625004 0.452911376953125
0.0075531005859375 0.00169897079467773 -0.248809814453125 0.259735107421875
0.0165376663208008 0.0136547088623047 0.0144309997558594 0.0374259948730469
0.0145835876464844 -0.00417232513427734 0.322235107421875 -0.24017333984375
0.00301361083984375 -0.00913619995117188 0.04608154296875 -0.502349853515625
-0.00674247741699219 -0.00156068801879883 -0.35595703125 -0.2376708984375
0.00589084625244141 0.0046539306640625 -0.302215576171875 0.13531494140625
0.00918865203857422 0.00774097442626953 -0.0894927978515625 0.23687744140625
0.00106430053710937 -0.00272297859191895 0.0963287353515625 0.14794921875
0.0162534713745117 -0.00455856323242188 0.145492553710938 0.02972412109375
0.0159549713134766 0.000631332397460937 -0.144851684570313 -0.0467376708984375
0.00715827941894531 -0.0037689208984375 -0.0695037841796875 -0.17169189453125
0.0106735229492188 0.00768375396728516 0.108322143554688 -0.238143920898438
0.00848007202148438 0.0102128982543945 0.3294677734375 -0.11865234375
-0.00853872299194336 -0.0016179084777832 0.313018798828125 0.238983154296875
-0.00741195678710937 -0.0181751251220703 -0.010772705078125 0.453765869140625
0.0084381103515625 0.000791549682617188 -0.248947143554688 0.256195068359375
0.0174751281738281 0.0138692855834961 0.0185470581054687 0.0369529724121094
0.0148658752441406 -0.00484943389892578 0.321014404296875 -0.244842529296875
0.00351428985595703 -0.00982761383056641 0.039703369140625 -0.502471923828125
-0.00630044937133789 -0.00168514251708984 -0.358612060546875 -0.230255126953125
0.00638580322265625 0.00536251068115234 -0.30023193359375 0.140350341796875
0.00919532775878906 0.00793647766113281 -0.087066650390625 0.237350463867187
0.00140213966369629 -0.00158822536468506 0.0979156494140625 0.1473388671875
0.0157661437988281 -0.0018463134765625 0.146408081054688 0.0284271240234375
0.0173912048339844 -0.00159549713134766 -0.147247314453125 -0.05145263671875
0.00869464874267578 -0.00759172439575195 -0.0768585205078125 -0.172149658203125
0.0091705322265625 0.002288818359375 0.101333618164063 -0.237838745117188
0.0039215087890625 0.00927829742431641 0.325897216796875 -0.122802734375
-0.0123786926269531 -0.000240325927734373 0.312530517578125 0.23443603515625
-0.00755500793457031 -0.0185966491699219 -0.011871337890625 0.453094482421875
0.0183029174804687 -0.00208473205566406 -0.25482177734375 0.259719848632813
0.032684326171875 0.0130939483642578 0.00920867919921875 0.0402450561523438
0.0245914459228516 -0.00656318664550781 0.319183349609375 -0.235260009765625
0.00268173217773437 -0.0104293823242187 0.044525146484375 -0.49884033203125
-0.0111179351806641 -0.000917434692382812 -0.35760498046875 -0.234283447265625
0.00184988975524902 0.00408577919006348 -0.30487060546875 0.13934326171875
0.00893974304199219 0.00347614288330078 -0.09051513671875 0.239669799804688
0.00424814224243164 -0.00546121597290039 0.0948333740234375 0.14959716796875
0.0179710388183594 -0.00386619567871094 0.148391723632813 0.026519775390625
0.0180282592773438 -0.00343894958496094 -0.147308349609375 -0.050506591796875
0.00748825073242188 -0.00827836990356445 -0.077484130859375 -0.172195434570313
0.00972366333007813 0.00208091735839844 0.10003662109375 -0.239089965820313
0.00438880920410156 0.00972652435302734 0.325714111328125 -0.127288818359375
-0.0121536254882813 0.000417709350585938 0.31689453125 0.2283935546875
-0.0084228515625 -0.0179290771484375 -0.00598144531249998 0.452301025390625
0.0156345367431641 -0.00149154663085938 -0.253997802734375 0.261642456054688
0.0299530029296875 0.0128498077392578 0.00675582885742188 0.0407829284667969
0.0224895477294922 -0.00619888305664063 0.3194580078125 -0.233489990234375
0.00318145751953125 -0.00904083251953125 0.048309326171875 -0.499786376953125
-0.0106687545776367 -0.000174522399902343 -0.35650634765625 -0.240081787109375
0.0022890567779541 0.00354909896850586 -0.30560302734375 0.13568115234375
0.00985431671142578 0.00345516204833984 -0.092437744140625 0.238723754882813
0.0039057731628418 -0.00572824478149414 0.0942535400390625 0.150527954101563
0.01849365234375 -0.00590324401855469 0.148025512695313 0.0277252197265625
0.0181636810302734 -0.00443077087402344 -0.148040771484375 -0.048187255859375
0.0069727897644043 -0.00824165344238281 -0.078125 -0.171417236328125
0.00922393798828125 0.00218296051025391 0.098663330078125 -0.238983154296875
0.00572681427001953 0.00924968719482422 0.324066162109375 -0.129058837890625
-0.01177978515625 0.000565528869628904 0.319091796875 0.22357177734375
-0.00965118408203125 -0.0169515609741211 -0.00189208984375005 0.451202392578125
0.01361083984375 -0.00023651123046875 -0.25238037109375 0.26275634765625
0.0271549224853516 0.0135650634765625 0.00487518310546876 0.040435791015625
0.0200996398925781 -0.00497055053710938 0.32208251953125 -0.230987548828125
0.00219440460205078 -0.0084080696105957 0.055267333984375 -0.5008544921875
-0.0103349685668945 -0.000649452209472655 -0.353057861328125 -0.2432861328125
0.00330567359924316 0.00368261337280273 -0.30694580078125 0.13275146484375
0.0097808837890625 0.00435447692871094 -0.0930023193359375 0.237716674804687
0.00324773788452148 -0.00605201721191406 0.0948486328125 0.151123046875
0.0182018280029297 -0.00702476501464844 0.14727783203125 0.02838134765625
0.0174751281738281 -0.00538349151611328 -0.14825439453125 -0.0474700927734375
0.00638771057128906 -0.00817632675170898 -0.076416015625 -0.170791625976563
0.00948143005371094 0.00278663635253906 0.098785400390625 -0.239532470703125
0.00642538070678711 0.00872373580932617 0.324493408203125 -0.130218505859375
-0.0108966827392578 0.000471115112304688 0.319793701171875 0.223602294921875
-0.0100784301757813 -0.016021728515625 -0.000274658203125019 0.450286865234375
0.0112075805664063 0.00061798095703125 -0.251602172851563 0.262161254882813
0.0225639343261719 0.0142135620117188 0.00562667846679688 0.0399131774902344
0.0181007385253906 -0.00431632995605469 0.32342529296875 -0.232666015625
0.00151300430297852 -0.00797939300537109 0.056427001953125 -0.501007080078125
-0.009765625 -0.000630378723144531 -0.351898193359375 -0.246307373046875
0.00386857986450195 0.00373721122741699 -0.306732177734375 0.130828857421875
0.00953578948974609 0.00433444976806641 -0.093170166015625 0.237548828125
0.00296878814697266 -0.00569248199462891 0.0948638916015625 0.151123046875
0.0181255340576172 -0.00765609741210937 0.147140502929688 0.029296875
0.017669677734375 -0.0040283203125 -0.147903442382813 -0.0467071533203125
0.00612926483154297 -0.00725698471069336 -0.075439453125 -0.170639038085938
0.0101404190063477 0.003753662109375 0.099761962890625 -0.240371704101563
0.00744152069091797 0.00936222076416016 0.32647705078125 -0.130218505859375
-0.0103893280029297 0.000196456909179686 0.319610595703125 0.225128173828125
-0.0100183486938477 -0.0160703659057617 3.0517578125017E-05 0.450836181640625
0.00883388519287109 0.00105094909667969 -0.250167846679687 0.262466430664063
0.0199108123779297 0.0137310028076172 0.00752639770507812 0.0395927429199219
0.0163507461547852 -0.004241943359375 0.324310302734375 -0.233367919921875
0.00159740447998047 -0.00763273239135742 0.055633544921875 -0.50274658203125
-0.00879573822021484 -0.00043773651123047 -0.352386474609375 -0.24615478515625
0.00467061996459961 0.00368976593017578 -0.305572509765625 0.131378173828125
0.00973892211914063 0.00554943084716797 -0.09295654296875 0.236404418945312
0.00232553482055664 -0.00513648986816406 0.0957489013671875 0.149917602539063
0.0177021026611328 -0.00779914855957031 0.146255493164062 0.0298919677734375
0.0173931121826172 -0.00288009643554688 -0.14752197265625 -0.0460052490234375
0.00565147399902344 -0.00581121444702148 -0.0730743408203125 -0.170989990234375
0.0103855133056641 0.00499439239501953 0.103317260742188 -0.240081787109375
0.00802707672119141 0.00939369201660156 0.3280029296875 -0.12774658203125
-0.00946426391601563 -0.000639915466308595 0.31878662109375 0.228179931640625
-0.00949573516845703 -0.0161008834838867 -0.00280761718749997 0.45263671875
0.00770282745361328 0.00180482864379883 -0.249832153320313 0.259994506835938
0.0174102783203125 0.0141277313232422 0.0106430053710938 0.0385856628417969
0.0149316787719727 -0.00395965576171875 0.32379150390625 -0.23577880859375
0.00244903564453125 -0.00886058807373047 0.052154541015625 -0.503936767578125
-0.00777864456176758 -0.00116634368896485 -0.352996826171875 -0.24383544921875
0.00559616088867188 0.0041508674621582 -0.304351806640625 0.132537841796875
0.00980377197265625 0.00643062591552734 -0.0921783447265625 0.237228393554687
0.00171089172363281 -0.00382494926452637 0.0961761474609375 0.1495361328125
0.0170421600341797 -0.00660896301269531 0.146453857421875 0.0297088623046875
0.0172348022460938 -0.00138473510742188 -0.145721435546875 -0.046630859375
0.00632143020629883 -0.0049595832824707 -0.071441650390625 -0.171401977539062
0.011103630065918 0.00679206848144531 0.105453491210937 -0.239151000976563
0.00839996337890625 0.0099935531616211 0.328338623046875 -0.123748779296875
-0.00938987731933594 -0.000626564025878908 0.31683349609375 0.233612060546875
-0.00890159606933594 -0.0169076919555664 -0.00595092773437495 0.45355224609375
0.00716400146484375 0.0016331672668457 -0.24981689453125 0.258682250976562
0.0164451599121094 0.0138101577758789 0.0141563415527344 0.0378303527832031
0.0145845413208008 -0.00440883636474609 0.323211669921875 -0.2401123046875
0.00281715393066406 -0.00904273986816406 0.047271728515625 -0.503082275390625
-0.00711727142333984 -0.00110626220703125 -0.355316162109375 -0.238922119140625
0.00629520416259766 0.00435304641723633 -0.302978515625 0.13525390625
0.00955581665039063 0.00768852233886719 -0.0896453857421875 0.236557006835938
0.00119900703430176 -0.00234746932983398 0.095855712890625 0.1484375
0.0163373947143555 -0.00475215911865234 0.1463623046875 0.0295867919921875
0.0157918930053711 0.000726699829101562 -0.1458740234375 -0.0468597412109375
0.00673055648803711 -0.00349283218383789 -0.0699310302734375 -0.171966552734375
0.0107316970825195 0.00739479064941406 0.107589721679688 -0.238250732421875
0.00824260711669922 0.0105609893798828 0.330078125 -0.11865234375
-0.00860023498535156 -0.0016942024230957 0.312652587890625 0.239654541015625
-0.00741386413574219 -0.0177536010742188 -0.011749267578125 0.453887939453125
0.00816106796264648 0.000782012939453125 -0.250289916992187 0.255142211914063
0.0172758102416992 0.0136241912841797 0.0187606811523438 0.0365104675292969
0.0153579711914062 -0.00518608093261719 0.321258544921875 -0.242919921875
0.00335407257080078 -0.0100812911987305 0.0401916503906249 -0.5023193359375
-0.00664663314819336 -0.00215339660644531 -0.358642578125 -0.23248291015625
0.00590324401855469 0.00503015518188477 -0.300567626953125 0.13958740234375
0.00925350189208984 0.00824642181396485 -0.087371826171875 0.237503051757812
0.00152325630187988 -0.00179362297058105 0.0973968505859375 0.146591186523438
0.0154743194580078 -0.00252532958984375 0.146392822265625 0.0285797119140625
0.0181865692138672 -0.00197792053222656 -0.148651123046875 -0.0517120361328125
0.00861454010009766 -0.00734138488769531 -0.076507568359375 -0.173187255859375
0.00957489013671875 0.00210380554199219 0.102096557617187 -0.238754272460938
0.00356483459472656 0.00965309143066406 0.3267822265625 -0.122589111328125
-0.0126438140869141 -0.00054645538330078 0.31292724609375 0.234710693359375
-0.00711441040039062 -0.0188636779785156 -0.014129638671875 0.4539794921875
0.0181770324707031 -0.0023345947265625 -0.255813598632813 0.259033203125
0.0323925018310547 0.0134601593017578 0.00926208496093751 0.0399131774902344
0.0246772766113281 -0.00684356689453125 0.321380615234375 -0.234344482421875
0.00348186492919922 -0.0104122161865234 0.045806884765625 -0.49884033203125
-0.0108356475830078 -0.000407218933105469 -0.359130859375 -0.235382080078125
0.00206565856933594 0.0039525032043457 -0.305938720703125 0.139007568359375
0.00964832305908203 0.00365924835205078 -0.0909576416015625 0.240386962890625
0.00439357757568359 -0.00524568557739258 0.095611572265625 0.14984130859375
0.0186176300048828 -0.00429725646972656 0.149703979492187 0.026763916015625
0.0179405212402344 -0.00419425964355469 -0.148941040039063 -0.0509033203125
0.00741338729858399 -0.00828123092651367 -0.078125 -0.172622680664063
0.00985431671142578 0.00164508819580078 0.0990142822265625 -0.239639282226563
0.00445365905761719 0.00936794281005859 0.32598876953125 -0.127838134765625
-0.012700080871582 0.000372886657714843 0.3167724609375 0.228912353515625
-0.00818061828613281 -0.0180835723876953 -0.00729370117187503 0.45343017578125
0.0162019729614258 -0.00123405456542969 -0.254135131835938 0.260940551757813
0.0300540924072266 0.0136699676513672 0.006805419921875 0.0400657653808594
0.0227928161621094 -0.00617218017578125 0.3218994140625 -0.2313232421875
0.0025482177734375 -0.00921916961669922 0.049713134765625 -0.500762939453125
-0.011164665222168 -0.000108718872070315 -0.35552978515625 -0.239990234375
0.00217533111572266 0.00392675399780273 -0.30712890625 0.136016845703125
0.00948429107666016 0.0028076171875 -0.0929718017578125 0.239044189453125
0.00423622131347656 -0.00627231597900391 0.0948638916015625 0.151351928710938
0.0184535980224609 -0.00632667541503906 0.148727416992188 0.0279083251953125
0.0182971954345703 -0.00507354736328125 -0.150070190429688 -0.0486297607421875
0.00710678100585938 -0.00827503204345703 -0.07794189453125 -0.171890258789063
0.00991535186767578 0.00218868255615234 0.09820556640625 -0.239501953125
0.00572109222412109 0.00881004333496094 0.324432373046875 -0.13092041015625
-0.0115938186645508 0.000561714172363283 0.317779541015625 0.225677490234375
-0.00940227508544922 -0.0167694091796875 -0.00363159179687497 0.451690673828125
0.0131244659423828 0.000388145446777344 -0.253768920898438 0.262863159179687
0.0265159606933594 0.0136356353759766 0.00544357299804688 0.041046142578125
0.0203838348388672 -0.00493621826171875 0.323699951171875 -0.23065185546875
0.00241327285766602 -0.00864696502685547 0.054962158203125 -0.502044677734375
-0.0103445053100586 0.000218391418457029 -0.353790283203125 -0.245147705078125
0.00310492515563965 0.00382018089294434 -0.30767822265625 0.13226318359375
0.00988674163818359 0.00362968444824219 -0.0939483642578125 0.237869262695313
0.0036005973815918 -0.00655460357666016 0.0949554443359375 0.151260375976562
0.0185565948486328 -0.00774955749511719 0.148162841796875 0.02862548828125
0.0180130004882813 -0.0057525634765625 -0.149246215820312 -0.0475311279296875
0.00645208358764648 -0.00852346420288086 -0.0771026611328125 -0.171234130859375
0.0103378295898438 0.0030364990234375 0.0986480712890625 -0.239913940429688
0.00652790069580078 0.00948524475097656 0.32586669921875 -0.131622314453125
-0.0107545852661133 0.000472068786621096 0.320281982421875 0.22479248046875
-0.00998306274414062 -0.0162715911865234 -0.000915527343750017 0.45135498046875
0.0110263824462891 0.000853538513183594 -0.252700805664063 0.262542724609375
0.0231151580810547 0.0138816833496094 0.006072998046875 0.0402450561523438
0.0178985595703125 -0.0043792724609375 0.32403564453125 -0.230987548828125
0.0017852783203125 -0.00828409194946289 0.057891845703125 -0.50177001953125
-0.00984477996826172 -0.000338554382324217 -0.3529052734375 -0.246551513671875
0.00372099876403809 0.00350427627563477 -0.307708740234375 0.130828857421875
0.00992298126220703 0.00454616546630859 -0.09381103515625 0.237503051757813
0.00299882888793945 -0.00610637664794922 0.0956573486328125 0.1510009765625
0.0182666778564453 -0.00786590576171875 0.148086547851563 0.0294647216796875
0.0174436569213867 -0.00443077087402344 -0.1485595703125 -0.0467376708984375
0.00588321685791015 -0.00728750228881836 -0.07611083984375 -0.171249389648438
0.0104084014892578 0.00418472290039063 0.100082397460937 -0.240280151367187
0.00725460052490234 0.00944900512695313 0.3258056640625 -0.130767822265625
-0.0100917816162109 0.000152587890624999 0.320404052734375 0.226318359375
-0.00951290130615234 -0.0160980224609375 -0.00173950195312496 0.452056884765625
0.00879764556884766 0.00179290771484375 -0.251434326171875 0.261810302734375
0.0196037292480469 0.0140457153320312 0.00754928588867188 0.0400619506835938
0.0162868499755859 -0.00408649444580078 0.32537841796875 -0.233489990234375
0.00184869766235351 -0.00811386108398438 0.055938720703125 -0.503204345703125
-0.00891876220703125 -0.000802040100097656 -0.35198974609375 -0.24627685546875
0.00456953048706055 0.00378227233886719 -0.3065185546875 0.131134033203125
0.00955867767333984 0.00550651550292969 -0.09344482421875 0.237503051757813
0.00214099884033203 -0.00496292114257813 0.0963134765625 0.15057373046875
0.0176753997802734 -0.00812339782714844 0.147369384765625 0.0298919677734375
0.0172653198242188 -0.00370693206787109 -0.148101806640625 -0.0465240478515625
0.00600719451904297 -0.00565147399902344 -0.073699951171875 -0.171310424804687
0.010767936706543 0.00553131103515625 0.103057861328125 -0.240097045898437
0.0079803466796875 0.00945758819580078 0.32757568359375 -0.12799072265625
-0.0100507736206055 -0.000636100769042967 0.31890869140625 0.228668212890625
-0.00886249542236328 -0.0161361694335938 -0.00427246093749997 0.453094482421875
0.00748920440673828 0.00157403945922852 -0.250900268554688 0.259979248046875
0.0176143646240234 0.0135955810546875 0.0103759765625 0.0388221740722656
0.0149259567260742 -0.00381278991699219 0.324615478515625 -0.234893798828125
0.0023655891418457 -0.00828409194946289 0.05377197265625 -0.504547119140625
-0.00779104232788086 -0.00119924545288086 -0.352569580078125 -0.244110107421875
0.00523471832275391 0.0040278434753418 -0.3050537109375 0.1326904296875
0.00968551635742188 0.00646686553955078 -0.0921478271484375 0.2369384765625
0.00130844116210938 -0.00374031066894531 0.095733642578125 0.148712158203125
0.0172529220581055 -0.00664710998535156 0.147018432617187 0.030303955078125
0.0171451568603516 -0.00230026245117188 -0.14697265625 -0.0466766357421875
0.00645303726196289 -0.00496673583984375 -0.0717010498046875 -0.171173095703125
0.011260986328125 0.00648212432861328 0.105438232421875 -0.239822387695313
0.00828933715820313 0.0101385116577148 0.329132080078125 -0.123565673828125
-0.00983619689941406 -0.000936508178710939 0.315765380859375 0.234222412109375
-0.00856113433837891 -0.0168371200561523 -0.00756835937500001 0.454010009765625
0.00736713409423828 0.00113391876220703 -0.25054931640625 0.258758544921875
0.0164241790771484 0.0141096115112305 0.0140914916992188 0.0380134582519531
0.0140256881713867 -0.00454139709472656 0.324554443359375 -0.23919677734375
0.00254726409912109 -0.00889492034912109 0.048736572265625 -0.504913330078125
-0.00732946395874023 -0.00170230865478516 -0.35528564453125 -0.2396240234375
0.00612926483154297 0.0044102668762207 -0.30413818359375 0.13494873046875
0.00998878479003906 0.00705242156982422 -0.0904998779296875 0.2371826171875
0.00124168395996094 -0.00246572494506836 0.0964813232421875 0.14874267578125
0.0163707733154297 -0.00495624542236328 0.147430419921875 0.03009033203125
0.0158357620239258 -0.000290870666503906 -0.146499633789063 -0.04736328125
0.00653648376464844 -0.00401592254638672 -0.0706024169921875 -0.172500610351563
0.0105800628662109 0.00733661651611328 0.107635498046875 -0.238723754882813
0.00734233856201172 0.0100727081298828 0.33050537109375 -0.119232177734375
-0.00883960723876953 -0.00162982940673828 0.31304931640625 0.240142822265625
-0.0074310302734375 -0.0183734893798828 -0.01318359375 0.455352783203125
0.00819873809814453 0.000551223754882813 -0.25115966796875 0.255691528320313
0.0171489715576172 0.0136737823486328 0.0187950134277344 0.0368461608886719
0.0151052474975586 -0.00526905059814453 0.32196044921875 -0.24285888671875
0.00338268280029297 -0.0100975036621094 0.04150390625 -0.5030517578125
-0.00653553009033203 -0.00186681747436523 -0.3594970703125 -0.2330322265625
0.00627565383911133 0.00500297546386719 -0.30126953125 0.139739990234375
0.00969505310058594 0.00849723815917969 -0.0874176025390625 0.238265991210938
0.00154793262481689 -0.00130629539489746 0.0976409912109375 0.147323608398438
0.0158071517944336 -0.0024566650390625 0.147445678710938 0.029144287109375
0.0179824829101563 -0.00302886962890625 -0.1495361328125 -0.0521087646484375
0.00848197937011719 -0.00741481781005859 -0.0781402587890625 -0.174285888671875
0.00942802429199219 0.00174808502197266 0.101898193359375 -0.239883422851563
0.00341510772705078 0.00889301300048828 0.32659912109375 -0.1234130859375
-0.0130071640014648 -0.000435829162597656 0.31317138671875 0.23577880859375
-0.00720596313476563 -0.0189189910888672 -0.015380859375 0.456878662109375
0.0179119110107422 -0.001708984375 -0.25872802734375 0.259597778320313
0.0324516296386719 0.0132293701171875 0.00907135009765626 0.0403213500976563
0.0247478485107422 -0.00694656372070313 0.32293701171875 -0.23553466796875
0.00356388092041016 -0.0104341506958008 0.04681396484375 -0.50177001953125
-0.010615348815918 -0.000162124633789062 -0.35955810546875 -0.23651123046875
0.00194048881530762 0.00418543815612793 -0.307373046875 0.1395263671875
0.00957202911376953 0.00387954711914063 -0.0917205810546875 0.240615844726563
0.00470399856567383 -0.0055384635925293 0.0954437255859375 0.150100708007813
0.0179443359375 -0.00482177734375 0.15081787109375 0.0277557373046875
0.0184822082519531 -0.00488853454589844 -0.15008544921875 -0.05120849609375
0.00748825073242188 -0.00826883316040039 -0.0786590576171875 -0.173110961914063
0.00926494598388672 0.00186538696289062 0.0996246337890625 -0.24017333984375
0.00461864471435547 0.00942516326904297 0.325927734375 -0.128143310546875
-0.0129184722900391 -0.000517845153808592 0.3172607421875 0.231597900390625
-0.0083465576171875 -0.0178928375244141 -0.00769042968749998 0.4561767578125
0.0163135528564453 -0.00103855133056641 -0.255935668945313 0.260696411132812
0.0306720733642578 0.0133285522460938 0.006500244140625 0.0404472351074219
0.022979736328125 -0.00603485107421875 0.322418212890625 -0.232177734375
0.00287151336669922 -0.00912666320800781 0.049774169921875 -0.502288818359375
-0.0110101699829102 -0.000934600830078123 -0.3563232421875 -0.242034912109375
0.00215506553649902 0.00374054908752441 -0.30938720703125 0.135284423828125
0.00937366485595703 0.00353622436523438 -0.0935211181640625 0.240447998046875
0.00428581237792969 -0.00616455078125 0.0952911376953125 0.15142822265625
0.0192356109619141 -0.00676345825195313 0.14971923828125 0.0284423828125
0.0177555084228516 -0.005279541015625 -0.150924682617188 -0.049285888671875
0.00724983215332031 -0.00893688201904297 -0.07916259765625 -0.172271728515625
0.0100612640380859 0.00249862670898438 0.09844970703125 -0.239593505859375
0.00618267059326172 0.00886249542236328 0.32586669921875 -0.130859375
-0.0122671127319336 -0.000202178955078126 0.3184814453125 0.2266845703125
-0.00929450988769531 -0.0165891647338867 -0.00354003906250004 0.453582763671875
0.0130529403686523 1.81198120117188E-05 -0.25506591796875 0.261734008789063
0.0268459320068359 0.0136070251464844 0.00548171997070313 0.0407752990722656
0.0201454162597656 -0.00476646423339844 0.324951171875 -0.23095703125
0.00201511383056641 -0.00870752334594727 0.05731201171875 -0.50531005859375
-0.0106449127197266 -0.000321388244628906 -0.35540771484375 -0.24505615234375
0.00330567359924316 0.00360798835754395 -0.30926513671875 0.132415771484375
0.00928878784179688 0.00356006622314453 -0.0937652587890625 0.23870849609375
0.00370073318481445 -0.0059962272644043 0.0952301025390625 0.151901245117188
0.0180168151855469 -0.00769615173339844 0.150039672851563 0.0292816162109375
0.0181846618652344 -0.00580406188964844 -0.150238037109375 -0.0482177734375
0.00605916976928711 -0.00855445861816406 -0.077789306640625 -0.171737670898438
0.0104570388793945 0.00288486480712891 0.0990142822265625 -0.241195678710938
0.00660943984985352 0.00859832763671875 0.326629638671875 -0.1319580078125
-0.0117158889770508 0.000298500061035155 0.31884765625 0.226776123046875
-0.00969123840332031 -0.0162763595581055 -0.00274658203125001 0.45263671875
0.0105829238891602 0.000391006469726562 -0.254623413085938 0.261611938476562
0.0235500335693359 0.0137538909912109 0.00555419921875001 0.04058837890625
0.0177669525146484 -0.00478744506835938 0.326904296875 -0.230865478515625
0.00244379043579102 -0.00825214385986328 0.0579833984375 -0.503448486328125
-0.00955104827880859 -0.000565528869628906 -0.352752685546875 -0.248779296875
0.0039215087890625 0.00307083129882813 -0.30908203125 0.131439208984375
0.0102863311767578 0.00476741790771484 -0.0940704345703125 0.238540649414063
0.00273942947387695 -0.00583934783935547 0.0951690673828125 0.150955200195313
0.0181598663330078 -0.00887107849121094 0.149185180664063 0.030120849609375
0.0172233581542969 -0.00557422637939453 -0.14996337890625 -0.0471954345703125
0.0058283805847168 -0.00742435455322266 -0.0768890380859375 -0.171661376953125
0.0105762481689453 0.00389003753662109 0.100387573242188 -0.241409301757812
0.00729942321777344 0.00924301147460938 0.327178955078125 -0.131134033203125
-0.0108480453491211 -0.000492095947265623 0.319915771484375 0.226959228515625
-0.00942420959472656 -0.0160598754882813 -0.00259399414062498 0.454376220703125
0.00894451141357422 0.00135612487792969 -0.253250122070312 0.261993408203125
0.0196399688720703 0.0139846801757812 0.00761795043945313 0.0397300720214844
0.016596794128418 -0.00411510467529297 0.32708740234375 -0.23358154296875
0.00183868408203125 -0.00787353515625 0.057891845703125 -0.504730224609375
-0.00872087478637695 -0.000764369964599611 -0.35333251953125 -0.24859619140625
0.00433444976806641 0.00369930267333984 -0.30755615234375 0.131256103515625
0.010075569152832 0.00563335418701172 -0.0938568115234375 0.238082885742188
0.00221681594848633 -0.00472736358642578 0.096221923828125 0.150543212890625
0.0172996520996094 -0.00852489471435547 0.148910522460938 0.030670166015625
0.0174760818481445 -0.00407314300537109 -0.149215698242188 -0.046417236328125
0.00590372085571289 -0.0060272216796875 -0.074615478515625 -0.172012329101563
0.0109119415283203 0.00564098358154297 0.102630615234375 -0.24176025390625
0.00765895843505859 0.00942611694335938 0.32843017578125 -0.12896728515625
-0.0102434158325195 -0.000634193420410158 0.319091796875 0.230682373046875
-0.00891494750976563 -0.0166759490966797 -0.00607299804687505 0.4549560546875
0.00739860534667969 0.0017547607421875 -0.252853393554687 0.25909423828125
0.0175104141235352 0.0139608383178711 0.0106544494628906 0.0393180847167969
0.0149650573730469 -0.00447750091552734 0.326751708984375 -0.2352294921875
0.00223350524902344 -0.00817489624023438 0.0548095703125 -0.507232666015625
-0.00807332992553711 -0.00123929977416992 -0.354248046875 -0.246246337890625
0.00559091567993164 0.0038151741027832 -0.30615234375 0.132476806640625
0.0100002288818359 0.00645923614501953 -0.0927886962890625 0.23785400390625
0.00185823440551758 -0.00402355194091797 0.096832275390625 0.14990234375
0.0168905258178711 -0.00750732421875 0.148086547851563 0.030792236328125
0.0172395706176758 -0.00234413146972656 -0.147903442382813 -0.047027587890625
0.00641870498657227 -0.00506401062011719 -0.0724029541015625 -0.172195434570313
0.0114097595214844 0.00631237030029297 0.105545043945312 -0.240325927734375
0.00748157501220703 0.0099639892578125 0.329803466796875 -0.124237060546875
-0.00949954986572266 -0.00104427337646485 0.3167724609375 0.2353515625
-0.00855827331542969 -0.0177478790283203 -0.00827026367187498 0.45623779296875
0.00698232650756836 0.00129270553588867 -0.253128051757813 0.25787353515625
0.0161600112915039 0.0138311386108398 0.0146331787109375 0.0384483337402344
0.0140676498413086 -0.00500106811523437 0.326812744140625 -0.239013671875
0.00266551971435547 -0.00905036926269531 0.049774169921875 -0.50592041015625
-0.00723838806152344 -0.00142192840576172 -0.356781005859375 -0.24139404296875
0.00569534301757813 0.00409078598022461 -0.305023193359375 0.135040283203125
0.00961971282958985 0.00722694396972656 -0.0907135009765625 0.238235473632813
0.00163483619689941 -0.00217974185943604 0.0964508056640625 0.14862060546875
0.016270637512207 -0.00535106658935547 0.1485595703125 0.030029296875
0.0156974792480469 -0.000779151916503906 -0.14752197265625 -0.0475311279296875
0.00690269470214844 -0.00372171401977539 -0.071319580078125 -0.173675537109375
0.0109615325927734 0.00739288330078125 0.107513427734375 -0.239364624023438
0.00723743438720703 0.010528564453125 0.330596923828125 -0.1202392578125
-0.00924968719482422 -0.0020294189453125 0.31353759765625 0.2413330078125
-0.00732994079589844 -0.0185585021972656 -0.0141296386718749 0.45684814453125
0.00790929794311523 0.000630855560302734 -0.252914428710938 0.255416870117188
0.0170583724975586 0.0137453079223633 0.0185546875 0.0368499755859375
0.0148334503173828 -0.00505447387695313 0.325836181640625 -0.24249267578125
0.00325584411621094 -0.0102224349975586 0.0426025390625 -0.5042724609375
-0.00620079040527344 -0.00196552276611328 -0.359466552734375 -0.2344970703125
0.0059051513671875 0.00487422943115234 -0.3031005859375 0.139678955078125
0.00942611694335938 0.00844764709472656 -0.088348388671875 0.238922119140625
0.0016944408416748 -0.00141525268554688 0.09783935546875 0.1478271484375
0.0157575607299805 -0.00311374664306641 0.148452758789063 0.0296630859375
0.0180683135986328 -0.00222587585449219 -0.15045166015625 -0.0522308349609375
0.00876617431640625 -0.00800418853759766 -0.0787353515625 -0.174789428710938
0.00936794281005859 0.00246143341064453 0.101898193359375 -0.240142822265625
0.00364303588867188 0.00951766967773438 0.3284912109375 -0.123870849609375
-0.0132417678833008 -0.00105953216552734 0.314239501953125 0.236907958984375
-0.00660896301269531 -0.0192947387695312 -0.015869140625 0.45977783203125
0.0178375244140625 -0.00203514099121094 -0.260421752929688 0.259613037109375
0.0326728820800781 0.0133724212646484 0.00955963134765625 0.0401382446289063
0.0248756408691406 -0.00675392150878906 0.32489013671875 -0.235321044921875
0.003448486328125 -0.0106391906738281 0.047119140625 -0.504425048828125
-0.0108623504638672 -0.000226974487304689 -0.361328125 -0.23773193359375
0.00145053863525391 0.00353646278381348 -0.309112548828125 0.140380859375
0.00966644287109375 0.00346469879150391 -0.0924072265625 0.242645263671875
0.00464820861816406 -0.00551271438598633 0.096099853515625 0.150909423828125
0.0184001922607422 -0.00533866882324219 0.151870727539063 0.027496337890625
0.0183258056640625 -0.00511550903320313 -0.151168823242188 -0.051605224609375
0.00704813003540039 -0.00874757766723633 -0.0799560546875 -0.173965454101563
0.00991916656494141 0.00190353393554688 0.0995635986328125 -0.241119384765625
0.00417900085449219 0.00896358489990234 0.327239990234375 -0.129180908203125
-0.0133352279663086 -0.000569343566894533 0.3175048828125 0.230865478515625
-0.00821685791015625 -0.0182209014892578 -0.00878906249999999 0.4580078125
0.0159502029418945 -0.00191116333007813 -0.257858276367188 0.26129150390625
0.0303153991699219 0.0135040283203125 0.00653457641601562 0.0404701232910156
0.0230388641357422 -0.00626182556152344 0.324462890625 -0.232574462890625
0.00299263000488281 -0.00885486602783203 0.05230712890625 -0.504913330078125
-0.010986328125 7.34329223632826E-05 -0.35791015625 -0.2437744140625
0.00250911712646484 0.00325584411621094 -0.310577392578125 0.136260986328125
0.0101633071899414 0.00334930419921875 -0.093780517578125 0.24237060546875
0.00372886657714844 -0.00605344772338867 0.094940185546875 0.151336669921875
0.0186805725097656 -0.00704383850097656 0.151199340820313 0.02947998046875
0.0180397033691406 -0.00545501708984375 -0.152374267578125 -0.049102783203125
0.00669097900390625 -0.00885772705078125 -0.0800933837890625 -0.173324584960937
0.0100135803222656 0.00228309631347656 0.0983123779296875 -0.242355346679688
0.00465106964111328 0.00894546508789062 0.327423095703125 -0.131988525390625
-0.0120162963867187 0.000133514404296878 0.319580078125 0.228515625
-0.00876426696777343 -0.0171976089477539 -0.00524902343749997 0.455963134765625
0.0134811401367187 -0.000205039978027344 -0.257156372070312 0.26409912109375
0.0264892578125 0.0141181945800781 0.00548553466796876 0.0408248901367188
0.0205230712890625 -0.00570487976074219 0.3272705078125 -0.23077392578125
0.00207901000976563 -0.00894641876220703 0.057373046875 -0.5059814453125
-0.0107879638671875 1.14440917968754E-05 -0.35687255859375 -0.24749755859375
0.00278115272521973 0.00316834449768066 -0.31024169921875 0.133087158203125
0.010075569152832 0.00414371490478516 -0.0945587158203125 0.240753173828125
0.00400638580322266 -0.00636482238769531 0.0960845947265625 0.152069091796875
0.0186386108398438 -0.00804328918457031 0.151321411132813 0.0295562744140625
0.0182151794433594 -0.00629615783691406 -0.151702880859375 -0.0476837158203125
0.00642919540405273 -0.00804328918457031 -0.079071044921875 -0.172409057617187
0.0103673934936523 0.00294208526611328 0.098968505859375 -0.242446899414062
0.00625228881835938 0.00891017913818359 0.327880859375 -0.132080078125
-0.0116405487060547 5.24520874023441E-05 0.32098388671875 0.226531982421875
-0.00948333740234375 -0.0163698196411133 -0.00283813476562504 0.4552001953125
0.0104522705078125 0.000896453857421875 -0.257247924804688 0.262283325195312
0.0226879119873047 0.0140933990478516 0.00612640380859375 0.0408859252929688
0.0183906555175781 -0.00472259521484375 0.328887939453125 -0.2313232421875
0.00213193893432617 -0.00849533081054688 0.05853271484375 -0.507232666015625
-0.00982952117919922 -0.000755310058593749 -0.3555908203125 -0.249359130859375
0.00352740287780762 0.0030217170715332 -0.3106689453125 0.131805419921875
0.010228157043457 0.00493621826171875 -0.0948486328125 0.2401123046875
0.00318145751953125 -0.00583839416503906 0.0959930419921875 0.152435302734375
0.0181217193603516 -0.00929832458496094 0.150497436523437 0.029754638671875
0.0177879333496094 -0.00551605224609375 -0.151824951171875 -0.046844482421875
0.00570392608642578 -0.00760078430175781 -0.0781707763671875 -0.172286987304687
0.0108375549316406 0.00434207916259766 0.100082397460937 -0.242782592773438
0.00683403015136719 0.00949001312255859 0.328125 -0.13287353515625
-0.0113296508789063 -0.000392913818359375 0.32073974609375 0.227874755859375
-0.00970554351806641 -0.0162439346313477 -0.0032958984375 0.455474853515625
0.00873374938964844 0.00133085250854492 -0.2550048828125 0.262496948242188
0.0195770263671875 0.0137348175048828 0.00746536254882813 0.0398521423339844
0.0163259506225586 -0.00417232513427734 0.3289794921875 -0.232574462890625
0.00147390365600586 -0.00866270065307617 0.05792236328125 -0.5087890625
-0.00889301300048828 -0.000942230224609373 -0.354461669921875 -0.249237060546875
0.00465011596679688 0.00316047668457031 -0.309356689453125 0.13116455078125
0.00997543334960938 0.00516796112060547 -0.094573974609375 0.239532470703125
0.00241231918334961 -0.00497007369995117 0.096405029296875 0.151336669921875
0.0177116394042969 -0.00875282287597656 0.14996337890625 0.0304412841796875
0.0174598693847656 -0.00440597534179687 -0.150604248046875 -0.047149658203125
0.00609064102172852 -0.00591278076171875 -0.075775146484375 -0.172927856445313
0.0107698440551758 0.00523948669433594 0.102127075195312 -0.241729736328125
0.00821971893310547 0.00934696197509765 0.32861328125 -0.129791259765625
-0.0103473663330078 -0.000975608825683593 0.319549560546875 0.231597900390625
-0.00846958160400391 -0.0166959762573242 -0.00616455078125004 0.45758056640625
0.00743389129638672 0.0017857551574707 -0.255096435546875 0.260086059570312
0.0171489715576172 0.0139827728271484 0.010711669921875 0.0393905639648438
0.0145950317382813 -0.00461578369140625 0.328338623046875 -0.236297607421875
0.0022735595703125 -0.0088958740234375 0.05462646484375 -0.509674072265625
-0.0078577995300293 -0.00123882293701172 -0.3563232421875 -0.247894287109375
0.0050959587097168 0.00352334976196289 -0.308013916015625 0.133575439453125
0.0100021362304688 0.00665664672851562 -0.0928955078125 0.23919677734375
0.00140929222106934 -0.00397419929504395 0.097015380859375 0.150497436523437
0.0173673629760742 -0.00790119171142578 0.149566650390625 0.0303955078125
0.0171031951904297 -0.00274848937988281 -0.149581909179688 -0.04718017578125
0.00636959075927734 -0.00501871109008789 -0.073760986328125 -0.17291259765625
0.0113544464111328 0.00664424896240234 0.105316162109375 -0.242172241210938
0.00775527954101563 0.0103473663330078 0.331146240234375 -0.125335693359375
-0.00982475280761719 -0.00176525115966797 0.318756103515625 0.23687744140625
-0.00784683227539063 -0.0175495147705078 -0.00949096679687502 0.457733154296875
0.00665903091430664 0.00146484375 -0.25396728515625 0.258987426757812
0.0164709091186523 0.0140409469604492 0.0146751403808594 0.0384063720703125
0.0145158767700195 -0.0050506591796875 0.328125 -0.2388916015625
0.00285053253173828 -0.00933456420898437 0.0494384765625 -0.50848388671875
-0.00727653503417969 -0.00130796432495117 -0.3587646484375 -0.2432861328125
0.00586271286010742 0.00391578674316406 -0.305908203125 0.136474609375
0.00992012023925781 0.00747108459472656 -0.0911102294921875 0.239715576171875
0.00156068801879883 -0.00261545181274414 0.0975341796875 0.14959716796875
0.0165109634399414 -0.00610160827636719 0.149612426757812 0.0302886962890625
0.0158452987670898 -0.00129222869873047 -0.148727416992188 -0.047821044921875
0.00674533843994141 -0.00360345840454102 -0.072601318359375 -0.174240112304688
0.0108757019042969 0.00766563415527344 0.10736083984375 -0.240921020507813
0.00780868530273438 0.0105342864990234 0.33245849609375 -0.12109375
-0.00916194915771484 -0.00177764892578125 0.31475830078125 0.24298095703125
-0.00742912292480469 -0.0184574127197266 -0.014617919921875 0.46014404296875
0.00786209106445313 0.00111913681030273 -0.2547607421875 0.256149291992188
0.0171909332275391 0.0140485763549805 0.0187110900878906 0.0371589660644531
0.0149917602539063 -0.00527286529541016 0.32720947265625 -0.243865966796875
0.00322055816650391 -0.0103902816772461 0.042327880859375 -0.507049560546875
-0.00650882720947266 -0.00206518173217773 -0.361328125 -0.23736572265625
0.00616645812988281 0.00438928604125977 -0.30487060546875 0.140228271484375
0.0098724365234375 0.00858592987060547 -0.0891876220703125 0.240371704101562
0.0020599365234375 -0.00118386745452881 0.0985260009765625 0.148452758789062
0.0159740447998047 -0.00374698638916016 0.150100708007813 0.0301055908203125
0.0176372528076172 -0.00324249267578125 -0.152786254882812 -0.0526580810546875
0.00843715667724609 -0.00832271575927734 -0.0804290771484375 -0.17559814453125
0.00965213775634766 0.00233078002929688 0.100784301757812 -0.242050170898438
0.00331020355224609 0.0101795196533203 0.330169677734375 -0.126007080078125
-0.0134992599487305 -0.000490188598632813 0.315521240234375 0.238494873046875
-0.00677871704101563 -0.0195903778076172 -0.016143798828125 0.46246337890625
0.0180339813232422 -0.00194168090820312 -0.261306762695313 0.261199951171875
0.0327644348144531 0.0135211944580078 0.00975418090820313 0.0403823852539063
0.024444580078125 -0.00720596313476563 0.327301025390625 -0.237518310546875
0.00393962860107422 -0.0108766555786133 0.046295166015625 -0.507171630859375
-0.0113391876220703 -0.000116348266601563 -0.364227294921875 -0.239532470703125
0.00173020362854004 0.00399041175842285 -0.310791015625 0.142242431640625
0.0100717544555664 0.0036163330078125 -0.0924072265625 0.243865966796875
0.00467967987060547 -0.00546026229858399 0.097381591796875 0.151779174804688
0.01812744140625 -0.00552749633789062 0.154937744140625 0.0272979736328125
0.0188159942626953 -0.005828857421875 -0.152999877929688 -0.051513671875
0.00749969482421875 -0.00840044021606445 -0.08160400390625 -0.174728393554688
0.0102939605712891 0.00153923034667969 0.0989990234375 -0.243881225585938
0.00393390655517578 0.00893306732177735 0.329559326171875 -0.13079833984375
-0.0132217407226563 -0.000366210937500002 0.319610595703125 0.2322998046875
-0.00780868530273438 -0.0185928344726563 -0.00939941406249999 0.460723876953125
0.0154380798339844 -0.00107574462890625 -0.259506225585938 0.26300048828125
0.0300769805908203 0.0137577056884766 0.00713729858398438 0.0407600402832031
0.0229892730712891 -0.00639915466308594 0.327911376953125 -0.235198974609375
0.00287437438964844 -0.00966453552246094 0.0508422851562499 -0.508087158203125
-0.0112094879150391 -0.000120162963867188 -0.361602783203125 -0.244598388671875
0.00203752517700195 0.00354242324829101 -0.311553955078125 0.137420654296875
0.0101833343505859 0.00339603424072266 -0.093597412109375 0.24371337890625
0.00482988357543945 -0.00606679916381836 0.0966796875 0.153045654296875
0.0190582275390625 -0.00743484497070313 0.153335571289063 0.028778076171875
0.0181503295898438 -0.00621223449707031 -0.1534423828125 -0.0488739013671875
0.00664901733398438 -0.00882720947265625 -0.081634521484375 -0.174224853515625
0.00972938537597656 0.00266838073730469 0.09747314453125 -0.243942260742188
0.00527000427246094 0.00881481170654297 0.3289794921875 -0.132568359375
-0.0129833221435547 6.96182250976571E-05 0.32122802734375 0.22894287109375
-0.0091552734375 -0.0179195404052734 -0.00567626953125 0.458526611328125
0.0131406784057617 3.4332275390625E-05 -0.259185791015625 0.264999389648438
0.0269794464111328 0.013824462890625 0.00586700439453126 0.040985107421875
0.0207366943359375 -0.00620841979980469 0.3291015625 -0.23321533203125
0.00250625610351563 -0.00884151458740234 0.0574951171875 -0.509307861328125
-0.0110912322998047 -1.90734863281447E-06 -0.359344482421875 -0.2490234375
0.00297760963439941 0.00288891792297363 -0.31304931640625 0.134552001953125
0.0100889205932617 0.00389480590820313 -0.0942230224609375 0.242401123046875
0.00431251525878906 -0.00628662109375 0.09661865234375 0.152603149414063
0.0182476043701172 -0.00907516479492188 0.152755737304688 0.029541015625
0.0182323455810547 -0.00669288635253906 -0.153427124023438 -0.047821044921875
0.00590419769287109 -0.00839328765869141 -0.080474853515625 -0.17425537109375
0.0106573104858398 0.00278949737548828 0.098297119140625 -0.24456787109375
0.00608158111572266 0.00928878784179688 0.328857421875 -0.13360595703125
-0.0119113922119141 1.43051147460959E-05 0.323028564453125 0.22760009765625
-0.00944232940673828 -0.0165901184082031 -0.00381469726562504 0.45855712890625
0.010746955871582 0.000851631164550781 -0.25799560546875 0.263916015625
0.0232582092285156 0.0140762329101563 0.00567626953125 0.0410499572753906
0.0185146331787109 -0.00499153137207031 0.33111572265625 -0.232818603515625
0.00186824798583984 -0.00885200500488281 0.058624267578125 -0.509307861328125
-0.0100669860839844 -0.000510215759277343 -0.35772705078125 -0.250640869140625
0.00396370887756348 0.00280880928039551 -0.312530517578125 0.132598876953125
0.010894775390625 0.00484848022460938 -0.0943603515625 0.241531372070312
0.00337600708007813 -0.00606107711791992 0.09674072265625 0.152740478515625
0.0180816650390625 -0.00984382629394531 0.152099609375 0.030120849609375
0.0177822113037109 -0.00627326965332031 -0.153427124023438 -0.0476837158203125
0.00581169128417969 -0.00777816772460938 -0.0797119140625 -0.1734619140625
0.0105161666870117 0.00420951843261719 0.0999755859375 -0.2442626953125
0.00708103179931641 0.00927066802978516 0.3292236328125 -0.133819580078125
-0.011225700378418 -0.000221252441406249 0.3226318359375 0.228485107421875
-0.00965023040771485 -0.0166711807250977 -0.00317382812499999 0.45989990234375
0.00923538208007813 0.000971794128417969 -0.257431030273438 0.26422119140625
0.0199451446533203 0.0141315460205078 0.00749969482421875 0.0399055480957031
0.016021728515625 -0.00435543060302734 0.331787109375 -0.235321044921875
0.00218629837036133 -0.0082855224609375 0.05810546875 -0.510650634765625
-0.00904273986816406 -0.000851631164550782 -0.358734130859375 -0.25146484375
0.0042881965637207 0.00353407859802246 -0.311981201171875 0.132965087890625
0.0101757049560547 0.0054779052734375 -0.0941619873046875 0.241195678710938
0.00236415863037109 -0.00493860244750977 0.0978851318359375 0.1519775390625
0.0176925659179688 -0.00953102111816406 0.151611328125 0.03045654296875
0.0172710418701172 -0.00484085083007813 -0.152313232421875 -0.04705810546875
0.0057988166809082 -0.00608301162719727 -0.0773773193359375 -0.1739501953125
0.0106668472290039 0.00572490692138672 0.102310180664063 -0.244277954101563
0.00768947601318359 0.00928306579589844 0.330902099609375 -0.131378173828125
-0.0109128952026367 -0.000720977783203127 0.321929931640625 0.232666015625
-0.00871658325195313 -0.0172405242919922 -0.00515747070312503 0.4609375
0.00718212127685547 0.0014653205871582 -0.257186889648438 0.261444091796875
0.0170679092407227 0.0142936706542969 0.0107231140136719 0.0392913818359375
0.0147266387939453 -0.00520706176757813 0.330963134765625 -0.2379150390625
0.0024261474609375 -0.00863838195800781 0.05450439453125 -0.51214599609375
-0.00786113739013672 -0.00108098983764649 -0.358673095703125 -0.248992919921875
0.00520801544189453 0.00353908538818359 -0.310638427734375 0.1346435546875
0.0103063583374023 0.00676059722900391 -0.093505859375 0.241241455078125
0.00196027755737305 -0.0037086009979248 0.0979766845703125 0.151840209960938
0.0176143646240234 -0.00840568542480469 0.151214599609375 0.0313873291015625
0.0167694091796875 -0.00316333770751953 -0.150543212890625 -0.0473175048828125
0.00660419464111328 -0.00493288040161133 -0.0747222900390625 -0.174346923828125
0.0110158920288086 0.00701427459716797 0.105194091796875 -0.24371337890625
0.00796127319335938 0.00983333587646484 0.33245849609375 -0.126495361328125
-0.0106267929077148 -0.00146484375 0.32012939453125 0.23834228515625
-0.00783920288085937 -0.0177402496337891 -0.00982666015624996 0.461700439453125
0.00693702697753906 0.00161552429199219 -0.255661010742188 0.259689331054688
0.0162601470947266 0.0140495300292969 0.0148735046386719 0.0385093688964844
0.0141334533691406 -0.00568199157714844 0.330169677734375 -0.240936279296875
0.00316715240478515 -0.00937461853027344 0.049041748046875 -0.51202392578125
-0.00721406936645508 -0.00159645080566406 -0.361328125 -0.244659423828125
0.00590038299560547 0.00383281707763672 -0.30877685546875 0.137176513671875
0.0104942321777344 0.00760841369628906 -0.0916900634765625 0.241302490234375
0.00207304954528809 -0.00252890586853027 0.0979156494140625 0.150466918945312
0.0168476104736328 -0.00670433044433594 0.150726318359375 0.0309295654296875
0.0155000686645508 -0.00147438049316406 -0.150650024414062 -0.0482330322265625
0.00688838958740234 -0.00399351119995117 -0.0736541748046875 -0.175308227539063
0.0110654830932617 0.00747776031494141 0.106918334960938 -0.242935180664063
0.00757980346679688 0.0102090835571289 0.33343505859375 -0.122528076171875
-0.0102605819702148 -0.00214004516601562 0.317108154296875 0.243743896484375
-0.00671195983886719 -0.0186824798583984 -0.01605224609375 0.462432861328125
0.00787448883056641 0.00106048583984375 -0.25628662109375 0.25762939453125
0.0168571472167969 0.0135612487792969 0.018798828125 0.0374488830566406
0.0151844024658203 -0.00623512268066406 0.328521728515625 -0.244232177734375
0.00306320190429688 -0.0102615356445313 0.042266845703125 -0.510528564453125
-0.00687265396118164 -0.00201797485351562 -0.3642578125 -0.23797607421875
0.00618410110473633 0.00415563583374023 -0.305908203125 0.1417236328125
0.0101346969604492 0.00846004486083985 -0.089080810546875 0.242095947265625
0.00208640098571777 -0.00119757652282715 0.09930419921875 0.1495361328125
0.0159597396850586 -0.00366115570068359 0.151809692382813 0.030426025390625
0.0180301666259766 -0.00397300720214844 -0.154617309570313 -0.0525054931640625
0.00809240341186523 -0.00838136672973633 -0.0826416015625 -0.177078247070313
0.00904941558837891 0.00229930877685547 0.100906372070312 -0.244552612304688
0.00345802307128906 0.00932693481445313 0.331451416015625 -0.128631591796875
-0.0141639709472656 -0.0010986328125 0.319183349609375 0.23992919921875
-0.00667381286621094 -0.0193843841552734 -0.014892578125 0.46527099609375
0.0182666778564453 -0.00185012817382813 -0.263809204101563 0.263656616210938
0.0331859588623047 0.0132846832275391 0.00952529907226563 0.040802001953125
0.0245952606201172 -0.00825119018554688 0.328704833984375 -0.239776611328125
0.00337696075439453 -0.0102853775024414 0.045928955078125 -0.5120849609375
-0.0116939544677734 1.43204909425449E-18 -0.36688232421875 -0.239837646484375
0.00178289413452148 0.00359392166137695 -0.313323974609375 0.1436767578125
0.00981426239013672 0.00345706939697266 -0.0920867919921875 0.2464599609375
0.00505304336547852 -0.00551891326904297 0.098785400390625 0.15289306640625
0.0180492401123047 -0.0056304931640625 0.156021118164063 0.02685546875
0.0185832977294922 -0.00569534301757813 -0.1551513671875 -0.050872802734375
0.00731277465820313 -0.00898265838623047 -0.083465576171875 -0.175918579101563
0.00982570648193359 0.00204277038574219 0.098175048828125 -0.245315551757812
0.00419521331787109 0.00904655456542969 0.330322265625 -0.132415771484375
-0.0140275955200195 1.04904174804673E-05 0.321929931640625 0.2342529296875
-0.00777053833007812 -0.0186500549316406 -0.00863647460937497 0.46417236328125
0.0159854888916016 -0.00112533569335938 -0.261795043945313 0.265289306640625
0.0303955078125 0.013671875 0.00695037841796875 0.0411796569824219
0.0225467681884766 -0.00690841674804688 0.329071044921875 -0.237030029296875
0.00288581848144531 -0.00925350189208984 0.051422119140625 -0.511444091796875
-0.0112533569335938 1.14440917968754E-05 -0.36456298828125 -0.246246337890625
0.00240349769592285 0.00308823585510254 -0.31427001953125 0.13922119140625
0.0106630325317383 0.00361061096191406 -0.0940704345703125 0.245758056640625
0.00470161437988281 -0.00655937194824219 0.098114013671875 0.153579711914063
0.0186901092529297 -0.00830078125 0.1552734375 0.02825927734375
0.0179080963134766 -0.00745964050292969 -0.155349731445313 -0.0485076904296875
0.00638103485107422 -0.00930213928222656 -0.0838165283203125 -0.175262451171875
0.0102424621582031 0.00258445739746094 0.0970306396484375 -0.245529174804688
0.00516366958618164 0.00874900817871094 0.33062744140625 -0.13629150390625
-0.0134897232055664 -0.000272750854492186 0.324127197265625 0.22967529296875
-0.00890541076660157 -0.0178546905517578 -0.00421142578124999 0.4630126953125
0.0134849548339844 -0.000767707824707031 -0.2607421875 0.267288208007813
0.0267257690429687 0.0139961242675781 0.00592803955078125 0.0412483215332031
0.0208988189697266 -0.00564956665039063 0.331878662109375 -0.2349853515625
0.00184345245361328 -0.00882625579833984 0.0563049316406249 -0.513275146484375
-0.011418342590332 0.000325202941894533 -0.362030029296875 -0.2501220703125
0.00346493721008301 0.00283503532409668 -0.315216064453125 0.13702392578125
0.0103883743286133 0.00363731384277344 -0.0950469970703125 0.244155883789063
0.00384140014648437 -0.00665760040283203 0.0980682373046875 0.153884887695313
0.018280029296875 -0.00958824157714844 0.155349731445313 0.029388427734375
0.0179653167724609 -0.00736427307128906 -0.15521240234375 -0.0478973388671875
0.00664997100830078 -0.00861263275146484 -0.08209228515625 -0.17486572265625
0.0103073120117188 0.00294589996337891 0.09747314453125 -0.2462158203125
0.00621366500854492 0.0085444450378418 0.33056640625 -0.13739013671875
-0.0123729705810547 -0.000238418579101564 0.32470703125 0.228759765625
-0.00935268402099609 -0.0169563293457031 -0.00320434570312495 0.462432861328125
0.0108346939086914 0.000871658325195313 -0.25885009765625 0.266265869140625
0.0229454040527344 0.0140495300292969 0.00589370727539062 0.0404930114746094
0.0177593231201172 -0.0055694580078125 0.332763671875 -0.234954833984375
0.00249290466308594 -0.00856733322143555 0.05670166015625 -0.514007568359375
-0.00992202758789063 -0.000229835510253907 -0.361328125 -0.253143310546875
0.00365543365478516 0.00255560874938965 -0.314666748046875 0.13470458984375
0.0110454559326172 0.00476455688476562 -0.094757080078125 0.24407958984375
0.00341796875 -0.00565862655639648 0.098358154296875 0.154281616210938
0.0185527801513672 -0.0104293823242188 0.154220581054688 0.0298614501953125
0.0175437927246094 -0.00694084167480469 -0.155014038085938 -0.046875
0.00586509704589844 -0.00744438171386719 -0.0816802978515625 -0.174240112304688
0.0104484558105469 0.00437736511230469 0.0995330810546875 -0.24688720703125
0.00693130493164063 0.00906562805175781 0.331756591796875 -0.13714599609375
-0.0118408203125 -0.000227928161621092 0.325592041015625 0.229736328125
-0.00950813293457031 -0.0164718627929688 -0.00186157226562501 0.46356201171875
0.00861549377441406 0.00115013122558594 -0.258529663085938 0.265487670898437
0.0199489593505859 0.0140419006347656 0.00800704956054688 0.0404548645019531
0.01580810546875 -0.00525188446044922 0.33404541015625 -0.237457275390625
0.00183296203613281 -0.00817298889160156 0.0577392578125 -0.51556396484375
-0.00906848907470703 -0.000451087951660157 -0.362060546875 -0.252410888671875
0.00470638275146484 0.00296878814697266 -0.31353759765625 0.13531494140625
0.0105066299438477 0.00562858581542969 -0.0940093994140625 0.24334716796875
0.00247383117675781 -0.00510931015014648 0.09918212890625 0.15301513671875
0.0180606842041016 -0.0101451873779297 0.153335571289063 0.0305633544921875
0.0176258087158203 -0.00549888610839844 -0.153915405273438 -0.0471954345703125
0.00605058670043945 -0.00621891021728516 -0.0787811279296875 -0.17486572265625
0.0107641220092773 0.00553607940673828 0.10137939453125 -0.247177124023438
0.00747394561767578 0.00942039489746094 0.3333740234375 -0.1339111328125
-0.0108404159545898 -0.00126457214355469 0.324066162109375 0.23406982421875
-0.00913715362548828 -0.0168514251708984 -0.00534057617187502 0.464385986328125
0.00760269165039063 0.0013275146484375 -0.258804321289062 0.264785766601563
0.0173673629760742 0.0140466690063477 0.0109481811523438 0.0397300720214844
0.0146341323852539 -0.00509452819824219 0.332611083984375 -0.239898681640625
0.00259590148925781 -0.00855302810668945 0.053680419921875 -0.516693115234375
-0.0086221694946289 -0.00100374221801758 -0.36236572265625 -0.2508544921875
0.00541830062866211 0.0032200813293457 -0.312225341796875 0.136688232421875
0.0104398727416992 0.00678157806396484 -0.0933990478515625 0.244216918945313
0.00176119804382324 -0.00415682792663574 0.0997314453125 0.1522216796875
0.0172691345214844 -0.00852203369140625 0.1533203125 0.0306854248046875
0.0169229507446289 -0.00376701354980469 -0.152877807617188 -0.047454833984375
0.00650453567504883 -0.00523662567138672 -0.0767669677734375 -0.17486572265625
0.0113496780395508 0.00666713714599609 0.104415893554688 -0.246002197265625
0.00812435150146484 0.00989437103271484 0.334442138671875 -0.129150390625
-0.010502815246582 -0.00159835815429687 0.32257080078125 0.2398681640625
-0.00783348083496094 -0.0173625946044922 -0.00915527343750005 0.464202880859375
0.00719594955444336 0.00144243240356445 -0.25811767578125 0.261825561523438
0.0167608261108398 0.0142374038696289 0.0151214599609375 0.0384521484375
0.0144510269165039 -0.00560379028320313 0.3323974609375 -0.24273681640625
0.00259494781494141 -0.00933551788330078 0.049072265625 -0.51666259765625
-0.00754022598266601 -0.00113821029663086 -0.364013671875 -0.24462890625
0.00640392303466797 0.00328302383422852 -0.310882568359375 0.139801025390625
0.0100431442260742 0.00793552398681641 -0.0913543701171875 0.24359130859375
0.00183343887329102 -0.00263571739196777 0.09979248046875 0.151199340820312
0.0164566040039063 -0.00726413726806641 0.152908325195313 0.0309906005859375
0.0159130096435547 -0.00189304351806641 -0.152542114257813 -0.0485687255859375
0.00702524185180664 -0.00416707992553711 -0.075286865234375 -0.17645263671875
0.0112457275390625 0.00800418853759766 0.106475830078125 -0.245132446289062
0.00790977478027344 0.0102148056030273 0.335601806640625 -0.124847412109375
-0.010136604309082 -0.00251674652099609 0.319091796875 0.245941162109375
-0.0065460205078125 -0.0190353393554688 -0.01513671875 0.4661865234375
0.00759315490722656 0.000838279724121094 -0.25860595703125 0.258270263671875
0.0170001983642578 0.0138769149780273 0.0195236206054688 0.0374794006347656
0.0147285461425781 -0.00646686553955078 0.331573486328125 -0.24664306640625
0.00339126586914063 -0.0103530883789063 0.042388916015625 -0.514862060546875
-0.00693607330322266 -0.00193023681640625 -0.36761474609375 -0.238037109375
0.00604248046875 0.00390529632568359 -0.308624267578125 0.14385986328125
0.010157585144043 0.00825309753417969 -0.0886383056640625 0.24420166015625
0.00196743011474609 -0.00154328346252441 0.100509643554688 0.1502685546875
0.0152511596679688 -0.00507545471191406 0.153854370117187 0.0293731689453125
0.0179367065429687 -0.00416755676269531 -0.156204223632813 -0.052642822265625
0.00829267501831055 -0.00809097290039063 -0.0842437744140625 -0.1778564453125
0.0099191665649414 0.00237560272216797 0.0993194580078125 -0.246917724609375
0.00312614440917969 0.00944995880126953 0.33294677734375 -0.130279541015625
-0.0142107009887695 -0.000558853149414062 0.3223876953125 0.24029541015625
-0.00679206848144531 -0.0197715759277344 -0.01458740234375 0.46966552734375
0.0182704925537109 -0.00211715698242188 -0.265060424804688 0.265914916992187
0.0330886840820313 0.0136260986328125 0.0106201171875 0.0405845642089844
0.0251750946044922 -0.00864601135253906 0.331573486328125 -0.243194580078125
0.00327968597412109 -0.0105447769165039 0.04541015625 -0.51605224609375
-0.0112514495849609 0.000362396240234377 -0.371978759765625 -0.239410400390625
0.00196647644042969 0.00361847877502441 -0.314422607421875 0.146148681640625
0.0106983184814453 0.00320339202880859 -0.0917816162109375 0.24957275390625
0.00517845153808594 -0.00616312026977539 0.100189208984375 0.153152465820312
0.0184173583984375 -0.00644683837890625 0.158599853515625 0.0268707275390625
0.0182361602783203 -0.00635528564453125 -0.157012939453125 -0.0512542724609375
0.00676441192626953 -0.00886058807373047 -0.0857086181640625 -0.1767578125
0.010014533996582 0.00221347808837891 0.09710693359375 -0.248138427734375
0.003814697265625 0.00916862487792969 0.332550048828125 -0.1361083984375
-0.014286994934082 -0.000382423400878908 0.325408935546875 0.23516845703125
-0.00762748718261718 -0.0188064575195313 -0.00823974609375001 0.468597412109375
0.0163946151733398 -0.00137138366699219 -0.262680053710937 0.267868041992188
0.030517578125 0.0133476257324219 0.00770950317382812 0.0413970947265625
0.0227775573730469 -0.00800323486328125 0.33197021484375 -0.240081787109375
0.0026702880859375 -0.00988578796386719 0.04962158203125 -0.517486572265625
-0.0113458633422852 0.000590324401855467 -0.369476318359375 -0.246246337890625
0.00210285186767578 0.00306606292724609 -0.316162109375 0.14215087890625
0.0107278823852539 0.00297355651855469 -0.09368896484375 0.248397827148438
0.00455713272094727 -0.00606966018676758 0.0992889404296875 0.154830932617188
0.0189456939697266 -0.00853347778320313 0.157608032226563 0.0272979736328125
0.0183925628662109 -0.00723838806152344 -0.157577514648438 -0.048675537109375
0.00616168975830078 -0.00919151306152344 -0.0860137939453125 -0.175872802734375
0.00986003875732422 0.00231647491455078 0.0964202880859375 -0.2489013671875
0.00493621826171875 0.00873374938964844 0.331451416015625 -0.1396484375
-0.0134706497192383 -0.000420570373535154 0.32818603515625 0.230224609375
-0.00943374633789063 -0.0178508758544922 -0.00299072265625005 0.466827392578125
0.0135402679443359 -0.000356674194335938 -0.262008666992188 0.27008056640625
0.0274581909179688 0.0140056610107422 0.00606918334960937 0.0412406921386719
0.0208721160888672 -0.00653076171875 0.333526611328125 -0.2381591796875
0.00235366821289063 -0.00881195068359375 0.054473876953125 -0.518890380859375
-0.0110054016113281 -0.000873565673828125 -0.3663330078125 -0.250732421875
0.00287055969238281 0.00209665298461914 -0.317047119140625 0.13934326171875
0.010955810546875 0.00397777557373047 -0.0938873291015625 0.247390747070313
0.00409936904907227 -0.00698471069335937 0.0999755859375 0.154327392578125
0.0184612274169922 -0.0103130340576172 0.157028198242188 0.028411865234375
0.0181674957275391 -0.0077362060546875 -0.157363891601563 -0.047454833984375
0.00597143173217773 -0.0082244873046875 -0.0847320556640625 -0.175918579101562
0.0105657577514648 0.00344467163085937 0.096221923828125 -0.249099731445313
0.00559186935424805 0.00836277008056641 0.331573486328125 -0.139556884765625
-0.0133543014526367 -0.000118255615234377 0.328125 0.22998046875
-0.00932884216308594 -0.0176200866699219 -0.002166748046875 0.46575927734375
0.010584831237793 0.00052642822265625 -0.261245727539063 0.26947021484375
0.0232315063476563 0.0143394470214844 0.00566482543945313 0.0414848327636719
0.0176620483398438 -0.0058135986328125 0.33416748046875 -0.2381591796875
0.00174760818481445 -0.00828266143798828 0.055389404296875 -0.51898193359375
-0.0101099014282227 -0.000362396240234373 -0.365478515625 -0.252655029296875
0.00411033630371094 0.00276994705200195 -0.316497802734375 0.13763427734375
0.0108118057250977 0.00427055358886719 -0.094146728515625 0.246353149414063
0.00307798385620117 -0.00660181045532227 0.100601196289063 0.154373168945313
0.0181350708007812 -0.0111198425292969 0.15618896484375 0.0297393798828125
0.017308235168457 -0.00710582733154297 -0.157073974609375 -0.0469207763671875
0.00526332855224609 -0.00765848159790039 -0.083740234375 -0.1756591796875
0.0109100341796875 0.00427436828613281 0.098052978515625 -0.249664306640625
0.00674057006835937 0.00899314880371094 0.3328857421875 -0.139984130859375
-0.0119314193725586 -0.000494003295898439 0.329254150390625 0.22998046875
-0.00919246673583985 -0.0165376663208008 -0.00103759765624996 0.46697998046875
0.00841236114501953 0.00116872787475586 -0.2596435546875 0.268661499023438
0.02001953125 0.0139751434326172 0.0081024169921875 0.040618896484375
0.0162754058837891 -0.00511264801025391 0.335968017578125 -0.24072265625
0.00210189819335938 -0.00812101364135742 0.054931640625 -0.520477294921875
-0.00917148590087891 -0.000308990478515625 -0.365509033203125 -0.25323486328125
0.0043337345123291 0.00249958038330078 -0.315948486328125 0.137237548828125
0.0111579895019531 0.00496006011962891 -0.09466552734375 0.245849609375
0.00233554840087891 -0.00549650192260742 0.100601196289062 0.153701782226563
0.0182304382324219 -0.0107002258300781 0.155715942382813 0.0300140380859375
0.0171213150024414 -0.00592613220214844 -0.1558837890625 -0.047119140625
0.005340576171875 -0.00655174255371094 -0.0811767578125 -0.176361083984375
0.0110797882080078 0.00555133819580078 0.100143432617187 -0.249267578125
0.00750064849853516 0.00930023193359375 0.334320068359375 -0.13604736328125
-0.0114173889160156 -0.00109004974365234 0.327545166015625 0.233856201171875
-0.00855255126953125 -0.0172224044799805 -0.004974365234375 0.46923828125
0.00704193115234375 0.00138568878173828 -0.259445190429687 0.266616821289063
0.0176048278808594 0.0143108367919922 0.011474609375 0.0401077270507813
0.0147924423217773 -0.00574588775634766 0.33502197265625 -0.2423095703125
0.00214004516601563 -0.00867128372192383 0.0535888671875 -0.520477294921875
-0.00826025009155273 -0.00052785873413086 -0.36627197265625 -0.2508544921875
0.00547027587890625 0.00309896469116211 -0.314849853515625 0.13922119140625
0.0109405517578125 0.00689125061035156 -0.0931854248046875 0.24615478515625
0.00177621841430664 -0.00371003150939941 0.101486206054688 0.152984619140625
0.0172414779663086 -0.00910663604736328 0.155609130859375 0.030914306640625
0.0168161392211914 -0.00383090972900391 -0.154708862304688 -0.04705810546875
0.0062251091003418 -0.00525760650634766 -0.078765869140625 -0.176773071289063
0.0118837356567383 0.00702667236328125 0.103485107421875 -0.248565673828125
0.00804519653320313 0.00975513458251953 0.335479736328125 -0.13287353515625
-0.0102653503417969 -0.0019674301147461 0.326416015625 0.24029541015625
-0.00782203674316406 -0.0183010101318359 -0.00802612304687497 0.467926025390625
0.00695276260375976 0.00184440612792969 -0.258895874023438 0.26446533203125
0.0166311264038086 0.0143213272094727 0.015716552734375 0.0390815734863281
0.0139598846435547 -0.00610923767089844 0.333526611328125 -0.24505615234375
0.00258350372314453 -0.00967788696289063 0.046905517578125 -0.520965576171875
-0.00766277313232422 -0.00117778778076172 -0.3692626953125 -0.24578857421875
0.00662422180175781 0.00354671478271484 -0.313446044921875 0.142425537109375
0.0112857818603516 0.0074310302734375 -0.091339111328125 0.246627807617188
0.00168991088867188 -0.003204345703125 0.101486206054688 0.151840209960938
0.0166654586791992 -0.00745201110839844 0.15533447265625 0.03057861328125
0.0159387588500977 -0.00257110595703125 -0.15447998046875 -0.047882080078125
0.00646829605102539 -0.00427865982055664 -0.077301025390625 -0.177139282226563
0.0112142562866211 0.00757598876953125 0.1055908203125 -0.2481689453125
0.00777244567871094 0.0101737976074219 0.337799072265625 -0.1278076171875
-0.0106983184814453 -0.00248336791992188 0.32293701171875 0.245391845703125
-0.00670242309570312 -0.0197887420654297 -0.013031005859375 0.469573974609375
0.0076904296875 0.00102424621582031 -0.259307861328125 0.26092529296875
0.0170564651489258 0.0141153335571289 0.0199241638183594 0.0371627807617188
0.0147418975830078 -0.00723075866699219 0.3333740234375 -0.24993896484375
0.00343704223632812 -0.0109119415283203 0.040557861328125 -0.5191650390625
-0.00675487518310547 -0.00125980377197266 -0.371826171875 -0.238616943359375
0.00617599487304688 0.00394153594970703 -0.310791015625 0.146392822265625
0.0107021331787109 0.00852489471435547 -0.088592529296875 0.246734619140625
0.00204408168792725 -0.00125718116760254 0.102554321289063 0.150787353515625
0.0157327651977539 -0.00536727905273438 0.155838012695313 0.0295562744140625
0.0179443359375 -0.0048828125 -0.159332275390625 -0.0513153076171875
0.0079493522644043 -0.00837945938110352 -0.087249755859375 -0.179306030273437
0.0104532241821289 0.00272846221923828 0.0980682373046875 -0.250106811523438
0.00343036651611328 0.00908851623535156 0.33575439453125 -0.135406494140625
-0.0146942138671875 -0.000937461853027343 0.325103759765625 0.239898681640625
-0.00700569152832031 -0.0199851989746094 -0.012298583984375 0.47381591796875
0.0181694030761719 -0.00233078002929687 -0.2657470703125 0.2686767578125
0.0333690643310547 0.0129108428955078 0.0110244750976563 0.0403556823730469
0.0248260498046875 -0.00865364074707031 0.332794189453125 -0.2469482421875
0.00397682189941406 -0.0105056762695313 0.04205322265625 -0.52105712890625
-0.0118618011474609 -2.8610229492185E-05 -0.376708984375 -0.240447998046875
0.00226330757141113 0.00322175025939941 -0.317657470703125 0.149505615234375
0.0107440948486328 0.00328445434570313 -0.091064453125 0.252334594726563
0.00554943084716797 -0.00613594055175781 0.102401733398438 0.153976440429687
0.0180454254150391 -0.00753021240234375 0.160491943359375 0.02557373046875
0.0184478759765625 -0.00622367858886719 -0.158920288085938 -0.0500946044921875
0.006622314453125 -0.00891017913818359 -0.088287353515625 -0.177841186523438
0.0103693008422852 0.00273036956787109 0.0957183837890625 -0.251113891601563
0.00396347045898438 0.00924968719482422 0.334747314453125 -0.140777587890625
-0.0145273208618164 -0.000424385070800778 0.329742431640625 0.23388671875
-0.00769233703613281 -0.0185432434082031 -0.00454711914062501 0.473297119140625
0.0164089202880859 -0.00107765197753906 -0.263778686523438 0.271621704101562
0.0305614471435547 0.0132122039794922 0.0080108642578125 0.0415115356445312
0.0225811004638672 -0.00762367248535156 0.333953857421875 -0.243743896484375
0.00305557250976562 -0.0093698501586914 0.04669189453125 -0.521484375
-0.0114021301269531 -5.81741333007819E-05 -0.373199462890625 -0.2467041015625
0.00203800201416016 0.00333213806152344 -0.318389892578125 0.146026611328125
0.0108776092529297 0.00359058380126953 -0.0928192138671875 0.25164794921875
0.00490331649780273 -0.00673484802246094 0.102127075195313 0.154800415039063
0.0189704895019531 -0.00922584533691406 0.159912109375 0.027069091796875
0.0175561904907227 -0.00787639617919922 -0.16009521484375 -0.048370361328125
0.00616168975830078 -0.00952053070068359 -0.0882415771484375 -0.1773681640625
0.01043701171875 0.00240325927734375 0.0944671630859375 -0.251434326171875
0.00512504577636719 0.00885009765625 0.333404541015625 -0.14324951171875
-0.014378547668457 -0.000122070312500001 0.331390380859375 0.229583740234375
-0.00921058654785156 -0.0176239013671875 -0.00161743164062505 0.4718017578125
0.0132465362548828 -0.000117301940917969 -0.263351440429688 0.273544311523438
0.0274429321289063 0.0145206451416016 0.00665664672851562 0.0412483215332031
0.0204486846923828 -0.00679779052734375 0.33526611328125 -0.241119384765625
0.00293731689453125 -0.00902462005615234 0.0516357421875 -0.5224609375
-0.0110912322998047 1.52587890624994E-05 -0.37188720703125 -0.25
0.00275874137878418 0.00216269493103027 -0.318572998046875 0.14288330078125
0.0112543106079102 0.00335884094238281 -0.09320068359375 0.250564575195313
0.00425577163696289 -0.00705671310424805 0.102203369140625 0.155044555664063
0.01824951171875 -0.0100917816162109 0.159423828125 0.0281982421875
0.0182628631591797 -0.00813865661621094 -0.15960693359375 -0.0469512939453125
0.00569248199462891 -0.00925731658935547 -0.0876159667968749 -0.176971435546875
0.0107603073120117 0.00364589691162109 0.0953826904296875 -0.252334594726563
0.00618171691894531 0.00930309295654297 0.333251953125 -0.144073486328125
-0.0130147933959961 -0.000206947326660154 0.332916259765625 0.228607177734375
-0.00940513610839843 -0.0174102783203125 -0.000274658203124973 0.4698486328125
0.0103015899658203 0.00086212158203125 -0.26153564453125 0.271255493164063
0.0231246948242187 0.0138893127441406 0.00693893432617188 0.0413246154785156
0.0181789398193359 -0.00647354125976563 0.336456298828125 -0.242919921875
0.00154447555541992 -0.00865507125854492 0.054443359375 -0.52325439453125
-0.0106353759765625 3.62396240234367E-05 -0.3702392578125 -0.253143310546875
0.00370359420776367 0.00216245651245117 -0.319305419921875 0.140899658203125
0.0112581253051758 0.00461292266845703 -0.093597412109375 0.249862670898437
0.00352573394775391 -0.00626182556152344 0.102752685546875 0.155487060546875
0.0180835723876953 -0.0119991302490234 0.158767700195313 0.0283966064453125
0.0178947448730469 -0.00802230834960938 -0.1595458984375 -0.046173095703125
0.00496625900268555 -0.00737905502319336 -0.0858154296875 -0.176849365234375
0.0110445022583008 0.00443077087402344 0.0965576171875 -0.252334594726563
0.00735378265380859 0.00916099548339844 0.33441162109375 -0.144073486328125
-0.0121545791625977 -0.000608444213867188 0.33258056640625 0.230377197265625
-0.0095977783203125 -0.0171613693237305 0.00125122070312495 0.4710693359375
0.00889682769775391 0.00128936767578125 -0.260910034179688 0.27191162109375
0.0197010040283203 0.0141563415527344 0.00914764404296876 0.04046630859375
0.0155677795410156 -0.00587177276611328 0.336761474609375 -0.244354248046875
0.00204324722290039 -0.00838994979858398 0.0526123046875 -0.524566650390625
-0.00982761383056641 -0.000485420227050781 -0.3697509765625 -0.2537841796875
0.00461626052856445 0.0023503303527832 -0.317352294921875 0.141265869140625
0.0109786987304688 0.00542449951171875 -0.0926361083984375 0.249038696289063
0.002655029296875 -0.00526714324951172 0.10260009765625 0.15435791015625
0.0181407928466797 -0.0113048553466797 0.157974243164063 0.029266357421875
0.0173883438110352 -0.00627899169921875 -0.1583251953125 -0.0462799072265625
0.00564146041870117 -0.00662040710449219 -0.0839691162109375 -0.177291870117188
0.0110893249511719 0.00544357299804688 0.098785400390625 -0.25274658203125
0.00796890258789063 0.00935840606689453 0.33636474609375 -0.1407470703125
-0.0121307373046875 -0.000876426696777342 0.331787109375 0.234527587890625
-0.00873470306396484 -0.0174160003662109 -0.00161743164062498 0.472991943359375
0.00748252868652344 0.00137233734130859 -0.260665893554688 0.270233154296875
0.0174875259399414 0.0141925811767578 0.0124626159667969 0.0396080017089844
0.0142784118652344 -0.00586032867431641 0.33709716796875 -0.247161865234375
0.00211906433105469 -0.00909996032714844 0.049652099609375 -0.525909423828125
-0.00848579406738281 -0.000513553619384765 -0.37127685546875 -0.251617431640625
0.00520467758178711 0.0027313232421875 -0.316375732421875 0.142364501953125
0.0113296508789063 0.00640392303466797 -0.0927581787109375 0.249313354492188
0.00246453285217285 -0.00411367416381836 0.10296630859375 0.153778076171875
0.0171089172363281 -0.00992679595947266 0.1578369140625 0.029632568359375
0.0172710418701172 -0.00481891632080078 -0.157684326171875 -0.0469970703125
0.00633907318115234 -0.00552606582641602 -0.0814208984375 -0.177322387695313
0.0113773345947266 0.00698280334472656 0.101974487304688 -0.251663208007813
0.00778579711914062 0.00991153717041015 0.33746337890625 -0.135772705078125
-0.0111055374145508 -0.0018606185913086 0.331207275390625 0.240081787109375
-0.00825881958007813 -0.0182285308837891 -0.00570678710937505 0.47222900390625
0.0072174072265625 0.000903606414794922 -0.260025024414063 0.267913818359375
0.0165624618530273 0.013951301574707 0.0160636901855469 0.0384635925292969
0.0140905380249023 -0.00643539428710938 0.335693359375 -0.25018310546875
0.00257587432861328 -0.00969791412353516 0.0450439453125 -0.525787353515625
-0.00762224197387695 -0.00124454498291015 -0.374176025390625 -0.245819091796875
0.0063166618347168 0.00286197662353516 -0.314849853515625 0.1451416015625
0.0111408233642578 0.00758934020996094 -0.0900421142578125 0.249160766601563
0.00218725204467773 -0.00287938117980957 0.103347778320313 0.152786254882813
0.0164222717285156 -0.00804901123046875 0.157669067382813 0.029693603515625
0.0158929824829102 -0.00313091278076172 -0.157012939453125 -0.04754638671875
0.00632953643798828 -0.00431728363037109 -0.0799560546875 -0.1788330078125
0.0116977691650391 0.00782012939453125 0.10418701171875 -0.250381469726563
0.00761318206787109 0.0103359222412109 0.338470458984375 -0.1309814453125
-0.0104513168334961 -0.00290107727050781 0.327178955078125 0.245697021484375
-0.00711631774902344 -0.0198726654052734 -0.010894775390625 0.474700927734375
0.00794553756713867 0.00102138519287109 -0.259857177734375 0.264572143554688
0.0175933837890625 0.0135326385498047 0.0200614929199219 0.0376930236816406
0.0143117904663086 -0.00728702545166016 0.3348388671875 -0.254486083984375
0.00365161895751953 -0.0106887817382812 0.03704833984375 -0.523895263671875
-0.00717353820800781 -0.00159692764282227 -0.3765869140625 -0.238250732421875
0.00628948211669922 0.00386190414428711 -0.31304931640625 0.150146484375
0.010798454284668 0.00840187072753906 -0.087493896484375 0.250091552734375
0.00280475616455078 -0.00155806541442871 0.104461669921875 0.151290893554687
0.01556396484375 -0.0059051513671875 0.158416748046875 0.02886962890625
0.0181751251220703 -0.00521469116210937 -0.161361694335938 -0.0505523681640625
0.00792741775512695 -0.00844097137451172 -0.0907440185546875 -0.179473876953125
0.0106639862060547 0.00227451324462891 0.096588134765625 -0.252914428710938
0.00333023071289063 0.00905799865722656 0.33642578125 -0.1402587890625
-0.0155668258666992 -0.00119209289550781 0.3306884765625 0.239166259765625
-0.00716590881347657 -0.0201950073242188 -0.00833129882812504 0.47857666015625
0.0184040069580078 -0.00261878967285156 -0.266525268554688 0.2730712890625
0.0339851379394531 0.0132045745849609 0.0116081237792969 0.0407867431640625
0.0249252319335938 -0.00906753540039063 0.335418701171875 -0.251220703125
0.00315093994140625 -0.0103473663330078 0.0376281738281251 -0.52593994140625
-0.0115900039672852 0.000526428222656248 -0.3807373046875 -0.240478515625
0.00220751762390137 0.00282478332519531 -0.318634033203125 0.153656005859375
0.0109682083129883 0.00301361083984375 -0.0894012451171875 0.25537109375
0.00506162643432617 -0.00669050216674805 0.105621337890625 0.1544189453125
0.0181617736816406 -0.00765037536621094 0.1632080078125 0.024078369140625
0.0182552337646484 -0.00728034973144531 -0.1617431640625 -0.049041748046875
0.00642967224121094 -0.00899791717529297 -0.0908966064453125 -0.178573608398438
0.0103206634521484 0.00204753875732422 0.0932464599609375 -0.253875732421875
0.00437831878662109 0.00900745391845703 0.3348388671875 -0.14495849609375
-0.0150432586669922 -0.000641822814941404 0.335418701171875 0.234100341796875
-0.00815773010253906 -0.0192546844482422 -0.00170898437500002 0.4765625
0.0167102813720703 -0.00140571594238281 -0.263641357421875 0.276336669921875
0.0312232971191406 0.0132865905761719 0.00871658325195313 0.0413665771484375
0.0230293273925781 -0.00874519348144531 0.33514404296875 -0.2491455078125
0.00282001495361328 -0.00944232940673828 0.0424804687499999 -0.527099609375
-0.0120038986206055 0.000815391540527345 -0.3795166015625 -0.245330810546875
0.00195837020874023 0.00268006324768066 -0.31982421875 0.15008544921875
0.0111865997314453 0.00328350067138672 -0.0914459228515625 0.255157470703125
0.00458955764770508 -0.00661563873291016 0.1041259765625 0.155288696289063
0.0186824798583984 -0.00985908508300781 0.16265869140625 0.0256805419921875
0.0181465148925781 -0.00831222534179688 -0.16278076171875 -0.046966552734375
0.00616168975830078 -0.00934791564941406 -0.0917510986328125 -0.1776123046875
0.0101680755615234 0.00258827209472656 0.0925750732421875 -0.255233764648438
0.00440645217895508 0.00860309600830078 0.333892822265625 -0.147247314453125
-0.0141572952270508 -0.000669479370117187 0.336456298828125 0.229217529296875
-0.00921249389648437 -0.0183525085449219 0.00244140625000004 0.47540283203125
0.0132761001586914 -0.000780105590820312 -0.264236450195313 0.276641845703125
0.0276374816894531 0.0138339996337891 0.00706863403320312 0.0420951843261719
0.0206069946289063 -0.00732040405273438 0.33734130859375 -0.246429443359375
0.00222396850585937 -0.00873804092407227 0.048614501953125 -0.527862548828125
-0.0114145278930664 0.000278472900390625 -0.377105712890625 -0.250213623046875
0.00292229652404785 0.00221967697143555 -0.3209228515625 0.146240234375
0.0115394592285156 0.00356578826904297 -0.0921478271484375 0.253921508789063
0.00408077239990234 -0.00744199752807617 0.104507446289063 0.155838012695313
0.0188808441162109 -0.0115394592285156 0.161697387695313 0.0265045166015625
0.0180244445800781 -0.00850105285644531 -0.162490844726563 -0.0461883544921875
0.00529241561889648 -0.00869941711425781 -0.0900421142578125 -0.177642822265625
0.0111541748046875 0.00334930419921875 0.0927734375 -0.255020141601563
0.00590229034423828 0.00838661193847656 0.335052490234375 -0.14874267578125
-0.0138101577758789 -0.00068950653076172 0.33795166015625 0.228424072265625
-0.00929641723632813 -0.0170879364013672 0.00280761718750005 0.473175048828125
0.0106325149536133 0.00107574462890625 -0.261917114257813 0.276229858398437
0.0237140655517578 0.0139522552490234 0.00740814208984375 0.0413818359375
0.0178775787353516 -0.00689125061035156 0.338043212890625 -0.247650146484375
0.00204992294311523 -0.00846576690673828 0.0500183105468749 -0.528106689453125
-0.0100612640380859 -0.000400543212890627 -0.375885009765625 -0.252349853515625
0.00402736663818359 0.00203204154968262 -0.321075439453125 0.14495849609375
0.0116348266601563 0.00372982025146484 -0.0920867919921875 0.253631591796875
0.00343608856201172 -0.00704669952392578 0.104782104492187 0.155441284179688
0.0179786682128906 -0.0120830535888672 0.161514282226563 0.0275115966796875
0.017822265625 -0.00816154479980469 -0.162155151367188 -0.0452423095703125
0.00567197799682617 -0.00751399993896484 -0.0891265869140625 -0.17767333984375
0.0110883712768555 0.00419807434082031 0.0949554443359375 -0.25555419921875
0.00708389282226563 0.00884437561035156 0.335662841796875 -0.14825439453125
-0.0122776031494141 -0.000751495361328125 0.33770751953125 0.229827880859375
-0.009429931640625 -0.0175094604492188 0.00488281250000004 0.475067138671875
0.00872993469238281 0.000987529754638672 -0.2607421875 0.276351928710938
0.0202465057373047 0.0140495300292969 0.00981903076171875 0.0407333374023438
0.0159416198730469 -0.00619792938232422 0.339080810546875 -0.247314453125
0.00185298919677734 -0.00861454010009766 0.04901123046875 -0.530242919921875
-0.00998497009277344 -0.00076484680175781 -0.376220703125 -0.251800537109375
0.00503778457641602 0.0020747184753418 -0.32012939453125 0.1453857421875
0.0118989944458008 0.00540065765380859 -0.091644287109375 0.252365112304688
0.0029597282409668 -0.00579929351806641 0.105133056640625 0.155059814453125
0.0179519653320313 -0.0119800567626953 0.160690307617188 0.0283050537109375
0.0174751281738281 -0.00701332092285156 -0.161239624023438 -0.0457611083984375
0.00530147552490234 -0.0061793327331543 -0.0866546630859375 -0.178543090820313
0.0116348266601563 0.00587654113769531 0.0971527099609375 -0.25543212890625
0.00790977478027344 0.00924777984619141 0.3375244140625 -0.145751953125
-0.0122976303100586 -0.000995635986328122 0.336578369140625 0.233673095703125
-0.00900077819824219 -0.0177326202392578 0.000183105468750047 0.476409912109375
0.00731086730957031 0.00147581100463867 -0.26080322265625 0.273483276367188
0.0181617736816406 0.0137920379638672 0.0128173828125 0.0399055480957031
0.0146522521972656 -0.00624275207519531 0.337493896484375 -0.252197265625
0.00201129913330078 -0.00912094116210937 0.04486083984375 -0.531097412109375
-0.00885868072509766 -0.000702857971191404 -0.377166748046875 -0.2503662109375
0.00577592849731445 0.00236415863037109 -0.31829833984375 0.146820068359375
0.0119304656982422 0.00650215148925781 -0.0911102294921875 0.252410888671875
0.00224065780639648 -0.00427865982055664 0.10565185546875 0.153900146484375
0.0172090530395508 -0.0107812881469727 0.160446166992188 0.02880859375
0.016937255859375 -0.00522994995117188 -0.16009521484375 -0.04644775390625
0.00609493255615234 -0.0054173469543457 -0.0843505859375 -0.178955078125
0.0119295120239258 0.00732421875 0.0998382568359375 -0.255050659179688
0.00808334350585938 0.00984954833984375 0.33935546875 -0.14056396484375
-0.0114011764526367 -0.00191783905029297 0.336578369140625 0.23944091796875
-0.00823593139648438 -0.0184879302978516 -0.00198364257812504 0.477935791015625
0.00713443756103516 0.00122690200805664 -0.260345458984375 0.271942138671875
0.0164890289306641 0.0139074325561523 0.0165748596191406 0.0387649536132813
0.0138463973999023 -0.00660896301269531 0.336883544921875 -0.25469970703125
0.00172138214111328 -0.00943088531494141 0.040069580078125 -0.530487060546875
-0.00787782669067383 -0.00115203857421875 -0.37957763671875 -0.24560546875
0.00622844696044922 0.00348806381225586 -0.31689453125 0.1492919921875
0.0116844177246094 0.00742721557617188 -0.0889892578125 0.25335693359375
0.00222611427307129 -0.0030982494354248 0.10577392578125 0.153289794921875
0.0166664123535156 -0.00869464874267578 0.160751342773438 0.0285491943359375
0.0159893035888672 -0.00333595275878906 -0.159393310546875 -0.0466156005859375
0.00636529922485352 -0.00438976287841797 -0.08258056640625 -0.179672241210938
0.0117816925048828 0.00792694091796875 0.102142333984375 -0.25408935546875
0.00778484344482422 0.0106611251831055 0.34033203125 -0.13568115234375
-0.0113677978515625 -0.00279808044433594 0.331787109375 0.245635986328125
-0.00714492797851562 -0.0196571350097656 -0.00714111328125004 0.47882080078125
0.00769138336181641 0.000546932220458984 -0.260971069335938 0.268051147460938
0.0171957015991211 0.0136423110961914 0.0212135314941406 0.0376167297363281
0.0143213272094727 -0.00780582427978516 0.336639404296875 -0.257965087890625
0.00318622589111328 -0.0107603073120117 0.0326538085937501 -0.528350830078125
-0.00695896148681641 -0.00133371353149414 -0.382843017578125 -0.237457275390625
0.00606918334960938 0.00305700302124023 -0.31500244140625 0.154327392578125
0.0111236572265625 0.00813007354736328 -0.08599853515625 0.254013061523438
0.00261449813842773 -0.0017702579498291 0.107467651367188 0.152023315429688
0.0153779983520508 -0.00624275207519531 0.161056518554688 0.02764892578125
0.0177745819091797 -0.00548744201660156 -0.164306640625 -0.049285888671875
0.00771617889404297 -0.00886249542236328 -0.093902587890625 -0.180435180664063
0.0103034973144531 0.00220870971679687 0.093475341796875 -0.256683349609375
0.00392341613769531 0.00907611846923828 0.336578369140625 -0.1446533203125
-0.01605224609375 -0.000877380371093749 0.334930419921875 0.2376708984375
-0.00695419311523438 -0.0204696655273438 -0.00521850585937499 0.4832763671875
0.0187129974365234 -0.00273513793945313 -0.26617431640625 0.277114868164063
0.0345687866210938 0.0126705169677734 0.0114974975585938 0.040374755859375
0.0248966217041016 -0.009796142578125 0.335479736328125 -0.256805419921875
0.00316143035888672 -0.0101032257080078 0.033172607421875 -0.529266357421875
-0.0121631622314453 0.00041484832763672 -0.386871337890625 -0.237457275390625
0.00185251235961914 0.00285410881042481 -0.320098876953125 0.158599853515625
0.011601448059082 0.00297069549560547 -0.0874481201171875 0.2591552734375
0.00558853149414063 -0.00651645660400391 0.108200073242187 0.154251098632812
0.0184879302978516 -0.00870704650878906 0.165206909179688 0.0231170654296875
0.0186767578125 -0.00728416442871094 -0.164901733398438 -0.0478057861328125
0.00626277923583984 -0.00946903228759766 -0.094573974609375 -0.179168701171875
0.010004997253418 0.00261402130126953 0.091522216796875 -0.257247924804688
0.00446510314941406 0.00927734375 0.335479736328125 -0.149993896484375
-0.015233039855957 -0.00039482116699219 0.338714599609375 0.232696533203125
-0.00843048095703125 -0.0193271636962891 0.00305175781249999 0.481781005859375
0.0160484313964844 -0.00167179107666016 -0.263961791992187 0.280029296875
0.0317630767822266 0.0128936767578125 0.00931930541992188 0.0410079956054688
0.0234375 -0.00817680358886719 0.335174560546875 -0.254852294921875
0.00266170501708984 -0.0100440979003906 0.038482666015625 -0.5316162109375
-0.0119256973266602 0.00074481964111328 -0.38360595703125 -0.2449951171875
0.0028073787689209 0.00219869613647461 -0.3216552734375 0.155364990234375
0.0116806030273438 0.00280189514160156 -0.088775634765625 0.25799560546875
0.00499963760375977 -0.00664424896240234 0.106719970703125 0.154891967773438
0.0188274383544922 -0.010284423828125 0.164886474609375 0.0242462158203125
0.0180416107177734 -0.00915145874023437 -0.165420532226563 -0.04534912109375
0.00537014007568359 -0.00967502593994141 -0.0946044921875 -0.178390502929688
0.0107202529907227 0.00229072570800781 0.0901336669921875 -0.257476806640625
0.00485420227050781 0.00906848907470703 0.335235595703125 -0.152984619140625
-0.0148782730102539 -0.000330924987792966 0.34027099609375 0.22808837890625
-0.00952529907226563 -0.0181369781494141 0.00549316406249999 0.479888916015625
0.0138235092163086 -9.82284545898438E-05 -0.263015747070313 0.280975341796875
0.0284404754638672 0.0135231018066406 0.007659912109375 0.0414466857910156
0.0200576782226563 -0.007965087890625 0.3372802734375 -0.251922607421875
0.00215625762939453 -0.00883102416992188 0.0440673828125 -0.53271484375
-0.0115127563476562 0.000591278076171874 -0.38275146484375 -0.24786376953125
0.00242853164672852 0.00168895721435547 -0.32269287109375 0.1517333984375
0.0117664337158203 0.00302028656005859 -0.0893096923828125 0.25665283203125
0.00458955764770508 -0.00719308853149414 0.10772705078125 0.155426025390625
0.0181827545166016 -0.0127353668212891 0.164413452148438 0.024871826171875
0.0180549621582031 -0.00956916809082031 -0.165115356445313 -0.044036865234375
0.00528526306152344 -0.00890350341796875 -0.0936126708984375 -0.178482055664063
0.0110349655151367 0.00364589691162109 0.0913238525390625 -0.2587890625
0.00652074813842773 0.00863456726074219 0.33489990234375 -0.154205322265625
-0.0138616561889648 -0.000906944274902343 0.342315673828125 0.22662353515625
-0.010101318359375 -0.0177345275878906 0.00814819335937499 0.479095458984375
0.0110969543457031 0.000387191772460938 -0.262100219726562 0.280868530273438
0.0239028930664063 0.0136604309082031 0.00812530517578125 0.0411529541015625
0.0176181793212891 -0.00701141357421875 0.338165283203125 -0.252105712890625
0.00180912017822266 -0.00855302810668945 0.044281005859375 -0.53387451171875
-0.0104284286499023 0.000647544860839844 -0.380767822265625 -0.251129150390625
0.00371503829956055 0.00200510025024414 -0.323150634765625 0.1500244140625
0.0120077133178711 0.00396060943603516 -0.0902557373046875 0.256439208984375
0.00376319885253906 -0.00674629211425781 0.107513427734375 0.156234741210938
0.0187664031982422 -0.012847900390625 0.163665771484375 0.025482177734375
0.0175838470458984 -0.00895881652832031 -0.1641845703125 -0.0436859130859375
0.0050816535949707 -0.00809574127197266 -0.0927886962890625 -0.177703857421875
0.0118608474731445 0.00443553924560547 0.09271240234375 -0.258468627929688
0.00713253021240234 0.00916194915771484 0.33685302734375 -0.154052734375
-0.0132665634155273 -0.000549316406249999 0.342926025390625 0.228363037109375
-0.00994968414306641 -0.0171794891357422 0.00946044921874995 0.480438232421875
0.00911331176757813 0.00113582611083984 -0.261978149414062 0.280349731445313
0.0202007293701172 0.0135250091552734 0.0103874206542969 0.0407905578613281
0.0156717300415039 -0.00690650939941406 0.338897705078125 -0.25469970703125
0.00204277038574219 -0.00880527496337891 0.042755126953125 -0.535980224609375
-0.00971508026123047 0.000205993652343749 -0.381317138671875 -0.251312255859375
0.00482940673828125 0.00172138214111328 -0.321014404296875 0.14984130859375
0.01226806640625 0.00491809844970703 -0.090179443359375 0.255874633789063
0.00306177139282227 -0.00591659545898438 0.10809326171875 0.154983520507813
0.0172853469848633 -0.0125055313110352 0.163238525390625 0.026031494140625
0.0173616409301758 -0.00706672668457031 -0.163955688476563 -0.04443359375
0.00518798828125 -0.00632953643798828 -0.0902099609375 -0.178466796875
0.0114412307739258 0.00548648834228516 0.0947418212890625 -0.259078979492188
0.00779819488525391 0.00904369354248047 0.33941650390625 -0.1510009765625
-0.0123043060302734 -0.00115203857421875 0.341461181640625 0.2322998046875
-0.00919342041015625 -0.0174417495727539 0.00555419921874999 0.480560302734375
0.00748538970947266 0.0014796257019043 -0.260040283203125 0.278152465820313
0.0174751281738281 0.0141487121582031 0.0133476257324219 0.0397300720214844
0.0138120651245117 -0.00678825378417969 0.339141845703125 -0.25616455078125
0.00147533416748047 -0.00892066955566406 0.0411376953125 -0.536834716796875
-0.00902366638183594 -0.000516891479492187 -0.38275146484375 -0.248321533203125
0.00554323196411133 0.00251960754394531 -0.3203125 0.150726318359375
0.0121002197265625 0.00648307800292969 -0.0888671875 0.25640869140625
0.00259065628051758 -0.00473165512084961 0.108551025390625 0.15478515625
0.0168857574462891 -0.0111112594604492 0.16290283203125 0.026824951171875
0.0168256759643555 -0.00570011138916016 -0.162429809570313 -0.0449676513671875
0.00553131103515625 -0.00563383102416992 -0.087799072265625 -0.17913818359375
0.0122108459472656 0.00699996948242188 0.0974273681640625 -0.258804321289063
0.00782489776611328 0.00958633422851563 0.340606689453125 -0.145965576171875
-0.0119247436523438 -0.00206470489501953 0.34033203125 0.23773193359375
-0.00877571105957031 -0.0184459686279297 0.00158691406249995 0.4814453125
0.00669002532958984 0.00119495391845703 -0.25970458984375 0.2752685546875
0.0162801742553711 0.0143013000488281 0.0170631408691406 0.0385513305664063
0.0137443542480469 -0.00763130187988281 0.33648681640625 -0.2596435546875
0.00211620330810547 -0.00995635986328125 0.0347900390625001 -0.534912109375
-0.00801658630371094 -0.00124788284301758 -0.38458251953125 -0.24420166015625
0.00616359710693359 0.00278663635253906 -0.318145751953125 0.15423583984375
0.0119438171386719 0.00807571411132813 -0.0872802734375 0.256179809570313
0.00222349166870117 -0.00303339958190918 0.108840942382812 0.153671264648437
0.0165195465087891 -0.00957012176513672 0.163055419921875 0.027069091796875
0.0155038833618164 -0.00369071960449219 -0.162353515625 -0.0458831787109375
0.00620174407958984 -0.00432920455932617 -0.0862274169921875 -0.180160522460937
0.0124034881591797 0.00745201110839844 0.100448608398438 -0.2578125
0.00809764862060547 0.00996589660644531 0.342437744140625 -0.141204833984375
-0.0115299224853516 -0.00292491912841797 0.3365478515625 0.243865966796875
-0.00738716125488282 -0.0203819274902344 -0.00347900390625004 0.483184814453125
0.00757789611816406 0.000996112823486328 -0.26202392578125 0.272537231445313
0.0173654556274414 0.0135135650634766 0.0221405029296875 0.0375556945800781
0.0135374069213867 -0.00808238983154297 0.336883544921875 -0.264984130859375
0.00306797027587891 -0.0110940933227539 0.0279541015625 -0.53326416015625
-0.00747060775756836 -0.00131845474243164 -0.388702392578125 -0.236358642578125
0.00628280639648438 0.00285100936889648 -0.315673828125 0.158721923828125
0.0117292404174805 0.00813674926757813 -0.084259033203125 0.256607055664063
0.00235509872436523 -0.0015861988067627 0.110336303710938 0.152435302734375
0.0155611038208008 -0.00689315795898438 0.163421630859375 0.025970458984375
0.0177135467529297 -0.00622749328613281 -0.166717529296875 -0.047607421875
0.00726461410522461 -0.00847101211547852 -0.0975341796875 -0.180465698242188
0.0103111267089844 0.00201034545898438 0.0904388427734375 -0.259445190429688
0.00302219390869141 0.00906181335449219 0.337615966796875 -0.150970458984375
-0.0164585113525391 -0.000451087951660158 0.340179443359375 0.235595703125
-0.00766563415527344 -0.0206813812255859 0.00177001953124996 0.48699951171875
0.0191230773925781 -0.00310134887695313 -0.264984130859375 0.283355712890625
0.0350780487060547 0.0129318237304688 0.0125656127929688 0.0400390625
0.0244827270507812 -0.0104274749755859 0.33502197265625 -0.26220703125
0.00305652618408203 -0.0112400054931641 0.0274353027343749 -0.5343017578125
-0.0127172470092773 0.000458717346191409 -0.393157958984375 -0.234588623046875
0.00174236297607422 0.00271129608154297 -0.32073974609375 0.163604736328125
0.0114736557006836 0.0025634765625 -0.0843505859375 0.262191772460938
0.00543308258056641 -0.00666427612304688 0.111114501953125 0.15411376953125
0.0181427001953125 -0.00870704650878906 0.167465209960938 0.021026611328125
0.0185298919677734 -0.00856971740722656 -0.166976928710938 -0.0463104248046875
0.00641632080078125 -0.00901603698730469 -0.09796142578125 -0.179534912109375
0.0103130340576172 0.00211524963378906 0.0882415771484375 -0.260894775390625
0.00415706634521484 0.00855541229248047 0.335601806640625 -0.154998779296875
-0.0163860321044922 -0.000287055969238283 0.344696044921875 0.22900390625
-0.00841331481933594 -0.0191688537597656 0.00830078125 0.485015869140625
0.0167961120605469 -0.00186729431152344 -0.263214111328125 0.284759521484375
0.0321540832519531 0.0127506256103516 0.00973892211914062 0.040863037109375
0.0226764678955078 -0.00934410095214844 0.334991455078125 -0.26031494140625
0.00258064270019531 -0.00976085662841797 0.0313720703125 -0.535675048828125
-0.0117015838623047 0.000947952270507812 -0.39111328125 -0.24127197265625
0.00229668617248535 0.00179910659790039 -0.322113037109375 0.160369873046875
0.0117244720458984 0.00268650054931641 -0.085906982421875 0.261245727539063
0.0048370361328125 -0.00703811645507813 0.11029052734375 0.155563354492188
0.0188808441162109 -0.0118923187255859 0.16680908203125 0.021759033203125
0.0179882049560547 -0.00980949401855469 -0.168243408203125 -0.0435333251953125
0.00532436370849609 -0.00953388214111328 -0.0993499755859375 -0.178955078125
0.0106592178344727 0.00225543975830078 0.087158203125 -0.261184692382813
0.00521373748779297 0.0088052749633789 0.3350830078125 -0.15997314453125
-0.0155630111694336 -0.000110626220703128 0.346649169921875 0.22625732421875
-0.0101699829101563 -0.0182838439941406 0.011260986328125 0.48406982421875
0.0140104293823242 -0.00121784210205078 -0.26251220703125 0.286102294921875
0.0277080535888672 0.0128421783447266 0.00843048095703125 0.0416717529296875
0.0203819274902344 -0.0083160400390625 0.337005615234375 -0.258087158203125
0.00183868408203125 -0.00899314880371094 0.037445068359375 -0.5369873046875
-0.0121078491210938 0.000525474548339846 -0.38812255859375 -0.245941162109375
0.00356721878051758 0.00143885612487793 -0.32275390625 0.157073974609375
0.0122718811035156 0.00336933135986328 -0.08709716796875 0.260574340820313
0.00446605682373047 -0.0071868896484375 0.111007690429688 0.155532836914062
0.0185165405273437 -0.0130710601806641 0.166519165039063 0.022552490234375
0.017333984375 -0.0101261138916016 -0.167770385742188 -0.042694091796875
0.0048828125 -0.00901222229003906 -0.097991943359375 -0.178024291992188
0.0116872787475586 0.00321674346923828 0.0871124267578125 -0.262359619140625
0.00604438781738281 0.00902843475341797 0.3358154296875 -0.160797119140625
-0.0144624710083008 3.81469726562482E-05 0.34759521484375 0.224517822265625
-0.00979995727539063 -0.017730712890625 0.0144958496093751 0.482330322265625
0.0114240646362305 0.000212669372558594 -0.260986328125 0.285430908203125
0.0240917205810547 0.0132331848144531 0.00893402099609375 0.0413246154785156
0.0171384811401367 -0.00712013244628906 0.338470458984375 -0.258941650390625
0.00189828872680664 -0.00852870941162109 0.038360595703125 -0.537445068359375
-0.0107631683349609 0.000630378723144529 -0.386810302734375 -0.248016357421875
0.00378179550170898 0.00136494636535645 -0.32318115234375 0.155181884765625
0.0125331878662109 0.00341796875 -0.0866546630859375 0.260223388671875
0.00399160385131836 -0.00684261322021484 0.111419677734375 0.155685424804688
0.0182170867919922 -0.0137481689453125 0.166336059570313 0.023956298828125
0.0174894332885742 -0.00934314727783203 -0.167373657226563 -0.0423126220703125
0.00467777252197266 -0.00776052474975586 -0.0965118408203125 -0.178680419921875
0.0117435455322266 0.00454807281494141 0.089324951171875 -0.261474609375
0.00714588165283203 0.00889492034912109 0.33642578125 -0.159515380859375
-0.0137109756469727 -0.000493049621582034 0.34808349609375 0.225494384765625
-0.0102338790893555 -0.0174522399902344 0.01409912109375 0.484039306640625
0.00939846038818359 0.00120639801025391 -0.26007080078125 0.28485107421875
0.0206470489501953 0.0138969421386719 0.0106620788574219 0.0401992797851563
0.0155010223388672 -0.00692558288574219 0.3385009765625 -0.26025390625
0.00145721435546875 -0.00854063034057617 0.038360595703125 -0.539520263671875
-0.00966930389404297 -0.000268936157226564 -0.3875732421875 -0.247955322265625
0.00486516952514649 0.00158405303955078 -0.322296142578125 0.1553955078125
0.012603759765625 0.00471878051757813 -0.0868988037109375 0.259384155273438
0.00294113159179688 -0.00591373443603516 0.111190795898438 0.155014038085938
0.0171880722045898 -0.0136222839355469 0.165802001953125 0.0247039794921875
0.0172433853149414 -0.00780296325683594 -0.166305541992188 -0.0424346923828125
0.00455379486083984 -0.00661468505859375 -0.0942535400390625 -0.178909301757813
0.011967658996582 0.00568103790283203 0.0909576416015625 -0.262466430664063
0.00815200805664063 0.00872039794921875 0.337432861328125 -0.156707763671875
-0.0132913589477539 -0.000979423522949219 0.346527099609375 0.23004150390625
-0.00991249084472656 -0.0175285339355469 0.010345458984375 0.48443603515625
0.00795221328735352 0.00167131423950195 -0.259063720703125 0.28240966796875
0.01776123046875 0.0139293670654297 0.01385498046875 0.0393180847167969
0.0141801834106445 -0.00698566436767578 0.33837890625 -0.26220703125
0.00162792205810547 -0.00894260406494141 0.0347900390625 -0.53961181640625
-0.00880241394042969 -0.000154495239257811 -0.38873291015625 -0.245697021484375
0.00570392608642578 0.00181341171264648 -0.320343017578125 0.15692138671875
0.0121746063232422 0.00616264343261719 -0.08648681640625 0.259307861328125
0.00244522094726563 -0.00464868545532226 0.111282348632813 0.153762817382812
0.0168485641479492 -0.0120115280151367 0.1654052734375 0.0250396728515625
0.0165328979492188 -0.00652599334716797 -0.164901733398438 -0.043212890625
0.00589942932128906 -0.00539064407348633 -0.0916900634765625 -0.179183959960938
0.012700080871582 0.00727176666259766 0.0945281982421875 -0.26165771484375
0.00828170776367188 0.00945854187011719 0.33984375 -0.15191650390625
-0.0125541687011719 -0.00194931030273438 0.34588623046875 0.2352294921875
-0.00919723510742187 -0.0187053680419922 0.00802612304687498 0.48516845703125
0.00670433044433594 0.00143718719482422 -0.259124755859375 0.280136108398438
0.0169820785522461 0.0138187408447266 0.0176811218261719 0.0385475158691406
0.0131969451904297 -0.00796604156494141 0.336700439453125 -0.266326904296875
0.00243854522705078 -0.00954723358154297 0.029449462890625 -0.54010009765625
-0.00815820693969727 -0.000737190246582031 -0.39141845703125 -0.241302490234375
0.00607681274414062 0.00232505798339844 -0.31854248046875 0.1600341796875
0.0123195648193359 0.00722980499267578 -0.0839080810546875 0.25921630859375
0.00219011306762695 -0.00301456451416016 0.111740112304687 0.153289794921875
0.0165119171142578 -0.010279655456543 0.165817260742188 0.0248565673828125
0.0151805877685547 -0.00435829162597656 -0.164810180664063 -0.0437469482421875
0.00618219375610352 -0.00403881072998047 -0.09027099609375 -0.1810302734375
0.0123043060302734 0.00815773010253906 0.0966339111328125 -0.260421752929688
0.00813007354736328 0.00981521606445313 0.340850830078125 -0.147674560546875
-0.0120973587036133 -0.00307559967041016 0.34149169921875 0.24090576171875
-0.00753211975097656 -0.0203723907470703 0.00228881835937502 0.486785888671875
0.00756072998046875 0.000809669494628906 -0.259597778320313 0.276168823242188
0.0177078247070313 0.0133857727050781 0.0226707458496094 0.0371360778808594
0.0136957168579102 -0.00849342346191406 0.334869384765625 -0.269500732421875
0.00255489349365234 -0.0109586715698242 0.021240234375 -0.53704833984375
-0.00740575790405273 -0.00109195709228516 -0.394775390625 -0.233428955078125
0.00645208358764648 0.0025177001953125 -0.316314697265625 0.164581298828125
0.0122995376586914 0.00780391693115234 -0.0814361572265625 0.259750366210938
0.00272679328918457 -0.00207972526550293 0.113006591796875 0.152481079101563
0.0156564712524414 -0.00760746002197266 0.166152954101563 0.02398681640625
0.0178928375244141 -0.00714874267578125 -0.169204711914062 -0.04486083984375
0.00719642639160156 -0.00837516784667969 -0.10174560546875 -0.179473876953125
0.0108280181884766 0.00265693664550781 0.08624267578125 -0.262939453125
0.00343990325927734 0.00898933410644531 0.33758544921875 -0.157012939453125
-0.0168657302856445 -0.00067806243896484 0.345184326171875 0.231109619140625
-0.00748062133789062 -0.0209922790527344 0.00726318359374997 0.49005126953125
0.0192432403564453 -0.00284767150878906 -0.262451171875 0.287261962890625
0.0351905822753906 0.0118179321289063 0.0138702392578125 0.0401878356933594
0.0236358642578125 -0.0107002258300781 0.33319091796875 -0.269012451171875
0.00299549102783203 -0.0102090835571289 0.01971435546875 -0.53778076171875
-0.0125532150268555 0.00094318389892578 -0.39837646484375 -0.230560302734375
0.00204908847808838 0.00164437294006348 -0.320159912109375 0.170013427734375
0.0124912261962891 0.00230503082275391 -0.0806121826171875 0.266189575195313
0.00569343566894531 -0.00727558135986328 0.1141357421875 0.153289794921875
0.0178775787353516 -0.00962066650390625 0.169631958007812 0.0183868408203125
0.0178070068359375 -0.00872039794921875 -0.170196533203125 -0.04364013671875
0.0055084228515625 -0.00947666168212891 -0.102340698242188 -0.17919921875
0.0111227035522461 0.00253486633300781 0.08392333984375 -0.263687133789063
0.00443744659423828 0.00922679901123047 0.33447265625 -0.16119384765625
-0.0163516998291016 -0.000426292419433595 0.3485107421875 0.2266845703125
-0.008636474609375 -0.0193023681640625 0.01422119140625 0.486572265625
0.0167694091796875 -0.00257396697998047 -0.26123046875 0.2896728515625
0.0323257446289063 0.0121479034423828 0.0115547180175781 0.0404701232910156
0.0228519439697266 -0.00983428955078125 0.33367919921875 -0.2659912109375
0.0023040771484375 -0.00951004028320313 0.0244445800781249 -0.53851318359375
-0.0118494033813477 0.00153446197509766 -0.395751953125 -0.237030029296875
0.00201904773712158 0.00129485130310059 -0.322021484375 0.16650390625
0.012272834777832 0.00224781036376953 -0.083099365234375 0.264328002929688
0.00475788116455078 -0.00734519958496094 0.113525390625 0.154571533203125
0.0188045501708984 -0.0122833251953125 0.169387817382813 0.0192108154296875
0.0176715850830078 -0.0102996826171875 -0.170806884765625 -0.0415802001953125
0.00516128540039063 -0.00920772552490234 -0.10308837890625 -0.17828369140625
0.0108356475830078 0.00230979919433594 0.0831756591796875 -0.2640380859375
0.00488424301147461 0.00832414627075195 0.334686279296875 -0.16558837890625
-0.0156764984130859 0.000233650207519533 0.351654052734375 0.222503662109375
-0.0100440979003906 -0.0186328887939453 0.0179443359375 0.486236572265625
0.0140047073364258 -0.00067901611328125 -0.259613037109375 0.2911376953125
0.0282821655273438 0.0129470825195313 0.00929641723632813 0.0412826538085938
0.0198993682861328 -0.00855064392089844 0.335662841796875 -0.264556884765625
0.00177907943725586 -0.00829267501831055 0.029327392578125 -0.541168212890625
-0.0117292404174805 0.00134372711181641 -0.39312744140625 -0.24188232421875
0.00246405601501465 0.00101494789123535 -0.322235107421875 0.16217041015625
0.0122756958007813 0.00225734710693359 -0.0833587646484375 0.26287841796875
0.0043635368347168 -0.00805568695068359 0.114395141601563 0.155059814453125
0.0178623199462891 -0.0134696960449219 0.168716430664063 0.0202789306640625
0.0172662734985352 -0.010162353515625 -0.170852661132813 -0.0395660400390625
0.00446033477783203 -0.00864648818969727 -0.101913452148438 -0.17822265625
0.0112247467041016 0.00281620025634766 0.083343505859375 -0.264801025390625
0.00640630722045898 0.00837039947509766 0.334686279296875 -0.1663818359375
-0.015131950378418 0.000452041625976564 0.353363037109375 0.22088623046875
-0.0104408264160156 -0.0175352096557617 0.019927978515625 0.48443603515625
0.010960578918457 0.000367164611816406 -0.25958251953125 0.289764404296875
0.0242691040039063 0.0132522583007813 0.00969696044921875 0.0406570434570313
0.0174465179443359 -0.00742530822753906 0.33642578125 -0.264556884765625
0.000849246978759765 -0.00829029083251953 0.0321044921875 -0.54046630859375
-0.0107841491699219 0.000862121582031252 -0.393463134765625 -0.243682861328125
0.00388121604919434 0.000792980194091797 -0.323699951171875 0.16204833984375
0.0129261016845703 0.003692626953125 -0.083343505859375 0.262893676757812
0.00322437286376953 -0.00735616683959961 0.113815307617188 0.154876708984375
0.0175447463989258 -0.0146541595458984 0.168899536132813 0.0207672119140625
0.0174131393432617 -0.00952243804931641 -0.169815063476563 -0.039764404296875
0.00371074676513672 -0.00750827789306641 -0.100814819335938 -0.177978515625
0.0117578506469727 0.00464820861816406 0.084808349609375 -0.265228271484375
0.00728797912597656 0.00881862640380859 0.335906982421875 -0.1669921875
-0.0138397216796875 -0.00025749206542969 0.3531494140625 0.22259521484375
-0.0103034973144531 -0.0176124572753906 0.02099609375 0.486083984375
0.00893783569335937 0.00135231018066406 -0.257537841796875 0.2890625
0.0207710266113281 0.012969970703125 0.0113449096679688 0.0399513244628906
0.0149116516113281 -0.007476806640625 0.337371826171875 -0.26605224609375
0.0015716552734375 -0.00850200653076172 0.0302124023437501 -0.543121337890625
-0.00969505310058594 0.000243186950683595 -0.3935546875 -0.24365234375
0.00517082214355469 0.00103616714477539 -0.321533203125 0.161468505859375
0.0125446319580078 0.00433444976806641 -0.0831756591796875 0.2623291015625
0.00289678573608398 -0.00661182403564453 0.114517211914062 0.153793334960937
0.0170164108276367 -0.0140419006347656 0.168289184570313 0.022308349609375
0.0169754028320313 -0.00823974609375 -0.168701171875 -0.0402679443359375
0.00493335723876953 -0.00625896453857422 -0.0980072021484375 -0.179031372070313
0.0125055313110352 0.00569438934326172 0.087493896484375 -0.265380859375
0.00813150405883789 0.00872802734375 0.33807373046875 -0.16265869140625
-0.0134868621826172 -0.00114822387695313 0.3514404296875 0.225738525390625
-0.00975799560546875 -0.0179405212402344 0.018218994140625 0.487579345703125
0.00746965408325195 0.00165510177612305 -0.257537841796875 0.28680419921875
0.0184917449951172 0.0135974884033203 0.0146942138671875 0.0393295288085938
0.01312255859375 -0.00759410858154297 0.336578369140625 -0.26837158203125
0.00179958343505859 -0.00907135009765625 0.026885986328125 -0.543975830078125
-0.00882625579833984 -0.00050067901611328 -0.394378662109375 -0.242218017578125
0.00582408905029297 0.00138139724731445 -0.32049560546875 0.16290283203125
0.013117790222168 0.00562000274658203 -0.0830535888671875 0.263015747070313
0.00232172012329102 -0.00471258163452148 0.1142578125 0.153106689453125
0.0169410705566406 -0.0129013061523438 0.167724609375 0.0227508544921875
0.0161628723144531 -0.00692844390869141 -0.168167114257813 -0.0406646728515625
0.00548791885375977 -0.00580930709838867 -0.095550537109375 -0.178924560546875
0.0126457214355469 0.00713253021240234 0.09027099609375 -0.2646484375
0.00826644897460938 0.0095510482788086 0.339752197265625 -0.159149169921875
-0.0124368667602539 -0.00157833099365234 0.35089111328125 0.23193359375
-0.0090789794921875 -0.0188694000244141 0.0142822265625 0.48828125
0.00718164443969726 0.00146055221557617 -0.257537841796875 0.28466796875
0.0167713165283203 0.0137462615966797 0.0187187194824219 0.037811279296875
0.012934684753418 -0.00812053680419922 0.335845947265625 -0.27264404296875
0.00195980072021484 -0.0101499557495117 0.02044677734375 -0.542694091796875
-0.0080718994140625 -0.000480175018310547 -0.397430419921875 -0.23681640625
0.00587034225463867 0.00195837020874023 -0.318572998046875 0.165435791015625
0.0128927230834961 0.00676822662353516 -0.0802764892578125 0.262863159179688
0.00247335433959961 -0.00316786766052246 0.11505126953125 0.152557373046875
0.0158481597900391 -0.0109834671020508 0.16754150390625 0.02239990234375
0.0156497955322266 -0.00503063201904297 -0.166900634765625 -0.04144287109375
0.00587844848632813 -0.00407743453979492 -0.0943450927734375 -0.180130004882813
0.0124826431274414 0.00786495208740234 0.0931243896484375 -0.264556884765625
0.00816726684570313 0.00985527038574219 0.3406982421875 -0.153350830078125
-0.0125722885131836 -0.00272941589355469 0.347747802734375 0.2364501953125
-0.0083160400390625 -0.0203609466552734 0.00872802734374996 0.48944091796875
0.00768232345581055 0.000499248504638672 -0.257415771484375 0.2822265625
0.0177593231201172 0.0131683349609375 0.0232048034667969 0.03717041015625
0.0132856369018555 -0.00900554656982422 0.333831787109375 -0.275726318359375
0.00228118896484375 -0.0116062164306641 0.014007568359375 -0.540985107421875
-0.00718975067138672 -0.00154018402099609 -0.40130615234375 -0.22857666015625
0.0059661865234375 0.00190925598144531 -0.31573486328125 0.169708251953125
0.0125942230224609 0.00788116455078125 -0.07733154296875 0.262802124023438
0.00281023979187012 -0.00171518325805664 0.11614990234375 0.151092529296875
0.0152502059936523 -0.00873851776123047 0.167877197265625 0.0217132568359375
0.0181446075439453 -0.00721359252929688 -0.1717529296875 -0.04168701171875
0.00684165954589844 -0.00856304168701172 -0.105911254882812 -0.178695678710938
0.0112018585205078 0.00215625762939453 0.0824432373046875 -0.265518188476563
0.0032806396484375 0.00898075103759766 0.333740234375 -0.164398193359375
-0.0175466537475586 -0.000292778015136716 0.35064697265625 0.227020263671875
-0.00847625732421875 -0.0203819274902344 0.013702392578125 0.492279052734375
0.0189628601074219 -0.00336265563964844 -0.25909423828125 0.291778564453125
0.0351104736328125 0.0116004943847656 0.0148658752441406 0.0398826599121094
0.0240936279296875 -0.0113182067871094 0.329803466796875 -0.274993896484375
0.00277233123779297 -0.0104074478149414 0.01123046875 -0.5399169921875
-0.0124683380126953 0.00158500671386719 -0.40313720703125 -0.2261962890625
0.00167584419250488 0.00130999088287354 -0.318603515625 0.176239013671875
0.0121860504150391 0.00188827514648438 -0.0768890380859375 0.26812744140625
0.00520515441894531 -0.00706577301025391 0.117385864257813 0.151611328125
0.0180282592773438 -0.0103416442871094 0.171524047851563 0.0148773193359375
0.0181846618652344 -0.00942420959472656 -0.172149658203125 -0.0408782958984375
0.00562000274658203 -0.00907325744628906 -0.106887817382813 -0.17816162109375
0.0109748840332031 0.00286006927490234 0.0792999267578125 -0.266387939453125
0.00420093536376953 0.00897693634033203 0.33184814453125 -0.167999267578125
-0.0172872543334961 0.000258445739746095 0.353118896484375 0.220855712890625
-0.00897407531738281 -0.0195255279541016 0.0211181640625 0.491363525390625
0.0170068740844727 -0.00225353240966797 -0.256988525390625 0.292877197265625
0.0321407318115234 0.0117950439453125 0.0113906860351563 0.0406227111816406
0.0223884582519531 -0.0103931427001953 0.330657958984375 -0.272674560546875
0.00222206115722656 -0.00972747802734375 0.0155944824218749 -0.541046142578125
-0.0117883682250977 0.0010538101196289 -0.4017333984375 -0.23150634765625
0.00181007385253906 0.00122439861297607 -0.3203125 0.1719970703125
0.0128593444824219 0.00185108184814453 -0.0782012939453125 0.267623901367187
0.00511693954467773 -0.00807523727416992 0.116958618164063 0.152862548828125
0.0187397003173828 -0.0132770538330078 0.171112060546875 0.0162811279296875
0.01763916015625 -0.0101680755615234 -0.17279052734375 -0.038360595703125
0.00526905059814453 -0.00885200500488281 -0.107269287109375 -0.176895141601563
0.011744499206543 0.0026092529296875 0.0779266357421875 -0.266525268554688
0.00476789474487305 0.00832176208496094 0.3321533203125 -0.1708984375
-0.0164651870727539 0.000424385070800782 0.355865478515625 0.218109130859375
-0.0100288391113281 -0.0178813934326172 0.02496337890625 0.488739013671875
0.0141286849975586 -0.000881195068359375 -0.256988525390625 0.2947998046875
0.0283317565917969 0.0122737884521484 0.00977706909179688 0.0408515930175781
0.0195713043212891 -0.00886154174804688 0.33355712890625 -0.27032470703125
0.00164985656738281 -0.00911426544189453 0.020233154296875 -0.54327392578125
-0.0111932754516602 0.00145530700683594 -0.399658203125 -0.235992431640625
0.00380659103393555 0.00115823745727539 -0.32159423828125 0.169403076171875
0.0128192901611328 0.00212287902832031 -0.07940673828125 0.266616821289063
0.00415134429931641 -0.00791692733764648 0.117050170898438 0.153121948242188
0.0179882049560547 -0.0147151947021484 0.170608520507813 0.0169830322265625
0.0174045562744141 -0.0109186172485352 -0.17242431640625 -0.0370635986328125
0.0042572021484375 -0.00884151458740234 -0.106002807617188 -0.176559448242187
0.0119218826293945 0.00313472747802734 0.0781402587890625 -0.267410278320312
0.00623321533203125 0.00815248489379883 0.33203125 -0.172576904296875
-0.0152606964111328 0.000144004821777346 0.3570556640625 0.216033935546875
-0.0103025436401367 -0.017338752746582 0.028472900390625 0.487335205078125
0.0113677978515625 0.00035858154296875 -0.25518798828125 0.294189453125
0.0244483947753906 0.0126018524169922 0.0104522705078125 0.0404472351074219
0.0167655944824219 -0.00845146179199219 0.33343505859375 -0.27099609375
0.000974178314208985 -0.00839567184448242 0.0235595703125 -0.54217529296875
-0.0110845565795898 0.00118064880371094 -0.398651123046875 -0.239227294921875
0.00434279441833496 0.00109314918518066 -0.321044921875 0.167724609375
0.0133066177368164 0.00289630889892578 -0.079620361328125 0.265701293945312
0.00343465805053711 -0.00719785690307617 0.1175537109375 0.1531982421875
0.0175819396972656 -0.0149497985839844 0.170150756835938 0.018096923828125
0.0168514251708984 -0.0107326507568359 -0.171890258789063 -0.036346435546875
0.00403833389282227 -0.00768327713012695 -0.10430908203125 -0.177291870117188
0.0127363204956055 0.00447654724121094 0.080322265625 -0.267654418945313
0.00729799270629883 0.00868082046508789 0.33331298828125 -0.17236328125
-0.0147438049316406 -0.000492095947265626 0.356689453125 0.216583251953125
-0.0101604461669922 -0.017425537109375 0.027679443359375 0.488250732421875
0.00932884216308594 0.00105857849121094 -0.2542724609375 0.294281005859375
0.0213527679443359 0.0130233764648438 0.0121803283691406 0.0396842956542969
0.0141420364379883 -0.00769329071044922 0.333892822265625 -0.272674560546875
0.000912189483642578 -0.0086817741394043 0.0215454101562499 -0.54620361328125
-0.00995922088623047 0.000542640686035157 -0.39910888671875 -0.239471435546875
0.00498247146606445 0.000715255737304688 -0.320404052734375 0.1676025390625
0.013336181640625 0.00427532196044922 -0.07916259765625 0.26507568359375
0.00228500366210937 -0.00622272491455078 0.118133544921875 0.152938842773438
0.0173978805541992 -0.0151824951171875 0.170089721679687 0.0195159912109375
0.0165300369262695 -0.00911712646484375 -0.17144775390625 -0.0372314453125
0.0043635368347168 -0.00625514984130859 -0.10260009765625 -0.177261352539063
0.0125541687011719 0.00539493560791016 0.0828399658203125 -0.268173217773438
0.00791120529174805 0.00816535949707031 0.33544921875 -0.169036865234375
-0.013768196105957 -0.000979423522949216 0.356170654296875 0.22027587890625
-0.0104541778564453 -0.0176658630371094 0.0242919921875 0.489105224609375
0.0079035758972168 0.00170612335205078 -0.2547607421875 0.29205322265625
0.0184822082519531 0.0132064819335938 0.0154037475585938 0.0388221740722656
0.0124998092651367 -0.00788688659667969 0.33416748046875 -0.27447509765625
0.00109386444091797 -0.00898647308349609 0.017913818359375 -0.545867919921875
-0.00869178771972656 0.00034046173095703 -0.400177001953125 -0.237030029296875
0.00547170639038086 0.00116300582885742 -0.31964111328125 0.16876220703125
0.0130529403686523 0.00568008422851563 -0.0784149169921875 0.265151977539063
0.00231742858886719 -0.00474691390991211 0.11810302734375 0.152359008789063
0.0165224075317383 -0.0135812759399414 0.169357299804688 0.0194549560546875
0.0158786773681641 -0.00732612609863281 -0.169647216796875 -0.0383758544921875
0.00539255142211914 -0.00553321838378906 -0.0999298095703125 -0.177993774414062
0.0131025314331055 0.00697135925292969 0.0860443115234375 -0.267593383789063
0.00841617584228515 0.00895595550537109 0.337066650390625 -0.165496826171875
-0.0130453109741211 -0.00162887573242188 0.355987548828125 0.226837158203125
-0.0091705322265625 -0.0188522338867188 0.021759033203125 0.4891357421875
0.00732707977294922 0.00143527984619141 -0.252899169921875 0.28851318359375
0.0168075561523438 0.0132455825805664 0.0194778442382812 0.0372238159179688
0.0122737884521484 -0.00836181640625 0.33294677734375 -0.27783203125
0.00149059295654297 -0.00990772247314453 0.01171875 -0.545257568359375
-0.00792694091796875 -0.000525474548339843 -0.4022216796875 -0.231658935546875
0.0061492919921875 0.00136375427246094 -0.317474365234375 0.172271728515625
0.0129156112670898 0.00653743743896484 -0.076202392578125 0.265243530273438
0.00252223014831543 -0.00363469123840332 0.118453979492188 0.150955200195313
0.0159482955932617 -0.0113897323608398 0.169784545898438 0.0195770263671875
0.015167236328125 -0.00531768798828125 -0.17010498046875 -0.0386810302734375
0.00595235824584961 -0.00381183624267578 -0.0983734130859375 -0.179428100585938
0.0129184722900391 0.00799274444580078 0.088134765625 -0.266616821289062
0.00830936431884765 0.0089578628540039 0.33905029296875 -0.16033935546875
-0.0129861831665039 -0.00238609313964844 0.351959228515625 0.23260498046875
-0.00805473327636718 -0.020355224609375 0.0162353515625 0.49169921875
0.00781106948852539 0.000516891479492188 -0.254608154296875 0.286041259765625
0.0178852081298828 0.0125770568847656 0.0240516662597656 0.0359916687011719
0.0129108428955078 -0.00941276550292969 0.3309326171875 -0.28204345703125
0.00231552124023438 -0.0108280181884766 0.00515747070312495 -0.542999267578125
-0.00756645202636719 -0.00102806091308594 -0.405914306640625 -0.223419189453125
0.00630664825439453 0.00168561935424805 -0.314697265625 0.176177978515625
0.0130767822265625 0.00723552703857422 -0.0733184814453125 0.26605224609375
0.00282192230224609 -0.00186347961425781 0.118728637695312 0.149856567382813
0.0152692794799805 -0.00885868072509766 0.170303344726563 0.018402099609375
0.0174760818481445 -0.00816631317138672 -0.173110961914063 -0.03863525390625
0.00644826889038086 -0.00825691223144531 -0.110382080078125 -0.17724609375
0.01104736328125 0.00245761871337891 0.0764923095703125 -0.26751708984375
0.00339221954345703 0.00862646102905273 0.331695556640625 -0.169525146484375
-0.0173768997192383 0.000133514404296873 0.354400634765625 0.2213134765625
-0.00747299194335937 -0.0204219818115234 0.02197265625 0.49334716796875
0.0192432403564453 -0.00343704223632813 -0.2562255859375 0.295867919921875
0.0352439880371094 0.0108795166015625 0.0148735046386719 0.0388336181640625
0.0230731964111328 -0.0114078521728516 0.32623291015625 -0.281280517578125
0.00245761871337891 -0.0106868743896484 0.00360107421874999 -0.5406494140625
-0.0123262405395508 0.00200748443603516 -0.4083251953125 -0.21942138671875
0.00182986259460449 0.00110960006713867 -0.31658935546875 0.182708740234375
0.0129108428955078 0.00142955780029297 -0.0714263916015625 0.2703857421875
0.00550413131713867 -0.00732278823852539 0.1202392578125 0.150131225585938
0.0174160003662109 -0.0118007659912109 0.173263549804688 0.011749267578125
0.0176410675048828 -0.00968360900878906 -0.17388916015625 -0.0375518798828125
0.00549221038818359 -0.00896549224853516 -0.110977172851562 -0.1761474609375
0.0110282897949219 0.00198554992675781 0.0738525390625 -0.268386840820313
0.0038447380065918 0.00863122940063477 0.329864501953125 -0.174407958984375
-0.0171337127685547 0.000535964965820314 0.357513427734375 0.215789794921875
-0.00896453857421875 -0.0185699462890625 0.02923583984375 0.490264892578125
0.0173015594482422 -0.002716064453125 -0.2535400390625 0.298431396484375
0.0322303771972656 0.0107669830322266 0.0123519897460937 0.0397872924804688
0.021514892578125 -0.0105113983154297 0.326629638671875 -0.278350830078125
0.00181770324707031 -0.0100545883178711 0.00723266601562502 -0.542755126953125
-0.0123043060302734 0.0024871826171875 -0.40704345703125 -0.225921630859375
0.00219357013702393 0.000648260116577148 -0.3170166015625 0.177825927734375
0.0128192901611328 0.00123500823974609 -0.07373046875 0.269195556640625
0.00461292266845703 -0.00804042816162109 0.12017822265625 0.150588989257813
0.0173044204711914 -0.0136013031005859 0.172561645507813 0.0123291015625
0.0171728134155273 -0.0110931396484375 -0.174545288085938 -0.034454345703125
0.00491714477539062 -0.00870370864868164 -0.111404418945312 -0.175399780273438
0.0114908218383789 0.00244712829589844 0.072662353515625 -0.26837158203125
0.00563907623291016 0.00837135314941406 0.3287353515625 -0.17742919921875
-0.0170879364013672 0.000910758972167968 0.35968017578125 0.21221923828125
-0.0103302001953125 -0.0178604125976563 0.033721923828125 0.4896240234375
0.0146188735961914 -0.000699043273925781 -0.253326416015625 0.299072265625
0.0285854339599609 0.0116195678710937 0.0106925964355469 0.0395736694335938
0.0192890167236328 -0.00894927978515625 0.3277587890625 -0.27606201171875
0.00107622146606445 -0.00851726531982422 0.011505126953125 -0.543975830078125
-0.0116357803344727 0.00186061859130859 -0.404754638671875 -0.229522705078125
0.00284886360168457 -0.000105857849121094 -0.31927490234375 0.17449951171875
0.0129251480102539 0.00165081024169922 -0.07421875 0.268585205078125
0.00360441207885742 -0.00798416137695313 0.119583129882813 0.15155029296875
0.0172080993652344 -0.0149154663085938 0.172042846679688 0.0139617919921875
0.0168914794921875 -0.0116252899169922 -0.174240112304688 -0.0337066650390625
0.00414562225341797 -0.0082554817199707 -0.110244750976562 -0.174896240234375
0.0119524002075195 0.00296592712402344 0.0733642578125 -0.26904296875
0.00655746459960938 0.00837945938110352 0.3291015625 -0.17950439453125
-0.0159091949462891 0.000701904296875002 0.360443115234375 0.210357666015625
-0.0104951858520508 -0.0173330307006836 0.0347900390625 0.487091064453125
0.0111522674560547 -6.58035278320313E-05 -0.25146484375 0.2987060546875
0.0245819091796875 0.0124759674072266 0.0112953186035156 0.0398101806640625
0.0159635543823242 -0.00860786437988281 0.33038330078125 -0.27703857421875
0.00108528137207031 -0.0088653564453125 0.01434326171875 -0.5440673828125
-0.0103492736816406 0.00173473358154297 -0.403900146484375 -0.23193359375
0.00384593009948731 -9.94205474853516E-05 -0.318756103515625 0.17327880859375
0.0131759643554688 0.00266265869140625 -0.074493408203125 0.267471313476563
0.00353288650512695 -0.00741052627563477 0.120834350585937 0.151901245117188
0.0172567367553711 -0.0162372589111328 0.17144775390625 0.01519775390625
0.0166940689086914 -0.0108470916748047 -0.173965454101562 -0.0332183837890625
0.00393056869506836 -0.00738239288330078 -0.108673095703125 -0.1749267578125
0.012385368347168 0.00438022613525391 0.0749359130859375 -0.269912719726563
0.00723886489868164 0.0084233283996582 0.330322265625 -0.17974853515625
-0.0150108337402344 -0.00016593933105469 0.36163330078125 0.211029052734375
-0.0109043121337891 -0.0174083709716797 0.035125732421875 0.4879150390625
0.00915718078613281 0.000613212585449219 -0.250152587890625 0.297576904296875
0.0214042663574219 0.0128517150878906 0.0128250122070312 0.0385208129882813
0.0136613845825195 -0.00868988037109375 0.330596923828125 -0.276763916015625
0.000944614410400391 -0.00787973403930664 0.012847900390625 -0.54656982421875
-0.010218620300293 0.00106143951416016 -0.4041748046875 -0.2327880859375
0.00436115264892578 0.000184297561645508 -0.31817626953125 0.1729736328125
0.0131387710571289 0.00387763977050781 -0.0740966796875 0.267791748046875
0.00281190872192383 -0.00657415390014648 0.120895385742187 0.151229858398437
0.0164957046508789 -0.0153417587280273 0.171142578125 0.0155181884765625
0.0167760848999023 -0.00940227508544922 -0.173187255859375 -0.033782958984375
0.00460004806518555 -0.00610113143920898 -0.106521606445312 -0.17596435546875
0.0128898620605469 0.00631141662597656 0.0772705078125 -0.269851684570313
0.00799369812011719 0.00820493698120117 0.33209228515625 -0.175933837890625
-0.0141277313232422 -0.000436782836914063 0.360076904296875 0.214630126953125
-0.0102195739746094 -0.0178260803222656 0.031951904296875 0.4893798828125
0.0076446533203125 0.00117969512939453 -0.25042724609375 0.29522705078125
0.0186328887939453 0.0127449035644531 0.0160140991210938 0.0378379821777344
0.0119438171386719 -0.00804901123046875 0.331787109375 -0.28131103515625
0.000678062438964843 -0.0087890625 0.00967407226562498 -0.545989990234375
-0.00883197784423828 -7.62939453124993E-06 -0.40435791015625 -0.229888916015625
0.00520515441894531 0.000280857086181641 -0.31591796875 0.174652099609375
0.0134849548339844 0.00465297698974609 -0.0735321044921875 0.268157958984375
0.00266408920288086 -0.00518369674682617 0.121063232421875 0.15008544921875
0.0162715911865234 -0.014103889465332 0.170913696289063 0.0159759521484375
0.0157833099365234 -0.00765514373779297 -0.17132568359375 -0.0349578857421875
0.0056610107421875 -0.00522518157958984 -0.103927612304687 -0.177108764648438
0.0134172439575195 0.00732994079589844 0.080902099609375 -0.26959228515625
0.00853538513183594 0.00893402099609375 0.334686279296875 -0.1717529296875
-0.0136308670043945 -0.00162029266357422 0.35919189453125 0.2216796875
-0.00989532470703125 -0.0190639495849609 0.030120849609375 0.490081787109375
0.00701713562011719 0.00119400024414063 -0.249542236328125 0.29266357421875
0.0169219970703125 0.012359619140625 0.0202445983886719 0.0367202758789063
0.0117731094360352 -0.00833415985107422 0.32928466796875 -0.283294677734375
0.00126838684082031 -0.0101566314697266 0.00283813476562501 -0.5447998046875
-0.00779199600219726 -8.5830688476563E-05 -0.407196044921875 -0.22430419921875
0.00646734237670898 0.000833034515380859 -0.31524658203125 0.1773681640625
0.0138111114501953 0.00601100921630859 -0.071441650390625 0.26708984375
0.00223588943481445 -0.00376272201538086 0.121109008789063 0.149749755859375
0.0156669616699219 -0.0119838714599609 0.171051025390625 0.0166473388671875
0.0149202346801758 -0.00553131103515625 -0.171279907226563 -0.035919189453125
0.00573825836181641 -0.00400352478027344 -0.102447509765625 -0.178207397460938
0.0136203765869141 0.00765037536621094 0.0832366943359375 -0.2689208984375
0.00820732116699219 0.00955677032470703 0.336822509765625 -0.166015625
-0.0132055282592773 -0.00187301635742188 0.356689453125 0.22650146484375
-0.00812911987304688 -0.0208587646484375 0.02374267578125 0.492218017578125
0.00780725479125977 0.000381946563720703 -0.250091552734375 0.289886474609375
0.0177593231201172 0.0120277404785156 0.0248489379882813 0.0345058441162109
0.0120553970336914 -0.00965213775634765 0.32647705078125 -0.28863525390625
0.00157737731933594 -0.0111932754516602 -0.00274658203124995 -0.54339599609375
-0.00724363327026367 -0.00069713592529297 -0.410003662109375 -0.217315673828125
0.00653696060180664 0.00159883499145508 -0.311859130859375 0.182373046875
0.0135030746459961 0.00690174102783203 -0.0686798095703125 0.267578125
0.00300741195678711 -0.00259637832641602 0.123123168945313 0.148223876953125
0.0148725509643555 -0.00948333740234375 0.171539306640625 0.0156402587890625
0.017155647277832 -0.00816154479980469 -0.17474365234375 -0.0352020263671875
0.00676822662353516 -0.00803041458129883 -0.113967895507813 -0.174560546875
0.0117979049682617 0.00264835357666016 0.07177734375 -0.268447875976563
0.00361871719360352 0.0081171989440918 0.32769775390625 -0.1754150390625
-0.0177955627441406 0.000619888305664059 0.356475830078125 0.21636962890625
-0.00821495056152344 -0.0202827453613281 0.03045654296875 0.49212646484375
0.0193328857421875 -0.00408363342285156 -0.252105712890625 0.29791259765625
0.0354690551757813 0.00974655151367188 0.0153656005859375 0.0378913879394531
0.0233116149902344 -0.0116653442382813 0.32147216796875 -0.28509521484375
0.002349853515625 -0.010340690612793 -0.0068359375 -0.538726806640625
-0.0118503570556641 0.00168037414550781 -0.410491943359375 -0.211639404296875
0.00141322612762451 0.000939130783081055 -0.313079833984375 0.18768310546875
0.0124807357788086 0.00124359130859375 -0.0668182373046875 0.271209716796875
0.0048060417175293 -0.00772476196289062 0.1239013671875 0.147186279296875
0.0170583724975586 -0.0117530822753906 0.173721313476563 0.0079498291015625
0.0176677703857422 -0.00998878479003906 -0.174942016601562 -0.0341796875
0.00549030303955078 -0.00893402099609375 -0.115341186523437 -0.173782348632813
0.0117788314819336 0.00196361541748047 0.0682525634765625 -0.269088745117188
0.00387096405029297 0.008575439453125 0.326202392578125 -0.179779052734375
-0.0173854827880859 0.000996589660644534 0.3607177734375 0.2098388671875
-0.00937461853027344 -0.0192527770996094 0.037078857421875 0.49053955078125
0.0170078277587891 -0.00288963317871094 -0.248626708984375 0.30108642578125
0.0330276489257813 0.0103034973144531 0.0130882263183594 0.0386466979980469
0.0209732055664063 -0.0106601715087891 0.32171630859375 -0.282928466796875
0.00194072723388672 -0.00931358337402344 -0.00164794921874998 -0.5419921875
-0.012354850769043 0.00236701965332031 -0.409942626953125 -0.21820068359375
0.00182664394378662 0.00026702880859375 -0.314697265625 0.184173583984375
0.0132160186767578 0.001220703125 -0.0686187744140625 0.270431518554688
0.00483226776123047 -0.00765085220336914 0.123123168945312 0.148880004882813
0.0168857574462891 -0.0148334503173828 0.173370361328125 0.00946044921875
0.0172586441040039 -0.0112905502319336 -0.17578125 -0.031158447265625
0.00505638122558594 -0.00879764556884766 -0.114913940429687 -0.172897338867187
0.0115756988525391 0.00286006927490234 0.0670166015625 -0.27008056640625
0.00534772872924805 0.00781965255737305 0.325103759765625 -0.1837158203125
-0.017085075378418 0.000699996948242185 0.36187744140625 0.206085205078125
-0.0106086730957031 -0.01806640625 0.040618896484375 0.487548828125
0.0146389007568359 -0.00111198425292969 -0.248870849609375 0.302276611328125
0.0285682678222656 0.0109081268310547 0.011016845703125 0.0393829345703125
0.0185070037841797 -0.00995254516601563 0.32391357421875 -0.28033447265625
0.00145244598388672 -0.00834178924560547 0.00250244140624994 -0.5433349609375
-0.0114593505859375 0.00164508819580078 -0.408477783203125 -0.2227783203125
0.00280189514160156 5.38825988769531E-05 -0.315582275390625 0.18109130859375
0.0134401321411133 0.00124835968017578 -0.0693511962890625 0.269775390625
0.00380277633666992 -0.00826883316040039 0.123275756835938 0.148788452148438
0.0168066024780273 -0.0159263610839844 0.173202514648437 0.0099945068359375
0.0172367095947266 -0.0118551254272461 -0.175933837890625 -0.0302886962890625
0.00456333160400391 -0.0079340934753418 -0.114303588867188 -0.172378540039062
0.0120458602905273 0.00354862213134766 0.0678253173828125 -0.270172119140625
0.00598430633544922 0.00800848007202149 0.3253173828125 -0.18475341796875
-0.0166769027709961 0.000594139099121097 0.363861083984375 0.20367431640625
-0.0108146667480469 -0.0171489715576172 0.042144775390625 0.4873046875
0.0114126205444336 -0.000270843505859375 -0.24652099609375 0.301971435546875
0.0244102478027344 0.0114459991455078 0.0118980407714844 0.0391426086425781
0.0158863067626953 -0.00841045379638672 0.32647705078125 -0.2822265625
0.00069713592529297 -0.00855445861816406 0.00436401367187494 -0.54339599609375
-0.0115032196044922 0.00185489654541016 -0.406982421875 -0.225128173828125
0.00338530540466309 -0.000291347503662109 -0.316314697265625 0.179443359375
0.0131902694702148 0.00224685668945313 -0.0697021484375 0.269500732421875
0.00331401824951172 -0.00818586349487305 0.12335205078125 0.148971557617188
0.0163536071777344 -0.0162467956542969 0.173141479492188 0.01153564453125
0.0166101455688477 -0.011204719543457 -0.174972534179688 -0.0301513671875
0.00373554229736328 -0.00722551345825195 -0.112533569335938 -0.173294067382813
0.0129690170288086 0.00455665588378906 0.0699462890625 -0.27105712890625
0.00753545761108398 0.00757646560668945 0.325531005859375 -0.18414306640625
-0.0148391723632813 0.000569343566894531 0.3643798828125 0.205047607421875
-0.0105180740356445 -0.0173006057739258 0.043212890625 0.487091064453125
0.0089569091796875 0.000400543212890625 -0.2459716796875 0.3009033203125
0.0211448669433594 0.0114612579345703 0.0135498046875 0.0383758544921875
0.0132064819335938 -0.00836944580078125 0.325653076171875 -0.283477783203125
0.000589847564697267 -0.00846576690673828 0.00271606445312495 -0.546295166015625
-0.00963497161865234 0.00112438201904297 -0.4075927734375 -0.225311279296875
0.00459623336791992 -0.000578880310058594 -0.314788818359375 0.179046630859375
0.0133323669433594 0.00325679779052734 -0.0699005126953125 0.26885986328125
0.00256681442260742 -0.00625753402709961 0.123672485351563 0.14892578125
0.0161142349243164 -0.0161094665527344 0.172088623046875 0.01263427734375
0.0163459777832031 -0.0101242065429688 -0.174453735351563 -0.0310211181640625
0.00414371490478516 -0.00577306747436523 -0.110015869140625 -0.174240112304688
0.0132827758789063 0.00546741485595703 0.0721893310546875 -0.2713623046875
0.00814104080200195 0.00780963897705078 0.3289794921875 -0.18145751953125
-0.0143814086914063 -0.000342369079589846 0.362884521484375 0.2093505859375
-0.0103597640991211 -0.0172996520996094 0.041473388671875 0.48797607421875
0.0080718994140625 0.00137424468994141 -0.246002197265625 0.299285888671875
0.0178661346435547 0.0122222900390625 0.0167655944824219 0.0371971130371094
0.0115013122558594 -0.00830268859863281 0.32568359375 -0.285858154296875
0.000854969024658203 -0.00859355926513672 -0.000335693359375007 -0.5452880859375
-0.00854921340942383 0.000957012176513672 -0.408447265625 -0.222686767578125
0.00564002990722656 -0.000237941741943359 -0.314178466796875 0.1806640625
0.0134391784667969 0.00450992584228516 -0.0688323974609375 0.268951416015625
0.00215768814086914 -0.00507736206054688 0.123916625976563 0.147613525390625
0.0155572891235352 -0.0149517059326172 0.1717529296875 0.013092041015625
0.0160951614379883 -0.00858783721923828 -0.17340087890625 -0.031982421875
0.00523757934570313 -0.00521373748779297 -0.107254028320312 -0.174560546875
0.0136327743530273 0.00691890716552734 0.075042724609375 -0.2713623046875
0.00818824768066406 0.00840377807617188 0.330810546875 -0.17730712890625
-0.0139608383178711 -0.00171852111816406 0.3619384765625 0.214752197265625
-0.00975799560546875 -0.0184726715087891 0.03790283203125 0.4901123046875
0.00703859329223633 0.00137853622436523 -0.2447509765625 0.296295166015625
0.0169572830200195 0.0127964019775391 0.0207405090332031 0.0357589721679688
0.0108699798583984 -0.00841331481933594 0.324615478515625 -0.288177490234375
0.0016021728515625 -0.0101051330566406 -0.00701904296875004 -0.544677734375
-0.00811004638671875 -0.000236034393310548 -0.411102294921875 -0.21807861328125
0.00641727447509766 0.000582695007324219 -0.311981201171875 0.18304443359375
0.0138120651245117 0.00553607940673828 -0.0663299560546875 0.268844604492188
0.00235700607299805 -0.00387215614318848 0.123931884765625 0.14715576171875
0.0149974822998047 -0.0127639770507813 0.172088623046875 0.0134429931640625
0.0144844055175781 -0.00621414184570312 -0.172378540039062 -0.032135009765625
0.00568294525146484 -0.00366449356079102 -0.10638427734375 -0.176300048828125
0.0136337280273437 0.00813770294189453 0.0779266357421875 -0.269927978515625
0.00812530517578125 0.00922775268554688 0.33258056640625 -0.172454833984375
-0.0137195587158203 -0.00232601165771484 0.359161376953125 0.221649169921875
-0.00877571105957031 -0.0198593139648438 0.03094482421875 0.49114990234375
0.00809860229492188 0.000339031219482422 -0.2459716796875 0.293212890625
0.0181102752685547 0.0118789672851563 0.0252189636230469 0.0338573455810547
0.0118207931518555 -0.00973415374755859 0.3226318359375 -0.293365478515625
0.00168037414550781 -0.010493278503418 -0.01263427734375 -0.54266357421875
-0.00720834732055664 -0.000565052032470704 -0.4136962890625 -0.210174560546875
0.00583028793334961 0.000967979431152344 -0.309234619140625 0.187713623046875
0.0133867263793945 0.00684165954589844 -0.0637359619140625 0.269012451171875
0.0027928352355957 -0.00272536277770996 0.12506103515625 0.146041870117188
0.0144147872924805 -0.0102310180664063 0.172805786132813 0.0119476318359375
0.0166769027709961 -0.00881004333496094 -0.175872802734375 -0.0318603515625
0.00684356689453125 -0.00796031951904297 -0.117691040039063 -0.171783447265625
0.0120277404785156 0.00255393981933594 0.06591796875 -0.269012451171875
0.00337409973144531 0.00854253768920898 0.32342529296875 -0.180633544921875
-0.0180168151855469 0.000719070434570313 0.35882568359375 0.21002197265625
-0.00802803039550781 -0.020416259765625 0.03759765625 0.48931884765625
0.0194377899169922 -0.00466156005859375 -0.24566650390625 0.3013916015625
0.0357856750488281 0.00968551635742187 0.0158615112304688 0.0371780395507813
0.0220127105712891 -0.0125541687011719 0.3157958984375 -0.29034423828125
0.002655029296875 -0.010371208190918 -0.0151062011718751 -0.537841796875
-0.0119171142578125 0.00254535675048828 -0.41400146484375 -0.205169677734375
0.0013657808303833 0.000528693199157715 -0.30853271484375 0.192962646484375
0.0126266479492187 0.000756263732910156 -0.06146240234375 0.27197265625
0.00515890121459961 -0.0079960823059082 0.126296997070313 0.144866943359375
0.0160121917724609 -0.0125322341918945 0.174331665039063 0.00457763671875
0.0175180435180664 -0.0105171203613281 -0.176284790039063 -0.029815673828125
0.00540065765380859 -0.00887870788574219 -0.118194580078125 -0.17108154296875
0.0119705200195313 0.00207138061523438 0.063446044921875 -0.269775390625
0.00395679473876953 0.00797367095947266 0.32183837890625 -0.185577392578125
-0.0182056427001953 0.00142097473144531 0.363037109375 0.20440673828125
-0.00909614562988281 -0.0189495086669922 0.044158935546875 0.489227294921875
0.0171041488647461 -0.00315284729003906 -0.244171142578125 0.303680419921875
0.0321121215820312 0.00966644287109375 0.0133819580078125 0.0380477905273438
0.0199050903320313 -0.0109691619873047 0.316802978515625 -0.286468505859375
0.00169849395751953 -0.00894737243652344 -0.011077880859375 -0.539703369140625
-0.0119915008544922 0.00254154205322266 -0.412567138671875 -0.211456298828125
0.00201845169067383 0.000105023384094238 -0.31036376953125 0.188995361328125
0.0130949020385742 0.000948905944824219 -0.06317138671875 0.271499633789063
0.00435113906860351 -0.00838470458984375 0.124710083007813 0.146713256835938
0.0167121887207031 -0.0155782699584961 0.173828125 0.006439208984375
0.016326904296875 -0.0119848251342773 -0.176223754882813 -0.0279998779296875
0.00388240814208984 -0.00858688354492188 -0.118576049804688 -0.170059204101562
0.0124807357788086 0.00255298614501953 0.0614013671875 -0.270156860351563
0.00523567199707031 0.00775289535522461 0.319671630859375 -0.1884765625
-0.017390251159668 0.00109100341796875 0.364227294921875 0.20013427734375
-0.0103073120117188 -0.0178985595703125 0.0477294921875 0.4854736328125
0.0141277313232422 -0.00168132781982422 -0.243377685546875 0.305206298828125
0.0286197662353516 0.0106697082519531 0.0117111206054687 0.0386314392089844
0.0176544189453125 -0.0100345611572266 0.319122314453125 -0.28564453125
0.000859260559082031 -0.00819015502929687 -0.00592041015625001 -0.5408935546875
-0.0115089416503906 0.00300312042236328 -0.4102783203125 -0.216156005859375
0.00238656997680664 -0.000471830368041992 -0.31170654296875 0.185882568359375
0.0134849548339844 0.00100898742675781 -0.0644989013671875 0.269882202148438
0.00371646881103516 -0.00860500335693359 0.126022338867187 0.146331787109375
0.0166692733764648 -0.0161972045898438 0.173660278320313 0.00775146484375
0.0167903900146484 -0.0120763778686523 -0.176681518554687 -0.02752685546875
0.00355243682861328 -0.00849103927612305 -0.117507934570313 -0.170242309570312
0.0130081176757812 0.00346183776855469 0.062591552734375 -0.271408081054687
0.00617122650146484 0.00777959823608398 0.320098876953125 -0.189849853515625
-0.0162839889526367 0.00147438049316406 0.365875244140625 0.197235107421875
-0.0111351013183594 -0.0167207717895508 0.0511474609375 0.48486328125
0.0117168426513672 -0.000463485717773438 -0.242156982421875 0.304840087890625
0.024566650390625 0.0114517211914062 0.0123176574707031 0.0381965637207031
0.0150060653686523 -0.00883960723876953 0.3199462890625 -0.28582763671875
0.000156402587890625 -0.00752925872802734 -0.00317382812499995 -0.542083740234375
-0.010869026184082 0.00182819366455078 -0.411773681640625 -0.219329833984375
0.00327944755554199 -0.000566244125366211 -0.311798095703125 0.184173583984375
0.0135316848754883 0.00137424468994141 -0.06427001953125 0.26983642578125
0.00307703018188477 -0.00808572769165039 0.125717163085938 0.146896362304688
0.0153331756591797 -0.0169134140014648 0.173065185546875 0.0081634521484375
0.0160465240478516 -0.0116243362426758 -0.1756591796875 -0.026275634765625
0.00370311737060547 -0.00711584091186523 -0.116043090820313 -0.170684814453125
0.0130844116210938 0.00452423095703125 0.064239501953125 -0.271560668945313
0.00743675231933594 0.00754976272583008 0.32220458984375 -0.1904296875
-0.0158319473266602 0.000967025756835941 0.365875244140625 0.1983642578125
-0.0108194351196289 -0.0170164108276367 0.050537109375 0.48577880859375
0.00931549072265625 0.000711441040039063 -0.241180419921875 0.302032470703125
0.0209064483642578 0.011627197265625 0.0141067504882813 0.0373306274414063
0.012721061706543 -0.00836372375488281 0.32098388671875 -0.28704833984375
0.000376701354980468 -0.00833225250244141 -0.00601196289062496 -0.54315185546875
-0.00994300842285156 0.00139999389648437 -0.408721923828125 -0.217926025390625
0.00451517105102539 -0.000545978546142578 -0.310943603515625 0.1837158203125
0.0135135650634766 0.00299072265625 -0.0647125244140625 0.269912719726563
0.00270748138427734 -0.00680255889892578 0.12628173828125 0.1458740234375
0.0151166915893555 -0.0167770385742188 0.172210693359375 0.0092010498046875
0.016026496887207 -0.00990772247314453 -0.17510986328125 -0.02703857421875
0.00435400009155273 -0.00566196441650391 -0.113510131835938 -0.171585083007813
0.0136651992797852 0.00580883026123047 0.066741943359375 -0.272201538085938
0.00813150405883789 0.00771379470825195 0.324493408203125 -0.18682861328125
-0.014887809753418 -0.000392913818359376 0.36517333984375 0.202423095703125
-0.0106487274169922 -0.0173244476318359 0.0478515625 0.487396240234375
0.00822734832763672 0.00109100341796875 -0.2403564453125 0.301116943359375
0.018280029296875 0.0124034881591797 0.0172882080078125 0.0360450744628906
0.0111255645751953 -0.00843048095703125 0.3193359375 -0.289886474609375
0.000760555267333984 -0.00855445861816406 -0.00875854492187505 -0.544158935546875
-0.00873994827270508 0.000809192657470702 -0.411865234375 -0.215545654296875
0.00526666641235351 -0.000421524047851563 -0.309967041015625 0.185699462890625
0.0141305923461914 0.00382518768310547 -0.0635986328125 0.268997192382813
0.00274467468261719 -0.00555753707885742 0.126266479492188 0.145843505859375
0.0154685974121094 -0.0155935287475586 0.172332763671875 0.009857177734375
0.0157270431518555 -0.00868320465087891 -0.174026489257813 -0.0285797119140625
0.00477886199951172 -0.00496149063110352 -0.111068725585937 -0.172470092773438
0.0138425827026367 0.00683498382568359 0.0695953369140625 -0.272064208984375
0.00830364227294922 0.00832653045654297 0.32666015625 -0.1829833984375
-0.0143222808837891 -0.000841140747070314 0.3648681640625 0.208648681640625
-0.00980186462402344 -0.0182666778564453 0.044677734375 0.48687744140625
0.00746774673461914 0.000857830047607422 -0.240081787109375 0.297454833984375
0.0172014236450195 0.012598991394043 0.0209217071533203 0.0348148345947266
0.0101985931396484 -0.00882911682128906 0.318634033203125 -0.29278564453125
0.000750541687011718 -0.00973701477050781 -0.01434326171875 -0.543914794921875
-0.00793695449829102 0.000301837921142579 -0.4132080078125 -0.2103271484375
0.0060577392578125 0.000393867492675781 -0.308197021484375 0.187896728515625
0.0141725540161133 0.00527381896972656 -0.0612945556640625 0.269302368164063
0.00224733352661133 -0.0042576789855957 0.126922607421875 0.14471435546875
0.0145502090454102 -0.0135250091552734 0.1724853515625 0.0101318359375
0.0143470764160156 -0.00631618499755859 -0.174102783203125 -0.0287322998046875
0.00550985336303711 -0.00394725799560547 -0.109893798828125 -0.173721313476562
0.0137472152709961 0.00749111175537109 0.0721893310546875 -0.27142333984375
0.00818538665771484 0.00821161270141602 0.328399658203125 -0.177825927734375
-0.0139455795288086 -0.00178718566894531 0.361358642578125 0.21502685546875
-0.00919914245605469 -0.0197830200195312 0.039093017578125 0.489044189453125
0.00834417343139648 0.000432491302490234 -0.2408447265625 0.2945556640625
0.0181674957275391 0.0113735198974609 0.0257396697998047 0.0326728820800781
0.010676383972168 -0.00993537902832031 0.316650390625 -0.296905517578125
0.00135326385498047 -0.0109062194824219 -0.0219116210937501 -0.540802001953125
-0.00759410858154297 -0.000513553619384766 -0.416961669921875 -0.202362060546875
0.00624179840087891 0.000445842742919922 -0.304779052734375 0.1925048828125
0.0140762329101563 0.00572967529296875 -0.0585479736328125 0.269760131835938
0.00275301933288574 -0.00279355049133301 0.127838134765625 0.143646240234375
0.0137434005737305 -0.0106315612792969 0.173446655273437 0.0092315673828125
0.0166406631469727 -0.00877285003662109 -0.1761474609375 -0.0283355712890625
0.00594663619995117 -0.00813913345336914 -0.12030029296875 -0.168807983398438
0.0117473602294922 0.00231742858886719 0.05987548828125 -0.269073486328125
0.00328588485717773 0.00824069976806641 0.31829833984375 -0.184814453125
-0.0180759429931641 0.00102615356445313 0.360748291015625 0.20281982421875
-0.00839424133300781 -0.0200843811035156 0.044464111328125 0.48675537109375
0.0192947387695313 -0.00478363037109375 -0.239959716796875 0.303192138671875
0.0350208282470703 0.00876808166503906 0.016357421875 0.0361709594726563
0.0213470458984375 -0.0124664306640625 0.309417724609375 -0.292999267578125
0.00220489501953125 -0.0103378295898438 -0.022491455078125 -0.534027099609375
-0.0122137069702148 0.00259876251220703 -0.415496826171875 -0.198028564453125
0.00113987922668457 0.000258922576904297 -0.304229736328125 0.196929931640625
0.0130128860473633 -6.866455078125E-05 -0.0563201904296875 0.271514892578125
0.00507211685180664 -0.00823640823364258 0.128433227539063 0.142242431640625
0.0162200927734375 -0.0128641128540039 0.173583984375 0.0013580322265625
0.0168800354003906 -0.0108356475830078 -0.176849365234375 -0.0266571044921875
0.00515317916870117 -0.00818061828613281 -0.120834350585938 -0.168060302734375
0.0121059417724609 0.00220870971679688 0.0578765869140625 -0.269241333007813
0.00400924682617188 0.00778055191040039 0.316558837890625 -0.1905517578125
-0.0177459716796875 0.00143051147460938 0.363128662109375 0.19677734375
-0.0093231201171875 -0.0186672210693359 0.05084228515625 0.484710693359375
0.017085075378418 -0.00319194793701172 -0.239166259765625 0.304473876953125
0.0327701568603516 0.00937461853027344 0.0134468078613281 0.0368003845214844
0.0198822021484375 -0.0113544464111328 0.31036376953125 -0.290924072265625
0.00177192687988281 -0.00907993316650391 -0.0186767578125 -0.53582763671875
-0.0116539001464844 0.00311946868896484 -0.412872314453125 -0.203125
0.00153779983520508 -6.77108764648438E-05 -0.305999755859375 0.193206787109375
0.0138664245605469 0.000239372253417969 -0.0580902099609375 0.270858764648438
0.00444984436035156 -0.00820541381835938 0.127090454101563 0.142974853515625
0.0162324905395508 -0.0153369903564453 0.173629760742188 0.002716064453125
0.0158987045288086 -0.0122222900390625 -0.177169799804688 -0.0245513916015625
0.0041046142578125 -0.00819540023803711 -0.121673583984375 -0.166717529296875
0.0124502182006836 0.00256156921386719 0.056610107421875 -0.26959228515625
0.00494718551635742 0.00752830505371094 0.31463623046875 -0.193115234375
-0.0172615051269531 0.00163555145263672 0.365325927734375 0.1927490234375
-0.0105400085449219 -0.0174083709716797 0.05328369140625 0.48248291015625
0.0144481658935547 -0.0021820068359375 -0.23748779296875 0.30633544921875
0.0287036895751953 0.0106544494628906 0.0120010375976563 0.0374908447265625
0.017303466796875 -0.00982093811035156 0.31201171875 -0.2891845703125
0.000775337219238281 -0.00833511352539062 -0.0142822265625 -0.538238525390625
-0.0115547180175781 0.00290107727050781 -0.412506103515625 -0.20770263671875
0.00237560272216797 -0.000750064849853516 -0.307373046875 0.1900634765625
0.0132274627685547 9.34600830078125E-05 -0.0593719482421875 0.269912719726563
0.00370979309082031 -0.00856256484985352 0.127761840820313 0.143798828125
0.0160923004150391 -0.016779899597168 0.173324584960938 0.00372314453125
0.0161151885986328 -0.0123443603515625 -0.176284790039063 -0.023773193359375
0.00390625 -0.00784206390380859 -0.120437622070313 -0.166854858398438
0.0126619338989258 0.00338077545166016 0.05694580078125 -0.270233154296875
0.00610876083374023 0.00734424591064453 0.315673828125 -0.19488525390625
-0.0162181854248047 0.00110244750976563 0.367156982421875 0.1912841796875
-0.0108880996704102 -0.0166149139404297 0.056488037109375 0.482208251953125
0.0117216110229492 -0.000706672668457031 -0.23651123046875 0.306304931640625
0.0243549346923828 0.0106544494628906 0.0127143859863281 0.0371780395507813
0.0144987106323242 -0.00890350341796875 0.312530517578125 -0.288726806640625
0.000367164611816406 -0.00757026672363281 -0.011810302734375 -0.538665771484375
-0.0110225677490234 0.0025177001953125 -0.410675048828125 -0.210540771484375
0.0028679370880127 -0.00113344192504883 -0.307830810546875 0.188385009765625
0.0135650634765625 0.00128364562988281 -0.05975341796875 0.269577026367188
0.00334787368774414 -0.00757026672363281 0.128067016601563 0.143524169921875
0.0153913497924805 -0.0172662734985352 0.172683715820313 0.0048980712890625
0.0158901214599609 -0.0117101669311523 -0.175613403320312 -0.0236663818359375
0.00366497039794922 -0.00677776336669922 -0.118850708007812 -0.167083740234375
0.0135126113891602 0.00468730926513672 0.0584869384765625 -0.271270751953125
0.00697135925292969 0.00717020034790039 0.31640625 -0.19476318359375
-0.0156049728393555 0.000608444213867187 0.367279052734375 0.191436767578125
-0.010955810546875 -0.0166463851928711 0.05804443359375 0.482513427734375
0.00985431671142578 0.000569343566894531 -0.235687255859375 0.30487060546875
0.0211334228515625 0.01129150390625 0.0145111083984375 0.0365371704101563
0.0122413635253906 -0.00855731964111328 0.314361572265625 -0.290191650390625
0.000335693359375001 -0.00787973403930664 -0.012908935546875 -0.5400390625
-0.00982856750488281 0.00195026397705078 -0.411102294921875 -0.211334228515625
0.00414538383483887 -0.00101733207702637 -0.306610107421875 0.18853759765625
0.0138254165649414 0.00238418579101563 -0.05865478515625 0.268905639648438
0.00267171859741211 -0.00673437118530273 0.12835693359375 0.14337158203125
0.0149087905883789 -0.0169382095336914 0.1727294921875 0.006011962890625
0.0153827667236328 -0.010716438293457 -0.17535400390625 -0.0235137939453125
0.0042872428894043 -0.00573492050170898 -0.116455078125 -0.168685913085938
0.0138521194458008 0.005462646484375 0.0609588623046875 -0.2716064453125
0.0079193115234375 0.00756645202636719 0.318267822265625 -0.1912841796875
-0.0152359008789062 2.76565551757808E-05 0.36651611328125 0.194671630859375
-0.0103864669799805 -0.0170621871948242 0.054718017578125 0.4837646484375
0.00808095932006836 0.00130701065063477 -0.235443115234375 0.301910400390625
0.0182018280029297 0.0123176574707031 0.0172042846679687 0.0347671508789063
0.0104427337646484 -0.00813579559326172 0.31427001953125 -0.294036865234375
0.000669479370117187 -0.00851297378540039 -0.016693115234375 -0.540069580078125
-0.0087132453918457 0.000767230987548829 -0.412628173828125 -0.208892822265625
0.00496721267700195 -0.00105428695678711 -0.305389404296875 0.190032958984375
0.0142707824707031 0.00381660461425781 -0.0586700439453125 0.26934814453125
0.00243997573852539 -0.0052037239074707 0.128570556640625 0.142532348632813
0.0143375396728516 -0.0158872604370117 0.172271728515625 0.006622314453125
0.0153064727783203 -0.00881576538085938 -0.174331665039063 -0.0254974365234375
0.00523900985717773 -0.00459003448486328 -0.114166259765625 -0.169219970703125
0.0146198272705078 0.00670528411865234 0.063873291015625 -0.2716064453125
0.00848579406738281 0.00777769088745117 0.3212890625 -0.1875
-0.0145425796508789 -0.000582695007324217 0.366302490234375 0.201873779296875
-0.009918212890625 -0.0182323455810547 0.05108642578125 0.484771728515625
0.00752687454223633 0.00103950500488281 -0.234832763671875 0.299407958984375
0.0170145034790039 0.0121355056762695 0.0211811065673828 0.0335636138916016
0.00951099395751953 -0.00916671752929688 0.31268310546875 -0.296173095703125
0.00064563751220703 -0.00969219207763672 -0.0221862792968751 -0.5399169921875
-0.00825834274291992 0.000638484954833986 -0.41455078125 -0.20361328125
0.00554323196411133 -0.000508785247802734 -0.303558349609375 0.192718505859375
0.0141458511352539 0.00512504577636719 -0.05694580078125 0.269180297851563
0.00234174728393555 -0.00409555435180664 0.128738403320313 0.141815185546875
0.0138435363769531 -0.0137147903442383 0.172622680664063 0.0070343017578125
0.0141506195068359 -0.00680828094482422 -0.173828125 -0.025634765625
0.00568532943725586 -0.00337600708007813 -0.112960815429688 -0.170623779296875
0.0143938064575195 0.00733280181884766 0.0667877197265625 -0.270751953125
0.00795936584472656 0.00824689865112305 0.322784423828125 -0.182037353515625
-0.0143194198608398 -0.00137805938720703 0.362335205078125 0.208221435546875
-0.00887107849121094 -0.0196933746337891 0.0457763671875 0.4859619140625
0.00852537155151367 0.000504016876220703 -0.2359619140625 0.296783447265625
0.0177536010742188 0.011474609375 0.0256175994873047 0.0319461822509766
0.0102996826171875 -0.00974464416503906 0.310333251953125 -0.300933837890625
0.00112152099609375 -0.010350227355957 -0.0291748046875 -0.536773681640625
-0.00770235061645508 -0.000146389007568359 -0.417266845703125 -0.193939208984375
0.00586414337158203 -0.000139713287353516 -0.300048828125 0.196563720703125
0.0140581130981445 0.00554275512695313 -0.0536346435546875 0.269683837890625
0.00280618667602539 -0.00311589241027832 0.130027770996094 0.140266418457031
0.0132827758789062 -0.0112018585205078 0.172866821289063 0.00537109375
0.0164985656738281 -0.00920391082763672 -0.176132202148438 -0.0248260498046875
0.0065913200378418 -0.00735282897949219 -0.12274169921875 -0.165176391601563
0.0122451782226563 0.00229454040527344 0.05487060546875 -0.267852783203125
0.00258922576904297 0.00855731964111328 0.311279296875 -0.18780517578125
-0.0183315277099609 0.00188636779785157 0.359771728515625 0.19635009765625
-0.00879859924316406 -0.0195941925048828 0.05084228515625 0.483551025390625
0.0196571350097656 -0.00544166564941406 -0.235504150390625 0.30328369140625
0.0347557067871094 0.00797843933105469 0.0164718627929688 0.0348377227783203
0.0207023620605469 -0.0127525329589844 0.303558349609375 -0.29461669921875
0.00170040130615234 -0.00971698760986328 -0.02935791015625 -0.529815673828125
-0.0117835998535156 0.00300788879394531 -0.415496826171875 -0.1898193359375
0.00114679336547852 -2.58684158325195E-05 -0.29913330078125 0.2005615234375
0.0128402709960938 -0.000296592712402344 -0.051605224609375 0.270156860351563
0.00493192672729492 -0.00830554962158203 0.129951477050781 0.139007568359375
0.0154323577880859 -0.0133771896362305 0.173126220703125 -0.001708984375
0.0163145065307617 -0.011387825012207 -0.175949096679687 -0.0229644775390625
0.00521039962768555 -0.0077815055847168 -0.123565673828125 -0.16497802734375
0.0120143890380859 0.00152015686035156 0.0522613525390625 -0.268051147460938
0.00370550155639648 0.0080561637878418 0.3099365234375 -0.1929931640625
-0.0178585052490234 0.00214576721191406 0.36309814453125 0.191314697265625
-0.00969696044921875 -0.0183563232421875 0.057464599609375 0.481475830078125
0.0174789428710938 -0.00372886657714844 -0.233642578125 0.30535888671875
0.0320549011230469 0.00830841064453125 0.0137939453125 0.0361747741699219
0.0191326141357422 -0.0113258361816406 0.303863525390625 -0.292938232421875
0.00115108489990234 -0.00891017913818359 -0.02569580078125 -0.53125
-0.0116109848022461 0.00354099273681641 -0.41363525390625 -0.1959228515625
0.00164306163787842 -0.000658273696899414 -0.300537109375 0.19720458984375
0.0133752822875977 -0.000527381896972656 -0.0531005859375 0.2701416015625
0.00446796417236328 -0.00844764709472656 0.128868103027344 0.140449523925781
0.0160541534423828 -0.0155696868896484 0.172470092773437 -0.000366210937500001
0.0154352188110352 -0.0124883651733398 -0.176406860351562 -0.02105712890625
0.00424528121948242 -0.00811910629272461 -0.123367309570312 -0.16375732421875
0.0125274658203125 0.00251388549804688 0.051361083984375 -0.26861572265625
0.00475215911865234 0.00759267807006836 0.3087158203125 -0.196502685546875
-0.0173664093017578 0.00213718414306641 0.36395263671875 0.186737060546875
-0.01019287109375 -0.0169773101806641 0.06024169921875 0.478118896484375
0.0146493911743164 -0.00184726715087891 -0.232513427734375 0.306732177734375
0.028411865234375 0.00952720642089844 0.012451171875 0.0367851257324219
0.016566276550293 -0.00989151000976563 0.305328369140625 -0.291259765625
0.00100564956665039 -0.00774574279785156 -0.0205078125 -0.533233642578125
-0.0112504959106445 0.00316047668457031 -0.412750244140625 -0.201629638671875
0.00124526023864746 -0.000709414482116699 -0.302001953125 0.193389892578125
0.0131206512451172 0.000126838684082031 -0.0544586181640625 0.2694091796875
0.00340557098388672 -0.00873136520385742 0.129501342773438 0.140609741210937
0.01519775390625 -0.0171737670898438 0.172988891601563 0.000686645507812499
0.0155563354492187 -0.0125818252563477 -0.176727294921875 -0.0200958251953125
0.00375699996948242 -0.00787258148193359 -0.122940063476563 -0.163284301757813
0.0132331848144531 0.00325775146484375 0.05133056640625 -0.269302368164063
0.00569486618041992 0.00723886489868164 0.308837890625 -0.19805908203125
-0.0168914794921875 0.00155067443847656 0.365509033203125 0.1839599609375
-0.0103979110717773 -0.0166683197021484 0.064300537109375 0.47705078125
0.0118732452392578 -0.000391006469726563 -0.231231689453125 0.30596923828125
0.0238075256347656 0.0103797912597656 0.0124702453613281 0.0366668701171875
0.0142908096313477 -0.00913715362548828 0.30767822265625 -0.29132080078125
0.000523090362548828 -0.00720691680908203 -0.01885986328125 -0.534759521484375
-0.00984573364257813 0.00238990783691406 -0.411468505859375 -0.202362060546875
0.00245356559753418 -0.000855207443237305 -0.302490234375 0.19110107421875
0.0134563446044922 0.00066375732421875 -0.0545501708984375 0.269119262695313
0.00315761566162109 -0.00801324844360351 0.129776000976563 0.140579223632813
0.0148239135742188 -0.0177135467529297 0.172210693359375 0.0016632080078125
0.0156564712524414 -0.012242317199707 -0.17596435546875 -0.01934814453125
0.00377941131591797 -0.00610017776489258 -0.121124267578125 -0.163589477539063
0.0137090682983398 0.00402927398681641 0.0531005859375 -0.269989013671875
0.00672531127929687 0.00659084320068359 0.30908203125 -0.19708251953125
-0.0159845352172852 0.00119972229003906 0.3668212890625 0.1849365234375
-0.0111894607543945 -0.0158710479736328 0.063385009765625 0.478485107421875
0.00968456268310547 0.000330924987792969 -0.229461669921875 0.304534912109375
0.0210933685302734 0.0111160278320313 0.0150833129882813 0.0355567932128906
0.0115451812744141 -0.00861740112304687 0.3072509765625 -0.293212890625
0.000532150268554687 -0.00750446319580078 -0.02069091796875 -0.536224365234375
-0.00923252105712891 0.00207138061523437 -0.410491943359375 -0.203125
0.00385022163391113 -0.0013270378112793 -0.301422119140625 0.19158935546875
0.0138463973999023 0.00183486938476563 -0.054107666015625 0.268020629882812
0.00240802764892578 -0.0071101188659668 0.129852294921875 0.140419006347656
0.014582633972168 -0.017451286315918 0.171783447265625 0.0024566650390625
0.0157041549682617 -0.0110502243041992 -0.175018310546875 -0.0207061767578125
0.00378084182739258 -0.00543546676635742 -0.119186401367187 -0.164962768554688
0.0140914916992188 0.00525665283203125 0.05621337890625 -0.270263671875
0.00760364532470703 0.0073246955871582 0.313690185546875 -0.19464111328125
-0.0152721405029297 0.000706672668457032 0.365478515625 0.19012451171875
-0.0106029510498047 -0.016871452331543 0.060699462890625 0.480133056640625
0.00812768936157227 0.000863075256347656 -0.229583740234375 0.302734375
0.0181674957275391 0.0114650726318359 0.0175075531005859 0.0339374542236328
0.00960922241210938 -0.00811100006103516 0.307769775390625 -0.2957763671875
0.000491619110107422 -0.00807952880859375 -0.0233154296875 -0.535186767578125
-0.00858736038208008 0.00114917755126953 -0.412384033203125 -0.200714111328125
0.00499963760375977 -0.00132608413696289 -0.29998779296875 0.193603515625
0.0138339996337891 0.00355815887451172 -0.0536651611328125 0.26824951171875
0.00209903717041016 -0.00576448440551758 0.130149841308594 0.139533996582031
0.0139141082763672 -0.0159969329833984 0.171768188476563 0.003662109375
0.0151252746582031 -0.0097808837890625 -0.174148559570313 -0.0223236083984375
0.00516557693481445 -0.00440835952758789 -0.116470336914062 -0.166336059570313
0.0147285461425781 0.00633907318115234 0.0587615966796875 -0.27056884765625
0.00811481475830078 0.00751829147338867 0.313873291015625 -0.191162109375
-0.0148649215698242 -0.000453948974609376 0.365936279296875 0.19525146484375
-0.00969505310058593 -0.0180740356445313 0.057098388671875 0.480133056640625
0.00758075714111328 0.000695228576660156 -0.229248046875 0.30010986328125
0.0168800354003906 0.0117387771606445 0.0217113494873047 0.0326347351074219
0.00934123992919922 -0.00889968872070313 0.305755615234375 -0.298065185546875
0.00044536590576172 -0.00924873352050781 -0.030242919921875 -0.534088134765625
-0.00812149047851562 0.000751495361328124 -0.4146728515625 -0.1949462890625
0.00511598587036133 -0.000715255737304687 -0.298248291015625 0.195709228515625
0.013890266418457 0.00460529327392578 -0.0514984130859375 0.268478393554688
0.00219011306762695 -0.00449562072753906 0.13043212890625 0.138771057128906
0.0131406784057617 -0.0137596130371094 0.171875 0.0040283203125
0.0136499404907227 -0.00715065002441406 -0.173751831054688 -0.022735595703125
0.00591659545898438 -0.00304794311523438 -0.115264892578125 -0.167633056640625
0.014683723449707 0.00739002227783203 0.0617523193359375 -0.270095825195313
0.00822305679321289 0.00793886184692383 0.3170166015625 -0.18524169921875
-0.0147647857666016 -0.00127029418945313 0.3623046875 0.201080322265625
-0.0088348388671875 -0.0199623107910156 0.051910400390625 0.48284912109375
0.00855875015258789 -7.00950622558594E-05 -0.23052978515625 0.29632568359375
0.0174102783203125 0.0111503601074219 0.025909423828125 0.0304603576660156
0.00984859466552734 -0.00967979431152344 0.304534912109375 -0.30157470703125
0.00121784210205078 -0.0101165771484375 -0.0360107421875 -0.53125
-0.00768518447875977 -0.000229358673095704 -0.418212890625 -0.18695068359375
0.00557851791381836 -0.000118255615234375 -0.295166015625 0.20037841796875
0.0144681930541992 0.00518226623535156 -0.048828125 0.26861572265625
0.00290966033935547 -0.00336456298828125 0.131523132324219 0.137802124023438
0.012639045715332 -0.011474609375 0.172653198242188 0.0027618408203125
0.0159149169921875 -0.00975894927978516 -0.175384521484375 -0.021759033203125
0.00624847412109375 -0.00734376907348633 -0.125152587890625 -0.161270141601563
0.012455940246582 0.00255584716796875 0.050018310546875 -0.265655517578125
0.00338983535766602 0.008575439453125 0.306304931640625 -0.191497802734375
-0.0187282562255859 0.00171279907226563 0.3585205078125 0.191192626953125
-0.0086517333984375 -0.0195751190185547 0.056396484375 0.479034423828125
0.019287109375 -0.00550651550292969 -0.230804443359375 0.303466796875
0.0342559814453125 0.00779914855957031 0.0169105529785156 0.0341415405273437
0.0201148986816406 -0.0120792388916016 0.297027587890625 -0.296539306640625
0.00206756591796875 -0.00905132293701172 -0.035736083984375 -0.524932861328125
-0.0114173889160156 0.00318241119384766 -0.41436767578125 -0.18414306640625
0.00102096796035767 -1.08480453491211E-05 -0.293365478515625 0.20269775390625
0.0130605697631836 -0.000863075256347656 -0.0472564697265625 0.268951416015625
0.00434160232543945 -0.00801277160644531 0.131134033203125 0.135726928710937
0.0150909423828125 -0.0140514373779297 0.171859741210937 -0.00469970703125
0.0161876678466797 -0.0112714767456055 -0.175247192382813 -0.0204315185546875
0.00462579727172852 -0.00752973556518555 -0.125595092773438 -0.161163330078125
0.0126333236694336 0.00236988067626953 0.04766845703125 -0.2669677734375
0.00345516204833984 0.00745534896850586 0.304290771484375 -0.19580078125
-0.0181961059570313 0.00213050842285156 0.36199951171875 0.18499755859375
-0.00949859619140625 -0.0186767578125 0.061981201171875 0.47686767578125
0.0167684555053711 -0.00424575805664062 -0.2283935546875 0.304290771484375
0.0316047668457031 0.00841712951660156 0.01348876953125 0.0350933074951172
0.0183391571044922 -0.0112705230712891 0.296722412109375 -0.293853759765625
0.00143718719482422 -0.00840044021606445 -0.0313720703125 -0.52618408203125
-0.0114688873291016 0.00359535217285156 -0.412628173828125 -0.188507080078125
0.000750839710235596 -0.000417709350585938 -0.295867919921875 0.1993408203125
0.0133323669433594 -0.000799179077148438 -0.04840087890625 0.268692016601563
0.00375080108642578 -0.00855684280395508 0.130599975585938 0.137565612792969
0.0150127410888672 -0.0165424346923828 0.171737670898438 -0.002777099609375
0.0160932540893555 -0.0124740600585938 -0.1761474609375 -0.0179443359375
0.00418281555175781 -0.00739908218383789 -0.125656127929688 -0.159805297851562
0.0128974914550781 0.00210475921630859 0.0462493896484375 -0.266998291015625
0.00451231002807617 0.00735616683959961 0.303314208984375 -0.19830322265625
-0.0175971984863281 0.00237846374511719 0.363189697265625 0.179107666015625
-0.00989723205566406 -0.0169496536254883 0.064727783203125 0.473785400390625
0.0141324996948242 -0.002044677734375 -0.226806640625 0.30596923828125
0.0276165008544922 0.00920295715332031 0.011505126953125 0.0352859497070313
0.0163145065307617 -0.00967025756835938 0.3009033203125 -0.29193115234375
0.000806808471679688 -0.00726699829101563 -0.027099609375 -0.527252197265625
-0.0111303329467773 0.00350284576416016 -0.4114990234375 -0.19384765625
0.00203609466552734 -0.00110495090484619 -0.296417236328125 0.196258544921875
0.013697624206543 -0.000415802001953125 -0.050048828125 0.267227172851563
0.00293397903442383 -0.00878143310546875 0.130378723144531 0.1375732421875
0.0148553848266602 -0.0172843933105469 0.172134399414062 -0.0016326904296875
0.0152454376220703 -0.0125818252563477 -0.175750732421875 -0.0171356201171875
0.00332880020141602 -0.00694036483764648 -0.124298095703125 -0.159927368164062
0.0130424499511719 0.00316047668457031 0.0467529296875 -0.267684936523438
0.00515604019165039 0.00713253021240234 0.3028564453125 -0.20068359375
-0.0167303085327148 0.00236034393310547 0.365386962890625 0.178070068359375
-0.0105123519897461 -0.0159616470336914 0.0679016113281249 0.472320556640625
0.0125093460083008 -0.000967025756835938 -0.225433349609375 0.3060302734375
0.0242214202880859 0.00971412658691406 0.0127716064453125 0.0351066589355469
0.0130987167358398 -0.00848007202148437 0.301605224609375 -0.292999267578125
0.000656604766845704 -0.00690507888793945 -0.025665283203125 -0.528106689453125
-0.0105409622192383 0.00318527221679687 -0.41064453125 -0.196044921875
0.00245070457458496 -0.00165319442749023 -0.297332763671875 0.19464111328125
0.0139856338500977 0.000400543212890625 -0.050048828125 0.267547607421875
0.00278902053833008 -0.00828933715820313 0.130645751953125 0.137763977050781
0.0141086578369141 -0.0182933807373047 0.171707153320313 -0.000808715820312501
0.0149002075195313 -0.0120429992675781 -0.175445556640625 -0.016998291015625
0.00368356704711914 -0.00658082962036133 -0.123703002929688 -0.16015625
0.0141277313232422 0.00383663177490234 0.0486907958984375 -0.268585205078125
0.00662326812744141 0.00651454925537109 0.30511474609375 -0.200164794921875
-0.0158758163452148 0.00176143646240234 0.36541748046875 0.179901123046875
-0.0108127593994141 -0.0162162780761719 0.068756103515625 0.4735107421875
0.00999355316162109 7.53402709960938E-05 -0.224365234375 0.303466796875
0.0208053588867188 0.0104732513427734 0.0146331787109375 0.0342254638671875
0.0110206604003906 -0.00817680358886719 0.301300048828125 -0.2933349609375
0.000311851501464844 -0.00722980499267578 -0.026458740234375 -0.5308837890625
-0.00940132141113281 0.00252342224121094 -0.4111328125 -0.196075439453125
0.00360393524169922 -0.00123047828674316 -0.29644775390625 0.194488525390625
0.0137128829956055 0.00140762329101563 -0.0499420166015625 0.266815185546875
0.00204849243164062 -0.00688409805297852 0.130958557128906 0.137275695800781
0.0136547088623047 -0.0178604125976562 0.171661376953125 0.000762939453124999
0.0148706436157227 -0.0109758377075195 -0.174575805664063 -0.0168914794921875
0.00442171096801758 -0.00523757934570312 -0.120758056640625 -0.162033081054687
0.0145015716552734 0.00513362884521484 0.0511322021484375 -0.268402099609375
0.00755405426025391 0.00709009170532227 0.306671142578125 -0.196807861328125
-0.0156259536743164 0.000721931457519532 0.364471435546875 0.183074951171875
-0.0101461410522461 -0.0169963836669922 0.06610107421875 0.475250244140625
0.00822591781616211 0.000736713409423828 -0.224609375 0.301849365234375
0.0177326202392578 0.0111045837402344 0.0172748565673828 0.0330314636230469
0.009002685546875 -0.00809097290039063 0.3006591796875 -0.296417236328125
0.000289440155029298 -0.00777769088745117 -0.030548095703125 -0.5299072265625
-0.0086979866027832 0.00129842758178711 -0.411865234375 -0.19415283203125
0.00419878959655762 -0.0014493465423584 -0.29510498046875 0.1954345703125
0.0138788223266602 0.00277996063232422 -0.04937744140625 0.2677001953125
0.00187873840332031 -0.00558900833129883 0.131195068359375 0.136894226074219
0.0129976272583008 -0.0165691375732422 0.170852661132813 0.000610351562499999
0.0147800445556641 -0.00941753387451172 -0.173812866210938 -0.0185699462890625
0.00554418563842773 -0.00458145141601563 -0.118560791015625 -0.162445068359375
0.0149955749511719 0.00619792938232422 0.0540313720703125 -0.269363403320313
0.00776290893554688 0.0075535774230957 0.307830810546875 -0.193359375
-0.0150547027587891 -0.000160217285156249 0.364654541015625 0.18865966796875
-0.0100421905517578 -0.0174427032470703 0.06292724609375 0.47479248046875
0.00758075714111328 0.000601768493652344 -0.224090576171875 0.298614501953125
0.0169305801391602 0.0114955902099609 0.0212821960449219 0.0314388275146484
0.00839948654174805 -0.00872421264648438 0.298828125 -0.2998046875
0.000277996063232421 -0.00853967666625977 -0.03680419921875 -0.528900146484375
-0.00787591934204102 0.000329971313476561 -0.413970947265625 -0.188629150390625
0.00512790679931641 -0.00110721588134766 -0.2930908203125 0.198150634765625
0.013707160949707 0.00423622131347656 -0.047149658203125 0.267074584960938
0.00214743614196777 -0.00437736511230469 0.130966186523438 0.136077880859375
0.0127449035644531 -0.0141086578369141 0.171035766601563 0.0014495849609375
0.0133867263793945 -0.00752639770507813 -0.173660278320313 -0.0198822021484375
0.00558948516845703 -0.00286006927490234 -0.116928100585938 -0.164382934570313
0.0153589248657227 0.00741386413574219 0.0563507080078125 -0.268539428710937
0.00815868377685547 0.00751304626464844 0.310943603515625 -0.18780517578125
-0.0148591995239258 -0.0012359619140625 0.361846923828125 0.1947021484375
-0.00913238525390625 -0.0198593139648437 0.057037353515625 0.4774169921875
0.00807476043701172 -0.000353813171386719 -0.224609375 0.2960205078125
0.0174226760864258 0.0107412338256836 0.0255413055419922 0.0296268463134766
0.00847816467285156 -0.00983810424804688 0.2974853515625 -0.303314208984375
0.000919342041015625 -0.00991725921630859 -0.04254150390625 -0.52520751953125
-0.00777435302734375 0.000251293182373046 -0.416778564453125 -0.179107666015625
0.00515937805175781 -0.000331878662109375 -0.290283203125 0.2025146484375
0.0140485763549805 0.00458335876464844 -0.04443359375 0.26708984375
0.00308537483215332 -0.0031890869140625 0.132537841796875 0.1341552734375
0.0128202438354492 -0.0117454528808594 0.171875 -0.000198364257812501
0.0156078338623047 -0.00937366485595703 -0.1746826171875 -0.018707275390625
0.00620603561401367 -0.00680732727050781 -0.126083374023437 -0.158340454101563
0.0129470825195312 0.00232696533203125 0.0455780029296875 -0.263504028320313
0.00290346145629883 0.00811958312988281 0.300201416015625 -0.1922607421875
-0.0184383392333984 0.00253105163574219 0.356719970703125 0.184814453125
-0.008392333984375 -0.0194931030273437 0.060272216796875 0.47393798828125
0.0196247100830078 -0.0056610107421875 -0.224639892578125 0.300933837890625
0.0341529846191406 0.00748825073242187 0.0166301727294922 0.0327777862548828
0.0200309753417969 -0.0127429962158203 0.290985107421875 -0.297119140625
0.00189590454101562 -0.00887489318847656 -0.0415039062500001 -0.51837158203125
-0.0112581253051758 0.00328922271728516 -0.412200927734375 -0.177642822265625
0.000400513410568237 -8.92579555511475E-05 -0.288238525390625 0.20428466796875
0.0129051208496094 -0.000855445861816406 -0.0430450439453125 0.267440795898438
0.00423622131347656 -0.00881099700927734 0.131027221679688 0.133270263671875
0.0143699645996094 -0.0144481658935547 0.170623779296875 -0.0066680908203125
0.0161371231079102 -0.0116519927978516 -0.175262451171875 -0.0174713134765625
0.00496530532836914 -0.00713109970092773 -0.126251220703125 -0.157012939453125
0.0127477645874023 0.00161361694335937 0.04290771484375 -0.2642822265625
0.00331783294677734 0.00731039047241211 0.298736572265625 -0.196014404296875
-0.0182228088378906 0.00294113159179687 0.360443115234375 0.178924560546875
-0.00900077819824219 -0.0181045532226562 0.0665283203125 0.471099853515625
0.017216682434082 -0.00419712066650391 -0.223541259765625 0.30389404296875
0.0314712524414063 0.00777626037597656 0.0136547088623047 0.0339202880859375
0.0176944732666016 -0.0108299255371094 0.29095458984375 -0.294342041015625
0.00176429748535156 -0.00783729553222656 -0.0369873046875 -0.5213623046875
-0.0108976364135742 0.00350570678710937 -0.4097900390625 -0.183013916015625
0.000249624252319336 -0.000901222229003906 -0.289947509765625 0.200531005859375
0.0131893157958984 -0.000760078430175781 -0.044952392578125 0.267379760742188
0.00410890579223633 -0.00876808166503906 0.130653381347656 0.134468078613281
0.0149831771850586 -0.0163459777832031 0.170745849609375 -0.005615234375
0.0155925750732422 -0.0125532150268555 -0.175018310546875 -0.0154266357421875
0.00435018539428711 -0.00775671005249023 -0.127105712890625 -0.156707763671875
0.0129823684692383 0.00237369537353516 0.0419464111328125 -0.264633178710938
0.00442314147949219 0.0066232681274414 0.29705810546875 -0.199615478515625
-0.0175933837890625 0.00303840637207031 0.36126708984375 0.17559814453125
-0.0107297897338867 -0.0167112350463867 0.0691833496093749 0.468841552734375
0.0144815444946289 -0.00281620025634766 -0.221527099609375 0.304443359375
0.0277442932128906 0.0085601806640625 0.0116386413574219 0.0347728729248047
0.0154857635498047 -0.00972270965576172 0.293731689453125 -0.292236328125
0.00107336044311523 -0.00696277618408203 -0.0328369140625 -0.522674560546875
-0.0107421875 0.00378704071044922 -0.408447265625 -0.186920166015625
0.00106298923492432 -0.00130343437194824 -0.292022705078125 0.197906494140625
0.0134353637695313 -0.000748634338378906 -0.045989990234375 0.26593017578125
0.00277137756347656 -0.00877666473388672 0.130729675292969 0.134513854980469
0.0139865875244141 -0.0173912048339844 0.170913696289063 -0.0045013427734375
0.0151462554931641 -0.0130558013916016 -0.174423217773437 -0.0140838623046875
0.00382518768310547 -0.00667238235473633 -0.125411987304688 -0.156875610351563
0.0139837265014648 0.00262737274169922 0.0425262451171875 -0.264938354492188
0.00561285018920898 0.00697183609008789 0.296783447265625 -0.202178955078125
-0.0163583755493164 0.00285148620605469 0.36322021484375 0.173095703125
-0.0107173919677734 -0.0162696838378906 0.07220458984375 0.46661376953125
0.0118942260742188 -0.000985145568847656 -0.221954345703125 0.304229736328125
0.0234622955322266 0.00995254516601563 0.0125827789306641 0.0344448089599609
0.0126056671142578 -0.00908946990966797 0.294586181640625 -0.292633056640625
0.000926017761230468 -0.00653982162475586 -0.03057861328125 -0.523681640625
-0.0105762481689453 0.00300216674804688 -0.4072265625 -0.1900634765625
0.00215029716491699 -0.00142371654510498 -0.292510986328125 0.195831298828125
0.0136327743530273 0.000178337097167969 -0.04656982421875 0.265457153320313
0.00273704528808594 -0.00820255279541016 0.131240844726563 0.135490417480469
0.0136070251464844 -0.0181007385253906 0.170562744140625 -0.003326416015625
0.0144777297973633 -0.0127058029174805 -0.17437744140625 -0.0139007568359375
0.00366020202636719 -0.0056452751159668 -0.124496459960937 -0.157012939453125
0.0142641067504883 0.00416755676269531 0.04437255859375 -0.266510009765625
0.00651884078979492 0.0067906379699707 0.29925537109375 -0.20098876953125
-0.0161371231079102 0.00175857543945313 0.362701416015625 0.173797607421875
-0.010890007019043 -0.0160207748413086 0.0714111328125 0.46734619140625
0.00964164733886719 9.25064086914063E-05 -0.219512939453125 0.302459716796875
0.02020263671875 0.0105247497558594 0.0144100189208984 0.0335063934326172
0.0103683471679688 -0.0077056884765625 0.2958984375 -0.293914794921875
0.000488758087158203 -0.0069584846496582 -0.03173828125 -0.5242919921875
-0.00907802581787109 0.00234413146972656 -0.407745361328125 -0.190032958984375
0.00303506851196289 -0.00191044807434082 -0.291168212890625 0.19561767578125
0.0135412216186523 0.0009613037109375 -0.046356201171875 0.265167236328125
0.00227785110473633 -0.00706148147583008 0.131546020507813 0.134300231933594
0.0126075744628906 -0.0178623199462891 0.169967651367187 -0.002105712890625
0.0146665573120117 -0.0109443664550781 -0.173370361328125 -0.0144500732421875
0.00460004806518555 -0.0051884651184082 -0.121902465820313 -0.158126831054688
0.0149021148681641 0.00574493408203125 0.04644775390625 -0.26666259765625
0.00749444961547852 0.00706291198730469 0.2998046875 -0.1988525390625
-0.0156936645507813 0.00154685974121093 0.362884521484375 0.177886962890625
-0.010096549987793 -0.0165004730224609 0.070037841796875 0.469207763671875
0.00843143463134766 0.000423908233642578 -0.218658447265625 0.300201416015625
0.0178585052490234 0.0110206604003906 0.0175762176513672 0.0319786071777344
0.00879573822021484 -0.00807857513427734 0.293701171875 -0.295989990234375
0.000362396240234375 -0.00716543197631836 -0.0355224609375 -0.524810791015625
-0.00838661193847656 0.00143146514892578 -0.409149169921875 -0.18731689453125
0.00408744812011719 -0.00156402587890625 -0.29010009765625 0.197540283203125
0.0139169692993164 0.00249385833740234 -0.0457763671875 0.265457153320313
0.00197410583496094 -0.00558662414550781 0.13177490234375 0.133766174316406
0.012913703918457 -0.0168027877807617 0.170196533203125 -0.001556396484375
0.0142097473144531 -0.00963401794433594 -0.172744750976562 -0.0168609619140625
0.0056309700012207 -0.00394678115844727 -0.120010375976562 -0.159576416015625
0.0154628753662109 0.00602149963378906 0.0500335693359375 -0.267608642578125
0.0076909065246582 0.00705718994140625 0.303619384765625 -0.19512939453125
-0.0150823593139648 0.000119209289550782 0.362335205078125 0.18316650390625
-0.0098876953125 -0.0175933837890625 0.06719970703125 0.470703125
0.00754594802856445 0.000334262847900391 -0.2203369140625 0.297943115234375
0.0163784027099609 0.0115299224853516 0.0212650299072266 0.0304737091064453
0.00823402404785156 -0.00868844985961914 0.293487548828125 -0.2987060546875
0.000597476959228516 -0.00863218307495117 -0.0416259765625 -0.522735595703125
-0.00782442092895508 0.000893115997314452 -0.41156005859375 -0.182098388671875
0.00495195388793945 -0.000975131988525391 -0.288360595703125 0.20068359375
0.0138044357299805 0.00380134582519531 -0.043182373046875 0.265472412109375
0.00234365463256836 -0.00453662872314453 0.132011413574219 0.133308410644531
0.0122871398925781 -0.0142316818237305 0.170089721679688 -0.001220703125
0.0132541656494141 -0.00788688659667969 -0.172744750976563 -0.0172882080078125
0.00575685501098633 -0.00255966186523437 -0.118896484375 -0.160690307617188
0.0153465270996094 0.00743961334228516 0.05224609375 -0.266998291015625
0.00762176513671875 0.00731992721557617 0.305206298828125 -0.189300537109375
-0.0149354934692383 -0.000488281249999999 0.3599853515625 0.189544677734375
-0.00907516479492187 -0.019439697265625 0.061737060546875 0.472503662109375
0.00825166702270508 -0.000600337982177734 -0.2198486328125 0.29425048828125
0.0168113708496094 0.0106182098388672 0.0251426696777344 0.0283756256103516
0.00828361511230469 -0.00964450836181641 0.291656494140625 -0.302734375
0.00118350982666016 -0.00954151153564453 -0.048095703125 -0.519256591796875
-0.0072779655456543 0.000221252441406249 -0.4134521484375 -0.17388916015625
0.00487136840820312 -0.000782012939453125 -0.284912109375 0.203765869140625
0.0142631530761719 0.00439834594726563 -0.040924072265625 0.265289306640625
0.00276684761047363 -0.00325942039489746 0.132705688476563 0.131950378417969
0.0120143890380859 -0.0122547149658203 0.170822143554688 -0.0023651123046875
0.0157890319824219 -0.00961112976074219 -0.172988891601563 -0.01617431640625
0.00609207153320313 -0.00693893432617188 -0.126800537109375 -0.155059814453125
0.0128583908081055 0.00143909454345703 0.042022705078125 -0.261566162109375
0.00275516510009766 0.00848007202148438 0.29534912109375 -0.19378662109375
-0.018585205078125 0.00263786315917969 0.354034423828125 0.181060791015625
-0.00808906555175781 -0.0190753936767578 0.0623779296875 0.4697265625
0.0190181732177734 -0.00565719604492188 -0.22119140625 0.299468994140625
0.0334625244140625 0.00688934326171875 0.0162448883056641 0.0319728851318359
0.0190830230712891 -0.0122413635253906 0.285675048828125 -0.29449462890625
0.00233268737792969 -0.00846004486083984 -0.043975830078125 -0.5123291015625
-0.0111427307128906 0.00383663177490234 -0.408416748046875 -0.171051025390625
-9.67085361480712E-05 -0.000333130359649658 -0.283782958984375 0.205169677734375
0.0127696990966797 -0.00136566162109375 -0.0405120849609375 0.264556884765625
0.00400686264038086 -0.00837039947509766 0.132034301757813 0.130302429199219
0.0141658782958984 -0.0142812728881836 0.16998291015625 -0.0086822509765625
0.0161304473876953 -0.0114660263061523 -0.17327880859375 -0.015045166015625
0.00554943084716797 -0.00760746002197266 -0.127487182617188 -0.15423583984375
0.0128469467163086 0.00194358825683594 0.039581298828125 -0.26129150390625
0.00355243682861328 0.00753927230834961 0.292724609375 -0.19720458984375
-0.0184097290039063 0.00334739685058594 0.3565673828125 0.17425537109375
-0.00947380065917969 -0.0178737640380859 0.069000244140625 0.467010498046875
0.0168285369873047 -0.00423431396484375 -0.21875 0.302093505859375
0.0310192108154297 0.0078125 0.0133476257324219 0.0329513549804688
0.0178241729736328 -0.0108051300048828 0.285491943359375 -0.292938232421875
0.00149106979370117 -0.00775051116943359 -0.041229248046875 -0.51416015625
-0.0106945037841797 0.00372886657714844 -0.406982421875 -0.17706298828125
0.000726461410522461 -0.000992119312286377 -0.28564453125 0.201751708984375
0.0132045745849609 -0.00142765045166016 -0.0420989990234375 0.26470947265625
0.00363588333129883 -0.00857162475585938 0.131004333496094 0.131263732910156
0.0141258239746094 -0.016240119934082 0.170028686523438 -0.007171630859375
0.0153017044067383 -0.0127973556518555 -0.174072265625 -0.0127716064453125
0.004486083984375 -0.00765562057495117 -0.127304077148437 -0.153152465820313
0.0132017135620117 0.00189113616943359 0.0388031005859375 -0.26177978515625
0.00436019897460937 0.00737428665161133 0.2913818359375 -0.2010498046875
-0.0176334381103516 0.00266265869140625 0.35821533203125 0.170379638671875
-0.00987625122070313 -0.0166616439819336 0.0720520019531251 0.463592529296875
0.0148029327392578 -0.00280475616455078 -0.2181396484375 0.302459716796875
0.0275783538818359 0.00863265991210937 0.0121688842773437 0.03375244140625
0.0151176452636719 -0.00936698913574219 0.28839111328125 -0.291595458984375
0.000607490539550781 -0.00719928741455078 -0.037078857421875 -0.5159912109375
-0.0105133056640625 0.00409793853759766 -0.405975341796875 -0.183258056640625
0.00104022026062012 -0.00135695934295654 -0.286651611328125 0.1981201171875
0.0132923126220703 -0.000774383544921875 -0.042877197265625 0.263504028320312
0.00284862518310547 -0.00902271270751953 0.131248474121094 0.131858825683594
0.0139522552490234 -0.0180377960205078 0.169784545898438 -0.0063629150390625
0.0148019790649414 -0.0128278732299805 -0.17388916015625 -0.01202392578125
0.00386428833007813 -0.00646114349365235 -0.126571655273438 -0.154159545898437
0.0137729644775391 0.00229167938232422 0.038604736328125 -0.26287841796875
0.00514888763427734 0.00702333450317383 0.29150390625 -0.201202392578125
-0.017059326171875 0.00261497497558594 0.35986328125 0.168121337890625
-0.0104780197143555 -0.0158910751342773 0.074676513671875 0.462646484375
0.0119428634643555 -0.00138378143310547 -0.216949462890625 0.303497314453125
0.0234413146972656 0.00970458984375 0.0121631622314453 0.0334224700927734
0.012054443359375 -0.00830078125 0.289459228515625 -0.291229248046875
0.000878334045410157 -0.00629520416259766 -0.03466796875 -0.5167236328125
-0.00985431671142578 0.0034322738647461 -0.405487060546875 -0.185089111328125
0.00203859806060791 -0.00163495540618897 -0.28753662109375 0.19671630859375
0.0134859085083008 -0.000421524047851563 -0.04327392578125 0.262832641601563
0.00258064270019531 -0.00824785232543945 0.131767272949219 0.131660461425781
0.0131492614746094 -0.0184650421142578 0.169570922851563 -0.0048370361328125
0.01434326171875 -0.012639045715332 -0.172988891601563 -0.01165771484375
0.00410079956054688 -0.00542879104614258 -0.125457763671875 -0.15374755859375
0.0144863128662109 0.00368499755859375 0.0404052734375 -0.263320922851563
0.00642681121826172 0.00689888000488281 0.29296875 -0.2021484375
-0.0163002014160156 0.00236892700195312 0.360870361328125 0.169952392578125
-0.0101795196533203 -0.0157203674316406 0.0750427246093751 0.462799072265625
0.00955581665039063 -0.000248908996582031 -0.215667724609375 0.300872802734375
0.0197944641113281 0.0101242065429688 0.0141086578369141 0.0322055816650391
0.00972938537597656 -0.00797176361083984 0.2901611328125 -0.293212890625
0.000434875488281249 -0.00655841827392578 -0.036468505859375 -0.51861572265625
-0.00897026062011719 0.00294685363769531 -0.406005859375 -0.183990478515625
0.00244688987731934 -0.00131726264953613 -0.286163330078125 0.196807861328125
0.0138492584228516 0.000787734985351563 -0.0433197021484375 0.263259887695313
0.00226831436157227 -0.00728559494018555 0.131767272949219 0.131698608398438
0.0126380920410156 -0.0182590484619141 0.169082641601563 -0.0037689208984375
0.014439582824707 -0.0113201141357422 -0.172470092773438 -0.0124969482421875
0.00454235076904297 -0.00477075576782227 -0.122894287109375 -0.15533447265625
0.0151300430297852 0.00505161285400391 0.042633056640625 -0.2637939453125
0.00692415237426758 0.00664377212524414 0.295074462890625 -0.1990966796875
-0.0153532028198242 0.00171470642089844 0.359954833984375 0.173248291015625
-0.0101385116577148 -0.0164003372192383 0.071685791015625 0.463897705078125
0.00860357284545898 0.000599384307861328 -0.2154541015625 0.29949951171875
0.0174045562744141 0.0109310150146484 0.0168895721435547 0.0311546325683594
0.00827217102050781 -0.00770902633666992 0.28924560546875 -0.29541015625
4.4345855712891E-05 -0.00714635848999023 -0.03875732421875 -0.51806640625
-0.00813579559326172 0.00162553787231445 -0.40673828125 -0.182037353515625
0.00387144088745117 -0.00169897079467773 -0.285186767578125 0.1981201171875
0.0142955780029297 0.00227928161621094 -0.04248046875 0.262741088867188
0.00199508666992188 -0.00568246841430664 0.132400512695313 0.131080627441406
0.0125494003295898 -0.0170078277587891 0.16888427734375 -0.003692626953125
0.0140237808227539 -0.00961685180664063 -0.171966552734375 -0.01416015625
0.00578165054321289 -0.00411081314086914 -0.120712280273437 -0.156585693359375
0.0154361724853516 0.00619602203369141 0.0458831787109375 -0.2652587890625
0.00746631622314453 0.00733518600463867 0.297760009765625 -0.195709228515625
-0.0157947540283203 0.000742912292480469 0.359161376953125 0.177398681640625
-0.00962638854980469 -0.0176353454589844 0.07000732421875 0.465728759765625
0.00772237777709961 0.000140666961669922 -0.215118408203125 0.296356201171875
0.015742301940918 0.0111017227172852 0.0205764770507813 0.0297164916992188
0.00772666931152344 -0.00813198089599609 0.2886962890625 -0.297607421875
6.29425048828126E-05 -0.0083622932434082 -0.045135498046875 -0.517059326171875
-0.00751686096191406 0.000990867614746093 -0.40911865234375 -0.176788330078125
0.00443029403686523 -0.00195884704589844 -0.283233642578125 0.200958251953125
0.0136699676513672 0.00338363647460938 -0.0405120849609375 0.26300048828125
0.00206995010375977 -0.00461483001708984 0.13177490234375 0.130516052246094
0.0123062133789063 -0.0148277282714844 0.169662475585938 -0.00323486328125
0.0129604339599609 -0.00775527954101563 -0.171630859375 -0.014892578125
0.00616168975830078 -0.0025935173034668 -0.119873046875 -0.15802001953125
0.0156173706054688 0.00685024261474609 0.0488433837890625 -0.264358520507813
0.00730657577514648 0.00760364532470703 0.29998779296875 -0.1905517578125
-0.015416145324707 -0.000231742858886717 0.356231689453125 0.184326171875
-0.00885581970214844 -0.0189018249511719 0.064697265625 0.46600341796875
0.00822687149047852 -0.000640869140625 -0.216217041015625 0.293731689453125
0.0168495178222656 0.0104494094848633 0.0245494842529297 0.0274200439453125
0.00779056549072266 -0.00898075103759766 0.286102294921875 -0.300933837890625
0.000844001770019532 -0.00926971435546875 -0.0511474609375 -0.5150146484375
-0.00699710845947266 0.000786781311035157 -0.411224365234375 -0.168212890625
0.00455808639526367 -0.00112009048461914 -0.279693603515625 0.204483032226563
0.0140609741210938 0.00377941131591797 -0.0375823974609375 0.263427734375
0.00251603126525879 -0.00328207015991211 0.13336181640625 0.128768920898438
0.0115499496459961 -0.0122842788696289 0.169876098632813 -0.00408935546875
0.0154237747192383 -0.00954914093017578 -0.17181396484375 -0.014312744140625
0.00633668899536133 -0.00690984725952148 -0.127044677734375 -0.151779174804687
0.0128068923950195 0.00124549865722656 0.0388641357421875 -0.258636474609375
0.00223684310913086 0.00830316543579102 0.288970947265625 -0.193450927734375
-0.0186710357666016 0.00339508056640625 0.351959228515625 0.177642822265625
-0.00775337219238282 -0.0188827514648438 0.0655822753906251 0.4649658203125
0.0186004638671875 -0.00565719604492188 -0.219268798828125 0.29754638671875
0.0333023071289063 0.00672340393066406 0.0157833099365234 0.0310249328613281
0.0192737579345703 -0.0117073059082031 0.280548095703125 -0.29461669921875
0.00227022171020508 -0.00846767425537109 -0.04730224609375 -0.5059814453125
-0.0111761093139648 0.00421428680419922 -0.405303955078125 -0.1673583984375
-0.000194430351257324 -0.000648975372314453 -0.27923583984375 0.205184936523438
0.0124320983886719 -0.00172519683837891 -0.037384033203125 0.262344360351563
0.00398159027099609 -0.00867557525634766 0.131309509277344 0.127578735351563
0.0133695602416992 -0.0146341323852539 0.1685791015625 -0.01055908203125
0.0153703689575195 -0.011662483215332 -0.171737670898438 -0.012786865234375
0.0051116943359375 -0.00721883773803711 -0.127670288085938 -0.151153564453125
0.0131502151489258 0.00119972229003906 0.0366973876953125 -0.259124755859375
0.00330972671508789 0.00780105590820312 0.28668212890625 -0.1966552734375
-0.0182342529296875 0.00368118286132813 0.3538818359375 0.170806884765625
-0.00914192199707031 -0.0172443389892578 0.0714111328124999 0.461334228515625
0.0167055130004883 -0.00470447540283203 -0.216064453125 0.299285888671875
0.0304756164550781 0.0072479248046875 0.0128707885742188 0.0324344635009766
0.0170660018920898 -0.0104923248291016 0.28125 -0.291839599609375
0.00169658660888672 -0.00714683532714844 -0.043304443359375 -0.508453369140625
-0.0105352401733398 0.00432109832763672 -0.40435791015625 -0.17303466796875
-0.000335156917572021 -0.000956535339355469 -0.281494140625 0.201690673828125
0.0128459930419922 -0.00139522552490234 -0.0391387939453125 0.26251220703125
0.00349283218383789 -0.00861549377441406 0.131088256835938 0.129371643066406
0.0134344100952148 -0.0163183212280273 0.168350219726562 -0.0087890625
0.0148029327392578 -0.012883186340332 -0.172760009765625 -0.0110626220703125
0.00484561920166016 -0.00679826736450195 -0.128387451171875 -0.150054931640625
0.0137062072753906 0.00184249877929688 0.0353851318359375 -0.259307861328125
0.00433874130249023 0.00688362121582031 0.28668212890625 -0.199951171875
-0.0175447463989258 0.00363826751708984 0.35565185546875 0.16607666015625
-0.00996112823486328 -0.0161962509155273 0.0755615234375 0.4591064453125
0.0142641067504883 -0.00293636322021484 -0.215118408203125 0.30023193359375
0.0269107818603516 0.008636474609375 0.0113353729248047 0.0328388214111328
0.0144758224487305 -0.00989913940429688 0.284149169921875 -0.290374755859375
0.00108242034912109 -0.00608539581298828 -0.039154052734375 -0.510650634765625
-0.0101652145385742 0.00409889221191406 -0.403411865234375 -0.17657470703125
0.00063169002532959 -0.00117039680480957 -0.281463623046875 0.197845458984375
0.0127906799316406 -0.00168704986572266 -0.0404510498046875 0.26129150390625
0.00307321548461914 -0.00864315032958984 0.131645202636719 0.129158020019531
0.0130691528320312 -0.0178508758544922 0.168121337890625 -0.0079803466796875
0.0144500732421875 -0.0131092071533203 -0.172195434570313 -0.00982666015624997
0.00392675399780273 -0.00591230392456055 -0.126937866210937 -0.15087890625
0.0143928527832031 0.00242900848388672 0.0357818603515625 -0.25958251953125
0.00509309768676758 0.00713300704956055 0.2864990234375 -0.201751708984375
-0.0168180465698242 0.00344657897949219 0.356964111328125 0.16448974609375
-0.00977516174316406 -0.0156583786010742 0.076171875 0.457794189453125
0.0116653442382812 -0.00121498107910156 -0.213623046875 0.30010986328125
0.0228118896484375 0.00919723510742188 0.0118160247802734 0.0328731536865234
0.011993408203125 -0.00798797607421875 0.285797119140625 -0.289398193359375
0.000785350799560547 -0.00558233261108398 -0.03607177734375 -0.511322021484375
-0.00965023040771484 0.00367641448974609 -0.402099609375 -0.180511474609375
0.00185346603393555 -0.00185692310333252 -0.281982421875 0.19708251953125
0.0133876800537109 -0.000736236572265625 -0.040496826171875 0.261016845703125
0.00238895416259766 -0.00868940353393555 0.131256103515625 0.129508972167969
0.0126190185546875 -0.0180606842041016 0.168197631835938 -0.006378173828125
0.0145692825317383 -0.0125331878662109 -0.171676635742188 -0.00967407226562502
0.00374460220336914 -0.00555133819580078 -0.125473022460938 -0.150726318359375
0.0147171020507813 0.00335884094238281 0.0378265380859375 -0.261093139648438
0.00626945495605469 0.00661754608154297 0.287994384765625 -0.201446533203125
-0.0158872604370117 0.00272560119628906 0.357666015625 0.166351318359375
-0.0104236602783203 -0.0158576965332031 0.077423095703125 0.458282470703125
0.00960636138916016 -0.000432014465332031 -0.213226318359375 0.298004150390625
0.0194492340087891 0.0101432800292969 0.0135345458984375 0.0316886901855469
0.00976753234863281 -0.00747394561767578 0.284637451171875 -0.2913818359375
0.000382423400878906 -0.00603437423706055 -0.037628173828125 -0.5120849609375
-0.00870656967163086 0.00301694869995117 -0.4022216796875 -0.178955078125
0.00240373611450195 -0.00204086303710938 -0.281982421875 0.197052001953125
0.0140142440795898 0.000443458557128906 -0.0408477783203125 0.260726928710938
0.00220060348510742 -0.0072021484375 0.131576538085937 0.129096984863281
0.0121574401855469 -0.0182895660400391 0.167648315429688 -0.005523681640625
0.01422119140625 -0.0108766555786133 -0.171646118164063 -0.0102996826171875
0.00512266159057617 -0.00452518463134766 -0.123489379882813 -0.152420043945313
0.0154075622558594 0.00485610961914063 0.03973388671875 -0.261672973632813
0.00738286972045898 0.0066986083984375 0.2901611328125 -0.19879150390625
-0.0157375335693359 0.00216484069824219 0.357391357421875 0.169403076171875
-0.00994396209716797 -0.0162582397460938 0.0744628906250001 0.459564208984375
0.00829601287841797 -9.44137573242188E-05 -0.2120361328125 0.297210693359375
0.0168914794921875 0.0106973648071289 0.0166606903076172 0.0300102233886719
0.00791025161743164 -0.00734233856201172 0.283843994140625 -0.29412841796875
0.000304698944091797 -0.00719594955444336 -0.041168212890625 -0.51251220703125
-0.00792407989501953 0.00221586227416992 -0.4041748046875 -0.177581787109375
0.00272274017333984 -0.0018317699432373 -0.2811279296875 0.198318481445313
0.0139045715332031 0.00179195404052734 -0.039642333984375 0.261062622070312
0.00183391571044922 -0.00569677352905273 0.132125854492188 0.128318786621094
0.0117063522338867 -0.0167789459228516 0.167617797851562 -0.004913330078125
0.0135784149169922 -0.0100116729736328 -0.170623779296875 -0.01239013671875
0.00586175918579102 -0.00411748886108398 -0.121429443359375 -0.153839111328125
0.01611328125 0.00602054595947266 0.04278564453125 -0.262313842773438
0.00696325302124023 0.00712013244628906 0.29254150390625 -0.195343017578125
-0.0149898529052734 0.000550270080566404 0.35723876953125 0.17474365234375
-0.00987625122070313 -0.0172901153564453 0.07110595703125 0.45989990234375
0.00773859024047852 0.000583648681640625 -0.212493896484375 0.293731689453125
0.0158567428588867 0.0108919143676758 0.0206928253173828 0.0284233093261719
0.00687885284423828 -0.00778388977050781 0.2828369140625 -0.295623779296875
0.000226020812988281 -0.0078129768371582 -0.0468749999999999 -0.509857177734375
-0.00792694091796875 0.00169467926025391 -0.40576171875 -0.1717529296875
0.00443029403686523 -0.00158119201660156 -0.278656005859375 0.20050048828125
0.0138978958129883 0.00269126892089844 -0.03704833984375 0.260604858398437
0.00151348114013672 -0.00428962707519531 0.131637573242188 0.12823486328125
0.011322021484375 -0.0146455764770508 0.168487548828125 -0.0045623779296875
0.0125408172607422 -0.00760650634765625 -0.17047119140625 -0.0128173828125
0.00642538070678711 -0.00276994705200195 -0.119827270507812 -0.15521240234375
0.0158529281616211 0.00676155090332031 0.0447235107421875 -0.261505126953125
0.00772619247436523 0.00735902786254883 0.293914794921875 -0.190521240234375
-0.0152339935302734 0.000256538391113278 0.354827880859375 0.180877685546875
-0.00872230529785156 -0.0185832977294922 0.065704345703125 0.462249755859375
0.00809001922607422 -0.000497817993164063 -0.2135009765625 0.29046630859375
0.0166730880737305 0.0102462768554688 0.0244541168212891 0.0264987945556641
0.00739908218383789 -0.00874090194702148 0.280914306640625 -0.30010986328125
0.000971794128417969 -0.00909328460693359 -0.054107666015625 -0.50848388671875
-0.0068812370300293 0.000475883483886718 -0.407867431640625 -0.163970947265625
0.0043036937713623 -0.000999212265014648 -0.275909423828125 0.204818725585937
0.0142602920532227 0.00361919403076172 -0.0349273681640625 0.260498046875
0.00257349014282227 -0.00339412689208984 0.133407592773438 0.127235412597656
0.0113325119018555 -0.0121583938598633 0.168701171875 -0.005950927734375
0.0152816772460937 -0.00952434539794922 -0.170761108398438 -0.0128021240234375
0.0066990852355957 -0.00661182403564453 -0.127273559570312 -0.149856567382813
0.0133485794067383 0.00207710266113281 0.0371551513671875 -0.25531005859375
0.00260734558105469 0.00796079635620117 0.284942626953125 -0.191375732421875
-0.0186214447021484 0.00317764282226563 0.348419189453125 0.174163818359375
-0.00773239135742187 -0.0185966491699219 0.065277099609375 0.459716796875
0.0181388854980469 -0.00580215454101563 -0.216552734375 0.29522705078125
0.0329322814941406 0.00673294067382813 0.0151348114013672 0.0303707122802734
0.0181961059570313 -0.01153564453125 0.2767333984375 -0.29180908203125
0.00206375122070313 -0.00816202163696289 -0.04742431640625 -0.50054931640625
-0.0101900100708008 0.00417327880859375 -0.40216064453125 -0.16351318359375
-0.000581622123718262 -0.000652313232421875 -0.274871826171875 0.203659057617187
0.0126829147338867 -0.00171852111816406 -0.0357208251953125 0.260116577148438
0.00423240661621094 -0.0084071159362793 0.131034851074219 0.1258544921875
0.0126819610595703 -0.0148220062255859 0.16680908203125 -0.0112152099609375
0.0154190063476563 -0.0115880966186523 -0.1708984375 -0.011627197265625
0.00583457946777344 -0.00681352615356445 -0.12786865234375 -0.148818969726563
0.0133199691772461 0.00159931182861328 0.03472900390625 -0.255950927734375
0.00266504287719727 0.00774908065795898 0.283233642578125 -0.19696044921875
-0.018585205078125 0.00349044799804687 0.350006103515625 0.167388916015625
-0.00906562805175782 -0.0173301696777344 0.071929931640625 0.4576416015625
0.0167837142944336 -0.00506210327148438 -0.212554931640625 0.29656982421875
0.0298690795898438 0.00721549987792969 0.0126399993896484 0.0310497283935547
0.0167961120605469 -0.0103244781494141 0.27685546875 -0.28955078125
0.00200605392456055 -0.00680255889892578 -0.043731689453125 -0.50225830078125
-0.0103015899658203 0.0043182373046875 -0.400604248046875 -0.16961669921875
3.37958335876464E-05 -0.00108194351196289 -0.277252197265625 0.200820922851563
0.0125513076782227 -0.00201320648193359 -0.0374298095703125 0.259933471679687
0.00331592559814453 -0.00887107849121094 0.130950927734375 0.127098083496094
0.0132656097412109 -0.0169773101806641 0.167037963867188 -0.0099334716796875
0.0147085189819336 -0.0132160186767578 -0.171478271484375 -0.00926208496093753
0.00448942184448242 -0.006317138671875 -0.127761840820312 -0.14764404296875
0.0140752792358398 0.00158882141113281 0.0332794189453125 -0.256378173828125
0.00377655029296875 0.00715255737304688 0.282867431640625 -0.199310302734375
-0.0175294876098633 0.00391292572021485 0.3519287109375 0.164093017578125
-0.00985908508300781 -0.0160102844238281 0.075531005859375 0.455230712890625
0.0141286849975586 -0.00323867797851563 -0.21258544921875 0.2967529296875
0.0264358520507812 0.00823974609375 0.0111846923828125 0.0317974090576172
0.0140619277954102 -0.00899982452392578 0.279571533203125 -0.2877197265625
0.00147867202758789 -0.00597381591796875 -0.03936767578125 -0.504302978515625
-0.0101108551025391 0.00392246246337891 -0.398651123046875 -0.1737060546875
0.000723719596862793 -0.001717209815979 -0.278366088867188 0.197250366210937
0.0125856399536133 -0.00160694122314453 -0.03839111328125 0.25872802734375
0.00253486633300781 -0.00902843475341797 0.130966186523438 0.127326965332031
0.0129795074462891 -0.0183486938476563 0.167892456054688 -0.0089263916015625
0.0147800445556641 -0.0133161544799805 -0.170425415039063 -0.00808715820312496
0.0042119026184082 -0.00605297088623047 -0.12725830078125 -0.148269653320312
0.0140876770019531 0.00234127044677734 0.0341949462890625 -0.257278442382813
0.00470113754272461 0.00679588317871094 0.281585693359375 -0.200714111328125
-0.0169878005981445 0.00361061096191406 0.35394287109375 0.162109375
-0.0100936889648437 -0.0161314010620117 0.0777587890625 0.45306396484375
0.0116586685180664 -0.00143051147460938 -0.211273193359375 0.29681396484375
0.0223026275634766 0.00928878784179688 0.011627197265625 0.0321254730224609
0.0120935440063477 -0.00769329071044922 0.281402587890625 -0.287322998046875
0.000739097595214844 -0.00568342208862305 -0.0367431640625 -0.505767822265625
-0.00933647155761719 0.0037078857421875 -0.399200439453125 -0.177459716796875
0.00166141986846924 -0.00216126441955566 -0.279190063476562 0.195907592773437
0.0135335922241211 -0.000668525695800781 -0.038726806640625 0.258453369140625
0.0028228759765625 -0.00813817977905273 0.131027221679688 0.127677917480469
0.0121974945068359 -0.0192108154296875 0.16693115234375 -0.0077056884765625
0.0143165588378906 -0.0126266479492188 -0.170333862304688 -0.00773620605468748
0.00431013107299805 -0.00538206100463867 -0.125701904296875 -0.148544311523438
0.0146036148071289 0.00361251831054688 0.0348358154296875 -0.258544921875
0.00564241409301758 0.00669479370117188 0.282745361328125 -0.201507568359375
-0.0161972045898438 0.00343513488769531 0.354095458984375 0.16217041015625
-0.0104875564575195 -0.0153732299804688 0.076904296875 0.454986572265625
0.00963115692138672 -0.000597953796386719 -0.2103271484375 0.2950439453125
0.0192375183105469 0.00994873046875 0.0131778717041016 0.0309200286865234
0.00943660736083984 -0.00732326507568359 0.280975341796875 -0.288787841796875
0.000226020812988282 -0.00599336624145508 -0.0382080078125 -0.506866455078125
-0.00855445861816406 0.00248575210571289 -0.398529052734375 -0.176544189453125
0.00242972373962402 -0.00191950798034668 -0.278121948242188 0.196197509765625
0.0135412216186523 0.000150680541992188 -0.0381927490234375 0.258590698242188
0.00192165374755859 -0.00721120834350586 0.131256103515625 0.127166748046875
0.0116615295410156 -0.0181808471679688 0.166610717773438 -0.006988525390625
0.0141239166259766 -0.0116539001464844 -0.170028686523438 -0.00907897949218747
0.0050044059753418 -0.00432777404785156 -0.123550415039062 -0.150039672851563
0.0159740447998047 0.00474357604980469 0.037750244140625 -0.259246826171875
0.00638628005981445 0.00731372833251953 0.285797119140625 -0.19781494140625
-0.015568733215332 0.00249099731445313 0.353485107421875 0.1661376953125
-0.0100622177124023 -0.0165233612060547 0.07476806640625 0.45538330078125
0.00845193862915039 0.000117778778076172 -0.21014404296875 0.293609619140625
0.017216682434082 0.0101785659790039 0.0159664154052734 0.0294837951660156
0.00744295120239258 -0.00694799423217774 0.280029296875 -0.291412353515625
0.000231742858886719 -0.00643587112426758 -0.04150390625 -0.50665283203125
-0.0078887939453125 0.00238513946533203 -0.399749755859375 -0.17388916015625
0.00319051742553711 -0.0019679069519043 -0.276565551757813 0.197219848632812
0.0140657424926758 0.00149440765380859 -0.03759765625 0.257843017578125
0.00163841247558594 -0.00564861297607422 0.131492614746094 0.126708984375
0.011357307434082 -0.016942024230957 0.1669921875 -0.005889892578125
0.0134401321411133 -0.0100212097167969 -0.169509887695313 -0.0112762451171875
0.0058293342590332 -0.0038762092590332 -0.121795654296875 -0.151779174804688
0.0163335800170898 0.00592517852783203 0.0409088134765625 -0.259750366210938
0.007049560546875 0.00725412368774414 0.287750244140625 -0.194000244140625
-0.0152740478515625 0.00104236602783203 0.3533935546875 0.17169189453125
-0.00953483581542969 -0.0174493789672852 0.070587158203125 0.455322265625
0.0077519416809082 0.000544548034667969 -0.2105712890625 0.290557861328125
0.015223503112793 0.0109548568725586 0.0199356079101563 0.0274543762207031
0.00702667236328125 -0.00720453262329102 0.278717041015625 -0.29461669921875
0.000189781188964845 -0.00755882263183594 -0.0478515625 -0.504180908203125
-0.00747919082641601 0.00151348114013672 -0.4014892578125 -0.16949462890625
0.00356411933898926 -0.00152778625488281 -0.275894165039063 0.200149536132812
0.014124870300293 0.00241470336914063 -0.035736083984375 0.258499145507812
0.00200080871582031 -0.00469255447387695 0.131431579589844 0.126533508300781
0.0112018585205078 -0.0148992538452148 0.16754150390625 -0.005828857421875
0.0126428604125977 -0.00759410858154297 -0.16900634765625 -0.01153564453125
0.00671672821044922 -0.00226402282714844 -0.120407104492188 -0.152923583984375
0.0163135528564453 0.00646781921386719 0.04278564453125 -0.259185791015625
0.00676727294921875 0.00735569000244141 0.2900390625 -0.189178466796875
-0.0152378082275391 0.000253677368164063 0.3515625 0.178009033203125
-0.00884056091308593 -0.0186042785644531 0.0660400390625 0.458099365234375
0.00820350646972656 -0.000549793243408203 -0.2109375 0.287445068359375
0.0163841247558594 0.0103635787963867 0.0237560272216797 0.0256977081298828
0.00711727142333984 -0.00821781158447266 0.276123046875 -0.296478271484375
0.000604152679443359 -0.00874900817871094 -0.054107666015625 -0.50140380859375
-0.00666427612304688 0.0011286735534668 -0.404205322265625 -0.160888671875
0.00407743453979492 -0.00133323669433594 -0.271636962890625 0.204421997070313
0.0139398574829102 0.0037384033203125 -0.03289794921875 0.258743286132813
0.00245070457458496 -0.00345563888549805 0.132652282714844 0.124786376953125
0.0109672546386719 -0.0125637054443359 0.167572021484375 -0.0074005126953125
0.0147037506103516 -0.00954914093017578 -0.169174194335937 -0.0115509033203125
0.00704860687255859 -0.00644302368164063 -0.127044677734375 -0.147216796875
0.0135688781738281 0.00150680541992187 0.0352325439453125 -0.252838134765625
0.00217628479003906 0.00819778442382813 0.2811279296875 -0.19036865234375
-0.0182590484619141 0.00362968444824219 0.345184326171875 0.17236328125
-0.00742149353027344 -0.0189552307128906 0.06512451171875 0.45501708984375
0.018463134765625 -0.00607872009277344 -0.21392822265625 0.29156494140625
0.0320854187011719 0.00645828247070313 0.0147247314453125 0.0295314788818359
0.0180168151855469 -0.0116062164306641 0.27337646484375 -0.288909912109375
0.00214815139770508 -0.00738096237182617 -0.0477294921875 -0.496002197265625
-0.0102548599243164 0.00418472290039062 -0.397857666015625 -0.162384033203125
-0.00109440088272095 -0.000652849674224853 -0.271728515625 0.202850341796875
0.0127887725830078 -0.00203227996826172 -0.0343170166015625 0.257705688476562
0.00400829315185547 -0.00856637954711914 0.130805969238281 0.1239013671875
0.0131015777587891 -0.0146188735961914 0.166427612304688 -0.012237548828125
0.0154361724853516 -0.0118131637573242 -0.169815063476563 -0.0103912353515625
0.00600290298461914 -0.00714731216430664 -0.12750244140625 -0.146286010742187
0.0137367248535156 0.00171852111816406 0.0328216552734375 -0.2535400390625
0.0032038688659668 0.00770759582519531 0.279876708984375 -0.19476318359375
-0.0179290771484375 0.00403022766113282 0.347076416015625 0.166412353515625
-0.00875186920166015 -0.0175628662109375 0.07208251953125 0.452972412109375
0.0163536071777344 -0.00506210327148438 -0.21099853515625 0.293731689453125
0.0294189453125 0.00712966918945313 0.0117874145507813 0.0304126739501953
0.0166244506835938 -0.0100460052490234 0.27423095703125 -0.286468505859375
0.00231218338012695 -0.00624704360961914 -0.044036865234375 -0.497955322265625
-0.0102996826171875 0.00460147857666016 -0.397216796875 -0.1663818359375
-0.000514030456542969 -0.000916063785552979 -0.273635864257813 0.19970703125
0.0130376815795898 -0.00246810913085937 -0.0359954833984375 0.257614135742188
0.00341224670410156 -0.00881099700927734 0.130012512207031 0.125114440917969
0.0125513076782227 -0.016749382019043 0.165939331054687 -0.010772705078125
0.0144624710083008 -0.0132579803466797 -0.169784545898438 -0.00851440429687502
0.00552177429199219 -0.00654315948486328 -0.127655029296875 -0.145782470703125
0.0142269134521484 0.00177669525146484 0.031768798828125 -0.253890991210938
0.00334548950195313 0.00734710693359375 0.278244018554688 -0.197525024414063
-0.0169963836669922 0.00368404388427734 0.348236083984375 0.1619873046875
-0.00940704345703125 -0.0161371231079102 0.0739135742187499 0.449737548828125
0.0142850875854492 -0.00329017639160156 -0.21099853515625 0.29522705078125
0.0263023376464844 0.00799369812011719 0.0105533599853516 0.0311298370361328
0.0140361785888672 -0.00870704650878906 0.275848388671875 -0.2845458984375
0.00133466720581055 -0.00561618804931641 -0.04083251953125 -0.4996337890625
-0.00956058502197266 0.00419425964355469 -0.3963623046875 -0.17083740234375
0.000211000442504883 -0.00149083137512207 -0.275131225585938 0.196914672851562
0.0130062103271484 -0.00177669525146484 -0.037200927734375 0.256301879882812
0.00292778015136719 -0.00861835479736328 0.130195617675781 0.125869750976563
0.012176513671875 -0.01812744140625 0.165969848632813 -0.0099639892578125
0.0143241882324219 -0.0134439468383789 -0.170364379882813 -0.00714111328125001
0.00464677810668945 -0.00622272491455078 -0.126266479492188 -0.145797729492188
0.0148773193359375 0.00245761871337891 0.0320892333984375 -0.254440307617188
0.00492620468139649 0.00706672668457031 0.277816772460938 -0.198532104492188
-0.0164813995361328 0.00375843048095703 0.350128173828125 0.160430908203125
-0.00998401641845703 -0.0155858993530273 0.07666015625 0.448333740234375
0.0116424560546875 -0.00147056579589844 -0.2095947265625 0.294189453125
0.0219173431396484 0.00902366638183594 0.0106563568115234 0.0309638977050781
0.0112028121948242 -0.00763797760009766 0.27734375 -0.284149169921875
0.00108718872070313 -0.00532674789428711 -0.037445068359375 -0.50030517578125
-0.00879383087158203 0.00364780426025391 -0.3951416015625 -0.174346923828125
0.000847220420837402 -0.00183701515197754 -0.27587890625 0.195281982421875
0.0135774612426758 -0.000889778137207031 -0.0376129150390625 0.2564697265625
0.00227117538452149 -0.00839948654174805 0.130531311035156 0.126266479492188
0.0119972229003906 -0.0189609527587891 0.165542602539063 -0.0089111328125
0.0138950347900391 -0.0127553939819336 -0.169464111328125 -0.00691223144531253
0.00479841232299805 -0.00452423095703125 -0.125473022460938 -0.146133422851562
0.015385627746582 0.00339126586914063 0.034088134765625 -0.255813598632813
0.00591897964477539 0.00667476654052734 0.27960205078125 -0.198394775390625
-0.0156545639038086 0.00318431854248047 0.35113525390625 0.1619873046875
-0.00953865051269531 -0.0157880783081055 0.077392578125 0.449554443359375
0.00968742370605469 -0.000850677490234375 -0.208251953125 0.29217529296875
0.0187625885009766 0.0100193023681641 0.0125446319580078 0.0299491882324219
0.00889873504638672 -0.00685214996337891 0.277984619140625 -0.2869873046875
0.000592708587646484 -0.00536108016967773 -0.039276123046875 -0.5010986328125
-0.00826930999755859 0.00309038162231445 -0.396392822265625 -0.172821044921875
0.00184738636016846 -0.00207984447479248 -0.275009155273437 0.194900512695313
0.0136451721191406 -0.000170707702636719 -0.0373992919921875 0.256607055664062
0.00161457061767578 -0.007110595703125 0.130638122558594 0.125480651855469
0.0112648010253906 -0.0184822082519531 0.165618896484375 -0.0075225830078125
0.0138368606567383 -0.0115756988525391 -0.168838500976563 -0.00781250000000003
0.00555658340454102 -0.00446081161499024 -0.123153686523438 -0.147933959960938
0.0159473419189453 0.00446701049804688 0.035736083984375 -0.25592041015625
0.00617027282714844 0.00685358047485352 0.28228759765625 -0.195770263671875
-0.0155696868896484 0.00238990783691406 0.35064697265625 0.16424560546875
-0.00970172882080078 -0.01568603515625 0.074981689453125 0.451171875
0.00828790664672852 8.24928283691406E-05 -0.2083740234375 0.290283203125
0.0163297653198242 0.0105199813842773 0.0156173706054688 0.0283908843994141
0.00725889205932617 -0.00674867630004883 0.276702880859375 -0.2880859375
0.000452995300292969 -0.00597524642944336 -0.041717529296875 -0.50140380859375
-0.00786066055297852 0.00232458114624023 -0.395721435546875 -0.17022705078125
0.00268125534057617 -0.0019080638885498 -0.273773193359375 0.196884155273438
0.0138130187988281 0.00139522552490234 -0.03631591796875 0.25579833984375
0.00160551071166992 -0.00560283660888672 0.130706787109375 0.125236511230469
0.01104736328125 -0.0170326232910156 0.166046142578125 -0.0069732666015625
0.0131111145019531 -0.00966930389404297 -0.168594360351563 -0.010101318359375
0.00617694854736328 -0.00392913818359375 -0.12127685546875 -0.149642944335937
0.0165719985961914 0.00533485412597656 0.0384368896484375 -0.25762939453125
0.00659036636352539 0.00687313079833984 0.283966064453125 -0.1939697265625
-0.0149555206298828 0.00156497955322266 0.35009765625 0.169647216796875
-0.00927925109863281 -0.0170755386352539 0.070648193359375 0.451385498046875
0.00754594802856445 0.000185012817382813 -0.207855224609375 0.288116455078125
0.015690803527832 0.011195182800293 0.0188980102539063 0.0269355773925781
0.00644445419311523 -0.00678062438964844 0.2757568359375 -0.290863037109375
-0.000153541564941406 -0.00716924667358399 -0.048583984375 -0.4993896484375
-0.00740623474121094 0.00179100036621094 -0.398956298828125 -0.166015625
0.00340366363525391 -0.00203847885131836 -0.271820068359375 0.198760986328125
0.0138177871704102 0.00223445892333984 -0.03411865234375 0.25604248046875
0.00153398513793945 -0.00481796264648438 0.131446838378906 0.12469482421875
0.0108404159545898 -0.0151166915893555 0.166397094726563 -0.006622314453125
0.012639045715332 -0.00803279876708984 -0.168243408203125 -0.01055908203125
0.00687122344970703 -0.00241661071777344 -0.120010375976563 -0.150543212890625
0.0163002014160156 0.00637435913085938 0.0406341552734375 -0.256439208984375
0.00684881210327148 0.00770282745361328 0.286773681640625 -0.187957763671875
-0.0152482986450195 0.000962257385253905 0.347869873046875 0.176605224609375
-0.00849151611328125 -0.0187892913818359 0.064788818359375 0.45147705078125
0.00800275802612305 -0.000854969024658203 -0.2099609375 0.284820556640625
0.015599250793457 0.0104150772094727 0.0229892730712891 0.0250511169433594
0.00676155090332031 -0.00767755508422852 0.27325439453125 -0.293731689453125
0.000574588775634766 -0.00809574127197266 -0.053375244140625 -0.4964599609375
-0.00654983520507813 0.00109767913818359 -0.401275634765625 -0.158050537109375
0.00367188453674316 -0.00126314163208008 -0.268585205078125 0.2032470703125
0.0140008926391602 0.00335502624511719 -0.0308074951171875 0.255599975585938
0.00241565704345703 -0.00332307815551758 0.132339477539063 0.123191833496094
0.010289192199707 -0.0126962661743164 0.165847778320313 -0.007659912109375
0.0148954391479492 -0.00982379913330078 -0.168182373046875 -0.0107574462890625
0.00726985931396484 -0.00670051574707031 -0.126495361328125 -0.145553588867188
0.0139226913452148 0.001434326171875 0.0340423583984375 -0.250335693359375
0.00202751159667969 0.0083765983581543 0.277145385742188 -0.18914794921875
-0.0180797576904297 0.00366783142089844 0.341583251953125 0.17156982421875
-0.0075836181640625 -0.0186882019042969 0.0640869140625 0.451568603515625
0.0187606811523438 -0.00609970092773438 -0.2132568359375 0.28851318359375
0.0315570831298828 0.00661849975585938 0.0135211944580078 0.0288562774658203
0.0177726745605469 -0.0106925964355469 0.271270751953125 -0.28582763671875
0.00294828414916992 -0.00720500946044922 -0.04705810546875 -0.489837646484375
-0.00973701477050781 0.00417041778564453 -0.395233154296875 -0.161529541015625
-0.000858962535858154 -0.000603437423706055 -0.26910400390625 0.201705932617188
0.0121994018554688 -0.00227260589599609 -0.03375244140625 0.255783081054688
0.00374507904052734 -0.00899410247802735 0.129379272460938 0.122711181640625
0.0127687454223633 -0.0144233703613281 0.1658935546875 -0.012908935546875
0.0149660110473633 -0.0112476348876953 -0.168670654296875 -0.00949096679687497
0.00603532791137695 -0.00658512115478516 -0.12701416015625 -0.145309448242188
0.0137138366699219 0.001129150390625 0.0321044921875 -0.251129150390625
0.00258827209472656 0.00816488265991211 0.276779174804687 -0.193191528320313
-0.0177936553955078 0.00429534912109375 0.34490966796875 0.165771484375
-0.00819206237792968 -0.0176811218261719 0.070159912109375 0.44921875
0.0166139602661133 -0.00464153289794922 -0.2100830078125 0.29150390625
0.0286731719970703 0.00731468200683594 0.0108833312988281 0.0303821563720703
0.0158901214599609 -0.00959491729736328 0.271697998046875 -0.28466796875
0.00214719772338867 -0.00577497482299805 -0.0435791015625 -0.492706298828125
-0.010004997253418 0.00455760955810547 -0.394287109375 -0.165771484375
-0.00087517499923706 -0.0010678768157959 -0.271331787109375 0.198516845703125
0.0125055313110352 -0.00251483917236328 -0.03521728515625 0.255767822265625
0.00334358215332031 -0.00874185562133789 0.129486083984375 0.123748779296875
0.0118885040283203 -0.0165472030639648 0.165176391601563 -0.0110626220703125
0.014430046081543 -0.0125036239624023 -0.168838500976563 -0.00733947753906247
0.00570249557495117 -0.00586605072021484 -0.12725830078125 -0.14398193359375
0.0142107009887695 0.00156497955322266 0.030609130859375 -0.251129150390625
0.00336790084838867 0.00767230987548828 0.275527954101563 -0.196197509765625
-0.0175352096557617 0.00417995452880859 0.3453369140625 0.16131591796875
-0.00908565521240235 -0.0160741806030273 0.072998046875 0.4482421875
0.014348030090332 -0.00313377380371094 -0.20965576171875 0.29193115234375
0.0253772735595703 0.00821495056152344 0.0100231170654297 0.0306415557861328
0.013829231262207 -0.00818347930908203 0.2740478515625 -0.281707763671875
0.00185489654541016 -0.00550270080566406 -0.0395507812500001 -0.49468994140625
-0.00945472717285156 0.00448989868164062 -0.392547607421875 -0.170074462890625
0.000276684761047363 -0.00151777267456055 -0.272613525390625 0.196014404296875
0.0129270553588867 -0.00229740142822266 -0.0357818603515625 0.254776000976563
0.00258922576904297 -0.00877666473388672 0.12896728515625 0.124557495117187
0.0116825103759766 -0.0182991027832031 0.165328979492188 -0.0100860595703125
0.0142688751220703 -0.0133190155029297 -0.168716430664063 -0.0061187744140625
0.00470542907714844 -0.00583648681640625 -0.125961303710938 -0.144149780273438
0.0145902633666992 0.00261020660400391 0.030548095703125 -0.25201416015625
0.00461292266845703 0.00731325149536133 0.275421142578125 -0.1973876953125
-0.0164327621459961 0.0042734146118164 0.347320556640625 0.15899658203125
-0.00960922241210938 -0.0153121948242187 0.076019287109375 0.44500732421875
0.0114459991455078 -0.00188827514648437 -0.208984375 0.29150390625
0.0214786529541016 0.00897026062011719 0.0103321075439453 0.0302066802978516
0.0107250213623047 -0.00694179534912109 0.274993896484375 -0.281982421875
0.00103616714477539 -0.00519227981567383 -0.03656005859375 -0.49530029296875
-0.00885772705078125 0.00409889221191406 -0.3916015625 -0.1727294921875
0.00054931640625 -0.00202548503875732 -0.273147583007813 0.19366455078125
0.0127801895141602 -0.00110149383544922 -0.03662109375 0.254425048828125
0.00184297561645508 -0.00804376602172852 0.129608154296875 0.1243896484375
0.0114116668701172 -0.0184268951416016 0.164947509765625 -0.009613037109375
0.0136651992797852 -0.0127334594726563 -0.168243408203125 -0.00598144531250002
0.00479555130004883 -0.00505971908569336 -0.125 -0.144500732421875
0.0153322219848633 0.00305652618408203 0.0322113037109375 -0.252334594726563
0.00581645965576172 0.00704288482666016 0.276321411132812 -0.1976318359375
-0.0155553817749023 0.00327110290527344 0.347442626953125 0.15966796875
-0.00956249237060547 -0.0154495239257813 0.07537841796875 0.446807861328125
0.00949001312255859 -0.000540733337402344 -0.2071533203125 0.289154052734375
0.0185222625732422 0.0101890563964844 0.0120449066162109 0.0295295715332031
0.00827121734619141 -0.00642490386962891 0.27569580078125 -0.28375244140625
0.000648021697998047 -0.00484800338745117 -0.0382080078125 -0.496978759765625
-0.00842571258544922 0.00318622589111328 -0.391082763671875 -0.17279052734375
0.0015556812286377 -0.00261664390563965 -0.272491455078125 0.193527221679688
0.0132627487182617 -0.000398635864257813 -0.036651611328125 0.254196166992188
0.0016636848449707 -0.00709295272827148 0.12982177734375 0.123870849609375
0.0111827850341797 -0.0183467864990234 0.164825439453125 -0.0076446533203125
0.0136775970458984 -0.011378288269043 -0.168426513671875 -0.00730895996093751
0.00538492202758789 -0.00417947769165039 -0.122894287109375 -0.14605712890625
0.0160531997680664 0.00401878356933594 0.0343475341796875 -0.2535400390625
0.00604438781738281 0.00711870193481445 0.278900146484375 -0.194854736328125
-0.0154552459716797 0.00290679931640625 0.34747314453125 0.1630859375
-0.00943756103515625 -0.0158138275146484 0.07366943359375 0.446868896484375
0.00781536102294922 -0.000345230102539062 -0.207275390625 0.287872314453125
0.0159339904785156 0.0107145309448242 0.0144596099853516 0.0276298522949219
0.00703525543212891 -0.00621271133422852 0.274139404296875 -0.285491943359375
0.00055694580078125 -0.00554418563842773 -0.041046142578125 -0.49713134765625
-0.0074305534362793 0.00223445892333984 -0.393890380859375 -0.16864013671875
0.00253486633300781 -0.00206494331359863 -0.271194458007813 0.195404052734375
0.0134658813476563 0.00118064880371094 -0.0356903076171875 0.254302978515625
0.00166606903076172 -0.00615072250366211 0.130149841308594 0.123939514160156
0.0108442306518555 -0.0172700881958008 0.164764404296875 -0.0074310302734375
0.012904167175293 -0.00952434539794922 -0.16790771484375 -0.00965881347656249
0.00634765625 -0.00390720367431641 -0.121231079101562 -0.147918701171875
0.0164365768432617 0.00524330139160156 0.0377655029296875 -0.254989624023437
0.00711154937744141 0.00698566436767578 0.28070068359375 -0.191650390625
-0.0155296325683594 0.00200653076171875 0.3465576171875 0.168731689453125
-0.00882530212402344 -0.0171518325805664 0.06982421875 0.448699951171875
0.00751781463623047 -0.000195026397705078 -0.207733154296875 0.2840576171875
0.0149755477905273 0.0111846923828125 0.0179195404052734 0.0264377593994141
0.0062098503112793 -0.00652980804443359 0.272979736328125 -0.288360595703125
0.000444412231445312 -0.00653076171875 -0.0469970703125 -0.494476318359375
-0.0070195198059082 0.00179719924926758 -0.3956298828125 -0.1646728515625
0.00357437133789063 -0.00162053108215332 -0.269256591796875 0.197677612304687
0.0136775970458984 0.00240230560302734 -0.033660888671875 0.253875732421875
0.00155019760131836 -0.00461244583129883 0.130638122558594 0.123748779296875
0.0102996826171875 -0.0147695541381836 0.16571044921875 -0.0071868896484375
0.0118856430053711 -0.00772953033447266 -0.1668701171875 -0.00930786132812501
0.00684070587158203 -0.00206899642944336 -0.119827270507813 -0.148513793945313
0.0166330337524414 0.00634098052978516 0.0399627685546875 -0.25445556640625
0.00678491592407227 0.00791358947753906 0.283599853515625 -0.1868896484375
-0.0149126052856445 0.00100517272949218 0.344573974609375 0.175933837890625
-0.00801277160644531 -0.0187740325927734 0.065582275390625 0.448822021484375
0.00822114944458008 -0.00104284286499023 -0.20867919921875 0.281982421875
0.0155267715454102 0.0102119445800781 0.0225677490234375 0.0245990753173828
0.00681400299072266 -0.00741434097290039 0.271270751953125 -0.29156494140625
0.00134754180908203 -0.00842475891113281 -0.053009033203125 -0.491455078125
-0.00672388076782226 0.000773906707763671 -0.397247314453125 -0.156341552734375
0.00341677665710449 -0.00131368637084961 -0.2657470703125 0.201370239257813
0.0138330459594727 0.00326156616210938 -0.03057861328125 0.253860473632813
0.00230813026428223 -0.00330543518066406 0.131851196289063 0.121856689453125
0.0103330612182617 -0.0122537612915039 0.1656494140625 -0.0083160400390625
0.0147619247436523 -0.0101251602172852 -0.16741943359375 -0.010284423828125
0.00754213333129883 -0.00637006759643555 -0.126129150390625 -0.144546508789063
0.0137739181518555 0.000914573669433594 0.0332183837890625 -0.248580932617188
0.00172805786132812 0.00820159912109375 0.2762451171875 -0.187088012695312
-0.0186309814453125 0.004180908203125 0.339569091796875 0.1707763671875
-0.00681877136230469 -0.0183582305908203 0.06243896484375 0.44976806640625
0.0181236267089844 -0.00658798217773438 -0.2132568359375 0.287078857421875
0.0313224792480469 0.00685310363769531 0.0125160217285156 0.0286693572998047
0.0177078247070313 -0.0106906890869141 0.269500732421875 -0.282958984375
0.00278854370117188 -0.00708627700805664 -0.045074462890625 -0.48834228515625
-0.00951290130615235 0.00483417510986328 -0.39208984375 -0.15966796875
-0.00124001502990723 -0.000873088836669922 -0.26727294921875 0.199905395507813
0.0119247436523438 -0.00243282318115234 -0.033203125 0.254379272460938
0.00362586975097656 -0.00867891311645508 0.129005432128906 0.121742248535156
0.0123176574707031 -0.0150833129882812 0.165130615234375 -0.012939453125
0.0144920349121094 -0.0115070343017578 -0.167678833007813 -0.00849914550781253
0.00600671768188477 -0.00664234161376953 -0.12615966796875 -0.14373779296875
0.0139636993408203 0.000897407531738281 0.03118896484375 -0.248764038085938
0.00242090225219727 0.00824499130249023 0.27471923828125 -0.190521240234375
-0.0178089141845703 0.00419425964355469 0.341400146484375 0.165435791015625
-0.00826072692871094 -0.0176906585693359 0.0697021484375 0.44818115234375
0.0163440704345703 -0.0049896240234375 -0.2105712890625 0.288330078125
0.0288639068603516 0.007110595703125 0.0104255676269531 0.0296821594238281
0.0155534744262695 -0.00895118713378906 0.269851684570313 -0.281005859375
0.00237178802490234 -0.005828857421875 -0.0423583984375 -0.48992919921875
-0.00962352752685547 0.00481033325195313 -0.39141845703125 -0.165069580078125
-0.00149869918823242 -0.00120258331298828 -0.269577026367188 0.197052001953125
0.0123805999755859 -0.00210762023925781 -0.0351104736328125 0.254379272460938
0.00316429138183594 -0.00883293151855469 0.128517150878906 0.122734069824219
0.0122461318969727 -0.0168695449829102 0.164703369140625 -0.011199951171875
0.0145730972290039 -0.0126705169677734 -0.167861938476563 -0.00672912597656249
0.00529336929321289 -0.00643825531005859 -0.127120971679688 -0.142257690429688
0.0148239135742188 0.00130558013916016 0.0297088623046875 -0.249252319335938
0.00351047515869141 0.00765323638916016 0.272842407226563 -0.194366455078125
-0.0175285339355469 0.00449657440185547 0.34222412109375 0.159881591796875
-0.00880050659179688 -0.0161237716674805 0.072845458984375 0.44439697265625
0.0133323669433594 -0.00354385375976563 -0.208892822265625 0.2901611328125
0.0250530242919922 0.00843048095703125 0.00877952575683594 0.0301551818847656
0.0130815505981445 -0.00803184509277344 0.27215576171875 -0.279830932617188
0.00184106826782227 -0.00517559051513672 -0.037384033203125 -0.4908447265625
-0.00916862487792969 0.00502872467041016 -0.389556884765625 -0.168670654296875
-4.35709953308106E-05 -0.00106507539749146 -0.270889282226563 0.193618774414062
0.0127658843994141 -0.00208091735839844 -0.035552978515625 0.252532958984375
0.00227832794189453 -0.00890350341796875 0.128822326660156 0.123481750488281
0.0113029479980469 -0.0181713104248047 0.164535522460938 -0.0104217529296875
0.0144739151000977 -0.0131912231445313 -0.16827392578125 -0.00624084472656251
0.00518417358398438 -0.0054473876953125 -0.125808715820312 -0.142852783203125
0.0159587860107422 0.00208663940429687 0.0301971435546875 -0.25
0.00463771820068359 0.00715255737304688 0.273422241210937 -0.195144653320312
-0.0169887542724609 0.00445079803466797 0.343841552734375 0.160064697265625
-0.00869560241699219 -0.0149545669555664 0.073974609375 0.442352294921875
0.0119619369506836 -0.00243473052978516 -0.20843505859375 0.28936767578125
0.0210895538330078 0.009429931640625 0.00972557067871094 0.0300102233886719
0.01080322265625 -0.00643444061279297 0.273025512695313 -0.279876708984375
0.00168466567993164 -0.0046544075012207 -0.03509521484375 -0.49273681640625
-0.00890159606933594 0.00384426116943359 -0.3887939453125 -0.171417236328125
0.00071561336517334 -0.00161528587341309 -0.270965576171875 0.192062377929687
0.0129518508911133 -0.00133609771728516 -0.0357818603515625 0.253036499023437
0.00234746932983398 -0.00874233245849609 0.129631042480469 0.123634338378906
0.0112342834472656 -0.0185451507568359 0.163864135742188 -0.009307861328125
0.014103889465332 -0.0125055313110352 -0.166976928710938 -0.00529479980468749
0.00549697875976563 -0.00502872467041016 -0.12451171875 -0.142532348632812
0.0155115127563477 0.0030517578125 0.03125 -0.251190185546875
0.00579023361206055 0.00683021545410156 0.273773193359375 -0.194549560546875
-0.0159845352172852 0.00342845916748047 0.345062255859375 0.1600341796875
-0.00932121276855469 -0.0156011581420898 0.073974609375 0.4432373046875
0.00912761688232422 -0.000510215759277344 -0.207550048828125 0.287353515625
0.0181922912597656 0.0103015899658203 0.0108776092529297 0.0283832550048828
0.00832891464233398 -0.00622367858886719 0.273269653320313 -0.279571533203125
0.00122737884521484 -0.00481271743774414 -0.0369262695312501 -0.49346923828125
-0.00790596008300781 0.00363492965698242 -0.389373779296875 -0.17138671875
0.00161004066467285 -0.0023200511932373 -0.270645141601562 0.192794799804688
0.0132083892822266 -0.000700950622558594 -0.036163330078125 0.252304077148438
0.00149250030517578 -0.00727081298828125 0.129585266113281 0.122802734375
0.0104503631591797 -0.0181694030761719 0.164642333984375 -0.0083465576171875
0.0136566162109375 -0.0112247467041016 -0.167327880859375 -0.00683593750000001
0.00603628158569336 -0.00394010543823242 -0.122711181640625 -0.145004272460938
0.0162897109985352 0.00382423400878906 0.0340728759765625 -0.251556396484375
0.00565624237060547 0.0072178840637207 0.2763671875 -0.19287109375
-0.0154962539672852 0.00294780731201172 0.344635009765625 0.163177490234375
-0.00900173187255859 -0.0155725479125977 0.071380615234375 0.445037841796875
0.00823163986206055 -0.000194549560546875 -0.207275390625 0.285186767578125
0.0157966613769531 0.0105695724487305 0.0138988494873047 0.0274658203125
0.00660133361816406 -0.00564813613891601 0.27325439453125 -0.282928466796875
0.00105428695678711 -0.00571298599243164 -0.03985595703125 -0.493499755859375
-0.00748157501220703 0.00299978256225586 -0.391357421875 -0.1676025390625
0.00243258476257324 -0.00190329551696777 -0.269058227539063 0.19329833984375
0.0137233734130859 0.000744819641113281 -0.035186767578125 0.252288818359375
0.000812530517578125 -0.00582265853881836 0.129676818847656 0.122520446777344
0.0105905532836914 -0.0169439315795898 0.16455078125 -0.0075531005859375
0.0129919052124023 -0.00943946838378906 -0.167266845703125 -0.00894165039062503
0.00639724731445313 -0.00360488891601563 -0.12030029296875 -0.146286010742187
0.0173988342285156 0.00554180145263672 0.0368804931640625 -0.252975463867188
0.00628566741943359 0.00712442398071289 0.278457641601563 -0.18988037109375
-0.0152530670166016 0.00249481201171875 0.3441162109375 0.168243408203125
-0.00871467590332031 -0.0171737670898438 0.068389892578125 0.444091796875
0.00720548629760742 -0.000136852264404297 -0.208038330078125 0.282562255859375
0.0149126052856445 0.0109043121337891 0.01788330078125 0.0260410308837891
0.00593996047973633 -0.00633764266967774 0.271820068359375 -0.28472900390625
0.000129222869873047 -0.00676345825195313 -0.045562744140625 -0.49090576171875
-0.00666093826293945 0.0022282600402832 -0.39300537109375 -0.163970947265625
0.00291991233825684 -0.00184011459350586 -0.267379760742188 0.196075439453125
0.013737678527832 0.00197219848632813 -0.03326416015625 0.252700805664063
0.00156068801879883 -0.00477695465087891 0.129997253417969 0.122550964355469
0.0100908279418945 -0.0148820877075195 0.1650390625 -0.0074005126953125
0.0123252868652344 -0.00783729553222656 -0.166900634765625 -0.00920104980468748
0.00714302062988281 -0.00231742858886719 -0.119476318359375 -0.14752197265625
0.0169200897216797 0.00605583190917969 0.0387725830078125 -0.252151489257813
0.00610542297363281 0.00794410705566406 0.281112670898438 -0.184036254882812
-0.0149459838867188 0.00171184539794922 0.341583251953125 0.174285888671875
-0.00794601440429687 -0.018585205078125 0.063323974609375 0.4476318359375
0.00809717178344727 -0.000493526458740234 -0.20855712890625 0.279159545898438
0.0156116485595703 0.0100431442260742 0.0217037200927734 0.0239105224609375
0.00620317459106445 -0.00701618194580078 0.27032470703125 -0.2894287109375
0.00124073028564453 -0.00753927230834961 -0.0506591796875 -0.48736572265625
-0.00636863708496094 0.0012359619140625 -0.39385986328125 -0.1568603515625
0.00317215919494629 -0.00119256973266602 -0.264694213867188 0.2001953125
0.0139284133911133 0.00244903564453125 -0.030029296875 0.252761840820312
0.00225186347961426 -0.00382447242736816 0.130760192871094 0.121452331542969
0.00973796844482422 -0.0127782821655273 0.165679931640625 -0.0083465576171875
0.0147809982299805 -0.0100984573364258 -0.166488647460937 -0.00997924804687498
0.00802087783813477 -0.00632858276367188 -0.125564575195312 -0.142898559570313
0.0142087936401367 0.00112819671630859 0.033355712890625 -0.24627685546875
0.0020146369934082 0.0086522102355957 0.275863647460938 -0.185089111328125
-0.0178089141845703 0.0042266845703125 0.335845947265625 0.17156982421875
-0.00678825378417969 -0.0181617736816406 0.060516357421875 0.4482421875
0.0181064605712891 -0.00609588623046875 -0.21429443359375 0.28466796875
0.03070068359375 0.00635719299316406 0.0121517181396484 0.0279560089111328
0.0176029205322266 -0.0100746154785156 0.268692016601563 -0.28021240234375
0.00313138961791992 -0.0064234733581543 -0.042694091796875 -0.48455810546875
-0.00949001312255859 0.00511741638183594 -0.39019775390625 -0.159759521484375
-0.00123429298400879 -0.000828027725219727 -0.266921997070313 0.1990966796875
0.0121479034423828 -0.00258541107177734 -0.0331573486328125 0.253646850585938
0.00329685211181641 -0.00814485549926758 0.128921508789063 0.121292114257813
0.0120868682861328 -0.0147037506103516 0.16412353515625 -0.0130615234375
0.0149126052856445 -0.0113706588745117 -0.167266845703125 -0.00910949707031248
0.00673198699951172 -0.00671529769897461 -0.12615966796875 -0.14251708984375
0.014592170715332 0.000229835510253906 0.03076171875 -0.246841430664063
0.00238037109375 0.00823402404785156 0.27264404296875 -0.1883544921875
-0.0174942016601563 0.00452232360839843 0.33966064453125 0.165130615234375
-0.00782585144042969 -0.0173625946044922 0.067352294921875 0.44586181640625
0.0163707733154297 -0.00475120544433594 -0.210357666015625 0.285308837890625
0.0283031463623047 0.00746345520019531 0.00992012023925782 0.0299491882324219
0.0159063339233398 -0.00910472869873047 0.269302368164063 -0.277420043945313
0.00266265869140625 -0.00551509857177734 -0.0391845703125 -0.486907958984375
-0.00960254669189453 0.00499057769775391 -0.38824462890625 -0.166046142578125
-0.00112998485565186 -0.000646829605102539 -0.267929077148438 0.195404052734375
0.0121784210205078 -0.00274467468261719 -0.03472900390625 0.252777099609375
0.00286483764648438 -0.00862836837768555 0.128379821777344 0.123245239257812
0.011138916015625 -0.0170164108276367 0.164382934570313 -0.011260986328125
0.0141801834106445 -0.0131330490112305 -0.167312622070312 -0.00639343261718752
0.00598526000976563 -0.00617408752441406 -0.126846313476562 -0.141433715820313
0.0146760940551758 0.00103092193603516 0.02996826171875 -0.247314453125
0.00313377380371094 0.00710964202880859 0.2716064453125 -0.19268798828125
-0.0171661376953125 0.004302978515625 0.33990478515625 0.161529541015625
-0.00793743133544922 -0.0167112350463867 0.069183349609375 0.443084716796875
0.0141963958740234 -0.00311756134033203 -0.210052490234375 0.2877197265625
0.0247955322265625 0.00853729248046875 0.00838851928710938 0.0299148559570313
0.0135469436645508 -0.00758934020996094 0.271759033203125 -0.276260375976563
0.00239944458007813 -0.00452518463134766 -0.035980224609375 -0.48785400390625
-0.00922966003417969 0.00461292266845703 -0.3865966796875 -0.16998291015625
-0.000520825386047363 -0.00142312049865723 -0.269790649414063 0.192138671875
0.0125370025634766 -0.00236892700195313 -0.0359649658203125 0.251708984375
0.00246095657348633 -0.00868558883666992 0.128273010253906 0.1226806640625
0.0112285614013672 -0.018157958984375 0.164199829101562 -0.01104736328125
0.0139942169189453 -0.0133829116821289 -0.166824340820312 -0.00582885742187502
0.00566482543945313 -0.00524520874023437 -0.125396728515625 -0.141769409179688
0.0152387619018555 0.00138378143310547 0.0297393798828125 -0.248046875
0.00372028350830078 0.00763225555419922 0.271560668945313 -0.193023681640625
-0.0158357620239258 0.00491046905517578 0.34112548828125 0.160003662109375
-0.00869369506835938 -0.0153589248657227 0.072296142578125 0.44140625
0.0114431381225586 -0.002227783203125 -0.209442138671875 0.28558349609375
0.0211067199707031 0.00933456420898438 0.00855636596679688 0.0295753479003906
0.0107793807983398 -0.00577545166015625 0.2734375 -0.2767333984375
0.00208568572998047 -0.00441265106201172 -0.032318115234375 -0.489654541015625
-0.00837469100952148 0.00415754318237305 -0.3868408203125 -0.173187255859375
5.17368316650391E-05 -0.00169718265533447 -0.270233154296875 0.191268920898438
0.0131187438964844 -0.00145626068115234 -0.036529541015625 0.25164794921875
0.00215339660644531 -0.00793886184692383 0.128135681152344 0.12255859375
0.0107345581054688 -0.0187473297119141 0.164443969726562 -0.0095367431640625
0.0137214660644531 -0.0127334594726563 -0.166839599609375 -0.005645751953125
0.00545263290405273 -0.00470113754272461 -0.124221801757813 -0.142196655273437
0.0157442092895508 0.00309276580810547 0.031768798828125 -0.248947143554688
0.00496482849121094 0.00708913803100586 0.272506713867188 -0.193283081054688
-0.0160465240478516 0.0036163330078125 0.34246826171875 0.160888671875
-0.00944995880126953 -0.0153665542602539 0.07196044921875 0.4420166015625
0.00909328460693359 -0.00107097625732422 -0.207366943359375 0.28497314453125
0.0177230834960937 0.0100727081298828 0.0100917816162109 0.0283527374267578
0.00807762145996094 -0.00575113296508789 0.273330688476563 -0.2779541015625
0.00141811370849609 -0.00464153289794922 -0.034149169921875 -0.49072265625
-0.00820446014404297 0.00371932983398437 -0.387115478515625 -0.1712646484375
0.000926256179809571 -0.00220656394958496 -0.268844604492188 0.191070556640625
0.0131025314331055 -0.000838279724121094 -0.035919189453125 0.250823974609375
0.00137948989868164 -0.00676584243774414 0.128875732421875 0.122795104980469
0.0106048583984375 -0.0183620452880859 0.163925170898437 -0.0082550048828125
0.0136013031005859 -0.0116100311279297 -0.166549682617188 -0.00674438476562503
0.00576353073120117 -0.00402975082397461 -0.122329711914063 -0.144180297851563
0.016362190246582 0.00416374206542969 0.03369140625 -0.2503662109375
0.00572967529296875 0.00737285614013672 0.2755126953125 -0.190322875976563
-0.0149679183959961 0.00306415557861328 0.341888427734375 0.1646728515625
-0.00899505615234375 -0.0160903930664062 0.06988525390625 0.44232177734375
0.00802469253540039 -0.000109672546386719 -0.208282470703125 0.28271484375
0.0155744552612305 0.010711669921875 0.0133476257324219 0.0275211334228516
0.00673723220825195 -0.00561904907226563 0.272903442382813 -0.280502319335937
0.00143003463745117 -0.00505924224853516 -0.037841796875 -0.490966796875
-0.00699901580810547 0.00286388397216797 -0.38818359375 -0.169281005859375
0.00218534469604492 -0.00176322460174561 -0.268310546875 0.192764282226563
0.0132761001586914 0.000809669494628906 -0.035003662109375 0.251663208007813
0.00169849395751953 -0.00527763366699219 0.129295349121094 0.122406005859375
0.0103883743286133 -0.0170516967773438 0.164108276367188 -0.0077667236328125
0.0132389068603516 -0.0102081298828125 -0.16680908203125 -0.00848388671875002
0.00662040710449219 -0.00372314453125 -0.1202392578125 -0.145751953125
0.0171871185302734 0.00502204895019531 0.03594970703125 -0.250961303710938
0.00618505477905273 0.0074005126953125 0.277511596679688 -0.187850952148438
-0.015263557434082 0.00250244140625 0.34197998046875 0.169097900390625
-0.00861167907714844 -0.0173864364624023 0.066925048828125 0.443389892578125
0.00763177871704102 1.85966491699219E-05 -0.208526611328125 0.27984619140625
0.0149784088134766 0.0109672546386719 0.0169792175292969 0.0258007049560547
0.00584793090820313 -0.00572395324707031 0.271942138671875 -0.2833251953125
0.000927925109863281 -0.00627374649047852 -0.042755126953125 -0.488555908203125
-0.00620841979980469 0.00232028961181641 -0.38995361328125 -0.16265869140625
0.00242972373962402 -0.00148367881774902 -0.26654052734375 0.194747924804688
0.0134487152099609 0.00210666656494141 -0.0330352783203125 0.251327514648437
0.00143885612487793 -0.00439167022705078 0.129501342773438 0.122146606445312
0.00991630554199219 -0.0152311325073242 0.164566040039063 -0.007598876953125
0.012110710144043 -0.00779342651367188 -0.166580200195313 -0.00889587402343749
0.0073699951171875 -0.002227783203125 -0.119293212890625 -0.146331787109375
0.0173578262329102 0.00648212432861328 0.0385894775390625 -0.250625610351563
0.00606584548950195 0.00756263732910156 0.280044555664063 -0.183349609375
-0.0149326324462891 0.00151824951171875 0.339263916015625 0.174774169921875
-0.00774955749511719 -0.0184764862060547 0.060943603515625 0.44500732421875
0.00786733627319336 -0.00115728378295898 -0.209884643554688 0.277496337890625
0.0152301788330078 0.010828971862793 0.0211887359619141 0.0241489410400391
0.00629186630249024 -0.0065302848815918 0.26885986328125 -0.28607177734375
0.000913619995117187 -0.00726652145385742 -0.048919677734375 -0.484893798828125
-0.00613021850585938 0.00144624710083008 -0.39154052734375 -0.15631103515625
0.00331664085388184 -0.00127959251403809 -0.263229370117187 0.198410034179688
0.0137310028076172 0.00321483612060547 -0.030975341796875 0.251617431640625
0.00187873840332031 -0.00354409217834473 0.130241394042969 0.120521545410156
0.00961971282958984 -0.0123109817504883 0.164901733398437 -0.0088043212890625
0.014923095703125 -0.00939846038818359 -0.166305541992188 -0.00976562500000003
0.00801420211791992 -0.00574827194213867 -0.125579833984375 -0.143081665039063
0.0147981643676758 0.000914573669433594 0.0334014892578125 -0.245468139648438
0.00170516967773437 0.00885963439941406 0.273773193359375 -0.183349609375
-0.0179042816162109 0.0042877197265625 0.335662841796875 0.17218017578125
-0.00642204284667969 -0.0186557769775391 0.058258056640625 0.447906494140625
0.0179710388183594 -0.00694656372070313 -0.214569091796875 0.282501220703125
0.0305881500244141 0.00736427307128906 0.0115566253662109 0.0280475616455078
0.017207145690918 -0.009613037109375 0.268310546875 -0.278579711914063
0.00321722030639649 -0.00620746612548828 -0.040802001953125 -0.483367919921875
-0.00940704345703125 0.00494480133056641 -0.387725830078125 -0.161285400390625
-0.00147628784179688 -0.000396013259887696 -0.265518188476563 0.196746826171875
0.0123605728149414 -0.00250244140625 -0.033660888671875 0.25189208984375
0.00338125228881836 -0.00820732116699219 0.128669738769531 0.120925903320312
0.0116062164306641 -0.0145082473754883 0.164474487304688 -0.0129241943359375
0.0148391723632813 -0.0115900039672852 -0.166778564453125 -0.00836181640624999
0.00675153732299805 -0.00651407241821289 -0.12567138671875 -0.142074584960938
0.014796257019043 0.00066375732421875 0.030670166015625 -0.245864868164062
0.00234413146972656 0.00831365585327148 0.27215576171875 -0.186874389648437
-0.0176925659179687 0.004486083984375 0.337310791015625 0.167205810546875
-0.00733470916748047 -0.0170259475708008 0.0657958984375 0.445648193359375
0.0164041519165039 -0.00549602508544922 -0.211822509765625 0.283721923828125
0.0286483764648438 0.00784111022949219 0.00844573974609375 0.0289363861083984
0.0156164169311523 -0.00874614715576172 0.269424438476563 -0.275161743164063
0.00327634811401367 -0.00540494918823242 -0.038299560546875 -0.485015869140625
-0.00918388366699219 0.00487804412841797 -0.386077880859375 -0.165863037109375
-0.0014498233795166 -0.00114011764526367 -0.26800537109375 0.193740844726562
0.0118942260742188 -0.00283336639404297 -0.03509521484375 0.252182006835938
0.00301551818847656 -0.00906562805175781 0.127555847167969 0.122108459472656
0.0114345550537109 -0.017054557800293 0.164642333984375 -0.0112457275390625
0.0142860412597656 -0.0126361846923828 -0.167037963867188 -0.00631713867187501
0.00615739822387695 -0.00645256042480469 -0.125961303710938 -0.141326904296875
0.0153446197509766 0.00145149230957031 0.0294342041015625 -0.246231079101563
0.00306558609008789 0.00745773315429688 0.27056884765625 -0.189788818359375
-0.0168972015380859 0.00506305694580078 0.33917236328125 0.163055419921875
-0.00802040100097656 -0.0161018371582031 0.067474365234375 0.442413330078125
0.0142383575439453 -0.00369071960449219 -0.21099853515625 0.28564453125
0.0251674652099609 0.00872039794921875 0.00767898559570313 0.0295314788818359
0.0128898620605469 -0.00722885131835938 0.27197265625 -0.27423095703125
0.00258970260620117 -0.00442981719970703 -0.033599853515625 -0.486083984375
-0.00926399230957031 0.00504875183105469 -0.384185791015625 -0.17083740234375
-0.000956296920776367 -0.00147521495819092 -0.269577026367188 0.191482543945312
0.0128440856933594 -0.00227451324462891 -0.0361785888671875 0.250885009765625
0.00232267379760742 -0.00865459442138672 0.127845764160156 0.122283935546875
0.0113162994384766 -0.0183773040771484 0.164138793945313 -0.010650634765625
0.0138263702392578 -0.0132970809936523 -0.166488647460938 -0.00555419921875001
0.0060276985168457 -0.00586652755737305 -0.125106811523438 -0.141082763671875
0.0153884887695313 0.00201129913330078 0.02984619140625 -0.24676513671875
0.00425052642822266 0.00725030899047852 0.271774291992188 -0.192291259765625
-0.0161066055297852 0.00425338745117187 0.33966064453125 0.16082763671875
-0.00822067260742188 -0.0155563354492187 0.0704345703125 0.44189453125
0.0114736557006836 -0.00143623352050781 -0.210601806640625 0.283721923828125
0.0209293365478516 0.00961875915527344 0.00803375244140625 0.0292034149169922
0.0102863311767578 -0.00643634796142578 0.272964477539063 -0.274749755859375
0.00206279754638672 -0.00402951240539551 -0.0311279296875 -0.487060546875
-0.00830936431884765 0.00470638275146484 -0.38507080078125 -0.172607421875
2.00271606445311E-05 -0.00195562839508057 -0.270401000976563 0.189666748046875
0.0128507614135742 -0.00138664245605469 -0.0366668701171875 0.251327514648438
0.00179815292358398 -0.00848770141601563 0.127983093261719 0.122642517089844
0.0107021331787109 -0.0185184478759766 0.16375732421875 -0.0092315673828125
0.0139636993408203 -0.0131740570068359 -0.166229248046875 -0.00514221191406251
0.00551414489746094 -0.00469493865966797 -0.12353515625 -0.141525268554688
0.016209602355957 0.00310802459716797 0.031219482421875 -0.248016357421875
0.00537919998168945 0.0071864128112793 0.272232055664062 -0.191192626953125
-0.0156221389770508 0.00363636016845703 0.341552734375 0.1611328125
-0.00893020629882813 -0.0156106948852539 0.070526123046875 0.4425048828125
0.00920867919921875 -0.000894546508789063 -0.20947265625 0.28289794921875
0.0171737670898438 0.0105810165405273 0.00947380065917969 0.0284919738769531
0.00807523727416992 -0.00542688369750977 0.27264404296875 -0.275360107421875
0.00151729583740234 -0.00449705123901367 -0.033172607421875 -0.48834228515625
-0.00754594802856445 0.0036616325378418 -0.385833740234375 -0.172760009765625
0.00110006332397461 -0.00236058235168457 -0.269210815429688 0.189834594726562
0.0130147933959961 -0.00022125244140625 -0.0363311767578125 0.250885009765625
0.00111865997314453 -0.00712966918945312 0.128395080566406 0.122581481933594
0.0105972290039062 -0.0181255340576172 0.164337158203125 -0.008331298828125
0.0139198303222656 -0.0113697052001953 -0.1666259765625 -0.00616455078125
0.00625896453857422 -0.00429725646972656 -0.122238159179688 -0.143310546875
0.0166330337524414 0.00410652160644531 0.0335845947265625 -0.248641967773437
0.00582695007324219 0.00758743286132813 0.274383544921875 -0.188613891601562
-0.015533447265625 0.00344657897949219 0.339019775390625 0.165130615234375
-0.00852203369140625 -0.0158596038818359 0.068389892578125 0.441558837890625
0.0078887939453125 -0.000254154205322266 -0.209030151367187 0.280670166015625
0.0155277252197266 0.0111360549926758 0.0124340057373047 0.0268497467041016
0.00642538070678711 -0.00515556335449219 0.272415161132813 -0.277053833007813
0.00148296356201172 -0.00495004653930664 -0.03515625 -0.48748779296875
-0.00661420822143555 0.00296974182128906 -0.3856201171875 -0.1695556640625
0.00201249122619629 -0.00209140777587891 -0.267608642578125 0.190750122070313
0.0134849548339844 0.000628471374511719 -0.0354461669921875 0.25054931640625
0.00156688690185547 -0.00594902038574219 0.128952026367187 0.122459411621094
0.00982189178466797 -0.0172080993652344 0.164382934570312 -0.0076141357421875
0.0129919052124023 -0.00974369049072266 -0.166732788085938 -0.00900268554687497
0.0066685676574707 -0.00384855270385742 -0.120101928710937 -0.145233154296875
0.0172958374023438 0.00473308563232422 0.0363616943359375 -0.249847412109375
0.00623226165771484 0.00731325149536133 0.277236938476563 -0.185638427734375
-0.0157251358032227 0.00267696380615234 0.33978271484375 0.169525146484375
-0.00837612152099609 -0.0172967910766602 0.064483642578125 0.4415283203125
0.00739049911499023 -0.000330448150634766 -0.209274291992187 0.278350830078125
0.0144739151000977 0.0114383697509766 0.0162887573242187 0.0255947113037109
0.00518989562988281 -0.00564908981323242 0.2708740234375 -0.28021240234375
0.00104665756225586 -0.00600433349609375 -0.040313720703125 -0.485687255859375
-0.00613784790039063 0.00247573852539062 -0.38787841796875 -0.16461181640625
0.00244665145874023 -0.00183892250061035 -0.266220092773438 0.193359375
0.0137538909912109 0.00177478790283203 -0.0332489013671875 0.250289916992188
0.00158119201660156 -0.00491905212402344 0.129280090332031 0.121978759765625
0.00958061218261719 -0.0148763656616211 0.164718627929688 -0.0073089599609375
0.012476921081543 -0.00799369812011719 -0.166839599609375 -0.00881958007812503
0.00696992874145508 -0.00229978561401367 -0.11907958984375 -0.146270751953125
0.0171775817871094 0.00582790374755859 0.038177490234375 -0.24920654296875
0.00597143173217773 0.00802373886108399 0.278427124023438 -0.180801391601563
-0.0151433944702148 0.00153732299804687 0.3377685546875 0.175750732421875
-0.00732994079589844 -0.0184402465820313 0.06024169921875 0.44403076171875
0.0080118179321289 -0.00134611129760742 -0.211105346679687 0.275039672851563
0.0147743225097656 0.0108509063720703 0.0202198028564453 0.0236949920654297
0.00580310821533203 -0.00640535354614258 0.2684326171875 -0.28363037109375
0.00161504745483398 -0.00702619552612305 -0.046661376953125 -0.484161376953125
-0.00574016571044922 0.00166749954223633 -0.390594482421875 -0.156158447265625
0.00281524658203125 -0.00100994110107422 -0.262741088867187 0.197067260742188
0.0135908126831055 0.00254917144775391 -0.03033447265625 0.250946044921875
0.00174212455749512 -0.0034632682800293 0.130081176757813 0.120758056640625
0.00976848602294922 -0.0127620697021484 0.1651611328125 -0.0086669921875
0.0154047012329102 -0.00934410095214844 -0.16644287109375 -0.010101318359375
0.00876379013061523 -0.00598716735839844 -0.124923706054687 -0.142959594726563
0.0149593353271484 0.000417709350585938 0.034088134765625 -0.244247436523438
0.00109291076660156 0.00882720947265625 0.273956298828125 -0.181777954101563
-0.0176448822021484 0.00440406799316406 0.33380126953125 0.17401123046875
-0.00602531433105469 -0.0186061859130859 0.0573730468749999 0.44818115234375
0.0178489685058594 -0.0059814453125 -0.216934204101562 0.280471801757813
0.0301151275634766 0.00735092163085938 0.0109825134277344 0.0282211303710938
0.0170450210571289 -0.00936126708984375 0.269363403320313 -0.27581787109375
0.00331211090087891 -0.00586605072021484 -0.037841796875 -0.48297119140625
-0.00935554504394531 0.00532913208007813 -0.38787841796875 -0.16156005859375
-0.00189173221588135 -0.000721216201782226 -0.266448974609375 0.196136474609375
0.0119514465332031 -0.00278949737548828 -0.0338897705078125 0.252334594726563
0.00330924987792969 -0.00877475738525391 0.12799072265625 0.121665954589844
0.0113153457641602 -0.0146884918212891 0.16497802734375 -0.012603759765625
0.0146236419677734 -0.0115242004394531 -0.16717529296875 -0.00878906249999998
0.00765371322631836 -0.00601625442504883 -0.125900268554688 -0.142562866210938
0.0150737762451172 0.000759124755859375 0.0316162109375 -0.245162963867188
0.0021820068359375 0.00855350494384766 0.271865844726563 -0.186141967773438
-0.0168867111206055 0.00504779815673828 0.335418701171875 0.169403076171875
-0.00718498229980469 -0.0176448822021484 0.062469482421875 0.446533203125
0.0163726806640625 -0.00525093078613281 -0.212799072265625 0.28204345703125
0.0277385711669922 0.00786018371582031 0.00803756713867188 0.0289020538330078
0.0155420303344727 -0.00772762298583984 0.270263671875 -0.274322509765625
0.00350141525268555 -0.0050048828125 -0.034637451171875 -0.48468017578125
-0.00879478454589844 0.00532341003417969 -0.38616943359375 -0.167755126953125
-0.00183844566345215 -0.000572562217712403 -0.2684326171875 0.192611694335937
0.0122995376586914 -0.00275802612304688 -0.0351104736328125 0.25177001953125
0.00264263153076172 -0.00867509841918945 0.127296447753906 0.12249755859375
0.0117568969726563 -0.0172576904296875 0.164520263671875 -0.0115203857421875
0.0144891738891602 -0.0127048492431641 -0.167037963867188 -0.00648498535156247
0.00663948059082031 -0.00584840774536133 -0.126068115234375 -0.140884399414063
0.015070915222168 0.000766754150390625 0.030242919921875 -0.245590209960938
0.00347757339477539 0.00800848007202148 0.27069091796875 -0.188873291015625
-0.0171527862548828 0.00490951538085937 0.337615966796875 0.16436767578125
-0.00762271881103516 -0.0160760879516602 0.066436767578125 0.443389892578125
0.0132570266723633 -0.00341796875 -0.21307373046875 0.28350830078125
0.0242729187011719 0.009307861328125 0.00634574890136719 0.0295600891113281
0.0121984481811523 -0.00664520263671875 0.272354125976563 -0.271759033203125
0.0030665397644043 -0.00444889068603516 -0.030670166015625 -0.485443115234375
-0.008819580078125 0.00521373748779297 -0.3836669921875 -0.171661376953125
-0.00103223323822021 -0.00108587741851807 -0.269866943359375 0.190216064453125
0.0123977661132813 -0.002532958984375 -0.0369873046875 0.250717163085938
0.00189399719238281 -0.00882911682128906 0.127731323242188 0.122535705566406
0.0109977722167969 -0.0182571411132813 0.164840698242187 -0.0107879638671875
0.0142307281494141 -0.0127506256103516 -0.167022705078125 -0.005279541015625
0.00623607635498047 -0.00585222244262695 -0.125198364257813 -0.141159057617188
0.0161590576171875 0.00171756744384766 0.0303497314453125 -0.246368408203125
0.0038299560546875 0.00782966613769531 0.271163940429688 -0.18988037109375
-0.0161466598510742 0.00470161437988282 0.3389892578125 0.162506103515625
-0.00833225250244141 -0.015101432800293 0.068206787109375 0.441192626953125
0.0114336013793945 -0.00213813781738281 -0.21221923828125 0.28228759765625
0.0210800170898438 0.0104484558105469 0.00742340087890625 0.0290756225585938
0.010676383972168 -0.00546169281005859 0.272781372070313 -0.271575927734375
0.0019378662109375 -0.00385355949401855 -0.029693603515625 -0.486968994140625
-0.00755786895751953 0.00452136993408203 -0.38348388671875 -0.173736572265625
-0.000594019889831543 -0.00168848037719727 -0.270294189453125 0.188461303710938
0.012481689453125 -0.00180149078369141 -0.0369720458984375 0.250350952148438
0.00175237655639648 -0.00800895690917969 0.127914428710938 0.122962951660156
0.0106410980224609 -0.0188961029052734 0.1640625 -0.00909423828125
0.0140485763549805 -0.0127449035644531 -0.166534423828125 -0.0056915283203125
0.00596094131469727 -0.00454568862915039 -0.123428344726562 -0.141677856445313
0.0163936614990234 0.00220680236816406 0.0315704345703125 -0.247344970703125
0.00478124618530274 0.00747060775756836 0.271560668945312 -0.189773559570312
-0.0157632827758789 0.00416183471679688 0.339569091796875 0.1634521484375
-0.00843048095703125 -0.0157356262207031 0.06854248046875 0.442352294921875
0.00913238525390625 -0.00107479095458984 -0.2115478515625 0.281768798828125
0.0169105529785156 0.0110540390014648 0.00901031494140626 0.0283164978027344
0.00809288024902344 -0.00516891479492188 0.27484130859375 -0.272872924804687
0.00166130065917969 -0.00423049926757813 -0.029144287109375 -0.488372802734375
-0.00673770904541016 0.00366115570068359 -0.384735107421875 -0.173553466796875
0.00117135047912598 -0.00203073024749756 -0.269775390625 0.1883544921875
0.0129928588867188 -0.000512123107910156 -0.036651611328125 0.250564575195313
0.00125408172607422 -0.00710058212280273 0.128570556640625 0.122657775878906
0.0102519989013672 -0.0185661315917969 0.16424560546875 -0.00830078125
0.0138025283813477 -0.01116943359375 -0.167236328125 -0.006927490234375
0.00642538070678711 -0.00436162948608398 -0.121688842773438 -0.143157958984375
0.0170831680297852 0.00403118133544922 0.03460693359375 -0.248153686523437
0.00543308258056641 0.00807285308837891 0.274673461914063 -0.1876220703125
-0.0150785446166992 0.00358295440673828 0.338348388671875 0.1669921875
-0.00816535949707031 -0.0164985656738281 0.0654296875 0.442474365234375
0.00771331787109375 -0.0003204345703125 -0.211181640625 0.27978515625
0.0147733688354492 0.0110864639282227 0.0114669799804688 0.0265960693359375
0.00631999969482422 -0.00546979904174805 0.2740478515625 -0.276123046875
0.00197982788085938 -0.00466299057006836 -0.03271484375 -0.487213134765625
-0.00674724578857422 0.00299167633056641 -0.3846435546875 -0.170379638671875
0.00143313407897949 -0.00168180465698242 -0.268325805664062 0.1900634765625
0.0133905410766602 -5.05447387695312E-05 -0.035675048828125 0.250564575195313
0.000994205474853515 -0.00611162185668945 0.12811279296875 0.122795104980469
0.0098714828491211 -0.0171442031860352 0.16448974609375 -0.0074615478515625
0.0132970809936523 -0.00969123840332031 -0.166580200195313 -0.00872802734375001
0.00678062438964844 -0.00372552871704102 -0.119888305664063 -0.14501953125
0.0177879333496094 0.00448417663574219 0.0363006591796875 -0.249557495117188
0.00571441650390625 0.00774955749511719 0.277114868164063 -0.185256958007813
-0.0151662826538086 0.00275802612304687 0.338348388671875 0.171966552734375
-0.00802898406982422 -0.0169219970703125 0.061370849609375 0.44384765625
0.00754308700561523 -0.000250339508056641 -0.211257934570313 0.27667236328125
0.0142927169799805 0.0117101669311523 0.0153713226318359 0.0253105163574219
0.00514030456542969 -0.00503110885620117 0.272171020507813 -0.277542114257813
0.00131320953369141 -0.00547885894775391 -0.0386962890625 -0.486541748046875
-0.00616788864135742 0.00235080718994141 -0.386810302734375 -0.165496826171875
0.00235795974731445 -0.0014338493347168 -0.2667236328125 0.192489624023438
0.0132741928100586 0.00193119049072266 -0.0335845947265625 0.25042724609375
0.00128269195556641 -0.00472927093505859 0.129310607910156 0.122093200683594
0.0097808837890625 -0.0149431228637695 0.1654052734375 -0.0076904296875
0.0122547149658203 -0.00824546813964844 -0.166595458984375 -0.0086669921875
0.00757932662963867 -0.00231266021728516 -0.118789672851563 -0.146469116210938
0.0176582336425781 0.00573158264160156 0.0387725830078125 -0.2486572265625
0.00612401962280273 0.00781059265136719 0.279449462890625 -0.178756713867188
-0.0149765014648437 0.0019235610961914 0.33599853515625 0.177093505859375
-0.00713539123535156 -0.0188217163085938 0.057342529296875 0.444671630859375
0.00768852233886719 -0.0011143684387207 -0.211639404296875 0.272811889648438
0.0145969390869141 0.0110855102539063 0.0195198059082031 0.0238037109375
0.00551128387451172 -0.00590658187866211 0.27044677734375 -0.28216552734375
0.00173568725585938 -0.00658988952636719 -0.043487548828125 -0.482513427734375
-0.0053706169128418 0.00171756744384766 -0.389129638671875 -0.15899658203125
0.00253963470458984 -0.00121712684631348 -0.2635498046875 0.196273803710938
0.0135021209716797 0.00251960754394531 -0.0311279296875 0.250442504882813
0.00183987617492676 -0.00317716598510742 0.12994384765625 0.120361328125
0.00898075103759766 -0.012974739074707 0.165206909179688 -0.00836181640625
0.0151443481445313 -0.00998401641845703 -0.166458129882813 -0.00975036621093753
0.00864219665527344 -0.00651073455810547 -0.125198364257812 -0.14288330078125
0.0156536102294922 0.000704765319824219 0.033233642578125 -0.243850708007813
0.00151205062866211 0.00864076614379883 0.273956298828125 -0.180450439453125
-0.0181121826171875 0.004364013671875 0.334259033203125 0.177276611328125
-0.00577735900878906 -0.0188121795654297 0.055145263671875 0.448486328125
0.0188465118408203 -0.00614547729492188 -0.218154907226563 0.279556274414063
0.0302829742431641 0.00803756713867188 0.0100345611572266 0.0274620056152344
0.0172672271728516 -0.00869369506835938 0.270782470703125 -0.275787353515625
0.00470829010009766 -0.006011962890625 -0.03607177734375 -0.483245849609375
-0.00844860076904297 0.00502252578735352 -0.3868408203125 -0.16339111328125
-0.00230813026428223 4.12464141845698E-05 -0.2674560546875 0.195541381835937
0.0118637084960938 -0.00256919860839844 -0.034027099609375 0.25311279296875
0.00287914276123047 -0.00815057754516602 0.127937316894531 0.121498107910156
0.0112991333007813 -0.0151472091674805 0.16546630859375 -0.0131072998046875
0.0148897171020508 -0.0112228393554687 -0.167633056640625 -0.00848388671874998
0.00754404067993164 -0.00688505172729492 -0.126251220703125 -0.141448974609375
0.0155868530273437 0.000308990478515625 0.0315093994140625 -0.244720458984375
0.00193262100219727 0.00873374938964844 0.27215576171875 -0.1842041015625
-0.0174884796142578 0.00528526306152343 0.3365478515625 0.1697998046875
-0.00678634643554688 -0.0181102752685547 0.060516357421875 0.446990966796875
0.0160999298095703 -0.005462646484375 -0.21636962890625 0.282745361328125
0.0278682708740234 0.00859260559082031 0.00758552551269531 0.0287189483642578
0.0152988433837891 -0.00707340240478516 0.270767211914063 -0.272216796875
0.00388002395629883 -0.00490474700927734 -0.03369140625 -0.48419189453125
-0.00866842269897461 0.00569772720336914 -0.385009765625 -0.16876220703125
-0.00173676013946533 -0.00078439712524414 -0.269775390625 0.19195556640625
0.0123720169067383 -0.00245285034179688 -0.0358428955078125 0.252182006835938
0.00277423858642578 -0.00898265838623047 0.12713623046875 0.122879028320313
0.0113554000854492 -0.0170660018920898 0.165176391601563 -0.0120086669921875
0.0148429870605469 -0.0127849578857422 -0.16693115234375 -0.00540161132812501
0.00657939910888672 -0.00603866577148438 -0.126327514648438 -0.141525268554688
0.0150213241577148 0.00058746337890625 0.030731201171875 -0.245941162109375
0.00307226181030273 0.00849199295043945 0.271453857421875 -0.187301635742187
-0.01708984375 0.00470352172851563 0.33795166015625 0.165679931640625
-0.00783252716064453 -0.0162076950073242 0.06427001953125 0.444183349609375
0.0131559371948242 -0.00311183929443359 -0.21624755859375 0.28289794921875
0.0247764587402344 0.00969505310058594 0.00620651245117187 0.0290126800537109
0.0129518508911133 -0.00691890716552734 0.273468017578125 -0.2713623046875
0.00356316566467285 -0.00433683395385742 -0.02813720703125 -0.48529052734375
-0.00865650177001953 0.00522851943969726 -0.382659912109375 -0.173553466796875
-0.00119280815124512 -0.00131762027740479 -0.270736694335938 0.190231323242188
0.0123777389526367 -0.00295162200927734 -0.03692626953125 0.251663208007813
0.00180578231811523 -0.00868415832519531 0.127449035644531 0.122917175292969
0.0106830596923828 -0.0183639526367188 0.165237426757813 -0.0106353759765625
0.0139064788818359 -0.0130529403686523 -0.167556762695313 -0.00538635253906247
0.00595378875732422 -0.00574970245361328 -0.124786376953125 -0.141433715820312
0.0163593292236328 0.00119304656982422 0.0308685302734375 -0.2457275390625
0.00432348251342774 0.00804710388183594 0.271896362304688 -0.188613891601563
-0.0161924362182617 0.00395965576171875 0.3382568359375 0.163665771484375
-0.00777721405029297 -0.0159339904785156 0.066314697265625 0.442626953125
0.0112934112548828 -0.00198459625244141 -0.21551513671875 0.282135009765625
0.0205955505371094 0.0105361938476563 0.00594329833984375 0.0292930603027344
0.0105485916137695 -0.00567531585693359 0.2747802734375 -0.271087646484375
0.00255179405212402 -0.00359749794006348 -0.025421142578125 -0.48724365234375
-0.00760364532470703 0.004608154296875 -0.381256103515625 -0.175689697265625
-0.000362873077392578 -0.00176644325256348 -0.270431518554688 0.18756103515625
0.0129280090332031 -0.00158309936523438 -0.037078857421875 0.251296997070313
0.00203418731689453 -0.0077357292175293 0.128372192382813 0.123619079589844
0.0103225708007813 -0.0190200805664063 0.164932250976563 -0.0093994140625
0.0138339996337891 -0.0132217407226563 -0.16717529296875 -0.00541687011718747
0.00612640380859375 -0.00522041320800781 -0.12408447265625 -0.142410278320313
0.0161056518554688 0.00229835510253906 0.032379150390625 -0.2470703125
0.00502347946166992 0.00761079788208008 0.272659301757813 -0.189102172851563
-0.0157461166381836 0.00453567504882812 0.339813232421875 0.16448974609375
-0.00795555114746094 -0.0154027938842773 0.065948486328125 0.442901611328125
0.00911140441894531 -0.0007171630859375 -0.213760375976563 0.2801513671875
0.0172147750854492 0.0107450485229492 0.0081787109375 0.0279788970947266
0.00786924362182617 -0.00435686111450195 0.275283813476563 -0.2720947265625
0.0020604133605957 -0.00359368324279785 -0.028839111328125 -0.487762451171875
-0.00664329528808594 0.00381946563720703 -0.383636474609375 -0.175689697265625
0.000623345375061035 -0.00200259685516357 -0.270523071289062 0.187820434570313
0.0132932662963867 -0.000300407409667969 -0.03662109375 0.250808715820313
0.00109291076660156 -0.00674724578857422 0.128608703613281 0.123245239257812
0.0102005004882812 -0.0182933807373047 0.164886474609375 -0.0081634521484375
0.0135784149169922 -0.0118217468261719 -0.16717529296875 -0.00614929199218751
0.00687980651855469 -0.0045318603515625 -0.121963500976562 -0.143661499023438
0.0179157257080078 0.00352859497070313 0.03375244140625 -0.247695922851563
0.0054473876953125 0.00784540176391602 0.27490234375 -0.185806274414062
-0.0157356262207031 0.00350666046142578 0.33941650390625 0.167510986328125
-0.00803565979003906 -0.0161094665527344 0.06378173828125 0.44415283203125
0.00788211822509766 -0.000370979309082031 -0.2139892578125 0.279342651367188
0.0147457122802734 0.0115060806274414 0.0110721588134766 0.0271148681640625
0.00615739822387695 -0.00409936904907227 0.274368286132812 -0.2730712890625
0.00196504592895508 -0.00463342666625976 -0.03033447265625 -0.4874267578125
-0.00619316101074219 0.00324773788452149 -0.384124755859375 -0.17193603515625
0.00152397155761719 -0.00222086906433105 -0.26849365234375 0.189285278320312
0.0132532119750977 0.000341415405273438 -0.0363311767578125 0.250686645507812
0.00133180618286133 -0.00547027587890625 0.127899169921875 0.123085021972656
0.00968456268310547 -0.0172595977783203 0.16534423828125 -0.0070648193359375
0.013239860534668 -0.00976276397705078 -0.167831420898437 -0.00857543945312503
0.00719594955444336 -0.00341081619262695 -0.120803833007812 -0.145767211914063
0.0181598663330078 0.00488471984863281 0.0360260009765625 -0.249191284179688
0.00585174560546875 0.00763607025146484 0.27740478515625 -0.183944702148437
-0.0152730941772461 0.00273418426513672 0.33795166015625 0.173492431640625
-0.00738143920898438 -0.0173892974853516 0.060211181640625 0.443634033203125
0.00710487365722656 -0.000103950500488281 -0.213546752929687 0.276321411132813
0.0137052536010742 0.0114822387695313 0.0147953033447266 0.0254936218261719
0.00573205947875977 -0.00488901138305664 0.273956298828125 -0.276580810546875
0.00152301788330078 -0.00508213043212891 -0.036041259765625 -0.48529052734375
-0.0059967041015625 0.00254583358764648 -0.387969970703125 -0.16650390625
0.00169050693511963 -0.00161921977996826 -0.266693115234375 0.192459106445312
0.0134792327880859 0.00181674957275391 -0.03387451171875 0.25054931640625
0.000392436981201172 -0.00485134124755859 0.128868103027344 0.122459411621094
0.0092620849609375 -0.0152626037597656 0.16558837890625 -0.007354736328125
0.011723518371582 -0.00804519653320312 -0.167190551757813 -0.00885009765625003
0.00770330429077149 -0.00219535827636719 -0.119094848632813 -0.146392822265625
0.0180950164794922 0.00545120239257813 0.0389404296875 -0.248245239257812
0.00567960739135742 0.00828170776367188 0.279434204101563 -0.177947998046875
-0.0150480270385742 0.00154781341552735 0.336273193359375 0.17962646484375
-0.00711250305175781 -0.0191078186035156 0.05633544921875 0.446502685546875
0.00773000717163086 -0.000757217407226563 -0.214462280273438 0.272705078125
0.0144128799438477 0.0111427307128906 0.0186443328857422 0.0230922698974609
0.00558853149414063 -0.00569438934326172 0.2711181640625 -0.280593872070313
0.00181818008422852 -0.00620794296264649 -0.041595458984375 -0.483245849609375
-0.00523662567138672 0.00142860412597656 -0.38946533203125 -0.160186767578125
0.00246143341064453 -0.000821590423583984 -0.2640380859375 0.195938110351562
0.0133771896362305 0.00232315063476563 -0.031341552734375 0.250625610351563
0.00189065933227539 -0.0033268928527832 0.130241394042969 0.121047973632813
0.00915241241455078 -0.0124034881591797 0.166244506835937 -0.0078125
0.0152435302734375 -0.00976943969726563 -0.167831420898438 -0.00978088378906247
0.00889682769775391 -0.00619125366210938 -0.12615966796875 -0.142822265625
0.0154886245727539 0.000524520874023438 0.0338134765625 -0.244308471679687
0.00159072875976563 0.00927352905273438 0.275115966796875 -0.179794311523437
-0.017822265625 0.00471687316894531 0.33428955078125 0.17852783203125
-0.00579643249511719 -0.0191593170166016 0.054046630859375 0.450592041015625
0.0180492401123047 -0.00647354125976563 -0.22119140625 0.280136108398438
0.0301475524902344 0.00835227966308594 0.00925254821777344 0.0279254913330078
0.0169649124145508 -0.00818634033203125 0.272903442382813 -0.274566650390625
0.00406026840209961 -0.00597000122070312 -0.03460693359375 -0.4844970703125
-0.00846433639526367 0.00502872467041016 -0.38653564453125 -0.16534423828125
-0.00202262401580811 -0.000705957412719726 -0.268112182617188 0.195602416992188
0.0116767883300781 -0.00278663635253906 -0.034698486328125 0.252731323242188
0.00332546234130859 -0.00804042816162109 0.12847900390625 0.121788024902344
0.0115318298339844 -0.0152349472045898 0.166717529296875 -0.012847900390625
0.0149269104003906 -0.0120944976806641 -0.16796875 -0.00820922851562499
0.00772380828857422 -0.00644969940185547 -0.126007080078125 -0.142547607421875
0.0151643753051758 0.000229835510253906 0.0317535400390625 -0.24505615234375
0.00169754028320312 0.00903701782226563 0.272872924804688 -0.183883666992188
-0.0173530578613281 0.00513172149658203 0.335540771484375 0.172515869140625
-0.00666427612304687 -0.01763916015625 0.060272216796875 0.448638916015625
0.0158157348632813 -0.00539493560791016 -0.218658447265625 0.282135009765625
0.0273456573486328 0.0089111328125 0.00617790222167969 0.0291919708251953
0.0152034759521484 -0.00747203826904297 0.272979736328125 -0.272384643554688
0.00364828109741211 -0.00471353530883789 -0.030426025390625 -0.48553466796875
-0.0085453987121582 0.00567197799682617 -0.3857421875 -0.169921875
-0.00212240219116211 -0.00078737735748291 -0.270706176757813 0.192169189453125
0.0121984481811523 -0.00271987915039062 -0.036346435546875 0.252914428710938
0.00256633758544922 -0.00883674621582031 0.128501892089844 0.123443603515625
0.0110712051391602 -0.01708984375 0.166061401367188 -0.0120697021484375
0.0145740509033203 -0.0125942230224609 -0.16839599609375 -0.00660705566406252
0.00726842880249023 -0.00672006607055664 -0.126846313476563 -0.141128540039063
0.0160541534423828 0.000538825988769531 0.030059814453125 -0.245223999023438
0.00263166427612305 0.00859737396240234 0.272537231445313 -0.18695068359375
-0.0168294906616211 0.0049896240234375 0.33734130859375 0.168304443359375
-0.00742053985595703 -0.0166749954223633 0.06292724609375 0.44647216796875
0.0132856369018555 -0.00371742248535156 -0.2181396484375 0.283294677734375
0.0239887237548828 0.00970268249511719 0.0052947998046875 0.0292129516601563
0.0128183364868164 -0.00599193572998047 0.27593994140625 -0.27008056640625
0.00395655632019043 -0.00426983833312988 -0.026397705078125 -0.4866943359375
-0.00866842269897461 0.00536584854125976 -0.38330078125 -0.175384521484375
-0.00143754482269287 -0.00110757350921631 -0.271270751953125 0.1895751953125
0.0123090744018555 -0.00317001342773438 -0.0376129150390625 0.251922607421875
0.00170612335205078 -0.00893688201904297 0.128128051757812 0.123001098632813
0.010894775390625 -0.0184822082519531 0.165786743164063 -0.0106048583984375
0.014369010925293 -0.0133142471313477 -0.167984008789063 -0.00518798828124998
0.00655221939086914 -0.00540399551391602 -0.12554931640625 -0.14178466796875
0.0162982940673828 0.000715255737304687 0.030548095703125 -0.246002197265625
0.00415658950805664 0.00833272933959961 0.27142333984375 -0.18865966796875
-0.0159759521484375 0.00497531890869141 0.3397216796875 0.16668701171875
-0.00763034820556641 -0.0162143707275391 0.064361572265625 0.44500732421875
0.0111761093139648 -0.00170707702636719 -0.21722412109375 0.281524658203125
0.0202522277832031 0.0105648040771484 0.00536346435546875 0.0290470123291016
0.0101356506347656 -0.00492000579833984 0.275497436523438 -0.269989013671875
0.00306916236877441 -0.00345921516418457 -0.02410888671875 -0.48809814453125
-0.00772619247436523 0.00500297546386719 -0.38433837890625 -0.177520751953125
-0.000196099281311035 -0.00179171562194824 -0.272689819335938 0.188140869140625
0.0130500793457031 -0.0017547607421875 -0.03741455078125 0.251876831054688
0.00125837326049805 -0.00806522369384766 0.128852844238281 0.1236572265625
0.0100364685058594 -0.0188255310058594 0.1658935546875 -0.0091552734375
0.0136547088623047 -0.0129480361938477 -0.168075561523438 -0.00502014160156247
0.00640058517456055 -0.00496959686279297 -0.12445068359375 -0.14239501953125
0.0171575546264648 0.00233554840087891 0.031829833984375 -0.247177124023438
0.00493574142456055 0.00795650482177734 0.2735595703125 -0.188262939453125
-0.0155754089355469 0.0045633316040039 0.339019775390625 0.16693115234375
-0.00801372528076172 -0.0158262252807617 0.06610107421875 0.446502685546875
0.00874996185302734 -0.000838756561279297 -0.215240478515625 0.280609130859375
0.0166234970092773 0.0111446380615234 0.00731849670410156 0.0280971527099609
0.00801897048950195 -0.00420284271240234 0.2769775390625 -0.270645141601563
0.00279808044433594 -0.0036768913269043 -0.0258789062499999 -0.489349365234375
-0.00676727294921875 0.00429487228393555 -0.38421630859375 -0.176971435546875
0.000426411628723144 -0.00210058689117432 -0.2718505859375 0.187789916992187
0.0131216049194336 -0.00092315673828125 -0.037384033203125 0.251678466796875
0.0011286735534668 -0.00688552856445313 0.128692626953125 0.123512268066406
0.010223388671875 -0.0186939239501953 0.16583251953125 -0.00830078125
0.0135288238525391 -0.011509895324707 -0.16790771484375 -0.00614929199218749
0.0069279670715332 -0.00396156311035156 -0.122756958007813 -0.143646240234375
0.0176773071289063 0.00333595275878906 0.0340576171875 -0.247970581054688
0.00535869598388672 0.00841188430786133 0.276077270507813 -0.185455322265625
-0.015284538269043 0.00371170043945313 0.339019775390625 0.17047119140625
-0.00780010223388672 -0.0167436599731445 0.063690185546875 0.44549560546875
0.00738096237182617 -0.000440120697021484 -0.215866088867188 0.278274536132812
0.0145235061645508 0.0116434097290039 0.0104560852050781 0.0268001556396484
0.00613164901733398 -0.00411748886108398 0.277206420898438 -0.273269653320313
0.00231289863586426 -0.004058837890625 -0.0284423828125 -0.488922119140625
-0.00647878646850586 0.0032196044921875 -0.38555908203125 -0.173919677734375
0.00132465362548828 -0.0019080638885498 -0.270278930664063 0.189651489257812
0.0129661560058594 -0.00023651123046875 -0.03680419921875 0.251998901367188
0.000886917114257813 -0.00531148910522461 0.129364013671875 0.123214721679688
0.00986194610595703 -0.0172433853149414 0.1663818359375 -0.007476806640625
0.0129432678222656 -0.00988292694091797 -0.168243408203125 -0.00891113281249998
0.00748109817504883 -0.00406122207641602 -0.121490478515625 -0.145645141601562
0.0181980133056641 0.00467681884765625 0.036468505859375 -0.249038696289063
0.00576448440551758 0.00812768936157227 0.278457641601563 -0.182022094726562
-0.0150365829467773 0.00277423858642578 0.3382568359375 0.176116943359375
-0.00782585144042969 -0.017425537109375 0.059661865234375 0.445892333984375
0.0066986083984375 -0.000148773193359375 -0.216415405273438 0.275634765625
0.0139484405517578 0.0120096206665039 0.0140285491943359 0.0250091552734375
0.00536060333251953 -0.00469398498535156 0.275787353515625 -0.275604248046875
0.00208902359008789 -0.00552177429199219 -0.033447265625 -0.48681640625
-0.00583744049072266 0.00271511077880859 -0.387451171875 -0.168914794921875
0.00175213813781738 -0.00150954723358154 -0.26849365234375 0.192123413085938
0.0134868621826172 0.00154495239257813 -0.0344085693359375 0.251861572265625
0.0009918212890625 -0.00493574142456055 0.129791259765625 0.123207092285156
0.00938224792480469 -0.0154495239257812 0.1668701171875 -0.0070648193359375
0.0122041702270508 -0.00832939147949219 -0.16827392578125 -0.00891113281249998
0.00803232192993164 -0.00252580642700195 -0.11981201171875 -0.146682739257813
0.018798828125 0.00553131103515625 0.0383148193359375 -0.248931884765625
0.00582218170166016 0.0086517333984375 0.279937744140625 -0.177444458007813
-0.0146522521972656 0.00184822082519531 0.335906982421875 0.181732177734375
-0.00663185119628906 -0.0190906524658203 0.05438232421875 0.449005126953125
0.00757408142089844 -0.000695228576660156 -0.217056274414062 0.272720336914063
0.0140275955200195 0.011439323425293 0.0183582305908203 0.0234546661376953
0.0053863525390625 -0.0050811767578125 0.272781372070313 -0.280242919921875
0.00257968902587891 -0.00647592544555664 -0.038970947265625 -0.48443603515625
-0.00519323348999023 0.00155496597290039 -0.38946533203125 -0.16131591796875
0.00214064121246338 -0.000904440879821777 -0.265640258789062 0.196182250976563
0.0135507583618164 0.00227832794189453 -0.0316009521484375 0.251296997070313
0.00126290321350098 -0.00346851348876953 0.130706787109375 0.121894836425781
0.00919628143310547 -0.0131568908691406 0.167343139648438 -0.0086669921875
