TRXV5
3
4
4
9
string Extension=J
integer IsArchMeasurement=1
integer IsSpherical=1
string Generator=SPM
string GeneratorVersion=1.3.1 Dev
double ArchRadius=0.449999988079071
integer FrequencyAxisIndex=0
integer AzimuthAxisIndex=1
integer ElevationAxisIndex=2
Frequency
5 201 700000000 800000000 LIN
Azimuth
7 8 0 2.74889357189107 LIN
Elevation
7 15 -2.74889357189107 2.74889357189107 LIN
Polar H Real Part
13
Polar H Imaginary Part
14
Polar V Real Part
13
Polar V Imaginary Part
14
Polar H Magnitude (dB)
12 0xC0000002 0 1
Polar H Phase
7 0xC0000003 0 1
Polar V Magnitude (dB)
12 0xC0000002 2 3
Polar V Phase
7 0xC0000003 2 3
0.0213527679443359 -0.00323867797851563 -0.102294921875 -0.124153137207031
0.0110130310058594 -0.000774383544921875 0.03350830078125 -0.18914794921875
0.0137405395507813 0.0105342864990234 0.217208862304688 -0.133529663085938
0.000675201416015625 0.0105276107788086 0.33160400390625 0.08636474609375
-0.0127582550048828 -0.000355720520019533 0.1251220703125 0.362396240234375
-0.00498199462890625 -0.006988525390625 -0.218780517578125 0.3892822265625
-0.00970554351806641 0.0101175308227539 -0.293243408203125 0.137786865234375
-0.00868511199951172 0.0127658843994141 0.0133590698242188 0.0302371978759766
-0.00676870346069336 0.00167083740234375 0.3533935546875 -0.1102294921875
-0.00272274017333984 0.0084080696105957 0.25714111328125 -0.40435791015625
-0.0058283805847168 0.00707483291625976 -0.170166015625 -0.387725830078125
0.0049901008605957 -0.000504016876220703 -0.33038330078125 -0.0674438476562499
0.0130147933959961 0.00703716278076172 -0.21710205078125 0.136398315429688
0.00991153717041016 -0.00646018981933594 -0.0118255615234375 0.173446655273438
0.0208797454833984 -0.0094451904296875 0.115806579589844 0.107894897460938
0.0191879272460938 -0.0017852783203125 -0.101783752441406 -0.125335693359375
0.00981521606445312 0.00126075744628906 0.0378265380859375 -0.188232421875
0.0120849609375 0.0117769241333008 0.222442626953125 -0.128067016601563
-0.000493049621582032 0.00993156433105469 0.330078125 0.0968017578125
-0.0125999450683594 -0.00314712524414063 0.115447998046875 0.3668212890625
-0.00229072570800781 -0.00921058654785156 -0.228485107421875 0.383087158203125
-0.00636529922485351 0.00868701934814453 -0.29132080078125 0.130462646484375
-0.00511455535888672 0.0130653381347656 0.0220737457275391 0.029144287109375
-0.00352144241333008 0.00117683410644531 0.356903076171875 -0.118499755859375
-0.000575065612792969 0.00612926483154297 0.248443603515625 -0.4107666015625
-0.00526905059814453 0.00473403930664063 -0.178619384765625 -0.380828857421875
0.00364375114440918 -0.000461816787719727 -0.328582763671875 -0.0592041015625
0.0114622116088867 0.00723171234130859 -0.212387084960937 0.140350341796875
0.00828218460083008 -0.00472784042358398 -0.00828552246093751 0.172897338867188
0.0199050903320313 -0.00760269165039063 0.11627197265625 0.106414794921875
0.0179920196533203 0.000761032104492188 -0.100212097167969 -0.126441955566406
0.00844097137451172 0.00379228591918945 0.0409698486328125 -0.187637329101563
0.0101909637451172 0.0134639739990234 0.226364135742187 -0.124404907226563
-0.00271511077880859 0.00931167602539063 0.328216552734375 0.104156494140625
-0.0121355056762695 -0.00634765625 0.107086181640625 0.37286376953125
0.00260353088378906 -0.0128803253173828 -0.23504638671875 0.379791259765625
-7.53402709960937E-05 0.00714111328125 -0.28851318359375 0.12445068359375
0.000409126281738282 0.0132179260253906 0.0298042297363281 0.0283622741699219
0.0020596981048584 -0.000558733940124512 0.356689453125 -0.12554931640625
0.00408530235290527 0.00220608711242676 0.23797607421875 -0.416351318359375
-0.00493478775024414 0.00223493576049805 -0.187744140625 -0.374847412109375
0.00168108940124512 -0.000666379928588867 -0.327392578125 -0.0508422851562501
0.00977611541748047 0.00825786590576172 -0.208938598632813 0.145065307617187
0.00605106353759766 -0.00276756286621094 -0.00617980957031248 0.173873901367188
0.0181674957275391 -0.00548553466796875 0.116706848144531 0.1063232421875
0.0159120559692383 0.00314140319824219 -0.100006103515625 -0.127243041992188
0.00654888153076172 0.0066986083984375 0.0428314208984375 -0.186141967773437
0.00779533386230469 0.0148038864135742 0.227798461914062 -0.120773315429687
-0.00522422790527344 0.00882530212402344 0.32769775390625 0.110931396484375
-0.0114297866821289 -0.0101461410522461 0.10028076171875 0.377197265625
0.0086517333984375 -0.0169906616210938 -0.241912841796875 0.377166748046875
0.00774574279785156 0.005615234375 -0.287200927734375 0.119842529296875
0.00889015197753906 0.0144186019897461 0.0334510803222656 0.0268516540527344
0.00965690612792969 -0.00267887115478516 0.357177734375 -0.12933349609375
0.00733184814453125 -0.00262355804443359 0.231201171875 -0.418914794921875
-0.00451898574829102 -0.00168085098266602 -0.19317626953125 -0.370819091796875
-0.000557184219360351 -0.00133168697357178 -0.328033447265625 -0.045074462890625
0.00772809982299805 0.00864315032958984 -0.2064208984375 0.1478271484375
0.00415468215942383 -0.000149250030517578 -0.0046234130859375 0.173980712890625
0.0161561965942383 -0.002685546875 0.116798400878906 0.106376647949219
0.0136585235595703 0.00605583190917969 -0.099029541015625 -0.12713623046875
0.0055694580078125 0.00929164886474609 0.0443878173828125 -0.185409545898437
0.00601100921630859 0.0157403945922852 0.229202270507813 -0.11834716796875
-0.00683021545410156 0.00722455978393555 0.325286865234375 0.115478515625
-0.0104312896728516 -0.0131893157958984 0.0972900390625 0.3802490234375
0.0134468078613281 -0.0212669372558594 -0.244384765625 0.3760986328125
0.016148567199707 0.00402641296386719 -0.287384033203125 0.11798095703125
0.01788330078125 0.0153541564941406 0.0338764190673828 0.0262393951416016
0.0177783966064453 -0.00409126281738281 0.355438232421875 -0.131500244140625
0.0123281478881836 -0.00653171539306641 0.226226806640625 -0.41888427734375
-0.00384521484375 -0.00474071502685547 -0.196563720703125 -0.369903564453125
-0.00220417976379395 -0.0016486644744873 -0.328125 -0.04296875
0.00545310974121094 0.009063720703125 -0.205947875976563 0.149765014648438
0.00313305854797363 0.00184512138366699 -0.004302978515625 0.174484252929688
0.0140466690063477 0.000585556030273437 0.116867065429687 0.107872009277344
0.011082649230957 0.00794029235839844 -0.0989532470703125 -0.125953674316406
0.00559616088867187 0.0121536254882813 0.04290771484375 -0.184494018554688
0.00429439544677734 0.0162038803100586 0.22686767578125 -0.118331909179688
-0.00829648971557617 0.00657796859741211 0.324676513671875 0.114532470703125
-0.00969123840332031 -0.0161266326904297 0.096282958984375 0.3792724609375
0.0179290771484375 -0.025543212890625 -0.246002197265625 0.37542724609375
0.0241432189941406 0.00196647644042969 -0.290313720703125 0.1182861328125
0.0263042449951172 0.0164947509765625 0.0297908782958984 0.0265712738037109
0.0249996185302734 -0.00574111938476563 0.353668212890625 -0.129974365234375
0.0160903930664063 -0.0108242034912109 0.226837158203125 -0.416412353515625
-0.00419902801513672 -0.00829553604125977 -0.19586181640625 -0.368927001953125
-0.00361967086791992 -0.00246500968933106 -0.328704833984375 -0.0432434082031251
0.0036468505859375 0.0100107192993164 -0.206192016601562 0.148391723632813
0.00211715698242188 0.00380539894104004 -0.004913330078125 0.174606323242188
0.0115413665771484 0.00317573547363281 0.116561889648437 0.107589721679688
0.00962162017822265 0.00965976715087891 -0.0989761352539063 -0.125526428222656
0.00560379028320313 0.0125741958618164 0.040069580078125 -0.184112548828125
0.00293540954589844 0.0164079666137695 0.224044799804687 -0.120712280273437
-0.0097036361694336 0.00596046447753906 0.322662353515625 0.1097412109375
-0.00956153869628906 -0.0180377960205078 0.09918212890625 0.375946044921875
0.0205116271972656 -0.0280933380126953 -0.2423095703125 0.37774658203125
0.0290641784667969 0.000543594360351563 -0.29315185546875 0.1209716796875
0.0323047637939453 0.0173797607421875 0.0228919982910156 0.0271816253662109
0.0302848815917969 -0.00631332397460938 0.349273681640625 -0.124114990234375
0.0188846588134766 -0.0133342742919922 0.230194091796875 -0.412445068359375
-0.003875732421875 -0.00996494293212891 -0.191741943359375 -0.369964599609375
-0.00552463531494141 -0.00247716903686524 -0.33123779296875 -0.0476074218749999
0.00316047668457031 0.0104579925537109 -0.20941162109375 0.146087646484375
0.00194120407104492 0.00458955764770508 -0.00698852539062501 0.175399780273438
0.0100259780883789 0.00496768951416016 0.116905212402344 0.108436584472656
0.00908279418945313 0.0106801986694336 -0.100250244140625 -0.123672485351562
0.00618934631347656 0.0126171112060547 0.036773681640625 -0.184494018554688
0.00286102294921875 0.0159511566162109 0.22039794921875 -0.124099731445313
-0.00960159301757813 0.00597953796386718 0.323974609375 0.102508544921875
-0.00985145568847656 -0.0184707641601563 0.10577392578125 0.3734130859375
0.0208225250244141 -0.0297927856445313 -0.237518310546875 0.3836669921875
0.0318660736083984 -0.00072479248046875 -0.297637939453125 0.127197265625
0.037139892578125 0.0178718566894531 0.0144805908203125 0.0277080535888672
0.0332527160644531 -0.00587272644042969 0.347442626953125 -0.11822509765625
0.0206146240234375 -0.0136432647705078 0.23797607421875 -0.407806396484375
-0.00417232513427734 -0.0110111236572266 -0.185089111328125 -0.377197265625
-0.00519752502441406 -0.00212669372558594 -0.3321533203125 -0.0528564453125
0.00289535522460938 0.0104999542236328 -0.214218139648438 0.143096923828125
0.00216770172119141 0.00512456893920898 -0.00888061523437501 0.17529296875
0.00875329971313477 0.00642538070678711 0.115882873535156 0.109451293945313
0.0210208892822266 -0.00354957580566406 -0.103347778320312 -0.125
0.0113515853881836 -0.000814437866210938 0.0328826904296875 -0.189697265625
0.0137691497802734 0.0102367401123047 0.2181396484375 -0.133956909179688
-4.7683715820313E-05 0.0107307434082031 0.33258056640625 0.086822509765625
-0.0133113861083984 -0.00100135803222656 0.126007080078125 0.364227294921875
-0.00431060791015625 -0.00707721710205078 -0.220916748046875 0.390228271484375
-0.0100736618041992 0.0100917816162109 -0.295745849609375 0.13751220703125
-0.00930595397949219 0.0123586654663086 0.0125293731689453 0.0296955108642578
-0.00711393356323242 0.00259685516357422 0.35430908203125 -0.10986328125
-0.00246620178222656 0.0082850456237793 0.258636474609375 -0.40655517578125
-0.00581884384155274 0.00738382339477539 -0.170318603515625 -0.388214111328125
0.00478553771972656 -0.000307083129882812 -0.33148193359375 -0.068603515625
0.0132408142089844 0.00694751739501953 -0.218338012695313 0.136932373046875
0.00958728790283203 -0.00586700439453125 -0.0117340087890625 0.1737060546875
0.0211009979248047 -0.00975608825683594 0.116363525390625 0.108551025390625
0.0192203521728516 -0.00158500671386719 -0.102806091308594 -0.125534057617188
0.0101747512817383 0.00134563446044922 0.037506103515625 -0.188995361328125
0.0122108459472656 0.0116748809814453 0.222305297851562 -0.128524780273437
-0.00128650665283203 0.0102767944335938 0.3304443359375 0.098480224609375
-0.0127010345458984 -0.00335597991943359 0.114410400390625 0.370208740234375
-0.000968933105468751 -0.00941658020019531 -0.2305908203125 0.38494873046875
-0.00638818740844727 0.0086660385131836 -0.293853759765625 0.12945556640625
-0.00644779205322265 0.0132627487182617 0.0217380523681641 0.0287322998046875
-0.00406670570373535 0.00132322311401367 0.3572998046875 -0.117034912109375
-0.000355720520019532 0.00613594055175781 0.25054931640625 -0.41094970703125
-0.00530147552490234 0.00547599792480469 -0.178741455078125 -0.382904052734375
0.0037229061126709 -0.000468969345092773 -0.33074951171875 -0.0592041015625
0.0112276077270508 0.007232666015625 -0.213912963867187 0.141311645507813
0.00780868530273437 -0.00458240509033203 -0.00764465332031251 0.174041748046875
0.0193061828613281 -0.00746536254882812 0.117088317871094 0.107025146484375
0.0182552337646484 0.000196456909179688 -0.101539611816406 -0.127334594726563
0.00832080841064453 0.00425148010253906 0.0410003662109375 -0.188095092773438
0.0107994079589844 0.0131998062133789 0.22613525390625 -0.124420166015625
-0.00295352935791016 0.00981712341308594 0.33026123046875 0.10516357421875
-0.0120964050292969 -0.00643825531005859 0.107177734375 0.37469482421875
0.00318336486816406 -0.0132732391357422 -0.237518310546875 0.380828857421875
-0.00024700164794922 0.00715112686157227 -0.289886474609375 0.124481201171875
0.000359535217285155 0.013397216796875 0.0290966033935547 0.0277366638183594
0.00243782997131348 -0.000161886215209961 0.358001708984375 -0.125274658203125
0.00357294082641602 0.00275278091430664 0.239501953125 -0.415924072265625
-0.00497674942016602 0.0023345947265625 -0.187774658203125 -0.377166748046875
0.00177896022796631 -0.00126254558563232 -0.33026123046875 -0.0508728027343751
0.00977325439453125 0.00778102874755859 -0.209213256835938 0.145950317382812
0.00590705871582031 -0.00269079208374023 -0.00559997558593751 0.174591064453125
0.0183773040771484 -0.00564002990722656 0.117843627929688 0.107200622558594
0.0160427093505859 0.00347900390625 -0.100936889648438 -0.127273559570312
0.00739288330078125 0.00701427459716797 0.0426025390625 -0.187164306640625
0.00772190093994141 0.0150547027587891 0.228317260742188 -0.121246337890625
-0.00529861450195313 0.00883293151855469 0.329315185546875 0.111358642578125
-0.0111455917358398 -0.00955486297607422 0.10003662109375 0.378814697265625
0.00886917114257813 -0.0172042846679687 -0.2445068359375 0.378021240234375
0.00742006301879883 0.00540637969970703 -0.289642333984375 0.119781494140625
0.00868320465087891 0.0147800445556641 0.0323009490966797 0.0267810821533203
0.00918292999267578 -0.00229644775390625 0.35791015625 -0.13031005859375
0.00824165344238281 -0.0024561882019043 0.23284912109375 -0.419586181640625
-0.00413060188293457 -0.000973463058471681 -0.193206787109375 -0.37261962890625
-0.000111699104309082 -0.00135231018066406 -0.32965087890625 -0.045166015625
0.00732851028442383 0.0086512565612793 -0.207077026367187 0.148666381835938
0.00469350814819336 -0.000574111938476563 -0.00427246093750001 0.174560546875
0.0158309936523438 -0.00278282165527344 0.117935180664063 0.10699462890625
0.0142955780029297 0.00631046295166016 -0.0991287231445312 -0.128166198730469
0.00583553314208984 0.00983238220214844 0.0437774658203125 -0.1864013671875
0.00646591186523437 0.0153131484985352 0.229644775390625 -0.118850708007813
-0.00725746154785156 0.0075078010559082 0.327301025390625 0.116851806640625
-0.0103864669799805 -0.0137052536010742 0.09619140625 0.382781982421875
0.0136871337890625 -0.0212688446044922 -0.24700927734375 0.376556396484375
0.0163116455078125 0.00382232666015625 -0.2899169921875 0.1177978515625
0.0176506042480469 0.0162029266357422 0.0331039428710938 0.0268898010253906
0.0175714492797852 -0.00419902801513672 0.3570556640625 -0.131072998046875
0.0124845504760742 -0.00601291656494141 0.227813720703125 -0.420867919921875
-0.00430917739868164 -0.00502920150756836 -0.19683837890625 -0.370941162109375
-0.00254702568054199 -0.00166249275207519 -0.33062744140625 -0.0436096191406249
0.00600528717041016 0.00928497314453125 -0.2069091796875 0.150177001953125
0.00330042839050293 0.00186395645141602 -0.00389099121093751 0.175796508789063
0.0140771865844727 -0.000543594360351563 0.11810302734375 0.107734680175781
0.0115871429443359 0.00843620300292969 -0.099884033203125 -0.126663208007813
0.00534152984619141 0.0121526718139648 0.042236328125 -0.18603515625
0.00418663024902344 0.0166225433349609 0.226699829101562 -0.118453979492187
-0.00850486755371094 0.00692462921142578 0.325103759765625 0.1158447265625
-0.00979900360107422 -0.0167121887207031 0.0949096679687499 0.380340576171875
0.0179786682128906 -0.0251636505126953 -0.248382568359375 0.377197265625
0.0240821838378906 0.00211334228515625 -0.292083740234375 0.117889404296875
0.0258102416992188 0.0167083740234375 0.0292778015136719 0.0264472961425781
0.0243377685546875 -0.00499534606933594 0.3543701171875 -0.12939453125
0.0161514282226562 -0.0102748870849609 0.229705810546875 -0.416839599609375
-0.00371217727661133 -0.00758838653564453 -0.195404052734375 -0.37115478515625
-0.0040740966796875 -0.00200271606445313 -0.33050537109375 -0.044189453125
0.00398921966552734 0.00955009460449219 -0.20733642578125 0.149444580078125
0.00217890739440918 0.00370907783508301 -0.00425720214843751 0.176300048828125
0.0117921829223633 0.0026702880859375 0.118171691894531 0.107719421386719
0.0104646682739258 0.0097503662109375 -0.0995864868164063 -0.125373840332031
0.00581073760986328 0.0130510330200195 0.039886474609375 -0.1859130859375
0.00316143035888672 0.0161762237548828 0.22369384765625 -0.120590209960938
-0.00963211059570313 0.00653266906738281 0.324127197265625 0.110015869140625
-0.00970077514648438 -0.0183258056640625 0.098785400390625 0.379547119140625
0.0207233428955078 -0.0280437469482422 -0.244781494140625 0.380035400390625
0.0290546417236328 0.00066375732421875 -0.295196533203125 0.121185302734375
0.0321636199951172 0.0180377960205078 0.0228366851806641 0.0269699096679688
0.0299949645996094 -0.00560951232910156 0.35150146484375 -0.1251220703125
0.0189418792724609 -0.0128841400146484 0.232940673828125 -0.414398193359375
-0.00334930419921875 -0.0101385116577148 -0.1920166015625 -0.373687744140625
-0.00529813766479492 -0.00230836868286133 -0.332122802734375 -0.0474853515625
0.00301456451416016 0.010249137878418 -0.21063232421875 0.147140502929687
0.00146579742431641 0.00535678863525391 -0.00645446777343749 0.175811767578125
0.00980758666992188 0.00467586517333984 0.117156982421875 0.109130859375
0.00923633575439453 0.0108356475830078 -0.100593566894531 -0.123977661132812
0.0064229965209961 0.012939453125 0.0365753173828125 -0.18536376953125
0.00270271301269531 0.0164413452148438 0.220306396484375 -0.124053955078125
-0.00980854034423828 0.00626087188720703 0.32427978515625 0.103485107421875
-0.0100250244140625 -0.0187358856201172 0.105621337890625 0.37457275390625
0.0210590362548828 -0.029815673828125 -0.239288330078125 0.38568115234375
0.0320205688476563 -0.000192642211914063 -0.300384521484375 0.127471923828125
0.03631591796875 0.0184478759765625 0.0134449005126953 0.0273628234863281
0.0335273742675781 -0.00577163696289062 0.349700927734375 -0.117767333984375
0.0205307006835938 -0.0138626098632813 0.239349365234375 -0.40875244140625
-0.00314617156982422 -0.0110836029052734 -0.18560791015625 -0.37811279296875
-0.00534296035766601 -0.00263738632202148 -0.333770751953125 -0.0547180175781251
0.00267505645751953 0.0104522705078125 -0.214797973632813 0.144210815429688
0.00233650207519531 0.00551557540893555 -0.00941467285156251 0.176132202148437
0.00915908813476563 0.00658130645751953 0.117156982421875 0.11016845703125
0.0213699340820313 -0.00319862365722656 -0.104774475097656 -0.125717163085937
0.0115585327148438 -0.000345230102539063 0.03204345703125 -0.191024780273438
0.0144672393798828 0.0107593536376953 0.217742919921875 -0.135299682617188
-7.05718994140619E-05 0.0108613967895508 0.332977294921875 0.08782958984375
-0.0133800506591797 -0.00100612640380859 0.1263427734375 0.36639404296875
-0.00428390502929687 -0.00669479370117188 -0.222900390625 0.39385986328125
-0.00997543334960937 0.0100364685058594 -0.299285888671875 0.137542724609375
-0.0095663070678711 0.0130252838134766 0.012237548828125 0.0300846099853516
-0.00770854949951172 0.00297689437866211 0.356201171875 -0.110595703125
-0.00266361236572266 0.00907039642333984 0.261260986328125 -0.40789794921875
-0.00591182708740234 0.00758171081542969 -0.171112060546875 -0.392303466796875
0.00472736358642578 -0.000247001647949219 -0.3330078125 -0.0681762695312501
0.0136604309082031 0.00709247589111328 -0.2193603515625 0.138107299804687
0.00953292846679688 -0.00592231750488281 -0.0115966796875 0.175201416015625
0.0210132598876953 -0.00999641418457031 0.117835998535156 0.109123229980469
0.0197048187255859 -0.00206947326660156 -0.103668212890625 -0.126182556152344
0.0108575820922852 0.000782966613769531 0.0371551513671875 -0.189987182617188
0.0127639770507813 0.011631965637207 0.222946166992188 -0.129653930664063
-0.00134086608886719 0.0106344223022461 0.3314208984375 0.097625732421875
-0.0126066207885742 -0.00316524505615234 0.11419677734375 0.372161865234375
-0.00178241729736328 -0.00919723510742188 -0.231842041015625 0.388519287109375
-0.00646114349365234 0.00938320159912109 -0.29541015625 0.130157470703125
-0.00610542297363281 0.0133543014526367 0.0213546752929687 0.0289497375488281
-0.00430083274841309 0.00141596794128418 0.359649658203125 -0.1173095703125
1.85966491699219E-05 0.00633907318115234 0.2515869140625 -0.412841796875
-0.00485754013061523 0.00539779663085938 -0.17950439453125 -0.384674072265625
0.00377631187438965 -0.000708103179931641 -0.332244873046875 -0.058990478515625
0.0116090774536133 0.00689315795898438 -0.214080810546875 0.14227294921875
0.00772285461425781 -0.00531673431396484 -0.00727844238281251 0.175033569335938
0.019744873046875 -0.00749397277832031 0.118293762207031 0.107269287109375
0.0186824798583984 0.00060272216796875 -0.102882385253906 -0.12841796875
0.00882720947265625 0.00450897216796875 0.0401611328125 -0.189163208007813
0.0110158920288086 0.0134963989257813 0.226638793945312 -0.125885009765625
-0.00347423553466797 0.00989627838134765 0.3321533203125 0.106536865234375
-0.0122957229614258 -0.00652503967285156 0.1068115234375 0.37774658203125
0.00358867645263672 -0.013026237487793 -0.23992919921875 0.383819580078125
0.000104427337646485 0.00715017318725586 -0.29266357421875 0.12445068359375
0.00025653839111328 0.0141839981079102 0.0284404754638672 0.0276622772216797
0.00191128253936768 -0.000171780586242676 0.3604736328125 -0.12530517578125
0.00420546531677246 0.00244951248168945 0.2408447265625 -0.419158935546875
-0.00443601608276367 0.00259590148925781 -0.190338134765625 -0.3802490234375
0.00161337852478027 -0.000889897346496582 -0.331817626953125 -0.0517578124999999
0.00996685028076172 0.00834941864013672 -0.21038818359375 0.147506713867188
0.00631237030029297 -0.00246000289916992 -0.0059967041015625 0.175506591796875
0.018646240234375 -0.00609016418457031 0.11883544921875 0.107925415039063
0.0162620544433594 0.00306606292724609 -0.101776123046875 -0.128105163574219
0.00751590728759766 0.00729846954345703 0.0423431396484375 -0.188674926757813
0.00845527648925781 0.0147323608398437 0.229156494140625 -0.12225341796875
-0.00512218475341797 0.00861263275146485 0.330841064453125 0.112335205078125
-0.0106210708618164 -0.00978565216064453 0.100738525390625 0.381011962890625
0.00864982604980469 -0.0174779891967773 -0.246246337890625 0.380767822265625
0.00781869888305664 0.00559043884277344 -0.29217529296875 0.11968994140625
0.00808525085449219 0.0149450302124023 0.0330314636230469 0.0264358520507813
0.00888538360595703 -0.00223922729492188 0.36126708984375 -0.1307373046875
0.00798273086547851 -0.00212478637695313 0.2349853515625 -0.4222412109375
-0.00385832786560059 -0.000958919525146484 -0.1943359375 -0.374481201171875
-0.000167727470397949 -0.00132417678833008 -0.33111572265625 -0.0458679199218749
0.00764274597167969 0.00905799865722656 -0.207855224609375 0.14984130859375
0.00412273406982422 -0.000176191329956055 -0.00326538085937501 0.175689697265625
0.0163373947143555 -0.00333786010742188 0.119377136230469 0.10784912109375
0.0136852264404297 0.00588703155517578 -0.100875854492187 -0.12847900390625
0.00634765625 0.0100240707397461 0.043792724609375 -0.187347412109375
0.00637245178222656 0.0166091918945313 0.2301025390625 -0.119949340820313
-0.00743293762207031 0.0079798698425293 0.328521728515625 0.117584228515625
-0.0107917785644531 -0.0134115219116211 0.096588134765625 0.384796142578125
0.0145778656005859 -0.0218734741210938 -0.249786376953125 0.379791259765625
0.0164260864257813 0.00380134582519531 -0.292205810546875 0.118133544921875
0.0174837112426758 0.0164947509765625 0.0330581665039063 0.0261821746826172
0.0170583724975586 -0.00409603118896484 0.358673095703125 -0.131591796875
0.0129003524780273 -0.00617790222167969 0.2298583984375 -0.42193603515625
-0.00419473648071289 -0.00440502166748047 -0.19866943359375 -0.373687744140625
-0.00229382514953613 -0.00207781791687012 -0.3321533203125 -0.043212890625
0.005889892578125 0.00930404663085938 -0.2073974609375 0.151473999023438
0.00317287445068359 0.00185608863830566 -0.00408935546875001 0.177032470703125
0.0141391754150391 -0.000287055969238281 0.119117736816406 0.108619689941406
0.0114774703979492 0.00830650329589844 -0.101158142089844 -0.127571105957031
0.00605106353759766 0.0120477676391602 0.0419769287109375 -0.186935424804688
0.00459003448486328 0.0165328979492188 0.227691650390625 -0.119232177734375
-0.00882625579833984 0.00683021545410156 0.326995849609375 0.1160888671875
-0.00990009307861328 -0.0161428451538086 0.0947265625 0.3834228515625
0.0184078216552734 -0.0260410308837891 -0.2501220703125 0.37994384765625
0.0240898132324219 0.00194168090820312 -0.29498291015625 0.11761474609375
0.02557373046875 0.017669677734375 0.0290966033935547 0.0262203216552734
0.0239849090576172 -0.00526809692382813 0.357086181640625 -0.129119873046875
0.0163402557373047 -0.0106725692749023 0.231048583984375 -0.41888427734375
-0.0036778450012207 -0.00737857818603516 -0.19659423828125 -0.3726806640625
-0.00391030311584473 -0.00196027755737305 -0.332794189453125 -0.0436401367187499
0.00413131713867187 0.009979248046875 -0.208587646484375 0.15032958984375
0.00242042541503906 0.00443553924560547 -0.00395202636718749 0.176681518554688
0.0116968154907227 0.00261688232421875 0.11865234375 0.108787536621094
0.0100126266479492 0.010009765625 -0.1009521484375 -0.126678466796875
0.00601100921630859 0.0133790969848633 0.039154052734375 -0.186538696289063
0.00347232818603516 0.0166597366333008 0.224929809570313 -0.121749877929688
-0.00961017608642578 0.00697708129882813 0.32623291015625 0.11151123046875
-0.00978851318359375 -0.0181770324707031 0.100067138671875 0.381591796875
0.0214519500732422 -0.0280532836914063 -0.246185302734375 0.38330078125
0.0294036865234375 0.000543594360351563 -0.29815673828125 0.121612548828125
0.0325107574462891 0.0184364318847656 0.022216796875 0.0256595611572266
0.0297603607177734 -0.00582695007324219 0.353302001953125 -0.124267578125
0.019287109375 -0.0131778717041016 0.23455810546875 -0.4146728515625
-0.00346565246582031 -0.0100269317626953 -0.1923828125 -0.37628173828125
-0.00541210174560547 -0.00245094299316406 -0.33349609375 -0.047698974609375
0.00352001190185547 0.0101203918457031 -0.211807250976563 0.148788452148437
0.00143003463745117 0.0054011344909668 -0.00631713867187501 0.177093505859375
0.010014533996582 0.00484275817871094 0.118865966796875 0.109825134277344
0.00938892364501953 0.0112361907958984 -0.101264953613281 -0.124488830566406
0.00655269622802734 0.0133628845214844 0.03570556640625 -0.187210083007813
0.00339317321777344 0.0157690048217773 0.220291137695313 -0.125259399414063
-0.0101089477539063 0.00719070434570312 0.32635498046875 0.103668212890625
-0.0101146697998047 -0.0190029144287109 0.10589599609375 0.378875732421875
0.0218753814697266 -0.0297565460205078 -0.24090576171875 0.38836669921875
0.0323944091796875 -0.000406265258789063 -0.302490234375 0.127410888671875
0.03662109375 0.0191078186035156 0.0136451721191406 0.0269889831542969
0.0334720611572266 -0.00563812255859375 0.35003662109375 -0.118682861328125
0.0208549499511719 -0.0135307312011719 0.242279052734375 -0.4100341796875
-0.00333881378173828 -0.0111608505249023 -0.185333251953125 -0.38006591796875
-0.00586366653442383 -0.0026102066040039 -0.33526611328125 -0.0548095703125
0.00303936004638672 0.0103054046630859 -0.21600341796875 0.145645141601563
0.0023350715637207 0.00522470474243164 -0.00914001464843748 0.177078247070313
0.00924301147460938 0.00610828399658203 0.118484497070313 0.110733032226563
0.0212936401367188 -0.00330924987792969 -0.106430053710937 -0.126441955566406
0.0119132995605469 -8.86917114257813E-05 0.03167724609375 -0.19207763671875
0.0149250030517578 0.0106258392333984 0.219009399414063 -0.136642456054688
0.000185966491699219 0.0112533569335938 0.336181640625 0.08673095703125
-0.0134477615356445 -0.00083637237548828 0.126617431640625 0.36968994140625
-0.00412368774414062 -0.00686502456665039 -0.224212646484375 0.3966064453125
-0.00995922088623047 0.0103893280029297 -0.301666259765625 0.138885498046875
-0.00998783111572266 0.0136556625366211 0.0117835998535156 0.0292320251464844
-0.00830841064453125 0.0031428337097168 0.358917236328125 -0.11004638671875
-0.00259208679199219 0.00946903228759766 0.26397705078125 -0.410675048828125
-0.00600385665893555 0.00782489776611328 -0.17315673828125 -0.39459228515625
0.0043642520904541 -0.00035548210144043 -0.335968017578125 -0.067138671875
0.0134439468383789 0.00719547271728516 -0.220123291015625 0.13970947265625
0.00947761535644531 -0.00566673278808594 -0.010711669921875 0.176742553710937
0.0207195281982422 -0.0101432800292969 0.119010925292969 0.109687805175781
0.0200042724609375 -0.00173568725585937 -0.104629516601563 -0.127410888671875
0.0112333297729492 0.00139045715332031 0.035980224609375 -0.191818237304688
0.0134267807006836 0.0118389129638672 0.223251342773438 -0.130996704101563
-0.00175380706787109 0.0105094909667969 0.33428955078125 0.098114013671875
-0.0130224227905273 -0.00307464599609375 0.115753173828125 0.375152587890625
-0.000999450683593749 -0.00945854187011719 -0.234527587890625 0.390350341796875
-0.00667238235473633 0.00863504409790039 -0.298370361328125 0.131103515625
-0.00647163391113281 0.0138349533081055 0.0215988159179688 0.0283737182617188
-0.00436806678771973 0.00141358375549316 0.361297607421875 -0.117950439453125
-0.000120162963867188 0.00655651092529297 0.253631591796875 -0.415985107421875
-0.0051116943359375 0.00549983978271484 -0.181793212890625 -0.3878173828125
0.0033266544342041 -0.0003204345703125 -0.334930419921875 -0.058624267578125
0.0118350982666016 0.00712966918945312 -0.215667724609375 0.144119262695313
0.00834035873413086 -0.0047607421875 -0.0069732666015625 0.175933837890625
0.0193328857421875 -0.00857734680175781 0.119979858398438 0.108055114746094
0.0186977386474609 0.000568389892578125 -0.104034423828125 -0.128730773925781
0.00926017761230469 0.00448417663574219 0.039764404296875 -0.190963745117188
0.0111274719238281 0.0130224227905273 0.2274169921875 -0.12664794921875
-0.00383090972900391 0.0100679397583008 0.332855224609375 0.105926513671875
-0.0124025344848633 -0.00617408752441406 0.107513427734375 0.38140869140625
0.00357627868652344 -0.0131597518920898 -0.240631103515625 0.387908935546875
3.95774841308594E-05 0.00744056701660156 -0.295318603515625 0.12548828125
-0.000352859497070313 0.0145587921142578 0.0283374786376953 0.0271854400634766
0.000922858715057373 -0.000144004821777344 0.3629150390625 -0.126495361328125
0.00413727760314941 0.0026094913482666 0.24261474609375 -0.4217529296875
-0.00479602813720703 0.00298643112182617 -0.18994140625 -0.3822021484375
0.00159883499145508 -0.00129079818725586 -0.334503173828125 -0.0503540039062499
0.00989151000976562 0.0080413818359375 -0.211502075195313 0.14910888671875
0.00644254684448242 -0.00253200531005859 -0.00469970703125001 0.177291870117188
0.0181617736816406 -0.00635528564453125 0.12054443359375 0.108604431152344
0.0162363052368164 0.00339508056640625 -0.103500366210938 -0.128524780273438
0.00816917419433594 0.00781583786010742 0.04156494140625 -0.190048217773438
0.00889778137207031 0.0146493911743164 0.22943115234375 -0.123550415039063
-0.00586700439453125 0.00946044921875 0.33135986328125 0.1136474609375
-0.0116672515869141 -0.0098114013671875 0.10076904296875 0.385009765625
0.00879478454589844 -0.0176868438720703 -0.248382568359375 0.383209228515625
0.00781822204589844 0.00578069686889648 -0.29541015625 0.120758056640625
0.00826835632324219 0.0155181884765625 0.0327644348144531 0.026611328125
0.00854110717773438 -0.00167322158813477 0.361907958984375 -0.13153076171875
0.00807428359985352 -0.00176668167114258 0.23516845703125 -0.424774169921875
-0.00339007377624512 -0.000843524932861328 -0.1971435546875 -0.37744140625
-0.000717878341674805 -0.0011293888092041 -0.33367919921875 -0.04498291015625
0.00750112533569336 0.00849008560180664 -0.2091064453125 0.151748657226563
0.00461912155151367 -0.000260829925537109 -0.00279235839843751 0.176864624023438
0.0161151885986328 -0.00363254547119141 0.120460510253906 0.108062744140625
0.014521598815918 0.00564289093017578 -0.101486206054688 -0.129066467285156
0.00687217712402344 0.0101051330566406 0.0431671142578125 -0.188919067382812
0.00641250610351562 0.0160388946533203 0.230316162109375 -0.120925903320313
-0.00764894485473633 0.00847244262695313 0.330535888671875 0.117523193359375
-0.0102748870849609 -0.0137910842895508 0.09722900390625 0.387542724609375
0.0147228240966797 -0.0218658447265625 -0.25103759765625 0.383575439453125
0.0159339904785156 0.00410842895507813 -0.294921875 0.11944580078125
0.0177345275878906 0.0163707733154297 0.0326862335205078 0.0257282257080078
0.0164203643798828 -0.00407600402832031 0.360809326171875 -0.132537841796875
0.0128908157348633 -0.00637435913085938 0.23199462890625 -0.424713134765625
-0.00371265411376953 -0.00442218780517578 -0.20001220703125 -0.374755859375
-0.00302267074584961 -0.00178790092468262 -0.334686279296875 -0.042724609375
0.00546073913574219 0.00932216644287109 -0.209304809570312 0.152999877929688
0.00316834449768066 0.00198912620544434 -0.0034332275390625 0.178131103515625
0.0138092041015625 -0.000644683837890625 0.120735168457031 0.108688354492188
0.0119085311889648 0.00829601287841797 -0.102249145507813 -0.127998352050781
0.00644016265869141 0.0120429992675781 0.04058837890625 -0.187942504882813
0.00442600250244141 0.016444206237793 0.22833251953125 -0.120773315429688
-0.00912094116210938 0.00736427307128906 0.32855224609375 0.1171875
-0.00995159149169922 -0.0162420272827148 0.09564208984375 0.386138916015625
0.0189247131347656 -0.0258426666259766 -0.25152587890625 0.383270263671875
0.0238075256347656 0.00235939025878906 -0.29730224609375 0.118865966796875
0.0255107879638672 0.01812744140625 0.0293731689453125 0.0260181427001953
0.0242519378662109 -0.00464820861816406 0.358856201171875 -0.13079833984375
0.0165863037109375 -0.0101652145385742 0.233154296875 -0.42138671875
-0.00320243835449219 -0.00777006149291992 -0.19873046875 -0.374603271484375
-0.00484180450439453 -0.0020289421081543 -0.3348388671875 -0.042816162109375
0.00391387939453125 0.00980854034423828 -0.20941162109375 0.152374267578125
0.00184106826782227 0.00395560264587402 -0.00410461425781249 0.178207397460938
0.0115947723388672 0.00214099884033203 0.120674133300781 0.109634399414063
0.0109052658081055 0.0101585388183594 -0.1021728515625 -0.126945495605469
0.00638961791992188 0.0131559371948242 0.03851318359375 -0.188873291015625
0.00362396240234375 0.0171194076538086 0.224655151367188 -0.122787475585938
-0.010462760925293 0.00724029541015625 0.32763671875 0.111541748046875
-0.00982093811035156 -0.0186252593994141 0.09979248046875 0.385589599609375
0.0216884613037109 -0.0289096832275391 -0.247528076171875 0.3865966796875
0.0292816162109375 0.000936508178710937 -0.299835205078125 0.12200927734375
0.0319976806640625 0.0185832977294922 0.0223655700683594 0.0264167785644531
0.0298519134521484 -0.00522232055664062 0.355255126953125 -0.12615966796875
0.0193367004394531 -0.0124740600585938 0.2359619140625 -0.417816162109375
-0.00314235687255859 -0.00957870483398438 -0.195068359375 -0.378631591796875
-0.0058293342590332 -0.00210237503051758 -0.33697509765625 -0.04791259765625
0.00300884246826172 0.0104751586914063 -0.213180541992188 0.150924682617188
0.00165081024169922 0.00547170639038086 -0.00598144531249998 0.1783447265625
0.00982761383056641 0.00455665588378906 0.120498657226563 0.110313415527344
0.00911712646484375 0.0108938217163086 -0.103012084960938 -0.124954223632813
0.00726318359375 0.0131683349609375 0.0350189208984375 -0.18841552734375
0.003753662109375 0.016789436340332 0.221267700195313 -0.127120971679688
-0.0101947784423828 0.00718307495117188 0.32781982421875 0.104888916015625
-0.00992584228515625 -0.0187454223632813 0.105865478515625 0.380706787109375
0.0217094421386719 -0.0303859710693359 -0.2427978515625 0.39251708984375
0.0322494506835938 -0.000520706176757813 -0.30560302734375 0.128143310546875
0.03619384765625 0.0188179016113281 0.0130081176757813 0.0270309448242188
0.0333271026611328 -0.00501632690429688 0.352264404296875 -0.120025634765625
0.0212535858154297 -0.0136795043945313 0.24322509765625 -0.413848876953125
-0.00353145599365234 -0.0109090805053711 -0.1871337890625 -0.38360595703125
-0.00586414337158203 -0.00256156921386719 -0.338470458984375 -0.054107666015625
0.00290203094482422 0.0100383758544922 -0.216827392578125 0.147811889648437
0.00183486938476563 0.00613594055175781 -0.0084075927734375 0.17913818359375
0.00920581817626953 0.00622653961181641 0.120010375976562 0.11114501953125
0.0214614868164063 -0.00324249267578125 -0.107734680175781 -0.127304077148438
0.0123577117919922 -0.000272750854492188 0.0301361083984375 -0.194351196289062
0.0154047012329102 0.0106325149536133 0.218536376953125 -0.138076782226563
-0.000203132629394532 0.011662483215332 0.338165283203125 0.087066650390625
-0.0142440795898438 -0.000313758850097657 0.128265380859375 0.372802734375
-0.00390815734863281 -0.0070490837097168 -0.224334716796875 0.40087890625
-0.0103044509887695 0.0104455947875977 -0.303558349609375 0.140472412109375
-0.0106163024902344 0.0135583877563477 0.0115203857421875 0.0293140411376953
-0.00869178771972656 0.00332260131835938 0.360595703125 -0.11175537109375
-0.00282955169677734 0.00974464416503906 0.264495849609375 -0.413604736328125
-0.00573062896728516 0.00812721252441406 -0.17572021484375 -0.396209716796875
0.00445890426635742 -0.000203609466552734 -0.338836669921875 -0.06732177734375
0.0134963989257813 0.00662612915039063 -0.220977783203125 0.142257690429688
0.00966358184814453 -0.00624465942382812 -0.0104522705078125 0.178009033203125
0.0208473205566406 -0.0104465484619141 0.121017456054688 0.109786987304688
0.0204734802246094 -0.00232124328613281 -0.106605529785156 -0.127456665039062
0.01123046875 0.00171470642089844 0.03460693359375 -0.193359375
0.013087272644043 0.0120019912719727 0.223892211914062 -0.132492065429688
-0.00144767761230469 0.0109596252441406 0.33673095703125 0.098876953125
-0.0132675170898438 -0.0032806396484375 0.11749267578125 0.37841796875
-0.000714302062988282 -0.00967121124267578 -0.23406982421875 0.39471435546875
-0.00635623931884766 0.00914192199707031 -0.301025390625 0.132537841796875
-0.00698661804199219 0.0143623352050781 0.0210323333740234 0.0285568237304688
-0.00518512725830078 0.00211858749389648 0.363983154296875 -0.120147705078125
0.000287055969238281 0.00719738006591797 0.255462646484375 -0.4189453125
-0.00550031661987305 0.00594854354858399 -0.18463134765625 -0.389892578125
0.00314426422119141 -0.00066685676574707 -0.337738037109375 -0.059356689453125
0.0114469528198242 0.00704002380371094 -0.216552734375 0.146926879882812
0.00803661346435547 -0.00495624542236328 -0.0058135986328125 0.177520751953125
0.0194778442382813 -0.0082244873046875 0.121963500976563 0.108650207519531
0.0186977386474609 0.000345230102539063 -0.105972290039062 -0.129791259765625
0.00933837890625 0.004119873046875 0.0381011962890625 -0.193191528320313
0.0119256973266602 0.0135278701782227 0.22833251953125 -0.128585815429688
-0.00392913818359375 0.0103168487548828 0.33538818359375 0.106781005859375
-0.0128622055053711 -0.00628852844238281 0.1097412109375 0.3843994140625
0.00409889221191406 -0.0137662887573242 -0.2412109375 0.391876220703125
-0.000115394592285156 0.00736331939697266 -0.2978515625 0.126708984375
-0.000385284423828126 0.0147790908813477 0.0279216766357422 0.0270462036132813
0.000731766223907471 -0.000211000442504883 0.364471435546875 -0.12725830078125
0.00438857078552246 0.00300955772399902 0.2440185546875 -0.42523193359375
-0.00434541702270508 0.0027010440826416 -0.194183349609375 -0.385009765625
0.00150704383850098 -0.000893712043762207 -0.337371826171875 -0.050872802734375
0.0106744766235352 0.00797748565673828 -0.212127685546875 0.15118408203125
0.00577402114868164 -0.00255537033081055 -0.00422668457031252 0.178970336914063
0.0181827545166016 -0.0064697265625 0.122528076171875 0.108734130859375
0.0166997909545898 0.00306797027587891 -0.105064392089844 -0.1295166015625
0.00818157196044922 0.00719118118286133 0.040313720703125 -0.192062377929688
0.00890827178955078 0.0149593353271484 0.229934692382813 -0.12493896484375
-0.00560951232910156 0.00983619689941406 0.335601806640625 0.113372802734375
-0.012059211730957 -0.0105667114257813 0.10235595703125 0.38763427734375
0.00921916961669922 -0.0171470642089844 -0.248291015625 0.388641357421875
0.00758838653564453 0.00585699081420898 -0.297088623046875 0.12213134765625
0.00787258148193359 0.0158061981201172 0.0326766967773438 0.0263099670410156
0.00861454010009766 -0.0017247200012207 0.364013671875 -0.13336181640625
0.00861835479736328 -0.000947475433349609 0.23699951171875 -0.42791748046875
-0.00446844100952148 6.96182250976563E-05 -0.199127197265625 -0.379150390625
-0.000892162322998047 -0.00140464305877686 -0.336822509765625 -0.0438842773437501
0.00784826278686523 0.00818729400634766 -0.209991455078125 0.154632568359375
0.00457906723022461 -0.000317573547363281 -0.00207519531249999 0.178939819335938
0.0159759521484375 -0.00360584259033203 0.12274169921875 0.108757019042969
0.0148143768310547 0.00660800933837891 -0.103897094726562 -0.129890441894531
0.00693798065185547 0.00999736785888672 0.0413818359375 -0.19110107421875
0.00707340240478515 0.0159091949462891 0.231582641601562 -0.122772216796875
-0.00806522369384766 0.00826358795166016 0.33282470703125 0.1175537109375
-0.0114040374755859 -0.0136585235595703 0.099334716796875 0.39117431640625
0.0153694152832031 -0.0219535827636719 -0.2509765625 0.388031005859375
0.0160942077636719 0.00411891937255859 -0.2974853515625 0.1199951171875
0.0175971984863281 0.0169467926025391 0.0325298309326172 0.0256500244140625
0.0165910720825195 -0.00362396240234375 0.36273193359375 -0.134185791015625
0.0131464004516602 -0.00609397888183594 0.23248291015625 -0.429412841796875
-0.00307369232177734 -0.0041048526763916 -0.202301025390625 -0.376983642578125
-0.00312113761901855 -0.0018458366394043 -0.337371826171875 -0.0422058105468749
0.00600719451904297 0.00890541076660156 -0.209823608398438 0.15545654296875
0.00298285484313965 0.00238704681396484 -0.00233459472656251 0.179718017578125
0.0139474868774414 -0.00077056884765625 0.122665405273438 0.109336853027344
0.011906623840332 0.0084981918334961 -0.103988647460937 -0.128944396972656
0.00730228424072266 0.011845588684082 0.0402984619140625 -0.189682006835938
0.00517368316650391 0.0163097381591797 0.228179931640625 -0.122207641601563
-0.00944900512695313 0.00744533538818359 0.33135986328125 0.11614990234375
-0.010157585144043 -0.0165462493896484 0.098388671875 0.389617919921875
0.0188465118408203 -0.0264911651611328 -0.251739501953125 0.38775634765625
0.0243797302246094 0.00187110900878906 -0.300201416015625 0.1204833984375
0.0255622863769531 0.0181884765625 0.0290298461914062 0.0256938934326172
0.0238666534423828 -0.00485992431640625 0.361053466796875 -0.131805419921875
0.0166263580322266 -0.00946044921875 0.232513427734375 -0.425140380859375
-0.00316667556762695 -0.00781774520874023 -0.200775146484375 -0.37713623046875
-0.00447893142700195 -0.00233364105224609 -0.338470458984375 -0.041961669921875
0.00395584106445313 0.00980949401855469 -0.210174560546875 0.154632568359375
0.00163483619689941 0.00434541702270508 -0.00288391113281248 0.179794311523438
0.0114946365356445 0.00244045257568359 0.122032165527344 0.109519958496094
0.0104579925537109 0.0105018615722656 -0.103965759277344 -0.128204345703125
0.00672054290771484 0.0130529403686523 0.0379486083984375 -0.189666748046875
0.0041961669921875 0.0165128707885742 0.225326538085938 -0.12451171875
-0.0106296539306641 0.00744342803955078 0.330596923828125 0.11151123046875
-0.00970458984375 -0.0184268951416016 0.1015625 0.38818359375
0.0218048095703125 -0.0291576385498047 -0.248687744140625 0.39093017578125
0.0297451019287109 0.000474929809570312 -0.303192138671875 0.123138427734375
0.03240966796875 0.0190391540527344 0.0219631195068359 0.0264167785644531
0.0298900604248047 -0.00571250915527344 0.356903076171875 -0.126434326171875
0.0194034576416016 -0.0127029418945313 0.23748779296875 -0.422332763671875
-0.00363922119140625 -0.00983619689941406 -0.19891357421875 -0.3800048828125
-0.00577497482299805 -0.0019378662109375 -0.339263916015625 -0.046966552734375
0.00356388092041016 0.0102806091308594 -0.213363647460938 0.153549194335937
0.00177764892578125 0.00583982467651367 -0.00511169433593749 0.180740356445312
0.0102777481079102 0.0042877197265625 0.122673034667969 0.111129760742188
0.0098114013671875 0.010828971862793 -0.104759216308594 -0.126014709472656
0.00720787048339844 0.0134124755859375 0.033843994140625 -0.189834594726563
0.00396060943603516 0.0164203643798828 0.22216796875 -0.128082275390625
-0.0109624862670898 0.00709342956542969 0.329254150390625 0.1043701171875
-0.0108375549316406 -0.0185470581054688 0.108306884765625 0.38409423828125
0.0222625732421875 -0.0307159423828125 -0.243988037109375 0.39642333984375
0.0322608947753906 -0.000583648681640625 -0.307525634765625 0.12939453125
0.0362510681152344 0.0197334289550781 0.0129318237304688 0.0269870758056641
0.0332050323486328 -0.00498580932617188 0.354156494140625 -0.120452880859375
0.0213718414306641 -0.0133609771728516 0.2447509765625 -0.41754150390625
-0.00261974334716797 -0.010711669921875 -0.191070556640625 -0.385650634765625
-0.00597810745239258 -0.00263643264770508 -0.3419189453125 -0.0534973144531251
0.00308704376220703 0.0108232498168945 -0.218475341796875 0.150283813476563
0.00194263458251953 0.00558996200561523 -0.00741577148437499 0.180099487304688
0.00938034057617188 0.00594425201416016 0.122001647949219 0.111480712890625
0.0219287872314453 -0.00386810302734375 -0.109893798828125 -0.127426147460938
0.0127267837524414 -0.000850677490234375 0.0290679931640625 -0.195831298828125
0.0157928466796875 0.0103416442871094 0.220062255859375 -0.140365600585937
-0.000940322875976561 0.0123605728149414 0.340789794921875 0.086761474609375
-0.0138587951660156 -0.000445365905761718 0.1318359375 0.3760986328125
-0.00371694564819336 -0.00706577301025391 -0.224456787109375 0.40655517578125
-0.0102119445800781 0.0104141235351562 -0.30572509765625 0.142333984375
-0.0106258392333984 0.0143899917602539 0.0111846923828125 0.0295639038085938
-0.0084538459777832 0.00368213653564453 0.362579345703125 -0.113311767578125
-0.00215244293212891 0.0103158950805664 0.26458740234375 -0.41748046875
-0.00572729110717774 0.00841665267944336 -0.17926025390625 -0.399200439453125
0.00400781631469727 0.000215291976928711 -0.34246826171875 -0.065948486328125
0.0137443542480469 0.00681018829345703 -0.221893310546875 0.145278930664062
0.0098876953125 -0.00593757629394531 -0.00964355468750002 0.179855346679687
0.0209522247314453 -0.0107784271240234 0.123580932617187 0.110031127929687
0.0205650329589844 -0.00232315063476563 -0.109046936035156 -0.128448486328125
0.01171875 0.00124931335449219 0.0336761474609375 -0.194808959960938
0.0144166946411133 0.0124845504760742 0.224639892578125 -0.135009765625
-0.00196075439453125 0.0113954544067383 0.339813232421875 0.09844970703125
-0.0133543014526367 -0.00331497192382813 0.120025634765625 0.382110595703125
-0.000700950622558593 -0.00959205627441406 -0.23516845703125 0.40045166015625
-0.0065622329711914 0.0096120834350586 -0.3035888671875 0.1346435546875
-0.00711345672607422 0.0145626068115234 0.0207862854003906 0.0286750793457031
-0.00538825988769531 0.00214290618896484 0.367156982421875 -0.123077392578125
0.00049734115600586 0.0075678825378418 0.254730224609375 -0.423583984375
-0.0040283203125 0.00625276565551758 -0.18707275390625 -0.392608642578125
0.00309562683105469 -0.000565528869628906 -0.341796875 -0.05718994140625
0.0121984481811523 0.00650596618652344 -0.217987060546875 0.149154663085938
0.00785923004150391 -0.00466394424438477 -0.0048065185546875 0.17950439453125
0.0200290679931641 -0.00965118408203125 0.124061584472656 0.10906982421875
0.0189895629882813 0.000276565551757813 -0.108253479003906 -0.129920959472656
0.00997829437255859 0.00404453277587891 0.036773681640625 -0.194580078125
0.0121240615844727 0.0135393142700195 0.228530883789063 -0.13055419921875
-0.00379467010498047 0.0107355117797852 0.33941650390625 0.10565185546875
-0.0126857757568359 -0.00634956359863281 0.11151123046875 0.38763427734375
0.00435733795166016 -0.0136871337890625 -0.242462158203125 0.3966064453125
-0.000204086303710937 0.00742340087890625 -0.30023193359375 0.128509521484375
-0.000593185424804689 0.0152835845947266 0.0281276702880859 0.0270729064941406
0.000432997941970825 0.000215083360671997 0.3663330078125 -0.12994384765625
0.00441503524780273 0.00331020355224609 0.243865966796875 -0.429656982421875
-0.00396609306335449 0.00326919555664062 -0.1976318359375 -0.385986328125
0.000862717628479004 -0.00110650062561035 -0.340057373046875 -0.049163818359375
0.010502815246582 0.00723361968994141 -0.21295166015625 0.155044555664063
0.00619697570800781 -0.00244903564453125 -0.0028839111328125 0.180084228515625
0.0180511474609375 -0.00763130187988281 0.125076293945313 0.108718872070313
0.016139030456543 0.00323581695556641 -0.107521057128906 -0.129409790039063
0.00855779647827148 0.00738954544067383 0.038818359375 -0.193099975585938
0.00969886779785156 0.0147628784179688 0.230606079101563 -0.1273193359375
-0.00608730316162109 0.00960254669189453 0.337646484375 0.113250732421875
-0.0119705200195313 -0.00980281829833984 0.10467529296875 0.39154052734375
0.00917816162109375 -0.0180168151855469 -0.24884033203125 0.39276123046875
0.00783395767211914 0.00617122650146484 -0.300048828125 0.124237060546875
0.00807380676269531 0.0156641006469727 0.0319614410400391 0.0264320373535156
0.00782108306884766 -0.0014042854309082 0.366607666015625 -0.135528564453125
0.00883197784423828 -0.00118732452392578 0.2381591796875 -0.4317626953125
-0.00384378433227539 -0.000746726989746093 -0.202362060546875 -0.38238525390625
-0.000669956207275391 -0.00158333778381348 -0.339599609375 -0.0423583984375
0.00753545761108399 0.00813150405883789 -0.210952758789063 0.156768798828125
0.00404977798461914 -4.72068786621094E-05 -0.00062561035156251 0.180435180664063
0.0161409378051758 -0.00416088104248047 0.124732971191406 0.108818054199219
0.014434814453125 0.00627899169921875 -0.105827331542969 -0.130851745605469
0.00746536254882813 0.0103187561035156 0.040130615234375 -0.192947387695313
0.00717449188232422 0.0159463882446289 0.232025146484375 -0.125289916992188
-0.00800418853759766 0.00907325744628906 0.3369140625 0.117401123046875
-0.0107212066650391 -0.0140295028686523 0.101837158203125 0.3946533203125
0.0150585174560547 -0.0221538543701172 -0.251129150390625 0.39208984375
0.0159244537353516 0.00332450866699219 -0.30023193359375 0.122589111328125
0.0169601440429688 0.0170974731445313 0.0322036743164063 0.0257167816162109
0.0159101486206055 -0.00347328186035156 0.36444091796875 -0.136383056640625
0.0130586624145508 -0.00597095489501953 0.232330322265625 -0.43353271484375
-0.00379490852355957 -0.00418949127197266 -0.205596923828125 -0.380401611328125
-0.00291061401367188 -0.00183391571044922 -0.34112548828125 -0.040374755859375
0.00584888458251953 0.00917720794677734 -0.21014404296875 0.158706665039062
0.00302314758300781 0.00226378440856934 -0.00109863281249999 0.181442260742188
0.0141706466674805 -0.00107860565185547 0.124717712402344 0.109519958496094
0.0119857788085937 0.00807952880859375 -0.106163024902344 -0.129470825195313
0.00708484649658203 0.0121583938598633 0.038787841796875 -0.192062377929688
0.00580978393554687 0.0167903900146484 0.228546142578125 -0.12506103515625
-0.00939273834228515 0.00792407989501953 0.334075927734375 0.116180419921875
-0.0103139877319336 -0.0167264938354492 0.100006103515625 0.3931884765625
0.01934814453125 -0.0266094207763672 -0.25238037109375 0.392791748046875
0.0239124298095703 0.00213813781738281 -0.30316162109375 0.1224365234375
0.0255775451660156 0.0184192657470703 0.0287895202636719 0.0255775451660156
0.0237979888916016 -0.00463294982910156 0.363372802734375 -0.1339111328125
0.0168771743774414 -0.010106086730957 0.234100341796875 -0.429229736328125
-0.00300455093383789 -0.00778675079345703 -0.205230712890625 -0.3800048828125
-0.00478839874267578 -0.00194835662841797 -0.341705322265625 -0.04046630859375
0.00429153442382813 0.00999164581298828 -0.211380004882813 0.157623291015625
0.00172853469848633 0.00464487075805664 -0.00143432617187502 0.181259155273438
0.0117731094360352 0.00150394439697266 0.124443054199219 0.110008239746094
0.0107536315917969 0.0103616714477539 -0.1065673828125 -0.128578186035156
0.00708866119384766 0.0132055282592773 0.0358734130859375 -0.191558837890625
0.00444602966308594 0.0167474746704102 0.225982666015625 -0.126876831054688
-0.0105867385864258 0.00717735290527344 0.333221435546875 0.111602783203125
-0.0106544494628906 -0.0178508758544922 0.103729248046875 0.390594482421875
0.0217132568359375 -0.0296821594238281 -0.249267578125 0.395355224609375
0.0298538208007813 0.000768661499023438 -0.305755615234375 0.1256103515625
0.0324306488037109 0.0191230773925781 0.0221309661865234 0.0260086059570312
0.0289974212646484 -0.0046539306640625 0.35882568359375 -0.129364013671875
0.0198345184326172 -0.0126399993896484 0.237945556640625 -0.425567626953125
-0.00328922271728516 -0.00946521759033203 -0.202484130859375 -0.382904052734375
-0.00594520568847656 -0.00208377838134766 -0.34210205078125 -0.045684814453125
0.00357151031494141 0.01043701171875 -0.21429443359375 0.15557861328125
0.00163745880126953 0.00596714019775391 -0.00364685058593751 0.18182373046875
0.0100135803222656 0.00417900085449219 0.124526977539062 0.111259460449219
0.0100994110107422 0.0106420516967773 -0.106231689453125 -0.126823425292969
0.00772380828857422 0.013279914855957 0.032073974609375 -0.19183349609375
0.00417804718017578 0.0160436630249023 0.22198486328125 -0.130645751953125
-0.0107440948486328 0.00785923004150391 0.333404541015625 0.104461669921875
-0.0107555389404297 -0.0193901062011719 0.11077880859375 0.387451171875
0.02239990234375 -0.0311832427978516 -0.243743896484375 0.3995361328125
0.0325527191162109 -0.000415802001953125 -0.3106689453125 0.132293701171875
0.0363311767578125 0.0200614929199219 0.0124073028564453 0.0264377593994141
0.0332698822021484 -0.00498771667480469 0.35662841796875 -0.12353515625
0.0218143463134766 -0.0138645172119141 0.244415283203125 -0.42138671875
-0.00303459167480469 -0.0107479095458984 -0.194427490234375 -0.38677978515625
-0.00604820251464844 -0.00277853012084961 -0.343658447265625 -0.0518798828125
0.00287723541259766 0.0105676651000977 -0.2188720703125 0.1524658203125
0.00194215774536133 0.00640726089477539 -0.00616455078124999 0.182174682617187
0.00921916961669922 0.00580406188964844 0.12396240234375 0.112785339355469
0.0215930938720703 -0.00365638732910156 -0.112159729003906 -0.127677917480469
0.0128622055053711 -0.00090789794921875 0.02642822265625 -0.197784423828125
0.0160255432128906 0.0107564926147461 0.219406127929688 -0.143692016601562
-0.000308990478515625 0.0127639770507813 0.344482421875 0.08428955078125
-0.0145740509033203 8.10623168945321E-05 0.134735107421875 0.37811279296875
-0.00333356857299805 -0.00761175155639648 -0.225433349609375 0.411651611328125
-0.0104179382324219 0.0117464065551758 -0.308349609375 0.145355224609375
-0.0109548568725586 0.014897346496582 0.0109920501708984 0.029327392578125
-0.0099954605102539 0.00433444976806641 0.3653564453125 -0.11798095703125
-0.00142288208007813 0.0101480484008789 0.2642822265625 -0.4227294921875
-0.00531959533691406 0.00779342651367188 -0.18450927734375 -0.400970458984375
0.00394630432128906 -0.000284194946289063 -0.345947265625 -0.06414794921875
0.0138654708862305 0.00691032409667969 -0.222976684570313 0.147979736328125
0.00896739959716797 -0.00564861297607422 -0.00790405273437502 0.181381225585938
0.0209426879882812 -0.011383056640625 0.124832153320312 0.110633850097656
0.0207939147949219 -0.00236701965332031 -0.111381530761719 -0.12811279296875
0.0113601684570313 0.00100326538085938 0.031646728515625 -0.197586059570313
0.0144062042236328 0.0119762420654297 0.22454833984375 -0.137054443359375
-0.00264167785644531 0.0121269226074219 0.34283447265625 0.09716796875
-0.0139551162719727 -0.00352191925048828 0.1229248046875 0.384368896484375
-0.000711441040039062 -0.00969028472900391 -0.23516845703125 0.40594482421875
-0.00706863403320313 0.009796142578125 -0.305633544921875 0.137451171875
-0.00765609741210938 0.0147695541381836 0.0207328796386719 0.0280246734619141
-0.00614595413208008 0.00338268280029297 0.368499755859375 -0.125335693359375
0.000422954559326172 0.00753688812255859 0.255340576171875 -0.428192138671875
-0.00489950180053711 0.00563240051269531 -0.1917724609375 -0.395233154296875
0.00264453887939453 -0.000937700271606445 -0.3447265625 -0.054779052734375
0.0125503540039062 0.00650405883789062 -0.218063354492188 0.152725219726562
0.0078744888305664 -0.00430011749267578 -0.00340270996093748 0.181137084960938
0.0198211669921875 -0.00992774963378906 0.126235961914063 0.109130859375
0.0193767547607422 -5.91278076171875E-05 -0.110763549804687 -0.130325317382813
0.00967979431152344 0.00373458862304687 0.03472900390625 -0.197097778320313
0.0131196975708008 0.0133438110351562 0.228958129882813 -0.133438110351563
-0.00345230102539062 0.0105733871459961 0.342926025390625 0.105072021484375
-0.0122060775756836 -0.00631332397460937 0.11517333984375 0.389190673828125
0.004364013671875 -0.0135087966918945 -0.242584228515625 0.40289306640625
-0.000576496124267579 0.00772809982299805 -0.3028564453125 0.131500244140625
-2.00271606445299E-05 0.0159034729003906 0.0284824371337891 0.0267124176025391
-0.00028151273727417 0.000770211219787598 0.36944580078125 -0.13409423828125
0.00461816787719727 0.00343847274780273 0.243377685546875 -0.435577392578125
-0.00362658500671387 0.00358748435974121 -0.201751708984375 -0.388427734375
0.00141644477844238 -0.00129616260528564 -0.3446044921875 -0.0462341308593749
0.0108423233032227 0.00766086578369141 -0.213729858398437 0.157272338867188
0.00553417205810547 -0.00188827514648438 -0.001312255859375 0.181838989257813
0.0185623168945313 -0.00843620300292969 0.126335144042969 0.109024047851562
0.0172328948974609 0.00209712982177734 -0.109764099121094 -0.130058288574219
0.00951480865478516 0.00754737854003906 0.03668212890625 -0.1956787109375
0.0100221633911133 0.0151805877685547 0.231185913085938 -0.1297607421875
-0.00623416900634765 0.0105390548706055 0.34124755859375 0.11199951171875
-0.0119771957397461 -0.0103139877319336 0.10809326171875 0.394805908203125
0.00938034057617188 -0.0178585052490234 -0.248870849609375 0.398681640625
0.00731945037841797 0.00603675842285156 -0.3017578125 0.1268310546875
0.00812435150146484 0.0166301727294922 0.0317230224609375 0.0259666442871094
0.00769472122192383 -0.00104236602783203 0.36907958984375 -0.138824462890625
0.0090932846069336 -0.000987052917480469 0.2364501953125 -0.437286376953125
-0.00371503829956055 0.000247240066528321 -0.20819091796875 -0.3834228515625
-0.00122201442718506 -0.00119400024414063 -0.343719482421875 -0.040130615234375
0.00806379318237305 0.00830888748168945 -0.210800170898438 0.159896850585938
0.00397205352783203 0.000463008880615234 0.000396728515625007 0.182220458984375
0.0153827667236328 -0.00452423095703125 0.126777648925781 0.1085205078125
0.0150957107543945 0.00564479827880859 -0.10882568359375 -0.130836486816406
0.00820541381835938 0.0100879669189453 0.037872314453125 -0.195053100585938
0.008026123046875 0.0157442092895508 0.231903076171875 -0.127792358398438
-0.00831985473632813 0.00977897644042969 0.34051513671875 0.1160888671875
-0.0115623474121094 -0.0140790939331055 0.105377197265625 0.398162841796875
0.0153026580810547 -0.0224971771240234 -0.251007080078125 0.398651123046875
0.0159072875976563 0.00339412689208984 -0.3017578125 0.125091552734375
0.0168161392211914 0.0175304412841797 0.0328006744384766 0.0250453948974609
0.0155162811279297 -0.00389385223388672 0.367645263671875 -0.139739990234375
0.0132637023925781 -0.00592327117919922 0.23248291015625 -0.437896728515625
-0.00287818908691406 -0.00405359268188477 -0.20977783203125 -0.38140869140625
-0.00371074676513672 -0.0019688606262207 -0.343505859375 -0.03753662109375
0.00558233261108399 0.00874137878417969 -0.21026611328125 0.1622314453125
0.00335454940795898 0.00247883796691895 0.000381469726562491 0.18365478515625
0.0139646530151367 -0.00160503387451172 0.127471923828125 0.10955810546875
0.0128536224365234 0.00835132598876953 -0.108970642089844 -0.129570007324219
0.00679492950439453 0.0119085311889648 0.0370025634765625 -0.194580078125
0.0058441162109375 0.0168943405151367 0.229476928710937 -0.126937866210938
-0.0100297927856445 0.00849533081054687 0.337158203125 0.115142822265625
-0.0113096237182617 -0.0168228149414062 0.102996826171875 0.39544677734375
0.0198879241943359 -0.0272483825683594 -0.252838134765625 0.397857666015625
0.0243549346923828 0.00187873840332031 -0.304779052734375 0.125885009765625
0.0260639190673828 0.0187473297119141 0.028411865234375 0.0250358581542969
0.0233650207519531 -0.00485420227050781 0.363922119140625 -0.1376953125
0.0174283981323242 -0.010467529296875 0.233978271484375 -0.4344482421875
-0.00298786163330078 -0.00786685943603515 -0.209808349609375 -0.381072998046875
-0.00575351715087891 -0.00242042541503906 -0.343597412109375 -0.037567138671875
0.00396633148193359 0.00946903228759765 -0.211334228515625 0.1607666015625
0.00124740600585937 0.00489234924316406 1.52587890625127E-05 0.183334350585938
0.0122213363647461 0.00197792053222656 0.126884460449219 0.110038757324219
0.0109262466430664 0.0100898742675781 -0.108604431152344 -0.128913879394531
0.00729465484619141 0.013636589050293 0.0343780517578125 -0.193099975585938
0.00550937652587891 0.0165958404541016 0.226226806640625 -0.129592895507813
-0.0102033615112305 0.00824165344238281 0.3367919921875 0.11163330078125
-0.0108604431152344 -0.0190277099609375 0.10772705078125 0.3946533203125
0.0216541290283203 -0.0300102233886719 -0.24871826171875 0.40032958984375
0.0303134918212891 0.000133514404296875 -0.30853271484375 0.128265380859375
0.0325489044189453 0.0198230743408203 0.0207195281982422 0.0260200500488281
0.0294342041015625 -0.0046844482421875 0.361785888671875 -0.132293701171875
0.0202674865722656 -0.0126876831054688 0.23687744140625 -0.430419921875
-0.00275802612304688 -0.00964260101318359 -0.206207275390625 -0.3837890625
-0.00631141662597656 -0.00208187103271484 -0.345733642578125 -0.04345703125
0.00270366668701172 0.0102291107177734 -0.215133666992187 0.159164428710938
0.00103998184204102 0.00606441497802734 -0.00236511230468748 0.183639526367188
0.0100002288818359 0.00330066680908203 0.126991271972656 0.111289978027344
0.00934886932373047 0.0108795166015625 -0.109672546386719 -0.127349853515625
0.00870990753173828 0.0134868621826172 0.0300140380859375 -0.192886352539063
0.00484371185302734 0.016942024230957 0.221832275390625 -0.13360595703125
-0.0110616683959961 0.008331298828125 0.336639404296875 0.10321044921875
-0.0106563568115234 -0.0193099975585937 0.1143798828125 0.390289306640625
0.0225734710693359 -0.0316505432128906 -0.24395751953125 0.406890869140625
0.0332050323486328 -0.000905990600585938 -0.312591552734375 0.135009765625
0.036834716796875 0.0201797485351562 0.0125446319580078 0.0262928009033203
0.0336284637451172 -0.00472831726074219 0.35809326171875 -0.127593994140625
0.0222492218017578 -0.0135269165039062 0.24481201171875 -0.425689697265625
-0.00319576263427734 -0.011103630065918 -0.1981201171875 -0.390167236328125
-0.00641298294067383 -0.00244665145874023 -0.3482666015625 -0.04937744140625
0.00346851348876953 0.0102806091308594 -0.219390869140625 0.15606689453125
0.00161886215209961 0.00601673126220703 -0.0052032470703125 0.18310546875
0.00879955291748047 0.00544548034667969 0.126594543457031 0.111373901367187
0.0229873657226563 -0.0035858154296875 -0.115211486816406 -0.127838134765625
0.0126380920410156 -0.000748634338378906 0.0244598388671875 -0.200302124023438
0.0159969329833984 0.0107746124267578 0.218536376953125 -0.146026611328125
-0.00014972686767578 0.0129070281982422 0.34649658203125 0.082489013671875
-0.0145444869995117 -0.000435829162597655 0.13934326171875 0.381072998046875
-0.00349235534667969 -0.00738906860351562 -0.22216796875 0.41766357421875
-0.0102958679199219 0.0110893249511719 -0.31109619140625 0.14996337890625
-0.0113430023193359 0.0155553817749023 0.0109043121337891 0.0294265747070313
-0.0100507736206055 0.00430583953857422 0.366912841796875 -0.120819091796875
-0.00174808502197266 0.0102424621582031 0.26416015625 -0.427978515625
-0.00472784042358398 0.00860738754272461 -0.18890380859375 -0.403900146484375
0.00359630584716797 -0.0004425048828125 -0.349578857421875 -0.0613403320312499
0.0142040252685547 0.00615310668945313 -0.223114013671875 0.1524658203125
0.00948619842529297 -0.00616931915283203 -0.00607299804687501 0.18365478515625
0.0209274291992188 -0.0119571685791016 0.128631591796875 0.109550476074219
0.0206966400146484 -0.00281143188476562 -0.113967895507813 -0.128204345703125
0.0122623443603516 0.00095367431640625 0.02825927734375 -0.19964599609375
0.0153112411499023 0.0112199783325195 0.224380493164063 -0.14068603515625
-0.00238323211669922 0.0126762390136719 0.34466552734375 0.09466552734375
-0.0143594741821289 -0.00268173217773438 0.127166748046875 0.386932373046875
-0.000191688537597655 -0.00975227355957031 -0.231964111328125 0.41217041015625
-0.00660896301269531 0.00987625122070313 -0.30694580078125 0.14093017578125
-0.00847148895263672 0.0158958435058594 0.0205459594726563 0.0273151397705078
-0.00652742385864258 0.00308799743652344 0.370391845703125 -0.12969970703125
0.000585556030273438 0.00856304168701172 0.25390625 -0.434539794921875
-0.00439214706420898 0.00701665878295899 -0.196807861328125 -0.396942138671875
0.00269055366516113 -0.000780344009399414 -0.347442626953125 -0.051544189453125
0.0121479034423828 0.00685024261474609 -0.217636108398438 0.156768798828125
0.00742769241333008 -0.00453615188598633 -0.0019073486328125 0.182754516601563
0.0197582244873047 -0.0103588104248047 0.129051208496094 0.108650207519531
0.0198287963867188 -0.000179290771484375 -0.112953186035156 -0.130134582519531
0.0104494094848633 0.00424289703369141 0.03216552734375 -0.198471069335938
0.0128955841064453 0.0131731033325195 0.228225708007813 -0.136566162109375
-0.00366592407226563 0.0112590789794922 0.346221923828125 0.103485107421875
-0.0134334564208984 -0.00589752197265625 0.11981201171875 0.39276123046875
0.00419998168945313 -0.0143327713012695 -0.240081787109375 0.40753173828125
-0.000591278076171875 0.00757694244384766 -0.303863525390625 0.1348876953125
-0.00046253204345703 0.0165805816650391 0.0279388427734375 0.0266532897949219
-2.72989273071289E-05 0.00095057487487793 0.371063232421875 -0.1380615234375
0.00555992126464844 0.00384235382080078 0.2425537109375 -0.440185546875
-0.00412702560424805 0.00398898124694824 -0.206207275390625 -0.38958740234375
0.000134766101837158 -0.000738143920898438 -0.34735107421875 -0.043365478515625
0.0102968215942383 0.00822257995605469 -0.213577270507813 0.161636352539063
0.00557708740234375 -0.00257396697998047 0.000793457031249985 0.183334350585938
0.0184707641601563 -0.0078125 0.12957763671875 0.108184814453125
0.017552375793457 0.00322532653808594 -0.112220764160156 -0.130104064941406
0.00896930694580078 0.00740528106689453 0.0344696044921875 -0.197677612304688
0.0104303359985352 0.0149621963500977 0.229766845703125 -0.132781982421875
-0.00640678405761719 0.0106220245361328 0.344146728515625 0.1107177734375
-0.0125398635864258 -0.00968837738037109 0.112823486328125 0.39715576171875
0.00947761535644531 -0.0185279846191406 -0.2481689453125 0.404052734375
0.00780582427978516 0.00644111633300781 -0.304534912109375 0.12994384765625
0.00711536407470703 0.0170459747314453 0.0324020385742188 0.0257606506347656
0.00708484649658203 -0.00125980377197266 0.37005615234375 -0.142333984375
0.00958251953125 -0.000874519348144531 0.235076904296875 -0.44317626953125
-0.00306105613708496 -0.00013422966003418 -0.21282958984375 -0.385009765625
-0.00157475471496582 -0.000886201858520508 -0.346343994140625 -0.037567138671875
0.00830554962158203 0.00793981552124023 -0.210586547851563 0.164047241210937
0.00359320640563965 0.000346660614013672 0.00271606445312499 0.18408203125
0.0158653259277344 -0.00542259216308594 0.129676818847656 0.108322143554688
0.0156164169311523 0.00655364990234375 -0.111190795898438 -0.131187438964844
0.00827884674072266 0.00998210906982422 0.035430908203125 -0.19720458984375
0.00800609588623047 0.0165061950683594 0.232086181640625 -0.12982177734375
-0.00847625732421875 0.00979995727539062 0.342041015625 0.114776611328125
-0.0114593505859375 -0.0137729644775391 0.109283447265625 0.40087890625
0.0153026580810547 -0.0234241485595703 -0.248382568359375 0.404388427734375
0.0162067413330078 0.00317955017089844 -0.303741455078125 0.128265380859375
0.0168972015380859 0.0186424255371094 0.0321941375732422 0.0248908996582031
0.0153961181640625 -0.00334644317626953 0.368804931640625 -0.14453125
0.0139064788818359 -0.00620269775390625 0.231475830078125 -0.442535400390625
-0.00338268280029297 -0.00412249565124512 -0.21502685546875 -0.382720947265625
-0.00321555137634277 -0.00157785415649414 -0.347900390625 -0.0350646972656251
0.00600242614746094 0.00897693634033203 -0.210205078125 0.166061401367187
0.00259995460510254 0.00296664237976074 0.00215148925781249 0.184814453125
0.0138912200927734 -0.00153255462646484 0.129684448242188 0.109786987304688
0.0136699676513672 0.00844192504882813 -0.111579895019531 -0.130165100097656
0.00779914855957031 0.012547492980957 0.0335540771484375 -0.195755004882813
0.00654697418212891 0.0161590576171875 0.228790283203125 -0.130416870117188
-0.0108308792114258 0.00829505920410156 0.340423583984375 0.113067626953125
-0.0110588073730469 -0.0163841247558594 0.107879638671875 0.39971923828125
0.0199127197265625 -0.0279655456542969 -0.250762939453125 0.403228759765625
0.0239467620849609 0.00224685668945312 -0.30670166015625 0.12939453125
0.0264911651611328 0.0186672210693359 0.0279121398925781 0.0249786376953125
0.0231800079345703 -0.00433158874511719 0.36602783203125 -0.1405029296875
0.0175142288208008 -0.00972461700439453 0.232025146484375 -0.4390869140625
-0.00295162200927734 -0.0074467658996582 -0.214569091796875 -0.38323974609375
-0.00506162643432617 -0.00152778625488281 -0.347991943359375 -0.03424072265625
0.00420570373535156 0.00956630706787109 -0.210647583007812 0.16485595703125
0.00166559219360352 0.00489330291748047 0.00193786621093751 0.185302734375
0.0113840103149414 0.00155353546142578 0.129653930664063 0.109977722167969
0.0111083984375 0.00980281829833984 -0.112129211425781 -0.129096984863281
0.00773239135742188 0.0137729644775391 0.0313873291015625 -0.19512939453125
0.00467395782470703 0.0167961120605469 0.226303100585938 -0.13238525390625
-0.0110740661621094 0.00881671905517578 0.340423583984375 0.10845947265625
-0.0109195709228516 -0.0187129974365234 0.11181640625 0.397064208984375
0.0221042633056641 -0.0312576293945313 -0.2479248046875 0.406951904296875
0.0298976898193359 -0.000188827514648438 -0.309906005859375 0.1322021484375
0.0329456329345703 0.0201492309570312 0.0213489532470703 0.0252437591552734
0.0286693572998047 -0.00489997863769531 0.363983154296875 -0.13641357421875
0.0201168060302734 -0.0123252868652344 0.23590087890625 -0.435577392578125
-0.00354957580566406 -0.00966739654541016 -0.211151123046875 -0.384063720703125
-0.0063166618347168 -0.00199508666992187 -0.349395751953125 -0.03900146484375
0.00335025787353516 0.010106086730957 -0.214096069335938 0.163055419921875
0.00101995468139648 0.00566005706787109 0.000122070312500019 0.185379028320313
0.00980186462402344 0.00351619720458984 0.128654479980469 0.111289978027344
0.0104770660400391 0.0110607147216797 -0.111892700195312 -0.127044677734375
0.00887107849121094 0.0134744644165039 0.027679443359375 -0.195648193359375
0.00504302978515625 0.0162744522094727 0.222000122070313 -0.136138916015625
-0.0115871429443359 0.00883007049560547 0.33892822265625 0.10052490234375
-0.0114631652832031 -0.0194377899169922 0.1177978515625 0.393951416015625
0.0231590270996094 -0.0328922271728516 -0.241973876953125 0.41229248046875
0.0328521728515625 -0.000843048095703125 -0.31451416015625 0.138702392578125
0.0366783142089844 0.0207328796386719 0.0116691589355469 0.0268058776855469
0.0324459075927734 -0.00473594665527344 0.360870361328125 -0.13031005859375
0.0219383239746094 -0.0134544372558594 0.2440185546875 -0.432098388671875
-0.00328540802001953 -0.0109233856201172 -0.204071044921875 -0.390533447265625
-0.00686454772949219 -0.00236129760742187 -0.351531982421875 -0.047088623046875
0.00308799743652344 0.0104694366455078 -0.219253540039062 0.160430908203125
0.00179052352905273 0.00644683837890625 -0.00283813476562502 0.185195922851562
0.00908565521240234 0.00463581085205078 0.129409790039063 0.111732482910156
0.0227546691894531 -0.00430870056152344 -0.117439270019531 -0.127525329589844
0.0131912231445313 -0.0017242431640625 0.021148681640625 -0.20166015625
0.016998291015625 0.0100803375244141 0.218124389648438 -0.149658203125
-0.000563621520996095 0.0131139755249023 0.350616455078125 0.0799560546875
-0.0147275924682617 0.000326156616210937 0.143951416015625 0.3828125
-0.00302362442016602 -0.00802469253540039 -0.21990966796875 0.424774169921875
-0.0102653503417969 0.0112924575805664 -0.311370849609375 0.154083251953125
-0.0112648010253906 0.0163545608520508 0.0106735229492188 0.0291767120361328
-0.0103511810302734 0.00469493865966797 0.368072509765625 -0.1256103515625
-0.000908851623535157 0.0115861892700195 0.2620849609375 -0.433929443359375
-0.004730224609375 0.00887393951416016 -0.194427490234375 -0.404083251953125
0.00362563133239746 -0.000365257263183594 -0.35308837890625 -0.057342529296875
0.0145015716552734 0.00597953796386719 -0.222702026367187 0.156204223632813
0.0091257095336914 -0.00644302368164062 -0.00411987304687501 0.18524169921875
0.0208301544189453 -0.0128116607666016 0.130508422851563 0.109672546386719
0.0208396911621094 -0.00291061401367187 -0.117210388183594 -0.128440856933594
0.0124320983886719 0.000803947448730469 0.0260162353515625 -0.20147705078125
0.0155162811279297 0.0111303329467773 0.2236328125 -0.143630981445312
-0.00232982635498047 0.0127363204956055 0.349334716796875 0.091583251953125
-0.0148029327392578 -0.0025634765625 0.131805419921875 0.389556884765625
-0.000586509704589845 -0.0104589462280273 -0.230499267578125 0.418182373046875
-0.00673580169677735 0.0100793838500977 -0.309234619140625 0.144500732421875
-0.00757122039794922 0.0162458419799805 0.0203475952148438 0.0278491973876953
-0.00706624984741211 0.00371551513671875 0.37298583984375 -0.133148193359375
0.00120353698730469 0.0080108642578125 0.25250244140625 -0.43890380859375
-0.00428390502929687 0.00687313079833984 -0.203125 -0.396575927734375
0.0020909309387207 -0.000512838363647461 -0.351715087890625 -0.0475463867187501
0.012354850769043 0.00636672973632813 -0.217193603515625 0.159912109375
0.00757932662963867 -0.00428438186645508 0.00103759765625001 0.184463500976563
0.0197811126708984 -0.0108070373535156 0.131217956542969 0.10809326171875
0.0200443267822266 2.6702880859375E-05 -0.115890502929687 -0.13006591796875
0.0113725662231445 0.00374984741210938 0.029144287109375 -0.200592041015625
0.0131473541259766 0.0132980346679687 0.228469848632813 -0.140335083007813
-0.00431537628173828 0.0122766494750977 0.349334716796875 0.100189208984375
-0.0134735107421875 -0.0059661865234375 0.1258544921875 0.39495849609375
0.00440788269042969 -0.0145597457885742 -0.238250732421875 0.41357421875
-0.00023508071899414 0.00803756713867188 -0.30584716796875 0.138916015625
-0.00123882293701172 0.0168209075927734 0.0277023315429688 0.0265827178955078
-0.00102806091308594 0.00103616714477539 0.3712158203125 -0.141754150390625
0.00489330291748047 0.00369644165039063 0.240203857421875 -0.444549560546875
-0.00380539894104004 0.00385379791259766 -0.213287353515625 -0.39068603515625
0.00057673454284668 -0.00123429298400879 -0.350738525390625 -0.03955078125
0.0105228424072266 0.00729084014892578 -0.213088989257813 0.166122436523438
0.0061793327331543 -0.00235652923583984 0.00268554687499998 0.185562133789063
0.0185718536376953 -0.00871658325195313 0.132431030273438 0.1080322265625
0.0177536010742188 0.00213623046875 -0.11578369140625 -0.1297607421875
0.00877666473388672 0.00694990158081055 0.0316925048828125 -0.1995849609375
0.00999927520751953 0.0146217346191406 0.229812622070313 -0.136672973632813
-0.00647258758544922 0.0118741989135742 0.347900390625 0.107452392578125
-0.0132246017456055 -0.00979900360107422 0.117156982421875 0.39971923828125
0.00954055786132813 -0.0196151733398438 -0.244842529296875 0.410491943359375
0.00782632827758789 0.00571775436401367 -0.30633544921875 0.134307861328125
0.00749778747558594 0.0180454254150391 0.0319442749023438 0.0247955322265625
0.00748062133789063 -0.000620365142822266 0.37127685546875 -0.147186279296875
0.00937652587890625 -0.000931739807128906 0.234832763671875 -0.44744873046875
-0.00316905975341797 0.000423431396484375 -0.21856689453125 -0.386505126953125
-0.0017629861831665 -0.00177323818206787 -0.349212646484375 -0.033447265625
0.00830221176147461 0.00821161270141602 -0.210311889648438 0.16845703125
0.00417828559875488 -0.000268459320068359 0.00444030761718751 0.185379028320313
0.0160036087036133 -0.00556182861328125 0.132316589355469 0.108314514160156
0.0155448913574219 0.0056304931640625 -0.114395141601563 -0.130828857421875
0.00876331329345703 0.0104198455810547 0.03265380859375 -0.19915771484375
0.00845623016357422 0.0157785415649414 0.232192993164063 -0.133941650390625
-0.00822830200195313 0.0109519958496094 0.347747802734375 0.110931396484375
-0.0122079849243164 -0.0134267807006836 0.113372802734375 0.402557373046875
0.0152187347412109 -0.0240039825439453 -0.24725341796875 0.4095458984375
0.016322135925293 0.00405216217041016 -0.3062744140625 0.1329345703125
0.0171642303466797 0.0186882019042969 0.0321254730224609 0.0247974395751953
0.0151901245117188 -0.00253963470458984 0.369873046875 -0.14849853515625
0.0136632919311523 -0.00625038146972656 0.227630615234375 -0.44915771484375
-0.00260686874389648 -0.00398445129394531 -0.22149658203125 -0.384002685546875
-0.00403165817260742 -0.00140142440795899 -0.351593017578125 -0.031280517578125
0.00631046295166016 0.00895500183105469 -0.209732055664063 0.170211791992188
0.00228166580200195 0.00243592262268066 0.00515747070312499 0.18597412109375
0.0142173767089844 -0.00262165069580078 0.132568359375 0.109306335449219
0.0129547119140625 0.00854396820068359 -0.1143798828125 -0.129631042480469
0.00831985473632812 0.0124397277832031 0.0318756103515625 -0.198333740234375
0.00668716430664062 0.016016960144043 0.228195190429688 -0.133041381835938
-0.0100526809692383 0.00895500183105469 0.3448486328125 0.109588623046875
-0.0113048553466797 -0.0168180465698242 0.11224365234375 0.402130126953125
0.0195331573486328 -0.0289421081542969 -0.2493896484375 0.41082763671875
0.0246601104736328 0.00171852111816406 -0.30950927734375 0.1329345703125
0.0257968902587891 0.0192298889160156 0.0281829833984375 0.0249271392822266
0.0231266021728516 -0.00462913513183594 0.368316650390625 -0.145050048828125
0.0180110931396484 -0.0104446411132813 0.229278564453125 -0.444854736328125
-0.003204345703125 -0.0070042610168457 -0.221343994140625 -0.3826904296875
-0.00542020797729492 -0.00137519836425781 -0.35113525390625 -0.0316467285156251
0.00406646728515625 0.00960445404052734 -0.21063232421875 0.169052124023438
0.00152397155761719 0.00495719909667969 0.00431823730468751 0.18609619140625
0.0111513137817383 0.000530242919921875 0.132339477539063 0.109466552734375
0.0113334655761719 0.00992679595947266 -0.114830017089844 -0.129173278808594
0.00866031646728516 0.0135345458984375 0.02874755859375 -0.197601318359375
0.00485610961914062 0.0167903900146484 0.225677490234375 -0.136062622070312
-0.0112085342407227 0.00960922241210938 0.34442138671875 0.105621337890625
-0.0113811492919922 -0.0190181732177734 0.117767333984375 0.39935302734375
0.0223674774169922 -0.0318336486816406 -0.245452880859375 0.41229248046875
0.0301685333251953 3.62396240234375E-05 -0.31207275390625 0.136138916015625
0.0324783325195313 0.0204334259033203 0.0213546752929688 0.0254421234130859
0.0285911560058594 -0.00508499145507813 0.364501953125 -0.140228271484375
0.0209503173828125 -0.0125102996826172 0.233428955078125 -0.441162109375
-0.00270748138427734 -0.00978469848632812 -0.217254638671875 -0.385711669921875
-0.00671768188476563 -0.00235176086425781 -0.353485107421875 -0.03607177734375
0.00360870361328125 0.0104494094848633 -0.214263916015625 0.167160034179688
0.00162696838378906 0.00594854354858398 0.001861572265625 0.187332153320313
0.00985050201416016 0.00360965728759766 0.132560729980469 0.110511779785156
0.0105724334716797 0.011077880859375 -0.114738464355469 -0.126838684082031
0.00910568237304688 0.0134305953979492 0.0255584716796875 -0.197265625
0.00494575500488281 0.0164813995361328 0.221878051757813 -0.138580322265625
-0.0112056732177734 0.0093994140625 0.343902587890625 0.0986328125
-0.0125961303710937 -0.0195560455322266 0.12335205078125 0.3956298828125
0.0229911804199219 -0.0329666137695313 -0.23858642578125 0.418853759765625
0.0332622528076172 -0.00145721435546875 -0.3165283203125 0.14312744140625
0.0371551513671875 0.0210227966308594 0.0119667053222656 0.0261459350585938
0.0322132110595703 -0.004730224609375 0.362274169921875 -0.134918212890625
0.022369384765625 -0.0134506225585937 0.240753173828125 -0.437591552734375
-0.00214481353759766 -0.0111074447631836 -0.20892333984375 -0.392303466796875
-0.00690031051635742 -0.00234699249267578 -0.35406494140625 -0.043182373046875
0.00318813323974609 0.0102758407592773 -0.218917846679688 0.164291381835937
0.00182771682739258 0.00644016265869141 -0.000167846679687497 0.186737060546875
0.00957107543945313 0.00428009033203125 0.131729125976563 0.110855102539063
0.0231475830078125 -0.00500679016113281 -0.121208190917969 -0.1258544921875
0.0135908126831055 -0.00150585174560547 0.017669677734375 -0.202651977539063
0.0172080993652344 0.0101594924926758 0.217361450195313 -0.153411865234375
-0.000835418701171877 0.013153076171875 0.354339599609375 0.076080322265625
-0.0152168273925781 -0.000113487243652341 0.149566650390625 0.38446044921875
-0.00316810607910156 -0.00800895690917969 -0.216552734375 0.42889404296875
-0.00972938537597656 0.0118265151977539 -0.312286376953125 0.158935546875
-0.011286735534668 0.0166053771972656 0.0104084014892578 0.0293598175048828
-0.0108404159545898 0.00431632995605469 0.36865234375 -0.130889892578125
-0.00116062164306641 0.0111598968505859 0.258392333984375 -0.439910888671875
-0.00474643707275391 0.00929832458496094 -0.20123291015625 -0.4029541015625
0.00333952903747559 -0.000402927398681641 -0.356658935546875 -0.053192138671875
0.0141258239746094 0.00643062591552734 -0.22210693359375 0.160980224609375
0.00938606262207031 -0.00616836547851563 -0.000289916992187484 0.18603515625
0.0207729339599609 -0.0132217407226563 0.133567810058594 0.108566284179688
0.0209617614746094 -0.00302696228027344 -0.120452880859375 -0.128128051757813
0.011988639831543 0.000918388366699219 0.021514892578125 -0.202667236328125
0.0157566070556641 0.0118083953857422 0.222503662109375 -0.147537231445313
-0.00188636779785156 0.0131988525390625 0.353179931640625 0.08831787109375
-0.0146093368530273 -0.00242233276367188 0.137725830078125 0.390899658203125
-0.000481605529785156 -0.0106620788574219 -0.22698974609375 0.423797607421875
-0.006500244140625 0.0103445053100586 -0.309173583984375 0.149932861328125
-0.00710010528564453 0.0164728164672852 0.0209522247314453 0.0269489288330078
-0.00709009170532227 0.00454473495483398 0.371612548828125 -0.139801025390625
0.00169181823730469 0.0084843635559082 0.248138427734375 -0.444793701171875
-0.00339126586914062 0.00687074661254883 -0.20916748046875 -0.39715576171875
0.00212681293487549 -0.000972747802734375 -0.354339599609375 -0.043426513671875
0.0129995346069336 0.00647735595703125 -0.2158203125 0.164520263671875
0.00760793685913086 -0.00415945053100586 0.00337219238281248 0.184600830078125
0.0196514129638672 -0.0116424560546875 0.134483337402344 0.106941223144531
0.0195178985595703 -0.000225067138671875 -0.118644714355469 -0.129287719726563
0.0108976364135742 0.00403022766113281 0.0257720947265625 -0.201736450195313
0.0131149291992188 0.0134706497192383 0.2266845703125 -0.14349365234375
-0.00389575958251953 0.0131387710571289 0.3521728515625 0.0963134765625
-0.014470100402832 -0.00597190856933594 0.129302978515625 0.3975830078125
0.00385665893554688 -0.0150423049926758 -0.235107421875 0.41961669921875
-0.000575542449951172 0.00815868377685547 -0.307891845703125 0.14404296875
-0.00128936767578125 0.0176849365234375 0.0274639129638672 0.0264663696289063
-0.000376105308532715 0.00158202648162842 0.3734130859375 -0.147430419921875
0.0063929557800293 0.00394058227539063 0.23663330078125 -0.451416015625
-0.00274085998535156 0.00389790534973144 -0.218994140625 -0.389739990234375
0.000267148017883301 -0.0011371374130249 -0.353912353515625 -0.034881591796875
0.0106582641601563 0.00688934326171875 -0.211837768554688 0.1700439453125
0.00554943084716797 -0.00133657455444336 0.00540161132812498 0.186599731445313
0.0174474716186523 -0.0101423263549805 0.135261535644531 0.107414245605469
0.0171747207641602 0.00212574005126953 -0.118827819824219 -0.129989624023437
0.00979042053222656 0.00711250305175781 0.02825927734375 -0.200942993164063
0.0113954544067383 0.0141372680664063 0.228775024414063 -0.139907836914063
-0.00575447082519531 0.0118303298950195 0.351318359375 0.10418701171875
-0.0130319595336914 -0.00931358337402344 0.123291015625 0.400970458984375
0.00971603393554687 -0.0193862915039063 -0.241363525390625 0.41729736328125
0.00810623168945313 0.00629138946533203 -0.306610107421875 0.138519287109375
0.00772857666015625 0.0177688598632812 0.0321254730224609 0.0242214202880859
0.00668001174926758 -0.000103473663330078 0.372161865234375 -0.151885986328125
0.00986766815185547 -0.000951766967773437 0.230316162109375 -0.45269775390625
-0.00301623344421387 0.00047755241394043 -0.225067138671875 -0.38433837890625
-0.00193667411804199 -0.00193285942077637 -0.351959228515625 -0.028839111328125
0.00809383392333984 0.00831127166748047 -0.21002197265625 0.172836303710937
0.0045170783996582 0.000196933746337891 0.00819396972656251 0.186508178710938
0.0156412124633789 -0.00592327117919922 0.135108947753906 0.106979370117188
0.0157442092895508 0.00545787811279297 -0.117355346679687 -0.129440307617188
0.00911712646484375 0.0101118087768555 0.0294342041015625 -0.200775146484375
0.00904655456542969 0.0156993865966797 0.230499267578125 -0.138198852539063
-0.00890064239501953 0.0112180709838867 0.35076904296875 0.107574462890625
-0.0128059387207031 -0.0147829055786133 0.119049072265625 0.4044189453125
0.0160713195800781 -0.0245208740234375 -0.24456787109375 0.416534423828125
0.0169687271118164 0.00424289703369141 -0.30731201171875 0.137969970703125
0.0176982879638672 0.0186347961425781 0.0322971343994141 0.0239276885986328
0.0148677825927734 -0.00285243988037109 0.370880126953125 -0.1517333984375
0.0147209167480469 -0.00579929351806641 0.2247314453125 -0.453704833984375
-0.00289702415466309 -0.0037074089050293 -0.22869873046875 -0.383453369140625
-0.00385379791259766 -0.00157546997070313 -0.353912353515625 -0.0264892578124999
0.00673389434814453 0.00924873352050781 -0.208206176757813 0.173980712890625
0.00263786315917969 0.00321340560913086 0.0067596435546875 0.18768310546875
0.0143957138061523 -0.00301647186279297 0.13580322265625 0.107994079589844
0.0132894515991211 0.00794029235839844 -0.117584228515625 -0.129005432128906
0.00992107391357422 0.0117921829223633 0.0279998779296875 -0.199295043945313
0.00730419158935547 0.0171747207641602 0.228302001953125 -0.136566162109375
-0.0101213455200195 0.00980854034423828 0.347991943359375 0.107147216796875
-0.0121908187866211 -0.0170602798461914 0.1171875 0.40435791015625
0.0197906494140625 -0.0293598175048828 -0.245208740234375 0.415863037109375
0.0241985321044922 0.00155830383300781 -0.308929443359375 0.136993408203125
0.0259151458740234 0.0201168060302734 0.0280017852783203 0.0251045227050781
0.0230388641357422 -0.0034332275390625 0.368255615234375 -0.150390625
0.0177001953125 -0.0109634399414063 0.22662353515625 -0.45086669921875
-0.00280094146728516 -0.0070037841796875 -0.228057861328125 -0.380645751953125
-0.00561046600341797 -0.00145196914672852 -0.353363037109375 -0.025970458984375
0.00441837310791016 0.0102968215942383 -0.210205078125 0.172897338867188
0.00156545639038086 0.0052032470703125 0.0071563720703125 0.187408447265625
0.0107746124267578 0.00041961669921875 0.134765625 0.108200073242187
0.0114889144897461 0.00951004028320313 -0.117317199707031 -0.128623962402344
0.00830745697021484 0.013092041015625 0.0261077880859375 -0.198837280273438
0.006500244140625 0.0167217254638672 0.224594116210937 -0.139129638671875
-0.0110750198364258 0.0102005004882813 0.34796142578125 0.102508544921875
-0.0117454528808594 -0.0182456970214844 0.122894287109375 0.401275634765625
0.0221824645996094 -0.0325260162353516 -0.23919677734375 0.4185791015625
0.0303668975830078 0.00022125244140625 -0.3123779296875 0.140960693359375
0.0333824157714844 0.0203590393066406 0.0204830169677734 0.024627685546875
0.0290031433105469 -0.00468254089355469 0.3638916015625 -0.1453857421875
0.0204677581787109 -0.012786865234375 0.229949951171875 -0.446441650390625
-0.00231075286865234 -0.00992202758789062 -0.22216796875 -0.384857177734375
-0.00672388076782226 -0.00234889984130859 -0.35565185546875 -0.0313720703124999
0.00374794006347656 0.0103425979614258 -0.213287353515625 0.171737670898437
0.00166749954223633 0.00693416595458984 0.00592041015625 0.188156127929688
0.00995922088623047 0.00246620178222656 0.134834289550781 0.109199523925781
0.0112390518188477 0.011265754699707 -0.117095947265625 -0.126426696777344
0.00979042053222656 0.0124616622924805 0.020660400390625 -0.199478149414063
0.00533485412597656 0.0166244506835938 0.220794677734375 -0.14227294921875
-0.0114469528198242 0.00983238220214844 0.34649658203125 0.0950927734375
-0.0133018493652344 -0.0195732116699219 0.127777099609375 0.3978271484375
0.0228519439697266 -0.0343856811523438 -0.23583984375 0.424560546875
0.0333251953125 -0.000843048095703125 -0.316741943359375 0.14764404296875
0.0372467041015625 0.0212059020996094 0.0123863220214844 0.026397705078125
0.0323829650878906 -0.00407600402832031 0.3623046875 -0.13958740234375
0.0226993560791016 -0.0142574310302734 0.2384033203125 -0.44268798828125
-0.00362873077392578 -0.0109481811523438 -0.21533203125 -0.3916015625
-0.00682592391967773 -0.00272560119628906 -0.357147216796875 -0.0385131835937499
0.00272274017333984 0.010584831237793 -0.217803955078125 0.167526245117187
0.00146102905273437 0.00649404525756836 0.0020294189453125 0.18756103515625
0.00928688049316406 0.00468826293945313 0.134445190429688 0.110183715820313
0.0238380432128906 -0.00518417358398438 -0.124610900878906 -0.126426696777344
0.0134992599487305 -0.00190353393554688 0.0129852294921875 -0.20477294921875
0.0176124572753906 0.00840950012207031 0.215240478515625 -0.157058715820312
-0.000220298767089843 0.0138483047485352 0.355560302734375 0.0721435546875
-0.0152912139892578 7.05718994140602E-05 0.154998779296875 0.383880615234375
-0.00291013717651367 -0.00751876831054687 -0.209930419921875 0.434539794921875
-0.00998401641845703 0.0119829177856445 -0.311309814453125 0.16363525390625
-0.0117626190185547 0.0174007415771484 0.0107498168945313 0.0286350250244141
-0.0110797882080078 0.00570487976074219 0.368316650390625 -0.135162353515625
0.000249862670898438 0.0111484527587891 0.255645751953125 -0.445068359375
-0.0035552978515625 0.0101108551025391 -0.20831298828125 -0.402862548828125
0.00337934494018555 -0.000477075576782227 -0.35797119140625 -0.04766845703125
0.0149393081665039 0.00557804107666016 -0.219512939453125 0.164886474609375
0.00883674621582031 -0.00586605072021484 0.00108337402343748 0.186813354492188
0.0202579498291016 -0.0138740539550781 0.136932373046875 0.106704711914063
0.0216236114501953 -0.00372505187988281 -0.123283386230469 -0.126869201660156
0.0121908187866211 4.1961669921875E-05 0.017578125 -0.203887939453125
0.0154790878295898 0.0115880966186523 0.220977783203125 -0.150924682617188
-0.00225257873535156 0.0137872695922852 0.35565185546875 0.083526611328125
-0.015192985534668 -0.00185585021972656 0.14361572265625 0.390625
-0.000716209411621095 -0.0111618041992188 -0.22210693359375 0.427825927734375
-0.00665378570556641 0.0106334686279297 -0.309417724609375 0.154052734375
-0.00729274749755859 0.017115592956543 0.0200653076171875 0.0264682769775391
-0.00755214691162109 0.00502872467041016 0.37225341796875 -0.1436767578125
0.00177526473999024 0.00878524780273438 0.243499755859375 -0.450347900390625
-0.00316715240478516 0.00710105895996094 -0.216064453125 -0.3955078125
0.00204098224639893 -0.000569224357604981 -0.356414794921875 -0.03875732421875
0.0127105712890625 0.00597763061523438 -0.214859008789063 0.169021606445312
0.00706338882446289 -0.00467920303344727 0.00642395019531252 0.185714721679688
0.0187625885009766 -0.0131740570068359 0.137344360351563 0.105567932128906
0.0205192565917969 -0.00119781494140625 -0.122276306152344 -0.128425598144531
0.0110435485839844 0.00336265563964844 0.0225067138671875 -0.204055786132813
0.0143566131591797 0.0130624771118164 0.225234985351562 -0.146224975585937
-0.00426197052001953 0.0135593414306641 0.35540771484375 0.093109130859375
-0.0144643783569336 -0.00578498840332031 0.1361083984375 0.39715576171875
0.00369358062744141 -0.0151662826538086 -0.2293701171875 0.42449951171875
-0.000337123870849609 0.0080556869506836 -0.306243896484375 0.146697998046875
-0.000521659851074218 0.0171937942504883 0.0274658203125 0.0252246856689453
-0.00121331214904785 0.00192940235137939 0.371673583984375 -0.152130126953125
0.00585699081420898 0.00379610061645508 0.232086181640625 -0.45501708984375
-0.00243878364562988 0.00423574447631836 -0.226898193359375 -0.389495849609375
0.000708878040313721 -0.000703036785125732 -0.355621337890625 -0.029449462890625
0.0111684799194336 0.00697517395019531 -0.209365844726563 0.174346923828125
0.00590038299560547 -0.0023798942565918 0.0083465576171875 0.187164306640625
0.017608642578125 -0.00981712341308594 0.137222290039062 0.105491638183594
0.0177345275878906 0.00210380554199219 -0.121910095214844 -0.126899719238281
0.0111207962036133 0.00656414031982422 0.0235137939453125 -0.202178955078125
0.0111331939697266 0.0142059326171875 0.228073120117188 -0.143386840820313
-0.00624561309814453 0.0127925872802734 0.354095458984375 0.099853515625
-0.0136804580688477 -0.00923538208007812 0.130126953125 0.40252685546875
0.00951194763183594 -0.0194568634033203 -0.236114501953125 0.4224853515625
0.00784206390380859 0.00620222091674805 -0.307098388671875 0.144134521484375
0.00756645202636719 0.0183963775634766 0.0323848724365234 0.0242729187011719
0.00552940368652344 -0.000755786895751953 0.371002197265625 -0.15716552734375
0.0103960037231445 -0.000609397888183594 0.224090576171875 -0.458770751953125
-0.00252389907836914 -0.00048828125 -0.2322998046875 -0.3831787109375
-0.00294375419616699 -0.00181174278259277 -0.354827880859375 -0.024017333984375
0.00967502593994141 0.00826168060302734 -0.207077026367187 0.177413940429688
0.00381779670715332 0.00118112564086914 0.00999450683593751 0.188186645507813
0.0149660110473633 -0.00619983673095703 0.138343811035156 0.105209350585938
0.0156373977661133 0.005126953125 -0.119926452636719 -0.129966735839844
0.00932693481445313 0.00904369354248047 0.0253143310546875 -0.202499389648438
0.009002685546875 0.0158329010009766 0.229232788085938 -0.140640258789063
-0.00804233551025391 0.0109882354736328 0.35498046875 0.102630615234375
-0.0128164291381836 -0.0141382217407227 0.126220703125 0.40606689453125
0.0155773162841797 -0.02545166015625 -0.239105224609375 0.42144775390625
0.0162868499755859 0.00312423706054688 -0.306671142578125 0.141326904296875
0.0172653198242187 0.0196933746337891 0.0325031280517578 0.0236034393310547
0.0144586563110352 -0.00245285034179688 0.369781494140625 -0.1585693359375
0.014124870300293 -0.00604438781738281 0.220184326171875 -0.458465576171875
-0.0028681755065918 -0.00376248359680176 -0.2340087890625 -0.38140869140625
-0.00474452972412109 -0.00146341323852539 -0.354705810546875 -0.0208740234375001
0.00603294372558594 0.00891017913818359 -0.206649780273438 0.17742919921875
0.00194358825683594 0.0027470588684082 0.0107421875 0.1876220703125
0.0130386352539062 -0.00361728668212891 0.138168334960938 0.106903076171875
0.0136432647705078 0.00823402404785156 -0.121292114257812 -0.128585815429688
0.00935268402099609 0.0108718872070312 0.0255889892578125 -0.201324462890625
0.00723838806152343 0.0161304473876953 0.226043701171875 -0.139266967773438
-0.0101966857910156 0.0116119384765625 0.34991455078125 0.10205078125
-0.0121297836303711 -0.0165214538574219 0.1253662109375 0.4034423828125
0.0199661254882813 -0.0294017791748047 -0.240997314453125 0.42132568359375
0.0246658325195313 0.000925064086914063 -0.308868408203125 0.1419677734375
0.026458740234375 0.0196590423583984 0.0291271209716797 0.0243282318115234
0.0227012634277344 -0.00384902954101563 0.3665771484375 -0.155242919921875
0.0193328857421875 -0.0107212066650391 0.22161865234375 -0.454498291015625
-0.00170326232910156 -0.00815582275390625 -0.232818603515625 -0.380859375
-0.00650358200073242 -0.00219821929931641 -0.355865478515625 -0.0220642089843751
0.00452899932861328 0.00918960571289063 -0.207229614257812 0.176483154296875
0.0025639533996582 0.00524568557739258 0.010772705078125 0.187820434570313
0.0115652084350586 -3.14712524414063E-05 0.137893676757813 0.106887817382813
0.0113611221313477 0.0102434158325195 -0.120628356933594 -0.127311706542969
0.00919914245605469 0.0122604370117188 0.021728515625 -0.201095581054687
0.00639057159423828 0.01678466796875 0.222747802734375 -0.142669677734375
-0.0106172561645508 0.0109348297119141 0.350311279296875 0.09765625
-0.01214599609375 -0.0183353424072266 0.1287841796875 0.402557373046875
0.0210933685302734 -0.0333232879638672 -0.236419677734375 0.423095703125
0.0299301147460937 -0.000888824462890625 -0.311981201171875 0.1448974609375
0.0331668853759766 0.0206317901611328 0.0207767486572266 0.024810791015625
0.0283088684082031 -0.00550651550292969 0.363189697265625 -0.15130615234375
0.0211410522460938 -0.0129756927490234 0.225128173828125 -0.451507568359375
-0.00295162200927734 -0.00956153869628906 -0.23028564453125 -0.38360595703125
-0.00728416442871094 -0.00211858749389648 -0.357757568359375 -0.0252380371093749
0.00437355041503906 0.0105276107788086 -0.211181640625 0.175247192382812
0.00145816802978516 0.00724124908447266 0.008056640625 0.188812255859375
0.00918006896972656 0.00277996063232422 0.137260437011719 0.108131408691406
0.010676383972168 0.0112743377685547 -0.120033264160156 -0.124908447265625
0.00972366333007813 0.0127334594726563 0.0181121826171875 -0.199981689453125
0.00597381591796875 0.0163917541503906 0.218414306640625 -0.145584106445313
-0.0111932754516602 0.0100793838500977 0.34942626953125 0.09051513671875
-0.0127143859863281 -0.0187110900878906 0.135772705078125 0.397674560546875
0.0223102569580078 -0.0345878601074219 -0.230438232421875 0.4300537109375
0.0335807800292969 -0.00197219848632813 -0.31689453125 0.151519775390625
0.0371742248535156 0.0208854675292969 0.0110950469970703 0.025634765625
0.0324268341064453 -0.00542449951171875 0.362457275390625 -0.143951416015625
0.0230484008789063 -0.0146255493164063 0.232513427734375 -0.447662353515625
-0.00377655029296875 -0.0111246109008789 -0.2225341796875 -0.39019775390625
-0.00756692886352539 -0.00162696838378906 -0.360015869140625 -0.033233642578125
0.00304698944091797 0.0103435516357422 -0.215667724609375 0.173110961914062
0.00267267227172852 0.00749349594116211 0.00503540039062499 0.188522338867187
0.00855302810668945 0.00455856323242188 0.137664794921875 0.109909057617188
0.0236778259277344 -0.00582122802734375 -0.126655578613281 -0.123939514160156
0.0138339996337891 -0.00260066986083984 0.0100555419921875 -0.205642700195312
0.0179691314697266 0.0092010498046875 0.212326049804688 -0.160140991210937
-0.000115394592285158 0.0143241882324219 0.357086181640625 0.0672607421875
-0.0164260864257813 0.000789642333984374 0.161529541015625 0.383636474609375
-0.00329160690307617 -0.00792694091796875 -0.205352783203125 0.438629150390625
-0.00970935821533203 0.012516975402832 -0.310638427734375 0.1678466796875
-0.01165771484375 0.0179462432861328 0.0105113983154297 0.0288486480712891
-0.0107631683349609 0.006134033203125 0.367340087890625 -0.14166259765625
-1.23977661132809E-05 0.0122222900390625 0.24786376953125 -0.44927978515625
-0.00342655181884766 0.00967311859130859 -0.21435546875 -0.401092529296875
0.00253891944885254 -0.000522375106811524 -0.3603515625 -0.0423278808593749
0.0152149200439453 0.00578498840332031 -0.217575073242187 0.16925048828125
0.00884723663330078 -0.0061798095703125 0.00506591796875 0.187423706054688
0.0199012756347656 -0.0149021148681641 0.138801574707031 0.105155944824219
0.02154541015625 -0.00463294982910156 -0.126480102539063 -0.12530517578125
0.0129861831665039 -0.000281333923339844 0.0140228271484375 -0.204681396484375
0.0163555145263672 0.0105648040771484 0.2178955078125 -0.15411376953125
-0.00133895874023438 0.0142288208007813 0.35699462890625 0.0794677734375
-0.0154962539672852 -0.00206947326660156 0.1495361328125 0.39068603515625
-0.000458717346191407 -0.0110092163085938 -0.21630859375 0.433563232421875
-0.00680351257324219 0.0102977752685547 -0.3087158203125 0.159515380859375
-0.00711250305175781 0.0179386138916016 0.0206794738769531 0.0265827178955078
-0.00760269165039063 0.00551080703735351 0.37091064453125 -0.14990234375
0.00229167938232422 0.00893115997314453 0.238067626953125 -0.454071044921875
-0.00380516052246094 0.00709009170532226 -0.221588134765625 -0.392242431640625
0.00167238712310791 -0.000679969787597656 -0.35821533203125 -0.033233642578125
0.0124025344848633 0.00641727447509766 -0.211822509765625 0.173599243164063
0.00776147842407227 -0.00453424453735352 0.00946044921875 0.1868896484375
0.0182628631591797 -0.0131645202636719 0.140052795410156 0.10400390625
0.0203208923339844 -0.00191307067871094 -0.125350952148437 -0.126182556152344
0.0116500854492188 0.00328922271728516 0.0182952880859375 -0.2042236328125
0.0141582489013672 0.0125226974487305 0.222274780273438 -0.150390625
-0.00343990325927734 0.0134716033935547 0.358001708984375 0.08770751953125
-0.0144481658935547 -0.00533485412597656 0.14227294921875 0.39715576171875
0.00424861907958984 -0.0154495239257813 -0.22271728515625 0.429779052734375
-5.53131103515632E-05 0.00796365737915039 -0.306121826171875 0.152862548828125
-0.00109291076660156 0.0184612274169922 0.0270614624023438 0.0250911712646484
-0.00170016288757324 0.00301957130432129 0.369964599609375 -0.157470703125
0.00616931915283203 0.00417947769165039 0.22625732421875 -0.460968017578125
-0.00252771377563477 0.00377154350280762 -0.23175048828125 -0.38580322265625
-0.000397682189941406 -0.00183773040771484 -0.3572998046875 -0.0242309570312501
0.010624885559082 0.00753307342529297 -0.207778930664062 0.177963256835938
0.00592517852783203 -0.00197219848632813 0.0123138427734375 0.187850952148437
0.0174074172973633 -0.0110063552856445 0.139877319335938 0.103462219238281
0.0182037353515625 0.00186347961425781 -0.12445068359375 -0.126312255859375
0.0103969573974609 0.00642681121826172 0.0202178955078125 -0.203414916992188
0.0118436813354492 0.0140676498413086 0.224502563476563 -0.146652221679688
-0.00553321838378906 0.0126142501831055 0.3570556640625 0.094757080078125
-0.0140495300292969 -0.00951099395751953 0.13543701171875 0.401092529296875
0.0100440979003906 -0.0206527709960938 -0.23175048828125 0.42706298828125
0.00763750076293945 0.00640964508056641 -0.3060302734375 0.14849853515625
0.00794029235839844 0.0183277130126953 0.0319919586181641 0.0237560272216797
0.0060420036315918 0.00121927261352539 0.370025634765625 -0.16259765625
0.00983142852783203 -0.000954627990722656 0.21905517578125 -0.46234130859375
-0.00298976898193359 0.000815629959106445 -0.23809814453125 -0.380218505859375
-0.002105712890625 -0.00187826156616211 -0.35662841796875 -0.0179443359375
0.00908756256103516 0.00784015655517578 -0.204269409179688 0.180938720703125
0.00392675399780273 0.000627756118774414 0.0142669677734375 0.187820434570313
0.0153360366821289 -0.00690555572509766 0.139739990234375 0.103652954101563
0.0162754058837891 0.00515842437744141 -0.123146057128906 -0.12689208984375
0.00944709777832031 0.00922870635986328 0.0221710205078125 -0.203460693359375
0.00882911682128906 0.0161867141723633 0.226806640625 -0.1444091796875
-0.00846481323242188 0.012115478515625 0.354827880859375 0.0985107421875
-0.0135383605957031 -0.0132894515991211 0.132232666015625 0.40423583984375
0.0151729583740234 -0.0258827209472656 -0.233306884765625 0.42578125
0.0164499282836914 0.00279998779296875 -0.305908203125 0.146240234375
0.0177555084228516 0.0198383331298828 0.0313205718994141 0.0231533050537109
0.0144271850585938 -0.00233078002929688 0.3690185546875 -0.16497802734375
0.0137701034545898 -0.00608539581298828 0.214263916015625 -0.463134765625
-0.0021672248840332 -0.00363349914550781 -0.240478515625 -0.378814697265625
-0.00449609756469727 -0.0014042854309082 -0.356536865234375 -0.0157775878906249
0.00726890563964844 0.00916957855224609 -0.203521728515625 0.18267822265625
0.00277471542358398 0.00326323509216309 0.0138702392578125 0.188705444335938
0.0132713317871094 -0.00391101837158203 0.140251159667969 0.104904174804688
0.013676643371582 0.00722885131835937 -0.1231689453125 -0.1256103515625
0.00913047790527344 0.0113840103149414 0.0204925537109375 -0.201766967773438
0.0075531005859375 0.0162868499755859 0.224380493164063 -0.143569946289063
-0.00993919372558594 0.0114946365356445 0.3524169921875 0.09771728515625
-0.0130243301391602 -0.0166292190551758 0.131378173828125 0.4034423828125
0.0194606781005859 -0.0306892395019531 -0.2344970703125 0.425140380859375
0.0248279571533203 0.001068115234375 -0.30914306640625 0.1470947265625
0.0271282196044922 0.0203399658203125 0.0276870727539063 0.0231456756591797
0.0222988128662109 -0.00397682189941406 0.3662109375 -0.16082763671875
0.0182609558105469 -0.0104885101318359 0.216522216796875 -0.459136962890625
-0.00233078002929688 -0.00761222839355469 -0.239532470703125 -0.37713623046875
-0.00563764572143555 -0.00175046920776367 -0.35736083984375 -0.015289306640625
0.00505828857421875 0.00951099395751953 -0.204757690429687 0.18048095703125
0.00185775756835938 0.005706787109375 0.013763427734375 0.188858032226563
0.0113067626953125 -0.000208854675292969 0.140350341796875 0.104476928710937
0.0119791030883789 0.0096588134765625 -0.123580932617188 -0.126129150390625
0.00952434539794922 0.0125083923339844 0.0171661376953125 -0.201278686523438
0.00616073608398437 0.0162487030029297 0.221267700195312 -0.145523071289062
-0.0112667083740234 0.0110931396484375 0.352813720703125 0.094451904296875
-0.0128593444824219 -0.0184822082519531 0.134429931640625 0.402740478515625
0.0220603942871094 -0.0340366363525391 -0.22918701171875 0.428924560546875
0.0299320220947266 -0.000799179077148437 -0.31170654296875 0.14959716796875
0.0333709716796875 0.0201244354248047 0.0200557708740234 0.0247020721435547
0.0287303924560547 -0.00454139709472656 0.363006591796875 -0.156005859375
0.0208187103271484 -0.0128135681152344 0.219512939453125 -0.4554443359375
-0.00246810913085938 -0.00955486297607422 -0.236175537109375 -0.380706787109375
-0.00764608383178711 -0.00184249877929687 -0.359588623046875 -0.020294189453125
0.00370979309082031 0.0106430053710938 -0.208480834960937 0.1790771484375
0.00172138214111328 0.00696277618408203 0.010772705078125 0.189529418945313
0.00955486297607422 0.00216293334960938 0.140731811523438 0.105377197265625
0.0111017227172852 0.0103416442871094 -0.123466491699219 -0.123893737792969
0.009918212890625 0.0124855041503906 0.01373291015625 -0.201446533203125
0.00496864318847656 0.0165882110595703 0.21612548828125 -0.148880004882813
-0.0109882354736328 0.0107793807983398 0.35162353515625 0.085113525390625
-0.013671875 -0.0189037322998047 0.141143798828125 0.39715576171875
0.0221519470214844 -0.0356407165527344 -0.2249755859375 0.434967041015625
0.0336799621582031 -0.00212860107421875 -0.31536865234375 0.156982421875
0.0379676818847656 0.0209579467773438 0.0115604400634766 0.0255851745605469
0.0321693420410156 -0.00449752807617188 0.3599853515625 -0.150421142578125
0.0235328674316406 -0.0146541595458984 0.22802734375 -0.451812744140625
-0.00297069549560547 -0.0108785629272461 -0.228912353515625 -0.38751220703125
-0.00763797760009766 -0.0016937255859375 -0.3602294921875 -0.0266418457031249
0.00371456146240234 0.0101261138916016 -0.213058471679687 0.176177978515625
0.00185632705688477 0.00748682022094727 0.007965087890625 0.189697265625
0.00895118713378906 0.00345897674560547 0.139518737792969 0.106880187988281
0.02301025390625 -0.00662612915039063 -0.130447387695313 -0.122283935546875
0.0126123428344727 -0.002532958984375 0.00463867187499999 -0.204071044921875
0.0181350708007813 0.0092315673828125 0.209197998046875 -0.163360595703125
-0.000123977661132813 0.0145292282104492 0.3577880859375 0.06109619140625
-0.0162515640258789 0.00221920013427734 0.16668701171875 0.381134033203125
-0.00331878662109375 -0.00763463973999023 -0.1961669921875 0.442169189453125
-0.010228157043457 0.0116710662841797 -0.309600830078125 0.1724853515625
-0.01104736328125 0.0190906524658203 0.0106391906738281 0.0291213989257813
-0.0110101699829102 0.00664901733398438 0.365478515625 -0.145782470703125
-8.5830688476566E-06 0.0108156204223633 0.242706298828125 -0.452301025390625
-0.00335502624511719 0.010096549987793 -0.221160888671875 -0.3974609375
0.00257658958435059 -0.00162816047668457 -0.360260009765625 -0.037384033203125
0.0147933959960938 0.00528240203857422 -0.2142333984375 0.172409057617187
0.00880908966064453 -0.00606250762939453 0.00886535644531252 0.187698364257812
0.0196723937988281 -0.0158329010009766 0.140365600585937 0.103355407714844
0.0215721130371094 -0.00415229797363281 -0.129737854003906 -0.122230529785156
0.0122737884521484 -0.000270843505859375 0.00961303710937499 -0.204864501953125
0.0160703659057617 0.0101957321166992 0.21466064453125 -0.157379150390625
-0.00156497955322266 0.0150785446166992 0.359283447265625 0.07379150390625
-0.0163698196411133 -0.00154972076416015 0.156036376953125 0.388214111328125
-0.000188827514648437 -0.0106639862060547 -0.2088623046875 0.436492919921875
-0.00629901885986328 0.0106430053710938 -0.306121826171875 0.16412353515625
-0.00775909423828125 0.0192699432373047 0.0194797515869141 0.0261726379394531
-0.00789928436279297 0.00469493865966797 0.369354248046875 -0.154144287109375
0.00156021118164063 0.00899887084960938 0.230010986328125 -0.45831298828125
-0.00267601013183594 0.00734806060791016 -0.227935791015625 -0.38861083984375
0.00168836116790771 -0.000576972961425781 -0.3585205078125 -0.02783203125
0.0126123428344727 0.00528717041015625 -0.2091064453125 0.17755126953125
0.00686740875244141 -0.00388860702514648 0.0121917724609375 0.186569213867188
0.0176048278808594 -0.0136947631835937 0.14227294921875 0.101333618164062
0.020538330078125 -0.00203514099121094 -0.128059387207031 -0.123947143554688
0.0121307373046875 0.00241756439208984 0.01324462890625 -0.204376220703125
0.0141391754150391 0.011810302734375 0.22027587890625 -0.153549194335937
-0.00414276123046875 0.0139150619506836 0.3577880859375 0.082000732421875
-0.0156354904174805 -0.00522136688232422 0.14794921875 0.394439697265625
0.00419807434082031 -0.015345573425293 -0.2174072265625 0.435333251953125
9.72747802734375E-05 0.00957870483398438 -0.3050537109375 0.158050537109375
-0.000486373901367186 0.0181331634521484 0.0266380310058594 0.024139404296875
-0.00161314010620117 0.00305747985839844 0.36688232421875 -0.16387939453125
0.00574922561645508 0.00369644165039063 0.220672607421875 -0.46307373046875
-0.00240755081176758 0.00460481643676758 -0.238433837890625 -0.38262939453125
-0.00105428695678711 -0.00184297561645508 -0.35809326171875 -0.0191955566406249
0.011286735534668 0.00603866577148438 -0.204132080078125 0.18121337890625
0.00544929504394531 -0.00203800201416016 0.014984130859375 0.188186645507813
0.0169610977172852 -0.0116138458251953 0.14178466796875 0.100738525390625
0.017730712890625 0.00177764892578125 -0.128608703613281 -0.124908447265625
0.0113058090209961 0.00529289245605469 0.0160064697265625 -0.20355224609375
0.0111103057861328 0.0142335891723633 0.222366333007813 -0.149810791015625
-0.00467300415039062 0.0134258270263672 0.35821533203125 0.08917236328125
-0.014033317565918 -0.00841808319091797 0.14105224609375 0.39923095703125
0.00884819030761719 -0.0213565826416016 -0.22381591796875 0.43072509765625
0.00784492492675781 0.00634050369262695 -0.304534912109375 0.153564453125
0.00863170623779297 0.0175228118896484 0.0313663482666016 0.0229530334472656
0.00596237182617188 0.000271320343017578 0.368621826171875 -0.168731689453125
0.00963592529296875 -0.00165081024169922 0.212921142578125 -0.465728759765625
-0.00212085247039795 -0.000944375991821289 -0.244384765625 -0.37738037109375
-0.00131309032440186 -0.00164544582366943 -0.35498046875 -0.012298583984375
0.00857162475585938 0.00823831558227539 -0.201278686523438 0.184463500976563
0.00320124626159668 0.000369071960449219 0.018218994140625 0.187774658203125
0.0154533386230469 -0.00711917877197266 0.1429443359375 0.101791381835938
0.0154542922973633 0.00384998321533203 -0.124732971191406 -0.12548828125
0.0102500915527344 0.00788211822509766 0.0171051025390625 -0.202102661132813
0.0101146697998047 0.0157632827758789 0.22412109375 -0.147903442382812
-0.00812625885009766 0.0129070281982422 0.357391357421875 0.09295654296875
-0.0134601593017578 -0.012415885925293 0.1383056640625 0.402923583984375
0.0146694183349609 -0.0266609191894531 -0.227264404296875 0.42877197265625
0.0166053771972656 0.003143310546875 -0.30560302734375 0.15057373046875
0.0171546936035156 0.0202274322509766 0.0313529968261719 0.0225067138671875
0.0135421752929688 -0.00300884246826172 0.36578369140625 -0.169921875
0.0141010284423828 -0.00654315948486328 0.207305908203125 -0.466278076171875
-0.00229644775390625 -0.00448369979858398 -0.246124267578125 -0.374481201171875
-0.00500774383544922 -0.000959396362304688 -0.357635498046875 -0.00976562500000007
0.00659990310668945 0.00803279876708984 -0.19976806640625 0.185867309570313
0.0026090145111084 0.0028069019317627 0.01708984375 0.187973022460938
0.0123710632324219 -0.00521469116210938 0.142471313476563 0.102462768554688
0.0141124725341797 0.00674247741699219 -0.126083374023437 -0.124305725097656
0.00905704498291016 0.0102500915527344 0.0153961181640625 -0.202667236328125
0.00784778594970703 0.0165300369262695 0.221710205078125 -0.146469116210937
-0.00964546203613281 0.0121240615844727 0.355255126953125 0.093475341796875
-0.0128040313720703 -0.0164470672607422 0.13592529296875 0.40374755859375
0.0181179046630859 -0.0301494598388672 -0.22882080078125 0.42901611328125
0.0242652893066406 0.000453948974609375 -0.308349609375 0.150634765625
0.0275020599365234 0.0200176239013672 0.0269794464111328 0.0234718322753906
0.0228042602539062 -0.00350379943847656 0.36492919921875 -0.16693115234375
0.0187397003173828 -0.0101852416992187 0.209747314453125 -0.46209716796875
-0.00279426574707031 -0.00781965255737305 -0.245635986328125 -0.3741455078125
-0.00657367706298828 -0.00187587738037109 -0.357330322265625 -0.00900268554687501
0.00485897064208984 0.0101776123046875 -0.201080322265625 0.183242797851562
0.00200223922729492 0.00518941879272461 0.0172576904296875 0.188720703125
0.0117015838623047 -0.000870704650878906 0.141754150390625 0.101348876953125
0.0131511688232422 0.00827980041503906 -0.125396728515625 -0.122550964355469
0.010127067565918 0.0122041702270508 0.0137481689453125 -0.201828002929687
0.0065460205078125 0.0151205062866211 0.217620849609375 -0.14764404296875
-0.0102605819702148 0.0114221572875977 0.353363037109375 0.088897705078125
-0.0137405395507813 -0.0179290771484375 0.140899658203125 0.400604248046875
0.0216732025146484 -0.0332298278808594 -0.224517822265625 0.4320068359375
0.0291175842285156 -0.000957489013671875 -0.310882568359375 0.155426025390625
0.0345802307128906 0.0210514068603516 0.0206756591796875 0.0248832702636719
0.0278053283691406 -0.00504493713378906 0.3614501953125 -0.16143798828125
0.0220203399658203 -0.0133552551269531 0.214202880859375 -0.457305908203125
-0.00213336944580078 -0.00997161865234375 -0.24151611328125 -0.377532958984375
-0.00736236572265625 -0.00157690048217773 -0.359039306640625 -0.013885498046875
0.00404834747314453 0.00942516326904297 -0.204925537109375 0.184234619140625
0.00254964828491211 0.00629281997680664 0.014678955078125 0.189834594726563
0.00968074798583984 0.000998497009277344 0.1424560546875 0.104522705078125
0.011683464050293 0.0102424621582031 -0.125625610351563 -0.121612548828125
0.0102462768554687 0.0129499435424805 0.00978088378906248 -0.2008056640625
0.0058603286743164 0.0165424346923828 0.213333129882813 -0.152130126953125
-0.0107202529907227 0.011627197265625 0.352630615234375 0.080078125
-0.0137920379638672 -0.0185947418212891 0.147308349609375 0.396026611328125
0.0218772888183594 -0.0359001159667969 -0.217498779296875 0.438812255859375
0.0324039459228516 -0.00286102294921875 -0.313720703125 0.162078857421875
0.0381546020507812 0.022003173828125 0.0115966796875 0.0254306793212891
0.0325679779052734 -0.00494384765625 0.359375 -0.153472900390625
0.0235195159912109 -0.0148906707763672 0.2215576171875 -0.45465087890625
-0.00183391571044922 -0.0104894638061523 -0.23382568359375 -0.384490966796875
-0.00841474533081055 -0.00272035598754883 -0.361236572265625 -0.0214233398437499
0.00321102142333984 0.0100345611572266 -0.209884643554687 0.179763793945313
0.00229406356811523 0.00710153579711914 0.0113067626953125 0.189529418945312
0.00924301147460938 0.003448486328125 0.141555786132813 0.10400390625
0.0233383178710938 -0.00644111633300781 -0.131965637207031 -0.118644714355469
0.0139617919921875 -0.00341701507568359 0.00141906738281248 -0.204727172851562
0.0185604095458984 0.00796890258789062 0.206100463867188 -0.164505004882813
0.00103187561035156 0.0152425765991211 0.3582763671875 0.0570068359375
-0.0162372589111328 0.00182247161865235 0.1719970703125 0.378631591796875
-0.00325107574462891 -0.00818443298339844 -0.191070556640625 0.443695068359375
-0.0108070373535156 0.0123538970947266 -0.3074951171875 0.17681884765625
-0.0107173919677734 0.0193309783935547 0.00986671447753906 0.0280780792236328
-0.0118255615234375 0.0076303482055664 0.362335205078125 -0.15057373046875
0.000678062438964845 0.0119686126708984 0.23614501953125 -0.45538330078125
-0.00299263000488281 0.00954151153564453 -0.22564697265625 -0.3934326171875
0.00223898887634277 -0.00120425224304199 -0.35968017578125 -0.0301513671875
0.014430046081543 0.00493240356445313 -0.210220336914063 0.175628662109375
0.00887489318847656 -0.00642108917236328 0.0116119384765625 0.187164306640625
0.0186672210693359 -0.0166416168212891 0.143096923828125 0.100494384765625
0.0208282470703125 -0.00505447387695313 -0.131950378417969 -0.12060546875
0.0132637023925781 -0.000887870788574219 0.00595092773437498 -0.202972412109375
0.0175437927246094 0.00888252258300781 0.211196899414063 -0.159591674804688
-0.00128555297851562 0.0142145156860352 0.3580322265625 0.068389892578125
-0.0153369903564453 -0.00213813781738281 0.160980224609375 0.386871337890625
-0.00046253204345703 -0.0109157562255859 -0.202880859375 0.438140869140625
-0.00730037689208985 0.0113811492919922 -0.3038330078125 0.16851806640625
-0.00707817077636719 0.0190563201904297 0.0200099945068359 0.0258293151855469
-0.00864410400390625 0.00719165802001953 0.364898681640625 -0.160736083984375
0.0028543472290039 0.00951957702636719 0.22540283203125 -0.460723876953125
-0.00275421142578125 0.00685548782348633 -0.232879638671875 -0.38482666015625
0.0011286735534668 -0.00089561939239502 -0.359283447265625 -0.0214538574218749
0.013218879699707 0.00528717041015625 -0.206085205078125 0.179931640625
0.00663280487060547 -0.00384521484375 0.0157012939453125 0.186126708984375
0.0174474716186523 -0.0135660171508789 0.142822265625 0.0986785888671875
0.0208187103271484 -0.00130271911621094 -0.130561828613281 -0.122047424316406
0.0117330551147461 0.00246429443359375 0.0100250244140625 -0.203933715820313
0.0159778594970703 0.0114326477050781 0.216552734375 -0.15679931640625
-0.00266838073730469 0.0145578384399414 0.357879638671875 0.076324462890625
-0.0135250091552734 -0.00488567352294922 0.1534423828125 0.39324951171875
0.00275325775146484 -0.0160999298095703 -0.209503173828125 0.437469482421875
0.000548362731933593 0.00883674621582031 -0.302886962890625 0.161834716796875
-5.53131103515639E-05 0.0178127288818359 0.0275669097900391 0.0223484039306641
-0.00302243232727051 0.0036160945892334 0.3665771484375 -0.168853759765625
0.00694370269775391 0.00406503677368164 0.215087890625 -0.464630126953125
-0.0017397403717041 0.00403785705566406 -0.2423095703125 -0.3778076171875
-0.00102877616882324 -0.00266647338867188 -0.358642578125 -0.0119018554687499
0.0111188888549805 0.00706958770751953 -0.199966430664063 0.185089111328125
0.00514459609985352 -0.00276422500610352 0.0169219970703125 0.18585205078125
0.0159692764282227 -0.0123453140258789 0.143768310546875 0.099578857421875
0.01837158203125 0.000612258911132813 -0.129013061523438 -0.122787475585938
0.00979518890380859 0.00470161437988281 0.011138916015625 -0.202789306640625
0.0118408203125 0.0137977600097656 0.219100952148438 -0.152236938476563
-0.00609588623046875 0.0129709243774414 0.35845947265625 0.0838623046875
-0.0141754150390625 -0.00954627990722656 0.148101806640625 0.39813232421875
0.00954627990722657 -0.0213394165039063 -0.217864990234375 0.43316650390625
0.00770235061645508 0.00581932067871094 -0.301788330078125 0.156707763671875
0.00821304321289063 0.0189723968505859 0.0312156677246094 0.0217647552490234
0.00628900527954102 0.00129175186157227 0.366668701171875 -0.171600341796875
0.00948143005371094 -0.00145339965820313 0.20697021484375 -0.466400146484375
-0.00170278549194336 0.00199019908905029 -0.24859619140625 -0.372711181640625
-0.00240564346313477 -0.00147652626037598 -0.356170654296875 -0.007568359375
0.00886344909667969 0.00806236267089844 -0.1973876953125 0.186553955078125
0.00300908088684082 0.000818967819213867 0.0196685791015625 0.186614990234375
0.014500617980957 -0.00868988037109375 0.143997192382812 0.099395751953125
0.017451286315918 0.00468635559082031 -0.129127502441406 -0.12396240234375
0.00937175750732422 0.0082855224609375 0.013275146484375 -0.201461791992187
0.0107660293579102 0.01434326171875 0.2210693359375 -0.151168823242188
-0.00663661956787109 0.0127048492431641 0.358795166015625 0.08843994140625
-0.0136604309082031 -0.0133180618286133 0.14337158203125 0.402069091796875
0.0140457153320312 -0.0263309478759766 -0.221282958984375 0.432098388671875
0.0159492492675781 0.00352096557617188 -0.302032470703125 0.154327392578125
0.0177021026611328 0.0186805725097656 0.0315456390380859 0.0218868255615234
0.0138320922851563 -0.00245952606201172 0.36346435546875 -0.175048828125
0.014277458190918 -0.00722408294677734 0.2027587890625 -0.466522216796875
-0.00182199478149414 -0.00311827659606934 -0.252716064453125 -0.37030029296875
-0.0052490234375 -0.000446796417236328 -0.356658935546875 -0.00320434570312496
0.00682640075683594 0.00972461700439453 -0.196945190429688 0.187911987304688
0.00360274314880371 0.00366640090942383 0.019866943359375 0.18695068359375
0.0124702453613281 -0.00594329833984375 0.144195556640625 0.100173950195313
0.0140962600708008 0.00653743743896484 -0.12890625 -0.122314453125
0.00938606262207031 0.0105657577514648 0.0126495361328125 -0.200668334960938
0.00872707366943359 0.0160732269287109 0.218582153320312 -0.150070190429688
-0.00834369659423828 0.0116415023803711 0.354644775390625 0.087738037109375
-0.0135965347290039 -0.0152645111083984 0.142730712890625 0.401641845703125
0.0187911987304688 -0.0314369201660156 -0.220733642578125 0.431732177734375
0.0252532958984375 0.000705718994140625 -0.30328369140625 0.1549072265625
0.0268878936767578 0.0212936401367188 0.0269832611083984 0.0226707458496094
0.0211105346679688 -0.00289726257324219 0.360504150390625 -0.169891357421875
0.0177993774414063 -0.0115756988525391 0.20257568359375 -0.464447021484375
-0.00255250930786133 -0.00787973403930664 -0.25091552734375 -0.36962890625
-0.0069427490234375 -0.00184249877929687 -0.35760498046875 -0.00305175781250007
0.00397014617919922 0.0102939605712891 -0.198196411132812 0.18701171875
0.00219440460205078 0.00639247894287109 0.0193634033203125 0.18853759765625
0.011937141418457 -0.00194931030273437 0.144012451171875 0.099761962890625
0.0129222869873047 0.00956153869628906 -0.127372741699219 -0.121414184570312
0.00914573669433594 0.0122823715209961 0.00967407226562498 -0.200637817382813
0.00629901885986328 0.0161972045898438 0.213531494140625 -0.1513671875
-0.0103015899658203 0.0126056671142578 0.354339599609375 0.0845947265625
-0.0135784149169922 -0.0185832977294922 0.146026611328125 0.3980712890625
0.0207481384277344 -0.0339031219482422 -0.2159423828125 0.434600830078125
0.0298061370849609 -0.00051116943359375 -0.30828857421875 0.158355712890625
0.0339832305908203 0.0207939147949219 0.0200405120849609 0.0240573883056641
0.0283260345458984 -0.00493049621582031 0.358551025390625 -0.16650390625
0.0207405090332031 -0.0148067474365234 0.206756591796875 -0.460235595703125
-0.000800132751464844 -0.00966548919677734 -0.24786376953125 -0.37384033203125
-0.00788688659667969 -0.00106000900268555 -0.35906982421875 -0.00930786132812495
0.00454998016357422 0.010737419128418 -0.201126098632812 0.184661865234375
0.00207757949829102 0.00673532485961914 0.0167388916015625 0.188323974609375
0.00871849060058594 0.00143289566040039 0.14447021484375 0.101226806640625
0.0121450424194336 0.00965118408203125 -0.128562927246094 -0.119781494140625
0.00988483428955078 0.0118255615234375 0.00482177734374999 -0.200790405273438
0.0073699951171875 0.0154924392700195 0.210357666015625 -0.154037475585938
-0.0112380981445313 0.0117397308349609 0.3538818359375 0.074371337890625
-0.0138225555419922 -0.0189418792724609 0.15301513671875 0.39300537109375
0.0218849182128906 -0.0361404418945313 -0.21075439453125 0.44085693359375
0.0328559875488281 -0.00188827514648438 -0.31292724609375 0.166656494140625
0.0389251708984375 0.0210189819335937 0.0108814239501953 0.0244617462158203
0.0320758819580078 -0.00398635864257813 0.355987548828125 -0.160125732421875
0.0233078002929688 -0.0147743225097656 0.215423583984375 -0.45758056640625
-0.00318813323974609 -0.0108051300048828 -0.240264892578125 -0.380340576171875
-0.00838804244995117 -0.00153303146362305 -0.360595703125 -0.0150756835937501
0.00374889373779297 0.0105924606323242 -0.204757690429687 0.182479858398438
0.00198078155517578 0.00823497772216797 0.0149078369140625 0.189285278320313
0.00742816925048828 0.00292062759399414 0.144210815429688 0.102264404296875
0.0232143402099609 -0.00737380981445313 -0.134437561035156 -0.116958618164063
0.0136270523071289 -0.00372886657714844 -0.00315856933593752 -0.203567504882812
0.0189609527587891 0.00774383544921875 0.202194213867188 -0.16748046875
0.000347137451171875 0.0157976150512695 0.357208251953125 0.050750732421875
-0.0161333084106445 0.00234699249267578 0.176971435546875 0.37567138671875
-0.00327110290527344 -0.009002685546875 -0.183807373046875 0.446014404296875
-0.00918769836425781 0.0126857757568359 -0.303009033203125 0.180267333984375
-0.01043701171875 0.019378662109375 0.00979804992675781 0.0279998779296875
-0.011713981628418 0.00878238677978516 0.359710693359375 -0.155364990234375
0.00154685974121094 0.011693000793457 0.228424072265625 -0.457305908203125
-0.00259304046630859 0.00900745391845703 -0.23193359375 -0.3875732421875
0.00257349014282227 -0.000876426696777344 -0.35992431640625 -0.02569580078125
0.0147829055786133 0.00526905059814453 -0.206802368164063 0.179290771484375
0.00843095779418945 -0.00575828552246094 0.0142059326171875 0.185958862304688
0.0177288055419922 -0.0166454315185547 0.14459228515625 0.0980987548828125
0.0215072631835938 -0.00572776794433594 -0.132575988769531 -0.11688232421875
0.0124435424804688 -0.000678062438964844 0.0012054443359375 -0.202957153320313
0.0166387557983398 0.010411262512207 0.208099365234375 -0.16204833984375
-0.0013580322265625 0.0151004791259766 0.358551025390625 0.06280517578125
-0.0161762237548828 -0.00103092193603515 0.1666259765625 0.382720947265625
-0.000246047973632812 -0.0111236572265625 -0.19500732421875 0.440521240234375
-0.00625801086425781 0.0110740661621094 -0.301422119140625 0.172027587890625
-0.00603103637695313 0.0191593170166016 0.0193042755126953 0.0252532958984375
-0.0086069107055664 0.00720310211181641 0.361663818359375 -0.163543701171875
0.00317001342773437 0.00878429412841797 0.217803955078125 -0.4617919921875
-0.00223445892333984 0.00750494003295898 -0.239227294921875 -0.380828857421875
0.00058668851852417 -0.000837445259094238 -0.357330322265625 -0.0143127441406251
0.0134868621826172 0.00606250762939453 -0.2015380859375 0.18267822265625
0.00693798065185547 -0.00413131713867188 0.0190277099609375 0.184982299804688
0.0164556503295898 -0.0150928497314453 0.144424438476563 0.096466064453125
0.0202732086181641 -0.00317192077636719 -0.132865905761719 -0.11907958984375
0.0114173889160156 0.00189685821533203 0.00502014160156248 -0.203048706054688
0.0152597427368164 0.0110569000244141 0.213088989257812 -0.158660888671875
-0.00283718109130859 0.0143070220947266 0.358154296875 0.0718994140625
-0.0148506164550781 -0.00399684906005859 0.158416748046875 0.390716552734375
0.00410652160644531 -0.0158452987670898 -0.20281982421875 0.4388427734375
-0.000155448913574218 0.009124755859375 -0.29937744140625 0.166046142578125
0.00028038024902344 0.0196628570556641 0.0262126922607422 0.0235805511474609
-0.00230169296264648 0.00447320938110351 0.360870361328125 -0.171905517578125
0.00680780410766602 0.00402259826660156 0.206878662109375 -0.465301513671875
-0.00195860862731934 0.00416040420532227 -0.24786376953125 -0.37152099609375
-0.000297069549560547 -0.000947713851928711 -0.3565673828125 -0.00726318359374999
0.011286735534668 0.00668430328369141 -0.196884155273438 0.187393188476563
0.00582075119018555 -0.00135040283203125 0.021759033203125 0.186111450195313
0.0150785446166992 -0.0122489929199219 0.145919799804688 0.0961456298828125
0.0186977386474609 0.00064849853515625 -0.132118225097656 -0.119361877441406
0.00988864898681641 0.00538539886474609 0.00750732421874998 -0.202438354492187
0.0121984481811523 0.013188362121582 0.216201782226562 -0.154937744140625
-0.00503158569335937 0.0141153335571289 0.358612060546875 0.0787353515625
-0.0144243240356445 -0.00847816467285156 0.15234375 0.396209716796875
0.00890159606933594 -0.0217266082763672 -0.21075439453125 0.4346923828125
0.00756549835205078 0.00586366653442383 -0.299285888671875 0.160064697265625
0.00870323181152344 0.0195045471191406 0.0311546325683594 0.0221652984619141
0.00508880615234375 0.00182485580444336 0.360137939453125 -0.176300048828125
0.0107879638671875 -0.00149250030517578 0.19989013671875 -0.467864990234375
-0.0020759105682373 0.000171065330505371 -0.253326416015625 -0.3675537109375
-0.00300359725952148 -0.00154948234558105 -0.35479736328125 -0.000457763671874979
0.00876379013061524 0.00765705108642578 -0.194381713867188 0.189682006835937
0.00454473495483398 0.000909805297851563 0.02374267578125 0.185546875
0.0134162902832031 -0.00853157043457031 0.14593505859375 0.0962066650390625
0.0167207717895508 0.00299358367919922 -0.131004333496094 -0.120384216308594
0.00922107696533203 0.00772953033447266 0.008514404296875 -0.201904296875
0.00989913940429688 0.014012336730957 0.217575073242187 -0.152816772460937
-0.0076446533203125 0.0131692886352539 0.35870361328125 0.082061767578125
-0.0146312713623047 -0.0125532150268555 0.14862060546875 0.39727783203125
0.0139617919921875 -0.0273971557617188 -0.213714599609375 0.432708740234375
0.0168933868408203 0.00248527526855469 -0.29974365234375 0.157989501953125
0.018157958984375 0.0208969116210938 0.0298576354980469 0.0219917297363281
0.0137195587158203 -0.00164127349853516 0.35888671875 -0.17803955078125
0.0146923065185547 -0.00628757476806641 0.19390869140625 -0.468475341796875
-0.0024867057800293 -0.00321865081787109 -0.256195068359375 -0.365234375
-0.00519752502441406 -0.0016026496887207 -0.355072021484375 0.00161743164062501
0.00690841674804687 0.00880146026611328 -0.1927490234375 0.191574096679687
0.00274562835693359 0.00374341011047363 0.0237884521484375 0.187164306640625
0.0116949081420898 -0.00499820709228516 0.145767211914063 0.0974578857421875
0.0145139694213867 0.00599956512451172 -0.131011962890625 -0.119728088378906
0.009490966796875 0.0104694366455078 0.00747680664062498 -0.20050048828125
0.00836944580078125 0.0155782699584961 0.21502685546875 -0.15191650390625
-0.00967693328857422 0.0128669738769531 0.355804443359375 0.082916259765625
-0.0142850875854492 -0.015833854675293 0.147918701171875 0.3975830078125
0.0177822113037109 -0.0314865112304688 -0.214813232421875 0.433258056640625
0.02471923828125 0.0003204345703125 -0.30255126953125 0.159393310546875
0.0271072387695313 0.0200290679931641 0.0269527435302734 0.0218048095703125
0.0212326049804688 -0.00396919250488281 0.356597900390625 -0.175445556640625
0.0177402496337891 -0.0110988616943359 0.195587158203125 -0.46502685546875
-0.00211524963378906 -0.00743198394775391 -0.2547607421875 -0.36456298828125
-0.00693225860595703 -0.0013422966003418 -0.3558349609375 0.00189208984375004
0.00550365447998047 0.00969505310058594 -0.194107055664063 0.190017700195312
0.00257682800292969 0.0056309700012207 0.0222625732421875 0.187240600585938
0.00945568084716797 -0.00173568725585938 0.145156860351563 0.096405029296875
0.0128202438354492 0.00865745544433594 -0.130722045898438 -0.119071960449219
0.00957584381103515 0.0109901428222656 0.00477600097656248 -0.2000732421875
0.00776958465576172 0.0160007476806641 0.211563110351563 -0.15338134765625
-0.0102386474609375 0.0125446319580078 0.3544921875 0.077545166015625
-0.0138959884643555 -0.0170326232910156 0.15179443359375 0.394561767578125
0.0207748413085938 -0.0354385375976563 -0.209869384765625 0.436431884765625
0.0301342010498047 -0.00199127197265625 -0.30462646484375 0.16253662109375
0.0347557067871094 0.0206718444824219 0.0200862884521484 0.0235061645507813
0.0269222259521484 -0.00447273254394531 0.35430908203125 -0.16998291015625
0.0212497711181641 -0.014373779296875 0.201446533203125 -0.460174560546875
-0.00265407562255859 -0.0100841522216797 -0.25189208984375 -0.367828369140625
-0.00845956802368164 -0.00119113922119141 -0.3575439453125 -0.00323486328124997
0.00413227081298828 0.0102357864379883 -0.196792602539063 0.18817138671875
0.00223302841186524 0.00705766677856445 0.0207061767578125 0.187789916992188
0.00848531723022461 0.000706672668457031 0.145889282226562 0.0987701416015625
0.0112714767456055 0.00988197326660156 -0.131034851074219 -0.116317749023438
0.0101919174194336 0.0113229751586914 0.00103759765625001 -0.19976806640625
0.00660133361816406 0.0163440704345703 0.20751953125 -0.156158447265625
-0.0103912353515625 0.0125350952148438 0.353546142578125 0.070587158203125
-0.0146217346191406 -0.0182170867919922 0.158233642578125 0.390289306640625
0.0211715698242188 -0.0371017456054688 -0.204071044921875 0.44287109375
0.0325336456298828 -0.00336074829101563 -0.3087158203125 0.1707763671875
0.0388107299804688 0.0208511352539063 0.0103530883789063 0.024810791015625
0.0309486389160156 -0.00465774536132813 0.351837158203125 -0.16339111328125
0.0225448608398438 -0.0149307250976563 0.20855712890625 -0.458587646484375
-0.00301074981689453 -0.0108222961425781 -0.245086669921875 -0.374176025390625
-0.00827503204345703 -0.000795841217041015 -0.360748291015625 -0.010498046875
0.00467109680175781 0.00976181030273438 -0.201889038085938 0.18597412109375
0.00283288955688477 0.00732898712158203 0.01763916015625 0.1881103515625
0.00774383544921875 0.00252151489257813 0.145156860351563 0.0993499755859375
0.0229301452636719 -0.00765800476074219 -0.135910034179687 -0.114173889160156
0.0136117935180664 -0.00402355194091797 -0.00685119628906251 -0.202041625976563
0.0182857513427734 0.00698089599609375 0.198898315429688 -0.168350219726563
0.000648498535156248 0.0156774520874023 0.35614013671875 0.046630859375
-0.0160341262817383 0.00258922576904297 0.1806640625 0.372161865234375
-0.00377655029296875 -0.009246826171875 -0.1773681640625 0.44561767578125
-0.00917816162109375 0.0132379531860352 -0.299835205078125 0.183319091796875
-0.0102062225341797 0.0202865600585938 0.00909996032714844 0.0272731781005859
-0.0112552642822266 0.00955677032470703 0.35394287109375 -0.15875244140625
0.00168800354003906 0.0118036270141602 0.222320556640625 -0.457305908203125
-0.00261783599853516 0.00940132141113281 -0.234893798828125 -0.38330078125
0.00154387950897217 -0.000479698181152344 -0.3590087890625 -0.01934814453125
0.0149440765380859 0.00450229644775391 -0.20263671875 0.1807861328125
0.0087590217590332 -0.00580930709838867 0.0176544189453125 0.185211181640625
0.0173273086547852 -0.0168781280517578 0.14453125 0.0955352783203125
0.0214939117431641 -0.00584602355957031 -0.134552001953125 -0.115333557128906
0.0123348236083984 -0.00138378143310547 -0.00242614746093749 -0.202011108398438
0.0169887542724609 0.00935173034667969 0.204421997070313 -0.163482666015625
-0.00106239318847656 0.0152206420898438 0.357757568359375 0.058441162109375
-0.015660285949707 -0.000920295715332033 0.170196533203125 0.379425048828125
-0.000640869140625001 -0.0118732452392578 -0.1893310546875 0.441741943359375
-0.00630664825439453 0.0115079879760742 -0.298065185546875 0.174346923828125
-0.00676918029785156 0.0204048156738281 0.0187492370605469 0.0249233245849609
-0.00818252563476563 0.00776386260986328 0.357666015625 -0.1669921875
0.00340414047241211 0.00845670700073242 0.211151123046875 -0.462066650390625
-0.00202798843383789 0.00707530975341797 -0.242645263671875 -0.374908447265625
0.000596404075622559 -0.000647008419036865 -0.35687255859375 -0.01080322265625
0.0133800506591797 0.00513172149658203 -0.197647094726563 0.184188842773438
0.00672245025634766 -0.0042729377746582 0.02154541015625 0.18426513671875
0.0157327651977539 -0.0151147842407227 0.1456298828125 0.093414306640625
0.0204296112060547 -0.00349235534667969 -0.134368896484375 -0.117202758789063
0.0112018585205078 0.00225925445556641 0.000808715820312516 -0.20147705078125
0.0152168273925781 0.0106039047241211 0.209335327148438 -0.159698486328125
-0.00282764434814453 0.0150108337402344 0.358062744140625 0.066802978515625
-0.0161266326904297 -0.00419902801513672 0.163787841796875 0.385009765625
0.00378704071044922 -0.0161094665527344 -0.19683837890625 0.437255859375
0.000261783599853516 0.00857162475585938 -0.295867919921875 0.167327880859375
0.00125885009765625 0.0204563140869141 0.0264854431152344 0.0229339599609375
-0.00166654586791992 0.00454616546630859 0.357330322265625 -0.17535400390625
0.00629997253417969 0.00411891937255859 0.199859619140625 -0.46685791015625
-0.00201797485351563 0.00459098815917969 -0.251373291015625 -0.366851806640625
-0.00157082080841064 -0.000679373741149903 -0.35479736328125 -0.00210571289062504
0.0117502212524414 0.00623512268066406 -0.191619873046875 0.188980102539063
0.00583791732788086 -0.00177383422851563 0.0236358642578125 0.184768676757813
0.0150966644287109 -0.0127792358398437 0.14654541015625 0.094268798828125
0.0183334350585937 0.000349044799804687 -0.134040832519531 -0.116531372070313
0.0101795196533203 0.00484180450439453 0.004150390625 -0.201324462890625
0.0135116577148438 0.0126781463623047 0.21197509765625 -0.156341552734375
-0.00539779663085938 0.0145244598388672 0.35791015625 0.074188232421875
-0.0147857666015625 -0.00798511505126953 0.156646728515625 0.39190673828125
0.00812911987304687 -0.022186279296875 -0.204254150390625 0.435455322265625
0.00766849517822266 0.00558376312255859 -0.295196533203125 0.16363525390625
0.00916290283203125 0.0196914672851563 0.0303115844726563 0.0220756530761719
0.00466537475585938 0.00157594680786133 0.35711669921875 -0.18011474609375
0.0109519958496094 -0.000926971435546875 0.1925048828125 -0.46771240234375
-0.0020911693572998 0.00036764144897461 -0.25732421875 -0.36175537109375
-0.00298857688903809 -0.00191545486450195 -0.3536376953125 0.00473022460937495
0.00977706909179688 0.00751972198486328 -0.189178466796875 0.192184448242188
0.00387239456176758 0.00104022026062012 0.025909423828125 0.184600830078125
0.0123319625854492 -0.00904655456542969 0.14630126953125 0.093780517578125
0.01678466796875 0.00338935852050781 -0.132102966308594 -0.118606567382812
0.00986194610595703 0.00733852386474609 0.005279541015625 -0.200820922851563
0.0111179351806641 0.0139646530151367 0.2142333984375 -0.154388427734375
-0.00696182250976562 0.0141592025756836 0.357666015625 0.07781982421875
-0.0147256851196289 -0.011749267578125 0.153167724609375 0.394073486328125
0.0137615203857422 -0.0275173187255859 -0.2071533203125 0.434478759765625
0.0164775848388672 0.00282096862792969 -0.295684814453125 0.161468505859375
0.0188808441162109 0.0199604034423828 0.0303783416748047 0.0212535858154297
0.0130577087402344 -0.00119781494140625 0.35443115234375 -0.181304931640625
0.0141048431396484 -0.00688648223876953 0.187286376953125 -0.46734619140625
-0.00184297561645508 -0.00345230102539063 -0.25994873046875 -0.359771728515625
-0.00576639175415039 -0.00116062164306641 -0.353759765625 0.00723266601562502
0.00691699981689453 0.009002685546875 -0.18817138671875 0.1923828125
0.00274968147277832 0.00407981872558594 0.0265655517578125 0.185134887695313
0.0120306015014648 -0.00516223907470703 0.14617919921875 0.0943603515625
0.0142316818237305 0.00603771209716797 -0.132705688476563 -0.117019653320312
0.00969219207763672 0.00989246368408203 0.00471496582031248 -0.199432373046875
0.00833511352539063 0.0153846740722656 0.21075439453125 -0.1533203125
-0.00876140594482422 0.0126619338989258 0.354888916015625 0.0780029296875
-0.0145673751831055 -0.0146369934082031 0.1517333984375 0.3944091796875
0.0174102783203125 -0.0324020385742188 -0.208099365234375 0.4359130859375
0.0238552093505859 -0.000265121459960938 -0.299713134765625 0.162078857421875
0.0285243988037109 0.020172119140625 0.0260658264160156 0.0215167999267578
0.0214900970458984 -0.00280380249023438 0.352508544921875 -0.1790771484375
0.0176506042480469 -0.0117111206054687 0.18963623046875 -0.464141845703125
-0.00211048126220703 -0.00743770599365234 -0.25799560546875 -0.359283447265625
-0.00687742233276367 -0.00160694122314453 -0.353973388671875 0.00665283203124995
0.00527095794677734 0.00895500183105469 -0.189697265625 0.192230224609375
0.00238513946533203 0.00582695007324219 0.02545166015625 0.18585205078125
0.00928688049316406 -0.00151157379150391 0.146041870117188 0.0950775146484375
0.0129318237304688 0.00772762298583984 -0.132247924804688 -0.116203308105469
0.0101041793823242 0.0111751556396484 0.00109863281249998 -0.19866943359375
0.00750064849853516 0.0160665512084961 0.207733154296875 -0.154739379882813
-0.00929641723632813 0.0130949020385742 0.353912353515625 0.07421875
-0.0156517028808594 -0.0171689987182617 0.15582275390625 0.3902587890625
0.0195045471191406 -0.0354766845703125 -0.201904296875 0.436065673828125
0.0292778015136719 -0.00212478637695313 -0.3009033203125 0.164825439453125
0.0349578857421875 0.0209846496582031 0.0194473266601563 0.0225906372070313
0.0272598266601563 -0.00403404235839844 0.349945068359375 -0.17327880859375
0.0206050872802734 -0.014312744140625 0.194915771484375 -0.4609375
-0.00289821624755859 -0.00928592681884766 -0.254791259765625 -0.3623046875
-0.00829458236694336 -0.00164699554443359 -0.356201171875 0.00180053710937499
0.00388526916503906 0.00996875762939453 -0.192398071289063 0.190383911132813
0.00217199325561524 0.00698661804199219 0.0234832763671875 0.186813354492188
0.00774335861206055 0.000432491302490234 0.147079467773438 0.095550537109375
0.0122404098510742 0.00908946990966797 -0.132865905761719 -0.113739013671875
0.0101451873779297 0.0106544494628906 -0.00201416015624998 -0.198318481445313
0.00728416442871094 0.015233039855957 0.2034912109375 -0.157424926757813
-0.00997066497802734 0.0122957229614258 0.352142333984375 0.065338134765625
-0.014434814453125 -0.0171566009521484 0.161773681640625 0.385955810546875
0.0199775695800781 -0.0372772216796875 -0.197601318359375 0.4437255859375
0.0327243804931641 -0.00290489196777344 -0.30572509765625 0.172760009765625
0.03924560546875 0.020660400390625 0.0106296539306641 0.0248203277587891
0.0313282012939453 -0.00483512878417969 0.348358154296875 -0.1669921875
0.0224571228027344 -0.0159339904785156 0.2032470703125 -0.4583740234375
-0.00230598449707031 -0.0106487274169922 -0.24896240234375 -0.3680419921875
-0.00865077972412109 -0.00182962417602539 -0.358734130859375 -0.00500488281250001
0.00415325164794922 0.0100507736206055 -0.198150634765625 0.187393188476563
0.00243377685546875 0.00666189193725586 0.02056884765625 0.186782836914063
0.00785303115844727 0.00236940383911133 0.146621704101562 0.0966796875
0.0224342346191406 -0.00787925720214844 -0.13677978515625 -0.110649108886719
0.0133132934570313 -0.00414562225341797 -0.01031494140625 -0.19989013671875
0.0185508728027344 0.0076904296875 0.1944580078125 -0.169357299804688
0.0010223388671875 0.0162324905395508 0.3548583984375 0.041778564453125
-0.0163345336914063 0.00307846069335938 0.182952880859375 0.3665771484375
-0.00346946716308594 -0.00893974304199219 -0.17022705078125 0.445037841796875
-0.00899887084960938 0.0130481719970703 -0.29583740234375 0.185791015625
-0.00981712341308594 0.020660400390625 0.00985336303710937 0.0269145965576172
-0.0114307403564453 0.0100898742675781 0.350677490234375 -0.160980224609375
0.00154876708984375 0.0119380950927734 0.21685791015625 -0.455963134765625
-0.00301170349121094 0.00936985015869141 -0.237335205078125 -0.377471923828125
0.00119316577911377 -0.000981926918029785 -0.355804443359375 -0.01495361328125
0.0150556564331055 0.00446891784667969 -0.198745727539062 0.182342529296875
0.00909233093261719 -0.00569438934326172 0.0199432373046875 0.183685302734375
0.0169382095336914 -0.0170965194702148 0.145645141601563 0.0926513671875
0.0210914611816406 -0.0061492919921875 -0.136039733886719 -0.111991882324219
0.0125494003295898 -0.00175571441650391 -0.00497436523437502 -0.199844360351563
0.0169849395751953 0.00906944274902344 0.200424194335938 -0.164382934570313
-0.000398635864257813 0.0150690078735352 0.35504150390625 0.05377197265625
-0.0160894393920898 -0.000145912170410154 0.173370361328125 0.374542236328125
-0.00100135803222656 -0.0123968124389648 -0.182647705078125 0.438995361328125
-0.00588035583496093 0.0113391876220703 -0.294189453125 0.17645263671875
-0.00642967224121094 0.0198707580566406 0.0186424255371094 0.0246906280517578
-0.0082855224609375 0.00771188735961914 0.35302734375 -0.170166015625
0.00380229949951172 0.00887203216552734 0.205322265625 -0.46136474609375
-0.00165987014770508 0.00719690322875977 -0.2447509765625 -0.37005615234375
0.00066298246383667 -0.000831365585327148 -0.35284423828125 -0.00506591796874993
0.0131769180297852 0.00509452819824219 -0.1932373046875 0.186233520507812
0.00696277618408203 -0.00475072860717773 0.024261474609375 0.18292236328125
0.0153055191040039 -0.0153579711914063 0.145751953125 0.090972900390625
0.0211448669433594 -0.00318336486816406 -0.135520935058594 -0.113967895507812
0.0112876892089844 0.00162124633789063 -0.00196838378906249 -0.20001220703125
0.0151901245117188 0.0106372833251953 0.205551147460938 -0.16094970703125
-0.00239658355712891 0.0156068801879883 0.355987548828125 0.062744140625
-0.0158977508544922 -0.0037384033203125 0.166015625 0.3817138671875
0.003692626953125 -0.016392707824707 -0.19036865234375 0.43743896484375
0.000355720520019532 0.00903034210205078 -0.291656494140625 0.170166015625
0.000717163085937498 0.0198879241943359 0.0252666473388672 0.0222339630126953
-0.00242710113525391 0.0056605339050293 0.35235595703125 -0.177703857421875
0.00688409805297852 0.00370407104492188 0.1943359375 -0.46514892578125
-0.00198459625244141 0.00431394577026367 -0.254241943359375 -0.36187744140625
-0.000937879085540772 -0.000950932502746582 -0.352386474609375 0.00265502929687495
0.0117301940917969 0.00630378723144531 -0.18853759765625 0.190475463867187
0.00573158264160156 -0.00139999389648438 0.026214599609375 0.182968139648438
0.0145759582519531 -0.0125312805175781 0.146987915039062 0.09173583984375
0.0184345245361328 -0.000349044799804688 -0.134391784667969 -0.114356994628906
0.0106544494628906 0.00455474853515625 0.000122070312499999 -0.198989868164062
0.0127773284912109 0.0120697021484375 0.20843505859375 -0.157989501953125
-0.00430107116699219 0.0147104263305664 0.3570556640625 0.069366455078125
-0.0157155990600586 -0.0076751708984375 0.160247802734375 0.387481689453125
0.0084228515625 -0.0221958160400391 -0.19775390625 0.434234619140625
0.00763797760009766 0.00654220581054688 -0.292083740234375 0.165557861328125
0.00891304016113281 0.0195751190185547 0.0296745300292969 0.0210418701171875
0.00537967681884766 0.00247669219970703 0.352996826171875 -0.182342529296875
0.0109615325927734 -0.00188827514648438 0.186370849609375 -0.466339111328125
-0.001639723777771 0.000268101692199707 -0.257965087890625 -0.35565185546875
-0.00368142127990723 -0.000960111618041993 -0.349761962890625 0.00912475585937495
0.00850582122802734 0.00708198547363281 -0.185134887695312 0.1929931640625
0.00409531593322754 0.000822305679321289 0.028594970703125 0.182662963867188
0.0122556686401367 -0.00910091400146484 0.14630126953125 0.0906829833984375
0.0164794921875 0.00244712829589844 -0.133773803710937 -0.115577697753906
0.0091400146484375 0.00824642181396484 0.00238037109375 -0.199127197265625
0.0106048583984375 0.0140666961669922 0.209869384765625 -0.155303955078125
-0.00651836395263672 0.0140800476074219 0.356597900390625 0.074127197265625
-0.0149631500244141 -0.0113601684570313 0.157318115234375 0.389068603515625
0.0122051239013672 -0.0278797149658203 -0.200439453125 0.43365478515625
0.0162239074707031 0.00330543518066406 -0.292938232421875 0.16375732421875
0.0189895629882812 0.0204505920410156 0.0296173095703125 0.020294189453125
0.0140342712402344 -1.62124633789063E-05 0.34979248046875 -0.184478759765625
0.0144920349121094 -0.00674533843994141 0.181365966796875 -0.46630859375
-0.00167584419250488 -0.00344991683959961 -0.26220703125 -0.353759765625
-0.00544643402099609 -0.000713825225830078 -0.350982666015625 0.0122375488281251
0.00729560852050781 0.00896072387695313 -0.18377685546875 0.194381713867188
0.00314521789550781 0.00379633903503418 0.028594970703125 0.184112548828125
0.0106630325317383 -0.00612163543701172 0.147705078125 0.0926055908203125
0.0144586563110352 0.005950927734375 -0.133621215820312 -0.114227294921875
0.00975608825683594 0.00974178314208984 0.00057983398437499 -0.197479248046875
0.00918769836425781 0.0156545639038086 0.20758056640625 -0.15484619140625
-0.00797176361083985 0.0134000778198242 0.354156494140625 0.072998046875
-0.0150051116943359 -0.0147695541381836 0.155731201171875 0.38873291015625
0.0167655944824219 -0.0323200225830078 -0.20135498046875 0.43353271484375
0.0232429504394531 -0.000152587890625 -0.295623779296875 0.16387939453125
0.0279941558837891 0.0206623077392578 0.025787353515625 0.0216617584228516
0.0206623077392578 -0.00289344787597656 0.34747314453125 -0.18145751953125
0.0179767608642578 -0.0114841461181641 0.183319091796875 -0.462860107421875
-0.00294303894042969 -0.00682497024536133 -0.25994873046875 -0.35345458984375
-0.00806331634521484 -0.00070047378540039 -0.351318359375 0.010467529296875
0.00535106658935547 0.00916671752929688 -0.18524169921875 0.1932373046875
0.00280904769897461 0.00591039657592773 0.028167724609375 0.183517456054688
0.00834131240844727 -0.00224494934082031 0.1473388671875 0.091644287109375
0.0126876831054688 0.00816249847412109 -0.133773803710938 -0.113784790039062
0.00905418395996094 0.0107030868530273 -0.00177001953124999 -0.197113037109375
0.00712776184082031 0.0148334503173828 0.203872680664063 -0.155609130859375
-0.0101652145385742 0.0129003524780273 0.35162353515625 0.0692138671875
-0.0135173797607422 -0.0163145065307617 0.16015625 0.387908935546875
0.0189552307128906 -0.0352210998535156 -0.196533203125 0.43560791015625
0.0290241241455078 -0.00199127197265625 -0.29766845703125 0.167236328125
0.03521728515625 0.0205154418945313 0.0190277099609375 0.0227508544921875
0.0263767242431641 -0.00303268432617188 0.34588623046875 -0.17608642578125
0.0201282501220703 -0.0143108367919922 0.18798828125 -0.461181640625
-0.00261402130126953 -0.0100164413452148 -0.2569580078125 -0.35601806640625
-0.0089874267578125 -0.00150012969970703 -0.35369873046875 0.00585937499999998
0.00456809997558594 0.00956439971923828 -0.188949584960937 0.191848754882813
0.00259065628051758 0.00741386413574219 0.02545166015625 0.184738159179687
0.00783967971801758 0.000190258026123047 0.147750854492188 0.0927581787109375
0.0122528076171875 0.00887870788574219 -0.133468627929688 -0.111503601074219
0.0102872848510742 0.0107908248901367 -0.00526428222656249 -0.195953369140625
0.0074462890625 0.0147781372070313 0.19921875 -0.158615112304688
-0.00965309143066406 0.0130023956298828 0.350494384765625 0.06146240234375
-0.0153341293334961 -0.0166645050048828 0.165374755859375 0.383056640625
0.0199546813964844 -0.0374412536621094 -0.1905517578125 0.441497802734375
0.0316944122314453 -0.00304222106933594 -0.30108642578125 0.17462158203125
0.0395965576171875 0.0200576782226562 0.0100345611572266 0.0242691040039063
0.0305595397949219 -0.00458526611328125 0.3427734375 -0.167938232421875
0.0219535827636719 -0.0152778625488281 0.196746826171875 -0.4576416015625
-0.00249004364013672 -0.0110979080200195 -0.251068115234375 -0.363037109375
-0.00892734527587891 -0.00176143646240234 -0.35595703125 0.000732421875000008
0.00432014465332031 0.00988197326660156 -0.194168090820313 0.189071655273438
0.00277805328369141 0.00710630416870117 0.0225830078125 0.185012817382813
0.00708913803100586 0.00219297409057617 0.146881103515625 0.093841552734375
0.0229415893554688 -0.00791168212890625 -0.137153625488281 -0.108833312988281
0.0130023956298828 -0.00417041778564453 -0.0132598876953125 -0.197158813476563
0.0180511474609375 0.00642585754394531 0.191253662109375 -0.16986083984375
0.00119400024414062 0.0161666870117188 0.353118896484375 0.0386962890625
-0.0161714553833008 0.00303459167480469 0.18572998046875 0.3631591796875
-0.00347614288330078 -0.00910758972167969 -0.165679931640625 0.443267822265625
-0.00944328308105469 0.01324462890625 -0.292449951171875 0.186981201171875
-0.00913047790527344 0.020599365234375 0.00926589965820313 0.0265998840332031
-0.0111875534057617 0.0102434158325195 0.34619140625 -0.1617431640625
0.0018463134765625 0.011530876159668 0.2109375 -0.45513916015625
-0.00203609466552734 0.00985240936279297 -0.239501953125 -0.371795654296875
0.00126206874847412 -0.000445246696472168 -0.35382080078125 -0.0111083984375001
0.0146675109863281 0.00424480438232422 -0.1944580078125 0.1832275390625
0.00858163833618164 -0.00600862503051758 0.021514892578125 0.181854248046875
0.0156469345092773 -0.0173263549804688 0.145721435546875 0.0904083251953125
0.0210514068603516 -0.0068817138671875 -0.136688232421875 -0.10986328125
0.0120220184326172 -0.00217628479003906 -0.00830078125000001 -0.197769165039063
0.0166854858398438 0.00862884521484375 0.196853637695313 -0.164505004882813
-0.000671386718750001 0.0159082412719727 0.353363037109375 0.04931640625
-0.0159101486206055 0.000340461730957028 0.175872802734375 0.371063232421875
-0.000719070434570311 -0.0120887756347656 -0.17657470703125 0.43743896484375
-0.00614738464355469 0.0121192932128906 -0.290740966796875 0.179168701171875
-0.0059356689453125 0.0207481384277344 0.017822265625 0.0245170593261719
-0.00794506072998047 0.00915145874023438 0.349456787109375 -0.172088623046875
0.0035548210144043 0.00850009918212891 0.199920654296875 -0.459320068359375
-0.00187253952026367 0.0072636604309082 -0.246978759765625 -0.363433837890625
0.000495254993438721 -0.00100654363632202 -0.35101318359375 -0.00183105468749994
0.0130558013916016 0.00471782684326172 -0.18939208984375 0.186492919921875
0.00716018676757813 -0.00486135482788086 0.025787353515625 0.180877685546875
0.0148162841796875 -0.0154266357421875 0.145584106445313 0.0889892578125
0.020782470703125 -0.00426673889160156 -0.136375427246094 -0.111213684082031
0.0112342834472656 0.00138473510742188 -0.00480651855468749 -0.197296142578125
0.0153360366821289 0.0104541778564453 0.201644897460938 -0.161468505859375
-0.00144672393798828 0.0153074264526367 0.353759765625 0.05755615234375
-0.0157852172851563 -0.00284576416015625 0.1688232421875 0.3770751953125
0.00342082977294922 -0.0169763565063477 -0.18499755859375 0.4354248046875
9.15527343749995E-05 0.00916385650634766 -0.288787841796875 0.171875
0.000989913940429688 0.0202178955078125 0.0247611999511719 0.0218067169189453
-0.00143814086914063 0.00565910339355469 0.346221923828125 -0.179901123046875
0.00732135772705078 0.00436782836914063 0.189727783203125 -0.463897705078125
-0.00210905075073242 0.00429606437683105 -0.255096435546875 -0.355987548828125
-0.000889658927917481 -0.000729858875274658 -0.348876953125 0.00665283203125004
0.0115776062011719 0.00564670562744141 -0.183685302734375 0.190383911132813
0.00554418563842773 -0.00161838531494141 0.028411865234375 0.181015014648438
0.0140790939331055 -0.0127286911010742 0.146713256835938 0.0889739990234375
0.0181636810302734 -0.000970840454101563 -0.136245727539063 -0.112190246582031
0.0106935501098633 0.00476837158203125 -0.00209045410156251 -0.197021484375
0.0122871398925781 0.0122880935668945 0.205047607421875 -0.158416748046875
-0.00423812866210937 0.0145673751831055 0.353851318359375 0.06561279296875
-0.0153884887695312 -0.00722980499267578 0.162841796875 0.382568359375
0.00841331481933594 -0.0222702026367187 -0.191314697265625 0.433441162109375
0.00735807418823242 0.00626945495605469 -0.288330078125 0.167327880859375
0.00913619995117187 0.0199604034423828 0.0289020538330078 0.0205783843994141
0.00531339645385742 0.00355625152587891 0.346405029296875 -0.185546875
0.010563850402832 -0.00179195404052734 0.18157958984375 -0.46490478515625
-0.00187098979949951 0.000219464302062988 -0.26043701171875 -0.349700927734375
-0.00339365005493164 -0.00109934806823731 -0.347503662109375 0.0123291015625
0.009368896484375 0.00650310516357422 -0.181060791015625 0.193634033203125
0.00374913215637207 0.000970125198364258 0.030120849609375 0.181625366210938
0.0111904144287109 -0.00959205627441406 0.14764404296875 0.0887603759765625
0.016937255859375 0.00233364105224609 -0.134857177734375 -0.113037109375
0.00902938842773438 0.00736141204833984 -0.00120544433593748 -0.196685791015625
0.0100984573364258 0.0139350891113281 0.206161499023437 -0.1563720703125
-0.00634860992431641 0.0139179229736328 0.354156494140625 0.069000244140625
-0.0146541595458984 -0.0113086700439453 0.15948486328125 0.386871337890625
0.0125408172607422 -0.0279865264892578 -0.1944580078125 0.432281494140625
0.0162582397460938 0.00267219543457031 -0.288970947265625 0.1650390625
0.0191745758056641 0.0201625823974609 0.0294456481933594 0.0202503204345703
0.0133161544799805 -0.000380516052246094 0.34417724609375 -0.18621826171875
0.0145292282104492 -0.00736427307128906 0.175750732421875 -0.4652099609375
-0.00172805786132812 -0.0039374828338623 -0.264007568359375 -0.347381591796875
-0.00638961791992188 -0.000584602355957032 -0.3485107421875 0.01531982421875
0.00756454467773438 0.008514404296875 -0.179794311523437 0.194671630859375
0.00332117080688477 0.00402474403381348 0.0301666259765625 0.18206787109375
0.00965404510498047 -0.00664901733398438 0.147872924804688 0.0899200439453125
0.0142478942871094 0.00597000122070313 -0.13531494140625 -0.111846923828125
0.00971698760986328 0.00947952270507813 -0.00126647949218749 -0.195587158203125
0.00839519500732422 0.0144529342651367 0.204376220703125 -0.15478515625
-0.00713062286376953 0.0133533477783203 0.352447509765625 0.069183349609375
-0.0145406723022461 -0.0144824981689453 0.15826416015625 0.38543701171875
0.0168857574462891 -0.031829833984375 -0.1956787109375 0.43096923828125
0.0237941741943359 -0.000354766845703125 -0.29266357421875 0.1658935546875
0.0276947021484375 0.0198726654052734 0.0253086090087891 0.0207157135009766
0.0203876495361328 -0.00266647338867188 0.343597412109375 -0.18365478515625
0.0176315307617188 -0.0112285614013672 0.17791748046875 -0.46197509765625
-0.00290298461914063 -0.00742578506469726 -0.261932373046875 -0.34765625
-0.00716733932495117 -0.000604629516601563 -0.3485107421875 0.015228271484375
0.00553703308105469 0.0091094970703125 -0.181427001953125 0.193466186523438
0.00201940536499023 0.00557422637939453 0.029296875 0.182052612304688
0.0079803466796875 -0.00227689743041992 0.147293090820313 0.089202880859375
0.0126075744628906 0.00770378112792969 -0.134086608886719 -0.110923767089844
0.0101680755615234 0.0108194351196289 -0.00450134277343752 -0.194656372070313
0.00726127624511719 0.0154628753662109 0.201034545898438 -0.156478881835938
-0.00892162322998047 0.0137262344360352 0.35015869140625 0.065338134765625
-0.0144863128662109 -0.0162801742553711 0.16131591796875 0.38250732421875
0.0190200805664062 -0.0362205505371094 -0.19146728515625 0.435394287109375
0.0288829803466797 -0.0020904541015625 -0.294158935546875 0.168609619140625
0.0348758697509766 0.0196933746337891 0.0183506011962891 0.0221633911132812
0.0259952545166016 -0.00378036499023438 0.339874267578125 -0.1781005859375
0.0202808380126953 -0.0145931243896484 0.182464599609375 -0.45751953125
-0.00202465057373047 -0.00916099548339844 -0.25909423828125 -0.350616455078125
-0.00853729248046875 -0.00215530395507813 -0.35076904296875 0.010589599609375
0.00454235076904297 0.00938606262207031 -0.184600830078125 0.1920166015625
0.00321531295776367 0.007537841796875 0.0273284912109375 0.183273315429688
0.00694799423217773 0.000162124633789062 0.147750854492188 0.090850830078125
0.0116653442382812 0.00869083404541016 -0.134063720703125 -0.109458923339844
0.0102806091308594 0.0101156234741211 -0.0079345703125 -0.194717407226563
0.0073709487915039 0.0150823593139648 0.196685791015625 -0.159255981445312
-0.009002685546875 0.0132684707641602 0.3475341796875 0.0560302734375
-0.0153932571411133 -0.016998291015625 0.1678466796875 0.378509521484375
0.0188179016113281 -0.0377006530761719 -0.18670654296875 0.441070556640625
0.0315361022949219 -0.00384140014648438 -0.298065185546875 0.17633056640625
0.0390625 0.020111083984375 0.0100688934326172 0.0240573883056641
0.0303306579589844 -0.00427627563476563 0.339263916015625 -0.171234130859375
0.0221481323242187 -0.0153903961181641 0.190521240234375 -0.455169677734375
-0.00289535522460938 -0.0107936859130859 -0.252777099609375 -0.358062744140625
-0.00894832611083984 -0.000982284545898436 -0.352813720703125 0.0035400390625
0.00444984436035156 0.0102643966674805 -0.189865112304688 0.189666748046875
0.0033564567565918 0.00738525390625 0.024810791015625 0.183425903320312
0.00668525695800781 0.00171947479248047 0.14739990234375 0.0910491943359375
0.0225849151611328 -0.00902175903320312 -0.137535095214844 -0.106040954589844
0.0129108428955078 -0.00418567657470703 -0.015167236328125 -0.195343017578125
0.0182704925537109 0.00670623779296875 0.187210083007813 -0.169281005859375
0.00173664093017578 0.0165796279907227 0.350341796875 0.034820556640625
-0.0163516998291016 0.00329685211181641 0.187774658203125 0.359130859375
-0.00321769714355469 -0.00941848754882812 -0.16058349609375 0.440216064453125
-0.00879287719726563 0.0134658813476563 -0.28851318359375 0.187744140625
-0.00895500183105469 0.0209083557128906 0.00890922546386719 0.0267105102539063
-0.0107288360595703 0.010645866394043 0.34222412109375 -0.164154052734375
0.00204086303710937 0.0115833282470703 0.205535888671875 -0.453216552734375
-0.00198650360107422 0.009735107421875 -0.240142822265625 -0.36590576171875
0.000954329967498779 -0.000635087490081787 -0.349273681640625 -0.00839233398437503
0.0150232315063477 0.00367641448974609 -0.190841674804688 0.183502197265625
0.00839757919311523 -0.00597810745239258 0.0231475830078125 0.180038452148438
0.0151262283325195 -0.0173549652099609 0.145462036132813 0.087860107421875
0.0206356048583984 -0.00700187683105469 -0.13720703125 -0.107772827148437
0.0117759704589844 -0.00216770172119141 -0.01043701171875 -0.195510864257813
0.0169200897216797 0.00813007354736328 0.193283081054688 -0.164901733398438
3.14712524414073E-05 0.0156564712524414 0.350616455078125 0.04595947265625
-0.0157556533813477 0.00109386444091797 0.1778564453125 0.36590576171875
-0.000944137573242189 -0.0123291015625 -0.17205810546875 0.435821533203125
-0.00583648681640625 0.0118446350097656 -0.286651611328125 0.1790771484375
-0.00490379333496093 0.0209121704101562 0.0180759429931641 0.0241870880126953
-0.00819873809814453 0.00954055786132813 0.3446044921875 -0.173553466796875
0.00404739379882812 0.00863265991210938 0.195556640625 -0.45745849609375
-0.00175905227661133 0.0068364143371582 -0.246673583984375 -0.35791015625
-0.000145554542541504 -0.00058823823928833 -0.347930908203125 0.000732421875000034
0.0132541656494141 0.00466346740722656 -0.184616088867187 0.186660766601563
0.00709199905395508 -0.0037074089050293 0.0274810791015625 0.179122924804688
0.014246940612793 -0.015416145324707 0.146041870117188 0.0867919921875
0.0199050903320313 -0.00401496887207031 -0.136764526367187 -0.108726501464844
0.0108432769775391 0.000905990600585938 -0.00714111328125 -0.195785522460938
0.015437126159668 0.0102577209472656 0.198455810546875 -0.161529541015625
-0.00118446350097656 0.0151081085205078 0.352752685546875 0.055908203125
-0.0153722763061523 -0.00280570983886718 0.1702880859375 0.3736572265625
0.00365161895751953 -0.0168123245239258 -0.17987060546875 0.433258056640625
1.90734863281272E-06 0.00888824462890625 -0.285614013671875 0.1724853515625
0.00156593322753906 0.0209770202636719 0.0243892669677734 0.0212993621826172
-0.00184488296508789 0.00665664672851563 0.34283447265625 -0.181182861328125
0.00726842880249023 0.0041351318359375 0.18438720703125 -0.460479736328125
-0.0015871524810791 0.00400376319885254 -0.25653076171875 -0.350860595703125
-0.00185203552246094 -0.000457882881164551 -0.34619140625 0.00994873046874998
0.0116443634033203 0.00549697875976563 -0.1800537109375 0.19085693359375
0.00586795806884766 -0.00176000595092773 0.0298919677734375 0.180068969726563
0.0122175216674805 -0.013066291809082 0.146957397460938 0.086578369140625
0.0182113647460937 -0.000701904296875 -0.135940551757812 -0.109626770019531
0.0105810165405273 0.00428199768066406 -0.00450134277343752 -0.194931030273438
0.01324462890625 0.0120353698730469 0.201568603515625 -0.157821655273437
-0.00322151184082031 0.0148153305053711 0.351104736328125 0.06146240234375
-0.0155611038208008 -0.00675010681152344 0.16375732421875 0.378204345703125
0.0073394775390625 -0.0224037170410156 -0.188079833984375 0.430816650390625
0.00786209106445313 0.00596427917480469 -0.285400390625 0.167816162109375
0.00978660583496094 0.020477294921875 0.0288600921630859 0.0207481384277344
0.00496912002563477 0.00335884094238281 0.343719482421875 -0.18634033203125
0.0105304718017578 -0.00163745880126953 0.176177978515625 -0.462921142578125
-0.00130283832550049 0.000187873840332031 -0.26123046875 -0.345947265625
-0.00388741493225098 -0.000516176223754882 -0.34393310546875 0.0161437988281249
0.00919246673583984 0.00695610046386719 -0.177276611328125 0.193511962890625
0.00403594970703125 0.000823259353637695 0.0319061279296875 0.179458618164063
0.0109901428222656 -0.00924777984619141 0.147415161132813 0.0867156982421875
0.0162448883056641 0.00227832794189453 -0.13507080078125 -0.110679626464844
0.00944423675537109 0.00727558135986328 -0.00308227539062502 -0.19427490234375
0.0106620788574219 0.0130014419555664 0.202926635742188 -0.155563354492188
-0.00576877593994141 0.0146846771240234 0.3514404296875 0.066314697265625
-0.0151348114013672 -0.010859489440918 0.161865234375 0.38226318359375
0.0123577117919922 -0.0283546447753906 -0.189849853515625 0.42950439453125
0.0157537460327148 0.00238037109375 -0.2861328125 0.16534423828125
0.0190505981445313 0.0199069976806641 0.0286045074462891 0.0197086334228516
0.0131492614746094 0.000256538391113281 0.342041015625 -0.18719482421875
0.0144376754760742 -0.00701332092285156 0.17193603515625 -0.46234130859375
-0.00200653076171875 -0.00363302230834961 -0.2647705078125 -0.343292236328125
-0.00645303726196289 -0.00075054168701172 -0.3450927734375 0.0185241699218751
0.00740575790405274 0.00815248489379883 -0.175888061523438 0.19451904296875
0.00333213806152344 0.00394845008850098 0.031524658203125 0.180252075195313
0.00939369201660156 -0.00579357147216797 0.147018432617188 0.0872039794921875
0.013951301574707 0.00551986694335938 -0.135467529296875 -0.109619140625
0.00905418395996094 0.00973415374755859 -0.00482177734375002 -0.19342041015625
0.00860881805419922 0.0143308639526367 0.20147705078125 -0.15521240234375
-0.00731849670410156 0.0137395858764648 0.349884033203125 0.064666748046875
-0.0149984359741211 -0.0137968063354492 0.160064697265625 0.38104248046875
0.0160198211669922 -0.0330104827880859 -0.189910888671875 0.429718017578125
0.0230484008789063 0.000417709350585938 -0.2879638671875 0.166412353515625
0.0281715393066406 0.0200271606445313 0.0250396728515625 0.0203113555908203
0.0205039978027344 -0.00201034545898438 0.33917236328125 -0.184051513671875
0.0176048278808594 -0.0120067596435547 0.17437744140625 -0.45953369140625
-0.00241518020629883 -0.00733184814453125 -0.263458251953125 -0.342071533203125
-0.00731849670410156 -0.00049924850463867 -0.34454345703125 0.0179748535156251
0.00541782379150391 0.00885391235351563 -0.17724609375 0.193954467773438
0.00307798385620117 0.00510120391845703 0.03143310546875 0.180511474609375
0.00721073150634766 -0.00267791748046875 0.147323608398438 0.087493896484375
0.0129480361938477 0.00693225860595703 -0.134597778320313 -0.10888671875
0.00949668884277344 0.0107526779174805 -0.00688171386718749 -0.19281005859375
0.00778102874755859 0.015838623046875 0.19775390625 -0.156723022460938
-0.00864982604980469 0.0136632919311523 0.348175048828125 0.061767578125
-0.0150003433227539 -0.0161151885986328 0.16461181640625 0.379058837890625
0.0183753967285156 -0.0359649658203125 -0.18548583984375 0.431488037109375
0.0282306671142578 -0.00221824645996094 -0.29022216796875 0.16827392578125
0.0349349975585938 0.0202808380126953 0.0178718566894531 0.0214977264404297
0.0264854431152344 -0.00385856628417969 0.335052490234375 -0.178314208984375
0.0198040008544922 -0.0146713256835938 0.178131103515625 -0.454864501953125
-0.0024566650390625 -0.0092926025390625 -0.259613037109375 -0.346771240234375
-0.00815963745117188 -0.000861644744873046 -0.347503662109375 0.013275146484375
0.00476551055908203 0.00988483428955078 -0.181243896484375 0.191879272460938
0.00310134887695313 0.00650167465209961 0.029266357421875 0.181442260742187
0.00618076324462891 0.000241279602050781 0.147598266601563 0.088623046875
0.0121736526489258 0.00831317901611328 -0.134773254394531 -0.106842041015625
0.00994205474853516 0.0104131698608398 -0.010284423828125 -0.192062377929687
0.00773525238037109 0.014948844909668 0.192840576171875 -0.159469604492187
-0.00856399536132813 0.0134057998657227 0.346649169921875 0.05352783203125
-0.0154886245727539 -0.016448974609375 0.170654296875 0.3743896484375
0.0186614990234375 -0.0382003784179688 -0.179443359375 0.43798828125
0.0312995910644531 -0.00379180908203125 -0.29437255859375 0.176605224609375
0.0389595031738281 0.0203857421875 0.00937271118164062 0.0236988067626953
0.0296840667724609 -0.00349044799804687 0.334259033203125 -0.171661376953125
0.0215282440185547 -0.0157470703125 0.186309814453125 -0.452545166015625
-0.00298118591308594 -0.0100288391113281 -0.25323486328125 -0.352691650390625
-0.0085296630859375 -0.00126028060913086 -0.349853515625 0.00677490234374995
0.00458335876464844 0.00968647003173828 -0.185379028320313 0.189422607421875
0.00293493270874023 0.0067906379699707 0.026519775390625 0.180557250976563
0.00614786148071289 0.00168085098266602 0.147293090820313 0.089508056640625
0.0220069885253906 -0.00920486450195313 -0.138824462890625 -0.103591918945313
0.0123052597045898 -0.00429153442382813 -0.0173797607421875 -0.193222045898438
0.0181121826171875 0.00647354125976563 0.1844482421875 -0.168228149414063
0.0023193359375 0.0164051055908203 0.347076416015625 0.033905029296875
-0.0159692764282227 0.00351715087890625 0.188018798828125 0.35577392578125
-0.00351428985595703 -0.00974750518798828 -0.156585693359375 0.43792724609375
-0.00822067260742188 0.0131168365478516 -0.2852783203125 0.187469482421875
-0.00809478759765625 0.0213451385498047 0.00815582275390625 0.0264968872070313
-0.0110454559326172 0.0114040374755859 0.33868408203125 -0.164947509765625
0.00247764587402344 0.011591911315918 0.201751708984375 -0.450347900390625
-0.00150203704833984 0.00892734527587891 -0.240081787109375 -0.362091064453125
0.00083392858505249 -0.000217258930206299 -0.3475341796875 -0.00518798828125004
0.0149755477905273 0.00401592254638672 -0.1881103515625 0.183059692382813
0.00837278366088867 -0.00624752044677734 0.02410888671875 0.178482055664063
0.01434326171875 -0.0176219940185547 0.145187377929688 0.0862884521484375
0.0208053588867188 -0.00754356384277344 -0.137603759765625 -0.104835510253906
0.0117864608764648 -0.00165462493896484 -0.01239013671875 -0.192840576171875
0.0169773101806641 0.00797653198242187 0.190505981445313 -0.16351318359375
0.000388145446777343 0.0158805847167969 0.348388671875 0.044769287109375
-0.0159950256347656 0.000986099243164063 0.178802490234375 0.36279296875
-0.00060749053955078 -0.0123605728149414 -0.167999267578125 0.43365478515625
-0.00592803955078125 0.0116605758666992 -0.283905029296875 0.17864990234375
-0.00456619262695313 0.0210685729980469 0.0168857574462891 0.0236682891845703
-0.0082559585571289 0.00970840454101563 0.341278076171875 -0.173126220703125
0.00408935546875 0.00866222381591797 0.191680908203125 -0.4542236328125
-0.00153970718383789 0.00709629058837891 -0.247039794921875 -0.354217529296875
-0.000143915414810181 -0.00053367018699646 -0.344268798828125 0.00341796874999999
0.0137767791748047 0.00424766540527344 -0.181732177734375 0.186721801757813
0.00714874267578125 -0.00415802001953125 0.0284423828125 0.177276611328125
0.0132246017456055 -0.0155296325683594 0.145889282226562 0.0847320556640625
0.0199222564697266 -0.00439453125 -0.137130737304688 -0.106513977050781
0.0104780197143555 0.00114631652832031 -0.00920104980468751 -0.193313598632813
0.0152091979980469 0.0103359222412109 0.195510864257813 -0.160980224609375
-0.00148582458496094 0.0160112380981445 0.349609375 0.053009033203125
-0.0155706405639648 -0.00251293182373047 0.170989990234375 0.36895751953125
0.00334072113037109 -0.0174007415771484 -0.176025390625 0.42987060546875
6.67572021484341E-06 0.00881671905517578 -0.282379150390625 0.1719970703125
0.00195693969726562 0.0199184417724609 0.0239486694335938 0.0214595794677734
-0.00184917449951172 0.00672149658203125 0.33953857421875 -0.18072509765625
0.00706768035888672 0.00362014770507813 0.179840087890625 -0.4581298828125
-0.00153326988220215 0.00359249114990234 -0.256195068359375 -0.34625244140625
-0.00222158432006836 -0.000435590744018555 -0.343048095703125 0.01214599609375
0.0114717483520508 0.0054931640625 -0.177597045898438 0.190322875976562
0.00592756271362305 -0.00147294998168945 0.030914306640625 0.178253173828125
0.0125827789306641 -0.0127105712890625 0.146209716796875 0.0851287841796875
0.0176677703857422 -0.0013275146484375 -0.136459350585938 -0.107673645019531
0.010401725769043 0.00406265258789063 -0.00694274902343751 -0.19305419921875
0.0125837326049805 0.0119724273681641 0.198410034179687 -0.15789794921875
-0.0035858154296875 0.0151119232177734 0.349639892578125 0.058929443359375
-0.0155181884765625 -0.00639629364013672 0.16497802734375 0.375152587890625
0.0074920654296875 -0.0227375030517578 -0.18182373046875 0.428558349609375
0.00735664367675781 0.00588083267211914 -0.28265380859375 0.167999267578125
0.0102291107177734 0.0205307006835937 0.0276317596435547 0.0197372436523438
0.0052642822265625 0.00371742248535156 0.33837890625 -0.185516357421875
0.010706901550293 -0.00158596038818359 0.1727294921875 -0.460540771484375
-0.00201821327209473 -0.000272035598754882 -0.2615966796875 -0.34014892578125
-0.00406455993652344 -0.000319242477416993 -0.341064453125 0.018310546875
0.00884246826171875 0.00611209869384766 -0.174148559570312 0.193099975585938
0.00421643257141113 0.00107908248901367 0.032989501953125 0.177352905273438
0.00984573364257813 -0.00916862487792969 0.14678955078125 0.084686279296875
0.016392707824707 0.00212001800537109 -0.136016845703125 -0.108589172363281
0.00933265686035156 0.00723075866699219 -0.00553894042968748 -0.192703247070312
0.0106353759765625 0.0136318206787109 0.20062255859375 -0.155364990234375
-0.00571823120117187 0.0146942138671875 0.34881591796875 0.063140869140625
-0.0149879455566406 -0.0103464126586914 0.1627197265625 0.3775634765625
0.0121974945068359 -0.0282249450683594 -0.18524169921875 0.427520751953125
0.0155858993530273 0.00219440460205078 -0.283233642578125 0.1666259765625
0.0196781158447266 0.0202579498291016 0.0276470184326172 0.0192775726318359
0.0132761001586914 0.000630378723144531 0.33673095703125 -0.187530517578125
0.014124870300293 -0.0071868896484375 0.16876220703125 -0.4599609375
-0.00191235542297363 -0.00383353233337402 -0.264801025390625 -0.3387451171875
-0.00563621520996094 -0.000541210174560547 -0.341552734375 0.02069091796875
0.00745534896850586 0.00788259506225586 -0.173431396484375 0.19354248046875
0.00354433059692383 0.00336718559265137 0.0330047607421875 0.178924560546875
0.00894641876220703 -0.00640869140625 0.14697265625 0.0856781005859375
0.0140981674194336 0.00504970550537109 -0.135169982910156 -0.107353210449219
0.00937652587890625 0.00921440124511719 -0.006195068359375 -0.191757202148438
0.00887107849121094 0.0145139694213867 0.19818115234375 -0.154632568359375
-0.0072784423828125 0.0139265060424805 0.34625244140625 0.06329345703125
-0.0144481658935547 -0.0133581161499023 0.1612548828125 0.37860107421875
0.0156192779541016 -0.0330047607421875 -0.186614990234375 0.427490234375
0.0225715637207031 0.000280380249023438 -0.285797119140625 0.1661376953125
0.0281696319580078 0.020660400390625 0.0242633819580078 0.0199985504150391
0.0203914642333984 -0.00134658813476562 0.33514404296875 -0.184539794921875
0.0175819396972656 -0.0114841461181641 0.17047119140625 -0.455413818359375
-0.0023341178894043 -0.00694179534912109 -0.262054443359375 -0.337860107421875
-0.00754308700561523 -0.000940799713134765 -0.34185791015625 0.0201721191406251
0.00572395324707031 0.00887012481689453 -0.174942016601562 0.19287109375
0.00281000137329102 0.00620174407958984 0.0318450927734375 0.178665161132813
0.00705051422119141 -0.0026555061340332 0.1473388671875 0.085968017578125
0.0128231048583984 0.00679206848144531 -0.134788513183594 -0.106895446777344
0.0093231201171875 0.010371208190918 -0.00852966308593748 -0.190414428710938
0.0080413818359375 0.0152530670166016 0.194900512695313 -0.15625
-0.0080413818359375 0.0135498046875 0.345703125 0.05926513671875
-0.0149126052856445 -0.0153207778930664 0.165008544921875 0.374298095703125
0.0177497863769531 -0.0363082885742188 -0.181640625 0.430511474609375
0.0285167694091797 -0.0016632080078125 -0.287933349609375 0.170074462890625
0.0348033905029297 0.0197811126708984 0.0176124572753906 0.0214977264404297
0.0260810852050781 -0.00291061401367188 0.3311767578125 -0.179290771484375
0.0200748443603516 -0.0146503448486328 0.1737060546875 -0.453277587890625
-0.00256156921386719 -0.00946521759033203 -0.2593994140625 -0.34136962890625
-0.00855064392089844 -0.000496864318847654 -0.344268798828125 0.016845703125
0.00481605529785156 0.00909805297851563 -0.178115844726563 0.191390991210938
0.00260210037231445 0.00691080093383789 0.030487060546875 0.17938232421875
0.00554656982421875 0.000542163848876953 0.147262573242188 0.08685302734375
0.0123481750488281 0.00739765167236328 -0.134841918945312 -0.104827880859375
0.0100460052490234 0.0103673934936523 -0.0114898681640625 -0.189712524414063
0.00748443603515625 0.014439582824707 0.1904296875 -0.158248901367188
-0.00833606719970703 0.0138750076293945 0.34332275390625 0.0506591796875
-0.0150480270385742 -0.0161256790161133 0.170806884765625 0.369842529296875
0.0179557800292969 -0.0381393432617188 -0.176177978515625 0.4346923828125
0.0312862396240234 -0.00382804870605469 -0.290985107421875 0.1773681640625
0.0397415161132813 0.0202980041503906 0.00859260559082031 0.0238513946533203
0.0295543670654297 -0.00330924987792969 0.3306884765625 -0.171600341796875
0.0216941833496094 -0.0154533386230469 0.181671142578125 -0.450439453125
-0.00222587585449219 -0.0110864639282227 -0.25262451171875 -0.346832275390625
-0.00903701782226563 -0.00118732452392578 -0.34674072265625 0.00964355468749997
0.00450325012207031 0.00925636291503906 -0.182601928710938 0.189407348632813
0.00352239608764648 0.00706768035888672 0.027252197265625 0.1796875
0.00568771362304688 0.00153255462646484 0.146682739257813 0.087432861328125
0.022308349609375 -0.00908470153808594 -0.138229370117188 -0.102516174316406
0.0121355056762695 -0.00426387786865234 -0.0186614990234375 -0.191009521484375
0.0180377960205078 0.00619125366210938 0.1820068359375 -0.167816162109375
0.00198841094970703 0.0161600112915039 0.344024658203125 0.03125
-0.0160312652587891 0.00377655029296875 0.187957763671875 0.35223388671875
-0.003570556640625 -0.00971698760986328 -0.154083251953125 0.43511962890625
-0.00833415985107422 0.0134763717651367 -0.28271484375 0.187347412109375
-0.00799369812011719 0.0213565826416016 0.00771522521972656 0.0259685516357422
-0.0108184814453125 0.0114669799804687 0.3345947265625 -0.1639404296875
0.00225925445556641 0.0115299224853516 0.199310302734375 -0.44769287109375
-0.00229167938232422 0.00920867919921875 -0.2396240234375 -0.358367919921875
0.000963270664215088 -0.000510096549987793 -0.345062255859375 -0.00231933593749997
0.0148229598999023 0.00304412841796875 -0.184783935546875 0.182144165039063
0.00879764556884766 -0.00631999969482422 0.0252532958984375 0.177108764648438
0.0139694213867188 -0.0177764892578125 0.144882202148438 0.084747314453125
0.0206165313720703 -0.0074005126953125 -0.137466430664062 -0.103416442871094
0.0114021301269531 -0.00159931182861328 -0.013946533203125 -0.19140625
0.0166759490966797 0.00772380828857422 0.187713623046875 -0.163330078125
0.00105857849121094 0.0159273147583008 0.345550537109375 0.04132080078125
-0.0159082412719727 0.00121593475341797 0.178192138671875 0.359375
-0.00104331970214844 -0.0125188827514648 -0.165679931640625 0.430084228515625
-0.00527095794677734 0.0117092132568359 -0.28143310546875 0.178253173828125
-0.00456047058105469 0.0210342407226563 0.0167121887207031 0.0230865478515625
-0.00785446166992187 0.0102319717407227 0.336578369140625 -0.172760009765625
0.00439882278442383 0.00876855850219726 0.188201904296875 -0.451171875
-0.00154399871826172 0.00669193267822266 -0.24627685546875 -0.34912109375
-0.00057750940322876 -0.000842452049255371 -0.3409423828125 0.00601196289062495
0.0130119323730469 0.00414085388183594 -0.179000854492187 0.185745239257813
0.0072784423828125 -0.00394296646118164 0.0291595458984375 0.176162719726563
0.0128145217895508 -0.0155267715454102 0.145462036132813 0.0838165283203125
0.0203208923339844 -0.00484657287597656 -0.13726806640625 -0.105110168457031
0.0102853775024414 0.00136947631835938 -0.0101776123046875 -0.192001342773438
0.0150623321533203 0.00952720642089844 0.193069458007812 -0.160354614257813
-0.000688552856445314 0.015376091003418 0.34637451171875 0.051513671875
-0.0153207778930664 -0.00209426879882812 0.171417236328125 0.36676025390625
0.00267982482910156 -0.0177688598632813 -0.171539306640625 0.427520751953125
9.53674316406251E-05 0.00899028778076172 -0.279556274414062 0.172622680664063
0.00232696533203125 0.0209121704101563 0.0233917236328125 0.021209716796875
-0.00235652923583984 0.00727558135986328 0.335845947265625 -0.180572509765625
0.0074467658996582 0.00364446640014648 0.17724609375 -0.455352783203125
-0.00111961364746094 0.00373005867004394 -0.255645751953125 -0.342620849609375
-0.00203561782836914 -7.52210617065433E-05 -0.339935302734375 0.0136718750000001
0.0113649368286133 0.00508689880371094 -0.175262451171875 0.18939208984375
0.0056915283203125 -0.00154781341552734 0.03173828125 0.176773071289062
0.0121355056762695 -0.0128774642944336 0.145751953125 0.0837249755859375
0.0177497863769531 -0.00153160095214844 -0.136398315429688 -0.1051025390625
0.00973129272460938 0.00385284423828125 -0.00865173339843751 -0.190719604492188
0.0133295059204102 0.0115337371826172 0.1959228515625 -0.156448364257813
-0.00314617156982422 0.015101432800293 0.34576416015625 0.057464599609375
-0.0151739120483398 -0.00635910034179687 0.1654052734375 0.371124267578125
0.00702667236328125 -0.0224552154541016 -0.17938232421875 0.42559814453125
0.00711631774902344 0.00608015060424805 -0.279708862304688 0.167556762695313
0.0103816986083984 0.020660400390625 0.0270786285400391 0.0197296142578125
0.00527572631835938 0.00431442260742188 0.3349609375 -0.185394287109375
0.0106134414672852 -0.00163841247558594 0.170562744140625 -0.45562744140625
-0.00150799751281738 -0.000195980072021484 -0.260498046875 -0.336029052734375
-0.00407886505126953 -0.000180244445800782 -0.3388671875 0.0196533203124999
0.00883960723876953 0.006805419921875 -0.170852661132813 0.191879272460938
0.004486083984375 0.000883579254150391 0.0335540771484375 0.176620483398438
0.00955390930175781 -0.00953578948974609 0.146163940429688 0.0832366943359375
0.0162582397460938 0.00147247314453125 -0.136093139648437 -0.106552124023438
0.00842618942260742 0.00694036483764649 -0.00743103027343751 -0.190536499023438
0.0113563537597656 0.0128612518310547 0.197525024414063 -0.155563354492188
-0.00478649139404297 0.01434326171875 0.346038818359375 0.06097412109375
-0.0151815414428711 -0.00977325439453125 0.162628173828125 0.374847412109375
0.0112628936767578 -0.0280818939208984 -0.181732177734375 0.42376708984375
0.0152273178100586 0.00304508209228516 -0.280364990234375 0.165328979492188
0.0196647644042969 0.0201473236083984 0.0271816253662109 0.0190830230712891
0.0130443572998047 0.00144577026367187 0.332977294921875 -0.18572998046875
0.0141324996948242 -0.00732135772705078 0.164794921875 -0.456024169921875
-0.00150799751281738 -0.00377345085144043 -0.264129638671875 -0.334228515625
-0.00618505477905274 -0.000475406646728515 -0.338592529296875 0.02203369140625
0.00779151916503906 0.00779294967651367 -0.1702880859375 0.193557739257813
0.00366902351379394 0.0036308765411377 0.0336761474609375 0.177490234375
0.00828218460083008 -0.00604534149169922 0.146743774414063 0.0839996337890625
0.0147571563720703 0.00533866882324219 -0.135604858398437 -0.105331420898438
0.00947952270507813 0.00937843322753906 -0.00787353515624999 -0.188827514648437
0.00888824462890625 0.0139083862304688 0.19549560546875 -0.153549194335938
-0.00664710998535156 0.014012336730957 0.34478759765625 0.0614013671875
-0.0143003463745117 -0.0129995346069336 0.16180419921875 0.374847412109375
0.0150966644287109 -0.0329322814941406 -0.18316650390625 0.425048828125
0.0229911804199219 -0.0001983642578125 -0.28314208984375 0.16619873046875
0.0283985137939453 0.0201950073242188 0.023529052734375 0.0194377899169922
0.0199756622314453 -0.00132369995117188 0.3309326171875 -0.183502197265625
0.0171518325805664 -0.0111169815063477 0.167083740234375 -0.4537353515625
-0.00177907943725586 -0.00680255889892578 -0.262054443359375 -0.3336181640625
-0.00773191452026367 -0.000566959381103514 -0.338470458984375 0.02239990234375
0.00536966323852539 0.00843286514282226 -0.1715087890625 0.1925048828125
0.00290679931640625 0.0056610107421875 0.0337982177734375 0.17694091796875
0.00646734237670898 -0.00251388549804688 0.146743774414063 0.0840606689453125
0.0123138427734375 0.00695133209228516 -0.134971618652344 -0.104293823242188
0.00908851623535156 0.0102405548095703 -0.01055908203125 -0.188323974609375
0.00771999359130859 0.0148115158081055 0.191879272460938 -0.155426025390625
-0.007415771484375 0.0139036178588867 0.3424072265625 0.056640625
-0.0146570205688477 -0.0150766372680664 0.16522216796875 0.37103271484375
0.0175819396972656 -0.0360145568847656 -0.178985595703125 0.42694091796875
0.0284099578857422 -0.00206375122070313 -0.28521728515625 0.16986083984375
0.0351905822753906 0.0204238891601563 0.0172309875488281 0.0215129852294922
0.0257453918457031 -0.00236320495605469 0.328399658203125 -0.178985595703125
0.0194301605224609 -0.0142288208007813 0.171356201171875 -0.450042724609375
-0.00214004516601562 -0.00929355621337891 -0.258392333984375 -0.337615966796875
-0.0090646743774414 -0.000135421752929689 -0.34100341796875 0.01776123046875
0.00498771667480469 0.00841808319091797 -0.175125122070313 0.1907958984375
0.0030207633972168 0.00629615783691406 0.030609130859375 0.177871704101563
0.00555610656738281 -0.000299930572509766 0.14666748046875 0.0858001708984375
0.0118808746337891 0.00785732269287109 -0.134971618652344 -0.102806091308594
0.00986194610595703 0.00979995727539063 -0.0136260986328125 -0.1878662109375
0.00765609741210937 0.014958381652832 0.18780517578125 -0.156936645507812
-0.00755405426025391 0.0143299102783203 0.340789794921875 0.0499267578125
-0.0152788162231445 -0.0153827667236328 0.171600341796875 0.367034912109375
0.0174217224121094 -0.0382423400878906 -0.17327880859375 0.43231201171875
0.031097412109375 -0.00366401672363281 -0.288787841796875 0.1767578125
0.0392112731933594 0.0203094482421875 0.00836944580078125 0.0229396820068359
0.0295963287353516 -0.00323295593261719 0.32659912109375 -0.170989990234375
0.0217723846435547 -0.0155982971191406 0.179443359375 -0.44769287109375
-0.00271987915039062 -0.0104331970214844 -0.252716064453125 -0.344696044921875
-0.00911521911621094 -0.000749588012695314 -0.344085693359375 0.0111694335937501
0.00494861602783203 0.00949001312255859 -0.179611206054688 0.188644409179688
0.00340652465820313 0.00692844390869141 0.027984619140625 0.178253173828125
0.00531530380249023 0.00144195556640625 0.146224975585938 0.0860748291015625
0.0216808319091797 -0.00968360900878906 -0.137649536132812 -0.100883483886719
0.0117006301879883 -0.00432777404785156 -0.0196685791015625 -0.188720703125
0.0179309844970703 0.00632858276367188 0.180130004882813 -0.167205810546875
0.00317573547363281 0.0164623260498047 0.34246826171875 0.030853271484375
-0.0155830383300781 0.00403022766113281 0.18768310546875 0.3497314453125
-0.00416469573974609 -0.00998210906982422 -0.15228271484375 0.431854248046875
-0.00823497772216797 0.0136213302612305 -0.280471801757812 0.186813354492188
-0.00798225402832031 0.0216140747070313 0.00677490234375 0.0253696441650391
-0.0109586715698242 0.0122785568237305 0.332275390625 -0.163818359375
0.00236034393310547 0.0118770599365234 0.197967529296875 -0.44403076171875
-0.00155258178710937 0.00916194915771484 -0.23931884765625 -0.35455322265625
0.000859856605529785 -0.000125885009765625 -0.34185791015625 -0.00210571289062494
0.014979362487793 0.00296974182128906 -0.182449340820313 0.181533813476563
0.00829458236694336 -0.00611782073974609 0.02606201171875 0.17529296875
0.0130729675292969 -0.017186164855957 0.144439697265625 0.08355712890625
0.0203189849853516 -0.00767898559570313 -0.137496948242188 -0.102226257324219
0.0114717483520508 -0.00214385986328125 -0.01519775390625 -0.188949584960938
0.0168266296386719 0.00808429718017578 0.186111450195312 -0.16217041015625
0.00158500671386719 0.0164070129394531 0.343292236328125 0.04168701171875
-0.0159358978271484 0.00156307220458985 0.17803955078125 0.356292724609375
-0.00130939483642578 -0.0128192901611328 -0.162689208984375 0.42706298828125
-0.0055999755859375 0.0119152069091797 -0.279342651367188 0.17755126953125
-0.00423240661621094 0.0213279724121094 0.0158576965332031 0.0230693817138672
-0.00715255737304688 0.0103740692138672 0.332916259765625 -0.17315673828125
0.00405025482177734 0.0083765983581543 0.1861572265625 -0.448974609375
-0.00141048431396484 0.00702667236328125 -0.246002197265625 -0.346221923828125
-0.000242352485656738 -0.00048479437828064 -0.33892822265625 0.00653076171875004
0.0132560729980469 0.00420570373535156 -0.177276611328125 0.18505859375
0.0070185661315918 -0.00455570220947266 0.029266357421875 0.174224853515625
0.0123825073242188 -0.0154294967651367 0.14508056640625 0.0822601318359375
0.0195636749267578 -0.00497817993164063 -0.136787414550781 -0.103225708007813
0.0100898742675781 0.000592231750488281 -0.01165771484375 -0.189208984375
0.0151443481445313 0.00962162017822266 0.191055297851563 -0.158905029296875
-0.000398635864257813 0.0159215927124023 0.344390869140625 0.05072021484375
-0.0154867172241211 -0.0019073486328125 0.17083740234375 0.364501953125
0.00268363952636719 -0.0173273086547852 -0.169891357421875 0.424468994140625
0.0001678466796875 0.00909423828125 -0.277984619140625 0.170989990234375
0.00255966186523437 0.0207939147949219 0.0227088928222656 0.0209102630615234
-0.00208663940429688 0.00755786895751953 0.333587646484375 -0.179534912109375
0.00717401504516602 0.00387239456176758 0.1766357421875 -0.45257568359375
-0.00134515762329102 0.00354337692260742 -0.25396728515625 -0.3392333984375
-0.00215888023376465 -0.000395298004150391 -0.337310791015625 0.01507568359375
0.0114202499389648 0.00479602813720703 -0.17254638671875 0.188323974609375
0.0057072639465332 -0.0013737678527832 0.03216552734375 0.175582885742188
0.0110769271850586 -0.0130929946899414 0.14556884765625 0.0821685791015625
0.0176239013671875 -0.00182914733886719 -0.136329650878906 -0.103973388671875
0.00977039337158203 0.00377178192138672 -0.009368896484375 -0.18890380859375
0.0125579833984375 0.0115842819213867 0.19415283203125 -0.155410766601563
-0.00263595581054687 0.0153036117553711 0.344818115234375 0.05584716796875
-0.0148563385009766 -0.00587558746337891 0.164794921875 0.369659423828125
0.00689506530761719 -0.0224552154541016 -0.17724609375 0.421630859375
0.00771999359130859 0.00604391098022461 -0.278289794921875 0.165786743164063
0.0104923248291016 0.0206813812255859 0.0263500213623047 0.0194187164306641
0.00539827346801758 0.00477313995361328 0.33233642578125 -0.183929443359375
0.0106544494628906 -0.00163459777832031 0.167144775390625 -0.45391845703125
-0.00154030323028564 2.33650207519532E-05 -0.2589111328125 -0.333251953125
-0.00420546531677246 -9.60826873779289E-05 -0.3359375 0.0207519531250001
0.00935649871826172 0.00609302520751953 -0.169570922851562 0.191482543945313
0.00432419776916504 0.000923395156860352 0.0341033935546875 0.174636840820313
0.00956821441650391 -0.0093994140625 0.14581298828125 0.0824432373046875
0.0164899826049805 0.00159835815429688 -0.135757446289063 -0.105377197265625
0.0093240737915039 0.00704669952392578 -0.00810241699218751 -0.188522338867188
0.0107240676879883 0.0134305953979492 0.195526123046875 -0.154388427734375
-0.00438785552978516 0.0152177810668945 0.344940185546875 0.06048583984375
-0.0152006149291992 -0.00972557067871093 0.16302490234375 0.371551513671875
0.0111236572265625 -0.0285491943359375 -0.180908203125 0.421173095703125
0.015559196472168 0.00315189361572266 -0.278640747070313 0.164794921875
0.0202827453613281 0.0209388732910156 0.0264892578125 0.0188484191894531
0.0127801895141602 0.00188350677490234 0.329925537109375 -0.184906005859375
0.0141353607177734 -0.00705146789550781 0.163482666015625 -0.45428466796875
-0.0018455982208252 -0.00360965728759766 -0.262420654296875 -0.331207275390625
-0.00649785995483398 0.000235080718994141 -0.336822509765625 0.023223876953125
0.0074772834777832 0.00722455978393555 -0.168167114257813 0.192367553710937
0.00359082221984863 0.00410985946655273 0.033843994140625 0.175323486328125
0.0080876350402832 -0.00581264495849609 0.146514892578125 0.083099365234375
0.0142831802368164 0.00432014465332031 -0.135459899902344 -0.103729248046875
0.00940513610839844 0.00909233093261719 -0.00914001464843748 -0.18701171875
0.00899887084960938 0.014002799987793 0.193466186523438 -0.152542114257813
-0.00593662261962891 0.0141201019287109 0.34246826171875 0.06011962890625
-0.0148134231567383 -0.0130214691162109 0.16143798828125 0.37261962890625
0.0150966644287109 -0.0327606201171875 -0.181427001953125 0.421966552734375
0.0228252410888672 8.0108642578125E-05 -0.28125 0.165496826171875
0.0282440185546875 0.0203704833984375 0.0229511260986328 0.0196418762207031
0.0205059051513672 -0.00093841552734375 0.32830810546875 -0.182037353515625
0.0169219970703125 -0.0111303329467773 0.165924072265625 -0.45074462890625
-0.00244808197021484 -0.00696039199829101 -0.2606201171875 -0.330291748046875
-0.0078434944152832 -0.000394344329833985 -0.336639404296875 0.022613525390625
0.00582265853881836 0.00809144973754883 -0.16973876953125 0.191299438476563
0.00307893753051758 0.0055232048034668 0.034027099609375 0.176223754882813
0.00641202926635742 -0.00232315063476562 0.146163940429688 0.0827484130859375
0.0125284194946289 0.0064697265625 -0.134803771972656 -0.103073120117187
0.00873947143554688 0.00982379913330078 -0.0111846923828125 -0.18621826171875
0.00767040252685547 0.014500617980957 0.19049072265625 -0.154327392578125
-0.00713157653808594 0.0140752792358398 0.340057373046875 0.05572509765625
-0.0147495269775391 -0.0148458480834961 0.164459228515625 0.368682861328125
0.0168228149414062 -0.0362472534179687 -0.177490234375 0.42401123046875
0.0282173156738281 -0.00201034545898438 -0.283172607421875 0.1688232421875
0.0355796813964844 0.0205955505371094 0.0160064697265625 0.0210494995117188
0.0261821746826172 -0.00238227844238281 0.325164794921875 -0.177825927734375
0.019622802734375 -0.0141448974609375 0.1693115234375 -0.4476318359375
-0.00245285034179687 -0.00948238372802734 -0.257293701171875 -0.3330078125
-0.00905895233154297 -0.000374794006347656 -0.338592529296875 0.017852783203125
0.00489473342895508 0.0086665153503418 -0.173004150390625 0.189422607421875
0.00274944305419922 0.00639867782592773 0.031707763671875 0.176177978515625
0.00528526306152344 0.000119686126708984 0.145980834960938 0.0844268798828125
0.0119762420654297 0.00747013092041016 -0.134742736816406 -0.101409912109375
0.00951099395751953 0.010157585144043 -0.0146026611328125 -0.185775756835938
0.00786209106445313 0.0147314071655273 0.185897827148438 -0.156997680664062
-0.0069875717163086 0.0136985778808594 0.338592529296875 0.048858642578125
-0.0153417587280273 -0.0151824951171875 0.170623779296875 0.363861083984375
0.0172119140625 -0.0380058288574219 -0.1710205078125 0.429046630859375
0.0308475494384766 -0.00345230102539063 -0.2872314453125 0.176422119140625
0.0395088195800781 0.0204010009765625 0.00814628601074219 0.0228939056396484
0.0292434692382813 -0.00244331359863281 0.32421875 -0.170684814453125
0.0211639404296875 -0.0155735015869141 0.178131103515625 -0.444915771484375
-0.00266170501708984 -0.0106344223022461 -0.250579833984375 -0.340911865234375
-0.00956058502197266 -0.000474929809570312 -0.34136962890625 0.0118408203124999
0.00480270385742188 0.00894832611083984 -0.177902221679688 0.187911987304688
0.00301694869995117 0.00742673873901367 0.02880859375 0.176559448242188
0.00485038757324219 0.00185203552246094 0.145919799804688 0.0851898193359375
0.0217456817626953 -0.0100135803222656 -0.137710571289063 -0.099609375
0.011383056640625 -0.00431442260742188 -0.0202789306640625 -0.187225341796875
0.0184249877929688 0.00580978393554688 0.178390502929688 -0.165817260742188
0.003082275390625 0.0163908004760742 0.339752197265625 0.03045654296875
-0.0157365798950195 0.0044412612915039 0.18603515625 0.347442626953125
-0.00395965576171875 -0.0101757049560547 -0.150146484375 0.4290771484375
-0.00826740264892578 0.0134181976318359 -0.278640747070313 0.18438720703125
-0.00722312927246094 0.0212364196777344 0.00686073303222656 0.0252418518066406
-0.0107097625732422 0.012598991394043 0.329193115234375 -0.16290283203125
0.00270366668701172 0.0116395950317383 0.19598388671875 -0.44219970703125
-0.00148296356201172 0.00912857055664062 -0.2379150390625 -0.351898193359375
0.000192254781723022 -0.000115469098091126 -0.339874267578125 -0.00158691406250002
0.0152578353881836 0.00339317321777344 -0.180419921875 0.180679321289063
0.00835847854614258 -0.00574541091918945 0.0260772705078125 0.17413330078125
0.0126676559448242 -0.0166664123535156 0.143798828125 0.0829925537109375
0.0201683044433594 -0.00784873962402344 -0.137229919433594 -0.101104736328125
0.0107421875 -0.00210285186767578 -0.016021728515625 -0.187164306640625
0.0168600082397461 0.00781917572021484 0.184478759765625 -0.16082763671875
0.00136947631835938 0.0163602828979492 0.3406982421875 0.041259765625
-0.0156116485595703 0.00119781494140625 0.176910400390625 0.355377197265625
-0.00124740600585937 -0.0132818222045898 -0.161956787109375 0.426361083984375
-0.0049896240234375 0.0115375518798828 -0.277969360351562 0.176559448242188
-0.00369071960449219 0.0215129852294922 0.0154018402099609 0.0225982666015625
-0.00689697265625 0.0104780197143555 0.3310546875 -0.171295166015625
0.00443267822265625 0.00880050659179688 0.186492919921875 -0.444549560546875
-0.00141620635986328 0.00693750381469727 -0.243927001953125 -0.34368896484375
-0.00112807750701904 -5.47170639038086E-05 -0.33685302734375 0.00689697265625007
0.0129079818725586 0.00382709503173828 -0.175064086914062 0.183868408203125
0.00711917877197266 -0.00463294982910156 0.029541015625 0.173248291015625
0.0114889144897461 -0.0153903961181641 0.144119262695313 0.081207275390625
0.0196990966796875 -0.00529289245605469 -0.136802673339844 -0.102066040039062
0.0100326538085938 0.000695228576660156 -0.01251220703125 -0.1876220703125
0.0151290893554687 0.00984668731689453 0.1890869140625 -0.158309936523438
-0.000185012817382812 0.0160589218139648 0.34197998046875 0.049163818359375
-0.0154056549072266 -0.00200653076171875 0.170318603515625 0.36187744140625
0.00239372253417969 -0.0177116394042969 -0.169952392578125 0.422332763671875
0.000532150268554688 0.00898170471191406 -0.276580810546875 0.170196533203125
0.00241851806640625 0.0214385986328125 0.0216464996337891 0.0208053588867187
-0.00197219848632812 0.00776004791259766 0.330535888671875 -0.17816162109375
0.00755500793457031 0.00413751602172852 0.17498779296875 -0.44976806640625
-0.00114345550537109 0.00371289253234863 -0.252349853515625 -0.337615966796875
-0.00250935554504395 -0.000413656234741211 -0.33526611328125 0.0152587890625
0.0112600326538086 0.00471878051757813 -0.169876098632812 0.187744140625
0.00586700439453125 -0.00184774398803711 0.032196044921875 0.173934936523438
0.0101041793823242 -0.0130958557128906 0.145278930664063 0.081695556640625
0.0177669525146484 -0.00163459777832031 -0.136001586914062 -0.102294921875
0.00957012176513672 0.00401973724365234 -0.0101776123046875 -0.187301635742188
0.0127248764038086 0.0116109848022461 0.192428588867188 -0.154571533203125
-0.00237941741943359 0.0158462524414063 0.34234619140625 0.056732177734375
-0.0149078369140625 -0.00552463531494141 0.1639404296875 0.36688232421875
0.00678253173828125 -0.0226917266845703 -0.1761474609375 0.419769287109375
0.00709104537963867 0.00584554672241211 -0.276809692382813 0.165756225585937
0.0105648040771484 0.0207004547119141 0.0254364013671875 0.0189857482910156
0.00535202026367188 0.00520801544189453 0.329833984375 -0.182830810546875
0.0102682113647461 -0.00157737731933594 0.16668701171875 -0.449920654296875
-0.00165164470672607 -0.000206828117370606 -0.257720947265625 -0.3311767578125
-0.00427412986755371 -4.72068786621084E-05 -0.33380126953125 0.0206604003906251
0.00889968872070313 0.00587177276611328 -0.16754150390625 0.1898193359375
0.00453615188598633 0.00127077102661133 0.0343017578125 0.1734619140625
0.00895786285400391 -0.00945568084716797 0.145416259765625 0.0813446044921875
0.0159206390380859 0.00137424468994141 -0.135337829589844 -0.103607177734375
0.00867795944213867 0.00676631927490234 -0.0088043212890625 -0.186676025390625
0.0108346939086914 0.0127677917480469 0.194290161132813 -0.153274536132812
-0.00437259674072266 0.0147285461425781 0.342437744140625 0.060089111328125
-0.0150146484375 -0.00903892517089844 0.161285400390625 0.3699951171875
0.0109710693359375 -0.0285301208496094 -0.179656982421875 0.42010498046875
0.0156898498535156 0.00287055969238281 -0.27734375 0.163665771484375
0.0202312469482422 0.0207099914550781 0.0257415771484375 0.0188446044921875
0.0127706527709961 0.00225448608398438 0.3280029296875 -0.18487548828125
0.0142059326171875 -0.00671863555908203 0.161865234375 -0.45050048828125
-0.00201678276062012 -0.00388693809509277 -0.260101318359375 -0.327850341796875
-0.00685644149780274 -0.00013113021850586 -0.333709716796875 0.023162841796875
0.0073246955871582 0.00726509094238281 -0.166458129882813 0.190872192382812
0.00364971160888672 0.00358462333679199 0.03424072265625 0.17462158203125
0.00748252868652344 -0.00582265853881836 0.1456298828125 0.082305908203125
0.0138692855834961 0.00453853607177734 -0.135093688964844 -0.102424621582031
0.00945949554443359 0.00915813446044922 -0.0093536376953125 -0.1851806640625
0.00891590118408203 0.0138797760009766 0.191604614257813 -0.152252197265625
-0.0053253173828125 0.0143671035766602 0.339599609375 0.060516357421875
-0.0145702362060547 -0.0125188827514648 0.16021728515625 0.370025634765625
0.0146999359130859 -0.0329666137695313 -0.180877685546875 0.419158935546875
0.0223217010498047 4.57763671875E-05 -0.279876708984375 0.1644287109375
0.028900146484375 0.0203571319580078 0.0221385955810547 0.0193576812744141
0.0199680328369141 -0.000329971313476563 0.32586669921875 -0.18023681640625
0.0170917510986328 -0.01141357421875 0.1641845703125 -0.44793701171875
-0.00206804275512695 -0.00716352462768555 -0.25823974609375 -0.327789306640625
-0.00780010223388672 9.34600830078118E-05 -0.334136962890625 0.022857666015625
0.00589561462402344 0.0079803466796875 -0.16741943359375 0.190444946289062
0.0030975341796875 0.00540876388549805 0.0339202880859375 0.174758911132812
0.00538158416748047 -0.00210237503051758 0.145675659179688 0.0824127197265625
0.0128669738769531 0.00632667541503906 -0.134780883789063 -0.102035522460938
0.00908470153808594 0.0102005004882812 -0.0115814208984375 -0.184860229492188
0.00758838653564453 0.0148839950561523 0.188613891601563 -0.15289306640625
-0.0068044662475586 0.0142621994018555 0.3380126953125 0.056549072265625
-0.0146589279174805 -0.0145559310913086 0.16375732421875 0.367279052734375
0.0166702270507812 -0.0360260009765625 -0.174835205078125 0.421630859375
0.0283241271972656 -0.00224113464355469 -0.2813720703125 0.16790771484375
0.0355758666992188 0.0205268859863281 0.0151863098144531 0.0210342407226563
0.0254974365234375 -0.00151252746582031 0.3238525390625 -0.176544189453125
0.0201759338378906 -0.0148410797119141 0.169769287109375 -0.444671630859375
-0.00263595581054688 -0.00928688049316406 -0.25628662109375 -0.332000732421875
-0.00899696350097656 -0.000236511230468752 -0.334320068359375 0.01904296875
0.00485467910766601 0.00877571105957031 -0.170700073242188 0.188919067382813
0.00330495834350586 0.00679922103881836 0.0319671630859375 0.175277709960938
0.00440692901611328 0.000150203704833984 0.14605712890625 0.0832977294921875
0.0116481781005859 0.00751686096191406 -0.134727478027344 -0.100227355957031
0.00945472717285156 0.00964927673339844 -0.0150604248046875 -0.184234619140625
0.00735759735107422 0.0143585205078125 0.184295654296875 -0.155548095703125
-0.00692176818847656 0.014094352722168 0.337005615234375 0.0482177734375
-0.0155706405639648 -0.0153236389160156 0.1693115234375 0.362152099609375
0.0168952941894531 -0.0379180908203125 -0.1693115234375 0.42755126953125
0.0306148529052734 -0.00354766845703125 -0.28509521484375 0.17510986328125
0.0396652221679688 0.0205039978027344 0.00766372680664063 0.0228004455566406
0.02947998046875 -0.00230979919433594 0.321990966796875 -0.169891357421875
0.0215473175048828 -0.0153522491455078 0.176513671875 -0.44183349609375
-0.00231647491455078 -0.0103635787963867 -0.250244140625 -0.338531494140625
-0.00902175903320313 -0.00025177001953125 -0.339935302734375 0.0123901367187499
0.00449943542480469 0.00902938842773438 -0.17572021484375 0.186737060546875
0.003143310546875 0.00695991516113281 0.02874755859375 0.1759033203125
0.00405621528625488 0.00179696083068848 0.145126342773438 0.084075927734375
0.0218353271484375 -0.00950431823730469 -0.137252807617188 -0.0984420776367188
0.0115547180175781 -0.00413703918457031 -0.0208587646484375 -0.185867309570313
0.0183925628662109 0.00606536865234375 0.177703857421875 -0.163955688476563
0.0035562515258789 0.0166254043579102 0.337493896484375 0.02984619140625
-0.0154438018798828 0.00441741943359375 0.18450927734375 0.346771240234375
-0.00372982025146485 -0.0102834701538086 -0.14874267578125 0.426483154296875
-0.00777339935302735 0.0135335922241211 -0.278289794921875 0.184173583984375
-0.00674057006835937 0.0215358734130859 0.00569534301757813 0.0256748199462891
-0.0105094909667969 0.0128269195556641 0.3284912109375 -0.16131591796875
0.0025787353515625 0.0116434097290039 0.194976806640625 -0.440277099609375
-0.00152492523193359 0.00915241241455078 -0.23583984375 -0.349853515625
0.000249236822128296 -5.7712197303772E-05 -0.337432861328125 -0.000396728515625069
0.0152759552001953 0.00325393676757813 -0.17919921875 0.179397583007813
0.00828123092651367 -0.00583696365356445 0.026214599609375 0.173126220703125
0.0124893188476563 -0.0166120529174805 0.143478393554688 0.0822906494140625
0.0202789306640625 -0.00770950317382813 -0.137344360351563 -0.100227355957031
0.0110673904418945 -0.00234603881835938 -0.0167388916015625 -0.185653686523438
0.0167980194091797 0.00791072845458984 0.18377685546875 -0.16009521484375
0.00227737426757813 0.0164604187011719 0.339202880859375 0.0413818359375
-0.0154361724853516 0.00126171112060547 0.17486572265625 0.353271484375
-0.0014801025390625 -0.0135774612426758 -0.161163330078125 0.4228515625
-0.00482940673828125 0.0114908218383789 -0.277542114257812 0.175094604492188
-0.00352859497070313 0.0216693878173828 0.0144405364990234 0.0228614807128906
-0.00689125061035156 0.0108938217163086 0.330047607421875 -0.170135498046875
0.00449275970458984 0.00814533233642578 0.185150146484375 -0.444000244140625
-0.00136566162109375 0.00653314590454102 -0.24310302734375 -0.341827392578125
-0.000969827175140381 -1.39474868774416E-05 -0.335174560546875 0.00653076171875002
0.0129537582397461 0.00420570373535156 -0.173492431640625 0.183364868164063
0.00687360763549805 -0.00417232513427734 0.0301055908203125 0.172271728515625
0.0110511779785156 -0.0152425765991211 0.143966674804688 0.0809326171875
0.0192222595214844 -0.00546646118164062 -0.136810302734375 -0.101493835449219
0.00955104827880859 0.000863075256347656 -0.0133056640625 -0.186126708984375
0.0152502059936523 0.00955867767333984 0.188568115234375 -0.156784057617188
0.000151634216308595 0.0160951614379883 0.34027099609375 0.050018310546875
-0.0154504776000977 -0.00148868560791016 0.16937255859375 0.35968017578125
0.00192451477050781 -0.0179958343505859 -0.168914794921875 0.419158935546875
0.000331878662109375 0.00914478302001953 -0.275833129882813 0.168899536132813
0.00297164916992187 0.0210723876953125 0.0207881927490234 0.0211830139160156
-0.00129604339599609 0.00806570053100586 0.328277587890625 -0.1767578125
0.00763368606567383 0.00374603271484375 0.1746826171875 -0.44873046875
-0.00111174583435059 0.00360321998596191 -0.25146484375 -0.33380126953125
-0.00267720222473145 -2.43186950683591E-05 -0.333251953125 0.015594482421875
0.011723518371582 0.00443840026855469 -0.168502807617188 0.187149047851563
0.00583934783935547 -0.0013585090637207 0.0322418212890625 0.17236328125
0.00992393493652344 -0.0127401351928711 0.144683837890625 0.08087158203125
0.0174417495727539 -0.00208759307861328 -0.13604736328125 -0.101539611816406
0.00911235809326172 0.00409126281738281 -0.0102386474609375 -0.18548583984375
0.0135030746459961 0.0115489959716797 0.19134521484375 -0.153045654296875
-0.00175380706787109 0.0154008865356445 0.341156005859375 0.0556640625
-0.0152254104614258 -0.00572872161865234 0.1632080078125 0.36578369140625
0.00649261474609375 -0.0232315063476562 -0.176239013671875 0.41754150390625
0.00760698318481445 0.00606155395507813 -0.2757568359375 0.1646728515625
0.0113086700439453 0.0206623077392578 0.02545166015625 0.0193634033203125
0.00524997711181641 0.00535964965820313 0.32763671875 -0.182159423828125
0.0111160278320313 -0.00134658813476563 0.167572021484375 -0.449188232421875
-0.00138235092163086 -0.000163793563842773 -0.255950927734375 -0.32989501953125
-0.00459909439086914 -0.000288009643554688 -0.33135986328125 0.021209716796875
0.00916004180908203 0.00586700439453125 -0.165847778320313 0.188690185546875
0.00470829010009766 0.000648975372314453 0.0345306396484375 0.172744750976562
0.0081634521484375 -0.009490966796875 0.14520263671875 0.0810699462890625
0.0163602828979492 0.00128936767578125 -0.135475158691406 -0.102729797363281
0.00879955291748047 0.00665283203125 -0.00939941406249999 -0.185577392578125
0.0113716125488281 0.0133705139160156 0.192886352539063 -0.152130126953125
-0.00342082977294922 0.0146646499633789 0.340301513671875 0.059661865234375
-0.0148630142211914 -0.00944900512695312 0.16156005859375 0.368377685546875
0.0113296508789062 -0.0283432006835938 -0.178497314453125 0.417510986328125
0.0152168273925781 0.00291538238525391 -0.276031494140625 0.162155151367188
0.0202770233154297 0.0206851959228516 0.0248832702636719 0.0188064575195313
0.0126495361328125 0.00272941589355469 0.326385498046875 -0.183013916015625
0.0138311386108398 -0.00707435607910156 0.16259765625 -0.448974609375
-0.00145816802978516 -0.00388741493225098 -0.25830078125 -0.326446533203125
-0.00669384002685547 0.000159263610839844 -0.332275390625 0.0236511230468749
0.00742483139038086 0.0072021484375 -0.165206909179687 0.190383911132813
0.00348448753356934 0.00352740287780762 0.0343017578125 0.174118041992188
0.00693082809448242 -0.00579738616943359 0.145263671875 0.08160400390625
0.0133581161499023 0.00424480438232422 -0.135238647460937 -0.101486206054688
0.00862884521484375 0.00907039642333984 -0.0103912353515625 -0.1842041015625
0.00887966156005859 0.0140552520751953 0.19085693359375 -0.150787353515625
-0.00558567047119141 0.0142984390258789 0.338348388671875 0.0592041015625
-0.0141334533691406 -0.0122957229614258 0.158782958984375 0.369293212890625
0.0141201019287109 -0.0327568054199219 -0.179595947265625 0.417755126953125
0.0226974487304687 3.814697265625E-05 -0.2789306640625 0.162887573242187
0.0288944244384766 0.0205821990966797 0.0213737487792969 0.0194988250732422
0.0200366973876953 -7.05718994140625E-05 0.324493408203125 -0.17938232421875
0.0170516967773438 -0.0109844207763672 0.1651611328125 -0.445404052734375
-0.00240325927734375 -0.00723838806152344 -0.25628662109375 -0.3262939453125
-0.00833702087402344 0.000206947326660157 -0.33209228515625 0.0233154296875001
0.00577497482299805 0.0082545280456543 -0.166152954101563 0.189346313476562
0.00284767150878906 0.00537967681884766 0.033477783203125 0.173309326171875
0.00532817840576172 -0.00194025039672852 0.14471435546875 0.081512451171875
0.0126934051513672 0.00617027282714844 -0.134315490722656 -0.101150512695312
0.0090179443359375 0.0102510452270508 -0.0127410888671875 -0.1832275390625
0.00819778442382813 0.0144472122192383 0.18792724609375 -0.151962280273438
-0.00610923767089844 0.0142993927001953 0.336517333984375 0.056060791015625
-0.0142879486083984 -0.0143594741821289 0.16265869140625 0.36602783203125
0.0166282653808594 -0.0364532470703125 -0.17510986328125 0.419647216796875
0.0279693603515625 -0.00166702270507813 -0.28125 0.166534423828125
0.0355491638183594 0.0207443237304688 0.0147533416748047 0.0210208892822266
0.0255298614501953 -0.00124359130859375 0.321258544921875 -0.17486572265625
0.0193634033203125 -0.01416015625 0.1683349609375 -0.442230224609375
-0.00263500213623047 -0.00937271118164063 -0.253875732421875 -0.329833984375
-0.00910854339599609 0.000438690185546875 -0.33489990234375 0.0186157226562499
0.00483226776123047 0.009246826171875 -0.1697998046875 0.187515258789063
0.00293302536010742 0.00691080093383789 0.0313873291015625 0.17431640625
0.00456428527832031 0.000291347503662109 0.1455078125 0.0828704833984375
0.0121927261352539 0.00698947906494141 -0.134117126464844 -0.0995407104492188
0.009429931640625 0.0100307464599609 -0.015777587890625 -0.182601928710938
0.00726318359375 0.0147857666015625 0.183639526367188 -0.154464721679688
-0.00643157958984375 0.014129638671875 0.334808349609375 0.048370361328125
-0.0151071548461914 -0.0143718719482422 0.16815185546875 0.361053466796875
0.0164718627929688 -0.0382919311523438 -0.1693115234375 0.424468994140625
0.0303630828857422 -0.00308036804199219 -0.284271240234375 0.17413330078125
0.0397148132324219 0.020751953125 0.00621223449707032 0.0229415893554688
0.0293121337890625 -0.00167274475097656 0.3204345703125 -0.168487548828125
0.0214653015136719 -0.0152854919433594 0.1763916015625 -0.439697265625
-0.00251483917236328 -0.0107097625732422 -0.247711181640625 -0.336273193359375
-0.00976753234863281 -0.000149726867675782 -0.336822509765625 0.013427734375
0.00435161590576172 0.00904083251953125 -0.174209594726562 0.185623168945313
0.00329399108886719 0.00709819793701172 0.0291290283203125 0.174514770507812
0.00363612174987793 0.00184512138366699 0.145339965820313 0.083404541015625
0.0217113494873047 -0.00978851318359375 -0.137466430664063 -0.0982894897460938
0.0111970901489258 -0.00414562225341797 -0.0209808349609375 -0.184661865234375
0.0182933807373047 0.00592994689941406 0.177139282226563 -0.163360595703125
0.00349044799804687 0.0166101455688477 0.337738037109375 0.03143310546875
-0.0154056549072266 0.00432682037353516 0.184906005859375 0.346343994140625
-0.00413036346435547 -0.0106077194213867 -0.149566650390625 0.426116943359375
-0.00755691528320312 0.0133199691772461 -0.277664184570313 0.182220458984375
-0.00649070739746094 0.0219306945800781 0.0051422119140625 0.0251922607421875
-0.0101766586303711 0.0129432678222656 0.326507568359375 -0.160186767578125
0.00258255004882813 0.0114040374755859 0.196807861328125 -0.43841552734375
-0.00172996520996094 0.00911617279052734 -0.234588623046875 -0.34954833984375
3.24845314025879E-05 0.0002279132604599 -0.337188720703125 -0.00131225585937497
0.0144309997558594 0.0027618408203125 -0.178176879882813 0.179367065429688
0.00824689865112305 -0.00620889663696289 0.0259857177734375 0.172760009765625
0.0119924545288086 -0.017024040222168 0.143295288085937 0.0820770263671875
0.0201950073242188 -0.00771522521972656 -0.136917114257812 -0.0990982055664063
0.0111045837402344 -0.00194644927978516 -0.0169830322265625 -0.1846923828125
0.0166254043579102 0.00784683227539063 0.182769775390625 -0.158370971679688
0.00192165374755859 0.0162696838378906 0.33917236328125 0.04205322265625
-0.0156288146972656 0.00155830383300781 0.174896240234375 0.353302001953125
-0.00150871276855469 -0.0135202407836914 -0.160858154296875 0.421630859375
-0.00498485565185547 0.0118083953857422 -0.276260375976563 0.174072265625
-0.00342559814453125 0.0215072631835938 0.0137577056884766 0.0227794647216797
-0.00721645355224609 0.0112009048461914 0.328460693359375 -0.1685791015625
0.00429725646972656 0.00875139236450195 0.185577392578125 -0.442413330078125
-0.00134658813476562 0.00638055801391602 -0.24163818359375 -0.34112548828125
-0.000986278057098388 0.000465333461761475 -0.334075927734375 0.00610351562499998
0.0130376815795898 0.00367450714111328 -0.1732177734375 0.181915283203125
0.0071258544921875 -0.00429964065551758 0.0294647216796875 0.171630859375
0.010589599609375 -0.014948844909668 0.143798828125 0.0807952880859375
0.0192146301269531 -0.00554275512695312 -0.136184692382812 -0.100608825683594
0.00964927673339844 0.000737190246582031 -0.0127716064453125 -0.1849365234375
0.015080451965332 0.00941085815429688 0.188262939453125 -0.1556396484375
0.000393867492675782 0.0161581039428711 0.3388671875 0.049285888671875
-0.0156126022338867 -0.00139713287353516 0.168060302734375 0.3597412109375
0.00175857543945313 -0.0178203582763672 -0.168487548828125 0.418853759765625
0.000586509704589844 0.00892257690429688 -0.275222778320313 0.167999267578125
0.00362396240234375 0.0214977264404297 0.0205650329589844 0.0207653045654297
-0.00186681747436523 0.00866794586181641 0.328857421875 -0.176239013671875
0.00735664367675781 0.00394201278686523 0.174835205078125 -0.446807861328125
-0.00143289566040039 0.00366640090942383 -0.248199462890625 -0.33270263671875
-0.00253629684448242 -0.000220775604248047 -0.332061767578125 0.0150146484375
0.0115528106689453 0.00457286834716797 -0.16851806640625 0.185928344726563
0.00575160980224609 -0.00173091888427734 0.032379150390625 0.172149658203125
0.0092477798461914 -0.0126628875732422 0.14422607421875 0.08062744140625
0.017303466796875 -0.00203037261962891 -0.135856628417969 -0.100715637207031
0.00978469848632812 0.00440692901611328 -0.011444091796875 -0.184066772460938
0.0137653350830078 0.011591911315918 0.190521240234375 -0.152236938476562
-0.0012359619140625 0.0153436660766602 0.34002685546875 0.05596923828125
-0.0149164199829102 -0.00560951232910156 0.16119384765625 0.36572265625
0.00616455078125 -0.0235328674316406 -0.176025390625 0.416015625
0.00746774673461914 0.00639915466308594 -0.275299072265625 0.163345336914063
0.0113029479980469 0.0207481384277344 0.0242958068847656 0.0195713043212891
0.0052332878112793 0.00592136383056641 0.327728271484375 -0.179931640625
0.0105743408203125 -0.00125503540039063 0.167633056640625 -0.44818115234375
-0.00133001804351807 -0.000567317008972168 -0.2547607421875 -0.328460693359375
-0.00456857681274414 0.000332832336425782 -0.33026123046875 0.0208740234374999
0.00956821441650391 0.00599956512451172 -0.164703369140625 0.188369750976562
0.00449895858764648 0.000799179077148437 0.033905029296875 0.171920776367187
0.00787162780761719 -0.00923824310302734 0.144622802734375 0.0806427001953125
0.0154924392700195 0.000979423522949219 -0.135353088378906 -0.102005004882813
0.00847816467285156 0.00675821304321289 -0.00978088378906248 -0.18408203125
0.011286735534668 0.0128211975097656 0.192138671875 -0.151092529296875
-0.00373649597167969 0.0145530700683594 0.340240478515625 0.060546875
-0.0146665573120117 -0.00902366638183594 0.159454345703125 0.368194580078125
0.0106334686279297 -0.0288295745849609 -0.177734375 0.414794921875
0.0152664184570313 0.00338554382324219 -0.276031494140625 0.161575317382813
0.0204582214355469 0.0210227966308594 0.0243110656738281 0.0188484191894531
0.0127582550048828 0.00281143188476563 0.32635498046875 -0.181304931640625
0.0140476226806641 -0.00698471069335937 0.16265869140625 -0.446258544921875
-0.00130796432495117 -0.00396466255187988 -0.257598876953125 -0.326629638671875
-0.00677776336669922 0.000413894653320313 -0.3304443359375 0.023193359375
0.00720548629760742 0.00701189041137695 -0.1639404296875 0.189346313476563
0.00376296043395996 0.00335454940795898 0.0341339111328125 0.173248291015625
0.00635671615600586 -0.00542449951171875 0.145217895507813 0.0815277099609375
0.0135459899902344 0.0038604736328125 -0.134918212890625 -0.101051330566406
0.00857639312744141 0.00860595703125 -0.0103607177734375 -0.182785034179688
0.00919628143310547 0.0137834548950195 0.19036865234375 -0.150115966796875
-0.00494956970214844 0.0143146514892578 0.338043212890625 0.060394287109375
-0.0142583847045898 -0.0123081207275391 0.157379150390625 0.36810302734375
0.0136852264404297 -0.03350830078125 -0.179107666015625 0.415283203125
0.0226783752441406 0.000606536865234375 -0.278457641601563 0.161956787109375
0.0290393829345703 0.020904541015625 0.0206089019775391 0.0193271636962891
0.0198516845703125 0.000272750854492187 0.323089599609375 -0.177642822265625
0.0169601440429688 -0.0107450485229492 0.165557861328125 -0.443817138671875
-0.00174522399902344 -0.00708818435668945 -0.254974365234375 -0.32568359375
-0.00856637954711914 0.000177383422851564 -0.330810546875 0.02294921875
0.00541973114013672 0.0076899528503418 -0.165283203125 0.18804931640625
0.00249147415161133 0.00516748428344727 0.0338897705078125 0.172775268554688
0.00493335723876953 -0.00238513946533203 0.144790649414063 0.0819244384765625
0.0126581192016602 0.00591754913330078 -0.134376525878906 -0.100700378417969
0.00897026062011719 0.0100307464599609 -0.01287841796875 -0.181594848632813
0.00803852081298828 0.0143775939941406 0.18719482421875 -0.15087890625
-0.00573444366455078 0.0143861770629883 0.33587646484375 0.055694580078125
-0.0144891738891602 -0.0144557952880859 0.1622314453125 0.36492919921875
0.0162239074707031 -0.036376953125 -0.175323486328125 0.41741943359375
0.0272808074951172 -0.00172042846679688 -0.280105590820313 0.1656494140625
0.0358200073242188 0.020965576171875 0.0142688751220703 0.0207881927490234
0.02606201171875 -0.000902175903320313 0.32000732421875 -0.17291259765625
0.0199832916259766 -0.0142002105712891 0.17034912109375 -0.44049072265625
-0.00243282318115234 -0.00934219360351563 -0.252288818359375 -0.328704833984375
-0.0092620849609375 0.000428199768066408 -0.333221435546875 0.018463134765625
0.00454330444335938 0.00801658630371094 -0.168655395507813 0.186630249023437
0.00343227386474609 0.00673246383666992 0.03179931640625 0.173675537109375
0.00380229949951172 0.000639438629150391 0.144866943359375 0.082366943359375
0.0116500854492188 0.00726604461669922 -0.133964538574219 -0.098968505859375
0.00978660583496094 0.00994873046875 -0.0160064697265625 -0.181961059570313
0.00810432434082031 0.0144662857055664 0.183074951171875 -0.153289794921875
-0.0061044692993164 0.0139865875244141 0.333740234375 0.04864501953125
-0.0150737762451172 -0.0146188735961914 0.1676025390625 0.361724853515625
0.01654052734375 -0.0385627746582031 -0.169036865234375 0.42333984375
0.0304412841796875 -0.00292205810546875 -0.283905029296875 0.172821044921875
0.039825439453125 0.0211944580078125 0.00596046447753907 0.02288818359375
0.0291271209716797 -0.00104713439941406 0.318939208984375 -0.16705322265625
0.0211181640625 -0.0152549743652344 0.1767578125 -0.43743896484375
-0.00263690948486328 -0.0105009078979492 -0.245330810546875 -0.3349609375
-0.009613037109375 5.34057617187497E-05 -0.336700439453125 0.01220703125
0.00470733642578125 0.008758544921875 -0.173873901367188 0.184768676757812
0.0039982795715332 0.00687313079833984 0.0290985107421875 0.174392700195313
0.00383377075195313 0.00224995613098145 0.144561767578125 0.0833892822265625
0.0219345092773438 -0.0101432800292969 -0.136955261230469 -0.097930908203125
0.0115947723388672 -0.00410270690917969 -0.0212249755859375 -0.18402099609375
0.01861572265625 0.00613975524902344 0.176467895507813 -0.162612915039063
0.00380992889404297 0.0168094635009766 0.33612060546875 0.030426025390625
-0.01513671875 0.0044698715209961 0.182891845703125 0.34625244140625
-0.00422191619873047 -0.0109443664550781 -0.150482177734375 0.4248046875
-0.00786018371582031 0.0131006240844727 -0.278335571289062 0.181472778320313
-0.00571823120117188 0.0219154357910156 0.00459098815917969 0.0253791809082031
-0.0100784301757813 0.0137062072753906 0.325653076171875 -0.158721923828125
0.00285816192626953 0.0118303298950195 0.197235107421875 -0.43658447265625
-0.00169086456298828 0.00909233093261719 -0.2325439453125 -0.34814453125
-0.000314623117446899 0.000371366739273071 -0.335723876953125 -0.00134277343750005
0.015049934387207 0.00271034240722656 -0.1776123046875 0.17803955078125
0.00848770141601563 -0.00602054595947266 0.026123046875 0.1727294921875
0.0112323760986328 -0.0169458389282227 0.143341064453125 0.0818328857421875
0.0199661254882813 -0.00807762145996094 -0.136528015136719 -0.0989532470703125
0.0105371475219727 -0.00197315216064453 -0.016845703125 -0.1842041015625
0.0169315338134766 0.00724887847900391 0.182388305664063 -0.157638549804688
0.00237083435058594 0.0163440704345703 0.33807373046875 0.042022705078125
-0.0154495239257813 0.0018463134765625 0.173828125 0.353485107421875
-0.00186538696289062 -0.0141019821166992 -0.16259765625 0.42083740234375
-0.00494670867919922 0.0115070343017578 -0.277053833007813 0.173004150390625
-0.00311279296875 0.0216789245605469 0.0132274627685547 0.0230083465576172
-0.00686836242675781 0.0116071701049805 0.32855224609375 -0.167816162109375
0.00412845611572266 0.00860357284545898 0.187530517578125 -0.4412841796875
-0.000974178314208984 0.00661897659301758 -0.239288330078125 -0.3409423828125
-0.00152027606964111 0.000183582305908203 -0.332855224609375 0.00680541992187495
0.0132360458374023 0.00365447998046875 -0.172744750976562 0.181777954101563
0.00719356536865234 -0.00442886352539063 0.029510498046875 0.17132568359375
0.0102605819702148 -0.0150461196899414 0.14349365234375 0.0807037353515625
0.0190296173095703 -0.00606346130371094 -0.136550903320313 -0.100013732910156
0.00944042205810547 0.00118160247802734 -0.013519287109375 -0.184371948242188
0.0157051086425781 0.00930309295654297 0.187667846679688 -0.15478515625
0.000510215759277342 0.0157356262207031 0.339599609375 0.051116943359375
-0.0150461196899414 -0.00154304504394531 0.167724609375 0.360076904296875
0.00184059143066406 -0.018310546875 -0.169525146484375 0.417755126953125
0.000662803649902343 0.00887966156005859 -0.275894165039063 0.166702270507812
0.00320053100585937 0.0216121673583984 0.0188922882080078 0.0210399627685547
-0.00134563446044922 0.00918769836425781 0.32745361328125 -0.174468994140625
0.00742578506469727 0.00395965576171875 0.176788330078125 -0.44561767578125
-0.00134778022766113 0.00338816642761231 -0.246978759765625 -0.3330078125
-0.00334787368774414 0.000694990158081054 -0.331085205078125 0.01519775390625
0.0116147994995117 0.00454902648925781 -0.167404174804688 0.1854248046875
0.00558328628540039 -0.00187444686889648 0.0316009521484375 0.172088623046875
0.00943660736083984 -0.0119142532348633 0.14453125 0.0803680419921875
0.0176734924316406 -0.00218582153320313 -0.136070251464844 -0.100151062011719
0.00974655151367188 0.00418663024902344 -0.01116943359375 -0.183670043945313
0.0132408142089844 0.0114631652832031 0.191009521484375 -0.151626586914063
-0.00133419036865234 0.0154876708984375 0.339202880859375 0.0565185546875
-0.0146951675415039 -0.00593662261962891 0.16131591796875 0.364898681640625
0.00605392456054688 -0.023223876953125 -0.176788330078125 0.415069580078125
0.00765037536621094 0.00599575042724609 -0.276168823242188 0.162612915039063
0.0116710662841797 0.0210342407226563 0.0236835479736328 0.0196037292480469
0.00518417358398437 0.00630903244018555 0.326904296875 -0.1781005859375
0.0106925964355469 -0.00157260894775391 0.169921875 -0.447296142578125
-0.001228928565979 -0.000417828559875488 -0.2520751953125 -0.32928466796875
-0.00495624542236328 4.76837158203117E-05 -0.32965087890625 0.020263671875
0.00930500030517578 0.00575447082519531 -0.16473388671875 0.187362670898437
0.00453758239746094 0.00113582611083984 0.0336761474609375 0.171646118164063
0.00765228271484375 -0.00904369354248047 0.1446533203125 0.08056640625
0.0161333084106445 0.000760078430175781 -0.135154724121094 -0.10150146484375
0.00832796096801758 0.00641202926635742 -0.0101776123046875 -0.183670043945313
0.0115594863891602 0.0130128860473633 0.19219970703125 -0.150161743164063
-0.00325870513916016 0.0151472091674805 0.33831787109375 0.060455322265625
-0.0145072937011719 -0.00901603698730469 0.159759521484375 0.36920166015625
0.0105438232421875 -0.0287036895751953 -0.179718017578125 0.413818359375
0.015376091003418 0.00327491760253906 -0.2767333984375 0.160568237304688
0.0209484100341797 0.0210666656494141 0.0237312316894531 0.018890380859375
0.0131206512451172 0.00316619873046875 0.32501220703125 -0.1800537109375
0.0138463973999023 -0.00708580017089844 0.16412353515625 -0.446197509765625
-0.00200748443603516 -0.00425410270690918 -0.256103515625 -0.325439453125
-0.00690221786499023 0.000809192657470703 -0.32958984375 0.023040771484375
0.00733327865600586 0.00703859329223633 -0.163619995117187 0.188369750976563
0.00371026992797852 0.00374031066894531 0.033843994140625 0.172988891601563
0.00601625442504883 -0.00561046600341797 0.145172119140625 0.0813446044921875
0.0133857727050781 0.00389957427978516 -0.134666442871094 -0.100318908691406
0.00869369506835938 0.00914096832275391 -0.0111541748046875 -0.18255615234375
0.00928688049316406 0.0137290954589844 0.190185546875 -0.148513793945313
-0.00465774536132813 0.0146360397338867 0.33642578125 0.0611572265625
-0.0142059326171875 -0.0124273300170898 0.156585693359375 0.367919921875
0.0136489868164063 -0.0333690643310547 -0.18096923828125 0.4141845703125
0.0223312377929688 4.57763671875E-05 -0.278228759765625 0.160888671875
0.0293998718261719 0.0211391448974609 0.0201988220214844 0.0197696685791016
0.0203342437744141 0.000936508178710938 0.323455810546875 -0.176483154296875
0.0173883438110352 -0.0111665725708008 0.166412353515625 -0.442596435546875
-0.00205516815185547 -0.00729036331176758 -0.254638671875 -0.32470703125
-0.00828170776367188 5.72204589843764E-05 -0.330413818359375 0.0220336914062501
0.00591039657592773 0.00771760940551758 -0.164993286132812 0.18792724609375
0.00315761566162109 0.00561666488647461 0.033599853515625 0.172958374023438
0.00440835952758789 -0.00174665451049805 0.145248413085938 0.0815582275390625
0.01287841796875 0.00584888458251953 -0.135169982910156 -0.100425720214844
0.00905036926269531 0.0101652145385742 -0.0129852294921875 -0.181915283203125
0.00800132751464844 0.0145816802978516 0.187652587890625 -0.149551391601563
-0.00544357299804688 0.0140466690063477 0.335693359375 0.055938720703125
-0.0144424438476563 -0.0138521194458008 0.161712646484375 0.36541748046875
0.0162162780761719 -0.036529541015625 -0.17572021484375 0.41668701171875
0.0280418395996094 -0.00190162658691406 -0.281112670898438 0.164794921875
0.0358848571777344 0.0207977294921875 0.0136470794677734 0.0210037231445313
0.0261993408203125 -0.000272750854492188 0.319793701171875 -0.172271728515625
0.0193328857421875 -0.0140209197998047 0.170135498046875 -0.439544677734375
-0.00218105316162109 -0.00994110107421875 -0.251495361328125 -0.32794189453125
-0.00970268249511719 0.000651359558105468 -0.3316650390625 0.0185546875
0.00471210479736328 0.00827360153198242 -0.168167114257813 0.186248779296875
0.00307464599609375 0.00697851181030273 0.031768798828125 0.1732177734375
0.00339150428771973 0.000319957733154297 0.144790649414063 0.082183837890625
0.0113744735717773 0.00680065155029297 -0.134140014648437 -0.0986175537109375
0.00953102111816406 0.00976276397705078 -0.0166473388671875 -0.18096923828125
0.00771999359130859 0.0143299102783203 0.182815551757813 -0.152389526367188
-0.00552463531494141 0.0144882202148438 0.333251953125 0.04815673828125
-0.0146455764770508 -0.0146455764770508 0.167510986328125 0.36114501953125
0.0163307189941406 -0.0386085510253906 -0.170013427734375 0.421478271484375
0.0307941436767578 -0.00300979614257813 -0.2840576171875 0.172210693359375
0.0401763916015625 0.0208244323730469 0.00547027587890625 0.0231380462646484
0.029632568359375 -0.000761032104492188 0.3182373046875 -0.165740966796875
0.0214138031005859 -0.0151481628417969 0.177825927734375 -0.43695068359375
-0.00267982482910156 -0.0103464126586914 -0.24468994140625 -0.336090087890625
-0.00946903228759765 9.82284545898421E-05 -0.335784912109375 0.0113830566406249
0.00442314147949219 0.00854206085205078 -0.173171997070313 0.18365478515625
0.00320529937744141 0.00646400451660156 0.0284576416015625 0.17401123046875
0.00306415557861328 0.00250482559204102 0.144760131835937 0.0832672119140625
0.0213527679443359 -0.01031494140625 -0.137351989746094 -0.09765625
0.0114889144897461 -0.00428009033203125 -0.0213623046875 -0.183456420898438
0.0185432434082031 0.00565147399902344 0.176788330078125 -0.162017822265625
0.00399303436279297 0.0166244506835937 0.3365478515625 0.031646728515625
-0.0152559280395508 0.00468349456787109 0.183074951171875 0.347442626953125
-0.00435066223144531 -0.0113668441772461 -0.15167236328125 0.42474365234375
-0.00748825073242188 0.0133628845214844 -0.279083251953125 0.181076049804688
-0.00590133666992188 0.0222721099853516 0.00388336181640625 0.0252418518066406
-0.0101404190063477 0.0137176513671875 0.326080322265625 -0.157745361328125
0.0027780532836914 0.0118169784545898 0.198638916015625 -0.43701171875
-0.00158119201660156 0.00894832611083984 -0.23114013671875 -0.349456787109375
-0.00037461519241333 0.000291556119918823 -0.335205078125 -0.00204467773437497
0.0147104263305664 0.00277614593505859 -0.177947998046875 0.178237915039062
0.00835227966308594 -0.00542497634887695 0.0258941650390625 0.172348022460938
0.0109567642211914 -0.0169248580932617 0.143539428710938 0.082244873046875
0.0195350646972656 -0.00856781005859375 -0.137237548828125 -0.0987548828125
0.0104637145996094 -0.00171566009521484 -0.016937255859375 -0.184066772460938
0.0168991088867188 0.00765609741210938 0.18267822265625 -0.156936645507812
0.00291824340820312 0.0165739059448242 0.33770751953125 0.04205322265625
-0.0155181884765625 0.00225925445556641 0.173553466796875 0.354034423828125
-0.00215244293212891 -0.0143251419067383 -0.163330078125 0.419830322265625
-0.00486469268798828 0.011713981628418 -0.278167724609375 0.173019409179688
-0.00226020812988281 0.02154541015625 0.012542724609375 0.0229110717773438
-0.00697994232177734 0.0118093490600586 0.32818603515625 -0.165771484375
0.00395774841308594 0.00861358642578125 0.188934326171875 -0.440460205078125
-0.00149297714233398 0.00673151016235352 -0.23883056640625 -0.3414306640625
-0.00112926959991455 0.000319361686706543 -0.332672119140625 0.00595092773437494
0.0131721496582031 0.00368595123291016 -0.172119140625 0.1812744140625
0.00727033615112305 -0.00455713272094727 0.0298919677734375 0.171829223632812
0.0100021362304688 -0.0147790908813477 0.143783569335938 0.080657958984375
0.0194187164306641 -0.006072998046875 -0.137107849121094 -0.0997314453125
0.00988006591796875 0.00078582763671875 -0.0134429931640625 -0.1837158203125
0.0158205032348633 0.00983428955078125 0.188430786132813 -0.153793334960938
0.00121974945068359 0.0158653259277344 0.33990478515625 0.051177978515625
-0.015080451965332 -0.00130176544189453 0.166351318359375 0.361114501953125
0.0016326904296875 -0.018524169921875 -0.170623779296875 0.41656494140625
0.000870704650878907 0.0088653564453125 -0.276046752929688 0.16632080078125
0.00407600402832032 0.0213165283203125 0.0192222595214844 0.0208587646484375
-0.0014801025390625 0.00957775115966797 0.32769775390625 -0.17352294921875
0.00743007659912109 0.00464916229248047 0.17852783203125 -0.444488525390625
-0.000790119171142578 0.00362491607666016 -0.2467041015625 -0.334716796875
-0.00291180610656738 0.000847339630126954 -0.330841064453125 0.01434326171875
0.0110645294189453 0.00413894653320312 -0.16717529296875 0.184844970703125
0.00556468963623047 -0.00195407867431641 0.03204345703125 0.172286987304687
0.00908565521240234 -0.0124711990356445 0.144561767578125 0.0810546875
0.0173807144165039 -0.00254631042480469 -0.136528015136719 -0.100479125976562
0.00893020629882813 0.00399494171142578 -0.0113983154296875 -0.183181762695313
0.0130090713500977 0.0111446380615234 0.1910400390625 -0.150558471679688
-0.000761032104492189 0.0152254104614258 0.338592529296875 0.056488037109375
-0.0144453048706055 -0.00588226318359375 0.16070556640625 0.36639404296875
0.00600814819335937 -0.0238628387451172 -0.17724609375 0.4146728515625
0.00736570358276367 0.0063014030456543 -0.276779174804687 0.162002563476563
0.0117149353027344 0.0214023590087891 0.0225429534912109 0.0193881988525391
0.00551557540893555 0.00621128082275391 0.326416015625 -0.176971435546875
0.0104007720947266 -0.00118732452392578 0.170928955078125 -0.4459228515625
-0.0013272762298584 -0.000285744667053222 -0.2530517578125 -0.32916259765625
-0.00490331649780273 0.000558853149414063 -0.329254150390625 0.0196533203125
0.00874423980712891 0.00513458251953125 -0.1641845703125 0.187469482421875
0.00392532348632813 0.000977516174316406 0.03375244140625 0.171798706054688
0.00731086730957031 -0.00869369506835938 0.145095825195313 0.0806121826171875
0.0155162811279297 0.000826835632324219 -0.135269165039062 -0.10198974609375
0.0088653564453125 0.00699329376220703 -0.01043701171875 -0.183013916015625
0.01153564453125 0.0126123428344727 0.192596435546875 -0.149307250976562
-0.00243854522705078 0.0148448944091797 0.338623046875 0.060760498046875
-0.0139474868774414 -0.00928974151611328 0.157928466796875 0.369049072265625
0.0101356506347656 -0.02899169921875 -0.180755615234375 0.413238525390625
0.0152425765991211 0.00298595428466797 -0.276748657226562 0.159927368164063
0.0211734771728516 0.0206890106201172 0.0231552124023438 0.0189723968505859
0.013432502746582 0.00409030914306641 0.3250732421875 -0.179351806640625
0.0142965316772461 -0.00638389587402344 0.165802001953125 -0.446319580078125
-0.0017242431640625 -0.00407505035400391 -0.25531005859375 -0.32611083984375
-0.00692987442016601 0.000498294830322266 -0.329864501953125 0.0219116210937499
0.00729990005493164 0.00693130493164063 -0.1632080078125 0.188323974609375
0.00367259979248047 0.00356984138488769 0.0337066650390625 0.172943115234375
0.0059056282043457 -0.00507736206054687 0.145523071289062 0.081390380859375
0.0136747360229492 0.00383090972900391 -0.135498046875 -0.100555419921875
0.00809955596923828 0.00899124145507812 -0.0108184814453125 -0.181793212890625
0.00938034057617188 0.0139799118041992 0.190185546875 -0.148239135742188
-0.00451946258544922 0.0140018463134766 0.337249755859375 0.061614990234375
-0.0140781402587891 -0.012751579284668 0.156097412109375 0.369171142578125
0.0133399963378906 -0.0336360931396484 -0.1812744140625 0.414093017578125
0.0228767395019531 -5.7220458984375E-05 -0.279617309570313 0.159896850585938
0.0291233062744141 0.0211696624755859 0.0194072723388672 0.0198135375976563
0.020721435546875 0.00157928466796875 0.322845458984375 -0.174652099609375
0.01727294921875 -0.0109777450561523 0.16802978515625 -0.442962646484375
-0.00163793563842774 -0.00719404220581055 -0.253448486328125 -0.325042724609375
-0.00828027725219727 0.000730037689208984 -0.330169677734375 0.0220947265625
0.00538492202758789 0.00773715972900391 -0.16473388671875 0.187240600585938
0.00304174423217773 0.00543832778930664 0.0337677001953125 0.1728515625
0.00384116172790527 -0.00182247161865234 0.145034790039063 0.08148193359375
0.0122957229614258 0.00557136535644531 -0.13482666015625 -0.0999755859375
0.00905036926269531 0.00973701477050781 -0.0131378173828125 -0.181533813476563
0.00807666778564453 0.0142431259155273 0.186798095703125 -0.149383544921875
-0.00518321990966797 0.0140171051025391 0.33624267578125 0.05706787109375
-0.0140867233276367 -0.0142002105712891 0.160614013671875 0.3651123046875
0.0156173706054688 -0.0368080139160156 -0.176788330078125 0.41595458984375
0.02801513671875 -0.00180435180664063 -0.28118896484375 0.16326904296875
0.0362358093261719 0.0210685729980469 0.0129776000976563 0.0210914611816406
0.0258941650390625 0.000345230102539063 0.320465087890625 -0.171478271484375
0.0201091766357422 -0.0142192840576172 0.17138671875 -0.439239501953125
-0.00248241424560547 -0.00957775115966797 -0.249603271484375 -0.328643798828125
-0.00947284698486328 0.000617980957031248 -0.3319091796875 0.0177612304687499
0.00471019744873047 0.00904464721679688 -0.168350219726563 0.186172485351562
0.00310039520263672 0.00639438629150391 0.03143310546875 0.173858642578125
0.00326800346374512 0.000383853912353516 0.145477294921875 0.0824737548828125
0.0118265151977539 0.00710678100585937 -0.134483337402344 -0.0980224609375
0.00983715057373047 0.010045051574707 -0.016876220703125 -0.180755615234375
0.00815486907958984 0.0144891738891602 0.182754516601563 -0.151596069335938
-0.00529766082763672 0.014373779296875 0.333404541015625 0.04949951171875
-0.0149374008178711 -0.0145606994628906 0.1668701171875 0.3607177734375
0.0162124633789063 -0.0388145446777344 -0.17083740234375 0.4222412109375
0.0307636260986328 -0.00276756286621094 -0.285247802734375 0.171173095703125
0.0401153564453125 0.0213279724121094 0.00477981567382813 0.0232658386230469
0.0294227600097656 -0.000303268432617188 0.319427490234375 -0.164886474609375
0.0214576721191406 -0.0148334503173828 0.179779052734375 -0.4365234375
-0.00234222412109375 -0.0102767944335938 -0.2452392578125 -0.33563232421875
-0.00959682464599609 0.000255584716796875 -0.335052490234375 0.0108947753906251
0.00437164306640625 0.00859260559082031 -0.17279052734375 0.183563232421875
0.00385856628417969 0.00672531127929688 0.0288238525390625 0.174087524414063
0.00264835357666016 0.00261116027832031 0.144790649414063 0.083221435546875
0.0216789245605469 -0.0103702545166016 -0.138008117675781 -0.0975799560546875
0.0113792419433594 -0.00409221649169922 -0.021881103515625 -0.183578491210938
0.0187206268310547 0.00582313537597656 0.177810668945313 -0.161529541015625
0.00469589233398438 0.0166749954223633 0.33685302734375 0.03314208984375
-0.0152244567871094 0.00446796417236328 0.18206787109375 0.3487548828125
-0.00450229644775391 -0.0112333297729492 -0.153228759765625 0.424957275390625
-0.00767898559570313 0.0134801864624023 -0.279876708984375 0.18011474609375
-0.00565910339355469 0.0219650268554687 0.00293731689453125 0.0253753662109375
-0.00969505310058594 0.014338493347168 0.3265380859375 -0.156982421875
0.00293731689453125 0.0115299224853516 0.200347900390625 -0.437835693359375
-0.00183486938476563 0.00910472869873047 -0.232269287109375 -0.350250244140625
-0.000494956970214844 0.000938475131988525 -0.335601806640625 -0.0023193359375
0.0147933959960938 0.00266551971435547 -0.178619384765625 0.177581787109375
0.00835275650024414 -0.00589132308959961 0.0254364013671875 0.173065185546875
0.0105962753295898 -0.0166893005371094 0.143936157226563 0.082794189453125
0.0197677612304688 -0.00847625732421875 -0.137405395507812 -0.0988082885742188
0.0106515884399414 -0.00231266021728516 -0.0174407958984375 -0.183395385742187
0.0172691345214844 0.00784397125244141 0.183349609375 -0.15679931640625
0.00315666198730469 0.0170059204101563 0.338958740234375 0.04315185546875
-0.0151863098144531 0.0019540786743164 0.172821044921875 0.35589599609375
-0.00214099884033203 -0.0144491195678711 -0.16424560546875 0.420562744140625
-0.00445747375488281 0.0113201141357422 -0.27911376953125 0.172988891601563
-0.00257492065429687 0.0218143463134766 0.0117664337158203 0.0231647491455078
-0.00701522827148438 0.0127420425415039 0.328948974609375 -0.16546630859375
0.00435495376586914 0.00842714309692383 0.18994140625 -0.44207763671875
-0.00158596038818359 0.00660848617553711 -0.23870849609375 -0.343231201171875
-0.001373291015625 0.000839710235595703 -0.333099365234375 0.00595092773437497
0.0132389068603516 0.00307178497314453 -0.1724853515625 0.181198120117187
0.00746679306030273 -0.00440263748168945 0.0291595458984375 0.172012329101563
0.00969314575195313 -0.0148563385009766 0.1441650390625 0.0812530517578125
0.0191192626953125 -0.00606536865234375 -0.136909484863281 -0.100234985351563
0.00948619842529297 0.00102424621582031 -0.0135498046875 -0.18377685546875
0.0157880783081055 0.00939369201660156 0.188735961914063 -0.153778076171875
0.00158405303955078 0.0158557891845703 0.34014892578125 0.05224609375
-0.0152263641357422 -0.00123310089111328 0.16571044921875 0.361846923828125
0.00148391723632812 -0.0188446044921875 -0.171875 0.417236328125
0.000914573669433594 0.00885009765625 -0.277542114257813 0.165985107421875
0.00397300720214844 0.0218753814697266 0.0185508728027344 0.0211124420166016
-0.000857353210449219 0.0100383758544922 0.327850341796875 -0.17279052734375
0.0076451301574707 0.00411081314086914 0.179718017578125 -0.444854736328125
-0.00141811370849609 0.00359964370727539 -0.2470703125 -0.33544921875
-0.00311136245727539 0.000879049301147461 -0.33111572265625 0.0137023925781251
0.0110454559326172 0.00437164306640625 -0.167739868164062 0.184799194335938
0.00600576400756836 -0.00201940536499023 0.031707763671875 0.172805786132812
0.00895786285400391 -0.012176513671875 0.14508056640625 0.081268310546875
0.0170001983642578 -0.00290775299072266 -0.136566162109375 -0.100540161132813
0.00894546508789063 0.003814697265625 -0.0120697021484375 -0.183578491210938
0.0133390426635742 0.0115127563476563 0.19158935546875 -0.15032958984375
-0.000519752502441407 0.0155773162841797 0.339599609375 0.05841064453125
-0.0142631530761719 -0.00506591796875 0.160430908203125 0.368408203125
0.00606918334960938 -0.0240077972412109 -0.17852783203125 0.4141845703125
0.00811576843261719 0.00688076019287109 -0.277130126953125 0.161041259765625
0.0123710632324219 0.0212059020996094 0.0219211578369141 0.019866943359375
0.00534963607788086 0.00641775131225586 0.327423095703125 -0.177398681640625
0.010711669921875 -0.00161361694335937 0.171722412109375 -0.446929931640625
-0.00113201141357422 -0.000258088111877441 -0.25103759765625 -0.329315185546875
-0.00508022308349609 0.000466346740722657 -0.3304443359375 0.019317626953125
0.0090789794921875 0.00520610809326172 -0.164382934570313 0.186508178710937
0.00457286834716797 0.000808238983154297 0.0337066650390625 0.172271728515625
0.00688648223876953 -0.00850629806518555 0.145645141601563 0.08172607421875
0.0155887603759766 0.000715255737304688 -0.13671875 -0.101402282714844
0.00851345062255859 0.00718832015991211 -0.0106201171875 -0.183013916015625
0.011810302734375 0.0125150680541992 0.192886352539063 -0.148727416992188
-0.00233840942382813 0.0149679183959961 0.339996337890625 0.062042236328125
-0.014286994934082 -0.00954723358154297 0.157257080078125 0.37054443359375
0.0102729797363281 -0.028961181640625 -0.1810302734375 0.41448974609375
0.0156240463256836 0.00311756134033203 -0.2779541015625 0.159622192382812
0.0210075378417969 0.0211811065673828 0.0222511291503906 0.0198402404785156
0.0132932662963867 0.00409984588623047 0.32568359375 -0.17822265625
0.0141992568969727 -0.00666046142578125 0.166961669921875 -0.44635009765625
-0.0017542839050293 -0.00411438941955566 -0.253936767578125 -0.32666015625
-0.00711441040039063 0.000912189483642578 -0.330841064453125 0.0219116210937499
0.00699281692504883 0.00672769546508789 -0.163604736328125 0.188507080078125
0.00370478630065918 0.00338196754455566 0.0339508056640625 0.173416137695313
0.00541257858276367 -0.00523757934570313 0.146270751953125 0.081634521484375
0.013458251953125 0.00354576110839844 -0.13580322265625 -0.100166320800781
0.00876903533935547 0.00923252105712891 -0.0111846923828125 -0.181854248046875
0.00958824157714844 0.0137014389038086 0.190948486328125 -0.147506713867187
-0.00413799285888672 0.0146045684814453 0.33843994140625 0.061920166015625
-0.0141124725341797 -0.0123128890991211 0.156524658203125 0.36956787109375
0.0132579803466797 -0.0339717864990234 -0.18267822265625 0.414520263671875
0.0228843688964844 0.000530242919921875 -0.280319213867188 0.160018920898438
0.0298824310302734 0.0210628509521484 0.0193138122558594 0.0195865631103516
0.0210723876953125 0.00178337097167969 0.32421875 -0.17535400390625
0.0176849365234375 -0.0108432769775391 0.169464111328125 -0.443939208984375
-0.0018315315246582 -0.0077824592590332 -0.252044677734375 -0.32586669921875
-0.00874948501586914 0.000629901885986327 -0.3309326171875 0.021636962890625
0.00516414642333984 0.00766468048095703 -0.165420532226563 0.1871337890625
0.00289821624755859 0.00539493560791016 0.033294677734375 0.173797607421875
0.00340032577514648 -0.00146269798278809 0.14581298828125 0.0821533203125
0.012608528137207 0.00633907318115234 -0.135482788085937 -0.0999374389648438
0.00865364074707031 0.00964069366455078 -0.0131988525390625 -0.181838989257813
0.00905895233154297 0.0141487121582031 0.187896728515625 -0.149551391601563
-0.00489425659179688 0.0138616561889648 0.335052490234375 0.058380126953125
-0.0142660140991211 -0.013829231262207 0.16009521484375 0.3670654296875
0.0153121948242188 -0.0372314453125 -0.177581787109375 0.41595458984375
0.0280494689941406 -0.00121688842773438 -0.282745361328125 0.163726806640625
0.0362739562988281 0.0209884643554688 0.0126705169677734 0.0219688415527344
0.0262966156005859 0.000360488891601562 0.321685791015625 -0.170654296875
0.0197544097900391 -0.0136890411376953 0.1727294921875 -0.440216064453125
-0.00184822082519531 -0.0089263916015625 -0.250640869140625 -0.329132080078125
-0.00961971282958984 0.001068115234375 -0.33245849609375 0.016998291015625
0.00471687316894531 0.0085453987121582 -0.168228149414063 0.185546875
0.00285100936889648 0.00694370269775391 0.03094482421875 0.1741943359375
0.00268459320068359 0.000629425048828125 0.145584106445313 0.083343505859375
0.0112581253051758 0.00655651092529297 -0.134895324707031 -0.0987091064453125
0.00931167602539063 0.00951099395751953 -0.0167694091796875 -0.1805419921875
0.00819492340087891 0.0148801803588867 0.183624267578125 -0.15130615234375
-0.00505447387695312 0.0139665603637695 0.334259033203125 0.050567626953125
-0.0147638320922852 -0.0148639678955078 0.165283203125 0.362640380859375
0.0156211853027344 -0.0384979248046875 -0.17205810546875 0.422119140625
0.0308399200439453 -0.00288772583007813 -0.285736083984375 0.170684814453125
0.0404510498046875 0.0220069885253906 0.0035858154296875 0.0235252380371094
0.0305671691894531 0.000135421752929688 0.319061279296875 -0.16387939453125
0.0206584930419922 -0.0151042938232422 0.180694580078125 -0.43695068359375
-0.00246047973632813 -0.0110330581665039 -0.24371337890625 -0.336822509765625
-0.0101404190063477 0.000820159912109374 -0.3349609375 0.0104980468750001
0.0044240951538086 0.00861740112304688 -0.173416137695313 0.182968139648437
0.00359678268432617 0.00708723068237305 0.02838134765625 0.174560546875
0.00210118293762207 0.00228047370910645 0.144866943359375 0.08380126953125
0.0215873718261719 -0.0105381011962891 -0.138763427734375 -0.09808349609375
0.0115013122558594 -0.00452613830566406 -0.0218658447265625 -0.183822631835937
0.0191555023193359 0.00611114501953125 0.178329467773438 -0.161346435546875
0.00481986999511719 0.0168695449829102 0.338592529296875 0.034271240234375
-0.0151424407958984 0.00452327728271484 0.18231201171875 0.35028076171875
-0.00494384765625 -0.0119295120239258 -0.154937744140625 0.425628662109375
-0.00739288330078125 0.0131492614746094 -0.28155517578125 0.18072509765625
-0.00524711608886719 0.0221004486083984 0.00276947021484375 0.0262527465820313
-0.0100183486938477 0.0141868591308594 0.328155517578125 -0.1566162109375
0.00254535675048828 0.0116338729858398 0.20330810546875 -0.4384765625
-0.00133800506591797 0.00904369354248047 -0.232147216796875 -0.3521728515625
-0.000310540199279785 0.001167893409729 -0.33673095703125 -0.00296020507812503
0.015040397644043 0.002471923828125 -0.178924560546875 0.178192138671875
0.00876569747924805 -0.00656747817993164 0.025726318359375 0.173675537109375
0.0106067657470703 -0.0161647796630859 0.1444091796875 0.082855224609375
0.0197410583496094 -0.00896835327148438 -0.138191223144531 -0.098602294921875
0.0108118057250977 -0.00184440612792969 -0.017333984375 -0.184036254882813
0.0177421569824219 0.00760650634765625 0.184234619140625 -0.157302856445312
0.00358200073242187 0.0168781280517578 0.34002685546875 0.044921875
-0.0158367156982422 0.00185108184814453 0.172332763671875 0.358184814453125
-0.00286006927490234 -0.0147218704223633 -0.166961669921875 0.42303466796875
-0.00479221343994141 0.0115413665771484 -0.280548095703125 0.172637939453125
-0.00187301635742188 0.0220317840576172 0.0113601684570312 0.0234546661376953
-0.0066986083984375 0.0127792358398437 0.330352783203125 -0.164154052734375
0.00452518463134766 0.00893688201904297 0.192047119140625 -0.44207763671875
-0.00119686126708984 0.00662660598754883 -0.237701416015625 -0.34368896484375
-0.00142014026641846 0.00107181072235107 -0.334686279296875 0.00491333007812493
0.0132684707641602 0.00339508056640625 -0.174087524414063 0.181442260742188
0.00789356231689453 -0.00417137145996094 0.0292510986328125 0.17254638671875
0.00963687896728516 -0.0146112442016602 0.144805908203125 0.081817626953125
0.0191459655761719 -0.00580787658691406 -0.138076782226563 -0.100418090820313
0.00969791412353516 0.000769615173339844 -0.0141754150390625 -0.184280395507813
0.0163183212280273 0.00919532775878906 0.189468383789063 -0.15411376953125
0.001678466796875 0.0164079666137695 0.340545654296875 0.0533447265625
-0.0147809982299805 -0.00161361694335938 0.1654052734375 0.3651123046875
0.000904083251953126 -0.0191936492919922 -0.173553466796875 0.419189453125
0.00122356414794922 0.00904655456542969 -0.279220581054687 0.165618896484375
0.00449562072753906 0.0214691162109375 0.0180568695068359 0.0212154388427734
-0.000961303710937501 0.010380744934082 0.328765869140625 -0.171600341796875
0.00747203826904297 0.00375127792358398 0.181915283203125 -0.446502685546875
-0.00134181976318359 0.00336599349975586 -0.24609375 -0.3372802734375
-0.00362229347229004 0.0012662410736084 -0.332611083984375 0.01324462890625
0.0114984512329102 0.00400447845458984 -0.168258666992187 0.185638427734375
0.00581645965576172 -0.00189208984375 0.0320587158203125 0.173233032226563
0.00800514221191406 -0.0121698379516602 0.146133422851563 0.082244873046875
0.0172567367553711 -0.00268173217773438 -0.137382507324219 -0.10113525390625
0.00945377349853516 0.00460433959960938 -0.0117340087890625 -0.18359375
0.0137605667114258 0.0114650726318359 0.192398071289063 -0.151016235351562
0.000110626220703126 0.0152750015258789 0.341644287109375 0.05963134765625
-0.0144433975219727 -0.00542259216308594 0.159149169921875 0.370147705078125
0.005340576171875 -0.0239963531494141 -0.180450439453125 0.416229248046875
0.00757980346679687 0.00639629364013672 -0.280029296875 0.161346435546875
0.0124282836914062 0.0216789245605469 0.0218696594238281 0.0204143524169922
0.00567770004272461 0.0074925422668457 0.3287353515625 -0.176361083984375
0.0108404159545898 -0.000995635986328125 0.173553466796875 -0.44952392578125
-0.000947773456573486 -0.0001181960105896 -0.252105712890625 -0.33099365234375
-0.005096435546875 0.000989913940429687 -0.331512451171875 0.0191345214843749
0.0091094970703125 0.00507164001464844 -0.165283203125 0.18719482421875
0.00491666793823242 0.000728130340576172 0.0336151123046875 0.17291259765625
0.00644779205322266 -0.00827312469482422 0.146194458007813 0.0816802978515625
0.0154047012329102 0.000695228576660156 -0.13714599609375 -0.102378845214844
0.0082859992980957 0.00667905807495117 -0.0106353759765625 -0.18365478515625
0.0116291046142578 0.0128374099731445 0.1942138671875 -0.1490478515625
-0.00205707550048828 0.0150747299194336 0.34210205078125 0.062744140625
-0.0144643783569336 -0.00929927825927734 0.157379150390625 0.37322998046875
0.0100288391113281 -0.0300121307373047 -0.18426513671875 0.415740966796875
0.0158329010009766 0.00313949584960938 -0.279296875 0.159393310546875
0.0218276977539063 0.0214157104492188 0.0219745635986328 0.0200099945068359
0.0135278701782227 0.00455379486083984 0.326751708984375 -0.1781005859375
0.0147504806518555 -0.00646400451660156 0.16888427734375 -0.44781494140625
-0.00147104263305664 -0.00422048568725586 -0.255126953125 -0.32940673828125
-0.00724697113037109 0.00109004974365235 -0.331695556640625 0.0211791992187501
0.00744104385375977 0.00690984725952148 -0.164398193359375 0.18896484375
0.00351929664611816 0.00325179100036621 0.033843994140625 0.174392700195313
0.00510787963867188 -0.00488662719726563 0.1470947265625 0.082275390625
0.0136384963989258 0.00352096557617188 -0.136711120605469 -0.100852966308594
0.00866222381591797 0.00926113128662109 -0.0116119384765625 -0.182907104492187
0.00997161865234375 0.0136651992797852 0.191543579101563 -0.14788818359375
-0.00372123718261719 0.0142478942871094 0.339202880859375 0.06280517578125
-0.0139589309692383 -0.0117464065551758 0.155792236328125 0.37322998046875
0.012969970703125 -0.0338649749755859 -0.1854248046875 0.415924072265625
0.02313232421875 0.000675201416015625 -0.282562255859375 0.1597900390625
0.0302772521972656 0.0214748382568359 0.0181560516357422 0.0202159881591797
0.0209140777587891 0.00182342529296875 0.32501220703125 -0.173675537109375
0.0175132751464844 -0.0107460021972656 0.1717529296875 -0.44476318359375
-0.0019078254699707 -0.00705480575561523 -0.253570556640625 -0.328887939453125
-0.00841999053955078 0.00136089324951172 -0.332061767578125 0.021087646484375
0.00574350357055664 0.00771617889404297 -0.165634155273438 0.1876220703125
0.00310754776000977 0.00546169281005859 0.0331573486328125 0.174331665039063
0.00354480743408203 -0.000998497009277344 0.146575927734375 0.0825653076171875
0.0123262405395508 0.00563812255859375 -0.136375427246094 -0.100914001464844
0.00867366790771484 0.0104751586914062 -0.013519287109375 -0.1820068359375
0.00884342193603516 0.014826774597168 0.189376831054688 -0.149307250976563
-0.00455760955810547 0.0139141082763672 0.33734130859375 0.05938720703125
-0.0142002105712891 -0.0145406723022461 0.160308837890625 0.370269775390625
0.0153541564941406 -0.0375709533691406 -0.179656982421875 0.418182373046875
0.0279788970947266 -0.00133895874023438 -0.2845458984375 0.1630859375
0.0370407104492188 0.0215606689453125 0.0119132995605469 0.0217533111572266
0.0266590118408203 0.000522613525390625 0.3233642578125 -0.169891357421875
0.0199031829833984 -0.014007568359375 0.174591064453125 -0.440521240234375
-0.00195026397705078 -0.0090494155883789 -0.250701904296875 -0.33197021484375
-0.00970649719238281 0.000945091247558594 -0.33331298828125 0.016387939453125
0.00452423095703125 0.00782060623168945 -0.168960571289063 0.186279296875
0.00291824340820312 0.00650930404663086 0.030914306640625 0.17498779296875
0.00234436988830566 0.00108933448791504 0.146499633789063 0.08343505859375
0.0116386413574219 0.00706863403320313 -0.135238647460937 -0.0993499755859375
0.00929164886474609 0.00980949401855469 -0.0170440673828125 -0.181350708007813
0.00821971893310547 0.0148677825927734 0.1849365234375 -0.152297973632813
-0.00458908081054687 0.0141363143920898 0.335235595703125 0.051849365234375
-0.01483154296875 -0.0147275924682617 0.166473388671875 0.3653564453125
0.0156288146972656 -0.0394325256347656 -0.17547607421875 0.42303466796875
0.0313682556152344 -0.00295639038085938 -0.28778076171875 0.1705322265625
0.0414466857910156 0.0219154357910156 0.00310134887695313 0.023590087890625
0.0301990509033203 0.000627517700195313 0.32049560546875 -0.164306640625
0.0215225219726563 -0.0144119262695313 0.182586669921875 -0.438751220703125
-0.00229167938232422 -0.0105886459350586 -0.243408203125 -0.338836669921875
-0.00964546203613281 0.000576972961425782 -0.336181640625 0.01068115234375
0.00432443618774414 0.00857162475585938 -0.173492431640625 0.183639526367188
0.00379562377929688 0.00673866271972656 0.0280914306640625 0.175201416015625
0.00162243843078613 0.0025937557220459 0.146255493164063 0.0841064453125
0.0219268798828125 -0.0111408233642578 -0.139678955078125 -0.0977096557617187
0.0117397308349609 -0.00395393371582031 -0.022735595703125 -0.184478759765625
0.0197734832763672 0.0059814453125 0.179244995117188 -0.162017822265625
0.00522613525390625 0.0166864395141602 0.340179443359375 0.033416748046875
-0.0152692794799805 0.00473308563232422 0.18292236328125 0.3533935546875
-0.00533485412597656 -0.0120630264282227 -0.1558837890625 0.428863525390625
-0.00755119323730468 0.0135383605957031 -0.2838134765625 0.181396484375
-0.00506401062011719 0.0221004486083984 0.00245094299316406 0.0262947082519531
-0.00995731353759766 0.0147428512573242 0.33038330078125 -0.155609130859375
0.00317764282226562 0.0121860504150391 0.204254150390625 -0.44073486328125
-0.00122451782226562 0.00936126708984375 -0.23236083984375 -0.354339599609375
-0.000504970550537109 0.00146055221557617 -0.339141845703125 -0.00344848632812497
0.0149784088134766 0.00244903564453125 -0.179306030273437 0.17877197265625
0.00844860076904297 -0.00662851333618164 0.0255126953125 0.174606323242188
0.00997829437255859 -0.0161542892456055 0.145904541015625 0.0830535888671875
0.0199413299560547 -0.00874900817871094 -0.139472961425781 -0.0992584228515625
0.0110092163085938 -0.00206947326660156 -0.018341064453125 -0.1845703125
0.0180377960205078 0.00733757019042969 0.185470581054688 -0.158309936523438
0.00361919403076172 0.0167627334594727 0.341522216796875 0.0447998046875
-0.0153970718383789 0.00195884704589844 0.174530029296875 0.36102294921875
-0.00256729125976563 -0.0148153305053711 -0.1671142578125 0.423736572265625
-0.00472259521484375 0.0117216110229492 -0.283172607421875 0.173187255859375
-0.00174522399902344 0.0223312377929688 0.011016845703125 0.0239009857177734
-0.00641918182373047 0.0133447647094727 0.332794189453125 -0.165008544921875
0.00464439392089844 0.00893306732177735 0.19384765625 -0.44549560546875
-0.000807762145996093 0.00663566589355469 -0.238983154296875 -0.346221923828125
-0.00158572196960449 0.00110244750976563 -0.335845947265625 0.00497436523437499
0.013056755065918 0.00339984893798828 -0.173568725585938 0.182464599609375
0.00749397277832031 -0.00445032119750977 0.02935791015625 0.173812866210938
0.00917816162109375 -0.0142221450805664 0.146652221679688 0.081451416015625
0.0192832946777344 -0.00648689270019531 -0.139251708984375 -0.100418090820313
0.00992584228515625 0.00101661682128906 -0.0148773193359375 -0.185379028320313
0.0164022445678711 0.00939369201660156 0.1910400390625 -0.154495239257813
0.00251960754394531 0.0162220001220703 0.34375 0.052703857421875
-0.0154924392700195 -0.00156879425048828 0.166961669921875 0.367095947265625
0.000518798828124999 -0.0197887420654297 -0.17413330078125 0.42108154296875
0.00076770782470703 0.00931262969970703 -0.281219482421875 0.16656494140625
0.00485038757324219 0.0216693878173828 0.0174217224121094 0.0220527648925781
-0.000843048095703124 0.0108709335327148 0.330657958984375 -0.17279052734375
0.00789260864257813 0.00436115264892578 0.1820068359375 -0.4501953125
-0.000998973846435547 0.00377559661865234 -0.2471923828125 -0.338958740234375
-0.00341606140136719 0.00101590156555176 -0.33453369140625 0.0132446289062499
0.0114822387695313 0.00420093536376953 -0.1688232421875 0.186065673828125
0.00606107711791992 -0.00212001800537109 0.0321502685546875 0.174301147460938
0.00768947601318359 -0.0118322372436523 0.14715576171875 0.0819549560546875
0.0172758102416992 -0.002685546875 -0.138885498046875 -0.101264953613281
0.00960922241210938 0.00415134429931641 -0.01220703125 -0.184799194335938
0.0139970779418945 0.0113639831542969 0.193466186523437 -0.151321411132812
0.000328063964843751 0.0154609680175781 0.343170166015625 0.060760498046875
-0.014714241027832 -0.00549602508544922 0.161712646484375 0.372039794921875
0.00495719909667969 -0.0248126983642578 -0.1815185546875 0.417633056640625
0.00756740570068359 0.00640296936035156 -0.28179931640625 0.162017822265625
0.0131168365478516 0.0215682983398438 0.0214405059814453 0.0204524993896484
0.00632429122924805 0.00823545455932617 0.331207275390625 -0.1778564453125
0.0110406875610352 -0.00106906890869141 0.176544189453125 -0.45050048828125
-0.000943303108215332 -0.000410854816436767 -0.25201416015625 -0.333160400390625
-0.00527048110961914 0.00140762329101563 -0.333282470703125 0.01947021484375
0.00928115844726563 0.00521278381347656 -0.165481567382813 0.188339233398437
0.00469207763671875 0.00111055374145508 0.034149169921875 0.173934936523438
0.00622034072875976 -0.00837612152099609 0.147369384765625 0.082061767578125
0.0153789520263672 0.000683784484863281 -0.137596130371094 -0.1024169921875
0.00822353363037109 0.00664520263671875 -0.0107269287109375 -0.184371948242188
0.0117883682250977 0.0129728317260742 0.195419311523438 -0.150054931640625
-0.00142669677734375 0.0148754119873047 0.343536376953125 0.0633544921875
-0.0143089294433594 -0.00928211212158203 0.15863037109375 0.37530517578125
0.00953292846679688 -0.0303058624267578 -0.185150146484375 0.417083740234375
0.01593017578125 0.00326251983642578 -0.28173828125 0.159912109375
0.0222129821777344 0.0218620300292969 0.0213127136230469 0.0202598571777344
0.0138149261474609 0.00501060485839844 0.32867431640625 -0.17755126953125
0.0144491195678711 -0.00672817230224609 0.17138671875 -0.450347900390625
-0.00104165077209473 -0.00410842895507813 -0.2557373046875 -0.330718994140625
-0.00733470916748047 0.000843048095703124 -0.333709716796875 0.021820068359375
0.00730037689208984 0.00633001327514648 -0.165115356445312 0.188522338867188
0.00363945960998535 0.00333857536315918 0.0338592529296875 0.175186157226563
0.00496149063110352 -0.00463771820068359 0.14813232421875 0.0825042724609375
0.0131750106811523 0.00391578674316406 -0.137626647949219 -0.101051330566406
0.00836181640625 0.00899600982666016 -0.012359619140625 -0.183074951171875
0.0100650787353516 0.0139856338500977 0.193649291992188 -0.148178100585938
-0.00306224822998047 0.0140800476074219 0.34124755859375 0.063690185546875
-0.0138301849365234 -0.0126161575317383 0.156890869140625 0.37481689453125
0.0129375457763672 -0.0341339111328125 -0.186065673828125 0.417724609375
0.0231285095214844 0.000680923461914063 -0.2843017578125 0.16033935546875
0.0308322906494141 0.0216140747070313 0.0179271697998047 0.0207023620605469
0.02093505859375 0.0022735595703125 0.3271484375 -0.174774169921875
0.0178871154785156 -0.0107173919677734 0.172821044921875 -0.447021484375
-0.0016484260559082 -0.00739622116088867 -0.25384521484375 -0.33026123046875
-0.00875663757324219 0.00110626220703125 -0.33404541015625 0.021087646484375
0.00545263290405273 0.00764274597167969 -0.165939331054688 0.188278198242188
0.00323772430419922 0.00543069839477539 0.033599853515625 0.175552368164063
0.00274848937988281 -0.00105690956115723 0.1475830078125 0.0824432373046875
0.0122766494750977 0.00567150115966797 -0.137519836425781 -0.100990295410156
0.00857830047607422 0.0103797912597656 -0.014007568359375 -0.182846069335937
0.00888347625732422 0.0144939422607422 0.19000244140625 -0.150100708007813
-0.00418663024902344 0.0141334533691406 0.339080810546875 0.05963134765625
-0.0140771865844727 -0.0147867202758789 0.1617431640625 0.371917724609375
0.0146446228027344 -0.0381011962890625 -0.180511474609375 0.4208984375
0.028472900390625 -0.00122451782226563 -0.2864990234375 0.164306640625
0.03753662109375 0.0218276977539063 0.0111026763916016 0.0222492218017578
0.0270156860351563 0.000814437866210938 0.3238525390625 -0.17041015625
0.0204124450683594 -0.0138130187988281 0.176727294921875 -0.44354248046875
-0.00202465057373047 -0.00982570648193359 -0.251190185546875 -0.333892822265625
-0.00982952117919922 0.00103378295898437 -0.33551025390625 0.01702880859375
0.00474405288696289 0.00830888748168945 -0.169235229492187 0.186859130859375
0.00278520584106445 0.006439208984375 0.031463623046875 0.176010131835938
0.00195956230163574 0.00170207023620605 0.147567749023438 0.0835418701171875
0.0118188858032227 0.00704097747802734 -0.136459350585938 -0.0991363525390625
0.00949668884277344 0.00983047485351563 -0.0174713134765625 -0.181991577148438
0.00860023498535156 0.0146493911743164 0.185562133789063 -0.152389526367188
-0.00415134429931641 0.0141696929931641 0.337677001953125 0.05145263671875
-0.0147161483764648 -0.0147991180419922 0.16680908203125 0.368255615234375
0.01556396484375 -0.0391006469726563 -0.17535400390625 0.426025390625
0.0316028594970703 -0.00271034240722656 -0.28948974609375 0.1710205078125
0.0415306091308594 0.0216598510742188 0.00323867797851563 0.0243587493896484
0.0306587219238281 0.000738143920898438 0.3233642578125 -0.1634521484375
0.0219974517822266 -0.0148983001708984 0.185150146484375 -0.440643310546875
-0.00214672088623047 -0.0106468200683594 -0.24530029296875 -0.340576171875
-0.00992012023925781 0.000703811645507812 -0.337677001953125 0.0104370117187499
0.00444412231445313 0.00852441787719727 -0.174606323242187 0.184814453125
0.00364542007446289 0.00663042068481445 0.02886962890625 0.175445556640625
0.00178098678588867 0.00304126739501953 0.147003173828125 0.0844879150390625
0.0215835571289063 -0.0108757019042969 -0.140945434570312 -0.098480224609375
0.0114555358886719 -0.004425048828125 -0.0237274169921875 -0.18505859375
0.0196037292480469 0.00561141967773438 0.180099487304688 -0.163665771484375
0.00582408905029297 0.0169811248779297 0.34332275390625 0.0343017578125
-0.0156764984130859 0.00430011749267578 0.1845703125 0.35546875
-0.00555896759033203 -0.0122814178466797 -0.15655517578125 0.4312744140625
-0.00757598876953125 0.0134296417236328 -0.286346435546875 0.182708740234375
-0.00496292114257812 0.0223522186279297 0.00144004821777344 0.0264320373535156
-0.00960826873779297 0.0156764984130859 0.33203125 -0.157684326171875
0.00318431854248047 0.0123996734619141 0.20574951171875 -0.443115234375
-0.00120067596435547 0.00918483734130859 -0.233856201171875 -0.3558349609375
-0.000356197357177734 0.00159597396850586 -0.34100341796875 -0.00289916992187502
0.0148887634277344 0.00191116333007813 -0.179916381835938 0.180313110351563
0.00899410247802734 -0.00623798370361328 0.02630615234375 0.175735473632813
0.0100612640380859 -0.0164890289306641 0.147613525390625 0.0830841064453125
0.0202045440673828 -0.00952529907226563 -0.14068603515625 -0.0991668701171875
0.0109043121337891 -0.00208091735839844 -0.0188751220703125 -0.185379028320313
0.0182056427001953 0.0072479248046875 0.185882568359375 -0.159027099609375
0.00448131561279297 0.0168962478637695 0.34442138671875 0.044342041015625
-0.0154209136962891 0.00162887573242188 0.17523193359375 0.363372802734375
-0.00331592559814453 -0.0153064727783203 -0.16790771484375 0.42755126953125
-0.00467586517333984 0.0117359161376953 -0.285247802734375 0.174072265625
-0.00157928466796875 0.0222511291503906 0.00986289978027344 0.0242958068847656
-0.00684928894042969 0.0133752822875977 0.33477783203125 -0.16668701171875
0.00508308410644531 0.00922298431396484 0.195220947265625 -0.448272705078125
-0.000799179077148438 0.00717067718505859 -0.240020751953125 -0.348846435546875
-0.00193965435028076 0.00136649608612061 -0.33819580078125 0.00579833984374997
0.0135412216186523 0.00263214111328125 -0.174575805664063 0.183486938476563
0.00745153427124023 -0.00428676605224609 0.0301055908203125 0.174880981445313
0.0085601806640625 -0.0138788223266602 0.147796630859375 0.0819091796875
0.0197658538818359 -0.00666427612304688 -0.140342712402344 -0.100212097167969
0.00960826873779297 0.000957489013671875 -0.0156707763671875 -0.186111450195313
0.0168523788452148 0.00918102264404297 0.191268920898438 -0.15618896484375
0.00282859802246094 0.0166044235229492 0.345428466796875 0.05303955078125
-0.015019416809082 -0.00134849548339844 0.168426513671875 0.3695068359375
-7.62939453125121E-06 -0.0198688507080078 -0.175018310546875 0.4234619140625
0.000836372375488281 0.00909614562988281 -0.283477783203125 0.16766357421875
0.00531005859375 0.0222721099853516 0.0170154571533203 0.0224361419677734
-0.000884056091308595 0.0107107162475586 0.333587646484375 -0.173309326171875
0.00792312622070313 0.00439643859863281 0.18341064453125 -0.45367431640625
-0.000808477401733399 0.00357818603515625 -0.250091552734375 -0.341766357421875
-0.00365114212036133 0.0014350414276123 -0.337158203125 0.014190673828125
0.0118141174316406 0.00385189056396484 -0.169418334960938 0.187286376953125
0.00640344619750977 -0.00187587738037109 0.032745361328125 0.175689697265625
0.00783729553222656 -0.0114917755126953 0.148880004882813 0.0821533203125
0.0174417495727539 -0.00315761566162109 -0.139915466308594 -0.101356506347656
0.00945186614990234 0.00425148010253906 -0.013336181640625 -0.185211181640625
0.014373779296875 0.0113039016723633 0.194900512695313 -0.152557373046875
0.000520706176757814 0.0152645111083984 0.3453369140625 0.06011962890625
-0.0144290924072266 -0.00565624237060547 0.162017822265625 0.37432861328125
0.00470924377441406 -0.0251865386962891 -0.182708740234375 0.42132568359375
0.00805854797363281 0.00592613220214844 -0.283355712890625 0.163665771484375
0.0133647918701172 0.02166748046875 0.0205535888671875 0.0212001800537109
0.00611495971679688 0.00809907913208008 0.333099365234375 -0.1783447265625
0.0111818313598633 -0.000992774963378906 0.1773681640625 -0.4537353515625
-0.00101166963577271 -0.000109553337097168 -0.254852294921875 -0.335968017578125
-0.00524234771728516 0.00138092041015625 -0.33477783203125 0.0194091796874999
0.00904560089111328 0.00519275665283203 -0.1661376953125 0.189910888671875
0.00500583648681641 0.000827312469482422 0.0344696044921875 0.17559814453125
0.00578689575195312 -0.00833892822265625 0.148712158203125 0.082244873046875
0.0156459808349609 0.0004119873046875 -0.139434814453125 -0.102668762207031
0.00889205932617188 0.006988525390625 -0.0118865966796875 -0.1844482421875
0.0123271942138672 0.0125865936279297 0.19549560546875 -0.150482177734375
-0.00104713439941406 0.0150127410888672 0.346527099609375 0.063934326171875
-0.0141630172729492 -0.00951385498046875 0.160614013671875 0.3780517578125
0.00939750671386719 -0.030487060546875 -0.18511962890625 0.42059326171875
0.0159482955932617 0.00370693206787109 -0.284149169921875 0.161285400390625
0.0221652984619141 0.0218238830566406 0.0206737518310547 0.0203437805175781
0.014002799987793 0.00524711608886719 0.33148193359375 -0.1788330078125
0.0148487091064453 -0.00637531280517578 0.17327880859375 -0.454010009765625
-0.00115633010864258 -0.00389933586120606 -0.25701904296875 -0.3330078125
-0.00749444961547852 0.00156211853027344 -0.33544921875 0.022247314453125
0.00711917877197266 0.0065460205078125 -0.164993286132813 0.190643310546875
0.00383162498474121 0.00312685966491699 0.034423828125 0.176803588867188
0.00442361831665039 -0.00439834594726562 0.149093627929688 0.082855224609375
0.0134210586547852 0.00343036651611328 -0.139106750488281 -0.101158142089844
0.00835227966308594 0.00925254821777344 -0.012725830078125 -0.183853149414063
0.0102977752685547 0.0142107009887695 0.194229125976563 -0.14923095703125
-0.00255870819091797 0.0143260955810547 0.343353271484375 0.0640869140625
-0.0145683288574219 -0.0128746032714844 0.159088134765625 0.378204345703125
0.0125999450683594 -0.0348167419433594 -0.187347412109375 0.420135498046875
0.0230560302734375 0.00032806396484375 -0.286468505859375 0.16180419921875
0.0309619903564453 0.0214710235595703 0.0175342559814453 0.0212230682373047
0.0213966369628906 0.00290298461914063 0.328765869140625 -0.175628662109375
0.0176296234130859 -0.0110397338867187 0.174102783203125 -0.4500732421875
-0.00166702270507812 -0.0073699951171875 -0.25604248046875 -0.3330078125
-0.00874614715576172 0.00145292282104492 -0.335601806640625 0.0222473144531249
0.00540733337402344 0.00747585296630859 -0.166702270507813 0.189544677734375
0.00339508056640625 0.00549030303955078 0.0341033935546875 0.176605224609375
0.00282859802246094 -0.000795602798461914 0.149215698242187 0.0831146240234375
0.0124073028564453 0.00567340850830078 -0.138870239257813 -0.101058959960938
0.00894069671630859 0.0102930068969727 -0.0150299072265625 -0.18316650390625
0.00894546508789063 0.0145111083984375 0.190582275390625 -0.15057373046875
-0.0039520263671875 0.013911247253418 0.3424072265625 0.06011962890625
-0.0142326354980469 -0.014404296875 0.1632080078125 0.374176025390625
0.0147056579589844 -0.038238525390625 -0.181640625 0.42303466796875
0.0283527374267578 -0.00205039978027344 -0.28875732421875 0.1649169921875
0.0383491516113281 0.0217056274414063 0.0104598999023438 0.0225486755371094
0.0274810791015625 0.00122642517089844 0.325836181640625 -0.171356201171875
0.0208015441894531 -0.0136947631835937 0.1790771484375 -0.44659423828125
-0.00142192840576172 -0.0100393295288086 -0.252777099609375 -0.3358154296875
-0.00998783111572266 0.00165653228759766 -0.33746337890625 0.01763916015625
0.00450611114501953 0.00768852233886719 -0.17034912109375 0.188064575195313
0.00285625457763672 0.00652313232421875 0.0320281982421875 0.17742919921875
0.00187778472900391 0.00160789489746094 0.149322509765625 0.084381103515625
0.0115165710449219 0.00688934326171875 -0.137947082519531 -0.0991973876953125
0.00976467132568359 0.00935745239257813 -0.01824951171875 -0.182571411132813
0.00890636444091797 0.014369010925293 0.186477661132813 -0.153411865234375
-0.00409126281738281 0.014277458190918 0.3408203125 0.051513671875
-0.0146102905273437 -0.0147085189819336 0.1685791015625 0.370880126953125
0.0150375366210937 -0.0402145385742188 -0.176605224609375 0.428314208984375
0.0316677093505859 -0.00286102294921875 -0.29180908203125 0.172607421875
0.0420722961425781 0.0220184326171875 0.00253486633300782 0.0244770050048828
0.031219482421875 0.00102996826171875 0.325286865234375 -0.163421630859375
0.0220661163330078 -0.0147266387939453 0.185150146484375 -0.44415283203125
-0.00193500518798828 -0.0108919143676758 -0.246856689453125 -0.342529296875
-0.0101556777954102 0.00114250183105469 -0.34002685546875 0.01080322265625
0.00472784042358398 0.00856637954711914 -0.175262451171875 0.185775756835938
0.00405359268188476 0.00706386566162109 0.02935791015625 0.177001953125
0.0014655590057373 0.00344586372375488 0.148818969726563 0.0849609375
0.0218238830566406 -0.0114212036132813 -0.142578125 -0.098175048828125
0.0115833282470703 -0.00445079803466797 -0.024505615234375 -0.186279296875
0.0206546783447266 0.00548171997070313 0.18096923828125 -0.16485595703125
0.00611591339111328 0.0172138214111328 0.3463134765625 0.033233642578125
-0.0151691436767578 0.00479888916015625 0.18731689453125 0.358856201171875
-0.00624847412109375 -0.0126266479492188 -0.156494140625 0.43511962890625
-0.007354736328125 0.0130987167358398 -0.2879638671875 0.18475341796875
-0.004486083984375 0.0227069854736328 0.00113487243652344 0.0273075103759766
-0.00952816009521484 0.0159406661987305 0.33380126953125 -0.159271240234375
0.00301647186279297 0.0126667022705078 0.20751953125 -0.44830322265625
-0.00126171112060547 0.00934314727783203 -0.23614501953125 -0.35809326171875
-0.000622272491455078 0.00198113918304443 -0.343658447265625 -0.00192260742187503
0.0152425765991211 0.00211048126220703 -0.180572509765625 0.18157958984375
0.00897216796875 -0.006805419921875 0.027008056640625 0.177032470703125
0.00975608825683594 -0.0162801742553711 0.1490478515625 0.083404541015625
0.020294189453125 -0.00943374633789063 -0.14227294921875 -0.098968505859375
0.0111761093139648 -0.00190067291259766 -0.020233154296875 -0.186279296875
0.0185356140136719 0.00692939758300781 0.187103271484375 -0.160430908203125
0.00479221343994141 0.0163707733154297 0.3472900390625 0.044097900390625
-0.015721321105957 0.00182533264160157 0.179107666015625 0.3663330078125
-0.00374317169189453 -0.0153665542602539 -0.16876220703125 0.431182861328125
-0.0045623779296875 0.0116357803344727 -0.28692626953125 0.176483154296875
-0.000892639160156249 0.0221710205078125 0.00994300842285156 0.0244331359863281
-0.00614261627197266 0.0141420364379883 0.336944580078125 -0.1680908203125
0.00474834442138672 0.00950717926025391 0.1962890625 -0.453582763671875
-0.000984191894531251 0.0072174072265625 -0.242950439453125 -0.350799560546875
-0.00158035755157471 0.00163161754608154 -0.340728759765625 0.00698852539062495
0.0136814117431641 0.00274658203125 -0.174896240234375 0.184967041015625
0.00771093368530273 -0.00491523742675781 0.030914306640625 0.176116943359375
0.00844478607177734 -0.0144166946411133 0.149398803710938 0.0818634033203125
0.0194301605224609 -0.0068359375 -0.142379760742188 -0.100631713867187
0.0101518630981445 0.000932693481445313 -0.0169677734375 -0.186676025390625
0.0171966552734375 0.00932025909423828 0.192703247070313 -0.15716552734375
0.00321674346923828 0.0161819458007813 0.349090576171875 0.052520751953125
-0.0150289535522461 -0.00148677825927735 0.171142578125 0.372650146484375
2.86102294921867E-05 -0.0197849273681641 -0.17529296875 0.428131103515625
0.00114822387695312 0.00907039642333984 -0.285400390625 0.16998291015625
0.00540924072265625 0.0220279693603516 0.0161323547363281 0.0224704742431641
-0.000631332397460936 0.0111398696899414 0.3353271484375 -0.17523193359375
0.00790739059448242 0.00446414947509766 0.1854248046875 -0.456390380859375
-0.000585079193115235 0.00373578071594238 -0.25164794921875 -0.3431396484375
-0.00395679473876953 0.00141668319702149 -0.339080810546875 0.0151977539062499
0.0113191604614258 0.00393486022949219 -0.169540405273437 0.1890869140625
0.00597906112670898 -0.00194215774536133 0.0335540771484375 0.177093505859375
0.00750446319580078 -0.0113887786865234 0.15057373046875 0.08221435546875
0.0174951553344727 -0.00355720520019531 -0.141983032226563 -0.1011962890625
0.0092000961303711 0.00404262542724609 -0.0142059326171875 -0.186264038085937
0.014744758605957 0.0109729766845703 0.19561767578125 -0.15380859375
0.001251220703125 0.0155782699584961 0.3489990234375 0.06036376953125
-0.0145807266235352 -0.00583553314208984 0.165496826171875 0.3780517578125
0.00432968139648438 -0.0251846313476563 -0.183624267578125 0.425628662109375
0.00775289535522461 0.0060124397277832 -0.285064697265625 0.1649169921875
0.0137214660644531 0.0219554901123047 0.0203609466552734 0.0214824676513672
0.00623178482055664 0.00851535797119141 0.33502197265625 -0.17919921875
0.0111188888549805 -0.000838279724121094 0.178070068359375 -0.458282470703125
-0.000524848699569702 -0.000295907258987427 -0.257171630859375 -0.33758544921875
-0.00520181655883789 0.00151443481445313 -0.33740234375 0.02081298828125
0.00914764404296875 0.00490379333496094 -0.166793823242188 0.19189453125
0.0048518180847168 0.000455379486083984 0.035186767578125 0.176773071289063
0.00588083267211914 -0.00761032104492188 0.150421142578125 0.082305908203125
0.0153493881225586 0.000691413879394531 -0.141387939453125 -0.102737426757813
0.00884819030761719 0.00676059722900391 -0.0127105712890625 -0.186141967773438
0.012974739074707 0.0125350952148438 0.197479248046875 -0.152420043945313
-0.000760078430175782 0.0147800445556641 0.3486328125 0.062957763671875
-0.0146760940551758 -0.0095834732055664 0.16351318359375 0.381134033203125
0.00867843627929688 -0.0307579040527344 -0.185882568359375 0.424407958984375
0.0161962509155273 0.00311756134033203 -0.285491943359375 0.16314697265625
0.0237274169921875 0.0221061706542969 0.0204849243164063 0.0213871002197266
0.0141496658325195 0.00568580627441406 0.332733154296875 -0.1812744140625
0.0148954391479492 -0.00643444061279297 0.174652099609375 -0.4578857421875
-0.00116872787475586 -0.00417041778564453 -0.26080322265625 -0.3350830078125
-0.00756025314331055 0.00175285339355469 -0.33795166015625 0.0238037109375
0.00702476501464844 0.00658321380615234 -0.165695190429688 0.1929931640625
0.00396943092346191 0.00285744667053223 0.035552978515625 0.177566528320313
0.00447607040405273 -0.00440311431884766 0.151275634765625 0.0827484130859375
0.0132341384887695 0.00360202789306641 -0.141220092773438 -0.101348876953125
0.00833606719970703 0.00944137573242188 -0.01373291015625 -0.184844970703125
0.0106277465820312 0.0139255523681641 0.195587158203125 -0.151229858398438
-0.00252914428710937 0.0142383575439453 0.345977783203125 0.063079833984375
-0.0142917633056641 -0.0127525329589844 0.160797119140625 0.381011962890625
0.0117454528808594 -0.0354118347167969 -0.187042236328125 0.42388916015625
0.0236549377441406 0.000375747680664063 -0.28826904296875 0.1632080078125
0.0318546295166016 0.0215339660644531 0.0169296264648438 0.0215492248535156
0.0219917297363281 0.00305938720703125 0.33111572265625 -0.17730712890625
0.0181713104248047 -0.0106391906738281 0.175506591796875 -0.454071044921875
-0.00145721435546875 -0.00760030746459961 -0.25836181640625 -0.334625244140625
-0.00886917114257812 0.00173854827880859 -0.337646484375 0.0230102539062499
0.00568389892578125 0.00729942321777344 -0.167129516601563 0.1920166015625
0.00311565399169922 0.00531721115112305 0.0351409912109375 0.1778564453125
0.00244760513305664 -0.000815153121948242 0.150863647460938 0.0834197998046875
0.0123319625854492 0.00568866729736328 -0.140457153320313 -0.101432800292969
0.00890731811523438 0.0100774765014648 -0.015625 -0.184494018554688
0.00958728790283203 0.0142621994018555 0.192062377929688 -0.1522216796875
-0.00372600555419922 0.0137176513671875 0.34442138671875 0.059173583984375
-0.0146398544311523 -0.0146560668945313 0.164642333984375 0.37701416015625
0.0145187377929688 -0.0385055541992188 -0.18292236328125 0.4267578125
0.0288257598876953 -0.00192451477050781 -0.29083251953125 0.167327880859375
0.0384902954101563 0.0218009948730469 0.0107612609863281 0.02325439453125
0.0275707244873047 0.00193977355957031 0.328155517578125 -0.1728515625
0.0207786560058594 -0.0135879516601563 0.179229736328125 -0.450958251953125
-0.00154209136962891 -0.00988101959228516 -0.255645751953125 -0.337310791015625
-0.0102472305297852 0.00177097320556641 -0.340362548828125 0.018218994140625
0.0047602653503418 0.00829362869262695 -0.1702880859375 0.189605712890625
0.00288915634155274 0.00661373138427734 0.0335540771484375 0.178497314453125
0.0016176700592041 0.00201570987701416 0.151046752929688 0.083892822265625
0.0112333297729492 0.00646877288818359 -0.140129089355469 -0.099639892578125
0.009613037109375 0.00991439819335938 -0.0200653076171875 -0.183792114257813
0.00956630706787109 0.0143585205078125 0.187850952148437 -0.155014038085937
-0.00344181060791016 0.0138206481933594 0.3433837890625 0.051361083984375
-0.0149879455566406 -0.0152015686035156 0.171295166015625 0.3731689453125
0.0148048400878906 -0.0404129028320312 -0.1771240234375 0.431976318359375
0.0319728851318359 -0.00325775146484375 -0.293731689453125 0.174530029296875
0.0426521301269531 0.0220527648925781 0.00199699401855469 0.0251941680908203
0.0316486358642578 0.0012969970703125 0.32659912109375 -0.166015625
0.0219936370849609 -0.0149955749511719 0.18658447265625 -0.447540283203125
-0.00225734710693359 -0.0108728408813477 -0.24969482421875 -0.345184326171875
-0.0103683471679687 0.00144100189208984 -0.34222412109375 0.01202392578125
0.00451898574829101 0.00825357437133789 -0.175811767578125 0.188079833984375
0.00351476669311523 0.00698328018188477 0.0301361083984375 0.178604125976562
0.00133419036865234 0.00407004356384277 0.150985717773437 0.0843353271484375
0.0214462280273438 -0.0113811492919922 -0.144851684570313 -0.0983428955078125
0.0116748809814453 -0.0047760009765625 -0.0262603759765625 -0.187347412109375
0.0210361480712891 0.005279541015625 0.181838989257813 -0.167037963867188
0.00695896148681641 0.0167751312255859 0.348968505859375 0.032501220703125
-0.0158061981201172 0.00481033325195312 0.190673828125 0.361175537109375
-0.0064697265625 -0.0124473571777344 -0.1558837890625 0.43951416015625
-0.00745105743408203 0.0130653381347656 -0.289642333984375 0.18719482421875
-0.00374221801757813 0.0229644775390625 0.000829696655273437 0.0280075073242188
-0.0096139907836914 0.0163116455078125 0.335784912109375 -0.161590576171875
0.0032339096069336 0.0124368667602539 0.20721435546875 -0.45184326171875
-0.000980377197265624 0.00956535339355469 -0.240203857421875 -0.360809326171875
-0.000499725341796875 0.00181961059570313 -0.34625244140625 -0.000762939453124923
0.015254020690918 0.00207614898681641 -0.180801391601563 0.183837890625
0.00890350341796875 -0.00665378570556641 0.0286712646484375 0.178298950195313
0.00949668884277344 -0.0158252716064453 0.151046752929688 0.0830841064453125
0.0203189849853516 -0.0096588134765625 -0.144287109375 -0.0991973876953125
0.0109272003173828 -0.00245952606201172 -0.0215911865234375 -0.187637329101563
0.0191936492919922 0.00675773620605469 0.187881469726563 -0.16259765625
0.00537490844726562 0.0168476104736328 0.350677490234375 0.042083740234375
-0.0154485702514648 0.00201034545898437 0.18157958984375 0.3697509765625
-0.00423526763916016 -0.015894889831543 -0.16827392578125 0.435150146484375
-0.0045166015625 0.0114946365356445 -0.288665771484375 0.17889404296875
-0.000478744506835937 0.0222740173339844 0.00971794128417969 0.0250988006591797
-0.0058889389038086 0.014674186706543 0.338775634765625 -0.169036865234375
0.00533199310302734 0.00920295715332031 0.19683837890625 -0.456787109375
-0.000737190246582032 0.00711202621459961 -0.2464599609375 -0.35302734375
-0.00203442573547363 0.00202095508575439 -0.343841552734375 0.00888061523437493
0.0135936737060547 0.00276088714599609 -0.175613403320312 0.187591552734375
0.00729656219482422 -0.00466346740722656 0.0322723388671875 0.1773681640625
0.00837135314941406 -0.01397705078125 0.151412963867188 0.0817413330078125
0.0196208953857422 -0.00732231140136719 -0.14422607421875 -0.100555419921875
0.00972366333007813 0.000679969787597656 -0.018341064453125 -0.187973022460938
0.0173845291137695 0.00877761840820313 0.193374633789063 -0.159332275390625
0.00373172760009766 0.0162239074707031 0.352996826171875 0.0516357421875
-0.0151519775390625 -0.00168704986572266 0.174560546875 0.37628173828125
-0.000497817993164063 -0.02032470703125 -0.175689697265625 0.43048095703125
0.00131416320800781 0.00922393798828125 -0.28680419921875 0.172119140625
0.00583839416503906 0.0221214294433594 0.0160427093505859 0.023345947265625
-0.000392913818359375 0.0120048522949219 0.337127685546875 -0.17767333984375
0.00836753845214844 0.00443506240844727 0.184844970703125 -0.46136474609375
-0.000713586807250977 0.00378847122192383 -0.254547119140625 -0.34521484375
-0.00358414649963379 0.00198626518249512 -0.34149169921875 0.0171813964843749
0.0121421813964844 0.00403404235839844 -0.17022705078125 0.191558837890625
0.00620269775390625 -0.00233983993530273 0.0348358154296875 0.178070068359375
0.00696945190429688 -0.0113277435302734 0.152481079101563 0.0820465087890625
0.0169763565063477 -0.00399684906005859 -0.144119262695313 -0.100845336914063
0.00943279266357422 0.00423049926757813 -0.015472412109375 -0.18719482421875
0.0148038864135742 0.0108308792114258 0.196212768554688 -0.156219482421875
0.00156784057617187 0.0154838562011719 0.352081298828125 0.058868408203125
-0.0151681900024414 -0.00561428070068359 0.16943359375 0.381134033203125
0.00366783142089844 -0.0257701873779297 -0.1832275390625 0.429656982421875
0.00803756713867187 0.00608491897583008 -0.287506103515625 0.16729736328125
0.0147418975830078 0.0216541290283203 0.0196762084960938 0.0219459533691406
0.00708770751953125 0.00908660888671875 0.337249755859375 -0.181976318359375
0.0117998123168945 -0.000922203063964844 0.177032470703125 -0.463287353515625
-0.00106453895568848 -0.000119507312774658 -0.2601318359375 -0.34014892578125
-0.00541830062866211 0.00186824798583984 -0.340057373046875 0.022735595703125
0.00909042358398438 0.00503063201904297 -0.166824340820312 0.193496704101563
0.00488376617431641 0.000258445739746094 0.0367889404296875 0.177505493164063
0.00525426864624023 -0.00781536102294922 0.152740478515625 0.0819854736328125
0.0154619216918945 0.000133514404296875 -0.143463134765625 -0.102188110351563
0.00831794738769531 0.00692558288574219 -0.0151214599609375 -0.187240600585938
0.0130147933959961 0.0129194259643555 0.1983642578125 -0.154739379882813
-0.000761032104492186 0.0145301818847656 0.35296630859375 0.062347412109375
-0.0148000717163086 -0.00949954986572266 0.166351318359375 0.384185791015625
0.00853538513183594 -0.0313720703125 -0.18621826171875 0.428070068359375
0.0164451599121094 0.00278568267822266 -0.288177490234375 0.165069580078125
0.0239372253417969 0.0219058990478516 0.0204524993896484 0.0214347839355469
0.0146217346191406 0.00557327270507813 0.33428955078125 -0.182830810546875
0.01483154296875 -0.00630760192871094 0.172760009765625 -0.46258544921875
-0.00126147270202637 -0.00411796569824219 -0.264129638671875 -0.3359375
-0.00762653350830078 0.00179147720336914 -0.3406982421875 0.025390625
0.0073246955871582 0.00636434555053711 -0.165847778320313 0.194869995117188
0.00368928909301758 0.00335216522216797 0.037017822265625 0.179458618164063
0.00407075881958008 -0.00396203994750977 0.153121948242188 0.082794189453125
0.0133943557739258 0.00326633453369141 -0.143112182617188 -0.10137939453125
0.00888156890869141 0.00931453704833984 -0.0150909423828125 -0.185501098632813
0.0110998153686523 0.0135917663574219 0.19635009765625 -0.153076171875
-0.00251483917236328 0.0139923095703125 0.35040283203125 0.062164306640625
-0.0144147872924805 -0.012664794921875 0.16546630859375 0.3846435546875
0.0119132995605469 -0.035675048828125 -0.186553955078125 0.428253173828125
0.0237216949462891 0.000238418579101562 -0.290283203125 0.1656494140625
0.0328254699707031 0.0216541290283203 0.0162811279296875 0.0221462249755859
0.0220184326171875 0.00304794311523438 0.332275390625 -0.1800537109375
0.0180282592773438 -0.0109386444091797 0.175445556640625 -0.458984375
-0.00182390213012695 -0.00745773315429687 -0.2620849609375 -0.335845947265625
-0.00890541076660156 0.00207710266113281 -0.340301513671875 0.02435302734375
0.00556182861328125 0.00742101669311523 -0.167465209960938 0.193710327148438
0.00327777862548828 0.00495243072509766 0.0363311767578125 0.179168701171875
0.0025634765625 -0.000242948532104492 0.152923583984375 0.0829315185546875
0.0126180648803711 0.00589656829833984 -0.1422119140625 -0.100845336914063
0.00878047943115234 0.0103445053100586 -0.017547607421875 -0.185699462890625
0.00972461700439453 0.0143814086914063 0.193084716796875 -0.15496826171875
-0.00344371795654297 0.0137653350830078 0.3482666015625 0.057708740234375
-0.0148143768310547 -0.0147466659545898 0.168487548828125 0.38031005859375
0.0135040283203125 -0.0392417907714844 -0.1822509765625 0.4302978515625
0.0288791656494141 -0.00188255310058594 -0.29254150390625 0.16925048828125
0.0394973754882813 0.0216827392578125 0.01019287109375 0.0235557556152344
0.0279483795166016 0.00179672241210938 0.330169677734375 -0.174072265625
0.0211067199707031 -0.0141181945800781 0.17889404296875 -0.45562744140625
-0.00238037109375 -0.0100517272949219 -0.258758544921875 -0.339813232421875
-0.0103120803833008 0.00211524963378906 -0.343017578125 0.020355224609375
0.00487232208251953 0.00787353515625 -0.171051025390625 0.192428588867187
0.00332832336425781 0.00642251968383789 0.03436279296875 0.179901123046875
0.00109720230102539 0.00232362747192383 0.153182983398438 0.08355712890625
0.0113983154296875 0.00658035278320312 -0.14202880859375 -0.0990447998046875
0.00932693481445313 0.00983333587646484 -0.0212860107421875 -0.184814453125
0.00977993011474609 0.0144863128662109 0.188674926757813 -0.156890869140625
-0.00345420837402344 0.0141077041625977 0.347137451171875 0.049896240234375
-0.0153999328613281 -0.0148782730102539 0.17474365234375 0.376068115234375
0.0142440795898438 -0.0408401489257813 -0.1761474609375 0.436187744140625
0.0320987701416016 -0.00336647033691406 -0.29583740234375 0.176788330078125
0.0435600280761719 0.021881103515625 0.00166130065917969 0.0257148742675781
0.0320606231689453 0.00155067443847656 0.3280029296875 -0.167327880859375
0.0226287841796875 -0.0151252746582031 0.186004638671875 -0.452362060546875
-0.00186443328857422 -0.0108938217163086 -0.25250244140625 -0.3466796875
-0.0103654861450195 0.00174999237060547 -0.345489501953125 0.014068603515625
0.00456571578979492 0.00836086273193359 -0.175765991210937 0.189544677734375
0.00404834747314453 0.00679779052734375 0.03125 0.180206298828125
0.0011448860168457 0.00400924682617188 0.152435302734375 0.08428955078125
0.0215492248535156 -0.0122489929199219 -0.146820068359375 -0.097686767578125
0.0114231109619141 -0.00454521179199219 -0.028167724609375 -0.188247680664063
0.0206813812255859 0.0052032470703125 0.1817626953125 -0.169082641601563
0.00718021392822265 0.0164909362792969 0.35284423828125 0.029327392578125
-0.0158767700195313 0.00531482696533203 0.19598388671875 0.364593505859375
-0.00726985931396484 -0.0127363204956055 -0.1549072265625 0.444183349609375
-0.00766944885253907 0.0129842758178711 -0.29150390625 0.19134521484375
-0.00329208374023437 0.0226993560791016 0.000434875488281249 0.0280342102050781
-0.00918388366699219 0.0167903900146484 0.3372802734375 -0.1656494140625
0.00376510620117188 0.0128030776977539 0.206268310546875 -0.457672119140625
-0.000985145568847656 0.00975227355957031 -0.244384765625 -0.3626708984375
-0.000869631767272949 0.00212454795837402 -0.34930419921875 0.00238037109375001
0.0151309967041016 0.00170040130615234 -0.180740356445313 0.186676025390625
0.00894832611083984 -0.00718402862548828 0.0299835205078125 0.180221557617188
0.00921821594238281 -0.0158700942993164 0.1533203125 0.0822906494140625
0.0195236206054688 -0.01007080078125 -0.146347045898437 -0.0987396240234375
0.0110788345336914 -0.00247764587402344 -0.0238189697265625 -0.1884765625
0.0194149017333984 0.00680732727050781 0.188018798828125 -0.16534423828125
0.00582599639892578 0.0167255401611328 0.354156494140625 0.041839599609375
-0.0160894393920898 0.00217914581298828 0.185791015625 0.3719482421875
-0.00464344024658203 -0.0162267684936523 -0.166290283203125 0.440155029296875
-0.00467109680175781 0.0115938186645508 -0.289794921875 0.182769775390625
-0.0001068115234375 0.0227394104003906 0.00951957702636719 0.0259132385253906
-0.00559711456298828 0.015019416809082 0.3397216796875 -0.173553466796875
0.00529670715332031 0.00979328155517578 0.19482421875 -0.462890625
-0.000669002532958985 0.0071868896484375 -0.249481201171875 -0.355010986328125
-0.00163209438323975 0.00219631195068359 -0.346160888671875 0.010986328125
0.0138578414916992 0.00263214111328125 -0.174758911132813 0.190383911132812
0.00736093521118164 -0.00483798980712891 0.033599853515625 0.178741455078125
0.00804805755615235 -0.0142755508422852 0.153961181640625 0.0814666748046875
0.0194110870361328 -0.00739479064941406 -0.146575927734375 -0.10052490234375
0.00986385345458984 0.000995635986328125 -0.0200042724609375 -0.188888549804688
0.0176563262939453 0.00861740112304688 0.193832397460938 -0.161666870117188
0.00429725646972656 0.016453742980957 0.3553466796875 0.049835205078125
-0.0154867172241211 -0.00166606903076172 0.179168701171875 0.377899169921875
-0.000989913940429687 -0.0208377838134766 -0.174896240234375 0.43621826171875
0.00111532211303711 0.00870800018310547 -0.288482666015625 0.17559814453125
0.00632667541503906 0.0224189758300781 0.0158863067626953 0.0234737396240234
-3.91006469726575E-05 0.012476921081543 0.338287353515625 -0.18115234375
0.00796270370483398 0.00449562072753906 0.183502197265625 -0.4659423828125
-0.000607013702392578 0.00365447998046875 -0.2611083984375 -0.3460693359375
-0.00405049324035645 0.00186657905578613 -0.344757080078125 0.019775390625
0.0119476318359375 0.00344371795654297 -0.169769287109375 0.193878173828125
0.00617170333862305 -0.00233602523803711 0.0362701416015625 0.17938232421875
0.00714969635009766 -0.011164665222168 0.154312133789063 0.0815582275390625
0.0173368453979492 -0.00359058380126953 -0.146347045898437 -0.100555419921875
0.00861072540283203 0.00402259826660156 -0.018035888671875 -0.18865966796875
0.0154523849487305 0.0107402801513672 0.196884155273438 -0.159072875976563
0.00210762023925781 0.0151681900024414 0.356201171875 0.05712890625
-0.015660285949707 -0.00565719604492187 0.172607421875 0.38287353515625
0.00324821472167969 -0.0259685516357422 -0.181793212890625 0.433685302734375
0.00844955444335937 0.00587844848632813 -0.28924560546875 0.170257568359375
0.0150299072265625 0.0218372344970703 0.0202541351318359 0.0224514007568359
0.00714588165283203 0.00930023193359375 0.338836669921875 -0.185516357421875
0.0117177963256836 -0.00101375579833984 0.176239013671875 -0.468048095703125
-0.000755071640014649 -0.000395655632019043 -0.265045166015625 -0.341094970703125
-0.00549554824829101 0.00209569931030273 -0.34307861328125 0.0257263183593751
0.00924491882324219 0.00515365600585938 -0.1668701171875 0.196136474609375
0.00481748580932617 0.000348567962646484 0.0388641357421875 0.179595947265625
0.00526952743530273 -0.00753688812255859 0.154891967773438 0.0813446044921875
0.0151767730712891 -0.000238418579101563 -0.145767211914062 -0.10211181640625
0.00876426696777344 0.00667095184326172 -0.01641845703125 -0.1888427734375
0.0132713317871094 0.0123405456542969 0.198898315429688 -0.156814575195313
1.14440917968753E-05 0.0145978927612305 0.35614013671875 0.0601806640625
-0.0147409439086914 -0.0097665786743164 0.17047119140625 0.38580322265625
0.00763130187988281 -0.0314388275146484 -0.184844970703125 0.432342529296875
0.0165367126464844 0.00278282165527344 -0.2896728515625 0.16864013671875
0.0241336822509766 0.0217647552490234 0.0200328826904297 0.0217475891113281
0.0153436660766602 0.00604820251464844 0.3360595703125 -0.185699462890625
0.0155935287475586 -0.00669002532958984 0.17156982421875 -0.468109130859375
-0.00120663642883301 -0.00414752960205078 -0.267791748046875 -0.3375244140625
-0.00751543045043945 0.00217008590698242 -0.343536376953125 0.02783203125
0.00762796401977539 0.00653266906738281 -0.165634155273438 0.196853637695312
0.00406122207641602 0.00320672988891602 0.03851318359375 0.18060302734375
0.0034642219543457 -0.00378990173339844 0.155380249023438 0.082366943359375
0.0135316848754883 0.00350189208984375 -0.14544677734375 -0.100845336914063
0.00908565521240234 0.00926494598388672 -0.0174102783203125 -0.18695068359375
0.0112409591674805 0.0135869979858398 0.1968994140625 -0.155685424804687
-0.00165081024169922 0.0139980316162109 0.353515625 0.060455322265625
-0.0146141052246094 -0.0131425857543945 0.169525146484375 0.38623046875
0.0110588073730469 -0.0359268188476563 -0.186859130859375 0.432952880859375
0.0239086151123047 -9.5367431640625E-05 -0.292449951171875 0.16876220703125
0.0333213806152344 0.0215415954589844 0.0167617797851563 0.0226211547851563
0.0226764678955078 0.00347328186035156 0.334747314453125 -0.1824951171875
0.0186767578125 -0.0107879638671875 0.173736572265625 -0.4639892578125
-0.00209379196166992 -0.00734424591064453 -0.26617431640625 -0.337799072265625
-0.00886344909667969 0.00222110748291016 -0.343505859375 0.0272827148437501
0.00553464889526367 0.00703525543212891 -0.16705322265625 0.19635009765625
0.00331544876098633 0.00517463684082031 0.0384521484375 0.18023681640625
0.0021817684173584 -0.000122666358947754 0.155227661132813 0.0823516845703125
0.0120201110839844 0.00579452514648437 -0.144638061523437 -0.10101318359375
0.00901222229003906 0.0105686187744141 -0.0191497802734375 -0.186691284179687
0.0101861953735352 0.014256477355957 0.19366455078125 -0.15679931640625
-0.00262451171875 0.013789176940918 0.35296630859375 0.0562744140625
-0.0149879455566406 -0.0149297714233398 0.17401123046875 0.38299560546875
0.0131988525390625 -0.0397453308105469 -0.180908203125 0.43505859375
0.0296649932861328 -0.00226783752441406 -0.294525146484375 0.172393798828125
0.0400543212890625 0.0217018127441406 0.00980377197265625 0.023712158203125
0.0292606353759766 0.00182533264160156 0.33209228515625 -0.177764892578125
0.0208950042724609 -0.0142478942871094 0.1781005859375 -0.462249755859375
-0.00189876556396484 -0.0101242065429688 -0.26318359375 -0.341705322265625
-0.00992965698242187 0.0023794174194336 -0.34521484375 0.0234375
0.00418949127197266 0.00823974609375 -0.170654296875 0.194610595703125
0.00333690643310547 0.00678014755249023 0.036102294921875 0.181304931640625
0.0014641284942627 0.00295805931091309 0.155197143554688 0.08349609375
0.0114784240722656 0.00675392150878906 -0.144287109375 -0.099029541015625
0.00969028472900391 0.010258674621582 -0.022979736328125 -0.185806274414063
0.0101079940795898 0.0143041610717773 0.189285278320313 -0.1595458984375
-0.00275611877441406 0.0137014389038086 0.3489990234375 0.048065185546875
-0.0153045654296875 -0.0157432556152344 0.179229736328125 0.37933349609375
0.0135383605957031 -0.0414695739746094 -0.17510986328125 0.440704345703125
0.0324192047119141 -0.00354766845703125 -0.297515869140625 0.1800537109375
0.04449462890625 0.022003173828125 0.00150489807128907 0.0259552001953125
0.0326290130615234 0.0015106201171875 0.3299560546875 -0.171173095703125
0.0230369567871094 -0.0155277252197266 0.185333251953125 -0.458526611328125
-0.00208854675292969 -0.0110950469970703 -0.257904052734375 -0.347869873046875
-0.0107088088989258 0.00181770324707031 -0.34771728515625 0.015960693359375
0.00438022613525391 0.0081186294555664 -0.175506591796875 0.192245483398438
0.00410890579223633 0.00650262832641602 0.0327301025390625 0.181427001953125
0.000719070434570313 0.0045008659362793 0.154647827148437 0.08367919921875
0.0217208862304688 -0.0129108428955078 -0.1492919921875 -0.0971832275390625
0.0113487243652344 -0.00486564636230469 -0.0298614501953125 -0.189239501953125
0.0214042663574219 0.00467491149902344 0.182601928710937 -0.172256469726563
0.00775337219238281 0.0165681838989258 0.35638427734375 0.02801513671875
-0.0159053802490234 0.00507354736328125 0.200347900390625 0.365997314453125
-0.00766563415527344 -0.0131511688232422 -0.152252197265625 0.449066162109375
-0.00725364685058594 0.0132608413696289 -0.293060302734375 0.194488525390625
-0.00266265869140625 0.0230731964111328 0.000307083129882815 0.0290184020996094
-0.00852775573730469 0.01727294921875 0.339263916015625 -0.168304443359375
0.00349617004394531 0.0129318237304688 0.205413818359375 -0.464599609375
-0.000940322875976562 0.00935554504394531 -0.249176025390625 -0.3636474609375
-0.000661611557006836 0.00236058235168457 -0.352142333984375 0.00500488281249993
0.0151243209838867 0.00143337249755859 -0.180435180664062 0.189773559570313
0.00918769836425781 -0.00698566436767578 0.0318756103515625 0.181228637695313
0.00891399383544922 -0.0159788131713867 0.155349731445313 0.08203125
0.0200958251953125 -0.010467529296875 -0.14935302734375 -0.097808837890625
0.0109052658081055 -0.00220489501953125 -0.0255584716796875 -0.189895629882812
0.0195732116699219 0.00647354125976563 0.1885986328125 -0.16802978515625
0.00632286071777344 0.0163688659667969 0.3580322265625 0.0374755859375
-0.0157804489135742 0.00211048126220703 0.191497802734375 0.373626708984375
-0.005401611328125 -0.0163278579711914 -0.16436767578125 0.444183349609375
-0.00476837158203125 0.01165771484375 -0.29132080078125 0.185791015625
0.000289916992187499 0.0222072601318359 0.00909423828125 0.0262317657470703
-0.00546169281005859 0.0154600143432617 0.342376708984375 -0.1768798828125
0.00542449951171875 0.00947952270507813 0.193878173828125 -0.468505859375
-0.000496387481689454 0.00724411010742188 -0.255126953125 -0.355621337890625
-0.0017397403717041 0.00238275527954102 -0.349273681640625 0.014404296875
0.0137805938720703 0.00251865386962891 -0.175140380859375 0.192520141601562
0.00712919235229492 -0.00527381896972656 0.0358428955078125 0.179916381835938
0.00780200958251953 -0.0141029357910156 0.15594482421875 0.080780029296875
0.0192928314208984 -0.007476806640625 -0.14874267578125 -0.099578857421875
0.0100107192993164 0.000729560852050781 -0.0220184326171875 -0.1905517578125
0.01806640625 0.00856208801269531 0.194534301757813 -0.1646728515625
0.00451850891113281 0.0156240463256836 0.35968017578125 0.047119140625
-0.0154094696044922 -0.00147914886474609 0.184539794921875 0.380889892578125
-0.00133895874023438 -0.0207996368408203 -0.172607421875 0.44134521484375
0.0010371208190918 0.00877761840820313 -0.28973388671875 0.1788330078125
0.00682830810546875 0.0223865509033203 0.0161037445068359 0.0242290496826172
0.000492095947265626 0.0127878189086914 0.340423583984375 -0.18524169921875
0.00859260559082031 0.00478315353393555 0.18206787109375 -0.4720458984375
-0.000736474990844727 0.00401902198791504 -0.264739990234375 -0.347686767578125
-0.00393104553222656 0.00207614898681641 -0.3475341796875 0.022613525390625
0.0121498107910156 0.00308799743652344 -0.168899536132813 0.197265625
0.00646352767944336 -0.00226306915283203 0.0382232666015625 0.180999755859375
0.00703811645507813 -0.0115251541137695 0.157119750976563 0.080718994140625
0.0173025131225586 -0.00414466857910156 -0.148727416992188 -0.10015869140625
0.00937938690185547 0.0037689208984375 -0.0201873779296875 -0.190109252929688
0.0157566070556641 0.0104007720947266 0.196945190429687 -0.162002563476562
0.00272846221923828 0.015141487121582 0.359375 0.053985595703125
-0.0153169631958008 -0.00532913208007813 0.17694091796875 0.386260986328125
0.0027923583984375 -0.0265102386474609 -0.18048095703125 0.438232421875
0.00877475738525391 0.00631332397460938 -0.290924072265625 0.174072265625
0.0154533386230469 0.0222072601318359 0.0199470520019531 0.0225677490234375
0.00765514373779297 0.0100011825561523 0.33966064453125 -0.189117431640625
0.0119333267211914 -0.000715255737304688 0.175201416015625 -0.472412109375
-0.000797271728515625 -0.000194668769836426 -0.268798828125 -0.341278076171875
-0.00543594360351563 0.00234079360961914 -0.345306396484375 0.027862548828125
0.00934505462646484 0.00448894500732422 -0.166412353515625 0.19873046875
0.0050654411315918 0.000298023223876953 0.0409393310546875 0.180557250976563
0.00514078140258789 -0.00731086730957031 0.15765380859375 0.08056640625
0.015650749206543 -0.000706672668457031 -0.147918701171875 -0.1014404296875
0.00880622863769531 0.00691318511962891 -0.018402099609375 -0.189666748046875
0.0137138366699219 0.0117988586425781 0.199188232421875 -0.15997314453125
0.000290870666503906 0.0143928527832031 0.36029052734375 0.0570068359375
-0.0146474838256836 -0.00980281829833985 0.175537109375 0.389373779296875
0.00641441345214843 -0.0317668914794922 -0.182769775390625 0.437896728515625
0.0163898468017578 0.00261878967285156 -0.290618896484375 0.172332763671875
0.0250453948974609 0.0215911865234375 0.0200443267822266 0.0225238800048828
0.0153036117553711 0.00647354125976562 0.33709716796875 -0.189971923828125
0.0147819519042969 -0.00654888153076172 0.169769287109375 -0.472991943359375
-0.00110554695129395 -0.00431513786315918 -0.272003173828125 -0.33892822265625
-0.00778102874755859 0.00243234634399414 -0.345672607421875 0.030731201171875
0.00741291046142578 0.00613498687744141 -0.165145874023437 0.200271606445312
0.00405049324035645 0.00266361236572266 0.0410919189453125 0.181915283203125
0.00359821319580078 -0.0034022331237793 0.157882690429688 0.0815887451171875
0.0135059356689453 0.00300121307373047 -0.148269653320313 -0.100326538085937
0.00881767272949219 0.00893020629882813 -0.019317626953125 -0.188217163085938
0.0112810134887695 0.013310432434082 0.197174072265625 -0.15875244140625
-0.00133800506591797 0.0142221450805664 0.358154296875 0.058258056640625
-0.0150585174560547 -0.0131597518920898 0.17431640625 0.3887939453125
0.01055908203125 -0.0362091064453125 -0.18377685546875 0.438201904296875
0.0240135192871094 -0.000637054443359375 -0.293731689453125 0.1728515625
0.0340042114257813 0.0213985443115234 0.0163612365722656 0.0230064392089844
0.0233097076416016 0.0036773681640625 0.3360595703125 -0.186004638671875
0.0187129974365234 -0.0111331939697266 0.171905517578125 -0.469329833984375
-0.00193643569946289 -0.00757169723510742 -0.270416259765625 -0.33868408203125
-0.00902271270751953 0.0024261474609375 -0.34625244140625 0.0307922363281249
0.00564479827880859 0.00710010528564453 -0.166458129882812 0.199615478515625
0.00383853912353516 0.00517129898071289 0.0396575927734375 0.181961059570313
0.0023033618927002 -7.15255737304687E-06 0.157730102539063 0.0815582275390625
0.0123577117919922 0.00520038604736328 -0.147354125976563 -0.10052490234375
0.00890827178955078 0.010223388671875 -0.0213623046875 -0.18768310546875
0.0105314254760742 0.0138740539550781 0.194229125976562 -0.1597900390625
-0.00234889984130859 0.0133781433105469 0.355560302734375 0.05340576171875
-0.015070915222168 -0.0152444839477539 0.176910400390625 0.38519287109375
0.012298583984375 -0.0401039123535156 -0.179412841796875 0.440338134765625
0.029541015625 -0.00275993347167969 -0.29547119140625 0.176422119140625
0.0408821105957031 0.0216865539550781 0.00978469848632813 0.0245208740234375
0.0296115875244141 0.00214195251464844 0.33331298828125 -0.18109130859375
0.0214881896972656 -0.0139522552490234 0.176605224609375 -0.465576171875
-0.00191783905029297 -0.00998878479003906 -0.268402099609375 -0.342620849609375
-0.010406494140625 0.00272655487060547 -0.34783935546875 0.026153564453125
0.00484418869018555 0.00780630111694336 -0.170303344726563 0.1978759765625
0.00293540954589844 0.00666427612304688 0.03790283203125 0.182662963867188
0.000543832778930664 0.00294137001037598 0.157455444335938 0.082427978515625
0.0115604400634766 0.00650978088378906 -0.146881103515625 -0.0989227294921875
0.00964069366455078 0.0100164413452148 -0.0251617431640625 -0.1866455078125
0.0101442337036133 0.0134515762329102 0.189117431640625 -0.162796020507813
-0.00244426727294922 0.0135440826416016 0.353851318359375 0.04473876953125
-0.0156993865966797 -0.0157232284545898 0.183502197265625 0.381072998046875
0.0131111145019531 -0.041839599609375 -0.173980712890625 0.44561767578125
0.0324306488037109 -0.0040283203125 -0.298614501953125 0.18426513671875
0.0450859069824219 0.0215606689453125 0.00130081176757813 0.0263957977294922
0.0331478118896484 0.00179672241210937 0.33123779296875 -0.17498779296875
0.0229644775390625 -0.0154476165771484 0.183502197265625 -0.463226318359375
-0.00196266174316406 -0.0114974975585938 -0.261810302734375 -0.34967041015625
-0.0102643966674805 0.00248908996582031 -0.35089111328125 0.01983642578125
0.00444316864013672 0.00820064544677735 -0.175033569335938 0.19561767578125
0.00381326675415039 0.00666141510009766 0.0345001220703125 0.183135986328125
0.000979900360107421 0.00452089309692383 0.156829833984375 0.083160400390625
0.0215740203857422 -0.0133590698242188 -0.15185546875 -0.096099853515625
0.0113449096679688 -0.00522613525390625 -0.033294677734375 -0.190567016601563
0.0217781066894531 0.00456047058105469 0.181930541992188 -0.175155639648437
0.00843429565429688 0.0163669586181641 0.360107421875 0.025115966796875
-0.0162086486816406 0.00534534454345703 0.2059326171875 0.367279052734375
-0.00868892669677735 -0.013117790222168 -0.1490478515625 0.454315185546875
-0.00745391845703125 0.0133075714111328 -0.29351806640625 0.19879150390625
-0.00240516662597656 0.0231437683105469 0.000223159790039059 0.02923583984375
-0.00879096984863282 0.0176887512207031 0.33978271484375 -0.172454833984375
0.00389194488525391 0.0131168365478516 0.203277587890625 -0.469696044921875
-0.000440597534179687 0.00956249237060547 -0.253509521484375 -0.3638916015625
-0.000201940536499024 0.00243711471557617 -0.354583740234375 0.00869750976562499
0.0154609680175781 0.00146102905273438 -0.179397583007812 0.192672729492188
0.00885963439941406 -0.00718784332275391 0.0342254638671875 0.182449340820313
0.00875663757324219 -0.0159196853637695 0.157974243164063 0.081329345703125
0.0200004577636719 -0.0110301971435547 -0.151596069335938 -0.0968475341796875
0.0106649398803711 -0.00258445739746094 -0.0284576416015625 -0.190597534179687
0.0197391510009766 0.00592231750488281 0.187789916992188 -0.17083740234375
0.00672531127929687 0.0160732269287109 0.3614501953125 0.035003662109375
-0.0160636901855469 0.00250339508056641 0.1964111328125 0.375396728515625
-0.00590896606445313 -0.016047477722168 -0.161590576171875 0.449615478515625
-0.00443458557128906 0.0114650726318359 -0.291778564453125 0.19000244140625
0.000862121582031249 0.0225372314453125 0.00876235961914063 0.0265159606933594
-0.00516414642333984 0.0160799026489258 0.34185791015625 -0.18194580078125
0.00611400604248047 0.00972461700439453 0.19036865234375 -0.474884033203125
-0.000751972198486328 0.00734519958496094 -0.26214599609375 -0.355316162109375
-0.00195550918579102 0.00242328643798828 -0.35125732421875 0.017974853515625
0.0139379501342773 0.00224685668945313 -0.173934936523438 0.196395874023438
0.00787019729614258 -0.00530052185058594 0.03802490234375 0.18121337890625
0.00738811492919922 -0.0141735076904297 0.158401489257813 0.079681396484375
0.0194664001464844 -0.00823402404785156 -0.151870727539062 -0.098541259765625
0.0100383758544922 0.000202178955078125 -0.02484130859375 -0.19110107421875
0.0189495086669922 0.00810050964355469 0.193771362304688 -0.167465209960938
0.00533199310302734 0.0152368545532227 0.36260986328125 0.044342041015625
-0.0159835815429688 -0.00136089324951172 0.189910888671875 0.3814697265625
-0.00229263305664063 -0.0213699340820313 -0.169525146484375 0.446075439453125
0.00141000747680664 0.0087738037109375 -0.290435791015625 0.182861328125
0.00735282897949219 0.0221385955810547 0.0155906677246094 0.0247287750244141
0.000802040100097656 0.0130796432495117 0.3408203125 -0.188751220703125
0.00856447219848633 0.00449943542480469 0.178955078125 -0.477874755859375
-0.000477075576782227 0.00379085540771484 -0.269989013671875 -0.34649658203125
-0.0040431022644043 0.00249886512756348 -0.34979248046875 0.02655029296875
0.0116920471191406 0.00361251831054687 -0.16796875 0.199478149414063
0.00613880157470703 -0.00262212753295898 0.0408172607421875 0.181976318359375
0.00646114349365234 -0.0109272003173828 0.159591674804688 0.0799560546875
0.0174951553344727 -0.00466632843017578 -0.151107788085938 -0.0986785888671875
0.00934696197509766 0.00430583953857422 -0.022857666015625 -0.190597534179688
0.0160322189331055 0.0100154876708984 0.1968994140625 -0.164291381835938
0.00281238555908203 0.0145034790039063 0.363189697265625 0.0513916015625
-0.0153722763061523 -0.00583744049072265 0.18414306640625 0.38720703125
0.00162696838378906 -0.0265445709228516 -0.178680419921875 0.443115234375
0.00848484039306641 0.0055079460144043 -0.291290283203125 0.177978515625
0.0158195495605469 0.0218963623046875 0.0200977325439453 0.0232963562011719
0.00796985626220703 0.00994777679443359 0.33966064453125 -0.1932373046875
0.0121097564697266 -0.000824928283691406 0.17132568359375 -0.4786376953125
-0.000778734683990479 -0.000579595565795898 -0.27532958984375 -0.341522216796875
-0.0052342414855957 0.00276374816894531 -0.34765625 0.03228759765625
0.00923919677734375 0.00464725494384766 -0.165115356445313 0.2025146484375
0.00480079650878906 0.000177383422851563 0.042938232421875 0.181610107421875
0.00442218780517578 -0.00749063491821289 0.159744262695313 0.07952880859375
0.015965461730957 -0.0003509521484375 -0.150924682617188 -0.100250244140625
0.00870943069458008 0.00687265396118164 -0.0211029052734375 -0.190505981445313
0.0142927169799805 0.0114984512329102 0.199111938476562 -0.1634521484375
0.000703811645507813 0.0143184661865234 0.363739013671875 0.05487060546875
-0.015141487121582 -0.00976085662841797 0.18115234375 0.38958740234375
0.00606155395507813 -0.0320987701416016 -0.18109130859375 0.44329833984375
0.0164651870727539 0.00209617614746094 -0.292144775390625 0.175506591796875
0.0255355834960938 0.0213470458984375 0.0198307037353516 0.022674560546875
0.0163984298706055 0.00628280639648437 0.337982177734375 -0.1943359375
0.0155572891235352 -0.00664520263671875 0.16729736328125 -0.478485107421875
-0.0013272762298584 -0.00435781478881836 -0.27825927734375 -0.3388671875
-0.00750875473022461 0.00261497497558594 -0.34814453125 0.0351257324218751
0.00761175155639648 0.00620508193969726 -0.163787841796875 0.203338623046875
0.00388121604919434 0.00289535522460938 0.0428466796875 0.182769775390625
0.0038607120513916 -0.00318574905395508 0.160430908203125 0.0804595947265625
0.0137443542480469 0.00354290008544922 -0.150375366210938 -0.09967041015625
0.00893497467041015 0.00876808166503906 -0.0220947265625 -0.189590454101563
0.011688232421875 0.0132646560668945 0.197280883789063 -0.161911010742188
-0.00128364562988281 0.013641357421875 0.361358642578125 0.0546875
-0.0152196884155273 -0.013092041015625 0.179412841796875 0.391448974609375
0.00995635986328125 -0.0370292663574219 -0.181304931640625 0.44329833984375
0.0239543914794922 -0.000402450561523438 -0.294647216796875 0.17645263671875
0.0349655151367187 0.0210781097412109 0.0161666870117188 0.0237789154052734
0.0240669250488281 0.00367546081542969 0.337493896484375 -0.19073486328125
0.0186977386474609 -0.0112380981445313 0.169036865234375 -0.4759521484375
-0.00150823593139648 -0.00787258148193359 -0.276611328125 -0.338226318359375
-0.00877141952514648 0.00304079055786133 -0.348175048828125 0.033935546875
0.00572586059570313 0.00748491287231445 -0.1650390625 0.202392578125
0.00333738327026367 0.00540494918823242 0.0428314208984375 0.182891845703125
0.00215315818786621 0.000283718109130859 0.15985107421875 0.0803375244140625
0.0124187469482422 0.00546169281005859 -0.150375366210938 -0.0989837646484375
0.00877952575683594 0.010462760925293 -0.02392578125 -0.1884765625
0.0108041763305664 0.014129638671875 0.193740844726563 -0.16357421875
-0.00213813781738281 0.0134563446044922 0.359832763671875 0.050048828125
-0.0149412155151367 -0.0149850845336914 0.183563232421875 0.387115478515625
0.011962890625 -0.0403594970703125 -0.175933837890625 0.444976806640625
0.0296478271484375 -0.00323295593261719 -0.296844482421875 0.179962158203125
0.0416450500488281 0.0212821960449219 0.00987434387207031 0.0247898101806641
0.0302505493164062 0.00230026245117188 0.33349609375 -0.185546875
0.0215339660644531 -0.0146121978759766 0.17437744140625 -0.471343994140625
-0.00215625762939453 -0.0102434158325195 -0.27288818359375 -0.341949462890625
-0.010340690612793 0.00284004211425781 -0.350311279296875 0.030303955078125
0.00442266464233398 0.00807332992553711 -0.1685791015625 0.2005615234375
0.00352621078491211 0.00644159317016601 0.0401611328125 0.183212280273438
0.000826358795166016 0.0034945011138916 0.159835815429688 0.0816192626953125
0.0116844177246094 0.00645637512207031 -0.149505615234375 -0.0977020263671875
0.00970363616943359 0.00990104675292969 -0.02783203125 -0.187484741210938
0.0106840133666992 0.013606071472168 0.189224243164063 -0.165298461914063
-0.00216865539550781 0.013824462890625 0.357208251953125 0.041748046875
-0.0158710479736328 -0.0157365798950195 0.18939208984375 0.382232666015625
0.0122604370117188 -0.0423622131347656 -0.170257568359375 0.450439453125
0.0327167510986328 -0.00470733642578125 -0.29986572265625 0.187469482421875
0.0455856323242188 0.0211372375488281 0.00102615356445313 0.0273609161376953
0.0334110260009766 0.00149154663085938 0.332122802734375 -0.178985595703125
0.0234813690185547 -0.0156593322753906 0.18096923828125 -0.46905517578125
-0.00205421447753906 -0.0114412307739258 -0.266876220703125 -0.34942626953125
-0.010472297668457 0.00279998779296875 -0.353973388671875 0.02264404296875
0.0042567253112793 0.00800132751464844 -0.174606323242188 0.1988525390625
0.00433683395385742 0.00651884078979492 0.037261962890625 0.184112548828125
0.000827312469482421 0.00502634048461914 0.159652709960938 0.082000732421875
0.0213184356689453 -0.0134525299072266 -0.153900146484375 -0.0944366455078125
0.0112342834472656 -0.00560760498046875 -0.036102294921875 -0.190261840820313
0.0218238830566406 0.00374031066894531 0.180465698242187 -0.178619384765625
0.00871562957763672 0.0159320831298828 0.361358642578125 0.019989013671875
-0.0163440704345703 0.00525856018066406 0.211090087890625 0.3677978515625
-0.00889110565185547 -0.0128660202026367 -0.145050048828125 0.4581298828125
-0.00730514526367188 0.0134649276733398 -0.292510986328125 0.203338623046875
-0.00193405151367187 0.0226726531982422 -1.71661376953144E-05 0.0299797058105469
-0.00815773010253906 0.0177669525146484 0.338958740234375 -0.177276611328125
0.00466251373291016 0.0131340026855469 0.198150634765625 -0.475616455078125
-5.81741333007818E-05 0.0098419189453125 -0.25872802734375 -0.3634033203125
-0.000444412231445312 0.00266194343566895 -0.356658935546875 0.0135498046875
0.0155420303344727 0.00090789794921875 -0.177597045898438 0.1961669921875
0.00925350189208984 -0.00761795043945313 0.0365447998046875 0.182540893554688
0.0082550048828125 -0.0160007476806641 0.160079956054688 0.079345703125
0.019775390625 -0.0114784240722656 -0.154373168945312 -0.0951080322265625
0.0106658935546875 -0.00290393829345703 -0.0314178466796875 -0.190887451171875
0.0203113555908203 0.00553512573242188 0.187332153320313 -0.174179077148438
0.00750160217285156 0.0159826278686523 0.363922119140625 0.031707763671875
-0.0161590576171875 0.00248050689697265 0.2021484375 0.375335693359375
-0.00693988800048828 -0.0163860321044922 -0.1575927734375 0.4539794921875
-0.00435829162597656 0.0111446380615234 -0.29217529296875 0.193817138671875
0.00139045715332032 0.0228233337402344 0.00900459289550781 0.0273246765136719
-0.00444793701171875 0.0164804458618164 0.341888427734375 -0.18658447265625
0.00575733184814453 0.00975513458251953 0.186981201171875 -0.479248046875
0.000145435333251954 0.00727415084838867 -0.267425537109375 -0.35455322265625
-0.00199723243713379 0.0028541088104248 -0.353302001953125 0.0224609375
0.0136537551879883 0.00211143493652344 -0.172271728515625 0.19915771484375
0.00757026672363281 -0.00556802749633789 0.04052734375 0.181640625
0.00738143920898438 -0.0140228271484375 0.160690307617188 0.078125
0.0192527770996094 -0.00840377807617188 -0.154159545898438 -0.096893310546875
0.00984001159667969 0.000535011291503906 -0.02801513671875 -0.191497802734375
0.0188674926757812 0.00726890563964844 0.193023681640625 -0.17095947265625
0.00502872467041016 0.0147590637207031 0.36639404296875 0.04071044921875
-0.015934944152832 -0.0014181137084961 0.19451904296875 0.381988525390625
-0.00300407409667969 -0.0209236145019531 -0.16558837890625 0.449920654296875
0.0013422966003418 0.00855159759521484 -0.29071044921875 0.18658447265625
0.00807762145996094 0.0220222473144531 0.0159645080566406 0.0252571105957031
0.00115966796875 0.0133399963378906 0.34088134765625 -0.19342041015625
0.00932025909423828 0.00452423095703125 0.17523193359375 -0.4822998046875
5.72204589843753E-05 0.00350141525268555 -0.276031494140625 -0.3466796875
-0.00335168838500977 0.00289297103881836 -0.352020263671875 0.0307617187500001
0.011723518371582 0.00308990478515625 -0.166610717773437 0.202789306640625
0.00623464584350586 -0.00313282012939453 0.0435333251953125 0.182388305664063
0.00598907470703125 -0.0109243392944336 0.16180419921875 0.0782928466796875
0.0172834396362305 -0.00477313995361328 -0.15399169921875 -0.09765625
0.00945377349853516 0.00351524353027344 -0.025421142578125 -0.191268920898438
0.016510009765625 0.00983428955078125 0.196182250976563 -0.168045043945313
0.00314998626708984 0.0148191452026367 0.367218017578125 0.04791259765625
-0.0155963897705078 -0.00578880310058594 0.189361572265625 0.38818359375
0.00108528137207031 -0.0267314910888672 -0.17340087890625 0.4481201171875
0.00834465026855469 0.00563383102416992 -0.29095458984375 0.182403564453125
0.0164375305175781 0.0215930938720703 0.0196723937988281 0.0240039825439453
0.0085906982421875 0.00999259948730469 0.340118408203125 -0.197479248046875
0.0122966766357422 -0.0008087158203125 0.16766357421875 -0.4854736328125
-0.000802874565124512 -0.000390231609344482 -0.279937744140625 -0.3408203125
-0.00537919998168945 0.00288581848144531 -0.34942626953125 0.0365600585937499
0.00926589965820313 0.00459671020507813 -0.162765502929688 0.204940795898437
0.00504827499389648 0.000393867492675781 0.0457916259765625 0.182098388671875
0.00419807434082031 -0.00695371627807617 0.162353515625 0.0779266357421875
0.015721321105957 -0.00131320953369141 -0.1529541015625 -0.098968505859375
0.00875282287597656 0.00700902938842773 -0.0243988037109375 -0.191009521484375
0.0143508911132813 0.0113811492919922 0.198226928710938 -0.165695190429688
0.00093841552734375 0.0140495300292969 0.367095947265625 0.051055908203125
-0.0155019760131836 -0.00947189331054688 0.18707275390625 0.390289306640625
0.00562858581542969 -0.03216552734375 -0.177001953125 0.44647216796875
0.0166187286376953 0.00212001800537109 -0.2916259765625 0.17987060546875
0.0266742706298828 0.0209732055664063 0.0198764801025391 0.0229721069335937
0.0167236328125 0.00651454925537109 0.33758544921875 -0.19854736328125
0.0157651901245117 -0.00670623779296875 0.16253662109375 -0.48486328125
-0.00114107131958008 -0.00456380844116211 -0.28411865234375 -0.336822509765625
-0.00738239288330078 0.00332498550415039 -0.349822998046875 0.039276123046875
0.00775432586669922 0.00588655471801758 -0.1622314453125 0.205917358398437
0.00427818298339844 0.00295042991638184 0.0459136962890625 0.183303833007812
0.00321865081787109 -0.00304055213928223 0.16290283203125 0.079010009765625
0.0133914947509766 0.00306034088134766 -0.153488159179687 -0.0981292724609375
0.0091705322265625 0.00926780700683594 -0.0250701904296875 -0.189788818359375
0.0121574401855469 0.0129070281982422 0.196075439453125 -0.165390014648438
-0.000438690185546875 0.0134258270263672 0.363861083984375 0.050445556640625
-0.0153827667236328 -0.0132246017456055 0.185455322265625 0.390777587890625
0.00886917114257812 -0.0372085571289063 -0.178070068359375 0.447662353515625
0.0241222381591797 -0.00119590759277344 -0.294342041015625 0.18011474609375
0.0354423522949219 0.020782470703125 0.0166244506835938 0.0237064361572266
0.024383544921875 0.00385665893554687 0.336669921875 -0.1951904296875
0.0182456970214844 -0.0115547180175781 0.16455078125 -0.47955322265625
-0.00169706344604492 -0.00782489776611328 -0.281341552734375 -0.337493896484375
-0.00908279418945313 0.00330066680908203 -0.350189208984375 0.0383911132812501
0.00574159622192383 0.00709342956542969 -0.1639404296875 0.205429077148437
0.00342178344726562 0.00461626052856445 0.045166015625 0.183425903320313
0.00184929370880127 0.00101709365844727 0.162353515625 0.0790252685546875
0.0127506256103516 0.00527381896972656 -0.152252197265625 -0.0973968505859375
0.00919818878173828 0.010040283203125 -0.0274810791015625 -0.189178466796875
0.0112104415893555 0.0131015777587891 0.19342041015625 -0.166213989257813
-0.00136566162109375 0.0130243301391602 0.361053466796875 0.046966552734375
-0.0159387588500977 -0.0154743194580078 0.18927001953125 0.38720703125
0.0110015869140625 -0.0404434204101563 -0.1729736328125 0.4490966796875
0.0298538208007813 -0.00382804870605469 -0.296539306640625 0.183563232421875
0.0423736572265625 0.0206642150878906 0.0098724365234375 0.0254688262939453
0.0304698944091797 0.00198936462402344 0.333038330078125 -0.190338134765625
0.0214042663574219 -0.0148601531982422 0.169647216796875 -0.47650146484375
-0.00185394287109375 -0.0102567672729492 -0.27764892578125 -0.341033935546875
-0.0100059509277344 0.00317859649658203 -0.352447509765625 0.034515380859375
0.00479793548583984 0.00759363174438477 -0.16717529296875 0.203994750976563
0.00361204147338867 0.00627374649047851 0.042938232421875 0.184524536132813
0.00108218193054199 0.00334692001342773 0.162750244140625 0.0794525146484375
0.011631965637207 0.00610733032226563 -0.15191650390625 -0.09619140625
0.00990581512451172 0.00982952117919922 -0.03070068359375 -0.188400268554688
0.0109262466430664 0.0134420394897461 0.188201904296875 -0.168533325195313
-0.00174617767333984 0.0130653381347656 0.359710693359375 0.03955078125
-0.0163412094116211 -0.0156011581420898 0.19451904296875 0.382965087890625
0.0115966796875 -0.0423126220703125 -0.165313720703125 0.456024169921875
0.0330581665039063 -0.00482177734375 -0.30010986328125 0.192138671875
0.0470123291015625 0.0206031799316406 0.00114822387695313 0.0278663635253906
0.0339603424072266 0.00176048278808594 0.33203125 -0.1829833984375
0.0232582092285156 -0.0159397125244141 0.17730712890625 -0.473876953125
-0.00260162353515625 -0.0114879608154297 -0.27252197265625 -0.348236083984375
-0.0103302001953125 0.0026702880859375 -0.35516357421875 0.027557373046875
0.00481939315795899 0.00810718536376953 -0.173095703125 0.2017822265625
0.0039520263671875 0.0063176155090332 0.03985595703125 0.184600830078125
0.000658512115478515 0.00558853149414063 0.161544799804688 0.0803375244140625
0.0211772918701172 -0.0144062042236328 -0.15692138671875 -0.0928192138671875
0.0116434097290039 -0.00545120239257812 -0.039825439453125 -0.190399169921875
0.0222034454345703 0.00317001342773437 0.178726196289063 -0.181320190429687
0.0093851089477539 0.01519775390625 0.364501953125 0.01580810546875
-0.0159158706665039 0.0056009292602539 0.21826171875 0.366668701171875
-0.00973033905029297 -0.0129270553588867 -0.139312744140625 0.46197509765625
-0.007354736328125 0.0133743286132813 -0.29150390625 0.207489013671875
-0.00135993957519531 0.0225658416748047 0.000492095947265626 0.0306415557861328
-0.00774192810058594 0.0184822082519531 0.339599609375 -0.18212890625
0.00485610961914063 0.0131816864013672 0.192657470703125 -0.479095458984375
-0.000106811523437499 0.00968170166015625 -0.26470947265625 -0.361328125
-0.000339984893798828 0.00305604934692383 -0.357421875 0.018157958984375
0.0158615112304688 0.000601768493652344 -0.17535400390625 0.198959350585938
0.00862693786621094 -0.00789833068847656 0.0397186279296875 0.183258056640625
0.00813865661621094 -0.0156316757202148 0.162628173828125 0.0775604248046875
0.0195465087890625 -0.0115642547607422 -0.156646728515625 -0.0938568115234375
0.0106067657470703 -0.00318336486816406 -0.03497314453125 -0.191436767578125
0.0206680297851563 0.00447273254394531 0.185272216796875 -0.17755126953125
0.00799274444580078 0.0152807235717773 0.367706298828125 0.026611328125
-0.0161590576171875 0.00248146057128906 0.20849609375 0.374542236328125
-0.0076761245727539 -0.0165519714355469 -0.153045654296875 0.459259033203125
-0.00469589233398438 0.0115022659301758 -0.29119873046875 0.1983642578125
0.00162124633789063 0.0227546691894531 0.00892257690429688 0.0274410247802734
-0.00396442413330078 0.0167398452758789 0.339447021484375 -0.191131591796875
0.00674057006835938 0.0103702545166016 0.181854248046875 -0.48431396484375
0.000291347503662109 0.00754308700561523 -0.272125244140625 -0.35302734375
-0.00157427787780762 0.00316810607910156 -0.354766845703125 0.0272216796874999
0.0136375427246094 0.00157928466796875 -0.169952392578125 0.20269775390625
0.00725984573364258 -0.00588178634643555 0.043548583984375 0.182525634765625
0.00687789916992187 -0.0136594772338867 0.162887573242188 0.075958251953125
0.0192813873291016 -0.00864410400390625 -0.156509399414062 -0.0955963134765625
0.00947093963623047 0.00051116943359375 -0.030731201171875 -0.191848754882812
0.018829345703125 0.00669097900390625 0.191696166992188 -0.174575805664062
0.00608730316162109 0.0147247314453125 0.368377685546875 0.035186767578125
-0.0158061981201172 -0.0012216567993164 0.20263671875 0.382049560546875
-0.00387001037597656 -0.0208930969238281 -0.16156005859375 0.45404052734375
0.00121641159057617 0.00857639312744141 -0.289306640625 0.19110107421875
0.00887298583984375 0.0214996337890625 0.0159530639648437 0.0251731872558594
0.00180721282958984 0.0138311386108398 0.338287353515625 -0.1990966796875
0.00929832458496094 0.00495529174804688 0.170501708984375 -0.487030029296875
0.000128030776977539 0.00370025634765625 -0.281951904296875 -0.344207763671875
-0.00342130661010742 0.00277876853942871 -0.352996826171875 0.0362548828125
0.0121650695800781 0.00273799896240234 -0.164459228515625 0.206207275390625
0.00658369064331055 -0.00307846069335938 0.0462799072265625 0.182876586914063
0.00610923767089844 -0.0110616683959961 0.163864135742188 0.0763702392578125
0.0174655914306641 -0.00496768951416016 -0.156570434570313 -0.09588623046875
0.00939750671386719 0.003662109375 -0.0288848876953125 -0.191360473632812
0.0167446136474609 0.00932025909423828 0.194732666015625 -0.17138671875
0.00363922119140625 0.0142440795898438 0.370025634765625 0.042999267578125
-0.0159702301025391 -0.00570774078369141 0.195709228515625 0.38702392578125
0.000387191772460936 -0.0263118743896484 -0.1689453125 0.452606201171875
0.00842571258544922 0.00507116317749023 -0.28985595703125 0.18658447265625
0.0166912078857422 0.0210952758789063 0.0200958251953125 0.0238552093505859
0.00897789001464844 0.0102939605712891 0.33935546875 -0.202911376953125
0.0124235153198242 -0.000790596008300781 0.162322998046875 -0.487945556640625
-0.00032535195350647 -0.000407785177230835 -0.286529541015625 -0.338836669921875
-0.00496864318847656 0.00333738327026367 -0.349945068359375 0.041961669921875
0.00958442687988281 0.00410079956054688 -0.160125732421875 0.20806884765625
0.00488662719726563 -6.96182250976563E-05 0.04827880859375 0.182769775390625
0.00461196899414062 -0.00670623779296875 0.163986206054688 0.07574462890625
0.0155344009399414 -0.00103950500488281 -0.155853271484375 -0.0970306396484375
0.00934791564941406 0.00675296783447266 -0.0272064208984375 -0.191009521484375
0.0148506164550781 0.0111055374145508 0.197402954101563 -0.169876098632813
0.00109195709228516 0.0137872695922852 0.369384765625 0.046142578125
-0.0159997940063477 -0.00957584381103516 0.193572998046875 0.390960693359375
0.00476264953613281 -0.0322952270507812 -0.172027587890625 0.45086669921875
0.016514778137207 0.00160694122314453 -0.2913818359375 0.184326171875
0.0269241333007812 0.0207271575927734 0.0198154449462891 0.0232715606689453
0.0171451568603516 0.0069580078125 0.33721923828125 -0.20379638671875
0.0154876708984375 -0.0069732666015625 0.1580810546875 -0.4891357421875
-0.000934839248657227 -0.00431513786315918 -0.289398193359375 -0.335052490234375
-0.00734901428222656 0.00362968444824219 -0.350860595703125 0.04437255859375
0.0077056884765625 0.00569295883178711 -0.15924072265625 0.209213256835938
0.00394701957702637 0.00274348258972168 0.0484161376953125 0.183624267578125
0.00289177894592285 -0.00270938873291016 0.16485595703125 0.0767974853515625
0.013392448425293 0.00251388549804687 -0.155532836914062 -0.095947265625
0.00933170318603516 0.00905609130859375 -0.0285797119140625 -0.189971923828125
0.012420654296875 0.0123805999755859 0.194915771484375 -0.168670654296875
-0.000365257263183593 0.0134401321411133 0.366973876953125 0.046844482421875
-0.0162029266357422 -0.0134305953979492 0.191864013671875 0.3909912109375
0.0084075927734375 -0.0372505187988281 -0.1728515625 0.451507568359375
0.0244159698486328 -0.001617431640625 -0.29388427734375 0.18536376953125
0.0361289978027344 0.0202789306640625 0.0162544250488281 0.0242176055908203
0.0247917175292969 0.00364494323730469 0.3355712890625 -0.20001220703125
0.0191097259521484 -0.0118064880371094 0.158843994140625 -0.484100341796875
-0.00160503387451172 -0.00769758224487305 -0.287689208984375 -0.336151123046875
-0.00911712646484375 0.0034942626953125 -0.3507080078125 0.04412841796875
0.00574064254760742 0.00679397583007812 -0.161651611328125 0.207931518554688
0.0036773681640625 0.0051426887512207 0.048248291015625 0.1842041015625
0.0011981725692749 0.00100052356719971 0.164779663085938 0.07659912109375
0.0126419067382813 0.00508403778076172 -0.15521240234375 -0.0959930419921875
0.00876617431640625 0.00992965698242188 -0.0304718017578125 -0.189102172851563
0.0114345550537109 0.0130376815795898 0.191970825195312 -0.16925048828125
-0.00137901306152344 0.0129270553588867 0.36456298828125 0.042327880859375
-0.0163946151733398 -0.0151090621948242 0.1961669921875 0.387969970703125
0.0102653503417969 -0.0410270690917969 -0.167816162109375 0.453338623046875
0.0296459197998047 -0.00389480590820312 -0.295501708984375 0.18865966796875
0.0433578491210938 0.019866943359375 0.00933456420898438 0.0255699157714844
0.0308666229248047 0.00199127197265625 0.332183837890625 -0.1944580078125
0.0209770202636719 -0.0156898498535156 0.16448974609375 -0.480804443359375
-0.00211143493652344 -0.0104703903198242 -0.28411865234375 -0.339447021484375
-0.0102396011352539 0.00369453430175782 -0.35247802734375 0.03955078125
0.00474023818969727 0.00771379470825195 -0.165481567382813 0.207138061523438
0.00378704071044922 0.0066227912902832 0.0459442138671875 0.1846923828125
0.00094294548034668 0.00407862663269043 0.164932250976563 0.0780792236328125
0.0115032196044922 0.00649261474609375 -0.15399169921875 -0.0942840576171875
0.00999164581298828 0.00972652435302735 -0.0342559814453125 -0.188735961914063
0.0113058090209961 0.0130634307861328 0.187469482421875 -0.17205810546875
-0.00124645233154297 0.0129079818725586 0.36297607421875 0.033905029296875
-0.0168085098266602 -0.0156955718994141 0.200958251953125 0.382080078125
0.0101394653320312 -0.0427780151367188 -0.161346435546875 0.460723876953125
0.0325202941894531 -0.0055999755859375 -0.2982177734375 0.1964111328125
0.04754638671875 0.0200157165527344 0.00091171264648438 0.0283660888671875
0.0350399017333984 0.001373291015625 0.331298828125 -0.187286376953125
0.02337646484375 -0.0162792205810547 0.17242431640625 -0.479644775390625
-0.00259971618652344 -0.0115566253662109 -0.278472900390625 -0.34735107421875
-0.0102024078369141 0.0034952163696289 -0.356292724609375 0.0328369140625
0.00445842742919922 0.00829744338989258 -0.170700073242187 0.205230712890625
0.00420951843261719 0.00643014907836914 0.0429229736328125 0.185272216796875
0.000955581665039062 0.00581598281860351 0.163650512695312 0.0783538818359375
0.0213279724121094 -0.0150814056396484 -0.159027099609375 -0.0904998779296875
0.0111026763916016 -0.00577735900878906 -0.042694091796875 -0.189895629882813
0.0224151611328125 0.00250244140625 0.17681884765625 -0.184097290039063
0.00989913940429688 0.0148849487304688 0.366973876953125 0.0103759765625
-0.0160312652587891 0.00576877593994141 0.223846435546875 0.364471435546875
-0.010411262512207 -0.0126533508300781 -0.134918212890625 0.465362548828125
-0.00725269317626953 0.0131912231445313 -0.290283203125 0.2115478515625
-0.000701904296875002 0.02264404296875 0.000534057617187501 0.0309944152832031
-0.00702476501464844 0.0190181732177734 0.338043212890625 -0.186370849609375
0.00492763519287109 0.0131292343139648 0.186859130859375 -0.484588623046875
0.000144004821777343 0.00984764099121094 -0.271209716796875 -0.360107421875
-0.000365972518920898 0.00295019149780273 -0.358795166015625 0.0236511230468751
0.0154829025268555 0.000123023986816406 -0.172775268554688 0.201797485351562
0.00885105133056641 -0.00824260711669922 0.042449951171875 0.183609008789063
0.00779056549072266 -0.0158815383911133 0.16387939453125 0.0751953125
0.0193805694580078 -0.0122852325439453 -0.158981323242188 -0.09149169921875
0.0108203887939453 -0.00314140319824219 -0.0380401611328125 -0.190994262695313
0.0209751129150391 0.00448989868164062 0.18365478515625 -0.180618286132813
0.00831317901611328 0.014857292175293 0.369232177734375 0.021820068359375
-0.0163440704345703 0.00274848937988281 0.214874267578125 0.3731689453125
-0.00810718536376954 -0.0160589218139648 -0.146820068359375 0.4610595703125
-0.00418949127197266 0.0114612579345703 -0.289215087890625 0.203155517578125
0.00226593017578125 0.022125244140625 0.00895881652832031 0.0281181335449219
-0.00373172760009766 0.0167427062988281 0.3394775390625 -0.196258544921875
0.00702667236328125 0.0101852416992188 0.17547607421875 -0.48828125
-9.72747802734376E-05 0.00733232498168945 -0.27935791015625 -0.349456787109375
-0.00112795829772949 0.00336027145385742 -0.355712890625 0.032501220703125
0.0141143798828125 0.00109958648681641 -0.167221069335938 0.205062866210938
0.00755167007446289 -0.00618886947631836 0.0460662841796875 0.181793212890625
0.00680446624755859 -0.0134906768798828 0.164962768554688 0.0738525390625
0.0188961029052734 -0.00948905944824219 -0.158645629882813 -0.092864990234375
0.00992870330810547 -3.814697265625E-06 -0.03460693359375 -0.191574096679688
0.0192852020263672 0.00642967224121094 0.1895751953125 -0.177474975585937
0.00578784942626953 0.0141239166259766 0.370941162109375 0.030059814453125
-0.0163412094116211 -0.000901222229003906 0.20758056640625 0.379974365234375
-0.00452041625976563 -0.0211563110351563 -0.15521240234375 0.4581298828125
0.00105142593383789 0.00802373886108398 -0.288421630859375 0.196044921875
0.00914764404296875 0.0216274261474609 0.0159931182861328 0.0253562927246094
0.002471923828125 0.0142250061035156 0.3389892578125 -0.20367431640625
0.00971889495849609 0.00484371185302734 0.164886474609375 -0.49139404296875
0.000264167785644531 0.00400924682617188 -0.286712646484375 -0.341278076171875
-0.00354957580566406 0.00357913970947266 -0.353118896484375 0.041351318359375
0.0115890502929687 0.00242328643798828 -0.161239624023437 0.208816528320313
0.00572729110717773 -0.00288820266723633 0.0488128662109375 0.182693481445313
0.00570297241210937 -0.0106592178344727 0.166168212890625 0.0735321044921875
0.0171222686767578 -0.00520992279052734 -0.158798217773438 -0.0936126708984375
0.00941658020019531 0.00322914123535156 -0.03265380859375 -0.19085693359375
0.0168428421020508 0.00874710083007813 0.19287109375 -0.174240112304688
0.00378608703613281 0.0135641098022461 0.3714599609375 0.036956787109375
-0.0160942077636719 -0.00541496276855469 0.202850341796875 0.38616943359375
-0.000736236572265628 -0.0268535614013672 -0.163330078125 0.455841064453125
0.00828886032104492 0.0046844482421875 -0.288909912109375 0.191131591796875
0.0175838470458984 0.0205345153808594 0.0203208923339844 0.0240268707275391
0.00931358337402344 0.010380744934082 0.3377685546875 -0.207427978515625
0.0125951766967773 -0.000860214233398437 0.15618896484375 -0.4932861328125
-0.0001220703125 -0.000696778297424317 -0.291717529296875 -0.335968017578125
-0.00531005859375 0.00337553024291992 -0.35076904296875 0.04766845703125
0.00968647003173828 0.00389862060546875 -0.157745361328125 0.210968017578125
0.00468826293945313 -0.000276088714599609 0.0515899658203125 0.182052612304688
0.00400638580322266 -0.00627851486206055 0.166061401367187 0.073272705078125
0.015437126159668 -0.00118637084960938 -0.158676147460938 -0.0945281982421875
0.00907516479492188 0.0065460205078125 -0.030975341796875 -0.191207885742188
0.0148153305053711 0.0104770660400391 0.195022583007813 -0.17340087890625
0.00175094604492188 0.0133275985717773 0.37109375 0.0404052734375
-0.0163412094116211 -0.00972747802734375 0.19989013671875 0.388427734375
0.00380134582519531 -0.0322494506835938 -0.16650390625 0.455078125
0.0166378021240234 0.00165367126464844 -0.289764404296875 0.18817138671875
0.0274124145507813 0.0201187133789063 0.01983642578125 0.0237808227539063
0.0179309844970703 0.00687789916992187 0.334686279296875 -0.208740234375
0.0161590576171875 -0.00699424743652344 0.15057373046875 -0.49176025390625
-0.00143671035766602 -0.00451517105102539 -0.295562744140625 -0.33233642578125
-0.00721549987792969 0.0039215087890625 -0.351348876953125 0.050018310546875
0.00767326354980469 0.00528478622436523 -0.156753540039063 0.211837768554687
0.00395011901855469 0.00285029411315918 0.051361083984375 0.183578491210937
0.00283718109130859 -0.00221610069274902 0.166549682617188 0.0745849609375
0.013493537902832 0.00220012664794922 -0.15802001953125 -0.0941314697265625
0.00902748107910156 0.00899982452392578 -0.031463623046875 -0.189102172851563
0.0126419067382813 0.0122203826904297 0.193405151367187 -0.1715087890625
-9.15527343749991E-05 0.0125217437744141 0.368499755859375 0.04095458984375
-0.0164785385131836 -0.0129575729370117 0.198150634765625 0.388885498046875
0.00712203979492188 -0.0376205444335938 -0.167510986328125 0.4549560546875
0.0238723754882813 -0.00200462341308594 -0.29254150390625 0.18914794921875
0.0368576049804688 0.0194549560546875 0.0161647796630859 0.0241832733154297
0.0249176025390625 0.00371170043945312 0.334320068359375 -0.20556640625
0.0186252593994141 -0.0118179321289063 0.1534423828125 -0.488739013671875
-0.00167608261108399 -0.0080108642578125 -0.29254150390625 -0.332122802734375
-0.00849246978759765 0.00410079956054687 -0.3514404296875 0.04864501953125
0.00602293014526367 0.00683212280273438 -0.158432006835937 0.211212158203125
0.00346803665161133 0.00494241714477539 0.050750732421875 0.183639526367188
0.00094902515411377 0.00149035453796387 0.16644287109375 0.074737548828125
0.0124998092651367 0.00475692749023438 -0.157455444335938 -0.0938262939453125
0.00949382781982422 0.0100536346435547 -0.0333709716796875 -0.18939208984375
0.011815071105957 0.0127239227294922 0.18988037109375 -0.172500610351563
-0.00103664398193359 0.0128116607666016 0.36639404296875 0.0369873046875
-0.0166053771972656 -0.015294075012207 0.20257568359375 0.384307861328125
0.00920486450195313 -0.0408096313476563 -0.162384033203125 0.456024169921875
0.0296955108642578 -0.00491905212402344 -0.29437255859375 0.193206787109375
0.0440635681152344 0.0190925598144531 0.00971031188964844 0.0260963439941406
0.0318031311035156 0.0018157958984375 0.3316650390625 -0.199493408203125
0.0214309692382813 -0.0154228210449219 0.158416748046875 -0.48443603515625
-0.00258064270019531 -0.0103864669799805 -0.290069580078125 -0.3359375
-0.00981044769287109 0.00438690185546875 -0.353546142578125 0.0448608398437501
0.00457668304443359 0.00764942169189453 -0.162185668945313 0.20965576171875
0.00402402877807617 0.00632476806640625 0.0490570068359375 0.185272216796875
0.000306129455566407 0.00428271293640137 0.166748046875 0.074951171875
0.0118627548217773 0.00608062744140625 -0.156768798828125 -0.092437744140625
0.0100088119506836 0.00942325592041016 -0.037445068359375 -0.188018798828125
0.0115156173706055 0.0131282806396484 0.185165405273437 -0.174896240234375
-0.00153160095214844 0.0127067565917969 0.36456298828125 0.0281982421875
-0.0175333023071289 -0.0152244567871094 0.207733154296875 0.380340576171875
0.00941085815429688 -0.0431480407714844 -0.155517578125 0.462158203125
0.0326690673828125 -0.0061492919921875 -0.29693603515625 0.200836181640625
0.0482254028320313 0.0191917419433594 0.00143051147460938 0.0284919738769531
0.0354728698730469 0.0012664794921875 0.32989501953125 -0.1923828125
0.0230712890625 -0.0164051055908203 0.16650390625 -0.482269287109375
-0.00259685516357422 -0.0117864608764648 -0.283721923828125 -0.343658447265625
-0.0102968215942383 0.00392723083496094 -0.356964111328125 0.0382080078125
0.00448703765869141 0.00781106948852539 -0.167724609375 0.207260131835937
0.00397205352783203 0.00602626800537109 0.0460205078125 0.185089111328125
0.000678062438964844 0.00607109069824219 0.16632080078125 0.07586669921875
0.0207271575927734 -0.0148773193359375 -0.16070556640625 -0.087738037109375
0.0110921859741211 -0.00596332550048828 -0.0459136962890625 -0.1890869140625
0.0225811004638672 0.00220108032226563 0.174118041992188 -0.18756103515625
0.00987339019775391 0.0145015716552734 0.36676025390625 0.00482177734375
-0.0166311264038086 0.00594234466552735 0.230926513671875 0.362579345703125
-0.01092529296875 -0.0125036239624023 -0.127044677734375 0.467681884765625
-0.00731563568115234 0.0131988525390625 -0.28729248046875 0.21551513671875
-0.000314712524414061 0.0228137969970703 0.000623703002929688 0.0314884185791016
-0.00597572326660156 0.0194225311279297 0.33563232421875 -0.19146728515625
0.00538730621337891 0.0130367279052734 0.180145263671875 -0.487548828125
0.000621795654296875 0.00980472564697266 -0.277374267578125 -0.35528564453125
-7.31945037841798E-05 0.00333595275878906 -0.3590087890625 0.029052734375
0.0158147811889648 -8.48770141601563E-05 -0.169464111328125 0.20477294921875
0.00853633880615234 -0.0084996223449707 0.045257568359375 0.183578491210938
0.007049560546875 -0.0156221389770508 0.166000366210938 0.0721588134765625
0.0193328857421875 -0.0125293731689453 -0.160858154296875 -0.08837890625
0.0106039047241211 -0.00319576263427734 -0.041748046875 -0.189697265625
0.0210208892822266 0.00394439697265625 0.180953979492188 -0.183319091796875
0.00866317749023438 0.0143375396728516 0.370391845703125 0.01666259765625
-0.016819953918457 0.00274658203125 0.221435546875 0.370849609375
-0.00864124298095703 -0.0158071517944336 -0.1400146484375 0.463836669921875
-0.00440883636474609 0.0110273361206055 -0.287109375 0.207305908203125
0.00340843200683594 0.0220890045166016 0.00943565368652343 0.0280799865722656
-0.00312995910644531 0.0174474716186523 0.336181640625 -0.200347900390625
0.00702381134033203 0.0100240707397461 0.169158935546875 -0.492706298828125
0.000293254852294922 0.00705146789550781 -0.28448486328125 -0.345977783203125
-0.0014646053314209 0.00359201431274414 -0.3553466796875 0.0384521484374999
0.0136899948120117 0.00108718872070313 -0.163864135742188 0.20751953125
0.00709629058837891 -0.00653076171875 0.0493316650390625 0.181838989257813
0.00600910186767578 -0.013519287109375 0.166259765625 0.0713043212890625
0.0187625885009766 -0.00999069213867187 -0.160842895507813 -0.09051513671875
0.00938129425048828 0.000247955322265625 -0.0385589599609375 -0.19073486328125
0.0193347930908203 0.00595855712890625 0.187057495117188 -0.1802978515625
0.00651931762695313 0.0139999389648437 0.371795654296875 0.024627685546875
-0.0167179107666016 -0.00066471099853516 0.21417236328125 0.37799072265625
-0.00504112243652344 -0.0209541320800781 -0.148468017578125 0.4595947265625
0.00119352340698242 0.00802087783813477 -0.2862548828125 0.199920654296875
0.0095367431640625 0.0211048126220703 0.0160865783691406 0.0259456634521484
0.00282001495361328 0.0142698287963867 0.335693359375 -0.20855712890625
0.00976085662841797 0.00463676452636719 0.1568603515625 -0.494903564453125
0.000386476516723633 0.00351214408874512 -0.2918701171875 -0.337554931640625
-0.00302577018737793 0.00370573997497559 -0.3525390625 0.0468749999999999
0.0123872756958008 0.00209903717041016 -0.158187866210937 0.21136474609375
0.00583791732788086 -0.00380325317382813 0.0522003173828125 0.18218994140625
0.00515174865722656 -0.0103073120117188 0.167388916015625 0.0706329345703125
0.0164661407470703 -0.00564956665039063 -0.16064453125 -0.0911102294921875
0.00981235504150391 0.00365924835205078 -0.03558349609375 -0.19049072265625
0.0168027877807617 0.00821399688720703 0.190948486328125 -0.177932739257812
0.00457572937011719 0.0137691497802734 0.372467041015625 0.030853271484375
-0.0167179107666016 -0.00522327423095703 0.2091064453125 0.384063720703125
-0.0013885498046875 -0.0266304016113281 -0.157501220703125 0.457977294921875
0.00844478607177734 0.00435829162597656 -0.287261962890625 0.19512939453125
0.0184669494628906 0.0200767517089844 0.0202198028564453 0.0242176055908203
0.0101604461669922 0.0108346939086914 0.333831787109375 -0.212493896484375
0.0129728317260742 -0.00106143951416016 0.149139404296875 -0.4964599609375
-0.000259488821029663 -0.000378638505935669 -0.298004150390625 -0.331634521484375
-0.00522756576538086 0.00388383865356445 -0.350494384765625 0.052886962890625
0.00974464416503906 0.00392055511474609 -0.154510498046875 0.213836669921875
0.00467729568481445 -0.000145912170410156 0.0548095703125 0.181900024414063
0.00379705429077148 -0.00655794143676758 0.167510986328125 0.07073974609375
0.0152692794799805 -0.00156974792480469 -0.160324096679688 -0.09185791015625
0.00890731811523438 0.00699996948242188 -0.0343017578125 -0.190460205078125
0.0148544311523438 0.010066032409668 0.192459106445312 -0.175933837890625
0.00226020812988281 0.012843132019043 0.37396240234375 0.03497314453125
-0.016383171081543 -0.00922107696533204 0.2059326171875 0.386444091796875
0.00236320495605469 -0.0321445465087891 -0.159912109375 0.457855224609375
0.0161457061767578 0.000781059265136719 -0.287628173828125 0.192901611328125
0.0280284881591797 0.0194854736328125 0.0201759338378906 0.0236759185791016
0.0180225372314453 0.00634384155273438 0.33251953125 -0.212982177734375
0.0157928466796875 -0.00723457336425781 0.144500732421875 -0.494903564453125
-0.00113773345947266 -0.00472068786621094 -0.29986572265625 -0.32855224609375
-0.00704097747802734 0.00395441055297852 -0.350860595703125 0.0551452636718749
0.00742864608764649 0.00527429580688477 -0.153167724609375 0.214706420898437
0.00375556945800781 0.00249218940734863 0.0547637939453125 0.183334350585938
0.00254487991333008 -0.00253725051879883 0.168472290039062 0.07135009765625
0.0131425857543945 0.00246620178222656 -0.159896850585937 -0.090911865234375
0.00939178466796875 0.00882148742675781 -0.034942626953125 -0.1893310546875
0.0132961273193359 0.0115852355957031 0.190643310546875 -0.174514770507813
0.000374794006347656 0.0128240585327148 0.3699951171875 0.035308837890625
-0.0167579650878906 -0.0131292343139648 0.204620361328125 0.38751220703125
0.00630950927734375 -0.0377159118652344 -0.16156005859375 0.458160400390625
0.0236263275146484 -0.00238418579101563 -0.29058837890625 0.193328857421875
0.0369682312011719 0.01934814453125 0.0162220001220703 0.0245628356933594
0.0257415771484375 0.003204345703125 0.331268310546875 -0.210174560546875
0.0188369750976563 -0.0121059417724609 0.146820068359375 -0.49200439453125
-0.00152301788330078 -0.00785017013549805 -0.298065185546875 -0.328704833984375
-0.00853300094604492 0.00433206558227539 -0.351226806640625 0.0547180175781251
0.00540447235107422 0.00667572021484375 -0.155593872070313 0.2138671875
0.00356149673461914 0.00487232208251953 0.0541534423828125 0.183624267578125
0.00143682956695557 0.00157642364501953 0.168258666992188 0.071746826171875
0.01239013671875 0.00468349456787109 -0.159530639648438 -0.0915069580078125
0.00930881500244141 0.00989532470703125 -0.037322998046875 -0.188323974609375
0.0117731094360352 0.0129222869873047 0.187225341796875 -0.176040649414063
-0.000768661499023438 0.0124855041503906 0.36798095703125 0.031341552734375
-0.0169048309326172 -0.0150241851806641 0.20928955078125 0.38311767578125
0.00801467895507813 -0.0408935546875 -0.155242919921875 0.459686279296875
0.0294437408447266 -0.00498199462890625 -0.292755126953125 0.19671630859375
0.0444412231445313 0.0181159973144531 0.0100364685058594 0.0265235900878906
0.0321483612060547 0.000856399536132813 0.328948974609375 -0.204437255859375
0.0214328765869141 -0.0160865783691406 0.151519775390625 -0.488494873046875
-0.00224113464355469 -0.0103588104248047 -0.29571533203125 -0.331878662109375
-0.00972557067871094 0.00436592102050781 -0.353363037109375 0.0506591796875001
0.00478410720825195 0.00751113891601562 -0.159317016601563 0.212158203125
0.00364351272583008 0.00584983825683594 0.0518798828125 0.184616088867188
0.000838279724121094 0.00492048263549805 0.1683349609375 0.0728759765625
0.0120115280151367 0.00604724884033203 -0.159133911132812 -0.0900115966796875
0.010340690612793 0.00940036773681641 -0.040802001953125 -0.187179565429688
0.011566162109375 0.0126104354858398 0.182998657226562 -0.17840576171875
-0.000765800476074219 0.0124721527099609 0.36663818359375 0.02325439453125
-0.017547607421875 -0.0149774551391602 0.214569091796875 0.37872314453125
0.00860595703125 -0.0428810119628906 -0.149200439453125 0.46588134765625
0.0318336486816406 -0.00664710998535156 -0.294586181640625 0.205810546875
0.0485725402832031 0.01837158203125 0.00146293640136719 0.02886962890625
0.0359420776367188 0.0004730224609375 0.326690673828125 -0.197540283203125
0.0231800079345703 -0.0166034698486328 0.1600341796875 -0.4864501953125
-0.00260448455810547 -0.0114593505859375 -0.28924560546875 -0.3404541015625
-0.00992107391357422 0.00370121002197266 -0.35693359375 0.0437927246093751
0.00491762161254883 0.00766801834106445 -0.164642333984375 0.2100830078125
0.00407648086547852 0.00595617294311523 0.0486907958984375 0.18499755859375
0.000582218170166015 0.00620412826538086 0.16766357421875 0.07318115234375
0.0206031799316406 -0.0155220031738281 -0.162765502929687 -0.0851898193359375
0.01055908203125 -0.00616264343261719 -0.0496368408203125 -0.188201904296875
0.0226936340332031 0.00157356262207031 0.170761108398437 -0.190032958984375
0.0102958679199219 0.0143823623657227 0.366180419921875 -0.000122070312499999
-0.0161905288696289 0.0062103271484375 0.23553466796875 0.358612060546875
-0.0116252899169922 -0.0119543075561523 -0.12066650390625 0.468109130859375
-0.00684070587158203 0.0126829147338867 -0.283843994140625 0.220550537109375
0.000173568725585939 0.0220775604248047 0.0007781982421875 0.0317726135253906
-0.00566864013671875 0.0196266174316406 0.331512451171875 -0.196441650390625
0.00569629669189453 0.0132961273193359 0.173004150390625 -0.49066162109375
0.000527381896972656 0.00957298278808594 -0.28143310546875 -0.350799560546875
3.69548797607422E-05 0.00356459617614746 -0.357818603515625 0.0344543457031251
0.0156116485595703 -0.000264167785644531 -0.16632080078125 0.206558227539062
0.00820016860961914 -0.00873041152954102 0.0482330322265625 0.182144165039063
0.00734519958496094 -0.015498161315918 0.16693115234375 0.0692901611328125
0.0189743041992188 -0.0131950378417969 -0.16253662109375 -0.086151123046875
0.0102624893188477 -0.00318622589111328 -0.0450592041015625 -0.18865966796875
0.0210361480712891 0.0033111572265625 0.178176879882813 -0.185653686523438
0.00872325897216797 0.0139989852905273 0.369384765625 0.010009765625
-0.0167646408081055 0.003204345703125 0.22650146484375 0.36724853515625
-0.00957489013671875 -0.0154523849487305 -0.133636474609375 0.4658203125
-0.00456142425537109 0.0113000869750977 -0.28411865234375 0.21136474609375
0.00354576110839844 0.0217475891113281 0.00951957702636719 0.02850341796875
-0.00239753723144531 0.0173540115356445 0.333099365234375 -0.205413818359375
0.00754833221435547 0.0101814270019531 0.1617431640625 -0.49395751953125
0.000713825225830077 0.00725793838500977 -0.28936767578125 -0.341644287109375
-0.00133800506591797 0.00335550308227539 -0.354400634765625 0.043853759765625
0.0138120651245117 0.000832557678222656 -0.160400390625 0.20965576171875
0.0073094367980957 -0.00634336471557617 0.0522918701171875 0.180938720703125
0.00583267211914062 -0.0133037567138672 0.1676025390625 0.068267822265625
0.0182266235351563 -0.00997543334960938 -0.162277221679688 -0.0877685546875
0.00974750518798828 -0.000233650207519531 -0.0414886474609375 -0.189498901367188
0.0198211669921875 0.00541496276855469 0.184249877929688 -0.1829833984375
0.00676536560058594 0.0133066177368164 0.372955322265625 0.018218994140625
-0.016693115234375 -0.000685691833496096 0.2205810546875 0.375274658203125
-0.00620651245117187 -0.0203685760498047 -0.142059326171875 0.462554931640625
0.00110673904418945 0.00816822052001953 -0.283447265625 0.203460693359375
0.0104446411132813 0.0208969116210938 0.0161647796630859 0.0259952545166016
0.00344276428222656 0.0143632888793945 0.331695556640625 -0.212066650390625
0.0103034973144531 0.00472164154052734 0.150360107421875 -0.49688720703125
0.000533580780029297 0.00351595878601074 -0.295989990234375 -0.33355712890625
-0.00273609161376953 0.00395393371582031 -0.351318359375 0.0517578125000001
0.0120534896850586 0.00196361541748047 -0.154220581054688 0.213638305664063
0.00600957870483398 -0.00372600555419922 0.0549163818359375 0.181869506835938
0.00516510009765625 -0.0103769302368164 0.168609619140625 0.068023681640625
0.0168781280517578 -0.00559329986572266 -0.16265869140625 -0.088104248046875
0.00930023193359375 0.00313472747802734 -0.0390625 -0.189437866210937
0.0173444747924805 0.00791740417480469 0.187484741210938 -0.180648803710938
0.00453376770019531 0.0132083892822266 0.372528076171875 0.0263671875
-0.0170326232910156 -0.00487327575683593 0.214569091796875 0.380218505859375
-0.00230216979980469 -0.0263404846191406 -0.15069580078125 0.459320068359375
0.0079197883605957 0.0040287971496582 -0.283660888671875 0.198272705078125
0.0189437866210938 0.0200271606445313 0.0203113555908203 0.0240802764892578
0.0103588104248047 0.0105438232421875 0.33123779296875 -0.21661376953125
0.0124626159667969 -0.00115013122558594 0.142242431640625 -0.498199462890625
-0.00043255090713501 -0.000502645969390869 -0.3018798828125 -0.326507568359375
-0.00512075424194336 0.00369930267333984 -0.34906005859375 0.057891845703125
0.0095529556274414 0.00349235534667969 -0.151077270507813 0.215423583984375
0.00483798980712891 -0.000715732574462891 0.0574188232421875 0.180999755859375
0.0036931037902832 -0.00620937347412109 0.169387817382813 0.0676422119140625
0.0150861740112305 -0.00177574157714844 -0.162429809570313 -0.0896148681640625
0.00907039642333985 0.00609111785888672 -0.0379180908203125 -0.189163208007813
0.0149192810058594 0.0094442367553711 0.190078735351562 -0.178878784179688
0.0022439956665039 0.012232780456543 0.37384033203125 0.02978515625
-0.0169715881347656 -0.00935649871826172 0.211456298828125 0.38336181640625
0.00142669677734375 -0.0319576263427734 -0.153106689453125 0.45965576171875
0.0157985687255859 0.000912666320800781 -0.285247802734375 0.196441650390625
0.0285625457763672 0.0186939239501953 0.0202693939208984 0.0239925384521484
0.0186042785644531 0.0062255859375 0.32916259765625 -0.21746826171875
0.0161571502685547 -0.00744056701660156 0.13739013671875 -0.497161865234375
-0.001190185546875 -0.00456857681274414 -0.30426025390625 -0.3236083984375
-0.00689125061035156 0.00453281402587891 -0.349945068359375 0.0607604980468751
0.00778722763061524 0.00520563125610352 -0.149520874023438 0.216140747070312
0.0041356086730957 0.0023341178894043 0.0577850341796875 0.182830810546875
0.00284218788146973 -0.00223708152770996 0.169509887695312 0.0685577392578125
0.0132160186767578 0.00188350677490234 -0.1614990234375 -0.088104248046875
0.00920677185058594 0.00867080688476563 -0.0382232666015625 -0.1876220703125
0.0133285522460937 0.0112323760986328 0.188629150390625 -0.177322387695312
0.000746726989746095 0.0120134353637695 0.370697021484375 0.0294189453125
-0.0170688629150391 -0.0131416320800781 0.209869384765625 0.383331298828125
0.0052947998046875 -0.0373077392578125 -0.15472412109375 0.46044921875
0.0237560272216797 -0.00283050537109375 -0.28802490234375 0.197235107421875
0.0375556945800781 0.0180091857910156 0.0168838500976563 0.0247726440429688
0.0261192321777344 0.00320625305175781 0.32806396484375 -0.21429443359375
0.0191020965576172 -0.0123653411865234 0.139617919921875 -0.493682861328125
-0.00195217132568359 -0.00810527801513672 -0.30364990234375 -0.323455810546875
-0.00852823257446289 0.00452518463134765 -0.349700927734375 0.05975341796875
0.005706787109375 0.00650167465209961 -0.151687622070312 0.215164184570313
0.00382804870605469 0.00443840026855469 0.057220458984375 0.18231201171875
0.00127327442169189 0.00216782093048096 0.169784545898437 0.0687408447265625
0.0119724273681641 0.00470829010009766 -0.161148071289063 -0.0887603759765625
0.00963020324707031 0.00987625122070313 -0.040679931640625 -0.187225341796875
0.0119905471801758 0.0118579864501953 0.185089111328125 -0.17840576171875
-0.000433921813964844 0.0120716094970703 0.368316650390625 0.025146484375
-0.0174846649169922 -0.0147943496704102 0.214324951171875 0.3802490234375
0.0072784423828125 -0.0410308837890625 -0.149444580078125 0.46112060546875
0.0289421081542969 -0.00531768798828125 -0.289703369140625 0.2015380859375
0.0449600219726563 0.0173721313476563 0.0103569030761719 0.0267715454101563
0.0324134826660156 0.000795364379882813 0.325653076171875 -0.208404541015625
0.0211467742919922 -0.0155982971191406 0.144195556640625 -0.490631103515625
-0.00226116180419922 -0.0104970932006836 -0.29925537109375 -0.32769775390625
-0.00950145721435547 0.00465774536132813 -0.351776123046875 0.055511474609375
0.00487327575683594 0.00754165649414062 -0.15570068359375 0.214080810546875
0.00356197357177734 0.00644254684448242 0.0551910400390625 0.183685302734375
0.000737667083740234 0.0050806999206543 0.169769287109375 0.06964111328125
0.01165771484375 0.00547027587890625 -0.160324096679688 -0.087127685546875
0.0101995468139648 0.00942611694335938 -0.0435333251953125 -0.186187744140625
0.0120201110839844 0.0119438171386719 0.180191040039063 -0.180740356445313
-0.000838279724121093 0.0121860504150391 0.36614990234375 0.017730712890625
-0.0181541442871094 -0.0150222778320313 0.2193603515625 0.375274658203125
0.007232666015625 -0.0426712036132813 -0.142608642578125 0.46630859375
0.0317726135253906 -0.00723838806152344 -0.2921142578125 0.20880126953125
0.0489921569824219 0.0175056457519531 0.00172042846679688 0.0292797088623047
0.0362281799316406 0.000270843505859375 0.32489013671875 -0.20166015625
0.0229091644287109 -0.0175685882568359 0.15252685546875 -0.487762451171875
-0.00284385681152344 -0.0119895935058594 -0.294158935546875 -0.335968017578125
-0.00980281829833984 0.00416755676269531 -0.355621337890625 0.0492553710937499
0.0048213005065918 0.00768089294433594 -0.161392211914062 0.212387084960938
0.00411844253540039 0.00576114654541016 0.051849365234375 0.1844482421875
0.000845432281494141 0.00687456130981445 0.16876220703125 0.07037353515625
0.020172119140625 -0.0158748626708984 -0.164047241210938 -0.0820465087890625
0.0105352401733398 -0.00619697570800781 -0.052276611328125 -0.186111450195313
0.0224819183349609 0.000589370727539063 0.168411254882813 -0.191482543945313
0.0108118057250977 0.0135765075683594 0.36669921875 -0.00616455078125
-0.016575813293457 0.00597763061523438 0.24029541015625 0.354461669921875
-0.0123834609985352 -0.0119256973266602 -0.113800048828125 0.468994140625
-0.00737857818603515 0.0131263732910156 -0.280731201171875 0.223236083984375
0.0009002685546875 0.02203369140625 0.00078392028808594 0.0317192077636719
-0.00511550903320312 0.0196037292480469 0.328125 -0.199859619140625
0.00613880157470703 0.0133390426635742 0.165496826171875 -0.491455078125
0.00114250183105469 0.00945663452148438 -0.286865234375 -0.345367431640625
0.000448226928710937 0.00355315208435059 -0.3568115234375 0.039764404296875
0.0154123306274414 -0.000684738159179688 -0.162841796875 0.207962036132813
0.00817394256591797 -0.00866460800170898 0.05096435546875 0.181655883789063
0.00667285919189453 -0.0149059295654297 0.168304443359375 0.0667724609375
0.0186614990234375 -0.0129909515380859 -0.163818359375 -0.0828399658203125
0.0101766586303711 -0.00342273712158203 -0.048095703125 -0.18707275390625
0.0212135314941406 0.00282669067382813 0.174942016601563 -0.187942504882813
0.00893211364746094 0.0136070251464844 0.369293212890625 0.0047607421875
-0.0167617797851562 0.00323486328125 0.2318115234375 0.36358642578125
-0.00981140136718749 -0.0152797698974609 -0.1270751953125 0.465789794921875
-0.00445175170898437 0.0112161636352539 -0.280715942382813 0.213912963867188
0.00400733947753906 0.0212440490722656 0.00957298278808594 0.0290966033935547
-0.00177955627441406 0.0177154541015625 0.329681396484375 -0.20880126953125
0.00785446166992188 0.0101480484008789 0.156097412109375 -0.49578857421875
0.00130081176757813 0.00720834732055664 -0.292877197265625 -0.33648681640625
-0.0011906623840332 0.00388050079345703 -0.35260009765625 0.0485534667968749
0.0134077072143555 0.000285148620605469 -0.156692504882813 0.211441040039062
0.00696229934692383 -0.00665187835693359 0.0552215576171875 0.179824829101563
0.00553417205810547 -0.0132942199707031 0.168670654296875 0.0651702880859375
0.0183181762695313 -0.0102481842041016 -0.163528442382813 -0.08489990234375
0.00952243804931641 -0.000619888305664063 -0.0446929931640625 -0.188430786132813
0.019683837890625 0.00467872619628906 0.180755615234375 -0.1856689453125
0.00673389434814453 0.0128402709960938 0.371734619140625 0.013214111328125
-0.0165729522705078 -0.000300407409667972 0.225494384765625 0.37127685546875
-0.00686836242675781 -0.0203418731689453 -0.135040283203125 0.462127685546875
0.000800132751464843 0.00773239135742188 -0.279266357421875 0.207183837890625
0.0106658935546875 0.0204677581787109 0.0164699554443359 0.0261058807373047
0.00425434112548828 0.0141172409057617 0.32843017578125 -0.215850830078125
0.0104942321777344 0.00452804565429688 0.142303466796875 -0.497955322265625
0.000545740127563476 0.00364303588867188 -0.300811767578125 -0.328277587890625
-0.00258970260620117 0.00383973121643066 -0.349945068359375 0.057464599609375
0.0118141174316406 0.00191020965576172 -0.1505126953125 0.214874267578125
0.00566864013671875 -0.00382900238037109 0.057525634765625 0.180038452148438
0.0052499771118164 -0.0103549957275391 0.169708251953125 0.0651702880859375
0.0165653228759766 -0.00666332244873047 -0.163345336914063 -0.085479736328125
0.00972175598144531 0.00285911560058594 -0.0421142578125 -0.188140869140625
0.0171365737915039 0.00732803344726563 0.184677124023438 -0.1826171875
0.00469684600830078 0.012791633605957 0.37255859375 0.02001953125
-0.0171480178833008 -0.00477886199951172 0.22039794921875 0.376129150390625
-0.00296401977539062 -0.0258045196533203 -0.14434814453125 0.460906982421875
0.00783538818359375 0.00421810150146484 -0.280227661132813 0.202072143554687
0.0187702178955078 0.0195178985595703 0.0197696685791016 0.0244598388671875
0.0110940933227539 0.0103855133056641 0.32781982421875 -0.220611572265625
0.0133018493652344 -0.00190353393554688 0.1348876953125 -0.49896240234375
-0.000183641910552979 -0.000811576843261719 -0.305938720703125 -0.321044921875
-0.00478124618530273 0.00389671325683594 -0.347625732421875 0.063201904296875
0.00922679901123047 0.00327968597412109 -0.147216796875 0.216949462890625
0.00440549850463867 -0.000878810882568359 0.059967041015625 0.18023681640625
0.003509521484375 -0.00605392456054688 0.16998291015625 0.064910888671875
0.0150222778320313 -0.00189113616943359 -0.163619995117187 -0.0866851806640625
0.00925636291503906 0.00604152679443359 -0.0410003662109375 -0.187896728515625
0.0149650573730469 0.00960540771484375 0.187057495117187 -0.181396484375
0.00245380401611328 0.0119924545288086 0.373504638671875 0.02349853515625
-0.0174236297607422 -0.00902462005615234 0.217437744140625 0.3800048828125
0.000854492187499999 -0.0322074890136719 -0.147125244140625 0.459014892578125
0.0160808563232422 0.000344276428222656 -0.281341552734375 0.199676513671875
0.0288944244384766 0.0184211730957031 0.0204410552978516 0.0239486694335938
0.0191268920898437 0.00658798217773437 0.325042724609375 -0.220977783203125
0.0158348083496094 -0.00755786895751953 0.130645751953125 -0.49835205078125
-0.00104618072509766 -0.00455999374389648 -0.3087158203125 -0.317718505859375
-0.00643825531005859 0.00450420379638672 -0.348052978515625 0.0661315917968751
0.00754928588867188 0.00526809692382813 -0.14617919921875 0.217620849609375
0.00351166725158691 0.00203537940979004 0.060394287109375 0.181411743164063
0.00268983840942383 -0.0019385814666748 0.170486450195313 0.065887451171875
0.0128755569458008 0.00148582458496094 -0.16290283203125 -0.085357666015625
0.00942230224609375 0.00878620147705078 -0.0412750244140625 -0.186630249023438
0.0132732391357422 0.01080322265625 0.1854248046875 -0.180130004882813
0.00057506561279297 0.0117149353027344 0.370574951171875 0.02398681640625
-0.017542839050293 -0.0129070281982422 0.215789794921875 0.378692626953125
0.00445175170898437 -0.0368766784667969 -0.147979736328125 0.461090087890625
0.0229911804199219 -0.0035858154296875 -0.284698486328125 0.200286865234375
0.0378227233886719 0.0174560546875 0.0168209075927734 0.0250167846679687
0.0266742706298828 0.002410888671875 0.323760986328125 -0.21722412109375
0.0187187194824219 -0.0125770568847656 0.131500244140625 -0.494140625
-0.00192546844482422 -0.00848054885864258 -0.306915283203125 -0.31805419921875
-0.00803089141845703 0.00434589385986328 -0.348175048828125 0.0652160644531251
0.00596904754638672 0.00630855560302734 -0.148330688476563 0.217071533203125
0.00368571281433106 0.00418472290039063 0.0595245361328125 0.180892944335938
0.00144922733306885 0.00199604034423828 0.170639038085937 0.0657501220703125
0.0121393203735352 0.00419807434082031 -0.162841796875 -0.0854644775390625
0.00956630706787109 0.00984382629394531 -0.04388427734375 -0.185958862304688
0.0121240615844727 0.0115900039672852 0.181365966796875 -0.180709838867188
-0.000531196594238281 0.0117969512939453 0.368865966796875 0.019989013671875
-0.0177154541015625 -0.0143260955810547 0.218414306640625 0.377166748046875
0.00639724731445312 -0.0404281616210938 -0.143524169921875 0.462249755859375
0.0285930633544922 -0.00621795654296875 -0.28729248046875 0.204254150390625
0.0448722839355469 0.01666259765625 0.01019287109375 0.0268497467041016
0.0325756072998047 0.000413894653320312 0.321441650390625 -0.212005615234375
0.0211391448974609 -0.0161323547363281 0.13775634765625 -0.4913330078125
-0.00251579284667969 -0.0101823806762695 -0.303436279296875 -0.3221435546875
-0.00896453857421875 0.00482082366943359 -0.35137939453125 0.06103515625
0.00535726547241211 0.00752592086791992 -0.151947021484375 0.215576171875
0.00341033935546875 0.00591707229614258 0.0576019287109375 0.1824951171875
0.000508785247802734 0.0050654411315918 0.170669555664063 0.067108154296875
0.0114688873291016 0.00537776947021484 -0.16204833984375 -0.083953857421875
0.0101785659790039 0.00884532928466797 -0.0470733642578125 -0.184173583984375
0.012181282043457 0.0116653442382813 0.176422119140625 -0.182571411132813
-0.000452041625976563 0.0116586685180664 0.3653564453125 0.011932373046875
-0.0185985565185547 -0.0147533416748047 0.22503662109375 0.37115478515625
0.00621414184570313 -0.0427169799804688 -0.136199951171875 0.468170166015625
0.0320911407470703 -0.00777435302734375 -0.28851318359375 0.212432861328125
0.0492973327636719 0.0165672302246094 0.00197982788085938 0.02972412109375
0.0363349914550781 0.000316619873046875 0.320709228515625 -0.204681396484375
0.0229854583740234 -0.017364501953125 0.14569091796875 -0.489532470703125
-0.00273513793945312 -0.0114879608154297 -0.298583984375 -0.330474853515625
-0.00922775268554688 0.00446510314941406 -0.35382080078125 0.05426025390625
0.00470638275146484 0.00734806060791016 -0.15753173828125 0.213348388671875
0.00434398651123047 0.00622463226318359 0.054656982421875 0.183090209960937
0.000487804412841797 0.00701379776000977 0.169677734375 0.06719970703125
0.0194950103759766 -0.0163192749023437 -0.164596557617188 -0.0792694091796875
0.0103378295898438 -0.00659847259521484 -0.0556793212890625 -0.184417724609375
0.0225658416748047 0.000249862670898438 0.16424560546875 -0.192672729492188
0.0107288360595703 0.0128250122070312 0.364898681640625 -0.0111083984375
-0.0164957046508789 0.00665283203125 0.24493408203125 0.349884033203125
-0.0126514434814453 -0.0113296508789063 -0.107635498046875 0.468048095703125
-0.00718498229980469 0.0128316879272461 -0.277069091796875 0.225921630859375
0.00113677978515625 0.0213203430175781 0.00109672546386719 0.0323925018310547
-0.00452613830566406 0.0197048187255859 0.3245849609375 -0.203033447265625
0.00664043426513672 0.0128402709960938 0.15869140625 -0.491790771484375
0.000946998596191407 0.00989151000976563 -0.290252685546875 -0.339813232421875
0.000729322433471679 0.00383877754211426 -0.35406494140625 0.0450439453125001
0.015406608581543 -0.000864028930664063 -0.158828735351562 0.209121704101563
0.00779438018798828 -0.00904560089111328 0.053466796875 0.179672241210938
0.00640964508056641 -0.0149564743041992 0.168411254882812 0.0635986328125
0.0181846618652344 -0.0134830474853516 -0.164474487304688 -0.0800933837890625
0.0101213455200195 -0.00359344482421875 -0.05035400390625 -0.185089111328125
0.0209522247314453 0.00179862976074219 0.171417236328125 -0.188690185546875
0.00919342041015625 0.0131015777587891 0.3665771484375 -0.000335693359374999
-0.0169506072998047 0.00351142883300781 0.236114501953125 0.35870361328125
-0.0107355117797852 -0.0144176483154297 -0.12054443359375 0.464111328125
-0.004730224609375 0.0110244750976563 -0.27728271484375 0.216796875
0.00436782836914062 0.0207481384277344 0.00957679748535156 0.0288581848144531
-0.00107860565185547 0.0174942016601563 0.324554443359375 -0.212249755859375
0.00815010070800781 0.00982761383056641 0.146697998046875 -0.49530029296875
0.00124359130859375 0.00677394866943359 -0.29656982421875 -0.33172607421875
-0.000663995742797852 0.00401782989501953 -0.349853515625 0.05352783203125
0.013545036315918 0.000229835510253906 -0.152542114257813 0.21197509765625
0.0067596435546875 -0.00714683532714844 0.057769775390625 0.17822265625
0.00557041168212891 -0.013279914855957 0.1685791015625 0.061859130859375
0.0175991058349609 -0.0105018615722656 -0.164291381835938 -0.0818328857421875
0.00927448272705078 -0.000592231750488281 -0.0474395751953125 -0.185775756835938
0.0193157196044922 0.00429725646972656 0.177459716796875 -0.18701171875
0.00695037841796875 0.0127744674682617 0.371185302734375 0.0068359375
-0.0170154571533203 -0.000154495239257816 0.229461669921875 0.366943359375
-0.00720787048339844 -0.0196704864501953 -0.129364013671875 0.461669921875
0.000670909881591797 0.00752353668212891 -0.276504516601563 0.209259033203125
0.0111465454101562 0.0195999145507813 0.0167808532714844 0.0260944366455078
0.00449466705322266 0.0144157409667969 0.323486328125 -0.219390869140625
0.0102691650390625 0.0043792724609375 0.13555908203125 -0.49810791015625
0.000387668609619141 0.0032353401184082 -0.304718017578125 -0.322174072265625
-0.00243449211120606 0.00387287139892578 -0.34747314453125 0.06201171875
0.0117921829223633 0.00101757049560547 -0.147048950195313 0.215530395507812
0.00544118881225586 -0.00413131713867188 0.060333251953125 0.178802490234375
0.00511932373046875 -0.00983905792236328 0.17047119140625 0.06219482421875
0.0159940719604492 -0.00684261322021484 -0.165130615234375 -0.0818328857421875
0.009429931640625 0.00293159484863281 -0.044891357421875 -0.185867309570313
0.0171823501586914 0.00655460357666016 0.181228637695313 -0.1845703125
0.00499534606933594 0.0120668411254883 0.37109375 0.01544189453125
-0.0176448822021484 -0.00417327880859375 0.22412109375 0.371795654296875
-0.00392723083496094 -0.0256500244140625 -0.1373291015625 0.460601806640625
0.00743627548217773 0.00383663177490234 -0.276519775390625 0.204803466796875
0.0192909240722656 0.0185279846191406 0.0204238891601562 0.0246047973632812
0.0114459991455078 0.0102968215942383 0.322509765625 -0.223175048828125
0.0131206512451172 -0.00147533416748047 0.127685546875 -0.498565673828125
-0.000381410121917725 -0.000957787036895752 -0.307830810546875 -0.316253662109375
-0.00450801849365234 0.00435256958007812 -0.344390869140625 0.068328857421875
0.00962543487548828 0.00324535369873047 -0.142501831054688 0.217437744140625
0.0045318603515625 -0.000916957855224609 0.0625762939453125 0.178466796875
0.00331783294677734 -0.00593376159667969 0.170440673828125 0.061676025390625
0.014857292175293 -0.00246715545654297 -0.164016723632812 -0.083892822265625
0.00905036926269531 0.00588417053222656 -0.0436248779296875 -0.185760498046875
0.015315055847168 0.00889873504638672 0.183685302734375 -0.182693481445312
0.00276470184326172 0.0116291046142578 0.372222900390625 0.0167236328125
-0.0176448822021484 -0.00896644592285156 0.2218017578125 0.374481201171875
-0.000165939331054689 -0.0320014953613281 -0.140106201171875 0.45928955078125
0.0154438018798828 0.000174522399902344 -0.278244018554687 0.20208740234375
0.0290946960449219 0.0178489685058594 0.0204410552978516 0.0238037109375
0.0189895629882813 0.00617408752441406 0.319915771484375 -0.224700927734375
0.0160026550292969 -0.00745582580566406 0.123046875 -0.4962158203125
-0.000802040100097656 -0.0047760009765625 -0.311370849609375 -0.31219482421875
-0.00611257553100586 0.00454235076904297 -0.34454345703125 0.0706787109375
0.00751972198486328 0.00504827499389648 -0.142013549804688 0.218582153320313
0.00371694564819336 0.00200390815734863 0.0626983642578125 0.179275512695313
0.00234365463256836 -0.00187587738037109 0.171310424804688 0.0622406005859375
0.0129594802856445 0.00153732299804688 -0.164306640625 -0.0824432373046875
0.00953388214111328 0.00869274139404297 -0.0438995361328125 -0.184799194335938
0.0132122039794922 0.00994396209716797 0.181854248046875 -0.181793212890625
0.000962257385253907 0.0114545822143555 0.369781494140625 0.018524169921875
-0.0174951553344727 -0.0123252868652344 0.221832275390625 0.37457275390625
0.00324630737304687 -0.0364913940429688 -0.141632080078125 0.4600830078125
0.0226535797119141 -0.00343704223632813 -0.280975341796875 0.203033447265625
0.0378837585449219 0.0167198181152344 0.0166473388671875 0.0246257781982422
0.0269832611083984 0.00267219543457031 0.31951904296875 -0.220458984375
0.0188636779785156 -0.0128822326660156 0.12457275390625 -0.4951171875
-0.00237131118774414 -0.00818967819213867 -0.309295654296875 -0.312957763671875
-0.00784206390380859 0.00476789474487305 -0.34527587890625 0.069915771484375
0.0055088996887207 0.0062556266784668 -0.143936157226563 0.217788696289063
0.00325822830200195 0.00454139709472656 0.0623626708984375 0.179595947265625
0.0016624927520752 0.00261998176574707 0.17095947265625 0.0628814697265625
0.0118503570556641 0.00371456146240234 -0.163558959960938 -0.0824737548828125
0.009490966796875 0.0100059509277344 -0.0464324951171875 -0.183700561523437
0.0125093460083008 0.0107145309448242 0.177993774414063 -0.18280029296875
0.0001983642578125 0.0110940933227539 0.366546630859375 0.0147705078125
-0.0185489654541016 -0.01416015625 0.22393798828125 0.37152099609375
0.005157470703125 -0.0403709411621094 -0.13604736328125 0.461151123046875
0.0280933380126953 -0.00578880310058594 -0.28271484375 0.207122802734375
0.0452461242675781 0.0159339904785156 0.0106563568115234 0.0268211364746094
0.0329513549804687 -0.000110626220703125 0.317596435546875 -0.214874267578125
0.0210380554199219 -0.0161666870117188 0.130615234375 -0.489990234375
-0.00248527526855469 -0.010350227355957 -0.307037353515625 -0.31658935546875
-0.00922489166259766 0.00466537475585938 -0.347320556640625 0.0655822753906251
0.0050506591796875 0.00719070434570312 -0.147842407226562 0.216598510742188
0.00328397750854492 0.00521183013916016 0.059967041015625 0.180679321289063
0.000660896301269531 0.00534629821777344 0.1710205078125 0.06378173828125
0.0116147994995117 0.0052642822265625 -0.162628173828125 -0.0811920166015625
0.01031494140625 0.00906562805175781 -0.049835205078125 -0.182601928710938
0.012049674987793 0.0111618041992188 0.17340087890625 -0.18426513671875
-0.00052642822265625 0.0116147994995117 0.364532470703125 0.006378173828125
-0.0189075469970703 -0.0143451690673828 0.229217529296875 0.366119384765625
0.00493240356445312 -0.0416603088378906 -0.12884521484375 0.4666748046875
0.0310726165771484 -0.00783920288085938 -0.285430908203125 0.21533203125
0.0493316650390625 0.0154647827148437 0.00243568420410157 0.0297088623046875
0.0368080139160156 -0.00052642822265625 0.316131591796875 -0.2078857421875
0.0230064392089844 -0.0177345275878906 0.138275146484375 -0.48931884765625
-0.00330257415771484 -0.0114850997924805 -0.30230712890625 -0.32421875
-0.00937461853027344 0.00451850891113281 -0.351226806640625 0.0593261718749999
0.00452280044555664 0.00759792327880859 -0.1533203125 0.214202880859375
0.00420236587524414 0.00567245483398438 0.05718994140625 0.1815185546875
0.00125694274902344 0.00748062133789062 0.170333862304688 0.0645294189453125
0.0188312530517578 -0.0162906646728516 -0.1646728515625 -0.0763702392578125
0.00976943969726563 -0.00597953796386719 -0.057861328125 -0.182083129882813
0.0224647521972656 -0.000118255615234375 0.160171508789063 -0.193191528320312
0.0108156204223633 0.012420654296875 0.362396240234375 -0.015533447265625
-0.0166225433349609 0.00684928894042969 0.247802734375 0.344146728515625
-0.0132551193237305 -0.0106344223022461 -0.100860595703125 0.466522216796875
-0.00718212127685547 0.0128955841064453 -0.272537231445313 0.22735595703125
0.00170326232910156 0.0205020904541016 0.00148391723632812 0.0321998596191406
-0.00362014770507812 0.0200138092041016 0.31890869140625 -0.20465087890625
0.00722980499267578 0.0126972198486328 0.15106201171875 -0.491912841796875
0.00152587890625 0.00938224792480469 -0.292083740234375 -0.334869384765625
0.000459909439086914 0.00395965576171875 -0.350738525390625 0.0490417480468751
0.0153102874755859 -0.00137233734130859 -0.155136108398438 0.209625244140625
0.00731658935546875 -0.00924301147460938 0.055877685546875 0.178512573242188
0.00613594055175781 -0.0148258209228516 0.168365478515625 0.0609130859375
0.0177097320556641 -0.0138511657714844 -0.1650390625 -0.0768890380859375
0.00969123840332031 -0.00396919250488281 -0.05291748046875 -0.18316650390625
0.0206508636474609 0.00141334533691406 0.168075561523438 -0.189987182617188
0.00930690765380859 0.0125455856323242 0.365142822265625 -0.005096435546875
-0.016749382019043 0.00368595123291016 0.239593505859375 0.35491943359375
-0.0112829208374023 -0.0139808654785156 -0.115509033203125 0.46295166015625
-0.00453376770019531 0.0108652114868164 -0.27294921875 0.21820068359375
0.00476455688476563 0.0198898315429687 0.0101089477539062 0.0288829803466797
-0.000654220581054689 0.0177631378173828 0.319732666015625 -0.213592529296875
0.008270263671875 0.00973415374755859 0.14007568359375 -0.494659423828125
0.00195169448852539 0.0065455436706543 -0.297637939453125 -0.325225830078125
-0.000738620758056641 0.00401186943054199 -0.347259521484375 0.0576477050781249
0.0134210586547852 -0.000395774841308594 -0.148483276367188 0.212142944335938
0.00630903244018555 -0.00701284408569336 0.0596923828125 0.176315307617188
0.00517082214355469 -0.0125894546508789 0.168731689453125 0.0594635009765625
0.0172138214111328 -0.010828971862793 -0.165283203125 -0.078887939453125
0.00930404663085938 -0.000634193420410156 -0.0498809814453125 -0.183746337890625
0.0195140838623047 0.00383949279785156 0.173812866210937 -0.18731689453125
0.00721549987792969 0.0120429992675781 0.368255615234375 0.002960205078125
-0.0169496536254883 0.000368118286132812 0.23291015625 0.36083984375
-0.00803184509277344 -0.0192184448242188 -0.123626708984375 0.4605712890625
0.000505924224853515 0.00747871398925781 -0.272705078125 0.211090087890625
0.0115737915039062 0.0189685821533203 0.0168056488037109 0.0256614685058594
0.00491046905517578 0.0141210556030273 0.318878173828125 -0.220977783203125
0.0104351043701172 0.00433540344238281 0.127838134765625 -0.4962158203125
0.000857353210449218 0.00336313247680664 -0.3057861328125 -0.31597900390625
-0.00229668617248535 0.00394392013549805 -0.34429931640625 0.06610107421875
0.0119543075561523 0.000904083251953125 -0.142532348632813 0.215713500976563
0.00552988052368164 -0.00412416458129883 0.0625457763671875 0.17724609375
0.00456333160400391 -0.00922298431396484 0.169662475585938 0.05914306640625
0.0156421661376953 -0.00704479217529297 -0.165313720703125 -0.0792083740234375
0.00917434692382813 0.00289821624755859 -0.0473175048828125 -0.184127807617188
0.0172634124755859 0.00620555877685547 0.17742919921875 -0.185226440429688
0.00522136688232422 0.0116500854492187 0.36962890625 0.0096435546875
-0.0174465179443359 -0.00425338745117188 0.227264404296875 0.366546630859375
-0.00459480285644531 -0.0247268676757813 -0.131561279296875 0.459014892578125
0.00732612609863281 0.00385093688964844 -0.273300170898438 0.2061767578125
0.0197048187255859 0.0177154541015625 0.0204124450683594 0.0243129730224609
0.0119256973266602 0.0103597640991211 0.3177490234375 -0.225738525390625
0.0130319595336914 -0.00183582305908203 0.12066650390625 -0.497039794921875
1.90138816833496E-05 -0.000681400299072266 -0.310455322265625 -0.309112548828125
-0.00436162948608398 0.00421476364135742 -0.3411865234375 0.071319580078125
0.00915431976318359 0.00306892395019531 -0.139022827148438 0.217239379882812
0.00408244132995605 -0.0011601448059082 0.0646820068359375 0.17694091796875
0.00354337692260742 -0.00531959533691406 0.170486450195313 0.058685302734375
0.0145816802978516 -0.00250530242919922 -0.164794921875 -0.08087158203125
0.00886058807373047 0.00591468811035156 -0.046234130859375 -0.18328857421875
0.0151538848876953 0.00814533233642578 0.179962158203125 -0.183929443359375
0.00258064270019531 0.0112419128417969 0.369384765625 0.01226806640625
-0.0179672241210938 -0.00881195068359375 0.226348876953125 0.3695068359375
-0.000667572021484377 -0.030853271484375 -0.134002685546875 0.458343505859375
0.0151939392089844 0.000128746032714844 -0.273757934570313 0.203475952148438
0.0290718078613281 0.0171070098876953 0.020538330078125 0.0238742828369141
0.0198249816894531 0.00586509704589844 0.31591796875 -0.226470947265625
0.0161304473876953 -0.00806999206542969 0.1160888671875 -0.495025634765625
-0.00118207931518555 -0.00508260726928711 -0.31317138671875 -0.306396484375
-0.00632762908935547 0.00462055206298828 -0.341400146484375 0.07452392578125
0.00790214538574219 0.00459861755371094 -0.137603759765625 0.218597412109375
0.00369977951049805 0.00191855430603027 0.065032958984375 0.177841186523438
0.00230169296264648 -0.00105476379394531 0.171112060546875 0.0599365234375
0.0128803253173828 0.00132179260253906 -0.164413452148438 -0.079437255859375
0.00944614410400391 0.00844764709472656 -0.0469512939453125 -0.182296752929688
0.0135822296142578 0.00990390777587891 0.178314208984375 -0.1826171875
0.00107669830322266 0.0108966827392578 0.368560791015625 0.0135498046875
-0.0179481506347656 -0.0119247436523437 0.22515869140625 0.36968994140625
0.00257492065429687 -0.0360832214355469 -0.13519287109375 0.458404541015625
0.0221366882324219 -0.0040740966796875 -0.277191162109375 0.20489501953125
0.0379676818847656 0.0155715942382813 0.0172309875488281 0.0248203277587891
0.0273113250732422 0.00241470336914063 0.314697265625 -0.22271728515625
0.0185070037841797 -0.01287841796875 0.117889404296875 -0.491851806640625
-0.00197219848632813 -0.0086216926574707 -0.31134033203125 -0.3067626953125
-0.00767087936401367 0.00514936447143555 -0.342071533203125 0.0738525390625
0.00573348999023438 0.00589418411254883 -0.139862060546875 0.21734619140625
0.00307178497314453 0.00395989418029785 0.0648193359375 0.177780151367188
0.00111889839172363 0.00241637229919434 0.170913696289062 0.0597076416015625
0.012054443359375 0.00389194488525391 -0.164291381835938 -0.0798187255859375
0.00947761535644531 0.00946807861328125 -0.049102783203125 -0.181442260742187
0.0126419067382813 0.0102081298828125 0.174606323242188 -0.183364868164063
-0.000399589538574218 0.0104761123657227 0.36529541015625 0.0111083984375
-0.0184288024902344 -0.0138645172119141 0.226959228515625 0.366058349609375
0.004119873046875 -0.0399513244628906 -0.130218505859375 0.4598388671875
0.0279769897460938 -0.00717544555664063 -0.279144287109375 0.208419799804688
0.0451011657714844 0.015045166015625 0.01055908203125 0.0269145965576172
0.0330104827880859 -0.000318527221679687 0.312469482421875 -0.21746826171875
0.02081298828125 -0.0164337158203125 0.123779296875 -0.49078369140625
-0.00248908996582031 -0.0105419158935547 -0.30889892578125 -0.310028076171875
-0.00879001617431641 0.00495719909667969 -0.3438720703125 0.0699462890625
0.00513553619384766 0.00690889358520508 -0.143875122070313 0.216751098632812
0.00329828262329102 0.00507020950317383 0.0623779296875 0.17877197265625
0.00106048583984375 0.00564193725585938 0.171279907226563 0.061004638671875
0.0115327835083008 0.00502967834472656 -0.163619995117188 -0.078399658203125
0.01025390625 0.00877857208251953 -0.052337646484375 -0.18011474609375
0.0123147964477539 0.0105533599853516 0.17034912109375 -0.18536376953125
-0.00018310546875 0.011103630065918 0.36260986328125 0.00274658203125
-0.0191707611083984 -0.0143775939941406 0.233551025390625 0.3599853515625
0.00448226928710938 -0.0413169860839844 -0.122955322265625 0.4652099609375
0.0304450988769531 -0.00845527648925781 -0.28094482421875 0.217193603515625
0.0496559143066406 0.0143241882324219 0.00231361389160156 0.0297164916992187
0.0367774963378906 -0.00107192993164063 0.311614990234375 -0.210357666015625
0.0226898193359375 -0.0180683135986328 0.132598876953125 -0.487823486328125
-0.00291252136230469 -0.0117311477661133 -0.303131103515625 -0.31884765625
-0.00899600982666016 0.0047607421875 -0.347747802734375 0.062896728515625
0.00459051132202149 0.0075225830078125 -0.149307250976562 0.215118408203125
0.00400447845458984 0.0059666633605957 0.0595550537109375 0.179443359375
0.0010075569152832 0.00735902786254883 0.17059326171875 0.0614471435546875
0.018524169921875 -0.0163688659667969 -0.1650390625 -0.0736541748046875
0.00999927520751953 -0.00652503967285156 -0.0594635009765625 -0.179306030273438
0.0222454071044922 -0.00110054016113281 0.15765380859375 -0.193634033203125
0.0106353759765625 0.0117006301879883 0.3590087890625 -0.020172119140625
-0.0168943405151367 0.00695514678955079 0.250457763671875 0.338897705078125
-0.0133743286132813 -0.0102720260620117 -0.096282958984375 0.464111328125
-0.00775432586669922 0.0125961303710937 -0.268829345703125 0.228591918945313
0.00199127197265625 0.0205669403076172 0.00208091735839844 0.0319366455078125
-0.00284767150878906 0.0195960998535156 0.315338134765625 -0.2060546875
0.00749015808105469 0.0130348205566406 0.146270751953125 -0.488616943359375
0.00140094757080078 0.00908374786376953 -0.292816162109375 -0.328216552734375
0.00108504295349121 0.00363278388977051 -0.34722900390625 0.052764892578125
0.0150938034057617 -0.00130558013916016 -0.151077270507813 0.209304809570312
0.00691032409667969 -0.00903797149658203 0.0573272705078125 0.175674438476562
0.00574016571044922 -0.0146684646606445 0.168365478515625 0.057952880859375
0.0175199508666992 -0.0139350891113281 -0.164581298828125 -0.07452392578125
0.00968647003173828 -0.00393009185791016 -0.0554656982421875 -0.180328369140625
0.0206279754638672 0.00115394592285156 0.16473388671875 -0.190292358398438
0.00927829742431641 0.0117940902709961 0.362945556640625 -0.0089111328125
-0.0170478820800781 0.00396347045898438 0.241119384765625 0.347320556640625
-0.0118036270141602 -0.0136890411376953 -0.10992431640625 0.46209716796875
-0.00463485717773438 0.0108633041381836 -0.269058227539063 0.219772338867188
0.00482177734375 0.0197563171386719 0.0103645324707031 0.0286884307861328
-0.0003204345703125 0.0174827575683594 0.316009521484375 -0.21527099609375
0.00882911682128906 0.00931167602539063 0.134918212890625 -0.49365234375
0.00143003463745117 0.00679349899291992 -0.2994384765625 -0.31982421875
-0.00027775764465332 0.00344491004943848 -0.343353271484375 0.0615844726562501
0.0131130218505859 -0.0003204345703125 -0.144744873046875 0.21221923828125
0.00603294372558594 -0.00688028335571289 0.061187744140625 0.174896240234375
0.00496387481689453 -0.0122957229614258 0.16839599609375 0.0564117431640625
0.0169286727905273 -0.0108613967895508 -0.165176391601563 -0.0757904052734375
0.00921535491943359 -0.000461578369140625 -0.0519866943359375 -0.180755615234375
0.0190353393554688 0.00319480895996094 0.170822143554688 -0.188018798828125
0.00695037841796875 0.0116233825683594 0.365386962890625 -0.0015869140625
-0.0174551010131836 0.000163078308105469 0.2353515625 0.355712890625
-0.00868034362792969 -0.0189113616943359 -0.11834716796875 0.458648681640625
0.000521183013916016 0.00718832015991211 -0.268798828125 0.211654663085938
0.0117454528808594 0.0185356140136719 0.0171031951904297 0.0258750915527344
0.00523662567138672 0.0140228271484375 0.31475830078125 -0.222381591796875
0.0111846923828125 0.00434589385986328 0.1224365234375 -0.49468994140625
0.000857353210449219 0.00313282012939453 -0.3067626953125 -0.310272216796875
-0.00193381309509277 0.0041046142578125 -0.340484619140625 0.069671630859375
0.0115890502929688 0.00069427490234375 -0.138259887695313 0.215301513671875
0.0051579475402832 -0.00447320938110352 0.064239501953125 0.174606323242188
0.00454807281494141 -0.0091400146484375 0.169631958007813 0.0569305419921875
0.0154666900634766 -0.00692844390869141 -0.165145874023438 -0.0765228271484375
0.0090799331665039 0.00255012512207031 -0.0492095947265625 -0.181243896484375
0.0173101425170898 0.00601863861083984 0.174148559570313 -0.185928344726563
0.00514888763427734 0.0113859176635742 0.366790771484375 0.0047607421875
-0.0177536010742188 -0.00377845764160156 0.23114013671875 0.361480712890625
-0.00505256652832031 -0.0247306823730469 -0.125823974609375 0.4559326171875
0.00711822509765625 0.00371694564819336 -0.269805908203125 0.207656860351563
0.0197601318359375 0.0174560546875 0.0203971862792969 0.0237865447998047
0.0121040344238281 0.00981235504150391 0.3128662109375 -0.225860595703125
0.0135478973388672 -0.00163173675537109 0.114593505859375 -0.49481201171875
-7.33137130737305E-05 -0.0012054443359375 -0.3125 -0.304412841796875
-0.00430655479431152 0.00419378280639648 -0.337554931640625 0.07525634765625
0.00881671905517578 0.00280189514160156 -0.134994506835938 0.216690063476563
0.00418782234191895 -0.000950813293457031 0.066497802734375 0.174484252929688
0.00317668914794922 -0.00486946105957031 0.169998168945313 0.05645751953125
0.0140600204467773 -0.00256252288818359 -0.1650390625 -0.0774383544921875
0.00878381729125977 0.00564432144165039 -0.048187255859375 -0.18115234375
0.0151729583740234 0.00768375396728516 0.176559448242188 -0.184890747070313
0.00265312194824219 0.0108356475830078 0.366912841796875 0.00860595703125
-0.0178127288818359 -0.00821685791015625 0.228973388671875 0.364532470703125
-0.00119972229003906 -0.0306034088134766 -0.129913330078125 0.45556640625
0.014948844909668 -0.000552177429199219 -0.2703857421875 0.205108642578125
0.0296649932861328 0.0162944793701172 0.0204181671142578 0.0240879058837891
0.0203018188476563 0.00569343566894531 0.31085205078125 -0.226837158203125
0.0161323547363281 -0.0082244873046875 0.1097412109375 -0.493255615234375
-0.0010533332824707 -0.00484132766723633 -0.314910888671875 -0.299468994140625
-0.00575399398803711 0.00493574142456055 -0.338134765625 0.077972412109375
0.00735235214233399 0.00382280349731445 -0.134918212890625 0.218231201171875
0.0034477710723877 0.00187230110168457 0.06658935546875 0.175430297851563
0.00229310989379883 -0.00114560127258301 0.170852661132813 0.0571441650390625
0.0124530792236328 0.00148105621337891 -0.164901733398438 -0.07684326171875
0.00958442687988281 0.00839900970458984 -0.048828125 -0.180084228515625
0.013524055480957 0.00941753387451172 0.174911499023438 -0.183486938476562
0.000913619995117187 0.0106868743896484 0.36419677734375 0.00970458984375
-0.0182113647460937 -0.0117549896240234 0.22711181640625 0.364349365234375
0.00159835815429688 -0.0357208251953125 -0.13006591796875 0.45574951171875
0.0216941833496094 -0.00370597839355469 -0.273162841796875 0.20599365234375
0.0380210876464844 0.0151710510253906 0.0169334411621094 0.0242099761962891
0.0271968841552734 0.00191116333007813 0.309783935546875 -0.224273681640625
0.0185031890869141 -0.0130500793457031 0.112640380859375 -0.490081787109375
-0.00214004516601563 -0.008331298828125 -0.31219482421875 -0.30126953125
-0.00759744644165039 0.00507354736328125 -0.337646484375 0.0768432617187501
0.00578069686889648 0.00577497482299805 -0.1365966796875 0.21734619140625
0.00321650505065918 0.00393223762512207 0.0664825439453125 0.175369262695313
0.001617431640625 0.00316524505615234 0.170608520507813 0.0571746826171875
0.0118331909179688 0.00389003753662109 -0.163833618164063 -0.0767059326171875
0.00954246520996094 0.00938796997070313 -0.0506744384765625 -0.179290771484375
0.0128326416015625 0.00989246368408203 0.171051025390625 -0.18414306640625
-0.000140190124511719 0.0102977752685547 0.362274169921875 0.006072998046875
-0.0188961029052734 -0.0132236480712891 0.23065185546875 0.360076904296875
0.00360488891601563 -0.0393867492675781 -0.124267578125 0.45758056640625
0.0270004272460938 -0.00709724426269531 -0.275253295898438 0.209884643554687
0.0450019836425781 0.0140533447265625 0.0107364654541016 0.0264301300048828
0.0332145690917969 -0.000402450561523437 0.30780029296875 -0.21826171875
0.0207614898681641 -0.0163993835449219 0.118927001953125 -0.48748779296875
-0.00268745422363281 -0.0106983184814453 -0.30926513671875 -0.30438232421875
-0.0081634521484375 0.00538158416748047 -0.34014892578125 0.0726318359375001
0.00474643707275391 0.00672817230224609 -0.13958740234375 0.215972900390625
0.00321722030639648 0.00524568557739258 0.0639495849609375 0.177200317382813
0.00091552734375 0.00561666488647461 0.17059326171875 0.058380126953125
0.0113239288330078 0.00496578216552734 -0.163772583007813 -0.075653076171875
0.00989818572998047 0.00833511352539063 -0.0534820556640625 -0.177658081054688
0.0120935440063477 0.0102624893188477 0.166702270507813 -0.18597412109375
-0.000183105468750001 0.010737419128418 0.35931396484375 -0.0025634765625
-0.0193328857421875 -0.0138149261474609 0.235931396484375 0.356292724609375
0.00333023071289062 -0.0409507751464844 -0.1175537109375 0.462615966796875
0.0301227569580078 -0.0086822509765625 -0.276947021484375 0.217727661132813
0.0489768981933594 0.0135841369628906 0.0026702880859375 0.0293140411376953
0.0365486145019531 -0.00129318237304688 0.307708740234375 -0.211029052734375
0.0228233337402344 -0.0184421539306641 0.126953125 -0.4849853515625
-0.00313568115234375 -0.0114479064941406 -0.30474853515625 -0.313201904296875
-0.00865268707275391 0.00442838668823242 -0.34442138671875 0.0666503906250001
0.0047149658203125 0.00733661651611328 -0.14569091796875 0.21441650390625
0.00389385223388672 0.0052037239074707 0.0609283447265625 0.17730712890625
0.00106906890869141 0.00763225555419922 0.170211791992188 0.0584869384765625
0.0184364318847656 -0.0166873931884766 -0.16473388671875 -0.0714263916015625
0.00991058349609375 -0.00637435913085938 -0.0614471435546875 -0.176956176757812
0.0219154357910156 -0.00127983093261719 0.15380859375 -0.193374633789063
0.010894775390625 0.0114116668701172 0.356109619140625 -0.0235595703125
-0.0164222717285156 0.00722599029541015 0.2503662109375 0.334259033203125
-0.0136394500732422 -0.00982570648193359 -0.09136962890625 0.4598388671875
-0.00768184661865234 0.0127620697021484 -0.2645263671875 0.2279052734375
0.00188064575195313 0.0195865631103516 0.00225830078125 0.0322589874267578
-0.00264930725097656 0.0193805694580078 0.310546875 -0.206878662109375
0.00764751434326172 0.0124788284301758 0.13995361328125 -0.4866943359375
0.00172996520996094 0.009033203125 -0.29290771484375 -0.323394775390625
0.000918388366699219 0.00375270843505859 -0.34356689453125 0.054718017578125
0.0148019790649414 -0.00154781341552734 -0.148101806640625 0.208648681640625
0.00667572021484375 -0.00966644287109375 0.0583953857421875 0.174148559570312
0.00559139251708984 -0.0144367218017578 0.167022705078125 0.055938720703125
0.0169248580932617 -0.0138301849365234 -0.164199829101563 -0.071990966796875
0.00931644439697266 -0.00403690338134766 -0.0564727783203125 -0.1776123046875
0.0205345153808594 0.000606536865234375 0.1612548828125 -0.190231323242188
0.00909423828125 0.0114936828613281 0.359588623046875 -0.013427734375
-0.0169591903686523 0.00422954559326172 0.24267578125 0.342864990234375
-0.01214599609375 -0.0130138397216797 -0.10394287109375 0.457550048828125
-0.00536537170410156 0.0107765197753906 -0.26556396484375 0.219482421875
0.00515556335449219 0.0192356109619141 0.00980758666992187 0.0288581848144531
0.000651359558105467 0.0174169540405273 0.310150146484375 -0.216278076171875
0.00887489318847656 0.00933456420898438 0.129852294921875 -0.489501953125
0.00188112258911133 0.00629234313964844 -0.299407958984375 -0.313751220703125
-0.000122308731079102 0.00431323051452637 -0.339752197265625 0.06396484375
0.0130577087402344 -0.000687599182128906 -0.14129638671875 0.210952758789063
0.00608396530151367 -0.00737190246582031 0.06219482421875 0.172409057617187
0.00479030609130859 -0.0119218826293945 0.167373657226563 0.0545654296875
0.0161972045898438 -0.0114946365356445 -0.165145874023438 -0.07354736328125
0.00907611846923828 -0.00112056732177734 -0.0533905029296875 -0.17913818359375
0.0191001892089844 0.00293540954589844 0.167327880859375 -0.187957763671875
0.00734710693359375 0.0109138488769531 0.362335205078125 -0.004608154296875
-0.0175609588623047 0.000961303710937496 0.235931396484375 0.350311279296875
-0.00899696350097656 -0.0181484222412109 -0.112396240234375 0.454803466796875
-5.05447387695313E-05 0.00738906860351563 -0.264541625976563 0.212448120117188
0.0117111206054688 0.0181636810302734 0.0167827606201172 0.0262947082519531
0.00579833984375 0.0135707855224609 0.310272216796875 -0.223388671875
0.0110311508178711 0.00418376922607422 0.1182861328125 -0.49237060546875
0.000997543334960938 0.00274419784545898 -0.307098388671875 -0.3052978515625
-0.0017087459564209 0.00388693809509277 -0.3367919921875 0.07177734375
0.0115013122558594 0.000879287719726562 -0.135940551757812 0.214447021484375
0.00496816635131836 -0.00441646575927734 0.0654144287109375 0.17266845703125
0.00398063659667969 -0.00920867919921875 0.169235229492188 0.05426025390625
0.0154972076416016 -0.00751686096191406 -0.164703369140625 -0.0741119384765625
0.00904941558837891 0.00246143341064453 -0.051025390625 -0.178863525390625
0.0171489715576172 0.00492668151855469 0.171173095703125 -0.185440063476563
0.00494766235351563 0.0110006332397461 0.36431884765625 0.001617431640625
-0.0176181793212891 -0.00352287292480468 0.2318115234375 0.35650634765625
-0.00543785095214844 -0.0239620208740234 -0.121673583984375 0.45477294921875
0.00625181198120117 0.00339794158935547 -0.266464233398438 0.20745849609375
0.0198879241943359 0.0168819427490234 0.020111083984375 0.0240955352783203
0.0125732421875 0.0101528167724609 0.3087158203125 -0.2275390625
0.0133657455444336 -0.001800537109375 0.110382080078125 -0.49163818359375
-0.000178515911102295 -0.00103503465652466 -0.312103271484375 -0.29840087890625
-0.00331377983093262 0.00435376167297363 -0.3338623046875 0.07745361328125
0.00962543487548828 0.00206756591796875 -0.132293701171875 0.216278076171875
0.00416922569274902 -0.00137114524841309 0.067657470703125 0.17254638671875
0.00295639038085938 -0.00478363037109375 0.169677734375 0.05426025390625
0.0141620635986328 -0.00281715393066406 -0.164810180664063 -0.075286865234375
0.00862598419189453 0.0054621696472168 -0.049835205078125 -0.178970336914063
0.0151090621948242 0.0072479248046875 0.1728515625 -0.184051513671875
0.00265693664550781 0.0105743408203125 0.365142822265625 0.006134033203125
-0.0179977416992188 -0.00774765014648437 0.229888916015625 0.3599853515625
-0.00182151794433593 -0.0299606323242187 -0.12384033203125 0.45263671875
0.0141448974609375 -0.000386238098144531 -0.267166137695313 0.205032348632813
0.0291900634765625 0.0150966644287109 0.0203685760498047 0.0234107971191406
0.0202522277832031 0.00533866882324219 0.305877685546875 -0.22760009765625
0.0160579681396484 -0.00839900970458984 0.104736328125 -0.4903564453125
-0.00127315521240234 -0.00474357604980469 -0.315093994140625 -0.295745849609375
-0.00573444366455078 0.00502157211303711 -0.334442138671875 0.0806884765625
0.00742340087890625 0.0043034553527832 -0.130859375 0.216964721679688
0.00331807136535645 0.0019538402557373 0.068023681640625 0.174072265625
0.00221896171569824 -0.000477075576782227 0.169921875 0.05474853515625
0.012725830078125 0.00137424468994141 -0.16448974609375 -0.07440185546875
0.00929641723632813 0.00815010070800781 -0.0506439208984375 -0.17767333984375
0.0134763717651367 0.00827217102050781 0.171951293945312 -0.18292236328125
0.00124359130859375 0.0103425979614258 0.361785888671875 0.006072998046875
-0.0184440612792969 -0.0112361907958984 0.22802734375 0.359375
0.00149917602539063 -0.0353164672851563 -0.125 0.45208740234375
0.0210475921630859 -0.00421905517578125 -0.2701416015625 0.206161499023438
0.0377426147460938 0.0143356323242188 0.0173091888427734 0.0246906280517578
0.0274276733398438 0.00162315368652344 0.30517578125 -0.2242431640625
0.0185317993164063 -0.0132827758789063 0.107635498046875 -0.4879150390625
-0.00186443328857422 -0.00849437713623047 -0.31072998046875 -0.295989990234375
-0.00696563720703125 0.00478839874267578 -0.3345947265625 0.0791625976562499
0.00546169281005859 0.00559663772583008 -0.133056640625 0.216094970703125
0.00282955169677734 0.00374245643615723 0.0670318603515625 0.173751831054688
0.00140619277954102 0.00337052345275879 0.169952392578125 0.0548858642578125
0.0118207931518555 0.00366878509521484 -0.164077758789063 -0.074554443359375
0.00927066802978515 0.00908565521240234 -0.052490234375 -0.176559448242188
0.012455940246582 0.00967597961425781 0.1683349609375 -0.184356689453125
0.000217437744140625 0.0101423263549805 0.359954833984375 0.002685546875
-0.0189399719238281 -0.0129165649414063 0.231719970703125 0.355682373046875
0.00262069702148438 -0.0384330749511719 -0.1212158203125 0.45477294921875
0.0265140533447266 -0.00637626647949219 -0.271194458007813 0.209884643554688
0.0447006225585938 0.0137901306152344 0.0110130310058594 0.0262203216552734
0.0336894989013672 -0.000757217407226563 0.3035888671875 -0.218414306640625
0.0207176208496094 -0.0163669586181641 0.112640380859375 -0.48541259765625
-0.00284862518310547 -0.0108814239501953 -0.31072998046875 -0.298553466796875
-0.00834274291992188 0.00512266159057617 -0.33758544921875 0.07574462890625
0.0048823356628418 0.00644397735595703 -0.136749267578125 0.215469360351562
0.00342178344726563 0.00534677505493164 0.0655517578125 0.174331665039063
0.00105714797973633 0.00614213943481445 0.169967651367187 0.055633544921875
0.0112018585205078 0.00522518157958984 -0.16314697265625 -0.073455810546875
0.0103511810302734 0.00833034515380859 -0.0561981201171875 -0.175735473632813
0.0126247406005859 0.0095672607421875 0.163742065429688 -0.185684204101563
-0.000120162963867187 0.00966930389404297 0.356231689453125 -0.006011962890625
-0.0198173522949219 -0.0138053894042969 0.237579345703125 0.351226806640625
0.00303268432617188 -0.0401153564453125 -0.112823486328125 0.459381103515625
0.0294418334960938 -0.0083465576171875 -0.273422241210938 0.218292236328125
0.0488739013671875 0.012969970703125 0.00253486633300782 0.0293388366699219
0.03704833984375 -0.00212478637695313 0.302703857421875 -0.210968017578125
0.0224380493164063 -0.0183486938476563 0.1214599609375 -0.482818603515625
-0.00292873382568359 -0.0115985870361328 -0.305511474609375 -0.30731201171875
-0.00845718383789063 0.00499439239501953 -0.341156005859375 0.0692138671875
0.00477838516235351 0.00736761093139648 -0.1424560546875 0.213485717773438
0.0039825439453125 0.00539398193359375 0.0622100830078125 0.175567626953125
0.0015568733215332 0.00780010223388672 0.169097900390625 0.0565643310546875
0.0178318023681641 -0.0164890289306641 -0.164154052734375 -0.0688018798828125
0.00948524475097656 -0.00643730163574219 -0.0626220703125 -0.174713134765625
0.0220241546630859 -0.00195693969726563 0.151473999023438 -0.192794799804688
0.0107212066650391 0.0109548568725586 0.35321044921875 -0.025604248046875
-0.0167074203491211 0.00733757019042969 0.25189208984375 0.32965087890625
-0.0135698318481445 -0.00913047790527344 -0.08795166015625 0.45733642578125
-0.00749397277832031 0.0125494003295898 -0.261795043945313 0.227828979492188
0.00257301330566406 0.0194206237792969 0.00194931030273438 0.0320472717285156
-0.00193214416503906 0.0193061828613281 0.30621337890625 -0.20672607421875
0.00799751281738281 0.0122041702270508 0.136932373046875 -0.484161376953125
0.00161027908325195 0.00868463516235352 -0.292999267578125 -0.3189697265625
0.00114965438842773 0.00403404235839844 -0.34002685546875 0.0575256347656249
0.0144968032836914 -0.00190830230712891 -0.144821166992187 0.207382202148438
0.00637722015380859 -0.00955963134765625 0.0596923828125 0.172271728515625
0.00537395477294922 -0.0138969421386719 0.16705322265625 0.0538482666015625
0.016575813293457 -0.0136175155639648 -0.163894653320313 -0.069580078125
0.00949573516845703 -0.00403594970703125 -0.057708740234375 -0.175399780273438
0.0206356048583984 -0.000244140625 0.158798217773438 -0.18994140625
0.00949478149414063 0.011260986328125 0.357147216796875 -0.015472412109375
-0.0169677734375 0.00453090667724609 0.243988037109375 0.33917236328125
-0.0124588012695313 -0.0128068923950195 -0.1019287109375 0.45404052734375
-0.00482749938964844 0.0110206604003906 -0.262359619140625 0.218902587890625
0.0059051513671875 0.0181636810302734 0.01019287109375 0.0289421081542969
0.00104141235351563 0.0175113677978516 0.30718994140625 -0.215545654296875
0.00868511199951172 0.00937843322753906 0.125518798828125 -0.486083984375
0.00164079666137695 0.00630426406860351 -0.299041748046875 -0.309478759765625
0.000353574752807617 0.00382351875305176 -0.33612060546875 0.0657043457031251
0.0128927230834961 -0.000954627990722656 -0.13824462890625 0.209686279296875
0.00594234466552734 -0.0072016716003418 0.0636444091796875 0.170822143554688
0.00488948822021484 -0.0116043090820313 0.1671142578125 0.0526885986328125
0.0165424346923828 -0.0112800598144531 -0.164352416992188 -0.0714874267578125
0.00893306732177735 -0.000880241394042969 -0.0544891357421875 -0.176406860351563
0.0192432403564453 0.0022735595703125 0.164932250976563 -0.18756103515625
0.00714778900146484 0.0105619430541992 0.358734130859375 -0.0069580078125
-0.01763916015625 0.000776290893554689 0.2374267578125 0.34674072265625
-0.00910663604736328 -0.0172080993652344 -0.110687255859375 0.451629638671875
-0.000150203704833984 0.00700998306274414 -0.2618408203125 0.211837768554687
0.0120964050292969 0.0174932479858398 0.0166950225830078 0.0256404876708984
0.00631332397460937 0.0137128829956055 0.305633544921875 -0.22174072265625
0.0108432769775391 0.00376415252685547 0.112823486328125 -0.487213134765625
0.00141358375549316 0.00276756286621094 -0.306396484375 -0.301025390625
-0.00180697441101074 0.00412368774414063 -0.3331298828125 0.07421875
0.0113029479980469 0.000642776489257812 -0.133056640625 0.213424682617187
0.00467681884765625 -0.00464057922363281 0.066192626953125 0.171127319335938
0.00429630279541016 -0.00886344909667969 0.167877197265625 0.052337646484375
0.0149726867675781 -0.00693130493164063 -0.164703369140625 -0.0716705322265625
0.00896167755126953 0.00274848937988281 -0.052154541015625 -0.17669677734375
0.0170402526855469 0.00479412078857422 0.168197631835938 -0.18548583984375
0.00524234771728516 0.0103178024291992 0.3612060546875 -0.000762939453124999
-0.0178604125976563 -0.00361061096191406 0.231903076171875 0.351593017578125
-0.00570869445800781 -0.0230884552001953 -0.11822509765625 0.450286865234375
0.00625991821289062 0.00373697280883789 -0.2626953125 0.207244873046875
0.0200958251953125 0.0162868499755859 0.0205879211425781 0.0237274169921875
0.0128459930419922 0.00960540771484375 0.304779052734375 -0.226348876953125
0.0134639739990234 -0.00236701965332031 0.106353759765625 -0.488555908203125
-0.000252127647399902 -0.00172698497772217 -0.309906005859375 -0.293670654296875
-0.0036005973815918 0.00441312789916992 -0.330291748046875 0.0796813964843751
0.00893783569335938 0.00236701965332031 -0.12921142578125 0.214767456054688
0.00394535064697266 -0.001220703125 0.068206787109375 0.170669555664063
0.00316977500915527 -0.00430035591125488 0.16876220703125 0.0521697998046875
0.0137577056884766 -0.00290966033935547 -0.164291381835938 -0.0731353759765625
0.0088043212890625 0.00538063049316406 -0.051116943359375 -0.1761474609375
0.0152864456176758 0.00685024261474609 0.170623779296875 -0.18408203125
0.00298690795898438 0.00996112823486328 0.361175537109375 0.00201416015625
-0.0181827545166016 -0.00811958312988281 0.230316162109375 0.3546142578125
-0.00263595581054688 -0.0290164947509766 -0.121002197265625 0.44970703125
0.0140848159790039 -0.000597953796386719 -0.264190673828125 0.20489501953125
0.0292243957519531 0.0146923065185547 0.0202369689941406 0.0238513946533203
0.0208969116210938 0.00463104248046875 0.301300048828125 -0.2275390625
0.0160303115844727 -0.00830459594726563 0.1005859375 -0.487060546875
-0.000876903533935547 -0.00470638275146484 -0.3134765625 -0.28973388671875
-0.00537824630737305 0.00483226776123047 -0.330322265625 0.082244873046875
0.00730609893798828 0.00384378433227539 -0.12860107421875 0.215560913085938
0.00342154502868652 0.00146031379699707 0.0683441162109375 0.171432495117188
0.00224494934082031 -0.000544548034667969 0.169021606445313 0.0529022216796875
0.012476921081543 0.000774383544921875 -0.163955688476563 -0.0717010498046875
0.00925350189208984 0.00801181793212891 -0.0514068603515625 -0.175521850585938
0.0132656097412109 0.00822067260742188 0.169235229492188 -0.182266235351563
0.00124645233154297 0.0098714828491211 0.358917236328125 0.0032958984375
-0.0187740325927734 -0.0109939575195313 0.227996826171875 0.354888916015625
0.00107955932617187 -0.0344066619873047 -0.121246337890625 0.45013427734375
0.0205459594726563 -0.00430488586425781 -0.266616821289063 0.205596923828125
0.0377311706542969 0.0135002136230469 0.0172481536865234 0.0248832702636719
0.0276241302490234 0.00130462646484375 0.301605224609375 -0.223846435546875
0.0186367034912109 -0.0133762359619141 0.103240966796875 -0.485321044921875
-0.00226068496704102 -0.00853729248046875 -0.311431884765625 -0.291656494140625
-0.00678348541259766 0.00511407852172851 -0.33062744140625 0.08154296875
0.00594234466552734 0.00544977188110352 -0.129974365234375 0.2149658203125
0.00322747230529785 0.00403547286987305 0.0682830810546875 0.172149658203125
0.00120258331298828 0.00340580940246582 0.168746948242188 0.0532379150390625
0.0118741989135742 0.00318622589111328 -0.163528442382813 -0.07232666015625
0.00917434692382813 0.00871467590332031 -0.0536651611328125 -0.173934936523437
0.0123300552368164 0.00899028778076172 0.165740966796875 -0.183258056640625
-0.000403404235839845 0.00967979431152344 0.35626220703125 -0.000183105468749999
-0.0192527770996094 -0.0125999450683594 0.231781005859375 0.350921630859375
0.00232696533203125 -0.0380935668945312 -0.11749267578125 0.451324462890625
0.0260982513427734 -0.00698471069335938 -0.26837158203125 0.209640502929687
0.0443229675292969 0.0129890441894531 0.0107059478759766 0.026824951171875
0.0332870483398438 -0.00118827819824219 0.29986572265625 -0.217926025390625
0.0207405090332031 -0.0170211791992188 0.107696533203125 -0.4813232421875
-0.00272750854492188 -0.0102310180664063 -0.309783935546875 -0.29437255859375
-0.00765657424926758 0.00518131256103516 -0.333465576171875 0.0770263671875001
0.00484514236450195 0.00629806518554688 -0.1343994140625 0.213943481445312
0.00316858291625977 0.00470352172851563 0.0660400390625 0.173446655273438
0.00105476379394531 0.00620746612548828 0.168685913085938 0.054107666015625
0.010777473449707 0.00473308563232422 -0.1624755859375 -0.070770263671875
0.00970268249511719 0.00821590423583985 -0.0572357177734375 -0.172760009765625
0.0121135711669922 0.00923061370849609 0.161148071289063 -0.185028076171875
0.000156402587890626 0.00977039337158203 0.35443115234375 -0.009307861328125
-0.0200004577636719 -0.0132579803466797 0.236602783203125 0.346282958984375
0.00214385986328125 -0.0398674011230469 -0.108734130859375 0.455902099609375
0.0289897918701172 -0.00873184204101563 -0.26983642578125 0.217559814453125
0.0487098693847656 0.0118026733398438 0.00305557250976563 0.0295791625976563
0.0374526977539063 -0.00226593017578125 0.29913330078125 -0.211334228515625
0.0219535827636719 -0.0181427001953125 0.116241455078125 -0.47991943359375
-0.00313186645507812 -0.011505126953125 -0.30426025390625 -0.301910400390625
-0.00814008712768555 0.00455188751220703 -0.33758544921875 0.071014404296875
0.00435400009155273 0.00671243667602539 -0.139785766601563 0.212326049804688
0.00396633148193359 0.00514793395996094 0.06280517578125 0.173248291015625
0.000886917114257812 0.00789260864257813 0.168502807617188 0.054290771484375
0.01727294921875 -0.0163021087646484 -0.163253784179687 -0.067779541015625
0.00929927825927734 -0.00664138793945313 -0.062744140625 -0.172348022460937
0.0216388702392578 -0.00222587585449219 0.1492919921875 -0.191680908203125
0.010772705078125 0.0102434158325195 0.3507080078125 -0.027496337890625
-0.016789436340332 0.00726127624511718 0.25201416015625 0.326263427734375
-0.0142173767089844 -0.00914478302001953 -0.08544921875 0.452972412109375
-0.00797748565673828 0.0124149322509766 -0.259292602539063 0.227157592773438
0.00277328491210937 0.0184192657470703 0.00177383422851562 0.0321197509765625
-0.00154304504394531 0.0193386077880859 0.302398681640625 -0.205108642578125
0.00793838500976563 0.0122661590576172 0.13330078125 -0.48040771484375
0.0013890266418457 0.00870609283447266 -0.292236328125 -0.314300537109375
0.00135445594787598 0.00357675552368164 -0.33673095703125 0.05816650390625
0.0145902633666992 -0.00244140625 -0.142227172851562 0.205673217773438
0.00618743896484375 -0.00931549072265625 0.0598297119140625 0.170684814453125
0.00589370727539062 -0.0135993957519531 0.165603637695313 0.0525665283203125
0.0165672302246094 -0.0141181945800781 -0.163665771484375 -0.068603515625
0.00919342041015625 -0.00391864776611328 -0.0587615966796875 -0.17333984375
0.0201168060302734 -0.000316619873046875 0.156417846679688 -0.188461303710938
0.00930690765380859 0.0106630325317383 0.35333251953125 -0.017974853515625
-0.0171794891357422 0.00440120697021484 0.2435302734375 0.3349609375
-0.0124320983886719 -0.0122604370117188 -0.098724365234375 0.450958251953125
-0.00533294677734375 0.0107364654541016 -0.259674072265625 0.218215942382813
0.00588226318359375 0.0178909301757813 0.0103950500488281 0.0282688140869141
0.00136184692382812 0.0170497894287109 0.303558349609375 -0.21490478515625
0.00960540771484375 0.00853729248046875 0.121337890625 -0.48199462890625
0.00162792205810547 0.00623369216918945 -0.29852294921875 -0.304534912109375
5.43594360351561E-05 0.00397992134094238 -0.3326416015625 0.06707763671875
0.0127696990966797 -0.000909805297851563 -0.136215209960937 0.208511352539063
0.00559282302856445 -0.00752067565917969 0.063934326171875 0.168533325195313
0.00472354888916016 -0.0112152099609375 0.165863037109375 0.050994873046875
0.0158004760742188 -0.0112619400024414 -0.164169311523437 -0.069305419921875
0.00866556167602539 -0.000719070434570313 -0.0561065673828125 -0.174026489257813
0.0187950134277344 0.00154304504394531 0.162155151367188 -0.186721801757813
0.00732612609863281 0.0102176666259766 0.356903076171875 -0.009307861328125
-0.0169591903686523 0.000783920288085938 0.23699951171875 0.341278076171875
-0.00929737091064453 -0.0172815322875977 -0.107269287109375 0.44818115234375
-0.000162601470947266 0.00743913650512695 -0.259429931640625 0.211318969726562
0.0117816925048828 0.0166835784912109 0.0165271759033203 0.0260848999023437
0.00679492950439453 0.0133571624755859 0.30206298828125 -0.221282958984375
0.0109376907348633 0.003662109375 0.1102294921875 -0.48394775390625
0.00074458122253418 0.00276088714599609 -0.30511474609375 -0.29656982421875
-0.00134420394897461 0.0045781135559082 -0.32916259765625 0.0749816894531249
0.011235237121582 0.000285148620605469 -0.13031005859375 0.21142578125
0.00442266464233399 -0.00472784042358399 0.066619873046875 0.169662475585938
0.00392436981201172 -0.00839853286743164 0.167236328125 0.0511474609375
0.0144624710083008 -0.00718498229980469 -0.163192749023438 -0.0701904296875
0.00884628295898437 0.00244045257568359 -0.0535125732421875 -0.174270629882813
0.0169544219970703 0.00447654724121094 0.165985107421875 -0.184661865234375
0.0049896240234375 0.0102682113647461 0.3585205078125 -0.0032958984375
-0.0180816650390625 -0.0036163330078125 0.23175048828125 0.347412109375
-0.0061492919921875 -0.0228176116943359 -0.115478515625 0.446258544921875
0.00593376159667969 0.00400495529174805 -0.260406494140625 0.206878662109375
0.0200405120849609 0.0157794952392578 0.0200786590576172 0.0240287780761719
0.0135412216186523 0.0094461441040039 0.30096435546875 -0.225799560546875
0.0132761001586914 -0.00222682952880859 0.102386474609375 -0.48468017578125
-0.000154972076416016 -0.00146365165710449 -0.308807373046875 -0.289764404296875
-0.00336623191833496 0.00426054000854492 -0.32696533203125 0.0804138183593749
0.00909042358398438 0.00223636627197266 -0.127212524414063 0.212753295898438
0.00385236740112305 -0.00136208534240723 0.0688018798828125 0.1688232421875
0.00282716751098633 -0.00452947616577149 0.1673583984375 0.0500946044921875
0.0136117935180664 -0.0030517578125 -0.163772583007812 -0.0714874267578125
0.0083928108215332 0.00493717193603516 -0.0523834228515625 -0.174163818359375
0.0150823593139648 0.00597476959228516 0.168289184570312 -0.18353271484375
0.00267887115478515 0.009765625 0.359405517578125 0.000305175781250001
-0.0182285308837891 -0.007110595703125 0.2303466796875 0.35174560546875
-0.00312232971191406 -0.0286331176757813 -0.118133544921875 0.445159912109375
0.0136928558349609 -0.000433921813964844 -0.260986328125 0.204132080078125
0.0290584564208984 0.014251708984375 0.0203151702880859 0.0238685607910156
0.0207271575927734 0.00490760803222656 0.298126220703125 -0.22625732421875
0.0161571502685547 -0.00786209106445313 0.09906005859375 -0.484344482421875
-0.000861167907714844 -0.00535011291503906 -0.3115234375 -0.28656005859375
-0.00538921356201172 0.00475406646728516 -0.32696533203125 0.083160400390625
0.0071563720703125 0.00358104705810547 -0.126068115234375 0.214248657226563
0.00293159484863281 0.0014503002166748 0.069366455078125 0.170135498046875
0.00221085548400879 -0.000256538391113281 0.167938232421875 0.051116943359375
0.0120601654052734 0.000902175903320313 -0.163177490234375 -0.0702056884765625
0.00884342193603516 0.00773811340332031 -0.0523834228515625 -0.1729736328125
0.0133781433105469 0.00789833068847656 0.167037963867188 -0.181610107421875
0.00106716156005859 0.00976085662841797 0.35687255859375 0.000701904296875001
-0.0190105438232422 -0.0107784271240234 0.22882080078125 0.35076904296875
7.0571899414064E-05 -0.0338306427001953 -0.118927001953125 0.445465087890625
0.0206336975097656 -0.00404167175292969 -0.264068603515625 0.2052001953125
0.0374298095703125 0.0127792358398438 0.0172119140625 0.0242824554443359
0.0278835296630859 0.000802993774414063 0.297210693359375 -0.223724365234375
0.0185565948486328 -0.0132770538330078 0.100341796875 -0.480560302734375
-0.00219583511352539 -0.00869941711425781 -0.3099365234375 -0.286041259765625
-0.00616979598999023 0.00501680374145508 -0.327117919921875 0.0820617675781251
0.00532388687133789 0.00577497482299805 -0.128067016601562 0.213455200195313
0.00270271301269531 0.00398468971252441 0.0688323974609375 0.170211791992188
0.00157952308654785 0.00357460975646973 0.167831420898438 0.05126953125
0.0112485885620117 0.00351238250732422 -0.163070678710938 -0.0702667236328125
0.00927925109863281 0.00865459442138672 -0.0542449951171875 -0.172073364257813
0.0124969482421875 0.00901222229003906 0.163314819335938 -0.182876586914063
-0.000152587890625 0.00934410095214844 0.35394287109375 -0.002349853515625
-0.0188884735107422 -0.0122432708740234 0.232330322265625 0.346099853515625
0.0016632080078125 -0.0372161865234375 -0.1143798828125 0.44671630859375
0.0249958038330078 -0.00703620910644531 -0.265777587890625 0.208770751953125
0.0445518493652344 0.0117340087890625 0.0110397338867188 0.0267162322998047
0.0334320068359375 -0.001495361328125 0.29638671875 -0.218170166015625
0.0209674835205078 -0.01690673828125 0.105682373046875 -0.478118896484375
-0.00288486480712891 -0.010584831237793 -0.308074951171875 -0.289337158203125
-0.00742769241333008 0.00497245788574219 -0.329742431640625 0.078125
0.00496816635131836 0.00625085830688477 -0.131271362304688 0.212005615234375
0.00292587280273438 0.00483894348144531 0.0666351318359375 0.17108154296875
0.00137519836425781 0.00621986389160156 0.16815185546875 0.0525665283203125
0.0109157562255859 0.00454902648925781 -0.162155151367188 -0.0691375732421875
0.00962734222412109 0.00825119018554688 -0.058074951171875 -0.170562744140625
0.0122442245483398 0.00890445709228515 0.158035278320313 -0.18414306640625
9.05990600585936E-05 0.00926685333251953 0.3502197265625 -0.01068115234375
-0.0200862884521484 -0.0124416351318359 0.237579345703125 0.3414306640625
0.00202560424804688 -0.0387458801269531 -0.106964111328125 0.453338623046875
0.0282688140869141 -0.00873756408691406 -0.267364501953125 0.216842651367187
0.0486030578613281 0.0114212036132812 0.00311279296875 0.0292549133300781
0.0370635986328125 -0.00253677368164063 0.295562744140625 -0.21038818359375
0.0219268798828125 -0.018218994140625 0.113525390625 -0.476318359375
-0.00316047668457031 -0.0116004943847656 -0.3023681640625 -0.29718017578125
-0.00780391693115234 0.00504159927368164 -0.333831787109375 0.0718383789062501
0.00433826446533203 0.00653934478759766 -0.137283325195312 0.211044311523438
0.00311660766601562 0.00512075424194336 0.0639190673828125 0.172210693359375
0.00125455856323242 0.00822639465332031 0.167434692382813 0.0533599853515625
0.0171623229980469 -0.0169162750244141 -0.162689208984375 -0.066070556640625
0.00882625579833984 -0.00698661804199219 -0.0636444091796875 -0.170166015625
0.0213737487792969 -0.00234603881835938 0.148025512695313 -0.190277099609375
0.010645866394043 0.0104207992553711 0.348480224609375 -0.02813720703125
-0.0168447494506836 0.00752830505371093 0.2503662109375 0.323394775390625
-0.0143375396728516 -0.00833225250244141 -0.083831787109375 0.44879150390625
-0.00790596008300781 0.0122461318969727 -0.257171630859375 0.225677490234375
0.00289726257324219 0.0181388854980469 0.00197601318359375 0.0317916870117188
-0.00109100341796875 0.0186328887939453 0.2994384765625 -0.204559326171875
0.00777626037597656 0.0118684768676758 0.131134033203125 -0.47784423828125
0.00154209136962891 0.00824165344238281 -0.290191650390625 -0.311920166015625
0.00133991241455078 0.00376605987548828 -0.334259033203125 0.05902099609375
0.014164924621582 -0.00243854522705078 -0.14044189453125 0.204330444335938
0.00618743896484375 -0.00948524475097656 0.0597991943359375 0.169219970703125
0.00535869598388672 -0.0133228302001953 0.164642333984375 0.051483154296875
0.0160980224609375 -0.0142393112182617 -0.162567138671875 -0.06732177734375
0.00923919677734375 -0.00418281555175781 -0.058624267578125 -0.171615600585938
0.0196418762207031 -0.000604629516601563 0.154525756835937 -0.1875
0.00896739959716797 0.0102701187133789 0.352020263671875 -0.018829345703125
-0.0172643661499023 0.00461578369140625 0.24267578125 0.3319091796875
-0.012786865234375 -0.0112504959106445 -0.0985717773437499 0.447845458984375
-0.00562191009521484 0.0104789733886719 -0.258041381835938 0.216705322265625
0.00585365295410156 0.0178127288818359 0.0103244781494141 0.0284786224365234
0.00203132629394531 0.0170669555664063 0.301300048828125 -0.21331787109375
0.00964164733886719 0.00897502899169922 0.11895751953125 -0.47979736328125
0.00173425674438477 0.00602102279663086 -0.29632568359375 -0.302398681640625
0.00028228759765625 0.00401616096496582 -0.329986572265625 0.0673522949218751
0.0127553939819336 -0.00134468078613281 -0.1341552734375 0.206954956054688
0.0050349235534668 -0.00716304779052734 0.063873291015625 0.168167114257813
0.00464344024658203 -0.0111064910888672 0.164840698242188 0.0497283935546875
0.015681266784668 -0.0112619400024414 -0.163345336914062 -0.068145751953125
0.00877904891967773 -0.000731945037841797 -0.05548095703125 -0.17266845703125
0.0184211730957031 0.00152969360351563 0.160232543945313 -0.18572998046875
0.00692558288574219 0.00980377197265625 0.35479736328125 -0.00958251953125
-0.0174293518066406 0.00121116638183593 0.236602783203125 0.3389892578125
-0.00943470001220703 -0.0163660049438477 -0.10711669921875 0.4449462890625
-0.000549793243408203 0.00759696960449219 -0.257461547851563 0.209197998046875
0.0117530822753906 0.0163497924804688 0.0160541534423828 0.0261096954345703
0.00716209411621094 0.0130405426025391 0.298370361328125 -0.220367431640625
0.0114459991455078 0.00364780426025391 0.107452392578125 -0.481292724609375
0.00084686279296875 0.00260567665100098 -0.30474853515625 -0.2918701171875
-0.00116109848022461 0.00404191017150879 -0.32684326171875 0.0751342773437501
0.0104503631591797 9.44137573242187E-05 -0.128768920898438 0.209854125976562
0.00401735305786133 -0.0043642520904541 0.0670623779296875 0.168106079101563
0.00404119491577149 -0.00796079635620117 0.165817260742188 0.0500030517578125
0.013972282409668 -0.00723171234130859 -0.163070678710938 -0.068603515625
0.00842761993408203 0.00236892700195313 -0.0536651611328125 -0.172348022460938
0.0167007446289063 0.00369644165039063 0.164688110351563 -0.183990478515625
0.00504302978515625 0.00955104827880859 0.356475830078125 -0.003173828125
-0.0182456970214844 -0.00310516357421875 0.231475830078125 0.34454345703125
-0.00686073303222656 -0.0222682952880859 -0.11444091796875 0.44384765625
0.00585317611694336 0.00351858139038086 -0.258682250976563 0.205780029296875
0.0199775695800781 0.0148963928222656 0.0200004577636719 0.0239200592041016
0.0135517120361328 0.00846672058105469 0.297454833984375 -0.223907470703125
0.0138835906982422 -0.00223731994628906 0.100799560546875 -0.482147216796875
-2.02655792236328E-05 -0.00136959552764893 -0.30755615234375 -0.285888671875
-0.00320863723754883 0.00461006164550781 -0.32415771484375 0.0805664062500001
0.00879955291748047 0.00173568725585937 -0.125350952148437 0.2113037109375
0.00343608856201172 -0.00138306617736816 0.0690155029296875 0.167037963867188
0.00292205810546875 -0.00407671928405762 0.166793823242188 0.04962158203125
0.0132923126220703 -0.00316905975341797 -0.162857055664063 -0.070465087890625
0.00853347778320313 0.00537633895874023 -0.052276611328125 -0.172500610351563
0.0146427154541016 0.00551891326904297 0.166641235351563 -0.1827392578125
0.00257778167724609 0.00941753387451172 0.356414794921875 -0.001495361328125
-0.0184249877929688 -0.00720024108886719 0.229461669921875 0.347625732421875
-0.00292778015136719 -0.0281181335449219 -0.116790771484375 0.443084716796875
0.0131025314331055 -0.000424385070800781 -0.259750366210937 0.202865600585938
0.0289192199707031 0.0137100219726563 0.0200176239013672 0.0235767364501953
0.0210380554199219 0.00459098815917969 0.296356201171875 -0.2244873046875
0.0167055130004883 -0.0083017349243164 0.09619140625 -0.481353759765625
-0.00116586685180664 -0.00525522232055664 -0.309967041015625 -0.28314208984375
-0.00476837158203125 0.00459575653076172 -0.323272705078125 0.0826721191406251
0.00706291198730469 0.00339174270629883 -0.12408447265625 0.21246337890625
0.00272369384765625 0.00118160247802734 0.06939697265625 0.168670654296875
0.00249171257019043 7.48634338378906E-05 0.167129516601563 0.0504608154296875
0.0118932723999023 0.000902175903320313 -0.16265869140625 -0.0689697265625
0.00936126708984375 0.00752449035644531 -0.0532989501953125 -0.171173095703125
0.0132265090942383 0.00760459899902344 0.16455078125 -0.181289672851563
0.000925064086914063 0.00938034057617188 0.35443115234375 6.10351562500006E-05
-0.0189762115478516 -0.0104694366455078 0.22735595703125 0.3480224609375
2.67028808593781E-05 -0.0334396362304688 -0.11712646484375 0.44268798828125
0.0199184417724609 -0.00412178039550781 -0.261947631835938 0.204086303710937
0.037109375 0.0122795104980469 0.0165882110595703 0.024566650390625
0.0281181335449219 0.00101470947265625 0.295257568359375 -0.221832275390625
0.0185108184814453 -0.0135879516601563 0.098175048828125 -0.47625732421875
-0.00200557708740234 -0.00826120376586914 -0.30780029296875 -0.2835693359375
-0.00619649887084961 0.00505542755126953 -0.324066162109375 0.082244873046875
0.00490808486938477 0.00542545318603516 -0.126052856445312 0.211578369140625
0.00280451774597168 0.00383973121643066 0.0686492919921875 0.168777465820313
0.00175738334655762 0.0041191577911377 0.166702270507813 0.0504913330078125
0.0114221572875977 0.00339984893798828 -0.162490844726563 -0.0691680908203125
0.00931358337402344 0.00843524932861328 -0.054840087890625 -0.170547485351563
0.0120449066162109 0.0082550048828125 0.161392211914063 -0.182144165039063
-1.0490417480468E-05 0.00876522064208984 0.351776123046875 -0.0037841796875
-0.0194530487060547 -0.0118656158447266 0.231201171875 0.34429931640625
0.00136566162109375 -0.036895751953125 -0.11260986328125 0.444671630859375
0.0251007080078125 -0.00724220275878906 -0.263992309570312 0.207382202148438
0.0439987182617187 0.010894775390625 0.0107593536376953 0.0262336730957031
0.0333843231201172 -0.00160598754882812 0.293243408203125 -0.216705322265625
0.0207595825195312 -0.0171890258789062 0.103485107421875 -0.475128173828125
-0.00268268585205078 -0.0102558135986328 -0.305206298828125 -0.28692626953125
-0.007080078125 0.00492286682128906 -0.32659912109375 0.0784912109375
0.0047450065612793 0.00618791580200195 -0.12994384765625 0.211013793945313
0.00264549255371094 0.00511264801025391 0.066925048828125 0.169845581054688
0.00142288208007812 0.00694704055786133 0.167022705078125 0.050872802734375
0.0109100341796875 0.00469303131103516 -0.16192626953125 -0.0684051513671875
0.00977706909179688 0.00776100158691406 -0.0575408935546875 -0.16912841796875
0.012115478515625 0.00865840911865234 0.156661987304688 -0.183303833007813
-2.28881835937503E-05 0.00938987731933594 0.34832763671875 -0.011810302734375
-0.0203075408935547 -0.0125808715820313 0.237060546875 0.33880615234375
0.00142669677734375 -0.0382080078125 -0.10601806640625 0.448486328125
0.0276641845703125 -0.00895118713378906 -0.265945434570313 0.215667724609375
0.0482673645019531 0.0108184814453125 0.00291633605957031 0.0295124053955078
0.0373344421386719 -0.00304031372070313 0.291961669921875 -0.209686279296875
0.02191162109375 -0.0182743072509766 0.112518310546875 -0.473236083984375
-0.00291633605957031 -0.011444091796875 -0.300537109375 -0.29486083984375
-0.00758457183837891 0.00464200973510742 -0.330474853515625 0.0726013183593751
0.00478696823120117 0.00636720657348633 -0.135391235351563 0.209564208984375
0.0034174919128418 0.00472116470336914 0.06439208984375 0.170501708984375
0.00158119201660156 0.00828742980957031 0.166519165039062 0.0521087646484375
0.0170383453369141 -0.0163755416870117 -0.162124633789063 -0.064849853515625
0.00880146026611328 -0.00699615478515625 -0.0638427734375 -0.168624877929687
0.0213890075683594 -0.0026397705078125 0.146743774414063 -0.189254760742187
0.0105447769165039 0.00974273681640625 0.346160888671875 -0.0294189453125
-0.0167608261108398 0.00759315490722656 0.249847412109375 0.31976318359375
-0.01446533203125 -0.00803852081298828 -0.083160400390625 0.44683837890625
-0.00847434997558594 0.0123348236083984 -0.255401611328125 0.224044799804688
0.00228691101074219 0.0176296234130859 0.00187873840332031 0.0317916870117188
-0.000162124633789061 0.0186195373535156 0.29766845703125 -0.203033447265625
0.00852680206298828 0.0120487213134766 0.129486083984375 -0.473236083984375
0.00186491012573242 0.00803565979003906 -0.287811279296875 -0.3092041015625
0.00181198120117188 0.00382876396179199 -0.33074951171875 0.0585632324218749
0.0141372680664063 -0.00216102600097656 -0.139129638671875 0.202682495117188
0.00582790374755859 -0.00957298278808594 0.0603179931640625 0.16766357421875
0.00532627105712891 -0.0126638412475586 0.1630859375 0.0505828857421875
0.0158729553222656 -0.014399528503418 -0.162094116210938 -0.0654296875
0.00876569747924805 -0.00430107116699219 -0.05902099609375 -0.169418334960938
0.0197105407714844 -0.0014801025390625 0.153457641601563 -0.186767578125
0.00881767272949219 0.00970935821533203 0.3482666015625 -0.019378662109375
-0.0173740386962891 0.0046539306640625 0.24072265625 0.329254150390625
-0.0127201080322266 -0.0109338760375977 -0.09759521484375 0.444244384765625
-0.00589561462402344 0.0106096267700195 -0.25634765625 0.2159423828125
0.00571823120117188 0.0170507431030273 0.0100612640380859 0.0283546447753906
0.0022735595703125 0.0163335800170898 0.299072265625 -0.211151123046875
0.00942420959472656 0.00854587554931641 0.11865234375 -0.476806640625
0.00186538696289063 0.00561809539794922 -0.29498291015625 -0.30010986328125
0.000671148300170899 0.00378179550170898 -0.327117919921875 0.06658935546875
0.0121288299560547 -0.00165557861328125 -0.133804321289062 0.205474853515625
0.00530481338500977 -0.00778961181640625 0.0640869140625 0.166610717773438
0.00458812713623047 -0.0109214782714844 0.164169311523438 0.0490875244140625
0.01544189453125 -0.0113258361816406 -0.162673950195313 -0.0672760009765625
0.00824356079101563 -0.00106191635131836 -0.0564727783203125 -0.170791625976563
0.0184421539306641 0.00138282775878906 0.159149169921875 -0.184310913085938
0.00720596313476562 0.00983715057373047 0.352264404296875 -0.0111083984375
-0.0176811218261719 0.00120353698730469 0.2359619140625 0.335968017578125
-0.00997066497802734 -0.0160675048828125 -0.10467529296875 0.440948486328125
-0.000828742980957031 0.00728940963745117 -0.255706787109375 0.2088623046875
0.011631965637207 0.0157480239868164 0.0166282653808594 0.0253963470458984
0.00753211975097656 0.0128145217895508 0.296051025390625 -0.219268798828125
0.0111751556396484 0.00313854217529297 0.106231689453125 -0.4783935546875
0.000586390495300293 0.0021367073059082 -0.301239013671875 -0.291046142578125
-0.00123834609985352 0.00395011901855469 -0.32415771484375 0.07470703125
0.0108499526977539 -4.10079956054688E-05 -0.127578735351562 0.207992553710938
0.00380873680114746 -0.00435066223144531 0.0673828125 0.166915893554687
0.00408506393432617 -0.00765562057495117 0.165237426757813 0.04937744140625
0.0143642425537109 -0.00710296630859375 -0.162322998046875 -0.0679473876953125
0.00836038589477539 0.0024714469909668 -0.0540924072265625 -0.171051025390625
0.0163230895996094 0.00340652465820312 0.162521362304688 -0.182159423828125
0.00493812561035156 0.0091094970703125 0.354461669921875 -0.004150390625
-0.0179042816162109 -0.0031280517578125 0.23052978515625 0.34210205078125
-0.00653266906738281 -0.0215587615966797 -0.11322021484375 0.4410400390625
0.00545215606689453 0.00370597839355469 -0.257736206054688 0.204132080078125
0.0194759368896484 0.0150146484375 0.0197277069091797 0.0237903594970703
0.0139217376708984 0.00828838348388672 0.295196533203125 -0.2232666015625
0.013859748840332 -0.00232505798339844 0.099884033203125 -0.478851318359375
7.56978988647459E-05 -0.00148022174835205 -0.305389404296875 -0.284423828125
-0.00275087356567383 0.00391697883605957 -0.321533203125 0.080413818359375
0.00849342346191406 0.00169181823730469 -0.123977661132813 0.209579467773437
0.00323367118835449 -0.00156593322753906 0.0693817138671875 0.166229248046875
0.0030825138092041 -0.0036323070526123 0.165451049804688 0.0485687255859375
0.0135879516601562 -0.00301742553710938 -0.162948608398438 -0.0689239501953125
0.00838708877563477 0.00479745864868164 -0.0529632568359375 -0.170806884765625
0.0148391723632813 0.00513839721679688 0.165298461914063 -0.1810302734375
0.00246953964233399 0.00876426696777344 0.35418701171875 -0.001495361328125
-0.0187454223632812 -0.00722503662109375 0.22833251953125 0.344696044921875
-0.00325393676757813 -0.0273857116699219 -0.11602783203125 0.43927001953125
0.0123605728149414 0.000163078308105469 -0.258224487304687 0.201950073242188
0.0286293029785156 0.0130748748779297 0.0194110870361328 0.0236034393310547
0.0212841033935547 0.00434684753417969 0.293914794921875 -0.222869873046875
0.0164289474487305 -0.00879478454589844 0.09521484375 -0.47772216796875
-0.0011906623840332 -0.00527477264404297 -0.307220458984375 -0.281341552734375
-0.00470542907714844 0.0045323371887207 -0.320953369140625 0.0832214355468751
0.00686788558959961 0.00315332412719727 -0.122756958007813 0.210769653320313
0.00302219390869141 0.00102090835571289 0.0697479248046875 0.16778564453125
0.00241947174072266 3.60012054443359E-05 0.166397094726563 0.049285888671875
0.011962890625 0.000851631164550781 -0.162460327148438 -0.0674896240234375
0.00881290435791015 0.00711822509765625 -0.053192138671875 -0.169662475585938
0.0131111145019531 0.00703620910644531 0.1634521484375 -0.180206298828125
0.00100803375244141 0.00884819030761719 0.3519287109375 -0.000640869140624999
-0.0189228057861328 -0.0101337432861328 0.22711181640625 0.345062255859375
-0.000463485717773436 -0.0322589874267578 -0.11669921875 0.44049072265625
0.0194778442382812 -0.00396919250488281 -0.260879516601563 0.20263671875
0.0369224548339844 0.0116157531738281 0.0166473388671875 0.0240821838378906
0.0281620025634766 0.000391006469726563 0.292724609375 -0.220550537109375
0.0185985565185547 -0.0131702423095703 0.096527099609375 -0.4739990234375
-0.00219392776489258 -0.00850820541381836 -0.3052978515625 -0.281494140625
-0.00599098205566406 0.00492715835571289 -0.321441650390625 0.08258056640625
0.00511837005615234 0.00490951538085938 -0.125137329101563 0.210433959960938
0.00227642059326172 0.00356602668762207 0.0690155029296875 0.16766357421875
0.00183796882629395 0.0039982795715332 0.165939331054688 0.049224853515625
0.0111846923828125 0.00318622589111328 -0.161758422851563 -0.06781005859375
0.00900459289550781 0.00849342346191406 -0.0553131103515625 -0.168716430664062
0.0117483139038086 0.00805568695068359 0.159912109375 -0.18060302734375
6.5326690673829E-05 0.00852870941162109 0.3492431640625 -0.0045166015625
-0.01947021484375 -0.0122470855712891 0.2308349609375 0.3409423828125
0.00145339965820313 -0.0358123779296875 -0.112548828125 0.442047119140625
0.0243759155273437 -0.00674629211425781 -0.262664794921875 0.206680297851563
0.0434722900390625 0.0113143920898437 0.0103378295898438 0.0263385772705078
0.0338649749755859 -0.00172996520996094 0.2916259765625 -0.214935302734375
0.0205879211425781 -0.0169830322265625 0.102264404296875 -0.4718017578125
-0.00301170349121094 -0.0105972290039063 -0.303985595703125 -0.283721923828125
-0.00691699981689453 0.00482702255249023 -0.32440185546875 0.078125
0.00442171096801758 0.00568342208862305 -0.128814697265625 0.208969116210938
0.00229024887084961 0.00505161285400391 0.0672760009765625 0.169036865234375
0.0019230842590332 0.00663948059082031 0.166259765625 0.0500335693359375
0.0107240676879883 0.00454235076904297 -0.161148071289063 -0.066802978515625
0.00927066802978516 0.007904052734375 -0.0583343505859375 -0.166976928710938
0.0116891860961914 0.00825977325439453 0.1553955078125 -0.182235717773438
-0.000319480895996095 0.00897121429443359 0.3465576171875 -0.0118408203125
-0.0201454162597656 -0.0120906829833984 0.236175537109375 0.33624267578125
0.001495361328125 -0.0375404357910156 -0.10540771484375 0.446380615234375
0.0271778106689453 -0.00834465026855469 -0.264266967773438 0.214187622070313
0.0479011535644531 0.0106124877929688 0.00238990783691407 0.0292778015136719
0.0372543334960938 -0.0030670166015625 0.290374755859375 -0.208160400390625
0.0223751068115234 -0.018280029296875 0.110748291015625 -0.4698486328125
-0.00330352783203125 -0.0113363265991211 -0.2989501953125 -0.2923583984375
-0.00709295272827148 0.00505685806274414 -0.32763671875 0.0722045898437499
0.0046238899230957 0.00628185272216797 -0.134201049804687 0.207992553710938
0.00324773788452148 0.00447607040405273 0.06390380859375 0.169906616210938
0.0019989013671875 0.0086359977722168 0.165847778320313 0.051300048828125
0.0167980194091797 -0.0163078308105469 -0.161407470703125 -0.064544677734375
0.00846576690673828 -0.00661659240722656 -0.06353759765625 -0.167007446289063
0.0208225250244141 -0.00338554382324219 0.145843505859375 -0.188385009765625
0.0102968215942383 0.00913715362548828 0.34417724609375 -0.028717041015625
-0.0171194076538086 0.0075216293334961 0.248687744140625 0.31805419921875
-0.014378547668457 -0.00738143920898437 -0.08416748046875 0.444000244140625
-0.0082855224609375 0.012944221496582 -0.255264282226563 0.222732543945313
0.00241565704345703 0.0168905258178711 0.00179100036621094 0.0315055847167969
-0.000190734863281251 0.0181236267089844 0.29638671875 -0.202606201171875
0.00805568695068359 0.0114269256591797 0.12811279296875 -0.47015380859375
0.00194454193115234 0.00809574127197266 -0.286163330078125 -0.307525634765625
0.00165605545043945 0.00352382659912109 -0.329193115234375 0.05792236328125
0.0139760971069336 -0.00287151336669922 -0.137893676757812 0.201263427734375
0.00571823120117188 -0.00963592529296875 0.0600738525390625 0.167236328125
0.00566768646240234 -0.0128707885742188 0.1629638671875 0.0500030517578125
0.0158023834228516 -0.0140380859375 -0.161666870117187 -0.065399169921875
0.00867986679077149 -0.00440883636474609 -0.0592041015625 -0.168365478515625
0.0199203491210938 -0.00169944763183594 0.15240478515625 -0.185867309570313
0.00909233093261719 0.00950717926025391 0.34759521484375 -0.019866943359375
-0.0175409317016602 0.00496196746826172 0.2403564453125 0.327606201171875
-0.0129795074462891 -0.0109643936157227 -0.0964355468749999 0.443023681640625
-0.00577354431152344 0.0106029510498047 -0.255523681640625 0.21392822265625
0.00559616088867188 0.01641845703125 0.00991058349609375 0.0284442901611328
0.00267887115478516 0.0155906677246094 0.29583740234375 -0.21075439453125
0.00959300994873047 0.00834369659423828 0.117095947265625 -0.474578857421875
0.0015869140625 0.00579023361206055 -0.292510986328125 -0.296630859375
0.000921726226806641 0.00369763374328613 -0.32537841796875 0.06646728515625
0.0125417709350586 -0.00171566009521484 -0.132659912109375 0.203659057617188
0.0047612190246582 -0.00752925872802734 0.0638580322265625 0.16552734375
0.00455856323242188 -0.0108108520507813 0.162994384765625 0.0482635498046875
0.0149164199829102 -0.0109310150146484 -0.161407470703125 -0.066253662109375
0.00811433792114258 -0.0013890266418457 -0.05621337890625 -0.169143676757813
0.0184955596923828 0.000249862670898438 0.158111572265625 -0.183212280273438
0.00716686248779297 0.00921344757080078 0.35064697265625 -0.010711669921875
-0.0177001953125 0.00154876708984375 0.234130859375 0.3343505859375
-0.0103921890258789 -0.0154609680175781 -0.104583740234375 0.440216064453125
-0.00158071517944336 0.00772905349731445 -0.254684448242188 0.2071533203125
0.0114431381225586 0.0155658721923828 0.0157680511474609 0.0254898071289063
0.00753307342529297 0.0126256942749023 0.295257568359375 -0.217742919921875
0.0114574432373047 0.00316333770751953 0.106781005859375 -0.47552490234375
0.000983476638793945 0.00212132930755615 -0.2987060546875 -0.28955078125
-0.0009765625 0.00380945205688476 -0.322265625 0.0744018554687501
0.0107507705688477 -0.000113487243652344 -0.126480102539062 0.206024169921875
0.00398874282836914 -0.00429177284240723 0.0669097900390625 0.165924072265625
0.0040130615234375 -0.00792455673217773 0.16455078125 0.04827880859375
0.0139026641845703 -0.00715160369873047 -0.16217041015625 -0.0670013427734375
0.0082707405090332 0.00221633911132813 -0.053680419921875 -0.1690673828125
0.0164899826049805 0.00304794311523437 0.161865234375 -0.181427001953125
0.00445365905761719 0.00879573822021484 0.3511962890625 -0.0050048828125
-0.0180587768554687 -0.00311470031738282 0.23004150390625 0.34033203125
-0.00645637512207031 -0.0208625793457031 -0.11370849609375 0.4373779296875
0.00474023818969726 0.00383424758911133 -0.255935668945313 0.202682495117187
0.0193748474121094 0.014495849609375 0.0192127227783203 0.0238094329833984
0.0143957138061523 0.00826454162597656 0.294525146484375 -0.220794677734375
0.0138063430786133 -0.00221824645996094 0.09881591796875 -0.4769287109375
-2.59876251220705E-05 -0.00145196914672852 -0.30279541015625 -0.28302001953125
-0.0025169849395752 0.00419044494628906 -0.3194580078125 0.079833984375
0.00807332992553711 0.00177860260009766 -0.123489379882813 0.20831298828125
0.00315332412719727 -0.00121736526489258 0.069122314453125 0.165069580078125
0.00308442115783691 -0.00336289405822754 0.165374755859375 0.047943115234375
0.0130100250244141 -0.00314235687255859 -0.162033081054688 -0.0679931640625
0.00783061981201172 0.00502729415893555 -0.0528411865234375 -0.168624877929688
0.0143041610717773 0.00497150421142578 0.164260864257813 -0.1800537109375
0.00253772735595703 0.00895404815673828 0.350677490234375 -0.00244140625
-0.0190219879150391 -0.00678634643554688 0.2279052734375 0.34295654296875
-0.00301933288574218 -0.0267829895019531 -0.116363525390625 0.436859130859375
0.012476921081543 -0.000360488891601563 -0.2574462890625 0.200515747070312
0.0282478332519531 0.0127353668212891 0.0195102691650391 0.0235557556152344
0.0213909149169922 0.00366401672363281 0.29095458984375 -0.222320556640625
0.0163726806640625 -0.00853443145751953 0.0948486328125 -0.475006103515625
-0.000830173492431641 -0.00536441802978516 -0.305816650390625 -0.27984619140625
-0.00442647933959961 0.00439977645874023 -0.31927490234375 0.0826416015625
0.00701141357421875 0.00349712371826172 -0.122634887695313 0.20928955078125
0.0025486946105957 0.0018913745880127 0.0689849853515625 0.166748046875
0.00262093544006348 0.000216245651245117 0.165573120117188 0.0487518310546875
0.0115747451782227 0.000585556030273438 -0.161895751953125 -0.0673828125
0.00848150253295898 0.00720405578613281 -0.053131103515625 -0.168212890625
0.0127191543579102 0.00703048706054687 0.162246704101563 -0.17919921875
0.000679969787597656 0.00868415832519531 0.3502197265625 -0.001220703125
-0.0190258026123047 -0.010162353515625 0.22509765625 0.343505859375
-0.000337600708007815 -0.0321216583251953 -0.116119384765625 0.43707275390625
0.0189247131347656 -0.00370025634765625 -0.260452270507813 0.20196533203125
0.0367469787597656 0.0114936828613281 0.0162429809570313 0.0240364074707031
0.0282268524169922 2.288818359375E-05 0.291015625 -0.218597412109375
0.0185451507568359 -0.0137901306152344 0.0977783203125 -0.472625732421875
-0.00222682952880859 -0.00893020629882813 -0.3040771484375 -0.279754638671875
-0.00587606430053711 0.00447320938110352 -0.3203125 0.0819396972656249
0.00499105453491211 0.00491237640380859 -0.12347412109375 0.208145141601563
0.00247311592102051 0.00369334220886231 0.0686798095703125 0.1666259765625
0.00199556350708008 0.00409054756164551 0.165176391601563 0.048614501953125
0.0110235214233398 0.00315666198730469 -0.161468505859375 -0.0670623779296875
0.00886440277099609 0.00828742980957031 -0.0556793212890625 -0.167343139648438
0.0117568969726563 0.00750255584716797 0.158950805664063 -0.179855346679688
-4.76837158203257E-07 0.00822877883911133 0.347747802734375 -0.0047607421875
-0.0197620391845703 -0.0122604370117187 0.230255126953125 0.33892822265625
0.00139808654785156 -0.0350360870361328 -0.11212158203125 0.439208984375
0.0241279602050781 -0.00646209716796875 -0.261398315429688 0.205078125
0.0434951782226563 0.0105934143066406 0.0103530883789063 0.0260677337646484
0.033843994140625 -0.00229454040527344 0.289337158203125 -0.21343994140625
0.0204486846923828 -0.0172367095947266 0.10174560546875 -0.47039794921875
-0.00282382965087891 -0.0107212066650391 -0.3013916015625 -0.283050537109375
-0.00670528411865234 0.00525045394897461 -0.322174072265625 0.0776977539062499
0.00423669815063477 0.00578069686889648 -0.1279296875 0.207199096679687
0.00263500213623047 0.00539493560791016 0.0669708251953125 0.168243408203125
0.00173568725585937 0.00686740875244141 0.16552734375 0.049591064453125
0.0104055404663086 0.00472545623779297 -0.16064453125 -0.0663604736328125
0.00905227661132813 0.00766372680664063 -0.0583343505859375 -0.16595458984375
0.0114669799804688 0.00789260864257813 0.154617309570313 -0.181640625
-0.000365257263183594 0.00880813598632813 0.3443603515625 -0.011749267578125
-0.0201644897460938 -0.0118942260742188 0.235198974609375 0.334075927734375
0.00110244750976562 -0.0371551513671875 -0.10443115234375 0.443817138671875
0.0269031524658203 -0.00798225402832031 -0.263137817382813 0.212905883789062
0.0473556518554687 0.0102653503417969 0.00246620178222656 0.0291996002197266
0.0373001098632812 -0.0030364990234375 0.288421630859375 -0.2071533203125
0.0220298767089844 -0.0185832977294922 0.110443115234375 -0.467498779296875
-0.00321006774902344 -0.0115633010864258 -0.29766845703125 -0.29132080078125
-0.00726890563964844 0.00452423095703125 -0.32574462890625 0.0725097656250001
0.00472688674926758 0.00646638870239258 -0.1331787109375 0.206207275390625
0.002838134765625 0.00490379333496094 0.06396484375 0.168701171875
0.00152826309204102 0.00852346420288086 0.164688110351563 0.050567626953125
0.016693115234375 -0.0166854858398438 -0.161270141601563 -0.0639801025390625
0.00836467742919922 -0.00670766830444336 -0.0634613037109375 -0.166259765625
0.0206279754638672 -0.00374031066894531 0.14520263671875 -0.187408447265625
0.00974655151367188 0.00919151306152344 0.342529296875 -0.029266357421875
-0.0169696807861328 0.00764942169189453 0.2474365234375 0.317352294921875
-0.0145587921142578 -0.0069265365600586 -0.084228515625 0.44171142578125
-0.00852680206298828 0.0128173828125 -0.254608154296875 0.221267700195312
0.00224494934082031 0.0165119171142578 0.00133132934570313 0.0315933227539063
0.000255584716796876 0.0176944732666016 0.294952392578125 -0.20068359375
0.00853443145751953 0.0115833282470703 0.128448486328125 -0.469573974609375
0.00157928466796875 0.00801944732666016 -0.28399658203125 -0.30633544921875
0.00201201438903809 0.00358390808105469 -0.327911376953125 0.05810546875
0.0137996673583984 -0.0029296875 -0.137893676757813 0.199783325195312
0.00573158264160156 -0.00951957702636719 0.0597381591796875 0.166580200195313
0.0055999755859375 -0.0126371383666992 0.162338256835938 0.0498046875
0.0154647827148438 -0.0140714645385742 -0.161148071289063 -0.0644378662109375
0.0081791877746582 -0.00462627410888672 -0.05914306640625 -0.167266845703125
0.0195045471191406 -0.00189781188964844 0.152053833007813 -0.184738159179688
0.00896835327148437 0.00933074951171875 0.34649658203125 -0.02001953125
-0.0176544189453125 0.00525474548339844 0.24005126953125 0.327178955078125
-0.0127725601196289 -0.0103673934936523 -0.09674072265625 0.4407958984375
-0.00644874572753906 0.0105123519897461 -0.255416870117187 0.212738037109375
0.00552082061767578 0.015955924987793 0.00928306579589844 0.0286827087402344
0.00304508209228515 0.0157871246337891 0.295379638671875 -0.208526611328125
0.00982856750488281 0.00785732269287109 0.11773681640625 -0.472991943359375
0.00121021270751953 0.00546646118164062 -0.290313720703125 -0.296356201171875
0.00109648704528809 0.00356769561767578 -0.32366943359375 0.065704345703125
0.0123291015625 -0.00143337249755859 -0.131881713867188 0.202362060546875
0.00481128692626953 -0.00740385055541992 0.0637969970703125 0.165267944335938
0.00458812713623047 -0.0103931427001953 0.162612915039063 0.04803466796875
0.0151576995849609 -0.0110673904418945 -0.161392211914063 -0.0659332275390625
0.0078425407409668 -0.000885963439941406 -0.0562591552734375 -0.168075561523438
0.0182018280029297 0.000513076782226562 0.156997680664062 -0.182662963867188
0.00676345825195313 0.00898647308349609 0.3492431640625 -0.01068115234375
-0.0180797576904297 0.00125694274902344 0.233306884765625 0.333282470703125
-0.00993251800537109 -0.0152959823608398 -0.105133056640625 0.43841552734375
-0.00177860260009766 0.0075373649597168 -0.254714965820313 0.205551147460938
0.0118179321289062 0.0145063400268555 0.0157527923583984 0.0254669189453125
0.00781822204589844 0.0121479034423828 0.294219970703125 -0.21539306640625
0.0118646621704102 0.00268650054931641 0.1065673828125 -0.47454833984375
0.000810146331787109 0.00212502479553223 -0.297119140625 -0.2886962890625
-0.000619888305664062 0.00372934341430664 -0.320465087890625 0.07318115234375
0.0104522705078125 -0.000592231750488281 -0.126556396484375 0.205108642578125
0.00360631942749023 -0.00460672378540039 0.0669403076171875 0.165420532226563
0.00426340103149414 -0.00730705261230469 0.164108276367188 0.0480499267578125
0.0138072967529297 -0.00746059417724609 -0.161712646484375 -0.06597900390625
0.0082087516784668 0.00195169448852539 -0.0540008544921875 -0.168243408203125
0.0161409378051758 0.00269699096679688 0.161483764648438 -0.179794311523438
0.00462579727172852 0.00856304168701172 0.35113525390625 -0.005035400390625
-0.0182132720947266 -0.00257492065429688 0.228729248046875 0.3389892578125
-0.00686264038085937 -0.0206584930419922 -0.113067626953125 0.435546875
0.00471353530883789 0.00395870208740234 -0.256561279296875 0.20123291015625
0.0190773010253906 0.0139694213867188 0.01873779296875 0.0241222381591797
0.0142269134521484 0.00802803039550781 0.291717529296875 -0.219390869140625
0.0137929916381836 -0.00273704528808594 0.0993652343749999 -0.475433349609375
-7.59363174438477E-05 -0.00155985355377197 -0.301849365234375 -0.28167724609375
-0.00236725807189941 0.00396275520324707 -0.317657470703125 0.078887939453125
0.00827169418334961 0.00142812728881836 -0.123046875 0.206771850585937
0.00293660163879395 -0.00138974189758301 0.068603515625 0.164596557617188
0.00359034538269043 -0.00352001190185547 0.164474487304688 0.047576904296875
0.0128297805786133 -0.00293827056884766 -0.161483764648438 -0.067596435546875
0.0081181526184082 0.00511884689331055 -0.052734375 -0.168319702148438
0.0141839981079102 0.00474357604980469 0.163742065429688 -0.179367065429687
0.00229501724243164 0.00824308395385742 0.3514404296875 -0.00238037109375
-0.0185356140136719 -0.00630569458007813 0.226165771484375 0.3419189453125
-0.0036163330078125 -0.0264549255371094 -0.117889404296875 0.434295654296875
0.01165771484375 8.10623168945313E-05 -0.257156372070313 0.1990966796875
0.0281257629394531 0.012359619140625 0.0191326141357422 0.0236339569091797
0.0214729309082031 0.00358390808105469 0.291107177734375 -0.22052001953125
0.0163660049438477 -0.00884056091308594 0.094482421875 -0.473052978515625
-0.00137567520141602 -0.00524234771728516 -0.303802490234375 -0.278594970703125
-0.00432538986206055 0.00436782836914063 -0.3179931640625 0.08184814453125
0.00634288787841797 0.00287199020385742 -0.122100830078125 0.207916259765625
0.00250363349914551 0.00137948989868164 0.06964111328125 0.165969848632813
0.00282597541809082 0.00062870979309082 0.165328979492188 0.04815673828125
0.0115900039672852 0.000415802001953125 -0.161102294921875 -0.066680908203125
0.00854015350341797 0.00703144073486328 -0.0533294677734375 -0.166946411132813
0.012420654296875 0.00650215148925781 0.162017822265625 -0.178131103515625
0.000824451446533203 0.00805425643920898 0.34942626953125 -0.00048828125
-0.01898193359375 -0.00955009460449219 0.225067138671875 0.341766357421875
-0.000543594360351563 -0.031585693359375 -0.116790771484375 0.435028076171875
0.0186023712158203 -0.00362586975097656 -0.259536743164063 0.20001220703125
0.0365409851074219 0.0112228393554687 0.0161552429199219 0.0244941711425781
0.0286750793457031 -0.000169754028320313 0.2904052734375 -0.2166748046875
0.0188655853271484 -0.0137290954589844 0.096954345703125 -0.4697265625
-0.00196170806884766 -0.00863504409790039 -0.301727294921875 -0.279693603515625
-0.00564432144165039 0.00436544418334961 -0.31817626953125 0.0806579589843749
0.00517892837524414 0.0047307014465332 -0.124038696289062 0.207443237304688
0.00230693817138672 0.00351667404174805 0.069061279296875 0.166015625
0.00192117691040039 0.00421977043151855 0.16510009765625 0.0484619140625
0.0107526779174805 0.00311565399169922 -0.1610107421875 -0.066680908203125
0.00844335556030273 0.00858736038208008 -0.0553436279296875 -0.166305541992188
0.0115394592285156 0.007049560546875 0.15826416015625 -0.17926025390625
-0.000111579895019532 0.00795412063598633 0.346099853515625 -0.003814697265625
-0.0193653106689453 -0.0116539001464844 0.2279052734375 0.33782958984375
0.00113868713378906 -0.0348548889160156 -0.112548828125 0.43609619140625
0.0239467620849609 -0.00629234313964844 -0.261734008789063 0.204177856445313
0.0433616638183594 0.0102424621582031 0.0103530883789063 0.0266780853271484
0.0339984893798828 -0.00257301330566406 0.2884521484375 -0.212005615234375
0.0210800170898438 -0.01708984375 0.101165771484375 -0.468231201171875
-0.00312614440917969 -0.0108795166015625 -0.300567626953125 -0.282470703125
-0.00684833526611328 0.00477409362792969 -0.3206787109375 0.0770263671875
0.00397968292236328 0.00586509704589844 -0.127548217773438 0.205825805664062
0.00220966339111328 0.00449800491333008 0.066925048828125 0.16705322265625
0.0019989013671875 0.0068058967590332 0.1651611328125 0.049224853515625
0.0102148056030273 0.00444126129150391 -0.160186767578125 -0.065643310546875
0.00908470153808594 0.00764179229736328 -0.0586090087890625 -0.164505004882812
0.011754035949707 0.00739097595214844 0.154098510742188 -0.18072509765625
-7.48634338378909E-05 0.00811862945556641 0.34466552734375 -0.012664794921875
-0.0202751159667969 -0.0120697021484375 0.233856201171875 0.33306884765625
0.000850677490234377 -0.0365371704101563 -0.105712890625 0.441741943359375
0.0264320373535156 -0.00778388977050781 -0.263137817382813 0.211685180664062
0.0473594665527344 0.00995254516601563 0.00220489501953125 0.0291690826416016
0.0377159118652344 -0.00368881225585938 0.28759765625 -0.204986572265625
0.022064208984375 -0.0186557769775391 0.110504150390625 -0.46533203125
-0.00347137451171875 -0.0118894577026367 -0.295257568359375 -0.29010009765625
-0.0068817138671875 0.00412750244140625 -0.32476806640625 0.071197509765625
0.00433444976806641 0.00557947158813477 -0.133132934570312 0.204696655273438
0.00297021865844727 0.00484752655029297 0.063507080078125 0.168182373046875
0.00198173522949219 0.00879001617431641 0.164474487304688 0.0501556396484375
0.0164318084716797 -0.0164775848388672 -0.160903930664062 -0.0639495849609375
0.00792932510375977 -0.0068507194519043 -0.0634765625 -0.165390014648438
0.0204353332519531 -0.00399017333984375 0.144927978515625 -0.186477661132813
0.00984573364257813 0.00878429412841797 0.34234619140625 -0.0289306640625
-0.0169572830200195 0.00776100158691406 0.245574951171875 0.3172607421875
-0.0146455764770508 -0.00657558441162109 -0.0850830078125 0.440673828125
-0.00900745391845703 0.0126876831054688 -0.255172729492188 0.219833374023437
0.00214958190917969 0.0159330368041992 0.00143814086914062 0.03179931640625
0.000260353088378908 0.0175704956054688 0.294097900390625 -0.19873046875
0.00871562957763672 0.0113382339477539 0.130157470703125 -0.46929931640625
0.00199699401855469 0.00783252716064453 -0.282745361328125 -0.305511474609375
0.00190448760986328 0.00355124473571777 -0.32684326171875 0.05731201171875
0.0136041641235352 -0.00327301025390625 -0.137619018554688 0.198974609375
0.0054779052734375 -0.00967597961425781 0.059967041015625 0.166839599609375
0.00582218170166016 -0.0125865936279297 0.162017822265625 0.0498199462890625
0.0154018402099609 -0.0142431259155273 -0.161102294921875 -0.0640869140625
0.00818920135498047 -0.00424432754516602 -0.0590667724609375 -0.166351318359375
0.0191993713378906 -0.00236701965332031 0.1519775390625 -0.183685302734375
0.00857448577880859 0.00877904891967773 0.3455810546875 -0.018829345703125
-0.0178089141845703 0.00546073913574218 0.238433837890625 0.3255615234375
-0.0129413604736328 -0.00980377197265625 -0.098602294921875 0.438446044921875
-0.00658035278320313 0.0111246109008789 -0.255477905273438 0.211593627929688
0.00539588928222656 0.0157146453857422 0.00910758972167969 0.0280628204345703
0.00304508209228515 0.0152921676635742 0.29541015625 -0.2071533203125
0.00948715209960938 0.00779438018798828 0.11956787109375 -0.47113037109375
0.00179290771484375 0.00539016723632813 -0.288543701171875 -0.29779052734375
0.000811815261840821 0.00318646430969238 -0.322296142578125 0.0650939941406251
0.0119638442993164 -0.00201702117919922 -0.132034301757812 0.201202392578125
0.00483369827270508 -0.00753116607666016 0.0638885498046875 0.1650390625
0.00465011596679688 -0.0102806091308594 0.1624755859375 0.0483856201171875
0.0148229598999023 -0.011143684387207 -0.1614990234375 -0.0660400390625
0.00765466690063477 -0.0010838508605957 -0.0562896728515625 -0.167388916015625
0.0180034637451172 0.00025177001953125 0.157669067382813 -0.181900024414063
0.00656604766845703 0.00855398178100586 0.349609375 -0.01116943359375
-0.0178813934326172 0.00140380859375 0.232208251953125 0.33306884765625
-0.0105152130126953 -0.0147800445556641 -0.10662841796875 0.43603515625
-0.00181245803833008 0.00779438018798828 -0.254928588867188 0.204452514648438
0.0112838745117188 0.0147171020507813 0.0158920288085938 0.0258426666259766
0.00790023803710938 0.0119056701660156 0.29327392578125 -0.21435546875
0.0115947723388672 0.00296211242675781 0.10760498046875 -0.47265625
0.000960826873779297 0.00212621688842773 -0.29486083984375 -0.287994384765625
-0.000627517700195313 0.00341248512268066 -0.320159912109375 0.0728759765624999
0.0104541778564453 -0.000695228576660156 -0.126495361328125 0.204055786132813
0.00365686416625977 -0.00459623336791992 0.0661163330078125 0.165237426757813
0.0041966438293457 -0.00739574432373047 0.16387939453125 0.0477447509765625
0.0137052536010742 -0.00703334808349609 -0.161483764648438 -0.0659332275390625
0.00797891616821289 0.00208139419555664 -0.053924560546875 -0.1673583984375
0.0156564712524414 0.00239372253417969 0.161026000976563 -0.179885864257813
0.00430727005004883 0.00821971893310547 0.35028076171875 -0.00408935546875
-0.0182552337646484 -0.00262832641601563 0.2271728515625 0.3388671875
-0.00662994384765625 -0.0203971862792969 -0.115570068359375 0.43402099609375
0.00431942939758301 0.00402712821960449 -0.2562255859375 0.200027465820313
0.0190391540527344 0.0132236480712891 0.0191364288330078 0.0237331390380859
0.0141191482543945 0.00773811340332031 0.29296875 -0.21734619140625
0.0141401290893555 -0.00295639038085937 0.10125732421875 -0.4736328125
-0.00037527084350586 -0.00186657905578613 -0.298980712890625 -0.281158447265625
-0.00248479843139648 0.00377392768859863 -0.3170166015625 0.07861328125
0.00822925567626953 0.00140285491943359 -0.123184204101563 0.205413818359375
0.00287914276123047 -0.00119113922119141 0.068634033203125 0.1644287109375
0.0034029483795166 -0.00319719314575195 0.163803100585938 0.0472564697265625
0.0127077102661133 -0.00318527221679688 -0.161544799804688 -0.0669097900390625
0.00767660140991211 0.00467824935913086 -0.053009033203125 -0.167617797851563
0.0145549774169922 0.00436878204345703 0.163406372070313 -0.178390502929688
0.00205373764038086 0.00785398483276367 0.351715087890625 -0.001556396484375
-0.0188846588134766 -0.00651741027832031 0.225677490234375 0.341094970703125
-0.00311660766601563 -0.0261268615722656 -0.118072509765625 0.43341064453125
0.0116376876831055 4.67300415039063E-05 -0.257705688476563 0.1978759765625
0.0280857086181641 0.0121650695800781 0.0191440582275391 0.0235710144042969
0.0217666625976563 0.00361442565917969 0.29095458984375 -0.219146728515625
0.0164861679077148 -0.00887775421142578 0.09552001953125 -0.47216796875
-0.00144720077514649 -0.00570297241210938 -0.301727294921875 -0.27825927734375
-0.00434064865112305 0.00420928001403809 -0.31707763671875 0.080902099609375
0.00657749176025391 0.00312376022338867 -0.121902465820312 0.206710815429688
0.00227689743041992 0.00124526023864746 0.0691375732421875 0.165924072265625
0.00336861610412598 0.000952720642089844 0.165054321289062 0.047943115234375
0.0115346908569336 0.000965118408203125 -0.161361694335937 -0.0662689208984375
0.00836992263793945 0.00709819793701172 -0.0531158447265625 -0.16607666015625
0.0122108459472656 0.00583076477050781 0.162429809570312 -0.177261352539063
0.000961780548095703 0.00756645202636719 0.3480224609375 -0.001312255859375
-0.0191268920898438 -0.00977706909179687 0.2235107421875 0.34088134765625
-0.000741958618164059 -0.0312309265136719 -0.118316650390625 0.435089111328125
0.0184040069580078 -0.00357818603515625 -0.259902954101563 0.198959350585938
0.0363845825195313 0.0109939575195313 0.0157890319824219 0.0242595672607422
0.0284633636474609 1.9073486328125E-06 0.289886474609375 -0.215301513671875
0.0189876556396484 -0.0141582489013672 0.09747314453125 -0.469085693359375
-0.00213527679443359 -0.00838232040405274 -0.301055908203125 -0.279327392578125
-0.00574064254760742 0.00452995300292969 -0.31756591796875 0.080474853515625
0.00476455688476563 0.00458717346191406 -0.123779296875 0.205718994140625
0.00188589096069336 0.00393986701965332 0.0693206787109375 0.166030883789063
0.00229024887084961 0.00461483001708984 0.16436767578125 0.0481109619140625
0.0104885101318359 0.00344085693359375 -0.160858154296875 -0.0666961669921875
0.00832414627075195 0.00808000564575195 -0.0554046630859375 -0.165390014648438
0.0117692947387695 0.00691509246826172 0.158584594726562 -0.1781005859375
-0.000472068786621094 0.00795793533325195 0.34649658203125 -0.00506591796875
-0.0192451477050781 -0.0113201141357422 0.2264404296875 0.338165283203125
0.00145721435546875 -0.0345954895019531 -0.11383056640625 0.435638427734375
0.0233745574951172 -0.00596809387207031 -0.261627197265625 0.202896118164063
0.0429153442382813 0.0104560852050781 0.00961685180664063 0.0265274047851563
0.0340862274169922 -0.00304794311523437 0.288818359375 -0.2100830078125
0.021026611328125 -0.0169086456298828 0.1038818359375 -0.466400146484375
-0.00278472900390625 -0.0106935501098633 -0.298828125 -0.281005859375
-0.00627040863037109 0.00466060638427734 -0.319976806640625 0.0760498046874999
0.00397777557373047 0.00548553466796875 -0.12823486328125 0.205230712890625
0.0017857551574707 0.00509500503540039 0.0667724609375 0.16754150390625
0.00198841094970703 0.00718593597412109 0.165084838867188 0.0491943359375
0.0103235244750977 0.00462627410888672 -0.160263061523438 -0.0657196044921875
0.00863885879516602 0.0075688362121582 -0.05841064453125 -0.164154052734375
0.0113468170166016 0.00715160369873047 0.154495239257812 -0.179885864257813
-0.000239849090576173 0.0080418586730957 0.342681884765625 -0.011627197265625
-0.0199165344238281 -0.0118637084960938 0.23272705078125 0.3338623046875
0.00135421752929688 -0.0361671447753906 -0.107086181640625 0.43988037109375
0.0264091491699219 -0.00764083862304688 -0.263168334960938 0.2100830078125
0.0470924377441406 0.00969314575195313 0.00220680236816407 0.0289859771728516
0.0378341674804688 -0.00392913818359375 0.288116455078125 -0.2034912109375
0.0224647521972656 -0.0185317993164063 0.111114501953125 -0.465301513671875
-0.00328254699707031 -0.0121631622314453 -0.29376220703125 -0.290435791015625
-0.00672292709350586 0.00422954559326172 -0.32342529296875 0.069580078125
0.00418996810913086 0.00572681427001953 -0.133331298828125 0.203872680664063
0.00266504287719727 0.00470829010009766 0.063201904296875 0.168060302734375
0.00197696685791016 0.00882720947265625 0.164291381835937 0.050018310546875
0.0164556503295898 -0.0164318084716797 -0.1614990234375 -0.064300537109375
0.00820589065551758 -0.00709247589111328 -0.063507080078125 -0.165008544921875
0.0205039978027344 -0.00409507751464844 0.145538330078125 -0.185943603515625
0.00976943969726563 0.00865364074707031 0.341552734375 -0.02789306640625
-0.0169734954833984 0.00796604156494141 0.244476318359375 0.31695556640625
-0.0150136947631836 -0.00609111785888672 -0.086944580078125 0.440673828125
-0.00926876068115234 0.0128641128540039 -0.25579833984375 0.219039916992187
0.00209617614746094 0.0160684585571289 0.00110626220703125 0.0315151214599609
6.96182250976548E-05 0.0167617797851563 0.295074462890625 -0.1973876953125
0.00893020629882813 0.0113258361816406 0.129119873046875 -0.46832275390625
0.00145864486694336 0.00765037536621094 -0.2811279296875 -0.306488037109375
0.00231289863586426 0.00334715843200684 -0.32611083984375 0.0555725097656249
0.0136709213256836 -0.00313186645507813 -0.138641357421875 0.197769165039062
0.00548744201660156 -0.0094146728515625 0.0598907470703125 0.16656494140625
0.00592803955078125 -0.012324333190918 0.161941528320312 0.0497283935546875
0.0154895782470703 -0.0141944885253906 -0.16156005859375 -0.064483642578125
0.00821971893310547 -0.0044398307800293 -0.05926513671875 -0.16583251953125
0.0187892913818359 -0.00237083435058594 0.152328491210938 -0.182891845703125
0.00841856002807617 0.00836944580078125 0.343719482421875 -0.018798828125
-0.0177822113037109 0.00523757934570312 0.236785888671875 0.32659912109375
-0.0131511688232422 -0.00945568084716797 -0.10009765625 0.43804931640625
-0.00742053985595703 0.011256217956543 -0.256271362304688 0.210769653320313
0.00544643402099609 0.0150899887084961 0.00929832458496094 0.0285377502441406
0.00310707092285156 0.0148067474365234 0.2965087890625 -0.20599365234375
0.0100574493408203 0.007476806640625 0.120086669921875 -0.4703369140625
0.0015716552734375 0.00535202026367187 -0.28802490234375 -0.297088623046875
0.00116991996765137 0.00324320793151855 -0.32244873046875 0.0640869140625
0.0117454528808594 -0.00193309783935547 -0.132354736328125 0.200592041015625
0.00477886199951172 -0.00705051422119141 0.0633087158203125 0.165054321289062
0.00522041320800781 -0.0101232528686523 0.162384033203125 0.0479583740234375
0.0149831771850586 -0.0111427307128906 -0.16143798828125 -0.0657196044921875
0.00759363174438477 -0.00127649307250977 -0.055816650390625 -0.167144775390625
0.0178623199462891 1.9073486328125E-06 0.158126831054688 -0.18096923828125
0.00683450698852539 0.00826549530029297 0.3487548828125 -0.0108642578125
-0.0180873870849609 0.00160408020019531 0.231201171875 0.333648681640625
-0.0106315612792969 -0.0144767761230469 -0.10992431640625 0.434844970703125
-0.00225448608398437 0.0080409049987793 -0.25579833984375 0.203628540039063
0.010991096496582 0.0141048431396484 0.0150318145751953 0.0260391235351563
0.00829792022705078 0.0113601684570313 0.293426513671875 -0.21240234375
0.0118560791015625 0.00286674499511719 0.108642578125 -0.47259521484375
0.000805258750915527 0.00176656246185303 -0.293731689453125 -0.28814697265625
-0.000483989715576172 0.00346755981445312 -0.319122314453125 0.072174072265625
0.0103082656860352 -0.000652313232421875 -0.126510620117187 0.203460693359375
0.00342130661010742 -0.00478172302246094 0.0665740966796875 0.164794921875
0.00457429885864258 -0.00719785690307617 0.164093017578125 0.0479583740234375
0.0137577056884766 -0.00716972351074219 -0.16180419921875 -0.065948486328125
0.00759792327880859 0.00201797485351563 -0.05377197265625 -0.166580200195313
0.0158195495605469 0.00196552276611328 0.161819458007813 -0.179107666015625
0.00436782836914062 0.00780200958251953 0.349945068359375 -0.004119873046875
-0.0185909271240234 -0.00189018249511719 0.22601318359375 0.33868408203125
-0.0072174072265625 -0.0198822021484375 -0.115631103515625 0.43377685546875
0.00441455841064453 0.00469589233398438 -0.2578125 0.1993408203125
0.0190868377685547 0.0133380889892578 0.0182456970214844 0.0236663818359375
0.0149154663085938 0.00745773315429688 0.292633056640625 -0.216949462890625
0.0139360427856445 -0.00314807891845703 0.10150146484375 -0.47314453125
-0.000417232513427734 -0.00224089622497559 -0.298492431640625 -0.2821044921875
-0.00230288505554199 0.0036773681640625 -0.316650390625 0.077392578125
0.00826454162597656 0.0012354850769043 -0.123184204101562 0.204559326171875
0.00222229957580566 -0.00155305862426758 0.068878173828125 0.164596557617187
0.00398516654968262 -0.00328660011291504 0.164215087890625 0.047271728515625
0.0128240585327148 -0.00301074981689453 -0.16168212890625 -0.0671539306640625
0.00743579864501953 0.00477933883666992 -0.0526275634765625 -0.166519165039063
0.0139656066894531 0.00421714782714844 0.16400146484375 -0.178054809570313
0.00228261947631836 0.00781965255737305 0.350311279296875 -0.000915527343749999
-0.0183506011962891 -0.00642204284667969 0.2242431640625 0.341705322265625
-0.00372886657714844 -0.0258808135986328 -0.118896484375 0.432830810546875
0.0114040374755859 0.000533103942871094 -0.258407592773438 0.197296142578125
0.0274868011474609 0.0116043090820312 0.0187568664550781 0.0238037109375
0.0221271514892578 0.00320625305175781 0.290985107421875 -0.217803955078125
0.0166702270507813 -0.00915145874023438 0.0965576171875 -0.470458984375
-0.00117874145507813 -0.00560522079467773 -0.300628662109375 -0.278472900390625
-0.00420665740966797 0.00391006469726563 -0.31658935546875 0.0798645019531249
0.00628995895385742 0.00272035598754883 -0.122238159179688 0.20587158203125
0.001839280128479 0.00131881237030029 0.0688018798828125 0.166091918945313
0.00307559967041016 0.000852346420288086 0.164825439453125 0.0484466552734375
0.0111856460571289 0.000622749328613281 -0.160903930664063 -0.06585693359375
0.00778722763061524 0.00716733932495117 -0.0531005859375 -0.165603637695313
0.0121297836303711 0.005767822265625 0.162521362304688 -0.17694091796875
0.000345230102539063 0.00767421722412109 0.34832763671875 -0.00115966796875
-0.0190982818603516 -0.00992012023925781 0.2235107421875 0.34161376953125
-0.000757217407226564 -0.0305328369140625 -0.11895751953125 0.43310546875
0.0184040069580078 -0.00261497497558594 -0.261215209960937 0.197952270507813
0.03631591796875 0.0107383728027344 0.0152225494384766 0.0249824523925781
0.0288028717041016 -0.000509262084960938 0.290069580078125 -0.214569091796875
0.01898193359375 -0.0138835906982422 0.099090576171875 -0.46868896484375
-0.00198984146118164 -0.00858449935913086 -0.298492431640625 -0.2783203125
-0.00548648834228516 0.0041813850402832 -0.317047119140625 0.079010009765625
0.00432658195495605 0.00432682037353516 -0.12445068359375 0.205307006835938
0.00172233581542969 0.0035405158996582 0.0690460205078125 0.16619873046875
0.00232791900634766 0.00468826293945312 0.1644287109375 0.048126220703125
0.0103826522827148 0.00309467315673828 -0.161483764648437 -0.0662689208984375
0.00818967819213867 0.00796604156494141 -0.05499267578125 -0.164993286132812
0.0113182067871094 0.00640487670898438 0.158905029296875 -0.1776123046875
-0.000644683837890625 0.00726747512817383 0.345794677734375 -0.00384521484375
-0.0197925567626953 -0.0113353729248047 0.226470947265625 0.337615966796875
0.00106048583984375 -0.0340690612792969 -0.114990234375 0.434326171875
0.0233612060546875 -0.00570297241210938 -0.262252807617188 0.201263427734375
0.0428047180175781 0.009735107421875 0.00998306274414063 0.0261287689208984
0.0340919494628906 -0.00331687927246094 0.28826904296875 -0.208984375
0.0207481384277344 -0.0172824859619141 0.10369873046875 -0.466278076171875
-0.00304031372070313 -0.0110349655151367 -0.29766845703125 -0.281219482421875
-0.00658178329467773 0.00478410720825195 -0.31939697265625 0.075469970703125
0.00399351119995117 0.00523090362548828 -0.127822875976562 0.204299926757813
0.00164222717285156 0.00498104095458984 0.066741943359375 0.167205810546875
0.00227117538452148 0.00735330581665039 0.1651611328125 0.0491180419921875
0.00982189178466797 0.0048828125 -0.160537719726562 -0.0651092529296875
0.00874900817871094 0.00751781463623047 -0.0585479736328125 -0.16375732421875
0.0112247467041016 0.00677585601806641 0.15435791015625 -0.178909301757813
-0.000409603118896485 0.0075840950012207 0.34259033203125 -0.011383056640625
-0.02020263671875 -0.0118885040283203 0.231201171875 0.333221435546875
0.00125885009765625 -0.0357170104980469 -0.107879638671875 0.439056396484375
0.0261211395263672 -0.00715827941894531 -0.264755249023438 0.209579467773437
0.0468673706054688 0.00951385498046875 0.00178909301757813 0.0291919708251953
0.0377731323242188 -0.00442123413085938 0.287139892578125 -0.202362060546875
0.0222244262695312 -0.0189037322998047 0.111907958984375 -0.4647216796875
-0.00357437133789062 -0.0117483139038086 -0.29193115234375 -0.289337158203125
-0.00667047500610352 0.00394821166992187 -0.32305908203125 0.0688781738281251
0.00389242172241211 0.0057063102722168 -0.133499145507812 0.203262329101563
0.00257968902587891 0.00475120544433594 0.06365966796875 0.16802978515625
0.00226688385009765 0.00885486602783203 0.164199829101562 0.0501251220703125
0.0160408020019531 -0.0166854858398438 -0.16168212890625 -0.0638580322265625
0.00791501998901367 -0.00711727142333984 -0.063323974609375 -0.1649169921875
0.0209274291992188 -0.00459671020507813 0.146438598632813 -0.185531616210938
0.00999832153320313 0.00821590423583984 0.342376708984375 -0.02728271484375
-0.0173797607421875 0.00827693939208984 0.2452392578125 0.3187255859375
-0.0149822235107422 -0.00582027435302734 -0.088897705078125 0.441925048828125
-0.00946903228759765 0.0129194259643555 -0.256942749023438 0.218887329101562
0.00226879119873047 0.0154304504394531 0.000894546508789066 0.0320301055908203
0.000673294067382814 0.0166521072387695 0.2947998046875 -0.1964111328125
0.00880241394042969 0.0109481811523437 0.131317138671875 -0.467529296875
0.00187397003173828 0.00745582580566406 -0.28070068359375 -0.306396484375
0.00217628479003906 0.003082275390625 -0.32708740234375 0.0549621582031251
0.0135231018066406 -0.00345802307128906 -0.139251708984375 0.197860717773438
0.00474166870117187 -0.00965499877929688 0.06024169921875 0.166641235351562
0.00645828247070313 -0.0119256973266602 0.162109375 0.049957275390625
0.0156326293945313 -0.0143070220947266 -0.161636352539063 -0.0645904541015625
0.00803852081298828 -0.00441598892211914 -0.0592041015625 -0.166000366210938
0.0187969207763672 -0.00277328491210938 0.153427124023438 -0.182815551757813
0.00820446014404297 0.0084686279296875 0.346527099609375 -0.018768310546875
-0.0179290771484375 0.0057220458984375 0.237396240234375 0.3271484375
-0.0131645202636719 -0.00915241241455078 -0.10174560546875 0.439117431640625
-0.007049560546875 0.0115633010864258 -0.257797241210938 0.21026611328125
0.00497531890869141 0.0149412155151367 0.00885581970214844 0.0290546417236328
0.00346946716308594 0.0144634246826172 0.296356201171875 -0.205780029296875
0.0102176666259766 0.00763797760009766 0.12066650390625 -0.4700927734375
0.00141382217407227 0.00517129898071289 -0.286346435546875 -0.298004150390625
0.000826358795166015 0.0033268928527832 -0.3228759765625 0.063201904296875
0.0121021270751953 -0.00227832794189453 -0.133071899414062 0.2000732421875
0.00450420379638672 -0.00760746002197265 0.063385009765625 0.165695190429688
0.00545978546142578 -0.00988101959228516 0.162338256835938 0.0480804443359375
0.0145969390869141 -0.0112791061401367 -0.162017822265625 -0.0660858154296875
0.00720930099487305 -0.00133991241455078 -0.056640625 -0.16717529296875
0.0177574157714844 -0.000329971313476563 0.15875244140625 -0.18109130859375
0.00660133361816406 0.00790834426879883 0.349090576171875 -0.010284423828125
-0.0178985595703125 0.00207328796386719 0.230377197265625 0.33447265625
-0.0101461410522461 -0.0143566131591797 -0.1114501953125 0.435150146484375
-0.00264978408813477 0.008270263671875 -0.257080078125 0.2032470703125
0.0109272003173828 0.0134744644165039 0.0151519775390625 0.0261077880859375
0.00830841064453125 0.0112714767456055 0.293487548828125 -0.212158203125
0.0120992660522461 0.00247573852539062 0.10986328125 -0.4725341796875
0.000827670097351074 0.00156962871551514 -0.2933349609375 -0.289276123046875
-0.000702857971191407 0.00337839126586914 -0.319610595703125 0.071044921875
0.00988197326660156 -0.00061798095703125 -0.127838134765625 0.202545166015625
0.00353240966796875 -0.00464105606079102 0.066131591796875 0.165573120117188
0.00462055206298828 -0.00706052780151367 0.164093017578125 0.04827880859375
0.013697624206543 -0.00726699829101563 -0.161758422851563 -0.06610107421875
0.00737380981445312 0.00213766098022461 -0.0538787841796875 -0.167098999023438
0.0156154632568359 0.0019073486328125 0.162399291992188 -0.178802490234375
0.00431394577026367 0.00792360305786133 0.349456787109375 -0.003997802734375
-0.0186882019042969 -0.00202560424804687 0.225616455078125 0.34027099609375
-0.00691604614257813 -0.0198326110839844 -0.11834716796875 0.433929443359375
0.00398063659667969 0.00466680526733398 -0.258987426757813 0.198272705078125
0.0188922882080078 0.0129032135009766 0.0185985565185547 0.0245742797851562
0.0149307250976562 0.00715732574462891 0.294342041015625 -0.21551513671875
0.0142049789428711 -0.00300216674804688 0.102020263671875 -0.4730224609375
-0.000568628311157227 -0.00197029113769531 -0.297454833984375 -0.28350830078125
-0.00213718414306641 0.00355195999145508 -0.317352294921875 0.07659912109375
0.00815486907958984 0.00117063522338867 -0.124359130859375 0.204757690429688
0.00261831283569336 -0.00178623199462891 0.068695068359375 0.164962768554688
0.00410890579223633 -0.00306534767150879 0.164352416992188 0.0479888916015625
0.0124654769897461 -0.00312614440917969 -0.162261962890625 -0.067535400390625
0.00732660293579101 0.00477981567382812 -0.052703857421875 -0.166915893554688
0.0137386322021484 0.00393199920654297 0.164505004882813 -0.177703857421875
0.00245141983032227 0.0074920654296875 0.350128173828125 -0.001739501953125
-0.019012451171875 -0.00616645812988281 0.22357177734375 0.342803955078125
-0.00347328186035156 -0.0252475738525391 -0.121429443359375 0.433563232421875
0.0111865997314453 0.00114631652832031 -0.260238647460938 0.195877075195312
0.0279293060302734 0.0111846923828125 0.0186443328857422 0.0240974426269531
0.0221214294433594 0.00280570983886719 0.291961669921875 -0.216278076171875
0.0167465209960938 -0.009552001953125 0.097869873046875 -0.472320556640625
-0.0016326904296875 -0.00537252426147461 -0.29962158203125 -0.27978515625
-0.0041508674621582 0.00386929512023926 -0.317169189453125 0.0781250000000001
0.00584697723388672 0.00282716751098633 -0.123138427734375 0.205520629882813
0.00197207927703857 0.0014498233795166 0.068817138671875 0.166580200195313
0.00351214408874512 0.00121188163757324 0.1651611328125 0.0482025146484375
0.0112934112548828 0.000781059265136719 -0.1619873046875 -0.0662841796875
0.00781822204589844 0.00727462768554688 -0.053253173828125 -0.16583251953125
0.0122261047363281 0.00538825988769531 0.163070678710938 -0.177047729492188
0.000407695770263671 0.00740861892700195 0.34832763671875 -0.000854492187499999
-0.0192737579345703 -0.00916862487792969 0.2227783203125 0.34197998046875
-0.000518798828125003 -0.0304527282714844 -0.122100830078125 0.433441162109375
0.0177955627441406 -0.00238418579101562 -0.26275634765625 0.197677612304687
0.0361137390136719 0.010345458984375 0.0156059265136719 0.0245914459228516
0.0289955139160156 -0.000963211059570313 0.29180908203125 -0.21417236328125
0.0190410614013672 -0.0142803192138672 0.100616455078125 -0.468414306640625
-0.00240230560302734 -0.00891304016113281 -0.2987060546875 -0.280426025390625
-0.00524139404296875 0.00408411026000977 -0.31732177734375 0.078277587890625
0.00411057472229004 0.0041959285736084 -0.124908447265625 0.204788208007813
0.00227522850036621 0.00372743606567383 0.0686492919921875 0.166534423828125
0.00271511077880859 0.00490713119506836 0.16497802734375 0.0482025146484375
0.0107975006103516 0.00357818603515625 -0.161590576171875 -0.0665435791015625
0.00818490982055664 0.00839900970458984 -0.0552520751953125 -0.164962768554687
0.0110321044921875 0.00642585754394531 0.159698486328125 -0.177780151367188
-0.000500202178955078 0.00719928741455078 0.345977783203125 -0.002593994140625
-0.0197544097900391 -0.0112438201904297 0.22576904296875 0.339080810546875
0.00103378295898438 -0.0335865020751953 -0.11737060546875 0.434783935546875
0.0231170654296875 -0.00491142272949219 -0.264114379882813 0.201263427734375
0.0423545837402344 0.00978851318359375 0.00938034057617188 0.0269222259521484
0.0346145629882813 -0.00343513488769531 0.290008544921875 -0.20849609375
0.0213737487792969 -0.0176544189453125 0.10595703125 -0.466217041015625
-0.00306320190429688 -0.0109891891479492 -0.29571533203125 -0.28271484375
-0.00646400451660156 0.00447368621826172 -0.319854736328125 0.0737304687499999
0.00376796722412109 0.00543451309204102 -0.129287719726563 0.204010009765625
0.00170326232910156 0.00482845306396484 0.066497802734375 0.168075561523438
0.00220203399658203 0.00756216049194336 0.16522216796875 0.049407958984375
0.0103254318237305 0.00482177734375 -0.160659790039063 -0.065185546875
0.00851678848266602 0.00728797912597656 -0.057647705078125 -0.1636962890625
0.0109615325927734 0.00657463073730469 0.15545654296875 -0.179046630859375
-0.000554084777832031 0.00735902786254883 0.342498779296875 -0.01129150390625
-0.0202274322509766 -0.0117435455322266 0.23175048828125 0.334686279296875
0.00128173828125 -0.03533935546875 -0.109893798828125 0.440399169921875
0.0259647369384766 -0.00690460205078125 -0.265945434570313 0.209014892578125
0.0467987060546875 0.00906753540039063 0.00218582153320313 0.0293064117431641
0.0381355285644531 -0.00454330444335938 0.28924560546875 -0.201385498046875
0.0228157043457031 -0.0187625885009766 0.113372802734375 -0.46441650390625
-0.00372123718261719 -0.0118818283081055 -0.29119873046875 -0.2911376953125
-0.00689506530761719 0.00433063507080078 -0.32379150390625 0.068206787109375
0.0034489631652832 0.00578165054321289 -0.134368896484375 0.203018188476562
0.00218820571899414 0.0047307014465332 0.063934326171875 0.168685913085938
0.00294017791748047 0.00900840759277344 0.164321899414063 0.0504913330078125
0.0161657333374023 -0.0167036056518555 -0.162673950195312 -0.0638427734375
0.00737953186035156 -0.00700998306274414 -0.06341552734375 -0.164871215820313
0.0201492309570313 -0.0048675537109375 0.146865844726563 -0.186386108398438
0.00962448120117188 0.00805377960205078 0.344146728515625 -0.026641845703125
-0.017822265625 0.00862503051757812 0.24554443359375 0.3204345703125
-0.0152139663696289 -0.00572872161865234 -0.089996337890625 0.441497802734375
-0.0102090835571289 0.0134706497192383 -0.258804321289063 0.21820068359375
0.00205326080322266 0.0152406692504883 0.000690460205078127 0.0321502685546875
0.000839233398437502 0.0165481567382813 0.2962646484375 -0.196380615234375
0.00888919830322266 0.0110816955566406 0.132965087890625 -0.46875
0.0015254020690918 0.00734853744506836 -0.280853271484375 -0.308746337890625
0.002288818359375 0.00284218788146973 -0.327484130859375 0.0545959472656251
0.0131292343139648 -0.00367355346679688 -0.139923095703125 0.196945190429688
0.00525760650634766 -0.00920581817626953 0.0594635009765625 0.167861938476563
0.0062417984008789 -0.0120925903320313 0.162933349609375 0.0499114990234375
0.0151615142822266 -0.0142707824707031 -0.162506103515625 -0.0645904541015625
0.00811624526977539 -0.00436162948608398 -0.0592041015625 -0.165756225585938
0.0188655853271484 -0.00300788879394531 0.153945922851563 -0.183120727539062
0.00866222381591797 0.0080571174621582 0.346466064453125 -0.01800537109375
-0.0179939270019531 0.0057525634765625 0.23760986328125 0.32879638671875
-0.0137233734130859 -0.00924015045166016 -0.10455322265625 0.439849853515625
-0.00738906860351563 0.011474609375 -0.25970458984375 0.2100830078125
0.00467491149902344 0.0145359039306641 0.00844383239746094 0.0289592742919922
0.00352001190185547 0.0147180557250977 0.29803466796875 -0.205108642578125
0.0102243423461914 0.00752544403076172 0.122711181640625 -0.47186279296875
0.00122737884521484 0.00536918640136719 -0.286651611328125 -0.29937744140625
0.00138211250305176 0.00278520584106445 -0.322998046875 0.0621337890625
0.0117368698120117 -0.00257205963134766 -0.133895874023438 0.200042724609375
0.00410795211791992 -0.00715017318725586 0.063720703125 0.165634155273437
0.00587272644042969 -0.010441780090332 0.163192749023437 0.047882080078125
0.0149221420288086 -0.0115785598754883 -0.162704467773438 -0.0658721923828125
0.00698614120483398 -0.00116109848022461 -0.0564117431640625 -0.16717529296875
0.0172433853149414 -0.00115108489990234 0.159820556640625 -0.180877685546875
0.00643730163574219 0.00755071640014649 0.349945068359375 -0.01025390625
-0.0184669494628906 0.00199699401855469 0.230377197265625 0.335968017578125
-0.0107345581054687 -0.0137205123901367 -0.1134033203125 0.4364013671875
-0.00213432312011719 0.00891780853271484 -0.259185791015625 0.20306396484375
0.0110464096069336 0.0135612487792969 0.014678955078125 0.0263767242431641
0.00856494903564453 0.010685920715332 0.2958984375 -0.211700439453125
0.0121269226074219 0.00249195098876953 0.110870361328125 -0.47381591796875
0.000561833381652832 0.00144100189208984 -0.2930908203125 -0.290496826171875
-0.000707626342773438 0.00289535522460938 -0.3206787109375 0.070526123046875
0.00959587097167969 -0.000815391540527344 -0.1282958984375 0.202423095703125
0.00325584411621094 -0.00510787963867188 0.06658935546875 0.166717529296875
0.00501108169555664 -0.00719594955444336 0.16436767578125 0.0480499267578125
0.0131692886352539 -0.00733184814453125 -0.162567138671875 -0.0664520263671875
0.00745964050292969 0.00144624710083008 -0.05389404296875 -0.16741943359375
0.0154142379760742 0.00161457061767578 0.16326904296875 -0.178848266601563
0.00420093536376953 0.00775480270385742 0.351470947265625 -0.00335693359375
-0.0185928344726563 -0.0020599365234375 0.2252197265625 0.34161376953125
-0.00713348388671875 -0.0196132659912109 -0.11981201171875 0.435150146484375
0.00365591049194336 0.00504541397094727 -0.260452270507813 0.198699951171875
0.0191783905029297 0.0123271942138672 0.0180339813232422 0.0247230529785156
0.0149812698364258 0.00719451904296875 0.294952392578125 -0.21502685546875
0.0142507553100586 -0.00354194641113281 0.103973388671875 -0.474395751953125
-0.000490665435791016 -0.00216412544250488 -0.297821044921875 -0.285247802734375
-0.00196385383605957 0.00349998474121094 -0.316986083984375 0.0753173828124999
0.00820302963256836 0.000209331512451172 -0.125106811523437 0.204193115234375
0.00211405754089355 -0.00126898288726807 0.0689849853515625 0.166061401367188
0.00412130355834961 -0.00278687477111816 0.164901733398438 0.047332763671875
0.0124082565307617 -0.00244998931884766 -0.163009643554688 -0.06732177734375
0.00704479217529297 0.00471782684326172 -0.0528564453125 -0.166519165039063
0.0136489868164063 0.00354576110839844 0.165512084960938 -0.177871704101563
0.00170612335205078 0.00717687606811523 0.352691650390625 -0.000946044921875
-0.0192203521728516 -0.00615501403808594 0.224365234375 0.3438720703125
-0.00342750549316406 -0.0247478485107422 -0.12384033203125 0.43450927734375
0.0111865997314453 0.00155735015869141 -0.261383056640625 0.196563720703125
0.0272579193115234 0.0111675262451172 0.0181484222412109 0.024444580078125
0.0222854614257813 0.00264549255371094 0.29278564453125 -0.21600341796875
0.0167331695556641 -0.00954055786132813 0.098602294921875 -0.473480224609375
-0.00105619430541992 -0.0055241584777832 -0.30023193359375 -0.280975341796875
-0.00395774841308594 0.00393748283386231 -0.317962646484375 0.078033447265625
0.00614166259765625 0.00286293029785156 -0.12396240234375 0.205276489257812
0.001883864402771 0.00132811069488525 0.0695343017578125 0.16717529296875
0.00344038009643555 0.00109195709228516 0.166030883789063 0.0479736328125
0.0111637115478516 0.000851631164550781 -0.16259765625 -0.0663299560546875
0.00784015655517578 0.00737285614013672 -0.0527191162109375 -0.165634155273438
0.0117654800415039 0.00505733489990234 0.163681030273438 -0.177291870117188
0.00102996826171875 0.00714635848999023 0.349517822265625 0.0006103515625
-0.0193443298339844 -0.0093841552734375 0.22174072265625 0.344573974609375
-0.000589370727539064 -0.0298614501953125 -0.123687744140625 0.434967041015625
0.0179462432861328 -0.00197410583496094 -0.263809204101563 0.197509765625
0.0360298156738281 0.00993728637695313 0.0152587890625 0.0250606536865234
0.0293674468994141 -0.0012359619140625 0.292572021484375 -0.211700439453125
0.0193252563476562 -0.0144786834716797 0.1015625 -0.47113037109375
-0.00215530395507813 -0.00915908813476563 -0.298736572265625 -0.280975341796875
-0.00551128387451172 0.00365781784057617 -0.318145751953125 0.0775451660156251
0.00412392616271973 0.00413274765014649 -0.12567138671875 0.204605102539062
0.00139284133911133 0.0039975643157959 0.068603515625 0.167388916015625
0.0028529167175293 0.00527667999267578 0.165481567382813 0.048553466796875
0.0104351043701172 0.00351142883300781 -0.16143798828125 -0.0664520263671875
0.00780153274536133 0.00796127319335938 -0.0557403564453125 -0.164505004882813
0.0108919143676758 0.00612354278564453 0.16094970703125 -0.177459716796875
-0.000547409057617188 0.00689220428466797 0.347381591796875 -0.003204345703125
-0.0195083618164063 -0.0110187530517578 0.225189208984375 0.340667724609375
0.00110626220703125 -0.0333576202392578 -0.11846923828125 0.43670654296875
0.0232124328613281 -0.00474166870117187 -0.265640258789063 0.20074462890625
0.0418815612792969 0.0099029541015625 0.0092926025390625 0.0266666412353516
0.034637451171875 -0.00444412231445313 0.29095458984375 -0.20751953125
0.0214748382568359 -0.0181674957275391 0.1077880859375 -0.46685791015625
-0.0030832290649414 -0.0112295150756836 -0.295257568359375 -0.28497314453125
-0.0065455436706543 0.00358343124389648 -0.320587158203125 0.073760986328125
0.00366687774658203 0.00500106811523438 -0.129409790039062 0.2042236328125
0.00135898590087891 0.00507450103759766 0.0668792724609375 0.168746948242187
0.00234127044677734 0.007476806640625 0.165908813476563 0.049713134765625
0.00951480865478516 0.00469970703125 -0.161087036132813 -0.0655059814453125
0.00815105438232422 0.00757789611816406 -0.058685302734375 -0.163681030273438
0.0108308792114258 0.00631427764892578 0.15618896484375 -0.179214477539063
-0.000639915466308593 0.00710964202880859 0.3446044921875 -0.010833740234375
-0.020477294921875 -0.0108547210693359 0.231170654296875 0.335693359375
0.000995635986328126 -0.0354804992675781 -0.11187744140625 0.44091796875
0.0259037017822266 -0.00677871704101563 -0.267562866210937 0.208892822265625
0.0466232299804688 0.00897598266601563 0.00154495239257813 0.0296230316162109
0.0383148193359375 -0.00505828857421875 0.28973388671875 -0.20086669921875
0.0226993560791016 -0.0193805694580078 0.1153564453125 -0.46453857421875
-0.00323867797851562 -0.0119342803955078 -0.291412353515625 -0.292236328125
-0.00663185119628906 0.00386810302734375 -0.3240966796875 0.067779541015625
0.00344657897949219 0.00541210174560547 -0.1351318359375 0.202896118164063
0.00266742706298828 0.00477504730224609 0.06365966796875 0.169097900390625
0.00256538391113281 0.00936508178710938 0.164459228515625 0.050140380859375
0.0161275863647461 -0.0166893005371094 -0.1636962890625 -0.064178466796875
0.00706338882446289 -0.00689840316772461 -0.0644989013671875 -0.16522216796875
0.0198841094970703 -0.00542640686035156 0.147933959960938 -0.1864013671875
0.00969600677490234 0.00804805755615234 0.346160888671875 -0.02703857421875
-0.0178241729736328 0.00926589965820313 0.245391845703125 0.322265625
-0.0153284072875977 -0.00537109375 -0.09271240234375 0.4444580078125
-0.010106086730957 0.0136499404907227 -0.260665893554687 0.219467163085938
0.00207424163818359 0.0150394439697266 0.000303268432617184 0.0320892333984375
0.000383377075195313 0.0156421661376953 0.298126220703125 -0.1954345703125
0.00889492034912109 0.0108537673950195 0.135223388671875 -0.470428466796875
0.00149297714233399 0.00732135772705078 -0.28033447265625 -0.310577392578125
0.00239324569702148 0.00296425819396973 -0.32830810546875 0.0541992187499999
0.0137844085693359 -0.00377845764160156 -0.140945434570313 0.197677612304688
0.00505352020263672 -0.00931644439697266 0.0600433349609375 0.168212890625
0.00646877288818359 -0.0121564865112305 0.163345336914063 0.0505523681640625
0.0152206420898438 -0.0142602920532227 -0.163299560546875 -0.0640716552734375
0.00783824920654297 -0.00476646423339844 -0.059600830078125 -0.166732788085938
0.0186100006103516 -0.0033111572265625 0.154830932617188 -0.183197021484375
0.00840616226196289 0.00788068771362305 0.348419189453125 -0.017669677734375
-0.0180873870849609 0.00602912902832031 0.236846923828125 0.331146240234375
-0.0137767791748047 -0.00874996185302734 -0.1044921875 0.441436767578125
-0.00741672515869141 0.0118894577026367 -0.2615966796875 0.210769653320313
0.00463676452636719 0.0140495300292969 0.00844383239746094 0.0290756225585938
0.00359821319580078 0.0138950347900391 0.297698974609375 -0.2042236328125
0.0102214813232422 0.00701999664306641 0.123565673828125 -0.474151611328125
0.00110530853271484 0.00523471832275391 -0.286376953125 -0.30157470703125
0.00145840644836426 0.00283718109130859 -0.3245849609375 0.0615234375000001
0.01141357421875 -0.00249385833740234 -0.134475708007813 0.199935913085938
0.0037989616394043 -0.00746488571166992 0.063934326171875 0.167144775390625
0.00579357147216797 -0.0100202560424805 0.163818359375 0.0481719970703125
0.0140800476074219 -0.0112247467041016 -0.163726806640625 -0.0658721923828125
0.0065617561340332 -0.00116825103759766 -0.0566253662109375 -0.166976928710937
0.0170907974243164 -0.00138378143310547 0.160919189453125 -0.181777954101562
0.0062098503112793 0.00782918930053711 0.35186767578125 -0.008941650390625
-0.0182533264160156 0.00265312194824219 0.23162841796875 0.337371826171875
-0.0101766586303711 -0.0129480361938477 -0.114532470703125 0.438873291015625
-0.00265216827392578 0.00906658172607422 -0.261184692382813 0.203948974609375
0.0105924606323242 0.0132341384887695 0.0143337249755859 0.0267829895019531
0.00828838348388672 0.0104446411132813 0.298126220703125 -0.2105712890625
0.0122261047363281 0.00233364105224609 0.111175537109375 -0.4747314453125
0.000581622123718262 0.00147163867950439 -0.293548583984375 -0.29248046875
-0.000383138656616211 0.00300836563110352 -0.32159423828125 0.069488525390625
0.00964260101318359 -0.00103187561035156 -0.129409790039063 0.202972412109375
0.00334835052490234 -0.00433588027954102 0.066986083984375 0.16717529296875
0.00510787963867188 -0.00717830657958984 0.1650390625 0.0487518310546875
0.0133209228515625 -0.00704765319824219 -0.163665771484375 -0.0664825439453125
0.00673103332519531 0.001983642578125 -0.05474853515625 -0.16705322265625
0.0153331756591797 0.001220703125 0.164535522460938 -0.179458618164063
0.00387954711914063 0.0069584846496582 0.3524169921875 -0.003326416015625
-0.0187454223632813 -0.00218009948730468 0.226806640625 0.3428955078125
-0.00750160217285156 -0.0190238952636719 -0.121612548828125 0.436767578125
0.0036005973815918 0.00549840927124023 -0.262298583984375 0.19940185546875
0.0185832977294922 0.0123367309570313 0.0183601379394531 0.0247764587402344
0.0151138305664063 0.00674819946289063 0.29644775390625 -0.214996337890625
0.0141487121582031 -0.00356197357177734 0.10491943359375 -0.47589111328125
1.95503234863283E-05 -0.00202095508575439 -0.297515869140625 -0.28668212890625
-0.0018162727355957 0.0034792423248291 -0.319427490234375 0.075531005859375
0.00775814056396484 0.000627040863037109 -0.126007080078125 0.204620361328125
0.00234055519104004 -0.00165367126464844 0.0691375732421875 0.16668701171875
0.00449085235595703 -0.00286531448364258 0.165390014648438 0.048126220703125
0.0120916366577148 -0.00285911560058594 -0.163345336914062 -0.067138671875
0.00696945190429688 0.00496006011962891 -0.052825927734375 -0.16705322265625
0.0131921768188477 0.00346755981445313 0.16656494140625 -0.1787109375
0.00190114974975586 0.00723457336425781 0.35333251953125 -0.000396728515625
-0.0189895629882813 -0.00580406188964843 0.224945068359375 0.346282958984375
-0.003448486328125 -0.0250968933105469 -0.124603271484375 0.435821533203125
0.0108671188354492 0.00158405303955078 -0.263626098632813 0.197479248046875
0.0274753570556641 0.0110530853271484 0.0181846618652344 0.0244941711425781
0.0226783752441406 0.00218963623046875 0.295166015625 -0.2174072265625
0.0170755386352539 -0.00978469848632813 0.100921630859375 -0.475616455078125
-0.00151586532592773 -0.00535488128662109 -0.300384521484375 -0.28204345703125
-0.00389671325683594 0.00337767601013184 -0.319244384765625 0.077880859375
0.00596094131469727 0.00243616104125977 -0.124649047851563 0.2056884765625
0.00206160545349121 0.0017399787902832 0.0696563720703125 0.167861938476563
0.0036005973815918 0.00107622146606445 0.16644287109375 0.048614501953125
0.0110273361206055 0.00113868713378906 -0.163528442382813 -0.0668792724609375
0.00741291046142578 0.00712823867797852 -0.053314208984375 -0.165939331054688
0.0115900039672852 0.00476455688476563 0.1651611328125 -0.177505493164063
0.00048065185546875 0.00677299499511719 0.351470947265625 0.000244140625
-0.0195217132568359 -0.00928115844726563 0.222930908203125 0.344940185546875
-0.00050544738769531 -0.0297431945800781 -0.12615966796875 0.435577392578125
0.0173463821411133 -0.00183296203613281 -0.266845703125 0.198226928710938
0.035614013671875 0.00975799560546875 0.0148754119873047 0.0256404876708984
0.0292396545410156 -0.00149345397949219 0.293914794921875 -0.2135009765625
0.0193271636962891 -0.014495849609375 0.10198974609375 -0.473052978515625
-0.00251579284667969 -0.00930976867675781 -0.298492431640625 -0.284088134765625
-0.00544261932373047 0.00364255905151367 -0.31951904296875 0.077545166015625
0.00461387634277344 0.00453615188598633 -0.12640380859375 0.205322265625
0.00193047523498535 0.00386667251586914 0.0695953369140625 0.168045043945313
0.00301647186279297 0.00489521026611328 0.166091918945313 0.04840087890625
0.0103273391723633 0.00340938568115234 -0.163681030273438 -0.0669708251953125
0.00732898712158203 0.00836467742919922 -0.0555419921875 -0.165267944335938
0.0107011795043945 0.00607776641845703 0.162063598632813 -0.178558349609375
-0.000599861145019532 0.00681018829345703 0.348724365234375 -0.002960205078125
-0.02032470703125 -0.0108585357666016 0.226898193359375 0.342132568359375
0.00100135803222656 -0.0333042144775391 -0.121124267578125 0.437713623046875
0.023040771484375 -0.00444412231445313 -0.267349243164063 0.20159912109375
0.04229736328125 0.00922393798828125 0.00917243957519532 0.0273532867431641
0.0353775024414063 -0.0039825439453125 0.291717529296875 -0.206573486328125
0.0218448638916016 -0.0180091857910156 0.10882568359375 -0.46893310546875
-0.00323581695556641 -0.0108194351196289 -0.296783447265625 -0.28643798828125
-0.00642967224121094 0.00366830825805664 -0.32232666015625 0.073272705078125
0.00354099273681641 0.00490140914916992 -0.13104248046875 0.204345703125
0.00160360336303711 0.00487995147705078 0.0673828125 0.169265747070313
0.00265359878540039 0.00798892974853516 0.166259765625 0.0495147705078125
0.00987052917480469 0.00511837005615234 -0.162811279296875 -0.0661163330078125
0.00792169570922852 0.00786542892456055 -0.0592041015625 -0.164138793945312
0.0106239318847656 0.00604724884033203 0.1568603515625 -0.179916381835938
-0.0010066032409668 0.00675249099731445 0.346160888671875 -0.0108642578125
-0.0208568572998047 -0.0112895965576172 0.231536865234375 0.337799072265625
0.000978469848632816 -0.0348472595214844 -0.113494873046875 0.443267822265625
0.0260276794433594 -0.00613784790039063 -0.269546508789063 0.208999633789063
0.0466194152832031 0.00934982299804688 0.000944137573242189 0.030029296875
0.0384979248046875 -0.00495147705078125 0.29046630859375 -0.200836181640625
0.0226345062255859 -0.0194435119628906 0.11627197265625 -0.4674072265625
-0.00366401672363281 -0.0121355056762695 -0.29144287109375 -0.293609619140625
-0.00665712356567383 0.00331592559814453 -0.325836181640625 0.0671386718750001
0.00368165969848633 0.00543546676635742 -0.136123657226562 0.20355224609375
0.00207901000976563 0.00491619110107422 0.0643310546875 0.170028686523438
0.00278663635253906 0.00896167755126953 0.165634155273438 0.0499725341796875
0.0158443450927734 -0.0167646408081055 -0.16448974609375 -0.064208984375
0.00735282897949219 -0.0069584846496582 -0.0649261474609375 -0.165939331054688
0.0202617645263672 -0.00583648681640625 0.149276733398438 -0.187942504882813
0.00973987579345703 0.00733852386474609 0.34771728515625 -0.026947021484375
-0.0178279876708984 0.00893592834472656 0.24847412109375 0.323760986328125
-0.0150642395019531 -0.00535011291503906 -0.094085693359375 0.44586181640625
-0.0102825164794922 0.0142593383789062 -0.262863159179688 0.220504760742188
0.00144100189208985 0.0144329071044922 0.000146865844726563 0.0324935913085938
0.000864982604980468 0.0156393051147461 0.299224853515625 -0.1964111328125
0.0089874267578125 0.0103015899658203 0.13525390625 -0.472991943359375
0.00141668319702148 0.00756931304931641 -0.281982421875 -0.312042236328125
0.00231266021728516 0.00282883644104004 -0.330718994140625 0.053497314453125
0.013092041015625 -0.00365924835205078 -0.141525268554688 0.198638916015625
0.00489425659179687 -0.00988578796386719 0.0608062744140625 0.169937133789063
0.00661563873291016 -0.0122566223144531 0.16497802734375 0.0500335693359375
0.0151290893554687 -0.0139169692993164 -0.16412353515625 -0.0648345947265625
0.00711488723754883 -0.00476932525634766 -0.060333251953125 -0.166824340820313
0.0188884735107422 -0.00312614440917969 0.156097412109375 -0.184326171875
0.00833368301391602 0.00772905349731445 0.35137939453125 -0.018646240234375
-0.0186538696289063 0.0062255859375 0.23870849609375 0.332977294921875
-0.0135068893432617 -0.00834465026855469 -0.106414794921875 0.44390869140625
-0.00782108306884765 0.0123567581176758 -0.26361083984375 0.211944580078125
0.00443744659423828 0.0145015716552734 0.007598876953125 0.0290298461914063
0.00371551513671875 0.0140323638916016 0.300445556640625 -0.20556640625
0.0106668472290039 0.00692272186279297 0.1253662109375 -0.4757080078125
0.00106620788574219 0.00521612167358398 -0.28765869140625 -0.3040771484375
0.00131583213806152 0.00268101692199707 -0.326690673828125 0.06201171875
0.011652946472168 -0.00287342071533203 -0.13623046875 0.201309204101562
0.00392293930053711 -0.00744152069091797 0.065155029296875 0.167800903320312
0.00585365295410156 -0.00993919372558594 0.165115356445313 0.04833984375
0.0142059326171875 -0.0110015869140625 -0.164749145507813 -0.065460205078125
0.00636529922485352 -0.00131368637084961 -0.057098388671875 -0.167556762695313
0.0173330307006836 -0.00152301788330078 0.161972045898438 -0.182830810546875
0.00618124008178711 0.00718879699707031 0.35443115234375 -0.010223388671875
-0.0182991027832031 0.00268936157226562 0.23309326171875 0.34051513671875
-0.0102920532226563 -0.0132389068603516 -0.115631103515625 0.441131591796875
-0.00285434722900391 0.00964450836181641 -0.263381958007813 0.204360961914062
0.0106372833251953 0.012934684753418 0.0143814086914062 0.0263214111328125
0.00830936431884766 0.00978755950927734 0.299224853515625 -0.2120361328125
0.0125198364257813 0.00151634216308594 0.11236572265625 -0.478271484375
0.000938773155212402 0.00171947479248047 -0.29364013671875 -0.2950439453125
-4.26769256591794E-05 0.00317502021789551 -0.3231201171875 0.070343017578125
0.00960254669189453 -0.00130939483642578 -0.12994384765625 0.20428466796875
0.00266885757446289 -0.0044102668762207 0.067779541015625 0.168380737304688
0.00566387176513672 -0.00735378265380859 0.166336059570313 0.0484771728515625
0.0137414932250977 -0.00720024108886719 -0.164886474609375 -0.06622314453125
0.00675535202026367 0.00206184387207031 -0.0546417236328125 -0.167816162109375
0.0145139694213867 0.000926971435546875 0.165878295898438 -0.1802978515625
0.00396442413330078 0.00696992874145508 0.355804443359375 -0.002838134765625
-0.0192222595214844 -0.00164222717285156 0.227752685546875 0.345489501953125
-0.00672340393066406 -0.0191745758056641 -0.123199462890625 0.438568115234375
0.00342416763305664 0.00645112991333008 -0.264495849609375 0.200363159179687
0.0184745788574219 0.0119094848632812 0.0181980133056641 0.0251712799072266
0.0155258178710937 0.00615024566650391 0.298004150390625 -0.215576171875
0.0146274566650391 -0.00377178192138672 0.106353759765625 -0.478729248046875
-0.000255346298217773 -0.00233292579650879 -0.299346923828125 -0.2882080078125
-0.00180149078369141 0.00333380699157715 -0.320465087890625 0.0753479003906249
0.00732040405273438 0.000796318054199219 -0.126693725585938 0.206085205078125
0.0024573802947998 -0.00167655944824219 0.0703277587890625 0.167800903320313
0.0044407844543457 -0.00255489349365234 0.167343139648438 0.0475311279296875
0.0124425888061523 -0.00269794464111328 -0.16558837890625 -0.0675811767578125
0.00661706924438477 0.00510931015014648 -0.0538177490234375 -0.167617797851563
0.013397216796875 0.00319099426269531 0.168075561523438 -0.179412841796875
0.00261068344116211 0.00649738311767578 0.355316162109375 -0.000396728515625
-0.0193214416503906 -0.00540733337402343 0.225982666015625 0.348785400390625
-0.003662109375 -0.0242233276367188 -0.125518798828125 0.437103271484375
0.0111684799194336 0.00209331512451172 -0.266128540039062 0.197845458984375
0.0275554656982422 0.0110969543457031 0.0183486938476563 0.0245704650878906
0.0219383239746094 0.00214195251464844 0.296478271484375 -0.2166748046875
0.0168209075927734 -0.0102920532226563 0.10247802734375 -0.4779052734375
-0.00118684768676758 -0.0060577392578125 -0.300628662109375 -0.28466796875
-0.00379514694213867 0.00296354293823242 -0.32080078125 0.0782470703125001
0.00580739974975586 0.0021824836730957 -0.125595092773438 0.20648193359375
0.00126874446868896 0.00176608562469482 0.0705718994140625 0.168899536132813
0.0039973258972168 0.000972509384155274 0.167678833007813 0.0486602783203125
0.0109663009643555 0.00118160247802734 -0.16497802734375 -0.06634521484375
0.00758123397827148 0.0071258544921875 -0.053985595703125 -0.166976928710938
0.0112247467041016 0.00469207763671875 0.16650390625 -0.178436279296875
0.000155925750732422 0.00630664825439453 0.3538818359375 0.000518798828125
-0.0197715759277344 -0.00913047790527344 0.224609375 0.34771728515625
-0.000577926635742189 -0.0299797058105469 -0.126922607421875 0.4381103515625
0.0177764892578125 -0.00162315368652344 -0.267868041992188 0.199417114257813
0.03607177734375 0.00985336303710938 0.0145454406738281 0.0255966186523438
0.0291271209716797 -0.00180435180664062 0.2960205078125 -0.21319580078125
0.0197410583496094 -0.0152721405029297 0.10345458984375 -0.474853515625
-0.00262355804443359 -0.00955581665039062 -0.300140380859375 -0.2850341796875
-0.00557756423950195 0.00348329544067383 -0.321075439453125 0.0774536132812501
0.00403833389282227 0.00373268127441406 -0.127410888671875 0.20648193359375
0.00158190727233887 0.00399041175842285 0.07073974609375 0.169586181640625
0.00333976745605469 0.00448226928710938 0.167221069335937 0.048248291015625
0.0105295181274414 0.00351428985595703 -0.16412353515625 -0.0667724609375
0.00771999359130859 0.00811100006103516 -0.0560455322265625 -0.165679931640625
0.0106115341186523 0.00574302673339844 0.162765502929688 -0.179595947265625
-0.000971317291259766 0.00621843338012695 0.35101318359375 -0.003692626953125
-0.0201320648193359 -0.0107326507568359 0.2281494140625 0.3443603515625
0.000795364379882815 -0.0331211090087891 -0.122528076171875 0.43988037109375
0.0228996276855469 -0.00410079956054688 -0.271072387695313 0.2020263671875
0.0422401428222656 0.00913238525390625 0.00933456420898438 0.0270729064941406
0.0347003936767578 -0.00457572937011719 0.294891357421875 -0.2080078125
0.0216655731201172 -0.0185470581054688 0.10833740234375 -0.473358154296875
-0.00314712524414063 -0.0109748840332031 -0.298187255859375 -0.289031982421875
-0.00613784790039063 0.00363826751708984 -0.324005126953125 0.073394775390625
0.00286579132080078 0.00521707534790039 -0.131301879882813 0.20556640625
0.00181484222412109 0.0051422119140625 0.06829833984375 0.170440673828125
0.00328159332275391 0.00755023956298828 0.1678466796875 0.0499114990234375
0.00999069213867187 0.00531673431396484 -0.163726806640625 -0.0658111572265625
0.0076751708984375 0.00774049758911133 -0.0592041015625 -0.164169311523437
0.0103750228881836 0.00589370727539063 0.158737182617188 -0.181594848632813
-0.000639915466308594 0.00659275054931641 0.34759521484375 -0.011383056640625
-0.0208530426025391 -0.0111312866210938 0.233062744140625 0.339141845703125
0.000957489013671872 -0.0348167419433594 -0.115142822265625 0.44561767578125
0.0258731842041016 -0.00559234619140625 -0.271957397460937 0.210418701171875
0.0468559265136719 0.00861358642578125 0.00108718872070313 0.0300998687744141
0.0389785766601563 -0.00566864013671875 0.2933349609375 -0.202178955078125
0.0232009887695313 -0.0202274322509766 0.117095947265625 -0.469451904296875
-0.00327777862548828 -0.0121498107910156 -0.293548583984375 -0.297210693359375
-0.0068659782409668 0.00346708297729492 -0.327392578125 0.0671081542968749
0.00323629379272461 0.00517988204956055 -0.136734008789062 0.203659057617188
0.00230169296264648 0.00528526306152344 0.0648956298828125 0.171310424804688
0.00346660614013672 0.0094757080078125 0.166595458984375 0.050079345703125
0.0157194137573242 -0.0171880722045898 -0.166290283203125 -0.0639495849609375
0.00727319717407226 -0.00719261169433594 -0.0653076171875 -0.16650390625
0.0200252532958984 -0.00589752197265625 0.150466918945313 -0.189178466796875
0.00981521606445313 0.00708198547363281 0.350799560546875 -0.028961181640625
-0.0176658630371094 0.00946998596191406 0.249359130859375 0.32586669921875
-0.0153541564941406 -0.0047454833984375 -0.09527587890625 0.44873046875
-0.00997638702392578 0.0146522521972656 -0.2655029296875 0.221771240234375
0.00134563446044922 0.0144176483154297 -0.000419616699218749 0.0331096649169922
0.000657081604003906 0.0153341293334961 0.30157470703125 -0.1968994140625
0.00936412811279297 0.00999164581298828 0.13677978515625 -0.4764404296875
0.00134754180908203 0.0077047348022461 -0.28350830078125 -0.314453125
0.00251483917236328 0.0024871826171875 -0.3323974609375 0.0541992187500001
0.0129776000976563 -0.00414752960205078 -0.142898559570313 0.199630737304687
0.00463294982910156 -0.00972843170166016 0.06201171875 0.170761108398437
0.00711631774902344 -0.0123929977416992 0.165939331054688 0.0498046875
0.015202522277832 -0.0142793655395508 -0.166336059570312 -0.0645599365234375
0.00678157806396484 -0.00441884994506836 -0.0615386962890625 -0.167572021484375
0.0182781219482422 -0.00367164611816406 0.15673828125 -0.1865234375
0.00821876525878906 0.00738906860351563 0.353179931640625 -0.018646240234375
-0.0181198120117187 0.0066986083984375 0.24139404296875 0.335205078125
-0.0132474899291992 -0.00811862945556641 -0.106903076171875 0.447174072265625
-0.00833702087402344 0.0130901336669922 -0.2657470703125 0.213516235351563
0.0045318603515625 0.0140342712402344 0.00809669494628906 0.0296249389648437
0.0035867691040039 0.0132808685302734 0.302459716796875 -0.20611572265625
0.0109262466430664 0.00703716278076172 0.1256103515625 -0.47991943359375
0.000704765319824219 0.00486469268798828 -0.290283203125 -0.3048095703125
0.00127196311950684 0.00274920463562012 -0.328857421875 0.062713623046875
0.0115203857421875 -0.00237369537353516 -0.13665771484375 0.202438354492188
0.00392627716064453 -0.00732755661010742 0.0660400390625 0.168701171875
0.00607585906982422 -0.00994968414306641 0.166610717773438 0.0482330322265625
0.0144796371459961 -0.0110626220703125 -0.166336059570313 -0.06591796875
0.00693273544311524 -0.00152587890625 -0.05792236328125 -0.168289184570313
0.0168638229370117 -0.00201034545898438 0.163192749023437 -0.184173583984375
0.00634145736694336 0.00713062286376953 0.357025146484375 -0.0111083984375
-0.0190505981445313 0.00320243835449219 0.234161376953125 0.341339111328125
-0.0107593536376953 -0.0128412246704102 -0.11688232421875 0.443817138671875
-0.00264835357666016 0.0101079940795898 -0.265762329101563 0.20635986328125
0.0100975036621094 0.0125999450683594 0.0147895812988281 0.0273799896240234
0.00884246826171875 0.0102415084838867 0.301544189453125 -0.212249755859375
0.0126466751098633 0.00167179107666016 0.114776611328125 -0.481719970703125
0.000661373138427734 0.00176286697387695 -0.296295166015625 -0.296142578125
-0.000586032867431641 0.00225186347961426 -0.325531005859375 0.070587158203125
0.00925254821777344 -0.00139045715332031 -0.130966186523437 0.204925537109375
0.00250816345214844 -0.00468778610229492 0.068939208984375 0.169631958007813
0.00505733489990234 -0.00701904296875 0.167449951171875 0.04840087890625
0.0133085250854492 -0.00696468353271484 -0.16668701171875 -0.0660552978515625
0.00703239440917969 0.00160837173461914 -0.055877685546875 -0.168701171875
0.0153121948242188 0.000483512878417969 0.166778564453125 -0.181976318359375
0.00397634506225586 0.00692081451416016 0.3587646484375 -0.004150390625
-0.0188446044921875 -0.00161170959472657 0.230255126953125 0.346954345703125
-0.00738525390625 -0.0188064575195313 -0.12420654296875 0.4432373046875
0.00355148315429688 0.00562191009521484 -0.266464233398437 0.201461791992188
0.0181598663330078 0.0117931365966797 0.0179290771484375 0.0254764556884766
0.0152835845947266 0.00594425201416016 0.30047607421875 -0.217254638671875
0.0146608352661133 -0.00450515747070313 0.10601806640625 -0.482452392578125
-0.000130414962768554 -0.00249552726745605 -0.300628662109375 -0.2906494140625
-0.00240015983581543 0.00293636322021484 -0.3228759765625 0.0762939453125
0.00721549987792969 0.000981807708740234 -0.127044677734375 0.206787109375
0.00213384628295898 -0.00122964382171631 0.0711822509765625 0.169235229492188
0.00487947463989258 -0.00332355499267578 0.167922973632813 0.047882080078125
0.0126476287841797 -0.00307464599609375 -0.1668701171875 -0.0675201416015625
0.00626182556152344 0.00527620315551758 -0.0544891357421875 -0.168289184570312
0.0127735137939453 0.00276851654052734 0.169052124023438 -0.180938720703125
0.00161981582641602 0.00643444061279297 0.35723876953125 -0.000823974609375
-0.0191917419433594 -0.00562477111816406 0.227783203125 0.35064697265625
-0.00361061096191406 -0.0243015289306641 -0.12677001953125 0.44122314453125
0.010981559753418 0.00229167938232422 -0.267486572265625 0.1998291015625
0.0273799896240234 0.0105094909667969 0.0181179046630859 0.0256404876708984
0.0230464935302734 0.00152397155761719 0.299041748046875 -0.218109130859375
0.0171613693237305 -0.0100507736206055 0.10284423828125 -0.4805908203125
-0.00170660018920898 -0.00591135025024414 -0.303741455078125 -0.2867431640625
-0.00412511825561523 0.00290918350219727 -0.32269287109375 0.07843017578125
0.00575876235961914 0.00245904922485352 -0.126235961914062 0.208099365234375
0.00161540508270264 0.00144624710083008 0.072174072265625 0.169662475585938
0.00376629829406738 0.00119137763977051 0.169158935546875 0.0481719970703125
0.0110349655151367 0.000577926635742188 -0.16632080078125 -0.06634521484375
0.00725269317626953 0.00754022598266602 -0.0550537109375 -0.167205810546875
0.0108356475830078 0.00462055206298828 0.167190551757813 -0.17962646484375
0.000295162200927734 0.00645732879638672 0.356689453125 -0.0003662109375
-0.0197868347167969 -0.00842094421386719 0.226165771484375 0.35150146484375
-0.000421524047851565 -0.0294704437255859 -0.128143310546875 0.44189453125
0.0179710388183594 -0.000934600830078125 -0.270370483398438 0.200729370117188
0.0361785888671875 0.00980758666992188 0.0150470733642578 0.0256271362304687
0.0292720794677734 -0.00263595581054688 0.297882080078125 -0.21453857421875
0.0199375152587891 -0.0148429870605469 0.104248046875 -0.478118896484375
-0.0027008056640625 -0.00959682464599609 -0.301116943359375 -0.28729248046875
-0.00536870956420899 0.00395011901855469 -0.3236083984375 0.077728271484375
0.00356912612915039 0.00398731231689453 -0.127883911132813 0.208175659179688
0.00159215927124023 0.00374555587768555 0.0714263916015625 0.170013427734375
0.00320911407470703 0.00476217269897461 0.168869018554688 0.0482177734375
0.0102691650390625 0.0038299560546875 -0.16656494140625 -0.0665435791015625
0.00722122192382813 0.00870132446289063 -0.0568389892578125 -0.166091918945313
0.0105581283569336 0.00534439086914063 0.163619995117188 -0.180984497070313
-0.00074005126953125 0.00662469863891601 0.354248046875 -0.00457763671875
-0.0201911926269531 -0.0104427337646484 0.230865478515625 0.34674072265625
0.000724792480468752 -0.0327644348144531 -0.123748779296875 0.443511962890625
0.0231456756591797 -0.00397682189941406 -0.271820068359375 0.205062866210938
0.0425834655761719 0.00871658325195313 0.00893974304199219 0.0275764465332031
0.0347270965576172 -0.00495147705078125 0.296539306640625 -0.20904541015625
0.021759033203125 -0.0185050964355469 0.10882568359375 -0.475250244140625
-0.00363254547119141 -0.0114221572875977 -0.299774169921875 -0.290679931640625
-0.00580596923828125 0.00404977798461914 -0.3258056640625 0.0734252929687501
0.00322723388671875 0.00472831726074219 -0.13214111328125 0.206344604492188
0.00147151947021484 0.00503396987915039 0.069305419921875 0.171737670898438
0.00350189208984375 0.00757551193237305 0.168853759765625 0.049346923828125
0.00975704193115235 0.005279541015625 -0.165298461914062 -0.0659332275390625
0.007537841796875 0.00777149200439453 -0.060760498046875 -0.16436767578125
0.0103511810302734 0.00540256500244141 0.159103393554688 -0.181808471679688
-0.000548362731933594 0.0064997673034668 0.350555419921875 -0.01123046875
-0.0208969116210938 -0.0110225677490234 0.235687255859375 0.34075927734375
0.001251220703125 -0.0352592468261719 -0.11541748046875 0.44818115234375
0.0259189605712891 -0.00562858581542969 -0.273910522460938 0.211929321289063
0.0466880798339844 0.00809860229492188 0.000829696655273439 0.0303440093994141
0.0394020080566406 -0.00607681274414063 0.295379638671875 -0.202362060546875
0.0232715606689453 -0.0204849243164063 0.117431640625 -0.473297119140625
-0.00372600555419922 -0.0122585296630859 -0.294830322265625 -0.2979736328125
-0.00683259963989258 0.00331211090087891 -0.32891845703125 0.067596435546875
0.00287914276123047 0.00506877899169922 -0.137649536132813 0.204879760742188
0.00210428237915039 0.00507593154907227 0.06658935546875 0.17218017578125
0.00331306457519531 0.00945663452148438 0.167800903320313 0.0500946044921875
0.0153436660766602 -0.016749382019043 -0.168487548828125 -0.063934326171875
0.00649595260620117 -0.00674295425415039 -0.0671539306640625 -0.167129516601563
0.0201435089111328 -0.00618171691894531 0.15093994140625 -0.190963745117188
0.00962066650390625 0.00729084014892578 0.3524169921875 -0.030792236328125
-0.0180130004882813 0.00980186462402344 0.25311279296875 0.327117919921875
-0.0152778625488281 -0.00399112701416016 -0.094970703125 0.45330810546875
-0.0106172561645508 0.0148582458496094 -0.267715454101563 0.224029541015625
0.0013885498046875 0.0141372680664063 -9.72747802734386E-05 0.0334930419921875
0.000592231750488281 0.015406608581543 0.30242919921875 -0.19927978515625
0.00911521911621094 0.0100240707397461 0.136871337890625 -0.4810791015625
0.00140857696533203 0.0074610710144043 -0.285491943359375 -0.315673828125
0.00208854675292969 0.00227999687194824 -0.335113525390625 0.0544738769531249
0.0126361846923828 -0.00401020050048828 -0.14337158203125 0.201400756835938
0.00440216064453125 -0.00981998443603515 0.063507080078125 0.171768188476563
0.00675296783447266 -0.0127372741699219 0.167587280273437 0.0494537353515625
0.0149335861206055 -0.0146636962890625 -0.167694091796875 -0.06475830078125
0.00716686248779297 -0.00457048416137695 -0.062835693359375 -0.167831420898438
0.0179996490478516 -0.00432014465332031 0.157791137695313 -0.187530517578125
0.00834989547729492 0.00713920593261719 0.35650634765625 -0.019927978515625
-0.0186748504638672 0.00664710998535157 0.24420166015625 0.33544921875
-0.0137567520141602 -0.00753211975097656 -0.108184814453125 0.452178955078125
-0.00805377960205078 0.0137939453125 -0.267852783203125 0.215545654296875
0.00417804718017578 0.0138359069824219 0.00800514221191406 0.0302085876464844
0.00392246246337891 0.0132884979248047 0.303985595703125 -0.208038330078125
0.0101871490478516 0.00676345825195313 0.12451171875 -0.484466552734375
0.00149154663085938 0.00502729415893555 -0.292449951171875 -0.307037353515625
0.00145471096038818 0.00201606750488281 -0.330352783203125 0.0636291503906251
0.011561393737793 -0.00310420989990234 -0.1373291015625 0.204086303710938
0.00371313095092773 -0.00766515731811523 0.0673675537109375 0.170089721679688
0.00644016265869141 -0.0102615356445313 0.167770385742187 0.0483856201171875
0.0141534805297852 -0.0106611251831055 -0.167953491210938 -0.065643310546875
0.00607490539550781 -0.00123262405395508 -0.0593719482421875 -0.168838500976562
0.01666259765625 -0.00211620330810547 0.163467407226563 -0.18585205078125
0.00585460662841797 0.00675487518310547 0.3587646484375 -0.011749267578125
-0.018798828125 0.00305747985839844 0.237701416015625 0.343719482421875
-0.0110387802124023 -0.0125579833984375 -0.116241455078125 0.448150634765625
-0.00275230407714844 0.0101995468139648 -0.266738891601563 0.209014892578125
0.0104246139526367 0.0124855041503906 0.0137958526611328 0.0275650024414063
0.00823879241943359 0.00914192199707031 0.302764892578125 -0.21490478515625
0.0128898620605469 0.00178623199462891 0.1136474609375 -0.48468017578125
0.000588178634643555 0.00231313705444336 -0.29779052734375 -0.298309326171875
-0.000387430191040039 0.0025184154510498 -0.32830810546875 0.0720825195312501
0.00923252105712891 -0.00169467926025391 -0.131973266601563 0.206512451171875
0.00280857086181641 -0.00448322296142578 0.0702972412109375 0.17041015625
0.00591468811035156 -0.00739526748657227 0.169479370117188 0.0482177734375
0.0131711959838867 -0.00681114196777344 -0.168243408203125 -0.0660400390625
0.00655698776245117 0.00201654434204102 -0.0569000244140625 -0.169097900390625
0.0149555206298828 0.000396728515625 0.167938232421875 -0.1842041015625
0.00368976593017578 0.00617742538452148 0.361358642578125 -0.0054931640625
-0.0190811157226563 -0.00124168395996094 0.232574462890625 0.350311279296875
-0.00748062133789062 -0.0185108184814453 -0.1256103515625 0.446441650390625
0.00380945205688477 0.00666141510009766 -0.268783569335937 0.204544067382813
0.0180377960205078 0.011566162109375 0.0177116394042969 0.0257225036621094
0.015385627746582 0.00560665130615234 0.302032470703125 -0.219482421875
0.0144414901733398 -0.00432300567626953 0.105621337890625 -0.485382080078125
-0.000643730163574219 -0.00225496292114258 -0.303497314453125 -0.29193115234375
-0.00233149528503418 0.00232815742492676 -0.325439453125 0.07769775390625
0.00765752792358398 0.000303268432617188 -0.1278076171875 0.209030151367188
0.00224447250366211 -0.00132036209106445 0.072723388671875 0.169754028320313
0.0046696662902832 -0.00295305252075195 0.169662475585937 0.047637939453125
0.0122299194335937 -0.00244140625 -0.168731689453125 -0.06640625
0.00636959075927734 0.00536298751831055 -0.055389404296875 -0.168930053710938
0.0126380920410156 0.00220680236816406 0.169937133789063 -0.18328857421875
0.00163555145263672 0.00621986389160156 0.3609619140625 -0.002685546875
-0.01934814453125 -0.00565910339355468 0.23126220703125 0.35272216796875
-0.00401115417480469 -0.023651123046875 -0.12762451171875 0.444915771484375
0.0111236572265625 0.00303077697753906 -0.270599365234375 0.20263671875
0.0276966094970703 0.0105342864990234 0.0177326202392578 0.0256881713867187
0.0231037139892578 0.0009918212890625 0.29998779296875 -0.220611572265625
0.0168867111206055 -0.0108194351196289 0.10125732421875 -0.485382080078125
-0.00176525115966797 -0.00608062744140625 -0.306427001953125 -0.28662109375
-0.00408720970153809 0.00301337242126465 -0.325836181640625 0.080047607421875
0.00539827346801758 0.00235414505004883 -0.126678466796875 0.209671020507813
0.00151050090789795 0.00129377841949463 0.073028564453125 0.171279907226563
0.00370097160339355 0.00142884254455566 0.170684814453125 0.047515869140625
0.0105228424072266 0.00123786926269531 -0.16827392578125 -0.06597900390625
0.00696659088134765 0.00779342651367187 -0.0563812255859375 -0.167999267578125
0.0112495422363281 0.00463581085205078 0.168441772460938 -0.18212890625
0.000161170959472656 0.00601911544799805 0.357940673828125 -0.00189208984375
-0.0204849243164063 -0.00877952575683593 0.229949951171875 0.35198974609375
-0.000774383544921874 -0.0290851593017578 -0.129486083984375 0.4461669921875
0.0180854797363281 -0.0004730224609375 -0.2724609375 0.20355224609375
0.0359840393066406 0.0097808837890625 0.0144748687744141 0.0260772705078125
0.0299167633056641 -0.00279998779296875 0.298797607421875 -0.216278076171875
0.0199623107910156 -0.0158519744873047 0.10321044921875 -0.48236083984375
-0.00253868103027344 -0.00943088531494141 -0.303955078125 -0.288360595703125
-0.00571727752685547 0.00367498397827149 -0.3255615234375 0.078826904296875
0.00370693206787109 0.00391459465026855 -0.128448486328125 0.209091186523437
0.00120306015014648 0.0040583610534668 0.0730438232421875 0.171493530273438
0.003692626953125 0.00513887405395508 0.170379638671875 0.0479278564453125
0.010197639465332 0.00351428985595703 -0.168426513671875 -0.06646728515625
0.00686311721801758 0.0084233283996582 -0.0583648681640625 -0.166610717773438
0.00993537902832031 0.00519371032714844 0.16497802734375 -0.18316650390625
-0.000767707824707031 0.00581645965576172 0.3568115234375 -0.0052490234375
-0.0207672119140625 -0.0105323791503906 0.233551025390625 0.34857177734375
0.00102806091308593 -0.0327472686767578 -0.12335205078125 0.446319580078125
0.0236148834228516 -0.00361251831054688 -0.274383544921875 0.206802368164063
0.04229736328125 0.0087890625 0.00865745544433594 0.0277919769287109
0.0353355407714844 -0.00551986694335937 0.2974853515625 -0.2113037109375
0.0220489501953125 -0.0195732116699219 0.1094970703125 -0.47955322265625
-0.00335025787353515 -0.0114231109619141 -0.301727294921875 -0.291717529296875
-0.00634384155273438 0.00302314758300781 -0.327850341796875 0.074981689453125
0.00275611877441406 0.00507068634033203 -0.132614135742188 0.208694458007813
0.00181150436401367 0.00546503067016602 0.0707244873046875 0.172500610351563
0.00350618362426758 0.00776147842407227 0.170455932617188 0.0485076904296875
0.00984573364257813 0.00524806976318359 -0.16790771484375 -0.0650177001953125
0.00727462768554688 0.00773477554321289 -0.0614776611328125 -0.165695190429688
0.0102519989013672 0.00535488128662109 0.160552978515625 -0.184295654296875
-0.000623703002929687 0.0063471794128418 0.353546142578125 -0.012786865234375
-0.0211429595947266 -0.0112686157226563 0.237884521484375 0.344085693359375
0.00125312805175781 -0.0346965789794922 -0.116790771484375 0.452362060546875
0.0257701873779297 -0.00586509704589844 -0.27593994140625 0.21429443359375
0.0472984313964844 0.00846481323242188 0.000461578369140629 0.0309734344482422
0.0391197204589844 -0.00640106201171875 0.29705810546875 -0.20428466796875
0.0231361389160156 -0.0210380554199219 0.117431640625 -0.47723388671875
-0.00386238098144531 -0.012730598449707 -0.297943115234375 -0.2999267578125
-0.00656557083129883 0.00353336334228515 -0.33184814453125 0.06884765625
0.00271034240722656 0.00564670562744141 -0.138641357421875 0.206466674804688
0.00208187103271484 0.00498437881469727 0.0673370361328125 0.173248291015625
0.00348281860351563 0.00940322875976563 0.169921875 0.049468994140625
0.0155620574951172 -0.0171613693237305 -0.169891357421875 -0.063140869140625
0.00631570816040039 -0.00704479217529297 -0.068572998046875 -0.167892456054688
0.0195388793945312 -0.0068206787109375 0.15093994140625 -0.19305419921875
0.00911331176757813 0.00693130493164063 0.355712890625 -0.032379150390625
-0.0183067321777344 0.0102176666259766 0.2562255859375 0.33123779296875
-0.0158252716064453 -0.00368499755859375 -0.094390869140625 0.4573974609375
-0.0103082656860352 0.0155858993530273 -0.268630981445313 0.227218627929688
0.000810623168945312 0.0136203765869141 -0.000196456909179684 0.0337848663330078
0.000850677490234374 0.014552116394043 0.304840087890625 -0.201812744140625
0.00948905944824219 0.0103282928466797 0.135162353515625 -0.48565673828125
0.00133180618286133 0.00744771957397461 -0.28802490234375 -0.31854248046875
0.00239348411560059 0.00227236747741699 -0.3375244140625 0.0571594238281249
0.0126247406005859 -0.00479221343994141 -0.143768310546875 0.203262329101563
0.00486564636230469 -0.00963592529296875 0.065338134765625 0.17315673828125
0.00728321075439453 -0.012700080871582 0.169265747070313 0.0487213134765625
0.0146341323852539 -0.0149040222167969 -0.170089721679688 -0.0639190673828125
0.00649499893188477 -0.00446796417236328 -0.0639801025390625 -0.16912841796875
0.0183334350585938 -0.00476837158203125 0.158584594726563 -0.190048217773438
0.00818395614624023 0.0064082145690918 0.3592529296875 -0.022613525390625
-0.0188331604003906 0.00720405578613281 0.248931884765625 0.339630126953125
-0.0139932632446289 -0.0072011947631836 -0.10693359375 0.455230712890625
-0.00777339935302735 0.0138788223266602 -0.2691650390625 0.219100952148437
0.00392436981201172 0.0135488510131836 0.00834465026855469 0.0303020477294922
0.00371551513671875 0.0132122039794922 0.30517578125 -0.210784912109375
0.010411262512207 0.00650787353515625 0.124359130859375 -0.488616943359375
0.00115585327148437 0.00542306900024414 -0.29638671875 -0.30938720703125
0.0014188289642334 0.00200533866882324 -0.332916259765625 0.065460205078125
0.0110206604003906 -0.00306224822998047 -0.137344360351563 0.206008911132812
0.00399637222290039 -0.00770807266235352 0.068878173828125 0.171539306640625
0.00650405883789063 -0.0106391906738281 0.1695556640625 0.0469970703125
0.0143032073974609 -0.0115423202514648 -0.170150756835937 -0.065399169921875
0.00592374801635742 -0.00110769271850586 -0.061126708984375 -0.169906616210937
0.0167837142944336 -0.00253391265869141 0.164993286132812 -0.188674926757812
0.00612926483154297 0.00602388381958008 0.36236572265625 -0.01397705078125
-0.0188159942626953 0.00354194641113282 0.24188232421875 0.34637451171875
-0.0111083984375 -0.0125484466552734 -0.115447998046875 0.452606201171875
-0.00236988067626953 0.0107479095458984 -0.269058227539062 0.211441040039063
0.0103673934936523 0.012547492980957 0.0142879486083984 0.0276679992675781
0.00883007049560547 0.00974845886230469 0.3038330078125 -0.217193603515625
0.0129852294921875 0.00147533416748047 0.112823486328125 -0.489715576171875
0.000589609146118164 0.00181591510772705 -0.3017578125 -0.29962158203125
-0.000296354293823242 0.0023646354675293 -0.329803466796875 0.0733642578125
0.00928306579589844 -0.00194549560546875 -0.131744384765625 0.208847045898438
0.00291252136230469 -0.00440311431884766 0.0719757080078125 0.171951293945313
0.00588274002075195 -0.00736045837402344 0.171279907226563 0.0470123291015625
0.0134191513061523 -0.00724411010742188 -0.170486450195312 -0.065185546875
0.00618982315063477 0.00238466262817383 -0.05841064453125 -0.16986083984375
0.0147314071655273 -2.76565551757812E-05 0.168685913085938 -0.186553955078125
0.00376224517822266 0.00624561309814453 0.364593505859375 -0.008453369140625
-0.0197010040283203 -0.000606536865234377 0.23638916015625 0.350921630859375
-0.0075531005859375 -0.0183887481689453 -0.124664306640625 0.450958251953125
0.00353097915649414 0.00723171234130859 -0.27093505859375 0.207305908203125
0.0181808471679687 0.0112171173095703 0.01788330078125 0.0260753631591797
0.0151863098144531 0.00547599792480469 0.3043212890625 -0.22149658203125
0.0148935317993164 -0.00500679016113281 0.10595703125 -0.490203857421875
-0.000695943832397461 -0.00252604484558105 -0.30670166015625 -0.29339599609375
-0.00188398361206055 0.00297760963439941 -0.32708740234375 0.0787048339843749
0.00712394714355469 0.000156879425048828 -0.12835693359375 0.211013793945313
0.00210249423980713 -0.0011603832244873 0.074798583984375 0.170822143554688
0.00466251373291016 -0.00319528579711914 0.171844482421875 0.0461883544921875
0.0123128890991211 -0.00277614593505859 -0.170761108398438 -0.066650390625
0.00601482391357422 0.00532388687133789 -0.057373046875 -0.16973876953125
0.0127754211425781 0.00278091430664063 0.170318603515625 -0.185256958007812
0.00190401077270508 0.00594186782836914 0.363983154296875 -0.004150390625
-0.0198097229003906 -0.00491905212402344 0.23468017578125 0.3538818359375
-0.00362968444824219 -0.0238533020019531 -0.12823486328125 0.449859619140625
0.0111541748046875 0.00300025939941406 -0.27197265625 0.204605102539062
0.0272960662841797 0.00971221923828125 0.0179347991943359 0.0254840850830078
0.0225467681884766 0.00049591064453125 0.3013916015625 -0.221954345703125
0.017125129699707 -0.0109319686889648 0.0999755859375 -0.488494873046875
-0.00151300430297852 -0.00609922409057617 -0.309112548828125 -0.288909912109375
-0.00399446487426758 0.00331640243530273 -0.326629638671875 0.0815429687499999
0.00499391555786133 0.00236988067626953 -0.126358032226563 0.211685180664062
0.00128543376922607 0.00147855281829834 0.0753326416015625 0.172317504882812
0.00432252883911133 0.000911474227905273 0.172317504882812 0.0473480224609375
0.0110349655151367 0.00142669677734375 -0.170852661132813 -0.065185546875
0.006866455078125 0.00778007507324219 -0.0577392578125 -0.168380737304688
0.0106563568115234 0.00373268127441406 0.16943359375 -0.184967041015625
-0.000203132629394532 0.00627994537353516 0.361053466796875 -0.0045166015625
-0.0204505920410156 -0.00851631164550781 0.23211669921875 0.355133056640625
-0.000854492187499997 -0.0293636322021484 -0.128570556640625 0.4501953125
0.0179100036621094 -0.000194549560546875 -0.275009155273438 0.205917358398438
0.0360183715820313 0.00907516479492188 0.0148429870605469 0.0266189575195313
0.0297470092773438 -0.00333786010742188 0.3021240234375 -0.2196044921875
0.0197410583496094 -0.0159168243408203 0.10247802734375 -0.486419677734375
-0.00241184234619141 -0.00955677032470703 -0.3079833984375 -0.28961181640625
-0.00543975830078125 0.00337076187133789 -0.3275146484375 0.080902099609375
0.00357437133789063 0.00395894050598145 -0.128952026367187 0.211105346679688
0.00129580497741699 0.00422501564025879 0.0751190185546875 0.172317504882813
0.00360584259033203 0.00469064712524414 0.172256469726563 0.04693603515625
0.0103797912597656 0.00400543212890625 -0.1700439453125 -0.0652923583984375
0.00669097900390625 0.00886058807373047 -0.059600830078125 -0.16717529296875
0.00973796844482422 0.00487327575683594 0.165130615234375 -0.185653686523438
-0.00111579895019531 0.00587177276611328 0.359527587890625 -0.0067138671875
-0.0203914642333984 -0.0100364685058594 0.235992431640625 0.350677490234375
0.000862121582031253 -0.0326690673828125 -0.123046875 0.452606201171875
0.0234375 -0.00299644470214844 -0.276824951171875 0.209930419921875
0.0430488586425781 0.0085906982421875 0.00886917114257813 0.0283470153808594
0.0350818634033203 -0.00585556030273437 0.299072265625 -0.21331787109375
0.02178955078125 -0.0197257995605469 0.10748291015625 -0.483367919921875
-0.00351238250732422 -0.0114946365356445 -0.305450439453125 -0.292816162109375
-0.00611686706542969 0.00325727462768555 -0.33111572265625 0.076873779296875
0.00304985046386719 0.0052647590637207 -0.133102416992187 0.210464477539063
0.00153684616088867 0.00554943084716797 0.0730438232421875 0.173782348632813
0.00397253036499024 0.00791740417480469 0.172454833984375 0.0478668212890625
0.00997257232666016 0.00548744201660156 -0.169418334960938 -0.064483642578125
0.00693130493164063 0.00824832916259766 -0.063262939453125 -0.166168212890625
0.00997734069824219 0.00521278381347656 0.160934448242187 -0.186965942382812
-0.001007080078125 0.00590848922729492 0.35650634765625 -0.0147705078125
-0.0213279724121094 -0.0104198455810547 0.241546630859375 0.345550537109375
0.000839233398437503 -0.0344886779785156 -0.11541748046875 0.456939697265625
0.0265579223632812 -0.00542640686035156 -0.277572631835938 0.217529296875
0.0471000671386719 0.0084075927734375 0.00100898742675782 0.0310611724853516
0.0395317077636719 -0.0071258544921875 0.29864501953125 -0.207183837890625
0.0235977172851563 -0.0211524963378906 0.115447998046875 -0.481903076171875
-0.00356006622314453 -0.012420654296875 -0.301025390625 -0.301239013671875
-0.0065770149230957 0.00329923629760742 -0.334320068359375 0.07135009765625
0.00294351577758789 0.00506591796875 -0.138534545898438 0.2088623046875
0.0020604133605957 0.00515365600585938 0.0694732666015625 0.174453735351563
0.00395965576171875 0.00913143157958984 0.1715087890625 0.0491790771484375
0.0154571533203125 -0.0172109603881836 -0.172882080078125 -0.0625
0.00593376159667969 -0.00693941116333008 -0.070404052734375 -0.168624877929688
0.0191860198974609 -0.00689888000488281 0.152069091796875 -0.196182250976563
0.00934886932373047 0.00637054443359375 0.358734130859375 -0.035003662109375
-0.0180320739746094 0.0104827880859375 0.261199951171875 0.331756591796875
-0.0158596038818359 -0.00284767150878906 -0.092620849609375 0.462738037109375
-0.0101814270019531 0.0160684585571289 -0.270416259765625 0.231674194335937
0.000668525695800782 0.0139226913452148 -0.000553131103515624 0.0341129302978516
0.00113964080810547 0.0149879455566406 0.305694580078125 -0.203887939453125
0.00916385650634765 0.0102615356445313 0.133575439453125 -0.489990234375
0.00174140930175781 0.00771379470825195 -0.2938232421875 -0.319305419921875
0.00249505043029785 0.00203442573547363 -0.34027099609375 0.05859375
0.0126314163208008 -0.00462532043457031 -0.143798828125 0.20587158203125
0.00418281555175781 -0.0101356506347656 0.0670623779296875 0.174087524414062
0.00722885131835938 -0.013153076171875 0.17120361328125 0.048065185546875
0.014862060546875 -0.0147819519042969 -0.172027587890625 -0.0629425048828125
0.0062861442565918 -0.0045619010925293 -0.0658416748046875 -0.169601440429688
0.0182895660400391 -0.00517845153808594 0.159225463867188 -0.193267822265625
0.00783824920654297 0.00659513473510742 0.361846923828125 -0.025054931640625
-0.0189208984375 0.00761032104492187 0.2528076171875 0.340057373046875
-0.0141849517822266 -0.00644588470458984 -0.10595703125 0.45989990234375
-0.00738239288330078 0.0139780044555664 -0.270767211914062 0.222244262695313
0.00415420532226562 0.0126886367797852 0.00815582275390625 0.0310211181640625
0.00348186492919922 0.0129804611206055 0.307098388671875 -0.21392822265625
0.0105133056640625 0.00634002685546875 0.1220703125 -0.492431640625
0.0012669563293457 0.00531864166259766 -0.299530029296875 -0.3104248046875
0.00144505500793457 0.00267314910888672 -0.3360595703125 0.067657470703125
0.0110082626342773 -0.00322151184082031 -0.137557983398437 0.208770751953125
0.00398349761962891 -0.00792694091796875 0.0709228515625 0.172348022460938
0.00656032562255859 -0.0109376907348633 0.171661376953125 0.0459136962890625
0.0140895843505859 -0.0113887786865234 -0.17291259765625 -0.0638275146484375
0.00574207305908203 -0.000989437103271484 -0.0625 -0.170074462890625
0.0162878036499023 -0.00275325775146484 0.164993286132812 -0.191680908203125
0.00569534301757813 0.00641393661499023 0.366180419921875 -0.01702880859375
-0.0197563171386719 0.00386428833007813 0.2457275390625 0.34710693359375
-0.010828971862793 -0.0118217468261719 -0.115570068359375 0.45648193359375
-0.00294208526611328 0.0115118026733398 -0.27093505859375 0.215362548828125
0.00986671447753906 0.0121879577636719 0.0143203735351562 0.0279769897460938
0.00896072387695313 0.00914573669433594 0.3055419921875 -0.220123291015625
0.0123157501220703 0.00132560729980469 0.110321044921875 -0.494476318359375
0.000873327255249024 0.00152504444122314 -0.306793212890625 -0.300445556640625
-0.000176072120666504 0.00217616558074951 -0.332275390625 0.076385498046875
0.00912761688232422 -0.00172710418701172 -0.13238525390625 0.21075439453125
0.00286197662353516 -0.00472640991210938 0.0744476318359375 0.17254638671875
0.00615882873535156 -0.00772714614868164 0.172607421875 0.0461578369140625
0.0131912231445312 -0.00731563568115234 -0.172805786132813 -0.0645599365234375
0.00611734390258789 0.0023036003112793 -0.060272216796875 -0.170516967773438
0.0139169692993164 -0.000380516052246094 0.168624877929687 -0.189285278320312
0.00365257263183594 0.00560569763183594 0.3680419921875 -0.010223388671875
-0.0197715759277344 -0.000720977783203128 0.24169921875 0.353729248046875
-0.00752830505371094 -0.0177402496337891 -0.123748779296875 0.454742431640625
0.0035548210144043 0.00800180435180664 -0.272262573242188 0.211227416992187
0.0184497833251953 0.0109405517578125 0.0174541473388672 0.0265350341796875
0.0152378082275391 0.00482177734375 0.3052978515625 -0.2244873046875
0.0153236389160156 -0.00498008728027344 0.103057861328125 -0.494781494140625
-0.000363588333129883 -0.00260448455810547 -0.311370849609375 -0.294342041015625
-0.0017704963684082 0.00232529640197754 -0.32952880859375 0.08154296875
0.00684261322021484 0.000749588012695313 -0.128265380859375 0.21380615234375
0.00211226940155029 -0.00139284133911133 0.0767822265625 0.172088623046875
0.00510072708129883 -0.00318241119384766 0.173629760742188 0.04534912109375
0.0123443603515625 -0.00263214111328125 -0.173065185546875 -0.0652618408203125
0.00586843490600586 0.00581598281860352 -0.058685302734375 -0.170562744140625
0.0125217437744141 0.00196361541748047 0.171310424804688 -0.188766479492188
0.00164413452148438 0.00556039810180664 0.367645263671875 -0.0059814453125
-0.0202274322509766 -0.00471878051757812 0.238616943359375 0.356475830078125
-0.00406646728515625 -0.0238361358642578 -0.126861572265625 0.454254150390625
0.0112066268920898 0.00376224517822266 -0.2734375 0.208206176757813
0.0276165008544922 0.00984764099121094 0.0179290771484375 0.0260124206542969
0.0228042602539063 0.000173568725585938 0.30291748046875 -0.225921630859375
0.0173273086547852 -0.0112419128417969 0.098358154296875 -0.493255615234375
-0.00166511535644531 -0.00616550445556641 -0.313995361328125 -0.291168212890625
-0.00363993644714356 0.00280094146728516 -0.329803466796875 0.08416748046875
0.00483608245849609 0.00216531753540039 -0.1273193359375 0.214752197265625
0.00116968154907227 0.00177383422851563 0.0774078369140625 0.17364501953125
0.00453567504882813 0.000986099243164063 0.173995971679688 0.0458526611328125
0.0114326477050781 0.00147914886474609 -0.172866821289062 -0.0644683837890625
0.0063939094543457 0.00769424438476562 -0.0597381591796875 -0.169036865234375
0.010981559753418 0.00428009033203125 0.169845581054688 -0.186965942382812
-0.000194549560546875 0.005615234375 0.3651123046875 -0.007232666015625
-0.0204105377197266 -0.00806045532226562 0.23651123046875 0.356781005859375
-0.000747680664062501 -0.0285739898681641 -0.127166748046875 0.455841064453125
0.0184383392333984 0.0002593994140625 -0.276458740234375 0.209716796875
0.0361518859863281 0.00885772705078125 0.0149059295654297 0.0268325805664063
0.0299510955810547 -0.00343704223632812 0.302001953125 -0.223052978515625
0.0197257995605469 -0.0163249969482422 0.10113525390625 -0.490631103515625
-0.00287628173828125 -0.00977420806884766 -0.31158447265625 -0.291748046875
-0.00521183013916016 0.00308799743652344 -0.32952880859375 0.083526611328125
0.00318837165832519 0.00397396087646484 -0.12945556640625 0.213836669921875
0.00152158737182617 0.00461530685424805 0.076690673828125 0.173446655273437
0.00423860549926758 0.00498819351196289 0.174362182617188 0.046051025390625
0.0105571746826172 0.00404548645019531 -0.172622680664063 -0.0652923583984375
0.00641918182373047 0.00902271270751953 -0.06146240234375 -0.168304443359375
0.00990200042724609 0.00510501861572266 0.165664672851563 -0.1885986328125
-0.00164556503295898 0.00562667846679688 0.362335205078125 -0.009490966796875
-0.0210952758789063 -0.00939369201660157 0.241119384765625 0.3516845703125
0.000661849975585941 -0.0329856872558594 -0.12274169921875 0.456268310546875
0.0240230560302734 -0.00308990478515625 -0.277755737304688 0.213226318359375
0.0430984497070313 0.00795364379882813 0.00860595703125 0.0287303924560547
0.0357437133789063 -0.00625991821289063 0.3001708984375 -0.21746826171875
0.0223922729492188 -0.0203418731689453 0.10626220703125 -0.48828125
-0.00290679931640625 -0.0117359161376953 -0.30889892578125 -0.29388427734375
-0.00646543502807617 0.00384426116943359 -0.332611083984375 0.0787963867187501
0.00240468978881836 0.00490951538085937 -0.133270263671875 0.213348388671875
0.00139760971069336 0.00559616088867187 0.0749053955078125 0.174484252929688
0.0040125846862793 0.00799036026000977 0.174468994140625 0.04681396484375
0.00980186462402344 0.00559711456298828 -0.171249389648438 -0.0636749267578125
0.00727319717407226 0.00837230682373047 -0.0648345947265625 -0.16693115234375
0.00986385345458984 0.00525093078613281 0.1611328125 -0.18975830078125
-0.00132179260253906 0.00561237335205078 0.359344482421875 -0.017425537109375
-0.02142333984375 -0.0104751586914062 0.24591064453125 0.3472900390625
0.00131988525390625 -0.0343456268310547 -0.11431884765625 0.46099853515625
0.0270366668701172 -0.00467300415039063 -0.279251098632812 0.221237182617188
0.0474815368652344 0.00772476196289063 0.000881195068359375 0.0316104888916016
0.0394668579101562 -0.00780487060546875 0.300445556640625 -0.210235595703125
0.0237579345703125 -0.0210933685302734 0.1146240234375 -0.4866943359375
-0.0037689208984375 -0.0127811431884766 -0.3056640625 -0.30267333984375
-0.00673341751098633 0.00309514999389649 -0.337127685546875 0.073974609375
0.00231695175170898 0.00529050827026367 -0.13885498046875 0.21160888671875
0.00185585021972656 0.00524234771728516 0.0717620849609375 0.175323486328125
0.00385379791259766 0.00906181335449219 0.173507690429688 0.0479583740234375
0.0155677795410156 -0.0170106887817383 -0.174957275390625 -0.06085205078125
0.00563573837280273 -0.0068821907043457 -0.0726470947265625 -0.168869018554688
0.0191402435302734 -0.00756645202636719 0.151702880859375 -0.199356079101563
0.00947952270507813 0.00583267211914063 0.361572265625 -0.03900146484375
-0.0184326171875 0.0108547210693359 0.26580810546875 0.331329345703125
-0.0156269073486328 -0.00277233123779297 -0.089996337890625 0.46807861328125
-0.0103244781494141 0.0169658660888672 -0.271316528320313 0.235382080078125
0.000537872314453126 0.0134639739990234 -0.000179290771484378 0.0346031188964844
0.000906944274902345 0.0147333145141602 0.306671142578125 -0.20892333984375
0.00926589965820313 0.00963211059570313 0.130279541015625 -0.494781494140625
0.0014958381652832 0.00794315338134766 -0.297119140625 -0.318817138671875
0.0024874210357666 0.00225830078125 -0.342010498046875 0.06207275390625
0.0123758316040039 -0.00459098815917969 -0.143539428710937 0.208358764648438
0.00420761108398437 -0.0104141235351563 0.069580078125 0.175079345703125
0.00757598876953125 -0.0137138366699219 0.172958374023438 0.046356201171875
0.0147743225097656 -0.0149555206298828 -0.174346923828125 -0.061187744140625
0.00588512420654297 -0.00435400009155273 -0.06787109375 -0.169937133789063
0.0179996490478516 -0.0054473876953125 0.1590576171875 -0.196609497070313
0.00801897048950195 0.00637102127075195 0.36492919921875 -0.02947998046875
-0.0185832977294922 0.00775909423828125 0.258148193359375 0.34027099609375
-0.013981819152832 -0.00601577758789063 -0.1044921875 0.46429443359375
-0.00759410858154297 0.0150547027587891 -0.271713256835938 0.226791381835937
0.00358295440673828 0.0133600234985352 0.00817108154296875 0.0313034057617188
0.00369358062744141 0.0128297805786133 0.308135986328125 -0.217254638671875
0.0111722946166992 0.00636005401611328 0.1201171875 -0.497955322265625
0.00111293792724609 0.00531911849975586 -0.30303955078125 -0.3109130859375
0.00139451026916504 0.00226974487304688 -0.3377685546875 0.071197509765625
0.0107612609863281 -0.00346469879150391 -0.137191772460937 0.211151123046875
0.00383090972900391 -0.00779581069946289 0.07366943359375 0.1734619140625
0.00624942779541016 -0.0111618041992188 0.173248291015625 0.0448455810546875
0.0144596099853516 -0.0116720199584961 -0.175201416015625 -0.063018798828125
0.00572681427001953 -0.00108766555786133 -0.0650177001953125 -0.170852661132812
0.0163087844848633 -0.00308990478515625 0.165069580078125 -0.194381713867188
0.00575733184814453 0.00566482543945313 0.367584228515625 -0.020782470703125
-0.0190582275390625 0.00471687316894531 0.25146484375 0.348358154296875
-0.0112123489379883 -0.0110263824462891 -0.112457275390625 0.461273193359375
-0.00297737121582031 0.0118627548217773 -0.272048950195313 0.219345092773437
0.0102043151855469 0.0119171142578125 0.014373779296875 0.0284538269042969
0.00901317596435547 0.00891780853271484 0.30633544921875 -0.225433349609375
0.0133571624755859 0.000597000122070312 0.1075439453125 -0.500152587890625
0.000236630439758301 0.00194084644317627 -0.311614990234375 -0.30133056640625
-0.000338315963745117 0.00228071212768555 -0.334564208984375 0.0787658691406249
0.00863933563232422 -0.00214624404907227 -0.130722045898437 0.2138671875
0.00291681289672852 -0.00457477569580078 0.07672119140625 0.172698974609375
0.00605869293212891 -0.0078282356262207 0.174972534179688 0.044586181640625
0.0131473541259766 -0.00734806060791016 -0.17535400390625 -0.0632171630859375
0.00592947006225586 0.00240612030029297 -0.06243896484375 -0.171371459960938
0.014312744140625 -0.000302314758300781 0.168777465820313 -0.192581176757813
0.00351524353027344 0.00583887100219726 0.369476318359375 -0.013824462890625
-0.0199069976806641 3.81469726562604E-06 0.24591064453125 0.35516357421875
-0.00764274597167969 -0.0178356170654297 -0.121795654296875 0.4608154296875
0.00361871719360352 0.00800180435180664 -0.273208618164063 0.214828491210938
0.0180454254150391 0.0106258392333984 0.0182552337646484 0.0265216827392578
0.015528678894043 0.00448799133300781 0.306182861328125 -0.228668212890625
0.0150527954101562 -0.00537681579589844 0.10040283203125 -0.499298095703125
-0.000283718109130859 -0.00235819816589355 -0.314849853515625 -0.294464111328125
-0.00234866142272949 0.00285863876342773 -0.33154296875 0.0846557617187501
0.00670623779296875 0.000178813934326172 -0.127670288085937 0.215591430664063
0.00233292579650879 -0.00137233734130859 0.07916259765625 0.172744750976563
0.0052337646484375 -0.00333452224731445 0.1751708984375 0.0439453125
0.0121955871582031 -0.00226211547851562 -0.17559814453125 -0.06427001953125
0.00578022003173828 0.0058436393737793 -0.06103515625 -0.17059326171875
0.0123443603515625 0.00162220001220703 0.171173095703125 -0.191818237304687
0.00131130218505859 0.00564241409301758 0.3701171875 -0.01080322265625
-0.0202503204345703 -0.00421714782714844 0.24359130859375 0.357177734375
-0.00435447692871094 -0.0235576629638672 -0.124664306640625 0.45843505859375
0.0115642547607422 0.00418472290039063 -0.27471923828125 0.212966918945313
0.0274143218994141 0.00951385498046875 0.0182781219482422 0.0261268615722656
0.0234508514404297 -3.24249267578125E-05 0.30291748046875 -0.230255126953125
0.0176162719726563 -0.0117588043212891 0.09588623046875 -0.49798583984375
-0.00167608261108398 -0.00636196136474609 -0.318389892578125 -0.2908935546875
-0.00397658348083496 0.00292420387268066 -0.3316650390625 0.08758544921875
0.0050048828125 0.00191497802734375 -0.126358032226563 0.216751098632812
0.00110721588134766 0.00151956081390381 0.079864501953125 0.173919677734375
0.00441074371337891 0.000648975372314453 0.17584228515625 0.0447235107421875
0.0113058090209961 0.00133132934570313 -0.175094604492188 -0.0633544921875
0.00669097900390625 0.0081934928894043 -0.061676025390625 -0.169815063476563
0.010594367980957 0.00388717651367188 0.16961669921875 -0.190536499023438
-0.000427722930908203 0.00544023513793945 0.368682861328125 -0.010040283203125
-0.0208339691162109 -0.00805282592773438 0.24212646484375 0.35693359375
-0.00104141235351562 -0.0290126800537109 -0.124847412109375 0.46002197265625
0.0185966491699219 0.000286102294921875 -0.276824951171875 0.213775634765625
0.0362548828125 0.00839996337890625 0.0148124694824219 0.0274906158447266
0.0298995971679688 -0.00437355041503906 0.303314208984375 -0.226165771484375
0.0201435089111328 -0.0170402526855469 0.09698486328125 -0.49530029296875
-0.00281143188476563 -0.009735107421875 -0.3165283203125 -0.291046142578125
-0.00548982620239258 0.00312662124633789 -0.33209228515625 0.086700439453125
0.00328302383422852 0.00443315505981445 -0.128158569335937 0.216476440429688
0.00110793113708496 0.0041959285736084 0.0801239013671875 0.173980712890625
0.00451993942260742 0.00473690032958984 0.17559814453125 0.04449462890625
0.0107240676879883 0.00426864624023438 -0.174942016601563 -0.063568115234375
0.0066375732421875 0.00883960723876953 -0.0638427734375 -0.168792724609375
0.00960540771484375 0.00477790832519531 0.16595458984375 -0.191329956054688
-0.00146341323852539 0.0058140754699707 0.365936279296875 -0.014007568359375
-0.0211143493652344 -0.00995445251464843 0.24554443359375 0.353790283203125
0.000852584838867189 -0.0319538116455078 -0.12078857421875 0.460662841796875
0.0240592956542969 -0.00297164916992188 -0.279022216796875 0.21783447265625
0.0434761047363281 0.00758743286132812 0.00884056091308594 0.0289955139160156
0.0358848571777344 -0.00723648071289063 0.302093505859375 -0.219757080078125
0.0221729278564453 -0.0206298828125 0.103057861328125 -0.492340087890625
-0.00340175628662109 -0.0116462707519531 -0.3135986328125 -0.294342041015625
-0.00657463073730469 0.00322818756103516 -0.334930419921875 0.082305908203125
0.00222444534301758 0.00484991073608398 -0.132125854492188 0.216201782226563
0.00136089324951172 0.00576686859130859 0.077728271484375 0.175567626953125
0.00415468215942383 0.00762510299682617 0.176239013671875 0.045684814453125
0.01031494140625 0.00592041015625 -0.174575805664063 -0.0621337890625
0.00694465637207031 0.00888729095458984 -0.0667266845703125 -0.167312622070313
0.00976467132568359 0.00502681732177734 0.161376953125 -0.192901611328125
-0.00150918960571289 0.00555753707885742 0.36248779296875 -0.021240234375
-0.0217876434326172 -0.0101566314697266 0.25213623046875 0.347503662109375
0.000715255737304686 -0.034149169921875 -0.111663818359375 0.4659423828125
0.0269927978515625 -0.00475311279296875 -0.280288696289063 0.225372314453125
0.0474700927734375 0.0073089599609375 0.000925064086914067 0.0322113037109375
0.0393218994140625 -0.00857925415039063 0.300384521484375 -0.213775634765625
0.0232048034667969 -0.0224514007568359 0.112396240234375 -0.49151611328125
-0.00379657745361328 -0.0126123428344727 -0.30926513671875 -0.3028564453125
-0.00671815872192383 0.00319385528564453 -0.339447021484375 0.0767822265625001
0.00240612030029297 0.00549697875976563 -0.13800048828125 0.214813232421875
0.00194501876831055 0.00546693801879883 0.07415771484375 0.176727294921875
0.00428009033203125 0.00886058807373047 0.175445556640625 0.0466766357421875
0.0153789520263672 -0.0171232223510742 -0.1773681640625 -0.0593109130859375
0.00576877593994141 -0.00700569152832031 -0.0750274658203125 -0.168655395507813
0.0190505981445313 -0.00821495056152344 0.1514892578125 -0.2021484375
0.00922298431396484 0.00561809539794922 0.363128662109375 -0.042694091796875
-0.0183868408203125 0.0115718841552734 0.2718505859375 0.3314208984375
-0.0160655975341797 -0.00191783905029297 -0.085723876953125 0.471405029296875
-0.00997257232666016 0.0171051025390625 -0.27069091796875 0.239852905273438
0.000302314758300781 0.0136528015136719 -0.000307083129882815 0.0350856781005859
0.000615119934082033 0.014739990234375 0.30731201171875 -0.212615966796875
0.00985336303710938 0.00939846038818359 0.127410888671875 -0.499908447265625
0.00192642211914063 0.00779104232788086 -0.302642822265625 -0.31988525390625
0.00213968753814697 0.0021897554397583 -0.3436279296875 0.0663146972656249
0.0120830535888672 -0.00497913360595703 -0.14288330078125 0.21112060546875
0.0039520263671875 -0.01025390625 0.07244873046875 0.17523193359375
0.0071868896484375 -0.013514518737793 0.17529296875 0.0449371337890625
0.0148935317993164 -0.0150794982910156 -0.17669677734375 -0.0599822998046875
0.0056605339050293 -0.00439929962158203 -0.069976806640625 -0.170013427734375
0.0177288055419922 -0.00578880310058594 0.158645629882813 -0.19915771484375
0.00782966613769531 0.00546121597290039 0.367401123046875 -0.03302001953125
-0.0189323425292969 0.0086669921875 0.263427734375 0.3411865234375
-0.013951301574707 -0.00550365447998047 -0.09967041015625 0.46978759765625
-0.00782585144042969 0.0152158737182617 -0.271484375 0.231689453125
0.00360393524169922 0.0129861831665039 0.00823593139648437 0.0315093994140625
0.00381565093994141 0.0124197006225586 0.307342529296875 -0.221466064453125
0.0110177993774414 0.00608062744140625 0.115264892578125 -0.5010986328125
0.00174474716186523 0.00541877746582031 -0.30859375 -0.310638427734375
0.00149428844451904 0.00197148323059082 -0.33929443359375 0.074676513671875
0.0103731155395508 -0.00356483459472656 -0.1361083984375 0.213790893554688
0.00357389450073242 -0.00761699676513672 0.07623291015625 0.173431396484375
0.0067291259765625 -0.0112400054931641 0.175155639648438 0.0428466796875
0.0142278671264648 -0.0118770599365234 -0.17791748046875 -0.061309814453125
0.00555276870727539 -0.000181674957275391 -0.067291259765625 -0.170989990234375
0.0160694122314453 -0.00391674041748047 0.164627075195313 -0.197769165039063
0.00536441802978516 0.0055084228515625 0.3707275390625 -0.023956298828125
-0.0191287994384766 0.00441932678222656 0.257598876953125 0.34844970703125
-0.0112171173095703 -0.0107631683349609 -0.109100341796875 0.46600341796875
-0.00256824493408203 0.0120706558227539 -0.27191162109375 0.223861694335938
0.0100927352905273 0.0120916366577148 0.0148677825927734 0.0288887023925781
0.00876283645629883 0.00853300094604492 0.305633544921875 -0.229217529296875
0.0131006240844727 0.000484466552734375 0.103668212890625 -0.503448486328125
0.000650882720947266 0.00142693519592285 -0.316436767578125 -0.3001708984375
-7.03334808349608E-05 0.0022895336151123 -0.3359375 0.0828552246093749
0.00859308242797852 -0.00176382064819336 -0.13037109375 0.216598510742188
0.0024566650390625 -0.00466251373291016 0.079315185546875 0.174102783203125
0.00615882873535156 -0.00807952880859375 0.176727294921875 0.042999267578125
0.0129528045654297 -0.00745010375976563 -0.177764892578125 -0.0615997314453125
0.0057368278503418 0.00259590148925781 -0.0646820068359375 -0.17083740234375
0.0141611099243164 -0.000735282897949219 0.167770385742187 -0.196182250976563
0.00351572036743164 0.00545072555541992 0.372711181640625 -0.017608642578125
-0.0199413299560547 0.000238418579101564 0.2520751953125 0.35406494140625
-0.00759315490722656 -0.0167398452758789 -0.117034912109375 0.464263916015625
0.00437641143798828 0.00860309600830078 -0.274276733398437 0.219207763671875
0.0181655883789063 0.0103588104248047 0.0183162689208984 0.0269832611083984
0.015472412109375 0.00466632843017578 0.305908203125 -0.232940673828125
0.0153312683105469 -0.00574779510498047 0.096099853515625 -0.503265380859375
-0.000496387481689453 -0.00220537185668945 -0.320587158203125 -0.294464111328125
-0.00257396697998047 0.00270915031433106 -0.332916259765625 0.088714599609375
0.006256103515625 0.000106334686279297 -0.126419067382812 0.21826171875
0.00153565406799316 -0.00121140480041504 0.082244873046875 0.17303466796875
0.00513792037963867 -0.00334358215332031 0.1768798828125 0.042083740234375
0.0124149322509766 -0.00224494934082031 -0.177886962890625 -0.062530517578125
0.00559711456298828 0.00623750686645508 -0.0637054443359375 -0.170913696289063
0.0121049880981445 0.0018157958984375 0.170547485351562 -0.194732666015625
0.000834941864013672 0.004730224609375 0.37359619140625 -0.01458740234375
-0.0204696655273438 -0.00408554077148437 0.24981689453125 0.357574462890625
-0.00432968139648437 -0.0234470367431641 -0.122100830078125 0.464324951171875
0.0116300582885742 0.00426578521728516 -0.274276733398437 0.217086791992188
0.0272178649902344 0.00898170471191406 0.0186080932617188 0.0263595581054688
0.0229568481445313 -0.000688552856445313 0.303070068359375 -0.2333984375
0.0176773071289063 -0.0120697021484375 0.090789794921875 -0.502685546875
-0.00188302993774414 -0.00612068176269531 -0.3228759765625 -0.289031982421875
-0.00421786308288574 0.00314140319824219 -0.33294677734375 0.0910034179687499
0.00488853454589844 0.00251579284667969 -0.125244140625 0.219009399414062
0.00153148174285889 0.00163674354553223 0.082855224609375 0.173797607421875
0.00524330139160156 0.000841617584228516 0.177719116210938 0.0427093505859375
0.0115470886230469 0.00142860412597656 -0.177642822265625 -0.0615692138671875
0.00654077529907226 0.00840377807617188 -0.063812255859375 -0.17022705078125
0.0103321075439453 0.00322341918945313 0.169464111328125 -0.193756103515625
-0.000460147857666015 0.00508403778076172 0.371063232421875 -0.0135498046875
-0.0208187103271484 -0.00711822509765625 0.248046875 0.357666015625
-0.00116157531738281 -0.0283927917480469 -0.121826171875 0.46380615234375
0.0187950134277344 0.000139236450195312 -0.277664184570313 0.217864990234375
0.0361976623535156 0.00790786743164063 0.0147476196289063 0.0273036956787109
0.0301036834716797 -0.00455474853515625 0.3043212890625 -0.230438232421875
0.0198841094970703 -0.0175628662109375 0.0931396484375 -0.4998779296875
-0.00241947174072266 -0.00993061065673828 -0.32061767578125 -0.28997802734375
-0.00541353225708008 0.00319147109985351 -0.333251953125 0.090423583984375
0.00327205657958984 0.0043792724609375 -0.126876831054688 0.219268798828125
0.00158929824829102 0.00411176681518555 0.082489013671875 0.174407958984375
0.00461292266845703 0.00448369979858398 0.177825927734375 0.042572021484375
0.0107355117797852 0.004119873046875 -0.17718505859375 -0.061737060546875
0.00681209564208984 0.00935077667236328 -0.0653839111328125 -0.168319702148438
0.00941371917724609 0.00439453125 0.165603637695313 -0.1949462890625
-0.00180578231811523 0.00484275817871094 0.367401123046875 -0.017547607421875
-0.0214939117431641 -0.00952911376953125 0.2513427734375 0.3531494140625
9.15527343750007E-05 -0.0322532653808594 -0.115966796875 0.466552734375
0.0245532989501953 -0.00275802612304688 -0.279205322265625 0.222061157226563
0.0432815551757813 0.00696182250976563 0.00897598266601563 0.0293388366699219
0.0357170104980469 -0.00762939453125 0.301361083984375 -0.2242431640625
0.0216770172119141 -0.0213108062744141 0.099456787109375 -0.49859619140625
-0.00325679779052735 -0.0120992660522461 -0.318267822265625 -0.294036865234375
-0.00645685195922852 0.00298023223876953 -0.336029052734375 0.0865478515625
0.0022125244140625 0.00518941879272461 -0.131179809570313 0.2186279296875
0.00129127502441406 0.00564289093017578 0.0804595947265625 0.1759033203125
0.00433540344238281 0.00734853744506836 0.177780151367188 0.043701171875
0.0101766586303711 0.006011962890625 -0.17681884765625 -0.0611114501953125
0.00695657730102539 0.00864648818969727 -0.069549560546875 -0.16729736328125
0.00954723358154297 0.00465774536132813 0.160110473632812 -0.196258544921875
-0.00176858901977539 0.00503206253051758 0.365081787109375 -0.025299072265625
-0.0221195220947266 -0.00983238220214844 0.257293701171875 0.348358154296875
0.000659942626953128 -0.0342445373535156 -0.10882568359375 0.47113037109375
0.0273799896240234 -0.00475692749023438 -0.280914306640625 0.230316162109375
0.047637939453125 0.00632476806640625 0.000942230224609377 0.032379150390625
0.0396270751953125 -0.00882720947265625 0.3006591796875 -0.218292236328125
0.0231952667236328 -0.0227985382080078 0.107696533203125 -0.494964599609375
-0.00412940979003906 -0.0126800537109375 -0.3145751953125 -0.302001953125
-0.00708150863647461 0.00300693511962891 -0.34027099609375 0.0799560546875
0.00216913223266602 0.00517892837524414 -0.137496948242188 0.217086791992188
0.00180530548095703 0.00549554824829102 0.07696533203125 0.176834106445313
0.004791259765625 0.00917243957519531 0.177322387695312 0.0449371337890625
0.0151042938232422 -0.0171346664428711 -0.179306030273438 -0.057464599609375
0.0054473876953125 -0.00660800933837891 -0.07733154296875 -0.168502807617188
0.019287109375 -0.0087432861328125 0.149978637695313 -0.205596923828125
0.00913333892822266 0.00553798675537109 0.365966796875 -0.04754638671875
-0.0182743072509766 0.0119724273681641 0.277191162109375 0.33074951171875
-0.015711784362793 -0.00168800354003906 -0.081817626953125 0.47589111328125
-0.00961875915527344 0.01800537109375 -0.270370483398437 0.24468994140625
0.000298500061035156 0.0134944915771484 9.15527343749974E-05 0.0352363586425781
0.00112533569335937 0.0145292282104492 0.3065185546875 -0.2156982421875
0.00985050201416015 0.00905323028564453 0.121917724609375 -0.503662109375
0.00179052352905274 0.0077366828918457 -0.306976318359375 -0.31890869140625
0.0022733211517334 0.00161314010620117 -0.345428466796875 0.07025146484375
0.0119438171386719 -0.00499629974365234 -0.14129638671875 0.21429443359375
0.00412845611572266 -0.0102758407592773 0.075347900390625 0.175735473632812
0.00692462921142578 -0.0138893127441406 0.17633056640625 0.0435638427734375
0.014613151550293 -0.0149765014648438 -0.17913818359375 -0.0581512451171875
0.00549077987670898 -0.00394010543823242 -0.0735015869140625 -0.169784545898438
0.0175485610961914 -0.00640964508056641 0.157150268554687 -0.202423095703125
0.00737380981445313 0.00552177429199219 0.369293212890625 -0.0374755859375
-0.0187568664550781 0.00897598266601563 0.269256591796875 0.340576171875
-0.0138626098632813 -0.00508689880371094 -0.095794677734375 0.4737548828125
-0.00719356536865234 0.015864372253418 -0.271224975585937 0.235580444335938
0.00372505187988281 0.0128364562988281 0.00836753845214844 0.0324039459228516
0.00366306304931641 0.0123357772827148 0.307342529296875 -0.225921630859375
0.0111255645751953 0.00558376312255859 0.109527587890625 -0.506439208984375
0.00142955780029297 0.00505447387695313 -0.313140869140625 -0.309051513671875
0.00150692462921143 0.00182259082794189 -0.340728759765625 0.0784301757812501
0.0102882385253906 -0.00388145446777344 -0.134994506835937 0.216445922851562
0.00387096405029297 -0.00820779800415039 0.0793914794921875 0.173568725585938
0.00643062591552734 -0.0116500854492188 0.176651000976562 0.041473388671875
0.0141944885253906 -0.0117368698120117 -0.179412841796875 -0.059234619140625
0.0050044059753418 -0.000302314758300781 -0.0703887939453125 -0.1708984375
0.0157957077026367 -0.00405597686767578 0.1629638671875 -0.201690673828125
0.00551605224609375 0.00546026229858399 0.372161865234375 -0.029510498046875
-0.0195369720458984 0.00503158569335938 0.262542724609375 0.3485107421875
-0.0111627578735352 -0.0105495452880859 -0.105255126953125 0.4705810546875
-0.00189590454101562 0.0125827789306641 -0.271347045898438 0.228439331054688
0.00997447967529297 0.0114784240722656 0.0146903991699219 0.0286102294921875
0.00871372222900391 0.00874805450439453 0.3055419921875 -0.231842041015625
0.013275146484375 -0.000138282775878906 0.09881591796875 -0.50787353515625
0.000722050666809082 0.00161445140838623 -0.32183837890625 -0.299163818359375
-0.000459790229797363 0.00204527378082275 -0.3369140625 0.08697509765625
0.00845241546630859 -0.00214576721191406 -0.129013061523438 0.2191162109375
0.00244903564453125 -0.00484418869018555 0.082733154296875 0.17401123046875
0.00627803802490234 -0.00836610794067383 0.178314208984375 0.040557861328125
0.0130825042724609 -0.00712203979492188 -0.179702758789063 -0.0592193603515625
0.00540924072265625 0.00308799743652344 -0.0674896240234375 -0.171173095703125
0.0138378143310547 -0.00119113922119141 0.167510986328125 -0.19921875
0.00343656539916992 0.00518560409545898 0.373779296875 -0.022491455078125
-0.0201053619384766 0.000514984130859379 0.257843017578125 0.35394287109375
-0.00795269012451172 -0.0161600112915039 -0.11383056640625 0.469268798828125
0.00419092178344727 0.00866556167602539 -0.273239135742188 0.223953247070313
0.0184116363525391 0.0104465484619141 0.0188388824462891 0.0272121429443359
0.0157756805419922 0.00380992889404297 0.30474853515625 -0.2371826171875
0.0152168273925781 -0.00631046295166016 0.0911254882812499 -0.508697509765625
-0.000603914260864258 -0.00234389305114746 -0.32525634765625 -0.291900634765625
-0.00204920768737793 0.00274658203125 -0.3331298828125 0.092681884765625
0.00617742538452148 1.52587890625E-05 -0.125045776367188 0.221084594726563
0.00193071365356445 -0.00155699253082275 0.08514404296875 0.173095703125
0.00500297546386719 -0.00397348403930664 0.178726196289063 0.0404510498046875
0.0129470825195313 -0.00225734710693359 -0.179534912109375 -0.0600738525390625
0.0054020881652832 0.00595664978027344 -0.0659027099609375 -0.170455932617188
0.0119247436523438 0.00128746032714844 0.169677734375 -0.1988525390625
0.00106096267700195 0.004669189453125 0.374969482421875 -0.0198974609375
-0.0206737518310547 -0.00374603271484375 0.255462646484375 0.35650634765625
-0.00406074523925781 -0.0227127075195313 -0.1177978515625 0.469268798828125
0.0118389129638672 0.00424766540527344 -0.274810791015625 0.2213134765625
0.0274200439453125 0.00885963439941406 0.018707275390625 0.0266361236572266
0.0224876403808594 -0.00114250183105469 0.302734375 -0.23797607421875
0.017822265625 -0.0127716064453125 0.085968017578125 -0.507110595703125
-0.00186586380004883 -0.006317138671875 -0.327423095703125 -0.288299560546875
-0.00419044494628906 0.00284862518310547 -0.333892822265625 0.095062255859375
0.00437760353088379 0.00194978713989258 -0.123428344726563 0.222702026367188
0.00115466117858887 0.00150704383850098 0.0859375 0.173812866210938
0.0054779052734375 0.00082254409790039 0.179443359375 0.0410003662109375
0.0120058059692383 0.00158786773681641 -0.179306030273438 -0.05975341796875
0.00686216354370117 0.00858783721923828 -0.0664520263671875 -0.16973876953125
0.0102806091308594 0.00312900543212891 0.168075561523438 -0.197509765625
-0.000679969787597656 0.0047917366027832 0.373382568359375 -0.018341064453125
-0.0209369659423828 -0.00719070434570312 0.253570556640625 0.356964111328125
-0.00104904174804688 -0.0280418395996094 -0.118255615234375 0.469207763671875
0.0191898345947266 4.9591064453125E-05 -0.27740478515625 0.22265625
0.0363273620605469 0.00725936889648438 0.0152969360351563 0.0277538299560547
0.0298080444335938 -0.00528717041015625 0.3028564453125 -0.235015869140625
0.0195178985595703 -0.0183544158935547 0.08917236328125 -0.50384521484375
-0.00280189514160156 -0.00948905944824219 -0.3260498046875 -0.288665771484375
-0.00515508651733398 0.00306415557861328 -0.334716796875 0.094757080078125
0.00300049781799316 0.00434708595275879 -0.125579833984375 0.221771240234375
0.00090789794921875 0.004486083984375 0.0856170654296875 0.174774169921875
0.00465631484985352 0.00453662872314453 0.179229736328125 0.0402374267578125
0.0108299255371094 0.004638671875 -0.179428100585938 -0.0594024658203125
0.00651454925537109 0.00998783111572266 -0.068267822265625 -0.168655395507813
0.00983142852783203 0.00419998168945313 0.164276123046875 -0.19805908203125
-0.00193643569946289 0.00476789474487305 0.37078857421875 -0.0223388671875
-0.0216064453125 -0.00878334045410156 0.257415771484375 0.35284423828125
0.000326156616210939 -0.0319557189941406 -0.112701416015625 0.470794677734375
0.0249958038330078 -0.00269126892089844 -0.278793334960938 0.22625732421875
0.0436820983886719 0.00686264038085937 0.00939559936523438 0.0296077728271484
0.0356712341308594 -0.00815200805664063 0.300323486328125 -0.2283935546875
0.0214157104492188 -0.0217189788818359 0.095062255859375 -0.501922607421875
-0.00353813171386719 -0.0114984512329102 -0.3232421875 -0.292083740234375
-0.00630712509155273 0.00350189208984375 -0.337982177734375 0.09002685546875
0.00224733352661133 0.00474309921264648 -0.130218505859375 0.221084594726563
0.00143575668334961 0.00542306900024414 0.0833892822265625 0.1763916015625
0.00446891784667969 0.00730419158935547 0.17974853515625 0.0419769287109375
0.0105934143066406 0.00593662261962891 -0.17864990234375 -0.058441162109375
0.00691127777099609 0.00905132293701172 -0.07171630859375 -0.166976928710937
0.00947093963623047 0.00430870056152344 0.159561157226563 -0.19964599609375
-0.00177812576293945 0.00503349304199219 0.367340087890625 -0.0308837890625
-0.0225238800048828 -0.00936126708984376 0.26300048828125 0.3472900390625
0.000391006469726563 -0.0338668823242188 -0.10528564453125 0.4752197265625
0.0278816223144531 -0.00458717346191406 -0.280487060546875 0.234481811523437
0.0479202270507813 0.00599288940429688 0.00119972229003907 0.0327682495117188
0.0396232604980469 -0.00979232788085938 0.3001708984375 -0.221771240234375
0.0234642028808594 -0.0228023529052734 0.10235595703125 -0.499176025390625
-0.00412845611572266 -0.0126399993896484 -0.31927490234375 -0.300872802734375
-0.0069122314453125 0.00310850143432617 -0.34197998046875 0.083984375
0.00219154357910156 0.00575828552246094 -0.136032104492188 0.2198486328125
0.0019221305847168 0.00542020797729492 0.079833984375 0.176712036132813
0.00477361679077148 0.00871849060058594 0.178741455078125 0.04266357421875
0.0150833129882813 -0.017552375793457 -0.181304931640625 -0.054840087890625
0.00512599945068359 -0.00637960433959961 -0.0800933837890625 -0.1676025390625
0.0187206268310547 -0.009246826171875 0.14776611328125 -0.20849609375
0.00906753540039063 0.005126953125 0.366912841796875 -0.0526123046875
-0.0179958343505859 0.01287841796875 0.282623291015625 0.3284912109375
-0.0156946182250977 -0.00062370300292969 -0.0765686035156251 0.47882080078125
-0.00914955139160156 0.0178318023681641 -0.268478393554687 0.249053955078125
0.000676155090332031 0.013331413269043 0.000511169433593749 0.03546142578125
0.0010223388671875 0.0149517059326172 0.304534912109375 -0.2203369140625
0.0100383758544922 0.00905227661132813 0.116790771484375 -0.507720947265625
0.00178194046020508 0.00839376449584961 -0.311859130859375 -0.315887451171875
0.00209152698516846 0.00185942649841309 -0.346099853515625 0.0746765136718749
0.01104736328125 -0.00577354431152344 -0.140151977539063 0.216140747070312
0.00360774993896484 -0.0102691650390625 0.0782318115234375 0.175399780273437
0.00713729858398437 -0.0141201019287109 0.177703857421875 0.0406951904296875
0.0147905349731445 -0.0152883529663086 -0.18145751953125 -0.0548248291015625
0.00569772720336914 -0.00363731384277344 -0.0749969482421875 -0.169052124023438
0.0171222686767578 -0.00673198699951172 0.155136108398438 -0.20599365234375
0.00725030899047851 0.00534534454345703 0.37066650390625 -0.04400634765625
-0.0190677642822266 0.00953102111816406 0.27459716796875 0.33917236328125
-0.0135660171508789 -0.00452995300292968 -0.090362548828125 0.47686767578125
-0.00626468658447266 0.0165042877197266 -0.269821166992188 0.240997314453125
0.00334835052490234 0.0127286911010742 0.00865936279296875 0.0319366455078125
0.00359821319580078 0.0120477676391602 0.305450439453125 -0.230133056640625
0.0109767913818359 0.00516796112060547 0.105377197265625 -0.50946044921875
0.00184202194213867 0.00508213043212891 -0.318603515625 -0.30682373046875
0.00101423263549805 0.00195395946502686 -0.3419189453125 0.0835571289062499
0.0101957321166992 -0.00384330749511719 -0.132904052734375 0.219085693359375
0.00293684005737305 -0.00791406631469727 0.082763671875 0.173049926757813
0.00638103485107422 -0.0120105743408203 0.178131103515625 0.0385589599609375
0.0143594741821289 -0.0112771987915039 -0.18170166015625 -0.05670166015625
0.00542593002319336 0.000295162200927734 -0.0724334716796875 -0.17010498046875
0.0153627395629883 -0.00485134124755859 0.161697387695313 -0.20538330078125
0.00515127182006836 0.00504541397094727 0.374542236328125 -0.035186767578125
-0.0194950103759766 0.00576210021972656 0.26763916015625 0.34716796875
-0.0110559463500977 -0.00987720489501953 -0.101287841796875 0.474761962890625
-0.00168037414550781 0.0128049850463867 -0.270645141601562 0.232864379882813
0.00975227355957031 0.0116844177246094 0.0151290893554687 0.0292186737060547
0.00871944427490234 0.00822162628173828 0.3043212890625 -0.23675537109375
0.012944221496582 -0.000303268432617187 0.0948791503906251 -0.5108642578125
0.000531435012817383 0.00188553333282471 -0.325897216796875 -0.296630859375
-0.000853419303894043 0.00218820571899414 -0.337921142578125 0.091094970703125
0.00772333145141602 -0.00197982788085938 -0.126419067382813 0.2215576171875
0.00232696533203125 -0.00488948822021484 0.08544921875 0.1732177734375
0.00617122650146484 -0.00859165191650391 0.180007934570313 0.038421630859375
0.0132045745849609 -0.00698280334472656 -0.181808471679688 -0.0572967529296875
0.00566577911376953 0.00302505493164063 -0.070159912109375 -0.16986083984375
0.0131778717041016 -0.00170516967773438 0.165573120117188 -0.202789306640625
0.00305366516113281 0.00450229644775391 0.37548828125 -0.0281982421875
-0.0200233459472656 0.00099372863769531 0.263641357421875 0.35198974609375
-0.00806713104248047 -0.0160865783691406 -0.109039306640625 0.472625732421875
0.00479793548583984 0.00899791717529297 -0.272247314453125 0.228683471679687
0.0183563232421875 0.0100288391113281 0.0190143585205078 0.0273075103759766
0.0153722763061523 0.00387382507324219 0.30340576171875 -0.241546630859375
0.0153703689575195 -0.00630092620849609 0.085479736328125 -0.512176513671875
-0.000240325927734375 -0.00256514549255371 -0.329681396484375 -0.289764404296875
-0.00238752365112305 0.00241613388061523 -0.334991455078125 0.09661865234375
0.00638437271118164 0.000140190124511719 -0.123031616210938 0.223709106445312
0.00183272361755371 -0.00189089775085449 0.08843994140625 0.172317504882813
0.00558757781982422 -0.00398349761962891 0.179885864257813 0.0377044677734375
0.0126533508300781 -0.0025482177734375 -0.181655883789063 -0.058074951171875
0.00536823272705078 0.00640249252319336 -0.0686187744140625 -0.170028686523438
0.0117874145507812 0.00118350982666016 0.1680908203125 -0.201950073242188
0.000501632690429687 0.00443315505981445 0.37677001953125 -0.024322509765625
-0.0207710266113281 -0.00310897827148438 0.260406494140625 0.355010986328125
-0.00460052490234375 -0.0226287841796875 -0.113006591796875 0.472137451171875
0.0126676559448242 0.00458049774169922 -0.273910522460938 0.226303100585937
0.0271282196044922 0.00839042663574219 0.0190563201904297 0.0265026092529297
0.0230064392089844 -0.00115585327148437 0.301177978515625 -0.242034912109375
0.0173120498657227 -0.0130767822265625 0.081268310546875 -0.50970458984375
-0.00194835662841797 -0.00660037994384766 -0.3331298828125 -0.2860107421875
-0.00417542457580566 0.00288963317871094 -0.3348388671875 0.099761962890625
0.00422215461730957 0.00206470489501953 -0.121292114257813 0.225082397460938
0.0013728141784668 0.00220108032226563 0.088775634765625 0.173599243164063
0.00512313842773438 0.000500679016113281 0.180694580078125 0.038482666015625
0.0119571685791016 0.00147247314453125 -0.18170166015625 -0.0565948486328125
0.00663185119628906 0.00938987731933594 -0.0688323974609375 -0.168975830078125
0.00984096527099609 0.00299739837646484 0.166412353515625 -0.20086669921875
-0.000961780548095703 0.00482082366943359 0.374847412109375 -0.024169921875
-0.0213756561279297 -0.00692176818847656 0.260009765625 0.35546875
-0.001434326171875 -0.0280323028564453 -0.1131591796875 0.47222900390625
0.0197181701660156 0.000650405883789062 -0.276092529296875 0.22760009765625
0.0361289978027344 0.00696563720703125 0.0156211853027344 0.0274600982666016
0.0295906066894531 -0.00585365295410156 0.30145263671875 -0.23822021484375
0.0195350646972656 -0.0185337066650391 0.08428955078125 -0.506805419921875
-0.00286674499511719 -0.0100383758544922 -0.33099365234375 -0.286773681640625
-0.00514459609985351 0.003204345703125 -0.3353271484375 0.0993347167968751
0.00288200378417969 0.00454950332641602 -0.123687744140625 0.224411010742187
0.00170397758483887 0.00439119338989258 0.088470458984375 0.173782348632813
0.00465583801269531 0.00396823883056641 0.180679321289063 0.038116455078125
0.0113611221313477 0.00437355041503906 -0.181350708007812 -0.0568389892578125
0.0073394775390625 0.0100879669189453 -0.0712432861328125 -0.167739868164063
0.00918483734130859 0.00407791137695313 0.162521362304688 -0.201019287109375
-0.00243139266967773 0.00459146499633789 0.37164306640625 -0.02734375
-0.0221023559570312 -0.00848770141601563 0.263397216796875 0.3507080078125
0.000373840332031251 -0.031951904296875 -0.10784912109375 0.474853515625
0.0252971649169922 -0.00260353088378906 -0.277938842773437 0.230880737304688
0.0435905456542969 0.005889892578125 0.00915336608886719 0.0297107696533203
0.0354461669921875 -0.00887680053710938 0.29962158203125 -0.233154296875
0.0213642120361328 -0.0227947235107422 0.088836669921875 -0.504425048828125
-0.00377655029296875 -0.0121326446533203 -0.3282470703125 -0.28997802734375
-0.00693273544311523 0.00327634811401367 -0.337799072265625 0.094390869140625
0.0018610954284668 0.0054469108581543 -0.127944946289063 0.2237548828125
0.00166940689086914 0.00558090209960938 0.0863800048828125 0.175399780273438
0.00484800338745117 0.00749111175537109 0.18121337890625 0.039276123046875
0.0112180709838867 0.00667190551757813 -0.180648803710938 -0.0558624267578125
0.00700092315673828 0.00948429107666016 -0.074493408203125 -0.166519165039062
0.00898551940917969 0.00390338897705078 0.157485961914063 -0.202911376953125
-0.00220084190368652 0.00422239303588867 0.368072509765625 -0.03509521484375
-0.0225582122802734 -0.00913810729980469 0.268218994140625 0.3463134765625
0.000354766845703127 -0.0336074829101563 -0.0985107421875 0.47845458984375
0.0282821655273438 -0.00486564636230469 -0.27899169921875 0.239349365234375
0.0478591918945312 0.00526046752929687 0.00124931335449219 0.0331001281738281
0.0395469665527344 -0.0103874206542969 0.298553466796875 -0.22564697265625
0.0232524871826172 -0.0235099792480469 0.097747802734375 -0.50238037109375
-0.00438594818115234 -0.0130691528320313 -0.323577880859375 -0.298736572265625
-0.00695896148681641 0.00256824493408203 -0.34259033203125 0.0887145996093751
0.00191879272460937 0.00566816329956055 -0.133392333984375 0.222412109375
0.0021357536315918 0.00558948516845703 0.0832061767578125 0.17706298828125
0.00505447387695313 0.00883865356445313 0.180465698242188 0.0407562255859375
0.0157337188720703 -0.0179901123046875 -0.182830810546875 -0.0519866943359375
0.00477218627929688 -0.00593328475952148 -0.0833282470703125 -0.166091918945312
0.0182342529296875 -0.009490966796875 0.145919799804687 -0.2113037109375
0.00859975814819336 0.00459671020507813 0.36724853515625 -0.05938720703125
-0.0178737640380859 0.0129737854003906 0.288116455078125 0.32623291015625
-0.0155305862426758 -0.000213623046874999 -0.071380615234375 0.48150634765625
-0.00869369506835937 0.0181541442871094 -0.267349243164063 0.254653930664062
0.000285148620605467 0.0132303237915039 0.000648498535156254 0.0362319946289063
0.000837326049804688 0.0139884948730469 0.3035888671875 -0.224517822265625
0.0100717544555664 0.00889873504638672 0.110626220703125 -0.50994873046875
0.00194311141967773 0.00812244415283203 -0.317352294921875 -0.31292724609375
0.00257468223571777 0.00177288055419922 -0.34625244140625 0.0784912109375
0.0108566284179687 -0.00561904907226563 -0.137237548828125 0.218551635742188
0.00351333618164062 -0.0109014511108398 0.0803375244140625 0.174667358398438
0.00667381286621094 -0.0147705078125 0.178543090820313 0.03802490234375
0.0143156051635742 -0.0155763626098633 -0.182479858398437 -0.0524749755859375
0.00506067276000977 -0.00335264205932617 -0.0783538818359375 -0.16802978515625
0.0168294906616211 -0.00679206848144531 0.15313720703125 -0.208724975585937
0.00743007659912109 0.00524663925170898 0.37164306640625 -0.04815673828125
-0.0186653137207031 0.00983047485351563 0.280914306640625 0.3353271484375
-0.013432502746582 -0.00326824188232422 -0.085418701171875 0.48046875
-0.00606918334960937 0.0168638229370117 -0.267974853515625 0.245101928710937
0.00335788726806641 0.0119485855102539 0.00909233093261719 0.0330295562744141
0.00401878356933594 0.0125570297241211 0.304046630859375 -0.233306884765625
0.0110416412353516 0.00545406341552734 0.09942626953125 -0.51165771484375
0.00169754028320313 0.0052952766418457 -0.323089599609375 -0.3043212890625
0.00162172317504883 0.00176191329956055 -0.341888427734375 0.08807373046875
0.00995922088623047 -0.00397968292236328 -0.130355834960938 0.22174072265625
0.00258731842041016 -0.00783014297485352 0.08489990234375 0.173019409179688
0.00554943084716797 -0.0119199752807617 0.179519653320313 0.0359344482421875
0.0137176513671875 -0.0120887756347656 -0.183502197265625 -0.0538177490234375
0.00423097610473633 0.000432968139648438 -0.075225830078125 -0.169143676757813
0.0157842636108398 -0.00549697875976563 0.16015625 -0.20782470703125
0.00514984130859375 0.00432968139648438 0.374969482421875 -0.039825439453125
-0.0188102722167969 0.00649261474609375 0.27435302734375 0.343841552734375
-0.0112762451171875 -0.00980758666992188 -0.095184326171875 0.477874755859375
-0.00168323516845703 0.0132112503051758 -0.268402099609375 0.237075805664063
0.00984096527099609 0.0113487243652344 0.0155544281005859 0.0296039581298828
0.00867366790771484 0.00840854644775391 0.30218505859375 -0.241485595703125
0.0128803253173828 -0.000560760498046875 0.08599853515625 -0.513671875
0.00067901611328125 0.00144279003143311 -0.33062744140625 -0.294036865234375
-0.000631928443908692 0.00142741203308105 -0.338409423828125 0.09619140625
0.00772476196289063 -0.0023045539855957 -0.12353515625 0.223876953125
0.00255870819091797 -0.00476694107055664 0.088470458984375 0.171829223632813
0.00599193572998047 -0.00901412963867187 0.180465698242187 0.03643798828125
0.0132884979248047 -0.00692081451416016 -0.183303833007813 -0.053802490234375
0.00508022308349609 0.00371599197387695 -0.0731964111328125 -0.169296264648438
0.0132694244384766 -0.00150108337402344 0.164093017578125 -0.205810546875
0.00244283676147461 0.00477886199951172 0.376007080078125 -0.033203125
-0.0199623107910156 0.0018463134765625 0.26861572265625 0.3499755859375
-0.00803470611572265 -0.0154390335083008 -0.103759765625 0.4761962890625
0.00537967681884766 0.008575439453125 -0.270172119140625 0.232772827148437
0.0176773071289063 0.00991058349609375 0.0192146301269531 0.0271453857421875
0.0154170989990234 0.00354194641113281 0.301361083984375 -0.245880126953125
0.0149087905883789 -0.00665855407714844 0.0797119140625 -0.51385498046875
-0.000581741333007812 -0.00261116027832031 -0.3349609375 -0.2869873046875
-0.00226473808288574 0.00209760665893555 -0.33447265625 0.1016845703125
0.00612545013427734 0.000431537628173828 -0.120376586914062 0.226242065429687
0.00219964981079102 -0.00159716606140137 0.0911407470703125 0.171310424804687
0.00516843795776367 -0.00409936904907227 0.181594848632813 0.0355987548828125
0.0131540298461914 -0.00185775756835938 -0.183792114257812 -0.0549163818359375
0.00557088851928711 0.00693035125732422 -0.0716552734375 -0.169647216796875
0.0117349624633789 0.000674247741699219 0.166030883789063 -0.204849243164063
0.000426054000854492 0.00371408462524414 0.376373291015625 -0.029510498046875
-0.0212326049804688 -0.00316047668457031 0.26611328125 0.35321044921875
-0.00473594665527344 -0.0223255157470703 -0.10675048828125 0.47564697265625
0.013279914855957 0.00425624847412109 -0.271636962890625 0.229629516601562
0.0275192260742188 0.00767707824707031 0.0188827514648438 0.02667236328125
0.0229663848876953 -0.00229263305664063 0.298675537109375 -0.245208740234375
0.0172281265258789 -0.0129489898681641 0.074737548828125 -0.512451171875
-0.00175046920776367 -0.00630664825439453 -0.336395263671875 -0.282196044921875
-0.0040898323059082 0.00286960601806641 -0.333770751953125 0.104400634765625
0.00400185585021973 0.00197315216064453 -0.11920166015625 0.226409912109375
0.00122082233428955 0.00114953517913818 0.0923919677734375 0.173248291015625
0.00519704818725586 0.000187397003173828 0.181777954101563 0.03521728515625
0.0119180679321289 0.00185489654541016 -0.183761596679688 -0.0532379150390625
0.00664997100830078 0.00957393646240234 -0.0715179443359375 -0.167755126953125
0.00980281829833984 0.00286293029785156 0.16436767578125 -0.2039794921875
-0.000813007354736328 0.00462484359741211 0.37445068359375 -0.029571533203125
-0.0211277008056641 -0.00658226013183594 0.265960693359375 0.352996826171875
-0.00176811218261719 -0.0279064178466797 -0.108642578125 0.4766845703125
0.0196361541748047 0.000881195068359375 -0.275299072265625 0.231231689453125
0.0359573364257812 0.0066375732421875 0.0163307189941406 0.0279121398925781
0.0301513671875 -0.00665473937988281 0.299713134765625 -0.242828369140625
0.0194034576416016 -0.0186882019042969 0.0770263671875 -0.509246826171875
-0.00299835205078125 -0.00961399078369141 -0.335052490234375 -0.2838134765625
-0.00619649887084961 0.00401782989501953 -0.334991455078125 0.102783203125
0.00293493270874023 0.00443840026855469 -0.12109375 0.226181030273437
0.00151395797729492 0.00486469268798828 0.09222412109375 0.17291259765625
0.00470733642578125 0.00453519821166992 0.1820068359375 0.0357208251953125
0.0108051300048828 0.00494861602783203 -0.183059692382812 -0.054412841796875
0.00675201416015625 0.0107746124267578 -0.0732879638671875 -0.166839599609375
0.00873947143554688 0.00432682037353516 0.16064453125 -0.204864501953125
-0.0020594596862793 0.00389218330383301 0.372802734375 -0.03314208984375
-0.0211124420166016 -0.00768852233886718 0.26934814453125 0.34820556640625
4.386901855469E-05 -0.0318775177001953 -0.103057861328125 0.47735595703125
0.0254421234130859 -0.00286483764648438 -0.276580810546875 0.236160278320313
0.0437469482421875 0.0048065185546875 0.00977134704589844 0.0297679901123047
0.0348663330078125 -0.00948143005371094 0.296875 -0.237701416015625
0.0217361450195313 -0.0226993560791016 0.082763671875 -0.50653076171875
-0.00375652313232422 -0.011509895324707 -0.332366943359375 -0.286834716796875
-0.00681972503662109 0.00311040878295899 -0.337371826171875 0.100250244140625
0.00170516967773437 0.00534248352050781 -0.125457763671875 0.226470947265625
0.00143814086914063 0.00576400756835938 0.0893402099609375 0.17474365234375
0.00450372695922851 0.0070185661315918 0.182373046875 0.0371856689453125
0.0110921859741211 0.0069122314453125 -0.1827392578125 -0.053680419921875
0.00767707824707031 0.00982666015625 -0.0771026611328125 -0.165420532226563
0.00900363922119141 0.0041656494140625 0.155548095703125 -0.206192016601563
-0.00234889984130859 0.00413703918457031 0.368408203125 -0.040679931640625
-0.0224151611328125 -0.00788497924804687 0.27471923828125 0.342926025390625
0.000232696533203126 -0.0333957672119141 -0.0950012207031249 0.48248291015625
0.0286102294921875 -0.00456428527832031 -0.276473999023438 0.24420166015625
0.0476608276367188 0.00470352172851563 0.00168037414550781 0.0333118438720703
0.0389938354492188 -0.0114402770996094 0.2967529296875 -0.229766845703125
0.0224533081054687 -0.0243644714355469 0.091583251953125 -0.50537109375
-0.00374889373779297 -0.0130481719970703 -0.327880859375 -0.29510498046875
-0.00682735443115234 0.00320243835449219 -0.342376708984375 0.093505859375
0.00161886215209961 0.00597047805786133 -0.13140869140625 0.224578857421875
0.0017857551574707 0.00517845153808594 0.0861663818359375 0.175933837890625
0.00521087646484375 0.00889205932617187 0.181686401367188 0.0373992919921875
0.0152206420898438 -0.0173797607421875 -0.183868408203125 -0.0494537353515625
0.00495290756225586 -0.00599908828735352 -0.085968017578125 -0.165451049804688
0.0173368453979492 -0.010035514831543 0.14385986328125 -0.213607788085938
0.00870800018310547 0.00421619415283203 0.365997314453125 -0.063232421875
-0.0176143646240234 0.01397705078125 0.293792724609375 0.3232421875
-0.0150108337402344 0.000164031982421877 -0.064788818359375 0.483673095703125
-0.00831413269042969 0.0196075439453125 -0.264053344726562 0.258132934570313
-0.000282287597656251 0.0124216079711914 0.00117111206054687 0.0364189147949219
0.000707626342773438 0.0139179229736328 0.30078125 -0.227264404296875
0.00997257232666016 0.00858211517333984 0.106170654296875 -0.5123291015625
0.00281095504760742 0.00859689712524414 -0.321746826171875 -0.3101806640625
0.00253772735595703 0.00175714492797852 -0.3463134765625 0.083526611328125
0.0111017227172852 -0.00567722320556641 -0.13427734375 0.22076416015625
0.00393867492675781 -0.0109090805053711 0.08447265625 0.173721313476562
0.00669765472412109 -0.0148992538452148 0.179580688476562 0.03564453125
0.0141277313232422 -0.0150794982910156 -0.184249877929688 -0.049530029296875
0.00505352020263672 -0.00312042236328125 -0.0808868408203125 -0.167495727539062
0.0162181854248047 -0.00797557830810547 0.151138305664063 -0.211654663085938
0.00713539123535156 0.00483512878417969 0.37249755859375 -0.05401611328125
-0.0183792114257813 0.0105457305908203 0.286224365234375 0.33355712890625
-0.0141668319702148 -0.00317764282226562 -0.0789794921875001 0.48321533203125
-0.00558662414550781 0.0170269012451172 -0.266036987304688 0.248641967773437
0.0028533935546875 0.0120086669921875 0.00899887084960938 0.0323295593261719
0.00339126586914063 0.0121450424194336 0.30047607421875 -0.237518310546875
0.0115194320678711 0.00489044189453125 0.093170166015625 -0.5140380859375
0.00212812423706055 0.00530147552490234 -0.32659912109375 -0.3004150390625
0.00142860412597656 0.0016944408416748 -0.3406982421875 0.0916748046875001
0.00928306579589844 -0.00405979156494141 -0.12799072265625 0.223297119140625
0.00237655639648438 -0.00795888900756836 0.0888824462890625 0.171234130859375
0.00586032867431641 -0.0128631591796875 0.17999267578125 0.033599853515625
0.0144329071044922 -0.0110912322998047 -0.185012817382812 -0.0514678955078125
0.00482177734375 0.000325679779052734 -0.0778350830078125 -0.167800903320313
0.0149116516113281 -0.00490856170654297 0.157135009765625 -0.210494995117188
0.00442028045654297 0.00458335876464844 0.375030517578125 -0.045013427734375
-0.0185222625732422 0.00582313537597656 0.27972412109375 0.34136962890625
-0.0108098983764648 -0.00893497467041016 -0.08892822265625 0.480560302734375
-0.00135135650634765 0.0137758255004883 -0.266006469726563 0.241470336914063
0.00948619842529297 0.0111331939697266 0.0159721374511719 0.0289649963378906
0.00883865356445313 0.00765037536621094 0.29974365234375 -0.24505615234375
0.0123653411865234 -0.000824928283691406 0.080841064453125 -0.51629638671875
0.0004425048828125 0.00213277339935303 -0.335113525390625 -0.2901611328125
-0.00066983699798584 0.00195169448852539 -0.336944580078125 0.100372314453125
0.00743246078491211 -0.00250816345214844 -0.121749877929688 0.226165771484375
0.00241374969482422 -0.00455045700073242 0.0914459228515625 0.17120361328125
0.00520515441894531 -0.00889492034912109 0.181472778320313 0.03314208984375
0.0136899948120117 -0.00694847106933594 -0.185104370117187 -0.051666259765625
0.0059361457824707 0.00415277481079102 -0.075164794921875 -0.168472290039063
0.0122795104980469 -0.00153923034667969 0.161407470703125 -0.209716796875
0.00266790390014648 0.00491857528686524 0.37664794921875 -0.03912353515625
-0.0200958251953125 0.00236701965332031 0.274505615234375 0.34716796875
-0.00779056549072266 -0.0152997970581055 -0.097808837890625 0.478546142578125
0.00518798828125 0.00956249237060547 -0.267303466796875 0.237106323242187
0.0173845291137695 0.0099334716796875 0.0194625854492188 0.0275840759277344
0.0152149200439453 0.00312423706054687 0.298828125 -0.2489013671875
0.0148773193359375 -0.00671577453613281 0.072998046875 -0.51593017578125
-0.000355958938598633 -0.00169670581817627 -0.339080810546875 -0.282745361328125
-0.00218367576599121 0.0027158260345459 -0.33367919921875 0.10595703125
0.00575113296508789 -8.86917114257813E-05 -0.11749267578125 0.22735595703125
0.00200331211090088 -0.000990867614746094 0.0945587158203125 0.171096801757813
0.00498723983764648 -0.00471973419189453 0.181915283203125 0.0321502685546875
0.0127458572387695 -0.00231456756591797 -0.185089111328125 -0.05242919921875
0.00593137741088867 0.00724077224731445 -0.073974609375 -0.168594360351562
0.0111083984375 0.00045013427734375 0.162994384765625 -0.208724975585938
0.000365257263183593 0.00437283515930176 0.377838134765625 -0.03680419921875
-0.0205726623535156 -0.00230598449707031 0.2718505859375 0.350372314453125
-0.00433540344238281 -0.0215606689453125 -0.100921630859375 0.47772216796875
0.0130643844604492 0.00437831878662109 -0.270004272460938 0.233917236328125
0.0276927947998047 0.00718879699707031 0.0197010040283203 0.0266990661621094
0.0223541259765625 -0.0021820068359375 0.296905517578125 -0.250091552734375
0.0158300399780273 -0.0137262344360352 0.068145751953125 -0.513427734375
-0.00171089172363281 -0.00645065307617188 -0.340362548828125 -0.27960205078125
-0.00347161293029785 0.00344038009643555 -0.333251953125 0.10882568359375
0.00367927551269531 0.00215315818786621 -0.116180419921875 0.228713989257813
0.00203919410705566 0.00173449516296387 0.0949554443359375 0.172134399414063
0.00457239151000976 0.000299930572509766 0.18341064453125 0.0334930419921875
0.0120162963867188 0.00199985504150391 -0.184967041015625 -0.0510711669921875
0.00650310516357422 0.00988864898681641 -0.0739898681640625 -0.167037963867188
0.00934314727783203 0.00253391265869141 0.162673950195313 -0.206954956054688
-0.00149273872375488 0.00425815582275391 0.375640869140625 -0.035125732421875
-0.0214042663574219 -0.00478935241699219 0.270172119140625 0.3502197265625
-0.00146865844726562 -0.0274753570556641 -0.101654052734375 0.47882080078125
0.0203151702880859 0.000408172607421875 -0.2724609375 0.23590087890625
0.0361366271972656 0.00568771362304688 0.0161380767822266 0.0277576446533203
0.0293769836425781 -0.0070343017578125 0.296722412109375 -0.246978759765625
0.0195178985595703 -0.0196075439453125 0.071502685546875 -0.511962890625
-0.00271701812744141 -0.00996017456054688 -0.338134765625 -0.280364990234375
-0.00471973419189453 0.00298929214477539 -0.33416748046875 0.108001708984375
0.00226545333862305 0.00460624694824219 -0.118865966796875 0.228164672851563
0.00156784057617187 0.00480842590332031 0.094573974609375 0.171661376953125
0.00504255294799805 0.00347709655761719 0.182876586914062 0.032806396484375
0.0122079849243164 0.00481319427490234 -0.1849365234375 -0.0513763427734375
0.00786018371582031 0.0104475021362305 -0.0758056640625 -0.166152954101563
0.00856447219848633 0.00336885452270508 0.158035278320313 -0.207656860351563
-0.00261473655700684 0.00404071807861328 0.373565673828125 -0.038909912109375
-0.0225143432617187 -0.00708961486816407 0.27435302734375 0.345733642578125
-8.01086425781217E-05 -0.0320625305175781 -0.097259521484375 0.4793701171875
0.0258884429931641 -0.00279808044433594 -0.273178100585938 0.239898681640625
0.0433692932128906 0.00495147705078125 0.00981140136718751 0.0299816131591797
0.0353279113769531 -0.009613037109375 0.293792724609375 -0.24114990234375
0.0211315155029297 -0.0236911773681641 0.076141357421875 -0.50885009765625
-0.00405597686767578 -0.0122947692871094 -0.336639404296875 -0.28277587890625
-0.00725317001342773 0.00355291366577149 -0.337493896484375 0.1036376953125
0.00190591812133789 0.00478315353393555 -0.12286376953125 0.22784423828125
0.00118541717529297 0.00602436065673828 0.0927276611328125 0.1734619140625
0.00551414489746094 0.00748825073242188 0.183364868164063 0.03436279296875
0.0117349624633789 0.00667190551757812 -0.183563232421875 -0.0507354736328125
0.00736713409423828 0.0103206634521484 -0.07940673828125 -0.164031982421875
0.00846433639526367 0.00390768051147461 0.153076171875 -0.209182739257813
-0.00230264663696289 0.00399637222290039 0.368377685546875 -0.044677734375
-0.0223770141601563 -0.0079345703125 0.27960205078125 0.34088134765625
-0.000255584716796872 -0.0323963165283203 -0.0882568359375 0.48455810546875
0.0291252136230469 -0.00492095947265625 -0.2744140625 0.248092651367188
0.0481147766113281 0.00435638427734375 0.00182151794433594 0.0333671569824219
0.0389823913574219 -0.0115432739257813 0.294158935546875 -0.23419189453125
0.0222911834716797 -0.0244846343994141 0.085693359375 -0.50787353515625
-0.00434494018554687 -0.013336181640625 -0.332427978515625 -0.29296875
-0.00674581527709961 0.00294065475463867 -0.342315673828125 0.098114013671875
0.00188350677490234 0.00615835189819336 -0.128311157226563 0.227508544921875
0.00211429595947266 0.00531768798828125 0.08868408203125 0.175079345703125
0.00509548187255859 0.00871658325195313 0.182174682617187 0.03546142578125
0.0150356292724609 -0.0175876617431641 -0.185317993164063 -0.0459136962890625
0.00437259674072266 -0.00571107864379883 -0.087921142578125 -0.163772583007813
0.0168437957763672 -0.0105485916137695 0.140823364257813 -0.21649169921875
0.00813627243041992 0.00402402877807617 0.366729736328125 -0.068695068359375
-0.0174446105957031 0.0137109756469727 0.297637939453125 0.319305419921875
-0.0144186019897461 0.00114631652832031 -0.05987548828125 0.48577880859375
-0.00695610046386719 0.0191326141357422 -0.260406494140625 0.261688232421875
0.00020122528076172 0.0127325057983398 0.000953674316406248 0.0365219116210938
0.00124835968017578 0.0141286849975586 0.297332763671875 -0.23175048828125
0.0101203918457031 0.00803089141845703 0.0979309082031251 -0.513641357421875
0.0022578239440918 0.00758171081542969 -0.325439453125 -0.3067626953125
0.00216937065124512 0.00145232677459717 -0.34417724609375 0.0872802734375001
0.01104736328125 -0.00514030456542969 -0.131820678710937 0.222259521484375
0.003204345703125 -0.010859489440918 0.086761474609375 0.172607421875
0.00579166412353516 -0.0149459838867188 0.180084228515625 0.0325927734375
0.0142240524291992 -0.0155782699584961 -0.18536376953125 -0.0462188720703125
0.00469446182250977 -0.00312471389770508 -0.082733154296875 -0.165817260742188
0.0155763626098633 -0.00816631317138672 0.148178100585938 -0.21429443359375
0.00679922103881836 0.00400257110595703 0.37158203125 -0.059326171875
-0.0177860260009766 0.0111007690429688 0.29095458984375 0.329833984375
-0.0134859085083008 -0.00285625457763672 -0.0732116699218751 0.48455810546875
-0.00582408905029297 0.0173015594482422 -0.262359619140625 0.253204345703125
0.00326824188232422 0.01190185546875 0.00980377197265625 0.0324535369873047
0.00320243835449219 0.0118179321289063 0.298065185546875 -0.242279052734375
0.0113134384155273 0.00522994995117188 0.08538818359375 -0.514739990234375
0.00242900848388672 0.00534391403198242 -0.33062744140625 -0.296356201171875
0.00129354000091553 0.0020824670791626 -0.339141845703125 0.09674072265625
0.00909614562988281 -0.0041961669921875 -0.125167846679687 0.224365234375
0.00293874740600586 -0.0085749626159668 0.0911865234375 0.170364379882813
0.00583553314208985 -0.0124378204345703 0.180648803710938 0.03106689453125
0.0140457153320312 -0.0114679336547852 -0.186004638671875 -0.04779052734375
0.00514507293701172 0.000658035278320313 -0.080322265625 -0.166275024414063
0.0142927169799805 -0.0052337646484375 0.154647827148438 -0.213485717773438
0.00388503074645996 0.00399088859558105 0.37396240234375 -0.050201416015625
-0.01898193359375 0.0068511962890625 0.283660888671875 0.337646484375
-0.0106620788574219 -0.00818634033203125 -0.08294677734375 0.481109619140625
-5.72204589843887E-06 0.0135927200317383 -0.262481689453125 0.2447509765625
0.0100374221801758 0.0107231140136719 0.015869140625 0.0292644500732422
0.00858306884765625 0.00810480117797852 0.297271728515625 -0.246856689453125
0.0124683380126953 -0.00162124633789063 0.074310302734375 -0.51727294921875
0.00113594532012939 0.00165319442749023 -0.3369140625 -0.285736083984375
-0.000265955924987793 0.00172722339630127 -0.33551025390625 0.10418701171875
0.00765562057495117 -0.00190114974975586 -0.118743896484375 0.227188110351562
0.00181007385253906 -0.00466156005859375 0.094207763671875 0.169815063476563
0.00512027740478516 -0.00960445404052735 0.181808471679688 0.030731201171875
0.0132951736450195 -0.00683975219726563 -0.186080932617187 -0.0480194091796875
0.00505495071411133 0.00359725952148438 -0.0775146484375 -0.166488647460937
0.0125770568847656 -0.00254440307617188 0.157760620117188 -0.211898803710938
0.00222492218017578 0.00430655479431152 0.375396728515625 -0.043853759765625
-0.0197124481201172 0.00246429443359375 0.27911376953125 0.3431396484375
-0.00795459747314453 -0.0146694183349609 -0.09130859375 0.480316162109375
0.00603389739990234 0.00966644287109375 -0.264923095703125 0.241119384765625
0.017578125 0.00938606262207031 0.0193424224853516 0.0273380279541016
0.01531982421875 0.00222969055175781 0.295135498046875 -0.252838134765625
0.0146350860595703 -0.00747394561767578 0.0662841796875 -0.517333984375
-0.00056767463684082 -0.00272631645202637 -0.341583251953125 -0.278778076171875
-0.00196194648742676 0.00210869312286377 -0.33221435546875 0.109954833984375
0.00537300109863281 0.000522136688232422 -0.114944458007813 0.229156494140625
0.00142407417297363 -0.00157999992370605 0.0968475341796875 0.169235229492188
0.00553417205810547 -0.00486278533935547 0.182373046875 0.029876708984375
0.0133295059204102 -0.00174045562744141 -0.186080932617188 -0.0481109619140625
0.00582265853881836 0.00689458847045899 -0.076080322265625 -0.166976928710938
0.0103626251220703 0.000674247741699219 0.1602783203125 -0.211044311523438
6.05583190917968E-05 0.00385212898254395 0.37750244140625 -0.04083251953125
-0.0205574035644531 -0.00234794616699219 0.27734375 0.34686279296875
-0.004364013671875 -0.0212554931640625 -0.095916748046875 0.47918701171875
0.0138731002807617 0.00489044189453125 -0.266464233398437 0.239120483398438
0.0272388458251953 0.00704383850097656 0.0196304321289063 0.0271987915039063
0.0219497680664063 -0.00241279602050781 0.293304443359375 -0.253448486328125
0.016667366027832 -0.0145292282104492 0.0618896484375 -0.5145263671875
-0.00172090530395508 -0.00630569458007813 -0.344146728515625 -0.275634765625
-0.00398635864257813 0.00284957885742188 -0.331634521484375 0.113525390625
0.00409984588623047 0.00214934349060059 -0.113296508789063 0.230392456054688
0.00126910209655762 0.00215470790863037 0.0976715087890625 0.17071533203125
0.00489473342895508 -0.000212192535400391 0.18310546875 0.0305328369140625
0.0120439529418945 0.00206565856933594 -0.18572998046875 -0.0481109619140625
0.00705814361572266 0.0100994110107422 -0.0762939453125 -0.165267944335938
0.00915050506591797 0.00276660919189453 0.1591796875 -0.209884643554688
-0.00158381462097168 0.0038304328918457 0.375732421875 -0.039337158203125
-0.0210952758789063 -0.00556182861328125 0.275970458984375 0.346221923828125
-0.00149154663085938 -0.0267658233642578 -0.096466064453125 0.480010986328125
0.0211219787597656 0.000497817993164063 -0.269378662109375 0.239517211914063
0.0365333557128906 0.0059814453125 0.0166549682617188 0.0279026031494141
0.0293312072753906 -0.0070648193359375 0.293365478515625 -0.250091552734375
0.0188808441162109 -0.0197963714599609 0.06488037109375 -0.512786865234375
-0.00286579132080078 -0.00962448120117188 -0.343414306640625 -0.276458740234375
-0.00566434860229492 0.00320196151733398 -0.33270263671875 0.1123046875
0.00268936157226563 0.00489425659179688 -0.11553955078125 0.230255126953125
0.00157594680786133 0.00432944297790527 0.0973358154296875 0.170196533203125
0.00437808036804199 0.00427794456481934 0.182525634765625 0.0301055908203125
0.0119829177856445 0.00454998016357422 -0.185562133789063 -0.0477752685546875
0.00723361968994141 0.0107297897338867 -0.0787200927734375 -0.164291381835938
0.00814676284790039 0.00372314453125 0.154647827148438 -0.21026611328125
-0.00302696228027344 0.00430464744567871 0.37152099609375 -0.042755126953125
-0.0218315124511719 -0.00745964050292969 0.27886962890625 0.34234619140625
-0.00012016296386719 -0.0313320159912109 -0.090972900390625 0.480438232421875
0.0266380310058594 -0.00273895263671875 -0.27099609375 0.243804931640625
0.042999267578125 0.0043487548828125 0.0109329223632813 0.0305271148681641
0.0342636108398438 -0.0102176666259766 0.29193115234375 -0.2437744140625
0.0201301574707031 -0.0232944488525391 0.0699462890625 -0.510040283203125
-0.00427627563476563 -0.0118637084960937 -0.340179443359375 -0.279083251953125
-0.00671529769897461 0.00375652313232422 -0.33575439453125 0.10791015625
0.00163125991821289 0.00543546676635742 -0.119888305664063 0.229278564453125
0.00190258026123047 0.00572109222412109 0.0954132080078125 0.17242431640625
0.00560665130615234 0.00656652450561524 0.183837890625 0.031158447265625
0.0120029449462891 0.00661373138427734 -0.184967041015625 -0.0472869873046875
0.00706005096435547 0.0102109909057617 -0.0824737548828125 -0.163223266601563
0.00786972045898438 0.00370693206787109 0.150726318359375 -0.212020874023438
-0.00304365158081055 0.00397634506225586 0.368408203125 -0.051483154296875
-0.0225677490234375 -0.00764274597167969 0.284942626953125 0.33599853515625
-0.000286102294921872 -0.0322589874267578 -0.0822753906249999 0.484893798828125
0.0291748046875 -0.00518798828125 -0.271377563476563 0.252395629882813
0.0476226806640625 0.00354766845703125 0.0022735595703125 0.0340290069580078
0.0389175415039063 -0.0117874145507813 0.29144287109375 -0.237091064453125
0.0219020843505859 -0.0244293212890625 0.078948974609375 -0.50775146484375
-0.00469779968261719 -0.0125799179077148 -0.3353271484375 -0.289154052734375
-0.00663661956787109 0.00322818756103516 -0.34033203125 0.10205078125
0.00178861618041992 0.00621843338012695 -0.12554931640625 0.227630615234375
0.00159931182861328 0.005035400390625 0.092254638671875 0.17340087890625
0.00534963607788086 0.00860881805419922 0.1822509765625 0.0325469970703125
0.0147418975830078 -0.0174989700317383 -0.186370849609375 -0.0426483154296875
0.00478982925415039 -0.00479459762573242 -0.0893096923828125 -0.161865234375
0.0166130065917969 -0.0100488662719727 0.137344360351563 -0.21875
0.00790548324584961 0.00359392166137695 0.3636474609375 -0.073150634765625
-0.0168228149414062 0.0143527984619141 0.301666259765625 0.313751220703125
-0.0142192840576172 0.000785827636718748 -0.0528564453125 0.48553466796875
-0.00703811645507813 0.01959228515625 -0.256698608398438 0.26434326171875
-0.000121116638183593 0.0124998092651367 0.00165939331054688 0.0359840393066406
0.000971794128417968 0.0139131546020508 0.29461669921875 -0.23455810546875
0.0103893280029297 0.00801658630371094 0.092254638671875 -0.513214111328125
0.00267505645751953 0.00730991363525391 -0.327789306640625 -0.30120849609375
0.00227689743041992 0.0014195442199707 -0.34356689453125 0.09222412109375
0.0107336044311523 -0.00577354431152344 -0.12908935546875 0.223648071289062
0.00335025787353516 -0.0106077194213867 0.0897369384765625 0.170516967773438
0.00612831115722656 -0.0148744583129883 0.180130004882813 0.029388427734375
0.0138702392578125 -0.0153074264526367 -0.18597412109375 -0.0442352294921875
0.00478506088256836 -0.00215816497802734 -0.0851898193359375 -0.163253784179688
0.0153074264526367 -0.00830745697021484 0.145172119140625 -0.215911865234375
0.00619029998779297 0.00434732437133789 0.36907958984375 -0.065765380859375
-0.01824951171875 0.0114459991455078 0.2939453125 0.3243408203125
-0.0127439498901367 -0.0020151138305664 -0.066741943359375 0.48431396484375
-0.00491142272949219 0.0179347991943359 -0.259201049804688 0.255111694335938
0.00293636322021484 0.0121173858642578 0.0102710723876953 0.0329475402832031
0.00347900390625 0.011113166809082 0.29461669921875 -0.24456787109375
0.0115070343017578 0.00432395935058594 0.081329345703125 -0.515899658203125
0.0022587776184082 0.00500774383544922 -0.33380126953125 -0.292266845703125
0.00141656398773193 0.00139319896697998 -0.33740234375 0.10101318359375
0.00905704498291015 -0.00391387939453125 -0.122604370117187 0.22613525390625
0.00239324569702148 -0.00816106796264648 0.0935516357421875 0.168136596679688
0.00608253479003906 -0.0125579833984375 0.180648803710938 0.0281829833984375
0.0145530700683594 -0.0118865966796875 -0.186553955078125 -0.044677734375
0.00472784042358398 0.00113439559936523 -0.0821685791015625 -0.164077758789063
0.0139741897583008 -0.00651454925537109 0.151046752929688 -0.215255737304688
0.00452566146850586 0.00424909591674805 0.37322998046875 -0.054656982421875
-0.0184059143066406 0.00739097595214844 0.28839111328125 0.33258056640625
-0.0102434158325195 -0.00811862945556641 -0.076812744140625 0.482208251953125
-0.000327110290527343 0.0140876770019531 -0.258773803710938 0.248397827148437
0.00961589813232422 0.0103321075439453 0.016265869140625 0.0290298461914063
0.0084381103515625 0.00785446166992188 0.292633056640625 -0.25079345703125
0.0125207901000977 -0.00158977508544922 0.0669250488281251 -0.5159912109375
0.000957965850830078 0.00187492370605469 -0.340728759765625 -0.281707763671875
-0.000141143798828125 0.00206303596496582 -0.333526611328125 0.1082763671875
0.00737619400024414 -0.00214338302612305 -0.115509033203125 0.2283935546875
0.00151538848876953 -0.00440788269042969 0.097259521484375 0.167633056640625
0.00479793548583984 -0.00953102111816406 0.181747436523438 0.0287017822265625
0.0142183303833008 -0.00628185272216797 -0.187057495117188 -0.0439910888671875
0.00524568557739258 0.00384807586669922 -0.0789947509765625 -0.164520263671875
0.011988639831543 -0.002410888671875 0.155242919921875 -0.213272094726563
0.00189495086669922 0.0038297176361084 0.374359130859375 -0.049530029296875
-0.019561767578125 0.00286674499511719 0.2843017578125 0.338348388671875
-0.00788402557373047 -0.0143718719482422 -0.08599853515625 0.480010986328125
0.00682640075683594 0.00938606262207031 -0.261871337890625 0.243881225585938
0.0177249908447266 0.00876235961914062 0.0205116271972656 0.0270347595214844
0.0149135589599609 0.00320625305175781 0.291259765625 -0.255523681640625
0.0140810012817383 -0.00783729553222656 0.05950927734375 -0.515869140625
-0.000557899475097656 -0.00246167182922363 -0.344207763671875 -0.273651123046875
-0.0012972354888916 0.00242972373962402 -0.329071044921875 0.114288330078125
0.00558328628540039 0.00087738037109375 -0.111129760742187 0.22991943359375
0.00144386291503906 -0.000959038734436035 0.0992431640625 0.167282104492188
0.00598526000976563 -0.00490570068359375 0.182052612304688 0.0280609130859375
0.0135068893432617 -0.00209808349609375 -0.187698364257812 -0.045379638671875
0.00641679763793945 0.0073094367980957 -0.077880859375 -0.16473388671875
0.010716438293457 9.72747802734375E-05 0.157745361328125 -0.213165283203125
-0.000368595123291016 0.00434494018554688 0.37530517578125 -0.04669189453125
-0.0201015472412109 -0.000905990600585935 0.28167724609375 0.343292236328125
-0.00382423400878906 -0.0207271575927734 -0.089630126953125 0.480194091796875
0.0144119262695313 0.00511360168457031 -0.263900756835938 0.242630004882812
0.0271129608154297 0.0066070556640625 0.0203475952148438 0.0264244079589844
0.0217914581298828 -0.00283622741699219 0.28985595703125 -0.256317138671875
0.01654052734375 -0.0145425796508789 0.055206298828125 -0.515960693359375
-0.00189828872680664 -0.00636100769042969 -0.346282958984375 -0.270477294921875
-0.00427079200744629 0.00294137001037598 -0.329833984375 0.1171875
0.00340795516967773 0.00250029563903809 -0.110260009765625 0.230987548828125
0.000944375991821289 0.00147891044616699 0.10040283203125 0.168685913085937
0.00510120391845703 -0.000768661499023438 0.183273315429688 0.0279998779296875
0.0122995376586914 0.00135993957519531 -0.186920166015625 -0.0447998046875
0.0070953369140625 0.00997161865234375 -0.078643798828125 -0.163848876953125
0.00896263122558594 0.00260543823242188 0.156463623046875 -0.211380004882812
-0.00202083587646484 0.00496959686279297 0.37371826171875 -0.044586181640625
-0.0212841033935547 -0.00530242919921875 0.27972412109375 0.3416748046875
-0.00109100341796875 -0.0269546508789062 -0.090667724609375 0.480621337890625
0.0206336975097656 0.000806808471679687 -0.26568603515625 0.2430419921875
0.036712646484375 0.00481033325195313 0.0170307159423828 0.0285549163818359
0.0291824340820313 -0.00814056396484375 0.289947509765625 -0.251861572265625
0.0185508728027344 -0.0198802947998047 0.058624267578125 -0.51190185546875
-0.00296783447265625 -0.00952434539794922 -0.345703125 -0.272491455078125
-0.00571966171264649 0.00306510925292969 -0.3310546875 0.1162109375
0.00221729278564453 0.00513982772827148 -0.111968994140625 0.2305908203125
0.00212621688842773 0.004547119140625 0.100875854492188 0.168487548828125
0.00485801696777344 0.0036005973815918 0.183441162109375 0.0272369384765625
0.0123567581176758 0.00523471832275391 -0.18621826171875 -0.0441436767578125
0.00704669952392578 0.0117063522338867 -0.080535888671875 -0.163009643554688
0.00778627395629883 0.00366544723510742 0.151840209960938 -0.211944580078125
-0.00313591957092285 0.00428509712219238 0.370697021484375 -0.048980712890625
-0.0217342376708984 -0.00668334960937499 0.282318115234375 0.33685302734375
0.000358581542968751 -0.0308208465576172 -0.08514404296875 0.481048583984375
0.0266456604003906 -0.00278472900390625 -0.267074584960938 0.246444702148438
0.0436439514160156 0.003997802734375 0.0110740661621094 0.0299549102783203
0.0346851348876953 -0.0111274719238281 0.288482666015625 -0.24725341796875
0.0200424194335938 -0.0244808197021484 0.064453125 -0.509490966796875
-0.00320720672607422 -0.0113801956176758 -0.341644287109375 -0.275177001953125
-0.00609827041625977 0.00339317321777344 -0.3338623046875 0.112579345703125
0.000401496887207032 0.00457620620727539 -0.117156982421875 0.230117797851563
0.00119686126708984 0.00547122955322266 0.0983123779296875 0.1700439453125
0.00481748580932617 0.00641489028930664 0.184249877929688 0.02874755859375
0.0133438110351563 0.00648403167724609 -0.186370849609375 -0.0440521240234375
0.00745105743408203 0.0101957321166992 -0.083831787109375 -0.161300659179688
0.00827503204345703 0.00417423248291016 0.147613525390625 -0.213302612304688
-0.00379014015197754 0.00432443618774414 0.367462158203125 -0.05609130859375
-0.0222949981689453 -0.00740242004394531 0.289215087890625 0.331207275390625
-0.000125885009765626 -0.0326404571533203 -0.074554443359375 0.48516845703125
0.0293998718261719 -0.00505828857421875 -0.267898559570313 0.255691528320312
0.0476570129394531 0.00262832641601563 0.00247955322265626 0.0341396331787109
0.0382843017578125 -0.012725830078125 0.287872314453125 -0.239715576171875
0.0217666625976562 -0.0257320404052734 0.072357177734375 -0.507781982421875
-0.00497245788574219 -0.013514518737793 -0.338623046875 -0.283660888671875
-0.00741147994995117 0.00324535369873047 -0.338226318359375 0.10699462890625
0.00167560577392578 0.00543117523193359 -0.121826171875 0.22930908203125
0.00158071517944336 0.00555944442749023 0.0946044921875 0.171722412109375
0.00475263595581055 0.00790214538574219 0.182785034179688 0.0302734375
0.0152950286865234 -0.0171737670898438 -0.1865234375 -0.0397491455078125
0.00301837921142578 -0.00489521026611328 -0.091461181640625 -0.159744262695313
0.0162897109985352 -0.0104246139526367 0.134231567382812 -0.2200927734375
0.00726747512817383 0.00281190872192383 0.36138916015625 -0.078369140625
-0.017329216003418 0.0145292282104492 0.305908203125 0.3095703125
-0.0128660202026367 0.0025482177734375 -0.048065185546875 0.48468017578125
-0.00621986389160156 0.0190582275390625 -0.252975463867188 0.266998291015625
0.000383377075195313 0.0124416351318359 0.00197219848632812 0.0367851257324219
0.00177764892578125 0.0136985778808594 0.290618896484375 -0.235992431640625
0.0100469589233398 0.00723075866699219 0.0852050781249999 -0.512298583984375
0.00236177444458008 0.00746774673461914 -0.330902099609375 -0.29779052734375
0.00167214870452881 0.00174975395202637 -0.34197998046875 0.0963134765625001
0.0111122131347656 -0.00583362579345703 -0.125717163085938 0.224533081054688
0.00203132629394531 -0.00974559783935547 0.0918731689453125 0.16876220703125
0.00526905059814453 -0.0144500732421875 0.179824829101563 0.0281982421875
0.0142612457275391 -0.0144863128662109 -0.186477661132813 -0.0400848388671875
0.00528383255004883 -0.00236797332763672 -0.0876312255859375 -0.161163330078125
0.0154867172241211 -0.00806808471679687 0.14154052734375 -0.217575073242188
0.00542736053466797 0.00319766998291016 0.365966796875 -0.068511962890625
-0.0177745819091797 0.0117759704589844 0.29815673828125 0.320037841796875
-0.0117464065551758 -0.00188827514648438 -0.06121826171875 0.484100341796875
-0.00386619567871094 0.0168685913085938 -0.255111694335938 0.25787353515625
0.00300979614257813 0.0119714736938477 0.0101337432861328 0.0322818756103516
0.0037393569946289 0.0126714706420898 0.290313720703125 -0.2469482421875
0.0113925933837891 0.00360584259033203 0.074554443359375 -0.5140380859375
0.00166463851928711 0.0048365592956543 -0.3348388671875 -0.287200927734375
0.00157761573791504 0.0013737678527832 -0.3355712890625 0.10467529296875
0.00940227508544922 -0.00372982025146484 -0.118881225585938 0.225860595703125
0.00171756744384766 -0.0081939697265625 0.0953369140625 0.166244506835938
0.00485992431640625 -0.0127048492431641 0.180404663085938 0.0266571044921875
0.0136165618896484 -0.0113592147827148 -0.186355590820312 -0.0429534912109375
0.00508499145507813 0.00179386138916016 -0.083770751953125 -0.16278076171875
0.0131816864013672 -0.00569438934326172 0.148239135742188 -0.216720581054688
0.00287055969238281 0.00290393829345703 0.371002197265625 -0.060882568359375
-0.0184612274169922 0.00764656066894532 0.292388916015625 0.32733154296875
-0.010589599609375 -0.00850105285644531 -0.071075439453125 0.480621337890625
1.90734863281141E-06 0.0141382217407227 -0.256423950195313 0.250625610351563
0.00979232788085938 0.0100908279418945 0.0165138244628906 0.0294075012207031
0.00891971588134766 0.00646495819091797 0.289581298828125 -0.252197265625
0.0129785537719727 -0.00168609619140625 0.0625000000000001 -0.51470947265625
0.00100600719451904 0.00142502784729004 -0.343017578125 -0.277069091796875
-0.000493526458740234 0.0019150972366333 -0.331024169921875 0.11248779296875
0.00700998306274414 -0.00237751007080078 -0.1126708984375 0.229324340820313
0.00206327438354492 -0.00474977493286133 0.0993194580078125 0.166458129882813
0.00460433959960938 -0.00948047637939453 0.182266235351562 0.02490234375
0.0138931274414063 -0.00774574279785156 -0.187652587890625 -0.041595458984375
0.00505447387695313 0.00448179244995117 -0.0814971923828125 -0.162811279296875
0.0116147994995117 -0.00295448303222656 0.151504516601563 -0.215057373046875
0.00181794166564941 0.00424361228942871 0.373443603515625 -0.055206298828125
-0.0194301605224609 0.00384712219238281 0.28729248046875 0.334930419921875
-0.00696945190429688 -0.0144243240356445 -0.079620361328125 0.4808349609375
0.00735664367675781 0.00913906097412109 -0.257095336914063 0.246368408203125
0.0172443389892578 0.00899028778076172 0.0203781127929688 0.0267581939697266
0.014735221862793 0.00266933441162109 0.2869873046875 -0.25799560546875
0.0134334564208984 -0.00808238983154297 0.054046630859375 -0.515289306640625
-0.00053858757019043 -0.00242924690246582 -0.345977783203125 -0.269622802734375
-0.00230121612548828 0.00221419334411621 -0.32781982421875 0.1182861328125
0.00562047958374023 0.000230312347412109 -0.107925415039063 0.230636596679688
0.000995278358459473 -0.00107073783874512 0.102005004882813 0.1656494140625
0.00492095947265625 -0.00504922866821289 0.182266235351562 0.02459716796875
0.014155387878418 -0.00158977508544922 -0.186721801757813 -0.0424652099609375
0.00611543655395508 0.0070648193359375 -0.07952880859375 -0.16204833984375
0.00934219360351563 3.24249267578125E-05 0.154022216796875 -0.214874267578125
-0.00150585174560547 0.0036013126373291 0.3734130859375 -0.051910400390625
-0.0208835601806641 -0.00113105773925781 0.28466796875 0.336578369140625
-0.00373458862304688 -0.0204906463623047 -0.083648681640625 0.47857666015625
0.014582633972168 0.00455570220947266 -0.260223388671875 0.244598388671875
0.0263996124267578 0.00658035278320312 0.0201988220214844 0.0262737274169922
0.0230026245117188 -0.00363349914550781 0.286163330078125 -0.25762939453125
0.0158519744873047 -0.0145158767700195 0.0482788085937501 -0.513427734375
-0.00186729431152344 -0.00641345977783203 -0.348876953125 -0.26470947265625
-0.00461912155151367 0.00222253799438477 -0.326934814453125 0.12030029296875
0.00416254997253418 0.00290822982788086 -0.107131958007812 0.231002807617187
0.00155556201934814 0.00166571140289307 0.102264404296875 0.165328979492188
0.00585508346557617 -0.000443935394287109 0.18170166015625 0.025177001953125
0.0129594802856445 0.00104618072509766 -0.187515258789063 -0.041259765625
0.00743389129638672 0.0106296539306641 -0.080230712890625 -0.161651611328125
0.00767421722412109 0.00325536727905273 0.15264892578125 -0.213851928710938
-0.00256204605102539 0.00381708145141602 0.370697021484375 -0.04876708984375
-0.0210151672363281 -0.00449943542480469 0.284149169921875 0.33642578125
-0.00178718566894532 -0.0266036987304688 -0.083740234375 0.48004150390625
0.0215549468994141 -0.000329971313476562 -0.262222290039063 0.245315551757812
0.0357170104980469 0.00487518310546875 0.0173416137695313 0.0282726287841797
0.0290412902832031 -0.00831222534179687 0.286285400390625 -0.256103515625
0.0174064636230469 -0.0194034576416016 0.051910400390625 -0.51141357421875
-0.00318241119384765 -0.00937938690185547 -0.3466796875 -0.26678466796875
-0.00509309768676758 0.00300073623657226 -0.328521728515625 0.11962890625
0.00303268432617188 0.00473546981811523 -0.108779907226563 0.2310791015625
0.00110864639282227 0.00497055053710938 0.102615356445313 0.167022705078125
0.00542020797729492 0.00357961654663086 0.1820068359375 0.025054931640625
0.0133762359619141 0.00507354736328125 -0.18682861328125 -0.04144287109375
0.00811195373535156 0.0109405517578125 -0.08251953125 -0.1607666015625
0.00838088989257813 0.00393772125244141 0.149398803710938 -0.214019775390625
-0.00418472290039063 0.00472021102905273 0.368499755859375 -0.052642822265625
-0.0228748321533203 -0.00621795654296875 0.28680419921875 0.333404541015625
-0.000505447387695312 -0.0302448272705078 -0.078887939453125 0.480712890625
0.0269680023193359 -0.00369644165039063 -0.263519287109375 0.249984741210937
0.04248046875 0.00316619873046875 0.011993408203125 0.0301570892333984
0.034698486328125 -0.0117282867431641 0.2850341796875 -0.249176025390625
0.0194206237792969 -0.0252265930175781 0.05859375 -0.508056640625
-0.00455188751220703 -0.0118265151977539 -0.343902587890625 -0.27056884765625
-0.00576543807983399 0.00300025939941406 -0.331939697265625 0.11627197265625
0.00160074234008789 0.00635862350463867 -0.113250732421875 0.231414794921875
0.00221729278564453 0.00632095336914063 0.100341796875 0.1680908203125
0.00454807281494141 0.00586509704589844 0.184326171875 0.0267333984375
0.0129795074462891 0.00742530822753906 -0.18603515625 -0.0406036376953125
0.00836753845214844 0.0107717514038086 -0.085693359375 -0.158523559570313
0.00745916366577148 0.00374364852905273 0.143234252929688 -0.215728759765625
-0.00262832641601562 0.00385355949401856 0.36517333984375 -0.061798095703125
-0.0222606658935547 -0.00686073303222656 0.29205322265625 0.32757568359375
0.000131607055664062 -0.0323772430419922 -0.0684204101562499 0.487091064453125
0.0299854278564453 -0.00508880615234375 -0.26373291015625 0.257537841796875
0.0470542907714844 0.00140380859375 0.00357437133789062 0.0345573425292969
0.0381011962890625 -0.0136032104492188 0.2850341796875 -0.242431640625
0.0204849243164063 -0.0259246826171875 0.066650390625 -0.50787353515625
-0.00438022613525391 -0.0122356414794922 -0.340118408203125 -0.279205322265625
-0.00604152679443359 0.00279760360717773 -0.335296630859375 0.1104736328125
0.00232219696044922 0.00591707229614258 -0.119552612304688 0.229568481445313
0.00182771682739258 0.00594043731689453 0.09735107421875 0.1689453125
0.00612735748291016 0.00755023956298828 0.182144165039063 0.0276336669921875
0.0147876739501953 -0.0179500579833984 -0.186614990234375 -0.03704833984375
0.0048828125 -0.00380849838256836 -0.0931396484375 -0.157257080078125
0.0152683258056641 -0.0107364654541016 0.131103515625 -0.221160888671875
0.00688600540161133 0.00335693359375 0.359771728515625 -0.082489013671875
-0.0163583755493164 0.0152502059936523 0.30816650390625 0.303466796875
-0.0137262344360352 0.00239372253417969 -0.04168701171875 0.4827880859375
-0.00609016418457031 0.0194263458251953 -0.249481201171875 0.268203735351563
-0.0003204345703125 0.0126743316650391 0.00234222412109375 0.0362167358398438
0.000793457031249999 0.014002799987793 0.287322998046875 -0.239501953125
0.00997066497802735 0.00787925720214844 0.0802001953125 -0.51190185546875
0.00292825698852539 0.00796031951904297 -0.332000732421875 -0.29315185546875
0.00188338756561279 0.00146758556365967 -0.3385009765625 0.0987548828125
0.0103511810302734 -0.00604248046875 -0.123077392578125 0.224761962890625
0.00275993347167969 -0.0111684799194336 0.093414306640625 0.1666259765625
0.00541877746582031 -0.0152645111083984 0.1795654296875 0.0259246826171875
0.0143985748291016 -0.0153131484985352 -0.186447143554688 -0.03790283203125
0.00507354736328125 -0.00166940689086914 -0.089111328125 -0.159500122070312
0.0140409469604492 -0.00820446014404297 0.13909912109375 -0.2181396484375
0.0053868293762207 0.00392389297485352 0.36492919921875 -0.07275390625
-0.0170431137084961 0.012333869934082 0.30072021484375 0.314971923828125
-0.0126705169677734 -0.00142097473144531 -0.054962158203125 0.4820556640625
-0.00374794006347656 0.0178108215332031 -0.251235961914063 0.259918212890625
0.00312232971191406 0.011631965637207 0.0104217529296875 0.0322399139404297
0.00381946563720703 0.0117130279541016 0.287261962890625 -0.248138427734375
0.0112476348876953 0.00413799285888672 0.0692138671875 -0.51434326171875
0.00259304046630859 0.00490093231201172 -0.3370361328125 -0.283111572265625
0.00177836418151855 0.00186741352081299 -0.332611083984375 0.106903076171875
0.00916099548339844 -0.00351715087890625 -0.115966796875 0.22674560546875
0.00197839736938477 -0.00803089141845703 0.0971832275390625 0.164382934570313
0.00501060485839844 -0.0126352310180664 0.1795654296875 0.0235595703125
0.0142526626586914 -0.0121021270751953 -0.187042236328125 -0.0384368896484375
0.00487756729125977 0.00106573104858398 -0.08587646484375 -0.160568237304688
0.0133953094482422 -0.00571155548095703 0.144439697265625 -0.218719482421875
0.00282073020935059 0.00391054153442383 0.368621826171875 -0.063690185546875
-0.0178070068359375 0.00811767578125 0.293426513671875 0.32257080078125
-0.010502815246582 -0.00727653503417969 -0.06695556640625 0.47930908203125
0.000957489013671876 0.014225959777832 -0.252166748046875 0.252227783203125
0.00940895080566406 0.0102949142456055 0.0173854827880859 0.0290851593017578
0.00828313827514648 0.00671672821044922 0.285186767578125 -0.254150390625
0.0120582580566406 -0.00141048431396484 0.056488037109375 -0.51397705078125
0.00121903419494629 0.00157761573791504 -0.3441162109375 -0.273681640625
-0.000261187553405762 0.00206053256988525 -0.32861328125 0.11505126953125
0.00716924667358399 -0.00175094604492188 -0.109970092773437 0.22906494140625
0.00150156021118164 -0.00477361679077148 0.100860595703125 0.163803100585938
0.00514507293701172 -0.00953197479248047 0.181198120117188 0.02301025390625
0.0135402679443359 -0.00684261322021484 -0.18701171875 -0.0386199951171875
0.00536775588989258 0.00534677505493164 -0.0829620361328125 -0.160781860351563
0.0118827819824219 -0.00246047973632813 0.1490478515625 -0.216064453125
0.00136756896972656 0.00399947166442871 0.37115478515625 -0.05767822265625
-0.0196914672851563 0.00387382507324218 0.289306640625 0.3292236328125
-0.007049560546875 -0.0129709243774414 -0.074554443359375 0.47900390625
0.00732040405273438 0.00916099548339844 -0.254257202148438 0.248016357421875
0.0171918869018555 0.00825023651123047 0.0201244354248047 0.0275382995605469
0.014561653137207 0.00190544128417969 0.284149169921875 -0.25823974609375
0.0137834548950195 -0.00876235961914063 0.0481262207031251 -0.51312255859375
-0.000114202499389649 -0.0028223991394043 -0.347930908203125 -0.26483154296875
-0.00255894660949707 0.0020909309387207 -0.325531005859375 0.120819091796875
0.00514650344848633 0.00066375732421875 -0.10626220703125 0.230148315429688
0.0011821985244751 -0.00174736976623535 0.103591918945313 0.162582397460937
0.00492668151855469 -0.0049128532409668 0.181503295898438 0.022064208984375
0.0137653350830078 -0.00205135345458984 -0.1871337890625 -0.039398193359375
0.00630378723144531 0.00853824615478516 -0.0821380615234375 -0.160385131835938
0.0096893310546875 -0.00020599365234375 0.151123046875 -0.215255737304687
-0.00123310089111328 0.00369358062744141 0.371856689453125 -0.055389404296875
-0.0202598571777344 -0.000789642333984378 0.287322998046875 0.33245849609375
-0.00343894958496094 -0.0199508666992187 -0.07830810546875 0.47857666015625
0.0150985717773438 0.00453472137451172 -0.256301879882812 0.24615478515625
0.0269584655761719 0.00612068176269531 0.0205936431884766 0.0259418487548828
0.0214385986328125 -0.00325584411621094 0.281036376953125 -0.259628295898438
0.0156774520874023 -0.0150222778320313 0.043609619140625 -0.511505126953125
-0.00254106521606445 -0.00722455978393555 -0.349273681640625 -0.26116943359375
-0.00419378280639648 0.00304150581359863 -0.32464599609375 0.12353515625
0.00397634506225586 0.00315666198730469 -0.104202270507813 0.231826782226563
0.000937819480895996 0.00166261196136475 0.104400634765625 0.163604736328125
0.00483560562133789 4.05311584472656E-05 0.182373046875 0.0221710205078125
0.0132656097412109 0.00156974792480469 -0.1871337890625 -0.0389404296875
0.00795459747314453 0.0104227066040039 -0.082244873046875 -0.15960693359375
0.00855636596679688 0.00239849090576172 0.14984130859375 -0.215087890625
-0.00268793106079101 0.00396084785461426 0.36962890625 -0.0548095703125
-0.0212783813476563 -0.00432205200195312 0.286529541015625 0.33087158203125
-0.00120735168457031 -0.0259284973144531 -0.07891845703125 0.47943115234375
0.0215435028076172 -0.000736236572265625 -0.2574462890625 0.248199462890625
0.0352554321289062 0.003570556640625 0.0170974731445313 0.0281944274902344
0.0283679962158203 -0.00831222534179688 0.28204345703125 -0.25628662109375
0.017242431640625 -0.0203571319580078 0.04620361328125 -0.510101318359375
-0.00311756134033203 -0.00945186614990234 -0.348480224609375 -0.26220703125
-0.00544500350952149 0.00340795516967773 -0.326171875 0.123291015625
0.00214958190917969 0.00481510162353516 -0.10675048828125 0.231674194335938
0.00156641006469727 0.00472450256347656 0.103500366210938 0.164291381835938
0.00501728057861328 0.00440454483032227 0.181930541992187 0.022613525390625
0.0124521255493164 0.00438022613525391 -0.186630249023438 -0.039093017578125
0.00793743133544922 0.0117473602294922 -0.0838470458984375 -0.158126831054688
0.0074458122253418 0.00334692001342773 0.145645141601562 -0.214813232421875
-0.00378108024597168 0.0035860538482666 0.3658447265625 -0.0574951171875
-0.0219669342041016 -0.00542259216308594 0.288848876953125 0.327545166015625
-9.15527343749979E-05 -0.03057861328125 -0.074188232421875 0.479583740234375
0.0268898010253906 -0.00315666198730469 -0.259231567382813 0.251556396484375
0.0424919128417969 0.00243759155273438 0.011016845703125 0.0306415557861328
0.0337371826171875 -0.0119228363037109 0.28106689453125 -0.251220703125
0.01898193359375 -0.0250740051269531 0.0525207519531251 -0.506256103515625
-0.00419235229492188 -0.0114936828613281 -0.345947265625 -0.265411376953125
-0.00736045837402344 0.00298213958740234 -0.329010009765625 0.11932373046875
0.00138759613037109 0.00605583190917969 -0.110626220703125 0.23150634765625
0.00157785415649414 0.00578975677490234 0.102020263671875 0.16607666015625
0.00531673431396484 0.00686359405517578 0.182601928710938 0.0243682861328125
0.0130100250244141 0.00619125366210938 -0.185958862304688 -0.0381317138671875
0.00838088989257813 0.0112142562866211 -0.0876922607421875 -0.156448364257813
0.00788450241088867 0.00335931777954102 0.1407470703125 -0.21649169921875
-0.00377345085144043 0.00401711463928223 0.362152099609375 -0.064605712890625
-0.0221767425537109 -0.00648117065429688 0.294219970703125 0.322479248046875
0.000268936157226561 -0.0317955017089844 -0.063812255859375 0.48468017578125
0.0300922393798828 -0.00609779357910156 -0.260421752929688 0.260208129882812
0.0467796325683594 0.00134658813476563 0.00340461730957032 0.0336017608642578
0.0377693176269531 -0.0135421752929688 0.280441284179687 -0.244308471679687
0.020721435546875 -0.0262775421142578 0.060394287109375 -0.505523681640625
-0.00476741790771484 -0.0129899978637695 -0.342254638671875 -0.274810791015625
-0.00683307647705078 0.00268411636352539 -0.33355712890625 0.11328125
0.00196552276611328 0.00630044937133789 -0.116455078125 0.229400634765625
0.00172519683837891 0.00583600997924805 0.0986328125 0.1676025390625
0.005401611328125 0.00766229629516602 0.181900024414063 0.025054931640625
0.0147991180419922 -0.0179347991943359 -0.186264038085938 -0.034210205078125
0.00476455688476563 -0.0031123161315918 -0.0948486328125 -0.154998779296875
0.0141162872314453 -0.0106382369995117 0.128265380859375 -0.221054077148438
0.00664186477661133 0.00299930572509766 0.358642578125 -0.085418701171875
-0.0163745880126953 0.0154800415039063 0.3095703125 0.299652099609375
-0.0138139724731445 0.0027313232421875 -0.036895751953125 0.481109619140625
-0.00414276123046875 0.0193653106689453 -0.245376586914063 0.270065307617188
-2.4795532226562E-05 0.0116939544677734 0.00169754028320312 0.0368690490722656
0.00174903869628906 0.0126504898071289 0.282440185546875 -0.2388916015625
0.010920524597168 0.00742435455322266 0.0745849609375 -0.508880615234375
0.00312328338623047 0.00693082809448242 -0.3319091796875 -0.288116455078125
0.00276803970336914 0.000334978103637695 -0.335357666015625 0.10162353515625
0.0103082656860352 -0.00582981109619141 -0.120498657226562 0.224334716796875
0.00292110443115234 -0.0104246139526367 0.0947418212890625 0.165756225585938
0.00524330139160156 -0.0152101516723633 0.178176879882812 0.0239105224609375
0.0146570205688477 -0.0159788131713867 -0.18621826171875 -0.033966064453125
0.00437116622924805 -0.00170254707336426 -0.090087890625 -0.157470703125
0.01409912109375 -0.00831985473632813 0.135421752929688 -0.219223022460938
0.004852294921875 0.00421047210693359 0.361602783203125 -0.077239990234375
-0.0170717239379883 0.0130958557128906 0.303131103515625 0.309600830078125
-0.0117483139038086 -0.00113010406494141 -0.049713134765625 0.480743408203125
-0.00246715545654297 0.0167560577392578 -0.246841430664063 0.260604858398438
0.00262451171875 0.0120706558227539 0.0105400085449219 0.0328617095947266
0.00439453125 0.0110034942626953 0.2822265625 -0.24945068359375
0.0104436874389648 0.00444412231445313 0.0627136230468749 -0.5106201171875
0.00355815887451172 0.00462913513183594 -0.33935546875 -0.278228759765625
0.00106167793273926 0.0017019510269165 -0.330352783203125 0.109527587890625
0.00914478302001953 -0.00310707092285156 -0.113174438476562 0.226654052734375
0.00157833099365234 -0.00852251052856445 0.098297119140625 0.162506103515625
0.00438594818115234 -0.0123300552368164 0.178726196289063 0.021240234375
0.0148868560791016 -0.0112676620483398 -0.187088012695313 -0.035858154296875
0.00512599945068359 0.00110626220703125 -0.08746337890625 -0.158065795898437
0.0131063461303711 -0.00469779968261719 0.141571044921875 -0.218338012695312
0.00276565551757813 0.00464010238647461 0.365509033203125 -0.06781005859375
-0.0186595916748047 0.00948715209960938 0.2967529296875 0.31646728515625
-0.00979042053222656 -0.00622081756591797 -0.062286376953125 0.4786376953125
0.000814437866210938 0.0135316848754883 -0.247772216796875 0.252838134765625
0.0100507736206055 0.00966548919677734 0.0163822174072266 0.0294589996337891
0.00898075103759766 0.00735092163085938 0.280914306640625 -0.254867553710938
0.0119009017944336 -0.00129222869873047 0.052093505859375 -0.51080322265625
0.00152015686035156 0.00073397159576416 -0.344482421875 -0.2677001953125
0.0002899169921875 0.00195908546447754 -0.325653076171875 0.118133544921875
0.00728321075439453 -0.00195074081420898 -0.107009887695312 0.2296142578125
0.000499486923217773 -0.00416803359985352 0.101974487304688 0.162139892578125
0.00506591796875 -0.00873661041259766 0.180404663085937 0.02081298828125
0.0139980316162109 -0.00634956359863281 -0.18695068359375 -0.0360260009765625
0.00581932067871094 0.00432348251342773 -0.0841827392578125 -0.15826416015625
0.0108919143676758 -0.00202465057373047 0.14556884765625 -0.216888427734375
0.00158333778381348 0.00284600257873535 0.366851806640625 -0.062591552734375
-0.0192527770996094 0.00315284729003907 0.293060302734375 0.323577880859375
-0.00621509552001953 -0.0137557983398438 -0.067718505859375 0.477752685546875
0.00734996795654297 0.00873565673828125 -0.250625610351563 0.250900268554688
0.0177402496337891 0.00800514221191406 0.0208492279052734 0.0270862579345703
0.0148153305053711 0.00177192687988281 0.280548095703125 -0.260482788085938
0.0134506225585938 -0.00783920288085938 0.043487548828125 -0.511627197265625
0.000547885894775391 -0.00365638732910156 -0.346466064453125 -0.260894775390625
-0.00214886665344238 0.00213563442230225 -0.322174072265625 0.122467041015625
0.00456047058105469 0.000185012817382812 -0.103790283203125 0.230636596679687
0.00187122821807861 -0.000142812728881836 0.104965209960938 0.160537719726563
0.00412702560424805 -0.00497770309448242 0.180282592773437 0.0198516845703125
0.0150928497314453 -0.00165081024169922 -0.187103271484375 -0.0370330810546875
0.00690174102783203 0.00911998748779297 -0.0838165283203125 -0.158370971679688
0.00962162017822266 -3.814697265625E-05 0.147476196289063 -0.216812133789063
-0.0017704963684082 0.00368475914001465 0.368865966796875 -0.059600830078125
-0.0192737579345703 -0.000478744506835936 0.28997802734375 0.328277587890625
-0.00327301025390625 -0.0196857452392578 -0.072967529296875 0.47607421875
0.0139131546020508 0.00466156005859375 -0.252365112304688 0.246902465820313
0.0262889862060547 0.00606155395507813 0.0208377838134766 0.0260467529296875
0.0220909118652344 -0.00382232666015625 0.277664184570313 -0.260757446289063
0.0154609680175781 -0.014739990234375 0.03887939453125 -0.5096435546875
-0.00201129913330078 -0.00664520263671875 -0.3497314453125 -0.256500244140625
-0.00365924835205078 0.00345754623413086 -0.32171630859375 0.12554931640625
0.00380754470825195 0.00377464294433594 -0.101898193359375 0.230743408203125
0.00190746784210205 0.00216877460479736 0.105514526367187 0.162887573242188
0.00524234771728516 -0.000171661376953125 0.1815185546875 0.0208892822265625
0.0136194229125977 0.000914573669433594 -0.186309814453125 -0.0352020263671875
0.00757980346679688 0.0112018585205078 -0.082550048828125 -0.157180786132813
0.00674772262573242 0.00233078002929688 0.1456298828125 -0.214675903320313
-0.0026390552520752 0.00372982025146484 0.366607666015625 -0.057342529296875
-0.0212726593017578 -0.00382041931152344 0.287506103515625 0.32757568359375
-0.00179862976074219 -0.0257415771484375 -0.074127197265625 0.477691650390625
0.0225963592529297 0.000280380249023438 -0.254562377929688 0.249313354492187
0.0356521606445313 0.00292587280273438 0.0166778564453125 0.0272216796875
0.0277538299560547 -0.00911903381347656 0.278045654296875 -0.258071899414063
0.0169315338134766 -0.0204353332519531 0.041412353515625 -0.5081787109375
-0.00292873382568359 -0.0101280212402344 -0.347564697265625 -0.257720947265625
-0.00511074066162109 0.00219058990478516 -0.324005126953125 0.125701904296875
0.00166130065917969 0.0049128532409668 -0.103317260742188 0.230667114257813
0.00140619277954102 0.00440406799316406 0.10540771484375 0.161163330078125
0.00431418418884277 0.00335025787353516 0.182235717773438 0.0211029052734375
0.0140676498413086 0.00460147857666016 -0.187042236328125 -0.0367279052734375
0.00809478759765625 0.0110378265380859 -0.0851287841796875 -0.156402587890625
0.00782680511474609 0.00374794006347656 0.141281127929688 -0.216323852539063
-0.00446701049804688 0.00336742401123047 0.362335205078125 -0.059814453125
-0.0223865509033203 -0.00530433654785156 0.290435791015625 0.323516845703125
-0.000558853149414062 -0.0296306610107422 -0.0694580078125 0.47760009765625
0.0274581909179688 -0.00406837463378906 -0.25518798828125 0.253387451171875
0.0410499572753906 0.0011444091796875 0.01092529296875 0.0299015045166016
0.03375244140625 -0.0119838714599609 0.27587890625 -0.251983642578125
0.0188388824462891 -0.0240955352783203 0.048614501953125 -0.504486083984375
-0.00397205352783203 -0.0111265182495117 -0.346038818359375 -0.260833740234375
-0.00669717788696289 0.00279664993286133 -0.3265380859375 0.120758056640625
0.00266647338867188 0.00620460510253906 -0.109115600585938 0.231338500976562
0.00134897232055664 0.00584840774536133 0.102371215820313 0.164337158203125
0.00555801391601563 0.00576543807983399 0.181488037109375 0.0208740234375
0.0134105682373047 0.00631427764892578 -0.185775756835938 -0.03564453125
0.00768756866455078 0.0107307434082031 -0.0890350341796875 -0.154815673828125
0.00688028335571289 0.00402259826660156 0.137664794921875 -0.216339111328125
-0.00389432907104492 0.00522422790527344 0.359893798828125 -0.06915283203125
-0.0226573944091797 -0.00546836853027344 0.29644775390625 0.317108154296875
0.000469207763671875 -0.0311298370361328 -0.060302734375 0.48193359375
0.0297756195068359 -0.00596809387207031 -0.255752563476563 0.2613525390625
0.04638671875 0.001739501953125 0.00376129150390625 0.0334072113037109
0.0374641418457031 -0.0142898559570313 0.27642822265625 -0.245330810546875
0.0200653076171875 -0.0252418518066406 0.055633544921875 -0.5025634765625
-0.00506114959716797 -0.0136642456054687 -0.343170166015625 -0.271240234375
-0.0060272216796875 0.00343036651611328 -0.331298828125 0.115936279296875
0.00166654586791992 0.00696182250976563 -0.114517211914062 0.23089599609375
0.00195884704589844 0.0061945915222168 0.0994415283203125 0.164779663085937
0.00525379180908203 0.0078125 0.181625366210938 0.023773193359375
0.0151691436767578 -0.0173397064208984 -0.18621826171875 -0.0320892333984375
0.00414729118347168 -0.00366425514221191 -0.0950469970703125 -0.153915405273437
0.0144872665405273 -0.0118999481201172 0.124801635742187 -0.2220458984375
0.0054931640625 0.00315284729003906 0.3541259765625 -0.088348388671875
-0.0153264999389648 0.0154628753662109 0.31011962890625 0.2950439453125
-0.0124588012695313 0.00293731689453125 -0.03277587890625 0.47784423828125
-0.00506401062011719 0.0191593170166016 -0.242141723632813 0.26971435546875
0.000121116638183593 0.0121965408325195 0.00376129150390625 0.0360832214355469
0.000992774963378906 0.0135173797607422 0.279144287109375 -0.239303588867188
0.00941085815429688 0.00687599182128906 0.07061767578125 -0.50665283203125
0.00339794158935547 0.00746631622314453 -0.332183837890625 -0.28521728515625
0.00233054161071777 0.000968456268310547 -0.332427978515625 0.103546142578125
0.010533332824707 -0.00522136688232422 -0.118057250976563 0.223724365234375
0.00174427032470703 -0.0100364685058594 0.0951080322265625 0.162521362304688
0.00476455688476562 -0.0142412185668945 0.1771240234375 0.0216522216796875
0.0161848068237305 -0.0145015716552734 -0.187026977539062 -0.03240966796875
0.00575065612792969 -0.0013585090637207 -0.091339111328125 -0.154541015625
0.012812614440918 -0.00830650329589844 0.133529663085938 -0.219131469726563
0.00527238845825195 0.00459814071655273 0.359527587890625 -0.080291748046875
-0.0161066055297852 0.0135536193847656 0.3017578125 0.306427001953125
-0.0113735198974609 -0.00101470947265625 -0.0467529296875 0.478668212890625
-0.00154781341552734 0.0165548324584961 -0.243011474609375 0.260589599609375
0.003662109375 0.0111970901489258 0.0108451843261719 0.0330467224121094
0.00415802001953125 0.0101804733276367 0.2784423828125 -0.249603271484375
0.0108537673950195 0.00262069702148438 0.059417724609375 -0.50823974609375
0.00269794464111328 0.00424933433532715 -0.337738037109375 -0.276031494140625
0.00107765197753906 0.00142836570739746 -0.328460693359375 0.11163330078125
0.00823879241943359 -0.00326442718505859 -0.111587524414063 0.22747802734375
0.00164270401000977 -0.00748014450073242 0.100067138671875 0.160781860351562
0.00463676452636719 -0.0130138397216797 0.1771240234375 0.0208740234375
0.0142822265625 -0.0130043029785156 -0.186721801757813 -0.03399658203125
0.00594758987426758 0.00172901153564453 -0.0878753662109375 -0.156570434570313
0.0117712020874023 -0.00539302825927734 0.138565063476563 -0.220016479492187
0.00352931022644043 0.0040130615234375 0.362579345703125 -0.070892333984375
-0.0174741744995117 0.00983715057373047 0.295501708984375 0.313629150390625
-0.00988006591796875 -0.00662326812744141 -0.056427001953125 0.47552490234375
0.00178241729736328 0.0131978988647461 -0.24493408203125 0.253936767578125
0.00902080535888672 0.0092010498046875 0.0175590515136719 0.0289363861083984
0.00902843475341797 0.00788211822509766 0.278244018554688 -0.25604248046875
0.0115461349487305 -0.00114727020263672 0.04791259765625 -0.506256103515625
0.00117826461791992 0.00136935710906982 -0.343017578125 -0.265106201171875
-0.000183820724487305 0.0023343563079834 -0.323944091796875 0.119598388671875
0.00726413726806641 -0.00144004821777344 -0.104598999023438 0.226181030273438
0.00141572952270508 -0.00577497482299805 0.1024169921875 0.159194946289063
0.00522518157958984 -0.00926494598388672 0.180191040039062 0.0188140869140625
0.0142650604248047 -0.00629997253417969 -0.185577392578125 -0.032928466796875
0.00663423538208008 0.00546073913574219 -0.0844573974609375 -0.156753540039062
0.0114545822143555 -0.00174999237060547 0.142730712890625 -0.21673583984375
0.0014491081237793 0.00372076034545898 0.3658447265625 -0.06494140625
-0.0184059143066406 0.00429916381835938 0.292877197265625 0.318145751953125
-0.00661277770996093 -0.0133075714111328 -0.06585693359375 0.474639892578125
0.00908374786376953 0.00998401641845703 -0.246673583984375 0.250961303710938
0.0179958343505859 0.00782203674316406 0.0189113616943359 0.0260295867919922
0.0136852264404297 0.00200366973876953 0.277755737304688 -0.2598876953125
0.0142383575439453 -0.00751686096191406 0.0394287109375 -0.5081787109375
-0.000568389892578125 -0.0025169849395752 -0.3477783203125 -0.2567138671875
-0.00113153457641602 0.00258755683898926 -0.319488525390625 0.125946044921875
0.00518035888671875 0.000863552093505859 -0.0997772216796875 0.2294921875
0.00117325782775879 -0.00126266479492188 0.106033325195312 0.158660888671875
0.00493526458740234 -0.00449371337890625 0.1805419921875 0.019927978515625
0.0133342742919922 -0.00133419036865234 -0.186752319335938 -0.0339813232421875
0.00730419158935547 0.00835466384887695 -0.084930419921875 -0.157424926757813
0.0079345703125 0.00151300430297852 0.145233154296875 -0.216262817382813
-0.00155997276306152 0.00386214256286621 0.366607666015625 -0.063232421875
-0.0205631256103516 0.00101280212402344 0.290252685546875 0.323516845703125
-0.00437355041503906 -0.0209579467773438 -0.0694580078125001 0.474853515625
0.0154876708984375 0.00325298309326172 -0.248443603515625 0.248123168945312
0.0262584686279297 0.00666618347167969 0.0197200775146484 0.0267314910888672
0.0209941864013672 -0.00288772583007812 0.274612426757813 -0.259933471679688
0.0143671035766602 -0.0143775939941406 0.034637451171875 -0.505950927734375
-0.00203847885131836 -0.00591516494750977 -0.349029541015625 -0.25201416015625
-0.00362062454223633 0.00297832489013672 -0.319427490234375 0.127716064453125
0.00302767753601074 0.00291967391967773 -0.099700927734375 0.231246948242188
0.000970005989074707 0.00140225887298584 0.105972290039063 0.15899658203125
0.00491476058959961 0.000663280487060547 0.181015014648438 0.01898193359375
0.0141668319702148 0.00193977355957031 -0.187362670898438 -0.0330657958984375
0.00808811187744141 0.0111494064331055 -0.0841217041015625 -0.155746459960938
0.00758790969848633 0.00157499313354492 0.143707275390625 -0.215576171875
-0.00345277786254883 0.00513076782226563 0.363983154296875 -0.060302734375
-0.0213394165039063 -0.00232505798339844 0.2896728515625 0.32257080078125
-5.91278076171857E-05 -0.0258731842041016 -0.069793701171875 0.47406005859375
0.0215320587158203 -3.0517578125E-05 -0.25030517578125 0.249191284179687
0.0343971252441406 0.00320243835449219 0.0167503356933594 0.0275440216064453
0.0277137756347656 -0.00798797607421875 0.27532958984375 -0.2576904296875
0.0171623229980469 -0.0203418731689453 0.0386962890625001 -0.50457763671875
-0.00247097015380859 -0.00943183898925781 -0.348876953125 -0.25335693359375
-0.00535345077514648 0.00358152389526367 -0.320220947265625 0.12847900390625
0.00123977661132812 0.00496768951416016 -0.100982666015625 0.229888916015625
0.000454902648925781 0.00478076934814453 0.106918334960938 0.159194946289063
0.00419259071350098 0.00258398056030273 0.180816650390625 0.01776123046875
0.0136318206787109 0.00544929504394531 -0.1876220703125 -0.033843994140625
0.00869846343994141 0.01165771484375 -0.0855560302734375 -0.152267456054688
0.00580883026123047 0.00351142883300781 0.140548706054688 -0.215652465820313
-0.0042724609375 0.00464582443237305 0.36029052734375 -0.06427001953125
-0.0211620330810547 -0.0044708251953125 0.292236328125 0.3179931640625
0.000394821166992187 -0.0290412902832031 -0.064361572265625 0.477996826171875
0.02703857421875 -0.00517845153808594 -0.2525634765625 0.252960205078125
0.0409812927246094 0.001495361328125 0.0114307403564453 0.0301971435546875
0.0330562591552734 -0.0117149353027344 0.273117065429687 -0.251678466796875
0.0179424285888672 -0.025146484375 0.04302978515625 -0.5032958984375
-0.00525474548339844 -0.012537956237793 -0.345672607421875 -0.258026123046875
-0.00545310974121094 0.00392961502075195 -0.32342529296875 0.12353515625
0.00274085998535156 0.00563526153564453 -0.105865478515625 0.2294921875
0.000813961029052734 0.00560903549194336 0.105026245117187 0.162338256835938
0.00472068786621094 0.00639724731445313 0.180496215820312 0.019500732421875
0.0141372680664062 0.00692653656005859 -0.184890747070313 -0.032379150390625
0.00843238830566406 0.0116004943847656 -0.0885772705078125 -0.152801513671875
0.00716114044189453 0.00290441513061523 0.134658813476563 -0.217361450195313
-0.00424766540527344 0.00422930717468262 0.35675048828125 -0.072723388671875
-0.021728515625 -0.00626373291015625 0.297027587890625 0.31219482421875
0.000881195068359378 -0.0315647125244141 -0.055389404296875 0.4808349609375
0.0302524566650391 -0.00649452209472656 -0.25238037109375 0.262176513671875
0.0470390319824219 0.0012664794921875 0.00314712524414063 0.0334529876708984
0.036651611328125 -0.0143699645996094 0.273361206054688 -0.245590209960937
0.0198802947998047 -0.0262584686279297 0.0531311035156251 -0.500579833984375
-0.00460147857666016 -0.0128030776977539 -0.3427734375 -0.266204833984375
-0.00663566589355469 0.00288486480712891 -0.327850341796875 0.11663818359375
0.00173854827880859 0.00782680511474609 -0.111740112304688 0.22955322265625
0.00273704528808594 0.00569534301757813 0.101715087890625 0.163467407226563
0.00599861145019531 0.00790071487426758 0.180740356445312 0.02044677734375
0.0155181884765625 -0.0180110931396484 -0.185638427734375 -0.0298614501953125
0.0045623779296875 -0.00329446792602539 -0.0960845947265625 -0.150390625
0.0139322280883789 -0.0113058090209961 0.122695922851563 -0.221237182617188
0.00535488128662109 0.00343751907348633 0.350494384765625 -0.09051513671875
-0.0151891708374023 0.0161285400390625 0.310791015625 0.291290283203125
-0.0124368667602539 0.00325870513916016 -0.031341552734375 0.4755859375
-0.004638671875 0.0188007354736328 -0.238433837890625 0.27032470703125
-0.000533103942871094 0.0116853713989258 0.00323867797851562 0.0362396240234375
0.000819206237792968 0.0134296417236328 0.2762451171875 -0.23907470703125
0.0100317001342773 0.00723934173583984 0.06805419921875 -0.50372314453125
0.00337648391723633 0.00732994079589844 -0.332855224609375 -0.281494140625
0.00259065628051758 0.00124931335449219 -0.33050537109375 0.10491943359375
0.00988101959228516 -0.00476741790771484 -0.116302490234375 0.22271728515625
0.00140857696533203 -0.0105533599853516 0.096954345703125 0.161117553710938
0.00486660003662109 -0.0146102905273438 0.176956176757813 0.0200042724609375
0.0149335861206055 -0.0150928497314453 -0.185440063476563 -0.0303497314453125
0.00553226470947266 -0.00101757049560547 -0.0915069580078125 -0.153411865234375
0.0127296447753906 -0.00855445861816406 0.130462646484375 -0.219085693359375
0.00457286834716797 0.00344753265380859 0.35675048828125 -0.08050537109375
-0.0162897109985352 0.0133581161499023 0.303070068359375 0.301849365234375
-0.0105314254760742 -0.000606536865234374 -0.043975830078125 0.4754638671875
-0.00211048126220703 0.0165805816650391 -0.240585327148438 0.261260986328125
0.00227642059326172 0.0109586715698242 0.0111808776855469 0.0319461822509766
0.00388431549072266 0.0111980438232422 0.276443481445313 -0.24896240234375
0.0108613967895508 0.00288772583007813 0.055511474609375 -0.50604248046875
0.0025942325592041 0.00421476364135742 -0.336761474609375 -0.27130126953125
0.000927567481994629 0.00168049335479736 -0.324432373046875 0.11328125
0.00869607925415039 -0.00304317474365234 -0.109909057617188 0.22613525390625
0.00126361846923828 -0.00832843780517578 0.101104736328125 0.158065795898438
0.00407028198242187 -0.0127544403076172 0.17718505859375 0.019073486328125
0.0155229568481445 -0.0114021301269531 -0.186264038085938 -0.031646728515625
0.00536298751831055 0.00247097015380859 -0.08831787109375 -0.154434204101563
0.0117607116699219 -0.00639629364013672 0.136611938476563 -0.218917846679688
0.00224733352661133 0.00358247756958008 0.36041259765625 -0.072601318359375
-0.017608642578125 0.00977897644042969 0.297637939453125 0.31024169921875
-0.00893115997314453 -0.00684261322021485 -0.053955078125 0.47369384765625
0.00274372100830078 0.013279914855957 -0.24200439453125 0.25433349609375
0.00891780853271484 0.00919723510742187 0.0167083740234375 0.0289115905761719
0.00825119018554688 0.00676393508911133 0.274932861328125 -0.255111694335938
0.0117988586425781 -0.00251197814941406 0.04400634765625 -0.505126953125
0.00223135948181152 0.00142788887023926 -0.343475341796875 -0.259796142578125
-0.000906586647033691 0.00151312351226807 -0.320648193359375 0.1209716796875
0.00707674026489258 -0.00173330307006836 -0.102279663085938 0.227447509765625
0.000674724578857422 -0.00463581085205078 0.104324340820312 0.1585693359375
0.00451183319091797 -0.00939846038818359 0.178497314453125 0.0180511474609375
0.0150518417358398 -0.00729846954345703 -0.1856689453125 -0.0317535400390625
0.00653934478759766 0.00587224960327148 -0.0857696533203125 -0.154586791992188
0.0104446411132813 -0.002197265625 0.140167236328125 -0.217681884765625
0.000270366668701172 0.00351691246032715 0.36297607421875 -0.06744384765625
-0.0186786651611328 0.00474166870117187 0.292510986328125 0.315887451171875
-0.00595378875732422 -0.0125923156738281 -0.06103515625 0.47332763671875
0.00872230529785156 0.00896072387695312 -0.2437744140625 0.250503540039063
0.0167446136474609 0.00714588165283203 0.0206108093261719 0.0265636444091797
0.0139913558959961 0.00189018249511719 0.274795532226563 -0.259841918945313
0.0131072998046875 -0.00819301605224609 0.0367431640625 -0.50537109375
2.64644622802737E-05 -0.0024712085723877 -0.34674072265625 -0.252838134765625
-0.00198030471801758 0.00213778018951416 -0.316864013671875 0.12548828125
0.00513601303100586 0.00107908248901367 -0.0983428955078125 0.229095458984375
0.00101947784423828 -0.00114262104034424 0.105758666992187 0.157150268554688
0.00442028045654297 -0.00503778457641602 0.179153442382812 0.0168609619140625
0.014836311340332 -0.00299453735351563 -0.185714721679688 -0.0321197509765625
0.00656938552856445 0.00869512557983399 -0.0842437744140625 -0.1552734375
0.00843572616577148 5.24520874023438E-06 0.1429443359375 -0.216766357421875
-0.00171709060668945 0.00409841537475586 0.3636474609375 -0.063079833984375
-0.0191383361816406 0.000446319580078123 0.28997802734375 0.319244384765625
-0.00303268432617187 -0.0198993682861328 -0.06683349609375 0.47283935546875
0.0158758163452148 0.00342655181884766 -0.246444702148438 0.248291015625
0.0258522033691406 0.00539016723632812 0.0209312438964844 0.0266571044921875
0.0209712982177734 -0.00324630737304688 0.272003173828125 -0.26080322265625
0.0150823593139648 -0.015070915222168 0.031524658203125 -0.504425048828125
-0.0016169548034668 -0.0071563720703125 -0.349395751953125 -0.249755859375
-0.0041508674621582 0.00253033638000488 -0.31695556640625 0.128692626953125
0.00348711013793945 0.00313568115234375 -0.0978851318359375 0.230194091796875
0.000807762145996094 0.00236034393310547 0.107513427734375 0.1585693359375
0.00498390197753906 -0.000308990478515625 0.179595947265625 0.0182037353515625
0.0141916275024414 0.00129890441894531 -0.185775756835938 -0.0311126708984375
0.0078125 0.0105085372924805 -0.08477783203125 -0.153350830078125
0.00717592239379883 0.00176477432250977 0.141342163085938 -0.215606689453125
-0.00413227081298828 0.00440311431884766 0.3603515625 -0.062408447265625
-0.0204620361328125 -0.0033721923828125 0.28936767578125 0.3192138671875
-0.000246047973632814 -0.0257511138916016 -0.067352294921875 0.47344970703125
0.0225734710693359 -0.000761032104492187 -0.248550415039063 0.249221801757812
0.0339221954345703 0.00326728820800781 0.0173473358154297 0.0277004241943359
0.0272388458251953 -0.0092010498046875 0.272018432617188 -0.2579345703125
0.0164852142333984 -0.0210399627685547 0.034332275390625 -0.501922607421875
-0.00354480743408203 -0.0101070404052734 -0.34832763671875 -0.249725341796875
-0.00477457046508789 0.00290822982788086 -0.3167724609375 0.12774658203125
0.00132894515991211 0.00530529022216797 -0.0996246337890625 0.229766845703125
0.000967025756835937 0.004547119140625 0.106536865234375 0.157958984375
0.00481462478637695 0.00355672836303711 0.179779052734375 0.0176544189453125
0.0144405364990234 0.00433826446533203 -0.1864013671875 -0.031524658203125
0.00839900970458985 0.0126953125 -0.0871429443359375 -0.152297973632812
0.00640201568603516 0.00325298309326172 0.137969970703125 -0.21588134765625
-0.00418210029602051 0.00426483154296875 0.3577880859375 -0.065948486328125
-0.0214519500732422 -0.00457191467285156 0.29302978515625 0.314849853515625
0.000684738159179688 -0.0293846130371094 -0.06134033203125 0.47430419921875
0.02667236328125 -0.00435256958007812 -0.25 0.253555297851562
0.0409584045410156 0.00144195556640625 0.0118656158447266 0.0305328369140625
0.0330753326416016 -0.0121116638183594 0.2703857421875 -0.250625610351563
0.0185909271240234 -0.024810791015625 0.04071044921875 -0.49993896484375
-0.00479507446289062 -0.0116968154907227 -0.344879150390625 -0.2537841796875
-0.00736522674560547 0.00357484817504883 -0.32037353515625 0.1239013671875
0.00143861770629883 0.00670480728149414 -0.10430908203125 0.22955322265625
0.00153112411499024 0.005645751953125 0.105819702148438 0.15985107421875
0.00544023513793945 0.00631809234619141 0.180328369140625 0.0183868408203125
0.0147066116333008 0.00580024719238281 -0.185226440429687 -0.0311431884765625
0.00850963592529297 0.0115375518798828 -0.0897369384765625 -0.149887084960938
0.00641441345214844 0.00261878967285156 0.133193969726563 -0.21685791015625
-0.00461721420288086 0.00457191467285156 0.354095458984375 -0.072906494140625
-0.0222702026367187 -0.00503730773925781 0.297119140625 0.308074951171875
-3.81469726562208E-06 -0.0310211181640625 -0.05352783203125 0.4783935546875
0.0301303863525391 -0.0069122314453125 -0.249053955078125 0.261474609375
0.045989990234375 0.000354766845703125 0.00349044799804688 0.0331630706787109
0.0365180969238281 -0.0141487121582031 0.270553588867188 -0.244796752929688
0.0189952850341797 -0.0261173248291016 0.0493469238281251 -0.49835205078125
-0.00441265106201172 -0.0125207901000977 -0.34197998046875 -0.262481689453125
-0.0068354606628418 0.00251054763793945 -0.325531005859375 0.118896484375
0.001953125 0.00723075866699219 -0.109695434570313 0.229415893554688
0.00145053863525391 0.00578498840332031 0.101593017578125 0.161468505859375
0.00529575347900391 0.00740575790405273 0.17901611328125 0.0199737548828125
0.0157756805419922 -0.0179271697998047 -0.18414306640625 -0.0272979736328125
0.00492572784423828 -0.00302886962890625 -0.0959930419921875 -0.149444580078125
0.0134124755859375 -0.0104007720947266 0.120758056640625 -0.220565795898438
0.00575637817382813 0.00391435623168945 0.348419189453125 -0.09130859375
-0.0149335861206055 0.0164384841918945 0.310455322265625 0.287567138671875
-0.0110874176025391 0.00333499908447266 -0.0279235839843749 0.472900390625
-0.00462150573730469 0.0187397003173828 -0.23681640625 0.269943237304687
-0.000926971435546875 0.0111856460571289 0.00263214111328125 0.0366325378417969
0.0008392333984375 0.0129451751708984 0.273025512695313 -0.238616943359375
0.00971031188964844 0.00754833221435547 0.06573486328125 -0.5010986328125
0.00323915481567383 0.00786304473876953 -0.332000732421875 -0.278533935546875
0.0022125244140625 0.00112605094909668 -0.328338623046875 0.105560302734375
0.0102262496948242 -0.00526046752929688 -0.114608764648437 0.223068237304688
0.00147342681884766 -0.0103883743286133 0.0975494384765625 0.159393310546875
0.00420475006103516 -0.0151596069335938 0.176193237304687 0.01904296875
0.0152883529663086 -0.015934944152832 -0.184524536132813 -0.028106689453125
0.00431084632873535 -0.000374794006347656 -0.09149169921875 -0.151565551757813
0.0130891799926758 -0.00749111175537109 0.128463745117188 -0.219223022460938
0.00429105758666992 0.00400090217590332 0.352508544921875 -0.0828857421875
-0.0157651901245117 0.0134305953979492 0.303131103515625 0.298431396484375
-0.0109405517578125 -0.000892639160156252 -0.04168701171875 0.47406005859375
-0.00196552276611328 0.0168933868408203 -0.23797607421875 0.261749267578125
0.00261306762695312 0.0106697082519531 0.0113315582275391 0.0319919586181641
0.00365352630615234 0.0109691619873047 0.274215698242188 -0.248123168945312
0.0102138519287109 0.00357246398925781 0.053192138671875 -0.502532958984375
0.00258541107177734 0.00403618812561035 -0.336029052734375 -0.269500732421875
0.00139307975769043 0.00134265422821045 -0.32257080078125 0.11431884765625
0.00853586196899414 -0.00330209732055664 -0.107833862304688 0.224807739257813
0.00108146667480469 -0.00751113891601563 0.101593017578125 0.157073974609375
0.00419998168945312 -0.0125179290771484 0.176193237304688 0.0173492431640625
0.0153274536132813 -0.0117788314819336 -0.18487548828125 -0.0305328369140625
0.00483894348144531 0.00316953659057617 -0.088531494140625 -0.152587890625
0.0116262435913086 -0.00536346435546875 0.133865356445313 -0.218338012695312
0.00261330604553223 0.00387120246887207 0.35748291015625 -0.073883056640625
-0.0165090560913086 0.0094451904296875 0.29693603515625 0.30609130859375
-0.00828409194946289 -0.00620174407958985 -0.050811767578125 0.471588134765625
0.00281047821044922 0.0131235122680664 -0.2392578125 0.253707885742188
0.00832271575927734 0.00912857055664063 0.0175495147705078 0.0283470153808594
0.00847530364990234 0.00671768188476563 0.272613525390625 -0.254119873046875
0.0120840072631836 -0.00261402130126953 0.041046142578125 -0.5032958984375
0.00173544883728027 0.00132524967193604 -0.342041015625 -0.25830078125
-0.000188469886779785 0.00129997730255127 -0.318145751953125 0.1220703125
0.00648307800292969 -0.00128650665283203 -0.101348876953125 0.226043701171875
0.000833988189697266 -0.0044097900390625 0.104095458984375 0.156143188476563
0.00459861755371094 -0.00903892517089844 0.17730712890625 0.0169525146484375
0.01409912109375 -0.00701332092285156 -0.184616088867188 -0.02911376953125
0.00606632232666016 0.00626420974731445 -0.0864105224609375 -0.152435302734375
0.00965213775634766 -0.00263881683349609 0.137451171875 -0.21746826171875
-0.000121355056762695 0.00379800796508789 0.36053466796875 -0.068817138671875
-0.0176467895507813 0.00515937805175782 0.29327392578125 0.312164306640625
-0.00564765930175781 -0.0127811431884766 -0.06097412109375 0.47003173828125
0.00872039794921875 0.0083165168762207 -0.2415771484375 0.250213623046875
0.016383171081543 0.00698947906494141 0.0203189849853516 0.0265293121337891
0.0140972137451172 0.00180721282958984 0.270950317382813 -0.258987426757813
0.0133533477783203 -0.00848388671875 0.035003662109375 -0.501983642578125
0.000517129898071289 -0.00337505340576172 -0.346343994140625 -0.25054931640625
-0.00219106674194336 0.00209367275238037 -0.314910888671875 0.1265869140625
0.00537014007568359 0.00144147872924805 -0.09686279296875 0.227676391601562
9.45329666137695E-05 -0.00111854076385498 0.106857299804688 0.155487060546875
0.0038299560546875 -0.0046229362487793 0.178253173828125 0.0157318115234375
0.0156679153442383 -0.00345897674560547 -0.185440063476563 -0.0300750732421875
0.00725078582763672 0.00920391082763672 -0.0853729248046875 -0.153228759765625
0.00796890258789062 6.34193420410156E-05 0.140289306640625 -0.217239379882813
-0.00266075134277344 0.00458574295043945 0.360748291015625 -0.065277099609375
-0.0193080902099609 0.000865936279296875 0.291656494140625 0.31646728515625
-0.00278282165527344 -0.0188655853271484 -0.0645751953125 0.47003173828125
0.0161571502685547 0.00346279144287109 -0.24346923828125 0.247802734375
0.0255680084228516 0.00490570068359375 0.0203266143798828 0.0261955261230469
0.0203742980957031 -0.00455284118652344 0.26971435546875 -0.259384155273438
0.0145406723022461 -0.014988899230957 0.03045654296875 -0.5008544921875
-0.00177431106567383 -0.00636434555053711 -0.34844970703125 -0.245849609375
-0.00441980361938476 0.00277042388916016 -0.3143310546875 0.129302978515625
0.00375890731811523 0.00333118438720703 -0.096282958984375 0.228927612304688
0.00088047981262207 0.00246429443359375 0.10784912109375 0.156356811523438
0.00473880767822266 -0.000863075256347656 0.1788330078125 0.0170135498046875
0.0150489807128906 0.00129604339599609 -0.184951782226563 -0.028900146484375
0.0091705322265625 0.0103721618652344 -0.0851593017578125 -0.151702880859375
0.0070490837097168 0.00223827362060547 0.1385498046875 -0.214767456054687
-0.00393342971801758 0.00444602966308594 0.358856201171875 -0.0643310546875
-0.0203838348388672 -0.00185585021972657 0.289520263671875 0.3157958984375
-0.000858306884765622 -0.0251483917236328 -0.064056396484375 0.471038818359375
0.0226898193359375 -0.000864028930664063 -0.2457275390625 0.249603271484375
0.033782958984375 0.00281333923339844 0.0175018310546875 0.0274124145507813
0.0275669097900391 -0.00881195068359375 0.26898193359375 -0.2567138671875
0.0166645050048828 -0.0206394195556641 0.032958984375 -0.499053955078125
-0.00259017944335937 -0.010004997253418 -0.3466796875 -0.247528076171875
-0.00499296188354492 0.00293922424316406 -0.31390380859375 0.129058837890625
0.00211286544799805 0.00581073760986328 -0.0977783203125 0.228622436523437
0.00128006935119629 0.0043787956237793 0.107376098632813 0.1563720703125
0.00483083724975586 0.00361919403076172 0.177978515625 0.0163421630859375
0.0144252777099609 0.00431156158447266 -0.185226440429688 -0.029449462890625
0.00827980041503906 0.0115013122558594 -0.0865478515625 -0.1510009765625
0.00653219223022461 0.00303173065185547 0.13525390625 -0.216567993164062
-0.00476980209350586 0.00413942337036133 0.35565185546875 -0.06689453125
-0.0208854675292969 -0.00473213195800781 0.29290771484375 0.312042236328125
0.000942230224609372 -0.0289974212646484 -0.059478759765625 0.47198486328125
0.0279197692871094 -0.00463294982910156 -0.247039794921875 0.253372192382813
0.0411949157714844 0.00138473510742188 0.0116462707519531 0.02923583984375
0.0329742431640625 -0.0122146606445313 0.2684326171875 -0.251724243164063
0.0176486968994141 -0.0246562957763672 0.03790283203125 -0.49700927734375
-0.00388240814208984 -0.0121183395385742 -0.34503173828125 -0.251434326171875
-0.00609350204467773 0.00304031372070313 -0.318695068359375 0.125579833984375
0.00183534622192383 0.00673961639404297 -0.102813720703125 0.2293701171875
0.00164651870727539 0.00637292861938477 0.1060791015625 0.158432006835938
0.00433206558227539 0.00548219680786133 0.179840087890625 0.017486572265625
0.0150346755981445 0.00595951080322266 -0.183914184570312 -0.0284423828125
0.00881099700927735 0.0114345550537109 -0.090179443359375 -0.148773193359375
0.00670289993286133 0.0037083625793457 0.130508422851563 -0.216598510742187
-0.00461959838867187 0.00381565093994141 0.35186767578125 -0.074981689453125
-0.0217170715332031 -0.00475692749023438 0.2974853515625 0.305328369140625
0.000642776489257815 -0.0308914184570313 -0.050048828125 0.476043701171875
0.0302505493164063 -0.00751876831054688 -0.246841430664063 0.26116943359375
0.0450935363769531 -0.0002288818359375 0.00385284423828125 0.0337657928466797
0.0366172790527344 -0.0138435363769531 0.267898559570313 -0.245101928710938
0.0185050964355469 -0.0260887145996094 0.04595947265625 -0.495391845703125
-0.00432205200195313 -0.0120315551757813 -0.342041015625 -0.26043701171875
-0.0075531005859375 0.00293779373168945 -0.323272705078125 0.120025634765625
0.00253105163574219 0.0069117546081543 -0.10821533203125 0.227951049804688
0.00153112411499023 0.0060582160949707 0.101943969726562 0.160446166992188
0.00568866729736328 0.00751876831054688 0.17864990234375 0.01873779296875
0.0157279968261719 -0.0178432464599609 -0.183120727539063 -0.0266265869140625
0.00504493713378906 -0.00293779373168945 -0.09698486328125 -0.147842407226563
0.0128822326660156 -0.0100336074829102 0.11944580078125 -0.220626831054687
0.00563240051269531 0.00437021255493164 0.3460693359375 -0.093048095703125
-0.0152053833007813 0.0168628692626953 0.309478759765625 0.28472900390625
-0.0111322402954102 0.00296115875244141 -0.02545166015625 0.472625732421875
-0.0040435791015625 0.0177097320556641 -0.2344970703125 0.268783569335938
-0.000565528869628907 0.0113534927368164 0.00307464599609375 0.0359764099121094
0.000899314880371093 0.0131797790527344 0.272018432617188 -0.236328125
0.00961494445800781 0.00625514984130859 0.06451416015625 -0.498382568359375
0.00391960144042969 0.00678920745849609 -0.330352783203125 -0.276824951171875
0.00201451778411865 0.000938177108764648 -0.3253173828125 0.10662841796875
0.00951957702636719 -0.00465297698974609 -0.113433837890625 0.22186279296875
0.00122261047363281 -0.00999259948730469 0.0977020263671875 0.157211303710938
0.00400257110595703 -0.0144023895263672 0.175140380859375 0.019195556640625
0.015376091003418 -0.0155248641967773 -0.183700561523438 -0.02642822265625
0.00514078140258789 0.000263690948486328 -0.0920257568359375 -0.150192260742188
0.0122385025024414 -0.00804233551025391 0.126419067382812 -0.219146728515625
0.0043940544128418 0.00409221649169922 0.35162353515625 -0.084228515625
-0.0149545669555664 0.0138139724731445 0.302581787109375 0.29583740234375
-0.00998687744140625 -0.000188827514648439 -0.040313720703125 0.471038818359375
-0.00200462341308594 0.0165596008300781 -0.235260009765625 0.26019287109375
0.002166748046875 0.0112724304199219 0.0115985870361328 0.0318813323974609
0.00410938262939453 0.010746955871582 0.27154541015625 -0.247970581054688
0.0105772018432617 0.00375843048095703 0.051727294921875 -0.5001220703125
0.00307798385620117 0.00472259521484375 -0.3349609375 -0.26593017578125
0.00134217739105225 0.00119531154632568 -0.3212890625 0.114501953125
0.00857830047607422 -0.00351238250732422 -0.106277465820313 0.223983764648438
0.00115346908569336 -0.0080714225769043 0.101974487304688 0.155426025390625
0.00411510467529297 -0.0124053955078125 0.17535400390625 0.0174560546875
0.0161046981811523 -0.0119228363037109 -0.184051513671875 -0.0276336669921875
0.00555324554443359 0.00212764739990234 -0.0896759033203125 -0.151473999023438
0.0111293792724609 -0.00548458099365234 0.132659912109375 -0.218017578125
0.00139474868774414 0.00408005714416504 0.35528564453125 -0.07513427734375
-0.0154762268066406 0.00931739807128906 0.296661376953125 0.30389404296875
-0.00765466690063477 -0.00584554672241211 -0.05084228515625 0.469390869140625
0.00376415252685547 0.0127878189086914 -0.237960815429688 0.253219604492187
0.00820446014404297 0.00893974304199219 0.0172634124755859 0.0287437438964844
0.00834512710571289 0.00653266906738281 0.271102905273438 -0.254425048828125
0.0114068984985352 -0.00234413146972656 0.04058837890625 -0.50018310546875
0.00179708003997803 0.000289797782897949 -0.34124755859375 -0.255889892578125
-0.000394463539123535 0.00166535377502441 -0.31658935546875 0.122406005859375
0.0070338249206543 -0.00179624557495117 -0.100830078125 0.226226806640625
0.000906944274902344 -0.0045323371887207 0.104324340820313 0.154754638671875
0.00477218627929688 -0.00922775268554688 0.176116943359375 0.0159759521484375
0.0153636932373047 -0.00775527954101563 -0.183670043945313 -0.027496337890625
0.00658416748046875 0.00579071044921875 -0.08612060546875 -0.15118408203125
0.0096282958984375 -0.00225257873535156 0.136993408203125 -0.217025756835938
-0.000155925750732422 0.00497293472290039 0.358642578125 -0.06884765625
-0.0181484222412109 0.00499725341796875 0.292724609375 0.309600830078125
-0.00569057464599609 -0.012664794921875 -0.0589599609375 0.468719482421875
0.00992870330810547 0.00808334350585938 -0.23974609375 0.250213623046875
0.0165367126464844 0.00745487213134766 0.0211677551269531 0.0268516540527344
0.0136795043945313 0.00168037414550781 0.267684936523438 -0.257858276367188
0.0136632919311523 -0.00863456726074219 0.0338745117187499 -0.500946044921875
1.43051147460935E-05 -0.00280165672302246 -0.345733642578125 -0.248138427734375
-0.00279879570007324 0.00157451629638672 -0.31298828125 0.1268310546875
0.00470781326293945 0.00109767913818359 -0.096435546875 0.22784423828125
0.000528067350387573 -0.000485628843307495 0.107208251953125 0.154098510742188
0.00372838973999023 -0.00426006317138672 0.176849365234375 0.0147552490234375
0.0148763656616211 -0.00302028656005859 -0.184478759765625 -0.028350830078125
0.00741386413574219 0.00885105133056641 -0.085479736328125 -0.150421142578125
0.00805950164794922 0.000710487365722656 0.138214111328125 -0.215911865234375
-0.00214171409606934 0.00381135940551758 0.35809326171875 -0.0657958984375
-0.0187721252441406 0.00162124633789063 0.290313720703125 0.313018798828125
-0.00311088562011719 -0.0195884704589844 -0.062469482421875 0.46771240234375
0.0160808563232422 0.00349235534667969 -0.240859985351563 0.247711181640625
0.0254135131835938 0.00421142578125 0.0205764770507812 0.0260143280029297
0.0200214385986328 -0.00418663024902344 0.267013549804688 -0.258438110351563
0.0145282745361328 -0.014801025390625 0.027801513671875 -0.4986572265625
-0.00168418884277344 -0.0064845085144043 -0.347015380859375 -0.244873046875
-0.00439453125 0.00264739990234375 -0.3123779296875 0.12896728515625
0.00301551818847656 0.00313711166381836 -0.09454345703125 0.228195190429687
0.000312328338623047 0.00295042991638184 0.1085205078125 0.154876708984375
0.00431632995605469 -0.000452518463134766 0.178466796875 0.0160064697265625
0.0152702331542969 0.00128078460693359 -0.184555053710938 -0.028076171875
0.00866985321044922 0.0112667083740234 -0.0853118896484375 -0.15118408203125
0.00714492797851562 0.00258398056030273 0.13763427734375 -0.215408325195313
-0.00369358062744141 0.00484371185302734 0.35626220703125 -0.06549072265625
-0.0200290679931641 -0.00203323364257812 0.2891845703125 0.31231689453125
-0.000289916992187502 -0.0249652862548828 -0.062744140625 0.4676513671875
0.0227642059326172 -0.00186538696289063 -0.244216918945313 0.248870849609375
0.0336132049560547 0.00288772583007813 0.0179233551025391 0.0267238616943359
0.0272979736328125 -0.00908660888671875 0.266937255859375 -0.256195068359375
0.0155467987060547 -0.0207595825195313 0.0312805175781249 -0.496337890625
-0.00333404541015625 -0.00945186614990234 -0.345611572265625 -0.24609375
-0.00498676300048828 0.00314950942993164 -0.31329345703125 0.129486083984375
0.00246143341064453 0.00595569610595703 -0.0967254638671875 0.227508544921875
0.00152921676635742 0.00484561920166016 0.107696533203125 0.15478515625
0.00415539741516113 0.00321197509765625 0.177322387695312 0.01513671875
0.0151882171630859 0.00333976745605469 -0.184722900390625 -0.0278778076171875
0.00842094421386719 0.0129604339599609 -0.0869903564453125 -0.149520874023437
0.00652122497558594 0.00324535369873047 0.133926391601563 -0.215606689453125
-0.00517749786376953 0.00507688522338867 0.353912353515625 -0.06805419921875
-0.0198440551757813 -0.00404167175292969 0.29248046875 0.30877685546875
0.00101661682128907 -0.0279884338378906 -0.057647705078125 0.47052001953125
0.0275497436523438 -0.00510025024414063 -0.244781494140625 0.253372192382813
0.04058837890625 0.00035858154296875 0.0124130249023438 0.02923583984375
0.0323715209960937 -0.0124187469482422 0.265411376953125 -0.250228881835937
0.0173072814941406 -0.0245304107666016 0.0382080078125 -0.495513916015625
-0.00395965576171875 -0.0118389129638672 -0.34356689453125 -0.249664306640625
-0.00620794296264648 0.00315523147583008 -0.3165283203125 0.1258544921875
0.0021815299987793 0.00664615631103516 -0.10174560546875 0.22796630859375
0.00200033187866211 0.00588893890380859 0.106948852539063 0.157562255859375
0.00539016723632813 0.00619268417358398 0.178375244140625 0.016845703125
0.0156402587890625 0.00527000427246094 -0.18304443359375 -0.0267333984375
0.00935935974121094 0.0118350982666016 -0.0903778076171875 -0.14727783203125
0.00649547576904297 0.00337362289428711 0.1280517578125 -0.216705322265625
-0.00531482696533203 0.00361919403076172 0.349273681640625 -0.076141357421875
-0.0211544036865234 -0.00382614135742187 0.297088623046875 0.30224609375
0.000614166259765623 -0.029937744140625 -0.0474853515625 0.473541259765625
0.0301570892333984 -0.00717353820800781 -0.245376586914062 0.2611083984375
0.0445442199707031 -0.000354766845703125 0.00371551513671875 0.0333614349365234
0.03631591796875 -0.0143203735351563 0.265914916992188 -0.2427978515625
0.0185737609863281 -0.0257167816162109 0.046234130859375 -0.49298095703125
-0.00494384765625 -0.0124807357788086 -0.340728759765625 -0.2576904296875
-0.00660371780395508 0.00274848937988281 -0.320892333984375 0.119537353515625
0.00143575668334961 0.00700998306274414 -0.106948852539063 0.228363037109375
0.00193309783935547 0.00621128082275391 0.102645874023438 0.157806396484375
0.00514936447143555 0.00817203521728516 0.177780151367187 0.017913818359375
0.0160598754882813 -0.0179786682128906 -0.183258056640625 -0.0251922607421875
0.00457382202148438 -0.00212001800537109 -0.09661865234375 -0.146682739257813
0.0131320953369141 -0.0109739303588867 0.11773681640625 -0.219924926757813
0.00536918640136719 0.00426530838012695 0.344757080078125 -0.09320068359375
-0.0143556594848633 0.0165166854858398 0.3096923828125 0.28314208984375
-0.0108556747436523 0.00304031372070312 -0.025390625 0.469329833984375
-0.00366020202636719 0.0183849334716797 -0.233016967773438 0.26800537109375
-0.00113773345947266 0.0110387802124023 0.00327301025390625 0.0362358093261719
0.00190162658691406 0.0130205154418945 0.270523071289063 -0.236724853515625
0.00936508178710938 0.00662899017333984 0.06341552734375 -0.497711181640625
0.00349760055541992 0.00689029693603516 -0.330078125 -0.2752685546875
0.00162887573242187 0.00127303600311279 -0.325286865234375 0.107025146484375
0.00954055786132813 -0.00460147857666016 -0.113006591796875 0.22149658203125
0.00120639801025391 -0.0102100372314453 0.09783935546875 0.157318115234375
0.00424003601074219 -0.0146408081054688 0.17425537109375 0.018218994140625
0.0154523849487305 -0.0160055160522461 -0.183807373046875 -0.0250244140625
0.00514316558837891 -0.000438690185546875 -0.0921630859375 -0.149169921875
0.0124092102050781 -0.00783920288085938 0.125045776367187 -0.218826293945313
0.00402688980102539 0.00423741340637207 0.349884033203125 -0.08392333984375
-0.0154953002929688 0.0139656066894531 0.3028564453125 0.293487548828125
-0.00961112976074219 -0.000266075134277345 -0.038421630859375 0.469573974609375
-0.00156211853027344 0.0160989761352539 -0.234817504882813 0.260025024414062
0.00252532958984375 0.0105743408203125 0.0109596252441406 0.0321769714355469
0.00330162048339844 0.0108022689819336 0.26995849609375 -0.246505737304688
0.00935459136962891 0.00317287445068359 0.0506286621093749 -0.498077392578125
0.00297403335571289 0.00460338592529297 -0.334625244140625 -0.26593017578125
0.00115597248077393 0.00132453441619873 -0.319915771484375 0.114288330078125
0.00898075103759766 -0.00266551971435547 -0.105804443359375 0.223464965820312
0.00110626220703125 -0.00774574279785156 0.101791381835938 0.1541748046875
0.00378131866455078 -0.0120315551757812 0.1746826171875 0.016143798828125
0.016209602355957 -0.0121660232543945 -0.183914184570313 -0.0261688232421875
0.00577402114868164 0.00293922424316406 -0.088592529296875 -0.149627685546875
0.0110406875610352 -0.00557136535644531 0.131118774414063 -0.2177734375
0.00168514251708984 0.00383973121643066 0.353607177734375 -0.07623291015625
-0.0164260864257812 0.0102348327636719 0.297882080078125 0.30145263671875
-0.00758934020996094 -0.00519514083862305 -0.0494384765625 0.466827392578125
0.00345611572265625 0.0127696990966797 -0.235626220703125 0.253189086914062
0.00847911834716797 0.008819580078125 0.0169105529785156 0.0287895202636719
0.00839090347290039 0.0063471794128418 0.26959228515625 -0.252166748046875
0.0113687515258789 -0.00245571136474609 0.0390930175781249 -0.49786376953125
0.00129163265228271 0.000995159149169922 -0.34088134765625 -0.254669189453125
-0.000376224517822266 0.00200784206390381 -0.31463623046875 0.121917724609375
0.00655937194824219 -0.00107192993164063 -0.0993804931640625 0.225173950195313
0.000729560852050782 -0.0045924186706543 0.105209350585938 0.15411376953125
0.00398492813110352 -0.00852680206298828 0.17584228515625 0.0156707763671875
0.0157709121704102 -0.00772285461425781 -0.18414306640625 -0.026336669921875
0.00691890716552734 0.00609207153320313 -0.08673095703125 -0.150558471679688
0.009490966796875 -0.00229072570800781 0.134780883789063 -0.216751098632813
-0.000806808471679687 0.00486230850219727 0.355438232421875 -0.0701904296875
-0.0173807144165039 0.00576400756835938 0.2919921875 0.307769775390625
-0.00539016723632813 -0.012537956237793 -0.056640625 0.46710205078125
0.00932788848876953 0.00845813751220703 -0.237777709960938 0.2493896484375
0.0164632797241211 0.00691413879394531 0.0205497741699219 0.0269775390625
0.0145692825317383 0.00181388854980469 0.267654418945312 -0.257492065429687
0.012415885925293 -0.00876712799072266 0.03167724609375 -0.49853515625
0.000474452972412109 -0.00289082527160644 -0.34442138671875 -0.246978759765625
-0.00204026699066162 0.00203180313110352 -0.311767578125 0.12677001953125
0.00493192672729492 0.00150156021118164 -0.09564208984375 0.226119995117187
0.000508010387420654 -0.000834941864013672 0.107086181640625 0.15289306640625
0.00399303436279297 -0.00437569618225098 0.176239013671875 0.0153656005859375
0.0161075592041016 -0.00307369232177734 -0.184219360351563 -0.02734375
0.00719451904296875 0.00932025909423828 -0.0851287841796875 -0.150848388671875
0.0077204704284668 0.000445365905761719 0.137008666992188 -0.216262817382812
-0.00198793411254883 0.00441884994506836 0.35675048828125 -0.06793212890625
-0.018402099609375 0.00203514099121094 0.289581298828125 0.310302734375
-0.00275230407714844 -0.0190486907958984 -0.061065673828125 0.46612548828125
0.0164680480957031 0.00367450714111328 -0.238906860351562 0.247589111328125
0.0254077911376953 0.00449562072753906 0.0202121734619141 0.0258598327636719
0.0204086303710938 -0.00405120849609375 0.265151977539063 -0.257720947265625
0.0140924453735352 -0.0147771835327148 0.02813720703125 -0.4969482421875
-0.00181770324707031 -0.00668096542358398 -0.346038818359375 -0.242095947265625
-0.00395345687866211 0.00211000442504883 -0.310882568359375 0.129364013671875
0.00379419326782227 0.003662109375 -0.093902587890625 0.227432250976563
0.000629425048828125 0.00237512588500977 0.108734130859375 0.153793334960938
0.00427532196044922 -0.000402688980102539 0.17706298828125 0.0153961181640625
0.0151214599609375 0.00105094909667969 -0.183624267578125 -0.026702880859375
0.00904464721679688 0.0115146636962891 -0.085601806640625 -0.149765014648438
0.00709152221679688 0.00253009796142578 0.13580322265625 -0.21527099609375
-0.00372219085693359 0.00436115264892578 0.353729248046875 -0.065521240234375
-0.0201511383056641 -0.00208663940429687 0.288330078125 0.310272216796875
-0.000610351562499998 -0.0250205993652344 -0.06158447265625 0.466033935546875
0.0227298736572266 -0.000787734985351563 -0.242111206054688 0.248611450195312
0.03387451171875 0.0024871826171875 0.017333984375 0.0273342132568359
0.0267333984375 -0.00891304016113281 0.266250610351563 -0.254165649414062
0.0152320861816406 -0.0208568572998047 0.03094482421875 -0.495635986328125
-0.00371551513671875 -0.0105533599853516 -0.3438720703125 -0.244598388671875
-0.00551319122314453 0.00287151336669922 -0.31085205078125 0.1287841796875
0.0027923583984375 0.00624608993530273 -0.096221923828125 0.227096557617188
0.00107908248901367 0.00484848022460938 0.108566284179688 0.153594970703125
0.00411128997802734 0.00359439849853516 0.176956176757813 0.0144500732421875
0.0154514312744141 0.00345706939697266 -0.183349609375 -0.026763916015625
0.00908088684082031 0.0123367309570313 -0.087677001953125 -0.14788818359375
0.00579833984375 0.00333166122436523 0.131881713867188 -0.215728759765625
-0.00511693954467773 0.00462865829467773 0.35125732421875 -0.0692138671875
-0.0202693939208984 -0.00360488891601562 0.291961669921875 0.30657958984375
0.00108909606933594 -0.0289096832275391 -0.05609130859375 0.467041015625
0.0273590087890625 -0.00539207458496094 -0.243392944335938 0.252914428710938
0.0399398803710938 0.0007781982421875 0.0119743347167969 0.0299224853515625
0.0314044952392578 -0.0123176574707031 0.264663696289063 -0.2489013671875
0.0170745849609375 -0.0249099731445313 0.036224365234375 -0.492462158203125
-0.00390052795410156 -0.0121231079101563 -0.34228515625 -0.248626708984375
-0.00590419769287109 0.00289058685302734 -0.314483642578125 0.125640869140625
0.00229024887084961 0.00672006607055664 -0.100051879882813 0.2279052734375
0.00156307220458984 0.00631856918334961 0.106552124023438 0.1552734375
0.00503110885620117 0.00620317459106445 0.177703857421875 0.0165252685546875
0.0156192779541016 0.00534820556640625 -0.18365478515625 -0.0260009765625
0.00876426696777344 0.0118656158447266 -0.0899505615234375 -0.146347045898438
0.0060272216796875 0.00359487533569336 0.1260986328125 -0.216278076171875
-0.00505447387695313 0.00496339797973633 0.347442626953125 -0.0760498046875
-0.0208053588867187 -0.00410079956054688 0.296478271484375 0.301513671875
0.000812530517578127 -0.0301990509033203 -0.048309326171875 0.47125244140625
0.0308914184570313 -0.00693702697753906 -0.243667602539063 0.259979248046875
0.0445976257324219 -0.00046539306640625 0.00426673889160157 0.0334606170654297
0.0358047485351563 -0.0143852233886719 0.2640380859375 -0.243118286132812
0.0183067321777344 -0.0262317657470703 0.0450439453125 -0.4918212890625
-0.00513172149658203 -0.0128068923950195 -0.3389892578125 -0.256622314453125
-0.00664329528808594 0.00241231918334961 -0.319854736328125 0.11993408203125
0.00208377838134766 0.00774431228637695 -0.1060791015625 0.226806640625
0.0018162727355957 0.00649547576904297 0.103073120117188 0.1568603515625
0.00570011138916016 0.00716209411621094 0.177139282226563 0.0172271728515625
0.0162277221679688 -0.0185966491699219 -0.1832275390625 -0.0240631103515625
0.00511932373046875 -0.0024867057800293 -0.0963287353515625 -0.1451416015625
0.0129909515380859 -0.0106201171875 0.116348266601563 -0.219741821289062
0.00484752655029297 0.00392961502075195 0.34429931640625 -0.09375
-0.0139837265014648 0.0168943405151367 0.3084716796875 0.2816162109375
-0.0106725692749023 0.00330066680908203 -0.024505615234375 0.46795654296875
-0.00374984741210937 0.0182037353515625 -0.231307983398438 0.267562866210938
-0.000648498535156251 0.0105857849121094 0.00312423706054688 0.0363693237304688
0.00105857849121094 0.0132389068603516 0.270263671875 -0.235824584960938
0.00936031341552734 0.00693035125732422 0.062744140625 -0.49517822265625
0.00362634658813477 0.00678491592407227 -0.328521728515625 -0.2747802734375
0.00245857238769531 0.000935077667236328 -0.323638916015625 0.106781005859375
0.00968742370605469 -0.00462818145751953 -0.112716674804688 0.221237182617188
0.00124073028564453 -0.00974941253662109 0.0983428955078125 0.155868530273438
0.00444698333740234 -0.0148029327392578 0.17352294921875 0.01824951171875
0.0159549713134766 -0.016383171081543 -0.1827392578125 -0.0247650146484375
0.00591135025024414 0.000321865081787109 -0.09246826171875 -0.147186279296875
0.0118894577026367 -0.00825309753417969 0.124099731445313 -0.218399047851563
0.00398612022399902 0.00436258316040039 0.348236083984375 -0.084381103515625
-0.01507568359375 0.0142707824707031 0.30133056640625 0.2908935546875
-0.00914478302001953 -7.82012939453142E-05 -0.038330078125 0.46759033203125
-0.00156116485595703 0.0161609649658203 -0.233688354492188 0.25946044921875
0.00216102600097656 0.0103340148925781 0.0111808776855469 0.0319881439208984
0.00364208221435547 0.0110063552856445 0.269378662109375 -0.245010375976563
0.0101947784423828 0.00312137603759766 0.050140380859375 -0.496490478515625
0.00305461883544922 0.00440120697021484 -0.33343505859375 -0.264862060546875
0.00150930881500244 0.00178885459899902 -0.317901611328125 0.114410400390625
0.00861310958862305 -0.00319337844848633 -0.105499267578125 0.223373413085938
0.000726699829101562 -0.00734472274780273 0.1014404296875 0.153732299804688
0.00409507751464844 -0.0121479034423828 0.173782348632812 0.0162506103515625
0.0161619186401367 -0.0119800567626953 -0.183151245117188 -0.025299072265625
0.00613307952880859 0.00319147109985352 -0.0894012451171875 -0.148788452148437
0.0105867385864258 -0.00518894195556641 0.129791259765625 -0.21722412109375
0.00126099586486816 0.00422143936157226 0.352935791015625 -0.0770263671875
-0.0164098739624023 0.0100278854370117 0.295684814453125 0.2999267578125
-0.0072932243347168 -0.00592756271362305 -0.04852294921875 0.46624755859375
0.00268077850341797 0.01220703125 -0.235092163085938 0.252471923828125
0.00791168212890625 0.00853538513183594 0.0171928405761719 0.0289554595947266
0.00813055038452148 0.00648117065429688 0.268234252929688 -0.25201416015625
0.0111112594604492 -0.00231552124023437 0.03997802734375 -0.496826171875
0.00165259838104248 0.000465035438537598 -0.34063720703125 -0.254486083984375
-0.000546336174011231 0.00118935108184814 -0.31402587890625 0.1224365234375
0.00701141357421875 -0.00134038925170898 -0.0989990234375 0.224945068359375
0.000741958618164063 -0.0044245719909668 0.105361938476562 0.152801513671875
0.00388431549072266 -0.0084686279296875 0.175186157226563 0.0152587890625
0.0156784057617188 -0.00771045684814453 -0.18377685546875 -0.02520751953125
0.00661754608154297 0.00626802444458008 -0.0867919921875 -0.14959716796875
0.00935268402099609 -0.00233840942382813 0.13385009765625 -0.21588134765625
-0.000482559204101562 0.004913330078125 0.354644775390625 -0.0714111328125
-0.0176925659179688 0.00605583190917969 0.29156494140625 0.306793212890625
-0.00520420074462891 -0.0124597549438477 -0.0576171875 0.46588134765625
0.00942420959472656 0.00806617736816406 -0.237060546875 0.248764038085937
0.0156764984130859 0.00668144226074219 0.0200614929199219 0.0264663696289063
0.0140790939331055 0.00157356262207031 0.266983032226562 -0.256393432617188
0.0125064849853516 -0.00875186920166016 0.03228759765625 -0.496429443359375
0.000146627426147461 -0.00353097915649414 -0.343292236328125 -0.24639892578125
-0.00243020057678223 0.00237512588500977 -0.310272216796875 0.12713623046875
0.00507164001464844 0.00155210494995117 -0.0948333740234375 0.226333618164063
0.000417530536651611 -0.000845253467559815 0.108306884765625 0.151840209960938
0.00423288345336914 -0.0045161247253418 0.175735473632812 0.0144500732421875
0.0160436630249023 -0.00358200073242188 -0.183502197265625 -0.026214599609375
0.0078582763671875 0.0095510482788086 -0.0852508544921875 -0.1492919921875
0.00773096084594726 0.000441551208496094 0.135650634765625 -0.215362548828125
-0.00244140625 0.0048370361328125 0.355865478515625 -0.068084716796875
-0.0182876586914063 0.00193405151367187 0.288665771484375 0.3089599609375
-0.00197601318359375 -0.0196857452392578 -0.0606689453125 0.465179443359375
0.0160207748413086 0.00313949584960937 -0.239013671875 0.246917724609375
0.0249748229980469 0.00435447692871094 0.0203742980957031 0.0261878967285156
0.0206050872802734 -0.00404739379882813 0.265151977539063 -0.256942749023438
0.0138320922851563 -0.0146541595458984 0.0276184082031249 -0.49578857421875
-0.00170278549194336 -0.00690507888793945 -0.344696044921875 -0.242706298828125
-0.00393438339233398 0.00218701362609863 -0.3095703125 0.129669189453125
0.00367426872253418 0.00391697883605957 -0.0940704345703125 0.226547241210938
0.00019681453704834 0.00181829929351807 0.109024047851563 0.152511596679688
0.00439548492431641 -0.000243663787841797 0.176834106445313 0.014984130859375
0.0155878067016602 0.000440597534179688 -0.1832275390625 -0.0254058837890625
0.00850868225097656 0.0108461380004883 -0.086151123046875 -0.148681640625
0.0069737434387207 0.00255918502807617 0.133926391601562 -0.21441650390625
-0.00400352478027344 0.00558090209960938 0.353515625 -0.06683349609375
-0.0190048217773438 -0.0019073486328125 0.28839111328125 0.30938720703125
0.000217437744140626 -0.0244255065917969 -0.06201171875 0.465301513671875
0.0224018096923828 -0.00160789489746094 -0.241104125976562 0.248458862304688
0.0329933166503906 0.00238609313964844 0.0177021026611328 0.0275192260742188
0.0266265869140625 -0.00867652893066406 0.26654052734375 -0.254928588867188
0.0151824951171875 -0.0201911926269531 0.0301818847656251 -0.49310302734375
-0.00337982177734375 -0.0098114013671875 -0.34393310546875 -0.24365234375
-0.00537490844726563 0.00290155410766602 -0.310760498046875 0.12945556640625
0.00279617309570312 0.00619745254516602 -0.095458984375 0.227020263671875
0.000736713409423828 0.00544023513793945 0.108047485351563 0.152923583984375
0.00451421737670898 0.00404644012451172 0.176681518554688 0.0150299072265625
0.0158452987670898 0.00334644317626953 -0.183731079101563 -0.025634765625
0.00978279113769531 0.0124807357788086 -0.087799072265625 -0.146774291992188
0.00596904754638672 0.00340127944946289 0.129867553710937 -0.215316772460938
-0.00521326065063477 0.00475549697875977 0.35028076171875 -0.069305419921875
-0.0205020904541016 -0.00298309326171875 0.291107177734375 0.30487060546875
0.00156402587890625 -0.0286064147949219 -0.05517578125 0.46612548828125
0.0271854400634766 -0.00527381896972656 -0.2413330078125 0.251983642578125
0.0399208068847656 0.00028228759765625 0.0115890502929688 0.0296573638916016
0.0318870544433594 -0.0128459930419922 0.26373291015625 -0.2484130859375
0.0172195434570313 -0.0238761901855469 0.034912109375 -0.49139404296875
-0.00451278686523438 -0.0118865966796875 -0.34124755859375 -0.2471923828125
-0.00617408752441406 0.0030980110168457 -0.313720703125 0.12615966796875
0.00216102600097656 0.00717782974243164 -0.099822998046875 0.227157592773438
0.00144338607788086 0.00649309158325195 0.106201171875 0.154556274414063
0.00547647476196289 0.00633668899536133 0.177413940429688 0.0157318115234375
0.0161304473876953 0.0051422119140625 -0.182540893554688 -0.02508544921875
0.00961875915527344 0.0120220184326172 -0.0898590087890625 -0.145294189453125
0.00584220886230469 0.00380039215087891 0.125396728515625 -0.216354370117188
-0.00481891632080078 0.00503015518188477 0.346435546875 -0.076141357421875
-0.0207366943359375 -0.00355720520019531 0.2947998046875 0.2996826171875
0.0010528564453125 -0.0306396484375 -0.047760009765625 0.470306396484375
0.0299415588378906 -0.00770759582519531 -0.242767333984375 0.259765625
0.0446510314941406 -0.0001983642578125 0.00383377075195313 0.0334644317626953
0.0351409912109375 -0.0141868591308594 0.262588500976563 -0.241561889648438
0.0183029174804688 -0.0262393951416016 0.045074462890625 -0.4903564453125
-0.00487899780273438 -0.0128269195556641 -0.33819580078125 -0.254791259765625
-0.00697088241577148 0.00289344787597656 -0.31866455078125 0.120849609375
0.00222349166870117 0.00772476196289063 -0.1055908203125 0.226333618164063
0.00140857696533203 0.00571489334106445 0.10345458984375 0.15625
0.00559139251708984 0.00815963745117188 0.176956176757813 0.01678466796875
0.0171146392822266 -0.0185012817382813 -0.182785034179688 -0.0229644775390625
0.00557851791381836 -0.00230121612548828 -0.097198486328125 -0.144699096679688
0.0129337310791016 -0.0100889205932617 0.115463256835938 -0.220077514648438
0.00485467910766602 0.00428676605224609 0.342926025390625 -0.09368896484375
-0.0137662887573242 0.0167961120605469 0.308441162109375 0.279693603515625
-0.0104970932006836 0.00322341918945313 -0.02520751953125 0.467376708984375
-0.00330162048339844 0.0177669525146484 -0.231094360351563 0.267425537109375
-0.00122928619384766 0.0109052658081055 0.00313568115234375 0.0364341735839844
0.00138473510742187 0.0131473541259766 0.269332885742188 -0.235733032226563
0.0092926025390625 0.00682926177978516 0.062957763671875 -0.495147705078125
0.00347757339477539 0.00701999664306641 -0.3284912109375 -0.27490234375
0.00165140628814697 0.000785470008850098 -0.32293701171875 0.10662841796875
0.00962638854980469 -0.00444793701171875 -0.112075805664063 0.220794677734375
0.000715255737304687 -0.0100011825561523 0.0987701416015625 0.155105590820313
0.00421047210693359 -0.0145540237426758 0.17401123046875 0.018035888671875
0.0162715911865234 -0.0158967971801758 -0.182449340820313 -0.0236968994140625
0.00592517852783203 0.000371456146240234 -0.092315673828125 -0.146865844726562
0.0115022659301758 -0.00838756561279297 0.122909545898438 -0.218093872070313
0.0036625862121582 0.00440549850463867 0.347900390625 -0.085357666015625
-0.014404296875 0.0143699645996094 0.30023193359375 0.290985107421875
-0.00908184051513672 -0.000177383422851561 -0.0380859375 0.46710205078125
-0.00156116485595703 0.0153560638427734 -0.233306884765625 0.259750366210938
0.00229072570800781 0.0101346969604492 0.01104736328125 0.0325050354003906
0.00392246246337891 0.0107040405273438 0.269683837890625 -0.244873046875
0.010035514831543 0.0034637451171875 0.05035400390625 -0.495849609375
0.00295448303222656 0.00418806076049805 -0.333740234375 -0.2640380859375
0.00118160247802734 0.00102639198303223 -0.317840576171875 0.11419677734375
0.00834894180297852 -0.00299215316772461 -0.10528564453125 0.222671508789063
0.000627994537353515 -0.00732040405273438 0.10223388671875 0.153091430664062
0.00377368927001953 -0.0121307373046875 0.174026489257813 0.016326904296875
0.0163230895996094 -0.0128793716430664 -0.183242797851563 -0.024322509765625
0.00625753402709961 0.00369739532470703 -0.0897979736328125 -0.148056030273438
0.0103769302368164 -0.00486946105957031 0.129165649414063 -0.217681884765625
0.00152111053466797 0.00465822219848633 0.35137939453125 -0.07763671875
-0.0153188705444336 0.0106077194213867 0.295013427734375 0.299285888671875
-0.00695466995239258 -0.00583696365356445 -0.049102783203125 0.464599609375
0.00358772277832031 0.0121097564697266 -0.234527587890625 0.252334594726563
0.00797080993652344 0.00890541076660156 0.0170555114746094 0.0288753509521484
0.00820827484130859 0.00656700134277344 0.267562866210938 -0.250762939453125
0.0113468170166016 -0.00205326080322266 0.0391845703125 -0.496002197265625
0.00155019760131836 0.000655531883239746 -0.33984375 -0.25360107421875
-0.000799417495727539 0.0016329288482666 -0.313018798828125 0.1221923828125
0.00694608688354492 -0.000782966613769531 -0.0986175537109375 0.224502563476563
0.000519275665283203 -0.00356459617614746 0.105316162109375 0.152816772460938
0.00376558303833008 -0.00853824615478516 0.175979614257812 0.01531982421875
0.0159578323364258 -0.00842189788818359 -0.182662963867188 -0.02435302734375
0.00706672668457031 0.00655889511108398 -0.0871429443359375 -0.149017333984375
0.00911521911621094 -0.00242519378662109 0.132675170898437 -0.216476440429687
-0.000749588012695312 0.0047764778137207 0.35418701171875 -0.071136474609375
-0.0168418884277344 0.00631427764892578 0.290985107421875 0.30517578125
-0.00497627258300781 -0.0120019912719727 -0.05645751953125 0.46441650390625
0.00957775115966797 0.00782680511474609 -0.236358642578125 0.248565673828125
0.0155220031738281 0.00629234313964844 0.0203990936279297 0.0272979736328125
0.0143117904663086 0.00111198425292969 0.266571044921875 -0.256118774414063
0.0122737884521484 -0.00870418548583984 0.031982421875 -0.495941162109375
-5.17368316650389E-05 -0.00300741195678711 -0.342437744140625 -0.2469482421875
-0.00201201438903809 0.00179779529571533 -0.310028076171875 0.12701416015625
0.00539827346801758 0.0014805793762207 -0.0951995849609375 0.226119995117188
0.000614762306213379 -0.000680923461914063 0.108184814453125 0.150726318359375
0.00415921211242676 -0.00437068939208984 0.17596435546875 0.0146484375
0.0163869857788086 -0.00375175476074219 -0.18310546875 -0.0250244140625
0.00812435150146484 0.00939846038818359 -0.0857086181640625 -0.148330688476563
0.00811100006103516 0.00037384033203125 0.134567260742188 -0.215545654296875
-0.00246238708496094 0.00471687316894531 0.35498046875 -0.067352294921875
-0.0181255340576172 0.0023345947265625 0.289764404296875 0.308929443359375
-0.0019683837890625 -0.0189552307128906 -0.06072998046875 0.462982177734375
0.0162973403930664 0.00241565704345703 -0.238021850585938 0.245697021484375
0.0244674682617188 0.00435447692871094 0.0206985473632812 0.0262985229492188
0.0205478668212891 -0.00423812866210938 0.264297485351563 -0.255767822265625
0.0134983062744141 -0.014801025390625 0.026824951171875 -0.494354248046875
-0.00177860260009766 -0.00679826736450195 -0.34405517578125 -0.241668701171875
-0.00369453430175781 0.00215315818786621 -0.309600830078125 0.12982177734375
0.00347518920898438 0.00416445732116699 -0.0933380126953125 0.2266845703125
0.000691652297973633 0.00234270095825195 0.108612060546875 0.151840209960938
0.00430202484130859 0.000288963317871094 0.177032470703125 0.0146026611328125
0.0163183212280273 -5.24520874023438E-05 -0.182876586914063 -0.0243682861328125
0.00900554656982422 0.0119838714599609 -0.0858917236328125 -0.148101806640625
0.00659751892089844 0.00278997421264648 0.133377075195313 -0.214004516601563
-0.0045466423034668 0.00511503219604492 0.352325439453125 -0.06689453125
-0.0188694000244141 -0.00115394592285156 0.28814697265625 0.30828857421875
-7.82012939453149E-05 -0.0246219635009766 -0.0615234375 0.46533203125
0.0227470397949219 -0.0020294189453125 -0.240478515625 0.24774169921875
0.03265380859375 0.00250434875488281 0.0174407958984375 0.0277748107910156
0.0264034271240234 -0.00875473022460938 0.263961791992188 -0.254119873046875
0.0151081085205078 -0.0204944610595703 0.030731201171875 -0.491943359375
-0.00304508209228516 -0.009765625 -0.342498779296875 -0.243682861328125
-0.00494050979614258 0.00261974334716797 -0.309906005859375 0.12896728515625
0.00277137756347656 0.00627756118774414 -0.095794677734375 0.226470947265625
0.000378131866455078 0.00486087799072266 0.108367919921875 0.152542114257812
0.00519132614135742 0.00416994094848633 0.176895141601563 0.0144500732421875
0.0163965225219727 0.00263881683349609 -0.183120727539063 -0.0244293212890625
0.00925731658935547 0.0127754211425781 -0.0877227783203125 -0.146255493164063
0.00547361373901367 0.00380086898803711 0.129989624023438 -0.214584350585938
-0.00486660003662109 0.00565481185913086 0.349945068359375 -0.068939208984375
-0.0201530456542969 -0.00315666198730468 0.2906494140625 0.30377197265625
0.00121498107910156 -0.0287055969238281 -0.05548095703125 0.46502685546875
0.0279293060302734 -0.00553321838378906 -0.241165161132812 0.25201416015625
0.0396041870117187 0.00067138671875 0.0116214752197266 0.0299739837646484
0.0315704345703125 -0.0122146606445313 0.263381958007813 -0.247161865234375
0.0165443420410156 -0.0242233276367188 0.03729248046875 -0.4910888671875
-0.00446987152099609 -0.0116510391235352 -0.3408203125 -0.2464599609375
-0.00628805160522461 0.00267457962036133 -0.31341552734375 0.125762939453125
0.00199317932128906 0.00748538970947266 -0.0995330810546875 0.226699829101562
0.00126218795776367 0.00652503967285156 0.10687255859375 0.154006958007813
0.00562429428100586 0.00636959075927734 0.177383422851563 0.0159149169921875
0.016291618347168 0.00477695465087891 -0.182281494140625 -0.0238494873046875
0.00993251800537109 0.0120515823364258 -0.0906829833984375 -0.144760131835938
0.0057063102722168 0.00373744964599609 0.124908447265625 -0.215911865234375
-0.00510454177856445 0.00489950180053711 0.34527587890625 -0.0767822265625
-0.0204105377197266 -0.00350761413574218 0.29571533203125 0.297454833984375
0.00169944763183594 -0.0302009582519531 -0.047515869140625 0.469146728515625
0.0306034088134766 -0.00774765014648438 -0.242019653320313 0.259719848632812
0.04412841796875 -0.0006103515625 0.00370979309082032 0.0336532592773438
0.0350475311279297 -0.0148086547851563 0.264007568359375 -0.241012573242188
0.0178203582763672 -0.0258102416992187 0.04449462890625 -0.489837646484375
-0.00455188751220703 -0.0128593444824219 -0.337677001953125 -0.253662109375
-0.0066981315612793 0.00271177291870117 -0.318634033203125 0.1199951171875
0.0018763542175293 0.00772714614868164 -0.105361938476562 0.2261962890625
0.00160360336303711 0.00610780715942383 0.103439331054688 0.155410766601563
0.00555944442749023 0.00791835784912109 0.176864624023437 0.016937255859375
0.0171890258789063 -0.0193042755126953 -0.1824951171875 -0.02215576171875
0.00603723526000977 -0.0019221305847168 -0.0969085693359375 -0.1436767578125
0.0119047164916992 -0.0105056762695312 0.115524291992187 -0.219741821289063
0.00499248504638672 0.00415468215942383 0.342864990234375 -0.09375
-0.0134754180908203 0.0176334381103516 0.3077392578125 0.28033447265625
-0.00999259948730469 0.00337028503417969 -0.025177001953125 0.466888427734375
-0.00311660766601562 0.0182476043701172 -0.2315673828125 0.267501831054688
-0.00102710723876953 0.0108528137207031 0.00296783447265625 0.0362739562988281
0.00160121917724609 0.0126380920410156 0.2698974609375 -0.23480224609375
0.00904273986816406 0.00701141357421875 0.062957763671875 -0.49578857421875
0.00358438491821289 0.00703763961791992 -0.3277587890625 -0.274688720703125
0.00223207473754883 0.000821828842163086 -0.323883056640625 0.10626220703125
0.0100431442260742 -0.00431060791015625 -0.112701416015625 0.221099853515625
0.000693321228027345 -0.00984477996826172 0.0987396240234375 0.15545654296875
0.00417232513427734 -0.0144071578979492 0.174362182617188 0.0179290771484375
0.0163898468017578 -0.0165433883666992 -0.182846069335938 -0.022552490234375
0.00627851486206055 0.000573158264160156 -0.0923614501953125 -0.146530151367187
0.011204719543457 -0.00832366943359375 0.122314453125 -0.217910766601562
0.00342535972595215 0.0042421817779541 0.348724365234375 -0.085113525390625
-0.0140905380249023 0.0148963928222656 0.30120849609375 0.29132080078125
-0.00880050659179687 -0.000596046447753906 -0.037933349609375 0.466278076171875
-0.00106525421142578 0.0158042907714844 -0.232681274414063 0.258880615234375
0.00160694122314453 0.00972366333007813 0.0107994079589844 0.0322132110595703
0.0037069320678711 0.0106582641601563 0.269256591796875 -0.244140625
0.0101203918457031 0.00365447998046875 0.0510559082031251 -0.4969482421875
0.00322055816650391 0.00423240661621094 -0.33282470703125 -0.264892578125
0.00149857997894287 0.000922322273254395 -0.317718505859375 0.114410400390625
0.00828123092651367 -0.00287723541259766 -0.104934692382812 0.222793579101563
0.00103616714477539 -0.00754356384277344 0.102752685546875 0.152969360351563
0.00374412536621094 -0.0123014450073242 0.174179077148438 0.01544189453125
0.016963005065918 -0.0133075714111328 -0.183380126953125 -0.02325439453125
0.00628042221069336 0.00384092330932617 -0.08935546875 -0.14752197265625
0.0103664398193359 -0.00531101226806641 0.128005981445313 -0.2177734375
0.00153899192810059 0.00429415702819824 0.35076904296875 -0.077056884765625
-0.0155210494995117 0.0106668472290039 0.295074462890625 0.299652099609375
-0.00721836090087891 -0.00570058822631836 -0.04901123046875 0.463714599609375
0.0032806396484375 0.0118827819824219 -0.234024047851563 0.2515869140625
0.00738239288330078 0.00830698013305664 0.0168266296386719 0.0290279388427734
0.0084381103515625 0.00653839111328125 0.268096923828125 -0.250503540039063
0.0109090805053711 -0.00196743011474609 0.03961181640625 -0.49566650390625
0.00184214115142822 0.000500798225402832 -0.338653564453125 -0.255645751953125
-0.000519275665283203 0.00177657604217529 -0.31390380859375 0.12164306640625
0.00701141357421875 -0.000660419464111328 -0.098968505859375 0.224761962890625
-7.72476196289062E-05 -0.00419998168945313 0.105926513671875 0.1517333984375
0.00427341461181641 -0.00880527496337891 0.175506591796875 0.015045166015625
0.0165328979492188 -0.00839138031005859 -0.18328857421875 -0.02374267578125
0.00768756866455078 0.00718498229980469 -0.0872650146484375 -0.148483276367187
0.008941650390625 -0.00198554992675781 0.132476806640625 -0.216018676757813
-0.000635147094726563 0.00446557998657227 0.35394287109375 -0.071441650390625
-0.0167789459228516 0.00605964660644531 0.290863037109375 0.30517578125
-0.00443363189697266 -0.0123291015625 -0.057464599609375 0.464996337890625
0.00917816162109375 0.00773429870605469 -0.23638916015625 0.248336791992188
0.0155277252197266 0.00653457641601562 0.0204486846923828 0.0266571044921875
0.0142841339111328 0.00118160247802734 0.266189575195313 -0.25445556640625
0.0121440887451172 -0.00824451446533203 0.032012939453125 -0.49566650390625
-0.000242233276367187 -0.00352025032043457 -0.3428955078125 -0.24700927734375
-0.00187349319458008 0.00183796882629395 -0.31011962890625 0.1268310546875
0.00503206253051758 0.001495361328125 -0.0958099365234375 0.22625732421875
0.000862240791320801 -0.000307738780975342 0.107772827148437 0.151519775390625
0.00396919250488281 -0.00414919853210449 0.175689697265625 0.0139923095703125
0.0168037414550781 -0.00395774841308594 -0.18389892578125 -0.02490234375
0.00829029083251953 0.00967502593994141 -0.085845947265625 -0.148727416992187
0.00735282897949219 0.000721931457519531 0.133987426757812 -0.215728759765625
-0.00305509567260742 0.00489139556884766 0.35455322265625 -0.067535400390625
-0.0177268981933594 0.00243377685546875 0.2890625 0.30804443359375
-0.00164985656738281 -0.0187320709228516 -0.061126708984375 0.463897705078125
0.016230583190918 0.00312328338623047 -0.238662719726563 0.245864868164062
0.0242900848388672 0.00436973571777344 0.0206966400146484 0.0265960693359375
0.0205955505371094 -0.00420761108398438 0.264739990234375 -0.255630493164063
0.013829231262207 -0.0142059326171875 0.028594970703125 -0.495147705078125
-0.00165510177612305 -0.00689697265625 -0.343658447265625 -0.242462158203125
-0.00358748435974121 0.0022423267364502 -0.309326171875 0.130035400390625
0.00383758544921875 0.00368809700012207 -0.0942840576171875 0.226806640625
0.000174522399902344 0.0026090145111084 0.109268188476563 0.151763916015625
0.00518274307250977 0.000119686126708984 0.176803588867188 0.0148162841796875
0.0162372589111328 -0.000467300415039063 -0.1832275390625 -0.02374267578125
0.00960063934326172 0.0121278762817383 -0.086090087890625 -0.147293090820313
0.00566911697387695 0.00269269943237305 0.13275146484375 -0.214447021484375
-0.00379610061645508 0.00480365753173828 0.353057861328125 -0.066741943359375
-0.0185012817382813 -0.000892639160156246 0.287689208984375 0.308197021484375
0.000165939331054686 -0.0249691009521484 -0.062408447265625 0.4652099609375
0.0231819152832031 -0.00168800354003906 -0.240768432617188 0.247634887695312
0.0323486328125 0.0018463134765625 0.0171260833740234 0.0274810791015625
0.0270252227783203 -0.00876426696777344 0.264678955078125 -0.25335693359375
0.0150966644287109 -0.0206661224365234 0.031158447265625 -0.4925537109375
-0.00361919403076172 -0.0100193023681641 -0.3426513671875 -0.24371337890625
-0.00496292114257812 0.00256252288818359 -0.310333251953125 0.128570556640625
0.00295829772949219 0.00600242614746094 -0.0955352783203125 0.226577758789062
0.000981807708740234 0.00542593002319336 0.109130859375 0.15252685546875
0.0043485164642334 0.00404071807861328 0.176422119140625 0.0147552490234375
0.0161933898925781 0.00267314910888672 -0.18328857421875 -0.0240020751953125
0.0102148056030273 0.0127754211425781 -0.0875244140625 -0.145355224609375
0.00565528869628906 0.00401592254638672 0.128997802734375 -0.214889526367187
-0.00536155700683594 0.0050811767578125 0.349029541015625 -0.069854736328125
-0.0193099975585938 -0.00266647338867188 0.2904052734375 0.305084228515625
0.00180244445800782 -0.0285129547119141 -0.05621337890625 0.46502685546875
0.0282611846923828 -0.00585746765136719 -0.24169921875 0.251007080078125
0.0398445129394531 0.000301361083984375 0.0115032196044922 0.0298633575439453
0.0317802429199219 -0.0128040313720703 0.264358520507813 -0.247329711914063
0.01611328125 -0.0244293212890625 0.0355529785156249 -0.490020751953125
-0.00426101684570313 -0.0120048522949219 -0.340606689453125 -0.247650146484375
-0.00631380081176758 0.00300264358520508 -0.31378173828125 0.125885009765625
0.0025782585144043 0.00746297836303711 -0.0994415283203125 0.22760009765625
0.0011591911315918 0.00635147094726563 0.106964111328125 0.153900146484375
0.00556707382202148 0.00646162033081055 0.177276611328125 0.0158233642578125
0.0165367126464844 0.00445175170898438 -0.182540893554688 -0.02313232421875
0.0105123519897461 0.0121431350708008 -0.0908050537109375 -0.1434326171875
0.00584840774536133 0.00362825393676758 0.124252319335937 -0.216293334960938
-0.00516319274902344 0.00471162796020508 0.3455810546875 -0.077606201171875
-0.0198173522949219 -0.00292015075683594 0.29571533203125 0.29888916015625
0.00170135498046875 -0.0305690765380859 -0.048126220703125 0.468597412109375
0.03082275390625 -0.00813102722167969 -0.241790771484375 0.258941650390625
0.0437736511230469 -0.000644683837890625 0.00362968444824219 0.0336971282958984
0.0352668762207031 -0.0142898559570313 0.263458251953125 -0.239791870117187
0.0175743103027344 -0.0257472991943359 0.044586181640625 -0.488922119140625
-0.00502300262451172 -0.0129671096801758 -0.337371826171875 -0.2552490234375
-0.00708293914794922 0.00210332870483398 -0.31805419921875 0.120025634765625
0.00275230407714844 0.00741434097290039 -0.105392456054688 0.226104736328125
0.00143003463745117 0.00588274002075195 0.104171752929688 0.1556396484375
0.00531101226806641 0.00806713104248047 0.1767578125 0.0168914794921875
0.0172672271728516 -0.0192680358886719 -0.182861328125 -0.020843505859375
0.00588512420654297 -0.00169754028320313 -0.0970611572265625 -0.143844604492188
0.0123310089111328 -0.0104265213012695 0.114028930664063 -0.220260620117187
0.00435853004455566 0.00392293930053711 0.34222412109375 -0.09368896484375
-0.013031005859375 0.0176525115966797 0.308990478515625 0.280029296875
-0.0100383758544922 0.0035858154296875 -0.025848388671875 0.46722412109375
-0.0032958984375 0.0177593231201172 -0.2313232421875 0.266860961914063
-0.00158977508544922 0.0100374221801758 0.00284194946289063 0.0363731384277344
0.00152587890625 0.0127296447753906 0.270278930664063 -0.234939575195312
0.0089111328125 0.00730609893798828 0.06329345703125 -0.49578857421875
0.00382614135742188 0.00708293914794922 -0.327362060546875 -0.27557373046875
0.00179040431976318 0.00115597248077393 -0.32366943359375 0.1064453125
0.00964164733886719 -0.00425529479980469 -0.112701416015625 0.221420288085937
0.000546455383300781 -0.00976848602294922 0.099273681640625 0.155075073242188
0.00443077087402344 -0.0146360397338867 0.174819946289062 0.01800537109375
0.0168514251708984 -0.016596794128418 -0.182388305664063 -0.022064208984375
0.00649166107177734 0.000858783721923828 -0.0928955078125 -0.14599609375
0.0110998153686523 -0.00805377960205078 0.122100830078125 -0.218673706054688
0.00375080108642578 0.00453805923461914 0.3477783203125 -0.084075927734375
-0.0137615203857422 0.0150384902954102 0.301971435546875 0.2904052734375
-0.00847578048706055 -0.000285148620605468 -0.0390625 0.467620849609375
-0.000870704650878907 0.0156078338623047 -0.233016967773437 0.259307861328125
0.00150489807128906 0.00980663299560547 0.0106906890869141 0.0326786041259766
0.00384235382080078 0.0101985931396484 0.269821166992188 -0.243331909179687
0.0102052688598633 0.00322246551513672 0.0516357421874999 -0.496734619140625
0.00300431251525879 0.00420999526977539 -0.332763671875 -0.265655517578125
0.000949501991271973 0.00123882293701172 -0.317779541015625 0.114776611328125
0.0086512565612793 -0.00253963470458984 -0.105697631835938 0.223175048828125
0.00074148178100586 -0.00715160369873047 0.103042602539062 0.15252685546875
0.00383949279785156 -0.0118770599365234 0.174758911132813 0.0159454345703125
0.0172338485717773 -0.0135602951049805 -0.182998657226563 -0.0225982666015625
0.00663280487060547 0.00363492965698242 -0.0894622802734375 -0.14697265625
0.00990104675292969 -0.0054473876953125 0.127655029296875 -0.217803955078125
0.00114774703979492 0.00447368621826172 0.352386474609375 -0.077301025390625
-0.0151281356811523 0.0109729766845703 0.295623779296875 0.299285888671875
-0.00669574737548828 -0.00594711303710938 -0.048828125 0.464874267578125
0.00346469879150391 0.011998176574707 -0.234786987304688 0.251861572265625
0.00756359100341797 0.00823259353637695 0.0170478820800781 0.0293331146240234
0.00840473175048828 0.00615215301513672 0.267669677734375 -0.250640869140625
0.0107250213623047 -0.00198459625244141 0.0404052734375 -0.496673583984375
0.00161600112915039 0.000618457794189453 -0.338836669921875 -0.254913330078125
-0.000775694847106933 0.00109672546386719 -0.31427001953125 0.1224365234375
0.00678443908691406 -0.000596046447753906 -0.0992584228515625 0.225006103515625
0.00025177001953125 -0.00377416610717773 0.106185913085938 0.151885986328125
0.00384521484375 -0.00882339477539063 0.175567626953125 0.01531982421875
0.016688346862793 -0.00909900665283203 -0.182907104492188 -0.0226898193359375
0.0081791877746582 0.00720357894897461 -0.08734130859375 -0.147872924804688
0.00860071182250977 -0.00242090225219727 0.132400512695313 -0.216506958007812
-0.000527381896972656 0.00430130958557129 0.354278564453125 -0.071441650390625
-0.0163784027099609 0.00674247741699219 0.291748046875 0.304443359375
-0.00443363189697266 -0.01190185546875 -0.057464599609375 0.465667724609375
0.00971603393554688 0.00754356384277344 -0.23663330078125 0.248214721679688
0.0153160095214844 0.0061187744140625 0.0200595855712891 0.0269508361816406
0.0140361785888672 0.00126743316650391 0.266326904296875 -0.2542724609375
0.0121126174926758 -0.00809574127197265 0.0323486328125 -0.495849609375
0.000133037567138672 -0.00348091125488281 -0.342987060546875 -0.24835205078125
-0.00228357315063477 0.0015864372253418 -0.309814453125 0.12701416015625
0.00508928298950195 0.00182723999023437 -0.0958709716796875 0.226364135742188
0.0006675124168396 -0.000371813774108887 0.108810424804687 0.1505126953125
0.00402712821960449 -0.00418639183044434 0.176132202148437 0.014068603515625
0.0173473358154297 -0.00441646575927734 -0.183746337890625 -0.02374267578125
0.00861167907714844 0.0100584030151367 -0.085357666015625 -0.148056030273438
0.00689888000488281 0.000678539276123047 0.1339111328125 -0.216018676757812
-0.00280427932739258 0.0047917366027832 0.354766845703125 -0.067840576171875
-0.0173244476318359 0.00207138061523438 0.289306640625 0.309661865234375
-0.00155448913574219 -0.0184116363525391 -0.062225341796875 0.463958740234375
0.0166893005371094 0.00239086151123047 -0.238250732421875 0.245742797851563
0.0241336822509766 0.00388717651367188 0.0203819274902344 0.0264472961425781
0.0206356048583984 -0.00414466857910156 0.2652587890625 -0.2564697265625
0.0136117935180664 -0.014988899230957 0.027740478515625 -0.49517822265625
-0.00178766250610352 -0.007110595703125 -0.3438720703125 -0.24346923828125
-0.00383424758911133 0.00243496894836426 -0.3094482421875 0.12945556640625
0.00399041175842285 0.0041196346282959 -0.09381103515625 0.226852416992188
0.000532865524291992 0.00260615348815918 0.109512329101563 0.151535034179688
0.00459146499633789 -0.000351428985595703 0.17694091796875 0.014739990234375
0.0165033340454102 -0.000761032104492188 -0.183013916015625 -0.0224609375
0.00983810424804688 0.0122861862182617 -0.0858612060546875 -0.147369384765625
0.00591087341308594 0.00255489349365234 0.13226318359375 -0.21533203125
-0.00403499603271485 0.0053248405456543 0.353790283203125 -0.06787109375
-0.0185184478759766 -0.000829696655273434 0.287689208984375 0.308929443359375
0.000905990600585938 -0.0241775512695313 -0.062103271484375 0.46405029296875
0.0229568481445313 -0.00214576721191406 -0.240859985351563 0.247329711914062
0.0323772430419922 0.00192642211914063 0.0172519683837891 0.02764892578125
0.026519775390625 -0.00894355773925781 0.266082763671875 -0.253463745117188
0.0149574279785156 -0.0202255249023438 0.030853271484375 -0.49212646484375
-0.00334644317626953 -0.0102949142456055 -0.343780517578125 -0.24420166015625
-0.00508880615234375 0.00262689590454102 -0.310272216796875 0.1287841796875
0.00257539749145508 0.00613832473754883 -0.09637451171875 0.2266845703125
0.000926494598388672 0.00511074066162109 0.109756469726563 0.15191650390625
0.00471639633178711 0.00384378433227539 0.176971435546875 0.0146331787109375
0.0166873931884766 0.00169849395751953 -0.183013916015625 -0.0225677490234375
0.0104579925537109 0.0131988525390625 -0.0877227783203125 -0.145462036132813
0.00557279586791992 0.00378894805908203 0.129013061523438 -0.21533203125
-0.00500154495239258 0.0054774284362793 0.34893798828125 -0.06939697265625
-0.0191497802734375 -0.00337028503417969 0.29034423828125 0.303375244140625
0.00203704833984375 -0.028472900390625 -0.057891845703125 0.4644775390625
0.0281276702880859 -0.00604057312011719 -0.24151611328125 0.251312255859375
0.0389900207519531 0.00023651123046875 0.011199951171875 0.0300559997558594
0.0318069458007813 -0.0128421783447266 0.264129638671875 -0.246261596679688
0.0164833068847656 -0.024017333984375 0.03656005859375 -0.491363525390625
-0.00420856475830078 -0.0125694274902344 -0.341033935546875 -0.24798583984375
-0.00651407241821289 0.00221490859985352 -0.31378173828125 0.125701904296875
0.00225067138671875 0.00769901275634766 -0.100051879882813 0.226943969726563
0.00123071670532227 0.0067596435546875 0.107818603515625 0.154144287109375
0.00506591796875 0.00609111785888672 0.177658081054688 0.0155029296875
0.0168247222900391 0.00416660308837891 -0.182632446289063 -0.02227783203125
0.0104579925537109 0.0127115249633789 -0.0907745361328125 -0.142959594726563
0.00528383255004883 0.00403690338134766 0.124343872070313 -0.2164306640625
-0.00512838363647461 0.00496816635131836 0.345733642578125 -0.077880859375
-0.0200023651123047 -0.00281906127929687 0.295257568359375 0.299224853515625
0.00188064575195312 -0.0299587249755859 -0.047576904296875 0.469390869140625
0.0306224822998047 -0.00798225402832031 -0.242340087890625 0.259475708007813
0.0434379577636719 -0.00067901611328125 0.0037689208984375 0.0338859558105469
0.0351390838623047 -0.0146026611328125 0.26416015625 -0.240097045898438
0.0180454254150391 -0.0258541107177734 0.045166015625 -0.488616943359375
-0.00490665435791015 -0.0130786895751953 -0.337860107421875 -0.25579833984375
-0.00677061080932617 0.00267457962036133 -0.31829833984375 0.12054443359375
0.00211715698242188 0.00757074356079102 -0.106063842773438 0.22686767578125
0.00180673599243164 0.00662946701049805 0.10455322265625 0.155502319335938
0.00571346282958984 0.00787925720214844 0.177078247070312 0.0169525146484375
0.0174293518066406 -0.0197849273681641 -0.183013916015625 -0.02069091796875
0.00618648529052734 -0.00155925750732422 -0.097381591796875 -0.143386840820313
0.0122413635253906 -0.0100488662719727 0.114608764648438 -0.220626831054688
0.00453329086303711 0.00413608551025391 0.34381103515625 -0.094696044921875
-0.0126419067382812 0.0180206298828125 0.30938720703125 0.281158447265625
-0.00934123992919922 0.00362014770507812 -0.026641845703125 0.4688720703125
-0.00341892242431641 0.0174217224121094 -0.232406616210937 0.267486572265625
-0.00192070007324219 0.0103721618652344 0.00341033935546875 0.0367584228515625
0.00144290924072266 0.0126533508300781 0.270797729492188 -0.235153198242188
0.00895404815673828 0.00723934173583984 0.063629150390625 -0.49688720703125
0.00376558303833008 0.00689506530761719 -0.328857421875 -0.2763671875
0.00198256969451904 0.000952005386352539 -0.32464599609375 0.106842041015625
0.00988483428955078 -0.00460052490234375 -0.112899780273437 0.222183227539063
0.000505447387695312 -0.00954437255859375 0.099639892578125 0.155014038085937
0.00426864624023438 -0.0143013000488281 0.174896240234375 0.0178070068359375
0.0169439315795898 -0.0174598693847656 -0.18304443359375 -0.02099609375
0.00707721710205078 0.000794410705566406 -0.093658447265625 -0.145614624023438
0.0111818313598633 -0.00765895843505859 0.121597290039062 -0.219375610351563
0.00352287292480469 0.00466489791870117 0.34783935546875 -0.086181640625
-0.0135869979858398 0.014796257019043 0.30145263671875 0.29150390625
-0.00841903686523437 0.000112533569335937 -0.03936767578125 0.46868896484375
-0.00107288360595703 0.0157194137573242 -0.23333740234375 0.259490966796875
0.00144100189208984 0.00963211059570313 0.0107154846191406 0.0325183868408203
0.00364589691162109 0.0105266571044922 0.270660400390625 -0.24334716796875
0.00964260101318359 0.00336647033691406 0.052001953125 -0.498016357421875
0.00310039520263672 0.00394082069396973 -0.334564208984375 -0.26605224609375
0.0011216402053833 0.000844240188598633 -0.3192138671875 0.114990234375
0.00883769989013672 -0.00238990783691406 -0.106048583984375 0.22412109375
0.000643730163574219 -0.00723361968994141 0.103378295898437 0.152740478515625
0.00384330749511719 -0.0120162963867188 0.175125122070313 0.015869140625
0.0177402496337891 -0.0139179229736328 -0.183868408203125 -0.0222930908203125
0.00696086883544922 0.00393056869506836 -0.0902252197265625 -0.146636962890625
0.00961875915527344 -0.00516319274902344 0.127532958984375 -0.218276977539063
0.000994205474853515 0.00444889068603516 0.3524169921875 -0.07781982421875
-0.0145988464355469 0.0111007690429688 0.296600341796875 0.299713134765625
-0.00675535202026367 -0.00572681427001953 -0.049835205078125 0.465972900390625
0.00326442718505859 0.0119905471801758 -0.234619140625 0.2525634765625
0.00724363327026367 0.00821876525878906 0.0170669555664063 0.0296306610107422
0.00783777236938477 0.00636911392211914 0.268722534179688 -0.25
0.0109777450561523 -0.00214672088623047 0.040252685546875 -0.497955322265625
0.0015486478805542 0.000506281852722168 -0.33978271484375 -0.256866455078125
-0.000623345375061035 0.00145876407623291 -0.314117431640625 0.122314453125
0.00708913803100586 -0.000426769256591797 -0.0994720458984375 0.225555419921875
0.000272512435913086 -0.00380825996398926 0.107070922851563 0.15203857421875
0.0042567253112793 -0.00848579406738281 0.176651000976563 0.0148468017578125
0.0170412063598633 -0.00946521759033203 -0.184005737304687 -0.0221710205078125
0.00800657272338867 0.00718355178833008 -0.087921142578125 -0.147628784179687
0.00843524932861328 -0.00192832946777344 0.1314697265625 -0.2171630859375
-0.000754356384277344 0.00485134124755859 0.354736328125 -0.071990966796875
-0.0158767700195313 0.00655364990234375 0.29266357421875 0.305328369140625
-0.00392723083496094 -0.0122928619384766 -0.057952880859375 0.466156005859375
0.00966072082519531 0.00766849517822266 -0.237396240234375 0.248199462890625
0.0151472091674805 0.00569438934326172 0.0206451416015625 0.0272426605224609
0.0140848159790039 0.00129890441894531 0.26715087890625 -0.254623413085938
0.0120449066162109 -0.00829124450683594 0.032135009765625 -0.4967041015625
-0.000223159790039063 -0.00350379943847656 -0.342559814453125 -0.24761962890625
-0.00235128402709961 0.00200104713439941 -0.31085205078125 0.127532958984375
0.00600242614746094 0.0020298957824707 -0.095794677734375 0.226516723632812
0.000463038682937622 -0.000519663095474243 0.109512329101563 0.150894165039063
0.00430727005004883 -0.00395011901855469 0.176620483398438 0.0144500732421875
0.0176277160644531 -0.00490760803222656 -0.183746337890625 -0.0228271484375
0.00894260406494141 0.0101079940795898 -0.08660888671875 -0.147918701171875
0.00717544555664063 0.000720024108886719 0.133773803710938 -0.216629028320312
-0.00255346298217773 0.00458574295043945 0.35546875 -0.068878173828125
-0.0168247222900391 0.0024261474609375 0.28973388671875 0.309478759765625
-0.00148200988769531 -0.0189437866210938 -0.0614013671875 0.46551513671875
0.0169095993041992 0.00238704681396484 -0.238815307617188 0.246826171875
0.0239887237548828 0.00372123718261719 0.0203723907470703 0.0266017913818359
0.0204029083251953 -0.00402641296386719 0.266357421875 -0.256637573242188
0.0135688781738281 -0.0148334503173828 0.02789306640625 -0.496246337890625
-0.00178718566894531 -0.00694847106933594 -0.3446044921875 -0.243408203125
-0.00411558151245117 0.00230622291564941 -0.310150146484375 0.129852294921875
0.0038609504699707 0.0041801929473877 -0.0944366455078125 0.228225708007813
7.5817108154297E-05 0.00308680534362793 0.110519409179688 0.151458740234375
0.00511503219604492 0.000331878662109375 0.177490234375 0.0145111083984375
0.0170421600341797 -0.000967979431152344 -0.183334350585938 -0.02178955078125
0.0101089477539063 0.0121364593505859 -0.0866546630859375 -0.147186279296875
0.00573444366455078 0.00299930572509766 0.13165283203125 -0.215194702148437
-0.00417327880859375 0.00503969192504883 0.354217529296875 -0.067718505859375
-0.0177421569824219 -0.000747680664062497 0.288299560546875 0.30865478515625
0.000926971435546873 -0.0243949890136719 -0.062591552734375 0.4659423828125
0.0229930877685547 -0.0018310546875 -0.24090576171875 0.247955322265625
0.0323982238769531 0.00170707702636719 0.0173969268798828 0.0279445648193359
0.0264511108398437 -0.00908660888671875 0.26580810546875 -0.252243041992188
0.0154380798339844 -0.0207500457763672 0.03125 -0.493896484375
-0.00287532806396484 -0.0102739334106445 -0.34393310546875 -0.24554443359375
-0.00558185577392578 0.00293064117431641 -0.3111572265625 0.129302978515625
0.00302743911743164 0.00654983520507813 -0.096282958984375 0.228073120117188
0.000848293304443359 0.00577974319458008 0.110519409179688 0.151931762695313
0.00506734848022461 0.00380277633666992 0.177902221679688 0.01422119140625
0.017329216003418 0.00193309783935547 -0.183517456054688 -0.0220184326171875
0.0103750228881836 0.0130949020385742 -0.0883636474609375 -0.145278930664063
0.00519466400146484 0.00389719009399414 0.128219604492187 -0.215789794921875
-0.00541019439697266 0.0052485466003418 0.350494384765625 -0.06976318359375
-0.0187320709228516 -0.00288581848144531 0.29119873046875 0.305694580078125
0.00223350524902344 -0.0285091400146484 -0.057373046875 0.4654541015625
0.0281105041503906 -0.00615692138671875 -0.242263793945313 0.2523193359375
0.0390281677246094 0.00025177001953125 0.0113391876220703 0.0304603576660156
0.0318088531494141 -0.0129489898681641 0.264068603515625 -0.2467041015625
0.0163059234619141 -0.0238170623779297 0.0361328125 -0.4923095703125
-0.00450325012207031 -0.0124835968017578 -0.342071533203125 -0.248626708984375
-0.00628232955932617 0.00305986404418945 -0.314453125 0.12615966796875
0.00282716751098633 0.0073695182800293 -0.100128173828125 0.22808837890625
0.00117158889770508 0.00682735443115234 0.108749389648438 0.15380859375
0.00560331344604492 0.00655841827392578 0.178543090820313 0.0153961181640625
0.0174837112426758 0.00350856781005859 -0.182754516601563 -0.0213623046875
0.0104150772094727 0.0128078460693359 -0.091278076171875 -0.14324951171875
0.0052180290222168 0.00422048568725586 0.123733520507813 -0.2169189453125
-0.00546979904174805 0.00510072708129883 0.346343994140625 -0.077606201171875
-0.01953125 -0.00287055969238281 0.296600341796875 0.298126220703125
0.0021209716796875 -0.0300407409667969 -0.04779052734375 0.47076416015625
0.0307579040527344 -0.00850105285644531 -0.242767333984375 0.259750366210937
0.0433235168457031 -0.0010528564453125 0.00366783142089844 0.0336055755615234
0.0352783203125 -0.0144844055175781 0.264785766601563 -0.239547729492187
0.0177803039550781 -0.0253181457519531 0.04510498046875 -0.49078369140625
-0.00494956970214844 -0.0130138397216797 -0.338653564453125 -0.2567138671875
-0.00665569305419922 0.0024724006652832 -0.319366455078125 0.12078857421875
0.00261402130126953 0.00761222839355469 -0.106063842773438 0.227096557617188
0.00144720077514648 0.00654697418212891 0.105438232421875 0.155715942382813
0.00567483901977539 0.00780820846557617 0.177993774414062 0.0164031982421875
0.0179729461669922 -0.0203285217285156 -0.184051513671875 -0.0201416015625
0.0063624382019043 -0.00104475021362305 -0.09808349609375 -0.143386840820313
0.0116205215454102 -0.0103759765625 0.114242553710938 -0.221282958984375
0.00489044189453125 0.00412654876708984 0.345062255859375 -0.094970703125
-0.0121250152587891 0.0181751251220703 0.310546875 0.2813720703125
-0.00931262969970703 0.00362014770507812 -0.0249328613281251 0.469818115234375
-0.00275230407714844 0.0172758102416992 -0.23199462890625 0.268936157226563
-0.00188541412353516 0.0101661682128906 0.00323104858398437 0.0371856689453125
0.00156497955322266 0.0126962661743164 0.271438598632813 -0.234085083007813
0.00911903381347656 0.00674629211425781 0.063995361328125 -0.49847412109375
0.00368356704711914 0.00684976577758789 -0.330230712890625 -0.277740478515625
0.00152146816253662 0.00121140480041504 -0.325836181640625 0.108001708984375
0.0104455947875977 -0.00457286834716797 -0.1131591796875 0.222946166992188
0.000561714172363281 -0.00957012176513672 0.100814819335938 0.155624389648438
0.00446319580078125 -0.0143032073974609 0.17620849609375 0.0177764892578125
0.0171623229980469 -0.0177478790283203 -0.183563232421875 -0.0201416015625
0.00704574584960938 0.0012660026550293 -0.0941619873046875 -0.145858764648438
0.0106849670410156 -0.00813770294189453 0.121734619140625 -0.219818115234375
0.00327634811401367 0.00451135635375976 0.34954833984375 -0.08673095703125
-0.0131053924560547 0.0149440765380859 0.303497314453125 0.29254150390625
-0.00819158554077148 2.05039978027356E-05 -0.039703369140625 0.469390869140625
-0.000506401062011719 0.015228271484375 -0.234222412109375 0.26129150390625
0.00109386444091797 0.00928115844726563 0.01092529296875 0.0325126647949219
0.00354385375976562 0.0104227066040039 0.2705078125 -0.24444580078125
0.00979137420654297 0.00346279144287109 0.05096435546875 -0.49945068359375
0.00276875495910645 0.00399231910705566 -0.335601806640625 -0.266571044921875
0.000873088836669922 0.00126862525939941 -0.31982421875 0.1160888671875
0.00887680053710938 -0.00282001495361328 -0.106124877929687 0.224777221679688
0.000392436981201172 -0.00676965713500977 0.10406494140625 0.152679443359375
0.00386714935302734 -0.0119495391845703 0.175949096679688 0.0156097412109375
0.0177459716796875 -0.0143013000488281 -0.184356689453125 -0.021270751953125
0.00740432739257813 0.00432109832763672 -0.0905609130859375 -0.146942138671875
0.00973129272460938 -0.00533485412597656 0.127426147460938 -0.21923828125
0.00119876861572266 0.00496244430541992 0.354278564453125 -0.07861328125
-0.014613151550293 0.0111074447631836 0.298858642578125 0.30078125
-0.00618171691894531 -0.00561189651489258 -0.0499267578125 0.46826171875
0.00391769409179688 0.0116786956787109 -0.235382080078125 0.253692626953125
0.00696086883544922 0.00799942016601563 0.0172386169433594 0.0300827026367188
0.00833368301391602 0.00624179840087891 0.2696533203125 -0.251327514648438
0.0108327865600586 -0.00189971923828125 0.03961181640625 -0.49957275390625
0.00179052352905273 0.00046086311340332 -0.341552734375 -0.256195068359375
-0.000599145889282226 0.00153839588165283 -0.315704345703125 0.12353515625
0.00708627700805664 -0.000652313232421875 -0.0997772216796875 0.22698974609375
0.000421762466430664 -0.00389361381530762 0.107772827148438 0.152603149414063
0.00423002243041992 -0.00845909118652344 0.177520751953125 0.01446533203125
0.0174007415771484 -0.00986862182617188 -0.184600830078125 -0.021484375
0.00849437713623047 0.00707578659057617 -0.0885467529296875 -0.1474609375
0.00833320617675781 -0.0018010139465332 0.13092041015625 -0.218032836914063
-0.000935077667236328 0.00471735000610351 0.35650634765625 -0.07196044921875
-0.0154790878295898 0.00687885284423828 0.29315185546875 0.3065185546875
-0.00363349914550781 -0.0117368698120117 -0.05816650390625 0.467864990234375
0.0100088119506836 0.00754451751708984 -0.237442016601563 0.24945068359375
0.0147638320922852 0.00574016571044922 0.0202007293701172 0.0275440216064453
0.0141677856445313 0.00119876861572266 0.268905639648438 -0.256118774414063
0.0122280120849609 -0.00813388824462891 0.0328369140625 -0.4990234375
-0.000164031982421875 -0.00318169593811035 -0.344512939453125 -0.248504638671875
-0.00227594375610352 0.00171422958374023 -0.311798095703125 0.12841796875
0.00568866729736328 0.00189352035522461 -0.0954742431640625 0.228118896484375
0.000338584184646606 -0.000353187322616577 0.110519409179687 0.151596069335937
0.00464057922363281 -0.00390100479125977 0.177566528320312 0.0141143798828125
0.0180225372314453 -0.00528907775878906 -0.184356689453125 -0.0216064453125
0.00926017761230469 0.0104866027832031 -0.0869293212890625 -0.147628784179688
0.00700569152832031 0.000787734985351563 0.132888793945313 -0.216964721679688
-0.00278949737548828 0.00472545623779297 0.35699462890625 -0.068817138671875
-0.0168428421020508 0.00241374969482422 0.290985107421875 0.3106689453125
-0.00115776062011719 -0.0188617706298828 -0.062347412109375 0.46722412109375
0.0168857574462891 0.00232028961181641 -0.239303588867188 0.248184204101562
0.0239200592041016 0.00386428833007813 0.0204296112060547 0.0267581939697266
0.0204257965087891 -0.00442886352539063 0.266876220703125 -0.255386352539062
0.0137643814086914 -0.0150794982910156 0.02777099609375 -0.4976806640625
-0.00138044357299805 -0.00726079940795898 -0.34613037109375 -0.244537353515625
-0.00403356552124023 0.0021967887878418 -0.31134033203125 0.130828857421875
0.00434446334838867 0.00423145294189453 -0.0941009521484375 0.228668212890625
0.000213861465454102 0.00284290313720703 0.111846923828125 0.151702880859375
0.00476455688476563 0.000399112701416016 0.178558349609375 0.0143585205078125
0.0171270370483398 -0.00152587890625 -0.183624267578125 -0.020782470703125
0.0107355117797852 0.0126771926879883 -0.0873870849609375 -0.146820068359375
0.00570011138916016 0.00307035446166992 0.132034301757812 -0.216049194335938
-0.00400018692016602 0.00487613677978516 0.355438232421875 -0.06854248046875
-0.017460823059082 -0.000794410705566407 0.289947509765625 0.309173583984375
0.0010986328125 -0.0244083404541016 -0.063751220703125 0.46826171875
0.023223876953125 -0.00200653076171875 -0.241973876953125 0.249588012695313
0.0320854187011719 0.0015411376953125 0.0171337127685547 0.0281429290771484
0.0272464752197266 -0.00947189331054688 0.266586303710938 -0.253036499023438
0.0150489807128906 -0.0202198028564453 0.030609130859375 -0.49639892578125
-0.00318527221679687 -0.0106420516967773 -0.344818115234375 -0.245819091796875
-0.00526666641235352 0.00282621383666992 -0.311859130859375 0.13031005859375
0.00326919555664063 0.00646829605102539 -0.0964202880859375 0.228729248046875
0.000579833984375001 0.00561904907226563 0.111236572265625 0.152145385742188
0.00491523742675781 0.00398445129394531 0.178451538085938 0.0138092041015625
0.0174522399902344 0.00147533416748047 -0.184112548828125 -0.0213165283203125
0.0107040405273437 0.0138225555419922 -0.088836669921875 -0.145309448242188
0.00503110885620117 0.00408029556274414 0.127960205078125 -0.216522216796875
-0.00561904907226563 0.00508642196655273 0.351531982421875 -0.071563720703125
-0.0183906555175781 -0.00295639038085938 0.29345703125 0.305999755859375
0.00235939025878907 -0.0283489227294922 -0.05865478515625 0.468231201171875
0.0280017852783203 -0.00601577758789063 -0.243087768554688 0.252975463867188
0.0389518737792969 0.00012969970703125 0.0114459991455078 0.0302009582519531
0.0317287445068359 -0.0130138397216797 0.265884399414063 -0.24737548828125
0.0159740447998047 -0.0239734649658203 0.036285400390625 -0.493743896484375
-0.00437068939208984 -0.0121145248413086 -0.343292236328125 -0.249755859375
-0.00616550445556641 0.0027613639831543 -0.315155029296875 0.126617431640625
0.0027618408203125 0.00756216049194336 -0.100173950195313 0.229690551757813
0.00129604339599609 0.00709390640258789 0.109344482421875 0.153976440429688
0.00556802749633789 0.00691080093383789 0.179656982421875 0.015045166015625
0.0177345275878906 0.00266647338867188 -0.18365478515625 -0.020843505859375
0.0111598968505859 0.0129299163818359 -0.0920257568359375 -0.143386840820313
0.00518131256103516 0.00456762313842773 0.12335205078125 -0.217864990234375
-0.00528430938720703 0.00495290756225586 0.347625732421875 -0.078399658203125
-0.0190811157226562 -0.00300788879394531 0.29766845703125 0.29901123046875
0.00189590454101562 -0.0301475524902344 -0.049407958984375 0.471893310546875
0.0309619903564453 -0.00858879089355469 -0.243362426757813 0.260650634765625
0.04315185546875 -0.00118255615234375 0.00371360778808594 0.0341682434082031
0.0353240966796875 -0.0148048400878906 0.264999389648438 -0.24127197265625
0.0177974700927734 -0.0255985260009766 0.04449462890625 -0.492156982421875
-0.0047454833984375 -0.0135498046875 -0.340362548828125 -0.2574462890625
-0.00694179534912109 0.00290536880493164 -0.3201904296875 0.12060546875
0.00253963470458984 0.00771474838256836 -0.106521606445312 0.228363037109375
0.00157976150512695 0.00681781768798828 0.106338500976562 0.155426025390625
0.00562810897827148 0.00795841217041016 0.179183959960938 0.0166778564453125
0.0180149078369141 -0.0210056304931641 -0.184951782226563 -0.019317626953125
0.0072484016418457 -0.0010523796081543 -0.0992431640625 -0.14361572265625
0.0115604400634766 -0.0103988647460938 0.114471435546875 -0.222518920898438
0.00446224212646484 0.00415325164794922 0.34588623046875 -0.096832275390625
-0.0118579864501953 0.0178184509277344 0.312591552734375 0.281463623046875
-0.00901222229003906 0.0036611557006836 -0.02581787109375 0.471099853515625
-0.00303077697753906 0.0173616409301758 -0.232955932617187 0.270797729492188
-0.00200748443603516 0.0103349685668945 0.0030975341796875 0.0373611450195313
0.00150680541992188 0.0128612518310547 0.272735595703125 -0.235992431640625
0.00887298583984375 0.00721168518066406 0.062286376953125 -0.500701904296875
0.00404119491577149 0.00710439682006836 -0.33148193359375 -0.278839111328125
0.00194799900054932 0.000874638557434082 -0.3272705078125 0.10894775390625
0.0106992721557617 -0.00440692901611328 -0.113815307617187 0.224853515625
0.000522613525390625 -0.00974559783935547 0.101760864257813 0.155548095703125
0.00441646575927734 -0.0143709182739258 0.177154541015625 0.0177001953125
0.0173435211181641 -0.0186233520507813 -0.184844970703125 -0.0195465087890625
0.00802898406982422 0.00140094757080078 -0.0950927734375 -0.1453857421875
0.0106515884399414 -0.00790309906005859 0.12109375 -0.220794677734375
0.0034637451171875 0.00493144989013672 0.3514404296875 -0.0869140625
-0.0129423141479492 0.0150985717773437 0.30517578125 0.292938232421875
-0.00762128829956055 0.000397205352783203 -0.03912353515625 0.47320556640625
-0.000885963439941407 0.0154886245727539 -0.235610961914063 0.26190185546875
0.000597000122070312 0.00916099548339844 0.0108776092529297 0.0332889556884766
0.0040435791015625 0.0103302001953125 0.2720947265625 -0.245620727539062
0.0103034973144531 0.00379085540771484 0.050994873046875 -0.500640869140625
0.00282073020935059 0.00413990020751953 -0.3372802734375 -0.268585205078125
0.000824332237243652 0.00110220909118652 -0.32122802734375 0.117523193359375
0.00909042358398438 -0.00238800048828125 -0.106719970703125 0.226272583007813
0.000340938568115234 -0.00717258453369141 0.105712890625 0.153610229492188
0.00414943695068359 -0.0120172500610352 0.177001953125 0.015594482421875
0.0180339813232422 -0.0150642395019531 -0.184906005859375 -0.020233154296875
0.00773477554321289 0.0044865608215332 -0.091766357421875 -0.146820068359375
0.00927352905273438 -0.00480556488037109 0.127120971679688 -0.220489501953125
0.0010673999786377 0.00430440902709961 0.355438232421875 -0.080108642578125
-0.0139703750610352 0.0114822387695313 0.299896240234375 0.302215576171875
-0.0063014030456543 -0.00512409210205078 -0.0498046875 0.469879150390625
0.00394344329833984 0.0119495391845703 -0.236068725585938 0.254501342773438
0.00694990158081055 0.00769853591918945 0.0172767639160156 0.0297775268554687
0.00834131240844727 0.00642251968383789 0.2706298828125 -0.252365112304687
0.0108375549316406 -0.00175952911376953 0.0399169921875 -0.502410888671875
0.00176417827606201 0.000681281089782715 -0.343017578125 -0.2579345703125
-0.000533938407897949 0.00154829025268555 -0.316802978515625 0.1241455078125
0.0071406364440918 -0.000934600830078125 -0.100326538085938 0.228286743164063
0.000432729721069336 -0.00374436378479004 0.108963012695313 0.1522216796875
0.00411272048950195 -0.0084691047668457 0.178466796875 0.0145263671875
0.0177154541015625 -0.0105628967285156 -0.185073852539063 -0.02032470703125
0.00892257690429688 0.00708770751953125 -0.0892486572265625 -0.147750854492187
0.00795555114746094 -0.00169515609741211 0.131103515625 -0.218719482421875
-0.000406265258789062 0.0053400993347168 0.3568115234375 -0.07342529296875
-0.0146980285644531 0.00689411163330078 0.295989990234375 0.30755615234375
-0.00370216369628906 -0.0117168426513672 -0.05792236328125 0.4697265625
0.0101165771484375 0.00742912292480469 -0.23876953125 0.251434326171875
0.0145711898803711 0.00619411468505859 0.0208015441894531 0.0279159545898438
0.0141277313232422 0.00106239318847656 0.2703857421875 -0.257049560546875
0.0119028091430664 -0.00804901123046875 0.031829833984375 -0.501983642578125
-0.00013422966003418 -0.00349330902099609 -0.3466796875 -0.2493896484375
-0.00231313705444336 0.00203776359558105 -0.313079833984375 0.130157470703125
0.00590133666992188 0.00209140777587891 -0.0958099365234375 0.229293823242188
0.000184252858161926 0.000149905681610107 0.111953735351563 0.151260375976563
0.00455236434936523 -0.0042109489440918 0.178756713867188 0.0135040283203125
0.0181636810302734 -0.0059356689453125 -0.185455322265625 -0.0205841064453125
0.00952053070068359 0.010101318359375 -0.0876312255859375 -0.147872924804688
0.00703716278076172 0.00114297866821289 0.133102416992188 -0.218505859375
-0.00282001495361328 0.00491714477539063 0.3587646484375 -0.07073974609375
-0.0165061950683594 0.00294685363769531 0.292877197265625 0.31182861328125
-0.00106620788574219 -0.0187549591064453 -0.06243896484375 0.468719482421875
0.0167722702026367 0.00255775451660156 -0.240386962890625 0.249114990234375
0.0235481262207031 0.00368118286132813 0.0205612182617188 0.0270519256591797
0.0210494995117188 -0.00470542907714844 0.268798828125 -0.258468627929688
0.0135354995727539 -0.0149288177490234 0.02801513671875 -0.5001220703125
-0.00175094604492187 -0.00728893280029297 -0.348724365234375 -0.244537353515625
-0.00380301475524902 0.00243186950683594 -0.313262939453125 0.132232666015625
0.00413990020751953 0.00459861755371094 -0.094085693359375 0.230194091796875
0.000488996505737305 0.00311994552612305 0.112808227539063 0.152084350585938
0.00500202178955078 9.96589660644531E-05 0.179733276367188 0.01397705078125
0.0174856185913086 -0.00222206115722656 -0.185302734375 -0.0201263427734375
0.0107297897338867 0.0128488540649414 -0.088165283203125 -0.146759033203125
0.00540494918823242 0.0029454231262207 0.131698608398437 -0.217178344726563
-0.00428581237792969 0.00487470626831055 0.35699462890625 -0.07000732421875
-0.0171260833740234 -0.000625610351562502 0.292327880859375 0.310699462890625
0.00150108337402344 -0.0245895385742188 -0.062774658203125 0.4698486328125
0.0231914520263672 -0.00237846374511719 -0.24298095703125 0.250762939453125
0.0321502685546875 0.00138473510742188 0.0174713134765625 0.0285511016845703
0.0267505645751953 -0.00969123840332031 0.268142700195313 -0.255859375
0.0149765014648437 -0.0201835632324219 0.03021240234375 -0.498199462890625
-0.00330924987792969 -0.0104970932006836 -0.34808349609375 -0.246734619140625
-0.00493049621582031 0.0026707649230957 -0.313323974609375 0.1317138671875
0.00308799743652344 0.00659704208374023 -0.096221923828125 0.229827880859375
0.000973701477050781 0.00560283660888672 0.112274169921875 0.15252685546875
0.0049591064453125 0.00385618209838867 0.179168701171875 0.0131988525390625
0.0176849365234375 0.00104522705078125 -0.185089111328125 -0.02032470703125
0.0112152099609375 0.013789176940918 -0.08966064453125 -0.145523071289063
0.00447797775268555 0.00434970855712891 0.12786865234375 -0.2177734375
-0.00503730773925781 0.00478172302246094 0.352752685546875 -0.072265625
-0.0180740356445313 -0.00253677368164062 0.29437255859375 0.3062744140625
0.00271415710449218 -0.0288009643554688 -0.058502197265625 0.47003173828125
0.0285568237304688 -0.00647544860839844 -0.243865966796875 0.254547119140625
0.0387840270996094 -0.0003204345703125 0.0114994049072266 0.030517578125
0.0318603515625 -0.0132427215576172 0.266677856445312 -0.248809814453125
0.0163650512695312 -0.0243320465087891 0.035186767578125 -0.496124267578125
-0.00443458557128906 -0.0127010345458984 -0.34552001953125 -0.249847412109375
-0.00602483749389648 0.00280904769897461 -0.316864013671875 0.1280517578125
0.00279378890991211 0.00760698318481445 -0.101226806640625 0.230499267578125
0.000850677490234375 0.00760412216186523 0.11065673828125 0.154052734375
0.00573015213012695 0.00616979598999023 0.18072509765625 0.014678955078125
0.0178031921386719 0.002655029296875 -0.1842041015625 -0.01959228515625
0.011688232421875 0.0129823684692383 -0.093017578125 -0.142913818359375
0.00465154647827148 0.00462627410888672 0.12255859375 -0.218597412109375
-0.00559520721435547 0.00522518157958984 0.348968505859375 -0.079681396484375
-0.01885986328125 -0.00289344787597656 0.3004150390625 0.300262451171875
0.00259017944335938 -0.0303764343261719 -0.0481872558593749 0.473388671875
0.0311317443847656 -0.00875282287597656 -0.244216918945313 0.262664794921875
0.0434799194335938 -0.0014190673828125 0.00399017333984375 0.0341701507568359
0.0358238220214844 -0.0148048400878906 0.266708374023438 -0.242965698242188
0.0175094604492188 -0.0256843566894531 0.044219970703125 -0.494842529296875
-0.00496101379394531 -0.0135517120361328 -0.342010498046875 -0.2586669921875
-0.00653696060180664 0.00235414505004883 -0.321807861328125 0.122711181640625
0.00310707092285156 0.0084223747253418 -0.106536865234375 0.230056762695313
0.00125455856323242 0.00715303421020508 0.1077880859375 0.156265258789063
0.00580692291259766 0.00781822204589844 0.180557250976563 0.016143798828125
0.0181808471679688 -0.0219230651855469 -0.185623168945313 -0.0179443359375
0.00726318359375 -0.000617027282714844 -0.10052490234375 -0.143234252929688
0.0113058090209961 -0.010411262512207 0.113723754882812 -0.224136352539062
0.00501394271850586 0.00442600250244141 0.348358154296875 -0.09881591796875
-0.0115222930908203 0.0183200836181641 0.3150634765625 0.283111572265625
-0.00847721099853516 0.00417089462280273 -0.0247802734375 0.4752197265625
-0.00254917144775391 0.0175094604492188 -0.23370361328125 0.272842407226563
-0.00229930877685547 0.010066032409668 0.00375747680664063 0.0375900268554688
0.00159549713134766 0.0124092102050781 0.273056030273438 -0.238418579101563
0.0089874267578125 0.00727462768554688 0.06219482421875 -0.50286865234375
0.00371789932250977 0.00678730010986328 -0.334625244140625 -0.279998779296875
0.00187098979949951 0.000950455665588379 -0.328521728515625 0.11029052734375
0.0102977752685547 -0.00430583953857422 -0.113311767578125 0.226409912109375
0.000645637512207032 -0.009552001953125 0.103164672851563 0.15594482421875
0.00438117980957031 -0.0145044326782227 0.17864990234375 0.0169830322265625
0.0176296234130859 -0.0192737579345703 -0.185714721679688 -0.0181427001953125
0.00807285308837891 0.001739501953125 -0.096221923828125 -0.145782470703125
0.0106639862060547 -0.00796031951904297 0.1209716796875 -0.22247314453125
0.00296974182128906 0.00465869903564453 0.352874755859375 -0.089630126953125
-0.012446403503418 0.0153741836547852 0.307952880859375 0.29425048828125
-0.00794219970703125 0.000655174255371093 -0.037811279296875 0.474639892578125
-0.000436782836914061 0.0153923034667969 -0.236221313476563 0.263992309570312
0.00046539306640625 0.00903606414794922 0.0112266540527344 0.0337390899658203
0.00409221649169922 0.0104970932006836 0.273147583007813 -0.247421264648438
0.0100021362304688 0.00375461578369141 0.049591064453125 -0.5050048828125
0.00287055969238281 0.00395941734313965 -0.3399658203125 -0.2686767578125
0.00124216079711914 0.00106549263000488 -0.323211669921875 0.119171142578125
0.009246826171875 -0.00264072418212891 -0.1063232421875 0.22845458984375
0.000405788421630859 -0.00679111480712891 0.107162475585937 0.15362548828125
0.0040283203125 -0.0117549896240234 0.178268432617187 0.0148773193359375
0.0178661346435547 -0.0159397125244141 -0.186080932617188 -0.0195159912109375
0.00803375244140625 0.00454092025756836 -0.0930633544921875 -0.146865844726563
0.00954151153564453 -0.00497531890869141 0.126678466796875 -0.222076416015625
0.000865936279296875 0.00450372695922852 0.357330322265625 -0.08087158203125
-0.0136623382568359 0.0110797882080078 0.302490234375 0.301849365234375
-0.00574779510498047 -0.00530433654785156 -0.048431396484375 0.472076416015625
0.0038919448852539 0.0113992691040039 -0.236862182617187 0.257064819335938
0.00644016265869141 0.00795412063598633 0.0172271728515625 0.0301513671875
0.00875282287597656 0.00622129440307617 0.271713256835938 -0.254135131835938
0.0107040405273438 -0.00153732299804688 0.0381164550781249 -0.504180908203125
0.00150108337402344 0.000166416168212891 -0.34649658203125 -0.25885009765625
-0.000325798988342285 0.00127327442169189 -0.318023681640625 0.12615966796875
0.00748300552368164 -0.000481128692626953 -0.0998077392578125 0.230392456054688
0.000392913818359375 -0.00321578979492188 0.110931396484375 0.152633666992188
0.00450229644775391 -0.00818347930908203 0.1795654296875 0.01397705078125
0.0181217193603516 -0.0113201141357422 -0.185943603515625 -0.01922607421875
0.00921916961669922 0.00775814056396484 -0.0903472900390625 -0.147293090820313
0.00811529159545898 -0.0019984245300293 0.131057739257813 -0.220733642578125
-0.000609397888183594 0.00464725494384766 0.359832763671875 -0.074798583984375
-0.0150575637817383 0.00705814361572266 0.2974853515625 0.309417724609375
-0.00345802307128906 -0.0114049911499023 -0.0572509765625 0.47308349609375
0.0103168487548828 0.00715160369873047 -0.239395141601562 0.25335693359375
0.0146703720092773 0.00569534301757813 0.0205631256103516 0.0277309417724609
0.0143041610717773 0.000622749328613281 0.271011352539063 -0.257980346679688
0.0120983123779297 -0.00790882110595703 0.03106689453125 -0.504547119140625
-0.000136852264404297 -0.00346732139587402 -0.34869384765625 -0.2501220703125
-0.00232768058776855 0.00172591209411621 -0.31451416015625 0.1317138671875
0.00577354431152344 0.00243139266967773 -0.0960235595703125 0.23162841796875
0.000348985195159912 0.00035017728805542 0.113616943359375 0.151641845703125
0.00446462631225586 -0.00424528121948242 0.180419921875 0.0129241943359375
0.0185699462890625 -0.00636672973632813 -0.186538696289063 -0.02008056640625
0.010258674621582 0.0108356475830078 -0.0889434814453125 -0.147903442382813
0.00695657730102539 0.000847816467285156 0.132904052734375 -0.219879150390625
-0.00322103500366211 0.005126953125 0.361480712890625 -0.071868896484375
-0.0159673690795898 0.00266933441162109 0.295806884765625 0.311798095703125
-0.000654220581054687 -0.0187816619873047 -0.061981201171875 0.471588134765625
0.0167694091796875 0.00204181671142578 -0.241867065429688 0.250473022460937
0.0234642028808594 0.00335884094238281 0.0205440521240234 0.0270748138427734
0.0206546783447266 -0.00445747375488281 0.268890380859375 -0.259567260742188
0.0136404037475586 -0.0146255493164063 0.025970458984375 -0.5032958984375
-0.00247812271118164 -0.00752401351928711 -0.35174560546875 -0.24603271484375
-0.0043950080871582 0.00221872329711914 -0.314056396484375 0.134246826171875
0.00419425964355469 0.00464916229248047 -0.0940399169921875 0.232421875
0.000114202499389648 0.00351762771606445 0.113906860351562 0.152053833007813
0.00502157211303711 0.000457763671875 0.1812744140625 0.013580322265625
0.0179042816162109 -0.00244712829589844 -0.185928344726563 -0.0184173583984375
0.0117683410644531 0.0125656127929688 -0.089385986328125 -0.146835327148438
0.00512552261352539 0.00341224670410156 0.1312255859375 -0.218826293945313
-0.00439167022705078 0.00480842590332031 0.359161376953125 -0.07061767578125
-0.0172338485717773 -0.000695228576660157 0.295135498046875 0.311553955078125
0.0017242431640625 -0.0245475769042969 -0.062957763671875 0.473419189453125
0.0236492156982422 -0.00287628173828125 -0.2437744140625 0.253005981445313
0.0320072174072266 0.00136756896972656 0.0173797607421875 0.0286102294921875
0.0268745422363281 -0.00997161865234375 0.26885986328125 -0.257034301757813
0.01470947265625 -0.0200996398925781 0.02886962890625 -0.50128173828125
-0.00362968444824219 -0.0107574462890625 -0.350372314453125 -0.247833251953125
-0.00546121597290039 0.00263547897338867 -0.314239501953125 0.134033203125
0.00347328186035156 0.00661230087280273 -0.0955047607421875 0.233139038085938
0.00105381011962891 0.00612640380859375 0.11407470703125 0.152694702148438
0.00505828857421875 0.00381708145141602 0.181045532226563 0.01312255859375
0.0182914733886719 0.000383377075195313 -0.18621826171875 -0.019256591796875
0.0120029449462891 0.0138072967529297 -0.0913543701171875 -0.145416259765625
0.00496673583984375 0.00455045700073242 0.127578735351563 -0.219100952148438
-0.00547266006469727 0.00498723983764648 0.355010986328125 -0.07391357421875
-0.0180149078369141 -0.00257110595703125 0.297576904296875 0.306976318359375
0.00279808044433594 -0.0283107757568359 -0.056427001953125 0.47332763671875
0.0281829833984375 -0.00655174255371094 -0.244186401367188 0.256546020507812
0.038818359375 -0.000152587890625 0.0115528106689453 0.0310077667236328
0.0319404602050781 -0.0130538940429687 0.268096923828125 -0.25054931640625
0.016510009765625 -0.0243892669677734 0.033233642578125 -0.499053955078125
-0.00466442108154297 -0.0122432708740234 -0.347076416015625 -0.251861572265625
-0.00650978088378906 0.00280189514160156 -0.31878662109375 0.130157470703125
0.00317001342773438 0.00784206390380859 -0.100555419921875 0.23260498046875
0.0013585090637207 0.00709676742553711 0.112350463867187 0.154296875
0.00587129592895508 0.00693750381469726 0.182357788085938 0.0137939453125
0.0183792114257813 0.00216293334960938 -0.185577392578125 -0.01837158203125
0.011815071105957 0.0130977630615234 -0.0934600830078125 -0.143280029296875
0.00493431091308594 0.00455856323242188 0.122299194335938 -0.220352172851563
-0.00541448593139648 0.00512313842773438 0.35089111328125 -0.081451416015625
-0.0183448791503906 -0.0028533935546875 0.302520751953125 0.301483154296875
0.00273895263671875 -0.0303974151611328 -0.048065185546875 0.477569580078125
0.0316410064697266 -0.00926017761230469 -0.24462890625 0.264724731445313
0.0434494018554688 -0.00126266479492188 0.00407218933105469 0.0347270965576172
0.0359382629394531 -0.015472412109375 0.267547607421875 -0.243499755859375
0.0173130035400391 -0.0254573822021484 0.04339599609375 -0.497802734375
-0.0051727294921875 -0.0131006240844727 -0.3441162109375 -0.258697509765625
-0.00648117065429688 0.00262355804443359 -0.323272705078125 0.123992919921875
0.00322628021240234 0.00797319412231445 -0.106704711914063 0.232192993164063
0.00131893157958984 0.00736713409423828 0.108993530273438 0.156646728515625
0.00634241104125977 0.00804758071899414 0.181472778320313 0.0153045654296875
0.0185089111328125 -0.0226707458496094 -0.186935424804687 -0.0161895751953125
0.00781965255737305 -0.000944137573242187 -0.101776123046875 -0.143218994140625
0.0108613967895508 -0.00995826721191406 0.113143920898438 -0.226318359375
0.00440645217895508 0.0044708251953125 0.3502197265625 -0.1004638671875
-0.010772705078125 0.0186195373535156 0.31939697265625 0.283233642578125
-0.00839328765869141 0.00451326370239258 -0.023101806640625 0.4775390625
-0.0026702880859375 0.0175132751464844 -0.23419189453125 0.275360107421875
-0.00302886962890625 0.00961875915527344 0.00371932983398438 0.0375137329101562
0.00142955780029297 0.012385368347168 0.274581909179688 -0.241043090820313
0.00911331176757813 0.00741863250732422 0.06005859375 -0.5081787109375
0.00365829467773437 0.00705337524414062 -0.337738037109375 -0.28118896484375
0.00171983242034912 0.000906467437744141 -0.33099365234375 0.112823486328125
0.0105905532836914 -0.00413322448730469 -0.1134033203125 0.228744506835938
0.000507354736328126 -0.00921535491943359 0.105117797851563 0.15631103515625
0.00444507598876953 -0.0146322250366211 0.180068969726563 0.0159149169921875
0.0178337097167969 -0.0202255249023438 -0.186553955078125 -0.0166168212890625
0.00858306884765625 0.0014033317565918 -0.097747802734375 -0.146408081054688
0.01055908203125 -0.00790977478027344 0.120391845703125 -0.224578857421875
0.0032813549041748 0.00434732437133789 0.35546875 -0.09112548828125
-0.0118932723999023 0.0158357620239258 0.3115234375 0.293792724609375
-0.00729656219482422 0.000756263732910155 -0.03741455078125 0.4771728515625
-0.000267028808593751 0.0153789520263672 -0.236358642578125 0.26678466796875
0.000173568725585937 0.00911617279052734 0.0117168426513672 0.0335273742675781
0.00411605834960937 0.0104255676269531 0.273971557617188 -0.250030517578125
0.0100507736206055 0.00410270690917969 0.0477294921874999 -0.5084228515625
0.0035548210144043 0.0038902759552002 -0.343658447265625 -0.2705078125
0.000974178314208984 0.00101238489151001 -0.32513427734375 0.120880126953125
0.00917148590087891 -0.00259304046630859 -0.1058349609375 0.2305908203125
0.000345230102539063 -0.00669288635253906 0.108810424804688 0.153427124023438
0.00376987457275391 -0.0118379592895508 0.179779052734375 0.01385498046875
0.018218994140625 -0.0162372589111328 -0.187423706054688 -0.0174560546875
0.00903034210205078 0.00466632843017578 -0.0946807861328125 -0.146560668945313
0.00918006896972656 -0.00516605377197266 0.126190185546875 -0.22393798828125
0.000730514526367187 0.00453615188598633 0.35919189453125 -0.084136962890625
-0.0135984420776367 0.0116920471191406 0.3060302734375 0.303619384765625
-0.00543928146362305 -0.00522136688232422 -0.04791259765625 0.47650146484375
0.00375843048095703 0.0119113922119141 -0.237686157226562 0.259674072265625
0.00644350051879883 0.00739955902099609 0.0175094604492188 0.0300045013427734
0.00871753692626953 0.00598669052124023 0.271255493164063 -0.256301879882813
0.0109958648681641 -0.00165557861328125 0.036376953125 -0.508514404296875
0.00187027454376221 0.000517487525939941 -0.34893798828125 -0.258758544921875
-0.000432610511779785 0.00140988826751709 -0.320068359375 0.128662109375
0.00774192810058594 -0.000650882720947266 -0.0993194580078125 0.232513427734375
-1.7881393432617E-05 -0.00348472595214844 0.11260986328125 0.153366088867188
0.00463008880615234 -0.00844335556030273 0.180862426757813 0.0129241943359375
0.0182666778564453 -0.0118007659912109 -0.1876220703125 -0.017791748046875
0.00984764099121094 0.00753116607666016 -0.09210205078125 -0.147384643554688
0.00781488418579102 -0.00160408020019531 0.130264282226563 -0.222640991210938
-0.000773429870605469 0.00503253936767578 0.3616943359375 -0.0777587890625
-0.0146427154541016 0.00695419311523438 0.3013916015625 0.3094482421875
-0.00325489044189453 -0.0114765167236328 -0.05615234375 0.47662353515625
0.0104179382324219 0.00735187530517578 -0.239959716796875 0.255828857421875
0.0140905380249023 0.00560188293457031 0.0209026336669922 0.0277633666992188
0.0144977569580078 0.000749588012695312 0.272491455078125 -0.261581420898438
0.0122947692871094 -0.00779438018798828 0.028717041015625 -0.50872802734375
-6.79492950439452E-05 -0.00367403030395508 -0.352386474609375 -0.250579833984375
-0.00232291221618652 0.00178718566894531 -0.31610107421875 0.133148193359375
0.00628995895385742 0.00215339660644531 -0.095367431640625 0.233932495117188
0.000636935234069824 0.000184357166290283 0.11492919921875 0.151397705078125
0.00478124618530273 -0.00404596328735352 0.182205200195313 0.0118865966796875
0.0185203552246094 -0.00710678100585938 -0.187408447265625 -0.0182952880859375
0.010772705078125 0.0106601715087891 -0.0907440185546875 -0.147735595703125
0.00682401657104492 0.00134181976318359 0.132614135742187 -0.221450805664063
-0.0028071403503418 0.00494766235351563 0.36260986328125 -0.074188232421875
-0.015345573425293 0.00266456604003906 0.2984619140625 0.31207275390625
-0.000604629516601563 -0.0184535980224609 -0.060028076171875 0.474853515625
0.0173282623291016 0.0018310546875 -0.24249267578125 0.253799438476563
0.023590087890625 0.00300979614257813 0.0209751129150391 0.0271091461181641
0.0209980010986328 -0.0052947998046875 0.27056884765625 -0.261627197265625
0.0132980346679687 -0.0147323608398437 0.02484130859375 -0.507049560546875
-0.00210475921630859 -0.00733232498168945 -0.355133056640625 -0.246917724609375
-0.00433993339538574 0.00217843055725098 -0.315582275390625 0.13671875
0.00481367111206055 0.00496768951416016 -0.0937652587890625 0.234375
0.000463008880615234 0.00360798835754394 0.116485595703125 0.152328491210938
0.00526523590087891 0.000251293182373047 0.183135986328125 0.0123748779296875
0.0181007385253906 -0.00337409973144531 -0.18701171875 -0.0168609619140625
0.0121145248413086 0.013035774230957 -0.0903472900390625 -0.146835327148438
0.00521183013916016 0.00345802307128906 0.130966186523437 -0.220428466796875
-0.00415611267089844 0.00515222549438476 0.360382080078125 -0.0728759765625
-0.0166072845458984 -0.000557899475097658 0.297576904296875 0.3126220703125
0.00168800354003906 -0.0249729156494141 -0.062225341796875 0.475341796875
0.0237026214599609 -0.00261116027832031 -0.244125366210937 0.255081176757813
0.0320110321044922 0.000974655151367188 0.0176658630371094 0.0285797119140625
0.0271186828613281 -0.00997734069824219 0.26947021484375 -0.259552001953125
0.0147418975830078 -0.0207023620605469 0.027587890625 -0.50421142578125
-0.00400543212890625 -0.0107402801513672 -0.352325439453125 -0.247283935546875
-0.00541543960571289 0.00258779525756836 -0.316802978515625 0.136138916015625
0.00388145446777344 0.00676918029785156 -0.0960693359375 0.2344970703125
0.000950336456298829 0.00626993179321289 0.11572265625 0.15252685546875
0.00533628463745117 0.00372934341430664 0.1826171875 0.0120849609375
0.0185565948486328 -0.000581741333007812 -0.187118530273438 -0.017486572265625
0.0124187469482422 0.0140857696533203 -0.092010498046875 -0.145278930664063
0.00457525253295898 0.00437259674072266 0.126998901367188 -0.221435546875
-0.00537919998168945 0.00531387329101562 0.358062744140625 -0.07586669921875
-0.0175304412841797 -0.00236701965332031 0.301605224609375 0.3089599609375
0.0033721923828125 -0.0284557342529297 -0.05596923828125 0.476226806640625
0.0289459228515625 -0.00695991516113281 -0.245254516601562 0.259445190429688
0.0386962890625 -0.000759124755859375 0.0113983154296875 0.0306549072265625
0.0321292877197266 -0.0138530731201172 0.26837158203125 -0.253128051757813
0.0160694122314453 -0.0242404937744141 0.03271484375 -0.502899169921875
-0.00460720062255859 -0.012944221496582 -0.350616455078125 -0.250579833984375
-0.00637006759643555 0.00266027450561523 -0.319549560546875 0.131927490234375
0.00316143035888672 0.00760459899902344 -0.100082397460938 0.23480224609375
0.00144720077514649 0.00813961029052734 0.1143798828125 0.154861450195313
0.00640869140625 0.00655126571655274 0.183685302734375 0.013153076171875
0.0189075469970703 0.00134658813476563 -0.1864013671875 -0.0171051025390625
0.0129671096801758 0.0136051177978516 -0.095001220703125 -0.143157958984375
0.00475072860717773 0.00466680526733398 0.121902465820312 -0.222076416015625
-0.00543928146362305 0.00517177581787109 0.352508544921875 -0.08380126953125
-0.0182533264160156 -0.00269699096679687 0.305755615234375 0.3009033203125
0.00322151184082031 -0.0309181213378906 -0.046173095703125 0.480438232421875
0.0316867828369141 -0.00917243957519531 -0.244705200195313 0.267608642578125
0.0436134338378906 -0.00186920166015625 0.00411605834960937 0.0346851348876953
0.0357704162597656 -0.0157470703125 0.267501831054688 -0.246414184570313
0.0172576904296875 -0.0258274078369141 0.041290283203125 -0.501495361328125
-0.00487136840820313 -0.0133352279663086 -0.348114013671875 -0.260406494140625
-0.00674533843994141 0.00221395492553711 -0.324798583984375 0.126953125
0.00380659103393555 0.00772237777709961 -0.106063842773438 0.234146118164063
0.0015406608581543 0.00780153274536133 0.111038208007813 0.15667724609375
0.00626182556152344 0.00797128677368164 0.18292236328125 0.0148468017578125
0.0185966491699219 -0.02325439453125 -0.188446044921875 -0.014984130859375
0.0085148811340332 -0.000820159912109375 -0.103240966796875 -0.142898559570313
0.0113353729248047 -0.010167121887207 0.112167358398437 -0.228103637695312
0.00421762466430664 0.0042266845703125 0.351806640625 -0.10321044921875
-0.010711669921875 0.0187740325927734 0.32305908203125 0.284149169921875
-0.0078887939453125 0.00411462783813476 -0.02044677734375 0.4814453125
-0.00223159790039063 0.0177078247070313 -0.234725952148438 0.277877807617187
-0.0032806396484375 0.00953102111816406 0.00335693359375 0.0376739501953125
0.00161170959472656 0.0123224258422852 0.275604248046875 -0.243911743164062
0.0095062255859375 0.00774669647216797 0.0584716796875 -0.512603759765625
0.00415325164794922 0.00703144073486328 -0.342437744140625 -0.2806396484375
0.00203490257263184 0.000918149948120117 -0.331939697265625 0.114990234375
0.01080322265625 -0.00421047210693359 -0.112548828125 0.231689453125
0.000861167907714844 -0.00921058654785156 0.1072998046875 0.156600952148438
0.00475692749023438 -0.0146913528442383 0.181716918945312 0.0150909423828125
0.0178184509277344 -0.0204124450683594 -0.188064575195313 -0.014923095703125
0.00916004180908203 0.00167083740234375 -0.099700927734375 -0.145156860351563
0.00998878479003906 -0.00750255584716797 0.119873046875 -0.226470947265625
0.00307893753051758 0.00440025329589844 0.357330322265625 -0.0953369140625
-0.0113716125488281 0.0154886245727539 0.316070556640625 0.29522705078125
-0.00715017318725586 0.000662803649902343 -0.034912109375 0.4820556640625
-0.000659942626953127 0.0154685974121094 -0.2373046875 0.269638061523437
-0.000186920166015625 0.00901317596435547 0.0116119384765625 0.034210205078125
0.00435447692871094 0.0102815628051758 0.27496337890625 -0.252639770507813
0.00999641418457031 0.00418758392333984 0.046478271484375 -0.51116943359375
0.00313854217529297 0.00391006469726563 -0.346710205078125 -0.270111083984375
0.00125491619110107 0.000835061073303223 -0.3265380859375 0.12359619140625
0.00934696197509766 -0.00267124176025391 -0.105316162109375 0.233047485351562
0.000388622283935546 -0.0067744255065918 0.111129760742188 0.154281616210938
0.00413703918457031 -0.0120611190795898 0.181869506835938 0.012664794921875
0.0185222625732422 -0.0173282623291016 -0.18914794921875 -0.0160980224609375
0.00943374633789063 0.00409030914306641 -0.0958251953125 -0.147018432617188
0.00939750671386719 -0.00525569915771484 0.12567138671875 -0.2261962890625
0.000634193420410157 0.00471115112304688 0.361724853515625 -0.086822509765625
-0.0128164291381836 0.0117254257202148 0.309356689453125 0.302276611328125
-0.00513696670532227 -0.00512981414794922 -0.046112060546875 0.480438232421875
0.00479221343994141 0.0115528106689453 -0.237411499023437 0.262725830078125
0.00642251968383789 0.00747394561767578 0.017822265625 0.0301895141601563
0.00862789154052734 0.00561332702636719 0.273422241210938 -0.258941650390625
0.0108175277709961 -0.00142955780029297 0.034271240234375 -0.512451171875
0.00177001953125 0.00033724308013916 -0.353973388671875 -0.259613037109375
-0.000587701797485351 0.00153541564941406 -0.321563720703125 0.13128662109375
0.0077357292175293 -0.000673770904541016 -0.098785400390625 0.234832763671875
0.000260591506958008 -0.00300407409667969 0.114837646484375 0.15277099609375
0.00487804412841797 -0.00896358489990235 0.183151245117187 0.01202392578125
0.0185508728027344 -0.0127601623535156 -0.189178466796875 -0.01617431640625
0.0106143951416016 0.00818920135498047 -0.093536376953125 -0.147613525390625
0.0072321891784668 -0.00147914886474609 0.129470825195313 -0.224044799804688
-0.000881671905517578 0.004852294921875 0.364654541015625 -0.080596923828125
-0.0142116546630859 0.00719165802001953 0.3048095703125 0.3095703125
-0.00246810913085938 -0.0119085311889648 -0.054290771484375 0.480133056640625
0.0104169845581055 0.0070953369140625 -0.239822387695312 0.258804321289063
0.0138750076293945 0.00547885894775391 0.0211257934570313 0.0282783508300781
0.0146121978759766 0.000619888305664063 0.272491455078125 -0.263320922851562
0.0120534896850586 -0.00795841217041015 0.026580810546875 -0.51300048828125
4.36305999755861E-05 -0.00356769561767578 -0.35626220703125 -0.25091552734375
-0.00272488594055176 0.00180459022521973 -0.317474365234375 0.13623046875
0.00603151321411133 0.00238561630249023 -0.09454345703125 0.235763549804688
0.000296503305435181 0.000217080116271973 0.11700439453125 0.151321411132813
0.00510454177856445 -0.00415754318237305 0.183349609375 0.0110931396484375
0.0185737609863281 -0.00752067565917969 -0.189056396484375 -0.0167999267578125
0.0111360549926758 0.0105314254760742 -0.09173583984375 -0.147933959960938
0.00641918182373047 0.00157356262207031 0.132431030273438 -0.223709106445313
-0.00279760360717773 0.00483894348144531 0.364898681640625 -0.077117919921875
-0.0155715942382812 0.00270366668701172 0.3037109375 0.31365966796875
-0.000431060791015626 -0.0191364288330078 -0.059356689453125 0.479583740234375
0.0177040100097656 0.00224113464355469 -0.24249267578125 0.256423950195313
0.0232028961181641 0.00301933288574219 0.0212478637695313 0.0276145935058594
0.0208110809326172 -0.00557708740234375 0.269943237304687 -0.26483154296875
0.0138206481933594 -0.0150480270385742 0.022247314453125 -0.510894775390625
-0.00217199325561523 -0.0078887939453125 -0.35858154296875 -0.24786376953125
-0.00465726852416992 0.00276088714599609 -0.316680908203125 0.13897705078125
0.00464248657226563 0.00441837310791016 -0.0926055908203125 0.237472534179687
0.000535964965820313 0.0038447380065918 0.118560791015625 0.15252685546875
0.0055241584777832 -0.000201225280761719 0.184738159179688 0.0110321044921875
0.0181770324707031 -0.00401878356933594 -0.188491821289062 -0.016082763671875
0.0125608444213867 0.0127029418945313 -0.092254638671875 -0.147140502929688
0.00528192520141602 0.00351285934448242 0.130294799804688 -0.222686767578125
-0.00481128692626953 0.0048680305480957 0.364105224609375 -0.076171875
-0.0163679122924805 -0.000461578369140628 0.302703857421875 0.313323974609375
0.00167083740234375 -0.0249843597412109 -0.0599365234375 0.479888916015625
0.0241985321044922 -0.00326919555664062 -0.244247436523438 0.257644653320313
0.0318679809570313 0.0010986328125 0.0180568695068359 0.0290489196777344
0.0268764495849609 -0.0102005004882813 0.270217895507813 -0.26220703125
0.0153884887695313 -0.0204715728759766 0.0255126953125 -0.50848388671875
-0.00397300720214844 -0.01043701171875 -0.3575439453125 -0.248046875
-0.00538206100463867 0.00234508514404297 -0.31805419921875 0.138580322265625
0.00392293930053711 0.00684452056884766 -0.09478759765625 0.237686157226563
0.00127983093261719 0.00597906112670898 0.117996215820313 0.153396606445313
0.00603103637695313 0.00380134582519531 0.184280395507813 0.0111236572265625
0.0186595916748047 -0.000841140747070313 -0.188690185546875 -0.0158843994140625
0.0133152008056641 0.0142316818237305 -0.09344482421875 -0.145034790039063
0.00471019744873047 0.00477790832519531 0.126083374023438 -0.223098754882813
-0.00588130950927734 0.00496864318847656 0.35980224609375 -0.079803466796875
-0.0171518325805664 -0.00214576721191406 0.304718017578125 0.308319091796875
0.00308799743652343 -0.0287342071533203 -0.055267333984375 0.481597900390625
0.0288581848144531 -0.00692558288574219 -0.245208740234375 0.262588500976563
0.0388298034667969 -0.000904083251953125 0.0125350952148438 0.0311145782470703
0.0319252014160156 -0.0142459869384766 0.269683837890625 -0.256561279296875
0.0161113739013672 -0.0243930816650391 0.031158447265625 -0.5054931640625
-0.0046539306640625 -0.0128726959228516 -0.35467529296875 -0.251800537109375
-0.00637626647949219 0.00261640548706055 -0.3214111328125 0.134521484375
0.0035252571105957 0.00799560546875 -0.0989837646484375 0.237228393554687
0.00218868255615234 0.00795841217041016 0.116714477539063 0.154876708984375
0.00634336471557617 0.00592374801635742 0.185104370117187 0.0115966796875
0.0188999176025391 0.000623703002929688 -0.187713623046875 -0.015869140625
0.0134649276733398 0.0133829116821289 -0.096771240234375 -0.143447875976563
0.00431585311889648 0.0050663948059082 0.121673583984375 -0.224014282226563
-0.00567293167114258 0.0046844482421875 0.35546875 -0.085174560546875
-0.0179538726806641 -0.0027008056640625 0.309173583984375 0.30279541015625
0.00313377380371094 -0.0304355621337891 -0.0455322265625 0.484649658203125
0.0320243835449219 -0.00963973999023438 -0.245758056640625 0.270126342773438
0.0431137084960937 -0.00225830078125 0.00444221496582031 0.0344581604003906
0.0360450744628906 -0.0159683227539063 0.268280029296875 -0.24847412109375
0.0173778533935547 -0.0261402130126953 0.03961181640625 -0.50445556640625
-0.00535678863525391 -0.0135660171508789 -0.35272216796875 -0.2606201171875
-0.00706672668457031 0.00235366821289063 -0.3265380859375 0.128875732421875
0.00357723236083984 0.00815868377685547 -0.105606079101562 0.236862182617187
0.00197076797485352 0.00776863098144531 0.113296508789062 0.156570434570313
0.00685024261474609 0.00802803039550781 0.185073852539063 0.0132293701171875
0.0187187194824219 -0.0243186950683594 -0.189697265625 -0.012908935546875
0.00889873504638672 -0.00064849853515625 -0.105056762695313 -0.142623901367188
0.0110502243041992 -0.0100240707397461 0.111068725585938 -0.230239868164063
0.00413775444030762 0.00423932075500488 0.3524169921875 -0.106903076171875
-0.00967597961425782 0.0187702178955078 0.32781982421875 0.28338623046875
-0.00747156143188476 0.00471591949462891 -0.017547607421875 0.4847412109375
-0.00235939025878906 0.0175609588623047 -0.233978271484375 0.2823486328125
-0.00343894958496094 0.0096435546875 0.00408172607421875 0.0380706787109375
0.00183773040771484 0.0120410919189453 0.27545166015625 -0.246246337890625
0.00937366485595703 0.00795650482177734 0.055633544921875 -0.515472412109375
0.00408744812011719 0.00674581527709961 -0.34637451171875 -0.280914306640625
0.00184714794158936 0.000644445419311523 -0.3338623046875 0.119110107421875
0.0105991363525391 -0.00459098815917969 -0.1114501953125 0.234100341796875
0.000418663024902344 -0.00903511047363281 0.109771728515625 0.156768798828125
0.00456142425537109 -0.0153036117553711 0.183761596679688 0.0136260986328125
0.0177040100097656 -0.0214519500732422 -0.189285278320313 -0.0131072998046875
0.00909328460693359 0.0017242431640625 -0.101104736328125 -0.14483642578125
0.00975227355957031 -0.00783061981201172 0.118148803710937 -0.228836059570313
0.00304889678955078 0.00460100173950195 0.358612060546875 -0.098663330078125
-0.0111875534057617 0.0159683227539063 0.320159912109375 0.2958984375
-0.00653839111328125 0.000994205474853515 -0.032196044921875 0.48541259765625
-6.67572021484362E-06 0.0152606964111328 -0.23590087890625 0.273361206054687
-9.2506408691407E-05 0.00893402099609375 0.0120792388916016 0.0339851379394531
0.00433063507080078 0.00987339019775391 0.274765014648438 -0.255233764648438
0.0102939605712891 0.00425815582275391 0.042327880859375 -0.517486572265625
0.00315642356872559 0.0040888786315918 -0.35089111328125 -0.2701416015625
0.00093388557434082 0.00079953670501709 -0.32769775390625 0.1273193359375
0.00938224792480469 -0.00265407562255859 -0.104263305664063 0.235809326171875
0.000501155853271485 -0.00646209716796875 0.113479614257813 0.153701782226563
0.00424861907958984 -0.012333869934082 0.183395385742188 0.011566162109375
0.0183868408203125 -0.0181541442871094 -0.190139770507813 -0.0141143798828125
0.00968170166015625 0.00452232360839844 -0.0978546142578125 -0.146209716796875
0.00871419906616211 -0.00467967987060547 0.124847412109375 -0.228469848632812
0.000435352325439453 0.00427460670471191 0.36358642578125 -0.091033935546875
-0.0124921798706055 0.0119190216064453 0.313446044921875 0.30303955078125
-0.00483560562133789 -0.0050506591796875 -0.04315185546875 0.484893798828125
0.00427436828613281 0.0116815567016602 -0.237442016601562 0.266433715820313
0.00593137741088867 0.00777769088745117 0.01800537109375 0.0299224853515625
0.00879001617431641 0.00550270080566406 0.273773193359375 -0.263290405273438
0.0108795166015625 -0.00143051147460937 0.030548095703125 -0.516357421875
0.00164270401000977 0.00064849853515625 -0.357330322265625 -0.2593994140625
-0.000803053379058838 0.00104826688766479 -0.322540283203125 0.134033203125
0.00790739059448242 -0.000795364379882813 -0.0974884033203125 0.237457275390625
0.000330924987792968 -0.00303292274475098 0.117202758789063 0.152374267578125
0.00479984283447266 -0.00891876220703125 0.184921264648438 0.0104217529296875
0.018463134765625 -0.0136337280273438 -0.189682006835938 -0.0139923095703125
0.0111265182495117 0.00755977630615234 -0.095306396484375 -0.147445678710937
0.00748777389526367 -0.000962734222412109 0.128997802734375 -0.2269287109375
-0.00105047225952148 0.00490713119506836 0.36578369140625 -0.083953857421875
-0.0140810012817383 0.00694942474365234 0.31011962890625 0.309844970703125
-0.00252056121826172 -0.0116462707519531 -0.053009033203125 0.48419189453125
0.0106887817382813 0.00665855407714844 -0.239852905273438 0.26239013671875
0.0140447616577148 0.00510883331298828 0.0213565826416016 0.0280838012695313
0.0148839950561523 -2.6702880859375E-05 0.272018432617188 -0.267044067382813
0.0124750137329102 -0.00804901123046875 0.02301025390625 -0.516998291015625
0.000169992446899414 -0.00383353233337402 -0.362152099609375 -0.25054931640625
-0.00234651565551758 0.00197958946228027 -0.319061279296875 0.14007568359375
0.00671148300170898 0.00224733352661133 -0.09332275390625 0.238967895507813
0.000621259212493896 0.000554025173187256 0.119888305664063 0.15179443359375
0.00502586364746094 -0.00444984436035156 0.1849365234375 0.0092926025390625
0.0187187194824219 -0.00876426696777344 -0.190460205078125 -0.014923095703125
0.0117912292480469 0.0111160278320313 -0.093658447265625 -0.147598266601563
0.00640773773193359 0.00173044204711914 0.1309814453125 -0.226470947265625
-0.00339841842651367 0.00476360321044922 0.36773681640625 -0.08099365234375
-0.0147686004638672 0.0032358169555664 0.30792236328125 0.31292724609375
0.000221252441406252 -0.0190296173095703 -0.0575866699218749 0.4837646484375
0.0172233581542969 0.00174808502197266 -0.241912841796875 0.26031494140625
0.0231723785400391 0.00245285034179687 0.0219326019287109 0.0277347564697266
0.0209159851074219 -0.0053863525390625 0.271286010742188 -0.2686767578125
0.0134353637695312 -0.0146751403808594 0.018341064453125 -0.514434814453125
-0.00203466415405273 -0.00807523727416992 -0.362823486328125 -0.246490478515625
-0.0044097900390625 0.00213479995727539 -0.318267822265625 0.14337158203125
0.00488662719726563 0.00467729568481445 -0.09161376953125 0.239791870117187
0.00101113319396973 0.00364565849304199 0.121139526367188 0.15264892578125
0.00566339492797852 0.000313282012939453 0.18603515625 0.009307861328125
0.018585205078125 -0.00462722778320313 -0.189926147460938 -0.0139923095703125
0.0133743286132813 0.0128955841064453 -0.09375 -0.146682739257813
0.00520133972167969 0.0039677619934082 0.128921508789062 -0.225143432617188
-0.00501346588134766 0.00510835647583008 0.364837646484375 -0.0804443359375
-0.0163326263427734 -0.000971794128417971 0.30645751953125 0.312530517578125
0.0022125244140625 -0.0251388549804688 -0.057769775390625 0.483856201171875
0.0241298675537109 -0.00329399108886719 -0.24468994140625 0.261367797851562
0.0316047668457031 0.000761032104492188 0.0186939239501953 0.0287933349609375
0.0269870758056641 -0.0106925964355469 0.271133422851563 -0.265640258789063
0.0149669647216797 -0.0207309722900391 0.0208740234375 -0.51202392578125
-0.00387859344482422 -0.0111045837402344 -0.362060546875 -0.24725341796875
-0.00506877899169922 0.00248146057128906 -0.31939697265625 0.1419677734375
0.00418949127197266 0.00686883926391602 -0.0938262939453125 0.2398681640625
0.00158166885375977 0.00660467147827148 0.120223999023438 0.152786254882813
0.00587892532348633 0.00399160385131836 0.185714721679688 0.00927734375
0.0190544128417969 -0.00191307067871094 -0.19000244140625 -0.0141143798828125
0.0136756896972656 0.0138578414916992 -0.095245361328125 -0.14501953125
0.00489139556884766 0.00490379333496094 0.125747680664063 -0.225296020507813
-0.00573539733886719 0.00539541244506836 0.362579345703125 -0.0830078125
-0.016963005065918 -0.00243949890136719 0.309814453125 0.308319091796875
0.00302696228027344 -0.0291595458984375 -0.051788330078125 0.484375
0.0294742584228516 -0.00753974914550781 -0.2457275390625 0.26605224609375
0.0389137268066406 -0.00134658813476563 0.01239013671875 0.0314121246337891
0.0324974060058594 -0.0147361755371094 0.270339965820313 -0.259811401367188
0.0162334442138672 -0.0247001647949219 0.027740478515625 -0.509613037109375
-0.004852294921875 -0.0126533508300781 -0.35894775390625 -0.25152587890625
-0.00689506530761719 0.00283336639404297 -0.322845458984375 0.138214111328125
0.00358343124389648 0.00829887390136719 -0.0982208251953125 0.239990234375
0.00198078155517578 0.00830078125 0.118896484375 0.154525756835938
0.00629949569702148 0.00646686553955078 0.187057495117188 0.01043701171875
0.0188713073730469 -0.000165939331054688 -0.189315795898438 -0.0133209228515625
0.0141801834106445 0.0131893157958984 -0.0985107421875 -0.142410278320312
0.00474882125854492 0.00513982772827148 0.120315551757813 -0.226898193359375
-0.0055241584777832 0.0050206184387207 0.356353759765625 -0.089874267578125
-0.0176239013671875 -0.00260543823242187 0.31427001953125 0.302581787109375
0.00314140319824219 -0.0308704376220703 -0.041778564453125 0.488128662109375
0.0326652526855469 -0.00976943969726563 -0.245468139648438 0.273818969726563
0.0432395935058594 -0.00254440307617188 0.0044708251953125 0.0353813171386719
0.0356864929199219 -0.0164985656738281 0.268936157226563 -0.253448486328125
0.0178241729736328 -0.0264034271240234 0.03680419921875 -0.5096435546875
-0.00535297393798828 -0.0137481689453125 -0.35577392578125 -0.26043701171875
-0.00715112686157227 0.00279617309570313 -0.328582763671875 0.132720947265625
0.00381994247436523 0.00824260711669922 -0.104476928710938 0.23980712890625
0.00193643569946289 0.00809335708618164 0.115631103515625 0.156768798828125
0.00704431533813476 0.00812911987304687 0.1865234375 0.011444091796875
0.0185890197753906 -0.0252647399902344 -0.1907958984375 -0.0105133056640625
0.00936794281005859 -0.000963211059570313 -0.10736083984375 -0.142059326171875
0.0107717514038086 -0.00990676879882813 0.109466552734375 -0.2325439453125
0.00377321243286133 0.00394296646118164 0.35479736328125 -0.11090087890625
-0.00911331176757813 0.0187358856201172 0.33184814453125 0.281158447265625
-0.00723695755004883 0.00466680526733399 -0.0145263671875 0.48846435546875
-0.00210762023925781 0.0175151824951172 -0.233306884765625 0.2857666015625
-0.00378799438476562 0.00949764251708984 0.0040283203125 0.0384140014648438
0.00151348114013672 0.0119390487670898 0.274871826171875 -0.250076293945313
0.00979900360107422 0.00815391540527344 0.0515441894531251 -0.51849365234375
0.0040283203125 0.00714683532714844 -0.35125732421875 -0.280609130859375
0.00215625762939453 0.000869274139404297 -0.33538818359375 0.1231689453125
0.0109443664550781 -0.00469779968261719 -0.109664916992187 0.236862182617188
0.000520706176757813 -0.0089569091796875 0.111892700195313 0.15576171875
0.00433731079101563 -0.0150585174560547 0.185195922851563 0.01190185546875
0.0177707672119141 -0.02252197265625 -0.19024658203125 -0.0113525390625
0.010014533996582 0.00156497955322266 -0.102813720703125 -0.14453125
0.0100212097167969 -0.00783157348632813 0.1170654296875 -0.231307983398438
0.00239229202270508 0.00460481643676758 0.360260009765625 -0.102508544921875
-0.0110006332397461 0.0159091949462891 0.32489013671875 0.29296875
-0.0061492919921875 0.000603675842285156 -0.0286865234375 0.4884033203125
0.000131607055664061 0.0152549743652344 -0.235565185546875 0.277435302734375
-0.000396728515625 0.00907230377197266 0.0122337341308594 0.0338993072509766
0.00413990020751953 0.00983715057373047 0.274826049804688 -0.2601318359375
0.0104732513427734 0.00411033630371094 0.037384033203125 -0.5189208984375
0.00362634658813477 0.00422215461730957 -0.356414794921875 -0.269317626953125
0.000983893871307373 0.00100809335708618 -0.328460693359375 0.13104248046875
0.0100860595703125 -0.00294685363769531 -0.10247802734375 0.238418579101563
0.000600814819335937 -0.00645971298217774 0.116012573242188 0.153030395507813
0.0039520263671875 -0.0128765106201172 0.18505859375 0.0094757080078125
0.0185165405273438 -0.0191421508789063 -0.191726684570313 -0.012237548828125
0.0106983184814453 0.00459671020507813 -0.0997314453125 -0.14599609375
0.009033203125 -0.00461387634277344 0.123077392578125 -0.23046875
0.000566005706787109 0.0047459602355957 0.364898681640625 -0.094635009765625
-0.011810302734375 0.0120782852172852 0.318267822265625 0.302337646484375
-0.00424909591674805 -0.00513553619384766 -0.03955078125 0.4884033203125
0.00491905212402344 0.0113010406494141 -0.237136840820313 0.270004272460938
0.00567340850830078 0.00691938400268555 0.0187282562255859 0.0303535461425781
0.00858592987060547 0.00508308410644531 0.272476196289063 -0.267364501953125
0.0116481781005859 -0.00149154663085938 0.025848388671875 -0.519439697265625
0.00169742107391357 0.000520110130310058 -0.3621826171875 -0.257598876953125
-0.000848174095153809 0.00124919414520264 -0.323699951171875 0.13873291015625
0.00811290740966797 -0.000710964202880859 -0.095947265625 0.240158081054688
0.000262975692749023 -0.00294160842895508 0.11956787109375 0.15289306640625
0.00483512878417969 -0.00896549224853516 0.186248779296875 0.0086669921875
0.0185337066650391 -0.0144443511962891 -0.1912841796875 -0.011962890625
0.0120983123779297 0.00759029388427734 -0.09710693359375 -0.1466064453125
0.0078277587890625 -0.00166225433349609 0.127105712890625 -0.229583740234375
-0.00142717361450195 0.00490188598632813 0.3677978515625 -0.08795166015625
-0.0133504867553711 0.00744819641113282 0.314117431640625 0.30859375
-0.00251388549804688 -0.01202392578125 -0.048553466796875 0.48724365234375
0.0106477737426758 0.00669479370117188 -0.239089965820313 0.266250610351562
0.0137224197387695 0.00529003143310547 0.0216751098632813 0.0285663604736328
0.0146808624267578 -0.000284194946289063 0.272430419921875 -0.271774291992188
0.0123329162597656 -0.00835323333740234 0.01849365234375 -0.519378662109375
-0.000508785247802734 -0.00390791893005371 -0.364898681640625 -0.250274658203125
-0.00237298011779785 0.00175642967224121 -0.32012939453125 0.143524169921875
0.00655698776245117 0.00229835510253906 -0.091339111328125 0.241424560546875
0.000410467386245728 0.000508010387420654 0.122055053710938 0.150787353515625
0.00496673583984375 -0.00431966781616211 0.186676025390625 0.0073699951171875
0.0190849304199219 -0.00957679748535156 -0.191482543945312 -0.0129241943359375
0.0124244689941406 0.010711669921875 -0.095489501953125 -0.14691162109375
0.00607061386108399 0.00201749801635742 0.129364013671875 -0.22821044921875
-0.00363683700561523 0.00456809997558594 0.368499755859375 -0.084686279296875
-0.0150480270385742 0.00322341918945313 0.312591552734375 0.31243896484375
0.000347137451171876 -0.0190105438232422 -0.052978515625 0.4876708984375
0.0178489685058594 0.00112342834472656 -0.241683959960938 0.26385498046875
0.0230140686035156 0.002777099609375 0.0218086242675781 0.0278854370117188
0.0204982757568359 -0.00603866577148437 0.269805908203125 -0.272567749023438
0.0137128829956055 -0.0149154663085938 0.014068603515625 -0.517547607421875
-0.00241279602050781 -0.00782299041748047 -0.366851806640625 -0.244720458984375
-0.00434756278991699 0.00229287147521973 -0.319000244140625 0.146209716796875
0.00507640838623047 0.00422763824462891 -0.089752197265625 0.2418212890625
0.000845670700073243 0.0041968822479248 0.12359619140625 0.151458740234375
0.00609350204467773 -7.67707824707031E-05 0.1876220703125 0.0077667236328125
0.0188732147216797 -0.00530052185058594 -0.190628051757812 -0.0114288330078125
0.0138397216796875 0.0127391815185547 -0.0957489013671875 -0.146072387695313
0.00536918640136719 0.00417661666870117 0.127670288085937 -0.227630615234375
-0.0050501823425293 0.0051727294921875 0.36761474609375 -0.084381103515625
-0.0162181854248047 -0.000562667846679686 0.312255859375 0.31219482421875
0.00242042541503906 -0.0251483917236328 -0.053802490234375 0.48785400390625
0.0244941711425781 -0.00359725952148438 -0.244033813476563 0.26568603515625
0.0318374633789063 0.000288009643554688 0.0185184478759766 0.0287551879882813
0.0271568298339844 -0.0115394592285156 0.269271850585938 -0.26983642578125
0.0153732299804688 -0.0209503173828125 0.01708984375 -0.51507568359375
-0.00384902954101562 -0.0104894638061523 -0.36602783203125 -0.2457275390625
-0.00534772872924805 0.00254964828491211 -0.31982421875 0.14599609375
0.00450992584228516 0.00696468353271484 -0.0919036865234375 0.242568969726562
0.00175714492797852 0.00659847259521484 0.123428344726563 0.152252197265625
0.00601625442504883 0.00386905670166016 0.187255859375 0.0069732666015625
0.0191116333007812 -0.00279045104980469 -0.191360473632813 -0.0117340087890625
0.0146398544311523 0.0140285491943359 -0.0974273681640625 -0.144149780273438
0.00451755523681641 0.00520086288452148 0.12396240234375 -0.227584838867188
-0.00610446929931641 0.00537872314453125 0.3634033203125 -0.087066650390625
-0.0171451568603516 -0.00249290466308594 0.313934326171875 0.30645751953125
0.00373649597167969 -0.0291881561279297 -0.048004150390625 0.489288330078125
0.0295562744140625 -0.00784683227539063 -0.244598388671875 0.269866943359375
0.0383682250976562 -0.001495361328125 0.0124492645263672 0.0310096740722656
0.0323314666748047 -0.0152034759521484 0.269607543945313 -0.26361083984375
0.0164909362792969 -0.024810791015625 0.023223876953125 -0.513214111328125
-0.00518035888671875 -0.0129470825195312 -0.36279296875 -0.250152587890625
-0.00647544860839844 0.00298118591308594 -0.323516845703125 0.14239501953125
0.00404548645019531 0.00795841217041015 -0.0960845947265625 0.242828369140625
0.00208139419555664 0.00831842422485352 0.12152099609375 0.153671264648438
0.0068202018737793 0.00609588623046875 0.188735961914063 0.0081329345703125
0.019073486328125 -0.000621795654296875 -0.19049072265625 -0.0111236572265625
0.0146265029907227 0.0131464004516602 -0.100296020507812 -0.14190673828125
0.00433015823364258 0.00540733337402344 0.118637084960938 -0.22894287109375
-0.00610542297363281 0.00479221343994141 0.358734130859375 -0.094451904296875
-0.0175466537475586 -0.00244903564453125 0.319549560546875 0.301605224609375
0.00335884094238281 -0.0311908721923828 -0.03851318359375 0.49163818359375
0.0323524475097656 -0.0105991363525391 -0.244476318359375 0.27764892578125
0.0433769226074219 -0.00333023071289063 0.00484466552734375 0.0352058410644531
0.0359039306640625 -0.0173606872558594 0.269012451171875 -0.256332397460938
0.0174503326416016 -0.0268001556396484 0.032012939453125 -0.511688232421875
-0.00542926788330078 -0.0137453079223633 -0.359893798828125 -0.258270263671875
-0.0070796012878418 0.00246143341064453 -0.328857421875 0.13690185546875
0.00427818298339844 0.00835704803466797 -0.102447509765625 0.242202758789063
0.00190305709838867 0.00809240341186523 0.118194580078125 0.15594482421875
0.00705575942993164 0.0077214241027832 0.18829345703125 0.0096435546875
0.0180435180664063 -0.0265731811523438 -0.192062377929688 -0.00759887695312503
0.0098114013671875 -0.00134086608886719 -0.109725952148438 -0.141143798828125
0.010563850402832 -0.0103063583374023 0.107376098632813 -0.235122680664063
0.00385451316833496 0.00399446487426758 0.3560791015625 -0.116058349609375
-0.008880615234375 0.0190162658691406 0.3367919921875 0.28070068359375
-0.00665140151977539 0.00493955612182617 -0.00970458984374999 0.4915771484375
-0.00171184539794922 0.0171871185302734 -0.231414794921875 0.28973388671875
-0.00430011749267578 0.00971126556396484 0.00436019897460937 0.038299560546875
0.00172138214111328 0.0116376876831055 0.27410888671875 -0.254425048828125
0.0101699829101563 0.00828361511230469 0.0462646484375 -0.523223876953125
0.00444507598876953 0.0068359375 -0.3564453125 -0.2779541015625
0.00205385684967041 0.000937700271606445 -0.33514404296875 0.12744140625
0.0110530853271484 -0.00486850738525391 -0.107696533203125 0.239578247070313
0.000184059143066407 -0.00887489318847656 0.115509033203125 0.155517578125
0.00420665740966797 -0.0157127380371094 0.187103271484375 0.0099334716796875
0.0174427032470703 -0.0238704681396484 -0.191757202148438 -0.00834655761718749
0.0107145309448242 0.00142192840576172 -0.105239868164062 -0.143280029296875
0.00951671600341797 -0.00760364532470703 0.115249633789063 -0.233566284179687
0.00268721580505371 0.00432372093200684 0.361602783203125 -0.1080322265625
-0.0101566314697266 0.0158023834228516 0.328948974609375 0.290740966796875
-0.00617694854736328 0.00125360488891602 -0.024017333984375 0.4920654296875
0.00056934356689453 0.0152215957641602 -0.234405517578125 0.281402587890625
-0.000817298889160156 0.00901985168457031 0.0124130249023437 0.0341739654541016
0.00435924530029297 0.009307861328125 0.273910522460938 -0.2640380859375
0.010432243347168 0.00451755523681641 0.03375244140625 -0.5233154296875
0.00366449356079102 0.00390744209289551 -0.361297607421875 -0.26678466796875
0.000951528549194336 0.000737249851226807 -0.329254150390625 0.13507080078125
0.00980377197265625 -0.00289630889892578 -0.100784301757813 0.241180419921875
0.000491142272949218 -0.00661897659301758 0.118789672851562 0.152328491210938
0.00397586822509766 -0.0127468109130859 0.186676025390625 0.0070343017578125
0.0184173583984375 -0.0199260711669922 -0.192520141601562 -0.00920104980468747
0.0109968185424805 0.00432109832763672 -0.102157592773438 -0.145309448242188
0.00872468948364258 -0.00451993942260742 0.121246337890625 -0.23291015625
0.000241756439208985 0.0047755241394043 0.36578369140625 -0.10028076171875
-0.0112581253051758 0.0121488571166992 0.325531005859375 0.299285888671875
-0.0042262077331543 -0.00489187240600586 -0.034576416015625 0.491485595703125
0.00521087646484375 0.0111331939697266 -0.235397338867188 0.273971557617187
0.00539350509643555 0.007171630859375 0.0187149047851563 0.0306892395019531
0.00876092910766602 0.00498533248901367 0.27166748046875 -0.271835327148438
0.0112590789794922 -0.0017547607421875 0.021270751953125 -0.52374267578125
0.00201082229614258 0.00016474723815918 -0.3682861328125 -0.254791259765625
-0.000837326049804688 0.00148475170135498 -0.32366943359375 0.142547607421875
0.00863456726074219 -0.00104045867919922 -0.09344482421875 0.242767333984375
0.000205039978027344 -0.00262212753295898 0.12261962890625 0.151718139648437
0.00458431243896484 -0.00910377502441406 0.187835693359375 0.006072998046875
0.0181007385253906 -0.0155105590820313 -0.192367553710937 -0.008819580078125
0.0123538970947266 0.00739860534667969 -0.09912109375 -0.146148681640625
0.00761699676513672 -0.00142240524291992 0.125244140625 -0.232208251953125
-0.00139474868774414 0.00494003295898438 0.3692626953125 -0.093902587890625
-0.0131082534790039 0.00754737854003907 0.319671630859375 0.306671142578125
-0.00206470489501953 -0.0119524002075195 -0.0445556640625 0.491729736328125
0.011012077331543 0.00662899017333984 -0.23760986328125 0.269760131835938
0.0132656097412109 0.0049896240234375 0.0221538543701172 0.0280971527099609
0.0141334533691406 -0.000629425048828125 0.27032470703125 -0.275466918945313
0.0127239227294922 -0.00815200805664063 0.013580322265625 -0.5224609375
-0.000202178955078125 -0.00417518615722656 -0.3697509765625 -0.248443603515625
-0.00246381759643555 0.00181865692138672 -0.319976806640625 0.147918701171875
0.00685358047485352 0.00251340866088867 -0.0891265869140625 0.243820190429688
0.000801742076873779 0.000616967678070068 0.124847412109375 0.150253295898438
0.00515604019165039 -0.00456857681274414 0.188034057617187 0.0048675537109375
0.0187263488769531 -0.0103340148925781 -0.19293212890625 -0.00997924804687499
0.0131254196166992 0.0100793838500977 -0.0983428955078125 -0.145965576171875
0.00625324249267578 0.00154352188110352 0.127685546875 -0.231353759765625
-0.00351476669311523 0.00485467910766602 0.370208740234375 -0.09002685546875
-0.0146894454956055 0.00302791595458985 0.3177490234375 0.311492919921875
0.000494003295898438 -0.0194129943847656 -0.049285888671875 0.489837646484375
0.0178966522216797 0.00098419189453125 -0.240142822265625 0.268142700195313
0.023101806640625 0.00201034545898438 0.0221958160400391 0.0277423858642578
0.0207138061523438 -0.00665092468261719 0.269256591796875 -0.276748657226563
0.0138683319091797 -0.014862060546875 0.00909423828125001 -0.519805908203125
-0.00217151641845703 -0.00754976272583008 -0.3714599609375 -0.2425537109375
-0.00376296043395996 0.00232458114624023 -0.3192138671875 0.15045166015625
0.00556850433349609 0.00465774536132813 -0.0872802734375 0.244552612304688
0.000962018966674805 0.00404691696166992 0.126510620117188 0.150588989257813
0.00568819046020508 -0.00054931640625 0.1893310546875 0.0051422119140625
0.0187530517578125 -0.00634574890136719 -0.192092895507813 -0.00865173339843753
0.0148372650146484 0.0124244689941406 -0.097869873046875 -0.145111083984375
0.00503349304199219 0.00433826446533203 0.12646484375 -0.229904174804688
-0.00500774383544922 0.00513029098510742 0.368194580078125 -0.089141845703125
-0.0158557891845703 -0.00032329559326172 0.317352294921875 0.31072998046875
0.00230026245117188 -0.0255794525146484 -0.04913330078125 0.49090576171875
0.0247154235839844 -0.004058837890625 -0.242874145507812 0.269668579101563
0.0315399169921875 0.000326156616210937 0.0190505981445313 0.0291213989257813
0.0271549224853516 -0.0119457244873047 0.269058227539063 -0.273574829101563
0.0149402618408203 -0.0210971832275391 0.01190185546875 -0.519012451171875
-0.00363922119140625 -0.0110988616943359 -0.37017822265625 -0.244842529296875
-0.00564432144165039 0.00280094146728515 -0.320587158203125 0.150146484375
0.00455427169799805 0.00690031051635742 -0.0889739990234375 0.244552612304688
0.00149869918823242 0.00694179534912109 0.126022338867188 0.151290893554688
0.00605678558349609 0.00356721878051758 0.18878173828125 0.004974365234375
0.0192680358886719 -0.00337028503417969 -0.192611694335938 -0.00910949707031248
0.0153589248657227 0.0136985778808594 -0.0997467041015625 -0.143356323242187
0.00445270538330078 0.00560140609741211 0.1219482421875 -0.230758666992187
-0.0059967041015625 0.00521755218505859 0.36474609375 -0.093109130859375
-0.0163097381591797 -0.00253963470458984 0.32037353515625 0.306121826171875
0.00355148315429688 -0.0296802520751953 -0.043792724609375 0.49224853515625
0.0298442840576172 -0.00824356079101563 -0.2427978515625 0.27374267578125
0.0384674072265625 -0.0018463134765625 0.0130805969238281 0.0315189361572266
0.0321044921875 -0.0158939361572266 0.269393920898438 -0.26806640625
0.0161724090576172 -0.0253047943115234 0.016937255859375 -0.51617431640625
-0.00511360168457031 -0.0130071640014648 -0.367523193359375 -0.2470703125
-0.00632190704345703 0.00280332565307617 -0.323974609375 0.147003173828125
0.00384998321533203 0.00818538665771484 -0.0933837890625 0.245391845703125
0.00200366973876953 0.00871944427490235 0.124221801757813 0.152725219726563
0.00655317306518555 0.00625991821289063 0.1895751953125 0.0060577392578125
0.0194835662841797 -0.00196075439453125 -0.191177368164062 -0.00857543945312503
0.0154008865356445 0.0129976272583008 -0.102508544921875 -0.141098022460938
0.0049901008605957 0.00558090209960938 0.117263793945313 -0.231674194335938
-0.00625848770141602 0.00513648986816406 0.359527587890625 -0.09808349609375
-0.0175065994262695 -0.00282669067382812 0.324615478515625 0.299530029296875
0.00362014770507813 -0.0314750671386719 -0.03436279296875 0.494781494140625
0.0324974060058594 -0.0111579895019531 -0.243560791015625 0.281890869140625
0.0428123474121094 -0.00345611572265625 0.00527191162109375 0.0357398986816406
0.0356369018554688 -0.0180168151855469 0.26824951171875 -0.26068115234375
0.0173091888427734 -0.0267200469970703 0.02679443359375 -0.515472412109375
-0.00583267211914063 -0.0137472152709961 -0.36614990234375 -0.25677490234375
-0.00724983215332031 0.00262880325317383 -0.3297119140625 0.14105224609375
0.00422334671020508 0.00840854644775391 -0.100265502929688 0.24517822265625
0.00261068344116211 0.00825929641723633 0.121078491210938 0.154937744140625
0.00717496871948242 0.00764608383178711 0.189834594726563 0.007049560546875
0.0178012847900391 -0.0274715423583984 -0.192794799804687 -0.00506591796874996
0.0104646682739258 -0.00126266479492188 -0.111244201660156 -0.139801025390625
0.0106372833251953 -0.0104856491088867 0.104660034179688 -0.237213134765625
0.00351929664611816 0.00404047966003418 0.35638427734375 -0.122222900390625
-0.00836753845214844 0.0188446044921875 0.34259033203125 0.277191162109375
-0.00588369369506836 0.00451850891113281 -0.00439453124999995 0.493896484375
-0.00164318084716797 0.0174484252929688 -0.22955322265625 0.29351806640625
-0.00445842742919922 0.00973892211914062 0.00495529174804688 0.0385093688964844
0.00171852111816406 0.0116109848022461 0.272079467773438 -0.25836181640625
0.0106058120727539 0.00800800323486328 0.0400390624999999 -0.5252685546875
0.00476217269897461 0.00664806365966797 -0.3604736328125 -0.27581787109375
0.00187575817108154 0.000833511352539062 -0.335540771484375 0.131500244140625
0.0113105773925781 -0.00512313842773438 -0.105453491210938 0.242507934570313
0.000493049621582032 -0.00893783569335937 0.1177978515625 0.15374755859375
0.00420665740966797 -0.0156612396240234 0.18780517578125 0.0070343017578125
0.0173587799072266 -0.0247001647949219 -0.192657470703125 -0.00570678710937501
0.010930061340332 0.000830650329589844 -0.10736083984375 -0.142410278320312
0.00954055786132813 -0.00788211822509766 0.112716674804687 -0.236099243164062
0.00228691101074219 0.0044093132019043 0.3623046875 -0.11236572265625
-0.00976085662841797 0.0160388946533203 0.3355712890625 0.287933349609375
-0.00551462173461914 0.000861644744873047 -0.01849365234375 0.494720458984375
0.00051116943359375 0.0152931213378906 -0.232421875 0.284271240234375
-0.00102329254150391 0.00898075103759766 0.0127105712890625 0.0342025756835938
0.00446891784667969 0.00940132141113281 0.272354125976563 -0.267684936523438
0.0107259750366211 0.00422477722167969 0.026763916015625 -0.525909423828125
0.00367522239685059 0.00395607948303223 -0.365753173828125 -0.264801025390625
0.000937938690185547 0.00126039981842041 -0.32891845703125 0.139404296875
0.00997066497802734 -0.00345611572265625 -0.0973358154296875 0.243621826171875
0.000534057617187501 -0.0064544677734375 0.121246337890625 0.151519775390625
0.00420284271240234 -0.0129003524780273 0.18756103515625 0.004638671875
0.01788330078125 -0.020751953125 -0.193283081054688 -0.00651550292968748
0.0113945007324219 0.00401782989501953 -0.10369873046875 -0.14373779296875
0.00900650024414063 -0.00462722778320313 0.119155883789062 -0.23602294921875
0.000454902648925782 0.00451040267944336 0.366729736328125 -0.104888916015625
-0.0114517211914063 0.0117969512939453 0.330108642578125 0.29693603515625
-0.00378608703613281 -0.00495481491088867 -0.03106689453125 0.4942626953125
0.00545883178710937 0.0110559463500977 -0.233627319335937 0.2774658203125
0.00504398345947266 0.00736713409423828 0.0192794799804688 0.0300559997558594
0.00866937637329102 0.00489616394042969 0.271560668945313 -0.274887084960938
0.0116701126098633 -0.0017242431640625 0.0146484375 -0.525115966796875
0.00210058689117432 0.000321507453918457 -0.371673583984375 -0.253692626953125
-0.000762820243835449 0.00141310691833496 -0.323822021484375 0.147552490234375
0.00872659683227539 -0.000943183898925781 -0.0909423828125 0.24530029296875
0.000873804092407227 -0.00261807441711426 0.12542724609375 0.150039672851562
0.00470733642578125 -0.00939750671386719 0.189300537109375 0.003936767578125
0.0180702209472656 -0.0164337158203125 -0.193161010742188 -0.00653076171874999
0.0125541687011719 0.00747585296630859 -0.101425170898438 -0.144882202148438
0.0079507827758789 -0.00127077102661133 0.12347412109375 -0.23419189453125
-0.00131702423095703 0.00491619110107422 0.370025634765625 -0.098968505859375
-0.0128984451293945 0.00750446319580078 0.324981689453125 0.30419921875
-0.00199794769287109 -0.0124979019165039 -0.039093017578125 0.494140625
0.011439323425293 0.00617694854736328 -0.235885620117188 0.273818969726563
0.0134305953979492 0.00504112243652344 0.0225257873535156 0.0279083251953125
0.0145788192749023 -0.000942230224609375 0.268051147460938 -0.279388427734375
0.0126571655273437 -0.00805187225341797 0.00671386718750003 -0.5247802734375
2.64644622802735E-05 -0.00398969650268555 -0.37451171875 -0.244781494140625
-0.00246143341064453 0.00149273872375488 -0.319610595703125 0.15252685546875
0.0073695182800293 0.00205039978027344 -0.0863800048828125 0.246475219726563
0.000952184200286865 0.00091630220413208 0.127532958984375 0.148757934570313
0.00477886199951172 -0.00477313995361328 0.1890869140625 0.00238037109375
0.0189380645751953 -0.0110397338867188 -0.19342041015625 -0.00735473632812497
0.0138635635375977 0.010380744934082 -0.0998992919921875 -0.14495849609375
0.00672817230224609 0.00207757949829102 0.125381469726563 -0.234100341796875
-0.00324869155883789 0.00491952896118164 0.370635986328125 -0.09600830078125
-0.0143861770629883 0.00284862518310547 0.3228759765625 0.308563232421875
0.00078010559082031 -0.01947021484375 -0.04388427734375 0.492706298828125
0.0186061859130859 0.000265121459960938 -0.238861083984375 0.27203369140625
0.022857666015625 0.00200462341308594 0.0223865509033203 0.0275077819824219
0.0209255218505859 -0.00708389282226563 0.266998291015625 -0.28070068359375
0.0139493942260742 -0.0151329040527344 0.00265502929687504 -0.52313232421875
-0.00216054916381836 -0.00802087783813477 -0.375274658203125 -0.24053955078125
-0.00432300567626953 0.00249147415161133 -0.31866455078125 0.15545654296875
0.00601720809936523 0.00457382202148438 -0.0849151611328125 0.24639892578125
0.0016782283782959 0.00438261032104492 0.1290283203125 0.149307250976563
0.00607061386108398 -0.000476837158203125 0.190185546875 0.0029449462890625
0.0184154510498047 -0.00750160217285156 -0.192886352539063 -0.00631713867187501
0.0152435302734375 0.0123729705810547 -0.0999603271484375 -0.144363403320313
0.00495290756225586 0.0047917366027832 0.123931884765625 -0.232742309570313
-0.00493812561035156 0.0050511360168457 0.368804931640625 -0.0941162109375
-0.0155458450317383 -0.000367164611816408 0.321380615234375 0.307525634765625
0.00231361389160156 -0.0257606506347656 -0.043182373046875 0.493988037109375
0.0248394012451172 -0.0050506591796875 -0.24066162109375 0.27386474609375
0.0311641693115234 -0.000631332397460938 0.0193729400634766 0.0288372039794922
0.0269088745117188 -0.0128631591796875 0.267196655273438 -0.277877807617188
0.0146617889404297 -0.0216255187988281 0.006378173828125 -0.52093505859375
-0.00421810150146484 -0.010991096496582 -0.374664306640625 -0.2412109375
-0.00571346282958984 0.00288009643554688 -0.31964111328125 0.154937744140625
0.00497055053710938 0.00670146942138672 -0.0865325927734375 0.247390747070313
0.00214195251464844 0.00670862197875977 0.128631591796875 0.14947509765625
0.00616645812988281 0.00328922271728516 0.190444946289063 0.0023651123046875
0.0190353393554688 -0.00440025329589844 -0.19317626953125 -0.00636291503906252
0.0155754089355469 0.0135087966918945 -0.1019287109375 -0.142333984375
0.00485134124755859 0.00569486618041992 0.119583129882813 -0.233367919921875
-0.00631141662597656 0.00540351867675781 0.3648681640625 -0.097137451171875
-0.0167255401611328 -0.00228977203369141 0.324249267578125 0.30322265625
0.00357627868652344 -0.0300312042236328 -0.038116455078125 0.494537353515625
0.0293827056884766 -0.00903892517089844 -0.241806030273437 0.27777099609375
0.0381240844726563 -0.00238418579101563 0.0132637023925781 0.0314903259277344
0.0323314666748047 -0.0163745880126953 0.266082763671875 -0.27093505859375
0.0164165496826172 -0.0251522064208984 0.0122070312499999 -0.5194091796875
-0.00555324554443359 -0.0128889083862305 -0.372833251953125 -0.245452880859375
-0.00648307800292969 0.00296306610107422 -0.32342529296875 0.151123046875
0.00434446334838867 0.00777006149291992 -0.0909423828125 0.247802734375
0.00246858596801758 0.00850248336791992 0.126815795898438 0.151596069335938
0.00696086883544922 0.00573635101318359 0.19134521484375 0.0030364990234375
0.0194530487060547 -0.00299835205078125 -0.192474365234375 -0.00573730468749997
0.0159425735473633 0.0124597549438477 -0.104591369628906 -0.140068054199219
0.00483036041259766 0.00588226318359375 0.1142578125 -0.23333740234375
-0.00614261627197266 0.00503206253051758 0.360382080078125 -0.104400634765625
-0.0172023773193359 -0.00266933441162109 0.3291015625 0.2967529296875
0.003387451171875 -0.031585693359375 -0.02960205078125 0.498077392578125
0.0325374603271484 -0.0113143920898438 -0.24127197265625 0.285675048828125
0.0429878234863281 -0.00381088256835938 0.00538253784179687 0.0355072021484375
0.0356979370117187 -0.0186996459960937 0.265640258789063 -0.264556884765625
0.0171184539794922 -0.0270252227783203 0.02154541015625 -0.517669677734375
-0.00582122802734375 -0.0138025283813477 -0.3699951171875 -0.253570556640625
-0.00725221633911133 0.00270748138427734 -0.329132080078125 0.146209716796875
0.00465297698974609 0.00815486907958984 -0.09716796875 0.247116088867188
0.00251483917236328 0.00846672058105469 0.124099731445313 0.153671264648438
0.00752878189086914 0.00734996795654297 0.190704345703125 0.0045318603515625
0.0173377990722656 -0.0281982421875 -0.193313598632813 -0.0022430419921875
0.0106000900268555 -0.001861572265625 -0.113433837890625 -0.137924194335937
0.0105419158935547 -0.0101108551025391 0.102005004882812 -0.238571166992188
0.00358748435974121 0.0039668083190918 0.3558349609375 -0.126373291015625
-0.00795555114746094 0.0186424255371094 0.34649658203125 0.27313232421875
-0.00580167770385742 0.00469255447387695 0.000732421875000024 0.496002197265625
-0.00121307373046875 0.0170097351074219 -0.226837158203125 0.297607421875
-0.00472164154052734 0.00964546203613281 0.00519943237304688 0.0386238098144531
0.00164699554443359 0.0112771987915039 0.27117919921875 -0.261611938476563
0.0108127593994141 0.00780963897705078 0.03424072265625 -0.52703857421875
0.00427484512329102 0.00676107406616211 -0.36517333984375 -0.27154541015625
0.00219261646270752 0.000830292701721191 -0.3343505859375 0.1370849609375
0.0113401412963867 -0.00570392608642578 -0.101760864257813 0.244171142578125
0.000112533569335938 -0.00883293151855469 0.120681762695313 0.152679443359375
0.00418376922607422 -0.0161981582641602 0.189315795898438 0.0041656494140625
0.0167560577392578 -0.0257377624511719 -0.193313598632812 -0.00259399414062503
0.0112934112548828 0.000139236450195313 -0.109573364257813 -0.141021728515625
0.0097198486328125 -0.00765132904052734 0.110488891601562 -0.237655639648438
0.00220131874084473 0.00407814979553223 0.361358642578125 -0.11798095703125
-0.00923824310302735 0.0158185958862305 0.340789794921875 0.284149169921875
-0.00517797470092773 0.000927925109863282 -0.0128173828125 0.496337890625
0.00105762481689453 0.014958381652832 -0.229522705078125 0.288909912109375
-0.00115299224853516 0.00905895233154297 0.0130271911621094 0.0340480804443359
0.00428199768066406 0.00896549224853516 0.270965576171875 -0.272018432617188
0.0112638473510742 0.00403404235839844 0.02099609375 -0.527069091796875
0.0039374828338623 0.00372028350830078 -0.3714599609375 -0.260406494140625
0.000601708889007568 0.00102972984313965 -0.328765869140625 0.144622802734375
0.0101661682128906 -0.00357627868652344 -0.0950927734375 0.245391845703125
0.000247478485107422 -0.0062713623046875 0.124160766601563 0.149444580078125
0.00401878356933594 -0.0134439468383789 0.18853759765625 0.001953125
0.0174217224121094 -0.0219459533691406 -0.193695068359375 -0.00309753417968748
0.0118732452392578 0.00384712219238281 -0.106201171875 -0.142196655273438
0.00876379013061523 -0.00455522537231445 0.116226196289063 -0.238021850585937
0.000228404998779297 0.00479602813720703 0.36676025390625 -0.110137939453125
-0.010716438293457 0.0120611190795898 0.33514404296875 0.294921875
-0.00321674346923828 -0.00498676300048828 -0.023681640625 0.496124267578125
0.00575923919677734 0.0105962753295898 -0.2310791015625 0.281219482421875
0.00516605377197266 0.0069427490234375 0.0193405151367188 0.0304222106933594
0.00863790512084961 0.00430727005004883 0.267929077148438 -0.279220581054688
0.01171875 -0.00175285339355469 0.00799560546874995 -0.5277099609375
0.00201010704040527 0.000338912010192871 -0.374969482421875 -0.249603271484375
-0.000699043273925781 0.00117850303649902 -0.322265625 0.152252197265625
0.00872945785522461 -0.00124120712280273 -0.0877532958984375 0.2474365234375
0.000581264495849609 -0.00275564193725586 0.128021240234375 0.148117065429688
0.00462150573730469 -0.00977897644042969 0.18975830078125 0.000793457031249999
0.0175666809082031 -0.0174789428710938 -0.193954467773438 -0.00335693359375004
0.0135087966918945 0.00680828094482422 -0.103347778320312 -0.143310546875
0.00803041458129883 -0.000875473022460938 0.120864868164063 -0.236557006835938
-0.0014042854309082 0.00478553771972656 0.36993408203125 -0.103424072265625
-0.0123481750488281 0.00764274597167969 0.330780029296875 0.301025390625
-0.00151157379150391 -0.0119743347167969 -0.033905029296875 0.495819091796875
0.0115499496459961 0.00586128234863281 -0.23345947265625 0.278045654296875
0.013117790222168 0.00439643859863281 0.0226211547851563 0.0279788970947266
0.014094352722168 -0.00151634216308594 0.26617431640625 -0.283660888671875
0.0125865936279297 -0.00884151458740234 0.00122070312499997 -0.526214599609375
-0.000172138214111328 -0.00366473197937012 -0.377410888671875 -0.241180419921875
-0.00217187404632568 0.00174891948699951 -0.318084716796875 0.157379150390625
0.0073089599609375 0.00167655944824219 -0.0827789306640625 0.248184204101563
0.00131094455718994 0.000810742378234863 0.130615234375 0.146987915039063
0.00536346435546875 -0.00513172149658203 0.189895629882813 -0.0002593994140625
0.0184268951416016 -0.0124034881591797 -0.194183349609375 -0.00381469726562503
0.0142078399658203 0.00950050354003906 -0.102066040039063 -0.143630981445313
0.00667762756347656 0.00205326080322266 0.1229248046875 -0.235992431640625
-0.00366687774658203 0.00486612319946289 0.370513916015625 -0.101654052734375
-0.0141286849975586 0.00293827056884766 0.327789306640625 0.30389404296875
0.00113105773925781 -0.0194568634033203 -0.0389404296875 0.495635986328125
0.0183906555175781 0.000139236450195313 -0.236114501953125 0.275344848632812
0.0224437713623047 0.00163841247558594 0.0229377746582031 0.0275344848632812
0.0208511352539063 -0.00754737854003906 0.264190673828125 -0.28466796875
0.0137033462524414 -0.0153751373291016 -0.00338745117187498 -0.5245361328125
-0.00251483917236328 -0.00816583633422852 -0.381072998046875 -0.237274169921875
-0.00434398651123047 0.00236845016479492 -0.3173828125 0.15985107421875
0.00616836547851562 0.00435304641723633 -0.081207275390625 0.24908447265625
0.00195717811584473 0.00418615341186523 0.131881713867188 0.147628784179688
0.00595664978027344 -0.00067901611328125 0.191253662109375 0.0002593994140625
0.0180931091308594 -0.00818061828613281 -0.193588256835937 -0.0032806396484375
0.0159177780151367 0.0118036270141602 -0.102188110351563 -0.142913818359375
0.00539064407348633 0.00454044342041016 0.121170043945312 -0.2344970703125
-0.00542354583740234 0.00539636611938477 0.369354248046875 -0.09991455078125
-0.0155773162841797 -0.000492095947265626 0.327606201171875 0.305145263671875
0.0021820068359375 -0.0257606506347656 -0.038787841796875 0.496856689453125
0.0251693725585937 -0.00505828857421875 -0.23828125 0.278060913085937
0.0311069488525391 -0.000537872314453125 0.0195999145507813 0.0288352966308594
0.0268020629882813 -0.0131568908691406 0.265289306640625 -0.28271484375
0.0147285461425781 -0.0212688446044922 -0.00115966796875001 -0.521697998046875
-0.00445461273193359 -0.0111408233642578 -0.378875732421875 -0.237823486328125
-0.0054631233215332 0.00310516357421875 -0.319061279296875 0.159423828125
0.00479364395141601 0.00640201568603516 -0.08319091796875 0.249069213867188
0.00218009948730469 0.006744384765625 0.131515502929688 0.147689819335938
0.00632667541503906 0.00321054458618164 0.190780639648438 -0.00054931640625
0.0188484191894531 -0.00539779663085938 -0.1937255859375 -0.00321960449218752
0.0166358947753906 0.0126848220825195 -0.103500366210937 -0.1409912109375
0.00487756729125977 0.00582313537597656 0.117324829101563 -0.23516845703125
-0.00597858428955078 0.00570869445800781 0.365325927734375 -0.103851318359375
-0.0165681838989258 -0.00279140472412109 0.329742431640625 0.299591064453125
0.0041351318359375 -0.030181884765625 -0.032989501953125 0.496307373046875
0.0296783447265625 -0.00923728942871094 -0.238555908203125 0.2816162109375
0.0381317138671875 -0.00295639038085937 0.0134067535400391 0.0314369201660156
0.0315723419189453 -0.0172195434570313 0.264053344726563 -0.276153564453125
0.0161762237548828 -0.0255985260009766 0.00610351562499999 -0.51947021484375
-0.00578594207763672 -0.0132989883422852 -0.377197265625 -0.241241455078125
-0.00638437271118164 0.00319194793701172 -0.322784423828125 0.156219482421875
0.00490379333496094 0.00816583633422852 -0.0876922607421875 0.249252319335938
0.00325202941894531 0.00851011276245117 0.13043212890625 0.149734497070313
0.00688266754150391 0.00585699081420898 0.19183349609375 0.000640869140625
0.0194721221923828 -0.00388526916503906 -0.193206787109375 -0.00253295898437498
0.0165939331054688 0.0117626190185547 -0.1068115234375 -0.139091491699219
0.00485658645629883 0.0058441162109375 0.111557006835938 -0.235809326171875
-0.00644540786743164 0.00565195083618164 0.360595703125 -0.1099853515625
-0.0170860290527344 -0.00268840789794922 0.334564208984375 0.29315185546875
0.00372314453125 -0.0321693420410156 -0.02392578125 0.49920654296875
0.0325050354003906 -0.0121307373046875 -0.23895263671875 0.2894287109375
0.04254150390625 -0.00436782836914063 0.00547027587890625 0.0354804992675781
0.0352668762207031 -0.0195236206054687 0.263198852539063 -0.268844604492188
0.0170383453369141 -0.0271034240722656 0.0145568847656249 -0.518951416015625
-0.00585365295410156 -0.0132856369018555 -0.37353515625 -0.249481201171875
-0.00723743438720703 0.00280952453613281 -0.327880859375 0.150543212890625
0.00485992431640625 0.00847673416137695 -0.094024658203125 0.249435424804688
0.00313568115234375 0.00827455520629883 0.127105712890625 0.1519775390625
0.00770950317382812 0.00729560852050781 0.191635131835938 0.0017852783203125
0.0169506072998047 -0.0292224884033203 -0.19366455078125 0.00141906738281249
0.0110025405883789 -0.00241565704345703 -0.115409851074219 -0.13641357421875
0.010650634765625 -0.0102300643920898 0.09869384765625 -0.240814208984375
0.00338292121887207 0.00379681587219238 0.3533935546875 -0.13238525390625
-0.00763893127441406 0.0185451507568359 0.34967041015625 0.268646240234375
-0.00539731979370117 0.00453853607177734 0.00701904296875004 0.496307373046875
-0.000848770141601562 0.0163412094116211 -0.222991943359375 0.300201416015625
-0.00446033477783203 0.00982666015625 0.00567245483398437 0.0381011962890625
0.00181484222412109 0.0110435485839844 0.267166137695313 -0.26678466796875
0.0110549926757813 0.00753021240234375 0.026947021484375 -0.52703857421875
0.00487995147705078 0.00658941268920898 -0.36981201171875 -0.26788330078125
0.00232458114624023 0.000634908676147461 -0.33270263671875 0.1416015625
0.0116949081420898 -0.00569248199462891 -0.0989837646484375 0.24627685546875
0.000433444976806641 -0.00844192504882813 0.123382568359375 0.150375366210938
0.00398921966552734 -0.0161008834838867 0.189666748046875 0.0013427734375
0.0161190032958984 -0.0265274047851562 -0.19366455078125 0.000503540039062469
0.0118780136108398 -0.000187873840332031 -0.111373901367187 -0.138717651367188
0.00949764251708984 -0.0075531005859375 0.106887817382812 -0.239822387695313
0.00212955474853516 0.00480222702026367 0.36090087890625 -0.123687744140625
-0.00911903381347656 0.0162220001220703 0.34423828125 0.280853271484375
-0.00481653213500976 0.000561714172363282 -0.00637817382812503 0.498504638671875
0.0012664794921875 0.0145454406738281 -0.225311279296875 0.292755126953125
-0.00171661376953125 0.00913524627685547 0.0133934020996094 0.0341262817382813
0.00399589538574219 0.00853347778320313 0.266265869140625 -0.275466918945313
0.0114154815673828 0.00397205352783203 0.014251708984375 -0.528411865234375
0.00374650955200195 0.00387048721313477 -0.374725341796875 -0.25689697265625
0.00115132331848145 0.00106525421142578 -0.326263427734375 0.1495361328125
0.0102329254150391 -0.00380229949951172 -0.0907135009765625 0.247177124023438
0.000491619110107422 -0.0060887336730957 0.126678466796875 0.147308349609375
0.00359725952148438 -0.0134096145629883 0.18914794921875 -0.000900268554687501
0.0173511505126953 -0.0227012634277344 -0.194259643554688 -0.000228881835937489
0.0122785568237305 0.00311183929443359 -0.108352661132813 -0.140472412109375
0.00891208648681641 -0.00453567504882813 0.113296508789062 -0.239730834960938
0.000144004821777344 0.00483846664428711 0.36627197265625 -0.115997314453125
-0.0102987289428711 0.0120058059692383 0.33978271484375 0.289947509765625
-0.00308656692504883 -0.00549650192260742 -0.01904296875 0.497406005859375
0.00571537017822266 0.0105571746826172 -0.227447509765625 0.28497314453125
0.00442981719970703 0.00711250305175781 0.0196266174316406 0.0297451019287109
0.00873088836669922 0.00403785705566406 0.2650146484375 -0.282623291015625
0.0121164321899414 -0.00191307067871094 0.00207519531249996 -0.528106689453125
0.00226497650146484 0.000207185745239258 -0.3800048828125 -0.244659423828125
-0.000572681427001953 0.00150144100189209 -0.32049560546875 0.156890869140625
0.00900650024414062 -0.00146102905273437 -0.0841522216796875 0.249374389648437
0.000982999801635742 -0.00277972221374512 0.130615234375 0.146224975585938
0.00470924377441406 -0.00987625122070313 0.190399169921875 -0.0018463134765625
0.0171451568603516 -0.0184268951416016 -0.193862915039063 0.000350952148437511
0.0142040252685547 0.00623416900634766 -0.105239868164062 -0.141647338867188
0.00762557983398438 -0.00114154815673828 0.117691040039062 -0.23846435546875
-0.00162363052368164 0.00506830215454101 0.369598388671875 -0.109832763671875
-0.0125179290771484 0.00739479064941406 0.335784912109375 0.2965087890625
-0.00147533416748047 -0.0122480392456055 -0.02716064453125 0.497467041015625
0.0111799240112305 0.00528812408447266 -0.230575561523438 0.280929565429687
0.0127811431884766 0.00457096099853516 0.0232963562011719 0.0277137756347656
0.0141448974609375 -0.00135231018066406 0.264007568359375 -0.287506103515625
0.0126686096191406 -0.00860404968261719 -0.00570678710937497 -0.527984619140625
-0.000482559204101563 -0.00373101234436035 -0.382720947265625 -0.235870361328125
-0.00236916542053223 0.00165987014770508 -0.31640625 0.162109375
0.00766849517822266 0.00194072723388672 -0.0792388916015625 0.249771118164062
0.00122451782226563 0.000745177268981933 0.133316040039063 0.144668579101563
0.00554418563842773 -0.00527715682983398 0.190673828125 -0.003387451171875
0.0181369781494141 -0.0132694244384766 -0.194198608398438 -0.000640869140625015
0.0149164199829102 0.00903129577636719 -0.104080200195312 -0.142196655273438
0.0067448616027832 0.00192451477050781 0.119491577148438 -0.23785400390625
-0.00432920455932617 0.00530290603637695 0.369659423828125 -0.106170654296875
-0.0140838623046875 0.00314712524414063 0.333221435546875 0.300079345703125
0.000783920288085939 -0.0194988250732422 -0.03363037109375 0.497161865234375
0.0187511444091797 -9.1552734375E-05 -0.233184814453125 0.2791748046875
0.0220527648925781 0.00139236450195312 0.0230808258056641 0.0269451141357422
0.0202884674072266 -0.00779914855957031 0.26153564453125 -0.2884521484375
0.0134601593017578 -0.0153465270996094 -0.01055908203125 -0.525726318359375
-0.00225400924682617 -0.00819492340087891 -0.384674072265625 -0.231658935546875
-0.00443458557128906 0.00236368179321289 -0.315826416015625 0.16455078125
0.00629377365112305 0.00424909591674805 -0.0778961181640625 0.250762939453125
0.00190925598144531 0.00463294982910156 0.134109497070313 0.144744873046875
0.00606727600097656 -0.00107288360595703 0.192031860351562 -0.002838134765625
0.0176601409912109 -0.009429931640625 -0.19317626953125 0.000732421874999997
0.0163040161132813 0.0109024047851562 -0.103897094726563 -0.140945434570313
0.00534534454345703 0.00461959838867188 0.118179321289063 -0.236923217773437
-0.00544643402099609 0.00544166564941406 0.36761474609375 -0.105712890625
-0.015223503112793 -0.000421524047851561 0.3310546875 0.300628662109375
0.00249862670898437 -0.0260028839111328 -0.03326416015625 0.498626708984375
0.0252132415771484 -0.00579833984375 -0.23492431640625 0.28173828125
0.0306625366210938 -0.00107765197753906 0.0197772979736328 0.0284786224365234
0.0262851715087891 -0.0134429931640625 0.260650634765625 -0.2861328125
0.0146579742431641 -0.0215587615966797 -0.00851440429687504 -0.5234375
-0.00492000579833984 -0.0111818313598633 -0.382049560546875 -0.233306884765625
-0.00546979904174805 0.00286865234375 -0.3167724609375 0.163787841796875
0.00548982620239258 0.00664043426513672 -0.0792694091796875 0.250625610351563
0.00287961959838867 0.00692987442016602 0.13385009765625 0.145416259765625
0.00649642944335938 0.00325632095336914 0.191390991210938 -0.0038299560546875
0.0185756683349609 -0.00629615783691406 -0.194198608398438 0.000442504882812486
0.0169486999511719 0.0122184753417969 -0.105804443359375 -0.139259338378906
0.00516891479492188 0.00554227828979492 0.114105224609375 -0.236770629882812
-0.00674152374267578 0.00552797317504883 0.363677978515625 -0.10833740234375
-0.0161666870117188 -0.00214672088623047 0.3341064453125 0.296356201171875
0.00346946716308593 -0.0302715301513672 -0.027740478515625 0.498626708984375
0.0298099517822266 -0.0100727081298828 -0.23553466796875 0.28509521484375
0.0378379821777344 -0.00308609008789063 0.0139427185058594 0.0316390991210938
0.0316982269287109 -0.0177764892578125 0.261398315429688 -0.278854370117187
0.0155677795410156 -0.0257339477539063 -0.000885009765624941 -0.5211181640625
-0.00563144683837891 -0.0131950378417969 -0.38134765625 -0.237548828125
-0.00691556930541992 0.00312232971191406 -0.32080078125 0.160980224609375
0.00538301467895508 0.00820350646972656 -0.0842437744140625 0.251083374023438
0.00314998626708984 0.00835943222045898 0.132461547851563 0.147811889648438
0.00722026824951172 0.00531387329101563 0.1927490234375 -0.0024871826171875
0.0189170837402344 -0.00501060485839844 -0.19342041015625 0.000381469726562504
0.0171794891357422 0.0114345550537109 -0.108634948730469 -0.136329650878906
0.00504112243652344 0.00590085983276367 0.1087646484375 -0.23779296875
-0.00645780563354492 0.00555896759033203 0.359100341796875 -0.114654541015625
-0.0165433883666992 -0.0025930404663086 0.338592529296875 0.289398193359375
0.00328254699707031 -0.0323886871337891 -0.017791748046875 0.500457763671875
0.0325679779052734 -0.0131072998046875 -0.234710693359375 0.293243408203125
0.04193115234375 -0.0050048828125 0.00603485107421875 0.0354728698730469
0.0348663330078125 -0.0200099945068359 0.259918212890625 -0.272262573242188
0.0169219970703125 -0.0278110504150391 0.00720214843749995 -0.51995849609375
-0.00643634796142578 -0.0136756896972656 -0.377899169921875 -0.246673583984375
-0.00704526901245117 0.00285434722900391 -0.32659912109375 0.155364990234375
0.00539398193359375 0.00809431076049805 -0.090301513671875 0.251388549804688
0.00328350067138672 0.00875711441040039 0.129119873046875 0.1497802734375
0.00786590576171875 0.00693702697753906 0.191802978515625 -0.0015411376953125
0.0162010192871094 -0.0299663543701172 -0.193710327148438 0.00457763671875001
0.0112113952636719 -0.00253963470458984 -0.117042541503906 -0.134475708007813
0.0101661682128906 -0.0102815628051758 0.0955963134765625 -0.24224853515625
0.00317072868347168 0.00394701957702637 0.352294921875 -0.13677978515625
-0.00715446472167969 0.0186614990234375 0.354278564453125 0.264678955078125
-0.00501918792724609 0.00450992584228516 0.012908935546875 0.49755859375
-0.000726699829101561 0.0163679122924805 -0.2197265625 0.302947998046875
-0.00473499298095703 0.0101938247680664 0.00579452514648437 0.0385360717773438
0.00143146514892578 0.0107440948486328 0.263580322265625 -0.269393920898438
0.011204719543457 0.00786876678466797 0.02142333984375 -0.52838134765625
0.00501775741577148 0.00675153732299805 -0.372650146484375 -0.26263427734375
0.00192248821258545 0.00067901611328125 -0.33099365234375 0.14581298828125
0.0115833282470703 -0.00616550445556641 -0.09503173828125 0.247695922851562
0.000293254852294922 -0.00867938995361328 0.125381469726563 0.148086547851563
0.00365924835205078 -0.016352653503418 0.189987182617188 -0.0015106201171875
0.0155029296875 -0.0276107788085938 -0.192977905273438 0.00320434570312497
0.0122900009155273 -0.000476837158203125 -0.112998962402344 -0.136802673339844
0.00927162170410156 -0.00764751434326172 0.103622436523438 -0.241073608398438
0.00200438499450684 0.00434422492980957 0.358795166015625 -0.129425048828125
-0.00835990905761719 0.0160951614379883 0.348724365234375 0.276275634765625
-0.00434780120849609 0.000876426696777343 -0.00115966796874995 0.497833251953125
0.00156497955322266 0.0143232345581055 -0.2225341796875 0.29510498046875
-0.00191020965576172 0.00919628143310547 0.0138034820556641 0.033660888671875
0.00441551208496094 0.00865650177001953 0.26348876953125 -0.27899169921875
0.0115880966186523 0.003753662109375 0.00720214843749996 -0.5289306640625
0.00383830070495605 0.00412988662719727 -0.37860107421875 -0.251708984375
0.00108063220977783 0.000922143459320068 -0.324310302734375 0.153472900390625
0.010223388671875 -0.00399494171142578 -0.0872039794921875 0.248291015625
0.000742435455322266 -0.00632762908935547 0.128890991210938 0.14569091796875
0.00342655181884766 -0.0137834548950195 0.189239501953125 -0.004058837890625
0.0163135528564453 -0.0237560272216797 -0.194473266601563 0.00289916992187504
0.0129871368408203 0.00240707397460938 -0.10986328125 -0.138969421386719
0.00861883163452148 -0.00469207763671875 0.109893798828125 -0.241195678710938
5.72204589843749E-05 0.00462102890014648 0.36474609375 -0.122222900390625
-0.00996971130371093 0.0122175216674805 0.34375 0.284332275390625
-0.00278234481811523 -0.00551557540893555 -0.011810302734375 0.49853515625
0.00610923767089844 0.0101394653320313 -0.223876953125 0.28814697265625
0.00421953201293945 0.007232666015625 0.0200843811035156 0.0297489166259766
0.00862836837768555 0.00380563735961914 0.26031494140625 -0.285919189453125
0.0119028091430664 -0.00229740142822266 -0.00479125976562498 -0.528167724609375
0.00204360485076904 -8.8810920715332E-05 -0.3834228515625 -0.239471435546875
-0.000517368316650391 0.00133335590362549 -0.318756103515625 0.160980224609375
0.00890445709228516 -0.00136375427246094 -0.0803375244140625 0.24969482421875
0.00107526779174805 -0.00272202491760254 0.133056640625 0.143600463867188
0.00452136993408203 -0.0100164413452148 0.1904296875 -0.004913330078125
0.0166759490966797 -0.0192909240722656 -0.19390869140625 0.00291442871093751
0.0142841339111328 0.00579833984375 -0.107109069824219 -0.139923095703125
0.00758218765258789 -0.00109577178955078 0.114578247070312 -0.240158081054688
-0.00190162658691406 0.00516414642333984 0.367279052734375 -0.115386962890625
-0.0117359161376953 0.00759410858154297 0.338348388671875 0.292938232421875
-0.00123405456542969 -0.0123357772827148 -0.021484375 0.497467041015625
0.0116081237792969 0.00497627258300781 -0.22674560546875 0.2845458984375
0.0123634338378906 0.00458049774169922 0.0232315063476563 0.0272731781005859
0.0140237808227539 -0.00237655639648438 0.25921630859375 -0.2899169921875
0.0126676559448242 -0.00901317596435547 -0.0120849609375 -0.5264892578125
-0.000339269638061523 -0.00405716896057129 -0.386260986328125 -0.2314453125
-0.00255465507507324 0.00202059745788574 -0.314422607421875 0.1663818359375
0.00772714614868164 0.00168228149414063 -0.0757904052734375 0.250640869140625
0.0016329288482666 0.000936746597290039 0.13531494140625 0.1424560546875
0.00522041320800781 -0.005340576171875 0.190750122070313 -0.0062103271484375
0.0176620483398438 -0.0140857696533203 -0.1942138671875 0.0026092529296875
0.0152053833007813 0.00850868225097656 -0.105865478515625 -0.139945983886719
0.00679636001586914 0.00183629989624023 0.116287231445312 -0.239761352539063
-0.00444602966308594 0.00510787963867187 0.368255615234375 -0.112457275390625
-0.0133056640625 0.00294971466064453 0.337249755859375 0.295928955078125
0.00105094909667969 -0.0199203491210937 -0.026092529296875 0.498260498046875
0.0184440612792969 -0.000896453857421875 -0.229278564453125 0.28179931640625
0.0218467712402344 0.00107765197753906 0.0235195159912109 0.0266819000244141
0.0201740264892578 -0.00853157043457031 0.257415771484375 -0.29156494140625
0.013636589050293 -0.015472412109375 -0.017547607421875 -0.524566650390625
-0.00293874740600586 -0.00771903991699219 -0.386962890625 -0.22772216796875
-0.00398707389831543 0.00249838829040527 -0.314056396484375 0.168853759765625
0.00633668899536133 0.00405263900756836 -0.0742340087890625 0.251312255859375
0.00224018096923828 0.00445938110351562 0.136428833007813 0.143142700195313
0.00623178482055664 -0.00119304656982422 0.191665649414063 -0.0061798095703125
0.0174722671508789 -0.0100889205932617 -0.193359375 0.00321960449218753
0.0166797637939453 0.0106716156005859 -0.105941772460938 -0.139076232910156
0.00569629669189453 0.00428390502929688 0.115127563476563 -0.2386474609375
-0.00571489334106445 0.00540256500244141 0.36602783203125 -0.11065673828125
-0.0149669647216797 -0.000782966613769533 0.335479736328125 0.29595947265625
0.00241851806640625 -0.0264930725097656 -0.0269775390625 0.499114990234375
0.0251808166503906 -0.00609779357910156 -0.231292724609375 0.2840576171875
0.0305366516113281 -0.00150299072265625 0.0203609466552734 0.028289794921875
0.0256252288818359 -0.0139236450195313 0.257659912109375 -0.287994384765625
0.0144557952880859 -0.0220794677734375 -0.01312255859375 -0.52264404296875
-0.00469970703125 -0.0113391876220703 -0.385711669921875 -0.228271484375
-0.00555133819580078 0.00304269790649414 -0.315093994140625 0.16827392578125
0.00570344924926758 0.00658559799194336 -0.07562255859375 0.251998901367188
0.00292158126831055 0.0070652961730957 0.135696411132812 0.143341064453125
0.00653409957885742 0.00260162353515625 0.1910400390625 -0.0067138671875
0.0184192657470703 -0.00754165649414063 -0.193817138671875 0.0032501220703125
0.0172214508056641 0.0119647979736328 -0.107460021972656 -0.137557983398438
0.00510740280151367 0.00578737258911133 0.110687255859375 -0.238784790039063
-0.00695085525512695 0.00581836700439453 0.36260986328125 -0.113433837890625
-0.0160846710205078 -0.00210380554199219 0.3382568359375 0.29095458984375
0.00369834899902344 -0.0306472778320313 -0.021331787109375 0.498687744140625
0.0294589996337891 -0.0108108520507813 -0.23193359375 0.288360595703125
0.0374717712402344 -0.00342559814453125 0.0140876770019531 0.0314807891845703
0.0307903289794922 -0.0179252624511719 0.25787353515625 -0.282958984375
0.0156669616699219 -0.0261135101318359 -0.00833129882812501 -0.5208740234375
-0.0059051513671875 -0.0130643844604492 -0.3839111328125 -0.232391357421875
-0.00636053085327148 0.00333642959594727 -0.318359375 0.1649169921875
0.00527667999267578 0.00787448883056641 -0.0803985595703125 0.25213623046875
0.00386428833007813 0.00878620147705078 0.134674072265625 0.144805908203125
0.00754022598266602 0.00540351867675781 0.192779541015625 -0.0055389404296875
0.0185985565185547 -0.005584716796875 -0.193145751953125 0.00355529785156247
0.017852783203125 0.0111789703369141 -0.110366821289063 -0.13519287109375
0.00520706176757812 0.00576162338256836 0.105087280273438 -0.238937377929688
-0.00683355331420899 0.00552797317504883 0.3575439453125 -0.1199951171875
-0.0166921615600586 -0.00251197814941407 0.34259033203125 0.28387451171875
0.00354766845703125 -0.0327091217041016 -0.010406494140625 0.5013427734375
0.0324192047119141 -0.0136203765869141 -0.232025146484375 0.296142578125
0.0418434143066406 -0.00537490844726563 0.00629425048828125 0.0358161926269531
0.0341739654541016 -0.0205039978027344 0.25689697265625 -0.275039672851563
0.0172595977783203 -0.0277862548828125 0.00167846679687499 -0.52044677734375
-0.00626277923583984 -0.0135698318481445 -0.3807373046875 -0.240875244140625
-0.00703859329223633 0.00307035446166992 -0.32415771484375 0.159271240234375
0.00542306900024414 0.00811052322387695 -0.0866851806640625 0.252670288085938
0.00384616851806641 0.00842380523681641 0.131515502929688 0.147491455078125
0.00826692581176758 0.00650167465209961 0.19256591796875 -0.0042572021484375
0.0148983001708984 -0.0312156677246094 -0.19329833984375 0.00747680664062498
0.0116157531738281 -0.00294208526611328 -0.118751525878906 -0.131576538085938
0.00992298126220703 -0.0103521347045898 0.0923004150390625 -0.2432861328125
0.00296449661254883 0.00411295890808106 0.34954833984375 -0.142120361328125
-0.006622314453125 0.0185508728027344 0.358489990234375 0.25775146484375
-0.00456619262695313 0.00429391860961914 0.019317626953125 0.496856689453125
-0.000302314758300782 0.0161886215209961 -0.21551513671875 0.3056640625
-0.00448989868164062 0.00986480712890625 0.00642013549804687 0.0379371643066406
0.00168037414550781 0.0108203887939453 0.259552001953125 -0.272308349609375
0.0115365982055664 0.00709629058837891 0.0142822265625 -0.5274658203125
0.00527811050415039 0.00692653656005859 -0.376953125 -0.258453369140625
0.00176882743835449 0.000597953796386719 -0.3282470703125 0.149566650390625
0.0117120742797852 -0.00611591339111328 -0.0914764404296875 0.248672485351563
0.00020599365234375 -0.00842094421386719 0.127410888671875 0.145782470703125
0.00336456298828125 -0.0167417526245117 0.189697265625 -0.0045166015625
0.0146598815917969 -0.0283336639404297 -0.192626953125 0.00750732421875001
0.0129737854003906 -0.00100612640380859 -0.114608764648438 -0.134918212890625
0.00944709777832031 -0.00780200958251953 0.100189208984375 -0.242630004882813
0.00151777267456055 0.00460338592529297 0.3575439453125 -0.134429931640625
-0.00782012939453125 0.0158767700195313 0.351226806640625 0.269775390625
-0.00375628471374512 0.000415086746215821 0.00552368164062503 0.4984130859375
0.0015716552734375 0.0141935348510742 -0.21820068359375 0.29754638671875
-0.00169086456298828 0.00887489318847656 0.01416015625 0.0334129333496094
0.00374555587768555 0.00818538665771484 0.259796142578125 -0.28143310546875
0.0116395950317383 0.00317859649658203 0.00158691406249994 -0.527496337890625
0.00407147407531738 0.00365686416625977 -0.380523681640625 -0.24639892578125
0.0010601282119751 0.000978648662567139 -0.3214111328125 0.157379150390625
0.0103588104248047 -0.00413799285888672 -0.08355712890625 0.248886108398438
0.000763416290283204 -0.00649356842041016 0.131103515625 0.142547607421875
0.00341033935546875 -0.0138750076293945 0.18914794921875 -0.0069122314453125
0.0157527923583984 -0.0249652862548828 -0.1932373046875 0.00640869140625003
0.013524055480957 0.00208282470703125 -0.111289978027344 -0.136131286621094
0.00867366790771484 -0.00467586517333984 0.106735229492188 -0.24200439453125
-0.000575542449951172 0.00458192825317383 0.362579345703125 -0.1268310546875
-0.00984573364257813 0.0117206573486328 0.34619140625 0.279449462890625
-0.0025634765625 -0.00583410263061524 -0.00585937500000004 0.4971923828125
0.00590229034423828 0.00958061218261719 -0.220947265625 0.290313720703125
0.004364013671875 0.00703859329223633 0.0200958251953125 0.0297374725341797
0.0081634521484375 0.003082275390625 0.257659912109375 -0.288360595703125
0.0123615264892578 -0.00228786468505859 -0.011932373046875 -0.526519775390625
0.00196003913879395 -1.20401382446289E-05 -0.38623046875 -0.23583984375
-0.000586986541748047 0.00149214267730713 -0.315582275390625 0.164794921875
0.0091552734375 -0.00183486938476562 -0.076629638671875 0.249755859375
0.000994205474853516 -0.00310015678405762 0.134628295898437 0.14129638671875
0.00476551055908203 -0.0100307464599609 0.190078735351563 -0.0083770751953125
0.0161285400390625 -0.0199298858642578 -0.193099975585937 0.00679016113281253
0.0146484375 0.00559902191162109 -0.108695983886719 -0.137641906738281
0.00766181945800781 -0.00110101699829102 0.110687255859375 -0.240997314453125
-0.00204658508300781 0.00492238998413086 0.364959716796875 -0.119842529296875
-0.0116367340087891 0.00775146484375 0.341796875 0.28704833984375
-0.000757217407226562 -0.0125541687011719 -0.015380859375 0.497802734375
0.0115861892700195 0.00433444976806641 -0.222686767578125 0.285919189453125
0.012568473815918 0.00430011749267578 0.0237846374511719 0.0271797180175781
0.0135517120361328 -0.00278568267822266 0.255340576171875 -0.292633056640625
0.012974739074707 -0.00919055938720703 -0.018890380859375 -0.5244140625
-0.00016474723815918 -0.00394129753112793 -0.387237548828125 -0.227294921875
-0.00183796882629395 0.00200998783111572 -0.311370849609375 0.17022705078125
0.00824880599975586 0.00131464004516602 -0.072265625 0.25067138671875
0.00193345546722412 0.00048673152923584 0.137176513671875 0.139228820800781
0.0053253173828125 -0.00558996200561524 0.190277099609375 -0.0093536376953125
0.0169706344604492 -0.015324592590332 -0.193878173828125 0.00579833984374998
0.0159406661987305 0.00828456878662109 -0.107460021972656 -0.137886047363281
0.00660943984985352 0.00198936462402344 0.113388061523438 -0.240585327148438
-0.0046381950378418 0.00516319274902344 0.366180419921875 -0.116607666015625
-0.0131311416625977 0.00318241119384766 0.339263916015625 0.2901611328125
0.000654220581054686 -0.02001953125 -0.020294189453125 0.498565673828125
0.0184707641601563 -0.00161552429199219 -0.2249755859375 0.2847900390625
0.0217876434326172 0.00126075744628906 0.0236320495605469 0.0265331268310547
0.0198631286621094 -0.00889396667480469 0.253631591796875 -0.293243408203125
0.0135679244995117 -0.016209602355957 -0.024139404296875 -0.5228271484375
-0.00277090072631836 -0.00786876678466797 -0.389129638671875 -0.222076416015625
-0.00424957275390625 0.0023658275604248 -0.3104248046875 0.172637939453125
0.00660419464111328 0.00418519973754883 -0.0703887939453125 0.251846313476563
0.00210094451904297 0.00448369979858398 0.138290405273438 0.140090942382812
0.00623130798339844 -0.00150680541992188 0.19146728515625 -0.0087890625
0.0163898468017578 -0.0109882354736328 -0.192596435546875 0.00637817382812504
0.0174951553344727 0.0100889205932617 -0.107353210449219 -0.136871337890625
0.00560712814331055 0.00451231002807617 0.111968994140625 -0.239715576171875
-0.00572347640991211 0.00565147399902344 0.364013671875 -0.11529541015625
-0.0148000717163086 -0.000231742858886718 0.338653564453125 0.28936767578125
0.00256729125976562 -0.0265541076660156 -0.020721435546875 0.4991455078125
0.0245189666748047 -0.00692367553710938 -0.227447509765625 0.286956787109375
0.0301837921142578 -0.00188827514648437 0.0200214385986328 0.0279750823974609
0.0254154205322266 -0.0147838592529297 0.253143310546875 -0.291656494140625
0.0139350891113281 -0.0219879150390625 -0.0206298828125 -0.521331787109375
-0.00456333160400391 -0.0109872817993164 -0.3885498046875 -0.22222900390625
-0.005401611328125 0.00303173065185547 -0.31158447265625 0.172607421875
0.00602817535400391 0.00642538070678711 -0.072235107421875 0.252197265625
0.00341129302978516 0.00693225860595703 0.138191223144531 0.1402587890625
0.00686216354370117 0.00276994705200195 0.191574096679688 -0.0095977783203125
0.017333984375 -0.00813961029052734 -0.193191528320312 0.00659179687500001
0.0181388854980469 0.0112571716308594 -0.10894775390625 -0.135360717773438
0.00535297393798828 0.00587892532348633 0.107513427734375 -0.239761352539063
-0.00678682327270508 0.00570154190063477 0.360748291015625 -0.118682861328125
-0.0159139633178711 -0.00208187103271484 0.341888427734375 0.28631591796875
0.0034332275390625 -0.0308609008789063 -0.01568603515625 0.4991455078125
0.029205322265625 -0.0111846923828125 -0.2281494140625 0.29144287109375
0.036895751953125 -0.0038604736328125 0.0142498016357422 0.0308475494384766
0.0303611755371094 -0.0189018249511719 0.253082275390625 -0.286163330078125
0.0149745941162109 -0.0264244079589844 -0.014495849609375 -0.519256591796875
-0.00580120086669922 -0.0128383636474609 -0.3858642578125 -0.227294921875
-0.00646257400512695 0.00322055816650391 -0.315704345703125 0.169281005859375
0.00528573989868164 0.00771665573120117 -0.0762176513671875 0.252532958984375
0.00394058227539063 0.00836610794067383 0.136703491210938 0.142181396484375
0.00775909423828125 0.00508308410644531 0.192535400390625 -0.0088958740234375
0.0179710388183594 -0.00673294067382813 -0.19287109375 0.00733947753906247
0.0180244445800781 0.0107269287109375 -0.11151123046875 -0.132789611816406
0.00511598587036133 0.00584888458251953 0.102005004882813 -0.239654541015625
-0.0067896842956543 0.0058751106262207 0.355133056640625 -0.125518798828125
-0.0169906616210938 -0.00221920013427734 0.34539794921875 0.278961181640625
0.00376510620117188 -0.0327663421630859 -0.00521850585937505 0.501373291015625
0.0322017669677734 -0.0142021179199219 -0.227386474609375 0.298980712890625
0.0414657592773437 -0.005706787109375 0.00642776489257813 0.0355186462402344
0.0338382720947266 -0.0213394165039062 0.253311157226563 -0.27801513671875
0.0161380767822266 -0.0278911590576172 -0.00497436523437495 -0.518798828125
-0.00637245178222656 -0.0134191513061523 -0.382781982421875 -0.2353515625
-0.00713920593261719 0.00330066680908203 -0.321563720703125 0.163848876953125
0.00588274002075195 0.00816106796264648 -0.082550048828125 0.25262451171875
0.0042424201965332 0.00832605361938477 0.133590698242188 0.145065307617188
0.00824737548828125 0.00627851486206055 0.192428588867188 -0.0072784423828125
0.0139064788818359 -0.031646728515625 -0.192367553710937 0.0108184814453125
0.0117025375366211 -0.00347137451171875 -0.120025634765625 -0.129196166992188
0.00948429107666015 -0.0109682083129883 0.0890655517578125 -0.243362426757812
0.00282955169677734 0.00420212745666504 0.347015380859375 -0.1461181640625
-0.00609779357910156 0.0185050964355469 0.359649658203125 0.25384521484375
-0.00376129150390625 0.00402092933654785 0.02545166015625 0.494873046875
-0.00021839141845703 0.0159950256347656 -0.210784912109375 0.307586669921875
-0.00532150268554687 0.0101861953735352 0.0063629150390625 0.0382499694824219
0.0016326904296875 0.0104999542236328 0.255386352539063 -0.273681640625
0.0117282867431641 0.00673675537109375 0.00759887695312498 -0.525054931640625
0.00492954254150391 0.0064549446105957 -0.37823486328125 -0.252716064453125
0.00214910507202148 0.000478982925415039 -0.324737548828125 0.153778076171875
0.0116453170776367 -0.00603199005126953 -0.087738037109375 0.248138427734375
0.000257968902587891 -0.00864934921264648 0.129379272460938 0.14300537109375
0.00321102142333984 -0.0170631408691406 0.1893310546875 -0.007537841796875
0.0137138366699219 -0.0290451049804688 -0.192230224609375 0.00994873046875
0.0128965377807617 -0.00176334381103516 -0.115631103515625 -0.131996154785156
0.00914859771728516 -0.00770378112792969 0.09661865234375 -0.242172241210938
0.00191783905029297 0.00480413436889648 0.353912353515625 -0.137725830078125
-0.00749778747558593 0.0157318115234375 0.353912353515625 0.26470947265625
-0.00342774391174316 0.000228881835937499 0.011749267578125 0.495941162109375
0.00217628479003906 0.0139036178588867 -0.213714599609375 0.299468994140625
-0.00210857391357422 0.00885581970214844 0.0141429901123047 0.0331935882568359
0.00411367416381836 0.00816059112548828 0.254486083984375 -0.284027099609375
0.011871337890625 0.00336647033691406 -0.00534057617187497 -0.5252685546875
0.00417375564575195 0.00389862060546875 -0.3828125 -0.24273681640625
0.00132012367248535 0.000668168067932129 -0.31817626953125 0.1607666015625
0.0104665756225586 -0.00433063507080078 -0.0799102783203125 0.249526977539063
0.000549316406250001 -0.00673198699951172 0.132431030273438 0.139869689941406
0.00297927856445313 -0.0140247344970703 0.188705444335938 -0.009918212890625
0.0149707794189453 -0.0252723693847656 -0.1925048828125 0.00939941406249997
0.0131139755249023 0.00139904022216797 -0.112777709960937 -0.134307861328125
0.00846052169799805 -0.00471639633178711 0.102554321289062 -0.242538452148437
-0.00021219253540039 0.00486230850219727 0.3590087890625 -0.13104248046875
-0.00916194915771485 0.0115509033203125 0.349334716796875 0.2740478515625
-0.0024104118347168 -0.00616550445556641 -0.000305175781249979 0.49517822265625
0.00594520568847656 0.00912666320800781 -0.2158203125 0.292236328125
0.00404262542724609 0.00706863403320313 0.0204181671142578 0.0290050506591797
0.00804805755615234 0.00290727615356445 0.25201416015625 -0.290863037109375
0.0121469497680664 -0.00268745422363281 -0.017791748046875 -0.524658203125
0.00243759155273438 4.93526458740234E-05 -0.386962890625 -0.229461669921875
-0.000394463539123535 0.0010644793510437 -0.312591552734375 0.16815185546875
0.00943756103515625 -0.00163650512695313 -0.0724639892578125 0.250198364257813
0.00100874900817871 -0.00283098220825195 0.135978698730469 0.137908935546875
0.00429534912109375 -0.0104188919067383 0.189666748046875 -0.011322021484375
0.0152606964111328 -0.020416259765625 -0.192611694335938 0.00912475585937497
0.0151901245117188 0.00476646423339844 -0.109970092773438 -0.135337829589844
0.00771951675415039 -0.00100231170654297 0.106964111328125 -0.241683959960938
-0.00204944610595703 0.00543546676635742 0.362152099609375 -0.12432861328125
-0.0108966827392578 0.00733089447021484 0.3447265625 0.282623291015625
-0.000712394714355469 -0.0128726959228516 -0.01019287109375 0.497344970703125
0.0119247436523438 0.00405979156494141 -0.218597412109375 0.28857421875
0.0121469497680664 0.00435543060302734 0.0237503051757813 0.0266838073730469
0.013249397277832 -0.00253772735595703 0.250885009765625 -0.294769287109375
0.0129470825195313 -0.00951480865478515 -0.025543212890625 -0.52301025390625
-0.000158071517944336 -0.00394558906555176 -0.388641357421875 -0.22186279296875
-0.00181043148040772 0.00219464302062988 -0.308013916015625 0.1734619140625
0.00784111022949219 0.00129795074462891 -0.0684814453125 0.2510986328125
0.00187957286834717 0.000908851623535156 0.138648986816406 0.136489868164063
0.00471067428588867 -0.00594997406005859 0.18988037109375 -0.0126190185546875
0.0165624618530273 -0.0157604217529297 -0.192733764648438 0.00895690917968751
0.0155735015869141 0.00740528106689453 -0.108680725097656 -0.135299682617187
0.00681114196777344 0.00184059143066406 0.109283447265625 -0.241592407226562
-0.0044398307800293 0.00566577911376953 0.363800048828125 -0.1214599609375
-0.0130681991577148 0.00370216369628906 0.340850830078125 0.286041259765625
0.000879287719726562 -0.0204811096191406 -0.0140380859375 0.49578857421875
0.0185089111328125 -0.00191688537597656 -0.220550537109375 0.286468505859375
0.0214920043945313 0.000959396362304687 0.0233135223388672 0.0265216827392578
0.0192699432373047 -0.00909805297851563 0.248809814453125 -0.295928955078125
0.0135526657104492 -0.0165739059448242 -0.029937744140625 -0.52056884765625
-0.00307607650756836 -0.00771188735961914 -0.3907470703125 -0.217041015625
-0.00395798683166504 0.00241923332214355 -0.306976318359375 0.17547607421875
0.0069127082824707 0.00355243682861328 -0.0665435791015625 0.252059936523438
0.0027163028717041 0.00409722328186035 0.139945983886719 0.137657165527344
0.00632238388061523 -0.00152921676635742 0.191177368164062 -0.0121002197265625
0.0160846710205078 -0.0118045806884766 -0.192001342773438 0.00994873046875003
0.017491340637207 0.00962734222412109 -0.108436584472656 -0.134559631347656
0.00558090209960938 0.00427103042602539 0.107986450195313 -0.23980712890625
-0.00571060180664063 0.00564098358154297 0.361175537109375 -0.1207275390625
-0.0145664215087891 -0.000333786010742187 0.340972900390625 0.285980224609375
0.0025787353515625 -0.0267562866210938 -0.015106201171875 0.496978759765625
0.0245304107666016 -0.00738334655761719 -0.22283935546875 0.289031982421875
0.0296401977539063 -0.00208091735839844 0.0202808380126953 0.0278396606445313
0.0249099731445313 -0.0146007537841797 0.248443603515625 -0.293182373046875
0.0142021179199219 -0.0226211547851563 -0.0261230468749999 -0.519622802734375
-0.00489330291748047 -0.0112724304199219 -0.38970947265625 -0.218536376953125
-0.00554990768432617 0.00283622741699219 -0.30804443359375 0.175567626953125
0.00595998764038086 0.00621604919433594 -0.0683746337890625 0.251998901367188
0.00315284729003906 0.00668859481811523 0.139358520507813 0.137275695800781
0.00672483444213867 0.00216484069824219 0.190582275390625 -0.0121612548828125
0.0171709060668945 -0.0087594985961914 -0.192337036132813 0.00968933105468754
0.0184974670410156 0.0101509094238281 -0.110588073730469 -0.133064270019531
0.00539445877075195 0.00621271133422852 0.104263305664063 -0.239944458007813
-0.00665044784545898 0.00601291656494141 0.357574462890625 -0.123870849609375
-0.0156097412109375 -0.0021514892578125 0.34442138671875 0.2806396484375
0.00357246398925781 -0.0310306549072266 -0.00906372070312505 0.4959716796875
0.0291328430175781 -0.0119037628173828 -0.2235107421875 0.292999267578125
0.0364303588867188 -0.00424957275390625 0.0147762298583984 0.0304851531982422
0.0294780731201172 -0.0192527770996094 0.248809814453125 -0.287322998046875
0.0157012939453125 -0.0264129638671875 -0.0208740234375 -0.518218994140625
-0.00594902038574218 -0.012939453125 -0.38726806640625 -0.221710205078125
-0.00624656677246094 0.00321674346923828 -0.312347412109375 0.1719970703125
0.00580787658691406 0.00751924514770508 -0.0728607177734375 0.252853393554688
0.00402545928955078 0.00837564468383789 0.138275146484375 0.139739990234375
0.00707578659057617 0.00460290908813477 0.19189453125 -0.011932373046875
0.0174417495727539 -0.0074005126953125 -0.191421508789063 0.00955200195312499
0.0182266235351563 0.00977134704589844 -0.112686157226562 -0.130172729492188
0.00527524948120117 0.00597524642944336 0.0991363525390625 -0.240158081054688
-0.00704431533813477 0.00560235977172851 0.35211181640625 -0.1295166015625
-0.0160789489746094 -0.00242996215820312 0.347442626953125 0.27392578125
0.00361251831054687 -0.0333099365234375 0.00155639648437496 0.500030517578125
0.0315170288085938 -0.0151023864746094 -0.222869873046875 0.301300048828125
0.0411224365234375 -0.00607681274414063 0.0070343017578125 0.035186767578125
0.032958984375 -0.0214862823486328 0.248641967773438 -0.280029296875
0.0160045623779297 -0.0282363891601563 -0.011260986328125 -0.51800537109375
-0.00631427764892578 -0.0138025283813477 -0.385498046875 -0.230316162109375
-0.00705814361572266 0.00333070755004883 -0.318084716796875 0.16668701171875
0.00637435913085937 0.00707817077636719 -0.079925537109375 0.254058837890625
0.00446653366088867 0.00808143615722656 0.135162353515625 0.14166259765625
0.00813436508178711 0.00623035430908203 0.192428588867187 -0.0099334716796875
0.0133724212646484 -0.0321521759033203 -0.191162109375 0.0131683349609375
0.0118417739868164 -0.00442886352539063 -0.120285034179688 -0.126731872558594
0.00967311859130859 -0.0105218887329102 0.0857086181640625 -0.242446899414063
0.00260400772094727 0.00469827651977539 0.342864990234375 -0.150543212890625
-0.00585556030273438 0.0185985565185547 0.36138916015625 0.247650146484375
-0.00359201431274414 0.00382304191589356 0.029815673828125 0.49237060546875
-0.000266075134277343 0.0149126052856445 -0.206573486328125 0.3082275390625
-0.0050344467163086 0.00989055633544922 0.00701141357421875 0.0378494262695313
0.00157642364501953 0.0102910995483398 0.250991821289063 -0.2755126953125
0.0120077133178711 0.00629615783691406 0.00125122070312502 -0.5228271484375
0.00559186935424805 0.00639104843139648 -0.37896728515625 -0.247894287109375
0.00182414054870605 0.000608921051025391 -0.32122802734375 0.156341552734375
0.0118255615234375 -0.00669765472412109 -0.0841064453125 0.2479248046875
0.000181674957275391 -0.00862360000610351 0.130172729492188 0.140182495117188
0.00240135192871094 -0.0168390274047852 0.188323974609375 -0.0101318359375
0.0129413604736328 -0.0297222137451172 -0.190689086914063 0.0130462646484375
0.0125751495361328 -0.00204944610595703 -0.116996765136719 -0.12982177734375
0.00906276702880859 -0.00764751434326172 0.093414306640625 -0.242080688476562
0.0018153190612793 0.00450801849365234 0.34991455078125 -0.142242431640625
-0.00725650787353516 0.0155057907104492 0.354095458984375 0.258941650390625
-0.0034031867980957 5.72204589843752E-05 0.016815185546875 0.493865966796875
0.00226402282714844 0.0133275985717773 -0.209747314453125 0.29986572265625
-0.00237846374511719 0.00914192199707031 0.0144062042236328 0.0328960418701172
0.00332880020141602 0.00774002075195312 0.24951171875 -0.283843994140625
0.0121774673461914 0.00274658203125 -0.0101623535156251 -0.523529052734375
0.00416064262390137 0.00388908386230469 -0.383331298828125 -0.236114501953125
0.00115847587585449 0.00070953369140625 -0.314544677734375 0.163360595703125
0.0107021331787109 -0.00490283966064453 -0.076507568359375 0.248489379882812
0.000503063201904297 -0.00634241104125977 0.133735656738281 0.13702392578125
0.00248050689697266 -0.0142288208007813 0.187454223632813 -0.0121917724609375
0.0142059326171875 -0.0258884429931641 -0.19097900390625 0.0119476318359375
0.0136384963989258 0.00171756744384766 -0.113212585449219 -0.13128662109375
0.00884723663330078 -0.00470066070556641 0.099945068359375 -0.242202758789062
-0.000229835510253907 0.00538349151611328 0.3558349609375 -0.135284423828125
-0.00896167755126953 0.0116662979125977 0.349090576171875 0.26849365234375
-0.00210142135620117 -0.00616884231567383 0.00421142578125003 0.4942626953125
0.00572490692138672 0.00920963287353516 -0.211029052734375 0.292999267578125
0.00379085540771484 0.00683307647705078 0.0203781127929687 0.0290908813476562
0.00764608383178711 0.0030059814453125 0.247406005859375 -0.2923583984375
0.0120143890380859 -0.00317859649658203 -0.022552490234375 -0.52203369140625
0.00218260288238525 -0.0001983642578125 -0.38818359375 -0.225616455078125
-0.000622749328613281 0.00130176544189453 -0.30865478515625 0.1710205078125
0.00933837890625 -0.00226593017578125 -0.0691375732421875 0.249679565429688
0.00112080574035645 -0.00285768508911133 0.137069702148438 0.135490417480469
0.00420188903808594 -0.0104694366455078 0.188980102539063 -0.0135498046875
0.0144767761230469 -0.0211143493652344 -0.191070556640625 0.0120697021484375
0.0150861740112305 0.00391769409179688 -0.111061096191406 -0.132621765136719
0.007476806640625 -0.00123977661132813 0.103927612304688 -0.241363525390625
-0.00215244293212891 0.00522422790527344 0.3585205078125 -0.128509521484375
-0.0109224319458008 0.00728225708007813 0.3447265625 0.27642822265625
-0.000471115112304686 -0.0132160186767578 -0.00378417968749995 0.495391845703125
0.0121011734008789 0.0032196044921875 -0.214019775390625 0.289459228515625
0.0117979049682617 0.00400161743164063 0.0236415863037109 0.026763916015625
0.0127925872802734 -0.0028533935546875 0.246246337890625 -0.29583740234375
0.0128498077392578 -0.00968074798583984 -0.030364990234375 -0.519866943359375
-0.000230550765991211 -0.00391268730163574 -0.390167236328125 -0.215728759765625
-0.00273823738098145 0.00205326080322266 -0.3043212890625 0.175750732421875
0.00838804244995117 0.00106430053710938 -0.065032958984375 0.250473022460938
0.00180530548095703 0.000523686408996582 0.139694213867188 0.13360595703125
0.00518465042114258 -0.00597286224365234 0.189361572265625 -0.014617919921875
0.0158309936523438 -0.0164775848388672 -0.1912841796875 0.0115203857421875
0.0164117813110352 0.00678253173828125 -0.109855651855469 -0.132766723632813
0.00663614273071289 0.00187969207763672 0.106033325195313 -0.241256713867188
-0.00441741943359375 0.005096435546875 0.359710693359375 -0.1253662109375
-0.0127201080322266 0.00315475463867187 0.34442138671875 0.28033447265625
0.000806808471679687 -0.0207061767578125 -0.00955200195312503 0.49542236328125
0.0182342529296875 -0.00237083435058594 -0.216339111328125 0.287933349609375
0.0208797454833984 0.000949859619140625 0.0235633850097656 0.0259628295898437
0.0187759399414063 -0.0093536376953125 0.243743896484375 -0.29656982421875
0.0131921768188477 -0.0167531967163086 -0.034454345703125 -0.518310546875
-0.00292301177978515 -0.00823974609375 -0.39190673828125 -0.21209716796875
-0.00410771369934082 0.00252389907836914 -0.30316162109375 0.178192138671875
0.00696897506713867 0.00356674194335938 -0.0625152587890625 0.25140380859375
0.00258159637451172 0.00395679473876953 0.141250610351563 0.13421630859375
0.00594282150268555 -0.00178670883178711 0.190170288085938 -0.014434814453125
0.0154266357421875 -0.0123357772827148 -0.190719604492188 0.01300048828125
0.018310546875 0.00861930847167969 -0.109443664550781 -0.13189697265625
0.00577497482299805 0.00442266464233398 0.104995727539063 -0.239593505859375
-0.00579738616943359 0.00607442855834961 0.3585205078125 -0.123260498046875
-0.0139522552490234 -0.000527381896972654 0.3426513671875 0.279754638671875
0.00191879272460938 -0.0269145965576172 -0.010009765625 0.49505615234375
0.0241851806640625 -0.00783920288085938 -0.2188720703125 0.289642333984375
0.0294628143310547 -0.00185394287109375 0.0205039978027344 0.0277538299560547
0.0242862701416016 -0.0152053833007813 0.24462890625 -0.294097900390625
0.0137138366699219 -0.0226097106933594 -0.03082275390625 -0.51531982421875
-0.00504970550537109 -0.0108728408813477 -0.389984130859375 -0.2130126953125
-0.00527524948120117 0.00304508209228515 -0.30413818359375 0.177947998046875
0.00642585754394531 0.00586986541748047 -0.064605712890625 0.2509765625
0.00357627868652344 0.00650453567504883 0.140357971191406 0.134971618652344
0.00639867782592774 0.00203418731689453 0.189834594726562 -0.015655517578125
0.0163259506225586 -0.00968742370605469 -0.190750122070313 0.012420654296875
0.0183143615722656 0.00971221923828125 -0.111007690429687 -0.130363464355469
0.00541591644287109 0.00550365447998047 0.100494384765625 -0.239654541015625
-0.00662612915039062 0.0059967041015625 0.35467529296875 -0.127655029296875
-0.015620231628418 -0.00205516815185547 0.345062255859375 0.274322509765625
0.00313186645507812 -0.0313911437988281 -0.00411987304687499 0.494903564453125
0.0284595489501953 -0.0129013061523438 -0.219146728515625 0.29400634765625
0.0363121032714844 -0.00443649291992188 0.0144367218017578 0.0308609008789062
0.0289249420166016 -0.0197563171386719 0.24395751953125 -0.287506103515625
0.0149784088134766 -0.0270824432373047 -0.025390625 -0.51519775390625
-0.00595855712890625 -0.0130777359008789 -0.388885498046875 -0.217681884765625
-0.00668907165527344 0.00347805023193359 -0.30853271484375 0.174713134765625
0.00625419616699219 0.00738859176635742 -0.0694122314453125 0.2523193359375
0.00429105758666992 0.00819540023803711 0.1395263671875 0.136466979980469
0.00720596313476563 0.00471019744873047 0.19097900390625 -0.0140228271484375
0.0167789459228516 -0.00787448883056641 -0.190139770507813 0.0131988525390625
0.0185337066650391 0.00894737243652344 -0.113555908203125 -0.127967834472656
0.00571346282958984 0.00583124160766602 0.0953216552734375 -0.240219116210938
-0.00713729858398437 0.00609540939331055 0.348846435546875 -0.132720947265625
-0.0161581039428711 -0.0022573471069336 0.348663330078125 0.267852783203125
0.00281906127929688 -0.0327091217041016 0.006683349609375 0.49737548828125
0.0312767028808594 -0.0153751373291016 -0.21868896484375 0.301605224609375
0.040252685546875 -0.006500244140625 0.00727462768554688 0.0349502563476563
0.0327072143554688 -0.0223503112792969 0.2442626953125 -0.28143310546875
0.0156764984130859 -0.0286903381347656 -0.0162353515625 -0.5150146484375
-0.00681018829345703 -0.013432502746582 -0.386383056640625 -0.22491455078125
-0.00700187683105469 0.00315284729003906 -0.314300537109375 0.169647216796875
0.00646352767944336 0.00728559494018555 -0.075653076171875 0.252059936523438
0.00459146499633789 0.00806188583374023 0.13690185546875 0.138954162597656
0.00825214385986328 0.00562381744384766 0.190444946289063 -0.0131683349609375
0.0125236511230469 -0.0329532623291016 -0.189208984375 0.0157318115234375
0.0117473602294922 -0.00470447540283203 -0.120330810546875 -0.124221801757812
0.00959968566894531 -0.0106172561645508 0.082733154296875 -0.242401123046875
0.00262451171875 0.00446224212646484 0.34039306640625 -0.15362548828125
-0.00520515441894531 0.0182876586914063 0.361419677734375 0.24200439453125
-0.00345015525817871 0.0035395622253418 0.03460693359375 0.48956298828125
6.00814819335953E-05 0.0148782730102539 -0.202239990234375 0.30810546875
-0.00518131256103516 0.00997829437255859 0.00701904296875 0.0380134582519531
0.00172710418701172 0.0105609893798828 0.247406005859375 -0.275970458984375
0.0120620727539063 0.00618171691894531 -0.002532958984375 -0.5198974609375
0.00540304183959961 0.00635337829589844 -0.379730224609375 -0.242645263671875
0.00230765342712402 0.000936985015869141 -0.31805419921875 0.15838623046875
0.0113229751586914 -0.00687122344970703 -0.080230712890625 0.247177124023438
0.000462532043457032 -0.00883674621582031 0.131172180175781 0.137458801269531
0.0028228759765625 -0.0168704986572266 0.187469482421875 -0.0122222900390625
0.0117473602294922 -0.0298900604248047 -0.18878173828125 0.0154266357421875
0.0128793716430664 -0.00235176086425781 -0.117073059082031 -0.127334594726562
0.00915813446044922 -0.00814056396484375 0.090728759765625 -0.241714477539063
0.00164890289306641 0.00480890274047852 0.3468017578125 -0.145660400390625
-0.00629615783691406 0.0151128768920898 0.354705810546875 0.255096435546875
-0.00292038917541504 -4.76837158203129E-05 0.021484375 0.491180419921875
0.00201702117919922 0.0131406784057617 -0.205108642578125 0.300048828125
-0.00220966339111328 0.00919246673583984 0.0142898559570312 0.0329742431640625
0.0034489631652832 0.00781583786010742 0.24658203125 -0.28509521484375
0.0121240615844727 0.00231647491455078 -0.01605224609375 -0.51904296875
0.00415229797363281 0.00350260734558105 -0.384124755859375 -0.23126220703125
0.00156641006469727 0.000788569450378418 -0.310821533203125 0.16552734375
0.0105571746826172 -0.00472736358642578 -0.0729522705078125 0.247879028320313
0.000881671905517579 -0.0063776969909668 0.134315490722656 0.134162902832031
0.00305557250976563 -0.0143747329711914 0.186874389648437 -0.01483154296875
0.0130691528320312 -0.0260505676269531 -0.1895751953125 0.0148468017578125
0.0134792327880859 0.00058746337890625 -0.114051818847656 -0.129196166992188
0.00848245620727539 -0.00481891632080078 0.096343994140625 -0.242279052734375
-0.00051116943359375 0.00495815277099609 0.352447509765625 -0.13812255859375
-0.0086812973022461 0.0115909576416016 0.35107421875 0.264068603515625
-0.00228643417358398 -0.00660800933837891 0.00961303710937504 0.4903564453125
0.00602531433105469 0.00839710235595703 -0.20721435546875 0.293243408203125
0.00375270843505859 0.00640058517456055 0.0204544067382813 0.0287933349609375
0.00800418853759766 0.00301218032836914 0.243133544921875 -0.291900634765625
0.012446403503418 -0.00330638885498047 -0.0272216796875 -0.518096923828125
0.00247573852539063 -0.000228404998779297 -0.387115478515625 -0.2198486328125
-0.000373482704162598 0.00159835815429688 -0.305145263671875 0.17266845703125
0.00936508178710938 -0.00224494934082031 -0.06585693359375 0.248809814453125
0.00139975547790527 -0.00308442115783691 0.137580871582031 0.132736206054688
0.00383090972900391 -0.0104217529296875 0.187698364257813 -0.015472412109375
0.0137290954589844 -0.0221328735351563 -0.189407348632813 0.0147247314453125
0.0154037475585938 0.00353431701660156 -0.111038208007812 -0.129920959472656
0.00763034820556641 -0.00110340118408203 0.100967407226563 -0.241531372070313
-0.00254201889038086 0.00531959533691406 0.355224609375 -0.131317138671875
-0.010493278503418 0.00720596313476562 0.347198486328125 0.27142333984375
-0.000441551208496093 -0.0130777359008789 0.000457763671874986 0.491607666015625
0.0118446350097656 0.00337123870849609 -0.21038818359375 0.290283203125
0.0117483139038086 0.00379180908203125 0.0235462188720703 0.0260486602783203
0.0126152038574219 -0.00299358367919922 0.242279052734375 -0.2972412109375
0.0126123428344727 -0.00967884063720703 -0.0357971191406251 -0.517333984375
-0.000143289566040039 -0.00383853912353516 -0.390350341796875 -0.211669921875
-0.00176107883453369 0.00212335586547852 -0.30096435546875 0.1773681640625
0.00835323333740235 0.000580787658691406 -0.061431884765625 0.249435424804688
0.00227856636047363 0.000564098358154297 0.140464782714844 0.130889892578125
0.0048975944519043 -0.0066218376159668 0.18798828125 -0.017181396484375
0.0149030685424805 -0.0171308517456055 -0.189804077148438 0.014251708984375
0.0161495208740234 0.00622177124023438 -0.109779357910156 -0.130767822265625
0.00689983367919922 0.00158071517944336 0.102859497070313 -0.241424560546875
-0.0048060417175293 0.00556421279907227 0.35723876953125 -0.128021240234375
-0.0126714706420898 0.00317478179931641 0.34442138671875 0.27496337890625
0.000972747802734375 -0.0206336975097656 -0.00332641601562501 0.493011474609375
0.0174493789672852 -0.00258827209472656 -0.21173095703125 0.288909912109375
0.020172119140625 0.000583648681640625 0.0234661102294922 0.0254669189453125
0.0182704925537109 -0.0095062255859375 0.23968505859375 -0.2972412109375
0.0131158828735352 -0.0167245864868164 -0.0401611328125 -0.514495849609375
-0.00302362442016602 -0.0077972412109375 -0.39117431640625 -0.206298828125
-0.00406455993652344 0.00294256210327148 -0.299774169921875 0.18011474609375
0.00730085372924805 0.00333166122436523 -0.059539794921875 0.249725341796875
0.00293850898742676 0.00394701957702637 0.141693115234375 0.131149291992188
0.00604581832885742 -0.00197601318359375 0.189102172851563 -0.0169525146484375
0.0144491195678711 -0.0129156112670898 -0.189407348632812 0.014862060546875
0.0176982879638672 0.00822067260742188 -0.109687805175781 -0.129425048828125
0.00586938858032227 0.00440073013305664 0.101272583007813 -0.239944458007812
-0.00567436218261719 0.00627374649047852 0.35455322265625 -0.127716064453125
-0.0137748718261719 -0.000510215759277343 0.343597412109375 0.27459716796875
0.00213623046875 -0.027008056640625 -0.00549316406250001 0.492584228515625
0.0238037109375 -0.00827407836914063 -0.214447021484375 0.289642333984375
0.0290241241455078 -0.00261688232421875 0.0204715728759766 0.0272769927978516
0.0239238739013672 -0.0154151916503906 0.23956298828125 -0.29547119140625
0.0137901306152344 -0.0227394104003906 -0.036224365234375 -0.51336669921875
-0.00505542755126953 -0.0107545852661133 -0.38958740234375 -0.207489013671875
-0.00507879257202148 0.00315189361572265 -0.300323486328125 0.179718017578125
0.00696468353271484 0.00547504425048828 -0.06146240234375 0.250030517578125
0.00386667251586914 0.00680112838745117 0.141433715820313 0.131668090820313
0.00660181045532227 0.00173187255859375 0.188552856445312 -0.017333984375
0.0153255462646484 -0.0100603103637695 -0.189590454101563 0.0157012939453125
0.0188884735107422 0.00908470153808594 -0.111297607421875 -0.128334045410156
0.00581979751586914 0.00554943084716797 0.0973052978515625 -0.2391357421875
-0.00668621063232422 0.00599861145019531 0.350830078125 -0.130859375
-0.0148210525512695 -0.00241947174072265 0.345672607421875 0.27020263671875
0.00318145751953125 -0.0312023162841797 9.15527343750271E-05 0.49273681640625
0.0284080505371094 -0.0129318237304688 -0.21502685546875 0.293609619140625
0.0356826782226563 -0.00463485717773438 0.0148963928222656 0.0303230285644531
0.0286617279052734 -0.0199546813964844 0.240203857421875 -0.2889404296875
0.0145530700683594 -0.0269222259521484 -0.0299072265625 -0.512054443359375
-0.00630569458007813 -0.0126113891601563 -0.38714599609375 -0.21307373046875
-0.00637960433959961 0.00367069244384765 -0.304473876953125 0.176605224609375
0.00593805313110352 0.00700283050537109 -0.0658111572265625 0.251174926757813
0.00460195541381836 0.00794363021850586 0.140274047851563 0.133995056152344
0.00731897354125976 0.00390625 0.189437866210938 -0.0169677734375
0.0160160064697266 -0.00861549377441406 -0.18902587890625 0.015472412109375
0.0187282562255859 0.00848197937011719 -0.113807678222656 -0.125694274902344
0.00557231903076172 0.00562000274658203 0.0926361083984375 -0.239776611328125
-0.00655221939086914 0.006103515625 0.345703125 -0.136810302734375
-0.0158262252807617 -0.00268745422363282 0.350067138671875 0.262115478515625
0.00251197814941407 -0.0333003997802734 0.010467529296875 0.4964599609375
0.0307464599609375 -0.0159435272216797 -0.2138671875 0.301544189453125
0.0395431518554688 -0.0066070556640625 0.00709152221679687 0.0351905822753906
0.0317897796630859 -0.0224266052246094 0.239990234375 -0.281829833984375
0.0155010223388672 -0.0288677215576172 -0.021087646484375 -0.511962890625
-0.006988525390625 -0.0131349563598633 -0.3861083984375 -0.220062255859375
-0.0066370964050293 0.00342607498168945 -0.31048583984375 0.17144775390625
0.00679922103881836 0.00684928894042969 -0.0723724365234375 0.251724243164063
0.00478839874267578 0.00767755508422851 0.137596130371094 0.136199951171875
0.00776481628417969 0.00534725189208984 0.189620971679687 -0.015594482421875
0.0115699768066406 -0.0334987640380859 -0.187789916992187 0.0175933837890625
0.012211799621582 -0.00508880615234375 -0.120384216308594 -0.121482849121094
0.00918960571289063 -0.0102701187133789 0.0796966552734375 -0.241714477539063
0.00245237350463867 0.00446844100952148 0.336273193359375 -0.155517578125
-0.00478935241699219 0.0178947448730469 0.361236572265625 0.238006591796875
-0.00267243385314941 0.00384044647216797 0.038360595703125 0.486602783203125
-4.10079956054672E-05 0.0143299102783203 -0.19793701171875 0.3076171875
-0.00564289093017578 0.010106086730957 0.00706100463867188 0.0374908447265625
0.00164890289306641 0.00994586944580078 0.2430419921875 -0.27581787109375
0.0123300552368164 0.00598335266113281 -0.00686645507812503 -0.516998291015625
0.00566816329956055 0.0061345100402832 -0.378814697265625 -0.237762451171875
0.00256180763244629 0.000891447067260742 -0.314178466796875 0.1600341796875
0.0113992691040039 -0.00751304626464844 -0.0779266357421875 0.245864868164063
-8.58306884765662E-06 -0.00909900665283203 0.131431579589844 0.134963989257813
0.00205707550048828 -0.0168619155883789 0.186477661132813 -0.014373779296875
0.0110034942626953 -0.0305213928222656 -0.188003540039062 0.0174560546875
0.0128717422485352 -0.0030364990234375 -0.117431640625 -0.124832153320313
0.00891017913818359 -0.00799942016601563 0.0876922607421875 -0.241363525390625
0.00132369995117188 0.00482034683227539 0.34356689453125 -0.148529052734375
-0.00649547576904297 0.0156764984130859 0.355194091796875 0.249053955078125
-0.00253486633300781 -0.000352144241333008 0.024566650390625 0.48876953125
0.00162887573242188 0.0121583938598633 -0.2012939453125 0.30035400390625
-0.00240039825439453 0.00908374786376953 0.0144920349121094 0.0331668853759766
0.00355672836303711 0.00719547271728516 0.24188232421875 -0.285400390625
0.0120983123779297 0.00213718414306641 -0.01995849609375 -0.516143798828125
0.00438904762268066 0.00355005264282227 -0.382720947265625 -0.227508544921875
0.00155138969421387 0.000597715377807617 -0.30718994140625 0.16741943359375
0.0104751586914062 -0.00499534606933594 -0.0700531005859375 0.246337890625
0.000850677490234375 -0.00650978088378906 0.135162353515625 0.131454467773438
0.00232505798339844 -0.0142068862915039 0.1851806640625 -0.01708984375
0.0120620727539063 -0.0269775390625 -0.18841552734375 0.0170440673828125
0.0133514404296875 0.000433921813964844 -0.113853454589844 -0.126731872558594
0.00825357437133789 -0.00488471984863281 0.0941162109375 -0.241470336914063
-0.000293254852294922 0.00500869750976562 0.34820556640625 -0.14080810546875
-0.00792789459228515 0.0113201141357422 0.351409912109375 0.258544921875
-0.00180339813232422 -0.00638818740844727 0.013397216796875 0.487640380859375
0.00589990615844727 0.0084385871887207 -0.203643798828125 0.2933349609375
0.00311803817749023 0.00670909881591797 0.0206127166748047 0.0289020538330078
0.00744819641113281 0.00243806838989258 0.2396240234375 -0.29156494140625
0.0122394561767578 -0.00360965728759766 -0.032470703125 -0.5155029296875
0.0025935173034668 -0.000568628311157227 -0.38775634765625 -0.214996337890625
-0.000472605228424072 0.00100398063659668 -0.3011474609375 0.17437744140625
0.00939369201660156 -0.00263214111328125 -0.063232421875 0.2474365234375
0.00105595588684082 -0.00275635719299316 0.138160705566406 0.130332946777344
0.00377464294433594 -0.0106353759765625 0.186508178710938 -0.01824951171875
0.0125923156738281 -0.0224456787109375 -0.188247680664062 0.0167694091796875
0.0151300430297852 0.00325202941894531 -0.111572265625 -0.12823486328125
0.00755834579467773 -0.000931262969970703 0.0980682373046875 -0.240707397460938
-0.00237178802490234 0.00562381744384766 0.351165771484375 -0.1356201171875
-0.00996780395507813 0.00681877136230469 0.3463134765625 0.265380859375
-0.000733375549316407 -0.01336669921875 0.00469970703124995 0.49017333984375
0.0113201141357422 0.00274658203125 -0.206451416015625 0.289520263671875
0.0111083984375 0.00362396240234375 0.0233516693115234 0.0261058807373047
0.0121345520019531 -0.00323486328125 0.237548828125 -0.296539306640625
0.0126123428344727 -0.0101814270019531 -0.0386962890625 -0.513397216796875
-5.69820404052735E-05 -0.00418305397033691 -0.38958740234375 -0.20672607421875
-0.00192523002624512 0.00219357013702393 -0.296783447265625 0.178955078125
0.00871706008911133 0.000318527221679687 -0.0588836669921875 0.247817993164062
0.0023963451385498 0.000407934188842773 0.140640258789063 0.128341674804688
0.00456380844116211 -0.00653076171875 0.186325073242188 -0.0193023681640625
0.0140981674194336 -0.0173425674438477 -0.188583374023437 0.0165557861328125
0.0164756774902344 0.00592136383056641 -0.109893798828125 -0.12835693359375
0.00686931610107422 0.0018162727355957 0.100448608398438 -0.240280151367188
-0.00417900085449219 0.0059199333190918 0.35308837890625 -0.131622314453125
-0.0121192932128906 0.00281620025634765 0.345062255859375 0.27032470703125
0.000951766967773439 -0.0207290649414063 -0.00143432617187504 0.48944091796875
0.017578125 -0.00273513793945312 -0.20849609375 0.288330078125
0.0199527740478516 0.000522613525390625 0.0239334106445313 0.0260696411132813
0.0180931091308594 -0.00967216491699219 0.235595703125 -0.297760009765625
0.0131340026855469 -0.0168428421020508 -0.043609619140625 -0.5108642578125
-0.00261735916137695 -0.00806474685668945 -0.39013671875 -0.202728271484375
-0.00378942489624023 0.0029454231262207 -0.29559326171875 0.181854248046875
0.00767374038696289 0.00283241271972656 -0.056976318359375 0.248199462890625
0.00322198867797852 0.00369524955749512 0.141952514648438 0.128997802734375
0.00555801391601563 -0.00254011154174805 0.1871337890625 -0.0189971923828125
0.0141963958740234 -0.0132122039794922 -0.187667846679688 0.0175018310546875
0.0181255340576172 0.00753593444824219 -0.109840393066406 -0.127464294433594
0.00614070892333984 0.00431394577026367 0.0988616943359375 -0.238845825195312
-0.00545310974121094 0.00624370574951172 0.35040283203125 -0.131103515625
-0.0135383605957031 -0.000347137451171873 0.34375 0.269561767578125
0.00203514099121093 -0.0266017913818359 -0.00213623046874996 0.49072265625
0.0234375 -0.00869941711425781 -0.210296630859375 0.2899169921875
0.02874755859375 -0.00252342224121094 0.0208988189697266 0.0270843505859375
0.0236091613769531 -0.0156841278076172 0.23626708984375 -0.294769287109375
0.0132923126220703 -0.0225658416748047 -0.0409240722656249 -0.50994873046875
-0.00509357452392578 -0.0107517242431641 -0.389678955078125 -0.202606201171875
-0.00484609603881836 0.00298976898193359 -0.297088623046875 0.181365966796875
0.00684165954589844 0.00510263442993164 -0.058746337890625 0.248886108398437
0.00438117980957031 0.00601673126220703 0.141677856445312 0.12890625
0.00646543502807617 0.00154781341552734 0.186874389648438 -0.019744873046875
0.0146560668945313 -0.0105266571044922 -0.188186645507813 0.01739501953125
0.0185165405273438 0.00848960876464844 -0.111434936523438 -0.125938415527344
0.00555753707885742 0.0053105354309082 0.0948638916015625 -0.239349365234375
-0.00697517395019531 0.00613069534301758 0.3472900390625 -0.132781982421875
-0.0146732330322266 -0.00220584869384766 0.345947265625 0.264739990234375
0.00303459167480469 -0.0313510894775391 0.00399780273437498 0.489837646484375
0.0277271270751953 -0.0129203796386719 -0.21087646484375 0.29425048828125
0.0349903106689453 -0.0051727294921875 0.0147457122802734 0.0302371978759766
0.0281181335449219 -0.0201587677001953 0.235565185546875 -0.288360595703125
0.0142345428466797 -0.027130126953125 -0.03289794921875 -0.507781982421875
-0.00600051879882812 -0.012974739074707 -0.38726806640625 -0.207977294921875
-0.00608205795288086 0.00374507904052734 -0.300445556640625 0.177978515625
0.00685548782348633 0.00679636001586914 -0.063140869140625 0.2498779296875
0.00490665435791016 0.00783014297485352 0.14068603515625 0.130905151367188
0.00741863250732422 0.00410318374633789 0.188385009765625 -0.018829345703125
0.0157299041748047 -0.00929450988769531 -0.186996459960938 0.0173797607421875
0.0188121795654297 0.00777435302734375 -0.114067077636719 -0.123199462890625
0.00555181503295898 0.00564098358154297 0.089324951171875 -0.239349365234375
-0.00699663162231445 0.00596475601196289 0.342254638671875 -0.138702392578125
-0.0158243179321289 -0.00234031677246094 0.349365234375 0.257476806640625
0.00260353088378906 -0.0336246490478516 0.0147705078125 0.492523193359375
0.0303573608398437 -0.0160694122314453 -0.20965576171875 0.3018798828125
0.0396041870117188 -0.00669479370117187 0.00726509094238281 0.0347442626953125
0.0310935974121094 -0.0223484039306641 0.236053466796875 -0.281524658203125
0.0154876708984375 -0.02923583984375 -0.024658203125 -0.506927490234375
-0.00670909881591797 -0.0132827758789062 -0.385406494140625 -0.217010498046875
-0.00689697265625 0.00341558456420899 -0.3067626953125 0.173126220703125
0.00664043426513672 0.00680828094482422 -0.06951904296875 0.250625610351563
0.00510358810424805 0.00773048400878906 0.137657165527344 0.133155822753906
0.00813150405883789 0.00525522232055664 0.188125610351563 -0.0174713134765625
0.0107421875 -0.0334224700927734 -0.1865234375 0.0198516845703125
0.0119647979736328 -0.00562477111816406 -0.120697021484375 -0.11981201171875
0.00950813293457031 -0.0110235214233398 0.0776519775390625 -0.240615844726563
0.00266075134277344 0.00422024726867676 0.33233642578125 -0.157958984375
-0.0042877197265625 0.0175857543945313 0.360015869140625 0.23333740234375
-0.00235891342163086 0.00329494476318359 0.0413818359375 0.484039306640625
-0.0003204345703125 0.0138692855834961 -0.19525146484375 0.308197021484375
-0.00567817687988281 0.00920677185058594 0.00732803344726563 0.0377616882324219
0.00098419189453125 0.00961208343505859 0.239547729492188 -0.274566650390625
0.0119600296020508 0.00559234619140625 -0.0101318359375 -0.512420654296875
0.00566291809082031 0.00606298446655273 -0.378662109375 -0.234710693359375
0.00234198570251465 0.000381946563720703 -0.310760498046875 0.16162109375
0.0115642547607422 -0.00729751586914063 -0.07562255859375 0.244033813476563
0.000181198120117187 -0.00918102264404297 0.131790161132813 0.132652282714844
0.00220108032226562 -0.0169057846069336 0.184906005859375 -0.0158233642578125
0.0099639892578125 -0.0307445526123047 -0.185836791992188 0.02001953125
0.0128574371337891 -0.0034332275390625 -0.11669921875 -0.123008728027344
0.00886154174804688 -0.00776386260986328 0.0859832763671875 -0.239852905273438
0.00164127349853516 0.00511598587036133 0.33990478515625 -0.149566650390625
-0.00580501556396484 0.0151510238647461 0.354095458984375 0.24530029296875
-0.0024559497833252 -0.000630617141723633 0.027557373046875 0.485565185546875
0.00177383422851562 0.0123758316040039 -0.19793701171875 0.299652099609375
-0.00238227844238281 0.00893402099609375 0.0148468017578125 0.032318115234375
0.00319242477416992 0.00723648071289063 0.238006591796875 -0.2830810546875
0.0124025344848633 0.00212192535400391 -0.021942138671875 -0.51190185546875
0.00464773178100586 0.00311613082885742 -0.382354736328125 -0.223419189453125
0.00149965286254883 0.00077664852142334 -0.3035888671875 0.168060302734375
0.0104084014892578 -0.00549602508544922 -0.0676422119140625 0.2451171875
0.00105667114257812 -0.00644159317016602 0.134834289550781 0.129165649414063
0.00279045104980469 -0.0143985748291016 0.18389892578125 -0.0180206298828125
0.0113716125488281 -0.0275363922119141 -0.186538696289063 0.0186614990234375
0.014307975769043 -9.25064086914063E-05 -0.113761901855469 -0.124557495117187
0.00811767578125 -0.00471782684326172 0.0913238525390625 -0.240188598632813
-0.000521183013916016 0.00517940521240234 0.345489501953125 -0.142547607421875
-0.00777626037597656 0.011378288269043 0.35003662109375 0.25469970703125
-0.00153875350952148 -0.00655364990234375 0.015960693359375 0.485931396484375
0.00574874877929687 0.00765371322631836 -0.20037841796875 0.292877197265625
0.00316905975341797 0.00630331039428711 0.0202808380126953 0.0285720825195312
0.00741052627563477 0.00230979919433594 0.23541259765625 -0.291290283203125
0.0121669769287109 -0.00351524353027344 -0.03424072265625 -0.5111083984375
0.00263881683349609 -0.000503063201904297 -0.38629150390625 -0.21124267578125
-0.000359892845153809 0.00115883350372314 -0.2978515625 0.17559814453125
0.00966262817382812 -0.00284290313720703 -0.060638427734375 0.245529174804687
0.00138545036315918 -0.00281071662902832 0.138557434082031 0.127876281738281
0.00353050231933594 -0.0107975006103516 0.185211181640625 -0.01947021484375
0.0118293762207031 -0.0226306915283203 -0.186248779296875 0.018829345703125
0.0154457092285156 0.00251102447509766 -0.111396789550781 -0.126167297363281
0.00754261016845703 -0.00108528137207031 0.0955657958984375 -0.239578247070313
-0.00245761871337891 0.00540828704833984 0.349761962890625 -0.136138916015625
-0.0095968246459961 0.00712966918945313 0.346099853515625 0.262359619140625
-0.000557899475097657 -0.0132427215576172 0.00650024414062504 0.48748779296875
0.0112266540527344 0.00271892547607422 -0.2030029296875 0.28948974609375
0.0110044479370117 0.00362586975097656 0.0233249664306641 0.0261573791503906
0.0120134353637695 -0.00340175628662109 0.235137939453125 -0.29595947265625
0.0122900009155273 -0.0105915069580078 -0.042236328125 -0.51007080078125
-0.000121355056762695 -0.00433015823364258 -0.38818359375 -0.203887939453125
-0.00192546844482422 0.00217258930206299 -0.293701171875 0.179718017578125
0.00857639312744141 3.62396240234375E-05 -0.05633544921875 0.246627807617188
0.00233340263366699 0.000205516815185547 0.140388488769531 0.126113891601563
0.00390100479125977 -0.00669002532958984 0.185012817382813 -0.020660400390625
0.0131034851074219 -0.0177764892578125 -0.186996459960938 0.0183868408203125
0.0164804458618164 0.00527858734130859 -0.110214233398437 -0.126228332519531
0.00706672668457031 0.00167703628540039 0.0983123779296875 -0.23944091796875
-0.00432014465332031 0.00595521926879883 0.350006103515625 -0.132843017578125
-0.0116920471191406 0.00286483764648438 0.343414306640625 0.26617431640625
0.00112152099609375 -0.0207252502441406 0.00341796875000001 0.487548828125
0.0172576904296875 -0.00330638885498047 -0.20513916015625 0.2880859375
0.0195331573486328 0.000360488891601563 0.0238037109375 0.02545166015625
0.0175371170043945 -0.00990390777587891 0.23193359375 -0.296478271484375
0.0123195648193359 -0.0171451568603516 -0.046295166015625 -0.507781982421875
-0.0029301643371582 -0.0080876350402832 -0.388824462890625 -0.199493408203125
-0.00342345237731934 0.00268816947937012 -0.292205810546875 0.1817626953125
0.00760555267333984 0.00290918350219727 -0.0548553466796875 0.246932983398438
0.00323963165283203 0.00358366966247559 0.141937255859375 0.126434326171875
0.00609350204467773 -0.00213909149169922 0.186080932617188 -0.021026611328125
0.0130615234375 -0.0139780044555664 -0.186416625976563 0.0191802978515625
0.0180320739746094 0.00670623779296875 -0.110244750976563 -0.125450134277344
0.0059208869934082 0.00422191619873047 0.0963287353515625 -0.237411499023438
-0.00578403472900391 0.00610542297363281 0.348175048828125 -0.132110595703125
-0.013336181640625 -0.000575065612792971 0.343292236328125 0.2652587890625
0.00205802917480469 -0.026885986328125 0.000701904296875054 0.4884033203125
0.0229358673095703 -0.00888252258300781 -0.207427978515625 0.290069580078125
0.0278987884521484 -0.00286102294921875 0.0204830169677734 0.0269355773925781
0.022796630859375 -0.0156421661376953 0.23193359375 -0.2943115234375
0.0131168365478516 -0.0231800079345703 -0.0430908203125 -0.505523681640625
-0.00498676300048828 -0.0109004974365234 -0.388580322265625 -0.19879150390625
-0.00489902496337891 0.00316095352172852 -0.293121337890625 0.18182373046875
0.00709772109985351 0.00510072708129883 -0.056365966796875 0.247573852539063
0.00402164459228516 0.00594329833984375 0.141860961914063 0.12640380859375
0.00634098052978516 0.00113677978515625 0.1854248046875 -0.0211334228515625
0.0140066146850586 -0.0112066268920898 -0.186447143554688 0.0193328857421875
0.0184993743896484 0.00768470764160156 -0.111160278320312 -0.124069213867188
0.00562810897827148 0.00530481338500977 0.0923919677734375 -0.237625122070312
-0.00673580169677734 0.00620031356811524 0.344940185546875 -0.13482666015625
-0.0144777297973633 -0.00224590301513672 0.344970703125 0.261016845703125
0.00281524658203125 -0.0313720703125 0.00708007812500005 0.48785400390625
0.0271167755126953 -0.0134735107421875 -0.207275390625 0.2938232421875
0.0345344543457031 -0.00522232055664063 0.0150184631347656 0.0304832458496094
0.0271129608154297 -0.0202484130859375 0.2322998046875 -0.287689208984375
0.0141220092773437 -0.0270442962646484 -0.03631591796875 -0.504547119140625
-0.00634288787841797 -0.0124759674072266 -0.38519287109375 -0.20361328125
-0.00603723526000977 0.00369930267333984 -0.2974853515625 0.178924560546875
0.00681638717651367 0.00599431991577148 -0.06109619140625 0.247970581054687
0.00486993789672851 0.00755214691162109 0.140213012695313 0.128257751464844
0.00743389129638672 0.00338411331176758 0.187286376953125 -0.0208282470703125
0.0144071578979492 -0.00977802276611328 -0.1859130859375 0.019683837890625
0.0186138153076172 0.00740623474121094 -0.113548278808594 -0.12127685546875
0.00545883178710938 0.00554227828979492 0.0876007080078125 -0.237899780273438
-0.0065765380859375 0.00641775131225586 0.339691162109375 -0.140838623046875
-0.0151081085205078 -0.00270462036132812 0.349639892578125 0.25311279296875
0.00262832641601562 -0.0332279205322266 0.016448974609375 0.49066162109375
0.0298805236816406 -0.0166149139404297 -0.2071533203125 0.301483154296875
0.0386543273925781 -0.00697708129882813 0.00749969482421875 0.0347232818603516
0.0306529998779297 -0.0221519470214844 0.23193359375 -0.281341552734375
0.0147991180419922 -0.0289878845214844 -0.02777099609375 -0.5040283203125
-0.00676345825195312 -0.0133590698242188 -0.384765625 -0.212921142578125
-0.00610971450805664 0.00344753265380859 -0.303497314453125 0.17376708984375
0.00690221786499023 0.00624561309814453 -0.0672149658203125 0.249160766601563
0.0051274299621582 0.00730562210083008 0.137786865234375 0.131507873535156
0.00762319564819336 0.0047450065612793 0.186996459960938 -0.0194549560546875
0.0095367431640625 -0.0336589813232422 -0.1845703125 0.0213623046875
0.0115985870361328 -0.00594997406005859 -0.119979858398438 -0.117935180664063
0.00876522064208984 -0.0107183456420898 0.075836181640625 -0.239334106445312
0.00244688987731934 0.00437784194946289 0.329498291015625 -0.158843994140625
-0.00378322601318359 0.0171279907226563 0.359039306640625 0.23028564453125
-0.00173854827880859 0.00344347953796387 0.043182373046875 0.481109619140625
-0.000246047973632813 0.0135583877563477 -0.191314697265625 0.306671142578125
-0.00590133666992187 0.00981712341308594 0.00720596313476562 0.0376243591308594
0.00134563446044922 0.00934410095214844 0.237564086914063 -0.274398803710938
0.0121774673461914 0.00533866882324219 -0.0130310058593751 -0.5093994140625
0.00585174560546875 0.00577163696289063 -0.376434326171875 -0.231781005859375
0.0022730827331543 0.000419855117797852 -0.308013916015625 0.161590576171875
0.0110893249511719 -0.00815296173095703 -0.0734710693359375 0.243240356445312
0.000346183776855469 -0.00924968719482422 0.131324768066406 0.130119323730469
0.00163078308105469 -0.0172767639160156 0.18365478515625 -0.0174713134765625
0.00931358337402344 -0.0309467315673828 -0.184432983398438 0.0206756591796875
0.0126171112060547 -0.00382614135742188 -0.116310119628906 -0.120536804199219
0.00828790664672852 -0.0081782341003418 0.084014892578125 -0.238723754882812
0.00144386291503906 0.00517416000366211 0.337158203125 -0.150604248046875
-0.00522613525390625 0.0144252777099609 0.353668212890625 0.24237060546875
-0.00216221809387207 -0.000763773918151855 0.028350830078125 0.4830322265625
0.00141048431396484 0.0116310119628906 -0.194793701171875 0.298797607421875
-0.00270366668701172 0.0089569091796875 0.0147800445556641 0.0322341918945313
0.00320959091186523 0.00727987289428711 0.23504638671875 -0.28369140625
0.0123109817504883 0.00205230712890625 -0.025665283203125 -0.50836181640625
0.0046844482421875 0.00244283676147461 -0.38055419921875 -0.219818115234375
0.000913143157958984 0.000721096992492676 -0.301055908203125 0.168365478515625
0.0105772018432617 -0.00579547882080078 -0.0659942626953125 0.243331909179687
0.000721931457519531 -0.00689411163330078 0.135086059570313 0.127166748046875
0.00206565856933594 -0.0147523880004883 0.182998657226563 -0.01947021484375
0.0102558135986328 -0.0276660919189453 -0.185073852539063 0.019866943359375
0.0136890411376953 -0.000599861145019531 -0.11358642578125 -0.122398376464844
0.00830316543579102 -0.00484895706176758 0.090057373046875 -0.2388916015625
-0.00046682357788086 0.00536441802978516 0.341339111328125 -0.143707275390625
-0.00748920440673828 0.0106563568115234 0.3497314453125 0.2508544921875
-0.0015721321105957 -0.00654125213623047 0.01806640625 0.48297119140625
0.00537538528442383 0.00725460052490234 -0.1973876953125 0.291900634765625
0.00310659408569336 0.00629615783691406 0.0204067230224609 0.0286006927490234
0.00698184967041016 0.00213050842285156 0.232208251953125 -0.29022216796875
0.0119781494140625 -0.00387191772460938 -0.037933349609375 -0.508056640625
0.00253033638000488 -0.000683307647705078 -0.38507080078125 -0.20831298828125
5.63859939575196E-05 0.00113928318023682 -0.294464111328125 0.1751708984375
0.0093231201171875 -0.00328159332275391 -0.0590057373046875 0.244110107421875
0.0014033317565918 -0.00334405899047852 0.138229370117188 0.125289916992188
0.00365257263183594 -0.0111818313598633 0.184234619140625 -0.0206756591796875
0.0112762451171875 -0.0227222442626953 -0.184432983398438 0.0203857421875
0.01519775390625 0.00184154510498047 -0.111076354980469 -0.12408447265625
0.00736093521118164 -0.0014190673828125 0.0942535400390625 -0.238967895507813
-0.00194168090820312 0.00588274002075195 0.3450927734375 -0.13763427734375
-0.00940799713134766 0.00673866271972656 0.344207763671875 0.25775146484375
0.000225067138671874 -0.0135469436645508 0.00909423828125 0.483856201171875
0.0108852386474609 0.00205326080322266 -0.199462890625 0.28851318359375
0.0108432769775391 0.00368022918701172 0.0231056213378906 0.0258560180664062
0.0115499496459961 -0.00322914123535156 0.231353759765625 -0.29364013671875
0.0126743316650391 -0.010249137878418 -0.045379638671875 -0.506103515625
-0.000214338302612304 -0.00428557395935059 -0.3868408203125 -0.199493408203125
-0.0018383264541626 0.00210273265838623 -0.290618896484375 0.17950439453125
0.00868511199951172 -4.72068786621094E-05 -0.0538177490234375 0.244674682617188
0.00280451774597168 0.000283002853393555 0.140823364257813 0.12359619140625
0.00399446487426758 -0.00682163238525391 0.183792114257813 -0.0222625732421875
0.0122413635253906 -0.0184230804443359 -0.185256958007813 0.0198822021484375
0.0165672302246094 0.00460433959960938 -0.109306335449219 -0.1240234375
0.00683307647705078 0.00197696685791016 0.09613037109375 -0.238204956054688
-0.00433063507080078 0.00589990615844726 0.34747314453125 -0.135833740234375
-0.0112295150756836 0.00262260437011719 0.34326171875 0.262939453125
0.00129127502441406 -0.0204505920410156 0.00469970703124996 0.4840087890625
0.0171108245849609 -0.00394344329833984 -0.202362060546875 0.2869873046875
0.0195522308349609 3.814697265625E-06 0.0233440399169922 0.0259933471679688
0.0173540115356445 -0.00959205627441406 0.22979736328125 -0.296417236328125
0.0125055313110352 -0.0170736312866211 -0.048614501953125 -0.503570556640625
-0.00251913070678711 -0.00779008865356445 -0.38751220703125 -0.19598388671875
-0.00363731384277344 0.00269627571105957 -0.289764404296875 0.182342529296875
0.00776433944702148 0.00240468978881836 -0.0530242919921875 0.24505615234375
0.00318622589111328 0.00330114364624023 0.142120361328125 0.124069213867187
0.00561666488647461 -0.00260782241821289 0.18450927734375 -0.022064208984375
0.012385368347168 -0.0141992568969727 -0.184707641601562 0.02056884765625
0.0178337097167969 0.00623130798339844 -0.109840393066406 -0.123802185058594
0.00586175918579102 0.00453615188598633 0.0948028564453125 -0.236434936523437
-0.00580501556396484 0.00603055953979492 0.34588623046875 -0.132232666015625
-0.0128574371337891 -0.000504493713378908 0.34197998046875 0.2618408203125
0.00214385986328125 -0.0268344879150391 0.00354003906250001 0.484954833984375
0.0223827362060547 -0.00917243957519531 -0.204193115234375 0.28936767578125
0.0278892517089844 -0.00290107727050781 0.0204219818115234 0.0272445678710938
0.0223274230957031 -0.0152339935302734 0.22894287109375 -0.2923583984375
0.0126571655273437 -0.0229053497314453 -0.046051025390625 -0.502410888671875
-0.00519943237304688 -0.0108518600463867 -0.38714599609375 -0.1973876953125
-0.00451469421386719 0.00310897827148438 -0.290863037109375 0.18182373046875
0.00720739364624023 0.00446796417236328 -0.0550689697265625 0.245376586914063
0.00426530838012695 0.00528860092163086 0.141845703125 0.124176025390625
0.00614500045776367 0.00111103057861328 0.184127807617188 -0.022552490234375
0.0130510330200195 -0.0112857818603516 -0.184707641601563 0.0207061767578125
0.0186481475830078 0.00743484497070313 -0.110862731933594 -0.12200927734375
0.00574779510498047 0.00563335418701172 0.091156005859375 -0.23681640625
-0.00684928894042969 0.00620651245117187 0.340972900390625 -0.136260986328125
-0.0141706466674805 -0.00221729278564453 0.34381103515625 0.256866455078125
0.00288009643554687 -0.0314311981201172 0.00939941406249997 0.485198974609375
0.0269222259521484 -0.0139865875244141 -0.203857421875 0.292877197265625
0.0339336395263672 -0.00490379333496094 0.0150947570800781 0.0298233032226563
0.02685546875 -0.0202884674072266 0.229705810546875 -0.286865234375
0.0136203765869141 -0.0270938873291016 -0.03826904296875 -0.501800537109375
-0.00610542297363281 -0.0128440856933594 -0.38519287109375 -0.200897216796875
-0.00605392456054687 0.00332784652709961 -0.2945556640625 0.1790771484375
0.00680303573608398 0.00582981109619141 -0.0587005615234375 0.24664306640625
0.00545597076416016 0.00725984573364258 0.140350341796875 0.126113891601563
0.00708150863647461 0.00317621231079102 0.185714721679688 -0.0220489501953125
0.013916015625 -0.00977325439453125 -0.184310913085938 0.020843505859375
0.0188236236572266 0.00692367553710937 -0.113258361816406 -0.119346618652344
0.00557518005371094 0.00564670562744141 0.0854644775390625 -0.237335205078125
-0.00665378570556641 0.00612163543701172 0.336273193359375 -0.14306640625
-0.015202522277832 -0.00240039825439453 0.348297119140625 0.250396728515625
0.00300025939941406 -0.0332317352294922 0.019073486328125 0.48663330078125
0.0288410186767578 -0.0168514251708984 -0.203643798828125 0.30029296875
0.0382118225097656 -0.00706100463867188 0.00742912292480469 0.0343189239501953
0.0301895141601562 -0.0221996307373047 0.229415893554688 -0.279495239257813
0.0145931243896484 -0.028961181640625 -0.029296875 -0.500396728515625
-0.00717639923095703 -0.0130472183227539 -0.3817138671875 -0.21038818359375
-0.00619363784790039 0.00315666198730469 -0.300811767578125 0.174163818359375
0.00687789916992188 0.0063014030456543 -0.064849853515625 0.247085571289063
0.00522851943969727 0.00734519958496094 0.137451171875 0.128753662109375
0.00767755508422851 0.00484132766723633 0.185775756835938 -0.0208282470703125
0.00850868225097656 -0.0335273742675781 -0.18316650390625 0.022705078125
0.0117950439453125 -0.00639533996582031 -0.119285583496094 -0.116401672363281
0.0085897445678711 -0.0105218887329102 0.074798583984375 -0.238128662109375
0.00276708602905273 0.00471115112304688 0.326202392578125 -0.159637451171875
-0.00344753265380859 0.0171661376953125 0.358306884765625 0.226593017578125
-0.00228500366210938 0.00257778167724609 0.044219970703125 0.477996826171875
-0.000333786010742188 0.0131397247314453 -0.1893310546875 0.305511474609375
-0.00596904754638672 0.00949287414550781 0.00755691528320313 0.0376358032226563
0.000609397888183594 0.00928783416748047 0.234527587890625 -0.271820068359375
0.0119199752807617 0.00532054901123047 -0.0136718749999999 -0.50555419921875
0.00625228881835938 0.0053706169128418 -0.37457275390625 -0.2288818359375
0.00250673294067383 0.000807523727416992 -0.305572509765625 0.1614990234375
0.0115518569946289 -0.008209228515625 -0.0719146728515625 0.241683959960938
0.000469207763671875 -0.00913429260253906 0.131248474121094 0.128074645996094
0.00170707702636719 -0.0171518325805664 0.182647705078125 -0.018646240234375
0.00838661193847656 -0.0311069488525391 -0.182998657226563 0.0221099853515625
0.0125312805175781 -0.00418853759765625 -0.11572265625 -0.118682861328125
0.0084075927734375 -0.007659912109375 0.082427978515625 -0.237716674804688
0.00168895721435547 0.00546550750732422 0.33349609375 -0.15203857421875
-0.00524425506591797 0.0143499374389648 0.35137939453125 0.23956298828125
-0.0020606517791748 -0.00112271308898926 0.030609130859375 0.4788818359375
0.00156688690185547 0.0115461349487305 -0.19219970703125 0.297149658203125
-0.00350618362426758 0.00849294662475586 0.0145702362060547 0.0323772430419922
0.0029139518737793 0.00728130340576172 0.233001708984375 -0.282073974609375
0.011805534362793 0.00163078308105469 -0.0259399414062501 -0.50506591796875
0.00478267669677734 0.00309133529663086 -0.37884521484375 -0.218017578125
0.00151515007019043 0.00100088119506836 -0.298065185546875 0.168548583984375
0.0105600357055664 -0.00583076477050781 -0.0645294189453125 0.24237060546875
0.000596046447753906 -0.00691699981689453 0.134437561035156 0.125
0.00216197967529297 -0.0147771835327148 0.181503295898438 -0.020660400390625
0.00963020324707031 -0.0274391174316406 -0.183486938476563 0.02166748046875
0.0135707855224609 -0.00118446350097656 -0.112625122070313 -0.121139526367187
0.00844049453735352 -0.00452280044555664 0.08868408203125 -0.237991333007813
-0.000224590301513672 0.00532722473144531 0.33880615234375 -0.14422607421875
-0.00725364685058594 0.0104656219482422 0.3480224609375 0.247283935546875
-0.00118398666381836 -0.00683116912841797 0.019500732421875 0.479736328125
0.00514888763427734 0.0067596435546875 -0.194793701171875 0.29083251953125
0.00241804122924805 0.00641536712646484 0.0199661254882813 0.0283126831054688
0.00628900527954102 0.00208282470703125 0.229248046875 -0.288787841796875
0.0123472213745117 -0.00400066375732422 -0.0382080078125 -0.50457763671875
0.00247430801391602 -0.000713825225830078 -0.382354736328125 -0.205230712890625
-0.00022280216217041 0.00120556354522705 -0.29193115234375 0.175628662109375
0.00957107543945313 -0.00382709503173828 -0.0578155517578125 0.242523193359375
0.00171542167663574 -0.00322747230529785 0.13787841796875 0.123695373535156
0.00321292877197266 -0.0112771987915039 0.182342529296875 -0.0217437744140625
0.0101318359375 -0.0232524871826172 -0.182937622070313 0.0215911865234375
0.0151157379150391 0.00122451782226563 -0.110580444335938 -0.122673034667969
0.00735807418823242 -0.00104951858520508 0.0923004150390625 -0.237762451171875
-0.00222682952880859 0.00578641891479492 0.342071533203125 -0.1385498046875
-0.00885295867919922 0.00659275054931641 0.344146728515625 0.25537109375
-0.000134468078613281 -0.0138301849365234 0.01025390625 0.4827880859375
0.0103082656860352 0.00197219848632812 -0.19720458984375 0.28759765625
0.0100364685058594 0.00362110137939453 0.0236415863037109 0.0255470275878906
0.0116786956787109 -0.00352859497070313 0.22930908203125 -0.292633056640625
0.0120296478271484 -0.0107851028442383 -0.04608154296875 -0.502838134765625
-0.000458717346191406 -0.00423312187194824 -0.385101318359375 -0.197662353515625
-0.00182318687438965 0.00180935859680176 -0.287872314453125 0.179046630859375
0.00870990753173828 -0.000657081604003906 -0.053375244140625 0.243743896484375
0.00265049934387207 -4.60147857666016E-05 0.139793395996094 0.12158203125
0.00395917892456055 -0.00689363479614258 0.182205200195313 -0.02288818359375
0.0117340087890625 -0.0183963775634766 -0.183456420898437 0.02093505859375
0.0163125991821289 0.00454330444335938 -0.108840942382813 -0.123138427734375
0.00684165954589844 0.00170660018920898 0.094970703125 -0.237335205078125
-0.00417327880859375 0.00604534149169922 0.343414306640625 -0.1356201171875
-0.0109291076660156 0.00236701965332031 0.3416748046875 0.25860595703125
0.00140953063964844 -0.0206069946289063 0.006378173828125 0.48150634765625
0.0162229537963867 -0.004180908203125 -0.19964599609375 0.28546142578125
0.0189628601074219 0.000509262084960938 0.0235042572021484 0.0254325866699219
0.0164947509765625 -0.00951290130615234 0.225677490234375 -0.294158935546875
0.0122251510620117 -0.0172529220581055 -0.05023193359375 -0.50067138671875
-0.00287055969238281 -0.00764894485473633 -0.385040283203125 -0.19293212890625
-0.00308132171630859 0.00254249572753906 -0.2864990234375 0.181640625
0.00784444808959961 0.0021967887878418 -0.0521087646484375 0.243240356445313
0.00324010848999023 0.00320911407470703 0.141128540039063 0.121780395507813
0.00574350357055664 -0.00275707244873047 0.182952880859375 -0.023101806640625
0.0112648010253906 -0.0142269134521484 -0.182861328125 0.0218658447265625
0.0180168151855469 0.00603866577148438 -0.109367370605469 -0.121971130371094
0.00608110427856445 0.00421619415283203 0.0930328369140625 -0.23583984375
-0.00552797317504883 0.00606441497802734 0.34197998046875 -0.134063720703125
-0.0124530792236328 -0.000613212585449217 0.34112548828125 0.25909423828125
0.0023956298828125 -0.0270538330078125 0.00491333007812495 0.482177734375
0.0218162536621094 -0.0096893310546875 -0.201934814453125 0.2880859375
0.0272178649902344 -0.0027923583984375 0.0204086303710938 0.0266246795654297
0.0221576690673828 -0.0156612396240234 0.22686767578125 -0.291595458984375
0.0126304626464844 -0.0227870941162109 -0.047760009765625 -0.498260498046875
-0.00496387481689453 -0.0106172561645508 -0.383392333984375 -0.193695068359375
-0.00467109680175781 0.00302410125732422 -0.2874755859375 0.18096923828125
0.00726985931396484 0.0043182373046875 -0.0535125732421875 0.243988037109375
0.00487804412841797 0.00526332855224609 0.141006469726563 0.122146606445313
0.00568866729736328 0.00113677978515625 0.1829833984375 -0.0239410400390625
0.012751579284668 -0.0119056701660156 -0.183212280273438 0.0222015380859375
0.0185432434082031 0.00683784484863281 -0.110946655273438 -0.120307922363281
0.005523681640625 0.00553464889526367 0.089569091796875 -0.23565673828125
-0.00650835037231445 0.00641727447509766 0.33837890625 -0.13726806640625
-0.0138120651245117 -0.00257682800292969 0.34326171875 0.253662109375
0.00245285034179687 -0.0314960479736328 0.010467529296875 0.482391357421875
0.0264320373535156 -0.0139141082763672 -0.20208740234375 0.29168701171875
0.03369140625 -0.0054779052734375 0.0146865844726562 0.0296611785888672
0.0260276794433594 -0.0197315216064453 0.226806640625 -0.285552978515625
0.0131988525390625 -0.0270633697509766 -0.0404052734375 -0.49835205078125
-0.0062704086303711 -0.0126628875732422 -0.382293701171875 -0.19903564453125
-0.00570869445800781 0.00344944000244141 -0.291290283203125 0.1790771484375
0.00681543350219726 0.00539922714233398 -0.057647705078125 0.244537353515625
0.00525236129760742 0.00698661804199219 0.139640808105469 0.124275207519531
0.00679779052734375 0.00343513488769531 0.184280395507813 -0.0231170654296875
0.0128955841064453 -0.0101747512817383 -0.182540893554688 0.022064208984375
0.0187606811523437 0.00611686706542969 -0.112617492675781 -0.117965698242187
0.00572347640991211 0.00552892684936523 0.0841217041015625 -0.236358642578125
-0.00666332244873047 0.00645208358764648 0.33306884765625 -0.142486572265625
-0.0147409439086914 -0.00240516662597657 0.3465576171875 0.24822998046875
0.0026092529296875 -0.033050537109375 0.021270751953125 0.4840087890625
0.0287189483642578 -0.0173225402832031 -0.20147705078125 0.2989501953125
0.0375862121582031 -0.00739669799804688 0.00770187377929688 0.0346412658691406
0.0291671752929688 -0.0221977233886719 0.226577758789063 -0.278594970703125
0.0145893096923828 -0.0292148590087891 -0.03125 -0.497161865234375
-0.00647068023681641 -0.012847900390625 -0.381317138671875 -0.206451416015625
-0.0061955451965332 0.00352764129638672 -0.2979736328125 0.174102783203125
0.00695562362670898 0.00569343566894531 -0.0637969970703125 0.24591064453125
0.0053257942199707 0.00699853897094727 0.137245178222656 0.126388549804688
0.00766754150390625 0.00427055358886719 0.1844482421875 -0.0218048095703125
0.00771903991699219 -0.0340347290039063 -0.181716918945313 0.0235595703125
0.0116291046142578 -0.00650501251220703 -0.118339538574219 -0.114875793457031
0.00905036926269531 -0.0106077194213867 0.0740203857421875 -0.2364501953125
0.00260829925537109 0.00509929656982422 0.32366943359375 -0.1588134765625
-0.00334548950195313 0.01702880859375 0.35614013671875 0.225677490234375
-0.00174236297607422 0.00250601768493652 0.044281005859375 0.4742431640625
-0.000678062438964844 0.0134153366088867 -0.18792724609375 0.303497314453125
-0.00639057159423828 0.00913047790527344 0.00713729858398437 0.0372314453125
0.000512123107910156 0.00940227508544922 0.232757568359375 -0.2713623046875
0.0115537643432617 0.00508880615234375 -0.014129638671875 -0.503448486328125
0.00579452514648438 0.00565814971923828 -0.373809814453125 -0.226318359375
0.00261569023132324 0.000357866287231445 -0.30322265625 0.160247802734375
0.0113639831542969 -0.00850200653076172 -0.0711822509765625 0.239883422851563
-2.47955322265616E-05 -0.00896358489990234 0.130615234375 0.126785278320313
0.00142860412597656 -0.0176048278808594 0.181289672851562 -0.0194091796875
0.00768661499023437 -0.0311336517333984 -0.181732177734375 0.0225372314453125
0.0128059387207031 -0.0042572021484375 -0.114860534667969 -0.117965698242188
0.00853824615478516 -0.00801420211791992 0.0820770263671875 -0.236907958984375
0.00161504745483398 0.00495815277099609 0.33026123046875 -0.15130615234375
-0.00485134124755859 0.0135898590087891 0.35003662109375 0.237213134765625
-0.00175786018371582 -0.00137436389923096 0.0322265625 0.47772216796875
0.00109386444091797 0.0111579895019531 -0.190277099609375 0.295989990234375
-0.00374460220336914 0.00859594345092773 0.0148105621337891 0.0322608947753906
0.00276374816894531 0.00696325302124024 0.230575561523437 -0.279464721679688
0.0118131637573242 0.00117301940917969 -0.026641845703125 -0.501922607421875
0.00426983833312988 0.00311541557312012 -0.376373291015625 -0.216400146484375
0.00159633159637451 0.000474929809570313 -0.296051025390625 0.167938232421875
0.0105667114257812 -0.0065155029296875 -0.0637664794921875 0.240142822265625
0.00133943557739258 -0.00701093673706055 0.133773803710938 0.123382568359375
0.00170421600341797 -0.0143671035766602 0.180267333984375 -0.0214691162109375
0.008697509765625 -0.0277423858642578 -0.181961059570313 0.0221099853515625
0.0136194229125977 -0.00127601623535156 -0.112289428710937 -0.119949340820313
0.00808286666870117 -0.0049586296081543 0.087615966796875 -0.237075805664063
-0.000386238098144531 0.0056915283203125 0.33575439453125 -0.144683837890625
-0.00649642944335937 0.0101919174194336 0.345947265625 0.246307373046875
-0.00090932846069336 -0.00716066360473633 0.01947021484375 0.477447509765625
0.0049128532409668 0.00679159164428711 -0.19256591796875 0.289642333984375
0.00211811065673828 0.00634098052978516 0.0200538635253906 0.0280055999755859
0.00625801086425781 0.00212240219116211 0.228057861328125 -0.287017822265625
0.01165771484375 -0.00417423248291016 -0.03839111328125 -0.501373291015625
0.00243163108825684 -0.000719547271728516 -0.3800048828125 -0.2034912109375
9.31620597839355E-05 0.00100094079971313 -0.29052734375 0.174102783203125
0.0096282958984375 -0.00391960144042969 -0.0567474365234375 0.240585327148437
0.00132513046264648 -0.00364160537719727 0.137252807617188 0.121826171875
0.00288486480712891 -0.0114259719848633 0.181228637695313 -0.0222320556640625
0.00925827026367187 -0.0230751037597656 -0.18218994140625 0.0226287841796875
0.0148630142211914 0.00120067596435547 -0.109077453613281 -0.121070861816406
0.00730752944946289 -0.00121068954467773 0.091461181640625 -0.236907958984375
-0.0020756721496582 0.00599908828735351 0.340545654296875 -0.138458251953125
-0.00854778289794922 0.00638532638549805 0.3419189453125 0.252960205078125
6.48498535156262E-05 -0.0138740539550781 0.011627197265625 0.47991943359375
0.010162353515625 0.0019683837890625 -0.195281982421875 0.285980224609375
0.0096435546875 0.0035247802734375 0.0232563018798828 0.0260868072509766
0.0110950469970703 -0.00393104553222656 0.226043701171875 -0.292388916015625
0.0117530822753906 -0.0107765197753906 -0.047149658203125 -0.50048828125
-4.6968460083008E-05 -0.00434422492980957 -0.3826904296875 -0.195831298828125
-0.0015556812286377 0.00180840492248535 -0.285491943359375 0.178375244140625
0.0087437629699707 -0.000905036926269531 -0.05291748046875 0.241363525390625
0.00236701965332031 -0.000393152236938477 0.139579772949219 0.120086669921875
0.00364542007446289 -0.0067601203918457 0.18109130859375 -0.0238037109375
0.0106487274169922 -0.0185394287109375 -0.181793212890625 0.02166748046875
0.0161199569702148 0.00386714935302734 -0.108604431152344 -0.121543884277344
0.00679731369018555 0.0019688606262207 0.094024658203125 -0.235763549804688
-0.00430202484130859 0.00575876235961914 0.342529296875 -0.13555908203125
-0.0106363296508789 0.00270938873291016 0.340667724609375 0.257843017578125
0.00133514404296875 -0.0209503173828125 0.00631713867187498 0.4798583984375
0.0158796310424805 -0.00385856628417969 -0.19775390625 0.28466796875
0.0184726715087891 0.0002593994140625 0.0232524871826172 0.0254344940185547
0.0162897109985352 -0.00986099243164063 0.22418212890625 -0.291717529296875
0.0121316909790039 -0.0174713134765625 -0.0501708984375 -0.496978759765625
-0.00268888473510742 -0.00805187225341797 -0.3831787109375 -0.191680908203125
-0.00348711013793945 0.00258398056030273 -0.284454345703125 0.18072509765625
0.00745820999145508 0.00208902359008789 -0.0509490966796875 0.241867065429688
0.00377416610717773 0.00281572341918945 0.14031982421875 0.120254516601563
0.00547885894775391 -0.00293350219726562 0.182281494140625 -0.023529052734375
0.0106821060180664 -0.0145359039306641 -0.181549072265625 0.0224151611328125
0.0179634094238281 0.00536537170410156 -0.108009338378906 -0.121025085449219
0.00615978240966797 0.00407123565673828 0.0923614501953125 -0.2349853515625
-0.00541496276855469 0.00630044937133789 0.339385986328125 -0.1343994140625
-0.0121984481811523 -0.000655174255371095 0.338348388671875 0.25665283203125
0.00199699401855469 -0.0269508361816406 0.00601196289062497 0.480072021484375
0.0215950012207031 -0.00946235656738281 -0.199310302734375 0.286346435546875
0.0264816284179688 -0.00242424011230469 0.0201816558837891 0.0264434814453125
0.0214462280273438 -0.0156593322753906 0.225067138671875 -0.290130615234375
0.0123615264892578 -0.0226039886474609 -0.0467529296875001 -0.495819091796875
-0.00454998016357422 -0.0109109878540039 -0.382049560546875 -0.192596435546875
-0.00470495223999023 0.00300788879394531 -0.28570556640625 0.180419921875
0.00719690322875977 0.00403118133544922 -0.0526885986328125 0.2421875
0.00496482849121094 0.00541210174560547 0.140090942382813 0.121025085449219
0.00602960586547852 0.000739574432373047 0.181488037109375 -0.024169921875
0.0120935440063477 -0.0114307403564453 -0.181869506835938 0.022735595703125
0.0186424255371094 0.00605201721191406 -0.109397888183594 -0.118629455566406
0.00546932220458984 0.00531768798828125 0.0885009765625 -0.23419189453125
-0.00686025619506836 0.0066375732421875 0.335693359375 -0.137054443359375
-0.0132932662963867 -0.00273990631103515 0.342193603515625 0.25201416015625
0.00281906127929687 -0.0313816070556641 0.01171875 0.47979736328125
0.0262603759765625 -0.0140438079833984 -0.200225830078125 0.290618896484375
0.0329074859619141 -0.0050201416015625 0.0148696899414063 0.0298995971679687
0.0257968902587891 -0.0201930999755859 0.224334716796875 -0.284210205078125
0.0131740570068359 -0.0267906188964844 -0.0404052734375 -0.4942626953125
-0.006103515625 -0.0126533508300781 -0.380462646484375 -0.19708251953125
-0.00597047805786133 0.00309467315673828 -0.289337158203125 0.178131103515625
0.00715065002441406 0.00533914566040039 -0.0564117431640625 0.242782592773438
0.0054173469543457 0.00677919387817383 0.139122009277344 0.122276306152344
0.00659561157226562 0.00321054458618164 0.183120727539063 -0.02374267578125
0.0121517181396484 -0.0105142593383789 -0.181167602539063 0.0230712890625
0.0188331604003906 0.00547981262207031 -0.112190246582031 -0.116935729980469
0.00591087341308594 0.00553417205810547 0.08331298828125 -0.234817504882813
-0.00663137435913086 0.00665378570556641 0.330474853515625 -0.143646240234375
-0.0142087936401367 -0.00302791595458984 0.34478759765625 0.245361328125
0.00259780883789063 -0.0330638885498047 0.02130126953125 0.48126220703125
0.0284156799316406 -0.0171298980712891 -0.19927978515625 0.298095703125
0.0373382568359375 -0.007110595703125 0.00772857666015625 0.0347023010253906
0.0288772583007813 -0.0226879119873047 0.22528076171875 -0.2763671875
0.0145034790039063 -0.0287399291992188 -0.0311279296875 -0.494110107421875
-0.006591796875 -0.0128383636474609 -0.379638671875 -0.20513916015625
-0.00609064102172851 0.00323915481567383 -0.29571533203125 0.173828125
0.00676059722900391 0.00508451461791992 -0.062652587890625 0.244277954101563
0.0056920051574707 0.00716114044189453 0.136589050292969 0.125137329101562
0.00756025314331055 0.00420045852661133 0.18304443359375 -0.0224609375
0.00714683532714844 -0.0343799591064453 -0.1805419921875 0.0240631103515625
0.0119686126708984 -0.00671577453613281 -0.117698669433594 -0.113807678222656
0.00837516784667969 -0.0104455947875977 0.0738372802734375 -0.235809326171875
0.00247478485107422 0.00489473342895508 0.3231201171875 -0.160125732421875
-0.0028543472290039 0.0168361663818359 0.35430908203125 0.223358154296875
-0.00151264667510986 0.00215733051300049 0.044036865234375 0.472900390625
-0.00094127655029297 0.0131053924560547 -0.185821533203125 0.30206298828125
-0.00663471221923828 0.00972557067871094 0.00713729858398437 0.0366058349609375
0.000327110290527343 0.00893974304199219 0.229827880859375 -0.26934814453125
0.0120620727539063 0.00492954254150391 -0.014190673828125 -0.501251220703125
0.00604867935180664 0.00528430938720703 -0.37237548828125 -0.225311279296875
0.00251865386962891 0.000537633895874023 -0.3009033203125 0.160003662109375
0.0111627578735352 -0.00884532928466797 -0.0706329345703125 0.238311767578125
0.0006103515625 -0.00936412811279297 0.130416870117188 0.125434875488281
0.00151538848876953 -0.0174894332885742 0.18023681640625 -0.0199127197265625
0.00656700134277344 -0.0312004089355469 -0.179916381835938 0.0234375
0.0127725601196289 -0.00503635406494141 -0.114692687988281 -0.1163330078125
0.00834941864013672 -0.00791406631469727 0.0807952880859375 -0.235748291015625
0.00124359130859375 0.00499200820922851 0.329376220703125 -0.1522216796875
-0.00471401214599609 0.0138187408447266 0.34918212890625 0.23577880859375
-0.00140571594238281 -0.00183951854705811 0.031341552734375 0.47528076171875
0.000669479370117188 0.0112028121948242 -0.18951416015625 0.294677734375
-0.00379371643066406 0.00864124298095703 0.0143318176269531 0.0320682525634766
0.00248193740844727 0.00651693344116211 0.228561401367188 -0.278427124023438
0.0117340087890625 0.00141620635986328 -0.026824951171875 -0.49920654296875
0.0045619010925293 0.00274229049682617 -0.37493896484375 -0.2147216796875
0.00156497955322266 0.000818610191345215 -0.294189453125 0.166229248046875
0.0105619430541992 -0.00669002532958984 -0.0632476806640625 0.239593505859375
0.001007080078125 -0.00702428817749023 0.133453369140625 0.122489929199219
0.00194931030273437 -0.0146017074584961 0.179443359375 -0.02154541015625
0.00842094421386719 -0.0276355743408203 -0.1806640625 0.0228271484375
0.0134048461914063 -0.00192356109619141 -0.111160278320312 -0.118858337402344
0.00790548324584961 -0.0048370361328125 0.0869598388671875 -0.23590087890625
-0.000673294067382812 0.00551748275756836 0.334869384765625 -0.144073486328125
-0.00609493255615234 0.010441780090332 0.344451904296875 0.244415283203125
-0.000650405883789062 -0.00721263885498047 0.02044677734375 0.47564697265625
0.00448894500732422 0.00686979293823242 -0.191497802734375 0.288116455078125
0.00192785263061523 0.00586032867431641 0.0199565887451172 0.0281791687011719
0.00622129440307617 0.00215816497802734 0.22686767578125 -0.2857666015625
0.0118808746337891 -0.00428867340087891 -0.03826904296875 -0.49786376953125
0.00269222259521484 -0.000935792922973633 -0.378387451171875 -0.203277587890625
0.000287294387817383 0.00120735168457031 -0.28839111328125 0.173553466796875
0.0092010498046875 -0.00421905517578125 -0.0561065673828125 0.2393798828125
0.00148344039916992 -0.00386857986450195 0.136474609375 0.120697021484375
0.00273418426513672 -0.0116300582885742 0.180526733398438 -0.0228118896484375
0.00870704650878906 -0.0231952667236328 -0.180618286132812 0.0231475830078125
0.0150156021118164 0.000458717346191406 -0.109062194824219 -0.120086669921875
0.00728273391723633 -0.000987529754638672 0.0908203125 -0.235458374023438
-0.00242328643798828 0.00560712814331055 0.33856201171875 -0.13848876953125
-0.00827169418334961 0.0061187744140625 0.3416748046875 0.25140380859375
0.000309944152832032 -0.0137395858764648 0.010467529296875 0.478240966796875
0.00959968566894531 0.00176906585693359 -0.194305419921875 0.2850341796875
0.00933265686035156 0.00356960296630859 0.0237216949462891 0.0255203247070312
0.0109586715698242 -0.0036773681640625 0.22637939453125 -0.28948974609375
0.0114545822143555 -0.010746955871582 -0.046234130859375 -0.49700927734375
3.71932983398437E-05 -0.0046234130859375 -0.38134765625 -0.19598388671875
-0.00140655040740967 0.00179779529571533 -0.28375244140625 0.17742919921875
0.0087580680847168 -0.00125932693481445 -0.05255126953125 0.240127563476563
0.00255727767944336 -0.000512599945068359 0.139015197753906 0.119140625
0.00338411331176758 -0.00727367401123047 0.180038452148438 -0.0245208740234375
0.00979995727539062 -0.0185470581054688 -0.181106567382813 0.022674560546875
0.0160140991210937 0.00365924835205078 -0.107551574707031 -0.120864868164063
0.00681495666503906 0.00197649002075195 0.0933074951171875 -0.235336303710938
-0.00426387786865234 0.00615501403808594 0.339691162109375 -0.135589599609375
-0.0101413726806641 0.00199699401855469 0.33880615234375 0.25494384765625
0.00126075744628906 -0.0210323333740234 0.006683349609375 0.477935791015625
0.0159988403320312 -0.00423240661621094 -0.195892333984375 0.283355712890625
0.0179462432861328 0.000238418579101562 0.0231208801269531 0.0252342224121094
0.0160808563232422 -0.0100002288818359 0.223602294921875 -0.290313720703125
0.0122909545898438 -0.0171451568603516 -0.0502319335937501 -0.495513916015625
-0.002685546875 -0.00762128829956055 -0.380950927734375 -0.1904296875
-0.00298285484313965 0.00249934196472168 -0.282989501953125 0.180389404296875
0.0076298713684082 0.00138187408447266 -0.0500946044921875 0.240203857421875
0.00346541404724121 0.00308609008789063 0.140235900878906 0.118690490722656
0.0050806999206543 -0.00320625305175781 0.181442260742187 -0.0245513916015625
0.0101470947265625 -0.0143833160400391 -0.180328369140625 0.0236968994140625
0.0173683166503906 0.00476264953613281 -0.107505798339844 -0.119537353515625
0.00603771209716797 0.00455331802368164 0.0915069580078125 -0.233505249023437
-0.00536203384399414 0.00580739974975586 0.337554931640625 -0.1343994140625
-0.0120220184326172 -0.00107383728027344 0.3387451171875 0.254913330078125
0.00218772888183594 -0.0271701812744141 0.00671386718750002 0.479644775390625
0.0213336944580078 -0.00946998596191406 -0.197906494140625 0.285736083984375
0.0261020660400391 -0.00252914428710938 0.0203418731689453 0.0266437530517578
0.0213260650634766 -0.0158519744873047 0.22381591796875 -0.288299560546875
0.0124912261962891 -0.0229663848876953 -0.0469970703125 -0.493133544921875
-0.00483131408691406 -0.0109319686889648 -0.380340576171875 -0.190948486328125
-0.00432252883911133 0.00298047065734863 -0.284210205078125 0.180145263671875
0.00683069229125976 0.00391101837158203 -0.0518035888671875 0.24090576171875
0.00462198257446289 0.00505256652832031 0.139984130859375 0.11932373046875
0.00599050521850586 0.000572681427001953 0.18084716796875 -0.0247650146484375
0.0108661651611328 -0.0118618011474609 -0.180023193359375 0.0234222412109375
0.0183048248291016 0.00621223449707031 -0.109298706054688 -0.118156433105469
0.00545024871826172 0.0055232048034668 0.0872802734375 -0.233642578125
-0.00663661956787109 0.00675392150878906 0.3345947265625 -0.138275146484375
-0.0131731033325195 -0.00288677215576172 0.340240478515625 0.25006103515625
0.00303459167480469 -0.0308036804199219 0.011627197265625 0.4774169921875
0.0253658294677734 -0.0141239166259766 -0.198577880859375 0.28863525390625
0.0326900482177734 -0.00544357299804688 0.014739990234375 0.0300769805908203
0.0256423950195312 -0.0198955535888672 0.22320556640625 -0.2821044921875
0.0134353637695312 -0.0272846221923828 -0.0399169921875 -0.491180419921875
-0.00600337982177734 -0.0124998092651367 -0.37969970703125 -0.19561767578125
-0.00544261932373047 0.00334692001342773 -0.28741455078125 0.177093505859375
0.0066533088684082 0.00516223907470703 -0.05596923828125 0.241744995117188
0.00548219680786133 0.00645923614501953 0.138626098632813 0.12127685546875
0.006988525390625 0.00292825698852539 0.18157958984375 -0.02423095703125
0.0115022659301758 -0.0102987289428711 -0.18023681640625 0.0239715576171875
0.0181751251220703 0.00569915771484375 -0.111244201660156 -0.115409851074219
0.00546789169311524 0.00563240051269531 0.0818939208984375 -0.2337646484375
-0.00676965713500977 0.00632095336914063 0.329010009765625 -0.1436767578125
-0.0142555236816406 -0.00305080413818359 0.34320068359375 0.24371337890625
0.00316238403320312 -0.0331916809082031 0.021728515625 0.480255126953125
0.0279121398925781 -0.0168724060058594 -0.197906494140625 0.29632568359375
0.0364189147949219 -0.00711441040039062 0.00744056701660157 0.0345306396484375
0.028350830078125 -0.0226364135742188 0.223968505859375 -0.275192260742188
0.0141773223876953 -0.0289344787597656 -0.0316162109375 -0.491485595703125
-0.00645065307617187 -0.0128002166748047 -0.376922607421875 -0.20391845703125
-0.00603342056274414 0.00297260284423828 -0.293853759765625 0.1727294921875
0.00689411163330078 0.00511693954467773 -0.0623626708984375 0.24249267578125
0.00541830062866211 0.00681591033935547 0.136009216308594 0.123809814453125
0.00743818283081055 0.00427913665771484 0.18206787109375 -0.0229949951171875
0.00589370727539062 -0.0338973999023438 -0.179977416992188 0.024658203125
0.0117883682250977 -0.00748157501220703 -0.116920471191406 -0.112937927246094
0.00871372222900391 -0.0102643966674805 0.0733795166015625 -0.235061645507813
0.00274133682250977 0.00438618659973144 0.321380615234375 -0.159881591796875
-0.00298309326171875 0.0162687301635742 0.353851318359375 0.22259521484375
-0.00137805938720703 0.00220417976379394 0.0439453125 0.471160888671875
-0.00120162963867188 0.0126352310180664 -0.185577392578125 0.300445556640625
-0.0072793960571289 0.00915908813476563 0.00700759887695313 0.0372123718261719
0.0002288818359375 0.00907516479492187 0.23046875 -0.268157958984375
0.0119028091430664 0.00454425811767578 -0.015289306640625 -0.49884033203125
0.0060887336730957 0.00542259216308594 -0.371185302734375 -0.225921630859375
0.00266695022583008 0.000566005706787109 -0.3001708984375 0.1590576171875
0.0114154815673828 -0.00898551940917969 -0.070556640625 0.237777709960937
0.000187873840332032 -0.00937080383300781 0.12945556640625 0.124855041503906
0.00131797790527344 -0.01763916015625 0.179962158203125 -0.0202484130859375
0.00609016418457031 -0.0312385559082031 -0.17974853515625 0.0235595703125
0.0123634338378906 -0.00529098510742188 -0.113822937011719 -0.115608215332031
0.00813865661621094 -0.00765514373779297 0.08056640625 -0.2352294921875
0.0011754035949707 0.00541400909423828 0.328399658203125 -0.15167236328125
-0.00416278839111328 0.0134372711181641 0.3477783203125 0.23394775390625
-0.00120019912719727 -0.00154232978820801 0.031036376953125 0.474365234375
0.000105857849121093 0.0109968185424805 -0.188446044921875 0.293701171875
-0.00419330596923828 0.00830411911010742 0.0142116546630859 0.0323085784912109
0.00219631195068359 0.00678348541259766 0.227981567382812 -0.275726318359375
0.0116510391235352 0.000969886779785156 -0.026824951171875 -0.49871826171875
0.00457859039306641 0.00273609161376953 -0.374420166015625 -0.2147216796875
0.00163578987121582 0.000464916229248047 -0.293182373046875 0.165863037109375
0.0104656219482422 -0.00675201416015625 -0.06298828125 0.23779296875
0.000815391540527344 -0.00702714920043945 0.132774353027344 0.121017456054687
0.00127029418945313 -0.0149030685424805 0.17889404296875 -0.0220184326171875
0.00707435607910156 -0.0277366638183594 -0.17974853515625 0.0236663818359375
0.0136203765869141 -0.00215816497802734 -0.110740661621094 -0.118087768554688
0.0080723762512207 -0.00460433959960938 0.0866851806640625 -0.235214233398437
-0.000500202178955078 0.0055842399597168 0.3336181640625 -0.144378662109375
-0.00586414337158203 0.0102939605712891 0.34375 0.24359130859375
-0.000745773315429687 -0.00735235214233398 0.020111083984375 0.47576904296875
0.00428581237792969 0.0067133903503418 -0.19024658203125 0.2869873046875
0.00142335891723633 0.00621795654296875 0.0202102661132813 0.0283470153808594
0.00577545166015625 0.00218582153320313 0.226837158203125 -0.28411865234375
0.0115633010864258 -0.00433540344238281 -0.039215087890625 -0.497222900390625
0.0027165412902832 -0.000714540481567383 -0.37872314453125 -0.202117919921875
6.3776969909668E-05 0.00100928544998169 -0.287384033203125 0.173126220703125
0.00951957702636719 -0.00424098968505859 -0.056121826171875 0.238922119140625
0.00149798393249512 -0.00384211540222168 0.136398315429688 0.119300842285156
0.00269222259521485 -0.0117321014404297 0.179428100585937 -0.0230865478515625
0.00789260864257813 -0.0231781005859375 -0.17950439453125 0.023834228515625
0.014805793762207 0.000741958618164062 -0.108238220214844 -0.119331359863281
0.0073542594909668 -0.00153446197509766 0.0908660888671875 -0.234725952148438
-0.00269222259521484 0.00558662414550781 0.336669921875 -0.138427734375
-0.00826120376586914 0.00592422485351563 0.339569091796875 0.249847412109375
0.000513076782226563 -0.01373291015625 0.011474609375 0.476593017578125
0.00948715209960938 0.00207233428955078 -0.193206787109375 0.283538818359375
0.00917148590087891 0.00375556945800781 0.0230617523193359 0.0255107879638672
0.0104789733886719 -0.00373172760009766 0.22528076171875 -0.288543701171875
0.0114498138427734 -0.0106477737426758 -0.04541015625 -0.496307373046875
-0.000299930572509766 -0.00427627563476563 -0.380767822265625 -0.1949462890625
-0.00131964683532715 0.00169408321380615 -0.282867431640625 0.17694091796875
0.0080418586730957 -0.00130558013916016 -0.05145263671875 0.238861083984375
0.00249075889587402 -0.000665187835693359 0.138473510742188 0.117759704589844
0.00377035140991211 -0.00740194320678711 0.179916381835938 -0.0245208740234375
0.00894355773925781 -0.0185756683349609 -0.180206298828125 0.022796630859375
0.0158243179321289 0.00305747985839844 -0.107040405273438 -0.119804382324219
0.00646591186523438 0.0015869140625 0.0928955078125 -0.234619140625
-0.00410366058349609 0.00585269927978516 0.338623046875 -0.135955810546875
-0.0100793838500977 0.00153064727783203 0.3377685546875 0.255462646484375
0.00144195556640625 -0.0212326049804687 0.00662231445312495 0.475982666015625
0.0154943466186523 -0.00418186187744141 -0.195343017578125 0.281951904296875
0.0174741744995117 0.000288963317871094 0.0227413177490234 0.0252838134765625
0.0156040191650391 -0.00997829437255859 0.222137451171875 -0.289337158203125
0.0122556686401367 -0.0172014236450195 -0.050384521484375 -0.493377685546875
-0.00250768661499023 -0.00785398483276367 -0.380279541015625 -0.1895751953125
-0.00304889678955078 0.00246477127075195 -0.281829833984375 0.1802978515625
0.00760078430175781 0.0013737678527832 -0.0499420166015625 0.239059448242188
0.00381231307983398 0.00271773338317871 0.139389038085937 0.117912292480469
0.00509834289550781 -0.00321292877197266 0.179931640625 -0.02490234375
0.00935459136962891 -0.0142021179199219 -0.179046630859375 0.02392578125
0.0176334381103516 0.00469779968261719 -0.107040405273438 -0.118507385253906
0.00615406036376953 0.00424671173095703 0.09112548828125 -0.233489990234375
-0.00569438934326172 0.00614118576049805 0.336029052734375 -0.134918212890625
-0.0115137100219727 -0.00143527984619141 0.336578369140625 0.254364013671875
0.00257682800292969 -0.0272216796875 0.00643920898437502 0.477813720703125
0.0211715698242187 -0.0095672607421875 -0.1971435546875 0.284271240234375
0.0259590148925781 -0.00283432006835938 0.0200271606445312 0.0268459320068359
0.0206069946289063 -0.0153694152832031 0.2222900390625 -0.285919189453125
0.0121707916259766 -0.0228309631347656 -0.04638671875 -0.492340087890625
-0.00502681732177734 -0.0109367370605469 -0.379638671875 -0.191925048828125
-0.00429558753967285 0.00278854370117188 -0.28326416015625 0.1793212890625
0.00705051422119141 0.00366640090942383 -0.05145263671875 0.23980712890625
0.00507020950317383 0.00496435165405273 0.139518737792969 0.118484497070313
0.00581979751586914 0.000308513641357422 0.179641723632813 -0.025360107421875
0.0100793838500977 -0.0119199752807617 -0.179229736328125 0.02362060546875
0.0182571411132812 0.00560760498046875 -0.108474731445313 -0.117378234863281
0.0057520866394043 0.00549125671386719 0.08685302734375 -0.232696533203125
-0.00652551651000976 0.00642871856689453 0.332977294921875 -0.137725830078125
-0.0128984451293945 -0.00305366516113281 0.3382568359375 0.25006103515625
0.00335693359375 -0.0312347412109375 0.0115966796875 0.47662353515625
0.0252780914306641 -0.0142726898193359 -0.197906494140625 0.288299560546875
0.0321941375732422 -0.00525283813476563 0.0146446228027344 0.0299396514892578
0.0252857208251953 -0.0196151733398438 0.222122192382813 -0.280166625976563
0.0127468109130859 -0.0267314910888672 -0.040069580078125 -0.489898681640625
-0.0060110092163086 -0.0124788284301758 -0.377716064453125 -0.1959228515625
-0.00566482543945313 0.00318527221679687 -0.286895751953125 0.176544189453125
0.00695610046386719 0.00480318069458008 -0.055633544921875 0.240951538085938
0.00543928146362305 0.00626754760742188 0.138465881347656 0.12005615234375
0.00636720657348633 0.00277137756347656 0.180831909179688 -0.024078369140625
0.0104074478149414 -0.0105390548706055 -0.179229736328125 0.02459716796875
0.0181770324707031 0.0048370361328125 -0.110649108886719 -0.114982604980469
0.00604009628295899 0.00543498992919922 0.0820465087890625 -0.23321533203125
-0.00667142868041992 0.00631999969482422 0.326629638671875 -0.14398193359375
-0.0135107040405273 -0.00306892395019531 0.34271240234375 0.24310302734375
0.00346565246582031 -0.0331287384033203 0.02166748046875 0.47857666015625
0.0278606414794922 -0.0167999267578125 -0.19683837890625 0.29522705078125
0.0363121032714844 -0.00718307495117188 0.00742912292480469 0.0345954895019531
0.0282268524169922 -0.0225677490234375 0.222808837890625 -0.273300170898438
0.0140190124511719 -0.0288066864013672 -0.031219482421875 -0.49029541015625
-0.00649547576904297 -0.0132617950439453 -0.376068115234375 -0.204376220703125
-0.00589227676391601 0.00265693664550781 -0.2928466796875 0.17181396484375
0.00716733932495117 0.00467348098754883 -0.061676025390625 0.241439819335938
0.00549030303955078 0.00629997253417969 0.135360717773438 0.122970581054688
0.00686359405517578 0.00411891937255859 0.18109130859375 -0.023162841796875
0.00536537170410156 -0.0341987609863281 -0.179397583007812 0.0249786376953125
0.0112819671630859 -0.00776195526123047 -0.116943359375 -0.112358093261719
0.00867080688476563 -0.0105152130126953 0.0732269287109375 -0.234664916992188
0.00238037109375 0.004486083984375 0.320404052734375 -0.160064697265625
-0.00233078002929687 0.0158309936523438 0.353057861328125 0.22320556640625
-0.000902533531188964 0.00197017192840576 0.044036865234375 0.47198486328125
-0.00188732147216797 0.0130701065063477 -0.185302734375 0.300689697265625
-0.007568359375 0.00960159301757813 0.00764846801757812 0.0372505187988281
0.000239372253417969 0.00899505615234375 0.22955322265625 -0.266464233398438
0.0118179321289063 0.00504493713378906 -0.014312744140625 -0.49847412109375
0.00619697570800781 0.00491571426391602 -0.369659423828125 -0.226165771484375
0.0026237964630127 0.000183343887329102 -0.29998779296875 0.15826416015625
0.0110244750976563 -0.00931453704833984 -0.070465087890625 0.236968994140625
0.000168800354003905 -0.00958633422851563 0.129440307617188 0.123519897460937
0.000802993774414064 -0.0179405212402344 0.179443359375 -0.020416259765625
0.00533485412597656 -0.0313911437988281 -0.178695678710938 0.0243988037109375
0.0124225616455078 -0.00545310974121094 -0.11285400390625 -0.115379333496094
0.00807476043701172 -0.00785732269287109 0.081024169921875 -0.23443603515625
0.00100469589233398 0.00519037246704102 0.32806396484375 -0.15185546875
-0.00387191772460937 0.0132112503051758 0.346527099609375 0.234375
-0.00112879276275635 -0.00172770023345947 0.030364990234375 0.4744873046875
0.000322341918945312 0.0107460021972656 -0.188140869140625 0.29254150390625
-0.00434970855712891 0.00848627090454102 0.0144233703613281 0.0319156646728516
0.00204753875732422 0.00655412673950195 0.2286376953125 -0.27471923828125
0.0119199752807617 0.00111484527587891 -0.025115966796875 -0.49658203125
0.0047907829284668 0.00278902053833008 -0.373077392578125 -0.215179443359375
0.00190746784210205 0.000723958015441895 -0.293182373046875 0.16497802734375
0.0102653503417969 -0.00696945190429688 -0.0630340576171875 0.237152099609375
0.000809192657470703 -0.00742769241333008 0.132865905761719 0.120590209960938
0.00124263763427734 -0.0150146484375 0.178482055664062 -0.02276611328125
0.00670051574707031 -0.0279884338378906 -0.178985595703125 0.0237274169921875
0.0133514404296875 -0.00255775451660156 -0.110137939453125 -0.117576599121094
0.00778913497924805 -0.00454092025756836 0.08648681640625 -0.234893798828125
-0.000812053680419922 0.00573825836181641 0.332672119140625 -0.144561767578125
-0.00593948364257813 0.00956535339355469 0.34246826171875 0.243255615234375
-0.000238895416259766 -0.00737571716308594 0.01971435546875 0.475006103515625
0.0041813850402832 0.00668144226074219 -0.1905517578125 0.2862548828125
0.000963211059570313 0.00661420822143555 0.0197868347167969 0.0283908843994141
0.00574779510498047 0.00213909149169922 0.22576904296875 -0.2838134765625
0.0118064880371094 -0.00426387786865234 -0.03631591796875 -0.49676513671875
0.00290703773498535 -0.000848293304443359 -0.377105712890625 -0.2034912109375
6.86049461364747E-05 0.000910699367523193 -0.286956787109375 0.17138671875
0.00965595245361328 -0.00468349456787109 -0.0560302734375 0.2376708984375
0.00155901908874512 -0.00382614135742187 0.136154174804688 0.118515014648438
0.00238609313964844 -0.0120563507080078 0.179336547851562 -0.0234222412109375
0.00722312927246094 -0.0232162475585938 -0.179275512695313 0.0240020751953125
0.0146255493164063 0.000362396240234375 -0.107795715332031 -0.118217468261719
0.00760030746459961 -0.00128030776977539 0.0902099609375 -0.2342529296875
-0.00238418579101563 0.00571870803833008 0.335968017578125 -0.138824462890625
-0.00772905349731445 0.00533437728881836 0.339752197265625 0.25018310546875
0.000937461853027343 -0.0138778686523438 0.011474609375 0.476226806640625
0.00947284698486328 0.00173664093017578 -0.1929931640625 0.282684326171875
0.00881576538085938 0.00365829467773437 0.02325439453125 0.0257930755615234
0.0103826522827148 -0.00356388092041016 0.2239990234375 -0.2850341796875
0.0117321014404297 -0.0109195709228516 -0.045928955078125 -0.49456787109375
-0.000370502471923828 -0.00422167778015137 -0.37811279296875 -0.195556640625
-0.0014878511428833 0.00161159038543701 -0.28253173828125 0.175933837890625
0.00833559036254883 -0.00146627426147461 -0.05218505859375 0.237945556640625
0.00270581245422363 -0.000868558883666992 0.137947082519531 0.117431640625
0.00325345993041992 -0.00749969482421875 0.178909301757813 -0.02490234375
0.00856208801269531 -0.0190086364746094 -0.179290771484375 0.0236053466796875
0.0159444808959961 0.00263118743896484 -0.106369018554687 -0.119056701660156
0.0069732666015625 0.00201892852783203 0.0923614501953125 -0.23431396484375
-0.00429964065551758 0.00586223602294922 0.3367919921875 -0.136199951171875
-0.0100193023681641 0.00170612335205078 0.336334228515625 0.25439453125
0.00191307067871094 -0.02099609375 0.00695800781250005 0.475738525390625
0.0151710510253906 -0.00401973724365234 -0.194412231445313 0.281051635742188
0.0173664093017578 0.000546455383300781 0.0233135223388672 0.0256538391113281
0.0158329010009766 -0.00983238220214844 0.22271728515625 -0.28692626953125
0.0121593475341797 -0.0171804428100586 -0.048919677734375 -0.4927978515625
-0.00266504287719727 -0.00771570205688476 -0.3802490234375 -0.190338134765625
-0.0028846263885498 0.00244784355163574 -0.28125 0.178497314453125
0.00783967971801758 0.00111055374145508 -0.050628662109375 0.238723754882812
0.00350046157836914 0.00240564346313477 0.139137268066406 0.116996765136719
0.00478935241699219 -0.00322961807250977 0.17987060546875 -0.024932861328125
0.00836944580078125 -0.0143136978149414 -0.178619384765625 0.024322509765625
0.0174789428710938 0.00443458557128906 -0.106155395507813 -0.118278503417969
0.00634145736694336 0.00425815582275391 0.0909271240234375 -0.2327880859375
-0.00564908981323242 0.00599336624145508 0.334991455078125 -0.13433837890625
-0.0118494033813477 -0.00167083740234375 0.3365478515625 0.25421142578125
0.00308036804199219 -0.0268898010253906 0.00543212890625003 0.477020263671875
0.02105712890625 -0.00914955139160156 -0.196380615234375 0.283172607421875
0.0255870819091797 -0.00268173217773438 0.0202598571777344 0.0268878936767578
0.0207920074462891 -0.0157051086425781 0.22198486328125 -0.28582763671875
0.0121078491210937 -0.0228595733642578 -0.046661376953125 -0.48956298828125
-0.00472927093505859 -0.0110502243041992 -0.378021240234375 -0.1920166015625
-0.00429344177246094 0.00260758399963379 -0.282623291015625 0.178131103515625
0.00692844390869141 0.00324773788452148 -0.0519256591796875 0.239166259765625
0.00462770462036133 0.00469064712524414 0.138992309570313 0.117515563964844
0.00522661209106445 0.000330448150634766 0.179580688476563 -0.025482177734375
0.00922584533691406 -0.012049674987793 -0.178497314453125 0.0247344970703125
0.0181522369384766 0.00522041320800781 -0.10772705078125 -0.116790771484375
0.00567770004272461 0.00578880310058594 0.08697509765625 -0.232650756835938
-0.0066680908203125 0.00627756118774414 0.33148193359375 -0.136993408203125
-0.0130128860473633 -0.00342464447021485 0.33770751953125 0.249725341796875
0.00330924987792969 -0.0314369201660156 0.010772705078125 0.4775390625
0.0246295928955078 -0.0137424468994141 -0.197235107421875 0.287078857421875
0.0317611694335937 -0.00525474548339844 0.0149784088134766 0.0297927856445312
0.0249347686767578 -0.0197982788085938 0.222763061523437 -0.279678344726563
0.0128898620605469 -0.0269603729248047 -0.0401611328125001 -0.488616943359375
-0.00580406188964844 -0.0127344131469727 -0.376861572265625 -0.1964111328125
-0.0050654411315918 0.00288057327270508 -0.285980224609375 0.17572021484375
0.00690269470214844 0.00457334518432617 -0.055908203125 0.240386962890625
0.00513219833374023 0.00609207153320312 0.137863159179688 0.11962890625
0.00658369064331055 0.00240802764892578 0.181060791015625 -0.0250091552734375
0.00981235504150391 -0.0104532241821289 -0.178466796875 0.0245819091796875
0.0182247161865234 0.00510787963867188 -0.109794616699219 -0.114311218261719
0.00594043731689453 0.00549602508544922 0.0819549560546875 -0.232940673828125
-0.00676298141479492 0.00630092620849609 0.326690673828125 -0.14398193359375
-0.0136547088623047 -0.0036630630493164 0.342376708984375 0.2425537109375
0.00336837768554688 -0.0336742401123047 0.020538330078125 0.478424072265625
0.0273494720458984 -0.0168418884277344 -0.1959228515625 0.294647216796875
0.0358009338378906 -0.00653076171875 0.00784111022949219 0.0339508056640625
0.0279369354248047 -0.0220489501953125 0.221633911132813 -0.272232055664063
0.0139389038085938 -0.0283794403076172 -0.030487060546875 -0.48846435546875
-0.00644969940185547 -0.0134687423706055 -0.374786376953125 -0.203887939453125
-0.00545501708984375 0.0028076171875 -0.29248046875 0.170806884765625
0.00696277618408203 0.00464773178100586 -0.0619354248046875 0.240737915039063
0.00553464889526367 0.00614118576049805 0.135177612304688 0.121589660644531
0.00693941116333008 0.00383901596069336 0.180923461914063 -0.0234375
0.0048980712890625 -0.0342292785644531 -0.179122924804688 0.0250396728515625
0.0113811492919922 -0.00776004791259766 -0.116470336914062 -0.112030029296875
0.00856113433837891 -0.0105342864990234 0.07330322265625 -0.234619140625
0.00225114822387695 0.004638671875 0.3206787109375 -0.158905029296875
-0.0020294189453125 0.0158748626708984 0.352203369140625 0.224151611328125
-0.000614523887634277 0.00130820274353027 0.043121337890625 0.471893310546875
-0.00190353393554687 0.0131187438964844 -0.185089111328125 0.3001708984375
-0.00796222686767578 0.00908756256103516 0.00724029541015625 0.0372047424316406
-0.000130653381347657 0.00880241394042969 0.230087280273438 -0.265625
0.0119647979736328 0.00471305847167969 -0.01220703125 -0.498016357421875
0.00633478164672851 0.00540256500244141 -0.368804931640625 -0.226837158203125
0.00272870063781738 0.000448703765869141 -0.2994384765625 0.15753173828125
0.0112199783325195 -0.0093994140625 -0.071197509765625 0.236541748046875
0.000165939331054688 -0.00960063934326172 0.129196166992187 0.123664855957031
0.000879287719726562 -0.0179252624511719 0.17901611328125 -0.0206451416015625
0.00454330444335938 -0.0314216613769531 -0.178787231445313 0.0247344970703125
0.01239013671875 -0.00590229034423828 -0.112449645996094 -0.115127563476563
0.00832176208496094 -0.00794410705566406 0.08062744140625 -0.234878540039063
0.000975131988525391 0.00489950180053711 0.32843017578125 -0.151580810546875
-0.00390243530273437 0.0129985809326172 0.346343994140625 0.235382080078125
-0.000959873199462891 -0.00203907489776611 0.030120849609375 0.474700927734375
-0.000100135803222656 0.0110034942626953 -0.1888427734375 0.29205322265625
-0.00508499145507813 0.00830173492431641 0.0146713256835937 0.0323524475097656
0.00158357620239258 0.00680971145629883 0.228469848632813 -0.275131225585938
0.0119333267211914 0.00104904174804687 -0.0255126953125 -0.496429443359375
0.00460338592529297 0.00247097015380859 -0.3726806640625 -0.21533203125
0.00202882289886475 0.000368118286132813 -0.293121337890625 0.16461181640625
0.010411262512207 -0.00734615325927734 -0.0634613037109375 0.236770629882813
0.00100612640380859 -0.00712251663208008 0.132148742675781 0.120208740234375
0.000896453857421875 -0.0156698226928711 0.178314208984375 -0.0225067138671875
0.00584983825683594 -0.0277881622314453 -0.178939819335938 0.0240325927734375
0.0132074356079102 -0.00266075134277344 -0.10980224609375 -0.117225646972656
0.00805425643920898 -0.0046539306640625 0.0869140625 -0.235366821289062
-0.00095367431640625 0.00529241561889648 0.332489013671875 -0.143951416015625
-0.00565242767333985 0.00913238525390625 0.34307861328125 0.244354248046875
0.000153064727783204 -0.0074005126953125 0.018218994140625 0.475250244140625
0.00397586822509766 0.0067744255065918 -0.1910400390625 0.28558349609375
0.000908374786376953 0.00622367858886719 0.0204029083251953 0.0284843444824219
0.00525808334350586 0.00201845169067383 0.226165771484375 -0.28076171875
0.0115108489990234 -0.00421714782714844 -0.036407470703125 -0.49554443359375
0.00231671333312988 -0.000873088836669922 -0.377105712890625 -0.20367431640625
0.000197827816009522 0.000939130783081055 -0.287384033203125 0.170806884765625
0.00949573516845703 -0.00469303131103516 -0.05670166015625 0.237640380859375
0.00180745124816895 -0.00406312942504883 0.135772705078125 0.118072509765625
0.002197265625 -0.0118427276611328 0.178863525390625 -0.0240478515625
0.00592041015625 -0.0234317779541016 -0.17877197265625 0.0243072509765625
0.0148286819458008 -3.4332275390625E-05 -0.107109069824219 -0.118377685546875
0.00713539123535156 -0.00102806091308594 0.0910186767578125 -0.234481811523438
-0.00249671936035156 0.00589990615844727 0.336822509765625 -0.139007568359375
-0.00765848159790039 0.00548219680786133 0.339080810546875 0.251495361328125
0.000839233398437499 -0.0141506195068359 0.00988769531249999 0.476348876953125
0.00924491882324219 0.0017242431640625 -0.193206787109375 0.28228759765625
0.00821638107299805 0.00392007827758789 0.0233116149902344 0.02630615234375
0.0100440979003906 -0.00389766693115234 0.22503662109375 -0.285552978515625
0.0116996765136719 -0.0105199813842773 -0.043731689453125 -0.495880126953125
0.000172615051269532 -0.00453662872314453 -0.377899169921875 -0.197357177734375
-0.00134015083312988 0.00158405303955078 -0.28277587890625 0.175445556640625
0.00847530364990234 -0.00146913528442383 -0.0524139404296875 0.23809814453125
0.00271987915039062 -0.000950813293457031 0.137489318847656 0.116806030273438
0.00314807891845703 -0.00759220123291016 0.178680419921875 -0.0247802734375
0.00762367248535156 -0.0184745788574219 -0.178817749023437 0.023590087890625
0.0159912109375 0.00269412994384766 -0.105972290039063 -0.118934631347656
0.00710916519165039 0.00177288055419922 0.0928192138671875 -0.234298706054688
-0.00476884841918945 0.0057530403137207 0.337921142578125 -0.135650634765625
-0.0100116729736328 0.00116920471191406 0.337493896484375 0.254486083984375
0.00226783752441406 -0.0212364196777344 0.00543212890625 0.477264404296875
0.0150861740112305 -0.00401973724365234 -0.195068359375 0.281402587890625
0.0167379379272461 0.000496864318847656 0.0229969024658203 0.0252494812011719
0.0154151916503906 -0.01007080078125 0.222747802734375 -0.286712646484375
0.0123195648193359 -0.0170078277587891 -0.04742431640625 -0.49249267578125
-0.00268220901489258 -0.00824451446533203 -0.379119873046875 -0.19122314453125
-0.00278568267822266 0.00214743614196777 -0.281646728515625 0.17828369140625
0.00734472274780273 0.00107145309448242 -0.0509490966796875 0.238357543945313
0.00348782539367676 0.00225019454956055 0.139434814453125 0.116973876953125
0.0046539306640625 -0.0035247802734375 0.1795654296875 -0.0246429443359375
0.0075674057006836 -0.0142574310302734 -0.177932739257812 0.0248870849609375
0.0173454284667969 0.00397014617919922 -0.105941772460938 -0.118179321289063
0.00582456588745117 0.00428628921508789 0.0915985107421875 -0.2333984375
-0.00563573837280274 0.00594949722290039 0.335052490234375 -0.134185791015625
-0.011408805847168 -0.00194835662841797 0.33575439453125 0.254974365234375
0.00279045104980469 -0.0273494720458984 0.00491333007812503 0.47760009765625
0.0205802917480469 -0.00914192199707031 -0.196807861328125 0.28271484375
0.0248661041259766 -0.00207328796386719 0.0201644897460938 0.0268211364746094
0.0207252502441406 -0.0153865814208984 0.22314453125 -0.283843994140625
0.0123844146728516 -0.0229110717773437 -0.045989990234375 -0.49066162109375
-0.00495052337646485 -0.0107107162475586 -0.378570556640625 -0.192718505859375
-0.00440597534179688 0.00253486633300781 -0.282867431640625 0.177642822265625
0.00697994232177734 0.00309944152832031 -0.0518035888671875 0.23895263671875
0.00491666793823242 0.00481700897216797 0.138687133789063 0.11737060546875
0.00504827499389648 0.000216007232666016 0.17938232421875 -0.025726318359375
0.00886058807373047 -0.0117282867431641 -0.17840576171875 0.0250091552734375
0.0183448791503906 0.0050506591796875 -0.107131958007813 -0.116943359375
0.00577592849731445 0.00540924072265625 0.08758544921875 -0.233047485351562
-0.0066838264465332 0.00632667541503906 0.331787109375 -0.1378173828125
-0.0126972198486328 -0.00353527069091797 0.33837890625 0.250732421875
0.00371170043945313 -0.0315608978271484 0.00955200195312499 0.477264404296875
0.0245151519775391 -0.0132789611816406 -0.197479248046875 0.286529541015625
0.0316371917724609 -0.00467681884765625 0.0146903991699219 0.0301227569580078
0.0245761871337891 -0.0197582244873047 0.2225341796875 -0.27825927734375
0.0130405426025391 -0.0269908905029297 -0.038787841796875 -0.4891357421875
-0.0060882568359375 -0.0126094818115234 -0.376068115234375 -0.196044921875
-0.00539112091064453 0.00315284729003906 -0.2867431640625 0.174530029296875
0.00699806213378906 0.00414180755615234 -0.0563201904296875 0.2403564453125
0.00562477111816406 0.0062556266784668 0.137557983398438 0.11895751953125
0.00634288787841797 0.00248908996582031 0.180526733398438 -0.024810791015625
0.00935173034667969 -0.0103378295898438 -0.178359985351563 0.0252685546875
0.0181560516357422 0.00443840026855469 -0.108993530273437 -0.114105224609375
0.00594139099121094 0.00560665130615234 0.0817413330078125 -0.232574462890625
-0.00695228576660156 0.00655794143676758 0.32672119140625 -0.14373779296875
-0.0131769180297852 -0.00380039215087891 0.341552734375 0.2432861328125
0.00403213500976563 -0.0334224700927734 0.019561767578125 0.478668212890625
0.0270595550537109 -0.0165462493896484 -0.196533203125 0.2939453125
0.035400390625 -0.00651931762695313 0.00783157348632813 0.0340156555175781
0.0275554656982422 -0.0220794677734375 0.223220825195313 -0.271331787109375
0.0140399932861328 -0.0288124084472656 -0.02996826171875 -0.489288330078125
-0.00635528564453125 -0.0132541656494141 -0.374176025390625 -0.20660400390625
-0.00575160980224609 0.00286674499511719 -0.292236328125 0.1702880859375
0.0068354606628418 0.00466251373291016 -0.062530517578125 0.240753173828125
0.00534915924072266 0.00572061538696289 0.134849548339844 0.121726989746094
0.00659036636352539 0.00353145599365234 0.180191040039063 -0.023956298828125
0.00403785705566407 -0.0341472625732422 -0.178924560546875 0.02569580078125
0.01123046875 -0.00768756866455078 -0.115875244140625 -0.112266540527344
0.0085306167602539 -0.0104513168334961 0.0738372802734375 -0.235061645507813
0.00210714340209961 0.00495100021362305 0.32122802734375 -0.1597900390625
-0.00232028961181641 0.0154304504394531 0.353240966796875 0.22406005859375
-0.000722408294677734 0.00140392780303955 0.042633056640625 0.473785400390625
-0.00228214263916016 0.0129909515380859 -0.185577392578125 0.30010986328125
-0.00853538513183594 0.00971889495849609 0.007232666015625 0.0372123718261719
-0.00045919418334961 0.00842094421386719 0.23077392578125 -0.2645263671875
0.0117378234863281 0.00453281402587891 -0.01165771484375 -0.499481201171875
0.00583314895629883 0.00502729415893555 -0.369049072265625 -0.2274169921875
0.00307941436767578 -8.5592269897461E-05 -0.3006591796875 0.15728759765625
0.0112934112548828 -0.00963306427001953 -0.0713043212890625 0.236846923828125
0.000143051147460937 -0.00978660583496094 0.129249572753906 0.123306274414063
0.000444412231445313 -0.0182304382324219 0.179046630859375 -0.0202178955078125
0.00408554077148437 -0.0315437316894531 -0.178314208984375 0.0252532958984375
0.0123472213745117 -0.00594902038574219 -0.112190246582031 -0.115196228027344
0.00818681716918945 -0.00751161575317383 0.0814208984375 -0.235031127929687
0.00104236602783203 0.00539207458496094 0.328338623046875 -0.152069091796875
-0.0035867691040039 0.0123672485351563 0.347747802734375 0.235748291015625
-0.000260591506958008 -0.00224971771240234 0.029449462890625 0.476470947265625
-0.000289916992187499 0.0108718872070313 -0.189239501953125 0.292022705078125
-0.00497531890869141 0.00870323181152344 0.0144672393798828 0.0324058532714844
0.00135946273803711 0.00674343109130859 0.230010986328125 -0.274658203125
0.0116128921508789 0.000677108764648438 -0.023834228515625 -0.498809814453125
0.00487375259399414 0.00249671936035156 -0.372161865234375 -0.216156005859375
0.00179886817932129 0.000184535980224609 -0.293121337890625 0.16461181640625
0.0100259780883789 -0.00777244567871094 -0.06365966796875 0.237136840820312
0.000674247741699219 -0.00757837295532227 0.132255554199219 0.119857788085938
0.000912666320800782 -0.0153598785400391 0.178604125976562 -0.022552490234375
0.0050811767578125 -0.0278434753417969 -0.178909301757813 0.0248260498046875
0.0130653381347656 -0.00294971466064453 -0.10955810546875 -0.116905212402344
0.00801467895507813 -0.00500726699829102 0.0873870849609375 -0.235992431640625
-0.000916004180908203 0.00552082061767578 0.33343505859375 -0.144287109375
-0.00581932067871094 0.00911712646484375 0.342376708984375 0.245269775390625
0.000460624694824218 -0.00805950164794922 0.018890380859375 0.476593017578125
0.00360107421875 0.00694894790649414 -0.19110107421875 0.286102294921875
0.000422000885009766 0.00656890869140625 0.0203170776367188 0.0286865234375
0.00528860092163086 0.00176668167114258 0.227462768554688 -0.281143188476563
0.0118169784545898 -0.00438594818115234 -0.036865234375 -0.497955322265625
0.00266885757446289 -0.000539541244506836 -0.377685546875 -0.205718994140625
0.00038379430770874 0.000574409961700439 -0.2877197265625 0.171234130859375
0.00901985168457031 -0.00491237640380859 -0.057037353515625 0.238021850585938
0.00112605094909668 -0.00420856475830078 0.135589599609375 0.118278503417969
0.00193500518798828 -0.0119400024414063 0.179473876953125 -0.0237579345703125
0.00560379028320313 -0.0230388641357422 -0.1788330078125 0.024871826171875
0.0151262283325195 -0.000118255615234375 -0.107139587402344 -0.118537902832031
0.00723457336425781 -0.00141000747680664 0.0914459228515625 -0.235031127929688
-0.0027008056640625 0.00562572479248047 0.33673095703125 -0.138641357421875
-0.00777482986450195 0.00503492355346679 0.33929443359375 0.252288818359375
0.00112056732177734 -0.0146894454956055 0.00976562499999996 0.478118896484375
0.00873994827270508 0.00200223922729492 -0.193328857421875 0.2822265625
0.007598876953125 0.00401115417480469 0.0232658386230469 0.026275634765625
0.00971031188964844 -0.00366020202636719 0.2252197265625 -0.284515380859375
0.0118083953857422 -0.0108442306518555 -0.042877197265625 -0.495574951171875
3.81469726562472E-06 -0.00454282760620117 -0.3785400390625 -0.197479248046875
-0.00121963024139404 0.00110125541687012 -0.28289794921875 0.1751708984375
0.00823831558227539 -0.00216102600097656 -0.052459716796875 0.238327026367188
0.00253605842590332 -0.00117278099060059 0.137886047363281 0.116630554199219
0.00275325775146484 -0.00775861740112305 0.178802490234375 -0.025146484375
0.00694847106933594 -0.018768310546875 -0.178909301757812 0.024200439453125
0.0158901214599609 0.00268745422363281 -0.105537414550781 -0.118682861328125
0.00664424896240234 0.00136756896972656 0.0930023193359375 -0.235092163085938
-0.00455999374389649 0.00582265853881836 0.33807373046875 -0.1363525390625
-0.00932121276855469 0.00115585327148438 0.33770751953125 0.255859375
0.00230979919433594 -0.0216026306152344 0.00524902343750003 0.4783935546875
0.0150470733642578 -0.00391101837158203 -0.195022583007813 0.280899047851563
0.0162973403930664 0.000494956970214844 0.0231723785400391 0.0256061553955078
0.0152006149291992 -0.0100345611572266 0.22406005859375 -0.28643798828125
0.0118179321289062 -0.0171089172363281 -0.045623779296875 -0.493865966796875
-0.00237846374511719 -0.00781774520874023 -0.37994384765625 -0.192596435546875
-0.00251626968383789 0.00237798690795899 -0.2825927734375 0.177520751953125
0.00724315643310547 0.000653266906738281 -0.050323486328125 0.23876953125
0.00347304344177246 0.00194263458251953 0.139190673828125 0.116500854492187
0.00421714782714844 -0.00353479385375977 0.179779052734375 -0.0251922607421875
0.00705242156982422 -0.0141973495483398 -0.17816162109375 0.0247650146484375
0.0174036026000977 0.003509521484375 -0.105514526367188 -0.117851257324219
0.00598859786987305 0.00436496734619141 0.0920562744140625 -0.23321533203125
-0.00596857070922852 0.00576496124267578 0.336181640625 -0.13458251953125
-0.0117282867431641 -0.00242042541503906 0.3365478515625 0.256256103515625
0.00332069396972656 -0.0278720855712891 0.00399780273437498 0.478515625
0.0205097198486328 -0.00884246826171875 -0.197662353515625 0.282470703125
0.0242538452148438 -0.00160980224609375 0.0207786560058594 0.0272216796875
0.0204677581787109 -0.0158615112304688 0.223663330078125 -0.284027099609375
0.0120182037353516 -0.0231266021728516 -0.04400634765625 -0.492218017578125
-0.00484657287597656 -0.0110864639282227 -0.378631591796875 -0.19366455078125
-0.00395107269287109 0.00256681442260742 -0.282958984375 0.177276611328125
0.00679874420166016 0.00292491912841797 -0.052337646484375 0.239532470703125
0.00447368621826172 0.00438451766967773 0.138755798339844 0.11676025390625
0.00486660003662109 -0.000190258026123047 0.179794311523438 -0.02587890625
0.00772762298583984 -0.011408805847168 -0.17828369140625 0.0247955322265625
0.0181980133056641 0.00470161437988281 -0.106887817382812 -0.116767883300781
0.00565719604492188 0.00560331344604492 0.0873565673828125 -0.233016967773438
-0.00690174102783203 0.00615215301513672 0.332763671875 -0.136993408203125
-0.0123386383056641 -0.00374889373779297 0.339080810546875 0.251068115234375
0.00364875793457031 -0.0321273803710938 0.00891113281249995 0.477447509765625
0.0244483947753906 -0.0136642456054688 -0.197540283203125 0.286865234375
0.0310459136962891 -0.00444221496582031 0.0149440765380859 0.0299701690673828
0.0246124267578125 -0.0193157196044922 0.2237548828125 -0.2789306640625
0.0127696990966797 -0.0266036987304688 -0.038055419921875 -0.490264892578125
-0.00608158111572266 -0.0127859115600586 -0.376617431640625 -0.1982421875
-0.00522994995117188 0.00274181365966797 -0.287506103515625 0.175140380859375
0.00665473937988281 0.00419330596923828 -0.0565185546875 0.239837646484375
0.00556087493896484 0.00588464736938477 0.13787841796875 0.119163513183594
0.00588464736938477 0.00231218338012695 0.1805419921875 -0.025299072265625
0.00856113433837891 -0.0105371475219727 -0.178192138671875 0.0256500244140625
0.0185165405273438 0.00441360473632813 -0.1090087890625 -0.114212036132813
0.00587892532348633 0.00548171997070313 0.0826568603515625 -0.233078002929687
-0.00706291198730469 0.00637531280517578 0.327362060546875 -0.143585205078125
-0.0129575729370117 -0.00402164459228516 0.34332275390625 0.244720458984375
0.003997802734375 -0.0335597991943359 0.01953125 0.480316162109375
0.0269660949707031 -0.0163288116455078 -0.1968994140625 0.293304443359375
0.03521728515625 -0.00646209716796875 0.00757980346679688 0.0343189239501953
0.0277633666992188 -0.0219230651855469 0.224838256835938 -0.2706298828125
0.0139255523681641 -0.0284614562988281 -0.02911376953125 -0.49041748046875
-0.00608062744140625 -0.0132646560668945 -0.37481689453125 -0.20697021484375
-0.00588703155517578 0.00282382965087891 -0.2933349609375 0.170013427734375
0.00656557083129883 0.00421524047851563 -0.0625457763671875 0.24041748046875
0.0054926872253418 0.00564241409301758 0.134841918945312 0.121238708496094
0.00664091110229492 0.00395870208740234 0.180801391601563 -0.023895263671875
0.00341606140136719 -0.0338401794433594 -0.1793212890625 0.026092529296875
0.0114831924438477 -0.00835418701171875 -0.115608215332031 -0.112060546875
0.00867462158203125 -0.0105876922607422 0.0742950439453125 -0.236099243164063
0.00188541412353516 0.00468063354492188 0.322265625 -0.16058349609375
-0.00208187103271484 0.0152606964111328 0.35369873046875 0.22552490234375
-0.000612735748291016 0.00110101699829102 0.0420227050781251 0.475982666015625
-0.00239276885986328 0.0131387710571289 -0.186248779296875 0.300262451171875
-0.00913715362548828 0.00952529907226562 0.0072479248046875 0.0374526977539063
-0.00109195709228516 0.00901031494140625 0.232177734375 -0.265090942382813
0.011693000793457 0.00483036041259766 -0.01123046875 -0.498687744140625
0.00635671615600586 0.00537347793579102 -0.370361328125 -0.229156494140625
0.0027165412902832 -7.29560852050781E-05 -0.30145263671875 0.15771484375
0.0109596252441406 -0.0100326538085938 -0.0715789794921875 0.237762451171875
0.000353813171386718 -0.0101432800292969 0.129417419433594 0.122909545898438
0.000305175781250001 -0.0180950164794922 0.17974853515625 -0.02081298828125
0.00306892395019531 -0.0317420959472656 -0.178695678710938 0.0255889892578125
0.0123109817504883 -0.00625038146972656 -0.1123046875 -0.115188598632812
0.00810909271240234 -0.00795078277587891 0.081512451171875 -0.235748291015625
0.000743865966796875 0.00505685806274414 0.329925537109375 -0.152679443359375
-0.00378608703613281 0.0124893188476563 0.34796142578125 0.236297607421875
-0.000363588333129883 -0.00241684913635254 0.028717041015625 0.478607177734375
-0.000435829162597657 0.0111093521118164 -0.189849853515625 0.292236328125
-0.00598335266113281 0.00900745391845703 0.0146503448486328 0.0327568054199219
0.000898838043212891 0.00632381439208984 0.230010986328125 -0.274246215820313
0.0117959976196289 0.00120353698730469 -0.023651123046875 -0.499664306640625
0.00446414947509766 0.00231742858886719 -0.37445068359375 -0.21795654296875
0.00211858749389648 0.000162124633789063 -0.294158935546875 0.164093017578125
0.0100860595703125 -0.00804996490478515 -0.0642547607421875 0.237350463867187
0.00049734115600586 -0.00748157501220703 0.132392883300781 0.120086669921875
0.000475883483886719 -0.0154190063476563 0.178695678710938 -0.023162841796875
0.00461387634277344 -0.0280551910400391 -0.17919921875 0.0251617431640625
0.0132741928100586 -0.00327777862548828 -0.109146118164062 -0.117546081542969
0.00795269012451172 -0.00483369827270508 0.087921142578125 -0.236663818359375
-0.00114774703979492 0.00556182861328125 0.334503173828125 -0.145111083984375
-0.00543212890625 0.00885963439941406 0.3450927734375 0.245941162109375
0.000308036804199219 -0.00782871246337891 0.017913818359375 0.4781494140625
0.00325727462768555 0.00705099105834961 -0.19110107421875 0.285980224609375
-0.000178337097167969 0.00702524185180664 0.0201511383056641 0.0286407470703125
0.00481605529785156 0.00213050842285156 0.227874755859375 -0.281341552734375
0.0119476318359375 -0.00453472137451172 -0.035888671875 -0.497222900390625
0.0024254322052002 -0.00100302696228027 -0.378753662109375 -0.20672607421875
0.00066143274307251 0.000717878341674805 -0.28839111328125 0.170257568359375
0.00915336608886719 -0.00547599792480469 -0.0573577880859375 0.238235473632813
0.00135707855224609 -0.00450611114501953 0.135810852050781 0.11785888671875
0.00147724151611328 -0.0120382308959961 0.179595947265625 -0.024078369140625
0.00493240356445312 -0.0230312347412109 -0.179122924804687 0.025238037109375
0.0147371292114258 -0.000927925109863281 -0.106765747070313 -0.118766784667969
0.00732803344726563 -0.00132846832275391 0.0913543701171875 -0.23590087890625
-0.00298023223876953 0.00586175918579102 0.337371826171875 -0.140228271484375
-0.00756311416625976 0.00488901138305664 0.340576171875 0.25323486328125
0.0013427734375 -0.0147428512573242 0.00942993164062502 0.480194091796875
0.00888347625732422 0.00189399719238281 -0.194122314453125 0.283050537109375
0.00769138336181641 0.00431585311889648 0.0230979919433594 0.0261383056640625
0.00981712341308594 -0.0036468505859375 0.22698974609375 -0.286102294921875
0.0117568969726563 -0.0105295181274414 -0.0428466796875 -0.496551513671875
0.00022125244140625 -0.00471305847167969 -0.380584716796875 -0.198486328125
-0.000879764556884766 0.00126373767852783 -0.284576416015625 0.175201416015625
0.00830936431884765 -0.00223636627197266 -0.0530548095703125 0.238754272460938
0.00235724449157715 -0.00134658813476563 0.138275146484375 0.116203308105469
0.00287866592407226 -0.00782537460327148 0.1793212890625 -0.0249176025390625
0.00639533996582031 -0.0182323455810547 -0.179153442382812 0.024871826171875
0.0159921646118164 0.00190067291259766 -0.105377197265625 -0.118904113769531
0.00682401657104492 0.00158452987670898 0.0942230224609375 -0.23541259765625
-0.00507068634033203 0.00599813461303711 0.337982177734375 -0.136688232421875
-0.00963115692138672 0.000725746154785156 0.337890625 0.256805419921875
0.00245475769042969 -0.0220623016357422 0.005035400390625 0.480621337890625
0.0148124694824219 -0.00373363494873047 -0.19573974609375 0.281585693359375
0.0159397125244141 0.000739097595214844 0.0232067108154297 0.025787353515625
0.015070915222168 -0.00991630554199219 0.2244873046875 -0.286346435546875
0.0117931365966797 -0.0167913436889648 -0.046875 -0.495758056640625
-0.00253963470458984 -0.00788450241088867 -0.38079833984375 -0.19342041015625
-0.0033719539642334 0.0018002986907959 -0.283416748046875 0.177520751953125
0.00750637054443359 0.000233173370361328 -0.05084228515625 0.239028930664063
0.00323104858398438 0.00181412696838379 0.139389038085938 0.116569519042969
0.00402331352233887 -0.00380730628967285 0.180282592773438 -0.025146484375
0.00631999969482422 -0.0140953063964844 -0.178207397460938 0.0255279541015625
0.0172433853149414 0.00339698791503906 -0.105361938476563 -0.118080139160156
0.00607061386108398 0.00422143936157227 0.0925445556640625 -0.233840942382813
-0.00636672973632812 0.00617265701293945 0.337432861328125 -0.136016845703125
-0.011138916015625 -0.00295352935791015 0.337432861328125 0.256683349609375
0.003692626953125 -0.0279788970947266 0.00411987304687501 0.48016357421875
0.0204734802246094 -0.00903511047363281 -0.19805908203125 0.283477783203125
0.0241489410400391 -0.00181961059570313 0.0201663970947266 0.0269756317138672
0.0198822021484375 -0.0156612396240234 0.224365234375 -0.284820556640625
0.0122261047363281 -0.0230026245117188 -0.043609619140625 -0.493896484375
-0.00488376617431641 -0.0111560821533203 -0.37945556640625 -0.1951904296875
-0.00390315055847168 0.00239944458007813 -0.284088134765625 0.17755126953125
0.00673437118530273 0.00264739990234375 -0.0531158447265625 0.239532470703125
0.00459623336791992 0.00405454635620117 0.138946533203125 0.116767883300781
0.00449562072753906 -0.000209331512451172 0.1796875 -0.02593994140625
0.00736522674560547 -0.0115451812744141 -0.178787231445313 0.0257720947265625
0.0182723999023438 0.00401687622070313 -0.106895446777344 -0.116531372070313
0.00571632385253906 0.00577592849731445 0.0881805419921875 -0.233917236328125
-0.00725221633911133 0.0067906379699707 0.333251953125 -0.13812255859375
-0.0122823715209961 -0.00448703765869141 0.339691162109375 0.252044677734375
0.00423049926757813 -0.0322933197021484 0.00872802734375 0.48046875
0.0242938995361328 -0.0133800506591797 -0.198516845703125 0.28753662109375
0.0309467315673828 -0.00447273254394531 0.0149879455566406 0.0299797058105469
0.0241069793701172 -0.0194759368896484 0.224639892578125 -0.277740478515625
0.0131893157958984 -0.0271511077880859 -0.037078857421875 -0.491668701171875
-0.00622844696044922 -0.0128536224365234 -0.377655029296875 -0.200469970703125
-0.00542449951171875 0.00275087356567383 -0.28851318359375 0.17486572265625
0.00656414031982422 0.00399160385131836 -0.057037353515625 0.240936279296875
0.00527429580688477 0.00581216812133789 0.138107299804688 0.118797302246094
0.00552511215209961 0.00223159790039063 0.181243896484375 -0.0254669189453125
0.00812625885009766 -0.0102825164794922 -0.178115844726563 0.0261383056640625
0.0181560516357422 0.00404930114746094 -0.108901977539062 -0.114387512207031
0.00573968887329102 0.00549030303955078 0.0828399658203125 -0.234024047851563
-0.00739288330078125 0.00626373291015625 0.328887939453125 -0.14459228515625
-0.0133466720581055 -0.00442695617675781 0.343994140625 0.2451171875
0.00376129150390625 -0.0341625213623047 0.019012451171875 0.48089599609375
0.0271472930908203 -0.0164432525634766 -0.1973876953125 0.294464111328125
0.0352592468261719 -0.00591659545898438 0.00788497924804688 0.0346412658691406
0.0272216796875 -0.0217742919921875 0.225860595703125 -0.271835327148438
0.0138301849365234 -0.0288314819335938 -0.028411865234375 -0.49163818359375
-0.00617790222167969 -0.0133342742919922 -0.375518798828125 -0.20672607421875
-0.00531339645385742 0.00247287750244141 -0.294281005859375 0.1702880859375
0.00662946701049805 0.00397253036499023 -0.0633544921875 0.24176025390625
0.00564765930175781 0.00589418411254883 0.135154724121094 0.121223449707031
0.00638341903686523 0.00338506698608398 0.181076049804688 -0.0244293212890625
0.00272941589355469 -0.0342483520507813 -0.179595947265625 0.0272064208984375
0.0116825103759766 -0.00864887237548828 -0.115852355957031 -0.111915588378906
0.00818157196044922 -0.0106782913208008 0.0742034912109375 -0.237564086914063
0.00183963775634766 0.0048370361328125 0.32330322265625 -0.162200927734375
-0.00227165222167969 0.0150413513183594 0.356201171875 0.225860595703125
-0.000118374824523926 0.000786244869232178 0.0433349609375 0.477996826171875
-0.00247573852539063 0.0133352279663086 -0.187286376953125 0.301422119140625
-0.00939273834228516 0.00998878479003906 0.00758743286132812 0.0377388000488281
-0.00111675262451172 0.00918102264404297 0.233154296875 -0.265899658203125
0.0117025375366211 0.00441169738769531 -0.011322021484375 -0.502471923828125
0.00633049011230469 0.00514078140258789 -0.37200927734375 -0.2298583984375
0.00280499458312988 0.000120878219604492 -0.303009033203125 0.157501220703125
0.0103015899658203 -0.0102453231811523 -0.0724334716796875 0.238922119140625
-8.96453857421883E-05 -0.0103340148925781 0.130050659179688 0.123512268066406
7.82012939453113E-05 -0.0186901092529297 0.180267333984375 -0.020843505859375
0.00210380554199219 -0.0315532684326172 -0.178985595703125 0.0261383056640625
0.0123300552368164 -0.00653553009033203 -0.1126708984375 -0.115409851074219
0.00839757919311523 -0.00768899917602539 0.0813446044921875 -0.237258911132813
0.000362873077392578 0.00557231903076172 0.330230712890625 -0.1539306640625
-0.00322341918945313 0.0122470855712891 0.35174560546875 0.237274169921875
-0.000140190124511719 -0.00274372100830078 0.029754638671875 0.480255126953125
-0.00103378295898438 0.0111417770385742 -0.189697265625 0.29302978515625
-0.0065155029296875 0.00906467437744141 0.0148944854736328 0.0327472686767578
0.00126314163208008 0.00655317306518555 0.232330322265625 -0.275283813476563
0.0117359161376953 0.000757217407226563 -0.023529052734375 -0.501373291015625
0.00470352172851563 0.00243759155273438 -0.375640869140625 -0.219024658203125
0.00222373008728027 5.48362731933594E-06 -0.29547119140625 0.164215087890625
0.0101690292358398 -0.00775718688964844 -0.0640869140625 0.23870849609375
0.000805854797363281 -0.00797080993652344 0.133232116699219 0.119461059570313
0.000118255615234375 -0.015625 0.179428100585938 -0.0234527587890625
0.00353622436523437 -0.02789306640625 -0.179443359375 0.0256805419921875
0.01324462890625 -0.00348472595214844 -0.109077453613281 -0.117378234863281
0.00806808471679688 -0.00482034683227539 0.08734130859375 -0.237548828125
-0.001312255859375 0.00596857070922852 0.33502197265625 -0.147247314453125
-0.00545930862426758 0.00870323181152344 0.34600830078125 0.2471923828125
0.000305652618408204 -0.00843191146850586 0.017791748046875 0.481475830078125
0.0030522346496582 0.00711536407470703 -0.191986083984375 0.287261962890625
-0.000566959381103515 0.00700950622558594 0.0201473236083984 0.0286846160888672
0.00447845458984375 0.00183582305908203 0.228851318359375 -0.282470703125
0.0120153427124023 -0.00443172454833984 -0.036163330078125 -0.501373291015625
0.00262618064880371 -0.00106048583984375 -0.37994384765625 -0.208099365234375
0.000610232353210449 0.000715792179107666 -0.2896728515625 0.1712646484375
0.00866603851318359 -0.00555992126464844 -0.0573883056640625 0.23968505859375
0.00152969360351563 -0.00452089309692383 0.13653564453125 0.118370056152344
0.00110721588134765 -0.0124893188476563 0.180618286132812 -0.0247039794921875
0.00430107116699219 -0.0229969024658203 -0.179534912109375 0.025848388671875
0.0146684646606445 -0.0009613037109375 -0.107032775878906 -0.119064331054687
0.00749301910400391 -0.00138187408447266 0.0916595458984375 -0.237686157226563
-0.00300121307373047 0.0055389404296875 0.33892822265625 -0.1416015625
-0.00733375549316406 0.00440406799316406 0.342926025390625 0.25439453125
0.00154972076416016 -0.0153112411499023 0.00961303710937497 0.481781005859375
0.00821828842163086 0.00185203552246094 -0.19439697265625 0.2841796875
0.00701904296875 0.00469255447387695 0.0233383178710938 0.0262489318847656
0.00977039337158203 -0.00356578826904297 0.22772216796875 -0.2862548828125
0.0119304656982422 -0.0108470916748047 -0.041748046875 -0.4998779296875
6.38961791992192E-05 -0.00482606887817383 -0.38153076171875 -0.199737548828125
-0.0014110803604126 0.0012437105178833 -0.285491943359375 0.17596435546875
0.00831079483032227 -0.00226020812988281 -0.0530548095703125 0.23992919921875
0.00256609916687012 -0.00108933448791504 0.138626098632813 0.116188049316406
0.00223016738891602 -0.00798940658569336 0.180252075195313 -0.0255584716796875
0.00613594055175781 -0.0181427001953125 -0.179641723632812 0.0253753662109375
0.015873908996582 0.00184726715087891 -0.105636596679688 -0.119407653808594
0.00690412521362305 0.00172233581542969 0.093841552734375 -0.236953735351562
-0.00492191314697265 0.00609397888183594 0.340728759765625 -0.138397216796875
-0.00951480865478515 0.000592231750488283 0.34014892578125 0.258087158203125
0.00271034240722656 -0.0223331451416016 0.00558471679687501 0.483184814453125
0.0143651962280273 -0.00374507904052734 -0.196807861328125 0.2822265625
0.0159616470336914 0.00123214721679687 0.0235729217529297 0.0255203247070313
0.0152769088745117 -0.00998783111572266 0.22491455078125 -0.28765869140625
0.0119657516479492 -0.0174083709716797 -0.04638671875 -0.49627685546875
-0.00264739990234375 -0.00813007354736328 -0.381683349609375 -0.19488525390625
-0.0030515193939209 0.00195503234863281 -0.284271240234375 0.178558349609375
0.00754451751708984 0.000266075134277344 -0.0512542724609375 0.240234375
0.00341939926147461 0.00159120559692383 0.139686584472656 0.116279602050781
0.00383305549621582 -0.00406265258789063 0.180740356445313 -0.02587890625
0.00585746765136719 -0.0140047073364258 -0.178298950195313 0.026336669921875
0.0174808502197266 0.00306892395019531 -0.105674743652344 -0.118560791015625
0.00613164901733398 0.00406551361083984 0.092529296875 -0.235610961914063
-0.00609874725341797 0.00614309310913086 0.33837890625 -0.13641357421875
-0.0111637115478516 -0.00271224975585938 0.339324951171875 0.25799560546875
0.00373649597167969 -0.0283432006835938 0.00384521484374998 0.484405517578125
0.0205936431884766 -0.00871849060058594 -0.1986083984375 0.28424072265625
0.0240020751953125 -0.00170135498046875 0.0206813812255859 0.0270709991455078
0.019927978515625 -0.0153579711914063 0.22589111328125 -0.2840576171875
0.0124988555908203 -0.0231227874755859 -0.04376220703125 -0.495330810546875
-0.00474452972412109 -0.0110940933227539 -0.3817138671875 -0.195709228515625
-0.00427103042602539 0.00217986106872559 -0.285369873046875 0.17816162109375
0.00683927536010742 0.00232648849487305 -0.0525970458984375 0.240127563476563
0.00493478775024414 0.00441980361938477 0.139396667480469 0.116477966308594
0.0041050910949707 -0.000266313552856445 0.179931640625 -0.0263671875
0.00670528411865234 -0.0112686157226563 -0.179183959960938 0.0267333984375
0.0181694030761719 0.00419044494628906 -0.107215881347656 -0.117118835449219
0.00592374801635742 0.0052947998046875 0.088226318359375 -0.235275268554688
-0.00748252868652344 0.00652074813842774 0.333648681640625 -0.13946533203125
-0.0123939514160156 -0.00475788116455078 0.34161376953125 0.252899169921875
0.00464630126953125 -0.0326004028320313 0.00982666015624995 0.48272705078125
0.0246086120605469 -0.0131683349609375 -0.198944091796875 0.2877197265625
0.0307350158691406 -0.00421524047851563 0.0150413513183594 0.03033447265625
0.0243453979492187 -0.0195178985595703 0.225601196289063 -0.278671264648438
0.0131359100341797 -0.0270824432373047 -0.037689208984375 -0.49383544921875
-0.00588417053222656 -0.0129194259643555 -0.37945556640625 -0.2012939453125
-0.00528573989868164 0.00290346145629883 -0.28936767578125 0.175567626953125
0.0064387321472168 0.00371122360229492 -0.05712890625 0.241592407226563
0.00548505783081055 0.00559425354003906 0.138755798339844 0.118614196777344
0.00508594512939453 0.00202751159667969 0.181610107421875 -0.0257415771484375
0.00719833374023437 -0.0103092193603516 -0.17828369140625 0.0269317626953125
0.0179653167724609 0.0040130615234375 -0.109825134277344 -0.115020751953125
0.00584793090820312 0.00552988052368164 0.082855224609375 -0.23541259765625
-0.00752067565917969 0.00642156600952149 0.328277587890625 -0.1461181640625
-0.0135593414306641 -0.00484275817871094 0.34539794921875 0.245361328125
0.0047760009765625 -0.0348014831542969 0.019012451171875 0.48516845703125
0.0271453857421875 -0.0160408020019531 -0.19818115234375 0.295318603515625
0.0344390869140625 -0.00548171997070313 0.00776100158691406 0.0345115661621094
0.0271129608154297 -0.0221099853515625 0.225509643554688 -0.271759033203125
0.0139389038085938 -0.0288314819335938 -0.028656005859375 -0.494049072265625
-0.00652599334716797 -0.0135259628295898 -0.37664794921875 -0.20843505859375
-0.00552654266357422 0.00263500213623047 -0.295501708984375 0.1708984375
0.00657749176025391 0.00394964218139648 -0.063201904296875 0.242630004882812
0.00565052032470703 0.00559139251708984 0.136001586914063 0.121490478515625
0.00573921203613281 0.00314712524414063 0.181777954101563 -0.0249786376953125
0.00190544128417969 -0.0344333648681641 -0.180206298828125 0.02783203125
0.0114212036132813 -0.00888347625732422 -0.115989685058594 -0.112503051757813
0.00874710083007813 -0.0105171203613281 0.07391357421875 -0.2386474609375
0.0016627311706543 0.0050358772277832 0.32391357421875 -0.163665771484375
-0.00179386138916016 0.0145244598388672 0.3592529296875 0.226959228515625
0.000126481056213379 0.000422567129135132 0.044342041015625 0.481781005859375
-0.00255203247070313 0.0133380889892578 -0.187469482421875 0.303497314453125
-0.00981807708740234 0.0103492736816406 0.00748062133789062 0.0378189086914063
-0.00172901153564453 0.00887107849121094 0.23468017578125 -0.2672119140625
0.0121126174926758 0.00464630126953125 -0.012725830078125 -0.505157470703125
0.00664377212524414 0.00536441802978516 -0.374420166015625 -0.231842041015625
0.00275826454162598 -2.88486480712891E-05 -0.30426025390625 0.15887451171875
0.0107841491699219 -0.0103588104248047 -0.072021484375 0.240432739257812
-3.33786010742191E-05 -0.0104665756225586 0.131248474121094 0.123519897460938
-0.000453948974609373 -0.0189876556396484 0.181594848632813 -0.022216796875
0.00173759460449219 -0.0318107604980469 -0.179946899414063 0.027557373046875
0.0123758316040039 -0.00720310211181641 -0.112655639648438 -0.115798950195313
0.00858449935913086 -0.00831317901611328 0.0821533203125 -0.2391357421875
0.000112533569335937 0.00577974319458008 0.331573486328125 -0.155853271484375
-0.00330734252929687 0.0122919082641602 0.35321044921875 0.23785400390625
3.1709671020508E-05 -0.0032646656036377 0.030792236328125 0.485076904296875
-0.000771522521972657 0.0114450454711914 -0.190948486328125 0.29510498046875
-0.00680065155029297 0.00969982147216797 0.0150718688964844 0.0326957702636719
0.000678062438964843 0.00649213790893555 0.233154296875 -0.276397705078125
0.0121183395385742 0.000782966613769531 -0.02459716796875 -0.503997802734375
0.00511503219604492 0.0027008056640625 -0.37835693359375 -0.221160888671875
0.00194942951202393 -0.000202655792236328 -0.297332763671875 0.1661376953125
0.00972080230712891 -0.00815582275390625 -0.064422607421875 0.239532470703125
0.000595092773437499 -0.00801706314086914 0.134292602539063 0.119712829589844
-0.000776290893554688 -0.0162029266357422 0.180313110351563 -0.024017333984375
0.00324440002441406 -0.0280303955078125 -0.180038452148438 0.026580810546875
0.012995719909668 -0.00370883941650391 -0.109909057617188 -0.11773681640625
0.00767755508422852 -0.00489997863769531 0.08758544921875 -0.239120483398437
-0.00133609771728516 0.00595903396606445 0.3365478515625 -0.148406982421875
-0.00557088851928711 0.00816774368286133 0.34844970703125 0.247528076171875
0.000572681427001953 -0.00860738754272461 0.0196533203125 0.483917236328125
0.00293827056884766 0.00730228424072266 -0.1925048828125 0.28875732421875
-0.0012359619140625 0.00688076019287109 0.0207481384277344 0.0288791656494141
0.00414633750915527 0.00210142135620117 0.23004150390625 -0.283416748046875
0.0120487213134766 -0.00468921661376953 -0.036865234375 -0.501922607421875
0.00252318382263184 -0.000657558441162109 -0.38238525390625 -0.2091064453125
0.000364959239959717 0.000250369310379028 -0.29083251953125 0.1729736328125
0.00867891311645508 -0.0058894157409668 -0.0574798583984375 0.240966796875
0.00135946273803711 -0.00476789474487305 0.137451171875 0.1182861328125
0.000974655151367188 -0.0125894546508789 0.181289672851563 -0.0250244140625
0.00370597839355469 -0.0228443145751953 -0.179519653320312 0.027008056640625
0.0145912170410156 -0.00102043151855469 -0.107307434082031 -0.119316101074219
0.00752162933349609 -0.00123357772827148 0.0921783447265625 -0.23870849609375
-0.00354909896850586 0.00636959075927734 0.340087890625 -0.143646240234375
-0.00748157501220703 0.00426054000854492 0.346099853515625 0.254486083984375
0.00209903717041016 -0.0154314041137695 0.011077880859375 0.48590087890625
0.00846624374389649 0.00264120101928711 -0.195037841796875 0.285491943359375
0.00675630569458008 0.004547119140625 0.0239486694335938 0.0262660980224609
0.00892734527587891 -0.00346183776855469 0.229339599609375 -0.287017822265625
0.0117263793945312 -0.0107927322387695 -0.044158935546875 -0.50201416015625
-0.00018310546875 -0.00482892990112305 -0.38482666015625 -0.199432373046875
-0.00130546092987061 0.00117588043212891 -0.286895751953125 0.1766357421875
0.00804853439331055 -0.00262832641601562 -0.05316162109375 0.24139404296875
0.00247478485107422 -0.00153923034667969 0.139732360839844 0.115875244140625
0.0019068717956543 -0.00812768936157227 0.181015014648438 -0.0267333984375
0.00498771667480469 -0.0180606842041016 -0.180145263671875 0.02630615234375
0.0158243179321289 0.00150299072265625 -0.105850219726563 -0.119773864746094
0.00692033767700195 0.00165605545043945 0.0940399169921875 -0.23883056640625
-0.00538539886474609 0.00643110275268555 0.341400146484375 -0.14013671875
-0.00937557220458984 0.000227928161621094 0.34381103515625 0.25909423828125
0.00303840637207031 -0.0228500366210938 0.00579833984374999 0.485382080078125
0.0148477554321289 -0.00362491607666016 -0.197662353515625 0.2838134765625
0.0153322219848633 0.00131320953369141 0.0236911773681641 0.0256538391113281
0.0146522521972656 -0.009857177734375 0.22705078125 -0.28814697265625
0.0119695663452148 -0.0173158645629883 -0.04736328125 -0.499542236328125
-0.00249481201171875 -0.00809860229492188 -0.38494873046875 -0.196258544921875
-0.00297737121582031 0.00159358978271484 -0.28594970703125 0.1795654296875
0.00726127624511719 0.000267505645751953 -0.0517730712890625 0.241851806640625
0.00310301780700684 0.00185847282409668 0.14111328125 0.11651611328125
0.00359892845153809 -0.00396633148193359 0.181869506835937 -0.026458740234375
0.00519657135009766 -0.0138683319091797 -0.179443359375 0.027557373046875
0.0172224044799805 0.00305080413818359 -0.105743408203125 -0.119216918945312
0.00631141662597656 0.00470829010009766 0.09228515625 -0.23699951171875
-0.00662708282470703 0.00621366500854492 0.3397216796875 -0.138824462890625
-0.0116472244262695 -0.00330162048339844 0.34161376953125 0.258453369140625
0.00401496887207031 -0.0288028717041016 0.00476074218749996 0.48663330078125
0.0201911926269531 -0.0089111328125 -0.1993408203125 0.285980224609375
0.0236053466796875 -0.00105094909667969 0.0208053588867188 0.0272541046142578
0.0195159912109375 -0.0154685974121094 0.226165771484375 -0.286041259765625
0.0124397277832031 -0.0232505798339844 -0.044677734375 -0.49810791015625
-0.00479316711425781 -0.0111970901489258 -0.38336181640625 -0.196990966796875
-0.00412154197692871 0.00225734710693359 -0.286895751953125 0.179168701171875
0.00700664520263672 0.002197265625 -0.0528411865234375 0.241867065429687
0.0046839714050293 0.0038752555847168 0.140411376953125 0.116493225097656
0.00413012504577637 -0.000372171401977539 0.181289672851563 -0.0271759033203125
0.00641632080078125 -0.0113773345947266 -0.17962646484375 0.02740478515625
0.0182380676269531 0.00424575805664063 -0.107650756835938 -0.117294311523437
0.00572967529296875 0.00516891479492188 0.0882110595703125 -0.237442016601562
-0.0075078010559082 0.00671672821044922 0.33575439453125 -0.141510009765625
-0.0123605728149414 -0.00501251220703125 0.344390869140625 0.253692626953125
0.00435829162597656 -0.0334529876708984 0.00982666015625004 0.486602783203125
0.0246925354003906 -0.0132770538330078 -0.199859619140625 0.289764404296875
0.0302696228027344 -0.00386810302734375 0.0152664184570313 0.0304222106933594
0.0240554809570313 -0.0196037292480469 0.226715087890625 -0.280059814453125
0.013092041015625 -0.0271110534667969 -0.0380859375 -0.496551513671875
-0.00622653961181641 -0.0131092071533203 -0.38189697265625 -0.2017822265625
-0.00548028945922852 0.00233221054077149 -0.2906494140625 0.176666259765625
0.00626182556152344 0.00400352478027344 -0.0567169189453125 0.243270874023437
0.00566291809082031 0.00567531585693359 0.139625549316406 0.118667602539063
0.00479364395141602 0.00194215774536133 0.182281494140625 -0.0265045166015625
0.00682926177978516 -0.010350227355957 -0.17926025390625 0.027984619140625
0.0180187225341797 0.00321197509765625 -0.110015869140625 -0.114776611328125
0.00610065460205078 0.00558805465698242 0.0829620361328125 -0.237091064453125
-0.00768089294433594 0.00661039352416992 0.3314208984375 -0.148101806640625
-0.0129690170288086 -0.00486373901367188 0.3472900390625 0.246978759765625
0.00432014465332032 -0.0348567962646484 0.020263671875 0.488128662109375
0.0268268585205078 -0.0166110992431641 -0.19879150390625 0.296875
0.0344371795654297 -0.00565719604492188 0.00818634033203126 0.0350017547607422
0.0267353057861328 -0.0219211578369141 0.226715087890625 -0.272811889648438
0.0139884948730469 -0.0289859771728516 -0.029693603515625 -0.496124267578125
-0.00627517700195312 -0.0134782791137695 -0.380340576171875 -0.21026611328125
-0.00546169281005859 0.00245141983032227 -0.29718017578125 0.172027587890625
0.00643110275268555 0.00396203994750977 -0.0631256103515625 0.24365234375
0.00583553314208984 0.00562477111816406 0.137001037597656 0.121238708496094
0.00597476959228516 0.00326681137084961 0.182159423828125 -0.025634765625
0.00109672546386718 -0.0343151092529297 -0.181396484375 0.02935791015625
0.0113840103149414 -0.00916385650634766 -0.117073059082031 -0.112464904785156
0.00856304168701172 -0.0105934143066406 0.0739593505859375 -0.24072265625
0.00148725509643555 0.00554513931274414 0.32635498046875 -0.1661376953125
-0.00173282623291016 0.0145540237426758 0.362030029296875 0.22735595703125
0.000242501497268677 0.000385254621505737 0.045654296875 0.48529052734375
-0.00252914428710937 0.0137290954589844 -0.188140869140625 0.3055419921875
-0.0103158950805664 0.0106296539306641 0.0076446533203125 0.0378036499023438
-0.00151824951171875 0.00895118713378906 0.235626220703125 -0.268341064453125
0.0116500854492188 0.00441074371337891 -0.013336181640625 -0.5084228515625
0.00686454772949219 0.00526714324951172 -0.377899169921875 -0.233428955078125
0.00313568115234375 -0.000268220901489258 -0.3052978515625 0.160400390625
0.0107278823852539 -0.0109443664550781 -0.0719757080078125 0.241775512695313
4.57763671874996E-05 -0.0105037689208984 0.132034301757813 0.123046875
-0.001617431640625 -0.0189323425292969 0.182510375976563 -0.022979736328125
0.00080108642578125 -0.0313034057617188 -0.180572509765625 0.0283203125
0.01226806640625 -0.00759792327880859 -0.113021850585938 -0.115631103515625
0.00815057754516602 -0.00802135467529297 0.0819244384765625 -0.241119384765625
0.000428199768066407 0.0057682991027832 0.33306884765625 -0.157318115234375
-0.00336170196533203 0.0119390487670898 0.35638427734375 0.238739013671875
0.000686407089233398 -0.00355911254882813 0.032684326171875 0.488128662109375
-0.000794410705566407 0.0118179321289063 -0.1912841796875 0.29754638671875
-0.00726222991943359 0.00983524322509766 0.0149974822998047 0.0331954956054688
5.24520874023373E-06 0.00651073455810547 0.2340087890625 -0.277999877929687
0.0119571685791016 0.000613212585449219 -0.027069091796875 -0.507049560546875
0.00527191162109375 0.00261402130126953 -0.38134765625 -0.2210693359375
0.00205206871032715 -3.63588333129883E-05 -0.298736572265625 0.167449951171875
0.00969696044921875 -0.00842761993408203 -0.0641632080078125 0.242141723632813
0.000573158264160156 -0.00851058959960938 0.135360717773438 0.119773864746094
-0.00121498107910156 -0.016265869140625 0.181350708007812 -0.024749755859375
0.00229072570800781 -0.0277900695800781 -0.180892944335938 0.0278778076171875
0.012974739074707 -0.00430774688720703 -0.110527038574219 -0.117904663085938
0.00828886032104492 -0.00493717193603516 0.087677001953125 -0.2413330078125
-0.00158405303955078 0.0064692497253418 0.338592529296875 -0.1517333984375
-0.00553464889526367 0.00795888900756836 0.35260009765625 0.2486572265625
0.000559806823730468 -0.00924396514892578 0.0210266113281249 0.487640380859375
0.0032658576965332 0.00765752792358398 -0.193084716796875 0.29156494140625
-0.00137853622436523 0.00763130187988281 0.0207443237304688 0.0287914276123047
0.00424075126647949 0.00180888175964355 0.23193359375 -0.284637451171875
0.0121583938598633 -0.00489711761474609 -0.037139892578125 -0.506134033203125
0.00263881683349609 -0.00078892707824707 -0.38629150390625 -0.20989990234375
0.00039181113243103 0.000421494245529175 -0.292510986328125 0.17437744140625
0.00891017913818359 -0.00577259063720703 -0.0574951171875 0.242462158203125
0.00127077102661133 -0.00506734848022461 0.138618469238281 0.117988586425781
5.72204589843738E-05 -0.0130043029785156 0.181991577148437 -0.02606201171875
0.0029754638671875 -0.0228729248046875 -0.180557250976563 0.0283355712890625
0.0144777297973633 -0.00141811370849609 -0.108306884765625 -0.119407653808594
0.00738000869750977 -0.0013279914855957 0.0914154052734375 -0.240585327148438
-0.00305795669555664 0.00616550445556641 0.341339111328125 -0.145172119140625
-0.00766706466674805 0.00411891937255859 0.347442626953125 0.25482177734375
0.00170516967773437 -0.0158271789550781 0.012542724609375 0.489501953125
0.00831222534179688 0.00244474411010742 -0.1954345703125 0.287384033203125
0.0063624382019043 0.00512933731079102 0.0240154266357422 0.0266628265380859
0.00881862640380859 -0.00368309020996094 0.23016357421875 -0.288543701171875
0.0119457244873047 -0.010991096496582 -0.04571533203125 -0.505157470703125
-0.000125885009765625 -0.00474929809570313 -0.38671875 -0.200408935546875
-0.00142455101013184 0.000988125801086426 -0.28790283203125 0.178924560546875
0.00798463821411133 -0.00279903411865234 -0.052337646484375 0.242706298828125
0.00259256362915039 -0.00185894966125488 0.140823364257813 0.115982055664062
0.00134706497192383 -0.00829792022705078 0.181610107421875 -0.0271759033203125
0.00438117980957031 -0.0179462432861328 -0.180984497070312 0.0278778076171875
0.0154609680175781 0.00102329254150391 -0.10699462890625 -0.12030029296875
0.00693321228027344 0.00184297561645508 0.0941162109375 -0.240432739257813
-0.00562572479248047 0.00666666030883789 0.343048095703125 -0.141632080078125
-0.00939083099365234 0.000102043151855471 0.34649658203125 0.26019287109375
0.0030059814453125 -0.0230827331542969 0.00735473632812505 0.489288330078125
0.0144062042236328 -0.00354957580566406 -0.197296142578125 0.285369873046875
0.0152406692504883 0.00193881988525391 0.0242481231689453 0.0259284973144531
0.0145292282104492 -0.00994682312011719 0.22808837890625 -0.290008544921875
0.0120162963867187 -0.0179176330566406 -0.049072265625 -0.502685546875
-0.00278282165527344 -0.0083460807800293 -0.38836669921875 -0.196685791015625
-0.00282645225524902 0.00166845321655273 -0.28704833984375 0.181427001953125
0.00744295120239258 0 -0.05035400390625 0.243270874023437
0.00347089767456055 0.00150752067565918 0.142059326171875 0.116287231445313
0.00303936004638672 -0.00383138656616211 0.183197021484375 -0.0273590087890625
0.00471973419189453 -0.0137157440185547 -0.179611206054688 0.028656005859375
0.0173025131225586 0.00264358520507813 -0.107200622558594 -0.119155883789063
0.00612783432006836 0.00412750244140625 0.0922088623046875 -0.239532470703125
-0.00686168670654297 0.00668907165527344 0.3409423828125 -0.140960693359375
-0.0113821029663086 -0.00380134582519531 0.3447265625 0.258514404296875
0.00426292419433594 -0.0292873382568359 0.00619506835937504 0.49053955078125
0.0203361511230469 -0.00902175903320313 -0.19952392578125 0.287445068359375
0.0235919952392578 -0.000940322875976563 0.0212326049804688 0.0270423889160156
0.0193805694580078 -0.0155448913574219 0.228759765625 -0.288177490234375
0.0121955871582031 -0.0237197875976563 -0.046844482421875 -0.501251220703125
-0.00531482696533203 -0.0112113952636719 -0.386322021484375 -0.19781494140625
-0.00419950485229492 0.00210428237915039 -0.288177490234375 0.181121826171875
0.00715017318725586 0.00224590301513672 -0.0524139404296875 0.243560791015625
0.00492954254150391 0.00362014770507812 0.14202880859375 0.11663818359375
0.00382328033447266 -0.00040745735168457 0.18218994140625 -0.0281219482421875
0.00563621520996094 -0.0111560821533203 -0.180694580078125 0.028839111328125
0.0181293487548828 0.00391578674316406 -0.108283996582031 -0.117500305175781
0.00606298446655273 0.00577068328857422 0.0880889892578125 -0.238601684570312
-0.00758075714111328 0.00699138641357422 0.33673095703125 -0.1436767578125
-0.0122385025024414 -0.0052490234375 0.34716796875 0.254638671875
0.00460624694824218 -0.0335216522216797 0.011962890625 0.489227294921875
0.0249595642089844 -0.0133895874023437 -0.200286865234375 0.2916259765625
0.0301170349121094 -0.00333023071289063 0.0155563354492188 0.0304546356201172
0.0238227844238281 -0.0198802947998047 0.228302001953125 -0.28204345703125
0.0131072998046875 -0.0275783538818359 -0.0401611328125 -0.49993896484375
-0.0059661865234375 -0.0129690170288086 -0.38507080078125 -0.20306396484375
-0.00509834289550781 0.00260019302368164 -0.291717529296875 0.17852783203125
0.00652551651000977 0.00357627868652344 -0.05657958984375 0.245193481445313
0.00564002990722656 0.00556564331054688 0.140571594238281 0.118522644042969
0.00473594665527344 0.00192403793334961 0.183502197265625 -0.02783203125
0.00599002838134766 -0.00967597961425781 -0.179946899414063 0.0289764404296875
0.0183448791503906 0.00316238403320313 -0.110748291015625 -0.115333557128906
0.00622844696044922 0.00547266006469727 0.082916259765625 -0.238922119140625
-0.0078883171081543 0.00718498229980469 0.33251953125 -0.149688720703125
-0.0134038925170898 -0.00495433807373047 0.350921630859375 0.247833251953125
0.0045318603515625 -0.0355224609375 0.022216796875 0.4920654296875
0.0270442962646484 -0.0165729522705078 -0.199615478515625 0.29913330078125
0.0342998504638672 -0.00553512573242188 0.00796318054199219 0.0349044799804688
0.0268478393554688 -0.0223808288574219 0.229019165039063 -0.275161743164063
0.0140419006347656 -0.0293788909912109 -0.030426025390625 -0.49957275390625
-0.00641059875488281 -0.0136899948120117 -0.383087158203125 -0.210784912109375
-0.00557994842529297 0.00227689743041992 -0.2984619140625 0.1737060546875
0.00653457641601563 0.00331783294677734 -0.063079833984375 0.245956420898438
0.00550270080566406 0.00499486923217773 0.138259887695313 0.1209716796875
0.00522994995117188 0.00329923629760742 0.183746337890625 -0.026824951171875
0.00057411193847656 -0.0339679718017578 -0.181671142578125 0.030731201171875
0.0113182067871094 -0.0100164413452148 -0.117912292480469 -0.113037109375
0.00858020782470703 -0.0109748840332031 0.0732879638671875 -0.243270874023438
0.00132465362548828 0.00596904754638672 0.3275146484375 -0.169921875
-0.00153350830078125 0.0143194198608398 0.365814208984375 0.22711181640625
0.000541836023330689 -0.000160634517669678 0.048553466796875 0.4881591796875
-0.00257492065429688 0.013697624206543 -0.188018798828125 0.307830810546875
-0.0109586715698242 0.0110340118408203 0.00792694091796875 0.0377388000488281
-0.00184726715087891 0.00923633575439453 0.237396240234375 -0.270584106445313
0.012272834777832 0.00419712066650391 -0.01605224609375 -0.51190185546875
0.00659084320068359 0.00544881820678711 -0.382080078125 -0.2340087890625
0.00346493721008301 -0.000705242156982422 -0.30804443359375 0.16265869140625
0.0105724334716797 -0.0107555389404297 -0.071807861328125 0.243850708007812
-0.000769615173339845 -0.0110206604003906 0.133407592773438 0.123046875
-0.00134849548339844 -0.0192279815673828 0.18402099609375 -0.0241851806640625
0.000280380249023435 -0.0310306549072266 -0.181060791015625 0.029998779296875
0.0120487213134766 -0.00808238983154297 -0.114425659179688 -0.116195678710937
0.00822877883911133 -0.00817394256591797 0.0811920166015625 -0.243331909179688
0.000116348266601563 0.00616741180419922 0.3350830078125 -0.161285400390625
-0.00333976745605469 0.0118598937988281 0.360137939453125 0.239501953125
0.000828027725219727 -0.0040590763092041 0.034423828125 0.4906005859375
-0.00104808807373047 0.01177978515625 -0.191009521484375 0.3001708984375
-0.00749492645263672 0.0101776123046875 0.0151691436767578 0.0328845977783203
0.000126361846923828 0.00659847259521484 0.234375 -0.281829833984375
0.0117578506469727 0.000780105590820313 -0.027923583984375 -0.5113525390625
0.00519084930419922 0.0023493766784668 -0.385833740234375 -0.22161865234375
0.00195920467376709 -0.00026237964630127 -0.300201416015625 0.170196533203125
0.00987148284912109 -0.00893783569335938 -0.0637664794921875 0.243667602539063
0.000583648681640626 -0.00835514068603516 0.136421203613281 0.119682312011719
-0.00174045562744141 -0.0165977478027344 0.18255615234375 -0.0262298583984375
0.00125694274902344 -0.0274581909179687 -0.1820068359375 0.029571533203125
0.0129375457763672 -0.00447273254394531 -0.111518859863281 -0.118270874023438
0.00800609588623047 -0.00504636764526367 0.0875396728515625 -0.243316650390625
-0.00151824951171875 0.00661754608154297 0.340301513671875 -0.153778076171875
-0.00498437881469727 0.00799751281738281 0.3563232421875 0.248016357421875
0.00127029418945313 -0.00943374633789063 0.023529052734375 0.492095947265625
0.00345134735107422 0.00749349594116211 -0.193572998046875 0.29351806640625
-0.00162649154663086 0.00806140899658203 0.0209007263183594 0.0291500091552734
0.00379300117492676 0.00193214416503906 0.23321533203125 -0.2877197265625
0.0121517181396484 -0.00490283966064453 -0.04010009765625 -0.5101318359375
0.0026707649230957 -0.000922918319702148 -0.38946533203125 -0.2099609375
0.000249534845352173 0.000460118055343628 -0.29473876953125 0.176177978515625
0.00909614562988281 -0.00598049163818359 -0.0564727783203125 0.244705200195312
0.00144147872924805 -0.00548267364501953 0.139900207519531 0.11724853515625
-0.000357627868652343 -0.0129480361938477 0.18365478515625 -0.0272369384765625
0.00198936462402343 -0.0225772857666016 -0.18170166015625 0.0297698974609375
0.014765739440918 -0.00187397003173828 -0.109588623046875 -0.1201171875
0.00775718688964844 -0.00152444839477539 0.091064453125 -0.24346923828125
-0.00399351119995117 0.00671720504760742 0.3438720703125 -0.1492919921875
-0.00768327713012695 0.00417900085449219 0.3521728515625 0.256744384765625
0.00194835662841797 -0.0160989761352539 0.01458740234375 0.493011474609375
0.00806379318237305 0.0026249885559082 -0.195648193359375 0.289794921875
0.00592327117919922 0.00538825988769531 0.024322509765625 0.0263290405273438
0.00848865509033203 -0.00329303741455078 0.23126220703125 -0.29180908203125
0.0120429992675781 -0.0115756988525391 -0.047698974609375 -0.50836181640625
-3.81469726562499E-05 -0.00486183166503906 -0.391021728515625 -0.202423095703125
-0.00113749504089355 0.000767350196838379 -0.289764404296875 0.1810302734375
0.00833559036254883 -0.00291252136230469 -0.0522918701171875 0.245086669921875
0.00247478485107422 -0.00185513496398926 0.142059326171875 0.116180419921875
0.00040912628173828 -0.00845670700073242 0.18328857421875 -0.0280303955078125
0.00391101837158203 -0.0174922943115234 -0.181854248046875 0.0289764404296875
0.0157718658447266 0.000652313232421875 -0.107673645019531 -0.120429992675781
0.00727510452270508 0.00166702270507813 0.0931854248046875 -0.242874145507813
-0.00540351867675781 0.00678491592407227 0.34503173828125 -0.146331787109375
-0.00968647003173828 0.000228881835937499 0.350738525390625 0.25970458984375
0.00328254699707031 -0.023681640625 0.010528564453125 0.49462890625
0.0148859024047852 -0.00351905822753906 -0.197998046875 0.287994384765625
0.0147762298583984 0.00231170654296875 0.0242385864257812 0.0259685516357422
0.0139198303222656 -0.0100278854370117 0.229095458984375 -0.292816162109375
0.0121650695800781 -0.0178260803222656 -0.05133056640625 -0.505523681640625
-0.00243854522705078 -0.00807523727416992 -0.391876220703125 -0.1973876953125
-0.00308823585510254 0.00120806694030762 -0.28857421875 0.183746337890625
0.00761842727661133 -0.000156879425048828 -0.0500946044921875 0.245498657226563
0.00341939926147461 0.00155329704284668 0.1434326171875 0.115829467773438
0.00269651412963867 -0.0041961669921875 0.183929443359375 -0.0282135009765625
0.00390052795410156 -0.0132732391357422 -0.180816650390625 0.030242919921875
0.0173988342285156 0.00209331512451172 -0.107490539550781 -0.119255065917969
0.00657033920288086 0.00464773178100586 0.09222412109375 -0.241806030273438
-0.0067591667175293 0.00668954849243164 0.343170166015625 -0.143798828125
-0.0113096237182617 -0.00337696075439453 0.34906005859375 0.260467529296875
0.00417900085449219 -0.0294570922851562 0.00912475585937501 0.494110107421875
0.0201759338378906 -0.00901222229003906 -0.199951171875 0.29058837890625
0.0234470367431641 -0.000745773315429688 0.0210590362548828 0.0273780822753906
0.0190467834472656 -0.0157451629638672 0.229034423828125 -0.29119873046875
0.0124683380126953 -0.0239028930664062 -0.048309326171875 -0.504974365234375
-0.00484180450439453 -0.0109033584594727 -0.390960693359375 -0.19873046875
-0.00449895858764649 0.00197982788085937 -0.289642333984375 0.183319091796875
0.00655412673950195 0.00204038619995117 -0.051788330078125 0.245773315429688
0.00443840026855469 0.00353479385375977 0.142745971679688 0.116180419921875
0.00323915481567383 -0.0004730224609375 0.183380126953125 -0.0295257568359375
0.00486278533935547 -0.0104007720947266 -0.181076049804688 0.0303192138671875
0.0181922912597656 0.00332260131835937 -0.109260559082031 -0.117950439453125
0.00633668899536133 0.00554275512695312 0.08770751953125 -0.240936279296875
-0.00797939300537109 0.00728178024291992 0.3389892578125 -0.14691162109375
-0.0127353668212891 -0.00538825988769532 0.351898193359375 0.256378173828125
0.00447273254394531 -0.0341587066650391 0.013885498046875 0.493621826171875
0.0249691009521484 -0.0134830474853516 -0.200408935546875 0.294586181640625
0.0299091339111328 -0.00339508056640625 0.0153446197509766 0.0306587219238281
0.0236968994140625 -0.0198745727539063 0.228790283203125 -0.284454345703125
0.0131340026855469 -0.0276737213134766 -0.041351318359375 -0.5037841796875
-0.00610733032226563 -0.0134878158569336 -0.38812255859375 -0.203521728515625
-0.0052790641784668 0.00237941741943359 -0.29388427734375 0.18048095703125
0.00644779205322266 0.00319671630859375 -0.05615234375 0.246932983398438
0.00522708892822266 0.0052952766418457 0.142074584960938 0.117904663085938
0.00425338745117188 0.00179338455200195 0.184616088867188 -0.02880859375
0.00560092926025391 -0.00921535491943359 -0.181015014648438 0.0308380126953125
0.0183696746826172 0.00270652770996094 -0.111763000488281 -0.115440368652344
0.00618171691894531 0.00555229187011719 0.082275390625 -0.240829467773438
-0.00797224044799805 0.00734996795654297 0.3345947265625 -0.15283203125
-0.0136013031005859 -0.00534820556640625 0.35498046875 0.2479248046875
0.00492477416992188 -0.0360488891601563 0.024200439453125 0.496490478515625
0.0272846221923828 -0.0162754058837891 -0.1998291015625 0.301605224609375
0.0344505310058594 -0.00487136840820313 0.00822067260742188 0.0351448059082031
0.0267848968505859 -0.0224151611328125 0.229019165039062 -0.277145385742188
0.0139198303222656 -0.0299606323242188 -0.03253173828125 -0.503082275390625
-0.00665187835693359 -0.0137767791748047 -0.3857421875 -0.210968017578125
-0.00587940216064453 0.00216579437255859 -0.30023193359375 0.176055908203125
0.00652742385864258 0.00366973876953125 -0.0627899169921875 0.247589111328125
0.00592422485351563 0.00507926940917969 0.139259338378906 0.120857238769531
0.00497102737426758 0.00304651260375977 0.184646606445313 -0.0274200439453125
-0.000675201416015625 -0.0343151092529297 -0.1824951171875 0.0322418212890625
0.0109891891479492 -0.00995635986328125 -0.119430541992187 -0.112998962402344
0.00905513763427734 -0.011326789855957 0.072296142578125 -0.245452880859375
0.00108003616333008 0.00659465789794922 0.32861328125 -0.173797607421875
-0.00129032135009766 0.0146141052246094 0.370697021484375 0.226837158203125
0.000403404235839844 -0.0003223717212677 0.05194091796875 0.4931640625
-0.00283241271972656 0.0139980316162109 -0.188323974609375 0.310699462890625
-0.0115461349487305 0.0115728378295898 0.007843017578125 0.0381011962890625
-0.00261116027832031 0.00908946990966797 0.236862182617188 -0.274093627929688
0.0120153427124023 0.00406455993652344 -0.01904296875 -0.5159912109375
0.00682926177978516 0.00500011444091797 -0.386474609375 -0.232940673828125
0.00310397148132324 -0.000495672225952148 -0.30914306640625 0.1654052734375
0.0104227066040039 -0.0112686157226562 -0.07000732421875 0.246353149414062
-0.000563621520996093 -0.0106124877929688 0.135177612304688 0.122871398925781
-0.00261497497558594 -0.0193233489990234 0.184783935546875 -0.0252838134765625
-0.000936508178710936 -0.0309410095214844 -0.182220458984375 0.0322265625
0.0122222900390625 -0.00843906402587891 -0.116134643554688 -0.115997314453125
0.00832271575927735 -0.00818490982055664 0.0801239013671875 -0.245880126953125
-0.000387191772460938 0.00662422180175781 0.336456298828125 -0.16455078125
-0.00310802459716797 0.0118684768676758 0.364654541015625 0.23846435546875
0.000405788421630859 -0.00444602966308594 0.0374755859375 0.4954833984375
-0.000855445861816406 0.0118999481201172 -0.190673828125 0.3037109375
-0.00822544097900391 0.0107460021972656 0.0154399871826172 0.032867431640625
-0.000473499298095703 0.00655508041381836 0.235382080078125 -0.283172607421875
0.0122060775756836 0.000539779663085937 -0.03173828125 -0.51416015625
0.00510740280151367 0.00256633758544922 -0.389739990234375 -0.221893310546875
0.00203311443328857 -0.000262975692749023 -0.30194091796875 0.172454833984375
0.00945854187011719 -0.00919914245605469 -0.0625762939453125 0.246109008789063
0.000111103057861327 -0.00865459442138672 0.138221740722656 0.119117736816406
-0.00203132629394531 -0.0165185928344727 0.183792114257813 -0.0271148681640625
0.000619888305664064 -0.0274372100830078 -0.183364868164063 0.03118896484375
0.0129756927490234 -0.00469779968261719 -0.112510681152344 -0.118881225585937
0.00805997848510742 -0.00545787811279297 0.0862274169921875 -0.246231079101563
-0.00156307220458984 0.00685262680053711 0.34149169921875 -0.15771484375
-0.00506973266601563 0.00802993774414063 0.360260009765625 0.248687744140625
0.0013275146484375 -0.00959873199462891 0.026519775390625 0.49591064453125
0.00304794311523437 0.00790739059448242 -0.193023681640625 0.296875
-0.00206422805786133 0.00851869583129883 0.0209426879882813 0.0289554595947266
0.00357365608215332 0.00228524208068848 0.233001708984375 -0.290130615234375
0.0124435424804687 -0.00527763366699219 -0.044219970703125 -0.514129638671875
0.00298047065734863 -0.00147771835327148 -0.395050048828125 -0.209869384765625
0.000587642192840576 0.000285744667053223 -0.295440673828125 0.179595947265625
0.00883007049560547 -0.00644207000732422 -0.05511474609375 0.246292114257813
0.0011906623840332 -0.0055389404296875 0.141693115234375 0.117263793945312
-0.00046253204345703 -0.0127172470092773 0.184646606445313 -0.0290374755859375
0.00147438049316406 -0.0221138000488281 -0.1822509765625 0.0314178466796875
0.014430046081543 -0.00215053558349609 -0.110359191894531 -0.120002746582031
0.00773239135742187 -0.00171089172363281 0.090667724609375 -0.245407104492188
-0.0035862922668457 0.00698375701904297 0.34503173828125 -0.1519775390625
-0.0070500373840332 0.00372076034545899 0.356964111328125 0.2562255859375
0.00245094299316406 -0.016545295715332 0.01763916015625 0.49835205078125
0.00869321823120117 0.00268173217773437 -0.19610595703125 0.29351806640625
0.00541353225708008 0.00583600997924805 0.0244102478027344 0.0264911651611328
0.00822830200195313 -0.00353431701660156 0.231903076171875 -0.296356201171875
0.0120315551757813 -0.0115947723388672 -0.0509033203125 -0.51171875
6.05583190917965E-05 -0.00465631484985351 -0.394775390625 -0.200347900390625
-0.00122499465942383 0.000726461410522461 -0.2906494140625 0.183502197265625
0.00787639617919922 -0.00333213806152344 -0.0508270263671875 0.247299194335938
0.00243997573852539 -0.00222206115722656 0.143508911132813 0.115005493164063
0.000291824340820312 -0.00857210159301758 0.184234619140625 -0.0301971435546875
0.00304508209228516 -0.0173931121826172 -0.182418823242188 0.0309600830078125
0.0158920288085938 0.000182151794433594 -0.108543395996094 -0.120513916015625
0.00682687759399414 0.0014185905456543 0.09271240234375 -0.245147705078125
-0.00594711303710938 0.00720405578613281 0.346710205078125 -0.148101806640625
-0.00946521759033203 -0.000362396240234377 0.3558349609375 0.2596435546875
0.00321197509765625 -0.0240516662597656 0.013397216796875 0.497283935546875
0.0144386291503906 -0.00323772430419922 -0.19720458984375 0.29156494140625
0.0144691467285156 0.00261116027832031 0.0246677398681641 0.0257015228271484
0.0135183334350586 -0.00985527038574219 0.229705810546875 -0.296234130859375
0.0120887756347656 -0.0180435180664063 -0.0550231933593749 -0.509490966796875
-0.00285625457763672 -0.0080881118774414 -0.396514892578125 -0.196929931640625
-0.00290489196777344 0.0015723705291748 -0.290008544921875 0.186492919921875
0.00727367401123047 -0.000521659851074219 -0.0489959716796875 0.247528076171875
0.00350117683410645 0.00115585327148438 0.145339965820313 0.1153564453125
0.00196337699890137 -0.00426125526428223 0.18487548828125 -0.030303955078125
0.00320625305175781 -0.0134096145629883 -0.181503295898438 0.032379150390625
0.0173587799072266 0.00185394287109375 -0.1092529296875 -0.119346618652344
0.00630807876586914 0.00403928756713867 0.09100341796875 -0.243621826171875
-0.00695943832397461 0.00719785690307617 0.34320068359375 -0.147003173828125
-0.0115261077880859 -0.003570556640625 0.353851318359375 0.259674072265625
0.00396156311035157 -0.0302886962890625 0.011810302734375 0.49835205078125
0.0202655792236328 -0.00896072387695313 -0.199432373046875 0.29345703125
0.0233440399169922 -0.000490188598632813 0.0212612152099609 0.0272693634033203
0.0189056396484375 -0.0161666870117188 0.228240966796875 -0.2938232421875
0.0121898651123047 -0.0239353179931641 -0.05169677734375 -0.509521484375
-0.00507640838623047 -0.0113716125488281 -0.394989013671875 -0.197174072265625
-0.00433611869812012 0.00191974639892578 -0.290924072265625 0.18634033203125
0.00683164596557617 0.00188016891479492 -0.0502166748046875 0.247894287109375
0.00446605682373047 0.00339794158935547 0.144210815429688 0.115463256835938
0.00286006927490234 -0.000576972961425781 0.184280395507813 -0.0308837890625
0.0043487548828125 -0.010310173034668 -0.182571411132813 0.0322265625
0.0180110931396484 0.00268936157226563 -0.110450744628906 -0.118133544921875
0.00590419769287109 0.00568723678588867 0.086273193359375 -0.243331909179688
-0.00824737548828125 0.00728797912597656 0.341156005859375 -0.150054931640625
-0.0126867294311523 -0.00545310974121094 0.3565673828125 0.254791259765625
0.00444984436035156 -0.0344734191894531 0.0177001953125 0.4976806640625
0.0247116088867188 -0.0135402679443359 -0.200408935546875 0.29718017578125
0.0297966003417969 -0.00265312194824219 0.0154476165771484 0.0308570861816406
0.0231380462646484 -0.0201034545898438 0.22857666015625 -0.288177490234375
0.0128917694091797 -0.0278949737548828 -0.045074462890625 -0.507049560546875
-0.00616359710693359 -0.0130767822265625 -0.393707275390625 -0.202880859375
-0.00532197952270508 0.00236320495605469 -0.294891357421875 0.18353271484375
0.00637483596801758 0.00322723388671875 -0.0549468994140625 0.248977661132812
0.00549840927124023 0.0052647590637207 0.14361572265625 0.11785888671875
0.00354599952697754 0.00199651718139648 0.185714721679688 -0.0303497314453125
0.00494480133056641 -0.00896549224853516 -0.181793212890625 0.032257080078125
0.0179023742675781 0.0021209716796875 -0.112724304199219 -0.115470886230469
0.00587797164916992 0.00552129745483398 0.080841064453125 -0.243453979492188
-0.00823068618774414 0.00757408142089844 0.335205078125 -0.15582275390625
-0.0130815505981445 -0.00563526153564453 0.360626220703125 0.247406005859375
0.00464630126953125 -0.0366706848144531 0.02716064453125 0.499603271484375
0.0272369384765625 -0.0165977478027344 -0.1995849609375 0.305389404296875
0.0340290069580078 -0.00507545471191406 0.00848197937011719 0.0348300933837891
0.0264148712158203 -0.0227432250976563 0.229690551757813 -0.280654907226563
0.0137805938720703 -0.0303077697753906 -0.03564453125 -0.505950927734375
-0.00631904602050781 -0.0135049819946289 -0.390655517578125 -0.210906982421875
-0.005889892578125 0.00228500366210938 -0.30206298828125 0.178924560546875
0.00635576248168945 0.00356101989746094 -0.0606536865234375 0.24957275390625
0.00569915771484375 0.00487089157104492 0.14093017578125 0.12030029296875
0.00414037704467773 0.00343441963195801 0.185989379882813 -0.028961181640625
-0.000965118408203126 -0.0338191986083984 -0.183639526367188 0.03466796875
0.010991096496582 -0.010655403137207 -0.120399475097656 -0.112754821777344
0.00865745544433594 -0.0112943649291992 0.0710296630859375 -0.24810791015625
0.00116682052612305 0.00680732727050781 0.329254150390625 -0.177764892578125
-0.00127983093261719 0.014617919921875 0.376129150390625 0.224884033203125
0.000990748405456543 -0.00100874900817871 0.05535888671875 0.496246337890625
-0.00283527374267578 0.0141477584838867 -0.1868896484375 0.314239501953125
-0.0118560791015625 0.0122947692871094 0.00820159912109376 0.0384025573730469
-0.00234794616699219 0.00940227508544922 0.237350463867188 -0.277938842773438
0.0120429992675781 0.00391006469726563 -0.022979736328125 -0.51849365234375
0.00689554214477539 0.00497722625732422 -0.39056396484375 -0.232330322265625
0.00289416313171387 -0.000677347183227539 -0.3106689453125 0.1689453125
0.0102758407592773 -0.0113592147827148 -0.0692291259765625 0.248565673828125
-0.000600814819335939 -0.0110969543457031 0.136726379394531 0.122032165527344
-0.00314712524414063 -0.0192050933837891 0.186004638671875 -0.027313232421875
-0.00150299072265625 -0.030975341796875 -0.182846069335938 0.0342864990234375
0.0117130279541016 -0.00854682922363281 -0.117324829101563 -0.116020202636719
0.00850725173950195 -0.00870800018310547 0.0791168212890625 -0.248794555664063
1.85966491699217E-05 0.00681257247924805 0.336517333984375 -0.169830322265625
-0.00288581848144531 0.0116996765136719 0.369781494140625 0.23675537109375
0.000945091247558593 -0.00411796569824219 0.041412353515625 0.499603271484375
-0.000940322875976563 0.0121564865112305 -0.19061279296875 0.30645751953125
-0.00855827331542969 0.011408805847168 0.0157413482666016 0.0330028533935547
-0.000758647918701173 0.00707721710205078 0.235443115234375 -0.28717041015625
0.0122995376586914 0.000306129455566406 -0.03558349609375 -0.5179443359375
0.00547599792480469 0.00265359878540039 -0.39459228515625 -0.220977783203125
0.00230789184570313 -0.000417709350585937 -0.303070068359375 0.17559814453125
0.00921154022216797 -0.00971794128417969 -0.0612335205078125 0.248367309570313
0.000174522399902344 -0.0089874267578125 0.139930725097656 0.118034362792969
-0.00294017791748047 -0.0163612365722656 0.18487548828125 -0.029449462890625
-1.52587890625005E-05 -0.0271167755126953 -0.183731079101563 0.033599853515625
0.0127964019775391 -0.00522994995117188 -0.114295959472656 -0.1181640625
0.00804281234741211 -0.00543975830078125 0.0849151611328125 -0.24932861328125
-0.00190258026123047 0.00719213485717773 0.34259033203125 -0.162109375
-0.00490570068359375 0.00799036026000976 0.36639404296875 0.2467041015625
0.00144863128662109 -0.0104312896728516 0.031158447265625 0.499298095703125
0.00324058532714844 0.00766611099243164 -0.192138671875 0.300506591796875
-0.00245380401611328 0.00911331176757812 0.0208625793457031 0.0287723541259766
0.00346922874450684 0.00211358070373535 0.232574462890625 -0.2952880859375
0.0121326446533203 -0.00518035888671875 -0.0483093261718751 -0.517608642578125
0.00302577018737793 -0.00126385688781738 -0.39862060546875 -0.209320068359375
0.000433534383773804 -0.000279724597930908 -0.296539306640625 0.18292236328125
0.00870990753173828 -0.00638437271118164 -0.05364990234375 0.249221801757812
0.00064849853515625 -0.00561761856079101 0.143356323242188 0.116378784179688
-0.00164318084716797 -0.0130300521850586 0.185531616210938 -0.0306854248046875
0.000844955444335937 -0.022125244140625 -0.183074951171875 0.0335540771484375
0.0144643783569336 -0.00284767150878906 -0.111785888671875 -0.119613647460938
0.00766324996948242 -0.00179767608642578 0.088958740234375 -0.248382568359375
-0.00388288497924805 0.00748348236083984 0.345611572265625 -0.15582275390625
-0.0074915885925293 0.00344610214233398 0.362335205078125 0.255218505859375
0.00225257873535156 -0.0171804428100586 0.020721435546875 0.501922607421875
0.00824785232543945 0.00283718109130859 -0.195556640625 0.296417236328125
0.00555133819580078 0.00619220733642578 0.0248584747314453 0.0265750885009766
0.00803375244140625 -0.00324630737304688 0.230255126953125 -0.299957275390625
0.0119256973266602 -0.0121774673461914 -0.0550537109375 -0.516754150390625
0.000315666198730469 -0.00455331802368164 -0.399627685546875 -0.200469970703125
-0.00129485130310059 0.000708818435668945 -0.291839599609375 0.187255859375
0.00766897201538086 -0.00340127944946289 -0.0496063232421875 0.248687744140625
0.00181770324707031 -0.00230336189270019 0.14556884765625 0.1143798828125
-0.000179767608642578 -0.00821447372436523 0.185302734375 -0.0320892333984375
0.00253677368164063 -0.0168313980102539 -0.18353271484375 0.032928466796875
0.0159101486206055 -0.000226020812988281 -0.110244750976563 -0.120285034179688
0.00718832015991211 0.00162839889526367 0.0910797119140625 -0.248489379882813
-0.00588655471801758 0.00751352310180664 0.346832275390625 -0.152984619140625
-0.00958824157714844 -0.00036907196044922 0.36004638671875 0.2589111328125
0.00331497192382813 -0.0243358612060547 0.016632080078125 0.501220703125
0.0144071578979492 -0.00333404541015625 -0.196746826171875 0.294586181640625
0.0143508911132812 0.00275897979736328 0.0245742797851563 0.0257968902587891
0.0134439468383789 -0.0101757049560547 0.228363037109375 -0.300933837890625
0.0121192932128906 -0.0188007354736328 -0.0589599609375 -0.512847900390625
-0.00317144393920899 -0.00826787948608398 -0.400909423828125 -0.196319580078125
-0.00310540199279785 0.00142121315002441 -0.290435791015625 0.190032958984375
0.00712680816650391 -0.000544071197509766 -0.0475921630859375 0.249481201171875
0.00319004058837891 0.000665187835693359 0.1468505859375 0.114456176757813
0.00163054466247559 -0.00432109832763672 0.185653686523438 -0.0320892333984375
0.00253963470458984 -0.0122575759887695 -0.182418823242188 0.0341339111328125
0.017146110534668 0.00158405303955078 -0.110549926757813 -0.119651794433594
0.00675678253173828 0.00403690338134766 0.0899200439453125 -0.246566772460938
-0.00691413879394531 0.00763750076293945 0.3458251953125 -0.152069091796875
-0.0114345550537109 -0.00397682189941406 0.35894775390625 0.258819580078125
0.00396537780761719 -0.0311222076416016 0.015045166015625 0.503448486328125
0.0204925537109375 -0.00882720947265625 -0.19940185546875 0.297088623046875
0.0231838226318359 -0.0001373291015625 0.02178955078125 0.0270576477050781
0.0188789367675781 -0.0157241821289063 0.22894287109375 -0.2978515625
0.0121135711669922 -0.0244941711425781 -0.055206298828125 -0.51177978515625
-0.00514411926269531 -0.011317253112793 -0.39947509765625 -0.196990966796875
-0.00426864624023438 0.00208806991577149 -0.291473388671875 0.18927001953125
0.00687170028686523 0.00157356262207031 -0.049468994140625 0.250137329101563
0.0046391487121582 0.00346088409423828 0.146102905273438 0.115081787109375
0.00226879119873047 0.00015711784362793 0.185684204101562 -0.032928466796875
0.00343418121337891 -0.0102357864379883 -0.182571411132813 0.0346221923828125
0.0178089141845703 0.00255584716796875 -0.111862182617188 -0.117645263671875
0.00623941421508789 0.00543546676635742 0.0851898193359375 -0.246185302734375
-0.00806713104248047 0.00783109664916992 0.341156005859375 -0.155303955078125
-0.012516975402832 -0.00569629669189453 0.361572265625 0.2537841796875
0.004364013671875 -0.0353050231933594 0.021087646484375 0.501190185546875
0.0245952606201172 -0.0137767791748047 -0.19927978515625 0.3009033203125
0.0298004150390625 -0.00278472900390625 0.0155925750732422 0.0304832458496094
0.0228195190429688 -0.0199775695800781 0.2288818359375 -0.291656494140625
0.0128536224365234 -0.0284805297851562 -0.048583984375 -0.51025390625
-0.00636482238769531 -0.0132265090942383 -0.39898681640625 -0.202606201171875
-0.00546836853027344 0.00254201889038086 -0.295867919921875 0.18658447265625
0.00679492950439453 0.00317716598510742 -0.0530853271484375 0.251007080078125
0.00550317764282227 0.00450563430786133 0.145782470703125 0.116668701171875
0.00316262245178223 0.00198101997375488 0.18719482421875 -0.0324554443359375
0.00470829010009766 -0.0088348388671875 -0.182113647460938 0.035125732421875
0.0181427001953125 0.00207138061523438 -0.1142578125 -0.11541748046875
0.0064082145690918 0.00528192520141602 0.0796356201171875 -0.245956420898438
-0.00845909118652344 0.00788211822509766 0.336669921875 -0.160247802734375
-0.0136241912841797 -0.00549983978271484 0.36572265625 0.24664306640625
0.00468826293945313 -0.03729248046875 0.0318603515625 0.504364013671875
0.0273532867431641 -0.016937255859375 -0.199005126953125 0.308624267578125
0.0339488983154297 -0.00481414794921875 0.00862693786621094 0.0349864959716797
0.0261726379394531 -0.0229110717773437 0.229461669921875 -0.28369140625
0.0139083862304688 -0.0306892395019531 -0.0392761230468751 -0.5101318359375
-0.00701141357421875 -0.0133886337280273 -0.395965576171875 -0.2091064453125
-0.00593996047973633 0.00203275680541992 -0.302642822265625 0.181610107421875
0.00638055801391602 0.00313711166381836 -0.0598907470703125 0.252044677734375
0.00566530227661133 0.00501346588134766 0.142868041992188 0.119873046875
0.00367116928100586 0.00353741645812988 0.187164306640625 -0.0309600830078125
-0.00236892700195313 -0.0337638854980469 -0.184112548828125 0.0374298095703125
0.0106191635131836 -0.0109024047851562 -0.122138977050781 -0.1124267578125
0.00824165344238281 -0.0118484497070313 0.06884765625 -0.25103759765625
0.00130653381347656 0.00696229934692383 0.329803466796875 -0.1824951171875
-0.0010833740234375 0.0141839981079102 0.380889892578125 0.2227783203125
0.00100100040435791 -0.00148355960845947 0.06146240234375 0.4998779296875
-0.00274181365966797 0.0147848129272461 -0.18609619140625 0.3182373046875
-0.0119972229003906 0.0128116607666016 0.00828170776367188 0.0381927490234375
-0.00302219390869141 0.00990867614746094 0.23590087890625 -0.2816162109375
0.0125837326049805 0.00358009338378906 -0.028350830078125 -0.5225830078125
0.00771331787109375 0.0052332878112793 -0.39593505859375 -0.231353759765625
0.00299692153930664 -0.000637054443359375 -0.310302734375 0.17291259765625
0.0100307464599609 -0.0118389129638672 -0.067352294921875 0.25091552734375
-0.000948905944824219 -0.0114660263061523 0.139205932617188 0.121078491210938
-0.00401878356933594 -0.0190658569335938 0.18701171875 -0.02960205078125
-0.0025177001953125 -0.0305576324462891 -0.183425903320313 0.0370635986328125
0.0114259719848633 -0.00946998596191406 -0.118621826171875 -0.115753173828125
0.00821876525878906 -0.00878047943115234 0.0767669677734375 -0.251434326171875
1.38282775878913E-05 0.00712013244628906 0.337615966796875 -0.174285888671875
-0.00274372100830078 0.0113706588745117 0.3753662109375 0.234954833984375
0.00103616714477539 -0.00511598587036133 0.048095703125 0.502166748046875
-0.000764846801757812 0.0122470855712891 -0.188690185546875 0.309967041015625
-0.00879383087158203 0.0116748809814453 0.01605224609375 0.0329685211181641
-0.000837802886962891 0.00693941116333008 0.2342529296875 -0.291259765625
0.0124044418334961 0.000514030456542969 -0.040313720703125 -0.521881103515625
0.00527429580688477 0.00218582153320312 -0.39947509765625 -0.218841552734375
0.00214052200317383 -0.000679969787597656 -0.30340576171875 0.179718017578125
0.00920963287353516 -0.00973987579345703 -0.0590667724609375 0.250701904296875
-0.000133514404296876 -0.00923347473144531 0.141845703125 0.117340087890625
-0.00380134582519531 -0.0162134170532227 0.185745239257813 -0.031585693359375
-0.00102996826171875 -0.0268898010253906 -0.184051513671875 0.0362548828125
0.0126733779907227 -0.00573348999023437 -0.115791320800781 -0.117904663085938
0.00793790817260742 -0.00557947158813477 0.0828704833984375 -0.252273559570313
-0.00188589096069336 0.0074467658996582 0.343292236328125 -0.16558837890625
-0.00454330444335938 0.0079503059387207 0.371307373046875 0.2457275390625
0.00159835815429688 -0.0109653472900391 0.03662109375 0.503875732421875
0.00319957733154297 0.00829792022705078 -0.191253662109375 0.3038330078125
-0.00265693664550781 0.00962448120117188 0.0217266082763672 0.0288925170898438
0.00289392471313477 0.00255513191223145 0.231475830078125 -0.297454833984375
0.0120439529418945 -0.00552082061767578 -0.0513916015625 -0.52001953125
0.00302553176879883 -0.00117230415344238 -0.403717041015625 -0.206756591796875
0.000471770763397217 0.000105440616607666 -0.2972412109375 0.18646240234375
0.00884628295898438 -0.00696182250976563 -0.052093505859375 0.251327514648438
0.000597476959228515 -0.00582122802734375 0.145278930664063 0.115631103515625
-0.00189399719238281 -0.0127315521240234 0.186630249023438 -0.032867431640625
0.000396728515625002 -0.0218524932861328 -0.183639526367188 0.0360870361328125
0.0145015716552734 -0.00334644317626953 -0.113296508789063 -0.119491577148437
0.00773477554321289 -0.00179004669189453 0.08709716796875 -0.251190185546875
-0.00384330749511719 0.00789499282836914 0.346588134765625 -0.1607666015625
-0.00708770751953125 0.00334358215332031 0.3668212890625 0.25347900390625
0.00206184387207031 -0.0178127288818359 0.025665283203125 0.505462646484375
0.00870561599731445 0.00270891189575195 -0.193878173828125 0.299774169921875
0.00523757934570313 0.00673627853393555 0.0248622894287109 0.0262489318847656
0.00809907913208008 -0.00367641448974609 0.23077392578125 -0.302703857421875
0.0120325088500977 -0.0116586685180664 -0.0592956542968749 -0.517822265625
4.38690185546872E-05 -0.00495338439941406 -0.404876708984375 -0.1988525390625
-0.00129258632659912 0.000829577445983887 -0.292205810546875 0.191253662109375
0.00734090805053711 -0.00373554229736328 -0.0473175048828125 0.251235961914063
0.00195121765136719 -0.00244545936584473 0.147491455078125 0.113677978515625
-0.000932216644287109 -0.00835800170898438 0.185958862304688 -0.0343170166015625
0.00223445892333984 -0.0165252685546875 -0.183853149414063 0.0358428955078125
0.0156803131103516 -0.00037384033203125 -0.11212158203125 -0.120269775390625
0.00720787048339844 0.00121164321899414 0.0894927978515625 -0.251083374023438
-0.00615358352661133 0.00777387619018555 0.347686767578125 -0.1578369140625
-0.00920677185058594 -0.000166893005371093 0.365234375 0.2564697265625
0.00329017639160156 -0.0252208709716797 0.021453857421875 0.505706787109375
0.0144596099853516 -0.00359821319580078 -0.195953369140625 0.2987060546875
0.0143585205078125 0.00338554382324219 0.0250205993652344 0.0256385803222656
0.0131549835205078 -0.0102348327636719 0.227783203125 -0.303802490234375
0.0119895935058594 -0.0189800262451172 -0.0635681152343749 -0.51617431640625
-0.00249958038330078 -0.00840568542480469 -0.40618896484375 -0.194610595703125
-0.00308895111083984 0.00145602226257324 -0.291290283203125 0.193450927734375
0.00712156295776367 -0.000547885894775391 -0.045623779296875 0.251632690429688
0.00308442115783691 0.00113701820373535 0.14886474609375 0.113525390625
0.000878572463989258 -0.00347423553466797 0.186859130859375 -0.0341644287109375
0.00240421295166016 -0.0122470855712891 -0.182769775390625 0.03680419921875
0.0169849395751953 0.000691413879394531 -0.111862182617187 -0.119270324707031
0.00668573379516602 0.0040440559387207 0.087646484375 -0.24932861328125
-0.00744247436523437 0.00809955596923828 0.346710205078125 -0.157379150390625
-0.0114126205444336 -0.00389289855957031 0.36358642578125 0.25640869140625
0.00415420532226562 -0.0316314697265625 0.020538330078125 0.50677490234375
0.0205783843994141 -0.00893974304199219 -0.197723388671875 0.300994873046875
0.0231456756591797 0.000391006469726563 0.0217952728271484 0.0277004241943359
0.0187187194824219 -0.0158634185791016 0.22845458984375 -0.301605224609375
0.0119113922119141 -0.0247554779052734 -0.061492919921875 -0.5146484375
-0.00506973266601563 -0.0115480422973633 -0.404998779296875 -0.195220947265625
-0.0047149658203125 0.00194358825683594 -0.292205810546875 0.19366455078125
0.00686407089233398 0.00155210494995117 -0.047027587890625 0.252120971679687
0.0045623779296875 0.00354862213134766 0.148483276367188 0.1134033203125
0.00150072574615478 0.000259518623352051 0.186080932617188 -0.03515625
0.00307846069335937 -0.00936222076416016 -0.183273315429688 0.0369720458984375
0.0180149078369141 0.00205421447753906 -0.113365173339844 -0.117713928222656
0.00637960433959961 0.00530672073364258 0.0836029052734375 -0.248916625976563
-0.00827550888061523 0.00847101211547851 0.342254638671875 -0.1593017578125
-0.0127172470092773 -0.00552272796630859 0.365753173828125 0.25177001953125
0.00439071655273437 -0.0357742309570313 0.027008056640625 0.505889892578125
0.0248966217041016 -0.0138397216796875 -0.197906494140625 0.3045654296875
0.0298061370849609 -0.00255775451660156 0.0162734985351563 0.0303802490234375
0.0228538513183594 -0.0205192565917969 0.2286376953125 -0.2957763671875
0.0125484466552734 -0.0288848876953125 -0.0540161132812501 -0.51434326171875
-0.00655651092529297 -0.0131702423095703 -0.401947021484375 -0.1998291015625
-0.00541019439697266 0.00240564346313477 -0.29620361328125 0.19049072265625
0.00618743896484375 0.00280475616455078 -0.050933837890625 0.253738403320313
0.00559711456298828 0.00464630126953125 0.147186279296875 0.116165161132812
0.00286126136779785 0.0026249885559082 0.18768310546875 -0.034423828125
0.00385427474975586 -0.00809955596923828 -0.182891845703125 0.0374755859375
0.0183162689208984 0.00163078308105469 -0.115676879882813 -0.115249633789062
0.00626230239868164 0.0051875114440918 0.0777740478515625 -0.248977661132813
-0.00861072540283203 0.0085911750793457 0.3363037109375 -0.1651611328125
-0.0137510299682617 -0.00563621520996094 0.370635986328125 0.24407958984375
0.00457382202148438 -0.0380172729492188 0.036651611328125 0.50653076171875
0.0273170471191406 -0.0168952941894531 -0.1976318359375 0.311920166015625
0.0339202880859375 -0.00441360473632813 0.00873184204101563 0.0350341796875
0.0254688262939453 -0.0229148864746094 0.227874755859375 -0.2874755859375
0.0135917663574219 -0.0309505462646484 -0.044158935546875 -0.513336181640625
-0.00659942626953125 -0.0138559341430664 -0.401123046875 -0.208282470703125
-0.00574636459350586 0.00229024887084961 -0.302490234375 0.186126708984375
0.00609540939331055 0.00304889678955078 -0.0577545166015625 0.254119873046875
0.0054783821105957 0.00479984283447266 0.144622802734375 0.118804931640625
0.00349354743957519 0.00381350517272949 0.187469482421875 -0.033355712890625
-0.00302505493164063 -0.0334091186523438 -0.18414306640625 0.0402374267578125
0.01019287109375 -0.0113277435302734 -0.12396240234375 -0.111923217773438
0.008453369140625 -0.0120306015014648 0.066802978515625 -0.253875732421875
0.00125360488891602 0.00735235214233399 0.32904052734375 -0.187225341796875
-0.000866889953613283 0.0139923095703125 0.38714599609375 0.219940185546875
0.00137007236480713 -0.00179815292358398 0.066436767578125 0.5035400390625
-0.0022735595703125 0.0151863098144531 -0.183807373046875 0.322296142578125
-0.0120410919189453 0.0138387680053711 0.008636474609375 0.0382423400878906
-0.00323200225830078 0.00971794128417969 0.23541259765625 -0.286041259765625
0.0127048492431641 0.00326633453369141 -0.032806396484375 -0.524932861328125
0.00750875473022461 0.00490188598632813 -0.401153564453125 -0.228179931640625
0.00323104858398438 -0.000858068466186524 -0.311492919921875 0.17681884765625
0.00969028472900391 -0.0122213363647461 -0.064544677734375 0.25335693359375
-0.00156211853027344 -0.0111150741577148 0.140556335449219 0.119560241699219
-0.00464820861816406 -0.0187206268310547 0.1875 -0.032470703125
-0.00327110290527344 -0.0303192138671875 -0.184005737304688 0.0397796630859375
0.0114459991455078 -0.00950050354003906 -0.120330810546875 -0.115058898925781
0.00816726684570312 -0.00896644592285156 0.074249267578125 -0.254180908203125
0.000271320343017579 0.00746011734008789 0.3369140625 -0.179473876953125
-0.00230121612548828 0.0114717483520508 0.38092041015625 0.2322998046875
0.000720977783203125 -0.00563478469848633 0.05316162109375 0.50592041015625
-0.000729560852050782 0.0125341415405273 -0.18646240234375 0.314605712890625
-0.00875473022460937 0.0128059387207031 0.0163078308105469 0.0328712463378906
-0.000886917114257812 0.0074152946472168 0.233612060546875 -0.29510498046875
0.0123062133789063 -0.00042724609375 -0.0450439453124999 -0.523895263671875
0.0053410530090332 0.00222301483154297 -0.405120849609375 -0.216094970703125
0.00195825099945068 -0.000365376472473145 -0.303619384765625 0.18359375
0.00921535491943359 -0.0103387832641602 -0.0565643310546875 0.252792358398438
-0.000504493713378907 -0.00930213928222656 0.14404296875 0.116119384765625
-0.00424671173095703 -0.0160980224609375 0.186737060546875 -0.03399658203125
-0.00164985656738281 -0.0264778137207031 -0.1845703125 0.0391998291015625
0.0123939514160156 -0.00629425048828125 -0.117683410644531 -0.117156982421875
0.00813531875610352 -0.00583553314208984 0.08074951171875 -0.25469970703125
-0.00193119049072266 0.00823783874511719 0.34222412109375 -0.17181396484375
-0.00465106964111328 0.00762653350830078 0.37713623046875 0.242095947265625
0.00131607055664063 -0.0112123489379883 0.0416564941406251 0.507568359375
0.00309228897094727 0.00828313827514648 -0.189178466796875 0.3074951171875
-0.00296878814697266 0.0104475021362305 0.0219879150390625 0.0284385681152344
0.00263881683349609 0.00286436080932617 0.231048583984375 -0.302490234375
0.0121517181396484 -0.0059356689453125 -0.057342529296875 -0.522369384765625
0.00324225425720215 -0.00130391120910645 -0.408477783203125 -0.204498291015625
0.000569343566894531 0.000269472599029541 -0.297576904296875 0.1903076171875
0.00852727890014648 -0.00719499588012695 -0.0489654541015625 0.253097534179688
0.000524044036865235 -0.00563526153564453 0.1473388671875 0.114242553710938
-0.00291824340820313 -0.0125522613525391 0.18756103515625 -0.0353240966796875
-0.000289916992187498 -0.0215129852294922 -0.183670043945313 0.0394134521484375
0.0138435363769531 -0.00336742401123047 -0.115249633789062 -0.118972778320313
0.00761318206787109 -0.00217151641845703 0.0850372314453125 -0.254257202148438
-0.00370311737060547 0.00835609436035156 0.3470458984375 -0.16644287109375
-0.00717449188232422 0.00346755981445312 0.37213134765625 0.25006103515625
0.00209236145019531 -0.0178260803222656 0.032867431640625 0.50933837890625
0.00905990600585938 0.00261878967285156 -0.191497802734375 0.30419921875
0.00484180450439453 0.0073847770690918 0.0251979827880859 0.0259342193603516
0.00783967971801758 -0.00324535369873047 0.228607177734375 -0.3079833984375
0.0116863250732422 -0.012425422668457 -0.066741943359375 -0.52069091796875
0.000135898590087891 -0.0045313835144043 -0.409515380859375 -0.19598388671875
-0.00136363506317139 0.000822663307189942 -0.29217529296875 0.19464111328125
0.00745391845703125 -0.00401496887207031 -0.045013427734375 0.253158569335938
0.00190472602844238 -0.0028386116027832 0.1492919921875 0.1119384765625
-0.00142097473144531 -0.00824737548828125 0.186874389648438 -0.037017822265625
0.00133228302001953 -0.0163860321044922 -0.184005737304688 0.038909912109375
0.0157566070556641 -0.000764846801757813 -0.113822937011719 -0.119674682617188
0.00743246078491211 0.00101280212402344 0.0867767333984375 -0.253829956054688
-0.00562238693237305 0.00801658630371094 0.348663330078125 -0.163299560546875
-0.00956916809082031 -0.000596046447753906 0.370269775390625 0.254974365234375
0.0029449462890625 -0.0255508422851563 0.0270385742187501 0.50885009765625
0.0147008895874023 -0.00361156463623047 -0.19451904296875 0.302398681640625
0.0141277313232422 0.00346660614013672 0.0251197814941406 0.0253753662109375
0.0126285552978516 -0.00970077514648438 0.22613525390625 -0.308807373046875
0.0115394592285156 -0.0192661285400391 -0.070159912109375 -0.5186767578125
-0.00292634963989258 -0.00845003128051758 -0.410919189453125 -0.19000244140625
-0.00292229652404785 0.00169968605041504 -0.2908935546875 0.198028564453125
0.00719928741455078 -0.00102138519287109 -0.042572021484375 0.253631591796875
0.00297069549560547 0.000532627105712891 0.150543212890625 0.111862182617188
0.000155687332153321 -0.00335216522216797 0.186981201171875 -0.03717041015625
0.00159072875976563 -0.0119113922119141 -0.182937622070312 0.0399169921875
0.0170965194702148 0.000390052795410156 -0.113761901855469 -0.118782043457031
0.00612020492553711 0.00397777557373047 0.0855865478515625 -0.252410888671875
-0.00720930099487305 0.0086517333984375 0.346038818359375 -0.16278076171875
-0.0115480422973633 -0.00416278839111328 0.36993408203125 0.253875732421875
0.00374984741210938 -0.0322113037109375 0.0270690917968751 0.510406494140625
0.0206546783447266 -0.00936317443847656 -0.1964111328125 0.304473876953125
0.022705078125 0.000413894653320313 0.0221462249755859 0.0271549224853516
0.0180740356445313 -0.01593017578125 0.22705078125 -0.3050537109375
0.0116786956787109 -0.0251293182373047 -0.06622314453125 -0.51611328125
-0.0053873062133789 -0.0113935470581055 -0.4088134765625 -0.1912841796875
-0.00445842742919922 0.00195884704589844 -0.292327880859375 0.197845458984375
0.00692844390869141 0.00148439407348633 -0.044158935546875 0.254302978515625
0.00435614585876465 0.00283026695251465 0.150222778320313 0.1123046875
0.00131464004516602 0.00030672550201416 0.18707275390625 -0.0374755859375
0.00274181365966797 -0.00903129577636719 -0.183853149414063 0.0402679443359375
0.0178661346435547 0.00175857543945313 -0.115165710449219 -0.117210388183594
0.00623369216918945 0.00495767593383789 0.080780029296875 -0.251632690429687
-0.00835943222045898 0.00835895538330078 0.343170166015625 -0.1649169921875
-0.0127553939819336 -0.00600528717041016 0.371551513671875 0.248046875
0.003936767578125 -0.0365180969238281 0.032867431640625 0.508514404296875
0.0250587463378906 -0.0140132904052734 -0.19671630859375 0.308380126953125
0.029754638671875 -0.00239753723144531 0.0164375305175781 0.0305328369140625
0.0221157073974609 -0.0207176208496094 0.22705078125 -0.2987060546875
0.0124130249023438 -0.0293045043945312 -0.058746337890625 -0.515838623046875
-0.00673961639404297 -0.013087272644043 -0.40826416015625 -0.197265625
-0.00542879104614258 0.002349853515625 -0.2962646484375 0.194976806640625
0.00644016265869141 0.00254631042480469 -0.048370361328125 0.255294799804687
0.0053863525390625 0.00438785552978516 0.149093627929688 0.114334106445313
0.00211715698242188 0.00270652770996094 0.188247680664063 -0.0374755859375
0.00382375717163086 -0.00801658630371094 -0.183273315429688 0.04034423828125
0.0179443359375 0.0010528564453125 -0.117729187011719 -0.114585876464844
0.00657939910888672 0.00513982772827148 0.07574462890625 -0.251724243164063
-0.00822639465332031 0.00860023498535156 0.336639404296875 -0.17083740234375
-0.0137138366699219 -0.00585269927978516 0.37591552734375 0.24041748046875
0.00389480590820312 -0.0387039184570313 0.042999267578125 0.510467529296875
0.0270957946777344 -0.0172901153564453 -0.195404052734375 0.316162109375
0.0339336395263672 -0.00441169738769531 0.00911712646484375 0.0355148315429688
0.0253467559814453 -0.0227890014648437 0.22705078125 -0.29180908203125
0.0131893157958984 -0.031097412109375 -0.0498046875 -0.51556396484375
-0.00690364837646484 -0.0137920379638672 -0.40570068359375 -0.2060546875
-0.00601863861083984 0.00237655639648437 -0.30267333984375 0.190521240234375
0.00654745101928711 0.00284337997436523 -0.0553741455078125 0.256698608398438
0.00568008422851563 0.00461959838867188 0.146438598632813 0.117401123046875
0.00278854370117188 0.00387358665466309 0.188507080078125 -0.0359039306640625
-0.00381851196289062 -0.0328807830810547 -0.184249877929688 0.04351806640625
0.0100421905517578 -0.0118064880371094 -0.12591552734375 -0.110298156738281
0.00804615020751953 -0.0113534927368164 0.064117431640625 -0.255996704101563
0.00107669830322266 0.00765466690063477 0.330291748046875 -0.192596435546875
-0.000843048095703126 0.0141448974609375 0.391387939453125 0.2166748046875
0.00104045867919922 -0.00223660469055176 0.07440185546875 0.505340576171875
-0.00248908996582031 0.0149869918823242 -0.180572509765625 0.32568359375
-0.0124654769897461 0.014653205871582 0.0084075927734375 0.0385055541992187
-0.00327301025390625 0.00994014739990234 0.233428955078125 -0.28900146484375
0.0125484466552734 0.00335407257080078 -0.039764404296875 -0.528961181640625
0.00760841369628906 0.00538301467895508 -0.40667724609375 -0.225067138671875
0.00281715393066406 -0.000663280487060547 -0.310638427734375 0.1820068359375
0.00943088531494141 -0.012700080871582 -0.06158447265625 0.255020141601563
-0.00176525115966797 -0.0115833282470703 0.142654418945313 0.118209838867188
-0.00547599792480469 -0.0182895660400391 0.18865966796875 -0.035125732421875
-0.00418281555175781 -0.0301074981689453 -0.183944702148438 0.0428466796875
0.0108175277709961 -0.00993251800537109 -0.122138977050781 -0.114067077636719
0.00800800323486328 -0.00926780700683594 0.071258544921875 -0.25634765625
0.00018310546875 0.00790739059448242 0.336395263671875 -0.1859130859375
-0.00211143493652344 0.0114068984985352 0.386138916015625 0.2288818359375
0.000962257385253907 -0.00599479675292969 0.0604248046875 0.508209228515625
-0.00040149688720703 0.0126285552978516 -0.184112548828125 0.318115234375
-0.00906467437744141 0.0132589340209961 0.01629638671875 0.0328407287597656
-0.000984191894531251 0.00743627548217774 0.23126220703125 -0.29974365234375
0.0121946334838867 -0.0002288818359375 -0.05267333984375 -0.52606201171875
0.00531768798828125 0.00255346298217773 -0.410064697265625 -0.2138671875
0.00202465057373047 -0.00010228157043457 -0.302764892578125 0.188812255859375
0.00890350341796875 -0.0104150772094727 -0.053741455078125 0.254684448242188
-0.00120830535888672 -0.00924205780029297 0.145843505859375 0.1143798828125
-0.00527477264404297 -0.0155210494995117 0.186843872070313 -0.0369415283203125
-0.00251197814941406 -0.0259284973144531 -0.18463134765625 0.0423126220703125
0.0123109817504883 -0.00679397583007813 -0.119247436523438 -0.116401672363281
0.00781631469726563 -0.00614690780639649 0.0775146484375 -0.257003784179688
-0.00166606903076172 0.00873422622680664 0.343170166015625 -0.178558349609375
-0.00443315505981445 0.0076751708984375 0.382171630859375 0.238006591796875
0.00095367431640625 -0.0117082595825195 0.04876708984375 0.509857177734375
0.00327110290527344 0.00837802886962891 -0.18603515625 0.311248779296875
-0.00297260284423828 0.0110502243041992 0.0220146179199219 0.0287532806396484
0.0024101734161377 0.00273799896240234 0.22882080078125 -0.306304931640625
0.0120258331298828 -0.00594329833984375 -0.0644836425781249 -0.5242919921875
0.00314879417419434 -0.00119876861572266 -0.413848876953125 -0.200469970703125
0.000113561749458313 4.12985682487488E-05 -0.29638671875 0.194427490234375
0.00818586349487305 -0.00753545761108398 -0.046356201171875 0.25433349609375
7.62939453124982E-06 -0.00583410263061524 0.149459838867188 0.112396240234375
-0.00346946716308594 -0.0121221542358398 0.187973022460938 -0.0381927490234375
-0.00119590759277344 -0.0207996368408203 -0.183975219726563 0.0423431396484375
0.013697624206543 -0.003814697265625 -0.116798400878906 -0.118171691894531
0.00750064849853516 -0.00193405151367188 0.08209228515625 -0.257095336914063
-0.00359249114990234 0.00817441940307617 0.34613037109375 -0.17230224609375
-0.00698614120483398 0.0031428337097168 0.37811279296875 0.24664306640625
0.0015869140625 -0.0186214447021484 0.03955078125 0.51104736328125
0.00858211517333984 0.00277614593505859 -0.1895751953125 0.307952880859375
0.00501298904418945 0.00744104385375977 0.0254764556884766 0.0257987976074219
0.00725984573364258 -0.00322771072387695 0.22637939453125 -0.312347412109375
0.0116863250732422 -0.0126609802246094 -0.073211669921875 -0.524078369140625
0.000127792358398437 -0.00466489791870117 -0.41424560546875 -0.1910400390625
-0.00142240524291992 0.000858902931213379 -0.291595458984375 0.1998291015625
0.00782060623168945 -0.00423908233642578 -0.04168701171875 0.254898071289063
0.00129580497741699 -0.00263500213623047 0.151229858398438 0.110397338867187
-0.00233840942382813 -0.00760221481323242 0.18719482421875 -0.03985595703125
0.000871658325195313 -0.015599250793457 -0.184158325195313 0.041595458984375
0.0150127410888672 -0.00108909606933594 -0.115554809570313 -0.118690490722656
0.00710678100585938 0.00106334686279297 0.084075927734375 -0.256454467773438
-0.00572681427001953 0.00872611999511719 0.347930908203125 -0.168914794921875
-0.00907421112060547 -0.000909805297851564 0.376800537109375 0.250213623046875
0.00283622741699219 -0.026031494140625 0.03369140625 0.510772705078125
0.0144920349121094 -0.00370407104492188 -0.191436767578125 0.30670166015625
0.0141677856445312 0.00384044647216797 0.0252456665039063 0.0255413055419922
0.0123729705810547 -0.00994300842285156 0.2237548828125 -0.3118896484375
0.0117301940917969 -0.0198173522949219 -0.077545166015625 -0.519927978515625
-0.00271415710449219 -0.00881767272949219 -0.415771484375 -0.1865234375
-0.00336766242980957 0.00152802467346191 -0.29022216796875 0.202362060546875
0.00701904296875 -0.00131654739379883 -0.039703369140625 0.255111694335938
0.00276947021484375 0.000340700149536133 0.152450561523438 0.109893798828125
-0.000112533569335937 -0.00312685966491699 0.187789916992188 -0.0396270751953125
0.00115585327148438 -0.011322021484375 -0.18316650390625 0.042510986328125
0.0167818069458008 9.5367431640625E-05 -0.115676879882813 -0.117774963378906
0.006500244140625 0.00377273559570313 0.082366943359375 -0.254531860351563
-0.00701332092285156 0.00872516632080078 0.34552001953125 -0.1690673828125
-0.0114297866821289 -0.00460243225097656 0.3751220703125 0.24951171875
0.00352096557617187 -0.0325584411621094 0.033233642578125 0.5130615234375
0.0203208923339844 -0.00977897644042969 -0.193634033203125 0.308380126953125
0.0229282379150391 0.000665664672851563 0.022369384765625 0.0272102355957031
0.017364501953125 -0.0157890319824219 0.2244873046875 -0.310272216796875
0.0112171173095703 -0.0256214141845703 -0.07318115234375 -0.518096923828125
-0.00549793243408203 -0.0112285614013672 -0.414031982421875 -0.18890380859375
-0.00458431243896484 0.00217580795288086 -0.29132080078125 0.20233154296875
0.00646352767944336 0.00108242034912109 -0.040924072265625 0.255874633789063
0.00426745414733887 0.00290775299072266 0.152175903320313 0.110519409179687
0.000835120677947998 0.000811874866485596 0.186935424804688 -0.0405120849609375
0.00255441665649414 -0.00861120223999023 -0.183151245117188 0.04302978515625
0.0177707672119141 0.00118064880371094 -0.116905212402344 -0.115982055664063
0.00637245178222656 0.00481700897216797 0.078582763671875 -0.254043579101563
-0.00814628601074219 0.00912189483642578 0.342254638671875 -0.1702880859375
-0.012578010559082 -0.00600719451904297 0.377044677734375 0.24554443359375
0.00373077392578125 -0.0373039245605469 0.039398193359375 0.511322021484375
0.0247764587402344 -0.0142631530761719 -0.194305419921875 0.3125
0.0300006866455078 -0.002044677734375 0.0166301727294922 0.0304412841796875
0.0217342376708984 -0.0205707550048828 0.224365234375 -0.30328369140625
0.0116024017333984 -0.0298843383789063 -0.066314697265625 -0.51715087890625
-0.00678920745849609 -0.0135030746459961 -0.41229248046875 -0.194366455078125
-0.00536727905273438 0.00274658203125 -0.29541015625 0.19927978515625
0.00617361068725586 0.00231122970581055 -0.045318603515625 0.256866455078125
0.00531768798828125 0.00431013107299805 0.150634765625 0.112533569335938
0.00181388854980469 0.00325751304626465 0.1883544921875 -0.0401763916015625
0.00300264358520508 -0.00722360610961914 -0.18353271484375 0.0438079833984375
0.0174951553344727 0.000728607177734375 -0.119338989257813 -0.113685607910156
0.00650262832641601 0.00514507293701172 0.0722198486328125 -0.253982543945313
-0.00808620452880859 0.00897693634033203 0.33612060546875 -0.175567626953125
-0.0135583877563477 -0.00582504272460938 0.38153076171875 0.237274169921875
0.00344467163085937 -0.0393218994140625 0.0491027832031251 0.513336181640625
0.027252197265625 -0.0177078247070312 -0.1925048828125 0.319671630859375
0.0334625244140625 -0.00433349609375 0.00900650024414063 0.0353164672851563
0.0251865386962891 -0.0234813690185547 0.225006103515625 -0.29547119140625
0.0128250122070313 -0.0319232940673828 -0.0570983886718749 -0.517608642578125
-0.00694561004638672 -0.0137729644775391 -0.410675048828125 -0.20220947265625
-0.00567626953125 0.00259256362915039 -0.3023681640625 0.195159912109375
0.00637292861938477 0.00254344940185547 -0.0521087646484375 0.258712768554688
0.00550127029418945 0.00436305999755859 0.148468017578125 0.115432739257813
0.00245952606201172 0.0045475959777832 0.188735961914063 -0.0390472412109375
-0.00498580932617187 -0.0324535369873047 -0.183639526367188 0.0465850830078125
0.00921726226806641 -0.0122642517089844 -0.127250671386719 -0.108894348144531
0.00761604309082031 -0.0123796463012695 0.06036376953125 -0.257720947265625
0.00146389007568359 0.00777864456176758 0.327484130859375 -0.199920654296875
0.000112533569335938 0.0138101577758789 0.3956298828125 0.210906982421875
0.00161504745483398 -0.00318551063537598 0.081787109375 0.50604248046875
-0.00214481353759765 0.0151243209838867 -0.177459716796875 0.32977294921875
-0.0123414993286133 0.0151643753051758 0.00886535644531251 0.038543701171875
-0.00347614288330078 0.0105648040771484 0.2298583984375 -0.293212890625
0.0124902725219727 0.00285053253173828 -0.04669189453125 -0.528900146484375
0.00767278671264648 0.00511074066162109 -0.4117431640625 -0.219146728515625
0.00288128852844238 -0.000777244567871094 -0.3094482421875 0.18572998046875
0.0092010498046875 -0.0132665634155273 -0.0584259033203125 0.256881713867188
-0.00228404998779297 -0.011530876159668 0.144638061523438 0.115875244140625
-0.0064697265625 -0.0177688598632812 0.18853759765625 -0.0379638671875
-0.00467872619628906 -0.0296440124511719 -0.183639526367188 0.0463714599609375
0.0104093551635742 -0.0104160308837891 -0.123573303222656 -0.11236572265625
0.00759601593017578 -0.00939083099365235 0.067962646484375 -0.2589111328125
0.000432014465332032 0.00818824768066406 0.335205078125 -0.19049072265625
-0.00196170806884766 0.0111923217773438 0.39105224609375 0.223724365234375
0.00108051300048828 -0.00635957717895508 0.06683349609375 0.509490966796875
-0.000451087951660156 0.0127038955688477 -0.180328369140625 0.321136474609375
-0.00918865203857422 0.0141191482543945 0.0169048309326172 0.0329990386962891
-0.00123786926269531 0.00830745697021484 0.228759765625 -0.3043212890625
0.0122528076171875 -0.000629425048828125 -0.059722900390625 -0.526275634765625
0.00580120086669922 0.00251340866088867 -0.41461181640625 -0.20794677734375
0.00201642513275146 -0.000580072402954102 -0.301605224609375 0.192352294921875
0.00856494903564453 -0.0101776123046875 -0.050567626953125 0.256210327148438
-0.00151729583740234 -0.00944709777832031 0.147262573242188 0.112518310546875
-0.00602149963378906 -0.0151691436767578 0.187149047851563 -0.0398101806640625
-0.0030364990234375 -0.0258274078369141 -0.184051513671875 0.0453033447265625
0.0115375518798828 -0.00677585601806641 -0.121223449707031 -0.115219116210937
0.00738906860351563 -0.00610876083374023 0.0741119384765625 -0.259429931640625
-0.00171613693237305 0.00848245620727539 0.34161376953125 -0.18365478515625
-0.00411176681518555 0.00754642486572266 0.38739013671875 0.234039306640625
0.00125980377197266 -0.0125646591186523 0.055938720703125 0.51055908203125
0.0034480094909668 0.00837087631225586 -0.182830810546875 0.3148193359375
-0.00285625457763672 0.0119819641113281 0.0222263336181641 0.0284767150878906
0.00230216979980469 0.00295233726501465 0.225494384765625 -0.30975341796875
0.0119171142578125 -0.00639438629150391 -0.0709838867187501 -0.525604248046875
0.00342607498168945 -0.0011899471282959 -0.418212890625 -0.19598388671875
0.000291973352432251 -6.92903995513916E-05 -0.2947998046875 0.1993408203125
0.00780200958251953 -0.00766515731811523 -0.0424041748046875 0.255996704101562
-0.000300884246826173 -0.00612258911132813 0.151016235351563 0.110153198242188
-0.00440406799316406 -0.0115289688110352 0.188064575195313 -0.0410003662109375
-0.00191307067871094 -0.0206947326660156 -0.1834716796875 0.045806884765625
0.0130949020385742 -0.00453853607177734 -0.118255615234375 -0.116683959960938
0.0073246955871582 -0.00278043746948242 0.0781097412109375 -0.259017944335938
-0.00356388092041016 0.00887107849121094 0.34429931640625 -0.1785888671875
-0.00735282897949219 0.0032811164855957 0.3829345703125 0.241729736328125
0.00157737731933594 -0.0189952850341797 0.047119140625 0.51202392578125
0.00881385803222656 0.00267696380615234 -0.186004638671875 0.3116455078125
0.0049896240234375 0.00838136672973633 0.0252971649169922 0.0255508422851562
0.00710964202880859 -0.0029911994934082 0.221954345703125 -0.315093994140625
0.0114336013793945 -0.0129451751708984 -0.080047607421875 -0.52398681640625
7.0571899414063E-05 -0.0049595832824707 -0.419952392578125 -0.187652587890625
-0.00126373767852783 0.000713944435119629 -0.289947509765625 0.20440673828125
0.00700712203979492 -0.00438213348388672 -0.0382080078125 0.256011962890625
0.00113606452941895 -0.00278329849243164 0.153060913085938 0.108184814453125
-0.0028538703918457 -0.00699710845947266 0.187423706054688 -0.0421295166015625
0.000374794006347655 -0.0154209136962891 -0.183792114257813 0.0449676513671875
0.0150051116943359 -0.00160598754882813 -0.117530822753906 -0.117324829101563
0.00702142715454102 0.000812053680419922 0.08056640625 -0.259231567382812
-0.00535964965820312 0.00898075103759765 0.345062255859375 -0.175048828125
-0.00913143157958984 -0.000703811645507813 0.381317138671875 0.245574951171875
0.00253486633300781 -0.026947021484375 0.041778564453125 0.5137939453125
0.0148696899414063 -0.00415515899658203 -0.18804931640625 0.310089111328125
0.0140724182128906 0.00464439392089844 0.0254936218261719 0.0252819061279297
0.0121498107910156 -0.00992202758789062 0.22174072265625 -0.315673828125
0.0115242004394531 -0.0200595855712891 -0.082550048828125 -0.52093505859375
-0.00289583206176758 -0.00868797302246094 -0.42034912109375 -0.182403564453125
-0.00341892242431641 0.00169253349304199 -0.289276123046875 0.20684814453125
0.00691366195678711 -0.00169515609741211 -0.036529541015625 0.256927490234375
0.00247454643249512 0.000373125076293945 0.154220581054688 0.10809326171875
-0.000661611557006836 -0.00221633911132813 0.188156127929687 -0.042449951171875
0.000797271728515626 -0.010798454284668 -0.182525634765625 0.046478271484375
0.0165529251098633 -0.000310897827148438 -0.117179870605469 -0.116874694824219
0.00689792633056641 0.00355339050292969 0.0793304443359375 -0.257064819335938
-0.00689220428466797 0.00912380218505859 0.345428466796875 -0.173797607421875
-0.0115261077880859 -0.00427913665771484 0.379852294921875 0.245086669921875
0.00304031372070313 -0.0333919525146484 0.0411376953125 0.514129638671875
0.0204067230224609 -0.00959014892578125 -0.1898193359375 0.31182861328125
0.0230770111083984 0.000883102416992188 0.0224189758300781 0.0267448425292969
0.0172481536865234 -0.015772819519043 0.221282958984375 -0.31280517578125
0.0108585357666016 -0.0256462097167969 -0.08001708984375 -0.519073486328125
-0.00551033020019531 -0.0111160278320312 -0.418548583984375 -0.18408203125
-0.00473260879516602 0.00232934951782226 -0.289276123046875 0.206329345703125
0.00669956207275391 0.00122451782226563 -0.03802490234375 0.256851196289063
0.00402545928955078 0.00285720825195313 0.153640747070313 0.108123779296875
0.000154018402099609 0.00139284133911133 0.187057495117187 -0.043121337890625
0.00221014022827148 -0.00798988342285156 -0.182830810546875 0.0458221435546875
0.0171947479248047 0.000680923461914063 -0.118888854980469 -0.115036010742188
0.00634145736694336 0.00503969192504883 0.074798583984375 -0.255905151367188
-0.00784015655517578 0.00972557067871094 0.339324951171875 -0.176544189453125
-0.0130043029785156 -0.00615215301513672 0.382293701171875 0.240631103515625
0.00298690795898437 -0.0380935668945313 0.045867919921875 0.5135498046875
0.0246467590332031 -0.0146999359130859 -0.190643310546875 0.31634521484375
0.0300483703613281 -0.00190544128417969 0.0163936614990234 0.0303440093994141
0.0216217041015625 -0.0202827453613281 0.220855712890625 -0.30731201171875
0.0115413665771484 -0.0300102233886719 -0.072479248046875 -0.5184326171875
-0.00675678253173828 -0.0130386352539063 -0.41632080078125 -0.1885986328125
-0.00546121597290039 0.00245523452758789 -0.294189453125 0.2037353515625
0.00608205795288086 0.00248622894287109 -0.0425567626953125 0.258285522460938
0.0049591064453125 0.00414371490478516 0.1524658203125 0.110855102539063
0.00147366523742676 0.00366997718811035 0.188247680664063 -0.042755126953125
0.00259065628051758 -0.00670099258422852 -0.18304443359375 0.0470733642578125
0.0173377990722656 -0.000147819519042969 -0.121162414550781 -0.112174987792969
0.00683116912841797 0.0049281120300293 0.06951904296875 -0.2564697265625
-0.00805187225341797 0.00958347320556641 0.33355712890625 -0.181396484375
-0.0136308670043945 -0.0063791275024414 0.38616943359375 0.2327880859375
0.00336074829101562 -0.0398750305175781 0.057098388671875 0.51434326171875
0.02740478515625 -0.0180454254150391 -0.18927001953125 0.323638916015625
0.0339069366455078 -0.00392532348632813 0.00936126708984376 0.0353660583496094
0.0245265960693359 -0.0235214233398438 0.222564697265625 -0.300201416015625
0.0120582580566406 -0.032257080078125 -0.06414794921875 -0.517913818359375
-0.00716972351074219 -0.0141372680664062 -0.4151611328125 -0.19830322265625
-0.00622129440307617 0.00238180160522461 -0.30126953125 0.19952392578125
0.00639533996582031 0.00261497497558594 -0.0484466552734375 0.259750366210938
0.00566577911376953 0.00424098968505859 0.150558471679688 0.11346435546875
0.00187587738037109 0.00472307205200195 0.1888427734375 -0.041778564453125
-0.00563621520996094 -0.0321578979492188 -0.182846069335937 0.0500640869140625
0.00894832611083984 -0.0125188827514648 -0.12890625 -0.107872009277344
0.00757789611816406 -0.0126581192016602 0.056060791015625 -0.259567260742188
0.00199508666992188 0.00795936584472656 0.325042724609375 -0.204315185546875
0.000195503234863283 0.0137052536010742 0.400146484375 0.20428466796875
0.00102734565734863 -0.00325632095336914 0.089508056640625 0.505828857421875
-0.00181484222412109 0.0149669647216797 -0.172882080078125 0.33282470703125
-0.0123395919799805 0.0160160064697266 0.00901031494140625 0.0382270812988281
-0.00328922271728516 0.0110454559326172 0.2269287109375 -0.297393798828125
0.0123472213745117 0.00263786315917969 -0.0529174804687501 -0.5284423828125
0.00812673568725586 0.00497245788574219 -0.415313720703125 -0.21575927734375
0.00309967994689941 -0.000841617584228516 -0.307952880859375 0.19091796875
0.00900363922119141 -0.0132160186767578 -0.0553436279296875 0.257797241210938
-0.00271701812744141 -0.0116872787475586 0.146316528320313 0.114089965820313
-0.00713729858398438 -0.017085075378418 0.188018798828125 -0.0408782958984375
-0.00574302673339844 -0.0289840698242188 -0.18243408203125 0.0494232177734375
0.0100021362304688 -0.010920524597168 -0.12518310546875 -0.111297607421875
0.00735569000244141 -0.00975322723388672 0.064178466796875 -0.260391235351563
0.000514984130859374 0.00822114944458008 0.33184814453125 -0.196258544921875
-0.00139713287353516 0.0109186172485352 0.395721435546875 0.218597412109375
0.000992298126220702 -0.00716686248779297 0.0746765136718749 0.510009765625
-0.00027179718017578 0.0127420425415039 -0.1763916015625 0.325164794921875
-0.0092010498046875 0.0147266387939453 0.0167179107666016 0.0328655242919922
-0.00146341323852539 0.0084085464477539 0.224853515625 -0.30670166015625
0.0121860504150391 -0.00129032135009766 -0.066619873046875 -0.527374267578125
0.00604581832885742 0.00173711776733398 -0.418792724609375 -0.202911376953125
0.00187599658966064 -0.000586509704589844 -0.300018310546875 0.19708251953125
0.00811767578125 -0.0109024047851562 -0.0468597412109375 0.257186889648438
-0.00157356262207031 -0.00923919677734375 0.14898681640625 0.110198974609375
-0.00650596618652344 -0.0145883560180664 0.186370849609375 -0.042633056640625
-0.00348091125488281 -0.0250701904296875 -0.183273315429688 0.048675537109375
0.0115365982055664 -0.00765228271484375 -0.122596740722656 -0.113449096679688
0.00751066207885742 -0.00637149810791016 0.070526123046875 -0.261306762695313
-0.00147819519042969 0.00903797149658203 0.338226318359375 -0.189666748046875
-0.00424718856811524 0.00714492797851563 0.3919677734375 0.228302001953125
0.00124454498291016 -0.0125875473022461 0.063568115234375 0.511138916015625
0.00360012054443359 0.00811529159545898 -0.178619384765625 0.3182373046875
-0.00274276733398438 0.0122470855712891 0.0223541259765625 0.0285224914550781
0.00243115425109863 0.00296640396118164 0.222869873046875 -0.3145751953125
0.0120820999145508 -0.00698375701904297 -0.0785827636718749 -0.52508544921875
0.00290536880493164 -0.00148224830627441 -0.422607421875 -0.19049072265625
0.000405788421630859 -9.90927219390869E-05 -0.293212890625 0.204193115234375
0.00749635696411133 -0.00787019729614258 -0.0391387939453125 0.257247924804688
-0.000593662261962891 -0.00617027282714844 0.152633666992188 0.108062744140625
-0.00498199462890625 -0.0108118057250977 0.18719482421875 -0.043975830078125
-0.00215530395507812 -0.0200920104980469 -0.18255615234375 0.0485076904296875
0.0128889083862305 -0.00470638275146484 -0.120475769042969 -0.115371704101562
0.00700998306274414 -0.00265312194824219 0.07489013671875 -0.261032104492188
-0.00322437286376953 0.00908946990966797 0.343109130859375 -0.183746337890625
-0.00673532485961914 0.00320816040039062 0.3878173828125 0.2366943359375
0.00156021118164062 -0.0199069976806641 0.0541381835937499 0.514312744140625
0.00897026062011719 0.00268363952636719 -0.18206787109375 0.31500244140625
0.0050506591796875 0.00896263122558594 0.0258312225341797 0.0253677368164063
0.006805419921875 -0.00298500061035156 0.21893310546875 -0.319366455078125
0.0112123489379883 -0.0130643844604492 -0.086944580078125 -0.5230712890625
0.000182151794433594 -0.00488948822021484 -0.42425537109375 -0.18243408203125
-0.00139999389648438 0.000736713409423828 -0.287994384765625 0.208251953125
0.0068812370300293 -0.00476980209350586 -0.0345916748046875 0.25677490234375
0.000908613204956055 -0.0027463436126709 0.154800415039063 0.105636596679688
-0.0034022331237793 -0.00640010833740234 0.186569213867187 -0.045318603515625
0.000142097473144532 -0.0148935317993164 -0.1829833984375 0.04827880859375
0.0148639678955078 -0.00220298767089844 -0.118927001953125 -0.116355895996094
0.00685882568359375 0.000781059265136719 0.0767974853515625 -0.260818481445312
-0.00526809692382813 0.0097503662109375 0.344329833984375 -0.18109130859375
-0.00940799713134766 -0.00106334686279297 0.386566162109375 0.240020751953125
0.0020599365234375 -0.0272769927978516 0.04852294921875 0.514801025390625
0.0147371292114258 -0.00402450561523438 -0.1845703125 0.31304931640625
0.0146427154541016 0.00500583648681641 0.0257244110107422 0.02490234375
0.0118503570556641 -0.00965499877929688 0.21710205078125 -0.320831298828125
0.0110740661621094 -0.0202770233154297 -0.0904541015625 -0.52093505859375
-0.00303125381469727 -0.00863218307495117 -0.42401123046875 -0.177825927734375
-0.00324344635009766 0.0016171932220459 -0.28619384765625 0.2113037109375
0.00649499893188476 -0.00171995162963867 -0.032073974609375 0.257476806640625
0.00217342376708984 0.000278115272521973 0.155975341796875 0.105575561523438
-0.00140321254730225 -0.00202691555023193 0.187286376953125 -0.0453338623046875
0.000485420227050781 -0.00993633270263672 -0.181884765625 0.04925537109375
0.0158348083496094 -0.000682830810546875 -0.118919372558594 -0.114944458007813
0.00662422180175781 0.00359153747558594 0.0753936767578125 -0.258895874023438
-0.00698089599609375 0.0096282958984375 0.342498779296875 -0.17877197265625
-0.0116615295410156 -0.00447750091552735 0.385406494140625 0.240875244140625
0.00258064270019532 -0.0338306427001953 0.0482177734375 0.514923095703125
0.0207443237304688 -0.00970649719238281 -0.18658447265625 0.31536865234375
0.0228080749511719 0.00145339965820313 0.0224151611328125 0.0266971588134766
0.0165643692016602 -0.0157594680786133 0.21710205078125 -0.317138671875
0.0107307434082031 -0.0261173248291016 -0.087005615234375 -0.518890380859375
-0.00554752349853515 -0.0110998153686523 -0.42266845703125 -0.178192138671875
-0.00459575653076172 0.00223970413208008 -0.287445068359375 0.21075439453125
0.00629901885986328 0.00110387802124023 -0.03411865234375 0.257888793945313
0.00408625602722168 0.00268864631652832 0.155029296875 0.106552124023438
0.000124216079711914 0.00229859352111816 0.187255859375 -0.0465545654296875
0.00185298919677734 -0.00765848159790039 -0.182052612304688 0.0496063232421875
0.0168571472167969 -0.000104904174804688 -0.120468139648438 -0.113883972167969
0.00629901885986328 0.00492286682128906 0.0707855224609375 -0.258499145507813
-0.00777626037597656 0.00986003875732422 0.338409423828125 -0.18157958984375
-0.0129413604736328 -0.00643062591552734 0.385406494140625 0.234649658203125
0.00304412841796875 -0.0382728576660156 0.0535888671875 0.51470947265625
0.0244216918945312 -0.0151424407958984 -0.186920166015625 0.319183349609375
0.0299224853515625 -0.00181198120117188 0.0167770385742188 0.0301055908203125
0.0210723876953125 -0.0207748413085938 0.21722412109375 -0.310333251953125
0.0107192993164063 -0.0305728912353516 -0.07977294921875 -0.518218994140625
-0.00693988800048828 -0.0132026672363281 -0.42138671875 -0.18450927734375
-0.00556516647338867 0.00276947021484375 -0.291839599609375 0.20819091796875
0.00646591186523437 0.00201416015625 -0.0386810302734375 0.259658813476563
0.00492572784423828 0.00363922119140625 0.154495239257812 0.108154296875
0.00153017044067383 0.00436949729919434 0.188232421875 -0.0461578369140625
0.00249576568603516 -0.00630092620849609 -0.181655883789063 0.05047607421875
0.0170049667358398 2.47955322265625E-05 -0.122688293457031 -0.110969543457031
0.00632238388061523 0.00469303131103516 0.0652313232421875 -0.257888793945313
-0.00785541534423828 0.00964641571044922 0.331207275390625 -0.187103271484375
-0.0137166976928711 -0.00602531433105469 0.39117431640625 0.227813720703125
0.00230789184570313 -0.0405006408691406 0.064208984375 0.514984130859375
0.0268077850341797 -0.0182762145996094 -0.1849365234375 0.3277587890625
0.0345211029052734 -0.00365638732910156 0.00949859619140625 0.0356903076171875
0.0238933563232422 -0.0237751007080078 0.218658447265625 -0.3035888671875
0.0120220184326172 -0.0325431823730469 -0.070770263671875 -0.518890380859375
-0.00770759582519531 -0.0139331817626953 -0.420196533203125 -0.191986083984375
-0.00577592849731445 0.00227117538452148 -0.2994384765625 0.203857421875
0.00595188140869141 0.00248527526855469 -0.0449066162109375 0.2611083984375
0.00536632537841797 0.00427532196044922 0.152191162109375 0.110931396484375
0.00220394134521484 0.00564718246459961 0.188873291015625 -0.0450439453125
-0.0067596435546875 -0.0315608978271484 -0.181854248046875 0.0532379150390625
0.00837421417236328 -0.012969970703125 -0.1302490234375 -0.10577392578125
0.00668430328369141 -0.0125637054443359 0.0525970458984375 -0.26080322265625
0.00223016738891602 0.00845146179199219 0.321502685546875 -0.2099609375
0.000653266906738282 0.0134191513061523 0.4029541015625 0.197113037109375
0.0014030933380127 -0.00338029861450195 0.097015380859375 0.505126953125
-0.0019073486328125 0.0150814056396484 -0.168060302734375 0.335662841796875
-0.0118341445922852 0.01629638671875 0.00933837890625 0.0385894775390625
-0.00346946716308594 0.0114860534667969 0.22259521484375 -0.30035400390625
0.0124568939208984 0.00223541259765625 -0.06103515625 -0.52728271484375
0.00817966461181641 0.00493621826171875 -0.41986083984375 -0.2100830078125
0.00305652618408203 -0.00069427490234375 -0.304840087890625 0.194427490234375
0.00856876373291015 -0.0138139724731445 -0.0508270263671875 0.258285522460938
-0.00317859649658203 -0.0113430023193359 0.147323608398438 0.111419677734375
-0.00790977478027344 -0.0161952972412109 0.187332153320313 -0.0438232421875
-0.00626945495605469 -0.0282039642333984 -0.181289672851562 0.052642822265625
0.00976467132568359 -0.0111246109008789 -0.127311706542969 -0.109367370605469
0.00680065155029297 -0.0100898742675781 0.0598907470703125 -0.261337280273438
0.000889301300048829 0.00874423980712891 0.328887939453125 -0.202667236328125
-0.00174903869628906 0.0104598999023438 0.398529052734375 0.211395263671875
0.000868797302246095 -0.0074920654296875 0.08319091796875 0.509765625
1.90734863281236E-06 0.0129756927490234 -0.172149658203125 0.327545166015625
-0.008697509765625 0.0152626037597656 0.0166282653808594 0.0327625274658203
-0.00184249877929687 0.0085597038269043 0.220306396484375 -0.310272216796875
0.0121536254882812 -0.00126171112060547 -0.07342529296875 -0.52655029296875
0.00613021850585938 0.00192165374755859 -0.42236328125 -0.1973876953125
0.00179159641265869 -0.000730037689208984 -0.296844482421875 0.201263427734375
0.00806808471679688 -0.0113544464111328 -0.0430755615234375 0.25750732421875
-0.00186729431152344 -0.0095367431640625 0.15032958984375 0.10748291015625
-0.00719261169433594 -0.0135831832885742 0.185958862304688 -0.045501708984375
-0.00437355041503907 -0.0245475769042969 -0.181304931640625 0.0522003173828125
0.0105857849121094 -0.00775623321533203 -0.124313354492187 -0.111778259277344
0.0069880485534668 -0.0065464973449707 0.0661773681640625 -0.262802124023437
-0.00121784210205078 0.00913047790527344 0.335174560546875 -0.195220947265625
-0.00379705429077148 0.00698375701904297 0.395751953125 0.221466064453125
0.000787734985351562 -0.0129528045654297 0.07080078125 0.510986328125
0.00361967086791992 0.00802469253540039 -0.174560546875 0.321319580078125
-0.00266742706298828 0.0128936767578125 0.0223407745361328 0.0282135009765625
0.00169968605041504 0.00354671478271484 0.21612548828125 -0.31756591796875
0.0113763809204102 -0.00698947906494141 -0.086700439453125 -0.524261474609375
0.00347137451171875 -0.00120782852172852 -0.425689697265625 -0.184967041015625
0.000352591276168823 0.000105768442153931 -0.290313720703125 0.20819091796875
0.00728225708007813 -0.00854730606079102 -0.0357666015625 0.257553100585938
-0.000930786132812499 -0.00617504119873047 0.154159545898438 0.104812622070312
-0.00530910491943359 -0.00982189178466797 0.186569213867187 -0.0468597412109375
-0.00288200378417968 -0.0194530487060547 -0.181365966796875 0.051971435546875
0.0125255584716797 -0.00514602661132812 -0.121963500976562 -0.113578796386719
0.00735282897949219 -0.00247478485107422 0.07080078125 -0.2628173828125
-0.00292396545410156 0.00929546356201172 0.3389892578125 -0.189697265625
-0.00667905807495117 0.00294256210327148 0.39202880859375 0.22900390625
0.00116348266601562 -0.0197677612304688 0.062652587890625 0.513031005859375
0.00873231887817383 0.00266408920288086 -0.177154541015625 0.317230224609375
0.00562095642089844 0.00959682464599609 0.0257358551025391 0.0254096984863281
0.00631904602050781 -0.00245857238769531 0.214019775390625 -0.323394775390625
0.0107965469360352 -0.0134305953979492 -0.094482421875 -0.5223388671875
7.96318054199213E-05 -0.00501155853271484 -0.42730712890625 -0.175537109375
-0.00162315368652344 0.00100362300872803 -0.284942626953125 0.21185302734375
0.00686216354370117 -0.00506496429443359 -0.0303192138671875 0.257492065429688
0.000819921493530273 -0.00286483764648438 0.155654907226563 0.103073120117187
-0.00384521484375 -0.0058894157409668 0.185882568359375 -0.0489501953125
-0.000832557678222656 -0.0144834518432617 -0.181198120117188 0.051605224609375
0.0138740539550781 -0.00223159790039063 -0.120704650878906 -0.114509582519531
0.00679969787597656 0.000261306762695313 0.0721435546875 -0.262725830078125
-0.00523090362548828 0.00959873199462891 0.34014892578125 -0.185394287109375
-0.00878524780273438 -0.00106573104858398 0.3892822265625 0.233123779296875
0.00135231018066406 -0.0275707244873047 0.0577392578125 0.513031005859375
0.0149192810058594 -0.00419998168945313 -0.179595947265625 0.3157958984375
0.0148544311523438 0.00554370880126953 0.0258617401123047 0.0248966217041016
0.0112695693969727 -0.0097341537475586 0.2125244140625 -0.32379150390625
0.0100631713867187 -0.0202999114990234 -0.0975036621093751 -0.51898193359375
-0.00312137603759766 -0.00793170928955078 -0.42572021484375 -0.171783447265625
-0.00327396392822266 0.00181770324707031 -0.2838134765625 0.215240478515625
0.00669431686401367 -0.00204801559448242 -0.0287933349609375 0.257827758789063
0.00180280208587646 0.000419855117797852 0.156875610351563 0.103012084960938
-0.0014793872833252 -0.0012744665145874 0.186691284179688 -0.048583984375
-4.0054321289062E-05 -0.0096426010131836 -0.180435180664063 0.0524139404296875
0.0154037475585938 -0.000603675842285156 -0.120445251464844 -0.113426208496094
0.00659418106079101 0.00316667556762695 0.071441650390625 -0.260589599609375
-0.00641918182373047 0.00973892211914063 0.337982177734375 -0.184417724609375
-0.0113792419433594 -0.00440120697021484 0.38848876953125 0.2347412109375
0.00222969055175781 -0.0339927673339844 0.055633544921875 0.5152587890625
0.0204429626464844 -0.0102481842041016 -0.181427001953125 0.31842041015625
0.0234718322753906 0.00177764892578125 0.02252197265625 0.0264015197753906
0.0166330337524414 -0.0159816741943359 0.212310791015625 -0.321563720703125
0.00994110107421875 -0.0261249542236328 -0.09454345703125 -0.5181884765625
-0.00577163696289063 -0.0113382339477539 -0.42596435546875 -0.1724853515625
-0.0043342113494873 0.00225591659545898 -0.2845458984375 0.214630126953125
0.00610589981079102 0.000503063201904297 -0.03021240234375 0.258148193359375
0.00364160537719727 0.00223827362060547 0.156356811523438 0.103363037109375
-0.000369310379028321 0.00274252891540527 0.185989379882813 -0.049560546875
0.0015716552734375 -0.00669050216674805 -0.180694580078125 0.0525665283203125
0.0168609619140625 -0.000101089477539063 -0.121818542480469 -0.1119384765625
0.00619888305664063 0.00473308563232422 0.0666046142578125 -0.2593994140625
-0.00741195678710938 0.0101222991943359 0.33453369140625 -0.18743896484375
-0.0127601623535156 -0.00648689270019531 0.389739990234375 0.228363037109375
0.0019378662109375 -0.0386314392089844 0.06146240234375 0.51385498046875
0.0243453979492188 -0.0152034759521484 -0.1820068359375 0.322479248046875
0.0297298431396484 -0.00180435180664062 0.0168342590332031 0.0302810668945312
0.0200939178466797 -0.0207786560058594 0.213165283203125 -0.31451416015625
0.0105113983154297 -0.0302295684814453 -0.0876159667968749 -0.5169677734375
-0.00710105895996094 -0.0129671096801758 -0.42352294921875 -0.1778564453125
-0.00526189804077148 0.00255393981933594 -0.289276123046875 0.212066650390625
0.00618362426757812 0.00182294845581055 -0.0345611572265625 0.259658813476563
0.0049138069152832 0.00361347198486328 0.155349731445313 0.105438232421875
0.000977516174316406 0.00532913208007813 0.187286376953125 -0.04913330078125
0.00229883193969726 -0.00560569763183594 -0.180648803710937 0.053466796875
0.0167150497436523 -0.000980377197265625 -0.123939514160156 -0.109092712402344
0.00661039352416992 0.00476646423339844 0.061279296875 -0.259124755859375
-0.00751972198486328 0.00979518890380859 0.32861328125 -0.19219970703125
-0.0137710571289063 -0.00616645812988281 0.393585205078125 0.221038818359375
0.00206756591796875 -0.0407829284667969 0.072357177734375 0.514373779296875
0.0267620086669922 -0.0188655853271484 -0.180511474609375 0.330078125
0.0339145660400391 -0.00381660461425781 0.00967979431152344 0.0351142883300781
0.0233249664306641 -0.0231513977050781 0.2139892578125 -0.306121826171875
0.0108833312988281 -0.0325660705566406 -0.078521728515625 -0.517120361328125
-0.00716114044189453 -0.0134029388427734 -0.42169189453125 -0.18560791015625
-0.00560379028320312 0.00275754928588867 -0.29595947265625 0.208251953125
0.00626993179321289 0.00198698043823242 -0.040985107421875 0.261627197265625
0.00492095947265625 0.00398778915405273 0.153289794921875 0.108856201171875
0.00154685974121094 0.00648403167724609 0.188125610351563 -0.047882080078125
-0.00719261169433594 -0.0308914184570313 -0.180007934570312 0.0568084716796875
0.00775432586669922 -0.01300048828125 -0.131278991699219 -0.103126525878906
0.00679969787597656 -0.0130577087402344 0.048065185546875 -0.260971069335938
0.00202608108520508 0.00860786437988281 0.317108154296875 -0.214263916015625
0.00135231018066406 0.012944221496582 0.404327392578125 0.19061279296875
0.00114798545837402 -0.00391578674316406 0.104461669921875 0.501556396484375
-0.00177383422851562 0.0149116516113281 -0.162841796875 0.337249755859375
-0.0116720199584961 0.0174274444580078 0.0096893310546875 0.0385856628417969
-0.00333786010742188 0.0115251541137695 0.2183837890625 -0.302520751953125
0.0123758316040039 0.00176048278808594 -0.0697937011718751 -0.524139404296875
0.00857257843017578 0.00434207916259766 -0.421051025390625 -0.2032470703125
0.00303077697753906 -0.00066065788269043 -0.302215576171875 0.1982421875
0.00787448883056641 -0.0135784149169922 -0.046783447265625 0.258529663085938
-0.00333309173583984 -0.0116071701049805 0.148696899414063 0.108612060546875
-0.00811767578125 -0.0156326293945313 0.186233520507813 -0.0470733642578125
-0.00728797912597657 -0.0277290344238281 -0.179534912109375 0.05596923828125
0.00894451141357422 -0.0113973617553711 -0.128105163574219 -0.107177734375
0.00673580169677734 -0.0100107192993164 0.055450439453125 -0.261795043945313
0.000842094421386718 0.00917816162109375 0.325408935546875 -0.206390380859375
-0.00119876861572266 0.0103111267089844 0.400543212890625 0.2039794921875
0.00102949142456055 -0.00795745849609375 0.0906982421875 0.507080078125
0.0001678466796875 0.0122623443603516 -0.166290283203125 0.329559326171875
-0.00838375091552735 0.0164051055908203 0.0170612335205078 0.0326595306396484
-0.00175666809082031 0.00887870788574219 0.214996337890625 -0.312652587890625
0.0117483139038086 -0.00164604187011719 -0.082183837890625 -0.523681640625
0.00634241104125977 0.00184106826782227 -0.42376708984375 -0.19085693359375
0.00210583209991455 -0.000175595283508301 -0.294097900390625 0.204742431640625
0.00758457183837891 -0.0115947723388672 -0.03936767578125 0.25738525390625
-0.00243854522705078 -0.00960063934326172 0.151153564453125 0.105224609375
-0.00739765167236328 -0.0130243301391602 0.184951782226563 -0.0484466552734375
-0.00493621826171875 -0.0237064361572266 -0.179763793945313 0.0550537109375
0.0103988647460938 -0.00795364379882813 -0.125289916992187 -0.110038757324219
0.00711202621459961 -0.00665903091430664 0.061859130859375 -0.263275146484375
-0.000552177429199219 0.0093231201171875 0.3314208984375 -0.20013427734375
-0.00333118438720703 0.00696754455566406 0.398223876953125 0.214447021484375
0.000697135925292969 -0.0133724212646484 0.079498291015625 0.50762939453125
0.00402021408081055 0.00830221176147461 -0.168792724609375 0.322296142578125
-0.00233554840087891 0.013463020324707 0.0226287841796875 0.0281352996826172
0.00165677070617676 0.00393056869506836 0.212188720703125 -0.320098876953125
0.0111255645751953 -0.00730609893798828 -0.09368896484375 -0.522216796875
0.00350046157836914 -0.00111746788024902 -0.427032470703125 -0.17828369140625
0.000424712896347046 -0.000176399946212769 -0.28680419921875 0.21142578125
0.00680685043334961 -0.0084385871887207 -0.031494140625 0.256805419921875
-0.00121545791625977 -0.00603199005126953 0.154327392578125 0.102523803710938
-0.00566482543945312 -0.00915718078613281 0.185317993164063 -0.0497283935546875
-0.00355720520019531 -0.0185508728027344 -0.179550170898437 0.0553436279296875
0.0121603012084961 -0.00497150421142578 -0.123130798339844 -0.111625671386719
0.00695657730102539 -0.00281953811645508 0.0667877197265625 -0.2633056640625
-0.00245952606201172 0.0100803375244141 0.335601806640625 -0.195037841796875
-0.00639915466308594 0.00272607803344727 0.3955078125 0.222930908203125
0.000679016113281248 -0.0204963684082031 0.0699462890625 0.511199951171875
0.00913715362548828 0.00218009948730469 -0.1724853515625 0.3197021484375
0.0057210922241211 0.0100555419921875 0.0258522033691406 0.0246677398681641
0.00586032867431641 -0.00232744216918945 0.20855712890625 -0.32464599609375
0.0105733871459961 -0.0133066177368164 -0.10174560546875 -0.51995849609375
0.000128746032714844 -0.00484371185302734 -0.4278564453125 -0.170440673828125
-0.00132930278778076 0.000855565071105957 -0.2821044921875 0.2152099609375
0.00652503967285156 -0.00531244277954102 -0.0265350341796875 0.257003784179688
0.000311136245727539 -0.00283193588256836 0.155975341796875 0.100341796875
-0.00407075881958008 -0.00453710556030273 0.184555053710938 -0.051483154296875
-0.00126266479492188 -0.0139799118041992 -0.179840087890625 0.054534912109375
0.0135393142700195 -0.00270462036132813 -0.121543884277344 -0.111984252929687
0.00698280334472656 0.000438213348388672 0.0684051513671875 -0.262481689453125
-0.00449562072753906 0.010106086730957 0.336517333984375 -0.19146728515625
-0.00921535491943359 -0.00144195556640625 0.392059326171875 0.227081298828125
0.00108528137207031 -0.0282115936279297 0.0653991699218749 0.512115478515625
0.0148191452026367 -0.00461959838867187 -0.17425537109375 0.31719970703125
0.0148820877075195 0.00562000274658203 0.0256500244140625 0.0241966247558594
0.0112075805664063 -0.00931930541992188 0.2069091796875 -0.325653076171875
0.00993156433105469 -0.0209121704101563 -0.10595703125 -0.51617431640625
-0.00299596786499023 -0.00813436508178711 -0.428192138671875 -0.1644287109375
-0.00294780731201172 0.00152182579040527 -0.280059814453125 0.218093872070312
0.00626993179321289 -0.00233602523803711 -0.0249481201171875 0.257781982421875
0.0020219087600708 5.340576171875E-05 0.157928466796875 0.100112915039063
-0.00144553184509277 -0.000617265701293945 0.185546875 -0.0512542724609375
0.000217437744140626 -0.00903129577636719 -0.178665161132813 0.0556182861328125
0.0152406692504883 -0.00106620788574219 -0.121711730957031 -0.111579895019531
0.00661802291870117 0.00299739837646484 0.067535400390625 -0.260940551757813
-0.00586891174316406 0.0100774765014648 0.334686279296875 -0.190216064453125
-0.0112762451171875 -0.00441360473632812 0.39129638671875 0.227508544921875
0.00130081176757813 -0.0347881317138672 0.065399169921875 0.511566162109375
0.0197601318359375 -0.0105781555175781 -0.17645263671875 0.320220947265625
0.0232181549072266 0.00194931030273438 0.0223884582519531 0.0261135101318359
0.0159940719604492 -0.0160074234008789 0.207000732421875 -0.322235107421875
0.00880050659179688 -0.0263214111328125 -0.1016845703125 -0.51483154296875
-0.0057220458984375 -0.0110750198364258 -0.4278564453125 -0.166290283203125
-0.00425553321838379 0.00259542465209961 -0.2811279296875 0.218215942382813
0.00613689422607422 0.000309944152832031 -0.0266265869140625 0.257949829101563
0.00341534614562988 0.00251340866088867 0.157180786132813 0.100601196289063
-0.000355720520019531 0.00326752662658691 0.184677124023437 -0.0520782470703125
0.00133705139160156 -0.00648689270019531 -0.17889404296875 0.0551605224609375
0.0163440704345703 -0.000382423400878906 -0.12310791015625 -0.109886169433594
0.00626230239868164 0.00451803207397461 0.0626220703125 -0.259628295898438
-0.00676250457763672 0.0102205276489258 0.33062744140625 -0.19244384765625
-0.0131683349609375 -0.00636768341064453 0.392730712890625 0.22265625
0.00113296508789063 -0.0391998291015625 0.06976318359375 0.5113525390625
0.0239086151123047 -0.0158805847167969 -0.1767578125 0.324493408203125
0.0298805236816406 -0.00147056579589844 0.0169486999511719 0.0296535491943359
0.0199813842773438 -0.0204315185546875 0.20819091796875 -0.316375732421875
0.00933074951171875 -0.0307540893554688 -0.09375 -0.51568603515625
-0.007110595703125 -0.0127382278442383 -0.426055908203125 -0.171478271484375
-0.00564289093017578 0.00279474258422852 -0.2850341796875 0.215545654296875
0.00603055953979492 0.00177192687988281 -0.0309600830078125 0.259201049804688
0.0046849250793457 0.00393152236938477 0.155990600585938 0.102813720703125
0.000885486602783203 0.00587368011474609 0.185775756835938 -0.052215576171875
0.00211381912231445 -0.00521230697631836 -0.17852783203125 0.056549072265625
0.0163793563842773 -0.000666618347167969 -0.125312805175781 -0.107017517089844
0.00610494613647461 0.00465679168701172 0.0571441650390625 -0.258926391601563
-0.00717639923095703 0.0101480484008789 0.3258056640625 -0.197662353515625
-0.0136604309082031 -0.00626277923583984 0.39752197265625 0.213958740234375
0.00120925903320312 -0.0412368774414063 0.0807495117187499 0.5126953125
0.0261058807373047 -0.0191516876220703 -0.17498779296875 0.332183837890625
0.0339069366455078 -0.0037689208984375 0.0097808837890625 0.0354766845703125
0.023101806640625 -0.0232391357421875 0.20947265625 -0.308807373046875
0.0104598999023438 -0.0326213836669922 -0.0853576660156251 -0.515350341796875
-0.00755214691162109 -0.0135049819946289 -0.424285888671875 -0.18060302734375
-0.00572443008422852 0.00264739990234375 -0.292572021484375 0.21142578125
0.00586175918579102 0.0015869140625 -0.0370330810546875 0.261154174804688
0.00489473342895508 0.00386714935302734 0.153839111328125 0.106002807617188
0.00181293487548828 0.00663375854492188 0.186630249023438 -0.05108642578125
-0.00798797607421875 -0.0302467346191406 -0.17767333984375 0.059906005859375
0.00702381134033203 -0.0130491256713867 -0.132057189941406 -0.100921630859375
0.00613212585449219 -0.0127553939819336 0.0440673828125 -0.260513305664063
0.00268125534057617 0.00865364074707031 0.312713623046875 -0.218292236328125
0.00113868713378906 0.0125789642333984 0.406219482421875 0.18316650390625
0.00102996826171875 -0.00472736358642578 0.111968994140625 0.499755859375
-0.00149726867675781 0.0150136947631836 -0.157440185546875 0.338134765625
-0.0114536285400391 0.0178985595703125 0.009857177734375 0.0384597778320312
-0.00354385375976563 0.0118837356567383 0.21142578125 -0.30413818359375
0.0122108459472656 0.00170516967773438 -0.075103759765625 -0.52178955078125
0.00857782363891601 0.0045161247253418 -0.423736572265625 -0.195556640625
0.00307416915893555 -0.001190185546875 -0.298004150390625 0.201141357421875
0.00756549835205078 -0.014063835144043 -0.043548583984375 0.257736206054688
-0.00390052795410156 -0.0111780166625977 0.1490478515625 0.106338500976563
-0.00850105285644531 -0.0144138336181641 0.1845703125 -0.0492706298828125
-0.00764083862304687 -0.0266971588134766 -0.17730712890625 0.05877685546875
0.00832366943359375 -0.0112037658691406 -0.128860473632812 -0.104881286621094
0.00659465789794922 -0.00993919372558594 0.051544189453125 -0.262420654296875
0.00153827667236328 0.00891876220703125 0.3206787109375 -0.211883544921875
-0.00057220458984375 0.0102996826171875 0.40191650390625 0.197113037109375
0.000310897827148438 -0.00846767425537109 0.09783935546875 0.503662109375
0.000251770019531249 0.0129470825195313 -0.161773681640625 0.331085205078125
-0.00830650329589844 0.0165643692016602 0.0171375274658203 0.0322227478027344
-0.00205135345458984 0.00900936126708984 0.209716796875 -0.314117431640625
0.0114727020263672 -0.00183963775634766 -0.087554931640625 -0.521148681640625
0.00615167617797852 0.00176286697387695 -0.425445556640625 -0.18487548828125
0.00195300579071045 -0.000672817230224609 -0.289794921875 0.207550048828125
0.00731945037841797 -0.0117158889770508 -0.03515625 0.256790161132813
-0.00326633453369141 -0.00906181335449219 0.15216064453125 0.102340698242187
-0.00782489776611328 -0.0120964050292969 0.183547973632813 -0.0511932373046875
-0.00544548034667969 -0.0232906341552734 -0.177764892578125 0.0579376220703125
0.00972747802734375 -0.00785541534423828 -0.125930786132813 -0.10809326171875
0.00682640075683594 -0.00673675537109375 0.0579071044921875 -0.263397216796875
-0.000553131103515624 0.00942039489746094 0.3262939453125 -0.20416259765625
-0.00302934646606445 0.00657749176025391 0.39935302734375 0.2076416015625
0.00050830841064453 -0.0140256881713867 0.08587646484375 0.5054931640625
0.00373125076293945 0.0077519416809082 -0.16436767578125 0.324066162109375
-0.00220108032226563 0.0136432647705078 0.0223331451416016 0.0275039672851563
0.00135684013366699 0.00390625 0.20697021484375 -0.3206787109375
0.0109462738037109 -0.00711441040039063 -0.10003662109375 -0.518096923828125
0.00351142883300781 -0.00132393836975098 -0.428802490234375 -0.172332763671875
0.000470459461212158 0.000414848327636719 -0.282928466796875 0.21417236328125
0.00648880004882813 -0.0088958740234375 -0.0280303955078125 0.256134033203125
-0.00188446044921875 -0.00614166259765625 0.15509033203125 0.0992431640625
-0.00587034225463867 -0.00849723815917969 0.184051513671875 -0.05255126953125
-0.00378227233886719 -0.0180587768554688 -0.177322387695312 0.0579376220703125
0.0114269256591797 -0.00559520721435547 -0.123825073242187 -0.109275817871094
0.00651407241821289 -0.00282573699951172 0.061767578125 -0.263107299804688
-0.00225830078125 0.00983142852783203 0.330230712890625 -0.19879150390625
-0.0060429573059082 0.00250148773193359 0.395538330078125 0.214447021484375
0.000257492065429689 -0.0208930969238281 0.077392578125 0.50830078125
0.00844430923461914 0.0021061897277832 -0.167205810546875 0.3206787109375
0.00601100921630859 0.0103626251220703 0.0255413055419922 0.0247859954833984
0.00613641738891602 -0.00221633911132813 0.20355224609375 -0.326141357421875
0.0101461410522461 -0.0137271881103516 -0.10797119140625 -0.516693115234375
-0.000135421752929688 -0.00527667999267578 -0.42962646484375 -0.16387939453125
-0.00129413604736328 0.000788092613220215 -0.27679443359375 0.2181396484375
0.00607585906982422 -0.00536108016967773 -0.023284912109375 0.256118774414063
-0.000108957290649414 -0.00313091278076172 0.156661987304687 0.09686279296875
-0.00385284423828125 -0.00419545173645019 0.1832275390625 -0.053924560546875
-0.00120449066162109 -0.0130128860473633 -0.17755126953125 0.0576171875
0.0133371353149414 -0.00281620025634766 -0.122856140136719 -0.110496520996094
0.00646066665649414 0.000214099884033203 0.063934326171875 -0.263092041015625
-0.00425529479980469 0.0101642608642578 0.3323974609375 -0.1964111328125
-0.00882816314697266 -0.00149059295654297 0.394866943359375 0.219696044921875
0.000602722167968747 -0.0282344818115234 0.072021484375 0.509124755859375
0.0141334533691406 -0.00447940826416016 -0.16912841796875 0.318695068359375
0.0147953033447266 0.00586986541748047 0.0253925323486328 0.02398681640625
0.0105609893798828 -0.00931549072265625 0.20166015625 -0.327056884765625
0.00921058654785156 -0.0204524993896484 -0.111053466796875 -0.513092041015625
-0.00306510925292969 -0.00817680358886719 -0.430023193359375 -0.159515380859375
-0.00328326225280762 0.00188398361206055 -0.275909423828125 0.220962524414063
0.00607204437255859 -0.00234794616699219 -0.021240234375 0.256210327148438
0.00135171413421631 -4.44650650024414E-05 0.158218383789063 0.0973052978515625
-0.00201225280761719 1.28746032714846E-05 0.183761596679688 -0.053924560546875
-0.000422477722167968 -0.00854778289794922 -0.176315307617188 0.058624267578125
0.0148630142211914 -0.00139617919921875 -0.122718811035156 -0.108978271484375
0.00690221786499024 0.00297832489013672 0.063232421875 -0.260879516601563
-0.00565910339355469 0.0101718902587891 0.329315185546875 -0.194244384765625
-0.0113983154296875 -0.00470638275146484 0.39337158203125 0.219879150390625
0.000648498535156248 -0.0347385406494141 0.07135009765625 0.50994873046875
0.0196475982666016 -0.01092529296875 -0.1712646484375 0.32159423828125
0.0233001708984375 0.00186347961425781 0.0222625732421875 0.0260658264160156
0.0156831741333008 -0.0155191421508789 0.20184326171875 -0.324005126953125
0.00882911682128906 -0.0262832641601563 -0.108367919921875 -0.511566162109375
-0.00583267211914063 -0.0108823776245117 -0.428192138671875 -0.159576416015625
-0.00418591499328613 0.00268077850341797 -0.27667236328125 0.22039794921875
0.00595712661743164 -0.000401496887207031 -0.02288818359375 0.25640869140625
0.00324440002441406 0.00226306915283203 0.157180786132813 0.0973968505859375
-0.000581264495849609 0.00409269332885742 0.183349609375 -0.0544586181640625
0.00145959854125977 -0.00561618804931641 -0.176620483398438 0.0588836669921875
0.0155048370361328 -0.0005340576171875 -0.1241455078125 -0.107429504394531
0.00613498687744141 0.00428247451782227 0.0585174560546875 -0.260086059570312
-0.00672626495361328 0.0102434158325195 0.3258056640625 -0.196746826171875
-0.0126247406005859 -0.00652122497558594 0.39483642578125 0.215972900390625
0.000766754150390625 -0.0394515991210937 0.0753173828125 0.509063720703125
0.0237541198730469 -0.0159225463867188 -0.171600341796875 0.325469970703125
0.030059814453125 -0.00159645080566406 0.0166969299316406 0.0298652648925781
0.0193367004394531 -0.0203475952148438 0.201873779296875 -0.31829833984375
0.00899887084960938 -0.0306434631347656 -0.1009521484375 -0.511077880859375
-0.00730705261230469 -0.0126447677612305 -0.426116943359375 -0.16412353515625
-0.00543928146362305 0.00324869155883789 -0.2816162109375 0.218536376953125
0.00588178634643555 0.000820159912109375 -0.02703857421875 0.258255004882813
0.00433802604675293 0.0038912296295166 0.156723022460937 0.09979248046875
0.000919342041015625 0.00651788711547852 0.184432983398438 -0.0544586181640625
0.00185585021972656 -0.00478076934814453 -0.176651000976563 0.059417724609375
0.016016960144043 -0.00123023986816406 -0.126472473144531 -0.104690551757813
0.00637531280517578 0.00449466705322266 0.053314208984375 -0.258956909179688
-0.00692176818847656 0.0106163024902344 0.319915771484375 -0.20184326171875
-0.0134181976318359 -0.00649356842041015 0.39752197265625 0.2069091796875
0.000331878662109376 -0.0416297912597656 0.0864257812500001 0.509521484375
0.0257911682128906 -0.0196285247802734 -0.169952392578125 0.333526611328125
0.0341682434082031 -0.00367355346679687 0.00983047485351563 0.0351905822753906
0.02227783203125 -0.0233364105224609 0.204437255859375 -0.3106689453125
0.00987052917480469 -0.0325412750244141 -0.0920410156250001 -0.51123046875
-0.00780296325683594 -0.0134792327880859 -0.425689697265625 -0.17327880859375
-0.00550413131713867 0.00297641754150391 -0.2886962890625 0.2147216796875
0.00559520721435547 0.00140285491943359 -0.03314208984375 0.26025390625
0.0046544075012207 0.00399303436279297 0.154708862304688 0.10284423828125
0.00185489654541016 0.00760555267333984 0.18450927734375 -0.0537872314453125
-0.00813484191894531 -0.0295467376708984 -0.175567626953125 0.0618133544921875
0.00680446624755859 -0.0133695602416992 -0.13201904296875 -0.0984649658203125
0.005859375 -0.0132417678833008 0.03997802734375 -0.260116577148438
0.00333690643310547 0.00851964950561523 0.30743408203125 -0.22161865234375
0.00137615203857422 0.0119733810424805 0.407073974609375 0.1761474609375
0.00097799301147461 -0.00511932373046875 0.11810302734375 0.494354248046875
-0.00127887725830078 0.0148639678955078 -0.151580810546875 0.3382568359375
-0.0110321044921875 0.0185546875 0.00959396362304688 0.0384254455566406
-0.00344276428222656 0.0118293762207031 0.207000732421875 -0.305572509765625
0.0119543075561523 0.00201225280761719 -0.08062744140625 -0.517730712890625
0.00847911834716797 0.00429964065551758 -0.423309326171875 -0.190216064453125
0.00314950942993164 -0.000622034072875977 -0.294189453125 0.204071044921875
0.00685596466064453 -0.0142450332641602 -0.0395965576171875 0.256561279296875
-0.00410366058349609 -0.0108709335327148 0.149459838867188 0.10308837890625
-0.00920677185058594 -0.0137357711791992 0.18316650390625 -0.052001953125
-0.00819587707519531 -0.0261383056640625 -0.174819946289063 0.0604095458984375
0.00785255432128906 -0.0114707946777344 -0.128890991210938 -0.102256774902344
0.00574684143066406 -0.0105419158935547 0.0480194091796875 -0.260971069335937
0.00200366973876953 0.00888824462890625 0.31512451171875 -0.21478271484375
-0.00037384033203125 0.00955486297607422 0.402587890625 0.190399169921875
5.53131103515629E-05 -0.00864267349243164 0.1031494140625 0.499969482421875
0.000207901000976562 0.0123147964477539 -0.155914306640625 0.3309326171875
-0.00766468048095703 0.0171899795532227 0.016937255859375 0.0325546264648438
-0.00167751312255859 0.00918292999267578 0.2054443359375 -0.3143310546875
0.011317253112793 -0.00191020965576172 -0.0924377441406249 -0.5157470703125
0.00605440139770508 0.00220346450805664 -0.42584228515625 -0.178558349609375
0.00176846981048584 -0.000571966171264648 -0.28570556640625 0.21002197265625
0.00647258758544922 -0.0117502212524414 -0.03216552734375 0.25531005859375
-0.0032501220703125 -0.0090484619140625 0.151702880859375 0.099395751953125
-0.00824928283691406 -0.0112428665161133 0.181564331054688 -0.05352783203125
-0.00593185424804688 -0.0224208831787109 -0.175430297851563 0.060546875
0.00928401947021485 -0.00784683227539063 -0.126228332519531 -0.10546875
0.0062713623046875 -0.00689792633056641 0.053924560546875 -0.262710571289063
-0.000110626220703124 0.00936603546142578 0.321502685546875 -0.207794189453125
-0.00318098068237305 0.00658130645751953 0.400115966796875 0.200531005859375
-4.57763671875004E-05 -0.0144186019897461 0.0936279296875 0.5015869140625
0.0035858154296875 0.00802230834960938 -0.1588134765625 0.32379150390625
-0.00153064727783203 0.0143327713012695 0.0223941802978516 0.0275516510009766
0.0019989013671875 0.00400066375732422 0.201416015625 -0.322235107421875
0.0103158950805664 -0.00731563568115234 -0.106231689453125 -0.5128173828125
0.00371146202087402 -0.0012965202331543 -0.428863525390625 -0.164398193359375
0.000227779150009155 -4.35709953308105E-05 -0.279296875 0.216506958007812
0.00596523284912109 -0.00878524780273438 -0.0247802734375 0.254425048828125
-0.00193071365356445 -0.00606966018676758 0.154525756835938 0.097076416015625
-0.00653553009033203 -0.00753498077392578 0.18255615234375 -0.0550537109375
-0.00397300720214844 -0.0174751281738281 -0.174453735351563 0.0601959228515625
0.011103630065918 -0.00555038452148438 -0.124244689941406 -0.107017517089844
0.00616455078125 -0.00327062606811523 0.0583343505859375 -0.263107299804687
-0.00215339660644531 0.00971031188964844 0.324951171875 -0.201812744140625
-0.00618934631347656 0.00231742858886719 0.39605712890625 0.208526611328125
-0.000125885009765623 -0.0210933685302734 0.083526611328125 0.5042724609375
0.0089406967163086 0.00193881988525391 -0.162322998046875 0.32098388671875
0.00594234466552734 0.0109310150146484 0.0252017974853516 0.0244922637939453
0.00593042373657227 -0.002105712890625 0.19769287109375 -0.32696533203125
0.00959110260009765 -0.0139446258544922 -0.113311767578125 -0.511962890625
0.000280380249023437 -0.00493717193603516 -0.429412841796875 -0.157623291015625
-0.00142168998718262 0.000859737396240235 -0.273849487304688 0.219924926757812
0.00567913055419922 -0.00583410263061523 -0.019439697265625 0.254486083984375
-0.000529766082763672 -0.00295805931091309 0.156585693359375 0.0948028564453125
-0.00439596176147461 -0.00303745269775391 0.181365966796875 -0.0559844970703125
-0.00127696990966797 -0.0123796463012695 -0.1749267578125 0.059906005859375
0.0124492645263672 -0.00311946868896484 -0.122962951660156 -0.108039855957031
0.00634574890136719 0.000183582305908203 0.0602569580078125 -0.262283325195313
-0.00425815582275391 0.0101613998413086 0.327728271484375 -0.199188232421875
-0.00866222381591797 -0.00179672241210937 0.39532470703125 0.21307373046875
-7.62939453124811E-06 -0.0282554626464844 0.0793762207031251 0.504669189453125
0.0142612457275391 -0.00466823577880859 -0.164093017578125 0.319610595703125
0.0145807266235352 0.00637149810791016 0.0255718231201172 0.0240192413330078
0.0108451843261719 -0.00904560089111328 0.19586181640625 -0.3271484375
0.008880615234375 -0.020538330078125 -0.115997314453125 -0.50933837890625
-0.0030827522277832 -0.00819683074951172 -0.429901123046875 -0.152191162109375
-0.00300717353820801 0.00182676315307617 -0.272567749023438 0.222274780273438
0.00625514984130859 -0.00241899490356445 -0.017578125 0.254608154296875
0.00123393535614014 0.000240325927734375 0.157577514648438 0.094146728515625
-0.00153923034667969 0.00113534927368164 0.181915283203125 -0.056427001953125
-0.000408172607421874 -0.00765562057495117 -0.173965454101563 0.060394287109375
0.0144233703613281 -0.00128936767578125 -0.122657775878906 -0.107002258300781
0.00618791580200195 0.00317764282226563 0.0583953857421875 -0.259979248046875
-0.00517082214355469 0.0104904174804688 0.324676513671875 -0.197540283203125
-0.0110273361206055 -0.00478553771972656 0.3927001953125 0.2122802734375
-0.00011444091796875 -0.0347404479980469 0.077850341796875 0.505645751953125
0.0192012786865234 -0.0109615325927734 -0.165618896484375 0.32171630859375
0.0232410430908203 0.00218772888183594 0.0225582122802734 0.0260295867919922
0.0155162811279297 -0.0154523849487305 0.196258544921875 -0.325347900390625
0.00775337219238281 -0.0263519287109375 -0.113189697265625 -0.507293701171875
-0.0062246322631836 -0.0110359191894531 -0.4273681640625 -0.15350341796875
-0.00449991226196289 0.0024714469909668 -0.272537231445313 0.223052978515625
0.00564336776733399 -0.0002593994140625 -0.01953125 0.2552490234375
0.00251221656799316 0.00179457664489746 0.157821655273438 0.094879150390625
-0.000296592712402344 0.00470733642578125 0.180755615234375 -0.056732177734375
0.00132560729980469 -0.00539779663085938 -0.174072265625 0.0611419677734375
0.0151443481445313 -0.000843048095703125 -0.124382019042969 -0.105499267578125
0.00601482391357422 0.00422000885009766 0.0544281005859375 -0.259597778320313
-0.00671100616455078 0.0107622146606445 0.32098388671875 -0.200286865234375
-0.0123558044433594 -0.00661945343017578 0.39532470703125 0.207977294921875
-4.95910644531252E-05 -0.0395240783691406 0.083648681640625 0.504791259765625
0.0233039855957031 -0.0159473419189453 -0.166168212890625 0.325836181640625
0.0301246643066406 -0.00176239013671875 0.0172977447509766 0.0298786163330078
0.0189437866210938 -0.0201206207275391 0.19720458984375 -0.318389892578125
0.00843429565429688 -0.0305500030517578 -0.107574462890625 -0.506622314453125
-0.00726985931396485 -0.0124645233154297 -0.426055908203125 -0.1588134765625
-0.00489997863769531 0.00276422500610352 -0.27716064453125 0.220962524414063
0.00552845001220703 0.00110197067260742 -0.0235137939453125 0.257354736328125
0.00394988059997559 0.00387406349182129 0.1563720703125 0.0970611572265625
0.00088214874267578 0.00680780410766601 0.1824951171875 -0.0567474365234375
0.00190353393554688 -0.00398468971252441 -0.17413330078125 0.0612640380859375
0.0151185989379883 -0.00140190124511719 -0.126792907714844 -0.102561950683594
0.00600290298461914 0.00419378280639648 0.0487518310546875 -0.258819580078125
-0.00633811950683594 0.01055908203125 0.315032958984375 -0.205291748046875
-0.0135097503662109 -0.00621128082275391 0.397796630859375 0.199188232421875
-0.000419616699218747 -0.0412559509277344 0.095306396484375 0.5068359375
0.0248584747314453 -0.0195407867431641 -0.16448974609375 0.332916259765625
0.0341072082519531 -0.00371932983398438 0.0101356506347656 0.0349311828613281
0.0218544006347656 -0.0229072570800781 0.1990966796875 -0.310394287109375
0.00898170471191406 -0.0325813293457031 -0.0963134765625 -0.5078125
-0.00760269165039062 -0.0133323669433594 -0.42431640625 -0.166839599609375
-0.00567340850830078 0.00287103652954102 -0.284759521484375 0.21722412109375
0.00557851791381836 0.00112056732177734 -0.0296478271484375 0.25927734375
0.00406384468078613 0.00358104705810547 0.15460205078125 0.100250244140625
0.00210046768188477 0.00791501998901367 0.182861328125 -0.055694580078125
-0.00864410400390625 -0.0289192199707031 -0.17242431640625 0.063568115234375
0.00594902038574219 -0.013239860534668 -0.132347106933594 -0.0960311889648437
0.00551795959472656 -0.0131826400756836 0.0363311767578125 -0.258468627929688
0.00329732894897461 0.00864744186401367 0.3011474609375 -0.224609375
0.00158405303955078 0.0116109848022461 0.40570068359375 0.169158935546875
0.000542163848876953 -0.00561141967773438 0.123046875 0.49017333984375
-0.00139904022216797 0.0147705078125 -0.147125244140625 0.3375244140625
-0.0100212097167969 0.0187702178955078 0.0096435546875 0.0382843017578125
-0.00358676910400391 0.0121488571166992 0.202056884765625 -0.305267333984375
0.0114002227783203 0.00167274475097656 -0.0858459472656249 -0.513580322265625
0.00853776931762695 0.00393581390380859 -0.424041748046875 -0.1846923828125
0.00294208526611328 -0.00084376335144043 -0.290130615234375 0.205230712890625
0.00627040863037109 -0.0141792297363281 -0.037017822265625 0.254486083984375
-0.00471019744873047 -0.0108194351196289 0.14862060546875 0.100830078125
-0.00886154174804688 -0.0129795074462891 0.181228637695313 -0.0533905029296875
-0.008636474609375 -0.0254936218261719 -0.172210693359375 0.0628509521484375
0.00737285614013672 -0.0111770629882813 -0.129798889160156 -0.100570678710938
0.00592136383056641 -0.0101480484008789 0.044281005859375 -0.2603759765625
0.00185680389404297 0.00941753387451172 0.30926513671875 -0.216705322265625
-0.000667572021484375 0.0091705322265625 0.401947021484375 0.183319091796875
-0.000134468078613281 -0.00889110565185547 0.10906982421875 0.494903564453125
0.000218391418457031 0.0125627517700195 -0.150970458984375 0.330047607421875
-0.00704288482666016 0.0175275802612305 0.0167961120605469 0.0319652557373047
-0.00164985656738281 0.00974464416503906 0.199005126953125 -0.31591796875
0.0108604431152344 -0.00176143646240234 -0.097869873046875 -0.511138916015625
0.0063023567199707 0.00157737731933594 -0.4246826171875 -0.17303466796875
0.00240802764892578 -0.000722408294677734 -0.281829833984375 0.2110595703125
0.00606822967529297 -0.0122451782226563 -0.0288848876953125 0.253585815429688
-0.00378990173339844 -0.00890350341796875 0.15130615234375 0.0964813232421875
-0.00830650329589844 -0.00995826721191406 0.179641723632813 -0.0554656982421875
-0.005859375 -0.0222225189208984 -0.172576904296875 0.0621185302734375
0.00872230529785156 -0.00795364379882813 -0.126419067382813 -0.103004455566406
0.00617790222167969 -0.00710296630859375 0.050018310546875 -0.261566162109375
0.000273704528808595 0.00989818572998047 0.31591796875 -0.2113037109375
-0.00310611724853516 0.00603151321411133 0.39898681640625 0.19390869140625
-0.000288963317871094 -0.0147647857666016 0.098480224609375 0.498016357421875
0.00373601913452148 0.00761175155639648 -0.154022216796875 0.32415771484375
-0.00117778778076172 0.0144786834716797 0.0224475860595703 0.0275840759277344
0.00158166885375977 0.00444269180297852 0.195831298828125 -0.320648193359375
0.0102014541625977 -0.00734806060791016 -0.110626220703125 -0.509002685546875
0.00369906425476074 -0.00152492523193359 -0.4278564453125 -0.15985107421875
-0.000100173056125641 4.56199049949646E-05 -0.27447509765625 0.217178344726562
0.00573444366455078 -0.00921916961669922 -0.0215911865234375 0.252914428710938
-0.00258255004882812 -0.00572681427001953 0.154220581054688 0.09405517578125
-0.00599384307861328 -0.00694417953491211 0.17938232421875 -0.0565643310546875
-0.00408077239990234 -0.0168390274047852 -0.171951293945312 0.0623779296875
0.0105524063110352 -0.00571060180664063 -0.124458312988281 -0.104835510253906
0.00626993179321289 -0.00316286087036133 0.0539703369140625 -0.26116943359375
-0.00189781188964844 0.00952339172363281 0.320159912109375 -0.20452880859375
-0.00609254837036133 0.00206804275512695 0.39599609375 0.201995849609375
-0.000679016113281251 -0.0212364196777344 0.087890625 0.499298095703125
0.00835895538330078 0.00208139419555664 -0.15667724609375 0.3206787109375
0.00615024566650391 0.0107183456420898 0.0256423950195313 0.0243186950683594
0.00574254989624023 -0.00178956985473633 0.193450927734375 -0.32672119140625
0.00942039489746094 -0.0133504867553711 -0.118133544921875 -0.5072021484375
0.000364303588867188 -0.00484228134155273 -0.42852783203125 -0.151824951171875
-0.00130128860473633 0.00114166736602783 -0.269210815429687 0.221206665039063
0.00548028945922852 -0.00576114654541016 -0.016998291015625 0.25238037109375
-0.000550508499145508 -0.00256085395812988 0.15643310546875 0.0918121337890625
-0.00413370132446289 -0.00238132476806641 0.178939819335938 -0.0582122802734375
-0.0015869140625 -0.0118560791015625 -0.172561645507813 0.061737060546875
0.0122480392456055 -0.00294971466064453 -0.12359619140625 -0.105873107910156
0.00615406036376953 0.000324726104736328 0.056365966796875 -0.261215209960938
-0.00350570678710938 0.0100088119506836 0.3209228515625 -0.2022705078125
-0.00850343704223633 -0.0017848014831543 0.394561767578125 0.206207275390625
-0.000398635864257811 -0.0285930633544922 0.08575439453125 0.50079345703125
0.0139656066894531 -0.00518703460693359 -0.158660888671875 0.319580078125
0.015315055847168 0.00606346130371094 0.0253753662109375 0.0240325927734375
0.0101728439331055 -0.00853061676025391 0.191802978515625 -0.32666015625
0.008392333984375 -0.0205955505371094 -0.121337890625 -0.503082275390625
-0.00312328338623047 -0.00820636749267578 -0.42852783203125 -0.146881103515625
-0.00272369384765625 0.00173497200012207 -0.267959594726563 0.224258422851562
0.0054326057434082 -0.00299692153930664 -0.01519775390625 0.252883911132813
0.00108784437179565 0.000299394130706787 0.157516479492188 0.0921630859375
-0.00122296810150146 0.00195860862731934 0.1796875 -0.0577850341796875
-0.000309467315673828 -0.00782632827758789 -0.171127319335938 0.0626068115234375
0.0137624740600586 -0.00168228149414063 -0.123619079589844 -0.104728698730469
0.00572347640991211 0.00285577774047852 0.055084228515625 -0.25970458984375
-0.00543403625488281 0.0102548599243164 0.32000732421875 -0.201385498046875
-0.0112686157226563 -0.00519943237304688 0.392791748046875 0.207275390625
-0.000595092773437503 -0.0352249145507813 0.0844421386718751 0.501495361328125
0.0192031860351563 -0.0110588073730469 -0.16119384765625 0.321502685546875
0.0234279632568359 0.00212860107421875 0.0224475860595703 0.0256271362304688
0.014923095703125 -0.0153388977050781 0.192169189453125 -0.324920654296875
0.00793075561523438 -0.0260257720947266 -0.118377685546875 -0.501739501953125
-0.00592994689941406 -0.0108833312988281 -0.42694091796875 -0.147674560546875
-0.00427985191345215 0.00254178047180176 -0.269012451171875 0.223831176757813
0.0054931640625 -0.000406265258789063 -0.01702880859375 0.253204345703125
0.00232434272766113 0.00225925445556641 0.157028198242188 0.0919952392578125
-0.000330448150634765 0.00553417205810547 0.179168701171875 -0.0588226318359375
0.00102138519287109 -0.00488710403442383 -0.17144775390625 0.062896728515625
0.0147991180419922 -0.000760078430175781 -0.124656677246094 -0.103187561035156
0.00582265853881836 0.00417423248291016 0.051239013671875 -0.258407592773438
-0.00617790222167969 0.0109176635742188 0.315887451171875 -0.202911376953125
-0.0122671127319336 -0.0066070556640625 0.394012451171875 0.2012939453125
-0.000610351562500002 -0.0396347045898438 0.0887451171874999 0.500457763671875
0.0225849151611328 -0.0162925720214844 -0.161102294921875 0.32525634765625
0.0301971435546875 -0.00131034851074219 0.0171966552734375 0.0297412872314453
0.0186614990234375 -0.0198326110839844 0.191314697265625 -0.31781005859375
0.00780868530273437 -0.0300464630126953 -0.111419677734375 -0.5028076171875
-0.00745487213134765 -0.0127143859863281 -0.426788330078125 -0.153656005859375
-0.00483894348144531 0.00303077697753906 -0.273147583007813 0.221694946289063
0.00541448593139649 0.00114059448242188 -0.0208892822265625 0.2554931640625
0.00409913063049316 0.00378537178039551 0.156295776367188 0.0944366455078125
0.00103378295898438 0.0079646110534668 0.1800537109375 -0.05841064453125
0.0021970272064209 -0.00385951995849609 -0.171417236328125 0.0637054443359375
0.0147027969360352 -0.00115871429443359 -0.126922607421875 -0.100349426269531
0.00606012344360352 0.00455474853515625 0.0453338623046875 -0.257232666015625
-0.00634765625 0.0104846954345703 0.309722900390625 -0.2080078125
-0.0131521224975586 -0.00662899017333984 0.397735595703125 0.192840576171875
-0.00119781494140625 -0.041595458984375 0.098602294921875 0.500091552734375
0.0245552062988281 -0.0198001861572266 -0.15875244140625 0.332794189453125
0.0342025756835937 -0.003448486328125 0.0100936889648438 0.0354423522949219
0.0214328765869141 -0.0226860046386719 0.192840576171875 -0.31085205078125
0.00884437561035156 -0.0321006774902344 -0.1025390625 -0.50238037109375
-0.0078115463256836 -0.012725830078125 -0.425140380859375 -0.161895751953125
-0.00529623031616211 0.00263833999633789 -0.280731201171875 0.2178955078125
0.00538396835327148 0.00139713287353516 -0.0266876220703125 0.256881713867187
0.00421595573425293 0.00396418571472168 0.154098510742188 0.0978546142578125
0.00212335586547851 0.0086064338684082 0.18048095703125 -0.0577239990234375
-0.00932884216308594 -0.0277633666992188 -0.17034912109375 0.065338134765625
0.00571060180664062 -0.0129690170288086 -0.131797790527344 -0.0944061279296875
0.00507354736328125 -0.0131092071533203 0.034149169921875 -0.257431030273438
0.00344228744506836 0.00861215591430664 0.29638671875 -0.2261962890625
0.00181198120117188 0.0109825134277344 0.40362548828125 0.164337158203125
0.000120639801025391 -0.00614166259765625 0.12646484375 0.4852294921875
-0.00156593322753906 0.0146369934082031 -0.142303466796875 0.335723876953125
-0.00997161865234375 0.0191631317138672 0.00983047485351563 0.0381965637207031
-0.00337886810302734 0.0126867294311523 0.197998046875 -0.30389404296875
0.0113315582275391 0.00182247161865234 -0.0884094238281251 -0.508544921875
0.00936603546142578 0.00401687622070313 -0.42138671875 -0.179229736328125
0.00319004058837891 -0.000881671905517578 -0.286651611328125 0.20587158203125
0.00601577758789063 -0.0139894485473633 -0.034515380859375 0.252731323242187
-0.00519275665283203 -0.010706901550293 0.147979736328125 0.0983734130859375
-0.00927925109863281 -0.0121498107910156 0.1788330078125 -0.0550384521484375
-0.00864791870117188 -0.0244083404541016 -0.16949462890625 0.063995361328125
0.00652599334716797 -0.0111379623413086 -0.128715515136719 -0.098663330078125
0.00555515289306641 -0.0102710723876953 0.041168212890625 -0.258773803710938
0.0023040771484375 0.00909328460693359 0.304779052734375 -0.21832275390625
1.90734863281163E-06 0.00864219665527344 0.399169921875 0.177337646484375
-0.000371932983398438 -0.00930023193359375 0.111724853515625 0.49029541015625
0.000329017639160156 0.0124597549438477 -0.146392822265625 0.32940673828125
-0.00693130493164063 0.0176429748535156 0.0169410705566406 0.0320987701416016
-0.0019073486328125 0.00994205474853516 0.1951904296875 -0.312896728515625
0.0104475021362305 -0.00206947326660156 -0.10223388671875 -0.505859375
0.00651407241821289 0.00149726867675781 -0.423370361328125 -0.167816162109375
0.00174236297607422 -0.000650167465209961 -0.278182983398437 0.211761474609375
0.00559329986572266 -0.0120277404785156 -0.0267333984375 0.251495361328125
-0.00400495529174805 -0.00877237319946289 0.150527954101563 0.094390869140625
-0.00802898406982422 -0.00936508178710938 0.177459716796875 -0.05670166015625
-0.00633621215820312 -0.0210304260253906 -0.170028686523437 0.0637664794921875
0.00807285308837891 -0.00822162628173828 -0.126335144042969 -0.101638793945313
0.00552654266357422 -0.00692462921142578 0.04730224609375 -0.26007080078125
0.000134468078613281 0.00956344604492188 0.310821533203125 -0.211883544921875
-0.00291824340820313 0.00538492202758789 0.397735595703125 0.188446044921875
-0.000837326049804687 -0.0145931243896484 0.102264404296875 0.4921875
0.00357675552368164 0.00768041610717773 -0.14959716796875 0.32281494140625
-0.000969886779785158 0.0151176452636719 0.0222053527832031 0.0273494720458984
0.0014653205871582 0.00495481491088867 0.19189453125 -0.31982421875
0.00984668731689453 -0.00741195678710937 -0.113433837890625 -0.504241943359375
0.00363492965698242 -0.00150322914123535 -0.42578125 -0.155303955078125
0.00047600269317627 -0.000208884477615356 -0.271011352539063 0.217803955078125
0.00563430786132813 -0.00919246673583984 -0.0193023681640625 0.25103759765625
-0.00246429443359375 -0.00558614730834961 0.153717041015625 0.09197998046875
-0.00600481033325195 -0.00602340698242188 0.177642822265625 -0.0577850341796875
-0.00440692901611328 -0.0163002014160156 -0.169692993164062 0.06365966796875
0.0101509094238281 -0.00557041168212891 -0.124359130859375 -0.102928161621094
0.00571680068969727 -0.00338506698608398 0.0513153076171875 -0.259979248046875
-0.00133609771728516 0.0101089477539063 0.314727783203125 -0.20660400390625
-0.00579643249511719 0.00166845321655273 0.39483642578125 0.195770263671875
-0.00115776062011719 -0.0214347839355469 0.0934753417968749 0.49517822265625
0.00818777084350586 0.00175666809082031 -0.152679443359375 0.31951904296875
0.00648403167724609 0.0111865997314453 0.0253715515136719 0.024505615234375
0.00584983825683594 -0.00153732299804688 0.18914794921875 -0.324005126953125
0.0089874267578125 -0.0133180618286133 -0.120849609375 -0.5009765625
0.000376701354980468 -0.00481367111206055 -0.425750732421875 -0.146148681640625
-0.00134742259979248 0.000990629196166992 -0.265838623046875 0.222244262695313
0.00513124465942383 -0.00584173202514648 -0.0155029296875 0.250686645507812
-0.000948429107666016 -0.00281286239624023 0.15545654296875 0.0897979736328125
-0.00396943092346191 -0.00145077705383301 0.1768798828125 -0.059173583984375
-0.00133037567138672 -0.0113229751586914 -0.169952392578125 0.0626220703125
0.0117959976196289 -0.00326728820800781 -0.123344421386719 -0.104179382324219
0.0058741569519043 4.67300415039063E-05 0.053070068359375 -0.259841918945313
-0.00356578826904297 0.0101118087768555 0.3172607421875 -0.2037353515625
-0.00879859924316406 -0.001983642578125 0.392913818359375 0.19940185546875
-0.000896453857421878 -0.0284957885742188 0.088470458984375 0.496490478515625
0.0135364532470703 -0.00482273101806641 -0.154571533203125 0.318145751953125
0.0155868530273438 0.00640583038330078 0.0250263214111328 0.0237083435058594
0.0100793838500977 -0.00839138031005859 0.187255859375 -0.32568359375
0.007904052734375 -0.0200138092041016 -0.124420166015625 -0.499114990234375
-0.00307703018188477 -0.00835371017456055 -0.42620849609375 -0.1414794921875
-0.00280070304870605 0.00167584419250488 -0.264144897460938 0.224136352539063
0.00530385971069336 -0.00331830978393555 -0.01300048828125 0.250778198242188
0.000691592693328857 0.00020134449005127 0.156585693359375 0.0889129638671875
-0.00123953819274902 0.00223970413208008 0.177658081054688 -0.059173583984375
-0.000311374664306641 -0.00663566589355469 -0.168426513671875 0.063568115234375
0.0131721496582031 -0.00165462493896484 -0.123176574707031 -0.1031494140625
0.00605916976928711 0.00273227691650391 0.0519561767578125 -0.258163452148438
-0.00483226776123047 0.0103855133056641 0.3148193359375 -0.201751708984375
-0.0107746124267578 -0.00547218322753906 0.39190673828125 0.200836181640625
-0.00130271911621094 -0.0350131988525391 0.087677001953125 0.496124267578125
0.0186309814453125 -0.0112552642822266 -0.156494140625 0.320281982421875
0.0238170623779297 0.00245094299316406 0.0224170684814453 0.0256881713867188
0.0145931243896484 -0.0147361755371094 0.186309814453125 -0.32366943359375
0.00707054138183594 -0.0258102416992187 -0.121856689453125 -0.49737548828125
-0.00606155395507813 -0.0104598999023437 -0.4254150390625 -0.142608642578125
-0.00383138656616211 0.00219416618347168 -0.265289306640625 0.224319458007812
0.00516891479492187 -0.000609397888183594 -0.0142364501953125 0.25054931640625
0.00256609916687012 0.00239849090576172 0.15625 0.0898284912109375
1.23977661132808E-05 0.0058445930480957 0.176803588867187 -0.0600433349609375
0.000818490982055664 -0.00404024124145508 -0.168914794921875 0.064117431640625
0.0141839981079102 -0.000855445861816406 -0.124595642089844 -0.101226806640625
0.00542306900024414 0.00442647933959961 0.0485992431640625 -0.256912231445312
-0.0059652328491211 0.0106382369995117 0.310791015625 -0.204559326171875
-0.0125150680541992 -0.00687789916992188 0.39288330078125 0.196044921875
-0.0011138916015625 -0.0392532348632813 0.092529296875 0.49609375
0.0226993560791016 -0.0165138244628906 -0.156494140625 0.32421875
0.0301399230957031 -0.00152206420898438 0.0172481536865234 0.0298652648925781
0.0184669494628906 -0.0195045471191406 0.1875 -0.316436767578125
0.00702476501464844 -0.0299472808837891 -0.113800048828125 -0.496826171875
-0.00711536407470703 -0.0125913619995117 -0.4234619140625 -0.147674560546875
-0.00481653213500977 0.00280237197875977 -0.269805908203125 0.221832275390625
0.00479793548583984 0.000879287719726563 -0.018402099609375 0.25244140625
0.00345253944396973 0.00422859191894531 0.155517578125 0.0921630859375
0.00157880783081055 0.00848770141601563 0.17803955078125 -0.059722900390625
0.00185704231262207 -0.00323605537414551 -0.168594360351562 0.0650787353515625
0.0145063400268555 -0.00129222869873047 -0.126373291015625 -0.09857177734375
0.00572490692138672 0.0041351318359375 0.0420684814453125 -0.25592041015625
-0.00603294372558594 0.0109567642211914 0.30462646484375 -0.208526611328125
-0.0133094787597656 -0.00685214996337891 0.395599365234375 0.186920166015625
-0.00165176391601562 -0.041748046875 0.1041259765625 0.495086669921875
0.024566650390625 -0.0197124481201172 -0.154937744140625 0.331512451171875
0.0341587066650391 -0.003387451171875 0.0103340148925781 0.0353813171386719
0.0209846496582031 -0.0220966339111328 0.189300537109375 -0.308807373046875
0.00788497924804688 -0.0323524475097656 -0.10406494140625 -0.497711181640625
-0.00774669647216797 -0.013157844543457 -0.422760009765625 -0.15777587890625
-0.00551414489746094 0.00254201889038086 -0.276962280273438 0.218994140625
0.00524330139160156 0.000881195068359375 -0.0245208740234375 0.255111694335938
0.00398731231689453 0.00351881980895996 0.153411865234375 0.0950469970703125
0.00199031829833984 0.00930023193359375 0.178009033203125 -0.0587921142578125
-0.00918960571289062 -0.0276355743408203 -0.167587280273437 0.066009521484375
0.00501346588134766 -0.0124807357788086 -0.131576538085938 -0.0926284790039062
0.00498580932617188 -0.0129518508911133 0.030914306640625 -0.255859375
0.00363826751708984 0.0089263916015625 0.292510986328125 -0.22674560546875
0.00192451477050781 0.0106725692749023 0.4007568359375 0.159271240234375
-0.000227928161621093 -0.0061488151550293 0.129913330078125 0.4798583984375
-0.0012063980102539 0.0145063400268555 -0.13818359375 0.334869384765625
-0.0092926025390625 0.0195274353027344 0.00995254516601563 0.0383415222167969
-0.00348949432373047 0.0127363204956055 0.192962646484375 -0.3031005859375
0.0109577178955078 0.00187873840332031 -0.0920715332031251 -0.503509521484375
0.00879192352294922 0.00382137298583984 -0.419708251953125 -0.1746826171875
0.00353074073791504 -0.00111818313598633 -0.282928466796875 0.2060546875
0.00559711456298828 -0.0141639709472656 -0.032470703125 0.251495361328125
-0.00533008575439453 -0.00989341735839844 0.1473388671875 0.095916748046875
-0.00884151458740234 -0.0110740661621094 0.176773071289063 -0.055877685546875
-0.00875091552734375 -0.0245113372802734 -0.166946411132813 0.064910888671875
0.00634288787841797 -0.0109062194824219 -0.12841796875 -0.0959854125976563
0.005126953125 -0.00967502593994141 0.0382843017578125 -0.257064819335938
0.00247859954833984 0.00913906097412109 0.29949951171875 -0.219451904296875
-1.6212463378907E-05 0.00858926773071289 0.39697265625 0.171875
-0.000720024108886718 -0.00966358184814453 0.116455078125 0.484466552734375
0.000177383422851564 0.0120477676391602 -0.142730712890625 0.327606201171875
-0.00648307800292969 0.0181617736816406 0.0170974731445313 0.0321331024169922
-0.00159168243408203 0.0100002288818359 0.191070556640625 -0.31207275390625
0.0103597640991211 -0.00158214569091797 -0.10430908203125 -0.500701904296875
0.00648307800292969 0.00142812728881836 -0.421875 -0.162811279296875
0.00217890739440918 -0.000446557998657227 -0.274749755859375 0.211395263671875
0.00531578063964844 -0.0119800567626953 -0.024383544921875 0.249496459960938
-0.00434446334838867 -0.00833702087402344 0.149765014648438 0.092132568359375
-0.00793313980102539 -0.00863265991210938 0.175247192382813 -0.0577545166015625
-0.00624275207519531 -0.0203933715820313 -0.167556762695313 0.064544677734375
0.00796365737915039 -0.00747060775756836 -0.126152038574219 -0.0994415283203125
0.00529098510742188 -0.00699138641357422 0.0441741943359375 -0.258346557617188
0.000586509704589843 0.00945758819580078 0.306121826171875 -0.2132568359375
-0.0029911994934082 0.00510835647583008 0.394805908203125 0.18280029296875
-0.00117206573486328 -0.0149898529052734 0.105255126953125 0.487518310546875
0.00340509414672852 0.00769853591918945 -0.14508056640625 0.32049560546875
-0.000464439392089845 0.015040397644043 0.0221290588378906 0.0271816253662109
0.00150346755981445 0.00497198104858398 0.186859130859375 -0.318328857421875
0.00972747802734375 -0.00701332092285156 -0.114837646484375 -0.498687744140625
0.00384378433227539 -0.00173258781433105 -0.42303466796875 -0.1502685546875
0.000440359115600586 -0.000164538621902466 -0.267349243164063 0.217453002929687
0.004852294921875 -0.00902843475341797 -0.0178680419921875 0.248550415039063
-0.00313091278076172 -0.0054631233215332 0.152236938476563 0.08978271484375
-0.00585556030273438 -0.00560331344604492 0.1761474609375 -0.0590057373046875
-0.00439929962158203 -0.0157604217529297 -0.167251586914063 0.0642852783203125
0.00943088531494141 -0.00571632385253906 -0.123809814453125 -0.101158142089844
0.00550651550292969 -0.00278091430664063 0.0482330322265625 -0.258377075195313
-0.00118446350097656 0.00958538055419922 0.310516357421875 -0.208648681640625
-0.0058436393737793 0.00136947631835937 0.39263916015625 0.190338134765625
-0.00155448913574219 -0.0215797424316406 0.09619140625 0.4912109375
0.00807428359985352 0.00199508666992188 -0.14801025390625 0.318084716796875
0.00689792633056641 0.0111885070800781 0.0249404907226563 0.0243644714355469
0.00550603866577148 -0.0011138916015625 0.184478759765625 -0.322509765625
0.00858688354492188 -0.0135135650634766 -0.12371826171875 -0.496063232421875
0.000295162200927734 -0.00486993789672852 -0.42333984375 -0.141876220703125
-0.000999212265014649 0.00112426280975342 -0.262069702148438 0.222122192382813
0.00492143630981445 -0.00586414337158203 -0.0129241943359375 0.248214721679688
-0.0016024112701416 -0.0022425651550293 0.154403686523437 0.0876922607421875
-0.0036921501159668 -0.000897407531738282 0.175018310546875 -0.0599212646484375
-0.00158405303955078 -0.0110263824462891 -0.167556762695313 0.0640716552734375
0.0115432739257813 -0.00262451171875 -0.122993469238281 -0.102195739746094
0.00586128234863281 -0.0003814697265625 0.05035400390625 -0.258331298828125
-0.00350761413574219 0.0100698471069336 0.3121337890625 -0.204193115234375
-0.00864982604980469 -0.00229883193969727 0.390655517578125 0.194580078125
-0.00130081176757813 -0.02899169921875 0.09185791015625 0.491363525390625
0.0130996704101562 -0.00515270233154297 -0.150909423828125 0.316925048828125
0.0159311294555664 0.00642585754394531 0.0248870849609375 0.0239162445068359
0.0100202560424805 -0.00817394256591797 0.182098388671875 -0.32440185546875
0.00784111022949219 -0.0199108123779297 -0.126739501953125 -0.493804931640625
-0.00290632247924805 -0.00777578353881836 -0.42462158203125 -0.1373291015625
-0.00268340110778809 0.00199055671691895 -0.260498046875 0.2239990234375
0.00475788116455078 -0.00342702865600586 -0.0111236572265625 0.248428344726563
5.96046447754011E-08 0.000147849321365356 0.15570068359375 0.087158203125
-0.00115489959716797 0.00343632698059082 0.175521850585938 -0.0604248046875
-0.000509738922119141 -0.00681018829345703 -0.165908813476563 0.064788818359375
0.0127334594726563 -0.00170135498046875 -0.122947692871094 -0.101249694824219
0.00607538223266602 0.00268840789794922 0.0491943359375 -0.256378173828125
-0.00488090515136719 0.0103273391723633 0.30938720703125 -0.203155517578125
-0.0106906890869141 -0.00557327270507813 0.389984130859375 0.196441650390625
-0.00182723999023437 -0.0350875854492188 0.09027099609375 0.492279052734375
0.0184345245361328 -0.0113372802734375 -0.15185546875 0.31890869140625
0.0236492156982422 0.00249099731445313 0.0222415924072266 0.0255050659179688
0.0145406723022461 -0.0142116546630859 0.183074951171875 -0.32171630859375
0.00691413879394531 -0.0255718231201172 -0.123626708984375 -0.491363525390625
-0.00557994842529297 -0.0106687545776367 -0.423583984375 -0.13909912109375
-0.00404095649719238 0.00229716300964355 -0.261932373046875 0.224258422851563
0.00457668304443359 -0.000685691833496094 -0.012603759765625 0.24908447265625
0.00202131271362305 0.00225090980529785 0.154983520507813 0.087799072265625
0.00063943862915039 0.00679874420166016 0.174468994140625 -0.061187744140625
0.000955820083618164 -0.00374817848205566 -0.165878295898438 0.0648651123046875
0.0136623382568359 -0.000815391540527344 -0.124015808105469 -0.0992965698242188
0.00542545318603516 0.00445652008056641 0.044891357421875 -0.255264282226562
-0.00553989410400391 0.0103673934936523 0.305511474609375 -0.205291748046875
-0.0128059387207031 -0.00694751739501953 0.39056396484375 0.189605712890625
-0.00176239013671875 -0.0395965576171875 0.09521484375 0.49114990234375
0.0218887329101563 -0.0162525177001953 -0.152557373046875 0.32269287109375
0.0300197601318359 -0.000848770141601562 0.0168476104736328 0.02972412109375
0.0179996490478516 -0.0192165374755859 0.18377685546875 -0.314483642578125
0.00688552856445313 -0.0293025970458984 -0.11602783203125 -0.4920654296875
-0.00689983367919922 -0.0122108459472656 -0.42138671875 -0.143890380859375
-0.00473403930664063 0.00252532958984375 -0.265792846679688 0.221908569335938
0.00476837158203125 0.000617027282714844 -0.016265869140625 0.2503662109375
0.00329685211181641 0.00400352478027344 0.154312133789063 0.089874267578125
0.0018467903137207 0.00867843627929688 0.176040649414063 -0.060791015625
0.0020294189453125 -0.00288224220275879 -0.166290283203125 0.0660858154296875
0.013737678527832 -0.00120258331298828 -0.126174926757813 -0.0967941284179687
0.00551700592041016 0.00396966934204102 0.040283203125 -0.254684448242188
-0.00593471527099609 0.0107421875 0.299957275390625 -0.20989990234375
-0.0131349563598633 -0.00716114044189453 0.394622802734375 0.18267822265625
-0.00214767456054688 -0.0413856506347656 0.105377197265625 0.4910888671875
0.0237541198730469 -0.0197963714599609 -0.150665283203125 0.329986572265625
0.0343990325927734 -0.00356483459472656 0.0104866027832031 0.0351333618164063
0.0206336975097656 -0.0222358703613281 0.18402099609375 -0.3067626953125
0.0075225830078125 -0.0315895080566406 -0.1082763671875 -0.492645263671875
-0.00732898712158203 -0.0130100250244141 -0.420623779296875 -0.152191162109375
-0.00520038604736328 0.00270843505859375 -0.272903442382813 0.21881103515625
0.00507831573486328 0.000677108764648437 -0.0224151611328125 0.252655029296875
0.0037996768951416 0.00376081466674805 0.152816772460938 0.0929412841796875
0.00292015075683594 0.00989341735839844 0.176681518554688 -0.060028076171875
-0.00929450988769531 -0.0265007019042969 -0.164688110351563 0.0671234130859375
0.00456809997558594 -0.0125703811645508 -0.130592346191406 -0.0913009643554688
0.00448894500732422 -0.0126800537109375 0.0288238525390625 -0.253128051757812
0.00374889373779297 0.00880908966064453 0.286956787109375 -0.225250244140625
0.00169563293457031 0.00997829437255859 0.398345947265625 0.154815673828125
-0.000183582305908203 -0.00662040710449219 0.131683349609375 0.47406005859375
-0.00158596038818359 0.0143518447875977 -0.134857177734375 0.332672119140625
-0.00903511047363281 0.0196247100830078 0.0101470947265625 0.0379676818847656
-0.00330257415771485 0.0127668380737305 0.18914794921875 -0.301422119140625
0.0107021331787109 0.00173759460449219 -0.093963623046875 -0.4981689453125
0.00912857055664063 0.00362586975097656 -0.417999267578125 -0.17041015625
0.00286602973937988 -0.000833988189697266 -0.279708862304687 0.20574951171875
0.00488948822021484 -0.0143337249755859 -0.0306854248046875 0.2489013671875
-0.00585556030273438 -0.0101518630981445 0.1463623046875 0.094482421875
-0.00853347778320313 -0.0104808807373047 0.175216674804688 -0.0565032958984375
-0.00893592834472656 -0.0232295989990234 -0.16448974609375 0.06573486328125
0.00560379028320313 -0.0108747482299805 -0.127784729003906 -0.0952606201171875
0.00472831726074219 -0.00988006591796875 0.036651611328125 -0.2548828125
0.00267887115478516 0.00906658172607422 0.2952880859375 -0.219696044921875
-7.15255737304694E-05 0.00775432586669922 0.394378662109375 0.167388916015625
-0.00151920318603516 -0.00985050201416016 0.11798095703125 0.480499267578125
-0.000182151794433593 0.0121545791625977 -0.138641357421875 0.325592041015625
-0.00596046447753906 0.0181999206542969 0.0170536041259766 0.0323352813720703
-0.00150871276855469 0.0100841522216797 0.186859130859375 -0.30987548828125
0.00998115539550781 -0.00170993804931641 -0.106231689453125 -0.496124267578125
0.00678920745849609 0.00121784210205078 -0.418548583984375 -0.16046142578125
0.00189220905303955 -0.000604391098022461 -0.27154541015625 0.211715698242188
0.00480461120605469 -0.0119161605834961 -0.02349853515625 0.247711181640625
-0.00469398498535156 -0.00822162628173828 0.148880004882813 0.090576171875
-0.00785541534423828 -0.00773048400878906 0.173385620117188 -0.0587310791015625
-0.00661277770996094 -0.0201988220214844 -0.164871215820312 0.06524658203125
0.00745820999145508 -0.00797891616821289 -0.125350952148438 -0.0981674194335938
0.00506067276000977 -0.00676727294921875 0.042205810546875 -0.25689697265625
0.000958442687988282 0.00967025756835938 0.300811767578125 -0.213531494140625
-0.00296640396118164 0.00463056564331055 0.392852783203125 0.17803955078125
-0.00159168243408203 -0.0154790878295898 0.10882568359375 0.482421875
0.00328731536865234 0.00732707977294922 -0.14227294921875 0.31951904296875
-8.86917114257828E-05 0.0147180557250977 0.0222396850585938 0.0273895263671875
0.00136947631835938 0.00550699234008789 0.183837890625 -0.316619873046875
0.00929355621337891 -0.00707149505615234 -0.1173095703125 -0.4935302734375
0.00379586219787598 -0.00171971321105957 -0.42144775390625 -0.1474609375
0.000644862651824951 -9.60826873779297E-05 -0.264633178710938 0.21685791015625
0.00480461120605469 -0.00933837890625 -0.016082763671875 0.246337890625
-0.00332736968994141 -0.00510311126708984 0.151596069335938 0.0876922607421875
-0.00542259216308594 -0.004547119140625 0.173965454101563 -0.0596160888671875
-0.00476264953613281 -0.0152816772460938 -0.1644287109375 0.0653533935546875
0.00905036926269531 -0.00538825988769531 -0.123268127441406 -0.0994186401367188
0.00567007064819336 -0.00304317474365234 0.0466461181640625 -0.256576538085938
-0.00116634368896484 0.009613037109375 0.30517578125 -0.207977294921875
-0.00588560104370117 0.000786304473876953 0.390411376953125 0.186370849609375
-0.00167655944824219 -0.0219688415527344 0.098785400390625 0.485076904296875
0.00823116302490234 0.00159358978271484 -0.145294189453125 0.31585693359375
0.00736141204833984 0.0111484527587891 0.0250720977783203 0.0245532989501953
0.00533628463745117 -0.000898838043212891 0.180938720703125 -0.321319580078125
0.0082235336303711 -0.0131797790527344 -0.125274658203125 -0.4908447265625
0.000231742858886719 -0.00495529174804687 -0.421478271484375 -0.138153076171875
-0.00102859735488892 0.000636518001556397 -0.25921630859375 0.220733642578125
0.00446844100952148 -0.00630712509155274 -0.0111236572265625 0.246017456054687
-0.00153326988220215 -0.00256919860839844 0.153182983398438 0.085601806640625
-0.0033104419708252 -0.000635147094726562 0.17291259765625 -0.0606231689453125
-0.00221347808837891 -0.0106191635131836 -0.164749145507812 0.06500244140625
0.0107383728027344 -0.0030670166015625 -0.12237548828125 -0.100624084472656
0.00526857376098633 3.29017639160156E-05 0.047821044921875 -0.256439208984375
-0.00306415557861328 0.0100240707397461 0.308197021484375 -0.205322265625
-0.00852346420288086 -0.00255393981933594 0.38726806640625 0.19036865234375
-0.00167465209960938 -0.0286579132080078 0.09393310546875 0.48614501953125
0.0129880905151367 -0.00493621826171875 -0.14697265625 0.31463623046875
0.0158376693725586 0.00698089599609375 0.0251541137695313 0.0236434936523438
0.00992965698242188 -0.00790977478027344 0.179412841796875 -0.32135009765625
0.00688934326171875 -0.0196075439453125 -0.1287841796875 -0.488128662109375
-0.00312042236328125 -0.00820159912109375 -0.42193603515625 -0.134002685546875
-0.00269913673400879 0.00164604187011719 -0.257675170898438 0.22320556640625
0.00467681884765625 -0.00304698944091797 -0.010345458984375 0.246292114257813
9.89735126495361E-05 0.000467211008071899 0.154678344726563 0.0853424072265625
-0.000618219375610352 0.0035092830657959 0.173187255859375 -0.0606842041015625
-0.000420570373535156 -0.00620937347412109 -0.16375732421875 0.06591796875
0.012415885925293 -0.00155067443847656 -0.122459411621094 -0.0996856689453125
0.00565385818481445 0.00285100936889648 0.0471343994140625 -0.254653930664063
-0.00439453125 0.0102071762084961 0.3052978515625 -0.20330810546875
-0.010859489440918 -0.00571632385253906 0.3868408203125 0.190765380859375
-0.0020599365234375 -0.0352401733398438 0.093048095703125 0.48699951171875
0.0179576873779297 -0.0113544464111328 -0.14849853515625 0.31719970703125
0.0235557556152344 0.00237083435058594 0.0220870971679688 0.0255966186523437
0.0142040252685547 -0.0142240524291992 0.179473876953125 -0.31951904296875
0.00671577453613281 -0.0248603820800781 -0.12615966796875 -0.487213134765625
-0.00547409057617188 -0.0101509094238281 -0.42022705078125 -0.135650634765625
-0.00349211692810059 0.002227783203125 -0.259185791015625 0.22296142578125
0.00429630279541016 -0.00100588798522949 -0.0113067626953125 0.246551513671875
0.00166106224060059 0.00236272811889648 0.154022216796875 0.0859375
0.00102472305297852 0.00724506378173828 0.17230224609375 -0.0615081787109375
0.00111770629882813 -0.00372457504272461 -0.163894653320313 0.066070556640625
0.0135517120361328 -0.000624656677246094 -0.123695373535156 -0.0976638793945313
0.00517511367797852 0.00425338745117188 0.0427093505859375 -0.252899169921875
-0.0050363540649414 0.0106878280639648 0.301544189453125 -0.20611572265625
-0.0123701095581055 -0.00727558135986328 0.387603759765625 0.18524169921875
-0.00220108032226562 -0.0392799377441406 0.09857177734375 0.485626220703125
0.0209102630615234 -0.0162887573242188 -0.148681640625 0.321136474609375
0.0303802490234375 -0.00109291076660156 0.0174045562744141 0.0296783447265625
0.0178661346435547 -0.0189533233642578 0.180145263671875 -0.31304931640625
0.00665664672851562 -0.0297470092773438 -0.118896484375 -0.486480712890625
-0.00710487365722656 -0.0122356414794922 -0.419036865234375 -0.139556884765625
-0.00454473495483398 0.00292634963989258 -0.263046264648438 0.221099853515625
0.0040743350982666 0.000621795654296875 -0.014892578125 0.248565673828125
0.00274658203125 0.00384974479675293 0.153182983398438 0.0879364013671875
0.00210475921630859 0.00945472717285156 0.173919677734375 -0.0611419677734375
0.0017998218536377 -0.00262594223022461 -0.163681030273437 0.06695556640625
0.0132207870483398 -0.00104618072509766 -0.125701904296875 -0.094818115234375
0.00533533096313477 0.00433731079101563 0.0382537841796875 -0.252639770507813
-0.00564670562744141 0.0107517242431641 0.29510498046875 -0.210479736328125
-0.0133514404296875 -0.00709438323974609 0.39263916015625 0.17791748046875
-0.00279617309570312 -0.0414848327636719 0.109130859375 0.485809326171875
0.0232410430908203 -0.0196342468261719 -0.146881103515625 0.32769775390625
0.0343818664550781 -0.00340461730957031 0.0105609893798828 0.0350360870361328
0.0202980041503906 -0.0214881896972656 0.1812744140625 -0.305206298828125
0.00732040405273438 -0.0313205718994141 -0.10931396484375 -0.48760986328125
-0.00717735290527344 -0.0128879547119141 -0.417816162109375 -0.149444580078125
-0.00520706176757813 0.00290775299072266 -0.270248413085938 0.218048095703125
0.00453567504882813 0.000638008117675781 -0.0212249755859375 0.250625610351563
0.00326633453369141 0.00388479232788086 0.152084350585938 0.0914306640625
0.00292682647705078 0.0102663040161133 0.174575805664063 -0.060577392578125
-0.00986099243164063 -0.0258369445800781 -0.16253662109375 0.06683349609375
0.00426292419433594 -0.0126428604125977 -0.130081176757813 -0.090118408203125
0.00431728363037109 -0.0119695663452148 0.026824951171875 -0.251739501953125
0.00385284423828125 0.0089874267578125 0.282440185546875 -0.2264404296875
0.00183486938476562 0.00968074798583984 0.39605712890625 0.1513671875
-0.000904083251953125 -0.00679731369018555 0.13299560546875 0.471160888671875
-0.00171375274658203 0.0143165588378906 -0.132049560546875 0.330535888671875
-0.00875091552734375 0.0193881988525391 0.010284423828125 0.0383377075195313
-0.00317859649658203 0.0129661560058594 0.187042236328125 -0.298980712890625
0.0103893280029297 0.00164127349853516 -0.094512939453125 -0.493682861328125
0.00900650024414063 0.00360393524169922 -0.41455078125 -0.167236328125
0.00315666198730469 -0.00120830535888672 -0.277069091796875 0.205307006835938
0.00471782684326172 -0.0141935348510742 -0.0302886962890625 0.246536254882813
-0.00606918334960938 -0.0097970962524414 0.144882202148438 0.0931243896484375
-0.00822925567626953 -0.00973892211914062 0.1734619140625 -0.05712890625
-0.00905036926269531 -0.0223522186279297 -0.162033081054688 0.0666351318359375
0.00492954254150391 -0.0106439590454102 -0.127357482910156 -0.0936660766601563
0.00467205047607422 -0.00970077514648438 0.0349884033203125 -0.253326416015625
0.00264263153076172 0.00903701782226563 0.2911376953125 -0.21844482421875
-0.000225543975830078 0.00758695602416992 0.39215087890625 0.164642333984375
-0.00131130218505859 -0.0100030899047852 0.119110107421875 0.4755859375
-0.000396728515624999 0.0122203826904297 -0.13592529296875 0.322906494140625
-0.00579833984375 0.0184497833251953 0.0169334411621094 0.0322113037109375
-0.00151443481445312 0.010406494140625 0.184326171875 -0.3077392578125
0.00995826721191406 -0.00153350830078125 -0.10748291015625 -0.4910888671875
0.00690555572509766 0.000982761383056641 -0.416046142578125 -0.15655517578125
0.00236678123474121 -0.00107002258300781 -0.269134521484375 0.210403442382812
0.00463962554931641 -0.011836051940918 -0.0227508544921875 0.2449951171875
-0.0047760009765625 -0.00791168212890625 0.147369384765625 0.0893096923828125
-0.0070042610168457 -0.00699472427368164 0.171768188476563 -0.0588836669921875
-0.006866455078125 -0.019378662109375 -0.162002563476563 0.0658416748046875
0.00710058212280273 -0.00726413726806641 -0.12481689453125 -0.0967254638671875
0.00508451461791992 -0.00631809234619141 0.040435791015625 -0.254440307617188
0.000878334045410157 0.0098419189453125 0.297149658203125 -0.212982177734375
-0.0029597282409668 0.00414347648620606 0.389434814453125 0.17462158203125
-0.00171470642089844 -0.0156316757202148 0.10791015625 0.47784423828125
0.00360727310180664 0.00763225555419922 -0.138641357421875 0.316558837890625
0.000288963317871094 0.0151462554931641 0.0221519470214844 0.0275287628173828
0.00169754028320313 0.00549507141113281 0.18084716796875 -0.313873291015625
0.00893592834472656 -0.00719070434570313 -0.119720458984375 -0.48968505859375
0.00364780426025391 -0.00165081024169922 -0.418701171875 -0.14459228515625
0.000912070274353027 1.40666961669922E-05 -0.261581420898438 0.215850830078125
0.00453472137451172 -0.00926685333251953 -0.01519775390625 0.244415283203125
-0.00352811813354492 -0.00494766235351563 0.150436401367188 0.086578369140625
-0.00494813919067383 -0.00425148010253906 0.1719970703125 -0.0599212646484375
-0.00473690032958984 -0.0147323608398438 -0.162078857421875 0.065460205078125
0.00903415679931641 -0.00504207611083984 -0.122566223144531 -0.0983428955078125
0.00517654418945313 -0.00321340560913086 0.0443572998046875 -0.255447387695313
-0.000864982604980468 0.00956058502197266 0.30145263671875 -0.20758056640625
-0.00576305389404297 0.000569343566894532 0.38671875 0.18231201171875
-0.002288818359375 -0.0220432281494141 0.099029541015625 0.480865478515625
0.00762510299682617 0.00168704986572266 -0.142181396484375 0.314422607421875
0.00730133056640625 0.0112829208374023 0.0250911712646484 0.0242271423339844
0.00504875183105469 -0.000499725341796875 0.177490234375 -0.3187255859375
0.00808620452880859 -0.0132722854614258 -0.125946044921875 -0.487274169921875
0.000625133514404297 -0.00504970550537109 -0.41949462890625 -0.13653564453125
-0.00108432769775391 0.000488400459289551 -0.256805419921875 0.219650268554687
0.00389194488525391 -0.00625181198120117 -0.0111236572265625 0.24359130859375
-0.00164079666137695 -0.0023653507232666 0.152084350585938 0.0844573974609375
-0.002777099609375 0.000229597091674805 0.170883178710938 -0.0606842041015625
-0.00171852111816406 -0.0101833343505859 -0.162521362304687 0.0650634765625
0.010685920715332 -0.00268268585205078 -0.121635437011719 -0.0992431640625
0.00523471832275391 -0.000115871429443359 0.04608154296875 -0.254608154296875
-0.00277519226074219 0.00983619689941406 0.304290771484375 -0.204986572265625
-0.00875377655029297 -0.00294351577758789 0.3843994140625 0.18670654296875
-0.00232315063476562 -0.0289859771728516 0.095977783203125 0.4815673828125
0.0126752853393555 -0.00466156005859375 -0.144195556640625 0.313140869140625
0.01593017578125 0.00672054290771484 0.0251483917236328 0.0237617492675781
0.00983238220214844 -0.00776958465576172 0.176116943359375 -0.320037841796875
0.00717353820800781 -0.0196361541748047 -0.130279541015625 -0.483673095703125
-0.0028386116027832 -0.00815534591674805 -0.419677734375 -0.131561279296875
-0.00242781639099121 0.00153851509094238 -0.254928588867187 0.222427368164062
0.00446605682373047 -0.00308990478515625 -0.00886535644531251 0.243896484375
8.00192356109619E-05 0.000479400157928467 0.1533203125 0.0840301513671875
-0.000282049179077149 0.00421380996704102 0.171524047851563 -0.0608978271484375
-0.000549793243408203 -0.00556850433349609 -0.160964965820313 0.065643310546875
0.0119876861572266 -0.00104904174804688 -0.121345520019531 -0.098358154296875
0.00525474548339844 0.00275850296020508 0.0452117919921875 -0.252716064453125
-0.00445079803466797 0.0104207992553711 0.30157470703125 -0.20355224609375
-0.0111656188964844 -0.00624942779541015 0.38409423828125 0.1868896484375
-0.00269699096679687 -0.0349521636962891 0.09375 0.482757568359375
0.0175952911376953 -0.0109939575195313 -0.145782470703125 0.315185546875
0.0239353179931641 0.00266075134277344 0.0223655700683594 0.02545166015625
0.0139865875244141 -0.0141258239746094 0.176513671875 -0.317138671875
0.00633811950683594 -0.0247688293457031 -0.126556396484375 -0.48260498046875
-0.0055694580078125 -0.0104427337646484 -0.41796875 -0.132843017578125
-0.00390100479125977 0.00207948684692383 -0.255950927734375 0.222091674804688
0.00429654121398926 -0.000492572784423828 -0.0101318359375 0.24481201171875
0.00164484977722168 0.00260210037231445 0.153121948242188 0.0844879150390625
0.00140810012817383 0.00743532180786133 0.170745849609375 -0.0617828369140625
0.001190185546875 -0.00320005416870117 -0.161422729492188 0.0661468505859375
0.0129013061523438 -0.000370025634765625 -0.123001098632813 -0.0966415405273437
0.00497817993164063 0.00428581237792969 0.041290283203125 -0.251434326171875
-0.00511264801025391 0.0103921890258789 0.2977294921875 -0.205322265625
-0.0124282836914063 -0.00786018371582031 0.3851318359375 0.181884765625
-0.00264358520507813 -0.0391769409179688 0.0994873046874999 0.4818115234375
0.0209255218505859 -0.0161952972412109 -0.1455078125 0.318450927734375
0.0304946899414063 -0.000684738159179688 0.0167694091796875 0.0299434661865234
0.0177459716796875 -0.0184860229492188 0.177276611328125 -0.310821533203125
0.00601577758789063 -0.0286178588867187 -0.119903564453125 -0.48223876953125
-0.00678253173828125 -0.0123710632324219 -0.41632080078125 -0.138427734375
-0.00457334518432617 0.00254392623901367 -0.260391235351562 0.220672607421875
0.00432538986206055 0.000163555145263672 -0.0139617919921875 0.24591064453125
0.00290226936340332 0.00410866737365723 0.152114868164063 0.0863494873046875
0.00298500061035156 0.00985813140869141 0.171966552734375 -0.0620269775390625
0.00224804878234863 -0.00230979919433594 -0.161331176757813 0.067047119140625
0.0135307312011719 -0.00104045867919922 -0.124710083007812 -0.0938644409179688
0.00558996200561523 0.00442028045654297 0.035919189453125 -0.250885009765625
-0.00560855865478515 0.0107889175415039 0.291290283203125 -0.210723876953125
-0.0131759643554688 -0.00763797760009765 0.387603759765625 0.17376708984375
-0.002838134765625 -0.0413818359375 0.10931396484375 0.481475830078125
0.0228862762451172 -0.019622802734375 -0.144439697265625 0.325714111328125
0.0341835021972656 -0.00331687927246094 0.01043701171875 0.0352363586425781
0.0200214385986328 -0.0212345123291016 0.178466796875 -0.30291748046875
0.0067901611328125 -0.0306510925292969 -0.109527587890625 -0.48388671875
-0.00712490081787109 -0.0129232406616211 -0.416168212890625 -0.1458740234375
-0.00510072708129883 0.00261068344116211 -0.26763916015625 0.216812133789062
0.00445747375488281 0.00102043151855469 -0.02020263671875 0.24859619140625
0.00334930419921875 0.00404119491577148 0.150665283203125 0.08984375
0.00345516204833984 0.0110588073730469 0.172348022460937 -0.0606689453125
-0.00964736938476562 -0.0254249572753906 -0.160797119140625 0.067291259765625
0.00398635864257813 -0.012049674987793 -0.128700256347656 -0.0890274047851563
0.00403785705566406 -0.0124607086181641 0.0262298583984375 -0.25048828125
0.00401592254638672 0.00886821746826172 0.2791748046875 -0.225875854492188
0.00133132934570313 0.00931549072265625 0.392364501953125 0.148590087890625
-0.00135135650634766 -0.00712060928344726 0.1339111328125 0.466339111328125
-0.00150966644287109 0.0143013000488281 -0.129364013671875 0.328460693359375
-0.00828361511230469 0.0193862915039063 0.0103797912597656 0.0380706787109375
-0.0032958984375 0.0129528045654297 0.184906005859375 -0.296173095703125
0.0103139877319336 0.00214767456054688 -0.095977783203125 -0.49029541015625
0.00914192199707031 0.00299930572509766 -0.412506103515625 -0.166595458984375
0.00349211692810059 -0.00122356414794922 -0.27520751953125 0.204055786132813
0.00439167022705078 -0.0137119293212891 -0.0297698974609375 0.244644165039063
-0.00598907470703125 -0.00919055938720703 0.143936157226563 0.0918731689453125
-0.00771236419677734 -0.00932598114013672 0.171493530273438 -0.057373046875
-0.00893783569335937 -0.0222949981689453 -0.160324096679688 0.0664520263671875
0.00537204742431641 -0.0105171203613281 -0.126296997070313 -0.0926132202148437
0.00379276275634766 -0.00951385498046875 0.0338287353515625 -0.251480102539063
0.002777099609375 0.00901603698730469 0.28759765625 -0.218719482421875
-0.000388145446777344 0.00702333450317383 0.388702392578125 0.1617431640625
-0.00203323364257813 -0.0106992721557617 0.11962890625 0.47161865234375
-0.000352859497070311 0.0122203826904297 -0.133636474609375 0.321044921875
-0.00537109375 0.0182590484619141 0.0172119140625 0.0320358276367188
-0.00165557861328125 0.0101966857910156 0.182342529296875 -0.305267333984375
0.00963115692138672 -0.00170707702636719 -0.108062744140625 -0.48736572265625
0.0070185661315918 0.000815391540527344 -0.414154052734375 -0.154998779296875
0.00218963623046875 -0.000838994979858398 -0.267013549804687 0.209503173828125
0.00369834899902344 -0.0116329193115234 -0.0218048095703125 0.243560791015625
-0.0050349235534668 -0.00755882263183594 0.146530151367188 0.08807373046875
-0.00717592239379883 -0.00653219223022461 0.170303344726563 -0.058837890625
-0.00683975219726562 -0.0189208984375 -0.16058349609375 0.0656585693359375
0.00651073455810547 -0.00747919082641601 -0.123802185058594 -0.095611572265625
0.00462150573730469 -0.00595664978027344 0.039306640625 -0.253509521484375
0.00143337249755859 0.00972461700439453 0.29364013671875 -0.212249755859375
-0.00282573699951172 0.00337791442871094 0.38677978515625 0.1717529296875
-0.00202465057373047 -0.0156936645507813 0.1102294921875 0.473541259765625
0.00292444229125977 0.00771522521972656 -0.136871337890625 0.314697265625
0.000298500061035156 0.0151185989379883 0.0219268798828125 0.0274257659912109
0.00137901306152344 0.00553131103515625 0.178497314453125 -0.31207275390625
0.00948143005371094 -0.00702285766601563 -0.118621826171875 -0.485809326171875
0.00433754920959473 -0.00214743614196777 -0.416595458984375 -0.1419677734375
0.00089263916015625 -4.53591346740723E-05 -0.259811401367188 0.2152099609375
0.00408840179443359 -0.00916481018066406 -0.014556884765625 0.2423095703125
-0.0037226676940918 -0.00462722778320313 0.149017333984375 0.0860443115234375
-0.00461673736572266 -0.00347518920898438 0.170578002929688 -0.05999755859375
-0.00479316711425781 -0.0143527984619141 -0.160308837890625 0.0656585693359375
0.00832653045654297 -0.00501632690429688 -0.121604919433594 -0.09759521484375
0.00513124465942383 -0.00282144546508789 0.0424346923828125 -0.25299072265625
-0.000709533691406249 0.009521484375 0.298431396484375 -0.207061767578125
-0.00610637664794922 0.000150680541992187 0.38348388671875 0.17950439453125
-0.00263404846191406 -0.0221500396728516 0.10125732421875 0.47747802734375
0.0074610710144043 0.00176477432250977 -0.139739990234375 0.311248779296875
0.00754070281982422 0.0111579895019531 0.0247688293457031 0.0247383117675781
0.00520133972167969 -0.000819206237792969 0.175201416015625 -0.316680908203125
0.00792312622070313 -0.0128746032714844 -0.12646484375 -0.48272705078125
0.000697612762451172 -0.00481319427490234 -0.416168212890625 -0.134307861328125
-0.000812888145446777 0.000664710998535156 -0.255157470703125 0.218719482421875
0.00367546081542969 -0.00597190856933594 -0.0103912353515625 0.241989135742188
-0.00215470790863037 -0.00180065631866455 0.15087890625 0.0835418701171875
-0.00264263153076172 0.000855445861816407 0.169631958007812 -0.061248779296875
-0.00179576873779297 -0.00997447967529297 -0.160293579101563 0.0655059814453125
0.010004997253418 -0.00250720977783203 -0.120811462402344 -0.0977935791015625
0.00545883178710937 0.000148296356201172 0.0449981689453125 -0.25347900390625
-0.00254726409912109 0.0102548599243164 0.300384521484375 -0.20452880859375
-0.00879764556884766 -0.00326251983642578 0.383209228515625 0.18359375
-0.00229072570800781 -0.0288200378417969 0.0955810546875 0.477508544921875
0.0123929977416992 -0.00496196746826172 -0.1412353515625 0.310760498046875
0.0159921646118164 0.00680351257324219 0.02471923828125 0.0246715545654297
0.00992107391357422 -0.0073394775390625 0.173492431640625 -0.317474365234375
0.00672149658203125 -0.0190658569335938 -0.13031005859375 -0.480621337890625
-0.00243234634399414 -0.00799751281738281 -0.41644287109375 -0.129547119140625
-0.0026702880859375 0.0016937255859375 -0.25323486328125 0.221023559570313
0.00376772880554199 -0.00333333015441894 -0.008056640625 0.242019653320312
-0.000171303749084473 0.00100845098495483 0.15185546875 0.083038330078125
-0.000169515609741211 0.00434756278991699 0.169952392578125 -0.061553955078125
-0.000780582427978515 -0.00530433654785156 -0.15924072265625 0.066009521484375
0.0116891860961914 -0.00142097473144531 -0.12078857421875 -0.097442626953125
0.00490188598632813 0.00305652618408203 0.0438232421875 -0.250885009765625
-0.00410366058349609 0.0101737976074219 0.298828125 -0.20379638671875
-0.011357307434082 -0.006622314453125 0.3804931640625 0.183624267578125
-0.0028533935546875 -0.0349254608154297 0.09637451171875 0.47930908203125
0.0173416137695313 -0.0110292434692383 -0.143157958984375 0.3131103515625
0.0240306854248047 0.00238800048828125 0.0219898223876953 0.0258636474609375
0.0138206481933594 -0.0136480331420898 0.174896240234375 -0.314544677734375
0.00626182556152344 -0.0246524810791016 -0.12603759765625 -0.479217529296875
-0.00512027740478516 -0.0104503631591797 -0.414825439453125 -0.131744384765625
-0.00344085693359375 0.00219988822937012 -0.254562377929687 0.221267700195313
0.00363945960998535 -0.000594139099121094 -0.0101776123046875 0.242782592773438
0.00146269798278809 0.00281667709350586 0.151596069335938 0.0833740234375
0.00182199478149414 0.00815868377685547 0.169052124023438 -0.061767578125
0.00116324424743652 -0.00307345390319824 -0.159332275390625 0.0668182373046875
0.0126113891601563 -0.000382423400878906 -0.122001647949219 -0.0954742431640625
0.00532102584838867 0.00422048568725586 0.039794921875 -0.249786376953125
-0.00516891479492187 0.0105657577514648 0.294158935546875 -0.205078125
-0.0125980377197266 -0.00770378112792969 0.381805419921875 0.178863525390625
-0.00298309326171875 -0.0390434265136719 0.100189208984375 0.477264404296875
0.0208206176757813 -0.0159931182861328 -0.1431884765625 0.31634521484375
0.0303268432617188 -0.00095367431640625 0.0171737670898438 0.0296955108642578
0.0172615051269531 -0.0185184478759766 0.175567626953125 -0.307830810546875
0.00615310668945313 -0.0284671783447266 -0.11932373046875 -0.478302001953125
-0.00681114196777343 -0.0121526718139648 -0.414398193359375 -0.135162353515625
-0.00435614585876465 0.00225281715393066 -0.258682250976563 0.219589233398437
0.00367903709411621 0.000342369079589844 -0.01409912109375 0.244140625
0.00297045707702637 0.00409865379333496 0.151153564453125 0.0856475830078125
0.0030832290649414 0.0102806091308594 0.170547485351563 -0.06207275390625
0.00199437141418457 -0.00175154209136963 -0.159149169921875 0.06744384765625
0.012852668762207 -0.00100517272949219 -0.124099731445312 -0.0929946899414063
0.00503444671630859 0.00440359115600586 0.0347900390625 -0.248733520507813
-0.00516605377197266 0.0105419158935547 0.28753662109375 -0.209259033203125
-0.0133695602416992 -0.00799179077148438 0.385589599609375 0.17132568359375
-0.003143310546875 -0.0411911010742188 0.110504150390625 0.47821044921875
0.0223312377929688 -0.0187969207763672 -0.142181396484375 0.3238525390625
0.0340614318847656 -0.00349807739257812 0.0107383728027344 0.0349769592285156
0.0196590423583984 -0.0212306976318359 0.17633056640625 -0.30145263671875
0.00652694702148438 -0.0304069519042969 -0.10986328125 -0.480255126953125
-0.00681686401367187 -0.0132579803466797 -0.413726806640625 -0.143798828125
-0.00503063201904297 0.00258922576904297 -0.265914916992188 0.216323852539062
0.00411367416381836 0.000802278518676758 -0.01971435546875 0.246292114257813
0.00336027145385742 0.00412201881408691 0.1494140625 0.0886383056640625
0.00363540649414063 0.0111465454101562 0.171066284179688 -0.0610198974609375
-0.00942230224609375 -0.0248889923095703 -0.158309936523438 0.067352294921875
0.00374412536621094 -0.0118408203125 -0.128501892089844 -0.0878067016601562
0.00361156463623047 -0.0119094848632813 0.0256500244140625 -0.248687744140625
0.00410842895507812 0.00895595550537109 0.276214599609375 -0.224258422851563
0.00144195556640625 0.00860071182250977 0.389862060546875 0.147186279296875
-0.00154209136962891 -0.00728225708007813 0.1339111328125 0.462860107421875
-0.00199317932128906 0.0143194198608398 -0.1273193359375 0.325531005859375
-0.00818252563476562 0.0194854736328125 0.0103378295898437 0.0384864807128906
-0.00325489044189453 0.013279914855957 0.182861328125 -0.294097900390625
0.0099334716796875 0.00206375122070313 -0.094573974609375 -0.486175537109375
0.00925064086914062 0.00301170349121094 -0.410797119140625 -0.164398193359375
0.00350856781005859 -0.00134849548339844 -0.273880004882812 0.202682495117188
0.00370407104492187 -0.0140562057495117 -0.0293121337890625 0.243087768554688
-0.00615024566650391 -0.00912666320800781 0.142990112304688 0.0912933349609375
-0.00736188888549805 -0.00867748260498047 0.170333862304688 -0.05718994140625
-0.00924110412597656 -0.0218429565429688 -0.158645629882812 0.066680908203125
0.00511455535888672 -0.00991535186767578 -0.125282287597656 -0.091827392578125
0.00412559509277344 -0.00938606262207031 0.0325164794921875 -0.250015258789063
0.0029754638671875 0.008941650390625 0.28472900390625 -0.218475341796875
-0.000436305999755859 0.00607490539550781 0.386260986328125 0.158660888671875
-0.00237941741943359 -0.010711669921875 0.1195068359375 0.468292236328125
-0.000336647033691406 0.01220703125 -0.13165283203125 0.318817138671875
-0.00505638122558594 0.0183620452880859 0.0169792175292969 0.0321102142333984
-0.00180149078369141 0.0103693008422852 0.180816650390625 -0.303314208984375
0.00965118408203125 -0.00137901306152344 -0.1058349609375 -0.484375
0.00706672668457031 0.000848770141601562 -0.411376953125 -0.15289306640625
0.00255417823791504 -0.000913619995117188 -0.265151977539063 0.208251953125
0.00358963012695313 -0.0119810104370117 -0.021942138671875 0.24127197265625
-0.00556182861328125 -0.00747108459472656 0.14508056640625 0.0875244140625
-0.00678443908691406 -0.00595808029174805 0.168701171875 -0.0591278076171875
-0.00695991516113281 -0.0185127258300781 -0.158721923828125 0.0655975341796875
0.00611972808837891 -0.00713729858398438 -0.122795104980469 -0.0948638916015625
0.00435781478881836 -0.00633001327514649 0.038421630859375 -0.251556396484375
0.00112152099609375 0.00938034057617188 0.291656494140625 -0.21185302734375
-0.00313138961791992 0.0031733512878418 0.3843994140625 0.168853759765625
-0.00232601165771484 -0.0160007476806641 0.109100341796875 0.46990966796875
0.00266504287719727 0.00741863250732422 -0.13458251953125 0.312774658203125
0.000896453857421874 0.0150909423828125 0.0219230651855469 0.0274181365966797
0.0014796257019043 0.00550985336303711 0.17755126953125 -0.30877685546875
0.00892829895019531 -0.00650119781494141 -0.11859130859375 -0.481719970703125
0.00407648086547852 -0.00203180313110352 -0.41339111328125 -0.14093017578125
0.000623404979705811 -0.000305354595184326 -0.258560180664063 0.213607788085937
0.00348758697509766 -0.00896549224853516 -0.0148773193359375 0.240798950195313
-0.00364589691162109 -0.00453853607177734 0.1483154296875 0.0846405029296875
-0.00403690338134766 -0.00318670272827148 0.168670654296875 -0.060150146484375
-0.00471878051757813 -0.0136861801147461 -0.15802001953125 0.0655517578125
0.00817966461181641 -0.00477504730224609 -0.121383666992187 -0.0964508056640625
0.00464153289794922 -0.00284576416015625 0.0422210693359375 -0.251296997070312
-0.000928878784179687 0.00954914093017578 0.29443359375 -0.206512451171875
-0.00597572326660156 -0.000464439392089844 0.38079833984375 0.17730712890625
-0.00286483764648438 -0.0223808288574219 0.1007080078125 0.473968505859375
0.00738191604614258 0.0015416145324707 -0.138092041015625 0.309417724609375
0.00770473480224609 0.0114068984985352 0.0248794555664062 0.0247516632080078
0.00548601150512695 -0.000847339630126953 0.17449951171875 -0.31341552734375
0.00788402557373047 -0.0125198364257813 -0.124664306640625 -0.478851318359375
0.00055074691772461 -0.00492382049560547 -0.414764404296875 -0.133514404296875
-0.000203430652618408 0.000651061534881592 -0.253158569335938 0.217620849609375
0.00325441360473633 -0.00579833984375 -0.0107269287109375 0.239913940429688
-0.00229692459106445 -0.00193953514099121 0.149612426757812 0.0829925537109375
-0.00220465660095215 0.000818729400634766 0.168411254882812 -0.0611419677734375
-0.00221347808837891 -0.00940322875976563 -0.158432006835938 0.064849853515625
0.0100173950195313 -0.00225830078125 -0.120033264160156 -0.0972824096679688
0.00479555130004883 0.000402927398681641 0.0441741943359375 -0.2515869140625
-0.00281333923339844 0.0104255676269531 0.297027587890625 -0.203399658203125
-0.00905323028564453 -0.00361728668212891 0.379852294921875 0.18133544921875
-0.00288009643554687 -0.0289363861083984 0.0967407226562501 0.474639892578125
0.0118675231933594 -0.00494956970214844 -0.139923095703125 0.308441162109375
0.0161056518554688 0.00691604614257813 0.0248222351074219 0.0242710113525391
0.00927352905273438 -0.00762748718261719 0.172393798828125 -0.314727783203125
0.00673866271972656 -0.0188369750976563 -0.128570556640625 -0.477294921875
-0.00233030319213867 -0.00796747207641602 -0.413787841796875 -0.12823486328125
-0.00219166278839111 0.00116121768951416 -0.251266479492188 0.220077514648437
0.00363278388977051 -0.00329232215881348 -0.00866699218750001 0.240203857421875
-0.00054466724395752 0.00136005878448486 0.150772094726563 0.082183837890625
0.000224590301513672 0.00448417663574219 0.168655395507813 -0.0611114501953125
-0.000620365142822266 -0.00502109527587891 -0.157546997070312 0.065887451171875
0.0114822387695313 -0.00116443634033203 -0.120185852050781 -0.096771240234375
0.00496578216552734 0.00298690795898438 0.04327392578125 -0.24993896484375
-0.00362396240234375 0.0101661682128906 0.2943115234375 -0.202423095703125
-0.0111808776855469 -0.00657844543457031 0.3787841796875 0.1824951171875
-0.00325393676757812 -0.0352973937988281 0.09564208984375 0.475738525390625
0.0168075561523438 -0.0110893249511719 -0.141082763671875 0.310455322265625
0.0243968963623047 0.00277328491210938 0.0220088958740234 0.0260696411132813
0.0135784149169922 -0.0135622024536133 0.17327880859375 -0.311767578125
0.00592803955078125 -0.0242214202880859 -0.125640869140625 -0.47589111328125
-0.00524520874023437 -0.0104589462280273 -0.412384033203125 -0.130096435546875
-0.00347232818603516 0.00210666656494141 -0.252487182617187 0.219985961914063
0.00345468521118164 -0.000678539276123047 -0.010284423828125 0.240997314453125
0.00128078460693359 0.00291252136230469 0.150634765625 0.0831146240234375
0.0019383430480957 0.00839090347290039 0.168075561523438 -0.0618896484375
0.00104665756225586 -0.00281405448913574 -0.157180786132812 0.06634521484375
0.0122766494750977 -0.000323295593261719 -0.121330261230469 -0.0946731567382813
0.00518417358398438 0.00455808639526367 0.0390777587890625 -0.248092651367188
-0.00506305694580078 0.0102615356445313 0.2911376953125 -0.204620361328125
-0.0128946304321289 -0.00817584991455078 0.379547119140625 0.177703857421875
-0.00343704223632812 -0.0391921997070313 0.1002197265625 0.4742431640625
0.0203380584716797 -0.0158405303955078 -0.1417236328125 0.31439208984375
0.0304718017578125 -0.000936508178710938 0.0173377990722656 0.0300140380859375
0.0167865753173828 -0.0181961059570313 0.173919677734375 -0.30621337890625
0.00598335266113282 -0.0278339385986328 -0.118865966796875 -0.475250244140625
-0.00652694702148437 -0.0121335983276367 -0.41180419921875 -0.134368896484375
-0.00442409515380859 0.00249290466308594 -0.2569580078125 0.217864990234375
0.00365257263183594 0.000771760940551758 -0.01361083984375 0.242340087890625
0.00274562835693359 0.00434732437133789 0.149978637695313 0.08489990234375
0.00367164611816406 0.0105819702148438 0.16943359375 -0.061798095703125
0.0019075870513916 -0.00172245502471924 -0.1566162109375 0.06732177734375
0.012394905090332 -0.000634193420410156 -0.123397827148438 -0.0919723510742187
0.00480175018310547 0.00423097610473633 0.033905029296875 -0.24737548828125
-0.00500297546386719 0.0108451843261719 0.284271240234375 -0.2080078125
-0.0135345458984375 -0.00812149047851563 0.3818359375 0.1700439453125
-0.00392532348632812 -0.041229248046875 0.110260009765625 0.474456787109375
0.0218162536621094 -0.0194339752197266 -0.139923095703125 0.321746826171875
0.0340118408203125 -0.00362968444824219 0.0106353759765625 0.0354042053222656
0.0198402404785156 -0.0204944610595703 0.1751708984375 -0.29852294921875
0.00676727294921875 -0.0300941467285156 -0.109893798828125 -0.47625732421875
-0.00673961639404297 -0.0130062103271484 -0.4117431640625 -0.142913818359375
-0.00473213195800781 0.00270700454711914 -0.263702392578125 0.215087890625
0.00367164611816406 0.000638246536254883 -0.01885986328125 0.244552612304688
0.00319766998291016 0.00422525405883789 0.147857666015625 0.088409423828125
0.00424003601074219 0.0113945007324219 0.169448852539063 -0.060882568359375
-0.0101833343505859 -0.0247955322265625 -0.15740966796875 0.066802978515625
0.00344276428222656 -0.0113201141357422 -0.127410888671875 -0.0876388549804687
0.00346183776855469 -0.0117244720458984 0.0242919921875 -0.24761962890625
0.00443363189697266 0.00905799865722656 0.274002075195313 -0.223037719726563
0.00146293640136719 0.00830554962158203 0.38720703125 0.14508056640625
-0.0017695426940918 -0.00779294967651367 0.132843017578125 0.461151123046875
-0.00214958190917969 0.0144233703613281 -0.12640380859375 0.3243408203125
-0.007904052734375 0.0193939208984375 0.0105094909667969 0.038238525390625
-0.00353145599365234 0.0133800506591797 0.1820068359375 -0.291046142578125
0.0100307464599609 0.00215244293212891 -0.0934448242187499 -0.483551025390625
0.00944995880126953 0.00299453735351562 -0.40814208984375 -0.162841796875
0.00315022468566895 -0.00104546546936035 -0.273056030273438 0.201248168945312
0.00317859649658203 -0.013636589050293 -0.02935791015625 0.2413330078125
-0.00620746612548828 -0.00862407684326172 0.142059326171875 0.0906829833984375
-0.00735092163085938 -0.00806093215942383 0.168930053710937 -0.056549072265625
-0.00949859619140625 -0.0216045379638672 -0.15679931640625 0.06591796875
0.00470924377441406 -0.0102195739746094 -0.124641418457031 -0.091278076171875
0.00392913818359375 -0.00920391082763672 0.032135009765625 -0.248764038085938
0.00302314758300781 0.00906276702880859 0.281829833984375 -0.216583251953125
-0.000764846801757812 0.00615882873535156 0.383148193359375 0.158294677734375
-0.00252723693847656 -0.0106801986694336 0.119110107421875 0.4649658203125
-0.00078105926513672 0.0119237899780273 -0.131317138671875 0.31744384765625
-0.005096435546875 0.0182399749755859 0.0170326232910156 0.0327701568603516
-0.00164890289306641 0.0105209350585938 0.17987060546875 -0.3009033203125
0.00935173034667969 -0.00141429901123047 -0.1058349609375 -0.481475830078125
0.00736904144287109 0.000524044036865234 -0.409423828125 -0.15362548828125
0.00250315666198731 -0.000914812088012695 -0.264617919921875 0.206863403320313
0.00288772583007813 -0.0118741989135742 -0.02191162109375 0.23980712890625
-0.00560092926025391 -0.00714397430419922 0.144515991210938 0.086944580078125
-0.00609207153320313 -0.00578498840332031 0.167770385742188 -0.0587005615234375
-0.00687408447265625 -0.0182838439941406 -0.157424926757813 0.0657196044921875
0.00597953796386719 -0.0071263313293457 -0.122238159179688 -0.09417724609375
0.00393152236938477 -0.00597190856933594 0.0373992919921875 -0.25054931640625
0.00159072875976563 0.00957489013671875 0.289154052734375 -0.210174560546875
-0.00308656692504883 0.00293779373168945 0.38140869140625 0.16796875
-0.00332546234130859 -0.0162420272827148 0.1094970703125 0.467254638671875
0.00258398056030273 0.00755405426025391 -0.13311767578125 0.310394287109375
0.000574111938476564 0.0152759552001953 0.0221214294433594 0.0279102325439453
0.00133848190307617 0.00589227676391602 0.17645263671875 -0.30682373046875
0.00855827331542969 -0.00649738311767578 -0.117218017578125 -0.478973388671875
0.00441789627075195 -0.00204038619995117 -0.41204833984375 -0.140045166015625
0.000901520252227783 5.79357147216797E-05 -0.257858276367188 0.212066650390625
0.00342845916748047 -0.0087728500366211 -0.0153656005859375 0.239151000976563
-0.00407075881958008 -0.00429463386535645 0.147140502929688 0.08441162109375
-0.00390124320983887 -0.0024716854095459 0.167938232421875 -0.0599365234375
-0.00448322296142578 -0.0137348175048828 -0.156631469726562 0.06561279296875
0.00806474685668945 -0.00477695465087891 -0.120735168457031 -0.095794677734375
0.00461816787719727 -0.00250577926635742 0.0416259765625 -0.250457763671875
-0.000533103942871094 0.00972747802734375 0.292633056640625 -0.2044677734375
-0.00600481033325195 -0.000560283660888673 0.378326416015625 0.176544189453125
-0.00328636169433594 -0.0224571228027344 0.0999755859375 0.47119140625
0.00701332092285156 0.00215959548950195 -0.1358642578125 0.307281494140625
0.00777912139892578 0.0112628936767578 0.024932861328125 0.0248146057128906
0.00504207611083984 -0.000136375427246094 0.172882080078125 -0.311431884765625
0.00758934020996094 -0.012455940246582 -0.124664306640625 -0.4779052734375
0.00080108642578125 -0.00501775741577148 -0.41278076171875 -0.13262939453125
-0.000629842281341553 0.000312447547912598 -0.251937866210938 0.216049194335938
0.0033106803894043 -0.00595474243164062 -0.010589599609375 0.238662719726562
-0.00248527526855469 -0.00160622596740723 0.148681640625 0.082427978515625
-0.00150620937347412 0.00164461135864258 0.16729736328125 -0.06060791015625
-0.00189113616943359 -0.00912380218505859 -0.156951904296875 0.06488037109375
0.00963973999023438 -0.0023956298828125 -0.119178771972656 -0.097198486328125
0.00501298904418945 0.000813484191894531 0.04376220703125 -0.250289916992188
-0.00271987915039062 0.00998497009277344 0.29461669921875 -0.202850341796875
-0.00875139236450195 -0.00404500961303711 0.37701416015625 0.180419921875
-0.00337028503417969 -0.0290241241455078 0.096343994140625 0.471588134765625
0.0119915008544922 -0.00444984436035156 -0.13909912109375 0.306121826171875
0.01617431640625 0.00678825378417969 0.0250797271728516 0.0244731903076172
0.00941085815429688 -0.00697231292724609 0.171112060546875 -0.3121337890625
0.00631332397460938 -0.0186729431152344 -0.127960205078125 -0.475311279296875
-0.00236415863037109 -0.00817203521728515 -0.41241455078125 -0.128173828125
-0.00235104560852051 0.00121903419494629 -0.251068115234375 0.219039916992188
0.00308942794799805 -0.00310540199279785 -0.00881958007812499 0.238800048828125
-0.000664591789245606 0.00144731998443603 0.150100708007812 0.0815887451171875
0.000643730163574219 0.00506973266601562 0.16778564453125 -0.0608978271484375
-0.00038909912109375 -0.00469732284545898 -0.155792236328125 0.06561279296875
0.0114603042602539 -0.001190185546875 -0.119522094726563 -0.0959854125976563
0.00489616394042969 0.00272750854492188 0.0429840087890625 -0.247909545898438
-0.00380134582519531 0.0101661682128906 0.2930908203125 -0.200408935546875
-0.011174201965332 -0.00688648223876953 0.375152587890625 0.1796875
-0.00371932983398437 -0.0350379943847656 0.095458984375 0.471893310546875
0.0165920257568359 -0.0107641220092773 -0.14068603515625 0.30841064453125
0.0243511199951172 0.0027008056640625 0.0222988128662109 0.0262794494628906
0.0136632919311523 -0.0129938125610352 0.17193603515625 -0.30975341796875
0.00592803955078125 -0.0240039825439453 -0.12384033203125 -0.472747802734375
-0.00501537322998047 -0.0108070373535156 -0.41107177734375 -0.1295166015625
-0.00339221954345703 0.00194644927978516 -0.251983642578125 0.218338012695313
0.00310969352722168 -0.000957250595092773 -0.0106658935546875 0.239334106445313
0.000932693481445313 0.00318622589111328 0.149444580078125 0.0827789306640625
0.00235652923583984 0.00842428207397461 0.167068481445313 -0.0615386962890625
0.00136971473693848 -0.00287032127380371 -0.155929565429688 0.066192626953125
0.012446403503418 -0.000341415405273438 -0.120429992675781 -0.0944976806640625
0.00467729568481445 0.0047917366027832 0.0386199951171875 -0.247055053710938
-0.00466728210449219 0.0107154846191406 0.288787841796875 -0.202728271484375
-0.0129375457763672 -0.00857448577880859 0.37701416015625 0.176025390625
-0.00382232666015625 -0.0392875671386719 0.099578857421875 0.47222900390625
0.0201740264892578 -0.0154094696044922 -0.139892578125 0.311798095703125
0.0302829742431641 -0.00083160400390625 0.0171394348144531 0.0299510955810547
0.0171108245849609 -0.0176734924316406 0.1719970703125 -0.303955078125
0.00591278076171875 -0.0276622772216797 -0.1180419921875 -0.472625732421875
-0.00657176971435547 -0.0123052597045898 -0.41064453125 -0.133209228515625
-0.00432062149047852 0.0022432804107666 -0.256011962890625 0.215957641601563
0.00345420837402344 0.000699520111083984 -0.013946533203125 0.240875244140625
0.00210261344909668 0.00434422492980957 0.148773193359375 0.0839691162109375
0.00388050079345703 0.0107784271240234 0.168350219726563 -0.0617828369140625
0.00174880027770996 -0.00146985054016113 -0.155746459960938 0.0665740966796875
0.0119991302490234 -0.000761032104492188 -0.122550964355469 -0.0910415649414063
0.00512027740478516 0.00445842742919922 0.0331878662109375 -0.245681762695312
-0.00514030456542969 0.0106086730957031 0.282440185546875 -0.207000732421875
-0.0133342742919922 -0.00856399536132812 0.379150390625 0.1676025390625
-0.0045623779296875 -0.0409622192382812 0.110107421875 0.47186279296875
0.0221138000488281 -0.019012451171875 -0.138336181640625 0.318756103515625
0.0342979431152344 -0.00291633605957031 0.0106124877929688 0.0354843139648438
0.0194854736328125 -0.0203647613525391 0.17352294921875 -0.296417236328125
0.00645828247070313 -0.0297794342041016 -0.109588623046875 -0.47430419921875
-0.00681304931640625 -0.0130243301391602 -0.408721923828125 -0.141876220703125
-0.00465059280395508 0.00223684310913086 -0.263259887695313 0.213531494140625
0.00316166877746582 0.000901937484741211 -0.0195770263671875 0.243362426757813
0.00303220748901367 0.00460577011108398 0.146987915039063 0.0872039794921875
0.00453376770019531 0.0115957260131836 0.168533325195313 -0.0606842041015625
-0.009918212890625 -0.0244903564453125 -0.156036376953125 0.0667724609375
0.00295734405517578 -0.0115585327148438 -0.126632690429688 -0.0875625610351563
0.00381565093994141 -0.0115633010864258 0.0247955322265625 -0.24664306640625
0.00443649291992187 0.00866842269897461 0.271881103515625 -0.222061157226562
0.00133657455444336 0.00753068923950195 0.3839111328125 0.14471435546875
-0.00197267532348633 -0.00813817977905273 0.13165283203125 0.457305908203125
-0.00246524810791016 0.013972282409668 -0.12652587890625 0.321990966796875
-0.0075225830078125 0.0194454193115234 0.010406494140625 0.0389060974121094
-0.00320243835449219 0.0128650665283203 0.181915283203125 -0.28961181640625
0.0101032257080078 0.00210094451904297 -0.092681884765625 -0.482147216796875
0.00938892364501953 0.00294780731201172 -0.407196044921875 -0.163909912109375
0.00362205505371094 -0.00167989730834961 -0.2724609375 0.19989013671875
0.00308799743652344 -0.0135660171508789 -0.030059814453125 0.240371704101563
-0.00671577453613281 -0.00867128372192383 0.141265869140625 0.090606689453125
-0.00653553009033203 -0.00766372680664063 0.168350219726563 -0.0568389892578125
-0.00929832458496094 -0.0208911895751953 -0.15576171875 0.0660552978515625
0.00418567657470703 -0.00969409942626953 -0.12359619140625 -0.0914306640625
0.00364589691162109 -0.00930309295654297 0.031982421875 -0.248123168945313
0.00314998626708984 0.00915622711181641 0.28076171875 -0.215774536132813
-0.000743865966796875 0.00552988052368164 0.38116455078125 0.158599853515625
-0.00261592864990234 -0.0109233856201172 0.118072509765625 0.462005615234375
-0.000646591186523438 0.0122270584106445 -0.1298828125 0.314849853515625
-0.00487518310546875 0.0180015563964844 0.0172290802001953 0.0324153900146484
-0.00179481506347656 0.0107002258300781 0.17901611328125 -0.29925537109375
0.00937747955322266 -0.00125885009765625 -0.1046142578125 -0.48016357421875
0.00747156143188477 0.000959873199462891 -0.40789794921875 -0.153411865234375
0.00273013114929199 -0.0011146068572998 -0.265090942382813 0.2047119140625
0.00289440155029297 -0.0114707946777344 -0.022430419921875 0.238967895507812
-0.00554370880126953 -0.00675010681152344 0.143280029296875 0.086761474609375
-0.00573635101318359 -0.00527477264404297 0.167022705078125 -0.0583648681640625
-0.00695610046386719 -0.0177173614501953 -0.156158447265625 0.065216064453125
0.006011962890625 -0.00700664520263672 -0.121437072753906 -0.0942230224609375
0.00431537628173828 -0.00601863861083984 0.0374755859375 -0.24957275390625
0.00145435333251953 0.00954246520996094 0.287109375 -0.20947265625
-0.00341129302978516 0.00258064270019531 0.378631591796875 0.167694091796875
-0.00318813323974609 -0.0164241790771484 0.10882568359375 0.46600341796875
0.00230121612548828 0.00763368606567383 -0.133209228515625 0.3092041015625
0.000698089599609374 0.0151433944702148 0.0220680236816406 0.0280227661132813
0.00149393081665039 0.00599431991577148 0.177001953125 -0.304595947265625
0.00888156890869141 -0.00611114501953125 -0.11614990234375 -0.476898193359375
0.00447416305541992 -0.00239324569702148 -0.41070556640625 -0.14056396484375
0.000888586044311523 -0.000586032867431641 -0.257568359375 0.211669921875
0.00288295745849609 -0.00884342193603516 -0.0157470703125 0.23822021484375
-0.00424933433532715 -0.00409936904907227 0.146224975585938 0.084442138671875
-0.0038762092590332 -0.00229334831237793 0.167129516601563 -0.059295654296875
-0.00482273101806641 -0.0132246017456055 -0.155548095703125 0.0650177001953125
0.00786638259887695 -0.00432634353637695 -0.119338989257813 -0.0962142944335938
0.00497579574584961 -0.00232172012329102 0.0413055419921875 -0.249542236328125
-0.000563621520996094 0.0100717544555664 0.29095458984375 -0.2044677734375
-0.00633907318115234 -0.00115728378295899 0.376220703125 0.17486572265625
-0.00333976745605469 -0.0225181579589844 0.099639892578125 0.46954345703125
0.00665903091430664 0.00230169296264648 -0.136260986328125 0.305206298828125
0.00816631317138672 0.0115079879760742 0.0251731872558594 0.0248832702636719
0.0050358772277832 -0.0003204345703125 0.172454833984375 -0.30963134765625
0.00759220123291016 -0.0121259689331055 -0.122222900390625 -0.475372314453125
0.000806331634521484 -0.00525856018066406 -0.40997314453125 -0.132293701171875
-0.000627875328063965 0.000364124774932861 -0.252655029296875 0.215240478515625
0.00307655334472656 -0.00582265853881836 -0.0111846923828125 0.238006591796875
-0.00220704078674316 -0.00112748146057129 0.147567749023438 0.081787109375
-0.00121045112609863 0.00169622898101807 0.166366577148438 -0.060302734375
-0.00207138061523438 -0.00855922698974609 -0.155502319335938 0.064422607421875
0.00912761688232422 -0.00206470489501953 -0.118431091308594 -0.0966339111328125
0.00473833084106445 0.000656604766845703 0.043731689453125 -0.249267578125
-0.00244426727294922 0.0103569030761719 0.29266357421875 -0.201568603515625
-0.00924396514892578 -0.00462913513183594 0.37396240234375 0.18011474609375
-0.003448486328125 -0.0290489196777344 0.095611572265625 0.47015380859375
0.0118684768676758 -0.00468063354492188 -0.13787841796875 0.304443359375
0.0163307189941406 0.00691318511962891 0.0247516632080078 0.0244350433349609
0.00926685333251953 -0.00706863403320313 0.171783447265625 -0.3095703125
0.00650596618652344 -0.0182533264160156 -0.126373291015625 -0.473785400390625
-0.00216341018676758 -0.00831127166748047 -0.4111328125 -0.1292724609375
-0.00211763381958008 0.00111424922943115 -0.250885009765625 0.217453002929688
0.00278973579406738 -0.00290966033935547 -0.00952148437500001 0.237396240234375
-0.000343680381774902 0.00143098831176758 0.148574829101563 0.0818634033203125
0.00119829177856445 0.00558710098266602 0.167129516601562 -0.0604400634765625
-0.000387907028198242 -0.00434136390686035 -0.15460205078125 0.0648956298828125
0.0111541748046875 -0.00115108489990234 -0.118400573730469 -0.0957260131835938
0.00501012802124024 0.00346946716308594 0.0425567626953125 -0.247238159179688
-0.00365352630615234 0.00985813140869141 0.290924072265625 -0.1995849609375
-0.0112943649291992 -0.00747394561767578 0.372711181640625 0.1810302734375
-0.0039215087890625 -0.0349292755126953 0.093170166015625 0.4705810546875
0.0165328979492188 -0.0105266571044922 -0.14013671875 0.306365966796875
0.0244789123535156 0.00282478332519531 0.0223846435546875 0.0263767242431641
0.0133771896362305 -0.0126886367797852 0.172576904296875 -0.307647705078125
0.00596427917480469 -0.0235824584960938 -0.122222900390625 -0.47125244140625
-0.00464916229248047 -0.0105047225952148 -0.408721923828125 -0.1302490234375
-0.00325918197631836 0.00162363052368164 -0.252197265625 0.21734619140625
0.00278162956237793 -0.000956058502197266 -0.011322021484375 0.23809814453125
0.00112819671630859 0.00326943397521973 0.148468017578125 0.0818939208984375
0.00306129455566406 0.00929546356201172 0.166366577148438 -0.0613555908203125
0.000896692276000977 -0.00229549407958984 -0.154937744140625 0.0652923583984375
0.0117034912109375 -1.9073486328125E-06 -0.119819641113281 -0.093719482421875
0.00491619110107422 0.00454473495483399 0.0386199951171875 -0.2459716796875
-0.00447273254394531 0.0103549957275391 0.28668212890625 -0.202606201171875
-0.0129470825195312 -0.00872611999511719 0.373779296875 0.17523193359375
-0.00369262695312499 -0.0390281677246094 0.0986022949218751 0.4693603515625
0.0198535919189453 -0.0150051116943359 -0.140350341796875 0.310302734375
0.0306396484375 -0.00113296508789062 0.017181396484375 0.0299816131591797
0.0170612335205078 -0.0172281265258789 0.172088623046875 -0.30108642578125
0.00606727600097656 -0.0273532867431641 -0.115447998046875 -0.470672607421875
-0.00667953491210938 -0.0123414993286133 -0.40875244140625 -0.134033203125
-0.00413060188293457 0.00188302993774414 -0.256683349609375 0.214736938476562
0.00313568115234375 0.000619411468505859 -0.0147857666015625 0.239791870117188
0.00214242935180664 0.0044255256652832 0.148162841796875 0.084136962890625
0.00451564788818359 0.0109491348266602 0.16729736328125 -0.0609588623046875
0.00214123725891113 -0.000903964042663574 -0.1546630859375 0.0663299560546875
0.0119037628173828 -0.000217437744140625 -0.122161865234375 -0.0915298461914062
0.00478506088256836 0.00478601455688477 0.0330963134765625 -0.245513916015625
-0.00491714477539063 0.0109682083129883 0.28125 -0.2059326171875
-0.0140047073364258 -0.008697509765625 0.376495361328125 0.167877197265625
-0.00465774536132812 -0.0413093566894531 0.108245849609375 0.46966552734375
0.0216217041015625 -0.018402099609375 -0.137969970703125 0.317474365234375
0.0341835021972656 -0.00292396545410156 0.0108108520507813 0.0352554321289063
0.0196151733398438 -0.0202140808105469 0.173431396484375 -0.294342041015625
0.00652885437011719 -0.0292873382568359 -0.10784912109375 -0.471435546875
-0.00670909881591797 -0.0130643844604492 -0.4088134765625 -0.142303466796875
-0.00434494018554688 0.00214624404907226 -0.263290405273438 0.21142578125
0.00319409370422363 0.000889301300048828 -0.0204010009765625 0.241958618164063
0.00250482559204102 0.00445413589477539 0.14617919921875 0.0871124267578125
0.00467300415039063 0.0118474960327148 0.168060302734375 -0.0605621337890625
-0.0102691650390625 -0.0238552093505859 -0.155441284179687 0.066314697265625
0.00286006927490234 -0.0113620758056641 -0.126029968261719 -0.0873489379882813
0.00315093994140625 -0.0111818313598633 0.0248870849609375 -0.245956420898438
0.00444793701171875 0.00898456573486328 0.270767211914063 -0.221923828125
0.00127220153808594 0.00743198394775391 0.38177490234375 0.1444091796875
-0.00258731842041016 -0.00797176361083984 0.129486083984375 0.4578857421875
-0.0023345947265625 0.0144901275634766 -0.125701904296875 0.320709228515625
-0.007537841796875 0.0193634033203125 0.0101051330566406 0.0383453369140625
-0.00348091125488281 0.013300895690918 0.181915283203125 -0.287994384765625
0.0100955963134766 0.00239372253417969 -0.0912475585937501 -0.481597900390625
0.00967979431152344 0.0026702880859375 -0.405181884765625 -0.16448974609375
0.00344491004943848 -0.00148606300354004 -0.272598266601563 0.199447631835938
0.00282096862792969 -0.0134706497192383 -0.0308074951171875 0.239456176757813
-0.00661754608154297 -0.00886344909667969 0.140487670898438 0.0904998779296875
-0.0062098503112793 -0.00748443603515625 0.16839599609375 -0.0561676025390625
-0.00980377197265625 -0.0205841064453125 -0.15521240234375 0.065155029296875
0.00411224365234375 -0.00917911529541015 -0.123085021972656 -0.0912628173828125
0.00351095199584961 -0.00869655609130859 0.03240966796875 -0.247528076171875
0.00322341918945313 0.00950050354003906 0.279281616210938 -0.21484375
-0.00123405456542969 0.00539588928222656 0.3795166015625 0.15826416015625
-0.00362014770507813 -0.0116806030273438 0.117218017578125 0.462799072265625
-0.000673294067382813 0.0124740600585937 -0.12969970703125 0.313262939453125
-0.00454139709472656 0.0178890228271484 0.01715087890625 0.0327777862548828
-0.00178337097167969 0.010767936706543 0.179718017578125 -0.2969970703125
0.00929641723632813 -0.000821113586425781 -0.1021728515625 -0.478851318359375
0.00742721557617188 0.000753879547119141 -0.4058837890625 -0.15350341796875
0.00284647941589356 -0.00113153457641602 -0.265045166015625 0.203826904296875
0.0025177001953125 -0.0113019943237305 -0.0234222412109375 0.2386474609375
-0.00552129745483398 -0.00663566589355469 0.142440795898437 0.0869903564453125
-0.00515508651733398 -0.00502634048461914 0.16668701171875 -0.057708740234375
-0.00694847106933594 -0.0177268981933594 -0.155197143554688 0.0643768310546875
0.00544548034667969 -0.00658988952636719 -0.120826721191406 -0.0942611694335937
0.00390768051147461 -0.00584650039672852 0.0373992919921875 -0.248580932617187
0.00131893157958984 0.00928783416748047 0.285858154296875 -0.20782470703125
-0.00349903106689453 0.00233888626098633 0.37542724609375 0.167022705078125
-0.00356483459472656 -0.0164804458618164 0.107391357421875 0.46405029296875
0.00192737579345703 0.00792455673217773 -0.133087158203125 0.306854248046875
0.000899314880371095 0.0151824951171875 0.0222949981689453 0.0282306671142578
0.00139188766479492 0.00583934783935547 0.17669677734375 -0.3023681640625
0.00882816314697266 -0.00635623931884766 -0.1146240234375 -0.475982666015625
0.00448226928710938 -0.00241565704345703 -0.4090576171875 -0.14288330078125
0.00115084648132324 -0.000622987747192383 -0.258071899414062 0.2100830078125
0.00245523452758789 -0.00866079330444336 -0.016326904296875 0.23773193359375
-0.00459384918212891 -0.00366020202636719 0.145477294921875 0.0844879150390625
-0.00290799140930176 -0.00227761268615723 0.167266845703125 -0.059051513671875
-0.00492286682128906 -0.0131587982177734 -0.154266357421875 0.0642547607421875
0.00785493850708008 -0.00411367416381836 -0.1187744140625 -0.0960845947265625
0.00470542907714844 -0.00207662582397461 0.04168701171875 -0.249053955078125
-0.000288009643554688 0.00992584228515625 0.2908935546875 -0.203033447265625
-0.00660896301269531 -0.00159406661987305 0.374237060546875 0.176239013671875
-0.00356292724609375 -0.0225257873535156 0.098114013671875 0.467987060546875
0.00705718994140625 0.00250482559204102 -0.13555908203125 0.304229736328125
0.00823879241943359 0.0116109848022461 0.0250205993652344 0.0249996185302734
0.00529623031616211 3.38554382324219E-05 0.173095703125 -0.307891845703125
0.00773715972900391 -0.0118780136108398 -0.121551513671875 -0.474609375
0.0010523796081543 -0.00532245635986328 -0.4090576171875 -0.133514404296875
-0.000371843576431274 6.19292259216308E-05 -0.253463745117188 0.213516235351562
0.0025172233581543 -0.00546550750732422 -0.0123748779296875 0.23712158203125
-0.00282835960388184 -0.00123310089111328 0.146957397460937 0.0821533203125
-0.000566840171813965 0.00166976451873779 0.166122436523438 -0.0600433349609375
-0.00212001800537109 -0.00816249847412109 -0.154937744140625 0.06378173828125
0.00915336608886719 -0.00202751159667969 -0.117935180664063 -0.09637451171875
0.00420689582824707 0.000684261322021484 0.0437469482421875 -0.248367309570313
-0.00231170654296875 0.00985908508300781 0.29180908203125 -0.200347900390625
-0.00912666320800781 -0.0049276351928711 0.37310791015625 0.17950439453125
-0.00391769409179688 -0.0294380187988281 0.09393310546875 0.468505859375
0.0112228393554687 -0.00403690338134766 -0.13763427734375 0.302886962890625
0.0165529251098633 0.00700187683105469 0.0251598358154297 0.0246696472167969
0.00937557220458984 -0.00652122497558594 0.17132568359375 -0.308319091796875
0.00667381286621094 -0.0178852081298828 -0.125335693359375 -0.472198486328125
-0.00243711471557617 -0.00810956954956055 -0.41015625 -0.12860107421875
-0.00196504592895508 0.00122594833374023 -0.252044677734375 0.216262817382813
0.0028531551361084 -0.00296187400817871 -0.0103759765625 0.236968994140625
-0.00091707706451416 0.00134837627410889 0.148529052734375 0.08172607421875
0.00200414657592773 0.00556230545043945 0.166915893554688 -0.0599822998046875
-0.000624656677246093 -0.00409793853759766 -0.153900146484375 0.064971923828125
0.010528564453125 -0.000823020935058594 -0.117904663085937 -0.0959320068359375
0.0046844482421875 0.00369453430175781 0.0425872802734375 -0.24700927734375
-0.00383090972900391 0.0100564956665039 0.289642333984375 -0.19866943359375
-0.01171875 -0.0076904296875 0.370635986328125 0.1802978515625
-0.003936767578125 -0.0352592468261719 0.09271240234375 0.4691162109375
0.0160799026489258 -0.0103731155395508 -0.1387939453125 0.304931640625
0.0246410369873047 0.00290107727050781 0.0226497650146484 0.0262641906738281
0.0133638381958008 -0.0126619338989258 0.171112060546875 -0.305816650390625
0.00606346130371093 -0.0233783721923828 -0.121734619140625 -0.470977783203125
-0.00468635559082031 -0.0107536315917969 -0.408782958984375 -0.130340576171875
-0.00319576263427734 0.00164270401000977 -0.252853393554687 0.215927124023438
0.00269794464111328 -0.000743865966796875 -0.0115509033203125 0.2374267578125
0.000912904739379883 0.00348210334777832 0.148193359375 0.08197021484375
0.00371170043945313 0.00901985168457031 0.166015625 -0.060791015625
0.00110101699829102 -0.0020221471786499 -0.154129028320313 0.064666748046875
0.0115690231323242 0.000265121459960938 -0.11920166015625 -0.09423828125
0.00510406494140625 0.00477790832519531 0.038330078125 -0.245529174804688
-0.00492954254150391 0.0108213424682617 0.28643798828125 -0.201171875
-0.0133762359619141 -0.00901126861572266 0.37164306640625 0.176422119140625
-0.00443649291992188 -0.0390281677246094 0.096527099609375 0.4678955078125
0.0196743011474609 -0.0149936676025391 -0.138885498046875 0.30810546875
0.0307331085205078 -0.0005645751953125 0.0175132751464844 0.0302848815917969
0.0173149108886719 -0.017578125 0.171966552734375 -0.299407958984375
0.00592231750488282 -0.0274391174316406 -0.114349365234375 -0.4703369140625
-0.00613975524902344 -0.0122995376586914 -0.4073486328125 -0.135833740234375
-0.00425171852111816 0.0021822452545166 -0.256484985351563 0.214141845703125
0.00265169143676758 0.000761032104492187 -0.0159912109375 0.239578247070313
0.00185346603393555 0.00476694107055664 0.147308349609375 0.084503173828125
0.00487327575683594 0.0110931396484375 0.166885375976563 -0.0609130859375
0.00166702270507813 -0.000998497009277344 -0.153564453125 0.06585693359375
0.0117321014404297 -9.72747802734375E-05 -0.12091064453125 -0.0910720825195313
0.00458335876464844 0.00502109527587891 0.033447265625 -0.244354248046875
-0.00471687316894531 0.0104837417602539 0.280227661132813 -0.204910278320312
-0.0141534805297852 -0.00919437408447266 0.375640869140625 0.1676025390625
-0.00444793701171875 -0.04132080078125 0.10711669921875 0.469268798828125
0.021636962890625 -0.018096923828125 -0.13787841796875 0.31597900390625
0.0345840454101562 -0.00307083129882812 0.0112190246582031 0.0354728698730469
0.0194091796875 -0.0198745727539063 0.173309326171875 -0.292236328125
0.00649833679199219 -0.0292587280273437 -0.10546875 -0.471160888671875
-0.00635147094726563 -0.0129871368408203 -0.40655517578125 -0.143829345703125
-0.00451469421386719 0.0019989013671875 -0.262939453125 0.210601806640625
0.0028383731842041 0.000872135162353516 -0.0209503173828125 0.241241455078125
0.00285053253173828 0.00474452972412109 0.145492553710938 0.087738037109375
0.00560379028320312 0.0119590759277344 0.167388916015625 -0.059783935546875
-0.0102863311767578 -0.0235118865966797 -0.1549072265625 0.0660858154296875
0.00262260437011719 -0.0111255645751953 -0.125686645507813 -0.0876388549804687
0.00328159332275391 -0.011204719543457 0.025054931640625 -0.245559692382813
0.00456333160400391 0.00884723663330078 0.270782470703125 -0.220962524414063
0.000978946685791016 0.00714731216430664 0.381988525390625 0.144775390625
-0.00278472900390625 -0.00864601135253906 0.128662109375 0.4566650390625
-0.00245571136474609 0.0145158767700195 -0.12603759765625 0.319427490234375
-0.00736427307128906 0.0193653106689453 0.0106163024902344 0.0389480590820313
-0.00338840484619141 0.0134420394897461 0.182952880859375 -0.286376953125
0.00981521606445313 0.00254058837890625 -0.090301513671875 -0.479827880859375
0.00997066497802734 0.00275039672851563 -0.40667724609375 -0.165191650390625
0.00352740287780762 -0.00185799598693848 -0.274322509765625 0.197967529296875
0.00229072570800781 -0.013336181640625 -0.0317230224609375 0.2396240234375
-0.0064396858215332 -0.00822162628173828 0.14019775390625 0.0912399291992188
-0.00599002838134766 -0.00726032257080078 0.168548583984375 -0.055938720703125
-0.0098419189453125 -0.0200538635253906 -0.154266357421875 0.06512451171875
0.00386524200439453 -0.00938892364501953 -0.122947692871094 -0.0918045043945313
0.00332069396972656 -0.00879669189453125 0.0325775146484375 -0.246994018554688
0.00319862365722656 0.00932407379150391 0.278640747070313 -0.213394165039063
-0.00106048583984375 0.00494670867919922 0.377349853515625 0.158843994140625
-0.00362014770507813 -0.0114688873291016 0.1160888671875 0.461395263671875
-0.00106048583984375 0.0125236511230469 -0.130126953125 0.311737060546875
-0.00459671020507812 0.0180644989013672 0.0173664093017578 0.0331344604492188
-0.00171661376953125 0.0110769271850586 0.18060302734375 -0.2955322265625
0.00942134857177735 -0.00126743316650391 -0.1015625 -0.478271484375
0.00743389129638672 0.000779628753662109 -0.406829833984375 -0.15472412109375
0.00279450416564941 -0.00154852867126465 -0.266510009765625 0.203079223632813
0.00241470336914063 -0.0112724304199219 -0.0239105224609375 0.238433837890625
-0.00561141967773437 -0.00640869140625 0.14227294921875 0.08734130859375
-0.00494670867919922 -0.00503301620483398 0.166473388671875 -0.0576019287109375
-0.00708770751953125 -0.017547607421875 -0.154953002929688 0.064453125
0.00521183013916016 -0.00648260116577148 -0.120574951171875 -0.0940399169921875
0.00428152084350586 -0.00583267211914063 0.0376739501953125 -0.248367309570313
0.00175380706787109 0.00941276550292969 0.285125732421875 -0.208160400390625
-0.00404238700866699 0.00173711776733398 0.3743896484375 0.16790771484375
-0.00378608703613281 -0.0163412094116211 0.105560302734375 0.46478271484375
0.00255727767944336 0.00810050964355469 -0.133148193359375 0.3060302734375
0.00142097473144531 0.0153942108154297 0.0221519470214844 0.0280437469482422
0.00157403945922852 0.0061039924621582 0.177490234375 -0.301513671875
0.00913143157958984 -0.00591850280761719 -0.113067626953125 -0.4769287109375
0.00461864471435547 -0.00267791748046875 -0.408721923828125 -0.143798828125
0.000987112522125244 -0.000907540321350098 -0.258697509765625 0.209243774414063
0.00247001647949219 -0.00899028778076172 -0.01763916015625 0.237030029296875
-0.0042576789855957 -0.0036461353302002 0.145156860351563 0.084564208984375
-0.0022435188293457 -0.00198221206665039 0.167449951171875 -0.0584869384765625
-0.00507831573486328 -0.0124979019165039 -0.154067993164063 0.0640869140625
0.00745820999145508 -0.00387191772460937 -0.11859130859375 -0.0961685180664063
0.00439548492431641 -0.00225067138671875 0.0416107177734375 -0.248428344726562
0.000150680541992188 0.00969600677490234 0.2890625 -0.202117919921875
-0.00682497024536133 -0.00166940689086914 0.37249755859375 0.17620849609375
-0.00403213500976563 -0.0226287841796875 0.095428466796875 0.46807861328125
0.00651454925537109 0.00250864028930664 -0.1356201171875 0.30328369140625
0.00834751129150391 0.0119829177856445 0.0251884460449219 0.0253181457519531
0.00480318069458008 0.000394821166992188 0.17425537109375 -0.307220458984375
0.00753688812255859 -0.0117835998535156 -0.120330810546875 -0.4739990234375
0.000999927520751953 -0.00548505783081055 -0.409393310546875 -0.1348876953125
-0.000320196151733398 -0.000209152698516846 -0.253814697265625 0.2132568359375
0.00226259231567383 -0.00551366806030273 -0.01312255859375 0.236419677734375
-0.00264382362365723 -0.000826835632324219 0.1463623046875 0.0823211669921875
-0.000635147094726563 0.00238704681396484 0.166183471679688 -0.060028076171875
-0.00216150283813477 -0.00824594497680664 -0.154464721679688 0.0634918212890625
0.00898075103759766 -0.001739501953125 -0.117752075195313 -0.0970916748046875
0.0045771598815918 0.000895500183105469 0.0434722900390625 -0.248550415039062
-0.00203037261962891 0.0100269317626953 0.291900634765625 -0.199127197265625
-0.00940418243408203 -0.00513458251953125 0.37249755859375 0.180450439453125
-0.00403213500976563 -0.0294704437255859 0.093017578125 0.468658447265625
0.0113601684570313 -0.00419902801513672 -0.137725830078125 0.301605224609375
0.0164270401000977 0.00701713562011719 0.0254230499267578 0.0248985290527344
0.00931739807128906 -0.00617313385009766 0.172271728515625 -0.30712890625
0.00701522827148437 -0.0181350708007813 -0.122711181640625 -0.471466064453125
-0.0017247200012207 -0.00811147689819336 -0.409393310546875 -0.129364013671875
-0.00215137004852295 0.000773549079895019 -0.252548217773438 0.215255737304688
0.00237941741943359 -0.00267672538757324 -0.0113372802734375 0.236801147460937
-0.00108683109283447 0.00188994407653809 0.147689819335938 0.082244873046875
0.00217342376708984 0.00577783584594727 0.166748046875 -0.0599517822265625
-0.000720024108886719 -0.00400733947753906 -0.153030395507813 0.064483642578125
0.0105075836181641 -0.000528335571289063 -0.117652893066406 -0.0960159301757812
0.00487565994262695 0.00364923477172852 0.042633056640625 -0.246337890625
-0.00378322601318359 0.0100555419921875 0.2891845703125 -0.19781494140625
-0.0117959976196289 -0.00816822052001953 0.37060546875 0.180877685546875
-0.00453948974609375 -0.0353050231933594 0.09130859375 0.469329833984375
0.0163564682006836 -0.00971889495849609 -0.139862060546875 0.304046630859375
0.0245780944824219 0.00302886962890625 0.022430419921875 0.02655029296875
0.013667106628418 -0.0122861862182617 0.17218017578125 -0.305084228515625
0.00615310668945313 -0.0229892730712891 -0.119903564453125 -0.471038818359375
-0.00481891632080078 -0.0106477737426758 -0.4073486328125 -0.131011962890625
-0.00295639038085938 0.00115609169006348 -0.253372192382813 0.21441650390625
0.00203275680541992 -0.000574469566345215 -0.012481689453125 0.236968994140625
0.000528335571289063 0.00342607498168945 0.14739990234375 0.0829010009765625
0.0038137435913086 0.00936222076416016 0.165512084960938 -0.0606842041015625
0.00103914737701416 -0.00166177749633789 -0.153060913085938 0.0648651123046875
0.0117006301879883 0.000348091125488281 -0.118476867675781 -0.0941390991210938
0.00480222702026367 0.00503683090209961 0.0389862060546875 -0.244720458984375
-0.00449371337890625 0.0106315612792969 0.285308837890625 -0.2005615234375
-0.0134057998657227 -0.00946521759033203 0.3721923828125 0.1767578125
-0.00472640991210938 -0.0392875671386719 0.0965576171875 0.467742919921875
0.0195560455322266 -0.0146236419677734 -0.140289306640625 0.30706787109375
0.0310020446777344 -0.000553131103515625 0.0174922943115234 0.0303859710693359
0.0169715881347656 -0.0170564651489258 0.17315673828125 -0.29833984375
0.00624275207519532 -0.0271873474121094 -0.1134033203125 -0.470001220703125
-0.00611114501953125 -0.0127344131469727 -0.407196044921875 -0.1361083984375
-0.00408291816711426 0.00153732299804688 -0.257843017578125 0.21295166015625
0.00256609916687012 0.00089716911315918 -0.0163116455078125 0.238525390625
0.00205564498901367 0.00518274307250977 0.146697998046875 0.0843658447265625
0.00539207458496094 0.0114564895629883 0.166824340820313 -0.0606231689453125
0.00171017646789551 -0.000274658203125 -0.15313720703125 0.0658111572265625
0.0111989974975586 -8.86917114257813E-05 -0.121002197265625 -0.0913314819335937
0.00493240356445313 0.00498056411743164 0.0335845947265625 -0.243942260742188
-0.00467586517333984 0.0105533599853516 0.279373168945313 -0.204345703125
-0.0143680572509766 -0.00953102111816407 0.374053955078125 0.16766357421875
-0.00496292114257813 -0.0411758422851563 0.105560302734375 0.468994140625
0.0214118957519531 -0.0180110931396484 -0.138397216796875 0.3148193359375
0.0348300933837891 -0.00261497497558594 0.0114212036132813 0.0357131958007813
0.0194797515869141 -0.0197925567626953 0.174346923828125 -0.291534423828125
0.00683021545410156 -0.0290813446044922 -0.104888916015625 -0.47125244140625
-0.00635147094726563 -0.0130825042724609 -0.406707763671875 -0.1448974609375
-0.00483036041259766 0.00161457061767578 -0.264434814453125 0.209930419921875
0.00276613235473633 0.00145936012268066 -0.0213775634765625 0.2408447265625
0.00261974334716797 0.00520896911621094 0.145309448242188 0.087738037109375
0.00574970245361328 0.0122909545898438 0.16778564453125 -0.059814453125
-0.0103759765625 -0.0233802795410156 -0.154449462890625 0.065704345703125
0.00263881683349609 -0.0106191635131836 -0.125083923339844 -0.0883712768554688
0.00316524505615234 -0.0113668441772461 0.025604248046875 -0.24603271484375
0.00480937957763672 0.00879764556884766 0.27020263671875 -0.220794677734375
0.000186443328857422 0.00689172744750977 0.380340576171875 0.145172119140625
-0.00371503829956055 -0.00867700576782226 0.127166748046875 0.45721435546875
-0.00286674499511719 0.0147342681884766 -0.126800537109375 0.31884765625
-0.00713348388671875 0.0194015502929687 0.0110549926757813 0.0388526916503906
-0.00387859344482422 0.0134181976318359 0.184051513671875 -0.285919189453125
0.0103483200073242 0.00267505645751953 -0.08770751953125 -0.482147216796875
0.00992012023925781 0.00245189666748047 -0.40667724609375 -0.166046142578125
0.00370621681213379 -0.00186514854431152 -0.275497436523438 0.197402954101562
0.00262260437011719 -0.0134735107421875 -0.0327301025390625 0.239852905273437
-0.0068063735961914 -0.00788593292236328 0.140068054199219 0.0916061401367188
-0.00531339645385742 -0.00684118270874023 0.169113159179688 -0.0559844970703125
-0.00969505310058593 -0.0198326110839844 -0.153778076171875 0.0648956298828125
0.00399589538574219 -0.00917339324951172 -0.122764587402344 -0.0917510986328125
0.00349903106689453 -0.00865411758422851 0.0330352783203125 -0.247512817382813
0.00356388092041015 0.00934505462646484 0.27911376953125 -0.21258544921875
-0.00175285339355469 0.00435733795166016 0.376251220703125 0.157745361328125
-0.00393295288085938 -0.0118818283081055 0.115142822265625 0.463226318359375
-0.001007080078125 0.0125713348388672 -0.13104248046875 0.311737060546875
-0.00446891784667969 0.0182743072509766 0.0176372528076172 0.0332050323486328
-0.00198173522949219 0.0109663009643555 0.181365966796875 -0.294342041015625
0.00954151153564453 -0.000777244567871094 -0.10009765625 -0.480621337890625
0.00756549835205078 0.000368118286132813 -0.406982421875 -0.155670166015625
0.00294995307922363 -0.00145363807678223 -0.267379760742188 0.20263671875
0.002044677734375 -0.0112237930297852 -0.0249176025390625 0.237991333007812
-0.00591707229614258 -0.00598812103271484 0.142196655273438 0.08795166015625
-0.0042874813079834 -0.00419902801513672 0.167449951171875 -0.0572967529296875
-0.00705242156982422 -0.0171298980712891 -0.154525756835938 0.0634307861328125
0.00511455535888672 -0.00638628005981445 -0.119918823242188 -0.0945053100585938
0.00405645370483398 -0.0057220458984375 0.0379791259765625 -0.24884033203125
0.00191497802734375 0.00974369049072266 0.284393310546875 -0.206756591796875
-0.00474739074707031 0.0015101432800293 0.374664306640625 0.169219970703125
-0.00415802001953125 -0.0170726776123047 0.1046142578125 0.4654541015625
0.00176143646240234 0.00796985626220703 -0.133544921875 0.305328369140625
0.00125789642333984 0.0150775909423828 0.02264404296875 0.0285263061523438
0.00146150588989258 0.00655364990234375 0.177703857421875 -0.30157470703125
0.00876188278198242 -0.00529289245605469 -0.11114501953125 -0.477783203125
0.00458192825317383 -0.00264739990234375 -0.409423828125 -0.1439208984375
0.00116229057312012 -0.000966310501098633 -0.25994873046875 0.208419799804688
0.00220203399658203 -0.00900173187255859 -0.018402099609375 0.2373046875
-0.00444889068603516 -0.00303411483764648 0.144607543945313 0.084930419921875
-0.00195896625518799 -0.0015559196472168 0.167587280273437 -0.0586395263671875
-0.00494003295898438 -0.0124788284301758 -0.153854370117188 0.06396484375
0.00704860687255859 -0.00382137298583984 -0.118316650390625 -0.096527099609375
0.00469303131103516 -0.00189781188964844 0.042236328125 -0.248748779296875
-3.81469726562493E-05 0.00995254516601563 0.2894287109375 -0.2017822265625
-0.00727272033691406 -0.00193262100219727 0.37249755859375 0.177581787109375
-0.00439262390136719 -0.0228843688964844 0.0960693359375 0.4686279296875
0.00645875930786133 0.00274562835693359 -0.136505126953125 0.302459716796875
0.00887966156005859 0.0111970901489258 0.0250663757324219 0.0258693695068359
0.00537538528442383 0.000646591186523438 0.17547607421875 -0.306121826171875
0.00795364379882813 -0.0114402770996094 -0.118743896484375 -0.4757080078125
0.00120401382446289 -0.00543642044067383 -0.41009521484375 -0.135955810546875
-0.000398427248001099 -0.000187963247299194 -0.255462646484375 0.212738037109375
0.00214624404907226 -0.00534296035766601 -0.014190673828125 0.236770629882813
-0.00299787521362305 -0.000555753707885742 0.146530151367187 0.0828094482421875
0.000299453735351562 0.00240683555603027 0.166824340820313 -0.0593414306640625
-0.00235986709594727 -0.0076594352722168 -0.154037475585937 0.0633544921875
0.00853776931762695 -0.00135469436645508 -0.11773681640625 -0.0972976684570313
0.00441408157348633 0.00110721588134766 0.0442047119140625 -0.248397827148437
-0.00232124328613281 0.010004997253418 0.29107666015625 -0.198944091796875
-0.00966358184814453 -0.00504112243652344 0.370086669921875 0.180816650390625
-0.004669189453125 -0.0299415588378906 0.092529296875 0.46954345703125
0.0110073089599609 -0.00356292724609375 -0.13836669921875 0.300506591796875
0.0169563293457031 0.00694942474365234 0.0255661010742188 0.0246944427490234
0.00924491882324219 -0.00648021697998047 0.17327880859375 -0.306549072265625
0.00690269470214844 -0.0180530548095703 -0.122039794921875 -0.47308349609375
-0.00160503387451172 -0.00863265991210938 -0.409942626953125 -0.13104248046875
-0.00202107429504395 0.000403285026550293 -0.253936767578125 0.214935302734375
0.00224208831787109 -0.002593994140625 -0.0123748779296875 0.236892700195312
-0.00121116638183594 0.00222063064575195 0.14715576171875 0.082550048828125
0.00242471694946289 0.00603246688842773 0.166900634765625 -0.0591888427734375
-0.000586032867431641 -0.00345134735107422 -0.152816772460937 0.064178466796875
0.0102853775024414 -0.000177383422851562 -0.1173095703125 -0.0966415405273437
0.00458478927612305 0.00347375869750977 0.042755126953125 -0.247085571289062
-0.00348472595214844 0.0101814270019531 0.289215087890625 -0.1971435546875
-0.0120515823364258 -0.00863742828369141 0.368194580078125 0.18212890625
-0.00482559204101562 -0.0354423522949219 0.09161376953125 0.469390869140625
0.0159711837768555 -0.00980091094970703 -0.140228271484375 0.303558349609375
0.0249576568603516 0.00310897827148438 0.0226764678955078 0.0267047882080078
0.0133695602416992 -0.0121097564697266 0.17352294921875 -0.3040771484375
0.00614356994628906 -0.0230789184570313 -0.118560791015625 -0.472412109375
-0.00448894500732422 -0.0111684799194336 -0.40814208984375 -0.132965087890625
-0.0032200813293457 0.00107622146606445 -0.2552490234375 0.214309692382812
0.00231075286865234 -0.000119447708129883 -0.013275146484375 0.237594604492187
0.00083160400390625 0.00393414497375488 0.146942138671875 0.083099365234375
0.00455760955810547 0.00930309295654297 0.16595458984375 -0.06005859375
0.00128448009490967 -0.000979900360107422 -0.15338134765625 0.064117431640625
0.0113630294799805 0.000689506530761719 -0.118614196777344 -0.0943756103515625
0.00466537475585938 0.00496625900268555 0.039459228515625 -0.245254516601562
-0.00450897216796875 0.0102758407592773 0.285980224609375 -0.19903564453125
-0.013789176940918 -0.00979995727539062 0.3707275390625 0.177276611328125
-0.00466156005859375 -0.0395889282226563 0.095489501953125 0.46844482421875
0.0196495056152344 -0.0145912170410156 -0.140228271484375 0.306793212890625
0.0315151214599609 -0.000316619873046875 0.018096923828125 0.0302066802978516
0.0169467926025391 -0.0166635513305664 0.17340087890625 -0.297576904296875
0.00640296936035156 -0.0268955230712891 -0.112091064453125 -0.47137451171875
-0.00555515289306641 -0.0129289627075195 -0.407745361328125 -0.137359619140625
-0.00395441055297852 0.00176382064819336 -0.259323120117187 0.213043212890625
0.00223326683044434 0.00105643272399902 -0.0172271728515625 0.239410400390625
0.00190114974975586 0.00495100021362305 0.14678955078125 0.084991455078125
0.0060882568359375 0.0116796493530273 0.167037963867188 -0.060150146484375
0.00181293487548828 -0.000237107276916504 -0.152374267578125 0.06536865234375
0.0114116668701172 0.000318527221679688 -0.120498657226563 -0.0916519165039063
0.00513124465942383 0.00507354736328125 0.034149169921875 -0.244842529296875
-0.00471210479736328 0.0106754302978516 0.279251098632813 -0.203628540039063
-0.0141544342041016 -0.00968551635742188 0.373077392578125 0.1693115234375
-0.005340576171875 -0.0417327880859375 0.105255126953125 0.46942138671875
0.0212516784667969 -0.0178279876708984 -0.13916015625 0.313720703125
0.0349559783935547 -0.00280380249023438 0.0111923217773437 0.0355224609375
0.0195808410644531 -0.0196743011474609 0.175048828125 -0.290618896484375
0.00727272033691406 -0.0286941528320313 -0.1033935546875 -0.472747802734375
-0.00578880310058594 -0.0134572982788086 -0.406036376953125 -0.1458740234375
-0.00473356246948242 0.00135612487792969 -0.265487670898438 0.209716796875
0.0022580623626709 0.0010993480682373 -0.02288818359375 0.241592407226563
0.0024256706237793 0.00555086135864258 0.144760131835938 0.0879364013671875
0.00622653961181641 0.0125522613525391 0.16778564453125 -0.059600830078125
-0.0104866027832031 -0.0226383209228516 -0.15447998046875 0.0658416748046875
0.00239849090576172 -0.0106658935546875 -0.125442504882813 -0.0887527465820312
0.00289630889892578 -0.0108270645141602 0.025848388671875 -0.247024536132813
0.00504398345947266 0.00906181335449219 0.27166748046875 -0.2198486328125
6.43730163574217E-05 0.00618934631347656 0.380645751953125 0.147064208984375
-0.00364971160888672 -0.0089263916015625 0.128875732421875 0.458984375
-0.00329494476318359 0.0151348114013672 -0.127044677734375 0.31915283203125
-0.00737190246582031 0.0195655822753906 0.0109939575195313 0.0389862060546875
-0.00377750396728516 0.0138139724731445 0.18499755859375 -0.285797119140625
0.010228157043457 0.00242996215820313 -0.08709716796875 -0.482757568359375
0.0101299285888672 0.00197696685791016 -0.4072265625 -0.168365478515625
0.00394058227539063 -0.0018613338470459 -0.277435302734375 0.197219848632812
0.00228786468505859 -0.0133075714111328 -0.033233642578125 0.239990234375
-0.00711727142333984 -0.00791072845458984 0.139862060546875 0.0923004150390625
-0.00505399703979492 -0.00703859329223633 0.1693115234375 -0.0559539794921875
-0.00983238220214844 -0.0196399688720703 -0.153900146484375 0.0646514892578125
0.00338172912597656 -0.00907993316650391 -0.122367858886719 -0.0925140380859375
0.00360584259033203 -0.00879001617431641 0.03271484375 -0.248092651367188
0.00383472442626953 0.00904083251953125 0.279144287109375 -0.2137451171875
-0.00212669372558594 0.00449037551879883 0.376495361328125 0.160308837890625
-0.00440120697021484 -0.0120820999145508 0.1142578125 0.463958740234375
-0.00116157531738281 0.0130109786987305 -0.13104248046875 0.31207275390625
-0.00418472290039063 0.0183620452880859 0.0176372528076172 0.0332889556884766
-0.001983642578125 0.0116844177246094 0.182403564453125 -0.2945556640625
0.00952529907226563 -0.000728607177734375 -0.10015869140625 -0.481414794921875
0.00788116455078125 -1.04904174804687E-05 -0.407562255859375 -0.1568603515625
0.00293135643005371 -0.00137114524841309 -0.269424438476563 0.202682495117188
0.00200366973876953 -0.0110025405883789 -0.0262451171875 0.238616943359375
-0.00608921051025391 -0.00598382949829102 0.142196655273438 0.088226318359375
-0.00414514541625976 -0.00426530838012695 0.168045043945313 -0.057525634765625
-0.00742435455322266 -0.0166110992431641 -0.154800415039063 0.063873291015625
0.00507211685180664 -0.00631856918334961 -0.120285034179687 -0.0954055786132813
0.00417852401733398 -0.00564002990722656 0.038177490234375 -0.249465942382813
0.00200176239013672 0.00945472717285156 0.28656005859375 -0.206939697265625
-0.00444936752319336 0.00131702423095703 0.3751220703125 0.169525146484375
-0.00468921661376953 -0.0169248580932617 0.103851318359375 0.466156005859375
0.00172233581542969 0.00863027572631836 -0.13427734375 0.305419921875
0.00142192840576172 0.0153255462646484 0.022979736328125 0.0285320281982422
0.000959873199462891 0.00655126571655273 0.179229736328125 -0.30133056640625
0.00884437561035156 -0.00589370727539063 -0.109954833984375 -0.478973388671875
0.00495290756225586 -0.00274801254272461 -0.41094970703125 -0.146209716796875
0.00123465061187744 -0.000972747802734375 -0.262588500976563 0.208908081054688
0.00202083587646484 -0.00848817825317383 -0.01922607421875 0.238037109375
-0.00473451614379883 -0.0030674934387207 0.144760131835938 0.085784912109375
-0.00155377388000488 -0.00140905380249023 0.1683349609375 -0.0582122802734375
-0.00529956817626953 -0.0118875503540039 -0.153762817382813 0.0635833740234375
0.006927490234375 -0.00350761413574219 -0.118598937988281 -0.0969772338867187
0.00431513786315918 -0.00182032585144043 0.0424346923828125 -0.249649047851562
-5.34057617187498E-05 0.009796142578125 0.289794921875 -0.201934814453125
-0.00744247436523438 -0.00237512588500976 0.373199462890625 0.178314208984375
-0.00493049621582031 -0.0228404998779297 0.095245361328125 0.468902587890625
0.00623083114624023 0.00314617156982422 -0.136688232421875 0.30218505859375
0.00874233245849609 0.0115776062011719 0.0258369445800781 0.0257453918457031
0.00478601455688477 0.000720024108886719 0.17620849609375 -0.30572509765625
0.00774097442626953 -0.011622428894043 -0.118072509765625 -0.476409912109375
0.00139141082763672 -0.00596332550048828 -0.41168212890625 -0.13751220703125
-0.000206053256988525 -0.000280946493148804 -0.25750732421875 0.212554931640625
0.00173330307006836 -0.00527238845825195 -0.0148468017578125 0.2376708984375
-0.00293517112731934 -0.000674486160278321 0.146713256835938 0.0835418701171875
0.000921726226806641 0.00262641906738281 0.167327880859375 -0.05987548828125
-0.00237607955932617 -0.00754833221435547 -0.15447998046875 0.0631103515625
0.00835800170898438 -0.00155925750732422 -0.117454528808594 -0.0974655151367188
0.004486083984375 0.00120639801025391 0.0445556640625 -0.249099731445313
-0.00198078155517578 0.010162353515625 0.29150390625 -0.19915771484375
-0.0101642608642578 -0.00561904907226563 0.3712158203125 0.183868408203125
-0.00525283813476562 -0.029541015625 0.091094970703125 0.470672607421875
0.0114479064941406 -0.00324249267578125 -0.13916015625 0.30072021484375
0.0173301696777344 0.00676059722900391 0.025634765625 0.0250587463378906
0.00909614562988281 -0.00603961944580078 0.175628662109375 -0.305999755859375
0.00702285766601562 -0.0180301666259766 -0.121917724609375 -0.4747314453125
-0.00164604187011719 -0.00865077972412109 -0.411224365234375 -0.132293701171875
-0.00200402736663818 0.000642180442810059 -0.255905151367188 0.215164184570313
0.00184059143066406 -0.00249385833740234 -0.012603759765625 0.237533569335937
-0.00165414810180664 0.00217163562774658 0.1475830078125 0.0829010009765625
0.00294876098632813 0.0060420036315918 0.167373657226563 -0.059661865234375
-0.000608682632446289 -0.00290083885192871 -0.152908325195313 0.063995361328125
0.0102338790893555 0.000100135803222656 -0.117141723632813 -0.0970916748046875
0.00480937957763672 0.00369834899902344 0.0436859130859375 -0.247329711914063
-0.0035552978515625 0.00997161865234375 0.289031982421875 -0.19683837890625
-0.0123167037963867 -0.00880050659179688 0.36883544921875 0.1837158203125
-0.0048675537109375 -0.0353050231933594 0.0894775390625 0.4718017578125
0.0163049697875977 -0.00952339172363281 -0.140533447265625 0.303131103515625
0.0250911712646484 0.00303459167480469 0.0233478546142578 0.0269622802734375
0.0134983062744141 -0.0115947723388672 0.17523193359375 -0.304595947265625
0.00630378723144531 -0.0227317810058594 -0.117584228515625 -0.473114013671875
-0.00415611267089844 -0.0116472244262695 -0.40960693359375 -0.134368896484375
-0.00322842597961426 0.00117826461791992 -0.256988525390625 0.2147216796875
0.00204455852508545 -0.000329136848449707 -0.0142974853515625 0.238204956054688
0.000505685806274414 0.00401902198791504 0.147537231445313 0.083709716796875
0.00474739074707031 0.00969123840332031 0.166839599609375 -0.05975341796875
0.000759303569793701 -0.00106573104858398 -0.153305053710938 0.06427001953125
0.0109720230102539 0.000754356384277344 -0.118316650390625 -0.0949172973632813
0.00501823425292969 0.00541210174560547 0.0394744873046875 -0.245864868164063
-0.00435543060302734 0.0107526779174805 0.285308837890625 -0.19927978515625
-0.0142593383789063 -0.0102376937866211 0.369659423828125 0.1781005859375
-0.0052947998046875 -0.0400314331054688 0.09442138671875 0.47052001953125
0.0196132659912109 -0.0142993927001953 -0.141021728515625 0.3070068359375
0.031707763671875 -0.000339508056640625 0.0179462432861328 0.0306797027587891
0.0172615051269531 -0.0163707733154297 0.175079345703125 -0.297698974609375
0.00640869140625 -0.0270290374755859 -0.111297607421875 -0.47369384765625
-0.00586414337158203 -0.0128860473632813 -0.408843994140625 -0.138397216796875
-0.0044255256652832 0.00135660171508789 -0.261260986328125 0.212799072265625
0.00198006629943848 0.00114619731903076 -0.017486572265625 0.24029541015625
0.00199079513549805 0.00538873672485352 0.146942138671875 0.08575439453125
0.00640964508056641 0.0116815567016602 0.167877197265625 -0.0601348876953125
0.00169897079467773 0.000356316566467285 -0.152481079101563 0.065460205078125
0.0109357833862305 0.000380516052246094 -0.120552062988281 -0.0920944213867188
0.00497293472290039 0.00519847869873047 0.0341033935546875 -0.244979858398437
-0.00449562072753906 0.0108203887939453 0.279266357421875 -0.203323364257813
-0.0150699615478516 -0.0101795196533203 0.373016357421875 0.169708251953125
-0.00548553466796875 -0.0416984558105469 0.10430908203125 0.470428466796875
0.02130126953125 -0.0175361633300781 -0.1390380859375 0.314117431640625
0.0351200103759766 -0.0025634765625 0.0117111206054688 0.0358772277832031
0.0198574066162109 -0.019378662109375 0.17620849609375 -0.290740966796875
0.00716590881347656 -0.0289382934570312 -0.101806640625 -0.473846435546875
-0.00610828399658203 -0.0137872695922852 -0.407135009765625 -0.14691162109375
-0.0046086311340332 0.000994205474853515 -0.267868041992188 0.2098388671875
0.00204372406005859 0.00154232978820801 -0.0233917236328125 0.242141723632813
0.00252532958984375 0.00541543960571289 0.145401000976563 0.0889434814453125
0.00710678100585937 0.0127458572387695 0.167984008789063 -0.0594329833984375
-0.0108242034912109 -0.0226554870605469 -0.154922485351563 0.0655059814453125
0.00224876403808594 -0.0107135772705078 -0.126136779785156 -0.0895843505859375
0.00341320037841797 -0.0109148025512695 0.025238037109375 -0.247512817382813
0.00523090362548828 0.00886154174804688 0.271896362304687 -0.220657348632812
-0.000231742858886719 0.00645685195922852 0.381683349609375 0.148895263671875
-0.00422477722167969 -0.00909996032714844 0.127166748046875 0.460662841796875
-0.00285530090332031 0.0154829025268555 -0.12774658203125 0.319854736328125
-0.00737953186035156 0.0195426940917969 0.0112571716308594 0.039337158203125
-0.00394058227539063 0.013981819152832 0.185943603515625 -0.286376953125
0.0104827880859375 0.00289821624755859 -0.087005615234375 -0.485504150390625
0.0102176666259766 0.00225830078125 -0.40802001953125 -0.169891357421875
0.0039827823638916 -0.00184774398803711 -0.279434204101562 0.19781494140625
0.0019979476928711 -0.0130681991577148 -0.0339508056640625 0.241714477539062
-0.0068202018737793 -0.00750112533569336 0.140487670898438 0.0921859741210938
-0.00490093231201172 -0.0064849853515625 0.1697998046875 -0.0565185546875
-0.0100803375244141 -0.0195140838623047 -0.154388427734375 0.06512451171875
0.00349998474121094 -0.00878620147705078 -0.123100280761719 -0.09307861328125
0.00345802307128906 -0.00824403762817383 0.0329742431640625 -0.249557495117188
0.00393486022949219 0.00914573669433594 0.27923583984375 -0.213348388671875
-0.00225234031677246 0.00419116020202637 0.37774658203125 0.16046142578125
-0.00471687316894531 -0.0123128890991211 0.1141357421875 0.466705322265625
-0.00169849395751953 0.0131711959838867 -0.1314697265625 0.312164306640625
-0.00434684753417969 0.0186920166015625 0.0182819366455078 0.0333747863769531
-0.00212287902832031 0.0112771987915039 0.183746337890625 -0.295196533203125
0.0101633071899414 -0.000560760498046875 -0.09912109375 -0.48394775390625
0.00806045532226563 0.000240325927734375 -0.411163330078125 -0.158111572265625
0.00267314910888672 -0.0017547607421875 -0.271041870117188 0.203521728515625
0.00166130065917969 -0.0108709335327148 -0.0267486572265625 0.23992919921875
-0.00575876235961914 -0.00560474395751953 0.143020629882813 0.088470458984375
-0.00358772277832031 -0.004241943359375 0.16851806640625 -0.0578155517578125
-0.00757026672363282 -0.0164880752563477 -0.15472412109375 0.0637664794921875
0.00504732131958008 -0.00597715377807617 -0.120628356933594 -0.0957565307617188
0.00379848480224609 -0.00532197952270508 0.0388031005859375 -0.25067138671875
0.00207328796386719 0.0096139907836914 0.287078857421875 -0.206573486328125
-0.00504016876220703 0.00103282928466797 0.375946044921875 0.171356201171875
-0.00504302978515625 -0.0172643661499023 0.10333251953125 0.4686279296875
0.00165796279907227 0.00863218307495117 -0.13458251953125 0.3055419921875
0.00134468078613281 0.0153064727783203 0.02301025390625 0.0288105010986328
0.00107431411743164 0.00662040710449219 0.180694580078125 -0.302154541015625
0.0091400146484375 -0.00596714019775391 -0.11077880859375 -0.481292724609375
0.00545930862426758 -0.00272512435913086 -0.412750244140625 -0.14654541015625
0.00120234489440918 -0.00122427940368652 -0.264755249023438 0.210098266601562
0.00188970565795898 -0.00813531875610352 -0.019378662109375 0.239120483398438
-0.00469064712524414 -0.00275945663452148 0.145538330078125 0.0861358642578125
-0.00147664546966553 -0.00150620937347412 0.168930053710938 -0.0586700439453125
-0.00554370880126953 -0.0114450454711914 -0.154006958007813 0.064239501953125
0.00668191909790039 -0.00340127944946289 -0.118461608886719 -0.0974578857421875
0.00438809394836426 -0.00184988975524902 0.0426025390625 -0.25048828125
0.000555992126464844 0.0102558135986328 0.290283203125 -0.202362060546875
-0.00789403915405273 -0.00277376174926758 0.373809814453125 0.17919921875
-0.00516700744628906 -0.0233058929443359 0.095458984375 0.4716796875
0.00636625289916992 0.00321435928344727 -0.136749267578125 0.302734375
0.00855541229248047 0.0115299224853516 0.0260257720947266 0.0254802703857422
0.00477981567382813 0.00127506256103516 0.1776123046875 -0.306640625
0.00788593292236328 -0.0117206573486328 -0.117218017578125 -0.478546142578125
0.00153446197509766 -0.00615215301513672 -0.413726806640625 -0.138397216796875
-0.000382781028747559 -0.000496506690979004 -0.259048461914062 0.213394165039063
0.00177097320556641 -0.00528383255004883 -0.0156097412109375 0.23876953125
-0.00302600860595703 -0.000161170959472656 0.147491455078125 0.08380126953125
0.00076746940612793 0.00261616706848145 0.1676025390625 -0.059112548828125
-0.00230693817138672 -0.0068511962890625 -0.154251098632813 0.0631561279296875
0.00843429565429688 -0.00112628936767578 -0.118232727050781 -0.0985260009765625
0.00435423851013184 0.00145578384399414 0.0441741943359375 -0.25030517578125
-0.00191593170166016 0.00977039337158203 0.293243408203125 -0.1993408203125
-0.0104894638061523 -0.0058603286743164 0.37139892578125 0.183990478515625
-0.00519180297851562 -0.0296592712402344 0.0911865234375001 0.473236083984375
0.011052131652832 -0.00293731689453125 -0.139373779296875 0.30133056640625
0.0173444747924805 0.00711727142333984 0.0261611938476563 0.0254669189453125
0.00905704498291016 -0.00576686859130859 0.175689697265625 -0.30645751953125
0.00732040405273438 -0.0177822113037109 -0.12200927734375 -0.4765625
-0.00172615051269531 -0.00888729095458984 -0.4134521484375 -0.133880615234375
-0.00174212455749512 0.000207304954528809 -0.25762939453125 0.215850830078125
0.00196480751037598 -0.00261187553405762 -0.0135955810546875 0.239028930664063
-0.00133156776428223 0.00285029411315918 0.148269653320313 0.0836334228515625
0.003570556640625 0.00595808029174805 0.168243408203125 -0.0599365234375
-0.000804424285888672 -0.00241732597351074 -0.152938842773438 0.06396484375
0.00992584228515625 0.000157356262207031 -0.117195129394531 -0.09759521484375
0.00485849380493164 0.00383710861206055 0.0437164306640625 -0.248382568359375
-0.0031280517578125 0.00985622406005859 0.291229248046875 -0.1976318359375
-0.0128774642944336 -0.00870704650878906 0.369293212890625 0.184234619140625
-0.00547027587890625 -0.0359001159667969 0.0902709960937499 0.4737548828125
0.0162181854248047 -0.00902462005615235 -0.1412353515625 0.303619384765625
0.0253334045410156 0.00316047668457031 0.0233726501464844 0.0266380310058594
0.0136451721191406 -0.0116128921508789 0.17596435546875 -0.304046630859375
0.00633811950683594 -0.0231800079345703 -0.117950439453125 -0.475555419921875
-0.00401020050048828 -0.0116977691650391 -0.411529541015625 -0.13531494140625
-0.00331401824951172 0.000984907150268555 -0.259674072265625 0.215499877929688
0.00144743919372559 4.51803207397461E-05 -0.0151824951171875 0.2393798828125
0.000312328338623047 0.0048069953918457 0.148544311523438 0.084136962890625
0.00554656982421875 0.00987529754638672 0.167327880859375 -0.0603790283203125
0.000827670097351074 -0.000313341617584228 -0.153274536132812 0.0642547607421875
0.0108919143676758 0.000967979431152344 -0.119094848632813 -0.0958251953125
0.00443506240844727 0.00531291961669922 0.0395355224609375 -0.246932983398438
-0.00434398651123047 0.0104818344116211 0.28668212890625 -0.198760986328125
-0.0142812728881836 -0.0103244781494141 0.371337890625 0.17919921875
-0.00577163696289063 -0.0399169921875 0.09466552734375 0.4727783203125
0.01971435546875 -0.0134181976318359 -0.14105224609375 0.307525634765625
0.0313034057617188 -0.000204086303710938 0.0182285308837891 0.0303192138671875
0.016942024230957 -0.0165519714355469 0.17633056640625 -0.297760009765625
0.00667190551757813 -0.0268535614013672 -0.110382080078125 -0.475006103515625
-0.005767822265625 -0.0132064819335938 -0.41033935546875 -0.141448974609375
-0.00424385070800781 0.00118803977966309 -0.263031005859375 0.214157104492188
0.00185561180114746 0.00106239318847656 -0.0186004638671875 0.240921020507812
0.00162839889526367 0.00578498840332031 0.147613525390625 0.0858154296875
0.00665760040283203 0.0118045806884766 0.168548583984375 -0.06060791015625
0.00146842002868652 0.000617027282714844 -0.152786254882813 0.0654144287109375
0.0108737945556641 0.000597953796386719 -0.120750427246094 -0.0930709838867188
0.00477743148803711 0.00558996200561524 0.03466796875 -0.246414184570313
-0.00464153289794922 0.0110759735107422 0.280532836914063 -0.203277587890625
-0.0150537490844727 -0.0105514526367188 0.37432861328125 0.171478271484375
-0.00614166259765625 -0.04205322265625 0.103485107421875 0.4720458984375
0.0218620300292969 -0.0169811248779297 -0.14007568359375 0.31439208984375
0.0352134704589844 -0.00256729125976563 0.0116081237792969 0.0362129211425781
0.0197315216064453 -0.0190105438232422 0.177825927734375 -0.291259765625
0.00722503662109375 -0.0291805267333984 -0.1016845703125 -0.476348876953125
-0.00586605072021484 -0.0141620635986328 -0.408355712890625 -0.148468017578125
-0.00460577011108398 0.00125408172607422 -0.269210815429688 0.210281372070312
0.00224804878234863 0.00154614448547363 -0.024078369140625 0.243576049804688
0.0024113655090332 0.00552082061767578 0.14599609375 0.0890655517578125
0.00742721557617188 0.0128955841064453 0.169219970703125 -0.0597991943359375
-0.0109272003173828 -0.0221710205078125 -0.154586791992188 0.0665740966796875
0.00174236297607422 -0.0103530883789063 -0.126190185546875 -0.0895233154296875
0.00306606292724609 -0.0111322402954102 0.0256500244140625 -0.249496459960937
0.0055999755859375 0.00931072235107422 0.273223876953125 -0.221969604492188
-0.000251293182373047 0.00605487823486328 0.3826904296875 0.148590087890625
-0.00486850738525391 -0.00911235809326172 0.12835693359375 0.4630126953125
-0.00306510925292969 0.0156936645507813 -0.128448486328125 0.320343017578125
-0.00715255737304687 0.0198154449462891 0.0115852355957031 0.0395736694335938
-0.00349235534667969 0.0139598846435547 0.18707275390625 -0.287139892578125
0.0104713439941406 0.00281047821044922 -0.08746337890625 -0.487640380859375
0.0106544494628906 0.00229167938232422 -0.41162109375 -0.170257568359375
0.00388669967651367 -0.00220894813537598 -0.281951904296875 0.19940185546875
0.00168037414550781 -0.0127830505371094 -0.0347442626953125 0.243133544921875
-0.00716400146484375 -0.00716781616210938 0.141326904296875 0.0927276611328125
-0.00417900085449219 -0.00689506530761719 0.171524047851563 -0.056488037109375
-0.00992202758789063 -0.0187873840332031 -0.154998779296875 0.06561279296875
0.00324440002441406 -0.00864601135253906 -0.12371826171875 -0.0938873291015625
0.00363731384277344 -0.00823068618774414 0.0329437255859375 -0.250503540039063
0.00403404235839844 0.00915431976318359 0.280899047851563 -0.2152099609375
-0.00280213356018066 0.00383615493774414 0.379669189453125 0.162384033203125
-0.00511074066162109 -0.0122404098510742 0.114715576171875 0.4681396484375
-0.00145244598388672 0.0136184692382813 -0.1318359375 0.3128662109375
-0.00389289855957031 0.0185317993164063 0.0182647705078125 0.0334014892578125
-0.00245285034179688 0.0118703842163086 0.184600830078125 -0.29656982421875
0.0100383758544922 -0.000713348388671875 -0.099517822265625 -0.484710693359375
0.00829935073852539 -0.000320911407470703 -0.41375732421875 -0.1593017578125
0.00353169441223144 -0.00203704833984375 -0.273101806640625 0.204971313476563
0.00150680541992188 -0.010716438293457 -0.0273284912109375 0.241806030273438
-0.00618124008178711 -0.00586462020874023 0.143402099609375 0.089202880859375
-0.00291633605957031 -0.00410366058349609 0.169662475585937 -0.0582122802734375
-0.00789070129394532 -0.0159616470336914 -0.155059814453125 0.065093994140625
0.00492382049560547 -0.00566816329956055 -0.121208190917969 -0.0966033935546875
0.00389480590820313 -0.00523519515991211 0.038299560546875 -0.25164794921875
0.00221061706542969 0.00947475433349609 0.28680419921875 -0.20794677734375
-0.00538778305053711 0.0012202262878418 0.3773193359375 0.172607421875
-0.00534725189208984 -0.017277717590332 0.10479736328125 0.4703369140625
0.00173664093017578 0.00917625427246094 -0.134490966796875 0.307220458984375
0.00132179260253906 0.0154619216918945 0.02349853515625 0.0288848876953125
0.00102615356445313 0.00673532485961914 0.181884765625 -0.3037109375
0.00929832458496094 -0.00550079345703125 -0.111419677734375 -0.48419189453125
0.00532627105712891 -0.00315380096435547 -0.415618896484375 -0.147308349609375
0.00100469589233398 -0.00134992599487305 -0.267227172851562 0.21075439453125
0.00149345397949219 -0.00824928283691406 -0.0203704833984375 0.240798950195312
-0.00489711761474609 -0.00277137756347656 0.14654541015625 0.0868072509765625
-0.000709414482116699 -0.00149023532867432 0.169662475585938 -0.0595550537109375
-0.00568962097167969 -0.0111637115478516 -0.15484619140625 0.064208984375
0.00691318511962891 -0.00352573394775391 -0.119216918945312 -0.0982742309570312
0.00438165664672852 -0.00219297409057617 0.0427703857421875 -0.252365112304688
9.91821289062507E-05 0.0100908279418945 0.291351318359375 -0.2034912109375
-0.00775909423828125 -0.00292444229125977 0.37451171875 0.181243896484375
-0.00576019287109375 -0.0235557556152344 0.09515380859375 0.474395751953125
0.00637102127075195 0.00325918197631836 -0.137908935546875 0.30364990234375
0.00926017761230469 0.0117969512939453 0.0267448425292969 0.0259723663330078
0.00518560409545898 0.000500679016113281 0.178314208984375 -0.307647705078125
0.00815868377685547 -0.0115413665771484 -0.1168212890625 -0.482086181640625
0.00182962417602539 -0.00618457794189453 -0.416412353515625 -0.139068603515625
-3.93390655517579E-05 -0.000767409801483154 -0.26123046875 0.2147216796875
0.00105619430541992 -0.00508546829223633 -0.0157928466796875 0.240585327148437
-0.00309395790100098 8.27312469482428E-05 0.147750854492188 0.084228515625
0.0017390251159668 0.00271916389465332 0.169174194335938 -0.0603790283203125
-0.00245237350463867 -0.00655984878540039 -0.154754638671875 0.0637054443359375
0.00807952880859375 -0.000917911529541016 -0.118629455566406 -0.098876953125
0.00461816787719727 0.00137901306152344 0.0442047119140625 -0.252029418945312
-0.00178432464599609 0.0102682113647461 0.294403076171875 -0.20001220703125
-0.0108108520507813 -0.00605201721191406 0.372955322265625 0.18475341796875
-0.00558853149414063 -0.0300006866455078 0.091033935546875 0.475341796875
0.0113773345947266 -0.00272083282470703 -0.1396484375 0.3026123046875
0.0172929763793945 0.00730419158935547 0.0260181427001953 0.0252799987792969
0.00953483581542969 -0.00577545166015625 0.17755126953125 -0.3079833984375
0.00764274597167969 -0.0178432464599609 -0.121917724609375 -0.48040771484375
-0.00162124633789063 -0.00903892517089844 -0.416656494140625 -0.134552001953125
-0.00231313705444336 -0.00014185905456543 -0.259506225585938 0.217239379882812
0.00134468078613281 -0.00227594375610352 -0.0133056640625 0.23992919921875
-0.00131416320800781 0.0030519962310791 0.149169921875 0.08447265625
0.00437450408935547 0.00634670257568359 0.169387817382813 -0.060516357421875
-0.000767946243286133 -0.00243997573852539 -0.153106689453125 0.06427001953125
0.0100603103637695 0.000449180603027344 -0.1181640625 -0.0981979370117187
0.00511074066162109 0.00443696975708008 0.043731689453125 -0.249969482421875
-0.00282096862792969 0.0102128982543945 0.292236328125 -0.197784423828125
-0.0134954452514648 -0.00892066955566406 0.370758056640625 0.185516357421875
-0.0061492919921875 -0.0359573364257813 0.089996337890625 0.4759521484375
0.0162925720214844 -0.00884056091308594 -0.14141845703125 0.3048095703125
0.0254154205322266 0.00312042236328125 0.0238704681396484 0.0269565582275391
0.0134506225585938 -0.0115375518798828 0.17742919921875 -0.306427001953125
0.00677299499511719 -0.0232086181640625 -0.11865234375 -0.478515625
-0.00383472442626953 -0.011897087097168 -0.41473388671875 -0.135955810546875
-0.00355362892150879 0.000622272491455077 -0.260833740234375 0.217208862304688
0.00138843059539795 -0.000133037567138672 -0.0155029296875 0.24090576171875
0.000673770904541016 0.00480556488037109 0.148910522460938 0.08465576171875
0.00577068328857422 0.00943660736083984 0.168121337890625 -0.061248779296875
0.00114405155181885 -0.000100851058959961 -0.153579711914063 0.0648956298828125
0.0106821060180664 0.00139617919921875 -0.119461059570313 -0.096466064453125
0.00484609603881836 0.00525712966918945 0.039306640625 -0.248046875
-0.00402259826660156 0.0105762481689453 0.287811279296875 -0.200347900390625
-0.0143375396728516 -0.0104885101318359 0.372222900390625 0.18072509765625
-0.00605010986328125 -0.0402793884277344 0.094879150390625 0.47454833984375
0.0201377868652344 -0.0137176513671875 -0.1414794921875 0.308746337890625
0.0314617156982422 -3.0517578125E-05 0.0184841156005859 0.0308189392089844
0.0173177719116211 -0.0165176391601563 0.17767333984375 -0.299346923828125
0.00664901733398438 -0.0272674560546875 -0.1109619140625 -0.4779052734375
-0.00570487976074219 -0.0138263702392578 -0.4134521484375 -0.141448974609375
-0.00399613380432129 0.000868082046508789 -0.26507568359375 0.2154541015625
0.00183868408203125 0.00144076347351074 -0.018524169921875 0.2425537109375
0.00172758102416992 0.00609350204467773 0.148086547851562 0.0865020751953125
0.0072641372680664 0.011906623840332 0.169448852539063 -0.060577392578125
0.00166535377502441 0.00105929374694824 -0.15313720703125 0.0655670166015625
0.0111370086669922 0.0011138916015625 -0.121559143066406 -0.0937423706054687
0.00523805618286133 0.00571203231811523 0.034393310546875 -0.247726440429688
-0.00434684753417969 0.0106124877929687 0.281494140625 -0.20452880859375
-0.01544189453125 -0.0106058120727539 0.375885009765625 0.17254638671875
-0.00653457641601562 -0.0424537658691406 0.104583740234375 0.475250244140625
0.0217170715332031 -0.0170574188232422 -0.139739990234375 0.31549072265625
0.0359725952148438 -0.00247573852539063 0.011932373046875 0.0360679626464844
0.0199699401855469 -0.0192928314208984 0.17877197265625 -0.292633056640625
0.00731086730957032 -0.0290012359619141 -0.103240966796875 -0.478668212890625
-0.00551891326904297 -0.0142059326171875 -0.41192626953125 -0.149566650390625
-0.00449895858764648 0.000951290130615235 -0.271804809570313 0.21221923828125
0.00160896778106689 0.00154793262481689 -0.0242462158203125 0.244522094726563
0.00186872482299805 0.00600242614746094 0.14617919921875 0.089599609375
0.00772857666015625 0.0129318237304688 0.169937133789063 -0.060089111328125
-0.0115413665771484 -0.0219650268554687 -0.155776977539062 0.0675506591796875
0.00186347961425781 -0.0101318359375 -0.127639770507813 -0.090606689453125
0.00311088562011719 -0.0107994079589844 0.0249176025390625 -0.251235961914063
0.00499248504638672 0.00925636291503906 0.2738037109375 -0.2236328125
-0.00100517272949219 0.00624847412109375 0.386322021484375 0.14935302734375
-0.00532054901123047 -0.00935554504394531 0.1295166015625 0.467437744140625
-0.00286197662353516 0.0154619216918945 -0.12823486328125 0.322662353515625
-0.00699424743652344 0.0199146270751953 0.0114898681640625 0.0395011901855469
-0.00380897521972656 0.0145368576049805 0.1883544921875 -0.288787841796875
0.0106668472290039 0.00290966033935547 -0.0887451171875 -0.4918212890625
0.0104494094848633 0.00150871276855469 -0.41436767578125 -0.17120361328125
0.0037534236907959 -0.00243902206420898 -0.28399658203125 0.20147705078125
0.00155067443847656 -0.0126914978027344 -0.0348663330078125 0.2449951171875
-0.00697898864746094 -0.00704336166381836 0.14239501953125 0.09326171875
-0.00353527069091797 -0.00688791275024414 0.172714233398438 -0.0576629638671875
-0.0103855133056641 -0.0185699462890625 -0.155044555664063 0.06591796875
0.00315952301025391 -0.00820255279541015 -0.124366760253906 -0.0942230224609375
0.00351762771606445 -0.00823783874511719 0.0323028564453125 -0.252700805664063
0.00412273406982422 0.00916767120361328 0.283050537109375 -0.216766357421875
-0.00283646583557129 0.0039360523223877 0.382354736328125 0.162017822265625
-0.00577735900878906 -0.0123062133789063 0.11602783203125 0.4715576171875
-0.00136280059814453 0.0140829086303711 -0.1318359375 0.31494140625
-0.00405120849609375 0.0182914733886719 0.0184898376464844 0.0335903167724609
-0.00224781036376953 0.0115509033203125 0.18634033203125 -0.297760009765625
0.0100240707397461 -0.000629425048828125 -0.099945068359375 -0.490509033203125
0.0083627700805664 -0.000512123107910156 -0.416839599609375 -0.16015625
0.00328564643859863 -0.00219416618347168 -0.276107788085938 0.207748413085937
0.00113201141357422 -0.0108699798583984 -0.0272064208984375 0.243301391601563
-0.00614643096923828 -0.00514507293701172 0.1448974609375 0.0896759033203125
-0.00292205810546875 -0.00441360473632813 0.170516967773438 -0.059417724609375
-0.00816535949707031 -0.0149145126342773 -0.155303955078125 0.06524658203125
0.00435924530029297 -0.00539445877075195 -0.122077941894531 -0.0969390869140625
0.0037531852722168 -0.00508785247802734 0.0380401611328125 -0.253738403320313
0.00272369384765625 0.00962352752685547 0.28851318359375 -0.21087646484375
-0.00576972961425781 0.000777244567871094 0.379791259765625 0.17327880859375
-0.00598621368408203 -0.0171394348144531 0.105987548828125 0.474700927734375
0.00169754028320313 0.00944709777832031 -0.135009765625 0.308563232421875
0.00178909301757813 0.0156002044677734 0.0240402221679688 0.0289974212646484
0.0011906623840332 0.00714540481567383 0.182586669921875 -0.30401611328125
0.00955390930175781 -0.00557231903076172 -0.11212158203125 -0.48822021484375
0.005523681640625 -0.0032954216003418 -0.4195556640625 -0.148193359375
0.00101351737976074 -0.00161075592041016 -0.268600463867188 0.213577270507813
0.00122261047363281 -0.00838375091552735 -0.0202484130859375 0.242721557617187
-0.00450229644775391 -0.00232839584350586 0.147674560546875 0.0866851806640625
-0.000125646591186523 -0.00149667263031006 0.171371459960938 -0.06005859375
-0.00560569763183594 -0.0111570358276367 -0.154800415039063 0.0652008056640625
0.00653409957885742 -0.00318479537963867 -0.120292663574219 -0.0987091064453125
0.00426697731018066 -0.00176119804382324 0.041839599609375 -0.253768920898438
0.000446319580078126 0.00996303558349609 0.2923583984375 -0.204010009765625
-0.00867319107055664 -0.00278234481811524 0.377166748046875 0.18170166015625
-0.00611686706542969 -0.0238208770751953 0.096893310546875 0.47698974609375
0.00624656677246094 0.00380086898803711 -0.137908935546875 0.30560302734375
0.00937747955322266 0.0115594863891602 0.0267486572265625 0.02630615234375
0.00467014312744141 0.00114727020263672 0.18011474609375 -0.308685302734375
0.00812530517578125 -0.011439323425293 -0.11907958984375 -0.486083984375
0.00191736221313477 -0.0064387321472168 -0.4188232421875 -0.140777587890625
8.10027122497559E-05 -0.000692427158355713 -0.26385498046875 0.216903686523438
0.00134563446044922 -0.00526094436645508 -0.0157470703125 0.24212646484375
-0.00294017791748047 0.000241518020629882 0.149063110351563 0.08477783203125
0.00210857391357422 0.00277042388916016 0.16986083984375 -0.0611114501953125
-0.00269746780395508 -0.00632619857788086 -0.155059814453125 0.0648040771484375
0.00818824768066406 -0.000573635101318359 -0.119026184082031 -0.10009765625
0.00485134124755859 0.00114870071411133 0.043853759765625 -0.25360107421875
-0.00148677825927734 0.0100154876708984 0.294342041015625 -0.201812744140625
-0.0110616683959961 -0.00669288635253906 0.3758544921875 0.185882568359375
-0.00607872009277344 -0.0303478240966797 0.09307861328125 0.477447509765625
0.0114822387695312 -0.00259590148925781 -0.139923095703125 0.304229736328125
0.0177478790283203 0.00713729858398438 0.0270137786865234 0.0249519348144531
0.00918102264404297 -0.00547695159912109 0.178497314453125 -0.31036376953125
0.00758171081542969 -0.0179996490478516 -0.123382568359375 -0.482513427734375
-0.00154876708984375 -0.00927925109863281 -0.419097900390625 -0.136383056640625
-0.00203943252563477 -7.21216201782229E-05 -0.262741088867188 0.219482421875
0.00137662887573242 -0.00243473052978516 -0.013702392578125 0.241775512695313
-0.00173091888427734 0.00342321395874023 0.149917602539063 0.084381103515625
0.00503444671630859 0.00651693344116211 0.170440673828125 -0.061065673828125
-0.00084686279296875 -0.00184714794158936 -0.153854370117188 0.0645599365234375
0.00949954986572266 0.000926971435546875 -0.119041442871094 -0.0991592407226562
0.00509023666381836 0.00463533401489258 0.0431365966796875 -0.251571655273438
-0.00341033935546875 0.0103616714477539 0.29364013671875 -0.20074462890625
-0.0136728286743164 -0.00916767120361328 0.37310791015625 0.186614990234375
-0.0062713623046875 -0.0363121032714844 0.09210205078125 0.4786376953125
0.0164546966552734 -0.00850582122802734 -0.1416015625 0.306121826171875
0.0261631011962891 0.00289726257324219 0.0242862701416016 0.0274238586425781
0.0133724212646484 -0.0119771957397461 0.1785888671875 -0.3074951171875
0.00655174255371094 -0.0232696533203125 -0.120025634765625 -0.48211669921875
-0.00412750244140625 -0.0121288299560547 -0.418060302734375 -0.137451171875
-0.00354409217834473 0.000467061996459961 -0.26348876953125 0.219482421875
0.00149738788604736 0.000470161437988281 -0.0152130126953125 0.242095947265625
0.000191688537597656 0.00506019592285156 0.149826049804688 0.08502197265625
0.00653076171875 0.0100736618041992 0.169631958007813 -0.0615234375
0.000997185707092285 0.000322997570037842 -0.15380859375 0.0655364990234375
0.010615348815918 0.00164890289306641 -0.120597839355469 -0.0965347290039062
0.0049901008605957 0.00549459457397461 0.0391845703125 -0.250320434570313
-0.00434684753417969 0.0104331970214844 0.2894287109375 -0.20135498046875
-0.0150613784790039 -0.0109024047851563 0.3743896484375 0.181640625
-0.00663375854492187 -0.0404739379882813 0.096405029296875 0.477935791015625
0.0200386047363281 -0.0133342742919922 -0.142333984375 0.31005859375
0.0320816040039063 -0.000509262084960938 0.0190773010253906 0.0309429168701172
0.0174283981323242 -0.0164108276367188 0.17877197265625 -0.3009033203125
0.0068511962890625 -0.0272274017333984 -0.112945556640625 -0.480316162109375
-0.00556659698486328 -0.0142612457275391 -0.4158935546875 -0.142181396484375
-0.00423669815063476 0.000908136367797852 -0.267364501953125 0.217208862304687
0.00170481204986572 0.00188660621643066 -0.0188751220703125 0.244613647460938
0.00162220001220703 0.00644969940185547 0.1492919921875 0.08636474609375
0.00799274444580078 0.0120477676391602 0.17059326171875 -0.06170654296875
0.00221896171569824 0.00122261047363281 -0.153289794921875 0.0663604736328125
0.0109615325927734 0.000997543334960938 -0.1221923828125 -0.0943756103515625
0.00505924224853516 0.00577592849731445 0.0337371826171875 -0.249496459960938
-0.00418853759765625 0.0108280181884766 0.2823486328125 -0.205841064453125
-0.016566276550293 -0.0107908248901367 0.378021240234375 0.1739501953125
-0.00738525390625 -0.0426177978515625 0.10650634765625 0.47882080078125
0.0220413208007812 -0.01666259765625 -0.140625 0.317718505859375
0.0360908508300781 -0.00307846069335938 0.0122184753417969 0.0361671447753906
0.0198326110839844 -0.0184898376464844 0.179901123046875 -0.294219970703125
0.00762367248535157 -0.0291633605957031 -0.10418701171875 -0.482330322265625
-0.00568294525146484 -0.0148410797119141 -0.415496826171875 -0.1490478515625
-0.00429987907409668 0.000821113586425781 -0.274017333984375 0.214248657226563
0.00161266326904297 0.00223445892333984 -0.024383544921875 0.246795654296875
0.00203561782836914 0.00665855407714844 0.147857666015625 0.089752197265625
0.00845527648925781 0.0128402709960938 0.171157836914063 -0.061309814453125
-0.0114879608154297 -0.021453857421875 -0.155975341796875 0.0681610107421875
0.00157737731933594 -0.00991153717041015 -0.128349304199219 -0.0906295776367188
0.00307273864746094 -0.0111112594604492 0.0237579345703125 -0.253189086914063
0.00585842132568359 0.00932693481445313 0.274261474609375 -0.225982666015625
-0.000797271728515625 0.00624990463256836 0.388427734375 0.149078369140625
-0.00573062896728516 -0.00931930541992188 0.1329345703125 0.46978759765625
-0.00309562683105469 0.0162239074707031 -0.127532958984375 0.32525634765625
-0.00664520263671875 0.0203361511230469 0.0121841430664063 0.0397148132324219
-0.00385856628417969 0.0143556594848633 0.1890869140625 -0.291900634765625
0.0105371475219727 0.00254058837890625 -0.090301513671875 -0.4951171875
0.0110569000244141 0.00166511535644531 -0.41925048828125 -0.171783447265625
0.00352334976196289 -0.00286531448364258 -0.28643798828125 0.204010009765625
0.00129413604736328 -0.0127620697021484 -0.03436279296875 0.246856689453125
-0.00700855255126953 -0.00711822509765625 0.144134521484375 0.0935516357421875
-0.00362586975097656 -0.00722694396972656 0.17364501953125 -0.0589599609375
-0.0107250213623047 -0.0181808471679688 -0.15570068359375 0.0670013427734375
0.00299930572509766 -0.00798273086547852 -0.125732421875 -0.0944976806640625
0.00349283218383789 -0.00860071182250977 0.0313720703125 -0.254684448242188
0.00456619262695313 0.00966930389404297 0.282470703125 -0.219512939453125
-0.00334835052490234 0.00377941131591797 0.383880615234375 0.163116455078125
-0.00640010833740234 -0.0122299194335938 0.117919921875 0.4742431640625
-0.00102901458740235 0.0143203735351563 -0.131439208984375 0.31707763671875
-0.00389480590820313 0.0188140869140625 0.0192623138427734 0.0336780548095703
-0.00226593017578125 0.0125036239624023 0.186981201171875 -0.300323486328125
0.0103368759155273 -0.000680923461914063 -0.102813720703125 -0.49359130859375
0.00872421264648438 -0.000775337219238281 -0.420623779296875 -0.159942626953125
0.00296640396118164 -0.00271987915039063 -0.278167724609375 0.210357666015625
0.00109577178955078 -0.0106697082519531 -0.027069091796875 0.245712280273438
-0.00636434555053711 -0.00476503372192383 0.146255493164063 0.0898590087890625
-0.00224089622497559 -0.00422501564025879 0.171630859375 -0.0604248046875
-0.0081949234008789 -0.0151634216308594 -0.156051635742187 0.0663299560546875
0.00447511672973633 -0.00524187088012695 -0.123199462890625 -0.0976943969726562
0.00417137145996094 -0.00534820556640625 0.03704833984375 -0.255813598632813
0.00262069702148437 0.00995731353759766 0.288055419921875 -0.212921142578125
-0.0060276985168457 0.000715255737304687 0.382568359375 0.1729736328125
-0.00639915466308594 -0.0174627304077148 0.1083984375 0.47735595703125
0.00178623199462891 0.00987339019775391 -0.13470458984375 0.311065673828125
0.00220966339111328 0.0154561996459961 0.0241279602050781 0.0288791656494141
0.000946998596191406 0.00722122192382813 0.18414306640625 -0.307098388671875
0.00934886932373047 -0.00605583190917969 -0.1146240234375 -0.491180419921875
0.00570011138916016 -0.00366878509521484 -0.4219970703125 -0.148193359375
0.00104749202728271 -0.00157332420349121 -0.271133422851562 0.215835571289063
0.000936985015869141 -0.00809478759765625 -0.0201416015625 0.244583129882812
-0.00478649139404297 -0.00179052352905273 0.14923095703125 0.0867462158203125
0.000171542167663574 -0.00150525569915771 0.17242431640625 -0.0615234375
-0.00585174560546875 -0.0102367401123047 -0.15545654296875 0.0656890869140625
0.00613832473754883 -0.0030517578125 -0.121490478515625 -0.099334716796875
0.00450420379638672 -0.00154829025268555 0.0409393310546875 -0.255935668945313
0.000698089599609376 0.0100736618041992 0.29296875 -0.205902099609375
-0.00872802734375 -0.00302886962890625 0.3802490234375 0.181427001953125
-0.00643157958984375 -0.0238037109375 0.0985107421875 0.4820556640625
0.00644207000732422 0.00442838668823242 -0.137603759765625 0.307586669921875
0.00946617126464844 0.0120353698730469 0.0274906158447266 0.0257110595703125
0.00467491149902344 0.00143337249755859 0.1795654296875 -0.311920166015625
0.00831794738769531 -0.0119771957397461 -0.1220703125 -0.488800048828125
0.002227783203125 -0.00697803497314453 -0.422943115234375 -0.13909912109375
-0.000542402267456054 -0.00109469890594482 -0.265533447265625 0.219833374023437
0.000883102416992187 -0.00458145141601563 -0.01556396484375 0.243728637695313
-0.00290822982788086 0.000662803649902344 0.150741577148438 0.0844268798828125
0.00245022773742676 0.00267362594604492 0.171157836914063 -0.062530517578125
-0.002685546875 -0.00608730316162109 -0.155380249023438 0.0652008056640625
0.0081028938293457 -0.000252246856689453 -0.120597839355469 -0.100128173828125
0.00450515747070313 0.00165557861328125 0.0434417724609375 -0.255752563476563
-0.00134658813476562 0.0103721618652344 0.29620361328125 -0.204376220703125
-0.0118265151977539 -0.00628662109375 0.3790283203125 0.185821533203125
-0.00701332092285157 -0.030242919921875 0.094940185546875 0.481475830078125
0.0116558074951172 -0.00271892547607422 -0.1396484375 0.305572509765625
0.0180778503417969 0.00740432739257812 0.0276947021484375 0.0248680114746094
0.00918292999267578 -0.00553989410400391 0.17919921875 -0.312774658203125
0.00768661499023437 -0.0181255340576172 -0.124664306640625 -0.48651123046875
-0.00131320953369141 -0.00993251800537109 -0.423431396484375 -0.134796142578125
-0.00232839584350586 -0.000105381011962891 -0.26458740234375 0.2220458984375
0.00115561485290527 -0.00224924087524414 -0.0138092041015625 0.244171142578125
-0.00119543075561523 0.00350356101989746 0.151626586914062 0.0842742919921875
0.00530195236206055 0.00591468811035156 0.171295166015625 -0.062469482421875
-0.000710844993591308 -0.001251220703125 -0.154251098632813 0.066436767578125
0.00983428955078125 0.00109004974365234 -0.120391845703125 -0.09918212890625
0.00486326217651367 0.00401878356933594 0.042144775390625 -0.253433227539063
-0.00271797180175781 0.0106344223022461 0.2935791015625 -0.201690673828125
-0.0137548446655273 -0.00980186462402344 0.37689208984375 0.186767578125
-0.00674057006835937 -0.0362625122070313 0.09442138671875 0.482818603515625
0.0166702270507813 -0.00856113433837891 -0.141937255859375 0.3082275390625
0.0263462066650391 0.00291824340820313 0.0245285034179687 0.0268192291259766
0.013545036315918 -0.0115242004394531 0.178924560546875 -0.311065673828125
0.006927490234375 -0.0235939025878906 -0.121490478515625 -0.484771728515625
-0.004150390625 -0.0123891830444336 -0.421539306640625 -0.1363525390625
-0.00309014320373535 0.000134468078613281 -0.265411376953125 0.222122192382813
0.00144350528717041 0.000481724739074707 -0.015167236328125 0.244537353515625
0.000521659851074219 0.00555419921875 0.151687622070313 0.0850677490234375
0.00682163238525391 0.00955963134765625 0.170501708984375 -0.063446044921875
0.00155007839202881 0.00114071369171143 -0.154296875 0.0665283203125
0.0105695724487305 0.00183963775634766 -0.12158203125 -0.0975570678710937
0.00481843948364258 0.00560188293457031 0.038665771484375 -0.252914428710938
-0.00404167175292969 0.0105743408203125 0.28936767578125 -0.20343017578125
-0.0156269073486328 -0.0109462738037109 0.3785400390625 0.1812744140625
-0.00682830810546875 -0.0408363342285156 0.09796142578125 0.48095703125
0.0201225280761719 -0.0133628845214844 -0.142059326171875 0.3123779296875
0.0324287414550781 -0.000152587890625 0.0192794799804688 0.0306415557861328
0.0173044204711914 -0.0160751342773438 0.179443359375 -0.303680419921875
0.0066986083984375 -0.0274772644042969 -0.1153564453125 -0.484100341796875
-0.00549983978271484 -0.0141086578369141 -0.420318603515625 -0.1414794921875
-0.00427865982055664 0.000889062881469726 -0.269241333007812 0.220657348632813
0.00172626972198486 0.00189840793609619 -0.018829345703125 0.246414184570313
0.00189685821533203 0.00650882720947266 0.15081787109375 0.086822509765625
0.0084075927734375 0.0123968124389648 0.171630859375 -0.0629730224609375
0.00196588039398193 0.00214171409606934 -0.154251098632813 0.0674285888671875
0.0107288360595703 0.00157356262207031 -0.123672485351562 -0.0944366455078125
0.00550699234008789 0.00556802749633789 0.032989501953125 -0.251327514648438
-0.00386905670166016 0.0107507705688477 0.28369140625 -0.20855712890625
-0.0166015625 -0.0108537673950195 0.380645751953125 0.174041748046875
-0.00780105590820313 -0.0424652099609375 0.108551025390625 0.48150634765625
0.0220222473144531 -0.0168361663818359 -0.140106201171875 0.31988525390625
0.0365829467773438 -0.00288772583007813 0.0126533508300781 0.0360641479492188
0.0198783874511719 -0.0191631317138672 0.180419921875 -0.2967529296875
0.00748443603515625 -0.0293407440185547 -0.106048583984375 -0.48577880859375
-0.00588226318359375 -0.0153627395629883 -0.4193115234375 -0.149261474609375
-0.00445747375488281 0.000392913818359375 -0.276214599609375 0.217056274414063
0.00158572196960449 0.00181365013122559 -0.0243072509765625 0.248855590820313
0.00221109390258789 0.00616264343261719 0.14898681640625 0.0897216796875
0.00899219512939453 0.0127382278442383 0.172576904296875 -0.0622711181640625
-0.0118274688720703 -0.0210704803466797 -0.156051635742188 0.0699615478515625
0.00147724151611328 -0.00969982147216797 -0.12982177734375 -0.0904006958007813
0.00315189361572266 -0.0111045837402344 0.022003173828125 -0.255538940429687
0.00581550598144531 0.00941371917724609 0.274124145507813 -0.22821044921875
-0.00114059448242187 0.00575828552246094 0.39105224609375 0.149658203125
-0.00644683837890625 -0.00962543487548828 0.13470458984375 0.47247314453125
-0.00271034240722656 0.016749382019043 -0.1268310546875 0.32745361328125
-0.00680160522460938 0.0198631286621094 0.0123672485351563 0.0399932861328125
-0.00402927398681641 0.0149478912353516 0.189483642578125 -0.293792724609375
0.0109462738037109 0.00247955322265625 -0.093292236328125 -0.49822998046875
0.0112857818603516 0.00133037567138672 -0.42401123046875 -0.171173095703125
0.00363755226135254 -0.00293207168579102 -0.2886962890625 0.208099365234375
0.000774383544921874 -0.0126285552978516 -0.0335540771484375 0.249298095703125
-0.00719928741455078 -0.0068507194519043 0.145889282226562 0.093414306640625
-0.00326871871948242 -0.00714111328125 0.174514770507813 -0.06060791015625
-0.0105228424072266 -0.0176506042480469 -0.156204223632813 0.0687408447265625
0.00281095504760742 -0.00807428359985352 -0.126998901367188 -0.0948104858398438
0.00346040725708008 -0.0086064338684082 0.0300140380859375 -0.256698608398438
0.0051279067993164 0.00956630706787109 0.283233642578125 -0.22137451171875
-0.00337338447570801 0.00348854064941406 0.388275146484375 0.162506103515625
-0.00676155090332031 -0.0125932693481445 0.12139892578125 0.477996826171875
-0.00127029418945312 0.0144128799438477 -0.130523681640625 0.319671630859375
-0.00346183776855469 0.0188560485839844 0.0199241638183594 0.0336933135986328
-0.00213241577148437 0.0123929977416992 0.18707275390625 -0.303375244140625
0.0105218887329102 -0.000759124755859375 -0.10504150390625 -0.496551513671875
0.0089111328125 -0.000870704650878906 -0.424072265625 -0.159942626953125
0.00317478179931641 -0.00241708755493164 -0.28021240234375 0.212738037109375
0.000694274902343751 -0.0107393264770508 -0.0263671875 0.247802734375
-0.00578832626342773 -0.00485706329345703 0.1478271484375 0.0895233154296875
-0.00192451477050781 -0.00477504730224609 0.173263549804688 -0.06170654296875
-0.00818061828613281 -0.0143241882324219 -0.15667724609375 0.06756591796875
0.00422191619873047 -0.00511407852172851 -0.124969482421875 -0.0979385375976562
0.00415563583374023 -0.00509214401245117 0.0354766845703125 -0.258377075195312
0.00311565399169922 0.00999355316162109 0.289459228515625 -0.215301513671875
-0.00622463226318359 0.000540256500244139 0.385589599609375 0.173004150390625
-0.00711631774902344 -0.0172853469848633 0.111358642578125 0.4796142578125
0.00171566009521484 0.00968647003173828 -0.133636474609375 0.313201904296875
0.00184440612792969 0.0158109664916992 0.0247974395751953 0.0291156768798828
0.000917911529541015 0.0077509880065918 0.183319091796875 -0.31024169921875
0.00966835021972656 -0.00575542449951172 -0.118255615234375 -0.49383544921875
0.00579214096069336 -0.00382471084594727 -0.428314208984375 -0.146728515625
0.0012744665145874 -0.00186192989349365 -0.272720336914063 0.218887329101563
0.000751972198486328 -0.00774621963500976 -0.019439697265625 0.246856689453125
-0.00501108169555664 -0.00168132781982422 0.150283813476563 0.0870513916015625
0.000388979911804199 -0.00164008140563965 0.173538208007813 -0.0623931884765625
-0.0056915283203125 -0.00972843170166016 -0.155746459960938 0.0673980712890625
0.00613832473754883 -0.00227260589599609 -0.122627258300781 -0.100021362304688
0.00464963912963867 -0.00174951553344727 0.039886474609375 -0.258148193359375
0.000941276550292968 0.010009765625 0.294219970703125 -0.210113525390625
-0.00917530059814453 -0.00315093994140625 0.38275146484375 0.180694580078125
-0.00760459899902344 -0.0240573883056641 0.102813720703125 0.483612060546875
0.00680112838745117 0.00447702407836914 -0.1368408203125 0.3095703125
0.0095367431640625 0.0119113922119141 0.0276165008544922 0.0260124206542969
0.00505352020263672 0.00111007690429687 0.1800537109375 -0.314056396484375
0.00858020782470703 -0.0118169784545898 -0.125335693359375 -0.491943359375
0.00233030319213867 -0.00706720352172852 -0.42706298828125 -0.13836669921875
-0.000307440757751465 -0.00136351585388184 -0.267684936523438 0.223373413085938
0.000864505767822266 -0.00453424453735352 -0.01434326171875 0.246261596679687
-0.00286650657653809 0.00118899345397949 0.152084350585938 0.0845184326171875
0.00289320945739746 0.00289535522460938 0.171737670898438 -0.0637664794921875
-0.00231266021728516 -0.00560760498046875 -0.155899047851562 0.066741943359375
0.0076446533203125 0.000154972076416016 -0.121658325195313 -0.100639343261719
0.00492715835571289 0.00148868560791016 0.0418243408203125 -0.257980346679688
-0.00124454498291016 0.010432243347168 0.295928955078125 -0.2060546875
-0.0117387771606445 -0.00646686553955078 0.3809814453125 0.185699462890625
-0.00759696960449219 -0.0308113098144531 0.0972900390624999 0.48486328125
0.0118379592895508 -0.00217914581298828 -0.138580322265625 0.30810546875
0.0181350708007813 0.00739860534667969 0.0279541015625 0.0252838134765625
0.00925350189208984 -0.00536537170410156 0.178802490234375 -0.314910888671875
0.00764846801757812 -0.0183448791503906 -0.12872314453125 -0.4888916015625
-0.001617431640625 -0.0101308822631836 -0.427215576171875 -0.1346435546875
-0.00240588188171387 -0.000336647033691406 -0.265792846679687 0.22564697265625
0.000700712203979492 -0.00163149833679199 -0.0127410888671875 0.246002197265625
-0.000980377197265625 0.00375175476074219 0.153121948242188 0.0838470458984375
0.00544834136962891 0.00625944137573242 0.172622680664063 -0.06396484375
-0.000800549983978271 -0.000722587108612061 -0.154449462890625 0.0673675537109375
0.00978565216064453 0.00128746032714844 -0.121994018554687 -0.0995407104492188
0.00537872314453125 0.00418281555175781 0.0407257080078125 -0.255874633789063
-0.00233745574951172 0.0105514526367188 0.294158935546875 -0.20465087890625
-0.0146188735961914 -0.00968742370605469 0.379852294921875 0.187255859375
-0.00751876831054687 -0.0365715026855469 0.0971374511718751 0.48577880859375
0.0170078277587891 -0.00831794738769531 -0.1405029296875 0.31060791015625
0.0264930725097656 0.00269508361816406 0.0253105163574219 0.0267238616943359
0.0136623382568359 -0.0115079879760742 0.17889404296875 -0.31268310546875
0.00673484802246094 -0.0235824584960938 -0.125152587890625 -0.488616943359375
-0.00414752960205078 -0.012608528137207 -0.425872802734375 -0.13616943359375
-0.00334477424621582 -2.24113464355466E-05 -0.26641845703125 0.225677490234375
0.00130689144134521 0.000378847122192383 -0.0141448974609375 0.247024536132813
0.000470638275146484 0.00572824478149414 0.152786254882813 0.0846405029296875
0.00716590881347656 0.00952434539794922 0.171279907226563 -0.0646820068359375
0.00150740146636963 0.00121748447418213 -0.154708862304688 0.06768798828125
0.0105085372924805 0.00218582153320313 -0.123092651367188 -0.0976943969726562
0.00532674789428711 0.00565099716186523 0.0368804931640625 -0.2547607421875
-0.00361537933349609 0.0106287002563477 0.2901611328125 -0.206024169921875
-0.0164890289306641 -0.0111608505249023 0.38043212890625 0.182525634765625
-0.00800704956054687 -0.040863037109375 0.1019287109375 0.485382080078125
0.0204315185546875 -0.0137042999267578 -0.141448974609375 0.3140869140625
0.0326957702636719 -0.000453948974609375 0.0196819305419922 0.03070068359375
0.017852783203125 -0.01654052734375 0.179656982421875 -0.306365966796875
0.00687980651855469 -0.0279541015625 -0.118499755859375 -0.4884033203125
-0.00548934936523437 -0.0145416259765625 -0.42510986328125 -0.13983154296875
-0.00428414344787598 0.000635385513305664 -0.271102905273437 0.223556518554688
0.0013430118560791 0.00239086151123047 -0.0179901123046875 0.248550415039063
0.00193023681640625 0.00679540634155274 0.152236938476563 0.08660888671875
0.00899791717529297 0.0118017196655273 0.172805786132813 -0.0647430419921875
0.00213336944580078 0.00239706039428711 -0.154129028320313 0.0687713623046875
0.0111465454101563 0.0017852783203125 -0.12518310546875 -0.0947418212890625
0.00547456741333008 0.00563669204711914 0.0316314697265625 -0.253204345703125
-0.00398731231689453 0.0108194351196289 0.2840576171875 -0.21124267578125
-0.0169448852539063 -0.0112237930297852 0.384246826171875 0.173248291015625
-0.00849533081054687 -0.043060302734375 0.110992431640625 0.484954833984375
0.0224666595458984 -0.0167713165283203 -0.139190673828125 0.321563720703125
0.0366096496582031 -0.00298690795898438 0.0130844116210938 0.0364723205566406
0.0202274322509766 -0.0191783905029297 0.18072509765625 -0.299468994140625
0.00742912292480469 -0.0298309326171875 -0.109405517578125 -0.4886474609375
-0.00616359710693359 -0.0150070190429688 -0.4244384765625 -0.14874267578125
-0.00484609603881836 0.000824451446533204 -0.278366088867188 0.22027587890625
0.00162696838378906 0.00229239463806152 -0.023223876953125 0.251083374023438
0.00241565704345703 0.00675678253173828 0.150772094726562 0.0897979736328125
0.00981712341308594 0.0128812789916992 0.173248291015625 -0.0635986328125
-0.0124797821044922 -0.0205593109130859 -0.156478881835938 0.0712127685546875
0.00108242034912109 -0.0095062255859375 -0.131340026855469 -0.0903472900390625
0.00295734405517578 -0.0109367370605469 0.0208740234375 -0.257049560546875
0.00669670104980469 0.00963020324707031 0.275436401367188 -0.231369018554687
-0.00145530700683594 0.00613594055175781 0.3951416015625 0.14697265625
-0.00664901733398438 -0.00955581665039063 0.1390380859375 0.475494384765625
-0.00261783599853515 0.0170631408691406 -0.1251220703125 0.328948974609375
-0.00662422180175781 0.0201740264892578 0.013153076171875 0.0400733947753906
-0.00398635864257812 0.0153703689575195 0.189910888671875 -0.297210693359375
0.0110721588134766 0.00287342071533203 -0.0977478027343751 -0.501983642578125
0.0110836029052734 0.000887870788574219 -0.427764892578125 -0.169525146484375
0.00400066375732422 -0.00335264205932617 -0.2901611328125 0.21148681640625
0.000885009765625 -0.0124187469482422 -0.0327911376953125 0.2513427734375
-0.00711965560913086 -0.00645065307617188 0.147079467773438 0.0927734375
-0.00246191024780274 -0.00725984573364258 0.1754150390625 -0.06207275390625
-0.0106945037841797 -0.0169353485107422 -0.1558837890625 0.0699005126953125
0.00258922576904297 -0.00782394409179687 -0.128555297851563 -0.0951080322265625
0.00340366363525391 -0.00855350494384766 0.0286102294921875 -0.25921630859375
0.00503635406494141 0.00956058502197265 0.283935546875 -0.224395751953125
-0.00407552719116211 0.00347757339477539 0.39117431640625 0.160858154296875
-0.00737762451171875 -0.012272834777832 0.1260986328125 0.48016357421875
-0.00131893157958984 0.0148448944091797 -0.129638671875 0.321868896484375
-0.0033111572265625 0.0188674926757813 0.0202083587646484 0.0336132049560547
-0.00203704833984375 0.0128116607666016 0.186553955078125 -0.305908203125
0.0105352401733398 -0.000315666198730469 -0.109130859375 -0.500274658203125
0.00878620147705078 -0.00142192840576172 -0.429840087890625 -0.158782958984375
0.00271272659301758 -0.00246405601501465 -0.281707763671875 0.217071533203125
0.000497817993164062 -0.0102729797363281 -0.0248870849609375 0.2496337890625
-0.00626802444458008 -0.00464820861816406 0.1497802734375 0.0892791748046875
-0.00181436538696289 -0.00470495223999023 0.17388916015625 -0.06390380859375
-0.00866031646728516 -0.0142364501953125 -0.157135009765625 0.0690460205078125
0.00418233871459961 -0.00490474700927734 -0.126373291015625 -0.0978622436523438
0.00365686416625977 -0.00527143478393555 0.0338287353515625 -0.260467529296875
0.00301074981689453 0.00994205474853516 0.2891845703125 -0.21832275390625
-0.00608110427856445 0.000762939453125 0.3895263671875 0.171661376953125
-0.00792312622070313 -0.0177173614501953 0.114654541015625 0.48291015625
0.00194358825683594 0.0103626251220703 -0.132537841796875 0.315032958984375
0.00228214263916016 0.0159873962402344 0.0253353118896484 0.029052734375
0.000879764556884766 0.00796699523925781 0.183319091796875 -0.312774658203125
0.00991535186767578 -0.00623989105224609 -0.121826171875 -0.4969482421875
0.00573921203613281 -0.00401592254638672 -0.432464599609375 -0.145050048828125
0.000809073448181152 -0.00194847583770752 -0.274078369140625 0.223342895507813
0.000645637512207032 -0.00773477554321289 -0.018218994140625 0.249237060546875
-0.00487899780273438 -0.00129842758178711 0.152023315429688 0.086700439453125
0.000788092613220215 -0.00153064727783203 0.173812866210938 -0.06488037109375
-0.00606536865234375 -0.00951480865478515 -0.155899047851563 0.069122314453125
0.00613594055175781 -0.00205564498901367 -0.124481201171875 -0.0996475219726563
0.00480937957763672 -0.00173044204711914 0.0380706787109375 -0.26055908203125
0.000853538513183595 0.0103883743286133 0.294097900390625 -0.212860107421875
-0.00926494598388672 -0.00343132019042969 0.38653564453125 0.1802978515625
-0.00808143615722656 -0.0243301391601563 0.105743408203125 0.48681640625
0.00661182403564453 0.00480031967163086 -0.13525390625 0.3114013671875
0.0100059509277344 0.0121059417724609 0.0282497406005859 0.0258541107177734
0.0047907829284668 0.00168132781982422 0.180145263671875 -0.318023681640625
0.00878715515136719 -0.0121574401855469 -0.129425048828125 -0.495391845703125
0.00249242782592773 -0.00721263885498047 -0.432373046875 -0.13714599609375
-0.000419497489929199 -0.00131869316101074 -0.268325805664063 0.226669311523437
0.000771522521972656 -0.00436019897460937 -0.0130767822265625 0.248062133789062
-0.0031588077545166 0.0012054443359375 0.15386962890625 0.083587646484375
0.00336527824401855 0.00241446495056152 0.172531127929688 -0.065643310546875
-0.00309181213378906 -0.0049595832824707 -0.15625 0.068359375
0.00777959823608398 0.000144004821777344 -0.123016357421875 -0.100570678710938
0.00451803207397461 0.00149822235107422 0.039764404296875 -0.260116577148438
-0.001068115234375 0.0103740692138672 0.29681396484375 -0.2095947265625
-0.0123300552368164 -0.00648117065429688 0.384765625 0.184783935546875
-0.00791549682617188 -0.0305099487304688 0.10260009765625 0.488067626953125
0.0116071701049805 -0.00191688537597656 -0.13800048828125 0.31024169921875
0.018341064453125 0.00699996948242188 0.0282859802246094 0.024658203125
0.00924873352050781 -0.00555610656738281 0.177490234375 -0.318572998046875
0.00788307189941406 -0.0184364318847656 -0.132110595703125 -0.49261474609375
-0.00110149383544922 -0.0104246139526367 -0.431976318359375 -0.13134765625
-0.00240230560302734 -0.000507831573486328 -0.267074584960938 0.229263305664063
0.000775575637817383 -0.00179171562194824 -0.0116119384765625 0.248077392578125
-0.00116848945617676 0.00419020652770996 0.154861450195313 0.0833282470703125
0.0060124397277832 0.00636100769042969 0.173599243164063 -0.0656585693359375
-0.000452041625976563 -0.000561833381652832 -0.154647827148438 0.0681915283203125
0.00965499877929688 0.00164604187011719 -0.123565673828125 -0.0994949340820313
0.00525188446044922 0.00409078598022461 0.0396881103515625 -0.257781982421875
-0.00270748138427734 0.0102901458740234 0.29443359375 -0.208251953125
-0.0151538848876953 -0.00961875915527344 0.383880615234375 0.18524169921875
-0.0083770751953125 -0.0365142822265625 0.100921630859375 0.4891357421875
0.0168323516845703 -0.00800323486328125 -0.13995361328125 0.3121337890625
0.026824951171875 0.00301361083984375 0.0252685546875 0.0266342163085938
0.0139808654785156 -0.0112714767456055 0.179046630859375 -0.315216064453125
0.00714302062988281 -0.0238704681396484 -0.129119873046875 -0.49127197265625
-0.00395584106445312 -0.0129365921020508 -0.430450439453125 -0.133514404296875
-0.00387215614318848 0.000310897827148437 -0.268646240234375 0.229583740234375
0.000966548919677734 0.000839591026306152 -0.0128631591796875 0.248580932617188
0.000501155853271484 0.00565385818481445 0.155075073242188 0.084228515625
0.00796222686767578 0.00935459136962891 0.172348022460938 -0.0661773681640625
0.00133514404296875 0.00189197063446045 -0.154983520507812 0.06915283203125
0.0108776092529297 0.00262737274169922 -0.124580383300781 -0.0976791381835938
0.00546503067016602 0.00549745559692383 0.0348968505859375 -0.256500244140625
-0.003692626953125 0.0108547210693359 0.28985595703125 -0.209197998046875
-0.0166196823120117 -0.0112504959106445 0.3851318359375 0.1817626953125
-0.00835800170898437 -0.0407829284667969 0.10528564453125 0.48797607421875
0.0203456878662109 -0.0132408142089844 -0.14019775390625 0.316864013671875
0.0331344604492188 -0.000400543212890625 0.0206584930419922 0.030426025390625
0.0171852111816406 -0.0158796310424805 0.17950439453125 -0.30926513671875
0.00718879699707031 -0.0279769897460938 -0.121917724609375 -0.49053955078125
-0.00575637817382813 -0.0148868560791016 -0.42901611328125 -0.139373779296875
-0.00419449806213379 0.000495433807373047 -0.272354125976563 0.22747802734375
0.00120830535888672 0.00229263305664063 -0.0166473388671875 0.250778198242187
0.00194072723388672 0.00710535049438476 0.154022216796875 0.0861968994140625
0.00939846038818359 0.011754035949707 0.173828125 -0.0663909912109375
0.00206685066223145 0.00304889678955078 -0.154647827148438 0.06988525390625
0.0109443664550781 0.00201320648193359 -0.126350402832031 -0.0949478149414062
0.00560522079467773 0.00571250915527344 0.029571533203125 -0.255752563476563
-0.00379753112792969 0.011021614074707 0.2847900390625 -0.214263916015625
-0.0172643661499023 -0.0107526779174805 0.38873291015625 0.17254638671875
-0.00921249389648438 -0.0427932739257813 0.11627197265625 0.487518310546875
0.0224990844726563 -0.0166263580322266 -0.138153076171875 0.32421875
0.0368461608886719 -0.00329971313476563 0.0136375427246094 0.0362472534179688
0.0198135375976563 -0.01898193359375 0.180816650390625 -0.30194091796875
0.00775337219238281 -0.0301151275634766 -0.112060546875 -0.4913330078125
-0.00579071044921875 -0.0159339904785156 -0.42889404296875 -0.1480712890625
-0.00496578216552734 0.000579357147216798 -0.279556274414063 0.224258422851563
0.0013124942779541 0.00264215469360352 -0.0221405029296875 0.25311279296875
0.00238513946533203 0.00689983367919922 0.152481079101563 0.0891265869140625
0.00997447967529297 0.0124406814575195 0.1739501953125 -0.0657501220703125
-0.0123786926269531 -0.0199718475341797 -0.156631469726563 0.0729217529296875
0.00110816955566406 -0.00908374786376953 -0.133056640625 -0.0904922485351563
0.00317478179931641 -0.0109653472900391 0.017791748046875 -0.259414672851563
0.00668525695800781 0.00941085815429688 0.273788452148437 -0.23492431640625
-0.00200700759887695 0.00586414337158203 0.39886474609375 0.1458740234375
-0.00726890563964844 -0.00936222076416016 0.14459228515625 0.478057861328125
-0.00266456604003906 0.0174922943115234 -0.123443603515625 0.33172607421875
-0.00632476806640625 0.020477294921875 0.0132980346679688 0.0398979187011719
-0.00395107269287109 0.0155878067016602 0.189208984375 -0.300567626953125
0.0116329193115234 0.00250244140625 -0.10198974609375 -0.505828857421875
0.011286735534668 0.000714302062988281 -0.4332275390625 -0.1669921875
0.00419330596923828 -0.0031743049621582 -0.290802001953125 0.216156005859375
0.000642776489257811 -0.0124683380126953 -0.0307464599609375 0.253707885742187
-0.00739860534667969 -0.00621128082275391 0.148941040039063 0.09234619140625
-0.00255489349365234 -0.00751638412475586 0.176361083984375 -0.065032958984375
-0.0110177993774414 -0.0169000625610352 -0.156173706054688 0.0719757080078125
0.00238513946533203 -0.00751066207885742 -0.130287170410156 -0.094818115234375
0.00351047515869141 -0.00881862640380859 0.02581787109375 -0.260910034179688
0.00507164001464844 0.00959300994873047 0.2838134765625 -0.22906494140625
-0.00426936149597168 0.00371789932250977 0.395599365234375 0.160186767578125
-0.00838088989257813 -0.0118789672851563 0.13006591796875 0.482269287109375
-0.000840187072753908 0.0151739120483398 -0.126922607421875 0.324188232421875
-0.00335121154785156 0.0191726684570313 0.0204429626464844 0.0337924957275391
-0.00216388702392578 0.0131196975708008 0.185333251953125 -0.308929443359375
0.011134147644043 -0.00103569030761719 -0.113128662109375 -0.5020751953125
0.00900077819824219 -0.00150012969970703 -0.434661865234375 -0.155120849609375
0.00297284126281738 -0.00303339958190918 -0.282379150390625 0.2213134765625
0.000512123107910157 -0.0099802017211914 -0.02349853515625 0.251754760742188
-0.00618505477905273 -0.00407075881958008 0.151229858398438 0.0883026123046875
-0.00175285339355469 -0.00468873977661133 0.174835205078125 -0.0661468505859375
-0.00858211517333985 -0.0133895874023438 -0.156890869140625 0.07080078125
0.00360393524169922 -0.00463485717773438 -0.127830505371094 -0.0973281860351562
0.00422525405883789 -0.00557184219360352 0.031463623046875 -0.2626953125
0.00362873077392578 0.00958538055419922 0.289520263671875 -0.222686767578125
-0.00679397583007813 0.000270843505859375 0.39349365234375 0.168609619140625
-0.00851154327392578 -0.0174646377563477 0.12005615234375 0.48626708984375
0.00246238708496094 0.0106239318847656 -0.130859375 0.31781005859375
0.00233268737792969 0.015655517578125 0.0257740020751953 0.0284214019775391
0.000664234161376954 0.00835132598876953 0.181884765625 -0.31634521484375
0.010096549987793 -0.00636768341064453 -0.12591552734375 -0.50067138671875
0.00596427917480469 -0.00465822219848633 -0.435638427734375 -0.14373779296875
0.0011603832244873 -0.00241303443908691 -0.274887084960938 0.22747802734375
0.000379562377929688 -0.00743341445922852 -0.016387939453125 0.250686645507813
-0.00478601455688476 -0.0012507438659668 0.153900146484375 0.085693359375
0.00119268894195557 -0.00159525871276855 0.174667358398437 -0.0670928955078125
-0.0059499740600586 -0.00890731811523438 -0.156051635742188 0.070526123046875
0.00623178482055664 -0.00208187103271484 -0.125946044921875 -0.099639892578125
0.00493812561035156 -0.00188779830932617 0.035400390625 -0.262954711914063
0.00164127349853516 0.00996112823486328 0.294586181640625 -0.21759033203125
-0.00992965698242188 -0.00316047668457031 0.391876220703125 0.1793212890625
-0.00865745544433594 -0.0240478515625 0.11175537109375 0.488372802734375
0.00683069229125977 0.0049443244934082 -0.133758544921875 0.314453125
0.0100584030151367 0.012176513671875 0.0288124084472656 0.0254688262939453
0.00501918792724609 0.00193214416503906 0.17974853515625 -0.32122802734375
0.00881862640380859 -0.0123052597045898 -0.1334228515625 -0.4986572265625
0.00215387344360352 -0.00787496566772461 -0.437774658203125 -0.134552001953125
-0.00043940544128418 -0.0015556812286377 -0.269287109375 0.231155395507812
0.000648975372314453 -0.00475883483886719 -0.0115814208984375 0.25030517578125
-0.00278019905090332 0.00140953063964844 0.1558837890625 0.0830078125
0.00375986099243164 0.00227785110473633 0.173507690429688 -0.067901611328125
-0.00263786315917969 -0.00422453880310059 -0.156204223632813 0.0700531005859375
0.00772953033447266 0.000473499298095703 -0.125022888183594 -0.100578308105469
0.00518989562988281 0.00156259536743164 0.0376129150390625 -0.262496948242188
-0.000821113586425782 0.0103015899658203 0.29638671875 -0.213775634765625
-0.0125226974487305 -0.00658226013183594 0.38934326171875 0.183319091796875
-0.00856781005859375 -0.0304317474365234 0.107574462890625 0.49151611328125
0.0121526718139648 -0.00185871124267578 -0.136260986328125 0.3126220703125
0.0188045501708984 0.00732994079589844 0.0289897918701172 0.02490234375
0.00930690765380859 -0.00493240356445313 0.17742919921875 -0.32159423828125
0.00742912292480469 -0.019134521484375 -0.136993408203125 -0.495147705078125
-0.00113105773925781 -0.0108566284179688 -0.436492919921875 -0.1298828125
-0.00262188911437988 -0.00069570541381836 -0.267471313476562 0.233840942382813
0.000687241554260254 -0.0016251802444458 -0.00929260253906248 0.250686645507813
-0.00113487243652344 0.00438570976257324 0.1568603515625 0.08319091796875
0.00635910034179688 0.00602197647094727 0.174072265625 -0.067535400390625
-0.000387340784072876 2.34246253967286E-05 -0.154571533203125 0.0705718994140625
0.00994682312011719 0.00198554992675781 -0.124755859375 -0.0997695922851563
0.00525236129760742 0.00430393218994141 0.03704833984375 -0.26019287109375
-0.00220966339111328 0.0104761123657227 0.29534912109375 -0.211578369140625
-0.0155553817749023 -0.00973415374755859 0.388580322265625 0.185150146484375
-0.0088348388671875 -0.0367164611816406 0.105194091796875 0.4930419921875
0.0173234939575195 -0.00829315185546875 -0.137847900390625 0.31524658203125
0.0272941589355469 0.00248146057128906 0.0264205932617188 0.0264339447021484
0.0139350891113281 -0.011439323425293 0.177520751953125 -0.318572998046875
0.00698089599609375 -0.0243701934814453 -0.134002685546875 -0.494110107421875
-0.00423812866210937 -0.0133352279663086 -0.4351806640625 -0.131744384765625
-0.00348377227783203 -0.000227928161621094 -0.268890380859375 0.233245849609375
0.000731587409973145 0.00102180242538452 -0.01123046875 0.250717163085938
0.000808715820312501 0.00594949722290039 0.156494140625 0.083251953125
0.00817966461181641 0.0095367431640625 0.173187255859375 -0.06842041015625
0.00144743919372559 0.00238442420959473 -0.154815673828125 0.0712432861328125
0.0108499526977539 0.00257015228271484 -0.126007080078125 -0.0973739624023438
0.00560235977172852 0.005462646484375 0.0329132080078125 -0.258834838867188
-0.00337028503417969 0.0109548568725586 0.28997802734375 -0.21307373046875
-0.0173063278198242 -0.0110597610473633 0.38848876953125 0.178924560546875
-0.0091552734375 -0.0409698486328125 0.110198974609375 0.49090576171875
0.0208225250244141 -0.0129795074462891 -0.13818359375 0.319488525390625
0.0336532592773438 -0.00100517272949219 0.0211582183837891 0.0306625366210938
0.0175800323486328 -0.0163612365722656 0.17816162109375 -0.312408447265625
0.00706100463867187 -0.0283718109130859 -0.127471923828125 -0.49322509765625
-0.00599765777587891 -0.0151796340942383 -0.434356689453125 -0.13665771484375
-0.00431156158447266 0.00044417381286621 -0.273300170898437 0.231338500976562
0.00135040283203125 0.0027763843536377 -0.01470947265625 0.252731323242187
0.00235652923583984 0.00757503509521484 0.156173706054688 0.0858612060546875
0.0100250244140625 0.0114784240722656 0.174484252929688 -0.0688629150390625
0.00245094299316406 0.00365591049194336 -0.154266357421875 0.0719757080078125
0.0108966827392578 0.0024261474609375 -0.128089904785156 -0.0946044921875
0.00583791732788086 0.00585746765136719 0.0276641845703125 -0.2578125
-0.00339603424072266 0.0113630294799805 0.28375244140625 -0.217529296875
-0.0176753997802734 -0.0109748840332031 0.391448974609375 0.169830322265625
-0.0100364685058594 -0.0430030822753906 0.120513916015625 0.490142822265625
0.0228519439697266 -0.0166034698486328 -0.136505126953125 0.326934814453125
0.0374565124511719 -0.0034027099609375 0.0140342712402344 0.0365257263183594
0.0203742980957031 -0.0191078186035156 0.1800537109375 -0.305633544921875
0.00754928588867187 -0.0304584503173828 -0.116485595703125 -0.494964599609375
-0.00594520568847656 -0.0161600112915039 -0.433380126953125 -0.14532470703125
-0.00501871109008789 0.000314712524414062 -0.279769897460938 0.22857666015625
0.00142717361450195 0.00258421897888184 -0.0203704833984375 0.255157470703125
0.00284385681152344 0.00718927383422852 0.154342651367188 0.0887603759765625
0.0105695724487305 0.0126714706420898 0.174591064453125 -0.0678558349609375
-0.0127983093261719 -0.019775390625 -0.155776977539063 0.0749359130859375
0.00130462646484375 -0.00954246520996094 -0.134712219238281 -0.0894927978515625
0.00315284729003906 -0.0111598968505859 0.01605224609375 -0.261672973632813
0.00700950622558594 0.00911998748779297 0.273269653320313 -0.239181518554688
-0.00237560272216797 0.00606012344360351 0.402008056640625 0.142181396484375
-0.00804424285888672 -0.00904369354248047 0.150054931640625 0.479034423828125
-0.00233268737792969 0.0179424285888672 -0.12054443359375 0.334625244140625
-0.00605201721191406 0.0208282470703125 0.0144195556640625 0.0402946472167969
-0.00394248962402344 0.016204833984375 0.187530517578125 -0.303436279296875
0.011591911315918 0.00248432159423828 -0.10723876953125 -0.507171630859375
0.0114727020263672 0.000265121459960937 -0.43804931640625 -0.1630859375
0.00385808944702148 -0.00360941886901855 -0.291473388671875 0.22027587890625
0.000247001647949218 -0.0123186111450195 -0.0287628173828125 0.256195068359375
-0.00714254379272461 -0.00620174407958984 0.151153564453125 0.0912628173828125
-0.00231647491455078 -0.0075078010559082 0.176895141601562 -0.067291259765625
-0.0109663009643555 -0.01617431640625 -0.155853271484375 0.073699951171875
0.00235271453857422 -0.00711393356323242 -0.131973266601563 -0.093902587890625
0.00349617004394531 -0.00892925262451172 0.023406982421875 -0.262786865234375
0.00579357147216797 0.00962543487548828 0.281951904296875 -0.232208251953125
-0.00409293174743652 0.00341010093688965 0.39935302734375 0.1566162109375
-0.00863361358642578 -0.0120277404785156 0.136260986328125 0.485626220703125
-0.000538825988769532 0.0156803131103516 -0.12432861328125 0.327056884765625
-0.00313186645507813 0.0196342468261719 0.0210037231445313 0.0333957672119141
-0.00184154510498047 0.0135116577148438 0.184661865234375 -0.313140869140625
0.0110254287719727 -0.00113582611083984 -0.119598388671875 -0.505401611328125
0.00957012176513672 -0.00195026397705078 -0.440521240234375 -0.151885986328125
0.00279474258422852 -0.00327205657958984 -0.2821044921875 0.225555419921875
-2.7656555175781E-05 -0.010162353515625 -0.0216217041015625 0.25421142578125
-0.0060272216796875 -0.00394201278686523 0.153045654296875 0.0872650146484375
-0.00134086608886719 -0.00486326217651367 0.175506591796875 -0.0686492919921875
-0.0089111328125 -0.0129051208496094 -0.156463623046875 0.073394775390625
0.00404596328735352 -0.0044093132019043 -0.129913330078125 -0.0969772338867188
0.00402307510375977 -0.00532197952270508 0.0288543701171875 -0.264251708984375
0.00391578674316406 0.0100078582763672 0.2890625 -0.225555419921875
-0.00722885131835938 0.000637531280517577 0.397735595703125 0.167327880859375
-0.00889301300048828 -0.0172357559204102 0.12615966796875 0.48834228515625
0.00245285034179687 0.0110626220703125 -0.12835693359375 0.3204345703125
0.00239658355712891 0.0164709091186523 0.0262641906738281 0.0280838012695313
0.000682353973388673 0.00813102722167969 0.179962158203125 -0.319793701171875
0.00986957550048828 -0.00641822814941406 -0.132659912109375 -0.502655029296875
0.00603914260864258 -0.00484609603881836 -0.441375732421875 -0.14019775390625
0.00111055374145508 -0.00266599655151367 -0.27532958984375 0.232254028320313
0.00030517578125 -0.00733327865600586 -0.0139312744140625 0.253265380859375
-0.00486993789672852 -0.00116634368896484 0.156051635742187 0.0846099853515625
0.0012897253036499 -0.00189101696014404 0.17462158203125 -0.0695343017578125
-0.00587892532348633 -0.00821304321289062 -0.155868530273438 0.072509765625
0.00621843338012695 -0.00166177749633789 -0.127716064453125 -0.099029541015625
0.00484466552734375 -0.00186252593994141 0.0329132080078125 -0.264450073242188
0.00161266326904297 0.0100517272949219 0.2940673828125 -0.220306396484375
-0.0102977752685547 -0.00302982330322266 0.394744873046875 0.176177978515625
-0.00912857055664062 -0.0237503051757813 0.11614990234375 0.49200439453125
0.00708246231079101 0.00526952743530273 -0.131805419921875 0.317169189453125
0.0103187561035156 0.0120944976806641 0.0291805267333984 0.024932861328125
0.00494194030761719 0.00233268737792969 0.177215576171875 -0.324859619140625
0.00855445861816406 -0.0124664306640625 -0.13897705078125 -0.49951171875
0.00223255157470703 -0.00809001922607422 -0.442169189453125 -0.131195068359375
-0.000916957855224609 -0.00164198875427246 -0.270248413085937 0.236038208007813
0.000597000122070312 -0.00439739227294922 -0.00927734374999999 0.252334594726563
-0.00300383567810059 0.00146985054016113 0.157272338867188 0.08197021484375
0.00384926795959473 0.00211238861083984 0.173980712890625 -0.07061767578125
-0.00272059440612793 -0.00384926795959473 -0.156051635742188 0.071563720703125
0.00793027877807617 0.000519275665283203 -0.12701416015625 -0.100242614746094
0.0050969123840332 0.00114822387695313 0.0350799560546875 -0.264923095703125
-0.000615119934082032 0.0105648040771484 0.295928955078125 -0.21710205078125
-0.0131311416625977 -0.00621604919433594 0.393890380859375 0.18084716796875
-0.00972938537597656 -0.0304374694824219 0.11248779296875 0.494171142578125
0.0122814178466797 -0.00185680389404297 -0.1339111328125 0.315521240234375
0.01885986328125 0.00707626342773438 0.0292892456054688 0.0241527557373047
0.00946903228759766 -0.00495529174804688 0.1761474609375 -0.3253173828125
0.00757217407226563 -0.0192737579345703 -0.142578125 -0.49749755859375
-0.00126361846923828 -0.0112819671630859 -0.44122314453125 -0.126556396484375
-0.00266408920288086 -0.00116562843322754 -0.267776489257813 0.23870849609375
0.00054478645324707 -0.00155091285705566 -0.0074615478515625 0.251983642578125
-0.000843524932861328 0.00435805320739746 0.159103393554688 0.081756591796875
0.00714969635009766 0.00569391250610351 0.174224853515625 -0.0704498291015625
-0.000326275825500488 0.00072777271270752 -0.154632568359375 0.0727691650390625
0.00989913940429688 0.00184822082519531 -0.126754760742188 -0.0989990234375
0.00580930709838867 0.00409364700317383 0.03436279296875 -0.262283325195313
-0.00211143493652344 0.0104408264160156 0.294464111328125 -0.2159423828125
-0.0160388946533203 -0.00962066650390625 0.392425537109375 0.18157958984375
-0.00939559936523437 -0.0364112854003906 0.112152099609375 0.4940185546875
0.0174951553344727 -0.00806617736816406 -0.13568115234375 0.318206787109375
0.0272674560546875 0.00247955322265625 0.0265998840332031 0.0259914398193359
0.0136270523071289 -0.0112295150756836 0.17584228515625 -0.322509765625
0.00666618347167968 -0.0247516632080078 -0.1392822265625 -0.496490478515625
-0.00419807434082031 -0.0138206481933594 -0.440155029296875 -0.127838134765625
-0.00378966331481934 -0.000165462493896485 -0.26873779296875 0.238662719726562
0.000778377056121826 0.000901401042938233 -0.00848388671875002 0.25286865234375
0.000960826873779296 0.00602912902832031 0.158843994140625 0.0822296142578125
0.00878334045410156 0.00946903228759765 0.173309326171875 -0.0706787109375
0.0015406608581543 0.00285720825195313 -0.1544189453125 0.0727386474609375
0.0109720230102539 0.00287437438964844 -0.127510070800781 -0.0970230102539063
0.00588560104370117 0.00566959381103516 0.0304107666015625 -0.261276245117188
-0.00293540954589844 0.0106849670410156 0.290008544921875 -0.217071533203125
-0.0175457000732422 -0.0110378265380859 0.393646240234375 0.177001953125
-0.0100059509277344 -0.0406074523925781 0.11724853515625 0.49298095703125
0.0209159851074219 -0.0132293701171875 -0.136138916015625 0.32147216796875
0.0337409973144531 -0.00147247314453125 0.021484375 0.0301170349121094
0.0173377990722656 -0.0162296295166016 0.17657470703125 -0.316131591796875
0.00714874267578125 -0.0284538269042969 -0.132080078125 -0.495086669921875
-0.00582408905029297 -0.0151481628417969 -0.4383544921875 -0.132293701171875
-0.00460290908813477 0.000111103057861327 -0.273300170898438 0.236221313476563
0.00125789642333984 0.00251388549804688 -0.0128631591796875 0.254745483398438
0.00239801406860351 0.00733470916748047 0.157821655273438 0.0847015380859375
0.0104522705078125 0.0113468170166016 0.17425537109375 -0.071136474609375
0.0024871826171875 0.00379657745361328 -0.154098510742188 0.0743408203125
0.0112552642822266 0.00220870971679688 -0.129798889160156 -0.0940322875976563
0.00611543655395508 0.00557565689086914 0.024932861328125 -0.259506225585937
-0.00319290161132812 0.0111627578735352 0.282684326171875 -0.221435546875
-0.0184917449951172 -0.0110645294189453 0.3961181640625 0.16796875
-0.0107002258300781 -0.0430679321289063 0.125946044921875 0.492706298828125
0.0228538513183594 -0.0168666839599609 -0.134002685546875 0.328857421875
0.0376510620117188 -0.00412368774414063 0.0145530700683594 0.0360031127929688
0.0198574066162109 -0.0189132690429688 0.177978515625 -0.308746337890625
0.00721359252929688 -0.0308895111083984 -0.12286376953125 -0.49713134765625
-0.00615978240966797 -0.016667366027832 -0.437835693359375 -0.1427001953125
-0.00536870956420898 9.53674316405483E-07 -0.27978515625 0.2332763671875
0.00177288055419922 0.00280547142028809 -0.0183563232421875 0.25738525390625
0.00287389755249023 0.00729751586914063 0.156646728515625 0.08740234375
0.0108156204223633 0.0124607086181641 0.175018310546875 -0.06982421875
-0.0126438140869141 -0.0190753936767578 -0.155746459960938 0.0771942138671875
0.000992774963378907 -0.00920009613037109 -0.136238098144531 -0.0891265869140625
0.00287246704101562 -0.0112380981445313 0.012176513671875 -0.263137817382813
0.00756072998046875 0.00868082046508789 0.271499633789063 -0.24359130859375
-0.00234460830688477 0.00608158111572266 0.40533447265625 0.139892578125
-0.00885009765625 -0.00882434844970703 0.155914306640625 0.4822998046875
-0.00190544128417969 0.0182342529296875 -0.117645263671875 0.337005615234375
-0.00637245178222656 0.0206966400146484 0.0148506164550781 0.0397682189941406
-0.00361442565917969 0.0160970687866211 0.1849365234375 -0.3076171875
0.0117988586425781 0.00206279754638672 -0.114532470703125 -0.509033203125
0.0117282867431641 -0.000319480895996094 -0.44268798828125 -0.161041259765625
0.00375509262084961 -0.00365257263183594 -0.290924072265625 0.225738525390625
8.58306884765493E-06 -0.0121726989746094 -0.026641845703125 0.258132934570313
-0.00728845596313477 -0.00582599639892578 0.153152465820313 0.0901641845703125
-0.00235414505004883 -0.0077667236328125 0.177032470703125 -0.0696868896484375
-0.0109395980834961 -0.01556396484375 -0.155624389648438 0.0760345458984375
0.00182580947875977 -0.00682258605957031 -0.133796691894531 -0.0935211181640625
0.00308704376220703 -0.00870084762573242 0.020050048828125 -0.264556884765625
0.00641822814941406 0.00955486297607422 0.281051635742188 -0.236343383789063
-0.00437045097351074 0.00384998321533203 0.40374755859375 0.152923583984375
-0.00923919677734375 -0.0124235153198242 0.14215087890625 0.486541748046875
-0.000510215759277344 0.0156793594360352 -0.122100830078125 0.329254150390625
-0.00304222106933594 0.0194358825683594 0.0217704772949219 0.0330486297607422
-0.00186920166015625 0.0135307312011719 0.182769775390625 -0.31689453125
0.0108070373535156 -0.00117301940917969 -0.1256103515625 -0.507293701171875
0.00928401947021485 -0.00257301330566406 -0.444122314453125 -0.14801025390625
0.00276279449462891 -0.00319290161132813 -0.2822265625 0.230682373046875
-0.000134468078613282 -0.00983905792236328 -0.0187530517578125 0.256195068359375
-0.00606870651245117 -0.00380992889404297 0.155380249023438 0.0863189697265625
-0.0007171630859375 -0.00506687164306641 0.175323486328125 -0.0711212158203125
-0.00917434692382813 -0.0125436782836914 -0.156021118164063 0.0753173828125
0.00397324562072754 -0.00390458106994629 -0.131385803222656 -0.096405029296875
0.00417613983154297 -0.00541782379150391 0.0258636474609375 -0.266204833984375
0.00438213348388672 0.00972461700439453 0.287933349609375 -0.23016357421875
-0.00745105743408203 0.00071239471435547 0.401397705078125 0.16448974609375
-0.00968647003173828 -0.0173740386962891 0.13104248046875 0.490570068359375
0.00304412841796875 0.0111026763916016 -0.125213623046875 0.322509765625
0.0025320053100586 0.0162687301635742 0.0265712738037109 0.0275478363037109
0.00097513198852539 0.00870180130004883 0.179046630859375 -0.324432373046875
0.0100059509277344 -0.00681591033935547 -0.138031005859375 -0.505157470703125
0.00599336624145508 -0.00564336776733398 -0.445098876953125 -0.136016845703125
0.000994443893432617 -0.00266408920288086 -0.27447509765625 0.237136840820313
-6.19888305664105E-06 -0.00718975067138672 -0.01177978515625 0.2548828125
-0.00465297698974609 -0.00076150894165039 0.157791137695313 0.083404541015625
0.0021357536315918 -0.0020679235458374 0.175827026367188 -0.0717315673828125
-0.00596904754638672 -0.00785303115844726 -0.155136108398438 0.0748138427734375
0.00616168975830078 -0.00149250030517578 -0.129562377929688 -0.0984878540039063
0.0049443244934082 -0.00174617767333984 0.0299072265625 -0.267044067382813
0.00201129913330078 0.0102605819702148 0.292449951171875 -0.2254638671875
-0.0106792449951172 -0.00308036804199219 0.398956298828125 0.173187255859375
-0.0101280212402344 -0.0238323211669922 0.122833251953125 0.492828369140625
0.00752830505371094 0.00549173355102539 -0.12841796875 0.319580078125
0.0103111267089844 0.0117406845092773 0.0295009613037109 0.0246429443359375
0.00504636764526367 0.00251865386962891 0.17523193359375 -0.328338623046875
0.00868320465087891 -0.0126934051513672 -0.14593505859375 -0.501068115234375
0.00226163864135742 -0.00868844985961914 -0.4462890625 -0.12725830078125
-0.000992298126220703 -0.00178980827331543 -0.269439697265625 0.24066162109375
7.91549682617187E-05 -0.00377130508422852 -0.00700378417968751 0.25408935546875
-0.00250720977783203 0.00189065933227539 0.159469604492188 0.08087158203125
0.00405025482177734 0.00183463096618652 0.174163818359375 -0.073272705078125
-0.00256061553955078 -0.00306320190429687 -0.155563354492188 0.0741424560546875
0.00801515579223633 0.00103378295898438 -0.128623962402344 -0.0997772216796875
0.00544166564941406 0.00136804580688477 0.0318756103515625 -0.266555786132812
4.57763671875002E-05 0.0100765228271484 0.294464111328125 -0.220367431640625
-0.0136356353759766 -0.00641345977783203 0.397308349609375 0.1776123046875
-0.00998687744140625 -0.0301303863525391 0.119384765625 0.494720458984375
0.0125503540039062 -0.00183963775634766 -0.1309814453125 0.318450927734375
0.0191802978515625 0.00705718994140625 0.0297069549560547 0.0239677429199219
0.00921726226806641 -0.0049896240234375 0.173797607421875 -0.3291015625
0.00759506225585938 -0.0197639465332031 -0.149322509765625 -0.498077392578125
-0.00156497955322266 -0.011444091796875 -0.44573974609375 -0.122283935546875
-0.00268912315368652 -0.000725984573364258 -0.2669677734375 0.243820190429688
0.000519633293151855 -0.00134479999542236 -0.00459289550781249 0.254180908203125
-0.00126886367797852 0.00460290908813477 0.160629272460938 0.0800323486328125
0.00729703903198242 0.00540781021118164 0.17462158203125 -0.073089599609375
-0.000227093696594238 0.00119102001190186 -0.154327392578125 0.074798583984375
0.00998783111572265 0.00223064422607422 -0.128746032714844 -0.0987396240234375
0.0059356689453125 0.00401163101196289 0.031219482421875 -0.2645263671875
-0.00192737579345703 0.0104570388793945 0.293487548828125 -0.219818115234375
-0.0160341262817383 -0.00909709930419922 0.396942138671875 0.178619384765625
-0.0109710693359375 -0.0365257263183594 0.116424560546875 0.496673583984375
0.0177707672119141 -0.00800895690917969 -0.132568359375 0.320220947265625
0.0276279449462891 0.00209808349609375 0.0269298553466797 0.0255985260009766
0.0137214660644531 -0.0112104415893555 0.1728515625 -0.32666015625
0.00659561157226562 -0.0247058868408203 -0.145751953125 -0.497222900390625
-0.00432109832763672 -0.0139284133911133 -0.444427490234375 -0.12457275390625
-0.00335550308227539 -0.000450134277343749 -0.2679443359375 0.243209838867188
0.00067901611328125 0.0013577938079834 -0.00625610351562501 0.254638671875
0.00101470947265625 0.00630426406860352 0.16058349609375 0.0806884765625
0.00932025909423828 0.00889682769775391 0.173507690429688 -0.0734710693359375
0.00197362899780273 0.00347280502319336 -0.154067993164063 0.075347900390625
0.0112724304199219 0.00315093994140625 -0.130325317382813 -0.0964202880859375
0.00598859786987305 0.00566720962524414 0.0275115966796875 -0.262649536132813
-0.00281238555908203 0.0108804702758789 0.288238525390625 -0.22064208984375
-0.0179843902587891 -0.0109748840332031 0.396881103515625 0.173431396484375
-0.010772705078125 -0.0408172607421875 0.12298583984375 0.49517822265625
0.0211811065673828 -0.0135231018066406 -0.13275146484375 0.324310302734375
0.0339756011962891 -0.00171852111816406 0.0214710235595703 0.0295734405517578
0.0174236297607422 -0.0161027908325195 0.174346923828125 -0.319580078125
0.00678825378417969 -0.0285568237304687 -0.139312744140625 -0.497039794921875
-0.00612735748291016 -0.0157804489135742 -0.44293212890625 -0.128265380859375
-0.00481700897216797 6.24656677246092E-05 -0.272781372070313 0.2412109375
0.00133275985717773 0.00310373306274414 -0.0102081298828125 0.257339477539063
0.00248289108276367 0.00752449035644531 0.159820556640625 0.0833892822265625
0.0109052658081055 0.0110101699829102 0.174331665039063 -0.0735626220703125
0.00273513793945313 0.00450229644775391 -0.153945922851563 0.0760955810546875
0.0112161636352539 0.00211906433105469 -0.132034301757812 -0.093109130859375
0.00613069534301758 0.00514411926269531 0.0217742919921875 -0.261428833007813
-0.00294208526611328 0.0110816955566406 0.282318115234375 -0.225494384765625
-0.0190219879150391 -0.0109004974365234 0.39947509765625 0.16552734375
-0.0114517211914062 -0.0431709289550781 0.13238525390625 0.495086669921875
0.0229587554931641 -0.0170249938964844 -0.131622314453125 0.3314208984375
0.0376472473144531 -0.00431442260742188 0.0153617858886719 0.035888671875
0.0199680328369141 -0.0187206268310547 0.1763916015625 -0.3121337890625
0.00714302062988281 -0.0310821533203125 -0.128265380859375 -0.498779296875
-0.00654315948486328 -0.016993522644043 -0.4429931640625 -0.13739013671875
-0.00530433654785156 -6.15119934082035E-05 -0.279678344726563 0.238525390625
0.00132107734680176 0.00311803817749023 -0.01617431640625 0.25933837890625
0.00323867797851563 0.00745105743408203 0.158615112304688 0.085845947265625
0.0112018585205078 0.012211799621582 0.175430297851563 -0.0729522705078125
-0.0131721496582031 -0.0181732177734375 -0.155181884765625 0.0798187255859375
0.00105953216552734 -0.00868988037109375 -0.1380615234375 -0.08782958984375
0.00267791748046875 -0.0117502212524414 0.00904846191406249 -0.26409912109375
0.00791740417480469 0.0089254379272461 0.268707275390625 -0.248077392578125
-0.00246095657348633 0.00574350357055664 0.409820556640625 0.135162353515625
-0.00888824462890625 -0.00856590270996094 0.16204833984375 0.48126220703125
-0.00125503540039063 0.0186023712158203 -0.1138916015625 0.338592529296875
-0.00592041015625 0.0213184356689453 0.0150833129882813 0.0397071838378906
-0.00387859344482422 0.0166921615600586 0.183013916015625 -0.31036376953125
0.0118589401245117 0.00188636779785156 -0.120269775390625 -0.509765625
0.0119733810424805 -0.0006866455078125 -0.446533203125 -0.15576171875
0.0034339427947998 -0.00404787063598633 -0.289794921875 0.231201171875
-0.000269889831542969 -0.0119457244873047 -0.0238800048828125 0.2603759765625
-0.00700616836547852 -0.00544214248657227 0.154815673828125 0.088531494140625
-0.0023188591003418 -0.00811052322387695 0.177032470703125 -0.072479248046875
-0.0116176605224609 -0.0149240493774414 -0.154449462890625 0.0783538818359375
0.00223875045776367 -0.00694990158081055 -0.135635375976563 -0.09185791015625
0.00336265563964844 -0.00913238525390625 0.01654052734375 -0.26629638671875
0.00673580169677734 0.00911712646484375 0.27899169921875 -0.240966796875
-0.00466489791870117 0.00369882583618164 0.405914306640625 0.14886474609375
-0.009765625 -0.0115566253662109 0.149993896484375 0.48583984375
5.62667846679704E-05 0.0162172317504883 -0.1185302734375 0.331207275390625
-0.00269508361816406 0.0194072723388672 0.0219078063964844 0.0328464508056641
-0.00184440612792969 0.0141067504882813 0.179107666015625 -0.31976318359375
0.0113458633422852 -0.00157833099365234 -0.133880615234375 -0.507080078125
0.00941085815429688 -0.00322246551513672 -0.44769287109375 -0.1429443359375
0.00259065628051758 -0.00333809852600098 -0.281005859375 0.236480712890625
-0.000291824340820313 -0.0101385116577148 -0.015594482421875 0.257614135742188
-0.00607109069824219 -0.00359058380126953 0.15679931640625 0.0846405029296875
-0.000930309295654297 -0.00533580780029297 0.174957275390625 -0.0739288330078125
-0.00902557373046875 -0.0115747451782227 -0.155136108398438 0.07745361328125
0.00394463539123535 -0.00402259826660156 -0.133506774902344 -0.0954360961914063
0.00380945205688477 -0.00572824478149414 0.0224456787109375 -0.267684936523438
0.00485897064208984 0.00996303558349609 0.2852783203125 -0.234344482421875
-0.00774574279785156 0.000527381896972657 0.40460205078125 0.159393310546875
-0.0101299285888672 -0.0172023773193359 0.138824462890625 0.4903564453125
0.00317668914794922 0.0114459991455078 -0.12200927734375 0.3243408203125
0.00289154052734375 0.016301155090332 0.0270175933837891 0.0273933410644531
0.00121593475341797 0.00898456573486328 0.175018310546875 -0.32635498046875
0.0102176666259766 -0.00720310211181641 -0.146270751953125 -0.5052490234375
0.00601434707641602 -0.00564384460449219 -0.45074462890625 -0.130859375
0.00105953216552734 -0.0028069019317627 -0.273162841796875 0.241607666015625
8.72611999511718E-05 -0.00702524185180664 -0.00852966308593752 0.256790161132813
-0.00454235076904297 -0.000746726989746093 0.159423828125 0.0814056396484375
0.00163543224334717 -0.00211536884307861 0.17510986328125 -0.07464599609375
-0.00580215454101563 -0.00731420516967774 -0.154708862304688 0.077178955078125
0.00598859786987305 -0.00138330459594727 -0.13134765625 -0.09747314453125
0.00474262237548828 -0.00236082077026367 0.0260162353515625 -0.26806640625
0.00242328643798828 0.00977420806884765 0.2904052734375 -0.228912353515625
-0.0110530853271484 -0.00324916839599609 0.403472900390625 0.1697998046875
-0.0109519958496094 -0.0235195159912109 0.129180908203125 0.49407958984375
0.00765371322631836 0.00548744201660156 -0.124542236328125 0.321502685546875
0.010533332824707 0.0119123458862305 0.0299129486083984 0.0238494873046875
0.00506448745727539 0.00224971771240234 0.172637939453125 -0.3310546875
0.0085906982421875 -0.0132665634155273 -0.153717041015625 -0.502532958984375
0.00213813781738281 -0.0085601806640625 -0.449951171875 -0.122467041015625
-0.000635504722595215 -0.00198721885681152 -0.26708984375 0.245391845703125
0.000168323516845703 -0.00375580787658691 -0.00411987304687502 0.25518798828125
-0.00292754173278809 0.00208401679992676 0.160980224609375 0.07867431640625
0.00423407554626465 0.00155901908874512 0.173782348632813 -0.0758819580078125
-0.00260257720947266 -0.00276398658752441 -0.155120849609375 0.07623291015625
0.00822067260742187 0.00123929977416992 -0.130973815917969 -0.0985031127929687
0.00544548034667969 0.00110054016113281 0.0286407470703125 -0.2681884765625
5.81741333007816E-05 0.0101051330566406 0.293701171875 -0.2255859375
-0.014430046081543 -0.00671100616455078 0.401153564453125 0.1739501953125
-0.0110626220703125 -0.0300025939941406 0.124542236328125 0.4947509765625
0.0127811431884766 -0.00145816802978516 -0.12744140625 0.3201904296875
0.0192241668701172 0.0072174072265625 0.0300731658935547 0.0230121612548828
0.00932979583740234 -0.00457572937011719 0.170166015625 -0.332305908203125
0.00725555419921875 -0.019805908203125 -0.15643310546875 -0.499267578125
-0.00172233581542969 -0.0117416381835938 -0.449127197265625 -0.116790771484375
-0.00259613990783691 -0.000711917877197266 -0.265487670898437 0.247817993164063
0.0004616379737854 -0.000635266304016113 -0.00181579589843749 0.255447387695313
-0.000355720520019531 0.0047755241394043 0.162567138671875 0.0784912109375
0.00744390487670898 0.00539541244506836 0.174224853515625 -0.076141357421875
0.000299215316772461 0.00170993804931641 -0.153549194335938 0.0765838623046875
0.0102567672729492 0.00234031677246094 -0.130226135253906 -0.09783935546875
0.00614356994628906 0.0036625862121582 0.0282135009765625 -0.26605224609375
-0.00121498107910156 0.0107040405273438 0.29150390625 -0.224517822265625
-0.0167236328125 -0.00962066650390625 0.400299072265625 0.17474365234375
-0.011688232421875 -0.0360908508300781 0.124176025390625 0.496185302734375
0.017364501953125 -0.00841045379638672 -0.129241943359375 0.32275390625
0.0276985168457031 0.00187301635742188 0.0277290344238281 0.0251102447509766
0.0133028030395508 -0.0115537643432617 0.170745849609375 -0.329254150390625
0.00657463073730469 -0.0255203247070313 -0.152557373046875 -0.49755859375
-0.00456333160400391 -0.0145177841186523 -0.448150634765625 -0.118133544921875
-0.0041959285736084 -0.000458955764770508 -0.2664794921875 0.248458862304688
0.00146019458770752 0.00132155418395996 -0.0030517578125 0.256057739257813
0.00133514404296875 0.0063323974609375 0.162063598632813 0.078765869140625
0.00953292846679688 0.00864505767822266 0.17340087890625 -0.076385498046875
0.00212407112121582 0.0039973258972168 -0.153457641601563 0.077423095703125
0.0113115310668945 0.00294017791748047 -0.131599426269531 -0.09527587890625
0.00620269775390625 0.00533294677734375 0.023834228515625 -0.264297485351563
-0.00243282318115234 0.0107707977294922 0.286590576171875 -0.225311279296875
-0.0189628601074219 -0.0109825134277344 0.401092529296875 0.17034912109375
-0.0121040344238281 -0.0411300659179687 0.12890625 0.495849609375
0.0211601257324219 -0.0132884979248047 -0.12994384765625 0.326416015625
0.0340347290039063 -0.00204658508300781 0.0222301483154297 0.0293025970458984
0.0172128677368164 -0.0164508819580078 0.17156982421875 -0.322601318359375
0.00609779357910157 -0.0292797088623047 -0.14642333984375 -0.4976806640625
-0.00643444061279297 -0.0166196823120117 -0.447021484375 -0.124664306640625
-0.00471639633178711 0.000231266021728515 -0.271240234375 0.246505737304688
0.00140929222106934 0.00308680534362793 -0.00756835937500002 0.258041381835938
0.00275850296020508 0.0077972412109375 0.161224365234375 0.0807952880859375
0.010991096496582 0.0107965469360352 0.174606323242188 -0.0759735107421875
0.00313568115234375 0.00497579574584961 -0.15277099609375 0.0784759521484375
0.0117111206054687 0.00263404846191406 -0.133544921875 -0.0925674438476563
0.00655603408813477 0.00543594360351562 0.018341064453125 -0.262802124023438
-0.00257205963134766 0.010798454284668 0.280593872070313 -0.229843139648438
-0.0195217132568359 -0.0109481811523438 0.403472900390625 0.161346435546875
-0.0126228332519531 -0.0424995422363281 0.140106201171875 0.494903564453125
0.0230998992919922 -0.0171165466308594 -0.127532958984375 0.334686279296875
0.0379981994628906 -0.00503158569335938 0.0153961181640625 0.0355339050292969
0.0198440551757813 -0.0194492340087891 0.173126220703125 -0.31500244140625
0.00669097900390625 -0.0314407348632813 -0.134918212890625 -0.50054931640625
-0.00699520111083985 -0.01708984375 -0.447418212890625 -0.132904052734375
-0.00555944442749023 -0.000222682952880859 -0.27838134765625 0.243133544921875
0.00157642364501953 0.00326848030090332 -0.0127716064453125 0.260787963867188
0.00339317321777344 0.00770044326782226 0.160079956054688 0.0839691162109375
0.0120210647583008 0.0120582580566406 0.174896240234375 -0.075927734375
-0.0132436752319336 -0.0174722671508789 -0.153305053710938 0.0813751220703125
0.000805377960205079 -0.00831079483032226 -0.13970947265625 -0.0864944458007812
0.00236034393310547 -0.0119552612304688 0.00471496582031249 -0.26446533203125
0.00835514068603516 0.00880718231201172 0.266220092773438 -0.250885009765625
-0.00271129608154297 0.00585412979125976 0.41180419921875 0.129669189453125
-0.00976848602294922 -0.00843048095703125 0.169677734375 0.479522705078125
-0.00112342834472656 0.0182781219482422 -0.109100341796875 0.340240478515625
-0.00546073913574219 0.0214347839355469 0.0158004760742187 0.0391731262207031
-0.00339698791503906 0.0172500610351563 0.1793212890625 -0.312713623046875
0.0120506286621094 0.00125980377197266 -0.127197265625 -0.508636474609375
0.0119752883911133 -0.000979423522949219 -0.45111083984375 -0.150115966796875
0.00363373756408691 -0.00398755073547363 -0.287139892578125 0.2354736328125
-0.000225067138671875 -0.0116357803344727 -0.0206756591796875 0.2611083984375
-0.00748157501220703 -0.00517702102661133 0.156036376953125 0.08660888671875
-0.00222492218017578 -0.00825977325439453 0.176467895507813 -0.075653076171875
-0.0117111206054688 -0.0139551162719727 -0.15283203125 0.080596923828125
0.00207853317260742 -0.00601291656494141 -0.136825561523438 -0.0909194946289062
0.00326156616210937 -0.00915908813476563 0.0126800537109375 -0.26666259765625
0.00683975219726563 0.00899887084960938 0.2745361328125 -0.244873046875
-0.00501632690429688 0.00380277633666992 0.409088134765625 0.144775390625
-0.0106534957885742 -0.0116786956787109 0.157012939453125 0.48590087890625
0.000520706176757814 0.0161533355712891 -0.113555908203125 0.332794189453125
-0.00253677368164062 0.0198535919189453 0.0226097106933594 0.0319156646728516
-0.00175666809082031 0.0143165588378906 0.175445556640625 -0.322235107421875
0.0113868713378906 -0.00197505950927734 -0.13983154296875 -0.50701904296875
0.00964927673339844 -0.0033721923828125 -0.451629638671875 -0.13775634765625
0.00259757041931152 -0.00385594367980957 -0.279434204101562 0.240875244140625
-0.000511169433593751 -0.00941562652587891 -0.012847900390625 0.258758544921875
-0.00628566741943359 -0.00299882888793945 0.158798217773438 0.0818939208984375
-0.000920295715332031 -0.00544404983520508 0.174606323242188 -0.0762481689453125
-0.00892448425292969 -0.0113182067871094 -0.15411376953125 0.079345703125
0.00372076034545898 -0.00341439247131348 -0.134841918945313 -0.0941619873046875
0.00336694717407227 -0.00604772567749023 0.01837158203125 -0.268798828125
0.00494956970214844 0.009796142578125 0.28173828125 -0.2384033203125
-0.0078272819519043 0.000792503356933593 0.407623291015625 0.155517578125
-0.0109710693359375 -0.0166549682617188 0.145416259765625 0.489593505859375
0.004058837890625 0.0116472244262695 -0.118133544921875 0.325958251953125
0.00313568115234375 0.0162973403930664 0.0274028778076172 0.0270137786865234
0.00148868560791016 0.00928020477294922 0.172332763671875 -0.329437255859375
0.00979804992675781 -0.00718021392822266 -0.151458740234375 -0.50408935546875
0.00641345977783203 -0.00676679611206055 -0.4527587890625 -0.12445068359375
0.000797271728515625 -0.00287413597106934 -0.271240234375 0.246307373046875
-0.000287532806396484 -0.00702667236328125 -0.005401611328125 0.257415771484375
-0.00448417663574219 -0.000452518463134765 0.161209106445313 0.0793609619140625
0.00167965888977051 -0.00263285636901855 0.174179077148438 -0.077911376953125
-0.00589275360107422 -0.00655603408813477 -0.153488159179688 0.0792236328125
0.0061192512512207 -0.000880241394042969 -0.132644653320313 -0.0958786010742187
0.00485324859619141 -0.00224685668945313 0.0228729248046875 -0.268951416015625
0.00276660919189453 0.00971889495849609 0.28741455078125 -0.233734130859375
-0.011103630065918 -0.0030059814453125 0.405548095703125 0.16448974609375
-0.0115013122558594 -0.0229988098144531 0.13604736328125 0.492462158203125
0.00806999206542969 0.00570249557495117 -0.121368408203125 0.323455810546875
0.0105829238891602 0.0117206573486328 0.0303668975830078 0.023468017578125
0.00514841079711914 0.00265836715698242 0.16888427734375 -0.33416748046875
0.00824546813964844 -0.013427734375 -0.16033935546875 -0.501312255859375
0.00202274322509766 -0.00920867919921875 -0.45245361328125 -0.11669921875
-0.00104641914367676 -0.00208330154418945 -0.265518188476563 0.2496337890625
-0.00019979476928711 -0.00376772880554199 -0.0011444091796875 0.256210327148438
-0.00244975090026855 0.00238251686096191 0.162582397460937 0.07659912109375
0.00467300415039063 0.00147867202758789 0.17315673828125 -0.0784454345703125
-0.00208795070648193 -0.00196182727813721 -0.153106689453125 0.0783843994140625
0.00813531875610352 0.00132846832275391 -0.132156372070313 -0.0969772338867188
0.00537681579589844 0.000672340393066406 0.0248565673828125 -0.268157958984375
0.000571250915527343 0.0103235244750977 0.290069580078125 -0.229583740234375
-0.0144853591918945 -0.00614070892333984 0.404296875 0.17010498046875
-0.0116691589355469 -0.0297451019287109 0.13116455078125 0.496337890625
0.0133047103881836 -0.00161457061767578 -0.12322998046875 0.321868896484375
0.019287109375 0.00650787353515625 0.0304203033447266 0.0227260589599609
0.00927829742431641 -0.00480175018310547 0.167022705078125 -0.33477783203125
0.0069122314453125 -0.0202732086181641 -0.163970947265625 -0.49847412109375
-0.00156497955322266 -0.0121078491210938 -0.4525146484375 -0.110809326171875
-0.00270795822143555 -0.000877618789672852 -0.263290405273437 0.253189086914063
0.000406622886657715 -0.000460565090179443 0.00175476074218752 0.256591796875
-0.000677585601806641 0.00490427017211914 0.163665771484375 0.0761566162109375
0.00805187225341797 0.00480318069458008 0.173660278320312 -0.0787200927734375
0.00068521499633789 0.00242376327514648 -0.151901245117188 0.0789337158203125
0.00997161865234375 0.00251102447509766 -0.131973266601563 -0.09649658203125
0.00577735900878906 0.00327348709106445 0.0240478515625 -0.2672119140625
-0.00132656097412109 0.0106611251831055 0.288360595703125 -0.22698974609375
-0.0173244476318359 -0.00927448272705078 0.403839111328125 0.169525146484375
-0.0123329162597656 -0.0358657836914063 0.131683349609375 0.4964599609375
0.0178089141845703 -0.00817489624023438 -0.125732421875 0.324066162109375
0.0276699066162109 0.0016021728515625 0.027496337890625 0.0244369506835938
0.0136709213256836 -0.0112409591674805 0.16650390625 -0.331939697265625
0.00600814819335937 -0.0252532958984375 -0.160247802734375 -0.49725341796875
-0.00473594665527344 -0.0148124694824219 -0.451690673828125 -0.11328125
-0.00406956672668457 -0.000427007675170898 -0.264495849609375 0.252822875976563
0.0010230541229248 0.00190269947052002 0.000198364257812479 0.256515502929688
0.00172328948974609 0.00662899017333984 0.163360595703125 0.0769500732421875
0.00964546203613281 0.00878334045410156 0.17254638671875 -0.0792236328125
0.00255441665649414 0.00481557846069336 -0.15228271484375 0.0792999267578125
0.0113391876220703 0.00349044799804687 -0.133552551269531 -0.0941848754882813
0.00627899169921875 0.00472450256347656 0.0201873779296875 -0.264877319335938
-0.00210189819335937 0.010746955871582 0.28411865234375 -0.229095458984375
-0.0190525054931641 -0.0106372833251953 0.403289794921875 0.165313720703125
-0.0128440856933594 -0.0405120849609375 0.13592529296875 0.49468994140625
0.0211963653564453 -0.0136280059814453 -0.12554931640625 0.32763671875
0.0342121124267578 -0.00252532958984375 0.0220317840576172 0.0292930603027344
0.017242431640625 -0.0166311264038086 0.1678466796875 -0.32489013671875
0.0057830810546875 -0.0296745300292969 -0.1524658203125 -0.4979248046875
-0.00656509399414062 -0.0166244506835938 -0.450042724609375 -0.119354248046875
-0.0047907829284668 -0.000253200531005859 -0.268814086914063 0.251602172851563
0.00126171112060547 0.00309205055236816 -0.00392150878906248 0.258758544921875
0.00279998779296875 0.00768756866455078 0.163116455078125 0.0788726806640625
0.0117321014404297 0.0108680725097656 0.17364501953125 -0.079376220703125
0.00341939926147461 0.00546550750732422 -0.151641845703125 0.0804595947265625
0.0114145278930664 0.002838134765625 -0.135047912597656 -0.0908889770507812
0.00645256042480469 0.00485992431640625 0.014312744140625 -0.263534545898438
-0.00233268737792969 0.0109262466430664 0.27703857421875 -0.233200073242188
-0.0197372436523438 -0.0105361938476563 0.407012939453125 0.156219482421875
-0.0132865905761719 -0.0422821044921875 0.146453857421875 0.493927001953125
0.0230598449707031 -0.0169010162353516 -0.12286376953125 0.33544921875
0.0383491516113281 -0.00554275512695313 0.0158729553222656 0.0352363586425781
0.0193119049072266 -0.0194244384765625 0.168792724609375 -0.318023681640625
0.00633811950683594 -0.0320014953613281 -0.14276123046875 -0.4990234375
-0.00695228576660156 -0.0175418853759766 -0.449920654296875 -0.12725830078125
-0.00548362731933594 -5.62667846679687E-05 -0.275985717773437 0.24853515625
0.00161218643188477 0.00374507904052734 -0.00926208496093747 0.261627197265625
0.00314903259277344 0.00745964050292969 0.161285400390625 0.082244873046875
0.0122556686401367 0.0113096237182617 0.173919677734375 -0.07855224609375
-0.0133056640625 -0.0166988372802734 -0.151596069335937 0.0836639404296875
0.000728607177734376 -0.00785684585571289 -0.140579223632813 -0.084625244140625
0.00233745574951172 -0.0118017196655273 0.000396728515624994 -0.264907836914063
0.00866413116455078 0.0081324577331543 0.261947631835938 -0.254470825195313
-0.00282859802246094 0.00627565383911133 0.413330078125 0.123992919921875
-0.0100193023681641 -0.00814151763916015 0.17694091796875 0.47821044921875
-0.000761032104492187 0.0184459686279297 -0.104949951171875 0.340972900390625
-0.00539970397949219 0.0211906433105469 0.0160903930664062 0.0388412475585938
-0.00296592712402344 0.0171518325805664 0.1744384765625 -0.315155029296875
0.0118398666381836 0.00120067596435547 -0.134002685546875 -0.50799560546875
0.012354850769043 -0.00208663940429688 -0.453399658203125 -0.14227294921875
0.00362753868103027 -0.00387811660766602 -0.285125732421875 0.240753173828125
-0.000695228576660156 -0.0115480422973633 -0.017242431640625 0.261337280273438
-0.00720357894897461 -0.00495338439941406 0.15728759765625 0.0840606689453125
-0.00235462188720703 -0.00808382034301758 0.174880981445313 -0.078460693359375
-0.0118951797485352 -0.01300048828125 -0.151336669921875 0.0826416015625
0.00209188461303711 -0.00591945648193359 -0.138710021972656 -0.088775634765625
0.00312042236328125 -0.009521484375 0.008575439453125 -0.2669677734375
0.00691413879394531 0.00875043869018555 0.271591186523437 -0.248397827148437
-0.00519418716430664 0.00397491455078125 0.410064697265625 0.1387939453125
-0.0112552642822266 -0.0110502243041992 0.162994384765625 0.48321533203125
0.000926971435546876 0.0163993835449219 -0.10906982421875 0.33380126953125
-0.002166748046875 0.0198383331298828 0.0226230621337891 0.0320377349853516
-0.00146389007568359 0.0145072937011719 0.172149658203125 -0.324737548828125
0.0113811492919922 -0.00227069854736328 -0.146575927734375 -0.505462646484375
0.00930595397949219 -0.00379848480224609 -0.45343017578125 -0.1307373046875
0.00254988670349121 -0.00391888618469238 -0.276443481445313 0.245193481445313
-0.000431060791015624 -0.00914955139160156 -0.00929260253906247 0.259124755859375
-0.00644874572753906 -0.00274276733398438 0.15972900390625 0.0798187255859375
-0.000646114349365234 -0.00578451156616211 0.172897338867188 -0.0792694091796875
-0.00881195068359375 -0.0100927352905273 -0.152206420898438 0.081573486328125
0.00406670570373535 -0.00342750549316406 -0.136383056640625 -0.0925445556640625
0.00386571884155273 -0.00613880157470703 0.01416015625 -0.269775390625
0.00497245788574219 0.00930976867675781 0.279205322265625 -0.241714477539063
-0.00815820693969726 0.000950813293457031 0.409759521484375 0.149139404296875
-0.0115699768066406 -0.016474723815918 0.15301513671875 0.487823486328125
0.00380039215087891 0.0116844177246094 -0.113372802734375 0.326416015625
0.00332927703857422 0.0161647796630859 0.02789306640625 0.0261421203613281
0.00143814086914063 0.00955104827880859 0.168426513671875 -0.33111572265625
0.00974464416503906 -0.00771808624267578 -0.159332275390625 -0.501922607421875
0.00586271286010742 -0.00647830963134766 -0.4547119140625 -0.11785888671875
0.00080108642578125 -0.0030829906463623 -0.268234252929687 0.251083374023438
-0.000528335571289062 -0.00647974014282227 -0.00186157226562498 0.257217407226562
-0.00458431243896484 0.000139713287353516 0.162109375 0.0766754150390625
0.00201654434204102 -0.00293374061584473 0.173385620117187 -0.080596923828125
-0.00588750839233398 -0.00541782379150391 -0.1513671875 0.081329345703125
0.00649738311767578 -0.000861167907714844 -0.134666442871094 -0.0948486328125
0.00450515747070313 -0.0026087760925293 0.0181884765625 -0.268966674804687
0.00316238403320312 0.0100469589233398 0.284271240234375 -0.23663330078125
-0.0118007659912109 -0.0028543472290039 0.40777587890625 0.15875244140625
-0.011993408203125 -0.0227432250976563 0.1431884765625 0.49169921875
0.00811910629272461 0.00582408905029297 -0.1163330078125 0.3232421875
0.0111827850341797 0.0117654800415039 0.0304012298583984 0.0226593017578125
0.00524759292602539 0.00279521942138672 0.16326904296875 -0.33544921875
0.00856208801269531 -0.0140266418457031 -0.166748046875 -0.498504638671875
0.00174522399902344 -0.00975227355957031 -0.454803466796875 -0.109100341796875
-0.00133633613586426 -0.0022885799407959 -0.262542724609375 0.255142211914063
5.93662261962892E-05 -0.00339436531066895 0.00282287597656247 0.256607055664063
-0.00239157676696777 0.00276374816894531 0.163818359375 0.074462890625
0.00483322143554688 0.00122261047363281 0.171920776367188 -0.0814208984375
-0.00160741806030273 -0.00120842456817627 -0.152130126953125 0.080352783203125
0.00828218460083008 0.00148916244506836 -0.1337890625 -0.095489501953125
0.00515556335449219 0.00078582763671875 0.0202789306640625 -0.269012451171875
0.000787734985351563 0.0101909637451172 0.286651611328125 -0.233001708984375
-0.0146045684814453 -0.00615692138671875 0.406951904296875 0.163116455078125
-0.012481689453125 -0.0293731689453125 0.139129638671875 0.49383544921875
0.0125770568847656 -0.00165843963623047 -0.118743896484375 0.322235107421875
0.0196170806884766 0.00644111633300781 0.0308036804199219 0.0221118927001953
0.00918960571289063 -0.00465011596679688 0.161041259765625 -0.336181640625
0.00692367553710938 -0.0201759338378906 -0.170166015625 -0.495330810546875
-0.00170135498046875 -0.0128459930419922 -0.4539794921875 -0.104461669921875
-0.0031743049621582 -0.00111246109008789 -0.260116577148438 0.257339477539063
0.000392884016036987 3.37958335876465E-05 0.0049285888671875 0.256332397460938
-0.000263690948486328 0.00553464889526367 0.1646728515625 0.0739898681640625
0.00784635543823242 0.00432968139648438 0.172164916992188 -0.0815277099609375
0.00121378898620605 0.00263404846191406 -0.150375366210938 0.081024169921875
0.0101385116577148 0.00276374816894531 -0.133598327636719 -0.0945053100585937
0.00587844848632813 0.00325632095336914 0.0203399658203125 -0.266937255859375
-0.000666618347167969 0.0101299285888672 0.283843994140625 -0.231231689453125
-0.0178031921386719 -0.00872802734375 0.405548095703125 0.164947509765625
-0.0131912231445313 -0.0354804992675781 0.138153076171875 0.49444580078125
0.0179443359375 -0.00835037231445313 -0.12109375 0.3248291015625
0.0276088714599609 0.00113487243652344 0.0276851654052734 0.0241165161132812
0.0134429931640625 -0.0113563537597656 0.16241455078125 -0.333587646484375
0.00550270080566406 -0.0258388519287109 -0.166046142578125 -0.49462890625
-0.00504589080810547 -0.0148515701293945 -0.452362060546875 -0.107452392578125
-0.00393009185791016 -0.000620365142822265 -0.261993408203125 0.256973266601562
0.000946879386901855 0.0020287036895752 0.00343322753906248 0.257232666015625
0.00181150436401367 0.00669527053833008 0.1644287109375 0.0746307373046875
0.00996780395507812 0.00809478759765625 0.171295166015625 -0.0816802978515625
0.00290155410766602 0.00513124465942383 -0.150115966796875 0.0813751220703125
0.0115041732788086 0.00365066528320313 -0.134811401367187 -0.0926895141601563
0.00636053085327148 0.00489091873168945 0.0159149169921875 -0.2655029296875
-0.00154781341552734 0.0106420516967773 0.280517578125 -0.232681274414062
-0.0197181701660156 -0.0104255676269531 0.406219482421875 0.159393310546875
-0.0133743286132813 -0.0396995544433594 0.14361572265625 0.493560791015625
0.0214290618896484 -0.0137958526611328 -0.12127685546875 0.328857421875
0.0340309143066406 -0.00272941589355469 0.0229129791259766 0.0285911560058594
0.0169200897216797 -0.0164499282836914 0.16278076171875 -0.327606201171875
0.00538063049316406 -0.0296974182128906 -0.159088134765625 -0.49493408203125
-0.00673484802246093 -0.0167484283447266 -0.452392578125 -0.113250732421875
-0.00497055053710938 0.000115394592285157 -0.265655517578125 0.255584716796875
0.00143027305603027 0.00338959693908691 -0.000198364257812525 0.259017944335938
0.00330972671508789 0.00792598724365234 0.164138793945312 0.0764617919921875
0.0121746063232422 0.0101213455200195 0.172225952148438 -0.08160400390625
0.00399208068847656 0.00594234466552734 -0.149520874023437 0.0822906494140625
0.0113792419433594 0.00316524505615234 -0.136581420898438 -0.089263916015625
0.00661802291870117 0.00498867034912109 0.01080322265625 -0.263656616210937
-0.00190639495849609 0.0107517242431641 0.273361206054688 -0.237014770507813
-0.0203075408935547 -0.0100898742675781 0.409088134765625 0.151580810546875
-0.0142021179199219 -0.0419845581054688 0.153594970703125 0.49310302734375
0.023101806640625 -0.0172214508056641 -0.11907958984375 0.336883544921875
0.0382270812988281 -0.00571823120117188 0.0163040161132813 0.0352020263671875
0.019195556640625 -0.0193672180175781 0.165924072265625 -0.32037353515625
0.00597000122070313 -0.0314197540283203 -0.148834228515625 -0.49847412109375
-0.00761222839355469 -0.0177154541015625 -0.45220947265625 -0.120452880859375
-0.00552463531494141 -9.53674316406259E-06 -0.272735595703125 0.252777099609375
0.00144195556640625 0.0036473274230957 -0.00619506835937499 0.261962890625
0.00378847122192383 0.00727081298828125 0.162673950195312 0.0801544189453125
0.0123701095581055 0.0109834671020508 0.173416137695313 -0.081298828125
-0.0133686065673828 -0.0156278610229492 -0.14984130859375 0.085540771484375
0.000731468200683594 -0.00740909576416016 -0.141815185546875 -0.0826263427734375
0.0019683837890625 -0.0120935440063477 -0.00289916992187499 -0.264053344726563
0.00901412963867188 0.00790214538574219 0.257049560546875 -0.25732421875
-0.00295543670654297 0.00622701644897461 0.4139404296875 0.11834716796875
-0.010869026184082 -0.00786399841308594 0.1826171875 0.47540283203125
-0.000162124633789064 0.018707275390625 -0.100616455078125 0.34088134765625
-0.00536727905273438 0.0215702056884766 0.0164337158203125 0.038330078125
-0.00284862518310547 0.017237663269043 0.170654296875 -0.316802978515625
0.0117263793945313 0.000832557678222656 -0.14154052734375 -0.504974365234375
0.0116443634033203 -0.00226879119873047 -0.45489501953125 -0.13641357421875
0.00330924987792969 -0.00444746017456055 -0.28204345703125 0.24462890625
-0.00056171417236328 -0.0112972259521484 -0.0133209228515625 0.261383056640625
-0.00730514526367187 -0.00479745864868164 0.1588134765625 0.0812835693359375
-0.00238561630249023 -0.00832986831665039 0.173721313476562 -0.0811920166015625
-0.0114383697509766 -0.0125589370727539 -0.149459838867188 0.08441162109375
0.00196981430053711 -0.0056920051574707 -0.139472961425781 -0.0874176025390625
0.00269603729248047 -0.00944805145263672 0.004852294921875 -0.2666015625
0.00754070281982422 0.00872707366943359 0.267654418945313 -0.250885009765625
-0.00511693954467773 0.00409555435180664 0.411834716796875 0.133087158203125
-0.0114040374755859 -0.0105113983154297 0.169830322265625 0.47998046875
0.00117969512939453 0.0165834426879883 -0.10467529296875 0.333099365234375
-0.00195693969726563 0.0199756622314453 0.0229587554931641 0.0311775207519531
-0.00112533569335938 0.0151567459106445 0.167449951171875 -0.325927734375
0.0112705230712891 -0.00253391265869141 -0.153167724609375 -0.502685546875
0.00940895080566406 -0.00421810150146484 -0.45458984375 -0.12445068359375
0.00247502326965332 -0.00413727760314941 -0.272598266601563 0.24951171875
-0.000824928283691407 -0.00928497314453125 -0.00592041015624997 0.258865356445313
-0.00625705718994141 -0.00281858444213867 0.160614013671875 0.0770721435546875
-0.000534534454345704 -0.00567340850830078 0.171966552734375 -0.081573486328125
-0.0087127685546875 -0.00932598114013672 -0.150177001953125 0.0837249755859375
0.00397467613220215 -0.00291991233825684 -0.136863708496094 -0.090362548828125
0.00341701507568359 -0.00609540939331055 0.00968933105468753 -0.268203735351563
0.00538730621337891 0.00915050506591797 0.274490356445313 -0.244964599609375
-0.00829935073852539 0.000886440277099611 0.41143798828125 0.14361572265625
-0.0124368667602539 -0.0158615112304688 0.15887451171875 0.485198974609375
0.00438880920410156 0.0115032196044922 -0.109100341796875 0.32696533203125
0.00382804870605469 0.0163469314575195 0.0281620025634766 0.0254955291748047
0.00162410736083984 0.00949478149414063 0.16241455078125 -0.333465576171875
0.00934791564941406 -0.00821685791015625 -0.165130615234375 -0.498748779296875
0.0055842399597168 -0.00751399993896484 -0.455657958984375 -0.11151123046875
0.00062251091003418 -0.0029599666595459 -0.264663696289062 0.254898071289063
-0.000201702117919921 -0.00630760192871094 0.00161743164062499 0.25750732421875
-0.00405049324035645 0.000197887420654297 0.163131713867188 0.0740509033203125
0.00182890892028809 -0.0030364990234375 0.17144775390625 -0.0832061767578125
-0.00544071197509766 -0.00490760803222656 -0.149490356445313 0.08331298828125
0.00649547576904297 -0.000771999359130859 -0.135475158691406 -0.0926895141601563
0.00433945655822754 -0.00288295745849609 0.01434326171875 -0.268997192382812
0.00329113006591797 0.009429931640625 0.280746459960937 -0.240325927734375
-0.0118141174316406 -0.00252723693847656 0.409698486328125 0.1522216796875
-0.0129508972167969 -0.0220966339111328 0.15045166015625 0.488677978515625
0.00847911834716797 0.005523681640625 -0.112396240234375 0.323944091796875
0.0114927291870117 0.0115337371826172 0.0304355621337891 0.0219764709472656
0.00524759292602539 0.00297355651855469 0.158599853515625 -0.337371826171875
0.00802898406982422 -0.0139055252075195 -0.172760009765625 -0.49591064453125
0.00224494934082031 -0.00985908508300781 -0.455780029296875 -0.1025390625
-0.00133752822875977 -0.00227022171020508 -0.258575439453125 0.25848388671875
-2.1219253540039E-05 -0.00322246551513672 0.00593566894531247 0.25616455078125
-0.00190043449401855 0.00224995613098145 0.16448974609375 0.0715179443359375
0.00490427017211914 0.000842094421386719 0.170562744140625 -0.083740234375
-0.00177836418151855 -0.000773310661315918 -0.1502685546875 0.0825042724609375
0.0085606575012207 0.00172519683837891 -0.134552001953125 -0.0935745239257813
0.00543069839477539 0.000233173370361328 0.0166473388671875 -0.268905639648438
0.00120067596435547 0.00980377197265625 0.282073974609375 -0.236602783203125
-0.0150566101074219 -0.00559711456298828 0.40887451171875 0.15802001953125
-0.0133590698242187 -0.0286350250244141 0.14678955078125 0.489959716796875
0.0134763717651367 -0.00167083740234375 -0.11383056640625 0.322509765625
0.019500732421875 0.00610160827636719 0.0307140350341797 0.0214939117431641
0.00932884216308594 -0.00503253936767578 0.1573486328125 -0.33795166015625
0.00634002685546875 -0.0207405090332031 -0.17645263671875 -0.4921875
-0.00218296051025391 -0.0126771926879883 -0.45599365234375 -0.0974731445312501
-0.00297069549560547 -0.00117111206054688 -0.2564697265625 0.261245727539063
0.000527560710906982 -0.000142812728881836 0.00894165039062502 0.255935668945313
-0.0002899169921875 0.00512838363647461 0.165481567382813 0.0706634521484375
0.00814294815063477 0.00428342819213867 0.170822143554687 -0.083770751953125
0.00120162963867187 0.00334668159484863 -0.148178100585938 0.08270263671875
0.0100927352905273 0.00294208526611328 -0.134513854980469 -0.0928802490234375
0.0059819221496582 0.00321102142333984 0.016265869140625 -0.266555786132813
-0.000640869140625 0.00997161865234375 0.280136108398438 -0.234115600585937
-0.0181941986083984 -0.00880622863769531 0.40655517578125 0.159515380859375
-0.0138626098632813 -0.0346031188964844 0.145416259765625 0.49176025390625
0.0179805755615234 -0.0083160400390625 -0.115936279296875 0.324737548828125
0.0278034210205078 0.00100898742675781 0.0279350280761719 0.0232582092285156
0.01336669921875 -0.0110607147216797 0.15753173828125 -0.335174560546875
0.00510025024414063 -0.0261726379394531 -0.172943115234375 -0.491729736328125
-0.00507164001464844 -0.0150852203369141 -0.4542236328125 -0.0996704101562501
-0.00417852401733398 -0.000251531600952149 -0.257781982421875 0.261428833007813
0.00103044509887695 0.00243592262268066 0.00692749023437499 0.256515502929688
0.00202512741088867 0.00681209564208984 0.165786743164063 0.07183837890625
0.0103321075439453 0.00772953033447266 0.170013427734375 -0.084075927734375
0.00346755981445313 0.00542879104614258 -0.148056030273437 0.0832977294921875
0.0111961364746094 0.00355052947998047 -0.135467529296875 -0.0902023315429688
0.00631284713745117 0.00424814224243164 0.012054443359375 -0.264556884765625
-0.00173377990722656 0.0104990005493164 0.276687622070313 -0.236114501953125
-0.0198764801025391 -0.00992012023925781 0.407989501953125 0.155059814453125
-0.01434326171875 -0.0390815734863281 0.150360107421875 0.4896240234375
0.0214138031005859 -0.0138225555419922 -0.11614990234375 0.329559326171875
0.0342388153076172 -0.00324821472167969 0.0228443145751953 0.0280780792236328
0.0164794921875 -0.0166177749633789 0.158966064453125 -0.3284912109375
0.00500106811523437 -0.0300827026367187 -0.166107177734375 -0.49261474609375
-0.00718784332275391 -0.0169887542724609 -0.45367431640625 -0.10675048828125
-0.00517749786376953 -0.00045919418334961 -0.262130737304688 0.259246826171875
0.00152206420898437 0.00383615493774414 0.00344848632812501 0.258941650390625
0.00310659408569336 0.00811004638671875 0.164779663085938 0.0741729736328125
0.0120849609375 0.00963211059570313 0.1708984375 -0.0842132568359375
0.00452899932861328 0.00661230087280273 -0.147567749023438 0.084136962890625
0.0117101669311523 0.00337600708007812 -0.137832641601563 -0.0876007080078125
0.00637006759643555 0.00458478927612305 0.00662231445312501 -0.26318359375
-0.00187206268310547 0.010350227355957 0.270217895507813 -0.240463256835938
-0.0205287933349609 -0.00988578796386719 0.409210205078125 0.14434814453125
-0.0150680541992188 -0.0415611267089844 0.160186767578125 0.489776611328125
0.0231208801269531 -0.0176315307617187 -0.113861083984375 0.336578369140625
0.0377883911132813 -0.00603485107421875 0.0168895721435547 0.0341644287109375
0.0193939208984375 -0.0192718505859375 0.160919189453125 -0.322021484375
0.00538444519042968 -0.0323905944824219 -0.155242919921875 -0.4947509765625
-0.00756645202636719 -0.0182151794433594 -0.45269775390625 -0.1143798828125
-0.00557708740234375 -0.000438213348388673 -0.269729614257813 0.256683349609375
0.00182271003723145 0.00388932228088379 -0.00238037109374999 0.261444091796875
0.00397014617919922 0.00775766372680664 0.163589477539063 0.0767364501953125
0.0126962661743164 0.0109109878540039 0.1712646484375 -0.08404541015625
-0.013056755065918 -0.015009880065918 -0.147598266601563 0.087158203125
0.000557422637939453 -0.00710535049438477 -0.142333984375 -0.08099365234375
0.00150966644287109 -0.0119285583496094 -0.00685119628906247 -0.26300048828125
0.00904178619384766 0.00783252716064453 0.253158569335938 -0.259689331054688
-0.0030813217163086 0.00624465942382812 0.415008544921875 0.1121826171875
-0.0111045837402344 -0.00697898864746094 0.18975830078125 0.470123291015625
0.000148773193359374 0.0191593170166016 -0.094940185546875 0.3399658203125
-0.0045928955078125 0.0212917327880859 0.0170173645019531 0.0381011962890625
-0.00237464904785156 0.0179519653320313 0.165863037109375 -0.317626953125
0.011286735534668 0.000678062438964844 -0.14764404296875 -0.500823974609375
0.0113353729248047 -0.00253391265869141 -0.45574951171875 -0.12921142578125
0.00352716445922852 -0.00486993789672852 -0.277877807617187 0.24835205078125
-0.000793457031250001 -0.0109405517578125 -0.009765625 0.260818481445313
-0.00762176513671875 -0.00474405288696289 0.158905029296875 0.078704833984375
-0.002532958984375 -0.0084681510925293 0.17169189453125 -0.0830841064453125
-0.0111494064331055 -0.011749267578125 -0.147384643554687 0.0858154296875
0.00191450119018555 -0.00548553466796875 -0.140052795410156 -0.0856552124023437
0.00218009948730469 -0.00960731506347656 0.000442504882812495 -0.265365600585938
0.00770425796508789 0.00809192657470703 0.264144897460938 -0.253570556640625
-0.00548696517944336 0.00384283065795898 0.4127197265625 0.127899169921875
-0.0117664337158203 -0.00991058349609375 0.177001953125 0.476318359375
0.00189971923828125 0.0167064666748047 -0.100494384765625 0.333099365234375
-0.00152015686035156 0.0197505950927734 0.0230484008789062 0.0304851531982422
-0.000814437866210939 0.0151586532592773 0.162384033203125 -0.32684326171875
0.0107440948486328 -0.00310325622558594 -0.159515380859375 -0.498260498046875
0.00893592834472656 -0.00500679016113281 -0.45489501953125 -0.1177978515625
0.00251197814941406 -0.00405597686767578 -0.268539428710937 0.252899169921875
-0.000956058502197266 -0.00870752334594727 -0.00253295898437497 0.25872802734375
-0.00619792938232422 -0.00267410278320312 0.161026000976563 0.074920654296875
-0.000980377197265625 -0.00576400756835938 0.170333862304688 -0.08447265625
-0.00867128372192383 -0.00862979888916015 -0.148025512695312 0.0851287841796875
0.00389027595520019 -0.00295042991638184 -0.1378173828125 -0.0885772705078125
0.00356388092041016 -0.00628995895385742 0.00640869140624998 -0.267593383789063
0.00569629669189453 0.00856924057006836 0.270706176757813 -0.247421264648438
-0.00862932205200195 0.00136709213256836 0.412109375 0.138580322265625
-0.0126104354858398 -0.0153303146362305 0.16455078125 0.48138427734375
0.00451087951660156 0.0120048522949219 -0.104461669921875 0.326385498046875
0.00387001037597656 0.0162162780761719 0.0278968811035156 0.0249462127685547
0.00185680389404297 0.00974464416503906 0.158660888671875 -0.334259033203125
0.00935173034667969 -0.00802230834960938 -0.1710205078125 -0.494903564453125
0.00591850280761719 -0.00760173797607422 -0.45611572265625 -0.104156494140625
0.000230550765991211 -0.00317859649658203 -0.26025390625 0.258346557617188
-0.000506877899169922 -0.00613021850585937 0.00465393066406253 0.256866455078125
-0.00421810150146484 3.33786010742195E-05 0.16387939453125 0.071807861328125
0.00192809104919434 -0.00309467315673828 0.169754028320312 -0.0854339599609375
-0.00525760650634766 -0.00444984436035156 -0.147598266601563 0.084625244140625
0.0062708854675293 -0.000325202941894531 -0.13665771484375 -0.0912628173828125
0.00391054153442383 -0.00284433364868164 0.01043701171875 -0.268310546875
0.00395584106445313 0.00919055938720703 0.276046752929688 -0.242233276367188
-0.0121870040893555 -0.00243663787841797 0.40924072265625 0.147674560546875
-0.0132579803466797 -0.0214385986328125 0.15740966796875 0.4837646484375
0.00880050659179687 0.00527095794677734 -0.10760498046875 0.32293701171875
0.0113763809204102 0.0114669799804688 0.0305881500244141 0.0213775634765625
0.00533008575439453 0.00295019149780273 0.15380859375 -0.3380126953125
0.0074462890625 -0.0144548416137695 -0.17974853515625 -0.491485595703125
0.00146007537841797 -0.0104055404663086 -0.45648193359375 -0.096099853515625
-0.00138521194458008 -0.00244259834289551 -0.2547607421875 0.261505126953125
-2.74181365966795E-05 -0.00271821022033691 0.0092620849609375 0.255325317382813
-0.0023190975189209 0.00288605690002441 0.16497802734375 0.0689544677734375
0.00493860244750977 0.000805854797363281 0.1683349609375 -0.0859375
-0.00112450122833252 -0.000356197357177734 -0.14776611328125 0.0841522216796875
0.0082712173461914 0.00199031829833984 -0.135581970214844 -0.0918197631835938
0.00515413284301758 0.000218391418457031 0.012847900390625 -0.267929077148438
0.00124168395996094 0.00963783264160156 0.278274536132813 -0.2384033203125
-0.0153598785400391 -0.00528240203857422 0.409027099609375 0.1512451171875
-0.0140323638916016 -0.0280418395996094 0.1524658203125 0.48577880859375
0.0136528015136719 -0.00152873992919922 -0.110076904296875 0.322479248046875
0.0195999145507813 0.00587272644042969 0.0306625366210937 0.0206642150878906
0.00943088531494141 -0.00397109985351563 0.151824951171875 -0.3382568359375
0.00643730163574219 -0.0208816528320313 -0.182952880859375 -0.488861083984375
-0.00266361236572266 -0.0130834579467773 -0.4560546875 -0.0907592773437499
-0.00339365005493164 -0.00129151344299316 -0.252182006835937 0.264114379882813
0.000741243362426758 -1.09076499938965E-05 0.0118255615234375 0.255401611328125
0.000186443328857421 0.00533342361450195 0.165847778320313 0.0688629150390625
0.00826501846313477 0.00428247451782227 0.168746948242188 -0.086029052734375
0.00176620483398438 0.0039665699005127 -0.146331787109375 0.0841217041015625
0.0103092193603516 0.00293636322021484 -0.135467529296875 -0.0907821655273438
0.00603055953979492 0.00283145904541016 0.0126190185546875 -0.266311645507813
-0.000334739685058594 0.0097503662109375 0.276382446289063 -0.235809326171875
-0.0183467864990234 -0.00812149047851563 0.40777587890625 0.154266357421875
-0.0143470764160156 -0.0340480804443359 0.151458740234375 0.48797607421875
0.0178279876708984 -0.00836944580078125 -0.111572265625 0.324432373046875
0.0278797149658203 0.000616073608398438 0.0279388427734375 0.022552490234375
0.0132713317871094 -0.010777473449707 0.15252685546875 -0.3358154296875
0.00482368469238281 -0.0261688232421875 -0.179473876953125 -0.488311767578125
-0.00579452514648438 -0.0153512954711914 -0.45501708984375 -0.092987060546875
-0.00443172454833984 -0.000422954559326172 -0.253646850585938 0.264190673828125
0.00137639045715332 0.00237011909484863 0.0103302001953125 0.256149291992188
0.00233697891235351 0.00686883926391602 0.165924072265625 0.0693511962890625
0.0103321075439453 0.00735282897949219 0.167953491210938 -0.086395263671875
0.00395727157592773 0.00594806671142578 -0.14654541015625 0.0848846435546875
0.0116024017333984 0.00367832183837891 -0.13629150390625 -0.0889053344726563
0.00606393814086914 0.00416231155395508 0.00813293457031253 -0.264450073242187
-0.00126361846923828 0.0102119445800781 0.272796630859375 -0.238189697265625
-0.0196876525878906 -0.00965118408203125 0.408203125 0.14874267578125
-0.0150566101074219 -0.0385284423828125 0.156097412109375 0.487152099609375
0.0213966369628906 -0.0138702392578125 -0.111358642578125 0.328277587890625
0.0343360900878906 -0.00394439697265625 0.0230770111083984 0.0275630950927734
0.0164270401000977 -0.0162143707275391 0.15411376953125 -0.329620361328125
0.00450325012207031 -0.0301017761230469 -0.17230224609375 -0.488006591796875
-0.00772571563720703 -0.0172615051269531 -0.453369140625 -0.0993041992187499
-0.00543451309204102 -8.48770141601558E-05 -0.258056640625 0.2623291015625
0.00171542167663574 0.00362157821655273 0.00648498535156248 0.258087158203125
0.00312280654907227 0.0074615478515625 0.165145874023437 0.0712738037109375
0.0121421813964844 0.00945568084716797 0.169097900390625 -0.0865325927734375
0.00517511367797851 0.00702857971191406 -0.145523071289063 0.08575439453125
0.0116081237792969 0.00337314605712891 -0.138481140136719 -0.085693359375
0.0062403678894043 0.00416040420532227 0.00256347656250003 -0.262008666992188
-0.00128936767578125 0.010371208190918 0.265762329101563 -0.242050170898438
-0.0210189819335938 -0.00989151000976563 0.410675048828125 0.1395263671875
-0.0157127380371094 -0.0403213500976563 0.166595458984375 0.4854736328125
0.0229606628417969 -0.0172386169433594 -0.109588623046875 0.336395263671875
0.0380859375 -0.0068359375 0.0166721343994141 0.0334606170654297
0.0190486907958984 -0.0192756652832031 0.15618896484375 -0.321868896484375
0.00473976135253906 -0.03204345703125 -0.161712646484375 -0.491058349609375
-0.00820732116699219 -0.0182399749755859 -0.45330810546875 -0.1080322265625
-0.00553369522094727 -0.000317573547363282 -0.26605224609375 0.259689331054687
0.00175809860229492 0.00375008583068848 0.00120544433593751 0.2613525390625
0.0041203498840332 0.00780534744262695 0.164169311523438 0.073974609375
0.0127973556518555 0.0106563568115234 0.169113159179688 -0.0863189697265625
-0.0127696990966797 -0.0137538909912109 -0.144882202148438 0.0879974365234375
0.000804901123046875 -0.00661468505859375 -0.142929077148438 -0.0792999267578125
0.00143146514892578 -0.0122880935668945 -0.0106201171875 -0.261947631835938
0.00946331024169922 0.0071868896484375 0.248580932617188 -0.260208129882813
-0.00327348709106445 0.00603866577148437 0.412933349609375 0.10760498046875
-0.0115680694580078 -0.00627231597900391 0.194580078125 0.46588134765625
0.000461578369140624 0.0189380645751953 -0.090545654296875 0.33831787109375
-0.00436019897460937 0.0214996337890625 0.0169410705566406 0.0369911193847656
-0.00233078002929688 0.0179786682128906 0.161376953125 -0.317626953125
0.0110673904418945 0.0006561279296875 -0.15374755859375 -0.496978759765625
0.0115060806274414 -0.00330352783203125 -0.455108642578125 -0.12359619140625
0.00318098068237305 -0.00467205047607422 -0.273880004882813 0.2509765625
-0.00113964080810547 -0.0104799270629883 -0.00724792480468748 0.259902954101563
-0.0074009895324707 -0.00438404083251953 0.158599853515625 0.0760498046875
-0.00243663787841797 -0.0080723762512207 0.169570922851563 -0.0852508544921875
-0.0110883712768555 -0.0109643936157227 -0.1448974609375 0.0869140625
0.00192928314208984 -0.00505399703979492 -0.141189575195313 -0.083343505859375
0.00202846527099609 -0.00962924957275391 -0.00267028808593751 -0.264328002929688
0.00804615020751953 0.00783538818359375 0.25958251953125 -0.254623413085938
-0.00558233261108398 0.0039668083190918 0.41094970703125 0.12255859375
-0.0122108459472656 -0.00947189331054688 0.1807861328125 0.4732666015625
0.00202751159667969 0.0167093276977539 -0.094940185546875 0.33135986328125
-0.00154495239257812 0.0198974609375 0.0232391357421875 0.0301055908203125
-0.000617027282714843 0.0152177810668945 0.1575927734375 -0.326995849609375
0.0105514526367188 -0.00276660919189453 -0.16461181640625 -0.49505615234375
0.00908946990966797 -0.00538063049316406 -0.454620361328125 -0.1119384765625
0.00236606597900391 -0.00427055358886719 -0.264755249023437 0.25579833984375
-0.000631809234619141 -0.00865364074707031 0.000289916992187529 0.257476806640625
-0.00577497482299805 -0.00249385833740234 0.160842895507813 0.0718841552734375
-0.00119829177856445 -0.00534391403198242 0.167617797851563 -0.086395263671875
-0.00821876525878906 -0.00760078430175781 -0.14520263671875 0.086639404296875
0.00394940376281738 -0.00260376930236816 -0.138427734375 -0.0866012573242188
0.00272083282470703 -0.00665044784545899 0.0025787353515625 -0.26654052734375
0.0061798095703125 0.00822830200195313 0.26629638671875 -0.24871826171875
-0.00846290588378906 0.00140953063964844 0.41064453125 0.132781982421875
-0.0134010314941406 -0.0145864486694336 0.16998291015625 0.476348876953125
0.0048370361328125 0.0117034912109375 -0.099853515625 0.325286865234375
0.00450515747070312 0.0160179138183594 0.0281963348388672 0.0239009857177734
0.00225543975830078 0.00995826721191406 0.153045654296875 -0.333709716796875
0.00904178619384766 -0.00853633880615234 -0.177154541015625 -0.490936279296875
0.00520133972167969 -0.00780391693115234 -0.456573486328125 -0.0985717773437501
0.000374794006347656 -0.00311374664306641 -0.256103515625 0.2603759765625
-0.000684261322021485 -0.00592708587646484 0.00738525390625 0.25537109375
-0.00385546684265137 0.000226259231567383 0.163177490234375 0.068756103515625
0.00207877159118652 -0.0030369758605957 0.167816162109375 -0.08721923828125
-0.00469493865966797 -0.00377273559570313 -0.1456298828125 0.0856475830078125
0.00622081756591797 -0.0002593994140625 -0.137100219726562 -0.089202880859375
0.004150390625 -0.00307154655456543 0.00660705566406251 -0.266815185546875
0.00381898880004883 0.00847816467285156 0.271347045898438 -0.243545532226563
-0.0121803283691406 -0.00221061706542969 0.409088134765625 0.141510009765625
-0.0140609741210938 -0.0207004547119141 0.162567138671875 0.480377197265625
0.00890159606933594 0.00552082061767578 -0.10308837890625 0.3214111328125
0.0113239288330078 0.0111484527587891 0.0303134918212891 0.0207939147949219
0.00550222396850586 0.00349855422973633 0.150146484375 -0.3385009765625
0.00737667083740234 -0.0142602920532227 -0.185028076171875 -0.4876708984375
0.00114059448242188 -0.0103607177734375 -0.45513916015625 -0.091064453125
-0.00144243240356445 -0.00238823890686035 -0.250152587890625 0.264266967773438
-0.000177383422851563 -0.00247740745544434 0.01220703125 0.254959106445313
-0.00230813026428223 0.00316786766052246 0.165130615234375 0.0665130615234375
0.00474739074707031 0.0005950927734375 0.166748046875 -0.08782958984375
-0.000376135110855103 0.00044029951095581 -0.1455078125 0.08453369140625
0.0084371566772461 0.00195455551147461 -0.136184692382813 -0.0900955200195313
0.00479555130004883 0.000207424163818359 0.00927734375000001 -0.266326904296875
0.00155258178710938 0.00939369201660156 0.27386474609375 -0.241546630859375
-0.0154933929443359 -0.00543212890625 0.40985107421875 0.146820068359375
-0.0142650604248047 -0.0275039672851563 0.156707763671875 0.48236083984375
0.0135488510131836 -0.00159740447998047 -0.105682373046875 0.321258544921875
0.0199489593505859 0.00565147399902344 0.0303287506103516 0.0197219848632812
0.00894355773925781 -0.0040435791015625 0.147979736328125 -0.3387451171875
0.00562286376953125 -0.0205268859863281 -0.187652587890625 -0.484527587890625
-0.00293731689453125 -0.0132789611816406 -0.455230712890625 -0.08587646484375
-0.00295114517211914 -0.00139975547790527 -0.247955322265625 0.267013549804688
0.000466048717498779 0.000105768442153931 0.0144500732421875 0.254058837890625
0.000104904174804688 0.00533151626586914 0.1656494140625 0.0667572021484375
0.00839662551879883 0.00382518768310547 0.166732788085937 -0.0877685546875
0.00240755081176758 0.00430727005004883 -0.143966674804688 0.08514404296875
0.0102996826171875 0.00299358367919922 -0.136024475097656 -0.0892868041992187
0.00575876235961914 0.00258302688598633 0.00848388671875001 -0.264923095703125
0.000105857849121094 0.00922679901123047 0.272369384765625 -0.23895263671875
-0.0184879302978516 -0.00818252563476562 0.40765380859375 0.14788818359375
-0.0147533416748047 -0.0331459045410156 0.15716552734375 0.4840087890625
0.0182170867919922 -0.00803947448730469 -0.107513427734375 0.32318115234375
0.0276107788085938 0.000238418579101562 0.0279960632324219 0.0223140716552734
0.013035774230957 -0.010798454284668 0.147552490234375 -0.33551025390625
0.00421714782714844 -0.0262527465820312 -0.184356689453125 -0.484161376953125
-0.00632667541503906 -0.0157909393310547 -0.4542236328125 -0.0865478515625
-0.00423550605773926 -0.00071406364440918 -0.2493896484375 0.266067504882813
0.00134134292602539 0.00236678123474121 0.013031005859375 0.254638671875
0.00216007232666016 0.00695419311523438 0.165847778320313 0.06640625
0.0105619430541992 0.00714874267578125 0.166290283203125 -0.0881500244140625
0.00460958480834961 0.00648260116577148 -0.14361572265625 0.0857696533203125
0.0114498138427734 0.00402259826660156 -0.137229919433594 -0.0869827270507812
0.00565290451049805 0.0042266845703125 0.00491333007812501 -0.263015747070313
-0.000812530517578125 0.00964069366455078 0.268295288085938 -0.239593505859375
-0.0201339721679688 -0.00931739807128906 0.4075927734375 0.143096923828125
-0.0158882141113281 -0.0375785827636719 0.1619873046875 0.480865478515625
0.0212783813476563 -0.0139656066894531 -0.1072998046875 0.32781982421875
0.0339851379394531 -0.00388908386230469 0.0229740142822266 0.0262317657470703
0.0165119171142578 -0.0162019729614258 0.149688720703125 -0.3294677734375
0.00373649597167969 -0.0300731658935547 -0.176849365234375 -0.48443603515625
-0.00787353515625 -0.0174102783203125 -0.45269775390625 -0.092376708984375
-0.00544357299804687 -0.00040578842163086 -0.253814697265625 0.26458740234375
0.0017697811126709 0.00393199920654297 0.00903320312499998 0.2572021484375
0.00328826904296875 0.0077357292175293 0.165267944335938 0.0684967041015625
0.0123023986816406 0.00946617126464844 0.167007446289063 -0.0882415771484375
0.00561285018920898 0.00725460052490234 -0.143051147460938 0.087005615234375
0.011937141418457 0.00357532501220703 -0.138938903808594 -0.0834121704101563
0.00608444213867188 0.00407791137695313 -0.000808715820312507 -0.260910034179688
-0.000865936279296876 0.0102138519287109 0.26165771484375 -0.243408203125
-0.0209751129150391 -0.00949478149414062 0.4095458984375 0.134674072265625
-0.0165901184082031 -0.039520263671875 0.171630859375 0.482147216796875
0.0233078002929688 -0.0176563262939453 -0.1046142578125 0.335357666015625
0.0375099182128906 -0.00724029541015625 0.0168247222900391 0.033233642578125
0.0188350677490234 -0.0192470550537109 0.151947021484375 -0.322357177734375
0.00423812866210938 -0.0320720672607422 -0.167022705078125 -0.486724853515625
-0.00849723815917969 -0.0184116363525391 -0.4522705078125 -0.101776123046875
-0.0058293342590332 -0.000586032867431642 -0.260757446289063 0.26275634765625
0.00185513496398926 0.00378680229187012 0.00399780273437503 0.259750366210938
0.00394916534423828 0.00780153274536133 0.164154052734375 0.0718231201171875
0.0133171081542969 0.00990009307861328 0.167404174804688 -0.087677001953125
-0.0122957229614258 -0.0135679244995117 -0.142532348632813 0.0884857177734375
0.000543594360351563 -0.00661039352416992 -0.143112182617188 -0.0772705078125
0.0010986328125 -0.0124912261962891 -0.0133056640625 -0.25946044921875
0.00958538055419922 0.00691127777099609 0.245101928710938 -0.260711669921875
-0.00312662124633789 0.00636053085327148 0.411376953125 0.10302734375
-0.0117979049682617 -0.00545597076416016 0.19744873046875 0.460784912109375
0.00115776062011719 0.0188579559326172 -0.087158203125 0.336578369140625
-0.00399971008300781 0.0213356018066406 0.0171775817871094 0.0367355346679688
-0.00195503234863281 0.0180072784423828 0.15643310546875 -0.317230224609375
0.0113058090209961 0.000207901000976563 -0.15667724609375 -0.492279052734375
0.0111532211303711 -0.00362968444824219 -0.4537353515625 -0.118408203125
0.00293970108032227 -0.00502729415893555 -0.270004272460938 0.252761840820313
-0.00110149383544922 -0.0108060836791992 -0.004364013671875 0.258651733398438
-0.00693559646606445 -0.00398492813110352 0.15887451171875 0.07415771484375
-0.00265121459960937 -0.00809860229492188 0.16754150390625 -0.08673095703125
-0.0105495452880859 -0.0104503631591797 -0.142318725585938 0.0876007080078125
0.00187873840332031 -0.00467681884765625 -0.14093017578125 -0.0815582275390625
0.0015411376953125 -0.00979709625244141 -0.00587463378906248 -0.262252807617188
0.00808620452880859 0.00709724426269531 0.254806518554688 -0.254989624023437
-0.00557899475097656 0.00364446640014648 0.410400390625 0.117706298828125
-0.012578010559082 -0.00872135162353516 0.18487548828125 0.467529296875
0.00261783599853516 0.0166893005371094 -0.091888427734375 0.329193115234375
-0.000743865966796873 0.0197200775146484 0.0232887268066406 0.0292205810546875
-0.000321388244628907 0.0154304504394531 0.1531982421875 -0.32684326171875
0.0106182098388672 -0.00329303741455078 -0.168060302734375 -0.489227294921875
0.00861358642578125 -0.00545406341552734 -0.453887939453125 -0.1058349609375
0.00205087661743164 -0.00439977645874023 -0.260421752929688 0.257720947265625
-0.000824928283691406 -0.00879192352294922 0.00311279296874999 0.256759643554688
-0.00606441497802734 -0.00219345092773438 0.160964965820313 0.070098876953125
-0.000645160675048828 -0.0058741569519043 0.165664672851563 -0.0876312255859375
-0.00770807266235351 -0.00705099105834961 -0.14306640625 0.0872955322265625
0.00394725799560547 -0.00230956077575684 -0.138648986816406 -0.0853958129882813
0.00261306762695313 -0.00680828094482422 -0.000305175781249976 -0.264389038085938
0.00639486312866211 0.00793790817260742 0.261001586914063 -0.249465942382813
-0.00891685485839844 0.00120449066162109 0.410675048828125 0.127044677734375
-0.0135002136230469 -0.0140380859375 0.17437744140625 0.4708251953125
0.00543689727783203 0.0118675231933594 -0.09600830078125 0.323394775390625
0.00386238098144531 0.0158815383911133 0.0276355743408203 0.0236530303955078
0.00201225280761719 0.0102090835571289 0.148712158203125 -0.333160400390625
0.00875186920166016 -0.00835227966308594 -0.18035888671875 -0.48565673828125
0.00484657287597656 -0.00806617736816406 -0.45391845703125 -0.093505859375
0.000529289245605469 -0.00313663482666016 -0.252471923828125 0.262863159179688
-0.000444412231445312 -0.00589609146118164 0.00996398925781247 0.25445556640625
-0.00435042381286621 0.000504016876220704 0.163055419921875 0.066741943359375
0.00166416168212891 -0.0032508373260498 0.165390014648438 -0.08843994140625
-0.00430154800415039 -0.00294041633605957 -0.143020629882813 0.0865631103515625
0.00640869140625 8.86917114257812E-05 -0.137382507324219 -0.0876235961914062
0.0038301944732666 -0.00305032730102539 0.00416564941406252 -0.265045166015625
0.00390911102294922 0.00826549530029297 0.266952514648438 -0.243850708007813
-0.0123567581176758 -0.00215625762939453 0.40771484375 0.1368408203125
-0.0140132904052734 -0.0200881958007813 0.165802001953125 0.475250244140625
0.00940513610839844 0.00555896759033203 -0.09906005859375 0.320587158203125
0.0114860534667969 0.0114755630493164 0.0304813385009766 0.0199871063232422
0.00551176071166992 0.00339412689208984 0.145660400390625 -0.336883544921875
0.00693798065185547 -0.0145463943481445 -0.187896728515625 -0.483001708984375
0.0010223388671875 -0.0109138488769531 -0.454681396484375 -0.0848693847656251
-0.00139808654785156 -0.00257253646850586 -0.246490478515625 0.265792846679688
-5.76972961425782E-05 -0.00268793106079102 0.0145263671875 0.25311279296875
-0.00242066383361816 0.00288057327270508 0.164413452148438 0.064178466796875
0.00512123107910156 0.000618457794189453 0.164764404296875 -0.0894012451171875
-3.03387641906739E-05 0.00085073709487915 -0.143035888671875 0.085479736328125
0.00886917114257813 0.00237655639648438 -0.136711120605469 -0.088592529296875
0.00458240509033203 0.000105381011962891 0.0059661865234375 -0.265487670898438
0.00182247161865234 0.00897693634033203 0.269546508789063 -0.241485595703125
-0.0153703689575195 -0.004852294921875 0.40826416015625 0.14141845703125
-0.0148181915283203 -0.0265007019042969 0.1619873046875 0.477935791015625
0.0135736465454102 -0.00159072875976563 -0.10205078125 0.319091796875
0.0193252563476562 0.00580978393554688 0.0302009582519531 0.0194339752197266
0.00921916961669922 -0.00382328033447266 0.14300537109375 -0.337554931640625
0.00508689880371094 -0.0209846496582031 -0.19134521484375 -0.4791259765625
-0.00328159332275391 -0.0138816833496094 -0.452606201171875 -0.0787353515625001
-0.00309467315673828 -0.00143599510192871 -0.244384765625 0.268157958984375
0.000762403011322022 0.000290453433990479 0.0164642333984375 0.252487182617188
0.000455379486083985 0.00516462326049805 0.165176391601563 0.063323974609375
0.00836420059204102 0.00359392166137695 0.16448974609375 -0.08905029296875
0.00304555892944336 0.00479602813720703 -0.141647338867188 0.08612060546875
0.0104074478149414 0.00324821472167969 -0.136199951171875 -0.0875244140625
0.00560283660888672 0.00247669219970703 0.00595092773437497 -0.26336669921875
0.0002593994140625 0.00897026062011719 0.2674560546875 -0.240264892578125
-0.0182342529296875 -0.00745964050292969 0.406494140625 0.14300537109375
-0.0159416198730469 -0.0327014923095703 0.159881591796875 0.479705810546875
0.018280029296875 -0.008514404296875 -0.103668212890625 0.32147216796875
0.0278778076171875 0.000146865844726563 0.0276908874511719 0.0216274261474609
0.013005256652832 -0.0109701156616211 0.143646240234375 -0.334808349609375
0.00354576110839843 -0.0259304046630859 -0.18927001953125 -0.47930908203125
-0.00628185272216797 -0.0160617828369141 -0.45147705078125 -0.0823059082031251
-0.00490379333496094 -0.00126123428344726 -0.245346069335937 0.267837524414063
0.00148677825927734 0.00268745422363281 0.0156097412109375 0.25323486328125
0.00232791900634766 0.00683879852294922 0.165069580078125 0.0639495849609375
0.0103025436401367 0.00704860687255859 0.163406372070313 -0.0896148681640625
0.0050811767578125 0.00698995590209961 -0.141647338867188 0.08673095703125
0.0115909576416016 0.00389957427978516 -0.13739013671875 -0.0857009887695313
0.00577449798583984 0.00385427474975586 0.00160217285156253 -0.260787963867188
-0.000806808471679687 0.00937271118164063 0.264419555664063 -0.24078369140625
-0.0205059051513672 -0.00916862487792969 0.4071044921875 0.1385498046875
-0.0161895751953125 -0.0367431640625 0.166351318359375 0.4783935546875
0.0213527679443359 -0.0139923095703125 -0.103973388671875 0.32598876953125
0.0338973999023437 -0.00432014465332031 0.0229740142822266 0.0259075164794922
0.016352653503418 -0.015803337097168 0.1453857421875 -0.32830810546875
0.00336265563964844 -0.0300674438476563 -0.181365966796875 -0.478271484375
-0.00814437866210937 -0.0174055099487305 -0.45111083984375 -0.0872802734374999
-0.00528383255004883 -0.000553607940673828 -0.250335693359375 0.266403198242188
0.00184822082519531 0.00415802001953125 0.011871337890625 0.255599975585938
0.00331687927246094 0.008026123046875 0.164871215820313 0.0665740966796875
0.0124959945678711 0.00906753540039063 0.164505004882813 -0.089630126953125
0.00631141662597656 0.00759029388427734 -0.140853881835938 0.0872344970703125
0.0119228363037109 0.00330448150634766 -0.138885498046875 -0.08184814453125
0.00607919692993164 0.00404500961303711 -0.00299072265625001 -0.25897216796875
-0.00109577178955078 0.00960540771484375 0.25701904296875 -0.244598388671875
-0.02099609375 -0.00872802734375 0.4097900390625 0.128173828125
-0.0168914794921875 -0.0386543273925781 0.17620849609375 0.477386474609375
0.0228347778320313 -0.0175209045410156 -0.101287841796875 0.3336181640625
0.0371665954589844 -0.00775146484375 0.016815185546875 0.0326881408691406
0.0183696746826172 -0.0192375183105469 0.14739990234375 -0.322021484375
0.00355148315429688 -0.0320262908935547 -0.171844482421875 -0.481903076171875
-0.00892448425292969 -0.0187911987304687 -0.450439453125 -0.0958251953125001
-0.00577068328857422 -0.000737190246582031 -0.257659912109375 0.264175415039063
0.00178766250610352 0.00454616546630859 0.00654602050781248 0.2591552734375
0.00406694412231445 0.00775337219238281 0.163238525390625 0.06915283203125
0.0131063461303711 0.00978851318359375 0.165328979492188 -0.0893707275390625
-0.0121116638183594 -0.0127029418945312 -0.140594482421875 0.0891876220703125
0.000736236572265626 -0.00635433197021484 -0.142745971679688 -0.075592041015625
0.000370979309082032 -0.0123386383056641 -0.0153350830078125 -0.257980346679688
0.00960540771484375 0.00680351257324219 0.240432739257813 -0.261322021484375
-0.00344133377075195 0.00610256195068359 0.409088134765625 0.09893798828125
-0.0119733810424805 -0.00505638122558594 0.201416015625 0.4569091796875
0.00130844116210938 0.0190601348876953 -0.083953857421875 0.334320068359375
-0.00405693054199218 0.0213947296142578 0.0172157287597656 0.0357284545898438
-0.00204658508300781 0.0179252624511719 0.1531982421875 -0.315948486328125
0.0111589431762695 -0.000301361083984375 -0.161285400390625 -0.487701416015625
0.0105876922607422 -0.00443935394287109 -0.451995849609375 -0.112548828125
0.00298404693603516 -0.0050663948059082 -0.266143798828125 0.254241943359375
-0.00073719024658203 -0.0104837417602539 -0.00245666503906248 0.257492065429688
-0.00694084167480469 -0.00377273559570313 0.15863037109375 0.0719757080078125
-0.00275421142578125 -0.0082240104675293 0.165435791015625 -0.08746337890625
-0.0101108551025391 -0.00936031341552734 -0.140388488769531 0.0880889892578125
0.00229048728942871 -0.00437712669372559 -0.140762329101563 -0.080322265625
0.00132560729980469 -0.00979900360107422 -0.00848388671874997 -0.26068115234375
0.00830221176147461 0.00648689270019531 0.25048828125 -0.255508422851563
-0.00600481033325195 0.00429868698120117 0.408233642578125 0.113433837890625
-0.0127773284912109 -0.0081186294555664 0.18798828125 0.46160888671875
0.00281620025634766 0.0168123245239258 -0.0887451171875 0.326751708984375
-0.0009002685546875 0.0198383331298828 0.0231494903564453 0.0290031433105469
-8.48770141601579E-05 0.0152406692504883 0.14990234375 -0.32464599609375
0.00983905792236328 -0.0033721923828125 -0.172576904296875 -0.48321533203125
0.00828933715820313 -0.00613784790039063 -0.45269775390625 -0.10076904296875
0.001708984375 -0.00445461273193359 -0.256576538085938 0.258407592773437
-0.000525951385498048 -0.00818109512329102 0.0051422119140625 0.254623413085938
-0.00562763214111328 -0.00188732147216797 0.160385131835938 0.0676116943359375
-0.00100040435791016 -0.00572538375854492 0.163421630859375 -0.08892822265625
-0.00726318359375 -0.00654888153076172 -0.140823364257813 0.0876312255859375
0.00406336784362793 -0.00172710418701172 -0.138847351074219 -0.0834579467773438
0.00249481201171875 -0.0066685676574707 -0.00286865234375003 -0.262496948242188
0.00629472732543945 0.00733089447021484 0.256942749023438 -0.249282836914062
-0.00882816314697266 0.00168418884277344 0.407318115234375 0.123016357421875
-0.0136547088623047 -0.0132122039794922 0.17724609375 0.465667724609375
0.00542545318603516 0.0116815567016602 -0.092742919921875 0.320526123046875
0.00469589233398438 0.0163688659667969 0.0274181365966797 0.0230789184570313
0.00202465057373047 0.0101890563964844 0.145263671875 -0.33160400390625
0.00865983963012695 -0.00864124298095703 -0.184295654296875 -0.48065185546875
0.00479984283447266 -0.00853395462036133 -0.452789306640625 -0.087310791015625
6.81877136230466E-05 -0.00379347801208496 -0.248580932617188 0.263473510742188
-0.000765323638916016 -0.00561904907226562 0.012420654296875 0.252532958984375
-0.00418829917907715 0.000885009765625 0.162353515625 0.06439208984375
0.00157546997070313 -0.00310397148132324 0.163116455078125 -0.089447021484375
-0.00342607498168945 -0.00260519981384277 -0.14080810546875 0.0869293212890625
0.00658178329467773 0.000348567962646484 -0.13775634765625 -0.085418701171875
0.00355863571166992 -0.00329089164733887 0.0011138916015625 -0.263397216796875
0.00410318374633789 0.00786113739013672 0.263702392578125 -0.244522094726563
-0.0123271942138672 -0.00168037414550781 0.405975341796875 0.133209228515625
-0.0145587921142578 -0.019256591796875 0.16943359375 0.469940185546875
0.00962066650390625 0.00561618804931641 -0.0963134765625 0.317535400390625
0.0118350982666016 0.0111961364746094 0.0300979614257812 0.0194206237792969
0.00602436065673828 0.00379180908203125 0.140625 -0.335906982421875
0.00658035278320312 -0.0143299102783203 -0.19122314453125 -0.477752685546875
0.00047588348388672 -0.0111856460571289 -0.452362060546875 -0.0799255371093751
-0.00134444236755371 -0.00279736518859863 -0.242431640625 0.26641845703125
0.000185132026672363 -0.00219106674194336 0.0164642333984375 0.251571655273438
-0.00196385383605957 0.00309491157531738 0.163619995117188 0.0622406005859375
0.00460290908813477 0.000237464904785156 0.162246704101563 -0.0900115966796875
0.000226259231567383 0.00133347511291504 -0.141021728515625 0.085968017578125
0.00865507125854492 0.00258731842041016 -0.136894226074219 -0.0866775512695312
0.00395870208740234 -0.00029444694519043 0.00312805175781252 -0.262985229492188
0.00203227996826172 0.0085139274597168 0.2652587890625 -0.241455078125
-0.0159568786621094 -0.00500583648681641 0.4052734375 0.13568115234375
-0.0149326324462891 -0.0257167816162109 0.16571044921875 0.4727783203125
0.0139608383178711 -0.00152206420898438 -0.098663330078125 0.317138671875
0.0200481414794922 0.00555992126464844 0.0300636291503906 0.0189342498779297
0.00933456420898438 -0.00364303588867188 0.1387939453125 -0.335784912109375
0.00490760803222656 -0.0209598541259766 -0.1959228515625 -0.473297119140625
-0.0034332275390625 -0.0138578414916992 -0.451202392578125 -0.0747375488281249
-0.00343632698059082 -0.00145053863525391 -0.240081787109375 0.26885986328125
0.000663042068481445 0.000404238700866699 0.018951416015625 0.251113891601562
-2.62260437011724E-05 0.0052638053894043 0.164794921875 0.0615997314453125
0.00828313827514648 0.00341463088989258 0.162124633789062 -0.0902862548828125
0.00375986099243164 0.0047154426574707 -0.139144897460938 0.0865554809570312
0.010432243347168 0.00355052947998047 -0.136749267578125 -0.0859375
0.00519132614135742 0.00229501724243164 0.00291442871093752 -0.2611083984375
0.000497341156005859 0.0087285041809082 0.2640380859375 -0.240386962890625
-0.0187473297119141 -0.00765609741210937 0.404754638671875 0.138824462890625
-0.0155277252197266 -0.0316982269287109 0.1646728515625 0.474822998046875
0.0185146331787109 -0.00819206237792969 -0.1004638671875 0.319091796875
0.0273494720458984 -0.000270843505859375 0.0272998809814453 0.0207977294921875
0.0129671096801758 -0.0102376937866211 0.140655517578125 -0.333892822265625
0.00339508056640625 -0.0262546539306641 -0.191253662109375 -0.473663330078125
-0.00666141510009766 -0.0161762237548828 -0.44989013671875 -0.0771484375
-0.00466299057006836 -0.000792503356933594 -0.241317749023438 0.268951416015625
0.00166177749633789 0.00244498252868652 0.0174713134765625 0.2515869140625
0.00223112106323242 0.00690650939941406 0.164642333984375 0.062042236328125
0.0106983184814453 0.00710296630859375 0.161529541015625 -0.0905609130859375
0.00560283660888672 0.00745773315429687 -0.139541625976563 0.0864715576171875
0.0117282867431641 0.00427341461181641 -0.137733459472656 -0.0838088989257813
0.00544357299804688 0.00324392318725586 -0.000640869140625016 -0.258987426757813
-0.000703811645507812 0.00934028625488281 0.259841918945313 -0.241439819335938
-0.0206432342529297 -0.00868988037109375 0.404876708984375 0.133880615234375
-0.0164566040039063 -0.0360031127929688 0.1683349609375 0.47161865234375
0.021240234375 -0.0140609741210938 -0.1004638671875 0.32318115234375
0.0336112976074219 -0.00470161437988281 0.0225906372070313 0.0254478454589844
0.0158529281616211 -0.0158615112304688 0.141082763671875 -0.327423095703125
0.00297737121582032 -0.029632568359375 -0.184234619140625 -0.47479248046875
-0.00877952575683594 -0.0174427032470703 -0.449798583984375 -0.0830078125000001
-0.00565528869628906 -0.000452518463134765 -0.245819091796875 0.267425537109375
0.0017094612121582 0.00377893447875977 0.01373291015625 0.253997802734375
0.00360965728759766 0.00768518447875977 0.163925170898438 0.0641937255859375
0.012059211730957 0.00898551940917969 0.162750244140625 -0.09051513671875
0.00691127777099609 0.00811195373535156 -0.138763427734375 0.0878372192382812
0.0121135711669922 0.00381660461425781 -0.139457702636719 -0.0800552368164062
0.00534391403198242 0.00375890731811523 -0.00602722167968749 -0.257247924804688
-0.00095081329345703 0.00941944122314453 0.253173828125 -0.244384765625
-0.0211639404296875 -0.00864410400390625 0.406219482421875 0.1243896484375
-0.017364501953125 -0.0379714965820313 0.179290771484375 0.471221923828125
0.0227108001708984 -0.01708984375 -0.097930908203125 0.330657958984375
0.0373382568359375 -0.00775146484375 0.0169029235839844 0.0323085784912109
0.0182991027832031 -0.0186595916748047 0.144256591796875 -0.320220947265625
0.00331306457519531 -0.0318622589111328 -0.174163818359375 -0.476531982421875
-0.00884056091308594 -0.0185832977294922 -0.448333740234375 -0.0914306640625001
-0.00579690933227539 -0.000576496124267577 -0.253372192382812 0.26556396484375
0.00213432312011719 0.00420928001403809 0.0086822509765625 0.2572021484375
0.00430011749267578 0.00777959823608398 0.163345336914063 0.0670013427734375
0.0130386352539063 0.00978469848632813 0.163040161132812 -0.0897674560546875
-0.0114612579345703 -0.0117740631103516 -0.137962341308594 0.0894317626953125
0.000603675842285157 -0.0059971809387207 -0.142349243164063 -0.0745849609375
4.9591064453124E-05 -0.0119771957397461 -0.0183258056640625 -0.255813598632813
0.00964832305908203 0.00604343414306641 0.23614501953125 -0.260238647460938
-0.00322818756103516 0.00647878646850586 0.407073974609375 0.094940185546875
-0.011998176574707 -0.00467872619628907 0.2015380859375 0.451019287109375
0.00179672241210937 0.0189170837402344 -0.080902099609375 0.331146240234375
-0.00375747680664063 0.0210933685302734 0.0170936584472656 0.0355682373046875
-0.00145721435546875 0.0182361602783203 0.14990234375 -0.3145751953125
0.0103378295898437 -0.000403404235839844 -0.162994384765625 -0.482879638671875
0.0106391906738281 -0.00452709197998047 -0.449859619140625 -0.1085205078125
0.00272655487060547 -0.00501680374145508 -0.262557983398437 0.254928588867188
-0.00130367279052734 -0.0102958679199219 -0.000549316406249991 0.256240844726563
-0.00699710845947266 -0.00368976593017578 0.157470703125 0.069915771484375
-0.00294971466064453 -0.00795650482177734 0.163436889648438 -0.0889129638671875
-0.00981235504150391 -0.0089426040649414 -0.138168334960938 0.0881118774414062
0.00215744972229004 -0.00386524200439453 -0.139816284179687 -0.0793380737304688
0.000802993774414062 -0.00979423522949219 -0.01031494140625 -0.258392333984375
0.00851011276245117 0.00628471374511719 0.245880126953125 -0.254928588867188
-0.00624513626098633 0.00425910949707031 0.406341552734375 0.108917236328125
-0.0125198364257813 -0.00736904144287109 0.19024658203125 0.45770263671875
0.00335025787353515 0.016484260559082 -0.085601806640625 0.324432373046875
-0.000621795654296873 0.0196990966796875 0.0232563018798828 0.0282688140869141
-0.000126838684082031 0.0154275894165039 0.1461181640625 -0.323150634765625
0.00982379913330078 -0.00347518920898438 -0.174346923828125 -0.47943115234375
0.00787019729614258 -0.00623035430908203 -0.449493408203125 -0.09674072265625
0.00190067291259766 -0.00477981567382813 -0.253036499023438 0.25885009765625
-0.000928401947021484 -0.00790739059448242 0.00689697265625001 0.25299072265625
-0.00565958023071289 -0.00149250030517578 0.1595458984375 0.0657806396484375
-0.00102710723876953 -0.00583744049072266 0.161666870117188 -0.08929443359375
-0.00620222091674805 -0.0061793327331543 -0.138839721679688 0.0874404907226562
0.00434064865112305 -0.00160837173461914 -0.138740539550781 -0.0821914672851563
0.00176095962524414 -0.00652980804443359 -0.00524902343750001 -0.260696411132813
0.00623607635498047 0.00706005096435547 0.253173828125 -0.2493896484375
-0.00919914245605469 0.00158596038818359 0.404449462890625 0.118438720703125
-0.0138015747070313 -0.0125608444213867 0.180267333984375 0.46099853515625
0.00599765777587891 0.0118179321289062 -0.089935302734375 0.318267822265625
0.00480461120605468 0.0157098770141602 0.0271854400634766 0.0224819183349609
0.0024728775024414 0.0108957290649414 0.142303466796875 -0.329986572265625
0.00794649124145508 -0.00864028930664062 -0.186920166015625 -0.47650146484375
0.00415706634521484 -0.00875473022460938 -0.449310302734375 -0.083282470703125
-0.000191211700439453 -0.00387430191040039 -0.245071411132812 0.263778686523438
-0.000441551208496094 -0.00537300109863281 0.01324462890625 0.250808715820313
-0.0041043758392334 0.000591754913330078 0.161666870117188 0.0624542236328125
0.00154829025268555 -0.00314831733703613 0.16156005859375 -0.0898895263671875
-0.00267148017883301 -0.00187015533447266 -0.137847900390625 0.086639404296875
0.00657129287719727 0.000742435455322266 -0.137351989746094 -0.0852508544921875
0.00304555892944336 -0.0032646656036377 -0.000671386718749978 -0.261383056640625
0.00404834747314453 0.00724172592163086 0.25897216796875 -0.24468994140625
-0.0124320983886719 -0.00182151794433594 0.404388427734375 0.1295166015625
-0.0146732330322266 -0.0181713104248047 0.1715087890625 0.4659423828125
0.00978755950927734 0.00541400909423828 -0.09356689453125 0.31549072265625
0.01171875 0.010991096496582 0.0299186706542969 0.0192222595214844
0.00558328628540039 0.00383472442626953 0.13677978515625 -0.334686279296875
0.00604152679443359 -0.0146055221557617 -0.193603515625 -0.47222900390625
1.90734863281254E-05 -0.0113353729248047 -0.449188232421875 -0.0763244628906251
-0.00139570236206055 -0.00267910957336426 -0.23919677734375 0.266677856445312
0.000219106674194336 -0.00223636627197266 0.01824951171875 0.24896240234375
-0.00182056427001953 0.00329017639160156 0.16278076171875 0.0603485107421875
0.00466203689575195 0.000332832336425781 0.159820556640625 -0.09051513671875
0.00111234188079834 0.00165629386901855 -0.138778686523437 0.0859909057617188
0.00877761840820313 0.00308132171630859 -0.136962890625 -0.0855712890625
0.00390052795410156 -0.000425577163696289 0.000762939453124984 -0.261398315429688
0.00230693817138672 0.00790262222290039 0.261688232421875 -0.2412109375
-0.0159587860107422 -0.00482082366943359 0.404571533203125 0.133758544921875
-0.0154743194580078 -0.0252456665039063 0.1678466796875 0.467926025390625
0.0139904022216797 -0.00150108337402344 -0.09552001953125 0.314849853515625
0.0198020935058594 0.00520706176757813 0.0296211242675781 0.0181808471679687
0.00927734375 -0.00355052947998047 0.136260986328125 -0.3348388671875
0.00434494018554688 -0.0209789276123047 -0.19598388671875 -0.469024658203125
-0.00383663177490234 -0.013824462890625 -0.449066162109375 -0.0707397460937499
-0.00358819961547852 -0.00162768363952637 -0.236679077148438 0.269363403320312
0.00108003616333008 0.00064462423324585 0.0206146240234375 0.249374389648437
0.000308513641357422 0.00539731979370117 0.16400146484375 0.059417724609375
0.00813484191894531 0.00336885452270508 0.160781860351563 -0.090545654296875
0.00445652008056641 0.00559854507446289 -0.137359619140625 0.086212158203125
0.0107946395874023 0.00387382507324219 -0.136512756347656 -0.0844879150390625
0.00455427169799805 0.00209903717041016 0.00167846679687498 -0.259597778320313
0.000529766082763673 0.00856161117553711 0.259994506835938 -0.239486694335938
-0.0189723968505859 -0.0074920654296875 0.402801513671875 0.13433837890625
-0.0163135528564453 -0.0307121276855469 0.16766357421875 0.470611572265625
0.0184688568115234 -0.00861358642578125 -0.0972900390625 0.316436767578125
0.0274925231933594 -0.000606536865234375 0.0270366668701172 0.0207138061523438
0.0129556655883789 -0.0101842880249023 0.136932373046875 -0.332366943359375
0.00291252136230469 -0.0260505676269531 -0.192962646484375 -0.468505859375
-0.00676727294921875 -0.0165071487426758 -0.4461669921875 -0.072357177734375
-0.00481653213500977 -0.00118398666381836 -0.238174438476562 0.269363403320313
0.00132894515991211 0.00319838523864746 0.0191497802734375 0.249969482421875
0.0021672248840332 0.00725650787353516 0.163818359375 0.0597686767578125
0.0106210708618164 0.00664806365966797 0.15960693359375 -0.090423583984375
0.00679636001586914 0.00759220123291016 -0.137130737304688 0.0867996215820313
0.0119171142578125 0.00422382354736328 -0.137649536132813 -0.0823593139648438
0.00465059280395508 0.00345897674560547 -0.00315856933593749 -0.257247924804688
-0.00041961669921875 0.00897884368896484 0.256271362304687 -0.240829467773438
-0.0208168029785156 -0.00835609436035157 0.40289306640625 0.130401611328125
-0.0166435241699219 -0.0348777770996094 0.17095947265625 0.468780517578125
0.0211467742919922 -0.0140895843505859 -0.09710693359375 0.321533203125
0.0332908630371094 -0.00467681884765625 0.0227565765380859 0.0253467559814453
0.0161981582641602 -0.0155363082885742 0.137725830078125 -0.325164794921875
0.00229644775390625 -0.0298309326171875 -0.186126708984375 -0.469482421875
-0.00909805297851562 -0.0177268981933594 -0.44732666015625 -0.0782775878906249
-0.00579833984375 -0.000402450561523437 -0.242202758789063 0.268341064453125
0.00224208831787109 0.00394535064697266 0.015533447265625 0.252426147460938
0.00408792495727539 0.0081171989440918 0.163406372070313 0.062042236328125
0.0122442245483398 0.00826740264892578 0.160964965820313 -0.09124755859375
0.00771951675415039 0.00801324844360352 -0.136947631835938 0.08740234375
0.0123414993286133 0.00416278839111328 -0.138763427734375 -0.0789718627929688
0.00550031661987305 0.0034489631652832 -0.00793457031249998 -0.255661010742187
-0.000586509704589844 0.00901222229003906 0.249237060546875 -0.244216918945313
-0.0215702056884766 -0.00831222534179688 0.40478515625 0.1209716796875
-0.0175361633300781 -0.0371475219726563 0.18170166015625 0.46697998046875
0.0227680206298828 -0.0173397064208984 -0.094818115234375 0.328338623046875
0.0369033813476563 -0.0074462890625 0.0167179107666016 0.0314388275146484
0.0182971954345703 -0.0187110900878906 0.140472412109375 -0.318756103515625
0.00282669067382813 -0.0316371917724609 -0.176361083984375 -0.471832275390625
-0.0096435546875 -0.0186233520507813 -0.447845458984375 -0.0874633789062499
-0.00624513626098633 -0.000769138336181641 -0.249740600585938 0.265701293945313
0.00215601921081543 0.00430989265441895 0.0100555419921875 0.255142211914063
0.00442790985107422 0.00786781311035156 0.162689208984375 0.0654296875
0.0130596160888672 0.00939559936523437 0.160675048828125 -0.090728759765625
-0.0105066299438477 -0.0106916427612305 -0.136192321777344 0.0889968872070313
0.000887393951416016 -0.00536203384399414 -0.141647338867188 -0.0738677978515625
-0.000364303588867188 -0.0120754241943359 -0.019287109375 -0.253616333007813
0.00943279266357422 0.00556087493896484 0.232437133789063 -0.259521484375
-0.00339794158935547 0.00650405883789062 0.40484619140625 0.0921630859375
-0.0121831893920898 -0.00410270690917969 0.20416259765625 0.44671630859375
0.00202560424804687 0.0190105438232422 -0.078887939453125 0.328521728515625
-0.00319480895996094 0.0214252471923828 0.0165214538574219 0.0349636077880859
-0.00113677978515625 0.0184421539306641 0.14666748046875 -0.312713623046875
0.00998878479003906 -0.000349998474121094 -0.16455078125 -0.477874755859375
0.010014533996582 -0.00460338592529297 -0.447418212890625 -0.10498046875
0.00307893753051758 -0.00523757934570313 -0.259170532226563 0.254104614257813
-0.00125789642333984 -0.00995922088623047 0.000762939453124995 0.254180908203125
-0.00689935684204102 -0.00361347198486328 0.156707763671875 0.0684356689453125
-0.0029292106628418 -0.00777959823608398 0.161941528320313 -0.0890655517578125
-0.00871849060058594 -0.00837945938110352 -0.135971069335937 0.0875778198242188
0.00256252288818359 -0.00367355346679688 -0.139923095703125 -0.0780487060546875
0.0005340576171875 -0.00946712493896485 -0.0121307373046875 -0.256195068359375
0.00825834274291992 0.00603771209716797 0.243515014648438 -0.25433349609375
-0.00581789016723633 0.00446701049804687 0.403564453125 0.106719970703125
-0.0130653381347656 -0.00667762756347656 0.191314697265625 0.4537353515625
0.00377082824707031 0.0165615081787109 -0.084228515625 0.32171630859375
-0.000503540039062501 0.0194740295410156 0.02288818359375 0.0281410217285156
0.000309944152832031 0.0158653259277344 0.1435546875 -0.321136474609375
0.0095977783203125 -0.0038909912109375 -0.175811767578125 -0.47454833984375
0.00755167007446289 -0.00653505325317383 -0.44720458984375 -0.0943603515625
0.00200605392456055 -0.00456905364990234 -0.24981689453125 0.25860595703125
-0.000762939453125 -0.00769662857055664 0.00781249999999998 0.251205444335938
-0.00590801239013672 -0.00139951705932617 0.158782958984375 0.0645599365234375
-0.000867843627929688 -0.00562286376953125 0.159942626953125 -0.0903472900390625
-0.00583887100219726 -0.00542497634887695 -0.137054443359375 0.0871810913085938
0.0047917366027832 -0.00121879577636719 -0.138397216796875 -0.0812225341796875
0.00139570236206055 -0.00643014907836914 -0.00665283203124999 -0.25860595703125
0.00655221939086914 0.00652980804443359 0.250091552734375 -0.248992919921875
-0.00899314880371094 0.00154972076416016 0.402557373046875 0.115875244140625
-0.0138969421386719 -0.0118446350097656 0.181610107421875 0.456329345703125
0.00625038146972656 0.0119943618774414 -0.08843994140625 0.316009521484375
0.00484943389892578 0.0157060623168945 0.0269565582275391 0.0222091674804688
0.002716064453125 0.0104274749755859 0.139007568359375 -0.327789306640625
0.00746345520019531 -0.00865030288696289 -0.18670654296875 -0.470611572265625
0.00396156311035156 -0.00921916961669922 -0.4482421875 -0.080780029296875
7.86781311035157E-05 -0.00383448600769043 -0.241729736328125 0.263687133789063
-0.000512123107910157 -0.00511550903320313 0.0147705078125 0.24945068359375
-0.00385522842407227 0.000856399536132813 0.160797119140625 0.060943603515625
0.00165891647338867 -0.00304365158081055 0.159881591796875 -0.0906219482421875
-0.00206947326660156 -0.00128519535064697 -0.13629150390625 0.0868148803710938
0.00702524185180664 0.00104713439941406 -0.137245178222656 -0.0832977294921875
0.00259733200073242 -0.00340390205383301 -0.00274658203124999 -0.259750366210938
0.00442171096801758 0.00698566436767578 0.254959106445312 -0.243820190429688
-0.0127134323120117 -0.00181293487548828 0.401580810546875 0.12579345703125
-0.0146350860595703 -0.0179481506347656 0.173858642578125 0.46148681640625
0.00995349884033203 0.00584506988525391 -0.091217041015625 0.3125
0.0117883682250977 0.0108747482299805 0.0293083190917969 0.0186958312988281
0.00608921051025391 0.00436782836914063 0.13372802734375 -0.33160400390625
0.00606346130371094 -0.014307975769043 -0.195281982421875 -0.467559814453125
-0.000251770019531249 -0.0115938186645508 -0.447479248046875 -0.0715942382812499
-0.00171709060668945 -0.00279664993286133 -0.2359619140625 0.266799926757813
1.4781951904297E-05 -0.00232505798339844 0.0195159912109375 0.247711181640625
-0.00177407264709473 0.00345587730407715 0.161911010742188 0.0584716796875
0.00497341156005859 0.0004119873046875 0.15802001953125 -0.091400146484375
0.00213289260864258 0.00198471546173096 -0.136886596679688 0.0859909057617187
0.00913619995117188 0.00301265716552734 -0.136528015136719 -0.0841140747070313
0.00378704071044922 -0.00022578239440918 -3.05175781250044E-05 -0.259368896484375
0.00187301635742188 0.00809812545776367 0.25848388671875 -0.240982055664063
-0.0158252716064453 -0.00449371337890625 0.401580810546875 0.130462646484375
-0.0152664184570312 -0.0243396759033203 0.169281005859375 0.464630126953125
0.0142192840576172 -0.00186920166015625 -0.094085693359375 0.311248779296875
0.0197105407714844 0.00506782531738281 0.0293369293212891 0.0175743103027344
0.009429931640625 -0.003173828125 0.13330078125 -0.332305908203125
0.00382423400878906 -0.0204849243164063 -0.1978759765625 -0.464447021484375
-0.00382041931152344 -0.0143442153930664 -0.4451904296875 -0.06817626953125
-0.00343656539916992 -0.00168395042419434 -0.233734130859375 0.269439697265625
0.00106722116470337 0.000529766082763672 0.021453857421875 0.247283935546875
0.000445842742919922 0.00580549240112305 0.162887573242188 0.0582122802734375
0.00811100006103516 0.00374937057495117 0.158584594726563 -0.090850830078125
0.00523805618286133 0.00591945648193359 -0.135650634765625 0.0859603881835937
0.0107393264770508 0.00365447998046875 -0.136276245117188 -0.0836029052734375
0.0045161247253418 0.00198888778686523 -0.000549316406250026 -0.2574462890625
0.000420093536376953 0.00752878189086914 0.256820678710938 -0.239349365234375
-0.0187473297119141 -0.00701904296875 0.399932861328125 0.13153076171875
-0.0161151885986328 -0.0299015045166016 0.16827392578125 0.46484375
0.0184535980224609 -0.00850105285644531 -0.0960693359375 0.314208984375
0.0270614624023437 -0.00025177001953125 0.0267353057861328 0.0203266143798828
0.0128927230834961 -0.0101346969604492 0.133819580078125 -0.330657958984375
0.00248908996582031 -0.0257186889648438 -0.19476318359375 -0.46343994140625
-0.0073232650756836 -0.0161600112915039 -0.444915771484375 -0.0701599121093749
-0.00477075576782227 -0.00108528137207031 -0.23516845703125 0.268630981445313
0.00188589096069336 0.00303268432617188 0.0201263427734375 0.248336791992188
0.0025787353515625 0.0068659782409668 0.162857055664063 0.058441162109375
0.0107612609863281 0.00671100616455078 0.15765380859375 -0.0913848876953125
0.00716638565063477 0.00759458541870117 -0.135307312011719 0.0867996215820312
0.0119495391845703 0.00471782684326172 -0.137275695800781 -0.0817947387695312
0.0048370361328125 0.00332975387573242 -0.00428771972656253 -0.255233764648438
-0.000768661499023437 0.00833368301391602 0.253173828125 -0.239776611328125
-0.0207710266113281 -0.00806045532226563 0.400482177734375 0.12713623046875
-0.0167102813720703 -0.0343513488769531 0.172698974609375 0.464447021484375
0.0211029052734375 -0.013763427734375 -0.095245361328125 0.318756103515625
0.0331935882568359 -0.00501441955566406 0.0222854614257813 0.02496337890625
0.0157804489135742 -0.0155410766601563 0.1351318359375 -0.32391357421875
0.00213050842285157 -0.0296707153320313 -0.187957763671875 -0.4649658203125
-0.00894641876220703 -0.0174360275268555 -0.443817138671875 -0.0747375488281249
-0.00555992126464844 -0.000690460205078124 -0.239120483398438 0.268112182617188
0.00193643569946289 0.0042884349822998 0.016876220703125 0.250900268554688
0.0037226676940918 0.00862884521484375 0.16217041015625 0.0606689453125
0.012446403503418 0.00865936279296875 0.158966064453125 -0.091827392578125
0.00837993621826172 0.00831079483032227 -0.134437561035156 0.087890625
0.01226806640625 0.00459003448486328 -0.13861083984375 -0.0778121948242187
0.00487756729125977 0.00332736968994141 -0.009796142578125 -0.252716064453125
-0.000885963439941406 0.00834369659423828 0.246139526367188 -0.243728637695313
-0.0216712951660156 -0.00813674926757812 0.4022216796875 0.117919921875
-0.0177726745605469 -0.0362739562988281 0.18316650390625 0.46307373046875
0.0228919982910156 -0.0173168182373047 -0.092864990234375 0.32586669921875
0.0362930297851563 -0.00786209106445313 0.0166435241699219 0.03118896484375
0.0177803039550781 -0.0184288024902344 0.137847900390625 -0.3165283203125
0.00202560424804688 -0.0318355560302734 -0.177978515625 -0.466644287109375
-0.00990867614746094 -0.0186271667480469 -0.44451904296875 -0.083892822265625
-0.00614070892333984 -0.000549793243408203 -0.24627685546875 0.265838623046875
0.00243616104125977 0.00451421737670898 0.0116424560546875 0.25396728515625
0.00468540191650391 0.00758457183837891 0.161041259765625 0.063873291015625
0.0129766464233398 0.00921440124511719 0.159011840820313 -0.09124755859375
-0.00988483428955078 -0.0105724334716797 -0.133979797363281 0.0884475708007813
0.00110387802124023 -0.00484228134155273 -0.1416015625 -0.072662353515625
-0.000703811645507813 -0.012019157409668 -0.019989013671875 -0.25201416015625
0.00967788696289063 0.00494575500488281 0.23101806640625 -0.258209228515625
-0.00344562530517578 0.00636768341064453 0.40289306640625 0.090789794921875
-0.012059211730957 -0.00345325469970703 0.205047607421875 0.442047119140625
0.00222396850585938 0.0188121795654297 -0.077362060546875 0.325836181640625
-0.00324821472167969 0.0213737487792969 0.0168991088867188 0.0349941253662109
-0.001007080078125 0.0182666778564453 0.1444091796875 -0.311187744140625
0.00989532470703125 -0.000384330749511719 -0.16546630859375 -0.473907470703125
0.00994110107421875 -0.00494575500488281 -0.445098876953125 -0.102203369140625
0.00253582000732422 -0.00530624389648438 -0.256332397460938 0.254898071289062
-0.00130558013916016 -0.00977325439453125 0.00167846679687499 0.252761840820313
-0.00681829452514648 -0.00311946868896484 0.15557861328125 0.066925048828125
-0.00293159484863281 -0.00790691375732422 0.15985107421875 -0.08941650390625
-0.00792121887207031 -0.0080876350402832 -0.134513854980469 0.08734130859375
0.00244140625 -0.00312352180480957 -0.140129089355469 -0.0769195556640625
-2.47955322265624E-05 -0.00951957702636719 -0.013214111328125 -0.254669189453125
0.00850677490234375 0.0054774284362793 0.240203857421875 -0.252731323242188
-0.00606060028076172 0.0042271614074707 0.399658203125 0.10443115234375
-0.0127353668212891 -0.0063018798828125 0.192108154296875 0.448211669921875
0.00398063659667969 0.0165023803710938 -0.0821533203125 0.318817138671875
-0.000318527221679687 0.0193309783935547 0.0223217010498047 0.0275249481201172
0.000469207763671874 0.0153875350952148 0.14141845703125 -0.31915283203125
0.0091848373413086 -0.00383949279785156 -0.1766357421875 -0.470733642578125
0.00766324996948242 -0.00659990310668945 -0.44464111328125 -0.090789794921875
0.0015263557434082 -0.00504827499389648 -0.247238159179688 0.258392333984375
-0.00109624862670899 -0.00731611251831055 0.00842285156250002 0.2496337890625
-0.00553369522094727 -0.0014185905456543 0.15765380859375 0.06304931640625
-0.00132131576538086 -0.00533485412597656 0.158340454101563 -0.0902252197265625
-0.00492620468139648 -0.00517702102661133 -0.135246276855469 0.08648681640625
0.00494766235351562 -0.000492095947265625 -0.138267517089844 -0.0806045532226563
0.00123977661132813 -0.00700616836547852 -0.00784301757812498 -0.256256103515625
0.00619316101074219 0.00645351409912109 0.248199462890625 -0.2479248046875
-0.00920963287353516 0.00164699554443359 0.40008544921875 0.114105224609375
-0.0139064788818359 -0.011103630065918 0.182464599609375 0.45294189453125
0.00656604766845703 0.0117044448852539 -0.086273193359375 0.31365966796875
0.00492763519287109 0.0158309936523437 0.0265235900878906 0.0216827392578125
0.00291347503662109 0.0106525421142578 0.136932373046875 -0.3253173828125
0.00715780258178711 -0.00824356079101562 -0.187744140625 -0.46630859375
0.00342464447021484 -0.00924015045166015 -0.444091796875 -0.07794189453125
0.000116348266601562 -0.00396227836608887 -0.239013671875 0.263519287109375
-0.000663280487060547 -0.00523567199707031 0.0159912109375 0.248153686523438
-0.00373744964599609 0.000855445861816406 0.159912109375 0.0601806640625
0.00150227546691895 -0.00304055213928223 0.158004760742188 -0.0908050537109375
-0.00126254558563232 -0.00103449821472168 -0.134727478027344 0.0864486694335938
0.00696992874145508 0.00139522552490234 -0.136711120605469 -0.0830230712890625
0.00221061706542969 -0.00362133979797363 -0.00398254394531253 -0.257522583007813
0.00410938262939453 0.00646591186523438 0.251983642578125 -0.242584228515625
-0.012537956237793 -0.0014505386352539 0.399200439453125 0.1240234375
-0.0141592025756836 -0.0172080993652344 0.174102783203125 0.458465576171875
0.0101432800292969 0.00588512420654297 -0.090545654296875 0.310089111328125
0.0119609832763672 0.0109272003173828 0.0290107727050781 0.01812744140625
0.00597238540649414 0.00393962860107422 0.133209228515625 -0.329254150390625
0.00534629821777344 -0.0145721435546875 -0.1951904296875 -0.463714599609375
-0.000535011291503905 -0.0118532180786133 -0.444366455078125 -0.0693359375000001
-0.00148987770080566 -0.00328922271728516 -0.233718872070313 0.266159057617187
0.000411033630371094 -0.00226092338562012 0.02020263671875 0.24591064453125
-0.00160384178161621 0.00345873832702637 0.161087036132813 0.0572357177734375
0.0046687126159668 0.000285148620605469 0.15692138671875 -0.0911102294921875
0.00275874137878418 0.0021364688873291 -0.135284423828125 0.0850753784179688
0.00896549224853516 0.00344467163085938 -0.13641357421875 -0.0839157104492188
0.00337624549865723 -0.000330686569213867 -0.00135803222656251 -0.257492065429687
0.00148391723632812 0.00728321075439453 0.25537109375 -0.24017333984375
-0.0158634185791016 -0.00442314147949219 0.399688720703125 0.1263427734375
-0.0153579711914062 -0.0231170654296875 0.169952392578125 0.459625244140625
0.0144424438476562 -0.00128841400146484 -0.091888427734375 0.30938720703125
0.0195636749267578 0.0048675537109375 0.0290012359619141 0.0174388885498047
0.00899410247802734 -0.0030975341796875 0.131134033203125 -0.33026123046875
0.00350379943847656 -0.0204429626464844 -0.19891357421875 -0.460357666015625
-0.00430488586425781 -0.0140552520751953 -0.44293212890625 -0.06573486328125
-0.00365829467773437 -0.0018618106842041 -0.22991943359375 0.268951416015625
0.00107038021087647 0.000495254993438721 0.022064208984375 0.24615478515625
0.000349998474121094 0.00576353073120117 0.161972045898438 0.056610107421875
0.00799465179443359 0.00317621231079102 0.157333374023438 -0.0904998779296875
0.00612926483154297 0.00608015060424805 -0.134025573730469 0.0854873657226563
0.0110292434692383 0.00441074371337891 -0.136367797851563 -0.0827789306640625
0.00422453880310059 0.00214505195617676 -0.00205993652343748 -0.25567626953125
0.000287532806396485 0.00740242004394531 0.254653930664063 -0.237838745117188
-0.0191497802734375 -0.00669670104980469 0.39691162109375 0.128570556640625
-0.0157928466796875 -0.0292186737060547 0.16900634765625 0.46160888671875
0.0189418792724609 -0.00808525085449219 -0.09429931640625 0.311920166015625
0.0268020629882813 -8.96453857421875E-05 0.0264301300048828 0.0195083618164062
0.0129489898681641 -0.00993824005126953 0.13079833984375 -0.32745361328125
0.002166748046875 -0.0251274108886719 -0.1954345703125 -0.459991455078125
-0.00780200958251953 -0.016326904296875 -0.441925048828125 -0.06781005859375
-0.00483608245849609 -0.00133562088012695 -0.232254028320312 0.268402099609375
0.00206804275512695 0.00318455696105957 0.02069091796875 0.24652099609375
0.00240659713745117 0.00717544555664063 0.161941528320313 0.0572357177734375
0.0106973648071289 0.00644493103027344 0.156158447265625 -0.0916595458984375
0.00861454010009766 0.00786781311035156 -0.133705139160156 0.085418701171875
0.01263427734375 0.00448226928710938 -0.1370849609375 -0.0802459716796875
0.00484323501586914 0.00342369079589844 -0.00550842285156248 -0.253204345703125
-0.000934600830078124 0.00789022445678711 0.250473022460937 -0.23907470703125
-0.0204334259033203 -0.00798225402832031 0.3974609375 0.124237060546875
-0.0165843963623047 -0.0335121154785156 0.173675537109375 0.459625244140625
0.0216484069824219 -0.01361083984375 -0.09375 0.316192626953125
0.0324974060058594 -0.00468635559082031 0.0219650268554688 0.0247154235839844
0.0159273147583008 -0.0151815414428711 0.1334228515625 -0.321441650390625
0.00148963928222656 -0.0295810699462891 -0.188720703125 -0.460205078125
-0.00958442687988281 -0.0177726745605469 -0.441192626953125 -0.0729980468749999
-0.00562715530395508 -0.000700950622558595 -0.23638916015625 0.267578125
0.00197553634643555 0.00413823127746582 0.017608642578125 0.249130249023437
0.00425338745117188 0.00736427307128906 0.161514282226562 0.0595855712890625
0.0127077102661133 0.00838375091552734 0.157455444335937 -0.0916748046875
0.00937271118164063 0.00855922698974609 -0.132972717285156 0.0868911743164062
0.0127944946289063 0.00448513031005859 -0.138626098632813 -0.076995849609375
0.0048222541809082 0.00364112854003906 -0.010894775390625 -0.251419067382813
-0.00119400024414063 0.0083165168762207 0.243637084960938 -0.2420654296875
-0.0217056274414063 -0.00806617736816406 0.3997802734375 0.115447998046875
-0.0179939270019531 -0.0351524353027344 0.183929443359375 0.458984375
0.0231418609619141 -0.0168800354003906 -0.091156005859375 0.323150634765625
0.0362205505371094 -0.00786590576171875 0.0164375305175781 0.0307254791259766
0.0181427001953125 -0.017791748046875 0.135284423828125 -0.3150634765625
0.00173187255859375 -0.0314502716064453 -0.178924560546875 -0.463836669921875
-0.0102882385253906 -0.0185756683349609 -0.44158935546875 -0.0811767578125
-0.00577974319458008 -0.00094127655029297 -0.244308471679687 0.2650146484375
0.00255608558654785 0.00425291061401367 0.012603759765625 0.251846313476563
0.00437402725219726 0.0078425407409668 0.160568237304687 0.0623016357421875
0.0130119323730469 0.00947475433349609 0.157730102539063 -0.091033935546875
-0.00910377502441406 -0.0102052688598633 -0.132972717285156 0.088104248046875
0.00143766403198242 -0.00474023818969727 -0.141693115234375 -0.07183837890625
-0.00131607055664063 -0.0114631652832031 -0.0214385986328125 -0.249588012695313
0.00972938537597656 0.00488090515136719 0.22802734375 -0.256393432617188
-0.00352287292480469 0.00648117065429688 0.3990478515625 0.089691162109375
-0.0119810104370117 -0.00261783599853516 0.204803466796875 0.437713623046875
0.00279426574707031 0.0189075469970703 -0.076416015625 0.323028564453125
-0.00307464599609375 0.0211448669433594 0.0166435241699219 0.0344352722167969
-0.00102996826171875 0.0186080932617188 0.142974853515625 -0.308746337890625
0.00945568084716797 -0.000370979309082031 -0.165679931640625 -0.4691162109375
0.00962734222412109 -0.00499248504638672 -0.441925048828125 -0.099822998046875
0.00240612030029297 -0.00539684295654297 -0.254058837890625 0.253555297851563
-0.00118255615234375 -0.00945091247558594 0.0022430419921875 0.251113891601562
-0.00661277770996094 -0.00297880172729492 0.154953002929688 0.0660858154296875
-0.00287055969238281 -0.00755596160888672 0.158462524414063 -0.089324951171875
-0.0069580078125 -0.00723171234130859 -0.133407592773438 0.08673095703125
0.00311994552612305 -0.00298070907592773 -0.139923095703125 -0.0765838623046875
-0.000300407409667969 -0.00935173034667969 -0.014068603515625 -0.252914428710938
0.0080876350402832 0.00503778457641602 0.237701416015625 -0.250869750976563
-0.00604104995727539 0.00457620620727539 0.3990478515625 0.102813720703125
-0.0127983093261719 -0.00577640533447265 0.19268798828125 0.445068359375
0.00403022766113281 0.0164728164672852 -0.0810546875 0.3162841796875
-0.000106811523437499 0.0192718505859375 0.0221595764160156 0.026947021484375
0.000701904296874998 0.0159721374511719 0.139801025390625 -0.317596435546875
0.00876092910766602 -0.00368785858154297 -0.17718505859375 -0.466339111328125
0.006866455078125 -0.00697898864746094 -0.4427490234375 -0.0875244140625
0.00157785415649414 -0.00517034530639648 -0.244873046875 0.25787353515625
-0.000915050506591796 -0.0076146125793457 0.00901794433593748 0.248275756835937
-0.00557518005371094 -0.00142288208007813 0.156631469726563 0.0619049072265625
-0.00127553939819336 -0.0052032470703125 0.156631469726563 -0.0904083251953125
-0.00417137145996094 -0.00460243225097656 -0.133811950683594 0.08575439453125
0.00506687164306641 -0.000324726104736328 -0.138542175292969 -0.0794296264648438
0.000745773315429688 -0.00643682479858399 -0.00859069824218748 -0.254913330078125
0.00577735900878906 0.00573873519897461 0.244766235351563 -0.247528076171875
-0.00911712646484375 0.00194549560546875 0.39801025390625 0.111358642578125
-0.0133581161499023 -0.0105066299438477 0.18267822265625 0.44970703125
0.00658130645751953 0.011775016784668 -0.0850830078125 0.310516357421875
0.00489997863769531 0.0157556533813477 0.0264492034912109 0.0219020843505859
0.00305271148681641 0.0107269287109375 0.134002685546875 -0.323516845703125
0.00680065155029297 -0.00885581970214844 -0.188018798828125 -0.46234130859375
0.0034189224243164 -0.00963592529296875 -0.4415283203125 -0.076690673828125
-0.000230312347412109 -0.00408530235290527 -0.236770629882812 0.262725830078125
-0.000396728515625 -0.00540494918823242 0.0159912109375 0.246292114257812
-0.00391721725463867 0.00123238563537598 0.158828735351563 0.05877685546875
0.00150179862976074 -0.00264978408813477 0.156417846679688 -0.09088134765625
-0.000287771224975586 -0.00105535984039307 -0.133636474609375 0.08544921875
0.00732564926147461 0.00127172470092773 -0.136695861816406 -0.0819168090820312
0.00196313858032227 -0.00277876853942871 -0.00491333007812503 -0.255508422851563
0.00389480590820313 0.00636053085327148 0.250320434570313 -0.242080688476563
-0.0127401351928711 -0.00125789642333984 0.396484375 0.1220703125
-0.0147581100463867 -0.0165767669677734 0.173828125 0.453369140625
0.0108842849731445 0.00570201873779297 -0.08843994140625 0.3077392578125
0.0119256973266602 0.0109891891479492 0.0288505554199219 0.0184116363525391
0.00609111785888672 0.00415229797363281 0.130462646484375 -0.327728271484375
0.00503349304199219 -0.0143747329711914 -0.1956787109375 -0.459564208984375
-0.000987052917480468 -0.0115375518798828 -0.441558837890625 -0.068878173828125
-0.0016634464263916 -0.00326156616210938 -0.2313232421875 0.265350341796875
0.000256419181823731 -0.00198280811309814 0.0202178955078125 0.244796752929687
-0.00179004669189453 0.00373697280883789 0.15997314453125 0.0562744140625
0.00470876693725586 0.000411510467529297 0.154983520507813 -0.0911102294921875
0.00348377227783203 0.00230813026428223 -0.133766174316406 0.0845260620117188
0.00952625274658203 0.00378227233886719 -0.1361083984375 -0.0828475952148438
0.00295376777648926 0.000244855880737305 -0.0026092529296875 -0.255081176757813
0.00174427032470703 0.00676059722900391 0.252532958984375 -0.238922119140625
-0.0161466598510742 -0.00432968139648438 0.397705078125 0.12493896484375
-0.0150642395019531 -0.0227432250976563 0.170318603515625 0.457183837890625
0.0148019790649414 -0.00135040283203125 -0.090972900390625 0.30670166015625
0.0198116302490234 0.00531196594238281 0.0283069610595703 0.0173892974853516
0.00946903228759766 -0.00319671630859375 0.129608154296875 -0.32733154296875
0.00329208374023438 -0.0203933715820313 -0.198455810546875 -0.456207275390625
-0.00482177734375 -0.0140609741210938 -0.43951416015625 -0.06451416015625
-0.00389409065246582 -0.00224113464355469 -0.228897094726563 0.268142700195312
0.00115001201629639 0.000630021095275879 0.0225982666015625 0.244003295898438
0.000550270080566406 0.00562000274658203 0.161178588867187 0.0557861328125
0.00803899765014648 0.00369930267333984 0.155471801757813 -0.0911712646484375
0.00681972503662109 0.00570964813232422 -0.132553100585938 0.0849227905273438
0.0114498138427734 0.00446796417236328 -0.136062622070313 -0.0817947387695312
0.00343441963195801 0.00212502479553223 -0.00314331054687498 -0.253662109375
0.000288009643554688 0.00695371627807617 0.25213623046875 -0.23699951171875
-0.0187225341796875 -0.00655174255371094 0.39434814453125 0.12701416015625
-0.0162715911865234 -0.0281429290771484 0.169708251953125 0.457427978515625
0.0190258026123047 -0.00812911987304688 -0.092315673828125 0.308837890625
0.0266952514648438 -3.814697265625E-05 0.0261631011962891 0.0191974639892578
0.0130929946899414 -0.00975227355957031 0.1300048828125 -0.325836181640625
0.00170707702636719 -0.0253791809082031 -0.194976806640625 -0.4556884765625
-0.00821113586425781 -0.0161771774291992 -0.43890380859375 -0.0658569335937499
-0.00482416152954102 -0.00145721435546875 -0.23004150390625 0.26849365234375
0.00178313255310059 0.00338244438171387 0.0209808349609375 0.2451171875
0.00265359878540039 0.00713300704956055 0.160858154296875 0.0563201904296875
0.0107812881469727 0.00678157806396484 0.154693603515625 -0.0915679931640625
0.00891685485839844 0.00791263580322266 -0.132438659667969 0.0856781005859375
0.0123157501220703 0.00504493713378906 -0.136825561523438 -0.0796661376953125
0.00409626960754394 0.00383210182189941 -0.00640869140624999 -0.251861572265625
-0.000618457794189454 0.00752496719360352 0.247940063476562 -0.237274169921875
-0.021148681640625 -0.00780868530273437 0.395904541015625 0.12261962890625
-0.0168437957763672 -0.0324459075927734 0.1749267578125 0.455841064453125
0.0218753814697266 -0.0135097503662109 -0.092376708984375 0.31341552734375
0.0324897766113281 -0.00461578369140625 0.0218086242675781 0.0238132476806641
0.0159015655517578 -0.0147132873535156 0.131134033203125 -0.319061279296875
0.00103378295898437 -0.0291404724121094 -0.18896484375 -0.456451416015625
-0.00998306274414062 -0.0180644989013672 -0.438751220703125 -0.069305419921875
-0.00594472885131836 -0.000757217407226562 -0.2353515625 0.266708374023438
0.00246906280517578 0.00371599197387695 0.0177001953125 0.247909545898437
0.00386476516723633 0.00807428359985352 0.160491943359375 0.058319091796875
0.0123510360717773 0.00863075256347656 0.155410766601563 -0.0916595458984375
0.010162353515625 0.00854396820068359 -0.131858825683594 0.0866470336914063
0.012608528137207 0.00454902648925781 -0.13861083984375 -0.0764236450195313
0.00440502166748047 0.00389719009399414 -0.011444091796875 -0.249298095703125
-0.00121259689331055 0.00780010223388672 0.2408447265625 -0.241119384765625
-0.0216159820556641 -0.00772666931152343 0.3973388671875 0.113616943359375
-0.0176448822021484 -0.0346240997314453 0.18450927734375 0.454193115234375
0.0231113433837891 -0.0171375274658203 -0.089080810546875 0.320404052734375
0.0363502502441406 -0.0078582763671875 0.0158329010009766 0.0304393768310547
0.0179519653320313 -0.0181484222412109 0.1339111328125 -0.313232421875
0.00145149230957031 -0.0312042236328125 -0.17864990234375 -0.45977783203125
-0.0104351043701172 -0.0187206268310547 -0.4388427734375 -0.0789794921875
-0.00620841979980469 -0.000766277313232421 -0.241989135742188 0.264404296875
0.00246405601501465 0.00420236587524414 0.01324462890625 0.251174926757813
0.00451421737670899 0.00748395919799805 0.159393310546875 0.0616455078125
0.0137672424316406 0.00971221923828125 0.155624389648438 -0.091156005859375
-0.00860786437988281 -0.00975990295410156 -0.13177490234375 0.0874862670898438
0.00134420394897461 -0.00408816337585449 -0.141311645507813 -0.071533203125
-0.00141716003417969 -0.0110702514648437 -0.021820068359375 -0.2479248046875
0.00925827026367188 0.00471019744873047 0.226181030273438 -0.255142211914063
-0.00376129150390625 0.0065464973449707 0.397613525390625 0.087799072265625
-0.0117921829223633 -0.00217819213867187 0.203338623046875 0.435333251953125
0.00328445434570313 0.018585205078125 -0.076202392578125 0.32037353515625
-0.00321388244628906 0.0207977294921875 0.0162086486816406 0.0342121124267578
-0.0006256103515625 0.0182971954345703 0.142333984375 -0.30694580078125
0.00916385650634766 -0.000563621520996094 -0.16485595703125 -0.4674072265625
0.00880718231201172 -0.00536823272705078 -0.4400634765625 -0.0986938476562499
0.00252771377563477 -0.00558710098266602 -0.252212524414062 0.253692626953125
-0.00116539001464844 -0.00919914245605469 0.001861572265625 0.250411987304688
-0.00668907165527344 -0.00279617309570313 0.153762817382813 0.065765380859375
-0.00257396697998047 -0.007171630859375 0.157272338867188 -0.0891265869140625
-0.00629138946533203 -0.00687217712402344 -0.132095336914063 0.0859909057617188
0.0032041072845459 -0.00258350372314453 -0.139442443847656 -0.075836181640625
-0.000261306762695313 -0.00897979736328125 -0.014373779296875 -0.251327514648438
0.00788640975952148 0.00489568710327148 0.236114501953125 -0.250030517578125
-0.006195068359375 0.00449752807617187 0.3961181640625 0.102325439453125
-0.0128536224365234 -0.00528430938720703 0.193084716796875 0.443115234375
0.00472450256347656 0.0164327621459961 -0.079925537109375 0.313995361328125
-0.000106811523437502 0.0193500518798828 0.0219402313232422 0.0272045135498047
0.000988006591796875 0.0159206390380859 0.13824462890625 -0.3155517578125
0.00826168060302734 -0.00352287292480469 -0.17620849609375 -0.46356201171875
0.00677585601806641 -0.00692081451416016 -0.440338134765625 -0.0875244140624999
0.001373291015625 -0.00486421585083008 -0.244216918945312 0.257476806640625
-0.000819206237792968 -0.00744962692260742 0.00938415527343749 0.247299194335938
-0.00575876235961914 -0.000997066497802734 0.155853271484375 0.061553955078125
-0.00124931335449219 -0.00539398193359375 0.155410766601563 -0.0900115966796875
-0.00335335731506348 -0.00429987907409668 -0.132705688476562 0.0851287841796875
0.00510025024414062 4.33921813964844E-05 -0.1378173828125 -0.079010009765625
0.000737190246582032 -0.00627565383911133 -0.009521484375 -0.253341674804688
0.00576639175415039 0.00550413131713867 0.243148803710938 -0.245330810546875
-0.00913429260253906 0.00203132629394531 0.39605712890625 0.112457275390625
-0.0137805938720703 -0.0100641250610352 0.182220458984375 0.4459228515625
0.00705051422119141 0.0116539001464844 -0.0850830078125 0.308319091796875
0.00502204895019531 0.0154657363891602 0.0256099700927734 0.0213813781738281
0.00323677062988281 0.0107440948486328 0.1339111328125 -0.321685791015625
0.00655078887939453 -0.00858831405639648 -0.18865966796875 -0.45880126953125
0.00311756134033203 -0.00956535339355469 -0.439422607421875 -0.0752868652343751
-0.000284433364868164 -0.00413751602172852 -0.235763549804688 0.261978149414063
-0.000432968139648438 -0.00466442108154297 0.0157318115234375 0.245040893554688
-0.00390768051147461 0.00171661376953125 0.157958984375 0.058380126953125
0.00157403945922852 -0.00287485122680664 0.15521240234375 -0.090362548828125
0.000397861003875732 -0.000882744789123535 -0.132354736328125 0.0844268798828125
0.00766324996948242 0.00219821929931641 -0.136383056640625 -0.0816574096679688
0.00178933143615723 -0.00292491912841797 -0.00505065917968751 -0.254226684570313
0.00413703918457031 0.00588512420654297 0.2489013671875 -0.240753173828125
-0.0129461288452148 -0.00120639801025391 0.3956298828125 0.12109375
-0.01409912109375 -0.0161294937133789 0.17474365234375 0.451507568359375
0.0108461380004883 0.00570297241210938 -0.088623046875 0.305419921875
0.0116615295410156 0.0106582641601563 0.0279464721679687 0.0174980163574219
0.00621795654296875 0.00421333312988281 0.128753662109375 -0.325347900390625
0.00465965270996094 -0.0140981674194336 -0.19427490234375 -0.456756591796875
-0.00114345550537109 -0.0116586685180664 -0.4395751953125 -0.0673522949218749
-0.00193309783935547 -0.00316953659057617 -0.229995727539063 0.264846801757813
0.000428438186645508 -0.00157260894775391 0.0205230712890625 0.243759155273438
-0.00154542922973633 0.00382900238037109 0.159378051757813 0.0556488037109375
0.00478315353393555 0.000847816467285156 0.153976440429688 -0.0906982421875
0.0046849250793457 0.00236892700195313 -0.132827758789063 0.0839691162109375
0.00982856750488281 0.00410079956054688 -0.136367797851563 -0.0825653076171875
0.00258946418762207 -6.62803649902344E-05 -0.00305175781249997 -0.253875732421875
0.00167274475097656 0.00669765472412109 0.251510620117188 -0.237747192382813
-0.01617431640625 -0.00403213500976562 0.395263671875 0.12469482421875
-0.0152072906494141 -0.0222396850585938 0.169158935546875 0.453277587890625
0.0150966644287109 -0.00116729736328125 -0.090728759765625 0.304229736328125
0.0197372436523438 0.00526809692382813 0.0280532836914062 0.0169334411621094
0.00978469848632813 -0.00284385681152344 0.12908935546875 -0.325836181640625
0.00297355651855469 -0.0203094482421875 -0.198150634765625 -0.452850341796875
-0.00534820556640625 -0.0140514373779297 -0.438201904296875 -0.0621337890625
-0.0039067268371582 -0.00215029716491699 -0.22784423828125 0.267745971679687
0.00140786170959473 0.000744462013244629 0.0219573974609375 0.243484497070313
0.000129699707031251 0.00593090057373047 0.160110473632813 0.0552215576171875
0.00843477249145508 0.00357294082641602 0.154464721679687 -0.0909271240234375
0.00770282745361328 0.00597620010375977 -0.131484985351563 0.0846023559570313
0.0116777420043945 0.00453662872314453 -0.136032104492188 -0.0814743041992188
0.00360202789306641 0.00211858749389648 -0.003204345703125 -0.252365112304688
5.96046447753913E-05 0.00691080093383789 0.250473022460938 -0.235824584960938
-0.0189628601074219 -0.00645065307617187 0.3936767578125 0.126312255859375
-0.0155792236328125 -0.0276908874511719 0.170379638671875 0.45452880859375
0.0194282531738281 -0.00800704956054688 -0.09259033203125 0.306884765625
0.0270576477050781 -0.000392913818359375 0.0255928039550781 0.0191841125488281
0.013157844543457 -0.00948715209960937 0.1292724609375 -0.323211669921875
0.00187492370605469 -0.0249729156494141 -0.19366455078125 -0.453521728515625
-0.0080413818359375 -0.0162410736083984 -0.43829345703125 -0.0640869140625001
-0.00497341156005859 -0.00124216079711914 -0.228668212890625 0.267227172851563
0.00200939178466797 0.00275778770446777 0.0211181640625 0.244293212890625
0.00243043899536133 0.00735998153686524 0.16009521484375 0.0555572509765625
0.0109176635742188 0.00672149658203125 0.153823852539062 -0.0911865234375
0.0101461410522461 0.0077810287475586 -0.131011962890625 0.0848541259765625
0.0126771926879883 0.00541400909423828 -0.136878967285156 -0.0792617797851563
0.0037693977355957 0.00378608703613281 -0.00657653808593748 -0.25006103515625
-0.000993251800537109 0.00726890563964844 0.246536254882813 -0.236740112304688
-0.0210857391357422 -0.00766754150390625 0.393402099609375 0.12200927734375
-0.0165519714355469 -0.0317039489746094 0.1724853515625 0.453033447265625
0.0222148895263672 -0.0133514404296875 -0.09222412109375 0.310943603515625
0.0325565338134766 -0.00442123413085938 0.0214481353759766 0.0238590240478516
0.0162982940673828 -0.0145606994628906 0.130035400390625 -0.31793212890625
0.0012969970703125 -0.0285396575927734 -0.187896728515625 -0.45330810546875
-0.0102996826171875 -0.0176067352294922 -0.437408447265625 -0.0694580078125
-0.00594615936279297 -0.000989437103271485 -0.233718872070313 0.266403198242188
0.00250864028930664 0.00385785102844238 0.017730712890625 0.246551513671875
0.00396108627319336 0.00816631317138672 0.159286499023438 0.0577850341796875
0.0125532150268555 0.00827121734619141 0.154571533203125 -0.0914764404296875
0.0108366012573242 0.00829696655273438 -0.130653381347656 0.0860214233398438
0.013035774230957 0.00482368469238281 -0.137977600097656 -0.0760650634765625
0.00400137901306152 0.00333714485168457 -0.0120849609375 -0.247833251953125
-0.00136041641235352 0.00743293762207031 0.239578247070312 -0.239730834960937
-0.0215301513671875 -0.00772666931152344 0.395477294921875 0.1126708984375
-0.0173492431640625 -0.0337715148925781 0.18463134765625 0.4522705078125
0.0234565734863281 -0.0168666839599609 -0.088897705078125 0.318511962890625
0.0362091064453125 -0.007659912109375 0.0157413482666016 0.0301723480224609
0.0181312561035156 -0.0173473358154297 0.1326904296875 -0.3109130859375
0.00129127502441407 -0.0308456420898438 -0.17840576171875 -0.455780029296875
-0.0109004974365234 -0.0186443328857422 -0.437652587890625 -0.078460693359375
-0.00630855560302734 -0.00122308731079102 -0.240280151367187 0.263778686523437
0.0025181770324707 0.00425815582275391 0.012908935546875 0.2496337890625
0.00436210632324219 0.00811004638671875 0.15838623046875 0.06060791015625
0.013214111328125 0.00985145568847656 0.154510498046875 -0.0908966064453125
-0.00782394409179687 -0.00951671600341797 -0.131156921386719 0.0865859985351563
0.0021672248840332 -0.00424623489379883 -0.141372680664063 -0.0716400146484375
-0.00170230865478516 -0.011077880859375 -0.0218353271484375 -0.247451782226563
0.00907707214355469 0.00420761108398438 0.224822998046875 -0.253936767578125
-0.00420713424682617 0.00644540786743164 0.39471435546875 0.08758544921875
-0.0115814208984375 -0.001739501953125 0.20361328125 0.433807373046875
0.00342178344726563 0.0185222625732422 -0.075775146484375 0.318572998046875
-0.00265884399414063 0.0210094451904297 0.0160579681396484 0.0340766906738281
-0.000354766845703125 0.0184230804443359 0.1416015625 -0.305511474609375
0.00916385650634766 -0.00041961669921875 -0.163909912109375 -0.464385986328125
0.00865745544433594 -0.00554275512695313 -0.438079833984375 -0.097747802734375
0.00194549560546875 -0.00543785095214844 -0.251785278320313 0.252899169921875
-0.00113773345947266 -0.00958442687988281 0.00245666503906249 0.249176025390625
-0.00670433044433594 -0.00293540954589844 0.153427124023438 0.0651397705078125
-0.00243473052978516 -0.0069127082824707 0.156570434570313 -0.0886383056640625
-0.00513410568237305 -0.00711250305175781 -0.131454467773438 0.0854034423828125
0.0035393238067627 -0.00221419334411621 -0.139205932617188 -0.0754852294921875
-0.00116348266601563 -0.00872993469238281 -0.0143585205078125 -0.250091552734375
0.00769376754760742 0.00455093383789063 0.234939575195313 -0.248062133789063
-0.00632858276367187 0.00498580932617188 0.39410400390625 0.10107421875
-0.0129213333129883 -0.00453853607177734 0.19097900390625 0.440155029296875
0.00512218475341797 0.0161094665527344 -0.0804443359375 0.3115234375
0.00020027160644531 0.0195980072021484 0.0214557647705078 0.0268707275390625
0.000828742980957033 0.0158185958862305 0.13787841796875 -0.31341552734375
0.00806140899658203 -0.00326442718505859 -0.1761474609375 -0.460418701171875
0.00621128082275391 -0.00715827941894531 -0.43768310546875 -0.086517333984375
0.00105381011962891 -0.00515031814575195 -0.24261474609375 0.256622314453125
-0.00101661682128906 -0.00721025466918945 0.00975036621093748 0.246475219726563
-0.00511598587036133 -0.000775814056396484 0.154937744140625 0.06085205078125
-0.0005950927734375 -0.00497674942016602 0.154449462890625 -0.0891265869140625
-0.00251913070678711 -0.00424408912658691 -0.131797790527344 0.0847015380859375
0.00516462326049805 -4.33921813964844E-05 -0.137710571289063 -0.0790481567382812
0.000265121459960937 -0.00596237182617188 -0.00970458984375001 -0.25201416015625
0.00555086135864258 0.00493144989013672 0.24139404296875 -0.243804931640625
-0.00963783264160156 0.00181770324707031 0.393707275390625 0.111175537109375
-0.0133075714111328 -0.00927162170410156 0.18157958984375 0.44476318359375
0.00743007659912109 0.0117788314819336 -0.084442138671875 0.30572509765625
0.00455665588378906 0.0157318115234375 0.0253562927246094 0.0212154388427734
0.00371646881103516 0.0106801986694336 0.13287353515625 -0.31976318359375
0.00627851486206055 -0.00832557678222656 -0.1876220703125 -0.45703125
0.00272655487060547 -0.00950336456298828 -0.437957763671875 -0.0733032226562501
-0.000617027282714844 -0.00440263748168945 -0.234848022460938 0.261199951171875
-0.000198841094970703 -0.00482082366943359 0.0155792236328125 0.244384765625
-0.00385665893554688 0.00167655944824219 0.157119750976563 0.0575103759765625
0.0017707347869873 -0.00227093696594238 0.154296875 -0.090240478515625
0.00106704235076904 -0.000774145126342773 -0.131492614746094 0.084381103515625
0.00818395614624024 0.00208806991577148 -0.136642456054687 -0.0813827514648438
0.00122976303100586 -0.002838134765625 -0.005279541015625 -0.253128051757812
0.00378656387329102 0.00528907775878906 0.24761962890625 -0.239120483398437
-0.0129241943359375 -0.0010223388671875 0.39324951171875 0.120025634765625
-0.0139560699462891 -0.0150375366210937 0.17254638671875 0.44915771484375
0.0112075805664063 0.00581741333007813 -0.088653564453125 0.303192138671875
0.0119562149047852 0.0105962753295898 0.0275363922119141 0.0177192687988281
0.00650119781494141 0.00458002090454102 0.129486083984375 -0.323394775390625
0.00469875335693359 -0.0137338638305664 -0.1937255859375 -0.4549560546875
-0.00171089172363281 -0.0120849609375 -0.437957763671875 -0.0662841796875
-0.00213027000427246 -0.00352263450622559 -0.229110717773437 0.264572143554688
0.000282764434814453 -0.00190842151641846 0.020477294921875 0.242950439453125
-0.0013434886932373 0.00375938415527344 0.158187866210938 0.0555572509765625
0.00487232208251953 0.000494003295898438 0.153427124023438 -0.0907135009765625
0.00486278533935547 0.00281476974487305 -0.1322021484375 0.0832366943359375
0.0100193023681641 0.00423049926757813 -0.136131286621094 -0.0818939208984375
0.00217199325561523 5.81741333007813E-05 -0.00328063964843748 -0.253128051757813
0.00141620635986328 0.00602817535400391 0.250473022460938 -0.235992431640625
-0.0161237716674805 -0.00424575805664063 0.3935546875 0.124053955078125
-0.0147876739501953 -0.0214767456054688 0.17120361328125 0.4515380859375
0.0155725479125977 -0.00156879425048828 -0.090179443359375 0.302581787109375
0.0192832946777344 0.00548362731933594 0.0278224945068359 0.0171051025390625
0.00980758666992188 -0.00287151336669922 0.1275634765625 -0.32391357421875
0.00240707397460937 -0.0197257995605469 -0.19622802734375 -0.450958251953125
-0.00520133972167969 -0.0142183303833008 -0.43603515625 -0.062225341796875
-0.00381827354431152 -0.00237131118774414 -0.226806640625 0.26654052734375
0.00128555297851563 0.000826358795166016 0.0224761962890625 0.242874145507813
0.00048065185546875 0.00613737106323242 0.159423828125 0.054656982421875
0.00817537307739258 0.00377082824707031 0.15386962890625 -0.09033203125
0.00834560394287109 0.00606536865234375 -0.13092041015625 0.0832366943359375
0.0118017196655273 0.00500679016113281 -0.135910034179688 -0.081298828125
0.00311541557312012 0.00272274017333984 -0.00379943847656251 -0.251312255859375
-0.000291347503662109 0.00641441345214844 0.249114990234375 -0.234817504882812
-0.0192909240722656 -0.00601387023925781 0.391754150390625 0.12646484375
-0.0153903961181641 -0.0275802612304688 0.16864013671875 0.45263671875
0.0193710327148438 -0.00786590576171875 -0.091796875 0.304412841796875
0.0272464752197266 -0.000141143798828125 0.0251331329345703 0.0188541412353516
0.013249397277832 -0.00936031341552735 0.12799072265625 -0.3214111328125
0.00115776062011718 -0.0249652862548828 -0.193206787109375 -0.45159912109375
-0.00838947296142578 -0.016657829284668 -0.4366455078125 -0.064544677734375
-0.00517988204956055 -0.001708984375 -0.227508544921875 0.266983032226563
0.00205302238464355 0.00288033485412598 0.0205535888671875 0.243377685546875
0.00260353088378906 0.00745248794555664 0.15899658203125 0.0554656982421875
0.0111246109008789 0.00681781768798828 0.152328491210938 -0.0909576416015625
0.0106382369995117 0.00767803192138672 -0.130729675292969 0.0837554931640625
0.0132083892822266 0.00559902191162109 -0.136299133300781 -0.07916259765625
0.00355362892150879 0.00377583503723145 -0.00733947753906252 -0.249069213867188
-0.00136947631835937 0.00706005096435547 0.245407104492187 -0.235183715820312
-0.0208454132080078 -0.00765419006347656 0.391815185546875 0.12103271484375
-0.0162734985351562 -0.0313625335693359 0.172637939453125 0.45062255859375
0.0219230651855469 -0.0134944915771484 -0.092010498046875 0.308502197265625
0.0328178405761719 -0.00464057922363281 0.0207805633544922 0.0236968994140625
0.0161247253417969 -0.0142278671264648 0.130584716796875 -0.315948486328125
0.000400543212890623 -0.0284290313720703 -0.187713623046875 -0.451904296875
-0.0105972290039062 -0.0177402496337891 -0.436126708984375 -0.0689086914062501
-0.00618696212768555 -0.00110340118408203 -0.232925415039063 0.265533447265625
0.0025787353515625 0.00421786308288574 0.017669677734375 0.245513916015625
0.00388908386230469 0.00850296020507813 0.1585693359375 0.0573883056640625
0.01263427734375 0.00830268859863281 0.153640747070313 -0.0910491943359375
0.0118923187255859 0.00836181640625 -0.130165100097656 0.084716796875
0.0132637023925781 0.00507926940917969 -0.138023376464844 -0.075286865234375
0.00356578826904297 0.00399947166442871 -0.0119781494140625 -0.246780395507813
-0.00143146514892578 0.00688028335571289 0.23870849609375 -0.238525390625
-0.0218563079833984 -0.00726509094238281 0.393829345703125 0.11212158203125
-0.0172576904296875 -0.0331382751464844 0.182342529296875 0.449493408203125
0.0236358642578125 -0.0170822143554687 -0.089263916015625 0.315704345703125
0.0360031127929687 -0.00767898559570312 0.0155868530273438 0.0299568176269531
0.0184135437011719 -0.0175971984863281 0.13262939453125 -0.30908203125
0.00129127502441406 -0.0303764343261719 -0.1778564453125 -0.4532470703125
-0.0114116668701172 -0.0186862945556641 -0.43646240234375 -0.07720947265625
-0.00620937347412109 -0.00121450424194336 -0.239089965820313 0.263504028320313
0.00257754325866699 0.00427007675170898 0.0128936767578125 0.248077392578125
0.00429344177246094 0.00798654556274414 0.157760620117188 0.0600433349609375
0.0139980316162109 0.009246826171875 0.153915405273437 -0.0907440185546875
-0.00645637512207031 -0.00951290130615234 -0.130447387695312 0.0854721069335937
0.00280857086181641 -0.00352287292480469 -0.140975952148438 -0.071258544921875
-0.00208377838134765 -0.0107641220092773 -0.021820068359375 -0.246353149414063
0.00851154327392578 0.00367116928100586 0.224868774414062 -0.252410888671875
-0.00401926040649414 0.00679636001586914 0.394287109375 0.08837890625
-0.0112123489379883 -0.00139617919921875 0.203094482421875 0.431793212890625
0.00380134582519531 0.01873779296875 -0.07611083984375 0.3162841796875
-0.00282669067382812 0.0208034515380859 0.0154151916503906 0.0336685180664063
-0.000246047973632813 0.0183448791503906 0.1416015625 -0.303497314453125
0.00895404815673828 -0.000316619873046875 -0.163970947265625 -0.4619140625
0.00837039947509766 -0.00548458099365234 -0.436859130859375 -0.09796142578125
0.00203752517700195 -0.00575399398803711 -0.251235961914063 0.252044677734375
-0.000890731811523437 -0.00920581817626953 0.00169372558593748 0.248687744140625
-0.00685214996337891 -0.00217485427856445 0.152633666992188 0.0647430419921875
-0.00228118896484375 -0.00703620910644531 0.1556396484375 -0.08831787109375
-0.00476741790771484 -0.0069737434387207 -0.130935668945313 0.084136962890625
0.00405287742614746 -0.00207424163818359 -0.139785766601563 -0.0757904052734375
-0.000955104827880858 -0.00840902328491211 -0.0146484375 -0.24957275390625
0.00772380828857422 0.00425434112548828 0.234146118164063 -0.246917724609375
-0.00650119781494141 0.00459384918212891 0.39373779296875 0.101837158203125
-0.0119533538818359 -0.00425529479980469 0.1903076171875 0.437957763671875
0.00523662567138672 0.0160226821899414 -0.081207275390625 0.3095703125
0.00020599365234375 0.0192337036132813 0.0210914611816406 0.0267009735107422
0.00109100341796875 0.0160760879516602 0.13739013671875 -0.311859130859375
0.00760173797607422 -0.00317239761352539 -0.174896240234375 -0.4591064453125
0.00607776641845703 -0.00734567642211914 -0.436279296875 -0.08624267578125
0.000699520111083985 -0.00543785095214844 -0.24249267578125 0.25604248046875
-0.000756740570068359 -0.00750207901000976 0.00889587402343751 0.24615478515625
-0.00544071197509766 -0.000475406646728517 0.154556274414063 0.0611114501953125
-0.000853538513183594 -0.00463294982910156 0.154251098632813 -0.08935546875
-0.00148582458496094 -0.00473260879516602 -0.131385803222656 0.08392333984375
0.00610446929931641 0.000545501708984375 -0.138160705566406 -0.0790023803710938
-0.000197410583496093 -0.00580501556396484 -0.00927734375000002 -0.251480102539063
0.00560569763183594 0.00482368469238281 0.241744995117188 -0.242279052734375
-0.00994873046875 0.00218868255615234 0.39337158203125 0.112152099609375
-0.0130100250244141 -0.0087270736694336 0.180999755859375 0.443603515625
0.00794124603271484 0.011540412902832 -0.085113525390625 0.303802490234375
0.00537109375 0.0155363082885742 0.0252017974853516 0.0213565826416016
0.00338172912597656 0.011052131652832 0.132965087890625 -0.31756591796875
0.00600957870483398 -0.00843286514282227 -0.186492919921875 -0.455657958984375
0.00217437744140625 -0.00914573669433594 -0.4365234375 -0.0738220214843751
-0.000536918640136719 -0.00445318222045898 -0.234542846679687 0.261077880859375
-0.000336647033691406 -0.00479888916015625 0.015472412109375 0.243942260742188
-0.00363612174987793 0.0014193058013916 0.156326293945313 0.0575408935546875
0.00207424163818359 -0.0025944709777832 0.153976440429688 -0.0898895263671875
0.00207018852233887 -0.000841856002807617 -0.130859375 0.0829696655273438
0.00852012634277344 0.00250101089477539 -0.136886596679688 -0.0811080932617188
0.000793218612670898 -0.0022730827331543 -0.0057830810546875 -0.252334594726562
0.00348663330078125 0.00531768798828125 0.246734619140625 -0.2384033203125
-0.0128974914550781 -0.000879287719726562 0.39178466796875 0.120697021484375
-0.01409912109375 -0.0148439407348633 0.173919677734375 0.445770263671875
0.012120246887207 0.00550365447998047 -0.088226318359375 0.301055908203125
0.012211799621582 0.0111722946166992 0.0273075103759766 0.0173492431640625
0.0063624382019043 0.00471162796020508 0.12945556640625 -0.32147216796875
0.00416088104248047 -0.0142364501953125 -0.1942138671875 -0.45269775390625
-0.00170421600341797 -0.0118169784545898 -0.43658447265625 -0.0662536621093749
-0.00261139869689941 -0.00347256660461426 -0.228317260742188 0.263916015625
6.24656677246095E-05 -0.00187289714813232 0.0201263427734375 0.242538452148438
-0.00139927864074707 0.00379347801208496 0.157119750976563 0.0547637939453125
0.00510692596435547 0.000786304473876953 0.1524658203125 -0.0901641845703125
0.0059208869934082 0.00247478485107422 -0.131698608398438 0.0822906494140625
0.0106439590454102 0.00436019897460938 -0.136306762695313 -0.08233642578125
0.00207221508026123 0.00060570240020752 -0.00367736816406247 -0.25250244140625
0.00131654739379883 0.00598382949829102 0.250213623046875 -0.234848022460938
-0.016209602355957 -0.00374412536621094 0.39208984375 0.12579345703125
-0.014495849609375 -0.0210762023925781 0.169647216796875 0.44927978515625
0.0160131454467773 -0.00128841400146484 -0.09124755859375 0.3001708984375
0.0198554992675781 0.00533294677734375 0.0274524688720703 0.0169467926025391
0.009979248046875 -0.00256443023681641 0.127044677734375 -0.321685791015625
0.00253677368164063 -0.0197353363037109 -0.195587158203125 -0.4503173828125
-0.00560379028320313 -0.0142974853515625 -0.4351806640625 -0.062042236328125
-0.00415372848510742 -0.00226354598999023 -0.226242065429687 0.265945434570313
0.000776767730712891 0.00112259387969971 0.0218505859375 0.241668701171875
0.000575542449951172 0.00596284866333008 0.158721923828125 0.0545196533203125
0.00873088836669922 0.00362396240234375 0.1529541015625 -0.090118408203125
0.00917816162109375 0.00569248199462891 -0.130424499511719 0.0829925537109375
0.0124139785766602 0.00523090362548828 -0.136032104492188 -0.0809783935546875
0.00307464599609375 0.00250244140625 -0.0034637451171875 -0.250289916992188
-0.00067901611328125 0.0063776969909668 0.248870849609375 -0.233474731445313
-0.0190982818603516 -0.00597763061523437 0.3909912109375 0.126068115234375
-0.0150737762451172 -0.0267677307128906 0.168548583984375 0.450103759765625
0.0200996398925781 -0.00810813903808594 -0.092315673828125 0.302947998046875
0.0269279479980469 -0.0002593994140625 0.0245494842529297 0.0191478729248047
0.0131845474243164 -0.00933170318603516 0.12823486328125 -0.319976806640625
0.00118446350097656 -0.0242729187011719 -0.19171142578125 -0.448822021484375
-0.00909042358398438 -0.0161447525024414 -0.43377685546875 -0.063873291015625
-0.00537824630737305 -0.00180387496948242 -0.227203369140625 0.265899658203125
0.0019376277923584 0.00284576416015625 0.0205230712890625 0.24322509765625
0.0028986930847168 0.00737428665161133 0.158401489257813 0.054840087890625
0.011138916015625 0.00692272186279297 0.152084350585938 -0.090179443359375
0.011479377746582 0.00746631622314453 -0.130172729492187 0.0832366943359375
0.0134372711181641 0.00560665130615234 -0.136550903320312 -0.0791549682617188
0.00351309776306152 0.00389862060546875 -0.00721740722656252 -0.248046875
-0.00144052505493164 0.00685358047485352 0.244857788085938 -0.234115600585938
-0.0210399627685547 -0.00726509094238281 0.390716552734375 0.121490478515625
-0.0162372589111328 -0.0305404663085938 0.17193603515625 0.448455810546875
0.0224838256835938 -0.0133419036865234 -0.092193603515625 0.30718994140625
0.0326976776123047 -0.00449562072753906 0.0203189849853516 0.0230331420898438
0.0162220001220703 -0.0142936706542969 0.130096435546875 -0.31439208984375
0.000562667846679689 -0.0284042358398438 -0.186492919921875 -0.4490966796875
-0.0107955932617187 -0.0176429748535156 -0.43389892578125 -0.068939208984375
-0.00586795806884766 -0.001312255859375 -0.231704711914063 0.264205932617188
0.00237154960632324 0.00439238548278809 0.0175628662109375 0.24530029296875
0.00407028198242187 0.00833845138549805 0.157913208007812 0.0567626953125
0.0131511688232422 0.00859260559082031 0.152969360351563 -0.0908355712890625
0.0122671127319336 0.00798797607421875 -0.129730224609375 0.083892822265625
0.0135946273803711 0.00497245788574219 -0.138679504394531 -0.0756149291992188
0.0032649040222168 0.00380301475524902 -0.012237548828125 -0.2464599609375
-0.00215864181518555 0.00725078582763672 0.237533569335938 -0.2373046875
-0.0215644836425781 -0.00727653503417969 0.3924560546875 0.11297607421875
-0.0166034698486328 -0.032867431640625 0.182373046875 0.448577880859375
0.0243606567382813 -0.0170783996582031 -0.089569091796875 0.314544677734375
0.0358200073242188 -0.007781982421875 0.0147895812988281 0.0297832489013672
0.0180473327636719 -0.0170688629150391 0.13177490234375 -0.307403564453125
0.000835418701171878 -0.0299663543701172 -0.1771240234375 -0.451690673828125
-0.0115623474121094 -0.0183086395263672 -0.434051513671875 -0.0768127441406251
-0.00643682479858398 -0.00132846832275391 -0.239532470703125 0.262680053710937
0.00249671936035156 0.00424742698669434 0.012420654296875 0.248138427734375
0.00438737869262695 0.00806331634521484 0.157180786132812 0.0600433349609375
0.0138206481933594 0.00943279266357422 0.153182983398437 -0.0904541015625
-0.00593185424804688 -0.00931549072265625 -0.13006591796875 0.0849685668945312
0.00307655334472656 -0.00340771675109863 -0.141403198242187 -0.0715484619140625
-0.00253105163574219 -0.0103263854980469 -0.02197265625 -0.246002197265625
0.0085601806640625 0.0035405158996582 0.224411010742188 -0.25177001953125
-0.00405311584472656 0.00670146942138672 0.392578125 0.089202880859375
-0.0112514495849609 -0.00101661682128906 0.201202392578125 0.431640625
0.00440216064453125 0.0185279846191406 -0.076934814453125 0.314788818359375
-0.00288581848144531 0.0211811065673828 0.0151653289794922 0.0336380004882813
-0.000413894653320311 0.0185642242431641 0.1412353515625 -0.302337646484375
0.00821638107299805 6.62803649902344E-05 -0.162322998046875 -0.462554931640625
0.00798273086547852 -0.00562095642089844 -0.43560791015625 -0.0982971191406251
0.00200414657592773 -0.00602817535400391 -0.251449584960937 0.2518310546875
-0.00125408172607422 -0.00932216644287109 0.00161743164062501 0.248886108398437
-0.00666189193725586 -0.0024256706237793 0.152496337890625 0.06488037109375
-0.00218629837036133 -0.00629425048828125 0.155288696289063 -0.0882568359375
-0.00372028350830078 -0.0070948600769043 -0.130142211914062 0.08380126953125
0.00398898124694824 -0.00196623802185059 -0.139419555664063 -0.0759506225585937
-0.0015864372253418 -0.00829601287841797 -0.014892578125 -0.248794555664063
0.00693845748901367 0.00384807586669922 0.234054565429688 -0.246139526367188
-0.00664424896240235 0.00480175018310547 0.3929443359375 0.102508544921875
-0.0118532180786133 -0.00341796875 0.190704345703125 0.438232421875
0.00581169128417969 0.0164413452148438 -0.0816650390625 0.308563232421875
-5.91278076171853E-05 0.0195865631103516 0.0206184387207031 0.0265388488769531
0.00104427337646484 0.0160703659057617 0.13763427734375 -0.310546875
0.00763702392578125 -0.00306510925292969 -0.173431396484375 -0.458770751953125
0.00544118881225586 -0.0072021484375 -0.436370849609375 -0.08734130859375
0.000963687896728516 -0.00556421279907227 -0.242233276367187 0.255767822265625
-0.000833988189697265 -0.00733852386474609 0.00807189941406249 0.246292114257812
-0.00503253936767578 -0.00045919418334961 0.153976440429688 0.060791015625
-0.000313758850097656 -0.00485706329345703 0.153884887695313 -0.0892181396484375
-0.000978231430053711 -0.00378584861755371 -0.131370544433594 0.08282470703125
0.00634145736694336 0.000812530517578125 -0.138092041015625 -0.0791168212890625
-0.000705718994140625 -0.00550413131713867 -0.00949096679687498 -0.250839233398438
0.00526714324951172 0.0047144889831543 0.241256713867188 -0.24139404296875
-0.00929737091064453 0.00201225280761719 0.391693115234375 0.112762451171875
-0.0125465393066406 -0.00857353210449219 0.1805419921875 0.442596435546875
0.008453369140625 0.0112075805664063 -0.085296630859375 0.30255126953125
0.00549888610839844 0.0158700942993164 0.0248031616210937 0.0210552215576172
0.00365543365478516 0.0108919143676758 0.13299560546875 -0.31658935546875
0.00550508499145508 -0.0079951286315918 -0.185394287109375 -0.455169677734375
0.00200080871582031 -0.00961399078369141 -0.435546875 -0.07403564453125
-0.000463962554931641 -0.00428366661071777 -0.234695434570312 0.260971069335938
6.6280364990234E-05 -0.00470304489135742 0.014984130859375 0.24371337890625
-0.00351166725158691 0.00202775001525879 0.155715942382813 0.0576629638671875
0.00246953964233398 -0.00231099128723145 0.153335571289063 -0.0895233154296875
0.00253725051879883 -0.000653266906738281 -0.131088256835937 0.0822982788085938
0.00835466384887695 0.00227022171020508 -0.137138366699219 -0.0812225341796875
0.000603914260864258 -0.00230026245117187 -0.00535583496093748 -0.251846313476563
0.00312709808349609 0.00492477416992188 0.246612548828125 -0.2371826171875
-0.013066291809082 -0.000825881958007813 0.390899658203125 0.121368408203125
-0.0130481719970703 -0.014124870300293 0.17230224609375 0.446014404296875
0.0120725631713867 0.00538444519042969 -0.089447021484375 0.2998046875
0.0121984481811523 0.011021614074707 0.0268383026123047 0.0176811218261719
0.00670719146728516 0.00446701049804688 0.128997802734375 -0.32135009765625
0.00414276123046875 -0.0139913558959961 -0.192352294921875 -0.451568603515625
-0.0019989013671875 -0.0116186141967773 -0.43597412109375 -0.0668640136718751
-0.0028834342956543 -0.00341391563415527 -0.228683471679688 0.2633056640625
0.000555634498596191 -0.00184035301208496 0.01910400390625 0.24285888671875
-0.00127816200256348 0.00424098968505859 0.157119750976563 0.0549163818359375
0.00541543960571289 0.000887870788574219 0.15277099609375 -0.0903167724609375
0.00693798065185547 0.00230264663696289 -0.130996704101563 0.0814743041992187
0.0111589431762695 0.00447463989257813 -0.136871337890625 -0.0820388793945312
0.001778244972229 0.000653982162475586 -0.00355529785156248 -0.251617431640625
0.000569820404052734 0.00573921203613281 0.249176025390625 -0.234054565429688
-0.0161981582641602 -0.00388813018798828 0.3909912109375 0.125213623046875
-0.0142230987548828 -0.0204925537109375 0.1693115234375 0.4481201171875
0.016169548034668 -0.0015869140625 -0.091583251953125 0.2987060546875
0.0195827484130859 0.0052947998046875 0.0267486572265625 0.0165119171142578
0.010045051574707 -0.0023956298828125 0.127166748046875 -0.321685791015625
0.00220108032226562 -0.0194835662841797 -0.196136474609375 -0.447967529296875
-0.00606632232666016 -0.0145444869995117 -0.433929443359375 -0.0626220703125
-0.00381374359130859 -0.00262665748596191 -0.226425170898437 0.265762329101562
0.00115883350372314 0.000784873962402344 0.0216522216796875 0.242294311523438
0.000842571258544922 0.00633716583251953 0.157806396484375 0.0545654296875
0.00867557525634766 0.00401782989501953 0.15252685546875 -0.0895233154296875
0.0102624893188477 0.00563430786132813 -0.129859924316406 0.0822830200195313
0.0127105712890625 0.005340576171875 -0.136100769042969 -0.0811614990234375
0.00279712677001953 0.00300145149230957 -0.0030975341796875 -0.249801635742188
-0.0011143684387207 0.00617265701293945 0.248428344726563 -0.231979370117188
-0.0194721221923828 -0.00620269775390625 0.389617919921875 0.12701416015625
-0.0147933959960937 -0.0263442993164062 0.167327880859375 0.450286865234375
0.0204257965087891 -0.00821304321289063 -0.093170166015625 0.3018798828125
0.0271205902099609 0.000101089477539063 0.0241603851318359 0.0183124542236328
0.013671875 -0.00879192352294922 0.1279296875 -0.318878173828125
0.00109481811523438 -0.0242519378662109 -0.192138671875 -0.44744873046875
-0.0092630386352539 -0.0163478851318359 -0.4332275390625 -0.0643920898437501
-0.00564384460449219 -0.00167989730834961 -0.227951049804687 0.266311645507813
0.00205540657043457 0.00303435325622559 0.0201873779296875 0.2425537109375
0.0027461051940918 0.00785064697265625 0.158294677734375 0.0550994873046875
0.0115346908569336 0.00665950775146484 0.152328491210938 -0.0899200439453125
0.0121049880981445 0.00735569000244141 -0.129837036132813 0.0825271606445312
0.0138750076293945 0.00615501403808594 -0.136955261230469 -0.078857421875
0.00305747985839844 0.00411844253540039 -0.00679016113281248 -0.247695922851562
-0.00193500518798828 0.0064387321472168 0.244705200195313 -0.232711791992187
-0.0210742950439453 -0.00727653503417969 0.39007568359375 0.12225341796875
-0.0156154632568359 -0.0304088592529297 0.172149658203125 0.448272705078125
0.0232791900634766 -0.013458251953125 -0.093017578125 0.305389404296875
0.0329475402832031 -0.00448226928710938 0.0196666717529297 0.0231609344482422
0.0164308547973633 -0.0140314102172852 0.129241943359375 -0.31280517578125
0.00023460388183594 -0.0280303955078125 -0.184814453125 -0.4473876953125
-0.0106143951416016 -0.0179367065429687 -0.43389892578125 -0.0683288574218751
-0.00617504119873047 -0.00124120712280273 -0.231491088867187 0.264328002929688
0.00223565101623535 0.00400638580322266 0.0167388916015625 0.245254516601562
0.00404453277587891 0.00860309600830078 0.157684326171875 0.0570831298828125
0.0132884979248047 0.00887489318847656 0.152572631835938 -0.0908966064453125
0.0133981704711914 0.00779914855957031 -0.128730773925781 0.0832672119140625
0.0143308639526367 0.00539684295654297 -0.1383056640625 -0.075958251953125
0.00325894355773926 0.00406742095947266 -0.01202392578125 -0.245132446289063
-0.00176334381103516 0.00665569305419922 0.238143920898438 -0.236373901367187
-0.0216732025146484 -0.00729560852050781 0.391510009765625 0.11322021484375
-0.0159492492675781 -0.0321025848388672 0.1824951171875 0.447174072265625
0.0245571136474609 -0.01708984375 -0.0904541015625 0.312713623046875
0.0362167358398438 -0.0074005126953125 0.0144538879394531 0.0294589996337891
0.0185642242431641 -0.0167560577392578 0.132232666015625 -0.306793212890625
0.000476837158203128 -0.0301055908203125 -0.176422119140625 -0.450592041015625
-0.01165771484375 -0.0183067321777344 -0.432586669921875 -0.076904296875
-0.00688076019287109 -0.00178670883178711 -0.238845825195312 0.262496948242188
0.00276398658752441 0.00435042381286621 0.0118255615234375 0.248016357421875
0.00462436676025391 0.00827264785766602 0.156707763671875 0.0596771240234375
0.0140457153320313 0.00918865203857422 0.153030395507813 -0.0901031494140625
-0.00534820556640625 -0.00930595397949219 -0.129867553710938 0.0841217041015625
0.00319290161132813 -0.00366830825805664 -0.141998291015625 -0.0717926025390625
-0.00282859802246094 -0.0102481842041016 -0.02142333984375 -0.245956420898437
0.00815248489379883 0.00336742401123047 0.225204467773438 -0.251174926757813
-0.00401926040649414 0.00683689117431641 0.39337158203125 0.089141845703125
-0.010615348815918 -0.000382423400878905 0.201934814453125 0.430908203125
0.00498771667480469 0.0179519653320313 -0.07806396484375 0.313446044921875
-0.00275993347167969 0.0209884643554688 0.0147953033447266 0.0335979461669922
-0.000522613525390626 0.0187549591064453 0.142242431640625 -0.3017578125
0.0081782341003418 0.000311374664306641 -0.1617431640625 -0.4610595703125
0.00767707824707031 -0.00585317611694336 -0.435821533203125 -0.098419189453125
0.00207090377807617 -0.00607681274414062 -0.251602172851563 0.251968383789062
-0.000993728637695313 -0.00914764404296875 0.00111389160156252 0.248870849609375
-0.00654029846191406 -0.00203466415405273 0.152023315429688 0.064178466796875
-0.0018305778503418 -0.00673484802246094 0.15570068359375 -0.0879669189453125
-0.00324583053588867 -0.00721073150634766 -0.130332946777344 0.0828628540039063
0.00449991226196289 -0.00168323516845703 -0.140129089355469 -0.0762863159179688
-0.00214338302612305 -0.00806045532226563 -0.0147705078125 -0.249252319335938
0.00686740875244141 0.00381183624267578 0.234649658203125 -0.245513916015625
-0.0064234733581543 0.00492477416992188 0.392425537109375 0.103759765625
-0.0113401412963867 -0.00358486175537109 0.188934326171875 0.43743896484375
0.00642299652099609 0.0155515670776367 -0.082794189453125 0.307464599609375
0.000331878662109374 0.0193576812744141 0.0200977325439453 0.0265159606933594
0.00146293640136719 0.0164756774902344 0.13812255859375 -0.31036376953125
0.0069880485534668 -0.00303125381469727 -0.172637939453125 -0.457672119140625
0.00547647476196289 -0.00735378265380859 -0.43585205078125 -0.08740234375
0.00121784210205078 -0.00571918487548828 -0.243637084960938 0.256072998046875
-0.00077199935913086 -0.00700902938842773 0.0076446533203125 0.2467041015625
-0.00515937805175781 -0.000431060791015624 0.153671264648438 0.060821533203125
-0.000730514526367187 -0.00493860244750976 0.153823852539063 -0.0886688232421875
5.48362731933591E-05 -0.00444221496582031 -0.131378173828125 0.0824203491210938
0.00692415237426758 0.000847816467285156 -0.138542175292969 -0.0795669555664063
-0.00068521499633789 -0.00501680374145508 -0.00914001464843749 -0.2509765625
0.00500774383544922 0.00443744659423828 0.241668701171875 -0.240951538085938
-0.00948047637939453 0.00214481353759766 0.3916015625 0.11273193359375
-0.0126514434814453 -0.00811958312988281 0.180572509765625 0.441864013671875
0.00885677337646484 0.0113687515258789 -0.086517333984375 0.30157470703125
0.00542259216308594 0.0154247283935547 0.0242519378662109 0.0210075378417969
0.00358104705810547 0.0112504959106445 0.13323974609375 -0.316070556640625
0.00580310821533203 -0.00790262222290039 -0.18499755859375 -0.454010009765625
0.00176811218261719 -0.00966835021972656 -0.435333251953125 -0.0751953125
-0.000960826873779297 -0.0045466423034668 -0.234848022460937 0.26043701171875
-0.000112771987915039 -0.00431632995605469 0.0144195556640625 0.243667602539063
-0.00322270393371582 0.00195550918579102 0.155715942382813 0.057830810546875
0.00254559516906738 -0.00224089622497559 0.153564453125 -0.0891265869140625
0.00327229499816895 -0.000949382781982422 -0.131095886230469 0.0821533203125
0.00916767120361328 0.00272560119628906 -0.137611389160156 -0.081573486328125
0.000398039817810059 -0.00183844566345215 -0.00520324707031252 -0.251296997070313
0.00279092788696289 0.00489425659179688 0.246994018554687 -0.236297607421875
-0.0131759643554688 -0.000830650329589846 0.389923095703125 0.122467041015625
-0.0131921768188477 -0.0139017105102539 0.17138671875 0.4453125
0.0121688842773438 0.00510883331298828 -0.090240478515625 0.299468994140625
0.0122222900390625 0.0108137130737305 0.0265998840332031 0.0173244476318359
0.00665283203125 0.00484752655029297 0.1297607421875 -0.32037353515625
0.00410175323486328 -0.0133876800537109 -0.191192626953125 -0.4515380859375
-0.00223731994628906 -0.0117053985595703 -0.435546875 -0.067962646484375
-0.00270843505859375 -0.00356841087341309 -0.2293701171875 0.263442993164062
0.000557661056518555 -0.0019000768661499 0.0187530517578125 0.242691040039063
-0.00117731094360352 0.00444746017456055 0.156906127929688 0.055328369140625
0.00542688369750977 0.00083160400390625 0.15264892578125 -0.089752197265625
0.00798654556274414 0.00243997573852539 -0.1314697265625 0.0811386108398437
0.0114202499389648 0.00460052490234375 -0.136863708496094 -0.0825424194335938
0.00139200687408447 0.000944137573242188 -0.002960205078125 -0.25140380859375
0.000512599945068359 0.00542593002319336 0.250045776367188 -0.233291625976563
-0.0163536071777344 -0.00399112701416016 0.39044189453125 0.125213623046875
-0.0140247344970703 -0.0204658508300781 0.16790771484375 0.44793701171875
0.0164604187011719 -0.00186061859130859 -0.09320068359375 0.298583984375
0.0200233459472656 0.00543022155761719 0.0262413024902344 0.0166015625
0.00994396209716797 -0.00250911712646484 0.12786865234375 -0.320526123046875
0.00205421447753906 -0.0191707611083984 -0.193939208984375 -0.448486328125
-0.00631332397460937 -0.0143346786499023 -0.434234619140625 -0.06298828125
-0.0046844482421875 -0.00222015380859375 -0.227737426757813 0.265975952148438
0.00121045112609863 0.000290870666503906 0.021240234375 0.242294311523438
0.000946998596191407 0.00661277770996094 0.157546997070313 0.054840087890625
0.00875091552734375 0.00379180908203125 0.1531982421875 -0.08935546875
0.0110273361206055 0.00544166564941406 -0.130516052246094 0.081451416015625
0.0131855010986328 0.00587081909179688 -0.136749267578125 -0.0809860229492188
0.00214362144470215 0.00334858894348145 -0.00350952148437499 -0.25006103515625
-0.00134086608886719 0.00579309463500976 0.249237060546875 -0.231765747070313
-0.0191974639892578 -0.00619316101074219 0.389495849609375 0.1280517578125
-0.0145416259765625 -0.0256328582763672 0.16656494140625 0.449981689453125
0.021026611328125 -0.00836944580078125 -0.093994140625 0.300933837890625
0.0271263122558594 4.1961669921875E-05 0.0239753723144531 0.0187625885009766
0.0137758255004883 -0.00899696350097656 0.128448486328125 -0.31787109375
0.000680923461914065 -0.0241565704345703 -0.191986083984375 -0.447357177734375
-0.00929737091064453 -0.0164403915405273 -0.433380126953125 -0.06549072265625
-0.00547933578491211 -0.00217485427856445 -0.22784423828125 0.2659912109375
0.00193023681640625 0.00288701057434082 0.020050048828125 0.243087768554688
0.00262689590454102 0.0080866813659668 0.157821655273438 0.0554962158203125
0.0111455917358398 0.00727272033691406 0.152008056640625 -0.0898895263671875
0.0130329132080078 0.00717067718505859 -0.130203247070313 0.0818557739257812
0.014246940612793 0.00615310668945313 -0.137672424316406 -0.0790634155273437
0.00268983840942383 0.00449466705322266 -0.00694274902343749 -0.247879028320313
-0.00238037109375 0.00612926483154297 0.245193481445313 -0.2320556640625
-0.0211734771728516 -0.00693321228027344 0.39013671875 0.12255859375
-0.0149707794189453 -0.0299587249755859 0.1717529296875 0.4486083984375
0.0235385894775391 -0.0136222839355469 -0.09381103515625 0.30419921875
0.0327968597412109 -0.00461959838867188 0.0197296142578125 0.023223876953125
0.0165805816650391 -0.0137119293212891 0.130584716796875 -0.31256103515625
0.000104904174804684 -0.0282649993896484 -0.18487548828125 -0.447601318359375
-0.0109615325927734 -0.017913818359375 -0.433197021484375 -0.0700378417968749
-0.0062098503112793 -0.00142383575439453 -0.232757568359375 0.264785766601563
0.00246691703796387 0.00411891937255859 0.0167999267578125 0.245315551757813
0.00397396087646484 0.00889873504638672 0.157730102539063 0.0572357177734375
0.0133304595947266 0.00840950012207031 0.1533203125 -0.0903472900390625
0.0140552520751953 0.00798606872558594 -0.129234313964844 0.082763671875
0.0147018432617187 0.00539302825927734 -0.138740539550781 -0.0759124755859375
0.00294065475463867 0.00446224212646484 -0.0120697021484375 -0.24560546875
-0.00250101089477539 0.00676059722900391 0.238632202148438 -0.2354736328125
-0.0216426849365234 -0.00712966918945312 0.3912353515625 0.114349365234375
-0.0158138275146484 -0.0314521789550781 0.180938720703125 0.447784423828125
0.0247783660888672 -0.0171718597412109 -0.091094970703125 0.31219482421875
0.036407470703125 -0.007598876953125 0.0141315460205078 0.0300350189208984
0.0188980102539063 -0.0168190002441406 0.13238525390625 -0.3060302734375
0.000633239746093751 -0.0296192169189453 -0.1746826171875 -0.450836181640625
-0.0120830535888672 -0.018402099609375 -0.433074951171875 -0.0779113769531251
-0.00695419311523437 -0.00157022476196289 -0.239837646484375 0.262496948242188
0.00281357765197754 0.00423717498779297 0.0112457275390625 0.248397827148438
0.00468683242797852 0.00835752487182617 0.156463623046875 0.0600128173828125
0.01422119140625 0.00950431823730469 0.153427124023438 -0.0901031494140625
-0.00427150726318359 -0.0100526809692383 -0.130729675292969 0.0838088989257813
0.0037987232208252 -0.00330758094787598 -0.142745971679688 -0.07232666015625
-0.00306987762451172 -0.00992774963378906 -0.0216827392578125 -0.246444702148438
0.00795078277587891 0.00333929061889648 0.225845336914063 -0.251052856445313
-0.00421142578125 0.00727224349975586 0.3935546875 0.091064453125
-0.010624885559082 -0.000144004821777345 0.20062255859375 0.43194580078125
0.00529670715332031 0.0182743072509766 -0.078765869140625 0.3134765625
-0.00257110595703125 0.0210514068603516 0.0144615173339844 0.0336380004882813
0.000177383422851564 0.0188179016113281 0.142822265625 -0.300872802734375
0.00801706314086914 0.000770092010498047 -0.161590576171875 -0.461578369140625
0.00790548324584961 -0.00554800033569336 -0.436431884765625 -0.0995788574218751
0.00167608261108398 -0.00585556030273438 -0.252517700195312 0.252395629882813
-0.00140857696533203 -0.00921440124511719 0.000320434570312485 0.249343872070313
-0.00639677047729492 -0.00211811065673828 0.151947021484375 0.0647430419921875
-0.00127983093261719 -0.00621747970581055 0.155807495117188 -0.087799072265625
-0.00246715545654297 -0.00734043121337891 -0.130630493164063 0.0829391479492188
0.00510454177856445 -0.00137186050415039 -0.141143798828125 -0.076202392578125
-0.00191068649291992 -0.00796365737915039 -0.0149383544921875 -0.2493896484375
0.00669384002685547 0.00368785858154297 0.234939575195313 -0.245407104492188
-0.00663328170776367 0.00522804260253906 0.392852783203125 0.1055908203125
-0.0111684799194336 -0.00328445434570312 0.18896484375 0.43841552734375
0.00659751892089844 0.0158557891845703 -0.083343505859375 0.306976318359375
0.000539779663085937 0.0192604064941406 0.0204639434814453 0.0265483856201172
0.00174999237060547 0.0164709091186523 0.13812255859375 -0.30963134765625
0.00666999816894531 -0.00259494781494141 -0.172637939453125 -0.458709716796875
0.00518560409545899 -0.00705480575561523 -0.435760498046875 -0.0878601074218749
0.000659942626953125 -0.0056147575378418 -0.244659423828125 0.256729125976563
-0.000667095184326172 -0.00762844085693359 0.00718688964843752 0.24688720703125
-0.00501871109008789 -0.000571727752685547 0.153366088867187 0.061065673828125
-0.00011444091796875 -0.00457429885864258 0.154449462890625 -0.0885009765625
0.000628471374511719 -0.00472784042358398 -0.131515502929688 0.082244873046875
0.007080078125 0.000803470611572266 -0.1396484375 -0.0794296264648437
-0.0014643669128418 -0.00449991226196289 -0.00915527343749999 -0.251373291015625
0.00476598739624023 0.00435066223144531 0.241867065429687 -0.240447998046875
-0.00969219207763672 0.00227642059326172 0.391876220703125 0.113250732421875
-0.0123138427734375 -0.0080108642578125 0.17950439453125 0.442474365234375
0.00912761688232422 0.0108652114868164 -0.088104248046875 0.3016357421875
0.00550556182861328 0.0158481597900391 0.0239582061767578 0.0211639404296875
0.00378036499023438 0.0113525390625 0.13433837890625 -0.315948486328125
0.00557947158813477 -0.00755882263183594 -0.184326171875 -0.4554443359375
0.00149059295654297 -0.00950431823730469 -0.436126708984375 -0.07623291015625
-0.000856399536132812 -0.00416254997253418 -0.23638916015625 0.261306762695313
-0.000150203704833984 -0.0046391487121582 0.01434326171875 0.245101928710938
-0.00324726104736328 0.00204920768737793 0.155838012695313 0.057830810546875
0.00272631645202637 -0.0023953914642334 0.154434204101563 -0.0895233154296875
0.00409150123596191 -0.0014798641204834 -0.131416320800781 0.0814285278320312
0.00968742370605469 0.00295639038085937 -0.138099670410156 -0.0816650390625
-4.50611114501953E-05 -0.00158786773681641 -0.00570678710937499 -0.252029418945312
0.0023040771484375 0.00470209121704102 0.2479248046875 -0.236038208007813
-0.0134067535400391 -0.0005035400390625 0.390472412109375 0.123016357421875
-0.0125236511230469 -0.0134439468383789 0.171630859375 0.446563720703125
0.0127153396606445 0.00502967834472656 -0.091644287109375 0.298248291015625
0.0127925872802734 0.0109233856201172 0.0260086059570312 0.0179595947265625
0.00670862197875976 0.0047612190246582 0.1304931640625 -0.320098876953125
0.0034637451171875 -0.0130777359008789 -0.190765380859375 -0.4527587890625
-0.00221729278564453 -0.0117273330688477 -0.4359130859375 -0.067718505859375
-0.00270748138427734 -0.00376987457275391 -0.230560302734375 0.264175415039063
0.000669002532958984 -0.00168704986572266 0.01873779296875 0.243682861328125
-0.00133132934570312 0.00472354888916016 0.157012939453125 0.05517578125
0.0059199333190918 0.000958919525146484 0.152938842773438 -0.0897369384765625
0.00807571411132813 0.00206899642944336 -0.132171630859375 0.0806045532226563
0.0116357803344727 0.00470924377441406 -0.138198852539063 -0.0824737548828125
0.001018226146698 0.00107938051223755 -0.0029144287109375 -0.251983642578125
5.67436218261716E-05 0.00504541397094726 0.250457763671875 -0.232666015625
-0.0162115097045898 -0.00358676910400391 0.390167236328125 0.12677001953125
-0.0137367248535156 -0.0198688507080078 0.166839599609375 0.44964599609375
0.0169496536254883 -0.00170135498046875 -0.0931396484375 0.297576904296875
0.0198478698730469 0.00499916076660156 0.0261020660400391 0.0169658660888672
0.0104646682739258 -0.00235557556152344 0.12847900390625 -0.319732666015625
0.00162124633789063 -0.0190696716308594 -0.19268798828125 -0.449554443359375
-0.00662994384765625 -0.0144453048706055 -0.4349365234375 -0.0624084472656251
-0.00437188148498535 -0.00233817100524902 -0.228103637695312 0.266510009765625
0.000892281532287598 0.000394165515899658 0.020843505859375 0.243133544921875
0.00113916397094726 0.00653886795043945 0.158157348632813 0.0548095703125
0.00929450988769531 0.00379657745361328 0.153076171875 -0.0892181396484375
0.0113496780395508 0.00520229339599609 -0.130592346191406 0.0809707641601562
0.013331413269043 0.00579643249511719 -0.137802124023437 -0.0815582275390625
0.00223255157470703 0.00363516807556152 -0.00346374511718752 -0.25048828125
-0.00176811218261719 0.00582742691040039 0.249710083007813 -0.230621337890625
-0.0191898345947266 -0.00601005554199219 0.389892578125 0.12939453125
-0.0139923095703125 -0.0257377624511719 0.16632080078125 0.451080322265625
0.0209980010986328 -0.00849342346191406 -0.095184326171875 0.300323486328125
0.0269565582275391 -4.57763671875E-05 0.0234718322753906 0.0187492370605469
0.0140829086303711 -0.00846958160400391 0.12890625 -0.3175048828125
0.000547409057617187 -0.0240516662597656 -0.190521240234375 -0.448822021484375
-0.00944709777832031 -0.0163545608520508 -0.433074951171875 -0.0655517578125
-0.00588464736938477 -0.00165987014770508 -0.22900390625 0.266830444335937
0.00189685821533203 0.0027005672454834 0.01910400390625 0.243820190429688
0.00262689590454102 0.0081944465637207 0.158004760742188 0.0552978515625
0.0118484497070313 0.00684738159179687 0.152435302734375 -0.0897369384765625
0.0137529373168945 0.00698947906494141 -0.130645751953125 0.0814132690429688
0.0146656036376953 0.00621604919433594 -0.138496398925781 -0.0792999267578125
0.00278663635253906 0.00471019744873047 -0.00677490234374998 -0.247817993164062
-0.00293874740600586 0.00606727600097656 0.245559692382813 -0.232101440429688
-0.0213108062744141 -0.00717544555664063 0.389739990234375 0.1239013671875
-0.0148334503173828 -0.0297775268554688 0.170989990234375 0.44921875
0.0239505767822266 -0.0139942169189453 -0.0947265625 0.304290771484375
0.0330753326416016 -0.00419807434082031 0.0194091796875 0.0231170654296875
0.0165243148803711 -0.0137138366699219 0.13043212890625 -0.311981201171875
4.95910644531266E-05 -0.0281620025634766 -0.183074951171875 -0.448333740234375
-0.0118408203125 -0.0178356170654297 -0.434539794921875 -0.070770263671875
-0.00657749176025391 -0.00158500671386719 -0.233505249023437 0.264785766601563
0.00240850448608398 0.00410676002502441 0.0157623291015625 0.246017456054688
0.00419902801513672 0.00895023345947266 0.157440185546875 0.057281494140625
0.0136470794677734 0.00887107849121094 0.152786254882812 -0.089935302734375
0.0147933959960938 0.00762176513671875 -0.129722595214844 0.0824661254882813
0.0147686004638672 0.00547981262207031 -0.139930725097656 -0.0761642456054687
0.00266361236572266 0.00469970703125 -0.01214599609375 -0.2459716796875
-0.00266647338867187 0.00632619857788086 0.239059448242188 -0.23577880859375
-0.0221443176269531 -0.006988525390625 0.391510009765625 0.11590576171875
-0.0155372619628906 -0.0316715240478516 0.1817626953125 0.446807861328125
0.0255279541015625 -0.0173988342285156 -0.092071533203125 0.311492919921875
0.0361709594726563 -0.007354736328125 0.0137729644775391 0.0295295715332031
0.0188426971435547 -0.0166015625 0.13323974609375 -0.305572509765625
-0.000144958496093751 -0.0296249389648438 -0.174346923828125 -0.45159912109375
-0.0122795104980469 -0.0187911987304687 -0.43402099609375 -0.078948974609375
-0.00764036178588867 -0.00144052505493164 -0.240249633789063 0.262664794921875
0.00251626968383789 0.00443077087402344 0.011566162109375 0.249038696289063
0.00476551055908203 0.00836992263793945 0.15692138671875 0.060150146484375
0.014434814453125 0.009765625 0.153640747070313 -0.0897216796875
-0.00405216217041016 -0.00977897644042969 -0.131027221679688 0.0834579467773437
0.00396513938903809 -0.0029296875 -0.14373779296875 -0.072357177734375
-0.00325584411621094 -0.00954627990722656 -0.0217437744140625 -0.246932983398438
0.00765132904052734 0.00316047668457031 0.226547241210937 -0.251007080078125
-0.00443267822265625 0.00703239440917969 0.394561767578125 0.0919189453125
-0.0102481842041016 4.38690185546864E-05 0.20147705078125 0.433868408203125
0.00564193725585937 0.0179691314697266 -0.079833984375 0.313720703125
-0.00223922729492187 0.0214481353759766 0.0142612457275391 0.0337867736816406
0.000150680541992189 0.0189018249511719 0.143035888671875 -0.301727294921875
0.0074915885925293 0.000721454620361328 -0.1600341796875 -0.46331787109375
0.00764179229736328 -0.00547361373901367 -0.438201904296875 -0.10107421875
0.00161933898925781 -0.00583600997924805 -0.253341674804688 0.253707885742187
-0.00128746032714844 -0.00908946990966797 4.57763671875248E-05 0.251296997070312
-0.00639104843139648 -0.00135993957519531 0.152435302734375 0.065216064453125
-0.00154829025268555 -0.00671958923339844 0.156707763671875 -0.08831787109375
-0.00141048431396484 -0.00769615173339844 -0.131637573242187 0.0820541381835937
0.0058283805847168 -0.00130367279052734 -0.14227294921875 -0.0769500732421875
-0.00253486633300781 -0.00733566284179687 -0.0148468017578125 -0.249542236328125
0.00650978088378906 0.0035243034362793 0.23590087890625 -0.245269775390625
-0.00670671463012695 0.00551128387451172 0.3935546875 0.10491943359375
-0.0107717514038086 -0.00269126892089844 0.18890380859375 0.439300537109375
0.00691795349121094 0.0155515670776367 -0.085052490234375 0.30731201171875
0.000354766845703126 0.0196819305419922 0.019622802734375 0.0265979766845703
0.00157833099365234 0.0165882110595703 0.139373779296875 -0.310272216796875
0.00682973861694336 -0.002288818359375 -0.1724853515625 -0.461334228515625
0.00531101226806641 -0.00718069076538086 -0.43865966796875 -0.08935546875
0.000279903411865234 -0.00548934936523438 -0.245040893554687 0.258209228515625
-0.000762939453124999 -0.00730180740356445 0.0069427490234375 0.248092651367188
-0.00504446029663086 -0.000167369842529296 0.154037475585937 0.061279296875
0.00013875961303711 -0.00473737716674805 0.154647827148438 -0.089263916015625
0.00113058090209961 -0.00515651702880859 -0.1319580078125 0.0820465087890625
0.00726175308227539 0.00100564956665039 -0.140640258789063 -0.079925537109375
-0.00154352188110352 -0.00441455841064453 -0.00938415527343751 -0.25189208984375
0.00430178642272949 0.00416994094848633 0.243408203125 -0.240951538085938
-0.00960350036621094 0.00237083435058594 0.392730712890625 0.114410400390625
-0.0119476318359375 -0.00747108459472656 0.179595947265625 0.443084716796875
0.00949954986572266 0.0113983154296875 -0.088897705078125 0.30096435546875
0.00550174713134766 0.0160427093505859 0.0236930847167969 0.0207862854003906
0.00409603118896484 0.01129150390625 0.135009765625 -0.316925048828125
0.00546169281005859 -0.00703096389770508 -0.18353271484375 -0.4564208984375
0.00137805938720703 -0.00954532623291016 -0.43743896484375 -0.077056884765625
-0.00134801864624023 -0.00451278686523438 -0.2369384765625 0.262619018554687
-5.3882598876953E-05 -0.00459527969360352 0.013702392578125 0.246200561523438
-0.00316071510314941 0.00218391418457031 0.156173706054688 0.0576019287109375
0.00296449661254883 -0.00225996971130371 0.154693603515625 -0.0897979736328125
0.00502490997314453 -0.0012669563293457 -0.131965637207031 0.0811004638671875
0.010040283203125 0.00293922424316406 -0.139732360839844 -0.0822525024414063
-6.8187713623047E-05 -0.00152373313903809 -0.00506591796874999 -0.253341674804688
0.00203990936279297 0.0044407844543457 0.248825073242187 -0.236602783203125
-0.012969970703125 -0.000663757324218753 0.391876220703125 0.123809814453125
-0.0125312805175781 -0.0133628845214844 0.172515869140625 0.44757080078125
0.0133352279663086 0.00481796264648438 -0.091949462890625 0.298919677734375
0.0126056671142578 0.0111503601074219 0.0255908966064453 0.017486572265625
0.00738668441772461 0.00476360321044922 0.1309814453125 -0.32073974609375
0.00347900390625 -0.013031005859375 -0.191558837890625 -0.453948974609375
-0.00278472900390625 -0.0120992660522461 -0.43719482421875 -0.0682373046875001
-0.00328898429870605 -0.00366544723510742 -0.231643676757813 0.26544189453125
0.000138521194458008 -0.00193965435028076 0.0182647705078125 0.244918823242188
-0.0011601448059082 0.00493097305297852 0.157379150390625 0.0556182861328125
0.00600004196166992 0.00110197067260742 0.153091430664063 -0.0897674560546875
0.00914955139160156 0.00179672241210937 -0.132598876953125 0.0805740356445312
0.0121393203735352 0.00464248657226563 -0.139190673828125 -0.0829849243164062
0.00097036361694336 0.00186526775360107 -0.00305175781249998 -0.253067016601563
3.95774841308589E-05 0.0056300163269043 0.251800537109375 -0.2335205078125
-0.0167350769042969 -0.00313186645507812 0.392120361328125 0.127655029296875
-0.0129051208496094 -0.0197315216064453 0.168121337890625 0.44989013671875
0.0175085067749023 -0.00199985504150391 -0.094635009765625 0.297698974609375
0.0202407836914063 0.00543022155761719 0.0254497528076172 0.0168991088867188
0.010406494140625 -0.00220298767089844 0.12884521484375 -0.320587158203125
0.00178146362304688 -0.0191860198974609 -0.19415283203125 -0.45025634765625
-0.00701713562011719 -0.0143013000488281 -0.436492919921875 -0.064361572265625
-0.00468826293945313 -0.00269937515258789 -0.22894287109375 0.26763916015625
0.00101166963577271 0.000973403453826904 0.020660400390625 0.244110107421875
0.000916481018066406 0.00695276260375977 0.158538818359375 0.0548095703125
0.00970172882080078 0.00386142730712891 0.153778076171875 -0.0893096923828125
0.0124607086181641 0.00438117980957031 -0.1309814453125 0.0808334350585938
0.0140171051025391 0.00591087341308594 -0.138916015625 -0.0818328857421875
0.00168848037719727 0.0040898323059082 -0.00370788574218748 -0.250701904296875
-0.00192642211914063 0.00553989410400391 0.250762939453125 -0.231521606445313
-0.0194225311279297 -0.00594711303710937 0.39288330078125 0.13006591796875
-0.0136394500732422 -0.0257396697998047 0.167724609375 0.451568603515625
0.0217075347900391 -0.00901603698730469 -0.096160888671875 0.30035400390625
0.0276527404785156 0.000150680541992188 0.0233936309814453 0.0188922882080078
0.0140962600708008 -0.00868415832519531 0.129638671875 -0.318359375
0.000410079956054689 -0.0237064361572266 -0.190887451171875 -0.44921875
-0.0101680755615234 -0.0164604187011719 -0.43609619140625 -0.0664672851562499
-0.00619316101074219 -0.00197029113769531 -0.230117797851562 0.268112182617188
0.00194811820983887 0.00292086601257324 0.0191497802734375 0.245132446289063
0.00261116027832031 0.00836610794067383 0.158599853515625 0.05584716796875
0.0117616653442383 0.00681018829345703 0.152862548828125 -0.09014892578125
0.0148172378540039 0.00614547729492188 -0.130691528320312 0.0812835693359375
0.0149383544921875 0.00603961944580078 -0.139701843261719 -0.0800399780273438
0.00217866897583008 0.00515317916870117 -0.00682067871093751 -0.248504638671875
-0.00310516357421875 0.00611305236816406 0.246841430664063 -0.232070922851563
-0.0212650299072266 -0.00714492797851563 0.391754150390625 0.125335693359375
-0.0141887664794922 -0.0297775268554688 0.171478271484375 0.450347900390625
0.0245113372802734 -0.0139427185058594 -0.096160888671875 0.30474853515625
0.0332393646240234 -0.00445747375488281 0.0189590454101563 0.0236339569091797
0.0169811248779297 -0.0139942169189453 0.131256103515625 -0.312408447265625
-0.000263214111328127 -0.0275192260742188 -0.183441162109375 -0.449981689453125
-0.0121040344238281 -0.0178775787353516 -0.43536376953125 -0.07049560546875
-0.00682735443115234 -0.00151729583740234 -0.235214233398437 0.266571044921875
0.00236368179321289 0.00380373001098633 0.0156707763671875 0.246932983398438
0.00429916381835938 0.00912094116210938 0.157989501953125 0.05767822265625
0.0143337249755859 0.00877952575683594 0.153915405273438 -0.0901641845703125
0.0155258178710937 0.00704097747802734 -0.130226135253906 0.0819320678710938
0.0155210494995117 0.00600433349609375 -0.140792846679687 -0.0764617919921875
0.00255298614501953 0.00512409210205078 -0.01171875 -0.247222900390625
-0.0031437873840332 0.00637292861938477 0.240432739257812 -0.236572265625
-0.0217342376708984 -0.00675392150878906 0.393402099609375 0.115753173828125
-0.0151882171630859 -0.0314712524414062 0.18170166015625 0.44793701171875
0.0257434844970703 -0.0174846649169922 -0.092864990234375 0.31170654296875
0.0362663269042969 -0.00724029541015625 0.0131816864013672 0.0295791625976563
0.0191516876220703 -0.0164737701416016 0.133758544921875 -0.30615234375
0.000160217285156249 -0.0290241241455078 -0.173614501953125 -0.45404052734375
-0.0127983093261719 -0.0186958312988281 -0.43438720703125 -0.0794677734375
-0.00738668441772461 -0.00133371353149414 -0.241943359375 0.26434326171875
0.00240135192871094 0.00395560264587402 0.0111083984375 0.2501220703125
0.00488376617431641 0.00870561599731445 0.156845092773438 0.060302734375
0.0147428512573242 0.00963211059570312 0.154144287109375 -0.09002685546875
-0.00285720825195313 -0.0102529525756836 -0.131378173828125 0.0836715698242188
0.00446987152099609 -0.0031743049621582 -0.145492553710937 -0.0729522705078125
-0.00357532501220703 -0.00924110412597656 -0.0220794677734375 -0.247650146484375
0.00722217559814453 0.00294828414916992 0.227890014648437 -0.251785278320312
-0.00412559509277344 0.00700521469116211 0.39630126953125 0.091583251953125
-0.0102357864379883 -0.000166893005371093 0.20220947265625 0.43572998046875
0.00573158264160156 0.0179405212402344 -0.080596923828125 0.314361572265625
-0.00209426879882813 0.0212516784667969 0.0138893127441406 0.0337238311767578
0.000408172607421876 0.0188274383544922 0.14453125 -0.302703857421875
0.00767707824707031 0.0011591911315918 -0.161224365234375 -0.46600341796875
0.00701904296875 -0.00570917129516602 -0.439483642578125 -0.101104736328125
0.00159692764282227 -0.00636816024780273 -0.255889892578125 0.255416870117188
-0.00135040283203125 -0.00933074951171875 3.05175781249879E-05 0.252487182617188
-0.00632619857788086 -0.00158405303955078 0.153396606445312 0.0651702880859375
-0.00142335891723633 -0.0062413215637207 0.156967163085938 -0.0889434814453125
-0.00118207931518555 -0.00821161270141602 -0.132171630859375 0.0826339721679688
0.00605106353759766 -0.00135374069213867 -0.143783569335938 -0.07733154296875
-0.00290298461914063 -0.00720405578613281 -0.01513671875 -0.25091552734375
0.00610208511352539 0.00342845916748047 0.237472534179688 -0.2464599609375
-0.00650596618652344 0.00516414642333984 0.395660400390625 0.10626220703125
-0.0105934143066406 -0.00240325927734375 0.19012451171875 0.44183349609375
0.00735187530517578 0.0155467987060547 -0.0858154296875 0.308441162109375
0.00065422058105469 0.0195159912109375 0.019622802734375 0.0269241333007813
0.00142574310302734 0.0165214538574219 0.140289306640625 -0.312103271484375
0.00696420669555664 -0.00228452682495117 -0.1724853515625 -0.4620361328125
0.00475549697875977 -0.0076136589050293 -0.4412841796875 -0.089691162109375
0.000386238098144531 -0.00580167770385742 -0.246719360351563 0.25982666015625
-0.000626087188720703 -0.00704765319824219 0.00718688964843748 0.250289916992188
-0.00498342514038086 7.10487365722658E-05 0.154953002929688 0.0610809326171875
0.000578641891479492 -0.00417351722717285 0.155838012695313 -0.0896148681640625
0.00232601165771484 -0.00556421279907227 -0.132926940917969 0.0820465087890625
0.00805759429931641 0.00100851058959961 -0.14227294921875 -0.080474853515625
-0.00181388854980469 -0.00417757034301758 -0.00996398925781251 -0.253158569335938
0.0038914680480957 0.00400114059448242 0.2442626953125 -0.24200439453125
-0.00943565368652344 0.00265884399414063 0.39544677734375 0.114776611328125
-0.011688232421875 -0.00738716125488281 0.179718017578125 0.4454345703125
0.00951194763183594 0.0107145309448242 -0.089691162109375 0.302154541015625
0.00555133819580078 0.0157575607299805 0.0235748291015625 0.0210590362548828
0.00385856628417969 0.011693000793457 0.135101318359375 -0.316925048828125
0.00523805618286133 -0.00717782974243164 -0.18536376953125 -0.457763671875
0.00113010406494141 -0.00966930389404297 -0.439544677734375 -0.0763549804687499
-0.00142383575439453 -0.0044713020324707 -0.238571166992188 0.2640380859375
-0.000525474548339843 -0.00509452819824219 0.0134735107421875 0.247833251953125
-0.0029759407043457 0.00262165069580078 0.156707763671875 0.0583343505859375
0.00330924987792969 -0.00229620933532715 0.1552734375 -0.090301513671875
0.00603961944580078 -0.00186586380004883 -0.132720947265625 0.0811691284179687
0.0106353759765625 0.00332832336425781 -0.140945434570313 -0.08209228515625
-0.000202357769012451 -0.00107270479202271 -0.00547790527343748 -0.25384521484375
0.001556396484375 0.00443553924560547 0.250396728515625 -0.2373046875
-0.0131311416625977 -0.000559806823730468 0.394256591796875 0.124755859375
-0.0122318267822266 -0.0136480331420898 0.172943115234375 0.450714111328125
0.013798713684082 0.00436973571777344 -0.092926025390625 0.29937744140625
0.0128440856933594 0.0108776092529297 0.0256824493408203 0.0175418853759766
0.0071110725402832 0.00475692749023438 0.131988525390625 -0.321563720703125
0.00355052947998047 -0.0125484466552734 -0.19183349609375 -0.455322265625
-0.00287342071533203 -0.0120668411254883 -0.440093994140625 -0.069244384765625
-0.00340080261230469 -0.00367975234985352 -0.232818603515625 0.267074584960937
0.000399947166442871 -0.00189459323883057 0.0182037353515625 0.246261596679688
-0.000961780548095703 0.00482988357543945 0.157928466796875 0.0554962158203125
0.00676965713500977 0.00106000900268555 0.154144287109375 -0.0904388427734375
0.0100555419921875 0.00107860565185547 -0.13299560546875 0.08087158203125
0.0132226943969727 0.00528335571289063 -0.1407470703125 -0.083282470703125
0.000839352607727051 0.00210142135620117 -0.00357055664062498 -0.253250122070313
-0.000639915466308593 0.00542926788330078 0.253097534179688 -0.234375
-0.0165996551513672 -0.00323486328125 0.39434814453125 0.12884521484375
-0.0130901336669922 -0.0195980072021484 0.1690673828125 0.452117919921875
0.0175065994262695 -0.00229644775390625 -0.095458984375 0.29827880859375
0.0204143524169922 0.00543403625488281 0.0256137847900391 0.0169429779052734
0.0110969543457031 -0.00206470489501953 0.130340576171875 -0.321624755859375
0.00144577026367187 -0.0191097259521484 -0.1939697265625 -0.4520263671875
-0.00697994232177735 -0.014256477355957 -0.4384765625 -0.0646972656250001
-0.00474452972412109 -0.00276088714599609 -0.230133056640625 0.269561767578125
0.00119221210479736 0.000598311424255371 0.0203399658203125 0.24542236328125
0.000907897949218749 0.00751733779907227 0.159011840820313 0.054931640625
0.00972270965576172 0.00381278991699219 0.154434204101563 -0.0901031494140625
0.013310432434082 0.00467395782470703 -0.132194519042969 0.080780029296875
0.0143613815307617 0.00612068176269531 -0.140052795410156 -0.08221435546875
0.00139713287353516 0.00411891937255859 -0.0033721923828125 -0.252273559570313
-0.00232028961181641 0.00550413131713867 0.252731323242188 -0.231826782226563
-0.0195102691650391 -0.00572586059570313 0.3929443359375 0.13079833984375
-0.0134449005126953 -0.0253314971923828 0.167755126953125 0.45379638671875
0.0220737457275391 -0.00923347473144531 -0.09735107421875 0.301605224609375
0.0278835296630859 0.000242233276367188 0.0226974487304687 0.0192928314208984
0.0142736434936523 -0.00808048248291016 0.13055419921875 -0.319580078125
0.000186920166015627 -0.0238113403320312 -0.19158935546875 -0.452606201171875
-0.010106086730957 -0.0162076950073242 -0.438812255859375 -0.06640625
-0.00628137588500976 -0.00224065780639648 -0.231521606445312 0.26959228515625
0.00182342529296875 0.00274896621704102 0.019561767578125 0.246337890625
0.00321006774902344 0.00864315032958984 0.158935546875 0.0557403564453125
0.0128965377807617 0.00688076019287109 0.153732299804688 -0.0904083251953125
0.0153675079345703 0.00602817535400391 -0.131584167480469 0.081329345703125
0.0153293609619141 0.00632762908935547 -0.140838623046875 -0.080047607421875
0.00222921371459961 0.00519990921020508 -0.00720214843750003 -0.249420166015625
-0.00352382659912109 0.0060734748840332 0.248886108398438 -0.233200073242188
-0.0213603973388672 -0.00638008117675781 0.3935546875 0.12615966796875
-0.0143699645996094 -0.0294170379638672 0.17156982421875 0.4530029296875
0.0251426696777344 -0.0145511627197266 -0.096771240234375 0.30535888671875
0.0337886810302734 -0.00398826599121094 0.0182228088378906 0.0240230560302734
0.017176628112793 -0.0136394500732422 0.131744384765625 -0.313690185546875
-0.000373840332031252 -0.0273246765136719 -0.184967041015625 -0.452362060546875
-0.0121936798095703 -0.0178928375244141 -0.4381103515625 -0.0710754394531249
-0.00758457183837891 -0.0012059211730957 -0.23602294921875 0.2686767578125
0.00213456153869629 0.00426626205444336 0.0157318115234375 0.248809814453125
0.00441169738769531 0.00946044921875 0.158432006835938 0.057403564453125
0.0142917633056641 0.00920867919921875 0.15478515625 -0.0906829833984375
0.0166015625 0.00634288787841797 -0.130844116210937 0.08221435546875
0.0158824920654297 0.00575542449951172 -0.142135620117188 -0.07666015625
0.00219154357910156 0.00555038452148438 -0.011871337890625 -0.24737548828125
-0.0034947395324707 0.0062565803527832 0.241546630859375 -0.236465454101562
-0.0219612121582031 -0.00700950622558594 0.39501953125 0.118133544921875
-0.0147361755371094 -0.0316982269287109 0.1822509765625 0.45159912109375
0.0267391204833984 -0.018035888671875 -0.094146728515625 0.312896728515625
0.0371246337890625 -0.00742721557617188 0.0132331848144531 0.0299015045166016
0.0190925598144531 -0.0165290832519531 0.13397216796875 -0.30694580078125
-0.000154495239257811 -0.0290870666503906 -0.175140380859375 -0.45526123046875
-0.0132255554199219 -0.0186119079589844 -0.437957763671875 -0.0797424316406249
-0.00788354873657227 -0.00155067443847656 -0.243148803710937 0.267013549804688
0.00269412994384766 0.00402665138244629 0.0107269287109375 0.251174926757813
0.00500011444091797 0.00897407531738281 0.157516479492188 0.0607147216796875
0.0154857635498047 0.00961780548095703 0.154495239257813 -0.09027099609375
-0.00244522094726563 -0.010859489440918 -0.132560729980469 0.084136962890625
0.00502109527587891 -0.00323057174682617 -0.14678955078125 -0.072509765625
-0.00363016128540039 -0.00875139236450195 -0.0228118896484375 -0.2493896484375
0.00670528411865234 0.0027165412902832 0.228927612304688 -0.253326416015625
-0.00416421890258789 0.00725889205932617 0.399627685546875 0.092559814453125
-0.00940036773681641 0.000329017639160158 0.204193115234375 0.437347412109375
0.0065155029296875 0.0171585083007813 -0.08123779296875 0.31646728515625
-0.0025177001953125 0.0208988189697266 0.0137310028076172 0.0343132019042969
0.000520706176757813 0.0192070007324219 0.14459228515625 -0.304229736328125
0.00726556777954102 0.00125360488891602 -0.16326904296875 -0.46661376953125
0.00711488723754883 -0.00578594207763672 -0.44415283203125 -0.10015869140625
0.00117969512939453 -0.00647306442260742 -0.256805419921875 0.258010864257812
-0.00124454498291016 -0.00913429260253906 9.15527343749751E-05 0.25518798828125
-0.00577545166015625 -0.00141572952270508 0.154052734375 0.06524658203125
-0.000983715057373047 -0.00688552856445313 0.15826416015625 -0.0896148681640625
-0.000311374664306641 -0.00876045227050781 -0.132514953613281 0.0831756591796875
0.00655746459960937 -0.00143146514892578 -0.145294189453125 -0.0772247314453125
-0.00314426422119141 -0.00637626647949219 -0.0155792236328125 -0.252639770507813
0.00541830062866211 0.00328159332275391 0.238494873046875 -0.248397827148437
-0.00685214996337891 0.00530576705932617 0.3980712890625 0.106475830078125
-0.010380744934082 -0.00256156921386719 0.192596435546875 0.443359375
0.00787639617919922 0.0146503448486328 -0.086761474609375 0.309478759765625
0.000585556030273437 0.0195636749267578 0.0189762115478516 0.0269451141357422
0.00156402587890625 0.0165319442749023 0.140869140625 -0.3123779296875
0.00650215148925781 -0.0020751953125 -0.17462158203125 -0.464324951171875
0.00461101531982422 -0.00752019882202148 -0.442626953125 -0.0892944335937499
0.000193119049072266 -0.0056915283203125 -0.2481689453125 0.262298583984375
-0.000972747802734375 -0.0074009895324707 0.00729370117187499 0.251922607421875
-0.00489616394042969 0.000628948211669922 0.155746459960938 0.061370849609375
0.00100183486938477 -0.00493288040161133 0.156295776367187 -0.0902862548828125
0.00266027450561523 -0.00596523284912109 -0.133216857910156 0.0819778442382813
0.00827646255493164 0.000947475433349609 -0.144180297851563 -0.0805816650390625
-0.00171422958374023 -0.00364017486572266 -0.0114593505859375 -0.25439453125
0.00330448150634766 0.00394272804260254 0.24554443359375 -0.24322509765625
-0.00985527038574219 0.00252628326416016 0.3984375 0.11480712890625
-0.0106029510498047 -0.00752067565917969 0.182220458984375 0.44805908203125
0.0107755661010742 0.0100793838500977 -0.090362548828125 0.3033447265625
0.00600337982177734 0.0157575607299805 0.0235691070556641 0.0209579467773438
0.00416755676269531 0.0116071701049805 0.135772705078125 -0.31964111328125
0.00501775741577148 -0.00700569152832031 -0.186126708984375 -0.46185302734375
0.000891685485839844 -0.00956821441650391 -0.443328857421875 -0.075927734375
-0.00147914886474609 -0.00456142425537109 -0.239700317382813 0.267135620117188
-0.000379562377929687 -0.00470781326293945 0.0142822265625 0.24945068359375
-0.00260066986083984 0.0027015209197998 0.157882690429688 0.0579833984375
0.00336480140686035 -0.00219631195068359 0.15576171875 -0.090789794921875
0.00646734237670898 -0.0026402473449707 -0.133270263671875 0.0816802978515625
0.0113687515258789 0.00314235687255859 -0.14239501953125 -0.0824127197265625
-0.000543296337127685 -0.000624001026153565 -0.00610351562499999 -0.255142211914063
0.00124788284301758 0.00461387634277344 0.251708984375 -0.23809814453125
-0.0134258270263672 -0.000424385070800781 0.397125244140625 0.125732421875
-0.0120649337768555 -0.0132484436035156 0.173919677734375 0.452362060546875
0.0143947601318359 0.00417613983154297 -0.094024658203125 0.3004150390625
0.0129261016845703 0.0111236572265625 0.025726318359375 0.0180301666259766
0.00758838653564453 0.00518941879272461 0.1324462890625 -0.323272705078125
0.00288677215576172 -0.0125579833984375 -0.1922607421875 -0.457366943359375
-0.00329113006591797 -0.0121870040893555 -0.442230224609375 -0.06854248046875
-0.0030360221862793 -0.00370430946350098 -0.234207153320312 0.269439697265625
0.000235795974731445 -0.00223660469055176 0.0186767578125 0.247879028320312
-0.000957012176513671 0.0050969123840332 0.15911865234375 0.0553741455078125
0.00668811798095703 0.000794887542724609 0.154876708984375 -0.0915374755859375
0.0107364654541016 0.00066375732421875 -0.133674621582031 0.0807418823242187
0.0129566192626953 0.0051422119140625 -0.141586303710938 -0.083221435546875
0.000543594360351563 0.00255966186523438 -0.00396728515624997 -0.2548828125
-0.00152063369750977 0.00542163848876953 0.25433349609375 -0.235488891601563
-0.0165815353393555 -0.00325775146484375 0.39691162109375 0.1295166015625
-0.0123863220214844 -0.019927978515625 0.1693115234375 0.454376220703125
0.0184841156005859 -0.00308990478515625 -0.096527099609375 0.299774169921875
0.0207710266113281 0.00529670715332031 0.02532958984375 0.0173778533935547
0.0110044479370117 -0.00192928314208984 0.13055419921875 -0.32293701171875
0.00146675109863281 -0.0183448791503906 -0.1956787109375 -0.45416259765625
-0.00756263732910157 -0.0144147872924805 -0.4422607421875 -0.0636596679687501
-0.00559806823730469 -0.00286579132080078 -0.231521606445312 0.272018432617188
0.00145769119262695 0.000471711158752441 0.0211029052734375 0.246749877929688
0.00138568878173828 0.00721549987792969 0.159591674804688 0.0549468994140625
0.0102300643920898 0.00392246246337891 0.155471801757813 -0.0909881591796875
0.013789176940918 0.00352859497070313 -0.133003234863281 0.08123779296875
0.0150346755981445 0.00580120086669922 -0.141799926757813 -0.0825347900390625
0.00152778625488281 0.00480842590332031 -0.0038909912109375 -0.253036499023438
-0.00221014022827148 0.005767822265625 0.253646850585938 -0.233367919921875
-0.0198440551757813 -0.00578117370605469 0.395538330078125 0.1312255859375
-0.0131969451904297 -0.0254478454589844 0.170379638671875 0.45703125
0.02294921875 -0.00956344604492188 -0.09759521484375 0.302093505859375
0.0281295776367188 -9.34600830078125E-05 0.0227317810058594 0.0190811157226563
0.0142354965209961 -0.00850391387939453 0.131805419921875 -0.321014404296875
0.000293731689453126 -0.0237998962402344 -0.1922607421875 -0.454132080078125
-0.0108022689819336 -0.0165739059448242 -0.44091796875 -0.0664367675781249
-0.0066370964050293 -0.00205850601196289 -0.232711791992187 0.272003173828125
0.00204014778137207 0.0033576488494873 0.0194244384765625 0.24786376953125
0.00343894958496094 0.00830268859863281 0.160003662109375 0.0560150146484375
0.01275634765625 0.00687885284423828 0.154586791992188 -0.0914154052734375
0.0162496566772461 0.00510311126708984 -0.132453918457031 0.0816116333007812
0.0163507461547852 0.00642490386962891 -0.142318725585938 -0.0796051025390625
0.00198268890380859 0.00600862503051758 -0.00805664062500002 -0.25091552734375
-0.00389432907104492 0.00605678558349609 0.24969482421875 -0.2342529296875
-0.021392822265625 -0.00690078735351562 0.395965576171875 0.1268310546875
-0.0135650634765625 -0.0296401977539063 0.173675537109375 0.45465087890625
0.02532958984375 -0.0148906707763672 -0.097869873046875 0.306121826171875
0.0340232849121094 -0.00464439392089844 0.0180988311767578 0.0237693786621094
0.0174236297607422 -0.0136880874633789 0.132781982421875 -0.3148193359375
-0.000303268432617188 -0.0273628234863281 -0.185546875 -0.455108642578125
-0.0127983093261719 -0.0179576873779297 -0.440643310546875 -0.0709228515625
-0.00746870040893555 -0.00136470794677734 -0.236953735351562 0.270401000976563
0.00249385833740234 0.00412774085998535 0.0160064697265625 0.2506103515625
0.00485324859619141 0.00961780548095703 0.159622192382813 0.0574188232421875
0.0146379470825195 0.00829505920410156 0.15521240234375 -0.09124755859375
0.0171041488647461 0.0059967041015625 -0.13134765625 0.0826263427734375
0.0163955688476563 0.00568485260009766 -0.143600463867188 -0.076416015625
0.00231742858886719 0.00586366653442383 -0.0124359130859375 -0.249130249023438
-0.00398921966552734 0.00623083114624024 0.242599487304688 -0.238739013671875
-0.0222835540771484 -0.0067291259765625 0.3984375 0.117889404296875
-0.0145587921142578 -0.0315723419189453 0.183502197265625 0.453369140625
0.0268592834472656 -0.0185432434082031 -0.09454345703125 0.314361572265625
0.0373344421386719 -0.00764083862304687 0.0129585266113281 0.0303020477294922
0.0196914672851563 -0.0169315338134766 0.135101318359375 -0.308380126953125
0.00012969970703125 -0.0290451049804688 -0.176513671875 -0.457672119140625
-0.0133266448974609 -0.0184535980224609 -0.44085693359375 -0.07952880859375
-0.00806951522827149 -0.00162839889526367 -0.244430541992188 0.268661499023437
0.00253629684448242 0.00435280799865723 0.0110626220703125 0.25360107421875
0.00509071350097656 0.00920677185058594 0.158859252929688 0.0603790283203125
0.0155839920043945 0.00947093963623047 0.1558837890625 -0.091552734375
-0.00201606750488281 -0.0114612579345703 -0.133041381835938 0.0848922729492187
0.00548267364501953 -0.00327825546264648 -0.148849487304687 -0.0725860595703125
-0.00392627716064453 -0.00860357284545898 -0.02374267578125 -0.250885009765625
0.00663280487060547 0.00332975387573242 0.230270385742188 -0.255477905273438
-0.00412654876708984 0.00720119476318359 0.40252685546875 0.09197998046875
-0.009124755859375 0.000251770019531249 0.206207275390625 0.43853759765625
0.00679969787597656 0.0172901153564453 -0.0811767578125 0.31768798828125
-0.00182533264160156 0.0215263366699219 0.0133857727050781 0.0340843200683594
0.000625610351562501 0.0195655822753906 0.144439697265625 -0.30645751953125
0.0073094367980957 0.00155162811279297 -0.1654052734375 -0.4697265625
0.00713634490966797 -0.00569581985473633 -0.446136474609375 -0.0995483398437501
0.00121116638183594 -0.00612592697143555 -0.257675170898438 0.260269165039063
-0.000955581665039062 -0.00948524475097656 0.000640869140624982 0.256393432617188
-0.00617361068725586 -0.00131893157958984 0.155227661132813 0.065185546875
-0.000640869140625 -0.00673151016235352 0.158523559570313 -0.09075927734375
0.000212669372558593 -0.00896549224853516 -0.133377075195313 0.0840072631835937
0.00725173950195312 -0.00159645080566406 -0.147171020507813 -0.076873779296875
-0.00272369384765625 -0.00650548934936523 -0.01690673828125 -0.253921508789063
0.00526332855224609 0.003631591796875 0.239776611328125 -0.250152587890625
-0.00660896301269531 0.00514841079711914 0.4012451171875 0.10675048828125
-0.00981426239013672 -0.00249099731445312 0.19451904296875 0.4454345703125
0.00790023803710938 0.014918327331543 -0.08660888671875 0.3106689453125
0.00112533569335937 0.0196933746337891 0.0188999176025391 0.0274238586425781
0.00225925445556641 0.0167160034179688 0.140167236328125 -0.314971923828125
0.00669050216674805 -0.00170373916625977 -0.17608642578125 -0.4671630859375
0.00440263748168945 -0.00763082504272461 -0.446502685546875 -0.0873107910156251
0.000111103057861328 -0.00626611709594726 -0.248382568359375 0.264984130859375
-0.000801563262939454 -0.00701808929443359 0.00843811035156251 0.25360107421875
-0.00456905364990234 0.000590801239013672 0.156967163085938 0.06146240234375
0.00108480453491211 -0.00497770309448242 0.157241821289063 -0.0916900634765625
0.00303316116333008 -0.006622314453125 -0.134414672851563 0.0830612182617187
0.00958633422851563 0.000948905944824219 -0.145584106445313 -0.0804290771484375
-0.00166606903076172 -0.00319409370422363 -0.0110626220703125 -0.255691528320313
0.00343084335327148 0.00442695617675781 0.246826171875 -0.244842529296875
-0.0098886489868164 0.00259113311767578 0.40032958984375 0.11566162109375
-0.0106182098388672 -0.00751590728759766 0.18377685546875 0.449462890625
0.0104990005493164 0.00979804992675781 -0.091217041015625 0.305145263671875
0.00622177124023438 0.0158281326293945 0.0231227874755859 0.0213851928710938
0.00502490997314453 0.0119361877441406 0.13568115234375 -0.3209228515625
0.0052180290222168 -0.00687503814697266 -0.18798828125 -0.463104248046875
0.000892639160156251 -0.00969314575195313 -0.446136474609375 -0.0750732421875001
-0.00156641006469727 -0.0050663948059082 -0.2408447265625 0.26947021484375
-0.0002593994140625 -0.00472593307495117 0.0149078369140625 0.2509765625
-0.00273609161376953 0.00274991989135742 0.158706665039063 0.05804443359375
0.00399470329284668 -0.00233244895935059 0.15692138671875 -0.09197998046875
0.00702857971191406 -0.00271272659301758 -0.134361267089844 0.0823135375976563
0.0113620758056641 0.00302791595458984 -0.144622802734375 -0.0821380615234375
-0.000739812850952148 7.17043876647949E-05 -0.006988525390625 -0.256790161132813
0.000773906707763672 0.00507020950317383 0.252655029296875 -0.2408447265625
-0.013484001159668 -0.000461578369140622 0.3995361328125 0.125091552734375
-0.0111312866210938 -0.0136251449584961 0.176361083984375 0.453765869140625
0.0146112442016602 0.00391197204589844 -0.09381103515625 0.302398681640625
0.0133447647094727 0.0108890533447266 0.025115966796875 0.0179615020751953
0.00767707824707031 0.00541830062866211 0.132354736328125 -0.325469970703125
0.00303268432617188 -0.0122852325439453 -0.195556640625 -0.459869384765625
-0.00337600708007813 -0.0120954513549805 -0.445953369140625 -0.0670166015625001
-0.0032346248626709 -0.00420904159545898 -0.23486328125 0.272674560546875
0.000237584114074707 -0.00189948081970215 0.0196990966796875 0.250076293945312
-0.000872611999511718 0.00516366958618164 0.160140991210938 0.05517578125
0.00700759887695313 0.00100517272949219 0.15582275390625 -0.0921478271484375
0.0110349655151367 0.000252723693847656 -0.134925842285156 0.0819320678710937
0.0134315490722656 0.00482273101806641 -0.143905639648438 -0.083221435546875
9.10758972167968E-05 0.0026249885559082 -0.00488281249999998 -0.2569580078125
-0.00166702270507812 0.00536680221557617 0.25555419921875 -0.237884521484375
-0.0166244506835937 -0.0035543441772461 0.398651123046875 0.12945556640625
-0.0121955871582031 -0.0198173522949219 0.1724853515625 0.455352783203125
0.0190792083740234 -0.00306510925292969 -0.0963134765625 0.30108642578125
0.0208587646484375 0.0053558349609375 0.0249176025390625 0.0171604156494141
0.011052131652832 -0.00164508819580078 0.130950927734375 -0.3251953125
0.0010833740234375 -0.0185127258300781 -0.198577880859375 -0.4560546875
-0.00796890258789062 -0.0145292282104492 -0.44580078125 -0.062530517578125
-0.00535440444946289 -0.00293493270874023 -0.232070922851563 0.275360107421875
0.00141966342926025 0.000483870506286621 0.0214996337890625 0.2493896484375
0.00124740600585938 0.00734710693359375 0.160659790039063 0.0547027587890625
0.0105867385864258 0.00363540649414062 0.156173706054688 -0.09210205078125
0.014561653137207 0.003143310546875 -0.133499145507813 0.0824432373046875
0.0159683227539063 0.00602626800537109 -0.14324951171875 -0.08197021484375
0.00164604187011719 0.00507307052612305 -0.00552368164062502 -0.254852294921875
-0.00282669067382813 0.00578451156616211 0.254776000976563 -0.235992431640625
-0.0197067260742187 -0.00594711303710938 0.398406982421875 0.131011962890625
-0.0129032135009766 -0.0255393981933594 0.17193603515625 0.457733154296875
0.0228481292724609 -0.0100879669189453 -0.09808349609375 0.304046630859375
0.02850341796875 -0.00058746337890625 0.0223617553710938 0.0192432403564453
0.0144453048706055 -0.00843143463134766 0.1312255859375 -0.3236083984375
0.000139236450195312 -0.0231971740722656 -0.195220947265625 -0.457427978515625
-0.0111150741577148 -0.0164899826049805 -0.444091796875 -0.064727783203125
-0.00698947906494141 -0.00188493728637695 -0.233245849609375 0.275344848632813
0.00184011459350586 0.00324368476867676 0.0203094482421875 0.25018310546875
0.00372886657714844 0.00893306732177734 0.160995483398438 0.0555877685546875
0.0130624771118164 0.00694179534912109 0.155136108398437 -0.0927581787109375
0.0170211791992188 0.00507545471191406 -0.133689880371094 0.0831756591796875
0.0168905258178711 0.00599575042724609 -0.14447021484375 -0.0801239013671875
0.00168323516845703 0.00630807876586914 -0.00921630859375002 -0.252334594726563
-0.00391054153442383 0.00617885589599609 0.250778198242188 -0.237091064453125
-0.0217418670654297 -0.00715065002441406 0.398834228515625 0.126007080078125
-0.0136985778808594 -0.0298900604248047 0.17608642578125 0.45703125
0.0255584716796875 -0.0156497955322266 -0.0980224609375 0.30877685546875
0.0344390869140625 -0.00466537475585938 0.0178871154785156 0.0239162445068359
0.01788330078125 -0.0134372711181641 0.13287353515625 -0.31707763671875
-0.000310897827148435 -0.0270252227783203 -0.188079833984375 -0.4564208984375
-0.0131378173828125 -0.0180168151855469 -0.443695068359375 -0.0705566406249999
-0.00818443298339844 -0.00161933898925781 -0.237991333007813 0.27362060546875
0.00243449211120605 0.00415134429931641 0.0165557861328125 0.252197265625
0.00483798980712891 0.00965118408203125 0.16058349609375 0.0572967529296875
0.0153694152832031 0.00830745697021485 0.15618896484375 -0.0928192138671875
0.0177497863769531 0.00524139404296875 -0.132499694824219 0.0833053588867188
0.0171747207641602 0.00555992126464844 -0.145462036132813 -0.0764312744140625
0.00243473052978516 0.00655317306518555 -0.0137176513671875 -0.250137329101563
-0.0044097900390625 0.0064697265625 0.244125366210938 -0.240615844726563
-0.0224781036376953 -0.00697517395019531 0.400787353515625 0.117767333984375
-0.0143051147460938 -0.0319347381591797 0.186767578125 0.45550537109375
0.0270633697509766 -0.0194072723388672 -0.09515380859375 0.315765380859375
0.0377998352050781 -0.00800704956054687 0.0124092102050781 0.0303688049316406
0.0198841094970703 -0.0171985626220703 0.135467529296875 -0.310150146484375
-0.000431060791015625 -0.0288238525390625 -0.178436279296875 -0.459442138671875
-0.0133247375488281 -0.0187568664550781 -0.444580078125 -0.0787048339843751
-0.0083465576171875 -0.00127840042114258 -0.245193481445313 0.27215576171875
0.00303936004638672 0.00452899932861328 0.01190185546875 0.255096435546875
0.00529766082763672 0.00932598114013672 0.159561157226563 0.0598602294921875
0.0159807205200195 0.00958919525146484 0.156005859375 -0.092742919921875
-0.00152873992919922 -0.0118017196655273 -0.134162902832031 0.0855636596679687
0.00607395172119141 -0.00347661972045898 -0.151229858398438 -0.0726470947265625
-0.00420904159545898 -0.00759029388427734 -0.0255584716796875 -0.252349853515625
0.00631332397460937 0.00293350219726562 0.230331420898437 -0.25811767578125
-0.00404644012451172 0.00733470916748047 0.406005859375 0.09063720703125
-0.0090951919555664 0.000342369079589844 0.209625244140625 0.44158935546875
0.00722980499267578 0.0167140960693359 -0.08062744140625 0.319580078125
-0.00177764892578125 0.0210418701171875 0.0130519866943359 0.0344600677490234
0.000913619995117188 0.0196437835693359 0.144378662109375 -0.30828857421875
0.00775575637817383 0.00181913375854492 -0.168975830078125 -0.472076416015625
0.00669574737548828 -0.00557422637939453 -0.449066162109375 -0.0985107421874999
0.000840187072753907 -0.00624895095825195 -0.25848388671875 0.26422119140625
-0.00185871124267578 -0.00938987731933594 0.00196838378906251 0.259109497070313
-0.00546646118164063 -0.000996589660644532 0.15655517578125 0.06488037109375
-0.000729084014892579 -0.00701236724853516 0.159332275390625 -0.09228515625
0.000333786010742187 -0.00933837890625 -0.134552001953125 0.084869384765625
0.00741958618164063 -0.00157642364501953 -0.148971557617188 -0.0764007568359375
-0.00323247909545898 -0.00585746765136719 -0.0184326171875 -0.255294799804688
0.00484800338745117 0.00373649597167969 0.24072265625 -0.252426147460938
-0.00697469711303711 0.00554990768432617 0.40582275390625 0.105377197265625
-0.00997638702392578 -0.0023651123046875 0.1983642578125 0.44775390625
0.00848293304443359 0.0144767761230469 -0.086181640625 0.312347412109375
0.00116729736328125 0.0196151733398438 0.0186862945556641 0.0276718139648437
0.00250339508056641 0.0172815322875977 0.13995361328125 -0.31744384765625
0.00641012191772461 -0.00172853469848633 -0.177398681640625 -0.468597412109375
0.00398492813110352 -0.0078277587890625 -0.450042724609375 -0.087158203125
-5.67436218261714E-05 -0.00584697723388672 -0.249679565429687 0.268356323242188
-0.00106620788574219 -0.00700092315673828 0.00888061523437497 0.255584716796875
-0.0042719841003418 0.000782489776611328 0.158065795898438 0.06060791015625
0.00108098983764648 -0.00468540191650391 0.15771484375 -0.093170166015625
0.00387191772460937 -0.00722169876098633 -0.135307312011719 0.0837860107421875
0.0098428726196289 0.000736236572265625 -0.147842407226563 -0.0795745849609375
-0.00218772888183594 -0.0028533935546875 -0.012939453125 -0.25732421875
0.0028538703918457 0.0046544075012207 0.247711181640625 -0.248016357421875
-0.0101146697998047 0.002227783203125 0.40411376953125 0.113555908203125
-0.0105819702148438 -0.00751113891601563 0.1878662109375 0.45196533203125
0.010930061340332 0.00948524475097656 -0.090301513671875 0.306427001953125
0.00646305084228516 0.0161113739013672 0.0231266021728516 0.0214729309082031
0.00471210479736328 0.0116920471191406 0.13525390625 -0.323333740234375
0.00460529327392578 -0.00681114196777344 -0.1900634765625 -0.465576171875
0.000284194946289063 -0.0099945068359375 -0.450469970703125 -0.074615478515625
-0.00162506103515625 -0.00487518310546875 -0.241195678710938 0.273666381835937
-0.000554084777832031 -0.00478315353393555 0.016143798828125 0.253753662109375
-0.00317621231079102 0.0030217170715332 0.15997314453125 0.057769775390625
0.00391292572021484 -0.00242185592651367 0.157516479492188 -0.0943145751953125
0.00760650634765625 -0.00301933288574219 -0.135108947753906 0.0833053588867187
0.0123262405395508 0.00305557250976563 -0.14691162109375 -0.08197021484375
-0.000562429428100586 0.000221788883209228 -0.00871276855468752 -0.258758544921875
0.00063180923461914 0.0050806999206543 0.25311279296875 -0.243270874023437
-0.0132980346679688 -0.000742912292480472 0.4039306640625 0.12432861328125
-0.0113668441772461 -0.0133152008056641 0.1788330078125 0.455413818359375
0.0147771835327148 0.00317668914794922 -0.09344482421875 0.304168701171875
0.0135717391967773 0.0111989974975586 0.0250930786132813 0.0179386138916016
0.00791645050048828 0.00527095794677734 0.131591796875 -0.327484130859375
0.00260162353515625 -0.0121545791625977 -0.19830322265625 -0.4613037109375
-0.00368118286132813 -0.0121850967407227 -0.449462890625 -0.065093994140625
-0.00365781784057617 -0.0040733814239502 -0.23480224609375 0.275970458984375
0.000171542167663574 -0.00159382820129395 0.02044677734375 0.251663208007813
-0.000443458557128907 0.00562620162963867 0.16131591796875 0.0544891357421875
0.00757503509521484 0.00107669830322266 0.156524658203125 -0.094146728515625
0.0120067596435547 -0.000233650207519531 -0.135513305664063 0.0827789306640625
0.0144033432006836 0.00478935241699219 -0.145965576171875 -0.0825653076171875
0.000348567962646484 0.00322580337524414 -0.00614929199218749 -0.258316040039063
-0.00219440460205078 0.00556182861328125 0.25604248046875 -0.240264892578125
-0.0168237686157227 -0.00336360931396485 0.4031982421875 0.128265380859375
-0.0117969512939453 -0.0201473236083984 0.17523193359375 0.458343505859375
0.0188636779785156 -0.00373268127441406 -0.096893310546875 0.30316162109375
0.0213642120361328 0.005035400390625 0.0247840881347656 0.0170726776123047
0.0112724304199219 -0.00184535980224609 0.12933349609375 -0.327056884765625
0.00116729736328125 -0.0178794860839844 -0.201568603515625 -0.4595947265625
-0.00793933868408203 -0.0141925811767578 -0.4482421875 -0.0606384277343749
-0.00573587417602539 -0.0029301643371582 -0.23333740234375 0.278640747070313
0.00127208232879639 0.000673294067382812 0.023101806640625 0.251419067382813
0.00180864334106445 0.00778627395629883 0.162612915039062 0.0541839599609375
0.0105524063110352 0.00351619720458984 0.156753540039063 -0.093597412109375
0.0155448913574219 0.00245952606201172 -0.134101867675781 0.0827560424804688
0.0164051055908203 0.00557041168212891 -0.14593505859375 -0.081390380859375
0.0014500617980957 0.00544261932373047 -0.00651550292968748 -0.2567138671875
-0.00391864776611328 0.00577783584594727 0.255523681640625 -0.238677978515625
-0.0200042724609375 -0.0056915283203125 0.401031494140625 0.13031005859375
-0.0124645233154297 -0.0256500244140625 0.175567626953125 0.459320068359375
0.0234966278076172 -0.0107784271240234 -0.097808837890625 0.30584716796875
0.0289173126220703 -0.00069427490234375 0.0221824645996094 0.0195865631103516
0.0148468017578125 -0.00902462005615234 0.13006591796875 -0.324798583984375
-0.000381469726562499 -0.0230293273925781 -0.197845458984375 -0.458343505859375
-0.0110292434692383 -0.0166645050048828 -0.446929931640625 -0.06378173828125
-0.00713491439819336 -0.00234508514404297 -0.234710693359375 0.2781982421875
0.00185823440551758 0.00294208526611328 0.0213470458984375 0.252151489257813
0.00353240966796875 0.00869560241699219 0.162033081054688 0.054962158203125
0.0137977600097656 0.00664043426513672 0.155776977539063 -0.0935821533203125
0.0173072814941406 0.00437736511230469 -0.134185791015625 0.0832366943359375
0.0172996520996094 0.00589561462402344 -0.146392822265625 -0.0790557861328125
0.00185394287109375 0.0069880485534668 -0.00996398925781253 -0.254104614257813
-0.00484514236450195 0.00632762908935547 0.25152587890625 -0.239776611328125
-0.0217800140380859 -0.00702095031738281 0.4022216796875 0.125732421875
-0.0134239196777344 -0.0300579071044922 0.179290771484375 0.45843505859375
0.0259513854980469 -0.0159797668457031 -0.097198486328125 0.3096923828125
0.0343799591064453 -0.0048828125 0.0177898406982422 0.0239830017089844
0.0179347991943359 -0.0137424468994141 0.1319580078125 -0.31951904296875
-0.000610351562499998 -0.0271930694580078 -0.191864013671875 -0.45849609375
-0.013458251953125 -0.0179824829101562 -0.446868896484375 -0.06903076171875
-0.0080561637878418 -0.00157785415649414 -0.239059448242188 0.277542114257812
0.00230574607849121 0.00374412536621094 0.0182647705078125 0.254165649414063
0.00525665283203125 0.00975990295410156 0.161849975585938 0.0565185546875
0.0157232284545898 0.00821304321289063 0.15667724609375 -0.0943603515625
0.0184097290039062 0.004791259765625 -0.132949829101562 0.08416748046875
0.0178146362304688 0.00549697875976563 -0.147903442382813 -0.075897216796875
0.00201511383056641 0.00706195831298828 -0.0157623291015625 -0.251678466796875
-0.00470447540283203 0.00689506530761719 0.2440185546875 -0.242950439453125
-0.0224685668945313 -0.00684738159179688 0.40411376953125 0.116973876953125
-0.0137119293212891 -0.0319080352783203 0.19024658203125 0.456634521484375
0.0274696350097656 -0.0199451446533203 -0.094696044921875 0.317138671875
0.0378875732421875 -0.00836181640625 0.0124053955078125 0.0306205749511719
0.0204563140869141 -0.0172882080078125 0.134124755859375 -0.31280517578125
-0.000358581542968752 -0.02899169921875 -0.182220458984375 -0.4609375
-0.0136375427246094 -0.0187511444091797 -0.447723388671875 -0.0769653320312499
-0.00885105133056641 -0.00152111053466797 -0.24615478515625 0.275558471679688
0.00269079208374023 0.00441741943359375 0.0130157470703125 0.257278442382812
0.00567817687988281 0.00982952117919922 0.161270141601563 0.059722900390625
0.0161418914794922 0.00897407531738281 0.156768798828125 -0.09393310546875
-0.00108146667480469 -0.0123910903930664 -0.13458251953125 0.0871658325195312
0.00657749176025391 -0.00339221954345703 -0.15338134765625 -0.0712127685546875
-0.00448513031005859 -0.00745773315429687 -0.026947021484375 -0.254058837890625
0.00603151321411133 0.00294303894042969 0.231277465820312 -0.260757446289062
-0.00423574447631836 0.00741910934448242 0.408721923828125 0.08917236328125
-0.00887775421142578 0.000318527221679687 0.21392822265625 0.44244384765625
0.00706386566162109 0.0161542892456055 -0.080352783203125 0.321380615234375
-0.00157546997070313 0.0210380554199219 0.0131301879882813 0.0345993041992188
0.000940322875976565 0.0197353363037109 0.143524169921875 -0.31097412109375
0.00740909576416016 0.00204133987426758 -0.170806884765625 -0.47454833984375
0.00642919540405273 -0.00598478317260742 -0.453338623046875 -0.095489501953125
0.000742435455322266 -0.00636482238769531 -0.258285522460937 0.267959594726563
-0.00181102752685547 -0.00925350189208984 0.00366210937500003 0.260452270507813
-0.00574207305908203 -0.00106000900268555 0.157577514648438 0.0639801025390625
-0.000595569610595703 -0.00685548782348633 0.160079956054688 -0.0941619873046875
0.00114154815673828 -0.0101280212402344 -0.135337829589844 0.0857696533203125
0.00803565979003906 -0.00185394287109375 -0.151641845703125 -0.075958251953125
-0.00349998474121094 -0.00523853302001953 -0.0206146240234375 -0.256698608398438
0.00488758087158203 0.00385427474975586 0.240859985351563 -0.255279541015625
-0.0066986083984375 0.00527858734130859 0.408721923828125 0.104248046875
-0.00955867767333985 -0.00245094299316406 0.20263671875 0.449127197265625
0.00879764556884766 0.0138635635375977 -0.08575439453125 0.314666748046875
0.000923156738281249 0.0196571350097656 0.0188827514648438 0.0276660919189453
0.00272178649902344 0.017521858215332 0.1395263671875 -0.31939697265625
0.00628852844238281 -0.00160980224609375 -0.182891845703125 -0.469635009765625
0.00403499603271484 -0.00754594802856445 -0.4530029296875 -0.0844421386718751
-4.14848327636721E-05 -0.00612831115722656 -0.250137329101562 0.272781372070313
-0.00145149230957031 -0.0073847770690918 0.0106048583984375 0.258132934570313
-0.00442790985107422 0.000970840454101562 0.159942626953125 0.0600128173828125
0.00144004821777344 -0.00506114959716797 0.158248901367188 -0.0948486328125
0.00419521331787109 -0.00767993927001953 -0.135627746582031 0.0851364135742188
0.0101585388183594 0.000627517700195313 -0.150360107421875 -0.079132080078125
-0.00209736824035645 -0.00254917144775391 -0.0150909423828125 -0.258392333984375
0.00254654884338379 0.00433182716369629 0.2490234375 -0.251251220703125
-0.00981712341308594 0.00259017944335937 0.406951904296875 0.113494873046875
-0.0102272033691406 -0.00743770599365234 0.191253662109375 0.45391845703125
0.0120105743408203 0.00918865203857422 -0.089691162109375 0.30865478515625
0.00676822662353516 0.0157566070556641 0.0227298736572266 0.0214767456054688
0.00514030456542969 0.0118227005004883 0.1343994140625 -0.32562255859375
0.00480890274047851 -0.00593948364257813 -0.195281982421875 -0.46673583984375
0.000186920166015625 -0.010101318359375 -0.452423095703125 -0.0716247558593751
-0.00169944763183594 -0.00510883331298828 -0.241500854492188 0.277191162109375
-0.000324249267578125 -0.00472307205200195 0.0179443359375 0.255142211914063
-0.00231671333312988 0.00328683853149414 0.161407470703125 0.05682373046875
0.004730224609375 -0.00274133682250977 0.158294677734375 -0.095733642578125
0.00803709030151367 -0.00393867492675781 -0.135498046875 0.0846633911132813
0.012939453125 0.00243949890136719 -0.14886474609375 -0.0806732177734375
-0.00048673152923584 0.000879228115081787 -0.010772705078125 -0.260086059570313
0.000637531280517578 0.00545358657836914 0.253738403320313 -0.246246337890625
-0.0133647918701172 -0.000571250915527345 0.408203125 0.123565673828125
-0.0115909576416016 -0.0131845474243164 0.184539794921875 0.457794189453125
0.0150785446166992 0.00299072265625 -0.093109130859375 0.305755615234375
0.0138864517211914 0.0106678009033203 0.0252895355224609 0.0181674957275391
0.00805568695068359 0.00552177429199219 0.130706787109375 -0.329437255859375
0.00269222259521484 -0.0121059417724609 -0.202789306640625 -0.463134765625
-0.00408363342285156 -0.0119571685791016 -0.453216552734375 -0.0635070800781251
-0.00368618965148926 -0.00368165969848633 -0.2353515625 0.279739379882813
-0.000132083892822266 -0.00221562385559082 0.02252197265625 0.254058837890625
-0.000188827514648438 0.00536870956420898 0.1624755859375 0.05389404296875
0.00764131546020508 0.000471591949462891 0.157012939453125 -0.0957489013671875
0.0122995376586914 -0.00119304656982422 -0.136215209960938 0.0838623046875
0.014897346496582 0.00422286987304688 -0.148330688476563 -0.08184814453125
0.000475883483886719 0.0040123462677002 -0.00851440429687501 -0.260055541992188
-0.00177335739135742 0.00553321838378906 0.256729125976563 -0.243759155273438
-0.0169773101806641 -0.00318622589111328 0.407318115234375 0.126556396484375
-0.0121402740478516 -0.0203514099121094 0.179351806640625 0.460723876953125
0.0194873809814453 -0.00464439392089844 -0.0958251953125 0.30548095703125
0.0217380523681641 0.00482749938964844 0.0250587463378906 0.0173683166503906
0.0114431381225586 -0.00215435028076172 0.12847900390625 -0.329345703125
0.000858306884765626 -0.0181255340576172 -0.2060546875 -0.46038818359375
-0.00836849212646484 -0.0144643783569336 -0.452362060546875 -0.0587158203124999
-0.00589132308959961 -0.00273370742797852 -0.23248291015625 0.28240966796875
0.000975430011749267 0.000955045223236084 0.02496337890625 0.253021240234375
0.00206232070922852 0.00770282745361328 0.163848876953125 0.053466796875
0.0112781524658203 0.00307655334472656 0.157333374023438 -0.095184326171875
0.0160131454467773 0.00158977508544922 -0.134895324707031 0.0840225219726563
0.0168752670288086 0.0054779052734375 -0.148330688476563 -0.0806884765625
0.00187349319458008 0.00597333908081055 -0.00820922851562498 -0.257980346679687
-0.00361967086791992 0.00622892379760742 0.256011962890625 -0.241363525390625
-0.0200080871582031 -0.00590324401855469 0.405548095703125 0.128265380859375
-0.0126152038574219 -0.0259952545166016 0.178924560546875 0.461395263671875
0.02349853515625 -0.0116653442382813 -0.096527099609375 0.308013916015625
0.0290641784667969 -0.00106239318847656 0.0222873687744141 0.0196170806884766
0.0153617858886719 -0.00893402099609375 0.129608154296875 -0.327362060546875
-0.000833511352539064 -0.0226650238037109 -0.20233154296875 -0.46044921875
-0.0117921829223633 -0.0166568756103516 -0.451385498046875 -0.060791015625
-0.00719594955444336 -0.00210142135620117 -0.23358154296875 0.282440185546875
0.00222134590148926 0.00266504287719727 0.0230560302734375 0.254119873046875
0.00412082672119141 0.00918865203857422 0.16400146484375 0.0540924072265625
0.0139751434326172 0.00615596771240234 0.156219482421875 -0.0955963134765625
0.0181102752685547 0.00305938720703125 -0.134811401367188 0.0846633911132812
0.0180377960205078 0.00558090209960938 -0.148880004882813 -0.07818603515625
0.00193357467651367 0.00721597671508789 -0.0118865966796875 -0.25567626953125
-0.00489997863769531 0.00689268112182617 0.252548217773438 -0.242263793945313
-0.0220813751220703 -0.00661277770996094 0.406036376953125 0.123870849609375
-0.0134029388427734 -0.0299797058105469 0.1832275390625 0.46099853515625
0.0264320373535156 -0.0167903900146484 -0.097137451171875 0.31195068359375
0.0346355438232422 -0.00542449951171875 0.0179653167724609 0.0241069793701172
0.0187358856201172 -0.0139350891113281 0.13134765625 -0.32159423828125
-0.000917434692382811 -0.0267887115478516 -0.195953369140625 -0.460540771484375
-0.0138111114501953 -0.0180950164794922 -0.451202392578125 -0.0664062499999999
-0.00775241851806641 -0.00136137008666992 -0.238006591796875 0.281494140625
0.00240874290466309 0.00411248207092285 0.0198516845703125 0.256393432617188
0.005706787109375 0.00990772247314453 0.163253784179688 0.056243896484375
0.0158967971801758 0.00812244415283203 0.15716552734375 -0.0960845947265625
0.0190639495849609 0.00390052795410156 -0.133857727050781 0.0860519409179688
0.0182285308837891 0.0052032470703125 -0.149932861328125 -0.0748291015625
0.00218915939331055 0.00716781616210938 -0.017181396484375 -0.25384521484375
-0.0054621696472168 0.00702428817749023 0.245651245117187 -0.245956420898437
-0.0226955413818359 -0.00651359558105468 0.408111572265625 0.115386962890625
-0.0144062042236328 -0.032135009765625 0.193939208984375 0.459014892578125
0.0277786254882813 -0.0207443237304688 -0.093597412109375 0.319091796875
0.0382652282714844 -0.00858688354492188 0.0121994018554688 0.0308399200439453
0.0207653045654297 -0.0174655914306641 0.13336181640625 -0.315216064453125
-0.000598907470703127 -0.0286502838134766 -0.18524169921875 -0.463104248046875
-0.0143318176269531 -0.0186843872070313 -0.451416015625 -0.0754699707031249
-0.0086212158203125 -0.00146341323852539 -0.246368408203125 0.278823852539063
0.00269079208374023 0.0045781135559082 0.01470947265625 0.2596435546875
0.00592708587646485 0.00997543334960938 0.162628173828125 0.05877685546875
0.0167951583862305 0.00882053375244141 0.1575927734375 -0.0959320068359375
-0.000741958618164063 -0.0132713317871094 -0.134780883789063 0.0883636474609375
0.00695943832397461 -0.00355958938598633 -0.155288696289063 -0.0703582763671875
-0.00435590744018555 -0.0072021484375 -0.0298309326171875 -0.254806518554688
0.00601673126220703 0.00374698638916016 0.23052978515625 -0.26434326171875
-0.00408935546875 0.00740623474121094 0.41326904296875 0.08685302734375
-0.00879383087158203 0.000414848327636718 0.218475341796875 0.442901611328125
0.0075531005859375 0.0160732269287109 -0.078857421875 0.323272705078125
-0.00115013122558594 0.0213375091552734 0.0131931304931641 0.0345420837402344
0.00126838684082031 0.0199756622314453 0.142120361328125 -0.313018798828125
0.0076603889465332 0.00250959396362305 -0.17620849609375 -0.474578857421875
0.00613164901733398 -0.00587034225463867 -0.457305908203125 -0.0938720703125
0.00107383728027344 -0.00658607482910156 -0.25836181640625 0.27276611328125
-0.00177669525146484 -0.00933170318603516 0.00541687011718748 0.263015747070313
-0.00544595718383789 -0.0010991096496582 0.15887451171875 0.0634918212890625
-0.000378608703613282 -0.00713300704956055 0.160232543945313 -0.09649658203125
0.00124454498291016 -0.0109643936157227 -0.135345458984375 0.0867233276367187
0.00860977172851563 -0.00209140777587891 -0.153610229492187 -0.0747833251953125
-0.00344944000244141 -0.00478744506835938 -0.0225982666015625 -0.258285522460938
0.00459432601928711 0.00379276275634766 0.240585327148437 -0.258148193359375
-0.00685691833496094 0.00558710098266601 0.411651611328125 0.101287841796875
-0.00929355621337891 -0.00249671936035156 0.20709228515625 0.450286865234375
0.00882339477539063 0.0133399963378906 -0.0845947265625 0.316436767578125
0.00160980224609375 0.0197429656982422 0.0185394287109375 0.0277023315429688
0.00285911560058594 0.0172710418701172 0.13800048828125 -0.322113037109375
0.00628519058227539 -0.00122261047363281 -0.187347412109375 -0.4716796875
0.00375604629516601 -0.00734615325927734 -0.45733642578125 -0.0812988281249999
-0.0004730224609375 -0.00598859786987305 -0.249252319335938 0.276840209960938
-0.00124931335449219 -0.0069117546081543 0.012298583984375 0.259567260742188
-0.00415253639221191 0.00102972984313965 0.160842895507813 0.0594329833984375
0.00147676467895508 -0.00530481338500977 0.1583251953125 -0.0970001220703125
0.00441217422485351 -0.00800228118896484 -0.135955810546875 0.0866546630859375
0.0107631683349609 0.000215530395507813 -0.152267456054688 -0.07781982421875
-0.00175249576568603 -0.00181484222412109 -0.0169677734375 -0.260482788085938
0.00277805328369141 0.00447416305541992 0.248367309570313 -0.253936767578125
-0.0103912353515625 0.00257492065429687 0.411651611328125 0.111053466796875
-0.0104799270629883 -0.00773048400878906 0.19696044921875 0.454925537109375
0.0116291046142578 0.0082855224609375 -0.08843994140625 0.310302734375
0.00691890716552735 0.0160303115844727 0.0229625701904297 0.0215415954589844
0.00543403625488281 0.0118799209594727 0.132720947265625 -0.328643798828125
0.00498342514038086 -0.00606012344360352 -0.1986083984375 -0.468109130859375
-0.000277519226074219 -0.00962257385253906 -0.457977294921875 -0.0689697265625001
-0.00233364105224609 -0.00465297698974609 -0.24066162109375 0.281494140625
-0.000967502593994141 -0.00471210479736328 0.01983642578125 0.256942749023438
-0.00203824043273926 0.00352859497070313 0.162887573242188 0.0558929443359375
0.00464344024658203 -0.00273752212524414 0.158706665039063 -0.097198486328125
0.00837564468383789 -0.00518369674682617 -0.135856628417969 0.0858535766601562
0.0132455825805664 0.00246620178222656 -0.151031494140625 -0.079833984375
-0.000858545303344727 0.00121963024139404 -0.0126190185546875 -0.261489868164063
0.000119209289550781 0.00510406494140625 0.253829956054688 -0.249298095703125
-0.0135793685913086 -0.000745773315429688 0.411865234375 0.12054443359375
-0.0108776092529297 -0.013575553894043 0.18896484375 0.459442138671875
0.0155172348022461 0.00218963623046875 -0.092041015625 0.30828857421875
0.0143327713012695 0.0106124877929688 0.0247344970703125 0.0183200836181641
0.00869846343994141 0.00581502914428711 0.129058837890625 -0.33221435546875
0.00269222259521484 -0.0117349624633789 -0.2071533203125 -0.46441650390625
-0.0042572021484375 -0.0118570327758789 -0.456329345703125 -0.060394287109375
-0.00408792495727539 -0.00403261184692383 -0.234771728515625 0.284454345703125
-0.00010526180267334 -0.00177156925201416 0.0242767333984375 0.255538940429688
0.000177383422851563 0.00588226318359375 0.1641845703125 0.05322265625
0.00765848159790039 0.000187873840332031 0.1571044921875 -0.097686767578125
0.0126028060913086 -0.00180625915527344 -0.136993408203125 0.0850677490234375
0.0154962539672852 0.00389671325683594 -0.150726318359375 -0.0811309814453125
0.000432014465332031 0.00405168533325195 -0.0104217529296875 -0.261062622070313
-0.0023036003112793 0.00610637664794922 0.256942749023438 -0.24615478515625
-0.0171804428100586 -0.00335311889648437 0.409912109375 0.12579345703125
-0.0124015808105469 -0.0203685760498047 0.18402099609375 0.4603271484375
0.019989013671875 -0.0048065185546875 -0.094635009765625 0.307220458984375
0.0218524932861328 0.00463104248046875 0.0244884490966797 0.0174102783203125
0.0114812850952148 -0.00199317932128906 0.12689208984375 -0.332611083984375
0.00101089477539063 -0.0176486968994141 -0.2099609375 -0.461456298828125
-0.00862216949462891 -0.0144662857055664 -0.456756591796875 -0.0554504394531251
-0.00626182556152344 -0.00252437591552734 -0.2318115234375 0.285888671875
0.000872313976287842 0.00030815601348877 0.0266265869140625 0.254653930664063
0.00221633911132813 0.00787258148193359 0.164779663085938 0.05206298828125
0.0113019943237305 0.00313949584960938 0.157470703125 -0.0972747802734375
0.0162830352783203 0.000806808471679687 -0.135612487792969 0.0857162475585937
0.0176105499267578 0.00482177734375 -0.150360107421875 -0.0794219970703125
0.00146150588989258 0.00657367706298828 -0.0104522705078125 -0.260116577148438
-0.00421524047851562 0.00668525695800781 0.256576538085938 -0.244308471679688
-0.0203514099121094 -0.00561714172363281 0.40966796875 0.126861572265625
-0.0127696990966797 -0.0260009765625 0.18316650390625 0.463897705078125
0.0237884521484375 -0.0122280120849609 -0.096832275390625 0.310333251953125
0.0292854309082031 -0.00121688842773437 0.0221424102783203 0.0198841094970703
0.0150251388549805 -0.00887107849121094 0.12750244140625 -0.330291748046875
-0.000600814819335938 -0.0227546691894531 -0.205963134765625 -0.461883544921875
-0.0122537612915039 -0.0163917541503906 -0.455963134765625 -0.0570678710937499
-0.00740146636962891 -0.00190639495849609 -0.233367919921875 0.2867431640625
0.00153636932373047 0.00297999382019043 0.0251312255859375 0.255935668945313
0.00411415100097656 0.00943374633789063 0.164962768554688 0.052978515625
0.014251708984375 0.00591182708740234 0.1566162109375 -0.0974884033203125
0.0187664031982422 0.00255203247070313 -0.135116577148437 0.0860748291015625
0.0189456939697266 0.00543212890625 -0.150894165039063 -0.0771636962890625
0.00214195251464844 0.00775623321533203 -0.014434814453125 -0.257186889648438
-0.00519657135009766 0.0073847770690918 0.252761840820313 -0.245498657226562
-0.0222988128662109 -0.0070648193359375 0.409454345703125 0.122222900390625
-0.0132560729980469 -0.0304012298583984 0.188934326171875 0.46136474609375
0.0266227722167969 -0.0180854797363281 -0.09625244140625 0.313934326171875
0.0347213745117187 -0.0057525634765625 0.0175857543945313 0.0244884490966797
0.0180206298828125 -0.0140857696533203 0.1297607421875 -0.324462890625
-0.00113105773925781 -0.0267257690429688 -0.200531005859375 -0.461700439453125
-0.0141124725341797 -0.0177211761474609 -0.455230712890625 -0.0631103515624999
-0.00840997695922852 -0.001800537109375 -0.23834228515625 0.28509521484375
0.00241613388061523 0.00410294532775879 0.021881103515625 0.257980346679687
0.00589656829833984 0.00958156585693359 0.164199829101563 0.0549468994140625
0.016143798828125 0.00753211975097656 0.157455444335938 -0.09808349609375
0.0194683074951172 0.00282478332519531 -0.134162902832031 0.0876998901367188
0.0187625885009766 0.0048675537109375 -0.152023315429688 -0.0741424560546875
0.00214576721191406 0.00796651840209961 -0.01983642578125 -0.254638671875
-0.00541496276855469 0.00704336166381836 0.245346069335938 -0.248703002929687
-0.0230083465576172 -0.00629425048828125 0.41192626953125 0.112823486328125
-0.0141716003417969 -0.0325393676757813 0.1988525390625 0.460906982421875
0.0279769897460938 -0.0212669372558594 -0.093170166015625 0.32135009765625
0.0387611389160156 -0.00907516479492188 0.0120410919189453 0.0313816070556641
0.0204696655273438 -0.0174999237060547 0.132049560546875 -0.317779541015625
-0.000673294067382812 -0.0285987854003906 -0.19036865234375 -0.46441650390625
-0.0147590637207031 -0.0189361572265625 -0.454925537109375 -0.071685791015625
-0.00900459289550781 -0.00157833099365234 -0.24566650390625 0.28338623046875
0.0026240348815918 0.00394368171691895 0.0166778564453125 0.261077880859375
0.00582408905029297 0.00984668731689453 0.16375732421875 0.0580291748046875
0.0172252655029297 0.00857639312744141 0.157302856445312 -0.0978240966796875
-0.000350952148437499 -0.0136404037475586 -0.135734558105469 0.0902023315429688
0.00737333297729492 -0.00429058074951172 -0.157867431640625 -0.068939208984375
-0.00426197052001953 -0.00644588470458984 -0.0318603515625 -0.25634765625
0.00574254989624023 0.00406265258789063 0.230438232421875 -0.267822265625
-0.0040888786315918 0.00763320922851562 0.416168212890625 0.0848388671875
-0.00828218460083008 0.000332355499267577 0.2239990234375 0.443145751953125
0.00791263580322266 0.0156087875366211 -0.07769775390625 0.3253173828125
-0.00104331970214844 0.0211219787597656 0.0129966735839844 0.0348491668701172
0.00202560424804688 0.0200462341308594 0.14007568359375 -0.31591796875
0.00715446472167969 0.00248861312866211 -0.180023193359375 -0.476470947265625
0.00606727600097656 -0.00593423843383789 -0.461334228515625 -0.089599609375
0.000440597534179688 -0.00658941268920898 -0.25872802734375 0.277313232421875
-0.00166130065917969 -0.00904178619384766 0.0076904296875 0.26495361328125
-0.00562334060668945 -0.00024271011352539 0.160140991210938 0.0617523193359375
-0.000693321228027343 -0.00769233703613281 0.1605224609375 -0.0986175537109375
0.00185871124267578 -0.011810302734375 -0.135734558105469 0.0891494750976562
0.00909900665283203 -0.00223159790039063 -0.156097412109375 -0.07305908203125
-0.00372457504272461 -0.00478076934814453 -0.025299072265625 -0.259506225585938
0.00427603721618652 0.00431609153747559 0.240768432617188 -0.262741088867188
-0.00656557083129883 0.00531768798828125 0.41552734375 0.099212646484375
-0.00903797149658203 -0.00233936309814453 0.2113037109375 0.450408935546875
0.00939369201660156 0.0125741958618164 -0.0821533203125 0.318572998046875
0.00205421447753906 0.0194416046142578 0.0186977386474609 0.0278911590576172
0.00299263000488281 0.0174274444580078 0.13623046875 -0.324920654296875
0.00655937194824219 -0.000752925872802734 -0.19256591796875 -0.472991943359375
0.00320291519165039 -0.00738811492919922 -0.461395263671875 -0.07794189453125
-0.000893592834472656 -0.00619983673095703 -0.248733520507813 0.2811279296875
-0.00202512741088867 -0.00738954544067383 0.0149993896484375 0.261474609375
-0.00412940979003906 0.00104045867919922 0.16265869140625 0.0577392578125
0.00165081024169922 -0.00580644607543945 0.158859252929688 -0.0992279052734375
0.00531291961669922 -0.00914955139160156 -0.136795043945313 0.0883331298828125
0.0113925933837891 -0.000101089477539063 -0.155197143554688 -0.076202392578125
-0.00220656394958496 -0.00157022476196289 -0.0198822021484375 -0.2620849609375
0.00243186950683594 0.00476646423339844 0.248016357421875 -0.258010864257813
-0.01007080078125 0.00273990631103516 0.415069580078125 0.108367919921875
-0.0102663040161133 -0.00741958618164062 0.201202392578125 0.455657958984375
0.0119781494140625 0.00815677642822266 -0.087127685546875 0.312774658203125
0.00729942321777344 0.0155296325683594 0.0225009918212891 0.0220527648925781
0.00554370880126953 0.0119733810424805 0.131103515625 -0.331207275390625
0.00446414947509766 -0.00577068328857422 -0.205352783203125 -0.47003173828125
-0.000131607055664062 -0.00991058349609375 -0.460662841796875 -0.0644226074218751
-0.00258731842041016 -0.00488471984863281 -0.24005126953125 0.286224365234375
-0.000812053680419922 -0.00444364547729492 0.0218353271484375 0.259063720703125
-0.00186371803283691 0.00355219841003418 0.164169311523438 0.0540771484375
0.00464296340942383 -0.00309514999389648 0.158035278320312 -0.099517822265625
0.00898551940917969 -0.00557994842529297 -0.136566162109375 0.08795166015625
0.0138435363769531 0.00199508666992188 -0.153610229492188 -0.0784912109375
-0.000927090644836426 0.00125324726104736 -0.0154571533203125 -0.263046264648437
-0.000139236450195312 0.00542688369750977 0.254562377929688 -0.253448486328125
-0.0137338638305664 -0.000510215759277345 0.41510009765625 0.118743896484375
-0.0111560821533203 -0.0136604309082031 0.193756103515625 0.4603271484375
0.0156755447387695 0.00152969360351563 -0.090789794921875 0.310455322265625
0.0139350891113281 0.0106019973754883 0.0247974395751953 0.0183658599853516
0.00850915908813477 0.00527763366699219 0.126953125 -0.335205078125
0.00256443023681641 -0.011754035949707 -0.212554931640625 -0.4654541015625
-0.00480937957763672 -0.0122013092041016 -0.4600830078125 -0.0566711425781249
-0.00417041778564453 -0.00396347045898438 -0.233734130859375 0.288543701171875
-0.000271439552307129 -0.00193643569946289 0.0266876220703125 0.257705688476563
0.000411510467529297 0.00609636306762695 0.165847778320313 0.05126953125
0.00800037384033203 -7.62939453125E-06 0.157394409179688 -0.0997314453125
0.0135641098022461 -0.00296306610107422 -0.136856079101563 0.0872344970703125
0.0160236358642578 0.00395679473876953 -0.153045654296875 -0.079437255859375
0.000708580017089844 0.00485610961914063 -0.0127716064453125 -0.26263427734375
-0.00262022018432617 0.00654220581054688 0.256805419921875 -0.250228881835938
-0.017242431640625 -0.00294399261474609 0.4150390625 0.122802734375
-0.0119590759277344 -0.0201835632324219 0.18951416015625 0.462371826171875
0.0198192596435547 -0.00584220886230469 -0.0931396484375 0.3092041015625
0.0223808288574219 0.00432586669921875 0.0245361328125 0.0171318054199219
0.0117044448852539 -0.00219249725341797 0.124420166015625 -0.33489990234375
0.000322341918945313 -0.0177555084228516 -0.21392822265625 -0.462066650390625
-0.00929164886474609 -0.0143766403198242 -0.45904541015625 -0.051849365234375
-0.00625228881835938 -0.00293731689453125 -0.231414794921875 0.290924072265625
0.000812649726867676 0.000694870948791504 0.029266357421875 0.256668090820313
0.0025482177734375 0.00820827484130859 0.166671752929688 0.0509185791015625
0.0117101669311523 0.00292110443115234 0.157730102539063 -0.099273681640625
0.016758918762207 6.96182250976562E-05 -0.136131286621094 0.0874099731445312
0.0182132720947266 0.00471687316894531 -0.152969360351563 -0.078643798828125
0.00179147720336914 0.00681400299072266 -0.01312255859375 -0.2613525390625
-0.00434780120849609 0.00699758529663086 0.256057739257813 -0.248626708984375
-0.0204067230224609 -0.00550651550292969 0.413482666015625 0.12445068359375
-0.0120887756347656 -0.0267143249511719 0.189544677734375 0.463623046875
0.0240154266357422 -0.0130195617675781 -0.094696044921875 0.312347412109375
0.0294418334960938 -0.00173187255859375 0.0220012664794922 0.0198020935058594
0.0156545639038086 -0.00930595397949219 0.125762939453125 -0.332611083984375
-0.00069427490234375 -0.0228557586669922 -0.211029052734375 -0.461822509765625
-0.0123939514160156 -0.0160970687866211 -0.45806884765625 -0.0546569824218751
-0.00742578506469726 -0.00198507308959961 -0.2320556640625 0.291412353515625
0.00149798393249512 0.00269794464111328 0.0274200439453125 0.257736206054688
0.00434017181396484 0.00967025756835938 0.1666259765625 0.0513916015625
0.0148534774780273 0.00532722473144531 0.15679931640625 -0.099853515625
0.0189075469970703 0.00185012817382813 -0.135879516601562 0.0878524780273438
0.0191860198974609 0.00518989562988281 -0.153289794921875 -0.0756378173828125
0.00234746932983399 0.00781869888305664 -0.016448974609375 -0.2589111328125
-0.00539970397949219 0.00729846954345703 0.25213623046875 -0.249435424804688
-0.0227413177490234 -0.00690841674804687 0.413360595703125 0.11944580078125
-0.0136089324951172 -0.0305442810058594 0.193267822265625 0.463897705078125
0.0269107818603516 -0.0186862945556641 -0.094146728515625 0.316558837890625
0.0354652404785156 -0.006500244140625 0.0177745819091797 0.0245952606201172
0.0184955596923828 -0.0141925811767578 0.127532958984375 -0.327178955078125
-0.00119209289550781 -0.0264167785644531 -0.204742431640625 -0.46240234375
-0.0144271850585938 -0.0176582336425781 -0.457611083984375 -0.0598449707031251
-0.00862932205200195 -0.00151920318603516 -0.237396240234375 0.290252685546875
0.00249671936035156 0.00411629676818848 0.0245819091796875 0.259475708007813
0.00597000122070313 0.00996875762939453 0.16619873046875 0.053436279296875
0.0165491104125977 0.00714302062988281 0.157485961914063 -0.100372314453125
0.019683837890625 0.002044677734375 -0.134529113769531 0.0892257690429688
0.0193557739257813 0.00446319580078125 -0.154510498046875 -0.0726776123046875
0.00229167938232422 0.00853586196899414 -0.02166748046875 -0.25604248046875
-0.00579738616943359 0.00768756866455078 0.244842529296875 -0.253128051757813
-0.0234451293945313 -0.0065765380859375 0.415069580078125 0.1103515625
-0.0141239166259766 -0.0326519012451172 0.203857421875 0.4620361328125
0.0278949737548828 -0.0222702026367188 -0.090911865234375 0.3240966796875
0.0389595031738281 -0.0101318359375 0.0118122100830078 0.0307807922363281
0.0203952789306641 -0.0176296234130859 0.130279541015625 -0.320098876953125
-0.000898361206054684 -0.0284900665283203 -0.195404052734375 -0.46484375
-0.0151710510253906 -0.0185813903808594 -0.457611083984375 -0.068634033203125
-0.00883102416992188 -0.00161457061767578 -0.2447509765625 0.28826904296875
0.00266337394714355 0.00433349609375 0.0191650390625 0.263015747070313
0.00648593902587891 0.00985813140869141 0.165313720703125 0.05609130859375
0.0174388885498047 0.00790596008300781 0.157608032226562 -0.100189208984375
-0.000593185424804687 -0.0145711898803711 -0.135261535644531 0.0921707153320313
0.00813770294189453 -0.00431632995605469 -0.15960693359375 -0.0672760009765625
-0.00472927093505859 -0.00624704360961914 -0.0355224609375 -0.257080078125
0.00553607940673828 0.00405502319335938 0.229385375976563 -0.270706176757813
-0.00436115264892578 0.00777196884155273 0.4190673828125 0.081146240234375
-0.00848674774169922 0.000560283660888673 0.228851318359375 0.4434814453125
0.00810432434082031 0.0148296356201172 -0.07489013671875 0.32720947265625
-0.000915527343750002 0.0215206146240234 0.0134429931640625 0.0354881286621094
0.00196647644042969 0.0201473236083984 0.137908935546875 -0.3187255859375
0.00717258453369141 0.00272035598754883 -0.186187744140625 -0.475830078125
0.0059051513671875 -0.00579071044921875 -0.464599609375 -0.0849304199218749
0.000413894653320312 -0.00662469863891602 -0.256744384765625 0.282196044921875
-0.00230979919433594 -0.00924301147460937 0.0100555419921875 0.26702880859375
-0.00550127029418945 -0.000232696533203124 0.162155151367187 0.0605926513671875
-0.000403404235839845 -0.00778532028198242 0.160171508789063 -0.101333618164063
0.00176429748535156 -0.0127086639404297 -0.135910034179688 0.090850830078125
0.00963687896728516 -0.00272464752197266 -0.158370971679688 -0.071441650390625
-0.00380563735961914 -0.00373435020446777 -0.028289794921875 -0.261077880859375
0.00398516654968262 0.00431966781616211 0.239517211914062 -0.266281127929688
-0.00675439834594727 0.00570869445800781 0.419281005859375 0.0947265625
-0.00892734527587891 -0.00243473052978516 0.217010498046875 0.45098876953125
0.00961971282958984 0.0123968124389648 -0.080078125 0.320709228515625
0.00182533264160156 0.0194168090820313 0.0188312530517578 0.0279369354248047
0.00373649597167969 0.0173559188842773 0.133453369140625 -0.3272705078125
0.006072998046875 -0.000557899475097656 -0.19744873046875 -0.47332763671875
0.00339126586914063 -0.00772285461425781 -0.46453857421875 -0.0727844238281251
-0.000706672668457032 -0.00628328323364258 -0.246856689453125 0.286529541015625
-0.00179290771484375 -0.00718927383422851 0.01806640625 0.26336669921875
-0.00365257263183594 0.00124669075012207 0.163345336914063 0.0562744140625
0.0018467903137207 -0.00588893890380859 0.158294677734375 -0.101364135742188
0.00510406494140625 -0.00961780548095703 -0.136695861816406 0.0901336669921875
0.0118474960327148 -0.000490188598632813 -0.157196044921875 -0.0744171142578125
-0.00187325477600098 -0.00104951858520508 -0.02294921875 -0.2628173828125
0.00195646286010742 0.0054621696472168 0.247024536132812 -0.261825561523438
-0.0100593566894531 0.00298690795898438 0.419769287109375 0.10430908203125
-0.0098724365234375 -0.00763416290283203 0.207427978515625 0.45526123046875
0.0122280120849609 0.00749969482421875 -0.084930419921875 0.313995361328125
0.0071563720703125 0.0154752731323242 0.0229454040527344 0.0218620300292969
0.00571918487548828 0.0120477676391602 0.1280517578125 -0.33355712890625
0.004852294921875 -0.00594615936279297 -0.209442138671875 -0.468170166015625
-0.000548362731933594 -0.00981616973876953 -0.4642333984375 -0.0601501464843751
-0.00251150131225586 -0.00513696670532227 -0.238372802734375 0.290191650390625
-0.000710964202880859 -0.00456476211547852 0.0250091552734375 0.261093139648437
-0.00186944007873535 0.00378012657165527 0.165725708007813 0.0525054931640625
0.00486278533935547 -0.00360250473022461 0.158432006835938 -0.102249145507812
0.00923919677734375 -0.00665378570556641 -0.136390686035156 0.0894393920898437
0.0145530700683594 0.00164222717285156 -0.155807495117187 -0.0764617919921875
-0.000406026840209961 0.00228142738342285 -0.01837158203125 -0.264480590820313
-0.000134944915771485 0.00609922409057617 0.253509521484375 -0.257293701171875
-0.0140676498413086 -1.90734863281219E-05 0.419036865234375 0.115325927734375
-0.0110092163085937 -0.0137386322021484 0.1998291015625 0.4605712890625
0.0158681869506836 0.000676155090332031 -0.088104248046875 0.3121337890625
0.0143089294433594 0.00983715057373047 0.0246772766113281 0.0182533264160156
0.00869655609130859 0.00536394119262695 0.1240234375 -0.33746337890625
0.00251102447509766 -0.0114669799804688 -0.21710205078125 -0.46600341796875
-0.00494766235351562 -0.0121927261352539 -0.462921142578125 -0.052490234375
-0.0044245719909668 -0.00390768051147461 -0.23223876953125 0.29364013671875
-0.000195622444152832 -0.00187504291534424 0.0294952392578125 0.25933837890625
0.000555992126464844 0.00603914260864258 0.166961669921875 0.0501251220703125
0.0082087516784668 -0.000513076782226563 0.157012939453125 -0.102249145507813
0.0135765075683594 -0.00328636169433594 -0.1375732421875 0.0889129638671875
0.0169153213500977 0.00334358215332031 -0.155303955078125 -0.07745361328125
0.000874996185302735 0.00512790679931641 -0.0158843994140625 -0.263946533203125
-0.0027613639831543 0.00686264038085938 0.256134033203125 -0.25396728515625
-0.0177574157714844 -0.00295066833496094 0.418487548828125 0.118194580078125
-0.0123157501220703 -0.0209197998046875 0.194488525390625 0.46307373046875
0.0202674865722656 -0.00636100769042969 -0.091217041015625 0.31109619140625
0.0221958160400391 0.00374412536621094 0.0242996215820313 0.0173435211181641
0.0122604370117188 -0.00206089019775391 0.122711181640625 -0.3375244140625
0.000511169433593749 -0.0176734924316406 -0.220703125 -0.463409423828125
-0.00937938690185547 -0.0143413543701172 -0.4625244140625 -0.04766845703125
-0.00644683837890625 -0.00281286239624024 -0.22918701171875 0.2955322265625
0.000809133052825928 0.000750482082366943 0.032257080078125 0.258041381835938
0.00273275375366211 0.00781059265136719 0.167770385742187 0.0495452880859375
0.0119867324829102 0.00217247009277344 0.1575927734375 -0.101715087890625
0.0172910690307617 -0.000796318054199219 -0.135635375976563 0.0892791748046875
0.0185813903808594 0.00413131713867188 -0.154922485351563 -0.0763397216796875
0.00177478790283203 0.00756549835205078 -0.01617431640625 -0.262344360351563
-0.00458240509033203 0.00720787048339844 0.255874633789063 -0.252288818359375
-0.0209541320800781 -0.00531768798828125 0.416534423828125 0.121429443359375
-0.0128211975097656 -0.0266761779785156 0.19439697265625 0.464630126953125
0.0241527557373047 -0.0137825012207031 -0.092803955078125 0.31402587890625
0.0295505523681641 -0.002197265625 0.0215568542480469 0.0201892852783203
0.015899658203125 -0.00906562805175781 0.1226806640625 -0.334716796875
-0.00132369995117187 -0.0221958160400391 -0.21734619140625 -0.46124267578125
-0.0129556655883789 -0.0163211822509766 -0.46185302734375 -0.0486450195312499
-0.00746250152587891 -0.00206470489501953 -0.23095703125 0.2958984375
0.00168538093566895 0.00297999382019043 0.030364990234375 0.25897216796875
0.00471878051757812 0.00931835174560547 0.167953491210938 0.0501251220703125
0.0148983001708984 0.00496006011962891 0.156661987304688 -0.10205078125
0.0194110870361328 0.00046539306640625 -0.135894775390625 0.08990478515625
0.0199928283691406 0.00468254089355469 -0.155563354492187 -0.0742034912109375
0.00265073776245117 0.00861978530883789 -0.01953125 -0.259521484375
-0.00553369522094727 0.00812482833862305 0.251205444335937 -0.25335693359375
-0.0227603912353516 -0.00665092468261719 0.417572021484375 0.115386962890625
-0.013671875 -0.0309524536132813 0.198883056640625 0.4637451171875
0.0267219543457031 -0.01934814453125 -0.09228515625 0.31854248046875
0.0356597900390625 -0.00677490234375 0.01776123046875 0.0245323181152344
0.0183506011962891 -0.0145893096923828 0.124786376953125 -0.329345703125
-0.00176620483398437 -0.0264415740966797 -0.209930419921875 -0.46185302734375
-0.0152645111083984 -0.0176639556884766 -0.461761474609375 -0.0547485351562499
-0.00848770141601563 -0.00117254257202149 -0.23516845703125 0.29473876953125
0.00238943099975586 0.00452184677124023 0.027618408203125 0.261917114257813
0.00621414184570312 0.00991249084472656 0.167953491210938 0.051849365234375
0.0168914794921875 0.00662422180175781 0.157669067382813 -0.10260009765625
0.0202312469482422 0.00130081176757813 -0.134536743164062 0.091033935546875
0.020111083984375 0.00392723083496094 -0.156539916992188 -0.070068359375
0.00266265869140625 0.00857162475585938 -0.0244598388671875 -0.25677490234375
-0.00571727752685547 0.00818490982055664 0.244583129882813 -0.256912231445313
-0.0231380462646484 -0.00634002685546875 0.418853759765625 0.107696533203125
-0.0145034790039062 -0.0327720642089844 0.210601806640625 0.461273193359375
0.0277748107910156 -0.0226993560791016 -0.088897705078125 0.325897216796875
0.0394210815429688 -0.010498046875 0.0122470855712891 0.0313205718994141
0.0207996368408203 -0.0177783966064453 0.127410888671875 -0.3232421875
-0.00135612487792969 -0.0283298492431641 -0.201629638671875 -0.466064453125
-0.015960693359375 -0.0184803009033203 -0.461761474609375 -0.0636901855468751
-0.00944328308105469 -0.00138568878173828 -0.242401123046875 0.292633056640625
0.00262331962585449 0.00439023971557617 0.02227783203125 0.26513671875
0.00683307647705078 0.00992965698242188 0.166580200195312 0.054718017578125
0.0178585052490234 0.0079345703125 0.157333374023438 -0.102203369140625
-0.000404357910156249 -0.0153083801269531 -0.134933471679687 0.093719482421875
0.00836420059204102 -0.00497770309448242 -0.161865234375 -0.0648193359375
-0.00451326370239258 -0.00559043884277344 -0.0385894775390625 -0.25750732421875
0.00588274002075195 0.00431728363037109 0.227005004882812 -0.27520751953125
-0.00425815582275391 0.00776100158691406 0.4219970703125 0.075408935546875
-0.00821876525878906 0.000345706939697267 0.2353515625 0.443450927734375
0.00861835479736328 0.0142831802368164 -0.07208251953125 0.328765869140625
-0.000375747680664063 0.0213279724121094 0.0131034851074219 0.0354804992675781
0.00236701965332031 0.0199737548828125 0.13458251953125 -0.32110595703125
0.00741767883300781 0.00308942794799805 -0.19189453125 -0.476593017578125
0.00627565383911133 -0.00568532943725586 -0.4666748046875 -0.0794067382812501
0.000263690948486328 -0.00690937042236328 -0.25439453125 0.28656005859375
-0.00273227691650391 -0.0089101791381836 0.014251708984375 0.268051147460938
-0.00489330291748047 -0.000189304351806641 0.163589477539063 0.0586395263671875
-0.000400543212890625 -0.00813484191894531 0.159942626953125 -0.103744506835938
0.00194358825683594 -0.0131750106811523 -0.135673522949219 0.0927886962890625
0.00983810424804688 -0.00300216674804687 -0.16046142578125 -0.0692596435546875
-0.00354862213134766 -0.00316381454467774 -0.0315093994140625 -0.261215209960938
0.00412750244140625 0.00504398345947266 0.237213134765625 -0.270645141601563
-0.00667047500610352 0.00593805313110351 0.421295166015625 0.090484619140625
-0.00897216796875 -0.00260353088378906 0.22412109375 0.44989013671875
0.00969886779785156 0.0115385055541992 -0.0777587890625 0.32269287109375
0.00253486633300781 0.0191078186035156 0.0185298919677734 0.0278778076171875
0.00378990173339844 0.0171375274658203 0.1300048828125 -0.32989501953125
0.00631952285766602 -0.000298976898193359 -0.20513916015625 -0.473297119140625
0.00322914123535156 -0.00764703750610352 -0.46710205078125 -0.0672912597656249
-0.00112152099609375 -0.00631141662597656 -0.24456787109375 0.290283203125
-0.00182437896728516 -0.00708484649658203 0.0207672119140625 0.265167236328125
-0.00368475914001465 0.0015265941619873 0.165008544921875 0.05419921875
0.00152826309204102 -0.00615119934082031 0.1580810546875 -0.104339599609375
0.00520992279052734 -0.0103158950805664 -0.13641357421875 0.09271240234375
0.0121259689331055 -0.000748634338378906 -0.15936279296875 -0.07275390625
-0.00187361240386963 -0.00020599365234375 -0.025726318359375 -0.263519287109375
0.00192689895629883 0.00559520721435547 0.245391845703125 -0.265380859375
-0.0104408264160156 0.00285720825195313 0.422760009765625 0.09991455078125
-0.00986289978027344 -0.00752639770507813 0.212066650390625 0.455108642578125
0.0126018524169922 0.00662517547607422 -0.08245849609375 0.316558837890625
0.00790786743164063 0.0152206420898438 0.0224056243896484 0.0220050811767578
0.00619697570800781 0.0120582580566406 0.125030517578125 -0.3358154296875
0.00449419021606445 -0.00540399551391602 -0.215484619140625 -0.467559814453125
-0.000460624694824219 -0.0096282958984375 -0.46685791015625 -0.0544433593750001
-0.00239419937133789 -0.00516033172607422 -0.235931396484375 0.2947998046875
-0.00144004821777344 -0.00459575653076172 0.02825927734375 0.262054443359375
-0.00168991088867187 0.00389719009399414 0.166900634765625 0.051177978515625
0.00492477416992188 -0.0040898323059082 0.157791137695312 -0.104217529296875
0.00950241088867188 -0.00711536407470703 -0.136314392089844 0.0922698974609375
0.0147743225097656 0.000983238220214844 -0.157821655273438 -0.074737548828125
-0.000191450119018555 0.00244426727294922 -0.0215301513671875 -0.264801025390625
-0.000537395477294922 0.00644254684448242 0.251373291015625 -0.261550903320312
-0.0141315460205078 -0.000164985656738284 0.4227294921875 0.110565185546875
-0.0111522674560547 -0.0139551162719727 0.205078125 0.459228515625
0.0158958435058594 0.00014495849609375 -0.08575439453125 0.313720703125
0.0150613784790039 0.00992393493652344 0.0245342254638672 0.0181617736816406
0.00877666473388672 0.00558280944824219 0.120269775390625 -0.339935302734375
0.00254631042480469 -0.0108737945556641 -0.22320556640625 -0.464691162109375
-0.0054473876953125 -0.0118932723999023 -0.46600341796875 -0.04638671875
-0.00459909439086914 -0.00419902801513672 -0.22943115234375 0.297760009765625
-0.000189304351806641 -0.0015571117401123 0.03277587890625 0.259796142578125
0.00103855133056641 0.00603818893432617 0.1680908203125 0.048370361328125
0.00837850570678711 -0.000590324401855469 0.156570434570313 -0.10467529296875
0.0136499404907227 -0.00455665588378906 -0.137046813964844 0.0912704467773437
0.0169687271118164 0.00308513641357422 -0.157455444335937 -0.0753326416015625
0.00122547149658203 0.00534677505493164 -0.0190887451171875 -0.265228271484375
-0.00323057174682617 0.0073089599609375 0.25433349609375 -0.258682250976563
-0.0177154541015625 -0.00319862365722656 0.4202880859375 0.114715576171875
-0.0121612548828125 -0.0207290649414063 0.201690673828125 0.462554931640625
0.0198860168457031 -0.00741386413574219 -0.0882568359375 0.31304931640625
0.0227489471435547 0.0035247802734375 0.0237827301025391 0.0172843933105469
0.0124788284301758 -0.00261974334716797 0.118621826171875 -0.3397216796875
0.000598907470703124 -0.0172662734985352 -0.22650146484375 -0.461395263671875
-0.00961780548095703 -0.0140380859375 -0.465301513671875 -0.0420227050781249
-0.00670146942138672 -0.00268316268920899 -0.226348876953125 0.300506591796875
0.00101244449615479 0.000739872455596924 0.03521728515625 0.259140014648438
0.00284814834594727 0.00847148895263672 0.16845703125 0.04736328125
0.0120983123779297 0.00173568725585938 0.156509399414062 -0.1044921875
0.0174493789672852 -0.00187110900878906 -0.1357421875 0.0910110473632813
0.0190372467041016 0.00356292724609375 -0.1572265625 -0.074005126953125
0.00218391418457031 0.00776100158691406 -0.019744873046875 -0.263427734375
-0.0046844482421875 0.00774717330932617 0.254440307617188 -0.256942749023438
-0.0208721160888672 -0.00546073913574219 0.420867919921875 0.116668701171875
-0.0128612518310547 -0.0266895294189453 0.201873779296875 0.4632568359375
0.0241737365722656 -0.0146598815917969 -0.08990478515625 0.31585693359375
0.0295238494873047 -0.00273323059082031 0.0217170715332031 0.0196743011474609
0.015559196472168 -0.00919437408447266 0.119140625 -0.33770751953125
-0.0013427734375 -0.0222682952880859 -0.222625732421875 -0.461181640625
-0.01336669921875 -0.0159368515014648 -0.46435546875 -0.04437255859375
-0.00822782516479492 -0.00190496444702149 -0.228179931640625 0.30010986328125
0.00214147567749023 0.00313472747802734 0.0338897705078125 0.26019287109375
0.00507736206054688 0.00936508178710938 0.169265747070313 0.0479583740234375
0.0149307250976563 0.00446224212646484 0.15582275390625 -0.104782104492187
0.0195579528808594 -0.000600814819335937 -0.135391235351562 0.0918502807617188
0.020355224609375 0.00406265258789063 -0.157699584960938 -0.0718231201171875
0.00290870666503906 0.00923824310302734 -0.02294921875 -0.260452270507813
-0.0056910514831543 0.00853872299194336 0.25 -0.25762939453125
-0.0229835510253906 -0.00621604919433594 0.420440673828125 0.111236572265625
-0.0141925811767578 -0.0307846069335938 0.20538330078125 0.462188720703125
0.0268268585205078 -0.0204067230224609 -0.088958740234375 0.320281982421875
0.0357246398925781 -0.00778579711914062 0.0173435211181641 0.0249404907226563
0.0187664031982422 -0.0147533416748047 0.12176513671875 -0.331329345703125
-0.00238037109375 -0.0261993408203125 -0.216400146484375 -0.46270751953125
-0.0159139633178711 -0.0174636840820313 -0.46380615234375 -0.0490112304687499
-0.00899124145507813 -0.00118255615234375 -0.232635498046875 0.298736572265625
0.00212645530700684 0.00384378433227539 0.0307159423828125 0.26239013671875
0.00668048858642578 0.0103693008422852 0.168258666992188 0.04986572265625
0.0170955657958984 0.00633144378662109 0.15692138671875 -0.104843139648438
0.0205345153808594 0.000871658325195312 -0.134208679199219 0.0926971435546875
0.0204696655273438 0.0032196044921875 -0.1590576171875 -0.068389892578125
0.00320720672607422 0.00886058807373047 -0.02789306640625 -0.258224487304688
-0.00608396530151367 0.0087738037109375 0.2420654296875 -0.260421752929688
-0.02410888671875 -0.00605010986328125 0.421661376953125 0.101837158203125
-0.0147705078125 -0.0334224700927734 0.216644287109375 0.461151123046875
0.0279083251953125 -0.0242023468017578 -0.086151123046875 0.327911376953125
0.0389595031738281 -0.0106697082519531 0.0120410919189453 0.0315170288085938
0.0207653045654297 -0.0184040069580078 0.124053955078125 -0.32513427734375
-0.00165557861328125 -0.0280780792236328 -0.20745849609375 -0.465789794921875
-0.0162334442138672 -0.0183238983154297 -0.464111328125 -0.057586669921875
-0.00953292846679688 -0.001220703125 -0.240325927734375 0.297760009765625
0.0023045539855957 0.00426363945007324 0.0253143310546875 0.2657470703125
0.0071868896484375 0.00990772247314453 0.168258666992188 0.0530242919921875
0.0181922912597656 0.00732421875 0.156967163085938 -0.105255126953125
-0.000738143920898438 -0.0157003402709961 -0.134597778320312 0.0963287353515625
0.0087275505065918 -0.00515460968017578 -0.163803100585938 -0.061859130859375
-0.00432491302490234 -0.00492143630981445 -0.042236328125 -0.257522583007813
0.00549697875976563 0.00450420379638672 0.224578857421875 -0.278976440429688
-0.00435209274291992 0.00723600387573242 0.425628662109375 0.07110595703125
-0.00791406631469727 0.000308513641357423 0.242401123046875 0.43994140625
0.00854778289794922 0.0138874053955078 -0.069488525390625 0.33026123046875
8.96453857421852E-05 0.0212764739990234 0.0132942199707031 0.0356903076171875
0.00255966186523438 0.0203418731689453 0.131256103515625 -0.32293701171875
0.00768899917602539 0.00345516204833984 -0.1983642578125 -0.47430419921875
0.00566816329956055 -0.00586223602294922 -0.469207763671875 -0.0749511718749999
0.000300884246826173 -0.00703811645507812 -0.25140380859375 0.291290283203125
-0.00282192230224609 -0.00919628143310547 0.01708984375 0.26873779296875
-0.00499534606933594 -8.67843627929683E-05 0.164230346679687 0.0567626953125
-0.000480175018310548 -0.0079193115234375 0.158660888671875 -0.106094360351563
0.00171661376953125 -0.0137319564819336 -0.135238647460938 0.09527587890625
0.0105009078979492 -0.00367259979248047 -0.162384033203125 -0.0669708251953125
-0.00300097465515137 -0.00266480445861816 -0.0350799560546875 -0.261383056640625
0.00445222854614258 0.00494241714477539 0.235061645507813 -0.273300170898438
-0.00691080093383789 0.00567817687988281 0.425933837890625 0.0849609375
-0.00922679901123047 -0.00313663482666016 0.229217529296875 0.448760986328125
0.00994682312011719 0.0107460021972656 -0.074432373046875 0.323089599609375
0.00259971618652344 0.0192337036132813 0.0188159942626953 0.0278949737548828
0.00418281555175781 0.0174341201782227 0.1258544921875 -0.331207275390625
0.00631856918334961 0.000417709350585938 -0.211212158203125 -0.471343994140625
0.00295925140380859 -0.00767183303833008 -0.4691162109375 -0.0630493164062501
-0.000954627990722656 -0.00632143020629883 -0.24127197265625 0.295867919921875
-0.00226640701293945 -0.00678443908691406 0.02496337890625 0.265869140625
-0.00355386734008789 0.00182914733886719 0.166015625 0.05230712890625
0.00184249877929687 -0.00649690628051758 0.156829833984375 -0.106918334960938
0.00531673431396484 -0.011134147644043 -0.135894775390625 0.0944671630859375
0.012385368347168 -0.00152587890625 -0.161224365234375 -0.0699005126953125
-0.00129234790802002 -2.06232070922854E-05 -0.0291748046875 -0.263885498046875
0.00210189819335938 0.00588226318359375 0.242599487304688 -0.269332885742188
-0.0102338790893555 0.00298881530761719 0.4256591796875 0.094390869140625
-0.0103750228881836 -0.00770854949951172 0.220062255859375 0.452362060546875
0.0122890472412109 0.00654888153076172 -0.079071044921875 0.3182373046875
0.00818157196044922 0.0151176452636719 0.0224876403808594 0.0220603942871094
0.00633811950683594 0.0122365951538086 0.120880126953125 -0.33758544921875
0.00463962554931641 -0.00474643707275391 -0.22119140625 -0.465576171875
-0.00128459930419922 -0.00967597961425781 -0.46795654296875 -0.0478515624999999
-0.00289726257324219 -0.0049128532409668 -0.23272705078125 0.29962158203125
-0.00116539001464844 -0.00439691543579102 0.0313873291015625 0.262115478515625
-0.0013272762298584 0.00412821769714355 0.167922973632813 0.048736572265625
0.00477361679077148 -0.00430154800415039 0.157135009765625 -0.106735229492188
0.00938987731933594 -0.00849342346191406 -0.135551452636719 0.0941162109375
0.0150880813598633 0.000712394714355469 -0.160125732421875 -0.0719146728515625
-1.09672546386718E-05 0.00324273109436035 -0.025238037109375 -0.265640258789063
-0.000418663024902344 0.00681400299072266 0.248703002929688 -0.26531982421875
-0.0139608383178711 7.34329223632833E-05 0.42498779296875 0.105072021484375
-0.0110902786254883 -0.0142803192138672 0.211517333984375 0.4591064453125
0.0161714553833008 -0.000509262084960938 -0.08270263671875 0.315093994140625
0.0150318145751953 0.0094451904296875 0.0241012573242188 0.0184268951416016
0.00928306579589844 0.00507736206054688 0.116912841796875 -0.3421630859375
0.00242805480957031 -0.0105705261230469 -0.2294921875 -0.463043212890625
-0.00555515289306641 -0.0117359161376953 -0.467498779296875 -0.0401611328125
-0.00476169586181641 -0.00405025482177734 -0.226470947265625 0.3017578125
-0.00071406364440918 -0.0015491247177124 0.036773681640625 0.261062622070312
0.00108861923217773 0.00624608993530274 0.1689453125 0.0459442138671875
0.00821971893310547 -0.000902652740478516 0.155792236328125 -0.107086181640625
0.0135269165039063 -0.00531196594238281 -0.136207580566406 0.0932159423828125
0.0175619125366211 0.00229644775390625 -0.159591674804688 -0.0727691650390625
0.00118446350097656 0.00600528717041016 -0.022857666015625 -0.265289306640625
-0.00248146057128906 0.00735807418823242 0.2523193359375 -0.262847900390625
-0.0179462432861328 -0.00281906127929687 0.4239501953125 0.1083984375
-0.0119647979736328 -0.0209751129150391 0.207611083984375 0.4605712890625
0.0197010040283203 -0.00809478759765625 -0.085174560546875 0.314361572265625
0.0226802825927734 0.00289154052734375 0.0239810943603516 0.0177021026611328
0.0124034881591797 -0.00251674652099609 0.11492919921875 -0.3419189453125
0.000275611877441405 -0.017054557800293 -0.232513427734375 -0.458038330078125
-0.0101852416992188 -0.014068603515625 -0.465423583984375 -0.0353698730468749
-0.00658655166625977 -0.00278329849243164 -0.223724365234375 0.304412841796875
0.000467300415039063 0.000685513019561767 0.03887939453125 0.259567260742188
0.00323915481567383 0.00858831405639649 0.169708251953125 0.0450439453125
0.0120878219604492 0.00174808502197266 0.156295776367188 -0.106964111328125
0.0174770355224609 -0.0028076171875 -0.135337829589844 0.0938262939453125
0.019805908203125 0.00301742553710938 -0.1588134765625 -0.0721435546875
0.00266027450561523 0.00836515426635742 -0.0228729248046875 -0.26348876953125
-0.00507020950317383 0.00770235061645508 0.251571655273438 -0.260421752929688
-0.0212440490722656 -0.00536918640136718 0.42437744140625 0.11273193359375
-0.0131053924560547 -0.0265445709228516 0.208251953125 0.462310791015625
0.0238056182861328 -0.0154170989990234 -0.086639404296875 0.317047119140625
0.0298080444335937 -0.00347709655761719 0.0216884613037109 0.0194778442382813
0.0154170989990234 -0.00973129272460938 0.1160888671875 -0.33929443359375
-0.00139617919921875 -0.0223464965820312 -0.2286376953125 -0.459503173828125
-0.0139198303222656 -0.0156564712524414 -0.46612548828125 -0.038482666015625
-0.00834226608276367 -0.00182151794433594 -0.224761962890625 0.30419921875
0.00155138969421387 0.00306868553161621 0.0370330810546875 0.260696411132813
0.005126953125 0.00929832458496094 0.169509887695313 0.046142578125
0.0148935317993164 0.00414848327636719 0.154983520507813 -0.10687255859375
0.0199127197265625 -0.00145339965820313 -0.134658813476563 0.0938796997070313
0.0210094451904297 0.00364303588867188 -0.159759521484375 -0.069305419921875
0.00326442718505859 0.00916099548339844 -0.0263214111328125 -0.2608642578125
-0.00560665130615234 0.00871562957763672 0.2469482421875 -0.260833740234375
-0.0230274200439453 -0.00599479675292968 0.423583984375 0.106475830078125
-0.0143489837646484 -0.0313606262207031 0.212005615234375 0.460052490234375
0.0265979766845703 -0.0213222503662109 -0.086212158203125 0.322052001953125
0.0355491638183594 -0.00824737548828125 0.0169658660888672 0.0246181488037109
0.0185585021972656 -0.0151157379150391 0.1182861328125 -0.33367919921875
-0.00218391418457031 -0.0258541107177734 -0.2227783203125 -0.460113525390625
-0.0158939361572266 -0.0172662734985352 -0.46600341796875 -0.0442504882812499
-0.00901603698730469 -0.00119304656982422 -0.2301025390625 0.30267333984375
0.00215268135070801 0.00405764579772949 0.0337066650390625 0.263259887695313
0.00707530975341797 0.0100126266479492 0.169448852539063 0.0472412109375
0.0174751281738281 0.00599575042724609 0.156326293945313 -0.107513427734375
0.0208091735839844 -0.00107955932617188 -0.133529663085938 0.0952606201171875
0.0210971832275391 0.00275039672851562 -0.1607666015625 -0.0654449462890625
0.00380420684814453 0.00909900665283203 -0.03179931640625 -0.258331298828125
-0.00578403472900391 0.00908660888671875 0.240005493164062 -0.264419555664063
-0.0238609313964844 -0.0057220458984375 0.42523193359375 0.096221923828125
-0.0149440765380859 -0.0329990386962891 0.22320556640625 0.459564208984375
0.0273590087890625 -0.0251884460449219 -0.08251953125 0.32879638671875
0.0390434265136719 -0.011444091796875 0.0122089385986328 0.0315322875976563
0.0205650329589844 -0.0185813903808594 0.12017822265625 -0.327117919921875
-0.00189399719238281 -0.0276870727539063 -0.213165283203125 -0.463775634765625
-0.016510009765625 -0.0180530548095703 -0.466461181640625 -0.052398681640625
-0.00943660736083984 -0.00143909454345703 -0.237274169921875 0.30169677734375
0.0023655891418457 0.00467395782470703 0.02880859375 0.266326904296875
0.00731372833251953 0.00948429107666016 0.168899536132813 0.050567626953125
0.0183391571044922 0.00677490234375 0.156356811523438 -0.107437133789063
-0.000793457031249999 -0.0165071487426758 -0.133338928222656 0.0981292724609375
0.00885772705078125 -0.00565147399902344 -0.1650390625 -0.05926513671875
-0.00420331954956055 -0.00496721267700195 -0.0456695556640625 -0.256820678710938
0.00556039810180664 0.00441598892211914 0.2213134765625 -0.28192138671875
-0.00411796569824219 0.00743389129638672 0.426177978515625 0.06646728515625
-0.00761985778808594 -0.000134944915771484 0.247894287109375 0.437652587890625
0.00868511199951172 0.0130863189697266 -0.0653076171875 0.330322265625
0.000152587890625001 0.020965576171875 0.013336181640625 0.0355186462402344
0.00316810607910156 0.0205650329589844 0.12738037109375 -0.32440185546875
0.0078125 0.00376176834106445 -0.203948974609375 -0.472503662109375
0.00576162338256836 -0.00596094131469727 -0.470672607421875 -0.0678710937500001
-7.15255737304742E-06 -0.00706291198730469 -0.24786376953125 0.295196533203125
-0.00310754776000977 -0.00868797302246094 0.0213470458984375 0.269744873046875
-0.00463676452636719 -0.00023651123046875 0.165573120117188 0.05462646484375
-0.000419616699218749 -0.00816202163696289 0.157455444335938 -0.108596801757812
0.0017557144165039 -0.0144681930541992 -0.133758544921875 0.0976104736328125
0.0104465484619141 -0.004119873046875 -0.163925170898438 -0.0637969970703125
-0.00302243232727051 -0.00251483917236328 -0.038726806640625 -0.261383056640625
0.00410652160644531 0.00538110733032227 0.231903076171875 -0.27716064453125
-0.00683784484863281 0.00559425354003906 0.427032470703125 0.079681396484375
-0.008819580078125 -0.00289821624755859 0.23614501953125 0.444580078125
0.0101528167724609 0.0104951858520508 -0.07086181640625 0.32464599609375
0.00271224975585938 0.0188980102539062 0.0183162689208984 0.0279579162597656
0.00434589385986328 0.0172557830810547 0.12188720703125 -0.332794189453125
0.00667905807495117 0.000277996063232422 -0.21600341796875 -0.4678955078125
0.0026707649230957 -0.00769424438476563 -0.47052001953125 -0.056488037109375
-0.00104618072509766 -0.00635242462158203 -0.2381591796875 0.298736572265625
-0.00263643264770508 -0.0069890022277832 0.0281982421875 0.266006469726563
-0.00331568717956543 0.00163125991821289 0.166854858398438 0.0498199462890625
0.00189352035522461 -0.00632047653198242 0.1556396484375 -0.109420776367188
0.00517177581787109 -0.0122299194335938 -0.135322570800781 0.0965042114257813
0.0129585266113281 -0.00188446044921875 -0.16253662109375 -0.06689453125
-0.00147998332977295 0.000456690788269043 -0.03277587890625 -0.263107299804688
0.00214910507202149 0.00625228881835938 0.239974975585937 -0.272491455078125
-0.0099945068359375 0.00320911407470703 0.427001953125 0.089111328125
-0.0102033615112305 -0.00766658782958985 0.225738525390625 0.44976806640625
0.0124549865722656 0.00546169281005859 -0.07525634765625 0.319000244140625
0.00838470458984375 0.0143241882324219 0.0219802856445312 0.0218868255615234
0.00668907165527344 0.0118675231933594 0.116363525390625 -0.3387451171875
0.0046839714050293 -0.00485038757324219 -0.227447509765625 -0.46380615234375
-0.00146293640136719 -0.0092620849609375 -0.469512939453125 -0.0420837402343751
-0.00330066680908203 -0.00502634048461914 -0.228790283203125 0.3031005859375
-0.00178909301757813 -0.00452327728271484 0.035400390625 0.262786865234375
-0.00111532211303711 0.00369381904602051 0.168716430664063 0.046356201171875
0.00469350814819336 -0.00453710556030273 0.155609130859375 -0.109420776367188
0.00942802429199219 -0.00939846038818359 -0.135025024414063 0.096038818359375
0.0154094696044922 0.000154495239257813 -0.1617431640625 -0.0692138671875
0.000325441360473632 0.00365018844604492 -0.028564453125 -0.264968872070313
-0.000108718872070312 0.00713968276977539 0.246246337890625 -0.268951416015625
-0.0140924453735352 0.000162124633789061 0.427398681640625 0.09906005859375
-0.011134147644043 -0.0139884948730469 0.219024658203125 0.454559326171875
0.0157203674316406 -0.000883102416992188 -0.07952880859375 0.315887451171875
0.0149879455566406 0.00882244110107422 0.0243473052978516 0.0182094573974609
0.00943374633789063 0.00533294677734375 0.112518310546875 -0.342437744140625
0.00229072570800781 -0.0104427337646484 -0.235076904296875 -0.46014404296875
-0.00582695007324219 -0.0116786956787109 -0.468658447265625 -0.0343627929687501
-0.00487041473388672 -0.00414514541625977 -0.222412109375 0.3060302734375
-0.00045311450958252 -0.00142943859100342 0.0397186279296875 0.260726928710937
0.00143909454345703 0.0062408447265625 0.169647216796875 0.043548583984375
0.00838327407836914 -0.00166416168212891 0.154388427734375 -0.109695434570313
0.0137176513671875 -0.0063934326171875 -0.1357421875 0.095306396484375
0.0174932479858398 0.00178432464599609 -0.160934448242188 -0.07012939453125
0.00178098678588867 0.00647830963134766 -0.026275634765625 -0.264999389648438
-0.00295066833496094 0.00757122039794922 0.249786376953125 -0.266067504882813
-0.0178508758544922 -0.00268745422363281 0.42742919921875 0.103546142578125
-0.0124225616455078 -0.02081298828125 0.213592529296875 0.458587646484375
0.0196800231933594 -0.00911903381347656 -0.081634521484375 0.3153076171875
0.0226402282714844 0.00255966186523437 0.0239086151123047 0.0175857543945313
0.0126943588256836 -0.00284290313720703 0.11041259765625 -0.34228515625
0.000663757324218748 -0.0166959762573242 -0.239013671875 -0.455596923828125
-0.0102014541625977 -0.013946533203125 -0.46734619140625 -0.029296875
-0.00682306289672851 -0.00233221054077149 -0.2196044921875 0.30743408203125
0.000656723976135254 0.000907659530639648 0.041473388671875 0.25970458984375
0.00402021408081055 0.00831079483032227 0.170867919921875 0.042510986328125
0.0122823715209961 0.00103855133056641 0.154693603515625 -0.108963012695313
0.0171957015991211 -0.00398349761962891 -0.134483337402344 0.0957794189453125
0.0196952819824219 0.00253677368164063 -0.160842895507813 -0.0689544677734375
0.00326156616210937 0.00838851928710938 -0.0267333984375 -0.26300048828125
-0.00471258163452148 0.0086669921875 0.248748779296875 -0.264205932617188
-0.0210189819335938 -0.00486564636230468 0.42596435546875 0.1064453125
-0.0133800506591797 -0.0269107818603516 0.21441650390625 0.45880126953125
0.0234107971191406 -0.0163688659667969 -0.083526611328125 0.318023681640625
0.0298786163330078 -0.00378990173339844 0.0211353302001953 0.0200176239013672
0.0154905319213867 -0.00979232788085937 0.111328125 -0.340576171875
-0.00164604187011719 -0.0215034484863281 -0.23480224609375 -0.45684814453125
-0.0138530731201172 -0.0153932571411133 -0.467559814453125 -0.0322570800781249
-0.00826692581176758 -0.00161266326904297 -0.221038818359375 0.30853271484375
0.00175189971923828 0.00282406806945801 0.0407867431640625 0.261032104492188
0.00588321685791016 0.00915050506591797 0.171112060546875 0.0434112548828125
0.0152921676635742 0.00372409820556641 0.154083251953125 -0.10931396484375
0.0197772979736328 -0.00213813781738281 -0.134208679199219 0.095703125
0.0211219787597656 0.00251007080078125 -0.160690307617187 -0.0662841796875
0.00329113006591797 0.00993919372558594 -0.0298004150390625 -0.26080322265625
-0.00551605224609375 0.00919055938720703 0.244842529296875 -0.265274047851563
-0.02288818359375 -0.00600051879882812 0.42529296875 0.1007080078125
-0.0144729614257812 -0.030914306640625 0.219940185546875 0.45751953125
0.0256462097167969 -0.0221958160400391 -0.082550048828125 0.3231201171875
0.0352439880371094 -0.00865936279296875 0.0168972015380859 0.0245800018310547
0.0186290740966797 -0.0152473449707031 0.113250732421875 -0.33502197265625
-0.00253105163574219 -0.0254669189453125 -0.22821044921875 -0.45794677734375
-0.0164632797241211 -0.0169954299926758 -0.46588134765625 -0.03729248046875
-0.00933647155761719 -0.00113677978515625 -0.225677490234375 0.307220458984375
0.00235533714294434 0.00413393974304199 0.0373382568359375 0.263290405273438
0.00737094879150391 0.0100460052490234 0.170425415039063 0.0453948974609375
0.0174016952514648 0.00509834289550781 0.154449462890625 -0.109710693359375
0.0202960968017578 -0.00211334228515625 -0.132957458496094 0.0970916748046875
0.0212078094482422 0.00187873840332031 -0.1622314453125 -0.0628204345703125
0.00403499603271484 0.00959968566894531 -0.03485107421875 -0.258453369140625
-0.00554752349853516 0.00949192047119141 0.237152099609375 -0.268600463867188
-0.0239791870117188 -0.00564765930175782 0.427764892578125 0.091644287109375
-0.0150928497314453 -0.0332298278808594 0.2286376953125 0.456329345703125
0.0270519256591797 -0.0258960723876953 -0.079254150390625 0.330841064453125
0.0390205383300781 -0.012359619140625 0.0118179321289063 0.0319061279296875
0.0205650329589844 -0.0192012786865234 0.116180419921875 -0.327972412109375
-0.00217247009277343 -0.0275611877441406 -0.21875 -0.460723876953125
-0.0170040130615234 -0.0176544189453125 -0.466339111328125 -0.046173095703125
-0.00983619689941406 -0.000922203063964842 -0.233612060546875 0.305389404296875
0.0019679069519043 0.00430202484130859 0.032012939453125 0.2669677734375
0.00778388977050781 0.00959205627441406 0.169723510742188 0.0486602783203125
0.0181636810302734 0.00608253479003906 0.154861450195313 -0.110198974609375
-0.000807762145996092 -0.0170736312866211 -0.132308959960938 0.100074768066406
0.00881767272949219 -0.00634193420410156 -0.166397094726563 -0.0561676025390625
-0.00357651710510254 -0.00414347648620605 -0.048980712890625 -0.2559814453125
0.00569820404052734 0.00505161285400391 0.2181396484375 -0.28466796875
-0.00385713577270508 0.00735044479370117 0.42645263671875 0.05950927734375
-0.00763034820556641 0.000250816345214843 0.253936767578125 0.433746337890625
0.00854587554931641 0.0127058029174805 -0.0618896484375 0.3309326171875
0.000322341918945314 0.0209941864013672 0.013702392578125 0.0356483459472656
0.00347900390625 0.0200004577636719 0.12213134765625 -0.324371337890625
0.00794315338134766 0.00363683700561523 -0.210174560546875 -0.469024658203125
0.00527858734130859 -0.00595808029174805 -0.47271728515625 -0.06170654296875
-0.000149726867675782 -0.00704717636108398 -0.243408203125 0.29833984375
-0.00329685211181641 -0.00857639312744141 0.0245361328125 0.269744873046875
-0.00432157516479492 4.22000885009774E-05 0.166000366210938 0.051971435546875
-0.000256538391113281 -0.00822591781616211 0.15582275390625 -0.111129760742188
0.00139045715332031 -0.015049934387207 -0.133087158203125 0.0989913940429687
0.0106687545776367 -0.00480747222900391 -0.165084838867188 -0.0604248046875
-0.00275635719299316 -0.00189471244812012 -0.042266845703125 -0.260833740234375
0.00444269180297852 0.00545835494995117 0.228424072265625 -0.279541015625
-0.00711536407470703 0.00572490692138672 0.427886962890625 0.073699951171875
-0.00932216644287109 -0.00271701812744141 0.24127197265625 0.440643310546875
0.00968170166015625 0.0101661682128906 -0.066986083984375 0.32427978515625
0.00322151184082031 0.0187263488769531 0.0186195373535156 0.0282039642333984
0.00475311279296875 0.0172357559204102 0.1175537109375 -0.3333740234375
0.00675582885742188 0.000360012054443359 -0.222320556640625 -0.46533203125
0.00214767456054688 -0.00748682022094727 -0.470428466796875 -0.0491943359374999
-0.00123167037963867 -0.00636148452758789 -0.23345947265625 0.302459716796875
-0.00272989273071289 -0.00653553009033203 0.0318450927734375 0.265548706054688
-0.00264525413513184 0.00177001953125 0.167037963867188 0.0474700927734375
0.00188255310058594 -0.0070195198059082 0.15399169921875 -0.111053466796875
0.00509166717529297 -0.0125846862792969 -0.133468627929688 0.0985641479492188
0.0131607055664063 -0.00240898132324219 -0.163909912109375 -0.0635986328125
-0.000734686851501465 0.000545263290405273 -0.03631591796875 -0.263076782226563
0.00237274169921875 0.00646543502807617 0.236221313476563 -0.276260375976563
-0.0103912353515625 0.0030059814453125 0.428497314453125 0.084228515625
-0.0103664398193359 -0.00797271728515625 0.232330322265625 0.44598388671875
0.0123662948608398 0.00506114959716797 -0.071807861328125 0.31890869140625
0.00872039794921875 0.0141582489013672 0.0220775604248047 0.0221004486083984
0.00683879852294922 0.0117321014404297 0.11126708984375 -0.339599609375
0.00430440902709961 -0.00453042984008789 -0.2344970703125 -0.45965576171875
-0.00167369842529297 -0.00973701477050781 -0.470367431640625 -0.0364685058593751
-0.00339746475219727 -0.00514698028564453 -0.224395751953125 0.3065185546875
-0.00194120407104492 -0.00433230400085449 0.0390777587890625 0.262802124023438
-0.000732660293579101 0.00407004356384277 0.168975830078125 0.0439453125
0.00486135482788086 -0.00438165664672852 0.153732299804688 -0.111801147460937
0.00898361206054688 -0.00995540618896484 -0.133575439453125 0.0978851318359375
0.0155963897705078 -0.000683784484863281 -0.162734985351562 -0.06597900390625
0.000920295715332031 0.00377607345581055 -0.0323028564453125 -0.264862060546875
-0.00047159194946289 0.00728607177734375 0.242599487304688 -0.27239990234375
-0.0142555236816406 5.72204589843744E-05 0.428802490234375 0.092864990234375
-0.0115728378295898 -0.0142478942871094 0.22418212890625 0.451141357421875
0.015838623046875 -0.00194168090820312 -0.07586669921875 0.316009521484375
0.0151529312133789 0.00880241394042969 0.0240364074707031 0.0182743072509766
0.00960731506347656 0.00500679016113281 0.10748291015625 -0.343231201171875
0.00240707397460938 -0.0101346969604492 -0.24127197265625 -0.455810546875
-0.00634384155273437 -0.0113430023193359 -0.4683837890625 -0.0281982421875
-0.00521707534790039 -0.00377082824707031 -0.21807861328125 0.309173583984375
-0.00092625617980957 -0.00123727321624756 0.043212890625 0.260391235351563
0.00142765045166016 0.00651979446411133 0.169647216796875 0.04119873046875
0.00828838348388672 -0.00168943405151367 0.152557373046875 -0.112197875976563
0.0132541656494141 -0.00747203826904297 -0.134078979492188 0.0977249145507812
0.0181179046630859 0.00115585327148438 -0.162384033203125 -0.066741943359375
0.00222539901733399 0.00652313232421875 -0.0302734375 -0.26458740234375
-0.00252580642700195 0.00825309753417969 0.2457275390625 -0.269805908203125
-0.0179271697998047 -0.00296211242675781 0.42767333984375 0.09796142578125
-0.0126457214355469 -0.0211372375488281 0.220489501953125 0.454620361328125
0.0192203521728516 -0.00962448120117187 -0.078582763671875 0.315338134765625
0.0228137969970703 0.00199127197265625 0.0238475799560547 0.0173168182373047
0.0125093460083008 -0.00264358520507813 0.10577392578125 -0.343353271484375
0.000197410583496095 -0.0165500640869141 -0.24444580078125 -0.45263671875
-0.0102634429931641 -0.0135116577148438 -0.467437744140625 -0.02215576171875
-0.00706911087036133 -0.00247383117675781 -0.215850830078125 0.31097412109375
0.000348687171936035 0.000831544399261475 0.04534912109375 0.259292602539063
0.00410699844360352 0.0081019401550293 0.17083740234375 0.04046630859375
0.0124073028564453 0.000744819641113281 0.15289306640625 -0.111282348632813
0.0172414779663086 -0.00465011596679688 -0.13323974609375 0.0974502563476563
0.020172119140625 0.00185775756835938 -0.161422729492188 -0.0657958984375
0.00352382659912109 0.00836896896362305 -0.0302581787109375 -0.263015747070313
-0.00404739379882813 0.00896358489990234 0.245254516601563 -0.267623901367188
-0.0212116241455078 -0.00461769104003906 0.426361083984375 0.10028076171875
-0.013916015625 -0.0264530181884766 0.220123291015625 0.45648193359375
0.0227584838867187 -0.0169715881347656 -0.079986572265625 0.31866455078125
0.0294437408447266 -0.00426292419433594 0.0214977264404297 0.0197372436523438
0.0157833099365234 -0.0101699829101562 0.107086181640625 -0.341278076171875
-0.00167274475097656 -0.0213356018066406 -0.240936279296875 -0.452117919921875
-0.0143165588378906 -0.0151281356811523 -0.467559814453125 -0.0253906249999999
-0.00847911834716797 -0.001373291015625 -0.21710205078125 0.311187744140625
0.00119447708129883 0.00318241119384766 0.044189453125 0.2607421875
0.00615024566650391 0.00931644439697266 0.171218872070313 0.0408477783203125
0.0151853561401367 0.00323200225830078 0.151840209960938 -0.11199951171875
0.01953125 -0.00362014770507813 -0.132675170898438 0.0981521606445313
0.0210895538330078 0.00218772888183594 -0.16217041015625 -0.0631866455078125
0.00384807586669922 0.0100870132446289 -0.033447265625 -0.26007080078125
-0.00544548034667969 0.00977325439453125 0.241897583007813 -0.26806640625
-0.0235710144042969 -0.00567054748535157 0.427032470703125 0.09442138671875
-0.0151424407958984 -0.0313549041748047 0.225006103515625 0.454803466796875
0.0251083374023438 -0.0229053497314453 -0.078765869140625 0.32354736328125
0.0358428955078125 -0.00979995727539063 0.0169887542724609 0.0248279571533203
0.0182952880859375 -0.0156345367431641 0.10919189453125 -0.3353271484375
-0.00249671936035156 -0.0252819061279297 -0.233734130859375 -0.45361328125
-0.0168218612670898 -0.0163698196411133 -0.46661376953125 -0.0311889648437501
-0.00982475280761719 -0.00113105773925781 -0.220977783203125 0.310516357421875
0.00193381309509277 0.00420045852661133 0.0407562255859375 0.262802124023438
0.0077667236328125 0.00996780395507813 0.170364379882813 0.04290771484375
0.0177154541015625 0.0048065185546875 0.153182983398438 -0.111953735351563
0.0209503173828125 -0.00257110595703125 -0.131324768066406 0.099212646484375
0.0217933654785156 0.00115394592285156 -0.162994384765625 -0.059478759765625
0.00474452972412109 0.00987815856933594 -0.0386505126953125 -0.257034301757813
-0.00567054748535156 0.0100212097167969 0.233627319335938 -0.271438598632813
-0.0242118835449219 -0.00547981262207031 0.4276123046875 0.0858154296875
-0.0158748626708984 -0.033111572265625 0.236297607421875 0.452301025390625
0.0265598297119141 -0.0265674591064453 -0.075286865234375 0.330535888671875
0.0386314392089844 -0.0130577087402344 0.0120792388916016 0.0319595336914063
0.0201911926269531 -0.0188674926757813 0.111846923828125 -0.328704833984375
-0.00240707397460938 -0.0271415710449219 -0.22515869140625 -0.457763671875
-0.0172481536865234 -0.017308235168457 -0.467376708984375 -0.038787841796875
-0.00994586944580078 -0.000925064086914063 -0.228851318359375 0.308807373046875
0.00267386436462402 0.00438475608825684 0.03631591796875 0.266342163085937
0.00805759429931641 0.00942897796630859 0.169937133789063 0.0452728271484375
0.0185260772705078 0.0058746337890625 0.152725219726563 -0.111785888671875
-0.0010986328125 -0.0177097320556641 -0.13031005859375 0.101974487304688
0.00951385498046875 -0.00693893432617188 -0.1666259765625 -0.0531768798828125
-0.0038607120513916 -0.00402474403381348 -0.0526123046875 -0.255050659179688
0.00580263137817383 0.00509071350097656 0.214385986328125 -0.2867431640625
-0.00370454788208008 0.0070953369140625 0.426177978515625 0.053924560546875
-0.00795364379882812 1.90734863281074E-06 0.258514404296875 0.428741455078125
0.00855159759521485 0.0116329193115234 -0.05804443359375 0.330902099609375
0.000379562377929685 0.0206317901611328 0.0134773254394531 0.0357284545898438
0.00400161743164063 0.0199356079101563 0.117889404296875 -0.3250732421875
0.00813484191894531 0.00387763977050781 -0.215057373046875 -0.46478271484375
0.00470447540283203 -0.00590705871582031 -0.471282958984375 -0.0538330078124999
-0.000504016876220703 -0.00729084014892578 -0.23834228515625 0.3011474609375
-0.00371837615966797 -0.0080718994140625 0.0283660888671875 0.268936157226563
-0.00398898124694824 6.10351562500005E-05 0.166046142578125 0.0491943359375
-0.000620841979980469 -0.00828886032104492 0.153778076171875 -0.112808227539063
0.00107288360595703 -0.0158462524414063 -0.131401062011719 0.100990295410156
0.0108308792114258 -0.00476551055908203 -0.165908813476563 -0.0572662353515625
-0.00256848335266113 -0.00174593925476074 -0.045501708984375 -0.259262084960938
0.00458002090454101 0.006072998046875 0.224212646484375 -0.282623291015625
-0.00665807723999024 0.00547122955322265 0.427734375 0.067626953125
-0.00899600982666015 -0.00295829772949219 0.2469482421875 0.4365234375
0.00955772399902344 0.00889205932617188 -0.0626220703125 0.323760986328125
0.00326156616210938 0.0183429718017578 0.0186271667480469 0.0280113220214844
0.0054168701171875 0.0172109603881836 0.113006591796875 -0.33251953125
0.00684595108032227 0.000695705413818359 -0.227508544921875 -0.461334228515625
0.00211858749389648 -0.00749874114990234 -0.47186279296875 -0.043426513671875
-0.00173282623291016 -0.00612831115722656 -0.2291259765625 0.304931640625
-0.00319337844848633 -0.00613689422607422 0.0360260009765625 0.26483154296875
-0.00291037559509277 0.00180673599243164 0.167160034179687 0.045166015625
0.00164365768432617 -0.00679779052734375 0.151748657226563 -0.113571166992188
0.00466728210449219 -0.0133752822875977 -0.132072448730469 0.100502014160156
0.0131292343139648 -0.00284576416015625 -0.164505004882813 -0.06085205078125
-0.000788569450378418 0.00100255012512207 -0.040130615234375 -0.261642456054688
0.00232696533203125 0.00657463073730469 0.232254028320313 -0.278778076171875
-0.0107126235961914 0.00315093994140625 0.427520751953125 0.07794189453125
-0.0106010437011719 -0.00804710388183594 0.23675537109375 0.442138671875
0.0119638442993164 0.00438880920410156 -0.068878173828125 0.31878662109375
0.00863933563232422 0.014216423034668 0.0217723846435547 0.0219364166259766
0.00744533538818359 0.0121641159057617 0.10748291015625 -0.339019775390625
0.00441074371337891 -0.0044713020324707 -0.23895263671875 -0.45556640625
-0.00165176391601563 -0.00933170318603516 -0.469879150390625 -0.030120849609375
-0.00331687927246094 -0.00516891479492188 -0.2198486328125 0.308868408203125
-0.00220704078674316 -0.00419712066650391 0.0423431396484375 0.26171875
-0.000614166259765625 0.0040276050567627 0.169113159179688 0.0419921875
0.00464630126953125 -0.00490808486938477 0.151504516601563 -0.11334228515625
0.00866889953613281 -0.0104484558105469 -0.132293701171875 0.100051879882813
0.0163612365722656 -0.00147342681884766 -0.163238525390625 -0.063262939453125
0.000971794128417969 0.00413894653320313 -0.0360870361328125 -0.263137817382813
0.000277042388916016 0.00757455825805664 0.238983154296875 -0.27447509765625
-0.0146207809448242 0.000331878662109378 0.429168701171875 0.087615966796875
-0.0119810104370117 -0.0138015747070313 0.22943115234375 0.446868896484375
0.015620231628418 -0.00255966186523438 -0.071807861328125 0.316070556640625
0.0153188705444336 0.00845146179199219 0.0237102508544922 0.0182209014892578
0.00989437103271484 0.00486660003662109 0.10333251953125 -0.3426513671875
0.00236129760742187 -0.0101785659790039 -0.24603271484375 -0.45196533203125
-0.0060882568359375 -0.0114870071411133 -0.46795654296875 -0.0220947265624999
-0.00520181655883789 -0.00355815887451172 -0.212890625 0.311370849609375
-0.00121808052062988 -0.00147008895874023 0.0465850830078125 0.259170532226563
0.00215911865234375 0.00609350204467773 0.170089721679688 0.0381927490234375
0.00795555114746094 -0.00196933746337891 0.150741577148437 -0.11407470703125
0.0134143829345703 -0.00806903839111328 -0.132789611816406 0.0992202758789062
0.0183219909667969 0.00042724609375 -0.1630859375 -0.0637359619140625
0.00264263153076172 0.00675392150878906 -0.033721923828125 -0.263275146484375
-0.00232648849487305 0.0087738037109375 0.242279052734375 -0.272476196289063
-0.0183544158935547 -0.00250434875488282 0.4287109375 0.092315673828125
-0.0127048492431641 -0.0205726623535156 0.22589111328125 0.44970703125
0.0190811157226563 -0.0100154876708984 -0.07464599609375 0.3155517578125
0.022491455078125 0.00158309936523438 0.0232830047607422 0.0177879333496094
0.0127544403076172 -0.00318241119384766 0.101043701171875 -0.34283447265625
-0.000430107116699219 -0.0157327651977539 -0.24993896484375 -0.44671630859375
-0.0112333297729492 -0.0135507583618164 -0.4664306640625 -0.0170288085937499
-0.00716352462768555 -0.00249862670898437 -0.210845947265625 0.31396484375
0.000178396701812744 0.00109314918518066 0.048675537109375 0.258621215820313
0.00439548492431641 0.00805568695068359 0.170623779296875 0.0379486083984375
0.0120658874511719 1.04904174804688E-05 0.15057373046875 -0.113204956054687
0.0169878005981445 -0.00555706024169922 -0.131683349609375 0.0995635986328125
0.0204029083251953 0.00116920471191406 -0.162841796875 -0.063018798828125
0.00388574600219726 0.00872182846069336 -0.033447265625 -0.26171875
-0.00413322448730469 0.0093374252319336 0.242019653320313 -0.2701416015625
-0.0216407775878906 -0.00483512878417968 0.42816162109375 0.093505859375
-0.0139255523681641 -0.026763916015625 0.22552490234375 0.452239990234375
0.0224685668945312 -0.0175838470458984 -0.07623291015625 0.317718505859375
0.0296001434326172 -0.00489234924316406 0.021087646484375 0.0201663970947266
0.0159435272216797 -0.0101308822631836 0.102203369140625 -0.34124755859375
-0.00182914733886719 -0.0209465026855469 -0.2454833984375 -0.44732666015625
-0.0145807266235352 -0.0150089263916016 -0.466827392578125 -0.0196838378906251
-0.00885295867919922 -0.00168418884277344 -0.21185302734375 0.3138427734375
0.00141525268554687 0.00331354141235352 0.0475616455078125 0.259368896484375
0.00608730316162109 0.00971317291259766 0.17083740234375 0.0384979248046875
0.0155515670776367 0.00290775299072266 0.149978637695313 -0.113723754882813
0.0188827514648438 -0.00394630432128906 -0.13092041015625 0.0996170043945313
0.0214252471923828 0.00162315368652344 -0.16314697265625 -0.05987548828125
0.00479888916015625 0.00975513458251953 -0.037078857421875 -0.258712768554688
-0.00529575347900391 0.009918212890625 0.237625122070313 -0.270645141601563
-0.0235023498535156 -0.00540924072265625 0.42822265625 0.088775634765625
-0.0149669647216797 -0.0310039520263672 0.229644775390625 0.45135498046875
0.0245285034179688 -0.0234203338623047 -0.07513427734375 0.32269287109375
0.0352439880371094 -0.009918212890625 0.0168628692626953 0.0253734588623047
0.0182094573974609 -0.0156822204589844 0.1043701171875 -0.335174560546875
-0.00258445739746094 -0.0245838165283203 -0.239837646484375 -0.448974609375
-0.0170974731445313 -0.0163850784301758 -0.466827392578125 -0.0259704589843751
-0.00985050201416016 -0.000840187072753905 -0.21661376953125 0.3121337890625
0.00258874893188477 0.00404167175292969 0.04412841796875 0.261672973632812
0.0078277587890625 0.0100631713867188 0.170318603515625 0.0401763916015625
0.0178184509277344 0.00465202331542969 0.1510009765625 -0.114242553710938
0.0203361511230469 -0.00385665893554688 -0.129730224609375 0.100700378417969
0.0213565826416016 0.00064849853515625 -0.164016723632813 -0.056640625
0.0046539306640625 0.009613037109375 -0.041900634765625 -0.256271362304688
-0.00534915924072266 0.0101652145385742 0.230331420898437 -0.273849487304688
-0.0240001678466797 -0.00506210327148438 0.429107666015625 0.079864501953125
-0.0163993835449219 -0.0327091217041016 0.240509033203125 0.447906494140625
0.0257015228271484 -0.0275135040283203 -0.071746826171875 0.330474853515625
0.0383644104003906 -0.0134696960449219 0.0120563507080078 0.0319309234619141
0.0200901031494141 -0.0193157196044922 0.107635498046875 -0.328399658203125
-0.00264739990234375 -0.0266494750976562 -0.23016357421875 -0.4515380859375
-0.0179996490478516 -0.0167808532714844 -0.46783447265625 -0.034332275390625
-0.00995922088623047 -0.000707626342773436 -0.223876953125 0.311553955078125
0.0021820068359375 0.00434494018554688 0.0394439697265625 0.265609741210938
0.00837612152099609 0.00929069519042969 0.169754028320313 0.0431671142578125
0.0189247131347656 0.00533485412597656 0.151107788085937 -0.114028930664063
-0.00151252746582031 -0.0182113647460938 -0.129081726074219 0.103713989257813
0.00907993316650391 -0.00741004943847656 -0.167236328125 -0.0500335693359375
-0.00327277183532715 -0.00359702110290527 -0.055511474609375 -0.253677368164063
0.00593042373657227 0.00515604019165039 0.21002197265625 -0.28814697265625
-0.0039973258972168 0.0073390007019043 0.425628662109375 0.0482177734375
-0.00792407989501953 -0.000279903411865233 0.263427734375 0.42401123046875
0.008270263671875 0.0108442306518555 -0.054290771484375 0.329925537109375
0.000720977783203124 0.0200538635253906 0.0138740539550781 0.0355758666992187
0.00437355041503906 0.0198650360107422 0.114044189453125 -0.324493408203125
0.0077972412109375 0.00402069091796875 -0.219146728515625 -0.46014404296875
0.00470685958862305 -0.00596475601196289 -0.4710693359375 -0.048675537109375
-0.000483036041259766 -0.00706338882446289 -0.2340087890625 0.30401611328125
-0.00385475158691406 -0.0083003044128418 0.0312347412109375 0.267898559570313
-0.00409936904907227 0.000136613845825196 0.165802001953125 0.04669189453125
-0.000712871551513671 -0.00858354568481445 0.151535034179688 -0.114059448242188
0.000918388366699221 -0.0161294937133789 -0.129348754882813 0.101959228515625
0.0113105773925781 -0.00569725036621094 -0.16632080078125 -0.0545501708984375
-0.00232052803039551 -0.00147819519042969 -0.0487518310546875 -0.257583618164063
0.00497770309448242 0.00574016571044922 0.22088623046875 -0.284423828125
-0.00680875778198242 0.00529193878173828 0.427581787109375 0.061920166015625
-0.00928592681884766 -0.00276470184326172 0.250732421875 0.431060791015625
0.00951194763183594 0.00896644592285156 -0.060760498046875 0.323333740234375
0.00372695922851562 0.0177860260009766 0.0180168151855469 0.0279178619384766
0.00542163848876953 0.0170354843139648 0.108642578125 -0.3326416015625
0.00722694396972656 0.00105905532836914 -0.231689453125 -0.4571533203125
0.00237607955932617 -0.00721406936645508 -0.46966552734375 -0.036865234375
-0.00176477432250977 -0.00664615631103516 -0.22515869140625 0.307861328125
-0.00323867797851563 -0.00653314590454102 0.0379486083984375 0.264129638671875
-0.00239324569702148 0.00175714492797852 0.166885375976563 0.0428314208984375
0.00119972229003906 -0.00694370269775391 0.149765014648438 -0.114898681640625
0.00439834594726563 -0.0139226913452148 -0.130592346191406 0.101661682128906
0.0136709213256836 -0.00357913970947266 -0.164901733398438 -0.057464599609375
-0.000190973281860352 0.00143671035766602 -0.0433197021484375 -0.25970458984375
0.00280189514160156 0.00690746307373047 0.229095458984375 -0.279922485351563
-0.0104522705078125 0.00342082977294922 0.4271240234375 0.071533203125
-0.0103540420532227 -0.00786018371582031 0.2427978515625 0.436431884765625
0.0118331909179688 0.00372982025146484 -0.065216064453125 0.3177490234375
0.00854015350341797 0.0134477615356445 0.0217075347900391 0.0216217041015625
0.00734519958496094 0.0117731094360352 0.102783203125 -0.33880615234375
0.00477027893066406 -0.00438737869262695 -0.243621826171875 -0.45001220703125
-0.00164031982421875 -0.00924777984619141 -0.46807861328125 -0.02349853515625
-0.00336170196533203 -0.00548696517944336 -0.215423583984375 0.31121826171875
-0.00249099731445313 -0.00378060340881348 0.0449981689453125 0.26068115234375
-0.000219106674194336 0.00402545928955078 0.168701171875 0.0391082763671875
0.00445222854614258 -0.0045170783996582 0.149673461914062 -0.115341186523437
0.00836944580078125 -0.01129150390625 -0.130447387695312 0.100982666015625
0.0160455703735352 -0.00202083587646484 -0.164291381835938 -0.0598907470703125
0.00125002861022949 0.0041344165802002 -0.0388946533203125 -0.261489868164063
0.000132083892822266 0.00821828842163086 0.234420776367188 -0.27703857421875
-0.0145940780639648 0.000454902648925783 0.42767333984375 0.081451416015625
-0.0117053985595703 -0.0142049789428711 0.2332763671875 0.442596435546875
0.0150060653686523 -0.00316429138183594 -0.069183349609375 0.315460205078125
0.0148477554321289 0.00775432586669922 0.0234298706054688 0.0182914733886719
0.0100460052490234 0.00455951690673828 0.098876953125 -0.34234619140625
0.00230026245117188 -0.00973129272460938 -0.250640869140625 -0.446929931640625
-0.0066680908203125 -0.0108108520507813 -0.467987060546875 -0.016204833984375
-0.00558376312255859 -0.00340127944946289 -0.2086181640625 0.313079833984375
-0.00115740299224853 -0.00125598907470703 0.049468994140625 0.258193969726562
0.00218725204467773 0.00628900527954102 0.169586181640625 0.0364227294921875
0.00808048248291016 -0.00256538391113281 0.148422241210938 -0.115249633789062
0.0130739212036133 -0.00896072387695313 -0.131370544433594 0.100738525390625
0.0185928344726563 -0.000295639038085938 -0.163619995117188 -0.060546875
0.00301647186279297 0.00690746307373047 -0.037017822265625 -0.262344360351563
-0.0023956298828125 0.00902843475341797 0.23870849609375 -0.274368286132812
-0.0179309844970703 -0.0023193359375 0.42877197265625 0.0865478515625
-0.0130271911621094 -0.0201301574707031 0.230560302734375 0.446136474609375
0.0179252624511719 -0.0107078552246094 -0.071990966796875 0.314117431640625
0.0226364135742187 0.00129318237304687 0.0232925415039063 0.0174198150634766
0.012516975402832 -0.00294685363769531 0.09686279296875 -0.34222412109375
-0.000221252441406251 -0.0155525207519531 -0.2525634765625 -0.441619873046875
-0.0110330581665039 -0.0131006240844727 -0.4649658203125 -0.0118408203124999
-0.00722694396972656 -0.00212907791137695 -0.2060546875 0.31494140625
-2.05039978027345E-05 0.00135469436645508 0.05181884765625 0.256668090820313
0.0044713020324707 0.00774574279785156 0.170333862304688 0.0350494384765625
0.0121688842773438 -9.25064086914063E-05 0.148818969726563 -0.115127563476563
0.0165519714355469 -0.00586700439453125 -0.130096435546875 0.100822448730469
0.0204963684082031 0.000417709350585938 -0.162918090820312 -0.059295654296875
0.00397586822509766 0.00900173187255859 -0.0366973876953125 -0.260009765625
-0.00393486022949219 0.00948238372802734 0.237457275390625 -0.272064208984375
-0.0214443206787109 -0.00416946411132813 0.426513671875 0.0875244140625
-0.0143070220947266 -0.0267162322998047 0.22943115234375 0.4468994140625
0.0219440460205078 -0.0179424285888672 -0.072235107421875 0.31732177734375
0.02899169921875 -0.00533866882324219 0.0209484100341797 0.0202293395996094
0.0153512954711914 -0.0101633071899414 0.09796142578125 -0.340118408203125
-0.00221633911132813 -0.0206012725830078 -0.24981689453125 -0.442962646484375
-0.014796257019043 -0.0144557952880859 -0.46661376953125 -0.0122375488281249
-0.00848484039306641 -0.00130271911621094 -0.207672119140625 0.315673828125
0.00106358528137207 0.00326991081237793 0.0503692626953125 0.258193969726562
0.00654697418212891 0.00925827026367188 0.170547485351563 0.035980224609375
0.0153064727783203 0.00220012664794922 0.147491455078125 -0.115127563476563
0.0190086364746094 -0.00472640991210938 -0.129653930664063 0.101585388183594
0.0216312408447266 0.00108718872070313 -0.163055419921875 -0.0573272705078125
0.00473308563232422 0.00975990295410156 -0.0402679443359375 -0.25775146484375
-0.00513076782226562 0.0102567672729492 0.234039306640625 -0.272659301757813
-0.0237636566162109 -0.00549888610839844 0.42706298828125 0.084259033203125
-0.0154018402099609 -0.0310726165771484 0.235198974609375 0.444915771484375
0.0239944458007812 -0.0242366790771484 -0.071746826171875 0.321868896484375
0.0347175598144531 -0.0108413696289063 0.0169773101806641 0.0251560211181641
0.0180530548095703 -0.0157890319824219 0.10028076171875 -0.33392333984375
-0.00282478332519532 -0.0242938995361328 -0.243499755859375 -0.445068359375
-0.0171260833740234 -0.0157413482666016 -0.464935302734375 -0.018341064453125
-0.0100183486938477 -0.000902175903320313 -0.212432861328125 0.314910888671875
0.00210285186767578 0.00458955764770508 0.0474853515625 0.260406494140625
0.00823974609375 0.00984096527099609 0.170486450195313 0.0378875732421875
0.0177478790283203 0.00408935546875 0.14886474609375 -0.11627197265625
0.0203037261962891 -0.00460433959960937 -0.128341674804688 0.10223388671875
0.0217437744140625 -2.86102294921875E-05 -0.164077758789063 -0.053497314453125
0.00541877746582031 0.00990772247314453 -0.0449066162109375 -0.254302978515625
-0.00494098663330078 0.0105762481689453 0.226409912109375 -0.2757568359375
-0.0243492126464844 -0.00512313842773438 0.428314208984375 0.073394775390625
-0.0163059234619141 -0.0327949523925781 0.244720458984375 0.44244384765625
0.0248908996582031 -0.0278911590576172 -0.0679931640625 0.32958984375
0.0381202697753906 -0.014007568359375 0.0121955871582031 0.0322589874267578
0.0199432373046875 -0.0193939208984375 0.10284423828125 -0.32818603515625
-0.00304412841796875 -0.0262870788574219 -0.23492431640625 -0.449127197265625
-0.0182723999023438 -0.0166835784912109 -0.465789794921875 -0.0279235839843749
-0.0104341506958008 -0.00106239318847656 -0.219024658203125 0.3138427734375
0.00215530395507813 0.00484704971313477 0.042388916015625 0.264190673828125
0.00876617431640625 0.00954532623291015 0.16973876953125 0.0408477783203125
0.0188026428222656 0.00489234924316406 0.149002075195313 -0.1156005859375
-0.00179100036621094 -0.0184364318847656 -0.126686096191406 0.1044921875
0.00935554504394531 -0.00787067413330078 -0.16705322265625 -0.0468292236328125
-0.00305914878845215 -0.00304746627807617 -0.0579833984375 -0.252044677734375
0.00656366348266601 0.0053868293762207 0.2060546875 -0.289886474609375
-0.00403451919555664 0.0070490837097168 0.424591064453125 0.042236328125
-0.00780963897705078 0.000235557556152343 0.266937255859375 0.417449951171875
0.00803756713867188 0.010798454284668 -0.051422119140625 0.327392578125
0.00101852416992188 0.0200099945068359 0.0136528015136719 0.0352783203125
0.00461769104003906 0.0201034545898438 0.109893798828125 -0.323455810546875
0.00851345062255859 0.00442361831665039 -0.223602294921875 -0.454864501953125
0.00435876846313477 -0.00567245483398438 -0.468902587890625 -0.0437622070312499
-0.00073862075805664 -0.00706052780151367 -0.229034423828125 0.30517578125
-0.0036783218383789 -0.00798273086547852 0.0344696044921875 0.266403198242188
-0.00411605834960938 0.000241756439208984 0.165328979492188 0.04498291015625
-0.000843048095703125 -0.0087580680847168 0.149444580078125 -0.115753173828125
0.000426292419433593 -0.0166635513305664 -0.127365112304688 0.103523254394531
0.0110330581665039 -0.00652980804443359 -0.165924072265625 -0.0514678955078125
-0.00194454193115234 -0.00119054317474365 -0.0514984130859375 -0.255447387695313
0.00475263595581055 0.00631475448608398 0.217041015625 -0.284942626953125
-0.00672149658203125 0.00506448745727539 0.4256591796875 0.058685302734375
-0.009124755859375 -0.00309944152832031 0.254913330078125 0.42584228515625
0.0090341567993164 0.00797367095947266 -0.05682373046875 0.3212890625
0.00342750549316406 0.0176410675048828 0.0178489685058594 0.0283432006835938
0.00570011138916015 0.0169754028320313 0.1048583984375 -0.331085205078125
0.00716304779052734 0.00103616714477539 -0.236663818359375 -0.45098876953125
0.00203132629394531 -0.00757646560668945 -0.466552734375 -0.0310668945312499
-0.00192785263061523 -0.00631046295166016 -0.219879150390625 0.308624267578125
-0.00319194793701172 -0.00602197647094727 0.040679931640625 0.262741088867188
-0.00234913825988769 0.00185990333557129 0.16644287109375 0.040313720703125
0.00123977661132813 -0.00736904144287109 0.148239135742187 -0.115997314453125
0.00424289703369141 -0.0146045684814453 -0.128837585449219 0.102630615234375
0.0129776000976563 -0.00402259826660156 -0.164810180664063 -0.0543365478515625
0.000199317932128906 0.00144684314727783 -0.0456695556640625 -0.25811767578125
0.00304794311523437 0.00726556777954101 0.22509765625 -0.281341552734375
-0.0105361938476563 0.00288009643554688 0.426361083984375 0.067230224609375
-0.0105609893798828 -0.00775051116943359 0.245208740234375 0.430633544921875
0.0113487243652344 0.00320148468017578 -0.061798095703125 0.315582275390625
0.00837326049804688 0.0132455825805664 0.0214061737060547 0.0220050811767578
0.00758838653564453 0.011652946472168 0.09814453125 -0.33721923828125
0.00470876693725586 -0.00363683700561523 -0.24700927734375 -0.445892333984375
-0.00197219848632813 -0.00916385650634765 -0.465850830078125 -0.0178833007812499
-0.00364255905151367 -0.00515842437744141 -0.2105712890625 0.311737060546875
-0.00228667259216309 -0.00353622436523438 0.0479583740234375 0.258926391601563
-0.000302791595458984 0.00409269332885742 0.167678833007813 0.0366668701171875
0.00396871566772461 -0.00513839721679688 0.147140502929688 -0.116500854492188
0.00830936431884766 -0.0118179321289062 -0.128822326660156 0.102653503417969
0.015772819519043 -0.00222015380859375 -0.163864135742188 -0.056732177734375
0.00193691253662109 0.00415921211242676 -0.0419464111328125 -0.259506225585938
0.000409603118896484 0.00811338424682617 0.231216430664063 -0.27789306640625
-0.0140790939331055 0.00057792663574219 0.427642822265625 0.076507568359375
-0.0119514465332031 -0.0135374069213867 0.237884521484375 0.43707275390625
0.0147485733032227 -0.00362491607666016 -0.065582275390625 0.31396484375
0.0152158737182617 0.00747871398925781 0.0230388641357422 0.0185089111328125
0.0101041793823242 0.00453376770019531 0.0943603515625 -0.34075927734375
0.00211906433105469 -0.00919055938720703 -0.253265380859375 -0.442169189453125
-0.00716400146484375 -0.0111188888549805 -0.463775634765625 -0.0106201171874999
-0.00557565689086914 -0.00374317169189453 -0.2039794921875 0.31463623046875
-0.00159740447998047 -0.000970244407653809 0.05194091796875 0.256698608398438
0.00226402282714844 0.0060887336730957 0.1689453125 0.0342864990234375
0.00848960876464844 -0.00245094299316406 0.146224975585938 -0.116439819335937
0.0126533508300781 -0.00923347473144531 -0.129783630371094 0.102516174316406
0.0181713104248047 -0.00121116638183594 -0.16339111328125 -0.057586669921875
0.00351428985595703 0.00718593597412109 -0.0391845703125 -0.2598876953125
-0.00176620483398438 0.00920867919921875 0.234039306640625 -0.275772094726563
-0.0185337066650391 -0.00204849243164062 0.427032470703125 0.080841064453125
-0.0129451751708984 -0.0207042694091797 0.23248291015625 0.44073486328125
0.0179367065429688 -0.0112705230712891 -0.068023681640625 0.31231689453125
0.0221366882324219 0.000989913940429688 0.0227165222167969 0.0176773071289062
0.0126962661743164 -0.00318241119384766 0.09246826171875 -0.3397216796875
-0.000187873840332033 -0.0154857635498047 -0.25592041015625 -0.4375
-0.0114574432373047 -0.0124034881591797 -0.4637451171875 -0.00643920898437502
-0.00762510299682617 -0.00203132629394531 -0.2015380859375 0.316314697265625
6.85453414916993E-05 0.00129258632659912 0.0547027587890625 0.255691528320312
0.00460672378540039 0.00788307189941406 0.170013427734375 0.0332794189453125
0.0120620727539063 -0.000255584716796875 0.146652221679688 -0.116256713867188
0.015904426574707 -0.00723552703857422 -0.128501892089844 0.10211181640625
0.0205421447753906 -0.0005645751953125 -0.162841796875 -0.056549072265625
0.00456142425537109 0.009063720703125 -0.040191650390625 -0.258392333984375
-0.00348663330078125 0.0100183486938477 0.233718872070312 -0.273651123046875
-0.0215167999267578 -0.00425338745117187 0.42724609375 0.082550048828125
-0.014862060546875 -0.0261669158935547 0.233673095703125 0.44232177734375
0.0214328765869141 -0.0184860229492188 -0.069488525390625 0.316558837890625
0.0287685394287109 -0.00610733032226563 0.0207729339599609 0.0202751159667969
0.0154399871826172 -0.010441780090332 0.093994140625 -0.33892822265625
-0.00201797485351563 -0.0202102661132813 -0.253021240234375 -0.438751220703125
-0.015472412109375 -0.0145969390869141 -0.46282958984375 -0.00735473632812497
-0.00862789154052734 -0.00120782852172852 -0.2027587890625 0.316802978515625
0.00153684616088867 0.00377440452575684 0.0524444580078125 0.25634765625
0.00673866271972656 0.00921821594238281 0.170257568359375 0.0337982177734375
0.0151538848876953 0.00182056427001953 0.145767211914063 -0.116470336914062
0.0190181732177734 -0.00602531433105469 -0.127586364746094 0.102340698242187
0.0212345123291016 -7.43865966796875E-05 -0.1630859375 -0.0540618896484375
0.00542736053466797 0.00991439819335937 -0.0426025390625 -0.25543212890625
-0.00495529174804687 0.0105218887329102 0.229537963867187 -0.274444580078125
-0.0235996246337891 -0.00499725341796875 0.425445556640625 0.078582763671875
-0.0157222747802734 -0.0304775238037109 0.23931884765625 0.441131591796875
0.0233840942382813 -0.0245285034179688 -0.068206787109375 0.3209228515625
0.0338459014892578 -0.0110416412353516 0.0166740417480469 0.02508544921875
0.0176963806152344 -0.015960693359375 0.0965576171875 -0.3328857421875
-0.00281906127929687 -0.0242919921875 -0.246551513671875 -0.43988037109375
-0.0174837112426758 -0.0156679153442383 -0.463226318359375 -0.014068603515625
-0.0101041793823242 -0.000522613525390623 -0.20745849609375 0.31573486328125
0.00255155563354492 0.00443315505981445 0.050323486328125 0.259323120117188
0.00804424285888672 0.00955963134765625 0.169418334960937 0.035430908203125
0.0175046920776367 0.00384044647216797 0.146377563476563 -0.116744995117188
0.0197582244873047 -0.00556373596191406 -0.126274108886719 0.103919982910156
0.0216484069824219 -0.00063323974609375 -0.163803100585938 -0.0503692626953125
0.00587654113769531 0.00994777679443359 -0.0481719970703125 -0.252838134765625
-0.00453662872314453 0.0108060836791992 0.22216796875 -0.277008056640625
-0.024871826171875 -0.00487518310546875 0.42620849609375 0.068878173828125
-0.0169105529785156 -0.0323619842529297 0.248260498046875 0.43804931640625
0.0244007110595703 -0.0280647277832031 -0.064208984375 0.327850341796875
0.037078857421875 -0.0147819519042969 0.0122795104980469 0.0320549011230469
0.0199012756347656 -0.0193233489990234 0.099517822265625 -0.3267822265625
-0.00261878967285156 -0.0258865356445313 -0.23779296875 -0.444244384765625
-0.0180511474609375 -0.0161647796630859 -0.464691162109375 -0.021820068359375
-0.0102176666259766 -0.000682830810546877 -0.214935302734375 0.31475830078125
0.0021662712097168 0.00469970703125 0.0456695556640625 0.262847900390625
0.00874996185302734 0.00931739807128906 0.16888427734375 0.03857421875
0.0183296203613281 0.00472640991210938 0.14654541015625 -0.116806030273438
-0.00222587585449219 -0.0185623168945313 -0.125289916992187 0.105278015136719
0.00928497314453125 -0.00837802886962891 -0.166824340820313 -0.04412841796875
-0.00287723541259766 -0.00299453735351563 -0.060302734375 -0.249114990234375
0.00622653961181641 0.00573825836181641 0.202117919921875 -0.290435791015625
-0.00412654876708984 0.00715827941894531 0.42193603515625 0.038848876953125
-0.00841426849365234 -4.76837158203115E-06 0.268585205078125 0.412994384765625
0.00770282745361328 0.0105409622192383 -0.04827880859375 0.3258056640625
0.00134658813476563 0.01947021484375 0.0136604309082031 0.0359420776367187
0.00450325012207031 0.0196571350097656 0.106170654296875 -0.321197509765625
0.00848197937011719 0.0045318603515625 -0.225860595703125 -0.45068359375
0.00454044342041016 -0.00594043731689453 -0.465240478515625 -0.0387268066406249
-0.000719547271728516 -0.00710725784301758 -0.224853515625 0.30633544921875
-0.00421428680419922 -0.00756931304931641 0.036865234375 0.264419555664063
-0.00380563735961914 0.000255346298217774 0.164718627929688 0.0428009033203125
-0.00154876708984375 -0.00855064392089844 0.1473388671875 -0.116867065429688
-4.48226928710954E-05 -0.0171966552734375 -0.126129150390625 0.104293823242188
0.0110158920288086 -0.00693416595458984 -0.16583251953125 -0.0484619140625
-0.00159716606140137 -0.00124263763427734 -0.053680419921875 -0.2530517578125
0.00486278533935547 0.00612163543701172 0.21282958984375 -0.286041259765625
-0.00676679611206055 0.00530147552490234 0.423980712890625 0.05352783203125
-0.00902938842773437 -0.00310420989990234 0.257171630859375 0.421539306640625
0.00871753692626953 0.00766992568969727 -0.05377197265625 0.31964111328125
0.00383567810058594 0.0173482894897461 0.0179119110107422 0.0281162261962891
0.0059518814086914 0.0166835784912109 0.1005859375 -0.32928466796875
0.0072479248046875 0.00113105773925781 -0.2376708984375 -0.445709228515625
0.00136661529541016 -0.00769853591918945 -0.4649658203125 -0.027130126953125
-0.00214433670043945 -0.00656652450561523 -0.21600341796875 0.3092041015625
-0.00319337844848633 -0.00568342208862305 0.04327392578125 0.260589599609375
-0.00223660469055176 0.00165677070617676 0.16552734375 0.038848876953125
0.000978946685791016 -0.00708532333374024 0.145309448242187 -0.116958618164062
0.00325965881347656 -0.0148086547851562 -0.126564025878906 0.103767395019531
0.0135345458984375 -0.00466251373291016 -0.16436767578125 -0.051788330078125
0.000115871429443359 0.00136137008666992 -0.048553466796875 -0.25604248046875
0.00325393676757812 0.00748348236083984 0.220794677734375 -0.28271484375
-0.01043701171875 0.00289249420166016 0.424591064453125 0.061187744140625
-0.0103244781494141 -0.00796127319335937 0.246856689453125 0.427154541015625
0.0110483169555664 0.00283145904541016 -0.058563232421875 0.3143310546875
0.00856399536132813 0.0131359100341797 0.0214023590087891 0.0220661163330078
0.00766944885253906 0.0113306045532227 0.09466552734375 -0.33489990234375
0.00474405288696289 -0.00355386734008789 -0.248321533203125 -0.439727783203125
-0.0023508071899414 -0.00910758972167969 -0.4627685546875 -0.0125122070312501
-0.00388956069946289 -0.00522232055664062 -0.206451416015625 0.312530517578125
-0.00240540504455566 -0.00338816642761231 0.050628662109375 0.257354736328125
0.00029444694519043 0.00388026237487793 0.167617797851563 0.034942626953125
0.00460195541381836 -0.0053410530090332 0.145355224609375 -0.117294311523438
0.00792121887207031 -0.0123138427734375 -0.1265869140625 0.103500366210937
0.0157890319824219 -0.00370883941650391 -0.163406372070313 -0.053680419921875
0.00216484069824219 0.00452280044555664 -0.0446319580078125 -0.258071899414063
0.000739097595214844 0.00861644744873047 0.22723388671875 -0.27911376953125
-0.0146036148071289 0.000363349914550779 0.4254150390625 0.0712890625
-0.0119314193725586 -0.013941764831543 0.241302490234375 0.431304931640625
0.0138731002807617 -0.00374221801757813 -0.063018798828125 0.3118896484375
0.0148077011108398 0.00679111480712891 0.0225315093994141 0.0185012817382812
0.0101690292358398 0.00442695617675781 0.090545654296875 -0.338623046875
0.00245857238769531 -0.00913619995117188 -0.25469970703125 -0.436370849609375
-0.00723361968994141 -0.0105772018432617 -0.46148681640625 -0.00512695312499995
-0.00540399551391602 -0.00371026992797852 -0.1998291015625 0.314788818359375
-0.00161218643188477 -0.000691890716552734 0.05413818359375 0.255416870117188
0.00228357315063477 0.00624370574951172 0.168014526367188 0.0317535400390625
0.00799894332885742 -0.00265836715698242 0.14404296875 -0.117279052734375
0.012476921081543 -0.00969791412353516 -0.127304077148438 0.102767944335938
0.0183601379394531 -0.00182533264160156 -0.16326904296875 -0.054931640625
0.00370931625366211 0.00702333450317383 -0.0418853759765625 -0.25799560546875
-0.00141811370849609 0.00941658020019531 0.230819702148437 -0.275985717773437
-0.0185317993164063 -0.00255966186523437 0.425384521484375 0.07733154296875
-0.0132827758789062 -0.0202388763427734 0.236358642578125 0.434478759765625
0.0175800323486328 -0.0116519927978516 -0.065643310546875 0.3114013671875
0.0218296051025391 0.000310897827148438 0.0223369598388672 0.0177497863769531
0.0126886367797852 -0.0036163330078125 0.088836669921875 -0.338287353515625
4.48226928710921E-05 -0.0150117874145508 -0.258392333984375 -0.43218994140625
-0.0117397308349609 -0.0123386383056641 -0.461090087890625 -0.00192260742187492
-0.00766515731811523 -0.00206708908081055 -0.197540283203125 0.31634521484375
1.64508819580077E-05 0.00165581703186035 0.0568084716796875 0.253890991210938
0.00518941879272461 0.00800132751464844 0.168853759765625 0.0309906005859375
0.01214599609375 -3.33786010742188E-05 0.144668579101563 -0.117477416992188
0.0160045623779297 -0.00789260864257813 -0.126136779785156 0.103195190429688
0.01995849609375 -0.00084686279296875 -0.1622314453125 -0.053741455078125
0.004974365234375 0.00915622711181641 -0.0421905517578125 -0.25592041015625
-0.0034332275390625 0.0103092193603516 0.229873657226563 -0.27484130859375
-0.0216331481933594 -0.00408744812011719 0.42327880859375 0.07806396484375
-0.0147838592529297 -0.0261917114257813 0.23565673828125 0.436126708984375
0.0209121704101563 -0.019256591796875 -0.0665283203125 0.31463623046875
0.0286617279052734 -0.00596809387207031 0.0200862884521484 0.0203208923339844
0.0153322219848633 -0.0104875564575195 0.08984375 -0.33642578125
-0.00152206420898438 -0.0199031829833984 -0.25506591796875 -0.432647705078125
-0.0152997970581055 -0.0137186050415039 -0.460418701171875 -0.00280761718749998
-0.00887870788574219 -0.00122356414794922 -0.19830322265625 0.317047119140625
0.00159239768981934 0.00371742248535156 0.0552520751953125 0.25469970703125
0.00664710998535156 0.00903511047363281 0.16888427734375 0.0314483642578125
0.0149011611938477 0.00154495239257813 0.143630981445313 -0.117294311523437
0.0183048248291016 -0.00667572021484375 -0.125679016113281 0.103553771972656
0.0216007232666016 -0.000864028930664063 -0.162734985351563 -0.05145263671875
0.00585269927978516 0.0102090835571289 -0.0452728271484375 -0.253570556640625
-0.00433063507080078 0.0109872817993164 0.225265502929688 -0.275634765625
-0.0235176086425781 -0.00490951538085937 0.42413330078125 0.072967529296875
-0.0162181854248047 -0.030303955078125 0.240447998046875 0.43505859375
0.0227222442626953 -0.0249576568603516 -0.065765380859375 0.318939208984375
0.0337791442871094 -0.0112228393554688 0.0164699554443359 0.0256328582763672
0.0175495147705078 -0.0162487030029297 0.092041015625 -0.33056640625
-0.00295829772949219 -0.0235958099365234 -0.24859619140625 -0.434814453125
-0.0175580978393555 -0.0151796340942383 -0.4595947265625 -0.00854492187500003
-0.00995349884033203 -0.000275611877441405 -0.203338623046875 0.31634521484375
0.00185728073120117 0.00488424301147461 0.052154541015625 0.257308959960938
0.00898933410644531 0.00955677032470703 0.169158935546875 0.0335693359375
0.0176334381103516 0.00294113159179688 0.14447021484375 -0.117721557617187
0.0194816589355469 -0.00643539428710938 -0.124305725097656 0.104049682617187
0.0216522216796875 -0.00136756896972656 -0.1632080078125 -0.0477294921875
0.00587081909179688 0.00974845886230469 -0.0500946044921875 -0.2503662109375
-0.00458431243896484 0.0113134384155273 0.218734741210938 -0.278594970703125
-0.0241718292236328 -0.00475311279296875 0.4241943359375 0.0640869140625
-0.0171470642089844 -0.0321693420410156 0.25164794921875 0.43255615234375
0.0236244201660156 -0.0285663604736328 -0.0614013671875 0.325958251953125
0.0370712280273438 -0.0152015686035156 0.0120773315429688 0.0322742462158203
0.0195903778076172 -0.0198688507080078 0.0953369140625 -0.3248291015625
-0.00268363952636719 -0.0254688262939453 -0.2406005859375 -0.43768310546875
-0.0178356170654297 -0.0158367156982422 -0.461883544921875 -0.01629638671875
-0.0106792449951172 -0.000788688659667971 -0.210601806640625 0.31561279296875
0.00213003158569336 0.00509071350097656 0.0472259521484375 0.260452270507813
0.00885009765625 0.00904941558837891 0.168243408203125 0.035797119140625
0.0181541442871094 0.00409698486328125 0.144271850585938 -0.117843627929688
-0.00259971618652344 -0.0190525054931641 -0.123191833496094 0.105941772460938
0.00877189636230469 -0.00887012481689453 -0.1661376953125 -0.04156494140625
-0.00265932083129883 -0.00321173667907715 -0.0619964599609375 -0.246871948242187
0.00641870498657226 0.00537490844726562 0.19873046875 -0.2899169921875
-0.00380468368530273 0.00682306289672851 0.419677734375 0.034881591796875
-0.00799465179443359 -2.33650207519523E-05 0.269134521484375 0.408294677734375
0.00727272033691406 0.010075569152832 -0.04644775390625 0.323577880859375
0.00106048583984375 0.0196399688720703 0.0133094787597656 0.0357818603515625
0.004669189453125 0.0191936492919922 0.10308837890625 -0.319366455078125
0.00880336761474609 0.00467872619628906 -0.2276611328125 -0.445587158203125
0.00437498092651367 -0.005523681640625 -0.463775634765625 -0.034515380859375
-0.00124502182006836 -0.0071263313293457 -0.220794677734375 0.3062744140625
-0.00416088104248047 -0.00690889358520508 0.0383758544921875 0.262939453125
-0.00339460372924805 1.43051147460936E-05 0.16326904296875 0.0414886474609375
-0.000923633575439452 -0.00867795944213867 0.144882202148437 -0.117034912109375
-0.000467300415039064 -0.0176868438720703 -0.124290466308594 0.104904174804688
0.0105524063110352 -0.00724983215332031 -0.1654052734375 -0.045806884765625
-0.000933229923248291 -0.000787198543548584 -0.055511474609375 -0.251022338867187
0.00504779815673828 0.00614786148071289 0.208984375 -0.28643798828125
-0.00684881210327148 0.00543689727783203 0.4207763671875 0.04888916015625
-0.00923252105712891 -0.002899169921875 0.259063720703125 0.414306640625
0.00870895385742188 0.00778532028198242 -0.052215576171875 0.317413330078125
0.00352096557617188 0.0169391632080078 0.0179157257080078 0.0281753540039063
0.00645256042480469 0.0163736343383789 0.097412109375 -0.327392578125
0.00755405426025391 0.00151824951171875 -0.2396240234375 -0.440185546875
0.00173234939575195 -0.00748395919799805 -0.46234130859375 -0.0230712890625
-0.00264883041381836 -0.00608682632446289 -0.211151123046875 0.30914306640625
-0.00353097915649414 -0.0053095817565918 0.0452117919921875 0.258819580078125
-0.00201809406280518 0.00194346904754639 0.1649169921875 0.036529541015625
0.00130271911621094 -0.00700473785400391 0.143569946289063 -0.117660522460938
0.00259017944335937 -0.0155973434448242 -0.125022888183594 0.10467529296875
0.0131931304931641 -0.00518417358398438 -0.164443969726563 -0.049224853515625
0.00032198429107666 0.00156998634338379 -0.050140380859375 -0.253952026367188
0.00325345993041992 0.00756978988647461 0.217376708984375 -0.282928466796875
-0.0108003616333008 0.00341510772705078 0.4219970703125 0.05792236328125
-0.0104093551635742 -0.00774192810058594 0.249786376953125 0.42022705078125
0.0106067657470703 0.00282955169677734 -0.0567626953125 0.3123779296875
0.00832176208496094 0.0128917694091797 0.0213470458984375 0.0222816467285156
0.00802898406982422 0.0112829208374023 0.09161376953125 -0.33233642578125
0.00549983978271484 -0.00344181060791016 -0.2501220703125 -0.435028076171875
-0.00280189514160156 -0.00886631011962891 -0.4598388671875 -0.0101318359375
-0.00414609909057617 -0.00522089004516601 -0.20208740234375 0.312530517578125
-0.0023658275604248 -0.00275158882141113 0.0524139404296875 0.25518798828125
0.000234127044677735 0.00399899482727051 0.1658935546875 0.0332489013671875
0.00438451766967773 -0.00530815124511719 0.143280029296875 -0.118026733398438
0.00740337371826172 -0.0126686096191406 -0.125717163085938 0.104072570800781
0.0157575607299805 -0.00388336181640625 -0.163055419921875 -0.051055908203125
0.00252580642700195 0.00451898574829102 -0.0462646484375 -0.2552490234375
0.00107717514038086 0.00834846496582031 0.224044799804688 -0.279266357421875
-0.0145025253295898 6.19888305664051E-05 0.42254638671875 0.06787109375
-0.0120964050292969 -0.0135555267333984 0.2425537109375 0.4256591796875
0.0134420394897461 -0.00427436828613281 -0.06036376953125 0.309661865234375
0.0146207809448242 0.00682449340820313 0.0224456787109375 0.0186233520507813
0.0102825164794922 0.00409698486328125 0.08782958984375 -0.336151123046875
0.00258350372314453 -0.00916862487792969 -0.25738525390625 -0.431488037109375
-0.007354736328125 -0.0104274749755859 -0.458404541015625 -0.00234985351562507
-0.00592803955078125 -0.00339078903198242 -0.19586181640625 0.314849853515625
-0.00128912925720215 -0.00050199031829834 0.0568695068359375 0.253082275390625
0.00262355804443359 0.00605440139770508 0.166961669921875 0.03009033203125
0.00796747207641602 -0.00250005722045898 0.142257690429688 -0.117568969726563
0.0121068954467773 -0.0106830596923828 -0.125625610351563 0.103721618652344
0.0188217163085938 -0.00194358825683594 -0.16204833984375 -0.0519561767578125
0.00455379486083984 0.00709056854248047 -0.0438232421875 -0.255386352539063
-0.00139617919921875 0.00973892211914062 0.22711181640625 -0.276641845703125
-0.0185337066650391 -0.00191688537597656 0.4234619140625 0.07318115234375
-0.0137786865234375 -0.0200786590576172 0.23828125 0.4290771484375
0.0168609619140625 -0.0121297836303711 -0.06317138671875 0.309539794921875
0.0214176177978516 -2.288818359375E-05 0.0224437713623047 0.0180854797363281
0.0129613876342773 -0.00330066680908203 0.08624267578125 -0.33624267578125
0.000107765197753905 -0.014805793762207 -0.25994873046875 -0.427581787109375
-0.0112791061401367 -0.0123291015625 -0.45733642578125 0.00283813476562505
-0.00773811340332031 -0.00200176239013672 -0.1929931640625 0.31719970703125
0.000166058540344238 0.00206518173217773 0.0581207275390625 0.252273559570313
0.00522089004516601 0.00780963897705078 0.167938232421875 0.0293121337890625
0.0120649337768555 -0.000355720520019531 0.142379760742188 -0.117584228515625
0.0156850814819336 -0.00848770141601563 -0.125106811523438 0.103622436523438
0.0205802917480469 -0.00136184692382813 -0.16168212890625 -0.051422119140625
0.00553226470947266 0.00895118713378906 -0.0439605712890625 -0.253631591796875
-0.00281333923339844 0.0103435516357422 0.226638793945313 -0.274581909179688
-0.0215950012207031 -0.0039520263671875 0.4219970703125 0.07391357421875
-0.0149021148681641 -0.0256233215332031 0.237945556640625 0.43115234375
0.0199604034423828 -0.0191612243652344 -0.063812255859375 0.312652587890625
0.0281658172607422 -0.00654029846191406 0.0198879241943359 0.020751953125
0.0153598785400391 -0.0103044509887695 0.0869140625 -0.333953857421875
-0.00179862976074219 -0.0194873809814453 -0.255950927734375 -0.427154541015625
-0.0152091979980469 -0.0135946273803711 -0.45648193359375 0.00201416015625001
-0.00921916961669922 -0.0015869140625 -0.194427490234375 0.317108154296875
0.00123262405395508 0.0036470890045166 0.057037353515625 0.252899169921875
0.00732612609863281 0.00864076614379883 0.168060302734375 0.02978515625
0.0147857666015625 0.00159549713134766 0.141403198242188 -0.117996215820313
0.0179729461669922 -0.00713539123535156 -0.123664855957031 0.104408264160156
0.0215034484863281 -0.0013580322265625 -0.16217041015625 -0.0484161376953125
0.00625801086425781 0.00935745239257813 -0.0471343994140625 -0.2513427734375
-0.00372409820556641 0.0108919143676758 0.223068237304687 -0.275588989257813
-0.0233268737792969 -0.004791259765625 0.42193603515625 0.069915771484375
-0.0164604187011719 -0.0300884246826172 0.24273681640625 0.428741455078125
0.0222492218017578 -0.0252113342285156 -0.062744140625 0.316558837890625
0.0330066680908203 -0.0114688873291016 0.0162982940673828 0.0252685546875
0.0177059173583984 -0.0161552429199219 0.08880615234375 -0.328460693359375
-0.00289344787597656 -0.0227260589599609 -0.249847412109375 -0.429534912109375
-0.0178165435791016 -0.0148601531982422 -0.457305908203125 -0.00500488281249997
-0.0100584030151367 -0.000397682189941408 -0.198333740234375 0.316192626953125
0.00190114974975586 0.00466203689575195 0.053436279296875 0.255935668945313
0.00867652893066406 0.00933456420898438 0.167709350585938 0.031707763671875
0.0169649124145508 0.00254631042480469 0.14208984375 -0.118270874023438
0.0188159942626953 -0.00676918029785156 -0.122787475585938 0.105148315429687
0.021392822265625 -0.00192642211914063 -0.162734985351563 -0.04473876953125
0.00658226013183594 0.00982093811035156 -0.052001953125 -0.248550415039063
-0.003662109375 0.0114831924438477 0.214950561523438 -0.278594970703125
-0.0241775512695313 -0.00470542907714844 0.421600341796875 0.05963134765625
-0.0173110961914063 -0.0317325592041016 0.252349853515625 0.4259033203125
0.0229282379150391 -0.0287036895751953 -0.059356689453125 0.323822021484375
0.0362625122070313 -0.01568603515625 0.0118370056152344 0.0326118469238281
0.0195884704589844 -0.0196075439453125 0.09271240234375 -0.321807861328125
-0.00279426574707031 -0.0250473022460938 -0.241790771484375 -0.433563232421875
-0.0185508728027344 -0.0158119201660156 -0.45855712890625 -0.0127563476562501
-0.0103902816772461 -0.000453948974609375 -0.2066650390625 0.315338134765625
0.00251531600952148 0.00523614883422852 0.0493927001953125 0.25933837890625
0.00917816162109375 0.00890254974365234 0.167236328125 0.034515380859375
0.0183506011962891 0.00391197204589844 0.141830444335938 -0.117996215820313
-0.00321578979492187 -0.0193367004394531 -0.121551513671875 0.106437683105469
0.00905036926269531 -0.00928020477294922 -0.1654052734375 -0.0393218994140625
-0.00253820419311523 -0.00283217430114746 -0.063720703125 -0.244827270507813
0.00706195831298828 0.00586271286010742 0.195526123046875 -0.2901611328125
-0.00418996810913086 0.00693750381469727 0.41705322265625 0.03155517578125
-0.0079350471496582 -0.000413894653320312 0.2696533203125 0.4034423828125
0.00739765167236328 0.00955867767333984 -0.04437255859375 0.321075439453125
0.001007080078125 0.0190982818603516 0.0132179260253906 0.0361824035644531
0.0051727294921875 0.0190811157226563 0.100341796875 -0.317291259765625
0.00897407531738281 0.00476932525634766 -0.22796630859375 -0.44073486328125
0.00462150573730469 -0.00557994842529297 -0.4598388671875 -0.0308227539062499
-0.00124692916870117 -0.00670051574707031 -0.21795654296875 0.30609130859375
-0.00405406951904297 -0.00678539276123047 0.0401458740234375 0.261001586914063
-0.00325131416320801 0.000351428985595704 0.162353515625 0.0396575927734375
-0.00131750106811523 -0.0086832046508789 0.14300537109375 -0.117599487304688
-0.00105094909667969 -0.0176448822021484 -0.122550964355469 0.10491943359375
0.0107870101928711 -0.00786685943603515 -0.164291381835938 -0.044036865234375
-0.000578761100769043 -0.000486373901367187 -0.0569915771484375 -0.248779296875
0.00537204742431641 0.00667381286621094 0.206298828125 -0.286468505859375
-0.00691795349121094 0.00522518157958984 0.418487548828125 0.045867919921875
-0.00939846038818359 -0.00255393981933594 0.2596435546875 0.410186767578125
0.00804281234741211 0.00697660446166992 -0.0498046875 0.315673828125
0.00352668762207031 0.0170536041259766 0.0173721313476562 0.0284614562988281
0.00648307800292969 0.0167522430419922 0.094696044921875 -0.324432373046875
0.007354736328125 0.00136041641235352 -0.240325927734375 -0.4359130859375
0.00140953063964844 -0.00694704055786133 -0.45880126953125 -0.01934814453125
-0.00256776809692383 -0.00617599487304687 -0.208282470703125 0.3092041015625
-0.00338649749755859 -0.00517034530639648 0.0469512939453125 0.257537841796875
-0.00181412696838379 0.00210249423980713 0.163192749023438 0.0352783203125
0.00104856491088867 -0.00716686248779297 0.141708374023438 -0.118011474609375
0.00277614593505859 -0.0159845352172852 -0.123374938964844 0.104804992675781
0.0130767822265625 -0.00566196441650391 -0.163619995117188 -0.0471038818359375
0.00121676921844482 0.00192141532897949 -0.05181884765625 -0.251678466796875
0.00343942642211914 0.00771951675415039 0.213836669921875 -0.282806396484375
-0.0108757019042969 0.00296115875244141 0.41912841796875 0.054840087890625
-0.0106868743896484 -0.00754261016845703 0.25079345703125 0.41546630859375
0.0101938247680664 0.00244998931884766 -0.055023193359375 0.310394287109375
0.00817584991455078 0.0128974914550781 0.0206012725830078 0.0225582122802734
0.00769424438476563 0.0109567642211914 0.08929443359375 -0.33038330078125
0.00535440444946289 -0.00339603424072266 -0.250091552734375 -0.430023193359375
-0.00293111801147461 -0.0084080696105957 -0.457275390625 -0.00686645507812501
-0.00395488739013672 -0.0049433708190918 -0.19915771484375 0.31243896484375
-0.00261330604553223 -0.00264930725097656 0.053436279296875 0.253707885742188
0.000287532806396484 0.00423192977905273 0.165069580078125 0.031890869140625
0.00407886505126953 -0.00547456741333008 0.141357421875 -0.118270874023438
0.00716876983642578 -0.0130043029785156 -0.123161315917969 0.104606628417969
0.0155525207519531 -0.00414371490478516 -0.162353515625 -0.0492706298828125
0.00295877456665039 0.00422239303588867 -0.0477752685546875 -0.253692626953125
0.00143146514892578 0.00855255126953125 0.220855712890625 -0.279190063476563
-0.0150651931762695 0.000643730163574217 0.41961669921875 0.064544677734375
-0.012303352355957 -0.0136737823486328 0.2435302734375 0.42034912109375
0.0133304595947266 -0.00461387634277344 -0.0587158203125 0.307708740234375
0.0146751403808594 0.00643062591552734 0.0227489471435547 0.0189533233642578
0.0103416442871094 0.00390911102294922 0.084808349609375 -0.333160400390625
0.00271415710449219 -0.00850963592529297 -0.25811767578125 -0.42645263671875
-0.00696563720703125 -0.0102310180664063 -0.456207275390625 0.00106811523437499
-0.0058588981628418 -0.00325775146484375 -0.192626953125 0.3148193359375
-0.00153470039367676 -0.000340819358825684 0.0577545166015625 0.251144409179688
0.00282430648803711 0.00584030151367188 0.165679931640625 0.02862548828125
0.00786924362182617 -0.00268983840942383 0.140510559082031 -0.11810302734375
0.0113039016723633 -0.0111675262451172 -0.124130249023438 0.103744506835937
0.0180797576904297 -0.00283622741699219 -0.16107177734375 -0.049591064453125
0.00450515747070313 0.00709247589111328 -0.0455169677734375 -0.253494262695313
-0.00108528137207031 0.00944614410400391 0.223419189453125 -0.2764892578125
-0.0186119079589844 -0.00212669372558594 0.4207763671875 0.068206787109375
-0.0139312744140625 -0.0197620391845703 0.23876953125 0.423583984375
0.0166006088256836 -0.0121583938598633 -0.06121826171875 0.3072509765625
0.0213184356689453 -0.000185012817382813 0.0221290588378906 0.0181636810302734
0.0128469467163086 -0.00330162048339844 0.08331298828125 -0.333740234375
0.000596046447753906 -0.0144634246826172 -0.261505126953125 -0.423370361328125
-0.0117826461791992 -0.0121049880981445 -0.454132080078125 0.00662231445312499
-0.0080571174621582 -0.00212764739990234 -0.190093994140625 0.315765380859375
0.00019073486328125 0.00189924240112305 0.0597686767578125 0.249923706054688
0.00520801544189453 0.00795984268188477 0.166488647460938 0.0280303955078125
0.0113945007324219 -0.000786781311035156 0.140472412109375 -0.117584228515625
0.0151948928833008 -0.00901412963867188 -0.1226806640625 0.104454040527344
0.0199146270751953 -0.00224113464355469 -0.161148071289062 -0.04852294921875
0.00591754913330078 0.00869083404541016 -0.0460357666015625 -0.252044677734375
-0.00275802612304688 0.0105066299438477 0.222869873046875 -0.275253295898438
-0.0217971801757813 -0.00357246398925781 0.41986083984375 0.07012939453125
-0.0150108337402344 -0.0254230499267578 0.238739013671875 0.426483154296875
0.0192108154296875 -0.0194358825683594 -0.0621337890625 0.31036376953125
0.0276432037353516 -0.00683021545410156 0.0198822021484375 0.0205593109130859
0.0156888961791992 -0.0102787017822266 0.08428955078125 -0.33160400390625
-0.00180816650390625 -0.0191516876220703 -0.258026123046875 -0.42376708984375
-0.0153293609619141 -0.0132026672363281 -0.453826904296875 0.00411987304687506
-0.00904560089111328 -0.00116539001464844 -0.19061279296875 0.31622314453125
0.00136184692382813 0.00398540496826172 0.05841064453125 0.251007080078125
0.00764226913452148 0.00869655609130859 0.166427612304688 0.0286407470703125
0.0145788192749023 0.00106620788574219 0.139289855957031 -0.118141174316406
0.0173873901367188 -0.00821208953857422 -0.122146606445313 0.104690551757812
0.0212764739990234 -0.00185394287109375 -0.161087036132813 -0.046478271484375
0.00643730163574219 0.0095977783203125 -0.0489654541015625 -0.249099731445313
-0.00355720520019531 0.0110588073730469 0.219497680664063 -0.275863647460938
-0.0236282348632812 -0.00463485717773437 0.419219970703125 0.0660400390625
-0.0165863037109375 -0.0291938781738281 0.244110107421875 0.424041748046875
0.0210971832275391 -0.0250682830810547 -0.061248779296875 0.314788818359375
0.0326099395751953 -0.0121231079101563 0.0164394378662109 0.0259437561035156
0.017578125 -0.0160694122314453 0.086639404296875 -0.32666015625
-0.00244903564453125 -0.0224609375 -0.250640869140625 -0.4241943359375
-0.0177173614501953 -0.0144214630126953 -0.454193115234375 -0.00180053710937497
-0.00973987579345703 -0.000225067138671873 -0.195831298828125 0.316314697265625
0.00171136856079102 0.00528192520141602 0.055572509765625 0.253952026367188
0.00869941711425781 0.00904560089111328 0.166778564453125 0.0301055908203125
0.0174598693847656 0.00276374816894531 0.14007568359375 -0.118461608886719
0.0182952880859375 -0.00722694396972656 -0.120773315429688 0.105064392089844
0.0213203430175781 -0.00247764587402344 -0.161422729492188 -0.042724609375
0.00671577453613281 0.00937843322753906 -0.0532684326171875 -0.245880126953125
-0.00369167327880859 0.0108509063720703 0.211517333984375 -0.277755737304688
-0.0246124267578125 -0.00404167175292969 0.41925048828125 0.055419921875
-0.0172977447509766 -0.0311927795410156 0.254150390625 0.421417236328125
0.0222816467285156 -0.0285491943359375 -0.05731201171875 0.322265625
0.0361671447753906 -0.0158042907714844 0.0116519927978516 0.0326595306396484
0.0193748474121094 -0.0194225311279297 0.089813232421875 -0.31988525390625
-0.00217056274414063 -0.0247859954833984 -0.242645263671875 -0.42755126953125
-0.0183391571044922 -0.0148830413818359 -0.4559326171875 -0.010101318359375
-0.0105161666870117 -0.000353813171386717 -0.2034912109375 0.314788818359375
0.00239706039428711 0.00524711608886719 0.05126953125 0.257461547851563
0.00927925109863281 0.00881004333496094 0.166107177734375 0.033050537109375
0.0181121826171875 0.00352668762207031 0.140373229980469 -0.118614196777344
-0.00359916687011719 -0.0198955535888672 -0.1201171875 0.106224060058594
0.00874042510986328 -0.00977230072021484 -0.164566040039062 -0.03741455078125
-0.00144505500793457 -0.0027318000793457 -0.0647125244140625 -0.242950439453125
0.00720787048339844 0.00573921203613281 0.193359375 -0.289520263671875
-0.00434017181396484 0.00677299499511719 0.414459228515625 0.028900146484375
-0.00803375244140625 0.000174999237060548 0.26934814453125 0.398681640625
0.00714015960693359 0.00936222076416015 -0.0428466796875 0.319122314453125
0.00092506408691406 0.0189189910888672 0.0133094787597656 0.0358734130859375
0.00522041320800781 0.0187568664550781 0.098480224609375 -0.314178466796875
0.00918960571289063 0.00457572937011719 -0.22723388671875 -0.435699462890625
0.00436782836914062 -0.00606727600097656 -0.456512451171875 -0.0281066894531249
-0.00148200988769531 -0.00721311569213867 -0.21478271484375 0.3050537109375
-0.00411462783813476 -0.00666475296020508 0.041656494140625 0.259674072265625
-0.00327515602111816 0.000557661056518555 0.161346435546875 0.038116455078125
-0.00161218643188477 -0.00861167907714844 0.141433715820313 -0.117950439453125
-0.0013885498046875 -0.0179882049560547 -0.121116638183594 0.105583190917969
0.0109090805053711 -0.00813198089599609 -0.163406372070313 -0.04180908203125
-0.000466108322143555 -0.00107550621032715 -0.0582275390625 -0.24700927734375
0.00605678558349609 0.00649881362915039 0.20330810546875 -0.285919189453125
-0.00726699829101562 0.00515985488891601 0.41583251953125 0.04345703125
-0.00903797149658203 -0.00267982482910156 0.260009765625 0.4049072265625
0.00785017013549805 0.00702047348022461 -0.048797607421875 0.31268310546875
0.00326156616210937 0.0165510177612305 0.0173130035400391 0.0287742614746094
0.00663948059082031 0.016047477722168 0.0926513671875 -0.32159423828125
0.00782489776611328 0.00119352340698242 -0.239959716796875 -0.43060302734375
0.0013432502746582 -0.00688409805297852 -0.455535888671875 -0.0169677734375001
-0.00247621536254883 -0.00627946853637695 -0.20458984375 0.308319091796875
-0.0038299560546875 -0.00500774383544922 0.048309326171875 0.255859375
-0.00143015384674072 0.00184500217437744 0.162384033203125 0.034027099609375
0.000545501708984375 -0.00711822509765625 0.139915466308594 -0.11785888671875
0.00210666656494141 -0.0161018371582031 -0.121986389160156 0.10491943359375
0.0129680633544922 -0.00608253479003906 -0.162246704101563 -0.0447235107421875
0.00101339817047119 0.00132668018341064 -0.05279541015625 -0.249664306640625
0.00406360626220703 0.00759267807006836 0.21148681640625 -0.2822265625
-0.0108785629272461 0.00305366516113281 0.4163818359375 0.051910400390625
-0.0106601715087891 -0.00744342803955078 0.250640869140625 0.411834716796875
0.00977134704589844 0.00181770324707031 -0.05377197265625 0.307891845703125
0.00815486907958984 0.0123720169067383 0.0204868316650391 0.0225582122802734
0.00793170928955078 0.0106773376464844 0.08709716796875 -0.327606201171875
0.00553274154663086 -0.00308465957641602 -0.250640869140625 -0.426544189453125
-0.00255870819091797 -0.00886058807373047 -0.453887939453125 -0.00436401367187495
-0.00414085388183594 -0.00519037246704101 -0.19610595703125 0.312225341796875
-0.00282049179077148 -0.00243258476257324 0.0543670654296875 0.251937866210938
0.000440359115600586 0.00394082069396973 0.163894653320313 0.0306854248046875
0.0038447380065918 -0.00527048110961914 0.139495849609375 -0.118316650390625
0.00640964508056641 -0.0139274597167969 -0.122154235839844 0.104927062988281
0.0153236389160156 -0.00439739227294922 -0.161148071289063 -0.0468902587890625
0.00274801254272461 0.00451040267944336 -0.048675537109375 -0.251083374023437
0.00148344039916992 0.00826358795166016 0.217575073242188 -0.278717041015625
-0.0146369934082031 0.000329971313476561 0.416778564453125 0.061431884765625
-0.012476921081543 -0.0131187438964844 0.243804931640625 0.41680908203125
0.0128793716430664 -0.00433921813964844 -0.057098388671875 0.30560302734375
0.0143404006958008 0.00644207000732422 0.0220222473144531 0.0190677642822266
0.0104150772094727 0.00345802307128906 0.0826416015625 -0.331085205078125
0.0029139518737793 -0.00846433639526367 -0.2574462890625 -0.421356201171875
-0.00738906860351563 -0.0100307464599609 -0.452301025390625 0.00381469726562498
-0.00588798522949219 -0.00347805023193359 -0.189117431640625 0.31353759765625
-0.0012744665145874 -0.000129103660583496 0.05859375 0.2493896484375
0.00351572036743164 0.00600337982177734 0.164505004882813 0.028045654296875
0.00741815567016601 -0.00329685211181641 0.138267517089844 -0.118385314941406
0.0113563537597656 -0.011500358581543 -0.12225341796875 0.103988647460938
0.0173969268798828 -0.00306987762451172 -0.160903930664063 -0.0473785400390625
0.00475168228149414 0.00709199905395508 -0.0465240478515625 -0.2515869140625
-0.000993728637695313 0.00969409942626953 0.220809936523438 -0.276321411132813
-0.0186653137207031 -0.00189018249511718 0.41802978515625 0.066070556640625
-0.0137271881103516 -0.0196533203125 0.2412109375 0.419403076171875
0.0155715942382813 -0.0121297836303711 -0.0594482421875 0.305084228515625
0.0210151672363281 -0.000349044799804687 0.0216026306152344 0.0184993743896484
0.0128421783447266 -0.00345039367675781 0.081512451171875 -0.33050537109375
0.000518798828124999 -0.0137233734130859 -0.26092529296875 -0.417938232421875
-0.0118331909179688 -0.0118989944458008 -0.451324462890625 0.00875854492187506
-0.00780677795410156 -0.00209474563598633 -0.1868896484375 0.31622314453125
4.8995018005371E-05 0.00206160545349121 0.0608978271484375 0.2484130859375
0.0057682991027832 0.00751447677612305 0.165573120117188 0.026580810546875
0.0113945007324219 -0.00108623504638672 0.138710021972656 -0.117767333984375
0.0143356323242187 -0.00897502899169922 -0.121658325195313 0.104179382324219
0.0196952819824219 -0.0026397705078125 -0.160079956054688 -0.046905517578125
0.00587892532348633 0.00877952575683594 -0.0464324951171875 -0.249099731445312
-0.00241756439208984 0.0101690292358398 0.220474243164063 -0.27520751953125
-0.0218353271484375 -0.00381851196289062 0.41766357421875 0.067291259765625
-0.0153636932373047 -0.0250816345214844 0.239471435546875 0.4205322265625
0.0189685821533203 -0.0193767547607422 -0.06048583984375 0.30810546875
0.0270862579345703 -0.00670433044433594 0.0193881988525391 0.0211353302001953
0.0153207778930664 -0.0110015869140625 0.08270263671875 -0.328521728515625
-0.00149345397949219 -0.0188522338867188 -0.257232666015625 -0.419036865234375
-0.0153341293334961 -0.0134439468383789 -0.451751708984375 0.00588989257812508
-0.0096435546875 -0.00102519989013672 -0.187713623046875 0.316864013671875
0.00106549263000488 0.00410223007202148 0.059326171875 0.249847412109375
0.00779056549072266 0.00858640670776367 0.165740966796875 0.0274658203125
0.0147628784179688 0.000945091247558594 0.138290405273438 -0.117881774902344
0.0167055130004883 -0.00795364379882812 -0.120948791503906 0.104438781738281
0.0209197998046875 -0.00236701965332031 -0.160293579101563 -0.0445709228515625
0.0069427490234375 0.00976848602294922 -0.04974365234375 -0.24700927734375
-0.00342273712158203 0.0110330581665039 0.216567993164063 -0.275161743164063
-0.0235710144042969 -0.00453758239746094 0.415557861328125 0.063201904296875
-0.0163154602050781 -0.0291004180908203 0.24591064453125 0.420867919921875
0.0210971832275391 -0.0251388549804688 -0.059661865234375 0.311737060546875
0.032318115234375 -0.0121974945068359 0.015838623046875 0.0260944366455078
0.0174036026000977 -0.0162467956542969 0.08453369140625 -0.3233642578125
-0.00237083435058594 -0.02239990234375 -0.251953125 -0.420379638671875
-0.017547607421875 -0.0142107009887695 -0.45098876953125 0.001251220703125
-0.00993537902832031 -0.000304222106933592 -0.1922607421875 0.3153076171875
0.00220870971679687 0.00532150268554688 0.056671142578125 0.25177001953125
0.00917339324951172 0.0091094970703125 0.165054321289063 0.0289764404296875
0.0171022415161133 0.00236129760742188 0.13873291015625 -0.118576049804687
0.0179576873779297 -0.00798225402832031 -0.119361877441406 0.105270385742187
0.0211105346679688 -0.00298118591308594 -0.160873413085938 -0.0406036376953125
0.0069427490234375 0.00944423675537109 -0.05438232421875 -0.243637084960938
-0.00292015075683594 0.0117177963256836 0.209243774414063 -0.2777099609375
-0.0243282318115234 -0.00424957275390625 0.417205810546875 0.05279541015625
-0.0175399780273437 -0.03125 0.253936767578125 0.416839599609375
0.0213165283203125 -0.0290946960449219 -0.055755615234375 0.319183349609375
0.0350761413574219 -0.0153331756591797 0.0116767883300781 0.0329551696777344
0.0193500518798828 -0.0198345184326172 0.08746337890625 -0.31695556640625
-0.00260162353515625 -0.0246067047119141 -0.242156982421875 -0.424407958984375
-0.0182418823242188 -0.0146942138671875 -0.451812744140625 -0.00741577148437494
-0.0106287002563477 -0.000290870666503908 -0.19927978515625 0.31414794921875
0.00214624404907227 0.00557327270507812 0.05206298828125 0.255706787109375
0.00945758819580078 0.00884819030761719 0.164779663085938 0.03192138671875
0.0179805755615234 0.00337028503417969 0.138832092285156 -0.118743896484375
-0.00413322448730469 -0.0196533203125 -0.119003295898437 0.106246948242188
0.00856304168701172 -0.00953197479248047 -0.163543701171875 -0.0359344482421875
-0.00178694725036621 -0.00259685516357422 -0.065032958984375 -0.240692138671875
0.00761747360229492 0.00545167922973633 0.190582275390625 -0.288970947265625
-0.00432443618774414 0.00618076324462891 0.4119873046875 0.026763916015625
-0.00839948654174805 -7.39097595214855E-05 0.270599365234375 0.394012451171875
0.00703525543212891 0.00918292999267578 -0.041778564453125 0.316680908203125
0.000617980957031252 0.0181922912597656 0.0132369995117188 0.03643798828125
0.00526809692382813 0.0188198089599609 0.096771240234375 -0.312042236328125
0.00968074798583985 0.00487518310546875 -0.228179931640625 -0.432342529296875
0.00408840179443359 -0.00576400756835938 -0.4539794921875 -0.02703857421875
-0.00180530548095703 -0.00657844543457031 -0.211761474609375 0.30474853515625
-0.00430488586425781 -0.00613975524902344 0.0422821044921875 0.258026123046875
-0.00283408164978027 0.000624895095825195 0.160232543945313 0.037353515625
-0.00143527984619141 -0.00839948654174805 0.139503479003906 -0.117927551269531
-0.00155258178710938 -0.0184688568115234 -0.119644165039063 0.105781555175781
0.010066032409668 -0.00838184356689453 -0.162582397460937 -0.039886474609375
-0.000256776809692383 -0.000854730606079102 -0.0588836669921875 -0.244781494140625
0.00616931915283203 0.00678682327270508 0.2017822265625 -0.285064697265625
-0.00691413879394531 0.00496530532836914 0.4132080078125 0.041534423828125
-0.00889205932617188 -0.00239658355712891 0.259918212890625 0.40234375
0.00760889053344726 0.00641441345214844 -0.048095703125 0.3111572265625
0.00322151184082031 0.016688346862793 0.01727294921875 0.0288124084472656
0.0067138671875 0.0164308547973633 0.091766357421875 -0.31927490234375
0.00781011581420899 0.00176525115966797 -0.2396240234375 -0.4273681640625
0.00126552581787109 -0.00698280334472656 -0.452239990234375 -0.014984130859375
-0.00262928009033203 -0.00615596771240234 -0.20208740234375 0.3074951171875
-0.00368404388427734 -0.00454425811767578 0.0488433837890625 0.253875732421875
-0.00145983695983887 0.00229382514953613 0.161163330078125 0.033111572265625
0.000743865966796876 -0.00720834732055664 0.138069152832031 -0.117958068847656
0.00186824798583984 -0.0164699554443359 -0.120513916015625 0.105026245117188
0.0126476287841797 -0.00649261474609375 -0.161697387695313 -0.0433502197265625
0.00144398212432861 0.00176155567169189 -0.0536956787109375 -0.2479248046875
0.0042881965637207 0.00770473480224609 0.2091064453125 -0.28192138671875
-0.010594367980957 0.00316429138183594 0.41473388671875 0.04986572265625
-0.0102405548095703 -0.00707912445068359 0.250732421875 0.406402587890625
0.0094757080078125 0.00168228149414062 -0.052276611328125 0.306182861328125
0.00798892974853516 0.0120334625244141 0.0203380584716797 0.0232391357421875
0.00820732116699219 0.0110578536987305 0.08563232421875 -0.32452392578125
0.00569868087768555 -0.0032038688659668 -0.24981689453125 -0.422119140625
-0.00280094146728516 -0.00869846343994141 -0.4493408203125 -0.0021972656250001
-0.00426530838012695 -0.00480556488037109 -0.193572998046875 0.31097412109375
-0.0023341178894043 -0.00227546691894531 0.0552520751953125 0.250473022460938
0.0013115406036377 0.00373601913452148 0.162506103515625 0.0293426513671875
0.0038456916809082 -0.00539731979370117 0.138450622558594 -0.117988586425781
0.00595664978027344 -0.014129638671875 -0.120521545410156 0.104713439941406
0.0150794982910156 -0.00496959686279297 -0.160537719726563 -0.0454559326171875
0.00359010696411133 0.00420880317687988 -0.049407958984375 -0.249298095703125
0.00211668014526367 0.00841426849365234 0.215560913085937 -0.278396606445313
-0.0148048400878906 0.000506401062011721 0.41485595703125 0.059661865234375
-0.0122013092041016 -0.0131750106811523 0.243499755859375 0.413299560546875
0.0122385025024414 -0.00464344024658203 -0.056488037109375 0.30340576171875
0.0139665603637695 0.00650978088378906 0.0217475891113281 0.0190677642822266
0.0102758407592773 0.00434780120849609 0.08148193359375 -0.32806396484375
0.00309038162231445 -0.00823974609375 -0.25726318359375 -0.4176025390625
-0.00712776184082031 -0.010096549987793 -0.44891357421875 0.00567626953125003
-0.00589561462402344 -0.00337505340576172 -0.186492919921875 0.3128662109375
-0.00113785266876221 -3.37362289428709E-05 0.0589752197265625 0.247650146484375
0.00328397750854492 0.00616073608398438 0.163314819335938 0.02667236328125
0.00754499435424805 -0.00310945510864258 0.137107849121094 -0.11798095703125
0.010310173034668 -0.0116710662841797 -0.121421813964844 0.104072570800781
0.0175991058349609 -0.00384521484375 -0.159912109375 -0.0456695556640625
0.00510358810424805 0.00671148300170898 -0.04705810546875 -0.249740600585938
-0.000162124633789063 0.00921916961669922 0.217941284179688 -0.275772094726563
-0.0187892913818359 -0.00211143493652343 0.4158935546875 0.06341552734375
-0.0135707855224609 -0.0193061828613281 0.2388916015625 0.415557861328125
0.0152006149291992 -0.012242317199707 -0.05889892578125 0.302764892578125
0.0207576751708984 -0.000516891479492187 0.0213336944580078 0.0187664031982422
0.0128250122070313 -0.00340652465820313 0.0802001953125 -0.32763671875
0.00056171417236328 -0.0139017105102539 -0.25946044921875 -0.41387939453125
-0.0116939544677734 -0.0116939544677734 -0.4488525390625 0.00936889648437509
-0.00801992416381836 -0.00191211700439453 -0.184722900390625 0.314910888671875
-1.38282775878907E-05 0.00246858596801758 0.061737060546875 0.246627807617187
0.00565862655639648 0.00798416137695312 0.16424560546875 0.026123046875
0.0116958618164063 -0.00102519989013672 0.137664794921875 -0.117729187011719
0.0135345458984375 -0.0095968246459961 -0.119926452636719 0.104385375976563
0.0195236206054687 -0.00302696228027344 -0.158645629882813 -0.044769287109375
0.0064692497253418 0.00876808166503906 -0.047607421875 -0.247909545898438
-0.00167369842529297 0.0101051330566406 0.217681884765625 -0.274429321289063
-0.0220279693603516 -0.0037689208984375 0.414886474609375 0.0650634765625
-0.0153827667236328 -0.0250492095947266 0.23870849609375 0.41729736328125
0.0184440612792969 -0.0189743041992188 -0.059478759765625 0.305755615234375
0.0269680023193359 -0.00731468200683594 0.0194320678710938 0.0212917327880859
0.0153532028198242 -0.0109186172485352 0.081024169921875 -0.32635498046875
-0.00120353698730469 -0.0185184478759766 -0.25750732421875 -0.4151611328125
-0.0153427124023438 -0.012965202331543 -0.448760986328125 0.00802612304687495
-0.00963973999023438 -0.000844955444335936 -0.184967041015625 0.314971923828125
0.00134849548339844 0.00435566902160645 0.0604095458984375 0.24786376953125
0.00768852233886719 0.00884246826171875 0.16424560546875 0.026123046875
0.0144338607788086 0.000888824462890625 0.136253356933594 -0.118400573730469
0.0164175033569336 -0.00866985321044922 -0.119331359863281 0.105018615722656
0.02069091796875 -0.00274658203125 -0.15948486328125 -0.0423583984375
0.00714969635009766 0.00937366485595703 -0.0499420166015625 -0.245513916015625
-0.00279045104980469 0.0109968185424805 0.213943481445313 -0.275177001953125
-0.0239429473876953 -0.0046234130859375 0.414276123046875 0.05999755859375
-0.0167713165283203 -0.0290050506591797 0.244873046875 0.415283203125
0.0203742980957031 -0.0250701904296875 -0.05889892578125 0.310394287109375
0.0318355560302734 -0.0123405456542969 0.0161590576171875 0.0260543823242187
0.0173273086547852 -0.0160083770751953 0.0830078125 -0.3209228515625
-0.00211143493652344 -0.0221118927001953 -0.250244140625 -0.415863037109375
-0.0177345275878906 -0.0138816833496094 -0.44769287109375 0.00271606445312508
-0.0100946426391602 -0.000550270080566406 -0.19036865234375 0.3138427734375
0.00169658660888672 0.005401611328125 0.057403564453125 0.250381469726563
0.00960159301757813 0.00905609130859375 0.164276123046875 0.0282745361328125
0.0164890289306641 0.0022125244140625 0.137344360351563 -0.117996215820313
0.0170269012451172 -0.00858306884765625 -0.117904663085937 0.105415344238281
0.0209732055664063 -0.00358772277832031 -0.159683227539063 -0.039031982421875
0.00726604461669922 0.00923252105712891 -0.05474853515625 -0.24237060546875
-0.00321578979492187 0.0113410949707031 0.206695556640625 -0.277267456054688
-0.0243606567382813 -0.00400352478027344 0.413482666015625 0.05084228515625
-0.017913818359375 -0.0307712554931641 0.25445556640625 0.413421630859375
0.0210742950439453 -0.0287628173828125 -0.054840087890625 0.317138671875
0.0348720550537109 -0.0158672332763672 0.0116939544677734 0.0329856872558594
0.0188503265380859 -0.0194110870361328 0.0865478515625 -0.31488037109375
-0.00224876403808594 -0.0239696502685547 -0.242645263671875 -0.4202880859375
-0.0182285308837891 -0.0146770477294922 -0.44854736328125 -0.00650024414062494
-0.0109119415283203 5.24520874023443E-05 -0.1971435546875 0.31365966796875
0.00236988067626953 0.00556039810180664 0.053253173828125 0.25390625
0.00963401794433594 0.00894546508789063 0.16357421875 0.03076171875
0.0177364349365234 0.00330734252929687 0.136940002441406 -0.118743896484375
-0.00455093383789063 -0.0203857421875 -0.117996215820313 0.106407165527344
0.00860595703125 -0.0104103088378906 -0.162994384765625 -0.0340423583984375
-0.00128364562988281 -0.00274801254272461 -0.0653839111328125 -0.239181518554688
0.00754737854003906 0.00522041320800781 0.189483642578125 -0.2886962890625
-0.00446796417236328 0.00632905960083008 0.409820556640625 0.025604248046875
-0.00815057754516602 0.000188827514648438 0.269256591796875 0.3907470703125
0.00625514984130859 0.00916099548339844 -0.04193115234375 0.315216064453125
0.000701904296875001 0.0183887481689453 0.0130577087402344 0.0361289978027344
0.0057373046875 0.0187263488769531 0.095794677734375 -0.309326171875
0.00976943969726563 0.00501632690429688 -0.227752685546875 -0.4296875
0.00420284271240234 -0.00549602508544922 -0.45147705078125 -0.025299072265625
-0.00198841094970703 -0.00682163238525391 -0.20977783203125 0.303955078125
-0.00397968292236328 -0.00595474243164062 0.042816162109375 0.25653076171875
-0.00276017189025879 0.000238895416259766 0.159088134765625 0.0366973876953125
-0.00146579742431641 -0.00855112075805664 0.138824462890625 -0.117782592773438
-0.00207710266113281 -0.0185184478759766 -0.118614196777344 0.105552673339844
0.00988101959228516 -0.00875377655029297 -0.161376953125 -0.0384674072265625
-0.000342369079589844 -0.000658869743347168 -0.0584259033203125 -0.243698120117188
0.00635862350463867 0.0065617561340332 0.20001220703125 -0.285003662109375
-0.00780391693115234 0.00496864318847656 0.411163330078125 0.03912353515625
-0.00937366485595703 -0.00264358520507813 0.258056640625 0.39825439453125
0.00766801834106445 0.00675201416015625 -0.047760009765625 0.308624267578125
0.00314140319824219 0.0163593292236328 0.0171909332275391 0.029327392578125
0.00651931762695313 0.0156688690185547 0.09051513671875 -0.3167724609375
0.00830650329589844 0.00138139724731445 -0.239288330078125 -0.4244384765625
0.00160312652587891 -0.00684833526611328 -0.4501953125 -0.01397705078125
-0.00296306610107422 -0.00617265701293945 -0.200103759765625 0.3067626953125
-0.00350809097290039 -0.00439643859863281 0.049102783203125 0.252960205078125
-0.000957727432250977 0.00200438499450684 0.160568237304688 0.0323333740234375
0.000319957733154297 -0.00691795349121094 0.136810302734375 -0.117805480957031
0.000959396362304687 -0.0167789459228516 -0.119255065917969 0.104957580566406
0.0124902725219727 -0.00696849822998047 -0.160369873046875 -0.0416107177734375
0.00178873538970947 0.0018458366394043 -0.054107666015625 -0.245925903320313
0.00453376770019531 0.00759553909301758 0.207275390625 -0.281280517578125
-0.0110492706298828 0.00270175933837891 0.4117431640625 0.049224853515625
-0.0106258392333984 -0.00707435607910156 0.250335693359375 0.40472412109375
0.00932407379150391 0.00190830230712891 -0.052642822265625 0.303955078125
0.00775051116943359 0.0120983123779297 0.0199661254882812 0.0233345031738281
0.00852870941162109 0.0105686187744141 0.085235595703125 -0.322021484375
0.00589179992675781 -0.00283527374267578 -0.2503662109375 -0.4185791015625
-0.00274467468261719 -0.00856542587280273 -0.447662353515625 -0.000793457031249989
-0.00422000885009766 -0.00456571578979492 -0.19110107421875 0.30938720703125
-0.0024571418762207 -0.00233292579650879 0.055084228515625 0.249053955078125
0.000714063644409179 0.00410604476928711 0.161590576171875 0.028778076171875
0.00367355346679688 -0.00547456741333008 0.137039184570313 -0.118461608886719
0.00521373748779297 -0.0142545700073242 -0.119575500488281 0.104850769042969
0.0149116516113281 -0.00535869598388672 -0.159469604492188 -0.0436248779296875
0.00355339050292969 0.00473737716674805 -0.0496826171875 -0.247802734375
0.00214004516601562 0.00858306884765625 0.213104248046875 -0.277359008789062
-0.0148611068725586 0.000385284423828128 0.4136962890625 0.05792236328125
-0.0121831893920898 -0.0126562118530273 0.2427978515625 0.40985107421875
0.0119686126708984 -0.00502204895019531 -0.0565185546875 0.30157470703125
0.0134515762329102 0.00627040863037109 0.0218734741210938 0.02020263671875
0.010228157043457 0.00377559661865234 0.08087158203125 -0.325958251953125
0.00362968444824219 -0.00810909271240234 -0.256134033203125 -0.414825439453125
-0.00753307342529297 -0.0100183486938477 -0.446746826171875 0.00677490234374996
-0.00634098052978516 -0.00305318832397461 -0.18524169921875 0.312164306640625
-0.00153064727783203 0.000611662864685059 0.059783935546875 0.2467041015625
0.00325155258178711 0.00571107864379883 0.162796020507813 0.0260772705078125
0.0076446533203125 -0.00313091278076172 0.136154174804688 -0.118453979492188
0.00960063934326172 -0.0123205184936523 -0.120071411132813 0.104415893554688
0.0175199508666992 -0.00375080108642578 -0.159210205078125 -0.044403076171875
0.00547313690185547 0.00686979293823242 -0.047821044921875 -0.24835205078125
0.000136375427246093 0.00961780548095703 0.215927124023437 -0.275924682617188
-0.0190315246582031 -0.0015716552734375 0.4134521484375 0.062255859375
-0.0136775970458984 -0.0192584991455078 0.2398681640625 0.412109375
0.0151033401489258 -0.0122261047363281 -0.059051513671875 0.30120849609375
0.0202846527099609 -0.000875473022460938 0.0213642120361328 0.0193748474121094
0.0127286911010742 -0.0037384033203125 0.0794677734375 -0.325775146484375
0.000658988952636718 -0.0135583877563477 -0.259246826171875 -0.411529541015625
-0.0119266510009766 -0.0116548538208008 -0.445953369140625 0.0103454589843751
-0.00789785385131836 -0.00177478790283203 -0.182708740234375 0.313629150390625
0.000158786773681641 0.00257563591003418 0.0617523193359375 0.245529174804688
0.00608062744140625 0.00781679153442383 0.163543701171875 0.0251617431640625
0.0112924575805664 -0.00118064880371094 0.136337280273438 -0.117317199707031
0.0132331848144531 -0.0100698471069336 -0.118766784667969 0.104171752929687
0.0192317962646484 -0.0034637451171875 -0.15789794921875 -0.0433197021484375
0.0064845085144043 0.00873041152954102 -0.04803466796875 -0.246658325195313
-0.00124645233154297 0.0106191635131836 0.215789794921875 -0.274383544921875
-0.0220584869384766 -0.00363349914550782 0.412139892578125 0.063568115234375
-0.0151042938232422 -0.0242099761962891 0.23870849609375 0.41351318359375
0.0182762145996094 -0.0191211700439453 -0.05975341796875 0.303466796875
0.0263881683349609 -0.00690460205078125 0.0192012786865234 0.0219802856445313
0.0154542922973633 -0.0107383728027344 0.07965087890625 -0.3233642578125
-0.00134086608886719 -0.0184288024902344 -0.255645751953125 -0.411651611328125
-0.0159273147583008 -0.0129194259643555 -0.44476318359375 0.00918579101562503
-0.00961112976074219 -0.000825881958007811 -0.18365478515625 0.3145751953125
0.000951766967773438 0.00450325012207031 0.0608062744140625 0.246795654296875
0.00806522369384766 0.00842094421386719 0.16375732421875 0.0258941650390625
0.0145835876464844 0.000649452209472656 0.135650634765625 -0.117324829101563
0.0159978866577148 -0.00887489318847656 -0.118453979492188 0.104949951171875
0.0202903747558594 -0.00316238403320313 -0.158309936523438 -0.0414276123046875
0.00736522674560547 0.00922966003417969 -0.050323486328125 -0.243545532226563
-0.00294780731201172 0.011195182800293 0.212295532226563 -0.274154663085937
-0.0241241455078125 -0.00472450256347656 0.413116455078125 0.05950927734375
-0.0165195465087891 -0.0287075042724609 0.24456787109375 0.411224365234375
0.0197811126708984 -0.0247688293457031 -0.05810546875 0.308563232421875
0.0311450958251953 -0.0123615264892578 0.0157699584960938 0.0261783599853516
0.0171594619750977 -0.0166664123535156 0.082122802734375 -0.3179931640625
-0.00217628479003906 -0.0217876434326172 -0.249603271484375 -0.413299560546875
-0.0177173614501953 -0.0140724182128906 -0.445037841796875 0.00350952148437495
-0.0101709365844727 -0.000449180603027342 -0.1881103515625 0.3135986328125
0.00194835662841797 0.00572395324707031 0.057861328125 0.24908447265625
0.00930404663085938 0.00874710083007813 0.163543701171875 0.0274200439453125
0.0164575576782227 0.00229167938232422 0.135833740234375 -0.118324279785156
0.0165472030639648 -0.00860214233398438 -0.116683959960938 0.105415344238281
0.0205459594726562 -0.0037689208984375 -0.1588134765625 -0.0378570556640625
0.0074615478515625 0.00925350189208984 -0.0554656982421875 -0.240585327148437
-0.00280284881591797 0.0113039016723633 0.205108642578125 -0.277130126953125
-0.0245552062988281 -0.00389671325683594 0.412200927734375 0.0501708984375
-0.017547607421875 -0.0302925109863281 0.25347900390625 0.4095458984375
0.0206832885742188 -0.0284194946289062 -0.05438232421875 0.314910888671875
0.0343894958496094 -0.0156917572021484 0.0113811492919922 0.0333404541015625
0.0190868377685547 -0.0196628570556641 0.08538818359375 -0.312225341796875
-0.0019989013671875 -0.0239200592041016 -0.242462158203125 -0.4168701171875
-0.0186386108398438 -0.0144977569580078 -0.44622802734375 -0.00509643554687497
-0.0109233856201172 -0.000209808349609375 -0.195037841796875 0.31298828125
0.00214576721191406 0.00543308258056641 0.0530853271484375 0.253387451171875
0.00997352600097656 0.00875663757324219 0.162155151367188 0.030181884765625
0.017608642578125 0.00302314758300781 0.136184692382813 -0.118110656738281
-0.00481224060058594 -0.0202426910400391 -0.116828918457031 0.106330871582031
0.00802230834960938 -0.0102643966674805 -0.161819458007813 -0.0329437255859375
-0.000959634780883789 -0.00303864479064941 -0.0654449462890625 -0.237686157226562
0.00805950164794922 0.00591039657592773 0.187347412109375 -0.287353515625
-0.00495719909667969 0.00632905960083008 0.406829833984375 0.024261474609375
-0.00829553604125976 0.000282764434814453 0.268829345703125 0.38818359375
0.00620651245117187 0.00895118713378906 -0.042022705078125 0.313262939453125
0.000793457031249999 0.0184421539306641 0.0130462646484375 0.0365447998046875
0.0057830810546875 0.0184726715087891 0.095367431640625 -0.307159423828125
0.0095682144165039 0.00450325012207031 -0.226104736328125 -0.4267578125
0.00378084182739258 -0.00577783584594727 -0.449554443359375 -0.0244445800781249
-0.00188112258911133 -0.00692033767700195 -0.208221435546875 0.302642822265625
-0.00431299209594727 -0.00556087493896484 0.043182373046875 0.255874633789063
-0.00252151489257813 0.000530004501342773 0.158737182617188 0.036041259765625
-0.00125789642333984 -0.00882911682128906 0.137435913085938 -0.117103576660156
-0.00263404846191406 -0.0188636779785156 -0.117469787597656 0.105415344238281
0.0101003646850586 -0.00913715362548828 -0.16058349609375 -0.0372772216796875
0.00013357400894165 -0.000636279582977295 -0.0594940185546875 -0.24176025390625
0.00692987442016602 0.00658130645751953 0.1976318359375 -0.284088134765625
-0.00767660140991211 0.00509500503540039 0.40887451171875 0.03765869140625
-0.00921440124511719 -0.00251102447509766 0.259063720703125 0.3948974609375
0.0071101188659668 0.00644016265869141 -0.04766845703125 0.306884765625
0.00324058532714844 0.0164718627929688 0.0170421600341797 0.0294647216796875
0.00681781768798828 0.0157747268676758 0.089874267578125 -0.314605712890625
0.00828933715820313 0.00191497802734375 -0.238525390625 -0.42138671875
0.000850677490234375 -0.006500244140625 -0.4482421875 -0.0129394531249999
-0.00285768508911133 -0.00614547729492188 -0.198638916015625 0.305908203125
-0.00316452980041504 -0.00379514694213867 0.0500335693359375 0.252044677734375
-0.0011441707611084 0.00189495086669922 0.159515380859375 0.032012939453125
0.000467300415039062 -0.00734424591064453 0.136405944824219 -0.117530822753906
0.000852584838867187 -0.0167388916015625 -0.118850708007813 0.104904174804688
0.0121545791625977 -0.00720119476318359 -0.159255981445313 -0.04010009765625
0.00231194496154785 0.00173211097717285 -0.0539398193359375 -0.24530029296875
0.00498580932617188 0.00717020034790039 0.205001831054688 -0.281036376953125
-0.0112323760986328 0.00264167785644531 0.409271240234375 0.04742431640625
-0.0105047225952148 -0.00696945190429688 0.2489013671875 0.4013671875
0.00950431823730469 0.00149440765380859 -0.052215576171875 0.301727294921875
0.00765419006347656 0.0118074417114258 0.0199756622314453 0.0236110687255859
0.00856399536132813 0.0104522705078125 0.08428955078125 -0.320098876953125
0.00587177276611328 -0.00282144546508789 -0.248809814453125 -0.416259765625
-0.00249624252319336 -0.00838994979858398 -0.445953369140625 -0.00146484375
-0.00461578369140625 -0.0048375129699707 -0.189727783203125 0.309326171875
-0.00217986106872559 -0.00181496143341064 0.0557708740234375 0.248001098632812
0.00148320198059082 0.00411248207092285 0.160629272460938 0.0280914306640625
0.00370073318481445 -0.00566911697387695 0.135940551757813 -0.117744445800781
0.00507450103759766 -0.0143461227416992 -0.118301391601562 0.104194641113281
0.0150957107543945 -0.00558662414550781 -0.158218383789063 -0.0423431396484375
0.00392961502075195 0.00436186790466309 -0.0505218505859375 -0.246353149414063
0.00274991989135742 0.00848531723022461 0.21112060546875 -0.277145385742188
-0.0149059295654297 0.000448226928710938 0.411224365234375 0.0567626953125
-0.0123043060302734 -0.0127573013305664 0.241729736328125 0.406768798828125
0.0118741989135742 -0.00473403930664063 -0.055877685546875 0.2999267578125
0.013340950012207 0.00625705718994141 0.0216102600097656 0.0203456878662109
0.0102558135986328 0.00376701354980469 0.079864501953125 -0.32244873046875
0.00351858139038086 -0.00810527801513672 -0.25579833984375 -0.413055419921875
-0.00737476348876953 -0.00986194610595703 -0.44512939453125 0.00659179687500008
-0.00638055801391601 -0.00349187850952148 -0.1834716796875 0.311126708984375
-0.00124454498291016 0.000821471214294433 0.0596923828125 0.245620727539063
0.00402021408081055 0.00599098205566406 0.16180419921875 0.02545166015625
0.00743389129638672 -0.0028834342956543 0.135055541992187 -0.117851257324219
0.00939846038818359 -0.0122900009155273 -0.119422912597656 0.104255676269531
0.0171852111816406 -0.00434970855712891 -0.157821655273438 -0.0433349609375
0.00549697875976563 0.00686502456665039 -0.048095703125 -0.247268676757813
0.000417709350585938 0.00972843170166016 0.214569091796875 -0.275192260742188
-0.0188655853271484 -0.00156402587890625 0.411102294921875 0.060638427734375
-0.0136394500732422 -0.0188846588134766 0.23919677734375 0.408447265625
0.0145959854125977 -0.0120763778686523 -0.058074951171875 0.29925537109375
0.0198650360107422 -0.000469207763671875 0.0210189819335938 0.0192985534667969
0.0129327774047852 -0.00375461578369141 0.078155517578125 -0.323150634765625
0.00118827819824219 -0.0134086608886719 -0.257781982421875 -0.407684326171875
-0.0115442276000977 -0.0110740661621094 -0.44244384765625 0.01129150390625
-0.00800180435180664 -0.00192403793334961 -0.18109130859375 0.31304931640625
0.000150442123413086 0.0030519962310791 0.0613861083984375 0.244613647460938
0.00622272491455078 0.0075221061706543 0.16217041015625 0.024932861328125
0.0111360549926758 -0.00116729736328125 0.135345458984375 -0.117195129394531
0.0128355026245117 -0.0101451873779297 -0.117988586425781 0.104202270507813
0.0191173553466797 -0.00385284423828125 -0.156906127929688 -0.0421142578125
0.00699186325073242 0.00843524932861328 -0.0473175048828125 -0.2452392578125
-0.00130939483642578 0.0103549957275391 0.21429443359375 -0.273544311523438
-0.0221462249755859 -0.00388908386230469 0.41033935546875 0.061859130859375
-0.0150508880615234 -0.0246963500976562 0.23760986328125 0.4122314453125
0.0178680419921875 -0.0190887451171875 -0.05914306640625 0.302276611328125
0.0259761810302734 -0.00738143920898438 0.0190887451171875 0.0215034484863281
0.0152168273925781 -0.0104036331176758 0.079193115234375 -0.321014404296875
-0.000909805297851561 -0.0178928375244141 -0.254974365234375 -0.40887451171875
-0.0152120590209961 -0.0128002166748047 -0.442840576171875 0.00994873046874999
-0.00964450836181641 -0.000735282897949217 -0.1822509765625 0.313934326171875
0.00117683410644531 0.00474691390991211 0.0605316162109375 0.245895385742188
0.00831985473632813 0.0084528923034668 0.161956787109375 0.0250091552734375
0.0141315460205078 0.000698089599609375 0.13433837890625 -0.117263793945313
0.0150308609008789 -0.00950717926025391 -0.117485046386719 0.104484558105469
0.0203037261962891 -0.00390625 -0.157180786132813 -0.0398101806640625
0.00752735137939453 0.00946903228759766 -0.0505828857421875 -0.242477416992188
-0.00211811065673828 0.0109786987304687 0.210617065429688 -0.274093627929688
-0.0241508483886719 -0.00438880920410157 0.4097900390625 0.058685302734375
-0.0163040161132812 -0.0284099578857422 0.243621826171875 0.409149169921875
0.0197677612304687 -0.0249900817871094 -0.05841064453125 0.30645751953125
0.0308170318603516 -0.0120525360107422 0.0158195495605469 0.026947021484375
0.0173225402832031 -0.0159931182861328 0.08233642578125 -0.31610107421875
-0.00191497802734375 -0.0217399597167969 -0.249298095703125 -0.409912109375
-0.0176239013671875 -0.0139102935791016 -0.4425048828125 0.00454711914062499
-0.0102243423461914 -0.000351905822753905 -0.186279296875 0.31292724609375
0.00202512741088867 0.00567626953125 0.0576019287109375 0.248321533203125
0.00963973999023438 0.00919342041015625 0.162445068359375 0.0271759033203125
0.0166587829589844 0.00167560577392578 0.135231018066406 -0.118179321289063
0.0158557891845703 -0.00897979736328125 -0.116264343261719 0.105354309082031
0.0202102661132813 -0.00428962707519531 -0.1578369140625 -0.03656005859375
0.00796985626220703 0.00900936126708984 -0.0552978515625 -0.239471435546875
-0.00214481353759766 0.0109262466430664 0.20281982421875 -0.276321411132812
-0.0245685577392578 -0.00378608703613281 0.4097900390625 0.048553466796875
-0.0171108245849609 -0.0302810668945312 0.253173828125 0.4063720703125
0.0200862884521484 -0.0285835266113281 -0.053497314453125 0.313140869140625
0.0337429046630859 -0.0156745910644531 0.0114078521728516 0.0335063934326172
0.0189304351806641 -0.0194015502929688 0.085235595703125 -0.309967041015625
-0.00156402587890625 -0.0235614776611328 -0.24102783203125 -0.414276123046875
-0.0184288024902344 -0.0138378143310547 -0.44482421875 -0.00350952148437495
-0.0106525421142578 -0.00024890899658203 -0.194122314453125 0.312103271484375
0.0024561882019043 0.006317138671875 0.05340576171875 0.252273559570313
0.0101184844970703 0.00857162475585938 0.1612548828125 0.029296875
0.017552375793457 0.00260734558105469 0.134902954101563 -0.118019104003906
-0.00529289245605469 -0.0203914642333984 -0.116661071777344 0.106575012207031
0.00791358947753906 -0.0104598999023438 -0.160537719726563 -0.0322723388671875
-0.000465869903564453 -0.00259160995483398 -0.0656585693359375 -0.236892700195313
0.00834369659423828 0.00542640686035156 0.18621826171875 -0.287811279296875
-0.00490522384643555 0.00618410110473633 0.405914306640625 0.0250244140625
-0.00766944885253906 0.000115394592285157 0.267608642578125 0.385833740234375
0.00600242614746094 0.0090789794921875 -0.042083740234375 0.31134033203125
0.000478744506835936 0.0180816650390625 0.0127830505371094 0.0369606018066406
0.00539207458496094 0.0184001922607422 0.09503173828125 -0.305023193359375
0.0098114013671875 0.00503730773925781 -0.225860595703125 -0.424163818359375
0.00368595123291016 -0.00545644760131836 -0.446868896484375 -0.0236816406249999
-0.00184965133666992 -0.00686073303222656 -0.207672119140625 0.302642822265625
-0.00418663024902344 -0.0051722526550293 0.0430755615234375 0.255142211914063
-0.00235414505004883 0.000452518463134766 0.157562255859375 0.0356597900390625
-0.00152778625488281 -0.00820589065551758 0.1370849609375 -0.117256164550781
-0.00274658203125 -0.01873779296875 -0.117149353027344 0.105377197265625
0.00949287414550781 -0.00954818725585938 -0.159652709960937 -0.03619384765625
0.000383138656616211 -0.000549107789993286 -0.0589599609375 -0.241195678710938
0.00701570510864258 0.00647163391113281 0.196685791015625 -0.28399658203125
-0.00768327713012695 0.00484132766723633 0.406829833984375 0.03692626953125
-0.00918769836425781 -0.00220108032226563 0.25811767578125 0.39349365234375
0.00667190551757813 0.00635719299316406 -0.04754638671875 0.3057861328125
0.00265884399414063 0.0162220001220703 0.0167713165283203 0.0297203063964844
0.00682353973388672 0.0157680511474609 0.090362548828125 -0.3128662109375
0.00862598419189453 0.00198030471801758 -0.23760986328125 -0.419219970703125
0.00103378295898438 -0.0064549446105957 -0.446441650390625 -0.012786865234375
-0.00328350067138672 -0.00589799880981445 -0.19775390625 0.305389404296875
-0.00345587730407715 -0.00373983383178711 0.0496826171875 0.251296997070313
-0.000727176666259766 0.00184774398803711 0.158721923828125 0.0313568115234375
0.000838279724121094 -0.00707674026489258 0.13525390625 -0.117385864257813
0.000552177429199219 -0.0169258117675781 -0.117828369140625 0.104690551757813
0.0120582580566406 -0.00760555267333984 -0.158737182617188 -0.03936767578125
0.00219583511352539 0.00174963474273682 -0.0541229248046875 -0.243637084960938
0.00519227981567383 0.00710058212280273 0.204254150390625 -0.280563354492188
-0.0115470886230469 0.0028533935546875 0.4073486328125 0.047149658203125
-0.0103569030761719 -0.0070943832397461 0.247222900390625 0.39849853515625
0.00863170623779297 0.00171136856079102 -0.052520751953125 0.3004150390625
0.00741863250732422 0.011937141418457 0.0196857452392578 0.0240383148193359
0.00838565826416016 0.0106916427612305 0.084228515625 -0.31768798828125
0.00625467300415039 -0.00242996215820313 -0.248321533203125 -0.413238525390625
-0.00308132171630859 -0.00819730758666992 -0.444671630859375 -0.00134277343749993
-0.00444173812866211 -0.0048375129699707 -0.18896484375 0.308349609375
-0.0022730827331543 -0.00135016441345215 0.055938720703125 0.2474365234375
0.00145721435546875 0.00387787818908691 0.1595458984375 0.027923583984375
0.00364923477172852 -0.00569534301757813 0.13543701171875 -0.117805480957031
0.00447368621826172 -0.0144863128662109 -0.117958068847656 0.104209899902344
0.0148468017578125 -0.00578022003173828 -0.157058715820313 -0.0414581298828125
0.00417923927307129 0.00421929359436035 -0.050384521484375 -0.245208740234375
0.00297927856445313 0.00815677642822265 0.210601806640625 -0.276779174804688
-0.0158109664916992 0.00043964385986328 0.409149169921875 0.056121826171875
-0.0122165679931641 -0.0125350952148438 0.2410888671875 0.404693603515625
0.0116395950317383 -0.00473690032958984 -0.055938720703125 0.298614501953125
0.0133733749389648 0.00607013702392578 0.0213718414306641 0.0204849243164063
0.0102939605712891 0.00365066528320312 0.080322265625 -0.321075439453125
0.00356245040893555 -0.00757980346679688 -0.255218505859375 -0.4097900390625
-0.00771617889404297 -0.00994300842285156 -0.443267822265625 0.00708007812500008
-0.00632286071777344 -0.00332498550415039 -0.1824951171875 0.31085205078125
-0.000992417335510254 0.00124526023864746 0.059326171875 0.245254516601563
0.00435972213745117 0.00602531433105469 0.160568237304687 0.0250244140625
0.00776290893554688 -0.00311279296875 0.134780883789063 -0.117462158203125
0.00882339477539062 -0.0122499465942383 -0.11883544921875 0.104522705078125
0.0171117782592773 -0.00442028045654297 -0.156845092773438 -0.0423126220703125
0.00580978393554688 0.00642061233520508 -0.0475311279296875 -0.245269775390625
0.000632286071777344 0.00930500030517578 0.213714599609375 -0.2742919921875
-0.01904296875 -0.00178146362304688 0.409027099609375 0.058685302734375
-0.0136528015136719 -0.0188331604003906 0.23797607421875 0.406829833984375
0.0146484375 -0.0119619369506836 -0.059234619140625 0.29766845703125
0.0195178985595703 -0.000255584716796875 0.0211143493652344 0.0196418762207031
0.0126705169677734 -0.00353240966796875 0.078857421875 -0.320892333984375
0.00128173828125 -0.0132961273193359 -0.25762939453125 -0.40545654296875
-0.0117969512939453 -0.0112581253051758 -0.44085693359375 0.0118103027343751
-0.00817775726318359 -0.001617431640625 -0.180450439453125 0.31207275390625
0.000139713287353516 0.00332283973693848 0.06182861328125 0.244430541992188
0.00628995895385742 0.00730705261230469 0.161056518554688 0.0246124267578125
0.0109233856201172 -0.00157546997070313 0.13494873046875 -0.117401123046875
0.0125102996826172 -0.0108890533447266 -0.116897583007813 0.104408264160156
0.0189609527587891 -0.00396156311035156 -0.155868530273438 -0.041473388671875
0.00672388076782227 0.00844335556030273 -0.04803466796875 -0.243896484375
-0.00104522705078125 0.0101852416992188 0.212554931640625 -0.27313232421875
-0.0222263336181641 -0.00361251831054688 0.4075927734375 0.06158447265625
-0.0154342651367187 -0.0239467620849609 0.23797607421875 0.408660888671875
0.0173168182373047 -0.01922607421875 -0.0594482421875 0.300537109375
0.0256690979003906 -0.00708580017089844 0.0187931060791016 0.0224266052246094
0.0150327682495117 -0.0105409622192383 0.07928466796875 -0.318511962890625
-0.000608444213867187 -0.0179405212402344 -0.25341796875 -0.406982421875
-0.0157537460327148 -0.0124025344848633 -0.441192626953125 0.00930786132812507
-0.00951004028320313 -0.000855445861816407 -0.18109130859375 0.312957763671875
0.00123167037963867 0.00463771820068359 0.0604248046875 0.244842529296875
0.00836992263793945 0.00830221176147461 0.161651611328125 0.0253143310546875
0.0139312744140625 0.000628471374511719 0.133857727050781 -0.117301940917969
0.014678955078125 -0.00925540924072266 -0.116958618164062 0.104324340820313
0.0196094512939453 -0.00378799438476563 -0.155899047851562 -0.03875732421875
0.00786018371582031 0.00906276702880859 -0.0506439208984375 -0.24139404296875
-0.00197601318359375 0.0103702545166016 0.20941162109375 -0.273880004882813
-0.0240802764892578 -0.00446128845214844 0.408843994140625 0.057830810546875
-0.0162925720214844 -0.0284309387207031 0.243499755859375 0.407867431640625
0.0189666748046875 -0.0246315002441406 -0.05859375 0.3052978515625
0.0305881500244141 -0.0119400024414062 0.0157394409179688 0.0273151397705078
0.0174942016601563 -0.0159358978271484 0.081573486328125 -0.313995361328125
-0.00153160095214844 -0.0217704772949219 -0.2476806640625 -0.408416748046875
-0.01800537109375 -0.0136089324951172 -0.44110107421875 0.00482177734375002
-0.01068115234375 -8.39233398437493E-05 -0.185821533203125 0.312255859375
0.00226879119873047 0.00579071044921875 0.057830810546875 0.247451782226562
0.00952339172363281 0.009063720703125 0.161117553710938 0.0266876220703125
0.0165224075317383 0.0020751953125 0.134590148925781 -0.117683410644531
0.0155830383300781 -0.00883960723876953 -0.115348815917969 0.104995727539063
0.0203456878662109 -0.00485610961914062 -0.156463623046875 -0.035186767578125
0.00793170928955078 0.00886917114257812 -0.05535888671875 -0.238494873046875
-0.00169467926025391 0.010711669921875 0.202728271484375 -0.276107788085938
-0.0246505737304688 -0.00411605834960937 0.407440185546875 0.048065185546875
-0.0173912048339844 -0.0302886962890625 0.25244140625 0.404571533203125
0.0203933715820313 -0.0283889770507813 -0.054412841796875 0.311004638671875
0.0334815979003906 -0.0156764984130859 0.0110340118408203 0.0335807800292969
0.0192222595214844 -0.0195274353027344 0.08489990234375 -0.3084716796875
-0.00144386291503906 -0.0234565734863281 -0.239288330078125 -0.412384033203125
-0.0185012817382813 -0.0140724182128906 -0.442413330078125 -0.00378417968750007
-0.010807991027832 0.000110626220703126 -0.192596435546875 0.31182861328125
0.002685546875 0.00595474243164063 0.0535125732421875 0.251052856445313
0.0104026794433594 0.00860404968261719 0.1602783203125 0.0296478271484375
0.0171880722045898 0.00270938873291016 0.134262084960938 -0.117538452148437
-0.00563240051269531 -0.0201873779296875 -0.115608215332031 0.106163024902344
0.00751399993896484 -0.0109834671020508 -0.159866333007813 -0.0309600830078125
-0.000440597534179687 -0.00258374214172363 -0.065460205078125 -0.236373901367188
0.00885772705078125 0.00534629821777344 0.185638427734375 -0.286712646484375
-0.00510120391845703 0.00643777847290039 0.404205322265625 0.02410888671875
-0.00784492492675781 0.000340938568115233 0.267425537109375 0.38446044921875
0.00572776794433594 0.0088815689086914 -0.042510986328125 0.310546875
0.000251770019531251 0.0181713104248047 0.0128631591796875 0.0372276306152344
0.00578880310058594 0.0182476043701172 0.0953369140625 -0.303314208984375
0.00980281829833984 0.00505447387695313 -0.225250244140625 -0.42279052734375
0.00357866287231445 -0.00546360015869141 -0.445953369140625 -0.0231018066406251
-0.0021820068359375 -0.00717020034790039 -0.2069091796875 0.301910400390625
-0.00381708145141602 -0.00491094589233398 0.04315185546875 0.2548828125
-0.0019831657409668 0.000483274459838867 0.156906127929688 0.0355377197265625
-0.00157880783081055 -0.00843524932861328 0.1368408203125 -0.117195129394531
-0.00341796875 -0.0186862945556641 -0.116798400878906 0.105300903320313
0.00943374633789062 -0.00976085662841797 -0.158706665039063 -0.0350799560546875
0.00084000825881958 -0.000125408172607422 -0.0593109130859375 -0.240570068359375
0.00735712051391602 0.00618982315063477 0.1959228515625 -0.28314208984375
-0.00836324691772461 0.00507020950317383 0.406005859375 0.037078857421875
-0.00915908813476563 -0.00214004516601563 0.256805419921875 0.393585205078125
0.00685358047485351 0.00622272491455078 -0.048431396484375 0.303802490234375
0.00249767303466797 0.0159635543823242 0.0164852142333984 0.0301322937011719
0.00675392150878906 0.0157375335693359 0.089813232421875 -0.310821533203125
0.00879478454589844 0.00175666809082031 -0.23638916015625 -0.418365478515625
0.000665664672851563 -0.00689172744750977 -0.445709228515625 -0.01361083984375
-0.00312232971191406 -0.00610256195068359 -0.197235107421875 0.30560302734375
-0.00311493873596191 -0.00350832939147949 0.049224853515625 0.251022338867188
-0.000550985336303711 0.00215637683868408 0.158111572265625 0.03192138671875
0.000683307647705079 -0.00731945037841797 0.134979248046875 -0.11724853515625
0.00028228759765625 -0.0172433853149414 -0.117301940917969 0.104644775390625
0.0118198394775391 -0.00759220123291016 -0.157882690429688 -0.038330078125
0.00274872779846191 0.00140738487243652 -0.0540924072265625 -0.243072509765625
0.00550174713134766 0.00742387771606445 0.204238891601562 -0.279922485351563
-0.0116901397705078 0.00283527374267578 0.406280517578125 0.046661376953125
-0.010502815246582 -0.00650119781494141 0.247314453125 0.397857666015625
0.00876379013061524 0.00174093246459961 -0.052886962890625 0.29913330078125
0.00702476501464844 0.0116329193115234 0.02001953125 0.0243740081787109
0.00875949859619141 0.0106267929077148 0.085235595703125 -0.316009521484375
0.00656461715698242 -0.00231218338012695 -0.247344970703125 -0.41278076171875
-0.00350856781005859 -0.00862503051757813 -0.443206787109375 -9.15527343749105E-05
-0.00450277328491211 -0.00472784042358398 -0.187896728515625 0.308380126953125
-0.00269818305969238 -0.0011448860168457 0.0552520751953125 0.247268676757813
0.00163507461547852 0.00398349761962891 0.159164428710938 0.02813720703125
0.00373983383178711 -0.0054936408996582 0.135093688964844 -0.116973876953125
0.00428867340087891 -0.0148992538452148 -0.117530822753906 0.1046142578125
0.0145330429077148 -0.0060577392578125 -0.15679931640625 -0.04052734375
0.00461530685424805 0.00386857986450195 -0.0502166748046875 -0.244857788085938
0.00329256057739258 0.00851297378540039 0.209609985351562 -0.276046752929688
-0.0153255462646484 0.000256538391113283 0.408203125 0.055572509765625
-0.0119838714599609 -0.0126495361328125 0.2413330078125 0.401458740234375
0.0113124847412109 -0.00451183319091797 -0.056793212890625 0.297393798828125
0.0130290985107422 0.00603961944580078 0.0213470458984375 0.0209083557128906
0.0105581283569336 0.00417900085449219 0.08062744140625 -0.31939697265625
0.00405359268188477 -0.00788211822509766 -0.253143310546875 -0.40850830078125
-0.00786781311035156 -0.00983428955078125 -0.442352294921875 0.00653076171875006
-0.00652170181274414 -0.00349807739257813 -0.181304931640625 0.310150146484375
-0.00105541944503784 0.000996112823486328 0.0594940185546875 0.244735717773438
0.00423860549926758 0.00576591491699219 0.1600341796875 0.0247802734375
0.00763463973999023 -0.0033721923828125 0.133834838867188 -0.117446899414062
0.00879573822021484 -0.0128297805786133 -0.117782592773438 0.103919982910156
0.0165786743164063 -0.00456905364990234 -0.156051635742188 -0.041046142578125
0.0066370964050293 0.00614500045776367 -0.047760009765625 -0.244873046875
0.00106334686279297 0.00921630859375 0.213272094726562 -0.274169921875
-0.0190563201904297 -0.00193405151367188 0.407012939453125 0.060394287109375
-0.0136051177978516 -0.0185203552246094 0.236785888671875 0.40582275390625
0.0143098831176758 -0.0123844146728516 -0.059722900390625 0.2962646484375
0.0194892883300781 -0.000463485717773438 0.0207252502441406 0.020294189453125
0.0124959945678711 -0.00393772125244141 0.078857421875 -0.318511962890625
0.00144100189208984 -0.0134992599487305 -0.25616455078125 -0.40509033203125
-0.0118427276611328 -0.0114603042602539 -0.44000244140625 0.0106506347656249
-0.00821924209594727 -0.00163841247558594 -0.180145263671875 0.311767578125
0.00066375732421875 0.00355410575866699 0.061920166015625 0.243606567382813
0.00654172897338867 0.00710678100585938 0.160903930664063 0.0242767333984375
0.0113391876220703 -0.00115394592285156 0.134246826171875 -0.116752624511719
0.0122299194335938 -0.0108213424682617 -0.116844177246094 0.104476928710938
0.0185985565185547 -0.0042266845703125 -0.155303955078125 -0.0405731201171875
0.00717306137084961 0.00847244262695313 -0.0478363037109375 -0.243179321289063
-0.00100421905517578 0.00979900360107422 0.212203979492187 -0.272918701171875
-0.0225315093994141 -0.00368309020996093 0.407623291015625 0.060943603515625
-0.0148525238037109 -0.0245761871337891 0.236419677734375 0.407012939453125
0.0174350738525391 -0.0192241668701172 -0.0595703125 0.29949951171875
0.0253944396972656 -0.00701141357421875 0.0185565948486328 0.0225429534912109
0.0151700973510742 -0.0106916427612305 0.07989501953125 -0.317413330078125
-0.000524520874023439 -0.0180740356445313 -0.2529296875 -0.4053955078125
-0.0153303146362305 -0.0123167037963867 -0.4405517578125 0.00967407226562507
-0.00990772247314453 -0.000606536865234375 -0.18017578125 0.312408447265625
0.00160312652587891 0.0049138069152832 0.0602569580078125 0.244537353515625
0.00824260711669922 0.00835943222045898 0.160476684570312 0.0244140625
0.014348030090332 0.000370979309082031 0.133468627929688 -0.117584228515625
0.0142269134521484 -0.00942230224609375 -0.115882873535156 0.104789733886719
0.0199089050292969 -0.003936767578125 -0.155487060546875 -0.0381622314453125
0.00820827484130859 0.00921440124511719 -0.0512542724609375 -0.240371704101563
-0.00156116485595703 0.0109043121337891 0.208770751953125 -0.272415161132813
-0.0240535736083984 -0.00455284118652343 0.406982421875 0.057159423828125
-0.0163288116455078 -0.0282764434814453 0.24200439453125 0.404937744140625
0.0191764831542969 -0.0249862670898438 -0.0587158203125 0.30401611328125
0.0304813385009766 -0.0119476318359375 0.0151805877685547 0.0276527404785156
0.0172052383422852 -0.0161781311035156 0.081329345703125 -0.311676025390625
-0.00160408020019531 -0.021697998046875 -0.2467041015625 -0.40704345703125
-0.0178508758544922 -0.0138034820556641 -0.439971923828125 0.00390624999999996
-0.0106897354125977 -0.00016307830810547 -0.18524169921875 0.311981201171875
0.00246620178222656 0.00612497329711914 0.0576019287109375 0.247390747070312
0.00988292694091797 0.0087728500366211 0.160552978515625 0.02630615234375
0.0166358947753906 0.00188732147216797 0.133872985839844 -0.117530822753906
0.0152835845947266 -0.00894927978515625 -0.114540100097656 0.105155944824219
0.0198764801025391 -0.004547119140625 -0.155838012695313 -0.034942626953125
0.0084524154663086 0.00906753540039063 -0.05548095703125 -0.237945556640625
-0.00171279907226562 0.0105400085449219 0.201583862304688 -0.275115966796875
-0.0251140594482422 -0.00356483459472656 0.40625 0.04791259765625
-0.0172061920166016 -0.0299911499023437 0.251708984375 0.4031982421875
0.0197582244873047 -0.0287246704101563 -0.0545654296875 0.310638427734375
0.0336723327636719 -0.0154323577880859 0.0112361907958984 0.0342044830322266
0.0187034606933594 -0.0192661285400391 0.0850830078125 -0.30609130859375
-0.00102615356445313 -0.0236167907714844 -0.238677978515625 -0.4111328125
-0.0185413360595703 -0.0140552520751953 -0.44061279296875 -0.00375366210937503
-0.0112161636352539 -0.000106811523437498 -0.192230224609375 0.311004638671875
0.00276947021484375 0.00581121444702148 0.053375244140625 0.2506103515625
0.0104637145996094 0.00868034362792969 0.159454345703125 0.0288238525390625
0.0174703598022461 0.00262069702148437 0.133453369140625 -0.117698669433594
-0.00620269775390625 -0.0206947326660156 -0.115959167480469 0.106208801269531
0.00754642486572266 -0.0111989974975586 -0.159072875976562 -0.0306549072265625
-0.000426769256591797 -0.00243711471557617 -0.0651397705078125 -0.235809326171875
0.00891590118408203 0.00523757934570313 0.186065673828125 -0.286590576171875
-0.00533199310302734 0.00619888305664063 0.4036865234375 0.024139404296875
-0.0081019401550293 0.000160694122314455 0.2666015625 0.383819580078125
0.00602817535400391 0.00892257690429688 -0.042633056640625 0.309722900390625
-1.14440917968762E-05 0.0181331634521484 0.0126266479492187 0.0376396179199219
0.00584793090820312 0.0183334350585938 0.096527099609375 -0.301605224609375
0.0104551315307617 0.00490188598632813 -0.223114013671875 -0.42193603515625
0.00379657745361328 -0.00568962097167969 -0.445037841796875 -0.025299072265625
-0.00194215774536133 -0.00677919387817383 -0.206298828125 0.302093505859375
-0.00359582901000976 -0.00498437881469727 0.04296875 0.255157470703125
-0.00178802013397217 8.91685485839845E-05 0.156524658203125 0.035125732421875
-0.001678466796875 -0.0084681510925293 0.136322021484375 -0.116897583007812
-0.003570556640625 -0.0192356109619141 -0.116226196289062 0.105392456054688
0.00940799713134766 -0.00959491729736328 -0.158218383789063 -0.0345458984375
0.000806629657745361 -0.000974714756011963 -0.059112548828125 -0.240081787109375
0.00740814208984375 0.00576925277709961 0.194915771484375 -0.282958984375
-0.00807809829711914 0.00479459762573242 0.405914306640625 0.037200927734375
-0.00917625427246094 -0.00212478637695313 0.256683349609375 0.391937255859375
0.00653457641601563 0.00637674331665039 -0.048675537109375 0.30377197265625
0.00219154357910156 0.0165109634399414 0.0169029235839844 0.0305900573730469
0.00674819946289063 0.0151844024658203 0.090972900390625 -0.3092041015625
0.00871753692626953 0.0020751953125 -0.235626220703125 -0.418060302734375
0.00108242034912109 -0.00655555725097656 -0.443328857421875 -0.0129089355468751
-0.00294828414916992 -0.00575780868530274 -0.197113037109375 0.305023193359375
-0.00295019149780273 -0.0033721923828125 0.0492095947265625 0.25115966796875
-8.34465026855453E-06 0.00205564498901367 0.157440185546875 0.0312347412109375
0.000559329986572266 -0.00750446319580078 0.135055541992188 -0.117332458496094
-0.000459671020507811 -0.0176982879638672 -0.117156982421875 0.105117797851563
0.0114612579345703 -0.00775718688964844 -0.156997680664063 -0.0377655029296875
0.00240325927734375 0.00166130065917969 -0.0533294677734375 -0.24285888671875
0.00565433502197266 0.00689172744750977 0.20361328125 -0.279937744140625
-0.0116291046142578 0.00285625457763672 0.405792236328125 0.04718017578125
-0.0105972290039062 -0.00661182403564453 0.247161865234375 0.396728515625
0.00828218460083008 0.00117111206054688 -0.054046630859375 0.298614501953125
0.00700759887695313 0.0118083953857422 0.01983642578125 0.0246353149414063
0.00847053527832031 0.0106115341186523 0.085784912109375 -0.314697265625
0.00661087036132813 -0.0024261474609375 -0.246246337890625 -0.411224365234375
-0.00304317474365234 -0.00823545455932617 -0.443145751953125 -0.000518798828125032
-0.00500583648681641 -0.0047602653503418 -0.187469482421875 0.308319091796875
-0.00221467018127441 -0.000700950622558593 0.0550384521484375 0.246963500976563
0.00178718566894531 0.00403022766113281 0.158843994140625 0.02764892578125
0.00384998321533203 -0.00549936294555664 0.134544372558594 -0.117500305175781
0.00349712371826172 -0.0150737762451172 -0.11724853515625 0.104568481445313
0.0142021179199219 -0.00603771209716797 -0.156280517578125 -0.0399932861328125
0.00457096099853516 0.00395822525024414 -0.050262451171875 -0.244094848632812
0.0032644271850586 0.00792312622070313 0.209457397460938 -0.276382446289063
-0.0156316757202148 0.000502586364746094 0.406768798828125 0.055419921875
-0.0120086669921875 -0.0126209259033203 0.240997314453125 0.40167236328125
0.011347770690918 -0.00500202178955078 -0.057403564453125 0.29620361328125
0.0127964019775391 0.00604438781738281 0.0211982727050781 0.0214271545410156
0.0103378295898438 0.00401496887207031 0.081268310546875 -0.317474365234375
0.00424480438232422 -0.00772237777709961 -0.2515869140625 -0.40863037109375
-0.00753593444824219 -0.00964164733886719 -0.441192626953125 0.00720214843749993
-0.00622320175170899 -0.00336265563964844 -0.181396484375 0.31036376953125
-0.00115311145782471 0.00115716457366943 0.0600433349609375 0.24468994140625
0.00460290908813477 0.00593423843383789 0.159622192382813 0.0249176025390625
0.00723838806152344 -0.00332784652709961 0.133598327636719 -0.117637634277344
0.00809574127197266 -0.0129594802856445 -0.117706298828125 0.104171752929687
0.0165424346923828 -0.00465774536132813 -0.155502319335938 -0.0407257080078125
0.00624370574951172 0.00638532638549805 -0.048004150390625 -0.244598388671875
0.00148296356201172 0.00902843475341797 0.21246337890625 -0.274261474609375
-0.0196037292480469 -0.00156784057617188 0.406524658203125 0.059539794921875
-0.0134677886962891 -0.018798828125 0.236572265625 0.403594970703125
0.0141801834106445 -0.0121135711669922 -0.060089111328125 0.295562744140625
0.0192737579345703 -0.0005645751953125 0.0209102630615234 0.0208454132080078
0.0129318237304688 -0.00354957580566406 0.0791015625 -0.3177490234375
0.00157737731933594 -0.0133476257324219 -0.25537109375 -0.40478515625
-0.0118722915649414 -0.0113439559936523 -0.439117431640625 0.011444091796875
-0.00829839706420898 -0.00192403793334961 -0.179473876953125 0.31170654296875
0.000483989715576172 0.00314974784851074 0.061279296875 0.243194580078125
0.00682830810546875 0.00743961334228516 0.159957885742188 0.024139404296875
0.0112266540527344 -0.00125503540039063 0.134017944335938 -0.116889953613281
0.0115442276000977 -0.0109825134277344 -0.116355895996094 0.104217529296875
0.0183734893798828 -0.00425148010253906 -0.155075073242188 -0.0398406982421875
0.00712394714355469 0.00780105590820313 -0.047576904296875 -0.243087768554688
-0.000258445739746093 0.00978183746337891 0.212326049804687 -0.272445678710938
-0.0224742889404297 -0.00341415405273437 0.405975341796875 0.061004638671875
-0.0148468017578125 -0.0241050720214844 0.23724365234375 0.406494140625
0.0171413421630859 -0.019622802734375 -0.0606689453125 0.298370361328125
0.0257244110107422 -0.00670242309570313 0.0187911987304688 0.02313232421875
0.0153493881225586 -0.0106697082519531 0.08062744140625 -0.316375732421875
-4.00543212890621E-05 -0.0177860260009766 -0.251800537109375 -0.405059814453125
-0.0154314041137695 -0.0126314163208008 -0.440887451171875 0.00936889648437495
-0.0102272033691406 -0.000896453857421874 -0.18017578125 0.312286376953125
0.00188589096069336 0.00528717041015625 0.0603485107421875 0.244613647460938
0.00910186767578125 0.00848102569580078 0.160812377929688 0.0246124267578125
0.01409912109375 0.000517845153808594 0.133583068847656 -0.117271423339844
0.0137910842895508 -0.00984668731689453 -0.115898132324219 0.104766845703125
0.0193500518798828 -0.00400352478027344 -0.154266357421875 -0.0373382568359375
0.00786590576171875 0.00899791717529297 -0.0509033203125 -0.240402221679688
-0.00117015838623047 0.0103988647460938 0.208221435546875 -0.273223876953125
-0.0246334075927734 -0.00429725646972656 0.4066162109375 0.056884765625
-0.0156803131103516 -0.0279273986816406 0.242034912109375 0.40374755859375
0.0190677642822266 -0.0246238708496094 -0.058929443359375 0.303192138671875
0.0299873352050781 -0.0119380950927734 0.0152435302734375 0.0278129577636719
0.017216682434082 -0.0161552429199219 0.08282470703125 -0.311187744140625
-0.001220703125 -0.0212669372558594 -0.245025634765625 -0.4072265625
-0.0181961059570313 -0.0133171081542969 -0.439361572265625 0.00427246093750009
-0.0108404159545898 1.32752422560682E-18 -0.18475341796875 0.312255859375
0.00243902206420898 0.00634384155273438 0.057037353515625 0.247100830078125
0.0105123519897461 0.00914096832275391 0.160171508789062 0.0265350341796875
0.0164356231689453 0.00197601318359375 0.134056091308594 -0.117156982421875
0.0147953033447266 -0.00963115692138672 -0.113990783691406 0.104827880859375
0.0196418762207031 -0.00470352172851563 -0.1553955078125 -0.033782958984375
0.00845909118652344 0.00844287872314453 -0.0552825927734375 -0.237503051757812
-0.00171184539794922 0.0102100372314453 0.20074462890625 -0.275863647460938
-0.0252494812011719 -0.00381660461425781 0.406341552734375 0.047119140625
-0.0172996520996094 -0.0300045013427734 0.25054931640625 0.401458740234375
0.0198822021484375 -0.0284404754638672 -0.05487060546875 0.309173583984375
0.0329551696777344 -0.0151615142822266 0.0114307403564453 0.0344314575195313
0.0189094543457031 -0.0192794799804688 0.086212158203125 -0.304779052734375
-0.000890731811523439 -0.0228157043457031 -0.2373046875 -0.410369873046875
-0.0184860229492188 -0.0141773223876953 -0.441009521484375 -0.00283813476562507
-0.01123046875 -0.00018119812011719 -0.19189453125 0.311492919921875
0.00254726409912109 0.00653409957885742 0.053314208984375 0.250213623046875
0.0105409622192383 0.00844383239746094 0.159683227539063 0.0295867919921875
0.0174312591552734 0.00278282165527344 0.133506774902344 -0.117546081542969
-0.00639724731445313 -0.0206851959228516 -0.115646362304688 0.106330871582031
0.00756072998046875 -0.0115222930908203 -0.158737182617188 -0.02978515625
-0.00022125244140625 -0.00273489952087402 -0.064849853515625 -0.236038208007813
0.00888729095458984 0.00471878051757813 0.18548583984375 -0.28668212890625
-0.00562191009521484 0.00636625289916992 0.403594970703125 0.024444580078125
-0.00778532028198242 0.000390529632568358 0.26611328125 0.382537841796875
0.00518703460693359 0.00833034515380859 -0.04443359375 0.30841064453125
-8.58306884765634E-05 0.0180568695068359 0.0126686096191406 0.0378227233886719
0.00594139099121094 0.018157958984375 0.0966796875 -0.3006591796875
0.0103912353515625 0.00498008728027344 -0.222503662109375 -0.4227294921875
0.00348711013793945 -0.00505352020263672 -0.44580078125 -0.02410888671875
-0.00216341018676758 -0.00683975219726562 -0.206298828125 0.30242919921875
-0.00350570678710937 -0.00482606887817383 0.04296875 0.25537109375
-0.00170052051544189 0.000339388847351074 0.156097412109375 0.0352020263671875
-0.00109100341796875 -0.00840091705322266 0.135887145996094 -0.116989135742188
-0.00420761108398437 -0.0193576812744141 -0.116004943847656 0.105682373046875
0.00914478302001953 -0.00968265533447266 -0.157958984375 -0.0340728759765625
0.000902116298675537 -0.000881075859069824 -0.0590057373046875 -0.239715576171875
0.00760793685913086 0.00570201873779297 0.195465087890625 -0.2835693359375
-0.00856781005859375 0.00493335723876953 0.4052734375 0.036468505859375
-0.00907611846923828 -0.00187397003173828 0.2562255859375 0.391204833984375
0.00649309158325195 0.00606107711791992 -0.05010986328125 0.303375244140625
0.0023040771484375 0.0162439346313477 0.0167579650878906 0.0311412811279297
0.00655841827392578 0.0157670974731445 0.091156005859375 -0.308349609375
0.00931930541992188 0.00187397003173828 -0.235137939453125 -0.41827392578125
0.000743389129638672 -0.00605154037475586 -0.44317626953125 -0.013427734375
-0.00339937210083008 -0.00621223449707031 -0.196533203125 0.30548095703125
-0.00272822380065918 -0.00306797027587891 0.0489501953125 0.25128173828125
-7.74860382080067E-06 0.00203990936279297 0.157470703125 0.0313720703125
0.000695228576660157 -0.00708436965942383 0.134613037109375 -0.117301940917969
-0.00102519989013672 -0.0173282623291016 -0.116844177246094 0.105064392089844
0.0114221572875977 -0.00772953033447266 -0.1568603515625 -0.037200927734375
0.00284385681152344 0.00153136253356934 -0.0540924072265625 -0.243072509765625
0.00597715377807617 0.00670099258422852 0.202972412109375 -0.280502319335938
-0.0118865966796875 0.00298023223876953 0.405517578125 0.046478271484375
-0.0103549957275391 -0.00661087036132812 0.245941162109375 0.395477294921875
0.00789594650268555 0.00133466720581055 -0.05462646484375 0.298248291015625
0.00685977935791016 0.0119562149047852 0.0198249816894531 0.0257339477539063
0.0086822509765625 0.00997447967529297 0.085784912109375 -0.314056396484375
0.00719976425170899 -0.00244522094726563 -0.244476318359375 -0.41326904296875
-0.0035099983215332 -0.00802707672119141 -0.4417724609375 -0.00061035156249996
-0.00497245788574219 -0.00492954254150391 -0.188232421875 0.30828857421875
-0.00201964378356934 -0.000916361808776855 0.0553131103515625 0.247512817382813
0.00220537185668945 0.00376605987548828 0.158416748046875 0.0277557373046875
0.0038304328918457 -0.00547409057617188 0.1348876953125 -0.117774963378906
0.00340652465820313 -0.015106201171875 -0.116920471191406 0.104644775390625
0.0141277313232422 -0.00620937347412109 -0.155914306640625 -0.03936767578125
0.00442695617675781 0.00395774841308594 -0.05029296875 -0.244598388671875
0.00372982025146484 0.00760412216186523 0.209381103515625 -0.276840209960938
-0.0162334442138672 0.000474929809570311 0.407073974609375 0.055511474609375
-0.0119829177856445 -0.0121583938598633 0.240142822265625 0.40081787109375
0.0112056732177734 -0.00490760803222656 -0.058197021484375 0.295928955078125
0.0125484466552734 0.00624561309814453 0.0212631225585937 0.0221328735351562
0.0107460021972656 0.00388336181640625 0.08184814453125 -0.3172607421875
0.00405645370483398 -0.00771999359130859 -0.252105712890625 -0.4083251953125
-0.00767421722412109 -0.0100011825561523 -0.4407958984375 0.00662231445312498
-0.00646781921386719 -0.00319766998291016 -0.1817626953125 0.310943603515625
-0.000691890716552734 0.00149142742156982 0.05963134765625 0.244705200195312
0.00458478927612305 0.00577974319458008 0.159347534179688 0.0250244140625
0.00724267959594727 -0.00348758697509766 0.133995056152344 -0.117507934570313
0.00745105743408203 -0.0129432678222656 -0.117919921875 0.104896545410156
0.016322135925293 -0.00502109527587891 -0.155227661132812 -0.0401153564453125
0.00618362426757813 0.00639915466308594 -0.047454833984375 -0.244659423828125
0.00130939483642578 0.00886631011962891 0.212738037109375 -0.274398803710938
-0.0196399688720703 -0.00185394287109375 0.406951904296875 0.05889892578125
-0.0131435394287109 -0.0184955596923828 0.235076904296875 0.403076171875
0.013916015625 -0.012115478515625 -0.06048583984375 0.2950439453125
0.0189857482910156 -0.000200271606445313 0.0205726623535156 0.0211811065673828
0.0130691528320313 -0.00357437133789063 0.080474853515625 -0.317291259765625
0.00182819366455078 -0.0135297775268555 -0.25494384765625 -0.40478515625
-0.0118951797485352 -0.0112857818603516 -0.43890380859375 0.011810302734375
-0.00913715362548828 -0.00190830230712891 -0.179718017578125 0.312530517578125
0.000310420989990234 0.00368046760559082 0.0615997314453125 0.244033813476562
0.00678348541259766 0.00757408142089844 0.160354614257813 0.023895263671875
0.0110263824462891 -0.00152206420898438 0.1341552734375 -0.117446899414063
0.0108404159545898 -0.0115690231323242 -0.116073608398437 0.104278564453125
0.0180759429931641 -0.00413894653320313 -0.154525756835938 -0.0389556884765625
0.00745964050292969 0.00757837295532227 -0.0479736328125 -0.24383544921875
9.44137573242185E-05 0.00973892211914062 0.212020874023438 -0.272689819335938
-0.0225353240966797 -0.00340080261230469 0.4068603515625 0.061309814453125
-0.0146942138671875 -0.0242214202880859 0.236083984375 0.4053955078125
0.0168361663818359 -0.0191593170166016 -0.06134033203125 0.29827880859375
0.0254898071289062 -0.00669288635253906 0.01849365234375 0.0240230560302734
0.0152912139892578 -0.010319709777832 0.0811767578125 -0.314910888671875
0.000190734863281251 -0.0178852081298828 -0.2506103515625 -0.405059814453125
-0.0158529281616211 -0.0127191543579102 -0.44024658203125 0.00942993164062491
-0.00995540618896484 -0.000911712646484377 -0.1802978515625 0.312530517578125
0.00178194046020508 0.00562620162963867 0.0603485107421875 0.244598388671875
0.00925064086914063 0.0084991455078125 0.159988403320313 0.024383544921875
0.0140390396118164 0.000459671020507813 0.133285522460938 -0.117439270019531
0.0134553909301758 -0.0101222991943359 -0.115585327148438 0.104972839355469
0.0194740295410156 -0.00437736511230469 -0.154281616210938 -0.0363006591796875
0.0081486701965332 0.00858831405639648 -0.0505828857421875 -0.240325927734375
-0.00148200988769531 0.0100116729736328 0.208221435546875 -0.2730712890625
-0.0246849060058594 -0.00454139709472656 0.4061279296875 0.05792236328125
-0.0161075592041016 -0.0280666351318359 0.240814208984375 0.403900146484375
0.0191135406494141 -0.0246257781982422 -0.059967041015625 0.302276611328125
0.0302543640136719 -0.0115718841552734 0.0155258178710938 0.0282974243164063
0.0175638198852539 -0.0160636901855469 0.083831787109375 -0.31011962890625
-0.000576019287109373 -0.0210361480712891 -0.244537353515625 -0.407623291015625
-0.0177345275878906 -0.0133075714111328 -0.439666748046875 0.00418090820312507
-0.0109577178955078 0.000339508056640623 -0.184967041015625 0.31243896484375
0.00250864028930664 0.00629138946533203 0.057373046875 0.24737548828125
0.0104007720947266 0.00863552093505859 0.159591674804688 0.026214599609375
0.0162315368652344 0.00175094604492188 0.133583068847656 -0.11737060546875
0.0143260955810547 -0.0098419189453125 -0.114303588867188 0.105484008789063
0.0193939208984375 -0.00487709045410156 -0.155029296875 -0.033660888671875
0.00833320617675781 0.00875663757324219 -0.0552520751953125 -0.237411499023438
-0.00117206573486328 0.0103130340576172 0.20050048828125 -0.27618408203125
-0.02532958984375 -0.00353050231933594 0.40606689453125 0.0478515625
-0.0170536041259766 -0.0301628112792969 0.2503662109375 0.400604248046875
0.0198516845703125 -0.0285129547119141 -0.05621337890625 0.309417724609375
0.0329113006591797 -0.0149879455566406 0.0109081268310547 0.0349864959716797
0.0193500518798828 -0.0193576812744141 0.086456298828125 -0.304168701171875
-0.000518798828125 -0.0232887268066406 -0.236663818359375 -0.410430908203125
-0.0185031890869141 -0.0134124755859375 -0.440948486328125 -0.00393676757812497
-0.0117664337158203 -0.000135421752929688 -0.191741943359375 0.31121826171875
0.0032038688659668 0.00686788558959961 0.05303955078125 0.251052856445313
0.0106105804443359 0.00864601135253906 0.15899658203125 0.0287933349609375
0.0174074172973633 0.00223445892333984 0.13360595703125 -0.117874145507813
-0.00708198547363281 -0.0206394195556641 -0.115730285644531 0.106849670410156
0.00780296325683594 -0.0116119384765625 -0.159027099609375 -0.0292510986328125
8.03470611572267E-05 -0.00293707847595215 -0.065460205078125 -0.236328125
0.00945949554443359 0.00470256805419922 0.185638427734375 -0.2874755859375
-0.00609302520751953 0.00649166107177734 0.404632568359375 0.025177001953125
-0.00811481475830078 0.000224590301513672 0.26611328125 0.3829345703125
0.00524520874023438 0.00876808166503906 -0.044830322265625 0.309173583984375
6.10351562500009E-05 0.0183849334716797 0.0129966735839844 0.0387458801269531
0.00593376159667969 0.0180950164794922 0.09796142578125 -0.300811767578125
0.010828971862793 0.00534820556640625 -0.221343994140625 -0.4237060546875
0.00337457656860352 -0.00502538681030273 -0.446014404296875 -0.0244140625
-0.00234794616699219 -0.00691747665405273 -0.20684814453125 0.303497314453125
-0.00366926193237305 -0.00435924530029297 0.042633056640625 0.256149291992188
-0.00162279605865479 0.000383138656616211 0.156143188476563 0.0355224609375
-0.00137472152709961 -0.00836610794067383 0.136367797851563 -0.117515563964844
-0.00478935241699219 -0.0192089080810547 -0.116325378417969 0.105743408203125
0.00897407531738281 -0.00997352600097656 -0.157623291015625 -0.03350830078125
0.00106239318847656 -0.000889003276824951 -0.05926513671875 -0.24041748046875
0.00813007354736328 0.00557374954223633 0.19610595703125 -0.2843017578125
-0.00841331481933594 0.00511550903320313 0.40496826171875 0.03814697265625
-0.00914955139160156 -0.00225067138671875 0.255035400390625 0.39080810546875
0.00632619857788086 0.00615215301513672 -0.05084228515625 0.30328369140625
0.00243186950683594 0.016108512878418 0.0166244506835937 0.03167724609375
0.00684452056884766 0.0153617858886719 0.09234619140625 -0.30804443359375
0.00942420959472656 0.00200557708740234 -0.234100341796875 -0.419036865234375
0.00056314468383789 -0.00646877288818359 -0.445220947265625 -0.013580322265625
-0.00335884094238281 -0.00647830963134766 -0.1971435546875 0.306854248046875
-0.00282955169677734 -0.0028374195098877 0.049407958984375 0.252151489257813
0.000389814376831055 0.00189173221588135 0.157455444335938 0.0311431884765625
0.000605583190917969 -0.00736331939697266 0.135276794433594 -0.117691040039063
-0.00120258331298828 -0.0172405242919922 -0.116889953613281 0.105613708496094
0.0113458633422852 -0.00814723968505859 -0.156967163085938 -0.0368804931640625
0.00304865837097168 0.00149273872375488 -0.0539398193359375 -0.243865966796875
0.00609970092773438 0.006683349609375 0.203323364257813 -0.280990600585938
-0.0120611190795898 0.00310230255126953 0.4051513671875 0.046722412109375
-0.0102577209472656 -0.0067291259765625 0.24609375 0.395294189453125
0.00784540176391601 0.00122499465942383 -0.05548095703125 0.298583984375
0.00650787353515625 0.0121126174926758 0.0196170806884766 0.0259113311767578
0.00829887390136719 0.0103549957275391 0.087066650390625 -0.3135986328125
0.00709390640258789 -0.00265789031982422 -0.24462890625 -0.412750244140625
-0.00351905822753906 -0.0079655647277832 -0.44354248046875 -0.000579833984374995
-0.00519037246704101 -0.00476837158203125 -0.188323974609375 0.309661865234375
-0.00187027454376221 -0.00074458122253418 0.0560760498046875 0.248580932617188
0.00262618064880371 0.00388717651367188 0.158432006835938 0.027557373046875
0.00392675399780273 -0.00542688369750977 0.134735107421875 -0.118095397949219
0.00247097015380859 -0.0151348114013672 -0.116935729980469 0.1055908203125
0.0140590667724609 -0.00649929046630859 -0.1556396484375 -0.03912353515625
0.00499773025512695 0.00401163101196289 -0.0502777099609375 -0.24542236328125
0.00394201278686523 0.00731897354125977 0.209091186523438 -0.277847290039063
-0.0163669586181641 0.000394821166992184 0.40789794921875 0.055023193359375
-0.0118675231933594 -0.0124301910400391 0.239227294921875 0.40155029296875
0.0110435485839844 -0.00505828857421875 -0.0589599609375 0.296478271484375
0.0124654769897461 0.00626754760742188 0.0212993621826172 0.02239990234375
0.0103416442871094 0.00373363494873047 0.082794189453125 -0.31683349609375
0.00432252883911133 -0.00785589218139648 -0.252349853515625 -0.410003662109375
-0.00812053680419922 -0.00940036773681641 -0.44207763671875 0.00671386718749996
-0.00722837448120117 -0.00365829467773438 -0.182525634765625 0.311492919921875
-0.000390172004699707 0.00150573253631592 0.0595855712890625 0.24591064453125
0.00489473342895508 0.00574111938476563 0.159652709960937 0.024627685546875
0.00755167007446289 -0.00323867797851562 0.133949279785156 -0.118087768554688
0.00690269470214844 -0.0130128860473633 -0.117584228515625 0.104965209960938
0.0165529251098633 -0.00512409210205078 -0.154541015625 -0.0397186279296875
0.00642490386962891 0.00626754760742188 -0.0477294921875 -0.24542236328125
0.00187492370605469 0.00864934921264648 0.21282958984375 -0.275558471679688
-0.0198650360107422 -0.001800537109375 0.4068603515625 0.059783935546875
-0.0136947631835938 -0.0187473297119141 0.236053466796875 0.4041748046875
0.0140590667724609 -0.0119638442993164 -0.061859130859375 0.29534912109375
0.0190486907958984 -0.000331878662109375 0.0208778381347656 0.0217533111572266
0.0128145217895508 -0.00370597839355469 0.0814208984375 -0.317047119140625
0.00232219696044922 -0.0130748748779297 -0.254608154296875 -0.404388427734375
-0.0116386413574219 -0.0111589431762695 -0.440460205078125 0.011077880859375
-0.00879383087158203 -0.00157833099365235 -0.179473876953125 0.313201904296875
0.000874042510986328 0.00364041328430176 0.0615386962890625 0.244476318359375
0.00703525543212891 0.00729036331176758 0.16033935546875 0.0242767333984375
0.0116691589355469 -0.00146770477294922 0.134475708007813 -0.117538452148438
0.0102758407592773 -0.0110692977905273 -0.116004943847656 0.105148315429687
0.01824951171875 -0.00458145141601563 -0.154022216796875 -0.038970947265625
0.00751924514770508 0.00810146331787109 -0.0482025146484375 -0.243408203125
0.000230789184570312 0.00928401947021484 0.211929321289063 -0.27362060546875
-0.0231800079345703 -0.00349235534667969 0.4073486328125 0.06109619140625
-0.0145454406738281 -0.0243377685546875 0.235748291015625 0.40625
0.0169334411621094 -0.0195159912109375 -0.06280517578125 0.298370361328125
0.0252685546875 -0.00669670104980469 0.0188980102539063 0.0239639282226563
0.0153961181640625 -0.0108709335327148 0.0821533203125 -0.314605712890625
0.0004119873046875 -0.0183429718017578 -0.249359130859375 -0.406402587890625
-0.0159826278686523 -0.01214599609375 -0.441253662109375 0.00936889648437509
-0.0101232528686523 -0.000606536865234376 -0.180877685546875 0.313201904296875
0.00216436386108398 0.00539112091064453 0.0602569580078125 0.24560546875
0.00918865203857422 0.00847053527832031 0.160247802734375 0.0245513916015625
0.014068603515625 0.000750541687011719 0.133537292480469 -0.117202758789063
0.0129156112670898 -0.0102567672729492 -0.115493774414063 0.105278015136719
0.0196151733398438 -0.00461578369140625 -0.154129028320313 -0.0364837646484375
0.00830411911010742 0.00872230529785156 -0.051177978515625 -0.240737915039063
-0.00123023986816406 0.0100746154785156 0.207763671875 -0.273513793945313
-0.0247344970703125 -0.00427436828613281 0.406707763671875 0.0570068359375
-0.0157260894775391 -0.0279083251953125 0.241729736328125 0.4033203125
0.0189533233642578 -0.0252532958984375 -0.061004638671875 0.30267333984375
0.0298633575439453 -0.0115547180175781 0.0156307220458984 0.0288619995117188
0.0173282623291016 -0.0160179138183594 0.08404541015625 -0.3096923828125
-0.000785827636718751 -0.0215892791748047 -0.24517822265625 -0.407440185546875
-0.0178203582763672 -0.0130023956298828 -0.440582275390625 0.00375366210937502
-0.0113201141357422 -5.14984130859366E-05 -0.1851806640625 0.313262939453125
0.00284671783447266 0.00625133514404297 0.0573577880859375 0.248519897460938
0.0107040405273438 0.00856685638427734 0.160049438476563 0.0266571044921875
0.0165948867797852 0.00195217132568359 0.134002685546875 -0.117958068847656
0.0138864517211914 -0.00987148284912109 -0.114334106445313 0.1058349609375
0.019287109375 -0.00529289245605469 -0.1541748046875 -0.0330810546875
0.00858592987060547 0.00853300094604492 -0.0551300048828125 -0.2376708984375
-0.00114822387695312 0.0103349685668945 0.200302124023437 -0.27642822265625
-0.0254497528076172 -0.00408554077148438 0.4061279296875 0.048004150390625
-0.0171756744384766 -0.0301284790039063 0.250885009765625 0.400848388671875
0.01953125 -0.0287799835205078 -0.056427001953125 0.309173583984375
0.0329170227050781 -0.0150146484375 0.0112228393554688 0.0353736877441406
0.0187969207763672 -0.0194911956787109 0.087432861328125 -0.303466796875
-0.000818252563476561 -0.0232372283935547 -0.2359619140625 -0.41070556640625
-0.0189552307128906 -0.01373291015625 -0.441558837890625 -0.00491333007812491
-0.0116128921508789 -7.15255737304673E-05 -0.19232177734375 0.31146240234375
0.00337076187133789 0.00673866271972656 0.0533447265625 0.251449584960938
0.0109720230102539 0.00846672058105469 0.158920288085938 0.028564453125
0.0172252655029297 0.00263881683349609 0.133338928222656 -0.118057250976563
-0.0074005126953125 -0.0209846496582031 -0.115577697753906 0.107231140136719
0.00723075866699219 -0.0114727020263672 -0.158920288085938 -0.0292205810546875
0.000187397003173828 -0.00329732894897461 -0.065460205078125 -0.23712158203125
0.00957012176513672 0.00450229644775391 0.18536376953125 -0.289093017578125
-0.00625276565551758 0.00646591186523438 0.40496826171875 0.02435302734375
-0.00768661499023437 0.000364303588867189 0.2652587890625 0.383056640625
0.00523900985717774 0.00836992263793945 -0.045013427734375 0.309967041015625
-0.000446319580078127 0.0183792114257813 0.0127487182617188 0.039215087890625
0.00598716735839844 0.0179977416992188 0.098480224609375 -0.300933837890625
0.0108966827392578 0.00491905212402344 -0.222869873046875 -0.424468994140625
0.00300359725952148 -0.0052490234375 -0.447967529296875 -0.024749755859375
-0.00263833999633789 -0.00684070587158203 -0.207489013671875 0.305023193359375
-0.00335597991943359 -0.00473403930664062 0.0435333251953125 0.2569580078125
-0.000554859638214111 0.000150501728057861 0.156951904296875 0.035675048828125
-0.00130081176757813 -0.00843429565429688 0.136695861816406 -0.117958068847656
-0.00553131103515625 -0.0194625854492187 -0.116172790527344 0.106521606445313
0.00910091400146484 -0.0100259780883789 -0.15771484375 -0.03289794921875
0.00195860862731934 -0.00117158889770508 -0.0592498779296875 -0.241348266601562
0.00840187072753906 0.00509214401245117 0.195587158203125 -0.285491943359375
-0.00925731658935547 0.00514030456542969 0.40625 0.037078857421875
-0.00921058654785156 -0.0023651123046875 0.25555419921875 0.390838623046875
0.00627040863037109 0.00616741180419922 -0.05145263671875 0.303497314453125
0.00204944610595703 0.0166788101196289 0.0169734954833984 0.0318279266357422
0.0069580078125 0.0150308609008789 0.093170166015625 -0.308135986328125
0.00968265533447265 0.00191974639892578 -0.234466552734375 -0.41925048828125
0.000446796417236329 -0.00668525695800781 -0.445098876953125 -0.014007568359375
-0.00379657745361328 -0.00632190704345703 -0.197113037109375 0.30792236328125
-0.00273036956787109 -0.00293874740600586 0.0495758056640625 0.253387451171875
0.000590682029724121 0.00199258327484131 0.157730102539062 0.0312347412109375
0.000712394714355468 -0.00687122344970703 0.135093688964844 -0.118324279785156
-0.00149917602539063 -0.0175514221191406 -0.117057800292969 0.106346130371094
0.0111522674560547 -0.00843906402587891 -0.15667724609375 -0.036468505859375
0.00324845314025879 0.0012054443359375 -0.054046630859375 -0.244659423828125
0.00629520416259766 0.0065455436706543 0.20343017578125 -0.2821044921875
-0.0127058029174805 0.00340843200683594 0.406463623046875 0.04595947265625
-0.0104923248291016 -0.00676536560058594 0.246551513671875 0.396484375
0.00794553756713867 0.00145435333251953 -0.055908203125 0.299041748046875
0.00679969787597656 0.0123062133789063 0.0197982788085938 0.0262451171875
0.00847434997558594 0.0102720260620117 0.087799072265625 -0.313995361328125
0.00748062133789062 -0.00246763229370117 -0.24566650390625 -0.41302490234375
-0.00339365005493164 -0.00812101364135742 -0.44476318359375 -0.00106811523437491
-0.00560569763183594 -0.00502586364746094 -0.188720703125 0.3104248046875
-0.00178968906402588 -0.000561237335205078 0.05615234375 0.249725341796875
0.00279879570007324 0.00383543968200684 0.159042358398438 0.0277557373046875
0.00391244888305664 -0.00549221038818359 0.135398864746094 -0.118568420410156
0.00197124481201172 -0.0152139663696289 -0.117202758789063 0.105438232421875
0.0138378143310547 -0.00679302215576172 -0.155624389648438 -0.0388641357421875
0.00496816635131836 0.00398969650268555 -0.0504913330078125 -0.245559692382812
0.00418758392333984 0.00748634338378906 0.209686279296875 -0.279388427734375
-0.0165920257568359 0.000633239746093752 0.40789794921875 0.0546875
-0.0116119384765625 -0.0123729705810547 0.240753173828125 0.401611328125
0.0106849670410156 -0.00491905212402344 -0.06011962890625 0.29644775390625
0.0127429962158203 0.00622940063476563 0.0213279724121094 0.0230979919433594
0.0109653472900391 0.00378322601318359 0.083221435546875 -0.31597900390625
0.00473499298095703 -0.00797367095947266 -0.2510986328125 -0.410400390625
-0.00786399841308594 -0.00946331024169922 -0.443328857421875 0.00714111328125
-0.00750970840454102 -0.0031580924987793 -0.182281494140625 0.31304931640625
-0.00028538703918457 0.00193321704864502 0.0601654052734375 0.247116088867188
0.00552129745483398 0.00570249557495117 0.159759521484375 0.0250091552734375
0.00759983062744141 -0.00307703018188477 0.13433837890625 -0.118690490722656
0.00679492950439453 -0.0135774612426758 -0.117568969726562 0.105262756347656
0.0163164138793945 -0.00550937652587891 -0.154891967773438 -0.039093017578125
0.00640106201171875 0.00591230392456055 -0.047821044921875 -0.2459716796875
0.00218820571899414 0.0083775520324707 0.211929321289063 -0.276351928710938
-0.0199089050292969 -0.00172042846679688 0.407501220703125 0.059295654296875
-0.0133686065673828 -0.0188369750976563 0.236724853515625 0.40350341796875
0.0138015747070313 -0.0121889114379883 -0.062255859375 0.295928955078125
0.0190906524658203 -0.000154495239257813 0.0209159851074219 0.0226936340332031
0.0129470825195313 -0.00337982177734375 0.082305908203125 -0.316802978515625
0.00226211547851563 -0.013092041015625 -0.255157470703125 -0.407135009765625
-0.0119209289550781 -0.0109081268310547 -0.441192626953125 0.0102844238281251
-0.00909137725830078 -0.00150299072265625 -0.179779052734375 0.31494140625
0.000833272933959961 0.00377345085144043 0.0618743896484375 0.24542236328125
0.00758218765258789 0.0070652961730957 0.16058349609375 0.0246124267578125
0.0114355087280273 -0.00135326385498047 0.134757995605469 -0.117851257324219
0.0101518630981445 -0.0112466812133789 -0.115982055664062 0.1055908203125
0.0180244445800781 -0.00485038757324219 -0.154220581054688 -0.03826904296875
0.00745773315429688 0.00771379470825195 -0.0481719970703125 -0.24444580078125
5.43594360351568E-05 0.00948333740234375 0.2119140625 -0.274765014648437
-0.0234336853027344 -0.00329971313476563 0.407562255859375 0.060791015625
-0.0146389007568359 -0.0243053436279297 0.235565185546875 0.406097412109375
0.0170059204101562 -0.0196743011474609 -0.063140869140625 0.298675537109375
0.0251884460449219 -0.00658226013183594 0.0193367004394531 0.0247936248779297
0.015202522277832 -0.0108003616333008 0.082916259765625 -0.3148193359375
0.000488281250000001 -0.0177478790283203 -0.251190185546875 -0.40765380859375
-0.0157346725463867 -0.0125064849853516 -0.441680908203125 0.01019287109375
-0.00982284545898438 -0.000382423400878906 -0.180877685546875 0.314910888671875
0.00161504745483398 0.00549077987670898 0.060455322265625 0.246475219726562
0.00985050201416016 0.00839519500732422 0.160507202148438 0.024566650390625
0.0140142440795898 0.000329017639160156 0.133811950683594 -0.118461608886719
0.012333869934082 -0.00999927520751953 -0.115264892578125 0.105522155761719
0.0190563201904297 -0.0045166015625 -0.153915405273438 -0.0361175537109375
0.00854110717773438 0.00839424133300781 -0.0508575439453125 -0.241470336914063
-0.000717163085937501 0.00971794128417969 0.20819091796875 -0.275115966796875
-0.0254840850830078 -0.00394058227539062 0.407196044921875 0.0567626953125
-0.0158729553222656 -0.0283851623535156 0.24090576171875 0.40423583984375
0.0189342498779297 -0.0255813598632812 -0.0616455078125 0.30291748046875
0.0300674438476562 -0.0115184783935547 0.0157184600830078 0.0294437408447266
0.0175895690917969 -0.0160980224609375 0.085174560546875 -0.30999755859375
-0.000431060791015627 -0.0211467742919922 -0.245147705078125 -0.408721923828125
-0.0182533264160156 -0.0129737854003906 -0.442047119140625 0.00393676757812498
-0.0118017196655273 3.14712524414047E-05 -0.185760498046875 0.3148193359375
0.00315952301025391 0.00646400451660156 0.0581512451171875 0.249053955078125
0.0110864639282227 0.00853824615478516 0.160064697265625 0.026397705078125
0.0165491104125977 0.00176429748535156 0.134407043457031 -0.118484497070313
0.0134344100952148 -0.00985527038574219 -0.114006042480469 0.106468200683594
0.0189704895019531 -0.00578117370605469 -0.154342651367188 -0.032196044921875
0.00883865356445313 0.00799942016601563 -0.0557098388671875 -0.238265991210938
-0.000642776489257813 0.0101747512817383 0.200973510742188 -0.2777099609375
-0.0259647369384766 -0.00376510620117187 0.407379150390625 0.04718017578125
-0.0169601440429688 -0.0300273895263672 0.251068115234375 0.4013671875
0.0194606781005859 -0.0289459228515625 -0.057464599609375 0.3096923828125
0.0331153869628906 -0.0146541595458984 0.0113906860351563 0.0360870361328125
0.0192356109619141 -0.0192737579345703 0.087921142578125 -0.303680419921875
-0.000278472900390623 -0.0234642028808594 -0.237152099609375 -0.41241455078125
-0.0188941955566406 -0.0138893127441406 -0.442108154296875 -0.00421142578125008
-0.0116558074951172 3.33786010742211E-05 -0.192596435546875 0.3135986328125
0.00343179702758789 0.00667905807495117 0.0536346435546875 0.25244140625
0.0110292434692383 0.00787353515625 0.1597900390625 0.0287933349609375
0.0173311233520508 0.00251293182373047 0.133865356445313 -0.118568420410156
-0.00772476196289062 -0.0211982727050781 -0.11505126953125 0.107986450195313
0.00743675231933594 -0.0118741989135742 -0.1590576171875 -0.02886962890625
0.000308752059936523 -0.00271010398864746 -0.065765380859375 -0.237747192382813
0.00965976715087891 0.00376605987548828 0.186279296875 -0.29058837890625
-0.00628662109375 0.00684833526611328 0.406463623046875 0.023284912109375
-0.00809144973754883 0.000553131103515624 0.26702880859375 0.383819580078125
0.00503444671630859 0.00818014144897461 -0.04595947265625 0.310394287109375
-0.000297546386718752 0.0185489654541016 0.0132522583007812 0.0393829345703125
0.00586509704589844 0.0179042816162109 0.099273681640625 -0.30096435546875
0.0112056732177734 0.00496768951416016 -0.2225341796875 -0.425201416015625
0.00344705581665039 -0.0053563117980957 -0.449676513671875 -0.0246887207031249
-0.00277423858642578 -0.0069270133972168 -0.207489013671875 0.30633544921875
-0.00327396392822266 -0.00454044342041016 0.0433349609375 0.258041381835938
-0.000614821910858154 2.44379043579102E-06 0.156570434570312 0.0359649658203125
-0.00130748748779297 -0.00850915908813477 0.136772155761719 -0.119110107421875
-0.00531196594238281 -0.0196456909179688 -0.116340637207031 0.10723876953125
0.00878238677978516 -0.0105352401733398 -0.15771484375 -0.0328369140625
0.00156700611114502 -0.00118756294250488 -0.059844970703125 -0.242141723632813
0.00834846496582031 0.00473642349243164 0.195281982421875 -0.2869873046875
-0.00937366485595703 0.00515842437744141 0.40631103515625 0.036285400390625
-0.00909137725830078 -0.00253868103027344 0.256927490234375 0.39117431640625
0.00619745254516601 0.00569581985473633 -0.05194091796875 0.304840087890625
0.00189399719238281 0.0165319442749023 0.0171241760253906 0.032318115234375
0.0068817138671875 0.0154666900634766 0.094329833984375 -0.308319091796875
0.0097503662109375 0.00216388702392578 -0.235198974609375 -0.419891357421875
0.000491142272949219 -0.00637197494506836 -0.447998046875 -0.0128784179687499
-0.00390148162841797 -0.00603580474853516 -0.19781494140625 0.30938720703125
-0.00230717658996582 -0.00260066986083984 0.050628662109375 0.254669189453125
0.00100982189178467 0.00172317028045654 0.157821655273437 0.0308837890625
0.000764846801757813 -0.00701332092285156 0.135025024414063 -0.119155883789063
-0.00209426879882813 -0.0176715850830078 -0.116744995117188 0.107032775878906
0.0110530853271484 -0.00828647613525391 -0.156524658203125 -0.035614013671875
0.00343179702758789 0.00118446350097656 -0.05487060546875 -0.244888305664063
0.00661945343017578 0.00574922561645508 0.20294189453125 -0.283843994140625
-0.0126819610595703 0.00295925140380859 0.407867431640625 0.046539306640625
-0.010859489440918 -0.00672435760498047 0.24713134765625 0.396270751953125
0.00782346725463867 0.000936031341552734 -0.056610107421875 0.299163818359375
0.00666141510009765 0.0124921798706055 0.0199260711669922 0.0272235870361328
0.00889873504638672 0.0102863311767578 0.088287353515625 -0.314056396484375
0.00778913497924805 -0.00266551971435547 -0.245697021484375 -0.415496826171875
-0.00342226028442383 -0.00805187225341797 -0.446441650390625 -0.000335693359374953
-0.0057373046875 -0.00492954254150391 -0.188995361328125 0.312957763671875
-0.00158035755157471 -0.000595569610595703 0.05609130859375 0.250473022460938
0.00298857688903809 0.00363779067993164 0.159454345703125 0.026947021484375
0.00406694412231445 -0.00549030303955078 0.135231018066406 -0.119476318359375
0.00199222564697266 -0.0150604248046875 -0.117080688476562 0.106590270996094
0.0139570236206055 -0.00715541839599609 -0.1558837890625 -0.038238525390625
0.00536918640136719 0.00352811813354492 -0.0511474609375 -0.246475219726562
0.00444173812866211 0.00668811798095703 0.209182739257813 -0.280319213867188
-0.0170164108276367 0.000827789306640625 0.40869140625 0.054595947265625
-0.0119419097900391 -0.0122756958007812 0.24053955078125 0.4012451171875
0.0108299255371094 -0.00510025024414063 -0.060333251953125 0.29730224609375
0.0127849578857422 0.00662708282470703 0.0216159820556641 0.0234813690185547
0.0109176635742188 0.00357151031494141 0.084564208984375 -0.316436767578125
0.00512170791625977 -0.00772714614868164 -0.25341796875 -0.41094970703125
-0.00792407989501953 -0.00985622406005859 -0.44464111328125 0.00732421875000003
-0.00710773468017578 -0.00328540802001953 -0.1829833984375 0.314727783203125
-0.000510692596435547 0.00236296653747559 0.0604705810546875 0.248077392578125
0.00548505783081055 0.00547027587890625 0.16070556640625 0.0250244140625
0.00748014450073242 -0.00350141525268555 0.134346008300781 -0.119636535644531
0.00629711151123047 -0.0136632919311523 -0.117530822753906 0.106376647949219
0.0160913467407227 -0.00578117370605469 -0.155197143554688 -0.0388946533203125
0.0068812370300293 0.00571823120117187 -0.048797607421875 -0.24725341796875
0.00234699249267578 0.0081171989440918 0.212432861328125 -0.27752685546875
-0.0203571319580078 -0.00128746032714844 0.40826416015625 0.05853271484375
-0.0136451721191406 -0.0187664031982422 0.236663818359375 0.4039306640625
0.0136489868164063 -0.0123500823974609 -0.06268310546875 0.296417236328125
0.0190391540527344 -9.34600830078125E-05 0.02093505859375 0.0231494903564453
0.0132904052734375 -0.00339412689208984 0.083282470703125 -0.317474365234375
0.00271129608154297 -0.0131502151489258 -0.255401611328125 -0.40765380859375
-0.0123262405395508 -0.0108423233032227 -0.443756103515625 0.0119323730468751
-0.00932979583740234 -0.00124454498291015 -0.180419921875 0.316375732421875
0.00102090835571289 0.00418901443481445 0.0626678466796875 0.246810913085938
0.00790786743164063 0.00724887847900391 0.16064453125 0.024200439453125
0.0115127563476563 -0.00162506103515625 0.134773254394531 -0.119056701660156
0.00984668731689453 -0.0115947723388672 -0.116134643554688 0.106086730957031
0.0181083679199219 -0.00517082214355469 -0.1536865234375 -0.0374908447265625
0.00799369812011719 0.0071568489074707 -0.0489349365234375 -0.244522094726562
0.000364303588867188 0.00871515274047852 0.211883544921875 -0.276290893554688
-0.0237464904785156 -0.00309181213378906 0.408203125 0.06072998046875
-0.0150833129882812 -0.0241069793701172 0.2364501953125 0.4066162109375
0.0166454315185547 -0.0199356079101563 -0.06304931640625 0.299652099609375
0.0254154205322266 -0.00614738464355469 0.0192375183105469 0.0251102447509766
0.0154056549072266 -0.0107612609863281 0.08349609375 -0.31524658203125
0.000690460205078124 -0.0180511474609375 -0.251953125 -0.407928466796875
-0.0159034729003906 -0.0123958587646484 -0.444366455078125 0.00973510742187491
-0.0105161666870117 -0.000547409057617189 -0.181060791015625 0.317108154296875
0.00241565704345703 0.00573062896728516 0.061279296875 0.247543334960938
0.00981903076171875 0.0082550048828125 0.160598754882813 0.0238800048828125
0.0141086578369141 0.000413894653320313 0.133804321289063 -0.119010925292969
0.0120563507080078 -0.0103464126586914 -0.115776062011719 0.1065673828125
0.0190582275390625 -0.0045623779296875 -0.154403686523438 -0.0356597900390625
0.00891780853271484 0.0084228515625 -0.051544189453125 -0.24200439453125
-0.000611305236816407 0.00932693481445313 0.208099365234375 -0.277008056640625
-0.0255947113037109 -0.00402069091796875 0.407745361328125 0.056060791015625
-0.0158023834228516 -0.0280323028564453 0.242401123046875 0.404510498046875
0.0186290740966797 -0.0256595611572266 -0.06207275390625 0.30389404296875
0.0302219390869141 -0.011444091796875 0.0156745910644531 0.0301742553710938
0.0180072784423828 -0.0159587860107422 0.08587646484375 -0.31011962890625
-0.000551223754882811 -0.0216350555419922 -0.246368408203125 -0.4090576171875
-0.0184211730957031 -0.0127773284912109 -0.442596435546875 0.00405883789062493
-0.011500358581543 -0.000182151794433592 -0.18511962890625 0.316741943359375
0.0030665397644043 0.00671482086181641 0.05889892578125 0.25
0.0112085342407227 0.0080556869506836 0.160491943359375 0.026336669921875
0.016545295715332 0.00165939331054687 0.134429931640625 -0.119804382324219
0.0129051208496094 -0.00995254516601563 -0.113945007324219 0.106956481933594
0.0191097259521484 -0.00543594360351562 -0.15423583984375 -0.0320587158203125
0.00893592834472656 0.008331298828125 -0.0560302734375 -0.239288330078125
-0.000819206237792968 0.00982952117919922 0.200775146484375 -0.279434204101563
-0.0261116027832031 -0.00365257263183593 0.407806396484375 0.047027587890625
-0.0170421600341797 -0.0302200317382813 0.2513427734375 0.40142822265625
0.0195388793945313 -0.0290241241455078 -0.0579833984375 0.31036376953125
0.0329990386962891 -0.0153312683105469 0.0114059448242188 0.0365829467773438
0.0192298889160156 -0.0200042724609375 0.08831787109375 -0.30474853515625
-0.000118255615234374 -0.0231685638427734 -0.236572265625 -0.412994384765625
-0.0192966461181641 -0.0135650634765625 -0.444427490234375 -0.00360107421875006
-0.0121278762817383 0.000452995300292969 -0.19287109375 0.31512451171875
0.00339221954345703 0.00693702697753906 0.0540771484375 0.253448486328125
0.0116987228393555 0.00837421417236328 0.159957885742188 0.028289794921875
0.0173673629760742 0.00251865386962891 0.134178161621094 -0.119270324707031
-0.00855636596679688 -0.0209846496582031 -0.115226745605469 0.108955383300781
0.00702762603759765 -0.011937141418457 -0.1593017578125 -0.0274200439453125
0.000318050384521484 -0.00296592712402344 -0.0673980712890625 -0.239013671875
0.00997161865234375 0.00362777709960938 0.1854248046875 -0.2923583984375
-0.00669384002685547 0.00710630416870117 0.406890869140625 0.023223876953125
-0.00836563110351563 0.000380039215087891 0.269775390625 0.384185791015625
0.00484848022460937 0.00839519500732422 -0.04608154296875 0.31207275390625
-0.000469207763671876 0.0189552307128906 0.0130500793457031 0.0404167175292969
0.00632858276367188 0.0182018280029297 0.099700927734375 -0.3017578125
0.0111227035522461 0.00521183013916016 -0.22509765625 -0.426605224609375
0.00348901748657227 -0.00512361526489258 -0.451171875 -0.0220947265624999
-0.00306558609008789 -0.00690889358520508 -0.20758056640625 0.30877685546875
-0.00290846824645996 -0.00402283668518066 0.0450592041015625 0.259628295898438
-0.000187039375305176 0.000320762395858765 0.157318115234375 0.0352325439453125
-0.00124454498291016 -0.00870752334594727 0.136665344238281 -0.120033264160156
-0.00623893737792969 -0.0196018218994141 -0.116058349609375 0.108291625976562
0.00891590118408203 -0.0106372833251953 -0.15771484375 -0.03192138671875
0.00167334079742432 -0.00111532211303711 -0.061248779296875 -0.243270874023438
0.00871896743774414 0.00471019744873047 0.195098876953125 -0.288970947265625
-0.0095529556274414 0.00546455383300781 0.40826416015625 0.035552978515625
-0.009185791015625 -0.00194358825683594 0.25836181640625 0.392364501953125
0.00580072402954102 0.00551891326904297 -0.05194091796875 0.30572509765625
0.00206279754638672 0.0165929794311523 0.0170536041259766 0.0329456329345703
0.00697803497314453 0.0154972076416016 0.094451904296875 -0.309722900390625
0.00983810424804688 0.00204277038574219 -0.23687744140625 -0.42205810546875
0.000415325164794922 -0.00683832168579101 -0.45001220703125 -0.0121765136718749
-0.00399255752563476 -0.00608921051025391 -0.1973876953125 0.3116455078125
-0.00221538543701172 -0.0025169849395752 0.0511627197265625 0.255569458007813
0.000877618789672852 0.00176906585693359 0.158523559570313 0.0309906005859375
0.000784873962402344 -0.00720977783203125 0.135154724121094 -0.120391845703125
-0.00257301330566406 -0.0177555084228516 -0.116500854492188 0.108291625976563
0.0108671188354492 -0.00855445861816406 -0.157089233398438 -0.0349884033203125
0.00323700904846191 0.00112080574035645 -0.056243896484375 -0.246124267578125
0.00688028335571289 0.00565195083618164 0.2027587890625 -0.28515625
-0.0131654739379883 0.00301933288574219 0.4093017578125 0.04437255859375
-0.0105199813842773 -0.00660133361816406 0.24908447265625 0.396270751953125
0.00784969329833984 0.000760555267333984 -0.056793212890625 0.300750732421875
0.00674533843994141 0.0121345520019531 0.0203113555908203 0.0274009704589844
0.00894641876220703 0.0103950500488281 0.08892822265625 -0.3150634765625
0.00772714614868164 -0.00252342224121094 -0.24755859375 -0.415435791015625
-0.00364542007446289 -0.00807523727416992 -0.44830322265625 0.000305175781249907
-0.00590372085571289 -0.00482940673828125 -0.18853759765625 0.314849853515625
-0.00136089324951172 -0.000433087348937988 0.0573577880859375 0.2518310546875
0.00314068794250488 0.00389385223388672 0.160064697265625 0.02728271484375
0.00394201278686523 -0.00572586059570313 0.135475158691406 -0.120597839355469
0.00169754028320313 -0.0154209136962891 -0.11669921875 0.10723876953125
0.0139245986938477 -0.00726509094238281 -0.155410766601563 -0.037261962890625
0.00556135177612305 0.00358772277832031 -0.052093505859375 -0.24755859375
0.00434684753417969 0.00682497024536133 0.209136962890625 -0.28192138671875
-0.017207145690918 0.00103569030761719 0.40972900390625 0.055084228515625
-0.0119657516479492 -0.0123414993286133 0.242828369140625 0.40228271484375
0.010563850402832 -0.00561141967773438 -0.060302734375 0.298187255859375
0.0125303268432617 0.00673484802246094 0.0218029022216797 0.0241184234619141
0.0110855102539063 0.00348854064941406 0.0849609375 -0.318511962890625
0.00535917282104492 -0.00751638412475586 -0.25494384765625 -0.412933349609375
-0.00804996490478516 -0.00939083099365234 -0.44659423828125 0.00680541992187506
-0.00716781616210937 -0.00311613082885742 -0.182830810546875 0.31658935546875
-0.000334382057189942 0.0018916130065918 0.061553955078125 0.249237060546875
0.00584983825683594 0.00563478469848633 0.160751342773438 0.024200439453125
0.00770854949951172 -0.00355100631713867 0.134941101074219 -0.120536804199219
0.00574302673339844 -0.0134057998657227 -0.117149353027344 0.106925964355469
0.0162258148193359 -0.0059051513671875 -0.154739379882813 -0.038055419921875
0.00704813003540039 0.00571727752685547 -0.049468994140625 -0.247695922851563
0.00237369537353516 0.00810623168945312 0.212371826171875 -0.279571533203125
-0.0209617614746094 -0.00132369995117187 0.40985107421875 0.057342529296875
-0.0133285522460937 -0.0187835693359375 0.23797607421875 0.404541015625
0.0137042999267578 -0.0128383636474609 -0.06298828125 0.29791259765625
0.0190029144287109 -0.00020599365234375 0.0213813781738281 0.0234546661376953
0.0132246017456055 -0.00354290008544922 0.0833740234375 -0.317779541015625
0.00265979766845703 -0.0131721496582031 -0.256134033203125 -0.407745361328125
-0.0124845504760742 -0.0106048583984375 -0.445281982421875 0.012969970703125
-0.00939559936523438 -0.00164699554443359 -0.180145263671875 0.31829833984375
0.0014188289642334 0.00399446487426758 0.0635833740234375 0.248184204101563
0.00838613510131836 0.00729084014892578 0.161331176757813 0.02362060546875
0.0116262435913086 -0.00163078308105469 0.134849548339844 -0.120101928710938
0.00951862335205078 -0.0115222930908203 -0.11627197265625 0.107429504394531
0.0176448822021484 -0.0052947998046875 -0.154098510742188 -0.0368499755859375
0.00816917419433594 0.00721454620361328 -0.050140380859375 -0.246017456054687
0.000362873077392578 0.00839138031005859 0.211441040039063 -0.2784423828125
-0.0240993499755859 -0.0032501220703125 0.410003662109375 0.05908203125
-0.0146636962890625 -0.0242252349853516 0.239715576171875 0.4068603515625
0.0170936584472656 -0.0198230743408203 -0.06378173828125 0.300506591796875
0.0250358581542969 -0.00582504272460938 0.0193634033203125 0.0256137847900391
0.0156259536743164 -0.010345458984375 0.08380126953125 -0.315765380859375
0.00110244750976562 -0.0181407928466797 -0.254364013671875 -0.409454345703125
-0.0162935256958008 -0.0117759704589844 -0.445648193359375 0.0107421874999999
-0.0109138488769531 -0.000481605529785156 -0.180908203125 0.319366455078125
0.00231313705444336 0.00602436065673828 0.0621185302734375 0.24896240234375
0.0103588104248047 0.00801181793212891 0.161056518554688 0.0236968994140625
0.0148487091064453 0.000364303588867188 0.134185791015625 -0.1204833984375
0.0117359161376953 -0.0102872848510742 -0.115547180175781 0.107505798339844
0.0187397003173828 -0.00482940673828125 -0.154617309570313 -0.03472900390625
0.00916385650634765 0.00798416137695312 -0.052642822265625 -0.242950439453125
-0.00096893310546875 0.00949287414550781 0.207870483398438 -0.278640747070313
-0.0261592864990234 -0.00390625 0.409576416015625 0.056884765625
-0.0159854888916016 -0.0281982421875 0.243682861328125 0.406097412109375
0.018768310546875 -0.0256309509277344 -0.062835693359375 0.30487060546875
0.0301914215087891 -0.0115127563476562 0.0159225463867188 0.0301532745361328
0.0178146362304688 -0.0160045623779297 0.0860595703125 -0.3111572265625
-5.34057617187496E-05 -0.0214042663574219 -0.24725341796875 -0.409820556640625
-0.0185794830322266 -0.0129966735839844 -0.4453125 0.00521850585937505
-0.0118570327758789 0.000274658203124999 -0.185211181640625 0.318328857421875
0.00323104858398438 0.00689077377319336 0.0596923828125 0.250885009765625
0.0115842819213867 0.00873470306396484 0.160888671875 0.0254974365234375
0.0168352127075195 0.00194644927978516 0.134681701660156 -0.120086669921875
0.0123023986816406 -0.0101490020751953 -0.113716125488281 0.107826232910156
0.0193195343017578 -0.00575447082519531 -0.154754638671875 -0.03155517578125
0.00924777984619141 0.00820732116699219 -0.05706787109375 -0.240203857421875
-0.000986099243164063 0.00941562652587891 0.200698852539063 -0.280838012695313
-0.0263748168945313 -0.003387451171875 0.409210205078125 0.04632568359375
-0.0173606872558594 -0.0302162170410156 0.2540283203125 0.403167724609375
0.019195556640625 -0.0295505523681641 -0.057830810546875 0.311370849609375
0.033050537109375 -0.0152034759521484 0.0114631652832031 0.0368919372558594
0.0193290710449219 -0.0192890167236328 0.088653564453125 -0.305328369140625
0.000391006469726564 -0.0240421295166016 -0.23944091796875 -0.413970947265625
-0.0193767547607422 -0.0134620666503906 -0.44683837890625 -0.00292968750000009
-0.0121850967407227 0.000592231750488281 -0.192291259765625 0.31756591796875
0.00345039367675781 0.00635766983032226 0.054840087890625 0.255172729492188
0.0119123458862305 0.0081024169921875 0.160385131835938 0.0282135009765625
0.0178070068359375 0.00219154357910156 0.134162902832031 -0.120506286621094
-0.00896644592285157 -0.0211029052734375 -0.114898681640625 0.110069274902344
0.0070953369140625 -0.0124320983886719 -0.159652709960938 -0.026702880859375
0.000715732574462891 -0.0033726692199707 -0.0689544677734375 -0.239608764648438
0.01043701171875 0.00347900390625 0.18475341796875 -0.294647216796875
-0.00707054138183594 0.0073089599609375 0.409698486328125 0.020660400390625
-0.00774860382080078 0.0001068115234375 0.2713623046875 0.3841552734375
0.00510263442993164 0.00817251205444336 -0.046112060546875 0.31292724609375
-0.000196456909179686 0.0188655853271484 0.0137405395507812 0.0404281616210938
0.00611495971679687 0.0181026458740234 0.09967041015625 -0.3035888671875
0.0115699768066406 0.00506782531738281 -0.227142333984375 -0.426788330078125
0.00327110290527344 -0.00518417358398438 -0.453582763671875 -0.0209350585937499
-0.00321245193481445 -0.00692367553710938 -0.207427978515625 0.311279296875
-0.00295042991638184 -0.00356245040893555 0.0458221435546875 0.260711669921875
-0.000593006610870361 0.000412464141845703 0.1583251953125 0.0351104736328125
-0.0011444091796875 -0.0085597038269043 0.136772155761719 -0.121467590332031
-0.00703239440917969 -0.0197162628173828 -0.115493774414062 0.109214782714844
0.00881099700927734 -0.0103263854980469 -0.158721923828125 -0.0308074951171875
0.00191283226013184 -0.00137925148010254 -0.062713623046875 -0.243392944335938
0.00875473022460938 0.00422334671020508 0.194610595703125 -0.291229248046875
-0.00973701477050781 0.00582504272460938 0.410125732421875 0.03436279296875
-0.00938701629638672 -0.00233554840087891 0.260772705078125 0.39105224609375
0.00576210021972656 0.00572681427001953 -0.051971435546875 0.30712890625
0.00209522247314453 0.0169954299926758 0.0176448822021484 0.0337257385253906
0.0073995590209961 0.0155935287475586 0.094818115234375 -0.310882568359375
0.0102071762084961 0.00194072723388672 -0.2391357421875 -0.422210693359375
0.000133037567138671 -0.00628185272216797 -0.452178955078125 -0.011199951171875
-0.004364013671875 -0.00614738464355469 -0.197235107421875 0.314300537109375
-0.00220942497253418 -0.00222587585449219 0.052093505859375 0.256912231445313
0.0012667179107666 0.00156593322753906 0.159088134765625 0.0300445556640625
0.00100898742675781 -0.00724267959594727 0.135421752929688 -0.121871948242188
-0.00297737121582031 -0.0175504684448242 -0.116264343261719 0.108795166015625
0.0110855102539063 -0.00919055938720703 -0.157852172851562 -0.033966064453125
0.00372195243835449 0.000821113586425781 -0.0575103759765625 -0.247055053710937
0.00679492950439453 0.0052638053894043 0.2021484375 -0.287750244140625
-0.0136709213256836 0.00348567962646484 0.411346435546875 0.043609619140625
-0.0105857849121094 -0.0070037841796875 0.25054931640625 0.396881103515625
0.00775241851806641 0.000906944274902344 -0.056671142578125 0.301544189453125
0.00661373138427734 0.0128211975097656 0.0206508636474609 0.0277652740478516
0.00897502899169922 0.0102128982543945 0.0888671875 -0.31561279296875
0.00795650482177734 -0.00266695022583008 -0.249725341796875 -0.417388916015625
-0.00359010696411133 -0.00777387619018555 -0.450225830078125 0.00186157226562491
-0.00593757629394531 -0.00487279891967774 -0.188629150390625 0.317535400390625
-0.00130331516265869 6.86645507812503E-05 0.05865478515625 0.252883911132813
0.00338578224182129 0.0034031867980957 0.160400390625 0.02655029296875
0.00431394577026367 -0.00575542449951172 0.135780334472656 -0.121940612792969
0.00110054016113281 -0.0154132843017578 -0.116287231445313 0.108795166015625
0.013671875 -0.00731086730957031 -0.15643310546875 -0.0364532470703125
0.00550508499145508 0.00320243835449219 -0.0534210205078125 -0.248916625976563
0.00432968139648438 0.0064239501953125 0.2080078125 -0.284149169921875
-0.0175933837890625 0.00125312805175781 0.412322998046875 0.0516357421875
-0.0120859146118164 -0.0123653411865234 0.244842529296875 0.402435302734375
0.0107097625732422 -0.00574874877929687 -0.0599365234375 0.2998046875
0.0123662948608398 0.00687599182128906 0.0219974517822266 0.0245132446289063
0.0111770629882812 0.00353050231933594 0.085113525390625 -0.3199462890625
0.00551223754882812 -0.00783824920654297 -0.256317138671875 -0.41302490234375
-0.00863552093505859 -0.00949001312255859 -0.44903564453125 0.00964355468750004
-0.00755548477172851 -0.00319528579711914 -0.18170166015625 0.31951904296875
-9.08374786376954E-05 0.00213003158569336 0.062652587890625 0.250106811523438
0.00585269927978516 0.00539684295654297 0.161300659179688 0.023834228515625
0.00769472122192383 -0.00357484817504883 0.134941101074219 -0.1221923828125
0.00556659698486328 -0.0133676528930664 -0.116889953613281 0.108383178710938
0.0158023834228516 -0.00601768493652344 -0.1552734375 -0.0376434326171875
0.00736093521118164 0.0055994987487793 -0.050689697265625 -0.249130249023438
0.00255346298217773 0.00742673873901367 0.211090087890625 -0.28155517578125
-0.0213413238525391 -0.00102996826171875 0.41253662109375 0.056182861328125
-0.0133380889892578 -0.0184135437011719 0.2401123046875 0.40496826171875
0.0140819549560547 -0.0130023956298828 -0.0625 0.298980712890625
0.0191745758056641 0.00012969970703125 0.0219631195068359 0.0238170623779297
0.0132741928100586 -0.0039825439453125 0.0831298828125 -0.31915283203125
0.00303840637207031 -0.0131330490112305 -0.25994873046875 -0.408782958984375
-0.0126972198486328 -0.0106496810913086 -0.44732666015625 0.0140991210937499
-0.00951194763183594 -0.00147438049316406 -0.1798095703125 0.32098388671875
0.00132036209106445 0.00441837310791016 0.064697265625 0.249130249023438
0.00848770141601563 0.00720310211181641 0.161361694335937 0.022979736328125
0.0114679336547852 -0.00189495086669922 0.134986877441406 -0.121566772460938
0.00879859924316406 -0.0118522644042969 -0.115585327148438 0.108688354492188
0.0181255340576172 -0.00552177429199219 -0.154861450195313 -0.0362396240234375
0.00820684432983398 0.00717878341674805 -0.0510406494140625 -0.2476806640625
0.000617504119873046 0.00835847854614258 0.211471557617188 -0.28076171875
-0.0242919921875 -0.00287246704101563 0.41143798828125 0.059051513671875
-0.0149440765380859 -0.0244522094726563 0.2406005859375 0.40789794921875
0.0165290832519531 -0.0205707550048828 -0.063507080078125 0.301300048828125
0.025421142578125 -0.00669479370117188 0.0196685791015625 0.0258712768554688
0.015568733215332 -0.0107707977294922 0.08416748046875 -0.317840576171875
0.00100135803222656 -0.0183258056640625 -0.255767822265625 -0.40966796875
-0.0168018341064453 -0.0121889114379883 -0.448516845703125 0.012481689453125
-0.0109739303588867 -0.000528335571289062 -0.18017578125 0.3221435546875
0.00245952606201172 0.00563192367553711 0.0632476806640625 0.250274658203125
0.0103263854980469 0.00752162933349609 0.161605834960938 0.0233612060546875
0.0146589279174805 0.000213623046875 0.133880615234375 -0.121475219726563
0.0114078521728516 -0.0103693008422852 -0.115104675292969 0.108589172363281
0.0189189910888672 -0.00548934936523438 -0.154891967773438 -0.0341644287109375
0.00878381729125977 0.00789451599121094 -0.053924560546875 -0.24444580078125
-0.00038766860961914 0.00855445861816406 0.20733642578125 -0.280731201171875
-0.0265979766845703 -0.0036773681640625 0.410186767578125 0.054962158203125
-0.0162544250488281 -0.0281772613525391 0.245147705078125 0.40576171875
0.0186443328857422 -0.0258712768554688 -0.0618896484375 0.30596923828125
0.0298709869384766 -0.0113124847412109 0.0159587860107422 0.0308742523193359
0.0179977416992188 -0.0163555145263672 0.086212158203125 -0.31201171875
0.000122070312500002 -0.0218048095703125 -0.250274658203125 -0.411590576171875
-0.0186080932617187 -0.0131778717041016 -0.448211669921875 0.00668334960937504
-0.0119915008544922 0.000454902648925783 -0.184844970703125 0.32147216796875
0.00341033935546875 0.00653409957885742 0.06097412109375 0.2525634765625
0.0120506286621094 0.00861644744873047 0.161453247070313 0.0250396728515625
0.0170440673828125 0.00127220153808594 0.134475708007813 -0.122077941894531
0.011836051940918 -0.0101699829101563 -0.113677978515625 0.108985900878906
0.0189590454101563 -0.00588035583496094 -0.1552734375 -0.030487060546875
0.00915050506591797 0.00778007507324219 -0.0587158203125 -0.241241455078125
-0.000793457031249999 0.00879669189453125 0.199432373046875 -0.2830810546875
-0.0268077850341797 -0.00322341918945313 0.41107177734375 0.045440673828125
-0.0174922943115234 -0.0303707122802734 0.255584716796875 0.403106689453125
0.0191917419433594 -0.0295848846435547 -0.05792236328125 0.31298828125
0.0335426330566406 -0.0151882171630859 0.0120964050292969 0.0372505187988281
0.0196132659912109 -0.0199012756347656 0.0894775390625 -0.3065185546875
0.000251770019531251 -0.0236377716064453 -0.241180419921875 -0.41534423828125
-0.0192241668701172 -0.0133838653564453 -0.44891357421875 -0.00149536132812506
-0.012730598449707 0.00100517272949219 -0.192230224609375 0.32049560546875
0.00370597839355469 0.00689363479614258 0.0562896728515625 0.256561279296875
0.0120420455932617 0.00809288024902344 0.161239624023437 0.02813720703125
0.0182361602783203 0.00189018249511719 0.134185791015625 -0.122055053710938
-0.00960540771484375 -0.0209197998046875 -0.114532470703125 0.111160278320313
0.00719928741455078 -0.0127735137939453 -0.16033935546875 -0.0257720947265625
0.000560522079467773 -0.00359439849853516 -0.07073974609375 -0.240310668945313
0.0100383758544922 0.00318336486816406 0.183319091796875 -0.29736328125
-0.00708341598510742 0.00734663009643555 0.409820556640625 0.018798828125
-0.00795888900756836 0.00043344497680664 0.273529052734375 0.3836669921875
0.00489234924316406 0.00794506072998047 -0.045562744140625 0.314300537109375
-4.95910644531255E-05 0.0186843872070312 0.0141677856445313 0.0408134460449219
0.00660324096679688 0.0180835723876953 0.0994873046875 -0.3048095703125
0.0119152069091797 0.00516414642333984 -0.229827880859375 -0.427978515625
0.002899169921875 -0.00542449951171875 -0.45599365234375 -0.0194091796875
-0.00348472595214844 -0.00713014602661133 -0.20635986328125 0.314971923828125
-0.00277519226074219 -0.00385880470275879 0.0474395751953125 0.262588500976562
-0.000101178884506226 -0.000333040952682495 0.158737182617188 0.0337677001953125
-0.0011138916015625 -0.00858688354492188 0.136978149414062 -0.122947692871094
-0.00726699829101563 -0.0201797485351563 -0.115272521972656 0.110824584960938
0.00863361358642578 -0.0110092163085938 -0.1590576171875 -0.0302886962890625
0.00210118293762207 -0.00157785415649414 -0.064422607421875 -0.244796752929688
0.00900650024414063 0.00400257110595703 0.193450927734375 -0.293121337890625
-0.0101194381713867 0.00613975524902344 0.411529541015625 0.032318115234375
-0.00928211212158203 -0.00189685821533203 0.26385498046875 0.390838623046875
0.00530242919921875 0.00514888763427734 -0.051422119140625 0.308258056640625
0.0020437240600586 0.017120361328125 0.0177822113037109 0.0341091156005859
0.00728225708007813 0.0155782699584961 0.09375 -0.31207275390625
0.0102329254150391 0.00193214416503906 -0.24188232421875 -0.423187255859375
0.000203609466552735 -0.00641536712646484 -0.454864501953125 -0.00753784179687491
-0.00407791137695313 -0.00609159469604492 -0.197296142578125 0.317291259765625
-0.00213027000427246 -0.00215375423431397 0.054046630859375 0.258163452148438
0.00163829326629639 0.0014873743057251 0.1600341796875 0.0300750732421875
0.000652790069580078 -0.0073695182800293 0.135383605957031 -0.123283386230469
-0.00347805023193359 -0.0175657272338867 -0.115890502929688 0.110870361328125
0.0113439559936523 -0.0093069076538086 -0.158401489257813 -0.033416748046875
0.00360012054443359 0.000692844390869141 -0.059173583984375 -0.247283935546875
0.00690603256225586 0.00514507293701172 0.20159912109375 -0.290069580078125
-0.0136880874633789 0.00348186492919922 0.41339111328125 0.042236328125
-0.0106477737426758 -0.00665855407714844 0.255035400390625 0.397125244140625
0.00770235061645508 0.000612258911132813 -0.05609130859375 0.30322265625
0.00641727447509766 0.012782096862793 0.0210170745849609 0.0280704498291016
0.00914478302001953 0.0104303359985352 0.088836669921875 -0.317626953125
0.00805950164794922 -0.00261068344116211 -0.25286865234375 -0.417938232421875
-0.00388193130493164 -0.00780296325683594 -0.452545166015625 0.00463867187500005
-0.00590753555297852 -0.00455713272094727 -0.188018798828125 0.320465087890625
-0.00150465965270996 -0.000202655792236328 0.0600433349609375 0.254013061523438
0.00398492813110352 0.00335931777954102 0.161117553710937 0.025482177734375
0.00407266616821289 -0.0056915283203125 0.135292053222656 -0.12335205078125
0.000583648681640626 -0.0157089233398437 -0.116035461425781 0.109825134277344
0.0137052536010742 -0.00784969329833984 -0.156936645507813 -0.0355377197265625
0.00530672073364258 0.00299072265625 -0.054962158203125 -0.249496459960938
0.00445127487182617 0.00586795806884766 0.2071533203125 -0.286712646484375
-0.0176029205322266 0.00126075744628907 0.41375732421875 0.052154541015625
-0.0123081207275391 -0.0125961303710938 0.246673583984375 0.4024658203125
0.0105228424072266 -0.00612258911132813 -0.059600830078125 0.300750732421875
0.0127582550048828 0.00689888000488281 0.0224246978759766 0.0250129699707031
0.0113115310668945 0.00356197357177734 0.0843505859375 -0.320220947265625
0.00564193725585937 -0.00802135467529297 -0.260345458984375 -0.413238525390625
-0.00844764709472656 -0.00931358337402344 -0.451873779296875 0.011993408203125
-0.00795841217041016 -0.00302028656005859 -0.18096923828125 0.322601318359375
7.39097595214821E-06 0.00238394737243652 0.0641021728515625 0.25140380859375
0.00656604766845703 0.00541830062866211 0.161788940429688 0.0230255126953125
0.00769996643066406 -0.00363540649414063 0.134536743164063 -0.123397827148438
0.00527763366699219 -0.0134878158569336 -0.116592407226562 0.109695434570313
0.0162506103515625 -0.0062103271484375 -0.155929565429688 -0.0368194580078125
0.00696468353271484 0.00511360168457031 -0.05322265625 -0.24981689453125
0.00213527679443359 0.00729751586914063 0.210906982421875 -0.284881591796875
-0.0216293334960937 -0.000936508178710934 0.413543701171875 0.05517578125
-0.0133285522460937 -0.0188465118408203 0.2430419921875 0.4049072265625
0.0134010314941406 -0.0131759643554688 -0.0626220703125 0.300140380859375
0.0194320678710938 0.000156402587890625 0.0220756530761719 0.0245513916015625
0.0133256912231445 -0.00372982025146484 0.082672119140625 -0.320220947265625
0.00268077850341797 -0.0137739181518555 -0.261993408203125 -0.410552978515625
-0.0128669738769531 -0.0106792449951172 -0.449493408203125 0.0169372558593751
-0.00987815856933594 -0.00130176544189453 -0.178924560546875 0.324371337890625
0.00140285491943359 0.00432515144348145 0.0661163330078125 0.25067138671875
0.00836515426635742 0.00695657730102539 0.162612915039063 0.022186279296875
0.0116062164306641 -0.00208377838134766 0.13519287109375 -0.1231689453125
0.0087118148803711 -0.0114355087280273 -0.115127563476563 0.109870910644531
0.017730712890625 -0.00596427917480469 -0.1552734375 -0.0360260009765625
0.00826930999755859 0.00683784484863281 -0.0531768798828125 -0.248062133789063
0.000301361083984374 0.00810670852661133 0.21014404296875 -0.28350830078125
-0.0247974395751953 -0.00240898132324219 0.4129638671875 0.05657958984375
-0.014801025390625 -0.0243606567382813 0.242950439453125 0.40777587890625
0.016448974609375 -0.0203762054443359 -0.06298828125 0.30328369140625
0.0254325866699219 -0.00644874572753906 0.0196590423583984 0.0265426635742188
0.0160093307495117 -0.010798454284668 0.083465576171875 -0.31878662109375
0.000991821289062501 -0.0184993743896484 -0.25897216796875 -0.411163330078125
-0.0164451599121094 -0.0118808746337891 -0.449310302734375 0.015594482421875
-0.0110034942626953 0.000243186950683594 -0.179046630859375 0.325347900390625
0.00258541107177734 0.0061640739440918 0.065643310546875 0.251113891601563
0.0107517242431641 0.00762653350830078 0.162384033203125 0.0224609375
0.0146360397338867 -7.15255737304688E-05 0.133750915527344 -0.123138427734375
0.0112705230712891 -0.010350227355957 -0.114593505859375 0.10992431640625
0.0188331604003906 -0.00570106506347656 -0.155288696289063 -0.033477783203125
0.00911903381347656 0.0079965591430664 -0.0555419921875 -0.2449951171875
-0.000636100769042969 0.00876951217651367 0.20599365234375 -0.282989501953125
-0.0266208648681641 -0.00384140014648438 0.41363525390625 0.05340576171875
-0.0167026519775391 -0.028594970703125 0.248291015625 0.405914306640625
0.0184459686279297 -0.0262680053710938 -0.061767578125 0.30780029296875
0.0302715301513672 -0.0120811462402344 0.0165786743164063 0.0312919616699219
0.0177059173583984 -0.0165576934814453 0.0859375 -0.313140869140625
-0.000118255615234376 -0.0219821929931641 -0.253692626953125 -0.41229248046875
-0.0185985565185547 -0.0126495361328125 -0.45050048828125 0.00952148437499996
-0.012237548828125 0.000678062438964843 -0.184173583984375 0.32403564453125
0.00369977951049805 0.00677490234375 0.0619354248046875 0.254043579101563
0.01220703125 0.00814437866210938 0.1619873046875 0.0242919921875
0.0172910690307617 0.00108146667480469 0.134330749511719 -0.123634338378906
0.0118370056152344 -0.0104637145996094 -0.113021850585938 0.110153198242188
0.0190448760986328 -0.00618934631347656 -0.1556396484375 -0.0299224853515625
0.00947952270507813 0.00791549682617187 -0.0604095458984375 -0.242156982421875
-0.000573158264160156 0.008636474609375 0.19818115234375 -0.286041259765625
-0.0272159576416016 -0.00292015075683593 0.413848876953125 0.04443359375
-0.0176620483398438 -0.0304698944091797 0.258148193359375 0.40216064453125
0.0190906524658203 -0.0296592712402344 -0.05718994140625 0.31439208984375
0.0329494476318359 -0.0151500701904297 0.0123329162597656 0.0379676818847656
0.0193252563476562 -0.0199089050292969 0.0892333984375 -0.307586669921875
0.00061988830566406 -0.0235939025878906 -0.24346923828125 -0.4156494140625
-0.0196285247802734 -0.0129909515380859 -0.45062255859375 0.00109863281250007
-0.0129766464233398 0.000636100769042971 -0.19158935546875 0.323486328125
0.00373697280883789 0.00691938400268555 0.05810546875 0.257553100585938
0.0125389099121094 0.00790119171142578 0.161346435546875 0.02703857421875
0.0181446075439453 0.00192642211914063 0.133682250976563 -0.123321533203125
-0.0101108551025391 -0.0210170745849609 -0.114044189453125 0.113166809082031
0.00712299346923828 -0.0128707885742188 -0.160385131835938 -0.02447509765625
0.000991106033325196 -0.00347447395324707 -0.072784423828125 -0.241165161132813
0.0100793838500977 0.00270748138427734 0.181304931640625 -0.2999267578125
-0.00736904144287109 0.00739860534667969 0.412994384765625 0.0169677734375
-0.00855493545532227 0.000898361206054688 0.276611328125 0.383697509765625
0.00462436676025391 0.00770092010498047 -0.044342041015625 0.3157958984375
3.81469726562507E-05 0.0190906524658203 0.0146446228027344 0.0410995483398438
0.0063934326171875 0.0182723999023438 0.0986328125 -0.306060791015625
0.0116500854492188 0.00492763519287109 -0.232391357421875 -0.429443359375
0.00335693359375 -0.00515842437744141 -0.45831298828125 -0.01678466796875
-0.00345516204833984 -0.00660037994384766 -0.20556640625 0.317840576171875
-0.00272011756896973 -0.00391411781311035 0.0496063232421875 0.264236450195312
0.000129252672195435 -0.000524163246154785 0.15985107421875 0.03289794921875
-0.000832557678222657 -0.00886726379394531 0.136253356933594 -0.125038146972656
-0.00798606872558594 -0.0191898345947266 -0.114845275878906 0.112174987792969
0.00869846343994141 -0.011693000793457 -0.1593017578125 -0.0289154052734375
0.00197315216064453 -0.00178372859954834 -0.0662994384765625 -0.245208740234375
0.00883197784423828 0.00352001190185547 0.19146728515625 -0.296417236328125
-0.0104560852050781 0.0060739517211914 0.413909912109375 0.03045654296875
-0.00928401947021484 -0.00222206115722656 0.266082763671875 0.390869140625
0.0054936408996582 0.0050663948059082 -0.0498046875 0.310089111328125
0.00244617462158203 0.0168972015380859 0.0182304382324219 0.0343704223632813
0.00764751434326172 0.0156803131103516 0.093414306640625 -0.313446044921875
0.0104942321777344 0.00214481353759766 -0.2457275390625 -0.4246826171875
-4.00543212890621E-05 -0.00629758834838867 -0.457244873046875 -0.00628662109375007
-0.00460052490234375 -0.00609874725341797 -0.195526123046875 0.3211669921875
-0.00183677673339844 -0.00213718414306641 0.05621337890625 0.259597778320313
0.00180721282958984 0.00147068500518799 0.160537719726563 0.02850341796875
0.00120782852172852 -0.00746870040893555 0.134681701660156 -0.1248779296875
-0.00404930114746094 -0.0177860260009766 -0.115226745605469 0.111846923828125
0.0111284255981445 -0.00929927825927735 -0.158416748046875 -0.0322265625
0.00389003753662109 0.000104665756225586 -0.0611572265625 -0.248565673828125
0.00676202774047852 0.00429439544677734 0.200225830078125 -0.293304443359375
-0.0142526626586914 0.00383949279785156 0.415313720703125 0.040069580078125
-0.0105628967285156 -0.00696086883544922 0.2567138671875 0.39654541015625
0.0078120231628418 0.000163555145263672 -0.0550537109375 0.304595947265625
0.00690364837646484 0.0125265121459961 0.021209716796875 0.0285434722900391
0.00936031341552734 0.0104799270629883 0.087615966796875 -0.318878173828125
0.008453369140625 -0.00267171859741211 -0.2557373046875 -0.41790771484375
-0.00395059585571289 -0.00788736343383789 -0.454681396484375 0.00723266601562501
-0.00626754760742188 -0.00434494018554688 -0.186370849609375 0.32391357421875
-0.000995337963104248 0.000140964984893799 0.0624237060546875 0.256072998046875
0.00403904914855957 0.00307822227478027 0.16180419921875 0.0248870849609375
0.00419950485229492 -0.00565576553344727 0.134803771972656 -0.125274658203125
0.000235557556152345 -0.0156431198120117 -0.115608215332031 0.111701965332031
0.013671875 -0.00794029235839844 -0.157485961914063 -0.03466796875
0.00544357299804688 0.00316286087036133 -0.0574798583984375 -0.250320434570313
0.00465154647827148 0.00595331192016602 0.206146240234375 -0.2899169921875
-0.0185165405273438 0.0018157958984375 0.415313720703125 0.049652099609375
-0.012298583984375 -0.0121984481811523 0.2506103515625 0.402374267578125
0.0102567672729492 -0.0059967041015625 -0.059051513671875 0.302490234375
0.0129575729370117 0.0069122314453125 0.0228958129882813 0.0252189636230469
0.0110483169555664 0.00331401824951172 0.083343505859375 -0.32196044921875
0.00591373443603516 -0.0081477165222168 -0.263153076171875 -0.414154052734375
-0.00871467590332031 -0.0094757080078125 -0.454071044921875 0.0150451660156251
-0.00837087631225586 -0.00273609161376953 -0.179901123046875 0.325927734375
0.000327110290527344 0.00231647491455078 0.0664825439453125 0.2528076171875
0.00650453567504883 0.00471639633178711 0.162750244140625 0.0218963623046875
0.00789403915405273 -0.00371646881103516 0.134284973144531 -0.125396728515625
0.00423431396484375 -0.013270378112793 -0.115753173828125 0.110580444335938
0.0161838531494141 -0.00667476654052734 -0.156997680664063 -0.0356597900390625
0.00710105895996094 0.00502204895019531 -0.0548095703125 -0.250442504882813
0.00234651565551758 0.00715398788452148 0.209320068359375 -0.28643798828125
-0.0217494964599609 -0.000848770141601558 0.4150390625 0.05401611328125
-0.0137977600097656 -0.0188655853271484 0.246795654296875 0.405517578125
0.0133953094482422 -0.0134639739990234 -0.0618896484375 0.301849365234375
0.0194549560546875 0.0001983642578125 0.0223751068115234 0.0244503021240234
0.0137958526611328 -0.00394821166992187 0.082244873046875 -0.322601318359375
0.00303554534912109 -0.0138359069824219 -0.264984130859375 -0.4095458984375
-0.0133762359619141 -0.0110607147216797 -0.4527587890625 0.01983642578125
-0.00994205474853516 -0.00116157531738281 -0.1768798828125 0.327880859375
0.00162076950073242 0.00433349609375 0.068603515625 0.251602172851563
0.00904750823974609 0.00660037994384766 0.162994384765625 0.0210418701171875
0.0120878219604492 -0.00181293487548828 0.134613037109375 -0.124618530273438
0.00798511505126953 -0.0116176605224609 -0.114570617675781 0.111122131347656
0.0179004669189453 -0.00645256042480469 -0.155517578125 -0.034454345703125
0.00844430923461914 0.00681209564208984 -0.055084228515625 -0.249679565429687
0.00063467025756836 0.00767230987548828 0.20855712890625 -0.285430908203125
-0.0253047943115234 -0.0025787353515625 0.415557861328125 0.055572509765625
-0.0152912139892578 -0.0245285034179688 0.24554443359375 0.40679931640625
0.0162429809570313 -0.0211124420166016 -0.061981201171875 0.30438232421875
0.0256671905517578 -0.00680732727050781 0.0205707550048828 0.0267829895019531
0.0160512924194336 -0.0113401412963867 0.08282470703125 -0.3204345703125
0.000909805297851561 -0.0183734893798828 -0.262786865234375 -0.410125732421875
-0.0171070098876953 -0.0120763778686523 -0.452911376953125 0.0177001953124999
-0.0116186141967773 -0.000372886657714844 -0.177459716796875 0.328155517578125
0.00284862518310547 0.00634145736694336 0.067291259765625 0.252548217773438
0.0110540390014648 0.00787258148193359 0.163238525390625 0.0215301513671875
0.0147762298583984 -0.000262260437011719 0.13372802734375 -0.12481689453125
0.0104436874389648 -0.0107402801513672 -0.114044189453125 0.111129760742187
0.0191707611083984 -0.00606155395507813 -0.155715942382813 -0.0325775146484375
0.00949859619140625 0.00767040252685547 -0.058074951171875 -0.246307373046875
-0.000394821166992187 0.00824689865112305 0.204833984375 -0.28558349609375
-0.0271263122558594 -0.00305938720703125 0.414642333984375 0.05120849609375
-0.0167388916015625 -0.0284881591796875 0.251373291015625 0.40557861328125
0.0182304382324219 -0.0266761779785156 -0.061309814453125 0.30877685546875
0.0301589965820313 -0.0119705200195313 0.0167427062988281 0.0317096710205078
0.0179023742675781 -0.0165386199951172 0.085418701171875 -0.315277099609375
6.67572021484394E-05 -0.0217094421386719 -0.25689697265625 -0.41229248046875
-0.0188255310058594 -0.0127410888671875 -0.452301025390625 0.01214599609375
-0.0124664306640625 0.000914573669433592 -0.1824951171875 0.32733154296875
0.00367355346679688 0.00685214996337891 0.0643310546875 0.255264282226562
0.0120840072631836 0.00796985626220703 0.162872314453125 0.023040771484375
0.0172910690307617 0.00117778778076172 0.134162902832031 -0.125518798828125
0.0115833282470703 -0.010075569152832 -0.112686157226562 0.111541748046875
0.0192070007324219 -0.00658416748046875 -0.156204223632812 -0.0285186767578125
0.00958538055419922 0.00725555419921875 -0.0626678466796875 -0.242446899414063
-0.00073719024658203 0.00874137878417969 0.19720458984375 -0.287841796875
-0.02734375 -0.00296592712402344 0.414794921875 0.041839599609375
-0.0178413391113281 -0.0307083129882813 0.261474609375 0.402618408203125
0.0189056396484375 -0.0303192138671875 -0.056182861328125 0.31561279296875
0.0331249237060547 -0.0151290893554688 0.0127983093261719 0.0384178161621094
0.0197086334228516 -0.0202732086181641 0.08770751953125 -0.309844970703125
4.0054321289064E-05 -0.0238513946533203 -0.2474365234375 -0.416290283203125
-0.0195446014404297 -0.0130596160888672 -0.453369140625 0.00448608398437503
-0.0128803253173828 0.0009002685546875 -0.189727783203125 0.326629638671875
0.00375890731811523 0.0071258544921875 0.0600433349609375 0.258880615234375
0.0130996704101563 0.00764846801757813 0.162017822265625 0.02618408203125
0.0181598663330078 0.00185394287109375 0.133598327636719 -0.124824523925781
-0.0105571746826172 -0.0207118988037109 -0.113624572753906 0.114433288574219
0.00685596466064453 -0.0130424499511719 -0.161117553710938 -0.0234527587890625
0.000884532928466797 -0.00409483909606934 -0.0752105712890625 -0.242599487304688
0.010472297668457 0.00223445892333984 0.179931640625 -0.30255126953125
-0.0076289176940918 0.00758552551269531 0.413726806640625 0.0147705078125
-0.00834274291992188 0.000196456909179689 0.27996826171875 0.3822021484375
0.00488758087158203 0.00769996643066406 -0.0430908203125 0.31695556640625
0.000133514404296876 0.0190448760986328 0.0146331787109375 0.041534423828125
0.00700759887695312 0.0177803039550781 0.0980224609375 -0.307952880859375
0.0120153427124023 0.00488567352294922 -0.236175537109375 -0.430633544921875
0.00297403335571289 -0.00547266006469727 -0.461822509765625 -0.0142211914062501
-0.00359916687011719 -0.00686168670654297 -0.203948974609375 0.320953369140625
-0.00288486480712891 -0.00359129905700684 0.0518798828125 0.265380859375
-2.78353691101074E-05 -0.000574946403503418 0.160369873046875 0.0322723388671875
-0.00111675262451172 -0.00884628295898438 0.135520935058594 -0.127243041992188
-0.00857353210449219 -0.0189533233642578 -0.114158630371094 0.114120483398437
0.00879669189453125 -0.0115413665771484 -0.159881591796875 -0.0280914306640625
0.00197625160217285 -0.00233650207519531 -0.0690765380859375 -0.245956420898438
0.00887870788574219 0.00307750701904297 0.19097900390625 -0.298828125
-0.0104637145996094 0.00651741027832031 0.41619873046875 0.02801513671875
-0.00961971282958984 -0.00213050842285156 0.2696533203125 0.391510009765625
0.00545930862426758 0.00490093231201172 -0.049102783203125 0.311492919921875
0.00226688385009766 0.0170469284057617 0.0187950134277344 0.0345439910888672
0.00770759582519531 0.0156888961791992 0.09246826171875 -0.3155517578125
0.0108432769775391 0.00198459625244141 -0.2491455078125 -0.423980712890625
2.76565551757805E-05 -0.00641536712646484 -0.459869384765625 -0.00173950195312495
-0.00471925735473633 -0.00600242614746094 -0.193756103515625 0.32421875
-0.00180900096893311 -0.00190222263336182 0.05889892578125 0.261199951171875
0.00206780433654785 0.000662326812744141 0.161026000976563 0.0278167724609375
0.00080728530883789 -0.00790834426879883 0.134330749511719 -0.127174377441406
-0.00503730773925781 -0.0178508758544922 -0.114860534667969 0.113143920898438
0.0109500885009766 -0.0104494094848633 -0.159149169921875 -0.0309295654296875
0.00382471084594727 -0.000126123428344727 -0.0640106201171875 -0.2496337890625
0.00712919235229492 0.00413799285888672 0.1981201171875 -0.296173095703125
-0.0146684646606445 0.00446891784667968 0.416595458984375 0.038055419921875
-0.0109262466430664 -0.00661754608154297 0.2596435546875 0.3963623046875
0.00760746002197266 -0.000289440155029297 -0.054351806640625 0.305938720703125
0.00730705261230469 0.0129613876342773 0.0219039916992188 0.0289096832275391
0.00993251800537109 0.00993156433105469 0.086669921875 -0.320526123046875
0.00867033004760742 -0.00287580490112305 -0.259307861328125 -0.41741943359375
-0.00388956069946289 -0.00804519653320313 -0.45819091796875 0.0110473632812499
-0.00654315948486328 -0.00435447692871094 -0.184814453125 0.32769775390625
-0.00106745958328247 1.07288360595694E-06 0.064697265625 0.257034301757813
0.00426220893859863 0.00274896621704102 0.162307739257813 0.0238037109375
0.00441360473632813 -0.00597667694091797 0.134605407714844 -0.127082824707031
-0.000578880310058595 -0.0154142379760742 -0.114715576171875 0.113204956054687
0.0135688781738281 -0.0085611343383789 -0.157928466796875 -0.03363037109375
0.00585746765136719 0.00261640548706055 -0.0599517822265625 -0.2510986328125
0.00483608245849609 0.00531911849975586 0.2041015625 -0.292144775390625
-0.0185604095458984 0.00183677673339843 0.418060302734375 0.047149658203125
-0.0122137069702148 -0.0123434066772461 0.253814697265625 0.40283203125
0.01007080078125 -0.00639057159423828 -0.057708740234375 0.30438232421875
0.0127573013305664 0.00653553009033203 0.02325439453125 0.0253219604492188
0.0118379592895508 0.00319004058837891 0.0826416015625 -0.324127197265625
0.00594329833984375 -0.00824785232543945 -0.266387939453125 -0.4146728515625
-0.00859165191650391 -0.00935459136962891 -0.455413818359375 0.0190124511718749
-0.00860738754272461 -0.0027613639831543 -0.177459716796875 0.329437255859375
0.000384926795959472 0.00213539600372314 0.069122314453125 0.25482177734375
0.00671768188476562 0.00484752655029297 0.162994384765625 0.021240234375
0.00773382186889649 -0.00392246246337891 0.133697509765625 -0.126495361328125
0.00401878356933594 -0.013397216796875 -0.114997863769531 0.112495422363281
0.0162105560302734 -0.00691604614257812 -0.157394409179688 -0.0343017578125
0.00744104385375977 0.00486421585083008 -0.057037353515625 -0.25146484375
0.00225019454956055 0.00679826736450195 0.20806884765625 -0.2900390625
-0.0222053527832031 5.34057617187527E-05 0.416900634765625 0.049530029296875
-0.0140724182128906 -0.0183773040771484 0.24908447265625 0.404541015625
0.0131559371948242 -0.0138874053955078 -0.06024169921875 0.303741455078125
0.0193061828613281 0.000238418579101562 0.0228614807128906 0.0250301361083984
0.0139579772949219 -0.00434780120849609 0.080718994140625 -0.323638916015625
0.0031290054321289 -0.0139808654785156 -0.268951416015625 -0.41058349609375
-0.0133609771728516 -0.0105791091918945 -0.454498291015625 0.02288818359375
-0.0101585388183594 -0.00109481811523438 -0.17535400390625 0.331146240234375
0.0016021728515625 0.00465822219848633 0.0705413818359375 0.252243041992188
0.00955390930175781 0.00627613067626953 0.163955688476563 0.0197906494140625
0.0116462707519531 -0.00210380554199219 0.133995056152344 -0.127098083496094
0.00737571716308594 -0.0114774703979492 -0.113723754882813 0.112541198730469
0.0177249908447266 -0.00623321533203125 -0.15631103515625 -0.03363037109375
0.00876569747924805 0.00647068023681641 -0.05731201171875 -0.249481201171875
0.00026702880859375 0.00736427307128906 0.207000732421875 -0.28851318359375
-0.0257434844970703 -0.00186538696289062 0.416412353515625 0.052520751953125
-0.0154685974121094 -0.0244770050048828 0.249267578125 0.40814208984375
0.0158901214599609 -0.0213565826416016 -0.06109619140625 0.306182861328125
0.0257072448730469 -0.00627899169921875 0.0209007263183594 0.0270347595214844
0.0161066055297852 -0.0115947723388672 0.081787109375 -0.322113037109375
0.00144195556640625 -0.018524169921875 -0.26666259765625 -0.41015625
-0.017207145690918 -0.0115556716918945 -0.454071044921875 0.0210571289062501
-0.0115060806274414 0.00036334991455078 -0.17620849609375 0.33148193359375
0.00300693511962891 0.00586128234863281 0.0695343017578125 0.253326416015625
0.0119075775146484 0.00738811492919922 0.163803100585938 0.02069091796875
0.0152263641357422 -0.000390052795410156 0.133071899414063 -0.126426696777344
0.010279655456543 -0.0105123519897461 -0.113243103027344 0.112648010253906
0.0190830230712891 -0.00644493103027344 -0.156295776367188 -0.0313873291015625
0.00910663604736328 0.0075225830078125 -0.0598602294921875 -0.246841430664063
-0.000214576721191406 0.00821638107299805 0.203094482421875 -0.288909912109375
-0.0272464752197266 -0.0027008056640625 0.41644287109375 0.048919677734375
-0.0165214538574219 -0.0283699035644531 0.2550048828125 0.405303955078125
0.01806640625 -0.0269298553466797 -0.059967041015625 0.310455322265625
0.0304546356201172 -0.0116462707519531 0.0171222686767578 0.0320320129394531
0.0180912017822266 -0.0168495178222656 0.083831787109375 -0.31634521484375
-4.95910644531267E-05 -0.0220184326171875 -0.260498046875 -0.412841796875
-0.0195522308349609 -0.0126056671142578 -0.454437255859375 0.015838623046875
-0.0125856399536133 0.000977516174316403 -0.180908203125 0.330596923828125
0.00394678115844727 0.0070652961730957 0.0665435791015625 0.256134033203125
0.0127887725830078 0.00789451599121094 0.163299560546875 0.0223541259765625
0.0171680450439453 0.000919342041015625 0.133216857910156 -0.126884460449219
0.0109148025512695 -0.0103130340576172 -0.111274719238281 0.11328125
0.0189838409423828 -0.00691413879394531 -0.15673828125 -0.0276947021484375
0.00925636291503906 0.00714302062988281 -0.0645599365234375 -0.243408203125
-0.000566482543945313 0.00823450088500977 0.19573974609375 -0.290985107421875
-0.0281620025634766 -0.00217628479003906 0.416900634765625 0.037872314453125
-0.0182628631591797 -0.0303573608398437 0.263946533203125 0.40264892578125
0.0185317993164063 -0.0305004119873047 -0.055572509765625 0.317291259765625
0.0331325531005859 -0.0158023834228516 0.0132064819335938 0.0381584167480469
0.0197849273681641 -0.0202693939208984 0.0863037109375 -0.310546875
0.000560760498046874 -0.0238399505615234 -0.25146484375 -0.41619873046875
-0.0201091766357422 -0.0129547119140625 -0.45538330078125 0.00805664062500002
-0.0128107070922852 0.000854492187500001 -0.18865966796875 0.329986572265625
0.00453710556030273 0.00695705413818359 0.0620574951171875 0.260208129882813
0.0127239227294922 0.00736236572265625 0.162261962890625 0.0250396728515625
0.0177803039550781 0.00164794921875 0.132835388183594 -0.126907348632813
-0.00013566497579286 0.00490859901846364 -0.155836442416426 -0.0357225756549855
0.000557313297121761 0.00160831319874494 -0.0515611117271459 -0.159797655681156
0.00976836744996916 0.0218237810241826 0.191529317767388 -0.19346993713617
-0.0170672262489852 0.0169826895114939 0.358145512729544 0.0223402997961173
-0.0296663875302432 0.00403990711447066 0.204449600654541 0.390862464188639
-0.0162375687074853 -0.0374589950849816 -0.22816672823234 0.409995835710476
0.0073932533870473 -0.0265618702590077 -0.316523514950722 0.0596684215599184
0.0127237828349865 -0.0145101876161999 -0.0359078750087327 0.0324211610348908
-0.00150841219543335 0.00146120136620758 0.323252608252547 -0.026808978222243
0.0151491248261941 0.00768820935651027 0.261189260701643 -0.391760332851198
0.0160543534130948 0.00560905083035012 -0.198868090111058 -0.436992304763504
0.00872851077779706 -0.00984473024590882 -0.392109010542493 -0.0402964940148853
0.00130783721507425 -0.0144528408242494 -0.193090207064755 0.182666798260919
-0.00883412591063107 -0.00250169835469844 0.0465974833109628 0.154639487616751
-0.0119211557779344 0.0117484552590484 0.175111271539168 0.0333167332206209
-1.50855128264911E-05 0.00232152947814389 -0.156188411494534 -0.0366106062351711
0.00113957934603105 -0.000548650460602535 -0.0470715855245793 -0.160502277797594
0.00980663042717811 0.0205841227348607 0.19869164793467 -0.189797118968796
-0.0166221013574155 0.0174436838386353 0.360545271836083 0.0336895915464002
-0.0288784725044238 0.00543963166183861 0.191385951686125 0.399814152007374
-0.0159211108198447 -0.0350333869906355 -0.23877701521698 0.402323042461446
0.00523508534686403 -0.0253105181673765 -0.31236487465596 0.051761226177463
0.00954329666064195 -0.0146095867599756 -0.0272356778092726 0.0334215991504488
-0.00410253184519094 0.00324472677792895 0.32852801789018 -0.0345471830987328
0.0144716612787789 0.0107205160226474 0.252548485945489 -0.399755306624626
0.0173117296378874 0.00791895132974653 -0.208304565713364 -0.429955228568097
0.0102177437853451 -0.00953568920822251 -0.390457115668879 -0.0300626120196663
0.00179031622816518 -0.0161065654353841 -0.185776930871113 0.185410180810304
-0.00896853317357624 -0.00426119988683622 0.0508573240193842 0.153380729674149
-0.0119716655752224 0.00987744287318022 0.17397924749813 0.0325220752461533
-0.000205769692739938 -0.00156840692002667 -0.156622650644135 -0.0375266568176827
0.00125545234403766 -0.0030916698635166 -0.0442855312177588 -0.161667231515046
0.0101522158742436 0.0179742718797239 0.203597019185758 -0.185955634088641
-0.0145202183006857 0.018668375846505 0.360630724349108 0.0413564507534158
-0.0280171764045092 0.00889110631572318 0.185391748932349 0.405511485164925
-0.0175425556157729 -0.0317845172095365 -0.247661405460835 0.397459208029051
-0.000349156589481262 -0.0246341979484972 -0.309052961353638 0.0466422711247096
0.00322257160638293 -0.0148405591741388 -0.020382501564942 0.0344560924063557
-0.00937489656639375 0.00479238261619663 0.331089534975445 -0.0414879958907959
0.0126466502189426 0.0141941562361212 0.241602569694997 -0.4071592314064
0.0186204464253143 0.0113525650636143 -0.218954374076801 -0.423448878656177
0.0119733657638461 -0.00902986099239803 -0.388116273671932 -0.0203713024881928
0.00174212299425788 -0.0180255709981601 -0.179267829413028 0.188731910149194
-0.00899092377209233 -0.00715146596109754 0.0546543140762066 0.152630572732003
-0.01225194230016 0.00641388801989758 0.174077055937022 0.0323810074492993
-0.00062071987278522 -0.00630275211915499 -0.157108525302758 -0.0375862547457495
0.000539193407370138 -0.00596184491112524 -0.0416743287797189 -0.161003019962118
0.0111768900438438 0.0150467061321759 0.206206313227873 -0.183113959447818
-0.0125157064741781 0.0194893074772821 0.360966261537413 0.0477928126083584
-0.0272922767735461 0.0125880248487328 0.176753569057383 0.410930307557837
-0.0205531849830377 -0.0275330956055367 -0.254312433487151 0.394163562421931
-0.00697083982710061 -0.0235888515516977 -0.307375782444752 0.0428488202423723
-0.00475893013409203 -0.0153140269302892 -0.0156090576128608 0.0349342488358436
-0.0165211861650675 0.00698906460610749 0.332759062669297 -0.0455776091405306
0.0105477333981603 0.0191959358589271 0.236707470291217 -0.411225241798162
0.0207276088042335 0.015803033355048 -0.224754801525137 -0.417024202681201
0.0139235893288275 -0.00914845913827359 -0.38684847899375 -0.0134677024491733
0.00236191550251862 -0.0208586248394359 -0.176030433123989 0.190697394701267
-0.00895470618110017 -0.00992081057128763 0.057003244949535 0.151736682334143
-0.012253567321347 0.00246545760667351 0.17279575086147 0.0312290081081772
-0.00104105457383732 -0.010529130887464 -0.157328066488821 -0.0378451172302945
9.64039042115547E-06 -0.00865246388638341 -0.0409234945739701 -0.160433300297006
0.0118429651188195 0.0128255458825082 0.207354121327581 -0.180501400911407
-0.0103616441856503 0.0205618090908631 0.35999006173294 0.0510210084634788
-0.0259874781909666 0.0168152870618873 0.173217787077102 0.411949241978628
-0.0242121718355205 -0.0227054755966431 -0.257372636222174 0.392149201525609
-0.0147552343485645 -0.0225082813384686 -0.307549227738603 0.0417322672097857
-0.0138286838742193 -0.0156572165135934 -0.0151592540032614 0.0354024429861192
-0.023975684531224 0.00958985134040223 0.332973633104991 -0.0461272503232732
0.00816631977754374 0.0246945479817059 0.233012008484774 -0.411121086488986
0.0219948064593707 0.0193959752964698 -0.228511678027858 -0.414748761866041
0.0162853938875668 -0.00871424765103286 -0.386510029185929 -0.0102521421612755
0.00228692607739599 -0.0228960055614898 -0.173493716502818 0.191595765315645
-0.00907598167087387 -0.0129066133190829 0.0574869031689368 0.15167516562527
-0.0127995515433802 -0.00131554720463818 0.172265778435984 0.0315893575782291
-0.00143178323531407 -0.0146521443955146 -0.157162740400302 -0.0362623836884231
-0.000671459043149747 -0.010677336275053 -0.0424125489839307 -0.159260253467414
0.0127300125475458 0.0104552546267371 0.204713507334666 -0.179932288982774
-0.00835657205471688 0.0213890642094929 0.358272108725301 0.0509035851122569
-0.025149452620987 0.0201897525557679 0.171791086368107 0.412919749470475
-0.0278180314646147 -0.0183412093950007 -0.257971711265407 0.392923991818108
-0.0228491460496073 -0.0217414641302 -0.310274441831548 0.0437547121383016
-0.0217010041951105 -0.0167392956711329 -0.0180246623153743 0.0346473494653643
-0.0317588046903991 0.0109434177387583 0.331606518652402 -0.0440853411321478
0.00490569755244314 0.0294414373089051 0.234348246978949 -0.407477482716181
0.0241475042065811 0.0232730199610483 -0.225409766303301 -0.416006013266519
0.0182508344358296 -0.00814749265043081 -0.388075878240424 -0.0113294871082692
0.00238334905778236 -0.0250932173747238 -0.175661664833009 0.190874975485759
-0.00971820230703423 -0.0151062370685818 0.0569914599601266 0.152066624039116
-0.013005405569701 -0.00445309503224837 0.171358147606185 0.0311500138727183
-0.00209918479713975 -0.016776482608226 -0.157467228915141 -0.0353938235421423
-0.00117419984897615 -0.0120386051089538 -0.0444577594531825 -0.158363290246686
0.0129279872567424 0.00915812914410609 0.20017307387719 -0.180892353771615
-0.0071796827989095 0.0219943624697951 0.356710963904978 0.0473885229734491
-0.0243477602495573 0.0220956616475261 0.175483986980396 0.409465053027298
-0.0304610683441522 -0.014917120390443 -0.253890811527835 0.397183159020832
-0.0289650160366905 -0.0207479526755465 -0.313871924945287 0.0472445151766126
-0.0289579681830427 -0.0174000448270367 -0.0239752856201137 0.0349457736740179
-0.0376184295892015 0.0120768038429876 0.327915585193833 -0.039068125336336
0.00276410428401489 0.032672724688223 0.240168436536842 -0.402415741018215
0.025127765269504 0.025492328323765 -0.220911612478987 -0.418203611805876
0.0199197252540383 -0.00790346727635903 -0.389517983136669 -0.0166955163230828
0.00266041336373184 -0.0262101201211509 -0.17914265679169 0.189818404083001
-0.0101957913330107 -0.0162008559210782 0.055083812402599 0.152335830541704
-0.0130064029122706 -0.00697504230852615 0.171602702432282 0.0305866930854325
-0.00195933126188606 -0.0177952345378183 -0.157151810437063 -0.0338832218224893
-0.00201399984696979 -0.0117486488106448 -0.0475133502808904 -0.156352695817136
0.0132803275261913 0.00880188080586445 0.195703571390423 -0.183446721193566
-0.00635944347268428 0.0217551738351789 0.354623344491689 0.0391402834956689
-0.0234700874110856 0.0236590694182539 0.184802425056355 0.404539725728727
-0.0321112836498033 -0.0125164430362307 -0.247137840729727 0.403486310807813
-0.0328368694452789 -0.0199960423008126 -0.318224620762252 0.0541056100432562
-0.0329462391083687 -0.0172978133316781 -0.0322847957370291 0.0341015532878293
-0.0418502125941181 0.0119335423454627 0.323954663589799 -0.0335508206938529
0.000663060833270297 0.0340960386800218 0.246360467540495 -0.396513622334955
0.0250084301968328 0.0268107634071679 -0.21322283242887 -0.423287651043713
0.020777842746086 -0.00705651967407295 -0.392413079244989 -0.0237592705745562
0.00292539777665438 -0.0270016306276419 -0.184981149169007 0.188193586049038
-0.0105551018873638 -0.0165014302029179 0.0518530922409494 0.153006408234146
-0.0131065163644979 -0.00824424451777152 0.171368120109092 0.0303131539908119
